<?xml version="1.0" encoding="UTF-8"?>
<testsuite xmlns:xsi="http://www.w3.org/2001/XMLSchema-instance" xsi:noNamespaceSchemaLocation="https://maven.apache.org/surefire/maven-surefire-plugin/xsd/surefire-test-report.xsd" version="3.0.2" name="org.apache.hadoop.ozone.client.rpc.TestContainerStateMachineFailures" time="117.812" tests="6" errors="0" skipped="0" failures="1">
  <properties>
    <property name="java.specification.version" value="21"/>
    <property name="sun.jnu.encoding" value="UTF-8"/>
    <property name="java.class.path" value="/home/runner/work/ozone/ozone/hadoop-ozone/integration-test/target/test-classes:/home/runner/work/ozone/ozone/hadoop-ozone/integration-test/target/classes:/home/runner/.m2/repository/ch/qos/reload4j/reload4j/1.2.26/reload4j-1.2.26.jar:/home/runner/.m2/repository/com/fasterxml/jackson/core/jackson-core/2.16.2/jackson-core-2.16.2.jar:/home/runner/.m2/repository/com/fasterxml/jackson/core/jackson-databind/2.16.2/jackson-databind-2.16.2.jar:/home/runner/.m2/repository/com/fasterxml/jackson/core/jackson-annotations/2.16.2/jackson-annotations-2.16.2.jar:/home/runner/.m2/repository/com/github/stephenc/jcip/jcip-annotations/1.0-1/jcip-annotations-1.0-1.jar:/home/runner/.m2/repository/com/google/guava/guava/32.1.3-jre/guava-32.1.3-jre.jar:/home/runner/.m2/repository/com/google/guava/failureaccess/1.0.1/failureaccess-1.0.1.jar:/home/runner/.m2/repository/com/google/guava/listenablefuture/9999.0-empty-to-avoid-conflict-with-guava/listenablefuture-9999.0-empty-to-avoid-conflict-with-guava.jar:/home/runner/.m2/repository/org/checkerframework/checker-qual/3.37.0/checker-qual-3.37.0.jar:/home/runner/.m2/repository/com/google/errorprone/error_prone_annotations/2.29.2/error_prone_annotations-2.29.2.jar:/home/runner/.m2/repository/com/google/j2objc/j2objc-annotations/2.8/j2objc-annotations-2.8.jar:/home/runner/.m2/repository/com/google/protobuf/protobuf-java/2.5.0/protobuf-java-2.5.0.jar:/home/runner/.m2/repository/com/squareup/okhttp3/okhttp/4.12.0/okhttp-4.12.0.jar:/home/runner/.m2/repository/com/squareup/okio/okio/3.6.0/okio-3.6.0.jar:/home/runner/.m2/repository/com/squareup/okio/okio-jvm/3.6.0/okio-jvm-3.6.0.jar:/home/runner/.m2/repository/org/jetbrains/kotlin/kotlin-stdlib-common/1.9.25/kotlin-stdlib-common-1.9.25.jar:/home/runner/.m2/repository/org/jetbrains/kotlin/kotlin-stdlib-jdk8/1.9.25/kotlin-stdlib-jdk8-1.9.25.jar:/home/runner/.m2/repository/org/jetbrains/kotlin/kotlin-stdlib/1.9.25/kotlin-stdlib-1.9.25.jar:/home/runner/.m2/repository/org/jetbrains/annotations/13.0/annotations-13.0.jar:/home/runner/.m2/repository/org/jetbrains/kotlin/kotlin-stdlib-jdk7/1.9.25/kotlin-stdlib-jdk7-1.9.25.jar:/home/runner/.m2/repository/commons-codec/commons-codec/1.18.0/commons-codec-1.18.0.jar:/home/runner/.m2/repository/commons-io/commons-io/2.18.0/commons-io-2.18.0.jar:/home/runner/.m2/repository/commons-validator/commons-validator/1.6/commons-validator-1.6.jar:/home/runner/.m2/repository/commons-beanutils/commons-beanutils/1.11.0/commons-beanutils-1.11.0.jar:/home/runner/.m2/repository/commons-digester/commons-digester/1.8.1/commons-digester-1.8.1.jar:/home/runner/.m2/repository/commons-collections/commons-collections/3.2.2/commons-collections-3.2.2.jar:/home/runner/.m2/repository/info/picocli/picocli/4.7.7/picocli-4.7.7.jar:/home/runner/.m2/repository/jakarta/annotation/jakarta.annotation-api/2.1.1/jakarta.annotation-api-2.1.1.jar:/home/runner/.m2/repository/jakarta/xml/bind/jakarta.xml.bind-api/2.3.3/jakarta.xml.bind-api-2.3.3.jar:/home/runner/.m2/repository/jakarta/activation/jakarta.activation-api/1.2.2/jakarta.activation-api-1.2.2.jar:/home/runner/.m2/repository/javax/servlet/javax.servlet-api/3.1.0/javax.servlet-api-3.1.0.jar:/home/runner/.m2/repository/javax/ws/rs/jsr311-api/1.1.1/jsr311-api-1.1.1.jar:/home/runner/.m2/repository/org/apache/commons/commons-compress/1.27.1/commons-compress-1.27.1.jar:/home/runner/.m2/repository/org/apache/commons/commons-lang3/3.17.0/commons-lang3-3.17.0.jar:/home/runner/.m2/repository/org/apache/commons/commons-text/1.13.1/commons-text-1.13.1.jar:/home/runner/.m2/repository/org/apache/hadoop/hadoop-auth/3.4.1/hadoop-auth-3.4.1.jar:/home/runner/.m2/repository/com/nimbusds/nimbus-jose-jwt/9.40/nimbus-jose-jwt-9.40.jar:/home/runner/.m2/repository/io/dropwizard/metrics/metrics-core/3.2.6/metrics-core-3.2.6.jar:/home/runner/.m2/repository/org/apache/kerby/kerb-core/1.0.1/kerb-core-1.0.1.jar:/home/runner/.m2/repository/org/apache/kerby/kerby-pkix/1.0.1/kerby-pkix-1.0.1.jar:/home/runner/.m2/repository/org/apache/kerby/kerby-asn1/1.0.1/kerby-asn1-1.0.1.jar:/home/runner/.m2/repository/org/apache/kerby/kerb-util/1.0.1/kerb-util-1.0.1.jar:/home/runner/.m2/repository/org/apache/kerby/kerby-config/1.0.1/kerby-config-1.0.1.jar:/home/runner/.m2/repository/org/apache/kerby/kerb-crypto/1.0.1/kerb-crypto-1.0.1.jar:/home/runner/.m2/repository/org/apache/hadoop/thirdparty/hadoop-shaded-guava/1.3.0/hadoop-shaded-guava-1.3.0.jar:/home/runner/.m2/repository/org/apache/hadoop/hadoop-common/3.4.1/hadoop-common-3.4.1.jar:/home/runner/.m2/repository/org/apache/hadoop/thirdparty/hadoop-shaded-protobuf_3_25/1.4.0/hadoop-shaded-protobuf_3_25-1.4.0.jar:/home/runner/.m2/repository/org/apache/hadoop/hadoop-annotations/3.4.1/hadoop-annotations-3.4.1.jar:/home/runner/.m2/repository/commons-cli/commons-cli/1.8.0/commons-cli-1.8.0.jar:/home/runner/.m2/repository/commons-net/commons-net/3.11.1/commons-net-3.11.1.jar:/home/runner/.m2/repository/org/eclipse/jetty/jetty-server/9.4.57.v20241219/jetty-server-9.4.57.v20241219.jar:/home/runner/.m2/repository/org/eclipse/jetty/jetty-io/9.4.57.v20241219/jetty-io-9.4.57.v20241219.jar:/home/runner/.m2/repository/org/eclipse/jetty/jetty-util/9.4.57.v20241219/jetty-util-9.4.57.v20241219.jar:/home/runner/.m2/repository/org/eclipse/jetty/jetty-servlet/9.4.57.v20241219/jetty-servlet-9.4.57.v20241219.jar:/home/runner/.m2/repository/org/eclipse/jetty/jetty-security/9.4.57.v20241219/jetty-security-9.4.57.v20241219.jar:/home/runner/.m2/repository/org/eclipse/jetty/jetty-webapp/9.4.57.v20241219/jetty-webapp-9.4.57.v20241219.jar:/home/runner/.m2/repository/org/eclipse/jetty/jetty-xml/9.4.57.v20241219/jetty-xml-9.4.57.v20241219.jar:/home/runner/.m2/repository/javax/servlet/jsp/jsp-api/2.1/jsp-api-2.1.jar:/home/runner/.m2/repository/org/codehaus/jettison/jettison/1.5.4/jettison-1.5.4.jar:/home/runner/.m2/repository/org/apache/commons/commons-configuration2/2.12.0/commons-configuration2-2.12.0.jar:/home/runner/.m2/repository/com/google/re2j/re2j/1.7/re2j-1.7.jar:/home/runner/.m2/repository/com/google/code/gson/gson/2.10.1/gson-2.10.1.jar:/home/runner/.m2/repository/com/jcraft/jsch/0.1.55/jsch-0.1.55.jar:/home/runner/.m2/repository/io/netty/netty-handler/4.1.119.Final/netty-handler-4.1.119.Final.jar:/home/runner/.m2/repository/io/netty/netty-resolver/4.1.119.Final/netty-resolver-4.1.119.Final.jar:/home/runner/.m2/repository/io/netty/netty-transport-native-epoll/4.1.119.Final/netty-transport-native-epoll-4.1.119.Final.jar:/home/runner/.m2/repository/org/bouncycastle/bcprov-jdk18on/1.81/bcprov-jdk18on-1.81.jar:/home/runner/.m2/repository/org/codehaus/woodstox/stax2-api/4.2.1/stax2-api-4.2.1.jar:/home/runner/.m2/repository/com/fasterxml/woodstox/woodstox-core/5.4.0/woodstox-core-5.4.0.jar:/home/runner/.m2/repository/dnsjava/dnsjava/3.6.1/dnsjava-3.6.1.jar:/home/runner/.m2/repository/org/apache/hadoop/hadoop-common/3.4.1/hadoop-common-3.4.1-tests.jar:/home/runner/.m2/repository/org/apache/commons/commons-math3/3.6.1/commons-math3-3.6.1.jar:/home/runner/.m2/repository/com/sun/jersey/jersey-core/1.19.4/jersey-core-1.19.4.jar:/home/runner/.m2/repository/com/sun/jersey/jersey-servlet/1.19.4/jersey-servlet-1.19.4.jar:/home/runner/.m2/repository/com/github/pjfanning/jersey-json/1.22.0/jersey-json-1.22.0.jar:/home/runner/.m2/repository/com/sun/xml/bind/jaxb-impl/2.2.3-1/jaxb-impl-2.2.3-1.jar:/home/runner/.m2/repository/com/sun/jersey/jersey-server/1.19.4/jersey-server-1.19.4.jar:/home/runner/.m2/repository/org/slf4j/slf4j-reload4j/2.0.17/slf4j-reload4j-2.0.17.jar:/home/runner/.m2/repository/org/apache/avro/avro/1.9.2/avro-1.9.2.jar:/home/runner/.m2/repository/org/apache/curator/curator-client/4.2.0/curator-client-4.2.0.jar:/home/runner/.m2/repository/org/apache/curator/curator-recipes/5.2.0/curator-recipes-5.2.0.jar:/home/runner/.m2/repository/org/apache/curator/curator-framework/4.2.0/curator-framework-4.2.0.jar:/home/runner/.m2/repository/com/google/code/findbugs/jsr305/3.0.2/jsr305-3.0.2.jar:/home/runner/.m2/repository/org/apache/zookeeper/zookeeper/3.8.4/zookeeper-3.8.4.jar:/home/runner/.m2/repository/org/apache/zookeeper/zookeeper-jute/3.8.4/zookeeper-jute-3.8.4.jar:/home/runner/.m2/repository/org/apache/yetus/audience-annotations/0.12.0/audience-annotations-0.12.0.jar:/home/runner/.m2/repository/org/xerial/snappy/snappy-java/1.1.10.7/snappy-java-1.1.10.7.jar:/home/runner/.m2/repository/org/apache/hadoop/hadoop-distcp/3.4.1/hadoop-distcp-3.4.1.jar:/home/runner/.m2/repository/org/apache/hadoop/hadoop-distcp/3.4.1/hadoop-distcp-3.4.1-tests.jar:/home/runner/.m2/repository/org/apache/hadoop/hadoop-hdfs/3.4.1/hadoop-hdfs-3.4.1.jar:/home/runner/.m2/repository/org/eclipse/jetty/jetty-util-ajax/9.4.57.v20241219/jetty-util-ajax-9.4.57.v20241219.jar:/home/runner/.m2/repository/commons-daemon/commons-daemon/1.4.0/commons-daemon-1.4.0.jar:/home/runner/.m2/repository/org/apache/hadoop/hadoop-hdfs/3.4.1/hadoop-hdfs-3.4.1-tests.jar:/home/runner/.m2/repository/io/netty/netty-all/4.1.119.Final/netty-all-4.1.119.Final.jar:/home/runner/.m2/repository/io/netty/netty-codec-dns/4.1.119.Final/netty-codec-dns-4.1.119.Final.jar:/home/runner/.m2/repository/io/netty/netty-codec-haproxy/4.1.119.Final/netty-codec-haproxy-4.1.119.Final.jar:/home/runner/.m2/repository/io/netty/netty-codec-http/4.1.119.Final/netty-codec-http-4.1.119.Final.jar:/home/runner/.m2/repository/io/netty/netty-codec-memcache/4.1.119.Final/netty-codec-memcache-4.1.119.Final.jar:/home/runner/.m2/repository/io/netty/netty-codec-mqtt/4.1.119.Final/netty-codec-mqtt-4.1.119.Final.jar:/home/runner/.m2/repository/io/netty/netty-codec-redis/4.1.119.Final/netty-codec-redis-4.1.119.Final.jar:/home/runner/.m2/repository/io/netty/netty-codec-smtp/4.1.119.Final/netty-codec-smtp-4.1.119.Final.jar:/home/runner/.m2/repository/io/netty/netty-codec-socks/4.1.119.Final/netty-codec-socks-4.1.119.Final.jar:/home/runner/.m2/repository/io/netty/netty-codec-stomp/4.1.119.Final/netty-codec-stomp-4.1.119.Final.jar:/home/runner/.m2/repository/io/netty/netty-codec-xml/4.1.119.Final/netty-codec-xml-4.1.119.Final.jar:/home/runner/.m2/repository/io/netty/netty-handler-ssl-ocsp/4.1.119.Final/netty-handler-ssl-ocsp-4.1.119.Final.jar:/home/runner/.m2/repository/io/netty/netty-resolver-dns/4.1.119.Final/netty-resolver-dns-4.1.119.Final.jar:/home/runner/.m2/repository/io/netty/netty-transport-rxtx/4.1.119.Final/netty-transport-rxtx-4.1.119.Final.jar:/home/runner/.m2/repository/io/netty/netty-transport-sctp/4.1.119.Final/netty-transport-sctp-4.1.119.Final.jar:/home/runner/.m2/repository/io/netty/netty-transport-udt/4.1.119.Final/netty-transport-udt-4.1.119.Final.jar:/home/runner/.m2/repository/io/netty/netty-transport-classes-kqueue/4.1.119.Final/netty-transport-classes-kqueue-4.1.119.Final.jar:/home/runner/.m2/repository/io/netty/netty-resolver-dns-classes-macos/4.1.119.Final/netty-resolver-dns-classes-macos-4.1.119.Final.jar:/home/runner/.m2/repository/io/netty/netty-transport-native-epoll/4.1.119.Final/netty-transport-native-epoll-4.1.119.Final-linux-aarch_64.jar:/home/runner/.m2/repository/io/netty/netty-transport-native-epoll/4.1.119.Final/netty-transport-native-epoll-4.1.119.Final-linux-riscv64.jar:/home/runner/.m2/repository/io/netty/netty-transport-native-kqueue/4.1.119.Final/netty-transport-native-kqueue-4.1.119.Final-osx-x86_64.jar:/home/runner/.m2/repository/io/netty/netty-transport-native-kqueue/4.1.119.Final/netty-transport-native-kqueue-4.1.119.Final-osx-aarch_64.jar:/home/runner/.m2/repository/io/netty/netty-resolver-dns-native-macos/4.1.119.Final/netty-resolver-dns-native-macos-4.1.119.Final-osx-x86_64.jar:/home/runner/.m2/repository/io/netty/netty-resolver-dns-native-macos/4.1.119.Final/netty-resolver-dns-native-macos-4.1.119.Final-osx-aarch_64.jar:/home/runner/.m2/repository/org/fusesource/leveldbjni/leveldbjni-all/1.8/leveldbjni-all-1.8.jar:/home/runner/.m2/repository/org/apache/hadoop/hadoop-hdfs-client/3.4.1/hadoop-hdfs-client-3.4.1.jar:/home/runner/.m2/repository/org/apache/hadoop/hadoop-kms/3.4.1/hadoop-kms-3.4.1.jar:/home/runner/.m2/repository/org/apache/hadoop/hadoop-kms/3.4.1/hadoop-kms-3.4.1-tests.jar:/home/runner/.m2/repository/org/apache/hadoop/hadoop-mapreduce-client-core/3.4.1/hadoop-mapreduce-client-core-3.4.1.jar:/home/runner/.m2/repository/org/apache/hadoop/hadoop-yarn-client/3.4.1/hadoop-yarn-client-3.4.1.jar:/home/runner/.m2/repository/org/eclipse/jetty/websocket/websocket-client/9.4.53.v20231009/websocket-client-9.4.53.v20231009.jar:/home/runner/.m2/repository/org/eclipse/jetty/jetty-client/9.4.57.v20241219/jetty-client-9.4.57.v20241219.jar:/home/runner/.m2/repository/org/eclipse/jetty/websocket/websocket-common/9.4.53.v20231009/websocket-common-9.4.53.v20231009.jar:/home/runner/.m2/repository/org/eclipse/jetty/websocket/websocket-api/9.4.53.v20231009/websocket-api-9.4.53.v20231009.jar:/home/runner/.m2/repository/org/apache/hadoop/hadoop-yarn-api/3.4.1/hadoop-yarn-api-3.4.1.jar:/home/runner/.m2/repository/org/apache/hadoop/hadoop-yarn-common/3.4.1/hadoop-yarn-common-3.4.1.jar:/home/runner/.m2/repository/javax/xml/bind/jaxb-api/2.2.11/jaxb-api-2.2.11.jar:/home/runner/.m2/repository/com/sun/jersey/contribs/jersey-guice/1.19.4/jersey-guice-1.19.4.jar:/home/runner/.m2/repository/com/fasterxml/jackson/module/jackson-module-jaxb-annotations/2.16.2/jackson-module-jaxb-annotations-2.16.2.jar:/home/runner/.m2/repository/com/fasterxml/jackson/jaxrs/jackson-jaxrs-json-provider/2.16.2/jackson-jaxrs-json-provider-2.16.2.jar:/home/runner/.m2/repository/com/google/inject/extensions/guice-servlet/6.0.0/guice-servlet-6.0.0.jar:/home/runner/.m2/repository/org/apache/hadoop/hadoop-mapreduce-client-jobclient/3.4.1/hadoop-mapreduce-client-jobclient-3.4.1.jar:/home/runner/.m2/repository/org/apache/hadoop/hadoop-mapreduce-client-common/3.4.1/hadoop-mapreduce-client-common-3.4.1.jar:/home/runner/.m2/repository/org/apache/hadoop/hadoop-minikdc/3.4.1/hadoop-minikdc-3.4.1.jar:/home/runner/.m2/repository/org/apache/kerby/kerb-simplekdc/2.0.3/kerb-simplekdc-2.0.3.jar:/home/runner/.m2/repository/org/apache/kerby/kerb-client/2.0.3/kerb-client-2.0.3.jar:/home/runner/.m2/repository/org/apache/kerby/kerb-common/2.0.3/kerb-common-2.0.3.jar:/home/runner/.m2/repository/org/apache/kerby/token-provider/2.0.3/token-provider-2.0.3.jar:/home/runner/.m2/repository/org/apache/kerby/kerb-admin/2.0.3/kerb-admin-2.0.3.jar:/home/runner/.m2/repository/org/apache/kerby/kerb-server/2.0.3/kerb-server-2.0.3.jar:/home/runner/.m2/repository/org/apache/kerby/kerb-identity/2.0.3/kerb-identity-2.0.3.jar:/home/runner/.m2/repository/org/apache/kerby/kerby-xdr/2.0.3/kerby-xdr-2.0.3.jar:/home/runner/.m2/repository/junit/junit/4.13.2/junit-4.13.2.jar:/home/runner/.m2/repository/org/hamcrest/hamcrest-core/1.3/hamcrest-core-1.3.jar:/home/runner/.m2/repository/org/apache/httpcomponents/httpclient/4.5.14/httpclient-4.5.14.jar:/home/runner/.m2/repository/org/apache/httpcomponents/httpcore/4.4.16/httpcore-4.4.16.jar:/home/runner/.m2/repository/org/apache/kerby/kerby-util/1.0.1/kerby-util-1.0.1.jar:/home/runner/work/ozone/ozone/hadoop-hdds/client/target/hdds-client-2.1.0-SNAPSHOT.jar:/home/runner/.m2/repository/io/opentracing/opentracing-api/0.33.0/opentracing-api-0.33.0.jar:/home/runner/.m2/repository/io/opentracing/opentracing-util/0.33.0/opentracing-util-0.33.0.jar:/home/runner/.m2/repository/io/opentracing/opentracing-noop/0.33.0/opentracing-noop-0.33.0.jar:/home/runner/work/ozone/ozone/hadoop-hdds/erasurecode/target/hdds-erasurecode-2.1.0-SNAPSHOT.jar:/home/runner/work/ozone/ozone/hadoop-hdds/common/target/hdds-common-2.1.0-SNAPSHOT.jar:/home/runner/.m2/repository/com/fasterxml/jackson/datatype/jackson-datatype-jsr310/2.16.2/jackson-datatype-jsr310-2.16.2.jar:/home/runner/.m2/repository/io/jaegertracing/jaeger-core/1.8.1/jaeger-core-1.8.1.jar:/home/runner/.m2/repository/org/apache/ratis/ratis-netty/3.2.0/ratis-netty-3.2.0.jar:/home/runner/.m2/repository/org/yaml/snakeyaml/2.0/snakeyaml-2.0.jar:/home/runner/.m2/repository/io/jaegertracing/jaeger-client/1.8.1/jaeger-client-1.8.1.jar:/home/runner/.m2/repository/io/jaegertracing/jaeger-thrift/1.8.1/jaeger-thrift-1.8.1.jar:/home/runner/.m2/repository/org/apache/thrift/libthrift/0.15.0/libthrift-0.15.0.jar:/home/runner/.m2/repository/io/jaegertracing/jaeger-tracerresolver/1.8.1/jaeger-tracerresolver-1.8.1.jar:/home/runner/.m2/repository/io/opentracing/contrib/opentracing-tracerresolver/0.1.8/opentracing-tracerresolver-0.1.8.jar:/home/runner/.m2/repository/org/apache/ratis/ratis-metrics-dropwizard3/3.2.0/ratis-metrics-dropwizard3-3.2.0.jar:/home/runner/.m2/repository/org/slf4j/jcl-over-slf4j/2.0.17/jcl-over-slf4j-2.0.17.jar:/home/runner/work/ozone/ozone/hadoop-hdds/common/target/hdds-common-2.1.0-SNAPSHOT-tests.jar:/home/runner/work/ozone/ozone/hadoop-hdds/config/target/hdds-config-2.1.0-SNAPSHOT.jar:/home/runner/work/ozone/ozone/hadoop-hdds/container-service/target/hdds-container-service-2.1.0-SNAPSHOT.jar:/home/runner/.m2/repository/io/netty/netty-buffer/4.1.119.Final/netty-buffer-4.1.119.Final.jar:/home/runner/.m2/repository/io/netty/netty-codec/4.1.119.Final/netty-codec-4.1.119.Final.jar:/home/runner/.m2/repository/io/netty/netty-common/4.1.119.Final/netty-common-4.1.119.Final.jar:/home/runner/.m2/repository/io/netty/netty-transport/4.1.119.Final/netty-transport-4.1.119.Final.jar:/home/runner/.m2/repository/org/apache/logging/log4j/log4j-api/2.25.0/log4j-api-2.25.0.jar:/home/runner/.m2/repository/com/github/luben/zstd-jni/1.5.7-4/zstd-jni-1.5.7-4.jar:/home/runner/.m2/repository/log4j/apache-log4j-extras/1.2.17/apache-log4j-extras-1.2.17.jar:/home/runner/.m2/repository/org/glassfish/jaxb/jaxb-runtime/2.3.9/jaxb-runtime-2.3.9.jar:/home/runner/.m2/repository/org/glassfish/jaxb/txw2/2.3.9/txw2-2.3.9.jar:/home/runner/.m2/repository/com/sun/istack/istack-commons-runtime/3.0.12/istack-commons-runtime-3.0.12.jar:/home/runner/.m2/repository/com/sun/activation/jakarta.activation/1.2.2/jakarta.activation-1.2.2.jar:/home/runner/work/ozone/ozone/hadoop-hdds/container-service/target/hdds-container-service-2.1.0-SNAPSHOT-tests.jar:/home/runner/work/ozone/ozone/hadoop-hdds/interface-admin/target/hdds-interface-admin-2.1.0-SNAPSHOT.jar:/home/runner/work/ozone/ozone/hadoop-hdds/interface-client/target/hdds-interface-client-2.1.0-SNAPSHOT.jar:/home/runner/work/ozone/ozone/hadoop-hdds/interface-server/target/hdds-interface-server-2.1.0-SNAPSHOT.jar:/home/runner/work/ozone/ozone/hadoop-hdds/managed-rocksdb/target/hdds-managed-rocksdb-2.1.0-SNAPSHOT.jar:/home/runner/work/ozone/ozone/hadoop-hdds/rocks-native/target/hdds-rocks-native-2.1.0-SNAPSHOT.jar:/home/runner/work/ozone/ozone/hadoop-hdds/framework/target/hdds-server-framework-2.1.0-SNAPSHOT.jar:/home/runner/.m2/repository/com/github/jnr/jnr-constants/0.10.4/jnr-constants-0.10.4.jar:/home/runner/.m2/repository/com/github/jnr/jnr-posix/3.1.20/jnr-posix-3.1.20.jar:/home/runner/.m2/repository/com/github/jnr/jnr-ffi/2.2.17/jnr-ffi-2.2.17.jar:/home/runner/.m2/repository/com/github/jnr/jffi/1.3.13/jffi-1.3.13.jar:/home/runner/.m2/repository/com/github/jnr/jffi/1.3.13/jffi-1.3.13-native.jar:/home/runner/.m2/repository/org/ow2/asm/asm/9.7.1/asm-9.7.1.jar:/home/runner/.m2/repository/org/ow2/asm/asm-commons/9.7.1/asm-commons-9.7.1.jar:/home/runner/.m2/repository/org/ow2/asm/asm-analysis/9.7.1/asm-analysis-9.7.1.jar:/home/runner/.m2/repository/org/ow2/asm/asm-tree/9.7.1/asm-tree-9.7.1.jar:/home/runner/.m2/repository/org/ow2/asm/asm-util/9.7.1/asm-util-9.7.1.jar:/home/runner/.m2/repository/com/github/jnr/jnr-a64asm/1.0.0/jnr-a64asm-1.0.0.jar:/home/runner/.m2/repository/com/github/jnr/jnr-x86asm/1.0.2/jnr-x86asm-1.0.2.jar:/home/runner/.m2/repository/commons-fileupload/commons-fileupload/1.5/commons-fileupload-1.5.jar:/home/runner/.m2/repository/io/grpc/grpc-api/1.71.0/grpc-api-1.71.0.jar:/home/runner/.m2/repository/io/prometheus/simpleclient/0.16.0/simpleclient-0.16.0.jar:/home/runner/.m2/repository/io/prometheus/simpleclient_common/0.16.0/simpleclient_common-0.16.0.jar:/home/runner/.m2/repository/io/prometheus/simpleclient_dropwizard/0.16.0/simpleclient_dropwizard-0.16.0.jar:/home/runner/.m2/repository/jakarta/ws/rs/jakarta.ws.rs-api/2.1.6/jakarta.ws.rs-api-2.1.6.jar:/home/runner/.m2/repository/org/eclipse/jetty/jetty-http/9.4.57.v20241219/jetty-http-9.4.57.v20241219.jar:/home/runner/.m2/repository/org/glassfish/jersey/containers/jersey-container-servlet-core/2.47/jersey-container-servlet-core-2.47.jar:/home/runner/.m2/repository/org/glassfish/jersey/core/jersey-server/2.47/jersey-server-2.47.jar:/home/runner/.m2/repository/org/glassfish/jersey/core/jersey-client/2.47/jersey-client-2.47.jar:/home/runner/.m2/repository/com/lmax/disruptor/3.4.4/disruptor-3.4.4.jar:/home/runner/.m2/repository/org/apache/logging/log4j/log4j-core/2.25.0/log4j-core-2.25.0.jar:/home/runner/work/ozone/ozone/hadoop-hdds/framework/target/hdds-server-framework-2.1.0-SNAPSHOT-tests.jar:/home/runner/work/ozone/ozone/hadoop-hdds/server-scm/target/hdds-server-scm-2.1.0-SNAPSHOT.jar:/home/runner/work/ozone/ozone/hadoop-hdds/server-scm/target/hdds-server-scm-2.1.0-SNAPSHOT-tests.jar:/home/runner/work/ozone/ozone/hadoop-hdds/test-utils/target/hdds-test-utils-2.1.0-SNAPSHOT-tests.jar:/home/runner/work/ozone/ozone/hadoop-ozone/cli-admin/target/ozone-cli-admin-2.1.0-SNAPSHOT.jar:/home/runner/work/ozone/ozone/hadoop-ozone/cli-shell/target/ozone-cli-shell-2.1.0-SNAPSHOT.jar:/home/runner/.m2/repository/info/picocli/picocli-shell-jline3/4.7.7/picocli-shell-jline3-4.7.7.jar:/home/runner/.m2/repository/org/jline/jline/3.30.4/jline-3.30.4.jar:/home/runner/work/ozone/ozone/hadoop-ozone/client/target/ozone-client-2.1.0-SNAPSHOT.jar:/home/runner/work/ozone/ozone/hadoop-ozone/common/target/ozone-common-2.1.0-SNAPSHOT.jar:/home/runner/.m2/repository/io/grpc/grpc-netty/1.71.0/grpc-netty-1.71.0.jar:/home/runner/.m2/repository/org/codehaus/mojo/animal-sniffer-annotations/1.24/animal-sniffer-annotations-1.24.jar:/home/runner/.m2/repository/io/grpc/grpc-core/1.71.0/grpc-core-1.71.0.jar:/home/runner/.m2/repository/com/google/android/annotations/4.1.1.4/annotations-4.1.1.4.jar:/home/runner/.m2/repository/io/grpc/grpc-context/1.71.0/grpc-context-1.71.0.jar:/home/runner/.m2/repository/io/perfmark/perfmark-api/0.27.0/perfmark-api-0.27.0.jar:/home/runner/.m2/repository/io/grpc/grpc-util/1.71.0/grpc-util-1.71.0.jar:/home/runner/.m2/repository/io/netty/netty-codec-http2/4.1.119.Final/netty-codec-http2-4.1.119.Final.jar:/home/runner/.m2/repository/io/netty/netty-handler-proxy/4.1.119.Final/netty-handler-proxy-4.1.119.Final.jar:/home/runner/.m2/repository/io/netty/netty-tcnative-boringssl-static/2.0.70.Final/netty-tcnative-boringssl-static-2.0.70.Final.jar:/home/runner/.m2/repository/io/netty/netty-tcnative-classes/2.0.70.Final/netty-tcnative-classes-2.0.70.Final.jar:/home/runner/.m2/repository/io/netty/netty-tcnative-boringssl-static/2.0.70.Final/netty-tcnative-boringssl-static-2.0.70.Final-linux-x86_64.jar:/home/runner/.m2/repository/io/netty/netty-tcnative-boringssl-static/2.0.70.Final/netty-tcnative-boringssl-static-2.0.70.Final-linux-aarch_64.jar:/home/runner/.m2/repository/io/netty/netty-tcnative-boringssl-static/2.0.70.Final/netty-tcnative-boringssl-static-2.0.70.Final-osx-x86_64.jar:/home/runner/.m2/repository/io/netty/netty-tcnative-boringssl-static/2.0.70.Final/netty-tcnative-boringssl-static-2.0.70.Final-osx-aarch_64.jar:/home/runner/.m2/repository/io/netty/netty-tcnative-boringssl-static/2.0.70.Final/netty-tcnative-boringssl-static-2.0.70.Final-windows-x86_64.jar:/home/runner/work/ozone/ozone/hadoop-ozone/csi/target/ozone-csi-2.1.0-SNAPSHOT.jar:/home/runner/.m2/repository/io/grpc/grpc-protobuf/1.71.0/grpc-protobuf-1.71.0.jar:/home/runner/.m2/repository/com/google/api/grpc/proto-google-common-protos/2.51.0/proto-google-common-protos-2.51.0.jar:/home/runner/.m2/repository/io/grpc/grpc-protobuf-lite/1.71.0/grpc-protobuf-lite-1.71.0.jar:/home/runner/.m2/repository/io/grpc/grpc-stub/1.71.0/grpc-stub-1.71.0.jar:/home/runner/.m2/repository/io/netty/netty-transport-classes-epoll/4.1.119.Final/netty-transport-classes-epoll-4.1.119.Final.jar:/home/runner/.m2/repository/io/netty/netty-transport-native-unix-common/4.1.119.Final/netty-transport-native-unix-common-4.1.119.Final.jar:/home/runner/.m2/repository/io/netty/netty-transport-native-epoll/4.1.119.Final/netty-transport-native-epoll-4.1.119.Final-linux-x86_64.jar:/home/runner/work/ozone/ozone/hadoop-ozone/ozonefs/target/ozone-filesystem-2.1.0-SNAPSHOT.jar:/home/runner/work/ozone/ozone/hadoop-ozone/ozonefs-common/target/ozone-filesystem-common-2.1.0-SNAPSHOT.jar:/home/runner/work/ozone/ozone/hadoop-ozone/freon/target/ozone-freon-2.1.0-SNAPSHOT.jar:/home/runner/.m2/repository/com/amazonaws/aws-java-sdk-core/1.12.661/aws-java-sdk-core-1.12.661.jar:/home/runner/.m2/repository/com/fasterxml/jackson/dataformat/jackson-dataformat-cbor/2.16.2/jackson-dataformat-cbor-2.16.2.jar:/home/runner/.m2/repository/joda-time/joda-time/2.12.7/joda-time-2.12.7.jar:/home/runner/.m2/repository/com/amazonaws/aws-java-sdk-s3/1.12.661/aws-java-sdk-s3-1.12.661.jar:/home/runner/.m2/repository/com/amazonaws/aws-java-sdk-kms/1.12.661/aws-java-sdk-kms-1.12.661.jar:/home/runner/.m2/repository/com/amazonaws/jmespath-java/1.12.661/jmespath-java-1.12.661.jar:/home/runner/work/ozone/ozone/hadoop-ozone/interface-client/target/ozone-interface-client-2.1.0-SNAPSHOT.jar:/home/runner/work/ozone/ozone/hadoop-ozone/interface-storage/target/ozone-interface-storage-2.1.0-SNAPSHOT.jar:/home/runner/work/ozone/ozone/hadoop-ozone/ozone-manager/target/ozone-manager-2.1.0-SNAPSHOT.jar:/home/runner/.m2/repository/com/sun/jersey/jersey-client/1.19.4/jersey-client-1.19.4.jar:/home/runner/.m2/repository/org/apache/ranger/ranger-plugins-common/2.6.0/ranger-plugins-common-2.6.0.jar:/home/runner/.m2/repository/com/fasterxml/jackson/jaxrs/jackson-jaxrs-base/2.16.2/jackson-jaxrs-base-2.16.2.jar:/home/runner/.m2/repository/com/kstruct/gethostname4j/1.0.0/gethostname4j-1.0.0.jar:/home/runner/.m2/repository/commons-lang/commons-lang/2.6/commons-lang-2.6.jar:/home/runner/.m2/repository/net/java/dev/jna/jna/5.2.0/jna-5.2.0.jar:/home/runner/.m2/repository/net/java/dev/jna/jna-platform/5.2.0/jna-platform-5.2.0.jar:/home/runner/.m2/repository/org/apache/ranger/ranger-plugin-classloader/2.6.0/ranger-plugin-classloader-2.6.0.jar:/home/runner/.m2/repository/org/apache/ranger/ranger-plugins-audit/2.6.0/ranger-plugins-audit-2.6.0.jar:/home/runner/.m2/repository/com/amazonaws/aws-java-sdk-logs/1.12.765/aws-java-sdk-logs-1.12.765.jar:/home/runner/.m2/repository/com/carrotsearch/hppc/0.8.0/hppc-0.8.0.jar:/home/runner/.m2/repository/io/airlift/aircompressor/0.27/aircompressor-0.27.jar:/home/runner/.m2/repository/org/apache/httpcomponents/httpasyncclient/4.1.4/httpasyncclient-4.1.4.jar:/home/runner/.m2/repository/org/apache/httpcomponents/httpcore-nio/4.4.16/httpcore-nio-4.4.16.jar:/home/runner/.m2/repository/org/apache/httpcomponents/httpmime/4.5.13/httpmime-4.5.13.jar:/home/runner/.m2/repository/org/apache/orc/orc-core/1.5.8/orc-core-1.5.8.jar:/home/runner/.m2/repository/org/apache/orc/orc-shims/1.5.8/orc-shims-1.5.8.jar:/home/runner/.m2/repository/org/apache/ranger/ranger-plugins-cred/2.6.0/ranger-plugins-cred-2.6.0.jar:/home/runner/.m2/repository/org/aspectj/aspectjrt/1.9.7/aspectjrt-1.9.7.jar:/home/runner/work/ozone/ozone/hadoop-ozone/ozone-manager/target/ozone-manager-2.1.0-SNAPSHOT-tests.jar:/home/runner/work/ozone/ozone/hadoop-ozone/mini-cluster/target/ozone-mini-cluster-2.1.0-SNAPSHOT.jar:/home/runner/work/ozone/ozone/hadoop-ozone/recon/target/ozone-recon-2.1.0-SNAPSHOT.jar:/home/runner/.m2/repository/aopalliance/aopalliance/1.0/aopalliance-1.0.jar:/home/runner/.m2/repository/com/google/inject/guice/6.0.0/guice-6.0.0.jar:/home/runner/.m2/repository/jakarta/inject/jakarta.inject-api/2.0.1/jakarta.inject-api-2.0.1.jar:/home/runner/.m2/repository/com/jolbox/bonecp/0.8.0.RELEASE/bonecp-0.8.0.RELEASE.jar:/home/runner/.m2/repository/jakarta/validation/jakarta.validation-api/2.0.2/jakarta.validation-api-2.0.2.jar:/home/runner/.m2/repository/javax/annotation/javax.annotation-api/1.3.2/javax.annotation-api-1.3.2.jar:/home/runner/.m2/repository/javax/inject/javax.inject/1/javax.inject-1.jar:/home/runner/.m2/repository/org/apache/derby/derby/10.14.2.0/derby-10.14.2.0.jar:/home/runner/.m2/repository/org/glassfish/hk2/guice-bridge/2.6.1/guice-bridge-2.6.1.jar:/home/runner/.m2/repository/org/glassfish/hk2/hk2-api/2.6.1/hk2-api-2.6.1.jar:/home/runner/.m2/repository/org/glassfish/hk2/hk2-utils/2.6.1/hk2-utils-2.6.1.jar:/home/runner/.m2/repository/org/glassfish/hk2/external/aopalliance-repackaged/2.6.1/aopalliance-repackaged-2.6.1.jar:/home/runner/.m2/repository/org/glassfish/jersey/core/jersey-common/2.47/jersey-common-2.47.jar:/home/runner/.m2/repository/org/glassfish/hk2/osgi-resource-locator/1.0.3/osgi-resource-locator-1.0.3.jar:/home/runner/.m2/repository/org/jooq/jooq/3.11.10/jooq-3.11.10.jar:/home/runner/.m2/repository/org/springframework/spring-core/5.3.39/spring-core-5.3.39.jar:/home/runner/.m2/repository/org/springframework/spring-jdbc/5.3.39/spring-jdbc-5.3.39.jar:/home/runner/.m2/repository/org/springframework/spring-beans/5.3.39/spring-beans-5.3.39.jar:/home/runner/.m2/repository/org/springframework/spring-tx/5.3.39/spring-tx-5.3.39.jar:/home/runner/.m2/repository/org/xerial/sqlite-jdbc/3.50.2.0/sqlite-jdbc-3.50.2.0.jar:/home/runner/.m2/repository/com/google/inject/extensions/guice-assistedinject/6.0.0/guice-assistedinject-6.0.0.jar:/home/runner/.m2/repository/org/glassfish/hk2/external/jakarta.inject/2.6.1/jakarta.inject-2.6.1.jar:/home/runner/.m2/repository/org/glassfish/jersey/inject/jersey-hk2/2.47/jersey-hk2-2.47.jar:/home/runner/.m2/repository/org/glassfish/hk2/hk2-locator/2.6.1/hk2-locator-2.6.1.jar:/home/runner/.m2/repository/org/glassfish/jersey/media/jersey-media-jaxb/2.47/jersey-media-jaxb-2.47.jar:/home/runner/.m2/repository/org/glassfish/jersey/media/jersey-media-json-jackson/2.47/jersey-media-json-jackson-2.47.jar:/home/runner/.m2/repository/org/glassfish/jersey/ext/jersey-entity-filtering/2.47/jersey-entity-filtering-2.47.jar:/home/runner/work/ozone/ozone/hadoop-ozone/recon-codegen/target/ozone-reconcodegen-2.1.0-SNAPSHOT.jar:/home/runner/.m2/repository/org/jooq/jooq-codegen/3.11.10/jooq-codegen-3.11.10.jar:/home/runner/.m2/repository/org/jooq/jooq-meta/3.11.10/jooq-meta-3.11.10.jar:/home/runner/work/ozone/ozone/hadoop-ozone/s3gateway/target/ozone-s3gateway-2.1.0-SNAPSHOT.jar:/home/runner/work/ozone/ozone/hadoop-ozone/tools/target/ozone-tools-2.1.0-SNAPSHOT.jar:/home/runner/.m2/repository/com/github/vlsi/mxgraph/jgraphx/3.9.12/jgraphx-3.9.12.jar:/home/runner/.m2/repository/org/apache/ratis/ratis-shell/3.2.0/ratis-shell-3.2.0.jar:/home/runner/.m2/repository/org/apache/ratis/ratis-tools/3.2.0/ratis-tools-3.2.0.jar:/home/runner/.m2/repository/org/jgrapht/jgrapht-core/1.4.0/jgrapht-core-1.4.0.jar:/home/runner/.m2/repository/org/jheaps/jheaps/0.11/jheaps-0.11.jar:/home/runner/.m2/repository/org/jgrapht/jgrapht-ext/1.4.0/jgrapht-ext-1.4.0.jar:/home/runner/work/ozone/ozone/hadoop-hdds/rocksdb-checkpoint-differ/target/rocksdb-checkpoint-differ-2.1.0-SNAPSHOT.jar:/home/runner/.m2/repository/org/apache/ranger/ranger-intg/2.6.0/ranger-intg-2.6.0.jar:/home/runner/.m2/repository/org/apache/ratis/ratis-client/3.2.0/ratis-client-3.2.0.jar:/home/runner/.m2/repository/org/apache/ratis/ratis-common/3.2.0/ratis-common-3.2.0.jar:/home/runner/.m2/repository/org/apache/ratis/ratis-grpc/3.2.0/ratis-grpc-3.2.0.jar:/home/runner/.m2/repository/org/apache/ratis/ratis-metrics-api/3.2.0/ratis-metrics-api-3.2.0.jar:/home/runner/.m2/repository/org/apache/ratis/ratis-proto/3.2.0/ratis-proto-3.2.0.jar:/home/runner/.m2/repository/org/apache/ratis/ratis-server/3.2.0/ratis-server-3.2.0.jar:/home/runner/.m2/repository/org/apache/ratis/ratis-server-api/3.2.0/ratis-server-api-3.2.0.jar:/home/runner/.m2/repository/org/apache/ratis/ratis-thirdparty-misc/1.0.9/ratis-thirdparty-misc-1.0.9.jar:/home/runner/.m2/repository/org/bouncycastle/bcpkix-jdk18on/1.81/bcpkix-jdk18on-1.81.jar:/home/runner/.m2/repository/org/bouncycastle/bcutil-jdk18on/1.81/bcutil-jdk18on-1.81.jar:/home/runner/.m2/repository/org/hamcrest/hamcrest/2.2/hamcrest-2.2.jar:/home/runner/.m2/repository/org/reflections/reflections/0.10.2/reflections-0.10.2.jar:/home/runner/.m2/repository/org/javassist/javassist/3.30.2-GA/javassist-3.30.2-GA.jar:/home/runner/.m2/repository/org/rocksdb/rocksdbjni/7.7.3/rocksdbjni-7.7.3.jar:/home/runner/.m2/repository/org/slf4j/jul-to-slf4j/2.0.17/jul-to-slf4j-2.0.17.jar:/home/runner/.m2/repository/org/slf4j/slf4j-api/2.0.17/slf4j-api-2.0.17.jar:/home/runner/.m2/repository/org/assertj/assertj-core/3.27.3/assertj-core-3.27.3.jar:/home/runner/.m2/repository/net/bytebuddy/byte-buddy/1.15.11/byte-buddy-1.15.11.jar:/home/runner/.m2/repository/org/junit/jupiter/junit-jupiter-api/5.13.3/junit-jupiter-api-5.13.3.jar:/home/runner/.m2/repository/org/opentest4j/opentest4j/1.3.0/opentest4j-1.3.0.jar:/home/runner/.m2/repository/org/junit/platform/junit-platform-commons/1.13.3/junit-platform-commons-1.13.3.jar:/home/runner/.m2/repository/org/apiguardian/apiguardian-api/1.1.2/apiguardian-api-1.1.2.jar:/home/runner/.m2/repository/org/junit/jupiter/junit-jupiter-params/5.13.3/junit-jupiter-params-5.13.3.jar:/home/runner/.m2/repository/org/mockito/mockito-core/4.11.0/mockito-core-4.11.0.jar:/home/runner/.m2/repository/net/bytebuddy/byte-buddy-agent/1.12.19/byte-buddy-agent-1.12.19.jar:/home/runner/.m2/repository/org/objenesis/objenesis/3.3/objenesis-3.3.jar:/home/runner/.m2/repository/org/mockito/mockito-inline/4.11.0/mockito-inline-4.11.0.jar:/home/runner/.m2/repository/org/mockito/mockito-junit-jupiter/4.11.0/mockito-junit-jupiter-4.11.0.jar:/home/runner/work/ozone/ozone/hadoop-ozone/integration-test/target/gradle-enterprise/test-listeners.jar:"/>
    <property name="java.vm.vendor" value="Eclipse Adoptium"/>
    <property name="sun.arch.data.model" value="64"/>
    <property name="test.build.dir" value="/home/runner/work/ozone/ozone/hadoop-ozone/integration-test/target/test-dir"/>
    <property name="test.cache.data" value=""/>
    <property name="java.vendor.url" value="https://adoptium.net/"/>
    <property name="user.timezone" value="Etc/UTC"/>
    <property name="maven-surefire-plugin.argLineAccessArgs" value=" --add-opens java.management/com.sun.jmx.mbeanserver=ALL-UNNAMED --add-exports java.management/com.sun.jmx.mbeanserver=ALL-UNNAMED --add-opens java.base/java.nio=ALL-UNNAMED --add-opens java.base/java.lang=ALL-UNNAMED --add-opens java.base/java.lang.reflect=ALL-UNNAMED"/>
    <property name="os.name" value="Linux"/>
    <property name="java.vm.specification.version" value="21"/>
    <property name="test.build.data" value="/home/runner/work/ozone/ozone/hadoop-ozone/integration-test/target/test-dir"/>
    <property name="sun.java.launcher" value="SUN_STANDARD"/>
    <property name="sun.boot.library.path" value="/usr/lib/jvm/temurin-21-jdk-amd64/lib"/>
    <property name="sun.java.command" value="/home/runner/work/ozone/ozone/hadoop-ozone/integration-test/target/surefire/surefirebooter-20250719060159681_154.jar /home/runner/work/ozone/ozone/hadoop-ozone/integration-test/target/surefire 2025-07-19T05-57-51_327-jvmRun1 surefire-20250719060159681_152tmp surefire_24-20250719060159681_153tmp"/>
    <property name="jdk.debug" value="release"/>
    <property name="native.lib.tmp.dir" value="/tmp"/>
    <property name="surefire.test.class.path" value="/home/runner/work/ozone/ozone/hadoop-ozone/integration-test/target/test-classes:/home/runner/work/ozone/ozone/hadoop-ozone/integration-test/target/classes:/home/runner/.m2/repository/ch/qos/reload4j/reload4j/1.2.26/reload4j-1.2.26.jar:/home/runner/.m2/repository/com/fasterxml/jackson/core/jackson-core/2.16.2/jackson-core-2.16.2.jar:/home/runner/.m2/repository/com/fasterxml/jackson/core/jackson-databind/2.16.2/jackson-databind-2.16.2.jar:/home/runner/.m2/repository/com/fasterxml/jackson/core/jackson-annotations/2.16.2/jackson-annotations-2.16.2.jar:/home/runner/.m2/repository/com/github/stephenc/jcip/jcip-annotations/1.0-1/jcip-annotations-1.0-1.jar:/home/runner/.m2/repository/com/google/guava/guava/32.1.3-jre/guava-32.1.3-jre.jar:/home/runner/.m2/repository/com/google/guava/failureaccess/1.0.1/failureaccess-1.0.1.jar:/home/runner/.m2/repository/com/google/guava/listenablefuture/9999.0-empty-to-avoid-conflict-with-guava/listenablefuture-9999.0-empty-to-avoid-conflict-with-guava.jar:/home/runner/.m2/repository/org/checkerframework/checker-qual/3.37.0/checker-qual-3.37.0.jar:/home/runner/.m2/repository/com/google/errorprone/error_prone_annotations/2.29.2/error_prone_annotations-2.29.2.jar:/home/runner/.m2/repository/com/google/j2objc/j2objc-annotations/2.8/j2objc-annotations-2.8.jar:/home/runner/.m2/repository/com/google/protobuf/protobuf-java/2.5.0/protobuf-java-2.5.0.jar:/home/runner/.m2/repository/com/squareup/okhttp3/okhttp/4.12.0/okhttp-4.12.0.jar:/home/runner/.m2/repository/com/squareup/okio/okio/3.6.0/okio-3.6.0.jar:/home/runner/.m2/repository/com/squareup/okio/okio-jvm/3.6.0/okio-jvm-3.6.0.jar:/home/runner/.m2/repository/org/jetbrains/kotlin/kotlin-stdlib-common/1.9.25/kotlin-stdlib-common-1.9.25.jar:/home/runner/.m2/repository/org/jetbrains/kotlin/kotlin-stdlib-jdk8/1.9.25/kotlin-stdlib-jdk8-1.9.25.jar:/home/runner/.m2/repository/org/jetbrains/kotlin/kotlin-stdlib/1.9.25/kotlin-stdlib-1.9.25.jar:/home/runner/.m2/repository/org/jetbrains/annotations/13.0/annotations-13.0.jar:/home/runner/.m2/repository/org/jetbrains/kotlin/kotlin-stdlib-jdk7/1.9.25/kotlin-stdlib-jdk7-1.9.25.jar:/home/runner/.m2/repository/commons-codec/commons-codec/1.18.0/commons-codec-1.18.0.jar:/home/runner/.m2/repository/commons-io/commons-io/2.18.0/commons-io-2.18.0.jar:/home/runner/.m2/repository/commons-validator/commons-validator/1.6/commons-validator-1.6.jar:/home/runner/.m2/repository/commons-beanutils/commons-beanutils/1.11.0/commons-beanutils-1.11.0.jar:/home/runner/.m2/repository/commons-digester/commons-digester/1.8.1/commons-digester-1.8.1.jar:/home/runner/.m2/repository/commons-collections/commons-collections/3.2.2/commons-collections-3.2.2.jar:/home/runner/.m2/repository/info/picocli/picocli/4.7.7/picocli-4.7.7.jar:/home/runner/.m2/repository/jakarta/annotation/jakarta.annotation-api/2.1.1/jakarta.annotation-api-2.1.1.jar:/home/runner/.m2/repository/jakarta/xml/bind/jakarta.xml.bind-api/2.3.3/jakarta.xml.bind-api-2.3.3.jar:/home/runner/.m2/repository/jakarta/activation/jakarta.activation-api/1.2.2/jakarta.activation-api-1.2.2.jar:/home/runner/.m2/repository/javax/servlet/javax.servlet-api/3.1.0/javax.servlet-api-3.1.0.jar:/home/runner/.m2/repository/javax/ws/rs/jsr311-api/1.1.1/jsr311-api-1.1.1.jar:/home/runner/.m2/repository/org/apache/commons/commons-compress/1.27.1/commons-compress-1.27.1.jar:/home/runner/.m2/repository/org/apache/commons/commons-lang3/3.17.0/commons-lang3-3.17.0.jar:/home/runner/.m2/repository/org/apache/commons/commons-text/1.13.1/commons-text-1.13.1.jar:/home/runner/.m2/repository/org/apache/hadoop/hadoop-auth/3.4.1/hadoop-auth-3.4.1.jar:/home/runner/.m2/repository/com/nimbusds/nimbus-jose-jwt/9.40/nimbus-jose-jwt-9.40.jar:/home/runner/.m2/repository/io/dropwizard/metrics/metrics-core/3.2.6/metrics-core-3.2.6.jar:/home/runner/.m2/repository/org/apache/kerby/kerb-core/1.0.1/kerb-core-1.0.1.jar:/home/runner/.m2/repository/org/apache/kerby/kerby-pkix/1.0.1/kerby-pkix-1.0.1.jar:/home/runner/.m2/repository/org/apache/kerby/kerby-asn1/1.0.1/kerby-asn1-1.0.1.jar:/home/runner/.m2/repository/org/apache/kerby/kerb-util/1.0.1/kerb-util-1.0.1.jar:/home/runner/.m2/repository/org/apache/kerby/kerby-config/1.0.1/kerby-config-1.0.1.jar:/home/runner/.m2/repository/org/apache/kerby/kerb-crypto/1.0.1/kerb-crypto-1.0.1.jar:/home/runner/.m2/repository/org/apache/hadoop/thirdparty/hadoop-shaded-guava/1.3.0/hadoop-shaded-guava-1.3.0.jar:/home/runner/.m2/repository/org/apache/hadoop/hadoop-common/3.4.1/hadoop-common-3.4.1.jar:/home/runner/.m2/repository/org/apache/hadoop/thirdparty/hadoop-shaded-protobuf_3_25/1.4.0/hadoop-shaded-protobuf_3_25-1.4.0.jar:/home/runner/.m2/repository/org/apache/hadoop/hadoop-annotations/3.4.1/hadoop-annotations-3.4.1.jar:/home/runner/.m2/repository/commons-cli/commons-cli/1.8.0/commons-cli-1.8.0.jar:/home/runner/.m2/repository/commons-net/commons-net/3.11.1/commons-net-3.11.1.jar:/home/runner/.m2/repository/org/eclipse/jetty/jetty-server/9.4.57.v20241219/jetty-server-9.4.57.v20241219.jar:/home/runner/.m2/repository/org/eclipse/jetty/jetty-io/9.4.57.v20241219/jetty-io-9.4.57.v20241219.jar:/home/runner/.m2/repository/org/eclipse/jetty/jetty-util/9.4.57.v20241219/jetty-util-9.4.57.v20241219.jar:/home/runner/.m2/repository/org/eclipse/jetty/jetty-servlet/9.4.57.v20241219/jetty-servlet-9.4.57.v20241219.jar:/home/runner/.m2/repository/org/eclipse/jetty/jetty-security/9.4.57.v20241219/jetty-security-9.4.57.v20241219.jar:/home/runner/.m2/repository/org/eclipse/jetty/jetty-webapp/9.4.57.v20241219/jetty-webapp-9.4.57.v20241219.jar:/home/runner/.m2/repository/org/eclipse/jetty/jetty-xml/9.4.57.v20241219/jetty-xml-9.4.57.v20241219.jar:/home/runner/.m2/repository/javax/servlet/jsp/jsp-api/2.1/jsp-api-2.1.jar:/home/runner/.m2/repository/org/codehaus/jettison/jettison/1.5.4/jettison-1.5.4.jar:/home/runner/.m2/repository/org/apache/commons/commons-configuration2/2.12.0/commons-configuration2-2.12.0.jar:/home/runner/.m2/repository/com/google/re2j/re2j/1.7/re2j-1.7.jar:/home/runner/.m2/repository/com/google/code/gson/gson/2.10.1/gson-2.10.1.jar:/home/runner/.m2/repository/com/jcraft/jsch/0.1.55/jsch-0.1.55.jar:/home/runner/.m2/repository/io/netty/netty-handler/4.1.119.Final/netty-handler-4.1.119.Final.jar:/home/runner/.m2/repository/io/netty/netty-resolver/4.1.119.Final/netty-resolver-4.1.119.Final.jar:/home/runner/.m2/repository/io/netty/netty-transport-native-epoll/4.1.119.Final/netty-transport-native-epoll-4.1.119.Final.jar:/home/runner/.m2/repository/org/bouncycastle/bcprov-jdk18on/1.81/bcprov-jdk18on-1.81.jar:/home/runner/.m2/repository/org/codehaus/woodstox/stax2-api/4.2.1/stax2-api-4.2.1.jar:/home/runner/.m2/repository/com/fasterxml/woodstox/woodstox-core/5.4.0/woodstox-core-5.4.0.jar:/home/runner/.m2/repository/dnsjava/dnsjava/3.6.1/dnsjava-3.6.1.jar:/home/runner/.m2/repository/org/apache/hadoop/hadoop-common/3.4.1/hadoop-common-3.4.1-tests.jar:/home/runner/.m2/repository/org/apache/commons/commons-math3/3.6.1/commons-math3-3.6.1.jar:/home/runner/.m2/repository/com/sun/jersey/jersey-core/1.19.4/jersey-core-1.19.4.jar:/home/runner/.m2/repository/com/sun/jersey/jersey-servlet/1.19.4/jersey-servlet-1.19.4.jar:/home/runner/.m2/repository/com/github/pjfanning/jersey-json/1.22.0/jersey-json-1.22.0.jar:/home/runner/.m2/repository/com/sun/xml/bind/jaxb-impl/2.2.3-1/jaxb-impl-2.2.3-1.jar:/home/runner/.m2/repository/com/sun/jersey/jersey-server/1.19.4/jersey-server-1.19.4.jar:/home/runner/.m2/repository/org/slf4j/slf4j-reload4j/2.0.17/slf4j-reload4j-2.0.17.jar:/home/runner/.m2/repository/org/apache/avro/avro/1.9.2/avro-1.9.2.jar:/home/runner/.m2/repository/org/apache/curator/curator-client/4.2.0/curator-client-4.2.0.jar:/home/runner/.m2/repository/org/apache/curator/curator-recipes/5.2.0/curator-recipes-5.2.0.jar:/home/runner/.m2/repository/org/apache/curator/curator-framework/4.2.0/curator-framework-4.2.0.jar:/home/runner/.m2/repository/com/google/code/findbugs/jsr305/3.0.2/jsr305-3.0.2.jar:/home/runner/.m2/repository/org/apache/zookeeper/zookeeper/3.8.4/zookeeper-3.8.4.jar:/home/runner/.m2/repository/org/apache/zookeeper/zookeeper-jute/3.8.4/zookeeper-jute-3.8.4.jar:/home/runner/.m2/repository/org/apache/yetus/audience-annotations/0.12.0/audience-annotations-0.12.0.jar:/home/runner/.m2/repository/org/xerial/snappy/snappy-java/1.1.10.7/snappy-java-1.1.10.7.jar:/home/runner/.m2/repository/org/apache/hadoop/hadoop-distcp/3.4.1/hadoop-distcp-3.4.1.jar:/home/runner/.m2/repository/org/apache/hadoop/hadoop-distcp/3.4.1/hadoop-distcp-3.4.1-tests.jar:/home/runner/.m2/repository/org/apache/hadoop/hadoop-hdfs/3.4.1/hadoop-hdfs-3.4.1.jar:/home/runner/.m2/repository/org/eclipse/jetty/jetty-util-ajax/9.4.57.v20241219/jetty-util-ajax-9.4.57.v20241219.jar:/home/runner/.m2/repository/commons-daemon/commons-daemon/1.4.0/commons-daemon-1.4.0.jar:/home/runner/.m2/repository/org/apache/hadoop/hadoop-hdfs/3.4.1/hadoop-hdfs-3.4.1-tests.jar:/home/runner/.m2/repository/io/netty/netty-all/4.1.119.Final/netty-all-4.1.119.Final.jar:/home/runner/.m2/repository/io/netty/netty-codec-dns/4.1.119.Final/netty-codec-dns-4.1.119.Final.jar:/home/runner/.m2/repository/io/netty/netty-codec-haproxy/4.1.119.Final/netty-codec-haproxy-4.1.119.Final.jar:/home/runner/.m2/repository/io/netty/netty-codec-http/4.1.119.Final/netty-codec-http-4.1.119.Final.jar:/home/runner/.m2/repository/io/netty/netty-codec-memcache/4.1.119.Final/netty-codec-memcache-4.1.119.Final.jar:/home/runner/.m2/repository/io/netty/netty-codec-mqtt/4.1.119.Final/netty-codec-mqtt-4.1.119.Final.jar:/home/runner/.m2/repository/io/netty/netty-codec-redis/4.1.119.Final/netty-codec-redis-4.1.119.Final.jar:/home/runner/.m2/repository/io/netty/netty-codec-smtp/4.1.119.Final/netty-codec-smtp-4.1.119.Final.jar:/home/runner/.m2/repository/io/netty/netty-codec-socks/4.1.119.Final/netty-codec-socks-4.1.119.Final.jar:/home/runner/.m2/repository/io/netty/netty-codec-stomp/4.1.119.Final/netty-codec-stomp-4.1.119.Final.jar:/home/runner/.m2/repository/io/netty/netty-codec-xml/4.1.119.Final/netty-codec-xml-4.1.119.Final.jar:/home/runner/.m2/repository/io/netty/netty-handler-ssl-ocsp/4.1.119.Final/netty-handler-ssl-ocsp-4.1.119.Final.jar:/home/runner/.m2/repository/io/netty/netty-resolver-dns/4.1.119.Final/netty-resolver-dns-4.1.119.Final.jar:/home/runner/.m2/repository/io/netty/netty-transport-rxtx/4.1.119.Final/netty-transport-rxtx-4.1.119.Final.jar:/home/runner/.m2/repository/io/netty/netty-transport-sctp/4.1.119.Final/netty-transport-sctp-4.1.119.Final.jar:/home/runner/.m2/repository/io/netty/netty-transport-udt/4.1.119.Final/netty-transport-udt-4.1.119.Final.jar:/home/runner/.m2/repository/io/netty/netty-transport-classes-kqueue/4.1.119.Final/netty-transport-classes-kqueue-4.1.119.Final.jar:/home/runner/.m2/repository/io/netty/netty-resolver-dns-classes-macos/4.1.119.Final/netty-resolver-dns-classes-macos-4.1.119.Final.jar:/home/runner/.m2/repository/io/netty/netty-transport-native-epoll/4.1.119.Final/netty-transport-native-epoll-4.1.119.Final-linux-aarch_64.jar:/home/runner/.m2/repository/io/netty/netty-transport-native-epoll/4.1.119.Final/netty-transport-native-epoll-4.1.119.Final-linux-riscv64.jar:/home/runner/.m2/repository/io/netty/netty-transport-native-kqueue/4.1.119.Final/netty-transport-native-kqueue-4.1.119.Final-osx-x86_64.jar:/home/runner/.m2/repository/io/netty/netty-transport-native-kqueue/4.1.119.Final/netty-transport-native-kqueue-4.1.119.Final-osx-aarch_64.jar:/home/runner/.m2/repository/io/netty/netty-resolver-dns-native-macos/4.1.119.Final/netty-resolver-dns-native-macos-4.1.119.Final-osx-x86_64.jar:/home/runner/.m2/repository/io/netty/netty-resolver-dns-native-macos/4.1.119.Final/netty-resolver-dns-native-macos-4.1.119.Final-osx-aarch_64.jar:/home/runner/.m2/repository/org/fusesource/leveldbjni/leveldbjni-all/1.8/leveldbjni-all-1.8.jar:/home/runner/.m2/repository/org/apache/hadoop/hadoop-hdfs-client/3.4.1/hadoop-hdfs-client-3.4.1.jar:/home/runner/.m2/repository/org/apache/hadoop/hadoop-kms/3.4.1/hadoop-kms-3.4.1.jar:/home/runner/.m2/repository/org/apache/hadoop/hadoop-kms/3.4.1/hadoop-kms-3.4.1-tests.jar:/home/runner/.m2/repository/org/apache/hadoop/hadoop-mapreduce-client-core/3.4.1/hadoop-mapreduce-client-core-3.4.1.jar:/home/runner/.m2/repository/org/apache/hadoop/hadoop-yarn-client/3.4.1/hadoop-yarn-client-3.4.1.jar:/home/runner/.m2/repository/org/eclipse/jetty/websocket/websocket-client/9.4.53.v20231009/websocket-client-9.4.53.v20231009.jar:/home/runner/.m2/repository/org/eclipse/jetty/jetty-client/9.4.57.v20241219/jetty-client-9.4.57.v20241219.jar:/home/runner/.m2/repository/org/eclipse/jetty/websocket/websocket-common/9.4.53.v20231009/websocket-common-9.4.53.v20231009.jar:/home/runner/.m2/repository/org/eclipse/jetty/websocket/websocket-api/9.4.53.v20231009/websocket-api-9.4.53.v20231009.jar:/home/runner/.m2/repository/org/apache/hadoop/hadoop-yarn-api/3.4.1/hadoop-yarn-api-3.4.1.jar:/home/runner/.m2/repository/org/apache/hadoop/hadoop-yarn-common/3.4.1/hadoop-yarn-common-3.4.1.jar:/home/runner/.m2/repository/javax/xml/bind/jaxb-api/2.2.11/jaxb-api-2.2.11.jar:/home/runner/.m2/repository/com/sun/jersey/contribs/jersey-guice/1.19.4/jersey-guice-1.19.4.jar:/home/runner/.m2/repository/com/fasterxml/jackson/module/jackson-module-jaxb-annotations/2.16.2/jackson-module-jaxb-annotations-2.16.2.jar:/home/runner/.m2/repository/com/fasterxml/jackson/jaxrs/jackson-jaxrs-json-provider/2.16.2/jackson-jaxrs-json-provider-2.16.2.jar:/home/runner/.m2/repository/com/google/inject/extensions/guice-servlet/6.0.0/guice-servlet-6.0.0.jar:/home/runner/.m2/repository/org/apache/hadoop/hadoop-mapreduce-client-jobclient/3.4.1/hadoop-mapreduce-client-jobclient-3.4.1.jar:/home/runner/.m2/repository/org/apache/hadoop/hadoop-mapreduce-client-common/3.4.1/hadoop-mapreduce-client-common-3.4.1.jar:/home/runner/.m2/repository/org/apache/hadoop/hadoop-minikdc/3.4.1/hadoop-minikdc-3.4.1.jar:/home/runner/.m2/repository/org/apache/kerby/kerb-simplekdc/2.0.3/kerb-simplekdc-2.0.3.jar:/home/runner/.m2/repository/org/apache/kerby/kerb-client/2.0.3/kerb-client-2.0.3.jar:/home/runner/.m2/repository/org/apache/kerby/kerb-common/2.0.3/kerb-common-2.0.3.jar:/home/runner/.m2/repository/org/apache/kerby/token-provider/2.0.3/token-provider-2.0.3.jar:/home/runner/.m2/repository/org/apache/kerby/kerb-admin/2.0.3/kerb-admin-2.0.3.jar:/home/runner/.m2/repository/org/apache/kerby/kerb-server/2.0.3/kerb-server-2.0.3.jar:/home/runner/.m2/repository/org/apache/kerby/kerb-identity/2.0.3/kerb-identity-2.0.3.jar:/home/runner/.m2/repository/org/apache/kerby/kerby-xdr/2.0.3/kerby-xdr-2.0.3.jar:/home/runner/.m2/repository/junit/junit/4.13.2/junit-4.13.2.jar:/home/runner/.m2/repository/org/hamcrest/hamcrest-core/1.3/hamcrest-core-1.3.jar:/home/runner/.m2/repository/org/apache/httpcomponents/httpclient/4.5.14/httpclient-4.5.14.jar:/home/runner/.m2/repository/org/apache/httpcomponents/httpcore/4.4.16/httpcore-4.4.16.jar:/home/runner/.m2/repository/org/apache/kerby/kerby-util/1.0.1/kerby-util-1.0.1.jar:/home/runner/work/ozone/ozone/hadoop-hdds/client/target/hdds-client-2.1.0-SNAPSHOT.jar:/home/runner/.m2/repository/io/opentracing/opentracing-api/0.33.0/opentracing-api-0.33.0.jar:/home/runner/.m2/repository/io/opentracing/opentracing-util/0.33.0/opentracing-util-0.33.0.jar:/home/runner/.m2/repository/io/opentracing/opentracing-noop/0.33.0/opentracing-noop-0.33.0.jar:/home/runner/work/ozone/ozone/hadoop-hdds/erasurecode/target/hdds-erasurecode-2.1.0-SNAPSHOT.jar:/home/runner/work/ozone/ozone/hadoop-hdds/common/target/hdds-common-2.1.0-SNAPSHOT.jar:/home/runner/.m2/repository/com/fasterxml/jackson/datatype/jackson-datatype-jsr310/2.16.2/jackson-datatype-jsr310-2.16.2.jar:/home/runner/.m2/repository/io/jaegertracing/jaeger-core/1.8.1/jaeger-core-1.8.1.jar:/home/runner/.m2/repository/org/apache/ratis/ratis-netty/3.2.0/ratis-netty-3.2.0.jar:/home/runner/.m2/repository/org/yaml/snakeyaml/2.0/snakeyaml-2.0.jar:/home/runner/.m2/repository/io/jaegertracing/jaeger-client/1.8.1/jaeger-client-1.8.1.jar:/home/runner/.m2/repository/io/jaegertracing/jaeger-thrift/1.8.1/jaeger-thrift-1.8.1.jar:/home/runner/.m2/repository/org/apache/thrift/libthrift/0.15.0/libthrift-0.15.0.jar:/home/runner/.m2/repository/io/jaegertracing/jaeger-tracerresolver/1.8.1/jaeger-tracerresolver-1.8.1.jar:/home/runner/.m2/repository/io/opentracing/contrib/opentracing-tracerresolver/0.1.8/opentracing-tracerresolver-0.1.8.jar:/home/runner/.m2/repository/org/apache/ratis/ratis-metrics-dropwizard3/3.2.0/ratis-metrics-dropwizard3-3.2.0.jar:/home/runner/.m2/repository/org/slf4j/jcl-over-slf4j/2.0.17/jcl-over-slf4j-2.0.17.jar:/home/runner/work/ozone/ozone/hadoop-hdds/common/target/hdds-common-2.1.0-SNAPSHOT-tests.jar:/home/runner/work/ozone/ozone/hadoop-hdds/config/target/hdds-config-2.1.0-SNAPSHOT.jar:/home/runner/work/ozone/ozone/hadoop-hdds/container-service/target/hdds-container-service-2.1.0-SNAPSHOT.jar:/home/runner/.m2/repository/io/netty/netty-buffer/4.1.119.Final/netty-buffer-4.1.119.Final.jar:/home/runner/.m2/repository/io/netty/netty-codec/4.1.119.Final/netty-codec-4.1.119.Final.jar:/home/runner/.m2/repository/io/netty/netty-common/4.1.119.Final/netty-common-4.1.119.Final.jar:/home/runner/.m2/repository/io/netty/netty-transport/4.1.119.Final/netty-transport-4.1.119.Final.jar:/home/runner/.m2/repository/org/apache/logging/log4j/log4j-api/2.25.0/log4j-api-2.25.0.jar:/home/runner/.m2/repository/com/github/luben/zstd-jni/1.5.7-4/zstd-jni-1.5.7-4.jar:/home/runner/.m2/repository/log4j/apache-log4j-extras/1.2.17/apache-log4j-extras-1.2.17.jar:/home/runner/.m2/repository/org/glassfish/jaxb/jaxb-runtime/2.3.9/jaxb-runtime-2.3.9.jar:/home/runner/.m2/repository/org/glassfish/jaxb/txw2/2.3.9/txw2-2.3.9.jar:/home/runner/.m2/repository/com/sun/istack/istack-commons-runtime/3.0.12/istack-commons-runtime-3.0.12.jar:/home/runner/.m2/repository/com/sun/activation/jakarta.activation/1.2.2/jakarta.activation-1.2.2.jar:/home/runner/work/ozone/ozone/hadoop-hdds/container-service/target/hdds-container-service-2.1.0-SNAPSHOT-tests.jar:/home/runner/work/ozone/ozone/hadoop-hdds/interface-admin/target/hdds-interface-admin-2.1.0-SNAPSHOT.jar:/home/runner/work/ozone/ozone/hadoop-hdds/interface-client/target/hdds-interface-client-2.1.0-SNAPSHOT.jar:/home/runner/work/ozone/ozone/hadoop-hdds/interface-server/target/hdds-interface-server-2.1.0-SNAPSHOT.jar:/home/runner/work/ozone/ozone/hadoop-hdds/managed-rocksdb/target/hdds-managed-rocksdb-2.1.0-SNAPSHOT.jar:/home/runner/work/ozone/ozone/hadoop-hdds/rocks-native/target/hdds-rocks-native-2.1.0-SNAPSHOT.jar:/home/runner/work/ozone/ozone/hadoop-hdds/framework/target/hdds-server-framework-2.1.0-SNAPSHOT.jar:/home/runner/.m2/repository/com/github/jnr/jnr-constants/0.10.4/jnr-constants-0.10.4.jar:/home/runner/.m2/repository/com/github/jnr/jnr-posix/3.1.20/jnr-posix-3.1.20.jar:/home/runner/.m2/repository/com/github/jnr/jnr-ffi/2.2.17/jnr-ffi-2.2.17.jar:/home/runner/.m2/repository/com/github/jnr/jffi/1.3.13/jffi-1.3.13.jar:/home/runner/.m2/repository/com/github/jnr/jffi/1.3.13/jffi-1.3.13-native.jar:/home/runner/.m2/repository/org/ow2/asm/asm/9.7.1/asm-9.7.1.jar:/home/runner/.m2/repository/org/ow2/asm/asm-commons/9.7.1/asm-commons-9.7.1.jar:/home/runner/.m2/repository/org/ow2/asm/asm-analysis/9.7.1/asm-analysis-9.7.1.jar:/home/runner/.m2/repository/org/ow2/asm/asm-tree/9.7.1/asm-tree-9.7.1.jar:/home/runner/.m2/repository/org/ow2/asm/asm-util/9.7.1/asm-util-9.7.1.jar:/home/runner/.m2/repository/com/github/jnr/jnr-a64asm/1.0.0/jnr-a64asm-1.0.0.jar:/home/runner/.m2/repository/com/github/jnr/jnr-x86asm/1.0.2/jnr-x86asm-1.0.2.jar:/home/runner/.m2/repository/commons-fileupload/commons-fileupload/1.5/commons-fileupload-1.5.jar:/home/runner/.m2/repository/io/grpc/grpc-api/1.71.0/grpc-api-1.71.0.jar:/home/runner/.m2/repository/io/prometheus/simpleclient/0.16.0/simpleclient-0.16.0.jar:/home/runner/.m2/repository/io/prometheus/simpleclient_common/0.16.0/simpleclient_common-0.16.0.jar:/home/runner/.m2/repository/io/prometheus/simpleclient_dropwizard/0.16.0/simpleclient_dropwizard-0.16.0.jar:/home/runner/.m2/repository/jakarta/ws/rs/jakarta.ws.rs-api/2.1.6/jakarta.ws.rs-api-2.1.6.jar:/home/runner/.m2/repository/org/eclipse/jetty/jetty-http/9.4.57.v20241219/jetty-http-9.4.57.v20241219.jar:/home/runner/.m2/repository/org/glassfish/jersey/containers/jersey-container-servlet-core/2.47/jersey-container-servlet-core-2.47.jar:/home/runner/.m2/repository/org/glassfish/jersey/core/jersey-server/2.47/jersey-server-2.47.jar:/home/runner/.m2/repository/org/glassfish/jersey/core/jersey-client/2.47/jersey-client-2.47.jar:/home/runner/.m2/repository/com/lmax/disruptor/3.4.4/disruptor-3.4.4.jar:/home/runner/.m2/repository/org/apache/logging/log4j/log4j-core/2.25.0/log4j-core-2.25.0.jar:/home/runner/work/ozone/ozone/hadoop-hdds/framework/target/hdds-server-framework-2.1.0-SNAPSHOT-tests.jar:/home/runner/work/ozone/ozone/hadoop-hdds/server-scm/target/hdds-server-scm-2.1.0-SNAPSHOT.jar:/home/runner/work/ozone/ozone/hadoop-hdds/server-scm/target/hdds-server-scm-2.1.0-SNAPSHOT-tests.jar:/home/runner/work/ozone/ozone/hadoop-hdds/test-utils/target/hdds-test-utils-2.1.0-SNAPSHOT-tests.jar:/home/runner/work/ozone/ozone/hadoop-ozone/cli-admin/target/ozone-cli-admin-2.1.0-SNAPSHOT.jar:/home/runner/work/ozone/ozone/hadoop-ozone/cli-shell/target/ozone-cli-shell-2.1.0-SNAPSHOT.jar:/home/runner/.m2/repository/info/picocli/picocli-shell-jline3/4.7.7/picocli-shell-jline3-4.7.7.jar:/home/runner/.m2/repository/org/jline/jline/3.30.4/jline-3.30.4.jar:/home/runner/work/ozone/ozone/hadoop-ozone/client/target/ozone-client-2.1.0-SNAPSHOT.jar:/home/runner/work/ozone/ozone/hadoop-ozone/common/target/ozone-common-2.1.0-SNAPSHOT.jar:/home/runner/.m2/repository/io/grpc/grpc-netty/1.71.0/grpc-netty-1.71.0.jar:/home/runner/.m2/repository/org/codehaus/mojo/animal-sniffer-annotations/1.24/animal-sniffer-annotations-1.24.jar:/home/runner/.m2/repository/io/grpc/grpc-core/1.71.0/grpc-core-1.71.0.jar:/home/runner/.m2/repository/com/google/android/annotations/4.1.1.4/annotations-4.1.1.4.jar:/home/runner/.m2/repository/io/grpc/grpc-context/1.71.0/grpc-context-1.71.0.jar:/home/runner/.m2/repository/io/perfmark/perfmark-api/0.27.0/perfmark-api-0.27.0.jar:/home/runner/.m2/repository/io/grpc/grpc-util/1.71.0/grpc-util-1.71.0.jar:/home/runner/.m2/repository/io/netty/netty-codec-http2/4.1.119.Final/netty-codec-http2-4.1.119.Final.jar:/home/runner/.m2/repository/io/netty/netty-handler-proxy/4.1.119.Final/netty-handler-proxy-4.1.119.Final.jar:/home/runner/.m2/repository/io/netty/netty-tcnative-boringssl-static/2.0.70.Final/netty-tcnative-boringssl-static-2.0.70.Final.jar:/home/runner/.m2/repository/io/netty/netty-tcnative-classes/2.0.70.Final/netty-tcnative-classes-2.0.70.Final.jar:/home/runner/.m2/repository/io/netty/netty-tcnative-boringssl-static/2.0.70.Final/netty-tcnative-boringssl-static-2.0.70.Final-linux-x86_64.jar:/home/runner/.m2/repository/io/netty/netty-tcnative-boringssl-static/2.0.70.Final/netty-tcnative-boringssl-static-2.0.70.Final-linux-aarch_64.jar:/home/runner/.m2/repository/io/netty/netty-tcnative-boringssl-static/2.0.70.Final/netty-tcnative-boringssl-static-2.0.70.Final-osx-x86_64.jar:/home/runner/.m2/repository/io/netty/netty-tcnative-boringssl-static/2.0.70.Final/netty-tcnative-boringssl-static-2.0.70.Final-osx-aarch_64.jar:/home/runner/.m2/repository/io/netty/netty-tcnative-boringssl-static/2.0.70.Final/netty-tcnative-boringssl-static-2.0.70.Final-windows-x86_64.jar:/home/runner/work/ozone/ozone/hadoop-ozone/csi/target/ozone-csi-2.1.0-SNAPSHOT.jar:/home/runner/.m2/repository/io/grpc/grpc-protobuf/1.71.0/grpc-protobuf-1.71.0.jar:/home/runner/.m2/repository/com/google/api/grpc/proto-google-common-protos/2.51.0/proto-google-common-protos-2.51.0.jar:/home/runner/.m2/repository/io/grpc/grpc-protobuf-lite/1.71.0/grpc-protobuf-lite-1.71.0.jar:/home/runner/.m2/repository/io/grpc/grpc-stub/1.71.0/grpc-stub-1.71.0.jar:/home/runner/.m2/repository/io/netty/netty-transport-classes-epoll/4.1.119.Final/netty-transport-classes-epoll-4.1.119.Final.jar:/home/runner/.m2/repository/io/netty/netty-transport-native-unix-common/4.1.119.Final/netty-transport-native-unix-common-4.1.119.Final.jar:/home/runner/.m2/repository/io/netty/netty-transport-native-epoll/4.1.119.Final/netty-transport-native-epoll-4.1.119.Final-linux-x86_64.jar:/home/runner/work/ozone/ozone/hadoop-ozone/ozonefs/target/ozone-filesystem-2.1.0-SNAPSHOT.jar:/home/runner/work/ozone/ozone/hadoop-ozone/ozonefs-common/target/ozone-filesystem-common-2.1.0-SNAPSHOT.jar:/home/runner/work/ozone/ozone/hadoop-ozone/freon/target/ozone-freon-2.1.0-SNAPSHOT.jar:/home/runner/.m2/repository/com/amazonaws/aws-java-sdk-core/1.12.661/aws-java-sdk-core-1.12.661.jar:/home/runner/.m2/repository/com/fasterxml/jackson/dataformat/jackson-dataformat-cbor/2.16.2/jackson-dataformat-cbor-2.16.2.jar:/home/runner/.m2/repository/joda-time/joda-time/2.12.7/joda-time-2.12.7.jar:/home/runner/.m2/repository/com/amazonaws/aws-java-sdk-s3/1.12.661/aws-java-sdk-s3-1.12.661.jar:/home/runner/.m2/repository/com/amazonaws/aws-java-sdk-kms/1.12.661/aws-java-sdk-kms-1.12.661.jar:/home/runner/.m2/repository/com/amazonaws/jmespath-java/1.12.661/jmespath-java-1.12.661.jar:/home/runner/work/ozone/ozone/hadoop-ozone/interface-client/target/ozone-interface-client-2.1.0-SNAPSHOT.jar:/home/runner/work/ozone/ozone/hadoop-ozone/interface-storage/target/ozone-interface-storage-2.1.0-SNAPSHOT.jar:/home/runner/work/ozone/ozone/hadoop-ozone/ozone-manager/target/ozone-manager-2.1.0-SNAPSHOT.jar:/home/runner/.m2/repository/com/sun/jersey/jersey-client/1.19.4/jersey-client-1.19.4.jar:/home/runner/.m2/repository/org/apache/ranger/ranger-plugins-common/2.6.0/ranger-plugins-common-2.6.0.jar:/home/runner/.m2/repository/com/fasterxml/jackson/jaxrs/jackson-jaxrs-base/2.16.2/jackson-jaxrs-base-2.16.2.jar:/home/runner/.m2/repository/com/kstruct/gethostname4j/1.0.0/gethostname4j-1.0.0.jar:/home/runner/.m2/repository/commons-lang/commons-lang/2.6/commons-lang-2.6.jar:/home/runner/.m2/repository/net/java/dev/jna/jna/5.2.0/jna-5.2.0.jar:/home/runner/.m2/repository/net/java/dev/jna/jna-platform/5.2.0/jna-platform-5.2.0.jar:/home/runner/.m2/repository/org/apache/ranger/ranger-plugin-classloader/2.6.0/ranger-plugin-classloader-2.6.0.jar:/home/runner/.m2/repository/org/apache/ranger/ranger-plugins-audit/2.6.0/ranger-plugins-audit-2.6.0.jar:/home/runner/.m2/repository/com/amazonaws/aws-java-sdk-logs/1.12.765/aws-java-sdk-logs-1.12.765.jar:/home/runner/.m2/repository/com/carrotsearch/hppc/0.8.0/hppc-0.8.0.jar:/home/runner/.m2/repository/io/airlift/aircompressor/0.27/aircompressor-0.27.jar:/home/runner/.m2/repository/org/apache/httpcomponents/httpasyncclient/4.1.4/httpasyncclient-4.1.4.jar:/home/runner/.m2/repository/org/apache/httpcomponents/httpcore-nio/4.4.16/httpcore-nio-4.4.16.jar:/home/runner/.m2/repository/org/apache/httpcomponents/httpmime/4.5.13/httpmime-4.5.13.jar:/home/runner/.m2/repository/org/apache/orc/orc-core/1.5.8/orc-core-1.5.8.jar:/home/runner/.m2/repository/org/apache/orc/orc-shims/1.5.8/orc-shims-1.5.8.jar:/home/runner/.m2/repository/org/apache/ranger/ranger-plugins-cred/2.6.0/ranger-plugins-cred-2.6.0.jar:/home/runner/.m2/repository/org/aspectj/aspectjrt/1.9.7/aspectjrt-1.9.7.jar:/home/runner/work/ozone/ozone/hadoop-ozone/ozone-manager/target/ozone-manager-2.1.0-SNAPSHOT-tests.jar:/home/runner/work/ozone/ozone/hadoop-ozone/mini-cluster/target/ozone-mini-cluster-2.1.0-SNAPSHOT.jar:/home/runner/work/ozone/ozone/hadoop-ozone/recon/target/ozone-recon-2.1.0-SNAPSHOT.jar:/home/runner/.m2/repository/aopalliance/aopalliance/1.0/aopalliance-1.0.jar:/home/runner/.m2/repository/com/google/inject/guice/6.0.0/guice-6.0.0.jar:/home/runner/.m2/repository/jakarta/inject/jakarta.inject-api/2.0.1/jakarta.inject-api-2.0.1.jar:/home/runner/.m2/repository/com/jolbox/bonecp/0.8.0.RELEASE/bonecp-0.8.0.RELEASE.jar:/home/runner/.m2/repository/jakarta/validation/jakarta.validation-api/2.0.2/jakarta.validation-api-2.0.2.jar:/home/runner/.m2/repository/javax/annotation/javax.annotation-api/1.3.2/javax.annotation-api-1.3.2.jar:/home/runner/.m2/repository/javax/inject/javax.inject/1/javax.inject-1.jar:/home/runner/.m2/repository/org/apache/derby/derby/10.14.2.0/derby-10.14.2.0.jar:/home/runner/.m2/repository/org/glassfish/hk2/guice-bridge/2.6.1/guice-bridge-2.6.1.jar:/home/runner/.m2/repository/org/glassfish/hk2/hk2-api/2.6.1/hk2-api-2.6.1.jar:/home/runner/.m2/repository/org/glassfish/hk2/hk2-utils/2.6.1/hk2-utils-2.6.1.jar:/home/runner/.m2/repository/org/glassfish/hk2/external/aopalliance-repackaged/2.6.1/aopalliance-repackaged-2.6.1.jar:/home/runner/.m2/repository/org/glassfish/jersey/core/jersey-common/2.47/jersey-common-2.47.jar:/home/runner/.m2/repository/org/glassfish/hk2/osgi-resource-locator/1.0.3/osgi-resource-locator-1.0.3.jar:/home/runner/.m2/repository/org/jooq/jooq/3.11.10/jooq-3.11.10.jar:/home/runner/.m2/repository/org/springframework/spring-core/5.3.39/spring-core-5.3.39.jar:/home/runner/.m2/repository/org/springframework/spring-jdbc/5.3.39/spring-jdbc-5.3.39.jar:/home/runner/.m2/repository/org/springframework/spring-beans/5.3.39/spring-beans-5.3.39.jar:/home/runner/.m2/repository/org/springframework/spring-tx/5.3.39/spring-tx-5.3.39.jar:/home/runner/.m2/repository/org/xerial/sqlite-jdbc/3.50.2.0/sqlite-jdbc-3.50.2.0.jar:/home/runner/.m2/repository/com/google/inject/extensions/guice-assistedinject/6.0.0/guice-assistedinject-6.0.0.jar:/home/runner/.m2/repository/org/glassfish/hk2/external/jakarta.inject/2.6.1/jakarta.inject-2.6.1.jar:/home/runner/.m2/repository/org/glassfish/jersey/inject/jersey-hk2/2.47/jersey-hk2-2.47.jar:/home/runner/.m2/repository/org/glassfish/hk2/hk2-locator/2.6.1/hk2-locator-2.6.1.jar:/home/runner/.m2/repository/org/glassfish/jersey/media/jersey-media-jaxb/2.47/jersey-media-jaxb-2.47.jar:/home/runner/.m2/repository/org/glassfish/jersey/media/jersey-media-json-jackson/2.47/jersey-media-json-jackson-2.47.jar:/home/runner/.m2/repository/org/glassfish/jersey/ext/jersey-entity-filtering/2.47/jersey-entity-filtering-2.47.jar:/home/runner/work/ozone/ozone/hadoop-ozone/recon-codegen/target/ozone-reconcodegen-2.1.0-SNAPSHOT.jar:/home/runner/.m2/repository/org/jooq/jooq-codegen/3.11.10/jooq-codegen-3.11.10.jar:/home/runner/.m2/repository/org/jooq/jooq-meta/3.11.10/jooq-meta-3.11.10.jar:/home/runner/work/ozone/ozone/hadoop-ozone/s3gateway/target/ozone-s3gateway-2.1.0-SNAPSHOT.jar:/home/runner/work/ozone/ozone/hadoop-ozone/tools/target/ozone-tools-2.1.0-SNAPSHOT.jar:/home/runner/.m2/repository/com/github/vlsi/mxgraph/jgraphx/3.9.12/jgraphx-3.9.12.jar:/home/runner/.m2/repository/org/apache/ratis/ratis-shell/3.2.0/ratis-shell-3.2.0.jar:/home/runner/.m2/repository/org/apache/ratis/ratis-tools/3.2.0/ratis-tools-3.2.0.jar:/home/runner/.m2/repository/org/jgrapht/jgrapht-core/1.4.0/jgrapht-core-1.4.0.jar:/home/runner/.m2/repository/org/jheaps/jheaps/0.11/jheaps-0.11.jar:/home/runner/.m2/repository/org/jgrapht/jgrapht-ext/1.4.0/jgrapht-ext-1.4.0.jar:/home/runner/work/ozone/ozone/hadoop-hdds/rocksdb-checkpoint-differ/target/rocksdb-checkpoint-differ-2.1.0-SNAPSHOT.jar:/home/runner/.m2/repository/org/apache/ranger/ranger-intg/2.6.0/ranger-intg-2.6.0.jar:/home/runner/.m2/repository/org/apache/ratis/ratis-client/3.2.0/ratis-client-3.2.0.jar:/home/runner/.m2/repository/org/apache/ratis/ratis-common/3.2.0/ratis-common-3.2.0.jar:/home/runner/.m2/repository/org/apache/ratis/ratis-grpc/3.2.0/ratis-grpc-3.2.0.jar:/home/runner/.m2/repository/org/apache/ratis/ratis-metrics-api/3.2.0/ratis-metrics-api-3.2.0.jar:/home/runner/.m2/repository/org/apache/ratis/ratis-proto/3.2.0/ratis-proto-3.2.0.jar:/home/runner/.m2/repository/org/apache/ratis/ratis-server/3.2.0/ratis-server-3.2.0.jar:/home/runner/.m2/repository/org/apache/ratis/ratis-server-api/3.2.0/ratis-server-api-3.2.0.jar:/home/runner/.m2/repository/org/apache/ratis/ratis-thirdparty-misc/1.0.9/ratis-thirdparty-misc-1.0.9.jar:/home/runner/.m2/repository/org/bouncycastle/bcpkix-jdk18on/1.81/bcpkix-jdk18on-1.81.jar:/home/runner/.m2/repository/org/bouncycastle/bcutil-jdk18on/1.81/bcutil-jdk18on-1.81.jar:/home/runner/.m2/repository/org/hamcrest/hamcrest/2.2/hamcrest-2.2.jar:/home/runner/.m2/repository/org/reflections/reflections/0.10.2/reflections-0.10.2.jar:/home/runner/.m2/repository/org/javassist/javassist/3.30.2-GA/javassist-3.30.2-GA.jar:/home/runner/.m2/repository/org/rocksdb/rocksdbjni/7.7.3/rocksdbjni-7.7.3.jar:/home/runner/.m2/repository/org/slf4j/jul-to-slf4j/2.0.17/jul-to-slf4j-2.0.17.jar:/home/runner/.m2/repository/org/slf4j/slf4j-api/2.0.17/slf4j-api-2.0.17.jar:/home/runner/.m2/repository/org/assertj/assertj-core/3.27.3/assertj-core-3.27.3.jar:/home/runner/.m2/repository/net/bytebuddy/byte-buddy/1.15.11/byte-buddy-1.15.11.jar:/home/runner/.m2/repository/org/junit/jupiter/junit-jupiter-api/5.13.3/junit-jupiter-api-5.13.3.jar:/home/runner/.m2/repository/org/opentest4j/opentest4j/1.3.0/opentest4j-1.3.0.jar:/home/runner/.m2/repository/org/junit/platform/junit-platform-commons/1.13.3/junit-platform-commons-1.13.3.jar:/home/runner/.m2/repository/org/apiguardian/apiguardian-api/1.1.2/apiguardian-api-1.1.2.jar:/home/runner/.m2/repository/org/junit/jupiter/junit-jupiter-params/5.13.3/junit-jupiter-params-5.13.3.jar:/home/runner/.m2/repository/org/mockito/mockito-core/4.11.0/mockito-core-4.11.0.jar:/home/runner/.m2/repository/net/bytebuddy/byte-buddy-agent/1.12.19/byte-buddy-agent-1.12.19.jar:/home/runner/.m2/repository/org/objenesis/objenesis/3.3/objenesis-3.3.jar:/home/runner/.m2/repository/org/mockito/mockito-inline/4.11.0/mockito-inline-4.11.0.jar:/home/runner/.m2/repository/org/mockito/mockito-junit-jupiter/4.11.0/mockito-junit-jupiter-4.11.0.jar:/home/runner/work/ozone/ozone/hadoop-ozone/integration-test/target/gradle-enterprise/test-listeners.jar:"/>
    <property name="sun.cpu.endian" value="little"/>
    <property name="user.home" value="/home/runner"/>
    <property name="user.language" value="en"/>
    <property name="java.specification.vendor" value="Oracle Corporation"/>
    <property name="skipRecon" value="true"/>
    <property name="java.version.date" value="2025-04-15"/>
    <property name="java.home" value="/usr/lib/jvm/temurin-21-jdk-amd64"/>
    <property name="java.security.krb5.conf" value="/home/runner/work/ozone/ozone/hadoop-ozone/integration-test/target/test-classes/krb5.conf"/>
    <property name="file.separator" value="/"/>
    <property name="basedir" value="/home/runner/work/ozone/ozone/hadoop-ozone/integration-test"/>
    <property name="java.vm.compressedOopsMode" value="Zero based"/>
    <property name="line.separator" value="&#10;"/>
    <property name="java.vm.specification.vendor" value="Oracle Corporation"/>
    <property name="java.specification.name" value="Java Platform API Specification"/>
    <property name="surefire.real.class.path" value="/home/runner/work/ozone/ozone/hadoop-ozone/integration-test/target/surefire/surefirebooter-20250719060159681_154.jar"/>
    <property name="hadoop.log.dir" value="/home/runner/work/ozone/ozone/hadoop-ozone/integration-test/target/log"/>
    <property name="sun.management.compiler" value="HotSpot 64-Bit Tiered Compilers"/>
    <property name="skipShade" value="true"/>
    <property name="java.runtime.version" value="21.0.7+6-LTS"/>
    <property name="user.name" value="runner"/>
    <property name="java.net.preferIPv4Stack" value="true"/>
    <property name="stdout.encoding" value="UTF-8"/>
    <property name="path.separator" value=":"/>
    <property name="java.security.egd" value="file:///dev/urandom"/>
    <property name="os.version" value="6.11.0-1018-azure"/>
    <property name="java.runtime.name" value="OpenJDK Runtime Environment"/>
    <property name="com.gradle.maven.scan.extension.test.listener.junitplatform.NestedExecutionSafeDelegatingTestExecutionListener" value="6d167f58"/>
    <property name="file.encoding" value="UTF-8"/>
    <property name="java.vm.name" value="OpenJDK 64-Bit Server VM"/>
    <property name="rocks_tools_native" value="true"/>
    <property name="java.vendor.version" value="Temurin-21.0.7+6"/>
    <property name="test.build.webapps" value=""/>
    <property name="develocity.listener.surefire.forkId" value="1"/>
    <property name="localRepository" value="/home/runner/.m2/repository"/>
    <property name="java.vendor.url.bug" value="https://github.com/adoptium/adoptium-support/issues"/>
    <property name="jetty.git.hash" value="df524e6b29271c2e09ba9aea83c18dc9db464a31"/>
    <property name="java.io.tmpdir" value="/tmp"/>
    <property name="require.test.libhadoop" value=""/>
    <property name="java.version" value="21.0.7"/>
    <property name="user.dir" value="/home/runner/work/ozone/ozone/hadoop-ozone/integration-test"/>
    <property name="os.arch" value="amd64"/>
    <property name="java.vm.specification.name" value="Java Virtual Machine Specification"/>
    <property name="test.build.classes" value="/home/runner/work/ozone/ozone/hadoop-ozone/integration-test/target/test-classes"/>
    <property name="org.apache.ratis.thirdparty.io.netty.allocator.useCacheForAllThreads" value="false"/>
    <property name="native.encoding" value="UTF-8"/>
    <property name="hadoop.tmp.dir" value="/home/runner/work/ozone/ozone/hadoop-ozone/integration-test/target/tmp"/>
    <property name="java.library.path" value="/usr/java/packages/lib:/usr/lib64:/lib64:/lib:/usr/lib"/>
    <property name="java.vm.info" value="mixed mode, sharing"/>
    <property name="stderr.encoding" value="UTF-8"/>
    <property name="java.vendor" value="Eclipse Adoptium"/>
    <property name="java.vm.version" value="21.0.7+6-LTS"/>
    <property name="sun.io.unicode.encoding" value="UnicodeLittle"/>
    <property name="develocity.listener.port" value="37907"/>
    <property name="java.class.version" value="65.0"/>
  </properties>
  <testcase name="testContainerStateMachineCloseOnMissingPipeline" classname="org.apache.hadoop.ozone.client.rpc.TestContainerStateMachineFailures" time="2.434">
    <system-out><![CDATA[2025-07-19 06:06:57,615 [main] WARN  server.ServerUtils (ServerUtils.java:getScmDbDir(138)) - ozone.scm.db.dirs is not configured. We recommend adding this setting. Falling back to ozone.metadata.dirs instead.
2025-07-19 06:06:57,814 [main] INFO  reflections.Reflections (Reflections.java:scan(219)) - Reflections took 173 ms to scan 7 urls, producing 168 keys and 375 values
2025-07-19 06:06:57,937 [main] INFO  ha.SCMHANodeDetails (SCMHANodeDetails.java:loadSCMHAConfig(162)) - ServiceID for StorageContainerManager is null
2025-07-19 06:06:57,937 [main] INFO  ha.SCMHANodeDetails (SCMHANodeDetails.java:loadSCMHAConfig(166)) - ozone.scm.default.service.id is not defined, falling back to ozone.scm.service.ids to find serviceID for StorageContainerManager if it is HA enabled cluster
2025-07-19 06:06:58,117 [main] INFO  server.RaftServerConfigKeys (ConfUtils.java:logGet(62)) - raft.server.log.appender.buffer.byte-limit = 4194304 (custom)
2025-07-19 06:06:58,142 [main] INFO  server.RaftServer (ConfUtils.java:logGet(62)) - raft.rpc.type = GRPC (default)
2025-07-19 06:06:58,208 [main] INFO  grpc.GrpcConfigKeys (ConfUtils.java:logFallback(69)) - raft.grpc.admin.host = null (fallback to raft.grpc.server.host)
2025-07-19 06:06:58,209 [main] INFO  grpc.GrpcConfigKeys (ConfUtils.java:logFallback(69)) - raft.grpc.admin.port = 15004 (fallback to raft.grpc.server.port)
2025-07-19 06:06:58,210 [main] INFO  grpc.GrpcConfigKeys (ConfUtils.java:logFallback(69)) - raft.grpc.client.host = null (fallback to raft.grpc.server.host)
2025-07-19 06:06:58,210 [main] INFO  grpc.GrpcConfigKeys (ConfUtils.java:logFallback(69)) - raft.grpc.client.port = 15004 (fallback to raft.grpc.server.port)
2025-07-19 06:06:58,211 [main] INFO  grpc.GrpcConfigKeys (ConfUtils.java:logGet(62)) - raft.grpc.server.port = 15004 (custom)
2025-07-19 06:06:58,211 [main] INFO  server.GrpcServicesImpl (ConfUtils.java:logGet(62)) - raft.grpc.message.size.max = 5242880 (custom)
2025-07-19 06:06:58,212 [main] INFO  server.GrpcServicesImpl (ConfUtils.java:logGet(62)) - raft.grpc.flow.control.window = 1MB (=1048576) (default)
2025-07-19 06:06:58,212 [main] INFO  server.RaftServerConfigKeys (ConfUtils.java:logGet(62)) - raft.server.rpc.request.timeout = 30000ms (custom)
2025-07-19 06:06:58,218 [main] INFO  grpc.GrpcConfigKeys (ConfUtils.java:logGet(62)) - raft.grpc.server.heartbeat.channel = true (default)
2025-07-19 06:06:58,219 [main] INFO  server.RaftServerConfigKeys (ConfUtils.java:logGet(62)) - raft.server.log.appender.buffer.byte-limit = 4194304 (custom)
2025-07-19 06:06:58,222 [main] INFO  grpc.GrpcConfigKeys (ConfUtils.java:logGet(62)) - raft.grpc.server.async.request.thread.pool.cached = true (default)
2025-07-19 06:06:58,223 [main] INFO  grpc.GrpcConfigKeys (ConfUtils.java:logGet(62)) - raft.grpc.server.async.request.thread.pool.size = 32 (default)
2025-07-19 06:06:58,418 [main] INFO  impl.DataStreamServerImpl (ConfUtils.java:logGet(62)) - raft.datastream.type = DISABLED (default)
2025-07-19 06:06:58,420 [main] INFO  server.RaftServerConfigKeys (ConfUtils.java:logGet(62)) - raft.server.sleep.deviation.threshold = 300ms (default)
2025-07-19 06:06:58,421 [main] INFO  server.RaftServerConfigKeys (ConfUtils.java:logGet(62)) - raft.server.close.threshold = 60s (default)
2025-07-19 06:06:58,421 [main] INFO  server.RaftServerConfigKeys (ConfUtils.java:logGet(62)) - raft.server.leaderelection.leader.step-down.wait-time = 10s (default)
2025-07-19 06:06:58,424 [main] INFO  server.RaftServerConfigKeys (ConfUtils.java:logGet(62)) - raft.server.storage.dir = [/home/runner/work/ozone/ozone/hadoop-ozone/integration-test/target/test-dir/MiniOzoneClusterImpl-09c4c6e1-5ab0-4195-ac7b-5aec6defaa36/ozone-meta/scm-ha] (custom)
2025-07-19 06:06:58,425 [main] INFO  server.RaftServerConfigKeys (ConfUtils.java:logGet(62)) - raft.server.threadpool.proxy.cached = true (default)
2025-07-19 06:06:58,425 [main] INFO  server.RaftServerConfigKeys (ConfUtils.java:logGet(62)) - raft.server.threadpool.proxy.size = 0 (default)
2025-07-19 06:06:58,431 [main] INFO  server.RaftServer (RaftServerProxy.java:addNew(105)) - 885623d6-9da4-492b-a87d-998872f93ab6: addNew group-5AEC6DEFAA36:[885623d6-9da4-492b-a87d-998872f93ab6|localhost:15004] returns group-5AEC6DEFAA36:java.util.concurrent.CompletableFuture@17410c07[Not completed]
2025-07-19 06:06:58,446 [885623d6-9da4-492b-a87d-998872f93ab6-groupManagement] INFO  server.RaftServer$Division (RaftServerImpl.java:<init>(268)) - 885623d6-9da4-492b-a87d-998872f93ab6: new RaftServerImpl for group-5AEC6DEFAA36:[885623d6-9da4-492b-a87d-998872f93ab6|localhost:15004] with SCMStateMachine:uninitialized
2025-07-19 06:06:58,448 [885623d6-9da4-492b-a87d-998872f93ab6-groupManagement] INFO  server.RaftServerConfigKeys (ConfUtils.java:logGet(62)) - raft.server.rpc.timeout.min = 5000ms (custom)
2025-07-19 06:06:58,448 [885623d6-9da4-492b-a87d-998872f93ab6-groupManagement] INFO  server.RaftServerConfigKeys (ConfUtils.java:logGet(62)) - raft.server.rpc.timeout.max = 5200ms (custom)
2025-07-19 06:06:58,448 [885623d6-9da4-492b-a87d-998872f93ab6-groupManagement] INFO  server.RaftServerConfigKeys (ConfUtils.java:logGet(62)) - raft.server.rpc.sleep.time = 25ms (default)
2025-07-19 06:06:58,449 [885623d6-9da4-492b-a87d-998872f93ab6-groupManagement] INFO  server.RaftServerConfigKeys (ConfUtils.java:logGet(62)) - raft.server.rpc.slowness.timeout = 120000ms (custom)
2025-07-19 06:06:58,449 [885623d6-9da4-492b-a87d-998872f93ab6-groupManagement] INFO  server.RaftServerConfigKeys (ConfUtils.java:logGet(62)) - raft.server.leaderelection.member.majority-add = false (default)
2025-07-19 06:06:58,454 [885623d6-9da4-492b-a87d-998872f93ab6-groupManagement] INFO  server.RaftServer$Division (ServerState.java:<init>(114)) - 885623d6-9da4-492b-a87d-998872f93ab6@group-5AEC6DEFAA36: ConfigurationManager, init=conf: {index: -1, cur=peers:[885623d6-9da4-492b-a87d-998872f93ab6|localhost:15004]|listeners:[], old=null}, confs=<EMPTY_MAP>
2025-07-19 06:06:58,458 [885623d6-9da4-492b-a87d-998872f93ab6-groupManagement] INFO  server.RaftServerConfigKeys (ConfUtils.java:logGet(62)) - raft.server.notification.no-leader.timeout = 60s (default)
2025-07-19 06:06:58,460 [885623d6-9da4-492b-a87d-998872f93ab6-groupManagement] INFO  server.RaftServerConfigKeys (ConfUtils.java:logGet(62)) - raft.server.read.timeout = 10s (default)
2025-07-19 06:06:58,463 [885623d6-9da4-492b-a87d-998872f93ab6-groupManagement] INFO  server.RaftServerConfigKeys (ConfUtils.java:logGet(62)) - raft.server.retrycache.expirytime = 60000ms (default)
2025-07-19 06:06:58,463 [885623d6-9da4-492b-a87d-998872f93ab6-groupManagement] INFO  server.RaftServerConfigKeys (ConfUtils.java:logGet(62)) - raft.server.retrycache.statistics.expirytime = 100ms (default)
2025-07-19 06:06:58,476 [885623d6-9da4-492b-a87d-998872f93ab6-groupManagement] INFO  server.RaftServerConfigKeys (ConfUtils.java:logGet(62)) - raft.server.read.option = DEFAULT (default)
2025-07-19 06:06:58,476 [885623d6-9da4-492b-a87d-998872f93ab6-groupManagement] INFO  server.RaftServerConfigKeys (ConfUtils.java:logGet(62)) - raft.server.read.read-after-write-consistent.write-index-cache.expiry-time = 60s (default)
2025-07-19 06:06:58,605 [885623d6-9da4-492b-a87d-998872f93ab6-groupManagement] INFO  server.RaftServerConfigKeys (ConfUtils.java:logGet(62)) - raft.server.log.appender.install.snapshot.enabled = false (custom)
2025-07-19 06:06:58,605 [885623d6-9da4-492b-a87d-998872f93ab6-groupManagement] INFO  server.RaftServerConfigKeys (ConfUtils.java:logGet(62)) - raft.server.threadpool.server.cached = true (default)
2025-07-19 06:06:58,606 [885623d6-9da4-492b-a87d-998872f93ab6-groupManagement] INFO  server.RaftServerConfigKeys (ConfUtils.java:logGet(62)) - raft.server.threadpool.server.size = 0 (default)
2025-07-19 06:06:58,606 [885623d6-9da4-492b-a87d-998872f93ab6-groupManagement] INFO  server.RaftServerConfigKeys (ConfUtils.java:logGet(62)) - raft.server.threadpool.client.cached = true (default)
2025-07-19 06:06:58,608 [885623d6-9da4-492b-a87d-998872f93ab6-groupManagement] INFO  server.RaftServerConfigKeys (ConfUtils.java:logGet(62)) - raft.server.threadpool.client.size = 0 (default)
2025-07-19 06:06:58,609 [885623d6-9da4-492b-a87d-998872f93ab6-impl-thread1] INFO  server.RaftServerConfigKeys (ConfUtils.java:logGet(62)) - raft.server.storage.free-space.min = 0MB (=0) (default)
2025-07-19 06:06:58,610 [885623d6-9da4-492b-a87d-998872f93ab6-impl-thread1] INFO  server.RaftServerConfigKeys (ConfUtils.java:logGet(62)) - raft.server.log.corruption.policy = EXCEPTION (default)
2025-07-19 06:06:58,615 [885623d6-9da4-492b-a87d-998872f93ab6-impl-thread1] INFO  storage.RaftStorageDirectory (RaftStorageDirectoryImpl.java:analyzeStorage(138)) - The storage directory /home/runner/work/ozone/ozone/hadoop-ozone/integration-test/target/test-dir/MiniOzoneClusterImpl-09c4c6e1-5ab0-4195-ac7b-5aec6defaa36/ozone-meta/scm-ha/09c4c6e1-5ab0-4195-ac7b-5aec6defaa36 does not exist. Creating ...
2025-07-19 06:06:58,619 [885623d6-9da4-492b-a87d-998872f93ab6-impl-thread1] INFO  storage.RaftStorageDirectory (RaftStorageDirectoryImpl.java:tryLock(229)) - Lock on /home/runner/work/ozone/ozone/hadoop-ozone/integration-test/target/test-dir/MiniOzoneClusterImpl-09c4c6e1-5ab0-4195-ac7b-5aec6defaa36/ozone-meta/scm-ha/09c4c6e1-5ab0-4195-ac7b-5aec6defaa36/in_use.lock acquired by nodename 18124@localhost
2025-07-19 06:06:58,623 [885623d6-9da4-492b-a87d-998872f93ab6-impl-thread1] INFO  storage.RaftStorage (RaftStorageImpl.java:format(98)) - Storage directory /home/runner/work/ozone/ozone/hadoop-ozone/integration-test/target/test-dir/MiniOzoneClusterImpl-09c4c6e1-5ab0-4195-ac7b-5aec6defaa36/ozone-meta/scm-ha/09c4c6e1-5ab0-4195-ac7b-5aec6defaa36 has been successfully formatted.
2025-07-19 06:06:58,625 [885623d6-9da4-492b-a87d-998872f93ab6-impl-thread1] INFO  ha.SCMStateMachine (SCMStateMachine.java:lambda$initialize$0(135)) - 885623d6-9da4-492b-a87d-998872f93ab6: initialize group-5AEC6DEFAA36
2025-07-19 06:06:58,626 [885623d6-9da4-492b-a87d-998872f93ab6-impl-thread1] INFO  server.RaftServerConfigKeys (ConfUtils.java:logGet(62)) - raft.server.log.use.memory = false (default)
2025-07-19 06:06:58,632 [885623d6-9da4-492b-a87d-998872f93ab6-impl-thread1] INFO  server.RaftServerConfigKeys (ConfUtils.java:logGet(62)) - raft.server.log.purge.gap = 1000000 (custom)
2025-07-19 06:06:58,633 [885623d6-9da4-492b-a87d-998872f93ab6-impl-thread1] INFO  server.RaftServerConfigKeys (ConfUtils.java:logGet(62)) - raft.server.log.appender.buffer.byte-limit = 4194304 (custom)
2025-07-19 06:06:58,634 [885623d6-9da4-492b-a87d-998872f93ab6-impl-thread1] INFO  server.RaftServerConfigKeys (ConfUtils.java:logGet(62)) - raft.server.log.statemachine.data.read.timeout = 1000ms (default)
2025-07-19 06:06:58,634 [885623d6-9da4-492b-a87d-998872f93ab6-impl-thread1] INFO  server.RaftServerConfigKeys (ConfUtils.java:logGet(62)) - raft.server.log.purge.preservation.log.num = 0 (default)
2025-07-19 06:06:58,637 [885623d6-9da4-492b-a87d-998872f93ab6-impl-thread1] INFO  server.RaftServerConfigKeys (ConfUtils.java:logGet(62)) - raft.server.log.segment.size.max = 4194304 (custom)
2025-07-19 06:06:58,641 [885623d6-9da4-492b-a87d-998872f93ab6-impl-thread1] INFO  server.RaftServerConfigKeys (ConfUtils.java:logGet(62)) - raft.server.log.segment.cache.num.max = 2 (custom)
2025-07-19 06:06:58,641 [885623d6-9da4-492b-a87d-998872f93ab6-impl-thread1] INFO  server.RaftServerConfigKeys (ConfUtils.java:logGet(62)) - raft.server.log.segment.cache.size.max = 200MB (=209715200) (default)
2025-07-19 06:06:58,641 [885623d6-9da4-492b-a87d-998872f93ab6-impl-thread1] INFO  server.RaftServerConfigKeys (ConfUtils.java:logGet(62)) - raft.server.log.appender.buffer.byte-limit = 4194304 (custom)
2025-07-19 06:06:58,643 [885623d6-9da4-492b-a87d-998872f93ab6-impl-thread1] INFO  util.AwaitToRun (AwaitToRun.java:start(81)) - Thread[#39,885623d6-9da4-492b-a87d-998872f93ab6@group-5AEC6DEFAA36-cacheEviction-AwaitToRun,5,main] started
2025-07-19 06:06:58,647 [885623d6-9da4-492b-a87d-998872f93ab6-impl-thread1] INFO  segmented.SegmentedRaftLogWorker (SegmentedRaftLogWorker.java:<init>(190)) - new 885623d6-9da4-492b-a87d-998872f93ab6@group-5AEC6DEFAA36-SegmentedRaftLogWorker for RaftStorageImpl:Storage Directory /home/runner/work/ozone/ozone/hadoop-ozone/integration-test/target/test-dir/MiniOzoneClusterImpl-09c4c6e1-5ab0-4195-ac7b-5aec6defaa36/ozone-meta/scm-ha/09c4c6e1-5ab0-4195-ac7b-5aec6defaa36
2025-07-19 06:06:58,647 [885623d6-9da4-492b-a87d-998872f93ab6-impl-thread1] INFO  server.RaftServerConfigKeys (ConfUtils.java:logGet(62)) - raft.server.log.queue.byte-limit = 64MB (=67108864) (default)
2025-07-19 06:06:58,648 [885623d6-9da4-492b-a87d-998872f93ab6-impl-thread1] INFO  server.RaftServerConfigKeys (ConfUtils.java:logGet(62)) - raft.server.log.queue.element-limit = 4096 (default)
2025-07-19 06:06:58,649 [885623d6-9da4-492b-a87d-998872f93ab6-impl-thread1] INFO  server.RaftServerConfigKeys (ConfUtils.java:logGet(62)) - raft.server.log.segment.size.max = 4194304 (custom)
2025-07-19 06:06:58,649 [885623d6-9da4-492b-a87d-998872f93ab6-impl-thread1] INFO  server.RaftServerConfigKeys (ConfUtils.java:logGet(62)) - raft.server.log.preallocated.size = 4194304 (custom)
2025-07-19 06:06:58,650 [885623d6-9da4-492b-a87d-998872f93ab6-impl-thread1] INFO  server.RaftServerConfigKeys (ConfUtils.java:logGet(62)) - raft.server.log.force.sync.num = 128 (default)
2025-07-19 06:06:58,651 [885623d6-9da4-492b-a87d-998872f93ab6-impl-thread1] INFO  server.RaftServerConfigKeys (ConfUtils.java:logGet(62)) - raft.server.log.statemachine.data.sync = true (default)
2025-07-19 06:06:58,651 [885623d6-9da4-492b-a87d-998872f93ab6-impl-thread1] INFO  server.RaftServerConfigKeys (ConfUtils.java:logGet(62)) - raft.server.log.statemachine.data.sync.timeout = 10s (default)
2025-07-19 06:06:58,651 [885623d6-9da4-492b-a87d-998872f93ab6-impl-thread1] INFO  server.RaftServerConfigKeys (ConfUtils.java:logGet(62)) - raft.server.log.statemachine.data.sync.timeout.retry = -1 (default)
2025-07-19 06:06:58,653 [885623d6-9da4-492b-a87d-998872f93ab6-impl-thread1] INFO  server.RaftServerConfigKeys (ConfUtils.java:logGet(62)) - raft.server.log.write.buffer.size = 4194312 (custom)
2025-07-19 06:06:58,655 [885623d6-9da4-492b-a87d-998872f93ab6-impl-thread1] INFO  server.RaftServerConfigKeys (ConfUtils.java:logGet(62)) - raft.server.log.appender.buffer.byte-limit = 4194304 (custom)
2025-07-19 06:06:58,655 [885623d6-9da4-492b-a87d-998872f93ab6-impl-thread1] INFO  server.RaftServerConfigKeys (ConfUtils.java:logGet(62)) - raft.server.log.unsafe-flush.enabled = false (default)
2025-07-19 06:06:58,656 [885623d6-9da4-492b-a87d-998872f93ab6-impl-thread1] INFO  server.RaftServerConfigKeys (ConfUtils.java:logGet(62)) - raft.server.log.async-flush.enabled = false (default)
2025-07-19 06:06:58,656 [885623d6-9da4-492b-a87d-998872f93ab6-impl-thread1] INFO  server.RaftServerConfigKeys (ConfUtils.java:logGet(62)) - raft.server.log.statemachine.data.caching.enabled = false (default)
2025-07-19 06:06:58,661 [885623d6-9da4-492b-a87d-998872f93ab6-impl-thread1] INFO  segmented.SegmentedRaftLogWorker (SegmentedRaftLogWorker.java:lambda$new$0(141)) - 885623d6-9da4-492b-a87d-998872f93ab6@group-5AEC6DEFAA36-SegmentedRaftLogWorker: flushIndex: setUnconditionally 0 -> -1
2025-07-19 06:06:58,661 [885623d6-9da4-492b-a87d-998872f93ab6-impl-thread1] INFO  segmented.SegmentedRaftLogWorker (SegmentedRaftLogWorker.java:lambda$new$0(141)) - 885623d6-9da4-492b-a87d-998872f93ab6@group-5AEC6DEFAA36-SegmentedRaftLogWorker: safeCacheEvictIndex: setUnconditionally 0 -> -1
2025-07-19 06:06:58,662 [885623d6-9da4-492b-a87d-998872f93ab6-impl-thread1] INFO  server.RaftServer$Division (RaftServerImpl.java:start(405)) - 885623d6-9da4-492b-a87d-998872f93ab6@group-5AEC6DEFAA36: start as a follower, conf=conf: {index: -1, cur=peers:[885623d6-9da4-492b-a87d-998872f93ab6|localhost:15004]|listeners:[], old=null}
2025-07-19 06:06:58,662 [885623d6-9da4-492b-a87d-998872f93ab6-impl-thread1] INFO  server.RaftServer$Division (RaftServerImpl.java:setRole(392)) - 885623d6-9da4-492b-a87d-998872f93ab6@group-5AEC6DEFAA36: changes role from      null to FOLLOWER at term 0 for startAsFollower
2025-07-19 06:06:58,664 [885623d6-9da4-492b-a87d-998872f93ab6-impl-thread1] INFO  impl.RoleInfo (RoleInfo.java:updateAndGet(148)) - 885623d6-9da4-492b-a87d-998872f93ab6: start 885623d6-9da4-492b-a87d-998872f93ab6@group-5AEC6DEFAA36-FollowerState
2025-07-19 06:06:58,665 [885623d6-9da4-492b-a87d-998872f93ab6@group-5AEC6DEFAA36-FollowerState] INFO  server.RaftServerConfigKeys (ConfUtils.java:logGet(62)) - raft.server.rpc.first-election.timeout.min = 1000ms (custom)
2025-07-19 06:06:58,665 [885623d6-9da4-492b-a87d-998872f93ab6@group-5AEC6DEFAA36-FollowerState] INFO  server.RaftServerConfigKeys (ConfUtils.java:logGet(62)) - raft.server.rpc.first-election.timeout.max = 1200ms (custom)
2025-07-19 06:06:58,666 [885623d6-9da4-492b-a87d-998872f93ab6-impl-thread1] INFO  util.JmxRegister (JmxRegister.java:tryRegister(44)) - Successfully registered JMX Bean with object name Ratis:service=RaftServer,group=group-5AEC6DEFAA36,id=885623d6-9da4-492b-a87d-998872f93ab6
2025-07-19 06:06:58,666 [885623d6-9da4-492b-a87d-998872f93ab6-impl-thread1] INFO  util.JmxRegister (JmxRegister.java:register(58)) - register mxBean class org.apache.ratis.server.impl.RaftServerJmxAdapter as Ratis:service=RaftServer,group=group-5AEC6DEFAA36,id=885623d6-9da4-492b-a87d-998872f93ab6
2025-07-19 06:06:58,668 [885623d6-9da4-492b-a87d-998872f93ab6-impl-thread1] INFO  server.RaftServerConfigKeys (ConfUtils.java:logGet(62)) - raft.server.snapshot.trigger-when-stop.enabled = true (default)
2025-07-19 06:06:58,668 [885623d6-9da4-492b-a87d-998872f93ab6-impl-thread1] INFO  server.RaftServerConfigKeys (ConfUtils.java:logGet(62)) - raft.server.snapshot.trigger-when-remove.enabled = true (default)
2025-07-19 06:06:58,669 [885623d6-9da4-492b-a87d-998872f93ab6-impl-thread1] INFO  server.RaftServerConfigKeys (ConfUtils.java:logGet(62)) - raft.server.snapshot.auto.trigger.enabled = true (custom)
2025-07-19 06:06:58,669 [885623d6-9da4-492b-a87d-998872f93ab6-impl-thread1] INFO  server.RaftServerConfigKeys (ConfUtils.java:logGet(62)) - raft.server.snapshot.auto.trigger.threshold = 1000 (custom)
2025-07-19 06:06:58,670 [885623d6-9da4-492b-a87d-998872f93ab6-impl-thread1] INFO  server.RaftServerConfigKeys (ConfUtils.java:logGet(62)) - raft.server.snapshot.retention.file.num = -1 (default)
2025-07-19 06:06:58,670 [885623d6-9da4-492b-a87d-998872f93ab6-impl-thread1] INFO  server.RaftServerConfigKeys (ConfUtils.java:logGet(62)) - raft.server.log.purge.upto.snapshot.index = false (default)
2025-07-19 06:06:58,674 [885623d6-9da4-492b-a87d-998872f93ab6-impl-thread1] INFO  server.RaftServer$Division (RaftServerImpl.java:start(419)) - 885623d6-9da4-492b-a87d-998872f93ab6@group-5AEC6DEFAA36: Successfully started.
2025-07-19 06:06:58,675 [main] INFO  server.RaftServer (RaftServerProxy.java:startImpl(412)) - 885623d6-9da4-492b-a87d-998872f93ab6: start RPC server
2025-07-19 06:06:58,713 [main] INFO  server.GrpcServicesImpl (GrpcServicesImpl.java:startImpl(346)) - 885623d6-9da4-492b-a87d-998872f93ab6: GrpcServicesImpl started, listening on 15004
2025-07-19 06:06:58,714 [JvmPauseMonitor0] INFO  util.JvmPauseMonitor (JvmPauseMonitor.java:run(146)) - JvmPauseMonitor-885623d6-9da4-492b-a87d-998872f93ab6: Started
2025-07-19 06:06:59,740 [885623d6-9da4-492b-a87d-998872f93ab6@group-5AEC6DEFAA36-FollowerState] INFO  impl.FollowerState (FollowerState.java:runImpl(161)) - 885623d6-9da4-492b-a87d-998872f93ab6@group-5AEC6DEFAA36-FollowerState: change to CANDIDATE, lastRpcElapsedTime:1076033465ns, electionTimeout:1073ms
2025-07-19 06:06:59,740 [885623d6-9da4-492b-a87d-998872f93ab6@group-5AEC6DEFAA36-FollowerState] INFO  impl.RoleInfo (RoleInfo.java:shutdownFollowerState(121)) - 885623d6-9da4-492b-a87d-998872f93ab6: shutdown 885623d6-9da4-492b-a87d-998872f93ab6@group-5AEC6DEFAA36-FollowerState
2025-07-19 06:06:59,740 [885623d6-9da4-492b-a87d-998872f93ab6@group-5AEC6DEFAA36-FollowerState] INFO  server.RaftServer$Division (RaftServerImpl.java:setRole(392)) - 885623d6-9da4-492b-a87d-998872f93ab6@group-5AEC6DEFAA36: changes role from  FOLLOWER to CANDIDATE at term 0 for changeToCandidate
2025-07-19 06:06:59,742 [885623d6-9da4-492b-a87d-998872f93ab6@group-5AEC6DEFAA36-FollowerState] INFO  server.RaftServerConfigKeys (ConfUtils.java:logGet(62)) - raft.server.leaderelection.pre-vote = true (default)
2025-07-19 06:06:59,743 [885623d6-9da4-492b-a87d-998872f93ab6@group-5AEC6DEFAA36-FollowerState] INFO  impl.RoleInfo (RoleInfo.java:updateAndGet(148)) - 885623d6-9da4-492b-a87d-998872f93ab6: start 885623d6-9da4-492b-a87d-998872f93ab6@group-5AEC6DEFAA36-LeaderElection1
2025-07-19 06:06:59,745 [885623d6-9da4-492b-a87d-998872f93ab6@group-5AEC6DEFAA36-LeaderElection1] INFO  impl.LeaderElection (LeaderElection.java:askForVotes(448)) - 885623d6-9da4-492b-a87d-998872f93ab6@group-5AEC6DEFAA36-LeaderElection1 PRE_VOTE round 0: submit vote requests at term 0 for conf: {index: -1, cur=peers:[885623d6-9da4-492b-a87d-998872f93ab6|localhost:15004]|listeners:[], old=null}
2025-07-19 06:06:59,746 [885623d6-9da4-492b-a87d-998872f93ab6@group-5AEC6DEFAA36-LeaderElection1] INFO  impl.LeaderElection (LeaderElection.java:askForVotes(450)) - 885623d6-9da4-492b-a87d-998872f93ab6@group-5AEC6DEFAA36-LeaderElection1 PRE_VOTE round 0: result PASSED (term=0)
2025-07-19 06:06:59,748 [885623d6-9da4-492b-a87d-998872f93ab6@group-5AEC6DEFAA36-LeaderElection1] INFO  impl.LeaderElection (LeaderElection.java:askForVotes(448)) - 885623d6-9da4-492b-a87d-998872f93ab6@group-5AEC6DEFAA36-LeaderElection1 ELECTION round 0: submit vote requests at term 1 for conf: {index: -1, cur=peers:[885623d6-9da4-492b-a87d-998872f93ab6|localhost:15004]|listeners:[], old=null}
2025-07-19 06:06:59,748 [885623d6-9da4-492b-a87d-998872f93ab6@group-5AEC6DEFAA36-LeaderElection1] INFO  impl.LeaderElection (LeaderElection.java:askForVotes(450)) - 885623d6-9da4-492b-a87d-998872f93ab6@group-5AEC6DEFAA36-LeaderElection1 ELECTION round 0: result PASSED (term=1)
2025-07-19 06:06:59,748 [885623d6-9da4-492b-a87d-998872f93ab6@group-5AEC6DEFAA36-LeaderElection1] INFO  impl.RoleInfo (RoleInfo.java:shutdownLeaderElection(141)) - 885623d6-9da4-492b-a87d-998872f93ab6: shutdown 885623d6-9da4-492b-a87d-998872f93ab6@group-5AEC6DEFAA36-LeaderElection1
2025-07-19 06:06:59,749 [885623d6-9da4-492b-a87d-998872f93ab6@group-5AEC6DEFAA36-LeaderElection1] INFO  server.RaftServer$Division (RaftServerImpl.java:setRole(392)) - 885623d6-9da4-492b-a87d-998872f93ab6@group-5AEC6DEFAA36: changes role from CANDIDATE to LEADER at term 1 for changeToLeader
2025-07-19 06:06:59,752 [885623d6-9da4-492b-a87d-998872f93ab6@group-5AEC6DEFAA36-LeaderElection1] INFO  server.RaftServerConfigKeys (ConfUtils.java:logGet(62)) - raft.server.staging.catchup.gap = 1000 (default)
2025-07-19 06:06:59,752 [885623d6-9da4-492b-a87d-998872f93ab6@group-5AEC6DEFAA36-LeaderElection1] INFO  server.RaftServerConfigKeys (ConfUtils.java:logFallback(69)) - raft.server.staging.timeout = 15600ms (fallback to raft.server.rpc.timeout.max)
2025-07-19 06:06:59,754 [885623d6-9da4-492b-a87d-998872f93ab6@group-5AEC6DEFAA36-LeaderElection1] INFO  server.RaftServerConfigKeys (ConfUtils.java:logGet(62)) - raft.server.write.element-limit = 4096 (default)
2025-07-19 06:06:59,755 [885623d6-9da4-492b-a87d-998872f93ab6@group-5AEC6DEFAA36-LeaderElection1] INFO  server.RaftServerConfigKeys (ConfUtils.java:logGet(62)) - raft.server.write.byte-limit = 64MB (=67108864) (default)
2025-07-19 06:06:59,757 [885623d6-9da4-492b-a87d-998872f93ab6@group-5AEC6DEFAA36-LeaderElection1] INFO  server.RaftServerConfigKeys (ConfUtils.java:logGet(62)) - raft.server.watch.timeout = 10s (default)
2025-07-19 06:06:59,758 [885623d6-9da4-492b-a87d-998872f93ab6@group-5AEC6DEFAA36-LeaderElection1] INFO  server.RaftServerConfigKeys (ConfUtils.java:logGet(62)) - raft.server.watch.timeout.denomination = 1s (default)
2025-07-19 06:06:59,758 [885623d6-9da4-492b-a87d-998872f93ab6@group-5AEC6DEFAA36-LeaderElection1] INFO  server.RaftServerConfigKeys (ConfUtils.java:logGet(62)) - raft.server.watch.element-limit = 65536 (default)
2025-07-19 06:06:59,764 [885623d6-9da4-492b-a87d-998872f93ab6@group-5AEC6DEFAA36-LeaderElection1] INFO  server.RaftServerConfigKeys (ConfUtils.java:logGet(62)) - raft.server.read.leader.lease.enabled = false (default)
2025-07-19 06:06:59,766 [885623d6-9da4-492b-a87d-998872f93ab6@group-5AEC6DEFAA36-LeaderElection1] INFO  server.RaftServerConfigKeys (ConfUtils.java:logGet(62)) - raft.server.read.leader.lease.timeout.ratio = 0.9 (default)
2025-07-19 06:06:59,766 [885623d6-9da4-492b-a87d-998872f93ab6@group-5AEC6DEFAA36-LeaderElection1] INFO  server.RaftServerConfigKeys (ConfUtils.java:logGet(62)) - raft.server.log.log-metadata.enabled = false (custom)
2025-07-19 06:06:59,767 [885623d6-9da4-492b-a87d-998872f93ab6@group-5AEC6DEFAA36-LeaderElection1] INFO  server.RaftServerConfigKeys (ConfUtils.java:logGet(62)) - raft.server.write.follower.gap.ratio.max = -1.0 (default)
2025-07-19 06:06:59,768 [885623d6-9da4-492b-a87d-998872f93ab6@group-5AEC6DEFAA36-LeaderElection1] INFO  impl.RoleInfo (RoleInfo.java:updateAndGet(148)) - 885623d6-9da4-492b-a87d-998872f93ab6: start 885623d6-9da4-492b-a87d-998872f93ab6@group-5AEC6DEFAA36-LeaderStateImpl
2025-07-19 06:06:59,769 [885623d6-9da4-492b-a87d-998872f93ab6@group-5AEC6DEFAA36-LeaderElection1] INFO  server.RaftServer$Division (RaftServerImpl.java:setFirstElection(576)) - 885623d6-9da4-492b-a87d-998872f93ab6@group-5AEC6DEFAA36: set firstElectionSinceStartup to false for becomeLeader
2025-07-19 06:06:59,769 [885623d6-9da4-492b-a87d-998872f93ab6@group-5AEC6DEFAA36-LeaderElection1] INFO  server.RaftServer$Division (ServerState.java:setLeader(272)) - 885623d6-9da4-492b-a87d-998872f93ab6@group-5AEC6DEFAA36: change Leader from null to 885623d6-9da4-492b-a87d-998872f93ab6 at term 1 for becomeLeader, leader elected after 1310ms
2025-07-19 06:06:59,783 [885623d6-9da4-492b-a87d-998872f93ab6@group-5AEC6DEFAA36-LeaderElection1] INFO  segmented.SegmentedRaftLogWorker (SegmentedRaftLogWorker.java:startLogSegment(440)) - 885623d6-9da4-492b-a87d-998872f93ab6@group-5AEC6DEFAA36-SegmentedRaftLogWorker: Starting segment from index:0
2025-07-19 06:06:59,797 [885623d6-9da4-492b-a87d-998872f93ab6@group-5AEC6DEFAA36-LeaderElection1] INFO  server.RaftServer$Division (ServerState.java:setRaftConf(386)) - 885623d6-9da4-492b-a87d-998872f93ab6@group-5AEC6DEFAA36: set configuration conf: {index: 0, cur=peers:[885623d6-9da4-492b-a87d-998872f93ab6|localhost:15004]|listeners:[], old=null}
2025-07-19 06:06:59,812 [885623d6-9da4-492b-a87d-998872f93ab6@group-5AEC6DEFAA36-SegmentedRaftLogWorker] INFO  segmented.BufferedWriteChannel (BufferedWriteChannel.java:open(61)) - open log_inprogress_0 at position 0
2025-07-19 06:06:59,820 [885623d6-9da4-492b-a87d-998872f93ab6@group-5AEC6DEFAA36-SegmentedRaftLogWorker] INFO  segmented.SegmentedRaftLogWorker (SegmentedRaftLogWorker.java:execute(647)) - 885623d6-9da4-492b-a87d-998872f93ab6@group-5AEC6DEFAA36-SegmentedRaftLogWorker: created new log segment /home/runner/work/ozone/ozone/hadoop-ozone/integration-test/target/test-dir/MiniOzoneClusterImpl-09c4c6e1-5ab0-4195-ac7b-5aec6defaa36/ozone-meta/scm-ha/09c4c6e1-5ab0-4195-ac7b-5aec6defaa36/current/log_inprogress_0
2025-07-19 06:06:59,828 [885623d6-9da4-492b-a87d-998872f93ab6@group-5AEC6DEFAA36-StateMachineUpdater] INFO  server.RaftServer$Division (LeaderStateImpl.java:checkStartIndex(309)) - Leader 885623d6-9da4-492b-a87d-998872f93ab6@group-5AEC6DEFAA36-LeaderStateImpl is ready since appliedIndex == startIndex == 0
2025-07-19 06:07:00,715 [main] INFO  server.RaftServer (RaftServerProxy.java:lambda$close$9(422)) - 885623d6-9da4-492b-a87d-998872f93ab6: close
2025-07-19 06:07:00,717 [main] INFO  server.GrpcServicesImpl (GrpcServicesImpl.java:closeImpl(355)) - 885623d6-9da4-492b-a87d-998872f93ab6: shutdown server GrpcServerProtocolService now
2025-07-19 06:07:00,717 [885623d6-9da4-492b-a87d-998872f93ab6-impl-thread1] INFO  server.RaftServer$Division (RaftServerImpl.java:lambda$close$1(527)) - 885623d6-9da4-492b-a87d-998872f93ab6@group-5AEC6DEFAA36: shutdown
2025-07-19 06:07:00,718 [885623d6-9da4-492b-a87d-998872f93ab6-impl-thread1] INFO  util.JmxRegister (JmxRegister.java:unregister(74)) - Successfully un-registered JMX Bean with object name Ratis:service=RaftServer,group=group-5AEC6DEFAA36,id=885623d6-9da4-492b-a87d-998872f93ab6
2025-07-19 06:07:00,718 [885623d6-9da4-492b-a87d-998872f93ab6-impl-thread1] INFO  impl.RoleInfo (RoleInfo.java:shutdownLeaderState(103)) - 885623d6-9da4-492b-a87d-998872f93ab6: shutdown 885623d6-9da4-492b-a87d-998872f93ab6@group-5AEC6DEFAA36-LeaderStateImpl
2025-07-19 06:07:00,723 [885623d6-9da4-492b-a87d-998872f93ab6-impl-thread1] INFO  impl.PendingRequests (PendingRequests.java:sendNotLeaderResponses(287)) - 885623d6-9da4-492b-a87d-998872f93ab6@group-5AEC6DEFAA36-PendingRequests: sendNotLeaderResponses
2025-07-19 06:07:00,724 [main] INFO  server.GrpcServicesImpl (GrpcServicesImpl.java:closeImpl(364)) - 885623d6-9da4-492b-a87d-998872f93ab6: shutdown server GrpcServerProtocolService successfully
2025-07-19 06:07:00,726 [885623d6-9da4-492b-a87d-998872f93ab6-impl-thread1] INFO  impl.StateMachineUpdater (StateMachineUpdater.java:stopAndJoin(163)) - 885623d6-9da4-492b-a87d-998872f93ab6@group-5AEC6DEFAA36-StateMachineUpdater: set stopIndex = 0
2025-07-19 06:07:00,726 [885623d6-9da4-492b-a87d-998872f93ab6@group-5AEC6DEFAA36-StateMachineUpdater] INFO  impl.StateMachineUpdater (StateMachineUpdater.java:takeSnapshot(307)) - 885623d6-9da4-492b-a87d-998872f93ab6@group-5AEC6DEFAA36-StateMachineUpdater: Took a snapshot at index 0
2025-07-19 06:07:00,726 [885623d6-9da4-492b-a87d-998872f93ab6@group-5AEC6DEFAA36-StateMachineUpdater] INFO  impl.StateMachineUpdater (StateMachineUpdater.java:lambda$new$0(101)) - 885623d6-9da4-492b-a87d-998872f93ab6@group-5AEC6DEFAA36-StateMachineUpdater: snapshotIndex: updateIncreasingly -1 -> 0
2025-07-19 06:07:00,728 [885623d6-9da4-492b-a87d-998872f93ab6@group-5AEC6DEFAA36-StateMachineUpdater] INFO  impl.StateMachineUpdater (StateMachineUpdater.java:stop(140)) - 885623d6-9da4-492b-a87d-998872f93ab6@group-5AEC6DEFAA36-StateMachineUpdater: closing SCMStateMachine, lastApplied=(t:1, i:0)
2025-07-19 06:07:00,728 [885623d6-9da4-492b-a87d-998872f93ab6@group-5AEC6DEFAA36-cacheEviction-AwaitToRun] INFO  util.AwaitToRun (AwaitToRun.java:run(49)) - 885623d6-9da4-492b-a87d-998872f93ab6@group-5AEC6DEFAA36-cacheEviction-AwaitToRun-AwaitForSignal is interrupted
2025-07-19 06:07:00,825 [885623d6-9da4-492b-a87d-998872f93ab6-impl-thread1] INFO  segmented.SegmentedRaftLogWorker (SegmentedRaftLogWorker.java:close(254)) - 885623d6-9da4-492b-a87d-998872f93ab6@group-5AEC6DEFAA36-SegmentedRaftLogWorker close()
2025-07-19 06:07:00,830 [JvmPauseMonitor0] INFO  util.JvmPauseMonitor (JvmPauseMonitor.java:run(152)) - JvmPauseMonitor-885623d6-9da4-492b-a87d-998872f93ab6: Stopped
2025-07-19 06:07:00,864 [main] WARN  server.ServerUtils (ServerUtils.java:getScmDbDir(138)) - ozone.scm.db.dirs is not configured. We recommend adding this setting. Falling back to ozone.metadata.dirs instead.
2025-07-19 06:07:00,866 [main] INFO  ha.SCMHANodeDetails (SCMHANodeDetails.java:loadSCMHAConfig(162)) - ServiceID for StorageContainerManager is null
2025-07-19 06:07:00,866 [main] INFO  ha.SCMHANodeDetails (SCMHANodeDetails.java:loadSCMHAConfig(166)) - ozone.scm.default.service.id is not defined, falling back to ozone.scm.service.ids to find serviceID for StorageContainerManager if it is HA enabled cluster
2025-07-19 06:07:01,319 [main] WARN  utils.HAUtils (HAUtils.java:getMetaDir(312)) - ozone.scm.db.dirs is not configured. We recommend adding this setting. Falling back to ozone.metadata.dirs instead.
2025-07-19 06:07:01,428 [main] WARN  db.DBStoreBuilder (DBStoreBuilder.java:getDBDirPath(158)) - ozone.scm.db.dirs is not configured. We recommend adding this setting. Falling back to ozone.metadata.dirs instead.
2025-07-19 06:07:01,614 [main] INFO  net.NodeSchemaLoader (NodeSchemaLoader.java:loadSchemaFromFile(128)) - Loading schema from [jar:file:/home/runner/work/ozone/ozone/hadoop-hdds/common/target/hdds-common-2.1.0-SNAPSHOT.jar!/network-topology-default.xml]
2025-07-19 06:07:01,616 [main] INFO  net.NodeSchemaLoader (NodeSchemaLoader.java:loadSchema(175)) - Loading network topology layer schema file
2025-07-19 06:07:01,700 [main] INFO  ha.SCMRatisServerImpl (SCMRatisServerImpl.java:<init>(100)) - starting Raft server for scm:885623d6-9da4-492b-a87d-998872f93ab6
2025-07-19 06:07:01,702 [main] INFO  server.RaftServerConfigKeys (ConfUtils.java:logGet(62)) - raft.server.log.appender.buffer.byte-limit = 4194304 (custom)
2025-07-19 06:07:01,704 [main] INFO  grpc.GrpcConfigKeys (ConfUtils.java:logFallback(69)) - raft.grpc.admin.host = null (fallback to raft.grpc.server.host)
2025-07-19 06:07:01,704 [main] INFO  grpc.GrpcConfigKeys (ConfUtils.java:logFallback(69)) - raft.grpc.admin.port = 15004 (fallback to raft.grpc.server.port)
2025-07-19 06:07:01,705 [main] INFO  grpc.GrpcConfigKeys (ConfUtils.java:logFallback(69)) - raft.grpc.client.host = null (fallback to raft.grpc.server.host)
2025-07-19 06:07:01,705 [main] INFO  grpc.GrpcConfigKeys (ConfUtils.java:logFallback(69)) - raft.grpc.client.port = 15004 (fallback to raft.grpc.server.port)
2025-07-19 06:07:01,705 [main] INFO  server.GrpcServicesImpl (ConfUtils.java:logGet(62)) - raft.grpc.message.size.max = 5242880 (custom)
2025-07-19 06:07:01,705 [main] INFO  server.RaftServerConfigKeys (ConfUtils.java:logGet(62)) - raft.server.log.appender.buffer.byte-limit = 4194304 (custom)
2025-07-19 06:07:01,707 [885623d6-9da4-492b-a87d-998872f93ab6-impl-thread1] INFO  server.RaftServer (RaftServerProxy.java:initGroupDir(270)) - 885623d6-9da4-492b-a87d-998872f93ab6: found a subdirectory /home/runner/work/ozone/ozone/hadoop-ozone/integration-test/target/test-dir/MiniOzoneClusterImpl-09c4c6e1-5ab0-4195-ac7b-5aec6defaa36/ozone-meta/scm-ha/09c4c6e1-5ab0-4195-ac7b-5aec6defaa36
2025-07-19 06:07:01,708 [main] INFO  server.RaftServer (RaftServerProxy.java:addNew(105)) - 885623d6-9da4-492b-a87d-998872f93ab6: addNew group-5AEC6DEFAA36:[] returns group-5AEC6DEFAA36:java.util.concurrent.CompletableFuture@37c2f0b4[Not completed]
2025-07-19 06:07:01,710 [885623d6-9da4-492b-a87d-998872f93ab6-groupManagement] INFO  server.RaftServer$Division (RaftServerImpl.java:<init>(268)) - 885623d6-9da4-492b-a87d-998872f93ab6: new RaftServerImpl for group-5AEC6DEFAA36:[] with SCMStateMachine:uninitialized
2025-07-19 06:07:01,710 [885623d6-9da4-492b-a87d-998872f93ab6-groupManagement] INFO  server.RaftServer$Division (ServerState.java:<init>(114)) - 885623d6-9da4-492b-a87d-998872f93ab6@group-5AEC6DEFAA36: ConfigurationManager, init=conf: {index: -1, cur=peers:[]|listeners:[], old=null}, confs=<EMPTY_MAP>
2025-07-19 06:07:01,719 [main] INFO  ha.SCMSnapshotProvider (SCMSnapshotProvider.java:<init>(61)) - Initializing SCM Snapshot Provider
2025-07-19 06:07:01,719 [main] WARN  server.ServerUtils (ServerUtils.java:getDefaultRatisDirectory(304)) - Storage directory for Ratis is not configured. It is a good idea to map this to an SSD disk. Falling back to ozone.metadata.dirs
2025-07-19 06:07:01,719 [main] WARN  ha.SCMHAUtils (SCMHAUtils.java:getSCMRatisSnapshotDirectory(120)) - SCM snapshot dir is not configured. Falling back to ozone.metadata.dirs config
2025-07-19 06:07:01,740 [main] INFO  upgrade.AbstractLayoutVersionManager (AbstractLayoutVersionManager.java:init(80)) - Initializing Layout version manager with metadata layout = HBASE_SUPPORT (version = 8), software layout = HBASE_SUPPORT (version = 8)
2025-07-19 06:07:01,762 [main] INFO  ha.SequenceIdGenerator (SequenceIdGenerator.java:upgradeToSequenceId(353)) - upgrade localId to 115816896921600000
2025-07-19 06:07:01,764 [main] INFO  ha.SequenceIdGenerator (SequenceIdGenerator.java:upgradeToSequenceId(363)) - upgrade delTxnId to 0
2025-07-19 06:07:01,769 [main] INFO  ha.SequenceIdGenerator (SequenceIdGenerator.java:upgradeToSequenceId(379)) - upgrade containerId to 0
2025-07-19 06:07:01,772 [main] INFO  ha.SequenceIdGenerator (SequenceIdGenerator.java:upgradeToCertificateSequenceId(414)) - upgrade CertificateId to 2
2025-07-19 06:07:01,774 [main] INFO  ha.SequenceIdGenerator (SequenceIdGenerator.java:<init>(231)) - Init the HA SequenceIdGenerator.
2025-07-19 06:07:01,812 [main] INFO  node.SCMNodeManager (SCMNodeManager.java:<init>(180)) - Entering startup safe mode.
2025-07-19 06:07:01,822 [main] INFO  algorithms.ContainerPlacementPolicyFactory (ContainerPlacementPolicyFactory.java:getPolicyInternal(83)) - Create container placement policy of type org.apache.hadoop.hdds.scm.container.placement.algorithms.SCMContainerPlacementRackAware
2025-07-19 06:07:01,826 [main] INFO  algorithms.ContainerPlacementPolicyFactory (ContainerPlacementPolicyFactory.java:getPolicyInternal(83)) - Create container placement policy of type org.apache.hadoop.hdds.scm.container.placement.algorithms.SCMContainerPlacementRackScatter
2025-07-19 06:07:01,833 [main] INFO  pipeline.PipelineStateManagerImpl (PipelineStateManagerImpl.java:initialize(75)) - No pipeline exists in current db
2025-07-19 06:07:01,843 [main] INFO  algorithms.LeaderChoosePolicyFactory (LeaderChoosePolicyFactory.java:getPolicy(55)) - Create leader choose policy of type org.apache.hadoop.hdds.scm.pipeline.leader.choose.algorithms.MinLeaderCountChoosePolicy
2025-07-19 06:07:01,844 [main] INFO  algorithms.ContainerPlacementPolicyFactory (ContainerPlacementPolicyFactory.java:getPolicyInternal(83)) - Create container placement policy of type org.apache.hadoop.hdds.scm.container.placement.algorithms.SCMContainerPlacementRackScatter
2025-07-19 06:07:01,850 [main] INFO  ha.SCMServiceManager (SCMServiceManager.java:register(42)) - Registering service BackgroundPipelineCreator.
2025-07-19 06:07:01,850 [main] INFO  pipeline.BackgroundPipelineCreator (BackgroundPipelineCreator.java:start(126)) - Starting RatisPipelineUtilsThread.
2025-07-19 06:07:01,852 [main] INFO  BackgroundPipelineScrubber (BackgroundSCMService.java:start(64)) - Starting BackgroundPipelineScrubber Service.
2025-07-19 06:07:01,853 [main] INFO  ha.SCMServiceManager (SCMServiceManager.java:register(42)) - Registering service BackgroundPipelineScrubber.
2025-07-19 06:07:01,857 [main] INFO  ExpiredContainerReplicaOpScrubber (BackgroundSCMService.java:start(64)) - Starting ExpiredContainerReplicaOpScrubber Service.
2025-07-19 06:07:01,857 [main] INFO  ha.SCMServiceManager (SCMServiceManager.java:register(42)) - Registering service ExpiredContainerReplicaOpScrubber.
2025-07-19 06:07:01,877 [main] INFO  algorithms.PipelineChoosePolicyFactory (PipelineChoosePolicyFactory.java:createPipelineChoosePolicyFromClass(78)) - Create pipeline choose policy of type org.apache.hadoop.hdds.scm.pipeline.choose.algorithms.RandomPipelineChoosePolicy
2025-07-19 06:07:01,877 [main] INFO  algorithms.PipelineChoosePolicyFactory (PipelineChoosePolicyFactory.java:createPipelineChoosePolicyFromClass(78)) - Create pipeline choose policy of type org.apache.hadoop.hdds.scm.pipeline.choose.algorithms.RandomPipelineChoosePolicy
2025-07-19 06:07:01,908 [main] INFO  ha.SCMServiceManager (SCMServiceManager.java:register(42)) - Registering service SCMBlockDeletingService.
2025-07-19 06:07:01,953 [main] INFO  replication.ReplicationManager (ReplicationManager.java:start(285)) - Starting Replication Monitor Thread.
2025-07-19 06:07:01,954 [main] INFO  ha.SCMServiceManager (SCMServiceManager.java:register(42)) - Registering service ReplicationManager.
2025-07-19 06:07:01,963 [main] INFO  safemode.RatisContainerSafeModeRule (RatisContainerSafeModeRule.java:initializeRule(160)) - Refreshed Containers with one replica threshold count 0.
2025-07-19 06:07:01,965 [main] INFO  safemode.ECContainerSafeModeRule (ECContainerSafeModeRule.java:initializeRule(204)) - Refreshed Containers with ec n replica threshold count 0.
2025-07-19 06:07:01,968 [main] INFO  safemode.HealthyPipelineSafeModeRule (HealthyPipelineSafeModeRule.java:initializeRule(232)) - Total pipeline count is 0, healthy pipeline threshold count is 1
2025-07-19 06:07:01,970 [main] INFO  safemode.OneReplicaPipelineSafeModeRule (OneReplicaPipelineSafeModeRule.java:initializeRule(190)) - Total pipeline count is 0, pipeline's with at least one datanode reported threshold count is 0
2025-07-19 06:07:02,017 [main] INFO  server.StorageContainerManager (StorageContainerManager.java:<init>(433)) - SCM start with adminUsers: [admin, runner]
2025-07-19 06:07:02,248 [main] INFO  audit.AuditLogger (AuditLogger.java:refreshDebugCmdSet(133)) - Refresh DebugCmdSet for SCMAudit to [].
2025-07-19 06:07:02,271 [main] INFO  ipc.CallQueueManager (CallQueueManager.java:<init>(93)) - Using callQueue: class java.util.concurrent.LinkedBlockingQueue, queueCapacity: 10000, scheduler: class org.apache.hadoop.ipc.DefaultRpcScheduler, ipcBackoff: false, ipcFailOver: false.
2025-07-19 06:07:02,295 [main] INFO  ipc.Server (Server.java:<init>(1438)) - Listener at 0.0.0.0:15002
2025-07-19 06:07:02,296 [Socket Reader #1 for port 15002] INFO  ipc.Server (Server.java:run(1474)) - Starting Socket Reader #1 for port 15002
2025-07-19 06:07:02,297 [Socket Reader #2 for port 15002] INFO  ipc.Server (Server.java:run(1474)) - Starting Socket Reader #2 for port 15002
2025-07-19 06:07:02,298 [Socket Reader #3 for port 15002] INFO  ipc.Server (Server.java:run(1474)) - Starting Socket Reader #3 for port 15002
2025-07-19 06:07:02,298 [Socket Reader #4 for port 15002] INFO  ipc.Server (Server.java:run(1474)) - Starting Socket Reader #4 for port 15002
2025-07-19 06:07:02,299 [Socket Reader #5 for port 15002] INFO  ipc.Server (Server.java:run(1474)) - Starting Socket Reader #5 for port 15002
2025-07-19 06:07:02,300 [Socket Reader #6 for port 15002] INFO  ipc.Server (Server.java:run(1474)) - Starting Socket Reader #6 for port 15002
2025-07-19 06:07:02,300 [Socket Reader #7 for port 15002] INFO  ipc.Server (Server.java:run(1474)) - Starting Socket Reader #7 for port 15002
2025-07-19 06:07:02,301 [Socket Reader #8 for port 15002] INFO  ipc.Server (Server.java:run(1474)) - Starting Socket Reader #8 for port 15002
2025-07-19 06:07:02,301 [Socket Reader #9 for port 15002] INFO  ipc.Server (Server.java:run(1474)) - Starting Socket Reader #9 for port 15002
2025-07-19 06:07:02,302 [Socket Reader #10 for port 15002] INFO  ipc.Server (Server.java:run(1474)) - Starting Socket Reader #10 for port 15002
2025-07-19 06:07:02,342 [main] INFO  audit.AuditLogger (AuditLogger.java:refreshDebugCmdSet(133)) - Refresh DebugCmdSet for SCMAudit to [].
2025-07-19 06:07:02,359 [main] INFO  ipc.CallQueueManager (CallQueueManager.java:<init>(93)) - Using callQueue: class java.util.concurrent.LinkedBlockingQueue, queueCapacity: 10000, scheduler: class org.apache.hadoop.ipc.DefaultRpcScheduler, ipcBackoff: false, ipcFailOver: false.
2025-07-19 06:07:02,359 [main] INFO  ipc.Server (Server.java:<init>(1438)) - Listener at 0.0.0.0:15001
2025-07-19 06:07:02,360 [Socket Reader #1 for port 15001] INFO  ipc.Server (Server.java:run(1474)) - Starting Socket Reader #1 for port 15001
2025-07-19 06:07:02,361 [Socket Reader #2 for port 15001] INFO  ipc.Server (Server.java:run(1474)) - Starting Socket Reader #2 for port 15001
2025-07-19 06:07:02,361 [Socket Reader #3 for port 15001] INFO  ipc.Server (Server.java:run(1474)) - Starting Socket Reader #3 for port 15001
2025-07-19 06:07:02,361 [Socket Reader #4 for port 15001] INFO  ipc.Server (Server.java:run(1474)) - Starting Socket Reader #4 for port 15001
2025-07-19 06:07:02,362 [Socket Reader #5 for port 15001] INFO  ipc.Server (Server.java:run(1474)) - Starting Socket Reader #5 for port 15001
2025-07-19 06:07:02,362 [Socket Reader #6 for port 15001] INFO  ipc.Server (Server.java:run(1474)) - Starting Socket Reader #6 for port 15001
2025-07-19 06:07:02,363 [Socket Reader #7 for port 15001] INFO  ipc.Server (Server.java:run(1474)) - Starting Socket Reader #7 for port 15001
2025-07-19 06:07:02,363 [Socket Reader #8 for port 15001] INFO  ipc.Server (Server.java:run(1474)) - Starting Socket Reader #8 for port 15001
2025-07-19 06:07:02,363 [Socket Reader #9 for port 15001] INFO  ipc.Server (Server.java:run(1474)) - Starting Socket Reader #9 for port 15001
2025-07-19 06:07:02,363 [Socket Reader #10 for port 15001] INFO  ipc.Server (Server.java:run(1474)) - Starting Socket Reader #10 for port 15001
2025-07-19 06:07:02,395 [main] INFO  audit.AuditLogger (AuditLogger.java:refreshDebugCmdSet(133)) - Refresh DebugCmdSet for SCMAudit to [].
2025-07-19 06:07:02,405 [main] INFO  ipc.CallQueueManager (CallQueueManager.java:<init>(93)) - Using callQueue: class java.util.concurrent.LinkedBlockingQueue, queueCapacity: 10000, scheduler: class org.apache.hadoop.ipc.DefaultRpcScheduler, ipcBackoff: false, ipcFailOver: false.
2025-07-19 06:07:02,406 [main] INFO  ipc.Server (Server.java:<init>(1438)) - Listener at 0.0.0.0:15000
2025-07-19 06:07:02,406 [Socket Reader #1 for port 15000] INFO  ipc.Server (Server.java:run(1474)) - Starting Socket Reader #1 for port 15000
2025-07-19 06:07:02,407 [Socket Reader #2 for port 15000] INFO  ipc.Server (Server.java:run(1474)) - Starting Socket Reader #2 for port 15000
2025-07-19 06:07:02,407 [Socket Reader #3 for port 15000] INFO  ipc.Server (Server.java:run(1474)) - Starting Socket Reader #3 for port 15000
2025-07-19 06:07:02,407 [Socket Reader #4 for port 15000] INFO  ipc.Server (Server.java:run(1474)) - Starting Socket Reader #4 for port 15000
2025-07-19 06:07:02,408 [Socket Reader #5 for port 15000] INFO  ipc.Server (Server.java:run(1474)) - Starting Socket Reader #5 for port 15000
2025-07-19 06:07:02,408 [Socket Reader #6 for port 15000] INFO  ipc.Server (Server.java:run(1474)) - Starting Socket Reader #6 for port 15000
2025-07-19 06:07:02,408 [Socket Reader #7 for port 15000] INFO  ipc.Server (Server.java:run(1474)) - Starting Socket Reader #7 for port 15000
2025-07-19 06:07:02,409 [Socket Reader #8 for port 15000] INFO  ipc.Server (Server.java:run(1474)) - Starting Socket Reader #8 for port 15000
2025-07-19 06:07:02,409 [Socket Reader #9 for port 15000] INFO  ipc.Server (Server.java:run(1474)) - Starting Socket Reader #9 for port 15000
2025-07-19 06:07:02,409 [Socket Reader #10 for port 15000] INFO  ipc.Server (Server.java:run(1474)) - Starting Socket Reader #10 for port 15000
2025-07-19 06:07:02,457 [main] INFO  ha.SCMServiceManager (SCMServiceManager.java:register(42)) - Registering service ContainerBalancer.
2025-07-19 06:07:02,457 [main] INFO  ha.SCMContext (SCMContext.java:updateSafeModeStatus(224)) - Update SafeModeStatus from SafeModeStatus{safeModeStatus=true, preCheckPassed=false} to SafeModeStatus{safeModeStatus=true, preCheckPassed=false}.
2025-07-19 06:07:02,466 [main] INFO  server.StorageContainerManager (StorageContainerManager.java:start(1513)) - StorageContainerLocationProtocol RPC server is listening at /0.0.0.0:15000
2025-07-19 06:07:02,467 [main] INFO  ha.SCMRatisServerImpl (SCMRatisServerImpl.java:start(203)) - starting ratis server 0.0.0.0:15004
2025-07-19 06:07:02,469 [885623d6-9da4-492b-a87d-998872f93ab6-impl-thread1] INFO  storage.RaftStorageDirectory (RaftStorageDirectoryImpl.java:tryLock(229)) - Lock on /home/runner/work/ozone/ozone/hadoop-ozone/integration-test/target/test-dir/MiniOzoneClusterImpl-09c4c6e1-5ab0-4195-ac7b-5aec6defaa36/ozone-meta/scm-ha/09c4c6e1-5ab0-4195-ac7b-5aec6defaa36/in_use.lock acquired by nodename 18124@localhost
2025-07-19 06:07:02,471 [885623d6-9da4-492b-a87d-998872f93ab6-impl-thread1] INFO  storage.RaftStorage (RaftStorageImpl.java:analyzeAndRecoverStorage(118)) - Read RaftStorageMetadata{term=1, votedFor=885623d6-9da4-492b-a87d-998872f93ab6} from /home/runner/work/ozone/ozone/hadoop-ozone/integration-test/target/test-dir/MiniOzoneClusterImpl-09c4c6e1-5ab0-4195-ac7b-5aec6defaa36/ozone-meta/scm-ha/09c4c6e1-5ab0-4195-ac7b-5aec6defaa36/current/raft-meta
2025-07-19 06:07:02,473 [885623d6-9da4-492b-a87d-998872f93ab6-impl-thread1] INFO  server.RaftServer$Division (ServerState.java:setRaftConf(386)) - 885623d6-9da4-492b-a87d-998872f93ab6@group-5AEC6DEFAA36: set configuration conf: {index: 0, cur=peers:[885623d6-9da4-492b-a87d-998872f93ab6|localhost:15004]|listeners:[], old=null}
2025-07-19 06:07:02,473 [885623d6-9da4-492b-a87d-998872f93ab6-impl-thread1] INFO  ha.SCMStateMachine (SCMStateMachine.java:lambda$initialize$0(135)) - 885623d6-9da4-492b-a87d-998872f93ab6: initialize group-5AEC6DEFAA36
2025-07-19 06:07:02,474 [885623d6-9da4-492b-a87d-998872f93ab6-impl-thread1] INFO  server.RaftServerConfigKeys (ConfUtils.java:logGet(62)) - raft.server.log.appender.buffer.byte-limit = 4194304 (custom)
2025-07-19 06:07:02,475 [885623d6-9da4-492b-a87d-998872f93ab6-impl-thread1] INFO  server.RaftServerConfigKeys (ConfUtils.java:logGet(62)) - raft.server.log.segment.size.max = 4194304 (custom)
2025-07-19 06:07:02,476 [885623d6-9da4-492b-a87d-998872f93ab6-impl-thread1] INFO  server.RaftServerConfigKeys (ConfUtils.java:logGet(62)) - raft.server.log.appender.buffer.byte-limit = 4194304 (custom)
2025-07-19 06:07:02,476 [885623d6-9da4-492b-a87d-998872f93ab6-impl-thread1] INFO  util.AwaitToRun (AwaitToRun.java:start(81)) - Thread[#112,885623d6-9da4-492b-a87d-998872f93ab6@group-5AEC6DEFAA36-cacheEviction-AwaitToRun,5,main] started
2025-07-19 06:07:02,476 [885623d6-9da4-492b-a87d-998872f93ab6-impl-thread1] INFO  segmented.SegmentedRaftLogWorker (SegmentedRaftLogWorker.java:<init>(190)) - new 885623d6-9da4-492b-a87d-998872f93ab6@group-5AEC6DEFAA36-SegmentedRaftLogWorker for RaftStorageImpl:Storage Directory /home/runner/work/ozone/ozone/hadoop-ozone/integration-test/target/test-dir/MiniOzoneClusterImpl-09c4c6e1-5ab0-4195-ac7b-5aec6defaa36/ozone-meta/scm-ha/09c4c6e1-5ab0-4195-ac7b-5aec6defaa36
2025-07-19 06:07:02,476 [885623d6-9da4-492b-a87d-998872f93ab6-impl-thread1] INFO  server.RaftServerConfigKeys (ConfUtils.java:logGet(62)) - raft.server.log.segment.size.max = 4194304 (custom)
2025-07-19 06:07:02,476 [885623d6-9da4-492b-a87d-998872f93ab6-impl-thread1] INFO  server.RaftServerConfigKeys (ConfUtils.java:logGet(62)) - raft.server.log.preallocated.size = 4194304 (custom)
2025-07-19 06:07:02,477 [885623d6-9da4-492b-a87d-998872f93ab6-impl-thread1] INFO  server.RaftServerConfigKeys (ConfUtils.java:logGet(62)) - raft.server.log.write.buffer.size = 4194312 (custom)
2025-07-19 06:07:02,478 [885623d6-9da4-492b-a87d-998872f93ab6-impl-thread1] INFO  server.RaftServerConfigKeys (ConfUtils.java:logGet(62)) - raft.server.log.appender.buffer.byte-limit = 4194304 (custom)
2025-07-19 06:07:02,482 [885623d6-9da4-492b-a87d-998872f93ab6-impl-thread1] INFO  server.RaftServer$Division (ServerState.java:setRaftConf(386)) - 885623d6-9da4-492b-a87d-998872f93ab6@group-5AEC6DEFAA36: set configuration conf: {index: 0, cur=peers:[885623d6-9da4-492b-a87d-998872f93ab6|localhost:15004]|listeners:[], old=null}
2025-07-19 06:07:02,483 [885623d6-9da4-492b-a87d-998872f93ab6-impl-thread1] INFO  segmented.LogSegment (LogSegment.java:loadSegment(171)) - Successfully read 1 entries from segment file /home/runner/work/ozone/ozone/hadoop-ozone/integration-test/target/test-dir/MiniOzoneClusterImpl-09c4c6e1-5ab0-4195-ac7b-5aec6defaa36/ozone-meta/scm-ha/09c4c6e1-5ab0-4195-ac7b-5aec6defaa36/current/log_inprogress_0
2025-07-19 06:07:02,483 [885623d6-9da4-492b-a87d-998872f93ab6-impl-thread1] INFO  segmented.SegmentedRaftLogWorker (SegmentedRaftLogWorker.java:lambda$new$0(141)) - 885623d6-9da4-492b-a87d-998872f93ab6@group-5AEC6DEFAA36-SegmentedRaftLogWorker: safeCacheEvictIndex: setUnconditionally 0 -> -1
2025-07-19 06:07:02,483 [885623d6-9da4-492b-a87d-998872f93ab6-impl-thread1] INFO  segmented.BufferedWriteChannel (BufferedWriteChannel.java:open(61)) - open log_inprogress_0 (append) at position 76
2025-07-19 06:07:02,484 [885623d6-9da4-492b-a87d-998872f93ab6-impl-thread1] INFO  server.RaftServer$Division (RaftServerImpl.java:start(405)) - 885623d6-9da4-492b-a87d-998872f93ab6@group-5AEC6DEFAA36: start as a follower, conf=conf: {index: 0, cur=peers:[885623d6-9da4-492b-a87d-998872f93ab6|localhost:15004]|listeners:[], old=null}
2025-07-19 06:07:02,484 [885623d6-9da4-492b-a87d-998872f93ab6-impl-thread1] INFO  server.RaftServer$Division (RaftServerImpl.java:setRole(392)) - 885623d6-9da4-492b-a87d-998872f93ab6@group-5AEC6DEFAA36: changes role from      null to FOLLOWER at term 1 for startAsFollower
2025-07-19 06:07:02,484 [885623d6-9da4-492b-a87d-998872f93ab6-impl-thread1] INFO  impl.RoleInfo (RoleInfo.java:updateAndGet(148)) - 885623d6-9da4-492b-a87d-998872f93ab6: start 885623d6-9da4-492b-a87d-998872f93ab6@group-5AEC6DEFAA36-FollowerState
2025-07-19 06:07:02,485 [885623d6-9da4-492b-a87d-998872f93ab6-impl-thread1] INFO  util.JmxRegister (JmxRegister.java:tryRegister(44)) - Successfully registered JMX Bean with object name Ratis:service=RaftServer,group=group-5AEC6DEFAA36,id=885623d6-9da4-492b-a87d-998872f93ab6
2025-07-19 06:07:02,485 [885623d6-9da4-492b-a87d-998872f93ab6-impl-thread1] INFO  util.JmxRegister (JmxRegister.java:register(58)) - register mxBean class org.apache.ratis.server.impl.RaftServerJmxAdapter as Ratis:service=RaftServer,group=group-5AEC6DEFAA36,id=885623d6-9da4-492b-a87d-998872f93ab6
2025-07-19 06:07:02,486 [885623d6-9da4-492b-a87d-998872f93ab6-impl-thread1] INFO  server.RaftServer$Division (RaftServerImpl.java:start(419)) - 885623d6-9da4-492b-a87d-998872f93ab6@group-5AEC6DEFAA36: Successfully started.
2025-07-19 06:07:02,487 [main] INFO  server.RaftServer (RaftServerProxy.java:startImpl(412)) - 885623d6-9da4-492b-a87d-998872f93ab6: start RPC server
2025-07-19 06:07:02,488 [main] INFO  server.GrpcServicesImpl (GrpcServicesImpl.java:startImpl(346)) - 885623d6-9da4-492b-a87d-998872f93ab6: GrpcServicesImpl started, listening on 15004
2025-07-19 06:07:02,490 [JvmPauseMonitor1] INFO  util.JvmPauseMonitor (JvmPauseMonitor.java:run(146)) - JvmPauseMonitor-885623d6-9da4-492b-a87d-998872f93ab6: Started
2025-07-19 06:07:02,496 [main] INFO  ha.SCMHAManagerImpl (SCMHAManagerImpl.java:start(131)) -  scm role is FOLLOWER peers [885623d6-9da4-492b-a87d-998872f93ab6|localhost:15004]
2025-07-19 06:07:02,496 [main] INFO  ha.InterSCMGrpcService (InterSCMGrpcProtocolService.java:start(98)) - Starting SCM Grpc Service at port 15005
2025-07-19 06:07:02,498 [main] INFO  SCMHATransactionMonitor (BackgroundSCMService.java:start(64)) - Starting SCMHATransactionMonitor Service.
2025-07-19 06:07:02,498 [main] INFO  ha.SCMServiceManager (SCMServiceManager.java:register(42)) - Registering service SCMHATransactionMonitor.
2025-07-19 06:07:02,498 [main] INFO  SCMHATransactionMonitor (BackgroundSCMService.java:start(61)) - SCMHATransactionMonitor Service is already running, skip start.
2025-07-19 06:07:02,539 [main] WARN  impl.MetricsConfig (MetricsConfig.java:loadFirst(138)) - Cannot locate configuration: tried hadoop-metrics2-storagecontainermanager.properties,hadoop-metrics2.properties
2025-07-19 06:07:02,547 [main] INFO  impl.MetricsSystemImpl (MetricsSystemImpl.java:startTimer(378)) - Scheduled Metric snapshot period at 10 second(s).
2025-07-19 06:07:02,547 [main] INFO  impl.MetricsSystemImpl (MetricsSystemImpl.java:start(191)) - StorageContainerManager metrics system started
2025-07-19 06:07:02,659 [main] INFO  server.SCMClientProtocolServer (SCMClientProtocolServer.java:start(209)) - RPC server for Client  is listening at /0.0.0.0:15000
2025-07-19 06:07:02,659 [IPC Server Responder] INFO  ipc.Server (Server.java:run(1713)) - IPC Server Responder: starting
2025-07-19 06:07:02,659 [IPC Server listener on 15000] INFO  ipc.Server (Server.java:run(1553)) - IPC Server listener on 15000: starting
2025-07-19 06:07:02,676 [main] INFO  server.StorageContainerManager (StorageContainerManager.java:start(1526)) - ScmBlockLocationProtocol RPC server is listening at /0.0.0.0:15001
2025-07-19 06:07:02,677 [main] INFO  server.SCMBlockProtocolServer (SCMBlockProtocolServer.java:start(166)) - RPC server for Block Protocol is listening at /0.0.0.0:15001
2025-07-19 06:07:02,677 [IPC Server Responder] INFO  ipc.Server (Server.java:run(1713)) - IPC Server Responder: starting
2025-07-19 06:07:02,678 [IPC Server listener on 15001] INFO  ipc.Server (Server.java:run(1553)) - IPC Server listener on 15001: starting
2025-07-19 06:07:02,703 [main] INFO  utils.BackgroundService (BackgroundService.java:start(118)) - Starting service SCMBlockDeletingService with interval 60000 milliseconds
2025-07-19 06:07:02,716 [main] INFO  http.BaseHttpServer (BaseHttpServer.java:newHttpServer2BuilderForOzone(229)) - Starting Web-server for scm at: http://0.0.0.0:15003
2025-07-19 06:07:02,717 [main] INFO  http.BaseHttpServer (BaseHttpServer.java:<init>(107)) - Hadoop Security Enabled: false Ozone Security Enabled: false Ozone HTTP Security Enabled: false 
2025-07-19 06:07:02,735 [main] INFO  util.log (Log.java:initialized(170)) - Logging initialized @6290ms to org.eclipse.jetty.util.log.Slf4jLog
2025-07-19 06:07:02,805 [main] WARN  server.AuthenticationFilter (AuthenticationFilter.java:constructSecretProvider(240)) - Unable to initialize FileSignerSecretProvider, falling back to use random secrets. Reason: Could not read signature secret file: /home/runner/hadoop-http-auth-signature-secret
2025-07-19 06:07:02,828 [main] INFO  http.HttpServer2 (HttpServer2.java:addGlobalFilter(1042)) - Added global filter 'safety' (class=org.apache.hadoop.hdds.server.http.HttpServer2$QuotingInputFilter)
2025-07-19 06:07:02,830 [main] INFO  http.HttpServer2 (HttpServer2.java:addFilter(1018)) - Added filter static_user_filter (class=org.apache.hadoop.http.lib.StaticUserWebFilter$StaticUserFilter) to context scm
2025-07-19 06:07:02,831 [main] INFO  http.HttpServer2 (HttpServer2.java:addFilter(1026)) - Added filter static_user_filter (class=org.apache.hadoop.http.lib.StaticUserWebFilter$StaticUserFilter) to context static
2025-07-19 06:07:02,831 [main] INFO  http.HttpServer2 (HttpServer2.java:addFilter(1026)) - Added filter static_user_filter (class=org.apache.hadoop.http.lib.StaticUserWebFilter$StaticUserFilter) to context logs
2025-07-19 06:07:02,857 [main] INFO  http.BaseHttpServer (BaseHttpServer.java:<init>(195)) - HTTP server of scm uses base directory /home/runner/work/ozone/ozone/hadoop-ozone/integration-test/target/test-dir/MiniOzoneClusterImpl-09c4c6e1-5ab0-4195-ac7b-5aec6defaa36/ozone-meta/webserver
2025-07-19 06:07:02,858 [main] INFO  http.HttpServer2 (HttpServer2.java:bindListener(1242)) - Jetty bound to port 15003
2025-07-19 06:07:02,859 [main] INFO  server.Server (Server.java:doStart(375)) - jetty-9.4.57.v20241219; built: 2025-01-08T21:24:30.412Z; git: df524e6b29271c2e09ba9aea83c18dc9db464a31; jvm 21.0.7+6-LTS
2025-07-19 06:07:02,881 [main] INFO  server.session (DefaultSessionIdManager.java:doStart(334)) - DefaultSessionIdManager workerName=node0
2025-07-19 06:07:02,881 [main] INFO  server.session (DefaultSessionIdManager.java:doStart(339)) - No SessionScavenger set, using defaults
2025-07-19 06:07:02,883 [main] INFO  server.session (HouseKeeper.java:startScavenging(132)) - node0 Scavenging every 660000ms
2025-07-19 06:07:02,891 [main] INFO  handler.ContextHandler (ContextHandler.java:doStart(921)) - Started o.e.j.s.ServletContextHandler@1be4f05c{logs,/logs,file:///home/runner/work/ozone/ozone/hadoop-ozone/integration-test/target/log,AVAILABLE}
2025-07-19 06:07:02,892 [main] INFO  handler.ContextHandler (ContextHandler.java:doStart(921)) - Started o.e.j.s.ServletContextHandler@38326fd5{static,/static,file:///home/runner/work/ozone/ozone/hadoop-ozone/integration-test/target/test-classes/webapps/static,AVAILABLE}
2025-07-19 06:07:02,926 [main] INFO  handler.ContextHandler (ContextHandler.java:doStart(921)) - Started o.e.j.w.WebAppContext@7004cd44{scm,/,file:///home/runner/work/ozone/ozone/hadoop-ozone/integration-test/target/test-classes/webapps/scm/,AVAILABLE}{file:/home/runner/work/ozone/ozone/hadoop-ozone/integration-test/target/test-classes/webapps/scm}
2025-07-19 06:07:02,932 [main] INFO  server.AbstractConnector (AbstractConnector.java:doStart(333)) - Started ServerConnector@325a781c{HTTP/1.1, (http/1.1)}{0.0.0.0:15003}
2025-07-19 06:07:02,932 [main] INFO  server.Server (Server.java:doStart(415)) - Started @6487ms
2025-07-19 06:07:02,934 [main] INFO  impl.MetricsSinkAdapter (MetricsSinkAdapter.java:start(204)) - Sink prometheus started
2025-07-19 06:07:02,935 [main] INFO  impl.MetricsSystemImpl (MetricsSystemImpl.java:registerSink(305)) - Registered sink prometheus
2025-07-19 06:07:02,936 [main] INFO  http.BaseHttpServer (BaseHttpServer.java:updateConnectorAddress(359)) - HTTP server of scm listening at http://localhost:15003
2025-07-19 06:07:02,944 [main] WARN  server.ServerUtils (ServerUtils.java:getDBPath(292)) - ozone.om.db.dirs is not configured. We recommend adding this setting. Falling back to ozone.metadata.dirs instead.
2025-07-19 06:07:03,011 [main] INFO  audit.AuditLogger (AuditLogger.java:refreshDebugCmdSet(133)) - Refresh DebugCmdSet for OMAudit to [].
2025-07-19 06:07:03,035 [main] INFO  audit.AuditLogger (AuditLogger.java:refreshDebugCmdSet(133)) - Refresh DebugCmdSet for OMSystemAudit to [].
2025-07-19 06:07:03,087 [main] INFO  ha.OMHANodeDetails (OMHANodeDetails.java:loadOMHAConfig(113)) - ozone.om.internal.service.id is not defined, falling back to ozone.om.service.ids to find serviceID for OzoneManager if it is HA enabled cluster
2025-07-19 06:07:03,090 [main] INFO  ha.OMHANodeDetails (OMHANodeDetails.java:loadOMHAConfig(224)) - Configuration does not have ozone.om.address set. Falling back to the default OM address /127.0.0.1:15006
2025-07-19 06:07:03,091 [main] INFO  ha.OMHANodeDetails (OMHANodeDetails.java:getOMNodeDetailsForNonHA(252)) - OM Service ID is not set. Setting it to the default ID: omServiceIdDefault
2025-07-19 06:07:03,091 [main] INFO  ha.OMHANodeDetails (OMHANodeDetails.java:getOMNodeDetailsForNonHA(259)) - OM Node ID is not set. Setting it to the default ID: om1
2025-07-19 06:07:03,094 [main] WARN  server.ServerUtils (ServerUtils.java:getDBPath(292)) - ozone.om.db.dirs is not configured. We recommend adding this setting. Falling back to ozone.metadata.dirs instead.
2025-07-19 06:07:03,099 [main] INFO  upgrade.AbstractLayoutVersionManager (AbstractLayoutVersionManager.java:init(80)) - Initializing Layout version manager with metadata layout = DELEGATION_TOKEN_SYMMETRIC_SIGN (version = 8), software layout = DELEGATION_TOKEN_SYMMETRIC_SIGN (version = 8)
2025-07-19 06:07:03,226 [main] INFO  reflections.Reflections (Reflections.java:scan(219)) - Reflections took 126 ms to scan 2 urls, producing 211 keys and 622 values
2025-07-19 06:07:03,230 [main] INFO  upgrade.OMLayoutVersionManager (OMLayoutVersionManager.java:lambda$0(110)) - Skipping Upgrade Action QuotaRepairUpgradeAction since it has been finalized.
2025-07-19 06:07:03,232 [main] INFO  upgrade.OMLayoutVersionManager (OMLayoutVersionManager.java:lambda$0(110)) - Skipping Upgrade Action MockOmUpgradeAction since it has been finalized.
2025-07-19 06:07:03,233 [main] WARN  server.ServerUtils (ServerUtils.java:getDBPath(292)) - ozone.om.db.dirs is not configured. We recommend adding this setting. Falling back to ozone.metadata.dirs instead.
2025-07-19 06:07:03,238 [main] INFO  om.OzoneManager (OzoneManager.java:setReplicationFromConfig(4648)) - Set default replication in OM: RATIS/3 -> RATIS/THREE
2025-07-19 06:07:03,244 [main] INFO  proxy.SCMContainerLocationFailoverProxyProvider (SCMFailoverProxyProviderBase.java:<init>(120)) - Created fail-over proxy for protocol StorageContainerLocationProtocolPB with 1 nodes: [nodeId=scmNodeId,nodeAddress=/0.0.0.0:15000]
2025-07-19 06:07:03,279 [main] INFO  proxy.SCMBlockLocationFailoverProxyProvider (SCMFailoverProxyProviderBase.java:<init>(120)) - Created fail-over proxy for protocol ScmBlockLocationProtocolPB with 1 nodes: [nodeId=scmNodeId,nodeAddress=/0.0.0.0:15001]
2025-07-19 06:07:03,294 [main] INFO  proxy.SCMBlockLocationFailoverProxyProvider (SCMFailoverProxyProviderBase.java:<init>(120)) - Created fail-over proxy for protocol ScmBlockLocationProtocolPB with 1 nodes: [nodeId=scmNodeId,nodeAddress=/0.0.0.0:15001]
2025-07-19 06:07:03,487 [885623d6-9da4-492b-a87d-998872f93ab6@group-5AEC6DEFAA36-FollowerState] INFO  impl.FollowerState (FollowerState.java:runImpl(161)) - 885623d6-9da4-492b-a87d-998872f93ab6@group-5AEC6DEFAA36-FollowerState: change to CANDIDATE, lastRpcElapsedTime:1003552577ns, electionTimeout:1002ms
2025-07-19 06:07:03,488 [885623d6-9da4-492b-a87d-998872f93ab6@group-5AEC6DEFAA36-FollowerState] INFO  impl.RoleInfo (RoleInfo.java:shutdownFollowerState(121)) - 885623d6-9da4-492b-a87d-998872f93ab6: shutdown 885623d6-9da4-492b-a87d-998872f93ab6@group-5AEC6DEFAA36-FollowerState
2025-07-19 06:07:03,488 [885623d6-9da4-492b-a87d-998872f93ab6@group-5AEC6DEFAA36-FollowerState] INFO  server.RaftServer$Division (RaftServerImpl.java:setRole(392)) - 885623d6-9da4-492b-a87d-998872f93ab6@group-5AEC6DEFAA36: changes role from  FOLLOWER to CANDIDATE at term 1 for changeToCandidate
2025-07-19 06:07:03,488 [885623d6-9da4-492b-a87d-998872f93ab6@group-5AEC6DEFAA36-FollowerState] INFO  impl.RoleInfo (RoleInfo.java:updateAndGet(148)) - 885623d6-9da4-492b-a87d-998872f93ab6: start 885623d6-9da4-492b-a87d-998872f93ab6@group-5AEC6DEFAA36-LeaderElection2
2025-07-19 06:07:03,489 [885623d6-9da4-492b-a87d-998872f93ab6@group-5AEC6DEFAA36-LeaderElection2] INFO  impl.LeaderElection (LeaderElection.java:askForVotes(448)) - 885623d6-9da4-492b-a87d-998872f93ab6@group-5AEC6DEFAA36-LeaderElection2 PRE_VOTE round 0: submit vote requests at term 1 for conf: {index: 0, cur=peers:[885623d6-9da4-492b-a87d-998872f93ab6|localhost:15004]|listeners:[], old=null}
2025-07-19 06:07:03,489 [885623d6-9da4-492b-a87d-998872f93ab6@group-5AEC6DEFAA36-LeaderElection2] INFO  impl.LeaderElection (LeaderElection.java:askForVotes(450)) - 885623d6-9da4-492b-a87d-998872f93ab6@group-5AEC6DEFAA36-LeaderElection2 PRE_VOTE round 0: result PASSED (term=1)
2025-07-19 06:07:03,491 [885623d6-9da4-492b-a87d-998872f93ab6@group-5AEC6DEFAA36-LeaderElection2] INFO  impl.LeaderElection (LeaderElection.java:askForVotes(448)) - 885623d6-9da4-492b-a87d-998872f93ab6@group-5AEC6DEFAA36-LeaderElection2 ELECTION round 0: submit vote requests at term 2 for conf: {index: 0, cur=peers:[885623d6-9da4-492b-a87d-998872f93ab6|localhost:15004]|listeners:[], old=null}
2025-07-19 06:07:03,491 [885623d6-9da4-492b-a87d-998872f93ab6@group-5AEC6DEFAA36-LeaderElection2] INFO  impl.LeaderElection (LeaderElection.java:askForVotes(450)) - 885623d6-9da4-492b-a87d-998872f93ab6@group-5AEC6DEFAA36-LeaderElection2 ELECTION round 0: result PASSED (term=2)
2025-07-19 06:07:03,491 [885623d6-9da4-492b-a87d-998872f93ab6@group-5AEC6DEFAA36-LeaderElection2] INFO  impl.RoleInfo (RoleInfo.java:shutdownLeaderElection(141)) - 885623d6-9da4-492b-a87d-998872f93ab6: shutdown 885623d6-9da4-492b-a87d-998872f93ab6@group-5AEC6DEFAA36-LeaderElection2
2025-07-19 06:07:03,492 [885623d6-9da4-492b-a87d-998872f93ab6@group-5AEC6DEFAA36-LeaderElection2] INFO  server.RaftServer$Division (RaftServerImpl.java:setRole(392)) - 885623d6-9da4-492b-a87d-998872f93ab6@group-5AEC6DEFAA36: changes role from CANDIDATE to LEADER at term 2 for changeToLeader
2025-07-19 06:07:03,492 [885623d6-9da4-492b-a87d-998872f93ab6@group-5AEC6DEFAA36-LeaderElection2] INFO  server.RaftServerConfigKeys (ConfUtils.java:logFallback(69)) - raft.server.staging.timeout = 15600ms (fallback to raft.server.rpc.timeout.max)
2025-07-19 06:07:03,493 [885623d6-9da4-492b-a87d-998872f93ab6@group-5AEC6DEFAA36-LeaderElection2] INFO  impl.RoleInfo (RoleInfo.java:updateAndGet(148)) - 885623d6-9da4-492b-a87d-998872f93ab6: start 885623d6-9da4-492b-a87d-998872f93ab6@group-5AEC6DEFAA36-LeaderStateImpl
2025-07-19 06:07:03,493 [885623d6-9da4-492b-a87d-998872f93ab6@group-5AEC6DEFAA36-LeaderElection2] INFO  server.RaftServer$Division (RaftServerImpl.java:setFirstElection(576)) - 885623d6-9da4-492b-a87d-998872f93ab6@group-5AEC6DEFAA36: set firstElectionSinceStartup to false for becomeLeader
2025-07-19 06:07:03,494 [885623d6-9da4-492b-a87d-998872f93ab6@group-5AEC6DEFAA36-LeaderElection2] INFO  ha.SCMStateMachine (SCMStateMachine.java:notifyLeaderChanged(293)) - current SCM becomes leader of term 2.
2025-07-19 06:07:03,494 [885623d6-9da4-492b-a87d-998872f93ab6@group-5AEC6DEFAA36-LeaderElection2] INFO  ha.SCMContext (SCMContext.java:updateLeaderAndTerm(95)) - update <isLeader,term> from <false,0> to <true,2>
2025-07-19 06:07:03,496 [885623d6-9da4-492b-a87d-998872f93ab6@group-5AEC6DEFAA36-LeaderElection2] INFO  server.RaftServer$Division (ServerState.java:setLeader(272)) - 885623d6-9da4-492b-a87d-998872f93ab6@group-5AEC6DEFAA36: change Leader from null to 885623d6-9da4-492b-a87d-998872f93ab6 at term 2 for becomeLeader, leader elected after 1783ms
2025-07-19 06:07:03,496 [885623d6-9da4-492b-a87d-998872f93ab6@group-5AEC6DEFAA36-LeaderElection2] INFO  segmented.SegmentedRaftLogWorker (SegmentedRaftLogWorker.java:rollLogSegment(445)) - 885623d6-9da4-492b-a87d-998872f93ab6@group-5AEC6DEFAA36-SegmentedRaftLogWorker: Rolling segment log-0_0 to index:0
2025-07-19 06:07:03,497 [885623d6-9da4-492b-a87d-998872f93ab6@group-5AEC6DEFAA36-SegmentedRaftLogWorker] INFO  segmented.SegmentedRaftLogWorker (SegmentedRaftLogWorker.java:execute(604)) - 885623d6-9da4-492b-a87d-998872f93ab6@group-5AEC6DEFAA36-SegmentedRaftLogWorker: Rolled log segment from /home/runner/work/ozone/ozone/hadoop-ozone/integration-test/target/test-dir/MiniOzoneClusterImpl-09c4c6e1-5ab0-4195-ac7b-5aec6defaa36/ozone-meta/scm-ha/09c4c6e1-5ab0-4195-ac7b-5aec6defaa36/current/log_inprogress_0 to /home/runner/work/ozone/ozone/hadoop-ozone/integration-test/target/test-dir/MiniOzoneClusterImpl-09c4c6e1-5ab0-4195-ac7b-5aec6defaa36/ozone-meta/scm-ha/09c4c6e1-5ab0-4195-ac7b-5aec6defaa36/current/log_0-0
2025-07-19 06:07:03,498 [885623d6-9da4-492b-a87d-998872f93ab6@group-5AEC6DEFAA36-LeaderElection2] INFO  server.RaftServer$Division (ServerState.java:setRaftConf(386)) - 885623d6-9da4-492b-a87d-998872f93ab6@group-5AEC6DEFAA36: set configuration conf: {index: 1, cur=peers:[885623d6-9da4-492b-a87d-998872f93ab6|localhost:15004]|listeners:[], old=null}
2025-07-19 06:07:03,500 [885623d6-9da4-492b-a87d-998872f93ab6@group-5AEC6DEFAA36-SegmentedRaftLogWorker] INFO  segmented.BufferedWriteChannel (BufferedWriteChannel.java:open(61)) - open log_inprogress_1 at position 0
2025-07-19 06:07:03,507 [885623d6-9da4-492b-a87d-998872f93ab6@group-5AEC6DEFAA36-SegmentedRaftLogWorker] INFO  segmented.SegmentedRaftLogWorker (SegmentedRaftLogWorker.java:execute(647)) - 885623d6-9da4-492b-a87d-998872f93ab6@group-5AEC6DEFAA36-SegmentedRaftLogWorker: created new log segment /home/runner/work/ozone/ozone/hadoop-ozone/integration-test/target/test-dir/MiniOzoneClusterImpl-09c4c6e1-5ab0-4195-ac7b-5aec6defaa36/ozone-meta/scm-ha/09c4c6e1-5ab0-4195-ac7b-5aec6defaa36/current/log_inprogress_1
2025-07-19 06:07:03,511 [885623d6-9da4-492b-a87d-998872f93ab6@group-5AEC6DEFAA36-StateMachineUpdater] INFO  server.RaftServer$Division (LeaderStateImpl.java:checkStartIndex(309)) - Leader 885623d6-9da4-492b-a87d-998872f93ab6@group-5AEC6DEFAA36-LeaderStateImpl is ready since appliedIndex == startIndex == 1
2025-07-19 06:07:03,511 [885623d6-9da4-492b-a87d-998872f93ab6@group-5AEC6DEFAA36-StateMachineUpdater] INFO  ha.SCMContext (SCMContext.java:setLeaderReady(122)) - update <isLeaderReady> from <false> to <true>
2025-07-19 06:07:03,511 [885623d6-9da4-492b-a87d-998872f93ab6@group-5AEC6DEFAA36-StateMachineUpdater] INFO  pipeline.BackgroundPipelineCreator (BackgroundPipelineCreator.java:notifyStatusChanged(268)) - Service BackgroundPipelineCreator transitions to RUNNING.
2025-07-19 06:07:03,513 [885623d6-9da4-492b-a87d-998872f93ab6@group-5AEC6DEFAA36-StateMachineUpdater] INFO  safemode.RatisContainerSafeModeRule (RatisContainerSafeModeRule.java:initializeRule(160)) - Refreshed Containers with one replica threshold count 0.
2025-07-19 06:07:03,514 [885623d6-9da4-492b-a87d-998872f93ab6@group-5AEC6DEFAA36-StateMachineUpdater] INFO  safemode.HealthyPipelineSafeModeRule (HealthyPipelineSafeModeRule.java:initializeRule(228)) - Refreshed total pipeline count is 0, healthy pipeline threshold count is 1
2025-07-19 06:07:03,514 [885623d6-9da4-492b-a87d-998872f93ab6@group-5AEC6DEFAA36-StateMachineUpdater] INFO  safemode.ECContainerSafeModeRule (ECContainerSafeModeRule.java:initializeRule(204)) - Refreshed Containers with ec n replica threshold count 0.
2025-07-19 06:07:03,514 [885623d6-9da4-492b-a87d-998872f93ab6@group-5AEC6DEFAA36-StateMachineUpdater] INFO  safemode.OneReplicaPipelineSafeModeRule (OneReplicaPipelineSafeModeRule.java:initializeRule(186)) - Refreshed Total pipeline count is 0, pipeline's with at least one datanode reported threshold count is 0
2025-07-19 06:07:03,515 [885623d6-9da4-492b-a87d-998872f93ab6@group-5AEC6DEFAA36-StateMachineUpdater] INFO  server.SCMDatanodeProtocolServer (SCMDatanodeProtocolServer.java:start(195)) - ScmDatanodeProtocol RPC server for DataNodes is listening at /0.0.0.0:15002
2025-07-19 06:07:03,516 [IPC Server Responder] INFO  ipc.Server (Server.java:run(1713)) - IPC Server Responder: starting
2025-07-19 06:07:03,516 [IPC Server listener on 15002] INFO  ipc.Server (Server.java:run(1553)) - IPC Server listener on 15002: starting
2025-07-19 06:07:05,520 [main] INFO  om.OzoneManager (OzoneManager.java:<init>(681)) - OM start with adminUsers: [admin, runner]
2025-07-19 06:07:05,540 [main] WARN  server.ServerUtils (ServerUtils.java:getDBPath(292)) - ozone.om.db.dirs is not configured. We recommend adding this setting. Falling back to ozone.metadata.dirs instead.
2025-07-19 06:07:05,648 [main] INFO  utils.NativeLibraryLoader (NativeLibraryLoader.java:loadLibrary(120)) - Loading Library: ozone_rocksdb_tools
2025-07-19 06:07:05,954 [main] INFO  om.OzoneManager (OzoneManager.java:instantiateServices(925)) - S3 Multi-Tenancy is disabled
2025-07-19 06:07:05,981 [main] INFO  om.OmSnapshotManager (OmSnapshotManager.java:<init>(190)) - Ozone filesystem snapshot feature is enabled.
2025-07-19 06:07:05,993 [main] WARN  server.ServerUtils (ServerUtils.java:getDBPath(292)) - ozone.om.snapshot.diff.db.dir is not configured. We recommend adding this setting. Falling back to ozone.metadata.dirs instead.
2025-07-19 06:07:06,045 [main] INFO  utils.BackgroundService (BackgroundService.java:start(118)) - Starting service SnapshotDiffCleanupService with interval 60000 milliseconds
2025-07-19 06:07:06,093 [main] INFO  om.OzoneManager (OzoneManager.java:addS3GVolumeToDB(4706)) - Created Volume s3v With Owner runner required for S3Gateway operations.
2025-07-19 06:07:06,156 [main] WARN  server.ServerUtils (ServerUtils.java:getDefaultRatisDirectory(304)) - Storage directory for Ratis is not configured. It is a good idea to map this to an SSD disk. Falling back to ozone.metadata.dirs
2025-07-19 06:07:06,157 [main] WARN  utils.OzoneManagerRatisUtils (OzoneManagerRatisUtils.java:getOMRatisSnapshotDirectory(488)) - ozone.om.ratis.snapshot.dir is not configured. Falling back to ozone.metadata.dirs config
2025-07-19 06:07:06,161 [main] WARN  dropwizard3.Dm3MetricRegistriesImpl (Dm3MetricRegistriesImpl.java:addReporterRegistration(114)) - New reporters are added after registries were created. Some metrics will be missing from the reporter. Please add reporter before adding any new registry.
2025-07-19 06:07:06,161 [main] WARN  dropwizard3.Dm3MetricRegistriesImpl (Dm3MetricRegistriesImpl.java:addReporterRegistration(114)) - New reporters are added after registries were created. Some metrics will be missing from the reporter. Please add reporter before adding any new registry.
2025-07-19 06:07:06,162 [main] WARN  server.ServerUtils (ServerUtils.java:getDefaultRatisDirectory(304)) - Storage directory for Ratis is not configured. It is a good idea to map this to an SSD disk. Falling back to ozone.metadata.dirs
2025-07-19 06:07:06,163 [main] INFO  server.RaftServerConfigKeys (ConfUtils.java:logGet(62)) - raft.server.log.appender.buffer.byte-limit = 4194304 (custom)
2025-07-19 06:07:06,165 [main] INFO  ratis.OzoneManagerRatisServer (OzoneManagerRatisServer.java:<init>(167)) - Instantiating OM Ratis server with groupID: omServiceIdDefault and peers: localhost:15009
2025-07-19 06:07:06,170 [main] INFO  ratis.OzoneManagerStateMachine (OzoneManagerStateMachine.java:loadSnapshotInfoFromDB(618)) - TransactionInfo not found in OM DB.
2025-07-19 06:07:06,213 [main] INFO  grpc.GrpcConfigKeys (ConfUtils.java:logFallback(69)) - raft.grpc.admin.host = null (fallback to raft.grpc.server.host)
2025-07-19 06:07:06,213 [main] INFO  grpc.GrpcConfigKeys (ConfUtils.java:logFallback(69)) - raft.grpc.admin.port = 15009 (fallback to raft.grpc.server.port)
2025-07-19 06:07:06,213 [main] INFO  grpc.GrpcConfigKeys (ConfUtils.java:logFallback(69)) - raft.grpc.client.host = null (fallback to raft.grpc.server.host)
2025-07-19 06:07:06,213 [main] INFO  grpc.GrpcConfigKeys (ConfUtils.java:logFallback(69)) - raft.grpc.client.port = 15009 (fallback to raft.grpc.server.port)
2025-07-19 06:07:06,214 [main] INFO  grpc.GrpcConfigKeys (ConfUtils.java:logGet(62)) - raft.grpc.server.port = 15009 (custom)
2025-07-19 06:07:06,214 [main] INFO  server.GrpcServicesImpl (ConfUtils.java:logGet(62)) - raft.grpc.message.size.max = 5242880 (custom)
2025-07-19 06:07:06,214 [main] INFO  server.RaftServerConfigKeys (ConfUtils.java:logGet(62)) - raft.server.rpc.request.timeout = 3000ms (default)
2025-07-19 06:07:06,214 [main] INFO  server.RaftServerConfigKeys (ConfUtils.java:logGet(62)) - raft.server.log.appender.buffer.byte-limit = 4194304 (custom)
2025-07-19 06:07:06,215 [main] INFO  server.RaftServerConfigKeys (ConfUtils.java:logGet(62)) - raft.server.storage.dir = [/home/runner/work/ozone/ozone/hadoop-ozone/integration-test/target/test-dir/MiniOzoneClusterImpl-09c4c6e1-5ab0-4195-ac7b-5aec6defaa36/ozone-meta/ratis] (custom)
2025-07-19 06:07:06,217 [main] INFO  server.RaftServer (RaftServerProxy.java:addNew(105)) - om1: addNew group-C5BA1605619E:[om1|localhost:15009] returns group-C5BA1605619E:java.util.concurrent.CompletableFuture@74e322fd[Not completed]
2025-07-19 06:07:06,217 [om1-groupManagement] INFO  server.RaftServer$Division (RaftServerImpl.java:<init>(268)) - om1: new RaftServerImpl for group-C5BA1605619E:[om1|localhost:15009] with OzoneManagerStateMachine:uninitialized
2025-07-19 06:07:06,217 [om1-groupManagement] INFO  server.RaftServerConfigKeys (ConfUtils.java:logGet(62)) - raft.server.rpc.timeout.min = 1s (custom)
2025-07-19 06:07:06,217 [om1-groupManagement] INFO  server.RaftServerConfigKeys (ConfUtils.java:logGet(62)) - raft.server.rpc.timeout.max = 1200ms (custom)
2025-07-19 06:07:06,217 [main] INFO  om.OzoneManager (OzoneManager.java:initializeRatisServer(2336)) - OzoneManager Ratis server initialized at port 15009
2025-07-19 06:07:06,218 [om1-groupManagement] INFO  server.RaftServer$Division (ServerState.java:<init>(114)) - om1@group-C5BA1605619E: ConfigurationManager, init=conf: {index: -1, cur=peers:[om1|localhost:15009]|listeners:[], old=null}, confs=<EMPTY_MAP>
2025-07-19 06:07:06,219 [om1-groupManagement] INFO  server.RaftServerConfigKeys (ConfUtils.java:logGet(62)) - raft.server.notification.no-leader.timeout = 120s (custom)
2025-07-19 06:07:06,219 [om1-groupManagement] INFO  server.RaftServerConfigKeys (ConfUtils.java:logGet(62)) - raft.server.retrycache.expirytime = 300s (custom)
2025-07-19 06:07:06,222 [main] INFO  om.OzoneManager (OzoneManager.java:getRpcServer(1388)) - Creating RPC Server
2025-07-19 06:07:07,136 [main] INFO  reflections.Reflections (Reflections.java:scan(219)) - Reflections took 870 ms to scan 24 urls, producing 60 keys and 7745 values
2025-07-19 06:07:07,295 [main] INFO  ipc.CallQueueManager (CallQueueManager.java:<init>(93)) - Using callQueue: class java.util.concurrent.LinkedBlockingQueue, queueCapacity: 2000, scheduler: class org.apache.hadoop.ipc.DefaultRpcScheduler, ipcBackoff: false, ipcFailOver: false.
2025-07-19 06:07:07,296 [main] INFO  ipc.Server (Server.java:<init>(1438)) - Listener at 127.0.0.1:15006
2025-07-19 06:07:07,296 [Socket Reader #1 for port 15006] INFO  ipc.Server (Server.java:run(1474)) - Starting Socket Reader #1 for port 15006
2025-07-19 06:07:07,297 [Socket Reader #2 for port 15006] INFO  ipc.Server (Server.java:run(1474)) - Starting Socket Reader #2 for port 15006
2025-07-19 06:07:07,298 [Socket Reader #3 for port 15006] INFO  ipc.Server (Server.java:run(1474)) - Starting Socket Reader #3 for port 15006
2025-07-19 06:07:07,299 [Socket Reader #4 for port 15006] INFO  ipc.Server (Server.java:run(1474)) - Starting Socket Reader #4 for port 15006
2025-07-19 06:07:07,300 [Socket Reader #6 for port 15006] INFO  ipc.Server (Server.java:run(1474)) - Starting Socket Reader #6 for port 15006
2025-07-19 06:07:07,300 [Socket Reader #5 for port 15006] INFO  ipc.Server (Server.java:run(1474)) - Starting Socket Reader #5 for port 15006
2025-07-19 06:07:07,300 [Socket Reader #7 for port 15006] INFO  ipc.Server (Server.java:run(1474)) - Starting Socket Reader #7 for port 15006
2025-07-19 06:07:07,301 [Socket Reader #8 for port 15006] INFO  ipc.Server (Server.java:run(1474)) - Starting Socket Reader #8 for port 15006
2025-07-19 06:07:07,302 [Socket Reader #9 for port 15006] INFO  ipc.Server (Server.java:run(1474)) - Starting Socket Reader #9 for port 15006
2025-07-19 06:07:07,303 [Socket Reader #10 for port 15006] INFO  ipc.Server (Server.java:run(1474)) - Starting Socket Reader #10 for port 15006
2025-07-19 06:07:07,334 [main] INFO  impl.MetricsSystemImpl (MetricsSystemImpl.java:init(158)) - OzoneManager metrics system started (again)
2025-07-19 06:07:07,353 [main] INFO  om.OzoneManager (OzoneManager.java:start(1820)) - OzoneManager RPC server is listening at localhost/127.0.0.1:15006
2025-07-19 06:07:07,353 [main] INFO  ratis.OzoneManagerRatisServer (OzoneManagerRatisServer.java:start(628)) - Starting OzoneManagerRatisServer om1 at port 15009
2025-07-19 06:07:07,354 [om1-impl-thread1] INFO  storage.RaftStorageDirectory (RaftStorageDirectoryImpl.java:analyzeStorage(138)) - The storage directory /home/runner/work/ozone/ozone/hadoop-ozone/integration-test/target/test-dir/MiniOzoneClusterImpl-09c4c6e1-5ab0-4195-ac7b-5aec6defaa36/ozone-meta/ratis/bf265839-605b-3f16-9796-c5ba1605619e does not exist. Creating ...
2025-07-19 06:07:07,355 [om1-impl-thread1] INFO  storage.RaftStorageDirectory (RaftStorageDirectoryImpl.java:tryLock(229)) - Lock on /home/runner/work/ozone/ozone/hadoop-ozone/integration-test/target/test-dir/MiniOzoneClusterImpl-09c4c6e1-5ab0-4195-ac7b-5aec6defaa36/ozone-meta/ratis/bf265839-605b-3f16-9796-c5ba1605619e/in_use.lock acquired by nodename 18124@localhost
2025-07-19 06:07:07,357 [om1-impl-thread1] INFO  storage.RaftStorage (RaftStorageImpl.java:format(98)) - Storage directory /home/runner/work/ozone/ozone/hadoop-ozone/integration-test/target/test-dir/MiniOzoneClusterImpl-09c4c6e1-5ab0-4195-ac7b-5aec6defaa36/ozone-meta/ratis/bf265839-605b-3f16-9796-c5ba1605619e has been successfully formatted.
2025-07-19 06:07:07,358 [om1-impl-thread1] INFO  ratis.OzoneManagerStateMachine (OzoneManagerStateMachine.java:lambda$0(138)) - om1: initialize group-C5BA1605619E with <INITIAL_VALUE>
2025-07-19 06:07:07,358 [om1-impl-thread1] INFO  server.RaftServerConfigKeys (ConfUtils.java:logGet(62)) - raft.server.log.appender.buffer.byte-limit = 4194304 (custom)
2025-07-19 06:07:07,361 [om1-impl-thread1] INFO  server.RaftServerConfigKeys (ConfUtils.java:logGet(62)) - raft.server.log.segment.size.max = 4194304 (custom)
2025-07-19 06:07:07,361 [om1-impl-thread1] INFO  server.RaftServerConfigKeys (ConfUtils.java:logGet(62)) - raft.server.log.appender.buffer.byte-limit = 4194304 (custom)
2025-07-19 06:07:07,362 [om1-impl-thread1] INFO  util.AwaitToRun (AwaitToRun.java:start(81)) - Thread[#462,om1@group-C5BA1605619E-cacheEviction-AwaitToRun,5,main] started
2025-07-19 06:07:07,362 [om1-impl-thread1] INFO  segmented.SegmentedRaftLogWorker (SegmentedRaftLogWorker.java:<init>(190)) - new om1@group-C5BA1605619E-SegmentedRaftLogWorker for RaftStorageImpl:Storage Directory /home/runner/work/ozone/ozone/hadoop-ozone/integration-test/target/test-dir/MiniOzoneClusterImpl-09c4c6e1-5ab0-4195-ac7b-5aec6defaa36/ozone-meta/ratis/bf265839-605b-3f16-9796-c5ba1605619e
2025-07-19 06:07:07,362 [om1-impl-thread1] INFO  server.RaftServerConfigKeys (ConfUtils.java:logGet(62)) - raft.server.log.segment.size.max = 4194304 (custom)
2025-07-19 06:07:07,362 [om1-impl-thread1] INFO  server.RaftServerConfigKeys (ConfUtils.java:logGet(62)) - raft.server.log.preallocated.size = 4194304 (custom)
2025-07-19 06:07:07,362 [om1-impl-thread1] INFO  server.RaftServerConfigKeys (ConfUtils.java:logGet(62)) - raft.server.log.write.buffer.size = 4194312 (custom)
2025-07-19 06:07:07,364 [om1-impl-thread1] INFO  server.RaftServerConfigKeys (ConfUtils.java:logGet(62)) - raft.server.log.appender.buffer.byte-limit = 4194304 (custom)
2025-07-19 06:07:07,365 [om1-impl-thread1] INFO  segmented.SegmentedRaftLogWorker (SegmentedRaftLogWorker.java:lambda$new$0(141)) - om1@group-C5BA1605619E-SegmentedRaftLogWorker: flushIndex: setUnconditionally 0 -> -1
2025-07-19 06:07:07,365 [om1-impl-thread1] INFO  segmented.SegmentedRaftLogWorker (SegmentedRaftLogWorker.java:lambda$new$0(141)) - om1@group-C5BA1605619E-SegmentedRaftLogWorker: safeCacheEvictIndex: setUnconditionally 0 -> -1
2025-07-19 06:07:07,365 [om1-impl-thread1] INFO  server.RaftServer$Division (RaftServerImpl.java:start(405)) - om1@group-C5BA1605619E: start as a follower, conf=conf: {index: -1, cur=peers:[om1|localhost:15009]|listeners:[], old=null}
2025-07-19 06:07:07,366 [om1-impl-thread1] INFO  server.RaftServer$Division (RaftServerImpl.java:setRole(392)) - om1@group-C5BA1605619E: changes role from      null to FOLLOWER at term 0 for startAsFollower
2025-07-19 06:07:07,366 [om1-impl-thread1] INFO  impl.RoleInfo (RoleInfo.java:updateAndGet(148)) - om1: start om1@group-C5BA1605619E-FollowerState
2025-07-19 06:07:07,366 [om1-impl-thread1] INFO  util.JmxRegister (JmxRegister.java:tryRegister(44)) - Successfully registered JMX Bean with object name Ratis:service=RaftServer,group=group-C5BA1605619E,id=om1
2025-07-19 06:07:07,367 [om1-impl-thread1] INFO  util.JmxRegister (JmxRegister.java:register(58)) - register mxBean class org.apache.ratis.server.impl.RaftServerJmxAdapter as Ratis:service=RaftServer,group=group-C5BA1605619E,id=om1
2025-07-19 06:07:07,367 [om1-impl-thread1] INFO  server.RaftServerConfigKeys (ConfUtils.java:logGet(62)) - raft.server.snapshot.auto.trigger.threshold = 400000 (default)
2025-07-19 06:07:07,367 [om1-impl-thread1] INFO  server.RaftServerConfigKeys (ConfUtils.java:logGet(62)) - raft.server.log.purge.upto.snapshot.index = true (custom)
2025-07-19 06:07:07,368 [om1-impl-thread1] INFO  server.RaftServer$Division (RaftServerImpl.java:start(419)) - om1@group-C5BA1605619E: Successfully started.
2025-07-19 06:07:07,368 [main] INFO  server.RaftServer (RaftServerProxy.java:startImpl(412)) - om1: start RPC server
2025-07-19 06:07:07,369 [om1@group-C5BA1605619E-FollowerState] INFO  server.RaftServerConfigKeys (ConfUtils.java:logFallback(69)) - raft.server.rpc.first-election.timeout.min = 1s (fallback to raft.server.rpc.timeout.min)
2025-07-19 06:07:07,370 [om1@group-C5BA1605619E-FollowerState] INFO  server.RaftServerConfigKeys (ConfUtils.java:logFallback(69)) - raft.server.rpc.first-election.timeout.max = 1200ms (fallback to raft.server.rpc.timeout.max)
2025-07-19 06:07:07,370 [main] INFO  server.GrpcServicesImpl (GrpcServicesImpl.java:startImpl(346)) - om1: GrpcServicesImpl started, listening on 15009
2025-07-19 06:07:07,371 [JvmPauseMonitor2] INFO  util.JvmPauseMonitor (JvmPauseMonitor.java:run(146)) - JvmPauseMonitor-om1: Started
2025-07-19 06:07:07,372 [main] INFO  om.OzoneManager (OzoneManager.java:start(1835)) - Version File has different layout version (8) than OM DB (null). That is expected if this OM has never been finalized to a newer layout version.
2025-07-19 06:07:07,388 [main] INFO  client.ScmTopologyClient (ScmTopologyClient.java:start(70)) - Initial network topology fetched from SCM: /.
2025-07-19 06:07:07,389 [main] INFO  net.NodeSchemaLoader (NodeSchemaLoader.java:loadSchemaFromFile(128)) - Loading schema from [jar:file:/home/runner/work/ozone/ozone/hadoop-hdds/common/target/hdds-common-2.1.0-SNAPSHOT.jar!/network-topology-default.xml]
2025-07-19 06:07:07,389 [main] INFO  net.NodeSchemaLoader (NodeSchemaLoader.java:loadSchema(175)) - Loading network topology layer schema file
2025-07-19 06:07:07,395 [main] INFO  utils.BackgroundService (BackgroundService.java:start(118)) - Starting service KeyDeletingService with interval 60000 milliseconds
2025-07-19 06:07:07,399 [main] INFO  utils.BackgroundService (BackgroundService.java:start(118)) - Starting service DirectoryDeletingService with interval 120000 milliseconds
2025-07-19 06:07:07,399 [main] INFO  utils.BackgroundService (BackgroundService.java:start(118)) - Starting service OpenKeyCleanupService with interval 86400000 milliseconds
2025-07-19 06:07:07,401 [main] INFO  utils.BackgroundService (BackgroundService.java:start(118)) - Starting service SstFilteringService with interval 60000 milliseconds
2025-07-19 06:07:07,405 [main] INFO  utils.BackgroundService (BackgroundService.java:start(118)) - Starting service SnapshotDeletingService with interval 30000 milliseconds
2025-07-19 06:07:07,407 [main] INFO  utils.BackgroundService (BackgroundService.java:start(118)) - Starting service MultipartUploadCleanupService with interval 86400000 milliseconds
2025-07-19 06:07:07,409 [main] INFO  http.BaseHttpServer (BaseHttpServer.java:newHttpServer2BuilderForOzone(229)) - Starting Web-server for ozoneManager at: http://0.0.0.0:15007
2025-07-19 06:07:07,409 [main] INFO  http.BaseHttpServer (BaseHttpServer.java:<init>(107)) - Hadoop Security Enabled: false Ozone Security Enabled: false Ozone HTTP Security Enabled: false 
2025-07-19 06:07:07,411 [main] WARN  server.AuthenticationFilter (AuthenticationFilter.java:constructSecretProvider(240)) - Unable to initialize FileSignerSecretProvider, falling back to use random secrets. Reason: Could not read signature secret file: /home/runner/hadoop-http-auth-signature-secret
2025-07-19 06:07:07,414 [main] INFO  http.HttpServer2 (HttpServer2.java:addGlobalFilter(1042)) - Added global filter 'safety' (class=org.apache.hadoop.hdds.server.http.HttpServer2$QuotingInputFilter)
2025-07-19 06:07:07,416 [main] INFO  http.HttpServer2 (HttpServer2.java:addFilter(1018)) - Added filter static_user_filter (class=org.apache.hadoop.http.lib.StaticUserWebFilter$StaticUserFilter) to context ozoneManager
2025-07-19 06:07:07,416 [main] INFO  http.HttpServer2 (HttpServer2.java:addFilter(1026)) - Added filter static_user_filter (class=org.apache.hadoop.http.lib.StaticUserWebFilter$StaticUserFilter) to context static
2025-07-19 06:07:07,416 [main] INFO  http.HttpServer2 (HttpServer2.java:addFilter(1026)) - Added filter static_user_filter (class=org.apache.hadoop.http.lib.StaticUserWebFilter$StaticUserFilter) to context logs
2025-07-19 06:07:07,417 [main] INFO  http.BaseHttpServer (BaseHttpServer.java:<init>(195)) - HTTP server of ozoneManager uses base directory /home/runner/work/ozone/ozone/hadoop-ozone/integration-test/target/test-dir/MiniOzoneClusterImpl-09c4c6e1-5ab0-4195-ac7b-5aec6defaa36/ozone-meta/webserver
2025-07-19 06:07:07,419 [main] INFO  http.HttpServer2 (HttpServer2.java:bindListener(1242)) - Jetty bound to port 15007
2025-07-19 06:07:07,419 [main] INFO  server.Server (Server.java:doStart(375)) - jetty-9.4.57.v20241219; built: 2025-01-08T21:24:30.412Z; git: df524e6b29271c2e09ba9aea83c18dc9db464a31; jvm 21.0.7+6-LTS
2025-07-19 06:07:07,421 [main] INFO  server.session (DefaultSessionIdManager.java:doStart(334)) - DefaultSessionIdManager workerName=node0
2025-07-19 06:07:07,421 [main] INFO  server.session (DefaultSessionIdManager.java:doStart(339)) - No SessionScavenger set, using defaults
2025-07-19 06:07:07,421 [main] INFO  server.session (HouseKeeper.java:startScavenging(132)) - node0 Scavenging every 600000ms
2025-07-19 06:07:07,422 [main] INFO  handler.ContextHandler (ContextHandler.java:doStart(921)) - Started o.e.j.s.ServletContextHandler@13a4e21{logs,/logs,file:///home/runner/work/ozone/ozone/hadoop-ozone/integration-test/target/log,AVAILABLE}
2025-07-19 06:07:07,423 [main] INFO  handler.ContextHandler (ContextHandler.java:doStart(921)) - Started o.e.j.s.ServletContextHandler@79b417ed{static,/static,file:///home/runner/work/ozone/ozone/hadoop-ozone/integration-test/target/test-classes/webapps/static,AVAILABLE}
2025-07-19 06:07:07,432 [main] INFO  handler.ContextHandler (ContextHandler.java:doStart(921)) - Started o.e.j.w.WebAppContext@cf64a6d{ozoneManager,/,file:///home/runner/work/ozone/ozone/hadoop-ozone/integration-test/target/test-classes/webapps/ozoneManager/,AVAILABLE}{file:/home/runner/work/ozone/ozone/hadoop-ozone/integration-test/target/test-classes/webapps/ozoneManager}
2025-07-19 06:07:07,433 [main] INFO  server.AbstractConnector (AbstractConnector.java:doStart(333)) - Started ServerConnector@8d27060{HTTP/1.1, (http/1.1)}{0.0.0.0:15007}
2025-07-19 06:07:07,433 [main] INFO  server.Server (Server.java:doStart(415)) - Started @10988ms
2025-07-19 06:07:07,433 [main] WARN  impl.MetricsSystemImpl (MetricsSystemImpl.java:register(279)) - Sink prometheus already exists!
2025-07-19 06:07:07,433 [main] INFO  http.BaseHttpServer (BaseHttpServer.java:updateConnectorAddress(359)) - HTTP server of ozoneManager listening at http://localhost:15007
2025-07-19 06:07:07,434 [IPC Server Responder] INFO  ipc.Server (Server.java:run(1713)) - IPC Server Responder: starting
2025-07-19 06:07:07,434 [IPC Server listener on 15006] INFO  ipc.Server (Server.java:run(1553)) - IPC Server listener on 15006: starting
2025-07-19 06:07:07,437 [main] INFO  om.OzoneManager (OzoneManager.java:startTrashEmptier(2290)) - Trash Interval set to 0. Files deleted won't move to trash
2025-07-19 06:07:07,450 [main] INFO  db.CodecBuffer (CodecBuffer.java:set(85)) - Successfully set constructor to LeakDetector::newCodecBuffer: org.apache.hadoop.hdds.utils.db.CodecBuffer$$Lambda/0x00007f87a47bb548@4875012c
2025-07-19 06:07:07,530 [main] WARN  dropwizard3.Dm3MetricRegistriesImpl (Dm3MetricRegistriesImpl.java:addReporterRegistration(114)) - New reporters are added after registries were created. Some metrics will be missing from the reporter. Please add reporter before adding any new registry.
2025-07-19 06:07:07,531 [main] WARN  dropwizard3.Dm3MetricRegistriesImpl (Dm3MetricRegistriesImpl.java:addReporterRegistration(114)) - New reporters are added after registries were created. Some metrics will be missing from the reporter. Please add reporter before adding any new registry.
2025-07-19 06:07:07,531 [main] INFO  impl.MetricsSystemImpl (MetricsSystemImpl.java:init(158)) - HddsDatanode metrics system started (again)
2025-07-19 06:07:07,552 [main] INFO  protocol.DatanodeDetails (DatanodeDetails.java:validateDatanodeIpAddress(199)) - Updating IP address of datanode 7e15f5a0-0f8f-4a50-92e4-d2f5038b0085(localhost/null) to 127.0.0.1
2025-07-19 06:07:07,552 [main] INFO  ozone.HddsDatanodeService (HddsDatanodeService.java:start(236)) - HddsDatanodeService 7e15f5a0-0f8f-4a50-92e4-d2f5038b0085(localhost/127.0.0.1)
2025-07-19 06:07:07,557 [main] INFO  upgrade.AbstractLayoutVersionManager (AbstractLayoutVersionManager.java:init(80)) - Initializing Layout version manager with metadata layout = HBASE_SUPPORT (version = 8), software layout = HBASE_SUPPORT (version = 8)
2025-07-19 06:07:07,559 [main] INFO  statemachine.DatanodeStateMachine (DatanodeStateMachine.java:getEndPointTaskThreadPoolSize(305)) - Datanode State Machine Task Thread Pool size 2
2025-07-19 06:07:07,607 [main] INFO  volume.HddsVolume (HddsVolume.java:<init>(162)) - HddsVolume: { id=DS-6a3ee691-a0ba-47b5-b9c3-cb2d29eb7f66 dir=/home/runner/work/ozone/ozone/hadoop-ozone/integration-test/target/test-dir/MiniOzoneClusterImpl-09c4c6e1-5ab0-4195-ac7b-5aec6defaa36/ozone-meta/datanode-1/data-0/hdds type=DISK capacity=9222449699674390527 used=0 available=9222449699674390527 minFree=9222450130714624 committed=0 }
2025-07-19 06:07:07,607 [main] INFO  volume.MutableVolumeSet (MutableVolumeSet.java:initializeVolumeSet(167)) - Added Volume : /home/runner/work/ozone/ozone/hadoop-ozone/integration-test/target/test-dir/MiniOzoneClusterImpl-09c4c6e1-5ab0-4195-ac7b-5aec6defaa36/ozone-meta/datanode-1/data-0/hdds to VolumeSet
2025-07-19 06:07:07,610 [main] INFO  volume.MutableVolumeSet (MutableVolumeSet.java:initializeVolumeSet(167)) - Added Volume : /home/runner/work/ozone/ozone/hadoop-ozone/integration-test/target/test-dir/MiniOzoneClusterImpl-09c4c6e1-5ab0-4195-ac7b-5aec6defaa36/ozone-meta/datanode-1/ratis to VolumeSet
2025-07-19 06:07:07,613 [main] INFO  ozoneimpl.OzoneContainer (HddsVolumeUtil.java:loadAllHddsVolumeDbStore(102)) - Load 1 volumes DbStore cost: 0ms
2025-07-19 06:07:07,615 [main] WARN  db.DBStoreBuilder (DBStoreBuilder.java:getDBDirPath(158)) - ozone.scm.datanode.id.dir is not configured. We recommend adding this setting. Falling back to ozone.metadata.dirs instead.
2025-07-19 06:07:07,619 [main] WARN  db.DBStoreBuilder (DBStoreBuilder.java:getDBDirPath(158)) - ozone.scm.datanode.id.dir is not configured. We recommend adding this setting. Falling back to ozone.metadata.dirs instead.
2025-07-19 06:07:07,684 [main] INFO  impl.FilePerChunkStrategy (FilePerChunkStrategy.java:<init>(79)) - ozone.chunk.read.mapped.buffer.max.count is load with 0
2025-07-19 06:07:07,688 [main] INFO  impl.FilePerBlockStrategy (FilePerBlockStrategy.java:<init>(88)) - ozone.chunk.read.mapped.buffer.max.count is load with 0
2025-07-19 06:07:07,722 [main] INFO  audit.AuditLogger (AuditLogger.java:refreshDebugCmdSet(133)) - Refresh DebugCmdSet for DNAudit to [].
2025-07-19 06:07:07,733 [main] INFO  server.RaftServerConfigKeys (ConfUtils.java:logGet(62)) - raft.server.log.appender.buffer.byte-limit = 33554432 (custom)
2025-07-19 06:07:07,742 [main] INFO  grpc.GrpcConfigKeys (ConfUtils.java:logFallback(69)) - raft.grpc.admin.host = null (fallback to raft.grpc.server.host)
2025-07-19 06:07:07,742 [main] INFO  grpc.GrpcConfigKeys (ConfUtils.java:logGet(62)) - raft.grpc.admin.port = 15014 (custom)
2025-07-19 06:07:07,742 [main] INFO  grpc.GrpcConfigKeys (ConfUtils.java:logFallback(69)) - raft.grpc.client.host = null (fallback to raft.grpc.server.host)
2025-07-19 06:07:07,742 [main] INFO  grpc.GrpcConfigKeys (ConfUtils.java:logGet(62)) - raft.grpc.client.port = 15013 (custom)
2025-07-19 06:07:07,742 [main] INFO  grpc.GrpcConfigKeys (ConfUtils.java:logGet(62)) - raft.grpc.server.port = 15015 (custom)
2025-07-19 06:07:07,742 [main] INFO  server.GrpcServicesImpl (ConfUtils.java:logGet(62)) - raft.grpc.message.size.max = 34603008 (custom)
2025-07-19 06:07:07,743 [main] INFO  server.GrpcServicesImpl (ConfUtils.java:logGet(62)) - raft.grpc.flow.control.window = 5MB (=5242880) (custom)
2025-07-19 06:07:07,743 [main] INFO  server.RaftServerConfigKeys (ConfUtils.java:logGet(62)) - raft.server.log.appender.buffer.byte-limit = 33554432 (custom)
2025-07-19 06:07:07,744 [main] INFO  impl.DataStreamServerImpl (ConfUtils.java:logGet(62)) - raft.datastream.type = NETTY (custom)
2025-07-19 06:07:07,754 [main] INFO  server.RaftServerConfigKeys (ConfUtils.java:logGet(62)) - raft.server.data-stream.async.request.thread.pool.cached = false (default)
2025-07-19 06:07:07,754 [main] INFO  server.RaftServerConfigKeys (ConfUtils.java:logGet(62)) - raft.server.data-stream.async.request.thread.pool.size = 20 (custom)
2025-07-19 06:07:07,755 [main] INFO  server.RaftServerConfigKeys (ConfUtils.java:logGet(62)) - raft.server.data-stream.async.write.thread.pool.size = 16 (default)
2025-07-19 06:07:07,756 [main] INFO  netty.NettyConfigKeys$DataStream (ConfUtils.java:logGet(62)) - raft.netty.dataStream.server.channel.inactive.grace-period = 10min (default)
2025-07-19 06:07:07,757 [main] INFO  server.RaftServerConfigKeys (ConfUtils.java:logGet(62)) - raft.server.data-stream.client.pool.size = 10 (default)
2025-07-19 06:07:07,758 [main] INFO  netty.NettyConfigKeys$DataStream (ConfUtils.java:logGet(62)) - raft.netty.dataStream.server.use-epoll = true (default)
2025-07-19 06:07:07,758 [main] INFO  netty.NettyConfigKeys$DataStream (ConfUtils.java:logGet(62)) - raft.netty.dataStream.server.boss-group.size = 0 (default)
2025-07-19 06:07:07,759 [main] INFO  netty.NettyUtils (NettyUtils.java:newEventLoopGroup(74)) - Create EpollEventLoopGroup for 7e15f5a0-0f8f-4a50-92e4-d2f5038b0085-NettyServerStreamRpc-bossGroup; Thread size is 0.
2025-07-19 06:07:07,760 [main] INFO  netty.NettyConfigKeys$DataStream (ConfUtils.java:logGet(62)) - raft.netty.dataStream.server.worker-group.size = 0 (default)
2025-07-19 06:07:07,760 [main] INFO  netty.NettyUtils (NettyUtils.java:newEventLoopGroup(74)) - Create EpollEventLoopGroup for 7e15f5a0-0f8f-4a50-92e4-d2f5038b0085-NettyServerStreamRpc-workerGroup; Thread size is 0.
2025-07-19 06:07:07,762 [main] INFO  netty.NettyConfigKeys$DataStream (ConfUtils.java:logGet(62)) - raft.netty.dataStream.port = 15016 (custom)
2025-07-19 06:07:07,765 [main] INFO  server.RaftServerConfigKeys (ConfUtils.java:logGet(62)) - raft.server.storage.dir = [/home/runner/work/ozone/ozone/hadoop-ozone/integration-test/target/test-dir/MiniOzoneClusterImpl-09c4c6e1-5ab0-4195-ac7b-5aec6defaa36/ozone-meta/datanode-1/ratis] (custom)
2025-07-19 06:07:07,766 [7e15f5a0-0f8f-4a50-92e4-d2f5038b0085-impl-thread1] INFO  server.RaftServer (RaftServerProxy.java:initGroupDir(270)) - 7e15f5a0-0f8f-4a50-92e4-d2f5038b0085: found a subdirectory /home/runner/work/ozone/ozone/hadoop-ozone/integration-test/target/test-dir/MiniOzoneClusterImpl-09c4c6e1-5ab0-4195-ac7b-5aec6defaa36/ozone-meta/datanode-1/ratis/tmp
2025-07-19 06:07:07,766 [7e15f5a0-0f8f-4a50-92e4-d2f5038b0085-impl-thread1] INFO  server.RaftServer (RaftServerProxy.java:initGroupDir(275)) - 7e15f5a0-0f8f-4a50-92e4-d2f5038b0085: The directory /home/runner/work/ozone/ozone/hadoop-ozone/integration-test/target/test-dir/MiniOzoneClusterImpl-09c4c6e1-5ab0-4195-ac7b-5aec6defaa36/ozone-meta/datanode-1/ratis/tmp is not a group directory; ignoring it. 
2025-07-19 06:07:07,768 [main] INFO  replication.ReplicationServer (ReplicationServer.java:<init>(84)) - Initializing replication server with thread count = 10 queue length = 4096
2025-07-19 06:07:07,778 [7e15f5a0-0f8f-4a50-92e4-d2f5038b0085-NettyServerStreamRpc-bossGroup--thread1] INFO  logging.LoggingHandler (AbstractInternalLogger.java:log(148)) - [id: 0x9e12b25e] REGISTERED
2025-07-19 06:07:07,778 [7e15f5a0-0f8f-4a50-92e4-d2f5038b0085-NettyServerStreamRpc-bossGroup--thread1] INFO  logging.LoggingHandler (AbstractInternalLogger.java:log(148)) - [id: 0x9e12b25e] BIND: 0.0.0.0/0.0.0.0:15016
2025-07-19 06:07:07,778 [7e15f5a0-0f8f-4a50-92e4-d2f5038b0085-NettyServerStreamRpc-bossGroup--thread1] INFO  logging.LoggingHandler (AbstractInternalLogger.java:log(148)) - [id: 0x9e12b25e, L:/0.0.0.0:15016] ACTIVE
2025-07-19 06:07:07,789 [main] INFO  server.XceiverServerGrpc (XceiverServerGrpc.java:<init>(130)) - GrpcServer channel type EpollServerSocketChannel
2025-07-19 06:07:07,815 [main] INFO  replication.ReplicationSupervisor (ReplicationSupervisor.java:build(169)) - Initializing replication supervisor with thread count = 10
2025-07-19 06:07:07,816 [main] INFO  replication.ReplicationSupervisor (ReplicationSupervisor.java:nodeStateUpdated(358)) - Node state updated to IN_SERVICE, scaling executor pool size to 10
2025-07-19 06:07:07,829 [main] INFO  lib.Interns (Interns.java:removeEldestEntry(50)) - Metrics intern cache overflow at 2011 for MetricsSystem={MetricsSystem=MetricsInfoImpl{name=MetricsSystem, description=MetricsSystem}, MetricsSystem record=MetricsInfoImpl{name=MetricsSystem, description=MetricsSystem record}}
2025-07-19 06:07:07,853 [main] INFO  http.BaseHttpServer (BaseHttpServer.java:newHttpServer2BuilderForOzone(229)) - Starting Web-server for hddsDatanode at: http://0.0.0.0:15010
2025-07-19 06:07:07,854 [main] INFO  http.BaseHttpServer (BaseHttpServer.java:<init>(107)) - Hadoop Security Enabled: false Ozone Security Enabled: false Ozone HTTP Security Enabled: false 
2025-07-19 06:07:07,856 [main] WARN  server.AuthenticationFilter (AuthenticationFilter.java:constructSecretProvider(240)) - Unable to initialize FileSignerSecretProvider, falling back to use random secrets. Reason: Could not read signature secret file: /home/runner/hadoop-http-auth-signature-secret
2025-07-19 06:07:07,859 [main] INFO  http.HttpServer2 (HttpServer2.java:addGlobalFilter(1042)) - Added global filter 'safety' (class=org.apache.hadoop.hdds.server.http.HttpServer2$QuotingInputFilter)
2025-07-19 06:07:07,860 [main] INFO  http.HttpServer2 (HttpServer2.java:addFilter(1018)) - Added filter static_user_filter (class=org.apache.hadoop.http.lib.StaticUserWebFilter$StaticUserFilter) to context hddsDatanode
2025-07-19 06:07:07,860 [main] INFO  http.HttpServer2 (HttpServer2.java:addFilter(1026)) - Added filter static_user_filter (class=org.apache.hadoop.http.lib.StaticUserWebFilter$StaticUserFilter) to context logs
2025-07-19 06:07:07,861 [main] INFO  http.HttpServer2 (HttpServer2.java:addFilter(1026)) - Added filter static_user_filter (class=org.apache.hadoop.http.lib.StaticUserWebFilter$StaticUserFilter) to context static
2025-07-19 06:07:07,862 [main] INFO  http.BaseHttpServer (BaseHttpServer.java:<init>(195)) - HTTP server of hddsDatanode uses base directory /home/runner/work/ozone/ozone/hadoop-ozone/integration-test/target/test-dir/MiniOzoneClusterImpl-09c4c6e1-5ab0-4195-ac7b-5aec6defaa36/ozone-meta/datanode-1/meta/webserver
2025-07-19 06:07:07,862 [main] INFO  http.HttpServer2 (HttpServer2.java:bindListener(1242)) - Jetty bound to port 15010
2025-07-19 06:07:07,862 [main] INFO  server.Server (Server.java:doStart(375)) - jetty-9.4.57.v20241219; built: 2025-01-08T21:24:30.412Z; git: df524e6b29271c2e09ba9aea83c18dc9db464a31; jvm 21.0.7+6-LTS
2025-07-19 06:07:07,865 [main] INFO  server.session (DefaultSessionIdManager.java:doStart(334)) - DefaultSessionIdManager workerName=node0
2025-07-19 06:07:07,865 [main] INFO  server.session (DefaultSessionIdManager.java:doStart(339)) - No SessionScavenger set, using defaults
2025-07-19 06:07:07,865 [main] INFO  server.session (HouseKeeper.java:startScavenging(132)) - node0 Scavenging every 600000ms
2025-07-19 06:07:07,866 [main] INFO  handler.ContextHandler (ContextHandler.java:doStart(921)) - Started o.e.j.s.ServletContextHandler@6e2b679e{logs,/logs,file:///home/runner/work/ozone/ozone/hadoop-ozone/integration-test/target/log,AVAILABLE}
2025-07-19 06:07:07,867 [main] INFO  handler.ContextHandler (ContextHandler.java:doStart(921)) - Started o.e.j.s.ServletContextHandler@206769f8{static,/static,jar:file:/home/runner/work/ozone/ozone/hadoop-hdds/container-service/target/hdds-container-service-2.1.0-SNAPSHOT.jar!/webapps/static,AVAILABLE}
2025-07-19 06:07:08,048 [main] INFO  handler.ContextHandler (ContextHandler.java:doStart(921)) - Started o.e.j.w.WebAppContext@4ad177f3{hddsDatanode,/,file:///home/runner/work/ozone/ozone/hadoop-ozone/integration-test/target/test-dir/MiniOzoneClusterImpl-09c4c6e1-5ab0-4195-ac7b-5aec6defaa36/ozone-meta/datanode-1/meta/webserver/jetty-0_0_0_0-15010-hdds-container-service-2_1_0-SNAPSHOT_jar-_-any-236865024407670743/webapp/,AVAILABLE}{jar:file:/home/runner/work/ozone/ozone/hadoop-hdds/container-service/target/hdds-container-service-2.1.0-SNAPSHOT.jar!/webapps/hddsDatanode}
2025-07-19 06:07:08,049 [main] INFO  server.AbstractConnector (AbstractConnector.java:doStart(333)) - Started ServerConnector@470467b0{HTTP/1.1, (http/1.1)}{0.0.0.0:15010}
2025-07-19 06:07:08,050 [main] INFO  server.Server (Server.java:doStart(415)) - Started @11605ms
2025-07-19 06:07:08,050 [main] WARN  impl.MetricsSystemImpl (MetricsSystemImpl.java:register(279)) - Sink prometheus already exists!
2025-07-19 06:07:08,050 [main] INFO  http.BaseHttpServer (BaseHttpServer.java:updateConnectorAddress(359)) - HTTP server of hddsDatanode listening at http://localhost:15010
2025-07-19 06:07:08,053 [main] INFO  ipc.CallQueueManager (CallQueueManager.java:<init>(93)) - Using callQueue: class java.util.concurrent.LinkedBlockingQueue, queueCapacity: 1000, scheduler: class org.apache.hadoop.ipc.DefaultRpcScheduler, ipcBackoff: false, ipcFailOver: false.
2025-07-19 06:07:08,053 [main] INFO  ipc.Server (Server.java:<init>(1438)) - Listener at 0.0.0.0:15011
2025-07-19 06:07:08,054 [Socket Reader #1 for port 15011] INFO  ipc.Server (Server.java:run(1474)) - Starting Socket Reader #1 for port 15011
2025-07-19 06:07:08,054 [Socket Reader #2 for port 15011] INFO  ipc.Server (Server.java:run(1474)) - Starting Socket Reader #2 for port 15011
2025-07-19 06:07:08,054 [Socket Reader #3 for port 15011] INFO  ipc.Server (Server.java:run(1474)) - Starting Socket Reader #3 for port 15011
2025-07-19 06:07:08,054 [Socket Reader #4 for port 15011] INFO  ipc.Server (Server.java:run(1474)) - Starting Socket Reader #4 for port 15011
2025-07-19 06:07:08,055 [Socket Reader #5 for port 15011] INFO  ipc.Server (Server.java:run(1474)) - Starting Socket Reader #5 for port 15011
2025-07-19 06:07:08,055 [Socket Reader #6 for port 15011] INFO  ipc.Server (Server.java:run(1474)) - Starting Socket Reader #6 for port 15011
2025-07-19 06:07:08,055 [Socket Reader #7 for port 15011] INFO  ipc.Server (Server.java:run(1474)) - Starting Socket Reader #7 for port 15011
2025-07-19 06:07:08,056 [Socket Reader #8 for port 15011] INFO  ipc.Server (Server.java:run(1474)) - Starting Socket Reader #8 for port 15011
2025-07-19 06:07:08,056 [Socket Reader #9 for port 15011] INFO  ipc.Server (Server.java:run(1474)) - Starting Socket Reader #9 for port 15011
2025-07-19 06:07:08,056 [Socket Reader #10 for port 15011] INFO  ipc.Server (Server.java:run(1474)) - Starting Socket Reader #10 for port 15011
2025-07-19 06:07:08,058 [main] INFO  ozone.HddsDatanodeService (HddsDatanodeService.java:start(333)) - Datanode start with admins: [admin, runner]
2025-07-19 06:07:08,058 [main] INFO  ozone.HddsDatanodeClientProtocolServer (HddsDatanodeClientProtocolServer.java:start(76)) - RPC server for Client /0.0.0.0:15011
2025-07-19 06:07:08,059 [IPC Server Responder] INFO  ipc.Server (Server.java:run(1713)) - IPC Server Responder: starting
2025-07-19 06:07:08,059 [IPC Server listener on 15011] INFO  ipc.Server (Server.java:run(1553)) - IPC Server listener on 15011: starting
2025-07-19 06:07:08,061 [main] WARN  dropwizard3.Dm3MetricRegistriesImpl (Dm3MetricRegistriesImpl.java:addReporterRegistration(114)) - New reporters are added after registries were created. Some metrics will be missing from the reporter. Please add reporter before adding any new registry.
2025-07-19 06:07:08,062 [main] WARN  dropwizard3.Dm3MetricRegistriesImpl (Dm3MetricRegistriesImpl.java:addReporterRegistration(114)) - New reporters are added after registries were created. Some metrics will be missing from the reporter. Please add reporter before adding any new registry.
2025-07-19 06:07:08,062 [main] INFO  impl.MetricsSystemImpl (MetricsSystemImpl.java:init(158)) - HddsDatanode metrics system started (again)
2025-07-19 06:07:08,064 [7e15f5a0-0f8f-4a50-92e4-d2f5038b0085-DatanodeStateMachineDaemonThread] INFO  statemachine.DatanodeStateMachine (DatanodeStateMachine.java:startStateMachineThread(347)) - Ozone container server started.
2025-07-19 06:07:08,080 [main] INFO  protocol.DatanodeDetails (DatanodeDetails.java:validateDatanodeIpAddress(199)) - Updating IP address of datanode aa0cb613-fc94-4131-90ab-17bcd78458c4(localhost/null) to 127.0.0.1
2025-07-19 06:07:08,080 [main] INFO  ozone.HddsDatanodeService (HddsDatanodeService.java:start(236)) - HddsDatanodeService aa0cb613-fc94-4131-90ab-17bcd78458c4(localhost/127.0.0.1)
2025-07-19 06:07:08,084 [main] INFO  upgrade.AbstractLayoutVersionManager (AbstractLayoutVersionManager.java:init(80)) - Initializing Layout version manager with metadata layout = HBASE_SUPPORT (version = 8), software layout = HBASE_SUPPORT (version = 8)
2025-07-19 06:07:08,085 [main] INFO  statemachine.DatanodeStateMachine (DatanodeStateMachine.java:getEndPointTaskThreadPoolSize(305)) - Datanode State Machine Task Thread Pool size 2
2025-07-19 06:07:08,090 [main] INFO  volume.HddsVolume (HddsVolume.java:<init>(162)) - HddsVolume: { id=DS-9d3c9c44-2b8e-45ff-8944-c53dda181849 dir=/home/runner/work/ozone/ozone/hadoop-ozone/integration-test/target/test-dir/MiniOzoneClusterImpl-09c4c6e1-5ab0-4195-ac7b-5aec6defaa36/ozone-meta/datanode-2/data-0/hdds type=DISK capacity=9222449699674390527 used=0 available=9222449699674390527 minFree=9222450130714624 committed=0 }
2025-07-19 06:07:08,090 [main] INFO  volume.MutableVolumeSet (MutableVolumeSet.java:initializeVolumeSet(167)) - Added Volume : /home/runner/work/ozone/ozone/hadoop-ozone/integration-test/target/test-dir/MiniOzoneClusterImpl-09c4c6e1-5ab0-4195-ac7b-5aec6defaa36/ozone-meta/datanode-2/data-0/hdds to VolumeSet
2025-07-19 06:07:08,092 [main] INFO  volume.MutableVolumeSet (MutableVolumeSet.java:initializeVolumeSet(167)) - Added Volume : /home/runner/work/ozone/ozone/hadoop-ozone/integration-test/target/test-dir/MiniOzoneClusterImpl-09c4c6e1-5ab0-4195-ac7b-5aec6defaa36/ozone-meta/datanode-2/ratis to VolumeSet
2025-07-19 06:07:08,093 [main] INFO  ozoneimpl.OzoneContainer (HddsVolumeUtil.java:loadAllHddsVolumeDbStore(102)) - Load 1 volumes DbStore cost: 0ms
2025-07-19 06:07:08,094 [main] WARN  db.DBStoreBuilder (DBStoreBuilder.java:getDBDirPath(158)) - ozone.scm.datanode.id.dir is not configured. We recommend adding this setting. Falling back to ozone.metadata.dirs instead.
2025-07-19 06:07:08,095 [main] WARN  db.DBStoreBuilder (DBStoreBuilder.java:getDBDirPath(158)) - ozone.scm.datanode.id.dir is not configured. We recommend adding this setting. Falling back to ozone.metadata.dirs instead.
2025-07-19 06:07:08,116 [main] INFO  impl.FilePerChunkStrategy (FilePerChunkStrategy.java:<init>(79)) - ozone.chunk.read.mapped.buffer.max.count is load with 0
2025-07-19 06:07:08,116 [main] INFO  impl.FilePerBlockStrategy (FilePerBlockStrategy.java:<init>(88)) - ozone.chunk.read.mapped.buffer.max.count is load with 0
2025-07-19 06:07:08,118 [main] INFO  server.RaftServerConfigKeys (ConfUtils.java:logGet(62)) - raft.server.log.appender.buffer.byte-limit = 33554432 (custom)
2025-07-19 06:07:08,120 [main] INFO  grpc.GrpcConfigKeys (ConfUtils.java:logFallback(69)) - raft.grpc.admin.host = null (fallback to raft.grpc.server.host)
2025-07-19 06:07:08,120 [main] INFO  grpc.GrpcConfigKeys (ConfUtils.java:logGet(62)) - raft.grpc.admin.port = 15022 (custom)
2025-07-19 06:07:08,120 [main] INFO  grpc.GrpcConfigKeys (ConfUtils.java:logFallback(69)) - raft.grpc.client.host = null (fallback to raft.grpc.server.host)
2025-07-19 06:07:08,120 [main] INFO  grpc.GrpcConfigKeys (ConfUtils.java:logGet(62)) - raft.grpc.client.port = 15021 (custom)
2025-07-19 06:07:08,120 [main] INFO  grpc.GrpcConfigKeys (ConfUtils.java:logGet(62)) - raft.grpc.server.port = 15023 (custom)
2025-07-19 06:07:08,120 [main] INFO  server.GrpcServicesImpl (ConfUtils.java:logGet(62)) - raft.grpc.message.size.max = 34603008 (custom)
2025-07-19 06:07:08,121 [main] INFO  server.GrpcServicesImpl (ConfUtils.java:logGet(62)) - raft.grpc.flow.control.window = 5MB (=5242880) (custom)
2025-07-19 06:07:08,121 [main] INFO  server.RaftServerConfigKeys (ConfUtils.java:logGet(62)) - raft.server.log.appender.buffer.byte-limit = 33554432 (custom)
2025-07-19 06:07:08,123 [main] INFO  netty.NettyUtils (NettyUtils.java:newEventLoopGroup(74)) - Create EpollEventLoopGroup for aa0cb613-fc94-4131-90ab-17bcd78458c4-NettyServerStreamRpc-bossGroup; Thread size is 0.
2025-07-19 06:07:08,123 [main] INFO  netty.NettyUtils (NettyUtils.java:newEventLoopGroup(74)) - Create EpollEventLoopGroup for aa0cb613-fc94-4131-90ab-17bcd78458c4-NettyServerStreamRpc-workerGroup; Thread size is 0.
2025-07-19 06:07:08,124 [main] INFO  netty.NettyConfigKeys$DataStream (ConfUtils.java:logGet(62)) - raft.netty.dataStream.port = 15024 (custom)
2025-07-19 06:07:08,124 [main] INFO  server.RaftServerConfigKeys (ConfUtils.java:logGet(62)) - raft.server.storage.dir = [/home/runner/work/ozone/ozone/hadoop-ozone/integration-test/target/test-dir/MiniOzoneClusterImpl-09c4c6e1-5ab0-4195-ac7b-5aec6defaa36/ozone-meta/datanode-2/ratis] (custom)
2025-07-19 06:07:08,124 [aa0cb613-fc94-4131-90ab-17bcd78458c4-NettyServerStreamRpc-bossGroup--thread1] INFO  logging.LoggingHandler (AbstractInternalLogger.java:log(148)) - [id: 0xbf05d6e0] REGISTERED
2025-07-19 06:07:08,125 [aa0cb613-fc94-4131-90ab-17bcd78458c4-NettyServerStreamRpc-bossGroup--thread1] INFO  logging.LoggingHandler (AbstractInternalLogger.java:log(148)) - [id: 0xbf05d6e0] BIND: 0.0.0.0/0.0.0.0:15024
2025-07-19 06:07:08,125 [aa0cb613-fc94-4131-90ab-17bcd78458c4-impl-thread1] INFO  server.RaftServer (RaftServerProxy.java:initGroupDir(270)) - aa0cb613-fc94-4131-90ab-17bcd78458c4: found a subdirectory /home/runner/work/ozone/ozone/hadoop-ozone/integration-test/target/test-dir/MiniOzoneClusterImpl-09c4c6e1-5ab0-4195-ac7b-5aec6defaa36/ozone-meta/datanode-2/ratis/tmp
2025-07-19 06:07:08,125 [aa0cb613-fc94-4131-90ab-17bcd78458c4-NettyServerStreamRpc-bossGroup--thread1] INFO  logging.LoggingHandler (AbstractInternalLogger.java:log(148)) - [id: 0xbf05d6e0, L:/0.0.0.0:15024] ACTIVE
2025-07-19 06:07:08,125 [aa0cb613-fc94-4131-90ab-17bcd78458c4-impl-thread1] INFO  server.RaftServer (RaftServerProxy.java:initGroupDir(275)) - aa0cb613-fc94-4131-90ab-17bcd78458c4: The directory /home/runner/work/ozone/ozone/hadoop-ozone/integration-test/target/test-dir/MiniOzoneClusterImpl-09c4c6e1-5ab0-4195-ac7b-5aec6defaa36/ozone-meta/datanode-2/ratis/tmp is not a group directory; ignoring it. 
2025-07-19 06:07:08,125 [main] INFO  replication.ReplicationServer (ReplicationServer.java:<init>(84)) - Initializing replication server with thread count = 10 queue length = 4096
2025-07-19 06:07:08,126 [main] INFO  server.XceiverServerGrpc (XceiverServerGrpc.java:<init>(130)) - GrpcServer channel type EpollServerSocketChannel
2025-07-19 06:07:08,129 [main] INFO  replication.ReplicationSupervisor (ReplicationSupervisor.java:build(169)) - Initializing replication supervisor with thread count = 10
2025-07-19 06:07:08,129 [main] INFO  replication.ReplicationSupervisor (ReplicationSupervisor.java:nodeStateUpdated(358)) - Node state updated to IN_SERVICE, scaling executor pool size to 10
2025-07-19 06:07:08,134 [main] INFO  http.BaseHttpServer (BaseHttpServer.java:newHttpServer2BuilderForOzone(229)) - Starting Web-server for hddsDatanode at: http://0.0.0.0:15018
2025-07-19 06:07:08,134 [main] INFO  http.BaseHttpServer (BaseHttpServer.java:<init>(107)) - Hadoop Security Enabled: false Ozone Security Enabled: false Ozone HTTP Security Enabled: false 
2025-07-19 06:07:08,136 [main] WARN  server.AuthenticationFilter (AuthenticationFilter.java:constructSecretProvider(240)) - Unable to initialize FileSignerSecretProvider, falling back to use random secrets. Reason: Could not read signature secret file: /home/runner/hadoop-http-auth-signature-secret
2025-07-19 06:07:08,138 [main] INFO  http.HttpServer2 (HttpServer2.java:addGlobalFilter(1042)) - Added global filter 'safety' (class=org.apache.hadoop.hdds.server.http.HttpServer2$QuotingInputFilter)
2025-07-19 06:07:08,139 [main] INFO  http.HttpServer2 (HttpServer2.java:addFilter(1018)) - Added filter static_user_filter (class=org.apache.hadoop.http.lib.StaticUserWebFilter$StaticUserFilter) to context hddsDatanode
2025-07-19 06:07:08,139 [main] INFO  http.HttpServer2 (HttpServer2.java:addFilter(1026)) - Added filter static_user_filter (class=org.apache.hadoop.http.lib.StaticUserWebFilter$StaticUserFilter) to context logs
2025-07-19 06:07:08,140 [main] INFO  http.HttpServer2 (HttpServer2.java:addFilter(1026)) - Added filter static_user_filter (class=org.apache.hadoop.http.lib.StaticUserWebFilter$StaticUserFilter) to context static
2025-07-19 06:07:08,141 [main] INFO  http.BaseHttpServer (BaseHttpServer.java:<init>(195)) - HTTP server of hddsDatanode uses base directory /home/runner/work/ozone/ozone/hadoop-ozone/integration-test/target/test-dir/MiniOzoneClusterImpl-09c4c6e1-5ab0-4195-ac7b-5aec6defaa36/ozone-meta/datanode-2/meta/webserver
2025-07-19 06:07:08,141 [main] INFO  http.HttpServer2 (HttpServer2.java:bindListener(1242)) - Jetty bound to port 15018
2025-07-19 06:07:08,141 [main] INFO  server.Server (Server.java:doStart(375)) - jetty-9.4.57.v20241219; built: 2025-01-08T21:24:30.412Z; git: df524e6b29271c2e09ba9aea83c18dc9db464a31; jvm 21.0.7+6-LTS
2025-07-19 06:07:08,144 [main] INFO  server.session (DefaultSessionIdManager.java:doStart(334)) - DefaultSessionIdManager workerName=node0
2025-07-19 06:07:08,144 [main] INFO  server.session (DefaultSessionIdManager.java:doStart(339)) - No SessionScavenger set, using defaults
2025-07-19 06:07:08,144 [main] INFO  server.session (HouseKeeper.java:startScavenging(132)) - node0 Scavenging every 660000ms
2025-07-19 06:07:08,145 [main] INFO  handler.ContextHandler (ContextHandler.java:doStart(921)) - Started o.e.j.s.ServletContextHandler@182c3b79{logs,/logs,file:///home/runner/work/ozone/ozone/hadoop-ozone/integration-test/target/log,AVAILABLE}
2025-07-19 06:07:08,145 [main] INFO  handler.ContextHandler (ContextHandler.java:doStart(921)) - Started o.e.j.s.ServletContextHandler@6586480a{static,/static,jar:file:/home/runner/work/ozone/ozone/hadoop-hdds/container-service/target/hdds-container-service-2.1.0-SNAPSHOT.jar!/webapps/static,AVAILABLE}
2025-07-19 06:07:08,181 [7e15f5a0-0f8f-4a50-92e4-d2f5038b0085-DatanodeStateMachineTaskThread-0] INFO  datanode.InitDatanodeState (InitDatanodeState.java:persistContainerDatanodeDetails(139)) - DatanodeDetails is persisted to /home/runner/work/ozone/ozone/hadoop-ozone/integration-test/target/test-dir/MiniOzoneClusterImpl-09c4c6e1-5ab0-4195-ac7b-5aec6defaa36/ozone-meta/datanode-1/meta/datanode.id
2025-07-19 06:07:08,331 [main] INFO  handler.ContextHandler (ContextHandler.java:doStart(921)) - Started o.e.j.w.WebAppContext@c27ea94{hddsDatanode,/,file:///home/runner/work/ozone/ozone/hadoop-ozone/integration-test/target/test-dir/MiniOzoneClusterImpl-09c4c6e1-5ab0-4195-ac7b-5aec6defaa36/ozone-meta/datanode-2/meta/webserver/jetty-0_0_0_0-15018-hdds-container-service-2_1_0-SNAPSHOT_jar-_-any-1487342484141217044/webapp/,AVAILABLE}{jar:file:/home/runner/work/ozone/ozone/hadoop-hdds/container-service/target/hdds-container-service-2.1.0-SNAPSHOT.jar!/webapps/hddsDatanode}
2025-07-19 06:07:08,332 [main] INFO  server.AbstractConnector (AbstractConnector.java:doStart(333)) - Started ServerConnector@3bbed4fa{HTTP/1.1, (http/1.1)}{0.0.0.0:15018}
2025-07-19 06:07:08,332 [main] INFO  server.Server (Server.java:doStart(415)) - Started @11887ms
2025-07-19 06:07:08,332 [main] WARN  impl.MetricsSystemImpl (MetricsSystemImpl.java:register(279)) - Sink prometheus already exists!
2025-07-19 06:07:08,332 [main] INFO  http.BaseHttpServer (BaseHttpServer.java:updateConnectorAddress(359)) - HTTP server of hddsDatanode listening at http://localhost:15018
2025-07-19 06:07:08,333 [main] INFO  ipc.CallQueueManager (CallQueueManager.java:<init>(93)) - Using callQueue: class java.util.concurrent.LinkedBlockingQueue, queueCapacity: 1000, scheduler: class org.apache.hadoop.ipc.DefaultRpcScheduler, ipcBackoff: false, ipcFailOver: false.
2025-07-19 06:07:08,333 [main] INFO  ipc.Server (Server.java:<init>(1438)) - Listener at 0.0.0.0:15019
2025-07-19 06:07:08,333 [Socket Reader #1 for port 15019] INFO  ipc.Server (Server.java:run(1474)) - Starting Socket Reader #1 for port 15019
2025-07-19 06:07:08,334 [Socket Reader #2 for port 15019] INFO  ipc.Server (Server.java:run(1474)) - Starting Socket Reader #2 for port 15019
2025-07-19 06:07:08,334 [Socket Reader #3 for port 15019] INFO  ipc.Server (Server.java:run(1474)) - Starting Socket Reader #3 for port 15019
2025-07-19 06:07:08,334 [Socket Reader #4 for port 15019] INFO  ipc.Server (Server.java:run(1474)) - Starting Socket Reader #4 for port 15019
2025-07-19 06:07:08,334 [Socket Reader #5 for port 15019] INFO  ipc.Server (Server.java:run(1474)) - Starting Socket Reader #5 for port 15019
2025-07-19 06:07:08,334 [Socket Reader #6 for port 15019] INFO  ipc.Server (Server.java:run(1474)) - Starting Socket Reader #6 for port 15019
2025-07-19 06:07:08,335 [Socket Reader #7 for port 15019] INFO  ipc.Server (Server.java:run(1474)) - Starting Socket Reader #7 for port 15019
2025-07-19 06:07:08,335 [Socket Reader #8 for port 15019] INFO  ipc.Server (Server.java:run(1474)) - Starting Socket Reader #8 for port 15019
2025-07-19 06:07:08,335 [Socket Reader #9 for port 15019] INFO  ipc.Server (Server.java:run(1474)) - Starting Socket Reader #9 for port 15019
2025-07-19 06:07:08,335 [Socket Reader #10 for port 15019] INFO  ipc.Server (Server.java:run(1474)) - Starting Socket Reader #10 for port 15019
2025-07-19 06:07:08,337 [main] INFO  ozone.HddsDatanodeService (HddsDatanodeService.java:start(333)) - Datanode start with admins: [admin, runner]
2025-07-19 06:07:08,337 [main] INFO  ozone.HddsDatanodeClientProtocolServer (HddsDatanodeClientProtocolServer.java:start(76)) - RPC server for Client /0.0.0.0:15019
2025-07-19 06:07:08,338 [IPC Server Responder] INFO  ipc.Server (Server.java:run(1713)) - IPC Server Responder: starting
2025-07-19 06:07:08,338 [IPC Server listener on 15019] INFO  ipc.Server (Server.java:run(1553)) - IPC Server listener on 15019: starting
2025-07-19 06:07:08,339 [main] WARN  dropwizard3.Dm3MetricRegistriesImpl (Dm3MetricRegistriesImpl.java:addReporterRegistration(114)) - New reporters are added after registries were created. Some metrics will be missing from the reporter. Please add reporter before adding any new registry.
2025-07-19 06:07:08,339 [main] WARN  dropwizard3.Dm3MetricRegistriesImpl (Dm3MetricRegistriesImpl.java:addReporterRegistration(114)) - New reporters are added after registries were created. Some metrics will be missing from the reporter. Please add reporter before adding any new registry.
2025-07-19 06:07:08,340 [main] INFO  impl.MetricsSystemImpl (MetricsSystemImpl.java:init(158)) - HddsDatanode metrics system started (again)
2025-07-19 06:07:08,341 [aa0cb613-fc94-4131-90ab-17bcd78458c4-DatanodeStateMachineDaemonThread] INFO  statemachine.DatanodeStateMachine (DatanodeStateMachine.java:startStateMachineThread(347)) - Ozone container server started.
2025-07-19 06:07:08,347 [aa0cb613-fc94-4131-90ab-17bcd78458c4-DatanodeStateMachineTaskThread-0] INFO  datanode.InitDatanodeState (InitDatanodeState.java:persistContainerDatanodeDetails(139)) - DatanodeDetails is persisted to /home/runner/work/ozone/ozone/hadoop-ozone/integration-test/target/test-dir/MiniOzoneClusterImpl-09c4c6e1-5ab0-4195-ac7b-5aec6defaa36/ozone-meta/datanode-2/meta/datanode.id
2025-07-19 06:07:08,357 [main] INFO  protocol.DatanodeDetails (DatanodeDetails.java:validateDatanodeIpAddress(199)) - Updating IP address of datanode 86838f6f-3dde-42b5-b01a-58c95bf80430(localhost/null) to 127.0.0.1
2025-07-19 06:07:08,357 [main] INFO  ozone.HddsDatanodeService (HddsDatanodeService.java:start(236)) - HddsDatanodeService 86838f6f-3dde-42b5-b01a-58c95bf80430(localhost/127.0.0.1)
2025-07-19 06:07:08,360 [main] INFO  upgrade.AbstractLayoutVersionManager (AbstractLayoutVersionManager.java:init(80)) - Initializing Layout version manager with metadata layout = HBASE_SUPPORT (version = 8), software layout = HBASE_SUPPORT (version = 8)
2025-07-19 06:07:08,360 [main] INFO  statemachine.DatanodeStateMachine (DatanodeStateMachine.java:getEndPointTaskThreadPoolSize(305)) - Datanode State Machine Task Thread Pool size 2
2025-07-19 06:07:08,365 [main] INFO  volume.HddsVolume (HddsVolume.java:<init>(162)) - HddsVolume: { id=DS-a067d9b8-8e32-43a7-b380-5c1c15371e92 dir=/home/runner/work/ozone/ozone/hadoop-ozone/integration-test/target/test-dir/MiniOzoneClusterImpl-09c4c6e1-5ab0-4195-ac7b-5aec6defaa36/ozone-meta/datanode-3/data-0/hdds type=DISK capacity=9222449699674390527 used=0 available=9222449699674390527 minFree=9222450130714624 committed=0 }
2025-07-19 06:07:08,365 [main] INFO  volume.MutableVolumeSet (MutableVolumeSet.java:initializeVolumeSet(167)) - Added Volume : /home/runner/work/ozone/ozone/hadoop-ozone/integration-test/target/test-dir/MiniOzoneClusterImpl-09c4c6e1-5ab0-4195-ac7b-5aec6defaa36/ozone-meta/datanode-3/data-0/hdds to VolumeSet
2025-07-19 06:07:08,366 [main] INFO  volume.MutableVolumeSet (MutableVolumeSet.java:initializeVolumeSet(167)) - Added Volume : /home/runner/work/ozone/ozone/hadoop-ozone/integration-test/target/test-dir/MiniOzoneClusterImpl-09c4c6e1-5ab0-4195-ac7b-5aec6defaa36/ozone-meta/datanode-3/ratis to VolumeSet
2025-07-19 06:07:08,368 [main] INFO  ozoneimpl.OzoneContainer (HddsVolumeUtil.java:loadAllHddsVolumeDbStore(102)) - Load 1 volumes DbStore cost: 0ms
2025-07-19 06:07:08,368 [main] WARN  db.DBStoreBuilder (DBStoreBuilder.java:getDBDirPath(158)) - ozone.scm.datanode.id.dir is not configured. We recommend adding this setting. Falling back to ozone.metadata.dirs instead.
2025-07-19 06:07:08,369 [main] WARN  db.DBStoreBuilder (DBStoreBuilder.java:getDBDirPath(158)) - ozone.scm.datanode.id.dir is not configured. We recommend adding this setting. Falling back to ozone.metadata.dirs instead.
2025-07-19 06:07:08,389 [main] INFO  impl.FilePerChunkStrategy (FilePerChunkStrategy.java:<init>(79)) - ozone.chunk.read.mapped.buffer.max.count is load with 0
2025-07-19 06:07:08,389 [main] INFO  impl.FilePerBlockStrategy (FilePerBlockStrategy.java:<init>(88)) - ozone.chunk.read.mapped.buffer.max.count is load with 0
2025-07-19 06:07:08,390 [main] INFO  server.RaftServerConfigKeys (ConfUtils.java:logGet(62)) - raft.server.log.appender.buffer.byte-limit = 33554432 (custom)
2025-07-19 06:07:08,392 [main] INFO  grpc.GrpcConfigKeys (ConfUtils.java:logFallback(69)) - raft.grpc.admin.host = null (fallback to raft.grpc.server.host)
2025-07-19 06:07:08,392 [main] INFO  grpc.GrpcConfigKeys (ConfUtils.java:logGet(62)) - raft.grpc.admin.port = 15030 (custom)
2025-07-19 06:07:08,393 [main] INFO  grpc.GrpcConfigKeys (ConfUtils.java:logFallback(69)) - raft.grpc.client.host = null (fallback to raft.grpc.server.host)
2025-07-19 06:07:08,393 [main] INFO  grpc.GrpcConfigKeys (ConfUtils.java:logGet(62)) - raft.grpc.client.port = 15029 (custom)
2025-07-19 06:07:08,393 [main] INFO  grpc.GrpcConfigKeys (ConfUtils.java:logGet(62)) - raft.grpc.server.port = 15031 (custom)
2025-07-19 06:07:08,393 [main] INFO  server.GrpcServicesImpl (ConfUtils.java:logGet(62)) - raft.grpc.message.size.max = 34603008 (custom)
2025-07-19 06:07:08,393 [main] INFO  server.GrpcServicesImpl (ConfUtils.java:logGet(62)) - raft.grpc.flow.control.window = 5MB (=5242880) (custom)
2025-07-19 06:07:08,393 [main] INFO  server.RaftServerConfigKeys (ConfUtils.java:logGet(62)) - raft.server.log.appender.buffer.byte-limit = 33554432 (custom)
2025-07-19 06:07:08,395 [main] INFO  netty.NettyUtils (NettyUtils.java:newEventLoopGroup(74)) - Create EpollEventLoopGroup for 86838f6f-3dde-42b5-b01a-58c95bf80430-NettyServerStreamRpc-bossGroup; Thread size is 0.
2025-07-19 06:07:08,396 [main] INFO  netty.NettyUtils (NettyUtils.java:newEventLoopGroup(74)) - Create EpollEventLoopGroup for 86838f6f-3dde-42b5-b01a-58c95bf80430-NettyServerStreamRpc-workerGroup; Thread size is 0.
2025-07-19 06:07:08,396 [main] INFO  netty.NettyConfigKeys$DataStream (ConfUtils.java:logGet(62)) - raft.netty.dataStream.port = 15032 (custom)
2025-07-19 06:07:08,397 [main] INFO  server.RaftServerConfigKeys (ConfUtils.java:logGet(62)) - raft.server.storage.dir = [/home/runner/work/ozone/ozone/hadoop-ozone/integration-test/target/test-dir/MiniOzoneClusterImpl-09c4c6e1-5ab0-4195-ac7b-5aec6defaa36/ozone-meta/datanode-3/ratis] (custom)
2025-07-19 06:07:08,398 [86838f6f-3dde-42b5-b01a-58c95bf80430-NettyServerStreamRpc-bossGroup--thread1] INFO  logging.LoggingHandler (AbstractInternalLogger.java:log(148)) - [id: 0x013b8731] REGISTERED
2025-07-19 06:07:08,398 [86838f6f-3dde-42b5-b01a-58c95bf80430-impl-thread1] INFO  server.RaftServer (RaftServerProxy.java:initGroupDir(270)) - 86838f6f-3dde-42b5-b01a-58c95bf80430: found a subdirectory /home/runner/work/ozone/ozone/hadoop-ozone/integration-test/target/test-dir/MiniOzoneClusterImpl-09c4c6e1-5ab0-4195-ac7b-5aec6defaa36/ozone-meta/datanode-3/ratis/tmp
2025-07-19 06:07:08,398 [86838f6f-3dde-42b5-b01a-58c95bf80430-impl-thread1] INFO  server.RaftServer (RaftServerProxy.java:initGroupDir(275)) - 86838f6f-3dde-42b5-b01a-58c95bf80430: The directory /home/runner/work/ozone/ozone/hadoop-ozone/integration-test/target/test-dir/MiniOzoneClusterImpl-09c4c6e1-5ab0-4195-ac7b-5aec6defaa36/ozone-meta/datanode-3/ratis/tmp is not a group directory; ignoring it. 
2025-07-19 06:07:08,398 [main] INFO  replication.ReplicationServer (ReplicationServer.java:<init>(84)) - Initializing replication server with thread count = 10 queue length = 4096
2025-07-19 06:07:08,398 [86838f6f-3dde-42b5-b01a-58c95bf80430-NettyServerStreamRpc-bossGroup--thread1] INFO  logging.LoggingHandler (AbstractInternalLogger.java:log(148)) - [id: 0x013b8731] BIND: 0.0.0.0/0.0.0.0:15032
2025-07-19 06:07:08,399 [86838f6f-3dde-42b5-b01a-58c95bf80430-NettyServerStreamRpc-bossGroup--thread1] INFO  logging.LoggingHandler (AbstractInternalLogger.java:log(148)) - [id: 0x013b8731, L:/0.0.0.0:15032] ACTIVE
2025-07-19 06:07:08,401 [main] INFO  server.XceiverServerGrpc (XceiverServerGrpc.java:<init>(130)) - GrpcServer channel type EpollServerSocketChannel
2025-07-19 06:07:08,402 [main] INFO  replication.ReplicationSupervisor (ReplicationSupervisor.java:build(169)) - Initializing replication supervisor with thread count = 10
2025-07-19 06:07:08,402 [main] INFO  replication.ReplicationSupervisor (ReplicationSupervisor.java:nodeStateUpdated(358)) - Node state updated to IN_SERVICE, scaling executor pool size to 10
2025-07-19 06:07:08,406 [main] INFO  http.BaseHttpServer (BaseHttpServer.java:newHttpServer2BuilderForOzone(229)) - Starting Web-server for hddsDatanode at: http://0.0.0.0:15026
2025-07-19 06:07:08,406 [main] INFO  http.BaseHttpServer (BaseHttpServer.java:<init>(107)) - Hadoop Security Enabled: false Ozone Security Enabled: false Ozone HTTP Security Enabled: false 
2025-07-19 06:07:08,407 [main] WARN  server.AuthenticationFilter (AuthenticationFilter.java:constructSecretProvider(240)) - Unable to initialize FileSignerSecretProvider, falling back to use random secrets. Reason: Could not read signature secret file: /home/runner/hadoop-http-auth-signature-secret
2025-07-19 06:07:08,410 [main] INFO  http.HttpServer2 (HttpServer2.java:addGlobalFilter(1042)) - Added global filter 'safety' (class=org.apache.hadoop.hdds.server.http.HttpServer2$QuotingInputFilter)
2025-07-19 06:07:08,412 [main] INFO  http.HttpServer2 (HttpServer2.java:addFilter(1018)) - Added filter static_user_filter (class=org.apache.hadoop.http.lib.StaticUserWebFilter$StaticUserFilter) to context hddsDatanode
2025-07-19 06:07:08,412 [main] INFO  http.HttpServer2 (HttpServer2.java:addFilter(1026)) - Added filter static_user_filter (class=org.apache.hadoop.http.lib.StaticUserWebFilter$StaticUserFilter) to context logs
2025-07-19 06:07:08,412 [main] INFO  http.HttpServer2 (HttpServer2.java:addFilter(1026)) - Added filter static_user_filter (class=org.apache.hadoop.http.lib.StaticUserWebFilter$StaticUserFilter) to context static
2025-07-19 06:07:08,412 [main] INFO  http.BaseHttpServer (BaseHttpServer.java:<init>(195)) - HTTP server of hddsDatanode uses base directory /home/runner/work/ozone/ozone/hadoop-ozone/integration-test/target/test-dir/MiniOzoneClusterImpl-09c4c6e1-5ab0-4195-ac7b-5aec6defaa36/ozone-meta/datanode-3/meta/webserver
2025-07-19 06:07:08,413 [main] INFO  http.HttpServer2 (HttpServer2.java:bindListener(1242)) - Jetty bound to port 15026
2025-07-19 06:07:08,413 [main] INFO  server.Server (Server.java:doStart(375)) - jetty-9.4.57.v20241219; built: 2025-01-08T21:24:30.412Z; git: df524e6b29271c2e09ba9aea83c18dc9db464a31; jvm 21.0.7+6-LTS
2025-07-19 06:07:08,415 [main] INFO  server.session (DefaultSessionIdManager.java:doStart(334)) - DefaultSessionIdManager workerName=node0
2025-07-19 06:07:08,415 [main] INFO  server.session (DefaultSessionIdManager.java:doStart(339)) - No SessionScavenger set, using defaults
2025-07-19 06:07:08,416 [main] INFO  server.session (HouseKeeper.java:startScavenging(132)) - node0 Scavenging every 660000ms
2025-07-19 06:07:08,417 [main] INFO  handler.ContextHandler (ContextHandler.java:doStart(921)) - Started o.e.j.s.ServletContextHandler@42f461c5{logs,/logs,file:///home/runner/work/ozone/ozone/hadoop-ozone/integration-test/target/log,AVAILABLE}
2025-07-19 06:07:08,418 [main] INFO  handler.ContextHandler (ContextHandler.java:doStart(921)) - Started o.e.j.s.ServletContextHandler@373d86e{static,/static,jar:file:/home/runner/work/ozone/ozone/hadoop-hdds/container-service/target/hdds-container-service-2.1.0-SNAPSHOT.jar!/webapps/static,AVAILABLE}
2025-07-19 06:07:08,523 [om1@group-C5BA1605619E-FollowerState] INFO  impl.FollowerState (FollowerState.java:runImpl(161)) - om1@group-C5BA1605619E-FollowerState: change to CANDIDATE, lastRpcElapsedTime:1157025830ns, electionTimeout:1153ms
2025-07-19 06:07:08,523 [om1@group-C5BA1605619E-FollowerState] INFO  impl.RoleInfo (RoleInfo.java:shutdownFollowerState(121)) - om1: shutdown om1@group-C5BA1605619E-FollowerState
2025-07-19 06:07:08,524 [om1@group-C5BA1605619E-FollowerState] INFO  server.RaftServer$Division (RaftServerImpl.java:setRole(392)) - om1@group-C5BA1605619E: changes role from  FOLLOWER to CANDIDATE at term 0 for changeToCandidate
2025-07-19 06:07:08,524 [om1@group-C5BA1605619E-FollowerState] INFO  impl.RoleInfo (RoleInfo.java:updateAndGet(148)) - om1: start om1@group-C5BA1605619E-LeaderElection3
2025-07-19 06:07:08,525 [om1@group-C5BA1605619E-LeaderElection3] INFO  impl.LeaderElection (LeaderElection.java:askForVotes(448)) - om1@group-C5BA1605619E-LeaderElection3 PRE_VOTE round 0: submit vote requests at term 0 for conf: {index: -1, cur=peers:[om1|localhost:15009]|listeners:[], old=null}
2025-07-19 06:07:08,525 [om1@group-C5BA1605619E-LeaderElection3] INFO  impl.LeaderElection (LeaderElection.java:askForVotes(450)) - om1@group-C5BA1605619E-LeaderElection3 PRE_VOTE round 0: result PASSED (term=0)
2025-07-19 06:07:08,527 [om1@group-C5BA1605619E-LeaderElection3] INFO  impl.LeaderElection (LeaderElection.java:askForVotes(448)) - om1@group-C5BA1605619E-LeaderElection3 ELECTION round 0: submit vote requests at term 1 for conf: {index: -1, cur=peers:[om1|localhost:15009]|listeners:[], old=null}
2025-07-19 06:07:08,527 [om1@group-C5BA1605619E-LeaderElection3] INFO  impl.LeaderElection (LeaderElection.java:askForVotes(450)) - om1@group-C5BA1605619E-LeaderElection3 ELECTION round 0: result PASSED (term=1)
2025-07-19 06:07:08,527 [om1@group-C5BA1605619E-LeaderElection3] INFO  impl.RoleInfo (RoleInfo.java:shutdownLeaderElection(141)) - om1: shutdown om1@group-C5BA1605619E-LeaderElection3
2025-07-19 06:07:08,527 [om1@group-C5BA1605619E-LeaderElection3] INFO  server.RaftServer$Division (RaftServerImpl.java:setRole(392)) - om1@group-C5BA1605619E: changes role from CANDIDATE to LEADER at term 1 for changeToLeader
2025-07-19 06:07:08,527 [om1@group-C5BA1605619E-LeaderElection3] INFO  server.RaftServerConfigKeys (ConfUtils.java:logFallback(69)) - raft.server.staging.timeout = 3600ms (fallback to raft.server.rpc.timeout.max)
2025-07-19 06:07:08,528 [om1@group-C5BA1605619E-LeaderElection3] INFO  server.RaftServerConfigKeys (ConfUtils.java:logGet(62)) - raft.server.write.byte-limit = 67108864 (custom)
2025-07-19 06:07:08,529 [om1@group-C5BA1605619E-LeaderElection3] INFO  impl.RoleInfo (RoleInfo.java:updateAndGet(148)) - om1: start om1@group-C5BA1605619E-LeaderStateImpl
2025-07-19 06:07:08,529 [om1@group-C5BA1605619E-LeaderElection3] INFO  server.RaftServer$Division (RaftServerImpl.java:setFirstElection(576)) - om1@group-C5BA1605619E: set firstElectionSinceStartup to false for becomeLeader
2025-07-19 06:07:08,531 [om1@group-C5BA1605619E-LeaderElection3] INFO  ratis.OzoneManagerStateMachine (OzoneManagerStateMachine.java:notifyLeaderChanged(174)) - om1@group-C5BA1605619E: leader changed to om1
2025-07-19 06:07:08,531 [om1@group-C5BA1605619E-LeaderElection3] INFO  server.RaftServer$Division (ServerState.java:setLeader(272)) - om1@group-C5BA1605619E: change Leader from null to om1 at term 1 for becomeLeader, leader elected after 2310ms
2025-07-19 06:07:08,532 [om1@group-C5BA1605619E-LeaderElection3] INFO  segmented.SegmentedRaftLogWorker (SegmentedRaftLogWorker.java:startLogSegment(440)) - om1@group-C5BA1605619E-SegmentedRaftLogWorker: Starting segment from index:0
2025-07-19 06:07:08,532 [om1@group-C5BA1605619E-SegmentedRaftLogWorker] INFO  segmented.BufferedWriteChannel (BufferedWriteChannel.java:open(61)) - open log_inprogress_0 at position 0
2025-07-19 06:07:08,534 [om1@group-C5BA1605619E-LeaderElection3] INFO  server.RaftServer$Division (ServerState.java:setRaftConf(386)) - om1@group-C5BA1605619E: set configuration conf: {index: 0, cur=peers:[om1|localhost:15009]|listeners:[], old=null}
2025-07-19 06:07:08,540 [om1@group-C5BA1605619E-SegmentedRaftLogWorker] INFO  segmented.SegmentedRaftLogWorker (SegmentedRaftLogWorker.java:execute(647)) - om1@group-C5BA1605619E-SegmentedRaftLogWorker: created new log segment /home/runner/work/ozone/ozone/hadoop-ozone/integration-test/target/test-dir/MiniOzoneClusterImpl-09c4c6e1-5ab0-4195-ac7b-5aec6defaa36/ozone-meta/ratis/bf265839-605b-3f16-9796-c5ba1605619e/current/log_inprogress_0
2025-07-19 06:07:08,542 [om1@group-C5BA1605619E-StateMachineUpdater] INFO  ratis.OzoneManagerStateMachine (OzoneManagerStateMachine.java:notifyConfigurationChanged(236)) - notifyConfigurationChanged from Ratis: term=1, index=0, New Peer list: om1(localhost:15009)
2025-07-19 06:07:08,542 [om1@group-C5BA1605619E-StateMachineUpdater] INFO  server.RaftServer$Division (LeaderStateImpl.java:checkStartIndex(309)) - Leader om1@group-C5BA1605619E-LeaderStateImpl is ready since appliedIndex == startIndex == 0
2025-07-19 06:07:08,572 [main] INFO  handler.ContextHandler (ContextHandler.java:doStart(921)) - Started o.e.j.w.WebAppContext@2dd763db{hddsDatanode,/,file:///home/runner/work/ozone/ozone/hadoop-ozone/integration-test/target/test-dir/MiniOzoneClusterImpl-09c4c6e1-5ab0-4195-ac7b-5aec6defaa36/ozone-meta/datanode-3/meta/webserver/jetty-0_0_0_0-15026-hdds-container-service-2_1_0-SNAPSHOT_jar-_-any-18183497059020607139/webapp/,AVAILABLE}{jar:file:/home/runner/work/ozone/ozone/hadoop-hdds/container-service/target/hdds-container-service-2.1.0-SNAPSHOT.jar!/webapps/hddsDatanode}
2025-07-19 06:07:08,573 [main] INFO  server.AbstractConnector (AbstractConnector.java:doStart(333)) - Started ServerConnector@556746e2{HTTP/1.1, (http/1.1)}{0.0.0.0:15026}
2025-07-19 06:07:08,573 [main] INFO  server.Server (Server.java:doStart(415)) - Started @12128ms
2025-07-19 06:07:08,573 [main] WARN  impl.MetricsSystemImpl (MetricsSystemImpl.java:register(279)) - Sink prometheus already exists!
2025-07-19 06:07:08,573 [main] INFO  http.BaseHttpServer (BaseHttpServer.java:updateConnectorAddress(359)) - HTTP server of hddsDatanode listening at http://localhost:15026
2025-07-19 06:07:08,574 [main] INFO  ipc.CallQueueManager (CallQueueManager.java:<init>(93)) - Using callQueue: class java.util.concurrent.LinkedBlockingQueue, queueCapacity: 1000, scheduler: class org.apache.hadoop.ipc.DefaultRpcScheduler, ipcBackoff: false, ipcFailOver: false.
2025-07-19 06:07:08,574 [main] INFO  ipc.Server (Server.java:<init>(1438)) - Listener at 0.0.0.0:15027
2025-07-19 06:07:08,574 [Socket Reader #1 for port 15027] INFO  ipc.Server (Server.java:run(1474)) - Starting Socket Reader #1 for port 15027
2025-07-19 06:07:08,575 [Socket Reader #2 for port 15027] INFO  ipc.Server (Server.java:run(1474)) - Starting Socket Reader #2 for port 15027
2025-07-19 06:07:08,575 [Socket Reader #3 for port 15027] INFO  ipc.Server (Server.java:run(1474)) - Starting Socket Reader #3 for port 15027
2025-07-19 06:07:08,575 [Socket Reader #4 for port 15027] INFO  ipc.Server (Server.java:run(1474)) - Starting Socket Reader #4 for port 15027
2025-07-19 06:07:08,575 [Socket Reader #5 for port 15027] INFO  ipc.Server (Server.java:run(1474)) - Starting Socket Reader #5 for port 15027
2025-07-19 06:07:08,575 [Socket Reader #6 for port 15027] INFO  ipc.Server (Server.java:run(1474)) - Starting Socket Reader #6 for port 15027
2025-07-19 06:07:08,576 [Socket Reader #7 for port 15027] INFO  ipc.Server (Server.java:run(1474)) - Starting Socket Reader #7 for port 15027
2025-07-19 06:07:08,576 [Socket Reader #8 for port 15027] INFO  ipc.Server (Server.java:run(1474)) - Starting Socket Reader #8 for port 15027
2025-07-19 06:07:08,576 [Socket Reader #9 for port 15027] INFO  ipc.Server (Server.java:run(1474)) - Starting Socket Reader #9 for port 15027
2025-07-19 06:07:08,576 [Socket Reader #10 for port 15027] INFO  ipc.Server (Server.java:run(1474)) - Starting Socket Reader #10 for port 15027
2025-07-19 06:07:08,579 [main] INFO  ozone.HddsDatanodeService (HddsDatanodeService.java:start(333)) - Datanode start with admins: [admin, runner]
2025-07-19 06:07:08,579 [main] INFO  ozone.HddsDatanodeClientProtocolServer (HddsDatanodeClientProtocolServer.java:start(76)) - RPC server for Client /0.0.0.0:15027
2025-07-19 06:07:08,579 [IPC Server Responder] INFO  ipc.Server (Server.java:run(1713)) - IPC Server Responder: starting
2025-07-19 06:07:08,580 [IPC Server listener on 15027] INFO  ipc.Server (Server.java:run(1553)) - IPC Server listener on 15027: starting
2025-07-19 06:07:08,581 [main] WARN  dropwizard3.Dm3MetricRegistriesImpl (Dm3MetricRegistriesImpl.java:addReporterRegistration(114)) - New reporters are added after registries were created. Some metrics will be missing from the reporter. Please add reporter before adding any new registry.
2025-07-19 06:07:08,582 [main] WARN  dropwizard3.Dm3MetricRegistriesImpl (Dm3MetricRegistriesImpl.java:addReporterRegistration(114)) - New reporters are added after registries were created. Some metrics will be missing from the reporter. Please add reporter before adding any new registry.
2025-07-19 06:07:08,582 [main] INFO  impl.MetricsSystemImpl (MetricsSystemImpl.java:init(158)) - HddsDatanode metrics system started (again)
2025-07-19 06:07:08,586 [86838f6f-3dde-42b5-b01a-58c95bf80430-DatanodeStateMachineDaemonThread] INFO  statemachine.DatanodeStateMachine (DatanodeStateMachine.java:startStateMachineThread(347)) - Ozone container server started.
2025-07-19 06:07:08,594 [86838f6f-3dde-42b5-b01a-58c95bf80430-DatanodeStateMachineTaskThread-0] INFO  datanode.InitDatanodeState (InitDatanodeState.java:persistContainerDatanodeDetails(139)) - DatanodeDetails is persisted to /home/runner/work/ozone/ozone/hadoop-ozone/integration-test/target/test-dir/MiniOzoneClusterImpl-09c4c6e1-5ab0-4195-ac7b-5aec6defaa36/ozone-meta/datanode-3/meta/datanode.id
2025-07-19 06:07:08,603 [main] INFO  protocol.DatanodeDetails (DatanodeDetails.java:validateDatanodeIpAddress(199)) - Updating IP address of datanode cfedd3f1-5d02-4847-a363-6f2972b00a97(localhost/null) to 127.0.0.1
2025-07-19 06:07:08,603 [main] INFO  ozone.HddsDatanodeService (HddsDatanodeService.java:start(236)) - HddsDatanodeService cfedd3f1-5d02-4847-a363-6f2972b00a97(localhost/127.0.0.1)
2025-07-19 06:07:08,606 [main] INFO  upgrade.AbstractLayoutVersionManager (AbstractLayoutVersionManager.java:init(80)) - Initializing Layout version manager with metadata layout = HBASE_SUPPORT (version = 8), software layout = HBASE_SUPPORT (version = 8)
2025-07-19 06:07:08,606 [main] INFO  statemachine.DatanodeStateMachine (DatanodeStateMachine.java:getEndPointTaskThreadPoolSize(305)) - Datanode State Machine Task Thread Pool size 2
2025-07-19 06:07:08,610 [main] INFO  volume.HddsVolume (HddsVolume.java:<init>(162)) - HddsVolume: { id=DS-dae890d6-c8de-4fc1-beab-f6944dbed7c5 dir=/home/runner/work/ozone/ozone/hadoop-ozone/integration-test/target/test-dir/MiniOzoneClusterImpl-09c4c6e1-5ab0-4195-ac7b-5aec6defaa36/ozone-meta/datanode-4/data-0/hdds type=DISK capacity=9222449699674390527 used=0 available=9222449699674390527 minFree=9222450130714624 committed=0 }
2025-07-19 06:07:08,610 [main] INFO  volume.MutableVolumeSet (MutableVolumeSet.java:initializeVolumeSet(167)) - Added Volume : /home/runner/work/ozone/ozone/hadoop-ozone/integration-test/target/test-dir/MiniOzoneClusterImpl-09c4c6e1-5ab0-4195-ac7b-5aec6defaa36/ozone-meta/datanode-4/data-0/hdds to VolumeSet
2025-07-19 06:07:08,612 [main] INFO  volume.MutableVolumeSet (MutableVolumeSet.java:initializeVolumeSet(167)) - Added Volume : /home/runner/work/ozone/ozone/hadoop-ozone/integration-test/target/test-dir/MiniOzoneClusterImpl-09c4c6e1-5ab0-4195-ac7b-5aec6defaa36/ozone-meta/datanode-4/ratis to VolumeSet
2025-07-19 06:07:08,613 [main] INFO  ozoneimpl.OzoneContainer (HddsVolumeUtil.java:loadAllHddsVolumeDbStore(102)) - Load 1 volumes DbStore cost: 0ms
2025-07-19 06:07:08,614 [main] WARN  db.DBStoreBuilder (DBStoreBuilder.java:getDBDirPath(158)) - ozone.scm.datanode.id.dir is not configured. We recommend adding this setting. Falling back to ozone.metadata.dirs instead.
2025-07-19 06:07:08,615 [main] WARN  db.DBStoreBuilder (DBStoreBuilder.java:getDBDirPath(158)) - ozone.scm.datanode.id.dir is not configured. We recommend adding this setting. Falling back to ozone.metadata.dirs instead.
2025-07-19 06:07:08,635 [main] INFO  impl.FilePerChunkStrategy (FilePerChunkStrategy.java:<init>(79)) - ozone.chunk.read.mapped.buffer.max.count is load with 0
2025-07-19 06:07:08,635 [main] INFO  impl.FilePerBlockStrategy (FilePerBlockStrategy.java:<init>(88)) - ozone.chunk.read.mapped.buffer.max.count is load with 0
2025-07-19 06:07:08,638 [main] INFO  server.RaftServerConfigKeys (ConfUtils.java:logGet(62)) - raft.server.log.appender.buffer.byte-limit = 33554432 (custom)
2025-07-19 06:07:08,640 [main] INFO  grpc.GrpcConfigKeys (ConfUtils.java:logFallback(69)) - raft.grpc.admin.host = null (fallback to raft.grpc.server.host)
2025-07-19 06:07:08,640 [main] INFO  grpc.GrpcConfigKeys (ConfUtils.java:logGet(62)) - raft.grpc.admin.port = 15038 (custom)
2025-07-19 06:07:08,640 [main] INFO  grpc.GrpcConfigKeys (ConfUtils.java:logFallback(69)) - raft.grpc.client.host = null (fallback to raft.grpc.server.host)
2025-07-19 06:07:08,640 [main] INFO  grpc.GrpcConfigKeys (ConfUtils.java:logGet(62)) - raft.grpc.client.port = 15037 (custom)
2025-07-19 06:07:08,640 [main] INFO  grpc.GrpcConfigKeys (ConfUtils.java:logGet(62)) - raft.grpc.server.port = 15039 (custom)
2025-07-19 06:07:08,640 [main] INFO  server.GrpcServicesImpl (ConfUtils.java:logGet(62)) - raft.grpc.message.size.max = 34603008 (custom)
2025-07-19 06:07:08,641 [main] INFO  server.GrpcServicesImpl (ConfUtils.java:logGet(62)) - raft.grpc.flow.control.window = 5MB (=5242880) (custom)
2025-07-19 06:07:08,641 [main] INFO  server.RaftServerConfigKeys (ConfUtils.java:logGet(62)) - raft.server.log.appender.buffer.byte-limit = 33554432 (custom)
2025-07-19 06:07:08,643 [main] INFO  netty.NettyUtils (NettyUtils.java:newEventLoopGroup(74)) - Create EpollEventLoopGroup for cfedd3f1-5d02-4847-a363-6f2972b00a97-NettyServerStreamRpc-bossGroup; Thread size is 0.
2025-07-19 06:07:08,643 [main] INFO  netty.NettyUtils (NettyUtils.java:newEventLoopGroup(74)) - Create EpollEventLoopGroup for cfedd3f1-5d02-4847-a363-6f2972b00a97-NettyServerStreamRpc-workerGroup; Thread size is 0.
2025-07-19 06:07:08,644 [main] INFO  netty.NettyConfigKeys$DataStream (ConfUtils.java:logGet(62)) - raft.netty.dataStream.port = 15040 (custom)
2025-07-19 06:07:08,645 [main] INFO  server.RaftServerConfigKeys (ConfUtils.java:logGet(62)) - raft.server.storage.dir = [/home/runner/work/ozone/ozone/hadoop-ozone/integration-test/target/test-dir/MiniOzoneClusterImpl-09c4c6e1-5ab0-4195-ac7b-5aec6defaa36/ozone-meta/datanode-4/ratis] (custom)
2025-07-19 06:07:08,645 [cfedd3f1-5d02-4847-a363-6f2972b00a97-NettyServerStreamRpc-bossGroup--thread1] INFO  logging.LoggingHandler (AbstractInternalLogger.java:log(148)) - [id: 0xc8c437a0] REGISTERED
2025-07-19 06:07:08,645 [cfedd3f1-5d02-4847-a363-6f2972b00a97-NettyServerStreamRpc-bossGroup--thread1] INFO  logging.LoggingHandler (AbstractInternalLogger.java:log(148)) - [id: 0xc8c437a0] BIND: 0.0.0.0/0.0.0.0:15040
2025-07-19 06:07:08,646 [cfedd3f1-5d02-4847-a363-6f2972b00a97-NettyServerStreamRpc-bossGroup--thread1] INFO  logging.LoggingHandler (AbstractInternalLogger.java:log(148)) - [id: 0xc8c437a0, L:/0.0.0.0:15040] ACTIVE
2025-07-19 06:07:08,646 [cfedd3f1-5d02-4847-a363-6f2972b00a97-impl-thread1] INFO  server.RaftServer (RaftServerProxy.java:initGroupDir(270)) - cfedd3f1-5d02-4847-a363-6f2972b00a97: found a subdirectory /home/runner/work/ozone/ozone/hadoop-ozone/integration-test/target/test-dir/MiniOzoneClusterImpl-09c4c6e1-5ab0-4195-ac7b-5aec6defaa36/ozone-meta/datanode-4/ratis/tmp
2025-07-19 06:07:08,647 [cfedd3f1-5d02-4847-a363-6f2972b00a97-impl-thread1] INFO  server.RaftServer (RaftServerProxy.java:initGroupDir(275)) - cfedd3f1-5d02-4847-a363-6f2972b00a97: The directory /home/runner/work/ozone/ozone/hadoop-ozone/integration-test/target/test-dir/MiniOzoneClusterImpl-09c4c6e1-5ab0-4195-ac7b-5aec6defaa36/ozone-meta/datanode-4/ratis/tmp is not a group directory; ignoring it. 
2025-07-19 06:07:08,647 [main] INFO  replication.ReplicationServer (ReplicationServer.java:<init>(84)) - Initializing replication server with thread count = 10 queue length = 4096
2025-07-19 06:07:08,649 [main] INFO  server.XceiverServerGrpc (XceiverServerGrpc.java:<init>(130)) - GrpcServer channel type EpollServerSocketChannel
2025-07-19 06:07:08,651 [main] INFO  replication.ReplicationSupervisor (ReplicationSupervisor.java:build(169)) - Initializing replication supervisor with thread count = 10
2025-07-19 06:07:08,652 [main] INFO  replication.ReplicationSupervisor (ReplicationSupervisor.java:nodeStateUpdated(358)) - Node state updated to IN_SERVICE, scaling executor pool size to 10
2025-07-19 06:07:08,656 [main] INFO  http.BaseHttpServer (BaseHttpServer.java:newHttpServer2BuilderForOzone(229)) - Starting Web-server for hddsDatanode at: http://0.0.0.0:15034
2025-07-19 06:07:08,657 [main] INFO  http.BaseHttpServer (BaseHttpServer.java:<init>(107)) - Hadoop Security Enabled: false Ozone Security Enabled: false Ozone HTTP Security Enabled: false 
2025-07-19 06:07:08,659 [main] WARN  server.AuthenticationFilter (AuthenticationFilter.java:constructSecretProvider(240)) - Unable to initialize FileSignerSecretProvider, falling back to use random secrets. Reason: Could not read signature secret file: /home/runner/hadoop-http-auth-signature-secret
2025-07-19 06:07:08,662 [main] INFO  http.HttpServer2 (HttpServer2.java:addGlobalFilter(1042)) - Added global filter 'safety' (class=org.apache.hadoop.hdds.server.http.HttpServer2$QuotingInputFilter)
2025-07-19 06:07:08,664 [main] INFO  http.HttpServer2 (HttpServer2.java:addFilter(1018)) - Added filter static_user_filter (class=org.apache.hadoop.http.lib.StaticUserWebFilter$StaticUserFilter) to context hddsDatanode
2025-07-19 06:07:08,664 [main] INFO  http.HttpServer2 (HttpServer2.java:addFilter(1026)) - Added filter static_user_filter (class=org.apache.hadoop.http.lib.StaticUserWebFilter$StaticUserFilter) to context static
2025-07-19 06:07:08,665 [main] INFO  http.HttpServer2 (HttpServer2.java:addFilter(1026)) - Added filter static_user_filter (class=org.apache.hadoop.http.lib.StaticUserWebFilter$StaticUserFilter) to context logs
2025-07-19 06:07:08,666 [main] INFO  http.BaseHttpServer (BaseHttpServer.java:<init>(195)) - HTTP server of hddsDatanode uses base directory /home/runner/work/ozone/ozone/hadoop-ozone/integration-test/target/test-dir/MiniOzoneClusterImpl-09c4c6e1-5ab0-4195-ac7b-5aec6defaa36/ozone-meta/datanode-4/meta/webserver
2025-07-19 06:07:08,667 [main] INFO  http.HttpServer2 (HttpServer2.java:bindListener(1242)) - Jetty bound to port 15034
2025-07-19 06:07:08,667 [main] INFO  server.Server (Server.java:doStart(375)) - jetty-9.4.57.v20241219; built: 2025-01-08T21:24:30.412Z; git: df524e6b29271c2e09ba9aea83c18dc9db464a31; jvm 21.0.7+6-LTS
2025-07-19 06:07:08,670 [main] INFO  server.session (DefaultSessionIdManager.java:doStart(334)) - DefaultSessionIdManager workerName=node0
2025-07-19 06:07:08,670 [main] INFO  server.session (DefaultSessionIdManager.java:doStart(339)) - No SessionScavenger set, using defaults
2025-07-19 06:07:08,670 [main] INFO  server.session (HouseKeeper.java:startScavenging(132)) - node0 Scavenging every 660000ms
2025-07-19 06:07:08,672 [main] INFO  handler.ContextHandler (ContextHandler.java:doStart(921)) - Started o.e.j.s.ServletContextHandler@7c972748{logs,/logs,file:///home/runner/work/ozone/ozone/hadoop-ozone/integration-test/target/log,AVAILABLE}
2025-07-19 06:07:08,673 [main] INFO  handler.ContextHandler (ContextHandler.java:doStart(921)) - Started o.e.j.s.ServletContextHandler@5d38011e{static,/static,jar:file:/home/runner/work/ozone/ozone/hadoop-hdds/container-service/target/hdds-container-service-2.1.0-SNAPSHOT.jar!/webapps/static,AVAILABLE}
2025-07-19 06:07:08,686 [7e15f5a0-0f8f-4a50-92e4-d2f5038b0085-EndpointStateMachineTaskThread-/0.0.0.0:15002-0 ] INFO  utils.DatanodeStoreCache (DatanodeStoreCache.java:addDB(70)) - Added db /home/runner/work/ozone/ozone/hadoop-ozone/integration-test/target/test-dir/MiniOzoneClusterImpl-09c4c6e1-5ab0-4195-ac7b-5aec6defaa36/ozone-meta/datanode-1/data-0/hdds/09c4c6e1-5ab0-4195-ac7b-5aec6defaa36/DS-746eefe9-39c4-44ab-a9a7-ccc5bd775b31/container.db to cache
2025-07-19 06:07:08,686 [7e15f5a0-0f8f-4a50-92e4-d2f5038b0085-EndpointStateMachineTaskThread-/0.0.0.0:15002-0 ] INFO  volume.HddsVolume (HddsVolume.java:createDbStore(576)) - SchemaV3 db is created and loaded at /home/runner/work/ozone/ozone/hadoop-ozone/integration-test/target/test-dir/MiniOzoneClusterImpl-09c4c6e1-5ab0-4195-ac7b-5aec6defaa36/ozone-meta/datanode-1/data-0/hdds/09c4c6e1-5ab0-4195-ac7b-5aec6defaa36/DS-746eefe9-39c4-44ab-a9a7-ccc5bd775b31/container.db for volume DS-746eefe9-39c4-44ab-a9a7-ccc5bd775b31
2025-07-19 06:07:08,696 [7e15f5a0-0f8f-4a50-92e4-d2f5038b0085-ContainerReader-0] INFO  ozoneimpl.ContainerReader (ContainerReader.java:readVolume(144)) - Start to verify containers on volume /home/runner/work/ozone/ozone/hadoop-ozone/integration-test/target/test-dir/MiniOzoneClusterImpl-09c4c6e1-5ab0-4195-ac7b-5aec6defaa36/ozone-meta/datanode-1/data-0/hdds
2025-07-19 06:07:08,696 [7e15f5a0-0f8f-4a50-92e4-d2f5038b0085-ContainerReader-0] INFO  ozoneimpl.ContainerReader (ContainerReader.java:readVolume(174)) - Finish verifying containers on volume /home/runner/work/ozone/ozone/hadoop-ozone/integration-test/target/test-dir/MiniOzoneClusterImpl-09c4c6e1-5ab0-4195-ac7b-5aec6defaa36/ozone-meta/datanode-1/data-0/hdds
2025-07-19 06:07:08,699 [7e15f5a0-0f8f-4a50-92e4-d2f5038b0085-EndpointStateMachineTaskThread-/0.0.0.0:15002-0 ] INFO  ozoneimpl.OzoneContainer (OzoneContainer.java:buildContainerSet(370)) - Build ContainerSet costs 0s
2025-07-19 06:07:08,702 [7e15f5a0-0f8f-4a50-92e4-d2f5038b0085-EndpointStateMachineTaskThread-/0.0.0.0:15002-0 ] INFO  volume.ThrottledAsyncChecker (ThrottledAsyncChecker.java:schedule(138)) - Scheduling a check for /home/runner/work/ozone/ozone/hadoop-ozone/integration-test/target/test-dir/MiniOzoneClusterImpl-09c4c6e1-5ab0-4195-ac7b-5aec6defaa36/ozone-meta/datanode-1/data-0/hdds
2025-07-19 06:07:08,712 [7e15f5a0-0f8f-4a50-92e4-d2f5038b0085-EndpointStateMachineTaskThread-/0.0.0.0:15002-0 ] INFO  volume.StorageVolumeChecker (StorageVolumeChecker.java:checkAllVolumes(231)) - Scheduled health check for volume /home/runner/work/ozone/ozone/hadoop-ozone/integration-test/target/test-dir/MiniOzoneClusterImpl-09c4c6e1-5ab0-4195-ac7b-5aec6defaa36/ozone-meta/datanode-1/data-0/hdds
2025-07-19 06:07:08,721 [7e15f5a0-0f8f-4a50-92e4-d2f5038b0085-EndpointStateMachineTaskThread-/0.0.0.0:15002-0 ] INFO  volume.ThrottledAsyncChecker (ThrottledAsyncChecker.java:schedule(138)) - Scheduling a check for /home/runner/work/ozone/ozone/hadoop-ozone/integration-test/target/test-dir/MiniOzoneClusterImpl-09c4c6e1-5ab0-4195-ac7b-5aec6defaa36/ozone-meta/datanode-1/ratis
2025-07-19 06:07:08,722 [7e15f5a0-0f8f-4a50-92e4-d2f5038b0085-EndpointStateMachineTaskThread-/0.0.0.0:15002-0 ] INFO  volume.StorageVolumeChecker (StorageVolumeChecker.java:checkAllVolumes(231)) - Scheduled health check for volume /home/runner/work/ozone/ozone/hadoop-ozone/integration-test/target/test-dir/MiniOzoneClusterImpl-09c4c6e1-5ab0-4195-ac7b-5aec6defaa36/ozone-meta/datanode-1/ratis
2025-07-19 06:07:08,723 [7e15f5a0-0f8f-4a50-92e4-d2f5038b0085-EndpointStateMachineTaskThread-/0.0.0.0:15002-0 ] INFO  ozoneimpl.OzoneContainer (OzoneContainer.java:start(520)) - Attempting to start container services.
2025-07-19 06:07:08,729 [ContainerMetadataScanner] INFO  ozoneimpl.AbstractBackgroundContainerScanner (AbstractBackgroundContainerScanner.java:runIteration(89)) - Completed an iteration in 0 minutes. Number of iterations (since the data-node restart) : 1, Number of containers scanned in this iteration : 0, Number of unhealthy containers found in this iteration : 0
2025-07-19 06:07:08,733 [ContainerDataScanner(/home/runner/work/ozone/ozone/hadoop-ozone/integration-test/target/test-dir/MiniOzoneClusterImpl-09c4c6e1-5ab0-4195-ac7b-5aec6defaa36/ozone-meta/datanode-1/data-0/hdds)] INFO  ozoneimpl.AbstractBackgroundContainerScanner (AbstractBackgroundContainerScanner.java:runIteration(89)) - Completed an iteration in 0 minutes. Number of iterations (since the data-node restart) : 1, Number of containers scanned in this iteration : 0, Number of unhealthy containers found in this iteration : 0
2025-07-19 06:07:08,735 [7e15f5a0-0f8f-4a50-92e4-d2f5038b0085-EndpointStateMachineTaskThread-/0.0.0.0:15002-0 ] INFO  replication.ReplicationServer (ReplicationServer.java:start(137)) - ReplicationServer is started using port 15017
2025-07-19 06:07:08,735 [7e15f5a0-0f8f-4a50-92e4-d2f5038b0085-EndpointStateMachineTaskThread-/0.0.0.0:15002-0 ] INFO  ratis.XceiverServerRatis (XceiverServerRatis.java:start(559)) - Starting XceiverServerRatis(7e15f5a0-0f8f-4a50-92e4-d2f5038b0085)
2025-07-19 06:07:08,738 [7e15f5a0-0f8f-4a50-92e4-d2f5038b0085-EndpointStateMachineTaskThread-/0.0.0.0:15002-0 ] INFO  server.RaftServer (RaftServerProxy.java:startImpl(412)) - 7e15f5a0-0f8f-4a50-92e4-d2f5038b0085: start RPC server
2025-07-19 06:07:08,738 [7e15f5a0-0f8f-4a50-92e4-d2f5038b0085-EndpointStateMachineTaskThread-/0.0.0.0:15002-0 ] INFO  server.GrpcServicesImpl (GrpcServicesImpl.java:startImpl(346)) - 7e15f5a0-0f8f-4a50-92e4-d2f5038b0085: GrpcServicesImpl started, listening on 15013
2025-07-19 06:07:08,738 [7e15f5a0-0f8f-4a50-92e4-d2f5038b0085-EndpointStateMachineTaskThread-/0.0.0.0:15002-0 ] INFO  server.GrpcServicesImpl (GrpcServicesImpl.java:startImpl(346)) - 7e15f5a0-0f8f-4a50-92e4-d2f5038b0085: GrpcServicesImpl started, listening on 15015
2025-07-19 06:07:08,739 [7e15f5a0-0f8f-4a50-92e4-d2f5038b0085-EndpointStateMachineTaskThread-/0.0.0.0:15002-0 ] INFO  server.GrpcServicesImpl (GrpcServicesImpl.java:startImpl(346)) - 7e15f5a0-0f8f-4a50-92e4-d2f5038b0085: GrpcServicesImpl started, listening on 15014
2025-07-19 06:07:08,740 [7e15f5a0-0f8f-4a50-92e4-d2f5038b0085-EndpointStateMachineTaskThread-/0.0.0.0:15002-0 ] INFO  ratis.XceiverServerRatis (XceiverServerRatis.java:getRealPort(586)) - XceiverServerRatis(7e15f5a0-0f8f-4a50-92e4-d2f5038b0085) is started using port RATIS=15013
2025-07-19 06:07:08,740 [7e15f5a0-0f8f-4a50-92e4-d2f5038b0085-EndpointStateMachineTaskThread-/0.0.0.0:15002-0 ] INFO  ratis.XceiverServerRatis (XceiverServerRatis.java:getRealPort(586)) - XceiverServerRatis(7e15f5a0-0f8f-4a50-92e4-d2f5038b0085) is started using port RATIS_ADMIN=15014
2025-07-19 06:07:08,740 [7e15f5a0-0f8f-4a50-92e4-d2f5038b0085-EndpointStateMachineTaskThread-/0.0.0.0:15002-0 ] INFO  ratis.XceiverServerRatis (XceiverServerRatis.java:getRealPort(586)) - XceiverServerRatis(7e15f5a0-0f8f-4a50-92e4-d2f5038b0085) is started using port RATIS_SERVER=15015
2025-07-19 06:07:08,740 [7e15f5a0-0f8f-4a50-92e4-d2f5038b0085-EndpointStateMachineTaskThread-/0.0.0.0:15002-0 ] INFO  ratis.XceiverServerRatis (XceiverServerRatis.java:getRealPort(586)) - XceiverServerRatis(7e15f5a0-0f8f-4a50-92e4-d2f5038b0085) is started using port RATIS_DATASTREAM=15016
2025-07-19 06:07:08,740 [JvmPauseMonitor3] INFO  util.JvmPauseMonitor (JvmPauseMonitor.java:run(146)) - JvmPauseMonitor-7e15f5a0-0f8f-4a50-92e4-d2f5038b0085: Started
2025-07-19 06:07:08,741 [7e15f5a0-0f8f-4a50-92e4-d2f5038b0085-EndpointStateMachineTaskThread-/0.0.0.0:15002-0 ] INFO  utils.BackgroundService (BackgroundService.java:start(118)) - Starting service BlockDeletingService with interval 60000 milliseconds
2025-07-19 06:07:08,742 [7e15f5a0-0f8f-4a50-92e4-d2f5038b0085-EndpointStateMachineTaskThread-/0.0.0.0:15002-0 ] INFO  utils.BackgroundService (BackgroundService.java:start(118)) - Starting service StaleRecoveringContainerScrubbingService with interval 60000 milliseconds
2025-07-19 06:07:08,860 [main] INFO  handler.ContextHandler (ContextHandler.java:doStart(921)) - Started o.e.j.w.WebAppContext@4a256169{hddsDatanode,/,file:///home/runner/work/ozone/ozone/hadoop-ozone/integration-test/target/test-dir/MiniOzoneClusterImpl-09c4c6e1-5ab0-4195-ac7b-5aec6defaa36/ozone-meta/datanode-4/meta/webserver/jetty-0_0_0_0-15034-hdds-container-service-2_1_0-SNAPSHOT_jar-_-any-9360274969540851508/webapp/,AVAILABLE}{jar:file:/home/runner/work/ozone/ozone/hadoop-hdds/container-service/target/hdds-container-service-2.1.0-SNAPSHOT.jar!/webapps/hddsDatanode}
2025-07-19 06:07:08,861 [main] INFO  server.AbstractConnector (AbstractConnector.java:doStart(333)) - Started ServerConnector@6f14bc87{HTTP/1.1, (http/1.1)}{0.0.0.0:15034}
2025-07-19 06:07:08,861 [main] INFO  server.Server (Server.java:doStart(415)) - Started @12416ms
2025-07-19 06:07:08,861 [main] WARN  impl.MetricsSystemImpl (MetricsSystemImpl.java:register(279)) - Sink prometheus already exists!
2025-07-19 06:07:08,861 [main] INFO  http.BaseHttpServer (BaseHttpServer.java:updateConnectorAddress(359)) - HTTP server of hddsDatanode listening at http://localhost:15034
2025-07-19 06:07:08,862 [main] INFO  ipc.CallQueueManager (CallQueueManager.java:<init>(93)) - Using callQueue: class java.util.concurrent.LinkedBlockingQueue, queueCapacity: 1000, scheduler: class org.apache.hadoop.ipc.DefaultRpcScheduler, ipcBackoff: false, ipcFailOver: false.
2025-07-19 06:07:08,862 [main] INFO  ipc.Server (Server.java:<init>(1438)) - Listener at 0.0.0.0:15035
2025-07-19 06:07:08,863 [Socket Reader #1 for port 15035] INFO  ipc.Server (Server.java:run(1474)) - Starting Socket Reader #1 for port 15035
2025-07-19 06:07:08,863 [Socket Reader #2 for port 15035] INFO  ipc.Server (Server.java:run(1474)) - Starting Socket Reader #2 for port 15035
2025-07-19 06:07:08,864 [Socket Reader #3 for port 15035] INFO  ipc.Server (Server.java:run(1474)) - Starting Socket Reader #3 for port 15035
2025-07-19 06:07:08,864 [Socket Reader #4 for port 15035] INFO  ipc.Server (Server.java:run(1474)) - Starting Socket Reader #4 for port 15035
2025-07-19 06:07:08,864 [Socket Reader #5 for port 15035] INFO  ipc.Server (Server.java:run(1474)) - Starting Socket Reader #5 for port 15035
2025-07-19 06:07:08,865 [Socket Reader #6 for port 15035] INFO  ipc.Server (Server.java:run(1474)) - Starting Socket Reader #6 for port 15035
2025-07-19 06:07:08,865 [Socket Reader #7 for port 15035] INFO  ipc.Server (Server.java:run(1474)) - Starting Socket Reader #7 for port 15035
2025-07-19 06:07:08,865 [Socket Reader #8 for port 15035] INFO  ipc.Server (Server.java:run(1474)) - Starting Socket Reader #8 for port 15035
2025-07-19 06:07:08,865 [Socket Reader #9 for port 15035] INFO  ipc.Server (Server.java:run(1474)) - Starting Socket Reader #9 for port 15035
2025-07-19 06:07:08,866 [Socket Reader #10 for port 15035] INFO  ipc.Server (Server.java:run(1474)) - Starting Socket Reader #10 for port 15035
2025-07-19 06:07:08,868 [main] INFO  ozone.HddsDatanodeService (HddsDatanodeService.java:start(333)) - Datanode start with admins: [admin, runner]
2025-07-19 06:07:08,868 [main] INFO  ozone.HddsDatanodeClientProtocolServer (HddsDatanodeClientProtocolServer.java:start(76)) - RPC server for Client /0.0.0.0:15035
2025-07-19 06:07:08,868 [IPC Server Responder] INFO  ipc.Server (Server.java:run(1713)) - IPC Server Responder: starting
2025-07-19 06:07:08,869 [IPC Server listener on 15035] INFO  ipc.Server (Server.java:run(1553)) - IPC Server listener on 15035: starting
2025-07-19 06:07:08,870 [main] WARN  dropwizard3.Dm3MetricRegistriesImpl (Dm3MetricRegistriesImpl.java:addReporterRegistration(114)) - New reporters are added after registries were created. Some metrics will be missing from the reporter. Please add reporter before adding any new registry.
2025-07-19 06:07:08,870 [main] WARN  dropwizard3.Dm3MetricRegistriesImpl (Dm3MetricRegistriesImpl.java:addReporterRegistration(114)) - New reporters are added after registries were created. Some metrics will be missing from the reporter. Please add reporter before adding any new registry.
2025-07-19 06:07:08,870 [main] INFO  impl.MetricsSystemImpl (MetricsSystemImpl.java:init(158)) - HddsDatanode metrics system started (again)
2025-07-19 06:07:08,871 [cfedd3f1-5d02-4847-a363-6f2972b00a97-DatanodeStateMachineDaemonThread] INFO  statemachine.DatanodeStateMachine (DatanodeStateMachine.java:startStateMachineThread(347)) - Ozone container server started.
2025-07-19 06:07:08,875 [cfedd3f1-5d02-4847-a363-6f2972b00a97-DatanodeStateMachineTaskThread-0] INFO  datanode.InitDatanodeState (InitDatanodeState.java:persistContainerDatanodeDetails(139)) - DatanodeDetails is persisted to /home/runner/work/ozone/ozone/hadoop-ozone/integration-test/target/test-dir/MiniOzoneClusterImpl-09c4c6e1-5ab0-4195-ac7b-5aec6defaa36/ozone-meta/datanode-4/meta/datanode.id
2025-07-19 06:07:08,887 [aa0cb613-fc94-4131-90ab-17bcd78458c4-EndpointStateMachineTaskThread-/0.0.0.0:15002-0 ] INFO  utils.DatanodeStoreCache (DatanodeStoreCache.java:addDB(70)) - Added db /home/runner/work/ozone/ozone/hadoop-ozone/integration-test/target/test-dir/MiniOzoneClusterImpl-09c4c6e1-5ab0-4195-ac7b-5aec6defaa36/ozone-meta/datanode-2/data-0/hdds/09c4c6e1-5ab0-4195-ac7b-5aec6defaa36/DS-18d68cb1-00a0-4bd7-8b69-18f64a962c8f/container.db to cache
2025-07-19 06:07:08,887 [aa0cb613-fc94-4131-90ab-17bcd78458c4-EndpointStateMachineTaskThread-/0.0.0.0:15002-0 ] INFO  volume.HddsVolume (HddsVolume.java:createDbStore(576)) - SchemaV3 db is created and loaded at /home/runner/work/ozone/ozone/hadoop-ozone/integration-test/target/test-dir/MiniOzoneClusterImpl-09c4c6e1-5ab0-4195-ac7b-5aec6defaa36/ozone-meta/datanode-2/data-0/hdds/09c4c6e1-5ab0-4195-ac7b-5aec6defaa36/DS-18d68cb1-00a0-4bd7-8b69-18f64a962c8f/container.db for volume DS-18d68cb1-00a0-4bd7-8b69-18f64a962c8f
2025-07-19 06:07:08,888 [main] INFO  protocol.DatanodeDetails (DatanodeDetails.java:validateDatanodeIpAddress(199)) - Updating IP address of datanode d1f2401f-ce3c-4cd7-b613-e85afa8c39c7(localhost/null) to 127.0.0.1
2025-07-19 06:07:08,888 [main] INFO  ozone.HddsDatanodeService (HddsDatanodeService.java:start(236)) - HddsDatanodeService d1f2401f-ce3c-4cd7-b613-e85afa8c39c7(localhost/127.0.0.1)
2025-07-19 06:07:08,891 [main] INFO  upgrade.AbstractLayoutVersionManager (AbstractLayoutVersionManager.java:init(80)) - Initializing Layout version manager with metadata layout = HBASE_SUPPORT (version = 8), software layout = HBASE_SUPPORT (version = 8)
2025-07-19 06:07:08,891 [aa0cb613-fc94-4131-90ab-17bcd78458c4-ContainerReader-0] INFO  ozoneimpl.ContainerReader (ContainerReader.java:readVolume(144)) - Start to verify containers on volume /home/runner/work/ozone/ozone/hadoop-ozone/integration-test/target/test-dir/MiniOzoneClusterImpl-09c4c6e1-5ab0-4195-ac7b-5aec6defaa36/ozone-meta/datanode-2/data-0/hdds
2025-07-19 06:07:08,891 [aa0cb613-fc94-4131-90ab-17bcd78458c4-ContainerReader-0] INFO  ozoneimpl.ContainerReader (ContainerReader.java:readVolume(174)) - Finish verifying containers on volume /home/runner/work/ozone/ozone/hadoop-ozone/integration-test/target/test-dir/MiniOzoneClusterImpl-09c4c6e1-5ab0-4195-ac7b-5aec6defaa36/ozone-meta/datanode-2/data-0/hdds
2025-07-19 06:07:08,892 [aa0cb613-fc94-4131-90ab-17bcd78458c4-EndpointStateMachineTaskThread-/0.0.0.0:15002-0 ] INFO  ozoneimpl.OzoneContainer (OzoneContainer.java:buildContainerSet(370)) - Build ContainerSet costs 0s
2025-07-19 06:07:08,892 [main] INFO  statemachine.DatanodeStateMachine (DatanodeStateMachine.java:getEndPointTaskThreadPoolSize(305)) - Datanode State Machine Task Thread Pool size 2
2025-07-19 06:07:08,892 [aa0cb613-fc94-4131-90ab-17bcd78458c4-EndpointStateMachineTaskThread-/0.0.0.0:15002-0 ] INFO  volume.ThrottledAsyncChecker (ThrottledAsyncChecker.java:schedule(138)) - Scheduling a check for /home/runner/work/ozone/ozone/hadoop-ozone/integration-test/target/test-dir/MiniOzoneClusterImpl-09c4c6e1-5ab0-4195-ac7b-5aec6defaa36/ozone-meta/datanode-2/data-0/hdds
2025-07-19 06:07:08,893 [aa0cb613-fc94-4131-90ab-17bcd78458c4-EndpointStateMachineTaskThread-/0.0.0.0:15002-0 ] INFO  volume.StorageVolumeChecker (StorageVolumeChecker.java:checkAllVolumes(231)) - Scheduled health check for volume /home/runner/work/ozone/ozone/hadoop-ozone/integration-test/target/test-dir/MiniOzoneClusterImpl-09c4c6e1-5ab0-4195-ac7b-5aec6defaa36/ozone-meta/datanode-2/data-0/hdds
2025-07-19 06:07:08,896 [main] INFO  volume.HddsVolume (HddsVolume.java:<init>(162)) - HddsVolume: { id=DS-4aadda93-6d6f-4bc8-9bd6-61fadc87415d dir=/home/runner/work/ozone/ozone/hadoop-ozone/integration-test/target/test-dir/MiniOzoneClusterImpl-09c4c6e1-5ab0-4195-ac7b-5aec6defaa36/ozone-meta/datanode-5/data-0/hdds type=DISK capacity=9222449699674390527 used=0 available=9222449699674390527 minFree=9222450130714624 committed=0 }
2025-07-19 06:07:08,896 [main] INFO  volume.MutableVolumeSet (MutableVolumeSet.java:initializeVolumeSet(167)) - Added Volume : /home/runner/work/ozone/ozone/hadoop-ozone/integration-test/target/test-dir/MiniOzoneClusterImpl-09c4c6e1-5ab0-4195-ac7b-5aec6defaa36/ozone-meta/datanode-5/data-0/hdds to VolumeSet
2025-07-19 06:07:08,897 [aa0cb613-fc94-4131-90ab-17bcd78458c4-EndpointStateMachineTaskThread-/0.0.0.0:15002-0 ] INFO  volume.ThrottledAsyncChecker (ThrottledAsyncChecker.java:schedule(138)) - Scheduling a check for /home/runner/work/ozone/ozone/hadoop-ozone/integration-test/target/test-dir/MiniOzoneClusterImpl-09c4c6e1-5ab0-4195-ac7b-5aec6defaa36/ozone-meta/datanode-2/ratis
2025-07-19 06:07:08,898 [main] INFO  volume.MutableVolumeSet (MutableVolumeSet.java:initializeVolumeSet(167)) - Added Volume : /home/runner/work/ozone/ozone/hadoop-ozone/integration-test/target/test-dir/MiniOzoneClusterImpl-09c4c6e1-5ab0-4195-ac7b-5aec6defaa36/ozone-meta/datanode-5/ratis to VolumeSet
2025-07-19 06:07:08,898 [aa0cb613-fc94-4131-90ab-17bcd78458c4-EndpointStateMachineTaskThread-/0.0.0.0:15002-0 ] INFO  volume.StorageVolumeChecker (StorageVolumeChecker.java:checkAllVolumes(231)) - Scheduled health check for volume /home/runner/work/ozone/ozone/hadoop-ozone/integration-test/target/test-dir/MiniOzoneClusterImpl-09c4c6e1-5ab0-4195-ac7b-5aec6defaa36/ozone-meta/datanode-2/ratis
2025-07-19 06:07:08,899 [main] INFO  ozoneimpl.OzoneContainer (HddsVolumeUtil.java:loadAllHddsVolumeDbStore(102)) - Load 1 volumes DbStore cost: 0ms
2025-07-19 06:07:08,899 [main] WARN  db.DBStoreBuilder (DBStoreBuilder.java:getDBDirPath(158)) - ozone.scm.datanode.id.dir is not configured. We recommend adding this setting. Falling back to ozone.metadata.dirs instead.
2025-07-19 06:07:08,900 [aa0cb613-fc94-4131-90ab-17bcd78458c4-EndpointStateMachineTaskThread-/0.0.0.0:15002-0 ] INFO  ozoneimpl.OzoneContainer (OzoneContainer.java:start(520)) - Attempting to start container services.
2025-07-19 06:07:08,900 [main] WARN  db.DBStoreBuilder (DBStoreBuilder.java:getDBDirPath(158)) - ozone.scm.datanode.id.dir is not configured. We recommend adding this setting. Falling back to ozone.metadata.dirs instead.
2025-07-19 06:07:08,902 [ContainerMetadataScanner] INFO  ozoneimpl.AbstractBackgroundContainerScanner (AbstractBackgroundContainerScanner.java:runIteration(89)) - Completed an iteration in 0 minutes. Number of iterations (since the data-node restart) : 1, Number of containers scanned in this iteration : 0, Number of unhealthy containers found in this iteration : 0
2025-07-19 06:07:08,903 [ContainerDataScanner(/home/runner/work/ozone/ozone/hadoop-ozone/integration-test/target/test-dir/MiniOzoneClusterImpl-09c4c6e1-5ab0-4195-ac7b-5aec6defaa36/ozone-meta/datanode-2/data-0/hdds)] INFO  ozoneimpl.AbstractBackgroundContainerScanner (AbstractBackgroundContainerScanner.java:runIteration(89)) - Completed an iteration in 0 minutes. Number of iterations (since the data-node restart) : 1, Number of containers scanned in this iteration : 0, Number of unhealthy containers found in this iteration : 0
2025-07-19 06:07:08,903 [aa0cb613-fc94-4131-90ab-17bcd78458c4-EndpointStateMachineTaskThread-/0.0.0.0:15002-0 ] INFO  replication.ReplicationServer (ReplicationServer.java:start(137)) - ReplicationServer is started using port 15025
2025-07-19 06:07:08,904 [aa0cb613-fc94-4131-90ab-17bcd78458c4-EndpointStateMachineTaskThread-/0.0.0.0:15002-0 ] INFO  ratis.XceiverServerRatis (XceiverServerRatis.java:start(559)) - Starting XceiverServerRatis(aa0cb613-fc94-4131-90ab-17bcd78458c4)
2025-07-19 06:07:08,905 [aa0cb613-fc94-4131-90ab-17bcd78458c4-EndpointStateMachineTaskThread-/0.0.0.0:15002-0 ] INFO  server.RaftServer (RaftServerProxy.java:startImpl(412)) - aa0cb613-fc94-4131-90ab-17bcd78458c4: start RPC server
2025-07-19 06:07:08,906 [aa0cb613-fc94-4131-90ab-17bcd78458c4-EndpointStateMachineTaskThread-/0.0.0.0:15002-0 ] INFO  server.GrpcServicesImpl (GrpcServicesImpl.java:startImpl(346)) - aa0cb613-fc94-4131-90ab-17bcd78458c4: GrpcServicesImpl started, listening on 15021
2025-07-19 06:07:08,906 [aa0cb613-fc94-4131-90ab-17bcd78458c4-EndpointStateMachineTaskThread-/0.0.0.0:15002-0 ] INFO  server.GrpcServicesImpl (GrpcServicesImpl.java:startImpl(346)) - aa0cb613-fc94-4131-90ab-17bcd78458c4: GrpcServicesImpl started, listening on 15023
2025-07-19 06:07:08,907 [aa0cb613-fc94-4131-90ab-17bcd78458c4-EndpointStateMachineTaskThread-/0.0.0.0:15002-0 ] INFO  server.GrpcServicesImpl (GrpcServicesImpl.java:startImpl(346)) - aa0cb613-fc94-4131-90ab-17bcd78458c4: GrpcServicesImpl started, listening on 15022
2025-07-19 06:07:08,907 [aa0cb613-fc94-4131-90ab-17bcd78458c4-EndpointStateMachineTaskThread-/0.0.0.0:15002-0 ] INFO  ratis.XceiverServerRatis (XceiverServerRatis.java:getRealPort(586)) - XceiverServerRatis(aa0cb613-fc94-4131-90ab-17bcd78458c4) is started using port RATIS=15021
2025-07-19 06:07:08,907 [aa0cb613-fc94-4131-90ab-17bcd78458c4-EndpointStateMachineTaskThread-/0.0.0.0:15002-0 ] INFO  ratis.XceiverServerRatis (XceiverServerRatis.java:getRealPort(586)) - XceiverServerRatis(aa0cb613-fc94-4131-90ab-17bcd78458c4) is started using port RATIS_ADMIN=15022
2025-07-19 06:07:08,907 [aa0cb613-fc94-4131-90ab-17bcd78458c4-EndpointStateMachineTaskThread-/0.0.0.0:15002-0 ] INFO  ratis.XceiverServerRatis (XceiverServerRatis.java:getRealPort(586)) - XceiverServerRatis(aa0cb613-fc94-4131-90ab-17bcd78458c4) is started using port RATIS_SERVER=15023
2025-07-19 06:07:08,907 [aa0cb613-fc94-4131-90ab-17bcd78458c4-EndpointStateMachineTaskThread-/0.0.0.0:15002-0 ] INFO  ratis.XceiverServerRatis (XceiverServerRatis.java:getRealPort(586)) - XceiverServerRatis(aa0cb613-fc94-4131-90ab-17bcd78458c4) is started using port RATIS_DATASTREAM=15024
2025-07-19 06:07:08,907 [JvmPauseMonitor4] INFO  util.JvmPauseMonitor (JvmPauseMonitor.java:run(146)) - JvmPauseMonitor-aa0cb613-fc94-4131-90ab-17bcd78458c4: Started
2025-07-19 06:07:08,908 [aa0cb613-fc94-4131-90ab-17bcd78458c4-EndpointStateMachineTaskThread-/0.0.0.0:15002-0 ] INFO  utils.BackgroundService (BackgroundService.java:start(118)) - Starting service BlockDeletingService with interval 60000 milliseconds
2025-07-19 06:07:08,909 [aa0cb613-fc94-4131-90ab-17bcd78458c4-EndpointStateMachineTaskThread-/0.0.0.0:15002-0 ] INFO  utils.BackgroundService (BackgroundService.java:start(118)) - Starting service StaleRecoveringContainerScrubbingService with interval 60000 milliseconds
2025-07-19 06:07:08,924 [main] INFO  impl.FilePerChunkStrategy (FilePerChunkStrategy.java:<init>(79)) - ozone.chunk.read.mapped.buffer.max.count is load with 0
2025-07-19 06:07:08,924 [main] INFO  impl.FilePerBlockStrategy (FilePerBlockStrategy.java:<init>(88)) - ozone.chunk.read.mapped.buffer.max.count is load with 0
2025-07-19 06:07:08,925 [main] INFO  server.RaftServerConfigKeys (ConfUtils.java:logGet(62)) - raft.server.log.appender.buffer.byte-limit = 33554432 (custom)
2025-07-19 06:07:08,927 [main] INFO  grpc.GrpcConfigKeys (ConfUtils.java:logFallback(69)) - raft.grpc.admin.host = null (fallback to raft.grpc.server.host)
2025-07-19 06:07:08,927 [main] INFO  grpc.GrpcConfigKeys (ConfUtils.java:logGet(62)) - raft.grpc.admin.port = 15046 (custom)
2025-07-19 06:07:08,927 [main] INFO  grpc.GrpcConfigKeys (ConfUtils.java:logFallback(69)) - raft.grpc.client.host = null (fallback to raft.grpc.server.host)
2025-07-19 06:07:08,927 [main] INFO  grpc.GrpcConfigKeys (ConfUtils.java:logGet(62)) - raft.grpc.client.port = 15045 (custom)
2025-07-19 06:07:08,927 [main] INFO  grpc.GrpcConfigKeys (ConfUtils.java:logGet(62)) - raft.grpc.server.port = 15047 (custom)
2025-07-19 06:07:08,927 [main] INFO  server.GrpcServicesImpl (ConfUtils.java:logGet(62)) - raft.grpc.message.size.max = 34603008 (custom)
2025-07-19 06:07:08,927 [main] INFO  server.GrpcServicesImpl (ConfUtils.java:logGet(62)) - raft.grpc.flow.control.window = 5MB (=5242880) (custom)
2025-07-19 06:07:08,928 [main] INFO  server.RaftServerConfigKeys (ConfUtils.java:logGet(62)) - raft.server.log.appender.buffer.byte-limit = 33554432 (custom)
2025-07-19 06:07:08,929 [main] INFO  netty.NettyUtils (NettyUtils.java:newEventLoopGroup(74)) - Create EpollEventLoopGroup for d1f2401f-ce3c-4cd7-b613-e85afa8c39c7-NettyServerStreamRpc-bossGroup; Thread size is 0.
2025-07-19 06:07:08,930 [main] INFO  netty.NettyUtils (NettyUtils.java:newEventLoopGroup(74)) - Create EpollEventLoopGroup for d1f2401f-ce3c-4cd7-b613-e85afa8c39c7-NettyServerStreamRpc-workerGroup; Thread size is 0.
2025-07-19 06:07:08,931 [main] INFO  netty.NettyConfigKeys$DataStream (ConfUtils.java:logGet(62)) - raft.netty.dataStream.port = 15048 (custom)
2025-07-19 06:07:08,931 [main] INFO  server.RaftServerConfigKeys (ConfUtils.java:logGet(62)) - raft.server.storage.dir = [/home/runner/work/ozone/ozone/hadoop-ozone/integration-test/target/test-dir/MiniOzoneClusterImpl-09c4c6e1-5ab0-4195-ac7b-5aec6defaa36/ozone-meta/datanode-5/ratis] (custom)
2025-07-19 06:07:08,931 [d1f2401f-ce3c-4cd7-b613-e85afa8c39c7-NettyServerStreamRpc-bossGroup--thread1] INFO  logging.LoggingHandler (AbstractInternalLogger.java:log(148)) - [id: 0xef1a07c3] REGISTERED
2025-07-19 06:07:08,932 [d1f2401f-ce3c-4cd7-b613-e85afa8c39c7-impl-thread1] INFO  server.RaftServer (RaftServerProxy.java:initGroupDir(270)) - d1f2401f-ce3c-4cd7-b613-e85afa8c39c7: found a subdirectory /home/runner/work/ozone/ozone/hadoop-ozone/integration-test/target/test-dir/MiniOzoneClusterImpl-09c4c6e1-5ab0-4195-ac7b-5aec6defaa36/ozone-meta/datanode-5/ratis/tmp
2025-07-19 06:07:08,932 [d1f2401f-ce3c-4cd7-b613-e85afa8c39c7-impl-thread1] INFO  server.RaftServer (RaftServerProxy.java:initGroupDir(275)) - d1f2401f-ce3c-4cd7-b613-e85afa8c39c7: The directory /home/runner/work/ozone/ozone/hadoop-ozone/integration-test/target/test-dir/MiniOzoneClusterImpl-09c4c6e1-5ab0-4195-ac7b-5aec6defaa36/ozone-meta/datanode-5/ratis/tmp is not a group directory; ignoring it. 
2025-07-19 06:07:08,932 [d1f2401f-ce3c-4cd7-b613-e85afa8c39c7-NettyServerStreamRpc-bossGroup--thread1] INFO  logging.LoggingHandler (AbstractInternalLogger.java:log(148)) - [id: 0xef1a07c3] BIND: 0.0.0.0/0.0.0.0:15048
2025-07-19 06:07:08,932 [main] INFO  replication.ReplicationServer (ReplicationServer.java:<init>(84)) - Initializing replication server with thread count = 10 queue length = 4096
2025-07-19 06:07:08,932 [d1f2401f-ce3c-4cd7-b613-e85afa8c39c7-NettyServerStreamRpc-bossGroup--thread1] INFO  logging.LoggingHandler (AbstractInternalLogger.java:log(148)) - [id: 0xef1a07c3, L:/0.0.0.0:15048] ACTIVE
2025-07-19 06:07:08,933 [main] INFO  server.XceiverServerGrpc (XceiverServerGrpc.java:<init>(130)) - GrpcServer channel type EpollServerSocketChannel
2025-07-19 06:07:08,935 [main] INFO  replication.ReplicationSupervisor (ReplicationSupervisor.java:build(169)) - Initializing replication supervisor with thread count = 10
2025-07-19 06:07:08,935 [main] INFO  replication.ReplicationSupervisor (ReplicationSupervisor.java:nodeStateUpdated(358)) - Node state updated to IN_SERVICE, scaling executor pool size to 10
2025-07-19 06:07:08,938 [main] INFO  http.BaseHttpServer (BaseHttpServer.java:newHttpServer2BuilderForOzone(229)) - Starting Web-server for hddsDatanode at: http://0.0.0.0:15042
2025-07-19 06:07:08,939 [main] INFO  http.BaseHttpServer (BaseHttpServer.java:<init>(107)) - Hadoop Security Enabled: false Ozone Security Enabled: false Ozone HTTP Security Enabled: false 
2025-07-19 06:07:08,941 [main] WARN  server.AuthenticationFilter (AuthenticationFilter.java:constructSecretProvider(240)) - Unable to initialize FileSignerSecretProvider, falling back to use random secrets. Reason: Could not read signature secret file: /home/runner/hadoop-http-auth-signature-secret
2025-07-19 06:07:08,944 [main] INFO  http.HttpServer2 (HttpServer2.java:addGlobalFilter(1042)) - Added global filter 'safety' (class=org.apache.hadoop.hdds.server.http.HttpServer2$QuotingInputFilter)
2025-07-19 06:07:08,945 [main] INFO  http.HttpServer2 (HttpServer2.java:addFilter(1018)) - Added filter static_user_filter (class=org.apache.hadoop.http.lib.StaticUserWebFilter$StaticUserFilter) to context hddsDatanode
2025-07-19 06:07:08,945 [main] INFO  http.HttpServer2 (HttpServer2.java:addFilter(1026)) - Added filter static_user_filter (class=org.apache.hadoop.http.lib.StaticUserWebFilter$StaticUserFilter) to context logs
2025-07-19 06:07:08,946 [main] INFO  http.HttpServer2 (HttpServer2.java:addFilter(1026)) - Added filter static_user_filter (class=org.apache.hadoop.http.lib.StaticUserWebFilter$StaticUserFilter) to context static
2025-07-19 06:07:08,947 [main] INFO  http.BaseHttpServer (BaseHttpServer.java:<init>(195)) - HTTP server of hddsDatanode uses base directory /home/runner/work/ozone/ozone/hadoop-ozone/integration-test/target/test-dir/MiniOzoneClusterImpl-09c4c6e1-5ab0-4195-ac7b-5aec6defaa36/ozone-meta/datanode-5/meta/webserver
2025-07-19 06:07:08,947 [main] INFO  http.HttpServer2 (HttpServer2.java:bindListener(1242)) - Jetty bound to port 15042
2025-07-19 06:07:08,948 [main] INFO  server.Server (Server.java:doStart(375)) - jetty-9.4.57.v20241219; built: 2025-01-08T21:24:30.412Z; git: df524e6b29271c2e09ba9aea83c18dc9db464a31; jvm 21.0.7+6-LTS
2025-07-19 06:07:08,949 [main] INFO  server.session (DefaultSessionIdManager.java:doStart(334)) - DefaultSessionIdManager workerName=node0
2025-07-19 06:07:08,949 [main] INFO  server.session (DefaultSessionIdManager.java:doStart(339)) - No SessionScavenger set, using defaults
2025-07-19 06:07:08,950 [main] INFO  server.session (HouseKeeper.java:startScavenging(132)) - node0 Scavenging every 660000ms
2025-07-19 06:07:08,951 [main] INFO  handler.ContextHandler (ContextHandler.java:doStart(921)) - Started o.e.j.s.ServletContextHandler@4d25d217{logs,/logs,file:///home/runner/work/ozone/ozone/hadoop-ozone/integration-test/target/log,AVAILABLE}
2025-07-19 06:07:08,952 [main] INFO  handler.ContextHandler (ContextHandler.java:doStart(921)) - Started o.e.j.s.ServletContextHandler@b52bc7b{static,/static,jar:file:/home/runner/work/ozone/ozone/hadoop-hdds/container-service/target/hdds-container-service-2.1.0-SNAPSHOT.jar!/webapps/static,AVAILABLE}
2025-07-19 06:07:09,093 [IPC Server handler 2 on default port 15002] INFO  net.NetworkTopologyImpl (NetworkTopologyImpl.java:add(133)) - Added a new node: /default-rack/7e15f5a0-0f8f-4a50-92e4-d2f5038b0085
2025-07-19 06:07:09,096 [IPC Server handler 2 on default port 15002] INFO  node.SCMNodeManager (SCMNodeManager.java:register(423)) - Registered datanode: 7e15f5a0-0f8f-4a50-92e4-d2f5038b0085{ip: 127.0.0.1, host: localhost, ports: [HTTP=15010, CLIENT_RPC=15011, REPLICATION=15017, RATIS=15013, RATIS_ADMIN=15014, RATIS_SERVER=15015, RATIS_DATASTREAM=15016, STANDALONE=15012], networkLocation: /default-rack, certSerialId: null, persistedOpState: null, persistedOpStateExpiryEpochSec: 0}
2025-07-19 06:07:09,100 [EventQueue-NewNodeForNewNodeHandler] INFO  pipeline.BackgroundPipelineCreator (BackgroundPipelineCreator.java:notifyEventTriggered(290)) - trigger a one-shot run on RatisPipelineUtilsThread.
2025-07-19 06:07:09,100 [EventQueue-NodeRegistrationContainerReportForDataNodeSafeModeRule] INFO  safemode.SCMSafeModeManager (DataNodeSafeModeRule.java:process(80)) - SCM in safe mode. 1 DataNodes registered, 3 required.
2025-07-19 06:07:09,101 [EventQueue-ContainerRegistrationReportForECContainerSafeModeRule] INFO  safemode.SCMSafeModeManager (SCMSafeModeManager.java:validateSafeModeExitRules(138)) - ECContainerSafeModeRule rule is successfully validated
2025-07-19 06:07:09,102 [EventQueue-ContainerRegistrationReportForRatisContainerSafeModeRule] INFO  safemode.SCMSafeModeManager (SCMSafeModeManager.java:validateSafeModeExitRules(138)) - RatisContainerSafeModeRule rule is successfully validated
2025-07-19 06:07:09,103 [EventQueue-PipelineReportForOneReplicaPipelineSafeModeRule] INFO  safemode.SCMSafeModeManager (SCMSafeModeManager.java:validateSafeModeExitRules(138)) - AtleastOneDatanodeReportedRule rule is successfully validated
2025-07-19 06:07:09,109 [RatisPipelineUtilsThread-0] INFO  pipeline.RatisPipelineProvider (RatisPipelineProvider.java:lambda$create$0(208)) - Sending CreatePipelineCommand for pipeline:Pipeline-88b7bdbc-1734-442a-b4e1-5117d64484d9 to datanode:7e15f5a0-0f8f-4a50-92e4-d2f5038b0085(localhost/127.0.0.1)
2025-07-19 06:07:09,131 [main] INFO  handler.ContextHandler (ContextHandler.java:doStart(921)) - Started o.e.j.w.WebAppContext@55307965{hddsDatanode,/,file:///home/runner/work/ozone/ozone/hadoop-ozone/integration-test/target/test-dir/MiniOzoneClusterImpl-09c4c6e1-5ab0-4195-ac7b-5aec6defaa36/ozone-meta/datanode-5/meta/webserver/jetty-0_0_0_0-15042-hdds-container-service-2_1_0-SNAPSHOT_jar-_-any-13249319160839001534/webapp/,AVAILABLE}{jar:file:/home/runner/work/ozone/ozone/hadoop-hdds/container-service/target/hdds-container-service-2.1.0-SNAPSHOT.jar!/webapps/hddsDatanode}
2025-07-19 06:07:09,132 [main] INFO  server.AbstractConnector (AbstractConnector.java:doStart(333)) - Started ServerConnector@22e1da08{HTTP/1.1, (http/1.1)}{0.0.0.0:15042}
2025-07-19 06:07:09,133 [main] INFO  server.Server (Server.java:doStart(415)) - Started @12688ms
2025-07-19 06:07:09,133 [main] WARN  impl.MetricsSystemImpl (MetricsSystemImpl.java:register(279)) - Sink prometheus already exists!
2025-07-19 06:07:09,133 [main] INFO  http.BaseHttpServer (BaseHttpServer.java:updateConnectorAddress(359)) - HTTP server of hddsDatanode listening at http://localhost:15042
2025-07-19 06:07:09,134 [main] INFO  ipc.CallQueueManager (CallQueueManager.java:<init>(93)) - Using callQueue: class java.util.concurrent.LinkedBlockingQueue, queueCapacity: 1000, scheduler: class org.apache.hadoop.ipc.DefaultRpcScheduler, ipcBackoff: false, ipcFailOver: false.
2025-07-19 06:07:09,134 [main] INFO  ipc.Server (Server.java:<init>(1438)) - Listener at 0.0.0.0:15043
2025-07-19 06:07:09,136 [Socket Reader #1 for port 15043] INFO  ipc.Server (Server.java:run(1474)) - Starting Socket Reader #1 for port 15043
2025-07-19 06:07:09,136 [Socket Reader #2 for port 15043] INFO  ipc.Server (Server.java:run(1474)) - Starting Socket Reader #2 for port 15043
2025-07-19 06:07:09,137 [Socket Reader #3 for port 15043] INFO  ipc.Server (Server.java:run(1474)) - Starting Socket Reader #3 for port 15043
2025-07-19 06:07:09,138 [Socket Reader #4 for port 15043] INFO  ipc.Server (Server.java:run(1474)) - Starting Socket Reader #4 for port 15043
2025-07-19 06:07:09,138 [Socket Reader #5 for port 15043] INFO  ipc.Server (Server.java:run(1474)) - Starting Socket Reader #5 for port 15043
2025-07-19 06:07:09,138 [Socket Reader #6 for port 15043] INFO  ipc.Server (Server.java:run(1474)) - Starting Socket Reader #6 for port 15043
2025-07-19 06:07:09,139 [Socket Reader #7 for port 15043] INFO  ipc.Server (Server.java:run(1474)) - Starting Socket Reader #7 for port 15043
2025-07-19 06:07:09,139 [Socket Reader #8 for port 15043] INFO  ipc.Server (Server.java:run(1474)) - Starting Socket Reader #8 for port 15043
2025-07-19 06:07:09,139 [Socket Reader #9 for port 15043] INFO  ipc.Server (Server.java:run(1474)) - Starting Socket Reader #9 for port 15043
2025-07-19 06:07:09,139 [Socket Reader #10 for port 15043] INFO  ipc.Server (Server.java:run(1474)) - Starting Socket Reader #10 for port 15043
2025-07-19 06:07:09,142 [main] INFO  ozone.HddsDatanodeService (HddsDatanodeService.java:start(333)) - Datanode start with admins: [admin, runner]
2025-07-19 06:07:09,142 [main] INFO  ozone.HddsDatanodeClientProtocolServer (HddsDatanodeClientProtocolServer.java:start(76)) - RPC server for Client /0.0.0.0:15043
2025-07-19 06:07:09,142 [IPC Server Responder] INFO  ipc.Server (Server.java:run(1713)) - IPC Server Responder: starting
2025-07-19 06:07:09,142 [IPC Server listener on 15043] INFO  ipc.Server (Server.java:run(1553)) - IPC Server listener on 15043: starting
2025-07-19 06:07:09,146 [main] WARN  dropwizard3.Dm3MetricRegistriesImpl (Dm3MetricRegistriesImpl.java:addReporterRegistration(114)) - New reporters are added after registries were created. Some metrics will be missing from the reporter. Please add reporter before adding any new registry.
2025-07-19 06:07:09,146 [main] WARN  dropwizard3.Dm3MetricRegistriesImpl (Dm3MetricRegistriesImpl.java:addReporterRegistration(114)) - New reporters are added after registries were created. Some metrics will be missing from the reporter. Please add reporter before adding any new registry.
2025-07-19 06:07:09,146 [main] INFO  impl.MetricsSystemImpl (MetricsSystemImpl.java:init(158)) - HddsDatanode metrics system started (again)
2025-07-19 06:07:09,149 [d1f2401f-ce3c-4cd7-b613-e85afa8c39c7-DatanodeStateMachineDaemonThread] INFO  statemachine.DatanodeStateMachine (DatanodeStateMachine.java:startStateMachineThread(347)) - Ozone container server started.
2025-07-19 06:07:09,152 [86838f6f-3dde-42b5-b01a-58c95bf80430-EndpointStateMachineTaskThread-/0.0.0.0:15002-0 ] INFO  utils.DatanodeStoreCache (DatanodeStoreCache.java:addDB(70)) - Added db /home/runner/work/ozone/ozone/hadoop-ozone/integration-test/target/test-dir/MiniOzoneClusterImpl-09c4c6e1-5ab0-4195-ac7b-5aec6defaa36/ozone-meta/datanode-3/data-0/hdds/09c4c6e1-5ab0-4195-ac7b-5aec6defaa36/DS-5bf86086-1281-4f48-b117-faf46c9832c4/container.db to cache
2025-07-19 06:07:09,152 [86838f6f-3dde-42b5-b01a-58c95bf80430-EndpointStateMachineTaskThread-/0.0.0.0:15002-0 ] INFO  volume.HddsVolume (HddsVolume.java:createDbStore(576)) - SchemaV3 db is created and loaded at /home/runner/work/ozone/ozone/hadoop-ozone/integration-test/target/test-dir/MiniOzoneClusterImpl-09c4c6e1-5ab0-4195-ac7b-5aec6defaa36/ozone-meta/datanode-3/data-0/hdds/09c4c6e1-5ab0-4195-ac7b-5aec6defaa36/DS-5bf86086-1281-4f48-b117-faf46c9832c4/container.db for volume DS-5bf86086-1281-4f48-b117-faf46c9832c4
2025-07-19 06:07:09,158 [86838f6f-3dde-42b5-b01a-58c95bf80430-ContainerReader-0] INFO  ozoneimpl.ContainerReader (ContainerReader.java:readVolume(144)) - Start to verify containers on volume /home/runner/work/ozone/ozone/hadoop-ozone/integration-test/target/test-dir/MiniOzoneClusterImpl-09c4c6e1-5ab0-4195-ac7b-5aec6defaa36/ozone-meta/datanode-3/data-0/hdds
2025-07-19 06:07:09,158 [86838f6f-3dde-42b5-b01a-58c95bf80430-ContainerReader-0] INFO  ozoneimpl.ContainerReader (ContainerReader.java:readVolume(174)) - Finish verifying containers on volume /home/runner/work/ozone/ozone/hadoop-ozone/integration-test/target/test-dir/MiniOzoneClusterImpl-09c4c6e1-5ab0-4195-ac7b-5aec6defaa36/ozone-meta/datanode-3/data-0/hdds
2025-07-19 06:07:09,159 [86838f6f-3dde-42b5-b01a-58c95bf80430-EndpointStateMachineTaskThread-/0.0.0.0:15002-0 ] INFO  ozoneimpl.OzoneContainer (OzoneContainer.java:buildContainerSet(370)) - Build ContainerSet costs 0s
2025-07-19 06:07:09,159 [86838f6f-3dde-42b5-b01a-58c95bf80430-EndpointStateMachineTaskThread-/0.0.0.0:15002-0 ] INFO  volume.ThrottledAsyncChecker (ThrottledAsyncChecker.java:schedule(138)) - Scheduling a check for /home/runner/work/ozone/ozone/hadoop-ozone/integration-test/target/test-dir/MiniOzoneClusterImpl-09c4c6e1-5ab0-4195-ac7b-5aec6defaa36/ozone-meta/datanode-3/data-0/hdds
2025-07-19 06:07:09,160 [d1f2401f-ce3c-4cd7-b613-e85afa8c39c7-DatanodeStateMachineTaskThread-0] INFO  datanode.InitDatanodeState (InitDatanodeState.java:persistContainerDatanodeDetails(139)) - DatanodeDetails is persisted to /home/runner/work/ozone/ozone/hadoop-ozone/integration-test/target/test-dir/MiniOzoneClusterImpl-09c4c6e1-5ab0-4195-ac7b-5aec6defaa36/ozone-meta/datanode-5/meta/datanode.id
2025-07-19 06:07:09,160 [86838f6f-3dde-42b5-b01a-58c95bf80430-EndpointStateMachineTaskThread-/0.0.0.0:15002-0 ] INFO  volume.StorageVolumeChecker (StorageVolumeChecker.java:checkAllVolumes(231)) - Scheduled health check for volume /home/runner/work/ozone/ozone/hadoop-ozone/integration-test/target/test-dir/MiniOzoneClusterImpl-09c4c6e1-5ab0-4195-ac7b-5aec6defaa36/ozone-meta/datanode-3/data-0/hdds
2025-07-19 06:07:09,165 [86838f6f-3dde-42b5-b01a-58c95bf80430-EndpointStateMachineTaskThread-/0.0.0.0:15002-0 ] INFO  volume.ThrottledAsyncChecker (ThrottledAsyncChecker.java:schedule(138)) - Scheduling a check for /home/runner/work/ozone/ozone/hadoop-ozone/integration-test/target/test-dir/MiniOzoneClusterImpl-09c4c6e1-5ab0-4195-ac7b-5aec6defaa36/ozone-meta/datanode-3/ratis
2025-07-19 06:07:09,165 [86838f6f-3dde-42b5-b01a-58c95bf80430-EndpointStateMachineTaskThread-/0.0.0.0:15002-0 ] INFO  volume.StorageVolumeChecker (StorageVolumeChecker.java:checkAllVolumes(231)) - Scheduled health check for volume /home/runner/work/ozone/ozone/hadoop-ozone/integration-test/target/test-dir/MiniOzoneClusterImpl-09c4c6e1-5ab0-4195-ac7b-5aec6defaa36/ozone-meta/datanode-3/ratis
2025-07-19 06:07:09,167 [86838f6f-3dde-42b5-b01a-58c95bf80430-EndpointStateMachineTaskThread-/0.0.0.0:15002-0 ] INFO  ozoneimpl.OzoneContainer (OzoneContainer.java:start(520)) - Attempting to start container services.
2025-07-19 06:07:09,167 [ContainerMetadataScanner] INFO  ozoneimpl.AbstractBackgroundContainerScanner (AbstractBackgroundContainerScanner.java:runIteration(89)) - Completed an iteration in 0 minutes. Number of iterations (since the data-node restart) : 1, Number of containers scanned in this iteration : 0, Number of unhealthy containers found in this iteration : 0
2025-07-19 06:07:09,169 [main] INFO  protocol.DatanodeDetails (DatanodeDetails.java:validateDatanodeIpAddress(199)) - Updating IP address of datanode e80b39d0-2325-4ff7-b450-1b10ae88e746(localhost/null) to 127.0.0.1
2025-07-19 06:07:09,169 [main] INFO  ozone.HddsDatanodeService (HddsDatanodeService.java:start(236)) - HddsDatanodeService e80b39d0-2325-4ff7-b450-1b10ae88e746(localhost/127.0.0.1)
2025-07-19 06:07:09,170 [86838f6f-3dde-42b5-b01a-58c95bf80430-EndpointStateMachineTaskThread-/0.0.0.0:15002-0 ] INFO  replication.ReplicationServer (ReplicationServer.java:start(137)) - ReplicationServer is started using port 15033
2025-07-19 06:07:09,170 [86838f6f-3dde-42b5-b01a-58c95bf80430-EndpointStateMachineTaskThread-/0.0.0.0:15002-0 ] INFO  ratis.XceiverServerRatis (XceiverServerRatis.java:start(559)) - Starting XceiverServerRatis(86838f6f-3dde-42b5-b01a-58c95bf80430)
2025-07-19 06:07:09,169 [ContainerDataScanner(/home/runner/work/ozone/ozone/hadoop-ozone/integration-test/target/test-dir/MiniOzoneClusterImpl-09c4c6e1-5ab0-4195-ac7b-5aec6defaa36/ozone-meta/datanode-3/data-0/hdds)] INFO  ozoneimpl.AbstractBackgroundContainerScanner (AbstractBackgroundContainerScanner.java:runIteration(89)) - Completed an iteration in 0 minutes. Number of iterations (since the data-node restart) : 1, Number of containers scanned in this iteration : 0, Number of unhealthy containers found in this iteration : 0
2025-07-19 06:07:09,172 [86838f6f-3dde-42b5-b01a-58c95bf80430-EndpointStateMachineTaskThread-/0.0.0.0:15002-0 ] INFO  server.RaftServer (RaftServerProxy.java:startImpl(412)) - 86838f6f-3dde-42b5-b01a-58c95bf80430: start RPC server
2025-07-19 06:07:09,172 [86838f6f-3dde-42b5-b01a-58c95bf80430-EndpointStateMachineTaskThread-/0.0.0.0:15002-0 ] INFO  server.GrpcServicesImpl (GrpcServicesImpl.java:startImpl(346)) - 86838f6f-3dde-42b5-b01a-58c95bf80430: GrpcServicesImpl started, listening on 15029
2025-07-19 06:07:09,172 [main] INFO  upgrade.AbstractLayoutVersionManager (AbstractLayoutVersionManager.java:init(80)) - Initializing Layout version manager with metadata layout = HBASE_SUPPORT (version = 8), software layout = HBASE_SUPPORT (version = 8)
2025-07-19 06:07:09,173 [main] INFO  statemachine.DatanodeStateMachine (DatanodeStateMachine.java:getEndPointTaskThreadPoolSize(305)) - Datanode State Machine Task Thread Pool size 2
2025-07-19 06:07:09,173 [86838f6f-3dde-42b5-b01a-58c95bf80430-EndpointStateMachineTaskThread-/0.0.0.0:15002-0 ] INFO  server.GrpcServicesImpl (GrpcServicesImpl.java:startImpl(346)) - 86838f6f-3dde-42b5-b01a-58c95bf80430: GrpcServicesImpl started, listening on 15031
2025-07-19 06:07:09,175 [885623d6-9da4-492b-a87d-998872f93ab6@group-5AEC6DEFAA36-StateMachineUpdater] INFO  safemode.SCMSafeModeManager (SCMSafeModeManager.java:validateSafeModeExitRules(138)) - RatisContainerSafeModeRule rule is successfully validated
2025-07-19 06:07:09,175 [885623d6-9da4-492b-a87d-998872f93ab6@group-5AEC6DEFAA36-StateMachineUpdater] INFO  safemode.HealthyPipelineSafeModeRule (HealthyPipelineSafeModeRule.java:initializeRule(228)) - Refreshed total pipeline count is 0, healthy pipeline threshold count is 1
2025-07-19 06:07:09,175 [885623d6-9da4-492b-a87d-998872f93ab6@group-5AEC6DEFAA36-StateMachineUpdater] INFO  safemode.SCMSafeModeManager (SCMSafeModeManager.java:validateSafeModeExitRules(138)) - ECContainerSafeModeRule rule is successfully validated
2025-07-19 06:07:09,175 [885623d6-9da4-492b-a87d-998872f93ab6@group-5AEC6DEFAA36-StateMachineUpdater] INFO  safemode.SCMSafeModeManager (SCMSafeModeManager.java:validateSafeModeExitRules(138)) - AtleastOneDatanodeReportedRule rule is successfully validated
2025-07-19 06:07:09,176 [main] INFO  volume.HddsVolume (HddsVolume.java:<init>(162)) - HddsVolume: { id=DS-71cf5e1c-9781-434b-8ecf-5507cb28d4ad dir=/home/runner/work/ozone/ozone/hadoop-ozone/integration-test/target/test-dir/MiniOzoneClusterImpl-09c4c6e1-5ab0-4195-ac7b-5aec6defaa36/ozone-meta/datanode-6/data-0/hdds type=DISK capacity=9222449699674390527 used=0 available=9222449699674390527 minFree=9222450130714624 committed=0 }
2025-07-19 06:07:09,176 [main] INFO  volume.MutableVolumeSet (MutableVolumeSet.java:initializeVolumeSet(167)) - Added Volume : /home/runner/work/ozone/ozone/hadoop-ozone/integration-test/target/test-dir/MiniOzoneClusterImpl-09c4c6e1-5ab0-4195-ac7b-5aec6defaa36/ozone-meta/datanode-6/data-0/hdds to VolumeSet
2025-07-19 06:07:09,177 [main] INFO  volume.MutableVolumeSet (MutableVolumeSet.java:initializeVolumeSet(167)) - Added Volume : /home/runner/work/ozone/ozone/hadoop-ozone/integration-test/target/test-dir/MiniOzoneClusterImpl-09c4c6e1-5ab0-4195-ac7b-5aec6defaa36/ozone-meta/datanode-6/ratis to VolumeSet
2025-07-19 06:07:09,178 [main] INFO  ozoneimpl.OzoneContainer (HddsVolumeUtil.java:loadAllHddsVolumeDbStore(102)) - Load 1 volumes DbStore cost: 0ms
2025-07-19 06:07:09,178 [86838f6f-3dde-42b5-b01a-58c95bf80430-EndpointStateMachineTaskThread-/0.0.0.0:15002-0 ] INFO  server.GrpcServicesImpl (GrpcServicesImpl.java:startImpl(346)) - 86838f6f-3dde-42b5-b01a-58c95bf80430: GrpcServicesImpl started, listening on 15030
2025-07-19 06:07:09,179 [86838f6f-3dde-42b5-b01a-58c95bf80430-EndpointStateMachineTaskThread-/0.0.0.0:15002-0 ] INFO  ratis.XceiverServerRatis (XceiverServerRatis.java:getRealPort(586)) - XceiverServerRatis(86838f6f-3dde-42b5-b01a-58c95bf80430) is started using port RATIS=15029
2025-07-19 06:07:09,179 [86838f6f-3dde-42b5-b01a-58c95bf80430-EndpointStateMachineTaskThread-/0.0.0.0:15002-0 ] INFO  ratis.XceiverServerRatis (XceiverServerRatis.java:getRealPort(586)) - XceiverServerRatis(86838f6f-3dde-42b5-b01a-58c95bf80430) is started using port RATIS_ADMIN=15030
2025-07-19 06:07:09,179 [86838f6f-3dde-42b5-b01a-58c95bf80430-EndpointStateMachineTaskThread-/0.0.0.0:15002-0 ] INFO  ratis.XceiverServerRatis (XceiverServerRatis.java:getRealPort(586)) - XceiverServerRatis(86838f6f-3dde-42b5-b01a-58c95bf80430) is started using port RATIS_SERVER=15031
2025-07-19 06:07:09,179 [86838f6f-3dde-42b5-b01a-58c95bf80430-EndpointStateMachineTaskThread-/0.0.0.0:15002-0 ] INFO  ratis.XceiverServerRatis (XceiverServerRatis.java:getRealPort(586)) - XceiverServerRatis(86838f6f-3dde-42b5-b01a-58c95bf80430) is started using port RATIS_DATASTREAM=15032
2025-07-19 06:07:09,180 [RatisPipelineUtilsThread-0] INFO  pipeline.BackgroundPipelineCreator (BackgroundPipelineCreator.java:createPipelines(246)) - Created new pipeline Pipeline{ Id: 88b7bdbc-1734-442a-b4e1-5117d64484d9, Nodes: [ {7e15f5a0-0f8f-4a50-92e4-d2f5038b0085(localhost/127.0.0.1), ReplicaIndex: 0},], ReplicationConfig: RATIS/ONE, State:ALLOCATED, leaderId:, CreationTimestamp2025-07-19T06:07:09.109071706Z[Etc/UTC]}
2025-07-19 06:07:09,178 [main] WARN  db.DBStoreBuilder (DBStoreBuilder.java:getDBDirPath(158)) - ozone.scm.datanode.id.dir is not configured. We recommend adding this setting. Falling back to ozone.metadata.dirs instead.
2025-07-19 06:07:09,182 [main] WARN  db.DBStoreBuilder (DBStoreBuilder.java:getDBDirPath(158)) - ozone.scm.datanode.id.dir is not configured. We recommend adding this setting. Falling back to ozone.metadata.dirs instead.
2025-07-19 06:07:09,183 [86838f6f-3dde-42b5-b01a-58c95bf80430-EndpointStateMachineTaskThread-/0.0.0.0:15002-0 ] INFO  utils.BackgroundService (BackgroundService.java:start(118)) - Starting service BlockDeletingService with interval 60000 milliseconds
2025-07-19 06:07:09,183 [86838f6f-3dde-42b5-b01a-58c95bf80430-EndpointStateMachineTaskThread-/0.0.0.0:15002-0 ] INFO  utils.BackgroundService (BackgroundService.java:start(118)) - Starting service StaleRecoveringContainerScrubbingService with interval 60000 milliseconds
2025-07-19 06:07:09,179 [JvmPauseMonitor5] INFO  util.JvmPauseMonitor (JvmPauseMonitor.java:run(146)) - JvmPauseMonitor-86838f6f-3dde-42b5-b01a-58c95bf80430: Started
2025-07-19 06:07:09,205 [main] INFO  impl.FilePerChunkStrategy (FilePerChunkStrategy.java:<init>(79)) - ozone.chunk.read.mapped.buffer.max.count is load with 0
2025-07-19 06:07:09,205 [main] INFO  impl.FilePerBlockStrategy (FilePerBlockStrategy.java:<init>(88)) - ozone.chunk.read.mapped.buffer.max.count is load with 0
2025-07-19 06:07:09,206 [main] INFO  server.RaftServerConfigKeys (ConfUtils.java:logGet(62)) - raft.server.log.appender.buffer.byte-limit = 33554432 (custom)
2025-07-19 06:07:09,208 [main] INFO  grpc.GrpcConfigKeys (ConfUtils.java:logFallback(69)) - raft.grpc.admin.host = null (fallback to raft.grpc.server.host)
2025-07-19 06:07:09,208 [main] INFO  grpc.GrpcConfigKeys (ConfUtils.java:logGet(62)) - raft.grpc.admin.port = 15054 (custom)
2025-07-19 06:07:09,209 [main] INFO  grpc.GrpcConfigKeys (ConfUtils.java:logFallback(69)) - raft.grpc.client.host = null (fallback to raft.grpc.server.host)
2025-07-19 06:07:09,209 [main] INFO  grpc.GrpcConfigKeys (ConfUtils.java:logGet(62)) - raft.grpc.client.port = 15053 (custom)
2025-07-19 06:07:09,209 [main] INFO  grpc.GrpcConfigKeys (ConfUtils.java:logGet(62)) - raft.grpc.server.port = 15055 (custom)
2025-07-19 06:07:09,209 [main] INFO  server.GrpcServicesImpl (ConfUtils.java:logGet(62)) - raft.grpc.message.size.max = 34603008 (custom)
2025-07-19 06:07:09,209 [main] INFO  server.GrpcServicesImpl (ConfUtils.java:logGet(62)) - raft.grpc.flow.control.window = 5MB (=5242880) (custom)
2025-07-19 06:07:09,209 [main] INFO  server.RaftServerConfigKeys (ConfUtils.java:logGet(62)) - raft.server.log.appender.buffer.byte-limit = 33554432 (custom)
2025-07-19 06:07:09,211 [main] INFO  netty.NettyUtils (NettyUtils.java:newEventLoopGroup(74)) - Create EpollEventLoopGroup for e80b39d0-2325-4ff7-b450-1b10ae88e746-NettyServerStreamRpc-bossGroup; Thread size is 0.
2025-07-19 06:07:09,212 [main] INFO  netty.NettyUtils (NettyUtils.java:newEventLoopGroup(74)) - Create EpollEventLoopGroup for e80b39d0-2325-4ff7-b450-1b10ae88e746-NettyServerStreamRpc-workerGroup; Thread size is 0.
2025-07-19 06:07:09,212 [main] INFO  netty.NettyConfigKeys$DataStream (ConfUtils.java:logGet(62)) - raft.netty.dataStream.port = 15056 (custom)
2025-07-19 06:07:09,213 [main] INFO  server.RaftServerConfigKeys (ConfUtils.java:logGet(62)) - raft.server.storage.dir = [/home/runner/work/ozone/ozone/hadoop-ozone/integration-test/target/test-dir/MiniOzoneClusterImpl-09c4c6e1-5ab0-4195-ac7b-5aec6defaa36/ozone-meta/datanode-6/ratis] (custom)
2025-07-19 06:07:09,213 [e80b39d0-2325-4ff7-b450-1b10ae88e746-NettyServerStreamRpc-bossGroup--thread1] INFO  logging.LoggingHandler (AbstractInternalLogger.java:log(148)) - [id: 0x371bc081] REGISTERED
2025-07-19 06:07:09,214 [e80b39d0-2325-4ff7-b450-1b10ae88e746-NettyServerStreamRpc-bossGroup--thread1] INFO  logging.LoggingHandler (AbstractInternalLogger.java:log(148)) - [id: 0x371bc081] BIND: 0.0.0.0/0.0.0.0:15056
2025-07-19 06:07:09,214 [e80b39d0-2325-4ff7-b450-1b10ae88e746-NettyServerStreamRpc-bossGroup--thread1] INFO  logging.LoggingHandler (AbstractInternalLogger.java:log(148)) - [id: 0x371bc081, L:/0.0.0.0:15056] ACTIVE
2025-07-19 06:07:09,214 [e80b39d0-2325-4ff7-b450-1b10ae88e746-impl-thread1] INFO  server.RaftServer (RaftServerProxy.java:initGroupDir(270)) - e80b39d0-2325-4ff7-b450-1b10ae88e746: found a subdirectory /home/runner/work/ozone/ozone/hadoop-ozone/integration-test/target/test-dir/MiniOzoneClusterImpl-09c4c6e1-5ab0-4195-ac7b-5aec6defaa36/ozone-meta/datanode-6/ratis/tmp
2025-07-19 06:07:09,214 [e80b39d0-2325-4ff7-b450-1b10ae88e746-impl-thread1] INFO  server.RaftServer (RaftServerProxy.java:initGroupDir(275)) - e80b39d0-2325-4ff7-b450-1b10ae88e746: The directory /home/runner/work/ozone/ozone/hadoop-ozone/integration-test/target/test-dir/MiniOzoneClusterImpl-09c4c6e1-5ab0-4195-ac7b-5aec6defaa36/ozone-meta/datanode-6/ratis/tmp is not a group directory; ignoring it. 
2025-07-19 06:07:09,214 [main] INFO  replication.ReplicationServer (ReplicationServer.java:<init>(84)) - Initializing replication server with thread count = 10 queue length = 4096
2025-07-19 06:07:09,215 [main] INFO  server.XceiverServerGrpc (XceiverServerGrpc.java:<init>(130)) - GrpcServer channel type EpollServerSocketChannel
2025-07-19 06:07:09,217 [main] INFO  replication.ReplicationSupervisor (ReplicationSupervisor.java:build(169)) - Initializing replication supervisor with thread count = 10
2025-07-19 06:07:09,217 [main] INFO  replication.ReplicationSupervisor (ReplicationSupervisor.java:nodeStateUpdated(358)) - Node state updated to IN_SERVICE, scaling executor pool size to 10
2025-07-19 06:07:09,220 [main] INFO  http.BaseHttpServer (BaseHttpServer.java:newHttpServer2BuilderForOzone(229)) - Starting Web-server for hddsDatanode at: http://0.0.0.0:15050
2025-07-19 06:07:09,220 [main] INFO  http.BaseHttpServer (BaseHttpServer.java:<init>(107)) - Hadoop Security Enabled: false Ozone Security Enabled: false Ozone HTTP Security Enabled: false 
2025-07-19 06:07:09,221 [main] WARN  server.AuthenticationFilter (AuthenticationFilter.java:constructSecretProvider(240)) - Unable to initialize FileSignerSecretProvider, falling back to use random secrets. Reason: Could not read signature secret file: /home/runner/hadoop-http-auth-signature-secret
2025-07-19 06:07:09,224 [main] INFO  http.HttpServer2 (HttpServer2.java:addGlobalFilter(1042)) - Added global filter 'safety' (class=org.apache.hadoop.hdds.server.http.HttpServer2$QuotingInputFilter)
2025-07-19 06:07:09,225 [main] INFO  http.HttpServer2 (HttpServer2.java:addFilter(1018)) - Added filter static_user_filter (class=org.apache.hadoop.http.lib.StaticUserWebFilter$StaticUserFilter) to context hddsDatanode
2025-07-19 06:07:09,225 [main] INFO  http.HttpServer2 (HttpServer2.java:addFilter(1026)) - Added filter static_user_filter (class=org.apache.hadoop.http.lib.StaticUserWebFilter$StaticUserFilter) to context static
2025-07-19 06:07:09,225 [main] INFO  http.HttpServer2 (HttpServer2.java:addFilter(1026)) - Added filter static_user_filter (class=org.apache.hadoop.http.lib.StaticUserWebFilter$StaticUserFilter) to context logs
2025-07-19 06:07:09,226 [main] INFO  http.BaseHttpServer (BaseHttpServer.java:<init>(195)) - HTTP server of hddsDatanode uses base directory /home/runner/work/ozone/ozone/hadoop-ozone/integration-test/target/test-dir/MiniOzoneClusterImpl-09c4c6e1-5ab0-4195-ac7b-5aec6defaa36/ozone-meta/datanode-6/meta/webserver
2025-07-19 06:07:09,226 [main] INFO  http.HttpServer2 (HttpServer2.java:bindListener(1242)) - Jetty bound to port 15050
2025-07-19 06:07:09,226 [main] INFO  server.Server (Server.java:doStart(375)) - jetty-9.4.57.v20241219; built: 2025-01-08T21:24:30.412Z; git: df524e6b29271c2e09ba9aea83c18dc9db464a31; jvm 21.0.7+6-LTS
2025-07-19 06:07:09,228 [main] INFO  server.session (DefaultSessionIdManager.java:doStart(334)) - DefaultSessionIdManager workerName=node0
2025-07-19 06:07:09,228 [main] INFO  server.session (DefaultSessionIdManager.java:doStart(339)) - No SessionScavenger set, using defaults
2025-07-19 06:07:09,228 [main] INFO  server.session (HouseKeeper.java:startScavenging(132)) - node0 Scavenging every 660000ms
2025-07-19 06:07:09,229 [main] INFO  handler.ContextHandler (ContextHandler.java:doStart(921)) - Started o.e.j.s.ServletContextHandler@5135eb13{logs,/logs,file:///home/runner/work/ozone/ozone/hadoop-ozone/integration-test/target/log,AVAILABLE}
2025-07-19 06:07:09,230 [main] INFO  handler.ContextHandler (ContextHandler.java:doStart(921)) - Started o.e.j.s.ServletContextHandler@3ab62df3{static,/static,jar:file:/home/runner/work/ozone/ozone/hadoop-hdds/container-service/target/hdds-container-service-2.1.0-SNAPSHOT.jar!/webapps/static,AVAILABLE}
2025-07-19 06:07:09,343 [IPC Server handler 3 on default port 15002] INFO  net.NetworkTopologyImpl (NetworkTopologyImpl.java:add(133)) - Added a new node: /default-rack/aa0cb613-fc94-4131-90ab-17bcd78458c4
2025-07-19 06:07:09,343 [IPC Server handler 3 on default port 15002] INFO  node.SCMNodeManager (SCMNodeManager.java:register(423)) - Registered datanode: aa0cb613-fc94-4131-90ab-17bcd78458c4{ip: 127.0.0.1, host: localhost, ports: [HTTP=15018, CLIENT_RPC=15019, REPLICATION=15025, RATIS=15021, RATIS_ADMIN=15022, RATIS_SERVER=15023, RATIS_DATASTREAM=15024, STANDALONE=15020], networkLocation: /default-rack, certSerialId: null, persistedOpState: null, persistedOpStateExpiryEpochSec: 0}
2025-07-19 06:07:09,344 [EventQueue-NodeRegistrationContainerReportForDataNodeSafeModeRule] INFO  safemode.SCMSafeModeManager (DataNodeSafeModeRule.java:process(80)) - SCM in safe mode. 2 DataNodes registered, 3 required.
2025-07-19 06:07:09,344 [EventQueue-PipelineReportForOneReplicaPipelineSafeModeRule] INFO  safemode.SCMSafeModeManager (SCMSafeModeManager.java:validateSafeModeExitRules(138)) - AtleastOneDatanodeReportedRule rule is successfully validated
2025-07-19 06:07:09,344 [EventQueue-NewNodeForNewNodeHandler] INFO  pipeline.BackgroundPipelineCreator (BackgroundPipelineCreator.java:notifyEventTriggered(290)) - trigger a one-shot run on RatisPipelineUtilsThread.
2025-07-19 06:07:09,344 [EventQueue-ContainerRegistrationReportForECContainerSafeModeRule] INFO  safemode.SCMSafeModeManager (SCMSafeModeManager.java:validateSafeModeExitRules(138)) - ECContainerSafeModeRule rule is successfully validated
2025-07-19 06:07:09,344 [EventQueue-ContainerRegistrationReportForRatisContainerSafeModeRule] INFO  safemode.SCMSafeModeManager (SCMSafeModeManager.java:validateSafeModeExitRules(138)) - RatisContainerSafeModeRule rule is successfully validated
2025-07-19 06:07:09,345 [RatisPipelineUtilsThread-0] INFO  pipeline.RatisPipelineProvider (RatisPipelineProvider.java:lambda$create$0(208)) - Sending CreatePipelineCommand for pipeline:Pipeline-850d62e6-9d07-48c2-bfd0-36b9588d9eb5 to datanode:aa0cb613-fc94-4131-90ab-17bcd78458c4(localhost/127.0.0.1)
2025-07-19 06:07:09,348 [885623d6-9da4-492b-a87d-998872f93ab6@group-5AEC6DEFAA36-StateMachineUpdater] INFO  safemode.SCMSafeModeManager (SCMSafeModeManager.java:validateSafeModeExitRules(138)) - RatisContainerSafeModeRule rule is successfully validated
2025-07-19 06:07:09,348 [885623d6-9da4-492b-a87d-998872f93ab6@group-5AEC6DEFAA36-StateMachineUpdater] INFO  safemode.HealthyPipelineSafeModeRule (HealthyPipelineSafeModeRule.java:initializeRule(228)) - Refreshed total pipeline count is 0, healthy pipeline threshold count is 1
2025-07-19 06:07:09,348 [885623d6-9da4-492b-a87d-998872f93ab6@group-5AEC6DEFAA36-StateMachineUpdater] INFO  safemode.SCMSafeModeManager (SCMSafeModeManager.java:validateSafeModeExitRules(138)) - ECContainerSafeModeRule rule is successfully validated
2025-07-19 06:07:09,348 [885623d6-9da4-492b-a87d-998872f93ab6@group-5AEC6DEFAA36-StateMachineUpdater] INFO  safemode.SCMSafeModeManager (SCMSafeModeManager.java:validateSafeModeExitRules(138)) - AtleastOneDatanodeReportedRule rule is successfully validated
2025-07-19 06:07:09,348 [RatisPipelineUtilsThread-0] INFO  pipeline.BackgroundPipelineCreator (BackgroundPipelineCreator.java:createPipelines(246)) - Created new pipeline Pipeline{ Id: 850d62e6-9d07-48c2-bfd0-36b9588d9eb5, Nodes: [ {aa0cb613-fc94-4131-90ab-17bcd78458c4(localhost/127.0.0.1), ReplicaIndex: 0},], ReplicationConfig: RATIS/ONE, State:ALLOCATED, leaderId:, CreationTimestamp2025-07-19T06:07:09.345321098Z[Etc/UTC]}
2025-07-19 06:07:09,373 [main] INFO  handler.ContextHandler (ContextHandler.java:doStart(921)) - Started o.e.j.w.WebAppContext@3fd96ec8{hddsDatanode,/,file:///home/runner/work/ozone/ozone/hadoop-ozone/integration-test/target/test-dir/MiniOzoneClusterImpl-09c4c6e1-5ab0-4195-ac7b-5aec6defaa36/ozone-meta/datanode-6/meta/webserver/jetty-0_0_0_0-15050-hdds-container-service-2_1_0-SNAPSHOT_jar-_-any-3547176551863473157/webapp/,AVAILABLE}{jar:file:/home/runner/work/ozone/ozone/hadoop-hdds/container-service/target/hdds-container-service-2.1.0-SNAPSHOT.jar!/webapps/hddsDatanode}
2025-07-19 06:07:09,374 [main] INFO  server.AbstractConnector (AbstractConnector.java:doStart(333)) - Started ServerConnector@3d6aa682{HTTP/1.1, (http/1.1)}{0.0.0.0:15050}
2025-07-19 06:07:09,374 [main] INFO  server.Server (Server.java:doStart(415)) - Started @12930ms
2025-07-19 06:07:09,375 [main] WARN  impl.MetricsSystemImpl (MetricsSystemImpl.java:register(279)) - Sink prometheus already exists!
2025-07-19 06:07:09,375 [main] INFO  http.BaseHttpServer (BaseHttpServer.java:updateConnectorAddress(359)) - HTTP server of hddsDatanode listening at http://localhost:15050
2025-07-19 06:07:09,375 [main] INFO  ipc.CallQueueManager (CallQueueManager.java:<init>(93)) - Using callQueue: class java.util.concurrent.LinkedBlockingQueue, queueCapacity: 1000, scheduler: class org.apache.hadoop.ipc.DefaultRpcScheduler, ipcBackoff: false, ipcFailOver: false.
2025-07-19 06:07:09,375 [main] INFO  ipc.Server (Server.java:<init>(1438)) - Listener at 0.0.0.0:15051
2025-07-19 06:07:09,376 [Socket Reader #1 for port 15051] INFO  ipc.Server (Server.java:run(1474)) - Starting Socket Reader #1 for port 15051
2025-07-19 06:07:09,376 [Socket Reader #2 for port 15051] INFO  ipc.Server (Server.java:run(1474)) - Starting Socket Reader #2 for port 15051
2025-07-19 06:07:09,376 [Socket Reader #3 for port 15051] INFO  ipc.Server (Server.java:run(1474)) - Starting Socket Reader #3 for port 15051
2025-07-19 06:07:09,376 [Socket Reader #4 for port 15051] INFO  ipc.Server (Server.java:run(1474)) - Starting Socket Reader #4 for port 15051
2025-07-19 06:07:09,377 [Socket Reader #5 for port 15051] INFO  ipc.Server (Server.java:run(1474)) - Starting Socket Reader #5 for port 15051
2025-07-19 06:07:09,378 [Socket Reader #6 for port 15051] INFO  ipc.Server (Server.java:run(1474)) - Starting Socket Reader #6 for port 15051
2025-07-19 06:07:09,379 [Socket Reader #7 for port 15051] INFO  ipc.Server (Server.java:run(1474)) - Starting Socket Reader #7 for port 15051
2025-07-19 06:07:09,379 [Socket Reader #8 for port 15051] INFO  ipc.Server (Server.java:run(1474)) - Starting Socket Reader #8 for port 15051
2025-07-19 06:07:09,380 [Socket Reader #10 for port 15051] INFO  ipc.Server (Server.java:run(1474)) - Starting Socket Reader #10 for port 15051
2025-07-19 06:07:09,380 [Socket Reader #9 for port 15051] INFO  ipc.Server (Server.java:run(1474)) - Starting Socket Reader #9 for port 15051
2025-07-19 06:07:09,383 [main] INFO  ozone.HddsDatanodeService (HddsDatanodeService.java:start(333)) - Datanode start with admins: [admin, runner]
2025-07-19 06:07:09,383 [main] INFO  ozone.HddsDatanodeClientProtocolServer (HddsDatanodeClientProtocolServer.java:start(76)) - RPC server for Client /0.0.0.0:15051
2025-07-19 06:07:09,383 [IPC Server Responder] INFO  ipc.Server (Server.java:run(1713)) - IPC Server Responder: starting
2025-07-19 06:07:09,383 [IPC Server listener on 15051] INFO  ipc.Server (Server.java:run(1553)) - IPC Server listener on 15051: starting
2025-07-19 06:07:09,385 [main] WARN  dropwizard3.Dm3MetricRegistriesImpl (Dm3MetricRegistriesImpl.java:addReporterRegistration(114)) - New reporters are added after registries were created. Some metrics will be missing from the reporter. Please add reporter before adding any new registry.
2025-07-19 06:07:09,385 [main] WARN  dropwizard3.Dm3MetricRegistriesImpl (Dm3MetricRegistriesImpl.java:addReporterRegistration(114)) - New reporters are added after registries were created. Some metrics will be missing from the reporter. Please add reporter before adding any new registry.
2025-07-19 06:07:09,386 [main] INFO  impl.MetricsSystemImpl (MetricsSystemImpl.java:init(158)) - HddsDatanode metrics system started (again)
2025-07-19 06:07:09,388 [e80b39d0-2325-4ff7-b450-1b10ae88e746-DatanodeStateMachineDaemonThread] INFO  statemachine.DatanodeStateMachine (DatanodeStateMachine.java:startStateMachineThread(347)) - Ozone container server started.
2025-07-19 06:07:09,394 [e80b39d0-2325-4ff7-b450-1b10ae88e746-DatanodeStateMachineTaskThread-0] INFO  datanode.InitDatanodeState (InitDatanodeState.java:persistContainerDatanodeDetails(139)) - DatanodeDetails is persisted to /home/runner/work/ozone/ozone/hadoop-ozone/integration-test/target/test-dir/MiniOzoneClusterImpl-09c4c6e1-5ab0-4195-ac7b-5aec6defaa36/ozone-meta/datanode-6/meta/datanode.id
2025-07-19 06:07:09,406 [main] INFO  protocol.DatanodeDetails (DatanodeDetails.java:validateDatanodeIpAddress(199)) - Updating IP address of datanode 78917b03-a842-488e-9e7c-f00b43f4ecc3(localhost/null) to 127.0.0.1
2025-07-19 06:07:09,406 [main] INFO  ozone.HddsDatanodeService (HddsDatanodeService.java:start(236)) - HddsDatanodeService 78917b03-a842-488e-9e7c-f00b43f4ecc3(localhost/127.0.0.1)
2025-07-19 06:07:09,409 [main] INFO  upgrade.AbstractLayoutVersionManager (AbstractLayoutVersionManager.java:init(80)) - Initializing Layout version manager with metadata layout = HBASE_SUPPORT (version = 8), software layout = HBASE_SUPPORT (version = 8)
2025-07-19 06:07:09,410 [main] INFO  statemachine.DatanodeStateMachine (DatanodeStateMachine.java:getEndPointTaskThreadPoolSize(305)) - Datanode State Machine Task Thread Pool size 2
2025-07-19 06:07:09,412 [main] INFO  volume.HddsVolume (HddsVolume.java:<init>(162)) - HddsVolume: { id=DS-75b43405-1cd8-4461-939e-85a733607617 dir=/home/runner/work/ozone/ozone/hadoop-ozone/integration-test/target/test-dir/MiniOzoneClusterImpl-09c4c6e1-5ab0-4195-ac7b-5aec6defaa36/ozone-meta/datanode-7/data-0/hdds type=DISK capacity=9222449699674390527 used=0 available=9222449699674390527 minFree=9222450130714624 committed=0 }
2025-07-19 06:07:09,412 [main] INFO  volume.MutableVolumeSet (MutableVolumeSet.java:initializeVolumeSet(167)) - Added Volume : /home/runner/work/ozone/ozone/hadoop-ozone/integration-test/target/test-dir/MiniOzoneClusterImpl-09c4c6e1-5ab0-4195-ac7b-5aec6defaa36/ozone-meta/datanode-7/data-0/hdds to VolumeSet
2025-07-19 06:07:09,414 [main] INFO  volume.MutableVolumeSet (MutableVolumeSet.java:initializeVolumeSet(167)) - Added Volume : /home/runner/work/ozone/ozone/hadoop-ozone/integration-test/target/test-dir/MiniOzoneClusterImpl-09c4c6e1-5ab0-4195-ac7b-5aec6defaa36/ozone-meta/datanode-7/ratis to VolumeSet
2025-07-19 06:07:09,414 [main] INFO  ozoneimpl.OzoneContainer (HddsVolumeUtil.java:loadAllHddsVolumeDbStore(102)) - Load 1 volumes DbStore cost: 0ms
2025-07-19 06:07:09,415 [main] WARN  db.DBStoreBuilder (DBStoreBuilder.java:getDBDirPath(158)) - ozone.scm.datanode.id.dir is not configured. We recommend adding this setting. Falling back to ozone.metadata.dirs instead.
2025-07-19 06:07:09,415 [main] WARN  db.DBStoreBuilder (DBStoreBuilder.java:getDBDirPath(158)) - ozone.scm.datanode.id.dir is not configured. We recommend adding this setting. Falling back to ozone.metadata.dirs instead.
2025-07-19 06:07:09,425 [cfedd3f1-5d02-4847-a363-6f2972b00a97-EndpointStateMachineTaskThread-/0.0.0.0:15002-0 ] INFO  utils.DatanodeStoreCache (DatanodeStoreCache.java:addDB(70)) - Added db /home/runner/work/ozone/ozone/hadoop-ozone/integration-test/target/test-dir/MiniOzoneClusterImpl-09c4c6e1-5ab0-4195-ac7b-5aec6defaa36/ozone-meta/datanode-4/data-0/hdds/09c4c6e1-5ab0-4195-ac7b-5aec6defaa36/DS-f8a05fc0-7350-430f-950a-3f97f1603c5a/container.db to cache
2025-07-19 06:07:09,425 [cfedd3f1-5d02-4847-a363-6f2972b00a97-EndpointStateMachineTaskThread-/0.0.0.0:15002-0 ] INFO  volume.HddsVolume (HddsVolume.java:createDbStore(576)) - SchemaV3 db is created and loaded at /home/runner/work/ozone/ozone/hadoop-ozone/integration-test/target/test-dir/MiniOzoneClusterImpl-09c4c6e1-5ab0-4195-ac7b-5aec6defaa36/ozone-meta/datanode-4/data-0/hdds/09c4c6e1-5ab0-4195-ac7b-5aec6defaa36/DS-f8a05fc0-7350-430f-950a-3f97f1603c5a/container.db for volume DS-f8a05fc0-7350-430f-950a-3f97f1603c5a
2025-07-19 06:07:09,436 [cfedd3f1-5d02-4847-a363-6f2972b00a97-ContainerReader-0] INFO  ozoneimpl.ContainerReader (ContainerReader.java:readVolume(144)) - Start to verify containers on volume /home/runner/work/ozone/ozone/hadoop-ozone/integration-test/target/test-dir/MiniOzoneClusterImpl-09c4c6e1-5ab0-4195-ac7b-5aec6defaa36/ozone-meta/datanode-4/data-0/hdds
2025-07-19 06:07:09,437 [cfedd3f1-5d02-4847-a363-6f2972b00a97-ContainerReader-0] INFO  ozoneimpl.ContainerReader (ContainerReader.java:readVolume(174)) - Finish verifying containers on volume /home/runner/work/ozone/ozone/hadoop-ozone/integration-test/target/test-dir/MiniOzoneClusterImpl-09c4c6e1-5ab0-4195-ac7b-5aec6defaa36/ozone-meta/datanode-4/data-0/hdds
2025-07-19 06:07:09,437 [cfedd3f1-5d02-4847-a363-6f2972b00a97-EndpointStateMachineTaskThread-/0.0.0.0:15002-0 ] INFO  ozoneimpl.OzoneContainer (OzoneContainer.java:buildContainerSet(370)) - Build ContainerSet costs 0s
2025-07-19 06:07:09,437 [cfedd3f1-5d02-4847-a363-6f2972b00a97-EndpointStateMachineTaskThread-/0.0.0.0:15002-0 ] INFO  volume.ThrottledAsyncChecker (ThrottledAsyncChecker.java:schedule(138)) - Scheduling a check for /home/runner/work/ozone/ozone/hadoop-ozone/integration-test/target/test-dir/MiniOzoneClusterImpl-09c4c6e1-5ab0-4195-ac7b-5aec6defaa36/ozone-meta/datanode-4/data-0/hdds
2025-07-19 06:07:09,438 [cfedd3f1-5d02-4847-a363-6f2972b00a97-EndpointStateMachineTaskThread-/0.0.0.0:15002-0 ] INFO  volume.StorageVolumeChecker (StorageVolumeChecker.java:checkAllVolumes(231)) - Scheduled health check for volume /home/runner/work/ozone/ozone/hadoop-ozone/integration-test/target/test-dir/MiniOzoneClusterImpl-09c4c6e1-5ab0-4195-ac7b-5aec6defaa36/ozone-meta/datanode-4/data-0/hdds
2025-07-19 06:07:09,441 [cfedd3f1-5d02-4847-a363-6f2972b00a97-EndpointStateMachineTaskThread-/0.0.0.0:15002-0 ] INFO  volume.ThrottledAsyncChecker (ThrottledAsyncChecker.java:schedule(138)) - Scheduling a check for /home/runner/work/ozone/ozone/hadoop-ozone/integration-test/target/test-dir/MiniOzoneClusterImpl-09c4c6e1-5ab0-4195-ac7b-5aec6defaa36/ozone-meta/datanode-4/ratis
2025-07-19 06:07:09,441 [cfedd3f1-5d02-4847-a363-6f2972b00a97-EndpointStateMachineTaskThread-/0.0.0.0:15002-0 ] INFO  volume.StorageVolumeChecker (StorageVolumeChecker.java:checkAllVolumes(231)) - Scheduled health check for volume /home/runner/work/ozone/ozone/hadoop-ozone/integration-test/target/test-dir/MiniOzoneClusterImpl-09c4c6e1-5ab0-4195-ac7b-5aec6defaa36/ozone-meta/datanode-4/ratis
2025-07-19 06:07:09,442 [cfedd3f1-5d02-4847-a363-6f2972b00a97-EndpointStateMachineTaskThread-/0.0.0.0:15002-0 ] INFO  ozoneimpl.OzoneContainer (OzoneContainer.java:start(520)) - Attempting to start container services.
2025-07-19 06:07:09,443 [ContainerMetadataScanner] INFO  ozoneimpl.AbstractBackgroundContainerScanner (AbstractBackgroundContainerScanner.java:runIteration(89)) - Completed an iteration in 0 minutes. Number of iterations (since the data-node restart) : 1, Number of containers scanned in this iteration : 0, Number of unhealthy containers found in this iteration : 0
2025-07-19 06:07:09,444 [ContainerDataScanner(/home/runner/work/ozone/ozone/hadoop-ozone/integration-test/target/test-dir/MiniOzoneClusterImpl-09c4c6e1-5ab0-4195-ac7b-5aec6defaa36/ozone-meta/datanode-4/data-0/hdds)] INFO  ozoneimpl.AbstractBackgroundContainerScanner (AbstractBackgroundContainerScanner.java:runIteration(89)) - Completed an iteration in 0 minutes. Number of iterations (since the data-node restart) : 1, Number of containers scanned in this iteration : 0, Number of unhealthy containers found in this iteration : 0
2025-07-19 06:07:09,444 [cfedd3f1-5d02-4847-a363-6f2972b00a97-EndpointStateMachineTaskThread-/0.0.0.0:15002-0 ] INFO  replication.ReplicationServer (ReplicationServer.java:start(137)) - ReplicationServer is started using port 15041
2025-07-19 06:07:09,445 [cfedd3f1-5d02-4847-a363-6f2972b00a97-EndpointStateMachineTaskThread-/0.0.0.0:15002-0 ] INFO  ratis.XceiverServerRatis (XceiverServerRatis.java:start(559)) - Starting XceiverServerRatis(cfedd3f1-5d02-4847-a363-6f2972b00a97)
2025-07-19 06:07:09,445 [main] INFO  impl.FilePerChunkStrategy (FilePerChunkStrategy.java:<init>(79)) - ozone.chunk.read.mapped.buffer.max.count is load with 0
2025-07-19 06:07:09,445 [main] INFO  impl.FilePerBlockStrategy (FilePerBlockStrategy.java:<init>(88)) - ozone.chunk.read.mapped.buffer.max.count is load with 0
2025-07-19 06:07:09,446 [cfedd3f1-5d02-4847-a363-6f2972b00a97-EndpointStateMachineTaskThread-/0.0.0.0:15002-0 ] INFO  server.RaftServer (RaftServerProxy.java:startImpl(412)) - cfedd3f1-5d02-4847-a363-6f2972b00a97: start RPC server
2025-07-19 06:07:09,446 [main] INFO  server.RaftServerConfigKeys (ConfUtils.java:logGet(62)) - raft.server.log.appender.buffer.byte-limit = 33554432 (custom)
2025-07-19 06:07:09,447 [cfedd3f1-5d02-4847-a363-6f2972b00a97-EndpointStateMachineTaskThread-/0.0.0.0:15002-0 ] INFO  server.GrpcServicesImpl (GrpcServicesImpl.java:startImpl(346)) - cfedd3f1-5d02-4847-a363-6f2972b00a97: GrpcServicesImpl started, listening on 15037
2025-07-19 06:07:09,448 [main] INFO  grpc.GrpcConfigKeys (ConfUtils.java:logFallback(69)) - raft.grpc.admin.host = null (fallback to raft.grpc.server.host)
2025-07-19 06:07:09,449 [main] INFO  grpc.GrpcConfigKeys (ConfUtils.java:logGet(62)) - raft.grpc.admin.port = 15062 (custom)
2025-07-19 06:07:09,449 [main] INFO  grpc.GrpcConfigKeys (ConfUtils.java:logFallback(69)) - raft.grpc.client.host = null (fallback to raft.grpc.server.host)
2025-07-19 06:07:09,449 [main] INFO  grpc.GrpcConfigKeys (ConfUtils.java:logGet(62)) - raft.grpc.client.port = 15061 (custom)
2025-07-19 06:07:09,449 [main] INFO  grpc.GrpcConfigKeys (ConfUtils.java:logGet(62)) - raft.grpc.server.port = 15063 (custom)
2025-07-19 06:07:09,449 [main] INFO  server.GrpcServicesImpl (ConfUtils.java:logGet(62)) - raft.grpc.message.size.max = 34603008 (custom)
2025-07-19 06:07:09,449 [main] INFO  server.GrpcServicesImpl (ConfUtils.java:logGet(62)) - raft.grpc.flow.control.window = 5MB (=5242880) (custom)
2025-07-19 06:07:09,449 [cfedd3f1-5d02-4847-a363-6f2972b00a97-EndpointStateMachineTaskThread-/0.0.0.0:15002-0 ] INFO  server.GrpcServicesImpl (GrpcServicesImpl.java:startImpl(346)) - cfedd3f1-5d02-4847-a363-6f2972b00a97: GrpcServicesImpl started, listening on 15039
2025-07-19 06:07:09,449 [main] INFO  server.RaftServerConfigKeys (ConfUtils.java:logGet(62)) - raft.server.log.appender.buffer.byte-limit = 33554432 (custom)
2025-07-19 06:07:09,450 [cfedd3f1-5d02-4847-a363-6f2972b00a97-EndpointStateMachineTaskThread-/0.0.0.0:15002-0 ] INFO  server.GrpcServicesImpl (GrpcServicesImpl.java:startImpl(346)) - cfedd3f1-5d02-4847-a363-6f2972b00a97: GrpcServicesImpl started, listening on 15038
2025-07-19 06:07:09,451 [cfedd3f1-5d02-4847-a363-6f2972b00a97-EndpointStateMachineTaskThread-/0.0.0.0:15002-0 ] INFO  ratis.XceiverServerRatis (XceiverServerRatis.java:getRealPort(586)) - XceiverServerRatis(cfedd3f1-5d02-4847-a363-6f2972b00a97) is started using port RATIS=15037
2025-07-19 06:07:09,451 [cfedd3f1-5d02-4847-a363-6f2972b00a97-EndpointStateMachineTaskThread-/0.0.0.0:15002-0 ] INFO  ratis.XceiverServerRatis (XceiverServerRatis.java:getRealPort(586)) - XceiverServerRatis(cfedd3f1-5d02-4847-a363-6f2972b00a97) is started using port RATIS_ADMIN=15038
2025-07-19 06:07:09,451 [cfedd3f1-5d02-4847-a363-6f2972b00a97-EndpointStateMachineTaskThread-/0.0.0.0:15002-0 ] INFO  ratis.XceiverServerRatis (XceiverServerRatis.java:getRealPort(586)) - XceiverServerRatis(cfedd3f1-5d02-4847-a363-6f2972b00a97) is started using port RATIS_SERVER=15039
2025-07-19 06:07:09,451 [cfedd3f1-5d02-4847-a363-6f2972b00a97-EndpointStateMachineTaskThread-/0.0.0.0:15002-0 ] INFO  ratis.XceiverServerRatis (XceiverServerRatis.java:getRealPort(586)) - XceiverServerRatis(cfedd3f1-5d02-4847-a363-6f2972b00a97) is started using port RATIS_DATASTREAM=15040
2025-07-19 06:07:09,451 [JvmPauseMonitor6] INFO  util.JvmPauseMonitor (JvmPauseMonitor.java:run(146)) - JvmPauseMonitor-cfedd3f1-5d02-4847-a363-6f2972b00a97: Started
2025-07-19 06:07:09,452 [cfedd3f1-5d02-4847-a363-6f2972b00a97-EndpointStateMachineTaskThread-/0.0.0.0:15002-0 ] INFO  utils.BackgroundService (BackgroundService.java:start(118)) - Starting service BlockDeletingService with interval 60000 milliseconds
2025-07-19 06:07:09,452 [main] INFO  netty.NettyUtils (NettyUtils.java:newEventLoopGroup(74)) - Create EpollEventLoopGroup for 78917b03-a842-488e-9e7c-f00b43f4ecc3-NettyServerStreamRpc-bossGroup; Thread size is 0.
2025-07-19 06:07:09,452 [cfedd3f1-5d02-4847-a363-6f2972b00a97-EndpointStateMachineTaskThread-/0.0.0.0:15002-0 ] INFO  utils.BackgroundService (BackgroundService.java:start(118)) - Starting service StaleRecoveringContainerScrubbingService with interval 60000 milliseconds
2025-07-19 06:07:09,453 [main] INFO  netty.NettyUtils (NettyUtils.java:newEventLoopGroup(74)) - Create EpollEventLoopGroup for 78917b03-a842-488e-9e7c-f00b43f4ecc3-NettyServerStreamRpc-workerGroup; Thread size is 0.
2025-07-19 06:07:09,454 [main] INFO  netty.NettyConfigKeys$DataStream (ConfUtils.java:logGet(62)) - raft.netty.dataStream.port = 15064 (custom)
2025-07-19 06:07:09,454 [main] INFO  server.RaftServerConfigKeys (ConfUtils.java:logGet(62)) - raft.server.storage.dir = [/home/runner/work/ozone/ozone/hadoop-ozone/integration-test/target/test-dir/MiniOzoneClusterImpl-09c4c6e1-5ab0-4195-ac7b-5aec6defaa36/ozone-meta/datanode-7/ratis] (custom)
2025-07-19 06:07:09,455 [78917b03-a842-488e-9e7c-f00b43f4ecc3-NettyServerStreamRpc-bossGroup--thread1] INFO  logging.LoggingHandler (AbstractInternalLogger.java:log(148)) - [id: 0x3ec469fa] REGISTERED
2025-07-19 06:07:09,455 [78917b03-a842-488e-9e7c-f00b43f4ecc3-NettyServerStreamRpc-bossGroup--thread1] INFO  logging.LoggingHandler (AbstractInternalLogger.java:log(148)) - [id: 0x3ec469fa] BIND: 0.0.0.0/0.0.0.0:15064
2025-07-19 06:07:09,455 [78917b03-a842-488e-9e7c-f00b43f4ecc3-NettyServerStreamRpc-bossGroup--thread1] INFO  logging.LoggingHandler (AbstractInternalLogger.java:log(148)) - [id: 0x3ec469fa, L:/0.0.0.0:15064] ACTIVE
2025-07-19 06:07:09,455 [78917b03-a842-488e-9e7c-f00b43f4ecc3-impl-thread1] INFO  server.RaftServer (RaftServerProxy.java:initGroupDir(270)) - 78917b03-a842-488e-9e7c-f00b43f4ecc3: found a subdirectory /home/runner/work/ozone/ozone/hadoop-ozone/integration-test/target/test-dir/MiniOzoneClusterImpl-09c4c6e1-5ab0-4195-ac7b-5aec6defaa36/ozone-meta/datanode-7/ratis/tmp
2025-07-19 06:07:09,456 [78917b03-a842-488e-9e7c-f00b43f4ecc3-impl-thread1] INFO  server.RaftServer (RaftServerProxy.java:initGroupDir(275)) - 78917b03-a842-488e-9e7c-f00b43f4ecc3: The directory /home/runner/work/ozone/ozone/hadoop-ozone/integration-test/target/test-dir/MiniOzoneClusterImpl-09c4c6e1-5ab0-4195-ac7b-5aec6defaa36/ozone-meta/datanode-7/ratis/tmp is not a group directory; ignoring it. 
2025-07-19 06:07:09,464 [main] INFO  replication.ReplicationServer (ReplicationServer.java:<init>(84)) - Initializing replication server with thread count = 10 queue length = 4096
2025-07-19 06:07:09,467 [main] INFO  server.XceiverServerGrpc (XceiverServerGrpc.java:<init>(130)) - GrpcServer channel type EpollServerSocketChannel
2025-07-19 06:07:09,478 [main] INFO  replication.ReplicationSupervisor (ReplicationSupervisor.java:build(169)) - Initializing replication supervisor with thread count = 10
2025-07-19 06:07:09,478 [main] INFO  replication.ReplicationSupervisor (ReplicationSupervisor.java:nodeStateUpdated(358)) - Node state updated to IN_SERVICE, scaling executor pool size to 10
2025-07-19 06:07:09,485 [main] INFO  http.BaseHttpServer (BaseHttpServer.java:newHttpServer2BuilderForOzone(229)) - Starting Web-server for hddsDatanode at: http://0.0.0.0:15058
2025-07-19 06:07:09,485 [main] INFO  http.BaseHttpServer (BaseHttpServer.java:<init>(107)) - Hadoop Security Enabled: false Ozone Security Enabled: false Ozone HTTP Security Enabled: false 
2025-07-19 06:07:09,489 [main] WARN  server.AuthenticationFilter (AuthenticationFilter.java:constructSecretProvider(240)) - Unable to initialize FileSignerSecretProvider, falling back to use random secrets. Reason: Could not read signature secret file: /home/runner/hadoop-http-auth-signature-secret
2025-07-19 06:07:09,494 [main] INFO  http.HttpServer2 (HttpServer2.java:addGlobalFilter(1042)) - Added global filter 'safety' (class=org.apache.hadoop.hdds.server.http.HttpServer2$QuotingInputFilter)
2025-07-19 06:07:09,495 [main] INFO  http.HttpServer2 (HttpServer2.java:addFilter(1018)) - Added filter static_user_filter (class=org.apache.hadoop.http.lib.StaticUserWebFilter$StaticUserFilter) to context hddsDatanode
2025-07-19 06:07:09,495 [main] INFO  http.HttpServer2 (HttpServer2.java:addFilter(1026)) - Added filter static_user_filter (class=org.apache.hadoop.http.lib.StaticUserWebFilter$StaticUserFilter) to context static
2025-07-19 06:07:09,496 [main] INFO  http.HttpServer2 (HttpServer2.java:addFilter(1026)) - Added filter static_user_filter (class=org.apache.hadoop.http.lib.StaticUserWebFilter$StaticUserFilter) to context logs
2025-07-19 06:07:09,498 [main] INFO  http.BaseHttpServer (BaseHttpServer.java:<init>(195)) - HTTP server of hddsDatanode uses base directory /home/runner/work/ozone/ozone/hadoop-ozone/integration-test/target/test-dir/MiniOzoneClusterImpl-09c4c6e1-5ab0-4195-ac7b-5aec6defaa36/ozone-meta/datanode-7/meta/webserver
2025-07-19 06:07:09,498 [main] INFO  http.HttpServer2 (HttpServer2.java:bindListener(1242)) - Jetty bound to port 15058
2025-07-19 06:07:09,498 [main] INFO  server.Server (Server.java:doStart(375)) - jetty-9.4.57.v20241219; built: 2025-01-08T21:24:30.412Z; git: df524e6b29271c2e09ba9aea83c18dc9db464a31; jvm 21.0.7+6-LTS
2025-07-19 06:07:09,501 [main] INFO  server.session (DefaultSessionIdManager.java:doStart(334)) - DefaultSessionIdManager workerName=node0
2025-07-19 06:07:09,501 [main] INFO  server.session (DefaultSessionIdManager.java:doStart(339)) - No SessionScavenger set, using defaults
2025-07-19 06:07:09,501 [main] INFO  server.session (HouseKeeper.java:startScavenging(132)) - node0 Scavenging every 600000ms
2025-07-19 06:07:09,503 [main] INFO  handler.ContextHandler (ContextHandler.java:doStart(921)) - Started o.e.j.s.ServletContextHandler@342daa77{logs,/logs,file:///home/runner/work/ozone/ozone/hadoop-ozone/integration-test/target/log,AVAILABLE}
2025-07-19 06:07:09,503 [main] INFO  handler.ContextHandler (ContextHandler.java:doStart(921)) - Started o.e.j.s.ServletContextHandler@7440b783{static,/static,jar:file:/home/runner/work/ozone/ozone/hadoop-hdds/container-service/target/hdds-container-service-2.1.0-SNAPSHOT.jar!/webapps/static,AVAILABLE}
2025-07-19 06:07:09,587 [EventQueue-PipelineReportForOneReplicaPipelineSafeModeRule] INFO  safemode.SCMSafeModeManager (SCMSafeModeManager.java:validateSafeModeExitRules(138)) - AtleastOneDatanodeReportedRule rule is successfully validated
2025-07-19 06:07:09,589 [IPC Server handler 5 on default port 15002] INFO  net.NetworkTopologyImpl (NetworkTopologyImpl.java:add(133)) - Added a new node: /default-rack/86838f6f-3dde-42b5-b01a-58c95bf80430
2025-07-19 06:07:09,589 [IPC Server handler 5 on default port 15002] INFO  node.SCMNodeManager (SCMNodeManager.java:register(423)) - Registered datanode: 86838f6f-3dde-42b5-b01a-58c95bf80430{ip: 127.0.0.1, host: localhost, ports: [HTTP=15026, CLIENT_RPC=15027, REPLICATION=15033, RATIS=15029, RATIS_ADMIN=15030, RATIS_SERVER=15031, RATIS_DATASTREAM=15032, STANDALONE=15028], networkLocation: /default-rack, certSerialId: null, persistedOpState: null, persistedOpStateExpiryEpochSec: 0}
2025-07-19 06:07:09,590 [EventQueue-NodeRegistrationContainerReportForDataNodeSafeModeRule] INFO  safemode.SCMSafeModeManager (DataNodeSafeModeRule.java:process(80)) - SCM in safe mode. 3 DataNodes registered, 3 required.
2025-07-19 06:07:09,590 [EventQueue-NodeRegistrationContainerReportForDataNodeSafeModeRule] INFO  safemode.SCMSafeModeManager (SCMSafeModeManager.java:validateSafeModeExitRules(138)) - DataNodeSafeModeRule rule is successfully validated
2025-07-19 06:07:09,590 [EventQueue-NodeRegistrationContainerReportForDataNodeSafeModeRule] INFO  safemode.SCMSafeModeManager (SCMSafeModeManager.java:validateSafeModeExitRules(151)) - All SCM safe mode pre check rules have passed
2025-07-19 06:07:09,590 [EventQueue-NodeRegistrationContainerReportForDataNodeSafeModeRule] INFO  ha.SCMContext (SCMContext.java:updateSafeModeStatus(224)) - Update SafeModeStatus from SafeModeStatus{safeModeStatus=true, preCheckPassed=false} to SafeModeStatus{safeModeStatus=true, preCheckPassed=true}.
2025-07-19 06:07:09,590 [EventQueue-NodeRegistrationContainerReportForDataNodeSafeModeRule] INFO  pipeline.BackgroundPipelineCreator (BackgroundPipelineCreator.java:notifyEventTriggered(290)) - trigger a one-shot run on RatisPipelineUtilsThread.
2025-07-19 06:07:09,590 [EventQueue-NewNodeForNewNodeHandler] INFO  pipeline.BackgroundPipelineCreator (BackgroundPipelineCreator.java:notifyEventTriggered(290)) - trigger a one-shot run on RatisPipelineUtilsThread.
2025-07-19 06:07:09,590 [EventQueue-ContainerRegistrationReportForRatisContainerSafeModeRule] INFO  safemode.SCMSafeModeManager (SCMSafeModeManager.java:validateSafeModeExitRules(138)) - RatisContainerSafeModeRule rule is successfully validated
2025-07-19 06:07:09,591 [EventQueue-ContainerRegistrationReportForECContainerSafeModeRule] INFO  safemode.SCMSafeModeManager (SCMSafeModeManager.java:validateSafeModeExitRules(138)) - ECContainerSafeModeRule rule is successfully validated
2025-07-19 06:07:09,591 [RatisPipelineUtilsThread-0] INFO  pipeline.RatisPipelineProvider (RatisPipelineProvider.java:lambda$create$0(208)) - Sending CreatePipelineCommand for pipeline:Pipeline-9cef7c10-6f5a-4f22-93de-975cf7110fa0 to datanode:86838f6f-3dde-42b5-b01a-58c95bf80430(localhost/127.0.0.1)
2025-07-19 06:07:09,592 [EventQueue-PipelineReportForOneReplicaPipelineSafeModeRule] INFO  safemode.SCMSafeModeManager (SCMSafeModeManager.java:validateSafeModeExitRules(138)) - AtleastOneDatanodeReportedRule rule is successfully validated
2025-07-19 06:07:09,596 [885623d6-9da4-492b-a87d-998872f93ab6@group-5AEC6DEFAA36-StateMachineUpdater] INFO  safemode.SCMSafeModeManager (SCMSafeModeManager.java:validateSafeModeExitRules(138)) - DataNodeSafeModeRule rule is successfully validated
2025-07-19 06:07:09,596 [885623d6-9da4-492b-a87d-998872f93ab6@group-5AEC6DEFAA36-StateMachineUpdater] INFO  safemode.SCMSafeModeManager (SCMSafeModeManager.java:validateSafeModeExitRules(138)) - RatisContainerSafeModeRule rule is successfully validated
2025-07-19 06:07:09,596 [885623d6-9da4-492b-a87d-998872f93ab6@group-5AEC6DEFAA36-StateMachineUpdater] INFO  safemode.HealthyPipelineSafeModeRule (HealthyPipelineSafeModeRule.java:initializeRule(228)) - Refreshed total pipeline count is 0, healthy pipeline threshold count is 1
2025-07-19 06:07:09,597 [885623d6-9da4-492b-a87d-998872f93ab6@group-5AEC6DEFAA36-StateMachineUpdater] INFO  safemode.SCMSafeModeManager (SCMSafeModeManager.java:validateSafeModeExitRules(138)) - ECContainerSafeModeRule rule is successfully validated
2025-07-19 06:07:09,597 [885623d6-9da4-492b-a87d-998872f93ab6@group-5AEC6DEFAA36-StateMachineUpdater] INFO  safemode.SCMSafeModeManager (SCMSafeModeManager.java:validateSafeModeExitRules(138)) - AtleastOneDatanodeReportedRule rule is successfully validated
2025-07-19 06:07:09,597 [RatisPipelineUtilsThread-0] INFO  pipeline.BackgroundPipelineCreator (BackgroundPipelineCreator.java:createPipelines(246)) - Created new pipeline Pipeline{ Id: 9cef7c10-6f5a-4f22-93de-975cf7110fa0, Nodes: [ {86838f6f-3dde-42b5-b01a-58c95bf80430(localhost/127.0.0.1), ReplicaIndex: 0},], ReplicationConfig: RATIS/ONE, State:ALLOCATED, leaderId:, CreationTimestamp2025-07-19T06:07:09.591264354Z[Etc/UTC]}
2025-07-19 06:07:09,602 [RatisPipelineUtilsThread-0] INFO  pipeline.RatisPipelineProvider (RatisPipelineProvider.java:lambda$create$0(208)) - Sending CreatePipelineCommand for pipeline:Pipeline-a1dcb70a-c8f9-4212-ac4f-0132fe54e6cf to datanode:86838f6f-3dde-42b5-b01a-58c95bf80430(localhost/127.0.0.1)
2025-07-19 06:07:09,602 [RatisPipelineUtilsThread-0] INFO  pipeline.RatisPipelineProvider (RatisPipelineProvider.java:lambda$create$0(208)) - Sending CreatePipelineCommand for pipeline:Pipeline-a1dcb70a-c8f9-4212-ac4f-0132fe54e6cf to datanode:aa0cb613-fc94-4131-90ab-17bcd78458c4(localhost/127.0.0.1)
2025-07-19 06:07:09,603 [RatisPipelineUtilsThread-0] INFO  pipeline.RatisPipelineProvider (RatisPipelineProvider.java:lambda$create$0(208)) - Sending CreatePipelineCommand for pipeline:Pipeline-a1dcb70a-c8f9-4212-ac4f-0132fe54e6cf to datanode:7e15f5a0-0f8f-4a50-92e4-d2f5038b0085(localhost/127.0.0.1)
2025-07-19 06:07:09,610 [885623d6-9da4-492b-a87d-998872f93ab6@group-5AEC6DEFAA36-StateMachineUpdater] INFO  safemode.SCMSafeModeManager (SCMSafeModeManager.java:validateSafeModeExitRules(138)) - DataNodeSafeModeRule rule is successfully validated
2025-07-19 06:07:09,610 [885623d6-9da4-492b-a87d-998872f93ab6@group-5AEC6DEFAA36-StateMachineUpdater] INFO  safemode.SCMSafeModeManager (SCMSafeModeManager.java:validateSafeModeExitRules(138)) - RatisContainerSafeModeRule rule is successfully validated
2025-07-19 06:07:09,611 [885623d6-9da4-492b-a87d-998872f93ab6@group-5AEC6DEFAA36-StateMachineUpdater] INFO  safemode.HealthyPipelineSafeModeRule (HealthyPipelineSafeModeRule.java:initializeRule(228)) - Refreshed total pipeline count is 0, healthy pipeline threshold count is 1
2025-07-19 06:07:09,612 [885623d6-9da4-492b-a87d-998872f93ab6@group-5AEC6DEFAA36-StateMachineUpdater] INFO  safemode.SCMSafeModeManager (SCMSafeModeManager.java:validateSafeModeExitRules(138)) - ECContainerSafeModeRule rule is successfully validated
2025-07-19 06:07:09,612 [885623d6-9da4-492b-a87d-998872f93ab6@group-5AEC6DEFAA36-StateMachineUpdater] INFO  safemode.SCMSafeModeManager (SCMSafeModeManager.java:validateSafeModeExitRules(138)) - AtleastOneDatanodeReportedRule rule is successfully validated
2025-07-19 06:07:09,613 [RatisPipelineUtilsThread-0] INFO  pipeline.BackgroundPipelineCreator (BackgroundPipelineCreator.java:createPipelines(246)) - Created new pipeline Pipeline{ Id: a1dcb70a-c8f9-4212-ac4f-0132fe54e6cf, Nodes: [ {86838f6f-3dde-42b5-b01a-58c95bf80430(localhost/127.0.0.1), ReplicaIndex: 0}, {aa0cb613-fc94-4131-90ab-17bcd78458c4(localhost/127.0.0.1), ReplicaIndex: 0}, {7e15f5a0-0f8f-4a50-92e4-d2f5038b0085(localhost/127.0.0.1), ReplicaIndex: 0},], ReplicationConfig: RATIS/THREE, State:ALLOCATED, leaderId:, CreationTimestamp2025-07-19T06:07:09.602301489Z[Etc/UTC]}
2025-07-19 06:07:09,616 [RatisPipelineUtilsThread-0] INFO  pipeline.RatisPipelineProvider (RatisPipelineProvider.java:lambda$create$0(208)) - Sending CreatePipelineCommand for pipeline:Pipeline-8087f958-22a4-4a04-9a20-8039453f51c4 to datanode:aa0cb613-fc94-4131-90ab-17bcd78458c4(localhost/127.0.0.1)
2025-07-19 06:07:09,616 [RatisPipelineUtilsThread-0] INFO  pipeline.RatisPipelineProvider (RatisPipelineProvider.java:lambda$create$0(208)) - Sending CreatePipelineCommand for pipeline:Pipeline-8087f958-22a4-4a04-9a20-8039453f51c4 to datanode:7e15f5a0-0f8f-4a50-92e4-d2f5038b0085(localhost/127.0.0.1)
2025-07-19 06:07:09,616 [RatisPipelineUtilsThread-0] INFO  pipeline.RatisPipelineProvider (RatisPipelineProvider.java:lambda$create$0(208)) - Sending CreatePipelineCommand for pipeline:Pipeline-8087f958-22a4-4a04-9a20-8039453f51c4 to datanode:86838f6f-3dde-42b5-b01a-58c95bf80430(localhost/127.0.0.1)
2025-07-19 06:07:09,622 [885623d6-9da4-492b-a87d-998872f93ab6@group-5AEC6DEFAA36-StateMachineUpdater] INFO  safemode.SCMSafeModeManager (SCMSafeModeManager.java:validateSafeModeExitRules(138)) - DataNodeSafeModeRule rule is successfully validated
2025-07-19 06:07:09,622 [885623d6-9da4-492b-a87d-998872f93ab6@group-5AEC6DEFAA36-StateMachineUpdater] INFO  safemode.SCMSafeModeManager (SCMSafeModeManager.java:validateSafeModeExitRules(138)) - RatisContainerSafeModeRule rule is successfully validated
2025-07-19 06:07:09,622 [885623d6-9da4-492b-a87d-998872f93ab6@group-5AEC6DEFAA36-StateMachineUpdater] INFO  safemode.HealthyPipelineSafeModeRule (HealthyPipelineSafeModeRule.java:initializeRule(228)) - Refreshed total pipeline count is 0, healthy pipeline threshold count is 1
2025-07-19 06:07:09,624 [885623d6-9da4-492b-a87d-998872f93ab6@group-5AEC6DEFAA36-StateMachineUpdater] INFO  safemode.SCMSafeModeManager (SCMSafeModeManager.java:validateSafeModeExitRules(138)) - ECContainerSafeModeRule rule is successfully validated
2025-07-19 06:07:09,624 [885623d6-9da4-492b-a87d-998872f93ab6@group-5AEC6DEFAA36-StateMachineUpdater] INFO  safemode.SCMSafeModeManager (SCMSafeModeManager.java:validateSafeModeExitRules(138)) - AtleastOneDatanodeReportedRule rule is successfully validated
2025-07-19 06:07:09,625 [RatisPipelineUtilsThread-0] INFO  pipeline.PipelineManagerImpl (PipelineManagerImpl.java:recordMetricsForPipeline(922)) - Pipeline-8087f958-22a4-4a04-9a20-8039453f51c4 and Pipeline-a1dcb70a-c8f9-4212-ac4f-0132fe54e6cf have exactly the same set of datanodes: [aa0cb613-fc94-4131-90ab-17bcd78458c4(localhost/127.0.0.1), 7e15f5a0-0f8f-4a50-92e4-d2f5038b0085(localhost/127.0.0.1), 86838f6f-3dde-42b5-b01a-58c95bf80430(localhost/127.0.0.1)]
2025-07-19 06:07:09,626 [RatisPipelineUtilsThread-0] INFO  pipeline.BackgroundPipelineCreator (BackgroundPipelineCreator.java:createPipelines(246)) - Created new pipeline Pipeline{ Id: 8087f958-22a4-4a04-9a20-8039453f51c4, Nodes: [ {aa0cb613-fc94-4131-90ab-17bcd78458c4(localhost/127.0.0.1), ReplicaIndex: 0}, {7e15f5a0-0f8f-4a50-92e4-d2f5038b0085(localhost/127.0.0.1), ReplicaIndex: 0}, {86838f6f-3dde-42b5-b01a-58c95bf80430(localhost/127.0.0.1), ReplicaIndex: 0},], ReplicationConfig: RATIS/THREE, State:ALLOCATED, leaderId:, CreationTimestamp2025-07-19T06:07:09.616107941Z[Etc/UTC]}
2025-07-19 06:07:09,690 [main] INFO  handler.ContextHandler (ContextHandler.java:doStart(921)) - Started o.e.j.w.WebAppContext@7541dbee{hddsDatanode,/,file:///home/runner/work/ozone/ozone/hadoop-ozone/integration-test/target/test-dir/MiniOzoneClusterImpl-09c4c6e1-5ab0-4195-ac7b-5aec6defaa36/ozone-meta/datanode-7/meta/webserver/jetty-0_0_0_0-15058-hdds-container-service-2_1_0-SNAPSHOT_jar-_-any-16338203811191094170/webapp/,AVAILABLE}{jar:file:/home/runner/work/ozone/ozone/hadoop-hdds/container-service/target/hdds-container-service-2.1.0-SNAPSHOT.jar!/webapps/hddsDatanode}
2025-07-19 06:07:09,691 [main] INFO  server.AbstractConnector (AbstractConnector.java:doStart(333)) - Started ServerConnector@2c2a8c3d{HTTP/1.1, (http/1.1)}{0.0.0.0:15058}
2025-07-19 06:07:09,691 [main] INFO  server.Server (Server.java:doStart(415)) - Started @13247ms
2025-07-19 06:07:09,691 [main] WARN  impl.MetricsSystemImpl (MetricsSystemImpl.java:register(279)) - Sink prometheus already exists!
2025-07-19 06:07:09,692 [main] INFO  http.BaseHttpServer (BaseHttpServer.java:updateConnectorAddress(359)) - HTTP server of hddsDatanode listening at http://localhost:15058
2025-07-19 06:07:09,692 [main] INFO  ipc.CallQueueManager (CallQueueManager.java:<init>(93)) - Using callQueue: class java.util.concurrent.LinkedBlockingQueue, queueCapacity: 1000, scheduler: class org.apache.hadoop.ipc.DefaultRpcScheduler, ipcBackoff: false, ipcFailOver: false.
2025-07-19 06:07:09,693 [main] INFO  ipc.Server (Server.java:<init>(1438)) - Listener at 0.0.0.0:15059
2025-07-19 06:07:09,693 [Socket Reader #1 for port 15059] INFO  ipc.Server (Server.java:run(1474)) - Starting Socket Reader #1 for port 15059
2025-07-19 06:07:09,694 [Socket Reader #2 for port 15059] INFO  ipc.Server (Server.java:run(1474)) - Starting Socket Reader #2 for port 15059
2025-07-19 06:07:09,694 [Socket Reader #3 for port 15059] INFO  ipc.Server (Server.java:run(1474)) - Starting Socket Reader #3 for port 15059
2025-07-19 06:07:09,694 [Socket Reader #4 for port 15059] INFO  ipc.Server (Server.java:run(1474)) - Starting Socket Reader #4 for port 15059
2025-07-19 06:07:09,695 [Socket Reader #5 for port 15059] INFO  ipc.Server (Server.java:run(1474)) - Starting Socket Reader #5 for port 15059
2025-07-19 06:07:09,695 [Socket Reader #6 for port 15059] INFO  ipc.Server (Server.java:run(1474)) - Starting Socket Reader #6 for port 15059
2025-07-19 06:07:09,695 [Socket Reader #7 for port 15059] INFO  ipc.Server (Server.java:run(1474)) - Starting Socket Reader #7 for port 15059
2025-07-19 06:07:09,696 [Socket Reader #8 for port 15059] INFO  ipc.Server (Server.java:run(1474)) - Starting Socket Reader #8 for port 15059
2025-07-19 06:07:09,697 [Socket Reader #10 for port 15059] INFO  ipc.Server (Server.java:run(1474)) - Starting Socket Reader #10 for port 15059
2025-07-19 06:07:09,697 [Socket Reader #9 for port 15059] INFO  ipc.Server (Server.java:run(1474)) - Starting Socket Reader #9 for port 15059
2025-07-19 06:07:09,701 [main] INFO  ozone.HddsDatanodeService (HddsDatanodeService.java:start(333)) - Datanode start with admins: [admin, runner]
2025-07-19 06:07:09,701 [main] INFO  ozone.HddsDatanodeClientProtocolServer (HddsDatanodeClientProtocolServer.java:start(76)) - RPC server for Client /0.0.0.0:15059
2025-07-19 06:07:09,702 [IPC Server Responder] INFO  ipc.Server (Server.java:run(1713)) - IPC Server Responder: starting
2025-07-19 06:07:09,702 [IPC Server listener on 15059] INFO  ipc.Server (Server.java:run(1553)) - IPC Server listener on 15059: starting
2025-07-19 06:07:09,704 [main] WARN  dropwizard3.Dm3MetricRegistriesImpl (Dm3MetricRegistriesImpl.java:addReporterRegistration(114)) - New reporters are added after registries were created. Some metrics will be missing from the reporter. Please add reporter before adding any new registry.
2025-07-19 06:07:09,705 [main] WARN  dropwizard3.Dm3MetricRegistriesImpl (Dm3MetricRegistriesImpl.java:addReporterRegistration(114)) - New reporters are added after registries were created. Some metrics will be missing from the reporter. Please add reporter before adding any new registry.
2025-07-19 06:07:09,705 [main] INFO  impl.MetricsSystemImpl (MetricsSystemImpl.java:init(158)) - HddsDatanode metrics system started (again)
2025-07-19 06:07:09,710 [78917b03-a842-488e-9e7c-f00b43f4ecc3-DatanodeStateMachineDaemonThread] INFO  statemachine.DatanodeStateMachine (DatanodeStateMachine.java:startStateMachineThread(347)) - Ozone container server started.
2025-07-19 06:07:09,713 [d1f2401f-ce3c-4cd7-b613-e85afa8c39c7-EndpointStateMachineTaskThread-/0.0.0.0:15002-0 ] INFO  utils.DatanodeStoreCache (DatanodeStoreCache.java:addDB(70)) - Added db /home/runner/work/ozone/ozone/hadoop-ozone/integration-test/target/test-dir/MiniOzoneClusterImpl-09c4c6e1-5ab0-4195-ac7b-5aec6defaa36/ozone-meta/datanode-5/data-0/hdds/09c4c6e1-5ab0-4195-ac7b-5aec6defaa36/DS-cf117771-2d4b-4638-8c25-ef8af87d97b0/container.db to cache
2025-07-19 06:07:09,713 [d1f2401f-ce3c-4cd7-b613-e85afa8c39c7-EndpointStateMachineTaskThread-/0.0.0.0:15002-0 ] INFO  volume.HddsVolume (HddsVolume.java:createDbStore(576)) - SchemaV3 db is created and loaded at /home/runner/work/ozone/ozone/hadoop-ozone/integration-test/target/test-dir/MiniOzoneClusterImpl-09c4c6e1-5ab0-4195-ac7b-5aec6defaa36/ozone-meta/datanode-5/data-0/hdds/09c4c6e1-5ab0-4195-ac7b-5aec6defaa36/DS-cf117771-2d4b-4638-8c25-ef8af87d97b0/container.db for volume DS-cf117771-2d4b-4638-8c25-ef8af87d97b0
2025-07-19 06:07:09,717 [d1f2401f-ce3c-4cd7-b613-e85afa8c39c7-ContainerReader-0] INFO  ozoneimpl.ContainerReader (ContainerReader.java:readVolume(144)) - Start to verify containers on volume /home/runner/work/ozone/ozone/hadoop-ozone/integration-test/target/test-dir/MiniOzoneClusterImpl-09c4c6e1-5ab0-4195-ac7b-5aec6defaa36/ozone-meta/datanode-5/data-0/hdds
2025-07-19 06:07:09,717 [d1f2401f-ce3c-4cd7-b613-e85afa8c39c7-ContainerReader-0] INFO  ozoneimpl.ContainerReader (ContainerReader.java:readVolume(174)) - Finish verifying containers on volume /home/runner/work/ozone/ozone/hadoop-ozone/integration-test/target/test-dir/MiniOzoneClusterImpl-09c4c6e1-5ab0-4195-ac7b-5aec6defaa36/ozone-meta/datanode-5/data-0/hdds
2025-07-19 06:07:09,717 [78917b03-a842-488e-9e7c-f00b43f4ecc3-DatanodeStateMachineTaskThread-0] INFO  datanode.InitDatanodeState (InitDatanodeState.java:persistContainerDatanodeDetails(139)) - DatanodeDetails is persisted to /home/runner/work/ozone/ozone/hadoop-ozone/integration-test/target/test-dir/MiniOzoneClusterImpl-09c4c6e1-5ab0-4195-ac7b-5aec6defaa36/ozone-meta/datanode-7/meta/datanode.id
2025-07-19 06:07:09,718 [d1f2401f-ce3c-4cd7-b613-e85afa8c39c7-EndpointStateMachineTaskThread-/0.0.0.0:15002-0 ] INFO  ozoneimpl.OzoneContainer (OzoneContainer.java:buildContainerSet(370)) - Build ContainerSet costs 0s
2025-07-19 06:07:09,718 [d1f2401f-ce3c-4cd7-b613-e85afa8c39c7-EndpointStateMachineTaskThread-/0.0.0.0:15002-0 ] INFO  volume.ThrottledAsyncChecker (ThrottledAsyncChecker.java:schedule(138)) - Scheduling a check for /home/runner/work/ozone/ozone/hadoop-ozone/integration-test/target/test-dir/MiniOzoneClusterImpl-09c4c6e1-5ab0-4195-ac7b-5aec6defaa36/ozone-meta/datanode-5/data-0/hdds
2025-07-19 06:07:09,719 [d1f2401f-ce3c-4cd7-b613-e85afa8c39c7-EndpointStateMachineTaskThread-/0.0.0.0:15002-0 ] INFO  volume.StorageVolumeChecker (StorageVolumeChecker.java:checkAllVolumes(231)) - Scheduled health check for volume /home/runner/work/ozone/ozone/hadoop-ozone/integration-test/target/test-dir/MiniOzoneClusterImpl-09c4c6e1-5ab0-4195-ac7b-5aec6defaa36/ozone-meta/datanode-5/data-0/hdds
2025-07-19 06:07:09,722 [d1f2401f-ce3c-4cd7-b613-e85afa8c39c7-EndpointStateMachineTaskThread-/0.0.0.0:15002-0 ] INFO  volume.ThrottledAsyncChecker (ThrottledAsyncChecker.java:schedule(138)) - Scheduling a check for /home/runner/work/ozone/ozone/hadoop-ozone/integration-test/target/test-dir/MiniOzoneClusterImpl-09c4c6e1-5ab0-4195-ac7b-5aec6defaa36/ozone-meta/datanode-5/ratis
2025-07-19 06:07:09,723 [d1f2401f-ce3c-4cd7-b613-e85afa8c39c7-EndpointStateMachineTaskThread-/0.0.0.0:15002-0 ] INFO  volume.StorageVolumeChecker (StorageVolumeChecker.java:checkAllVolumes(231)) - Scheduled health check for volume /home/runner/work/ozone/ozone/hadoop-ozone/integration-test/target/test-dir/MiniOzoneClusterImpl-09c4c6e1-5ab0-4195-ac7b-5aec6defaa36/ozone-meta/datanode-5/ratis
2025-07-19 06:07:09,724 [d1f2401f-ce3c-4cd7-b613-e85afa8c39c7-EndpointStateMachineTaskThread-/0.0.0.0:15002-0 ] INFO  ozoneimpl.OzoneContainer (OzoneContainer.java:start(520)) - Attempting to start container services.
2025-07-19 06:07:09,724 [ContainerMetadataScanner] INFO  ozoneimpl.AbstractBackgroundContainerScanner (AbstractBackgroundContainerScanner.java:runIteration(89)) - Completed an iteration in 0 minutes. Number of iterations (since the data-node restart) : 1, Number of containers scanned in this iteration : 0, Number of unhealthy containers found in this iteration : 0
2025-07-19 06:07:09,725 [ContainerDataScanner(/home/runner/work/ozone/ozone/hadoop-ozone/integration-test/target/test-dir/MiniOzoneClusterImpl-09c4c6e1-5ab0-4195-ac7b-5aec6defaa36/ozone-meta/datanode-5/data-0/hdds)] INFO  ozoneimpl.AbstractBackgroundContainerScanner (AbstractBackgroundContainerScanner.java:runIteration(89)) - Completed an iteration in 0 minutes. Number of iterations (since the data-node restart) : 1, Number of containers scanned in this iteration : 0, Number of unhealthy containers found in this iteration : 0
2025-07-19 06:07:09,726 [d1f2401f-ce3c-4cd7-b613-e85afa8c39c7-EndpointStateMachineTaskThread-/0.0.0.0:15002-0 ] INFO  replication.ReplicationServer (ReplicationServer.java:start(137)) - ReplicationServer is started using port 15049
2025-07-19 06:07:09,726 [d1f2401f-ce3c-4cd7-b613-e85afa8c39c7-EndpointStateMachineTaskThread-/0.0.0.0:15002-0 ] INFO  ratis.XceiverServerRatis (XceiverServerRatis.java:start(559)) - Starting XceiverServerRatis(d1f2401f-ce3c-4cd7-b613-e85afa8c39c7)
2025-07-19 06:07:09,727 [d1f2401f-ce3c-4cd7-b613-e85afa8c39c7-EndpointStateMachineTaskThread-/0.0.0.0:15002-0 ] INFO  server.RaftServer (RaftServerProxy.java:startImpl(412)) - d1f2401f-ce3c-4cd7-b613-e85afa8c39c7: start RPC server
2025-07-19 06:07:09,728 [d1f2401f-ce3c-4cd7-b613-e85afa8c39c7-EndpointStateMachineTaskThread-/0.0.0.0:15002-0 ] INFO  server.GrpcServicesImpl (GrpcServicesImpl.java:startImpl(346)) - d1f2401f-ce3c-4cd7-b613-e85afa8c39c7: GrpcServicesImpl started, listening on 15045
2025-07-19 06:07:09,728 [d1f2401f-ce3c-4cd7-b613-e85afa8c39c7-EndpointStateMachineTaskThread-/0.0.0.0:15002-0 ] INFO  server.GrpcServicesImpl (GrpcServicesImpl.java:startImpl(346)) - d1f2401f-ce3c-4cd7-b613-e85afa8c39c7: GrpcServicesImpl started, listening on 15047
2025-07-19 06:07:09,729 [d1f2401f-ce3c-4cd7-b613-e85afa8c39c7-EndpointStateMachineTaskThread-/0.0.0.0:15002-0 ] INFO  server.GrpcServicesImpl (GrpcServicesImpl.java:startImpl(346)) - d1f2401f-ce3c-4cd7-b613-e85afa8c39c7: GrpcServicesImpl started, listening on 15046
2025-07-19 06:07:09,730 [d1f2401f-ce3c-4cd7-b613-e85afa8c39c7-EndpointStateMachineTaskThread-/0.0.0.0:15002-0 ] INFO  ratis.XceiverServerRatis (XceiverServerRatis.java:getRealPort(586)) - XceiverServerRatis(d1f2401f-ce3c-4cd7-b613-e85afa8c39c7) is started using port RATIS=15045
2025-07-19 06:07:09,730 [d1f2401f-ce3c-4cd7-b613-e85afa8c39c7-EndpointStateMachineTaskThread-/0.0.0.0:15002-0 ] INFO  ratis.XceiverServerRatis (XceiverServerRatis.java:getRealPort(586)) - XceiverServerRatis(d1f2401f-ce3c-4cd7-b613-e85afa8c39c7) is started using port RATIS_ADMIN=15046
2025-07-19 06:07:09,730 [d1f2401f-ce3c-4cd7-b613-e85afa8c39c7-EndpointStateMachineTaskThread-/0.0.0.0:15002-0 ] INFO  ratis.XceiverServerRatis (XceiverServerRatis.java:getRealPort(586)) - XceiverServerRatis(d1f2401f-ce3c-4cd7-b613-e85afa8c39c7) is started using port RATIS_SERVER=15047
2025-07-19 06:07:09,730 [d1f2401f-ce3c-4cd7-b613-e85afa8c39c7-EndpointStateMachineTaskThread-/0.0.0.0:15002-0 ] INFO  ratis.XceiverServerRatis (XceiverServerRatis.java:getRealPort(586)) - XceiverServerRatis(d1f2401f-ce3c-4cd7-b613-e85afa8c39c7) is started using port RATIS_DATASTREAM=15048
2025-07-19 06:07:09,730 [main] INFO  protocol.DatanodeDetails (DatanodeDetails.java:validateDatanodeIpAddress(199)) - Updating IP address of datanode e6deb990-2c6c-4f88-aa04-2e44b30659d5(localhost/null) to 127.0.0.1
2025-07-19 06:07:09,730 [main] INFO  ozone.HddsDatanodeService (HddsDatanodeService.java:start(236)) - HddsDatanodeService e6deb990-2c6c-4f88-aa04-2e44b30659d5(localhost/127.0.0.1)
2025-07-19 06:07:09,730 [JvmPauseMonitor7] INFO  util.JvmPauseMonitor (JvmPauseMonitor.java:run(146)) - JvmPauseMonitor-d1f2401f-ce3c-4cd7-b613-e85afa8c39c7: Started
2025-07-19 06:07:09,731 [d1f2401f-ce3c-4cd7-b613-e85afa8c39c7-EndpointStateMachineTaskThread-/0.0.0.0:15002-0 ] INFO  utils.BackgroundService (BackgroundService.java:start(118)) - Starting service BlockDeletingService with interval 60000 milliseconds
2025-07-19 06:07:09,731 [d1f2401f-ce3c-4cd7-b613-e85afa8c39c7-EndpointStateMachineTaskThread-/0.0.0.0:15002-0 ] INFO  utils.BackgroundService (BackgroundService.java:start(118)) - Starting service StaleRecoveringContainerScrubbingService with interval 60000 milliseconds
2025-07-19 06:07:09,734 [main] INFO  upgrade.AbstractLayoutVersionManager (AbstractLayoutVersionManager.java:init(80)) - Initializing Layout version manager with metadata layout = HBASE_SUPPORT (version = 8), software layout = HBASE_SUPPORT (version = 8)
2025-07-19 06:07:09,734 [main] INFO  statemachine.DatanodeStateMachine (DatanodeStateMachine.java:getEndPointTaskThreadPoolSize(305)) - Datanode State Machine Task Thread Pool size 2
2025-07-19 06:07:09,737 [main] INFO  volume.HddsVolume (HddsVolume.java:<init>(162)) - HddsVolume: { id=DS-3f5dc846-6a35-4b9a-aa8f-cb43b0161220 dir=/home/runner/work/ozone/ozone/hadoop-ozone/integration-test/target/test-dir/MiniOzoneClusterImpl-09c4c6e1-5ab0-4195-ac7b-5aec6defaa36/ozone-meta/datanode-8/data-0/hdds type=DISK capacity=9222449699674390527 used=0 available=9222449699674390527 minFree=9222450130714624 committed=0 }
2025-07-19 06:07:09,737 [main] INFO  volume.MutableVolumeSet (MutableVolumeSet.java:initializeVolumeSet(167)) - Added Volume : /home/runner/work/ozone/ozone/hadoop-ozone/integration-test/target/test-dir/MiniOzoneClusterImpl-09c4c6e1-5ab0-4195-ac7b-5aec6defaa36/ozone-meta/datanode-8/data-0/hdds to VolumeSet
2025-07-19 06:07:09,738 [main] INFO  volume.MutableVolumeSet (MutableVolumeSet.java:initializeVolumeSet(167)) - Added Volume : /home/runner/work/ozone/ozone/hadoop-ozone/integration-test/target/test-dir/MiniOzoneClusterImpl-09c4c6e1-5ab0-4195-ac7b-5aec6defaa36/ozone-meta/datanode-8/ratis to VolumeSet
2025-07-19 06:07:09,739 [main] INFO  ozoneimpl.OzoneContainer (HddsVolumeUtil.java:loadAllHddsVolumeDbStore(102)) - Load 1 volumes DbStore cost: 0ms
2025-07-19 06:07:09,739 [main] WARN  db.DBStoreBuilder (DBStoreBuilder.java:getDBDirPath(158)) - ozone.scm.datanode.id.dir is not configured. We recommend adding this setting. Falling back to ozone.metadata.dirs instead.
2025-07-19 06:07:09,740 [main] WARN  db.DBStoreBuilder (DBStoreBuilder.java:getDBDirPath(158)) - ozone.scm.datanode.id.dir is not configured. We recommend adding this setting. Falling back to ozone.metadata.dirs instead.
2025-07-19 06:07:09,760 [main] INFO  impl.FilePerChunkStrategy (FilePerChunkStrategy.java:<init>(79)) - ozone.chunk.read.mapped.buffer.max.count is load with 0
2025-07-19 06:07:09,760 [main] INFO  impl.FilePerBlockStrategy (FilePerBlockStrategy.java:<init>(88)) - ozone.chunk.read.mapped.buffer.max.count is load with 0
2025-07-19 06:07:09,761 [main] INFO  server.RaftServerConfigKeys (ConfUtils.java:logGet(62)) - raft.server.log.appender.buffer.byte-limit = 33554432 (custom)
2025-07-19 06:07:09,763 [main] INFO  grpc.GrpcConfigKeys (ConfUtils.java:logFallback(69)) - raft.grpc.admin.host = null (fallback to raft.grpc.server.host)
2025-07-19 06:07:09,763 [main] INFO  grpc.GrpcConfigKeys (ConfUtils.java:logGet(62)) - raft.grpc.admin.port = 15070 (custom)
2025-07-19 06:07:09,763 [main] INFO  grpc.GrpcConfigKeys (ConfUtils.java:logFallback(69)) - raft.grpc.client.host = null (fallback to raft.grpc.server.host)
2025-07-19 06:07:09,763 [main] INFO  grpc.GrpcConfigKeys (ConfUtils.java:logGet(62)) - raft.grpc.client.port = 15069 (custom)
2025-07-19 06:07:09,763 [main] INFO  grpc.GrpcConfigKeys (ConfUtils.java:logGet(62)) - raft.grpc.server.port = 15071 (custom)
2025-07-19 06:07:09,764 [main] INFO  server.GrpcServicesImpl (ConfUtils.java:logGet(62)) - raft.grpc.message.size.max = 34603008 (custom)
2025-07-19 06:07:09,764 [main] INFO  server.GrpcServicesImpl (ConfUtils.java:logGet(62)) - raft.grpc.flow.control.window = 5MB (=5242880) (custom)
2025-07-19 06:07:09,764 [main] INFO  server.RaftServerConfigKeys (ConfUtils.java:logGet(62)) - raft.server.log.appender.buffer.byte-limit = 33554432 (custom)
2025-07-19 06:07:09,766 [main] INFO  netty.NettyUtils (NettyUtils.java:newEventLoopGroup(74)) - Create EpollEventLoopGroup for e6deb990-2c6c-4f88-aa04-2e44b30659d5-NettyServerStreamRpc-bossGroup; Thread size is 0.
2025-07-19 06:07:09,768 [main] INFO  netty.NettyUtils (NettyUtils.java:newEventLoopGroup(74)) - Create EpollEventLoopGroup for e6deb990-2c6c-4f88-aa04-2e44b30659d5-NettyServerStreamRpc-workerGroup; Thread size is 0.
2025-07-19 06:07:09,768 [main] INFO  netty.NettyConfigKeys$DataStream (ConfUtils.java:logGet(62)) - raft.netty.dataStream.port = 15072 (custom)
2025-07-19 06:07:09,769 [main] INFO  server.RaftServerConfigKeys (ConfUtils.java:logGet(62)) - raft.server.storage.dir = [/home/runner/work/ozone/ozone/hadoop-ozone/integration-test/target/test-dir/MiniOzoneClusterImpl-09c4c6e1-5ab0-4195-ac7b-5aec6defaa36/ozone-meta/datanode-8/ratis] (custom)
2025-07-19 06:07:09,770 [e6deb990-2c6c-4f88-aa04-2e44b30659d5-NettyServerStreamRpc-bossGroup--thread1] INFO  logging.LoggingHandler (AbstractInternalLogger.java:log(148)) - [id: 0xb5f36061] REGISTERED
2025-07-19 06:07:09,770 [e6deb990-2c6c-4f88-aa04-2e44b30659d5-impl-thread1] INFO  server.RaftServer (RaftServerProxy.java:initGroupDir(270)) - e6deb990-2c6c-4f88-aa04-2e44b30659d5: found a subdirectory /home/runner/work/ozone/ozone/hadoop-ozone/integration-test/target/test-dir/MiniOzoneClusterImpl-09c4c6e1-5ab0-4195-ac7b-5aec6defaa36/ozone-meta/datanode-8/ratis/tmp
2025-07-19 06:07:09,770 [e6deb990-2c6c-4f88-aa04-2e44b30659d5-impl-thread1] INFO  server.RaftServer (RaftServerProxy.java:initGroupDir(275)) - e6deb990-2c6c-4f88-aa04-2e44b30659d5: The directory /home/runner/work/ozone/ozone/hadoop-ozone/integration-test/target/test-dir/MiniOzoneClusterImpl-09c4c6e1-5ab0-4195-ac7b-5aec6defaa36/ozone-meta/datanode-8/ratis/tmp is not a group directory; ignoring it. 
2025-07-19 06:07:09,770 [main] INFO  replication.ReplicationServer (ReplicationServer.java:<init>(84)) - Initializing replication server with thread count = 10 queue length = 4096
2025-07-19 06:07:09,770 [e6deb990-2c6c-4f88-aa04-2e44b30659d5-NettyServerStreamRpc-bossGroup--thread1] INFO  logging.LoggingHandler (AbstractInternalLogger.java:log(148)) - [id: 0xb5f36061] BIND: 0.0.0.0/0.0.0.0:15072
2025-07-19 06:07:09,771 [e6deb990-2c6c-4f88-aa04-2e44b30659d5-NettyServerStreamRpc-bossGroup--thread1] INFO  logging.LoggingHandler (AbstractInternalLogger.java:log(148)) - [id: 0xb5f36061, L:/0.0.0.0:15072] ACTIVE
2025-07-19 06:07:09,772 [main] INFO  server.XceiverServerGrpc (XceiverServerGrpc.java:<init>(130)) - GrpcServer channel type EpollServerSocketChannel
2025-07-19 06:07:09,773 [main] INFO  replication.ReplicationSupervisor (ReplicationSupervisor.java:build(169)) - Initializing replication supervisor with thread count = 10
2025-07-19 06:07:09,773 [main] INFO  replication.ReplicationSupervisor (ReplicationSupervisor.java:nodeStateUpdated(358)) - Node state updated to IN_SERVICE, scaling executor pool size to 10
2025-07-19 06:07:09,777 [main] INFO  http.BaseHttpServer (BaseHttpServer.java:newHttpServer2BuilderForOzone(229)) - Starting Web-server for hddsDatanode at: http://0.0.0.0:15066
2025-07-19 06:07:09,777 [main] INFO  http.BaseHttpServer (BaseHttpServer.java:<init>(107)) - Hadoop Security Enabled: false Ozone Security Enabled: false Ozone HTTP Security Enabled: false 
2025-07-19 06:07:09,781 [main] WARN  server.AuthenticationFilter (AuthenticationFilter.java:constructSecretProvider(240)) - Unable to initialize FileSignerSecretProvider, falling back to use random secrets. Reason: Could not read signature secret file: /home/runner/hadoop-http-auth-signature-secret
2025-07-19 06:07:09,784 [main] INFO  http.HttpServer2 (HttpServer2.java:addGlobalFilter(1042)) - Added global filter 'safety' (class=org.apache.hadoop.hdds.server.http.HttpServer2$QuotingInputFilter)
2025-07-19 06:07:09,785 [main] INFO  http.HttpServer2 (HttpServer2.java:addFilter(1018)) - Added filter static_user_filter (class=org.apache.hadoop.http.lib.StaticUserWebFilter$StaticUserFilter) to context hddsDatanode
2025-07-19 06:07:09,785 [main] INFO  http.HttpServer2 (HttpServer2.java:addFilter(1026)) - Added filter static_user_filter (class=org.apache.hadoop.http.lib.StaticUserWebFilter$StaticUserFilter) to context logs
2025-07-19 06:07:09,785 [main] INFO  http.HttpServer2 (HttpServer2.java:addFilter(1026)) - Added filter static_user_filter (class=org.apache.hadoop.http.lib.StaticUserWebFilter$StaticUserFilter) to context static
2025-07-19 06:07:09,786 [main] INFO  http.BaseHttpServer (BaseHttpServer.java:<init>(195)) - HTTP server of hddsDatanode uses base directory /home/runner/work/ozone/ozone/hadoop-ozone/integration-test/target/test-dir/MiniOzoneClusterImpl-09c4c6e1-5ab0-4195-ac7b-5aec6defaa36/ozone-meta/datanode-8/meta/webserver
2025-07-19 06:07:09,786 [main] INFO  http.HttpServer2 (HttpServer2.java:bindListener(1242)) - Jetty bound to port 15066
2025-07-19 06:07:09,786 [main] INFO  server.Server (Server.java:doStart(375)) - jetty-9.4.57.v20241219; built: 2025-01-08T21:24:30.412Z; git: df524e6b29271c2e09ba9aea83c18dc9db464a31; jvm 21.0.7+6-LTS
2025-07-19 06:07:09,788 [main] INFO  server.session (DefaultSessionIdManager.java:doStart(334)) - DefaultSessionIdManager workerName=node0
2025-07-19 06:07:09,788 [main] INFO  server.session (DefaultSessionIdManager.java:doStart(339)) - No SessionScavenger set, using defaults
2025-07-19 06:07:09,788 [main] INFO  server.session (HouseKeeper.java:startScavenging(132)) - node0 Scavenging every 660000ms
2025-07-19 06:07:09,788 [main] INFO  handler.ContextHandler (ContextHandler.java:doStart(921)) - Started o.e.j.s.ServletContextHandler@4f613e30{logs,/logs,file:///home/runner/work/ozone/ozone/hadoop-ozone/integration-test/target/log,AVAILABLE}
2025-07-19 06:07:09,789 [main] INFO  handler.ContextHandler (ContextHandler.java:doStart(921)) - Started o.e.j.s.ServletContextHandler@2786ccb{static,/static,jar:file:/home/runner/work/ozone/ozone/hadoop-hdds/container-service/target/hdds-container-service-2.1.0-SNAPSHOT.jar!/webapps/static,AVAILABLE}
2025-07-19 06:07:09,843 [EventQueue-PipelineReportForOneReplicaPipelineSafeModeRule] INFO  safemode.SCMSafeModeManager (SCMSafeModeManager.java:validateSafeModeExitRules(138)) - AtleastOneDatanodeReportedRule rule is successfully validated
2025-07-19 06:07:09,874 [IPC Server handler 9 on default port 15002] INFO  net.NetworkTopologyImpl (NetworkTopologyImpl.java:add(133)) - Added a new node: /default-rack/cfedd3f1-5d02-4847-a363-6f2972b00a97
2025-07-19 06:07:09,874 [IPC Server handler 9 on default port 15002] INFO  node.SCMNodeManager (SCMNodeManager.java:register(423)) - Registered datanode: cfedd3f1-5d02-4847-a363-6f2972b00a97{ip: 127.0.0.1, host: localhost, ports: [HTTP=15034, CLIENT_RPC=15035, REPLICATION=15041, RATIS=15037, RATIS_ADMIN=15038, RATIS_SERVER=15039, RATIS_DATASTREAM=15040, STANDALONE=15036], networkLocation: /default-rack, certSerialId: null, persistedOpState: null, persistedOpStateExpiryEpochSec: 0}
2025-07-19 06:07:09,875 [EventQueue-NewNodeForNewNodeHandler] INFO  pipeline.BackgroundPipelineCreator (BackgroundPipelineCreator.java:notifyEventTriggered(290)) - trigger a one-shot run on RatisPipelineUtilsThread.
2025-07-19 06:07:09,875 [EventQueue-PipelineReportForOneReplicaPipelineSafeModeRule] INFO  safemode.SCMSafeModeManager (SCMSafeModeManager.java:validateSafeModeExitRules(138)) - AtleastOneDatanodeReportedRule rule is successfully validated
2025-07-19 06:07:09,875 [EventQueue-NodeRegistrationContainerReportForDataNodeSafeModeRule] INFO  safemode.SCMSafeModeManager (SCMSafeModeManager.java:validateSafeModeExitRules(138)) - DataNodeSafeModeRule rule is successfully validated
2025-07-19 06:07:09,875 [RatisPipelineUtilsThread-0] INFO  pipeline.RatisPipelineProvider (RatisPipelineProvider.java:lambda$create$0(208)) - Sending CreatePipelineCommand for pipeline:Pipeline-7f60ed3a-1c97-401e-a856-3308fc4c3d1f to datanode:cfedd3f1-5d02-4847-a363-6f2972b00a97(localhost/127.0.0.1)
2025-07-19 06:07:09,875 [EventQueue-ContainerRegistrationReportForECContainerSafeModeRule] INFO  safemode.SCMSafeModeManager (SCMSafeModeManager.java:validateSafeModeExitRules(138)) - ECContainerSafeModeRule rule is successfully validated
2025-07-19 06:07:09,876 [EventQueue-ContainerRegistrationReportForRatisContainerSafeModeRule] INFO  safemode.SCMSafeModeManager (SCMSafeModeManager.java:validateSafeModeExitRules(138)) - RatisContainerSafeModeRule rule is successfully validated
2025-07-19 06:07:09,878 [885623d6-9da4-492b-a87d-998872f93ab6@group-5AEC6DEFAA36-StateMachineUpdater] INFO  safemode.SCMSafeModeManager (SCMSafeModeManager.java:validateSafeModeExitRules(138)) - DataNodeSafeModeRule rule is successfully validated
2025-07-19 06:07:09,878 [885623d6-9da4-492b-a87d-998872f93ab6@group-5AEC6DEFAA36-StateMachineUpdater] INFO  safemode.SCMSafeModeManager (SCMSafeModeManager.java:validateSafeModeExitRules(138)) - RatisContainerSafeModeRule rule is successfully validated
2025-07-19 06:07:09,878 [885623d6-9da4-492b-a87d-998872f93ab6@group-5AEC6DEFAA36-StateMachineUpdater] INFO  safemode.HealthyPipelineSafeModeRule (HealthyPipelineSafeModeRule.java:initializeRule(228)) - Refreshed total pipeline count is 0, healthy pipeline threshold count is 1
2025-07-19 06:07:09,878 [885623d6-9da4-492b-a87d-998872f93ab6@group-5AEC6DEFAA36-StateMachineUpdater] INFO  safemode.SCMSafeModeManager (SCMSafeModeManager.java:validateSafeModeExitRules(138)) - ECContainerSafeModeRule rule is successfully validated
2025-07-19 06:07:09,878 [885623d6-9da4-492b-a87d-998872f93ab6@group-5AEC6DEFAA36-StateMachineUpdater] INFO  safemode.SCMSafeModeManager (SCMSafeModeManager.java:validateSafeModeExitRules(138)) - AtleastOneDatanodeReportedRule rule is successfully validated
2025-07-19 06:07:09,878 [RatisPipelineUtilsThread-0] INFO  pipeline.BackgroundPipelineCreator (BackgroundPipelineCreator.java:createPipelines(246)) - Created new pipeline Pipeline{ Id: 7f60ed3a-1c97-401e-a856-3308fc4c3d1f, Nodes: [ {cfedd3f1-5d02-4847-a363-6f2972b00a97(localhost/127.0.0.1), ReplicaIndex: 0},], ReplicationConfig: RATIS/ONE, State:ALLOCATED, leaderId:, CreationTimestamp2025-07-19T06:07:09.875495810Z[Etc/UTC]}
2025-07-19 06:07:09,930 [e80b39d0-2325-4ff7-b450-1b10ae88e746-EndpointStateMachineTaskThread-/0.0.0.0:15002-0 ] INFO  utils.DatanodeStoreCache (DatanodeStoreCache.java:addDB(70)) - Added db /home/runner/work/ozone/ozone/hadoop-ozone/integration-test/target/test-dir/MiniOzoneClusterImpl-09c4c6e1-5ab0-4195-ac7b-5aec6defaa36/ozone-meta/datanode-6/data-0/hdds/09c4c6e1-5ab0-4195-ac7b-5aec6defaa36/DS-75c29a64-de09-46f9-a933-2756cc743e4b/container.db to cache
2025-07-19 06:07:09,930 [e80b39d0-2325-4ff7-b450-1b10ae88e746-EndpointStateMachineTaskThread-/0.0.0.0:15002-0 ] INFO  volume.HddsVolume (HddsVolume.java:createDbStore(576)) - SchemaV3 db is created and loaded at /home/runner/work/ozone/ozone/hadoop-ozone/integration-test/target/test-dir/MiniOzoneClusterImpl-09c4c6e1-5ab0-4195-ac7b-5aec6defaa36/ozone-meta/datanode-6/data-0/hdds/09c4c6e1-5ab0-4195-ac7b-5aec6defaa36/DS-75c29a64-de09-46f9-a933-2756cc743e4b/container.db for volume DS-75c29a64-de09-46f9-a933-2756cc743e4b
2025-07-19 06:07:09,933 [e80b39d0-2325-4ff7-b450-1b10ae88e746-ContainerReader-0] INFO  ozoneimpl.ContainerReader (ContainerReader.java:readVolume(144)) - Start to verify containers on volume /home/runner/work/ozone/ozone/hadoop-ozone/integration-test/target/test-dir/MiniOzoneClusterImpl-09c4c6e1-5ab0-4195-ac7b-5aec6defaa36/ozone-meta/datanode-6/data-0/hdds
2025-07-19 06:07:09,933 [e80b39d0-2325-4ff7-b450-1b10ae88e746-ContainerReader-0] INFO  ozoneimpl.ContainerReader (ContainerReader.java:readVolume(174)) - Finish verifying containers on volume /home/runner/work/ozone/ozone/hadoop-ozone/integration-test/target/test-dir/MiniOzoneClusterImpl-09c4c6e1-5ab0-4195-ac7b-5aec6defaa36/ozone-meta/datanode-6/data-0/hdds
2025-07-19 06:07:09,933 [e80b39d0-2325-4ff7-b450-1b10ae88e746-EndpointStateMachineTaskThread-/0.0.0.0:15002-0 ] INFO  ozoneimpl.OzoneContainer (OzoneContainer.java:buildContainerSet(370)) - Build ContainerSet costs 0s
2025-07-19 06:07:09,933 [e80b39d0-2325-4ff7-b450-1b10ae88e746-EndpointStateMachineTaskThread-/0.0.0.0:15002-0 ] INFO  volume.ThrottledAsyncChecker (ThrottledAsyncChecker.java:schedule(138)) - Scheduling a check for /home/runner/work/ozone/ozone/hadoop-ozone/integration-test/target/test-dir/MiniOzoneClusterImpl-09c4c6e1-5ab0-4195-ac7b-5aec6defaa36/ozone-meta/datanode-6/data-0/hdds
2025-07-19 06:07:09,933 [e80b39d0-2325-4ff7-b450-1b10ae88e746-EndpointStateMachineTaskThread-/0.0.0.0:15002-0 ] INFO  volume.StorageVolumeChecker (StorageVolumeChecker.java:checkAllVolumes(231)) - Scheduled health check for volume /home/runner/work/ozone/ozone/hadoop-ozone/integration-test/target/test-dir/MiniOzoneClusterImpl-09c4c6e1-5ab0-4195-ac7b-5aec6defaa36/ozone-meta/datanode-6/data-0/hdds
2025-07-19 06:07:09,938 [e80b39d0-2325-4ff7-b450-1b10ae88e746-EndpointStateMachineTaskThread-/0.0.0.0:15002-0 ] INFO  volume.ThrottledAsyncChecker (ThrottledAsyncChecker.java:schedule(138)) - Scheduling a check for /home/runner/work/ozone/ozone/hadoop-ozone/integration-test/target/test-dir/MiniOzoneClusterImpl-09c4c6e1-5ab0-4195-ac7b-5aec6defaa36/ozone-meta/datanode-6/ratis
2025-07-19 06:07:09,938 [e80b39d0-2325-4ff7-b450-1b10ae88e746-EndpointStateMachineTaskThread-/0.0.0.0:15002-0 ] INFO  volume.StorageVolumeChecker (StorageVolumeChecker.java:checkAllVolumes(231)) - Scheduled health check for volume /home/runner/work/ozone/ozone/hadoop-ozone/integration-test/target/test-dir/MiniOzoneClusterImpl-09c4c6e1-5ab0-4195-ac7b-5aec6defaa36/ozone-meta/datanode-6/ratis
2025-07-19 06:07:09,939 [e80b39d0-2325-4ff7-b450-1b10ae88e746-EndpointStateMachineTaskThread-/0.0.0.0:15002-0 ] INFO  ozoneimpl.OzoneContainer (OzoneContainer.java:start(520)) - Attempting to start container services.
2025-07-19 06:07:09,940 [ContainerMetadataScanner] INFO  ozoneimpl.AbstractBackgroundContainerScanner (AbstractBackgroundContainerScanner.java:runIteration(89)) - Completed an iteration in 0 minutes. Number of iterations (since the data-node restart) : 1, Number of containers scanned in this iteration : 0, Number of unhealthy containers found in this iteration : 0
2025-07-19 06:07:09,940 [main] INFO  handler.ContextHandler (ContextHandler.java:doStart(921)) - Started o.e.j.w.WebAppContext@1d483c89{hddsDatanode,/,file:///home/runner/work/ozone/ozone/hadoop-ozone/integration-test/target/test-dir/MiniOzoneClusterImpl-09c4c6e1-5ab0-4195-ac7b-5aec6defaa36/ozone-meta/datanode-8/meta/webserver/jetty-0_0_0_0-15066-hdds-container-service-2_1_0-SNAPSHOT_jar-_-any-13859632189735451685/webapp/,AVAILABLE}{jar:file:/home/runner/work/ozone/ozone/hadoop-hdds/container-service/target/hdds-container-service-2.1.0-SNAPSHOT.jar!/webapps/hddsDatanode}
2025-07-19 06:07:09,940 [ContainerDataScanner(/home/runner/work/ozone/ozone/hadoop-ozone/integration-test/target/test-dir/MiniOzoneClusterImpl-09c4c6e1-5ab0-4195-ac7b-5aec6defaa36/ozone-meta/datanode-6/data-0/hdds)] INFO  ozoneimpl.AbstractBackgroundContainerScanner (AbstractBackgroundContainerScanner.java:runIteration(89)) - Completed an iteration in 0 minutes. Number of iterations (since the data-node restart) : 1, Number of containers scanned in this iteration : 0, Number of unhealthy containers found in this iteration : 0
2025-07-19 06:07:09,942 [main] INFO  server.AbstractConnector (AbstractConnector.java:doStart(333)) - Started ServerConnector@1e79a4f7{HTTP/1.1, (http/1.1)}{0.0.0.0:15066}
2025-07-19 06:07:09,942 [e80b39d0-2325-4ff7-b450-1b10ae88e746-EndpointStateMachineTaskThread-/0.0.0.0:15002-0 ] INFO  replication.ReplicationServer (ReplicationServer.java:start(137)) - ReplicationServer is started using port 15057
2025-07-19 06:07:09,943 [e80b39d0-2325-4ff7-b450-1b10ae88e746-EndpointStateMachineTaskThread-/0.0.0.0:15002-0 ] INFO  ratis.XceiverServerRatis (XceiverServerRatis.java:start(559)) - Starting XceiverServerRatis(e80b39d0-2325-4ff7-b450-1b10ae88e746)
2025-07-19 06:07:09,943 [main] INFO  server.Server (Server.java:doStart(415)) - Started @13498ms
2025-07-19 06:07:09,943 [main] WARN  impl.MetricsSystemImpl (MetricsSystemImpl.java:register(279)) - Sink prometheus already exists!
2025-07-19 06:07:09,943 [main] INFO  http.BaseHttpServer (BaseHttpServer.java:updateConnectorAddress(359)) - HTTP server of hddsDatanode listening at http://localhost:15066
2025-07-19 06:07:09,944 [e80b39d0-2325-4ff7-b450-1b10ae88e746-EndpointStateMachineTaskThread-/0.0.0.0:15002-0 ] INFO  server.RaftServer (RaftServerProxy.java:startImpl(412)) - e80b39d0-2325-4ff7-b450-1b10ae88e746: start RPC server
2025-07-19 06:07:09,944 [main] INFO  ipc.CallQueueManager (CallQueueManager.java:<init>(93)) - Using callQueue: class java.util.concurrent.LinkedBlockingQueue, queueCapacity: 1000, scheduler: class org.apache.hadoop.ipc.DefaultRpcScheduler, ipcBackoff: false, ipcFailOver: false.
2025-07-19 06:07:09,945 [main] INFO  ipc.Server (Server.java:<init>(1438)) - Listener at 0.0.0.0:15067
2025-07-19 06:07:09,945 [Socket Reader #1 for port 15067] INFO  ipc.Server (Server.java:run(1474)) - Starting Socket Reader #1 for port 15067
2025-07-19 06:07:09,945 [e80b39d0-2325-4ff7-b450-1b10ae88e746-EndpointStateMachineTaskThread-/0.0.0.0:15002-0 ] INFO  server.GrpcServicesImpl (GrpcServicesImpl.java:startImpl(346)) - e80b39d0-2325-4ff7-b450-1b10ae88e746: GrpcServicesImpl started, listening on 15053
2025-07-19 06:07:09,946 [Socket Reader #2 for port 15067] INFO  ipc.Server (Server.java:run(1474)) - Starting Socket Reader #2 for port 15067
2025-07-19 06:07:09,946 [e80b39d0-2325-4ff7-b450-1b10ae88e746-EndpointStateMachineTaskThread-/0.0.0.0:15002-0 ] INFO  server.GrpcServicesImpl (GrpcServicesImpl.java:startImpl(346)) - e80b39d0-2325-4ff7-b450-1b10ae88e746: GrpcServicesImpl started, listening on 15055
2025-07-19 06:07:09,946 [Socket Reader #3 for port 15067] INFO  ipc.Server (Server.java:run(1474)) - Starting Socket Reader #3 for port 15067
2025-07-19 06:07:09,947 [e80b39d0-2325-4ff7-b450-1b10ae88e746-EndpointStateMachineTaskThread-/0.0.0.0:15002-0 ] INFO  server.GrpcServicesImpl (GrpcServicesImpl.java:startImpl(346)) - e80b39d0-2325-4ff7-b450-1b10ae88e746: GrpcServicesImpl started, listening on 15054
2025-07-19 06:07:09,947 [JvmPauseMonitor8] INFO  util.JvmPauseMonitor (JvmPauseMonitor.java:run(146)) - JvmPauseMonitor-e80b39d0-2325-4ff7-b450-1b10ae88e746: Started
2025-07-19 06:07:09,947 [e80b39d0-2325-4ff7-b450-1b10ae88e746-EndpointStateMachineTaskThread-/0.0.0.0:15002-0 ] INFO  ratis.XceiverServerRatis (XceiverServerRatis.java:getRealPort(586)) - XceiverServerRatis(e80b39d0-2325-4ff7-b450-1b10ae88e746) is started using port RATIS=15053
2025-07-19 06:07:09,947 [e80b39d0-2325-4ff7-b450-1b10ae88e746-EndpointStateMachineTaskThread-/0.0.0.0:15002-0 ] INFO  ratis.XceiverServerRatis (XceiverServerRatis.java:getRealPort(586)) - XceiverServerRatis(e80b39d0-2325-4ff7-b450-1b10ae88e746) is started using port RATIS_ADMIN=15054
2025-07-19 06:07:09,947 [e80b39d0-2325-4ff7-b450-1b10ae88e746-EndpointStateMachineTaskThread-/0.0.0.0:15002-0 ] INFO  ratis.XceiverServerRatis (XceiverServerRatis.java:getRealPort(586)) - XceiverServerRatis(e80b39d0-2325-4ff7-b450-1b10ae88e746) is started using port RATIS_SERVER=15055
2025-07-19 06:07:09,948 [e80b39d0-2325-4ff7-b450-1b10ae88e746-EndpointStateMachineTaskThread-/0.0.0.0:15002-0 ] INFO  ratis.XceiverServerRatis (XceiverServerRatis.java:getRealPort(586)) - XceiverServerRatis(e80b39d0-2325-4ff7-b450-1b10ae88e746) is started using port RATIS_DATASTREAM=15056
2025-07-19 06:07:09,947 [Socket Reader #4 for port 15067] INFO  ipc.Server (Server.java:run(1474)) - Starting Socket Reader #4 for port 15067
2025-07-19 06:07:09,948 [Socket Reader #5 for port 15067] INFO  ipc.Server (Server.java:run(1474)) - Starting Socket Reader #5 for port 15067
2025-07-19 06:07:09,948 [Socket Reader #6 for port 15067] INFO  ipc.Server (Server.java:run(1474)) - Starting Socket Reader #6 for port 15067
2025-07-19 06:07:09,948 [Socket Reader #7 for port 15067] INFO  ipc.Server (Server.java:run(1474)) - Starting Socket Reader #7 for port 15067
2025-07-19 06:07:09,949 [e80b39d0-2325-4ff7-b450-1b10ae88e746-EndpointStateMachineTaskThread-/0.0.0.0:15002-0 ] INFO  utils.BackgroundService (BackgroundService.java:start(118)) - Starting service BlockDeletingService with interval 60000 milliseconds
2025-07-19 06:07:09,949 [e80b39d0-2325-4ff7-b450-1b10ae88e746-EndpointStateMachineTaskThread-/0.0.0.0:15002-0 ] INFO  utils.BackgroundService (BackgroundService.java:start(118)) - Starting service StaleRecoveringContainerScrubbingService with interval 60000 milliseconds
2025-07-19 06:07:09,949 [Socket Reader #8 for port 15067] INFO  ipc.Server (Server.java:run(1474)) - Starting Socket Reader #8 for port 15067
2025-07-19 06:07:09,950 [Socket Reader #9 for port 15067] INFO  ipc.Server (Server.java:run(1474)) - Starting Socket Reader #9 for port 15067
2025-07-19 06:07:09,950 [Socket Reader #10 for port 15067] INFO  ipc.Server (Server.java:run(1474)) - Starting Socket Reader #10 for port 15067
2025-07-19 06:07:09,952 [main] INFO  ozone.HddsDatanodeService (HddsDatanodeService.java:start(333)) - Datanode start with admins: [admin, runner]
2025-07-19 06:07:09,952 [main] INFO  ozone.HddsDatanodeClientProtocolServer (HddsDatanodeClientProtocolServer.java:start(76)) - RPC server for Client /0.0.0.0:15067
2025-07-19 06:07:09,952 [IPC Server listener on 15067] INFO  ipc.Server (Server.java:run(1553)) - IPC Server listener on 15067: starting
2025-07-19 06:07:09,953 [IPC Server Responder] INFO  ipc.Server (Server.java:run(1713)) - IPC Server Responder: starting
2025-07-19 06:07:09,954 [main] WARN  dropwizard3.Dm3MetricRegistriesImpl (Dm3MetricRegistriesImpl.java:addReporterRegistration(114)) - New reporters are added after registries were created. Some metrics will be missing from the reporter. Please add reporter before adding any new registry.
2025-07-19 06:07:09,954 [main] WARN  dropwizard3.Dm3MetricRegistriesImpl (Dm3MetricRegistriesImpl.java:addReporterRegistration(114)) - New reporters are added after registries were created. Some metrics will be missing from the reporter. Please add reporter before adding any new registry.
2025-07-19 06:07:09,954 [main] INFO  impl.MetricsSystemImpl (MetricsSystemImpl.java:init(158)) - HddsDatanode metrics system started (again)
2025-07-19 06:07:09,956 [e6deb990-2c6c-4f88-aa04-2e44b30659d5-DatanodeStateMachineDaemonThread] INFO  statemachine.DatanodeStateMachine (DatanodeStateMachine.java:startStateMachineThread(347)) - Ozone container server started.
2025-07-19 06:07:09,961 [e6deb990-2c6c-4f88-aa04-2e44b30659d5-DatanodeStateMachineTaskThread-0] INFO  datanode.InitDatanodeState (InitDatanodeState.java:persistContainerDatanodeDetails(139)) - DatanodeDetails is persisted to /home/runner/work/ozone/ozone/hadoop-ozone/integration-test/target/test-dir/MiniOzoneClusterImpl-09c4c6e1-5ab0-4195-ac7b-5aec6defaa36/ozone-meta/datanode-8/meta/datanode.id
2025-07-19 06:07:09,969 [EventQueue-PipelineReportForOneReplicaPipelineSafeModeRule] INFO  safemode.SCMSafeModeManager (SCMSafeModeManager.java:validateSafeModeExitRules(138)) - AtleastOneDatanodeReportedRule rule is successfully validated
2025-07-19 06:07:09,974 [main] INFO  protocol.DatanodeDetails (DatanodeDetails.java:validateDatanodeIpAddress(199)) - Updating IP address of datanode e4fa6cd0-dc30-4550-b12f-023a3466045b(localhost/null) to 127.0.0.1
2025-07-19 06:07:09,974 [main] INFO  ozone.HddsDatanodeService (HddsDatanodeService.java:start(236)) - HddsDatanodeService e4fa6cd0-dc30-4550-b12f-023a3466045b(localhost/127.0.0.1)
2025-07-19 06:07:09,978 [main] INFO  upgrade.AbstractLayoutVersionManager (AbstractLayoutVersionManager.java:init(80)) - Initializing Layout version manager with metadata layout = HBASE_SUPPORT (version = 8), software layout = HBASE_SUPPORT (version = 8)
2025-07-19 06:07:09,988 [main] INFO  statemachine.DatanodeStateMachine (DatanodeStateMachine.java:getEndPointTaskThreadPoolSize(305)) - Datanode State Machine Task Thread Pool size 2
2025-07-19 06:07:09,991 [main] INFO  volume.HddsVolume (HddsVolume.java:<init>(162)) - HddsVolume: { id=DS-33b84b22-1287-42ed-af80-278abe88d7b4 dir=/home/runner/work/ozone/ozone/hadoop-ozone/integration-test/target/test-dir/MiniOzoneClusterImpl-09c4c6e1-5ab0-4195-ac7b-5aec6defaa36/ozone-meta/datanode-9/data-0/hdds type=DISK capacity=9222449699674390527 used=0 available=9222449699674390527 minFree=9222450130714624 committed=0 }
2025-07-19 06:07:09,991 [main] INFO  volume.MutableVolumeSet (MutableVolumeSet.java:initializeVolumeSet(167)) - Added Volume : /home/runner/work/ozone/ozone/hadoop-ozone/integration-test/target/test-dir/MiniOzoneClusterImpl-09c4c6e1-5ab0-4195-ac7b-5aec6defaa36/ozone-meta/datanode-9/data-0/hdds to VolumeSet
2025-07-19 06:07:09,993 [main] INFO  volume.MutableVolumeSet (MutableVolumeSet.java:initializeVolumeSet(167)) - Added Volume : /home/runner/work/ozone/ozone/hadoop-ozone/integration-test/target/test-dir/MiniOzoneClusterImpl-09c4c6e1-5ab0-4195-ac7b-5aec6defaa36/ozone-meta/datanode-9/ratis to VolumeSet
2025-07-19 06:07:09,993 [main] INFO  ozoneimpl.OzoneContainer (HddsVolumeUtil.java:loadAllHddsVolumeDbStore(102)) - Load 1 volumes DbStore cost: 0ms
2025-07-19 06:07:09,994 [main] WARN  db.DBStoreBuilder (DBStoreBuilder.java:getDBDirPath(158)) - ozone.scm.datanode.id.dir is not configured. We recommend adding this setting. Falling back to ozone.metadata.dirs instead.
2025-07-19 06:07:09,994 [main] WARN  db.DBStoreBuilder (DBStoreBuilder.java:getDBDirPath(158)) - ozone.scm.datanode.id.dir is not configured. We recommend adding this setting. Falling back to ozone.metadata.dirs instead.
2025-07-19 06:07:10,016 [main] INFO  impl.FilePerChunkStrategy (FilePerChunkStrategy.java:<init>(79)) - ozone.chunk.read.mapped.buffer.max.count is load with 0
2025-07-19 06:07:10,016 [main] INFO  impl.FilePerBlockStrategy (FilePerBlockStrategy.java:<init>(88)) - ozone.chunk.read.mapped.buffer.max.count is load with 0
2025-07-19 06:07:10,017 [main] INFO  server.RaftServerConfigKeys (ConfUtils.java:logGet(62)) - raft.server.log.appender.buffer.byte-limit = 33554432 (custom)
2025-07-19 06:07:10,019 [main] INFO  grpc.GrpcConfigKeys (ConfUtils.java:logFallback(69)) - raft.grpc.admin.host = null (fallback to raft.grpc.server.host)
2025-07-19 06:07:10,019 [main] INFO  grpc.GrpcConfigKeys (ConfUtils.java:logGet(62)) - raft.grpc.admin.port = 15078 (custom)
2025-07-19 06:07:10,019 [main] INFO  grpc.GrpcConfigKeys (ConfUtils.java:logFallback(69)) - raft.grpc.client.host = null (fallback to raft.grpc.server.host)
2025-07-19 06:07:10,020 [main] INFO  grpc.GrpcConfigKeys (ConfUtils.java:logGet(62)) - raft.grpc.client.port = 15077 (custom)
2025-07-19 06:07:10,020 [main] INFO  grpc.GrpcConfigKeys (ConfUtils.java:logGet(62)) - raft.grpc.server.port = 15079 (custom)
2025-07-19 06:07:10,020 [main] INFO  server.GrpcServicesImpl (ConfUtils.java:logGet(62)) - raft.grpc.message.size.max = 34603008 (custom)
2025-07-19 06:07:10,020 [main] INFO  server.GrpcServicesImpl (ConfUtils.java:logGet(62)) - raft.grpc.flow.control.window = 5MB (=5242880) (custom)
2025-07-19 06:07:10,020 [main] INFO  server.RaftServerConfigKeys (ConfUtils.java:logGet(62)) - raft.server.log.appender.buffer.byte-limit = 33554432 (custom)
2025-07-19 06:07:10,022 [main] INFO  netty.NettyUtils (NettyUtils.java:newEventLoopGroup(74)) - Create EpollEventLoopGroup for e4fa6cd0-dc30-4550-b12f-023a3466045b-NettyServerStreamRpc-bossGroup; Thread size is 0.
2025-07-19 06:07:10,023 [main] INFO  netty.NettyUtils (NettyUtils.java:newEventLoopGroup(74)) - Create EpollEventLoopGroup for e4fa6cd0-dc30-4550-b12f-023a3466045b-NettyServerStreamRpc-workerGroup; Thread size is 0.
2025-07-19 06:07:10,024 [main] INFO  netty.NettyConfigKeys$DataStream (ConfUtils.java:logGet(62)) - raft.netty.dataStream.port = 15080 (custom)
2025-07-19 06:07:10,025 [main] INFO  server.RaftServerConfigKeys (ConfUtils.java:logGet(62)) - raft.server.storage.dir = [/home/runner/work/ozone/ozone/hadoop-ozone/integration-test/target/test-dir/MiniOzoneClusterImpl-09c4c6e1-5ab0-4195-ac7b-5aec6defaa36/ozone-meta/datanode-9/ratis] (custom)
2025-07-19 06:07:10,025 [e4fa6cd0-dc30-4550-b12f-023a3466045b-NettyServerStreamRpc-bossGroup--thread1] INFO  logging.LoggingHandler (AbstractInternalLogger.java:log(148)) - [id: 0xecb4fee4] REGISTERED
2025-07-19 06:07:10,026 [e4fa6cd0-dc30-4550-b12f-023a3466045b-NettyServerStreamRpc-bossGroup--thread1] INFO  logging.LoggingHandler (AbstractInternalLogger.java:log(148)) - [id: 0xecb4fee4] BIND: 0.0.0.0/0.0.0.0:15080
2025-07-19 06:07:10,026 [e4fa6cd0-dc30-4550-b12f-023a3466045b-NettyServerStreamRpc-bossGroup--thread1] INFO  logging.LoggingHandler (AbstractInternalLogger.java:log(148)) - [id: 0xecb4fee4, L:/0.0.0.0:15080] ACTIVE
2025-07-19 06:07:10,026 [e4fa6cd0-dc30-4550-b12f-023a3466045b-impl-thread1] INFO  server.RaftServer (RaftServerProxy.java:initGroupDir(270)) - e4fa6cd0-dc30-4550-b12f-023a3466045b: found a subdirectory /home/runner/work/ozone/ozone/hadoop-ozone/integration-test/target/test-dir/MiniOzoneClusterImpl-09c4c6e1-5ab0-4195-ac7b-5aec6defaa36/ozone-meta/datanode-9/ratis/tmp
2025-07-19 06:07:10,026 [e4fa6cd0-dc30-4550-b12f-023a3466045b-impl-thread1] INFO  server.RaftServer (RaftServerProxy.java:initGroupDir(275)) - e4fa6cd0-dc30-4550-b12f-023a3466045b: The directory /home/runner/work/ozone/ozone/hadoop-ozone/integration-test/target/test-dir/MiniOzoneClusterImpl-09c4c6e1-5ab0-4195-ac7b-5aec6defaa36/ozone-meta/datanode-9/ratis/tmp is not a group directory; ignoring it. 
2025-07-19 06:07:10,027 [main] INFO  replication.ReplicationServer (ReplicationServer.java:<init>(84)) - Initializing replication server with thread count = 10 queue length = 4096
2025-07-19 06:07:10,028 [main] INFO  server.XceiverServerGrpc (XceiverServerGrpc.java:<init>(130)) - GrpcServer channel type EpollServerSocketChannel
2025-07-19 06:07:10,030 [main] INFO  replication.ReplicationSupervisor (ReplicationSupervisor.java:build(169)) - Initializing replication supervisor with thread count = 10
2025-07-19 06:07:10,030 [main] INFO  replication.ReplicationSupervisor (ReplicationSupervisor.java:nodeStateUpdated(358)) - Node state updated to IN_SERVICE, scaling executor pool size to 10
2025-07-19 06:07:10,034 [main] INFO  http.BaseHttpServer (BaseHttpServer.java:newHttpServer2BuilderForOzone(229)) - Starting Web-server for hddsDatanode at: http://0.0.0.0:15074
2025-07-19 06:07:10,034 [main] INFO  http.BaseHttpServer (BaseHttpServer.java:<init>(107)) - Hadoop Security Enabled: false Ozone Security Enabled: false Ozone HTTP Security Enabled: false 
2025-07-19 06:07:10,035 [main] WARN  server.AuthenticationFilter (AuthenticationFilter.java:constructSecretProvider(240)) - Unable to initialize FileSignerSecretProvider, falling back to use random secrets. Reason: Could not read signature secret file: /home/runner/hadoop-http-auth-signature-secret
2025-07-19 06:07:10,038 [main] INFO  http.HttpServer2 (HttpServer2.java:addGlobalFilter(1042)) - Added global filter 'safety' (class=org.apache.hadoop.hdds.server.http.HttpServer2$QuotingInputFilter)
2025-07-19 06:07:10,039 [main] INFO  http.HttpServer2 (HttpServer2.java:addFilter(1018)) - Added filter static_user_filter (class=org.apache.hadoop.http.lib.StaticUserWebFilter$StaticUserFilter) to context hddsDatanode
2025-07-19 06:07:10,039 [main] INFO  http.HttpServer2 (HttpServer2.java:addFilter(1026)) - Added filter static_user_filter (class=org.apache.hadoop.http.lib.StaticUserWebFilter$StaticUserFilter) to context logs
2025-07-19 06:07:10,039 [main] INFO  http.HttpServer2 (HttpServer2.java:addFilter(1026)) - Added filter static_user_filter (class=org.apache.hadoop.http.lib.StaticUserWebFilter$StaticUserFilter) to context static
2025-07-19 06:07:10,040 [main] INFO  http.BaseHttpServer (BaseHttpServer.java:<init>(195)) - HTTP server of hddsDatanode uses base directory /home/runner/work/ozone/ozone/hadoop-ozone/integration-test/target/test-dir/MiniOzoneClusterImpl-09c4c6e1-5ab0-4195-ac7b-5aec6defaa36/ozone-meta/datanode-9/meta/webserver
2025-07-19 06:07:10,041 [main] INFO  http.HttpServer2 (HttpServer2.java:bindListener(1242)) - Jetty bound to port 15074
2025-07-19 06:07:10,041 [main] INFO  server.Server (Server.java:doStart(375)) - jetty-9.4.57.v20241219; built: 2025-01-08T21:24:30.412Z; git: df524e6b29271c2e09ba9aea83c18dc9db464a31; jvm 21.0.7+6-LTS
2025-07-19 06:07:10,043 [main] INFO  server.session (DefaultSessionIdManager.java:doStart(334)) - DefaultSessionIdManager workerName=node0
2025-07-19 06:07:10,044 [main] INFO  server.session (DefaultSessionIdManager.java:doStart(339)) - No SessionScavenger set, using defaults
2025-07-19 06:07:10,044 [main] INFO  server.session (HouseKeeper.java:startScavenging(132)) - node0 Scavenging every 660000ms
2025-07-19 06:07:10,045 [main] INFO  handler.ContextHandler (ContextHandler.java:doStart(921)) - Started o.e.j.s.ServletContextHandler@1ab691b7{logs,/logs,file:///home/runner/work/ozone/ozone/hadoop-ozone/integration-test/target/log,AVAILABLE}
2025-07-19 06:07:10,046 [main] INFO  handler.ContextHandler (ContextHandler.java:doStart(921)) - Started o.e.j.s.ServletContextHandler@904df8a{static,/static,jar:file:/home/runner/work/ozone/ozone/hadoop-hdds/container-service/target/hdds-container-service-2.1.0-SNAPSHOT.jar!/webapps/static,AVAILABLE}
2025-07-19 06:07:10,088 [EventQueue-PipelineReportForOneReplicaPipelineSafeModeRule] INFO  safemode.SCMSafeModeManager (SCMSafeModeManager.java:validateSafeModeExitRules(138)) - AtleastOneDatanodeReportedRule rule is successfully validated
2025-07-19 06:07:10,151 [IPC Server handler 16 on default port 15002] INFO  net.NetworkTopologyImpl (NetworkTopologyImpl.java:add(133)) - Added a new node: /default-rack/d1f2401f-ce3c-4cd7-b613-e85afa8c39c7
2025-07-19 06:07:10,151 [IPC Server handler 16 on default port 15002] INFO  node.SCMNodeManager (SCMNodeManager.java:register(423)) - Registered datanode: d1f2401f-ce3c-4cd7-b613-e85afa8c39c7{ip: 127.0.0.1, host: localhost, ports: [HTTP=15042, CLIENT_RPC=15043, REPLICATION=15049, RATIS=15045, RATIS_ADMIN=15046, RATIS_SERVER=15047, RATIS_DATASTREAM=15048, STANDALONE=15044], networkLocation: /default-rack, certSerialId: null, persistedOpState: null, persistedOpStateExpiryEpochSec: 0}
2025-07-19 06:07:10,152 [EventQueue-NewNodeForNewNodeHandler] INFO  pipeline.BackgroundPipelineCreator (BackgroundPipelineCreator.java:notifyEventTriggered(290)) - trigger a one-shot run on RatisPipelineUtilsThread.
2025-07-19 06:07:10,152 [EventQueue-PipelineReportForOneReplicaPipelineSafeModeRule] INFO  safemode.SCMSafeModeManager (SCMSafeModeManager.java:validateSafeModeExitRules(138)) - AtleastOneDatanodeReportedRule rule is successfully validated
2025-07-19 06:07:10,152 [EventQueue-ContainerRegistrationReportForECContainerSafeModeRule] INFO  safemode.SCMSafeModeManager (SCMSafeModeManager.java:validateSafeModeExitRules(138)) - ECContainerSafeModeRule rule is successfully validated
2025-07-19 06:07:10,152 [EventQueue-NodeRegistrationContainerReportForDataNodeSafeModeRule] INFO  safemode.SCMSafeModeManager (SCMSafeModeManager.java:validateSafeModeExitRules(138)) - DataNodeSafeModeRule rule is successfully validated
2025-07-19 06:07:10,152 [EventQueue-ContainerRegistrationReportForRatisContainerSafeModeRule] INFO  safemode.SCMSafeModeManager (SCMSafeModeManager.java:validateSafeModeExitRules(138)) - RatisContainerSafeModeRule rule is successfully validated
2025-07-19 06:07:10,153 [RatisPipelineUtilsThread-0] INFO  pipeline.RatisPipelineProvider (RatisPipelineProvider.java:lambda$create$0(208)) - Sending CreatePipelineCommand for pipeline:Pipeline-9bc6d928-83a2-4e46-9503-2fd67de3dc18 to datanode:d1f2401f-ce3c-4cd7-b613-e85afa8c39c7(localhost/127.0.0.1)
2025-07-19 06:07:10,156 [885623d6-9da4-492b-a87d-998872f93ab6@group-5AEC6DEFAA36-StateMachineUpdater] INFO  safemode.SCMSafeModeManager (SCMSafeModeManager.java:validateSafeModeExitRules(138)) - DataNodeSafeModeRule rule is successfully validated
2025-07-19 06:07:10,156 [885623d6-9da4-492b-a87d-998872f93ab6@group-5AEC6DEFAA36-StateMachineUpdater] INFO  safemode.SCMSafeModeManager (SCMSafeModeManager.java:validateSafeModeExitRules(138)) - RatisContainerSafeModeRule rule is successfully validated
2025-07-19 06:07:10,156 [885623d6-9da4-492b-a87d-998872f93ab6@group-5AEC6DEFAA36-StateMachineUpdater] INFO  safemode.HealthyPipelineSafeModeRule (HealthyPipelineSafeModeRule.java:initializeRule(228)) - Refreshed total pipeline count is 0, healthy pipeline threshold count is 1
2025-07-19 06:07:10,156 [885623d6-9da4-492b-a87d-998872f93ab6@group-5AEC6DEFAA36-StateMachineUpdater] INFO  safemode.SCMSafeModeManager (SCMSafeModeManager.java:validateSafeModeExitRules(138)) - ECContainerSafeModeRule rule is successfully validated
2025-07-19 06:07:10,156 [885623d6-9da4-492b-a87d-998872f93ab6@group-5AEC6DEFAA36-StateMachineUpdater] INFO  safemode.SCMSafeModeManager (SCMSafeModeManager.java:validateSafeModeExitRules(138)) - AtleastOneDatanodeReportedRule rule is successfully validated
2025-07-19 06:07:10,157 [RatisPipelineUtilsThread-0] INFO  pipeline.BackgroundPipelineCreator (BackgroundPipelineCreator.java:createPipelines(246)) - Created new pipeline Pipeline{ Id: 9bc6d928-83a2-4e46-9503-2fd67de3dc18, Nodes: [ {d1f2401f-ce3c-4cd7-b613-e85afa8c39c7(localhost/127.0.0.1), ReplicaIndex: 0},], ReplicationConfig: RATIS/ONE, State:ALLOCATED, leaderId:, CreationTimestamp2025-07-19T06:07:10.153447173Z[Etc/UTC]}
2025-07-19 06:07:10,168 [EventQueue-PipelineReportForOneReplicaPipelineSafeModeRule] INFO  safemode.SCMSafeModeManager (SCMSafeModeManager.java:validateSafeModeExitRules(138)) - AtleastOneDatanodeReportedRule rule is successfully validated
2025-07-19 06:07:10,190 [main] INFO  handler.ContextHandler (ContextHandler.java:doStart(921)) - Started o.e.j.w.WebAppContext@65cfbf2c{hddsDatanode,/,file:///home/runner/work/ozone/ozone/hadoop-ozone/integration-test/target/test-dir/MiniOzoneClusterImpl-09c4c6e1-5ab0-4195-ac7b-5aec6defaa36/ozone-meta/datanode-9/meta/webserver/jetty-0_0_0_0-15074-hdds-container-service-2_1_0-SNAPSHOT_jar-_-any-6192308543928565563/webapp/,AVAILABLE}{jar:file:/home/runner/work/ozone/ozone/hadoop-hdds/container-service/target/hdds-container-service-2.1.0-SNAPSHOT.jar!/webapps/hddsDatanode}
2025-07-19 06:07:10,191 [main] INFO  server.AbstractConnector (AbstractConnector.java:doStart(333)) - Started ServerConnector@afab607{HTTP/1.1, (http/1.1)}{0.0.0.0:15074}
2025-07-19 06:07:10,191 [main] INFO  server.Server (Server.java:doStart(415)) - Started @13746ms
2025-07-19 06:07:10,191 [main] WARN  impl.MetricsSystemImpl (MetricsSystemImpl.java:register(279)) - Sink prometheus already exists!
2025-07-19 06:07:10,192 [main] INFO  http.BaseHttpServer (BaseHttpServer.java:updateConnectorAddress(359)) - HTTP server of hddsDatanode listening at http://localhost:15074
2025-07-19 06:07:10,192 [main] INFO  ipc.CallQueueManager (CallQueueManager.java:<init>(93)) - Using callQueue: class java.util.concurrent.LinkedBlockingQueue, queueCapacity: 1000, scheduler: class org.apache.hadoop.ipc.DefaultRpcScheduler, ipcBackoff: false, ipcFailOver: false.
2025-07-19 06:07:10,192 [main] INFO  ipc.Server (Server.java:<init>(1438)) - Listener at 0.0.0.0:15075
2025-07-19 06:07:10,193 [Socket Reader #1 for port 15075] INFO  ipc.Server (Server.java:run(1474)) - Starting Socket Reader #1 for port 15075
2025-07-19 06:07:10,193 [Socket Reader #2 for port 15075] INFO  ipc.Server (Server.java:run(1474)) - Starting Socket Reader #2 for port 15075
2025-07-19 06:07:10,193 [Socket Reader #3 for port 15075] INFO  ipc.Server (Server.java:run(1474)) - Starting Socket Reader #3 for port 15075
2025-07-19 06:07:10,193 [Socket Reader #4 for port 15075] INFO  ipc.Server (Server.java:run(1474)) - Starting Socket Reader #4 for port 15075
2025-07-19 06:07:10,193 [Socket Reader #5 for port 15075] INFO  ipc.Server (Server.java:run(1474)) - Starting Socket Reader #5 for port 15075
2025-07-19 06:07:10,193 [Socket Reader #6 for port 15075] INFO  ipc.Server (Server.java:run(1474)) - Starting Socket Reader #6 for port 15075
2025-07-19 06:07:10,194 [Socket Reader #7 for port 15075] INFO  ipc.Server (Server.java:run(1474)) - Starting Socket Reader #7 for port 15075
2025-07-19 06:07:10,194 [Socket Reader #8 for port 15075] INFO  ipc.Server (Server.java:run(1474)) - Starting Socket Reader #8 for port 15075
2025-07-19 06:07:10,194 [Socket Reader #9 for port 15075] INFO  ipc.Server (Server.java:run(1474)) - Starting Socket Reader #9 for port 15075
2025-07-19 06:07:10,194 [Socket Reader #10 for port 15075] INFO  ipc.Server (Server.java:run(1474)) - Starting Socket Reader #10 for port 15075
2025-07-19 06:07:10,196 [main] INFO  ozone.HddsDatanodeService (HddsDatanodeService.java:start(333)) - Datanode start with admins: [admin, runner]
2025-07-19 06:07:10,196 [main] INFO  ozone.HddsDatanodeClientProtocolServer (HddsDatanodeClientProtocolServer.java:start(76)) - RPC server for Client /0.0.0.0:15075
2025-07-19 06:07:10,196 [IPC Server Responder] INFO  ipc.Server (Server.java:run(1713)) - IPC Server Responder: starting
2025-07-19 06:07:10,196 [IPC Server listener on 15075] INFO  ipc.Server (Server.java:run(1553)) - IPC Server listener on 15075: starting
2025-07-19 06:07:10,198 [main] WARN  dropwizard3.Dm3MetricRegistriesImpl (Dm3MetricRegistriesImpl.java:addReporterRegistration(114)) - New reporters are added after registries were created. Some metrics will be missing from the reporter. Please add reporter before adding any new registry.
2025-07-19 06:07:10,198 [main] WARN  dropwizard3.Dm3MetricRegistriesImpl (Dm3MetricRegistriesImpl.java:addReporterRegistration(114)) - New reporters are added after registries were created. Some metrics will be missing from the reporter. Please add reporter before adding any new registry.
2025-07-19 06:07:10,198 [main] INFO  impl.MetricsSystemImpl (MetricsSystemImpl.java:init(158)) - HddsDatanode metrics system started (again)
2025-07-19 06:07:10,199 [e4fa6cd0-dc30-4550-b12f-023a3466045b-DatanodeStateMachineDaemonThread] INFO  statemachine.DatanodeStateMachine (DatanodeStateMachine.java:startStateMachineThread(347)) - Ozone container server started.
2025-07-19 06:07:10,204 [e4fa6cd0-dc30-4550-b12f-023a3466045b-DatanodeStateMachineTaskThread-0] INFO  datanode.InitDatanodeState (InitDatanodeState.java:persistContainerDatanodeDetails(139)) - DatanodeDetails is persisted to /home/runner/work/ozone/ozone/hadoop-ozone/integration-test/target/test-dir/MiniOzoneClusterImpl-09c4c6e1-5ab0-4195-ac7b-5aec6defaa36/ozone-meta/datanode-9/meta/datanode.id
2025-07-19 06:07:10,218 [main] INFO  protocol.DatanodeDetails (DatanodeDetails.java:validateDatanodeIpAddress(199)) - Updating IP address of datanode 85aa579c-736c-4de8-9407-4b363243255c(localhost/null) to 127.0.0.1
2025-07-19 06:07:10,218 [main] INFO  ozone.HddsDatanodeService (HddsDatanodeService.java:start(236)) - HddsDatanodeService 85aa579c-736c-4de8-9407-4b363243255c(localhost/127.0.0.1)
2025-07-19 06:07:10,220 [main] INFO  upgrade.AbstractLayoutVersionManager (AbstractLayoutVersionManager.java:init(80)) - Initializing Layout version manager with metadata layout = HBASE_SUPPORT (version = 8), software layout = HBASE_SUPPORT (version = 8)
2025-07-19 06:07:10,221 [main] INFO  statemachine.DatanodeStateMachine (DatanodeStateMachine.java:getEndPointTaskThreadPoolSize(305)) - Datanode State Machine Task Thread Pool size 2
2025-07-19 06:07:10,223 [main] INFO  volume.HddsVolume (HddsVolume.java:<init>(162)) - HddsVolume: { id=DS-dd971bda-7657-4337-9311-d54404659090 dir=/home/runner/work/ozone/ozone/hadoop-ozone/integration-test/target/test-dir/MiniOzoneClusterImpl-09c4c6e1-5ab0-4195-ac7b-5aec6defaa36/ozone-meta/datanode-10/data-0/hdds type=DISK capacity=9222449699674390527 used=0 available=9222449699674390527 minFree=9222450130714624 committed=0 }
2025-07-19 06:07:10,223 [main] INFO  volume.MutableVolumeSet (MutableVolumeSet.java:initializeVolumeSet(167)) - Added Volume : /home/runner/work/ozone/ozone/hadoop-ozone/integration-test/target/test-dir/MiniOzoneClusterImpl-09c4c6e1-5ab0-4195-ac7b-5aec6defaa36/ozone-meta/datanode-10/data-0/hdds to VolumeSet
2025-07-19 06:07:10,224 [main] INFO  volume.MutableVolumeSet (MutableVolumeSet.java:initializeVolumeSet(167)) - Added Volume : /home/runner/work/ozone/ozone/hadoop-ozone/integration-test/target/test-dir/MiniOzoneClusterImpl-09c4c6e1-5ab0-4195-ac7b-5aec6defaa36/ozone-meta/datanode-10/ratis to VolumeSet
2025-07-19 06:07:10,225 [main] INFO  ozoneimpl.OzoneContainer (HddsVolumeUtil.java:loadAllHddsVolumeDbStore(102)) - Load 1 volumes DbStore cost: 0ms
2025-07-19 06:07:10,226 [main] WARN  db.DBStoreBuilder (DBStoreBuilder.java:getDBDirPath(158)) - ozone.scm.datanode.id.dir is not configured. We recommend adding this setting. Falling back to ozone.metadata.dirs instead.
2025-07-19 06:07:10,227 [main] WARN  db.DBStoreBuilder (DBStoreBuilder.java:getDBDirPath(158)) - ozone.scm.datanode.id.dir is not configured. We recommend adding this setting. Falling back to ozone.metadata.dirs instead.
2025-07-19 06:07:10,244 [EventQueue-PipelineReportForOneReplicaPipelineSafeModeRule] INFO  safemode.SCMSafeModeManager (SCMSafeModeManager.java:validateSafeModeExitRules(138)) - AtleastOneDatanodeReportedRule rule is successfully validated
2025-07-19 06:07:10,248 [main] INFO  impl.FilePerChunkStrategy (FilePerChunkStrategy.java:<init>(79)) - ozone.chunk.read.mapped.buffer.max.count is load with 0
2025-07-19 06:07:10,248 [main] INFO  impl.FilePerBlockStrategy (FilePerBlockStrategy.java:<init>(88)) - ozone.chunk.read.mapped.buffer.max.count is load with 0
2025-07-19 06:07:10,249 [main] INFO  server.RaftServerConfigKeys (ConfUtils.java:logGet(62)) - raft.server.log.appender.buffer.byte-limit = 33554432 (custom)
2025-07-19 06:07:10,251 [main] INFO  grpc.GrpcConfigKeys (ConfUtils.java:logFallback(69)) - raft.grpc.admin.host = null (fallback to raft.grpc.server.host)
2025-07-19 06:07:10,251 [main] INFO  grpc.GrpcConfigKeys (ConfUtils.java:logGet(62)) - raft.grpc.admin.port = 15086 (custom)
2025-07-19 06:07:10,251 [main] INFO  grpc.GrpcConfigKeys (ConfUtils.java:logFallback(69)) - raft.grpc.client.host = null (fallback to raft.grpc.server.host)
2025-07-19 06:07:10,251 [main] INFO  grpc.GrpcConfigKeys (ConfUtils.java:logGet(62)) - raft.grpc.client.port = 15085 (custom)
2025-07-19 06:07:10,251 [main] INFO  grpc.GrpcConfigKeys (ConfUtils.java:logGet(62)) - raft.grpc.server.port = 15087 (custom)
2025-07-19 06:07:10,251 [main] INFO  server.GrpcServicesImpl (ConfUtils.java:logGet(62)) - raft.grpc.message.size.max = 34603008 (custom)
2025-07-19 06:07:10,251 [main] INFO  server.GrpcServicesImpl (ConfUtils.java:logGet(62)) - raft.grpc.flow.control.window = 5MB (=5242880) (custom)
2025-07-19 06:07:10,251 [main] INFO  server.RaftServerConfigKeys (ConfUtils.java:logGet(62)) - raft.server.log.appender.buffer.byte-limit = 33554432 (custom)
2025-07-19 06:07:10,253 [main] INFO  netty.NettyUtils (NettyUtils.java:newEventLoopGroup(74)) - Create EpollEventLoopGroup for 85aa579c-736c-4de8-9407-4b363243255c-NettyServerStreamRpc-bossGroup; Thread size is 0.
2025-07-19 06:07:10,254 [main] INFO  netty.NettyUtils (NettyUtils.java:newEventLoopGroup(74)) - Create EpollEventLoopGroup for 85aa579c-736c-4de8-9407-4b363243255c-NettyServerStreamRpc-workerGroup; Thread size is 0.
2025-07-19 06:07:10,254 [main] INFO  netty.NettyConfigKeys$DataStream (ConfUtils.java:logGet(62)) - raft.netty.dataStream.port = 15088 (custom)
2025-07-19 06:07:10,255 [main] INFO  server.RaftServerConfigKeys (ConfUtils.java:logGet(62)) - raft.server.storage.dir = [/home/runner/work/ozone/ozone/hadoop-ozone/integration-test/target/test-dir/MiniOzoneClusterImpl-09c4c6e1-5ab0-4195-ac7b-5aec6defaa36/ozone-meta/datanode-10/ratis] (custom)
2025-07-19 06:07:10,256 [85aa579c-736c-4de8-9407-4b363243255c-NettyServerStreamRpc-bossGroup--thread1] INFO  logging.LoggingHandler (AbstractInternalLogger.java:log(148)) - [id: 0x60f23d62] REGISTERED
2025-07-19 06:07:10,256 [85aa579c-736c-4de8-9407-4b363243255c-NettyServerStreamRpc-bossGroup--thread1] INFO  logging.LoggingHandler (AbstractInternalLogger.java:log(148)) - [id: 0x60f23d62] BIND: 0.0.0.0/0.0.0.0:15088
2025-07-19 06:07:10,256 [85aa579c-736c-4de8-9407-4b363243255c-NettyServerStreamRpc-bossGroup--thread1] INFO  logging.LoggingHandler (AbstractInternalLogger.java:log(148)) - [id: 0x60f23d62, L:/0.0.0.0:15088] ACTIVE
2025-07-19 06:07:10,256 [85aa579c-736c-4de8-9407-4b363243255c-impl-thread1] INFO  server.RaftServer (RaftServerProxy.java:initGroupDir(270)) - 85aa579c-736c-4de8-9407-4b363243255c: found a subdirectory /home/runner/work/ozone/ozone/hadoop-ozone/integration-test/target/test-dir/MiniOzoneClusterImpl-09c4c6e1-5ab0-4195-ac7b-5aec6defaa36/ozone-meta/datanode-10/ratis/tmp
2025-07-19 06:07:10,256 [85aa579c-736c-4de8-9407-4b363243255c-impl-thread1] INFO  server.RaftServer (RaftServerProxy.java:initGroupDir(275)) - 85aa579c-736c-4de8-9407-4b363243255c: The directory /home/runner/work/ozone/ozone/hadoop-ozone/integration-test/target/test-dir/MiniOzoneClusterImpl-09c4c6e1-5ab0-4195-ac7b-5aec6defaa36/ozone-meta/datanode-10/ratis/tmp is not a group directory; ignoring it. 
2025-07-19 06:07:10,256 [main] INFO  replication.ReplicationServer (ReplicationServer.java:<init>(84)) - Initializing replication server with thread count = 10 queue length = 4096
2025-07-19 06:07:10,257 [main] INFO  server.XceiverServerGrpc (XceiverServerGrpc.java:<init>(130)) - GrpcServer channel type EpollServerSocketChannel
2025-07-19 06:07:10,259 [main] INFO  replication.ReplicationSupervisor (ReplicationSupervisor.java:build(169)) - Initializing replication supervisor with thread count = 10
2025-07-19 06:07:10,259 [main] INFO  replication.ReplicationSupervisor (ReplicationSupervisor.java:nodeStateUpdated(358)) - Node state updated to IN_SERVICE, scaling executor pool size to 10
2025-07-19 06:07:10,261 [main] INFO  http.BaseHttpServer (BaseHttpServer.java:newHttpServer2BuilderForOzone(229)) - Starting Web-server for hddsDatanode at: http://0.0.0.0:15082
2025-07-19 06:07:10,261 [main] INFO  http.BaseHttpServer (BaseHttpServer.java:<init>(107)) - Hadoop Security Enabled: false Ozone Security Enabled: false Ozone HTTP Security Enabled: false 
2025-07-19 06:07:10,263 [main] WARN  server.AuthenticationFilter (AuthenticationFilter.java:constructSecretProvider(240)) - Unable to initialize FileSignerSecretProvider, falling back to use random secrets. Reason: Could not read signature secret file: /home/runner/hadoop-http-auth-signature-secret
2025-07-19 06:07:10,265 [main] INFO  http.HttpServer2 (HttpServer2.java:addGlobalFilter(1042)) - Added global filter 'safety' (class=org.apache.hadoop.hdds.server.http.HttpServer2$QuotingInputFilter)
2025-07-19 06:07:10,266 [main] INFO  http.HttpServer2 (HttpServer2.java:addFilter(1018)) - Added filter static_user_filter (class=org.apache.hadoop.http.lib.StaticUserWebFilter$StaticUserFilter) to context hddsDatanode
2025-07-19 06:07:10,267 [main] INFO  http.HttpServer2 (HttpServer2.java:addFilter(1026)) - Added filter static_user_filter (class=org.apache.hadoop.http.lib.StaticUserWebFilter$StaticUserFilter) to context logs
2025-07-19 06:07:10,267 [main] INFO  http.HttpServer2 (HttpServer2.java:addFilter(1026)) - Added filter static_user_filter (class=org.apache.hadoop.http.lib.StaticUserWebFilter$StaticUserFilter) to context static
2025-07-19 06:07:10,267 [main] INFO  http.BaseHttpServer (BaseHttpServer.java:<init>(195)) - HTTP server of hddsDatanode uses base directory /home/runner/work/ozone/ozone/hadoop-ozone/integration-test/target/test-dir/MiniOzoneClusterImpl-09c4c6e1-5ab0-4195-ac7b-5aec6defaa36/ozone-meta/datanode-10/meta/webserver
2025-07-19 06:07:10,268 [main] INFO  http.HttpServer2 (HttpServer2.java:bindListener(1242)) - Jetty bound to port 15082
2025-07-19 06:07:10,268 [main] INFO  server.Server (Server.java:doStart(375)) - jetty-9.4.57.v20241219; built: 2025-01-08T21:24:30.412Z; git: df524e6b29271c2e09ba9aea83c18dc9db464a31; jvm 21.0.7+6-LTS
2025-07-19 06:07:10,270 [78917b03-a842-488e-9e7c-f00b43f4ecc3-EndpointStateMachineTaskThread-/0.0.0.0:15002-0 ] INFO  utils.DatanodeStoreCache (DatanodeStoreCache.java:addDB(70)) - Added db /home/runner/work/ozone/ozone/hadoop-ozone/integration-test/target/test-dir/MiniOzoneClusterImpl-09c4c6e1-5ab0-4195-ac7b-5aec6defaa36/ozone-meta/datanode-7/data-0/hdds/09c4c6e1-5ab0-4195-ac7b-5aec6defaa36/DS-4d76971e-1f3b-4fa7-98ef-f7ba054cf005/container.db to cache
2025-07-19 06:07:10,270 [78917b03-a842-488e-9e7c-f00b43f4ecc3-EndpointStateMachineTaskThread-/0.0.0.0:15002-0 ] INFO  volume.HddsVolume (HddsVolume.java:createDbStore(576)) - SchemaV3 db is created and loaded at /home/runner/work/ozone/ozone/hadoop-ozone/integration-test/target/test-dir/MiniOzoneClusterImpl-09c4c6e1-5ab0-4195-ac7b-5aec6defaa36/ozone-meta/datanode-7/data-0/hdds/09c4c6e1-5ab0-4195-ac7b-5aec6defaa36/DS-4d76971e-1f3b-4fa7-98ef-f7ba054cf005/container.db for volume DS-4d76971e-1f3b-4fa7-98ef-f7ba054cf005
2025-07-19 06:07:10,270 [main] INFO  server.session (DefaultSessionIdManager.java:doStart(334)) - DefaultSessionIdManager workerName=node0
2025-07-19 06:07:10,270 [main] INFO  server.session (DefaultSessionIdManager.java:doStart(339)) - No SessionScavenger set, using defaults
2025-07-19 06:07:10,271 [main] INFO  server.session (HouseKeeper.java:startScavenging(132)) - node0 Scavenging every 600000ms
2025-07-19 06:07:10,272 [main] INFO  handler.ContextHandler (ContextHandler.java:doStart(921)) - Started o.e.j.s.ServletContextHandler@25a656f6{logs,/logs,file:///home/runner/work/ozone/ozone/hadoop-ozone/integration-test/target/log,AVAILABLE}
2025-07-19 06:07:10,272 [main] INFO  handler.ContextHandler (ContextHandler.java:doStart(921)) - Started o.e.j.s.ServletContextHandler@7c671bcb{static,/static,jar:file:/home/runner/work/ozone/ozone/hadoop-hdds/container-service/target/hdds-container-service-2.1.0-SNAPSHOT.jar!/webapps/static,AVAILABLE}
2025-07-19 06:07:10,274 [78917b03-a842-488e-9e7c-f00b43f4ecc3-ContainerReader-0] INFO  ozoneimpl.ContainerReader (ContainerReader.java:readVolume(144)) - Start to verify containers on volume /home/runner/work/ozone/ozone/hadoop-ozone/integration-test/target/test-dir/MiniOzoneClusterImpl-09c4c6e1-5ab0-4195-ac7b-5aec6defaa36/ozone-meta/datanode-7/data-0/hdds
2025-07-19 06:07:10,274 [78917b03-a842-488e-9e7c-f00b43f4ecc3-ContainerReader-0] INFO  ozoneimpl.ContainerReader (ContainerReader.java:readVolume(174)) - Finish verifying containers on volume /home/runner/work/ozone/ozone/hadoop-ozone/integration-test/target/test-dir/MiniOzoneClusterImpl-09c4c6e1-5ab0-4195-ac7b-5aec6defaa36/ozone-meta/datanode-7/data-0/hdds
2025-07-19 06:07:10,274 [78917b03-a842-488e-9e7c-f00b43f4ecc3-EndpointStateMachineTaskThread-/0.0.0.0:15002-0 ] INFO  ozoneimpl.OzoneContainer (OzoneContainer.java:buildContainerSet(370)) - Build ContainerSet costs 0s
2025-07-19 06:07:10,275 [78917b03-a842-488e-9e7c-f00b43f4ecc3-EndpointStateMachineTaskThread-/0.0.0.0:15002-0 ] INFO  volume.ThrottledAsyncChecker (ThrottledAsyncChecker.java:schedule(138)) - Scheduling a check for /home/runner/work/ozone/ozone/hadoop-ozone/integration-test/target/test-dir/MiniOzoneClusterImpl-09c4c6e1-5ab0-4195-ac7b-5aec6defaa36/ozone-meta/datanode-7/data-0/hdds
2025-07-19 06:07:10,276 [78917b03-a842-488e-9e7c-f00b43f4ecc3-EndpointStateMachineTaskThread-/0.0.0.0:15002-0 ] INFO  volume.StorageVolumeChecker (StorageVolumeChecker.java:checkAllVolumes(231)) - Scheduled health check for volume /home/runner/work/ozone/ozone/hadoop-ozone/integration-test/target/test-dir/MiniOzoneClusterImpl-09c4c6e1-5ab0-4195-ac7b-5aec6defaa36/ozone-meta/datanode-7/data-0/hdds
2025-07-19 06:07:10,281 [78917b03-a842-488e-9e7c-f00b43f4ecc3-EndpointStateMachineTaskThread-/0.0.0.0:15002-0 ] INFO  volume.ThrottledAsyncChecker (ThrottledAsyncChecker.java:schedule(138)) - Scheduling a check for /home/runner/work/ozone/ozone/hadoop-ozone/integration-test/target/test-dir/MiniOzoneClusterImpl-09c4c6e1-5ab0-4195-ac7b-5aec6defaa36/ozone-meta/datanode-7/ratis
2025-07-19 06:07:10,281 [78917b03-a842-488e-9e7c-f00b43f4ecc3-EndpointStateMachineTaskThread-/0.0.0.0:15002-0 ] INFO  volume.StorageVolumeChecker (StorageVolumeChecker.java:checkAllVolumes(231)) - Scheduled health check for volume /home/runner/work/ozone/ozone/hadoop-ozone/integration-test/target/test-dir/MiniOzoneClusterImpl-09c4c6e1-5ab0-4195-ac7b-5aec6defaa36/ozone-meta/datanode-7/ratis
2025-07-19 06:07:10,282 [78917b03-a842-488e-9e7c-f00b43f4ecc3-EndpointStateMachineTaskThread-/0.0.0.0:15002-0 ] INFO  ozoneimpl.OzoneContainer (OzoneContainer.java:start(520)) - Attempting to start container services.
2025-07-19 06:07:10,284 [ContainerMetadataScanner] INFO  ozoneimpl.AbstractBackgroundContainerScanner (AbstractBackgroundContainerScanner.java:runIteration(89)) - Completed an iteration in 0 minutes. Number of iterations (since the data-node restart) : 1, Number of containers scanned in this iteration : 0, Number of unhealthy containers found in this iteration : 0
2025-07-19 06:07:10,285 [ContainerDataScanner(/home/runner/work/ozone/ozone/hadoop-ozone/integration-test/target/test-dir/MiniOzoneClusterImpl-09c4c6e1-5ab0-4195-ac7b-5aec6defaa36/ozone-meta/datanode-7/data-0/hdds)] INFO  ozoneimpl.AbstractBackgroundContainerScanner (AbstractBackgroundContainerScanner.java:runIteration(89)) - Completed an iteration in 0 minutes. Number of iterations (since the data-node restart) : 1, Number of containers scanned in this iteration : 0, Number of unhealthy containers found in this iteration : 0
2025-07-19 06:07:10,285 [78917b03-a842-488e-9e7c-f00b43f4ecc3-EndpointStateMachineTaskThread-/0.0.0.0:15002-0 ] INFO  replication.ReplicationServer (ReplicationServer.java:start(137)) - ReplicationServer is started using port 15065
2025-07-19 06:07:10,286 [78917b03-a842-488e-9e7c-f00b43f4ecc3-EndpointStateMachineTaskThread-/0.0.0.0:15002-0 ] INFO  ratis.XceiverServerRatis (XceiverServerRatis.java:start(559)) - Starting XceiverServerRatis(78917b03-a842-488e-9e7c-f00b43f4ecc3)
2025-07-19 06:07:10,288 [78917b03-a842-488e-9e7c-f00b43f4ecc3-EndpointStateMachineTaskThread-/0.0.0.0:15002-0 ] INFO  server.RaftServer (RaftServerProxy.java:startImpl(412)) - 78917b03-a842-488e-9e7c-f00b43f4ecc3: start RPC server
2025-07-19 06:07:10,289 [78917b03-a842-488e-9e7c-f00b43f4ecc3-EndpointStateMachineTaskThread-/0.0.0.0:15002-0 ] INFO  server.GrpcServicesImpl (GrpcServicesImpl.java:startImpl(346)) - 78917b03-a842-488e-9e7c-f00b43f4ecc3: GrpcServicesImpl started, listening on 15061
2025-07-19 06:07:10,290 [78917b03-a842-488e-9e7c-f00b43f4ecc3-EndpointStateMachineTaskThread-/0.0.0.0:15002-0 ] INFO  server.GrpcServicesImpl (GrpcServicesImpl.java:startImpl(346)) - 78917b03-a842-488e-9e7c-f00b43f4ecc3: GrpcServicesImpl started, listening on 15063
2025-07-19 06:07:10,290 [78917b03-a842-488e-9e7c-f00b43f4ecc3-EndpointStateMachineTaskThread-/0.0.0.0:15002-0 ] INFO  server.GrpcServicesImpl (GrpcServicesImpl.java:startImpl(346)) - 78917b03-a842-488e-9e7c-f00b43f4ecc3: GrpcServicesImpl started, listening on 15062
2025-07-19 06:07:10,291 [EventQueue-PipelineReportForOneReplicaPipelineSafeModeRule] INFO  safemode.SCMSafeModeManager (SCMSafeModeManager.java:validateSafeModeExitRules(138)) - AtleastOneDatanodeReportedRule rule is successfully validated
2025-07-19 06:07:10,293 [JvmPauseMonitor9] INFO  util.JvmPauseMonitor (JvmPauseMonitor.java:run(146)) - JvmPauseMonitor-78917b03-a842-488e-9e7c-f00b43f4ecc3: Started
2025-07-19 06:07:10,293 [78917b03-a842-488e-9e7c-f00b43f4ecc3-EndpointStateMachineTaskThread-/0.0.0.0:15002-0 ] INFO  ratis.XceiverServerRatis (XceiverServerRatis.java:getRealPort(586)) - XceiverServerRatis(78917b03-a842-488e-9e7c-f00b43f4ecc3) is started using port RATIS=15061
2025-07-19 06:07:10,293 [78917b03-a842-488e-9e7c-f00b43f4ecc3-EndpointStateMachineTaskThread-/0.0.0.0:15002-0 ] INFO  ratis.XceiverServerRatis (XceiverServerRatis.java:getRealPort(586)) - XceiverServerRatis(78917b03-a842-488e-9e7c-f00b43f4ecc3) is started using port RATIS_ADMIN=15062
2025-07-19 06:07:10,293 [78917b03-a842-488e-9e7c-f00b43f4ecc3-EndpointStateMachineTaskThread-/0.0.0.0:15002-0 ] INFO  ratis.XceiverServerRatis (XceiverServerRatis.java:getRealPort(586)) - XceiverServerRatis(78917b03-a842-488e-9e7c-f00b43f4ecc3) is started using port RATIS_SERVER=15063
2025-07-19 06:07:10,293 [78917b03-a842-488e-9e7c-f00b43f4ecc3-EndpointStateMachineTaskThread-/0.0.0.0:15002-0 ] INFO  ratis.XceiverServerRatis (XceiverServerRatis.java:getRealPort(586)) - XceiverServerRatis(78917b03-a842-488e-9e7c-f00b43f4ecc3) is started using port RATIS_DATASTREAM=15064
2025-07-19 06:07:10,295 [78917b03-a842-488e-9e7c-f00b43f4ecc3-EndpointStateMachineTaskThread-/0.0.0.0:15002-0 ] INFO  utils.BackgroundService (BackgroundService.java:start(118)) - Starting service BlockDeletingService with interval 60000 milliseconds
2025-07-19 06:07:10,296 [78917b03-a842-488e-9e7c-f00b43f4ecc3-EndpointStateMachineTaskThread-/0.0.0.0:15002-0 ] INFO  utils.BackgroundService (BackgroundService.java:start(118)) - Starting service StaleRecoveringContainerScrubbingService with interval 60000 milliseconds
2025-07-19 06:07:10,373 [EventQueue-PipelineReportForOneReplicaPipelineSafeModeRule] INFO  safemode.SCMSafeModeManager (SCMSafeModeManager.java:validateSafeModeExitRules(138)) - AtleastOneDatanodeReportedRule rule is successfully validated
2025-07-19 06:07:10,389 [IPC Server handler 15 on default port 15002] INFO  net.NetworkTopologyImpl (NetworkTopologyImpl.java:add(133)) - Added a new node: /default-rack/e80b39d0-2325-4ff7-b450-1b10ae88e746
2025-07-19 06:07:10,389 [IPC Server handler 15 on default port 15002] INFO  node.SCMNodeManager (SCMNodeManager.java:register(423)) - Registered datanode: e80b39d0-2325-4ff7-b450-1b10ae88e746{ip: 127.0.0.1, host: localhost, ports: [HTTP=15050, CLIENT_RPC=15051, REPLICATION=15057, RATIS=15053, RATIS_ADMIN=15054, RATIS_SERVER=15055, RATIS_DATASTREAM=15056, STANDALONE=15052], networkLocation: /default-rack, certSerialId: null, persistedOpState: null, persistedOpStateExpiryEpochSec: 0}
2025-07-19 06:07:10,389 [EventQueue-ContainerRegistrationReportForECContainerSafeModeRule] INFO  safemode.SCMSafeModeManager (SCMSafeModeManager.java:validateSafeModeExitRules(138)) - ECContainerSafeModeRule rule is successfully validated
2025-07-19 06:07:10,389 [EventQueue-ContainerRegistrationReportForRatisContainerSafeModeRule] INFO  safemode.SCMSafeModeManager (SCMSafeModeManager.java:validateSafeModeExitRules(138)) - RatisContainerSafeModeRule rule is successfully validated
2025-07-19 06:07:10,390 [EventQueue-NodeRegistrationContainerReportForDataNodeSafeModeRule] INFO  safemode.SCMSafeModeManager (SCMSafeModeManager.java:validateSafeModeExitRules(138)) - DataNodeSafeModeRule rule is successfully validated
2025-07-19 06:07:10,390 [EventQueue-NewNodeForNewNodeHandler] INFO  pipeline.BackgroundPipelineCreator (BackgroundPipelineCreator.java:notifyEventTriggered(290)) - trigger a one-shot run on RatisPipelineUtilsThread.
2025-07-19 06:07:10,390 [EventQueue-PipelineReportForOneReplicaPipelineSafeModeRule] INFO  safemode.SCMSafeModeManager (SCMSafeModeManager.java:validateSafeModeExitRules(138)) - AtleastOneDatanodeReportedRule rule is successfully validated
2025-07-19 06:07:10,391 [RatisPipelineUtilsThread-0] INFO  pipeline.RatisPipelineProvider (RatisPipelineProvider.java:lambda$create$0(208)) - Sending CreatePipelineCommand for pipeline:Pipeline-8a1a2c78-8c8f-4f34-958b-1fc0d4c9cd23 to datanode:e80b39d0-2325-4ff7-b450-1b10ae88e746(localhost/127.0.0.1)
2025-07-19 06:07:10,393 [885623d6-9da4-492b-a87d-998872f93ab6@group-5AEC6DEFAA36-StateMachineUpdater] INFO  safemode.SCMSafeModeManager (SCMSafeModeManager.java:validateSafeModeExitRules(138)) - DataNodeSafeModeRule rule is successfully validated
2025-07-19 06:07:10,394 [885623d6-9da4-492b-a87d-998872f93ab6@group-5AEC6DEFAA36-StateMachineUpdater] INFO  safemode.SCMSafeModeManager (SCMSafeModeManager.java:validateSafeModeExitRules(138)) - RatisContainerSafeModeRule rule is successfully validated
2025-07-19 06:07:10,394 [885623d6-9da4-492b-a87d-998872f93ab6@group-5AEC6DEFAA36-StateMachineUpdater] INFO  safemode.HealthyPipelineSafeModeRule (HealthyPipelineSafeModeRule.java:initializeRule(228)) - Refreshed total pipeline count is 0, healthy pipeline threshold count is 1
2025-07-19 06:07:10,394 [885623d6-9da4-492b-a87d-998872f93ab6@group-5AEC6DEFAA36-StateMachineUpdater] INFO  safemode.SCMSafeModeManager (SCMSafeModeManager.java:validateSafeModeExitRules(138)) - ECContainerSafeModeRule rule is successfully validated
2025-07-19 06:07:10,394 [885623d6-9da4-492b-a87d-998872f93ab6@group-5AEC6DEFAA36-StateMachineUpdater] INFO  safemode.SCMSafeModeManager (SCMSafeModeManager.java:validateSafeModeExitRules(138)) - AtleastOneDatanodeReportedRule rule is successfully validated
2025-07-19 06:07:10,394 [RatisPipelineUtilsThread-0] INFO  pipeline.BackgroundPipelineCreator (BackgroundPipelineCreator.java:createPipelines(246)) - Created new pipeline Pipeline{ Id: 8a1a2c78-8c8f-4f34-958b-1fc0d4c9cd23, Nodes: [ {e80b39d0-2325-4ff7-b450-1b10ae88e746(localhost/127.0.0.1), ReplicaIndex: 0},], ReplicationConfig: RATIS/ONE, State:ALLOCATED, leaderId:, CreationTimestamp2025-07-19T06:07:10.391160666Z[Etc/UTC]}
2025-07-19 06:07:10,395 [RatisPipelineUtilsThread-0] INFO  pipeline.RatisPipelineProvider (RatisPipelineProvider.java:lambda$create$0(208)) - Sending CreatePipelineCommand for pipeline:Pipeline-1b74f178-ec11-44a0-a1ac-4d5619c3d8b6 to datanode:e80b39d0-2325-4ff7-b450-1b10ae88e746(localhost/127.0.0.1)
2025-07-19 06:07:10,395 [RatisPipelineUtilsThread-0] INFO  pipeline.RatisPipelineProvider (RatisPipelineProvider.java:lambda$create$0(208)) - Sending CreatePipelineCommand for pipeline:Pipeline-1b74f178-ec11-44a0-a1ac-4d5619c3d8b6 to datanode:cfedd3f1-5d02-4847-a363-6f2972b00a97(localhost/127.0.0.1)
2025-07-19 06:07:10,395 [RatisPipelineUtilsThread-0] INFO  pipeline.RatisPipelineProvider (RatisPipelineProvider.java:lambda$create$0(208)) - Sending CreatePipelineCommand for pipeline:Pipeline-1b74f178-ec11-44a0-a1ac-4d5619c3d8b6 to datanode:d1f2401f-ce3c-4cd7-b613-e85afa8c39c7(localhost/127.0.0.1)
2025-07-19 06:07:10,399 [885623d6-9da4-492b-a87d-998872f93ab6@group-5AEC6DEFAA36-StateMachineUpdater] INFO  safemode.SCMSafeModeManager (SCMSafeModeManager.java:validateSafeModeExitRules(138)) - DataNodeSafeModeRule rule is successfully validated
2025-07-19 06:07:10,399 [885623d6-9da4-492b-a87d-998872f93ab6@group-5AEC6DEFAA36-StateMachineUpdater] INFO  safemode.SCMSafeModeManager (SCMSafeModeManager.java:validateSafeModeExitRules(138)) - RatisContainerSafeModeRule rule is successfully validated
2025-07-19 06:07:10,399 [885623d6-9da4-492b-a87d-998872f93ab6@group-5AEC6DEFAA36-StateMachineUpdater] INFO  safemode.HealthyPipelineSafeModeRule (HealthyPipelineSafeModeRule.java:initializeRule(228)) - Refreshed total pipeline count is 0, healthy pipeline threshold count is 1
2025-07-19 06:07:10,399 [885623d6-9da4-492b-a87d-998872f93ab6@group-5AEC6DEFAA36-StateMachineUpdater] INFO  safemode.SCMSafeModeManager (SCMSafeModeManager.java:validateSafeModeExitRules(138)) - ECContainerSafeModeRule rule is successfully validated
2025-07-19 06:07:10,399 [885623d6-9da4-492b-a87d-998872f93ab6@group-5AEC6DEFAA36-StateMachineUpdater] INFO  safemode.SCMSafeModeManager (SCMSafeModeManager.java:validateSafeModeExitRules(138)) - AtleastOneDatanodeReportedRule rule is successfully validated
2025-07-19 06:07:10,399 [RatisPipelineUtilsThread-0] INFO  pipeline.BackgroundPipelineCreator (BackgroundPipelineCreator.java:createPipelines(246)) - Created new pipeline Pipeline{ Id: 1b74f178-ec11-44a0-a1ac-4d5619c3d8b6, Nodes: [ {e80b39d0-2325-4ff7-b450-1b10ae88e746(localhost/127.0.0.1), ReplicaIndex: 0}, {cfedd3f1-5d02-4847-a363-6f2972b00a97(localhost/127.0.0.1), ReplicaIndex: 0}, {d1f2401f-ce3c-4cd7-b613-e85afa8c39c7(localhost/127.0.0.1), ReplicaIndex: 0},], ReplicationConfig: RATIS/THREE, State:ALLOCATED, leaderId:, CreationTimestamp2025-07-19T06:07:10.395601346Z[Etc/UTC]}
2025-07-19 06:07:10,400 [RatisPipelineUtilsThread-0] INFO  pipeline.RatisPipelineProvider (RatisPipelineProvider.java:lambda$create$0(208)) - Sending CreatePipelineCommand for pipeline:Pipeline-b943f0fb-0579-4ec7-8f9b-51802bb6a696 to datanode:e80b39d0-2325-4ff7-b450-1b10ae88e746(localhost/127.0.0.1)
2025-07-19 06:07:10,400 [RatisPipelineUtilsThread-0] INFO  pipeline.RatisPipelineProvider (RatisPipelineProvider.java:lambda$create$0(208)) - Sending CreatePipelineCommand for pipeline:Pipeline-b943f0fb-0579-4ec7-8f9b-51802bb6a696 to datanode:cfedd3f1-5d02-4847-a363-6f2972b00a97(localhost/127.0.0.1)
2025-07-19 06:07:10,400 [RatisPipelineUtilsThread-0] INFO  pipeline.RatisPipelineProvider (RatisPipelineProvider.java:lambda$create$0(208)) - Sending CreatePipelineCommand for pipeline:Pipeline-b943f0fb-0579-4ec7-8f9b-51802bb6a696 to datanode:d1f2401f-ce3c-4cd7-b613-e85afa8c39c7(localhost/127.0.0.1)
2025-07-19 06:07:10,403 [885623d6-9da4-492b-a87d-998872f93ab6@group-5AEC6DEFAA36-StateMachineUpdater] INFO  safemode.SCMSafeModeManager (SCMSafeModeManager.java:validateSafeModeExitRules(138)) - DataNodeSafeModeRule rule is successfully validated
2025-07-19 06:07:10,403 [885623d6-9da4-492b-a87d-998872f93ab6@group-5AEC6DEFAA36-StateMachineUpdater] INFO  safemode.SCMSafeModeManager (SCMSafeModeManager.java:validateSafeModeExitRules(138)) - RatisContainerSafeModeRule rule is successfully validated
2025-07-19 06:07:10,403 [885623d6-9da4-492b-a87d-998872f93ab6@group-5AEC6DEFAA36-StateMachineUpdater] INFO  safemode.HealthyPipelineSafeModeRule (HealthyPipelineSafeModeRule.java:initializeRule(228)) - Refreshed total pipeline count is 0, healthy pipeline threshold count is 1
2025-07-19 06:07:10,403 [885623d6-9da4-492b-a87d-998872f93ab6@group-5AEC6DEFAA36-StateMachineUpdater] INFO  safemode.SCMSafeModeManager (SCMSafeModeManager.java:validateSafeModeExitRules(138)) - ECContainerSafeModeRule rule is successfully validated
2025-07-19 06:07:10,404 [885623d6-9da4-492b-a87d-998872f93ab6@group-5AEC6DEFAA36-StateMachineUpdater] INFO  safemode.SCMSafeModeManager (SCMSafeModeManager.java:validateSafeModeExitRules(138)) - AtleastOneDatanodeReportedRule rule is successfully validated
2025-07-19 06:07:10,404 [RatisPipelineUtilsThread-0] INFO  pipeline.PipelineManagerImpl (PipelineManagerImpl.java:recordMetricsForPipeline(922)) - Pipeline-b943f0fb-0579-4ec7-8f9b-51802bb6a696 and Pipeline-1b74f178-ec11-44a0-a1ac-4d5619c3d8b6 have exactly the same set of datanodes: [e80b39d0-2325-4ff7-b450-1b10ae88e746(localhost/127.0.0.1), cfedd3f1-5d02-4847-a363-6f2972b00a97(localhost/127.0.0.1), d1f2401f-ce3c-4cd7-b613-e85afa8c39c7(localhost/127.0.0.1)]
2025-07-19 06:07:10,405 [RatisPipelineUtilsThread-0] INFO  pipeline.BackgroundPipelineCreator (BackgroundPipelineCreator.java:createPipelines(246)) - Created new pipeline Pipeline{ Id: b943f0fb-0579-4ec7-8f9b-51802bb6a696, Nodes: [ {e80b39d0-2325-4ff7-b450-1b10ae88e746(localhost/127.0.0.1), ReplicaIndex: 0}, {cfedd3f1-5d02-4847-a363-6f2972b00a97(localhost/127.0.0.1), ReplicaIndex: 0}, {d1f2401f-ce3c-4cd7-b613-e85afa8c39c7(localhost/127.0.0.1), ReplicaIndex: 0},], ReplicationConfig: RATIS/THREE, State:ALLOCATED, leaderId:, CreationTimestamp2025-07-19T06:07:10.400726177Z[Etc/UTC]}
2025-07-19 06:07:10,437 [main] INFO  handler.ContextHandler (ContextHandler.java:doStart(921)) - Started o.e.j.w.WebAppContext@21df4367{hddsDatanode,/,file:///home/runner/work/ozone/ozone/hadoop-ozone/integration-test/target/test-dir/MiniOzoneClusterImpl-09c4c6e1-5ab0-4195-ac7b-5aec6defaa36/ozone-meta/datanode-10/meta/webserver/jetty-0_0_0_0-15082-hdds-container-service-2_1_0-SNAPSHOT_jar-_-any-14045758662250115125/webapp/,AVAILABLE}{jar:file:/home/runner/work/ozone/ozone/hadoop-hdds/container-service/target/hdds-container-service-2.1.0-SNAPSHOT.jar!/webapps/hddsDatanode}
2025-07-19 06:07:10,437 [main] INFO  server.AbstractConnector (AbstractConnector.java:doStart(333)) - Started ServerConnector@73b49ca4{HTTP/1.1, (http/1.1)}{0.0.0.0:15082}
2025-07-19 06:07:10,437 [main] INFO  server.Server (Server.java:doStart(415)) - Started @13992ms
2025-07-19 06:07:10,437 [main] WARN  impl.MetricsSystemImpl (MetricsSystemImpl.java:register(279)) - Sink prometheus already exists!
2025-07-19 06:07:10,438 [main] INFO  http.BaseHttpServer (BaseHttpServer.java:updateConnectorAddress(359)) - HTTP server of hddsDatanode listening at http://localhost:15082
2025-07-19 06:07:10,438 [main] INFO  ipc.CallQueueManager (CallQueueManager.java:<init>(93)) - Using callQueue: class java.util.concurrent.LinkedBlockingQueue, queueCapacity: 1000, scheduler: class org.apache.hadoop.ipc.DefaultRpcScheduler, ipcBackoff: false, ipcFailOver: false.
2025-07-19 06:07:10,438 [main] INFO  ipc.Server (Server.java:<init>(1438)) - Listener at 0.0.0.0:15083
2025-07-19 06:07:10,439 [Socket Reader #1 for port 15083] INFO  ipc.Server (Server.java:run(1474)) - Starting Socket Reader #1 for port 15083
2025-07-19 06:07:10,439 [Socket Reader #2 for port 15083] INFO  ipc.Server (Server.java:run(1474)) - Starting Socket Reader #2 for port 15083
2025-07-19 06:07:10,439 [Socket Reader #3 for port 15083] INFO  ipc.Server (Server.java:run(1474)) - Starting Socket Reader #3 for port 15083
2025-07-19 06:07:10,439 [Socket Reader #4 for port 15083] INFO  ipc.Server (Server.java:run(1474)) - Starting Socket Reader #4 for port 15083
2025-07-19 06:07:10,439 [Socket Reader #5 for port 15083] INFO  ipc.Server (Server.java:run(1474)) - Starting Socket Reader #5 for port 15083
2025-07-19 06:07:10,439 [Socket Reader #6 for port 15083] INFO  ipc.Server (Server.java:run(1474)) - Starting Socket Reader #6 for port 15083
2025-07-19 06:07:10,440 [Socket Reader #7 for port 15083] INFO  ipc.Server (Server.java:run(1474)) - Starting Socket Reader #7 for port 15083
2025-07-19 06:07:10,440 [Socket Reader #8 for port 15083] INFO  ipc.Server (Server.java:run(1474)) - Starting Socket Reader #8 for port 15083
2025-07-19 06:07:10,440 [Socket Reader #9 for port 15083] INFO  ipc.Server (Server.java:run(1474)) - Starting Socket Reader #9 for port 15083
2025-07-19 06:07:10,440 [Socket Reader #10 for port 15083] INFO  ipc.Server (Server.java:run(1474)) - Starting Socket Reader #10 for port 15083
2025-07-19 06:07:10,442 [main] INFO  ozone.HddsDatanodeService (HddsDatanodeService.java:start(333)) - Datanode start with admins: [admin, runner]
2025-07-19 06:07:10,442 [main] INFO  ozone.HddsDatanodeClientProtocolServer (HddsDatanodeClientProtocolServer.java:start(76)) - RPC server for Client /0.0.0.0:15083
2025-07-19 06:07:10,443 [IPC Server Responder] INFO  ipc.Server (Server.java:run(1713)) - IPC Server Responder: starting
2025-07-19 06:07:10,443 [IPC Server listener on 15083] INFO  ipc.Server (Server.java:run(1553)) - IPC Server listener on 15083: starting
2025-07-19 06:07:10,444 [EventQueue-PipelineReportForOneReplicaPipelineSafeModeRule] INFO  safemode.SCMSafeModeManager (SCMSafeModeManager.java:validateSafeModeExitRules(138)) - AtleastOneDatanodeReportedRule rule is successfully validated
2025-07-19 06:07:10,446 [85aa579c-736c-4de8-9407-4b363243255c-DatanodeStateMachineDaemonThread] INFO  statemachine.DatanodeStateMachine (DatanodeStateMachine.java:startStateMachineThread(347)) - Ozone container server started.
2025-07-19 06:07:10,448 [main] INFO  ozone.MiniOzoneClusterImpl (MiniOzoneClusterImpl.java:lambda$waitForClusterToBeReady$0(173)) - Waiting for nodes to be ready. Got 6 of 10 DN Heartbeats.
2025-07-19 06:07:10,448 [main] INFO  ozone.MiniOzoneClusterImpl (MiniOzoneClusterImpl.java:lambda$waitForClusterToBeReady$0(176)) - Waiting for cluster to exit safe mode
2025-07-19 06:07:10,448 [main] INFO  ozone.MiniOzoneClusterImpl (MiniOzoneClusterImpl.java:lambda$waitForClusterToBeReady$0(178)) - SCM became leader
2025-07-19 06:07:10,450 [85aa579c-736c-4de8-9407-4b363243255c-DatanodeStateMachineTaskThread-0] INFO  datanode.InitDatanodeState (InitDatanodeState.java:persistContainerDatanodeDetails(139)) - DatanodeDetails is persisted to /home/runner/work/ozone/ozone/hadoop-ozone/integration-test/target/test-dir/MiniOzoneClusterImpl-09c4c6e1-5ab0-4195-ac7b-5aec6defaa36/ozone-meta/datanode-10/meta/datanode.id
2025-07-19 06:07:10,490 [EventQueue-PipelineReportForOneReplicaPipelineSafeModeRule] INFO  safemode.SCMSafeModeManager (SCMSafeModeManager.java:validateSafeModeExitRules(138)) - AtleastOneDatanodeReportedRule rule is successfully validated
2025-07-19 06:07:10,498 [e6deb990-2c6c-4f88-aa04-2e44b30659d5-EndpointStateMachineTaskThread-/0.0.0.0:15002-0 ] INFO  utils.DatanodeStoreCache (DatanodeStoreCache.java:addDB(70)) - Added db /home/runner/work/ozone/ozone/hadoop-ozone/integration-test/target/test-dir/MiniOzoneClusterImpl-09c4c6e1-5ab0-4195-ac7b-5aec6defaa36/ozone-meta/datanode-8/data-0/hdds/09c4c6e1-5ab0-4195-ac7b-5aec6defaa36/DS-b52ca8fa-4490-4d08-8ebc-234d34d70975/container.db to cache
2025-07-19 06:07:10,498 [e6deb990-2c6c-4f88-aa04-2e44b30659d5-EndpointStateMachineTaskThread-/0.0.0.0:15002-0 ] INFO  volume.HddsVolume (HddsVolume.java:createDbStore(576)) - SchemaV3 db is created and loaded at /home/runner/work/ozone/ozone/hadoop-ozone/integration-test/target/test-dir/MiniOzoneClusterImpl-09c4c6e1-5ab0-4195-ac7b-5aec6defaa36/ozone-meta/datanode-8/data-0/hdds/09c4c6e1-5ab0-4195-ac7b-5aec6defaa36/DS-b52ca8fa-4490-4d08-8ebc-234d34d70975/container.db for volume DS-b52ca8fa-4490-4d08-8ebc-234d34d70975
2025-07-19 06:07:10,500 [e6deb990-2c6c-4f88-aa04-2e44b30659d5-ContainerReader-0] INFO  ozoneimpl.ContainerReader (ContainerReader.java:readVolume(144)) - Start to verify containers on volume /home/runner/work/ozone/ozone/hadoop-ozone/integration-test/target/test-dir/MiniOzoneClusterImpl-09c4c6e1-5ab0-4195-ac7b-5aec6defaa36/ozone-meta/datanode-8/data-0/hdds
2025-07-19 06:07:10,500 [e6deb990-2c6c-4f88-aa04-2e44b30659d5-ContainerReader-0] INFO  ozoneimpl.ContainerReader (ContainerReader.java:readVolume(174)) - Finish verifying containers on volume /home/runner/work/ozone/ozone/hadoop-ozone/integration-test/target/test-dir/MiniOzoneClusterImpl-09c4c6e1-5ab0-4195-ac7b-5aec6defaa36/ozone-meta/datanode-8/data-0/hdds
2025-07-19 06:07:10,501 [e6deb990-2c6c-4f88-aa04-2e44b30659d5-EndpointStateMachineTaskThread-/0.0.0.0:15002-0 ] INFO  ozoneimpl.OzoneContainer (OzoneContainer.java:buildContainerSet(370)) - Build ContainerSet costs 0s
2025-07-19 06:07:10,501 [e6deb990-2c6c-4f88-aa04-2e44b30659d5-EndpointStateMachineTaskThread-/0.0.0.0:15002-0 ] INFO  volume.ThrottledAsyncChecker (ThrottledAsyncChecker.java:schedule(138)) - Scheduling a check for /home/runner/work/ozone/ozone/hadoop-ozone/integration-test/target/test-dir/MiniOzoneClusterImpl-09c4c6e1-5ab0-4195-ac7b-5aec6defaa36/ozone-meta/datanode-8/data-0/hdds
2025-07-19 06:07:10,501 [e6deb990-2c6c-4f88-aa04-2e44b30659d5-EndpointStateMachineTaskThread-/0.0.0.0:15002-0 ] INFO  volume.StorageVolumeChecker (StorageVolumeChecker.java:checkAllVolumes(231)) - Scheduled health check for volume /home/runner/work/ozone/ozone/hadoop-ozone/integration-test/target/test-dir/MiniOzoneClusterImpl-09c4c6e1-5ab0-4195-ac7b-5aec6defaa36/ozone-meta/datanode-8/data-0/hdds
2025-07-19 06:07:10,505 [e6deb990-2c6c-4f88-aa04-2e44b30659d5-EndpointStateMachineTaskThread-/0.0.0.0:15002-0 ] INFO  volume.ThrottledAsyncChecker (ThrottledAsyncChecker.java:schedule(138)) - Scheduling a check for /home/runner/work/ozone/ozone/hadoop-ozone/integration-test/target/test-dir/MiniOzoneClusterImpl-09c4c6e1-5ab0-4195-ac7b-5aec6defaa36/ozone-meta/datanode-8/ratis
2025-07-19 06:07:10,505 [e6deb990-2c6c-4f88-aa04-2e44b30659d5-EndpointStateMachineTaskThread-/0.0.0.0:15002-0 ] INFO  volume.StorageVolumeChecker (StorageVolumeChecker.java:checkAllVolumes(231)) - Scheduled health check for volume /home/runner/work/ozone/ozone/hadoop-ozone/integration-test/target/test-dir/MiniOzoneClusterImpl-09c4c6e1-5ab0-4195-ac7b-5aec6defaa36/ozone-meta/datanode-8/ratis
2025-07-19 06:07:10,506 [e6deb990-2c6c-4f88-aa04-2e44b30659d5-EndpointStateMachineTaskThread-/0.0.0.0:15002-0 ] INFO  ozoneimpl.OzoneContainer (OzoneContainer.java:start(520)) - Attempting to start container services.
2025-07-19 06:07:10,507 [ContainerMetadataScanner] INFO  ozoneimpl.AbstractBackgroundContainerScanner (AbstractBackgroundContainerScanner.java:runIteration(89)) - Completed an iteration in 0 minutes. Number of iterations (since the data-node restart) : 1, Number of containers scanned in this iteration : 0, Number of unhealthy containers found in this iteration : 0
2025-07-19 06:07:10,507 [ContainerDataScanner(/home/runner/work/ozone/ozone/hadoop-ozone/integration-test/target/test-dir/MiniOzoneClusterImpl-09c4c6e1-5ab0-4195-ac7b-5aec6defaa36/ozone-meta/datanode-8/data-0/hdds)] INFO  ozoneimpl.AbstractBackgroundContainerScanner (AbstractBackgroundContainerScanner.java:runIteration(89)) - Completed an iteration in 0 minutes. Number of iterations (since the data-node restart) : 1, Number of containers scanned in this iteration : 0, Number of unhealthy containers found in this iteration : 0
2025-07-19 06:07:10,508 [e6deb990-2c6c-4f88-aa04-2e44b30659d5-EndpointStateMachineTaskThread-/0.0.0.0:15002-0 ] INFO  replication.ReplicationServer (ReplicationServer.java:start(137)) - ReplicationServer is started using port 15073
2025-07-19 06:07:10,508 [e6deb990-2c6c-4f88-aa04-2e44b30659d5-EndpointStateMachineTaskThread-/0.0.0.0:15002-0 ] INFO  ratis.XceiverServerRatis (XceiverServerRatis.java:start(559)) - Starting XceiverServerRatis(e6deb990-2c6c-4f88-aa04-2e44b30659d5)
2025-07-19 06:07:10,509 [e6deb990-2c6c-4f88-aa04-2e44b30659d5-EndpointStateMachineTaskThread-/0.0.0.0:15002-0 ] INFO  server.RaftServer (RaftServerProxy.java:startImpl(412)) - e6deb990-2c6c-4f88-aa04-2e44b30659d5: start RPC server
2025-07-19 06:07:10,509 [e6deb990-2c6c-4f88-aa04-2e44b30659d5-EndpointStateMachineTaskThread-/0.0.0.0:15002-0 ] INFO  server.GrpcServicesImpl (GrpcServicesImpl.java:startImpl(346)) - e6deb990-2c6c-4f88-aa04-2e44b30659d5: GrpcServicesImpl started, listening on 15069
2025-07-19 06:07:10,509 [e6deb990-2c6c-4f88-aa04-2e44b30659d5-EndpointStateMachineTaskThread-/0.0.0.0:15002-0 ] INFO  server.GrpcServicesImpl (GrpcServicesImpl.java:startImpl(346)) - e6deb990-2c6c-4f88-aa04-2e44b30659d5: GrpcServicesImpl started, listening on 15071
2025-07-19 06:07:10,510 [e6deb990-2c6c-4f88-aa04-2e44b30659d5-EndpointStateMachineTaskThread-/0.0.0.0:15002-0 ] INFO  server.GrpcServicesImpl (GrpcServicesImpl.java:startImpl(346)) - e6deb990-2c6c-4f88-aa04-2e44b30659d5: GrpcServicesImpl started, listening on 15070
2025-07-19 06:07:10,510 [e6deb990-2c6c-4f88-aa04-2e44b30659d5-EndpointStateMachineTaskThread-/0.0.0.0:15002-0 ] INFO  ratis.XceiverServerRatis (XceiverServerRatis.java:getRealPort(586)) - XceiverServerRatis(e6deb990-2c6c-4f88-aa04-2e44b30659d5) is started using port RATIS=15069
2025-07-19 06:07:10,510 [JvmPauseMonitor10] INFO  util.JvmPauseMonitor (JvmPauseMonitor.java:run(146)) - JvmPauseMonitor-e6deb990-2c6c-4f88-aa04-2e44b30659d5: Started
2025-07-19 06:07:10,510 [e6deb990-2c6c-4f88-aa04-2e44b30659d5-EndpointStateMachineTaskThread-/0.0.0.0:15002-0 ] INFO  ratis.XceiverServerRatis (XceiverServerRatis.java:getRealPort(586)) - XceiverServerRatis(e6deb990-2c6c-4f88-aa04-2e44b30659d5) is started using port RATIS_ADMIN=15070
2025-07-19 06:07:10,510 [e6deb990-2c6c-4f88-aa04-2e44b30659d5-EndpointStateMachineTaskThread-/0.0.0.0:15002-0 ] INFO  ratis.XceiverServerRatis (XceiverServerRatis.java:getRealPort(586)) - XceiverServerRatis(e6deb990-2c6c-4f88-aa04-2e44b30659d5) is started using port RATIS_SERVER=15071
2025-07-19 06:07:10,510 [e6deb990-2c6c-4f88-aa04-2e44b30659d5-EndpointStateMachineTaskThread-/0.0.0.0:15002-0 ] INFO  ratis.XceiverServerRatis (XceiverServerRatis.java:getRealPort(586)) - XceiverServerRatis(e6deb990-2c6c-4f88-aa04-2e44b30659d5) is started using port RATIS_DATASTREAM=15072
2025-07-19 06:07:10,511 [e6deb990-2c6c-4f88-aa04-2e44b30659d5-EndpointStateMachineTaskThread-/0.0.0.0:15002-0 ] INFO  utils.BackgroundService (BackgroundService.java:start(118)) - Starting service BlockDeletingService with interval 60000 milliseconds
2025-07-19 06:07:10,511 [e6deb990-2c6c-4f88-aa04-2e44b30659d5-EndpointStateMachineTaskThread-/0.0.0.0:15002-0 ] INFO  utils.BackgroundService (BackgroundService.java:start(118)) - Starting service StaleRecoveringContainerScrubbingService with interval 60000 milliseconds
2025-07-19 06:07:10,568 [EventQueue-PipelineReportForOneReplicaPipelineSafeModeRule] INFO  safemode.SCMSafeModeManager (SCMSafeModeManager.java:validateSafeModeExitRules(138)) - AtleastOneDatanodeReportedRule rule is successfully validated
2025-07-19 06:07:10,573 [EventQueue-PipelineReportForOneReplicaPipelineSafeModeRule] INFO  safemode.SCMSafeModeManager (SCMSafeModeManager.java:validateSafeModeExitRules(138)) - AtleastOneDatanodeReportedRule rule is successfully validated
2025-07-19 06:07:10,643 [EventQueue-PipelineReportForOneReplicaPipelineSafeModeRule] INFO  safemode.SCMSafeModeManager (SCMSafeModeManager.java:validateSafeModeExitRules(138)) - AtleastOneDatanodeReportedRule rule is successfully validated
2025-07-19 06:07:10,651 [EventQueue-PipelineReportForOneReplicaPipelineSafeModeRule] INFO  safemode.SCMSafeModeManager (SCMSafeModeManager.java:validateSafeModeExitRules(138)) - AtleastOneDatanodeReportedRule rule is successfully validated
2025-07-19 06:07:10,689 [EventQueue-PipelineReportForOneReplicaPipelineSafeModeRule] INFO  safemode.SCMSafeModeManager (SCMSafeModeManager.java:validateSafeModeExitRules(138)) - AtleastOneDatanodeReportedRule rule is successfully validated
2025-07-19 06:07:10,711 [IPC Server handler 7 on default port 15002] INFO  net.NetworkTopologyImpl (NetworkTopologyImpl.java:add(133)) - Added a new node: /default-rack/78917b03-a842-488e-9e7c-f00b43f4ecc3
2025-07-19 06:07:10,711 [IPC Server handler 7 on default port 15002] INFO  node.SCMNodeManager (SCMNodeManager.java:register(423)) - Registered datanode: 78917b03-a842-488e-9e7c-f00b43f4ecc3{ip: 127.0.0.1, host: localhost, ports: [HTTP=15058, CLIENT_RPC=15059, REPLICATION=15065, RATIS=15061, RATIS_ADMIN=15062, RATIS_SERVER=15063, RATIS_DATASTREAM=15064, STANDALONE=15060], networkLocation: /default-rack, certSerialId: null, persistedOpState: null, persistedOpStateExpiryEpochSec: 0}
2025-07-19 06:07:10,712 [EventQueue-ContainerRegistrationReportForECContainerSafeModeRule] INFO  safemode.SCMSafeModeManager (SCMSafeModeManager.java:validateSafeModeExitRules(138)) - ECContainerSafeModeRule rule is successfully validated
2025-07-19 06:07:10,712 [EventQueue-NodeRegistrationContainerReportForDataNodeSafeModeRule] INFO  safemode.SCMSafeModeManager (SCMSafeModeManager.java:validateSafeModeExitRules(138)) - DataNodeSafeModeRule rule is successfully validated
2025-07-19 06:07:10,712 [EventQueue-PipelineReportForOneReplicaPipelineSafeModeRule] INFO  safemode.SCMSafeModeManager (SCMSafeModeManager.java:validateSafeModeExitRules(138)) - AtleastOneDatanodeReportedRule rule is successfully validated
2025-07-19 06:07:10,712 [EventQueue-ContainerRegistrationReportForRatisContainerSafeModeRule] INFO  safemode.SCMSafeModeManager (SCMSafeModeManager.java:validateSafeModeExitRules(138)) - RatisContainerSafeModeRule rule is successfully validated
2025-07-19 06:07:10,712 [EventQueue-NewNodeForNewNodeHandler] INFO  pipeline.BackgroundPipelineCreator (BackgroundPipelineCreator.java:notifyEventTriggered(290)) - trigger a one-shot run on RatisPipelineUtilsThread.
2025-07-19 06:07:10,712 [RatisPipelineUtilsThread-0] INFO  pipeline.RatisPipelineProvider (RatisPipelineProvider.java:lambda$create$0(208)) - Sending CreatePipelineCommand for pipeline:Pipeline-6c3cc3b8-68a1-4e3d-87a1-2e106e42cd04 to datanode:78917b03-a842-488e-9e7c-f00b43f4ecc3(localhost/127.0.0.1)
2025-07-19 06:07:10,715 [885623d6-9da4-492b-a87d-998872f93ab6@group-5AEC6DEFAA36-StateMachineUpdater] INFO  safemode.SCMSafeModeManager (SCMSafeModeManager.java:validateSafeModeExitRules(138)) - DataNodeSafeModeRule rule is successfully validated
2025-07-19 06:07:10,715 [885623d6-9da4-492b-a87d-998872f93ab6@group-5AEC6DEFAA36-StateMachineUpdater] INFO  safemode.SCMSafeModeManager (SCMSafeModeManager.java:validateSafeModeExitRules(138)) - RatisContainerSafeModeRule rule is successfully validated
2025-07-19 06:07:10,715 [885623d6-9da4-492b-a87d-998872f93ab6@group-5AEC6DEFAA36-StateMachineUpdater] INFO  safemode.HealthyPipelineSafeModeRule (HealthyPipelineSafeModeRule.java:initializeRule(228)) - Refreshed total pipeline count is 0, healthy pipeline threshold count is 1
2025-07-19 06:07:10,715 [885623d6-9da4-492b-a87d-998872f93ab6@group-5AEC6DEFAA36-StateMachineUpdater] INFO  safemode.SCMSafeModeManager (SCMSafeModeManager.java:validateSafeModeExitRules(138)) - ECContainerSafeModeRule rule is successfully validated
2025-07-19 06:07:10,715 [885623d6-9da4-492b-a87d-998872f93ab6@group-5AEC6DEFAA36-StateMachineUpdater] INFO  safemode.SCMSafeModeManager (SCMSafeModeManager.java:validateSafeModeExitRules(138)) - AtleastOneDatanodeReportedRule rule is successfully validated
2025-07-19 06:07:10,715 [RatisPipelineUtilsThread-0] INFO  pipeline.BackgroundPipelineCreator (BackgroundPipelineCreator.java:createPipelines(246)) - Created new pipeline Pipeline{ Id: 6c3cc3b8-68a1-4e3d-87a1-2e106e42cd04, Nodes: [ {78917b03-a842-488e-9e7c-f00b43f4ecc3(localhost/127.0.0.1), ReplicaIndex: 0},], ReplicationConfig: RATIS/ONE, State:ALLOCATED, leaderId:, CreationTimestamp2025-07-19T06:07:10.712948183Z[Etc/UTC]}
2025-07-19 06:07:10,740 [e4fa6cd0-dc30-4550-b12f-023a3466045b-EndpointStateMachineTaskThread-/0.0.0.0:15002-0 ] INFO  utils.DatanodeStoreCache (DatanodeStoreCache.java:addDB(70)) - Added db /home/runner/work/ozone/ozone/hadoop-ozone/integration-test/target/test-dir/MiniOzoneClusterImpl-09c4c6e1-5ab0-4195-ac7b-5aec6defaa36/ozone-meta/datanode-9/data-0/hdds/09c4c6e1-5ab0-4195-ac7b-5aec6defaa36/DS-080d1eb9-9692-4ec7-958f-aad54a1bc2aa/container.db to cache
2025-07-19 06:07:10,740 [e4fa6cd0-dc30-4550-b12f-023a3466045b-EndpointStateMachineTaskThread-/0.0.0.0:15002-0 ] INFO  volume.HddsVolume (HddsVolume.java:createDbStore(576)) - SchemaV3 db is created and loaded at /home/runner/work/ozone/ozone/hadoop-ozone/integration-test/target/test-dir/MiniOzoneClusterImpl-09c4c6e1-5ab0-4195-ac7b-5aec6defaa36/ozone-meta/datanode-9/data-0/hdds/09c4c6e1-5ab0-4195-ac7b-5aec6defaa36/DS-080d1eb9-9692-4ec7-958f-aad54a1bc2aa/container.db for volume DS-080d1eb9-9692-4ec7-958f-aad54a1bc2aa
2025-07-19 06:07:10,743 [e4fa6cd0-dc30-4550-b12f-023a3466045b-ContainerReader-0] INFO  ozoneimpl.ContainerReader (ContainerReader.java:readVolume(144)) - Start to verify containers on volume /home/runner/work/ozone/ozone/hadoop-ozone/integration-test/target/test-dir/MiniOzoneClusterImpl-09c4c6e1-5ab0-4195-ac7b-5aec6defaa36/ozone-meta/datanode-9/data-0/hdds
2025-07-19 06:07:10,744 [e4fa6cd0-dc30-4550-b12f-023a3466045b-ContainerReader-0] INFO  ozoneimpl.ContainerReader (ContainerReader.java:readVolume(174)) - Finish verifying containers on volume /home/runner/work/ozone/ozone/hadoop-ozone/integration-test/target/test-dir/MiniOzoneClusterImpl-09c4c6e1-5ab0-4195-ac7b-5aec6defaa36/ozone-meta/datanode-9/data-0/hdds
2025-07-19 06:07:10,744 [e4fa6cd0-dc30-4550-b12f-023a3466045b-EndpointStateMachineTaskThread-/0.0.0.0:15002-0 ] INFO  ozoneimpl.OzoneContainer (OzoneContainer.java:buildContainerSet(370)) - Build ContainerSet costs 0s
2025-07-19 06:07:10,744 [e4fa6cd0-dc30-4550-b12f-023a3466045b-EndpointStateMachineTaskThread-/0.0.0.0:15002-0 ] INFO  volume.ThrottledAsyncChecker (ThrottledAsyncChecker.java:schedule(138)) - Scheduling a check for /home/runner/work/ozone/ozone/hadoop-ozone/integration-test/target/test-dir/MiniOzoneClusterImpl-09c4c6e1-5ab0-4195-ac7b-5aec6defaa36/ozone-meta/datanode-9/data-0/hdds
2025-07-19 06:07:10,744 [e4fa6cd0-dc30-4550-b12f-023a3466045b-EndpointStateMachineTaskThread-/0.0.0.0:15002-0 ] INFO  volume.StorageVolumeChecker (StorageVolumeChecker.java:checkAllVolumes(231)) - Scheduled health check for volume /home/runner/work/ozone/ozone/hadoop-ozone/integration-test/target/test-dir/MiniOzoneClusterImpl-09c4c6e1-5ab0-4195-ac7b-5aec6defaa36/ozone-meta/datanode-9/data-0/hdds
2025-07-19 06:07:10,748 [e4fa6cd0-dc30-4550-b12f-023a3466045b-EndpointStateMachineTaskThread-/0.0.0.0:15002-0 ] INFO  volume.ThrottledAsyncChecker (ThrottledAsyncChecker.java:schedule(138)) - Scheduling a check for /home/runner/work/ozone/ozone/hadoop-ozone/integration-test/target/test-dir/MiniOzoneClusterImpl-09c4c6e1-5ab0-4195-ac7b-5aec6defaa36/ozone-meta/datanode-9/ratis
2025-07-19 06:07:10,748 [e4fa6cd0-dc30-4550-b12f-023a3466045b-EndpointStateMachineTaskThread-/0.0.0.0:15002-0 ] INFO  volume.StorageVolumeChecker (StorageVolumeChecker.java:checkAllVolumes(231)) - Scheduled health check for volume /home/runner/work/ozone/ozone/hadoop-ozone/integration-test/target/test-dir/MiniOzoneClusterImpl-09c4c6e1-5ab0-4195-ac7b-5aec6defaa36/ozone-meta/datanode-9/ratis
2025-07-19 06:07:10,749 [e4fa6cd0-dc30-4550-b12f-023a3466045b-EndpointStateMachineTaskThread-/0.0.0.0:15002-0 ] INFO  ozoneimpl.OzoneContainer (OzoneContainer.java:start(520)) - Attempting to start container services.
2025-07-19 06:07:10,750 [ContainerMetadataScanner] INFO  ozoneimpl.AbstractBackgroundContainerScanner (AbstractBackgroundContainerScanner.java:runIteration(89)) - Completed an iteration in 0 minutes. Number of iterations (since the data-node restart) : 1, Number of containers scanned in this iteration : 0, Number of unhealthy containers found in this iteration : 0
2025-07-19 06:07:10,750 [ContainerDataScanner(/home/runner/work/ozone/ozone/hadoop-ozone/integration-test/target/test-dir/MiniOzoneClusterImpl-09c4c6e1-5ab0-4195-ac7b-5aec6defaa36/ozone-meta/datanode-9/data-0/hdds)] INFO  ozoneimpl.AbstractBackgroundContainerScanner (AbstractBackgroundContainerScanner.java:runIteration(89)) - Completed an iteration in 0 minutes. Number of iterations (since the data-node restart) : 1, Number of containers scanned in this iteration : 0, Number of unhealthy containers found in this iteration : 0
2025-07-19 06:07:10,751 [e4fa6cd0-dc30-4550-b12f-023a3466045b-EndpointStateMachineTaskThread-/0.0.0.0:15002-0 ] INFO  replication.ReplicationServer (ReplicationServer.java:start(137)) - ReplicationServer is started using port 15081
2025-07-19 06:07:10,751 [e4fa6cd0-dc30-4550-b12f-023a3466045b-EndpointStateMachineTaskThread-/0.0.0.0:15002-0 ] INFO  ratis.XceiverServerRatis (XceiverServerRatis.java:start(559)) - Starting XceiverServerRatis(e4fa6cd0-dc30-4550-b12f-023a3466045b)
2025-07-19 06:07:10,752 [e4fa6cd0-dc30-4550-b12f-023a3466045b-EndpointStateMachineTaskThread-/0.0.0.0:15002-0 ] INFO  server.RaftServer (RaftServerProxy.java:startImpl(412)) - e4fa6cd0-dc30-4550-b12f-023a3466045b: start RPC server
2025-07-19 06:07:10,752 [e4fa6cd0-dc30-4550-b12f-023a3466045b-EndpointStateMachineTaskThread-/0.0.0.0:15002-0 ] INFO  server.GrpcServicesImpl (GrpcServicesImpl.java:startImpl(346)) - e4fa6cd0-dc30-4550-b12f-023a3466045b: GrpcServicesImpl started, listening on 15077
2025-07-19 06:07:10,752 [e4fa6cd0-dc30-4550-b12f-023a3466045b-EndpointStateMachineTaskThread-/0.0.0.0:15002-0 ] INFO  server.GrpcServicesImpl (GrpcServicesImpl.java:startImpl(346)) - e4fa6cd0-dc30-4550-b12f-023a3466045b: GrpcServicesImpl started, listening on 15079
2025-07-19 06:07:10,753 [e4fa6cd0-dc30-4550-b12f-023a3466045b-EndpointStateMachineTaskThread-/0.0.0.0:15002-0 ] INFO  server.GrpcServicesImpl (GrpcServicesImpl.java:startImpl(346)) - e4fa6cd0-dc30-4550-b12f-023a3466045b: GrpcServicesImpl started, listening on 15078
2025-07-19 06:07:10,753 [e4fa6cd0-dc30-4550-b12f-023a3466045b-EndpointStateMachineTaskThread-/0.0.0.0:15002-0 ] INFO  ratis.XceiverServerRatis (XceiverServerRatis.java:getRealPort(586)) - XceiverServerRatis(e4fa6cd0-dc30-4550-b12f-023a3466045b) is started using port RATIS=15077
2025-07-19 06:07:10,753 [JvmPauseMonitor11] INFO  util.JvmPauseMonitor (JvmPauseMonitor.java:run(146)) - JvmPauseMonitor-e4fa6cd0-dc30-4550-b12f-023a3466045b: Started
2025-07-19 06:07:10,753 [e4fa6cd0-dc30-4550-b12f-023a3466045b-EndpointStateMachineTaskThread-/0.0.0.0:15002-0 ] INFO  ratis.XceiverServerRatis (XceiverServerRatis.java:getRealPort(586)) - XceiverServerRatis(e4fa6cd0-dc30-4550-b12f-023a3466045b) is started using port RATIS_ADMIN=15078
2025-07-19 06:07:10,753 [e4fa6cd0-dc30-4550-b12f-023a3466045b-EndpointStateMachineTaskThread-/0.0.0.0:15002-0 ] INFO  ratis.XceiverServerRatis (XceiverServerRatis.java:getRealPort(586)) - XceiverServerRatis(e4fa6cd0-dc30-4550-b12f-023a3466045b) is started using port RATIS_SERVER=15079
2025-07-19 06:07:10,753 [e4fa6cd0-dc30-4550-b12f-023a3466045b-EndpointStateMachineTaskThread-/0.0.0.0:15002-0 ] INFO  ratis.XceiverServerRatis (XceiverServerRatis.java:getRealPort(586)) - XceiverServerRatis(e4fa6cd0-dc30-4550-b12f-023a3466045b) is started using port RATIS_DATASTREAM=15080
2025-07-19 06:07:10,754 [e4fa6cd0-dc30-4550-b12f-023a3466045b-EndpointStateMachineTaskThread-/0.0.0.0:15002-0 ] INFO  utils.BackgroundService (BackgroundService.java:start(118)) - Starting service BlockDeletingService with interval 60000 milliseconds
2025-07-19 06:07:10,754 [e4fa6cd0-dc30-4550-b12f-023a3466045b-EndpointStateMachineTaskThread-/0.0.0.0:15002-0 ] INFO  utils.BackgroundService (BackgroundService.java:start(118)) - Starting service StaleRecoveringContainerScrubbingService with interval 60000 milliseconds
2025-07-19 06:07:10,768 [EventQueue-PipelineReportForOneReplicaPipelineSafeModeRule] INFO  safemode.SCMSafeModeManager (SCMSafeModeManager.java:validateSafeModeExitRules(138)) - AtleastOneDatanodeReportedRule rule is successfully validated
2025-07-19 06:07:10,783 [7e15f5a0-0f8f-4a50-92e4-d2f5038b0085-PipelineCommandHandlerThread-0] INFO  server.RaftServer (RaftServerProxy.java:addNew(105)) - 7e15f5a0-0f8f-4a50-92e4-d2f5038b0085: addNew group-5117D64484D9:[7e15f5a0-0f8f-4a50-92e4-d2f5038b0085|127.0.0.1:15015] returns group-5117D64484D9:java.util.concurrent.CompletableFuture@5aa0e448[Not completed]
2025-07-19 06:07:10,789 [7e15f5a0-0f8f-4a50-92e4-d2f5038b0085-groupManagement] INFO  server.RaftServer$Division (RaftServerImpl.java:<init>(268)) - 7e15f5a0-0f8f-4a50-92e4-d2f5038b0085: new RaftServerImpl for group-5117D64484D9:[7e15f5a0-0f8f-4a50-92e4-d2f5038b0085|127.0.0.1:15015] with ContainerStateMachine:uninitialized
2025-07-19 06:07:10,789 [7e15f5a0-0f8f-4a50-92e4-d2f5038b0085-groupManagement] INFO  server.RaftServerConfigKeys (ConfUtils.java:logGet(62)) - raft.server.rpc.timeout.min = 5s (custom)
2025-07-19 06:07:10,789 [7e15f5a0-0f8f-4a50-92e4-d2f5038b0085-groupManagement] INFO  server.RaftServerConfigKeys (ConfUtils.java:logGet(62)) - raft.server.rpc.timeout.max = 5200ms (custom)
2025-07-19 06:07:10,789 [7e15f5a0-0f8f-4a50-92e4-d2f5038b0085-groupManagement] INFO  server.RaftServerConfigKeys (ConfUtils.java:logGet(62)) - raft.server.rpc.slowness.timeout = 300000ms (custom)
2025-07-19 06:07:10,789 [7e15f5a0-0f8f-4a50-92e4-d2f5038b0085-groupManagement] INFO  server.RaftServer$Division (ServerState.java:<init>(114)) - 7e15f5a0-0f8f-4a50-92e4-d2f5038b0085@group-5117D64484D9: ConfigurationManager, init=conf: {index: -1, cur=peers:[7e15f5a0-0f8f-4a50-92e4-d2f5038b0085|127.0.0.1:15015]|listeners:[], old=null}, confs=<EMPTY_MAP>
2025-07-19 06:07:10,790 [7e15f5a0-0f8f-4a50-92e4-d2f5038b0085-groupManagement] INFO  server.RaftServerConfigKeys (ConfUtils.java:logGet(62)) - raft.server.notification.no-leader.timeout = 300000ms (custom)
2025-07-19 06:07:10,790 [7e15f5a0-0f8f-4a50-92e4-d2f5038b0085-groupManagement] INFO  server.RaftServerConfigKeys (ConfUtils.java:logGet(62)) - raft.server.retrycache.expirytime = 600000ms (custom)
2025-07-19 06:07:10,798 [7e15f5a0-0f8f-4a50-92e4-d2f5038b0085-groupManagement] INFO  server.RaftServerConfigKeys (ConfUtils.java:logGet(62)) - raft.server.storage.dir = [/home/runner/work/ozone/ozone/hadoop-ozone/integration-test/target/test-dir/MiniOzoneClusterImpl-09c4c6e1-5ab0-4195-ac7b-5aec6defaa36/ozone-meta/datanode-1/ratis] (custom)
2025-07-19 06:07:10,798 [7e15f5a0-0f8f-4a50-92e4-d2f5038b0085-groupManagement] INFO  storage.RaftStorageDirectory (RaftStorageDirectoryImpl.java:analyzeStorage(138)) - The storage directory /home/runner/work/ozone/ozone/hadoop-ozone/integration-test/target/test-dir/MiniOzoneClusterImpl-09c4c6e1-5ab0-4195-ac7b-5aec6defaa36/ozone-meta/datanode-1/ratis/88b7bdbc-1734-442a-b4e1-5117d64484d9 does not exist. Creating ...
2025-07-19 06:07:10,801 [7e15f5a0-0f8f-4a50-92e4-d2f5038b0085-groupManagement] INFO  storage.RaftStorageDirectory (RaftStorageDirectoryImpl.java:tryLock(229)) - Lock on /home/runner/work/ozone/ozone/hadoop-ozone/integration-test/target/test-dir/MiniOzoneClusterImpl-09c4c6e1-5ab0-4195-ac7b-5aec6defaa36/ozone-meta/datanode-1/ratis/88b7bdbc-1734-442a-b4e1-5117d64484d9/in_use.lock acquired by nodename 18124@localhost
2025-07-19 06:07:10,802 [7e15f5a0-0f8f-4a50-92e4-d2f5038b0085-groupManagement] INFO  storage.RaftStorage (RaftStorageImpl.java:format(98)) - Storage directory /home/runner/work/ozone/ozone/hadoop-ozone/integration-test/target/test-dir/MiniOzoneClusterImpl-09c4c6e1-5ab0-4195-ac7b-5aec6defaa36/ozone-meta/datanode-1/ratis/88b7bdbc-1734-442a-b4e1-5117d64484d9 has been successfully formatted.
2025-07-19 06:07:10,803 [7e15f5a0-0f8f-4a50-92e4-d2f5038b0085-groupManagement] INFO  ratis.ContainerStateMachine (ContainerStateMachine.java:initialize(339)) - 7e15f5a0-0f8f-4a50-92e4-d2f5038b0085: initialize group-5117D64484D9
2025-07-19 06:07:10,804 [7e15f5a0-0f8f-4a50-92e4-d2f5038b0085-groupManagement] INFO  ratis.ContainerStateMachine (ContainerStateMachine.java:loadSnapshot(347)) - group-5117D64484D9: The snapshot info is null. Setting the last applied index to:<INITIAL_VALUE>
2025-07-19 06:07:10,804 [7e15f5a0-0f8f-4a50-92e4-d2f5038b0085-groupManagement] INFO  server.RaftServerConfigKeys (ConfUtils.java:logGet(62)) - raft.server.log.appender.buffer.byte-limit = 33554432 (custom)
2025-07-19 06:07:10,807 [EventQueue-PipelineReportForOneReplicaPipelineSafeModeRule] INFO  safemode.SCMSafeModeManager (SCMSafeModeManager.java:validateSafeModeExitRules(138)) - AtleastOneDatanodeReportedRule rule is successfully validated
2025-07-19 06:07:10,809 [7e15f5a0-0f8f-4a50-92e4-d2f5038b0085-groupManagement] INFO  server.RaftServerConfigKeys (ConfUtils.java:logGet(62)) - raft.server.log.segment.size.max = 67108864 (custom)
2025-07-19 06:07:10,809 [7e15f5a0-0f8f-4a50-92e4-d2f5038b0085-groupManagement] INFO  server.RaftServerConfigKeys (ConfUtils.java:logGet(62)) - raft.server.log.appender.buffer.byte-limit = 33554432 (custom)
2025-07-19 06:07:10,810 [7e15f5a0-0f8f-4a50-92e4-d2f5038b0085-groupManagement] INFO  util.AwaitToRun (AwaitToRun.java:start(81)) - Thread[#1149,7e15f5a0-0f8f-4a50-92e4-d2f5038b0085@group-5117D64484D9-cacheEviction-AwaitToRun,5,main] started
2025-07-19 06:07:10,810 [7e15f5a0-0f8f-4a50-92e4-d2f5038b0085-groupManagement] INFO  segmented.SegmentedRaftLogWorker (SegmentedRaftLogWorker.java:<init>(190)) - new 7e15f5a0-0f8f-4a50-92e4-d2f5038b0085@group-5117D64484D9-SegmentedRaftLogWorker for RaftStorageImpl:Storage Directory /home/runner/work/ozone/ozone/hadoop-ozone/integration-test/target/test-dir/MiniOzoneClusterImpl-09c4c6e1-5ab0-4195-ac7b-5aec6defaa36/ozone-meta/datanode-1/ratis/88b7bdbc-1734-442a-b4e1-5117d64484d9
2025-07-19 06:07:10,810 [7e15f5a0-0f8f-4a50-92e4-d2f5038b0085-groupManagement] INFO  server.RaftServerConfigKeys (ConfUtils.java:logGet(62)) - raft.server.log.queue.byte-limit = 4294967296 (custom)
2025-07-19 06:07:10,810 [7e15f5a0-0f8f-4a50-92e4-d2f5038b0085-groupManagement] INFO  server.RaftServerConfigKeys (ConfUtils.java:logGet(62)) - raft.server.log.queue.element-limit = 1024 (custom)
2025-07-19 06:07:10,810 [7e15f5a0-0f8f-4a50-92e4-d2f5038b0085-groupManagement] INFO  server.RaftServerConfigKeys (ConfUtils.java:logGet(62)) - raft.server.log.segment.size.max = 67108864 (custom)
2025-07-19 06:07:10,810 [7e15f5a0-0f8f-4a50-92e4-d2f5038b0085-groupManagement] INFO  server.RaftServerConfigKeys (ConfUtils.java:logGet(62)) - raft.server.log.preallocated.size = 4194304 (custom)
2025-07-19 06:07:10,810 [7e15f5a0-0f8f-4a50-92e4-d2f5038b0085-groupManagement] INFO  server.RaftServerConfigKeys (ConfUtils.java:logGet(62)) - raft.server.log.statemachine.data.sync.timeout.retry = 30 (custom)
2025-07-19 06:07:10,811 [7e15f5a0-0f8f-4a50-92e4-d2f5038b0085-groupManagement] INFO  server.RaftServerConfigKeys (ConfUtils.java:logGet(62)) - raft.server.log.write.buffer.size = 33554440 (custom)
2025-07-19 06:07:10,815 [885623d6-9da4-492b-a87d-998872f93ab6@group-5AEC6DEFAA36-StateMachineUpdater] INFO  safemode.SCMSafeModeManager (SCMSafeModeManager.java:validateSafeModeExitRules(138)) - DataNodeSafeModeRule rule is successfully validated
2025-07-19 06:07:10,815 [885623d6-9da4-492b-a87d-998872f93ab6@group-5AEC6DEFAA36-StateMachineUpdater] INFO  safemode.SCMSafeModeManager (SCMSafeModeManager.java:validateSafeModeExitRules(138)) - RatisContainerSafeModeRule rule is successfully validated
2025-07-19 06:07:10,815 [885623d6-9da4-492b-a87d-998872f93ab6@group-5AEC6DEFAA36-StateMachineUpdater] INFO  safemode.HealthyPipelineSafeModeRule (HealthyPipelineSafeModeRule.java:initializeRule(228)) - Refreshed total pipeline count is 0, healthy pipeline threshold count is 1
2025-07-19 06:07:10,816 [885623d6-9da4-492b-a87d-998872f93ab6@group-5AEC6DEFAA36-StateMachineUpdater] INFO  safemode.SCMSafeModeManager (SCMSafeModeManager.java:validateSafeModeExitRules(138)) - ECContainerSafeModeRule rule is successfully validated
2025-07-19 06:07:10,816 [885623d6-9da4-492b-a87d-998872f93ab6@group-5AEC6DEFAA36-StateMachineUpdater] INFO  safemode.SCMSafeModeManager (SCMSafeModeManager.java:validateSafeModeExitRules(138)) - AtleastOneDatanodeReportedRule rule is successfully validated
2025-07-19 06:07:10,816 [EventQueue-PipelineReportForPipelineReportHandler] INFO  pipeline.PipelineReportHandler (PipelineReportHandler.java:processPipelineReport(134)) - Opened pipeline Pipeline-88b7bdbc-1734-442a-b4e1-5117d64484d9
2025-07-19 06:07:10,817 [7e15f5a0-0f8f-4a50-92e4-d2f5038b0085-groupManagement] INFO  server.RaftServerConfigKeys (ConfUtils.java:logGet(62)) - raft.server.log.appender.buffer.byte-limit = 33554432 (custom)
2025-07-19 06:07:10,817 [7e15f5a0-0f8f-4a50-92e4-d2f5038b0085-groupManagement] INFO  server.RaftServerConfigKeys (ConfUtils.java:logGet(62)) - raft.server.log.statemachine.data.caching.enabled = true (custom)
2025-07-19 06:07:10,817 [7e15f5a0-0f8f-4a50-92e4-d2f5038b0085-groupManagement] INFO  segmented.SegmentedRaftLogWorker (SegmentedRaftLogWorker.java:lambda$new$0(141)) - 7e15f5a0-0f8f-4a50-92e4-d2f5038b0085@group-5117D64484D9-SegmentedRaftLogWorker: flushIndex: setUnconditionally 0 -> -1
2025-07-19 06:07:10,817 [7e15f5a0-0f8f-4a50-92e4-d2f5038b0085-groupManagement] INFO  segmented.SegmentedRaftLogWorker (SegmentedRaftLogWorker.java:lambda$new$0(141)) - 7e15f5a0-0f8f-4a50-92e4-d2f5038b0085@group-5117D64484D9-SegmentedRaftLogWorker: safeCacheEvictIndex: setUnconditionally 0 -> -1
2025-07-19 06:07:10,817 [7e15f5a0-0f8f-4a50-92e4-d2f5038b0085-groupManagement] INFO  server.RaftServer$Division (RaftServerImpl.java:start(405)) - 7e15f5a0-0f8f-4a50-92e4-d2f5038b0085@group-5117D64484D9: start as a follower, conf=conf: {index: -1, cur=peers:[7e15f5a0-0f8f-4a50-92e4-d2f5038b0085|127.0.0.1:15015]|listeners:[], old=null}
2025-07-19 06:07:10,818 [7e15f5a0-0f8f-4a50-92e4-d2f5038b0085-groupManagement] INFO  server.RaftServer$Division (RaftServerImpl.java:setRole(392)) - 7e15f5a0-0f8f-4a50-92e4-d2f5038b0085@group-5117D64484D9: changes role from      null to FOLLOWER at term 0 for startAsFollower
2025-07-19 06:07:10,818 [7e15f5a0-0f8f-4a50-92e4-d2f5038b0085-groupManagement] INFO  impl.RoleInfo (RoleInfo.java:updateAndGet(148)) - 7e15f5a0-0f8f-4a50-92e4-d2f5038b0085: start 7e15f5a0-0f8f-4a50-92e4-d2f5038b0085@group-5117D64484D9-FollowerState
2025-07-19 06:07:10,818 [7e15f5a0-0f8f-4a50-92e4-d2f5038b0085-groupManagement] INFO  util.JmxRegister (JmxRegister.java:tryRegister(44)) - Successfully registered JMX Bean with object name Ratis:service=RaftServer,group=group-5117D64484D9,id=7e15f5a0-0f8f-4a50-92e4-d2f5038b0085
2025-07-19 06:07:10,819 [7e15f5a0-0f8f-4a50-92e4-d2f5038b0085-groupManagement] INFO  util.JmxRegister (JmxRegister.java:register(58)) - register mxBean class org.apache.ratis.server.impl.RaftServerJmxAdapter as Ratis:service=RaftServer,group=group-5117D64484D9,id=7e15f5a0-0f8f-4a50-92e4-d2f5038b0085
2025-07-19 06:07:10,819 [7e15f5a0-0f8f-4a50-92e4-d2f5038b0085-groupManagement] INFO  server.RaftServerConfigKeys (ConfUtils.java:logGet(62)) - raft.server.snapshot.auto.trigger.threshold = 1 (custom)
2025-07-19 06:07:10,819 [7e15f5a0-0f8f-4a50-92e4-d2f5038b0085-groupManagement] INFO  server.RaftServerConfigKeys (ConfUtils.java:logGet(62)) - raft.server.snapshot.retention.file.num = 5 (custom)
2025-07-19 06:07:10,819 [7e15f5a0-0f8f-4a50-92e4-d2f5038b0085-groupManagement] INFO  server.RaftServerConfigKeys (ConfUtils.java:logGet(62)) - raft.server.log.purge.upto.snapshot.index = false (default)
2025-07-19 06:07:10,820 [7e15f5a0-0f8f-4a50-92e4-d2f5038b0085-groupManagement] INFO  server.RaftServer$Division (RaftServerImpl.java:start(419)) - 7e15f5a0-0f8f-4a50-92e4-d2f5038b0085@group-5117D64484D9: Successfully started.
2025-07-19 06:07:10,821 [7e15f5a0-0f8f-4a50-92e4-d2f5038b0085-PipelineCommandHandlerThread-0] INFO  ratis.XceiverServerRatis (XceiverServerRatis.java:addGroup(843)) - Created group Pipeline-88b7bdbc-1734-442a-b4e1-5117d64484d9
2025-07-19 06:07:10,821 [7e15f5a0-0f8f-4a50-92e4-d2f5038b0085-PipelineCommandHandlerThread-0] INFO  commandhandler.CreatePipelineCommandHandler (CreatePipelineCommandHandler.java:lambda$handle$2(127)) - Created Pipeline RATIS ONE Pipeline-88b7bdbc-1734-442a-b4e1-5117d64484d9.
2025-07-19 06:07:10,822 [7e15f5a0-0f8f-4a50-92e4-d2f5038b0085-PipelineCommandHandlerThread-0] INFO  server.RaftServer (RaftServerProxy.java:addNew(105)) - 7e15f5a0-0f8f-4a50-92e4-d2f5038b0085: addNew group-0132FE54E6CF:[7e15f5a0-0f8f-4a50-92e4-d2f5038b0085|127.0.0.1:15015, aa0cb613-fc94-4131-90ab-17bcd78458c4|127.0.0.1:15023, 86838f6f-3dde-42b5-b01a-58c95bf80430|127.0.0.1:15031] returns group-0132FE54E6CF:java.util.concurrent.CompletableFuture@2d9998f8[Not completed]
2025-07-19 06:07:10,823 [7e15f5a0-0f8f-4a50-92e4-d2f5038b0085-groupManagement] INFO  server.RaftServer$Division (RaftServerImpl.java:<init>(268)) - 7e15f5a0-0f8f-4a50-92e4-d2f5038b0085: new RaftServerImpl for group-0132FE54E6CF:[7e15f5a0-0f8f-4a50-92e4-d2f5038b0085|127.0.0.1:15015, aa0cb613-fc94-4131-90ab-17bcd78458c4|127.0.0.1:15023, 86838f6f-3dde-42b5-b01a-58c95bf80430|127.0.0.1:15031] with ContainerStateMachine:uninitialized
2025-07-19 06:07:10,823 [7e15f5a0-0f8f-4a50-92e4-d2f5038b0085-groupManagement] INFO  server.RaftServer$Division (ServerState.java:<init>(114)) - 7e15f5a0-0f8f-4a50-92e4-d2f5038b0085@group-0132FE54E6CF: ConfigurationManager, init=conf: {index: -1, cur=peers:[7e15f5a0-0f8f-4a50-92e4-d2f5038b0085|127.0.0.1:15015, aa0cb613-fc94-4131-90ab-17bcd78458c4|127.0.0.1:15023, 86838f6f-3dde-42b5-b01a-58c95bf80430|127.0.0.1:15031]|listeners:[], old=null}, confs=<EMPTY_MAP>
2025-07-19 06:07:10,830 [7e15f5a0-0f8f-4a50-92e4-d2f5038b0085-groupManagement] INFO  storage.RaftStorageDirectory (RaftStorageDirectoryImpl.java:analyzeStorage(138)) - The storage directory /home/runner/work/ozone/ozone/hadoop-ozone/integration-test/target/test-dir/MiniOzoneClusterImpl-09c4c6e1-5ab0-4195-ac7b-5aec6defaa36/ozone-meta/datanode-1/ratis/a1dcb70a-c8f9-4212-ac4f-0132fe54e6cf does not exist. Creating ...
2025-07-19 06:07:10,833 [7e15f5a0-0f8f-4a50-92e4-d2f5038b0085-groupManagement] INFO  storage.RaftStorageDirectory (RaftStorageDirectoryImpl.java:tryLock(229)) - Lock on /home/runner/work/ozone/ozone/hadoop-ozone/integration-test/target/test-dir/MiniOzoneClusterImpl-09c4c6e1-5ab0-4195-ac7b-5aec6defaa36/ozone-meta/datanode-1/ratis/a1dcb70a-c8f9-4212-ac4f-0132fe54e6cf/in_use.lock acquired by nodename 18124@localhost
2025-07-19 06:07:10,834 [7e15f5a0-0f8f-4a50-92e4-d2f5038b0085-groupManagement] INFO  storage.RaftStorage (RaftStorageImpl.java:format(98)) - Storage directory /home/runner/work/ozone/ozone/hadoop-ozone/integration-test/target/test-dir/MiniOzoneClusterImpl-09c4c6e1-5ab0-4195-ac7b-5aec6defaa36/ozone-meta/datanode-1/ratis/a1dcb70a-c8f9-4212-ac4f-0132fe54e6cf has been successfully formatted.
2025-07-19 06:07:10,835 [7e15f5a0-0f8f-4a50-92e4-d2f5038b0085-groupManagement] INFO  ratis.ContainerStateMachine (ContainerStateMachine.java:initialize(339)) - 7e15f5a0-0f8f-4a50-92e4-d2f5038b0085: initialize group-0132FE54E6CF
2025-07-19 06:07:10,835 [7e15f5a0-0f8f-4a50-92e4-d2f5038b0085-groupManagement] INFO  ratis.ContainerStateMachine (ContainerStateMachine.java:loadSnapshot(347)) - group-0132FE54E6CF: The snapshot info is null. Setting the last applied index to:<INITIAL_VALUE>
2025-07-19 06:07:10,835 [7e15f5a0-0f8f-4a50-92e4-d2f5038b0085-groupManagement] INFO  server.RaftServerConfigKeys (ConfUtils.java:logGet(62)) - raft.server.log.appender.buffer.byte-limit = 33554432 (custom)
2025-07-19 06:07:10,837 [EventQueue-PipelineReportForOneReplicaPipelineSafeModeRule] INFO  safemode.SCMSafeModeManager (SCMSafeModeManager.java:validateSafeModeExitRules(138)) - AtleastOneDatanodeReportedRule rule is successfully validated
2025-07-19 06:07:10,839 [7e15f5a0-0f8f-4a50-92e4-d2f5038b0085-groupManagement] INFO  server.RaftServerConfigKeys (ConfUtils.java:logGet(62)) - raft.server.log.segment.size.max = 67108864 (custom)
2025-07-19 06:07:10,840 [7e15f5a0-0f8f-4a50-92e4-d2f5038b0085-groupManagement] INFO  server.RaftServerConfigKeys (ConfUtils.java:logGet(62)) - raft.server.log.appender.buffer.byte-limit = 33554432 (custom)
2025-07-19 06:07:10,840 [7e15f5a0-0f8f-4a50-92e4-d2f5038b0085-groupManagement] INFO  util.AwaitToRun (AwaitToRun.java:start(81)) - Thread[#1154,7e15f5a0-0f8f-4a50-92e4-d2f5038b0085@group-0132FE54E6CF-cacheEviction-AwaitToRun,5,main] started
2025-07-19 06:07:10,840 [7e15f5a0-0f8f-4a50-92e4-d2f5038b0085-groupManagement] INFO  segmented.SegmentedRaftLogWorker (SegmentedRaftLogWorker.java:<init>(190)) - new 7e15f5a0-0f8f-4a50-92e4-d2f5038b0085@group-0132FE54E6CF-SegmentedRaftLogWorker for RaftStorageImpl:Storage Directory /home/runner/work/ozone/ozone/hadoop-ozone/integration-test/target/test-dir/MiniOzoneClusterImpl-09c4c6e1-5ab0-4195-ac7b-5aec6defaa36/ozone-meta/datanode-1/ratis/a1dcb70a-c8f9-4212-ac4f-0132fe54e6cf
2025-07-19 06:07:10,841 [7e15f5a0-0f8f-4a50-92e4-d2f5038b0085-groupManagement] INFO  server.RaftServerConfigKeys (ConfUtils.java:logGet(62)) - raft.server.log.queue.byte-limit = 4294967296 (custom)
2025-07-19 06:07:10,841 [7e15f5a0-0f8f-4a50-92e4-d2f5038b0085-groupManagement] INFO  server.RaftServerConfigKeys (ConfUtils.java:logGet(62)) - raft.server.log.segment.size.max = 67108864 (custom)
2025-07-19 06:07:10,841 [7e15f5a0-0f8f-4a50-92e4-d2f5038b0085-groupManagement] INFO  server.RaftServerConfigKeys (ConfUtils.java:logGet(62)) - raft.server.log.preallocated.size = 4194304 (custom)
2025-07-19 06:07:10,841 [7e15f5a0-0f8f-4a50-92e4-d2f5038b0085-groupManagement] INFO  server.RaftServerConfigKeys (ConfUtils.java:logGet(62)) - raft.server.log.write.buffer.size = 33554440 (custom)
2025-07-19 06:07:10,845 [aa0cb613-fc94-4131-90ab-17bcd78458c4-PipelineCommandHandlerThread-0] INFO  server.RaftServer (RaftServerProxy.java:addNew(105)) - aa0cb613-fc94-4131-90ab-17bcd78458c4: addNew group-36B9588D9EB5:[aa0cb613-fc94-4131-90ab-17bcd78458c4|127.0.0.1:15023] returns group-36B9588D9EB5:java.util.concurrent.CompletableFuture@33c6dc36[Not completed]
2025-07-19 06:07:10,847 [7e15f5a0-0f8f-4a50-92e4-d2f5038b0085-groupManagement] INFO  server.RaftServerConfigKeys (ConfUtils.java:logGet(62)) - raft.server.log.appender.buffer.byte-limit = 33554432 (custom)
2025-07-19 06:07:10,847 [7e15f5a0-0f8f-4a50-92e4-d2f5038b0085-groupManagement] INFO  segmented.SegmentedRaftLogWorker (SegmentedRaftLogWorker.java:lambda$new$0(141)) - 7e15f5a0-0f8f-4a50-92e4-d2f5038b0085@group-0132FE54E6CF-SegmentedRaftLogWorker: flushIndex: setUnconditionally 0 -> -1
2025-07-19 06:07:10,847 [7e15f5a0-0f8f-4a50-92e4-d2f5038b0085-groupManagement] INFO  segmented.SegmentedRaftLogWorker (SegmentedRaftLogWorker.java:lambda$new$0(141)) - 7e15f5a0-0f8f-4a50-92e4-d2f5038b0085@group-0132FE54E6CF-SegmentedRaftLogWorker: safeCacheEvictIndex: setUnconditionally 0 -> -1
2025-07-19 06:07:10,847 [aa0cb613-fc94-4131-90ab-17bcd78458c4-groupManagement] INFO  server.RaftServer$Division (RaftServerImpl.java:<init>(268)) - aa0cb613-fc94-4131-90ab-17bcd78458c4: new RaftServerImpl for group-36B9588D9EB5:[aa0cb613-fc94-4131-90ab-17bcd78458c4|127.0.0.1:15023] with ContainerStateMachine:uninitialized
2025-07-19 06:07:10,847 [aa0cb613-fc94-4131-90ab-17bcd78458c4-groupManagement] INFO  server.RaftServer$Division (ServerState.java:<init>(114)) - aa0cb613-fc94-4131-90ab-17bcd78458c4@group-36B9588D9EB5: ConfigurationManager, init=conf: {index: -1, cur=peers:[aa0cb613-fc94-4131-90ab-17bcd78458c4|127.0.0.1:15023]|listeners:[], old=null}, confs=<EMPTY_MAP>
2025-07-19 06:07:10,849 [EventQueue-PipelineReportForOneReplicaPipelineSafeModeRule] INFO  safemode.SCMSafeModeManager (SCMSafeModeManager.java:validateSafeModeExitRules(138)) - AtleastOneDatanodeReportedRule rule is successfully validated
2025-07-19 06:07:10,850 [7e15f5a0-0f8f-4a50-92e4-d2f5038b0085-groupManagement] INFO  server.RaftServer$Division (RaftServerImpl.java:start(405)) - 7e15f5a0-0f8f-4a50-92e4-d2f5038b0085@group-0132FE54E6CF: start as a follower, conf=conf: {index: -1, cur=peers:[7e15f5a0-0f8f-4a50-92e4-d2f5038b0085|127.0.0.1:15015, aa0cb613-fc94-4131-90ab-17bcd78458c4|127.0.0.1:15023, 86838f6f-3dde-42b5-b01a-58c95bf80430|127.0.0.1:15031]|listeners:[], old=null}
2025-07-19 06:07:10,850 [7e15f5a0-0f8f-4a50-92e4-d2f5038b0085-groupManagement] INFO  server.RaftServer$Division (RaftServerImpl.java:setRole(392)) - 7e15f5a0-0f8f-4a50-92e4-d2f5038b0085@group-0132FE54E6CF: changes role from      null to FOLLOWER at term 0 for startAsFollower
2025-07-19 06:07:10,850 [7e15f5a0-0f8f-4a50-92e4-d2f5038b0085-groupManagement] INFO  impl.RoleInfo (RoleInfo.java:updateAndGet(148)) - 7e15f5a0-0f8f-4a50-92e4-d2f5038b0085: start 7e15f5a0-0f8f-4a50-92e4-d2f5038b0085@group-0132FE54E6CF-FollowerState
2025-07-19 06:07:10,851 [7e15f5a0-0f8f-4a50-92e4-d2f5038b0085-groupManagement] INFO  util.JmxRegister (JmxRegister.java:tryRegister(44)) - Successfully registered JMX Bean with object name Ratis:service=RaftServer,group=group-0132FE54E6CF,id=7e15f5a0-0f8f-4a50-92e4-d2f5038b0085
2025-07-19 06:07:10,851 [7e15f5a0-0f8f-4a50-92e4-d2f5038b0085-groupManagement] INFO  util.JmxRegister (JmxRegister.java:register(58)) - register mxBean class org.apache.ratis.server.impl.RaftServerJmxAdapter as Ratis:service=RaftServer,group=group-0132FE54E6CF,id=7e15f5a0-0f8f-4a50-92e4-d2f5038b0085
2025-07-19 06:07:10,854 [EventQueue-PipelineReportForOneReplicaPipelineSafeModeRule] INFO  safemode.SCMSafeModeManager (SCMSafeModeManager.java:validateSafeModeExitRules(138)) - AtleastOneDatanodeReportedRule rule is successfully validated
2025-07-19 06:07:10,856 [7e15f5a0-0f8f-4a50-92e4-d2f5038b0085-groupManagement] INFO  server.RaftServer$Division (RaftServerImpl.java:start(419)) - 7e15f5a0-0f8f-4a50-92e4-d2f5038b0085@group-0132FE54E6CF: Successfully started.
2025-07-19 06:07:10,857 [7e15f5a0-0f8f-4a50-92e4-d2f5038b0085-PipelineCommandHandlerThread-0] INFO  ratis.XceiverServerRatis (XceiverServerRatis.java:addGroup(843)) - Created group Pipeline-a1dcb70a-c8f9-4212-ac4f-0132fe54e6cf
2025-07-19 06:07:10,857 [aa0cb613-fc94-4131-90ab-17bcd78458c4-groupManagement] INFO  server.RaftServerConfigKeys (ConfUtils.java:logGet(62)) - raft.server.storage.dir = [/home/runner/work/ozone/ozone/hadoop-ozone/integration-test/target/test-dir/MiniOzoneClusterImpl-09c4c6e1-5ab0-4195-ac7b-5aec6defaa36/ozone-meta/datanode-2/ratis] (custom)
2025-07-19 06:07:10,858 [aa0cb613-fc94-4131-90ab-17bcd78458c4-groupManagement] INFO  storage.RaftStorageDirectory (RaftStorageDirectoryImpl.java:analyzeStorage(138)) - The storage directory /home/runner/work/ozone/ozone/hadoop-ozone/integration-test/target/test-dir/MiniOzoneClusterImpl-09c4c6e1-5ab0-4195-ac7b-5aec6defaa36/ozone-meta/datanode-2/ratis/850d62e6-9d07-48c2-bfd0-36b9588d9eb5 does not exist. Creating ...
2025-07-19 06:07:10,858 [aa0cb613-fc94-4131-90ab-17bcd78458c4-groupManagement] INFO  storage.RaftStorageDirectory (RaftStorageDirectoryImpl.java:tryLock(229)) - Lock on /home/runner/work/ozone/ozone/hadoop-ozone/integration-test/target/test-dir/MiniOzoneClusterImpl-09c4c6e1-5ab0-4195-ac7b-5aec6defaa36/ozone-meta/datanode-2/ratis/850d62e6-9d07-48c2-bfd0-36b9588d9eb5/in_use.lock acquired by nodename 18124@localhost
2025-07-19 06:07:10,859 [aa0cb613-fc94-4131-90ab-17bcd78458c4-groupManagement] INFO  storage.RaftStorage (RaftStorageImpl.java:format(98)) - Storage directory /home/runner/work/ozone/ozone/hadoop-ozone/integration-test/target/test-dir/MiniOzoneClusterImpl-09c4c6e1-5ab0-4195-ac7b-5aec6defaa36/ozone-meta/datanode-2/ratis/850d62e6-9d07-48c2-bfd0-36b9588d9eb5 has been successfully formatted.
2025-07-19 06:07:10,860 [aa0cb613-fc94-4131-90ab-17bcd78458c4-groupManagement] INFO  ratis.ContainerStateMachine (ContainerStateMachine.java:initialize(339)) - aa0cb613-fc94-4131-90ab-17bcd78458c4: initialize group-36B9588D9EB5
2025-07-19 06:07:10,860 [aa0cb613-fc94-4131-90ab-17bcd78458c4-groupManagement] INFO  ratis.ContainerStateMachine (ContainerStateMachine.java:loadSnapshot(347)) - group-36B9588D9EB5: The snapshot info is null. Setting the last applied index to:<INITIAL_VALUE>
2025-07-19 06:07:10,860 [aa0cb613-fc94-4131-90ab-17bcd78458c4-groupManagement] INFO  server.RaftServerConfigKeys (ConfUtils.java:logGet(62)) - raft.server.log.appender.buffer.byte-limit = 33554432 (custom)
2025-07-19 06:07:10,863 [EventQueue-PipelineReportForOneReplicaPipelineSafeModeRule] INFO  safemode.SCMSafeModeManager (SCMSafeModeManager.java:validateSafeModeExitRules(138)) - AtleastOneDatanodeReportedRule rule is successfully validated
2025-07-19 06:07:10,866 [aa0cb613-fc94-4131-90ab-17bcd78458c4-groupManagement] INFO  server.RaftServerConfigKeys (ConfUtils.java:logGet(62)) - raft.server.log.segment.size.max = 67108864 (custom)
2025-07-19 06:07:10,867 [aa0cb613-fc94-4131-90ab-17bcd78458c4-groupManagement] INFO  server.RaftServerConfigKeys (ConfUtils.java:logGet(62)) - raft.server.log.appender.buffer.byte-limit = 33554432 (custom)
2025-07-19 06:07:10,867 [aa0cb613-fc94-4131-90ab-17bcd78458c4-groupManagement] INFO  util.AwaitToRun (AwaitToRun.java:start(81)) - Thread[#1160,aa0cb613-fc94-4131-90ab-17bcd78458c4@group-36B9588D9EB5-cacheEviction-AwaitToRun,5,main] started
2025-07-19 06:07:10,867 [aa0cb613-fc94-4131-90ab-17bcd78458c4-groupManagement] INFO  segmented.SegmentedRaftLogWorker (SegmentedRaftLogWorker.java:<init>(190)) - new aa0cb613-fc94-4131-90ab-17bcd78458c4@group-36B9588D9EB5-SegmentedRaftLogWorker for RaftStorageImpl:Storage Directory /home/runner/work/ozone/ozone/hadoop-ozone/integration-test/target/test-dir/MiniOzoneClusterImpl-09c4c6e1-5ab0-4195-ac7b-5aec6defaa36/ozone-meta/datanode-2/ratis/850d62e6-9d07-48c2-bfd0-36b9588d9eb5
2025-07-19 06:07:10,867 [aa0cb613-fc94-4131-90ab-17bcd78458c4-groupManagement] INFO  server.RaftServerConfigKeys (ConfUtils.java:logGet(62)) - raft.server.log.queue.byte-limit = 4294967296 (custom)
2025-07-19 06:07:10,867 [aa0cb613-fc94-4131-90ab-17bcd78458c4-groupManagement] INFO  server.RaftServerConfigKeys (ConfUtils.java:logGet(62)) - raft.server.log.segment.size.max = 67108864 (custom)
2025-07-19 06:07:10,867 [aa0cb613-fc94-4131-90ab-17bcd78458c4-groupManagement] INFO  server.RaftServerConfigKeys (ConfUtils.java:logGet(62)) - raft.server.log.preallocated.size = 4194304 (custom)
2025-07-19 06:07:10,868 [885623d6-9da4-492b-a87d-998872f93ab6@group-5AEC6DEFAA36-StateMachineUpdater] INFO  safemode.SCMSafeModeManager (SCMSafeModeManager.java:validateSafeModeExitRules(138)) - DataNodeSafeModeRule rule is successfully validated
2025-07-19 06:07:10,868 [885623d6-9da4-492b-a87d-998872f93ab6@group-5AEC6DEFAA36-StateMachineUpdater] INFO  safemode.SCMSafeModeManager (SCMSafeModeManager.java:validateSafeModeExitRules(138)) - RatisContainerSafeModeRule rule is successfully validated
2025-07-19 06:07:10,868 [885623d6-9da4-492b-a87d-998872f93ab6@group-5AEC6DEFAA36-StateMachineUpdater] INFO  safemode.HealthyPipelineSafeModeRule (HealthyPipelineSafeModeRule.java:initializeRule(228)) - Refreshed total pipeline count is 0, healthy pipeline threshold count is 1
2025-07-19 06:07:10,868 [885623d6-9da4-492b-a87d-998872f93ab6@group-5AEC6DEFAA36-StateMachineUpdater] INFO  safemode.SCMSafeModeManager (SCMSafeModeManager.java:validateSafeModeExitRules(138)) - ECContainerSafeModeRule rule is successfully validated
2025-07-19 06:07:10,868 [aa0cb613-fc94-4131-90ab-17bcd78458c4-groupManagement] INFO  server.RaftServerConfigKeys (ConfUtils.java:logGet(62)) - raft.server.log.write.buffer.size = 33554440 (custom)
2025-07-19 06:07:10,868 [885623d6-9da4-492b-a87d-998872f93ab6@group-5AEC6DEFAA36-StateMachineUpdater] INFO  safemode.SCMSafeModeManager (SCMSafeModeManager.java:validateSafeModeExitRules(138)) - AtleastOneDatanodeReportedRule rule is successfully validated
2025-07-19 06:07:10,869 [EventQueue-PipelineReportForPipelineReportHandler] INFO  pipeline.PipelineReportHandler (PipelineReportHandler.java:processPipelineReport(134)) - Opened pipeline Pipeline-850d62e6-9d07-48c2-bfd0-36b9588d9eb5
2025-07-19 06:07:10,874 [aa0cb613-fc94-4131-90ab-17bcd78458c4-groupManagement] INFO  server.RaftServerConfigKeys (ConfUtils.java:logGet(62)) - raft.server.log.appender.buffer.byte-limit = 33554432 (custom)
2025-07-19 06:07:10,874 [aa0cb613-fc94-4131-90ab-17bcd78458c4-groupManagement] INFO  segmented.SegmentedRaftLogWorker (SegmentedRaftLogWorker.java:lambda$new$0(141)) - aa0cb613-fc94-4131-90ab-17bcd78458c4@group-36B9588D9EB5-SegmentedRaftLogWorker: flushIndex: setUnconditionally 0 -> -1
2025-07-19 06:07:10,874 [aa0cb613-fc94-4131-90ab-17bcd78458c4-groupManagement] INFO  segmented.SegmentedRaftLogWorker (SegmentedRaftLogWorker.java:lambda$new$0(141)) - aa0cb613-fc94-4131-90ab-17bcd78458c4@group-36B9588D9EB5-SegmentedRaftLogWorker: safeCacheEvictIndex: setUnconditionally 0 -> -1
2025-07-19 06:07:10,874 [aa0cb613-fc94-4131-90ab-17bcd78458c4-groupManagement] INFO  server.RaftServer$Division (RaftServerImpl.java:start(405)) - aa0cb613-fc94-4131-90ab-17bcd78458c4@group-36B9588D9EB5: start as a follower, conf=conf: {index: -1, cur=peers:[aa0cb613-fc94-4131-90ab-17bcd78458c4|127.0.0.1:15023]|listeners:[], old=null}
2025-07-19 06:07:10,874 [aa0cb613-fc94-4131-90ab-17bcd78458c4-groupManagement] INFO  server.RaftServer$Division (RaftServerImpl.java:setRole(392)) - aa0cb613-fc94-4131-90ab-17bcd78458c4@group-36B9588D9EB5: changes role from      null to FOLLOWER at term 0 for startAsFollower
2025-07-19 06:07:10,875 [aa0cb613-fc94-4131-90ab-17bcd78458c4-groupManagement] INFO  impl.RoleInfo (RoleInfo.java:updateAndGet(148)) - aa0cb613-fc94-4131-90ab-17bcd78458c4: start aa0cb613-fc94-4131-90ab-17bcd78458c4@group-36B9588D9EB5-FollowerState
2025-07-19 06:07:10,875 [aa0cb613-fc94-4131-90ab-17bcd78458c4-groupManagement] INFO  util.JmxRegister (JmxRegister.java:tryRegister(44)) - Successfully registered JMX Bean with object name Ratis:service=RaftServer,group=group-36B9588D9EB5,id=aa0cb613-fc94-4131-90ab-17bcd78458c4
2025-07-19 06:07:10,876 [aa0cb613-fc94-4131-90ab-17bcd78458c4-groupManagement] INFO  util.JmxRegister (JmxRegister.java:register(58)) - register mxBean class org.apache.ratis.server.impl.RaftServerJmxAdapter as Ratis:service=RaftServer,group=group-36B9588D9EB5,id=aa0cb613-fc94-4131-90ab-17bcd78458c4
2025-07-19 06:07:10,877 [aa0cb613-fc94-4131-90ab-17bcd78458c4-groupManagement] INFO  server.RaftServer$Division (RaftServerImpl.java:start(419)) - aa0cb613-fc94-4131-90ab-17bcd78458c4@group-36B9588D9EB5: Successfully started.
2025-07-19 06:07:10,877 [aa0cb613-fc94-4131-90ab-17bcd78458c4-PipelineCommandHandlerThread-0] INFO  ratis.XceiverServerRatis (XceiverServerRatis.java:addGroup(843)) - Created group Pipeline-850d62e6-9d07-48c2-bfd0-36b9588d9eb5
2025-07-19 06:07:10,877 [aa0cb613-fc94-4131-90ab-17bcd78458c4-PipelineCommandHandlerThread-0] INFO  commandhandler.CreatePipelineCommandHandler (CreatePipelineCommandHandler.java:lambda$handle$2(127)) - Created Pipeline RATIS ONE Pipeline-850d62e6-9d07-48c2-bfd0-36b9588d9eb5.
2025-07-19 06:07:10,879 [aa0cb613-fc94-4131-90ab-17bcd78458c4-groupManagement] INFO  server.RaftServer$Division (RaftServerImpl.java:<init>(268)) - aa0cb613-fc94-4131-90ab-17bcd78458c4: new RaftServerImpl for group-0132FE54E6CF:[7e15f5a0-0f8f-4a50-92e4-d2f5038b0085|127.0.0.1:15015, aa0cb613-fc94-4131-90ab-17bcd78458c4|127.0.0.1:15023, 86838f6f-3dde-42b5-b01a-58c95bf80430|127.0.0.1:15031] with ContainerStateMachine:uninitialized
2025-07-19 06:07:10,879 [aa0cb613-fc94-4131-90ab-17bcd78458c4-groupManagement] INFO  server.RaftServer$Division (ServerState.java:<init>(114)) - aa0cb613-fc94-4131-90ab-17bcd78458c4@group-0132FE54E6CF: ConfigurationManager, init=conf: {index: -1, cur=peers:[7e15f5a0-0f8f-4a50-92e4-d2f5038b0085|127.0.0.1:15015, aa0cb613-fc94-4131-90ab-17bcd78458c4|127.0.0.1:15023, 86838f6f-3dde-42b5-b01a-58c95bf80430|127.0.0.1:15031]|listeners:[], old=null}, confs=<EMPTY_MAP>
2025-07-19 06:07:10,880 [aa0cb613-fc94-4131-90ab-17bcd78458c4-PipelineCommandHandlerThread-0] INFO  server.RaftServer (RaftServerProxy.java:addNew(105)) - aa0cb613-fc94-4131-90ab-17bcd78458c4: addNew group-0132FE54E6CF:[7e15f5a0-0f8f-4a50-92e4-d2f5038b0085|127.0.0.1:15015, aa0cb613-fc94-4131-90ab-17bcd78458c4|127.0.0.1:15023, 86838f6f-3dde-42b5-b01a-58c95bf80430|127.0.0.1:15031] returns group-0132FE54E6CF:java.util.concurrent.CompletableFuture@2e583e43[Not completed]
2025-07-19 06:07:10,890 [aa0cb613-fc94-4131-90ab-17bcd78458c4-groupManagement] INFO  storage.RaftStorageDirectory (RaftStorageDirectoryImpl.java:analyzeStorage(138)) - The storage directory /home/runner/work/ozone/ozone/hadoop-ozone/integration-test/target/test-dir/MiniOzoneClusterImpl-09c4c6e1-5ab0-4195-ac7b-5aec6defaa36/ozone-meta/datanode-2/ratis/a1dcb70a-c8f9-4212-ac4f-0132fe54e6cf does not exist. Creating ...
2025-07-19 06:07:10,892 [EventQueue-PipelineReportForOneReplicaPipelineSafeModeRule] INFO  safemode.SCMSafeModeManager (SCMSafeModeManager.java:validateSafeModeExitRules(138)) - AtleastOneDatanodeReportedRule rule is successfully validated
2025-07-19 06:07:10,892 [EventQueue-PipelineReportForOneReplicaPipelineSafeModeRule] INFO  safemode.SCMSafeModeManager (SCMSafeModeManager.java:validateSafeModeExitRules(138)) - AtleastOneDatanodeReportedRule rule is successfully validated
2025-07-19 06:07:10,893 [aa0cb613-fc94-4131-90ab-17bcd78458c4-groupManagement] INFO  storage.RaftStorageDirectory (RaftStorageDirectoryImpl.java:tryLock(229)) - Lock on /home/runner/work/ozone/ozone/hadoop-ozone/integration-test/target/test-dir/MiniOzoneClusterImpl-09c4c6e1-5ab0-4195-ac7b-5aec6defaa36/ozone-meta/datanode-2/ratis/a1dcb70a-c8f9-4212-ac4f-0132fe54e6cf/in_use.lock acquired by nodename 18124@localhost
2025-07-19 06:07:10,895 [aa0cb613-fc94-4131-90ab-17bcd78458c4-groupManagement] INFO  storage.RaftStorage (RaftStorageImpl.java:format(98)) - Storage directory /home/runner/work/ozone/ozone/hadoop-ozone/integration-test/target/test-dir/MiniOzoneClusterImpl-09c4c6e1-5ab0-4195-ac7b-5aec6defaa36/ozone-meta/datanode-2/ratis/a1dcb70a-c8f9-4212-ac4f-0132fe54e6cf has been successfully formatted.
2025-07-19 06:07:10,895 [aa0cb613-fc94-4131-90ab-17bcd78458c4-groupManagement] INFO  ratis.ContainerStateMachine (ContainerStateMachine.java:initialize(339)) - aa0cb613-fc94-4131-90ab-17bcd78458c4: initialize group-0132FE54E6CF
2025-07-19 06:07:10,896 [aa0cb613-fc94-4131-90ab-17bcd78458c4-groupManagement] INFO  ratis.ContainerStateMachine (ContainerStateMachine.java:loadSnapshot(347)) - group-0132FE54E6CF: The snapshot info is null. Setting the last applied index to:<INITIAL_VALUE>
2025-07-19 06:07:10,896 [aa0cb613-fc94-4131-90ab-17bcd78458c4-groupManagement] INFO  server.RaftServerConfigKeys (ConfUtils.java:logGet(62)) - raft.server.log.appender.buffer.byte-limit = 33554432 (custom)
2025-07-19 06:07:10,898 [EventQueue-PipelineReportForOneReplicaPipelineSafeModeRule] INFO  safemode.SCMSafeModeManager (SCMSafeModeManager.java:validateSafeModeExitRules(138)) - AtleastOneDatanodeReportedRule rule is successfully validated
2025-07-19 06:07:10,901 [aa0cb613-fc94-4131-90ab-17bcd78458c4-groupManagement] INFO  server.RaftServerConfigKeys (ConfUtils.java:logGet(62)) - raft.server.log.segment.size.max = 67108864 (custom)
2025-07-19 06:07:10,910 [aa0cb613-fc94-4131-90ab-17bcd78458c4-groupManagement] INFO  server.RaftServerConfigKeys (ConfUtils.java:logGet(62)) - raft.server.log.appender.buffer.byte-limit = 33554432 (custom)
2025-07-19 06:07:10,911 [aa0cb613-fc94-4131-90ab-17bcd78458c4-groupManagement] INFO  util.AwaitToRun (AwaitToRun.java:start(81)) - Thread[#1164,aa0cb613-fc94-4131-90ab-17bcd78458c4@group-0132FE54E6CF-cacheEviction-AwaitToRun,5,main] started
2025-07-19 06:07:10,911 [aa0cb613-fc94-4131-90ab-17bcd78458c4-groupManagement] INFO  segmented.SegmentedRaftLogWorker (SegmentedRaftLogWorker.java:<init>(190)) - new aa0cb613-fc94-4131-90ab-17bcd78458c4@group-0132FE54E6CF-SegmentedRaftLogWorker for RaftStorageImpl:Storage Directory /home/runner/work/ozone/ozone/hadoop-ozone/integration-test/target/test-dir/MiniOzoneClusterImpl-09c4c6e1-5ab0-4195-ac7b-5aec6defaa36/ozone-meta/datanode-2/ratis/a1dcb70a-c8f9-4212-ac4f-0132fe54e6cf
2025-07-19 06:07:10,912 [aa0cb613-fc94-4131-90ab-17bcd78458c4-groupManagement] INFO  server.RaftServerConfigKeys (ConfUtils.java:logGet(62)) - raft.server.log.queue.byte-limit = 4294967296 (custom)
2025-07-19 06:07:10,912 [aa0cb613-fc94-4131-90ab-17bcd78458c4-groupManagement] INFO  server.RaftServerConfigKeys (ConfUtils.java:logGet(62)) - raft.server.log.segment.size.max = 67108864 (custom)
2025-07-19 06:07:10,912 [aa0cb613-fc94-4131-90ab-17bcd78458c4-groupManagement] INFO  server.RaftServerConfigKeys (ConfUtils.java:logGet(62)) - raft.server.log.preallocated.size = 4194304 (custom)
2025-07-19 06:07:10,913 [aa0cb613-fc94-4131-90ab-17bcd78458c4-groupManagement] INFO  server.RaftServerConfigKeys (ConfUtils.java:logGet(62)) - raft.server.log.write.buffer.size = 33554440 (custom)
2025-07-19 06:07:10,920 [aa0cb613-fc94-4131-90ab-17bcd78458c4-groupManagement] INFO  server.RaftServerConfigKeys (ConfUtils.java:logGet(62)) - raft.server.log.appender.buffer.byte-limit = 33554432 (custom)
2025-07-19 06:07:10,921 [aa0cb613-fc94-4131-90ab-17bcd78458c4-groupManagement] INFO  segmented.SegmentedRaftLogWorker (SegmentedRaftLogWorker.java:lambda$new$0(141)) - aa0cb613-fc94-4131-90ab-17bcd78458c4@group-0132FE54E6CF-SegmentedRaftLogWorker: flushIndex: setUnconditionally 0 -> -1
2025-07-19 06:07:10,921 [aa0cb613-fc94-4131-90ab-17bcd78458c4-groupManagement] INFO  segmented.SegmentedRaftLogWorker (SegmentedRaftLogWorker.java:lambda$new$0(141)) - aa0cb613-fc94-4131-90ab-17bcd78458c4@group-0132FE54E6CF-SegmentedRaftLogWorker: safeCacheEvictIndex: setUnconditionally 0 -> -1
2025-07-19 06:07:10,922 [aa0cb613-fc94-4131-90ab-17bcd78458c4-groupManagement] INFO  server.RaftServer$Division (RaftServerImpl.java:start(405)) - aa0cb613-fc94-4131-90ab-17bcd78458c4@group-0132FE54E6CF: start as a follower, conf=conf: {index: -1, cur=peers:[7e15f5a0-0f8f-4a50-92e4-d2f5038b0085|127.0.0.1:15015, aa0cb613-fc94-4131-90ab-17bcd78458c4|127.0.0.1:15023, 86838f6f-3dde-42b5-b01a-58c95bf80430|127.0.0.1:15031]|listeners:[], old=null}
2025-07-19 06:07:10,922 [aa0cb613-fc94-4131-90ab-17bcd78458c4-groupManagement] INFO  server.RaftServer$Division (RaftServerImpl.java:setRole(392)) - aa0cb613-fc94-4131-90ab-17bcd78458c4@group-0132FE54E6CF: changes role from      null to FOLLOWER at term 0 for startAsFollower
2025-07-19 06:07:10,923 [aa0cb613-fc94-4131-90ab-17bcd78458c4-groupManagement] INFO  impl.RoleInfo (RoleInfo.java:updateAndGet(148)) - aa0cb613-fc94-4131-90ab-17bcd78458c4: start aa0cb613-fc94-4131-90ab-17bcd78458c4@group-0132FE54E6CF-FollowerState
2025-07-19 06:07:10,923 [aa0cb613-fc94-4131-90ab-17bcd78458c4-groupManagement] INFO  util.JmxRegister (JmxRegister.java:tryRegister(44)) - Successfully registered JMX Bean with object name Ratis:service=RaftServer,group=group-0132FE54E6CF,id=aa0cb613-fc94-4131-90ab-17bcd78458c4
2025-07-19 06:07:10,923 [aa0cb613-fc94-4131-90ab-17bcd78458c4-groupManagement] INFO  util.JmxRegister (JmxRegister.java:register(58)) - register mxBean class org.apache.ratis.server.impl.RaftServerJmxAdapter as Ratis:service=RaftServer,group=group-0132FE54E6CF,id=aa0cb613-fc94-4131-90ab-17bcd78458c4
2025-07-19 06:07:10,925 [aa0cb613-fc94-4131-90ab-17bcd78458c4-groupManagement] INFO  server.RaftServer$Division (RaftServerImpl.java:start(419)) - aa0cb613-fc94-4131-90ab-17bcd78458c4@group-0132FE54E6CF: Successfully started.
2025-07-19 06:07:10,925 [aa0cb613-fc94-4131-90ab-17bcd78458c4-PipelineCommandHandlerThread-0] INFO  ratis.XceiverServerRatis (XceiverServerRatis.java:addGroup(843)) - Created group Pipeline-a1dcb70a-c8f9-4212-ac4f-0132fe54e6cf
2025-07-19 06:07:10,958 [IPC Server handler 18 on default port 15002] INFO  net.NetworkTopologyImpl (NetworkTopologyImpl.java:add(133)) - Added a new node: /default-rack/e6deb990-2c6c-4f88-aa04-2e44b30659d5
2025-07-19 06:07:10,958 [IPC Server handler 18 on default port 15002] INFO  node.SCMNodeManager (SCMNodeManager.java:register(423)) - Registered datanode: e6deb990-2c6c-4f88-aa04-2e44b30659d5{ip: 127.0.0.1, host: localhost, ports: [HTTP=15066, CLIENT_RPC=15067, REPLICATION=15073, RATIS=15069, RATIS_ADMIN=15070, RATIS_SERVER=15071, RATIS_DATASTREAM=15072, STANDALONE=15068], networkLocation: /default-rack, certSerialId: null, persistedOpState: null, persistedOpStateExpiryEpochSec: 0}
2025-07-19 06:07:10,959 [EventQueue-NewNodeForNewNodeHandler] INFO  pipeline.BackgroundPipelineCreator (BackgroundPipelineCreator.java:notifyEventTriggered(290)) - trigger a one-shot run on RatisPipelineUtilsThread.
2025-07-19 06:07:10,959 [EventQueue-PipelineReportForOneReplicaPipelineSafeModeRule] INFO  safemode.SCMSafeModeManager (SCMSafeModeManager.java:validateSafeModeExitRules(138)) - AtleastOneDatanodeReportedRule rule is successfully validated
2025-07-19 06:07:10,959 [EventQueue-NodeRegistrationContainerReportForDataNodeSafeModeRule] INFO  safemode.SCMSafeModeManager (SCMSafeModeManager.java:validateSafeModeExitRules(138)) - DataNodeSafeModeRule rule is successfully validated
2025-07-19 06:07:10,960 [RatisPipelineUtilsThread-0] INFO  pipeline.RatisPipelineProvider (RatisPipelineProvider.java:lambda$create$0(208)) - Sending CreatePipelineCommand for pipeline:Pipeline-ba07e840-400b-41a1-a7c6-569512dd3f0a to datanode:e6deb990-2c6c-4f88-aa04-2e44b30659d5(localhost/127.0.0.1)
2025-07-19 06:07:10,960 [EventQueue-ContainerRegistrationReportForRatisContainerSafeModeRule] INFO  safemode.SCMSafeModeManager (SCMSafeModeManager.java:validateSafeModeExitRules(138)) - RatisContainerSafeModeRule rule is successfully validated
2025-07-19 06:07:10,960 [EventQueue-ContainerRegistrationReportForECContainerSafeModeRule] INFO  safemode.SCMSafeModeManager (SCMSafeModeManager.java:validateSafeModeExitRules(138)) - ECContainerSafeModeRule rule is successfully validated
2025-07-19 06:07:10,962 [885623d6-9da4-492b-a87d-998872f93ab6@group-5AEC6DEFAA36-StateMachineUpdater] INFO  safemode.SCMSafeModeManager (SCMSafeModeManager.java:validateSafeModeExitRules(138)) - DataNodeSafeModeRule rule is successfully validated
2025-07-19 06:07:10,963 [885623d6-9da4-492b-a87d-998872f93ab6@group-5AEC6DEFAA36-StateMachineUpdater] INFO  safemode.SCMSafeModeManager (SCMSafeModeManager.java:validateSafeModeExitRules(138)) - RatisContainerSafeModeRule rule is successfully validated
2025-07-19 06:07:10,963 [885623d6-9da4-492b-a87d-998872f93ab6@group-5AEC6DEFAA36-StateMachineUpdater] INFO  safemode.HealthyPipelineSafeModeRule (HealthyPipelineSafeModeRule.java:initializeRule(228)) - Refreshed total pipeline count is 0, healthy pipeline threshold count is 1
2025-07-19 06:07:10,963 [885623d6-9da4-492b-a87d-998872f93ab6@group-5AEC6DEFAA36-StateMachineUpdater] INFO  safemode.SCMSafeModeManager (SCMSafeModeManager.java:validateSafeModeExitRules(138)) - ECContainerSafeModeRule rule is successfully validated
2025-07-19 06:07:10,963 [885623d6-9da4-492b-a87d-998872f93ab6@group-5AEC6DEFAA36-StateMachineUpdater] INFO  safemode.SCMSafeModeManager (SCMSafeModeManager.java:validateSafeModeExitRules(138)) - AtleastOneDatanodeReportedRule rule is successfully validated
2025-07-19 06:07:10,964 [RatisPipelineUtilsThread-0] INFO  pipeline.BackgroundPipelineCreator (BackgroundPipelineCreator.java:createPipelines(246)) - Created new pipeline Pipeline{ Id: ba07e840-400b-41a1-a7c6-569512dd3f0a, Nodes: [ {e6deb990-2c6c-4f88-aa04-2e44b30659d5(localhost/127.0.0.1), ReplicaIndex: 0},], ReplicationConfig: RATIS/ONE, State:ALLOCATED, leaderId:, CreationTimestamp2025-07-19T06:07:10.960415923Z[Etc/UTC]}
2025-07-19 06:07:10,976 [EventQueue-PipelineReportForOneReplicaPipelineSafeModeRule] INFO  safemode.SCMSafeModeManager (SCMSafeModeManager.java:validateSafeModeExitRules(138)) - AtleastOneDatanodeReportedRule rule is successfully validated
2025-07-19 06:07:11,003 [85aa579c-736c-4de8-9407-4b363243255c-EndpointStateMachineTaskThread-/0.0.0.0:15002-0 ] INFO  utils.DatanodeStoreCache (DatanodeStoreCache.java:addDB(70)) - Added db /home/runner/work/ozone/ozone/hadoop-ozone/integration-test/target/test-dir/MiniOzoneClusterImpl-09c4c6e1-5ab0-4195-ac7b-5aec6defaa36/ozone-meta/datanode-10/data-0/hdds/09c4c6e1-5ab0-4195-ac7b-5aec6defaa36/DS-21102085-ea82-4b9e-92b2-c23c323afb7d/container.db to cache
2025-07-19 06:07:11,003 [85aa579c-736c-4de8-9407-4b363243255c-EndpointStateMachineTaskThread-/0.0.0.0:15002-0 ] INFO  volume.HddsVolume (HddsVolume.java:createDbStore(576)) - SchemaV3 db is created and loaded at /home/runner/work/ozone/ozone/hadoop-ozone/integration-test/target/test-dir/MiniOzoneClusterImpl-09c4c6e1-5ab0-4195-ac7b-5aec6defaa36/ozone-meta/datanode-10/data-0/hdds/09c4c6e1-5ab0-4195-ac7b-5aec6defaa36/DS-21102085-ea82-4b9e-92b2-c23c323afb7d/container.db for volume DS-21102085-ea82-4b9e-92b2-c23c323afb7d
2025-07-19 06:07:11,006 [85aa579c-736c-4de8-9407-4b363243255c-ContainerReader-0] INFO  ozoneimpl.ContainerReader (ContainerReader.java:readVolume(144)) - Start to verify containers on volume /home/runner/work/ozone/ozone/hadoop-ozone/integration-test/target/test-dir/MiniOzoneClusterImpl-09c4c6e1-5ab0-4195-ac7b-5aec6defaa36/ozone-meta/datanode-10/data-0/hdds
2025-07-19 06:07:11,007 [85aa579c-736c-4de8-9407-4b363243255c-ContainerReader-0] INFO  ozoneimpl.ContainerReader (ContainerReader.java:readVolume(174)) - Finish verifying containers on volume /home/runner/work/ozone/ozone/hadoop-ozone/integration-test/target/test-dir/MiniOzoneClusterImpl-09c4c6e1-5ab0-4195-ac7b-5aec6defaa36/ozone-meta/datanode-10/data-0/hdds
2025-07-19 06:07:11,008 [85aa579c-736c-4de8-9407-4b363243255c-EndpointStateMachineTaskThread-/0.0.0.0:15002-0 ] INFO  ozoneimpl.OzoneContainer (OzoneContainer.java:buildContainerSet(370)) - Build ContainerSet costs 0s
2025-07-19 06:07:11,008 [85aa579c-736c-4de8-9407-4b363243255c-EndpointStateMachineTaskThread-/0.0.0.0:15002-0 ] INFO  volume.ThrottledAsyncChecker (ThrottledAsyncChecker.java:schedule(138)) - Scheduling a check for /home/runner/work/ozone/ozone/hadoop-ozone/integration-test/target/test-dir/MiniOzoneClusterImpl-09c4c6e1-5ab0-4195-ac7b-5aec6defaa36/ozone-meta/datanode-10/data-0/hdds
2025-07-19 06:07:11,009 [85aa579c-736c-4de8-9407-4b363243255c-EndpointStateMachineTaskThread-/0.0.0.0:15002-0 ] INFO  volume.StorageVolumeChecker (StorageVolumeChecker.java:checkAllVolumes(231)) - Scheduled health check for volume /home/runner/work/ozone/ozone/hadoop-ozone/integration-test/target/test-dir/MiniOzoneClusterImpl-09c4c6e1-5ab0-4195-ac7b-5aec6defaa36/ozone-meta/datanode-10/data-0/hdds
2025-07-19 06:07:11,012 [85aa579c-736c-4de8-9407-4b363243255c-EndpointStateMachineTaskThread-/0.0.0.0:15002-0 ] INFO  volume.ThrottledAsyncChecker (ThrottledAsyncChecker.java:schedule(138)) - Scheduling a check for /home/runner/work/ozone/ozone/hadoop-ozone/integration-test/target/test-dir/MiniOzoneClusterImpl-09c4c6e1-5ab0-4195-ac7b-5aec6defaa36/ozone-meta/datanode-10/ratis
2025-07-19 06:07:11,013 [85aa579c-736c-4de8-9407-4b363243255c-EndpointStateMachineTaskThread-/0.0.0.0:15002-0 ] INFO  volume.StorageVolumeChecker (StorageVolumeChecker.java:checkAllVolumes(231)) - Scheduled health check for volume /home/runner/work/ozone/ozone/hadoop-ozone/integration-test/target/test-dir/MiniOzoneClusterImpl-09c4c6e1-5ab0-4195-ac7b-5aec6defaa36/ozone-meta/datanode-10/ratis
2025-07-19 06:07:11,013 [85aa579c-736c-4de8-9407-4b363243255c-EndpointStateMachineTaskThread-/0.0.0.0:15002-0 ] INFO  ozoneimpl.OzoneContainer (OzoneContainer.java:start(520)) - Attempting to start container services.
2025-07-19 06:07:11,014 [ContainerMetadataScanner] INFO  ozoneimpl.AbstractBackgroundContainerScanner (AbstractBackgroundContainerScanner.java:runIteration(89)) - Completed an iteration in 0 minutes. Number of iterations (since the data-node restart) : 1, Number of containers scanned in this iteration : 0, Number of unhealthy containers found in this iteration : 0
2025-07-19 06:07:11,015 [ContainerDataScanner(/home/runner/work/ozone/ozone/hadoop-ozone/integration-test/target/test-dir/MiniOzoneClusterImpl-09c4c6e1-5ab0-4195-ac7b-5aec6defaa36/ozone-meta/datanode-10/data-0/hdds)] INFO  ozoneimpl.AbstractBackgroundContainerScanner (AbstractBackgroundContainerScanner.java:runIteration(89)) - Completed an iteration in 0 minutes. Number of iterations (since the data-node restart) : 1, Number of containers scanned in this iteration : 0, Number of unhealthy containers found in this iteration : 0
2025-07-19 06:07:11,015 [85aa579c-736c-4de8-9407-4b363243255c-EndpointStateMachineTaskThread-/0.0.0.0:15002-0 ] INFO  replication.ReplicationServer (ReplicationServer.java:start(137)) - ReplicationServer is started using port 15089
2025-07-19 06:07:11,016 [85aa579c-736c-4de8-9407-4b363243255c-EndpointStateMachineTaskThread-/0.0.0.0:15002-0 ] INFO  ratis.XceiverServerRatis (XceiverServerRatis.java:start(559)) - Starting XceiverServerRatis(85aa579c-736c-4de8-9407-4b363243255c)
2025-07-19 06:07:11,017 [85aa579c-736c-4de8-9407-4b363243255c-EndpointStateMachineTaskThread-/0.0.0.0:15002-0 ] INFO  server.RaftServer (RaftServerProxy.java:startImpl(412)) - 85aa579c-736c-4de8-9407-4b363243255c: start RPC server
2025-07-19 06:07:11,018 [85aa579c-736c-4de8-9407-4b363243255c-EndpointStateMachineTaskThread-/0.0.0.0:15002-0 ] INFO  server.GrpcServicesImpl (GrpcServicesImpl.java:startImpl(346)) - 85aa579c-736c-4de8-9407-4b363243255c: GrpcServicesImpl started, listening on 15085
2025-07-19 06:07:11,018 [85aa579c-736c-4de8-9407-4b363243255c-EndpointStateMachineTaskThread-/0.0.0.0:15002-0 ] INFO  server.GrpcServicesImpl (GrpcServicesImpl.java:startImpl(346)) - 85aa579c-736c-4de8-9407-4b363243255c: GrpcServicesImpl started, listening on 15087
2025-07-19 06:07:11,019 [85aa579c-736c-4de8-9407-4b363243255c-EndpointStateMachineTaskThread-/0.0.0.0:15002-0 ] INFO  server.GrpcServicesImpl (GrpcServicesImpl.java:startImpl(346)) - 85aa579c-736c-4de8-9407-4b363243255c: GrpcServicesImpl started, listening on 15086
2025-07-19 06:07:11,020 [85aa579c-736c-4de8-9407-4b363243255c-EndpointStateMachineTaskThread-/0.0.0.0:15002-0 ] INFO  ratis.XceiverServerRatis (XceiverServerRatis.java:getRealPort(586)) - XceiverServerRatis(85aa579c-736c-4de8-9407-4b363243255c) is started using port RATIS=15085
2025-07-19 06:07:11,020 [85aa579c-736c-4de8-9407-4b363243255c-EndpointStateMachineTaskThread-/0.0.0.0:15002-0 ] INFO  ratis.XceiverServerRatis (XceiverServerRatis.java:getRealPort(586)) - XceiverServerRatis(85aa579c-736c-4de8-9407-4b363243255c) is started using port RATIS_ADMIN=15086
2025-07-19 06:07:11,020 [85aa579c-736c-4de8-9407-4b363243255c-EndpointStateMachineTaskThread-/0.0.0.0:15002-0 ] INFO  ratis.XceiverServerRatis (XceiverServerRatis.java:getRealPort(586)) - XceiverServerRatis(85aa579c-736c-4de8-9407-4b363243255c) is started using port RATIS_SERVER=15087
2025-07-19 06:07:11,020 [85aa579c-736c-4de8-9407-4b363243255c-EndpointStateMachineTaskThread-/0.0.0.0:15002-0 ] INFO  ratis.XceiverServerRatis (XceiverServerRatis.java:getRealPort(586)) - XceiverServerRatis(85aa579c-736c-4de8-9407-4b363243255c) is started using port RATIS_DATASTREAM=15088
2025-07-19 06:07:11,021 [JvmPauseMonitor12] INFO  util.JvmPauseMonitor (JvmPauseMonitor.java:run(146)) - JvmPauseMonitor-85aa579c-736c-4de8-9407-4b363243255c: Started
2025-07-19 06:07:11,022 [85aa579c-736c-4de8-9407-4b363243255c-EndpointStateMachineTaskThread-/0.0.0.0:15002-0 ] INFO  utils.BackgroundService (BackgroundService.java:start(118)) - Starting service BlockDeletingService with interval 60000 milliseconds
2025-07-19 06:07:11,024 [85aa579c-736c-4de8-9407-4b363243255c-EndpointStateMachineTaskThread-/0.0.0.0:15002-0 ] INFO  utils.BackgroundService (BackgroundService.java:start(118)) - Starting service StaleRecoveringContainerScrubbingService with interval 60000 milliseconds
2025-07-19 06:07:11,037 [EventQueue-PipelineReportForOneReplicaPipelineSafeModeRule] INFO  safemode.SCMSafeModeManager (SCMSafeModeManager.java:validateSafeModeExitRules(138)) - AtleastOneDatanodeReportedRule rule is successfully validated
2025-07-19 06:07:11,089 [EventQueue-PipelineReportForOneReplicaPipelineSafeModeRule] INFO  safemode.SCMSafeModeManager (SCMSafeModeManager.java:validateSafeModeExitRules(138)) - AtleastOneDatanodeReportedRule rule is successfully validated
2025-07-19 06:07:11,092 [EventQueue-PipelineReportForOneReplicaPipelineSafeModeRule] INFO  safemode.SCMSafeModeManager (SCMSafeModeManager.java:validateSafeModeExitRules(138)) - AtleastOneDatanodeReportedRule rule is successfully validated
2025-07-19 06:07:11,097 [EventQueue-PipelineReportForOneReplicaPipelineSafeModeRule] INFO  safemode.SCMSafeModeManager (SCMSafeModeManager.java:validateSafeModeExitRules(138)) - AtleastOneDatanodeReportedRule rule is successfully validated
2025-07-19 06:07:11,169 [grpc-default-executor-0] INFO  server.RaftServer (RaftServerProxy.java:addNew(105)) - 86838f6f-3dde-42b5-b01a-58c95bf80430: addNew group-0132FE54E6CF:[7e15f5a0-0f8f-4a50-92e4-d2f5038b0085|127.0.0.1:15015, aa0cb613-fc94-4131-90ab-17bcd78458c4|127.0.0.1:15023, 86838f6f-3dde-42b5-b01a-58c95bf80430|127.0.0.1:15031] returns group-0132FE54E6CF:java.util.concurrent.CompletableFuture@f388c74[Not completed]
2025-07-19 06:07:11,171 [grpc-default-executor-1] WARN  server.GrpcAdminProtocolService (GrpcAdminProtocolService.java:lambda$groupManagement$1(53)) - Failed groupManagement: GROUPADD, GroupManagementRequest:client-957CCCFEB7A8->86838f6f-3dde-42b5-b01a-58c95bf80430@group-0132FE54E6CF, cid=2, seq=null, RW, null, Add:group-0132FE54E6CF:[7e15f5a0-0f8f-4a50-92e4-d2f5038b0085|127.0.0.1:15015, aa0cb613-fc94-4131-90ab-17bcd78458c4|127.0.0.1:15023, 86838f6f-3dde-42b5-b01a-58c95bf80430|127.0.0.1:15031]
java.util.concurrent.CompletionException: org.apache.ratis.protocol.exceptions.AlreadyExistsException: 86838f6f-3dde-42b5-b01a-58c95bf80430: Failed to add group-0132FE54E6CF:[7e15f5a0-0f8f-4a50-92e4-d2f5038b0085|127.0.0.1:15015, aa0cb613-fc94-4131-90ab-17bcd78458c4|127.0.0.1:15023, 86838f6f-3dde-42b5-b01a-58c95bf80430|127.0.0.1:15031] since the group already exists in the map.
	at java.base/java.util.concurrent.CompletableFuture.encodeThrowable(CompletableFuture.java:332)
	at java.base/java.util.concurrent.CompletableFuture.uniApplyNow(CompletableFuture.java:674)
	at java.base/java.util.concurrent.CompletableFuture.uniApplyStage(CompletableFuture.java:662)
	at java.base/java.util.concurrent.CompletableFuture.thenApplyAsync(CompletableFuture.java:2210)
	at org.apache.ratis.server.impl.RaftServerProxy.groupAddAsync(RaftServerProxy.java:513)
	at org.apache.ratis.server.impl.RaftServerProxy.groupManagementAsync(RaftServerProxy.java:495)
	at org.apache.ratis.grpc.server.GrpcAdminProtocolService.lambda$groupManagement$0(GrpcAdminProtocolService.java:51)
	at org.apache.ratis.grpc.GrpcUtil.asyncCall(GrpcUtil.java:172)
	at org.apache.ratis.grpc.server.GrpcAdminProtocolService.groupManagement(GrpcAdminProtocolService.java:51)
	at org.apache.ratis.proto.grpc.AdminProtocolServiceGrpc$MethodHandlers.invoke(AdminProtocolServiceGrpc.java:701)
	at org.apache.ratis.thirdparty.io.grpc.stub.ServerCalls$UnaryServerCallHandler$UnaryServerCallListener.onHalfClose(ServerCalls.java:182)
	at org.apache.ratis.thirdparty.io.grpc.internal.ServerCallImpl$ServerStreamListenerImpl.halfClosed(ServerCallImpl.java:356)
	at org.apache.ratis.thirdparty.io.grpc.internal.ServerImpl$JumpToApplicationThreadServerStreamListener$1HalfClosed.runInContext(ServerImpl.java:861)
	at org.apache.ratis.thirdparty.io.grpc.internal.ContextRunnable.run(ContextRunnable.java:37)
	at org.apache.ratis.thirdparty.io.grpc.internal.SerializingExecutor.run(SerializingExecutor.java:133)
	at java.base/java.util.concurrent.ThreadPoolExecutor.runWorker(ThreadPoolExecutor.java:1144)
	at java.base/java.util.concurrent.ThreadPoolExecutor$Worker.run(ThreadPoolExecutor.java:642)
	at java.base/java.lang.Thread.run(Thread.java:1583)
Caused by: org.apache.ratis.protocol.exceptions.AlreadyExistsException: 86838f6f-3dde-42b5-b01a-58c95bf80430: Failed to add group-0132FE54E6CF:[7e15f5a0-0f8f-4a50-92e4-d2f5038b0085|127.0.0.1:15015, aa0cb613-fc94-4131-90ab-17bcd78458c4|127.0.0.1:15023, 86838f6f-3dde-42b5-b01a-58c95bf80430|127.0.0.1:15031] since the group already exists in the map.
	at org.apache.ratis.server.impl.RaftServerProxy$ImplMap.addNew(RaftServerProxy.java:99)
	at org.apache.ratis.server.impl.RaftServerProxy.groupAddAsync(RaftServerProxy.java:512)
	... 13 more
2025-07-19 06:07:11,171 [86838f6f-3dde-42b5-b01a-58c95bf80430-groupManagement] INFO  server.RaftServer$Division (RaftServerImpl.java:<init>(268)) - 86838f6f-3dde-42b5-b01a-58c95bf80430: new RaftServerImpl for group-0132FE54E6CF:[7e15f5a0-0f8f-4a50-92e4-d2f5038b0085|127.0.0.1:15015, aa0cb613-fc94-4131-90ab-17bcd78458c4|127.0.0.1:15023, 86838f6f-3dde-42b5-b01a-58c95bf80430|127.0.0.1:15031] with ContainerStateMachine:uninitialized
2025-07-19 06:07:11,173 [86838f6f-3dde-42b5-b01a-58c95bf80430-groupManagement] INFO  server.RaftServer$Division (ServerState.java:<init>(114)) - 86838f6f-3dde-42b5-b01a-58c95bf80430@group-0132FE54E6CF: ConfigurationManager, init=conf: {index: -1, cur=peers:[7e15f5a0-0f8f-4a50-92e4-d2f5038b0085|127.0.0.1:15015, aa0cb613-fc94-4131-90ab-17bcd78458c4|127.0.0.1:15023, 86838f6f-3dde-42b5-b01a-58c95bf80430|127.0.0.1:15031]|listeners:[], old=null}, confs=<EMPTY_MAP>
2025-07-19 06:07:11,185 [86838f6f-3dde-42b5-b01a-58c95bf80430-groupManagement] INFO  server.RaftServerConfigKeys (ConfUtils.java:logGet(62)) - raft.server.storage.dir = [/home/runner/work/ozone/ozone/hadoop-ozone/integration-test/target/test-dir/MiniOzoneClusterImpl-09c4c6e1-5ab0-4195-ac7b-5aec6defaa36/ozone-meta/datanode-3/ratis] (custom)
2025-07-19 06:07:11,185 [EventQueue-PipelineReportForOneReplicaPipelineSafeModeRule] INFO  safemode.SCMSafeModeManager (SCMSafeModeManager.java:validateSafeModeExitRules(138)) - AtleastOneDatanodeReportedRule rule is successfully validated
2025-07-19 06:07:11,186 [86838f6f-3dde-42b5-b01a-58c95bf80430-groupManagement] INFO  storage.RaftStorageDirectory (RaftStorageDirectoryImpl.java:analyzeStorage(138)) - The storage directory /home/runner/work/ozone/ozone/hadoop-ozone/integration-test/target/test-dir/MiniOzoneClusterImpl-09c4c6e1-5ab0-4195-ac7b-5aec6defaa36/ozone-meta/datanode-3/ratis/a1dcb70a-c8f9-4212-ac4f-0132fe54e6cf does not exist. Creating ...
2025-07-19 06:07:11,189 [86838f6f-3dde-42b5-b01a-58c95bf80430-groupManagement] INFO  storage.RaftStorageDirectory (RaftStorageDirectoryImpl.java:tryLock(229)) - Lock on /home/runner/work/ozone/ozone/hadoop-ozone/integration-test/target/test-dir/MiniOzoneClusterImpl-09c4c6e1-5ab0-4195-ac7b-5aec6defaa36/ozone-meta/datanode-3/ratis/a1dcb70a-c8f9-4212-ac4f-0132fe54e6cf/in_use.lock acquired by nodename 18124@localhost
2025-07-19 06:07:11,192 [86838f6f-3dde-42b5-b01a-58c95bf80430-groupManagement] INFO  storage.RaftStorage (RaftStorageImpl.java:format(98)) - Storage directory /home/runner/work/ozone/ozone/hadoop-ozone/integration-test/target/test-dir/MiniOzoneClusterImpl-09c4c6e1-5ab0-4195-ac7b-5aec6defaa36/ozone-meta/datanode-3/ratis/a1dcb70a-c8f9-4212-ac4f-0132fe54e6cf has been successfully formatted.
2025-07-19 06:07:11,192 [86838f6f-3dde-42b5-b01a-58c95bf80430-groupManagement] INFO  ratis.ContainerStateMachine (ContainerStateMachine.java:initialize(339)) - 86838f6f-3dde-42b5-b01a-58c95bf80430: initialize group-0132FE54E6CF
2025-07-19 06:07:11,192 [86838f6f-3dde-42b5-b01a-58c95bf80430-groupManagement] INFO  ratis.ContainerStateMachine (ContainerStateMachine.java:loadSnapshot(347)) - group-0132FE54E6CF: The snapshot info is null. Setting the last applied index to:<INITIAL_VALUE>
2025-07-19 06:07:11,193 [86838f6f-3dde-42b5-b01a-58c95bf80430-groupManagement] INFO  server.RaftServerConfigKeys (ConfUtils.java:logGet(62)) - raft.server.log.appender.buffer.byte-limit = 33554432 (custom)
2025-07-19 06:07:11,199 [EventQueue-PipelineReportForOneReplicaPipelineSafeModeRule] INFO  safemode.SCMSafeModeManager (SCMSafeModeManager.java:validateSafeModeExitRules(138)) - AtleastOneDatanodeReportedRule rule is successfully validated
2025-07-19 06:07:11,200 [86838f6f-3dde-42b5-b01a-58c95bf80430-groupManagement] INFO  server.RaftServerConfigKeys (ConfUtils.java:logGet(62)) - raft.server.log.segment.size.max = 67108864 (custom)
2025-07-19 06:07:11,201 [86838f6f-3dde-42b5-b01a-58c95bf80430-groupManagement] INFO  server.RaftServerConfigKeys (ConfUtils.java:logGet(62)) - raft.server.log.appender.buffer.byte-limit = 33554432 (custom)
2025-07-19 06:07:11,203 [IPC Server handler 36 on default port 15002] INFO  net.NetworkTopologyImpl (NetworkTopologyImpl.java:add(133)) - Added a new node: /default-rack/e4fa6cd0-dc30-4550-b12f-023a3466045b
2025-07-19 06:07:11,203 [IPC Server handler 36 on default port 15002] INFO  node.SCMNodeManager (SCMNodeManager.java:register(423)) - Registered datanode: e4fa6cd0-dc30-4550-b12f-023a3466045b{ip: 127.0.0.1, host: localhost, ports: [HTTP=15074, CLIENT_RPC=15075, REPLICATION=15081, RATIS=15077, RATIS_ADMIN=15078, RATIS_SERVER=15079, RATIS_DATASTREAM=15080, STANDALONE=15076], networkLocation: /default-rack, certSerialId: null, persistedOpState: null, persistedOpStateExpiryEpochSec: 0}
2025-07-19 06:07:11,204 [EventQueue-ContainerRegistrationReportForECContainerSafeModeRule] INFO  safemode.SCMSafeModeManager (SCMSafeModeManager.java:validateSafeModeExitRules(138)) - ECContainerSafeModeRule rule is successfully validated
2025-07-19 06:07:11,204 [EventQueue-NodeRegistrationContainerReportForDataNodeSafeModeRule] INFO  safemode.SCMSafeModeManager (SCMSafeModeManager.java:validateSafeModeExitRules(138)) - DataNodeSafeModeRule rule is successfully validated
2025-07-19 06:07:11,204 [EventQueue-ContainerRegistrationReportForRatisContainerSafeModeRule] INFO  safemode.SCMSafeModeManager (SCMSafeModeManager.java:validateSafeModeExitRules(138)) - RatisContainerSafeModeRule rule is successfully validated
2025-07-19 06:07:11,204 [EventQueue-PipelineReportForOneReplicaPipelineSafeModeRule] INFO  safemode.SCMSafeModeManager (SCMSafeModeManager.java:validateSafeModeExitRules(138)) - AtleastOneDatanodeReportedRule rule is successfully validated
2025-07-19 06:07:11,204 [EventQueue-NewNodeForNewNodeHandler] INFO  pipeline.BackgroundPipelineCreator (BackgroundPipelineCreator.java:notifyEventTriggered(290)) - trigger a one-shot run on RatisPipelineUtilsThread.
2025-07-19 06:07:11,207 [RatisPipelineUtilsThread-0] INFO  pipeline.RatisPipelineProvider (RatisPipelineProvider.java:lambda$create$0(208)) - Sending CreatePipelineCommand for pipeline:Pipeline-621783e2-3d2d-4ffd-8d5f-7fd69fea80d4 to datanode:e4fa6cd0-dc30-4550-b12f-023a3466045b(localhost/127.0.0.1)
2025-07-19 06:07:11,211 [86838f6f-3dde-42b5-b01a-58c95bf80430-groupManagement] INFO  util.AwaitToRun (AwaitToRun.java:start(81)) - Thread[#1193,86838f6f-3dde-42b5-b01a-58c95bf80430@group-0132FE54E6CF-cacheEviction-AwaitToRun,5,main] started
2025-07-19 06:07:11,211 [86838f6f-3dde-42b5-b01a-58c95bf80430-groupManagement] INFO  segmented.SegmentedRaftLogWorker (SegmentedRaftLogWorker.java:<init>(190)) - new 86838f6f-3dde-42b5-b01a-58c95bf80430@group-0132FE54E6CF-SegmentedRaftLogWorker for RaftStorageImpl:Storage Directory /home/runner/work/ozone/ozone/hadoop-ozone/integration-test/target/test-dir/MiniOzoneClusterImpl-09c4c6e1-5ab0-4195-ac7b-5aec6defaa36/ozone-meta/datanode-3/ratis/a1dcb70a-c8f9-4212-ac4f-0132fe54e6cf
2025-07-19 06:07:11,211 [86838f6f-3dde-42b5-b01a-58c95bf80430-groupManagement] INFO  server.RaftServerConfigKeys (ConfUtils.java:logGet(62)) - raft.server.log.queue.byte-limit = 4294967296 (custom)
2025-07-19 06:07:11,211 [86838f6f-3dde-42b5-b01a-58c95bf80430-groupManagement] INFO  server.RaftServerConfigKeys (ConfUtils.java:logGet(62)) - raft.server.log.segment.size.max = 67108864 (custom)
2025-07-19 06:07:11,211 [86838f6f-3dde-42b5-b01a-58c95bf80430-groupManagement] INFO  server.RaftServerConfigKeys (ConfUtils.java:logGet(62)) - raft.server.log.preallocated.size = 4194304 (custom)
2025-07-19 06:07:11,212 [86838f6f-3dde-42b5-b01a-58c95bf80430-groupManagement] INFO  server.RaftServerConfigKeys (ConfUtils.java:logGet(62)) - raft.server.log.write.buffer.size = 33554440 (custom)
2025-07-19 06:07:11,214 [EventQueue-PipelineReportForOneReplicaPipelineSafeModeRule] INFO  safemode.SCMSafeModeManager (SCMSafeModeManager.java:validateSafeModeExitRules(138)) - AtleastOneDatanodeReportedRule rule is successfully validated
2025-07-19 06:07:11,214 [885623d6-9da4-492b-a87d-998872f93ab6@group-5AEC6DEFAA36-StateMachineUpdater] INFO  safemode.SCMSafeModeManager (SCMSafeModeManager.java:validateSafeModeExitRules(138)) - DataNodeSafeModeRule rule is successfully validated
2025-07-19 06:07:11,214 [885623d6-9da4-492b-a87d-998872f93ab6@group-5AEC6DEFAA36-StateMachineUpdater] INFO  safemode.SCMSafeModeManager (SCMSafeModeManager.java:validateSafeModeExitRules(138)) - RatisContainerSafeModeRule rule is successfully validated
2025-07-19 06:07:11,214 [885623d6-9da4-492b-a87d-998872f93ab6@group-5AEC6DEFAA36-StateMachineUpdater] INFO  safemode.HealthyPipelineSafeModeRule (HealthyPipelineSafeModeRule.java:initializeRule(228)) - Refreshed total pipeline count is 0, healthy pipeline threshold count is 1
2025-07-19 06:07:11,214 [885623d6-9da4-492b-a87d-998872f93ab6@group-5AEC6DEFAA36-StateMachineUpdater] INFO  safemode.SCMSafeModeManager (SCMSafeModeManager.java:validateSafeModeExitRules(138)) - ECContainerSafeModeRule rule is successfully validated
2025-07-19 06:07:11,215 [885623d6-9da4-492b-a87d-998872f93ab6@group-5AEC6DEFAA36-StateMachineUpdater] INFO  safemode.SCMSafeModeManager (SCMSafeModeManager.java:validateSafeModeExitRules(138)) - AtleastOneDatanodeReportedRule rule is successfully validated
2025-07-19 06:07:11,216 [RatisPipelineUtilsThread-0] INFO  pipeline.BackgroundPipelineCreator (BackgroundPipelineCreator.java:createPipelines(246)) - Created new pipeline Pipeline{ Id: 621783e2-3d2d-4ffd-8d5f-7fd69fea80d4, Nodes: [ {e4fa6cd0-dc30-4550-b12f-023a3466045b(localhost/127.0.0.1), ReplicaIndex: 0},], ReplicationConfig: RATIS/ONE, State:ALLOCATED, leaderId:, CreationTimestamp2025-07-19T06:07:11.207040036Z[Etc/UTC]}
2025-07-19 06:07:11,218 [RatisPipelineUtilsThread-0] INFO  pipeline.RatisPipelineProvider (RatisPipelineProvider.java:lambda$create$0(208)) - Sending CreatePipelineCommand for pipeline:Pipeline-d382207d-4198-4d69-b4f6-032dc0aa9b70 to datanode:e4fa6cd0-dc30-4550-b12f-023a3466045b(localhost/127.0.0.1)
2025-07-19 06:07:11,218 [RatisPipelineUtilsThread-0] INFO  pipeline.RatisPipelineProvider (RatisPipelineProvider.java:lambda$create$0(208)) - Sending CreatePipelineCommand for pipeline:Pipeline-d382207d-4198-4d69-b4f6-032dc0aa9b70 to datanode:78917b03-a842-488e-9e7c-f00b43f4ecc3(localhost/127.0.0.1)
2025-07-19 06:07:11,219 [RatisPipelineUtilsThread-0] INFO  pipeline.RatisPipelineProvider (RatisPipelineProvider.java:lambda$create$0(208)) - Sending CreatePipelineCommand for pipeline:Pipeline-d382207d-4198-4d69-b4f6-032dc0aa9b70 to datanode:e6deb990-2c6c-4f88-aa04-2e44b30659d5(localhost/127.0.0.1)
2025-07-19 06:07:11,221 [86838f6f-3dde-42b5-b01a-58c95bf80430-groupManagement] INFO  server.RaftServerConfigKeys (ConfUtils.java:logGet(62)) - raft.server.log.appender.buffer.byte-limit = 33554432 (custom)
2025-07-19 06:07:11,221 [86838f6f-3dde-42b5-b01a-58c95bf80430-groupManagement] INFO  segmented.SegmentedRaftLogWorker (SegmentedRaftLogWorker.java:lambda$new$0(141)) - 86838f6f-3dde-42b5-b01a-58c95bf80430@group-0132FE54E6CF-SegmentedRaftLogWorker: flushIndex: setUnconditionally 0 -> -1
2025-07-19 06:07:11,221 [86838f6f-3dde-42b5-b01a-58c95bf80430-groupManagement] INFO  segmented.SegmentedRaftLogWorker (SegmentedRaftLogWorker.java:lambda$new$0(141)) - 86838f6f-3dde-42b5-b01a-58c95bf80430@group-0132FE54E6CF-SegmentedRaftLogWorker: safeCacheEvictIndex: setUnconditionally 0 -> -1
2025-07-19 06:07:11,221 [86838f6f-3dde-42b5-b01a-58c95bf80430-groupManagement] INFO  server.RaftServer$Division (RaftServerImpl.java:start(405)) - 86838f6f-3dde-42b5-b01a-58c95bf80430@group-0132FE54E6CF: start as a follower, conf=conf: {index: -1, cur=peers:[7e15f5a0-0f8f-4a50-92e4-d2f5038b0085|127.0.0.1:15015, aa0cb613-fc94-4131-90ab-17bcd78458c4|127.0.0.1:15023, 86838f6f-3dde-42b5-b01a-58c95bf80430|127.0.0.1:15031]|listeners:[], old=null}
2025-07-19 06:07:11,221 [86838f6f-3dde-42b5-b01a-58c95bf80430-groupManagement] INFO  server.RaftServer$Division (RaftServerImpl.java:setRole(392)) - 86838f6f-3dde-42b5-b01a-58c95bf80430@group-0132FE54E6CF: changes role from      null to FOLLOWER at term 0 for startAsFollower
2025-07-19 06:07:11,222 [86838f6f-3dde-42b5-b01a-58c95bf80430-groupManagement] INFO  impl.RoleInfo (RoleInfo.java:updateAndGet(148)) - 86838f6f-3dde-42b5-b01a-58c95bf80430: start 86838f6f-3dde-42b5-b01a-58c95bf80430@group-0132FE54E6CF-FollowerState
2025-07-19 06:07:11,223 [885623d6-9da4-492b-a87d-998872f93ab6@group-5AEC6DEFAA36-StateMachineUpdater] INFO  safemode.SCMSafeModeManager (SCMSafeModeManager.java:validateSafeModeExitRules(138)) - DataNodeSafeModeRule rule is successfully validated
2025-07-19 06:07:11,223 [885623d6-9da4-492b-a87d-998872f93ab6@group-5AEC6DEFAA36-StateMachineUpdater] INFO  safemode.SCMSafeModeManager (SCMSafeModeManager.java:validateSafeModeExitRules(138)) - RatisContainerSafeModeRule rule is successfully validated
2025-07-19 06:07:11,223 [885623d6-9da4-492b-a87d-998872f93ab6@group-5AEC6DEFAA36-StateMachineUpdater] INFO  safemode.HealthyPipelineSafeModeRule (HealthyPipelineSafeModeRule.java:initializeRule(228)) - Refreshed total pipeline count is 0, healthy pipeline threshold count is 1
2025-07-19 06:07:11,223 [86838f6f-3dde-42b5-b01a-58c95bf80430-groupManagement] INFO  util.JmxRegister (JmxRegister.java:tryRegister(44)) - Successfully registered JMX Bean with object name Ratis:service=RaftServer,group=group-0132FE54E6CF,id=86838f6f-3dde-42b5-b01a-58c95bf80430
2025-07-19 06:07:11,223 [86838f6f-3dde-42b5-b01a-58c95bf80430-groupManagement] INFO  util.JmxRegister (JmxRegister.java:register(58)) - register mxBean class org.apache.ratis.server.impl.RaftServerJmxAdapter as Ratis:service=RaftServer,group=group-0132FE54E6CF,id=86838f6f-3dde-42b5-b01a-58c95bf80430
2025-07-19 06:07:11,223 [885623d6-9da4-492b-a87d-998872f93ab6@group-5AEC6DEFAA36-StateMachineUpdater] INFO  safemode.SCMSafeModeManager (SCMSafeModeManager.java:validateSafeModeExitRules(138)) - ECContainerSafeModeRule rule is successfully validated
2025-07-19 06:07:11,223 [885623d6-9da4-492b-a87d-998872f93ab6@group-5AEC6DEFAA36-StateMachineUpdater] INFO  safemode.SCMSafeModeManager (SCMSafeModeManager.java:validateSafeModeExitRules(138)) - AtleastOneDatanodeReportedRule rule is successfully validated
2025-07-19 06:07:11,224 [RatisPipelineUtilsThread-0] INFO  pipeline.BackgroundPipelineCreator (BackgroundPipelineCreator.java:createPipelines(246)) - Created new pipeline Pipeline{ Id: d382207d-4198-4d69-b4f6-032dc0aa9b70, Nodes: [ {e4fa6cd0-dc30-4550-b12f-023a3466045b(localhost/127.0.0.1), ReplicaIndex: 0}, {78917b03-a842-488e-9e7c-f00b43f4ecc3(localhost/127.0.0.1), ReplicaIndex: 0}, {e6deb990-2c6c-4f88-aa04-2e44b30659d5(localhost/127.0.0.1), ReplicaIndex: 0},], ReplicationConfig: RATIS/THREE, State:ALLOCATED, leaderId:, CreationTimestamp2025-07-19T06:07:11.218103618Z[Etc/UTC]}
2025-07-19 06:07:11,224 [86838f6f-3dde-42b5-b01a-58c95bf80430-groupManagement] INFO  server.RaftServer$Division (RaftServerImpl.java:start(419)) - 86838f6f-3dde-42b5-b01a-58c95bf80430@group-0132FE54E6CF: Successfully started.
2025-07-19 06:07:11,228 [RatisPipelineUtilsThread-0] INFO  pipeline.RatisPipelineProvider (RatisPipelineProvider.java:lambda$create$0(208)) - Sending CreatePipelineCommand for pipeline:Pipeline-04a4c252-88a2-4fd6-909f-fb10f0a93659 to datanode:e4fa6cd0-dc30-4550-b12f-023a3466045b(localhost/127.0.0.1)
2025-07-19 06:07:11,228 [RatisPipelineUtilsThread-0] INFO  pipeline.RatisPipelineProvider (RatisPipelineProvider.java:lambda$create$0(208)) - Sending CreatePipelineCommand for pipeline:Pipeline-04a4c252-88a2-4fd6-909f-fb10f0a93659 to datanode:e6deb990-2c6c-4f88-aa04-2e44b30659d5(localhost/127.0.0.1)
2025-07-19 06:07:11,228 [RatisPipelineUtilsThread-0] INFO  pipeline.RatisPipelineProvider (RatisPipelineProvider.java:lambda$create$0(208)) - Sending CreatePipelineCommand for pipeline:Pipeline-04a4c252-88a2-4fd6-909f-fb10f0a93659 to datanode:78917b03-a842-488e-9e7c-f00b43f4ecc3(localhost/127.0.0.1)
2025-07-19 06:07:11,233 [885623d6-9da4-492b-a87d-998872f93ab6@group-5AEC6DEFAA36-StateMachineUpdater] INFO  safemode.SCMSafeModeManager (SCMSafeModeManager.java:validateSafeModeExitRules(138)) - DataNodeSafeModeRule rule is successfully validated
2025-07-19 06:07:11,233 [885623d6-9da4-492b-a87d-998872f93ab6@group-5AEC6DEFAA36-StateMachineUpdater] INFO  safemode.SCMSafeModeManager (SCMSafeModeManager.java:validateSafeModeExitRules(138)) - RatisContainerSafeModeRule rule is successfully validated
2025-07-19 06:07:11,234 [885623d6-9da4-492b-a87d-998872f93ab6@group-5AEC6DEFAA36-StateMachineUpdater] INFO  safemode.HealthyPipelineSafeModeRule (HealthyPipelineSafeModeRule.java:initializeRule(228)) - Refreshed total pipeline count is 0, healthy pipeline threshold count is 1
2025-07-19 06:07:11,235 [885623d6-9da4-492b-a87d-998872f93ab6@group-5AEC6DEFAA36-StateMachineUpdater] INFO  safemode.SCMSafeModeManager (SCMSafeModeManager.java:validateSafeModeExitRules(138)) - ECContainerSafeModeRule rule is successfully validated
2025-07-19 06:07:11,235 [885623d6-9da4-492b-a87d-998872f93ab6@group-5AEC6DEFAA36-StateMachineUpdater] INFO  safemode.SCMSafeModeManager (SCMSafeModeManager.java:validateSafeModeExitRules(138)) - AtleastOneDatanodeReportedRule rule is successfully validated
2025-07-19 06:07:11,236 [RatisPipelineUtilsThread-0] INFO  pipeline.PipelineManagerImpl (PipelineManagerImpl.java:recordMetricsForPipeline(922)) - Pipeline-04a4c252-88a2-4fd6-909f-fb10f0a93659 and Pipeline-d382207d-4198-4d69-b4f6-032dc0aa9b70 have exactly the same set of datanodes: [e4fa6cd0-dc30-4550-b12f-023a3466045b(localhost/127.0.0.1), e6deb990-2c6c-4f88-aa04-2e44b30659d5(localhost/127.0.0.1), 78917b03-a842-488e-9e7c-f00b43f4ecc3(localhost/127.0.0.1)]
2025-07-19 06:07:11,236 [RatisPipelineUtilsThread-0] INFO  pipeline.BackgroundPipelineCreator (BackgroundPipelineCreator.java:createPipelines(246)) - Created new pipeline Pipeline{ Id: 04a4c252-88a2-4fd6-909f-fb10f0a93659, Nodes: [ {e4fa6cd0-dc30-4550-b12f-023a3466045b(localhost/127.0.0.1), ReplicaIndex: 0}, {e6deb990-2c6c-4f88-aa04-2e44b30659d5(localhost/127.0.0.1), ReplicaIndex: 0}, {78917b03-a842-488e-9e7c-f00b43f4ecc3(localhost/127.0.0.1), ReplicaIndex: 0},], ReplicationConfig: RATIS/THREE, State:ALLOCATED, leaderId:, CreationTimestamp2025-07-19T06:07:11.228172179Z[Etc/UTC]}
2025-07-19 06:07:11,247 [grpc-default-executor-1] WARN  server.GrpcAdminProtocolService (GrpcAdminProtocolService.java:lambda$groupManagement$1(53)) - Failed groupManagement: GROUPADD, GroupManagementRequest:client-441AC92E0E53->7e15f5a0-0f8f-4a50-92e4-d2f5038b0085@group-0132FE54E6CF, cid=3, seq=null, RW, null, Add:group-0132FE54E6CF:[7e15f5a0-0f8f-4a50-92e4-d2f5038b0085|127.0.0.1:15015, aa0cb613-fc94-4131-90ab-17bcd78458c4|127.0.0.1:15023, 86838f6f-3dde-42b5-b01a-58c95bf80430|127.0.0.1:15031]
java.util.concurrent.CompletionException: org.apache.ratis.protocol.exceptions.AlreadyExistsException: 7e15f5a0-0f8f-4a50-92e4-d2f5038b0085: Failed to add group-0132FE54E6CF:[7e15f5a0-0f8f-4a50-92e4-d2f5038b0085|127.0.0.1:15015, aa0cb613-fc94-4131-90ab-17bcd78458c4|127.0.0.1:15023, 86838f6f-3dde-42b5-b01a-58c95bf80430|127.0.0.1:15031] since the group already exists in the map.
	at java.base/java.util.concurrent.CompletableFuture.encodeThrowable(CompletableFuture.java:332)
	at java.base/java.util.concurrent.CompletableFuture.uniApplyNow(CompletableFuture.java:674)
	at java.base/java.util.concurrent.CompletableFuture.uniApplyStage(CompletableFuture.java:662)
	at java.base/java.util.concurrent.CompletableFuture.thenApplyAsync(CompletableFuture.java:2210)
	at org.apache.ratis.server.impl.RaftServerProxy.groupAddAsync(RaftServerProxy.java:513)
	at org.apache.ratis.server.impl.RaftServerProxy.groupManagementAsync(RaftServerProxy.java:495)
	at org.apache.ratis.grpc.server.GrpcAdminProtocolService.lambda$groupManagement$0(GrpcAdminProtocolService.java:51)
	at org.apache.ratis.grpc.GrpcUtil.asyncCall(GrpcUtil.java:172)
	at org.apache.ratis.grpc.server.GrpcAdminProtocolService.groupManagement(GrpcAdminProtocolService.java:51)
	at org.apache.ratis.proto.grpc.AdminProtocolServiceGrpc$MethodHandlers.invoke(AdminProtocolServiceGrpc.java:701)
	at org.apache.ratis.thirdparty.io.grpc.stub.ServerCalls$UnaryServerCallHandler$UnaryServerCallListener.onHalfClose(ServerCalls.java:182)
	at org.apache.ratis.thirdparty.io.grpc.internal.ServerCallImpl$ServerStreamListenerImpl.halfClosed(ServerCallImpl.java:356)
	at org.apache.ratis.thirdparty.io.grpc.internal.ServerImpl$JumpToApplicationThreadServerStreamListener$1HalfClosed.runInContext(ServerImpl.java:861)
	at org.apache.ratis.thirdparty.io.grpc.internal.ContextRunnable.run(ContextRunnable.java:37)
	at org.apache.ratis.thirdparty.io.grpc.internal.SerializingExecutor.run(SerializingExecutor.java:133)
	at java.base/java.util.concurrent.ThreadPoolExecutor.runWorker(ThreadPoolExecutor.java:1144)
	at java.base/java.util.concurrent.ThreadPoolExecutor$Worker.run(ThreadPoolExecutor.java:642)
	at java.base/java.lang.Thread.run(Thread.java:1583)
Caused by: org.apache.ratis.protocol.exceptions.AlreadyExistsException: 7e15f5a0-0f8f-4a50-92e4-d2f5038b0085: Failed to add group-0132FE54E6CF:[7e15f5a0-0f8f-4a50-92e4-d2f5038b0085|127.0.0.1:15015, aa0cb613-fc94-4131-90ab-17bcd78458c4|127.0.0.1:15023, 86838f6f-3dde-42b5-b01a-58c95bf80430|127.0.0.1:15031] since the group already exists in the map.
	at org.apache.ratis.server.impl.RaftServerProxy$ImplMap.addNew(RaftServerProxy.java:99)
	at org.apache.ratis.server.impl.RaftServerProxy.groupAddAsync(RaftServerProxy.java:512)
	... 13 more
2025-07-19 06:07:11,255 [EventQueue-PipelineReportForOneReplicaPipelineSafeModeRule] INFO  safemode.SCMSafeModeManager (SCMSafeModeManager.java:validateSafeModeExitRules(138)) - AtleastOneDatanodeReportedRule rule is successfully validated
2025-07-19 06:07:11,257 [aa0cb613-fc94-4131-90ab-17bcd78458c4-PipelineCommandHandlerThread-0] INFO  commandhandler.CreatePipelineCommandHandler (CreatePipelineCommandHandler.java:lambda$handle$2(127)) - Created Pipeline RATIS THREE Pipeline-a1dcb70a-c8f9-4212-ac4f-0132fe54e6cf.
2025-07-19 06:07:11,258 [aa0cb613-fc94-4131-90ab-17bcd78458c4-PipelineCommandHandlerThread-0] INFO  server.RaftServer (RaftServerProxy.java:addNew(105)) - aa0cb613-fc94-4131-90ab-17bcd78458c4: addNew group-8039453F51C4:[7e15f5a0-0f8f-4a50-92e4-d2f5038b0085|127.0.0.1:15015, aa0cb613-fc94-4131-90ab-17bcd78458c4|127.0.0.1:15023, 86838f6f-3dde-42b5-b01a-58c95bf80430|127.0.0.1:15031] returns group-8039453F51C4:java.util.concurrent.CompletableFuture@58bbc0aa[Not completed]
2025-07-19 06:07:11,259 [aa0cb613-fc94-4131-90ab-17bcd78458c4-groupManagement] INFO  server.RaftServer$Division (RaftServerImpl.java:<init>(268)) - aa0cb613-fc94-4131-90ab-17bcd78458c4: new RaftServerImpl for group-8039453F51C4:[7e15f5a0-0f8f-4a50-92e4-d2f5038b0085|127.0.0.1:15015, aa0cb613-fc94-4131-90ab-17bcd78458c4|127.0.0.1:15023, 86838f6f-3dde-42b5-b01a-58c95bf80430|127.0.0.1:15031] with ContainerStateMachine:uninitialized
2025-07-19 06:07:11,260 [aa0cb613-fc94-4131-90ab-17bcd78458c4-groupManagement] INFO  server.RaftServer$Division (ServerState.java:<init>(114)) - aa0cb613-fc94-4131-90ab-17bcd78458c4@group-8039453F51C4: ConfigurationManager, init=conf: {index: -1, cur=peers:[7e15f5a0-0f8f-4a50-92e4-d2f5038b0085|127.0.0.1:15015, aa0cb613-fc94-4131-90ab-17bcd78458c4|127.0.0.1:15023, 86838f6f-3dde-42b5-b01a-58c95bf80430|127.0.0.1:15031]|listeners:[], old=null}, confs=<EMPTY_MAP>
2025-07-19 06:07:11,266 [grpc-default-executor-0] WARN  server.GrpcAdminProtocolService (GrpcAdminProtocolService.java:lambda$groupManagement$1(53)) - Failed groupManagement: GROUPADD, GroupManagementRequest:client-AEF2F01D1060->aa0cb613-fc94-4131-90ab-17bcd78458c4@group-0132FE54E6CF, cid=4, seq=null, RW, null, Add:group-0132FE54E6CF:[7e15f5a0-0f8f-4a50-92e4-d2f5038b0085|127.0.0.1:15015, aa0cb613-fc94-4131-90ab-17bcd78458c4|127.0.0.1:15023, 86838f6f-3dde-42b5-b01a-58c95bf80430|127.0.0.1:15031]
java.util.concurrent.CompletionException: org.apache.ratis.protocol.exceptions.AlreadyExistsException: aa0cb613-fc94-4131-90ab-17bcd78458c4: Failed to add group-0132FE54E6CF:[7e15f5a0-0f8f-4a50-92e4-d2f5038b0085|127.0.0.1:15015, aa0cb613-fc94-4131-90ab-17bcd78458c4|127.0.0.1:15023, 86838f6f-3dde-42b5-b01a-58c95bf80430|127.0.0.1:15031] since the group already exists in the map.
	at java.base/java.util.concurrent.CompletableFuture.encodeThrowable(CompletableFuture.java:332)
	at java.base/java.util.concurrent.CompletableFuture.uniApplyNow(CompletableFuture.java:674)
	at java.base/java.util.concurrent.CompletableFuture.uniApplyStage(CompletableFuture.java:662)
	at java.base/java.util.concurrent.CompletableFuture.thenApplyAsync(CompletableFuture.java:2210)
	at org.apache.ratis.server.impl.RaftServerProxy.groupAddAsync(RaftServerProxy.java:513)
	at org.apache.ratis.server.impl.RaftServerProxy.groupManagementAsync(RaftServerProxy.java:495)
	at org.apache.ratis.grpc.server.GrpcAdminProtocolService.lambda$groupManagement$0(GrpcAdminProtocolService.java:51)
	at org.apache.ratis.grpc.GrpcUtil.asyncCall(GrpcUtil.java:172)
	at org.apache.ratis.grpc.server.GrpcAdminProtocolService.groupManagement(GrpcAdminProtocolService.java:51)
	at org.apache.ratis.proto.grpc.AdminProtocolServiceGrpc$MethodHandlers.invoke(AdminProtocolServiceGrpc.java:701)
	at org.apache.ratis.thirdparty.io.grpc.stub.ServerCalls$UnaryServerCallHandler$UnaryServerCallListener.onHalfClose(ServerCalls.java:182)
	at org.apache.ratis.thirdparty.io.grpc.internal.ServerCallImpl$ServerStreamListenerImpl.halfClosed(ServerCallImpl.java:356)
	at org.apache.ratis.thirdparty.io.grpc.internal.ServerImpl$JumpToApplicationThreadServerStreamListener$1HalfClosed.runInContext(ServerImpl.java:861)
	at org.apache.ratis.thirdparty.io.grpc.internal.ContextRunnable.run(ContextRunnable.java:37)
	at org.apache.ratis.thirdparty.io.grpc.internal.SerializingExecutor.run(SerializingExecutor.java:133)
	at java.base/java.util.concurrent.ThreadPoolExecutor.runWorker(ThreadPoolExecutor.java:1144)
	at java.base/java.util.concurrent.ThreadPoolExecutor$Worker.run(ThreadPoolExecutor.java:642)
	at java.base/java.lang.Thread.run(Thread.java:1583)
Caused by: org.apache.ratis.protocol.exceptions.AlreadyExistsException: aa0cb613-fc94-4131-90ab-17bcd78458c4: Failed to add group-0132FE54E6CF:[7e15f5a0-0f8f-4a50-92e4-d2f5038b0085|127.0.0.1:15015, aa0cb613-fc94-4131-90ab-17bcd78458c4|127.0.0.1:15023, 86838f6f-3dde-42b5-b01a-58c95bf80430|127.0.0.1:15031] since the group already exists in the map.
	at org.apache.ratis.server.impl.RaftServerProxy$ImplMap.addNew(RaftServerProxy.java:99)
	at org.apache.ratis.server.impl.RaftServerProxy.groupAddAsync(RaftServerProxy.java:512)
	... 13 more
2025-07-19 06:07:11,270 [aa0cb613-fc94-4131-90ab-17bcd78458c4-groupManagement] INFO  server.RaftServerConfigKeys (ConfUtils.java:logGet(62)) - raft.server.storage.dir = [/home/runner/work/ozone/ozone/hadoop-ozone/integration-test/target/test-dir/MiniOzoneClusterImpl-09c4c6e1-5ab0-4195-ac7b-5aec6defaa36/ozone-meta/datanode-2/ratis] (custom)
2025-07-19 06:07:11,271 [aa0cb613-fc94-4131-90ab-17bcd78458c4-groupManagement] INFO  storage.RaftStorageDirectory (RaftStorageDirectoryImpl.java:analyzeStorage(138)) - The storage directory /home/runner/work/ozone/ozone/hadoop-ozone/integration-test/target/test-dir/MiniOzoneClusterImpl-09c4c6e1-5ab0-4195-ac7b-5aec6defaa36/ozone-meta/datanode-2/ratis/8087f958-22a4-4a04-9a20-8039453f51c4 does not exist. Creating ...
2025-07-19 06:07:11,272 [aa0cb613-fc94-4131-90ab-17bcd78458c4-groupManagement] INFO  storage.RaftStorageDirectory (RaftStorageDirectoryImpl.java:tryLock(229)) - Lock on /home/runner/work/ozone/ozone/hadoop-ozone/integration-test/target/test-dir/MiniOzoneClusterImpl-09c4c6e1-5ab0-4195-ac7b-5aec6defaa36/ozone-meta/datanode-2/ratis/8087f958-22a4-4a04-9a20-8039453f51c4/in_use.lock acquired by nodename 18124@localhost
2025-07-19 06:07:11,274 [7e15f5a0-0f8f-4a50-92e4-d2f5038b0085-PipelineCommandHandlerThread-0] INFO  commandhandler.CreatePipelineCommandHandler (CreatePipelineCommandHandler.java:lambda$handle$2(127)) - Created Pipeline RATIS THREE Pipeline-a1dcb70a-c8f9-4212-ac4f-0132fe54e6cf.
2025-07-19 06:07:11,274 [aa0cb613-fc94-4131-90ab-17bcd78458c4-groupManagement] INFO  storage.RaftStorage (RaftStorageImpl.java:format(98)) - Storage directory /home/runner/work/ozone/ozone/hadoop-ozone/integration-test/target/test-dir/MiniOzoneClusterImpl-09c4c6e1-5ab0-4195-ac7b-5aec6defaa36/ozone-meta/datanode-2/ratis/8087f958-22a4-4a04-9a20-8039453f51c4 has been successfully formatted.
2025-07-19 06:07:11,275 [7e15f5a0-0f8f-4a50-92e4-d2f5038b0085-PipelineCommandHandlerThread-0] INFO  server.RaftServer (RaftServerProxy.java:addNew(105)) - 7e15f5a0-0f8f-4a50-92e4-d2f5038b0085: addNew group-8039453F51C4:[7e15f5a0-0f8f-4a50-92e4-d2f5038b0085|127.0.0.1:15015, aa0cb613-fc94-4131-90ab-17bcd78458c4|127.0.0.1:15023, 86838f6f-3dde-42b5-b01a-58c95bf80430|127.0.0.1:15031] returns group-8039453F51C4:java.util.concurrent.CompletableFuture@10428c8c[Not completed]
2025-07-19 06:07:11,275 [aa0cb613-fc94-4131-90ab-17bcd78458c4-groupManagement] INFO  ratis.ContainerStateMachine (ContainerStateMachine.java:initialize(339)) - aa0cb613-fc94-4131-90ab-17bcd78458c4: initialize group-8039453F51C4
2025-07-19 06:07:11,275 [aa0cb613-fc94-4131-90ab-17bcd78458c4-groupManagement] INFO  ratis.ContainerStateMachine (ContainerStateMachine.java:loadSnapshot(347)) - group-8039453F51C4: The snapshot info is null. Setting the last applied index to:<INITIAL_VALUE>
2025-07-19 06:07:11,275 [aa0cb613-fc94-4131-90ab-17bcd78458c4-groupManagement] INFO  server.RaftServerConfigKeys (ConfUtils.java:logGet(62)) - raft.server.log.appender.buffer.byte-limit = 33554432 (custom)
2025-07-19 06:07:11,278 [7e15f5a0-0f8f-4a50-92e4-d2f5038b0085-groupManagement] INFO  server.RaftServer$Division (RaftServerImpl.java:<init>(268)) - 7e15f5a0-0f8f-4a50-92e4-d2f5038b0085: new RaftServerImpl for group-8039453F51C4:[7e15f5a0-0f8f-4a50-92e4-d2f5038b0085|127.0.0.1:15015, aa0cb613-fc94-4131-90ab-17bcd78458c4|127.0.0.1:15023, 86838f6f-3dde-42b5-b01a-58c95bf80430|127.0.0.1:15031] with ContainerStateMachine:uninitialized
2025-07-19 06:07:11,278 [7e15f5a0-0f8f-4a50-92e4-d2f5038b0085-groupManagement] INFO  server.RaftServer$Division (ServerState.java:<init>(114)) - 7e15f5a0-0f8f-4a50-92e4-d2f5038b0085@group-8039453F51C4: ConfigurationManager, init=conf: {index: -1, cur=peers:[7e15f5a0-0f8f-4a50-92e4-d2f5038b0085|127.0.0.1:15015, aa0cb613-fc94-4131-90ab-17bcd78458c4|127.0.0.1:15023, 86838f6f-3dde-42b5-b01a-58c95bf80430|127.0.0.1:15031]|listeners:[], old=null}, confs=<EMPTY_MAP>
2025-07-19 06:07:11,279 [EventQueue-PipelineReportForOneReplicaPipelineSafeModeRule] INFO  safemode.SCMSafeModeManager (SCMSafeModeManager.java:validateSafeModeExitRules(138)) - AtleastOneDatanodeReportedRule rule is successfully validated
2025-07-19 06:07:11,282 [aa0cb613-fc94-4131-90ab-17bcd78458c4-groupManagement] INFO  server.RaftServerConfigKeys (ConfUtils.java:logGet(62)) - raft.server.log.segment.size.max = 67108864 (custom)
2025-07-19 06:07:11,284 [aa0cb613-fc94-4131-90ab-17bcd78458c4-groupManagement] INFO  server.RaftServerConfigKeys (ConfUtils.java:logGet(62)) - raft.server.log.appender.buffer.byte-limit = 33554432 (custom)
2025-07-19 06:07:11,286 [aa0cb613-fc94-4131-90ab-17bcd78458c4-groupManagement] INFO  util.AwaitToRun (AwaitToRun.java:start(81)) - Thread[#1209,aa0cb613-fc94-4131-90ab-17bcd78458c4@group-8039453F51C4-cacheEviction-AwaitToRun,5,main] started
2025-07-19 06:07:11,286 [aa0cb613-fc94-4131-90ab-17bcd78458c4-groupManagement] INFO  segmented.SegmentedRaftLogWorker (SegmentedRaftLogWorker.java:<init>(190)) - new aa0cb613-fc94-4131-90ab-17bcd78458c4@group-8039453F51C4-SegmentedRaftLogWorker for RaftStorageImpl:Storage Directory /home/runner/work/ozone/ozone/hadoop-ozone/integration-test/target/test-dir/MiniOzoneClusterImpl-09c4c6e1-5ab0-4195-ac7b-5aec6defaa36/ozone-meta/datanode-2/ratis/8087f958-22a4-4a04-9a20-8039453f51c4
2025-07-19 06:07:11,286 [aa0cb613-fc94-4131-90ab-17bcd78458c4-groupManagement] INFO  server.RaftServerConfigKeys (ConfUtils.java:logGet(62)) - raft.server.log.queue.byte-limit = 4294967296 (custom)
2025-07-19 06:07:11,286 [aa0cb613-fc94-4131-90ab-17bcd78458c4-groupManagement] INFO  server.RaftServerConfigKeys (ConfUtils.java:logGet(62)) - raft.server.log.segment.size.max = 67108864 (custom)
2025-07-19 06:07:11,286 [aa0cb613-fc94-4131-90ab-17bcd78458c4-groupManagement] INFO  server.RaftServerConfigKeys (ConfUtils.java:logGet(62)) - raft.server.log.preallocated.size = 4194304 (custom)
2025-07-19 06:07:11,288 [aa0cb613-fc94-4131-90ab-17bcd78458c4-groupManagement] INFO  server.RaftServerConfigKeys (ConfUtils.java:logGet(62)) - raft.server.log.write.buffer.size = 33554440 (custom)
2025-07-19 06:07:11,289 [86838f6f-3dde-42b5-b01a-58c95bf80430-PipelineCommandHandlerThread-0] INFO  server.RaftServer (RaftServerProxy.java:addNew(105)) - 86838f6f-3dde-42b5-b01a-58c95bf80430: addNew group-975CF7110FA0:[86838f6f-3dde-42b5-b01a-58c95bf80430|127.0.0.1:15031] returns group-975CF7110FA0:java.util.concurrent.CompletableFuture@5610e974[Not completed]
2025-07-19 06:07:11,291 [7e15f5a0-0f8f-4a50-92e4-d2f5038b0085-groupManagement] INFO  server.RaftServerConfigKeys (ConfUtils.java:logGet(62)) - raft.server.storage.dir = [/home/runner/work/ozone/ozone/hadoop-ozone/integration-test/target/test-dir/MiniOzoneClusterImpl-09c4c6e1-5ab0-4195-ac7b-5aec6defaa36/ozone-meta/datanode-1/ratis] (custom)
2025-07-19 06:07:11,291 [7e15f5a0-0f8f-4a50-92e4-d2f5038b0085-groupManagement] INFO  storage.RaftStorageDirectory (RaftStorageDirectoryImpl.java:analyzeStorage(138)) - The storage directory /home/runner/work/ozone/ozone/hadoop-ozone/integration-test/target/test-dir/MiniOzoneClusterImpl-09c4c6e1-5ab0-4195-ac7b-5aec6defaa36/ozone-meta/datanode-1/ratis/8087f958-22a4-4a04-9a20-8039453f51c4 does not exist. Creating ...
2025-07-19 06:07:11,292 [86838f6f-3dde-42b5-b01a-58c95bf80430-groupManagement] INFO  server.RaftServer$Division (RaftServerImpl.java:<init>(268)) - 86838f6f-3dde-42b5-b01a-58c95bf80430: new RaftServerImpl for group-975CF7110FA0:[86838f6f-3dde-42b5-b01a-58c95bf80430|127.0.0.1:15031] with ContainerStateMachine:uninitialized
2025-07-19 06:07:11,292 [86838f6f-3dde-42b5-b01a-58c95bf80430-groupManagement] INFO  server.RaftServer$Division (ServerState.java:<init>(114)) - 86838f6f-3dde-42b5-b01a-58c95bf80430@group-975CF7110FA0: ConfigurationManager, init=conf: {index: -1, cur=peers:[86838f6f-3dde-42b5-b01a-58c95bf80430|127.0.0.1:15031]|listeners:[], old=null}, confs=<EMPTY_MAP>
2025-07-19 06:07:11,293 [7e15f5a0-0f8f-4a50-92e4-d2f5038b0085-groupManagement] INFO  storage.RaftStorageDirectory (RaftStorageDirectoryImpl.java:tryLock(229)) - Lock on /home/runner/work/ozone/ozone/hadoop-ozone/integration-test/target/test-dir/MiniOzoneClusterImpl-09c4c6e1-5ab0-4195-ac7b-5aec6defaa36/ozone-meta/datanode-1/ratis/8087f958-22a4-4a04-9a20-8039453f51c4/in_use.lock acquired by nodename 18124@localhost
2025-07-19 06:07:11,296 [7e15f5a0-0f8f-4a50-92e4-d2f5038b0085-groupManagement] INFO  storage.RaftStorage (RaftStorageImpl.java:format(98)) - Storage directory /home/runner/work/ozone/ozone/hadoop-ozone/integration-test/target/test-dir/MiniOzoneClusterImpl-09c4c6e1-5ab0-4195-ac7b-5aec6defaa36/ozone-meta/datanode-1/ratis/8087f958-22a4-4a04-9a20-8039453f51c4 has been successfully formatted.
2025-07-19 06:07:11,296 [7e15f5a0-0f8f-4a50-92e4-d2f5038b0085-groupManagement] INFO  ratis.ContainerStateMachine (ContainerStateMachine.java:initialize(339)) - 7e15f5a0-0f8f-4a50-92e4-d2f5038b0085: initialize group-8039453F51C4
2025-07-19 06:07:11,296 [7e15f5a0-0f8f-4a50-92e4-d2f5038b0085-groupManagement] INFO  ratis.ContainerStateMachine (ContainerStateMachine.java:loadSnapshot(347)) - group-8039453F51C4: The snapshot info is null. Setting the last applied index to:<INITIAL_VALUE>
2025-07-19 06:07:11,297 [7e15f5a0-0f8f-4a50-92e4-d2f5038b0085-groupManagement] INFO  server.RaftServerConfigKeys (ConfUtils.java:logGet(62)) - raft.server.log.appender.buffer.byte-limit = 33554432 (custom)
2025-07-19 06:07:11,297 [aa0cb613-fc94-4131-90ab-17bcd78458c4-groupManagement] INFO  server.RaftServerConfigKeys (ConfUtils.java:logGet(62)) - raft.server.log.appender.buffer.byte-limit = 33554432 (custom)
2025-07-19 06:07:11,298 [aa0cb613-fc94-4131-90ab-17bcd78458c4-groupManagement] INFO  segmented.SegmentedRaftLogWorker (SegmentedRaftLogWorker.java:lambda$new$0(141)) - aa0cb613-fc94-4131-90ab-17bcd78458c4@group-8039453F51C4-SegmentedRaftLogWorker: flushIndex: setUnconditionally 0 -> -1
2025-07-19 06:07:11,299 [aa0cb613-fc94-4131-90ab-17bcd78458c4-groupManagement] INFO  segmented.SegmentedRaftLogWorker (SegmentedRaftLogWorker.java:lambda$new$0(141)) - aa0cb613-fc94-4131-90ab-17bcd78458c4@group-8039453F51C4-SegmentedRaftLogWorker: safeCacheEvictIndex: setUnconditionally 0 -> -1
2025-07-19 06:07:11,300 [aa0cb613-fc94-4131-90ab-17bcd78458c4-groupManagement] INFO  server.RaftServer$Division (RaftServerImpl.java:start(405)) - aa0cb613-fc94-4131-90ab-17bcd78458c4@group-8039453F51C4: start as a follower, conf=conf: {index: -1, cur=peers:[7e15f5a0-0f8f-4a50-92e4-d2f5038b0085|127.0.0.1:15015, aa0cb613-fc94-4131-90ab-17bcd78458c4|127.0.0.1:15023, 86838f6f-3dde-42b5-b01a-58c95bf80430|127.0.0.1:15031]|listeners:[], old=null}
2025-07-19 06:07:11,300 [aa0cb613-fc94-4131-90ab-17bcd78458c4-groupManagement] INFO  server.RaftServer$Division (RaftServerImpl.java:setRole(392)) - aa0cb613-fc94-4131-90ab-17bcd78458c4@group-8039453F51C4: changes role from      null to FOLLOWER at term 0 for startAsFollower
2025-07-19 06:07:11,300 [aa0cb613-fc94-4131-90ab-17bcd78458c4-groupManagement] INFO  impl.RoleInfo (RoleInfo.java:updateAndGet(148)) - aa0cb613-fc94-4131-90ab-17bcd78458c4: start aa0cb613-fc94-4131-90ab-17bcd78458c4@group-8039453F51C4-FollowerState
2025-07-19 06:07:11,300 [EventQueue-PipelineReportForOneReplicaPipelineSafeModeRule] INFO  safemode.SCMSafeModeManager (SCMSafeModeManager.java:validateSafeModeExitRules(138)) - AtleastOneDatanodeReportedRule rule is successfully validated
2025-07-19 06:07:11,301 [aa0cb613-fc94-4131-90ab-17bcd78458c4-groupManagement] INFO  util.JmxRegister (JmxRegister.java:tryRegister(44)) - Successfully registered JMX Bean with object name Ratis:service=RaftServer,group=group-8039453F51C4,id=aa0cb613-fc94-4131-90ab-17bcd78458c4
2025-07-19 06:07:11,301 [aa0cb613-fc94-4131-90ab-17bcd78458c4-groupManagement] INFO  util.JmxRegister (JmxRegister.java:register(58)) - register mxBean class org.apache.ratis.server.impl.RaftServerJmxAdapter as Ratis:service=RaftServer,group=group-8039453F51C4,id=aa0cb613-fc94-4131-90ab-17bcd78458c4
2025-07-19 06:07:11,306 [aa0cb613-fc94-4131-90ab-17bcd78458c4-groupManagement] INFO  server.RaftServer$Division (RaftServerImpl.java:start(419)) - aa0cb613-fc94-4131-90ab-17bcd78458c4@group-8039453F51C4: Successfully started.
2025-07-19 06:07:11,306 [aa0cb613-fc94-4131-90ab-17bcd78458c4-PipelineCommandHandlerThread-0] INFO  ratis.XceiverServerRatis (XceiverServerRatis.java:addGroup(843)) - Created group Pipeline-8087f958-22a4-4a04-9a20-8039453f51c4
2025-07-19 06:07:11,308 [7e15f5a0-0f8f-4a50-92e4-d2f5038b0085-groupManagement] INFO  server.RaftServerConfigKeys (ConfUtils.java:logGet(62)) - raft.server.log.segment.size.max = 67108864 (custom)
2025-07-19 06:07:11,310 [7e15f5a0-0f8f-4a50-92e4-d2f5038b0085-groupManagement] INFO  server.RaftServerConfigKeys (ConfUtils.java:logGet(62)) - raft.server.log.appender.buffer.byte-limit = 33554432 (custom)
2025-07-19 06:07:11,311 [7e15f5a0-0f8f-4a50-92e4-d2f5038b0085-groupManagement] INFO  util.AwaitToRun (AwaitToRun.java:start(81)) - Thread[#1214,7e15f5a0-0f8f-4a50-92e4-d2f5038b0085@group-8039453F51C4-cacheEviction-AwaitToRun,5,main] started
2025-07-19 06:07:11,311 [7e15f5a0-0f8f-4a50-92e4-d2f5038b0085-groupManagement] INFO  segmented.SegmentedRaftLogWorker (SegmentedRaftLogWorker.java:<init>(190)) - new 7e15f5a0-0f8f-4a50-92e4-d2f5038b0085@group-8039453F51C4-SegmentedRaftLogWorker for RaftStorageImpl:Storage Directory /home/runner/work/ozone/ozone/hadoop-ozone/integration-test/target/test-dir/MiniOzoneClusterImpl-09c4c6e1-5ab0-4195-ac7b-5aec6defaa36/ozone-meta/datanode-1/ratis/8087f958-22a4-4a04-9a20-8039453f51c4
2025-07-19 06:07:11,311 [7e15f5a0-0f8f-4a50-92e4-d2f5038b0085-groupManagement] INFO  server.RaftServerConfigKeys (ConfUtils.java:logGet(62)) - raft.server.log.queue.byte-limit = 4294967296 (custom)
2025-07-19 06:07:11,311 [7e15f5a0-0f8f-4a50-92e4-d2f5038b0085-groupManagement] INFO  server.RaftServerConfigKeys (ConfUtils.java:logGet(62)) - raft.server.log.segment.size.max = 67108864 (custom)
2025-07-19 06:07:11,311 [7e15f5a0-0f8f-4a50-92e4-d2f5038b0085-groupManagement] INFO  server.RaftServerConfigKeys (ConfUtils.java:logGet(62)) - raft.server.log.preallocated.size = 4194304 (custom)
2025-07-19 06:07:11,313 [86838f6f-3dde-42b5-b01a-58c95bf80430-groupManagement] INFO  server.RaftServerConfigKeys (ConfUtils.java:logGet(62)) - raft.server.storage.dir = [/home/runner/work/ozone/ozone/hadoop-ozone/integration-test/target/test-dir/MiniOzoneClusterImpl-09c4c6e1-5ab0-4195-ac7b-5aec6defaa36/ozone-meta/datanode-3/ratis] (custom)
2025-07-19 06:07:11,313 [86838f6f-3dde-42b5-b01a-58c95bf80430-groupManagement] INFO  storage.RaftStorageDirectory (RaftStorageDirectoryImpl.java:analyzeStorage(138)) - The storage directory /home/runner/work/ozone/ozone/hadoop-ozone/integration-test/target/test-dir/MiniOzoneClusterImpl-09c4c6e1-5ab0-4195-ac7b-5aec6defaa36/ozone-meta/datanode-3/ratis/9cef7c10-6f5a-4f22-93de-975cf7110fa0 does not exist. Creating ...
2025-07-19 06:07:11,313 [7e15f5a0-0f8f-4a50-92e4-d2f5038b0085-groupManagement] INFO  server.RaftServerConfigKeys (ConfUtils.java:logGet(62)) - raft.server.log.write.buffer.size = 33554440 (custom)
2025-07-19 06:07:11,319 [86838f6f-3dde-42b5-b01a-58c95bf80430-groupManagement] INFO  storage.RaftStorageDirectory (RaftStorageDirectoryImpl.java:tryLock(229)) - Lock on /home/runner/work/ozone/ozone/hadoop-ozone/integration-test/target/test-dir/MiniOzoneClusterImpl-09c4c6e1-5ab0-4195-ac7b-5aec6defaa36/ozone-meta/datanode-3/ratis/9cef7c10-6f5a-4f22-93de-975cf7110fa0/in_use.lock acquired by nodename 18124@localhost
2025-07-19 06:07:11,319 [grpc-default-executor-0] WARN  server.GrpcAdminProtocolService (GrpcAdminProtocolService.java:lambda$groupManagement$1(53)) - Failed groupManagement: GROUPADD, GroupManagementRequest:client-05461A0479B1->7e15f5a0-0f8f-4a50-92e4-d2f5038b0085@group-8039453F51C4, cid=5, seq=null, RW, null, Add:group-8039453F51C4:[7e15f5a0-0f8f-4a50-92e4-d2f5038b0085|127.0.0.1:15015, aa0cb613-fc94-4131-90ab-17bcd78458c4|127.0.0.1:15023, 86838f6f-3dde-42b5-b01a-58c95bf80430|127.0.0.1:15031]
java.util.concurrent.CompletionException: org.apache.ratis.protocol.exceptions.AlreadyExistsException: 7e15f5a0-0f8f-4a50-92e4-d2f5038b0085: Failed to add group-8039453F51C4:[7e15f5a0-0f8f-4a50-92e4-d2f5038b0085|127.0.0.1:15015, aa0cb613-fc94-4131-90ab-17bcd78458c4|127.0.0.1:15023, 86838f6f-3dde-42b5-b01a-58c95bf80430|127.0.0.1:15031] since the group already exists in the map.
	at java.base/java.util.concurrent.CompletableFuture.encodeThrowable(CompletableFuture.java:332)
	at java.base/java.util.concurrent.CompletableFuture.uniApplyNow(CompletableFuture.java:674)
	at java.base/java.util.concurrent.CompletableFuture.uniApplyStage(CompletableFuture.java:662)
	at java.base/java.util.concurrent.CompletableFuture.thenApplyAsync(CompletableFuture.java:2210)
	at org.apache.ratis.server.impl.RaftServerProxy.groupAddAsync(RaftServerProxy.java:513)
	at org.apache.ratis.server.impl.RaftServerProxy.groupManagementAsync(RaftServerProxy.java:495)
	at org.apache.ratis.grpc.server.GrpcAdminProtocolService.lambda$groupManagement$0(GrpcAdminProtocolService.java:51)
	at org.apache.ratis.grpc.GrpcUtil.asyncCall(GrpcUtil.java:172)
	at org.apache.ratis.grpc.server.GrpcAdminProtocolService.groupManagement(GrpcAdminProtocolService.java:51)
	at org.apache.ratis.proto.grpc.AdminProtocolServiceGrpc$MethodHandlers.invoke(AdminProtocolServiceGrpc.java:701)
	at org.apache.ratis.thirdparty.io.grpc.stub.ServerCalls$UnaryServerCallHandler$UnaryServerCallListener.onHalfClose(ServerCalls.java:182)
	at org.apache.ratis.thirdparty.io.grpc.internal.ServerCallImpl$ServerStreamListenerImpl.halfClosed(ServerCallImpl.java:356)
	at org.apache.ratis.thirdparty.io.grpc.internal.ServerImpl$JumpToApplicationThreadServerStreamListener$1HalfClosed.runInContext(ServerImpl.java:861)
	at org.apache.ratis.thirdparty.io.grpc.internal.ContextRunnable.run(ContextRunnable.java:37)
	at org.apache.ratis.thirdparty.io.grpc.internal.SerializingExecutor.run(SerializingExecutor.java:133)
	at java.base/java.util.concurrent.ThreadPoolExecutor.runWorker(ThreadPoolExecutor.java:1144)
	at java.base/java.util.concurrent.ThreadPoolExecutor$Worker.run(ThreadPoolExecutor.java:642)
	at java.base/java.lang.Thread.run(Thread.java:1583)
Caused by: org.apache.ratis.protocol.exceptions.AlreadyExistsException: 7e15f5a0-0f8f-4a50-92e4-d2f5038b0085: Failed to add group-8039453F51C4:[7e15f5a0-0f8f-4a50-92e4-d2f5038b0085|127.0.0.1:15015, aa0cb613-fc94-4131-90ab-17bcd78458c4|127.0.0.1:15023, 86838f6f-3dde-42b5-b01a-58c95bf80430|127.0.0.1:15031] since the group already exists in the map.
	at org.apache.ratis.server.impl.RaftServerProxy$ImplMap.addNew(RaftServerProxy.java:99)
	at org.apache.ratis.server.impl.RaftServerProxy.groupAddAsync(RaftServerProxy.java:512)
	... 13 more
2025-07-19 06:07:11,321 [86838f6f-3dde-42b5-b01a-58c95bf80430-groupManagement] INFO  storage.RaftStorage (RaftStorageImpl.java:format(98)) - Storage directory /home/runner/work/ozone/ozone/hadoop-ozone/integration-test/target/test-dir/MiniOzoneClusterImpl-09c4c6e1-5ab0-4195-ac7b-5aec6defaa36/ozone-meta/datanode-3/ratis/9cef7c10-6f5a-4f22-93de-975cf7110fa0 has been successfully formatted.
2025-07-19 06:07:11,322 [86838f6f-3dde-42b5-b01a-58c95bf80430-groupManagement] INFO  ratis.ContainerStateMachine (ContainerStateMachine.java:initialize(339)) - 86838f6f-3dde-42b5-b01a-58c95bf80430: initialize group-975CF7110FA0
2025-07-19 06:07:11,322 [86838f6f-3dde-42b5-b01a-58c95bf80430-groupManagement] INFO  ratis.ContainerStateMachine (ContainerStateMachine.java:loadSnapshot(347)) - group-975CF7110FA0: The snapshot info is null. Setting the last applied index to:<INITIAL_VALUE>
2025-07-19 06:07:11,322 [86838f6f-3dde-42b5-b01a-58c95bf80430-groupManagement] INFO  server.RaftServerConfigKeys (ConfUtils.java:logGet(62)) - raft.server.log.appender.buffer.byte-limit = 33554432 (custom)
2025-07-19 06:07:11,322 [7e15f5a0-0f8f-4a50-92e4-d2f5038b0085-groupManagement] INFO  server.RaftServerConfigKeys (ConfUtils.java:logGet(62)) - raft.server.log.appender.buffer.byte-limit = 33554432 (custom)
2025-07-19 06:07:11,322 [7e15f5a0-0f8f-4a50-92e4-d2f5038b0085-groupManagement] INFO  segmented.SegmentedRaftLogWorker (SegmentedRaftLogWorker.java:lambda$new$0(141)) - 7e15f5a0-0f8f-4a50-92e4-d2f5038b0085@group-8039453F51C4-SegmentedRaftLogWorker: flushIndex: setUnconditionally 0 -> -1
2025-07-19 06:07:11,322 [7e15f5a0-0f8f-4a50-92e4-d2f5038b0085-groupManagement] INFO  segmented.SegmentedRaftLogWorker (SegmentedRaftLogWorker.java:lambda$new$0(141)) - 7e15f5a0-0f8f-4a50-92e4-d2f5038b0085@group-8039453F51C4-SegmentedRaftLogWorker: safeCacheEvictIndex: setUnconditionally 0 -> -1
2025-07-19 06:07:11,323 [7e15f5a0-0f8f-4a50-92e4-d2f5038b0085-groupManagement] INFO  server.RaftServer$Division (RaftServerImpl.java:start(405)) - 7e15f5a0-0f8f-4a50-92e4-d2f5038b0085@group-8039453F51C4: start as a follower, conf=conf: {index: -1, cur=peers:[7e15f5a0-0f8f-4a50-92e4-d2f5038b0085|127.0.0.1:15015, aa0cb613-fc94-4131-90ab-17bcd78458c4|127.0.0.1:15023, 86838f6f-3dde-42b5-b01a-58c95bf80430|127.0.0.1:15031]|listeners:[], old=null}
2025-07-19 06:07:11,323 [7e15f5a0-0f8f-4a50-92e4-d2f5038b0085-groupManagement] INFO  server.RaftServer$Division (RaftServerImpl.java:setRole(392)) - 7e15f5a0-0f8f-4a50-92e4-d2f5038b0085@group-8039453F51C4: changes role from      null to FOLLOWER at term 0 for startAsFollower
2025-07-19 06:07:11,323 [7e15f5a0-0f8f-4a50-92e4-d2f5038b0085-groupManagement] INFO  impl.RoleInfo (RoleInfo.java:updateAndGet(148)) - 7e15f5a0-0f8f-4a50-92e4-d2f5038b0085: start 7e15f5a0-0f8f-4a50-92e4-d2f5038b0085@group-8039453F51C4-FollowerState
2025-07-19 06:07:11,324 [EventQueue-PipelineReportForOneReplicaPipelineSafeModeRule] INFO  safemode.SCMSafeModeManager (SCMSafeModeManager.java:validateSafeModeExitRules(138)) - AtleastOneDatanodeReportedRule rule is successfully validated
2025-07-19 06:07:11,326 [7e15f5a0-0f8f-4a50-92e4-d2f5038b0085-groupManagement] INFO  util.JmxRegister (JmxRegister.java:tryRegister(44)) - Successfully registered JMX Bean with object name Ratis:service=RaftServer,group=group-8039453F51C4,id=7e15f5a0-0f8f-4a50-92e4-d2f5038b0085
2025-07-19 06:07:11,326 [7e15f5a0-0f8f-4a50-92e4-d2f5038b0085-groupManagement] INFO  util.JmxRegister (JmxRegister.java:register(58)) - register mxBean class org.apache.ratis.server.impl.RaftServerJmxAdapter as Ratis:service=RaftServer,group=group-8039453F51C4,id=7e15f5a0-0f8f-4a50-92e4-d2f5038b0085
2025-07-19 06:07:11,327 [885623d6-9da4-492b-a87d-998872f93ab6@group-5AEC6DEFAA36-StateMachineUpdater] INFO  safemode.SCMSafeModeManager (SCMSafeModeManager.java:validateSafeModeExitRules(138)) - DataNodeSafeModeRule rule is successfully validated
2025-07-19 06:07:11,328 [885623d6-9da4-492b-a87d-998872f93ab6@group-5AEC6DEFAA36-StateMachineUpdater] INFO  safemode.SCMSafeModeManager (SCMSafeModeManager.java:validateSafeModeExitRules(138)) - RatisContainerSafeModeRule rule is successfully validated
2025-07-19 06:07:11,328 [885623d6-9da4-492b-a87d-998872f93ab6@group-5AEC6DEFAA36-StateMachineUpdater] INFO  safemode.HealthyPipelineSafeModeRule (HealthyPipelineSafeModeRule.java:initializeRule(228)) - Refreshed total pipeline count is 0, healthy pipeline threshold count is 1
2025-07-19 06:07:11,328 [885623d6-9da4-492b-a87d-998872f93ab6@group-5AEC6DEFAA36-StateMachineUpdater] INFO  safemode.SCMSafeModeManager (SCMSafeModeManager.java:validateSafeModeExitRules(138)) - ECContainerSafeModeRule rule is successfully validated
2025-07-19 06:07:11,328 [885623d6-9da4-492b-a87d-998872f93ab6@group-5AEC6DEFAA36-StateMachineUpdater] INFO  safemode.SCMSafeModeManager (SCMSafeModeManager.java:validateSafeModeExitRules(138)) - AtleastOneDatanodeReportedRule rule is successfully validated
2025-07-19 06:07:11,328 [EventQueue-PipelineReportForPipelineReportHandler] INFO  pipeline.PipelineReportHandler (PipelineReportHandler.java:processPipelineReport(134)) - Opened pipeline Pipeline-9cef7c10-6f5a-4f22-93de-975cf7110fa0
2025-07-19 06:07:11,332 [86838f6f-3dde-42b5-b01a-58c95bf80430-groupManagement] INFO  server.RaftServerConfigKeys (ConfUtils.java:logGet(62)) - raft.server.log.segment.size.max = 67108864 (custom)
2025-07-19 06:07:11,333 [86838f6f-3dde-42b5-b01a-58c95bf80430-groupManagement] INFO  server.RaftServerConfigKeys (ConfUtils.java:logGet(62)) - raft.server.log.appender.buffer.byte-limit = 33554432 (custom)
2025-07-19 06:07:11,333 [7e15f5a0-0f8f-4a50-92e4-d2f5038b0085-groupManagement] INFO  server.RaftServer$Division (RaftServerImpl.java:start(419)) - 7e15f5a0-0f8f-4a50-92e4-d2f5038b0085@group-8039453F51C4: Successfully started.
2025-07-19 06:07:11,334 [7e15f5a0-0f8f-4a50-92e4-d2f5038b0085-PipelineCommandHandlerThread-0] INFO  ratis.XceiverServerRatis (XceiverServerRatis.java:addGroup(843)) - Created group Pipeline-8087f958-22a4-4a04-9a20-8039453f51c4
2025-07-19 06:07:11,337 [86838f6f-3dde-42b5-b01a-58c95bf80430-groupManagement] INFO  util.AwaitToRun (AwaitToRun.java:start(81)) - Thread[#1221,86838f6f-3dde-42b5-b01a-58c95bf80430@group-975CF7110FA0-cacheEviction-AwaitToRun,5,main] started
2025-07-19 06:07:11,337 [86838f6f-3dde-42b5-b01a-58c95bf80430-groupManagement] INFO  segmented.SegmentedRaftLogWorker (SegmentedRaftLogWorker.java:<init>(190)) - new 86838f6f-3dde-42b5-b01a-58c95bf80430@group-975CF7110FA0-SegmentedRaftLogWorker for RaftStorageImpl:Storage Directory /home/runner/work/ozone/ozone/hadoop-ozone/integration-test/target/test-dir/MiniOzoneClusterImpl-09c4c6e1-5ab0-4195-ac7b-5aec6defaa36/ozone-meta/datanode-3/ratis/9cef7c10-6f5a-4f22-93de-975cf7110fa0
2025-07-19 06:07:11,337 [86838f6f-3dde-42b5-b01a-58c95bf80430-groupManagement] INFO  server.RaftServerConfigKeys (ConfUtils.java:logGet(62)) - raft.server.log.queue.byte-limit = 4294967296 (custom)
2025-07-19 06:07:11,337 [86838f6f-3dde-42b5-b01a-58c95bf80430-groupManagement] INFO  server.RaftServerConfigKeys (ConfUtils.java:logGet(62)) - raft.server.log.segment.size.max = 67108864 (custom)
2025-07-19 06:07:11,338 [86838f6f-3dde-42b5-b01a-58c95bf80430-groupManagement] INFO  server.RaftServerConfigKeys (ConfUtils.java:logGet(62)) - raft.server.log.preallocated.size = 4194304 (custom)
2025-07-19 06:07:11,338 [86838f6f-3dde-42b5-b01a-58c95bf80430-groupManagement] INFO  server.RaftServerConfigKeys (ConfUtils.java:logGet(62)) - raft.server.log.write.buffer.size = 33554440 (custom)
2025-07-19 06:07:11,345 [grpc-default-executor-0] INFO  server.RaftServer (RaftServerProxy.java:addNew(105)) - 86838f6f-3dde-42b5-b01a-58c95bf80430: addNew group-8039453F51C4:[7e15f5a0-0f8f-4a50-92e4-d2f5038b0085|127.0.0.1:15015, aa0cb613-fc94-4131-90ab-17bcd78458c4|127.0.0.1:15023, 86838f6f-3dde-42b5-b01a-58c95bf80430|127.0.0.1:15031] returns group-8039453F51C4:java.util.concurrent.CompletableFuture@456d5d15[Not completed]
2025-07-19 06:07:11,346 [grpc-default-executor-0] WARN  server.GrpcAdminProtocolService (GrpcAdminProtocolService.java:lambda$groupManagement$1(53)) - Failed groupManagement: GROUPADD, GroupManagementRequest:client-3CBA3603B0AC->aa0cb613-fc94-4131-90ab-17bcd78458c4@group-8039453F51C4, cid=7, seq=null, RW, null, Add:group-8039453F51C4:[7e15f5a0-0f8f-4a50-92e4-d2f5038b0085|127.0.0.1:15015, aa0cb613-fc94-4131-90ab-17bcd78458c4|127.0.0.1:15023, 86838f6f-3dde-42b5-b01a-58c95bf80430|127.0.0.1:15031]
java.util.concurrent.CompletionException: org.apache.ratis.protocol.exceptions.AlreadyExistsException: aa0cb613-fc94-4131-90ab-17bcd78458c4: Failed to add group-8039453F51C4:[7e15f5a0-0f8f-4a50-92e4-d2f5038b0085|127.0.0.1:15015, aa0cb613-fc94-4131-90ab-17bcd78458c4|127.0.0.1:15023, 86838f6f-3dde-42b5-b01a-58c95bf80430|127.0.0.1:15031] since the group already exists in the map.
	at java.base/java.util.concurrent.CompletableFuture.encodeThrowable(CompletableFuture.java:332)
	at java.base/java.util.concurrent.CompletableFuture.uniApplyNow(CompletableFuture.java:674)
	at java.base/java.util.concurrent.CompletableFuture.uniApplyStage(CompletableFuture.java:662)
	at java.base/java.util.concurrent.CompletableFuture.thenApplyAsync(CompletableFuture.java:2210)
	at org.apache.ratis.server.impl.RaftServerProxy.groupAddAsync(RaftServerProxy.java:513)
	at org.apache.ratis.server.impl.RaftServerProxy.groupManagementAsync(RaftServerProxy.java:495)
	at org.apache.ratis.grpc.server.GrpcAdminProtocolService.lambda$groupManagement$0(GrpcAdminProtocolService.java:51)
	at org.apache.ratis.grpc.GrpcUtil.asyncCall(GrpcUtil.java:172)
	at org.apache.ratis.grpc.server.GrpcAdminProtocolService.groupManagement(GrpcAdminProtocolService.java:51)
	at org.apache.ratis.proto.grpc.AdminProtocolServiceGrpc$MethodHandlers.invoke(AdminProtocolServiceGrpc.java:701)
	at org.apache.ratis.thirdparty.io.grpc.stub.ServerCalls$UnaryServerCallHandler$UnaryServerCallListener.onHalfClose(ServerCalls.java:182)
	at org.apache.ratis.thirdparty.io.grpc.internal.ServerCallImpl$ServerStreamListenerImpl.halfClosed(ServerCallImpl.java:356)
	at org.apache.ratis.thirdparty.io.grpc.internal.ServerImpl$JumpToApplicationThreadServerStreamListener$1HalfClosed.runInContext(ServerImpl.java:861)
	at org.apache.ratis.thirdparty.io.grpc.internal.ContextRunnable.run(ContextRunnable.java:37)
	at org.apache.ratis.thirdparty.io.grpc.internal.SerializingExecutor.run(SerializingExecutor.java:133)
	at java.base/java.util.concurrent.ThreadPoolExecutor.runWorker(ThreadPoolExecutor.java:1144)
	at java.base/java.util.concurrent.ThreadPoolExecutor$Worker.run(ThreadPoolExecutor.java:642)
	at java.base/java.lang.Thread.run(Thread.java:1583)
Caused by: org.apache.ratis.protocol.exceptions.AlreadyExistsException: aa0cb613-fc94-4131-90ab-17bcd78458c4: Failed to add group-8039453F51C4:[7e15f5a0-0f8f-4a50-92e4-d2f5038b0085|127.0.0.1:15015, aa0cb613-fc94-4131-90ab-17bcd78458c4|127.0.0.1:15023, 86838f6f-3dde-42b5-b01a-58c95bf80430|127.0.0.1:15031] since the group already exists in the map.
	at org.apache.ratis.server.impl.RaftServerProxy$ImplMap.addNew(RaftServerProxy.java:99)
	at org.apache.ratis.server.impl.RaftServerProxy.groupAddAsync(RaftServerProxy.java:512)
	... 13 more
2025-07-19 06:07:11,349 [86838f6f-3dde-42b5-b01a-58c95bf80430-groupManagement] INFO  server.RaftServerConfigKeys (ConfUtils.java:logGet(62)) - raft.server.log.appender.buffer.byte-limit = 33554432 (custom)
2025-07-19 06:07:11,350 [86838f6f-3dde-42b5-b01a-58c95bf80430-groupManagement] INFO  segmented.SegmentedRaftLogWorker (SegmentedRaftLogWorker.java:lambda$new$0(141)) - 86838f6f-3dde-42b5-b01a-58c95bf80430@group-975CF7110FA0-SegmentedRaftLogWorker: flushIndex: setUnconditionally 0 -> -1
2025-07-19 06:07:11,350 [86838f6f-3dde-42b5-b01a-58c95bf80430-groupManagement] INFO  segmented.SegmentedRaftLogWorker (SegmentedRaftLogWorker.java:lambda$new$0(141)) - 86838f6f-3dde-42b5-b01a-58c95bf80430@group-975CF7110FA0-SegmentedRaftLogWorker: safeCacheEvictIndex: setUnconditionally 0 -> -1
2025-07-19 06:07:11,350 [86838f6f-3dde-42b5-b01a-58c95bf80430-groupManagement] INFO  server.RaftServer$Division (RaftServerImpl.java:start(405)) - 86838f6f-3dde-42b5-b01a-58c95bf80430@group-975CF7110FA0: start as a follower, conf=conf: {index: -1, cur=peers:[86838f6f-3dde-42b5-b01a-58c95bf80430|127.0.0.1:15031]|listeners:[], old=null}
2025-07-19 06:07:11,350 [86838f6f-3dde-42b5-b01a-58c95bf80430-groupManagement] INFO  server.RaftServer$Division (RaftServerImpl.java:setRole(392)) - 86838f6f-3dde-42b5-b01a-58c95bf80430@group-975CF7110FA0: changes role from      null to FOLLOWER at term 0 for startAsFollower
2025-07-19 06:07:11,350 [86838f6f-3dde-42b5-b01a-58c95bf80430-groupManagement] INFO  impl.RoleInfo (RoleInfo.java:updateAndGet(148)) - 86838f6f-3dde-42b5-b01a-58c95bf80430: start 86838f6f-3dde-42b5-b01a-58c95bf80430@group-975CF7110FA0-FollowerState
2025-07-19 06:07:11,350 [86838f6f-3dde-42b5-b01a-58c95bf80430-groupManagement] INFO  util.JmxRegister (JmxRegister.java:tryRegister(44)) - Successfully registered JMX Bean with object name Ratis:service=RaftServer,group=group-975CF7110FA0,id=86838f6f-3dde-42b5-b01a-58c95bf80430
2025-07-19 06:07:11,351 [86838f6f-3dde-42b5-b01a-58c95bf80430-groupManagement] INFO  util.JmxRegister (JmxRegister.java:register(58)) - register mxBean class org.apache.ratis.server.impl.RaftServerJmxAdapter as Ratis:service=RaftServer,group=group-975CF7110FA0,id=86838f6f-3dde-42b5-b01a-58c95bf80430
2025-07-19 06:07:11,352 [86838f6f-3dde-42b5-b01a-58c95bf80430-groupManagement] INFO  server.RaftServer$Division (RaftServerImpl.java:start(419)) - 86838f6f-3dde-42b5-b01a-58c95bf80430@group-975CF7110FA0: Successfully started.
2025-07-19 06:07:11,352 [86838f6f-3dde-42b5-b01a-58c95bf80430-PipelineCommandHandlerThread-0] INFO  ratis.XceiverServerRatis (XceiverServerRatis.java:addGroup(843)) - Created group Pipeline-9cef7c10-6f5a-4f22-93de-975cf7110fa0
2025-07-19 06:07:11,352 [86838f6f-3dde-42b5-b01a-58c95bf80430-PipelineCommandHandlerThread-0] INFO  commandhandler.CreatePipelineCommandHandler (CreatePipelineCommandHandler.java:lambda$handle$2(127)) - Created Pipeline RATIS ONE Pipeline-9cef7c10-6f5a-4f22-93de-975cf7110fa0.
2025-07-19 06:07:11,354 [86838f6f-3dde-42b5-b01a-58c95bf80430-groupManagement] INFO  server.RaftServer$Division (RaftServerImpl.java:<init>(268)) - 86838f6f-3dde-42b5-b01a-58c95bf80430: new RaftServerImpl for group-8039453F51C4:[7e15f5a0-0f8f-4a50-92e4-d2f5038b0085|127.0.0.1:15015, aa0cb613-fc94-4131-90ab-17bcd78458c4|127.0.0.1:15023, 86838f6f-3dde-42b5-b01a-58c95bf80430|127.0.0.1:15031] with ContainerStateMachine:uninitialized
2025-07-19 06:07:11,355 [86838f6f-3dde-42b5-b01a-58c95bf80430-groupManagement] INFO  server.RaftServer$Division (ServerState.java:<init>(114)) - 86838f6f-3dde-42b5-b01a-58c95bf80430@group-8039453F51C4: ConfigurationManager, init=conf: {index: -1, cur=peers:[7e15f5a0-0f8f-4a50-92e4-d2f5038b0085|127.0.0.1:15015, aa0cb613-fc94-4131-90ab-17bcd78458c4|127.0.0.1:15023, 86838f6f-3dde-42b5-b01a-58c95bf80430|127.0.0.1:15031]|listeners:[], old=null}, confs=<EMPTY_MAP>
2025-07-19 06:07:11,366 [86838f6f-3dde-42b5-b01a-58c95bf80430-groupManagement] INFO  storage.RaftStorageDirectory (RaftStorageDirectoryImpl.java:analyzeStorage(138)) - The storage directory /home/runner/work/ozone/ozone/hadoop-ozone/integration-test/target/test-dir/MiniOzoneClusterImpl-09c4c6e1-5ab0-4195-ac7b-5aec6defaa36/ozone-meta/datanode-3/ratis/8087f958-22a4-4a04-9a20-8039453f51c4 does not exist. Creating ...
2025-07-19 06:07:11,369 [86838f6f-3dde-42b5-b01a-58c95bf80430-groupManagement] INFO  storage.RaftStorageDirectory (RaftStorageDirectoryImpl.java:tryLock(229)) - Lock on /home/runner/work/ozone/ozone/hadoop-ozone/integration-test/target/test-dir/MiniOzoneClusterImpl-09c4c6e1-5ab0-4195-ac7b-5aec6defaa36/ozone-meta/datanode-3/ratis/8087f958-22a4-4a04-9a20-8039453f51c4/in_use.lock acquired by nodename 18124@localhost
2025-07-19 06:07:11,370 [grpc-default-executor-0] WARN  server.GrpcAdminProtocolService (GrpcAdminProtocolService.java:lambda$groupManagement$1(53)) - Failed groupManagement: GROUPADD, GroupManagementRequest:client-26C3BBBEEA95->86838f6f-3dde-42b5-b01a-58c95bf80430@group-8039453F51C4, cid=8, seq=null, RW, null, Add:group-8039453F51C4:[7e15f5a0-0f8f-4a50-92e4-d2f5038b0085|127.0.0.1:15015, aa0cb613-fc94-4131-90ab-17bcd78458c4|127.0.0.1:15023, 86838f6f-3dde-42b5-b01a-58c95bf80430|127.0.0.1:15031]
java.util.concurrent.CompletionException: org.apache.ratis.protocol.exceptions.AlreadyExistsException: 86838f6f-3dde-42b5-b01a-58c95bf80430: Failed to add group-8039453F51C4:[7e15f5a0-0f8f-4a50-92e4-d2f5038b0085|127.0.0.1:15015, aa0cb613-fc94-4131-90ab-17bcd78458c4|127.0.0.1:15023, 86838f6f-3dde-42b5-b01a-58c95bf80430|127.0.0.1:15031] since the group already exists in the map.
	at java.base/java.util.concurrent.CompletableFuture.encodeThrowable(CompletableFuture.java:332)
	at java.base/java.util.concurrent.CompletableFuture.uniApplyNow(CompletableFuture.java:674)
	at java.base/java.util.concurrent.CompletableFuture.uniApplyStage(CompletableFuture.java:662)
	at java.base/java.util.concurrent.CompletableFuture.thenApplyAsync(CompletableFuture.java:2210)
	at org.apache.ratis.server.impl.RaftServerProxy.groupAddAsync(RaftServerProxy.java:513)
	at org.apache.ratis.server.impl.RaftServerProxy.groupManagementAsync(RaftServerProxy.java:495)
	at org.apache.ratis.grpc.server.GrpcAdminProtocolService.lambda$groupManagement$0(GrpcAdminProtocolService.java:51)
	at org.apache.ratis.grpc.GrpcUtil.asyncCall(GrpcUtil.java:172)
	at org.apache.ratis.grpc.server.GrpcAdminProtocolService.groupManagement(GrpcAdminProtocolService.java:51)
	at org.apache.ratis.proto.grpc.AdminProtocolServiceGrpc$MethodHandlers.invoke(AdminProtocolServiceGrpc.java:701)
	at org.apache.ratis.thirdparty.io.grpc.stub.ServerCalls$UnaryServerCallHandler$UnaryServerCallListener.onHalfClose(ServerCalls.java:182)
	at org.apache.ratis.thirdparty.io.grpc.internal.ServerCallImpl$ServerStreamListenerImpl.halfClosed(ServerCallImpl.java:356)
	at org.apache.ratis.thirdparty.io.grpc.internal.ServerImpl$JumpToApplicationThreadServerStreamListener$1HalfClosed.runInContext(ServerImpl.java:861)
	at org.apache.ratis.thirdparty.io.grpc.internal.ContextRunnable.run(ContextRunnable.java:37)
	at org.apache.ratis.thirdparty.io.grpc.internal.SerializingExecutor.run(SerializingExecutor.java:133)
	at java.base/java.util.concurrent.ThreadPoolExecutor.runWorker(ThreadPoolExecutor.java:1144)
	at java.base/java.util.concurrent.ThreadPoolExecutor$Worker.run(ThreadPoolExecutor.java:642)
	at java.base/java.lang.Thread.run(Thread.java:1583)
Caused by: org.apache.ratis.protocol.exceptions.AlreadyExistsException: 86838f6f-3dde-42b5-b01a-58c95bf80430: Failed to add group-8039453F51C4:[7e15f5a0-0f8f-4a50-92e4-d2f5038b0085|127.0.0.1:15015, aa0cb613-fc94-4131-90ab-17bcd78458c4|127.0.0.1:15023, 86838f6f-3dde-42b5-b01a-58c95bf80430|127.0.0.1:15031] since the group already exists in the map.
	at org.apache.ratis.server.impl.RaftServerProxy$ImplMap.addNew(RaftServerProxy.java:99)
	at org.apache.ratis.server.impl.RaftServerProxy.groupAddAsync(RaftServerProxy.java:512)
	... 13 more
2025-07-19 06:07:11,376 [86838f6f-3dde-42b5-b01a-58c95bf80430-groupManagement] INFO  storage.RaftStorage (RaftStorageImpl.java:format(98)) - Storage directory /home/runner/work/ozone/ozone/hadoop-ozone/integration-test/target/test-dir/MiniOzoneClusterImpl-09c4c6e1-5ab0-4195-ac7b-5aec6defaa36/ozone-meta/datanode-3/ratis/8087f958-22a4-4a04-9a20-8039453f51c4 has been successfully formatted.
2025-07-19 06:07:11,377 [7e15f5a0-0f8f-4a50-92e4-d2f5038b0085-PipelineCommandHandlerThread-0] INFO  commandhandler.CreatePipelineCommandHandler (CreatePipelineCommandHandler.java:lambda$handle$2(127)) - Created Pipeline RATIS THREE Pipeline-8087f958-22a4-4a04-9a20-8039453f51c4.
2025-07-19 06:07:11,377 [86838f6f-3dde-42b5-b01a-58c95bf80430-groupManagement] INFO  ratis.ContainerStateMachine (ContainerStateMachine.java:initialize(339)) - 86838f6f-3dde-42b5-b01a-58c95bf80430: initialize group-8039453F51C4
2025-07-19 06:07:11,377 [86838f6f-3dde-42b5-b01a-58c95bf80430-groupManagement] INFO  ratis.ContainerStateMachine (ContainerStateMachine.java:loadSnapshot(347)) - group-8039453F51C4: The snapshot info is null. Setting the last applied index to:<INITIAL_VALUE>
2025-07-19 06:07:11,377 [86838f6f-3dde-42b5-b01a-58c95bf80430-groupManagement] INFO  server.RaftServerConfigKeys (ConfUtils.java:logGet(62)) - raft.server.log.appender.buffer.byte-limit = 33554432 (custom)
2025-07-19 06:07:11,379 [EventQueue-PipelineReportForOneReplicaPipelineSafeModeRule] INFO  safemode.SCMSafeModeManager (SCMSafeModeManager.java:validateSafeModeExitRules(138)) - AtleastOneDatanodeReportedRule rule is successfully validated
2025-07-19 06:07:11,382 [86838f6f-3dde-42b5-b01a-58c95bf80430-groupManagement] INFO  server.RaftServerConfigKeys (ConfUtils.java:logGet(62)) - raft.server.log.segment.size.max = 67108864 (custom)
2025-07-19 06:07:11,383 [86838f6f-3dde-42b5-b01a-58c95bf80430-groupManagement] INFO  server.RaftServerConfigKeys (ConfUtils.java:logGet(62)) - raft.server.log.appender.buffer.byte-limit = 33554432 (custom)
2025-07-19 06:07:11,383 [86838f6f-3dde-42b5-b01a-58c95bf80430-groupManagement] INFO  util.AwaitToRun (AwaitToRun.java:start(81)) - Thread[#1231,86838f6f-3dde-42b5-b01a-58c95bf80430@group-8039453F51C4-cacheEviction-AwaitToRun,5,main] started
2025-07-19 06:07:11,383 [86838f6f-3dde-42b5-b01a-58c95bf80430-groupManagement] INFO  segmented.SegmentedRaftLogWorker (SegmentedRaftLogWorker.java:<init>(190)) - new 86838f6f-3dde-42b5-b01a-58c95bf80430@group-8039453F51C4-SegmentedRaftLogWorker for RaftStorageImpl:Storage Directory /home/runner/work/ozone/ozone/hadoop-ozone/integration-test/target/test-dir/MiniOzoneClusterImpl-09c4c6e1-5ab0-4195-ac7b-5aec6defaa36/ozone-meta/datanode-3/ratis/8087f958-22a4-4a04-9a20-8039453f51c4
2025-07-19 06:07:11,383 [86838f6f-3dde-42b5-b01a-58c95bf80430-groupManagement] INFO  server.RaftServerConfigKeys (ConfUtils.java:logGet(62)) - raft.server.log.queue.byte-limit = 4294967296 (custom)
2025-07-19 06:07:11,384 [86838f6f-3dde-42b5-b01a-58c95bf80430-groupManagement] INFO  server.RaftServerConfigKeys (ConfUtils.java:logGet(62)) - raft.server.log.segment.size.max = 67108864 (custom)
2025-07-19 06:07:11,384 [86838f6f-3dde-42b5-b01a-58c95bf80430-groupManagement] INFO  server.RaftServerConfigKeys (ConfUtils.java:logGet(62)) - raft.server.log.preallocated.size = 4194304 (custom)
2025-07-19 06:07:11,385 [86838f6f-3dde-42b5-b01a-58c95bf80430-groupManagement] INFO  server.RaftServerConfigKeys (ConfUtils.java:logGet(62)) - raft.server.log.write.buffer.size = 33554440 (custom)
2025-07-19 06:07:11,390 [86838f6f-3dde-42b5-b01a-58c95bf80430-groupManagement] INFO  server.RaftServerConfigKeys (ConfUtils.java:logGet(62)) - raft.server.log.appender.buffer.byte-limit = 33554432 (custom)
2025-07-19 06:07:11,390 [86838f6f-3dde-42b5-b01a-58c95bf80430-groupManagement] INFO  segmented.SegmentedRaftLogWorker (SegmentedRaftLogWorker.java:lambda$new$0(141)) - 86838f6f-3dde-42b5-b01a-58c95bf80430@group-8039453F51C4-SegmentedRaftLogWorker: flushIndex: setUnconditionally 0 -> -1
2025-07-19 06:07:11,390 [86838f6f-3dde-42b5-b01a-58c95bf80430-groupManagement] INFO  segmented.SegmentedRaftLogWorker (SegmentedRaftLogWorker.java:lambda$new$0(141)) - 86838f6f-3dde-42b5-b01a-58c95bf80430@group-8039453F51C4-SegmentedRaftLogWorker: safeCacheEvictIndex: setUnconditionally 0 -> -1
2025-07-19 06:07:11,390 [86838f6f-3dde-42b5-b01a-58c95bf80430-groupManagement] INFO  server.RaftServer$Division (RaftServerImpl.java:start(405)) - 86838f6f-3dde-42b5-b01a-58c95bf80430@group-8039453F51C4: start as a follower, conf=conf: {index: -1, cur=peers:[7e15f5a0-0f8f-4a50-92e4-d2f5038b0085|127.0.0.1:15015, aa0cb613-fc94-4131-90ab-17bcd78458c4|127.0.0.1:15023, 86838f6f-3dde-42b5-b01a-58c95bf80430|127.0.0.1:15031]|listeners:[], old=null}
2025-07-19 06:07:11,390 [86838f6f-3dde-42b5-b01a-58c95bf80430-groupManagement] INFO  server.RaftServer$Division (RaftServerImpl.java:setRole(392)) - 86838f6f-3dde-42b5-b01a-58c95bf80430@group-8039453F51C4: changes role from      null to FOLLOWER at term 0 for startAsFollower
2025-07-19 06:07:11,390 [86838f6f-3dde-42b5-b01a-58c95bf80430-groupManagement] INFO  impl.RoleInfo (RoleInfo.java:updateAndGet(148)) - 86838f6f-3dde-42b5-b01a-58c95bf80430: start 86838f6f-3dde-42b5-b01a-58c95bf80430@group-8039453F51C4-FollowerState
2025-07-19 06:07:11,391 [86838f6f-3dde-42b5-b01a-58c95bf80430-groupManagement] INFO  util.JmxRegister (JmxRegister.java:tryRegister(44)) - Successfully registered JMX Bean with object name Ratis:service=RaftServer,group=group-8039453F51C4,id=86838f6f-3dde-42b5-b01a-58c95bf80430
2025-07-19 06:07:11,391 [86838f6f-3dde-42b5-b01a-58c95bf80430-groupManagement] INFO  util.JmxRegister (JmxRegister.java:register(58)) - register mxBean class org.apache.ratis.server.impl.RaftServerJmxAdapter as Ratis:service=RaftServer,group=group-8039453F51C4,id=86838f6f-3dde-42b5-b01a-58c95bf80430
2025-07-19 06:07:11,392 [86838f6f-3dde-42b5-b01a-58c95bf80430-groupManagement] INFO  server.RaftServer$Division (RaftServerImpl.java:start(419)) - 86838f6f-3dde-42b5-b01a-58c95bf80430@group-8039453F51C4: Successfully started.
2025-07-19 06:07:11,397 [aa0cb613-fc94-4131-90ab-17bcd78458c4-PipelineCommandHandlerThread-0] INFO  commandhandler.CreatePipelineCommandHandler (CreatePipelineCommandHandler.java:lambda$handle$2(127)) - Created Pipeline RATIS THREE Pipeline-8087f958-22a4-4a04-9a20-8039453f51c4.
2025-07-19 06:07:11,447 [IPC Server handler 42 on default port 15002] INFO  net.NetworkTopologyImpl (NetworkTopologyImpl.java:add(133)) - Added a new node: /default-rack/85aa579c-736c-4de8-9407-4b363243255c
2025-07-19 06:07:11,447 [IPC Server handler 42 on default port 15002] INFO  node.SCMNodeManager (SCMNodeManager.java:register(423)) - Registered datanode: 85aa579c-736c-4de8-9407-4b363243255c{ip: 127.0.0.1, host: localhost, ports: [HTTP=15082, CLIENT_RPC=15083, REPLICATION=15089, RATIS=15085, RATIS_ADMIN=15086, RATIS_SERVER=15087, RATIS_DATASTREAM=15088, STANDALONE=15084], networkLocation: /default-rack, certSerialId: null, persistedOpState: null, persistedOpStateExpiryEpochSec: 0}
2025-07-19 06:07:11,448 [EventQueue-NewNodeForNewNodeHandler] INFO  pipeline.BackgroundPipelineCreator (BackgroundPipelineCreator.java:notifyEventTriggered(290)) - trigger a one-shot run on RatisPipelineUtilsThread.
2025-07-19 06:07:11,448 [EventQueue-ContainerRegistrationReportForRatisContainerSafeModeRule] INFO  safemode.SCMSafeModeManager (SCMSafeModeManager.java:validateSafeModeExitRules(138)) - RatisContainerSafeModeRule rule is successfully validated
2025-07-19 06:07:11,448 [RatisPipelineUtilsThread-0] INFO  pipeline.RatisPipelineProvider (RatisPipelineProvider.java:lambda$create$0(208)) - Sending CreatePipelineCommand for pipeline:Pipeline-92f531b3-12c3-41cd-a323-20218890329c to datanode:85aa579c-736c-4de8-9407-4b363243255c(localhost/127.0.0.1)
2025-07-19 06:07:11,448 [EventQueue-NodeRegistrationContainerReportForDataNodeSafeModeRule] INFO  safemode.SCMSafeModeManager (SCMSafeModeManager.java:validateSafeModeExitRules(138)) - DataNodeSafeModeRule rule is successfully validated
2025-07-19 06:07:11,449 [EventQueue-PipelineReportForOneReplicaPipelineSafeModeRule] INFO  safemode.SCMSafeModeManager (SCMSafeModeManager.java:validateSafeModeExitRules(138)) - AtleastOneDatanodeReportedRule rule is successfully validated
2025-07-19 06:07:11,449 [EventQueue-ContainerRegistrationReportForECContainerSafeModeRule] INFO  safemode.SCMSafeModeManager (SCMSafeModeManager.java:validateSafeModeExitRules(138)) - ECContainerSafeModeRule rule is successfully validated
2025-07-19 06:07:11,450 [main] INFO  ozone.MiniOzoneClusterImpl (MiniOzoneClusterImpl.java:lambda$waitForClusterToBeReady$0(173)) - Nodes are ready. Got 10 of 10 DN Heartbeats.
2025-07-19 06:07:11,451 [main] INFO  ozone.MiniOzoneClusterImpl (MiniOzoneClusterImpl.java:lambda$waitForClusterToBeReady$0(176)) - Waiting for cluster to exit safe mode
2025-07-19 06:07:11,451 [main] INFO  ozone.MiniOzoneClusterImpl (MiniOzoneClusterImpl.java:lambda$waitForClusterToBeReady$0(178)) - SCM became leader
2025-07-19 06:07:11,453 [EventQueue-PipelineReportForOneReplicaPipelineSafeModeRule] INFO  safemode.SCMSafeModeManager (SCMSafeModeManager.java:validateSafeModeExitRules(138)) - AtleastOneDatanodeReportedRule rule is successfully validated
2025-07-19 06:07:11,454 [885623d6-9da4-492b-a87d-998872f93ab6@group-5AEC6DEFAA36-StateMachineUpdater] INFO  safemode.SCMSafeModeManager (SCMSafeModeManager.java:validateSafeModeExitRules(138)) - DataNodeSafeModeRule rule is successfully validated
2025-07-19 06:07:11,454 [885623d6-9da4-492b-a87d-998872f93ab6@group-5AEC6DEFAA36-StateMachineUpdater] INFO  safemode.SCMSafeModeManager (SCMSafeModeManager.java:validateSafeModeExitRules(138)) - RatisContainerSafeModeRule rule is successfully validated
2025-07-19 06:07:11,454 [885623d6-9da4-492b-a87d-998872f93ab6@group-5AEC6DEFAA36-StateMachineUpdater] INFO  safemode.HealthyPipelineSafeModeRule (HealthyPipelineSafeModeRule.java:initializeRule(228)) - Refreshed total pipeline count is 0, healthy pipeline threshold count is 1
2025-07-19 06:07:11,454 [885623d6-9da4-492b-a87d-998872f93ab6@group-5AEC6DEFAA36-StateMachineUpdater] INFO  safemode.SCMSafeModeManager (SCMSafeModeManager.java:validateSafeModeExitRules(138)) - ECContainerSafeModeRule rule is successfully validated
2025-07-19 06:07:11,454 [885623d6-9da4-492b-a87d-998872f93ab6@group-5AEC6DEFAA36-StateMachineUpdater] INFO  safemode.SCMSafeModeManager (SCMSafeModeManager.java:validateSafeModeExitRules(138)) - AtleastOneDatanodeReportedRule rule is successfully validated
2025-07-19 06:07:11,455 [RatisPipelineUtilsThread-0] INFO  pipeline.BackgroundPipelineCreator (BackgroundPipelineCreator.java:createPipelines(246)) - Created new pipeline Pipeline{ Id: 92f531b3-12c3-41cd-a323-20218890329c, Nodes: [ {85aa579c-736c-4de8-9407-4b363243255c(localhost/127.0.0.1), ReplicaIndex: 0},], ReplicationConfig: RATIS/ONE, State:ALLOCATED, leaderId:, CreationTimestamp2025-07-19T06:07:11.448886597Z[Etc/UTC]}
2025-07-19 06:07:11,458 [EventQueue-PipelineReportForOneReplicaPipelineSafeModeRule] INFO  safemode.SCMSafeModeManager (SCMSafeModeManager.java:validateSafeModeExitRules(138)) - AtleastOneDatanodeReportedRule rule is successfully validated
2025-07-19 06:07:11,477 [EventQueue-PipelineReportForOneReplicaPipelineSafeModeRule] INFO  safemode.SCMSafeModeManager (SCMSafeModeManager.java:validateSafeModeExitRules(138)) - AtleastOneDatanodeReportedRule rule is successfully validated
2025-07-19 06:07:11,489 [EventQueue-PipelineReportForOneReplicaPipelineSafeModeRule] INFO  safemode.SCMSafeModeManager (SCMSafeModeManager.java:validateSafeModeExitRules(138)) - AtleastOneDatanodeReportedRule rule is successfully validated
2025-07-19 06:07:11,572 [cfedd3f1-5d02-4847-a363-6f2972b00a97-PipelineCommandHandlerThread-0] INFO  server.RaftServer (RaftServerProxy.java:addNew(105)) - cfedd3f1-5d02-4847-a363-6f2972b00a97: addNew group-3308FC4C3D1F:[cfedd3f1-5d02-4847-a363-6f2972b00a97|127.0.0.1:15039] returns group-3308FC4C3D1F:java.util.concurrent.CompletableFuture@61d46050[Not completed]
2025-07-19 06:07:11,574 [cfedd3f1-5d02-4847-a363-6f2972b00a97-groupManagement] INFO  server.RaftServer$Division (RaftServerImpl.java:<init>(268)) - cfedd3f1-5d02-4847-a363-6f2972b00a97: new RaftServerImpl for group-3308FC4C3D1F:[cfedd3f1-5d02-4847-a363-6f2972b00a97|127.0.0.1:15039] with ContainerStateMachine:uninitialized
2025-07-19 06:07:11,574 [cfedd3f1-5d02-4847-a363-6f2972b00a97-groupManagement] INFO  server.RaftServer$Division (ServerState.java:<init>(114)) - cfedd3f1-5d02-4847-a363-6f2972b00a97@group-3308FC4C3D1F: ConfigurationManager, init=conf: {index: -1, cur=peers:[cfedd3f1-5d02-4847-a363-6f2972b00a97|127.0.0.1:15039]|listeners:[], old=null}, confs=<EMPTY_MAP>
2025-07-19 06:07:11,578 [EventQueue-PipelineReportForOneReplicaPipelineSafeModeRule] INFO  safemode.SCMSafeModeManager (SCMSafeModeManager.java:validateSafeModeExitRules(138)) - AtleastOneDatanodeReportedRule rule is successfully validated
2025-07-19 06:07:11,579 [EventQueue-PipelineReportForOneReplicaPipelineSafeModeRule] INFO  safemode.SCMSafeModeManager (SCMSafeModeManager.java:validateSafeModeExitRules(138)) - AtleastOneDatanodeReportedRule rule is successfully validated
2025-07-19 06:07:11,581 [cfedd3f1-5d02-4847-a363-6f2972b00a97-groupManagement] INFO  server.RaftServerConfigKeys (ConfUtils.java:logGet(62)) - raft.server.storage.dir = [/home/runner/work/ozone/ozone/hadoop-ozone/integration-test/target/test-dir/MiniOzoneClusterImpl-09c4c6e1-5ab0-4195-ac7b-5aec6defaa36/ozone-meta/datanode-4/ratis] (custom)
2025-07-19 06:07:11,581 [cfedd3f1-5d02-4847-a363-6f2972b00a97-groupManagement] INFO  storage.RaftStorageDirectory (RaftStorageDirectoryImpl.java:analyzeStorage(138)) - The storage directory /home/runner/work/ozone/ozone/hadoop-ozone/integration-test/target/test-dir/MiniOzoneClusterImpl-09c4c6e1-5ab0-4195-ac7b-5aec6defaa36/ozone-meta/datanode-4/ratis/7f60ed3a-1c97-401e-a856-3308fc4c3d1f does not exist. Creating ...
2025-07-19 06:07:11,583 [cfedd3f1-5d02-4847-a363-6f2972b00a97-groupManagement] INFO  storage.RaftStorageDirectory (RaftStorageDirectoryImpl.java:tryLock(229)) - Lock on /home/runner/work/ozone/ozone/hadoop-ozone/integration-test/target/test-dir/MiniOzoneClusterImpl-09c4c6e1-5ab0-4195-ac7b-5aec6defaa36/ozone-meta/datanode-4/ratis/7f60ed3a-1c97-401e-a856-3308fc4c3d1f/in_use.lock acquired by nodename 18124@localhost
2025-07-19 06:07:11,584 [cfedd3f1-5d02-4847-a363-6f2972b00a97-groupManagement] INFO  storage.RaftStorage (RaftStorageImpl.java:format(98)) - Storage directory /home/runner/work/ozone/ozone/hadoop-ozone/integration-test/target/test-dir/MiniOzoneClusterImpl-09c4c6e1-5ab0-4195-ac7b-5aec6defaa36/ozone-meta/datanode-4/ratis/7f60ed3a-1c97-401e-a856-3308fc4c3d1f has been successfully formatted.
2025-07-19 06:07:11,585 [cfedd3f1-5d02-4847-a363-6f2972b00a97-groupManagement] INFO  ratis.ContainerStateMachine (ContainerStateMachine.java:initialize(339)) - cfedd3f1-5d02-4847-a363-6f2972b00a97: initialize group-3308FC4C3D1F
2025-07-19 06:07:11,585 [cfedd3f1-5d02-4847-a363-6f2972b00a97-groupManagement] INFO  ratis.ContainerStateMachine (ContainerStateMachine.java:loadSnapshot(347)) - group-3308FC4C3D1F: The snapshot info is null. Setting the last applied index to:<INITIAL_VALUE>
2025-07-19 06:07:11,585 [cfedd3f1-5d02-4847-a363-6f2972b00a97-groupManagement] INFO  server.RaftServerConfigKeys (ConfUtils.java:logGet(62)) - raft.server.log.appender.buffer.byte-limit = 33554432 (custom)
2025-07-19 06:07:11,588 [cfedd3f1-5d02-4847-a363-6f2972b00a97-groupManagement] INFO  server.RaftServerConfigKeys (ConfUtils.java:logGet(62)) - raft.server.log.segment.size.max = 67108864 (custom)
2025-07-19 06:07:11,588 [EventQueue-PipelineReportForOneReplicaPipelineSafeModeRule] INFO  safemode.SCMSafeModeManager (SCMSafeModeManager.java:validateSafeModeExitRules(138)) - AtleastOneDatanodeReportedRule rule is successfully validated
2025-07-19 06:07:11,589 [cfedd3f1-5d02-4847-a363-6f2972b00a97-groupManagement] INFO  server.RaftServerConfigKeys (ConfUtils.java:logGet(62)) - raft.server.log.appender.buffer.byte-limit = 33554432 (custom)
2025-07-19 06:07:11,589 [cfedd3f1-5d02-4847-a363-6f2972b00a97-groupManagement] INFO  util.AwaitToRun (AwaitToRun.java:start(81)) - Thread[#1240,cfedd3f1-5d02-4847-a363-6f2972b00a97@group-3308FC4C3D1F-cacheEviction-AwaitToRun,5,main] started
2025-07-19 06:07:11,590 [cfedd3f1-5d02-4847-a363-6f2972b00a97-groupManagement] INFO  segmented.SegmentedRaftLogWorker (SegmentedRaftLogWorker.java:<init>(190)) - new cfedd3f1-5d02-4847-a363-6f2972b00a97@group-3308FC4C3D1F-SegmentedRaftLogWorker for RaftStorageImpl:Storage Directory /home/runner/work/ozone/ozone/hadoop-ozone/integration-test/target/test-dir/MiniOzoneClusterImpl-09c4c6e1-5ab0-4195-ac7b-5aec6defaa36/ozone-meta/datanode-4/ratis/7f60ed3a-1c97-401e-a856-3308fc4c3d1f
2025-07-19 06:07:11,590 [cfedd3f1-5d02-4847-a363-6f2972b00a97-groupManagement] INFO  server.RaftServerConfigKeys (ConfUtils.java:logGet(62)) - raft.server.log.queue.byte-limit = 4294967296 (custom)
2025-07-19 06:07:11,590 [cfedd3f1-5d02-4847-a363-6f2972b00a97-groupManagement] INFO  server.RaftServerConfigKeys (ConfUtils.java:logGet(62)) - raft.server.log.segment.size.max = 67108864 (custom)
2025-07-19 06:07:11,590 [cfedd3f1-5d02-4847-a363-6f2972b00a97-groupManagement] INFO  server.RaftServerConfigKeys (ConfUtils.java:logGet(62)) - raft.server.log.preallocated.size = 4194304 (custom)
2025-07-19 06:07:11,590 [cfedd3f1-5d02-4847-a363-6f2972b00a97-groupManagement] INFO  server.RaftServerConfigKeys (ConfUtils.java:logGet(62)) - raft.server.log.write.buffer.size = 33554440 (custom)
2025-07-19 06:07:11,592 [885623d6-9da4-492b-a87d-998872f93ab6@group-5AEC6DEFAA36-StateMachineUpdater] INFO  safemode.SCMSafeModeManager (SCMSafeModeManager.java:validateSafeModeExitRules(138)) - DataNodeSafeModeRule rule is successfully validated
2025-07-19 06:07:11,592 [885623d6-9da4-492b-a87d-998872f93ab6@group-5AEC6DEFAA36-StateMachineUpdater] INFO  safemode.SCMSafeModeManager (SCMSafeModeManager.java:validateSafeModeExitRules(138)) - RatisContainerSafeModeRule rule is successfully validated
2025-07-19 06:07:11,592 [885623d6-9da4-492b-a87d-998872f93ab6@group-5AEC6DEFAA36-StateMachineUpdater] INFO  safemode.HealthyPipelineSafeModeRule (HealthyPipelineSafeModeRule.java:initializeRule(228)) - Refreshed total pipeline count is 0, healthy pipeline threshold count is 1
2025-07-19 06:07:11,593 [885623d6-9da4-492b-a87d-998872f93ab6@group-5AEC6DEFAA36-StateMachineUpdater] INFO  safemode.SCMSafeModeManager (SCMSafeModeManager.java:validateSafeModeExitRules(138)) - ECContainerSafeModeRule rule is successfully validated
2025-07-19 06:07:11,593 [885623d6-9da4-492b-a87d-998872f93ab6@group-5AEC6DEFAA36-StateMachineUpdater] INFO  safemode.SCMSafeModeManager (SCMSafeModeManager.java:validateSafeModeExitRules(138)) - AtleastOneDatanodeReportedRule rule is successfully validated
2025-07-19 06:07:11,594 [EventQueue-PipelineReportForPipelineReportHandler] INFO  pipeline.PipelineReportHandler (PipelineReportHandler.java:processPipelineReport(134)) - Opened pipeline Pipeline-7f60ed3a-1c97-401e-a856-3308fc4c3d1f
2025-07-19 06:07:11,596 [cfedd3f1-5d02-4847-a363-6f2972b00a97-groupManagement] INFO  server.RaftServerConfigKeys (ConfUtils.java:logGet(62)) - raft.server.log.appender.buffer.byte-limit = 33554432 (custom)
2025-07-19 06:07:11,596 [cfedd3f1-5d02-4847-a363-6f2972b00a97-groupManagement] INFO  segmented.SegmentedRaftLogWorker (SegmentedRaftLogWorker.java:lambda$new$0(141)) - cfedd3f1-5d02-4847-a363-6f2972b00a97@group-3308FC4C3D1F-SegmentedRaftLogWorker: flushIndex: setUnconditionally 0 -> -1
2025-07-19 06:07:11,597 [cfedd3f1-5d02-4847-a363-6f2972b00a97-groupManagement] INFO  segmented.SegmentedRaftLogWorker (SegmentedRaftLogWorker.java:lambda$new$0(141)) - cfedd3f1-5d02-4847-a363-6f2972b00a97@group-3308FC4C3D1F-SegmentedRaftLogWorker: safeCacheEvictIndex: setUnconditionally 0 -> -1
2025-07-19 06:07:11,597 [cfedd3f1-5d02-4847-a363-6f2972b00a97-groupManagement] INFO  server.RaftServer$Division (RaftServerImpl.java:start(405)) - cfedd3f1-5d02-4847-a363-6f2972b00a97@group-3308FC4C3D1F: start as a follower, conf=conf: {index: -1, cur=peers:[cfedd3f1-5d02-4847-a363-6f2972b00a97|127.0.0.1:15039]|listeners:[], old=null}
2025-07-19 06:07:11,597 [cfedd3f1-5d02-4847-a363-6f2972b00a97-groupManagement] INFO  server.RaftServer$Division (RaftServerImpl.java:setRole(392)) - cfedd3f1-5d02-4847-a363-6f2972b00a97@group-3308FC4C3D1F: changes role from      null to FOLLOWER at term 0 for startAsFollower
2025-07-19 06:07:11,597 [cfedd3f1-5d02-4847-a363-6f2972b00a97-groupManagement] INFO  impl.RoleInfo (RoleInfo.java:updateAndGet(148)) - cfedd3f1-5d02-4847-a363-6f2972b00a97: start cfedd3f1-5d02-4847-a363-6f2972b00a97@group-3308FC4C3D1F-FollowerState
2025-07-19 06:07:11,598 [cfedd3f1-5d02-4847-a363-6f2972b00a97-groupManagement] INFO  util.JmxRegister (JmxRegister.java:tryRegister(44)) - Successfully registered JMX Bean with object name Ratis:service=RaftServer,group=group-3308FC4C3D1F,id=cfedd3f1-5d02-4847-a363-6f2972b00a97
2025-07-19 06:07:11,598 [cfedd3f1-5d02-4847-a363-6f2972b00a97-groupManagement] INFO  util.JmxRegister (JmxRegister.java:register(58)) - register mxBean class org.apache.ratis.server.impl.RaftServerJmxAdapter as Ratis:service=RaftServer,group=group-3308FC4C3D1F,id=cfedd3f1-5d02-4847-a363-6f2972b00a97
2025-07-19 06:07:11,599 [cfedd3f1-5d02-4847-a363-6f2972b00a97-groupManagement] INFO  server.RaftServer$Division (RaftServerImpl.java:start(419)) - cfedd3f1-5d02-4847-a363-6f2972b00a97@group-3308FC4C3D1F: Successfully started.
2025-07-19 06:07:11,599 [cfedd3f1-5d02-4847-a363-6f2972b00a97-PipelineCommandHandlerThread-0] INFO  ratis.XceiverServerRatis (XceiverServerRatis.java:addGroup(843)) - Created group Pipeline-7f60ed3a-1c97-401e-a856-3308fc4c3d1f
2025-07-19 06:07:11,599 [cfedd3f1-5d02-4847-a363-6f2972b00a97-PipelineCommandHandlerThread-0] INFO  commandhandler.CreatePipelineCommandHandler (CreatePipelineCommandHandler.java:lambda$handle$2(127)) - Created Pipeline RATIS ONE Pipeline-7f60ed3a-1c97-401e-a856-3308fc4c3d1f.
2025-07-19 06:07:11,600 [cfedd3f1-5d02-4847-a363-6f2972b00a97-PipelineCommandHandlerThread-0] INFO  server.RaftServer (RaftServerProxy.java:addNew(105)) - cfedd3f1-5d02-4847-a363-6f2972b00a97: addNew group-4D5619C3D8B6:[cfedd3f1-5d02-4847-a363-6f2972b00a97|127.0.0.1:15039, e80b39d0-2325-4ff7-b450-1b10ae88e746|127.0.0.1:15055, d1f2401f-ce3c-4cd7-b613-e85afa8c39c7|127.0.0.1:15047] returns group-4D5619C3D8B6:java.util.concurrent.CompletableFuture@3b2e3dc5[Not completed]
2025-07-19 06:07:11,602 [cfedd3f1-5d02-4847-a363-6f2972b00a97-groupManagement] INFO  server.RaftServer$Division (RaftServerImpl.java:<init>(268)) - cfedd3f1-5d02-4847-a363-6f2972b00a97: new RaftServerImpl for group-4D5619C3D8B6:[cfedd3f1-5d02-4847-a363-6f2972b00a97|127.0.0.1:15039, e80b39d0-2325-4ff7-b450-1b10ae88e746|127.0.0.1:15055, d1f2401f-ce3c-4cd7-b613-e85afa8c39c7|127.0.0.1:15047] with ContainerStateMachine:uninitialized
2025-07-19 06:07:11,602 [cfedd3f1-5d02-4847-a363-6f2972b00a97-groupManagement] INFO  server.RaftServer$Division (ServerState.java:<init>(114)) - cfedd3f1-5d02-4847-a363-6f2972b00a97@group-4D5619C3D8B6: ConfigurationManager, init=conf: {index: -1, cur=peers:[cfedd3f1-5d02-4847-a363-6f2972b00a97|127.0.0.1:15039, e80b39d0-2325-4ff7-b450-1b10ae88e746|127.0.0.1:15055, d1f2401f-ce3c-4cd7-b613-e85afa8c39c7|127.0.0.1:15047]|listeners:[], old=null}, confs=<EMPTY_MAP>
2025-07-19 06:07:11,606 [cfedd3f1-5d02-4847-a363-6f2972b00a97-groupManagement] INFO  storage.RaftStorageDirectory (RaftStorageDirectoryImpl.java:analyzeStorage(138)) - The storage directory /home/runner/work/ozone/ozone/hadoop-ozone/integration-test/target/test-dir/MiniOzoneClusterImpl-09c4c6e1-5ab0-4195-ac7b-5aec6defaa36/ozone-meta/datanode-4/ratis/1b74f178-ec11-44a0-a1ac-4d5619c3d8b6 does not exist. Creating ...
2025-07-19 06:07:11,608 [cfedd3f1-5d02-4847-a363-6f2972b00a97-groupManagement] INFO  storage.RaftStorageDirectory (RaftStorageDirectoryImpl.java:tryLock(229)) - Lock on /home/runner/work/ozone/ozone/hadoop-ozone/integration-test/target/test-dir/MiniOzoneClusterImpl-09c4c6e1-5ab0-4195-ac7b-5aec6defaa36/ozone-meta/datanode-4/ratis/1b74f178-ec11-44a0-a1ac-4d5619c3d8b6/in_use.lock acquired by nodename 18124@localhost
2025-07-19 06:07:11,609 [cfedd3f1-5d02-4847-a363-6f2972b00a97-groupManagement] INFO  storage.RaftStorage (RaftStorageImpl.java:format(98)) - Storage directory /home/runner/work/ozone/ozone/hadoop-ozone/integration-test/target/test-dir/MiniOzoneClusterImpl-09c4c6e1-5ab0-4195-ac7b-5aec6defaa36/ozone-meta/datanode-4/ratis/1b74f178-ec11-44a0-a1ac-4d5619c3d8b6 has been successfully formatted.
2025-07-19 06:07:11,610 [cfedd3f1-5d02-4847-a363-6f2972b00a97-groupManagement] INFO  ratis.ContainerStateMachine (ContainerStateMachine.java:initialize(339)) - cfedd3f1-5d02-4847-a363-6f2972b00a97: initialize group-4D5619C3D8B6
2025-07-19 06:07:11,610 [cfedd3f1-5d02-4847-a363-6f2972b00a97-groupManagement] INFO  ratis.ContainerStateMachine (ContainerStateMachine.java:loadSnapshot(347)) - group-4D5619C3D8B6: The snapshot info is null. Setting the last applied index to:<INITIAL_VALUE>
2025-07-19 06:07:11,610 [cfedd3f1-5d02-4847-a363-6f2972b00a97-groupManagement] INFO  server.RaftServerConfigKeys (ConfUtils.java:logGet(62)) - raft.server.log.appender.buffer.byte-limit = 33554432 (custom)
2025-07-19 06:07:11,613 [cfedd3f1-5d02-4847-a363-6f2972b00a97-groupManagement] INFO  server.RaftServerConfigKeys (ConfUtils.java:logGet(62)) - raft.server.log.segment.size.max = 67108864 (custom)
2025-07-19 06:07:11,613 [EventQueue-PipelineReportForOneReplicaPipelineSafeModeRule] INFO  safemode.SCMSafeModeManager (SCMSafeModeManager.java:validateSafeModeExitRules(138)) - AtleastOneDatanodeReportedRule rule is successfully validated
2025-07-19 06:07:11,613 [EventQueue-PipelineReportForOneReplicaPipelineSafeModeRule] INFO  safemode.SCMSafeModeManager (SCMSafeModeManager.java:validateSafeModeExitRules(138)) - AtleastOneDatanodeReportedRule rule is successfully validated
2025-07-19 06:07:11,614 [cfedd3f1-5d02-4847-a363-6f2972b00a97-groupManagement] INFO  server.RaftServerConfigKeys (ConfUtils.java:logGet(62)) - raft.server.log.appender.buffer.byte-limit = 33554432 (custom)
2025-07-19 06:07:11,615 [cfedd3f1-5d02-4847-a363-6f2972b00a97-groupManagement] INFO  util.AwaitToRun (AwaitToRun.java:start(81)) - Thread[#1244,cfedd3f1-5d02-4847-a363-6f2972b00a97@group-4D5619C3D8B6-cacheEviction-AwaitToRun,5,main] started
2025-07-19 06:07:11,615 [cfedd3f1-5d02-4847-a363-6f2972b00a97-groupManagement] INFO  segmented.SegmentedRaftLogWorker (SegmentedRaftLogWorker.java:<init>(190)) - new cfedd3f1-5d02-4847-a363-6f2972b00a97@group-4D5619C3D8B6-SegmentedRaftLogWorker for RaftStorageImpl:Storage Directory /home/runner/work/ozone/ozone/hadoop-ozone/integration-test/target/test-dir/MiniOzoneClusterImpl-09c4c6e1-5ab0-4195-ac7b-5aec6defaa36/ozone-meta/datanode-4/ratis/1b74f178-ec11-44a0-a1ac-4d5619c3d8b6
2025-07-19 06:07:11,615 [cfedd3f1-5d02-4847-a363-6f2972b00a97-groupManagement] INFO  server.RaftServerConfigKeys (ConfUtils.java:logGet(62)) - raft.server.log.queue.byte-limit = 4294967296 (custom)
2025-07-19 06:07:11,615 [cfedd3f1-5d02-4847-a363-6f2972b00a97-groupManagement] INFO  server.RaftServerConfigKeys (ConfUtils.java:logGet(62)) - raft.server.log.segment.size.max = 67108864 (custom)
2025-07-19 06:07:11,615 [cfedd3f1-5d02-4847-a363-6f2972b00a97-groupManagement] INFO  server.RaftServerConfigKeys (ConfUtils.java:logGet(62)) - raft.server.log.preallocated.size = 4194304 (custom)
2025-07-19 06:07:11,615 [cfedd3f1-5d02-4847-a363-6f2972b00a97-groupManagement] INFO  server.RaftServerConfigKeys (ConfUtils.java:logGet(62)) - raft.server.log.write.buffer.size = 33554440 (custom)
2025-07-19 06:07:11,620 [cfedd3f1-5d02-4847-a363-6f2972b00a97-groupManagement] INFO  server.RaftServerConfigKeys (ConfUtils.java:logGet(62)) - raft.server.log.appender.buffer.byte-limit = 33554432 (custom)
2025-07-19 06:07:11,620 [cfedd3f1-5d02-4847-a363-6f2972b00a97-groupManagement] INFO  segmented.SegmentedRaftLogWorker (SegmentedRaftLogWorker.java:lambda$new$0(141)) - cfedd3f1-5d02-4847-a363-6f2972b00a97@group-4D5619C3D8B6-SegmentedRaftLogWorker: flushIndex: setUnconditionally 0 -> -1
2025-07-19 06:07:11,620 [cfedd3f1-5d02-4847-a363-6f2972b00a97-groupManagement] INFO  segmented.SegmentedRaftLogWorker (SegmentedRaftLogWorker.java:lambda$new$0(141)) - cfedd3f1-5d02-4847-a363-6f2972b00a97@group-4D5619C3D8B6-SegmentedRaftLogWorker: safeCacheEvictIndex: setUnconditionally 0 -> -1
2025-07-19 06:07:11,621 [cfedd3f1-5d02-4847-a363-6f2972b00a97-groupManagement] INFO  server.RaftServer$Division (RaftServerImpl.java:start(405)) - cfedd3f1-5d02-4847-a363-6f2972b00a97@group-4D5619C3D8B6: start as a follower, conf=conf: {index: -1, cur=peers:[cfedd3f1-5d02-4847-a363-6f2972b00a97|127.0.0.1:15039, e80b39d0-2325-4ff7-b450-1b10ae88e746|127.0.0.1:15055, d1f2401f-ce3c-4cd7-b613-e85afa8c39c7|127.0.0.1:15047]|listeners:[], old=null}
2025-07-19 06:07:11,621 [cfedd3f1-5d02-4847-a363-6f2972b00a97-groupManagement] INFO  server.RaftServer$Division (RaftServerImpl.java:setRole(392)) - cfedd3f1-5d02-4847-a363-6f2972b00a97@group-4D5619C3D8B6: changes role from      null to FOLLOWER at term 0 for startAsFollower
2025-07-19 06:07:11,621 [cfedd3f1-5d02-4847-a363-6f2972b00a97-groupManagement] INFO  impl.RoleInfo (RoleInfo.java:updateAndGet(148)) - cfedd3f1-5d02-4847-a363-6f2972b00a97: start cfedd3f1-5d02-4847-a363-6f2972b00a97@group-4D5619C3D8B6-FollowerState
2025-07-19 06:07:11,622 [cfedd3f1-5d02-4847-a363-6f2972b00a97-groupManagement] INFO  util.JmxRegister (JmxRegister.java:tryRegister(44)) - Successfully registered JMX Bean with object name Ratis:service=RaftServer,group=group-4D5619C3D8B6,id=cfedd3f1-5d02-4847-a363-6f2972b00a97
2025-07-19 06:07:11,622 [cfedd3f1-5d02-4847-a363-6f2972b00a97-groupManagement] INFO  util.JmxRegister (JmxRegister.java:register(58)) - register mxBean class org.apache.ratis.server.impl.RaftServerJmxAdapter as Ratis:service=RaftServer,group=group-4D5619C3D8B6,id=cfedd3f1-5d02-4847-a363-6f2972b00a97
2025-07-19 06:07:11,623 [cfedd3f1-5d02-4847-a363-6f2972b00a97-groupManagement] INFO  server.RaftServer$Division (RaftServerImpl.java:start(419)) - cfedd3f1-5d02-4847-a363-6f2972b00a97@group-4D5619C3D8B6: Successfully started.
2025-07-19 06:07:11,623 [cfedd3f1-5d02-4847-a363-6f2972b00a97-PipelineCommandHandlerThread-0] INFO  ratis.XceiverServerRatis (XceiverServerRatis.java:addGroup(843)) - Created group Pipeline-1b74f178-ec11-44a0-a1ac-4d5619c3d8b6
2025-07-19 06:07:11,632 [grpc-default-executor-0] INFO  server.RaftServer (RaftServerProxy.java:addNew(105)) - e80b39d0-2325-4ff7-b450-1b10ae88e746: addNew group-4D5619C3D8B6:[cfedd3f1-5d02-4847-a363-6f2972b00a97|127.0.0.1:15039, e80b39d0-2325-4ff7-b450-1b10ae88e746|127.0.0.1:15055, d1f2401f-ce3c-4cd7-b613-e85afa8c39c7|127.0.0.1:15047] returns group-4D5619C3D8B6:java.util.concurrent.CompletableFuture@66753aee[Not completed]
2025-07-19 06:07:11,634 [e80b39d0-2325-4ff7-b450-1b10ae88e746-groupManagement] INFO  server.RaftServer$Division (RaftServerImpl.java:<init>(268)) - e80b39d0-2325-4ff7-b450-1b10ae88e746: new RaftServerImpl for group-4D5619C3D8B6:[cfedd3f1-5d02-4847-a363-6f2972b00a97|127.0.0.1:15039, e80b39d0-2325-4ff7-b450-1b10ae88e746|127.0.0.1:15055, d1f2401f-ce3c-4cd7-b613-e85afa8c39c7|127.0.0.1:15047] with ContainerStateMachine:uninitialized
2025-07-19 06:07:11,634 [e80b39d0-2325-4ff7-b450-1b10ae88e746-groupManagement] INFO  server.RaftServer$Division (ServerState.java:<init>(114)) - e80b39d0-2325-4ff7-b450-1b10ae88e746@group-4D5619C3D8B6: ConfigurationManager, init=conf: {index: -1, cur=peers:[cfedd3f1-5d02-4847-a363-6f2972b00a97|127.0.0.1:15039, e80b39d0-2325-4ff7-b450-1b10ae88e746|127.0.0.1:15055, d1f2401f-ce3c-4cd7-b613-e85afa8c39c7|127.0.0.1:15047]|listeners:[], old=null}, confs=<EMPTY_MAP>
2025-07-19 06:07:11,656 [EventQueue-PipelineReportForOneReplicaPipelineSafeModeRule] INFO  safemode.SCMSafeModeManager (SCMSafeModeManager.java:validateSafeModeExitRules(138)) - AtleastOneDatanodeReportedRule rule is successfully validated
2025-07-19 06:07:11,657 [e80b39d0-2325-4ff7-b450-1b10ae88e746-groupManagement] INFO  server.RaftServerConfigKeys (ConfUtils.java:logGet(62)) - raft.server.storage.dir = [/home/runner/work/ozone/ozone/hadoop-ozone/integration-test/target/test-dir/MiniOzoneClusterImpl-09c4c6e1-5ab0-4195-ac7b-5aec6defaa36/ozone-meta/datanode-6/ratis] (custom)
2025-07-19 06:07:11,657 [e80b39d0-2325-4ff7-b450-1b10ae88e746-groupManagement] INFO  storage.RaftStorageDirectory (RaftStorageDirectoryImpl.java:analyzeStorage(138)) - The storage directory /home/runner/work/ozone/ozone/hadoop-ozone/integration-test/target/test-dir/MiniOzoneClusterImpl-09c4c6e1-5ab0-4195-ac7b-5aec6defaa36/ozone-meta/datanode-6/ratis/1b74f178-ec11-44a0-a1ac-4d5619c3d8b6 does not exist. Creating ...
2025-07-19 06:07:11,659 [EventQueue-PipelineReportForOneReplicaPipelineSafeModeRule] INFO  safemode.SCMSafeModeManager (SCMSafeModeManager.java:validateSafeModeExitRules(138)) - AtleastOneDatanodeReportedRule rule is successfully validated
2025-07-19 06:07:11,659 [e80b39d0-2325-4ff7-b450-1b10ae88e746-groupManagement] INFO  storage.RaftStorageDirectory (RaftStorageDirectoryImpl.java:tryLock(229)) - Lock on /home/runner/work/ozone/ozone/hadoop-ozone/integration-test/target/test-dir/MiniOzoneClusterImpl-09c4c6e1-5ab0-4195-ac7b-5aec6defaa36/ozone-meta/datanode-6/ratis/1b74f178-ec11-44a0-a1ac-4d5619c3d8b6/in_use.lock acquired by nodename 18124@localhost
2025-07-19 06:07:11,662 [e80b39d0-2325-4ff7-b450-1b10ae88e746-groupManagement] INFO  storage.RaftStorage (RaftStorageImpl.java:format(98)) - Storage directory /home/runner/work/ozone/ozone/hadoop-ozone/integration-test/target/test-dir/MiniOzoneClusterImpl-09c4c6e1-5ab0-4195-ac7b-5aec6defaa36/ozone-meta/datanode-6/ratis/1b74f178-ec11-44a0-a1ac-4d5619c3d8b6 has been successfully formatted.
2025-07-19 06:07:11,663 [e80b39d0-2325-4ff7-b450-1b10ae88e746-groupManagement] INFO  ratis.ContainerStateMachine (ContainerStateMachine.java:initialize(339)) - e80b39d0-2325-4ff7-b450-1b10ae88e746: initialize group-4D5619C3D8B6
2025-07-19 06:07:11,663 [e80b39d0-2325-4ff7-b450-1b10ae88e746-groupManagement] INFO  ratis.ContainerStateMachine (ContainerStateMachine.java:loadSnapshot(347)) - group-4D5619C3D8B6: The snapshot info is null. Setting the last applied index to:<INITIAL_VALUE>
2025-07-19 06:07:11,664 [e80b39d0-2325-4ff7-b450-1b10ae88e746-groupManagement] INFO  server.RaftServerConfigKeys (ConfUtils.java:logGet(62)) - raft.server.log.appender.buffer.byte-limit = 33554432 (custom)
2025-07-19 06:07:11,666 [EventQueue-PipelineReportForOneReplicaPipelineSafeModeRule] INFO  safemode.SCMSafeModeManager (SCMSafeModeManager.java:validateSafeModeExitRules(138)) - AtleastOneDatanodeReportedRule rule is successfully validated
2025-07-19 06:07:11,667 [e80b39d0-2325-4ff7-b450-1b10ae88e746-groupManagement] INFO  server.RaftServerConfigKeys (ConfUtils.java:logGet(62)) - raft.server.log.segment.size.max = 67108864 (custom)
2025-07-19 06:07:11,668 [e80b39d0-2325-4ff7-b450-1b10ae88e746-groupManagement] INFO  server.RaftServerConfigKeys (ConfUtils.java:logGet(62)) - raft.server.log.appender.buffer.byte-limit = 33554432 (custom)
2025-07-19 06:07:11,669 [e80b39d0-2325-4ff7-b450-1b10ae88e746-groupManagement] INFO  util.AwaitToRun (AwaitToRun.java:start(81)) - Thread[#1249,e80b39d0-2325-4ff7-b450-1b10ae88e746@group-4D5619C3D8B6-cacheEviction-AwaitToRun,5,main] started
2025-07-19 06:07:11,669 [e80b39d0-2325-4ff7-b450-1b10ae88e746-groupManagement] INFO  segmented.SegmentedRaftLogWorker (SegmentedRaftLogWorker.java:<init>(190)) - new e80b39d0-2325-4ff7-b450-1b10ae88e746@group-4D5619C3D8B6-SegmentedRaftLogWorker for RaftStorageImpl:Storage Directory /home/runner/work/ozone/ozone/hadoop-ozone/integration-test/target/test-dir/MiniOzoneClusterImpl-09c4c6e1-5ab0-4195-ac7b-5aec6defaa36/ozone-meta/datanode-6/ratis/1b74f178-ec11-44a0-a1ac-4d5619c3d8b6
2025-07-19 06:07:11,669 [e80b39d0-2325-4ff7-b450-1b10ae88e746-groupManagement] INFO  server.RaftServerConfigKeys (ConfUtils.java:logGet(62)) - raft.server.log.queue.byte-limit = 4294967296 (custom)
2025-07-19 06:07:11,669 [e80b39d0-2325-4ff7-b450-1b10ae88e746-groupManagement] INFO  server.RaftServerConfigKeys (ConfUtils.java:logGet(62)) - raft.server.log.segment.size.max = 67108864 (custom)
2025-07-19 06:07:11,669 [e80b39d0-2325-4ff7-b450-1b10ae88e746-groupManagement] INFO  server.RaftServerConfigKeys (ConfUtils.java:logGet(62)) - raft.server.log.preallocated.size = 4194304 (custom)
2025-07-19 06:07:11,671 [e80b39d0-2325-4ff7-b450-1b10ae88e746-groupManagement] INFO  server.RaftServerConfigKeys (ConfUtils.java:logGet(62)) - raft.server.log.write.buffer.size = 33554440 (custom)
2025-07-19 06:07:11,677 [e80b39d0-2325-4ff7-b450-1b10ae88e746-groupManagement] INFO  server.RaftServerConfigKeys (ConfUtils.java:logGet(62)) - raft.server.log.appender.buffer.byte-limit = 33554432 (custom)
2025-07-19 06:07:11,678 [EventQueue-PipelineReportForOneReplicaPipelineSafeModeRule] INFO  safemode.SCMSafeModeManager (SCMSafeModeManager.java:validateSafeModeExitRules(138)) - AtleastOneDatanodeReportedRule rule is successfully validated
2025-07-19 06:07:11,678 [e80b39d0-2325-4ff7-b450-1b10ae88e746-groupManagement] INFO  segmented.SegmentedRaftLogWorker (SegmentedRaftLogWorker.java:lambda$new$0(141)) - e80b39d0-2325-4ff7-b450-1b10ae88e746@group-4D5619C3D8B6-SegmentedRaftLogWorker: flushIndex: setUnconditionally 0 -> -1
2025-07-19 06:07:11,678 [e80b39d0-2325-4ff7-b450-1b10ae88e746-groupManagement] INFO  segmented.SegmentedRaftLogWorker (SegmentedRaftLogWorker.java:lambda$new$0(141)) - e80b39d0-2325-4ff7-b450-1b10ae88e746@group-4D5619C3D8B6-SegmentedRaftLogWorker: safeCacheEvictIndex: setUnconditionally 0 -> -1
2025-07-19 06:07:11,679 [e80b39d0-2325-4ff7-b450-1b10ae88e746-groupManagement] INFO  server.RaftServer$Division (RaftServerImpl.java:start(405)) - e80b39d0-2325-4ff7-b450-1b10ae88e746@group-4D5619C3D8B6: start as a follower, conf=conf: {index: -1, cur=peers:[cfedd3f1-5d02-4847-a363-6f2972b00a97|127.0.0.1:15039, e80b39d0-2325-4ff7-b450-1b10ae88e746|127.0.0.1:15055, d1f2401f-ce3c-4cd7-b613-e85afa8c39c7|127.0.0.1:15047]|listeners:[], old=null}
2025-07-19 06:07:11,680 [e80b39d0-2325-4ff7-b450-1b10ae88e746-groupManagement] INFO  server.RaftServer$Division (RaftServerImpl.java:setRole(392)) - e80b39d0-2325-4ff7-b450-1b10ae88e746@group-4D5619C3D8B6: changes role from      null to FOLLOWER at term 0 for startAsFollower
2025-07-19 06:07:11,680 [e80b39d0-2325-4ff7-b450-1b10ae88e746-groupManagement] INFO  impl.RoleInfo (RoleInfo.java:updateAndGet(148)) - e80b39d0-2325-4ff7-b450-1b10ae88e746: start e80b39d0-2325-4ff7-b450-1b10ae88e746@group-4D5619C3D8B6-FollowerState
2025-07-19 06:07:11,681 [e80b39d0-2325-4ff7-b450-1b10ae88e746-groupManagement] INFO  util.JmxRegister (JmxRegister.java:tryRegister(44)) - Successfully registered JMX Bean with object name Ratis:service=RaftServer,group=group-4D5619C3D8B6,id=e80b39d0-2325-4ff7-b450-1b10ae88e746
2025-07-19 06:07:11,681 [e80b39d0-2325-4ff7-b450-1b10ae88e746-groupManagement] INFO  util.JmxRegister (JmxRegister.java:register(58)) - register mxBean class org.apache.ratis.server.impl.RaftServerJmxAdapter as Ratis:service=RaftServer,group=group-4D5619C3D8B6,id=e80b39d0-2325-4ff7-b450-1b10ae88e746
2025-07-19 06:07:11,683 [e80b39d0-2325-4ff7-b450-1b10ae88e746-groupManagement] INFO  server.RaftServer$Division (RaftServerImpl.java:start(419)) - e80b39d0-2325-4ff7-b450-1b10ae88e746@group-4D5619C3D8B6: Successfully started.
2025-07-19 06:07:11,702 [EventQueue-PipelineReportForOneReplicaPipelineSafeModeRule] INFO  safemode.SCMSafeModeManager (SCMSafeModeManager.java:validateSafeModeExitRules(138)) - AtleastOneDatanodeReportedRule rule is successfully validated
2025-07-19 06:07:11,705 [EventQueue-PipelineReportForOneReplicaPipelineSafeModeRule] INFO  safemode.SCMSafeModeManager (SCMSafeModeManager.java:validateSafeModeExitRules(138)) - AtleastOneDatanodeReportedRule rule is successfully validated
2025-07-19 06:07:11,712 [grpc-default-executor-0] INFO  server.RaftServer (RaftServerProxy.java:addNew(105)) - d1f2401f-ce3c-4cd7-b613-e85afa8c39c7: addNew group-4D5619C3D8B6:[cfedd3f1-5d02-4847-a363-6f2972b00a97|127.0.0.1:15039, e80b39d0-2325-4ff7-b450-1b10ae88e746|127.0.0.1:15055, d1f2401f-ce3c-4cd7-b613-e85afa8c39c7|127.0.0.1:15047] returns group-4D5619C3D8B6:java.util.concurrent.CompletableFuture@3d13bd6d[Not completed]
2025-07-19 06:07:11,716 [d1f2401f-ce3c-4cd7-b613-e85afa8c39c7-groupManagement] INFO  server.RaftServer$Division (RaftServerImpl.java:<init>(268)) - d1f2401f-ce3c-4cd7-b613-e85afa8c39c7: new RaftServerImpl for group-4D5619C3D8B6:[cfedd3f1-5d02-4847-a363-6f2972b00a97|127.0.0.1:15039, e80b39d0-2325-4ff7-b450-1b10ae88e746|127.0.0.1:15055, d1f2401f-ce3c-4cd7-b613-e85afa8c39c7|127.0.0.1:15047] with ContainerStateMachine:uninitialized
2025-07-19 06:07:11,718 [d1f2401f-ce3c-4cd7-b613-e85afa8c39c7-groupManagement] INFO  server.RaftServer$Division (ServerState.java:<init>(114)) - d1f2401f-ce3c-4cd7-b613-e85afa8c39c7@group-4D5619C3D8B6: ConfigurationManager, init=conf: {index: -1, cur=peers:[cfedd3f1-5d02-4847-a363-6f2972b00a97|127.0.0.1:15039, e80b39d0-2325-4ff7-b450-1b10ae88e746|127.0.0.1:15055, d1f2401f-ce3c-4cd7-b613-e85afa8c39c7|127.0.0.1:15047]|listeners:[], old=null}, confs=<EMPTY_MAP>
2025-07-19 06:07:11,727 [d1f2401f-ce3c-4cd7-b613-e85afa8c39c7-groupManagement] INFO  server.RaftServerConfigKeys (ConfUtils.java:logGet(62)) - raft.server.storage.dir = [/home/runner/work/ozone/ozone/hadoop-ozone/integration-test/target/test-dir/MiniOzoneClusterImpl-09c4c6e1-5ab0-4195-ac7b-5aec6defaa36/ozone-meta/datanode-5/ratis] (custom)
2025-07-19 06:07:11,727 [d1f2401f-ce3c-4cd7-b613-e85afa8c39c7-groupManagement] INFO  storage.RaftStorageDirectory (RaftStorageDirectoryImpl.java:analyzeStorage(138)) - The storage directory /home/runner/work/ozone/ozone/hadoop-ozone/integration-test/target/test-dir/MiniOzoneClusterImpl-09c4c6e1-5ab0-4195-ac7b-5aec6defaa36/ozone-meta/datanode-5/ratis/1b74f178-ec11-44a0-a1ac-4d5619c3d8b6 does not exist. Creating ...
2025-07-19 06:07:11,729 [d1f2401f-ce3c-4cd7-b613-e85afa8c39c7-groupManagement] INFO  storage.RaftStorageDirectory (RaftStorageDirectoryImpl.java:tryLock(229)) - Lock on /home/runner/work/ozone/ozone/hadoop-ozone/integration-test/target/test-dir/MiniOzoneClusterImpl-09c4c6e1-5ab0-4195-ac7b-5aec6defaa36/ozone-meta/datanode-5/ratis/1b74f178-ec11-44a0-a1ac-4d5619c3d8b6/in_use.lock acquired by nodename 18124@localhost
2025-07-19 06:07:11,732 [d1f2401f-ce3c-4cd7-b613-e85afa8c39c7-groupManagement] INFO  storage.RaftStorage (RaftStorageImpl.java:format(98)) - Storage directory /home/runner/work/ozone/ozone/hadoop-ozone/integration-test/target/test-dir/MiniOzoneClusterImpl-09c4c6e1-5ab0-4195-ac7b-5aec6defaa36/ozone-meta/datanode-5/ratis/1b74f178-ec11-44a0-a1ac-4d5619c3d8b6 has been successfully formatted.
2025-07-19 06:07:11,733 [d1f2401f-ce3c-4cd7-b613-e85afa8c39c7-groupManagement] INFO  ratis.ContainerStateMachine (ContainerStateMachine.java:initialize(339)) - d1f2401f-ce3c-4cd7-b613-e85afa8c39c7: initialize group-4D5619C3D8B6
2025-07-19 06:07:11,741 [d1f2401f-ce3c-4cd7-b613-e85afa8c39c7-groupManagement] INFO  ratis.ContainerStateMachine (ContainerStateMachine.java:loadSnapshot(347)) - group-4D5619C3D8B6: The snapshot info is null. Setting the last applied index to:<INITIAL_VALUE>
2025-07-19 06:07:11,741 [d1f2401f-ce3c-4cd7-b613-e85afa8c39c7-groupManagement] INFO  server.RaftServerConfigKeys (ConfUtils.java:logGet(62)) - raft.server.log.appender.buffer.byte-limit = 33554432 (custom)
2025-07-19 06:07:11,745 [EventQueue-PipelineReportForOneReplicaPipelineSafeModeRule] INFO  safemode.SCMSafeModeManager (SCMSafeModeManager.java:validateSafeModeExitRules(138)) - AtleastOneDatanodeReportedRule rule is successfully validated
2025-07-19 06:07:11,746 [d1f2401f-ce3c-4cd7-b613-e85afa8c39c7-groupManagement] INFO  server.RaftServerConfigKeys (ConfUtils.java:logGet(62)) - raft.server.log.segment.size.max = 67108864 (custom)
2025-07-19 06:07:11,747 [d1f2401f-ce3c-4cd7-b613-e85afa8c39c7-groupManagement] INFO  server.RaftServerConfigKeys (ConfUtils.java:logGet(62)) - raft.server.log.appender.buffer.byte-limit = 33554432 (custom)
2025-07-19 06:07:11,747 [d1f2401f-ce3c-4cd7-b613-e85afa8c39c7-groupManagement] INFO  util.AwaitToRun (AwaitToRun.java:start(81)) - Thread[#1257,d1f2401f-ce3c-4cd7-b613-e85afa8c39c7@group-4D5619C3D8B6-cacheEviction-AwaitToRun,5,main] started
2025-07-19 06:07:11,747 [d1f2401f-ce3c-4cd7-b613-e85afa8c39c7-groupManagement] INFO  segmented.SegmentedRaftLogWorker (SegmentedRaftLogWorker.java:<init>(190)) - new d1f2401f-ce3c-4cd7-b613-e85afa8c39c7@group-4D5619C3D8B6-SegmentedRaftLogWorker for RaftStorageImpl:Storage Directory /home/runner/work/ozone/ozone/hadoop-ozone/integration-test/target/test-dir/MiniOzoneClusterImpl-09c4c6e1-5ab0-4195-ac7b-5aec6defaa36/ozone-meta/datanode-5/ratis/1b74f178-ec11-44a0-a1ac-4d5619c3d8b6
2025-07-19 06:07:11,747 [d1f2401f-ce3c-4cd7-b613-e85afa8c39c7-groupManagement] INFO  server.RaftServerConfigKeys (ConfUtils.java:logGet(62)) - raft.server.log.queue.byte-limit = 4294967296 (custom)
2025-07-19 06:07:11,747 [d1f2401f-ce3c-4cd7-b613-e85afa8c39c7-groupManagement] INFO  server.RaftServerConfigKeys (ConfUtils.java:logGet(62)) - raft.server.log.segment.size.max = 67108864 (custom)
2025-07-19 06:07:11,747 [d1f2401f-ce3c-4cd7-b613-e85afa8c39c7-groupManagement] INFO  server.RaftServerConfigKeys (ConfUtils.java:logGet(62)) - raft.server.log.preallocated.size = 4194304 (custom)
2025-07-19 06:07:11,748 [d1f2401f-ce3c-4cd7-b613-e85afa8c39c7-groupManagement] INFO  server.RaftServerConfigKeys (ConfUtils.java:logGet(62)) - raft.server.log.write.buffer.size = 33554440 (custom)
2025-07-19 06:07:11,755 [d1f2401f-ce3c-4cd7-b613-e85afa8c39c7-groupManagement] INFO  server.RaftServerConfigKeys (ConfUtils.java:logGet(62)) - raft.server.log.appender.buffer.byte-limit = 33554432 (custom)
2025-07-19 06:07:11,755 [d1f2401f-ce3c-4cd7-b613-e85afa8c39c7-groupManagement] INFO  segmented.SegmentedRaftLogWorker (SegmentedRaftLogWorker.java:lambda$new$0(141)) - d1f2401f-ce3c-4cd7-b613-e85afa8c39c7@group-4D5619C3D8B6-SegmentedRaftLogWorker: flushIndex: setUnconditionally 0 -> -1
2025-07-19 06:07:11,756 [d1f2401f-ce3c-4cd7-b613-e85afa8c39c7-groupManagement] INFO  segmented.SegmentedRaftLogWorker (SegmentedRaftLogWorker.java:lambda$new$0(141)) - d1f2401f-ce3c-4cd7-b613-e85afa8c39c7@group-4D5619C3D8B6-SegmentedRaftLogWorker: safeCacheEvictIndex: setUnconditionally 0 -> -1
2025-07-19 06:07:11,757 [d1f2401f-ce3c-4cd7-b613-e85afa8c39c7-groupManagement] INFO  server.RaftServer$Division (RaftServerImpl.java:start(405)) - d1f2401f-ce3c-4cd7-b613-e85afa8c39c7@group-4D5619C3D8B6: start as a follower, conf=conf: {index: -1, cur=peers:[cfedd3f1-5d02-4847-a363-6f2972b00a97|127.0.0.1:15039, e80b39d0-2325-4ff7-b450-1b10ae88e746|127.0.0.1:15055, d1f2401f-ce3c-4cd7-b613-e85afa8c39c7|127.0.0.1:15047]|listeners:[], old=null}
2025-07-19 06:07:11,757 [d1f2401f-ce3c-4cd7-b613-e85afa8c39c7-groupManagement] INFO  server.RaftServer$Division (RaftServerImpl.java:setRole(392)) - d1f2401f-ce3c-4cd7-b613-e85afa8c39c7@group-4D5619C3D8B6: changes role from      null to FOLLOWER at term 0 for startAsFollower
2025-07-19 06:07:11,757 [d1f2401f-ce3c-4cd7-b613-e85afa8c39c7-groupManagement] INFO  impl.RoleInfo (RoleInfo.java:updateAndGet(148)) - d1f2401f-ce3c-4cd7-b613-e85afa8c39c7: start d1f2401f-ce3c-4cd7-b613-e85afa8c39c7@group-4D5619C3D8B6-FollowerState
2025-07-19 06:07:11,758 [d1f2401f-ce3c-4cd7-b613-e85afa8c39c7-groupManagement] INFO  util.JmxRegister (JmxRegister.java:tryRegister(44)) - Successfully registered JMX Bean with object name Ratis:service=RaftServer,group=group-4D5619C3D8B6,id=d1f2401f-ce3c-4cd7-b613-e85afa8c39c7
2025-07-19 06:07:11,758 [d1f2401f-ce3c-4cd7-b613-e85afa8c39c7-groupManagement] INFO  util.JmxRegister (JmxRegister.java:register(58)) - register mxBean class org.apache.ratis.server.impl.RaftServerJmxAdapter as Ratis:service=RaftServer,group=group-4D5619C3D8B6,id=d1f2401f-ce3c-4cd7-b613-e85afa8c39c7
2025-07-19 06:07:11,760 [d1f2401f-ce3c-4cd7-b613-e85afa8c39c7-groupManagement] INFO  server.RaftServer$Division (RaftServerImpl.java:start(419)) - d1f2401f-ce3c-4cd7-b613-e85afa8c39c7@group-4D5619C3D8B6: Successfully started.
2025-07-19 06:07:11,771 [cfedd3f1-5d02-4847-a363-6f2972b00a97-PipelineCommandHandlerThread-0] INFO  commandhandler.CreatePipelineCommandHandler (CreatePipelineCommandHandler.java:lambda$handle$2(127)) - Created Pipeline RATIS THREE Pipeline-1b74f178-ec11-44a0-a1ac-4d5619c3d8b6.
2025-07-19 06:07:11,772 [cfedd3f1-5d02-4847-a363-6f2972b00a97-PipelineCommandHandlerThread-0] INFO  server.RaftServer (RaftServerProxy.java:addNew(105)) - cfedd3f1-5d02-4847-a363-6f2972b00a97: addNew group-51802BB6A696:[cfedd3f1-5d02-4847-a363-6f2972b00a97|127.0.0.1:15039, e80b39d0-2325-4ff7-b450-1b10ae88e746|127.0.0.1:15055, d1f2401f-ce3c-4cd7-b613-e85afa8c39c7|127.0.0.1:15047] returns group-51802BB6A696:java.util.concurrent.CompletableFuture@a9d599c[Not completed]
2025-07-19 06:07:11,776 [cfedd3f1-5d02-4847-a363-6f2972b00a97-groupManagement] INFO  server.RaftServer$Division (RaftServerImpl.java:<init>(268)) - cfedd3f1-5d02-4847-a363-6f2972b00a97: new RaftServerImpl for group-51802BB6A696:[cfedd3f1-5d02-4847-a363-6f2972b00a97|127.0.0.1:15039, e80b39d0-2325-4ff7-b450-1b10ae88e746|127.0.0.1:15055, d1f2401f-ce3c-4cd7-b613-e85afa8c39c7|127.0.0.1:15047] with ContainerStateMachine:uninitialized
2025-07-19 06:07:11,776 [cfedd3f1-5d02-4847-a363-6f2972b00a97-groupManagement] INFO  server.RaftServer$Division (ServerState.java:<init>(114)) - cfedd3f1-5d02-4847-a363-6f2972b00a97@group-51802BB6A696: ConfigurationManager, init=conf: {index: -1, cur=peers:[cfedd3f1-5d02-4847-a363-6f2972b00a97|127.0.0.1:15039, e80b39d0-2325-4ff7-b450-1b10ae88e746|127.0.0.1:15055, d1f2401f-ce3c-4cd7-b613-e85afa8c39c7|127.0.0.1:15047]|listeners:[], old=null}, confs=<EMPTY_MAP>
2025-07-19 06:07:11,780 [EventQueue-PipelineReportForOneReplicaPipelineSafeModeRule] INFO  safemode.SCMSafeModeManager (SCMSafeModeManager.java:validateSafeModeExitRules(138)) - AtleastOneDatanodeReportedRule rule is successfully validated
2025-07-19 06:07:11,783 [cfedd3f1-5d02-4847-a363-6f2972b00a97-groupManagement] INFO  server.RaftServerConfigKeys (ConfUtils.java:logGet(62)) - raft.server.storage.dir = [/home/runner/work/ozone/ozone/hadoop-ozone/integration-test/target/test-dir/MiniOzoneClusterImpl-09c4c6e1-5ab0-4195-ac7b-5aec6defaa36/ozone-meta/datanode-4/ratis] (custom)
2025-07-19 06:07:11,783 [cfedd3f1-5d02-4847-a363-6f2972b00a97-groupManagement] INFO  storage.RaftStorageDirectory (RaftStorageDirectoryImpl.java:analyzeStorage(138)) - The storage directory /home/runner/work/ozone/ozone/hadoop-ozone/integration-test/target/test-dir/MiniOzoneClusterImpl-09c4c6e1-5ab0-4195-ac7b-5aec6defaa36/ozone-meta/datanode-4/ratis/b943f0fb-0579-4ec7-8f9b-51802bb6a696 does not exist. Creating ...
2025-07-19 06:07:11,785 [cfedd3f1-5d02-4847-a363-6f2972b00a97-groupManagement] INFO  storage.RaftStorageDirectory (RaftStorageDirectoryImpl.java:tryLock(229)) - Lock on /home/runner/work/ozone/ozone/hadoop-ozone/integration-test/target/test-dir/MiniOzoneClusterImpl-09c4c6e1-5ab0-4195-ac7b-5aec6defaa36/ozone-meta/datanode-4/ratis/b943f0fb-0579-4ec7-8f9b-51802bb6a696/in_use.lock acquired by nodename 18124@localhost
2025-07-19 06:07:11,787 [cfedd3f1-5d02-4847-a363-6f2972b00a97-groupManagement] INFO  storage.RaftStorage (RaftStorageImpl.java:format(98)) - Storage directory /home/runner/work/ozone/ozone/hadoop-ozone/integration-test/target/test-dir/MiniOzoneClusterImpl-09c4c6e1-5ab0-4195-ac7b-5aec6defaa36/ozone-meta/datanode-4/ratis/b943f0fb-0579-4ec7-8f9b-51802bb6a696 has been successfully formatted.
2025-07-19 06:07:11,788 [cfedd3f1-5d02-4847-a363-6f2972b00a97-groupManagement] INFO  ratis.ContainerStateMachine (ContainerStateMachine.java:initialize(339)) - cfedd3f1-5d02-4847-a363-6f2972b00a97: initialize group-51802BB6A696
2025-07-19 06:07:11,788 [cfedd3f1-5d02-4847-a363-6f2972b00a97-groupManagement] INFO  ratis.ContainerStateMachine (ContainerStateMachine.java:loadSnapshot(347)) - group-51802BB6A696: The snapshot info is null. Setting the last applied index to:<INITIAL_VALUE>
2025-07-19 06:07:11,789 [cfedd3f1-5d02-4847-a363-6f2972b00a97-groupManagement] INFO  server.RaftServerConfigKeys (ConfUtils.java:logGet(62)) - raft.server.log.appender.buffer.byte-limit = 33554432 (custom)
2025-07-19 06:07:11,790 [EventQueue-PipelineReportForOneReplicaPipelineSafeModeRule] INFO  safemode.SCMSafeModeManager (SCMSafeModeManager.java:validateSafeModeExitRules(138)) - AtleastOneDatanodeReportedRule rule is successfully validated
2025-07-19 06:07:11,793 [cfedd3f1-5d02-4847-a363-6f2972b00a97-groupManagement] INFO  server.RaftServerConfigKeys (ConfUtils.java:logGet(62)) - raft.server.log.segment.size.max = 67108864 (custom)
2025-07-19 06:07:11,793 [cfedd3f1-5d02-4847-a363-6f2972b00a97-groupManagement] INFO  server.RaftServerConfigKeys (ConfUtils.java:logGet(62)) - raft.server.log.appender.buffer.byte-limit = 33554432 (custom)
2025-07-19 06:07:11,793 [cfedd3f1-5d02-4847-a363-6f2972b00a97-groupManagement] INFO  util.AwaitToRun (AwaitToRun.java:start(81)) - Thread[#1264,cfedd3f1-5d02-4847-a363-6f2972b00a97@group-51802BB6A696-cacheEviction-AwaitToRun,5,main] started
2025-07-19 06:07:11,794 [cfedd3f1-5d02-4847-a363-6f2972b00a97-groupManagement] INFO  segmented.SegmentedRaftLogWorker (SegmentedRaftLogWorker.java:<init>(190)) - new cfedd3f1-5d02-4847-a363-6f2972b00a97@group-51802BB6A696-SegmentedRaftLogWorker for RaftStorageImpl:Storage Directory /home/runner/work/ozone/ozone/hadoop-ozone/integration-test/target/test-dir/MiniOzoneClusterImpl-09c4c6e1-5ab0-4195-ac7b-5aec6defaa36/ozone-meta/datanode-4/ratis/b943f0fb-0579-4ec7-8f9b-51802bb6a696
2025-07-19 06:07:11,794 [cfedd3f1-5d02-4847-a363-6f2972b00a97-groupManagement] INFO  server.RaftServerConfigKeys (ConfUtils.java:logGet(62)) - raft.server.log.queue.byte-limit = 4294967296 (custom)
2025-07-19 06:07:11,794 [cfedd3f1-5d02-4847-a363-6f2972b00a97-groupManagement] INFO  server.RaftServerConfigKeys (ConfUtils.java:logGet(62)) - raft.server.log.segment.size.max = 67108864 (custom)
2025-07-19 06:07:11,794 [cfedd3f1-5d02-4847-a363-6f2972b00a97-groupManagement] INFO  server.RaftServerConfigKeys (ConfUtils.java:logGet(62)) - raft.server.log.preallocated.size = 4194304 (custom)
2025-07-19 06:07:11,794 [cfedd3f1-5d02-4847-a363-6f2972b00a97-groupManagement] INFO  server.RaftServerConfigKeys (ConfUtils.java:logGet(62)) - raft.server.log.write.buffer.size = 33554440 (custom)
2025-07-19 06:07:11,800 [cfedd3f1-5d02-4847-a363-6f2972b00a97-groupManagement] INFO  server.RaftServerConfigKeys (ConfUtils.java:logGet(62)) - raft.server.log.appender.buffer.byte-limit = 33554432 (custom)
2025-07-19 06:07:11,800 [cfedd3f1-5d02-4847-a363-6f2972b00a97-groupManagement] INFO  segmented.SegmentedRaftLogWorker (SegmentedRaftLogWorker.java:lambda$new$0(141)) - cfedd3f1-5d02-4847-a363-6f2972b00a97@group-51802BB6A696-SegmentedRaftLogWorker: flushIndex: setUnconditionally 0 -> -1
2025-07-19 06:07:11,800 [cfedd3f1-5d02-4847-a363-6f2972b00a97-groupManagement] INFO  segmented.SegmentedRaftLogWorker (SegmentedRaftLogWorker.java:lambda$new$0(141)) - cfedd3f1-5d02-4847-a363-6f2972b00a97@group-51802BB6A696-SegmentedRaftLogWorker: safeCacheEvictIndex: setUnconditionally 0 -> -1
2025-07-19 06:07:11,801 [cfedd3f1-5d02-4847-a363-6f2972b00a97-groupManagement] INFO  server.RaftServer$Division (RaftServerImpl.java:start(405)) - cfedd3f1-5d02-4847-a363-6f2972b00a97@group-51802BB6A696: start as a follower, conf=conf: {index: -1, cur=peers:[cfedd3f1-5d02-4847-a363-6f2972b00a97|127.0.0.1:15039, e80b39d0-2325-4ff7-b450-1b10ae88e746|127.0.0.1:15055, d1f2401f-ce3c-4cd7-b613-e85afa8c39c7|127.0.0.1:15047]|listeners:[], old=null}
2025-07-19 06:07:11,801 [cfedd3f1-5d02-4847-a363-6f2972b00a97-groupManagement] INFO  server.RaftServer$Division (RaftServerImpl.java:setRole(392)) - cfedd3f1-5d02-4847-a363-6f2972b00a97@group-51802BB6A696: changes role from      null to FOLLOWER at term 0 for startAsFollower
2025-07-19 06:07:11,801 [cfedd3f1-5d02-4847-a363-6f2972b00a97-groupManagement] INFO  impl.RoleInfo (RoleInfo.java:updateAndGet(148)) - cfedd3f1-5d02-4847-a363-6f2972b00a97: start cfedd3f1-5d02-4847-a363-6f2972b00a97@group-51802BB6A696-FollowerState
2025-07-19 06:07:11,801 [cfedd3f1-5d02-4847-a363-6f2972b00a97-groupManagement] INFO  util.JmxRegister (JmxRegister.java:tryRegister(44)) - Successfully registered JMX Bean with object name Ratis:service=RaftServer,group=group-51802BB6A696,id=cfedd3f1-5d02-4847-a363-6f2972b00a97
2025-07-19 06:07:11,801 [cfedd3f1-5d02-4847-a363-6f2972b00a97-groupManagement] INFO  util.JmxRegister (JmxRegister.java:register(58)) - register mxBean class org.apache.ratis.server.impl.RaftServerJmxAdapter as Ratis:service=RaftServer,group=group-51802BB6A696,id=cfedd3f1-5d02-4847-a363-6f2972b00a97
2025-07-19 06:07:11,803 [cfedd3f1-5d02-4847-a363-6f2972b00a97-groupManagement] INFO  server.RaftServer$Division (RaftServerImpl.java:start(419)) - cfedd3f1-5d02-4847-a363-6f2972b00a97@group-51802BB6A696: Successfully started.
2025-07-19 06:07:11,803 [cfedd3f1-5d02-4847-a363-6f2972b00a97-PipelineCommandHandlerThread-0] INFO  ratis.XceiverServerRatis (XceiverServerRatis.java:addGroup(843)) - Created group Pipeline-b943f0fb-0579-4ec7-8f9b-51802bb6a696
2025-07-19 06:07:11,812 [EventQueue-PipelineReportForOneReplicaPipelineSafeModeRule] INFO  safemode.SCMSafeModeManager (SCMSafeModeManager.java:validateSafeModeExitRules(138)) - AtleastOneDatanodeReportedRule rule is successfully validated
2025-07-19 06:07:11,815 [grpc-default-executor-0] INFO  server.RaftServer (RaftServerProxy.java:addNew(105)) - e80b39d0-2325-4ff7-b450-1b10ae88e746: addNew group-51802BB6A696:[cfedd3f1-5d02-4847-a363-6f2972b00a97|127.0.0.1:15039, e80b39d0-2325-4ff7-b450-1b10ae88e746|127.0.0.1:15055, d1f2401f-ce3c-4cd7-b613-e85afa8c39c7|127.0.0.1:15047] returns group-51802BB6A696:java.util.concurrent.CompletableFuture@5c85c964[Not completed]
2025-07-19 06:07:11,816 [e80b39d0-2325-4ff7-b450-1b10ae88e746-groupManagement] INFO  server.RaftServer$Division (RaftServerImpl.java:<init>(268)) - e80b39d0-2325-4ff7-b450-1b10ae88e746: new RaftServerImpl for group-51802BB6A696:[cfedd3f1-5d02-4847-a363-6f2972b00a97|127.0.0.1:15039, e80b39d0-2325-4ff7-b450-1b10ae88e746|127.0.0.1:15055, d1f2401f-ce3c-4cd7-b613-e85afa8c39c7|127.0.0.1:15047] with ContainerStateMachine:uninitialized
2025-07-19 06:07:11,817 [e80b39d0-2325-4ff7-b450-1b10ae88e746-groupManagement] INFO  server.RaftServer$Division (ServerState.java:<init>(114)) - e80b39d0-2325-4ff7-b450-1b10ae88e746@group-51802BB6A696: ConfigurationManager, init=conf: {index: -1, cur=peers:[cfedd3f1-5d02-4847-a363-6f2972b00a97|127.0.0.1:15039, e80b39d0-2325-4ff7-b450-1b10ae88e746|127.0.0.1:15055, d1f2401f-ce3c-4cd7-b613-e85afa8c39c7|127.0.0.1:15047]|listeners:[], old=null}, confs=<EMPTY_MAP>
2025-07-19 06:07:11,823 [e80b39d0-2325-4ff7-b450-1b10ae88e746-groupManagement] INFO  server.RaftServerConfigKeys (ConfUtils.java:logGet(62)) - raft.server.storage.dir = [/home/runner/work/ozone/ozone/hadoop-ozone/integration-test/target/test-dir/MiniOzoneClusterImpl-09c4c6e1-5ab0-4195-ac7b-5aec6defaa36/ozone-meta/datanode-6/ratis] (custom)
2025-07-19 06:07:11,823 [e80b39d0-2325-4ff7-b450-1b10ae88e746-groupManagement] INFO  storage.RaftStorageDirectory (RaftStorageDirectoryImpl.java:analyzeStorage(138)) - The storage directory /home/runner/work/ozone/ozone/hadoop-ozone/integration-test/target/test-dir/MiniOzoneClusterImpl-09c4c6e1-5ab0-4195-ac7b-5aec6defaa36/ozone-meta/datanode-6/ratis/b943f0fb-0579-4ec7-8f9b-51802bb6a696 does not exist. Creating ...
2025-07-19 06:07:11,825 [e80b39d0-2325-4ff7-b450-1b10ae88e746-groupManagement] INFO  storage.RaftStorageDirectory (RaftStorageDirectoryImpl.java:tryLock(229)) - Lock on /home/runner/work/ozone/ozone/hadoop-ozone/integration-test/target/test-dir/MiniOzoneClusterImpl-09c4c6e1-5ab0-4195-ac7b-5aec6defaa36/ozone-meta/datanode-6/ratis/b943f0fb-0579-4ec7-8f9b-51802bb6a696/in_use.lock acquired by nodename 18124@localhost
2025-07-19 06:07:11,827 [e80b39d0-2325-4ff7-b450-1b10ae88e746-groupManagement] INFO  storage.RaftStorage (RaftStorageImpl.java:format(98)) - Storage directory /home/runner/work/ozone/ozone/hadoop-ozone/integration-test/target/test-dir/MiniOzoneClusterImpl-09c4c6e1-5ab0-4195-ac7b-5aec6defaa36/ozone-meta/datanode-6/ratis/b943f0fb-0579-4ec7-8f9b-51802bb6a696 has been successfully formatted.
2025-07-19 06:07:11,828 [e80b39d0-2325-4ff7-b450-1b10ae88e746-groupManagement] INFO  ratis.ContainerStateMachine (ContainerStateMachine.java:initialize(339)) - e80b39d0-2325-4ff7-b450-1b10ae88e746: initialize group-51802BB6A696
2025-07-19 06:07:11,828 [e80b39d0-2325-4ff7-b450-1b10ae88e746-groupManagement] INFO  ratis.ContainerStateMachine (ContainerStateMachine.java:loadSnapshot(347)) - group-51802BB6A696: The snapshot info is null. Setting the last applied index to:<INITIAL_VALUE>
2025-07-19 06:07:11,828 [e80b39d0-2325-4ff7-b450-1b10ae88e746-groupManagement] INFO  server.RaftServerConfigKeys (ConfUtils.java:logGet(62)) - raft.server.log.appender.buffer.byte-limit = 33554432 (custom)
2025-07-19 06:07:11,829 [EventQueue-PipelineReportForOneReplicaPipelineSafeModeRule] INFO  safemode.SCMSafeModeManager (SCMSafeModeManager.java:validateSafeModeExitRules(138)) - AtleastOneDatanodeReportedRule rule is successfully validated
2025-07-19 06:07:11,831 [e80b39d0-2325-4ff7-b450-1b10ae88e746-groupManagement] INFO  server.RaftServerConfigKeys (ConfUtils.java:logGet(62)) - raft.server.log.segment.size.max = 67108864 (custom)
2025-07-19 06:07:11,832 [e80b39d0-2325-4ff7-b450-1b10ae88e746-groupManagement] INFO  server.RaftServerConfigKeys (ConfUtils.java:logGet(62)) - raft.server.log.appender.buffer.byte-limit = 33554432 (custom)
2025-07-19 06:07:11,832 [e80b39d0-2325-4ff7-b450-1b10ae88e746-groupManagement] INFO  util.AwaitToRun (AwaitToRun.java:start(81)) - Thread[#1268,e80b39d0-2325-4ff7-b450-1b10ae88e746@group-51802BB6A696-cacheEviction-AwaitToRun,5,main] started
2025-07-19 06:07:11,833 [e80b39d0-2325-4ff7-b450-1b10ae88e746-groupManagement] INFO  segmented.SegmentedRaftLogWorker (SegmentedRaftLogWorker.java:<init>(190)) - new e80b39d0-2325-4ff7-b450-1b10ae88e746@group-51802BB6A696-SegmentedRaftLogWorker for RaftStorageImpl:Storage Directory /home/runner/work/ozone/ozone/hadoop-ozone/integration-test/target/test-dir/MiniOzoneClusterImpl-09c4c6e1-5ab0-4195-ac7b-5aec6defaa36/ozone-meta/datanode-6/ratis/b943f0fb-0579-4ec7-8f9b-51802bb6a696
2025-07-19 06:07:11,833 [e80b39d0-2325-4ff7-b450-1b10ae88e746-groupManagement] INFO  server.RaftServerConfigKeys (ConfUtils.java:logGet(62)) - raft.server.log.queue.byte-limit = 4294967296 (custom)
2025-07-19 06:07:11,833 [e80b39d0-2325-4ff7-b450-1b10ae88e746-groupManagement] INFO  server.RaftServerConfigKeys (ConfUtils.java:logGet(62)) - raft.server.log.segment.size.max = 67108864 (custom)
2025-07-19 06:07:11,834 [e80b39d0-2325-4ff7-b450-1b10ae88e746-groupManagement] INFO  server.RaftServerConfigKeys (ConfUtils.java:logGet(62)) - raft.server.log.preallocated.size = 4194304 (custom)
2025-07-19 06:07:11,834 [e80b39d0-2325-4ff7-b450-1b10ae88e746-groupManagement] INFO  server.RaftServerConfigKeys (ConfUtils.java:logGet(62)) - raft.server.log.write.buffer.size = 33554440 (custom)
2025-07-19 06:07:11,840 [e80b39d0-2325-4ff7-b450-1b10ae88e746-groupManagement] INFO  server.RaftServerConfigKeys (ConfUtils.java:logGet(62)) - raft.server.log.appender.buffer.byte-limit = 33554432 (custom)
2025-07-19 06:07:11,841 [e80b39d0-2325-4ff7-b450-1b10ae88e746-groupManagement] INFO  segmented.SegmentedRaftLogWorker (SegmentedRaftLogWorker.java:lambda$new$0(141)) - e80b39d0-2325-4ff7-b450-1b10ae88e746@group-51802BB6A696-SegmentedRaftLogWorker: flushIndex: setUnconditionally 0 -> -1
2025-07-19 06:07:11,841 [e80b39d0-2325-4ff7-b450-1b10ae88e746-groupManagement] INFO  segmented.SegmentedRaftLogWorker (SegmentedRaftLogWorker.java:lambda$new$0(141)) - e80b39d0-2325-4ff7-b450-1b10ae88e746@group-51802BB6A696-SegmentedRaftLogWorker: safeCacheEvictIndex: setUnconditionally 0 -> -1
2025-07-19 06:07:11,842 [e80b39d0-2325-4ff7-b450-1b10ae88e746-groupManagement] INFO  server.RaftServer$Division (RaftServerImpl.java:start(405)) - e80b39d0-2325-4ff7-b450-1b10ae88e746@group-51802BB6A696: start as a follower, conf=conf: {index: -1, cur=peers:[cfedd3f1-5d02-4847-a363-6f2972b00a97|127.0.0.1:15039, e80b39d0-2325-4ff7-b450-1b10ae88e746|127.0.0.1:15055, d1f2401f-ce3c-4cd7-b613-e85afa8c39c7|127.0.0.1:15047]|listeners:[], old=null}
2025-07-19 06:07:11,842 [e80b39d0-2325-4ff7-b450-1b10ae88e746-groupManagement] INFO  server.RaftServer$Division (RaftServerImpl.java:setRole(392)) - e80b39d0-2325-4ff7-b450-1b10ae88e746@group-51802BB6A696: changes role from      null to FOLLOWER at term 0 for startAsFollower
2025-07-19 06:07:11,842 [e80b39d0-2325-4ff7-b450-1b10ae88e746-groupManagement] INFO  impl.RoleInfo (RoleInfo.java:updateAndGet(148)) - e80b39d0-2325-4ff7-b450-1b10ae88e746: start e80b39d0-2325-4ff7-b450-1b10ae88e746@group-51802BB6A696-FollowerState
2025-07-19 06:07:11,842 [e80b39d0-2325-4ff7-b450-1b10ae88e746-groupManagement] INFO  util.JmxRegister (JmxRegister.java:tryRegister(44)) - Successfully registered JMX Bean with object name Ratis:service=RaftServer,group=group-51802BB6A696,id=e80b39d0-2325-4ff7-b450-1b10ae88e746
2025-07-19 06:07:11,843 [e80b39d0-2325-4ff7-b450-1b10ae88e746-groupManagement] INFO  util.JmxRegister (JmxRegister.java:register(58)) - register mxBean class org.apache.ratis.server.impl.RaftServerJmxAdapter as Ratis:service=RaftServer,group=group-51802BB6A696,id=e80b39d0-2325-4ff7-b450-1b10ae88e746
2025-07-19 06:07:11,843 [e80b39d0-2325-4ff7-b450-1b10ae88e746-groupManagement] INFO  server.RaftServer$Division (RaftServerImpl.java:start(419)) - e80b39d0-2325-4ff7-b450-1b10ae88e746@group-51802BB6A696: Successfully started.
2025-07-19 06:07:11,853 [d1f2401f-ce3c-4cd7-b613-e85afa8c39c7-PipelineCommandHandlerThread-0] INFO  server.RaftServer (RaftServerProxy.java:addNew(105)) - d1f2401f-ce3c-4cd7-b613-e85afa8c39c7: addNew group-2FD67DE3DC18:[d1f2401f-ce3c-4cd7-b613-e85afa8c39c7|127.0.0.1:15047] returns group-2FD67DE3DC18:java.util.concurrent.CompletableFuture@13157ecf[Not completed]
2025-07-19 06:07:11,856 [grpc-default-executor-0] INFO  server.RaftServer (RaftServerProxy.java:addNew(105)) - d1f2401f-ce3c-4cd7-b613-e85afa8c39c7: addNew group-51802BB6A696:[cfedd3f1-5d02-4847-a363-6f2972b00a97|127.0.0.1:15039, e80b39d0-2325-4ff7-b450-1b10ae88e746|127.0.0.1:15055, d1f2401f-ce3c-4cd7-b613-e85afa8c39c7|127.0.0.1:15047] returns group-51802BB6A696:java.util.concurrent.CompletableFuture@1df49e24[Not completed]
2025-07-19 06:07:11,857 [d1f2401f-ce3c-4cd7-b613-e85afa8c39c7-groupManagement] INFO  server.RaftServer$Division (RaftServerImpl.java:<init>(268)) - d1f2401f-ce3c-4cd7-b613-e85afa8c39c7: new RaftServerImpl for group-2FD67DE3DC18:[d1f2401f-ce3c-4cd7-b613-e85afa8c39c7|127.0.0.1:15047] with ContainerStateMachine:uninitialized
2025-07-19 06:07:11,857 [d1f2401f-ce3c-4cd7-b613-e85afa8c39c7-groupManagement] INFO  server.RaftServer$Division (ServerState.java:<init>(114)) - d1f2401f-ce3c-4cd7-b613-e85afa8c39c7@group-2FD67DE3DC18: ConfigurationManager, init=conf: {index: -1, cur=peers:[d1f2401f-ce3c-4cd7-b613-e85afa8c39c7|127.0.0.1:15047]|listeners:[], old=null}, confs=<EMPTY_MAP>
2025-07-19 06:07:11,859 [EventQueue-PipelineReportForOneReplicaPipelineSafeModeRule] INFO  safemode.SCMSafeModeManager (SCMSafeModeManager.java:validateSafeModeExitRules(138)) - AtleastOneDatanodeReportedRule rule is successfully validated
2025-07-19 06:07:11,862 [d1f2401f-ce3c-4cd7-b613-e85afa8c39c7-groupManagement] INFO  server.RaftServer$Division (RaftServerImpl.java:<init>(268)) - d1f2401f-ce3c-4cd7-b613-e85afa8c39c7: new RaftServerImpl for group-51802BB6A696:[cfedd3f1-5d02-4847-a363-6f2972b00a97|127.0.0.1:15039, e80b39d0-2325-4ff7-b450-1b10ae88e746|127.0.0.1:15055, d1f2401f-ce3c-4cd7-b613-e85afa8c39c7|127.0.0.1:15047] with ContainerStateMachine:uninitialized
2025-07-19 06:07:11,862 [d1f2401f-ce3c-4cd7-b613-e85afa8c39c7-groupManagement] INFO  server.RaftServer$Division (ServerState.java:<init>(114)) - d1f2401f-ce3c-4cd7-b613-e85afa8c39c7@group-51802BB6A696: ConfigurationManager, init=conf: {index: -1, cur=peers:[cfedd3f1-5d02-4847-a363-6f2972b00a97|127.0.0.1:15039, e80b39d0-2325-4ff7-b450-1b10ae88e746|127.0.0.1:15055, d1f2401f-ce3c-4cd7-b613-e85afa8c39c7|127.0.0.1:15047]|listeners:[], old=null}, confs=<EMPTY_MAP>
2025-07-19 06:07:11,866 [d1f2401f-ce3c-4cd7-b613-e85afa8c39c7-groupManagement] INFO  server.RaftServerConfigKeys (ConfUtils.java:logGet(62)) - raft.server.storage.dir = [/home/runner/work/ozone/ozone/hadoop-ozone/integration-test/target/test-dir/MiniOzoneClusterImpl-09c4c6e1-5ab0-4195-ac7b-5aec6defaa36/ozone-meta/datanode-5/ratis] (custom)
2025-07-19 06:07:11,867 [d1f2401f-ce3c-4cd7-b613-e85afa8c39c7-groupManagement] INFO  storage.RaftStorageDirectory (RaftStorageDirectoryImpl.java:analyzeStorage(138)) - The storage directory /home/runner/work/ozone/ozone/hadoop-ozone/integration-test/target/test-dir/MiniOzoneClusterImpl-09c4c6e1-5ab0-4195-ac7b-5aec6defaa36/ozone-meta/datanode-5/ratis/9bc6d928-83a2-4e46-9503-2fd67de3dc18 does not exist. Creating ...
2025-07-19 06:07:11,868 [d1f2401f-ce3c-4cd7-b613-e85afa8c39c7-groupManagement] INFO  storage.RaftStorageDirectory (RaftStorageDirectoryImpl.java:tryLock(229)) - Lock on /home/runner/work/ozone/ozone/hadoop-ozone/integration-test/target/test-dir/MiniOzoneClusterImpl-09c4c6e1-5ab0-4195-ac7b-5aec6defaa36/ozone-meta/datanode-5/ratis/9bc6d928-83a2-4e46-9503-2fd67de3dc18/in_use.lock acquired by nodename 18124@localhost
2025-07-19 06:07:11,869 [d1f2401f-ce3c-4cd7-b613-e85afa8c39c7-groupManagement] INFO  storage.RaftStorage (RaftStorageImpl.java:format(98)) - Storage directory /home/runner/work/ozone/ozone/hadoop-ozone/integration-test/target/test-dir/MiniOzoneClusterImpl-09c4c6e1-5ab0-4195-ac7b-5aec6defaa36/ozone-meta/datanode-5/ratis/9bc6d928-83a2-4e46-9503-2fd67de3dc18 has been successfully formatted.
2025-07-19 06:07:11,870 [d1f2401f-ce3c-4cd7-b613-e85afa8c39c7-groupManagement] INFO  ratis.ContainerStateMachine (ContainerStateMachine.java:initialize(339)) - d1f2401f-ce3c-4cd7-b613-e85afa8c39c7: initialize group-2FD67DE3DC18
2025-07-19 06:07:11,870 [d1f2401f-ce3c-4cd7-b613-e85afa8c39c7-groupManagement] INFO  ratis.ContainerStateMachine (ContainerStateMachine.java:loadSnapshot(347)) - group-2FD67DE3DC18: The snapshot info is null. Setting the last applied index to:<INITIAL_VALUE>
2025-07-19 06:07:11,870 [d1f2401f-ce3c-4cd7-b613-e85afa8c39c7-groupManagement] INFO  server.RaftServerConfigKeys (ConfUtils.java:logGet(62)) - raft.server.log.appender.buffer.byte-limit = 33554432 (custom)
2025-07-19 06:07:11,873 [d1f2401f-ce3c-4cd7-b613-e85afa8c39c7-groupManagement] INFO  server.RaftServerConfigKeys (ConfUtils.java:logGet(62)) - raft.server.log.segment.size.max = 67108864 (custom)
2025-07-19 06:07:11,873 [d1f2401f-ce3c-4cd7-b613-e85afa8c39c7-groupManagement] INFO  server.RaftServerConfigKeys (ConfUtils.java:logGet(62)) - raft.server.log.appender.buffer.byte-limit = 33554432 (custom)
2025-07-19 06:07:11,873 [EventQueue-PipelineReportForOneReplicaPipelineSafeModeRule] INFO  safemode.SCMSafeModeManager (SCMSafeModeManager.java:validateSafeModeExitRules(138)) - AtleastOneDatanodeReportedRule rule is successfully validated
2025-07-19 06:07:11,875 [d1f2401f-ce3c-4cd7-b613-e85afa8c39c7-groupManagement] INFO  util.AwaitToRun (AwaitToRun.java:start(81)) - Thread[#1276,d1f2401f-ce3c-4cd7-b613-e85afa8c39c7@group-2FD67DE3DC18-cacheEviction-AwaitToRun,5,main] started
2025-07-19 06:07:11,875 [d1f2401f-ce3c-4cd7-b613-e85afa8c39c7-groupManagement] INFO  segmented.SegmentedRaftLogWorker (SegmentedRaftLogWorker.java:<init>(190)) - new d1f2401f-ce3c-4cd7-b613-e85afa8c39c7@group-2FD67DE3DC18-SegmentedRaftLogWorker for RaftStorageImpl:Storage Directory /home/runner/work/ozone/ozone/hadoop-ozone/integration-test/target/test-dir/MiniOzoneClusterImpl-09c4c6e1-5ab0-4195-ac7b-5aec6defaa36/ozone-meta/datanode-5/ratis/9bc6d928-83a2-4e46-9503-2fd67de3dc18
2025-07-19 06:07:11,875 [d1f2401f-ce3c-4cd7-b613-e85afa8c39c7-groupManagement] INFO  server.RaftServerConfigKeys (ConfUtils.java:logGet(62)) - raft.server.log.queue.byte-limit = 4294967296 (custom)
2025-07-19 06:07:11,875 [d1f2401f-ce3c-4cd7-b613-e85afa8c39c7-groupManagement] INFO  server.RaftServerConfigKeys (ConfUtils.java:logGet(62)) - raft.server.log.segment.size.max = 67108864 (custom)
2025-07-19 06:07:11,875 [d1f2401f-ce3c-4cd7-b613-e85afa8c39c7-groupManagement] INFO  server.RaftServerConfigKeys (ConfUtils.java:logGet(62)) - raft.server.log.preallocated.size = 4194304 (custom)
2025-07-19 06:07:11,876 [d1f2401f-ce3c-4cd7-b613-e85afa8c39c7-groupManagement] INFO  server.RaftServerConfigKeys (ConfUtils.java:logGet(62)) - raft.server.log.write.buffer.size = 33554440 (custom)
2025-07-19 06:07:11,878 [885623d6-9da4-492b-a87d-998872f93ab6@group-5AEC6DEFAA36-StateMachineUpdater] INFO  safemode.SCMSafeModeManager (SCMSafeModeManager.java:validateSafeModeExitRules(138)) - DataNodeSafeModeRule rule is successfully validated
2025-07-19 06:07:11,878 [885623d6-9da4-492b-a87d-998872f93ab6@group-5AEC6DEFAA36-StateMachineUpdater] INFO  safemode.SCMSafeModeManager (SCMSafeModeManager.java:validateSafeModeExitRules(138)) - RatisContainerSafeModeRule rule is successfully validated
2025-07-19 06:07:11,878 [885623d6-9da4-492b-a87d-998872f93ab6@group-5AEC6DEFAA36-StateMachineUpdater] INFO  safemode.HealthyPipelineSafeModeRule (HealthyPipelineSafeModeRule.java:initializeRule(228)) - Refreshed total pipeline count is 0, healthy pipeline threshold count is 1
2025-07-19 06:07:11,878 [885623d6-9da4-492b-a87d-998872f93ab6@group-5AEC6DEFAA36-StateMachineUpdater] INFO  safemode.SCMSafeModeManager (SCMSafeModeManager.java:validateSafeModeExitRules(138)) - ECContainerSafeModeRule rule is successfully validated
2025-07-19 06:07:11,878 [885623d6-9da4-492b-a87d-998872f93ab6@group-5AEC6DEFAA36-StateMachineUpdater] INFO  safemode.SCMSafeModeManager (SCMSafeModeManager.java:validateSafeModeExitRules(138)) - AtleastOneDatanodeReportedRule rule is successfully validated
2025-07-19 06:07:11,879 [EventQueue-PipelineReportForPipelineReportHandler] INFO  pipeline.PipelineReportHandler (PipelineReportHandler.java:processPipelineReport(134)) - Opened pipeline Pipeline-9bc6d928-83a2-4e46-9503-2fd67de3dc18
2025-07-19 06:07:11,879 [EventQueue-PipelineReportForOneReplicaPipelineSafeModeRule] INFO  safemode.SCMSafeModeManager (SCMSafeModeManager.java:validateSafeModeExitRules(138)) - AtleastOneDatanodeReportedRule rule is successfully validated
2025-07-19 06:07:11,883 [d1f2401f-ce3c-4cd7-b613-e85afa8c39c7-groupManagement] INFO  server.RaftServerConfigKeys (ConfUtils.java:logGet(62)) - raft.server.log.appender.buffer.byte-limit = 33554432 (custom)
2025-07-19 06:07:11,883 [d1f2401f-ce3c-4cd7-b613-e85afa8c39c7-groupManagement] INFO  segmented.SegmentedRaftLogWorker (SegmentedRaftLogWorker.java:lambda$new$0(141)) - d1f2401f-ce3c-4cd7-b613-e85afa8c39c7@group-2FD67DE3DC18-SegmentedRaftLogWorker: flushIndex: setUnconditionally 0 -> -1
2025-07-19 06:07:11,884 [d1f2401f-ce3c-4cd7-b613-e85afa8c39c7-groupManagement] INFO  segmented.SegmentedRaftLogWorker (SegmentedRaftLogWorker.java:lambda$new$0(141)) - d1f2401f-ce3c-4cd7-b613-e85afa8c39c7@group-2FD67DE3DC18-SegmentedRaftLogWorker: safeCacheEvictIndex: setUnconditionally 0 -> -1
2025-07-19 06:07:11,884 [d1f2401f-ce3c-4cd7-b613-e85afa8c39c7-groupManagement] INFO  server.RaftServer$Division (RaftServerImpl.java:start(405)) - d1f2401f-ce3c-4cd7-b613-e85afa8c39c7@group-2FD67DE3DC18: start as a follower, conf=conf: {index: -1, cur=peers:[d1f2401f-ce3c-4cd7-b613-e85afa8c39c7|127.0.0.1:15047]|listeners:[], old=null}
2025-07-19 06:07:11,884 [d1f2401f-ce3c-4cd7-b613-e85afa8c39c7-groupManagement] INFO  server.RaftServer$Division (RaftServerImpl.java:setRole(392)) - d1f2401f-ce3c-4cd7-b613-e85afa8c39c7@group-2FD67DE3DC18: changes role from      null to FOLLOWER at term 0 for startAsFollower
2025-07-19 06:07:11,884 [d1f2401f-ce3c-4cd7-b613-e85afa8c39c7-groupManagement] INFO  impl.RoleInfo (RoleInfo.java:updateAndGet(148)) - d1f2401f-ce3c-4cd7-b613-e85afa8c39c7: start d1f2401f-ce3c-4cd7-b613-e85afa8c39c7@group-2FD67DE3DC18-FollowerState
2025-07-19 06:07:11,885 [d1f2401f-ce3c-4cd7-b613-e85afa8c39c7-groupManagement] INFO  util.JmxRegister (JmxRegister.java:tryRegister(44)) - Successfully registered JMX Bean with object name Ratis:service=RaftServer,group=group-2FD67DE3DC18,id=d1f2401f-ce3c-4cd7-b613-e85afa8c39c7
2025-07-19 06:07:11,885 [d1f2401f-ce3c-4cd7-b613-e85afa8c39c7-groupManagement] INFO  util.JmxRegister (JmxRegister.java:register(58)) - register mxBean class org.apache.ratis.server.impl.RaftServerJmxAdapter as Ratis:service=RaftServer,group=group-2FD67DE3DC18,id=d1f2401f-ce3c-4cd7-b613-e85afa8c39c7
2025-07-19 06:07:11,886 [d1f2401f-ce3c-4cd7-b613-e85afa8c39c7-groupManagement] INFO  server.RaftServer$Division (RaftServerImpl.java:start(419)) - d1f2401f-ce3c-4cd7-b613-e85afa8c39c7@group-2FD67DE3DC18: Successfully started.
2025-07-19 06:07:11,886 [d1f2401f-ce3c-4cd7-b613-e85afa8c39c7-PipelineCommandHandlerThread-0] INFO  ratis.XceiverServerRatis (XceiverServerRatis.java:addGroup(843)) - Created group Pipeline-9bc6d928-83a2-4e46-9503-2fd67de3dc18
2025-07-19 06:07:11,886 [d1f2401f-ce3c-4cd7-b613-e85afa8c39c7-PipelineCommandHandlerThread-0] INFO  commandhandler.CreatePipelineCommandHandler (CreatePipelineCommandHandler.java:lambda$handle$2(127)) - Created Pipeline RATIS ONE Pipeline-9bc6d928-83a2-4e46-9503-2fd67de3dc18.
2025-07-19 06:07:11,886 [d1f2401f-ce3c-4cd7-b613-e85afa8c39c7-groupManagement] INFO  storage.RaftStorageDirectory (RaftStorageDirectoryImpl.java:analyzeStorage(138)) - The storage directory /home/runner/work/ozone/ozone/hadoop-ozone/integration-test/target/test-dir/MiniOzoneClusterImpl-09c4c6e1-5ab0-4195-ac7b-5aec6defaa36/ozone-meta/datanode-5/ratis/b943f0fb-0579-4ec7-8f9b-51802bb6a696 does not exist. Creating ...
2025-07-19 06:07:11,887 [d1f2401f-ce3c-4cd7-b613-e85afa8c39c7-groupManagement] INFO  storage.RaftStorageDirectory (RaftStorageDirectoryImpl.java:tryLock(229)) - Lock on /home/runner/work/ozone/ozone/hadoop-ozone/integration-test/target/test-dir/MiniOzoneClusterImpl-09c4c6e1-5ab0-4195-ac7b-5aec6defaa36/ozone-meta/datanode-5/ratis/b943f0fb-0579-4ec7-8f9b-51802bb6a696/in_use.lock acquired by nodename 18124@localhost
2025-07-19 06:07:11,889 [d1f2401f-ce3c-4cd7-b613-e85afa8c39c7-groupManagement] INFO  storage.RaftStorage (RaftStorageImpl.java:format(98)) - Storage directory /home/runner/work/ozone/ozone/hadoop-ozone/integration-test/target/test-dir/MiniOzoneClusterImpl-09c4c6e1-5ab0-4195-ac7b-5aec6defaa36/ozone-meta/datanode-5/ratis/b943f0fb-0579-4ec7-8f9b-51802bb6a696 has been successfully formatted.
2025-07-19 06:07:11,890 [d1f2401f-ce3c-4cd7-b613-e85afa8c39c7-groupManagement] INFO  ratis.ContainerStateMachine (ContainerStateMachine.java:initialize(339)) - d1f2401f-ce3c-4cd7-b613-e85afa8c39c7: initialize group-51802BB6A696
2025-07-19 06:07:11,890 [d1f2401f-ce3c-4cd7-b613-e85afa8c39c7-groupManagement] INFO  ratis.ContainerStateMachine (ContainerStateMachine.java:loadSnapshot(347)) - group-51802BB6A696: The snapshot info is null. Setting the last applied index to:<INITIAL_VALUE>
2025-07-19 06:07:11,890 [d1f2401f-ce3c-4cd7-b613-e85afa8c39c7-groupManagement] INFO  server.RaftServerConfigKeys (ConfUtils.java:logGet(62)) - raft.server.log.appender.buffer.byte-limit = 33554432 (custom)
2025-07-19 06:07:11,892 [EventQueue-PipelineReportForOneReplicaPipelineSafeModeRule] INFO  safemode.SCMSafeModeManager (SCMSafeModeManager.java:validateSafeModeExitRules(138)) - AtleastOneDatanodeReportedRule rule is successfully validated
2025-07-19 06:07:11,893 [d1f2401f-ce3c-4cd7-b613-e85afa8c39c7-groupManagement] INFO  server.RaftServerConfigKeys (ConfUtils.java:logGet(62)) - raft.server.log.segment.size.max = 67108864 (custom)
2025-07-19 06:07:11,894 [d1f2401f-ce3c-4cd7-b613-e85afa8c39c7-groupManagement] INFO  server.RaftServerConfigKeys (ConfUtils.java:logGet(62)) - raft.server.log.appender.buffer.byte-limit = 33554432 (custom)
2025-07-19 06:07:11,894 [d1f2401f-ce3c-4cd7-b613-e85afa8c39c7-groupManagement] INFO  util.AwaitToRun (AwaitToRun.java:start(81)) - Thread[#1280,d1f2401f-ce3c-4cd7-b613-e85afa8c39c7@group-51802BB6A696-cacheEviction-AwaitToRun,5,main] started
2025-07-19 06:07:11,895 [d1f2401f-ce3c-4cd7-b613-e85afa8c39c7-groupManagement] INFO  segmented.SegmentedRaftLogWorker (SegmentedRaftLogWorker.java:<init>(190)) - new d1f2401f-ce3c-4cd7-b613-e85afa8c39c7@group-51802BB6A696-SegmentedRaftLogWorker for RaftStorageImpl:Storage Directory /home/runner/work/ozone/ozone/hadoop-ozone/integration-test/target/test-dir/MiniOzoneClusterImpl-09c4c6e1-5ab0-4195-ac7b-5aec6defaa36/ozone-meta/datanode-5/ratis/b943f0fb-0579-4ec7-8f9b-51802bb6a696
2025-07-19 06:07:11,895 [d1f2401f-ce3c-4cd7-b613-e85afa8c39c7-groupManagement] INFO  server.RaftServerConfigKeys (ConfUtils.java:logGet(62)) - raft.server.log.queue.byte-limit = 4294967296 (custom)
2025-07-19 06:07:11,895 [d1f2401f-ce3c-4cd7-b613-e85afa8c39c7-groupManagement] INFO  server.RaftServerConfigKeys (ConfUtils.java:logGet(62)) - raft.server.log.segment.size.max = 67108864 (custom)
2025-07-19 06:07:11,895 [d1f2401f-ce3c-4cd7-b613-e85afa8c39c7-groupManagement] INFO  server.RaftServerConfigKeys (ConfUtils.java:logGet(62)) - raft.server.log.preallocated.size = 4194304 (custom)
2025-07-19 06:07:11,895 [d1f2401f-ce3c-4cd7-b613-e85afa8c39c7-groupManagement] INFO  server.RaftServerConfigKeys (ConfUtils.java:logGet(62)) - raft.server.log.write.buffer.size = 33554440 (custom)
2025-07-19 06:07:11,900 [d1f2401f-ce3c-4cd7-b613-e85afa8c39c7-groupManagement] INFO  server.RaftServerConfigKeys (ConfUtils.java:logGet(62)) - raft.server.log.appender.buffer.byte-limit = 33554432 (custom)
2025-07-19 06:07:11,901 [d1f2401f-ce3c-4cd7-b613-e85afa8c39c7-groupManagement] INFO  segmented.SegmentedRaftLogWorker (SegmentedRaftLogWorker.java:lambda$new$0(141)) - d1f2401f-ce3c-4cd7-b613-e85afa8c39c7@group-51802BB6A696-SegmentedRaftLogWorker: flushIndex: setUnconditionally 0 -> -1
2025-07-19 06:07:11,901 [d1f2401f-ce3c-4cd7-b613-e85afa8c39c7-groupManagement] INFO  segmented.SegmentedRaftLogWorker (SegmentedRaftLogWorker.java:lambda$new$0(141)) - d1f2401f-ce3c-4cd7-b613-e85afa8c39c7@group-51802BB6A696-SegmentedRaftLogWorker: safeCacheEvictIndex: setUnconditionally 0 -> -1
2025-07-19 06:07:11,901 [EventQueue-PipelineReportForOneReplicaPipelineSafeModeRule] INFO  safemode.SCMSafeModeManager (SCMSafeModeManager.java:validateSafeModeExitRules(138)) - AtleastOneDatanodeReportedRule rule is successfully validated
2025-07-19 06:07:11,901 [d1f2401f-ce3c-4cd7-b613-e85afa8c39c7-groupManagement] INFO  server.RaftServer$Division (RaftServerImpl.java:start(405)) - d1f2401f-ce3c-4cd7-b613-e85afa8c39c7@group-51802BB6A696: start as a follower, conf=conf: {index: -1, cur=peers:[cfedd3f1-5d02-4847-a363-6f2972b00a97|127.0.0.1:15039, e80b39d0-2325-4ff7-b450-1b10ae88e746|127.0.0.1:15055, d1f2401f-ce3c-4cd7-b613-e85afa8c39c7|127.0.0.1:15047]|listeners:[], old=null}
2025-07-19 06:07:11,901 [d1f2401f-ce3c-4cd7-b613-e85afa8c39c7-groupManagement] INFO  server.RaftServer$Division (RaftServerImpl.java:setRole(392)) - d1f2401f-ce3c-4cd7-b613-e85afa8c39c7@group-51802BB6A696: changes role from      null to FOLLOWER at term 0 for startAsFollower
2025-07-19 06:07:11,901 [d1f2401f-ce3c-4cd7-b613-e85afa8c39c7-groupManagement] INFO  impl.RoleInfo (RoleInfo.java:updateAndGet(148)) - d1f2401f-ce3c-4cd7-b613-e85afa8c39c7: start d1f2401f-ce3c-4cd7-b613-e85afa8c39c7@group-51802BB6A696-FollowerState
2025-07-19 06:07:11,902 [d1f2401f-ce3c-4cd7-b613-e85afa8c39c7-groupManagement] INFO  util.JmxRegister (JmxRegister.java:tryRegister(44)) - Successfully registered JMX Bean with object name Ratis:service=RaftServer,group=group-51802BB6A696,id=d1f2401f-ce3c-4cd7-b613-e85afa8c39c7
2025-07-19 06:07:11,902 [d1f2401f-ce3c-4cd7-b613-e85afa8c39c7-groupManagement] INFO  util.JmxRegister (JmxRegister.java:register(58)) - register mxBean class org.apache.ratis.server.impl.RaftServerJmxAdapter as Ratis:service=RaftServer,group=group-51802BB6A696,id=d1f2401f-ce3c-4cd7-b613-e85afa8c39c7
2025-07-19 06:07:11,903 [d1f2401f-ce3c-4cd7-b613-e85afa8c39c7-groupManagement] INFO  server.RaftServer$Division (RaftServerImpl.java:start(419)) - d1f2401f-ce3c-4cd7-b613-e85afa8c39c7@group-51802BB6A696: Successfully started.
2025-07-19 06:07:11,908 [cfedd3f1-5d02-4847-a363-6f2972b00a97-PipelineCommandHandlerThread-0] INFO  commandhandler.CreatePipelineCommandHandler (CreatePipelineCommandHandler.java:lambda$handle$2(127)) - Created Pipeline RATIS THREE Pipeline-b943f0fb-0579-4ec7-8f9b-51802bb6a696.
2025-07-19 06:07:11,947 [EventQueue-PipelineReportForOneReplicaPipelineSafeModeRule] INFO  safemode.SCMSafeModeManager (SCMSafeModeManager.java:validateSafeModeExitRules(138)) - AtleastOneDatanodeReportedRule rule is successfully validated
2025-07-19 06:07:11,953 [aa0cb613-fc94-4131-90ab-17bcd78458c4@group-36B9588D9EB5-FollowerState] INFO  impl.FollowerState (FollowerState.java:runImpl(161)) - aa0cb613-fc94-4131-90ab-17bcd78458c4@group-36B9588D9EB5-FollowerState: change to CANDIDATE, lastRpcElapsedTime:1078343600ns, electionTimeout:1076ms
2025-07-19 06:07:11,953 [aa0cb613-fc94-4131-90ab-17bcd78458c4@group-36B9588D9EB5-FollowerState] INFO  impl.RoleInfo (RoleInfo.java:shutdownFollowerState(121)) - aa0cb613-fc94-4131-90ab-17bcd78458c4: shutdown aa0cb613-fc94-4131-90ab-17bcd78458c4@group-36B9588D9EB5-FollowerState
2025-07-19 06:07:11,953 [aa0cb613-fc94-4131-90ab-17bcd78458c4@group-36B9588D9EB5-FollowerState] INFO  server.RaftServer$Division (RaftServerImpl.java:setRole(392)) - aa0cb613-fc94-4131-90ab-17bcd78458c4@group-36B9588D9EB5: changes role from  FOLLOWER to CANDIDATE at term 0 for changeToCandidate
2025-07-19 06:07:11,953 [aa0cb613-fc94-4131-90ab-17bcd78458c4@group-36B9588D9EB5-FollowerState] INFO  impl.RoleInfo (RoleInfo.java:updateAndGet(148)) - aa0cb613-fc94-4131-90ab-17bcd78458c4: start aa0cb613-fc94-4131-90ab-17bcd78458c4@group-36B9588D9EB5-LeaderElection4
2025-07-19 06:07:11,954 [aa0cb613-fc94-4131-90ab-17bcd78458c4@group-36B9588D9EB5-LeaderElection4] INFO  impl.LeaderElection (LeaderElection.java:askForVotes(448)) - aa0cb613-fc94-4131-90ab-17bcd78458c4@group-36B9588D9EB5-LeaderElection4 PRE_VOTE round 0: submit vote requests at term 0 for conf: {index: -1, cur=peers:[aa0cb613-fc94-4131-90ab-17bcd78458c4|127.0.0.1:15023]|listeners:[], old=null}
2025-07-19 06:07:11,954 [aa0cb613-fc94-4131-90ab-17bcd78458c4@group-36B9588D9EB5-LeaderElection4] INFO  impl.LeaderElection (LeaderElection.java:askForVotes(450)) - aa0cb613-fc94-4131-90ab-17bcd78458c4@group-36B9588D9EB5-LeaderElection4 PRE_VOTE round 0: result PASSED (term=0)
2025-07-19 06:07:11,956 [aa0cb613-fc94-4131-90ab-17bcd78458c4@group-36B9588D9EB5-LeaderElection4] INFO  impl.LeaderElection (LeaderElection.java:askForVotes(448)) - aa0cb613-fc94-4131-90ab-17bcd78458c4@group-36B9588D9EB5-LeaderElection4 ELECTION round 0: submit vote requests at term 1 for conf: {index: -1, cur=peers:[aa0cb613-fc94-4131-90ab-17bcd78458c4|127.0.0.1:15023]|listeners:[], old=null}
2025-07-19 06:07:11,956 [aa0cb613-fc94-4131-90ab-17bcd78458c4@group-36B9588D9EB5-LeaderElection4] INFO  impl.LeaderElection (LeaderElection.java:askForVotes(450)) - aa0cb613-fc94-4131-90ab-17bcd78458c4@group-36B9588D9EB5-LeaderElection4 ELECTION round 0: result PASSED (term=1)
2025-07-19 06:07:11,956 [aa0cb613-fc94-4131-90ab-17bcd78458c4@group-36B9588D9EB5-LeaderElection4] INFO  impl.RoleInfo (RoleInfo.java:shutdownLeaderElection(141)) - aa0cb613-fc94-4131-90ab-17bcd78458c4: shutdown aa0cb613-fc94-4131-90ab-17bcd78458c4@group-36B9588D9EB5-LeaderElection4
2025-07-19 06:07:11,956 [aa0cb613-fc94-4131-90ab-17bcd78458c4@group-36B9588D9EB5-LeaderElection4] INFO  server.RaftServer$Division (RaftServerImpl.java:setRole(392)) - aa0cb613-fc94-4131-90ab-17bcd78458c4@group-36B9588D9EB5: changes role from CANDIDATE to LEADER at term 1 for changeToLeader
2025-07-19 06:07:11,956 [aa0cb613-fc94-4131-90ab-17bcd78458c4@group-36B9588D9EB5-LeaderElection4] INFO  server.RaftServerConfigKeys (ConfUtils.java:logFallback(69)) - raft.server.staging.timeout = 15600ms (fallback to raft.server.rpc.timeout.max)
2025-07-19 06:07:11,956 [aa0cb613-fc94-4131-90ab-17bcd78458c4@group-36B9588D9EB5-LeaderElection4] INFO  server.RaftServerConfigKeys (ConfUtils.java:logGet(62)) - raft.server.write.element-limit = 1024 (custom)
2025-07-19 06:07:11,956 [aa0cb613-fc94-4131-90ab-17bcd78458c4@group-36B9588D9EB5-LeaderElection4] INFO  server.RaftServerConfigKeys (ConfUtils.java:logGet(62)) - raft.server.write.byte-limit = 1024 M (=1073741824) (custom)
2025-07-19 06:07:11,957 [aa0cb613-fc94-4131-90ab-17bcd78458c4@group-36B9588D9EB5-LeaderElection4] INFO  server.RaftServerConfigKeys (ConfUtils.java:logGet(62)) - raft.server.log.log-metadata.enabled = true (default)
2025-07-19 06:07:11,958 [aa0cb613-fc94-4131-90ab-17bcd78458c4@group-36B9588D9EB5-LeaderElection4] INFO  impl.RoleInfo (RoleInfo.java:updateAndGet(148)) - aa0cb613-fc94-4131-90ab-17bcd78458c4: start aa0cb613-fc94-4131-90ab-17bcd78458c4@group-36B9588D9EB5-LeaderStateImpl
2025-07-19 06:07:11,958 [aa0cb613-fc94-4131-90ab-17bcd78458c4@group-36B9588D9EB5-LeaderElection4] INFO  server.RaftServer$Division (RaftServerImpl.java:setFirstElection(576)) - aa0cb613-fc94-4131-90ab-17bcd78458c4@group-36B9588D9EB5: set firstElectionSinceStartup to false for becomeLeader
2025-07-19 06:07:11,958 [aa0cb613-fc94-4131-90ab-17bcd78458c4@group-36B9588D9EB5-LeaderElection4] INFO  ratis.XceiverServerRatis (XceiverServerRatis.java:handleLeaderChangedNotification(944)) - Leader change notification received for group: group-36B9588D9EB5 with new leaderId: aa0cb613-fc94-4131-90ab-17bcd78458c4
2025-07-19 06:07:11,959 [aa0cb613-fc94-4131-90ab-17bcd78458c4@group-36B9588D9EB5-LeaderElection4] INFO  server.RaftServer$Division (ServerState.java:setLeader(272)) - aa0cb613-fc94-4131-90ab-17bcd78458c4@group-36B9588D9EB5: change Leader from null to aa0cb613-fc94-4131-90ab-17bcd78458c4 at term 1 for becomeLeader, leader elected after 1110ms
2025-07-19 06:07:11,959 [aa0cb613-fc94-4131-90ab-17bcd78458c4@group-36B9588D9EB5-LeaderElection4] INFO  segmented.SegmentedRaftLogWorker (SegmentedRaftLogWorker.java:startLogSegment(440)) - aa0cb613-fc94-4131-90ab-17bcd78458c4@group-36B9588D9EB5-SegmentedRaftLogWorker: Starting segment from index:0
2025-07-19 06:07:11,960 [aa0cb613-fc94-4131-90ab-17bcd78458c4@group-36B9588D9EB5-LeaderElection4] INFO  server.RaftServer$Division (ServerState.java:setRaftConf(386)) - aa0cb613-fc94-4131-90ab-17bcd78458c4@group-36B9588D9EB5: set configuration conf: {index: 0, cur=peers:[aa0cb613-fc94-4131-90ab-17bcd78458c4|127.0.0.1:15023]|listeners:[], old=null}
2025-07-19 06:07:11,960 [aa0cb613-fc94-4131-90ab-17bcd78458c4@group-36B9588D9EB5-SegmentedRaftLogWorker] INFO  segmented.BufferedWriteChannel (BufferedWriteChannel.java:open(61)) - open log_inprogress_0 at position 0
2025-07-19 06:07:11,962 [EventQueue-PipelineReportForOneReplicaPipelineSafeModeRule] INFO  safemode.SCMSafeModeManager (SCMSafeModeManager.java:validateSafeModeExitRules(138)) - AtleastOneDatanodeReportedRule rule is successfully validated
2025-07-19 06:07:11,965 [7e15f5a0-0f8f-4a50-92e4-d2f5038b0085@group-0132FE54E6CF-FollowerState] INFO  impl.FollowerState (FollowerState.java:runImpl(161)) - 7e15f5a0-0f8f-4a50-92e4-d2f5038b0085@group-0132FE54E6CF-FollowerState: change to CANDIDATE, lastRpcElapsedTime:1114699836ns, electionTimeout:1114ms
2025-07-19 06:07:11,965 [7e15f5a0-0f8f-4a50-92e4-d2f5038b0085@group-0132FE54E6CF-FollowerState] INFO  impl.RoleInfo (RoleInfo.java:shutdownFollowerState(121)) - 7e15f5a0-0f8f-4a50-92e4-d2f5038b0085: shutdown 7e15f5a0-0f8f-4a50-92e4-d2f5038b0085@group-0132FE54E6CF-FollowerState
2025-07-19 06:07:11,965 [7e15f5a0-0f8f-4a50-92e4-d2f5038b0085@group-0132FE54E6CF-FollowerState] INFO  server.RaftServer$Division (RaftServerImpl.java:setRole(392)) - 7e15f5a0-0f8f-4a50-92e4-d2f5038b0085@group-0132FE54E6CF: changes role from  FOLLOWER to CANDIDATE at term 0 for changeToCandidate
2025-07-19 06:07:11,965 [7e15f5a0-0f8f-4a50-92e4-d2f5038b0085@group-0132FE54E6CF-FollowerState] INFO  impl.RoleInfo (RoleInfo.java:updateAndGet(148)) - 7e15f5a0-0f8f-4a50-92e4-d2f5038b0085: start 7e15f5a0-0f8f-4a50-92e4-d2f5038b0085@group-0132FE54E6CF-LeaderElection5
2025-07-19 06:07:11,966 [7e15f5a0-0f8f-4a50-92e4-d2f5038b0085@group-0132FE54E6CF-LeaderElection5] INFO  impl.LeaderElection (LeaderElection.java:askForVotes(448)) - 7e15f5a0-0f8f-4a50-92e4-d2f5038b0085@group-0132FE54E6CF-LeaderElection5 PRE_VOTE round 0: submit vote requests at term 0 for conf: {index: -1, cur=peers:[7e15f5a0-0f8f-4a50-92e4-d2f5038b0085|127.0.0.1:15015, aa0cb613-fc94-4131-90ab-17bcd78458c4|127.0.0.1:15023, 86838f6f-3dde-42b5-b01a-58c95bf80430|127.0.0.1:15031]|listeners:[], old=null}
2025-07-19 06:07:11,967 [aa0cb613-fc94-4131-90ab-17bcd78458c4@group-36B9588D9EB5-SegmentedRaftLogWorker] INFO  segmented.SegmentedRaftLogWorker (SegmentedRaftLogWorker.java:execute(647)) - aa0cb613-fc94-4131-90ab-17bcd78458c4@group-36B9588D9EB5-SegmentedRaftLogWorker: created new log segment /home/runner/work/ozone/ozone/hadoop-ozone/integration-test/target/test-dir/MiniOzoneClusterImpl-09c4c6e1-5ab0-4195-ac7b-5aec6defaa36/ozone-meta/datanode-2/ratis/850d62e6-9d07-48c2-bfd0-36b9588d9eb5/current/log_inprogress_0
2025-07-19 06:07:11,970 [7e15f5a0-0f8f-4a50-92e4-d2f5038b0085@group-0132FE54E6CF-LeaderElection5-1] INFO  server.GrpcServerProtocolClient (GrpcServerProtocolClient.java:<init>(65)) - Build channel for aa0cb613-fc94-4131-90ab-17bcd78458c4|127.0.0.1:15023
2025-07-19 06:07:11,970 [7e15f5a0-0f8f-4a50-92e4-d2f5038b0085@group-0132FE54E6CF-LeaderElection5-2] INFO  server.GrpcServerProtocolClient (GrpcServerProtocolClient.java:<init>(65)) - Build channel for 86838f6f-3dde-42b5-b01a-58c95bf80430|127.0.0.1:15031
2025-07-19 06:07:11,971 [aa0cb613-fc94-4131-90ab-17bcd78458c4@group-36B9588D9EB5-StateMachineUpdater] INFO  server.RaftServer$Division (LeaderStateImpl.java:checkStartIndex(309)) - Leader aa0cb613-fc94-4131-90ab-17bcd78458c4@group-36B9588D9EB5-LeaderStateImpl is ready since appliedIndex == startIndex == 0
2025-07-19 06:07:11,971 [aa0cb613-fc94-4131-90ab-17bcd78458c4@group-36B9588D9EB5-StateMachineUpdater] INFO  ratis.ContainerStateMachine (ContainerStateMachine.java:takeSnapshot(427)) - group-36B9588D9EB5: Taking a snapshot at:(t:1, i:0) file /home/runner/work/ozone/ozone/hadoop-ozone/integration-test/target/test-dir/MiniOzoneClusterImpl-09c4c6e1-5ab0-4195-ac7b-5aec6defaa36/ozone-meta/datanode-2/ratis/850d62e6-9d07-48c2-bfd0-36b9588d9eb5/sm/snapshot.1_0
2025-07-19 06:07:11,979 [grpc-default-executor-1] INFO  server.RaftServer$Division (RaftServerImpl.java:requestVote(1421)) - 86838f6f-3dde-42b5-b01a-58c95bf80430@group-0132FE54E6CF: receive requestVote(PRE_VOTE, 7e15f5a0-0f8f-4a50-92e4-d2f5038b0085, group-0132FE54E6CF, 0, <PROTO_DEFAULT>)
2025-07-19 06:07:11,980 [grpc-default-executor-0] INFO  server.RaftServer$Division (RaftServerImpl.java:requestVote(1421)) - aa0cb613-fc94-4131-90ab-17bcd78458c4@group-0132FE54E6CF: receive requestVote(PRE_VOTE, 7e15f5a0-0f8f-4a50-92e4-d2f5038b0085, group-0132FE54E6CF, 0, <PROTO_DEFAULT>)
2025-07-19 06:07:11,981 [grpc-default-executor-1] INFO  impl.VoteContext (VoteContext.java:log(49)) - 86838f6f-3dde-42b5-b01a-58c95bf80430@group-0132FE54E6CF-FOLLOWER: accept PRE_VOTE from 7e15f5a0-0f8f-4a50-92e4-d2f5038b0085: our priority 0 <= candidate's priority 1
2025-07-19 06:07:11,981 [EventQueue-PipelineReportForOneReplicaPipelineSafeModeRule] INFO  safemode.SCMSafeModeManager (SCMSafeModeManager.java:validateSafeModeExitRules(138)) - AtleastOneDatanodeReportedRule rule is successfully validated
2025-07-19 06:07:11,983 [grpc-default-executor-0] INFO  impl.VoteContext (VoteContext.java:log(49)) - aa0cb613-fc94-4131-90ab-17bcd78458c4@group-0132FE54E6CF-FOLLOWER: accept PRE_VOTE from 7e15f5a0-0f8f-4a50-92e4-d2f5038b0085: our priority 0 <= candidate's priority 1
2025-07-19 06:07:11,985 [grpc-default-executor-0] INFO  server.RaftServer$Division (RaftServerImpl.java:requestVote(1455)) - aa0cb613-fc94-4131-90ab-17bcd78458c4@group-0132FE54E6CF replies to PRE_VOTE vote request: 7e15f5a0-0f8f-4a50-92e4-d2f5038b0085<-aa0cb613-fc94-4131-90ab-17bcd78458c4#0:OK-t0-last:<INITIAL_VALUE>. Peer's state: aa0cb613-fc94-4131-90ab-17bcd78458c4@group-0132FE54E6CF:t0, leader=null, voted=, raftlog=Memoized:aa0cb613-fc94-4131-90ab-17bcd78458c4@group-0132FE54E6CF-SegmentedRaftLog:OPENED:c-1:lastnull, conf=conf: {index: -1, cur=peers:[7e15f5a0-0f8f-4a50-92e4-d2f5038b0085|127.0.0.1:15015, aa0cb613-fc94-4131-90ab-17bcd78458c4|127.0.0.1:15023, 86838f6f-3dde-42b5-b01a-58c95bf80430|127.0.0.1:15031]|listeners:[], old=null}
2025-07-19 06:07:11,986 [grpc-default-executor-1] INFO  server.RaftServer$Division (RaftServerImpl.java:requestVote(1455)) - 86838f6f-3dde-42b5-b01a-58c95bf80430@group-0132FE54E6CF replies to PRE_VOTE vote request: 7e15f5a0-0f8f-4a50-92e4-d2f5038b0085<-86838f6f-3dde-42b5-b01a-58c95bf80430#0:OK-t0-last:<INITIAL_VALUE>. Peer's state: 86838f6f-3dde-42b5-b01a-58c95bf80430@group-0132FE54E6CF:t0, leader=null, voted=, raftlog=Memoized:86838f6f-3dde-42b5-b01a-58c95bf80430@group-0132FE54E6CF-SegmentedRaftLog:OPENED:c-1:lastnull, conf=conf: {index: -1, cur=peers:[7e15f5a0-0f8f-4a50-92e4-d2f5038b0085|127.0.0.1:15015, aa0cb613-fc94-4131-90ab-17bcd78458c4|127.0.0.1:15023, 86838f6f-3dde-42b5-b01a-58c95bf80430|127.0.0.1:15031]|listeners:[], old=null}
2025-07-19 06:07:11,989 [7e15f5a0-0f8f-4a50-92e4-d2f5038b0085@group-0132FE54E6CF-LeaderElection5] INFO  impl.LeaderElection (LeaderElection.java:logAndReturn(206)) - 7e15f5a0-0f8f-4a50-92e4-d2f5038b0085@group-0132FE54E6CF-LeaderElection5: PRE_VOTE PASSED received 1 response(s) and 0 exception(s):
2025-07-19 06:07:11,989 [7e15f5a0-0f8f-4a50-92e4-d2f5038b0085@group-0132FE54E6CF-LeaderElection5] INFO  impl.LeaderElection (LeaderElection.java:logAndReturn(210)) -   Response 0: 7e15f5a0-0f8f-4a50-92e4-d2f5038b0085<-aa0cb613-fc94-4131-90ab-17bcd78458c4#0:OK-t0-last:<INITIAL_VALUE>
2025-07-19 06:07:11,989 [7e15f5a0-0f8f-4a50-92e4-d2f5038b0085@group-0132FE54E6CF-LeaderElection5] INFO  impl.LeaderElection (LeaderElection.java:askForVotes(450)) - 7e15f5a0-0f8f-4a50-92e4-d2f5038b0085@group-0132FE54E6CF-LeaderElection5 PRE_VOTE round 0: result PASSED
2025-07-19 06:07:11,992 [7e15f5a0-0f8f-4a50-92e4-d2f5038b0085@group-0132FE54E6CF-LeaderElection5] INFO  impl.LeaderElection (LeaderElection.java:askForVotes(448)) - 7e15f5a0-0f8f-4a50-92e4-d2f5038b0085@group-0132FE54E6CF-LeaderElection5 ELECTION round 0: submit vote requests at term 1 for conf: {index: -1, cur=peers:[7e15f5a0-0f8f-4a50-92e4-d2f5038b0085|127.0.0.1:15015, aa0cb613-fc94-4131-90ab-17bcd78458c4|127.0.0.1:15023, 86838f6f-3dde-42b5-b01a-58c95bf80430|127.0.0.1:15031]|listeners:[], old=null}
2025-07-19 06:07:11,996 [grpc-default-executor-1] INFO  server.RaftServer$Division (RaftServerImpl.java:requestVote(1421)) - aa0cb613-fc94-4131-90ab-17bcd78458c4@group-0132FE54E6CF: receive requestVote(ELECTION, 7e15f5a0-0f8f-4a50-92e4-d2f5038b0085, group-0132FE54E6CF, 1, <PROTO_DEFAULT>)
2025-07-19 06:07:11,996 [grpc-default-executor-0] INFO  server.RaftServer$Division (RaftServerImpl.java:requestVote(1421)) - 86838f6f-3dde-42b5-b01a-58c95bf80430@group-0132FE54E6CF: receive requestVote(ELECTION, 7e15f5a0-0f8f-4a50-92e4-d2f5038b0085, group-0132FE54E6CF, 1, <PROTO_DEFAULT>)
2025-07-19 06:07:11,996 [grpc-default-executor-1] INFO  impl.VoteContext (VoteContext.java:log(49)) - aa0cb613-fc94-4131-90ab-17bcd78458c4@group-0132FE54E6CF-FOLLOWER: accept ELECTION from 7e15f5a0-0f8f-4a50-92e4-d2f5038b0085: our priority 0 <= candidate's priority 1
2025-07-19 06:07:11,996 [grpc-default-executor-0] INFO  impl.VoteContext (VoteContext.java:log(49)) - 86838f6f-3dde-42b5-b01a-58c95bf80430@group-0132FE54E6CF-FOLLOWER: accept ELECTION from 7e15f5a0-0f8f-4a50-92e4-d2f5038b0085: our priority 0 <= candidate's priority 1
2025-07-19 06:07:11,996 [grpc-default-executor-0] INFO  server.RaftServer$Division (RaftServerImpl.java:setRole(392)) - 86838f6f-3dde-42b5-b01a-58c95bf80430@group-0132FE54E6CF: changes role from  FOLLOWER to FOLLOWER at term 0 for candidate:7e15f5a0-0f8f-4a50-92e4-d2f5038b0085
2025-07-19 06:07:11,996 [grpc-default-executor-0] INFO  impl.RoleInfo (RoleInfo.java:shutdownFollowerState(121)) - 86838f6f-3dde-42b5-b01a-58c95bf80430: shutdown 86838f6f-3dde-42b5-b01a-58c95bf80430@group-0132FE54E6CF-FollowerState
2025-07-19 06:07:11,996 [86838f6f-3dde-42b5-b01a-58c95bf80430@group-0132FE54E6CF-FollowerState] INFO  impl.FollowerState (FollowerState.java:runImpl(170)) - 86838f6f-3dde-42b5-b01a-58c95bf80430@group-0132FE54E6CF-FollowerState was interrupted
2025-07-19 06:07:11,996 [grpc-default-executor-1] INFO  server.RaftServer$Division (RaftServerImpl.java:setRole(392)) - aa0cb613-fc94-4131-90ab-17bcd78458c4@group-0132FE54E6CF: changes role from  FOLLOWER to FOLLOWER at term 0 for candidate:7e15f5a0-0f8f-4a50-92e4-d2f5038b0085
2025-07-19 06:07:11,997 [grpc-default-executor-1] INFO  impl.RoleInfo (RoleInfo.java:shutdownFollowerState(121)) - aa0cb613-fc94-4131-90ab-17bcd78458c4: shutdown aa0cb613-fc94-4131-90ab-17bcd78458c4@group-0132FE54E6CF-FollowerState
2025-07-19 06:07:11,997 [aa0cb613-fc94-4131-90ab-17bcd78458c4@group-0132FE54E6CF-FollowerState] INFO  impl.FollowerState (FollowerState.java:runImpl(170)) - aa0cb613-fc94-4131-90ab-17bcd78458c4@group-0132FE54E6CF-FollowerState was interrupted
2025-07-19 06:07:11,997 [grpc-default-executor-0] INFO  impl.RoleInfo (RoleInfo.java:updateAndGet(148)) - 86838f6f-3dde-42b5-b01a-58c95bf80430: start 86838f6f-3dde-42b5-b01a-58c95bf80430@group-0132FE54E6CF-FollowerState
2025-07-19 06:07:11,997 [grpc-default-executor-0] INFO  server.RaftServer$Division (RaftServerImpl.java:setFirstElection(576)) - 86838f6f-3dde-42b5-b01a-58c95bf80430@group-0132FE54E6CF: set firstElectionSinceStartup to false for candidate:7e15f5a0-0f8f-4a50-92e4-d2f5038b0085
2025-07-19 06:07:11,999 [grpc-default-executor-1] INFO  impl.RoleInfo (RoleInfo.java:updateAndGet(148)) - aa0cb613-fc94-4131-90ab-17bcd78458c4: start aa0cb613-fc94-4131-90ab-17bcd78458c4@group-0132FE54E6CF-FollowerState
2025-07-19 06:07:11,999 [grpc-default-executor-1] INFO  server.RaftServer$Division (RaftServerImpl.java:setFirstElection(576)) - aa0cb613-fc94-4131-90ab-17bcd78458c4@group-0132FE54E6CF: set firstElectionSinceStartup to false for candidate:7e15f5a0-0f8f-4a50-92e4-d2f5038b0085
2025-07-19 06:07:12,000 [grpc-default-executor-0] INFO  server.RaftServer$Division (RaftServerImpl.java:requestVote(1455)) - 86838f6f-3dde-42b5-b01a-58c95bf80430@group-0132FE54E6CF replies to ELECTION vote request: 7e15f5a0-0f8f-4a50-92e4-d2f5038b0085<-86838f6f-3dde-42b5-b01a-58c95bf80430#0:OK-t1-last:<INITIAL_VALUE>. Peer's state: 86838f6f-3dde-42b5-b01a-58c95bf80430@group-0132FE54E6CF:t1, leader=null, voted=7e15f5a0-0f8f-4a50-92e4-d2f5038b0085, raftlog=Memoized:86838f6f-3dde-42b5-b01a-58c95bf80430@group-0132FE54E6CF-SegmentedRaftLog:OPENED:c-1:lastnull, conf=conf: {index: -1, cur=peers:[7e15f5a0-0f8f-4a50-92e4-d2f5038b0085|127.0.0.1:15015, aa0cb613-fc94-4131-90ab-17bcd78458c4|127.0.0.1:15023, 86838f6f-3dde-42b5-b01a-58c95bf80430|127.0.0.1:15031]|listeners:[], old=null}
2025-07-19 06:07:12,002 [7e15f5a0-0f8f-4a50-92e4-d2f5038b0085@group-0132FE54E6CF-LeaderElection5] INFO  impl.LeaderElection (LeaderElection.java:logAndReturn(206)) - 7e15f5a0-0f8f-4a50-92e4-d2f5038b0085@group-0132FE54E6CF-LeaderElection5: ELECTION PASSED received 1 response(s) and 0 exception(s):
2025-07-19 06:07:12,002 [7e15f5a0-0f8f-4a50-92e4-d2f5038b0085@group-0132FE54E6CF-LeaderElection5] INFO  impl.LeaderElection (LeaderElection.java:logAndReturn(210)) -   Response 0: 7e15f5a0-0f8f-4a50-92e4-d2f5038b0085<-86838f6f-3dde-42b5-b01a-58c95bf80430#0:OK-t1-last:<INITIAL_VALUE>
2025-07-19 06:07:12,002 [7e15f5a0-0f8f-4a50-92e4-d2f5038b0085@group-0132FE54E6CF-LeaderElection5] INFO  impl.LeaderElection (LeaderElection.java:askForVotes(450)) - 7e15f5a0-0f8f-4a50-92e4-d2f5038b0085@group-0132FE54E6CF-LeaderElection5 ELECTION round 0: result PASSED
2025-07-19 06:07:12,002 [7e15f5a0-0f8f-4a50-92e4-d2f5038b0085@group-0132FE54E6CF-LeaderElection5] INFO  impl.RoleInfo (RoleInfo.java:shutdownLeaderElection(141)) - 7e15f5a0-0f8f-4a50-92e4-d2f5038b0085: shutdown 7e15f5a0-0f8f-4a50-92e4-d2f5038b0085@group-0132FE54E6CF-LeaderElection5
2025-07-19 06:07:12,002 [7e15f5a0-0f8f-4a50-92e4-d2f5038b0085@group-0132FE54E6CF-LeaderElection5] INFO  server.RaftServer$Division (RaftServerImpl.java:setRole(392)) - 7e15f5a0-0f8f-4a50-92e4-d2f5038b0085@group-0132FE54E6CF: changes role from CANDIDATE to LEADER at term 1 for changeToLeader
2025-07-19 06:07:12,002 [7e15f5a0-0f8f-4a50-92e4-d2f5038b0085@group-0132FE54E6CF-LeaderElection5] INFO  server.RaftServerConfigKeys (ConfUtils.java:logFallback(69)) - raft.server.staging.timeout = 15600ms (fallback to raft.server.rpc.timeout.max)
2025-07-19 06:07:12,003 [grpc-default-executor-1] INFO  server.RaftServer$Division (RaftServerImpl.java:requestVote(1455)) - aa0cb613-fc94-4131-90ab-17bcd78458c4@group-0132FE54E6CF replies to ELECTION vote request: 7e15f5a0-0f8f-4a50-92e4-d2f5038b0085<-aa0cb613-fc94-4131-90ab-17bcd78458c4#0:OK-t1-last:<INITIAL_VALUE>. Peer's state: aa0cb613-fc94-4131-90ab-17bcd78458c4@group-0132FE54E6CF:t1, leader=null, voted=7e15f5a0-0f8f-4a50-92e4-d2f5038b0085, raftlog=Memoized:aa0cb613-fc94-4131-90ab-17bcd78458c4@group-0132FE54E6CF-SegmentedRaftLog:OPENED:c-1:lastnull, conf=conf: {index: -1, cur=peers:[7e15f5a0-0f8f-4a50-92e4-d2f5038b0085|127.0.0.1:15015, aa0cb613-fc94-4131-90ab-17bcd78458c4|127.0.0.1:15023, 86838f6f-3dde-42b5-b01a-58c95bf80430|127.0.0.1:15031]|listeners:[], old=null}
2025-07-19 06:07:12,003 [7e15f5a0-0f8f-4a50-92e4-d2f5038b0085@group-0132FE54E6CF-LeaderElection5] INFO  server.RaftServerConfigKeys (ConfUtils.java:logGet(62)) - raft.server.write.byte-limit = 1024 M (=1073741824) (custom)
2025-07-19 06:07:12,012 [7e15f5a0-0f8f-4a50-92e4-d2f5038b0085@group-0132FE54E6CF-LeaderElection5] INFO  server.RaftServerConfigKeys (ConfUtils.java:logGet(62)) - raft.server.log.appender.snapshot.chunk.size.max = 16MB (=16777216) (default)
2025-07-19 06:07:12,012 [7e15f5a0-0f8f-4a50-92e4-d2f5038b0085@group-5117D64484D9-FollowerState] INFO  impl.FollowerState (FollowerState.java:runImpl(161)) - 7e15f5a0-0f8f-4a50-92e4-d2f5038b0085@group-5117D64484D9-FollowerState: change to CANDIDATE, lastRpcElapsedTime:1194043405ns, electionTimeout:1193ms
2025-07-19 06:07:12,013 [7e15f5a0-0f8f-4a50-92e4-d2f5038b0085@group-5117D64484D9-FollowerState] INFO  impl.RoleInfo (RoleInfo.java:shutdownFollowerState(121)) - 7e15f5a0-0f8f-4a50-92e4-d2f5038b0085: shutdown 7e15f5a0-0f8f-4a50-92e4-d2f5038b0085@group-5117D64484D9-FollowerState
2025-07-19 06:07:12,013 [7e15f5a0-0f8f-4a50-92e4-d2f5038b0085@group-5117D64484D9-FollowerState] INFO  server.RaftServer$Division (RaftServerImpl.java:setRole(392)) - 7e15f5a0-0f8f-4a50-92e4-d2f5038b0085@group-5117D64484D9: changes role from  FOLLOWER to CANDIDATE at term 0 for changeToCandidate
2025-07-19 06:07:12,013 [7e15f5a0-0f8f-4a50-92e4-d2f5038b0085@group-0132FE54E6CF-LeaderElection5] INFO  server.RaftServerConfigKeys (ConfUtils.java:logGet(62)) - raft.server.log.appender.buffer.byte-limit = 33554432 (custom)
2025-07-19 06:07:12,013 [7e15f5a0-0f8f-4a50-92e4-d2f5038b0085@group-0132FE54E6CF-LeaderElection5] INFO  server.RaftServerConfigKeys (ConfUtils.java:logGet(62)) - raft.server.log.appender.buffer.element-limit = 1024 (custom)
2025-07-19 06:07:12,013 [7e15f5a0-0f8f-4a50-92e4-d2f5038b0085@group-5117D64484D9-FollowerState] INFO  impl.RoleInfo (RoleInfo.java:updateAndGet(148)) - 7e15f5a0-0f8f-4a50-92e4-d2f5038b0085: start 7e15f5a0-0f8f-4a50-92e4-d2f5038b0085@group-5117D64484D9-LeaderElection6
2025-07-19 06:07:12,015 [7e15f5a0-0f8f-4a50-92e4-d2f5038b0085@group-0132FE54E6CF-LeaderElection5] INFO  server.RaftServerConfigKeys (ConfUtils.java:logGet(62)) - raft.server.log.appender.wait-time.min = 0ms (custom)
2025-07-19 06:07:12,016 [7e15f5a0-0f8f-4a50-92e4-d2f5038b0085@group-0132FE54E6CF-LeaderElection5] INFO  grpc.GrpcConfigKeys (ConfUtils.java:logGet(62)) - raft.grpc.server.leader.outstanding.appends.max = 8 (default)
2025-07-19 06:07:12,016 [7e15f5a0-0f8f-4a50-92e4-d2f5038b0085@group-5117D64484D9-LeaderElection6] INFO  impl.LeaderElection (LeaderElection.java:askForVotes(448)) - 7e15f5a0-0f8f-4a50-92e4-d2f5038b0085@group-5117D64484D9-LeaderElection6 PRE_VOTE round 0: submit vote requests at term 0 for conf: {index: -1, cur=peers:[7e15f5a0-0f8f-4a50-92e4-d2f5038b0085|127.0.0.1:15015]|listeners:[], old=null}
2025-07-19 06:07:12,016 [7e15f5a0-0f8f-4a50-92e4-d2f5038b0085@group-5117D64484D9-LeaderElection6] INFO  impl.LeaderElection (LeaderElection.java:askForVotes(450)) - 7e15f5a0-0f8f-4a50-92e4-d2f5038b0085@group-5117D64484D9-LeaderElection6 PRE_VOTE round 0: result PASSED (term=0)
2025-07-19 06:07:12,016 [7e15f5a0-0f8f-4a50-92e4-d2f5038b0085@group-0132FE54E6CF-LeaderElection5] INFO  grpc.GrpcConfigKeys (ConfUtils.java:logGet(62)) - raft.grpc.server.install_snapshot.request.element-limit = 8 (default)
2025-07-19 06:07:12,017 [7e15f5a0-0f8f-4a50-92e4-d2f5038b0085@group-0132FE54E6CF-LeaderElection5] INFO  grpc.GrpcConfigKeys (ConfUtils.java:logGet(62)) - raft.grpc.server.install_snapshot.request.timeout = 3000ms (default)
2025-07-19 06:07:12,017 [7e15f5a0-0f8f-4a50-92e4-d2f5038b0085@group-0132FE54E6CF-LeaderElection5] INFO  grpc.GrpcConfigKeys (ConfUtils.java:logGet(62)) - raft.grpc.server.log-message.batch.duration = 5s (default)
2025-07-19 06:07:12,020 [7e15f5a0-0f8f-4a50-92e4-d2f5038b0085@group-5117D64484D9-LeaderElection6] INFO  impl.LeaderElection (LeaderElection.java:askForVotes(448)) - 7e15f5a0-0f8f-4a50-92e4-d2f5038b0085@group-5117D64484D9-LeaderElection6 ELECTION round 0: submit vote requests at term 1 for conf: {index: -1, cur=peers:[7e15f5a0-0f8f-4a50-92e4-d2f5038b0085|127.0.0.1:15015]|listeners:[], old=null}
2025-07-19 06:07:12,025 [7e15f5a0-0f8f-4a50-92e4-d2f5038b0085@group-5117D64484D9-LeaderElection6] INFO  impl.LeaderElection (LeaderElection.java:askForVotes(450)) - 7e15f5a0-0f8f-4a50-92e4-d2f5038b0085@group-5117D64484D9-LeaderElection6 ELECTION round 0: result PASSED (term=1)
2025-07-19 06:07:12,025 [7e15f5a0-0f8f-4a50-92e4-d2f5038b0085@group-5117D64484D9-LeaderElection6] INFO  impl.RoleInfo (RoleInfo.java:shutdownLeaderElection(141)) - 7e15f5a0-0f8f-4a50-92e4-d2f5038b0085: shutdown 7e15f5a0-0f8f-4a50-92e4-d2f5038b0085@group-5117D64484D9-LeaderElection6
2025-07-19 06:07:12,025 [7e15f5a0-0f8f-4a50-92e4-d2f5038b0085@group-5117D64484D9-LeaderElection6] INFO  server.RaftServer$Division (RaftServerImpl.java:setRole(392)) - 7e15f5a0-0f8f-4a50-92e4-d2f5038b0085@group-5117D64484D9: changes role from CANDIDATE to LEADER at term 1 for changeToLeader
2025-07-19 06:07:12,025 [7e15f5a0-0f8f-4a50-92e4-d2f5038b0085@group-5117D64484D9-LeaderElection6] INFO  server.RaftServerConfigKeys (ConfUtils.java:logFallback(69)) - raft.server.staging.timeout = 15600ms (fallback to raft.server.rpc.timeout.max)
2025-07-19 06:07:12,026 [7e15f5a0-0f8f-4a50-92e4-d2f5038b0085@group-5117D64484D9-LeaderElection6] INFO  server.RaftServerConfigKeys (ConfUtils.java:logGet(62)) - raft.server.write.byte-limit = 1024 M (=1073741824) (custom)
2025-07-19 06:07:12,027 [7e15f5a0-0f8f-4a50-92e4-d2f5038b0085@group-5117D64484D9-LeaderElection6] INFO  impl.RoleInfo (RoleInfo.java:updateAndGet(148)) - 7e15f5a0-0f8f-4a50-92e4-d2f5038b0085: start 7e15f5a0-0f8f-4a50-92e4-d2f5038b0085@group-5117D64484D9-LeaderStateImpl
2025-07-19 06:07:12,027 [7e15f5a0-0f8f-4a50-92e4-d2f5038b0085@group-5117D64484D9-LeaderElection6] INFO  server.RaftServer$Division (RaftServerImpl.java:setFirstElection(576)) - 7e15f5a0-0f8f-4a50-92e4-d2f5038b0085@group-5117D64484D9: set firstElectionSinceStartup to false for becomeLeader
2025-07-19 06:07:12,027 [7e15f5a0-0f8f-4a50-92e4-d2f5038b0085@group-5117D64484D9-LeaderElection6] INFO  ratis.XceiverServerRatis (XceiverServerRatis.java:handleLeaderChangedNotification(944)) - Leader change notification received for group: group-5117D64484D9 with new leaderId: 7e15f5a0-0f8f-4a50-92e4-d2f5038b0085
2025-07-19 06:07:12,027 [7e15f5a0-0f8f-4a50-92e4-d2f5038b0085@group-5117D64484D9-LeaderElection6] INFO  server.RaftServer$Division (ServerState.java:setLeader(272)) - 7e15f5a0-0f8f-4a50-92e4-d2f5038b0085@group-5117D64484D9: change Leader from null to 7e15f5a0-0f8f-4a50-92e4-d2f5038b0085 at term 1 for becomeLeader, leader elected after 1237ms
2025-07-19 06:07:12,027 [7e15f5a0-0f8f-4a50-92e4-d2f5038b0085@group-5117D64484D9-LeaderElection6] INFO  segmented.SegmentedRaftLogWorker (SegmentedRaftLogWorker.java:startLogSegment(440)) - 7e15f5a0-0f8f-4a50-92e4-d2f5038b0085@group-5117D64484D9-SegmentedRaftLogWorker: Starting segment from index:0
2025-07-19 06:07:12,021 [7e15f5a0-0f8f-4a50-92e4-d2f5038b0085@group-0132FE54E6CF-LeaderElection5] INFO  server.RaftServerConfigKeys (ConfUtils.java:logGet(62)) - raft.server.log.appender.buffer.byte-limit = 33554432 (custom)
2025-07-19 06:07:12,028 [7e15f5a0-0f8f-4a50-92e4-d2f5038b0085@group-0132FE54E6CF-LeaderElection5] INFO  impl.RoleInfo (RoleInfo.java:updateAndGet(148)) - 7e15f5a0-0f8f-4a50-92e4-d2f5038b0085: start 7e15f5a0-0f8f-4a50-92e4-d2f5038b0085@group-0132FE54E6CF-LeaderStateImpl
2025-07-19 06:07:12,028 [7e15f5a0-0f8f-4a50-92e4-d2f5038b0085@group-0132FE54E6CF-LeaderElection5] INFO  server.RaftServer$Division (RaftServerImpl.java:setFirstElection(576)) - 7e15f5a0-0f8f-4a50-92e4-d2f5038b0085@group-0132FE54E6CF: set firstElectionSinceStartup to false for becomeLeader
2025-07-19 06:07:12,028 [7e15f5a0-0f8f-4a50-92e4-d2f5038b0085@group-0132FE54E6CF-LeaderElection5] INFO  ratis.XceiverServerRatis (XceiverServerRatis.java:handleLeaderChangedNotification(944)) - Leader change notification received for group: group-0132FE54E6CF with new leaderId: 7e15f5a0-0f8f-4a50-92e4-d2f5038b0085
2025-07-19 06:07:12,028 [7e15f5a0-0f8f-4a50-92e4-d2f5038b0085@group-0132FE54E6CF-LeaderElection5] INFO  server.RaftServer$Division (ServerState.java:setLeader(272)) - 7e15f5a0-0f8f-4a50-92e4-d2f5038b0085@group-0132FE54E6CF: change Leader from null to 7e15f5a0-0f8f-4a50-92e4-d2f5038b0085 at term 1 for becomeLeader, leader elected after 1204ms
2025-07-19 06:07:12,029 [7e15f5a0-0f8f-4a50-92e4-d2f5038b0085@group-0132FE54E6CF-LeaderElection5] INFO  segmented.SegmentedRaftLogWorker (SegmentedRaftLogWorker.java:startLogSegment(440)) - 7e15f5a0-0f8f-4a50-92e4-d2f5038b0085@group-0132FE54E6CF-SegmentedRaftLogWorker: Starting segment from index:0
2025-07-19 06:07:12,029 [7e15f5a0-0f8f-4a50-92e4-d2f5038b0085@group-0132FE54E6CF-LeaderElection5] INFO  server.RaftServer$Division (ServerState.java:setRaftConf(386)) - 7e15f5a0-0f8f-4a50-92e4-d2f5038b0085@group-0132FE54E6CF: set configuration conf: {index: 0, cur=peers:[7e15f5a0-0f8f-4a50-92e4-d2f5038b0085|127.0.0.1:15015, aa0cb613-fc94-4131-90ab-17bcd78458c4|127.0.0.1:15023, 86838f6f-3dde-42b5-b01a-58c95bf80430|127.0.0.1:15031]|listeners:[], old=null}
2025-07-19 06:07:12,030 [EventQueue-PipelineReportForOneReplicaPipelineSafeModeRule] INFO  safemode.SCMSafeModeManager (SCMSafeModeManager.java:validateSafeModeExitRules(138)) - AtleastOneDatanodeReportedRule rule is successfully validated
2025-07-19 06:07:12,030 [7e15f5a0-0f8f-4a50-92e4-d2f5038b0085@group-5117D64484D9-SegmentedRaftLogWorker] INFO  segmented.BufferedWriteChannel (BufferedWriteChannel.java:open(61)) - open log_inprogress_0 at position 0
2025-07-19 06:07:12,030 [EventQueue-PipelineReportForOneReplicaPipelineSafeModeRule] INFO  safemode.SCMSafeModeManager (SCMSafeModeManager.java:validateSafeModeExitRules(138)) - AtleastOneDatanodeReportedRule rule is successfully validated
2025-07-19 06:07:12,031 [7e15f5a0-0f8f-4a50-92e4-d2f5038b0085@group-0132FE54E6CF-SegmentedRaftLogWorker] INFO  segmented.BufferedWriteChannel (BufferedWriteChannel.java:open(61)) - open log_inprogress_0 at position 0
2025-07-19 06:07:12,033 [7e15f5a0-0f8f-4a50-92e4-d2f5038b0085@group-5117D64484D9-LeaderElection6] INFO  server.RaftServer$Division (ServerState.java:setRaftConf(386)) - 7e15f5a0-0f8f-4a50-92e4-d2f5038b0085@group-5117D64484D9: set configuration conf: {index: 0, cur=peers:[7e15f5a0-0f8f-4a50-92e4-d2f5038b0085|127.0.0.1:15015]|listeners:[], old=null}
2025-07-19 06:07:12,035 [EventQueue-PipelineReportForOneReplicaPipelineSafeModeRule] INFO  safemode.SCMSafeModeManager (SCMSafeModeManager.java:validateSafeModeExitRules(138)) - AtleastOneDatanodeReportedRule rule is successfully validated
2025-07-19 06:07:12,040 [885623d6-9da4-492b-a87d-998872f93ab6@group-5AEC6DEFAA36-StateMachineUpdater] INFO  safemode.SCMSafeModeManager (SCMSafeModeManager.java:validateSafeModeExitRules(138)) - DataNodeSafeModeRule rule is successfully validated
2025-07-19 06:07:12,041 [885623d6-9da4-492b-a87d-998872f93ab6@group-5AEC6DEFAA36-StateMachineUpdater] INFO  safemode.SCMSafeModeManager (SCMSafeModeManager.java:validateSafeModeExitRules(138)) - RatisContainerSafeModeRule rule is successfully validated
2025-07-19 06:07:12,041 [885623d6-9da4-492b-a87d-998872f93ab6@group-5AEC6DEFAA36-StateMachineUpdater] INFO  safemode.HealthyPipelineSafeModeRule (HealthyPipelineSafeModeRule.java:initializeRule(228)) - Refreshed total pipeline count is 1, healthy pipeline threshold count is 1
2025-07-19 06:07:12,041 [885623d6-9da4-492b-a87d-998872f93ab6@group-5AEC6DEFAA36-StateMachineUpdater] INFO  safemode.SCMSafeModeManager (SCMSafeModeManager.java:validateSafeModeExitRules(138)) - ECContainerSafeModeRule rule is successfully validated
2025-07-19 06:07:12,041 [885623d6-9da4-492b-a87d-998872f93ab6@group-5AEC6DEFAA36-StateMachineUpdater] INFO  safemode.SCMSafeModeManager (SCMSafeModeManager.java:validateSafeModeExitRules(138)) - AtleastOneDatanodeReportedRule rule is successfully validated
2025-07-19 06:07:12,041 [EventQueue-PipelineReportForPipelineReportHandler] INFO  pipeline.PipelineReportHandler (PipelineReportHandler.java:processPipelineReport(134)) - Opened pipeline Pipeline-a1dcb70a-c8f9-4212-ac4f-0132fe54e6cf
2025-07-19 06:07:12,042 [EventQueue-OpenPipelineForHealthyPipelineSafeModeRule] INFO  safemode.SCMSafeModeManager (HealthyPipelineSafeModeRule.java:process(196)) - SCM in safe mode. Healthy pipelines reported count is 1, required healthy pipeline reported count is 1
2025-07-19 06:07:12,042 [EventQueue-OpenPipelineForHealthyPipelineSafeModeRule] INFO  safemode.SCMSafeModeManager (SCMSafeModeManager.java:validateSafeModeExitRules(138)) - HealthyPipelineSafeModeRule rule is successfully validated
2025-07-19 06:07:12,042 [EventQueue-OpenPipelineForHealthyPipelineSafeModeRule] INFO  safemode.SCMSafeModeManager (SCMSafeModeManager.java:validateSafeModeExitRules(158)) - ScmSafeModeManager, all rules are successfully validated
2025-07-19 06:07:12,042 [EventQueue-OpenPipelineForHealthyPipelineSafeModeRule] INFO  safemode.SCMSafeModeManager (SCMSafeModeManager.java:validateSafeModeExitRules(159)) - SCM exiting safe mode.
2025-07-19 06:07:12,042 [EventQueue-OpenPipelineForHealthyPipelineSafeModeRule] INFO  ha.SCMContext (SCMContext.java:updateSafeModeStatus(224)) - Update SafeModeStatus from SafeModeStatus{safeModeStatus=true, preCheckPassed=true} to SafeModeStatus{safeModeStatus=false, preCheckPassed=true}.
2025-07-19 06:07:12,045 [EventQueue-OpenPipelineForHealthyPipelineSafeModeRule] INFO  BackgroundPipelineScrubber (BackgroundSCMService.java:notifyStatusChanged(78)) - Service BackgroundPipelineScrubber transitions to RUNNING.
2025-07-19 06:07:12,045 [EventQueue-OpenPipelineForHealthyPipelineSafeModeRule] INFO  ExpiredContainerReplicaOpScrubber (BackgroundSCMService.java:notifyStatusChanged(78)) - Service ExpiredContainerReplicaOpScrubber transitions to RUNNING.
2025-07-19 06:07:12,045 [EventQueue-OpenPipelineForHealthyPipelineSafeModeRule] INFO  block.SCMBlockDeletingService (SCMBlockDeletingService.java:notifyStatusChanged(265)) - notifyStatusChanged:RUNNING
2025-07-19 06:07:12,045 [EventQueue-OpenPipelineForHealthyPipelineSafeModeRule] INFO  replication.ReplicationManager (ReplicationManager.java:notifyStatusChanged(1387)) - Service ReplicationManager transitions to RUNNING.
2025-07-19 06:07:12,043 [7e15f5a0-0f8f-4a50-92e4-d2f5038b0085@group-5117D64484D9-SegmentedRaftLogWorker] INFO  segmented.SegmentedRaftLogWorker (SegmentedRaftLogWorker.java:execute(647)) - 7e15f5a0-0f8f-4a50-92e4-d2f5038b0085@group-5117D64484D9-SegmentedRaftLogWorker: created new log segment /home/runner/work/ozone/ozone/hadoop-ozone/integration-test/target/test-dir/MiniOzoneClusterImpl-09c4c6e1-5ab0-4195-ac7b-5aec6defaa36/ozone-meta/datanode-1/ratis/88b7bdbc-1734-442a-b4e1-5117d64484d9/current/log_inprogress_0
2025-07-19 06:07:12,043 [7e15f5a0-0f8f-4a50-92e4-d2f5038b0085@group-0132FE54E6CF-SegmentedRaftLogWorker] INFO  segmented.SegmentedRaftLogWorker (SegmentedRaftLogWorker.java:execute(647)) - 7e15f5a0-0f8f-4a50-92e4-d2f5038b0085@group-0132FE54E6CF-SegmentedRaftLogWorker: created new log segment /home/runner/work/ozone/ozone/hadoop-ozone/integration-test/target/test-dir/MiniOzoneClusterImpl-09c4c6e1-5ab0-4195-ac7b-5aec6defaa36/ozone-meta/datanode-1/ratis/a1dcb70a-c8f9-4212-ac4f-0132fe54e6cf/current/log_inprogress_0
2025-07-19 06:07:12,051 [7e15f5a0-0f8f-4a50-92e4-d2f5038b0085@group-5117D64484D9-StateMachineUpdater] INFO  server.RaftServer$Division (LeaderStateImpl.java:checkStartIndex(309)) - Leader 7e15f5a0-0f8f-4a50-92e4-d2f5038b0085@group-5117D64484D9-LeaderStateImpl is ready since appliedIndex == startIndex == 0
2025-07-19 06:07:12,051 [7e15f5a0-0f8f-4a50-92e4-d2f5038b0085@group-5117D64484D9-StateMachineUpdater] INFO  ratis.ContainerStateMachine (ContainerStateMachine.java:takeSnapshot(427)) - group-5117D64484D9: Taking a snapshot at:(t:1, i:0) file /home/runner/work/ozone/ozone/hadoop-ozone/integration-test/target/test-dir/MiniOzoneClusterImpl-09c4c6e1-5ab0-4195-ac7b-5aec6defaa36/ozone-meta/datanode-1/ratis/88b7bdbc-1734-442a-b4e1-5117d64484d9/sm/snapshot.1_0
2025-07-19 06:07:12,054 [EventQueue-OpenPipelineForHealthyPipelineSafeModeRule] WARN  balancer.ContainerBalancer (ContainerBalancer.java:shouldRun(136)) - Could not find persisted configuration for ContainerBalancer when checking if ContainerBalancer should run. ContainerBalancer should not run now.
2025-07-19 06:07:12,055 [EventQueue-OpenPipelineForHealthyPipelineSafeModeRule] INFO  SCMHATransactionMonitor (BackgroundSCMService.java:notifyStatusChanged(78)) - Service SCMHATransactionMonitor transitions to RUNNING.
2025-07-19 06:07:12,069 [grpc-default-executor-6] INFO  ratis.XceiverServerRatis (XceiverServerRatis.java:handleLeaderChangedNotification(944)) - Leader change notification received for group: group-0132FE54E6CF with new leaderId: 7e15f5a0-0f8f-4a50-92e4-d2f5038b0085
2025-07-19 06:07:12,069 [grpc-default-executor-8] INFO  ratis.XceiverServerRatis (XceiverServerRatis.java:handleLeaderChangedNotification(944)) - Leader change notification received for group: group-0132FE54E6CF with new leaderId: 7e15f5a0-0f8f-4a50-92e4-d2f5038b0085
2025-07-19 06:07:12,070 [grpc-default-executor-8] INFO  server.RaftServer$Division (ServerState.java:setLeader(272)) - aa0cb613-fc94-4131-90ab-17bcd78458c4@group-0132FE54E6CF: change Leader from null to 7e15f5a0-0f8f-4a50-92e4-d2f5038b0085 at term 1 for appendEntries, leader elected after 1189ms
2025-07-19 06:07:12,071 [grpc-default-executor-6] INFO  server.RaftServer$Division (ServerState.java:setLeader(272)) - 86838f6f-3dde-42b5-b01a-58c95bf80430@group-0132FE54E6CF: change Leader from null to 7e15f5a0-0f8f-4a50-92e4-d2f5038b0085 at term 1 for appendEntries, leader elected after 895ms
2025-07-19 06:07:12,076 [grpc-default-executor-2] INFO  server.RaftServer$Division (ServerState.java:setRaftConf(386)) - aa0cb613-fc94-4131-90ab-17bcd78458c4@group-0132FE54E6CF: set configuration conf: {index: 0, cur=peers:[7e15f5a0-0f8f-4a50-92e4-d2f5038b0085|127.0.0.1:15015, aa0cb613-fc94-4131-90ab-17bcd78458c4|127.0.0.1:15023, 86838f6f-3dde-42b5-b01a-58c95bf80430|127.0.0.1:15031]|listeners:[], old=null}
2025-07-19 06:07:12,078 [grpc-default-executor-2] INFO  segmented.SegmentedRaftLogWorker (SegmentedRaftLogWorker.java:startLogSegment(440)) - aa0cb613-fc94-4131-90ab-17bcd78458c4@group-0132FE54E6CF-SegmentedRaftLogWorker: Starting segment from index:0
2025-07-19 06:07:12,081 [aa0cb613-fc94-4131-90ab-17bcd78458c4@group-0132FE54E6CF-SegmentedRaftLogWorker] INFO  segmented.BufferedWriteChannel (BufferedWriteChannel.java:open(61)) - open log_inprogress_0 at position 0
2025-07-19 06:07:12,087 [grpc-default-executor-4] INFO  server.RaftServer$Division (ServerState.java:setRaftConf(386)) - 86838f6f-3dde-42b5-b01a-58c95bf80430@group-0132FE54E6CF: set configuration conf: {index: 0, cur=peers:[7e15f5a0-0f8f-4a50-92e4-d2f5038b0085|127.0.0.1:15015, aa0cb613-fc94-4131-90ab-17bcd78458c4|127.0.0.1:15023, 86838f6f-3dde-42b5-b01a-58c95bf80430|127.0.0.1:15031]|listeners:[], old=null}
2025-07-19 06:07:12,090 [grpc-default-executor-4] INFO  segmented.SegmentedRaftLogWorker (SegmentedRaftLogWorker.java:startLogSegment(440)) - 86838f6f-3dde-42b5-b01a-58c95bf80430@group-0132FE54E6CF-SegmentedRaftLogWorker: Starting segment from index:0
2025-07-19 06:07:12,089 [e80b39d0-2325-4ff7-b450-1b10ae88e746-PipelineCommandHandlerThread-0] INFO  server.RaftServer (RaftServerProxy.java:addNew(105)) - e80b39d0-2325-4ff7-b450-1b10ae88e746: addNew group-1FC0D4C9CD23:[e80b39d0-2325-4ff7-b450-1b10ae88e746|127.0.0.1:15055] returns group-1FC0D4C9CD23:java.util.concurrent.CompletableFuture@2d49cfe0[Not completed]
2025-07-19 06:07:12,092 [e80b39d0-2325-4ff7-b450-1b10ae88e746-groupManagement] INFO  server.RaftServer$Division (RaftServerImpl.java:<init>(268)) - e80b39d0-2325-4ff7-b450-1b10ae88e746: new RaftServerImpl for group-1FC0D4C9CD23:[e80b39d0-2325-4ff7-b450-1b10ae88e746|127.0.0.1:15055] with ContainerStateMachine:uninitialized
2025-07-19 06:07:12,093 [e80b39d0-2325-4ff7-b450-1b10ae88e746-groupManagement] INFO  server.RaftServer$Division (ServerState.java:<init>(114)) - e80b39d0-2325-4ff7-b450-1b10ae88e746@group-1FC0D4C9CD23: ConfigurationManager, init=conf: {index: -1, cur=peers:[e80b39d0-2325-4ff7-b450-1b10ae88e746|127.0.0.1:15055]|listeners:[], old=null}, confs=<EMPTY_MAP>
2025-07-19 06:07:12,092 [86838f6f-3dde-42b5-b01a-58c95bf80430@group-0132FE54E6CF-SegmentedRaftLogWorker] INFO  segmented.BufferedWriteChannel (BufferedWriteChannel.java:open(61)) - open log_inprogress_0 at position 0
2025-07-19 06:07:12,095 [aa0cb613-fc94-4131-90ab-17bcd78458c4@group-0132FE54E6CF-SegmentedRaftLogWorker] INFO  segmented.SegmentedRaftLogWorker (SegmentedRaftLogWorker.java:execute(647)) - aa0cb613-fc94-4131-90ab-17bcd78458c4@group-0132FE54E6CF-SegmentedRaftLogWorker: created new log segment /home/runner/work/ozone/ozone/hadoop-ozone/integration-test/target/test-dir/MiniOzoneClusterImpl-09c4c6e1-5ab0-4195-ac7b-5aec6defaa36/ozone-meta/datanode-2/ratis/a1dcb70a-c8f9-4212-ac4f-0132fe54e6cf/current/log_inprogress_0
2025-07-19 06:07:12,108 [7e15f5a0-0f8f-4a50-92e4-d2f5038b0085@group-0132FE54E6CF-StateMachineUpdater] INFO  server.RaftServer$Division (LeaderStateImpl.java:checkStartIndex(309)) - Leader 7e15f5a0-0f8f-4a50-92e4-d2f5038b0085@group-0132FE54E6CF-LeaderStateImpl is ready since appliedIndex == startIndex == 0
2025-07-19 06:07:12,108 [7e15f5a0-0f8f-4a50-92e4-d2f5038b0085@group-0132FE54E6CF-StateMachineUpdater] INFO  ratis.ContainerStateMachine (ContainerStateMachine.java:takeSnapshot(427)) - group-0132FE54E6CF: Taking a snapshot at:(t:1, i:0) file /home/runner/work/ozone/ozone/hadoop-ozone/integration-test/target/test-dir/MiniOzoneClusterImpl-09c4c6e1-5ab0-4195-ac7b-5aec6defaa36/ozone-meta/datanode-1/ratis/a1dcb70a-c8f9-4212-ac4f-0132fe54e6cf/sm/snapshot.1_0
2025-07-19 06:07:12,112 [e80b39d0-2325-4ff7-b450-1b10ae88e746-groupManagement] INFO  server.RaftServerConfigKeys (ConfUtils.java:logGet(62)) - raft.server.storage.dir = [/home/runner/work/ozone/ozone/hadoop-ozone/integration-test/target/test-dir/MiniOzoneClusterImpl-09c4c6e1-5ab0-4195-ac7b-5aec6defaa36/ozone-meta/datanode-6/ratis] (custom)
2025-07-19 06:07:12,112 [e80b39d0-2325-4ff7-b450-1b10ae88e746-groupManagement] INFO  storage.RaftStorageDirectory (RaftStorageDirectoryImpl.java:analyzeStorage(138)) - The storage directory /home/runner/work/ozone/ozone/hadoop-ozone/integration-test/target/test-dir/MiniOzoneClusterImpl-09c4c6e1-5ab0-4195-ac7b-5aec6defaa36/ozone-meta/datanode-6/ratis/8a1a2c78-8c8f-4f34-958b-1fc0d4c9cd23 does not exist. Creating ...
2025-07-19 06:07:12,114 [e80b39d0-2325-4ff7-b450-1b10ae88e746-groupManagement] INFO  storage.RaftStorageDirectory (RaftStorageDirectoryImpl.java:tryLock(229)) - Lock on /home/runner/work/ozone/ozone/hadoop-ozone/integration-test/target/test-dir/MiniOzoneClusterImpl-09c4c6e1-5ab0-4195-ac7b-5aec6defaa36/ozone-meta/datanode-6/ratis/8a1a2c78-8c8f-4f34-958b-1fc0d4c9cd23/in_use.lock acquired by nodename 18124@localhost
2025-07-19 06:07:12,115 [86838f6f-3dde-42b5-b01a-58c95bf80430@group-0132FE54E6CF-SegmentedRaftLogWorker] INFO  segmented.SegmentedRaftLogWorker (SegmentedRaftLogWorker.java:execute(647)) - 86838f6f-3dde-42b5-b01a-58c95bf80430@group-0132FE54E6CF-SegmentedRaftLogWorker: created new log segment /home/runner/work/ozone/ozone/hadoop-ozone/integration-test/target/test-dir/MiniOzoneClusterImpl-09c4c6e1-5ab0-4195-ac7b-5aec6defaa36/ozone-meta/datanode-3/ratis/a1dcb70a-c8f9-4212-ac4f-0132fe54e6cf/current/log_inprogress_0
2025-07-19 06:07:12,117 [e80b39d0-2325-4ff7-b450-1b10ae88e746-groupManagement] INFO  storage.RaftStorage (RaftStorageImpl.java:format(98)) - Storage directory /home/runner/work/ozone/ozone/hadoop-ozone/integration-test/target/test-dir/MiniOzoneClusterImpl-09c4c6e1-5ab0-4195-ac7b-5aec6defaa36/ozone-meta/datanode-6/ratis/8a1a2c78-8c8f-4f34-958b-1fc0d4c9cd23 has been successfully formatted.
2025-07-19 06:07:12,118 [e80b39d0-2325-4ff7-b450-1b10ae88e746-groupManagement] INFO  ratis.ContainerStateMachine (ContainerStateMachine.java:initialize(339)) - e80b39d0-2325-4ff7-b450-1b10ae88e746: initialize group-1FC0D4C9CD23
2025-07-19 06:07:12,118 [e80b39d0-2325-4ff7-b450-1b10ae88e746-groupManagement] INFO  ratis.ContainerStateMachine (ContainerStateMachine.java:loadSnapshot(347)) - group-1FC0D4C9CD23: The snapshot info is null. Setting the last applied index to:<INITIAL_VALUE>
2025-07-19 06:07:12,119 [e80b39d0-2325-4ff7-b450-1b10ae88e746-groupManagement] INFO  server.RaftServerConfigKeys (ConfUtils.java:logGet(62)) - raft.server.log.appender.buffer.byte-limit = 33554432 (custom)
2025-07-19 06:07:12,122 [e80b39d0-2325-4ff7-b450-1b10ae88e746-groupManagement] INFO  server.RaftServerConfigKeys (ConfUtils.java:logGet(62)) - raft.server.log.segment.size.max = 67108864 (custom)
2025-07-19 06:07:12,123 [e80b39d0-2325-4ff7-b450-1b10ae88e746-groupManagement] INFO  server.RaftServerConfigKeys (ConfUtils.java:logGet(62)) - raft.server.log.appender.buffer.byte-limit = 33554432 (custom)
2025-07-19 06:07:12,124 [e80b39d0-2325-4ff7-b450-1b10ae88e746-groupManagement] INFO  util.AwaitToRun (AwaitToRun.java:start(81)) - Thread[#1315,e80b39d0-2325-4ff7-b450-1b10ae88e746@group-1FC0D4C9CD23-cacheEviction-AwaitToRun,5,main] started
2025-07-19 06:07:12,124 [e80b39d0-2325-4ff7-b450-1b10ae88e746-groupManagement] INFO  segmented.SegmentedRaftLogWorker (SegmentedRaftLogWorker.java:<init>(190)) - new e80b39d0-2325-4ff7-b450-1b10ae88e746@group-1FC0D4C9CD23-SegmentedRaftLogWorker for RaftStorageImpl:Storage Directory /home/runner/work/ozone/ozone/hadoop-ozone/integration-test/target/test-dir/MiniOzoneClusterImpl-09c4c6e1-5ab0-4195-ac7b-5aec6defaa36/ozone-meta/datanode-6/ratis/8a1a2c78-8c8f-4f34-958b-1fc0d4c9cd23
2025-07-19 06:07:12,125 [e80b39d0-2325-4ff7-b450-1b10ae88e746-groupManagement] INFO  server.RaftServerConfigKeys (ConfUtils.java:logGet(62)) - raft.server.log.queue.byte-limit = 4294967296 (custom)
2025-07-19 06:07:12,125 [e80b39d0-2325-4ff7-b450-1b10ae88e746-groupManagement] INFO  server.RaftServerConfigKeys (ConfUtils.java:logGet(62)) - raft.server.log.segment.size.max = 67108864 (custom)
2025-07-19 06:07:12,125 [e80b39d0-2325-4ff7-b450-1b10ae88e746-groupManagement] INFO  server.RaftServerConfigKeys (ConfUtils.java:logGet(62)) - raft.server.log.preallocated.size = 4194304 (custom)
2025-07-19 06:07:12,125 [e80b39d0-2325-4ff7-b450-1b10ae88e746-groupManagement] INFO  server.RaftServerConfigKeys (ConfUtils.java:logGet(62)) - raft.server.log.write.buffer.size = 33554440 (custom)
2025-07-19 06:07:12,126 [EventQueue-PipelineReportForPipelineReportHandler] INFO  pipeline.PipelineReportHandler (PipelineReportHandler.java:processPipelineReport(134)) - Opened pipeline Pipeline-8a1a2c78-8c8f-4f34-958b-1fc0d4c9cd23
2025-07-19 06:07:12,131 [e80b39d0-2325-4ff7-b450-1b10ae88e746-groupManagement] INFO  server.RaftServerConfigKeys (ConfUtils.java:logGet(62)) - raft.server.log.appender.buffer.byte-limit = 33554432 (custom)
2025-07-19 06:07:12,132 [e80b39d0-2325-4ff7-b450-1b10ae88e746-groupManagement] INFO  segmented.SegmentedRaftLogWorker (SegmentedRaftLogWorker.java:lambda$new$0(141)) - e80b39d0-2325-4ff7-b450-1b10ae88e746@group-1FC0D4C9CD23-SegmentedRaftLogWorker: flushIndex: setUnconditionally 0 -> -1
2025-07-19 06:07:12,133 [e80b39d0-2325-4ff7-b450-1b10ae88e746-groupManagement] INFO  segmented.SegmentedRaftLogWorker (SegmentedRaftLogWorker.java:lambda$new$0(141)) - e80b39d0-2325-4ff7-b450-1b10ae88e746@group-1FC0D4C9CD23-SegmentedRaftLogWorker: safeCacheEvictIndex: setUnconditionally 0 -> -1
2025-07-19 06:07:12,134 [e80b39d0-2325-4ff7-b450-1b10ae88e746-groupManagement] INFO  server.RaftServer$Division (RaftServerImpl.java:start(405)) - e80b39d0-2325-4ff7-b450-1b10ae88e746@group-1FC0D4C9CD23: start as a follower, conf=conf: {index: -1, cur=peers:[e80b39d0-2325-4ff7-b450-1b10ae88e746|127.0.0.1:15055]|listeners:[], old=null}
2025-07-19 06:07:12,135 [e80b39d0-2325-4ff7-b450-1b10ae88e746-groupManagement] INFO  server.RaftServer$Division (RaftServerImpl.java:setRole(392)) - e80b39d0-2325-4ff7-b450-1b10ae88e746@group-1FC0D4C9CD23: changes role from      null to FOLLOWER at term 0 for startAsFollower
2025-07-19 06:07:12,135 [e80b39d0-2325-4ff7-b450-1b10ae88e746-groupManagement] INFO  impl.RoleInfo (RoleInfo.java:updateAndGet(148)) - e80b39d0-2325-4ff7-b450-1b10ae88e746: start e80b39d0-2325-4ff7-b450-1b10ae88e746@group-1FC0D4C9CD23-FollowerState
2025-07-19 06:07:12,135 [e80b39d0-2325-4ff7-b450-1b10ae88e746-groupManagement] INFO  util.JmxRegister (JmxRegister.java:tryRegister(44)) - Successfully registered JMX Bean with object name Ratis:service=RaftServer,group=group-1FC0D4C9CD23,id=e80b39d0-2325-4ff7-b450-1b10ae88e746
2025-07-19 06:07:12,135 [e80b39d0-2325-4ff7-b450-1b10ae88e746-groupManagement] INFO  util.JmxRegister (JmxRegister.java:register(58)) - register mxBean class org.apache.ratis.server.impl.RaftServerJmxAdapter as Ratis:service=RaftServer,group=group-1FC0D4C9CD23,id=e80b39d0-2325-4ff7-b450-1b10ae88e746
2025-07-19 06:07:12,137 [7e15f5a0-0f8f-4a50-92e4-d2f5038b0085@group-0132FE54E6CF-StateMachineUpdater] INFO  ratis.ContainerStateMachine (ContainerStateMachine.java:takeSnapshot(436)) - group-0132FE54E6CF: Finished taking a snapshot at:(t:1, i:0) file:/home/runner/work/ozone/ozone/hadoop-ozone/integration-test/target/test-dir/MiniOzoneClusterImpl-09c4c6e1-5ab0-4195-ac7b-5aec6defaa36/ozone-meta/datanode-1/ratis/a1dcb70a-c8f9-4212-ac4f-0132fe54e6cf/sm/snapshot.1_0 took: 30 ms
2025-07-19 06:07:12,138 [e80b39d0-2325-4ff7-b450-1b10ae88e746-groupManagement] INFO  server.RaftServer$Division (RaftServerImpl.java:start(419)) - e80b39d0-2325-4ff7-b450-1b10ae88e746@group-1FC0D4C9CD23: Successfully started.
2025-07-19 06:07:12,137 [aa0cb613-fc94-4131-90ab-17bcd78458c4@group-36B9588D9EB5-StateMachineUpdater] INFO  ratis.ContainerStateMachine (ContainerStateMachine.java:takeSnapshot(436)) - group-36B9588D9EB5: Finished taking a snapshot at:(t:1, i:0) file:/home/runner/work/ozone/ozone/hadoop-ozone/integration-test/target/test-dir/MiniOzoneClusterImpl-09c4c6e1-5ab0-4195-ac7b-5aec6defaa36/ozone-meta/datanode-2/ratis/850d62e6-9d07-48c2-bfd0-36b9588d9eb5/sm/snapshot.1_0 took: 167 ms
2025-07-19 06:07:12,138 [e80b39d0-2325-4ff7-b450-1b10ae88e746-PipelineCommandHandlerThread-0] INFO  ratis.XceiverServerRatis (XceiverServerRatis.java:addGroup(843)) - Created group Pipeline-8a1a2c78-8c8f-4f34-958b-1fc0d4c9cd23
2025-07-19 06:07:12,138 [7e15f5a0-0f8f-4a50-92e4-d2f5038b0085@group-0132FE54E6CF-StateMachineUpdater] INFO  impl.StateMachineUpdater (StateMachineUpdater.java:takeSnapshot(307)) - 7e15f5a0-0f8f-4a50-92e4-d2f5038b0085@group-0132FE54E6CF-StateMachineUpdater: Took a snapshot at index 0
2025-07-19 06:07:12,138 [7e15f5a0-0f8f-4a50-92e4-d2f5038b0085@group-0132FE54E6CF-StateMachineUpdater] INFO  impl.StateMachineUpdater (StateMachineUpdater.java:lambda$new$0(101)) - 7e15f5a0-0f8f-4a50-92e4-d2f5038b0085@group-0132FE54E6CF-StateMachineUpdater: snapshotIndex: updateIncreasingly -1 -> 0
2025-07-19 06:07:12,137 [7e15f5a0-0f8f-4a50-92e4-d2f5038b0085@group-5117D64484D9-StateMachineUpdater] INFO  ratis.ContainerStateMachine (ContainerStateMachine.java:takeSnapshot(436)) - group-5117D64484D9: Finished taking a snapshot at:(t:1, i:0) file:/home/runner/work/ozone/ozone/hadoop-ozone/integration-test/target/test-dir/MiniOzoneClusterImpl-09c4c6e1-5ab0-4195-ac7b-5aec6defaa36/ozone-meta/datanode-1/ratis/88b7bdbc-1734-442a-b4e1-5117d64484d9/sm/snapshot.1_0 took: 87 ms
2025-07-19 06:07:12,138 [aa0cb613-fc94-4131-90ab-17bcd78458c4@group-36B9588D9EB5-StateMachineUpdater] INFO  impl.StateMachineUpdater (StateMachineUpdater.java:takeSnapshot(307)) - aa0cb613-fc94-4131-90ab-17bcd78458c4@group-36B9588D9EB5-StateMachineUpdater: Took a snapshot at index 0
2025-07-19 06:07:12,139 [aa0cb613-fc94-4131-90ab-17bcd78458c4@group-36B9588D9EB5-StateMachineUpdater] INFO  impl.StateMachineUpdater (StateMachineUpdater.java:lambda$new$0(101)) - aa0cb613-fc94-4131-90ab-17bcd78458c4@group-36B9588D9EB5-StateMachineUpdater: snapshotIndex: updateIncreasingly -1 -> 0
2025-07-19 06:07:12,138 [e80b39d0-2325-4ff7-b450-1b10ae88e746-PipelineCommandHandlerThread-0] INFO  commandhandler.CreatePipelineCommandHandler (CreatePipelineCommandHandler.java:lambda$handle$2(127)) - Created Pipeline RATIS ONE Pipeline-8a1a2c78-8c8f-4f34-958b-1fc0d4c9cd23.
2025-07-19 06:07:12,139 [7e15f5a0-0f8f-4a50-92e4-d2f5038b0085@group-5117D64484D9-StateMachineUpdater] INFO  impl.StateMachineUpdater (StateMachineUpdater.java:takeSnapshot(307)) - 7e15f5a0-0f8f-4a50-92e4-d2f5038b0085@group-5117D64484D9-StateMachineUpdater: Took a snapshot at index 0
2025-07-19 06:07:12,139 [7e15f5a0-0f8f-4a50-92e4-d2f5038b0085@group-5117D64484D9-StateMachineUpdater] INFO  impl.StateMachineUpdater (StateMachineUpdater.java:lambda$new$0(101)) - 7e15f5a0-0f8f-4a50-92e4-d2f5038b0085@group-5117D64484D9-StateMachineUpdater: snapshotIndex: updateIncreasingly -1 -> 0
2025-07-19 06:07:12,388 [7e15f5a0-0f8f-4a50-92e4-d2f5038b0085@group-8039453F51C4-FollowerState] INFO  impl.FollowerState (FollowerState.java:runImpl(161)) - 7e15f5a0-0f8f-4a50-92e4-d2f5038b0085@group-8039453F51C4-FollowerState: change to CANDIDATE, lastRpcElapsedTime:1064908394ns, electionTimeout:1063ms
2025-07-19 06:07:12,389 [7e15f5a0-0f8f-4a50-92e4-d2f5038b0085@group-8039453F51C4-FollowerState] INFO  impl.RoleInfo (RoleInfo.java:shutdownFollowerState(121)) - 7e15f5a0-0f8f-4a50-92e4-d2f5038b0085: shutdown 7e15f5a0-0f8f-4a50-92e4-d2f5038b0085@group-8039453F51C4-FollowerState
2025-07-19 06:07:12,389 [7e15f5a0-0f8f-4a50-92e4-d2f5038b0085@group-8039453F51C4-FollowerState] INFO  server.RaftServer$Division (RaftServerImpl.java:setRole(392)) - 7e15f5a0-0f8f-4a50-92e4-d2f5038b0085@group-8039453F51C4: changes role from  FOLLOWER to CANDIDATE at term 0 for changeToCandidate
2025-07-19 06:07:12,389 [7e15f5a0-0f8f-4a50-92e4-d2f5038b0085@group-8039453F51C4-FollowerState] INFO  impl.RoleInfo (RoleInfo.java:updateAndGet(148)) - 7e15f5a0-0f8f-4a50-92e4-d2f5038b0085: start 7e15f5a0-0f8f-4a50-92e4-d2f5038b0085@group-8039453F51C4-LeaderElection7
2025-07-19 06:07:12,389 [7e15f5a0-0f8f-4a50-92e4-d2f5038b0085@group-8039453F51C4-LeaderElection7] INFO  impl.LeaderElection (LeaderElection.java:askForVotes(448)) - 7e15f5a0-0f8f-4a50-92e4-d2f5038b0085@group-8039453F51C4-LeaderElection7 PRE_VOTE round 0: submit vote requests at term 0 for conf: {index: -1, cur=peers:[7e15f5a0-0f8f-4a50-92e4-d2f5038b0085|127.0.0.1:15015, aa0cb613-fc94-4131-90ab-17bcd78458c4|127.0.0.1:15023, 86838f6f-3dde-42b5-b01a-58c95bf80430|127.0.0.1:15031]|listeners:[], old=null}
2025-07-19 06:07:12,391 [grpc-default-executor-4] INFO  server.RaftServer$Division (RaftServerImpl.java:requestVote(1421)) - 86838f6f-3dde-42b5-b01a-58c95bf80430@group-8039453F51C4: receive requestVote(PRE_VOTE, 7e15f5a0-0f8f-4a50-92e4-d2f5038b0085, group-8039453F51C4, 0, <PROTO_DEFAULT>)
2025-07-19 06:07:12,391 [grpc-default-executor-2] INFO  server.RaftServer$Division (RaftServerImpl.java:requestVote(1421)) - aa0cb613-fc94-4131-90ab-17bcd78458c4@group-8039453F51C4: receive requestVote(PRE_VOTE, 7e15f5a0-0f8f-4a50-92e4-d2f5038b0085, group-8039453F51C4, 0, <PROTO_DEFAULT>)
2025-07-19 06:07:12,392 [grpc-default-executor-4] INFO  impl.VoteContext (VoteContext.java:log(49)) - 86838f6f-3dde-42b5-b01a-58c95bf80430@group-8039453F51C4-FOLLOWER: reject PRE_VOTE from 7e15f5a0-0f8f-4a50-92e4-d2f5038b0085: our priority 1 > candidate's priority 0
2025-07-19 06:07:12,392 [grpc-default-executor-2] INFO  impl.VoteContext (VoteContext.java:log(49)) - aa0cb613-fc94-4131-90ab-17bcd78458c4@group-8039453F51C4-FOLLOWER: accept PRE_VOTE from 7e15f5a0-0f8f-4a50-92e4-d2f5038b0085: our priority 0 <= candidate's priority 0
2025-07-19 06:07:12,392 [grpc-default-executor-4] INFO  server.RaftServer$Division (RaftServerImpl.java:requestVote(1455)) - 86838f6f-3dde-42b5-b01a-58c95bf80430@group-8039453F51C4 replies to PRE_VOTE vote request: 7e15f5a0-0f8f-4a50-92e4-d2f5038b0085<-86838f6f-3dde-42b5-b01a-58c95bf80430#0:FAIL-t0-last:<INITIAL_VALUE>. Peer's state: 86838f6f-3dde-42b5-b01a-58c95bf80430@group-8039453F51C4:t0, leader=null, voted=, raftlog=Memoized:86838f6f-3dde-42b5-b01a-58c95bf80430@group-8039453F51C4-SegmentedRaftLog:OPENED:c-1:lastnull, conf=conf: {index: -1, cur=peers:[7e15f5a0-0f8f-4a50-92e4-d2f5038b0085|127.0.0.1:15015, aa0cb613-fc94-4131-90ab-17bcd78458c4|127.0.0.1:15023, 86838f6f-3dde-42b5-b01a-58c95bf80430|127.0.0.1:15031]|listeners:[], old=null}
2025-07-19 06:07:12,392 [grpc-default-executor-2] INFO  server.RaftServer$Division (RaftServerImpl.java:requestVote(1455)) - aa0cb613-fc94-4131-90ab-17bcd78458c4@group-8039453F51C4 replies to PRE_VOTE vote request: 7e15f5a0-0f8f-4a50-92e4-d2f5038b0085<-aa0cb613-fc94-4131-90ab-17bcd78458c4#0:OK-t0-last:<INITIAL_VALUE>. Peer's state: aa0cb613-fc94-4131-90ab-17bcd78458c4@group-8039453F51C4:t0, leader=null, voted=, raftlog=Memoized:aa0cb613-fc94-4131-90ab-17bcd78458c4@group-8039453F51C4-SegmentedRaftLog:OPENED:c-1:lastnull, conf=conf: {index: -1, cur=peers:[7e15f5a0-0f8f-4a50-92e4-d2f5038b0085|127.0.0.1:15015, aa0cb613-fc94-4131-90ab-17bcd78458c4|127.0.0.1:15023, 86838f6f-3dde-42b5-b01a-58c95bf80430|127.0.0.1:15031]|listeners:[], old=null}
2025-07-19 06:07:12,394 [7e15f5a0-0f8f-4a50-92e4-d2f5038b0085@group-8039453F51C4-LeaderElection7] INFO  impl.LeaderElection (LeaderElection.java:logAndReturn(206)) - 7e15f5a0-0f8f-4a50-92e4-d2f5038b0085@group-8039453F51C4-LeaderElection7: PRE_VOTE REJECTED received 2 response(s) and 0 exception(s):
2025-07-19 06:07:12,394 [7e15f5a0-0f8f-4a50-92e4-d2f5038b0085@group-8039453F51C4-LeaderElection7] INFO  impl.LeaderElection (LeaderElection.java:logAndReturn(210)) -   Response 0: 7e15f5a0-0f8f-4a50-92e4-d2f5038b0085<-aa0cb613-fc94-4131-90ab-17bcd78458c4#0:OK-t0-last:<INITIAL_VALUE>
2025-07-19 06:07:12,394 [7e15f5a0-0f8f-4a50-92e4-d2f5038b0085@group-8039453F51C4-LeaderElection7] INFO  impl.LeaderElection (LeaderElection.java:logAndReturn(210)) -   Response 1: 7e15f5a0-0f8f-4a50-92e4-d2f5038b0085<-86838f6f-3dde-42b5-b01a-58c95bf80430#0:FAIL-t0-last:<INITIAL_VALUE>
2025-07-19 06:07:12,394 [7e15f5a0-0f8f-4a50-92e4-d2f5038b0085@group-8039453F51C4-LeaderElection7] INFO  impl.LeaderElection (LeaderElection.java:askForVotes(450)) - 7e15f5a0-0f8f-4a50-92e4-d2f5038b0085@group-8039453F51C4-LeaderElection7 PRE_VOTE round 0: result REJECTED
2025-07-19 06:07:12,394 [7e15f5a0-0f8f-4a50-92e4-d2f5038b0085@group-8039453F51C4-LeaderElection7] INFO  server.RaftServer$Division (RaftServerImpl.java:setRole(392)) - 7e15f5a0-0f8f-4a50-92e4-d2f5038b0085@group-8039453F51C4: changes role from CANDIDATE to FOLLOWER at term 0 for REJECTED
2025-07-19 06:07:12,394 [7e15f5a0-0f8f-4a50-92e4-d2f5038b0085@group-8039453F51C4-LeaderElection7] INFO  impl.RoleInfo (RoleInfo.java:shutdownLeaderElection(141)) - 7e15f5a0-0f8f-4a50-92e4-d2f5038b0085: shutdown 7e15f5a0-0f8f-4a50-92e4-d2f5038b0085@group-8039453F51C4-LeaderElection7
2025-07-19 06:07:12,394 [7e15f5a0-0f8f-4a50-92e4-d2f5038b0085@group-8039453F51C4-LeaderElection7] INFO  impl.RoleInfo (RoleInfo.java:updateAndGet(148)) - 7e15f5a0-0f8f-4a50-92e4-d2f5038b0085: start 7e15f5a0-0f8f-4a50-92e4-d2f5038b0085@group-8039453F51C4-FollowerState
2025-07-19 06:07:12,394 [7e15f5a0-0f8f-4a50-92e4-d2f5038b0085@group-8039453F51C4-LeaderElection7] INFO  server.RaftServer$Division (RaftServerImpl.java:setFirstElection(576)) - 7e15f5a0-0f8f-4a50-92e4-d2f5038b0085@group-8039453F51C4: set firstElectionSinceStartup to false for REJECTED
2025-07-19 06:07:12,410 [78917b03-a842-488e-9e7c-f00b43f4ecc3-PipelineCommandHandlerThread-0] INFO  server.RaftServer (RaftServerProxy.java:addNew(105)) - 78917b03-a842-488e-9e7c-f00b43f4ecc3: addNew group-2E106E42CD04:[78917b03-a842-488e-9e7c-f00b43f4ecc3|127.0.0.1:15063] returns group-2E106E42CD04:java.util.concurrent.CompletableFuture@1f389d5f[Not completed]
2025-07-19 06:07:12,412 [78917b03-a842-488e-9e7c-f00b43f4ecc3-groupManagement] INFO  server.RaftServer$Division (RaftServerImpl.java:<init>(268)) - 78917b03-a842-488e-9e7c-f00b43f4ecc3: new RaftServerImpl for group-2E106E42CD04:[78917b03-a842-488e-9e7c-f00b43f4ecc3|127.0.0.1:15063] with ContainerStateMachine:uninitialized
2025-07-19 06:07:12,412 [78917b03-a842-488e-9e7c-f00b43f4ecc3-groupManagement] INFO  server.RaftServer$Division (ServerState.java:<init>(114)) - 78917b03-a842-488e-9e7c-f00b43f4ecc3@group-2E106E42CD04: ConfigurationManager, init=conf: {index: -1, cur=peers:[78917b03-a842-488e-9e7c-f00b43f4ecc3|127.0.0.1:15063]|listeners:[], old=null}, confs=<EMPTY_MAP>
2025-07-19 06:07:12,417 [78917b03-a842-488e-9e7c-f00b43f4ecc3-groupManagement] INFO  server.RaftServerConfigKeys (ConfUtils.java:logGet(62)) - raft.server.storage.dir = [/home/runner/work/ozone/ozone/hadoop-ozone/integration-test/target/test-dir/MiniOzoneClusterImpl-09c4c6e1-5ab0-4195-ac7b-5aec6defaa36/ozone-meta/datanode-7/ratis] (custom)
2025-07-19 06:07:12,417 [78917b03-a842-488e-9e7c-f00b43f4ecc3-groupManagement] INFO  storage.RaftStorageDirectory (RaftStorageDirectoryImpl.java:analyzeStorage(138)) - The storage directory /home/runner/work/ozone/ozone/hadoop-ozone/integration-test/target/test-dir/MiniOzoneClusterImpl-09c4c6e1-5ab0-4195-ac7b-5aec6defaa36/ozone-meta/datanode-7/ratis/6c3cc3b8-68a1-4e3d-87a1-2e106e42cd04 does not exist. Creating ...
2025-07-19 06:07:12,418 [78917b03-a842-488e-9e7c-f00b43f4ecc3-groupManagement] INFO  storage.RaftStorageDirectory (RaftStorageDirectoryImpl.java:tryLock(229)) - Lock on /home/runner/work/ozone/ozone/hadoop-ozone/integration-test/target/test-dir/MiniOzoneClusterImpl-09c4c6e1-5ab0-4195-ac7b-5aec6defaa36/ozone-meta/datanode-7/ratis/6c3cc3b8-68a1-4e3d-87a1-2e106e42cd04/in_use.lock acquired by nodename 18124@localhost
2025-07-19 06:07:12,419 [78917b03-a842-488e-9e7c-f00b43f4ecc3-groupManagement] INFO  storage.RaftStorage (RaftStorageImpl.java:format(98)) - Storage directory /home/runner/work/ozone/ozone/hadoop-ozone/integration-test/target/test-dir/MiniOzoneClusterImpl-09c4c6e1-5ab0-4195-ac7b-5aec6defaa36/ozone-meta/datanode-7/ratis/6c3cc3b8-68a1-4e3d-87a1-2e106e42cd04 has been successfully formatted.
2025-07-19 06:07:12,420 [78917b03-a842-488e-9e7c-f00b43f4ecc3-groupManagement] INFO  ratis.ContainerStateMachine (ContainerStateMachine.java:initialize(339)) - 78917b03-a842-488e-9e7c-f00b43f4ecc3: initialize group-2E106E42CD04
2025-07-19 06:07:12,420 [78917b03-a842-488e-9e7c-f00b43f4ecc3-groupManagement] INFO  ratis.ContainerStateMachine (ContainerStateMachine.java:loadSnapshot(347)) - group-2E106E42CD04: The snapshot info is null. Setting the last applied index to:<INITIAL_VALUE>
2025-07-19 06:07:12,420 [78917b03-a842-488e-9e7c-f00b43f4ecc3-groupManagement] INFO  server.RaftServerConfigKeys (ConfUtils.java:logGet(62)) - raft.server.log.appender.buffer.byte-limit = 33554432 (custom)
2025-07-19 06:07:12,422 [78917b03-a842-488e-9e7c-f00b43f4ecc3-groupManagement] INFO  server.RaftServerConfigKeys (ConfUtils.java:logGet(62)) - raft.server.log.segment.size.max = 67108864 (custom)
2025-07-19 06:07:12,422 [78917b03-a842-488e-9e7c-f00b43f4ecc3-groupManagement] INFO  server.RaftServerConfigKeys (ConfUtils.java:logGet(62)) - raft.server.log.appender.buffer.byte-limit = 33554432 (custom)
2025-07-19 06:07:12,422 [78917b03-a842-488e-9e7c-f00b43f4ecc3-groupManagement] INFO  util.AwaitToRun (AwaitToRun.java:start(81)) - Thread[#1325,78917b03-a842-488e-9e7c-f00b43f4ecc3@group-2E106E42CD04-cacheEviction-AwaitToRun,5,main] started
2025-07-19 06:07:12,422 [78917b03-a842-488e-9e7c-f00b43f4ecc3-groupManagement] INFO  segmented.SegmentedRaftLogWorker (SegmentedRaftLogWorker.java:<init>(190)) - new 78917b03-a842-488e-9e7c-f00b43f4ecc3@group-2E106E42CD04-SegmentedRaftLogWorker for RaftStorageImpl:Storage Directory /home/runner/work/ozone/ozone/hadoop-ozone/integration-test/target/test-dir/MiniOzoneClusterImpl-09c4c6e1-5ab0-4195-ac7b-5aec6defaa36/ozone-meta/datanode-7/ratis/6c3cc3b8-68a1-4e3d-87a1-2e106e42cd04
2025-07-19 06:07:12,422 [78917b03-a842-488e-9e7c-f00b43f4ecc3-groupManagement] INFO  server.RaftServerConfigKeys (ConfUtils.java:logGet(62)) - raft.server.log.queue.byte-limit = 4294967296 (custom)
2025-07-19 06:07:12,423 [78917b03-a842-488e-9e7c-f00b43f4ecc3-groupManagement] INFO  server.RaftServerConfigKeys (ConfUtils.java:logGet(62)) - raft.server.log.segment.size.max = 67108864 (custom)
2025-07-19 06:07:12,423 [78917b03-a842-488e-9e7c-f00b43f4ecc3-groupManagement] INFO  server.RaftServerConfigKeys (ConfUtils.java:logGet(62)) - raft.server.log.preallocated.size = 4194304 (custom)
2025-07-19 06:07:12,423 [78917b03-a842-488e-9e7c-f00b43f4ecc3-groupManagement] INFO  server.RaftServerConfigKeys (ConfUtils.java:logGet(62)) - raft.server.log.write.buffer.size = 33554440 (custom)
2025-07-19 06:07:12,424 [EventQueue-PipelineReportForPipelineReportHandler] INFO  pipeline.PipelineReportHandler (PipelineReportHandler.java:processPipelineReport(134)) - Opened pipeline Pipeline-6c3cc3b8-68a1-4e3d-87a1-2e106e42cd04
2025-07-19 06:07:12,427 [78917b03-a842-488e-9e7c-f00b43f4ecc3-groupManagement] INFO  server.RaftServerConfigKeys (ConfUtils.java:logGet(62)) - raft.server.log.appender.buffer.byte-limit = 33554432 (custom)
2025-07-19 06:07:12,428 [78917b03-a842-488e-9e7c-f00b43f4ecc3-groupManagement] INFO  segmented.SegmentedRaftLogWorker (SegmentedRaftLogWorker.java:lambda$new$0(141)) - 78917b03-a842-488e-9e7c-f00b43f4ecc3@group-2E106E42CD04-SegmentedRaftLogWorker: flushIndex: setUnconditionally 0 -> -1
2025-07-19 06:07:12,428 [78917b03-a842-488e-9e7c-f00b43f4ecc3-groupManagement] INFO  segmented.SegmentedRaftLogWorker (SegmentedRaftLogWorker.java:lambda$new$0(141)) - 78917b03-a842-488e-9e7c-f00b43f4ecc3@group-2E106E42CD04-SegmentedRaftLogWorker: safeCacheEvictIndex: setUnconditionally 0 -> -1
2025-07-19 06:07:12,428 [78917b03-a842-488e-9e7c-f00b43f4ecc3-groupManagement] INFO  server.RaftServer$Division (RaftServerImpl.java:start(405)) - 78917b03-a842-488e-9e7c-f00b43f4ecc3@group-2E106E42CD04: start as a follower, conf=conf: {index: -1, cur=peers:[78917b03-a842-488e-9e7c-f00b43f4ecc3|127.0.0.1:15063]|listeners:[], old=null}
2025-07-19 06:07:12,428 [78917b03-a842-488e-9e7c-f00b43f4ecc3-groupManagement] INFO  server.RaftServer$Division (RaftServerImpl.java:setRole(392)) - 78917b03-a842-488e-9e7c-f00b43f4ecc3@group-2E106E42CD04: changes role from      null to FOLLOWER at term 0 for startAsFollower
2025-07-19 06:07:12,428 [78917b03-a842-488e-9e7c-f00b43f4ecc3-groupManagement] INFO  impl.RoleInfo (RoleInfo.java:updateAndGet(148)) - 78917b03-a842-488e-9e7c-f00b43f4ecc3: start 78917b03-a842-488e-9e7c-f00b43f4ecc3@group-2E106E42CD04-FollowerState
2025-07-19 06:07:12,429 [78917b03-a842-488e-9e7c-f00b43f4ecc3-groupManagement] INFO  util.JmxRegister (JmxRegister.java:tryRegister(44)) - Successfully registered JMX Bean with object name Ratis:service=RaftServer,group=group-2E106E42CD04,id=78917b03-a842-488e-9e7c-f00b43f4ecc3
2025-07-19 06:07:12,429 [78917b03-a842-488e-9e7c-f00b43f4ecc3-groupManagement] INFO  util.JmxRegister (JmxRegister.java:register(58)) - register mxBean class org.apache.ratis.server.impl.RaftServerJmxAdapter as Ratis:service=RaftServer,group=group-2E106E42CD04,id=78917b03-a842-488e-9e7c-f00b43f4ecc3
2025-07-19 06:07:12,430 [78917b03-a842-488e-9e7c-f00b43f4ecc3-groupManagement] INFO  server.RaftServer$Division (RaftServerImpl.java:start(419)) - 78917b03-a842-488e-9e7c-f00b43f4ecc3@group-2E106E42CD04: Successfully started.
2025-07-19 06:07:12,430 [78917b03-a842-488e-9e7c-f00b43f4ecc3-PipelineCommandHandlerThread-0] INFO  ratis.XceiverServerRatis (XceiverServerRatis.java:addGroup(843)) - Created group Pipeline-6c3cc3b8-68a1-4e3d-87a1-2e106e42cd04
2025-07-19 06:07:12,430 [78917b03-a842-488e-9e7c-f00b43f4ecc3-PipelineCommandHandlerThread-0] INFO  commandhandler.CreatePipelineCommandHandler (CreatePipelineCommandHandler.java:lambda$handle$2(127)) - Created Pipeline RATIS ONE Pipeline-6c3cc3b8-68a1-4e3d-87a1-2e106e42cd04.
2025-07-19 06:07:12,430 [78917b03-a842-488e-9e7c-f00b43f4ecc3-PipelineCommandHandlerThread-0] INFO  server.RaftServer (RaftServerProxy.java:addNew(105)) - 78917b03-a842-488e-9e7c-f00b43f4ecc3: addNew group-032DC0AA9B70:[78917b03-a842-488e-9e7c-f00b43f4ecc3|127.0.0.1:15063, e6deb990-2c6c-4f88-aa04-2e44b30659d5|127.0.0.1:15071, e4fa6cd0-dc30-4550-b12f-023a3466045b|127.0.0.1:15079] returns group-032DC0AA9B70:java.util.concurrent.CompletableFuture@5ca157b7[Not completed]
2025-07-19 06:07:12,432 [78917b03-a842-488e-9e7c-f00b43f4ecc3-groupManagement] INFO  server.RaftServer$Division (RaftServerImpl.java:<init>(268)) - 78917b03-a842-488e-9e7c-f00b43f4ecc3: new RaftServerImpl for group-032DC0AA9B70:[78917b03-a842-488e-9e7c-f00b43f4ecc3|127.0.0.1:15063, e6deb990-2c6c-4f88-aa04-2e44b30659d5|127.0.0.1:15071, e4fa6cd0-dc30-4550-b12f-023a3466045b|127.0.0.1:15079] with ContainerStateMachine:uninitialized
2025-07-19 06:07:12,432 [78917b03-a842-488e-9e7c-f00b43f4ecc3-groupManagement] INFO  server.RaftServer$Division (ServerState.java:<init>(114)) - 78917b03-a842-488e-9e7c-f00b43f4ecc3@group-032DC0AA9B70: ConfigurationManager, init=conf: {index: -1, cur=peers:[78917b03-a842-488e-9e7c-f00b43f4ecc3|127.0.0.1:15063, e6deb990-2c6c-4f88-aa04-2e44b30659d5|127.0.0.1:15071, e4fa6cd0-dc30-4550-b12f-023a3466045b|127.0.0.1:15079]|listeners:[], old=null}, confs=<EMPTY_MAP>
2025-07-19 06:07:12,436 [78917b03-a842-488e-9e7c-f00b43f4ecc3-groupManagement] INFO  storage.RaftStorageDirectory (RaftStorageDirectoryImpl.java:analyzeStorage(138)) - The storage directory /home/runner/work/ozone/ozone/hadoop-ozone/integration-test/target/test-dir/MiniOzoneClusterImpl-09c4c6e1-5ab0-4195-ac7b-5aec6defaa36/ozone-meta/datanode-7/ratis/d382207d-4198-4d69-b4f6-032dc0aa9b70 does not exist. Creating ...
2025-07-19 06:07:12,438 [78917b03-a842-488e-9e7c-f00b43f4ecc3-groupManagement] INFO  storage.RaftStorageDirectory (RaftStorageDirectoryImpl.java:tryLock(229)) - Lock on /home/runner/work/ozone/ozone/hadoop-ozone/integration-test/target/test-dir/MiniOzoneClusterImpl-09c4c6e1-5ab0-4195-ac7b-5aec6defaa36/ozone-meta/datanode-7/ratis/d382207d-4198-4d69-b4f6-032dc0aa9b70/in_use.lock acquired by nodename 18124@localhost
2025-07-19 06:07:12,439 [78917b03-a842-488e-9e7c-f00b43f4ecc3-groupManagement] INFO  storage.RaftStorage (RaftStorageImpl.java:format(98)) - Storage directory /home/runner/work/ozone/ozone/hadoop-ozone/integration-test/target/test-dir/MiniOzoneClusterImpl-09c4c6e1-5ab0-4195-ac7b-5aec6defaa36/ozone-meta/datanode-7/ratis/d382207d-4198-4d69-b4f6-032dc0aa9b70 has been successfully formatted.
2025-07-19 06:07:12,440 [78917b03-a842-488e-9e7c-f00b43f4ecc3-groupManagement] INFO  ratis.ContainerStateMachine (ContainerStateMachine.java:initialize(339)) - 78917b03-a842-488e-9e7c-f00b43f4ecc3: initialize group-032DC0AA9B70
2025-07-19 06:07:12,440 [78917b03-a842-488e-9e7c-f00b43f4ecc3-groupManagement] INFO  ratis.ContainerStateMachine (ContainerStateMachine.java:loadSnapshot(347)) - group-032DC0AA9B70: The snapshot info is null. Setting the last applied index to:<INITIAL_VALUE>
2025-07-19 06:07:12,440 [78917b03-a842-488e-9e7c-f00b43f4ecc3-groupManagement] INFO  server.RaftServerConfigKeys (ConfUtils.java:logGet(62)) - raft.server.log.appender.buffer.byte-limit = 33554432 (custom)
2025-07-19 06:07:12,441 [78917b03-a842-488e-9e7c-f00b43f4ecc3-groupManagement] INFO  server.RaftServerConfigKeys (ConfUtils.java:logGet(62)) - raft.server.log.segment.size.max = 67108864 (custom)
2025-07-19 06:07:12,442 [78917b03-a842-488e-9e7c-f00b43f4ecc3-groupManagement] INFO  server.RaftServerConfigKeys (ConfUtils.java:logGet(62)) - raft.server.log.appender.buffer.byte-limit = 33554432 (custom)
2025-07-19 06:07:12,442 [78917b03-a842-488e-9e7c-f00b43f4ecc3-groupManagement] INFO  util.AwaitToRun (AwaitToRun.java:start(81)) - Thread[#1329,78917b03-a842-488e-9e7c-f00b43f4ecc3@group-032DC0AA9B70-cacheEviction-AwaitToRun,5,main] started
2025-07-19 06:07:12,442 [78917b03-a842-488e-9e7c-f00b43f4ecc3-groupManagement] INFO  segmented.SegmentedRaftLogWorker (SegmentedRaftLogWorker.java:<init>(190)) - new 78917b03-a842-488e-9e7c-f00b43f4ecc3@group-032DC0AA9B70-SegmentedRaftLogWorker for RaftStorageImpl:Storage Directory /home/runner/work/ozone/ozone/hadoop-ozone/integration-test/target/test-dir/MiniOzoneClusterImpl-09c4c6e1-5ab0-4195-ac7b-5aec6defaa36/ozone-meta/datanode-7/ratis/d382207d-4198-4d69-b4f6-032dc0aa9b70
2025-07-19 06:07:12,442 [78917b03-a842-488e-9e7c-f00b43f4ecc3-groupManagement] INFO  server.RaftServerConfigKeys (ConfUtils.java:logGet(62)) - raft.server.log.queue.byte-limit = 4294967296 (custom)
2025-07-19 06:07:12,442 [78917b03-a842-488e-9e7c-f00b43f4ecc3-groupManagement] INFO  server.RaftServerConfigKeys (ConfUtils.java:logGet(62)) - raft.server.log.segment.size.max = 67108864 (custom)
2025-07-19 06:07:12,442 [78917b03-a842-488e-9e7c-f00b43f4ecc3-groupManagement] INFO  server.RaftServerConfigKeys (ConfUtils.java:logGet(62)) - raft.server.log.preallocated.size = 4194304 (custom)
2025-07-19 06:07:12,443 [78917b03-a842-488e-9e7c-f00b43f4ecc3-groupManagement] INFO  server.RaftServerConfigKeys (ConfUtils.java:logGet(62)) - raft.server.log.write.buffer.size = 33554440 (custom)
2025-07-19 06:07:12,448 [78917b03-a842-488e-9e7c-f00b43f4ecc3-groupManagement] INFO  server.RaftServerConfigKeys (ConfUtils.java:logGet(62)) - raft.server.log.appender.buffer.byte-limit = 33554432 (custom)
2025-07-19 06:07:12,449 [78917b03-a842-488e-9e7c-f00b43f4ecc3-groupManagement] INFO  segmented.SegmentedRaftLogWorker (SegmentedRaftLogWorker.java:lambda$new$0(141)) - 78917b03-a842-488e-9e7c-f00b43f4ecc3@group-032DC0AA9B70-SegmentedRaftLogWorker: flushIndex: setUnconditionally 0 -> -1
2025-07-19 06:07:12,449 [78917b03-a842-488e-9e7c-f00b43f4ecc3-groupManagement] INFO  segmented.SegmentedRaftLogWorker (SegmentedRaftLogWorker.java:lambda$new$0(141)) - 78917b03-a842-488e-9e7c-f00b43f4ecc3@group-032DC0AA9B70-SegmentedRaftLogWorker: safeCacheEvictIndex: setUnconditionally 0 -> -1
2025-07-19 06:07:12,449 [78917b03-a842-488e-9e7c-f00b43f4ecc3-groupManagement] INFO  server.RaftServer$Division (RaftServerImpl.java:start(405)) - 78917b03-a842-488e-9e7c-f00b43f4ecc3@group-032DC0AA9B70: start as a follower, conf=conf: {index: -1, cur=peers:[78917b03-a842-488e-9e7c-f00b43f4ecc3|127.0.0.1:15063, e6deb990-2c6c-4f88-aa04-2e44b30659d5|127.0.0.1:15071, e4fa6cd0-dc30-4550-b12f-023a3466045b|127.0.0.1:15079]|listeners:[], old=null}
2025-07-19 06:07:12,449 [78917b03-a842-488e-9e7c-f00b43f4ecc3-groupManagement] INFO  server.RaftServer$Division (RaftServerImpl.java:setRole(392)) - 78917b03-a842-488e-9e7c-f00b43f4ecc3@group-032DC0AA9B70: changes role from      null to FOLLOWER at term 0 for startAsFollower
2025-07-19 06:07:12,449 [78917b03-a842-488e-9e7c-f00b43f4ecc3-groupManagement] INFO  impl.RoleInfo (RoleInfo.java:updateAndGet(148)) - 78917b03-a842-488e-9e7c-f00b43f4ecc3: start 78917b03-a842-488e-9e7c-f00b43f4ecc3@group-032DC0AA9B70-FollowerState
2025-07-19 06:07:12,450 [78917b03-a842-488e-9e7c-f00b43f4ecc3-groupManagement] INFO  util.JmxRegister (JmxRegister.java:tryRegister(44)) - Successfully registered JMX Bean with object name Ratis:service=RaftServer,group=group-032DC0AA9B70,id=78917b03-a842-488e-9e7c-f00b43f4ecc3
2025-07-19 06:07:12,450 [78917b03-a842-488e-9e7c-f00b43f4ecc3-groupManagement] INFO  util.JmxRegister (JmxRegister.java:register(58)) - register mxBean class org.apache.ratis.server.impl.RaftServerJmxAdapter as Ratis:service=RaftServer,group=group-032DC0AA9B70,id=78917b03-a842-488e-9e7c-f00b43f4ecc3
2025-07-19 06:07:12,451 [78917b03-a842-488e-9e7c-f00b43f4ecc3-groupManagement] INFO  server.RaftServer$Division (RaftServerImpl.java:start(419)) - 78917b03-a842-488e-9e7c-f00b43f4ecc3@group-032DC0AA9B70: Successfully started.
2025-07-19 06:07:12,451 [main] INFO  ozone.MiniOzoneClusterImpl (MiniOzoneClusterImpl.java:lambda$waitForClusterToBeReady$0(173)) - Nodes are ready. Got 10 of 10 DN Heartbeats.
2025-07-19 06:07:12,451 [main] INFO  ozone.MiniOzoneClusterImpl (MiniOzoneClusterImpl.java:lambda$waitForClusterToBeReady$0(176)) - Cluster exits safe mode
2025-07-19 06:07:12,451 [main] INFO  ozone.MiniOzoneClusterImpl (MiniOzoneClusterImpl.java:lambda$waitForClusterToBeReady$0(178)) - SCM became leader
2025-07-19 06:07:12,451 [78917b03-a842-488e-9e7c-f00b43f4ecc3-PipelineCommandHandlerThread-0] INFO  ratis.XceiverServerRatis (XceiverServerRatis.java:addGroup(843)) - Created group Pipeline-d382207d-4198-4d69-b4f6-032dc0aa9b70
2025-07-19 06:07:12,462 [grpc-default-executor-2] INFO  server.RaftServer (RaftServerProxy.java:addNew(105)) - e4fa6cd0-dc30-4550-b12f-023a3466045b: addNew group-032DC0AA9B70:[78917b03-a842-488e-9e7c-f00b43f4ecc3|127.0.0.1:15063, e6deb990-2c6c-4f88-aa04-2e44b30659d5|127.0.0.1:15071, e4fa6cd0-dc30-4550-b12f-023a3466045b|127.0.0.1:15079] returns group-032DC0AA9B70:java.util.concurrent.CompletableFuture@6f7405e9[Not completed]
2025-07-19 06:07:12,462 [e4fa6cd0-dc30-4550-b12f-023a3466045b-groupManagement] INFO  server.RaftServer$Division (RaftServerImpl.java:<init>(268)) - e4fa6cd0-dc30-4550-b12f-023a3466045b: new RaftServerImpl for group-032DC0AA9B70:[78917b03-a842-488e-9e7c-f00b43f4ecc3|127.0.0.1:15063, e6deb990-2c6c-4f88-aa04-2e44b30659d5|127.0.0.1:15071, e4fa6cd0-dc30-4550-b12f-023a3466045b|127.0.0.1:15079] with ContainerStateMachine:uninitialized
2025-07-19 06:07:12,462 [e4fa6cd0-dc30-4550-b12f-023a3466045b-groupManagement] INFO  server.RaftServer$Division (ServerState.java:<init>(114)) - e4fa6cd0-dc30-4550-b12f-023a3466045b@group-032DC0AA9B70: ConfigurationManager, init=conf: {index: -1, cur=peers:[78917b03-a842-488e-9e7c-f00b43f4ecc3|127.0.0.1:15063, e6deb990-2c6c-4f88-aa04-2e44b30659d5|127.0.0.1:15071, e4fa6cd0-dc30-4550-b12f-023a3466045b|127.0.0.1:15079]|listeners:[], old=null}, confs=<EMPTY_MAP>
2025-07-19 06:07:12,466 [e4fa6cd0-dc30-4550-b12f-023a3466045b-groupManagement] INFO  server.RaftServerConfigKeys (ConfUtils.java:logGet(62)) - raft.server.storage.dir = [/home/runner/work/ozone/ozone/hadoop-ozone/integration-test/target/test-dir/MiniOzoneClusterImpl-09c4c6e1-5ab0-4195-ac7b-5aec6defaa36/ozone-meta/datanode-9/ratis] (custom)
2025-07-19 06:07:12,467 [e4fa6cd0-dc30-4550-b12f-023a3466045b-groupManagement] INFO  storage.RaftStorageDirectory (RaftStorageDirectoryImpl.java:analyzeStorage(138)) - The storage directory /home/runner/work/ozone/ozone/hadoop-ozone/integration-test/target/test-dir/MiniOzoneClusterImpl-09c4c6e1-5ab0-4195-ac7b-5aec6defaa36/ozone-meta/datanode-9/ratis/d382207d-4198-4d69-b4f6-032dc0aa9b70 does not exist. Creating ...
2025-07-19 06:07:12,468 [e4fa6cd0-dc30-4550-b12f-023a3466045b-groupManagement] INFO  storage.RaftStorageDirectory (RaftStorageDirectoryImpl.java:tryLock(229)) - Lock on /home/runner/work/ozone/ozone/hadoop-ozone/integration-test/target/test-dir/MiniOzoneClusterImpl-09c4c6e1-5ab0-4195-ac7b-5aec6defaa36/ozone-meta/datanode-9/ratis/d382207d-4198-4d69-b4f6-032dc0aa9b70/in_use.lock acquired by nodename 18124@localhost
2025-07-19 06:07:12,470 [e4fa6cd0-dc30-4550-b12f-023a3466045b-groupManagement] INFO  storage.RaftStorage (RaftStorageImpl.java:format(98)) - Storage directory /home/runner/work/ozone/ozone/hadoop-ozone/integration-test/target/test-dir/MiniOzoneClusterImpl-09c4c6e1-5ab0-4195-ac7b-5aec6defaa36/ozone-meta/datanode-9/ratis/d382207d-4198-4d69-b4f6-032dc0aa9b70 has been successfully formatted.
2025-07-19 06:07:12,471 [e4fa6cd0-dc30-4550-b12f-023a3466045b-groupManagement] INFO  ratis.ContainerStateMachine (ContainerStateMachine.java:initialize(339)) - e4fa6cd0-dc30-4550-b12f-023a3466045b: initialize group-032DC0AA9B70
2025-07-19 06:07:12,471 [e4fa6cd0-dc30-4550-b12f-023a3466045b-groupManagement] INFO  ratis.ContainerStateMachine (ContainerStateMachine.java:loadSnapshot(347)) - group-032DC0AA9B70: The snapshot info is null. Setting the last applied index to:<INITIAL_VALUE>
2025-07-19 06:07:12,471 [e4fa6cd0-dc30-4550-b12f-023a3466045b-groupManagement] INFO  server.RaftServerConfigKeys (ConfUtils.java:logGet(62)) - raft.server.log.appender.buffer.byte-limit = 33554432 (custom)
2025-07-19 06:07:12,473 [e4fa6cd0-dc30-4550-b12f-023a3466045b-groupManagement] INFO  server.RaftServerConfigKeys (ConfUtils.java:logGet(62)) - raft.server.log.segment.size.max = 67108864 (custom)
2025-07-19 06:07:12,474 [e4fa6cd0-dc30-4550-b12f-023a3466045b-groupManagement] INFO  server.RaftServerConfigKeys (ConfUtils.java:logGet(62)) - raft.server.log.appender.buffer.byte-limit = 33554432 (custom)
2025-07-19 06:07:12,474 [e4fa6cd0-dc30-4550-b12f-023a3466045b-groupManagement] INFO  util.AwaitToRun (AwaitToRun.java:start(81)) - Thread[#1335,e4fa6cd0-dc30-4550-b12f-023a3466045b@group-032DC0AA9B70-cacheEviction-AwaitToRun,5,main] started
2025-07-19 06:07:12,474 [e4fa6cd0-dc30-4550-b12f-023a3466045b-groupManagement] INFO  segmented.SegmentedRaftLogWorker (SegmentedRaftLogWorker.java:<init>(190)) - new e4fa6cd0-dc30-4550-b12f-023a3466045b@group-032DC0AA9B70-SegmentedRaftLogWorker for RaftStorageImpl:Storage Directory /home/runner/work/ozone/ozone/hadoop-ozone/integration-test/target/test-dir/MiniOzoneClusterImpl-09c4c6e1-5ab0-4195-ac7b-5aec6defaa36/ozone-meta/datanode-9/ratis/d382207d-4198-4d69-b4f6-032dc0aa9b70
2025-07-19 06:07:12,474 [e4fa6cd0-dc30-4550-b12f-023a3466045b-groupManagement] INFO  server.RaftServerConfigKeys (ConfUtils.java:logGet(62)) - raft.server.log.queue.byte-limit = 4294967296 (custom)
2025-07-19 06:07:12,474 [e4fa6cd0-dc30-4550-b12f-023a3466045b-groupManagement] INFO  server.RaftServerConfigKeys (ConfUtils.java:logGet(62)) - raft.server.log.segment.size.max = 67108864 (custom)
2025-07-19 06:07:12,474 [e4fa6cd0-dc30-4550-b12f-023a3466045b-groupManagement] INFO  server.RaftServerConfigKeys (ConfUtils.java:logGet(62)) - raft.server.log.preallocated.size = 4194304 (custom)
2025-07-19 06:07:12,475 [e4fa6cd0-dc30-4550-b12f-023a3466045b-groupManagement] INFO  server.RaftServerConfigKeys (ConfUtils.java:logGet(62)) - raft.server.log.write.buffer.size = 33554440 (custom)
2025-07-19 06:07:12,480 [e4fa6cd0-dc30-4550-b12f-023a3466045b-groupManagement] INFO  server.RaftServerConfigKeys (ConfUtils.java:logGet(62)) - raft.server.log.appender.buffer.byte-limit = 33554432 (custom)
2025-07-19 06:07:12,494 [e4fa6cd0-dc30-4550-b12f-023a3466045b-groupManagement] INFO  segmented.SegmentedRaftLogWorker (SegmentedRaftLogWorker.java:lambda$new$0(141)) - e4fa6cd0-dc30-4550-b12f-023a3466045b@group-032DC0AA9B70-SegmentedRaftLogWorker: flushIndex: setUnconditionally 0 -> -1
2025-07-19 06:07:12,494 [e4fa6cd0-dc30-4550-b12f-023a3466045b-groupManagement] INFO  segmented.SegmentedRaftLogWorker (SegmentedRaftLogWorker.java:lambda$new$0(141)) - e4fa6cd0-dc30-4550-b12f-023a3466045b@group-032DC0AA9B70-SegmentedRaftLogWorker: safeCacheEvictIndex: setUnconditionally 0 -> -1
2025-07-19 06:07:12,495 [e4fa6cd0-dc30-4550-b12f-023a3466045b-groupManagement] INFO  server.RaftServer$Division (RaftServerImpl.java:start(405)) - e4fa6cd0-dc30-4550-b12f-023a3466045b@group-032DC0AA9B70: start as a follower, conf=conf: {index: -1, cur=peers:[78917b03-a842-488e-9e7c-f00b43f4ecc3|127.0.0.1:15063, e6deb990-2c6c-4f88-aa04-2e44b30659d5|127.0.0.1:15071, e4fa6cd0-dc30-4550-b12f-023a3466045b|127.0.0.1:15079]|listeners:[], old=null}
2025-07-19 06:07:12,495 [e4fa6cd0-dc30-4550-b12f-023a3466045b-groupManagement] INFO  server.RaftServer$Division (RaftServerImpl.java:setRole(392)) - e4fa6cd0-dc30-4550-b12f-023a3466045b@group-032DC0AA9B70: changes role from      null to FOLLOWER at term 0 for startAsFollower
2025-07-19 06:07:12,495 [e4fa6cd0-dc30-4550-b12f-023a3466045b-groupManagement] INFO  impl.RoleInfo (RoleInfo.java:updateAndGet(148)) - e4fa6cd0-dc30-4550-b12f-023a3466045b: start e4fa6cd0-dc30-4550-b12f-023a3466045b@group-032DC0AA9B70-FollowerState
2025-07-19 06:07:12,497 [e4fa6cd0-dc30-4550-b12f-023a3466045b-groupManagement] INFO  util.JmxRegister (JmxRegister.java:tryRegister(44)) - Successfully registered JMX Bean with object name Ratis:service=RaftServer,group=group-032DC0AA9B70,id=e4fa6cd0-dc30-4550-b12f-023a3466045b
2025-07-19 06:07:12,497 [e4fa6cd0-dc30-4550-b12f-023a3466045b-groupManagement] INFO  util.JmxRegister (JmxRegister.java:register(58)) - register mxBean class org.apache.ratis.server.impl.RaftServerJmxAdapter as Ratis:service=RaftServer,group=group-032DC0AA9B70,id=e4fa6cd0-dc30-4550-b12f-023a3466045b
2025-07-19 06:07:12,498 [e4fa6cd0-dc30-4550-b12f-023a3466045b-groupManagement] INFO  server.RaftServer$Division (RaftServerImpl.java:start(419)) - e4fa6cd0-dc30-4550-b12f-023a3466045b@group-032DC0AA9B70: Successfully started.
2025-07-19 06:07:12,507 [86838f6f-3dde-42b5-b01a-58c95bf80430@group-975CF7110FA0-FollowerState] INFO  impl.FollowerState (FollowerState.java:runImpl(161)) - 86838f6f-3dde-42b5-b01a-58c95bf80430@group-975CF7110FA0-FollowerState: change to CANDIDATE, lastRpcElapsedTime:1156930846ns, electionTimeout:1156ms
2025-07-19 06:07:12,507 [86838f6f-3dde-42b5-b01a-58c95bf80430@group-975CF7110FA0-FollowerState] INFO  impl.RoleInfo (RoleInfo.java:shutdownFollowerState(121)) - 86838f6f-3dde-42b5-b01a-58c95bf80430: shutdown 86838f6f-3dde-42b5-b01a-58c95bf80430@group-975CF7110FA0-FollowerState
2025-07-19 06:07:12,507 [86838f6f-3dde-42b5-b01a-58c95bf80430@group-975CF7110FA0-FollowerState] INFO  server.RaftServer$Division (RaftServerImpl.java:setRole(392)) - 86838f6f-3dde-42b5-b01a-58c95bf80430@group-975CF7110FA0: changes role from  FOLLOWER to CANDIDATE at term 0 for changeToCandidate
2025-07-19 06:07:12,507 [86838f6f-3dde-42b5-b01a-58c95bf80430@group-975CF7110FA0-FollowerState] INFO  impl.RoleInfo (RoleInfo.java:updateAndGet(148)) - 86838f6f-3dde-42b5-b01a-58c95bf80430: start 86838f6f-3dde-42b5-b01a-58c95bf80430@group-975CF7110FA0-LeaderElection8
2025-07-19 06:07:12,509 [86838f6f-3dde-42b5-b01a-58c95bf80430@group-975CF7110FA0-LeaderElection8] INFO  impl.LeaderElection (LeaderElection.java:askForVotes(448)) - 86838f6f-3dde-42b5-b01a-58c95bf80430@group-975CF7110FA0-LeaderElection8 PRE_VOTE round 0: submit vote requests at term 0 for conf: {index: -1, cur=peers:[86838f6f-3dde-42b5-b01a-58c95bf80430|127.0.0.1:15031]|listeners:[], old=null}
2025-07-19 06:07:12,509 [86838f6f-3dde-42b5-b01a-58c95bf80430@group-975CF7110FA0-LeaderElection8] INFO  impl.LeaderElection (LeaderElection.java:askForVotes(450)) - 86838f6f-3dde-42b5-b01a-58c95bf80430@group-975CF7110FA0-LeaderElection8 PRE_VOTE round 0: result PASSED (term=0)
2025-07-19 06:07:12,513 [86838f6f-3dde-42b5-b01a-58c95bf80430@group-975CF7110FA0-LeaderElection8] INFO  impl.LeaderElection (LeaderElection.java:askForVotes(448)) - 86838f6f-3dde-42b5-b01a-58c95bf80430@group-975CF7110FA0-LeaderElection8 ELECTION round 0: submit vote requests at term 1 for conf: {index: -1, cur=peers:[86838f6f-3dde-42b5-b01a-58c95bf80430|127.0.0.1:15031]|listeners:[], old=null}
2025-07-19 06:07:12,513 [86838f6f-3dde-42b5-b01a-58c95bf80430@group-975CF7110FA0-LeaderElection8] INFO  impl.LeaderElection (LeaderElection.java:askForVotes(450)) - 86838f6f-3dde-42b5-b01a-58c95bf80430@group-975CF7110FA0-LeaderElection8 ELECTION round 0: result PASSED (term=1)
2025-07-19 06:07:12,513 [86838f6f-3dde-42b5-b01a-58c95bf80430@group-975CF7110FA0-LeaderElection8] INFO  impl.RoleInfo (RoleInfo.java:shutdownLeaderElection(141)) - 86838f6f-3dde-42b5-b01a-58c95bf80430: shutdown 86838f6f-3dde-42b5-b01a-58c95bf80430@group-975CF7110FA0-LeaderElection8
2025-07-19 06:07:12,513 [86838f6f-3dde-42b5-b01a-58c95bf80430@group-975CF7110FA0-LeaderElection8] INFO  server.RaftServer$Division (RaftServerImpl.java:setRole(392)) - 86838f6f-3dde-42b5-b01a-58c95bf80430@group-975CF7110FA0: changes role from CANDIDATE to LEADER at term 1 for changeToLeader
2025-07-19 06:07:12,513 [86838f6f-3dde-42b5-b01a-58c95bf80430@group-975CF7110FA0-LeaderElection8] INFO  server.RaftServerConfigKeys (ConfUtils.java:logFallback(69)) - raft.server.staging.timeout = 15600ms (fallback to raft.server.rpc.timeout.max)
2025-07-19 06:07:12,514 [86838f6f-3dde-42b5-b01a-58c95bf80430@group-975CF7110FA0-LeaderElection8] INFO  server.RaftServerConfigKeys (ConfUtils.java:logGet(62)) - raft.server.write.byte-limit = 1024 M (=1073741824) (custom)
2025-07-19 06:07:12,516 [grpc-default-executor-2] INFO  server.RaftServer (RaftServerProxy.java:addNew(105)) - e6deb990-2c6c-4f88-aa04-2e44b30659d5: addNew group-032DC0AA9B70:[78917b03-a842-488e-9e7c-f00b43f4ecc3|127.0.0.1:15063, e6deb990-2c6c-4f88-aa04-2e44b30659d5|127.0.0.1:15071, e4fa6cd0-dc30-4550-b12f-023a3466045b|127.0.0.1:15079] returns group-032DC0AA9B70:java.util.concurrent.CompletableFuture@70fdaf38[Not completed]
2025-07-19 06:07:12,517 [86838f6f-3dde-42b5-b01a-58c95bf80430@group-975CF7110FA0-LeaderElection8] INFO  impl.RoleInfo (RoleInfo.java:updateAndGet(148)) - 86838f6f-3dde-42b5-b01a-58c95bf80430: start 86838f6f-3dde-42b5-b01a-58c95bf80430@group-975CF7110FA0-LeaderStateImpl
2025-07-19 06:07:12,518 [86838f6f-3dde-42b5-b01a-58c95bf80430@group-975CF7110FA0-LeaderElection8] INFO  server.RaftServer$Division (RaftServerImpl.java:setFirstElection(576)) - 86838f6f-3dde-42b5-b01a-58c95bf80430@group-975CF7110FA0: set firstElectionSinceStartup to false for becomeLeader
2025-07-19 06:07:12,519 [86838f6f-3dde-42b5-b01a-58c95bf80430@group-975CF7110FA0-LeaderElection8] INFO  ratis.XceiverServerRatis (XceiverServerRatis.java:handleLeaderChangedNotification(944)) - Leader change notification received for group: group-975CF7110FA0 with new leaderId: 86838f6f-3dde-42b5-b01a-58c95bf80430
2025-07-19 06:07:12,520 [86838f6f-3dde-42b5-b01a-58c95bf80430@group-975CF7110FA0-LeaderElection8] INFO  server.RaftServer$Division (ServerState.java:setLeader(272)) - 86838f6f-3dde-42b5-b01a-58c95bf80430@group-975CF7110FA0: change Leader from null to 86838f6f-3dde-42b5-b01a-58c95bf80430 at term 1 for becomeLeader, leader elected after 1226ms
2025-07-19 06:07:12,518 [e6deb990-2c6c-4f88-aa04-2e44b30659d5-groupManagement] INFO  server.RaftServer$Division (RaftServerImpl.java:<init>(268)) - e6deb990-2c6c-4f88-aa04-2e44b30659d5: new RaftServerImpl for group-032DC0AA9B70:[78917b03-a842-488e-9e7c-f00b43f4ecc3|127.0.0.1:15063, e6deb990-2c6c-4f88-aa04-2e44b30659d5|127.0.0.1:15071, e4fa6cd0-dc30-4550-b12f-023a3466045b|127.0.0.1:15079] with ContainerStateMachine:uninitialized
2025-07-19 06:07:12,520 [86838f6f-3dde-42b5-b01a-58c95bf80430@group-975CF7110FA0-LeaderElection8] INFO  segmented.SegmentedRaftLogWorker (SegmentedRaftLogWorker.java:startLogSegment(440)) - 86838f6f-3dde-42b5-b01a-58c95bf80430@group-975CF7110FA0-SegmentedRaftLogWorker: Starting segment from index:0
2025-07-19 06:07:12,520 [e6deb990-2c6c-4f88-aa04-2e44b30659d5-groupManagement] INFO  server.RaftServer$Division (ServerState.java:<init>(114)) - e6deb990-2c6c-4f88-aa04-2e44b30659d5@group-032DC0AA9B70: ConfigurationManager, init=conf: {index: -1, cur=peers:[78917b03-a842-488e-9e7c-f00b43f4ecc3|127.0.0.1:15063, e6deb990-2c6c-4f88-aa04-2e44b30659d5|127.0.0.1:15071, e4fa6cd0-dc30-4550-b12f-023a3466045b|127.0.0.1:15079]|listeners:[], old=null}, confs=<EMPTY_MAP>
2025-07-19 06:07:12,523 [86838f6f-3dde-42b5-b01a-58c95bf80430@group-975CF7110FA0-LeaderElection8] INFO  server.RaftServer$Division (ServerState.java:setRaftConf(386)) - 86838f6f-3dde-42b5-b01a-58c95bf80430@group-975CF7110FA0: set configuration conf: {index: 0, cur=peers:[86838f6f-3dde-42b5-b01a-58c95bf80430|127.0.0.1:15031]|listeners:[], old=null}
2025-07-19 06:07:12,525 [86838f6f-3dde-42b5-b01a-58c95bf80430@group-975CF7110FA0-SegmentedRaftLogWorker] INFO  segmented.BufferedWriteChannel (BufferedWriteChannel.java:open(61)) - open log_inprogress_0 at position 0
2025-07-19 06:07:12,531 [e6deb990-2c6c-4f88-aa04-2e44b30659d5-groupManagement] INFO  server.RaftServerConfigKeys (ConfUtils.java:logGet(62)) - raft.server.storage.dir = [/home/runner/work/ozone/ozone/hadoop-ozone/integration-test/target/test-dir/MiniOzoneClusterImpl-09c4c6e1-5ab0-4195-ac7b-5aec6defaa36/ozone-meta/datanode-8/ratis] (custom)
2025-07-19 06:07:12,532 [e6deb990-2c6c-4f88-aa04-2e44b30659d5-groupManagement] INFO  storage.RaftStorageDirectory (RaftStorageDirectoryImpl.java:analyzeStorage(138)) - The storage directory /home/runner/work/ozone/ozone/hadoop-ozone/integration-test/target/test-dir/MiniOzoneClusterImpl-09c4c6e1-5ab0-4195-ac7b-5aec6defaa36/ozone-meta/datanode-8/ratis/d382207d-4198-4d69-b4f6-032dc0aa9b70 does not exist. Creating ...
2025-07-19 06:07:12,534 [e6deb990-2c6c-4f88-aa04-2e44b30659d5-groupManagement] INFO  storage.RaftStorageDirectory (RaftStorageDirectoryImpl.java:tryLock(229)) - Lock on /home/runner/work/ozone/ozone/hadoop-ozone/integration-test/target/test-dir/MiniOzoneClusterImpl-09c4c6e1-5ab0-4195-ac7b-5aec6defaa36/ozone-meta/datanode-8/ratis/d382207d-4198-4d69-b4f6-032dc0aa9b70/in_use.lock acquired by nodename 18124@localhost
2025-07-19 06:07:12,536 [86838f6f-3dde-42b5-b01a-58c95bf80430@group-975CF7110FA0-SegmentedRaftLogWorker] INFO  segmented.SegmentedRaftLogWorker (SegmentedRaftLogWorker.java:execute(647)) - 86838f6f-3dde-42b5-b01a-58c95bf80430@group-975CF7110FA0-SegmentedRaftLogWorker: created new log segment /home/runner/work/ozone/ozone/hadoop-ozone/integration-test/target/test-dir/MiniOzoneClusterImpl-09c4c6e1-5ab0-4195-ac7b-5aec6defaa36/ozone-meta/datanode-3/ratis/9cef7c10-6f5a-4f22-93de-975cf7110fa0/current/log_inprogress_0
2025-07-19 06:07:12,536 [e6deb990-2c6c-4f88-aa04-2e44b30659d5-groupManagement] INFO  storage.RaftStorage (RaftStorageImpl.java:format(98)) - Storage directory /home/runner/work/ozone/ozone/hadoop-ozone/integration-test/target/test-dir/MiniOzoneClusterImpl-09c4c6e1-5ab0-4195-ac7b-5aec6defaa36/ozone-meta/datanode-8/ratis/d382207d-4198-4d69-b4f6-032dc0aa9b70 has been successfully formatted.
2025-07-19 06:07:12,537 [e6deb990-2c6c-4f88-aa04-2e44b30659d5-groupManagement] INFO  ratis.ContainerStateMachine (ContainerStateMachine.java:initialize(339)) - e6deb990-2c6c-4f88-aa04-2e44b30659d5: initialize group-032DC0AA9B70
2025-07-19 06:07:12,537 [e6deb990-2c6c-4f88-aa04-2e44b30659d5-groupManagement] INFO  ratis.ContainerStateMachine (ContainerStateMachine.java:loadSnapshot(347)) - group-032DC0AA9B70: The snapshot info is null. Setting the last applied index to:<INITIAL_VALUE>
2025-07-19 06:07:12,537 [e6deb990-2c6c-4f88-aa04-2e44b30659d5-groupManagement] INFO  server.RaftServerConfigKeys (ConfUtils.java:logGet(62)) - raft.server.log.appender.buffer.byte-limit = 33554432 (custom)
2025-07-19 06:07:12,538 [86838f6f-3dde-42b5-b01a-58c95bf80430@group-8039453F51C4-FollowerState] INFO  impl.FollowerState (FollowerState.java:runImpl(161)) - 86838f6f-3dde-42b5-b01a-58c95bf80430@group-8039453F51C4-FollowerState: change to CANDIDATE, lastRpcElapsedTime:1147775699ns, electionTimeout:1147ms
2025-07-19 06:07:12,538 [86838f6f-3dde-42b5-b01a-58c95bf80430@group-8039453F51C4-FollowerState] INFO  impl.RoleInfo (RoleInfo.java:shutdownFollowerState(121)) - 86838f6f-3dde-42b5-b01a-58c95bf80430: shutdown 86838f6f-3dde-42b5-b01a-58c95bf80430@group-8039453F51C4-FollowerState
2025-07-19 06:07:12,538 [86838f6f-3dde-42b5-b01a-58c95bf80430@group-8039453F51C4-FollowerState] INFO  server.RaftServer$Division (RaftServerImpl.java:setRole(392)) - 86838f6f-3dde-42b5-b01a-58c95bf80430@group-8039453F51C4: changes role from  FOLLOWER to CANDIDATE at term 0 for changeToCandidate
2025-07-19 06:07:12,539 [86838f6f-3dde-42b5-b01a-58c95bf80430@group-8039453F51C4-FollowerState] INFO  impl.RoleInfo (RoleInfo.java:updateAndGet(148)) - 86838f6f-3dde-42b5-b01a-58c95bf80430: start 86838f6f-3dde-42b5-b01a-58c95bf80430@group-8039453F51C4-LeaderElection9
2025-07-19 06:07:12,539 [e6deb990-2c6c-4f88-aa04-2e44b30659d5-groupManagement] INFO  server.RaftServerConfigKeys (ConfUtils.java:logGet(62)) - raft.server.log.segment.size.max = 67108864 (custom)
2025-07-19 06:07:12,540 [86838f6f-3dde-42b5-b01a-58c95bf80430@group-8039453F51C4-LeaderElection9] INFO  impl.LeaderElection (LeaderElection.java:askForVotes(448)) - 86838f6f-3dde-42b5-b01a-58c95bf80430@group-8039453F51C4-LeaderElection9 PRE_VOTE round 0: submit vote requests at term 0 for conf: {index: -1, cur=peers:[7e15f5a0-0f8f-4a50-92e4-d2f5038b0085|127.0.0.1:15015, aa0cb613-fc94-4131-90ab-17bcd78458c4|127.0.0.1:15023, 86838f6f-3dde-42b5-b01a-58c95bf80430|127.0.0.1:15031]|listeners:[], old=null}
2025-07-19 06:07:12,540 [e6deb990-2c6c-4f88-aa04-2e44b30659d5-groupManagement] INFO  server.RaftServerConfigKeys (ConfUtils.java:logGet(62)) - raft.server.log.appender.buffer.byte-limit = 33554432 (custom)
2025-07-19 06:07:12,540 [86838f6f-3dde-42b5-b01a-58c95bf80430@group-8039453F51C4-LeaderElection9-1] INFO  server.GrpcServerProtocolClient (GrpcServerProtocolClient.java:<init>(65)) - Build channel for 7e15f5a0-0f8f-4a50-92e4-d2f5038b0085|127.0.0.1:15015
2025-07-19 06:07:12,541 [86838f6f-3dde-42b5-b01a-58c95bf80430@group-8039453F51C4-LeaderElection9-2] INFO  server.GrpcServerProtocolClient (GrpcServerProtocolClient.java:<init>(65)) - Build channel for aa0cb613-fc94-4131-90ab-17bcd78458c4|127.0.0.1:15023
2025-07-19 06:07:12,541 [e6deb990-2c6c-4f88-aa04-2e44b30659d5-groupManagement] INFO  util.AwaitToRun (AwaitToRun.java:start(81)) - Thread[#1348,e6deb990-2c6c-4f88-aa04-2e44b30659d5@group-032DC0AA9B70-cacheEviction-AwaitToRun,5,main] started
2025-07-19 06:07:12,542 [e6deb990-2c6c-4f88-aa04-2e44b30659d5-groupManagement] INFO  segmented.SegmentedRaftLogWorker (SegmentedRaftLogWorker.java:<init>(190)) - new e6deb990-2c6c-4f88-aa04-2e44b30659d5@group-032DC0AA9B70-SegmentedRaftLogWorker for RaftStorageImpl:Storage Directory /home/runner/work/ozone/ozone/hadoop-ozone/integration-test/target/test-dir/MiniOzoneClusterImpl-09c4c6e1-5ab0-4195-ac7b-5aec6defaa36/ozone-meta/datanode-8/ratis/d382207d-4198-4d69-b4f6-032dc0aa9b70
2025-07-19 06:07:12,542 [e6deb990-2c6c-4f88-aa04-2e44b30659d5-groupManagement] INFO  server.RaftServerConfigKeys (ConfUtils.java:logGet(62)) - raft.server.log.queue.byte-limit = 4294967296 (custom)
2025-07-19 06:07:12,542 [e6deb990-2c6c-4f88-aa04-2e44b30659d5-groupManagement] INFO  server.RaftServerConfigKeys (ConfUtils.java:logGet(62)) - raft.server.log.segment.size.max = 67108864 (custom)
2025-07-19 06:07:12,542 [e6deb990-2c6c-4f88-aa04-2e44b30659d5-groupManagement] INFO  server.RaftServerConfigKeys (ConfUtils.java:logGet(62)) - raft.server.log.preallocated.size = 4194304 (custom)
2025-07-19 06:07:12,541 [86838f6f-3dde-42b5-b01a-58c95bf80430@group-975CF7110FA0-StateMachineUpdater] INFO  server.RaftServer$Division (LeaderStateImpl.java:checkStartIndex(309)) - Leader 86838f6f-3dde-42b5-b01a-58c95bf80430@group-975CF7110FA0-LeaderStateImpl is ready since appliedIndex == startIndex == 0
2025-07-19 06:07:12,543 [e6deb990-2c6c-4f88-aa04-2e44b30659d5-groupManagement] INFO  server.RaftServerConfigKeys (ConfUtils.java:logGet(62)) - raft.server.log.write.buffer.size = 33554440 (custom)
2025-07-19 06:07:12,543 [86838f6f-3dde-42b5-b01a-58c95bf80430@group-975CF7110FA0-StateMachineUpdater] INFO  ratis.ContainerStateMachine (ContainerStateMachine.java:takeSnapshot(427)) - group-975CF7110FA0: Taking a snapshot at:(t:1, i:0) file /home/runner/work/ozone/ozone/hadoop-ozone/integration-test/target/test-dir/MiniOzoneClusterImpl-09c4c6e1-5ab0-4195-ac7b-5aec6defaa36/ozone-meta/datanode-3/ratis/9cef7c10-6f5a-4f22-93de-975cf7110fa0/sm/snapshot.1_0
2025-07-19 06:07:12,545 [86838f6f-3dde-42b5-b01a-58c95bf80430@group-975CF7110FA0-StateMachineUpdater] INFO  ratis.ContainerStateMachine (ContainerStateMachine.java:takeSnapshot(436)) - group-975CF7110FA0: Finished taking a snapshot at:(t:1, i:0) file:/home/runner/work/ozone/ozone/hadoop-ozone/integration-test/target/test-dir/MiniOzoneClusterImpl-09c4c6e1-5ab0-4195-ac7b-5aec6defaa36/ozone-meta/datanode-3/ratis/9cef7c10-6f5a-4f22-93de-975cf7110fa0/sm/snapshot.1_0 took: 2 ms
2025-07-19 06:07:12,545 [86838f6f-3dde-42b5-b01a-58c95bf80430@group-975CF7110FA0-StateMachineUpdater] INFO  impl.StateMachineUpdater (StateMachineUpdater.java:takeSnapshot(307)) - 86838f6f-3dde-42b5-b01a-58c95bf80430@group-975CF7110FA0-StateMachineUpdater: Took a snapshot at index 0
2025-07-19 06:07:12,545 [86838f6f-3dde-42b5-b01a-58c95bf80430@group-975CF7110FA0-StateMachineUpdater] INFO  impl.StateMachineUpdater (StateMachineUpdater.java:lambda$new$0(101)) - 86838f6f-3dde-42b5-b01a-58c95bf80430@group-975CF7110FA0-StateMachineUpdater: snapshotIndex: updateIncreasingly -1 -> 0
2025-07-19 06:07:12,552 [grpc-default-executor-4] INFO  server.RaftServer$Division (RaftServerImpl.java:requestVote(1421)) - aa0cb613-fc94-4131-90ab-17bcd78458c4@group-8039453F51C4: receive requestVote(PRE_VOTE, 86838f6f-3dde-42b5-b01a-58c95bf80430, group-8039453F51C4, 0, <PROTO_DEFAULT>)
2025-07-19 06:07:12,552 [grpc-default-executor-4] INFO  impl.VoteContext (VoteContext.java:log(49)) - aa0cb613-fc94-4131-90ab-17bcd78458c4@group-8039453F51C4-FOLLOWER: accept PRE_VOTE from 86838f6f-3dde-42b5-b01a-58c95bf80430: our priority 0 <= candidate's priority 1
2025-07-19 06:07:12,552 [grpc-default-executor-4] INFO  server.RaftServer$Division (RaftServerImpl.java:requestVote(1455)) - aa0cb613-fc94-4131-90ab-17bcd78458c4@group-8039453F51C4 replies to PRE_VOTE vote request: 86838f6f-3dde-42b5-b01a-58c95bf80430<-aa0cb613-fc94-4131-90ab-17bcd78458c4#0:OK-t0-last:<INITIAL_VALUE>. Peer's state: aa0cb613-fc94-4131-90ab-17bcd78458c4@group-8039453F51C4:t0, leader=null, voted=, raftlog=Memoized:aa0cb613-fc94-4131-90ab-17bcd78458c4@group-8039453F51C4-SegmentedRaftLog:OPENED:c-1:lastnull, conf=conf: {index: -1, cur=peers:[7e15f5a0-0f8f-4a50-92e4-d2f5038b0085|127.0.0.1:15015, aa0cb613-fc94-4131-90ab-17bcd78458c4|127.0.0.1:15023, 86838f6f-3dde-42b5-b01a-58c95bf80430|127.0.0.1:15031]|listeners:[], old=null}
2025-07-19 06:07:12,553 [grpc-default-executor-2] INFO  server.RaftServer$Division (RaftServerImpl.java:requestVote(1421)) - 7e15f5a0-0f8f-4a50-92e4-d2f5038b0085@group-8039453F51C4: receive requestVote(PRE_VOTE, 86838f6f-3dde-42b5-b01a-58c95bf80430, group-8039453F51C4, 0, <PROTO_DEFAULT>)
2025-07-19 06:07:12,553 [grpc-default-executor-2] INFO  impl.VoteContext (VoteContext.java:log(49)) - 7e15f5a0-0f8f-4a50-92e4-d2f5038b0085@group-8039453F51C4-FOLLOWER: accept PRE_VOTE from 86838f6f-3dde-42b5-b01a-58c95bf80430: our priority 0 <= candidate's priority 1
2025-07-19 06:07:12,553 [grpc-default-executor-2] INFO  server.RaftServer$Division (RaftServerImpl.java:requestVote(1455)) - 7e15f5a0-0f8f-4a50-92e4-d2f5038b0085@group-8039453F51C4 replies to PRE_VOTE vote request: 86838f6f-3dde-42b5-b01a-58c95bf80430<-7e15f5a0-0f8f-4a50-92e4-d2f5038b0085#0:OK-t0-last:<INITIAL_VALUE>. Peer's state: 7e15f5a0-0f8f-4a50-92e4-d2f5038b0085@group-8039453F51C4:t0, leader=null, voted=, raftlog=Memoized:7e15f5a0-0f8f-4a50-92e4-d2f5038b0085@group-8039453F51C4-SegmentedRaftLog:OPENED:c-1:lastnull, conf=conf: {index: -1, cur=peers:[7e15f5a0-0f8f-4a50-92e4-d2f5038b0085|127.0.0.1:15015, aa0cb613-fc94-4131-90ab-17bcd78458c4|127.0.0.1:15023, 86838f6f-3dde-42b5-b01a-58c95bf80430|127.0.0.1:15031]|listeners:[], old=null}
2025-07-19 06:07:12,554 [e6deb990-2c6c-4f88-aa04-2e44b30659d5-groupManagement] INFO  server.RaftServerConfigKeys (ConfUtils.java:logGet(62)) - raft.server.log.appender.buffer.byte-limit = 33554432 (custom)
2025-07-19 06:07:12,554 [e6deb990-2c6c-4f88-aa04-2e44b30659d5-groupManagement] INFO  segmented.SegmentedRaftLogWorker (SegmentedRaftLogWorker.java:lambda$new$0(141)) - e6deb990-2c6c-4f88-aa04-2e44b30659d5@group-032DC0AA9B70-SegmentedRaftLogWorker: flushIndex: setUnconditionally 0 -> -1
2025-07-19 06:07:12,554 [e6deb990-2c6c-4f88-aa04-2e44b30659d5-groupManagement] INFO  segmented.SegmentedRaftLogWorker (SegmentedRaftLogWorker.java:lambda$new$0(141)) - e6deb990-2c6c-4f88-aa04-2e44b30659d5@group-032DC0AA9B70-SegmentedRaftLogWorker: safeCacheEvictIndex: setUnconditionally 0 -> -1
2025-07-19 06:07:12,557 [86838f6f-3dde-42b5-b01a-58c95bf80430@group-8039453F51C4-LeaderElection9] INFO  impl.LeaderElection (LeaderElection.java:logAndReturn(206)) - 86838f6f-3dde-42b5-b01a-58c95bf80430@group-8039453F51C4-LeaderElection9: PRE_VOTE PASSED received 1 response(s) and 0 exception(s):
2025-07-19 06:07:12,557 [86838f6f-3dde-42b5-b01a-58c95bf80430@group-8039453F51C4-LeaderElection9] INFO  impl.LeaderElection (LeaderElection.java:logAndReturn(210)) -   Response 0: 86838f6f-3dde-42b5-b01a-58c95bf80430<-aa0cb613-fc94-4131-90ab-17bcd78458c4#0:OK-t0-last:<INITIAL_VALUE>
2025-07-19 06:07:12,557 [86838f6f-3dde-42b5-b01a-58c95bf80430@group-8039453F51C4-LeaderElection9] INFO  impl.LeaderElection (LeaderElection.java:askForVotes(450)) - 86838f6f-3dde-42b5-b01a-58c95bf80430@group-8039453F51C4-LeaderElection9 PRE_VOTE round 0: result PASSED
2025-07-19 06:07:12,557 [e6deb990-2c6c-4f88-aa04-2e44b30659d5-groupManagement] INFO  server.RaftServer$Division (RaftServerImpl.java:start(405)) - e6deb990-2c6c-4f88-aa04-2e44b30659d5@group-032DC0AA9B70: start as a follower, conf=conf: {index: -1, cur=peers:[78917b03-a842-488e-9e7c-f00b43f4ecc3|127.0.0.1:15063, e6deb990-2c6c-4f88-aa04-2e44b30659d5|127.0.0.1:15071, e4fa6cd0-dc30-4550-b12f-023a3466045b|127.0.0.1:15079]|listeners:[], old=null}
2025-07-19 06:07:12,557 [e6deb990-2c6c-4f88-aa04-2e44b30659d5-groupManagement] INFO  server.RaftServer$Division (RaftServerImpl.java:setRole(392)) - e6deb990-2c6c-4f88-aa04-2e44b30659d5@group-032DC0AA9B70: changes role from      null to FOLLOWER at term 0 for startAsFollower
2025-07-19 06:07:12,557 [e6deb990-2c6c-4f88-aa04-2e44b30659d5-groupManagement] INFO  impl.RoleInfo (RoleInfo.java:updateAndGet(148)) - e6deb990-2c6c-4f88-aa04-2e44b30659d5: start e6deb990-2c6c-4f88-aa04-2e44b30659d5@group-032DC0AA9B70-FollowerState
2025-07-19 06:07:12,561 [86838f6f-3dde-42b5-b01a-58c95bf80430@group-8039453F51C4-LeaderElection9] INFO  impl.LeaderElection (LeaderElection.java:askForVotes(448)) - 86838f6f-3dde-42b5-b01a-58c95bf80430@group-8039453F51C4-LeaderElection9 ELECTION round 0: submit vote requests at term 1 for conf: {index: -1, cur=peers:[7e15f5a0-0f8f-4a50-92e4-d2f5038b0085|127.0.0.1:15015, aa0cb613-fc94-4131-90ab-17bcd78458c4|127.0.0.1:15023, 86838f6f-3dde-42b5-b01a-58c95bf80430|127.0.0.1:15031]|listeners:[], old=null}
2025-07-19 06:07:12,562 [e6deb990-2c6c-4f88-aa04-2e44b30659d5-groupManagement] INFO  util.JmxRegister (JmxRegister.java:tryRegister(44)) - Successfully registered JMX Bean with object name Ratis:service=RaftServer,group=group-032DC0AA9B70,id=e6deb990-2c6c-4f88-aa04-2e44b30659d5
2025-07-19 06:07:12,562 [e6deb990-2c6c-4f88-aa04-2e44b30659d5-groupManagement] INFO  util.JmxRegister (JmxRegister.java:register(58)) - register mxBean class org.apache.ratis.server.impl.RaftServerJmxAdapter as Ratis:service=RaftServer,group=group-032DC0AA9B70,id=e6deb990-2c6c-4f88-aa04-2e44b30659d5
2025-07-19 06:07:12,564 [e6deb990-2c6c-4f88-aa04-2e44b30659d5-groupManagement] INFO  server.RaftServer$Division (RaftServerImpl.java:start(419)) - e6deb990-2c6c-4f88-aa04-2e44b30659d5@group-032DC0AA9B70: Successfully started.
2025-07-19 06:07:12,566 [grpc-default-executor-4] INFO  server.RaftServer$Division (RaftServerImpl.java:requestVote(1421)) - aa0cb613-fc94-4131-90ab-17bcd78458c4@group-8039453F51C4: receive requestVote(ELECTION, 86838f6f-3dde-42b5-b01a-58c95bf80430, group-8039453F51C4, 1, <PROTO_DEFAULT>)
2025-07-19 06:07:12,566 [grpc-default-executor-4] INFO  impl.VoteContext (VoteContext.java:log(49)) - aa0cb613-fc94-4131-90ab-17bcd78458c4@group-8039453F51C4-FOLLOWER: accept ELECTION from 86838f6f-3dde-42b5-b01a-58c95bf80430: our priority 0 <= candidate's priority 1
2025-07-19 06:07:12,568 [grpc-default-executor-2] INFO  server.RaftServer$Division (RaftServerImpl.java:requestVote(1421)) - 7e15f5a0-0f8f-4a50-92e4-d2f5038b0085@group-8039453F51C4: receive requestVote(ELECTION, 86838f6f-3dde-42b5-b01a-58c95bf80430, group-8039453F51C4, 1, <PROTO_DEFAULT>)
2025-07-19 06:07:12,569 [grpc-default-executor-2] INFO  impl.VoteContext (VoteContext.java:log(49)) - 7e15f5a0-0f8f-4a50-92e4-d2f5038b0085@group-8039453F51C4-FOLLOWER: accept ELECTION from 86838f6f-3dde-42b5-b01a-58c95bf80430: our priority 0 <= candidate's priority 1
2025-07-19 06:07:12,569 [grpc-default-executor-2] INFO  server.RaftServer$Division (RaftServerImpl.java:setRole(392)) - 7e15f5a0-0f8f-4a50-92e4-d2f5038b0085@group-8039453F51C4: changes role from  FOLLOWER to FOLLOWER at term 0 for candidate:86838f6f-3dde-42b5-b01a-58c95bf80430
2025-07-19 06:07:12,569 [grpc-default-executor-2] INFO  impl.RoleInfo (RoleInfo.java:shutdownFollowerState(121)) - 7e15f5a0-0f8f-4a50-92e4-d2f5038b0085: shutdown 7e15f5a0-0f8f-4a50-92e4-d2f5038b0085@group-8039453F51C4-FollowerState
2025-07-19 06:07:12,570 [grpc-default-executor-2] INFO  impl.RoleInfo (RoleInfo.java:updateAndGet(148)) - 7e15f5a0-0f8f-4a50-92e4-d2f5038b0085: start 7e15f5a0-0f8f-4a50-92e4-d2f5038b0085@group-8039453F51C4-FollowerState
2025-07-19 06:07:12,569 [grpc-default-executor-4] INFO  server.RaftServer$Division (RaftServerImpl.java:setRole(392)) - aa0cb613-fc94-4131-90ab-17bcd78458c4@group-8039453F51C4: changes role from  FOLLOWER to FOLLOWER at term 0 for candidate:86838f6f-3dde-42b5-b01a-58c95bf80430
2025-07-19 06:07:12,570 [7e15f5a0-0f8f-4a50-92e4-d2f5038b0085@group-8039453F51C4-FollowerState] INFO  impl.FollowerState (FollowerState.java:runImpl(170)) - 7e15f5a0-0f8f-4a50-92e4-d2f5038b0085@group-8039453F51C4-FollowerState was interrupted
2025-07-19 06:07:12,570 [grpc-default-executor-4] INFO  impl.RoleInfo (RoleInfo.java:shutdownFollowerState(121)) - aa0cb613-fc94-4131-90ab-17bcd78458c4: shutdown aa0cb613-fc94-4131-90ab-17bcd78458c4@group-8039453F51C4-FollowerState
2025-07-19 06:07:12,570 [grpc-default-executor-4] INFO  impl.RoleInfo (RoleInfo.java:updateAndGet(148)) - aa0cb613-fc94-4131-90ab-17bcd78458c4: start aa0cb613-fc94-4131-90ab-17bcd78458c4@group-8039453F51C4-FollowerState
2025-07-19 06:07:12,570 [aa0cb613-fc94-4131-90ab-17bcd78458c4@group-8039453F51C4-FollowerState] INFO  impl.FollowerState (FollowerState.java:runImpl(170)) - aa0cb613-fc94-4131-90ab-17bcd78458c4@group-8039453F51C4-FollowerState was interrupted
2025-07-19 06:07:12,570 [grpc-default-executor-4] INFO  server.RaftServer$Division (RaftServerImpl.java:setFirstElection(576)) - aa0cb613-fc94-4131-90ab-17bcd78458c4@group-8039453F51C4: set firstElectionSinceStartup to false for candidate:86838f6f-3dde-42b5-b01a-58c95bf80430
2025-07-19 06:07:12,573 [78917b03-a842-488e-9e7c-f00b43f4ecc3-PipelineCommandHandlerThread-0] INFO  commandhandler.CreatePipelineCommandHandler (CreatePipelineCommandHandler.java:lambda$handle$2(127)) - Created Pipeline RATIS THREE Pipeline-d382207d-4198-4d69-b4f6-032dc0aa9b70.
2025-07-19 06:07:12,573 [78917b03-a842-488e-9e7c-f00b43f4ecc3-PipelineCommandHandlerThread-0] INFO  server.RaftServer (RaftServerProxy.java:addNew(105)) - 78917b03-a842-488e-9e7c-f00b43f4ecc3: addNew group-FB10F0A93659:[e6deb990-2c6c-4f88-aa04-2e44b30659d5|127.0.0.1:15071, 78917b03-a842-488e-9e7c-f00b43f4ecc3|127.0.0.1:15063, e4fa6cd0-dc30-4550-b12f-023a3466045b|127.0.0.1:15079] returns group-FB10F0A93659:java.util.concurrent.CompletableFuture@2584dd77[Not completed]
2025-07-19 06:07:12,574 [grpc-default-executor-4] INFO  server.RaftServer$Division (RaftServerImpl.java:requestVote(1455)) - aa0cb613-fc94-4131-90ab-17bcd78458c4@group-8039453F51C4 replies to ELECTION vote request: 86838f6f-3dde-42b5-b01a-58c95bf80430<-aa0cb613-fc94-4131-90ab-17bcd78458c4#0:OK-t1-last:<INITIAL_VALUE>. Peer's state: aa0cb613-fc94-4131-90ab-17bcd78458c4@group-8039453F51C4:t1, leader=null, voted=86838f6f-3dde-42b5-b01a-58c95bf80430, raftlog=Memoized:aa0cb613-fc94-4131-90ab-17bcd78458c4@group-8039453F51C4-SegmentedRaftLog:OPENED:c-1:lastnull, conf=conf: {index: -1, cur=peers:[7e15f5a0-0f8f-4a50-92e4-d2f5038b0085|127.0.0.1:15015, aa0cb613-fc94-4131-90ab-17bcd78458c4|127.0.0.1:15023, 86838f6f-3dde-42b5-b01a-58c95bf80430|127.0.0.1:15031]|listeners:[], old=null}
2025-07-19 06:07:12,574 [grpc-default-executor-2] INFO  server.RaftServer$Division (RaftServerImpl.java:requestVote(1455)) - 7e15f5a0-0f8f-4a50-92e4-d2f5038b0085@group-8039453F51C4 replies to ELECTION vote request: 86838f6f-3dde-42b5-b01a-58c95bf80430<-7e15f5a0-0f8f-4a50-92e4-d2f5038b0085#0:OK-t1-last:<INITIAL_VALUE>. Peer's state: 7e15f5a0-0f8f-4a50-92e4-d2f5038b0085@group-8039453F51C4:t1, leader=null, voted=86838f6f-3dde-42b5-b01a-58c95bf80430, raftlog=Memoized:7e15f5a0-0f8f-4a50-92e4-d2f5038b0085@group-8039453F51C4-SegmentedRaftLog:OPENED:c-1:lastnull, conf=conf: {index: -1, cur=peers:[7e15f5a0-0f8f-4a50-92e4-d2f5038b0085|127.0.0.1:15015, aa0cb613-fc94-4131-90ab-17bcd78458c4|127.0.0.1:15023, 86838f6f-3dde-42b5-b01a-58c95bf80430|127.0.0.1:15031]|listeners:[], old=null}
2025-07-19 06:07:12,576 [86838f6f-3dde-42b5-b01a-58c95bf80430@group-8039453F51C4-LeaderElection9] INFO  impl.LeaderElection (LeaderElection.java:logAndReturn(206)) - 86838f6f-3dde-42b5-b01a-58c95bf80430@group-8039453F51C4-LeaderElection9: ELECTION PASSED received 1 response(s) and 0 exception(s):
2025-07-19 06:07:12,576 [86838f6f-3dde-42b5-b01a-58c95bf80430@group-8039453F51C4-LeaderElection9] INFO  impl.LeaderElection (LeaderElection.java:logAndReturn(210)) -   Response 0: 86838f6f-3dde-42b5-b01a-58c95bf80430<-aa0cb613-fc94-4131-90ab-17bcd78458c4#0:OK-t1-last:<INITIAL_VALUE>
2025-07-19 06:07:12,576 [86838f6f-3dde-42b5-b01a-58c95bf80430@group-8039453F51C4-LeaderElection9] INFO  impl.LeaderElection (LeaderElection.java:askForVotes(450)) - 86838f6f-3dde-42b5-b01a-58c95bf80430@group-8039453F51C4-LeaderElection9 ELECTION round 0: result PASSED
2025-07-19 06:07:12,577 [86838f6f-3dde-42b5-b01a-58c95bf80430@group-8039453F51C4-LeaderElection9] INFO  impl.RoleInfo (RoleInfo.java:shutdownLeaderElection(141)) - 86838f6f-3dde-42b5-b01a-58c95bf80430: shutdown 86838f6f-3dde-42b5-b01a-58c95bf80430@group-8039453F51C4-LeaderElection9
2025-07-19 06:07:12,577 [86838f6f-3dde-42b5-b01a-58c95bf80430@group-8039453F51C4-LeaderElection9] INFO  server.RaftServer$Division (RaftServerImpl.java:setRole(392)) - 86838f6f-3dde-42b5-b01a-58c95bf80430@group-8039453F51C4: changes role from CANDIDATE to LEADER at term 1 for changeToLeader
2025-07-19 06:07:12,577 [86838f6f-3dde-42b5-b01a-58c95bf80430@group-8039453F51C4-LeaderElection9] INFO  server.RaftServerConfigKeys (ConfUtils.java:logFallback(69)) - raft.server.staging.timeout = 15600ms (fallback to raft.server.rpc.timeout.max)
2025-07-19 06:07:12,577 [86838f6f-3dde-42b5-b01a-58c95bf80430@group-8039453F51C4-LeaderElection9] INFO  server.RaftServerConfigKeys (ConfUtils.java:logGet(62)) - raft.server.write.byte-limit = 1024 M (=1073741824) (custom)
2025-07-19 06:07:12,578 [86838f6f-3dde-42b5-b01a-58c95bf80430@group-8039453F51C4-LeaderElection9] INFO  server.RaftServerConfigKeys (ConfUtils.java:logGet(62)) - raft.server.log.appender.buffer.byte-limit = 33554432 (custom)
2025-07-19 06:07:12,580 [86838f6f-3dde-42b5-b01a-58c95bf80430@group-8039453F51C4-LeaderElection9] INFO  server.RaftServerConfigKeys (ConfUtils.java:logGet(62)) - raft.server.log.appender.buffer.byte-limit = 33554432 (custom)
2025-07-19 06:07:12,581 [86838f6f-3dde-42b5-b01a-58c95bf80430@group-8039453F51C4-LeaderElection9] INFO  impl.RoleInfo (RoleInfo.java:updateAndGet(148)) - 86838f6f-3dde-42b5-b01a-58c95bf80430: start 86838f6f-3dde-42b5-b01a-58c95bf80430@group-8039453F51C4-LeaderStateImpl
2025-07-19 06:07:12,581 [86838f6f-3dde-42b5-b01a-58c95bf80430@group-8039453F51C4-LeaderElection9] INFO  server.RaftServer$Division (RaftServerImpl.java:setFirstElection(576)) - 86838f6f-3dde-42b5-b01a-58c95bf80430@group-8039453F51C4: set firstElectionSinceStartup to false for becomeLeader
2025-07-19 06:07:12,582 [86838f6f-3dde-42b5-b01a-58c95bf80430@group-8039453F51C4-LeaderElection9] INFO  ratis.XceiverServerRatis (XceiverServerRatis.java:handleLeaderChangedNotification(944)) - Leader change notification received for group: group-8039453F51C4 with new leaderId: 86838f6f-3dde-42b5-b01a-58c95bf80430
2025-07-19 06:07:12,583 [86838f6f-3dde-42b5-b01a-58c95bf80430@group-8039453F51C4-LeaderElection9] INFO  server.RaftServer$Division (ServerState.java:setLeader(272)) - 86838f6f-3dde-42b5-b01a-58c95bf80430@group-8039453F51C4: change Leader from null to 86838f6f-3dde-42b5-b01a-58c95bf80430 at term 1 for becomeLeader, leader elected after 1226ms
2025-07-19 06:07:12,584 [86838f6f-3dde-42b5-b01a-58c95bf80430@group-8039453F51C4-LeaderElection9] INFO  segmented.SegmentedRaftLogWorker (SegmentedRaftLogWorker.java:startLogSegment(440)) - 86838f6f-3dde-42b5-b01a-58c95bf80430@group-8039453F51C4-SegmentedRaftLogWorker: Starting segment from index:0
2025-07-19 06:07:12,584 [86838f6f-3dde-42b5-b01a-58c95bf80430@group-8039453F51C4-LeaderElection9] INFO  server.RaftServer$Division (ServerState.java:setRaftConf(386)) - 86838f6f-3dde-42b5-b01a-58c95bf80430@group-8039453F51C4: set configuration conf: {index: 0, cur=peers:[7e15f5a0-0f8f-4a50-92e4-d2f5038b0085|127.0.0.1:15015, aa0cb613-fc94-4131-90ab-17bcd78458c4|127.0.0.1:15023, 86838f6f-3dde-42b5-b01a-58c95bf80430|127.0.0.1:15031]|listeners:[], old=null}
2025-07-19 06:07:12,585 [86838f6f-3dde-42b5-b01a-58c95bf80430@group-8039453F51C4-SegmentedRaftLogWorker] INFO  segmented.BufferedWriteChannel (BufferedWriteChannel.java:open(61)) - open log_inprogress_0 at position 0
2025-07-19 06:07:12,594 [EventQueue-PipelineReportForPipelineReportHandler] INFO  pipeline.PipelineReportHandler (PipelineReportHandler.java:processPipelineReport(134)) - Opened pipeline Pipeline-8087f958-22a4-4a04-9a20-8039453f51c4
2025-07-19 06:07:12,599 [grpc-default-executor-6] INFO  ratis.XceiverServerRatis (XceiverServerRatis.java:handleLeaderChangedNotification(944)) - Leader change notification received for group: group-8039453F51C4 with new leaderId: 86838f6f-3dde-42b5-b01a-58c95bf80430
2025-07-19 06:07:12,599 [grpc-default-executor-6] INFO  server.RaftServer$Division (ServerState.java:setLeader(272)) - 7e15f5a0-0f8f-4a50-92e4-d2f5038b0085@group-8039453F51C4: change Leader from null to 86838f6f-3dde-42b5-b01a-58c95bf80430 at term 1 for appendEntries, leader elected after 1320ms
2025-07-19 06:07:12,605 [grpc-default-executor-4] INFO  ratis.XceiverServerRatis (XceiverServerRatis.java:handleLeaderChangedNotification(944)) - Leader change notification received for group: group-8039453F51C4 with new leaderId: 86838f6f-3dde-42b5-b01a-58c95bf80430
2025-07-19 06:07:12,606 [grpc-default-executor-4] INFO  server.RaftServer$Division (ServerState.java:setLeader(272)) - aa0cb613-fc94-4131-90ab-17bcd78458c4@group-8039453F51C4: change Leader from null to 86838f6f-3dde-42b5-b01a-58c95bf80430 at term 1 for appendEntries, leader elected after 1345ms
2025-07-19 06:07:12,607 [grpc-default-executor-2] INFO  server.RaftServer$Division (ServerState.java:setRaftConf(386)) - aa0cb613-fc94-4131-90ab-17bcd78458c4@group-8039453F51C4: set configuration conf: {index: 0, cur=peers:[7e15f5a0-0f8f-4a50-92e4-d2f5038b0085|127.0.0.1:15015, aa0cb613-fc94-4131-90ab-17bcd78458c4|127.0.0.1:15023, 86838f6f-3dde-42b5-b01a-58c95bf80430|127.0.0.1:15031]|listeners:[], old=null}
2025-07-19 06:07:12,607 [grpc-default-executor-2] INFO  segmented.SegmentedRaftLogWorker (SegmentedRaftLogWorker.java:startLogSegment(440)) - aa0cb613-fc94-4131-90ab-17bcd78458c4@group-8039453F51C4-SegmentedRaftLogWorker: Starting segment from index:0
2025-07-19 06:07:12,608 [aa0cb613-fc94-4131-90ab-17bcd78458c4@group-8039453F51C4-SegmentedRaftLogWorker] INFO  segmented.BufferedWriteChannel (BufferedWriteChannel.java:open(61)) - open log_inprogress_0 at position 0
2025-07-19 06:07:12,606 [grpc-default-executor-6] INFO  server.RaftServer$Division (ServerState.java:setRaftConf(386)) - 7e15f5a0-0f8f-4a50-92e4-d2f5038b0085@group-8039453F51C4: set configuration conf: {index: 0, cur=peers:[7e15f5a0-0f8f-4a50-92e4-d2f5038b0085|127.0.0.1:15015, aa0cb613-fc94-4131-90ab-17bcd78458c4|127.0.0.1:15023, 86838f6f-3dde-42b5-b01a-58c95bf80430|127.0.0.1:15031]|listeners:[], old=null}
2025-07-19 06:07:12,611 [grpc-default-executor-6] INFO  segmented.SegmentedRaftLogWorker (SegmentedRaftLogWorker.java:startLogSegment(440)) - 7e15f5a0-0f8f-4a50-92e4-d2f5038b0085@group-8039453F51C4-SegmentedRaftLogWorker: Starting segment from index:0
2025-07-19 06:07:12,612 [86838f6f-3dde-42b5-b01a-58c95bf80430@group-8039453F51C4-SegmentedRaftLogWorker] INFO  segmented.SegmentedRaftLogWorker (SegmentedRaftLogWorker.java:execute(647)) - 86838f6f-3dde-42b5-b01a-58c95bf80430@group-8039453F51C4-SegmentedRaftLogWorker: created new log segment /home/runner/work/ozone/ozone/hadoop-ozone/integration-test/target/test-dir/MiniOzoneClusterImpl-09c4c6e1-5ab0-4195-ac7b-5aec6defaa36/ozone-meta/datanode-3/ratis/8087f958-22a4-4a04-9a20-8039453f51c4/current/log_inprogress_0
2025-07-19 06:07:12,614 [78917b03-a842-488e-9e7c-f00b43f4ecc3-groupManagement] INFO  server.RaftServer$Division (RaftServerImpl.java:<init>(268)) - 78917b03-a842-488e-9e7c-f00b43f4ecc3: new RaftServerImpl for group-FB10F0A93659:[e6deb990-2c6c-4f88-aa04-2e44b30659d5|127.0.0.1:15071, 78917b03-a842-488e-9e7c-f00b43f4ecc3|127.0.0.1:15063, e4fa6cd0-dc30-4550-b12f-023a3466045b|127.0.0.1:15079] with ContainerStateMachine:uninitialized
2025-07-19 06:07:12,614 [78917b03-a842-488e-9e7c-f00b43f4ecc3-groupManagement] INFO  server.RaftServer$Division (ServerState.java:<init>(114)) - 78917b03-a842-488e-9e7c-f00b43f4ecc3@group-FB10F0A93659: ConfigurationManager, init=conf: {index: -1, cur=peers:[e6deb990-2c6c-4f88-aa04-2e44b30659d5|127.0.0.1:15071, 78917b03-a842-488e-9e7c-f00b43f4ecc3|127.0.0.1:15063, e4fa6cd0-dc30-4550-b12f-023a3466045b|127.0.0.1:15079]|listeners:[], old=null}, confs=<EMPTY_MAP>
2025-07-19 06:07:12,615 [7e15f5a0-0f8f-4a50-92e4-d2f5038b0085@group-8039453F51C4-SegmentedRaftLogWorker] INFO  segmented.BufferedWriteChannel (BufferedWriteChannel.java:open(61)) - open log_inprogress_0 at position 0
2025-07-19 06:07:12,622 [78917b03-a842-488e-9e7c-f00b43f4ecc3-groupManagement] INFO  server.RaftServerConfigKeys (ConfUtils.java:logGet(62)) - raft.server.storage.dir = [/home/runner/work/ozone/ozone/hadoop-ozone/integration-test/target/test-dir/MiniOzoneClusterImpl-09c4c6e1-5ab0-4195-ac7b-5aec6defaa36/ozone-meta/datanode-7/ratis] (custom)
2025-07-19 06:07:12,622 [78917b03-a842-488e-9e7c-f00b43f4ecc3-groupManagement] INFO  storage.RaftStorageDirectory (RaftStorageDirectoryImpl.java:analyzeStorage(138)) - The storage directory /home/runner/work/ozone/ozone/hadoop-ozone/integration-test/target/test-dir/MiniOzoneClusterImpl-09c4c6e1-5ab0-4195-ac7b-5aec6defaa36/ozone-meta/datanode-7/ratis/04a4c252-88a2-4fd6-909f-fb10f0a93659 does not exist. Creating ...
2025-07-19 06:07:12,625 [aa0cb613-fc94-4131-90ab-17bcd78458c4@group-8039453F51C4-SegmentedRaftLogWorker] INFO  segmented.SegmentedRaftLogWorker (SegmentedRaftLogWorker.java:execute(647)) - aa0cb613-fc94-4131-90ab-17bcd78458c4@group-8039453F51C4-SegmentedRaftLogWorker: created new log segment /home/runner/work/ozone/ozone/hadoop-ozone/integration-test/target/test-dir/MiniOzoneClusterImpl-09c4c6e1-5ab0-4195-ac7b-5aec6defaa36/ozone-meta/datanode-2/ratis/8087f958-22a4-4a04-9a20-8039453f51c4/current/log_inprogress_0
2025-07-19 06:07:12,627 [7e15f5a0-0f8f-4a50-92e4-d2f5038b0085@group-8039453F51C4-SegmentedRaftLogWorker] INFO  segmented.SegmentedRaftLogWorker (SegmentedRaftLogWorker.java:execute(647)) - 7e15f5a0-0f8f-4a50-92e4-d2f5038b0085@group-8039453F51C4-SegmentedRaftLogWorker: created new log segment /home/runner/work/ozone/ozone/hadoop-ozone/integration-test/target/test-dir/MiniOzoneClusterImpl-09c4c6e1-5ab0-4195-ac7b-5aec6defaa36/ozone-meta/datanode-1/ratis/8087f958-22a4-4a04-9a20-8039453f51c4/current/log_inprogress_0
2025-07-19 06:07:12,627 [78917b03-a842-488e-9e7c-f00b43f4ecc3-groupManagement] INFO  storage.RaftStorageDirectory (RaftStorageDirectoryImpl.java:tryLock(229)) - Lock on /home/runner/work/ozone/ozone/hadoop-ozone/integration-test/target/test-dir/MiniOzoneClusterImpl-09c4c6e1-5ab0-4195-ac7b-5aec6defaa36/ozone-meta/datanode-7/ratis/04a4c252-88a2-4fd6-909f-fb10f0a93659/in_use.lock acquired by nodename 18124@localhost
2025-07-19 06:07:12,629 [78917b03-a842-488e-9e7c-f00b43f4ecc3-groupManagement] INFO  storage.RaftStorage (RaftStorageImpl.java:format(98)) - Storage directory /home/runner/work/ozone/ozone/hadoop-ozone/integration-test/target/test-dir/MiniOzoneClusterImpl-09c4c6e1-5ab0-4195-ac7b-5aec6defaa36/ozone-meta/datanode-7/ratis/04a4c252-88a2-4fd6-909f-fb10f0a93659 has been successfully formatted.
2025-07-19 06:07:12,629 [78917b03-a842-488e-9e7c-f00b43f4ecc3-groupManagement] INFO  ratis.ContainerStateMachine (ContainerStateMachine.java:initialize(339)) - 78917b03-a842-488e-9e7c-f00b43f4ecc3: initialize group-FB10F0A93659
2025-07-19 06:07:12,631 [78917b03-a842-488e-9e7c-f00b43f4ecc3-groupManagement] INFO  ratis.ContainerStateMachine (ContainerStateMachine.java:loadSnapshot(347)) - group-FB10F0A93659: The snapshot info is null. Setting the last applied index to:<INITIAL_VALUE>
2025-07-19 06:07:12,631 [78917b03-a842-488e-9e7c-f00b43f4ecc3-groupManagement] INFO  server.RaftServerConfigKeys (ConfUtils.java:logGet(62)) - raft.server.log.appender.buffer.byte-limit = 33554432 (custom)
2025-07-19 06:07:12,635 [86838f6f-3dde-42b5-b01a-58c95bf80430@group-8039453F51C4-StateMachineUpdater] INFO  server.RaftServer$Division (LeaderStateImpl.java:checkStartIndex(309)) - Leader 86838f6f-3dde-42b5-b01a-58c95bf80430@group-8039453F51C4-LeaderStateImpl is ready since appliedIndex == startIndex == 0
2025-07-19 06:07:12,635 [86838f6f-3dde-42b5-b01a-58c95bf80430@group-8039453F51C4-StateMachineUpdater] INFO  ratis.ContainerStateMachine (ContainerStateMachine.java:takeSnapshot(427)) - group-8039453F51C4: Taking a snapshot at:(t:1, i:0) file /home/runner/work/ozone/ozone/hadoop-ozone/integration-test/target/test-dir/MiniOzoneClusterImpl-09c4c6e1-5ab0-4195-ac7b-5aec6defaa36/ozone-meta/datanode-3/ratis/8087f958-22a4-4a04-9a20-8039453f51c4/sm/snapshot.1_0
2025-07-19 06:07:12,636 [86838f6f-3dde-42b5-b01a-58c95bf80430@group-8039453F51C4-StateMachineUpdater] INFO  ratis.ContainerStateMachine (ContainerStateMachine.java:takeSnapshot(436)) - group-8039453F51C4: Finished taking a snapshot at:(t:1, i:0) file:/home/runner/work/ozone/ozone/hadoop-ozone/integration-test/target/test-dir/MiniOzoneClusterImpl-09c4c6e1-5ab0-4195-ac7b-5aec6defaa36/ozone-meta/datanode-3/ratis/8087f958-22a4-4a04-9a20-8039453f51c4/sm/snapshot.1_0 took: 1 ms
2025-07-19 06:07:12,636 [86838f6f-3dde-42b5-b01a-58c95bf80430@group-8039453F51C4-StateMachineUpdater] INFO  impl.StateMachineUpdater (StateMachineUpdater.java:takeSnapshot(307)) - 86838f6f-3dde-42b5-b01a-58c95bf80430@group-8039453F51C4-StateMachineUpdater: Took a snapshot at index 0
2025-07-19 06:07:12,636 [86838f6f-3dde-42b5-b01a-58c95bf80430@group-8039453F51C4-StateMachineUpdater] INFO  impl.StateMachineUpdater (StateMachineUpdater.java:lambda$new$0(101)) - 86838f6f-3dde-42b5-b01a-58c95bf80430@group-8039453F51C4-StateMachineUpdater: snapshotIndex: updateIncreasingly -1 -> 0
2025-07-19 06:07:12,636 [78917b03-a842-488e-9e7c-f00b43f4ecc3-groupManagement] INFO  server.RaftServerConfigKeys (ConfUtils.java:logGet(62)) - raft.server.log.segment.size.max = 67108864 (custom)
2025-07-19 06:07:12,637 [78917b03-a842-488e-9e7c-f00b43f4ecc3-groupManagement] INFO  server.RaftServerConfigKeys (ConfUtils.java:logGet(62)) - raft.server.log.appender.buffer.byte-limit = 33554432 (custom)
2025-07-19 06:07:12,639 [78917b03-a842-488e-9e7c-f00b43f4ecc3-groupManagement] INFO  util.AwaitToRun (AwaitToRun.java:start(81)) - Thread[#1368,78917b03-a842-488e-9e7c-f00b43f4ecc3@group-FB10F0A93659-cacheEviction-AwaitToRun,5,main] started
2025-07-19 06:07:12,639 [78917b03-a842-488e-9e7c-f00b43f4ecc3-groupManagement] INFO  segmented.SegmentedRaftLogWorker (SegmentedRaftLogWorker.java:<init>(190)) - new 78917b03-a842-488e-9e7c-f00b43f4ecc3@group-FB10F0A93659-SegmentedRaftLogWorker for RaftStorageImpl:Storage Directory /home/runner/work/ozone/ozone/hadoop-ozone/integration-test/target/test-dir/MiniOzoneClusterImpl-09c4c6e1-5ab0-4195-ac7b-5aec6defaa36/ozone-meta/datanode-7/ratis/04a4c252-88a2-4fd6-909f-fb10f0a93659
2025-07-19 06:07:12,639 [78917b03-a842-488e-9e7c-f00b43f4ecc3-groupManagement] INFO  server.RaftServerConfigKeys (ConfUtils.java:logGet(62)) - raft.server.log.queue.byte-limit = 4294967296 (custom)
2025-07-19 06:07:12,639 [78917b03-a842-488e-9e7c-f00b43f4ecc3-groupManagement] INFO  server.RaftServerConfigKeys (ConfUtils.java:logGet(62)) - raft.server.log.segment.size.max = 67108864 (custom)
2025-07-19 06:07:12,639 [78917b03-a842-488e-9e7c-f00b43f4ecc3-groupManagement] INFO  server.RaftServerConfigKeys (ConfUtils.java:logGet(62)) - raft.server.log.preallocated.size = 4194304 (custom)
2025-07-19 06:07:12,640 [78917b03-a842-488e-9e7c-f00b43f4ecc3-groupManagement] INFO  server.RaftServerConfigKeys (ConfUtils.java:logGet(62)) - raft.server.log.write.buffer.size = 33554440 (custom)
2025-07-19 06:07:12,646 [cfedd3f1-5d02-4847-a363-6f2972b00a97@group-3308FC4C3D1F-FollowerState] INFO  impl.FollowerState (FollowerState.java:runImpl(161)) - cfedd3f1-5d02-4847-a363-6f2972b00a97@group-3308FC4C3D1F-FollowerState: change to CANDIDATE, lastRpcElapsedTime:1049050343ns, electionTimeout:1048ms
2025-07-19 06:07:12,646 [cfedd3f1-5d02-4847-a363-6f2972b00a97@group-3308FC4C3D1F-FollowerState] INFO  impl.RoleInfo (RoleInfo.java:shutdownFollowerState(121)) - cfedd3f1-5d02-4847-a363-6f2972b00a97: shutdown cfedd3f1-5d02-4847-a363-6f2972b00a97@group-3308FC4C3D1F-FollowerState
2025-07-19 06:07:12,646 [cfedd3f1-5d02-4847-a363-6f2972b00a97@group-3308FC4C3D1F-FollowerState] INFO  server.RaftServer$Division (RaftServerImpl.java:setRole(392)) - cfedd3f1-5d02-4847-a363-6f2972b00a97@group-3308FC4C3D1F: changes role from  FOLLOWER to CANDIDATE at term 0 for changeToCandidate
2025-07-19 06:07:12,647 [cfedd3f1-5d02-4847-a363-6f2972b00a97@group-3308FC4C3D1F-FollowerState] INFO  impl.RoleInfo (RoleInfo.java:updateAndGet(148)) - cfedd3f1-5d02-4847-a363-6f2972b00a97: start cfedd3f1-5d02-4847-a363-6f2972b00a97@group-3308FC4C3D1F-LeaderElection10
2025-07-19 06:07:12,648 [cfedd3f1-5d02-4847-a363-6f2972b00a97@group-3308FC4C3D1F-LeaderElection10] INFO  impl.LeaderElection (LeaderElection.java:askForVotes(448)) - cfedd3f1-5d02-4847-a363-6f2972b00a97@group-3308FC4C3D1F-LeaderElection10 PRE_VOTE round 0: submit vote requests at term 0 for conf: {index: -1, cur=peers:[cfedd3f1-5d02-4847-a363-6f2972b00a97|127.0.0.1:15039]|listeners:[], old=null}
2025-07-19 06:07:12,648 [cfedd3f1-5d02-4847-a363-6f2972b00a97@group-3308FC4C3D1F-LeaderElection10] INFO  impl.LeaderElection (LeaderElection.java:askForVotes(450)) - cfedd3f1-5d02-4847-a363-6f2972b00a97@group-3308FC4C3D1F-LeaderElection10 PRE_VOTE round 0: result PASSED (term=0)
2025-07-19 06:07:12,651 [cfedd3f1-5d02-4847-a363-6f2972b00a97@group-3308FC4C3D1F-LeaderElection10] INFO  impl.LeaderElection (LeaderElection.java:askForVotes(448)) - cfedd3f1-5d02-4847-a363-6f2972b00a97@group-3308FC4C3D1F-LeaderElection10 ELECTION round 0: submit vote requests at term 1 for conf: {index: -1, cur=peers:[cfedd3f1-5d02-4847-a363-6f2972b00a97|127.0.0.1:15039]|listeners:[], old=null}
2025-07-19 06:07:12,651 [cfedd3f1-5d02-4847-a363-6f2972b00a97@group-3308FC4C3D1F-LeaderElection10] INFO  impl.LeaderElection (LeaderElection.java:askForVotes(450)) - cfedd3f1-5d02-4847-a363-6f2972b00a97@group-3308FC4C3D1F-LeaderElection10 ELECTION round 0: result PASSED (term=1)
2025-07-19 06:07:12,651 [cfedd3f1-5d02-4847-a363-6f2972b00a97@group-3308FC4C3D1F-LeaderElection10] INFO  impl.RoleInfo (RoleInfo.java:shutdownLeaderElection(141)) - cfedd3f1-5d02-4847-a363-6f2972b00a97: shutdown cfedd3f1-5d02-4847-a363-6f2972b00a97@group-3308FC4C3D1F-LeaderElection10
2025-07-19 06:07:12,651 [cfedd3f1-5d02-4847-a363-6f2972b00a97@group-3308FC4C3D1F-LeaderElection10] INFO  server.RaftServer$Division (RaftServerImpl.java:setRole(392)) - cfedd3f1-5d02-4847-a363-6f2972b00a97@group-3308FC4C3D1F: changes role from CANDIDATE to LEADER at term 1 for changeToLeader
2025-07-19 06:07:12,651 [cfedd3f1-5d02-4847-a363-6f2972b00a97@group-3308FC4C3D1F-LeaderElection10] INFO  server.RaftServerConfigKeys (ConfUtils.java:logFallback(69)) - raft.server.staging.timeout = 15600ms (fallback to raft.server.rpc.timeout.max)
2025-07-19 06:07:12,652 [cfedd3f1-5d02-4847-a363-6f2972b00a97@group-3308FC4C3D1F-LeaderElection10] INFO  server.RaftServerConfigKeys (ConfUtils.java:logGet(62)) - raft.server.write.byte-limit = 1024 M (=1073741824) (custom)
2025-07-19 06:07:12,652 [78917b03-a842-488e-9e7c-f00b43f4ecc3-groupManagement] INFO  server.RaftServerConfigKeys (ConfUtils.java:logGet(62)) - raft.server.log.appender.buffer.byte-limit = 33554432 (custom)
2025-07-19 06:07:12,653 [78917b03-a842-488e-9e7c-f00b43f4ecc3-groupManagement] INFO  segmented.SegmentedRaftLogWorker (SegmentedRaftLogWorker.java:lambda$new$0(141)) - 78917b03-a842-488e-9e7c-f00b43f4ecc3@group-FB10F0A93659-SegmentedRaftLogWorker: flushIndex: setUnconditionally 0 -> -1
2025-07-19 06:07:12,653 [78917b03-a842-488e-9e7c-f00b43f4ecc3-groupManagement] INFO  segmented.SegmentedRaftLogWorker (SegmentedRaftLogWorker.java:lambda$new$0(141)) - 78917b03-a842-488e-9e7c-f00b43f4ecc3@group-FB10F0A93659-SegmentedRaftLogWorker: safeCacheEvictIndex: setUnconditionally 0 -> -1
2025-07-19 06:07:12,653 [78917b03-a842-488e-9e7c-f00b43f4ecc3-groupManagement] INFO  server.RaftServer$Division (RaftServerImpl.java:start(405)) - 78917b03-a842-488e-9e7c-f00b43f4ecc3@group-FB10F0A93659: start as a follower, conf=conf: {index: -1, cur=peers:[e6deb990-2c6c-4f88-aa04-2e44b30659d5|127.0.0.1:15071, 78917b03-a842-488e-9e7c-f00b43f4ecc3|127.0.0.1:15063, e4fa6cd0-dc30-4550-b12f-023a3466045b|127.0.0.1:15079]|listeners:[], old=null}
2025-07-19 06:07:12,653 [78917b03-a842-488e-9e7c-f00b43f4ecc3-groupManagement] INFO  server.RaftServer$Division (RaftServerImpl.java:setRole(392)) - 78917b03-a842-488e-9e7c-f00b43f4ecc3@group-FB10F0A93659: changes role from      null to FOLLOWER at term 0 for startAsFollower
2025-07-19 06:07:12,653 [78917b03-a842-488e-9e7c-f00b43f4ecc3-groupManagement] INFO  impl.RoleInfo (RoleInfo.java:updateAndGet(148)) - 78917b03-a842-488e-9e7c-f00b43f4ecc3: start 78917b03-a842-488e-9e7c-f00b43f4ecc3@group-FB10F0A93659-FollowerState
2025-07-19 06:07:12,654 [78917b03-a842-488e-9e7c-f00b43f4ecc3-groupManagement] INFO  util.JmxRegister (JmxRegister.java:tryRegister(44)) - Successfully registered JMX Bean with object name Ratis:service=RaftServer,group=group-FB10F0A93659,id=78917b03-a842-488e-9e7c-f00b43f4ecc3
2025-07-19 06:07:12,654 [78917b03-a842-488e-9e7c-f00b43f4ecc3-groupManagement] INFO  util.JmxRegister (JmxRegister.java:register(58)) - register mxBean class org.apache.ratis.server.impl.RaftServerJmxAdapter as Ratis:service=RaftServer,group=group-FB10F0A93659,id=78917b03-a842-488e-9e7c-f00b43f4ecc3
2025-07-19 06:07:12,656 [e6deb990-2c6c-4f88-aa04-2e44b30659d5-PipelineCommandHandlerThread-0] INFO  server.RaftServer (RaftServerProxy.java:addNew(105)) - e6deb990-2c6c-4f88-aa04-2e44b30659d5: addNew group-569512DD3F0A:[e6deb990-2c6c-4f88-aa04-2e44b30659d5|127.0.0.1:15071] returns group-569512DD3F0A:java.util.concurrent.CompletableFuture@7a579215[Not completed]
2025-07-19 06:07:12,657 [78917b03-a842-488e-9e7c-f00b43f4ecc3-groupManagement] INFO  server.RaftServer$Division (RaftServerImpl.java:start(419)) - 78917b03-a842-488e-9e7c-f00b43f4ecc3@group-FB10F0A93659: Successfully started.
2025-07-19 06:07:12,657 [78917b03-a842-488e-9e7c-f00b43f4ecc3-PipelineCommandHandlerThread-0] INFO  ratis.XceiverServerRatis (XceiverServerRatis.java:addGroup(843)) - Created group Pipeline-04a4c252-88a2-4fd6-909f-fb10f0a93659
2025-07-19 06:07:12,658 [cfedd3f1-5d02-4847-a363-6f2972b00a97@group-3308FC4C3D1F-LeaderElection10] INFO  impl.RoleInfo (RoleInfo.java:updateAndGet(148)) - cfedd3f1-5d02-4847-a363-6f2972b00a97: start cfedd3f1-5d02-4847-a363-6f2972b00a97@group-3308FC4C3D1F-LeaderStateImpl
2025-07-19 06:07:12,658 [cfedd3f1-5d02-4847-a363-6f2972b00a97@group-3308FC4C3D1F-LeaderElection10] INFO  server.RaftServer$Division (RaftServerImpl.java:setFirstElection(576)) - cfedd3f1-5d02-4847-a363-6f2972b00a97@group-3308FC4C3D1F: set firstElectionSinceStartup to false for becomeLeader
2025-07-19 06:07:12,658 [cfedd3f1-5d02-4847-a363-6f2972b00a97@group-3308FC4C3D1F-LeaderElection10] INFO  ratis.XceiverServerRatis (XceiverServerRatis.java:handleLeaderChangedNotification(944)) - Leader change notification received for group: group-3308FC4C3D1F with new leaderId: cfedd3f1-5d02-4847-a363-6f2972b00a97
2025-07-19 06:07:12,659 [cfedd3f1-5d02-4847-a363-6f2972b00a97@group-3308FC4C3D1F-LeaderElection10] INFO  server.RaftServer$Division (ServerState.java:setLeader(272)) - cfedd3f1-5d02-4847-a363-6f2972b00a97@group-3308FC4C3D1F: change Leader from null to cfedd3f1-5d02-4847-a363-6f2972b00a97 at term 1 for becomeLeader, leader elected after 1083ms
2025-07-19 06:07:12,659 [cfedd3f1-5d02-4847-a363-6f2972b00a97@group-3308FC4C3D1F-LeaderElection10] INFO  segmented.SegmentedRaftLogWorker (SegmentedRaftLogWorker.java:startLogSegment(440)) - cfedd3f1-5d02-4847-a363-6f2972b00a97@group-3308FC4C3D1F-SegmentedRaftLogWorker: Starting segment from index:0
2025-07-19 06:07:12,659 [cfedd3f1-5d02-4847-a363-6f2972b00a97@group-3308FC4C3D1F-LeaderElection10] INFO  server.RaftServer$Division (ServerState.java:setRaftConf(386)) - cfedd3f1-5d02-4847-a363-6f2972b00a97@group-3308FC4C3D1F: set configuration conf: {index: 0, cur=peers:[cfedd3f1-5d02-4847-a363-6f2972b00a97|127.0.0.1:15039]|listeners:[], old=null}
2025-07-19 06:07:12,660 [e6deb990-2c6c-4f88-aa04-2e44b30659d5-groupManagement] INFO  server.RaftServer$Division (RaftServerImpl.java:<init>(268)) - e6deb990-2c6c-4f88-aa04-2e44b30659d5: new RaftServerImpl for group-569512DD3F0A:[e6deb990-2c6c-4f88-aa04-2e44b30659d5|127.0.0.1:15071] with ContainerStateMachine:uninitialized
2025-07-19 06:07:12,661 [e6deb990-2c6c-4f88-aa04-2e44b30659d5-groupManagement] INFO  server.RaftServer$Division (ServerState.java:<init>(114)) - e6deb990-2c6c-4f88-aa04-2e44b30659d5@group-569512DD3F0A: ConfigurationManager, init=conf: {index: -1, cur=peers:[e6deb990-2c6c-4f88-aa04-2e44b30659d5|127.0.0.1:15071]|listeners:[], old=null}, confs=<EMPTY_MAP>
2025-07-19 06:07:12,661 [cfedd3f1-5d02-4847-a363-6f2972b00a97@group-3308FC4C3D1F-SegmentedRaftLogWorker] INFO  segmented.BufferedWriteChannel (BufferedWriteChannel.java:open(61)) - open log_inprogress_0 at position 0
2025-07-19 06:07:12,671 [e6deb990-2c6c-4f88-aa04-2e44b30659d5-groupManagement] INFO  server.RaftServerConfigKeys (ConfUtils.java:logGet(62)) - raft.server.storage.dir = [/home/runner/work/ozone/ozone/hadoop-ozone/integration-test/target/test-dir/MiniOzoneClusterImpl-09c4c6e1-5ab0-4195-ac7b-5aec6defaa36/ozone-meta/datanode-8/ratis] (custom)
2025-07-19 06:07:12,672 [e6deb990-2c6c-4f88-aa04-2e44b30659d5-groupManagement] INFO  storage.RaftStorageDirectory (RaftStorageDirectoryImpl.java:analyzeStorage(138)) - The storage directory /home/runner/work/ozone/ozone/hadoop-ozone/integration-test/target/test-dir/MiniOzoneClusterImpl-09c4c6e1-5ab0-4195-ac7b-5aec6defaa36/ozone-meta/datanode-8/ratis/ba07e840-400b-41a1-a7c6-569512dd3f0a does not exist. Creating ...
2025-07-19 06:07:12,674 [grpc-default-executor-4] INFO  server.RaftServer (RaftServerProxy.java:addNew(105)) - e4fa6cd0-dc30-4550-b12f-023a3466045b: addNew group-FB10F0A93659:[e6deb990-2c6c-4f88-aa04-2e44b30659d5|127.0.0.1:15071, 78917b03-a842-488e-9e7c-f00b43f4ecc3|127.0.0.1:15063, e4fa6cd0-dc30-4550-b12f-023a3466045b|127.0.0.1:15079] returns group-FB10F0A93659:java.util.concurrent.CompletableFuture@5fc80f97[Not completed]
2025-07-19 06:07:12,677 [e4fa6cd0-dc30-4550-b12f-023a3466045b-groupManagement] INFO  server.RaftServer$Division (RaftServerImpl.java:<init>(268)) - e4fa6cd0-dc30-4550-b12f-023a3466045b: new RaftServerImpl for group-FB10F0A93659:[e6deb990-2c6c-4f88-aa04-2e44b30659d5|127.0.0.1:15071, 78917b03-a842-488e-9e7c-f00b43f4ecc3|127.0.0.1:15063, e4fa6cd0-dc30-4550-b12f-023a3466045b|127.0.0.1:15079] with ContainerStateMachine:uninitialized
2025-07-19 06:07:12,681 [e4fa6cd0-dc30-4550-b12f-023a3466045b-groupManagement] INFO  server.RaftServer$Division (ServerState.java:<init>(114)) - e4fa6cd0-dc30-4550-b12f-023a3466045b@group-FB10F0A93659: ConfigurationManager, init=conf: {index: -1, cur=peers:[e6deb990-2c6c-4f88-aa04-2e44b30659d5|127.0.0.1:15071, 78917b03-a842-488e-9e7c-f00b43f4ecc3|127.0.0.1:15063, e4fa6cd0-dc30-4550-b12f-023a3466045b|127.0.0.1:15079]|listeners:[], old=null}, confs=<EMPTY_MAP>
2025-07-19 06:07:12,677 [e6deb990-2c6c-4f88-aa04-2e44b30659d5-groupManagement] INFO  storage.RaftStorageDirectory (RaftStorageDirectoryImpl.java:tryLock(229)) - Lock on /home/runner/work/ozone/ozone/hadoop-ozone/integration-test/target/test-dir/MiniOzoneClusterImpl-09c4c6e1-5ab0-4195-ac7b-5aec6defaa36/ozone-meta/datanode-8/ratis/ba07e840-400b-41a1-a7c6-569512dd3f0a/in_use.lock acquired by nodename 18124@localhost
2025-07-19 06:07:12,681 [cfedd3f1-5d02-4847-a363-6f2972b00a97@group-3308FC4C3D1F-SegmentedRaftLogWorker] INFO  segmented.SegmentedRaftLogWorker (SegmentedRaftLogWorker.java:execute(647)) - cfedd3f1-5d02-4847-a363-6f2972b00a97@group-3308FC4C3D1F-SegmentedRaftLogWorker: created new log segment /home/runner/work/ozone/ozone/hadoop-ozone/integration-test/target/test-dir/MiniOzoneClusterImpl-09c4c6e1-5ab0-4195-ac7b-5aec6defaa36/ozone-meta/datanode-4/ratis/7f60ed3a-1c97-401e-a856-3308fc4c3d1f/current/log_inprogress_0
2025-07-19 06:07:12,686 [e6deb990-2c6c-4f88-aa04-2e44b30659d5-groupManagement] INFO  storage.RaftStorage (RaftStorageImpl.java:format(98)) - Storage directory /home/runner/work/ozone/ozone/hadoop-ozone/integration-test/target/test-dir/MiniOzoneClusterImpl-09c4c6e1-5ab0-4195-ac7b-5aec6defaa36/ozone-meta/datanode-8/ratis/ba07e840-400b-41a1-a7c6-569512dd3f0a has been successfully formatted.
2025-07-19 06:07:12,687 [e6deb990-2c6c-4f88-aa04-2e44b30659d5-groupManagement] INFO  ratis.ContainerStateMachine (ContainerStateMachine.java:initialize(339)) - e6deb990-2c6c-4f88-aa04-2e44b30659d5: initialize group-569512DD3F0A
2025-07-19 06:07:12,687 [e6deb990-2c6c-4f88-aa04-2e44b30659d5-groupManagement] INFO  ratis.ContainerStateMachine (ContainerStateMachine.java:loadSnapshot(347)) - group-569512DD3F0A: The snapshot info is null. Setting the last applied index to:<INITIAL_VALUE>
2025-07-19 06:07:12,687 [cfedd3f1-5d02-4847-a363-6f2972b00a97@group-3308FC4C3D1F-StateMachineUpdater] INFO  server.RaftServer$Division (LeaderStateImpl.java:checkStartIndex(309)) - Leader cfedd3f1-5d02-4847-a363-6f2972b00a97@group-3308FC4C3D1F-LeaderStateImpl is ready since appliedIndex == startIndex == 0
2025-07-19 06:07:12,688 [cfedd3f1-5d02-4847-a363-6f2972b00a97@group-3308FC4C3D1F-StateMachineUpdater] INFO  ratis.ContainerStateMachine (ContainerStateMachine.java:takeSnapshot(427)) - group-3308FC4C3D1F: Taking a snapshot at:(t:1, i:0) file /home/runner/work/ozone/ozone/hadoop-ozone/integration-test/target/test-dir/MiniOzoneClusterImpl-09c4c6e1-5ab0-4195-ac7b-5aec6defaa36/ozone-meta/datanode-4/ratis/7f60ed3a-1c97-401e-a856-3308fc4c3d1f/sm/snapshot.1_0
2025-07-19 06:07:12,687 [e6deb990-2c6c-4f88-aa04-2e44b30659d5-groupManagement] INFO  server.RaftServerConfigKeys (ConfUtils.java:logGet(62)) - raft.server.log.appender.buffer.byte-limit = 33554432 (custom)
2025-07-19 06:07:12,689 [cfedd3f1-5d02-4847-a363-6f2972b00a97@group-3308FC4C3D1F-StateMachineUpdater] INFO  ratis.ContainerStateMachine (ContainerStateMachine.java:takeSnapshot(436)) - group-3308FC4C3D1F: Finished taking a snapshot at:(t:1, i:0) file:/home/runner/work/ozone/ozone/hadoop-ozone/integration-test/target/test-dir/MiniOzoneClusterImpl-09c4c6e1-5ab0-4195-ac7b-5aec6defaa36/ozone-meta/datanode-4/ratis/7f60ed3a-1c97-401e-a856-3308fc4c3d1f/sm/snapshot.1_0 took: 2 ms
2025-07-19 06:07:12,689 [cfedd3f1-5d02-4847-a363-6f2972b00a97@group-3308FC4C3D1F-StateMachineUpdater] INFO  impl.StateMachineUpdater (StateMachineUpdater.java:takeSnapshot(307)) - cfedd3f1-5d02-4847-a363-6f2972b00a97@group-3308FC4C3D1F-StateMachineUpdater: Took a snapshot at index 0
2025-07-19 06:07:12,689 [cfedd3f1-5d02-4847-a363-6f2972b00a97@group-3308FC4C3D1F-StateMachineUpdater] INFO  impl.StateMachineUpdater (StateMachineUpdater.java:lambda$new$0(101)) - cfedd3f1-5d02-4847-a363-6f2972b00a97@group-3308FC4C3D1F-StateMachineUpdater: snapshotIndex: updateIncreasingly -1 -> 0
2025-07-19 06:07:12,694 [EventQueue-PipelineReportForPipelineReportHandler] INFO  pipeline.PipelineReportHandler (PipelineReportHandler.java:processPipelineReport(134)) - Opened pipeline Pipeline-ba07e840-400b-41a1-a7c6-569512dd3f0a
2025-07-19 06:07:12,696 [e4fa6cd0-dc30-4550-b12f-023a3466045b-groupManagement] INFO  server.RaftServerConfigKeys (ConfUtils.java:logGet(62)) - raft.server.storage.dir = [/home/runner/work/ozone/ozone/hadoop-ozone/integration-test/target/test-dir/MiniOzoneClusterImpl-09c4c6e1-5ab0-4195-ac7b-5aec6defaa36/ozone-meta/datanode-9/ratis] (custom)
2025-07-19 06:07:12,697 [e4fa6cd0-dc30-4550-b12f-023a3466045b-groupManagement] INFO  storage.RaftStorageDirectory (RaftStorageDirectoryImpl.java:analyzeStorage(138)) - The storage directory /home/runner/work/ozone/ozone/hadoop-ozone/integration-test/target/test-dir/MiniOzoneClusterImpl-09c4c6e1-5ab0-4195-ac7b-5aec6defaa36/ozone-meta/datanode-9/ratis/04a4c252-88a2-4fd6-909f-fb10f0a93659 does not exist. Creating ...
2025-07-19 06:07:12,697 [e6deb990-2c6c-4f88-aa04-2e44b30659d5-groupManagement] INFO  server.RaftServerConfigKeys (ConfUtils.java:logGet(62)) - raft.server.log.segment.size.max = 67108864 (custom)
2025-07-19 06:07:12,698 [e6deb990-2c6c-4f88-aa04-2e44b30659d5-groupManagement] INFO  server.RaftServerConfigKeys (ConfUtils.java:logGet(62)) - raft.server.log.appender.buffer.byte-limit = 33554432 (custom)
2025-07-19 06:07:12,699 [e6deb990-2c6c-4f88-aa04-2e44b30659d5-groupManagement] INFO  util.AwaitToRun (AwaitToRun.java:start(81)) - Thread[#1375,e6deb990-2c6c-4f88-aa04-2e44b30659d5@group-569512DD3F0A-cacheEviction-AwaitToRun,5,main] started
2025-07-19 06:07:12,699 [e4fa6cd0-dc30-4550-b12f-023a3466045b-groupManagement] INFO  storage.RaftStorageDirectory (RaftStorageDirectoryImpl.java:tryLock(229)) - Lock on /home/runner/work/ozone/ozone/hadoop-ozone/integration-test/target/test-dir/MiniOzoneClusterImpl-09c4c6e1-5ab0-4195-ac7b-5aec6defaa36/ozone-meta/datanode-9/ratis/04a4c252-88a2-4fd6-909f-fb10f0a93659/in_use.lock acquired by nodename 18124@localhost
2025-07-19 06:07:12,699 [e6deb990-2c6c-4f88-aa04-2e44b30659d5-groupManagement] INFO  segmented.SegmentedRaftLogWorker (SegmentedRaftLogWorker.java:<init>(190)) - new e6deb990-2c6c-4f88-aa04-2e44b30659d5@group-569512DD3F0A-SegmentedRaftLogWorker for RaftStorageImpl:Storage Directory /home/runner/work/ozone/ozone/hadoop-ozone/integration-test/target/test-dir/MiniOzoneClusterImpl-09c4c6e1-5ab0-4195-ac7b-5aec6defaa36/ozone-meta/datanode-8/ratis/ba07e840-400b-41a1-a7c6-569512dd3f0a
2025-07-19 06:07:12,699 [e6deb990-2c6c-4f88-aa04-2e44b30659d5-groupManagement] INFO  server.RaftServerConfigKeys (ConfUtils.java:logGet(62)) - raft.server.log.queue.byte-limit = 4294967296 (custom)
2025-07-19 06:07:12,700 [e6deb990-2c6c-4f88-aa04-2e44b30659d5-groupManagement] INFO  server.RaftServerConfigKeys (ConfUtils.java:logGet(62)) - raft.server.log.segment.size.max = 67108864 (custom)
2025-07-19 06:07:12,700 [e6deb990-2c6c-4f88-aa04-2e44b30659d5-groupManagement] INFO  server.RaftServerConfigKeys (ConfUtils.java:logGet(62)) - raft.server.log.preallocated.size = 4194304 (custom)
2025-07-19 06:07:12,701 [e6deb990-2c6c-4f88-aa04-2e44b30659d5-groupManagement] INFO  server.RaftServerConfigKeys (ConfUtils.java:logGet(62)) - raft.server.log.write.buffer.size = 33554440 (custom)
2025-07-19 06:07:12,702 [e4fa6cd0-dc30-4550-b12f-023a3466045b-PipelineCommandHandlerThread-0] INFO  server.RaftServer (RaftServerProxy.java:addNew(105)) - e4fa6cd0-dc30-4550-b12f-023a3466045b: addNew group-7FD69FEA80D4:[e4fa6cd0-dc30-4550-b12f-023a3466045b|127.0.0.1:15079] returns group-7FD69FEA80D4:java.util.concurrent.CompletableFuture@157ea2a5[Not completed]
2025-07-19 06:07:12,705 [e4fa6cd0-dc30-4550-b12f-023a3466045b-groupManagement] INFO  storage.RaftStorage (RaftStorageImpl.java:format(98)) - Storage directory /home/runner/work/ozone/ozone/hadoop-ozone/integration-test/target/test-dir/MiniOzoneClusterImpl-09c4c6e1-5ab0-4195-ac7b-5aec6defaa36/ozone-meta/datanode-9/ratis/04a4c252-88a2-4fd6-909f-fb10f0a93659 has been successfully formatted.
2025-07-19 06:07:12,706 [e4fa6cd0-dc30-4550-b12f-023a3466045b-groupManagement] INFO  ratis.ContainerStateMachine (ContainerStateMachine.java:initialize(339)) - e4fa6cd0-dc30-4550-b12f-023a3466045b: initialize group-FB10F0A93659
2025-07-19 06:07:12,706 [e4fa6cd0-dc30-4550-b12f-023a3466045b-groupManagement] INFO  ratis.ContainerStateMachine (ContainerStateMachine.java:loadSnapshot(347)) - group-FB10F0A93659: The snapshot info is null. Setting the last applied index to:<INITIAL_VALUE>
2025-07-19 06:07:12,706 [e4fa6cd0-dc30-4550-b12f-023a3466045b-groupManagement] INFO  server.RaftServerConfigKeys (ConfUtils.java:logGet(62)) - raft.server.log.appender.buffer.byte-limit = 33554432 (custom)
2025-07-19 06:07:12,707 [e4fa6cd0-dc30-4550-b12f-023a3466045b-groupManagement] INFO  server.RaftServerConfigKeys (ConfUtils.java:logGet(62)) - raft.server.log.segment.size.max = 67108864 (custom)
2025-07-19 06:07:12,708 [e4fa6cd0-dc30-4550-b12f-023a3466045b-groupManagement] INFO  server.RaftServerConfigKeys (ConfUtils.java:logGet(62)) - raft.server.log.appender.buffer.byte-limit = 33554432 (custom)
2025-07-19 06:07:12,713 [e4fa6cd0-dc30-4550-b12f-023a3466045b-groupManagement] INFO  util.AwaitToRun (AwaitToRun.java:start(81)) - Thread[#1377,e4fa6cd0-dc30-4550-b12f-023a3466045b@group-FB10F0A93659-cacheEviction-AwaitToRun,5,main] started
2025-07-19 06:07:12,713 [e4fa6cd0-dc30-4550-b12f-023a3466045b-groupManagement] INFO  segmented.SegmentedRaftLogWorker (SegmentedRaftLogWorker.java:<init>(190)) - new e4fa6cd0-dc30-4550-b12f-023a3466045b@group-FB10F0A93659-SegmentedRaftLogWorker for RaftStorageImpl:Storage Directory /home/runner/work/ozone/ozone/hadoop-ozone/integration-test/target/test-dir/MiniOzoneClusterImpl-09c4c6e1-5ab0-4195-ac7b-5aec6defaa36/ozone-meta/datanode-9/ratis/04a4c252-88a2-4fd6-909f-fb10f0a93659
2025-07-19 06:07:12,713 [e4fa6cd0-dc30-4550-b12f-023a3466045b-groupManagement] INFO  server.RaftServerConfigKeys (ConfUtils.java:logGet(62)) - raft.server.log.queue.byte-limit = 4294967296 (custom)
2025-07-19 06:07:12,714 [e4fa6cd0-dc30-4550-b12f-023a3466045b-groupManagement] INFO  server.RaftServerConfigKeys (ConfUtils.java:logGet(62)) - raft.server.log.segment.size.max = 67108864 (custom)
2025-07-19 06:07:12,714 [e4fa6cd0-dc30-4550-b12f-023a3466045b-groupManagement] INFO  server.RaftServerConfigKeys (ConfUtils.java:logGet(62)) - raft.server.log.preallocated.size = 4194304 (custom)
2025-07-19 06:07:12,714 [e4fa6cd0-dc30-4550-b12f-023a3466045b-groupManagement] INFO  server.RaftServerConfigKeys (ConfUtils.java:logGet(62)) - raft.server.log.write.buffer.size = 33554440 (custom)
2025-07-19 06:07:12,718 [EventQueue-PipelineReportForPipelineReportHandler] INFO  pipeline.PipelineReportHandler (PipelineReportHandler.java:processPipelineReport(134)) - Opened pipeline Pipeline-621783e2-3d2d-4ffd-8d5f-7fd69fea80d4
2025-07-19 06:07:12,719 [e6deb990-2c6c-4f88-aa04-2e44b30659d5-groupManagement] INFO  server.RaftServerConfigKeys (ConfUtils.java:logGet(62)) - raft.server.log.appender.buffer.byte-limit = 33554432 (custom)
2025-07-19 06:07:12,719 [e6deb990-2c6c-4f88-aa04-2e44b30659d5-groupManagement] INFO  segmented.SegmentedRaftLogWorker (SegmentedRaftLogWorker.java:lambda$new$0(141)) - e6deb990-2c6c-4f88-aa04-2e44b30659d5@group-569512DD3F0A-SegmentedRaftLogWorker: flushIndex: setUnconditionally 0 -> -1
2025-07-19 06:07:12,719 [e6deb990-2c6c-4f88-aa04-2e44b30659d5-groupManagement] INFO  segmented.SegmentedRaftLogWorker (SegmentedRaftLogWorker.java:lambda$new$0(141)) - e6deb990-2c6c-4f88-aa04-2e44b30659d5@group-569512DD3F0A-SegmentedRaftLogWorker: safeCacheEvictIndex: setUnconditionally 0 -> -1
2025-07-19 06:07:12,721 [e6deb990-2c6c-4f88-aa04-2e44b30659d5-groupManagement] INFO  server.RaftServer$Division (RaftServerImpl.java:start(405)) - e6deb990-2c6c-4f88-aa04-2e44b30659d5@group-569512DD3F0A: start as a follower, conf=conf: {index: -1, cur=peers:[e6deb990-2c6c-4f88-aa04-2e44b30659d5|127.0.0.1:15071]|listeners:[], old=null}
2025-07-19 06:07:12,721 [e6deb990-2c6c-4f88-aa04-2e44b30659d5-groupManagement] INFO  server.RaftServer$Division (RaftServerImpl.java:setRole(392)) - e6deb990-2c6c-4f88-aa04-2e44b30659d5@group-569512DD3F0A: changes role from      null to FOLLOWER at term 0 for startAsFollower
2025-07-19 06:07:12,722 [e6deb990-2c6c-4f88-aa04-2e44b30659d5-groupManagement] INFO  impl.RoleInfo (RoleInfo.java:updateAndGet(148)) - e6deb990-2c6c-4f88-aa04-2e44b30659d5: start e6deb990-2c6c-4f88-aa04-2e44b30659d5@group-569512DD3F0A-FollowerState
2025-07-19 06:07:12,723 [e6deb990-2c6c-4f88-aa04-2e44b30659d5-groupManagement] INFO  util.JmxRegister (JmxRegister.java:tryRegister(44)) - Successfully registered JMX Bean with object name Ratis:service=RaftServer,group=group-569512DD3F0A,id=e6deb990-2c6c-4f88-aa04-2e44b30659d5
2025-07-19 06:07:12,724 [e6deb990-2c6c-4f88-aa04-2e44b30659d5-groupManagement] INFO  util.JmxRegister (JmxRegister.java:register(58)) - register mxBean class org.apache.ratis.server.impl.RaftServerJmxAdapter as Ratis:service=RaftServer,group=group-569512DD3F0A,id=e6deb990-2c6c-4f88-aa04-2e44b30659d5
2025-07-19 06:07:12,726 [e6deb990-2c6c-4f88-aa04-2e44b30659d5-groupManagement] INFO  server.RaftServer$Division (RaftServerImpl.java:start(419)) - e6deb990-2c6c-4f88-aa04-2e44b30659d5@group-569512DD3F0A: Successfully started.
2025-07-19 06:07:12,727 [e6deb990-2c6c-4f88-aa04-2e44b30659d5-PipelineCommandHandlerThread-0] INFO  ratis.XceiverServerRatis (XceiverServerRatis.java:addGroup(843)) - Created group Pipeline-ba07e840-400b-41a1-a7c6-569512dd3f0a
2025-07-19 06:07:12,727 [e6deb990-2c6c-4f88-aa04-2e44b30659d5-PipelineCommandHandlerThread-0] INFO  commandhandler.CreatePipelineCommandHandler (CreatePipelineCommandHandler.java:lambda$handle$2(127)) - Created Pipeline RATIS ONE Pipeline-ba07e840-400b-41a1-a7c6-569512dd3f0a.
2025-07-19 06:07:12,727 [e6deb990-2c6c-4f88-aa04-2e44b30659d5-PipelineCommandHandlerThread-0] INFO  server.RaftServer (RaftServerProxy.java:addNew(105)) - e6deb990-2c6c-4f88-aa04-2e44b30659d5: addNew group-FB10F0A93659:[e6deb990-2c6c-4f88-aa04-2e44b30659d5|127.0.0.1:15071, 78917b03-a842-488e-9e7c-f00b43f4ecc3|127.0.0.1:15063, e4fa6cd0-dc30-4550-b12f-023a3466045b|127.0.0.1:15079] returns group-FB10F0A93659:java.util.concurrent.CompletableFuture@7490632f[Not completed]
2025-07-19 06:07:12,730 [e6deb990-2c6c-4f88-aa04-2e44b30659d5-groupManagement] INFO  server.RaftServer$Division (RaftServerImpl.java:<init>(268)) - e6deb990-2c6c-4f88-aa04-2e44b30659d5: new RaftServerImpl for group-FB10F0A93659:[e6deb990-2c6c-4f88-aa04-2e44b30659d5|127.0.0.1:15071, 78917b03-a842-488e-9e7c-f00b43f4ecc3|127.0.0.1:15063, e4fa6cd0-dc30-4550-b12f-023a3466045b|127.0.0.1:15079] with ContainerStateMachine:uninitialized
2025-07-19 06:07:12,731 [e6deb990-2c6c-4f88-aa04-2e44b30659d5-groupManagement] INFO  server.RaftServer$Division (ServerState.java:<init>(114)) - e6deb990-2c6c-4f88-aa04-2e44b30659d5@group-FB10F0A93659: ConfigurationManager, init=conf: {index: -1, cur=peers:[e6deb990-2c6c-4f88-aa04-2e44b30659d5|127.0.0.1:15071, 78917b03-a842-488e-9e7c-f00b43f4ecc3|127.0.0.1:15063, e4fa6cd0-dc30-4550-b12f-023a3466045b|127.0.0.1:15079]|listeners:[], old=null}, confs=<EMPTY_MAP>
2025-07-19 06:07:12,731 [e4fa6cd0-dc30-4550-b12f-023a3466045b-groupManagement] INFO  server.RaftServerConfigKeys (ConfUtils.java:logGet(62)) - raft.server.log.appender.buffer.byte-limit = 33554432 (custom)
2025-07-19 06:07:12,734 [e4fa6cd0-dc30-4550-b12f-023a3466045b-groupManagement] INFO  segmented.SegmentedRaftLogWorker (SegmentedRaftLogWorker.java:lambda$new$0(141)) - e4fa6cd0-dc30-4550-b12f-023a3466045b@group-FB10F0A93659-SegmentedRaftLogWorker: flushIndex: setUnconditionally 0 -> -1
2025-07-19 06:07:12,734 [e4fa6cd0-dc30-4550-b12f-023a3466045b-groupManagement] INFO  segmented.SegmentedRaftLogWorker (SegmentedRaftLogWorker.java:lambda$new$0(141)) - e4fa6cd0-dc30-4550-b12f-023a3466045b@group-FB10F0A93659-SegmentedRaftLogWorker: safeCacheEvictIndex: setUnconditionally 0 -> -1
2025-07-19 06:07:12,735 [e4fa6cd0-dc30-4550-b12f-023a3466045b-groupManagement] INFO  server.RaftServer$Division (RaftServerImpl.java:start(405)) - e4fa6cd0-dc30-4550-b12f-023a3466045b@group-FB10F0A93659: start as a follower, conf=conf: {index: -1, cur=peers:[e6deb990-2c6c-4f88-aa04-2e44b30659d5|127.0.0.1:15071, 78917b03-a842-488e-9e7c-f00b43f4ecc3|127.0.0.1:15063, e4fa6cd0-dc30-4550-b12f-023a3466045b|127.0.0.1:15079]|listeners:[], old=null}
2025-07-19 06:07:12,735 [e4fa6cd0-dc30-4550-b12f-023a3466045b-groupManagement] INFO  server.RaftServer$Division (RaftServerImpl.java:setRole(392)) - e4fa6cd0-dc30-4550-b12f-023a3466045b@group-FB10F0A93659: changes role from      null to FOLLOWER at term 0 for startAsFollower
2025-07-19 06:07:12,735 [e4fa6cd0-dc30-4550-b12f-023a3466045b-groupManagement] INFO  impl.RoleInfo (RoleInfo.java:updateAndGet(148)) - e4fa6cd0-dc30-4550-b12f-023a3466045b: start e4fa6cd0-dc30-4550-b12f-023a3466045b@group-FB10F0A93659-FollowerState
2025-07-19 06:07:12,738 [e4fa6cd0-dc30-4550-b12f-023a3466045b-groupManagement] INFO  util.JmxRegister (JmxRegister.java:tryRegister(44)) - Successfully registered JMX Bean with object name Ratis:service=RaftServer,group=group-FB10F0A93659,id=e4fa6cd0-dc30-4550-b12f-023a3466045b
2025-07-19 06:07:12,738 [e4fa6cd0-dc30-4550-b12f-023a3466045b-groupManagement] INFO  util.JmxRegister (JmxRegister.java:register(58)) - register mxBean class org.apache.ratis.server.impl.RaftServerJmxAdapter as Ratis:service=RaftServer,group=group-FB10F0A93659,id=e4fa6cd0-dc30-4550-b12f-023a3466045b
2025-07-19 06:07:12,741 [e4fa6cd0-dc30-4550-b12f-023a3466045b-groupManagement] INFO  server.RaftServer$Division (RaftServerImpl.java:start(419)) - e4fa6cd0-dc30-4550-b12f-023a3466045b@group-FB10F0A93659: Successfully started.
2025-07-19 06:07:12,754 [e4fa6cd0-dc30-4550-b12f-023a3466045b-groupManagement] INFO  server.RaftServer$Division (RaftServerImpl.java:<init>(268)) - e4fa6cd0-dc30-4550-b12f-023a3466045b: new RaftServerImpl for group-7FD69FEA80D4:[e4fa6cd0-dc30-4550-b12f-023a3466045b|127.0.0.1:15079] with ContainerStateMachine:uninitialized
2025-07-19 06:07:12,754 [e4fa6cd0-dc30-4550-b12f-023a3466045b-groupManagement] INFO  server.RaftServer$Division (ServerState.java:<init>(114)) - e4fa6cd0-dc30-4550-b12f-023a3466045b@group-7FD69FEA80D4: ConfigurationManager, init=conf: {index: -1, cur=peers:[e4fa6cd0-dc30-4550-b12f-023a3466045b|127.0.0.1:15079]|listeners:[], old=null}, confs=<EMPTY_MAP>
2025-07-19 06:07:12,763 [e6deb990-2c6c-4f88-aa04-2e44b30659d5-groupManagement] INFO  server.RaftServerConfigKeys (ConfUtils.java:logGet(62)) - raft.server.storage.dir = [/home/runner/work/ozone/ozone/hadoop-ozone/integration-test/target/test-dir/MiniOzoneClusterImpl-09c4c6e1-5ab0-4195-ac7b-5aec6defaa36/ozone-meta/datanode-8/ratis] (custom)
2025-07-19 06:07:12,764 [e6deb990-2c6c-4f88-aa04-2e44b30659d5-groupManagement] INFO  storage.RaftStorageDirectory (RaftStorageDirectoryImpl.java:analyzeStorage(138)) - The storage directory /home/runner/work/ozone/ozone/hadoop-ozone/integration-test/target/test-dir/MiniOzoneClusterImpl-09c4c6e1-5ab0-4195-ac7b-5aec6defaa36/ozone-meta/datanode-8/ratis/04a4c252-88a2-4fd6-909f-fb10f0a93659 does not exist. Creating ...
2025-07-19 06:07:12,768 [e6deb990-2c6c-4f88-aa04-2e44b30659d5-groupManagement] INFO  storage.RaftStorageDirectory (RaftStorageDirectoryImpl.java:tryLock(229)) - Lock on /home/runner/work/ozone/ozone/hadoop-ozone/integration-test/target/test-dir/MiniOzoneClusterImpl-09c4c6e1-5ab0-4195-ac7b-5aec6defaa36/ozone-meta/datanode-8/ratis/04a4c252-88a2-4fd6-909f-fb10f0a93659/in_use.lock acquired by nodename 18124@localhost
2025-07-19 06:07:12,769 [e4fa6cd0-dc30-4550-b12f-023a3466045b-groupManagement] INFO  server.RaftServerConfigKeys (ConfUtils.java:logGet(62)) - raft.server.storage.dir = [/home/runner/work/ozone/ozone/hadoop-ozone/integration-test/target/test-dir/MiniOzoneClusterImpl-09c4c6e1-5ab0-4195-ac7b-5aec6defaa36/ozone-meta/datanode-9/ratis] (custom)
2025-07-19 06:07:12,774 [e4fa6cd0-dc30-4550-b12f-023a3466045b-groupManagement] INFO  storage.RaftStorageDirectory (RaftStorageDirectoryImpl.java:analyzeStorage(138)) - The storage directory /home/runner/work/ozone/ozone/hadoop-ozone/integration-test/target/test-dir/MiniOzoneClusterImpl-09c4c6e1-5ab0-4195-ac7b-5aec6defaa36/ozone-meta/datanode-9/ratis/621783e2-3d2d-4ffd-8d5f-7fd69fea80d4 does not exist. Creating ...
2025-07-19 06:07:12,776 [e6deb990-2c6c-4f88-aa04-2e44b30659d5-groupManagement] INFO  storage.RaftStorage (RaftStorageImpl.java:format(98)) - Storage directory /home/runner/work/ozone/ozone/hadoop-ozone/integration-test/target/test-dir/MiniOzoneClusterImpl-09c4c6e1-5ab0-4195-ac7b-5aec6defaa36/ozone-meta/datanode-8/ratis/04a4c252-88a2-4fd6-909f-fb10f0a93659 has been successfully formatted.
2025-07-19 06:07:12,777 [e6deb990-2c6c-4f88-aa04-2e44b30659d5-groupManagement] INFO  ratis.ContainerStateMachine (ContainerStateMachine.java:initialize(339)) - e6deb990-2c6c-4f88-aa04-2e44b30659d5: initialize group-FB10F0A93659
2025-07-19 06:07:12,777 [e6deb990-2c6c-4f88-aa04-2e44b30659d5-groupManagement] INFO  ratis.ContainerStateMachine (ContainerStateMachine.java:loadSnapshot(347)) - group-FB10F0A93659: The snapshot info is null. Setting the last applied index to:<INITIAL_VALUE>
2025-07-19 06:07:12,777 [e6deb990-2c6c-4f88-aa04-2e44b30659d5-groupManagement] INFO  server.RaftServerConfigKeys (ConfUtils.java:logGet(62)) - raft.server.log.appender.buffer.byte-limit = 33554432 (custom)
2025-07-19 06:07:12,779 [e6deb990-2c6c-4f88-aa04-2e44b30659d5-groupManagement] INFO  server.RaftServerConfigKeys (ConfUtils.java:logGet(62)) - raft.server.log.segment.size.max = 67108864 (custom)
2025-07-19 06:07:12,779 [e6deb990-2c6c-4f88-aa04-2e44b30659d5-groupManagement] INFO  server.RaftServerConfigKeys (ConfUtils.java:logGet(62)) - raft.server.log.appender.buffer.byte-limit = 33554432 (custom)
2025-07-19 06:07:12,779 [e4fa6cd0-dc30-4550-b12f-023a3466045b-groupManagement] INFO  storage.RaftStorageDirectory (RaftStorageDirectoryImpl.java:tryLock(229)) - Lock on /home/runner/work/ozone/ozone/hadoop-ozone/integration-test/target/test-dir/MiniOzoneClusterImpl-09c4c6e1-5ab0-4195-ac7b-5aec6defaa36/ozone-meta/datanode-9/ratis/621783e2-3d2d-4ffd-8d5f-7fd69fea80d4/in_use.lock acquired by nodename 18124@localhost
2025-07-19 06:07:12,781 [e6deb990-2c6c-4f88-aa04-2e44b30659d5-groupManagement] INFO  util.AwaitToRun (AwaitToRun.java:start(81)) - Thread[#1387,e6deb990-2c6c-4f88-aa04-2e44b30659d5@group-FB10F0A93659-cacheEviction-AwaitToRun,5,main] started
2025-07-19 06:07:12,781 [e6deb990-2c6c-4f88-aa04-2e44b30659d5-groupManagement] INFO  segmented.SegmentedRaftLogWorker (SegmentedRaftLogWorker.java:<init>(190)) - new e6deb990-2c6c-4f88-aa04-2e44b30659d5@group-FB10F0A93659-SegmentedRaftLogWorker for RaftStorageImpl:Storage Directory /home/runner/work/ozone/ozone/hadoop-ozone/integration-test/target/test-dir/MiniOzoneClusterImpl-09c4c6e1-5ab0-4195-ac7b-5aec6defaa36/ozone-meta/datanode-8/ratis/04a4c252-88a2-4fd6-909f-fb10f0a93659
2025-07-19 06:07:12,782 [e6deb990-2c6c-4f88-aa04-2e44b30659d5-groupManagement] INFO  server.RaftServerConfigKeys (ConfUtils.java:logGet(62)) - raft.server.log.queue.byte-limit = 4294967296 (custom)
2025-07-19 06:07:12,782 [e6deb990-2c6c-4f88-aa04-2e44b30659d5-groupManagement] INFO  server.RaftServerConfigKeys (ConfUtils.java:logGet(62)) - raft.server.log.segment.size.max = 67108864 (custom)
2025-07-19 06:07:12,782 [e6deb990-2c6c-4f88-aa04-2e44b30659d5-groupManagement] INFO  server.RaftServerConfigKeys (ConfUtils.java:logGet(62)) - raft.server.log.preallocated.size = 4194304 (custom)
2025-07-19 06:07:12,782 [e6deb990-2c6c-4f88-aa04-2e44b30659d5-groupManagement] INFO  server.RaftServerConfigKeys (ConfUtils.java:logGet(62)) - raft.server.log.write.buffer.size = 33554440 (custom)
2025-07-19 06:07:12,783 [e4fa6cd0-dc30-4550-b12f-023a3466045b-groupManagement] INFO  storage.RaftStorage (RaftStorageImpl.java:format(98)) - Storage directory /home/runner/work/ozone/ozone/hadoop-ozone/integration-test/target/test-dir/MiniOzoneClusterImpl-09c4c6e1-5ab0-4195-ac7b-5aec6defaa36/ozone-meta/datanode-9/ratis/621783e2-3d2d-4ffd-8d5f-7fd69fea80d4 has been successfully formatted.
2025-07-19 06:07:12,783 [e4fa6cd0-dc30-4550-b12f-023a3466045b-groupManagement] INFO  ratis.ContainerStateMachine (ContainerStateMachine.java:initialize(339)) - e4fa6cd0-dc30-4550-b12f-023a3466045b: initialize group-7FD69FEA80D4
2025-07-19 06:07:12,783 [e4fa6cd0-dc30-4550-b12f-023a3466045b-groupManagement] INFO  ratis.ContainerStateMachine (ContainerStateMachine.java:loadSnapshot(347)) - group-7FD69FEA80D4: The snapshot info is null. Setting the last applied index to:<INITIAL_VALUE>
2025-07-19 06:07:12,788 [e4fa6cd0-dc30-4550-b12f-023a3466045b-groupManagement] INFO  server.RaftServerConfigKeys (ConfUtils.java:logGet(62)) - raft.server.log.appender.buffer.byte-limit = 33554432 (custom)
2025-07-19 06:07:12,783 [grpc-default-executor-4] WARN  server.GrpcAdminProtocolService (GrpcAdminProtocolService.java:lambda$groupManagement$1(53)) - Failed groupManagement: GROUPADD, GroupManagementRequest:client-F2CEB8462701->e6deb990-2c6c-4f88-aa04-2e44b30659d5@group-FB10F0A93659, cid=16, seq=null, RW, null, Add:group-FB10F0A93659:[e6deb990-2c6c-4f88-aa04-2e44b30659d5|127.0.0.1:15071, 78917b03-a842-488e-9e7c-f00b43f4ecc3|127.0.0.1:15063, e4fa6cd0-dc30-4550-b12f-023a3466045b|127.0.0.1:15079]
java.util.concurrent.CompletionException: org.apache.ratis.protocol.exceptions.AlreadyExistsException: e6deb990-2c6c-4f88-aa04-2e44b30659d5: Failed to add group-FB10F0A93659:[e6deb990-2c6c-4f88-aa04-2e44b30659d5|127.0.0.1:15071, 78917b03-a842-488e-9e7c-f00b43f4ecc3|127.0.0.1:15063, e4fa6cd0-dc30-4550-b12f-023a3466045b|127.0.0.1:15079] since the group already exists in the map.
	at java.base/java.util.concurrent.CompletableFuture.encodeThrowable(CompletableFuture.java:332)
	at java.base/java.util.concurrent.CompletableFuture.uniApplyNow(CompletableFuture.java:674)
	at java.base/java.util.concurrent.CompletableFuture.uniApplyStage(CompletableFuture.java:662)
	at java.base/java.util.concurrent.CompletableFuture.thenApplyAsync(CompletableFuture.java:2210)
	at org.apache.ratis.server.impl.RaftServerProxy.groupAddAsync(RaftServerProxy.java:513)
	at org.apache.ratis.server.impl.RaftServerProxy.groupManagementAsync(RaftServerProxy.java:495)
	at org.apache.ratis.grpc.server.GrpcAdminProtocolService.lambda$groupManagement$0(GrpcAdminProtocolService.java:51)
	at org.apache.ratis.grpc.GrpcUtil.asyncCall(GrpcUtil.java:172)
	at org.apache.ratis.grpc.server.GrpcAdminProtocolService.groupManagement(GrpcAdminProtocolService.java:51)
	at org.apache.ratis.proto.grpc.AdminProtocolServiceGrpc$MethodHandlers.invoke(AdminProtocolServiceGrpc.java:701)
	at org.apache.ratis.thirdparty.io.grpc.stub.ServerCalls$UnaryServerCallHandler$UnaryServerCallListener.onHalfClose(ServerCalls.java:182)
	at org.apache.ratis.thirdparty.io.grpc.internal.ServerCallImpl$ServerStreamListenerImpl.halfClosed(ServerCallImpl.java:356)
	at org.apache.ratis.thirdparty.io.grpc.internal.ServerImpl$JumpToApplicationThreadServerStreamListener$1HalfClosed.runInContext(ServerImpl.java:861)
	at org.apache.ratis.thirdparty.io.grpc.internal.ContextRunnable.run(ContextRunnable.java:37)
	at org.apache.ratis.thirdparty.io.grpc.internal.SerializingExecutor.run(SerializingExecutor.java:133)
	at java.base/java.util.concurrent.ThreadPoolExecutor.runWorker(ThreadPoolExecutor.java:1144)
	at java.base/java.util.concurrent.ThreadPoolExecutor$Worker.run(ThreadPoolExecutor.java:642)
	at java.base/java.lang.Thread.run(Thread.java:1583)
Caused by: org.apache.ratis.protocol.exceptions.AlreadyExistsException: e6deb990-2c6c-4f88-aa04-2e44b30659d5: Failed to add group-FB10F0A93659:[e6deb990-2c6c-4f88-aa04-2e44b30659d5|127.0.0.1:15071, 78917b03-a842-488e-9e7c-f00b43f4ecc3|127.0.0.1:15063, e4fa6cd0-dc30-4550-b12f-023a3466045b|127.0.0.1:15079] since the group already exists in the map.
	at org.apache.ratis.server.impl.RaftServerProxy$ImplMap.addNew(RaftServerProxy.java:99)
	at org.apache.ratis.server.impl.RaftServerProxy.groupAddAsync(RaftServerProxy.java:512)
	... 13 more
2025-07-19 06:07:12,792 [cfedd3f1-5d02-4847-a363-6f2972b00a97@group-4D5619C3D8B6-FollowerState] INFO  impl.FollowerState (FollowerState.java:runImpl(161)) - cfedd3f1-5d02-4847-a363-6f2972b00a97@group-4D5619C3D8B6-FollowerState: change to CANDIDATE, lastRpcElapsedTime:1170400270ns, electionTimeout:1168ms
2025-07-19 06:07:12,792 [cfedd3f1-5d02-4847-a363-6f2972b00a97@group-4D5619C3D8B6-FollowerState] INFO  impl.RoleInfo (RoleInfo.java:shutdownFollowerState(121)) - cfedd3f1-5d02-4847-a363-6f2972b00a97: shutdown cfedd3f1-5d02-4847-a363-6f2972b00a97@group-4D5619C3D8B6-FollowerState
2025-07-19 06:07:12,792 [cfedd3f1-5d02-4847-a363-6f2972b00a97@group-4D5619C3D8B6-FollowerState] INFO  server.RaftServer$Division (RaftServerImpl.java:setRole(392)) - cfedd3f1-5d02-4847-a363-6f2972b00a97@group-4D5619C3D8B6: changes role from  FOLLOWER to CANDIDATE at term 0 for changeToCandidate
2025-07-19 06:07:12,792 [cfedd3f1-5d02-4847-a363-6f2972b00a97@group-4D5619C3D8B6-FollowerState] INFO  impl.RoleInfo (RoleInfo.java:updateAndGet(148)) - cfedd3f1-5d02-4847-a363-6f2972b00a97: start cfedd3f1-5d02-4847-a363-6f2972b00a97@group-4D5619C3D8B6-LeaderElection11
2025-07-19 06:07:12,792 [cfedd3f1-5d02-4847-a363-6f2972b00a97@group-4D5619C3D8B6-LeaderElection11] INFO  impl.LeaderElection (LeaderElection.java:askForVotes(448)) - cfedd3f1-5d02-4847-a363-6f2972b00a97@group-4D5619C3D8B6-LeaderElection11 PRE_VOTE round 0: submit vote requests at term 0 for conf: {index: -1, cur=peers:[cfedd3f1-5d02-4847-a363-6f2972b00a97|127.0.0.1:15039, e80b39d0-2325-4ff7-b450-1b10ae88e746|127.0.0.1:15055, d1f2401f-ce3c-4cd7-b613-e85afa8c39c7|127.0.0.1:15047]|listeners:[], old=null}
2025-07-19 06:07:12,793 [cfedd3f1-5d02-4847-a363-6f2972b00a97@group-4D5619C3D8B6-LeaderElection11-1] INFO  server.GrpcServerProtocolClient (GrpcServerProtocolClient.java:<init>(65)) - Build channel for e80b39d0-2325-4ff7-b450-1b10ae88e746|127.0.0.1:15055
2025-07-19 06:07:12,798 [cfedd3f1-5d02-4847-a363-6f2972b00a97@group-4D5619C3D8B6-LeaderElection11-2] INFO  server.GrpcServerProtocolClient (GrpcServerProtocolClient.java:<init>(65)) - Build channel for d1f2401f-ce3c-4cd7-b613-e85afa8c39c7|127.0.0.1:15047
2025-07-19 06:07:12,794 [e4fa6cd0-dc30-4550-b12f-023a3466045b-groupManagement] INFO  server.RaftServerConfigKeys (ConfUtils.java:logGet(62)) - raft.server.log.segment.size.max = 67108864 (custom)
2025-07-19 06:07:12,800 [e4fa6cd0-dc30-4550-b12f-023a3466045b-groupManagement] INFO  server.RaftServerConfigKeys (ConfUtils.java:logGet(62)) - raft.server.log.appender.buffer.byte-limit = 33554432 (custom)
2025-07-19 06:07:12,803 [e4fa6cd0-dc30-4550-b12f-023a3466045b-groupManagement] INFO  util.AwaitToRun (AwaitToRun.java:start(81)) - Thread[#1392,e4fa6cd0-dc30-4550-b12f-023a3466045b@group-7FD69FEA80D4-cacheEviction-AwaitToRun,5,main] started
2025-07-19 06:07:12,803 [e4fa6cd0-dc30-4550-b12f-023a3466045b-groupManagement] INFO  segmented.SegmentedRaftLogWorker (SegmentedRaftLogWorker.java:<init>(190)) - new e4fa6cd0-dc30-4550-b12f-023a3466045b@group-7FD69FEA80D4-SegmentedRaftLogWorker for RaftStorageImpl:Storage Directory /home/runner/work/ozone/ozone/hadoop-ozone/integration-test/target/test-dir/MiniOzoneClusterImpl-09c4c6e1-5ab0-4195-ac7b-5aec6defaa36/ozone-meta/datanode-9/ratis/621783e2-3d2d-4ffd-8d5f-7fd69fea80d4
2025-07-19 06:07:12,803 [e4fa6cd0-dc30-4550-b12f-023a3466045b-groupManagement] INFO  server.RaftServerConfigKeys (ConfUtils.java:logGet(62)) - raft.server.log.queue.byte-limit = 4294967296 (custom)
2025-07-19 06:07:12,803 [e4fa6cd0-dc30-4550-b12f-023a3466045b-groupManagement] INFO  server.RaftServerConfigKeys (ConfUtils.java:logGet(62)) - raft.server.log.segment.size.max = 67108864 (custom)
2025-07-19 06:07:12,803 [e4fa6cd0-dc30-4550-b12f-023a3466045b-groupManagement] INFO  server.RaftServerConfigKeys (ConfUtils.java:logGet(62)) - raft.server.log.preallocated.size = 4194304 (custom)
2025-07-19 06:07:12,803 [e4fa6cd0-dc30-4550-b12f-023a3466045b-groupManagement] INFO  server.RaftServerConfigKeys (ConfUtils.java:logGet(62)) - raft.server.log.write.buffer.size = 33554440 (custom)
2025-07-19 06:07:12,805 [e6deb990-2c6c-4f88-aa04-2e44b30659d5-groupManagement] INFO  server.RaftServerConfigKeys (ConfUtils.java:logGet(62)) - raft.server.log.appender.buffer.byte-limit = 33554432 (custom)
2025-07-19 06:07:12,807 [78917b03-a842-488e-9e7c-f00b43f4ecc3-PipelineCommandHandlerThread-0] INFO  commandhandler.CreatePipelineCommandHandler (CreatePipelineCommandHandler.java:lambda$handle$2(127)) - Created Pipeline RATIS THREE Pipeline-04a4c252-88a2-4fd6-909f-fb10f0a93659.
2025-07-19 06:07:12,809 [e6deb990-2c6c-4f88-aa04-2e44b30659d5-groupManagement] INFO  segmented.SegmentedRaftLogWorker (SegmentedRaftLogWorker.java:lambda$new$0(141)) - e6deb990-2c6c-4f88-aa04-2e44b30659d5@group-FB10F0A93659-SegmentedRaftLogWorker: flushIndex: setUnconditionally 0 -> -1
2025-07-19 06:07:12,809 [e6deb990-2c6c-4f88-aa04-2e44b30659d5-groupManagement] INFO  segmented.SegmentedRaftLogWorker (SegmentedRaftLogWorker.java:lambda$new$0(141)) - e6deb990-2c6c-4f88-aa04-2e44b30659d5@group-FB10F0A93659-SegmentedRaftLogWorker: safeCacheEvictIndex: setUnconditionally 0 -> -1
2025-07-19 06:07:12,810 [e6deb990-2c6c-4f88-aa04-2e44b30659d5-groupManagement] INFO  server.RaftServer$Division (RaftServerImpl.java:start(405)) - e6deb990-2c6c-4f88-aa04-2e44b30659d5@group-FB10F0A93659: start as a follower, conf=conf: {index: -1, cur=peers:[e6deb990-2c6c-4f88-aa04-2e44b30659d5|127.0.0.1:15071, 78917b03-a842-488e-9e7c-f00b43f4ecc3|127.0.0.1:15063, e4fa6cd0-dc30-4550-b12f-023a3466045b|127.0.0.1:15079]|listeners:[], old=null}
2025-07-19 06:07:12,810 [e6deb990-2c6c-4f88-aa04-2e44b30659d5-groupManagement] INFO  server.RaftServer$Division (RaftServerImpl.java:setRole(392)) - e6deb990-2c6c-4f88-aa04-2e44b30659d5@group-FB10F0A93659: changes role from      null to FOLLOWER at term 0 for startAsFollower
2025-07-19 06:07:12,810 [e6deb990-2c6c-4f88-aa04-2e44b30659d5-groupManagement] INFO  impl.RoleInfo (RoleInfo.java:updateAndGet(148)) - e6deb990-2c6c-4f88-aa04-2e44b30659d5: start e6deb990-2c6c-4f88-aa04-2e44b30659d5@group-FB10F0A93659-FollowerState
2025-07-19 06:07:12,812 [grpc-default-executor-6] INFO  server.RaftServer$Division (RaftServerImpl.java:requestVote(1421)) - e80b39d0-2325-4ff7-b450-1b10ae88e746@group-4D5619C3D8B6: receive requestVote(PRE_VOTE, cfedd3f1-5d02-4847-a363-6f2972b00a97, group-4D5619C3D8B6, 0, <PROTO_DEFAULT>)
2025-07-19 06:07:12,812 [grpc-default-executor-6] INFO  impl.VoteContext (VoteContext.java:log(49)) - e80b39d0-2325-4ff7-b450-1b10ae88e746@group-4D5619C3D8B6-FOLLOWER: accept PRE_VOTE from cfedd3f1-5d02-4847-a363-6f2972b00a97: our priority 0 <= candidate's priority 1
2025-07-19 06:07:12,812 [grpc-default-executor-6] INFO  server.RaftServer$Division (RaftServerImpl.java:requestVote(1455)) - e80b39d0-2325-4ff7-b450-1b10ae88e746@group-4D5619C3D8B6 replies to PRE_VOTE vote request: cfedd3f1-5d02-4847-a363-6f2972b00a97<-e80b39d0-2325-4ff7-b450-1b10ae88e746#0:OK-t0-last:<INITIAL_VALUE>. Peer's state: e80b39d0-2325-4ff7-b450-1b10ae88e746@group-4D5619C3D8B6:t0, leader=null, voted=, raftlog=Memoized:e80b39d0-2325-4ff7-b450-1b10ae88e746@group-4D5619C3D8B6-SegmentedRaftLog:OPENED:c-1:lastnull, conf=conf: {index: -1, cur=peers:[cfedd3f1-5d02-4847-a363-6f2972b00a97|127.0.0.1:15039, e80b39d0-2325-4ff7-b450-1b10ae88e746|127.0.0.1:15055, d1f2401f-ce3c-4cd7-b613-e85afa8c39c7|127.0.0.1:15047]|listeners:[], old=null}
2025-07-19 06:07:12,814 [cfedd3f1-5d02-4847-a363-6f2972b00a97@group-4D5619C3D8B6-LeaderElection11] INFO  impl.LeaderElection (LeaderElection.java:logAndReturn(206)) - cfedd3f1-5d02-4847-a363-6f2972b00a97@group-4D5619C3D8B6-LeaderElection11: PRE_VOTE PASSED received 1 response(s) and 0 exception(s):
2025-07-19 06:07:12,814 [cfedd3f1-5d02-4847-a363-6f2972b00a97@group-4D5619C3D8B6-LeaderElection11] INFO  impl.LeaderElection (LeaderElection.java:logAndReturn(210)) -   Response 0: cfedd3f1-5d02-4847-a363-6f2972b00a97<-e80b39d0-2325-4ff7-b450-1b10ae88e746#0:OK-t0-last:<INITIAL_VALUE>
2025-07-19 06:07:12,814 [cfedd3f1-5d02-4847-a363-6f2972b00a97@group-4D5619C3D8B6-LeaderElection11] INFO  impl.LeaderElection (LeaderElection.java:askForVotes(450)) - cfedd3f1-5d02-4847-a363-6f2972b00a97@group-4D5619C3D8B6-LeaderElection11 PRE_VOTE round 0: result PASSED
2025-07-19 06:07:12,814 [e6deb990-2c6c-4f88-aa04-2e44b30659d5-groupManagement] INFO  util.JmxRegister (JmxRegister.java:tryRegister(44)) - Successfully registered JMX Bean with object name Ratis:service=RaftServer,group=group-FB10F0A93659,id=e6deb990-2c6c-4f88-aa04-2e44b30659d5
2025-07-19 06:07:12,815 [e6deb990-2c6c-4f88-aa04-2e44b30659d5-groupManagement] INFO  util.JmxRegister (JmxRegister.java:register(58)) - register mxBean class org.apache.ratis.server.impl.RaftServerJmxAdapter as Ratis:service=RaftServer,group=group-FB10F0A93659,id=e6deb990-2c6c-4f88-aa04-2e44b30659d5
2025-07-19 06:07:12,816 [e4fa6cd0-dc30-4550-b12f-023a3466045b-groupManagement] INFO  server.RaftServerConfigKeys (ConfUtils.java:logGet(62)) - raft.server.log.appender.buffer.byte-limit = 33554432 (custom)
2025-07-19 06:07:12,816 [e4fa6cd0-dc30-4550-b12f-023a3466045b-groupManagement] INFO  segmented.SegmentedRaftLogWorker (SegmentedRaftLogWorker.java:lambda$new$0(141)) - e4fa6cd0-dc30-4550-b12f-023a3466045b@group-7FD69FEA80D4-SegmentedRaftLogWorker: flushIndex: setUnconditionally 0 -> -1
2025-07-19 06:07:12,816 [e4fa6cd0-dc30-4550-b12f-023a3466045b-groupManagement] INFO  segmented.SegmentedRaftLogWorker (SegmentedRaftLogWorker.java:lambda$new$0(141)) - e4fa6cd0-dc30-4550-b12f-023a3466045b@group-7FD69FEA80D4-SegmentedRaftLogWorker: safeCacheEvictIndex: setUnconditionally 0 -> -1
2025-07-19 06:07:12,821 [cfedd3f1-5d02-4847-a363-6f2972b00a97@group-4D5619C3D8B6-LeaderElection11] INFO  impl.LeaderElection (LeaderElection.java:askForVotes(448)) - cfedd3f1-5d02-4847-a363-6f2972b00a97@group-4D5619C3D8B6-LeaderElection11 ELECTION round 0: submit vote requests at term 1 for conf: {index: -1, cur=peers:[cfedd3f1-5d02-4847-a363-6f2972b00a97|127.0.0.1:15039, e80b39d0-2325-4ff7-b450-1b10ae88e746|127.0.0.1:15055, d1f2401f-ce3c-4cd7-b613-e85afa8c39c7|127.0.0.1:15047]|listeners:[], old=null}
2025-07-19 06:07:12,821 [e6deb990-2c6c-4f88-aa04-2e44b30659d5-groupManagement] INFO  server.RaftServer$Division (RaftServerImpl.java:start(419)) - e6deb990-2c6c-4f88-aa04-2e44b30659d5@group-FB10F0A93659: Successfully started.
2025-07-19 06:07:12,821 [e4fa6cd0-dc30-4550-b12f-023a3466045b-groupManagement] INFO  server.RaftServer$Division (RaftServerImpl.java:start(405)) - e4fa6cd0-dc30-4550-b12f-023a3466045b@group-7FD69FEA80D4: start as a follower, conf=conf: {index: -1, cur=peers:[e4fa6cd0-dc30-4550-b12f-023a3466045b|127.0.0.1:15079]|listeners:[], old=null}
2025-07-19 06:07:12,821 [e4fa6cd0-dc30-4550-b12f-023a3466045b-groupManagement] INFO  server.RaftServer$Division (RaftServerImpl.java:setRole(392)) - e4fa6cd0-dc30-4550-b12f-023a3466045b@group-7FD69FEA80D4: changes role from      null to FOLLOWER at term 0 for startAsFollower
2025-07-19 06:07:12,821 [e4fa6cd0-dc30-4550-b12f-023a3466045b-groupManagement] INFO  impl.RoleInfo (RoleInfo.java:updateAndGet(148)) - e4fa6cd0-dc30-4550-b12f-023a3466045b: start e4fa6cd0-dc30-4550-b12f-023a3466045b@group-7FD69FEA80D4-FollowerState
2025-07-19 06:07:12,822 [e6deb990-2c6c-4f88-aa04-2e44b30659d5-PipelineCommandHandlerThread-0] INFO  ratis.XceiverServerRatis (XceiverServerRatis.java:addGroup(843)) - Created group Pipeline-04a4c252-88a2-4fd6-909f-fb10f0a93659
2025-07-19 06:07:12,822 [e4fa6cd0-dc30-4550-b12f-023a3466045b-groupManagement] INFO  util.JmxRegister (JmxRegister.java:tryRegister(44)) - Successfully registered JMX Bean with object name Ratis:service=RaftServer,group=group-7FD69FEA80D4,id=e4fa6cd0-dc30-4550-b12f-023a3466045b
2025-07-19 06:07:12,822 [e4fa6cd0-dc30-4550-b12f-023a3466045b-groupManagement] INFO  util.JmxRegister (JmxRegister.java:register(58)) - register mxBean class org.apache.ratis.server.impl.RaftServerJmxAdapter as Ratis:service=RaftServer,group=group-7FD69FEA80D4,id=e4fa6cd0-dc30-4550-b12f-023a3466045b
2025-07-19 06:07:12,824 [e4fa6cd0-dc30-4550-b12f-023a3466045b-groupManagement] INFO  server.RaftServer$Division (RaftServerImpl.java:start(419)) - e4fa6cd0-dc30-4550-b12f-023a3466045b@group-7FD69FEA80D4: Successfully started.
2025-07-19 06:07:12,825 [e4fa6cd0-dc30-4550-b12f-023a3466045b-PipelineCommandHandlerThread-0] INFO  ratis.XceiverServerRatis (XceiverServerRatis.java:addGroup(843)) - Created group Pipeline-621783e2-3d2d-4ffd-8d5f-7fd69fea80d4
2025-07-19 06:07:12,825 [e4fa6cd0-dc30-4550-b12f-023a3466045b-PipelineCommandHandlerThread-0] INFO  commandhandler.CreatePipelineCommandHandler (CreatePipelineCommandHandler.java:lambda$handle$2(127)) - Created Pipeline RATIS ONE Pipeline-621783e2-3d2d-4ffd-8d5f-7fd69fea80d4.
2025-07-19 06:07:12,826 [grpc-default-executor-4] INFO  server.RaftServer$Division (RaftServerImpl.java:requestVote(1421)) - d1f2401f-ce3c-4cd7-b613-e85afa8c39c7@group-4D5619C3D8B6: receive requestVote(ELECTION, cfedd3f1-5d02-4847-a363-6f2972b00a97, group-4D5619C3D8B6, 1, <PROTO_DEFAULT>)
2025-07-19 06:07:12,826 [grpc-default-executor-4] INFO  impl.VoteContext (VoteContext.java:log(49)) - d1f2401f-ce3c-4cd7-b613-e85afa8c39c7@group-4D5619C3D8B6-FOLLOWER: accept ELECTION from cfedd3f1-5d02-4847-a363-6f2972b00a97: our priority 0 <= candidate's priority 1
2025-07-19 06:07:12,826 [grpc-default-executor-4] INFO  server.RaftServer$Division (RaftServerImpl.java:setRole(392)) - d1f2401f-ce3c-4cd7-b613-e85afa8c39c7@group-4D5619C3D8B6: changes role from  FOLLOWER to FOLLOWER at term 0 for candidate:cfedd3f1-5d02-4847-a363-6f2972b00a97
2025-07-19 06:07:12,826 [grpc-default-executor-4] INFO  impl.RoleInfo (RoleInfo.java:shutdownFollowerState(121)) - d1f2401f-ce3c-4cd7-b613-e85afa8c39c7: shutdown d1f2401f-ce3c-4cd7-b613-e85afa8c39c7@group-4D5619C3D8B6-FollowerState
2025-07-19 06:07:12,826 [grpc-default-executor-4] INFO  impl.RoleInfo (RoleInfo.java:updateAndGet(148)) - d1f2401f-ce3c-4cd7-b613-e85afa8c39c7: start d1f2401f-ce3c-4cd7-b613-e85afa8c39c7@group-4D5619C3D8B6-FollowerState
2025-07-19 06:07:12,827 [d1f2401f-ce3c-4cd7-b613-e85afa8c39c7@group-4D5619C3D8B6-FollowerState] INFO  impl.FollowerState (FollowerState.java:runImpl(170)) - d1f2401f-ce3c-4cd7-b613-e85afa8c39c7@group-4D5619C3D8B6-FollowerState was interrupted
2025-07-19 06:07:12,827 [grpc-default-executor-6] INFO  server.RaftServer$Division (RaftServerImpl.java:requestVote(1421)) - e80b39d0-2325-4ff7-b450-1b10ae88e746@group-4D5619C3D8B6: receive requestVote(ELECTION, cfedd3f1-5d02-4847-a363-6f2972b00a97, group-4D5619C3D8B6, 1, <PROTO_DEFAULT>)
2025-07-19 06:07:12,827 [grpc-default-executor-6] INFO  impl.VoteContext (VoteContext.java:log(49)) - e80b39d0-2325-4ff7-b450-1b10ae88e746@group-4D5619C3D8B6-FOLLOWER: accept ELECTION from cfedd3f1-5d02-4847-a363-6f2972b00a97: our priority 0 <= candidate's priority 1
2025-07-19 06:07:12,827 [grpc-default-executor-6] INFO  server.RaftServer$Division (RaftServerImpl.java:setRole(392)) - e80b39d0-2325-4ff7-b450-1b10ae88e746@group-4D5619C3D8B6: changes role from  FOLLOWER to FOLLOWER at term 0 for candidate:cfedd3f1-5d02-4847-a363-6f2972b00a97
2025-07-19 06:07:12,827 [grpc-default-executor-6] INFO  impl.RoleInfo (RoleInfo.java:shutdownFollowerState(121)) - e80b39d0-2325-4ff7-b450-1b10ae88e746: shutdown e80b39d0-2325-4ff7-b450-1b10ae88e746@group-4D5619C3D8B6-FollowerState
2025-07-19 06:07:12,827 [grpc-default-executor-6] INFO  impl.RoleInfo (RoleInfo.java:updateAndGet(148)) - e80b39d0-2325-4ff7-b450-1b10ae88e746: start e80b39d0-2325-4ff7-b450-1b10ae88e746@group-4D5619C3D8B6-FollowerState
2025-07-19 06:07:12,827 [e80b39d0-2325-4ff7-b450-1b10ae88e746@group-4D5619C3D8B6-FollowerState] INFO  impl.FollowerState (FollowerState.java:runImpl(170)) - e80b39d0-2325-4ff7-b450-1b10ae88e746@group-4D5619C3D8B6-FollowerState was interrupted
2025-07-19 06:07:12,828 [grpc-default-executor-4] INFO  server.RaftServer$Division (RaftServerImpl.java:setFirstElection(576)) - d1f2401f-ce3c-4cd7-b613-e85afa8c39c7@group-4D5619C3D8B6: set firstElectionSinceStartup to false for candidate:cfedd3f1-5d02-4847-a363-6f2972b00a97
2025-07-19 06:07:12,828 [grpc-default-executor-6] INFO  server.RaftServer$Division (RaftServerImpl.java:setFirstElection(576)) - e80b39d0-2325-4ff7-b450-1b10ae88e746@group-4D5619C3D8B6: set firstElectionSinceStartup to false for candidate:cfedd3f1-5d02-4847-a363-6f2972b00a97
2025-07-19 06:07:12,831 [grpc-default-executor-6] INFO  server.RaftServer$Division (RaftServerImpl.java:requestVote(1455)) - e80b39d0-2325-4ff7-b450-1b10ae88e746@group-4D5619C3D8B6 replies to ELECTION vote request: cfedd3f1-5d02-4847-a363-6f2972b00a97<-e80b39d0-2325-4ff7-b450-1b10ae88e746#0:OK-t1-last:<INITIAL_VALUE>. Peer's state: e80b39d0-2325-4ff7-b450-1b10ae88e746@group-4D5619C3D8B6:t1, leader=null, voted=cfedd3f1-5d02-4847-a363-6f2972b00a97, raftlog=Memoized:e80b39d0-2325-4ff7-b450-1b10ae88e746@group-4D5619C3D8B6-SegmentedRaftLog:OPENED:c-1:lastnull, conf=conf: {index: -1, cur=peers:[cfedd3f1-5d02-4847-a363-6f2972b00a97|127.0.0.1:15039, e80b39d0-2325-4ff7-b450-1b10ae88e746|127.0.0.1:15055, d1f2401f-ce3c-4cd7-b613-e85afa8c39c7|127.0.0.1:15047]|listeners:[], old=null}
2025-07-19 06:07:12,832 [grpc-default-executor-4] INFO  server.RaftServer$Division (RaftServerImpl.java:requestVote(1455)) - d1f2401f-ce3c-4cd7-b613-e85afa8c39c7@group-4D5619C3D8B6 replies to ELECTION vote request: cfedd3f1-5d02-4847-a363-6f2972b00a97<-d1f2401f-ce3c-4cd7-b613-e85afa8c39c7#0:OK-t1-last:<INITIAL_VALUE>. Peer's state: d1f2401f-ce3c-4cd7-b613-e85afa8c39c7@group-4D5619C3D8B6:t1, leader=null, voted=cfedd3f1-5d02-4847-a363-6f2972b00a97, raftlog=Memoized:d1f2401f-ce3c-4cd7-b613-e85afa8c39c7@group-4D5619C3D8B6-SegmentedRaftLog:OPENED:c-1:lastnull, conf=conf: {index: -1, cur=peers:[cfedd3f1-5d02-4847-a363-6f2972b00a97|127.0.0.1:15039, e80b39d0-2325-4ff7-b450-1b10ae88e746|127.0.0.1:15055, d1f2401f-ce3c-4cd7-b613-e85afa8c39c7|127.0.0.1:15047]|listeners:[], old=null}
2025-07-19 06:07:12,833 [cfedd3f1-5d02-4847-a363-6f2972b00a97@group-4D5619C3D8B6-LeaderElection11] INFO  impl.LeaderElection (LeaderElection.java:logAndReturn(206)) - cfedd3f1-5d02-4847-a363-6f2972b00a97@group-4D5619C3D8B6-LeaderElection11: ELECTION PASSED received 1 response(s) and 0 exception(s):
2025-07-19 06:07:12,834 [cfedd3f1-5d02-4847-a363-6f2972b00a97@group-4D5619C3D8B6-LeaderElection11] INFO  impl.LeaderElection (LeaderElection.java:logAndReturn(210)) -   Response 0: cfedd3f1-5d02-4847-a363-6f2972b00a97<-d1f2401f-ce3c-4cd7-b613-e85afa8c39c7#0:OK-t1-last:<INITIAL_VALUE>
2025-07-19 06:07:12,834 [cfedd3f1-5d02-4847-a363-6f2972b00a97@group-4D5619C3D8B6-LeaderElection11] INFO  impl.LeaderElection (LeaderElection.java:askForVotes(450)) - cfedd3f1-5d02-4847-a363-6f2972b00a97@group-4D5619C3D8B6-LeaderElection11 ELECTION round 0: result PASSED
2025-07-19 06:07:12,835 [cfedd3f1-5d02-4847-a363-6f2972b00a97@group-4D5619C3D8B6-LeaderElection11] INFO  impl.RoleInfo (RoleInfo.java:shutdownLeaderElection(141)) - cfedd3f1-5d02-4847-a363-6f2972b00a97: shutdown cfedd3f1-5d02-4847-a363-6f2972b00a97@group-4D5619C3D8B6-LeaderElection11
2025-07-19 06:07:12,835 [cfedd3f1-5d02-4847-a363-6f2972b00a97@group-4D5619C3D8B6-LeaderElection11] INFO  server.RaftServer$Division (RaftServerImpl.java:setRole(392)) - cfedd3f1-5d02-4847-a363-6f2972b00a97@group-4D5619C3D8B6: changes role from CANDIDATE to LEADER at term 1 for changeToLeader
2025-07-19 06:07:12,835 [cfedd3f1-5d02-4847-a363-6f2972b00a97@group-4D5619C3D8B6-LeaderElection11] INFO  server.RaftServerConfigKeys (ConfUtils.java:logFallback(69)) - raft.server.staging.timeout = 15600ms (fallback to raft.server.rpc.timeout.max)
2025-07-19 06:07:12,836 [cfedd3f1-5d02-4847-a363-6f2972b00a97@group-4D5619C3D8B6-LeaderElection11] INFO  server.RaftServerConfigKeys (ConfUtils.java:logGet(62)) - raft.server.write.byte-limit = 1024 M (=1073741824) (custom)
2025-07-19 06:07:12,838 [cfedd3f1-5d02-4847-a363-6f2972b00a97@group-4D5619C3D8B6-LeaderElection11] INFO  server.RaftServerConfigKeys (ConfUtils.java:logGet(62)) - raft.server.log.appender.buffer.byte-limit = 33554432 (custom)
2025-07-19 06:07:12,839 [grpc-default-executor-2] WARN  server.GrpcAdminProtocolService (GrpcAdminProtocolService.java:lambda$groupManagement$1(53)) - Failed groupManagement: GROUPADD, GroupManagementRequest:client-F74019F91253->e4fa6cd0-dc30-4550-b12f-023a3466045b@group-FB10F0A93659, cid=17, seq=null, RW, null, Add:group-FB10F0A93659:[e6deb990-2c6c-4f88-aa04-2e44b30659d5|127.0.0.1:15071, 78917b03-a842-488e-9e7c-f00b43f4ecc3|127.0.0.1:15063, e4fa6cd0-dc30-4550-b12f-023a3466045b|127.0.0.1:15079]
java.util.concurrent.CompletionException: org.apache.ratis.protocol.exceptions.AlreadyExistsException: e4fa6cd0-dc30-4550-b12f-023a3466045b: Failed to add group-FB10F0A93659:[e6deb990-2c6c-4f88-aa04-2e44b30659d5|127.0.0.1:15071, 78917b03-a842-488e-9e7c-f00b43f4ecc3|127.0.0.1:15063, e4fa6cd0-dc30-4550-b12f-023a3466045b|127.0.0.1:15079] since the group already exists in the map.
	at java.base/java.util.concurrent.CompletableFuture.encodeThrowable(CompletableFuture.java:332)
	at java.base/java.util.concurrent.CompletableFuture.uniApplyNow(CompletableFuture.java:674)
	at java.base/java.util.concurrent.CompletableFuture.uniApplyStage(CompletableFuture.java:662)
	at java.base/java.util.concurrent.CompletableFuture.thenApplyAsync(CompletableFuture.java:2210)
	at org.apache.ratis.server.impl.RaftServerProxy.groupAddAsync(RaftServerProxy.java:513)
	at org.apache.ratis.server.impl.RaftServerProxy.groupManagementAsync(RaftServerProxy.java:495)
	at org.apache.ratis.grpc.server.GrpcAdminProtocolService.lambda$groupManagement$0(GrpcAdminProtocolService.java:51)
	at org.apache.ratis.grpc.GrpcUtil.asyncCall(GrpcUtil.java:172)
	at org.apache.ratis.grpc.server.GrpcAdminProtocolService.groupManagement(GrpcAdminProtocolService.java:51)
	at org.apache.ratis.proto.grpc.AdminProtocolServiceGrpc$MethodHandlers.invoke(AdminProtocolServiceGrpc.java:701)
	at org.apache.ratis.thirdparty.io.grpc.stub.ServerCalls$UnaryServerCallHandler$UnaryServerCallListener.onHalfClose(ServerCalls.java:182)
	at org.apache.ratis.thirdparty.io.grpc.internal.ServerCallImpl$ServerStreamListenerImpl.halfClosed(ServerCallImpl.java:356)
	at org.apache.ratis.thirdparty.io.grpc.internal.ServerImpl$JumpToApplicationThreadServerStreamListener$1HalfClosed.runInContext(ServerImpl.java:861)
	at org.apache.ratis.thirdparty.io.grpc.internal.ContextRunnable.run(ContextRunnable.java:37)
	at org.apache.ratis.thirdparty.io.grpc.internal.SerializingExecutor.run(SerializingExecutor.java:133)
	at java.base/java.util.concurrent.ThreadPoolExecutor.runWorker(ThreadPoolExecutor.java:1144)
	at java.base/java.util.concurrent.ThreadPoolExecutor$Worker.run(ThreadPoolExecutor.java:642)
	at java.base/java.lang.Thread.run(Thread.java:1583)
Caused by: org.apache.ratis.protocol.exceptions.AlreadyExistsException: e4fa6cd0-dc30-4550-b12f-023a3466045b: Failed to add group-FB10F0A93659:[e6deb990-2c6c-4f88-aa04-2e44b30659d5|127.0.0.1:15071, 78917b03-a842-488e-9e7c-f00b43f4ecc3|127.0.0.1:15063, e4fa6cd0-dc30-4550-b12f-023a3466045b|127.0.0.1:15079] since the group already exists in the map.
	at org.apache.ratis.server.impl.RaftServerProxy$ImplMap.addNew(RaftServerProxy.java:99)
	at org.apache.ratis.server.impl.RaftServerProxy.groupAddAsync(RaftServerProxy.java:512)
	... 13 more
2025-07-19 06:07:12,842 [cfedd3f1-5d02-4847-a363-6f2972b00a97@group-4D5619C3D8B6-LeaderElection11] INFO  server.RaftServerConfigKeys (ConfUtils.java:logGet(62)) - raft.server.log.appender.buffer.byte-limit = 33554432 (custom)
2025-07-19 06:07:12,844 [cfedd3f1-5d02-4847-a363-6f2972b00a97@group-4D5619C3D8B6-LeaderElection11] INFO  impl.RoleInfo (RoleInfo.java:updateAndGet(148)) - cfedd3f1-5d02-4847-a363-6f2972b00a97: start cfedd3f1-5d02-4847-a363-6f2972b00a97@group-4D5619C3D8B6-LeaderStateImpl
2025-07-19 06:07:12,844 [cfedd3f1-5d02-4847-a363-6f2972b00a97@group-4D5619C3D8B6-LeaderElection11] INFO  server.RaftServer$Division (RaftServerImpl.java:setFirstElection(576)) - cfedd3f1-5d02-4847-a363-6f2972b00a97@group-4D5619C3D8B6: set firstElectionSinceStartup to false for becomeLeader
2025-07-19 06:07:12,844 [cfedd3f1-5d02-4847-a363-6f2972b00a97@group-4D5619C3D8B6-LeaderElection11] INFO  ratis.XceiverServerRatis (XceiverServerRatis.java:handleLeaderChangedNotification(944)) - Leader change notification received for group: group-4D5619C3D8B6 with new leaderId: cfedd3f1-5d02-4847-a363-6f2972b00a97
2025-07-19 06:07:12,845 [cfedd3f1-5d02-4847-a363-6f2972b00a97@group-4D5619C3D8B6-LeaderElection11] INFO  server.RaftServer$Division (ServerState.java:setLeader(272)) - cfedd3f1-5d02-4847-a363-6f2972b00a97@group-4D5619C3D8B6: change Leader from null to cfedd3f1-5d02-4847-a363-6f2972b00a97 at term 1 for becomeLeader, leader elected after 1242ms
2025-07-19 06:07:12,846 [cfedd3f1-5d02-4847-a363-6f2972b00a97@group-4D5619C3D8B6-LeaderElection11] INFO  segmented.SegmentedRaftLogWorker (SegmentedRaftLogWorker.java:startLogSegment(440)) - cfedd3f1-5d02-4847-a363-6f2972b00a97@group-4D5619C3D8B6-SegmentedRaftLogWorker: Starting segment from index:0
2025-07-19 06:07:12,846 [cfedd3f1-5d02-4847-a363-6f2972b00a97@group-4D5619C3D8B6-SegmentedRaftLogWorker] INFO  segmented.BufferedWriteChannel (BufferedWriteChannel.java:open(61)) - open log_inprogress_0 at position 0
2025-07-19 06:07:12,849 [cfedd3f1-5d02-4847-a363-6f2972b00a97@group-4D5619C3D8B6-LeaderElection11] INFO  server.RaftServer$Division (ServerState.java:setRaftConf(386)) - cfedd3f1-5d02-4847-a363-6f2972b00a97@group-4D5619C3D8B6: set configuration conf: {index: 0, cur=peers:[cfedd3f1-5d02-4847-a363-6f2972b00a97|127.0.0.1:15039, e80b39d0-2325-4ff7-b450-1b10ae88e746|127.0.0.1:15055, d1f2401f-ce3c-4cd7-b613-e85afa8c39c7|127.0.0.1:15047]|listeners:[], old=null}
2025-07-19 06:07:12,854 [EventQueue-PipelineReportForPipelineReportHandler] INFO  pipeline.PipelineReportHandler (PipelineReportHandler.java:processPipelineReport(134)) - Opened pipeline Pipeline-1b74f178-ec11-44a0-a1ac-4d5619c3d8b6
2025-07-19 06:07:12,861 [cfedd3f1-5d02-4847-a363-6f2972b00a97@group-4D5619C3D8B6-SegmentedRaftLogWorker] INFO  segmented.SegmentedRaftLogWorker (SegmentedRaftLogWorker.java:execute(647)) - cfedd3f1-5d02-4847-a363-6f2972b00a97@group-4D5619C3D8B6-SegmentedRaftLogWorker: created new log segment /home/runner/work/ozone/ozone/hadoop-ozone/integration-test/target/test-dir/MiniOzoneClusterImpl-09c4c6e1-5ab0-4195-ac7b-5aec6defaa36/ozone-meta/datanode-4/ratis/1b74f178-ec11-44a0-a1ac-4d5619c3d8b6/current/log_inprogress_0
2025-07-19 06:07:12,862 [grpc-default-executor-6] INFO  ratis.XceiverServerRatis (XceiverServerRatis.java:handleLeaderChangedNotification(944)) - Leader change notification received for group: group-4D5619C3D8B6 with new leaderId: cfedd3f1-5d02-4847-a363-6f2972b00a97
2025-07-19 06:07:12,863 [grpc-default-executor-6] INFO  server.RaftServer$Division (ServerState.java:setLeader(272)) - e80b39d0-2325-4ff7-b450-1b10ae88e746@group-4D5619C3D8B6: change Leader from null to cfedd3f1-5d02-4847-a363-6f2972b00a97 at term 1 for appendEntries, leader elected after 1228ms
2025-07-19 06:07:12,864 [grpc-default-executor-2] INFO  server.RaftServer$Division (ServerState.java:setRaftConf(386)) - e80b39d0-2325-4ff7-b450-1b10ae88e746@group-4D5619C3D8B6: set configuration conf: {index: 0, cur=peers:[cfedd3f1-5d02-4847-a363-6f2972b00a97|127.0.0.1:15039, e80b39d0-2325-4ff7-b450-1b10ae88e746|127.0.0.1:15055, d1f2401f-ce3c-4cd7-b613-e85afa8c39c7|127.0.0.1:15047]|listeners:[], old=null}
2025-07-19 06:07:12,864 [grpc-default-executor-2] INFO  segmented.SegmentedRaftLogWorker (SegmentedRaftLogWorker.java:startLogSegment(440)) - e80b39d0-2325-4ff7-b450-1b10ae88e746@group-4D5619C3D8B6-SegmentedRaftLogWorker: Starting segment from index:0
2025-07-19 06:07:12,867 [e80b39d0-2325-4ff7-b450-1b10ae88e746@group-4D5619C3D8B6-SegmentedRaftLogWorker] INFO  segmented.BufferedWriteChannel (BufferedWriteChannel.java:open(61)) - open log_inprogress_0 at position 0
2025-07-19 06:07:12,869 [grpc-default-executor-4] INFO  ratis.XceiverServerRatis (XceiverServerRatis.java:handleLeaderChangedNotification(944)) - Leader change notification received for group: group-4D5619C3D8B6 with new leaderId: cfedd3f1-5d02-4847-a363-6f2972b00a97
2025-07-19 06:07:12,869 [grpc-default-executor-4] INFO  server.RaftServer$Division (ServerState.java:setLeader(272)) - d1f2401f-ce3c-4cd7-b613-e85afa8c39c7@group-4D5619C3D8B6: change Leader from null to cfedd3f1-5d02-4847-a363-6f2972b00a97 at term 1 for appendEntries, leader elected after 1150ms
2025-07-19 06:07:12,869 [grpc-default-executor-4] INFO  server.RaftServer$Division (ServerState.java:setRaftConf(386)) - d1f2401f-ce3c-4cd7-b613-e85afa8c39c7@group-4D5619C3D8B6: set configuration conf: {index: 0, cur=peers:[cfedd3f1-5d02-4847-a363-6f2972b00a97|127.0.0.1:15039, e80b39d0-2325-4ff7-b450-1b10ae88e746|127.0.0.1:15055, d1f2401f-ce3c-4cd7-b613-e85afa8c39c7|127.0.0.1:15047]|listeners:[], old=null}
2025-07-19 06:07:12,869 [grpc-default-executor-4] INFO  segmented.SegmentedRaftLogWorker (SegmentedRaftLogWorker.java:startLogSegment(440)) - d1f2401f-ce3c-4cd7-b613-e85afa8c39c7@group-4D5619C3D8B6-SegmentedRaftLogWorker: Starting segment from index:0
2025-07-19 06:07:12,873 [d1f2401f-ce3c-4cd7-b613-e85afa8c39c7@group-4D5619C3D8B6-SegmentedRaftLogWorker] INFO  segmented.BufferedWriteChannel (BufferedWriteChannel.java:open(61)) - open log_inprogress_0 at position 0
2025-07-19 06:07:12,879 [e80b39d0-2325-4ff7-b450-1b10ae88e746@group-4D5619C3D8B6-SegmentedRaftLogWorker] INFO  segmented.SegmentedRaftLogWorker (SegmentedRaftLogWorker.java:execute(647)) - e80b39d0-2325-4ff7-b450-1b10ae88e746@group-4D5619C3D8B6-SegmentedRaftLogWorker: created new log segment /home/runner/work/ozone/ozone/hadoop-ozone/integration-test/target/test-dir/MiniOzoneClusterImpl-09c4c6e1-5ab0-4195-ac7b-5aec6defaa36/ozone-meta/datanode-6/ratis/1b74f178-ec11-44a0-a1ac-4d5619c3d8b6/current/log_inprogress_0
2025-07-19 06:07:12,882 [grpc-default-executor-4] WARN  server.GrpcAdminProtocolService (GrpcAdminProtocolService.java:lambda$groupManagement$1(53)) - Failed groupManagement: GROUPADD, GroupManagementRequest:client-DC4F461A200A->78917b03-a842-488e-9e7c-f00b43f4ecc3@group-FB10F0A93659, cid=18, seq=null, RW, null, Add:group-FB10F0A93659:[e6deb990-2c6c-4f88-aa04-2e44b30659d5|127.0.0.1:15071, 78917b03-a842-488e-9e7c-f00b43f4ecc3|127.0.0.1:15063, e4fa6cd0-dc30-4550-b12f-023a3466045b|127.0.0.1:15079]
java.util.concurrent.CompletionException: org.apache.ratis.protocol.exceptions.AlreadyExistsException: 78917b03-a842-488e-9e7c-f00b43f4ecc3: Failed to add group-FB10F0A93659:[e6deb990-2c6c-4f88-aa04-2e44b30659d5|127.0.0.1:15071, 78917b03-a842-488e-9e7c-f00b43f4ecc3|127.0.0.1:15063, e4fa6cd0-dc30-4550-b12f-023a3466045b|127.0.0.1:15079] since the group already exists in the map.
	at java.base/java.util.concurrent.CompletableFuture.encodeThrowable(CompletableFuture.java:332)
	at java.base/java.util.concurrent.CompletableFuture.uniApplyNow(CompletableFuture.java:674)
	at java.base/java.util.concurrent.CompletableFuture.uniApplyStage(CompletableFuture.java:662)
	at java.base/java.util.concurrent.CompletableFuture.thenApplyAsync(CompletableFuture.java:2210)
	at org.apache.ratis.server.impl.RaftServerProxy.groupAddAsync(RaftServerProxy.java:513)
	at org.apache.ratis.server.impl.RaftServerProxy.groupManagementAsync(RaftServerProxy.java:495)
	at org.apache.ratis.grpc.server.GrpcAdminProtocolService.lambda$groupManagement$0(GrpcAdminProtocolService.java:51)
	at org.apache.ratis.grpc.GrpcUtil.asyncCall(GrpcUtil.java:172)
	at org.apache.ratis.grpc.server.GrpcAdminProtocolService.groupManagement(GrpcAdminProtocolService.java:51)
	at org.apache.ratis.proto.grpc.AdminProtocolServiceGrpc$MethodHandlers.invoke(AdminProtocolServiceGrpc.java:701)
	at org.apache.ratis.thirdparty.io.grpc.stub.ServerCalls$UnaryServerCallHandler$UnaryServerCallListener.onHalfClose(ServerCalls.java:182)
	at org.apache.ratis.thirdparty.io.grpc.internal.ServerCallImpl$ServerStreamListenerImpl.halfClosed(ServerCallImpl.java:356)
	at org.apache.ratis.thirdparty.io.grpc.internal.ServerImpl$JumpToApplicationThreadServerStreamListener$1HalfClosed.runInContext(ServerImpl.java:861)
	at org.apache.ratis.thirdparty.io.grpc.internal.ContextRunnable.run(ContextRunnable.java:37)
	at org.apache.ratis.thirdparty.io.grpc.internal.SerializingExecutor.run(SerializingExecutor.java:133)
	at java.base/java.util.concurrent.ThreadPoolExecutor.runWorker(ThreadPoolExecutor.java:1144)
	at java.base/java.util.concurrent.ThreadPoolExecutor$Worker.run(ThreadPoolExecutor.java:642)
	at java.base/java.lang.Thread.run(Thread.java:1583)
Caused by: org.apache.ratis.protocol.exceptions.AlreadyExistsException: 78917b03-a842-488e-9e7c-f00b43f4ecc3: Failed to add group-FB10F0A93659:[e6deb990-2c6c-4f88-aa04-2e44b30659d5|127.0.0.1:15071, 78917b03-a842-488e-9e7c-f00b43f4ecc3|127.0.0.1:15063, e4fa6cd0-dc30-4550-b12f-023a3466045b|127.0.0.1:15079] since the group already exists in the map.
	at org.apache.ratis.server.impl.RaftServerProxy$ImplMap.addNew(RaftServerProxy.java:99)
	at org.apache.ratis.server.impl.RaftServerProxy.groupAddAsync(RaftServerProxy.java:512)
	... 13 more
2025-07-19 06:07:12,883 [d1f2401f-ce3c-4cd7-b613-e85afa8c39c7@group-4D5619C3D8B6-SegmentedRaftLogWorker] INFO  segmented.SegmentedRaftLogWorker (SegmentedRaftLogWorker.java:execute(647)) - d1f2401f-ce3c-4cd7-b613-e85afa8c39c7@group-4D5619C3D8B6-SegmentedRaftLogWorker: created new log segment /home/runner/work/ozone/ozone/hadoop-ozone/integration-test/target/test-dir/MiniOzoneClusterImpl-09c4c6e1-5ab0-4195-ac7b-5aec6defaa36/ozone-meta/datanode-5/ratis/1b74f178-ec11-44a0-a1ac-4d5619c3d8b6/current/log_inprogress_0
2025-07-19 06:07:12,890 [cfedd3f1-5d02-4847-a363-6f2972b00a97@group-4D5619C3D8B6-StateMachineUpdater] INFO  server.RaftServer$Division (LeaderStateImpl.java:checkStartIndex(309)) - Leader cfedd3f1-5d02-4847-a363-6f2972b00a97@group-4D5619C3D8B6-LeaderStateImpl is ready since appliedIndex == startIndex == 0
2025-07-19 06:07:12,891 [cfedd3f1-5d02-4847-a363-6f2972b00a97@group-4D5619C3D8B6-StateMachineUpdater] INFO  ratis.ContainerStateMachine (ContainerStateMachine.java:takeSnapshot(427)) - group-4D5619C3D8B6: Taking a snapshot at:(t:1, i:0) file /home/runner/work/ozone/ozone/hadoop-ozone/integration-test/target/test-dir/MiniOzoneClusterImpl-09c4c6e1-5ab0-4195-ac7b-5aec6defaa36/ozone-meta/datanode-4/ratis/1b74f178-ec11-44a0-a1ac-4d5619c3d8b6/sm/snapshot.1_0
2025-07-19 06:07:12,891 [e6deb990-2c6c-4f88-aa04-2e44b30659d5-PipelineCommandHandlerThread-0] INFO  commandhandler.CreatePipelineCommandHandler (CreatePipelineCommandHandler.java:lambda$handle$2(127)) - Created Pipeline RATIS THREE Pipeline-04a4c252-88a2-4fd6-909f-fb10f0a93659.
2025-07-19 06:07:12,893 [cfedd3f1-5d02-4847-a363-6f2972b00a97@group-4D5619C3D8B6-StateMachineUpdater] INFO  ratis.ContainerStateMachine (ContainerStateMachine.java:takeSnapshot(436)) - group-4D5619C3D8B6: Finished taking a snapshot at:(t:1, i:0) file:/home/runner/work/ozone/ozone/hadoop-ozone/integration-test/target/test-dir/MiniOzoneClusterImpl-09c4c6e1-5ab0-4195-ac7b-5aec6defaa36/ozone-meta/datanode-4/ratis/1b74f178-ec11-44a0-a1ac-4d5619c3d8b6/sm/snapshot.1_0 took: 3 ms
2025-07-19 06:07:12,894 [cfedd3f1-5d02-4847-a363-6f2972b00a97@group-4D5619C3D8B6-StateMachineUpdater] INFO  impl.StateMachineUpdater (StateMachineUpdater.java:takeSnapshot(307)) - cfedd3f1-5d02-4847-a363-6f2972b00a97@group-4D5619C3D8B6-StateMachineUpdater: Took a snapshot at index 0
2025-07-19 06:07:12,894 [cfedd3f1-5d02-4847-a363-6f2972b00a97@group-4D5619C3D8B6-StateMachineUpdater] INFO  impl.StateMachineUpdater (StateMachineUpdater.java:lambda$new$0(101)) - cfedd3f1-5d02-4847-a363-6f2972b00a97@group-4D5619C3D8B6-StateMachineUpdater: snapshotIndex: updateIncreasingly -1 -> 0
2025-07-19 06:07:12,954 [d1f2401f-ce3c-4cd7-b613-e85afa8c39c7@group-51802BB6A696-FollowerState] INFO  impl.FollowerState (FollowerState.java:runImpl(161)) - d1f2401f-ce3c-4cd7-b613-e85afa8c39c7@group-51802BB6A696-FollowerState: change to CANDIDATE, lastRpcElapsedTime:1053084612ns, electionTimeout:1052ms
2025-07-19 06:07:12,955 [d1f2401f-ce3c-4cd7-b613-e85afa8c39c7@group-51802BB6A696-FollowerState] INFO  impl.RoleInfo (RoleInfo.java:shutdownFollowerState(121)) - d1f2401f-ce3c-4cd7-b613-e85afa8c39c7: shutdown d1f2401f-ce3c-4cd7-b613-e85afa8c39c7@group-51802BB6A696-FollowerState
2025-07-19 06:07:12,955 [d1f2401f-ce3c-4cd7-b613-e85afa8c39c7@group-51802BB6A696-FollowerState] INFO  server.RaftServer$Division (RaftServerImpl.java:setRole(392)) - d1f2401f-ce3c-4cd7-b613-e85afa8c39c7@group-51802BB6A696: changes role from  FOLLOWER to CANDIDATE at term 0 for changeToCandidate
2025-07-19 06:07:12,955 [d1f2401f-ce3c-4cd7-b613-e85afa8c39c7@group-51802BB6A696-FollowerState] INFO  impl.RoleInfo (RoleInfo.java:updateAndGet(148)) - d1f2401f-ce3c-4cd7-b613-e85afa8c39c7: start d1f2401f-ce3c-4cd7-b613-e85afa8c39c7@group-51802BB6A696-LeaderElection12
2025-07-19 06:07:12,956 [d1f2401f-ce3c-4cd7-b613-e85afa8c39c7@group-51802BB6A696-LeaderElection12] INFO  impl.LeaderElection (LeaderElection.java:askForVotes(448)) - d1f2401f-ce3c-4cd7-b613-e85afa8c39c7@group-51802BB6A696-LeaderElection12 PRE_VOTE round 0: submit vote requests at term 0 for conf: {index: -1, cur=peers:[cfedd3f1-5d02-4847-a363-6f2972b00a97|127.0.0.1:15039, e80b39d0-2325-4ff7-b450-1b10ae88e746|127.0.0.1:15055, d1f2401f-ce3c-4cd7-b613-e85afa8c39c7|127.0.0.1:15047]|listeners:[], old=null}
2025-07-19 06:07:12,958 [d1f2401f-ce3c-4cd7-b613-e85afa8c39c7@group-51802BB6A696-LeaderElection12-1] INFO  server.GrpcServerProtocolClient (GrpcServerProtocolClient.java:<init>(65)) - Build channel for cfedd3f1-5d02-4847-a363-6f2972b00a97|127.0.0.1:15039
2025-07-19 06:07:12,958 [d1f2401f-ce3c-4cd7-b613-e85afa8c39c7@group-51802BB6A696-LeaderElection12-2] INFO  server.GrpcServerProtocolClient (GrpcServerProtocolClient.java:<init>(65)) - Build channel for e80b39d0-2325-4ff7-b450-1b10ae88e746|127.0.0.1:15055
2025-07-19 06:07:12,969 [grpc-default-executor-4] INFO  server.RaftServer$Division (RaftServerImpl.java:requestVote(1421)) - e80b39d0-2325-4ff7-b450-1b10ae88e746@group-51802BB6A696: receive requestVote(PRE_VOTE, d1f2401f-ce3c-4cd7-b613-e85afa8c39c7, group-51802BB6A696, 0, <PROTO_DEFAULT>)
2025-07-19 06:07:12,969 [grpc-default-executor-4] INFO  impl.VoteContext (VoteContext.java:log(49)) - e80b39d0-2325-4ff7-b450-1b10ae88e746@group-51802BB6A696-FOLLOWER: accept PRE_VOTE from d1f2401f-ce3c-4cd7-b613-e85afa8c39c7: our priority 0 <= candidate's priority 1
2025-07-19 06:07:12,969 [grpc-default-executor-8] INFO  server.RaftServer$Division (RaftServerImpl.java:requestVote(1421)) - cfedd3f1-5d02-4847-a363-6f2972b00a97@group-51802BB6A696: receive requestVote(PRE_VOTE, d1f2401f-ce3c-4cd7-b613-e85afa8c39c7, group-51802BB6A696, 0, <PROTO_DEFAULT>)
2025-07-19 06:07:12,970 [grpc-default-executor-4] INFO  server.RaftServer$Division (RaftServerImpl.java:requestVote(1455)) - e80b39d0-2325-4ff7-b450-1b10ae88e746@group-51802BB6A696 replies to PRE_VOTE vote request: d1f2401f-ce3c-4cd7-b613-e85afa8c39c7<-e80b39d0-2325-4ff7-b450-1b10ae88e746#0:OK-t0-last:<INITIAL_VALUE>. Peer's state: e80b39d0-2325-4ff7-b450-1b10ae88e746@group-51802BB6A696:t0, leader=null, voted=, raftlog=Memoized:e80b39d0-2325-4ff7-b450-1b10ae88e746@group-51802BB6A696-SegmentedRaftLog:OPENED:c-1:lastnull, conf=conf: {index: -1, cur=peers:[cfedd3f1-5d02-4847-a363-6f2972b00a97|127.0.0.1:15039, e80b39d0-2325-4ff7-b450-1b10ae88e746|127.0.0.1:15055, d1f2401f-ce3c-4cd7-b613-e85afa8c39c7|127.0.0.1:15047]|listeners:[], old=null}
2025-07-19 06:07:12,970 [grpc-default-executor-8] INFO  impl.VoteContext (VoteContext.java:log(49)) - cfedd3f1-5d02-4847-a363-6f2972b00a97@group-51802BB6A696-FOLLOWER: accept PRE_VOTE from d1f2401f-ce3c-4cd7-b613-e85afa8c39c7: our priority 0 <= candidate's priority 1
2025-07-19 06:07:12,971 [grpc-default-executor-8] INFO  server.RaftServer$Division (RaftServerImpl.java:requestVote(1455)) - cfedd3f1-5d02-4847-a363-6f2972b00a97@group-51802BB6A696 replies to PRE_VOTE vote request: d1f2401f-ce3c-4cd7-b613-e85afa8c39c7<-cfedd3f1-5d02-4847-a363-6f2972b00a97#0:OK-t0-last:<INITIAL_VALUE>. Peer's state: cfedd3f1-5d02-4847-a363-6f2972b00a97@group-51802BB6A696:t0, leader=null, voted=, raftlog=Memoized:cfedd3f1-5d02-4847-a363-6f2972b00a97@group-51802BB6A696-SegmentedRaftLog:OPENED:c-1:lastnull, conf=conf: {index: -1, cur=peers:[cfedd3f1-5d02-4847-a363-6f2972b00a97|127.0.0.1:15039, e80b39d0-2325-4ff7-b450-1b10ae88e746|127.0.0.1:15055, d1f2401f-ce3c-4cd7-b613-e85afa8c39c7|127.0.0.1:15047]|listeners:[], old=null}
2025-07-19 06:07:12,973 [d1f2401f-ce3c-4cd7-b613-e85afa8c39c7@group-51802BB6A696-LeaderElection12] INFO  impl.LeaderElection (LeaderElection.java:logAndReturn(206)) - d1f2401f-ce3c-4cd7-b613-e85afa8c39c7@group-51802BB6A696-LeaderElection12: PRE_VOTE PASSED received 1 response(s) and 0 exception(s):
2025-07-19 06:07:12,973 [d1f2401f-ce3c-4cd7-b613-e85afa8c39c7@group-51802BB6A696-LeaderElection12] INFO  impl.LeaderElection (LeaderElection.java:logAndReturn(210)) -   Response 0: d1f2401f-ce3c-4cd7-b613-e85afa8c39c7<-e80b39d0-2325-4ff7-b450-1b10ae88e746#0:OK-t0-last:<INITIAL_VALUE>
2025-07-19 06:07:12,973 [d1f2401f-ce3c-4cd7-b613-e85afa8c39c7@group-51802BB6A696-LeaderElection12] INFO  impl.LeaderElection (LeaderElection.java:askForVotes(450)) - d1f2401f-ce3c-4cd7-b613-e85afa8c39c7@group-51802BB6A696-LeaderElection12 PRE_VOTE round 0: result PASSED
2025-07-19 06:07:12,975 [d1f2401f-ce3c-4cd7-b613-e85afa8c39c7@group-51802BB6A696-LeaderElection12] INFO  impl.LeaderElection (LeaderElection.java:askForVotes(448)) - d1f2401f-ce3c-4cd7-b613-e85afa8c39c7@group-51802BB6A696-LeaderElection12 ELECTION round 0: submit vote requests at term 1 for conf: {index: -1, cur=peers:[cfedd3f1-5d02-4847-a363-6f2972b00a97|127.0.0.1:15039, e80b39d0-2325-4ff7-b450-1b10ae88e746|127.0.0.1:15055, d1f2401f-ce3c-4cd7-b613-e85afa8c39c7|127.0.0.1:15047]|listeners:[], old=null}
2025-07-19 06:07:12,977 [grpc-default-executor-4] INFO  server.RaftServer$Division (RaftServerImpl.java:requestVote(1421)) - e80b39d0-2325-4ff7-b450-1b10ae88e746@group-51802BB6A696: receive requestVote(ELECTION, d1f2401f-ce3c-4cd7-b613-e85afa8c39c7, group-51802BB6A696, 1, <PROTO_DEFAULT>)
2025-07-19 06:07:12,978 [grpc-default-executor-4] INFO  impl.VoteContext (VoteContext.java:log(49)) - e80b39d0-2325-4ff7-b450-1b10ae88e746@group-51802BB6A696-FOLLOWER: accept ELECTION from d1f2401f-ce3c-4cd7-b613-e85afa8c39c7: our priority 0 <= candidate's priority 1
2025-07-19 06:07:12,978 [grpc-default-executor-4] INFO  server.RaftServer$Division (RaftServerImpl.java:setRole(392)) - e80b39d0-2325-4ff7-b450-1b10ae88e746@group-51802BB6A696: changes role from  FOLLOWER to FOLLOWER at term 0 for candidate:d1f2401f-ce3c-4cd7-b613-e85afa8c39c7
2025-07-19 06:07:12,978 [grpc-default-executor-4] INFO  impl.RoleInfo (RoleInfo.java:shutdownFollowerState(121)) - e80b39d0-2325-4ff7-b450-1b10ae88e746: shutdown e80b39d0-2325-4ff7-b450-1b10ae88e746@group-51802BB6A696-FollowerState
2025-07-19 06:07:12,978 [grpc-default-executor-4] INFO  impl.RoleInfo (RoleInfo.java:updateAndGet(148)) - e80b39d0-2325-4ff7-b450-1b10ae88e746: start e80b39d0-2325-4ff7-b450-1b10ae88e746@group-51802BB6A696-FollowerState
2025-07-19 06:07:12,979 [e80b39d0-2325-4ff7-b450-1b10ae88e746@group-51802BB6A696-FollowerState] INFO  impl.FollowerState (FollowerState.java:runImpl(170)) - e80b39d0-2325-4ff7-b450-1b10ae88e746@group-51802BB6A696-FollowerState was interrupted
2025-07-19 06:07:12,979 [grpc-default-executor-8] INFO  server.RaftServer$Division (RaftServerImpl.java:requestVote(1421)) - cfedd3f1-5d02-4847-a363-6f2972b00a97@group-51802BB6A696: receive requestVote(ELECTION, d1f2401f-ce3c-4cd7-b613-e85afa8c39c7, group-51802BB6A696, 1, <PROTO_DEFAULT>)
2025-07-19 06:07:12,979 [grpc-default-executor-8] INFO  impl.VoteContext (VoteContext.java:log(49)) - cfedd3f1-5d02-4847-a363-6f2972b00a97@group-51802BB6A696-FOLLOWER: accept ELECTION from d1f2401f-ce3c-4cd7-b613-e85afa8c39c7: our priority 0 <= candidate's priority 1
2025-07-19 06:07:12,979 [grpc-default-executor-8] INFO  server.RaftServer$Division (RaftServerImpl.java:setRole(392)) - cfedd3f1-5d02-4847-a363-6f2972b00a97@group-51802BB6A696: changes role from  FOLLOWER to FOLLOWER at term 0 for candidate:d1f2401f-ce3c-4cd7-b613-e85afa8c39c7
2025-07-19 06:07:12,979 [grpc-default-executor-8] INFO  impl.RoleInfo (RoleInfo.java:shutdownFollowerState(121)) - cfedd3f1-5d02-4847-a363-6f2972b00a97: shutdown cfedd3f1-5d02-4847-a363-6f2972b00a97@group-51802BB6A696-FollowerState
2025-07-19 06:07:12,979 [grpc-default-executor-8] INFO  impl.RoleInfo (RoleInfo.java:updateAndGet(148)) - cfedd3f1-5d02-4847-a363-6f2972b00a97: start cfedd3f1-5d02-4847-a363-6f2972b00a97@group-51802BB6A696-FollowerState
2025-07-19 06:07:12,979 [cfedd3f1-5d02-4847-a363-6f2972b00a97@group-51802BB6A696-FollowerState] INFO  impl.FollowerState (FollowerState.java:runImpl(170)) - cfedd3f1-5d02-4847-a363-6f2972b00a97@group-51802BB6A696-FollowerState was interrupted
2025-07-19 06:07:12,980 [grpc-default-executor-4] INFO  server.RaftServer$Division (RaftServerImpl.java:setFirstElection(576)) - e80b39d0-2325-4ff7-b450-1b10ae88e746@group-51802BB6A696: set firstElectionSinceStartup to false for candidate:d1f2401f-ce3c-4cd7-b613-e85afa8c39c7
2025-07-19 06:07:12,981 [grpc-default-executor-8] INFO  server.RaftServer$Division (RaftServerImpl.java:setFirstElection(576)) - cfedd3f1-5d02-4847-a363-6f2972b00a97@group-51802BB6A696: set firstElectionSinceStartup to false for candidate:d1f2401f-ce3c-4cd7-b613-e85afa8c39c7
2025-07-19 06:07:12,982 [grpc-default-executor-4] INFO  server.RaftServer$Division (RaftServerImpl.java:requestVote(1455)) - e80b39d0-2325-4ff7-b450-1b10ae88e746@group-51802BB6A696 replies to ELECTION vote request: d1f2401f-ce3c-4cd7-b613-e85afa8c39c7<-e80b39d0-2325-4ff7-b450-1b10ae88e746#0:OK-t1-last:<INITIAL_VALUE>. Peer's state: e80b39d0-2325-4ff7-b450-1b10ae88e746@group-51802BB6A696:t1, leader=null, voted=d1f2401f-ce3c-4cd7-b613-e85afa8c39c7, raftlog=Memoized:e80b39d0-2325-4ff7-b450-1b10ae88e746@group-51802BB6A696-SegmentedRaftLog:OPENED:c-1:lastnull, conf=conf: {index: -1, cur=peers:[cfedd3f1-5d02-4847-a363-6f2972b00a97|127.0.0.1:15039, e80b39d0-2325-4ff7-b450-1b10ae88e746|127.0.0.1:15055, d1f2401f-ce3c-4cd7-b613-e85afa8c39c7|127.0.0.1:15047]|listeners:[], old=null}
2025-07-19 06:07:12,983 [grpc-default-executor-8] INFO  server.RaftServer$Division (RaftServerImpl.java:requestVote(1455)) - cfedd3f1-5d02-4847-a363-6f2972b00a97@group-51802BB6A696 replies to ELECTION vote request: d1f2401f-ce3c-4cd7-b613-e85afa8c39c7<-cfedd3f1-5d02-4847-a363-6f2972b00a97#0:OK-t1-last:<INITIAL_VALUE>. Peer's state: cfedd3f1-5d02-4847-a363-6f2972b00a97@group-51802BB6A696:t1, leader=null, voted=d1f2401f-ce3c-4cd7-b613-e85afa8c39c7, raftlog=Memoized:cfedd3f1-5d02-4847-a363-6f2972b00a97@group-51802BB6A696-SegmentedRaftLog:OPENED:c-1:lastnull, conf=conf: {index: -1, cur=peers:[cfedd3f1-5d02-4847-a363-6f2972b00a97|127.0.0.1:15039, e80b39d0-2325-4ff7-b450-1b10ae88e746|127.0.0.1:15055, d1f2401f-ce3c-4cd7-b613-e85afa8c39c7|127.0.0.1:15047]|listeners:[], old=null}
2025-07-19 06:07:12,984 [d1f2401f-ce3c-4cd7-b613-e85afa8c39c7@group-51802BB6A696-LeaderElection12] INFO  impl.LeaderElection (LeaderElection.java:logAndReturn(206)) - d1f2401f-ce3c-4cd7-b613-e85afa8c39c7@group-51802BB6A696-LeaderElection12: ELECTION PASSED received 1 response(s) and 0 exception(s):
2025-07-19 06:07:12,984 [d1f2401f-ce3c-4cd7-b613-e85afa8c39c7@group-51802BB6A696-LeaderElection12] INFO  impl.LeaderElection (LeaderElection.java:logAndReturn(210)) -   Response 0: d1f2401f-ce3c-4cd7-b613-e85afa8c39c7<-e80b39d0-2325-4ff7-b450-1b10ae88e746#0:OK-t1-last:<INITIAL_VALUE>
2025-07-19 06:07:12,985 [d1f2401f-ce3c-4cd7-b613-e85afa8c39c7@group-51802BB6A696-LeaderElection12] INFO  impl.LeaderElection (LeaderElection.java:askForVotes(450)) - d1f2401f-ce3c-4cd7-b613-e85afa8c39c7@group-51802BB6A696-LeaderElection12 ELECTION round 0: result PASSED
2025-07-19 06:07:12,985 [d1f2401f-ce3c-4cd7-b613-e85afa8c39c7@group-51802BB6A696-LeaderElection12] INFO  impl.RoleInfo (RoleInfo.java:shutdownLeaderElection(141)) - d1f2401f-ce3c-4cd7-b613-e85afa8c39c7: shutdown d1f2401f-ce3c-4cd7-b613-e85afa8c39c7@group-51802BB6A696-LeaderElection12
2025-07-19 06:07:12,985 [d1f2401f-ce3c-4cd7-b613-e85afa8c39c7@group-51802BB6A696-LeaderElection12] INFO  server.RaftServer$Division (RaftServerImpl.java:setRole(392)) - d1f2401f-ce3c-4cd7-b613-e85afa8c39c7@group-51802BB6A696: changes role from CANDIDATE to LEADER at term 1 for changeToLeader
2025-07-19 06:07:12,985 [d1f2401f-ce3c-4cd7-b613-e85afa8c39c7@group-51802BB6A696-LeaderElection12] INFO  server.RaftServerConfigKeys (ConfUtils.java:logFallback(69)) - raft.server.staging.timeout = 15600ms (fallback to raft.server.rpc.timeout.max)
2025-07-19 06:07:12,985 [d1f2401f-ce3c-4cd7-b613-e85afa8c39c7@group-51802BB6A696-LeaderElection12] INFO  server.RaftServerConfigKeys (ConfUtils.java:logGet(62)) - raft.server.write.byte-limit = 1024 M (=1073741824) (custom)
2025-07-19 06:07:12,989 [d1f2401f-ce3c-4cd7-b613-e85afa8c39c7@group-51802BB6A696-LeaderElection12] INFO  server.RaftServerConfigKeys (ConfUtils.java:logGet(62)) - raft.server.log.appender.buffer.byte-limit = 33554432 (custom)
2025-07-19 06:07:12,991 [d1f2401f-ce3c-4cd7-b613-e85afa8c39c7@group-51802BB6A696-LeaderElection12] INFO  server.RaftServerConfigKeys (ConfUtils.java:logGet(62)) - raft.server.log.appender.buffer.byte-limit = 33554432 (custom)
2025-07-19 06:07:12,992 [d1f2401f-ce3c-4cd7-b613-e85afa8c39c7@group-51802BB6A696-LeaderElection12] INFO  impl.RoleInfo (RoleInfo.java:updateAndGet(148)) - d1f2401f-ce3c-4cd7-b613-e85afa8c39c7: start d1f2401f-ce3c-4cd7-b613-e85afa8c39c7@group-51802BB6A696-LeaderStateImpl
2025-07-19 06:07:12,992 [d1f2401f-ce3c-4cd7-b613-e85afa8c39c7@group-51802BB6A696-LeaderElection12] INFO  server.RaftServer$Division (RaftServerImpl.java:setFirstElection(576)) - d1f2401f-ce3c-4cd7-b613-e85afa8c39c7@group-51802BB6A696: set firstElectionSinceStartup to false for becomeLeader
2025-07-19 06:07:12,993 [d1f2401f-ce3c-4cd7-b613-e85afa8c39c7@group-51802BB6A696-LeaderElection12] INFO  ratis.XceiverServerRatis (XceiverServerRatis.java:handleLeaderChangedNotification(944)) - Leader change notification received for group: group-51802BB6A696 with new leaderId: d1f2401f-ce3c-4cd7-b613-e85afa8c39c7
2025-07-19 06:07:12,993 [d1f2401f-ce3c-4cd7-b613-e85afa8c39c7@group-51802BB6A696-LeaderElection12] INFO  server.RaftServer$Division (ServerState.java:setLeader(272)) - d1f2401f-ce3c-4cd7-b613-e85afa8c39c7@group-51802BB6A696: change Leader from null to d1f2401f-ce3c-4cd7-b613-e85afa8c39c7 at term 1 for becomeLeader, leader elected after 1129ms
2025-07-19 06:07:12,994 [d1f2401f-ce3c-4cd7-b613-e85afa8c39c7@group-51802BB6A696-LeaderElection12] INFO  segmented.SegmentedRaftLogWorker (SegmentedRaftLogWorker.java:startLogSegment(440)) - d1f2401f-ce3c-4cd7-b613-e85afa8c39c7@group-51802BB6A696-SegmentedRaftLogWorker: Starting segment from index:0
2025-07-19 06:07:12,995 [d1f2401f-ce3c-4cd7-b613-e85afa8c39c7@group-51802BB6A696-LeaderElection12] INFO  server.RaftServer$Division (ServerState.java:setRaftConf(386)) - d1f2401f-ce3c-4cd7-b613-e85afa8c39c7@group-51802BB6A696: set configuration conf: {index: 0, cur=peers:[cfedd3f1-5d02-4847-a363-6f2972b00a97|127.0.0.1:15039, e80b39d0-2325-4ff7-b450-1b10ae88e746|127.0.0.1:15055, d1f2401f-ce3c-4cd7-b613-e85afa8c39c7|127.0.0.1:15047]|listeners:[], old=null}
2025-07-19 06:07:12,996 [d1f2401f-ce3c-4cd7-b613-e85afa8c39c7@group-51802BB6A696-SegmentedRaftLogWorker] INFO  segmented.BufferedWriteChannel (BufferedWriteChannel.java:open(61)) - open log_inprogress_0 at position 0
2025-07-19 06:07:13,001 [EventQueue-PipelineReportForPipelineReportHandler] INFO  pipeline.PipelineReportHandler (PipelineReportHandler.java:processPipelineReport(134)) - Opened pipeline Pipeline-b943f0fb-0579-4ec7-8f9b-51802bb6a696
2025-07-19 06:07:13,009 [d1f2401f-ce3c-4cd7-b613-e85afa8c39c7@group-51802BB6A696-SegmentedRaftLogWorker] INFO  segmented.SegmentedRaftLogWorker (SegmentedRaftLogWorker.java:execute(647)) - d1f2401f-ce3c-4cd7-b613-e85afa8c39c7@group-51802BB6A696-SegmentedRaftLogWorker: created new log segment /home/runner/work/ozone/ozone/hadoop-ozone/integration-test/target/test-dir/MiniOzoneClusterImpl-09c4c6e1-5ab0-4195-ac7b-5aec6defaa36/ozone-meta/datanode-5/ratis/b943f0fb-0579-4ec7-8f9b-51802bb6a696/current/log_inprogress_0
2025-07-19 06:07:13,013 [grpc-default-executor-2] INFO  ratis.XceiverServerRatis (XceiverServerRatis.java:handleLeaderChangedNotification(944)) - Leader change notification received for group: group-51802BB6A696 with new leaderId: d1f2401f-ce3c-4cd7-b613-e85afa8c39c7
2025-07-19 06:07:13,013 [grpc-default-executor-8] INFO  ratis.XceiverServerRatis (XceiverServerRatis.java:handleLeaderChangedNotification(944)) - Leader change notification received for group: group-51802BB6A696 with new leaderId: d1f2401f-ce3c-4cd7-b613-e85afa8c39c7
2025-07-19 06:07:13,013 [grpc-default-executor-8] INFO  server.RaftServer$Division (ServerState.java:setLeader(272)) - e80b39d0-2325-4ff7-b450-1b10ae88e746@group-51802BB6A696: change Leader from null to d1f2401f-ce3c-4cd7-b613-e85afa8c39c7 at term 1 for appendEntries, leader elected after 1195ms
2025-07-19 06:07:13,013 [grpc-default-executor-2] INFO  server.RaftServer$Division (ServerState.java:setLeader(272)) - cfedd3f1-5d02-4847-a363-6f2972b00a97@group-51802BB6A696: change Leader from null to d1f2401f-ce3c-4cd7-b613-e85afa8c39c7 at term 1 for appendEntries, leader elected after 1236ms
2025-07-19 06:07:13,014 [grpc-default-executor-4] INFO  server.RaftServer$Division (ServerState.java:setRaftConf(386)) - e80b39d0-2325-4ff7-b450-1b10ae88e746@group-51802BB6A696: set configuration conf: {index: 0, cur=peers:[cfedd3f1-5d02-4847-a363-6f2972b00a97|127.0.0.1:15039, e80b39d0-2325-4ff7-b450-1b10ae88e746|127.0.0.1:15055, d1f2401f-ce3c-4cd7-b613-e85afa8c39c7|127.0.0.1:15047]|listeners:[], old=null}
2025-07-19 06:07:13,014 [grpc-default-executor-6] INFO  server.RaftServer$Division (ServerState.java:setRaftConf(386)) - cfedd3f1-5d02-4847-a363-6f2972b00a97@group-51802BB6A696: set configuration conf: {index: 0, cur=peers:[cfedd3f1-5d02-4847-a363-6f2972b00a97|127.0.0.1:15039, e80b39d0-2325-4ff7-b450-1b10ae88e746|127.0.0.1:15055, d1f2401f-ce3c-4cd7-b613-e85afa8c39c7|127.0.0.1:15047]|listeners:[], old=null}
2025-07-19 06:07:13,014 [grpc-default-executor-6] INFO  segmented.SegmentedRaftLogWorker (SegmentedRaftLogWorker.java:startLogSegment(440)) - cfedd3f1-5d02-4847-a363-6f2972b00a97@group-51802BB6A696-SegmentedRaftLogWorker: Starting segment from index:0
2025-07-19 06:07:13,014 [grpc-default-executor-4] INFO  segmented.SegmentedRaftLogWorker (SegmentedRaftLogWorker.java:startLogSegment(440)) - e80b39d0-2325-4ff7-b450-1b10ae88e746@group-51802BB6A696-SegmentedRaftLogWorker: Starting segment from index:0
2025-07-19 06:07:13,015 [cfedd3f1-5d02-4847-a363-6f2972b00a97@group-51802BB6A696-SegmentedRaftLogWorker] INFO  segmented.BufferedWriteChannel (BufferedWriteChannel.java:open(61)) - open log_inprogress_0 at position 0
2025-07-19 06:07:13,016 [e80b39d0-2325-4ff7-b450-1b10ae88e746@group-51802BB6A696-SegmentedRaftLogWorker] INFO  segmented.BufferedWriteChannel (BufferedWriteChannel.java:open(61)) - open log_inprogress_0 at position 0
2025-07-19 06:07:13,031 [cfedd3f1-5d02-4847-a363-6f2972b00a97@group-51802BB6A696-SegmentedRaftLogWorker] INFO  segmented.SegmentedRaftLogWorker (SegmentedRaftLogWorker.java:execute(647)) - cfedd3f1-5d02-4847-a363-6f2972b00a97@group-51802BB6A696-SegmentedRaftLogWorker: created new log segment /home/runner/work/ozone/ozone/hadoop-ozone/integration-test/target/test-dir/MiniOzoneClusterImpl-09c4c6e1-5ab0-4195-ac7b-5aec6defaa36/ozone-meta/datanode-4/ratis/b943f0fb-0579-4ec7-8f9b-51802bb6a696/current/log_inprogress_0
2025-07-19 06:07:13,036 [d1f2401f-ce3c-4cd7-b613-e85afa8c39c7@group-51802BB6A696-StateMachineUpdater] INFO  server.RaftServer$Division (LeaderStateImpl.java:checkStartIndex(309)) - Leader d1f2401f-ce3c-4cd7-b613-e85afa8c39c7@group-51802BB6A696-LeaderStateImpl is ready since appliedIndex == startIndex == 0
2025-07-19 06:07:13,037 [d1f2401f-ce3c-4cd7-b613-e85afa8c39c7@group-51802BB6A696-StateMachineUpdater] INFO  ratis.ContainerStateMachine (ContainerStateMachine.java:takeSnapshot(427)) - group-51802BB6A696: Taking a snapshot at:(t:1, i:0) file /home/runner/work/ozone/ozone/hadoop-ozone/integration-test/target/test-dir/MiniOzoneClusterImpl-09c4c6e1-5ab0-4195-ac7b-5aec6defaa36/ozone-meta/datanode-5/ratis/b943f0fb-0579-4ec7-8f9b-51802bb6a696/sm/snapshot.1_0
2025-07-19 06:07:13,039 [e80b39d0-2325-4ff7-b450-1b10ae88e746@group-51802BB6A696-SegmentedRaftLogWorker] INFO  segmented.SegmentedRaftLogWorker (SegmentedRaftLogWorker.java:execute(647)) - e80b39d0-2325-4ff7-b450-1b10ae88e746@group-51802BB6A696-SegmentedRaftLogWorker: created new log segment /home/runner/work/ozone/ozone/hadoop-ozone/integration-test/target/test-dir/MiniOzoneClusterImpl-09c4c6e1-5ab0-4195-ac7b-5aec6defaa36/ozone-meta/datanode-6/ratis/b943f0fb-0579-4ec7-8f9b-51802bb6a696/current/log_inprogress_0
2025-07-19 06:07:13,039 [d1f2401f-ce3c-4cd7-b613-e85afa8c39c7@group-51802BB6A696-StateMachineUpdater] INFO  ratis.ContainerStateMachine (ContainerStateMachine.java:takeSnapshot(436)) - group-51802BB6A696: Finished taking a snapshot at:(t:1, i:0) file:/home/runner/work/ozone/ozone/hadoop-ozone/integration-test/target/test-dir/MiniOzoneClusterImpl-09c4c6e1-5ab0-4195-ac7b-5aec6defaa36/ozone-meta/datanode-5/ratis/b943f0fb-0579-4ec7-8f9b-51802bb6a696/sm/snapshot.1_0 took: 2 ms
2025-07-19 06:07:13,039 [d1f2401f-ce3c-4cd7-b613-e85afa8c39c7@group-51802BB6A696-StateMachineUpdater] INFO  impl.StateMachineUpdater (StateMachineUpdater.java:takeSnapshot(307)) - d1f2401f-ce3c-4cd7-b613-e85afa8c39c7@group-51802BB6A696-StateMachineUpdater: Took a snapshot at index 0
2025-07-19 06:07:13,039 [d1f2401f-ce3c-4cd7-b613-e85afa8c39c7@group-51802BB6A696-StateMachineUpdater] INFO  impl.StateMachineUpdater (StateMachineUpdater.java:lambda$new$0(101)) - d1f2401f-ce3c-4cd7-b613-e85afa8c39c7@group-51802BB6A696-StateMachineUpdater: snapshotIndex: updateIncreasingly -1 -> 0
2025-07-19 06:07:13,050 [d1f2401f-ce3c-4cd7-b613-e85afa8c39c7@group-2FD67DE3DC18-FollowerState] INFO  impl.FollowerState (FollowerState.java:runImpl(161)) - d1f2401f-ce3c-4cd7-b613-e85afa8c39c7@group-2FD67DE3DC18-FollowerState: change to CANDIDATE, lastRpcElapsedTime:1165467109ns, electionTimeout:1165ms
2025-07-19 06:07:13,050 [d1f2401f-ce3c-4cd7-b613-e85afa8c39c7@group-2FD67DE3DC18-FollowerState] INFO  impl.RoleInfo (RoleInfo.java:shutdownFollowerState(121)) - d1f2401f-ce3c-4cd7-b613-e85afa8c39c7: shutdown d1f2401f-ce3c-4cd7-b613-e85afa8c39c7@group-2FD67DE3DC18-FollowerState
2025-07-19 06:07:13,050 [d1f2401f-ce3c-4cd7-b613-e85afa8c39c7@group-2FD67DE3DC18-FollowerState] INFO  server.RaftServer$Division (RaftServerImpl.java:setRole(392)) - d1f2401f-ce3c-4cd7-b613-e85afa8c39c7@group-2FD67DE3DC18: changes role from  FOLLOWER to CANDIDATE at term 0 for changeToCandidate
2025-07-19 06:07:13,050 [d1f2401f-ce3c-4cd7-b613-e85afa8c39c7@group-2FD67DE3DC18-FollowerState] INFO  impl.RoleInfo (RoleInfo.java:updateAndGet(148)) - d1f2401f-ce3c-4cd7-b613-e85afa8c39c7: start d1f2401f-ce3c-4cd7-b613-e85afa8c39c7@group-2FD67DE3DC18-LeaderElection13
2025-07-19 06:07:13,050 [d1f2401f-ce3c-4cd7-b613-e85afa8c39c7@group-2FD67DE3DC18-LeaderElection13] INFO  impl.LeaderElection (LeaderElection.java:askForVotes(448)) - d1f2401f-ce3c-4cd7-b613-e85afa8c39c7@group-2FD67DE3DC18-LeaderElection13 PRE_VOTE round 0: submit vote requests at term 0 for conf: {index: -1, cur=peers:[d1f2401f-ce3c-4cd7-b613-e85afa8c39c7|127.0.0.1:15047]|listeners:[], old=null}
2025-07-19 06:07:13,051 [d1f2401f-ce3c-4cd7-b613-e85afa8c39c7@group-2FD67DE3DC18-LeaderElection13] INFO  impl.LeaderElection (LeaderElection.java:askForVotes(450)) - d1f2401f-ce3c-4cd7-b613-e85afa8c39c7@group-2FD67DE3DC18-LeaderElection13 PRE_VOTE round 0: result PASSED (term=0)
2025-07-19 06:07:13,052 [d1f2401f-ce3c-4cd7-b613-e85afa8c39c7@group-2FD67DE3DC18-LeaderElection13] INFO  impl.LeaderElection (LeaderElection.java:askForVotes(448)) - d1f2401f-ce3c-4cd7-b613-e85afa8c39c7@group-2FD67DE3DC18-LeaderElection13 ELECTION round 0: submit vote requests at term 1 for conf: {index: -1, cur=peers:[d1f2401f-ce3c-4cd7-b613-e85afa8c39c7|127.0.0.1:15047]|listeners:[], old=null}
2025-07-19 06:07:13,052 [d1f2401f-ce3c-4cd7-b613-e85afa8c39c7@group-2FD67DE3DC18-LeaderElection13] INFO  impl.LeaderElection (LeaderElection.java:askForVotes(450)) - d1f2401f-ce3c-4cd7-b613-e85afa8c39c7@group-2FD67DE3DC18-LeaderElection13 ELECTION round 0: result PASSED (term=1)
2025-07-19 06:07:13,052 [d1f2401f-ce3c-4cd7-b613-e85afa8c39c7@group-2FD67DE3DC18-LeaderElection13] INFO  impl.RoleInfo (RoleInfo.java:shutdownLeaderElection(141)) - d1f2401f-ce3c-4cd7-b613-e85afa8c39c7: shutdown d1f2401f-ce3c-4cd7-b613-e85afa8c39c7@group-2FD67DE3DC18-LeaderElection13
2025-07-19 06:07:13,052 [d1f2401f-ce3c-4cd7-b613-e85afa8c39c7@group-2FD67DE3DC18-LeaderElection13] INFO  server.RaftServer$Division (RaftServerImpl.java:setRole(392)) - d1f2401f-ce3c-4cd7-b613-e85afa8c39c7@group-2FD67DE3DC18: changes role from CANDIDATE to LEADER at term 1 for changeToLeader
2025-07-19 06:07:13,052 [d1f2401f-ce3c-4cd7-b613-e85afa8c39c7@group-2FD67DE3DC18-LeaderElection13] INFO  server.RaftServerConfigKeys (ConfUtils.java:logFallback(69)) - raft.server.staging.timeout = 15600ms (fallback to raft.server.rpc.timeout.max)
2025-07-19 06:07:13,052 [d1f2401f-ce3c-4cd7-b613-e85afa8c39c7@group-2FD67DE3DC18-LeaderElection13] INFO  server.RaftServerConfigKeys (ConfUtils.java:logGet(62)) - raft.server.write.byte-limit = 1024 M (=1073741824) (custom)
2025-07-19 06:07:13,054 [d1f2401f-ce3c-4cd7-b613-e85afa8c39c7@group-2FD67DE3DC18-LeaderElection13] INFO  impl.RoleInfo (RoleInfo.java:updateAndGet(148)) - d1f2401f-ce3c-4cd7-b613-e85afa8c39c7: start d1f2401f-ce3c-4cd7-b613-e85afa8c39c7@group-2FD67DE3DC18-LeaderStateImpl
2025-07-19 06:07:13,054 [d1f2401f-ce3c-4cd7-b613-e85afa8c39c7@group-2FD67DE3DC18-LeaderElection13] INFO  server.RaftServer$Division (RaftServerImpl.java:setFirstElection(576)) - d1f2401f-ce3c-4cd7-b613-e85afa8c39c7@group-2FD67DE3DC18: set firstElectionSinceStartup to false for becomeLeader
2025-07-19 06:07:13,054 [d1f2401f-ce3c-4cd7-b613-e85afa8c39c7@group-2FD67DE3DC18-LeaderElection13] INFO  ratis.XceiverServerRatis (XceiverServerRatis.java:handleLeaderChangedNotification(944)) - Leader change notification received for group: group-2FD67DE3DC18 with new leaderId: d1f2401f-ce3c-4cd7-b613-e85afa8c39c7
2025-07-19 06:07:13,054 [d1f2401f-ce3c-4cd7-b613-e85afa8c39c7@group-2FD67DE3DC18-LeaderElection13] INFO  server.RaftServer$Division (ServerState.java:setLeader(272)) - d1f2401f-ce3c-4cd7-b613-e85afa8c39c7@group-2FD67DE3DC18: change Leader from null to d1f2401f-ce3c-4cd7-b613-e85afa8c39c7 at term 1 for becomeLeader, leader elected after 1196ms
2025-07-19 06:07:13,056 [d1f2401f-ce3c-4cd7-b613-e85afa8c39c7@group-2FD67DE3DC18-LeaderElection13] INFO  segmented.SegmentedRaftLogWorker (SegmentedRaftLogWorker.java:startLogSegment(440)) - d1f2401f-ce3c-4cd7-b613-e85afa8c39c7@group-2FD67DE3DC18-SegmentedRaftLogWorker: Starting segment from index:0
2025-07-19 06:07:13,056 [d1f2401f-ce3c-4cd7-b613-e85afa8c39c7@group-2FD67DE3DC18-SegmentedRaftLogWorker] INFO  segmented.BufferedWriteChannel (BufferedWriteChannel.java:open(61)) - open log_inprogress_0 at position 0
2025-07-19 06:07:13,057 [d1f2401f-ce3c-4cd7-b613-e85afa8c39c7@group-2FD67DE3DC18-LeaderElection13] INFO  server.RaftServer$Division (ServerState.java:setRaftConf(386)) - d1f2401f-ce3c-4cd7-b613-e85afa8c39c7@group-2FD67DE3DC18: set configuration conf: {index: 0, cur=peers:[d1f2401f-ce3c-4cd7-b613-e85afa8c39c7|127.0.0.1:15047]|listeners:[], old=null}
2025-07-19 06:07:13,064 [d1f2401f-ce3c-4cd7-b613-e85afa8c39c7@group-2FD67DE3DC18-SegmentedRaftLogWorker] INFO  segmented.SegmentedRaftLogWorker (SegmentedRaftLogWorker.java:execute(647)) - d1f2401f-ce3c-4cd7-b613-e85afa8c39c7@group-2FD67DE3DC18-SegmentedRaftLogWorker: created new log segment /home/runner/work/ozone/ozone/hadoop-ozone/integration-test/target/test-dir/MiniOzoneClusterImpl-09c4c6e1-5ab0-4195-ac7b-5aec6defaa36/ozone-meta/datanode-5/ratis/9bc6d928-83a2-4e46-9503-2fd67de3dc18/current/log_inprogress_0
2025-07-19 06:07:13,066 [d1f2401f-ce3c-4cd7-b613-e85afa8c39c7@group-2FD67DE3DC18-StateMachineUpdater] INFO  server.RaftServer$Division (LeaderStateImpl.java:checkStartIndex(309)) - Leader d1f2401f-ce3c-4cd7-b613-e85afa8c39c7@group-2FD67DE3DC18-LeaderStateImpl is ready since appliedIndex == startIndex == 0
2025-07-19 06:07:13,066 [d1f2401f-ce3c-4cd7-b613-e85afa8c39c7@group-2FD67DE3DC18-StateMachineUpdater] INFO  ratis.ContainerStateMachine (ContainerStateMachine.java:takeSnapshot(427)) - group-2FD67DE3DC18: Taking a snapshot at:(t:1, i:0) file /home/runner/work/ozone/ozone/hadoop-ozone/integration-test/target/test-dir/MiniOzoneClusterImpl-09c4c6e1-5ab0-4195-ac7b-5aec6defaa36/ozone-meta/datanode-5/ratis/9bc6d928-83a2-4e46-9503-2fd67de3dc18/sm/snapshot.1_0
2025-07-19 06:07:13,067 [d1f2401f-ce3c-4cd7-b613-e85afa8c39c7@group-2FD67DE3DC18-StateMachineUpdater] INFO  ratis.ContainerStateMachine (ContainerStateMachine.java:takeSnapshot(436)) - group-2FD67DE3DC18: Finished taking a snapshot at:(t:1, i:0) file:/home/runner/work/ozone/ozone/hadoop-ozone/integration-test/target/test-dir/MiniOzoneClusterImpl-09c4c6e1-5ab0-4195-ac7b-5aec6defaa36/ozone-meta/datanode-5/ratis/9bc6d928-83a2-4e46-9503-2fd67de3dc18/sm/snapshot.1_0 took: 1 ms
2025-07-19 06:07:13,068 [d1f2401f-ce3c-4cd7-b613-e85afa8c39c7@group-2FD67DE3DC18-StateMachineUpdater] INFO  impl.StateMachineUpdater (StateMachineUpdater.java:takeSnapshot(307)) - d1f2401f-ce3c-4cd7-b613-e85afa8c39c7@group-2FD67DE3DC18-StateMachineUpdater: Took a snapshot at index 0
2025-07-19 06:07:13,068 [d1f2401f-ce3c-4cd7-b613-e85afa8c39c7@group-2FD67DE3DC18-StateMachineUpdater] INFO  impl.StateMachineUpdater (StateMachineUpdater.java:lambda$new$0(101)) - d1f2401f-ce3c-4cd7-b613-e85afa8c39c7@group-2FD67DE3DC18-StateMachineUpdater: snapshotIndex: updateIncreasingly -1 -> 0
2025-07-19 06:07:13,146 [85aa579c-736c-4de8-9407-4b363243255c-PipelineCommandHandlerThread-0] INFO  server.RaftServer (RaftServerProxy.java:addNew(105)) - 85aa579c-736c-4de8-9407-4b363243255c: addNew group-20218890329C:[85aa579c-736c-4de8-9407-4b363243255c|127.0.0.1:15087] returns group-20218890329C:java.util.concurrent.CompletableFuture@6cae1c4d[Not completed]
2025-07-19 06:07:13,149 [85aa579c-736c-4de8-9407-4b363243255c-groupManagement] INFO  server.RaftServer$Division (RaftServerImpl.java:<init>(268)) - 85aa579c-736c-4de8-9407-4b363243255c: new RaftServerImpl for group-20218890329C:[85aa579c-736c-4de8-9407-4b363243255c|127.0.0.1:15087] with ContainerStateMachine:uninitialized
2025-07-19 06:07:13,149 [85aa579c-736c-4de8-9407-4b363243255c-groupManagement] INFO  server.RaftServer$Division (ServerState.java:<init>(114)) - 85aa579c-736c-4de8-9407-4b363243255c@group-20218890329C: ConfigurationManager, init=conf: {index: -1, cur=peers:[85aa579c-736c-4de8-9407-4b363243255c|127.0.0.1:15087]|listeners:[], old=null}, confs=<EMPTY_MAP>
2025-07-19 06:07:13,155 [85aa579c-736c-4de8-9407-4b363243255c-groupManagement] INFO  server.RaftServerConfigKeys (ConfUtils.java:logGet(62)) - raft.server.storage.dir = [/home/runner/work/ozone/ozone/hadoop-ozone/integration-test/target/test-dir/MiniOzoneClusterImpl-09c4c6e1-5ab0-4195-ac7b-5aec6defaa36/ozone-meta/datanode-10/ratis] (custom)
2025-07-19 06:07:13,156 [85aa579c-736c-4de8-9407-4b363243255c-groupManagement] INFO  storage.RaftStorageDirectory (RaftStorageDirectoryImpl.java:analyzeStorage(138)) - The storage directory /home/runner/work/ozone/ozone/hadoop-ozone/integration-test/target/test-dir/MiniOzoneClusterImpl-09c4c6e1-5ab0-4195-ac7b-5aec6defaa36/ozone-meta/datanode-10/ratis/92f531b3-12c3-41cd-a323-20218890329c does not exist. Creating ...
2025-07-19 06:07:13,157 [85aa579c-736c-4de8-9407-4b363243255c-groupManagement] INFO  storage.RaftStorageDirectory (RaftStorageDirectoryImpl.java:tryLock(229)) - Lock on /home/runner/work/ozone/ozone/hadoop-ozone/integration-test/target/test-dir/MiniOzoneClusterImpl-09c4c6e1-5ab0-4195-ac7b-5aec6defaa36/ozone-meta/datanode-10/ratis/92f531b3-12c3-41cd-a323-20218890329c/in_use.lock acquired by nodename 18124@localhost
2025-07-19 06:07:13,160 [EventQueue-PipelineReportForPipelineReportHandler] INFO  pipeline.PipelineReportHandler (PipelineReportHandler.java:processPipelineReport(134)) - Opened pipeline Pipeline-92f531b3-12c3-41cd-a323-20218890329c
2025-07-19 06:07:13,162 [85aa579c-736c-4de8-9407-4b363243255c-groupManagement] INFO  storage.RaftStorage (RaftStorageImpl.java:format(98)) - Storage directory /home/runner/work/ozone/ozone/hadoop-ozone/integration-test/target/test-dir/MiniOzoneClusterImpl-09c4c6e1-5ab0-4195-ac7b-5aec6defaa36/ozone-meta/datanode-10/ratis/92f531b3-12c3-41cd-a323-20218890329c has been successfully formatted.
2025-07-19 06:07:13,162 [85aa579c-736c-4de8-9407-4b363243255c-groupManagement] INFO  ratis.ContainerStateMachine (ContainerStateMachine.java:initialize(339)) - 85aa579c-736c-4de8-9407-4b363243255c: initialize group-20218890329C
2025-07-19 06:07:13,162 [85aa579c-736c-4de8-9407-4b363243255c-groupManagement] INFO  ratis.ContainerStateMachine (ContainerStateMachine.java:loadSnapshot(347)) - group-20218890329C: The snapshot info is null. Setting the last applied index to:<INITIAL_VALUE>
2025-07-19 06:07:13,162 [85aa579c-736c-4de8-9407-4b363243255c-groupManagement] INFO  server.RaftServerConfigKeys (ConfUtils.java:logGet(62)) - raft.server.log.appender.buffer.byte-limit = 33554432 (custom)
2025-07-19 06:07:13,164 [85aa579c-736c-4de8-9407-4b363243255c-groupManagement] INFO  server.RaftServerConfigKeys (ConfUtils.java:logGet(62)) - raft.server.log.segment.size.max = 67108864 (custom)
2025-07-19 06:07:13,166 [85aa579c-736c-4de8-9407-4b363243255c-groupManagement] INFO  server.RaftServerConfigKeys (ConfUtils.java:logGet(62)) - raft.server.log.appender.buffer.byte-limit = 33554432 (custom)
2025-07-19 06:07:13,167 [85aa579c-736c-4de8-9407-4b363243255c-groupManagement] INFO  util.AwaitToRun (AwaitToRun.java:start(81)) - Thread[#1434,85aa579c-736c-4de8-9407-4b363243255c@group-20218890329C-cacheEviction-AwaitToRun,5,main] started
2025-07-19 06:07:13,167 [85aa579c-736c-4de8-9407-4b363243255c-groupManagement] INFO  segmented.SegmentedRaftLogWorker (SegmentedRaftLogWorker.java:<init>(190)) - new 85aa579c-736c-4de8-9407-4b363243255c@group-20218890329C-SegmentedRaftLogWorker for RaftStorageImpl:Storage Directory /home/runner/work/ozone/ozone/hadoop-ozone/integration-test/target/test-dir/MiniOzoneClusterImpl-09c4c6e1-5ab0-4195-ac7b-5aec6defaa36/ozone-meta/datanode-10/ratis/92f531b3-12c3-41cd-a323-20218890329c
2025-07-19 06:07:13,167 [85aa579c-736c-4de8-9407-4b363243255c-groupManagement] INFO  server.RaftServerConfigKeys (ConfUtils.java:logGet(62)) - raft.server.log.queue.byte-limit = 4294967296 (custom)
2025-07-19 06:07:13,168 [85aa579c-736c-4de8-9407-4b363243255c-groupManagement] INFO  server.RaftServerConfigKeys (ConfUtils.java:logGet(62)) - raft.server.log.segment.size.max = 67108864 (custom)
2025-07-19 06:07:13,168 [85aa579c-736c-4de8-9407-4b363243255c-groupManagement] INFO  server.RaftServerConfigKeys (ConfUtils.java:logGet(62)) - raft.server.log.preallocated.size = 4194304 (custom)
2025-07-19 06:07:13,169 [85aa579c-736c-4de8-9407-4b363243255c-groupManagement] INFO  server.RaftServerConfigKeys (ConfUtils.java:logGet(62)) - raft.server.log.write.buffer.size = 33554440 (custom)
2025-07-19 06:07:13,174 [85aa579c-736c-4de8-9407-4b363243255c-groupManagement] INFO  server.RaftServerConfigKeys (ConfUtils.java:logGet(62)) - raft.server.log.appender.buffer.byte-limit = 33554432 (custom)
2025-07-19 06:07:13,175 [85aa579c-736c-4de8-9407-4b363243255c-groupManagement] INFO  segmented.SegmentedRaftLogWorker (SegmentedRaftLogWorker.java:lambda$new$0(141)) - 85aa579c-736c-4de8-9407-4b363243255c@group-20218890329C-SegmentedRaftLogWorker: flushIndex: setUnconditionally 0 -> -1
2025-07-19 06:07:13,175 [85aa579c-736c-4de8-9407-4b363243255c-groupManagement] INFO  segmented.SegmentedRaftLogWorker (SegmentedRaftLogWorker.java:lambda$new$0(141)) - 85aa579c-736c-4de8-9407-4b363243255c@group-20218890329C-SegmentedRaftLogWorker: safeCacheEvictIndex: setUnconditionally 0 -> -1
2025-07-19 06:07:13,176 [85aa579c-736c-4de8-9407-4b363243255c-groupManagement] INFO  server.RaftServer$Division (RaftServerImpl.java:start(405)) - 85aa579c-736c-4de8-9407-4b363243255c@group-20218890329C: start as a follower, conf=conf: {index: -1, cur=peers:[85aa579c-736c-4de8-9407-4b363243255c|127.0.0.1:15087]|listeners:[], old=null}
2025-07-19 06:07:13,176 [85aa579c-736c-4de8-9407-4b363243255c-groupManagement] INFO  server.RaftServer$Division (RaftServerImpl.java:setRole(392)) - 85aa579c-736c-4de8-9407-4b363243255c@group-20218890329C: changes role from      null to FOLLOWER at term 0 for startAsFollower
2025-07-19 06:07:13,177 [85aa579c-736c-4de8-9407-4b363243255c-groupManagement] INFO  impl.RoleInfo (RoleInfo.java:updateAndGet(148)) - 85aa579c-736c-4de8-9407-4b363243255c: start 85aa579c-736c-4de8-9407-4b363243255c@group-20218890329C-FollowerState
2025-07-19 06:07:13,178 [85aa579c-736c-4de8-9407-4b363243255c-groupManagement] INFO  util.JmxRegister (JmxRegister.java:tryRegister(44)) - Successfully registered JMX Bean with object name Ratis:service=RaftServer,group=group-20218890329C,id=85aa579c-736c-4de8-9407-4b363243255c
2025-07-19 06:07:13,178 [85aa579c-736c-4de8-9407-4b363243255c-groupManagement] INFO  util.JmxRegister (JmxRegister.java:register(58)) - register mxBean class org.apache.ratis.server.impl.RaftServerJmxAdapter as Ratis:service=RaftServer,group=group-20218890329C,id=85aa579c-736c-4de8-9407-4b363243255c
2025-07-19 06:07:13,180 [85aa579c-736c-4de8-9407-4b363243255c-groupManagement] INFO  server.RaftServer$Division (RaftServerImpl.java:start(419)) - 85aa579c-736c-4de8-9407-4b363243255c@group-20218890329C: Successfully started.
2025-07-19 06:07:13,182 [85aa579c-736c-4de8-9407-4b363243255c-PipelineCommandHandlerThread-0] INFO  ratis.XceiverServerRatis (XceiverServerRatis.java:addGroup(843)) - Created group Pipeline-92f531b3-12c3-41cd-a323-20218890329c
2025-07-19 06:07:13,182 [85aa579c-736c-4de8-9407-4b363243255c-PipelineCommandHandlerThread-0] INFO  commandhandler.CreatePipelineCommandHandler (CreatePipelineCommandHandler.java:lambda$handle$2(127)) - Created Pipeline RATIS ONE Pipeline-92f531b3-12c3-41cd-a323-20218890329c.
2025-07-19 06:07:13,200 [main] INFO  rpc.RpcClient (RpcClient.java:createVolume(461)) - Creating Volume: testcontainerstatemachinefailures, with runner as owner and space quota set to -1 bytes, counts quota set to -1
2025-07-19 06:07:13,218 [om1-OMStateMachineApplyTransactionThread - 0] INFO  volume.OMVolumeCreateRequest (OMVolumeCreateRequest.java:validateAndUpdateCache(203)) - created volume:testcontainerstatemachinefailures for user:runner
2025-07-19 06:07:13,234 [main] INFO  rpc.RpcClient (RpcClient.java:createBucket(686)) - Creating Bucket: testcontainerstatemachinefailures/testcontainerstatemachinefailures, with server-side default bucket layout, runner as owner, Versioning false, Storage Type set to DISK and Encryption set to false, Replication Type set to server-side default replication type, Namespace Quota set to -1, Space Quota set to -1 
2025-07-19 06:07:13,243 [om1-OMStateMachineApplyTransactionThread - 0] INFO  bucket.OMBucketCreateRequest (OMBucketCreateRequest.java:validateAndUpdateCache(292)) - created bucket: testcontainerstatemachinefailures of layout FILE_SYSTEM_OPTIMIZED in volume: testcontainerstatemachinefailures
2025-07-19 06:07:13,254 [e80b39d0-2325-4ff7-b450-1b10ae88e746@group-1FC0D4C9CD23-FollowerState] INFO  impl.FollowerState (FollowerState.java:runImpl(161)) - e80b39d0-2325-4ff7-b450-1b10ae88e746@group-1FC0D4C9CD23-FollowerState: change to CANDIDATE, lastRpcElapsedTime:1118994207ns, electionTimeout:1118ms
2025-07-19 06:07:13,254 [e80b39d0-2325-4ff7-b450-1b10ae88e746@group-1FC0D4C9CD23-FollowerState] INFO  impl.RoleInfo (RoleInfo.java:shutdownFollowerState(121)) - e80b39d0-2325-4ff7-b450-1b10ae88e746: shutdown e80b39d0-2325-4ff7-b450-1b10ae88e746@group-1FC0D4C9CD23-FollowerState
2025-07-19 06:07:13,254 [e80b39d0-2325-4ff7-b450-1b10ae88e746@group-1FC0D4C9CD23-FollowerState] INFO  server.RaftServer$Division (RaftServerImpl.java:setRole(392)) - e80b39d0-2325-4ff7-b450-1b10ae88e746@group-1FC0D4C9CD23: changes role from  FOLLOWER to CANDIDATE at term 0 for changeToCandidate
2025-07-19 06:07:13,254 [e80b39d0-2325-4ff7-b450-1b10ae88e746@group-1FC0D4C9CD23-FollowerState] INFO  impl.RoleInfo (RoleInfo.java:updateAndGet(148)) - e80b39d0-2325-4ff7-b450-1b10ae88e746: start e80b39d0-2325-4ff7-b450-1b10ae88e746@group-1FC0D4C9CD23-LeaderElection14
2025-07-19 06:07:13,255 [e80b39d0-2325-4ff7-b450-1b10ae88e746@group-1FC0D4C9CD23-LeaderElection14] INFO  impl.LeaderElection (LeaderElection.java:askForVotes(448)) - e80b39d0-2325-4ff7-b450-1b10ae88e746@group-1FC0D4C9CD23-LeaderElection14 PRE_VOTE round 0: submit vote requests at term 0 for conf: {index: -1, cur=peers:[e80b39d0-2325-4ff7-b450-1b10ae88e746|127.0.0.1:15055]|listeners:[], old=null}
2025-07-19 06:07:13,255 [e80b39d0-2325-4ff7-b450-1b10ae88e746@group-1FC0D4C9CD23-LeaderElection14] INFO  impl.LeaderElection (LeaderElection.java:askForVotes(450)) - e80b39d0-2325-4ff7-b450-1b10ae88e746@group-1FC0D4C9CD23-LeaderElection14 PRE_VOTE round 0: result PASSED (term=0)
2025-07-19 06:07:13,257 [e80b39d0-2325-4ff7-b450-1b10ae88e746@group-1FC0D4C9CD23-LeaderElection14] INFO  impl.LeaderElection (LeaderElection.java:askForVotes(448)) - e80b39d0-2325-4ff7-b450-1b10ae88e746@group-1FC0D4C9CD23-LeaderElection14 ELECTION round 0: submit vote requests at term 1 for conf: {index: -1, cur=peers:[e80b39d0-2325-4ff7-b450-1b10ae88e746|127.0.0.1:15055]|listeners:[], old=null}
2025-07-19 06:07:13,257 [e80b39d0-2325-4ff7-b450-1b10ae88e746@group-1FC0D4C9CD23-LeaderElection14] INFO  impl.LeaderElection (LeaderElection.java:askForVotes(450)) - e80b39d0-2325-4ff7-b450-1b10ae88e746@group-1FC0D4C9CD23-LeaderElection14 ELECTION round 0: result PASSED (term=1)
2025-07-19 06:07:13,257 [e80b39d0-2325-4ff7-b450-1b10ae88e746@group-1FC0D4C9CD23-LeaderElection14] INFO  impl.RoleInfo (RoleInfo.java:shutdownLeaderElection(141)) - e80b39d0-2325-4ff7-b450-1b10ae88e746: shutdown e80b39d0-2325-4ff7-b450-1b10ae88e746@group-1FC0D4C9CD23-LeaderElection14
2025-07-19 06:07:13,257 [e80b39d0-2325-4ff7-b450-1b10ae88e746@group-1FC0D4C9CD23-LeaderElection14] INFO  server.RaftServer$Division (RaftServerImpl.java:setRole(392)) - e80b39d0-2325-4ff7-b450-1b10ae88e746@group-1FC0D4C9CD23: changes role from CANDIDATE to LEADER at term 1 for changeToLeader
2025-07-19 06:07:13,257 [e80b39d0-2325-4ff7-b450-1b10ae88e746@group-1FC0D4C9CD23-LeaderElection14] INFO  server.RaftServerConfigKeys (ConfUtils.java:logFallback(69)) - raft.server.staging.timeout = 15600ms (fallback to raft.server.rpc.timeout.max)
2025-07-19 06:07:13,258 [e80b39d0-2325-4ff7-b450-1b10ae88e746@group-1FC0D4C9CD23-LeaderElection14] INFO  server.RaftServerConfigKeys (ConfUtils.java:logGet(62)) - raft.server.write.byte-limit = 1024 M (=1073741824) (custom)
2025-07-19 06:07:13,259 [e80b39d0-2325-4ff7-b450-1b10ae88e746@group-1FC0D4C9CD23-LeaderElection14] INFO  impl.RoleInfo (RoleInfo.java:updateAndGet(148)) - e80b39d0-2325-4ff7-b450-1b10ae88e746: start e80b39d0-2325-4ff7-b450-1b10ae88e746@group-1FC0D4C9CD23-LeaderStateImpl
2025-07-19 06:07:13,259 [e80b39d0-2325-4ff7-b450-1b10ae88e746@group-1FC0D4C9CD23-LeaderElection14] INFO  server.RaftServer$Division (RaftServerImpl.java:setFirstElection(576)) - e80b39d0-2325-4ff7-b450-1b10ae88e746@group-1FC0D4C9CD23: set firstElectionSinceStartup to false for becomeLeader
2025-07-19 06:07:13,259 [e80b39d0-2325-4ff7-b450-1b10ae88e746@group-1FC0D4C9CD23-LeaderElection14] INFO  ratis.XceiverServerRatis (XceiverServerRatis.java:handleLeaderChangedNotification(944)) - Leader change notification received for group: group-1FC0D4C9CD23 with new leaderId: e80b39d0-2325-4ff7-b450-1b10ae88e746
2025-07-19 06:07:13,260 [e80b39d0-2325-4ff7-b450-1b10ae88e746@group-1FC0D4C9CD23-LeaderElection14] INFO  server.RaftServer$Division (ServerState.java:setLeader(272)) - e80b39d0-2325-4ff7-b450-1b10ae88e746@group-1FC0D4C9CD23: change Leader from null to e80b39d0-2325-4ff7-b450-1b10ae88e746 at term 1 for becomeLeader, leader elected after 1164ms
2025-07-19 06:07:13,260 [e80b39d0-2325-4ff7-b450-1b10ae88e746@group-1FC0D4C9CD23-LeaderElection14] INFO  segmented.SegmentedRaftLogWorker (SegmentedRaftLogWorker.java:startLogSegment(440)) - e80b39d0-2325-4ff7-b450-1b10ae88e746@group-1FC0D4C9CD23-SegmentedRaftLogWorker: Starting segment from index:0
2025-07-19 06:07:13,260 [e80b39d0-2325-4ff7-b450-1b10ae88e746@group-1FC0D4C9CD23-LeaderElection14] INFO  server.RaftServer$Division (ServerState.java:setRaftConf(386)) - e80b39d0-2325-4ff7-b450-1b10ae88e746@group-1FC0D4C9CD23: set configuration conf: {index: 0, cur=peers:[e80b39d0-2325-4ff7-b450-1b10ae88e746|127.0.0.1:15055]|listeners:[], old=null}
2025-07-19 06:07:13,260 [e80b39d0-2325-4ff7-b450-1b10ae88e746@group-1FC0D4C9CD23-SegmentedRaftLogWorker] INFO  segmented.BufferedWriteChannel (BufferedWriteChannel.java:open(61)) - open log_inprogress_0 at position 0
2025-07-19 06:07:13,271 [e80b39d0-2325-4ff7-b450-1b10ae88e746@group-1FC0D4C9CD23-SegmentedRaftLogWorker] INFO  segmented.SegmentedRaftLogWorker (SegmentedRaftLogWorker.java:execute(647)) - e80b39d0-2325-4ff7-b450-1b10ae88e746@group-1FC0D4C9CD23-SegmentedRaftLogWorker: created new log segment /home/runner/work/ozone/ozone/hadoop-ozone/integration-test/target/test-dir/MiniOzoneClusterImpl-09c4c6e1-5ab0-4195-ac7b-5aec6defaa36/ozone-meta/datanode-6/ratis/8a1a2c78-8c8f-4f34-958b-1fc0d4c9cd23/current/log_inprogress_0
2025-07-19 06:07:13,273 [e80b39d0-2325-4ff7-b450-1b10ae88e746@group-1FC0D4C9CD23-StateMachineUpdater] INFO  server.RaftServer$Division (LeaderStateImpl.java:checkStartIndex(309)) - Leader e80b39d0-2325-4ff7-b450-1b10ae88e746@group-1FC0D4C9CD23-LeaderStateImpl is ready since appliedIndex == startIndex == 0
2025-07-19 06:07:13,274 [e80b39d0-2325-4ff7-b450-1b10ae88e746@group-1FC0D4C9CD23-StateMachineUpdater] INFO  ratis.ContainerStateMachine (ContainerStateMachine.java:takeSnapshot(427)) - group-1FC0D4C9CD23: Taking a snapshot at:(t:1, i:0) file /home/runner/work/ozone/ozone/hadoop-ozone/integration-test/target/test-dir/MiniOzoneClusterImpl-09c4c6e1-5ab0-4195-ac7b-5aec6defaa36/ozone-meta/datanode-6/ratis/8a1a2c78-8c8f-4f34-958b-1fc0d4c9cd23/sm/snapshot.1_0
2025-07-19 06:07:13,274 [e80b39d0-2325-4ff7-b450-1b10ae88e746@group-1FC0D4C9CD23-StateMachineUpdater] INFO  ratis.ContainerStateMachine (ContainerStateMachine.java:takeSnapshot(436)) - group-1FC0D4C9CD23: Finished taking a snapshot at:(t:1, i:0) file:/home/runner/work/ozone/ozone/hadoop-ozone/integration-test/target/test-dir/MiniOzoneClusterImpl-09c4c6e1-5ab0-4195-ac7b-5aec6defaa36/ozone-meta/datanode-6/ratis/8a1a2c78-8c8f-4f34-958b-1fc0d4c9cd23/sm/snapshot.1_0 took: 1 ms
2025-07-19 06:07:13,275 [e80b39d0-2325-4ff7-b450-1b10ae88e746@group-1FC0D4C9CD23-StateMachineUpdater] INFO  impl.StateMachineUpdater (StateMachineUpdater.java:takeSnapshot(307)) - e80b39d0-2325-4ff7-b450-1b10ae88e746@group-1FC0D4C9CD23-StateMachineUpdater: Took a snapshot at index 0
2025-07-19 06:07:13,275 [e80b39d0-2325-4ff7-b450-1b10ae88e746@group-1FC0D4C9CD23-StateMachineUpdater] INFO  impl.StateMachineUpdater (StateMachineUpdater.java:lambda$new$0(101)) - e80b39d0-2325-4ff7-b450-1b10ae88e746@group-1FC0D4C9CD23-StateMachineUpdater: snapshotIndex: updateIncreasingly -1 -> 0
2025-07-19 06:07:13,302 [IPC Server handler 0 on default port 15001] INFO  ha.SequenceIdGenerator (SequenceIdGenerator.java:getNextId(135)) - Allocate a batch for containerId, change lastId from 0 to 1000.
2025-07-19 06:07:13,312 [885623d6-9da4-492b-a87d-998872f93ab6@group-5AEC6DEFAA36-StateMachineUpdater] WARN  ha.SequenceIdGenerator (SequenceIdGenerator.java:allocateBatch(248)) - Failed to allocate a batch for localId, expected lastId is 0, actual lastId is 115816896921600000.
2025-07-19 06:07:13,314 [IPC Server handler 0 on default port 15001] INFO  ha.SequenceIdGenerator (SequenceIdGenerator.java:getNextId(135)) - Allocate a batch for localId, change lastId from 115816896921600000 to 115816896921601000.
2025-07-19 06:07:13,369 [main] INFO  impl.MetricsSystemImpl (MetricsSystemImpl.java:init(158)) - XceiverClientMetrics metrics system started (again)
2025-07-19 06:07:13,484 [78917b03-a842-488e-9e7c-f00b43f4ecc3@group-2E106E42CD04-FollowerState] INFO  impl.FollowerState (FollowerState.java:runImpl(161)) - 78917b03-a842-488e-9e7c-f00b43f4ecc3@group-2E106E42CD04-FollowerState: change to CANDIDATE, lastRpcElapsedTime:1055484590ns, electionTimeout:1055ms
2025-07-19 06:07:13,484 [78917b03-a842-488e-9e7c-f00b43f4ecc3@group-2E106E42CD04-FollowerState] INFO  impl.RoleInfo (RoleInfo.java:shutdownFollowerState(121)) - 78917b03-a842-488e-9e7c-f00b43f4ecc3: shutdown 78917b03-a842-488e-9e7c-f00b43f4ecc3@group-2E106E42CD04-FollowerState
2025-07-19 06:07:13,484 [78917b03-a842-488e-9e7c-f00b43f4ecc3@group-2E106E42CD04-FollowerState] INFO  server.RaftServer$Division (RaftServerImpl.java:setRole(392)) - 78917b03-a842-488e-9e7c-f00b43f4ecc3@group-2E106E42CD04: changes role from  FOLLOWER to CANDIDATE at term 0 for changeToCandidate
2025-07-19 06:07:13,484 [78917b03-a842-488e-9e7c-f00b43f4ecc3@group-2E106E42CD04-FollowerState] INFO  impl.RoleInfo (RoleInfo.java:updateAndGet(148)) - 78917b03-a842-488e-9e7c-f00b43f4ecc3: start 78917b03-a842-488e-9e7c-f00b43f4ecc3@group-2E106E42CD04-LeaderElection15
2025-07-19 06:07:13,485 [78917b03-a842-488e-9e7c-f00b43f4ecc3@group-2E106E42CD04-LeaderElection15] INFO  impl.LeaderElection (LeaderElection.java:askForVotes(448)) - 78917b03-a842-488e-9e7c-f00b43f4ecc3@group-2E106E42CD04-LeaderElection15 PRE_VOTE round 0: submit vote requests at term 0 for conf: {index: -1, cur=peers:[78917b03-a842-488e-9e7c-f00b43f4ecc3|127.0.0.1:15063]|listeners:[], old=null}
2025-07-19 06:07:13,485 [78917b03-a842-488e-9e7c-f00b43f4ecc3@group-2E106E42CD04-LeaderElection15] INFO  impl.LeaderElection (LeaderElection.java:askForVotes(450)) - 78917b03-a842-488e-9e7c-f00b43f4ecc3@group-2E106E42CD04-LeaderElection15 PRE_VOTE round 0: result PASSED (term=0)
2025-07-19 06:07:13,487 [78917b03-a842-488e-9e7c-f00b43f4ecc3@group-2E106E42CD04-LeaderElection15] INFO  impl.LeaderElection (LeaderElection.java:askForVotes(448)) - 78917b03-a842-488e-9e7c-f00b43f4ecc3@group-2E106E42CD04-LeaderElection15 ELECTION round 0: submit vote requests at term 1 for conf: {index: -1, cur=peers:[78917b03-a842-488e-9e7c-f00b43f4ecc3|127.0.0.1:15063]|listeners:[], old=null}
2025-07-19 06:07:13,488 [78917b03-a842-488e-9e7c-f00b43f4ecc3@group-2E106E42CD04-LeaderElection15] INFO  impl.LeaderElection (LeaderElection.java:askForVotes(450)) - 78917b03-a842-488e-9e7c-f00b43f4ecc3@group-2E106E42CD04-LeaderElection15 ELECTION round 0: result PASSED (term=1)
2025-07-19 06:07:13,488 [78917b03-a842-488e-9e7c-f00b43f4ecc3@group-2E106E42CD04-LeaderElection15] INFO  impl.RoleInfo (RoleInfo.java:shutdownLeaderElection(141)) - 78917b03-a842-488e-9e7c-f00b43f4ecc3: shutdown 78917b03-a842-488e-9e7c-f00b43f4ecc3@group-2E106E42CD04-LeaderElection15
2025-07-19 06:07:13,488 [78917b03-a842-488e-9e7c-f00b43f4ecc3@group-2E106E42CD04-LeaderElection15] INFO  server.RaftServer$Division (RaftServerImpl.java:setRole(392)) - 78917b03-a842-488e-9e7c-f00b43f4ecc3@group-2E106E42CD04: changes role from CANDIDATE to LEADER at term 1 for changeToLeader
2025-07-19 06:07:13,488 [78917b03-a842-488e-9e7c-f00b43f4ecc3@group-2E106E42CD04-LeaderElection15] INFO  server.RaftServerConfigKeys (ConfUtils.java:logFallback(69)) - raft.server.staging.timeout = 15600ms (fallback to raft.server.rpc.timeout.max)
2025-07-19 06:07:13,488 [78917b03-a842-488e-9e7c-f00b43f4ecc3@group-2E106E42CD04-LeaderElection15] INFO  server.RaftServerConfigKeys (ConfUtils.java:logGet(62)) - raft.server.write.byte-limit = 1024 M (=1073741824) (custom)
2025-07-19 06:07:13,489 [78917b03-a842-488e-9e7c-f00b43f4ecc3@group-2E106E42CD04-LeaderElection15] INFO  impl.RoleInfo (RoleInfo.java:updateAndGet(148)) - 78917b03-a842-488e-9e7c-f00b43f4ecc3: start 78917b03-a842-488e-9e7c-f00b43f4ecc3@group-2E106E42CD04-LeaderStateImpl
2025-07-19 06:07:13,489 [78917b03-a842-488e-9e7c-f00b43f4ecc3@group-2E106E42CD04-LeaderElection15] INFO  server.RaftServer$Division (RaftServerImpl.java:setFirstElection(576)) - 78917b03-a842-488e-9e7c-f00b43f4ecc3@group-2E106E42CD04: set firstElectionSinceStartup to false for becomeLeader
2025-07-19 06:07:13,489 [78917b03-a842-488e-9e7c-f00b43f4ecc3@group-2E106E42CD04-LeaderElection15] INFO  ratis.XceiverServerRatis (XceiverServerRatis.java:handleLeaderChangedNotification(944)) - Leader change notification received for group: group-2E106E42CD04 with new leaderId: 78917b03-a842-488e-9e7c-f00b43f4ecc3
2025-07-19 06:07:13,490 [78917b03-a842-488e-9e7c-f00b43f4ecc3@group-2E106E42CD04-LeaderElection15] INFO  server.RaftServer$Division (ServerState.java:setLeader(272)) - 78917b03-a842-488e-9e7c-f00b43f4ecc3@group-2E106E42CD04: change Leader from null to 78917b03-a842-488e-9e7c-f00b43f4ecc3 at term 1 for becomeLeader, leader elected after 1077ms
2025-07-19 06:07:13,490 [78917b03-a842-488e-9e7c-f00b43f4ecc3@group-2E106E42CD04-LeaderElection15] INFO  segmented.SegmentedRaftLogWorker (SegmentedRaftLogWorker.java:startLogSegment(440)) - 78917b03-a842-488e-9e7c-f00b43f4ecc3@group-2E106E42CD04-SegmentedRaftLogWorker: Starting segment from index:0
2025-07-19 06:07:13,490 [78917b03-a842-488e-9e7c-f00b43f4ecc3@group-2E106E42CD04-LeaderElection15] INFO  server.RaftServer$Division (ServerState.java:setRaftConf(386)) - 78917b03-a842-488e-9e7c-f00b43f4ecc3@group-2E106E42CD04: set configuration conf: {index: 0, cur=peers:[78917b03-a842-488e-9e7c-f00b43f4ecc3|127.0.0.1:15063]|listeners:[], old=null}
2025-07-19 06:07:13,491 [78917b03-a842-488e-9e7c-f00b43f4ecc3@group-2E106E42CD04-SegmentedRaftLogWorker] INFO  segmented.BufferedWriteChannel (BufferedWriteChannel.java:open(61)) - open log_inprogress_0 at position 0
2025-07-19 06:07:13,500 [78917b03-a842-488e-9e7c-f00b43f4ecc3@group-2E106E42CD04-SegmentedRaftLogWorker] INFO  segmented.SegmentedRaftLogWorker (SegmentedRaftLogWorker.java:execute(647)) - 78917b03-a842-488e-9e7c-f00b43f4ecc3@group-2E106E42CD04-SegmentedRaftLogWorker: created new log segment /home/runner/work/ozone/ozone/hadoop-ozone/integration-test/target/test-dir/MiniOzoneClusterImpl-09c4c6e1-5ab0-4195-ac7b-5aec6defaa36/ozone-meta/datanode-7/ratis/6c3cc3b8-68a1-4e3d-87a1-2e106e42cd04/current/log_inprogress_0
2025-07-19 06:07:13,505 [e4fa6cd0-dc30-4550-b12f-023a3466045b@group-032DC0AA9B70-FollowerState] INFO  impl.FollowerState (FollowerState.java:runImpl(161)) - e4fa6cd0-dc30-4550-b12f-023a3466045b@group-032DC0AA9B70-FollowerState: change to CANDIDATE, lastRpcElapsedTime:1009454073ns, electionTimeout:1004ms
2025-07-19 06:07:13,505 [e4fa6cd0-dc30-4550-b12f-023a3466045b@group-032DC0AA9B70-FollowerState] INFO  impl.RoleInfo (RoleInfo.java:shutdownFollowerState(121)) - e4fa6cd0-dc30-4550-b12f-023a3466045b: shutdown e4fa6cd0-dc30-4550-b12f-023a3466045b@group-032DC0AA9B70-FollowerState
2025-07-19 06:07:13,505 [e4fa6cd0-dc30-4550-b12f-023a3466045b@group-032DC0AA9B70-FollowerState] INFO  server.RaftServer$Division (RaftServerImpl.java:setRole(392)) - e4fa6cd0-dc30-4550-b12f-023a3466045b@group-032DC0AA9B70: changes role from  FOLLOWER to CANDIDATE at term 0 for changeToCandidate
2025-07-19 06:07:13,505 [e4fa6cd0-dc30-4550-b12f-023a3466045b@group-032DC0AA9B70-FollowerState] INFO  impl.RoleInfo (RoleInfo.java:updateAndGet(148)) - e4fa6cd0-dc30-4550-b12f-023a3466045b: start e4fa6cd0-dc30-4550-b12f-023a3466045b@group-032DC0AA9B70-LeaderElection16
2025-07-19 06:07:13,506 [e4fa6cd0-dc30-4550-b12f-023a3466045b@group-032DC0AA9B70-LeaderElection16] INFO  impl.LeaderElection (LeaderElection.java:askForVotes(448)) - e4fa6cd0-dc30-4550-b12f-023a3466045b@group-032DC0AA9B70-LeaderElection16 PRE_VOTE round 0: submit vote requests at term 0 for conf: {index: -1, cur=peers:[78917b03-a842-488e-9e7c-f00b43f4ecc3|127.0.0.1:15063, e6deb990-2c6c-4f88-aa04-2e44b30659d5|127.0.0.1:15071, e4fa6cd0-dc30-4550-b12f-023a3466045b|127.0.0.1:15079]|listeners:[], old=null}
2025-07-19 06:07:13,506 [e4fa6cd0-dc30-4550-b12f-023a3466045b@group-032DC0AA9B70-LeaderElection16-1] INFO  server.GrpcServerProtocolClient (GrpcServerProtocolClient.java:<init>(65)) - Build channel for 78917b03-a842-488e-9e7c-f00b43f4ecc3|127.0.0.1:15063
2025-07-19 06:07:13,507 [e4fa6cd0-dc30-4550-b12f-023a3466045b@group-032DC0AA9B70-LeaderElection16-2] INFO  server.GrpcServerProtocolClient (GrpcServerProtocolClient.java:<init>(65)) - Build channel for e6deb990-2c6c-4f88-aa04-2e44b30659d5|127.0.0.1:15071
2025-07-19 06:07:13,508 [78917b03-a842-488e-9e7c-f00b43f4ecc3@group-2E106E42CD04-StateMachineUpdater] INFO  server.RaftServer$Division (LeaderStateImpl.java:checkStartIndex(309)) - Leader 78917b03-a842-488e-9e7c-f00b43f4ecc3@group-2E106E42CD04-LeaderStateImpl is ready since appliedIndex == startIndex == 0
2025-07-19 06:07:13,508 [78917b03-a842-488e-9e7c-f00b43f4ecc3@group-2E106E42CD04-StateMachineUpdater] INFO  ratis.ContainerStateMachine (ContainerStateMachine.java:takeSnapshot(427)) - group-2E106E42CD04: Taking a snapshot at:(t:1, i:0) file /home/runner/work/ozone/ozone/hadoop-ozone/integration-test/target/test-dir/MiniOzoneClusterImpl-09c4c6e1-5ab0-4195-ac7b-5aec6defaa36/ozone-meta/datanode-7/ratis/6c3cc3b8-68a1-4e3d-87a1-2e106e42cd04/sm/snapshot.1_0
2025-07-19 06:07:13,511 [78917b03-a842-488e-9e7c-f00b43f4ecc3@group-2E106E42CD04-StateMachineUpdater] INFO  ratis.ContainerStateMachine (ContainerStateMachine.java:takeSnapshot(436)) - group-2E106E42CD04: Finished taking a snapshot at:(t:1, i:0) file:/home/runner/work/ozone/ozone/hadoop-ozone/integration-test/target/test-dir/MiniOzoneClusterImpl-09c4c6e1-5ab0-4195-ac7b-5aec6defaa36/ozone-meta/datanode-7/ratis/6c3cc3b8-68a1-4e3d-87a1-2e106e42cd04/sm/snapshot.1_0 took: 3 ms
2025-07-19 06:07:13,512 [78917b03-a842-488e-9e7c-f00b43f4ecc3@group-2E106E42CD04-StateMachineUpdater] INFO  impl.StateMachineUpdater (StateMachineUpdater.java:takeSnapshot(307)) - 78917b03-a842-488e-9e7c-f00b43f4ecc3@group-2E106E42CD04-StateMachineUpdater: Took a snapshot at index 0
2025-07-19 06:07:13,512 [78917b03-a842-488e-9e7c-f00b43f4ecc3@group-2E106E42CD04-StateMachineUpdater] INFO  impl.StateMachineUpdater (StateMachineUpdater.java:lambda$new$0(101)) - 78917b03-a842-488e-9e7c-f00b43f4ecc3@group-2E106E42CD04-StateMachineUpdater: snapshotIndex: updateIncreasingly -1 -> 0
2025-07-19 06:07:13,513 [grpc-default-executor-6] INFO  server.RaftServer$Division (RaftServerImpl.java:requestVote(1421)) - e6deb990-2c6c-4f88-aa04-2e44b30659d5@group-032DC0AA9B70: receive requestVote(PRE_VOTE, e4fa6cd0-dc30-4550-b12f-023a3466045b, group-032DC0AA9B70, 0, <PROTO_DEFAULT>)
2025-07-19 06:07:13,513 [grpc-default-executor-6] INFO  impl.VoteContext (VoteContext.java:log(49)) - e6deb990-2c6c-4f88-aa04-2e44b30659d5@group-032DC0AA9B70-FOLLOWER: accept PRE_VOTE from e4fa6cd0-dc30-4550-b12f-023a3466045b: our priority 0 <= candidate's priority 1
2025-07-19 06:07:13,513 [grpc-default-executor-6] INFO  server.RaftServer$Division (RaftServerImpl.java:requestVote(1455)) - e6deb990-2c6c-4f88-aa04-2e44b30659d5@group-032DC0AA9B70 replies to PRE_VOTE vote request: e4fa6cd0-dc30-4550-b12f-023a3466045b<-e6deb990-2c6c-4f88-aa04-2e44b30659d5#0:OK-t0-last:<INITIAL_VALUE>. Peer's state: e6deb990-2c6c-4f88-aa04-2e44b30659d5@group-032DC0AA9B70:t0, leader=null, voted=, raftlog=Memoized:e6deb990-2c6c-4f88-aa04-2e44b30659d5@group-032DC0AA9B70-SegmentedRaftLog:OPENED:c-1:lastnull, conf=conf: {index: -1, cur=peers:[78917b03-a842-488e-9e7c-f00b43f4ecc3|127.0.0.1:15063, e6deb990-2c6c-4f88-aa04-2e44b30659d5|127.0.0.1:15071, e4fa6cd0-dc30-4550-b12f-023a3466045b|127.0.0.1:15079]|listeners:[], old=null}
2025-07-19 06:07:13,516 [grpc-default-executor-6] INFO  server.RaftServer$Division (RaftServerImpl.java:requestVote(1421)) - 78917b03-a842-488e-9e7c-f00b43f4ecc3@group-032DC0AA9B70: receive requestVote(PRE_VOTE, e4fa6cd0-dc30-4550-b12f-023a3466045b, group-032DC0AA9B70, 0, <PROTO_DEFAULT>)
2025-07-19 06:07:13,516 [grpc-default-executor-6] INFO  impl.VoteContext (VoteContext.java:log(49)) - 78917b03-a842-488e-9e7c-f00b43f4ecc3@group-032DC0AA9B70-FOLLOWER: accept PRE_VOTE from e4fa6cd0-dc30-4550-b12f-023a3466045b: our priority 0 <= candidate's priority 1
2025-07-19 06:07:13,517 [grpc-default-executor-6] INFO  server.RaftServer$Division (RaftServerImpl.java:requestVote(1455)) - 78917b03-a842-488e-9e7c-f00b43f4ecc3@group-032DC0AA9B70 replies to PRE_VOTE vote request: e4fa6cd0-dc30-4550-b12f-023a3466045b<-78917b03-a842-488e-9e7c-f00b43f4ecc3#0:OK-t0-last:<INITIAL_VALUE>. Peer's state: 78917b03-a842-488e-9e7c-f00b43f4ecc3@group-032DC0AA9B70:t0, leader=null, voted=, raftlog=Memoized:78917b03-a842-488e-9e7c-f00b43f4ecc3@group-032DC0AA9B70-SegmentedRaftLog:OPENED:c-1:lastnull, conf=conf: {index: -1, cur=peers:[78917b03-a842-488e-9e7c-f00b43f4ecc3|127.0.0.1:15063, e6deb990-2c6c-4f88-aa04-2e44b30659d5|127.0.0.1:15071, e4fa6cd0-dc30-4550-b12f-023a3466045b|127.0.0.1:15079]|listeners:[], old=null}
2025-07-19 06:07:13,517 [e4fa6cd0-dc30-4550-b12f-023a3466045b@group-032DC0AA9B70-LeaderElection16] INFO  impl.LeaderElection (LeaderElection.java:logAndReturn(206)) - e4fa6cd0-dc30-4550-b12f-023a3466045b@group-032DC0AA9B70-LeaderElection16: PRE_VOTE PASSED received 1 response(s) and 0 exception(s):
2025-07-19 06:07:13,519 [e4fa6cd0-dc30-4550-b12f-023a3466045b@group-032DC0AA9B70-LeaderElection16] INFO  impl.LeaderElection (LeaderElection.java:logAndReturn(210)) -   Response 0: e4fa6cd0-dc30-4550-b12f-023a3466045b<-e6deb990-2c6c-4f88-aa04-2e44b30659d5#0:OK-t0-last:<INITIAL_VALUE>
2025-07-19 06:07:13,519 [e4fa6cd0-dc30-4550-b12f-023a3466045b@group-032DC0AA9B70-LeaderElection16] INFO  impl.LeaderElection (LeaderElection.java:askForVotes(450)) - e4fa6cd0-dc30-4550-b12f-023a3466045b@group-032DC0AA9B70-LeaderElection16 PRE_VOTE round 0: result PASSED
2025-07-19 06:07:13,522 [e4fa6cd0-dc30-4550-b12f-023a3466045b@group-032DC0AA9B70-LeaderElection16] INFO  impl.LeaderElection (LeaderElection.java:askForVotes(448)) - e4fa6cd0-dc30-4550-b12f-023a3466045b@group-032DC0AA9B70-LeaderElection16 ELECTION round 0: submit vote requests at term 1 for conf: {index: -1, cur=peers:[78917b03-a842-488e-9e7c-f00b43f4ecc3|127.0.0.1:15063, e6deb990-2c6c-4f88-aa04-2e44b30659d5|127.0.0.1:15071, e4fa6cd0-dc30-4550-b12f-023a3466045b|127.0.0.1:15079]|listeners:[], old=null}
2025-07-19 06:07:13,535 [grpc-default-executor-6] INFO  server.RaftServer$Division (RaftServerImpl.java:requestVote(1421)) - 78917b03-a842-488e-9e7c-f00b43f4ecc3@group-032DC0AA9B70: receive requestVote(ELECTION, e4fa6cd0-dc30-4550-b12f-023a3466045b, group-032DC0AA9B70, 1, <PROTO_DEFAULT>)
2025-07-19 06:07:13,536 [grpc-default-executor-6] INFO  impl.VoteContext (VoteContext.java:log(49)) - 78917b03-a842-488e-9e7c-f00b43f4ecc3@group-032DC0AA9B70-FOLLOWER: accept ELECTION from e4fa6cd0-dc30-4550-b12f-023a3466045b: our priority 0 <= candidate's priority 1
2025-07-19 06:07:13,537 [grpc-default-executor-6] INFO  server.RaftServer$Division (RaftServerImpl.java:setRole(392)) - 78917b03-a842-488e-9e7c-f00b43f4ecc3@group-032DC0AA9B70: changes role from  FOLLOWER to FOLLOWER at term 0 for candidate:e4fa6cd0-dc30-4550-b12f-023a3466045b
2025-07-19 06:07:13,537 [grpc-default-executor-6] INFO  impl.RoleInfo (RoleInfo.java:shutdownFollowerState(121)) - 78917b03-a842-488e-9e7c-f00b43f4ecc3: shutdown 78917b03-a842-488e-9e7c-f00b43f4ecc3@group-032DC0AA9B70-FollowerState
2025-07-19 06:07:13,537 [grpc-default-executor-6] INFO  impl.RoleInfo (RoleInfo.java:updateAndGet(148)) - 78917b03-a842-488e-9e7c-f00b43f4ecc3: start 78917b03-a842-488e-9e7c-f00b43f4ecc3@group-032DC0AA9B70-FollowerState
2025-07-19 06:07:13,537 [78917b03-a842-488e-9e7c-f00b43f4ecc3@group-032DC0AA9B70-FollowerState] INFO  impl.FollowerState (FollowerState.java:runImpl(170)) - 78917b03-a842-488e-9e7c-f00b43f4ecc3@group-032DC0AA9B70-FollowerState was interrupted
2025-07-19 06:07:13,538 [grpc-default-executor-6] INFO  server.RaftServer$Division (RaftServerImpl.java:setFirstElection(576)) - 78917b03-a842-488e-9e7c-f00b43f4ecc3@group-032DC0AA9B70: set firstElectionSinceStartup to false for candidate:e4fa6cd0-dc30-4550-b12f-023a3466045b
2025-07-19 06:07:13,539 [grpc-default-executor-8] INFO  server.RaftServer$Division (RaftServerImpl.java:requestVote(1421)) - e6deb990-2c6c-4f88-aa04-2e44b30659d5@group-032DC0AA9B70: receive requestVote(ELECTION, e4fa6cd0-dc30-4550-b12f-023a3466045b, group-032DC0AA9B70, 1, <PROTO_DEFAULT>)
2025-07-19 06:07:13,539 [grpc-default-executor-8] INFO  impl.VoteContext (VoteContext.java:log(49)) - e6deb990-2c6c-4f88-aa04-2e44b30659d5@group-032DC0AA9B70-FOLLOWER: accept ELECTION from e4fa6cd0-dc30-4550-b12f-023a3466045b: our priority 0 <= candidate's priority 1
2025-07-19 06:07:13,539 [grpc-default-executor-8] INFO  server.RaftServer$Division (RaftServerImpl.java:setRole(392)) - e6deb990-2c6c-4f88-aa04-2e44b30659d5@group-032DC0AA9B70: changes role from  FOLLOWER to FOLLOWER at term 0 for candidate:e4fa6cd0-dc30-4550-b12f-023a3466045b
2025-07-19 06:07:13,539 [grpc-default-executor-8] INFO  impl.RoleInfo (RoleInfo.java:shutdownFollowerState(121)) - e6deb990-2c6c-4f88-aa04-2e44b30659d5: shutdown e6deb990-2c6c-4f88-aa04-2e44b30659d5@group-032DC0AA9B70-FollowerState
2025-07-19 06:07:13,540 [e6deb990-2c6c-4f88-aa04-2e44b30659d5@group-032DC0AA9B70-FollowerState] INFO  impl.FollowerState (FollowerState.java:runImpl(170)) - e6deb990-2c6c-4f88-aa04-2e44b30659d5@group-032DC0AA9B70-FollowerState was interrupted
2025-07-19 06:07:13,540 [grpc-default-executor-8] INFO  impl.RoleInfo (RoleInfo.java:updateAndGet(148)) - e6deb990-2c6c-4f88-aa04-2e44b30659d5: start e6deb990-2c6c-4f88-aa04-2e44b30659d5@group-032DC0AA9B70-FollowerState
2025-07-19 06:07:13,540 [grpc-default-executor-8] INFO  server.RaftServer$Division (RaftServerImpl.java:setFirstElection(576)) - e6deb990-2c6c-4f88-aa04-2e44b30659d5@group-032DC0AA9B70: set firstElectionSinceStartup to false for candidate:e4fa6cd0-dc30-4550-b12f-023a3466045b
2025-07-19 06:07:13,541 [grpc-default-executor-6] INFO  server.RaftServer$Division (RaftServerImpl.java:requestVote(1455)) - 78917b03-a842-488e-9e7c-f00b43f4ecc3@group-032DC0AA9B70 replies to ELECTION vote request: e4fa6cd0-dc30-4550-b12f-023a3466045b<-78917b03-a842-488e-9e7c-f00b43f4ecc3#0:OK-t1-last:<INITIAL_VALUE>. Peer's state: 78917b03-a842-488e-9e7c-f00b43f4ecc3@group-032DC0AA9B70:t1, leader=null, voted=e4fa6cd0-dc30-4550-b12f-023a3466045b, raftlog=Memoized:78917b03-a842-488e-9e7c-f00b43f4ecc3@group-032DC0AA9B70-SegmentedRaftLog:OPENED:c-1:lastnull, conf=conf: {index: -1, cur=peers:[78917b03-a842-488e-9e7c-f00b43f4ecc3|127.0.0.1:15063, e6deb990-2c6c-4f88-aa04-2e44b30659d5|127.0.0.1:15071, e4fa6cd0-dc30-4550-b12f-023a3466045b|127.0.0.1:15079]|listeners:[], old=null}
2025-07-19 06:07:13,543 [grpc-default-executor-8] INFO  server.RaftServer$Division (RaftServerImpl.java:requestVote(1455)) - e6deb990-2c6c-4f88-aa04-2e44b30659d5@group-032DC0AA9B70 replies to ELECTION vote request: e4fa6cd0-dc30-4550-b12f-023a3466045b<-e6deb990-2c6c-4f88-aa04-2e44b30659d5#0:OK-t1-last:<INITIAL_VALUE>. Peer's state: e6deb990-2c6c-4f88-aa04-2e44b30659d5@group-032DC0AA9B70:t1, leader=null, voted=e4fa6cd0-dc30-4550-b12f-023a3466045b, raftlog=Memoized:e6deb990-2c6c-4f88-aa04-2e44b30659d5@group-032DC0AA9B70-SegmentedRaftLog:OPENED:c-1:lastnull, conf=conf: {index: -1, cur=peers:[78917b03-a842-488e-9e7c-f00b43f4ecc3|127.0.0.1:15063, e6deb990-2c6c-4f88-aa04-2e44b30659d5|127.0.0.1:15071, e4fa6cd0-dc30-4550-b12f-023a3466045b|127.0.0.1:15079]|listeners:[], old=null}
2025-07-19 06:07:13,544 [e4fa6cd0-dc30-4550-b12f-023a3466045b@group-032DC0AA9B70-LeaderElection16] INFO  impl.LeaderElection (LeaderElection.java:logAndReturn(206)) - e4fa6cd0-dc30-4550-b12f-023a3466045b@group-032DC0AA9B70-LeaderElection16: ELECTION PASSED received 1 response(s) and 0 exception(s):
2025-07-19 06:07:13,544 [e4fa6cd0-dc30-4550-b12f-023a3466045b@group-032DC0AA9B70-LeaderElection16] INFO  impl.LeaderElection (LeaderElection.java:logAndReturn(210)) -   Response 0: e4fa6cd0-dc30-4550-b12f-023a3466045b<-78917b03-a842-488e-9e7c-f00b43f4ecc3#0:OK-t1-last:<INITIAL_VALUE>
2025-07-19 06:07:13,544 [e4fa6cd0-dc30-4550-b12f-023a3466045b@group-032DC0AA9B70-LeaderElection16] INFO  impl.LeaderElection (LeaderElection.java:askForVotes(450)) - e4fa6cd0-dc30-4550-b12f-023a3466045b@group-032DC0AA9B70-LeaderElection16 ELECTION round 0: result PASSED
2025-07-19 06:07:13,544 [e4fa6cd0-dc30-4550-b12f-023a3466045b@group-032DC0AA9B70-LeaderElection16] INFO  impl.RoleInfo (RoleInfo.java:shutdownLeaderElection(141)) - e4fa6cd0-dc30-4550-b12f-023a3466045b: shutdown e4fa6cd0-dc30-4550-b12f-023a3466045b@group-032DC0AA9B70-LeaderElection16
2025-07-19 06:07:13,544 [e4fa6cd0-dc30-4550-b12f-023a3466045b@group-032DC0AA9B70-LeaderElection16] INFO  server.RaftServer$Division (RaftServerImpl.java:setRole(392)) - e4fa6cd0-dc30-4550-b12f-023a3466045b@group-032DC0AA9B70: changes role from CANDIDATE to LEADER at term 1 for changeToLeader
2025-07-19 06:07:13,544 [e4fa6cd0-dc30-4550-b12f-023a3466045b@group-032DC0AA9B70-LeaderElection16] INFO  server.RaftServerConfigKeys (ConfUtils.java:logFallback(69)) - raft.server.staging.timeout = 15600ms (fallback to raft.server.rpc.timeout.max)
2025-07-19 06:07:13,545 [e4fa6cd0-dc30-4550-b12f-023a3466045b@group-032DC0AA9B70-LeaderElection16] INFO  server.RaftServerConfigKeys (ConfUtils.java:logGet(62)) - raft.server.write.byte-limit = 1024 M (=1073741824) (custom)
2025-07-19 06:07:13,547 [e4fa6cd0-dc30-4550-b12f-023a3466045b@group-032DC0AA9B70-LeaderElection16] INFO  server.RaftServerConfigKeys (ConfUtils.java:logGet(62)) - raft.server.log.appender.buffer.byte-limit = 33554432 (custom)
2025-07-19 06:07:13,549 [e4fa6cd0-dc30-4550-b12f-023a3466045b@group-032DC0AA9B70-LeaderElection16] INFO  server.RaftServerConfigKeys (ConfUtils.java:logGet(62)) - raft.server.log.appender.buffer.byte-limit = 33554432 (custom)
2025-07-19 06:07:13,550 [e4fa6cd0-dc30-4550-b12f-023a3466045b@group-032DC0AA9B70-LeaderElection16] INFO  impl.RoleInfo (RoleInfo.java:updateAndGet(148)) - e4fa6cd0-dc30-4550-b12f-023a3466045b: start e4fa6cd0-dc30-4550-b12f-023a3466045b@group-032DC0AA9B70-LeaderStateImpl
2025-07-19 06:07:13,550 [e4fa6cd0-dc30-4550-b12f-023a3466045b@group-032DC0AA9B70-LeaderElection16] INFO  server.RaftServer$Division (RaftServerImpl.java:setFirstElection(576)) - e4fa6cd0-dc30-4550-b12f-023a3466045b@group-032DC0AA9B70: set firstElectionSinceStartup to false for becomeLeader
2025-07-19 06:07:13,550 [e4fa6cd0-dc30-4550-b12f-023a3466045b@group-032DC0AA9B70-LeaderElection16] INFO  ratis.XceiverServerRatis (XceiverServerRatis.java:handleLeaderChangedNotification(944)) - Leader change notification received for group: group-032DC0AA9B70 with new leaderId: e4fa6cd0-dc30-4550-b12f-023a3466045b
2025-07-19 06:07:13,550 [e4fa6cd0-dc30-4550-b12f-023a3466045b@group-032DC0AA9B70-LeaderElection16] INFO  server.RaftServer$Division (ServerState.java:setLeader(272)) - e4fa6cd0-dc30-4550-b12f-023a3466045b@group-032DC0AA9B70: change Leader from null to e4fa6cd0-dc30-4550-b12f-023a3466045b at term 1 for becomeLeader, leader elected after 1087ms
2025-07-19 06:07:13,550 [e4fa6cd0-dc30-4550-b12f-023a3466045b@group-032DC0AA9B70-LeaderElection16] INFO  segmented.SegmentedRaftLogWorker (SegmentedRaftLogWorker.java:startLogSegment(440)) - e4fa6cd0-dc30-4550-b12f-023a3466045b@group-032DC0AA9B70-SegmentedRaftLogWorker: Starting segment from index:0
2025-07-19 06:07:13,551 [e4fa6cd0-dc30-4550-b12f-023a3466045b@group-032DC0AA9B70-LeaderElection16] INFO  server.RaftServer$Division (ServerState.java:setRaftConf(386)) - e4fa6cd0-dc30-4550-b12f-023a3466045b@group-032DC0AA9B70: set configuration conf: {index: 0, cur=peers:[78917b03-a842-488e-9e7c-f00b43f4ecc3|127.0.0.1:15063, e6deb990-2c6c-4f88-aa04-2e44b30659d5|127.0.0.1:15071, e4fa6cd0-dc30-4550-b12f-023a3466045b|127.0.0.1:15079]|listeners:[], old=null}
2025-07-19 06:07:13,551 [e4fa6cd0-dc30-4550-b12f-023a3466045b@group-032DC0AA9B70-SegmentedRaftLogWorker] INFO  segmented.BufferedWriteChannel (BufferedWriteChannel.java:open(61)) - open log_inprogress_0 at position 0
2025-07-19 06:07:13,559 [EventQueue-PipelineReportForPipelineReportHandler] INFO  pipeline.PipelineReportHandler (PipelineReportHandler.java:processPipelineReport(134)) - Opened pipeline Pipeline-d382207d-4198-4d69-b4f6-032dc0aa9b70
2025-07-19 06:07:13,560 [grpc-default-executor-6] INFO  ratis.XceiverServerRatis (XceiverServerRatis.java:handleLeaderChangedNotification(944)) - Leader change notification received for group: group-032DC0AA9B70 with new leaderId: e4fa6cd0-dc30-4550-b12f-023a3466045b
2025-07-19 06:07:13,560 [grpc-default-executor-6] INFO  server.RaftServer$Division (ServerState.java:setLeader(272)) - e6deb990-2c6c-4f88-aa04-2e44b30659d5@group-032DC0AA9B70: change Leader from null to e4fa6cd0-dc30-4550-b12f-023a3466045b at term 1 for appendEntries, leader elected after 1038ms
2025-07-19 06:07:13,560 [grpc-default-executor-6] INFO  server.RaftServer$Division (ServerState.java:setRaftConf(386)) - e6deb990-2c6c-4f88-aa04-2e44b30659d5@group-032DC0AA9B70: set configuration conf: {index: 0, cur=peers:[78917b03-a842-488e-9e7c-f00b43f4ecc3|127.0.0.1:15063, e6deb990-2c6c-4f88-aa04-2e44b30659d5|127.0.0.1:15071, e4fa6cd0-dc30-4550-b12f-023a3466045b|127.0.0.1:15079]|listeners:[], old=null}
2025-07-19 06:07:13,561 [grpc-default-executor-6] INFO  segmented.SegmentedRaftLogWorker (SegmentedRaftLogWorker.java:startLogSegment(440)) - e6deb990-2c6c-4f88-aa04-2e44b30659d5@group-032DC0AA9B70-SegmentedRaftLogWorker: Starting segment from index:0
2025-07-19 06:07:13,561 [e6deb990-2c6c-4f88-aa04-2e44b30659d5@group-032DC0AA9B70-SegmentedRaftLogWorker] INFO  segmented.BufferedWriteChannel (BufferedWriteChannel.java:open(61)) - open log_inprogress_0 at position 0
2025-07-19 06:07:13,562 [e4fa6cd0-dc30-4550-b12f-023a3466045b@group-032DC0AA9B70-SegmentedRaftLogWorker] INFO  segmented.SegmentedRaftLogWorker (SegmentedRaftLogWorker.java:execute(647)) - e4fa6cd0-dc30-4550-b12f-023a3466045b@group-032DC0AA9B70-SegmentedRaftLogWorker: created new log segment /home/runner/work/ozone/ozone/hadoop-ozone/integration-test/target/test-dir/MiniOzoneClusterImpl-09c4c6e1-5ab0-4195-ac7b-5aec6defaa36/ozone-meta/datanode-9/ratis/d382207d-4198-4d69-b4f6-032dc0aa9b70/current/log_inprogress_0
2025-07-19 06:07:13,564 [grpc-default-executor-2] INFO  ratis.XceiverServerRatis (XceiverServerRatis.java:handleLeaderChangedNotification(944)) - Leader change notification received for group: group-032DC0AA9B70 with new leaderId: e4fa6cd0-dc30-4550-b12f-023a3466045b
2025-07-19 06:07:13,564 [grpc-default-executor-2] INFO  server.RaftServer$Division (ServerState.java:setLeader(272)) - 78917b03-a842-488e-9e7c-f00b43f4ecc3@group-032DC0AA9B70: change Leader from null to e4fa6cd0-dc30-4550-b12f-023a3466045b at term 1 for appendEntries, leader elected after 1132ms
2025-07-19 06:07:13,564 [grpc-default-executor-2] INFO  server.RaftServer$Division (ServerState.java:setRaftConf(386)) - 78917b03-a842-488e-9e7c-f00b43f4ecc3@group-032DC0AA9B70: set configuration conf: {index: 0, cur=peers:[78917b03-a842-488e-9e7c-f00b43f4ecc3|127.0.0.1:15063, e6deb990-2c6c-4f88-aa04-2e44b30659d5|127.0.0.1:15071, e4fa6cd0-dc30-4550-b12f-023a3466045b|127.0.0.1:15079]|listeners:[], old=null}
2025-07-19 06:07:13,565 [grpc-default-executor-2] INFO  segmented.SegmentedRaftLogWorker (SegmentedRaftLogWorker.java:startLogSegment(440)) - 78917b03-a842-488e-9e7c-f00b43f4ecc3@group-032DC0AA9B70-SegmentedRaftLogWorker: Starting segment from index:0
2025-07-19 06:07:13,565 [78917b03-a842-488e-9e7c-f00b43f4ecc3@group-032DC0AA9B70-SegmentedRaftLogWorker] INFO  segmented.BufferedWriteChannel (BufferedWriteChannel.java:open(61)) - open log_inprogress_0 at position 0
2025-07-19 06:07:13,572 [e6deb990-2c6c-4f88-aa04-2e44b30659d5@group-032DC0AA9B70-SegmentedRaftLogWorker] INFO  segmented.SegmentedRaftLogWorker (SegmentedRaftLogWorker.java:execute(647)) - e6deb990-2c6c-4f88-aa04-2e44b30659d5@group-032DC0AA9B70-SegmentedRaftLogWorker: created new log segment /home/runner/work/ozone/ozone/hadoop-ozone/integration-test/target/test-dir/MiniOzoneClusterImpl-09c4c6e1-5ab0-4195-ac7b-5aec6defaa36/ozone-meta/datanode-8/ratis/d382207d-4198-4d69-b4f6-032dc0aa9b70/current/log_inprogress_0
2025-07-19 06:07:13,574 [78917b03-a842-488e-9e7c-f00b43f4ecc3@group-032DC0AA9B70-SegmentedRaftLogWorker] INFO  segmented.SegmentedRaftLogWorker (SegmentedRaftLogWorker.java:execute(647)) - 78917b03-a842-488e-9e7c-f00b43f4ecc3@group-032DC0AA9B70-SegmentedRaftLogWorker: created new log segment /home/runner/work/ozone/ozone/hadoop-ozone/integration-test/target/test-dir/MiniOzoneClusterImpl-09c4c6e1-5ab0-4195-ac7b-5aec6defaa36/ozone-meta/datanode-7/ratis/d382207d-4198-4d69-b4f6-032dc0aa9b70/current/log_inprogress_0
2025-07-19 06:07:13,579 [e4fa6cd0-dc30-4550-b12f-023a3466045b@group-032DC0AA9B70-StateMachineUpdater] INFO  server.RaftServer$Division (LeaderStateImpl.java:checkStartIndex(309)) - Leader e4fa6cd0-dc30-4550-b12f-023a3466045b@group-032DC0AA9B70-LeaderStateImpl is ready since appliedIndex == startIndex == 0
2025-07-19 06:07:13,579 [e4fa6cd0-dc30-4550-b12f-023a3466045b@group-032DC0AA9B70-StateMachineUpdater] INFO  ratis.ContainerStateMachine (ContainerStateMachine.java:takeSnapshot(427)) - group-032DC0AA9B70: Taking a snapshot at:(t:1, i:0) file /home/runner/work/ozone/ozone/hadoop-ozone/integration-test/target/test-dir/MiniOzoneClusterImpl-09c4c6e1-5ab0-4195-ac7b-5aec6defaa36/ozone-meta/datanode-9/ratis/d382207d-4198-4d69-b4f6-032dc0aa9b70/sm/snapshot.1_0
2025-07-19 06:07:13,580 [e4fa6cd0-dc30-4550-b12f-023a3466045b@group-032DC0AA9B70-StateMachineUpdater] INFO  ratis.ContainerStateMachine (ContainerStateMachine.java:takeSnapshot(436)) - group-032DC0AA9B70: Finished taking a snapshot at:(t:1, i:0) file:/home/runner/work/ozone/ozone/hadoop-ozone/integration-test/target/test-dir/MiniOzoneClusterImpl-09c4c6e1-5ab0-4195-ac7b-5aec6defaa36/ozone-meta/datanode-9/ratis/d382207d-4198-4d69-b4f6-032dc0aa9b70/sm/snapshot.1_0 took: 1 ms
2025-07-19 06:07:13,580 [e4fa6cd0-dc30-4550-b12f-023a3466045b@group-032DC0AA9B70-StateMachineUpdater] INFO  impl.StateMachineUpdater (StateMachineUpdater.java:takeSnapshot(307)) - e4fa6cd0-dc30-4550-b12f-023a3466045b@group-032DC0AA9B70-StateMachineUpdater: Took a snapshot at index 0
2025-07-19 06:07:13,580 [e4fa6cd0-dc30-4550-b12f-023a3466045b@group-032DC0AA9B70-StateMachineUpdater] INFO  impl.StateMachineUpdater (StateMachineUpdater.java:lambda$new$0(101)) - e4fa6cd0-dc30-4550-b12f-023a3466045b@group-032DC0AA9B70-StateMachineUpdater: snapshotIndex: updateIncreasingly -1 -> 0
2025-07-19 06:07:13,580 [e80b39d0-2325-4ff7-b450-1b10ae88e746@group-51802BB6A696-StateMachineUpdater] INFO  ratis.ContainerStateMachine (ContainerStateMachine.java:takeSnapshot(427)) - group-51802BB6A696: Taking a snapshot at:(t:1, i:0) file /home/runner/work/ozone/ozone/hadoop-ozone/integration-test/target/test-dir/MiniOzoneClusterImpl-09c4c6e1-5ab0-4195-ac7b-5aec6defaa36/ozone-meta/datanode-6/ratis/b943f0fb-0579-4ec7-8f9b-51802bb6a696/sm/snapshot.1_0
2025-07-19 06:07:13,583 [cfedd3f1-5d02-4847-a363-6f2972b00a97@group-51802BB6A696-StateMachineUpdater] INFO  ratis.ContainerStateMachine (ContainerStateMachine.java:takeSnapshot(427)) - group-51802BB6A696: Taking a snapshot at:(t:1, i:0) file /home/runner/work/ozone/ozone/hadoop-ozone/integration-test/target/test-dir/MiniOzoneClusterImpl-09c4c6e1-5ab0-4195-ac7b-5aec6defaa36/ozone-meta/datanode-4/ratis/b943f0fb-0579-4ec7-8f9b-51802bb6a696/sm/snapshot.1_0
2025-07-19 06:07:13,585 [e80b39d0-2325-4ff7-b450-1b10ae88e746@group-51802BB6A696-StateMachineUpdater] INFO  ratis.ContainerStateMachine (ContainerStateMachine.java:takeSnapshot(436)) - group-51802BB6A696: Finished taking a snapshot at:(t:1, i:0) file:/home/runner/work/ozone/ozone/hadoop-ozone/integration-test/target/test-dir/MiniOzoneClusterImpl-09c4c6e1-5ab0-4195-ac7b-5aec6defaa36/ozone-meta/datanode-6/ratis/b943f0fb-0579-4ec7-8f9b-51802bb6a696/sm/snapshot.1_0 took: 4 ms
2025-07-19 06:07:13,585 [cfedd3f1-5d02-4847-a363-6f2972b00a97@group-51802BB6A696-StateMachineUpdater] INFO  ratis.ContainerStateMachine (ContainerStateMachine.java:takeSnapshot(436)) - group-51802BB6A696: Finished taking a snapshot at:(t:1, i:0) file:/home/runner/work/ozone/ozone/hadoop-ozone/integration-test/target/test-dir/MiniOzoneClusterImpl-09c4c6e1-5ab0-4195-ac7b-5aec6defaa36/ozone-meta/datanode-4/ratis/b943f0fb-0579-4ec7-8f9b-51802bb6a696/sm/snapshot.1_0 took: 3 ms
2025-07-19 06:07:13,586 [cfedd3f1-5d02-4847-a363-6f2972b00a97@group-51802BB6A696-StateMachineUpdater] INFO  impl.StateMachineUpdater (StateMachineUpdater.java:takeSnapshot(307)) - cfedd3f1-5d02-4847-a363-6f2972b00a97@group-51802BB6A696-StateMachineUpdater: Took a snapshot at index 0
2025-07-19 06:07:13,586 [e80b39d0-2325-4ff7-b450-1b10ae88e746@group-51802BB6A696-StateMachineUpdater] INFO  impl.StateMachineUpdater (StateMachineUpdater.java:takeSnapshot(307)) - e80b39d0-2325-4ff7-b450-1b10ae88e746@group-51802BB6A696-StateMachineUpdater: Took a snapshot at index 0
2025-07-19 06:07:13,587 [e80b39d0-2325-4ff7-b450-1b10ae88e746@group-51802BB6A696-StateMachineUpdater] INFO  impl.StateMachineUpdater (StateMachineUpdater.java:lambda$new$0(101)) - e80b39d0-2325-4ff7-b450-1b10ae88e746@group-51802BB6A696-StateMachineUpdater: snapshotIndex: updateIncreasingly -1 -> 0
2025-07-19 06:07:13,587 [cfedd3f1-5d02-4847-a363-6f2972b00a97@group-51802BB6A696-StateMachineUpdater] INFO  impl.StateMachineUpdater (StateMachineUpdater.java:lambda$new$0(101)) - cfedd3f1-5d02-4847-a363-6f2972b00a97@group-51802BB6A696-StateMachineUpdater: snapshotIndex: updateIncreasingly -1 -> 0
2025-07-19 06:07:13,596 [d1f2401f-ce3c-4cd7-b613-e85afa8c39c7@group-51802BB6A696-StateMachineUpdater] INFO  ratis.ContainerStateMachine (ContainerStateMachine.java:takeSnapshot(427)) - group-51802BB6A696: Taking a snapshot at:(t:1, i:1) file /home/runner/work/ozone/ozone/hadoop-ozone/integration-test/target/test-dir/MiniOzoneClusterImpl-09c4c6e1-5ab0-4195-ac7b-5aec6defaa36/ozone-meta/datanode-5/ratis/b943f0fb-0579-4ec7-8f9b-51802bb6a696/sm/snapshot.1_1
2025-07-19 06:07:13,597 [d1f2401f-ce3c-4cd7-b613-e85afa8c39c7@group-51802BB6A696-StateMachineUpdater] INFO  ratis.ContainerStateMachine (ContainerStateMachine.java:takeSnapshot(436)) - group-51802BB6A696: Finished taking a snapshot at:(t:1, i:1) file:/home/runner/work/ozone/ozone/hadoop-ozone/integration-test/target/test-dir/MiniOzoneClusterImpl-09c4c6e1-5ab0-4195-ac7b-5aec6defaa36/ozone-meta/datanode-5/ratis/b943f0fb-0579-4ec7-8f9b-51802bb6a696/sm/snapshot.1_1 took: 1 ms
2025-07-19 06:07:13,597 [d1f2401f-ce3c-4cd7-b613-e85afa8c39c7@group-51802BB6A696-StateMachineUpdater] INFO  impl.StateMachineUpdater (StateMachineUpdater.java:takeSnapshot(307)) - d1f2401f-ce3c-4cd7-b613-e85afa8c39c7@group-51802BB6A696-StateMachineUpdater: Took a snapshot at index 1
2025-07-19 06:07:13,597 [d1f2401f-ce3c-4cd7-b613-e85afa8c39c7@group-51802BB6A696-StateMachineUpdater] INFO  impl.StateMachineUpdater (StateMachineUpdater.java:lambda$new$0(101)) - d1f2401f-ce3c-4cd7-b613-e85afa8c39c7@group-51802BB6A696-StateMachineUpdater: snapshotIndex: updateIncreasingly 0 -> 1
2025-07-19 06:07:13,607 [e80b39d0-2325-4ff7-b450-1b10ae88e746@group-51802BB6A696-StateMachineUpdater] INFO  ratis.ContainerStateMachine (ContainerStateMachine.java:takeSnapshot(427)) - group-51802BB6A696: Taking a snapshot at:(t:1, i:1) file /home/runner/work/ozone/ozone/hadoop-ozone/integration-test/target/test-dir/MiniOzoneClusterImpl-09c4c6e1-5ab0-4195-ac7b-5aec6defaa36/ozone-meta/datanode-6/ratis/b943f0fb-0579-4ec7-8f9b-51802bb6a696/sm/snapshot.1_1
2025-07-19 06:07:13,607 [cfedd3f1-5d02-4847-a363-6f2972b00a97@group-51802BB6A696-StateMachineUpdater] INFO  ratis.ContainerStateMachine (ContainerStateMachine.java:takeSnapshot(427)) - group-51802BB6A696: Taking a snapshot at:(t:1, i:2) file /home/runner/work/ozone/ozone/hadoop-ozone/integration-test/target/test-dir/MiniOzoneClusterImpl-09c4c6e1-5ab0-4195-ac7b-5aec6defaa36/ozone-meta/datanode-4/ratis/b943f0fb-0579-4ec7-8f9b-51802bb6a696/sm/snapshot.1_2
2025-07-19 06:07:13,610 [e80b39d0-2325-4ff7-b450-1b10ae88e746@group-51802BB6A696-StateMachineUpdater] INFO  ratis.ContainerStateMachine (ContainerStateMachine.java:takeSnapshot(436)) - group-51802BB6A696: Finished taking a snapshot at:(t:1, i:1) file:/home/runner/work/ozone/ozone/hadoop-ozone/integration-test/target/test-dir/MiniOzoneClusterImpl-09c4c6e1-5ab0-4195-ac7b-5aec6defaa36/ozone-meta/datanode-6/ratis/b943f0fb-0579-4ec7-8f9b-51802bb6a696/sm/snapshot.1_1 took: 4 ms
2025-07-19 06:07:13,611 [e80b39d0-2325-4ff7-b450-1b10ae88e746@group-51802BB6A696-StateMachineUpdater] INFO  impl.StateMachineUpdater (StateMachineUpdater.java:takeSnapshot(307)) - e80b39d0-2325-4ff7-b450-1b10ae88e746@group-51802BB6A696-StateMachineUpdater: Took a snapshot at index 1
2025-07-19 06:07:13,611 [e80b39d0-2325-4ff7-b450-1b10ae88e746@group-51802BB6A696-StateMachineUpdater] INFO  impl.StateMachineUpdater (StateMachineUpdater.java:lambda$new$0(101)) - e80b39d0-2325-4ff7-b450-1b10ae88e746@group-51802BB6A696-StateMachineUpdater: snapshotIndex: updateIncreasingly 0 -> 1
2025-07-19 06:07:13,611 [cfedd3f1-5d02-4847-a363-6f2972b00a97@group-51802BB6A696-StateMachineUpdater] INFO  ratis.ContainerStateMachine (ContainerStateMachine.java:takeSnapshot(436)) - group-51802BB6A696: Finished taking a snapshot at:(t:1, i:2) file:/home/runner/work/ozone/ozone/hadoop-ozone/integration-test/target/test-dir/MiniOzoneClusterImpl-09c4c6e1-5ab0-4195-ac7b-5aec6defaa36/ozone-meta/datanode-4/ratis/b943f0fb-0579-4ec7-8f9b-51802bb6a696/sm/snapshot.1_2 took: 5 ms
2025-07-19 06:07:13,612 [cfedd3f1-5d02-4847-a363-6f2972b00a97@group-51802BB6A696-StateMachineUpdater] INFO  impl.StateMachineUpdater (StateMachineUpdater.java:takeSnapshot(307)) - cfedd3f1-5d02-4847-a363-6f2972b00a97@group-51802BB6A696-StateMachineUpdater: Took a snapshot at index 2
2025-07-19 06:07:13,612 [cfedd3f1-5d02-4847-a363-6f2972b00a97@group-51802BB6A696-StateMachineUpdater] INFO  impl.StateMachineUpdater (StateMachineUpdater.java:lambda$new$0(101)) - cfedd3f1-5d02-4847-a363-6f2972b00a97@group-51802BB6A696-StateMachineUpdater: snapshotIndex: updateIncreasingly 0 -> 2
2025-07-19 06:07:13,684 [78917b03-a842-488e-9e7c-f00b43f4ecc3@group-FB10F0A93659-FollowerState] INFO  impl.FollowerState (FollowerState.java:runImpl(161)) - 78917b03-a842-488e-9e7c-f00b43f4ecc3@group-FB10F0A93659-FollowerState: change to CANDIDATE, lastRpcElapsedTime:1030527603ns, electionTimeout:1030ms
2025-07-19 06:07:13,684 [78917b03-a842-488e-9e7c-f00b43f4ecc3@group-FB10F0A93659-FollowerState] INFO  impl.RoleInfo (RoleInfo.java:shutdownFollowerState(121)) - 78917b03-a842-488e-9e7c-f00b43f4ecc3: shutdown 78917b03-a842-488e-9e7c-f00b43f4ecc3@group-FB10F0A93659-FollowerState
2025-07-19 06:07:13,684 [78917b03-a842-488e-9e7c-f00b43f4ecc3@group-FB10F0A93659-FollowerState] INFO  server.RaftServer$Division (RaftServerImpl.java:setRole(392)) - 78917b03-a842-488e-9e7c-f00b43f4ecc3@group-FB10F0A93659: changes role from  FOLLOWER to CANDIDATE at term 0 for changeToCandidate
2025-07-19 06:07:13,684 [78917b03-a842-488e-9e7c-f00b43f4ecc3@group-FB10F0A93659-FollowerState] INFO  impl.RoleInfo (RoleInfo.java:updateAndGet(148)) - 78917b03-a842-488e-9e7c-f00b43f4ecc3: start 78917b03-a842-488e-9e7c-f00b43f4ecc3@group-FB10F0A93659-LeaderElection17
2025-07-19 06:07:13,684 [78917b03-a842-488e-9e7c-f00b43f4ecc3@group-FB10F0A93659-LeaderElection17] INFO  impl.LeaderElection (LeaderElection.java:askForVotes(448)) - 78917b03-a842-488e-9e7c-f00b43f4ecc3@group-FB10F0A93659-LeaderElection17 PRE_VOTE round 0: submit vote requests at term 0 for conf: {index: -1, cur=peers:[e6deb990-2c6c-4f88-aa04-2e44b30659d5|127.0.0.1:15071, 78917b03-a842-488e-9e7c-f00b43f4ecc3|127.0.0.1:15063, e4fa6cd0-dc30-4550-b12f-023a3466045b|127.0.0.1:15079]|listeners:[], old=null}
2025-07-19 06:07:13,685 [78917b03-a842-488e-9e7c-f00b43f4ecc3@group-FB10F0A93659-LeaderElection17-1] INFO  server.GrpcServerProtocolClient (GrpcServerProtocolClient.java:<init>(65)) - Build channel for e6deb990-2c6c-4f88-aa04-2e44b30659d5|127.0.0.1:15071
2025-07-19 06:07:13,685 [78917b03-a842-488e-9e7c-f00b43f4ecc3@group-FB10F0A93659-LeaderElection17-2] INFO  server.GrpcServerProtocolClient (GrpcServerProtocolClient.java:<init>(65)) - Build channel for e4fa6cd0-dc30-4550-b12f-023a3466045b|127.0.0.1:15079
2025-07-19 06:07:13,689 [grpc-default-executor-4] INFO  server.RaftServer$Division (RaftServerImpl.java:requestVote(1421)) - e6deb990-2c6c-4f88-aa04-2e44b30659d5@group-FB10F0A93659: receive requestVote(PRE_VOTE, 78917b03-a842-488e-9e7c-f00b43f4ecc3, group-FB10F0A93659, 0, <PROTO_DEFAULT>)
2025-07-19 06:07:13,689 [grpc-default-executor-2] INFO  server.RaftServer$Division (RaftServerImpl.java:requestVote(1421)) - e4fa6cd0-dc30-4550-b12f-023a3466045b@group-FB10F0A93659: receive requestVote(PRE_VOTE, 78917b03-a842-488e-9e7c-f00b43f4ecc3, group-FB10F0A93659, 0, <PROTO_DEFAULT>)
2025-07-19 06:07:13,689 [grpc-default-executor-4] INFO  impl.VoteContext (VoteContext.java:log(49)) - e6deb990-2c6c-4f88-aa04-2e44b30659d5@group-FB10F0A93659-FOLLOWER: reject PRE_VOTE from 78917b03-a842-488e-9e7c-f00b43f4ecc3: our priority 1 > candidate's priority 0
2025-07-19 06:07:13,689 [grpc-default-executor-2] INFO  impl.VoteContext (VoteContext.java:log(49)) - e4fa6cd0-dc30-4550-b12f-023a3466045b@group-FB10F0A93659-FOLLOWER: accept PRE_VOTE from 78917b03-a842-488e-9e7c-f00b43f4ecc3: our priority 0 <= candidate's priority 0
2025-07-19 06:07:13,689 [grpc-default-executor-4] INFO  server.RaftServer$Division (RaftServerImpl.java:requestVote(1455)) - e6deb990-2c6c-4f88-aa04-2e44b30659d5@group-FB10F0A93659 replies to PRE_VOTE vote request: 78917b03-a842-488e-9e7c-f00b43f4ecc3<-e6deb990-2c6c-4f88-aa04-2e44b30659d5#0:FAIL-t0-last:<INITIAL_VALUE>. Peer's state: e6deb990-2c6c-4f88-aa04-2e44b30659d5@group-FB10F0A93659:t0, leader=null, voted=, raftlog=Memoized:e6deb990-2c6c-4f88-aa04-2e44b30659d5@group-FB10F0A93659-SegmentedRaftLog:OPENED:c-1:lastnull, conf=conf: {index: -1, cur=peers:[e6deb990-2c6c-4f88-aa04-2e44b30659d5|127.0.0.1:15071, 78917b03-a842-488e-9e7c-f00b43f4ecc3|127.0.0.1:15063, e4fa6cd0-dc30-4550-b12f-023a3466045b|127.0.0.1:15079]|listeners:[], old=null}
2025-07-19 06:07:13,690 [grpc-default-executor-2] INFO  server.RaftServer$Division (RaftServerImpl.java:requestVote(1455)) - e4fa6cd0-dc30-4550-b12f-023a3466045b@group-FB10F0A93659 replies to PRE_VOTE vote request: 78917b03-a842-488e-9e7c-f00b43f4ecc3<-e4fa6cd0-dc30-4550-b12f-023a3466045b#0:OK-t0-last:<INITIAL_VALUE>. Peer's state: e4fa6cd0-dc30-4550-b12f-023a3466045b@group-FB10F0A93659:t0, leader=null, voted=, raftlog=Memoized:e4fa6cd0-dc30-4550-b12f-023a3466045b@group-FB10F0A93659-SegmentedRaftLog:OPENED:c-1:lastnull, conf=conf: {index: -1, cur=peers:[e6deb990-2c6c-4f88-aa04-2e44b30659d5|127.0.0.1:15071, 78917b03-a842-488e-9e7c-f00b43f4ecc3|127.0.0.1:15063, e4fa6cd0-dc30-4550-b12f-023a3466045b|127.0.0.1:15079]|listeners:[], old=null}
2025-07-19 06:07:13,691 [78917b03-a842-488e-9e7c-f00b43f4ecc3@group-FB10F0A93659-LeaderElection17] INFO  impl.LeaderElection (LeaderElection.java:logAndReturn(206)) - 78917b03-a842-488e-9e7c-f00b43f4ecc3@group-FB10F0A93659-LeaderElection17: PRE_VOTE REJECTED received 1 response(s) and 0 exception(s):
2025-07-19 06:07:13,692 [78917b03-a842-488e-9e7c-f00b43f4ecc3@group-FB10F0A93659-LeaderElection17] INFO  impl.LeaderElection (LeaderElection.java:logAndReturn(210)) -   Response 0: 78917b03-a842-488e-9e7c-f00b43f4ecc3<-e6deb990-2c6c-4f88-aa04-2e44b30659d5#0:FAIL-t0-last:<INITIAL_VALUE>
2025-07-19 06:07:13,692 [78917b03-a842-488e-9e7c-f00b43f4ecc3@group-FB10F0A93659-LeaderElection17] INFO  impl.LeaderElection (LeaderElection.java:askForVotes(450)) - 78917b03-a842-488e-9e7c-f00b43f4ecc3@group-FB10F0A93659-LeaderElection17 PRE_VOTE round 0: result REJECTED
2025-07-19 06:07:13,692 [78917b03-a842-488e-9e7c-f00b43f4ecc3@group-FB10F0A93659-LeaderElection17] INFO  server.RaftServer$Division (RaftServerImpl.java:setRole(392)) - 78917b03-a842-488e-9e7c-f00b43f4ecc3@group-FB10F0A93659: changes role from CANDIDATE to FOLLOWER at term 0 for REJECTED
2025-07-19 06:07:13,692 [78917b03-a842-488e-9e7c-f00b43f4ecc3@group-FB10F0A93659-LeaderElection17] INFO  impl.RoleInfo (RoleInfo.java:shutdownLeaderElection(141)) - 78917b03-a842-488e-9e7c-f00b43f4ecc3: shutdown 78917b03-a842-488e-9e7c-f00b43f4ecc3@group-FB10F0A93659-LeaderElection17
2025-07-19 06:07:13,692 [78917b03-a842-488e-9e7c-f00b43f4ecc3@group-FB10F0A93659-LeaderElection17] INFO  impl.RoleInfo (RoleInfo.java:updateAndGet(148)) - 78917b03-a842-488e-9e7c-f00b43f4ecc3: start 78917b03-a842-488e-9e7c-f00b43f4ecc3@group-FB10F0A93659-FollowerState
2025-07-19 06:07:13,692 [78917b03-a842-488e-9e7c-f00b43f4ecc3@group-FB10F0A93659-LeaderElection17] INFO  server.RaftServer$Division (RaftServerImpl.java:setFirstElection(576)) - 78917b03-a842-488e-9e7c-f00b43f4ecc3@group-FB10F0A93659: set firstElectionSinceStartup to false for REJECTED
2025-07-19 06:07:13,833 [e6deb990-2c6c-4f88-aa04-2e44b30659d5@group-FB10F0A93659-FollowerState] INFO  impl.FollowerState (FollowerState.java:runImpl(161)) - e6deb990-2c6c-4f88-aa04-2e44b30659d5@group-FB10F0A93659-FollowerState: change to CANDIDATE, lastRpcElapsedTime:1023170576ns, electionTimeout:1019ms
2025-07-19 06:07:13,833 [e6deb990-2c6c-4f88-aa04-2e44b30659d5@group-FB10F0A93659-FollowerState] INFO  impl.RoleInfo (RoleInfo.java:shutdownFollowerState(121)) - e6deb990-2c6c-4f88-aa04-2e44b30659d5: shutdown e6deb990-2c6c-4f88-aa04-2e44b30659d5@group-FB10F0A93659-FollowerState
2025-07-19 06:07:13,833 [e6deb990-2c6c-4f88-aa04-2e44b30659d5@group-FB10F0A93659-FollowerState] INFO  server.RaftServer$Division (RaftServerImpl.java:setRole(392)) - e6deb990-2c6c-4f88-aa04-2e44b30659d5@group-FB10F0A93659: changes role from  FOLLOWER to CANDIDATE at term 0 for changeToCandidate
2025-07-19 06:07:13,833 [e6deb990-2c6c-4f88-aa04-2e44b30659d5@group-FB10F0A93659-FollowerState] INFO  impl.RoleInfo (RoleInfo.java:updateAndGet(148)) - e6deb990-2c6c-4f88-aa04-2e44b30659d5: start e6deb990-2c6c-4f88-aa04-2e44b30659d5@group-FB10F0A93659-LeaderElection18
2025-07-19 06:07:13,834 [e6deb990-2c6c-4f88-aa04-2e44b30659d5@group-FB10F0A93659-LeaderElection18] INFO  impl.LeaderElection (LeaderElection.java:askForVotes(448)) - e6deb990-2c6c-4f88-aa04-2e44b30659d5@group-FB10F0A93659-LeaderElection18 PRE_VOTE round 0: submit vote requests at term 0 for conf: {index: -1, cur=peers:[e6deb990-2c6c-4f88-aa04-2e44b30659d5|127.0.0.1:15071, 78917b03-a842-488e-9e7c-f00b43f4ecc3|127.0.0.1:15063, e4fa6cd0-dc30-4550-b12f-023a3466045b|127.0.0.1:15079]|listeners:[], old=null}
2025-07-19 06:07:13,834 [e6deb990-2c6c-4f88-aa04-2e44b30659d5@group-FB10F0A93659-LeaderElection18-1] INFO  server.GrpcServerProtocolClient (GrpcServerProtocolClient.java:<init>(65)) - Build channel for 78917b03-a842-488e-9e7c-f00b43f4ecc3|127.0.0.1:15063
2025-07-19 06:07:13,835 [e6deb990-2c6c-4f88-aa04-2e44b30659d5@group-FB10F0A93659-LeaderElection18-2] INFO  server.GrpcServerProtocolClient (GrpcServerProtocolClient.java:<init>(65)) - Build channel for e4fa6cd0-dc30-4550-b12f-023a3466045b|127.0.0.1:15079
2025-07-19 06:07:13,841 [grpc-default-executor-4] INFO  server.RaftServer$Division (RaftServerImpl.java:requestVote(1421)) - 78917b03-a842-488e-9e7c-f00b43f4ecc3@group-FB10F0A93659: receive requestVote(PRE_VOTE, e6deb990-2c6c-4f88-aa04-2e44b30659d5, group-FB10F0A93659, 0, <PROTO_DEFAULT>)
2025-07-19 06:07:13,841 [grpc-default-executor-4] INFO  impl.VoteContext (VoteContext.java:log(49)) - 78917b03-a842-488e-9e7c-f00b43f4ecc3@group-FB10F0A93659-FOLLOWER: accept PRE_VOTE from e6deb990-2c6c-4f88-aa04-2e44b30659d5: our priority 0 <= candidate's priority 1
2025-07-19 06:07:13,841 [grpc-default-executor-4] INFO  server.RaftServer$Division (RaftServerImpl.java:requestVote(1455)) - 78917b03-a842-488e-9e7c-f00b43f4ecc3@group-FB10F0A93659 replies to PRE_VOTE vote request: e6deb990-2c6c-4f88-aa04-2e44b30659d5<-78917b03-a842-488e-9e7c-f00b43f4ecc3#0:OK-t0-last:<INITIAL_VALUE>. Peer's state: 78917b03-a842-488e-9e7c-f00b43f4ecc3@group-FB10F0A93659:t0, leader=null, voted=, raftlog=Memoized:78917b03-a842-488e-9e7c-f00b43f4ecc3@group-FB10F0A93659-SegmentedRaftLog:OPENED:c-1:lastnull, conf=conf: {index: -1, cur=peers:[e6deb990-2c6c-4f88-aa04-2e44b30659d5|127.0.0.1:15071, 78917b03-a842-488e-9e7c-f00b43f4ecc3|127.0.0.1:15063, e4fa6cd0-dc30-4550-b12f-023a3466045b|127.0.0.1:15079]|listeners:[], old=null}
2025-07-19 06:07:13,841 [grpc-default-executor-2] INFO  server.RaftServer$Division (RaftServerImpl.java:requestVote(1421)) - e4fa6cd0-dc30-4550-b12f-023a3466045b@group-FB10F0A93659: receive requestVote(PRE_VOTE, e6deb990-2c6c-4f88-aa04-2e44b30659d5, group-FB10F0A93659, 0, <PROTO_DEFAULT>)
2025-07-19 06:07:13,842 [grpc-default-executor-2] INFO  impl.VoteContext (VoteContext.java:log(49)) - e4fa6cd0-dc30-4550-b12f-023a3466045b@group-FB10F0A93659-FOLLOWER: accept PRE_VOTE from e6deb990-2c6c-4f88-aa04-2e44b30659d5: our priority 0 <= candidate's priority 1
2025-07-19 06:07:13,842 [grpc-default-executor-2] INFO  server.RaftServer$Division (RaftServerImpl.java:requestVote(1455)) - e4fa6cd0-dc30-4550-b12f-023a3466045b@group-FB10F0A93659 replies to PRE_VOTE vote request: e6deb990-2c6c-4f88-aa04-2e44b30659d5<-e4fa6cd0-dc30-4550-b12f-023a3466045b#0:OK-t0-last:<INITIAL_VALUE>. Peer's state: e4fa6cd0-dc30-4550-b12f-023a3466045b@group-FB10F0A93659:t0, leader=null, voted=, raftlog=Memoized:e4fa6cd0-dc30-4550-b12f-023a3466045b@group-FB10F0A93659-SegmentedRaftLog:OPENED:c-1:lastnull, conf=conf: {index: -1, cur=peers:[e6deb990-2c6c-4f88-aa04-2e44b30659d5|127.0.0.1:15071, 78917b03-a842-488e-9e7c-f00b43f4ecc3|127.0.0.1:15063, e4fa6cd0-dc30-4550-b12f-023a3466045b|127.0.0.1:15079]|listeners:[], old=null}
2025-07-19 06:07:13,843 [e6deb990-2c6c-4f88-aa04-2e44b30659d5@group-FB10F0A93659-LeaderElection18] INFO  impl.LeaderElection (LeaderElection.java:logAndReturn(206)) - e6deb990-2c6c-4f88-aa04-2e44b30659d5@group-FB10F0A93659-LeaderElection18: PRE_VOTE PASSED received 1 response(s) and 0 exception(s):
2025-07-19 06:07:13,843 [e6deb990-2c6c-4f88-aa04-2e44b30659d5@group-FB10F0A93659-LeaderElection18] INFO  impl.LeaderElection (LeaderElection.java:logAndReturn(210)) -   Response 0: e6deb990-2c6c-4f88-aa04-2e44b30659d5<-e4fa6cd0-dc30-4550-b12f-023a3466045b#0:OK-t0-last:<INITIAL_VALUE>
2025-07-19 06:07:13,843 [e6deb990-2c6c-4f88-aa04-2e44b30659d5@group-FB10F0A93659-LeaderElection18] INFO  impl.LeaderElection (LeaderElection.java:askForVotes(450)) - e6deb990-2c6c-4f88-aa04-2e44b30659d5@group-FB10F0A93659-LeaderElection18 PRE_VOTE round 0: result PASSED
2025-07-19 06:07:13,845 [e6deb990-2c6c-4f88-aa04-2e44b30659d5@group-FB10F0A93659-LeaderElection18] INFO  impl.LeaderElection (LeaderElection.java:askForVotes(448)) - e6deb990-2c6c-4f88-aa04-2e44b30659d5@group-FB10F0A93659-LeaderElection18 ELECTION round 0: submit vote requests at term 1 for conf: {index: -1, cur=peers:[e6deb990-2c6c-4f88-aa04-2e44b30659d5|127.0.0.1:15071, 78917b03-a842-488e-9e7c-f00b43f4ecc3|127.0.0.1:15063, e4fa6cd0-dc30-4550-b12f-023a3466045b|127.0.0.1:15079]|listeners:[], old=null}
2025-07-19 06:07:13,847 [grpc-default-executor-4] INFO  server.RaftServer$Division (RaftServerImpl.java:requestVote(1421)) - 78917b03-a842-488e-9e7c-f00b43f4ecc3@group-FB10F0A93659: receive requestVote(ELECTION, e6deb990-2c6c-4f88-aa04-2e44b30659d5, group-FB10F0A93659, 1, <PROTO_DEFAULT>)
2025-07-19 06:07:13,847 [grpc-default-executor-4] INFO  impl.VoteContext (VoteContext.java:log(49)) - 78917b03-a842-488e-9e7c-f00b43f4ecc3@group-FB10F0A93659-FOLLOWER: accept ELECTION from e6deb990-2c6c-4f88-aa04-2e44b30659d5: our priority 0 <= candidate's priority 1
2025-07-19 06:07:13,847 [grpc-default-executor-4] INFO  server.RaftServer$Division (RaftServerImpl.java:setRole(392)) - 78917b03-a842-488e-9e7c-f00b43f4ecc3@group-FB10F0A93659: changes role from  FOLLOWER to FOLLOWER at term 0 for candidate:e6deb990-2c6c-4f88-aa04-2e44b30659d5
2025-07-19 06:07:13,848 [grpc-default-executor-4] INFO  impl.RoleInfo (RoleInfo.java:shutdownFollowerState(121)) - 78917b03-a842-488e-9e7c-f00b43f4ecc3: shutdown 78917b03-a842-488e-9e7c-f00b43f4ecc3@group-FB10F0A93659-FollowerState
2025-07-19 06:07:13,848 [grpc-default-executor-2] INFO  server.RaftServer$Division (RaftServerImpl.java:requestVote(1421)) - e4fa6cd0-dc30-4550-b12f-023a3466045b@group-FB10F0A93659: receive requestVote(ELECTION, e6deb990-2c6c-4f88-aa04-2e44b30659d5, group-FB10F0A93659, 1, <PROTO_DEFAULT>)
2025-07-19 06:07:13,848 [grpc-default-executor-2] INFO  impl.VoteContext (VoteContext.java:log(49)) - e4fa6cd0-dc30-4550-b12f-023a3466045b@group-FB10F0A93659-FOLLOWER: accept ELECTION from e6deb990-2c6c-4f88-aa04-2e44b30659d5: our priority 0 <= candidate's priority 1
2025-07-19 06:07:13,848 [grpc-default-executor-2] INFO  server.RaftServer$Division (RaftServerImpl.java:setRole(392)) - e4fa6cd0-dc30-4550-b12f-023a3466045b@group-FB10F0A93659: changes role from  FOLLOWER to FOLLOWER at term 0 for candidate:e6deb990-2c6c-4f88-aa04-2e44b30659d5
2025-07-19 06:07:13,848 [grpc-default-executor-2] INFO  impl.RoleInfo (RoleInfo.java:shutdownFollowerState(121)) - e4fa6cd0-dc30-4550-b12f-023a3466045b: shutdown e4fa6cd0-dc30-4550-b12f-023a3466045b@group-FB10F0A93659-FollowerState
2025-07-19 06:07:13,848 [e4fa6cd0-dc30-4550-b12f-023a3466045b@group-FB10F0A93659-FollowerState] INFO  impl.FollowerState (FollowerState.java:runImpl(170)) - e4fa6cd0-dc30-4550-b12f-023a3466045b@group-FB10F0A93659-FollowerState was interrupted
2025-07-19 06:07:13,848 [grpc-default-executor-2] INFO  impl.RoleInfo (RoleInfo.java:updateAndGet(148)) - e4fa6cd0-dc30-4550-b12f-023a3466045b: start e4fa6cd0-dc30-4550-b12f-023a3466045b@group-FB10F0A93659-FollowerState
2025-07-19 06:07:13,849 [grpc-default-executor-4] INFO  impl.RoleInfo (RoleInfo.java:updateAndGet(148)) - 78917b03-a842-488e-9e7c-f00b43f4ecc3: start 78917b03-a842-488e-9e7c-f00b43f4ecc3@group-FB10F0A93659-FollowerState
2025-07-19 06:07:13,849 [grpc-default-executor-2] INFO  server.RaftServer$Division (RaftServerImpl.java:setFirstElection(576)) - e4fa6cd0-dc30-4550-b12f-023a3466045b@group-FB10F0A93659: set firstElectionSinceStartup to false for candidate:e6deb990-2c6c-4f88-aa04-2e44b30659d5
2025-07-19 06:07:13,848 [78917b03-a842-488e-9e7c-f00b43f4ecc3@group-FB10F0A93659-FollowerState] INFO  impl.FollowerState (FollowerState.java:runImpl(170)) - 78917b03-a842-488e-9e7c-f00b43f4ecc3@group-FB10F0A93659-FollowerState was interrupted
2025-07-19 06:07:13,851 [grpc-default-executor-2] INFO  server.RaftServer$Division (RaftServerImpl.java:requestVote(1455)) - e4fa6cd0-dc30-4550-b12f-023a3466045b@group-FB10F0A93659 replies to ELECTION vote request: e6deb990-2c6c-4f88-aa04-2e44b30659d5<-e4fa6cd0-dc30-4550-b12f-023a3466045b#0:OK-t1-last:<INITIAL_VALUE>. Peer's state: e4fa6cd0-dc30-4550-b12f-023a3466045b@group-FB10F0A93659:t1, leader=null, voted=e6deb990-2c6c-4f88-aa04-2e44b30659d5, raftlog=Memoized:e4fa6cd0-dc30-4550-b12f-023a3466045b@group-FB10F0A93659-SegmentedRaftLog:OPENED:c-1:lastnull, conf=conf: {index: -1, cur=peers:[e6deb990-2c6c-4f88-aa04-2e44b30659d5|127.0.0.1:15071, 78917b03-a842-488e-9e7c-f00b43f4ecc3|127.0.0.1:15063, e4fa6cd0-dc30-4550-b12f-023a3466045b|127.0.0.1:15079]|listeners:[], old=null}
2025-07-19 06:07:13,851 [grpc-default-executor-4] INFO  server.RaftServer$Division (RaftServerImpl.java:requestVote(1455)) - 78917b03-a842-488e-9e7c-f00b43f4ecc3@group-FB10F0A93659 replies to ELECTION vote request: e6deb990-2c6c-4f88-aa04-2e44b30659d5<-78917b03-a842-488e-9e7c-f00b43f4ecc3#0:OK-t1-last:<INITIAL_VALUE>. Peer's state: 78917b03-a842-488e-9e7c-f00b43f4ecc3@group-FB10F0A93659:t1, leader=null, voted=e6deb990-2c6c-4f88-aa04-2e44b30659d5, raftlog=Memoized:78917b03-a842-488e-9e7c-f00b43f4ecc3@group-FB10F0A93659-SegmentedRaftLog:OPENED:c-1:lastnull, conf=conf: {index: -1, cur=peers:[e6deb990-2c6c-4f88-aa04-2e44b30659d5|127.0.0.1:15071, 78917b03-a842-488e-9e7c-f00b43f4ecc3|127.0.0.1:15063, e4fa6cd0-dc30-4550-b12f-023a3466045b|127.0.0.1:15079]|listeners:[], old=null}
2025-07-19 06:07:13,852 [e6deb990-2c6c-4f88-aa04-2e44b30659d5@group-FB10F0A93659-LeaderElection18] INFO  impl.LeaderElection (LeaderElection.java:logAndReturn(206)) - e6deb990-2c6c-4f88-aa04-2e44b30659d5@group-FB10F0A93659-LeaderElection18: ELECTION PASSED received 1 response(s) and 0 exception(s):
2025-07-19 06:07:13,852 [e6deb990-2c6c-4f88-aa04-2e44b30659d5@group-FB10F0A93659-LeaderElection18] INFO  impl.LeaderElection (LeaderElection.java:logAndReturn(210)) -   Response 0: e6deb990-2c6c-4f88-aa04-2e44b30659d5<-e4fa6cd0-dc30-4550-b12f-023a3466045b#0:OK-t1-last:<INITIAL_VALUE>
2025-07-19 06:07:13,852 [e6deb990-2c6c-4f88-aa04-2e44b30659d5@group-FB10F0A93659-LeaderElection18] INFO  impl.LeaderElection (LeaderElection.java:askForVotes(450)) - e6deb990-2c6c-4f88-aa04-2e44b30659d5@group-FB10F0A93659-LeaderElection18 ELECTION round 0: result PASSED
2025-07-19 06:07:13,852 [e6deb990-2c6c-4f88-aa04-2e44b30659d5@group-FB10F0A93659-LeaderElection18] INFO  impl.RoleInfo (RoleInfo.java:shutdownLeaderElection(141)) - e6deb990-2c6c-4f88-aa04-2e44b30659d5: shutdown e6deb990-2c6c-4f88-aa04-2e44b30659d5@group-FB10F0A93659-LeaderElection18
2025-07-19 06:07:13,852 [e6deb990-2c6c-4f88-aa04-2e44b30659d5@group-FB10F0A93659-LeaderElection18] INFO  server.RaftServer$Division (RaftServerImpl.java:setRole(392)) - e6deb990-2c6c-4f88-aa04-2e44b30659d5@group-FB10F0A93659: changes role from CANDIDATE to LEADER at term 1 for changeToLeader
2025-07-19 06:07:13,852 [e6deb990-2c6c-4f88-aa04-2e44b30659d5@group-FB10F0A93659-LeaderElection18] INFO  server.RaftServerConfigKeys (ConfUtils.java:logFallback(69)) - raft.server.staging.timeout = 15600ms (fallback to raft.server.rpc.timeout.max)
2025-07-19 06:07:13,853 [e6deb990-2c6c-4f88-aa04-2e44b30659d5@group-FB10F0A93659-LeaderElection18] INFO  server.RaftServerConfigKeys (ConfUtils.java:logGet(62)) - raft.server.write.byte-limit = 1024 M (=1073741824) (custom)
2025-07-19 06:07:13,854 [e6deb990-2c6c-4f88-aa04-2e44b30659d5@group-FB10F0A93659-LeaderElection18] INFO  server.RaftServerConfigKeys (ConfUtils.java:logGet(62)) - raft.server.log.appender.buffer.byte-limit = 33554432 (custom)
2025-07-19 06:07:13,856 [e6deb990-2c6c-4f88-aa04-2e44b30659d5@group-FB10F0A93659-LeaderElection18] INFO  server.RaftServerConfigKeys (ConfUtils.java:logGet(62)) - raft.server.log.appender.buffer.byte-limit = 33554432 (custom)
2025-07-19 06:07:13,857 [e6deb990-2c6c-4f88-aa04-2e44b30659d5@group-FB10F0A93659-LeaderElection18] INFO  impl.RoleInfo (RoleInfo.java:updateAndGet(148)) - e6deb990-2c6c-4f88-aa04-2e44b30659d5: start e6deb990-2c6c-4f88-aa04-2e44b30659d5@group-FB10F0A93659-LeaderStateImpl
2025-07-19 06:07:13,857 [e6deb990-2c6c-4f88-aa04-2e44b30659d5@group-FB10F0A93659-LeaderElection18] INFO  server.RaftServer$Division (RaftServerImpl.java:setFirstElection(576)) - e6deb990-2c6c-4f88-aa04-2e44b30659d5@group-FB10F0A93659: set firstElectionSinceStartup to false for becomeLeader
2025-07-19 06:07:13,857 [e6deb990-2c6c-4f88-aa04-2e44b30659d5@group-FB10F0A93659-LeaderElection18] INFO  ratis.XceiverServerRatis (XceiverServerRatis.java:handleLeaderChangedNotification(944)) - Leader change notification received for group: group-FB10F0A93659 with new leaderId: e6deb990-2c6c-4f88-aa04-2e44b30659d5
2025-07-19 06:07:13,857 [e6deb990-2c6c-4f88-aa04-2e44b30659d5@group-FB10F0A93659-LeaderElection18] INFO  server.RaftServer$Division (ServerState.java:setLeader(272)) - e6deb990-2c6c-4f88-aa04-2e44b30659d5@group-FB10F0A93659: change Leader from null to e6deb990-2c6c-4f88-aa04-2e44b30659d5 at term 1 for becomeLeader, leader elected after 1125ms
2025-07-19 06:07:13,857 [e6deb990-2c6c-4f88-aa04-2e44b30659d5@group-FB10F0A93659-LeaderElection18] INFO  segmented.SegmentedRaftLogWorker (SegmentedRaftLogWorker.java:startLogSegment(440)) - e6deb990-2c6c-4f88-aa04-2e44b30659d5@group-FB10F0A93659-SegmentedRaftLogWorker: Starting segment from index:0
2025-07-19 06:07:13,857 [e6deb990-2c6c-4f88-aa04-2e44b30659d5@group-FB10F0A93659-LeaderElection18] INFO  server.RaftServer$Division (ServerState.java:setRaftConf(386)) - e6deb990-2c6c-4f88-aa04-2e44b30659d5@group-FB10F0A93659: set configuration conf: {index: 0, cur=peers:[e6deb990-2c6c-4f88-aa04-2e44b30659d5|127.0.0.1:15071, 78917b03-a842-488e-9e7c-f00b43f4ecc3|127.0.0.1:15063, e4fa6cd0-dc30-4550-b12f-023a3466045b|127.0.0.1:15079]|listeners:[], old=null}
2025-07-19 06:07:13,858 [e6deb990-2c6c-4f88-aa04-2e44b30659d5@group-FB10F0A93659-SegmentedRaftLogWorker] INFO  segmented.BufferedWriteChannel (BufferedWriteChannel.java:open(61)) - open log_inprogress_0 at position 0
2025-07-19 06:07:13,865 [EventQueue-PipelineReportForPipelineReportHandler] INFO  pipeline.PipelineReportHandler (PipelineReportHandler.java:processPipelineReport(134)) - Opened pipeline Pipeline-04a4c252-88a2-4fd6-909f-fb10f0a93659
2025-07-19 06:07:13,867 [e6deb990-2c6c-4f88-aa04-2e44b30659d5@group-FB10F0A93659-SegmentedRaftLogWorker] INFO  segmented.SegmentedRaftLogWorker (SegmentedRaftLogWorker.java:execute(647)) - e6deb990-2c6c-4f88-aa04-2e44b30659d5@group-FB10F0A93659-SegmentedRaftLogWorker: created new log segment /home/runner/work/ozone/ozone/hadoop-ozone/integration-test/target/test-dir/MiniOzoneClusterImpl-09c4c6e1-5ab0-4195-ac7b-5aec6defaa36/ozone-meta/datanode-8/ratis/04a4c252-88a2-4fd6-909f-fb10f0a93659/current/log_inprogress_0
2025-07-19 06:07:13,868 [grpc-default-executor-2] INFO  ratis.XceiverServerRatis (XceiverServerRatis.java:handleLeaderChangedNotification(944)) - Leader change notification received for group: group-FB10F0A93659 with new leaderId: e6deb990-2c6c-4f88-aa04-2e44b30659d5
2025-07-19 06:07:13,868 [grpc-default-executor-2] INFO  server.RaftServer$Division (ServerState.java:setLeader(272)) - 78917b03-a842-488e-9e7c-f00b43f4ecc3@group-FB10F0A93659: change Leader from null to e6deb990-2c6c-4f88-aa04-2e44b30659d5 at term 1 for appendEntries, leader elected after 1253ms
2025-07-19 06:07:13,868 [grpc-default-executor-6] INFO  ratis.XceiverServerRatis (XceiverServerRatis.java:handleLeaderChangedNotification(944)) - Leader change notification received for group: group-FB10F0A93659 with new leaderId: e6deb990-2c6c-4f88-aa04-2e44b30659d5
2025-07-19 06:07:13,868 [grpc-default-executor-6] INFO  server.RaftServer$Division (ServerState.java:setLeader(272)) - e4fa6cd0-dc30-4550-b12f-023a3466045b@group-FB10F0A93659: change Leader from null to e6deb990-2c6c-4f88-aa04-2e44b30659d5 at term 1 for appendEntries, leader elected after 1184ms
2025-07-19 06:07:13,868 [grpc-default-executor-6] INFO  server.RaftServer$Division (ServerState.java:setRaftConf(386)) - e4fa6cd0-dc30-4550-b12f-023a3466045b@group-FB10F0A93659: set configuration conf: {index: 0, cur=peers:[e6deb990-2c6c-4f88-aa04-2e44b30659d5|127.0.0.1:15071, 78917b03-a842-488e-9e7c-f00b43f4ecc3|127.0.0.1:15063, e4fa6cd0-dc30-4550-b12f-023a3466045b|127.0.0.1:15079]|listeners:[], old=null}
2025-07-19 06:07:13,869 [grpc-default-executor-4] INFO  server.RaftServer$Division (ServerState.java:setRaftConf(386)) - 78917b03-a842-488e-9e7c-f00b43f4ecc3@group-FB10F0A93659: set configuration conf: {index: 0, cur=peers:[e6deb990-2c6c-4f88-aa04-2e44b30659d5|127.0.0.1:15071, 78917b03-a842-488e-9e7c-f00b43f4ecc3|127.0.0.1:15063, e4fa6cd0-dc30-4550-b12f-023a3466045b|127.0.0.1:15079]|listeners:[], old=null}
2025-07-19 06:07:13,869 [grpc-default-executor-6] INFO  segmented.SegmentedRaftLogWorker (SegmentedRaftLogWorker.java:startLogSegment(440)) - e4fa6cd0-dc30-4550-b12f-023a3466045b@group-FB10F0A93659-SegmentedRaftLogWorker: Starting segment from index:0
2025-07-19 06:07:13,869 [grpc-default-executor-4] INFO  segmented.SegmentedRaftLogWorker (SegmentedRaftLogWorker.java:startLogSegment(440)) - 78917b03-a842-488e-9e7c-f00b43f4ecc3@group-FB10F0A93659-SegmentedRaftLogWorker: Starting segment from index:0
2025-07-19 06:07:13,870 [e4fa6cd0-dc30-4550-b12f-023a3466045b@group-FB10F0A93659-SegmentedRaftLogWorker] INFO  segmented.BufferedWriteChannel (BufferedWriteChannel.java:open(61)) - open log_inprogress_0 at position 0
2025-07-19 06:07:13,872 [78917b03-a842-488e-9e7c-f00b43f4ecc3@group-FB10F0A93659-SegmentedRaftLogWorker] INFO  segmented.BufferedWriteChannel (BufferedWriteChannel.java:open(61)) - open log_inprogress_0 at position 0
2025-07-19 06:07:13,878 [e4fa6cd0-dc30-4550-b12f-023a3466045b@group-FB10F0A93659-SegmentedRaftLogWorker] INFO  segmented.SegmentedRaftLogWorker (SegmentedRaftLogWorker.java:execute(647)) - e4fa6cd0-dc30-4550-b12f-023a3466045b@group-FB10F0A93659-SegmentedRaftLogWorker: created new log segment /home/runner/work/ozone/ozone/hadoop-ozone/integration-test/target/test-dir/MiniOzoneClusterImpl-09c4c6e1-5ab0-4195-ac7b-5aec6defaa36/ozone-meta/datanode-9/ratis/04a4c252-88a2-4fd6-909f-fb10f0a93659/current/log_inprogress_0
2025-07-19 06:07:13,880 [78917b03-a842-488e-9e7c-f00b43f4ecc3@group-FB10F0A93659-SegmentedRaftLogWorker] INFO  segmented.SegmentedRaftLogWorker (SegmentedRaftLogWorker.java:execute(647)) - 78917b03-a842-488e-9e7c-f00b43f4ecc3@group-FB10F0A93659-SegmentedRaftLogWorker: created new log segment /home/runner/work/ozone/ozone/hadoop-ozone/integration-test/target/test-dir/MiniOzoneClusterImpl-09c4c6e1-5ab0-4195-ac7b-5aec6defaa36/ozone-meta/datanode-7/ratis/04a4c252-88a2-4fd6-909f-fb10f0a93659/current/log_inprogress_0
2025-07-19 06:07:13,881 [e6deb990-2c6c-4f88-aa04-2e44b30659d5@group-FB10F0A93659-StateMachineUpdater] INFO  server.RaftServer$Division (LeaderStateImpl.java:checkStartIndex(309)) - Leader e6deb990-2c6c-4f88-aa04-2e44b30659d5@group-FB10F0A93659-LeaderStateImpl is ready since appliedIndex == startIndex == 0
2025-07-19 06:07:13,882 [e6deb990-2c6c-4f88-aa04-2e44b30659d5@group-FB10F0A93659-StateMachineUpdater] INFO  ratis.ContainerStateMachine (ContainerStateMachine.java:takeSnapshot(427)) - group-FB10F0A93659: Taking a snapshot at:(t:1, i:0) file /home/runner/work/ozone/ozone/hadoop-ozone/integration-test/target/test-dir/MiniOzoneClusterImpl-09c4c6e1-5ab0-4195-ac7b-5aec6defaa36/ozone-meta/datanode-8/ratis/04a4c252-88a2-4fd6-909f-fb10f0a93659/sm/snapshot.1_0
2025-07-19 06:07:13,882 [e6deb990-2c6c-4f88-aa04-2e44b30659d5@group-FB10F0A93659-StateMachineUpdater] INFO  ratis.ContainerStateMachine (ContainerStateMachine.java:takeSnapshot(436)) - group-FB10F0A93659: Finished taking a snapshot at:(t:1, i:0) file:/home/runner/work/ozone/ozone/hadoop-ozone/integration-test/target/test-dir/MiniOzoneClusterImpl-09c4c6e1-5ab0-4195-ac7b-5aec6defaa36/ozone-meta/datanode-8/ratis/04a4c252-88a2-4fd6-909f-fb10f0a93659/sm/snapshot.1_0 took: 1 ms
2025-07-19 06:07:13,882 [e6deb990-2c6c-4f88-aa04-2e44b30659d5@group-FB10F0A93659-StateMachineUpdater] INFO  impl.StateMachineUpdater (StateMachineUpdater.java:takeSnapshot(307)) - e6deb990-2c6c-4f88-aa04-2e44b30659d5@group-FB10F0A93659-StateMachineUpdater: Took a snapshot at index 0
2025-07-19 06:07:13,882 [e6deb990-2c6c-4f88-aa04-2e44b30659d5@group-FB10F0A93659-StateMachineUpdater] INFO  impl.StateMachineUpdater (StateMachineUpdater.java:lambda$new$0(101)) - e6deb990-2c6c-4f88-aa04-2e44b30659d5@group-FB10F0A93659-StateMachineUpdater: snapshotIndex: updateIncreasingly -1 -> 0
2025-07-19 06:07:13,903 [e6deb990-2c6c-4f88-aa04-2e44b30659d5@group-569512DD3F0A-FollowerState] INFO  impl.FollowerState (FollowerState.java:runImpl(161)) - e6deb990-2c6c-4f88-aa04-2e44b30659d5@group-569512DD3F0A-FollowerState: change to CANDIDATE, lastRpcElapsedTime:1181339229ns, electionTimeout:1180ms
2025-07-19 06:07:13,903 [e6deb990-2c6c-4f88-aa04-2e44b30659d5@group-569512DD3F0A-FollowerState] INFO  impl.RoleInfo (RoleInfo.java:shutdownFollowerState(121)) - e6deb990-2c6c-4f88-aa04-2e44b30659d5: shutdown e6deb990-2c6c-4f88-aa04-2e44b30659d5@group-569512DD3F0A-FollowerState
2025-07-19 06:07:13,903 [e6deb990-2c6c-4f88-aa04-2e44b30659d5@group-569512DD3F0A-FollowerState] INFO  server.RaftServer$Division (RaftServerImpl.java:setRole(392)) - e6deb990-2c6c-4f88-aa04-2e44b30659d5@group-569512DD3F0A: changes role from  FOLLOWER to CANDIDATE at term 0 for changeToCandidate
2025-07-19 06:07:13,903 [e6deb990-2c6c-4f88-aa04-2e44b30659d5@group-569512DD3F0A-FollowerState] INFO  impl.RoleInfo (RoleInfo.java:updateAndGet(148)) - e6deb990-2c6c-4f88-aa04-2e44b30659d5: start e6deb990-2c6c-4f88-aa04-2e44b30659d5@group-569512DD3F0A-LeaderElection19
2025-07-19 06:07:13,904 [e6deb990-2c6c-4f88-aa04-2e44b30659d5@group-569512DD3F0A-LeaderElection19] INFO  impl.LeaderElection (LeaderElection.java:askForVotes(448)) - e6deb990-2c6c-4f88-aa04-2e44b30659d5@group-569512DD3F0A-LeaderElection19 PRE_VOTE round 0: submit vote requests at term 0 for conf: {index: -1, cur=peers:[e6deb990-2c6c-4f88-aa04-2e44b30659d5|127.0.0.1:15071]|listeners:[], old=null}
2025-07-19 06:07:13,904 [e6deb990-2c6c-4f88-aa04-2e44b30659d5@group-569512DD3F0A-LeaderElection19] INFO  impl.LeaderElection (LeaderElection.java:askForVotes(450)) - e6deb990-2c6c-4f88-aa04-2e44b30659d5@group-569512DD3F0A-LeaderElection19 PRE_VOTE round 0: result PASSED (term=0)
2025-07-19 06:07:13,905 [e6deb990-2c6c-4f88-aa04-2e44b30659d5@group-569512DD3F0A-LeaderElection19] INFO  impl.LeaderElection (LeaderElection.java:askForVotes(448)) - e6deb990-2c6c-4f88-aa04-2e44b30659d5@group-569512DD3F0A-LeaderElection19 ELECTION round 0: submit vote requests at term 1 for conf: {index: -1, cur=peers:[e6deb990-2c6c-4f88-aa04-2e44b30659d5|127.0.0.1:15071]|listeners:[], old=null}
2025-07-19 06:07:13,905 [e6deb990-2c6c-4f88-aa04-2e44b30659d5@group-569512DD3F0A-LeaderElection19] INFO  impl.LeaderElection (LeaderElection.java:askForVotes(450)) - e6deb990-2c6c-4f88-aa04-2e44b30659d5@group-569512DD3F0A-LeaderElection19 ELECTION round 0: result PASSED (term=1)
2025-07-19 06:07:13,906 [e6deb990-2c6c-4f88-aa04-2e44b30659d5@group-569512DD3F0A-LeaderElection19] INFO  impl.RoleInfo (RoleInfo.java:shutdownLeaderElection(141)) - e6deb990-2c6c-4f88-aa04-2e44b30659d5: shutdown e6deb990-2c6c-4f88-aa04-2e44b30659d5@group-569512DD3F0A-LeaderElection19
2025-07-19 06:07:13,906 [e6deb990-2c6c-4f88-aa04-2e44b30659d5@group-569512DD3F0A-LeaderElection19] INFO  server.RaftServer$Division (RaftServerImpl.java:setRole(392)) - e6deb990-2c6c-4f88-aa04-2e44b30659d5@group-569512DD3F0A: changes role from CANDIDATE to LEADER at term 1 for changeToLeader
2025-07-19 06:07:13,906 [e6deb990-2c6c-4f88-aa04-2e44b30659d5@group-569512DD3F0A-LeaderElection19] INFO  server.RaftServerConfigKeys (ConfUtils.java:logFallback(69)) - raft.server.staging.timeout = 15600ms (fallback to raft.server.rpc.timeout.max)
2025-07-19 06:07:13,906 [e6deb990-2c6c-4f88-aa04-2e44b30659d5@group-569512DD3F0A-LeaderElection19] INFO  server.RaftServerConfigKeys (ConfUtils.java:logGet(62)) - raft.server.write.byte-limit = 1024 M (=1073741824) (custom)
2025-07-19 06:07:13,907 [e6deb990-2c6c-4f88-aa04-2e44b30659d5@group-569512DD3F0A-LeaderElection19] INFO  impl.RoleInfo (RoleInfo.java:updateAndGet(148)) - e6deb990-2c6c-4f88-aa04-2e44b30659d5: start e6deb990-2c6c-4f88-aa04-2e44b30659d5@group-569512DD3F0A-LeaderStateImpl
2025-07-19 06:07:13,907 [e6deb990-2c6c-4f88-aa04-2e44b30659d5@group-569512DD3F0A-LeaderElection19] INFO  server.RaftServer$Division (RaftServerImpl.java:setFirstElection(576)) - e6deb990-2c6c-4f88-aa04-2e44b30659d5@group-569512DD3F0A: set firstElectionSinceStartup to false for becomeLeader
2025-07-19 06:07:13,907 [e6deb990-2c6c-4f88-aa04-2e44b30659d5@group-569512DD3F0A-LeaderElection19] INFO  ratis.XceiverServerRatis (XceiverServerRatis.java:handleLeaderChangedNotification(944)) - Leader change notification received for group: group-569512DD3F0A with new leaderId: e6deb990-2c6c-4f88-aa04-2e44b30659d5
2025-07-19 06:07:13,907 [e6deb990-2c6c-4f88-aa04-2e44b30659d5@group-569512DD3F0A-LeaderElection19] INFO  server.RaftServer$Division (ServerState.java:setLeader(272)) - e6deb990-2c6c-4f88-aa04-2e44b30659d5@group-569512DD3F0A: change Leader from null to e6deb990-2c6c-4f88-aa04-2e44b30659d5 at term 1 for becomeLeader, leader elected after 1246ms
2025-07-19 06:07:13,907 [e6deb990-2c6c-4f88-aa04-2e44b30659d5@group-569512DD3F0A-LeaderElection19] INFO  segmented.SegmentedRaftLogWorker (SegmentedRaftLogWorker.java:startLogSegment(440)) - e6deb990-2c6c-4f88-aa04-2e44b30659d5@group-569512DD3F0A-SegmentedRaftLogWorker: Starting segment from index:0
2025-07-19 06:07:13,908 [e6deb990-2c6c-4f88-aa04-2e44b30659d5@group-569512DD3F0A-LeaderElection19] INFO  server.RaftServer$Division (ServerState.java:setRaftConf(386)) - e6deb990-2c6c-4f88-aa04-2e44b30659d5@group-569512DD3F0A: set configuration conf: {index: 0, cur=peers:[e6deb990-2c6c-4f88-aa04-2e44b30659d5|127.0.0.1:15071]|listeners:[], old=null}
2025-07-19 06:07:13,909 [e6deb990-2c6c-4f88-aa04-2e44b30659d5@group-569512DD3F0A-SegmentedRaftLogWorker] INFO  segmented.BufferedWriteChannel (BufferedWriteChannel.java:open(61)) - open log_inprogress_0 at position 0
2025-07-19 06:07:13,918 [e6deb990-2c6c-4f88-aa04-2e44b30659d5@group-569512DD3F0A-SegmentedRaftLogWorker] INFO  segmented.SegmentedRaftLogWorker (SegmentedRaftLogWorker.java:execute(647)) - e6deb990-2c6c-4f88-aa04-2e44b30659d5@group-569512DD3F0A-SegmentedRaftLogWorker: created new log segment /home/runner/work/ozone/ozone/hadoop-ozone/integration-test/target/test-dir/MiniOzoneClusterImpl-09c4c6e1-5ab0-4195-ac7b-5aec6defaa36/ozone-meta/datanode-8/ratis/ba07e840-400b-41a1-a7c6-569512dd3f0a/current/log_inprogress_0
2025-07-19 06:07:13,922 [e6deb990-2c6c-4f88-aa04-2e44b30659d5@group-569512DD3F0A-StateMachineUpdater] INFO  server.RaftServer$Division (LeaderStateImpl.java:checkStartIndex(309)) - Leader e6deb990-2c6c-4f88-aa04-2e44b30659d5@group-569512DD3F0A-LeaderStateImpl is ready since appliedIndex == startIndex == 0
2025-07-19 06:07:13,922 [e6deb990-2c6c-4f88-aa04-2e44b30659d5@group-569512DD3F0A-StateMachineUpdater] INFO  ratis.ContainerStateMachine (ContainerStateMachine.java:takeSnapshot(427)) - group-569512DD3F0A: Taking a snapshot at:(t:1, i:0) file /home/runner/work/ozone/ozone/hadoop-ozone/integration-test/target/test-dir/MiniOzoneClusterImpl-09c4c6e1-5ab0-4195-ac7b-5aec6defaa36/ozone-meta/datanode-8/ratis/ba07e840-400b-41a1-a7c6-569512dd3f0a/sm/snapshot.1_0
2025-07-19 06:07:13,923 [e6deb990-2c6c-4f88-aa04-2e44b30659d5@group-569512DD3F0A-StateMachineUpdater] INFO  ratis.ContainerStateMachine (ContainerStateMachine.java:takeSnapshot(436)) - group-569512DD3F0A: Finished taking a snapshot at:(t:1, i:0) file:/home/runner/work/ozone/ozone/hadoop-ozone/integration-test/target/test-dir/MiniOzoneClusterImpl-09c4c6e1-5ab0-4195-ac7b-5aec6defaa36/ozone-meta/datanode-8/ratis/ba07e840-400b-41a1-a7c6-569512dd3f0a/sm/snapshot.1_0 took: 1 ms
2025-07-19 06:07:13,924 [e6deb990-2c6c-4f88-aa04-2e44b30659d5@group-569512DD3F0A-StateMachineUpdater] INFO  impl.StateMachineUpdater (StateMachineUpdater.java:takeSnapshot(307)) - e6deb990-2c6c-4f88-aa04-2e44b30659d5@group-569512DD3F0A-StateMachineUpdater: Took a snapshot at index 0
2025-07-19 06:07:13,924 [e6deb990-2c6c-4f88-aa04-2e44b30659d5@group-569512DD3F0A-StateMachineUpdater] INFO  impl.StateMachineUpdater (StateMachineUpdater.java:lambda$new$0(101)) - e6deb990-2c6c-4f88-aa04-2e44b30659d5@group-569512DD3F0A-StateMachineUpdater: snapshotIndex: updateIncreasingly -1 -> 0
2025-07-19 06:07:13,970 [e4fa6cd0-dc30-4550-b12f-023a3466045b@group-7FD69FEA80D4-FollowerState] INFO  impl.FollowerState (FollowerState.java:runImpl(161)) - e4fa6cd0-dc30-4550-b12f-023a3466045b@group-7FD69FEA80D4-FollowerState: change to CANDIDATE, lastRpcElapsedTime:1148047435ns, electionTimeout:1147ms
2025-07-19 06:07:13,970 [e4fa6cd0-dc30-4550-b12f-023a3466045b@group-7FD69FEA80D4-FollowerState] INFO  impl.RoleInfo (RoleInfo.java:shutdownFollowerState(121)) - e4fa6cd0-dc30-4550-b12f-023a3466045b: shutdown e4fa6cd0-dc30-4550-b12f-023a3466045b@group-7FD69FEA80D4-FollowerState
2025-07-19 06:07:13,970 [e4fa6cd0-dc30-4550-b12f-023a3466045b@group-7FD69FEA80D4-FollowerState] INFO  server.RaftServer$Division (RaftServerImpl.java:setRole(392)) - e4fa6cd0-dc30-4550-b12f-023a3466045b@group-7FD69FEA80D4: changes role from  FOLLOWER to CANDIDATE at term 0 for changeToCandidate
2025-07-19 06:07:13,970 [e4fa6cd0-dc30-4550-b12f-023a3466045b@group-7FD69FEA80D4-FollowerState] INFO  impl.RoleInfo (RoleInfo.java:updateAndGet(148)) - e4fa6cd0-dc30-4550-b12f-023a3466045b: start e4fa6cd0-dc30-4550-b12f-023a3466045b@group-7FD69FEA80D4-LeaderElection20
2025-07-19 06:07:13,970 [e4fa6cd0-dc30-4550-b12f-023a3466045b@group-7FD69FEA80D4-LeaderElection20] INFO  impl.LeaderElection (LeaderElection.java:askForVotes(448)) - e4fa6cd0-dc30-4550-b12f-023a3466045b@group-7FD69FEA80D4-LeaderElection20 PRE_VOTE round 0: submit vote requests at term 0 for conf: {index: -1, cur=peers:[e4fa6cd0-dc30-4550-b12f-023a3466045b|127.0.0.1:15079]|listeners:[], old=null}
2025-07-19 06:07:13,970 [e4fa6cd0-dc30-4550-b12f-023a3466045b@group-7FD69FEA80D4-LeaderElection20] INFO  impl.LeaderElection (LeaderElection.java:askForVotes(450)) - e4fa6cd0-dc30-4550-b12f-023a3466045b@group-7FD69FEA80D4-LeaderElection20 PRE_VOTE round 0: result PASSED (term=0)
2025-07-19 06:07:13,972 [e4fa6cd0-dc30-4550-b12f-023a3466045b@group-7FD69FEA80D4-LeaderElection20] INFO  impl.LeaderElection (LeaderElection.java:askForVotes(448)) - e4fa6cd0-dc30-4550-b12f-023a3466045b@group-7FD69FEA80D4-LeaderElection20 ELECTION round 0: submit vote requests at term 1 for conf: {index: -1, cur=peers:[e4fa6cd0-dc30-4550-b12f-023a3466045b|127.0.0.1:15079]|listeners:[], old=null}
2025-07-19 06:07:13,972 [e4fa6cd0-dc30-4550-b12f-023a3466045b@group-7FD69FEA80D4-LeaderElection20] INFO  impl.LeaderElection (LeaderElection.java:askForVotes(450)) - e4fa6cd0-dc30-4550-b12f-023a3466045b@group-7FD69FEA80D4-LeaderElection20 ELECTION round 0: result PASSED (term=1)
2025-07-19 06:07:13,972 [e4fa6cd0-dc30-4550-b12f-023a3466045b@group-7FD69FEA80D4-LeaderElection20] INFO  impl.RoleInfo (RoleInfo.java:shutdownLeaderElection(141)) - e4fa6cd0-dc30-4550-b12f-023a3466045b: shutdown e4fa6cd0-dc30-4550-b12f-023a3466045b@group-7FD69FEA80D4-LeaderElection20
2025-07-19 06:07:13,972 [e4fa6cd0-dc30-4550-b12f-023a3466045b@group-7FD69FEA80D4-LeaderElection20] INFO  server.RaftServer$Division (RaftServerImpl.java:setRole(392)) - e4fa6cd0-dc30-4550-b12f-023a3466045b@group-7FD69FEA80D4: changes role from CANDIDATE to LEADER at term 1 for changeToLeader
2025-07-19 06:07:13,972 [e4fa6cd0-dc30-4550-b12f-023a3466045b@group-7FD69FEA80D4-LeaderElection20] INFO  server.RaftServerConfigKeys (ConfUtils.java:logFallback(69)) - raft.server.staging.timeout = 15600ms (fallback to raft.server.rpc.timeout.max)
2025-07-19 06:07:13,972 [e4fa6cd0-dc30-4550-b12f-023a3466045b@group-7FD69FEA80D4-LeaderElection20] INFO  server.RaftServerConfigKeys (ConfUtils.java:logGet(62)) - raft.server.write.byte-limit = 1024 M (=1073741824) (custom)
2025-07-19 06:07:13,973 [e4fa6cd0-dc30-4550-b12f-023a3466045b@group-7FD69FEA80D4-LeaderElection20] INFO  impl.RoleInfo (RoleInfo.java:updateAndGet(148)) - e4fa6cd0-dc30-4550-b12f-023a3466045b: start e4fa6cd0-dc30-4550-b12f-023a3466045b@group-7FD69FEA80D4-LeaderStateImpl
2025-07-19 06:07:13,973 [e4fa6cd0-dc30-4550-b12f-023a3466045b@group-7FD69FEA80D4-LeaderElection20] INFO  server.RaftServer$Division (RaftServerImpl.java:setFirstElection(576)) - e4fa6cd0-dc30-4550-b12f-023a3466045b@group-7FD69FEA80D4: set firstElectionSinceStartup to false for becomeLeader
2025-07-19 06:07:13,973 [e4fa6cd0-dc30-4550-b12f-023a3466045b@group-7FD69FEA80D4-LeaderElection20] INFO  ratis.XceiverServerRatis (XceiverServerRatis.java:handleLeaderChangedNotification(944)) - Leader change notification received for group: group-7FD69FEA80D4 with new leaderId: e4fa6cd0-dc30-4550-b12f-023a3466045b
2025-07-19 06:07:13,973 [e4fa6cd0-dc30-4550-b12f-023a3466045b@group-7FD69FEA80D4-LeaderElection20] INFO  server.RaftServer$Division (ServerState.java:setLeader(272)) - e4fa6cd0-dc30-4550-b12f-023a3466045b@group-7FD69FEA80D4: change Leader from null to e4fa6cd0-dc30-4550-b12f-023a3466045b at term 1 for becomeLeader, leader elected after 1216ms
2025-07-19 06:07:13,973 [e4fa6cd0-dc30-4550-b12f-023a3466045b@group-7FD69FEA80D4-LeaderElection20] INFO  segmented.SegmentedRaftLogWorker (SegmentedRaftLogWorker.java:startLogSegment(440)) - e4fa6cd0-dc30-4550-b12f-023a3466045b@group-7FD69FEA80D4-SegmentedRaftLogWorker: Starting segment from index:0
2025-07-19 06:07:13,974 [e4fa6cd0-dc30-4550-b12f-023a3466045b@group-7FD69FEA80D4-LeaderElection20] INFO  server.RaftServer$Division (ServerState.java:setRaftConf(386)) - e4fa6cd0-dc30-4550-b12f-023a3466045b@group-7FD69FEA80D4: set configuration conf: {index: 0, cur=peers:[e4fa6cd0-dc30-4550-b12f-023a3466045b|127.0.0.1:15079]|listeners:[], old=null}
2025-07-19 06:07:13,974 [e4fa6cd0-dc30-4550-b12f-023a3466045b@group-7FD69FEA80D4-SegmentedRaftLogWorker] INFO  segmented.BufferedWriteChannel (BufferedWriteChannel.java:open(61)) - open log_inprogress_0 at position 0
2025-07-19 06:07:13,980 [e4fa6cd0-dc30-4550-b12f-023a3466045b@group-7FD69FEA80D4-SegmentedRaftLogWorker] INFO  segmented.SegmentedRaftLogWorker (SegmentedRaftLogWorker.java:execute(647)) - e4fa6cd0-dc30-4550-b12f-023a3466045b@group-7FD69FEA80D4-SegmentedRaftLogWorker: created new log segment /home/runner/work/ozone/ozone/hadoop-ozone/integration-test/target/test-dir/MiniOzoneClusterImpl-09c4c6e1-5ab0-4195-ac7b-5aec6defaa36/ozone-meta/datanode-9/ratis/621783e2-3d2d-4ffd-8d5f-7fd69fea80d4/current/log_inprogress_0
2025-07-19 06:07:13,981 [e4fa6cd0-dc30-4550-b12f-023a3466045b@group-7FD69FEA80D4-StateMachineUpdater] INFO  server.RaftServer$Division (LeaderStateImpl.java:checkStartIndex(309)) - Leader e4fa6cd0-dc30-4550-b12f-023a3466045b@group-7FD69FEA80D4-LeaderStateImpl is ready since appliedIndex == startIndex == 0
2025-07-19 06:07:13,981 [e4fa6cd0-dc30-4550-b12f-023a3466045b@group-7FD69FEA80D4-StateMachineUpdater] INFO  ratis.ContainerStateMachine (ContainerStateMachine.java:takeSnapshot(427)) - group-7FD69FEA80D4: Taking a snapshot at:(t:1, i:0) file /home/runner/work/ozone/ozone/hadoop-ozone/integration-test/target/test-dir/MiniOzoneClusterImpl-09c4c6e1-5ab0-4195-ac7b-5aec6defaa36/ozone-meta/datanode-9/ratis/621783e2-3d2d-4ffd-8d5f-7fd69fea80d4/sm/snapshot.1_0
2025-07-19 06:07:13,982 [e4fa6cd0-dc30-4550-b12f-023a3466045b@group-7FD69FEA80D4-StateMachineUpdater] INFO  ratis.ContainerStateMachine (ContainerStateMachine.java:takeSnapshot(436)) - group-7FD69FEA80D4: Finished taking a snapshot at:(t:1, i:0) file:/home/runner/work/ozone/ozone/hadoop-ozone/integration-test/target/test-dir/MiniOzoneClusterImpl-09c4c6e1-5ab0-4195-ac7b-5aec6defaa36/ozone-meta/datanode-9/ratis/621783e2-3d2d-4ffd-8d5f-7fd69fea80d4/sm/snapshot.1_0 took: 0 ms
2025-07-19 06:07:13,982 [e4fa6cd0-dc30-4550-b12f-023a3466045b@group-7FD69FEA80D4-StateMachineUpdater] INFO  impl.StateMachineUpdater (StateMachineUpdater.java:takeSnapshot(307)) - e4fa6cd0-dc30-4550-b12f-023a3466045b@group-7FD69FEA80D4-StateMachineUpdater: Took a snapshot at index 0
2025-07-19 06:07:13,982 [e4fa6cd0-dc30-4550-b12f-023a3466045b@group-7FD69FEA80D4-StateMachineUpdater] INFO  impl.StateMachineUpdater (StateMachineUpdater.java:lambda$new$0(101)) - e4fa6cd0-dc30-4550-b12f-023a3466045b@group-7FD69FEA80D4-StateMachineUpdater: snapshotIndex: updateIncreasingly -1 -> 0
2025-07-19 06:07:14,121 [d1f2401f-ce3c-4cd7-b613-e85afa8c39c7-CloseContainerThread-0] WARN  keyvalue.KeyValueHandler (KeyValueHandler.java:updateAndGetContainerChecksum(1451)) - Container data checksum updated from 0 to 1bdd5b56
2025-07-19 06:07:14,122 [FixedThreadPoolWithAffinityExecutor-1-0] INFO  container.IncrementalContainerReportHandler (AbstractContainerReportHandler.java:updateContainerState(253)) - FINALIZE (i.e. CLOSING) Container #1 (OPEN, sid=2) r0 (CLOSING, bcsid=2, origin=d1f2401f-ce3c-4cd7-b613-e85afa8c39c7, non-empty) from dn d1f2401f-ce3c-4cd7-b613-e85afa8c39c7(localhost/127.0.0.1)
2025-07-19 06:07:14,123 [d1f2401f-ce3c-4cd7-b613-e85afa8c39c7-CloseContainerThread-0] INFO  keyvalue.KeyValueContainer (KeyValueContainer.java:flushAndSyncDB(514)) - Synced container: KeyValueContainerData #1 (CLOSING, non-empty, ri=0, origin=[dn_d1f2401f-ce3c-4cd7-b613-e85afa8c39c7, pipeline_b943f0fb-0579-4ec7-8f9b-51802bb6a696])
2025-07-19 06:07:14,124 [d1f2401f-ce3c-4cd7-b613-e85afa8c39c7-CloseContainerThread-0] INFO  keyvalue.KeyValueContainer (KeyValueContainer.java:flushAndSyncDB(514)) - Synced container: KeyValueContainerData #1 (CLOSING, non-empty, ri=0, origin=[dn_d1f2401f-ce3c-4cd7-b613-e85afa8c39c7, pipeline_b943f0fb-0579-4ec7-8f9b-51802bb6a696])
2025-07-19 06:07:14,129 [d1f2401f-ce3c-4cd7-b613-e85afa8c39c7-CloseContainerThread-0] INFO  commandhandler.CloseContainerCommandHandler (CloseContainerCommandHandler.java:lambda$handle$0(135)) - Marking Container 1 quasi closed
2025-07-19 06:07:14,131 [FixedThreadPoolWithAffinityExecutor-1-0] INFO  container.IncrementalContainerReportHandler (AbstractContainerReportHandler.java:updateContainerState(264)) - QUASI_CLOSE Container #1 (CLOSING, sid=2) r0 (QUASI_CLOSED, bcsid=2, origin=d1f2401f-ce3c-4cd7-b613-e85afa8c39c7, non-empty) from dn d1f2401f-ce3c-4cd7-b613-e85afa8c39c7(localhost/127.0.0.1)
2025-07-19 06:07:14,324 [e80b39d0-2325-4ff7-b450-1b10ae88e746-CloseContainerThread-0] WARN  keyvalue.KeyValueHandler (KeyValueHandler.java:updateAndGetContainerChecksum(1451)) - Container data checksum updated from 0 to 1bdd5b56
2025-07-19 06:07:14,326 [e80b39d0-2325-4ff7-b450-1b10ae88e746-CloseContainerThread-0] INFO  keyvalue.KeyValueContainer (KeyValueContainer.java:flushAndSyncDB(514)) - Synced container: KeyValueContainerData #1 (CLOSING, non-empty, ri=0, origin=[dn_e80b39d0-2325-4ff7-b450-1b10ae88e746, pipeline_b943f0fb-0579-4ec7-8f9b-51802bb6a696])
2025-07-19 06:07:14,326 [e80b39d0-2325-4ff7-b450-1b10ae88e746-CloseContainerThread-0] INFO  keyvalue.KeyValueContainer (KeyValueContainer.java:flushAndSyncDB(514)) - Synced container: KeyValueContainerData #1 (CLOSING, non-empty, ri=0, origin=[dn_e80b39d0-2325-4ff7-b450-1b10ae88e746, pipeline_b943f0fb-0579-4ec7-8f9b-51802bb6a696])
2025-07-19 06:07:14,331 [e80b39d0-2325-4ff7-b450-1b10ae88e746-CloseContainerThread-0] INFO  commandhandler.CloseContainerCommandHandler (CloseContainerCommandHandler.java:lambda$handle$0(135)) - Marking Container 1 quasi closed
2025-07-19 06:07:14,347 [85aa579c-736c-4de8-9407-4b363243255c@group-20218890329C-FollowerState] INFO  impl.FollowerState (FollowerState.java:runImpl(161)) - 85aa579c-736c-4de8-9407-4b363243255c@group-20218890329C-FollowerState: change to CANDIDATE, lastRpcElapsedTime:1170390312ns, electionTimeout:1169ms
2025-07-19 06:07:14,347 [85aa579c-736c-4de8-9407-4b363243255c@group-20218890329C-FollowerState] INFO  impl.RoleInfo (RoleInfo.java:shutdownFollowerState(121)) - 85aa579c-736c-4de8-9407-4b363243255c: shutdown 85aa579c-736c-4de8-9407-4b363243255c@group-20218890329C-FollowerState
2025-07-19 06:07:14,347 [85aa579c-736c-4de8-9407-4b363243255c@group-20218890329C-FollowerState] INFO  server.RaftServer$Division (RaftServerImpl.java:setRole(392)) - 85aa579c-736c-4de8-9407-4b363243255c@group-20218890329C: changes role from  FOLLOWER to CANDIDATE at term 0 for changeToCandidate
2025-07-19 06:07:14,347 [85aa579c-736c-4de8-9407-4b363243255c@group-20218890329C-FollowerState] INFO  impl.RoleInfo (RoleInfo.java:updateAndGet(148)) - 85aa579c-736c-4de8-9407-4b363243255c: start 85aa579c-736c-4de8-9407-4b363243255c@group-20218890329C-LeaderElection21
2025-07-19 06:07:14,348 [85aa579c-736c-4de8-9407-4b363243255c@group-20218890329C-LeaderElection21] INFO  impl.LeaderElection (LeaderElection.java:askForVotes(448)) - 85aa579c-736c-4de8-9407-4b363243255c@group-20218890329C-LeaderElection21 PRE_VOTE round 0: submit vote requests at term 0 for conf: {index: -1, cur=peers:[85aa579c-736c-4de8-9407-4b363243255c|127.0.0.1:15087]|listeners:[], old=null}
2025-07-19 06:07:14,348 [85aa579c-736c-4de8-9407-4b363243255c@group-20218890329C-LeaderElection21] INFO  impl.LeaderElection (LeaderElection.java:askForVotes(450)) - 85aa579c-736c-4de8-9407-4b363243255c@group-20218890329C-LeaderElection21 PRE_VOTE round 0: result PASSED (term=0)
2025-07-19 06:07:14,349 [85aa579c-736c-4de8-9407-4b363243255c@group-20218890329C-LeaderElection21] INFO  impl.LeaderElection (LeaderElection.java:askForVotes(448)) - 85aa579c-736c-4de8-9407-4b363243255c@group-20218890329C-LeaderElection21 ELECTION round 0: submit vote requests at term 1 for conf: {index: -1, cur=peers:[85aa579c-736c-4de8-9407-4b363243255c|127.0.0.1:15087]|listeners:[], old=null}
2025-07-19 06:07:14,349 [85aa579c-736c-4de8-9407-4b363243255c@group-20218890329C-LeaderElection21] INFO  impl.LeaderElection (LeaderElection.java:askForVotes(450)) - 85aa579c-736c-4de8-9407-4b363243255c@group-20218890329C-LeaderElection21 ELECTION round 0: result PASSED (term=1)
2025-07-19 06:07:14,349 [85aa579c-736c-4de8-9407-4b363243255c@group-20218890329C-LeaderElection21] INFO  impl.RoleInfo (RoleInfo.java:shutdownLeaderElection(141)) - 85aa579c-736c-4de8-9407-4b363243255c: shutdown 85aa579c-736c-4de8-9407-4b363243255c@group-20218890329C-LeaderElection21
2025-07-19 06:07:14,349 [85aa579c-736c-4de8-9407-4b363243255c@group-20218890329C-LeaderElection21] INFO  server.RaftServer$Division (RaftServerImpl.java:setRole(392)) - 85aa579c-736c-4de8-9407-4b363243255c@group-20218890329C: changes role from CANDIDATE to LEADER at term 1 for changeToLeader
2025-07-19 06:07:14,349 [85aa579c-736c-4de8-9407-4b363243255c@group-20218890329C-LeaderElection21] INFO  server.RaftServerConfigKeys (ConfUtils.java:logFallback(69)) - raft.server.staging.timeout = 15600ms (fallback to raft.server.rpc.timeout.max)
2025-07-19 06:07:14,349 [85aa579c-736c-4de8-9407-4b363243255c@group-20218890329C-LeaderElection21] INFO  server.RaftServerConfigKeys (ConfUtils.java:logGet(62)) - raft.server.write.byte-limit = 1024 M (=1073741824) (custom)
2025-07-19 06:07:14,350 [85aa579c-736c-4de8-9407-4b363243255c@group-20218890329C-LeaderElection21] INFO  impl.RoleInfo (RoleInfo.java:updateAndGet(148)) - 85aa579c-736c-4de8-9407-4b363243255c: start 85aa579c-736c-4de8-9407-4b363243255c@group-20218890329C-LeaderStateImpl
2025-07-19 06:07:14,350 [85aa579c-736c-4de8-9407-4b363243255c@group-20218890329C-LeaderElection21] INFO  server.RaftServer$Division (RaftServerImpl.java:setFirstElection(576)) - 85aa579c-736c-4de8-9407-4b363243255c@group-20218890329C: set firstElectionSinceStartup to false for becomeLeader
2025-07-19 06:07:14,351 [85aa579c-736c-4de8-9407-4b363243255c@group-20218890329C-LeaderElection21] INFO  ratis.XceiverServerRatis (XceiverServerRatis.java:handleLeaderChangedNotification(944)) - Leader change notification received for group: group-20218890329C with new leaderId: 85aa579c-736c-4de8-9407-4b363243255c
2025-07-19 06:07:14,351 [85aa579c-736c-4de8-9407-4b363243255c@group-20218890329C-LeaderElection21] INFO  server.RaftServer$Division (ServerState.java:setLeader(272)) - 85aa579c-736c-4de8-9407-4b363243255c@group-20218890329C: change Leader from null to 85aa579c-736c-4de8-9407-4b363243255c at term 1 for becomeLeader, leader elected after 1201ms
2025-07-19 06:07:14,351 [85aa579c-736c-4de8-9407-4b363243255c@group-20218890329C-LeaderElection21] INFO  segmented.SegmentedRaftLogWorker (SegmentedRaftLogWorker.java:startLogSegment(440)) - 85aa579c-736c-4de8-9407-4b363243255c@group-20218890329C-SegmentedRaftLogWorker: Starting segment from index:0
2025-07-19 06:07:14,351 [85aa579c-736c-4de8-9407-4b363243255c@group-20218890329C-LeaderElection21] INFO  server.RaftServer$Division (ServerState.java:setRaftConf(386)) - 85aa579c-736c-4de8-9407-4b363243255c@group-20218890329C: set configuration conf: {index: 0, cur=peers:[85aa579c-736c-4de8-9407-4b363243255c|127.0.0.1:15087]|listeners:[], old=null}
2025-07-19 06:07:14,352 [85aa579c-736c-4de8-9407-4b363243255c@group-20218890329C-SegmentedRaftLogWorker] INFO  segmented.BufferedWriteChannel (BufferedWriteChannel.java:open(61)) - open log_inprogress_0 at position 0
2025-07-19 06:07:14,358 [85aa579c-736c-4de8-9407-4b363243255c@group-20218890329C-SegmentedRaftLogWorker] INFO  segmented.SegmentedRaftLogWorker (SegmentedRaftLogWorker.java:execute(647)) - 85aa579c-736c-4de8-9407-4b363243255c@group-20218890329C-SegmentedRaftLogWorker: created new log segment /home/runner/work/ozone/ozone/hadoop-ozone/integration-test/target/test-dir/MiniOzoneClusterImpl-09c4c6e1-5ab0-4195-ac7b-5aec6defaa36/ozone-meta/datanode-10/ratis/92f531b3-12c3-41cd-a323-20218890329c/current/log_inprogress_0
2025-07-19 06:07:14,360 [85aa579c-736c-4de8-9407-4b363243255c@group-20218890329C-StateMachineUpdater] INFO  server.RaftServer$Division (LeaderStateImpl.java:checkStartIndex(309)) - Leader 85aa579c-736c-4de8-9407-4b363243255c@group-20218890329C-LeaderStateImpl is ready since appliedIndex == startIndex == 0
2025-07-19 06:07:14,360 [85aa579c-736c-4de8-9407-4b363243255c@group-20218890329C-StateMachineUpdater] INFO  ratis.ContainerStateMachine (ContainerStateMachine.java:takeSnapshot(427)) - group-20218890329C: Taking a snapshot at:(t:1, i:0) file /home/runner/work/ozone/ozone/hadoop-ozone/integration-test/target/test-dir/MiniOzoneClusterImpl-09c4c6e1-5ab0-4195-ac7b-5aec6defaa36/ozone-meta/datanode-10/ratis/92f531b3-12c3-41cd-a323-20218890329c/sm/snapshot.1_0
2025-07-19 06:07:14,361 [85aa579c-736c-4de8-9407-4b363243255c@group-20218890329C-StateMachineUpdater] INFO  ratis.ContainerStateMachine (ContainerStateMachine.java:takeSnapshot(436)) - group-20218890329C: Finished taking a snapshot at:(t:1, i:0) file:/home/runner/work/ozone/ozone/hadoop-ozone/integration-test/target/test-dir/MiniOzoneClusterImpl-09c4c6e1-5ab0-4195-ac7b-5aec6defaa36/ozone-meta/datanode-10/ratis/92f531b3-12c3-41cd-a323-20218890329c/sm/snapshot.1_0 took: 0 ms
2025-07-19 06:07:14,361 [85aa579c-736c-4de8-9407-4b363243255c@group-20218890329C-StateMachineUpdater] INFO  impl.StateMachineUpdater (StateMachineUpdater.java:takeSnapshot(307)) - 85aa579c-736c-4de8-9407-4b363243255c@group-20218890329C-StateMachineUpdater: Took a snapshot at index 0
2025-07-19 06:07:14,361 [85aa579c-736c-4de8-9407-4b363243255c@group-20218890329C-StateMachineUpdater] INFO  impl.StateMachineUpdater (StateMachineUpdater.java:lambda$new$0(101)) - 85aa579c-736c-4de8-9407-4b363243255c@group-20218890329C-StateMachineUpdater: snapshotIndex: updateIncreasingly -1 -> 0
2025-07-19 06:07:14,602 [aa0cb613-fc94-4131-90ab-17bcd78458c4@group-0132FE54E6CF-StateMachineUpdater] INFO  ratis.ContainerStateMachine (ContainerStateMachine.java:takeSnapshot(427)) - group-0132FE54E6CF: Taking a snapshot at:(t:1, i:0) file /home/runner/work/ozone/ozone/hadoop-ozone/integration-test/target/test-dir/MiniOzoneClusterImpl-09c4c6e1-5ab0-4195-ac7b-5aec6defaa36/ozone-meta/datanode-2/ratis/a1dcb70a-c8f9-4212-ac4f-0132fe54e6cf/sm/snapshot.1_0
2025-07-19 06:07:14,602 [aa0cb613-fc94-4131-90ab-17bcd78458c4@group-0132FE54E6CF-StateMachineUpdater] INFO  ratis.ContainerStateMachine (ContainerStateMachine.java:takeSnapshot(436)) - group-0132FE54E6CF: Finished taking a snapshot at:(t:1, i:0) file:/home/runner/work/ozone/ozone/hadoop-ozone/integration-test/target/test-dir/MiniOzoneClusterImpl-09c4c6e1-5ab0-4195-ac7b-5aec6defaa36/ozone-meta/datanode-2/ratis/a1dcb70a-c8f9-4212-ac4f-0132fe54e6cf/sm/snapshot.1_0 took: 0 ms
2025-07-19 06:07:14,602 [aa0cb613-fc94-4131-90ab-17bcd78458c4@group-0132FE54E6CF-StateMachineUpdater] INFO  impl.StateMachineUpdater (StateMachineUpdater.java:takeSnapshot(307)) - aa0cb613-fc94-4131-90ab-17bcd78458c4@group-0132FE54E6CF-StateMachineUpdater: Took a snapshot at index 0
2025-07-19 06:07:14,602 [aa0cb613-fc94-4131-90ab-17bcd78458c4@group-0132FE54E6CF-StateMachineUpdater] INFO  impl.StateMachineUpdater (StateMachineUpdater.java:lambda$new$0(101)) - aa0cb613-fc94-4131-90ab-17bcd78458c4@group-0132FE54E6CF-StateMachineUpdater: snapshotIndex: updateIncreasingly -1 -> 0
2025-07-19 06:07:14,624 [86838f6f-3dde-42b5-b01a-58c95bf80430@group-0132FE54E6CF-StateMachineUpdater] INFO  ratis.ContainerStateMachine (ContainerStateMachine.java:takeSnapshot(427)) - group-0132FE54E6CF: Taking a snapshot at:(t:1, i:0) file /home/runner/work/ozone/ozone/hadoop-ozone/integration-test/target/test-dir/MiniOzoneClusterImpl-09c4c6e1-5ab0-4195-ac7b-5aec6defaa36/ozone-meta/datanode-3/ratis/a1dcb70a-c8f9-4212-ac4f-0132fe54e6cf/sm/snapshot.1_0
2025-07-19 06:07:14,624 [86838f6f-3dde-42b5-b01a-58c95bf80430@group-0132FE54E6CF-StateMachineUpdater] INFO  ratis.ContainerStateMachine (ContainerStateMachine.java:takeSnapshot(436)) - group-0132FE54E6CF: Finished taking a snapshot at:(t:1, i:0) file:/home/runner/work/ozone/ozone/hadoop-ozone/integration-test/target/test-dir/MiniOzoneClusterImpl-09c4c6e1-5ab0-4195-ac7b-5aec6defaa36/ozone-meta/datanode-3/ratis/a1dcb70a-c8f9-4212-ac4f-0132fe54e6cf/sm/snapshot.1_0 took: 1 ms
2025-07-19 06:07:14,624 [86838f6f-3dde-42b5-b01a-58c95bf80430@group-0132FE54E6CF-StateMachineUpdater] INFO  impl.StateMachineUpdater (StateMachineUpdater.java:takeSnapshot(307)) - 86838f6f-3dde-42b5-b01a-58c95bf80430@group-0132FE54E6CF-StateMachineUpdater: Took a snapshot at index 0
2025-07-19 06:07:14,624 [86838f6f-3dde-42b5-b01a-58c95bf80430@group-0132FE54E6CF-StateMachineUpdater] INFO  impl.StateMachineUpdater (StateMachineUpdater.java:lambda$new$0(101)) - 86838f6f-3dde-42b5-b01a-58c95bf80430@group-0132FE54E6CF-StateMachineUpdater: snapshotIndex: updateIncreasingly -1 -> 0
2025-07-19 06:07:14,725 [cfedd3f1-5d02-4847-a363-6f2972b00a97-CloseContainerThread-0] WARN  keyvalue.KeyValueHandler (KeyValueHandler.java:updateAndGetContainerChecksum(1451)) - Container data checksum updated from 0 to 1bdd5b56
2025-07-19 06:07:14,726 [cfedd3f1-5d02-4847-a363-6f2972b00a97-CloseContainerThread-0] INFO  keyvalue.KeyValueContainer (KeyValueContainer.java:flushAndSyncDB(514)) - Synced container: KeyValueContainerData #1 (CLOSING, non-empty, ri=0, origin=[dn_cfedd3f1-5d02-4847-a363-6f2972b00a97, pipeline_b943f0fb-0579-4ec7-8f9b-51802bb6a696])
2025-07-19 06:07:14,726 [cfedd3f1-5d02-4847-a363-6f2972b00a97-CloseContainerThread-0] INFO  keyvalue.KeyValueContainer (KeyValueContainer.java:flushAndSyncDB(514)) - Synced container: KeyValueContainerData #1 (CLOSING, non-empty, ri=0, origin=[dn_cfedd3f1-5d02-4847-a363-6f2972b00a97, pipeline_b943f0fb-0579-4ec7-8f9b-51802bb6a696])
2025-07-19 06:07:14,730 [cfedd3f1-5d02-4847-a363-6f2972b00a97-CloseContainerThread-0] INFO  commandhandler.CloseContainerCommandHandler (CloseContainerCommandHandler.java:lambda$handle$0(135)) - Marking Container 1 quasi closed
2025-07-19 06:07:15,133 [aa0cb613-fc94-4131-90ab-17bcd78458c4@group-8039453F51C4-StateMachineUpdater] INFO  ratis.ContainerStateMachine (ContainerStateMachine.java:takeSnapshot(427)) - group-8039453F51C4: Taking a snapshot at:(t:1, i:0) file /home/runner/work/ozone/ozone/hadoop-ozone/integration-test/target/test-dir/MiniOzoneClusterImpl-09c4c6e1-5ab0-4195-ac7b-5aec6defaa36/ozone-meta/datanode-2/ratis/8087f958-22a4-4a04-9a20-8039453f51c4/sm/snapshot.1_0
2025-07-19 06:07:15,134 [aa0cb613-fc94-4131-90ab-17bcd78458c4@group-8039453F51C4-StateMachineUpdater] INFO  ratis.ContainerStateMachine (ContainerStateMachine.java:takeSnapshot(436)) - group-8039453F51C4: Finished taking a snapshot at:(t:1, i:0) file:/home/runner/work/ozone/ozone/hadoop-ozone/integration-test/target/test-dir/MiniOzoneClusterImpl-09c4c6e1-5ab0-4195-ac7b-5aec6defaa36/ozone-meta/datanode-2/ratis/8087f958-22a4-4a04-9a20-8039453f51c4/sm/snapshot.1_0 took: 1 ms
2025-07-19 06:07:15,134 [aa0cb613-fc94-4131-90ab-17bcd78458c4@group-8039453F51C4-StateMachineUpdater] INFO  impl.StateMachineUpdater (StateMachineUpdater.java:takeSnapshot(307)) - aa0cb613-fc94-4131-90ab-17bcd78458c4@group-8039453F51C4-StateMachineUpdater: Took a snapshot at index 0
2025-07-19 06:07:15,134 [aa0cb613-fc94-4131-90ab-17bcd78458c4@group-8039453F51C4-StateMachineUpdater] INFO  impl.StateMachineUpdater (StateMachineUpdater.java:lambda$new$0(101)) - aa0cb613-fc94-4131-90ab-17bcd78458c4@group-8039453F51C4-StateMachineUpdater: snapshotIndex: updateIncreasingly -1 -> 0
2025-07-19 06:07:15,135 [7e15f5a0-0f8f-4a50-92e4-d2f5038b0085@group-8039453F51C4-StateMachineUpdater] INFO  ratis.ContainerStateMachine (ContainerStateMachine.java:takeSnapshot(427)) - group-8039453F51C4: Taking a snapshot at:(t:1, i:0) file /home/runner/work/ozone/ozone/hadoop-ozone/integration-test/target/test-dir/MiniOzoneClusterImpl-09c4c6e1-5ab0-4195-ac7b-5aec6defaa36/ozone-meta/datanode-1/ratis/8087f958-22a4-4a04-9a20-8039453f51c4/sm/snapshot.1_0
2025-07-19 06:07:15,136 [7e15f5a0-0f8f-4a50-92e4-d2f5038b0085@group-8039453F51C4-StateMachineUpdater] INFO  ratis.ContainerStateMachine (ContainerStateMachine.java:takeSnapshot(436)) - group-8039453F51C4: Finished taking a snapshot at:(t:1, i:0) file:/home/runner/work/ozone/ozone/hadoop-ozone/integration-test/target/test-dir/MiniOzoneClusterImpl-09c4c6e1-5ab0-4195-ac7b-5aec6defaa36/ozone-meta/datanode-1/ratis/8087f958-22a4-4a04-9a20-8039453f51c4/sm/snapshot.1_0 took: 1 ms
2025-07-19 06:07:15,136 [7e15f5a0-0f8f-4a50-92e4-d2f5038b0085@group-8039453F51C4-StateMachineUpdater] INFO  impl.StateMachineUpdater (StateMachineUpdater.java:takeSnapshot(307)) - 7e15f5a0-0f8f-4a50-92e4-d2f5038b0085@group-8039453F51C4-StateMachineUpdater: Took a snapshot at index 0
2025-07-19 06:07:15,136 [7e15f5a0-0f8f-4a50-92e4-d2f5038b0085@group-8039453F51C4-StateMachineUpdater] INFO  impl.StateMachineUpdater (StateMachineUpdater.java:lambda$new$0(101)) - 7e15f5a0-0f8f-4a50-92e4-d2f5038b0085@group-8039453F51C4-StateMachineUpdater: snapshotIndex: updateIncreasingly -1 -> 0
2025-07-19 06:07:15,391 [e80b39d0-2325-4ff7-b450-1b10ae88e746@group-4D5619C3D8B6-StateMachineUpdater] INFO  ratis.ContainerStateMachine (ContainerStateMachine.java:takeSnapshot(427)) - group-4D5619C3D8B6: Taking a snapshot at:(t:1, i:0) file /home/runner/work/ozone/ozone/hadoop-ozone/integration-test/target/test-dir/MiniOzoneClusterImpl-09c4c6e1-5ab0-4195-ac7b-5aec6defaa36/ozone-meta/datanode-6/ratis/1b74f178-ec11-44a0-a1ac-4d5619c3d8b6/sm/snapshot.1_0
2025-07-19 06:07:15,394 [e80b39d0-2325-4ff7-b450-1b10ae88e746@group-4D5619C3D8B6-StateMachineUpdater] INFO  ratis.ContainerStateMachine (ContainerStateMachine.java:takeSnapshot(436)) - group-4D5619C3D8B6: Finished taking a snapshot at:(t:1, i:0) file:/home/runner/work/ozone/ozone/hadoop-ozone/integration-test/target/test-dir/MiniOzoneClusterImpl-09c4c6e1-5ab0-4195-ac7b-5aec6defaa36/ozone-meta/datanode-6/ratis/1b74f178-ec11-44a0-a1ac-4d5619c3d8b6/sm/snapshot.1_0 took: 3 ms
2025-07-19 06:07:15,394 [e80b39d0-2325-4ff7-b450-1b10ae88e746@group-4D5619C3D8B6-StateMachineUpdater] INFO  impl.StateMachineUpdater (StateMachineUpdater.java:takeSnapshot(307)) - e80b39d0-2325-4ff7-b450-1b10ae88e746@group-4D5619C3D8B6-StateMachineUpdater: Took a snapshot at index 0
2025-07-19 06:07:15,394 [e80b39d0-2325-4ff7-b450-1b10ae88e746@group-4D5619C3D8B6-StateMachineUpdater] INFO  impl.StateMachineUpdater (StateMachineUpdater.java:lambda$new$0(101)) - e80b39d0-2325-4ff7-b450-1b10ae88e746@group-4D5619C3D8B6-StateMachineUpdater: snapshotIndex: updateIncreasingly -1 -> 0
2025-07-19 06:07:15,394 [d1f2401f-ce3c-4cd7-b613-e85afa8c39c7@group-4D5619C3D8B6-StateMachineUpdater] INFO  ratis.ContainerStateMachine (ContainerStateMachine.java:takeSnapshot(427)) - group-4D5619C3D8B6: Taking a snapshot at:(t:1, i:0) file /home/runner/work/ozone/ozone/hadoop-ozone/integration-test/target/test-dir/MiniOzoneClusterImpl-09c4c6e1-5ab0-4195-ac7b-5aec6defaa36/ozone-meta/datanode-5/ratis/1b74f178-ec11-44a0-a1ac-4d5619c3d8b6/sm/snapshot.1_0
2025-07-19 06:07:15,395 [d1f2401f-ce3c-4cd7-b613-e85afa8c39c7@group-4D5619C3D8B6-StateMachineUpdater] INFO  ratis.ContainerStateMachine (ContainerStateMachine.java:takeSnapshot(436)) - group-4D5619C3D8B6: Finished taking a snapshot at:(t:1, i:0) file:/home/runner/work/ozone/ozone/hadoop-ozone/integration-test/target/test-dir/MiniOzoneClusterImpl-09c4c6e1-5ab0-4195-ac7b-5aec6defaa36/ozone-meta/datanode-5/ratis/1b74f178-ec11-44a0-a1ac-4d5619c3d8b6/sm/snapshot.1_0 took: 0 ms
2025-07-19 06:07:15,395 [d1f2401f-ce3c-4cd7-b613-e85afa8c39c7@group-4D5619C3D8B6-StateMachineUpdater] INFO  impl.StateMachineUpdater (StateMachineUpdater.java:takeSnapshot(307)) - d1f2401f-ce3c-4cd7-b613-e85afa8c39c7@group-4D5619C3D8B6-StateMachineUpdater: Took a snapshot at index 0
2025-07-19 06:07:15,395 [d1f2401f-ce3c-4cd7-b613-e85afa8c39c7@group-4D5619C3D8B6-StateMachineUpdater] INFO  impl.StateMachineUpdater (StateMachineUpdater.java:lambda$new$0(101)) - d1f2401f-ce3c-4cd7-b613-e85afa8c39c7@group-4D5619C3D8B6-StateMachineUpdater: snapshotIndex: updateIncreasingly -1 -> 0
2025-07-19T06:07:15.626244564Z d1f2401f-ce3c-4cd7-b613-e85afa8c39c7-client-thread1 ERROR user=null | ip=null | op=PUT_BLOCK {blockData=[blockId=conID: 1 locID: 115816896921600001 bcsId: 0 replicaIndex: null, size=5]} | ret=FAILURE
org.apache.hadoop.hdds.scm.container.common.helpers.ContainerNotOpenException: Container 1 in QUASI_CLOSED state
	at org.apache.hadoop.ozone.container.common.impl.HddsDispatcher.validateContainerCommand(HddsDispatcher.java:580)
	at org.apache.hadoop.ozone.container.common.transport.server.ratis.ContainerStateMachine.startTransaction(ContainerStateMachine.java:488)
	at org.apache.ratis.server.impl.RaftServerImpl.writeAsyncImpl(RaftServerImpl.java:987)
	at org.apache.ratis.server.impl.RaftServerImpl.writeAsync(RaftServerImpl.java:960)
	at org.apache.ratis.server.impl.RaftServerImpl.replyFuture(RaftServerImpl.java:953)
	at org.apache.ratis.server.impl.RaftServerImpl.submitClientRequestAsync(RaftServerImpl.java:930)
	at org.apache.ratis.server.impl.RaftServerImpl.lambda$null$11(RaftServerImpl.java:919)
	at org.apache.ratis.util.JavaUtils.callAsUnchecked(JavaUtils.java:118)
	at org.apache.ratis.server.impl.RaftServerImpl.lambda$executeSubmitClientRequestAsync$12(RaftServerImpl.java:919)
	at java.base/java.util.concurrent.CompletableFuture$AsyncSupply.run(CompletableFuture.java:1768)
	at java.base/java.util.concurrent.ThreadPoolExecutor.runWorker(ThreadPoolExecutor.java:1144)
	at java.base/java.util.concurrent.ThreadPoolExecutor$Worker.run(ThreadPoolExecutor.java:642)
	at java.base/java.lang.Thread.run(Thread.java:1583)
2025-07-19 06:07:15,661 [grpc-default-executor-8] ERROR impl.OrderedAsync (OrderedAsync.java:lambda$send$4(181)) - Failed to send request, message=cmdType: PutBlock
traceID: ""
containerID: 1
datanodeUuid: "e80b39d0-2325-4ff7-b450-1b10ae88e746"
putBlock {
  blockData {
    blockID {
      containerID: 1
      localID: 115816896921600001
      blockCommitSequenceId: 0
    }
    metadata {
      key: "TYPE"
      value: "KEY"
    }
    chunks {
      chunkName: "115816896921600001_chunk_1"
      offset: 0
      len: 5
      checksumData {
        type: CRC32
        bytesPerChecksum: 16384
        checksums: "\350a\3440"
      }
    }
  }
  eof: true
}
version: 3
, data.size=0
java.util.concurrent.CompletionException: org.apache.ratis.protocol.exceptions.StateMachineException: org.apache.hadoop.hdds.scm.container.common.helpers.ContainerNotOpenException from Server d1f2401f-ce3c-4cd7-b613-e85afa8c39c7@group-51802BB6A696: Container 1 in QUASI_CLOSED state
	at org.apache.ratis.client.impl.RaftClientImpl.handleRaftException(RaftClientImpl.java:373)
	at org.apache.ratis.client.impl.OrderedAsync.lambda$send$3(OrderedAsync.java:175)
	at java.base/java.util.concurrent.CompletableFuture$UniApply.tryFire(CompletableFuture.java:646)
	at java.base/java.util.concurrent.CompletableFuture.postComplete(CompletableFuture.java:510)
	at java.base/java.util.concurrent.CompletableFuture.complete(CompletableFuture.java:2179)
	at org.apache.ratis.client.impl.OrderedAsync$PendingOrderedRequest.setReply(OrderedAsync.java:105)
	at org.apache.ratis.client.impl.OrderedAsync$PendingOrderedRequest.setReply(OrderedAsync.java:66)
	at org.apache.ratis.util.SlidingWindow$RequestMap.setReply(SlidingWindow.java:147)
	at org.apache.ratis.util.SlidingWindow$Client.receiveReply(SlidingWindow.java:351)
	at org.apache.ratis.client.impl.OrderedAsync.lambda$sendRequestWithRetry$5(OrderedAsync.java:210)
	at java.base/java.util.concurrent.CompletableFuture$UniAccept.tryFire(CompletableFuture.java:718)
	at java.base/java.util.concurrent.CompletableFuture.postComplete(CompletableFuture.java:510)
	at java.base/java.util.concurrent.CompletableFuture.complete(CompletableFuture.java:2179)
	at org.apache.ratis.grpc.client.GrpcClientProtocolClient$AsyncStreamObservers$1.lambda$onNext$0(GrpcClientProtocolClient.java:325)
	at java.base/java.util.Optional.ifPresent(Optional.java:178)
	at org.apache.ratis.grpc.client.GrpcClientProtocolClient$AsyncStreamObservers.handleReplyFuture(GrpcClientProtocolClient.java:381)
	at org.apache.ratis.grpc.client.GrpcClientProtocolClient$AsyncStreamObservers.access$100(GrpcClientProtocolClient.java:303)
	at org.apache.ratis.grpc.client.GrpcClientProtocolClient$AsyncStreamObservers$1.onNext(GrpcClientProtocolClient.java:325)
	at org.apache.ratis.grpc.client.GrpcClientProtocolClient$AsyncStreamObservers$1.onNext(GrpcClientProtocolClient.java:308)
	at org.apache.ratis.thirdparty.io.grpc.stub.ClientCalls$StreamObserverToCallListenerAdapter.onMessage(ClientCalls.java:551)
	at org.apache.ratis.thirdparty.io.grpc.ForwardingClientCallListener.onMessage(ForwardingClientCallListener.java:33)
	at org.apache.ratis.thirdparty.io.grpc.internal.DelayedClientCall$DelayedListener.onMessage(DelayedClientCall.java:473)
	at org.apache.ratis.thirdparty.io.grpc.internal.ClientCallImpl$ClientStreamListenerImpl$1MessagesAvailable.runInternal(ClientCallImpl.java:661)
	at org.apache.ratis.thirdparty.io.grpc.internal.ClientCallImpl$ClientStreamListenerImpl$1MessagesAvailable.runInContext(ClientCallImpl.java:648)
	at org.apache.ratis.thirdparty.io.grpc.internal.ContextRunnable.run(ContextRunnable.java:37)
	at org.apache.ratis.thirdparty.io.grpc.internal.SerializingExecutor.run(SerializingExecutor.java:133)
	at java.base/java.util.concurrent.ThreadPoolExecutor.runWorker(ThreadPoolExecutor.java:1144)
	at java.base/java.util.concurrent.ThreadPoolExecutor$Worker.run(ThreadPoolExecutor.java:642)
	at java.base/java.lang.Thread.run(Thread.java:1583)
Caused by: org.apache.ratis.protocol.exceptions.StateMachineException: org.apache.hadoop.hdds.scm.container.common.helpers.ContainerNotOpenException from Server d1f2401f-ce3c-4cd7-b613-e85afa8c39c7@group-51802BB6A696: Container 1 in QUASI_CLOSED state
	at org.apache.hadoop.ozone.container.common.impl.HddsDispatcher.validateContainerCommand(HddsDispatcher.java:580)
	at org.apache.hadoop.ozone.container.common.transport.server.ratis.ContainerStateMachine.startTransaction(ContainerStateMachine.java:488)
	at org.apache.ratis.server.impl.RaftServerImpl.writeAsyncImpl(RaftServerImpl.java:987)
	at org.apache.ratis.server.impl.RaftServerImpl.writeAsync(RaftServerImpl.java:960)
	at org.apache.ratis.server.impl.RaftServerImpl.replyFuture(RaftServerImpl.java:953)
	at org.apache.ratis.server.impl.RaftServerImpl.submitClientRequestAsync(RaftServerImpl.java:930)
	at org.apache.ratis.server.impl.RaftServerImpl.lambda$null$11(RaftServerImpl.java:919)
	at org.apache.ratis.util.JavaUtils.callAsUnchecked(JavaUtils.java:118)
	at org.apache.ratis.server.impl.RaftServerImpl.lambda$executeSubmitClientRequestAsync$12(RaftServerImpl.java:919)
	at java.base/java.util.concurrent.CompletableFuture$AsyncSupply.run(CompletableFuture.java:1768)
	... 3 more
Caused by: org.apache.hadoop.hdds.scm.container.common.helpers.ContainerNotOpenException: Container 1 in QUASI_CLOSED state
	at java.base/jdk.internal.reflect.DirectConstructorHandleAccessor.newInstance(DirectConstructorHandleAccessor.java:62)
	at java.base/java.lang.reflect.Constructor.newInstanceWithCaller(Constructor.java:502)
	at java.base/java.lang.reflect.Constructor.newInstance(Constructor.java:486)
	at org.apache.ratis.util.ReflectionUtils.instantiateException(ReflectionUtils.java:265)
	at org.apache.ratis.client.impl.ClientProtoUtils.toStateMachineException(ClientProtoUtils.java:455)
	at org.apache.ratis.client.impl.ClientProtoUtils.toStateMachineException(ClientProtoUtils.java:441)
	at org.apache.ratis.client.impl.ClientProtoUtils.toRaftClientReply(ClientProtoUtils.java:408)
	at org.apache.ratis.grpc.client.GrpcClientProtocolClient$AsyncStreamObservers$1.onNext(GrpcClientProtocolClient.java:313)
	at org.apache.ratis.grpc.client.GrpcClientProtocolClient$AsyncStreamObservers$1.onNext(GrpcClientProtocolClient.java:308)
	at org.apache.ratis.thirdparty.io.grpc.stub.ClientCalls$StreamObserverToCallListenerAdapter.onMessage(ClientCalls.java:551)
	at org.apache.ratis.thirdparty.io.grpc.ForwardingClientCallListener.onMessage(ForwardingClientCallListener.java:33)
	at org.apache.ratis.thirdparty.io.grpc.internal.DelayedClientCall$DelayedListener.onMessage(DelayedClientCall.java:473)
	at org.apache.ratis.thirdparty.io.grpc.internal.ClientCallImpl$ClientStreamListenerImpl$1MessagesAvailable.runInternal(ClientCallImpl.java:661)
	at org.apache.ratis.thirdparty.io.grpc.internal.ClientCallImpl$ClientStreamListenerImpl$1MessagesAvailable.runInContext(ClientCallImpl.java:648)
	at org.apache.ratis.thirdparty.io.grpc.internal.ContextRunnable.run(ContextRunnable.java:37)
	at org.apache.ratis.thirdparty.io.grpc.internal.SerializingExecutor.run(SerializingExecutor.java:133)
	... 3 more
2025-07-19 06:07:15,663 [main] INFO  io.BlockOutputStreamEntry (BlockOutputStreamEntry.java:finishRetryHandling(141)) - BlockOutputStreamEntry:testQuasiClosed1 conID: 1 locID: 115816896921600001 bcsId: 2 replicaIndex: null: Exiting retry handling mode
]]></system-out>
  </testcase>
  <testcase name="testContainerStateMachineSingleFailureRetry" classname="org.apache.hadoop.ozone.client.rpc.TestContainerStateMachineFailures" time="8.096">
    <system-out><![CDATA[2025-07-19 06:07:15,727 [86838f6f-3dde-42b5-b01a-58c95bf80430@group-8039453F51C4-StateMachineUpdater] INFO  ratis.ContainerStateMachine (ContainerStateMachine.java:takeSnapshot(427)) - group-8039453F51C4: Taking a snapshot at:(t:1, i:2) file /home/runner/work/ozone/ozone/hadoop-ozone/integration-test/target/test-dir/MiniOzoneClusterImpl-09c4c6e1-5ab0-4195-ac7b-5aec6defaa36/ozone-meta/datanode-3/ratis/8087f958-22a4-4a04-9a20-8039453f51c4/sm/snapshot.1_2
2025-07-19 06:07:15,730 [86838f6f-3dde-42b5-b01a-58c95bf80430@group-8039453F51C4-StateMachineUpdater] INFO  ratis.ContainerStateMachine (ContainerStateMachine.java:takeSnapshot(436)) - group-8039453F51C4: Finished taking a snapshot at:(t:1, i:2) file:/home/runner/work/ozone/ozone/hadoop-ozone/integration-test/target/test-dir/MiniOzoneClusterImpl-09c4c6e1-5ab0-4195-ac7b-5aec6defaa36/ozone-meta/datanode-3/ratis/8087f958-22a4-4a04-9a20-8039453f51c4/sm/snapshot.1_2 took: 3 ms
2025-07-19 06:07:15,730 [86838f6f-3dde-42b5-b01a-58c95bf80430@group-8039453F51C4-StateMachineUpdater] INFO  impl.StateMachineUpdater (StateMachineUpdater.java:takeSnapshot(307)) - 86838f6f-3dde-42b5-b01a-58c95bf80430@group-8039453F51C4-StateMachineUpdater: Took a snapshot at index 2
2025-07-19 06:07:15,730 [86838f6f-3dde-42b5-b01a-58c95bf80430@group-8039453F51C4-StateMachineUpdater] INFO  impl.StateMachineUpdater (StateMachineUpdater.java:lambda$new$0(101)) - 86838f6f-3dde-42b5-b01a-58c95bf80430@group-8039453F51C4-StateMachineUpdater: snapshotIndex: updateIncreasingly 0 -> 2
2025-07-19 06:07:15,731 [aa0cb613-fc94-4131-90ab-17bcd78458c4@group-8039453F51C4-StateMachineUpdater] INFO  ratis.ContainerStateMachine (ContainerStateMachine.java:takeSnapshot(427)) - group-8039453F51C4: Taking a snapshot at:(t:1, i:1) file /home/runner/work/ozone/ozone/hadoop-ozone/integration-test/target/test-dir/MiniOzoneClusterImpl-09c4c6e1-5ab0-4195-ac7b-5aec6defaa36/ozone-meta/datanode-2/ratis/8087f958-22a4-4a04-9a20-8039453f51c4/sm/snapshot.1_1
2025-07-19 06:07:15,732 [86838f6f-3dde-42b5-b01a-58c95bf80430@group-8039453F51C4-StateMachineUpdater] INFO  ratis.ContainerStateMachine (ContainerStateMachine.java:takeSnapshot(427)) - group-8039453F51C4: Taking a snapshot at:(t:1, i:4) file /home/runner/work/ozone/ozone/hadoop-ozone/integration-test/target/test-dir/MiniOzoneClusterImpl-09c4c6e1-5ab0-4195-ac7b-5aec6defaa36/ozone-meta/datanode-3/ratis/8087f958-22a4-4a04-9a20-8039453f51c4/sm/snapshot.1_4
2025-07-19 06:07:15,735 [86838f6f-3dde-42b5-b01a-58c95bf80430@group-8039453F51C4-StateMachineUpdater] INFO  ratis.ContainerStateMachine (ContainerStateMachine.java:takeSnapshot(436)) - group-8039453F51C4: Finished taking a snapshot at:(t:1, i:4) file:/home/runner/work/ozone/ozone/hadoop-ozone/integration-test/target/test-dir/MiniOzoneClusterImpl-09c4c6e1-5ab0-4195-ac7b-5aec6defaa36/ozone-meta/datanode-3/ratis/8087f958-22a4-4a04-9a20-8039453f51c4/sm/snapshot.1_4 took: 2 ms
2025-07-19 06:07:15,735 [86838f6f-3dde-42b5-b01a-58c95bf80430@group-8039453F51C4-StateMachineUpdater] INFO  impl.StateMachineUpdater (StateMachineUpdater.java:takeSnapshot(307)) - 86838f6f-3dde-42b5-b01a-58c95bf80430@group-8039453F51C4-StateMachineUpdater: Took a snapshot at index 4
2025-07-19 06:07:15,735 [86838f6f-3dde-42b5-b01a-58c95bf80430@group-8039453F51C4-StateMachineUpdater] INFO  impl.StateMachineUpdater (StateMachineUpdater.java:lambda$new$0(101)) - 86838f6f-3dde-42b5-b01a-58c95bf80430@group-8039453F51C4-StateMachineUpdater: snapshotIndex: updateIncreasingly 2 -> 4
2025-07-19 06:07:15,735 [aa0cb613-fc94-4131-90ab-17bcd78458c4@group-8039453F51C4-StateMachineUpdater] INFO  ratis.ContainerStateMachine (ContainerStateMachine.java:takeSnapshot(436)) - group-8039453F51C4: Finished taking a snapshot at:(t:1, i:1) file:/home/runner/work/ozone/ozone/hadoop-ozone/integration-test/target/test-dir/MiniOzoneClusterImpl-09c4c6e1-5ab0-4195-ac7b-5aec6defaa36/ozone-meta/datanode-2/ratis/8087f958-22a4-4a04-9a20-8039453f51c4/sm/snapshot.1_1 took: 5 ms
2025-07-19 06:07:15,736 [aa0cb613-fc94-4131-90ab-17bcd78458c4@group-8039453F51C4-StateMachineUpdater] INFO  impl.StateMachineUpdater (StateMachineUpdater.java:takeSnapshot(307)) - aa0cb613-fc94-4131-90ab-17bcd78458c4@group-8039453F51C4-StateMachineUpdater: Took a snapshot at index 1
2025-07-19 06:07:15,736 [aa0cb613-fc94-4131-90ab-17bcd78458c4@group-8039453F51C4-StateMachineUpdater] INFO  impl.StateMachineUpdater (StateMachineUpdater.java:lambda$new$0(101)) - aa0cb613-fc94-4131-90ab-17bcd78458c4@group-8039453F51C4-StateMachineUpdater: snapshotIndex: updateIncreasingly 0 -> 1
2025-07-19 06:07:15,751 [7e15f5a0-0f8f-4a50-92e4-d2f5038b0085-ChunkWriter-2-0] ERROR helpers.ContainerUtils (ContainerUtils.java:getChunkDir(273)) - Chunks dir /home/runner/work/ozone/ozone/hadoop-ozone/integration-test/target/test-dir/MiniOzoneClusterImpl-09c4c6e1-5ab0-4195-ac7b-5aec6defaa36/ozone-meta/datanode-1/data-0/hdds/09c4c6e1-5ab0-4195-ac7b-5aec6defaa36/current/containerDir0/2/chunks does not exist
2025-07-19 06:07:15,752 [7e15f5a0-0f8f-4a50-92e4-d2f5038b0085-ChunkWriter-2-0] WARN  keyvalue.KeyValueHandler (ContainerUtils.java:logAndReturnError(94)) - Operation: WriteChunk , Trace ID:  , Message: Chunks directory /home/runner/work/ozone/ozone/hadoop-ozone/integration-test/target/test-dir/MiniOzoneClusterImpl-09c4c6e1-5ab0-4195-ac7b-5aec6defaa36/ozone-meta/datanode-1/data-0/hdds/09c4c6e1-5ab0-4195-ac7b-5aec6defaa36/current/containerDir0/2/chunks does not exist. , Result: UNABLE_TO_FIND_DATA_DIR , StorageContainerException Occurred.
org.apache.hadoop.hdds.scm.container.common.helpers.StorageContainerException: Chunks directory /home/runner/work/ozone/ozone/hadoop-ozone/integration-test/target/test-dir/MiniOzoneClusterImpl-09c4c6e1-5ab0-4195-ac7b-5aec6defaa36/ozone-meta/datanode-1/data-0/hdds/09c4c6e1-5ab0-4195-ac7b-5aec6defaa36/current/containerDir0/2/chunks does not exist.
	at org.apache.hadoop.ozone.container.common.helpers.ContainerUtils.getChunkDir(ContainerUtils.java:275)
	at org.apache.hadoop.ozone.container.common.impl.ContainerLayoutVersion.getChunkFile(ContainerLayoutVersion.java:115)
	at org.apache.hadoop.ozone.container.keyvalue.impl.FilePerBlockStrategy.getChunkFile(FilePerBlockStrategy.java:300)
	at org.apache.hadoop.ozone.container.keyvalue.impl.FilePerBlockStrategy.writeChunk(FilePerBlockStrategy.java:148)
	at org.apache.hadoop.ozone.container.keyvalue.impl.ChunkManagerDispatcher.writeChunk(ChunkManagerDispatcher.java:70)
	at org.apache.hadoop.ozone.container.keyvalue.KeyValueHandler.handleWriteChunk(KeyValueHandler.java:1029)
	at org.apache.hadoop.ozone.container.keyvalue.KeyValueHandler.dispatchRequest(KeyValueHandler.java:342)
	at org.apache.hadoop.ozone.container.keyvalue.KeyValueHandler.handle(KeyValueHandler.java:293)
	at org.apache.hadoop.ozone.container.common.impl.HddsDispatcher.dispatchRequest(HddsDispatcher.java:365)
	at org.apache.hadoop.ozone.container.common.impl.HddsDispatcher.lambda$dispatch$1(HddsDispatcher.java:190)
	at org.apache.hadoop.hdds.server.OzoneProtocolMessageDispatcher.processRequest(OzoneProtocolMessageDispatcher.java:87)
	at org.apache.hadoop.ozone.container.common.impl.HddsDispatcher.dispatch(HddsDispatcher.java:189)
	at org.apache.hadoop.ozone.container.common.transport.server.ratis.ContainerStateMachine.dispatchCommand(ContainerStateMachine.java:567)
	at org.apache.hadoop.ozone.container.common.transport.server.ratis.ContainerStateMachine.lambda$writeStateMachineData$2(ContainerStateMachine.java:622)
	at java.base/java.util.concurrent.FutureTask.run(FutureTask.java:317)
	at java.base/java.util.concurrent.ThreadPoolExecutor.runWorker(ThreadPoolExecutor.java:1144)
	at java.base/java.util.concurrent.ThreadPoolExecutor$Worker.run(ThreadPoolExecutor.java:642)
	at java.base/java.lang.Thread.run(Thread.java:1583)
2025-07-19 06:07:15,752 [aa0cb613-fc94-4131-90ab-17bcd78458c4-ChunkWriter-2-0] ERROR helpers.ContainerUtils (ContainerUtils.java:getChunkDir(273)) - Chunks dir /home/runner/work/ozone/ozone/hadoop-ozone/integration-test/target/test-dir/MiniOzoneClusterImpl-09c4c6e1-5ab0-4195-ac7b-5aec6defaa36/ozone-meta/datanode-2/data-0/hdds/09c4c6e1-5ab0-4195-ac7b-5aec6defaa36/current/containerDir0/2/chunks does not exist
2025-07-19 06:07:15,754 [aa0cb613-fc94-4131-90ab-17bcd78458c4-ChunkWriter-2-0] WARN  keyvalue.KeyValueHandler (ContainerUtils.java:logAndReturnError(94)) - Operation: WriteChunk , Trace ID:  , Message: Chunks directory /home/runner/work/ozone/ozone/hadoop-ozone/integration-test/target/test-dir/MiniOzoneClusterImpl-09c4c6e1-5ab0-4195-ac7b-5aec6defaa36/ozone-meta/datanode-2/data-0/hdds/09c4c6e1-5ab0-4195-ac7b-5aec6defaa36/current/containerDir0/2/chunks does not exist. , Result: UNABLE_TO_FIND_DATA_DIR , StorageContainerException Occurred.
org.apache.hadoop.hdds.scm.container.common.helpers.StorageContainerException: Chunks directory /home/runner/work/ozone/ozone/hadoop-ozone/integration-test/target/test-dir/MiniOzoneClusterImpl-09c4c6e1-5ab0-4195-ac7b-5aec6defaa36/ozone-meta/datanode-2/data-0/hdds/09c4c6e1-5ab0-4195-ac7b-5aec6defaa36/current/containerDir0/2/chunks does not exist.
	at org.apache.hadoop.ozone.container.common.helpers.ContainerUtils.getChunkDir(ContainerUtils.java:275)
	at org.apache.hadoop.ozone.container.common.impl.ContainerLayoutVersion.getChunkFile(ContainerLayoutVersion.java:115)
	at org.apache.hadoop.ozone.container.keyvalue.impl.FilePerBlockStrategy.getChunkFile(FilePerBlockStrategy.java:300)
	at org.apache.hadoop.ozone.container.keyvalue.impl.FilePerBlockStrategy.writeChunk(FilePerBlockStrategy.java:148)
	at org.apache.hadoop.ozone.container.keyvalue.impl.ChunkManagerDispatcher.writeChunk(ChunkManagerDispatcher.java:70)
	at org.apache.hadoop.ozone.container.keyvalue.KeyValueHandler.handleWriteChunk(KeyValueHandler.java:1029)
	at org.apache.hadoop.ozone.container.keyvalue.KeyValueHandler.dispatchRequest(KeyValueHandler.java:342)
	at org.apache.hadoop.ozone.container.keyvalue.KeyValueHandler.handle(KeyValueHandler.java:293)
	at org.apache.hadoop.ozone.container.common.impl.HddsDispatcher.dispatchRequest(HddsDispatcher.java:365)
	at org.apache.hadoop.ozone.container.common.impl.HddsDispatcher.lambda$dispatch$1(HddsDispatcher.java:190)
	at org.apache.hadoop.hdds.server.OzoneProtocolMessageDispatcher.processRequest(OzoneProtocolMessageDispatcher.java:87)
	at org.apache.hadoop.ozone.container.common.impl.HddsDispatcher.dispatch(HddsDispatcher.java:189)
	at org.apache.hadoop.ozone.container.common.transport.server.ratis.ContainerStateMachine.dispatchCommand(ContainerStateMachine.java:567)
	at org.apache.hadoop.ozone.container.common.transport.server.ratis.ContainerStateMachine.lambda$writeStateMachineData$2(ContainerStateMachine.java:622)
	at java.base/java.util.concurrent.FutureTask.run(FutureTask.java:317)
	at java.base/java.util.concurrent.ThreadPoolExecutor.runWorker(ThreadPoolExecutor.java:1144)
	at java.base/java.util.concurrent.ThreadPoolExecutor$Worker.run(ThreadPoolExecutor.java:642)
	at java.base/java.lang.Thread.run(Thread.java:1583)
2025-07-19 06:07:15,758 [7e15f5a0-0f8f-4a50-92e4-d2f5038b0085-ChunkWriter-2-0] WARN  keyvalue.KeyValueContainer (KeyValueContainer.java:markContainerUnhealthy(397)) - Marked container UNHEALTHY from OPEN: KeyValueContainerData #2 (UNHEALTHY, non-empty, ri=0, origin=[dn_7e15f5a0-0f8f-4a50-92e4-d2f5038b0085, pipeline_8087f958-22a4-4a04-9a20-8039453f51c4])
2025-07-19 06:07:15,758 [aa0cb613-fc94-4131-90ab-17bcd78458c4-ChunkWriter-2-0] WARN  keyvalue.KeyValueContainer (KeyValueContainer.java:markContainerUnhealthy(397)) - Marked container UNHEALTHY from OPEN: KeyValueContainerData #2 (UNHEALTHY, non-empty, ri=0, origin=[dn_aa0cb613-fc94-4131-90ab-17bcd78458c4, pipeline_8087f958-22a4-4a04-9a20-8039453f51c4])
2025-07-19 06:07:15,759 [7e15f5a0-0f8f-4a50-92e4-d2f5038b0085-ChunkWriter-2-0] WARN  keyvalue.KeyValueHandler (KeyValueHandler.java:updateAndGetContainerChecksum(1451)) - Container data checksum updated from 0 to 1bdd5b56
2025-07-19 06:07:15,759 [aa0cb613-fc94-4131-90ab-17bcd78458c4-ChunkWriter-2-0] WARN  keyvalue.KeyValueHandler (KeyValueHandler.java:updateAndGetContainerChecksum(1451)) - Container data checksum updated from 0 to 1bdd5b56
2025-07-19T06:07:15.760465500Z aa0cb613-fc94-4131-90ab-17bcd78458c4-ChunkWriter-2-0 ERROR ID=2 | Index=0 | BCSID=2 | State=UNHEALTHY | Volume=/home/runner/work/ozone/ozone/hadoop-ozone/integration-test/target/test-dir/MiniOzoneClusterImpl-09c4c6e1-5ab0-4195-ac7b-5aec6defaa36/ozone-meta/datanode-2/data-0/hdds | DataChecksum=1bdd5b56 | Container has 1 error: WRITE_FAILURE for file /home/runner/work/ozone/ozone/hadoop-ozone/integration-test/target/test-dir/MiniOzoneClusterImpl-09c4c6e1-5ab0-4195-ac7b-5aec6defaa36/ozone-meta/datanode-2/data-0/hdds/09c4c6e1-5ab0-4195-ac7b-5aec6defaa36/current/containerDir0/2 with exception: org.apache.hadoop.hdds.scm.container.common.helpers.StorageContainerException2025-07-19T06:07:15.760465496Z 7e15f5a0-0f8f-4a50-92e4-d2f5038b0085-ChunkWriter-2-0 ERROR ID=2 | Index=0 | BCSID=2 | State=UNHEALTHY | Volume=/home/runner/work/ozone/ozone/hadoop-ozone/integration-test/target/test-dir/MiniOzoneClusterImpl-09c4c6e1-5ab0-4195-ac7b-5aec6defaa36/ozone-meta/datanode-1/data-0/hdds | DataChecksum=1bdd5b56 | Container has 1 error: WRITE_FAILURE for file /home/runner/work/ozone/ozone/hadoop-ozone/integration-test/target/test-dir/MiniOzoneClusterImpl-09c4c6e1-5ab0-4195-ac7b-5aec6defaa36/ozone-meta/datanode-1/data-0/hdds/09c4c6e1-5ab0-4195-ac7b-5aec6defaa36/current/containerDir0/2 with exception: org.apache.hadoop.hdds.scm.container.common.helpers.StorageContainerException2025-07-19 06:07:15,760 [aa0cb613-fc94-4131-90ab-17bcd78458c4-ChunkWriter-2-0] INFO  impl.HddsDispatcher (HddsDispatcher.java:dispatchRequest(411)) - Marked Container UNHEALTHY, ContainerID: 2
2025-07-19 06:07:15,761 [7e15f5a0-0f8f-4a50-92e4-d2f5038b0085-ChunkWriter-2-0] INFO  impl.HddsDispatcher (HddsDispatcher.java:dispatchRequest(411)) - Marked Container UNHEALTHY, ContainerID: 2
2025-07-19 06:07:15,762 [FixedThreadPoolWithAffinityExecutor-8-0] INFO  container.IncrementalContainerReportHandler (AbstractContainerReportHandler.java:updateContainerState(253)) - FINALIZE (i.e. CLOSING) Container #2 (OPEN, sid=0) r0 (UNHEALTHY, bcsid=2, origin=aa0cb613-fc94-4131-90ab-17bcd78458c4, non-empty) from dn aa0cb613-fc94-4131-90ab-17bcd78458c4(localhost/127.0.0.1)
2025-07-19T06:07:15.766955563Z 7e15f5a0-0f8f-4a50-92e4-d2f5038b0085-ChunkWriter-2-0 ERROR user=null | ip=null | op=WRITE_CHUNK {blockData=conID: 2 locID: 115816896921600002 bcsId: 2 replicaIndex: 0, offset=5, size=10, stage=WRITE_DATA} | ret=FAILURE
java.lang.Exception: Chunks directory /home/runner/work/ozone/ozone/hadoop-ozone/integration-test/target/test-dir/MiniOzoneClusterImpl-09c4c6e1-5ab0-4195-ac7b-5aec6defaa36/ozone-meta/datanode-1/data-0/hdds/09c4c6e1-5ab0-4195-ac7b-5aec6defaa36/current/containerDir0/2/chunks does not exist.
	at org.apache.hadoop.ozone.container.common.impl.HddsDispatcher.dispatchRequest(HddsDispatcher.java:439)
	at org.apache.hadoop.ozone.container.common.impl.HddsDispatcher.lambda$dispatch$1(HddsDispatcher.java:190)
	at org.apache.hadoop.hdds.server.OzoneProtocolMessageDispatcher.processRequest(OzoneProtocolMessageDispatcher.java:87)
	at org.apache.hadoop.ozone.container.common.impl.HddsDispatcher.dispatch(HddsDispatcher.java:189)
	at org.apache.hadoop.ozone.container.common.transport.server.ratis.ContainerStateMachine.dispatchCommand(ContainerStateMachine.java:567)
	at org.apache.hadoop.ozone.container.common.transport.server.ratis.ContainerStateMachine.lambda$writeStateMachineData$2(ContainerStateMachine.java:622)
	at java.base/java.util.concurrent.FutureTask.run(FutureTask.java:317)
	at java.base/java.util.concurrent.ThreadPoolExecutor.runWorker(ThreadPoolExecutor.java:1144)
	at java.base/java.util.concurrent.ThreadPoolExecutor$Worker.run(ThreadPoolExecutor.java:642)
	at java.base/java.lang.Thread.run(Thread.java:1583)
2025-07-19T06:07:15.767142867Z aa0cb613-fc94-4131-90ab-17bcd78458c4-ChunkWriter-2-0 ERROR user=null | ip=null | op=WRITE_CHUNK {blockData=conID: 2 locID: 115816896921600002 bcsId: 2 replicaIndex: 0, offset=5, size=10, stage=WRITE_DATA} | ret=FAILURE
java.lang.Exception: Chunks directory /home/runner/work/ozone/ozone/hadoop-ozone/integration-test/target/test-dir/MiniOzoneClusterImpl-09c4c6e1-5ab0-4195-ac7b-5aec6defaa36/ozone-meta/datanode-2/data-0/hdds/09c4c6e1-5ab0-4195-ac7b-5aec6defaa36/current/containerDir0/2/chunks does not exist.
	at org.apache.hadoop.ozone.container.common.impl.HddsDispatcher.dispatchRequest(HddsDispatcher.java:439)
	at org.apache.hadoop.ozone.container.common.impl.HddsDispatcher.lambda$dispatch$1(HddsDispatcher.java:190)
	at org.apache.hadoop.hdds.server.OzoneProtocolMessageDispatcher.processRequest(OzoneProtocolMessageDispatcher.java:87)
	at org.apache.hadoop.ozone.container.common.impl.HddsDispatcher.dispatch(HddsDispatcher.java:189)
	at org.apache.hadoop.ozone.container.common.transport.server.ratis.ContainerStateMachine.dispatchCommand(ContainerStateMachine.java:567)
	at org.apache.hadoop.ozone.container.common.transport.server.ratis.ContainerStateMachine.lambda$writeStateMachineData$2(ContainerStateMachine.java:622)
	at java.base/java.util.concurrent.FutureTask.run(FutureTask.java:317)
	at java.base/java.util.concurrent.ThreadPoolExecutor.runWorker(ThreadPoolExecutor.java:1144)
	at java.base/java.util.concurrent.ThreadPoolExecutor$Worker.run(ThreadPoolExecutor.java:642)
	at java.base/java.lang.Thread.run(Thread.java:1583)
2025-07-19 06:07:15,767 [7e15f5a0-0f8f-4a50-92e4-d2f5038b0085-ChunkWriter-2-0] ERROR ratis.ContainerStateMachine (ContainerStateMachine.java:handleCommandResult(662)) - group-8039453F51C4: writeChunk writeStateMachineData failed: blockIdcontainerID: 2
localID: 115816896921600002
blockCommitSequenceId: 2
replicaIndex: 0
 logIndex 5 chunkName 115816896921600002_chunk_2 Error message: Chunks directory /home/runner/work/ozone/ozone/hadoop-ozone/integration-test/target/test-dir/MiniOzoneClusterImpl-09c4c6e1-5ab0-4195-ac7b-5aec6defaa36/ozone-meta/datanode-1/data-0/hdds/09c4c6e1-5ab0-4195-ac7b-5aec6defaa36/current/containerDir0/2/chunks does not exist. Container Result: UNABLE_TO_FIND_DATA_DIR
2025-07-19 06:07:15,767 [aa0cb613-fc94-4131-90ab-17bcd78458c4-ChunkWriter-2-0] ERROR ratis.ContainerStateMachine (ContainerStateMachine.java:handleCommandResult(662)) - group-8039453F51C4: writeChunk writeStateMachineData failed: blockIdcontainerID: 2
localID: 115816896921600002
blockCommitSequenceId: 2
replicaIndex: 0
 logIndex 5 chunkName 115816896921600002_chunk_2 Error message: Chunks directory /home/runner/work/ozone/ozone/hadoop-ozone/integration-test/target/test-dir/MiniOzoneClusterImpl-09c4c6e1-5ab0-4195-ac7b-5aec6defaa36/ozone-meta/datanode-2/data-0/hdds/09c4c6e1-5ab0-4195-ac7b-5aec6defaa36/current/containerDir0/2/chunks does not exist. Container Result: UNABLE_TO_FIND_DATA_DIR
2025-07-19 06:07:15,768 [7e15f5a0-0f8f-4a50-92e4-d2f5038b0085@group-8039453F51C4-SegmentedRaftLogWorker] ERROR ratis.ContainerStateMachine (ContainerStateMachine.java:notifyLogFailed(1268)) - group-8039453F51C4: (t:1, i:5) cmdType: WriteChunk traceID: "" containerID: 2 datanodeUuid: "aa0cb613-fc94-4131-90ab-17bcd78458c4" pipelineID: "8087f958-22a4-4a04-9a20-8039453f51c4" writeChunk { blockID { containerID: 2 localID: 115816896921600002 blockCommitSequenceId: 2 replicaIndex: 0 } chunkData { chunkName: "115816896921600002_chunk_2" offset: 5 len: 10 checksumData { type: CRC32 bytesPerChecksum: 16384 checksums: "\317\357R*" } } } version: 3, container path=/home/runner/work/ozone/ozone/hadoop-ozone/integration-test/target/test-dir/MiniOzoneClusterImpl-09c4c6e1-5ab0-4195-ac7b-5aec6defaa36/ozone-meta/datanode-1/data-0/hdds/09c4c6e1-5ab0-4195-ac7b-5aec6defaa36/current/containerDir0/2
org.apache.hadoop.hdds.scm.container.common.helpers.StorageContainerException: Chunks directory /home/runner/work/ozone/ozone/hadoop-ozone/integration-test/target/test-dir/MiniOzoneClusterImpl-09c4c6e1-5ab0-4195-ac7b-5aec6defaa36/ozone-meta/datanode-1/data-0/hdds/09c4c6e1-5ab0-4195-ac7b-5aec6defaa36/current/containerDir0/2/chunks does not exist.
	at org.apache.hadoop.ozone.container.common.transport.server.ratis.ContainerStateMachine.handleCommandResult(ContainerStateMachine.java:661)
	at org.apache.hadoop.ozone.container.common.transport.server.ratis.ContainerStateMachine.lambda$writeStateMachineData$2(ContainerStateMachine.java:623)
	at java.base/java.util.concurrent.FutureTask.run(FutureTask.java:317)
	at java.base/java.util.concurrent.ThreadPoolExecutor.runWorker(ThreadPoolExecutor.java:1144)
	at java.base/java.util.concurrent.ThreadPoolExecutor$Worker.run(ThreadPoolExecutor.java:642)
	at java.base/java.lang.Thread.run(Thread.java:1583)
2025-07-19 06:07:15,769 [EventQueue-CloseContainerForCloseContainerEventHandler] INFO  container.CloseContainerEventHandler (CloseContainerEventHandler.java:onMessage(88)) - Close container Event triggered for container : #2, current state: CLOSING
2025-07-19 06:07:15,768 [aa0cb613-fc94-4131-90ab-17bcd78458c4@group-8039453F51C4-SegmentedRaftLogWorker] ERROR ratis.ContainerStateMachine (ContainerStateMachine.java:notifyLogFailed(1268)) - group-8039453F51C4: (t:1, i:5) cmdType: WriteChunk traceID: "" containerID: 2 datanodeUuid: "aa0cb613-fc94-4131-90ab-17bcd78458c4" pipelineID: "8087f958-22a4-4a04-9a20-8039453f51c4" writeChunk { blockID { containerID: 2 localID: 115816896921600002 blockCommitSequenceId: 2 replicaIndex: 0 } chunkData { chunkName: "115816896921600002_chunk_2" offset: 5 len: 10 checksumData { type: CRC32 bytesPerChecksum: 16384 checksums: "\317\357R*" } } } version: 3, container path=/home/runner/work/ozone/ozone/hadoop-ozone/integration-test/target/test-dir/MiniOzoneClusterImpl-09c4c6e1-5ab0-4195-ac7b-5aec6defaa36/ozone-meta/datanode-2/data-0/hdds/09c4c6e1-5ab0-4195-ac7b-5aec6defaa36/current/containerDir0/2
org.apache.hadoop.hdds.scm.container.common.helpers.StorageContainerException: Chunks directory /home/runner/work/ozone/ozone/hadoop-ozone/integration-test/target/test-dir/MiniOzoneClusterImpl-09c4c6e1-5ab0-4195-ac7b-5aec6defaa36/ozone-meta/datanode-2/data-0/hdds/09c4c6e1-5ab0-4195-ac7b-5aec6defaa36/current/containerDir0/2/chunks does not exist.
	at org.apache.hadoop.ozone.container.common.transport.server.ratis.ContainerStateMachine.handleCommandResult(ContainerStateMachine.java:661)
	at org.apache.hadoop.ozone.container.common.transport.server.ratis.ContainerStateMachine.lambda$writeStateMachineData$2(ContainerStateMachine.java:623)
	at java.base/java.util.concurrent.FutureTask.run(FutureTask.java:317)
	at java.base/java.util.concurrent.ThreadPoolExecutor.runWorker(ThreadPoolExecutor.java:1144)
	at java.base/java.util.concurrent.ThreadPoolExecutor$Worker.run(ThreadPoolExecutor.java:642)
	at java.base/java.lang.Thread.run(Thread.java:1583)
2025-07-19 06:07:15,773 [EventQueue-CloseContainerForCloseContainerEventHandler] INFO  container.CloseContainerEventHandler (CloseContainerEventHandler.java:onMessage(88)) - Close container Event triggered for container : #2, current state: CLOSING
2025-07-19 06:07:15,781 [7e15f5a0-0f8f-4a50-92e4-d2f5038b0085@group-8039453F51C4-SegmentedRaftLogWorker] WARN  ratis.XceiverServerRatis (XceiverServerRatis.java:triggerPipelineClose(758)) - pipeline Action CLOSE on pipeline Pipeline-8087f958-22a4-4a04-9a20-8039453f51c4.Reason : Chunks directory /home/runner/work/ozone/ozone/hadoop-ozone/integration-test/target/test-dir/MiniOzoneClusterImpl-09c4c6e1-5ab0-4195-ac7b-5aec6defaa36/ozone-meta/datanode-1/data-0/hdds/09c4c6e1-5ab0-4195-ac7b-5aec6defaa36/current/containerDir0/2/chunks does not exist.
2025-07-19 06:07:15,783 [7e15f5a0-0f8f-4a50-92e4-d2f5038b0085-server-thread1] WARN  server.GrpcServerProtocolService (LogUtils.java:warn(129)) - 7e15f5a0-0f8f-4a50-92e4-d2f5038b0085: Failed APPEND_ENTRIES request 86838f6f-3dde-42b5-b01a-58c95bf80430->7e15f5a0-0f8f-4a50-92e4-d2f5038b0085#15-t1,previous=(t:1, i:4),leaderCommit=4,initializing? false,entries: size=1, first=(t:1, i:5), STATEMACHINELOGENTRY, WRITE: logData.size=154, stateMachineData.size=10, logEntryProtoSerializedSize=0
java.util.concurrent.CompletionException: org.apache.hadoop.hdds.scm.container.common.helpers.StorageContainerException: Chunks directory /home/runner/work/ozone/ozone/hadoop-ozone/integration-test/target/test-dir/MiniOzoneClusterImpl-09c4c6e1-5ab0-4195-ac7b-5aec6defaa36/ozone-meta/datanode-1/data-0/hdds/09c4c6e1-5ab0-4195-ac7b-5aec6defaa36/current/containerDir0/2/chunks does not exist.
	at java.base/java.util.concurrent.CompletableFuture.encodeThrowable(CompletableFuture.java:332)
	at java.base/java.util.concurrent.CompletableFuture.completeThrowable(CompletableFuture.java:347)
	at java.base/java.util.concurrent.CompletableFuture$BiRelay.tryFire(CompletableFuture.java:1498)
	at java.base/java.util.concurrent.CompletableFuture$CoCompletion.tryFire(CompletableFuture.java:1219)
	at java.base/java.util.concurrent.CompletableFuture.postComplete(CompletableFuture.java:510)
	at java.base/java.util.concurrent.CompletableFuture.completeExceptionally(CompletableFuture.java:2194)
	at org.apache.ratis.server.raftlog.segmented.SegmentedRaftLog$Task.failed(SegmentedRaftLog.java:109)
	at org.apache.ratis.server.raftlog.segmented.SegmentedRaftLogWorker$WriteLog.failed(SegmentedRaftLogWorker.java:530)
	at org.apache.ratis.server.raftlog.segmented.SegmentedRaftLogWorker.run(SegmentedRaftLogWorker.java:326)
	at java.base/java.util.concurrent.Executors$RunnableAdapter.call(Executors.java:572)
	at java.base/java.util.concurrent.FutureTask.run(FutureTask.java:317)
	at java.base/java.util.concurrent.ThreadPoolExecutor.runWorker(ThreadPoolExecutor.java:1144)
	at java.base/java.util.concurrent.ThreadPoolExecutor$Worker.run(ThreadPoolExecutor.java:642)
	at java.base/java.lang.Thread.run(Thread.java:1583)
Caused by: org.apache.hadoop.hdds.scm.container.common.helpers.StorageContainerException: Chunks directory /home/runner/work/ozone/ozone/hadoop-ozone/integration-test/target/test-dir/MiniOzoneClusterImpl-09c4c6e1-5ab0-4195-ac7b-5aec6defaa36/ozone-meta/datanode-1/data-0/hdds/09c4c6e1-5ab0-4195-ac7b-5aec6defaa36/current/containerDir0/2/chunks does not exist.
	at org.apache.hadoop.ozone.container.common.transport.server.ratis.ContainerStateMachine.handleCommandResult(ContainerStateMachine.java:661)
	at org.apache.hadoop.ozone.container.common.transport.server.ratis.ContainerStateMachine.lambda$writeStateMachineData$2(ContainerStateMachine.java:623)
	... 4 more
2025-07-19 06:07:15,784 [aa0cb613-fc94-4131-90ab-17bcd78458c4@group-8039453F51C4-SegmentedRaftLogWorker] WARN  ratis.XceiverServerRatis (XceiverServerRatis.java:triggerPipelineClose(758)) - pipeline Action CLOSE on pipeline Pipeline-8087f958-22a4-4a04-9a20-8039453f51c4.Reason : Chunks directory /home/runner/work/ozone/ozone/hadoop-ozone/integration-test/target/test-dir/MiniOzoneClusterImpl-09c4c6e1-5ab0-4195-ac7b-5aec6defaa36/ozone-meta/datanode-2/data-0/hdds/09c4c6e1-5ab0-4195-ac7b-5aec6defaa36/current/containerDir0/2/chunks does not exist.
2025-07-19 06:07:15,785 [aa0cb613-fc94-4131-90ab-17bcd78458c4-server-thread1] WARN  server.GrpcServerProtocolService (LogUtils.java:warn(129)) - aa0cb613-fc94-4131-90ab-17bcd78458c4: Failed APPEND_ENTRIES request 86838f6f-3dde-42b5-b01a-58c95bf80430->aa0cb613-fc94-4131-90ab-17bcd78458c4#11-t1,previous=(t:1, i:5),leaderCommit=4,initializing? false,entries: size=1, first=(t:1, i:6), STATEMACHINELOGENTRY, WRITE: logData.size=217, stateMachineData.size=0, logEntryProtoSerializedSize=0
java.util.concurrent.CompletionException: org.apache.hadoop.hdds.scm.container.common.helpers.StorageContainerException: Chunks directory /home/runner/work/ozone/ozone/hadoop-ozone/integration-test/target/test-dir/MiniOzoneClusterImpl-09c4c6e1-5ab0-4195-ac7b-5aec6defaa36/ozone-meta/datanode-2/data-0/hdds/09c4c6e1-5ab0-4195-ac7b-5aec6defaa36/current/containerDir0/2/chunks does not exist.
	at java.base/java.util.concurrent.CompletableFuture.encodeThrowable(CompletableFuture.java:332)
	at java.base/java.util.concurrent.CompletableFuture.completeThrowable(CompletableFuture.java:347)
	at java.base/java.util.concurrent.CompletableFuture$BiRelay.tryFire(CompletableFuture.java:1498)
	at java.base/java.util.concurrent.CompletableFuture$CoCompletion.tryFire(CompletableFuture.java:1219)
	at java.base/java.util.concurrent.CompletableFuture.postComplete(CompletableFuture.java:510)
	at java.base/java.util.concurrent.CompletableFuture.completeExceptionally(CompletableFuture.java:2194)
	at org.apache.ratis.server.raftlog.segmented.SegmentedRaftLog$Task.failed(SegmentedRaftLog.java:109)
	at org.apache.ratis.server.raftlog.segmented.SegmentedRaftLogWorker$WriteLog.failed(SegmentedRaftLogWorker.java:530)
	at org.apache.ratis.server.raftlog.segmented.SegmentedRaftLogWorker.run(SegmentedRaftLogWorker.java:326)
	at java.base/java.util.concurrent.Executors$RunnableAdapter.call(Executors.java:572)
	at java.base/java.util.concurrent.FutureTask.run(FutureTask.java:317)
	at java.base/java.util.concurrent.ThreadPoolExecutor.runWorker(ThreadPoolExecutor.java:1144)
	at java.base/java.util.concurrent.ThreadPoolExecutor$Worker.run(ThreadPoolExecutor.java:642)
	at java.base/java.lang.Thread.run(Thread.java:1583)
Caused by: org.apache.hadoop.hdds.scm.container.common.helpers.StorageContainerException: Chunks directory /home/runner/work/ozone/ozone/hadoop-ozone/integration-test/target/test-dir/MiniOzoneClusterImpl-09c4c6e1-5ab0-4195-ac7b-5aec6defaa36/ozone-meta/datanode-2/data-0/hdds/09c4c6e1-5ab0-4195-ac7b-5aec6defaa36/current/containerDir0/2/chunks does not exist.
	at org.apache.hadoop.ozone.container.common.transport.server.ratis.ContainerStateMachine.handleCommandResult(ContainerStateMachine.java:661)
	at org.apache.hadoop.ozone.container.common.transport.server.ratis.ContainerStateMachine.lambda$writeStateMachineData$2(ContainerStateMachine.java:623)
	... 4 more
2025-07-19 06:07:15,788 [aa0cb613-fc94-4131-90ab-17bcd78458c4-server-thread2] WARN  server.GrpcServerProtocolService (LogUtils.java:warn(129)) - aa0cb613-fc94-4131-90ab-17bcd78458c4: Failed APPEND_ENTRIES request 86838f6f-3dde-42b5-b01a-58c95bf80430->aa0cb613-fc94-4131-90ab-17bcd78458c4#10-t1,previous=(t:1, i:4),leaderCommit=4,initializing? false,entries: size=1, first=(t:1, i:5), STATEMACHINELOGENTRY, WRITE: logData.size=154, stateMachineData.size=10, logEntryProtoSerializedSize=0
java.util.concurrent.CompletionException: org.apache.hadoop.hdds.scm.container.common.helpers.StorageContainerException: Chunks directory /home/runner/work/ozone/ozone/hadoop-ozone/integration-test/target/test-dir/MiniOzoneClusterImpl-09c4c6e1-5ab0-4195-ac7b-5aec6defaa36/ozone-meta/datanode-2/data-0/hdds/09c4c6e1-5ab0-4195-ac7b-5aec6defaa36/current/containerDir0/2/chunks does not exist.
	at java.base/java.util.concurrent.CompletableFuture.encodeThrowable(CompletableFuture.java:332)
	at java.base/java.util.concurrent.CompletableFuture.completeThrowable(CompletableFuture.java:347)
	at java.base/java.util.concurrent.CompletableFuture$BiRelay.tryFire(CompletableFuture.java:1498)
	at java.base/java.util.concurrent.CompletableFuture$CoCompletion.tryFire(CompletableFuture.java:1219)
	at java.base/java.util.concurrent.CompletableFuture.postComplete(CompletableFuture.java:510)
	at java.base/java.util.concurrent.CompletableFuture.completeExceptionally(CompletableFuture.java:2194)
	at org.apache.ratis.server.raftlog.segmented.SegmentedRaftLog$Task.failed(SegmentedRaftLog.java:109)
	at org.apache.ratis.server.raftlog.segmented.SegmentedRaftLogWorker$WriteLog.failed(SegmentedRaftLogWorker.java:530)
	at org.apache.ratis.server.raftlog.segmented.SegmentedRaftLogWorker.run(SegmentedRaftLogWorker.java:326)
	at java.base/java.util.concurrent.Executors$RunnableAdapter.call(Executors.java:572)
	at java.base/java.util.concurrent.FutureTask.run(FutureTask.java:317)
	at java.base/java.util.concurrent.ThreadPoolExecutor.runWorker(ThreadPoolExecutor.java:1144)
	at java.base/java.util.concurrent.ThreadPoolExecutor$Worker.run(ThreadPoolExecutor.java:642)
	at java.base/java.lang.Thread.run(Thread.java:1583)
Caused by: org.apache.hadoop.hdds.scm.container.common.helpers.StorageContainerException: Chunks directory /home/runner/work/ozone/ozone/hadoop-ozone/integration-test/target/test-dir/MiniOzoneClusterImpl-09c4c6e1-5ab0-4195-ac7b-5aec6defaa36/ozone-meta/datanode-2/data-0/hdds/09c4c6e1-5ab0-4195-ac7b-5aec6defaa36/current/containerDir0/2/chunks does not exist.
	at org.apache.hadoop.ozone.container.common.transport.server.ratis.ContainerStateMachine.handleCommandResult(ContainerStateMachine.java:661)
	at org.apache.hadoop.ozone.container.common.transport.server.ratis.ContainerStateMachine.lambda$writeStateMachineData$2(ContainerStateMachine.java:623)
	... 4 more
2025-07-19 06:07:15,791 [7e15f5a0-0f8f-4a50-92e4-d2f5038b0085-server-thread2] WARN  server.GrpcServerProtocolService (LogUtils.java:warn(129)) - 7e15f5a0-0f8f-4a50-92e4-d2f5038b0085: Failed APPEND_ENTRIES request 86838f6f-3dde-42b5-b01a-58c95bf80430->7e15f5a0-0f8f-4a50-92e4-d2f5038b0085#16-t1,previous=(t:1, i:5),leaderCommit=4,initializing? false,entries: size=1, first=(t:1, i:6), STATEMACHINELOGENTRY, WRITE: logData.size=217, stateMachineData.size=0, logEntryProtoSerializedSize=0
java.util.concurrent.CompletionException: org.apache.hadoop.hdds.scm.container.common.helpers.StorageContainerException: Chunks directory /home/runner/work/ozone/ozone/hadoop-ozone/integration-test/target/test-dir/MiniOzoneClusterImpl-09c4c6e1-5ab0-4195-ac7b-5aec6defaa36/ozone-meta/datanode-1/data-0/hdds/09c4c6e1-5ab0-4195-ac7b-5aec6defaa36/current/containerDir0/2/chunks does not exist.
	at java.base/java.util.concurrent.CompletableFuture.encodeThrowable(CompletableFuture.java:332)
	at java.base/java.util.concurrent.CompletableFuture.completeThrowable(CompletableFuture.java:347)
	at java.base/java.util.concurrent.CompletableFuture$BiRelay.tryFire(CompletableFuture.java:1498)
	at java.base/java.util.concurrent.CompletableFuture$CoCompletion.tryFire(CompletableFuture.java:1219)
	at java.base/java.util.concurrent.CompletableFuture.postComplete(CompletableFuture.java:510)
	at java.base/java.util.concurrent.CompletableFuture.completeExceptionally(CompletableFuture.java:2194)
	at org.apache.ratis.server.raftlog.segmented.SegmentedRaftLog$Task.failed(SegmentedRaftLog.java:109)
	at org.apache.ratis.server.raftlog.segmented.SegmentedRaftLogWorker$WriteLog.failed(SegmentedRaftLogWorker.java:530)
	at org.apache.ratis.server.raftlog.segmented.SegmentedRaftLogWorker.run(SegmentedRaftLogWorker.java:326)
	at java.base/java.util.concurrent.Executors$RunnableAdapter.call(Executors.java:572)
	at java.base/java.util.concurrent.FutureTask.run(FutureTask.java:317)
	at java.base/java.util.concurrent.ThreadPoolExecutor.runWorker(ThreadPoolExecutor.java:1144)
	at java.base/java.util.concurrent.ThreadPoolExecutor$Worker.run(ThreadPoolExecutor.java:642)
	at java.base/java.lang.Thread.run(Thread.java:1583)
Caused by: org.apache.hadoop.hdds.scm.container.common.helpers.StorageContainerException: Chunks directory /home/runner/work/ozone/ozone/hadoop-ozone/integration-test/target/test-dir/MiniOzoneClusterImpl-09c4c6e1-5ab0-4195-ac7b-5aec6defaa36/ozone-meta/datanode-1/data-0/hdds/09c4c6e1-5ab0-4195-ac7b-5aec6defaa36/current/containerDir0/2/chunks does not exist.
	at org.apache.hadoop.ozone.container.common.transport.server.ratis.ContainerStateMachine.handleCommandResult(ContainerStateMachine.java:661)
	at org.apache.hadoop.ozone.container.common.transport.server.ratis.ContainerStateMachine.lambda$writeStateMachineData$2(ContainerStateMachine.java:623)
	... 4 more
2025-07-19 06:07:15,792 [pool-187-thread-1] WARN  keyvalue.KeyValueHandler (KeyValueHandler.java:updateAndGetContainerChecksum(1451)) - Container data checksum updated from 1bdd5b56 to 0
2025-07-19 06:07:15,794 [pool-187-thread-1] ERROR ozoneimpl.OnDemandContainerScanner (ContainerScanHelper.java:handleUnhealthyScanResult(119)) - Corruption detected in container [2]. Marking it UNHEALTHY. Container has 1 error: MISSING_CHUNKS_DIR for file /home/runner/work/ozone/ozone/hadoop-ozone/integration-test/target/test-dir/MiniOzoneClusterImpl-09c4c6e1-5ab0-4195-ac7b-5aec6defaa36/ozone-meta/datanode-2/data-0/hdds/09c4c6e1-5ab0-4195-ac7b-5aec6defaa36/current/containerDir0/2/chunks with exception: java.io.FileNotFoundException: Chunks directory /home/runner/work/ozone/ozone/hadoop-ozone/integration-test/target/test-dir/MiniOzoneClusterImpl-09c4c6e1-5ab0-4195-ac7b-5aec6defaa36/ozone-meta/datanode-2/data-0/hdds/09c4c6e1-5ab0-4195-ac7b-5aec6defaa36/current/containerDir0/2/chunks not found.
2025-07-19 06:07:15,794 [pool-171-thread-1] WARN  keyvalue.KeyValueHandler (KeyValueHandler.java:updateAndGetContainerChecksum(1451)) - Container data checksum updated from 1bdd5b56 to 0
2025-07-19 06:07:15,795 [pool-171-thread-1] ERROR ozoneimpl.OnDemandContainerScanner (ContainerScanHelper.java:handleUnhealthyScanResult(119)) - Corruption detected in container [2]. Marking it UNHEALTHY. Container has 1 error: MISSING_CHUNKS_DIR for file /home/runner/work/ozone/ozone/hadoop-ozone/integration-test/target/test-dir/MiniOzoneClusterImpl-09c4c6e1-5ab0-4195-ac7b-5aec6defaa36/ozone-meta/datanode-1/data-0/hdds/09c4c6e1-5ab0-4195-ac7b-5aec6defaa36/current/containerDir0/2/chunks with exception: java.io.FileNotFoundException: Chunks directory /home/runner/work/ozone/ozone/hadoop-ozone/integration-test/target/test-dir/MiniOzoneClusterImpl-09c4c6e1-5ab0-4195-ac7b-5aec6defaa36/ozone-meta/datanode-1/data-0/hdds/09c4c6e1-5ab0-4195-ac7b-5aec6defaa36/current/containerDir0/2/chunks not found.
2025-07-19 06:07:15,793 [EventQueue-PipelineActionsForPipelineActionHandler] INFO  pipeline.PipelineActionHandler (PipelineActionHandler.java:processPipelineAction(89)) - Received pipeline action CLOSE for Pipeline-8087f958-22a4-4a04-9a20-8039453f51c4 from datanode 7e15f5a0-0f8f-4a50-92e4-d2f5038b0085(localhost/127.0.0.1). Reason : Chunks directory /home/runner/work/ozone/ozone/hadoop-ozone/integration-test/target/test-dir/MiniOzoneClusterImpl-09c4c6e1-5ab0-4195-ac7b-5aec6defaa36/ozone-meta/datanode-1/data-0/hdds/09c4c6e1-5ab0-4195-ac7b-5aec6defaa36/current/containerDir0/2/chunks does not exist.
2025-07-19 06:07:15,798 [grpc-default-executor-4] WARN  server.GrpcLogAppender (LogUtils.java:warn(129)) - 86838f6f-3dde-42b5-b01a-58c95bf80430@group-8039453F51C4->aa0cb613-fc94-4131-90ab-17bcd78458c4-AppendLogResponseHandler: Failed appendEntries
org.apache.hadoop.hdds.scm.container.common.helpers.StorageContainerException: Chunks directory /home/runner/work/ozone/ozone/hadoop-ozone/integration-test/target/test-dir/MiniOzoneClusterImpl-09c4c6e1-5ab0-4195-ac7b-5aec6defaa36/ozone-meta/datanode-2/data-0/hdds/09c4c6e1-5ab0-4195-ac7b-5aec6defaa36/current/containerDir0/2/chunks does not exist.
	at org.apache.hadoop.ozone.container.common.transport.server.ratis.ContainerStateMachine.handleCommandResult(ContainerStateMachine.java:661)
	at org.apache.hadoop.ozone.container.common.transport.server.ratis.ContainerStateMachine.lambda$writeStateMachineData$2(ContainerStateMachine.java:623)
	at java.base/java.util.concurrent.FutureTask.run(FutureTask.java:317)
	at java.base/java.util.concurrent.ThreadPoolExecutor.runWorker(ThreadPoolExecutor.java:1144)
	at java.base/java.util.concurrent.ThreadPoolExecutor$Worker.run(ThreadPoolExecutor.java:642)
	at java.base/java.lang.Thread.run(Thread.java:1583)
2025-07-19 06:07:15,800 [grpc-default-executor-6] WARN  server.GrpcLogAppender (LogUtils.java:warn(129)) - 86838f6f-3dde-42b5-b01a-58c95bf80430@group-8039453F51C4->7e15f5a0-0f8f-4a50-92e4-d2f5038b0085-AppendLogResponseHandler: Failed appendEntries
org.apache.hadoop.hdds.scm.container.common.helpers.StorageContainerException: Chunks directory /home/runner/work/ozone/ozone/hadoop-ozone/integration-test/target/test-dir/MiniOzoneClusterImpl-09c4c6e1-5ab0-4195-ac7b-5aec6defaa36/ozone-meta/datanode-1/data-0/hdds/09c4c6e1-5ab0-4195-ac7b-5aec6defaa36/current/containerDir0/2/chunks does not exist.
	at org.apache.hadoop.ozone.container.common.transport.server.ratis.ContainerStateMachine.handleCommandResult(ContainerStateMachine.java:661)
	at org.apache.hadoop.ozone.container.common.transport.server.ratis.ContainerStateMachine.lambda$writeStateMachineData$2(ContainerStateMachine.java:623)
	at java.base/java.util.concurrent.FutureTask.run(FutureTask.java:317)
	at java.base/java.util.concurrent.ThreadPoolExecutor.runWorker(ThreadPoolExecutor.java:1144)
	at java.base/java.util.concurrent.ThreadPoolExecutor$Worker.run(ThreadPoolExecutor.java:642)
	at java.base/java.lang.Thread.run(Thread.java:1583)
2025-07-19 06:07:15,801 [EventQueue-PipelineActionsForPipelineActionHandler] INFO  pipeline.PipelineManagerImpl (PipelineManagerImpl.java:closePipeline(511)) - Pipeline Pipeline-8087f958-22a4-4a04-9a20-8039453f51c4 moved to CLOSED state
2025-07-19 06:07:15,801 [EventQueue-PipelineActionsForPipelineActionHandler] INFO  pipeline.PipelineActionHandler (PipelineActionHandler.java:processPipelineAction(89)) - Received pipeline action CLOSE for Pipeline-8087f958-22a4-4a04-9a20-8039453f51c4 from datanode aa0cb613-fc94-4131-90ab-17bcd78458c4(localhost/127.0.0.1). Reason : Chunks directory /home/runner/work/ozone/ozone/hadoop-ozone/integration-test/target/test-dir/MiniOzoneClusterImpl-09c4c6e1-5ab0-4195-ac7b-5aec6defaa36/ozone-meta/datanode-2/data-0/hdds/09c4c6e1-5ab0-4195-ac7b-5aec6defaa36/current/containerDir0/2/chunks does not exist.
2025-07-19 06:07:15,801 [EventQueue-PipelineActionsForPipelineActionHandler] INFO  pipeline.PipelineActionHandler (PipelineActionHandler.java:processPipelineAction(89)) - Received pipeline action CLOSE for Pipeline-8087f958-22a4-4a04-9a20-8039453f51c4 from datanode aa0cb613-fc94-4131-90ab-17bcd78458c4(localhost/127.0.0.1). Reason : Chunks directory /home/runner/work/ozone/ozone/hadoop-ozone/integration-test/target/test-dir/MiniOzoneClusterImpl-09c4c6e1-5ab0-4195-ac7b-5aec6defaa36/ozone-meta/datanode-2/data-0/hdds/09c4c6e1-5ab0-4195-ac7b-5aec6defaa36/current/containerDir0/2/chunks does not exist.
2025-07-19 06:07:15,801 [EventQueue-PipelineActionsForPipelineActionHandler] INFO  pipeline.PipelineActionHandler (PipelineActionHandler.java:processPipelineAction(89)) - Received pipeline action CLOSE for Pipeline-8087f958-22a4-4a04-9a20-8039453f51c4 from datanode 7e15f5a0-0f8f-4a50-92e4-d2f5038b0085(localhost/127.0.0.1). Reason : Chunks directory /home/runner/work/ozone/ozone/hadoop-ozone/integration-test/target/test-dir/MiniOzoneClusterImpl-09c4c6e1-5ab0-4195-ac7b-5aec6defaa36/ozone-meta/datanode-1/data-0/hdds/09c4c6e1-5ab0-4195-ac7b-5aec6defaa36/current/containerDir0/2/chunks does not exist.
2025-07-19 06:07:15,803 [grpc-default-executor-4] INFO  leader.LogAppender (LogAppenderBase.java:lambda$getNextIndexForError$0(215)) - Decrease nextIndex to 6
2025-07-19 06:07:15,803 [grpc-default-executor-4] INFO  leader.LogAppender (LogAppenderBase.java:lambda$getNextIndexForError$0(215)) - Decrease nextIndex to 6
2025-07-19 06:07:15,803 [grpc-default-executor-6] INFO  leader.LogAppender (LogAppenderBase.java:lambda$getNextIndexForError$0(215)) - Decrease nextIndex to 5
2025-07-19 06:07:15,803 [grpc-default-executor-6] INFO  leader.LogAppender (LogAppenderBase.java:lambda$getNextIndexForError$0(215)) - Decrease nextIndex to 5
2025-07-19 06:07:15,803 [grpc-default-executor-6] INFO  leader.FollowerInfo (FollowerInfoImpl.java:info(70)) - 86838f6f-3dde-42b5-b01a-58c95bf80430@group-8039453F51C4->7e15f5a0-0f8f-4a50-92e4-d2f5038b0085: computeNextIndex nextIndex: updateUnconditionally 7 -> 5
2025-07-19 06:07:15,804 [grpc-default-executor-4] INFO  leader.FollowerInfo (FollowerInfoImpl.java:info(70)) - 86838f6f-3dde-42b5-b01a-58c95bf80430@group-8039453F51C4->aa0cb613-fc94-4131-90ab-17bcd78458c4: computeNextIndex nextIndex: updateUnconditionally 7 -> 6
2025-07-19 06:07:15,993 [EventQueue-PipelineActionsForPipelineActionHandler] INFO  pipeline.PipelineActionHandler (PipelineActionHandler.java:processPipelineAction(89)) - Received pipeline action CLOSE for Pipeline-8087f958-22a4-4a04-9a20-8039453f51c4 from datanode aa0cb613-fc94-4131-90ab-17bcd78458c4(localhost/127.0.0.1). Reason : Chunks directory /home/runner/work/ozone/ozone/hadoop-ozone/integration-test/target/test-dir/MiniOzoneClusterImpl-09c4c6e1-5ab0-4195-ac7b-5aec6defaa36/ozone-meta/datanode-2/data-0/hdds/09c4c6e1-5ab0-4195-ac7b-5aec6defaa36/current/containerDir0/2/chunks does not exist.
2025-07-19 06:07:15,996 [EventQueue-PipelineActionsForPipelineActionHandler] INFO  pipeline.PipelineActionHandler (PipelineActionHandler.java:processPipelineAction(89)) - Received pipeline action CLOSE for Pipeline-8087f958-22a4-4a04-9a20-8039453f51c4 from datanode 7e15f5a0-0f8f-4a50-92e4-d2f5038b0085(localhost/127.0.0.1). Reason : Chunks directory /home/runner/work/ozone/ozone/hadoop-ozone/integration-test/target/test-dir/MiniOzoneClusterImpl-09c4c6e1-5ab0-4195-ac7b-5aec6defaa36/ozone-meta/datanode-1/data-0/hdds/09c4c6e1-5ab0-4195-ac7b-5aec6defaa36/current/containerDir0/2/chunks does not exist.
2025-07-19 06:07:16,080 [e6deb990-2c6c-4f88-aa04-2e44b30659d5@group-032DC0AA9B70-StateMachineUpdater] INFO  ratis.ContainerStateMachine (ContainerStateMachine.java:takeSnapshot(427)) - group-032DC0AA9B70: Taking a snapshot at:(t:1, i:0) file /home/runner/work/ozone/ozone/hadoop-ozone/integration-test/target/test-dir/MiniOzoneClusterImpl-09c4c6e1-5ab0-4195-ac7b-5aec6defaa36/ozone-meta/datanode-8/ratis/d382207d-4198-4d69-b4f6-032dc0aa9b70/sm/snapshot.1_0
2025-07-19 06:07:16,080 [e6deb990-2c6c-4f88-aa04-2e44b30659d5@group-032DC0AA9B70-StateMachineUpdater] INFO  ratis.ContainerStateMachine (ContainerStateMachine.java:takeSnapshot(436)) - group-032DC0AA9B70: Finished taking a snapshot at:(t:1, i:0) file:/home/runner/work/ozone/ozone/hadoop-ozone/integration-test/target/test-dir/MiniOzoneClusterImpl-09c4c6e1-5ab0-4195-ac7b-5aec6defaa36/ozone-meta/datanode-8/ratis/d382207d-4198-4d69-b4f6-032dc0aa9b70/sm/snapshot.1_0 took: 1 ms
2025-07-19 06:07:16,080 [e6deb990-2c6c-4f88-aa04-2e44b30659d5@group-032DC0AA9B70-StateMachineUpdater] INFO  impl.StateMachineUpdater (StateMachineUpdater.java:takeSnapshot(307)) - e6deb990-2c6c-4f88-aa04-2e44b30659d5@group-032DC0AA9B70-StateMachineUpdater: Took a snapshot at index 0
2025-07-19 06:07:16,080 [e6deb990-2c6c-4f88-aa04-2e44b30659d5@group-032DC0AA9B70-StateMachineUpdater] INFO  impl.StateMachineUpdater (StateMachineUpdater.java:lambda$new$0(101)) - e6deb990-2c6c-4f88-aa04-2e44b30659d5@group-032DC0AA9B70-StateMachineUpdater: snapshotIndex: updateIncreasingly -1 -> 0
2025-07-19 06:07:16,083 [78917b03-a842-488e-9e7c-f00b43f4ecc3@group-032DC0AA9B70-StateMachineUpdater] INFO  ratis.ContainerStateMachine (ContainerStateMachine.java:takeSnapshot(427)) - group-032DC0AA9B70: Taking a snapshot at:(t:1, i:0) file /home/runner/work/ozone/ozone/hadoop-ozone/integration-test/target/test-dir/MiniOzoneClusterImpl-09c4c6e1-5ab0-4195-ac7b-5aec6defaa36/ozone-meta/datanode-7/ratis/d382207d-4198-4d69-b4f6-032dc0aa9b70/sm/snapshot.1_0
2025-07-19 06:07:16,084 [78917b03-a842-488e-9e7c-f00b43f4ecc3@group-032DC0AA9B70-StateMachineUpdater] INFO  ratis.ContainerStateMachine (ContainerStateMachine.java:takeSnapshot(436)) - group-032DC0AA9B70: Finished taking a snapshot at:(t:1, i:0) file:/home/runner/work/ozone/ozone/hadoop-ozone/integration-test/target/test-dir/MiniOzoneClusterImpl-09c4c6e1-5ab0-4195-ac7b-5aec6defaa36/ozone-meta/datanode-7/ratis/d382207d-4198-4d69-b4f6-032dc0aa9b70/sm/snapshot.1_0 took: 1 ms
2025-07-19 06:07:16,084 [78917b03-a842-488e-9e7c-f00b43f4ecc3@group-032DC0AA9B70-StateMachineUpdater] INFO  impl.StateMachineUpdater (StateMachineUpdater.java:takeSnapshot(307)) - 78917b03-a842-488e-9e7c-f00b43f4ecc3@group-032DC0AA9B70-StateMachineUpdater: Took a snapshot at index 0
2025-07-19 06:07:16,084 [78917b03-a842-488e-9e7c-f00b43f4ecc3@group-032DC0AA9B70-StateMachineUpdater] INFO  impl.StateMachineUpdater (StateMachineUpdater.java:lambda$new$0(101)) - 78917b03-a842-488e-9e7c-f00b43f4ecc3@group-032DC0AA9B70-StateMachineUpdater: snapshotIndex: updateIncreasingly -1 -> 0
2025-07-19 06:07:16,094 [cfedd3f1-5d02-4847-a363-6f2972b00a97@group-51802BB6A696-StateMachineUpdater] INFO  ratis.ContainerStateMachine (ContainerStateMachine.java:takeSnapshot(427)) - group-51802BB6A696: Taking a snapshot at:(t:1, i:4) file /home/runner/work/ozone/ozone/hadoop-ozone/integration-test/target/test-dir/MiniOzoneClusterImpl-09c4c6e1-5ab0-4195-ac7b-5aec6defaa36/ozone-meta/datanode-4/ratis/b943f0fb-0579-4ec7-8f9b-51802bb6a696/sm/snapshot.1_4
2025-07-19 06:07:16,094 [e80b39d0-2325-4ff7-b450-1b10ae88e746@group-51802BB6A696-StateMachineUpdater] INFO  ratis.ContainerStateMachine (ContainerStateMachine.java:takeSnapshot(427)) - group-51802BB6A696: Taking a snapshot at:(t:1, i:4) file /home/runner/work/ozone/ozone/hadoop-ozone/integration-test/target/test-dir/MiniOzoneClusterImpl-09c4c6e1-5ab0-4195-ac7b-5aec6defaa36/ozone-meta/datanode-6/ratis/b943f0fb-0579-4ec7-8f9b-51802bb6a696/sm/snapshot.1_4
2025-07-19 06:07:16,096 [e80b39d0-2325-4ff7-b450-1b10ae88e746@group-51802BB6A696-StateMachineUpdater] INFO  ratis.ContainerStateMachine (ContainerStateMachine.java:takeSnapshot(436)) - group-51802BB6A696: Finished taking a snapshot at:(t:1, i:4) file:/home/runner/work/ozone/ozone/hadoop-ozone/integration-test/target/test-dir/MiniOzoneClusterImpl-09c4c6e1-5ab0-4195-ac7b-5aec6defaa36/ozone-meta/datanode-6/ratis/b943f0fb-0579-4ec7-8f9b-51802bb6a696/sm/snapshot.1_4 took: 1 ms
2025-07-19 06:07:16,096 [cfedd3f1-5d02-4847-a363-6f2972b00a97@group-51802BB6A696-StateMachineUpdater] INFO  ratis.ContainerStateMachine (ContainerStateMachine.java:takeSnapshot(436)) - group-51802BB6A696: Finished taking a snapshot at:(t:1, i:4) file:/home/runner/work/ozone/ozone/hadoop-ozone/integration-test/target/test-dir/MiniOzoneClusterImpl-09c4c6e1-5ab0-4195-ac7b-5aec6defaa36/ozone-meta/datanode-4/ratis/b943f0fb-0579-4ec7-8f9b-51802bb6a696/sm/snapshot.1_4 took: 1 ms
2025-07-19 06:07:16,096 [e80b39d0-2325-4ff7-b450-1b10ae88e746@group-51802BB6A696-StateMachineUpdater] INFO  impl.StateMachineUpdater (StateMachineUpdater.java:takeSnapshot(307)) - e80b39d0-2325-4ff7-b450-1b10ae88e746@group-51802BB6A696-StateMachineUpdater: Took a snapshot at index 4
2025-07-19 06:07:16,096 [e80b39d0-2325-4ff7-b450-1b10ae88e746@group-51802BB6A696-StateMachineUpdater] INFO  impl.StateMachineUpdater (StateMachineUpdater.java:lambda$new$0(101)) - e80b39d0-2325-4ff7-b450-1b10ae88e746@group-51802BB6A696-StateMachineUpdater: snapshotIndex: updateIncreasingly 1 -> 4
2025-07-19 06:07:16,096 [cfedd3f1-5d02-4847-a363-6f2972b00a97@group-51802BB6A696-StateMachineUpdater] INFO  impl.StateMachineUpdater (StateMachineUpdater.java:takeSnapshot(307)) - cfedd3f1-5d02-4847-a363-6f2972b00a97@group-51802BB6A696-StateMachineUpdater: Took a snapshot at index 4
2025-07-19 06:07:16,096 [cfedd3f1-5d02-4847-a363-6f2972b00a97@group-51802BB6A696-StateMachineUpdater] INFO  impl.StateMachineUpdater (StateMachineUpdater.java:lambda$new$0(101)) - cfedd3f1-5d02-4847-a363-6f2972b00a97@group-51802BB6A696-StateMachineUpdater: snapshotIndex: updateIncreasingly 2 -> 4
2025-07-19 06:07:16,193 [EventQueue-PipelineActionsForPipelineActionHandler] INFO  pipeline.PipelineActionHandler (PipelineActionHandler.java:processPipelineAction(89)) - Received pipeline action CLOSE for Pipeline-8087f958-22a4-4a04-9a20-8039453f51c4 from datanode aa0cb613-fc94-4131-90ab-17bcd78458c4(localhost/127.0.0.1). Reason : Chunks directory /home/runner/work/ozone/ozone/hadoop-ozone/integration-test/target/test-dir/MiniOzoneClusterImpl-09c4c6e1-5ab0-4195-ac7b-5aec6defaa36/ozone-meta/datanode-2/data-0/hdds/09c4c6e1-5ab0-4195-ac7b-5aec6defaa36/current/containerDir0/2/chunks does not exist.
2025-07-19 06:07:16,196 [EventQueue-PipelineActionsForPipelineActionHandler] INFO  pipeline.PipelineActionHandler (PipelineActionHandler.java:processPipelineAction(89)) - Received pipeline action CLOSE for Pipeline-8087f958-22a4-4a04-9a20-8039453f51c4 from datanode 7e15f5a0-0f8f-4a50-92e4-d2f5038b0085(localhost/127.0.0.1). Reason : Chunks directory /home/runner/work/ozone/ozone/hadoop-ozone/integration-test/target/test-dir/MiniOzoneClusterImpl-09c4c6e1-5ab0-4195-ac7b-5aec6defaa36/ozone-meta/datanode-1/data-0/hdds/09c4c6e1-5ab0-4195-ac7b-5aec6defaa36/current/containerDir0/2/chunks does not exist.
2025-07-19 06:07:16,385 [e4fa6cd0-dc30-4550-b12f-023a3466045b@group-FB10F0A93659-StateMachineUpdater] INFO  ratis.ContainerStateMachine (ContainerStateMachine.java:takeSnapshot(427)) - group-FB10F0A93659: Taking a snapshot at:(t:1, i:0) file /home/runner/work/ozone/ozone/hadoop-ozone/integration-test/target/test-dir/MiniOzoneClusterImpl-09c4c6e1-5ab0-4195-ac7b-5aec6defaa36/ozone-meta/datanode-9/ratis/04a4c252-88a2-4fd6-909f-fb10f0a93659/sm/snapshot.1_0
2025-07-19 06:07:16,385 [78917b03-a842-488e-9e7c-f00b43f4ecc3@group-FB10F0A93659-StateMachineUpdater] INFO  ratis.ContainerStateMachine (ContainerStateMachine.java:takeSnapshot(427)) - group-FB10F0A93659: Taking a snapshot at:(t:1, i:0) file /home/runner/work/ozone/ozone/hadoop-ozone/integration-test/target/test-dir/MiniOzoneClusterImpl-09c4c6e1-5ab0-4195-ac7b-5aec6defaa36/ozone-meta/datanode-7/ratis/04a4c252-88a2-4fd6-909f-fb10f0a93659/sm/snapshot.1_0
2025-07-19 06:07:16,385 [e4fa6cd0-dc30-4550-b12f-023a3466045b@group-FB10F0A93659-StateMachineUpdater] INFO  ratis.ContainerStateMachine (ContainerStateMachine.java:takeSnapshot(436)) - group-FB10F0A93659: Finished taking a snapshot at:(t:1, i:0) file:/home/runner/work/ozone/ozone/hadoop-ozone/integration-test/target/test-dir/MiniOzoneClusterImpl-09c4c6e1-5ab0-4195-ac7b-5aec6defaa36/ozone-meta/datanode-9/ratis/04a4c252-88a2-4fd6-909f-fb10f0a93659/sm/snapshot.1_0 took: 1 ms
2025-07-19 06:07:16,386 [e4fa6cd0-dc30-4550-b12f-023a3466045b@group-FB10F0A93659-StateMachineUpdater] INFO  impl.StateMachineUpdater (StateMachineUpdater.java:takeSnapshot(307)) - e4fa6cd0-dc30-4550-b12f-023a3466045b@group-FB10F0A93659-StateMachineUpdater: Took a snapshot at index 0
2025-07-19 06:07:16,386 [e4fa6cd0-dc30-4550-b12f-023a3466045b@group-FB10F0A93659-StateMachineUpdater] INFO  impl.StateMachineUpdater (StateMachineUpdater.java:lambda$new$0(101)) - e4fa6cd0-dc30-4550-b12f-023a3466045b@group-FB10F0A93659-StateMachineUpdater: snapshotIndex: updateIncreasingly -1 -> 0
2025-07-19 06:07:16,386 [78917b03-a842-488e-9e7c-f00b43f4ecc3@group-FB10F0A93659-StateMachineUpdater] INFO  ratis.ContainerStateMachine (ContainerStateMachine.java:takeSnapshot(436)) - group-FB10F0A93659: Finished taking a snapshot at:(t:1, i:0) file:/home/runner/work/ozone/ozone/hadoop-ozone/integration-test/target/test-dir/MiniOzoneClusterImpl-09c4c6e1-5ab0-4195-ac7b-5aec6defaa36/ozone-meta/datanode-7/ratis/04a4c252-88a2-4fd6-909f-fb10f0a93659/sm/snapshot.1_0 took: 1 ms
2025-07-19 06:07:16,386 [78917b03-a842-488e-9e7c-f00b43f4ecc3@group-FB10F0A93659-StateMachineUpdater] INFO  impl.StateMachineUpdater (StateMachineUpdater.java:takeSnapshot(307)) - 78917b03-a842-488e-9e7c-f00b43f4ecc3@group-FB10F0A93659-StateMachineUpdater: Took a snapshot at index 0
2025-07-19 06:07:16,386 [78917b03-a842-488e-9e7c-f00b43f4ecc3@group-FB10F0A93659-StateMachineUpdater] INFO  impl.StateMachineUpdater (StateMachineUpdater.java:lambda$new$0(101)) - 78917b03-a842-488e-9e7c-f00b43f4ecc3@group-FB10F0A93659-StateMachineUpdater: snapshotIndex: updateIncreasingly -1 -> 0
2025-07-19 06:07:16,393 [EventQueue-PipelineActionsForPipelineActionHandler] INFO  pipeline.PipelineActionHandler (PipelineActionHandler.java:processPipelineAction(89)) - Received pipeline action CLOSE for Pipeline-8087f958-22a4-4a04-9a20-8039453f51c4 from datanode aa0cb613-fc94-4131-90ab-17bcd78458c4(localhost/127.0.0.1). Reason : Chunks directory /home/runner/work/ozone/ozone/hadoop-ozone/integration-test/target/test-dir/MiniOzoneClusterImpl-09c4c6e1-5ab0-4195-ac7b-5aec6defaa36/ozone-meta/datanode-2/data-0/hdds/09c4c6e1-5ab0-4195-ac7b-5aec6defaa36/current/containerDir0/2/chunks does not exist.
2025-07-19 06:07:16,396 [EventQueue-PipelineActionsForPipelineActionHandler] INFO  pipeline.PipelineActionHandler (PipelineActionHandler.java:processPipelineAction(89)) - Received pipeline action CLOSE for Pipeline-8087f958-22a4-4a04-9a20-8039453f51c4 from datanode 7e15f5a0-0f8f-4a50-92e4-d2f5038b0085(localhost/127.0.0.1). Reason : Chunks directory /home/runner/work/ozone/ozone/hadoop-ozone/integration-test/target/test-dir/MiniOzoneClusterImpl-09c4c6e1-5ab0-4195-ac7b-5aec6defaa36/ozone-meta/datanode-1/data-0/hdds/09c4c6e1-5ab0-4195-ac7b-5aec6defaa36/current/containerDir0/2/chunks does not exist.
2025-07-19 06:07:16,593 [EventQueue-PipelineActionsForPipelineActionHandler] INFO  pipeline.PipelineActionHandler (PipelineActionHandler.java:processPipelineAction(89)) - Received pipeline action CLOSE for Pipeline-8087f958-22a4-4a04-9a20-8039453f51c4 from datanode aa0cb613-fc94-4131-90ab-17bcd78458c4(localhost/127.0.0.1). Reason : Chunks directory /home/runner/work/ozone/ozone/hadoop-ozone/integration-test/target/test-dir/MiniOzoneClusterImpl-09c4c6e1-5ab0-4195-ac7b-5aec6defaa36/ozone-meta/datanode-2/data-0/hdds/09c4c6e1-5ab0-4195-ac7b-5aec6defaa36/current/containerDir0/2/chunks does not exist.
2025-07-19 06:07:16,596 [EventQueue-PipelineActionsForPipelineActionHandler] INFO  pipeline.PipelineActionHandler (PipelineActionHandler.java:processPipelineAction(89)) - Received pipeline action CLOSE for Pipeline-8087f958-22a4-4a04-9a20-8039453f51c4 from datanode 7e15f5a0-0f8f-4a50-92e4-d2f5038b0085(localhost/127.0.0.1). Reason : Chunks directory /home/runner/work/ozone/ozone/hadoop-ozone/integration-test/target/test-dir/MiniOzoneClusterImpl-09c4c6e1-5ab0-4195-ac7b-5aec6defaa36/ozone-meta/datanode-1/data-0/hdds/09c4c6e1-5ab0-4195-ac7b-5aec6defaa36/current/containerDir0/2/chunks does not exist.
2025-07-19 06:07:16,793 [EventQueue-PipelineActionsForPipelineActionHandler] INFO  pipeline.PipelineActionHandler (PipelineActionHandler.java:processPipelineAction(89)) - Received pipeline action CLOSE for Pipeline-8087f958-22a4-4a04-9a20-8039453f51c4 from datanode aa0cb613-fc94-4131-90ab-17bcd78458c4(localhost/127.0.0.1). Reason : Chunks directory /home/runner/work/ozone/ozone/hadoop-ozone/integration-test/target/test-dir/MiniOzoneClusterImpl-09c4c6e1-5ab0-4195-ac7b-5aec6defaa36/ozone-meta/datanode-2/data-0/hdds/09c4c6e1-5ab0-4195-ac7b-5aec6defaa36/current/containerDir0/2/chunks does not exist.
2025-07-19 06:07:16,795 [EventQueue-PipelineActionsForPipelineActionHandler] INFO  pipeline.PipelineActionHandler (PipelineActionHandler.java:processPipelineAction(89)) - Received pipeline action CLOSE for Pipeline-8087f958-22a4-4a04-9a20-8039453f51c4 from datanode 7e15f5a0-0f8f-4a50-92e4-d2f5038b0085(localhost/127.0.0.1). Reason : Chunks directory /home/runner/work/ozone/ozone/hadoop-ozone/integration-test/target/test-dir/MiniOzoneClusterImpl-09c4c6e1-5ab0-4195-ac7b-5aec6defaa36/ozone-meta/datanode-1/data-0/hdds/09c4c6e1-5ab0-4195-ac7b-5aec6defaa36/current/containerDir0/2/chunks does not exist.
2025-07-19 06:07:16,993 [EventQueue-PipelineActionsForPipelineActionHandler] INFO  pipeline.PipelineActionHandler (PipelineActionHandler.java:processPipelineAction(89)) - Received pipeline action CLOSE for Pipeline-8087f958-22a4-4a04-9a20-8039453f51c4 from datanode aa0cb613-fc94-4131-90ab-17bcd78458c4(localhost/127.0.0.1). Reason : Chunks directory /home/runner/work/ozone/ozone/hadoop-ozone/integration-test/target/test-dir/MiniOzoneClusterImpl-09c4c6e1-5ab0-4195-ac7b-5aec6defaa36/ozone-meta/datanode-2/data-0/hdds/09c4c6e1-5ab0-4195-ac7b-5aec6defaa36/current/containerDir0/2/chunks does not exist.
2025-07-19 06:07:16,995 [EventQueue-PipelineActionsForPipelineActionHandler] INFO  pipeline.PipelineActionHandler (PipelineActionHandler.java:processPipelineAction(89)) - Received pipeline action CLOSE for Pipeline-8087f958-22a4-4a04-9a20-8039453f51c4 from datanode 7e15f5a0-0f8f-4a50-92e4-d2f5038b0085(localhost/127.0.0.1). Reason : Chunks directory /home/runner/work/ozone/ozone/hadoop-ozone/integration-test/target/test-dir/MiniOzoneClusterImpl-09c4c6e1-5ab0-4195-ac7b-5aec6defaa36/ozone-meta/datanode-1/data-0/hdds/09c4c6e1-5ab0-4195-ac7b-5aec6defaa36/current/containerDir0/2/chunks does not exist.
2025-07-19 06:07:17,193 [EventQueue-PipelineActionsForPipelineActionHandler] INFO  pipeline.PipelineActionHandler (PipelineActionHandler.java:processPipelineAction(89)) - Received pipeline action CLOSE for Pipeline-8087f958-22a4-4a04-9a20-8039453f51c4 from datanode aa0cb613-fc94-4131-90ab-17bcd78458c4(localhost/127.0.0.1). Reason : Chunks directory /home/runner/work/ozone/ozone/hadoop-ozone/integration-test/target/test-dir/MiniOzoneClusterImpl-09c4c6e1-5ab0-4195-ac7b-5aec6defaa36/ozone-meta/datanode-2/data-0/hdds/09c4c6e1-5ab0-4195-ac7b-5aec6defaa36/current/containerDir0/2/chunks does not exist.
2025-07-19 06:07:17,195 [EventQueue-PipelineActionsForPipelineActionHandler] INFO  pipeline.PipelineActionHandler (PipelineActionHandler.java:processPipelineAction(89)) - Received pipeline action CLOSE for Pipeline-8087f958-22a4-4a04-9a20-8039453f51c4 from datanode 7e15f5a0-0f8f-4a50-92e4-d2f5038b0085(localhost/127.0.0.1). Reason : Chunks directory /home/runner/work/ozone/ozone/hadoop-ozone/integration-test/target/test-dir/MiniOzoneClusterImpl-09c4c6e1-5ab0-4195-ac7b-5aec6defaa36/ozone-meta/datanode-1/data-0/hdds/09c4c6e1-5ab0-4195-ac7b-5aec6defaa36/current/containerDir0/2/chunks does not exist.
2025-07-19 06:07:17,393 [EventQueue-PipelineActionsForPipelineActionHandler] INFO  pipeline.PipelineActionHandler (PipelineActionHandler.java:processPipelineAction(89)) - Received pipeline action CLOSE for Pipeline-8087f958-22a4-4a04-9a20-8039453f51c4 from datanode aa0cb613-fc94-4131-90ab-17bcd78458c4(localhost/127.0.0.1). Reason : Chunks directory /home/runner/work/ozone/ozone/hadoop-ozone/integration-test/target/test-dir/MiniOzoneClusterImpl-09c4c6e1-5ab0-4195-ac7b-5aec6defaa36/ozone-meta/datanode-2/data-0/hdds/09c4c6e1-5ab0-4195-ac7b-5aec6defaa36/current/containerDir0/2/chunks does not exist.
2025-07-19 06:07:17,395 [EventQueue-PipelineActionsForPipelineActionHandler] INFO  pipeline.PipelineActionHandler (PipelineActionHandler.java:processPipelineAction(89)) - Received pipeline action CLOSE for Pipeline-8087f958-22a4-4a04-9a20-8039453f51c4 from datanode 7e15f5a0-0f8f-4a50-92e4-d2f5038b0085(localhost/127.0.0.1). Reason : Chunks directory /home/runner/work/ozone/ozone/hadoop-ozone/integration-test/target/test-dir/MiniOzoneClusterImpl-09c4c6e1-5ab0-4195-ac7b-5aec6defaa36/ozone-meta/datanode-1/data-0/hdds/09c4c6e1-5ab0-4195-ac7b-5aec6defaa36/current/containerDir0/2/chunks does not exist.
2025-07-19 06:07:17,593 [EventQueue-PipelineActionsForPipelineActionHandler] INFO  pipeline.PipelineActionHandler (PipelineActionHandler.java:processPipelineAction(89)) - Received pipeline action CLOSE for Pipeline-8087f958-22a4-4a04-9a20-8039453f51c4 from datanode aa0cb613-fc94-4131-90ab-17bcd78458c4(localhost/127.0.0.1). Reason : Chunks directory /home/runner/work/ozone/ozone/hadoop-ozone/integration-test/target/test-dir/MiniOzoneClusterImpl-09c4c6e1-5ab0-4195-ac7b-5aec6defaa36/ozone-meta/datanode-2/data-0/hdds/09c4c6e1-5ab0-4195-ac7b-5aec6defaa36/current/containerDir0/2/chunks does not exist.
2025-07-19 06:07:17,596 [EventQueue-PipelineActionsForPipelineActionHandler] INFO  pipeline.PipelineActionHandler (PipelineActionHandler.java:processPipelineAction(89)) - Received pipeline action CLOSE for Pipeline-8087f958-22a4-4a04-9a20-8039453f51c4 from datanode 7e15f5a0-0f8f-4a50-92e4-d2f5038b0085(localhost/127.0.0.1). Reason : Chunks directory /home/runner/work/ozone/ozone/hadoop-ozone/integration-test/target/test-dir/MiniOzoneClusterImpl-09c4c6e1-5ab0-4195-ac7b-5aec6defaa36/ozone-meta/datanode-1/data-0/hdds/09c4c6e1-5ab0-4195-ac7b-5aec6defaa36/current/containerDir0/2/chunks does not exist.
2025-07-19 06:07:17,793 [EventQueue-PipelineActionsForPipelineActionHandler] INFO  pipeline.PipelineActionHandler (PipelineActionHandler.java:processPipelineAction(89)) - Received pipeline action CLOSE for Pipeline-8087f958-22a4-4a04-9a20-8039453f51c4 from datanode aa0cb613-fc94-4131-90ab-17bcd78458c4(localhost/127.0.0.1). Reason : Chunks directory /home/runner/work/ozone/ozone/hadoop-ozone/integration-test/target/test-dir/MiniOzoneClusterImpl-09c4c6e1-5ab0-4195-ac7b-5aec6defaa36/ozone-meta/datanode-2/data-0/hdds/09c4c6e1-5ab0-4195-ac7b-5aec6defaa36/current/containerDir0/2/chunks does not exist.
2025-07-19 06:07:17,797 [EventQueue-PipelineActionsForPipelineActionHandler] INFO  pipeline.PipelineActionHandler (PipelineActionHandler.java:processPipelineAction(89)) - Received pipeline action CLOSE for Pipeline-8087f958-22a4-4a04-9a20-8039453f51c4 from datanode 7e15f5a0-0f8f-4a50-92e4-d2f5038b0085(localhost/127.0.0.1). Reason : Chunks directory /home/runner/work/ozone/ozone/hadoop-ozone/integration-test/target/test-dir/MiniOzoneClusterImpl-09c4c6e1-5ab0-4195-ac7b-5aec6defaa36/ozone-meta/datanode-1/data-0/hdds/09c4c6e1-5ab0-4195-ac7b-5aec6defaa36/current/containerDir0/2/chunks does not exist.
2025-07-19 06:07:17,993 [EventQueue-PipelineActionsForPipelineActionHandler] INFO  pipeline.PipelineActionHandler (PipelineActionHandler.java:processPipelineAction(89)) - Received pipeline action CLOSE for Pipeline-8087f958-22a4-4a04-9a20-8039453f51c4 from datanode aa0cb613-fc94-4131-90ab-17bcd78458c4(localhost/127.0.0.1). Reason : Chunks directory /home/runner/work/ozone/ozone/hadoop-ozone/integration-test/target/test-dir/MiniOzoneClusterImpl-09c4c6e1-5ab0-4195-ac7b-5aec6defaa36/ozone-meta/datanode-2/data-0/hdds/09c4c6e1-5ab0-4195-ac7b-5aec6defaa36/current/containerDir0/2/chunks does not exist.
2025-07-19 06:07:17,997 [EventQueue-PipelineActionsForPipelineActionHandler] INFO  pipeline.PipelineActionHandler (PipelineActionHandler.java:processPipelineAction(89)) - Received pipeline action CLOSE for Pipeline-8087f958-22a4-4a04-9a20-8039453f51c4 from datanode 7e15f5a0-0f8f-4a50-92e4-d2f5038b0085(localhost/127.0.0.1). Reason : Chunks directory /home/runner/work/ozone/ozone/hadoop-ozone/integration-test/target/test-dir/MiniOzoneClusterImpl-09c4c6e1-5ab0-4195-ac7b-5aec6defaa36/ozone-meta/datanode-1/data-0/hdds/09c4c6e1-5ab0-4195-ac7b-5aec6defaa36/current/containerDir0/2/chunks does not exist.
2025-07-19 06:07:18,124 [86838f6f-3dde-42b5-b01a-58c95bf80430-CloseContainerThread-0] WARN  keyvalue.KeyValueHandler (KeyValueHandler.java:updateAndGetContainerChecksum(1451)) - Container data checksum updated from 0 to 1bdd5b56
2025-07-19 06:07:18,128 [aa0cb613-fc94-4131-90ab-17bcd78458c4-server-thread2] WARN  server.GrpcServerProtocolService (LogUtils.java:warn(129)) - aa0cb613-fc94-4131-90ab-17bcd78458c4: Failed APPEND_ENTRIES request 86838f6f-3dde-42b5-b01a-58c95bf80430->aa0cb613-fc94-4131-90ab-17bcd78458c4#12-t1,previous=(t:1, i:5),leaderCommit=4,initializing? false,entries: size=2, first=(t:1, i:6), STATEMACHINELOGENTRY, WRITE: logData.size=217, stateMachineData.size=0, logEntryProtoSerializedSize=0
java.util.concurrent.CompletionException: org.apache.hadoop.hdds.scm.container.common.helpers.StorageContainerException: Chunks directory /home/runner/work/ozone/ozone/hadoop-ozone/integration-test/target/test-dir/MiniOzoneClusterImpl-09c4c6e1-5ab0-4195-ac7b-5aec6defaa36/ozone-meta/datanode-2/data-0/hdds/09c4c6e1-5ab0-4195-ac7b-5aec6defaa36/current/containerDir0/2/chunks does not exist.
	at java.base/java.util.concurrent.CompletableFuture.encodeThrowable(CompletableFuture.java:332)
	at java.base/java.util.concurrent.CompletableFuture.completeThrowable(CompletableFuture.java:347)
	at java.base/java.util.concurrent.CompletableFuture$BiRelay.tryFire(CompletableFuture.java:1498)
	at java.base/java.util.concurrent.CompletableFuture$CoCompletion.tryFire(CompletableFuture.java:1219)
	at java.base/java.util.concurrent.CompletableFuture.postComplete(CompletableFuture.java:510)
	at java.base/java.util.concurrent.CompletableFuture.completeExceptionally(CompletableFuture.java:2194)
	at org.apache.ratis.server.raftlog.segmented.SegmentedRaftLog$Task.failed(SegmentedRaftLog.java:109)
	at org.apache.ratis.server.raftlog.segmented.SegmentedRaftLogWorker$WriteLog.failed(SegmentedRaftLogWorker.java:530)
	at org.apache.ratis.server.raftlog.segmented.SegmentedRaftLogWorker.run(SegmentedRaftLogWorker.java:326)
	at java.base/java.util.concurrent.Executors$RunnableAdapter.call(Executors.java:572)
	at java.base/java.util.concurrent.FutureTask.run(FutureTask.java:317)
	at java.base/java.util.concurrent.ThreadPoolExecutor.runWorker(ThreadPoolExecutor.java:1144)
	at java.base/java.util.concurrent.ThreadPoolExecutor$Worker.run(ThreadPoolExecutor.java:642)
	at java.base/java.lang.Thread.run(Thread.java:1583)
Caused by: org.apache.hadoop.hdds.scm.container.common.helpers.StorageContainerException: Chunks directory /home/runner/work/ozone/ozone/hadoop-ozone/integration-test/target/test-dir/MiniOzoneClusterImpl-09c4c6e1-5ab0-4195-ac7b-5aec6defaa36/ozone-meta/datanode-2/data-0/hdds/09c4c6e1-5ab0-4195-ac7b-5aec6defaa36/current/containerDir0/2/chunks does not exist.
	at org.apache.hadoop.ozone.container.common.transport.server.ratis.ContainerStateMachine.handleCommandResult(ContainerStateMachine.java:661)
	at org.apache.hadoop.ozone.container.common.transport.server.ratis.ContainerStateMachine.lambda$writeStateMachineData$2(ContainerStateMachine.java:623)
	... 4 more
2025-07-19 06:07:18,129 [7e15f5a0-0f8f-4a50-92e4-d2f5038b0085-server-thread1] WARN  server.GrpcServerProtocolService (LogUtils.java:warn(129)) - 7e15f5a0-0f8f-4a50-92e4-d2f5038b0085: Failed APPEND_ENTRIES request 86838f6f-3dde-42b5-b01a-58c95bf80430->7e15f5a0-0f8f-4a50-92e4-d2f5038b0085#17-t1,previous=(t:1, i:4),leaderCommit=4,initializing? false,entries: size=3, first=(t:1, i:5), STATEMACHINELOGENTRY, WRITE: logData.size=154, stateMachineData.size=10, logEntryProtoSerializedSize=0
java.util.concurrent.CompletionException: org.apache.hadoop.hdds.scm.container.common.helpers.StorageContainerException: Chunks directory /home/runner/work/ozone/ozone/hadoop-ozone/integration-test/target/test-dir/MiniOzoneClusterImpl-09c4c6e1-5ab0-4195-ac7b-5aec6defaa36/ozone-meta/datanode-1/data-0/hdds/09c4c6e1-5ab0-4195-ac7b-5aec6defaa36/current/containerDir0/2/chunks does not exist.
	at java.base/java.util.concurrent.CompletableFuture.encodeThrowable(CompletableFuture.java:332)
	at java.base/java.util.concurrent.CompletableFuture.completeThrowable(CompletableFuture.java:347)
	at java.base/java.util.concurrent.CompletableFuture$BiRelay.tryFire(CompletableFuture.java:1498)
	at java.base/java.util.concurrent.CompletableFuture$CoCompletion.tryFire(CompletableFuture.java:1219)
	at java.base/java.util.concurrent.CompletableFuture.postComplete(CompletableFuture.java:510)
	at java.base/java.util.concurrent.CompletableFuture.completeExceptionally(CompletableFuture.java:2194)
	at org.apache.ratis.server.raftlog.segmented.SegmentedRaftLog$Task.failed(SegmentedRaftLog.java:109)
	at org.apache.ratis.server.raftlog.segmented.SegmentedRaftLogWorker$WriteLog.failed(SegmentedRaftLogWorker.java:530)
	at org.apache.ratis.server.raftlog.segmented.SegmentedRaftLogWorker.run(SegmentedRaftLogWorker.java:326)
	at java.base/java.util.concurrent.Executors$RunnableAdapter.call(Executors.java:572)
	at java.base/java.util.concurrent.FutureTask.run(FutureTask.java:317)
	at java.base/java.util.concurrent.ThreadPoolExecutor.runWorker(ThreadPoolExecutor.java:1144)
	at java.base/java.util.concurrent.ThreadPoolExecutor$Worker.run(ThreadPoolExecutor.java:642)
	at java.base/java.lang.Thread.run(Thread.java:1583)
Caused by: org.apache.hadoop.hdds.scm.container.common.helpers.StorageContainerException: Chunks directory /home/runner/work/ozone/ozone/hadoop-ozone/integration-test/target/test-dir/MiniOzoneClusterImpl-09c4c6e1-5ab0-4195-ac7b-5aec6defaa36/ozone-meta/datanode-1/data-0/hdds/09c4c6e1-5ab0-4195-ac7b-5aec6defaa36/current/containerDir0/2/chunks does not exist.
	at org.apache.hadoop.ozone.container.common.transport.server.ratis.ContainerStateMachine.handleCommandResult(ContainerStateMachine.java:661)
	at org.apache.hadoop.ozone.container.common.transport.server.ratis.ContainerStateMachine.lambda$writeStateMachineData$2(ContainerStateMachine.java:623)
	... 4 more
2025-07-19 06:07:18,130 [grpc-default-executor-2] INFO  leader.LogAppender (LogAppenderBase.java:lambda$getNextIndexForError$0(215)) - Decrease nextIndex to 6
2025-07-19 06:07:18,130 [grpc-default-executor-5] INFO  leader.LogAppender (LogAppenderBase.java:lambda$getNextIndexForError$0(215)) - Decrease nextIndex to 5
2025-07-19 06:07:18,130 [grpc-default-executor-5] INFO  leader.LogAppender (LogAppenderBase.java:lambda$getNextIndexForError$0(215)) - Decrease nextIndex to 5
2025-07-19 06:07:18,130 [grpc-default-executor-5] INFO  leader.FollowerInfo (FollowerInfoImpl.java:info(70)) - 86838f6f-3dde-42b5-b01a-58c95bf80430@group-8039453F51C4->7e15f5a0-0f8f-4a50-92e4-d2f5038b0085: computeNextIndex nextIndex: updateUnconditionally 8 -> 5
2025-07-19 06:07:18,131 [grpc-default-executor-2] INFO  leader.LogAppender (LogAppenderBase.java:lambda$getNextIndexForError$0(215)) - Decrease nextIndex to 6
2025-07-19 06:07:18,131 [grpc-default-executor-2] INFO  leader.FollowerInfo (FollowerInfoImpl.java:info(70)) - 86838f6f-3dde-42b5-b01a-58c95bf80430@group-8039453F51C4->aa0cb613-fc94-4131-90ab-17bcd78458c4: computeNextIndex nextIndex: updateUnconditionally 8 -> 6
2025-07-19 06:07:18,193 [EventQueue-PipelineActionsForPipelineActionHandler] INFO  pipeline.PipelineActionHandler (PipelineActionHandler.java:processPipelineAction(89)) - Received pipeline action CLOSE for Pipeline-8087f958-22a4-4a04-9a20-8039453f51c4 from datanode aa0cb613-fc94-4131-90ab-17bcd78458c4(localhost/127.0.0.1). Reason : Chunks directory /home/runner/work/ozone/ozone/hadoop-ozone/integration-test/target/test-dir/MiniOzoneClusterImpl-09c4c6e1-5ab0-4195-ac7b-5aec6defaa36/ozone-meta/datanode-2/data-0/hdds/09c4c6e1-5ab0-4195-ac7b-5aec6defaa36/current/containerDir0/2/chunks does not exist.
2025-07-19 06:07:18,197 [EventQueue-PipelineActionsForPipelineActionHandler] INFO  pipeline.PipelineActionHandler (PipelineActionHandler.java:processPipelineAction(89)) - Received pipeline action CLOSE for Pipeline-8087f958-22a4-4a04-9a20-8039453f51c4 from datanode 7e15f5a0-0f8f-4a50-92e4-d2f5038b0085(localhost/127.0.0.1). Reason : Chunks directory /home/runner/work/ozone/ozone/hadoop-ozone/integration-test/target/test-dir/MiniOzoneClusterImpl-09c4c6e1-5ab0-4195-ac7b-5aec6defaa36/ozone-meta/datanode-1/data-0/hdds/09c4c6e1-5ab0-4195-ac7b-5aec6defaa36/current/containerDir0/2/chunks does not exist.
2025-07-19 06:07:18,235 [7e15f5a0-0f8f-4a50-92e4-d2f5038b0085@group-8039453F51C4-StateMachineUpdater] ERROR ratis.ContainerStateMachine (ContainerStateMachine.java:takeSnapshot(421)) - Failed to take snapshot  for group-8039453F51C4 as the stateMachine is unhealthy. The last applied index is at (t:1, i:4)
2025-07-19 06:07:18,235 [7e15f5a0-0f8f-4a50-92e4-d2f5038b0085@group-8039453F51C4-StateMachineUpdater] ERROR impl.StateMachineUpdater (StateMachineUpdater.java:takeSnapshot(302)) - 7e15f5a0-0f8f-4a50-92e4-d2f5038b0085@group-8039453F51C4-StateMachineUpdater: Failed to take snapshot
org.apache.ratis.protocol.exceptions.StateMachineException: Failed to take snapshot  for group-8039453F51C4 as the stateMachine is unhealthy. The last applied index is at (t:1, i:4)
	at org.apache.hadoop.ozone.container.common.transport.server.ratis.ContainerStateMachine.takeSnapshot(ContainerStateMachine.java:420)
	at org.apache.ratis.server.impl.StateMachineUpdater.takeSnapshot(StateMachineUpdater.java:290)
	at org.apache.ratis.server.impl.StateMachineUpdater.checkAndTakeSnapshot(StateMachineUpdater.java:281)
	at org.apache.ratis.server.impl.StateMachineUpdater.run(StateMachineUpdater.java:194)
	at java.base/java.lang.Thread.run(Thread.java:1583)
2025-07-19 06:07:18,235 [7e15f5a0-0f8f-4a50-92e4-d2f5038b0085-server-thread1] WARN  server.GrpcServerProtocolService (LogUtils.java:warn(129)) - 7e15f5a0-0f8f-4a50-92e4-d2f5038b0085: Failed APPEND_ENTRIES request 86838f6f-3dde-42b5-b01a-58c95bf80430->7e15f5a0-0f8f-4a50-92e4-d2f5038b0085#19-t1,previous=(t:1, i:4),leaderCommit=4,initializing? false,entries: size=3, first=(t:1, i:5), STATEMACHINELOGENTRY, WRITE: logData.size=154, stateMachineData.size=10, logEntryProtoSerializedSize=0
java.util.concurrent.CompletionException: org.apache.hadoop.hdds.scm.container.common.helpers.StorageContainerException: Chunks directory /home/runner/work/ozone/ozone/hadoop-ozone/integration-test/target/test-dir/MiniOzoneClusterImpl-09c4c6e1-5ab0-4195-ac7b-5aec6defaa36/ozone-meta/datanode-1/data-0/hdds/09c4c6e1-5ab0-4195-ac7b-5aec6defaa36/current/containerDir0/2/chunks does not exist.
	at java.base/java.util.concurrent.CompletableFuture.encodeThrowable(CompletableFuture.java:332)
	at java.base/java.util.concurrent.CompletableFuture.completeThrowable(CompletableFuture.java:347)
	at java.base/java.util.concurrent.CompletableFuture$BiRelay.tryFire(CompletableFuture.java:1498)
	at java.base/java.util.concurrent.CompletableFuture$CoCompletion.tryFire(CompletableFuture.java:1219)
	at java.base/java.util.concurrent.CompletableFuture.postComplete(CompletableFuture.java:510)
	at java.base/java.util.concurrent.CompletableFuture.completeExceptionally(CompletableFuture.java:2194)
	at org.apache.ratis.server.raftlog.segmented.SegmentedRaftLog$Task.failed(SegmentedRaftLog.java:109)
	at org.apache.ratis.server.raftlog.segmented.SegmentedRaftLogWorker$WriteLog.failed(SegmentedRaftLogWorker.java:530)
	at org.apache.ratis.server.raftlog.segmented.SegmentedRaftLogWorker.run(SegmentedRaftLogWorker.java:326)
	at java.base/java.util.concurrent.Executors$RunnableAdapter.call(Executors.java:572)
	at java.base/java.util.concurrent.FutureTask.run(FutureTask.java:317)
	at java.base/java.util.concurrent.ThreadPoolExecutor.runWorker(ThreadPoolExecutor.java:1144)
	at java.base/java.util.concurrent.ThreadPoolExecutor$Worker.run(ThreadPoolExecutor.java:642)
	at java.base/java.lang.Thread.run(Thread.java:1583)
Caused by: org.apache.hadoop.hdds.scm.container.common.helpers.StorageContainerException: Chunks directory /home/runner/work/ozone/ozone/hadoop-ozone/integration-test/target/test-dir/MiniOzoneClusterImpl-09c4c6e1-5ab0-4195-ac7b-5aec6defaa36/ozone-meta/datanode-1/data-0/hdds/09c4c6e1-5ab0-4195-ac7b-5aec6defaa36/current/containerDir0/2/chunks does not exist.
	at org.apache.hadoop.ozone.container.common.transport.server.ratis.ContainerStateMachine.handleCommandResult(ContainerStateMachine.java:661)
	at org.apache.hadoop.ozone.container.common.transport.server.ratis.ContainerStateMachine.lambda$writeStateMachineData$2(ContainerStateMachine.java:623)
	... 4 more
2025-07-19 06:07:18,237 [aa0cb613-fc94-4131-90ab-17bcd78458c4-server-thread2] WARN  server.GrpcServerProtocolService (LogUtils.java:warn(129)) - aa0cb613-fc94-4131-90ab-17bcd78458c4: Failed APPEND_ENTRIES request 86838f6f-3dde-42b5-b01a-58c95bf80430->aa0cb613-fc94-4131-90ab-17bcd78458c4#14-t1,previous=(t:1, i:5),leaderCommit=4,initializing? false,entries: size=2, first=(t:1, i:6), STATEMACHINELOGENTRY, WRITE: logData.size=217, stateMachineData.size=0, logEntryProtoSerializedSize=0
java.util.concurrent.CompletionException: org.apache.hadoop.hdds.scm.container.common.helpers.StorageContainerException: Chunks directory /home/runner/work/ozone/ozone/hadoop-ozone/integration-test/target/test-dir/MiniOzoneClusterImpl-09c4c6e1-5ab0-4195-ac7b-5aec6defaa36/ozone-meta/datanode-2/data-0/hdds/09c4c6e1-5ab0-4195-ac7b-5aec6defaa36/current/containerDir0/2/chunks does not exist.
	at java.base/java.util.concurrent.CompletableFuture.encodeThrowable(CompletableFuture.java:332)
	at java.base/java.util.concurrent.CompletableFuture.completeThrowable(CompletableFuture.java:347)
	at java.base/java.util.concurrent.CompletableFuture$BiRelay.tryFire(CompletableFuture.java:1498)
	at java.base/java.util.concurrent.CompletableFuture$CoCompletion.tryFire(CompletableFuture.java:1219)
	at java.base/java.util.concurrent.CompletableFuture.postComplete(CompletableFuture.java:510)
	at java.base/java.util.concurrent.CompletableFuture.completeExceptionally(CompletableFuture.java:2194)
	at org.apache.ratis.server.raftlog.segmented.SegmentedRaftLog$Task.failed(SegmentedRaftLog.java:109)
	at org.apache.ratis.server.raftlog.segmented.SegmentedRaftLogWorker$WriteLog.failed(SegmentedRaftLogWorker.java:530)
	at org.apache.ratis.server.raftlog.segmented.SegmentedRaftLogWorker.run(SegmentedRaftLogWorker.java:326)
	at java.base/java.util.concurrent.Executors$RunnableAdapter.call(Executors.java:572)
	at java.base/java.util.concurrent.FutureTask.run(FutureTask.java:317)
	at java.base/java.util.concurrent.ThreadPoolExecutor.runWorker(ThreadPoolExecutor.java:1144)
	at java.base/java.util.concurrent.ThreadPoolExecutor$Worker.run(ThreadPoolExecutor.java:642)
	at java.base/java.lang.Thread.run(Thread.java:1583)
Caused by: org.apache.hadoop.hdds.scm.container.common.helpers.StorageContainerException: Chunks directory /home/runner/work/ozone/ozone/hadoop-ozone/integration-test/target/test-dir/MiniOzoneClusterImpl-09c4c6e1-5ab0-4195-ac7b-5aec6defaa36/ozone-meta/datanode-2/data-0/hdds/09c4c6e1-5ab0-4195-ac7b-5aec6defaa36/current/containerDir0/2/chunks does not exist.
	at org.apache.hadoop.ozone.container.common.transport.server.ratis.ContainerStateMachine.handleCommandResult(ContainerStateMachine.java:661)
	at org.apache.hadoop.ozone.container.common.transport.server.ratis.ContainerStateMachine.lambda$writeStateMachineData$2(ContainerStateMachine.java:623)
	... 4 more
2025-07-19 06:07:18,238 [grpc-default-executor-2] INFO  leader.LogAppender (LogAppenderBase.java:lambda$getNextIndexForError$0(215)) - Decrease nextIndex to 5
2025-07-19 06:07:18,238 [grpc-default-executor-2] INFO  leader.LogAppender (LogAppenderBase.java:lambda$getNextIndexForError$0(215)) - Decrease nextIndex to 5
2025-07-19 06:07:18,238 [grpc-default-executor-2] INFO  leader.FollowerInfo (FollowerInfoImpl.java:info(70)) - 86838f6f-3dde-42b5-b01a-58c95bf80430@group-8039453F51C4->7e15f5a0-0f8f-4a50-92e4-d2f5038b0085: computeNextIndex nextIndex: updateUnconditionally 8 -> 5
2025-07-19 06:07:18,238 [aa0cb613-fc94-4131-90ab-17bcd78458c4@group-8039453F51C4-StateMachineUpdater] ERROR ratis.ContainerStateMachine (ContainerStateMachine.java:takeSnapshot(421)) - Failed to take snapshot  for group-8039453F51C4 as the stateMachine is unhealthy. The last applied index is at (t:1, i:4)
2025-07-19 06:07:18,238 [aa0cb613-fc94-4131-90ab-17bcd78458c4@group-8039453F51C4-StateMachineUpdater] ERROR impl.StateMachineUpdater (StateMachineUpdater.java:takeSnapshot(302)) - aa0cb613-fc94-4131-90ab-17bcd78458c4@group-8039453F51C4-StateMachineUpdater: Failed to take snapshot
org.apache.ratis.protocol.exceptions.StateMachineException: Failed to take snapshot  for group-8039453F51C4 as the stateMachine is unhealthy. The last applied index is at (t:1, i:4)
	at org.apache.hadoop.ozone.container.common.transport.server.ratis.ContainerStateMachine.takeSnapshot(ContainerStateMachine.java:420)
	at org.apache.ratis.server.impl.StateMachineUpdater.takeSnapshot(StateMachineUpdater.java:290)
	at org.apache.ratis.server.impl.StateMachineUpdater.checkAndTakeSnapshot(StateMachineUpdater.java:281)
	at org.apache.ratis.server.impl.StateMachineUpdater.run(StateMachineUpdater.java:194)
	at java.base/java.lang.Thread.run(Thread.java:1583)
2025-07-19 06:07:18,239 [grpc-default-executor-4] INFO  leader.LogAppender (LogAppenderBase.java:lambda$getNextIndexForError$0(215)) - Decrease nextIndex to 6
2025-07-19 06:07:18,239 [grpc-default-executor-4] INFO  leader.LogAppender (LogAppenderBase.java:lambda$getNextIndexForError$0(215)) - Decrease nextIndex to 6
2025-07-19 06:07:18,239 [grpc-default-executor-4] INFO  leader.FollowerInfo (FollowerInfoImpl.java:info(70)) - 86838f6f-3dde-42b5-b01a-58c95bf80430@group-8039453F51C4->aa0cb613-fc94-4131-90ab-17bcd78458c4: computeNextIndex nextIndex: updateUnconditionally 8 -> 6
2025-07-19 06:07:18,242 [aa0cb613-fc94-4131-90ab-17bcd78458c4-server-thread2] WARN  server.GrpcServerProtocolService (LogUtils.java:warn(129)) - aa0cb613-fc94-4131-90ab-17bcd78458c4: Failed APPEND_ENTRIES request 86838f6f-3dde-42b5-b01a-58c95bf80430->aa0cb613-fc94-4131-90ab-17bcd78458c4#15-t1,previous=(t:1, i:5),leaderCommit=4,initializing? false,entries: size=2, first=(t:1, i:6), STATEMACHINELOGENTRY, WRITE: logData.size=217, stateMachineData.size=0, logEntryProtoSerializedSize=0
java.util.concurrent.CompletionException: org.apache.hadoop.hdds.scm.container.common.helpers.StorageContainerException: Chunks directory /home/runner/work/ozone/ozone/hadoop-ozone/integration-test/target/test-dir/MiniOzoneClusterImpl-09c4c6e1-5ab0-4195-ac7b-5aec6defaa36/ozone-meta/datanode-2/data-0/hdds/09c4c6e1-5ab0-4195-ac7b-5aec6defaa36/current/containerDir0/2/chunks does not exist.
	at java.base/java.util.concurrent.CompletableFuture.encodeThrowable(CompletableFuture.java:332)
	at java.base/java.util.concurrent.CompletableFuture.completeThrowable(CompletableFuture.java:347)
	at java.base/java.util.concurrent.CompletableFuture$BiRelay.tryFire(CompletableFuture.java:1498)
	at java.base/java.util.concurrent.CompletableFuture$CoCompletion.tryFire(CompletableFuture.java:1219)
	at java.base/java.util.concurrent.CompletableFuture.postComplete(CompletableFuture.java:510)
	at java.base/java.util.concurrent.CompletableFuture.completeExceptionally(CompletableFuture.java:2194)
	at org.apache.ratis.server.raftlog.segmented.SegmentedRaftLog$Task.failed(SegmentedRaftLog.java:109)
	at org.apache.ratis.server.raftlog.segmented.SegmentedRaftLogWorker$WriteLog.failed(SegmentedRaftLogWorker.java:530)
	at org.apache.ratis.server.raftlog.segmented.SegmentedRaftLogWorker.run(SegmentedRaftLogWorker.java:326)
	at java.base/java.util.concurrent.Executors$RunnableAdapter.call(Executors.java:572)
	at java.base/java.util.concurrent.FutureTask.run(FutureTask.java:317)
	at java.base/java.util.concurrent.ThreadPoolExecutor.runWorker(ThreadPoolExecutor.java:1144)
	at java.base/java.util.concurrent.ThreadPoolExecutor$Worker.run(ThreadPoolExecutor.java:642)
	at java.base/java.lang.Thread.run(Thread.java:1583)
Caused by: org.apache.hadoop.hdds.scm.container.common.helpers.StorageContainerException: Chunks directory /home/runner/work/ozone/ozone/hadoop-ozone/integration-test/target/test-dir/MiniOzoneClusterImpl-09c4c6e1-5ab0-4195-ac7b-5aec6defaa36/ozone-meta/datanode-2/data-0/hdds/09c4c6e1-5ab0-4195-ac7b-5aec6defaa36/current/containerDir0/2/chunks does not exist.
	at org.apache.hadoop.ozone.container.common.transport.server.ratis.ContainerStateMachine.handleCommandResult(ContainerStateMachine.java:661)
	at org.apache.hadoop.ozone.container.common.transport.server.ratis.ContainerStateMachine.lambda$writeStateMachineData$2(ContainerStateMachine.java:623)
	... 4 more
2025-07-19 06:07:18,243 [7e15f5a0-0f8f-4a50-92e4-d2f5038b0085-server-thread1] WARN  server.GrpcServerProtocolService (LogUtils.java:warn(129)) - 7e15f5a0-0f8f-4a50-92e4-d2f5038b0085: Failed APPEND_ENTRIES request 86838f6f-3dde-42b5-b01a-58c95bf80430->7e15f5a0-0f8f-4a50-92e4-d2f5038b0085#20-t1,previous=(t:1, i:4),leaderCommit=4,initializing? false,entries: size=3, first=(t:1, i:5), STATEMACHINELOGENTRY, WRITE: logData.size=154, stateMachineData.size=10, logEntryProtoSerializedSize=0
java.util.concurrent.CompletionException: org.apache.hadoop.hdds.scm.container.common.helpers.StorageContainerException: Chunks directory /home/runner/work/ozone/ozone/hadoop-ozone/integration-test/target/test-dir/MiniOzoneClusterImpl-09c4c6e1-5ab0-4195-ac7b-5aec6defaa36/ozone-meta/datanode-1/data-0/hdds/09c4c6e1-5ab0-4195-ac7b-5aec6defaa36/current/containerDir0/2/chunks does not exist.
	at java.base/java.util.concurrent.CompletableFuture.encodeThrowable(CompletableFuture.java:332)
	at java.base/java.util.concurrent.CompletableFuture.completeThrowable(CompletableFuture.java:347)
	at java.base/java.util.concurrent.CompletableFuture$BiRelay.tryFire(CompletableFuture.java:1498)
	at java.base/java.util.concurrent.CompletableFuture$CoCompletion.tryFire(CompletableFuture.java:1219)
	at java.base/java.util.concurrent.CompletableFuture.postComplete(CompletableFuture.java:510)
	at java.base/java.util.concurrent.CompletableFuture.completeExceptionally(CompletableFuture.java:2194)
	at org.apache.ratis.server.raftlog.segmented.SegmentedRaftLog$Task.failed(SegmentedRaftLog.java:109)
	at org.apache.ratis.server.raftlog.segmented.SegmentedRaftLogWorker$WriteLog.failed(SegmentedRaftLogWorker.java:530)
	at org.apache.ratis.server.raftlog.segmented.SegmentedRaftLogWorker.run(SegmentedRaftLogWorker.java:326)
	at java.base/java.util.concurrent.Executors$RunnableAdapter.call(Executors.java:572)
	at java.base/java.util.concurrent.FutureTask.run(FutureTask.java:317)
	at java.base/java.util.concurrent.ThreadPoolExecutor.runWorker(ThreadPoolExecutor.java:1144)
	at java.base/java.util.concurrent.ThreadPoolExecutor$Worker.run(ThreadPoolExecutor.java:642)
	at java.base/java.lang.Thread.run(Thread.java:1583)
Caused by: org.apache.hadoop.hdds.scm.container.common.helpers.StorageContainerException: Chunks directory /home/runner/work/ozone/ozone/hadoop-ozone/integration-test/target/test-dir/MiniOzoneClusterImpl-09c4c6e1-5ab0-4195-ac7b-5aec6defaa36/ozone-meta/datanode-1/data-0/hdds/09c4c6e1-5ab0-4195-ac7b-5aec6defaa36/current/containerDir0/2/chunks does not exist.
	at org.apache.hadoop.ozone.container.common.transport.server.ratis.ContainerStateMachine.handleCommandResult(ContainerStateMachine.java:661)
	at org.apache.hadoop.ozone.container.common.transport.server.ratis.ContainerStateMachine.lambda$writeStateMachineData$2(ContainerStateMachine.java:623)
	... 4 more
2025-07-19 06:07:18,244 [grpc-default-executor-2] INFO  leader.LogAppender (LogAppenderBase.java:lambda$getNextIndexForError$0(215)) - Decrease nextIndex to 6
2025-07-19 06:07:18,244 [grpc-default-executor-2] INFO  leader.LogAppender (LogAppenderBase.java:lambda$getNextIndexForError$0(215)) - Decrease nextIndex to 6
2025-07-19 06:07:18,244 [grpc-default-executor-2] INFO  leader.FollowerInfo (FollowerInfoImpl.java:info(70)) - 86838f6f-3dde-42b5-b01a-58c95bf80430@group-8039453F51C4->aa0cb613-fc94-4131-90ab-17bcd78458c4: computeNextIndex nextIndex: updateUnconditionally 8 -> 6
2025-07-19 06:07:18,246 [grpc-default-executor-2] INFO  leader.LogAppender (LogAppenderBase.java:lambda$getNextIndexForError$0(215)) - Decrease nextIndex to 5
2025-07-19 06:07:18,246 [grpc-default-executor-2] INFO  leader.LogAppender (LogAppenderBase.java:lambda$getNextIndexForError$0(215)) - Decrease nextIndex to 5
2025-07-19 06:07:18,246 [grpc-default-executor-2] INFO  leader.FollowerInfo (FollowerInfoImpl.java:info(70)) - 86838f6f-3dde-42b5-b01a-58c95bf80430@group-8039453F51C4->7e15f5a0-0f8f-4a50-92e4-d2f5038b0085: computeNextIndex nextIndex: updateUnconditionally 8 -> 5
2025-07-19 06:07:18,393 [EventQueue-PipelineActionsForPipelineActionHandler] INFO  pipeline.PipelineActionHandler (PipelineActionHandler.java:processPipelineAction(89)) - Received pipeline action CLOSE for Pipeline-8087f958-22a4-4a04-9a20-8039453f51c4 from datanode aa0cb613-fc94-4131-90ab-17bcd78458c4(localhost/127.0.0.1). Reason : Chunks directory /home/runner/work/ozone/ozone/hadoop-ozone/integration-test/target/test-dir/MiniOzoneClusterImpl-09c4c6e1-5ab0-4195-ac7b-5aec6defaa36/ozone-meta/datanode-2/data-0/hdds/09c4c6e1-5ab0-4195-ac7b-5aec6defaa36/current/containerDir0/2/chunks does not exist.
2025-07-19 06:07:18,397 [EventQueue-PipelineActionsForPipelineActionHandler] INFO  pipeline.PipelineActionHandler (PipelineActionHandler.java:processPipelineAction(89)) - Received pipeline action CLOSE for Pipeline-8087f958-22a4-4a04-9a20-8039453f51c4 from datanode 7e15f5a0-0f8f-4a50-92e4-d2f5038b0085(localhost/127.0.0.1). Reason : Chunks directory /home/runner/work/ozone/ozone/hadoop-ozone/integration-test/target/test-dir/MiniOzoneClusterImpl-09c4c6e1-5ab0-4195-ac7b-5aec6defaa36/ozone-meta/datanode-1/data-0/hdds/09c4c6e1-5ab0-4195-ac7b-5aec6defaa36/current/containerDir0/2/chunks does not exist.
2025-07-19 06:07:18,593 [EventQueue-PipelineActionsForPipelineActionHandler] INFO  pipeline.PipelineActionHandler (PipelineActionHandler.java:processPipelineAction(89)) - Received pipeline action CLOSE for Pipeline-8087f958-22a4-4a04-9a20-8039453f51c4 from datanode aa0cb613-fc94-4131-90ab-17bcd78458c4(localhost/127.0.0.1). Reason : Chunks directory /home/runner/work/ozone/ozone/hadoop-ozone/integration-test/target/test-dir/MiniOzoneClusterImpl-09c4c6e1-5ab0-4195-ac7b-5aec6defaa36/ozone-meta/datanode-2/data-0/hdds/09c4c6e1-5ab0-4195-ac7b-5aec6defaa36/current/containerDir0/2/chunks does not exist.
2025-07-19 06:07:18,597 [EventQueue-PipelineActionsForPipelineActionHandler] INFO  pipeline.PipelineActionHandler (PipelineActionHandler.java:processPipelineAction(89)) - Received pipeline action CLOSE for Pipeline-8087f958-22a4-4a04-9a20-8039453f51c4 from datanode 7e15f5a0-0f8f-4a50-92e4-d2f5038b0085(localhost/127.0.0.1). Reason : Chunks directory /home/runner/work/ozone/ozone/hadoop-ozone/integration-test/target/test-dir/MiniOzoneClusterImpl-09c4c6e1-5ab0-4195-ac7b-5aec6defaa36/ozone-meta/datanode-1/data-0/hdds/09c4c6e1-5ab0-4195-ac7b-5aec6defaa36/current/containerDir0/2/chunks does not exist.
2025-07-19 06:07:18,750 [timer5] ERROR impl.OrderedAsync (OrderedAsync.java:lambda$null$6(215)) -  client-933A7CA996E4: Failed* RaftClientRequest:client-933A7CA996E4->86838f6f-3dde-42b5-b01a-58c95bf80430@group-8039453F51C4, cid=27, seq=4, RW, cmdType: WriteChunk
traceID: ""
containerID: 2
datanodeUuid: "aa0cb613-fc94-4131-90ab-17bcd78458c4"
writeChunk {
  blockID {
    containerID: 2
    localID: 115816896921600002
    blockCommitSequenceId: 2
    replicaIndex: 0
  }
  chunkData {
    chunkName: "115816896921600002_chunk_2"
    offset: 5
    len: 10
    checksumData {
      type: CRC32
      bytesPerChecksum: 16384
      checksums: "\317\357R*"
    }
  }
}
version: 3
, data.size=10
java.util.concurrent.CompletionException: org.apache.ratis.protocol.exceptions.TimeoutIOException: client-933A7CA996E4->86838f6f-3dde-42b5-b01a-58c95bf80430 request #27 timeout 3000ms
	at java.base/java.util.concurrent.CompletableFuture.encodeThrowable(CompletableFuture.java:332)
	at java.base/java.util.concurrent.CompletableFuture.completeThrowable(CompletableFuture.java:347)
	at java.base/java.util.concurrent.CompletableFuture$UniAccept.tryFire(CompletableFuture.java:708)
	at java.base/java.util.concurrent.CompletableFuture.postComplete(CompletableFuture.java:510)
	at java.base/java.util.concurrent.CompletableFuture.completeExceptionally(CompletableFuture.java:2194)
	at org.apache.ratis.grpc.client.GrpcClientProtocolClient$AsyncStreamObservers.lambda$timeoutCheck$5(GrpcClientProtocolClient.java:376)
	at java.base/java.util.Optional.ifPresent(Optional.java:178)
	at org.apache.ratis.grpc.client.GrpcClientProtocolClient$AsyncStreamObservers.handleReplyFuture(GrpcClientProtocolClient.java:381)
	at org.apache.ratis.grpc.client.GrpcClientProtocolClient$AsyncStreamObservers.timeoutCheck(GrpcClientProtocolClient.java:376)
	at org.apache.ratis.grpc.client.GrpcClientProtocolClient$AsyncStreamObservers.lambda$onNext$3(GrpcClientProtocolClient.java:369)
	at org.apache.ratis.util.TimeoutTimer.lambda$onTimeout$2(TimeoutTimer.java:101)
	at org.apache.ratis.util.LogUtils.runAndLog(LogUtils.java:38)
	at org.apache.ratis.util.LogUtils$1.run(LogUtils.java:78)
	at org.apache.ratis.util.TimeoutTimer$Task.run(TimeoutTimer.java:55)
	at java.base/java.util.TimerThread.mainLoop(Timer.java:566)
	at java.base/java.util.TimerThread.run(Timer.java:516)
Caused by: org.apache.ratis.protocol.exceptions.TimeoutIOException: client-933A7CA996E4->86838f6f-3dde-42b5-b01a-58c95bf80430 request #27 timeout 3000ms
	at org.apache.ratis.grpc.client.GrpcClientProtocolClient$AsyncStreamObservers.lambda$timeoutCheck$5(GrpcClientProtocolClient.java:377)
	... 10 more
2025-07-19 06:07:18,751 [timer6] ERROR impl.OrderedAsync (OrderedAsync.java:lambda$null$6(215)) -  client-933A7CA996E4: Failed* RaftClientRequest:client-933A7CA996E4->86838f6f-3dde-42b5-b01a-58c95bf80430@group-8039453F51C4, cid=28, seq=5, RW, cmdType: PutBlock
traceID: ""
containerID: 2
datanodeUuid: "aa0cb613-fc94-4131-90ab-17bcd78458c4"
putBlock {
  blockData {
    blockID {
      containerID: 2
      localID: 115816896921600002
      blockCommitSequenceId: 0
    }
    metadata {
      key: "TYPE"
      value: "KEY"
    }
    chunks {
      chunkName: "115816896921600002_chunk_1"
      offset: 0
      len: 5
      checksumData {
        type: CRC32
        bytesPerChecksum: 16384
        checksums: "\350a\3440"
      }
    }
    chunks {
      chunkName: "115816896921600002_chunk_2"
      offset: 5
      len: 10
      checksumData {
        type: CRC32
        bytesPerChecksum: 16384
        checksums: "\317\357R*"
      }
    }
  }
  eof: false
}
version: 3
, data.size=0
java.util.concurrent.CompletionException: org.apache.ratis.protocol.exceptions.TimeoutIOException: client-933A7CA996E4->86838f6f-3dde-42b5-b01a-58c95bf80430 request #28 timeout 3000ms
	at java.base/java.util.concurrent.CompletableFuture.encodeThrowable(CompletableFuture.java:332)
	at java.base/java.util.concurrent.CompletableFuture.completeThrowable(CompletableFuture.java:347)
	at java.base/java.util.concurrent.CompletableFuture$UniAccept.tryFire(CompletableFuture.java:708)
	at java.base/java.util.concurrent.CompletableFuture.postComplete(CompletableFuture.java:510)
	at java.base/java.util.concurrent.CompletableFuture.completeExceptionally(CompletableFuture.java:2194)
	at org.apache.ratis.grpc.client.GrpcClientProtocolClient$AsyncStreamObservers.lambda$timeoutCheck$5(GrpcClientProtocolClient.java:376)
	at java.base/java.util.Optional.ifPresent(Optional.java:178)
	at org.apache.ratis.grpc.client.GrpcClientProtocolClient$AsyncStreamObservers.handleReplyFuture(GrpcClientProtocolClient.java:381)
	at org.apache.ratis.grpc.client.GrpcClientProtocolClient$AsyncStreamObservers.timeoutCheck(GrpcClientProtocolClient.java:376)
	at org.apache.ratis.grpc.client.GrpcClientProtocolClient$AsyncStreamObservers.lambda$onNext$3(GrpcClientProtocolClient.java:369)
	at org.apache.ratis.util.TimeoutTimer.lambda$onTimeout$2(TimeoutTimer.java:101)
	at org.apache.ratis.util.LogUtils.runAndLog(LogUtils.java:38)
	at org.apache.ratis.util.LogUtils$1.run(LogUtils.java:78)
	at org.apache.ratis.util.TimeoutTimer$Task.run(TimeoutTimer.java:55)
	at java.base/java.util.TimerThread.mainLoop(Timer.java:566)
	at java.base/java.util.TimerThread.run(Timer.java:516)
Caused by: org.apache.ratis.protocol.exceptions.TimeoutIOException: client-933A7CA996E4->86838f6f-3dde-42b5-b01a-58c95bf80430 request #28 timeout 3000ms
	at org.apache.ratis.grpc.client.GrpcClientProtocolClient$AsyncStreamObservers.lambda$timeoutCheck$5(GrpcClientProtocolClient.java:377)
	... 10 more
2025-07-19 06:07:18,793 [EventQueue-PipelineActionsForPipelineActionHandler] INFO  pipeline.PipelineActionHandler (PipelineActionHandler.java:processPipelineAction(89)) - Received pipeline action CLOSE for Pipeline-8087f958-22a4-4a04-9a20-8039453f51c4 from datanode aa0cb613-fc94-4131-90ab-17bcd78458c4(localhost/127.0.0.1). Reason : Chunks directory /home/runner/work/ozone/ozone/hadoop-ozone/integration-test/target/test-dir/MiniOzoneClusterImpl-09c4c6e1-5ab0-4195-ac7b-5aec6defaa36/ozone-meta/datanode-2/data-0/hdds/09c4c6e1-5ab0-4195-ac7b-5aec6defaa36/current/containerDir0/2/chunks does not exist.
2025-07-19 06:07:18,797 [EventQueue-PipelineActionsForPipelineActionHandler] INFO  pipeline.PipelineActionHandler (PipelineActionHandler.java:processPipelineAction(89)) - Received pipeline action CLOSE for Pipeline-8087f958-22a4-4a04-9a20-8039453f51c4 from datanode 7e15f5a0-0f8f-4a50-92e4-d2f5038b0085(localhost/127.0.0.1). Reason : Chunks directory /home/runner/work/ozone/ozone/hadoop-ozone/integration-test/target/test-dir/MiniOzoneClusterImpl-09c4c6e1-5ab0-4195-ac7b-5aec6defaa36/ozone-meta/datanode-1/data-0/hdds/09c4c6e1-5ab0-4195-ac7b-5aec6defaa36/current/containerDir0/2/chunks does not exist.
2025-07-19 06:07:18,993 [EventQueue-PipelineActionsForPipelineActionHandler] INFO  pipeline.PipelineActionHandler (PipelineActionHandler.java:processPipelineAction(89)) - Received pipeline action CLOSE for Pipeline-8087f958-22a4-4a04-9a20-8039453f51c4 from datanode aa0cb613-fc94-4131-90ab-17bcd78458c4(localhost/127.0.0.1). Reason : Chunks directory /home/runner/work/ozone/ozone/hadoop-ozone/integration-test/target/test-dir/MiniOzoneClusterImpl-09c4c6e1-5ab0-4195-ac7b-5aec6defaa36/ozone-meta/datanode-2/data-0/hdds/09c4c6e1-5ab0-4195-ac7b-5aec6defaa36/current/containerDir0/2/chunks does not exist.
2025-07-19 06:07:18,998 [EventQueue-PipelineActionsForPipelineActionHandler] INFO  pipeline.PipelineActionHandler (PipelineActionHandler.java:processPipelineAction(89)) - Received pipeline action CLOSE for Pipeline-8087f958-22a4-4a04-9a20-8039453f51c4 from datanode 7e15f5a0-0f8f-4a50-92e4-d2f5038b0085(localhost/127.0.0.1). Reason : Chunks directory /home/runner/work/ozone/ozone/hadoop-ozone/integration-test/target/test-dir/MiniOzoneClusterImpl-09c4c6e1-5ab0-4195-ac7b-5aec6defaa36/ozone-meta/datanode-1/data-0/hdds/09c4c6e1-5ab0-4195-ac7b-5aec6defaa36/current/containerDir0/2/chunks does not exist.
2025-07-19 06:07:19,193 [EventQueue-PipelineActionsForPipelineActionHandler] INFO  pipeline.PipelineActionHandler (PipelineActionHandler.java:processPipelineAction(89)) - Received pipeline action CLOSE for Pipeline-8087f958-22a4-4a04-9a20-8039453f51c4 from datanode aa0cb613-fc94-4131-90ab-17bcd78458c4(localhost/127.0.0.1). Reason : Chunks directory /home/runner/work/ozone/ozone/hadoop-ozone/integration-test/target/test-dir/MiniOzoneClusterImpl-09c4c6e1-5ab0-4195-ac7b-5aec6defaa36/ozone-meta/datanode-2/data-0/hdds/09c4c6e1-5ab0-4195-ac7b-5aec6defaa36/current/containerDir0/2/chunks does not exist.
2025-07-19 06:07:19,198 [EventQueue-PipelineActionsForPipelineActionHandler] INFO  pipeline.PipelineActionHandler (PipelineActionHandler.java:processPipelineAction(89)) - Received pipeline action CLOSE for Pipeline-8087f958-22a4-4a04-9a20-8039453f51c4 from datanode 7e15f5a0-0f8f-4a50-92e4-d2f5038b0085(localhost/127.0.0.1). Reason : Chunks directory /home/runner/work/ozone/ozone/hadoop-ozone/integration-test/target/test-dir/MiniOzoneClusterImpl-09c4c6e1-5ab0-4195-ac7b-5aec6defaa36/ozone-meta/datanode-1/data-0/hdds/09c4c6e1-5ab0-4195-ac7b-5aec6defaa36/current/containerDir0/2/chunks does not exist.
2025-07-19 06:07:19,393 [EventQueue-PipelineActionsForPipelineActionHandler] INFO  pipeline.PipelineActionHandler (PipelineActionHandler.java:processPipelineAction(89)) - Received pipeline action CLOSE for Pipeline-8087f958-22a4-4a04-9a20-8039453f51c4 from datanode aa0cb613-fc94-4131-90ab-17bcd78458c4(localhost/127.0.0.1). Reason : Chunks directory /home/runner/work/ozone/ozone/hadoop-ozone/integration-test/target/test-dir/MiniOzoneClusterImpl-09c4c6e1-5ab0-4195-ac7b-5aec6defaa36/ozone-meta/datanode-2/data-0/hdds/09c4c6e1-5ab0-4195-ac7b-5aec6defaa36/current/containerDir0/2/chunks does not exist.
2025-07-19 06:07:19,397 [EventQueue-PipelineActionsForPipelineActionHandler] INFO  pipeline.PipelineActionHandler (PipelineActionHandler.java:processPipelineAction(89)) - Received pipeline action CLOSE for Pipeline-8087f958-22a4-4a04-9a20-8039453f51c4 from datanode 7e15f5a0-0f8f-4a50-92e4-d2f5038b0085(localhost/127.0.0.1). Reason : Chunks directory /home/runner/work/ozone/ozone/hadoop-ozone/integration-test/target/test-dir/MiniOzoneClusterImpl-09c4c6e1-5ab0-4195-ac7b-5aec6defaa36/ozone-meta/datanode-1/data-0/hdds/09c4c6e1-5ab0-4195-ac7b-5aec6defaa36/current/containerDir0/2/chunks does not exist.
2025-07-19 06:07:19,593 [EventQueue-PipelineActionsForPipelineActionHandler] INFO  pipeline.PipelineActionHandler (PipelineActionHandler.java:processPipelineAction(89)) - Received pipeline action CLOSE for Pipeline-8087f958-22a4-4a04-9a20-8039453f51c4 from datanode aa0cb613-fc94-4131-90ab-17bcd78458c4(localhost/127.0.0.1). Reason : Chunks directory /home/runner/work/ozone/ozone/hadoop-ozone/integration-test/target/test-dir/MiniOzoneClusterImpl-09c4c6e1-5ab0-4195-ac7b-5aec6defaa36/ozone-meta/datanode-2/data-0/hdds/09c4c6e1-5ab0-4195-ac7b-5aec6defaa36/current/containerDir0/2/chunks does not exist.
2025-07-19 06:07:19,597 [EventQueue-PipelineActionsForPipelineActionHandler] INFO  pipeline.PipelineActionHandler (PipelineActionHandler.java:processPipelineAction(89)) - Received pipeline action CLOSE for Pipeline-8087f958-22a4-4a04-9a20-8039453f51c4 from datanode 7e15f5a0-0f8f-4a50-92e4-d2f5038b0085(localhost/127.0.0.1). Reason : Chunks directory /home/runner/work/ozone/ozone/hadoop-ozone/integration-test/target/test-dir/MiniOzoneClusterImpl-09c4c6e1-5ab0-4195-ac7b-5aec6defaa36/ozone-meta/datanode-1/data-0/hdds/09c4c6e1-5ab0-4195-ac7b-5aec6defaa36/current/containerDir0/2/chunks does not exist.
2025-07-19 06:07:19,793 [EventQueue-PipelineActionsForPipelineActionHandler] INFO  pipeline.PipelineActionHandler (PipelineActionHandler.java:processPipelineAction(89)) - Received pipeline action CLOSE for Pipeline-8087f958-22a4-4a04-9a20-8039453f51c4 from datanode aa0cb613-fc94-4131-90ab-17bcd78458c4(localhost/127.0.0.1). Reason : Chunks directory /home/runner/work/ozone/ozone/hadoop-ozone/integration-test/target/test-dir/MiniOzoneClusterImpl-09c4c6e1-5ab0-4195-ac7b-5aec6defaa36/ozone-meta/datanode-2/data-0/hdds/09c4c6e1-5ab0-4195-ac7b-5aec6defaa36/current/containerDir0/2/chunks does not exist.
2025-07-19 06:07:19,797 [EventQueue-PipelineActionsForPipelineActionHandler] INFO  pipeline.PipelineActionHandler (PipelineActionHandler.java:processPipelineAction(89)) - Received pipeline action CLOSE for Pipeline-8087f958-22a4-4a04-9a20-8039453f51c4 from datanode 7e15f5a0-0f8f-4a50-92e4-d2f5038b0085(localhost/127.0.0.1). Reason : Chunks directory /home/runner/work/ozone/ozone/hadoop-ozone/integration-test/target/test-dir/MiniOzoneClusterImpl-09c4c6e1-5ab0-4195-ac7b-5aec6defaa36/ozone-meta/datanode-1/data-0/hdds/09c4c6e1-5ab0-4195-ac7b-5aec6defaa36/current/containerDir0/2/chunks does not exist.
2025-07-19 06:07:19,993 [EventQueue-PipelineActionsForPipelineActionHandler] INFO  pipeline.PipelineActionHandler (PipelineActionHandler.java:processPipelineAction(89)) - Received pipeline action CLOSE for Pipeline-8087f958-22a4-4a04-9a20-8039453f51c4 from datanode aa0cb613-fc94-4131-90ab-17bcd78458c4(localhost/127.0.0.1). Reason : Chunks directory /home/runner/work/ozone/ozone/hadoop-ozone/integration-test/target/test-dir/MiniOzoneClusterImpl-09c4c6e1-5ab0-4195-ac7b-5aec6defaa36/ozone-meta/datanode-2/data-0/hdds/09c4c6e1-5ab0-4195-ac7b-5aec6defaa36/current/containerDir0/2/chunks does not exist.
2025-07-19 06:07:19,997 [EventQueue-PipelineActionsForPipelineActionHandler] INFO  pipeline.PipelineActionHandler (PipelineActionHandler.java:processPipelineAction(89)) - Received pipeline action CLOSE for Pipeline-8087f958-22a4-4a04-9a20-8039453f51c4 from datanode 7e15f5a0-0f8f-4a50-92e4-d2f5038b0085(localhost/127.0.0.1). Reason : Chunks directory /home/runner/work/ozone/ozone/hadoop-ozone/integration-test/target/test-dir/MiniOzoneClusterImpl-09c4c6e1-5ab0-4195-ac7b-5aec6defaa36/ozone-meta/datanode-1/data-0/hdds/09c4c6e1-5ab0-4195-ac7b-5aec6defaa36/current/containerDir0/2/chunks does not exist.
2025-07-19 06:07:20,193 [EventQueue-PipelineActionsForPipelineActionHandler] INFO  pipeline.PipelineActionHandler (PipelineActionHandler.java:processPipelineAction(89)) - Received pipeline action CLOSE for Pipeline-8087f958-22a4-4a04-9a20-8039453f51c4 from datanode aa0cb613-fc94-4131-90ab-17bcd78458c4(localhost/127.0.0.1). Reason : Chunks directory /home/runner/work/ozone/ozone/hadoop-ozone/integration-test/target/test-dir/MiniOzoneClusterImpl-09c4c6e1-5ab0-4195-ac7b-5aec6defaa36/ozone-meta/datanode-2/data-0/hdds/09c4c6e1-5ab0-4195-ac7b-5aec6defaa36/current/containerDir0/2/chunks does not exist.
2025-07-19 06:07:20,197 [EventQueue-PipelineActionsForPipelineActionHandler] INFO  pipeline.PipelineActionHandler (PipelineActionHandler.java:processPipelineAction(89)) - Received pipeline action CLOSE for Pipeline-8087f958-22a4-4a04-9a20-8039453f51c4 from datanode 7e15f5a0-0f8f-4a50-92e4-d2f5038b0085(localhost/127.0.0.1). Reason : Chunks directory /home/runner/work/ozone/ozone/hadoop-ozone/integration-test/target/test-dir/MiniOzoneClusterImpl-09c4c6e1-5ab0-4195-ac7b-5aec6defaa36/ozone-meta/datanode-1/data-0/hdds/09c4c6e1-5ab0-4195-ac7b-5aec6defaa36/current/containerDir0/2/chunks does not exist.
2025-07-19 06:07:20,393 [EventQueue-PipelineActionsForPipelineActionHandler] INFO  pipeline.PipelineActionHandler (PipelineActionHandler.java:processPipelineAction(89)) - Received pipeline action CLOSE for Pipeline-8087f958-22a4-4a04-9a20-8039453f51c4 from datanode aa0cb613-fc94-4131-90ab-17bcd78458c4(localhost/127.0.0.1). Reason : Chunks directory /home/runner/work/ozone/ozone/hadoop-ozone/integration-test/target/test-dir/MiniOzoneClusterImpl-09c4c6e1-5ab0-4195-ac7b-5aec6defaa36/ozone-meta/datanode-2/data-0/hdds/09c4c6e1-5ab0-4195-ac7b-5aec6defaa36/current/containerDir0/2/chunks does not exist.
2025-07-19 06:07:20,397 [EventQueue-PipelineActionsForPipelineActionHandler] INFO  pipeline.PipelineActionHandler (PipelineActionHandler.java:processPipelineAction(89)) - Received pipeline action CLOSE for Pipeline-8087f958-22a4-4a04-9a20-8039453f51c4 from datanode 7e15f5a0-0f8f-4a50-92e4-d2f5038b0085(localhost/127.0.0.1). Reason : Chunks directory /home/runner/work/ozone/ozone/hadoop-ozone/integration-test/target/test-dir/MiniOzoneClusterImpl-09c4c6e1-5ab0-4195-ac7b-5aec6defaa36/ozone-meta/datanode-1/data-0/hdds/09c4c6e1-5ab0-4195-ac7b-5aec6defaa36/current/containerDir0/2/chunks does not exist.
2025-07-19 06:07:20,593 [EventQueue-PipelineActionsForPipelineActionHandler] INFO  pipeline.PipelineActionHandler (PipelineActionHandler.java:processPipelineAction(89)) - Received pipeline action CLOSE for Pipeline-8087f958-22a4-4a04-9a20-8039453f51c4 from datanode aa0cb613-fc94-4131-90ab-17bcd78458c4(localhost/127.0.0.1). Reason : Chunks directory /home/runner/work/ozone/ozone/hadoop-ozone/integration-test/target/test-dir/MiniOzoneClusterImpl-09c4c6e1-5ab0-4195-ac7b-5aec6defaa36/ozone-meta/datanode-2/data-0/hdds/09c4c6e1-5ab0-4195-ac7b-5aec6defaa36/current/containerDir0/2/chunks does not exist.
2025-07-19 06:07:20,597 [EventQueue-PipelineActionsForPipelineActionHandler] INFO  pipeline.PipelineActionHandler (PipelineActionHandler.java:processPipelineAction(89)) - Received pipeline action CLOSE for Pipeline-8087f958-22a4-4a04-9a20-8039453f51c4 from datanode 7e15f5a0-0f8f-4a50-92e4-d2f5038b0085(localhost/127.0.0.1). Reason : Chunks directory /home/runner/work/ozone/ozone/hadoop-ozone/integration-test/target/test-dir/MiniOzoneClusterImpl-09c4c6e1-5ab0-4195-ac7b-5aec6defaa36/ozone-meta/datanode-1/data-0/hdds/09c4c6e1-5ab0-4195-ac7b-5aec6defaa36/current/containerDir0/2/chunks does not exist.
2025-07-19 06:07:20,742 [7e15f5a0-0f8f-4a50-92e4-d2f5038b0085-server-thread1] WARN  server.GrpcServerProtocolService (LogUtils.java:warn(129)) - 7e15f5a0-0f8f-4a50-92e4-d2f5038b0085: Failed APPEND_ENTRIES request 86838f6f-3dde-42b5-b01a-58c95bf80430->7e15f5a0-0f8f-4a50-92e4-d2f5038b0085#22-t1,previous=(t:1, i:4),leaderCommit=4,initializing? false,entries: size=3, first=(t:1, i:5), STATEMACHINELOGENTRY, WRITE: logData.size=154, stateMachineData.size=10, logEntryProtoSerializedSize=0
java.util.concurrent.CompletionException: org.apache.hadoop.hdds.scm.container.common.helpers.StorageContainerException: Chunks directory /home/runner/work/ozone/ozone/hadoop-ozone/integration-test/target/test-dir/MiniOzoneClusterImpl-09c4c6e1-5ab0-4195-ac7b-5aec6defaa36/ozone-meta/datanode-1/data-0/hdds/09c4c6e1-5ab0-4195-ac7b-5aec6defaa36/current/containerDir0/2/chunks does not exist.
	at java.base/java.util.concurrent.CompletableFuture.encodeThrowable(CompletableFuture.java:332)
	at java.base/java.util.concurrent.CompletableFuture.completeThrowable(CompletableFuture.java:347)
	at java.base/java.util.concurrent.CompletableFuture$BiRelay.tryFire(CompletableFuture.java:1498)
	at java.base/java.util.concurrent.CompletableFuture$CoCompletion.tryFire(CompletableFuture.java:1219)
	at java.base/java.util.concurrent.CompletableFuture.postComplete(CompletableFuture.java:510)
	at java.base/java.util.concurrent.CompletableFuture.completeExceptionally(CompletableFuture.java:2194)
	at org.apache.ratis.server.raftlog.segmented.SegmentedRaftLog$Task.failed(SegmentedRaftLog.java:109)
	at org.apache.ratis.server.raftlog.segmented.SegmentedRaftLogWorker$WriteLog.failed(SegmentedRaftLogWorker.java:530)
	at org.apache.ratis.server.raftlog.segmented.SegmentedRaftLogWorker.run(SegmentedRaftLogWorker.java:326)
	at java.base/java.util.concurrent.Executors$RunnableAdapter.call(Executors.java:572)
	at java.base/java.util.concurrent.FutureTask.run(FutureTask.java:317)
	at java.base/java.util.concurrent.ThreadPoolExecutor.runWorker(ThreadPoolExecutor.java:1144)
	at java.base/java.util.concurrent.ThreadPoolExecutor$Worker.run(ThreadPoolExecutor.java:642)
	at java.base/java.lang.Thread.run(Thread.java:1583)
Caused by: org.apache.hadoop.hdds.scm.container.common.helpers.StorageContainerException: Chunks directory /home/runner/work/ozone/ozone/hadoop-ozone/integration-test/target/test-dir/MiniOzoneClusterImpl-09c4c6e1-5ab0-4195-ac7b-5aec6defaa36/ozone-meta/datanode-1/data-0/hdds/09c4c6e1-5ab0-4195-ac7b-5aec6defaa36/current/containerDir0/2/chunks does not exist.
	at org.apache.hadoop.ozone.container.common.transport.server.ratis.ContainerStateMachine.handleCommandResult(ContainerStateMachine.java:661)
	at org.apache.hadoop.ozone.container.common.transport.server.ratis.ContainerStateMachine.lambda$writeStateMachineData$2(ContainerStateMachine.java:623)
	... 4 more
2025-07-19 06:07:20,743 [grpc-default-executor-6] INFO  leader.LogAppender (LogAppenderBase.java:lambda$getNextIndexForError$0(215)) - Decrease nextIndex to 5
2025-07-19 06:07:20,744 [grpc-default-executor-6] INFO  leader.LogAppender (LogAppenderBase.java:lambda$getNextIndexForError$0(215)) - Decrease nextIndex to 5
2025-07-19 06:07:20,744 [grpc-default-executor-6] INFO  leader.FollowerInfo (FollowerInfoImpl.java:info(70)) - 86838f6f-3dde-42b5-b01a-58c95bf80430@group-8039453F51C4->7e15f5a0-0f8f-4a50-92e4-d2f5038b0085: computeNextIndex nextIndex: updateUnconditionally 8 -> 5
2025-07-19 06:07:20,744 [aa0cb613-fc94-4131-90ab-17bcd78458c4-server-thread1] WARN  server.GrpcServerProtocolService (LogUtils.java:warn(129)) - aa0cb613-fc94-4131-90ab-17bcd78458c4: Failed APPEND_ENTRIES request 86838f6f-3dde-42b5-b01a-58c95bf80430->aa0cb613-fc94-4131-90ab-17bcd78458c4#17-t1,previous=(t:1, i:5),leaderCommit=4,initializing? false,entries: size=2, first=(t:1, i:6), STATEMACHINELOGENTRY, WRITE: logData.size=217, stateMachineData.size=0, logEntryProtoSerializedSize=0
java.util.concurrent.CompletionException: org.apache.hadoop.hdds.scm.container.common.helpers.StorageContainerException: Chunks directory /home/runner/work/ozone/ozone/hadoop-ozone/integration-test/target/test-dir/MiniOzoneClusterImpl-09c4c6e1-5ab0-4195-ac7b-5aec6defaa36/ozone-meta/datanode-2/data-0/hdds/09c4c6e1-5ab0-4195-ac7b-5aec6defaa36/current/containerDir0/2/chunks does not exist.
	at java.base/java.util.concurrent.CompletableFuture.encodeThrowable(CompletableFuture.java:332)
	at java.base/java.util.concurrent.CompletableFuture.completeThrowable(CompletableFuture.java:347)
	at java.base/java.util.concurrent.CompletableFuture$BiRelay.tryFire(CompletableFuture.java:1498)
	at java.base/java.util.concurrent.CompletableFuture$CoCompletion.tryFire(CompletableFuture.java:1219)
	at java.base/java.util.concurrent.CompletableFuture.postComplete(CompletableFuture.java:510)
	at java.base/java.util.concurrent.CompletableFuture.completeExceptionally(CompletableFuture.java:2194)
	at org.apache.ratis.server.raftlog.segmented.SegmentedRaftLog$Task.failed(SegmentedRaftLog.java:109)
	at org.apache.ratis.server.raftlog.segmented.SegmentedRaftLogWorker$WriteLog.failed(SegmentedRaftLogWorker.java:530)
	at org.apache.ratis.server.raftlog.segmented.SegmentedRaftLogWorker.run(SegmentedRaftLogWorker.java:326)
	at java.base/java.util.concurrent.Executors$RunnableAdapter.call(Executors.java:572)
	at java.base/java.util.concurrent.FutureTask.run(FutureTask.java:317)
	at java.base/java.util.concurrent.ThreadPoolExecutor.runWorker(ThreadPoolExecutor.java:1144)
	at java.base/java.util.concurrent.ThreadPoolExecutor$Worker.run(ThreadPoolExecutor.java:642)
	at java.base/java.lang.Thread.run(Thread.java:1583)
Caused by: org.apache.hadoop.hdds.scm.container.common.helpers.StorageContainerException: Chunks directory /home/runner/work/ozone/ozone/hadoop-ozone/integration-test/target/test-dir/MiniOzoneClusterImpl-09c4c6e1-5ab0-4195-ac7b-5aec6defaa36/ozone-meta/datanode-2/data-0/hdds/09c4c6e1-5ab0-4195-ac7b-5aec6defaa36/current/containerDir0/2/chunks does not exist.
	at org.apache.hadoop.ozone.container.common.transport.server.ratis.ContainerStateMachine.handleCommandResult(ContainerStateMachine.java:661)
	at org.apache.hadoop.ozone.container.common.transport.server.ratis.ContainerStateMachine.lambda$writeStateMachineData$2(ContainerStateMachine.java:623)
	... 4 more
2025-07-19 06:07:20,745 [grpc-default-executor-4] INFO  leader.LogAppender (LogAppenderBase.java:lambda$getNextIndexForError$0(215)) - Decrease nextIndex to 6
2025-07-19 06:07:20,745 [grpc-default-executor-4] INFO  leader.LogAppender (LogAppenderBase.java:lambda$getNextIndexForError$0(215)) - Decrease nextIndex to 6
2025-07-19 06:07:20,745 [grpc-default-executor-4] INFO  leader.FollowerInfo (FollowerInfoImpl.java:info(70)) - 86838f6f-3dde-42b5-b01a-58c95bf80430@group-8039453F51C4->aa0cb613-fc94-4131-90ab-17bcd78458c4: computeNextIndex nextIndex: updateUnconditionally 8 -> 6
2025-07-19 06:07:20,747 [aa0cb613-fc94-4131-90ab-17bcd78458c4-server-thread2] WARN  server.GrpcServerProtocolService (LogUtils.java:warn(129)) - aa0cb613-fc94-4131-90ab-17bcd78458c4: Failed APPEND_ENTRIES request 86838f6f-3dde-42b5-b01a-58c95bf80430->aa0cb613-fc94-4131-90ab-17bcd78458c4#18-t1,previous=(t:1, i:5),leaderCommit=4,initializing? false,entries: size=2, first=(t:1, i:6), STATEMACHINELOGENTRY, WRITE: logData.size=217, stateMachineData.size=0, logEntryProtoSerializedSize=0
java.util.concurrent.CompletionException: org.apache.hadoop.hdds.scm.container.common.helpers.StorageContainerException: Chunks directory /home/runner/work/ozone/ozone/hadoop-ozone/integration-test/target/test-dir/MiniOzoneClusterImpl-09c4c6e1-5ab0-4195-ac7b-5aec6defaa36/ozone-meta/datanode-2/data-0/hdds/09c4c6e1-5ab0-4195-ac7b-5aec6defaa36/current/containerDir0/2/chunks does not exist.
	at java.base/java.util.concurrent.CompletableFuture.encodeThrowable(CompletableFuture.java:332)
	at java.base/java.util.concurrent.CompletableFuture.completeThrowable(CompletableFuture.java:347)
	at java.base/java.util.concurrent.CompletableFuture$BiRelay.tryFire(CompletableFuture.java:1498)
	at java.base/java.util.concurrent.CompletableFuture$CoCompletion.tryFire(CompletableFuture.java:1219)
	at java.base/java.util.concurrent.CompletableFuture.postComplete(CompletableFuture.java:510)
	at java.base/java.util.concurrent.CompletableFuture.completeExceptionally(CompletableFuture.java:2194)
	at org.apache.ratis.server.raftlog.segmented.SegmentedRaftLog$Task.failed(SegmentedRaftLog.java:109)
	at org.apache.ratis.server.raftlog.segmented.SegmentedRaftLogWorker$WriteLog.failed(SegmentedRaftLogWorker.java:530)
	at org.apache.ratis.server.raftlog.segmented.SegmentedRaftLogWorker.run(SegmentedRaftLogWorker.java:326)
	at java.base/java.util.concurrent.Executors$RunnableAdapter.call(Executors.java:572)
	at java.base/java.util.concurrent.FutureTask.run(FutureTask.java:317)
	at java.base/java.util.concurrent.ThreadPoolExecutor.runWorker(ThreadPoolExecutor.java:1144)
	at java.base/java.util.concurrent.ThreadPoolExecutor$Worker.run(ThreadPoolExecutor.java:642)
	at java.base/java.lang.Thread.run(Thread.java:1583)
Caused by: org.apache.hadoop.hdds.scm.container.common.helpers.StorageContainerException: Chunks directory /home/runner/work/ozone/ozone/hadoop-ozone/integration-test/target/test-dir/MiniOzoneClusterImpl-09c4c6e1-5ab0-4195-ac7b-5aec6defaa36/ozone-meta/datanode-2/data-0/hdds/09c4c6e1-5ab0-4195-ac7b-5aec6defaa36/current/containerDir0/2/chunks does not exist.
	at org.apache.hadoop.ozone.container.common.transport.server.ratis.ContainerStateMachine.handleCommandResult(ContainerStateMachine.java:661)
	at org.apache.hadoop.ozone.container.common.transport.server.ratis.ContainerStateMachine.lambda$writeStateMachineData$2(ContainerStateMachine.java:623)
	... 4 more
2025-07-19 06:07:20,748 [grpc-default-executor-4] INFO  leader.LogAppender (LogAppenderBase.java:lambda$getNextIndexForError$0(215)) - Decrease nextIndex to 6
2025-07-19 06:07:20,748 [grpc-default-executor-4] INFO  leader.LogAppender (LogAppenderBase.java:lambda$getNextIndexForError$0(215)) - Decrease nextIndex to 6
2025-07-19 06:07:20,749 [grpc-default-executor-4] INFO  leader.FollowerInfo (FollowerInfoImpl.java:info(70)) - 86838f6f-3dde-42b5-b01a-58c95bf80430@group-8039453F51C4->aa0cb613-fc94-4131-90ab-17bcd78458c4: computeNextIndex nextIndex: updateUnconditionally 8 -> 6
2025-07-19 06:07:20,793 [EventQueue-PipelineActionsForPipelineActionHandler] INFO  pipeline.PipelineActionHandler (PipelineActionHandler.java:processPipelineAction(89)) - Received pipeline action CLOSE for Pipeline-8087f958-22a4-4a04-9a20-8039453f51c4 from datanode aa0cb613-fc94-4131-90ab-17bcd78458c4(localhost/127.0.0.1). Reason : Chunks directory /home/runner/work/ozone/ozone/hadoop-ozone/integration-test/target/test-dir/MiniOzoneClusterImpl-09c4c6e1-5ab0-4195-ac7b-5aec6defaa36/ozone-meta/datanode-2/data-0/hdds/09c4c6e1-5ab0-4195-ac7b-5aec6defaa36/current/containerDir0/2/chunks does not exist.
2025-07-19 06:07:20,798 [EventQueue-PipelineActionsForPipelineActionHandler] INFO  pipeline.PipelineActionHandler (PipelineActionHandler.java:processPipelineAction(89)) - Received pipeline action CLOSE for Pipeline-8087f958-22a4-4a04-9a20-8039453f51c4 from datanode 7e15f5a0-0f8f-4a50-92e4-d2f5038b0085(localhost/127.0.0.1). Reason : Chunks directory /home/runner/work/ozone/ozone/hadoop-ozone/integration-test/target/test-dir/MiniOzoneClusterImpl-09c4c6e1-5ab0-4195-ac7b-5aec6defaa36/ozone-meta/datanode-1/data-0/hdds/09c4c6e1-5ab0-4195-ac7b-5aec6defaa36/current/containerDir0/2/chunks does not exist.
2025-07-19 06:07:20,802 [timer3] WARN  server.GrpcLogAppender (LogUtils.java:warn(129)) - 86838f6f-3dde-42b5-b01a-58c95bf80430@group-8039453F51C4->7e15f5a0-0f8f-4a50-92e4-d2f5038b0085-AppendLogResponseHandler: Failed appendEntries (Repeated 5 times in the last 5.007s)
org.apache.hadoop.hdds.scm.container.common.helpers.StorageContainerException: Chunks directory /home/runner/work/ozone/ozone/hadoop-ozone/integration-test/target/test-dir/MiniOzoneClusterImpl-09c4c6e1-5ab0-4195-ac7b-5aec6defaa36/ozone-meta/datanode-1/data-0/hdds/09c4c6e1-5ab0-4195-ac7b-5aec6defaa36/current/containerDir0/2/chunks does not exist.
	at org.apache.hadoop.ozone.container.common.transport.server.ratis.ContainerStateMachine.handleCommandResult(ContainerStateMachine.java:661)
	at org.apache.hadoop.ozone.container.common.transport.server.ratis.ContainerStateMachine.lambda$writeStateMachineData$2(ContainerStateMachine.java:623)
	at java.base/java.util.concurrent.FutureTask.run(FutureTask.java:317)
	at java.base/java.util.concurrent.ThreadPoolExecutor.runWorker(ThreadPoolExecutor.java:1144)
	at java.base/java.util.concurrent.ThreadPoolExecutor$Worker.run(ThreadPoolExecutor.java:642)
	at java.base/java.lang.Thread.run(Thread.java:1583)
2025-07-19 06:07:20,802 [timer4] WARN  server.GrpcLogAppender (LogUtils.java:warn(129)) - 86838f6f-3dde-42b5-b01a-58c95bf80430@group-8039453F51C4->aa0cb613-fc94-4131-90ab-17bcd78458c4-AppendLogResponseHandler: Failed appendEntries (Repeated 6 times in the last 5.005s)
org.apache.hadoop.hdds.scm.container.common.helpers.StorageContainerException: Chunks directory /home/runner/work/ozone/ozone/hadoop-ozone/integration-test/target/test-dir/MiniOzoneClusterImpl-09c4c6e1-5ab0-4195-ac7b-5aec6defaa36/ozone-meta/datanode-2/data-0/hdds/09c4c6e1-5ab0-4195-ac7b-5aec6defaa36/current/containerDir0/2/chunks does not exist.
	at org.apache.hadoop.ozone.container.common.transport.server.ratis.ContainerStateMachine.handleCommandResult(ContainerStateMachine.java:661)
	at org.apache.hadoop.ozone.container.common.transport.server.ratis.ContainerStateMachine.lambda$writeStateMachineData$2(ContainerStateMachine.java:623)
	at java.base/java.util.concurrent.FutureTask.run(FutureTask.java:317)
	at java.base/java.util.concurrent.ThreadPoolExecutor.runWorker(ThreadPoolExecutor.java:1144)
	at java.base/java.util.concurrent.ThreadPoolExecutor$Worker.run(ThreadPoolExecutor.java:642)
	at java.base/java.lang.Thread.run(Thread.java:1583)
2025-07-19 06:07:20,994 [EventQueue-PipelineActionsForPipelineActionHandler] INFO  pipeline.PipelineActionHandler (PipelineActionHandler.java:processPipelineAction(89)) - Received pipeline action CLOSE for Pipeline-8087f958-22a4-4a04-9a20-8039453f51c4 from datanode aa0cb613-fc94-4131-90ab-17bcd78458c4(localhost/127.0.0.1). Reason : Chunks directory /home/runner/work/ozone/ozone/hadoop-ozone/integration-test/target/test-dir/MiniOzoneClusterImpl-09c4c6e1-5ab0-4195-ac7b-5aec6defaa36/ozone-meta/datanode-2/data-0/hdds/09c4c6e1-5ab0-4195-ac7b-5aec6defaa36/current/containerDir0/2/chunks does not exist.
2025-07-19 06:07:20,998 [EventQueue-PipelineActionsForPipelineActionHandler] INFO  pipeline.PipelineActionHandler (PipelineActionHandler.java:processPipelineAction(89)) - Received pipeline action CLOSE for Pipeline-8087f958-22a4-4a04-9a20-8039453f51c4 from datanode 7e15f5a0-0f8f-4a50-92e4-d2f5038b0085(localhost/127.0.0.1). Reason : Chunks directory /home/runner/work/ozone/ozone/hadoop-ozone/integration-test/target/test-dir/MiniOzoneClusterImpl-09c4c6e1-5ab0-4195-ac7b-5aec6defaa36/ozone-meta/datanode-1/data-0/hdds/09c4c6e1-5ab0-4195-ac7b-5aec6defaa36/current/containerDir0/2/chunks does not exist.
2025-07-19 06:07:21,195 [EventQueue-PipelineActionsForPipelineActionHandler] INFO  pipeline.PipelineActionHandler (PipelineActionHandler.java:processPipelineAction(89)) - Received pipeline action CLOSE for Pipeline-8087f958-22a4-4a04-9a20-8039453f51c4 from datanode aa0cb613-fc94-4131-90ab-17bcd78458c4(localhost/127.0.0.1). Reason : Chunks directory /home/runner/work/ozone/ozone/hadoop-ozone/integration-test/target/test-dir/MiniOzoneClusterImpl-09c4c6e1-5ab0-4195-ac7b-5aec6defaa36/ozone-meta/datanode-2/data-0/hdds/09c4c6e1-5ab0-4195-ac7b-5aec6defaa36/current/containerDir0/2/chunks does not exist.
2025-07-19 06:07:21,197 [EventQueue-PipelineActionsForPipelineActionHandler] INFO  pipeline.PipelineActionHandler (PipelineActionHandler.java:processPipelineAction(89)) - Received pipeline action CLOSE for Pipeline-8087f958-22a4-4a04-9a20-8039453f51c4 from datanode 7e15f5a0-0f8f-4a50-92e4-d2f5038b0085(localhost/127.0.0.1). Reason : Chunks directory /home/runner/work/ozone/ozone/hadoop-ozone/integration-test/target/test-dir/MiniOzoneClusterImpl-09c4c6e1-5ab0-4195-ac7b-5aec6defaa36/ozone-meta/datanode-1/data-0/hdds/09c4c6e1-5ab0-4195-ac7b-5aec6defaa36/current/containerDir0/2/chunks does not exist.
2025-07-19 06:07:21,396 [EventQueue-PipelineActionsForPipelineActionHandler] INFO  pipeline.PipelineActionHandler (PipelineActionHandler.java:processPipelineAction(89)) - Received pipeline action CLOSE for Pipeline-8087f958-22a4-4a04-9a20-8039453f51c4 from datanode aa0cb613-fc94-4131-90ab-17bcd78458c4(localhost/127.0.0.1). Reason : Chunks directory /home/runner/work/ozone/ozone/hadoop-ozone/integration-test/target/test-dir/MiniOzoneClusterImpl-09c4c6e1-5ab0-4195-ac7b-5aec6defaa36/ozone-meta/datanode-2/data-0/hdds/09c4c6e1-5ab0-4195-ac7b-5aec6defaa36/current/containerDir0/2/chunks does not exist.
2025-07-19 06:07:21,397 [EventQueue-PipelineActionsForPipelineActionHandler] INFO  pipeline.PipelineActionHandler (PipelineActionHandler.java:processPipelineAction(89)) - Received pipeline action CLOSE for Pipeline-8087f958-22a4-4a04-9a20-8039453f51c4 from datanode 7e15f5a0-0f8f-4a50-92e4-d2f5038b0085(localhost/127.0.0.1). Reason : Chunks directory /home/runner/work/ozone/ozone/hadoop-ozone/integration-test/target/test-dir/MiniOzoneClusterImpl-09c4c6e1-5ab0-4195-ac7b-5aec6defaa36/ozone-meta/datanode-1/data-0/hdds/09c4c6e1-5ab0-4195-ac7b-5aec6defaa36/current/containerDir0/2/chunks does not exist.
2025-07-19 06:07:21,596 [EventQueue-PipelineActionsForPipelineActionHandler] INFO  pipeline.PipelineActionHandler (PipelineActionHandler.java:processPipelineAction(89)) - Received pipeline action CLOSE for Pipeline-8087f958-22a4-4a04-9a20-8039453f51c4 from datanode aa0cb613-fc94-4131-90ab-17bcd78458c4(localhost/127.0.0.1). Reason : Chunks directory /home/runner/work/ozone/ozone/hadoop-ozone/integration-test/target/test-dir/MiniOzoneClusterImpl-09c4c6e1-5ab0-4195-ac7b-5aec6defaa36/ozone-meta/datanode-2/data-0/hdds/09c4c6e1-5ab0-4195-ac7b-5aec6defaa36/current/containerDir0/2/chunks does not exist.
2025-07-19 06:07:21,597 [EventQueue-PipelineActionsForPipelineActionHandler] INFO  pipeline.PipelineActionHandler (PipelineActionHandler.java:processPipelineAction(89)) - Received pipeline action CLOSE for Pipeline-8087f958-22a4-4a04-9a20-8039453f51c4 from datanode 7e15f5a0-0f8f-4a50-92e4-d2f5038b0085(localhost/127.0.0.1). Reason : Chunks directory /home/runner/work/ozone/ozone/hadoop-ozone/integration-test/target/test-dir/MiniOzoneClusterImpl-09c4c6e1-5ab0-4195-ac7b-5aec6defaa36/ozone-meta/datanode-1/data-0/hdds/09c4c6e1-5ab0-4195-ac7b-5aec6defaa36/current/containerDir0/2/chunks does not exist.
2025-07-19 06:07:21,753 [timer6] WARN  grpc.GrpcUtil (GrpcUtil.java:shutdownManagedChannel(226)) - Timed out gracefully shutting down connection: ManagedChannelOrphanWrapper{delegate=ManagedChannelImpl{logId=428, target=127.0.0.1:15029}}. 
2025-07-19 06:07:21,795 [EventQueue-PipelineActionsForPipelineActionHandler] INFO  pipeline.PipelineActionHandler (PipelineActionHandler.java:processPipelineAction(89)) - Received pipeline action CLOSE for Pipeline-8087f958-22a4-4a04-9a20-8039453f51c4 from datanode aa0cb613-fc94-4131-90ab-17bcd78458c4(localhost/127.0.0.1). Reason : Chunks directory /home/runner/work/ozone/ozone/hadoop-ozone/integration-test/target/test-dir/MiniOzoneClusterImpl-09c4c6e1-5ab0-4195-ac7b-5aec6defaa36/ozone-meta/datanode-2/data-0/hdds/09c4c6e1-5ab0-4195-ac7b-5aec6defaa36/current/containerDir0/2/chunks does not exist.
2025-07-19 06:07:21,797 [EventQueue-PipelineActionsForPipelineActionHandler] INFO  pipeline.PipelineActionHandler (PipelineActionHandler.java:processPipelineAction(89)) - Received pipeline action CLOSE for Pipeline-8087f958-22a4-4a04-9a20-8039453f51c4 from datanode 7e15f5a0-0f8f-4a50-92e4-d2f5038b0085(localhost/127.0.0.1). Reason : Chunks directory /home/runner/work/ozone/ozone/hadoop-ozone/integration-test/target/test-dir/MiniOzoneClusterImpl-09c4c6e1-5ab0-4195-ac7b-5aec6defaa36/ozone-meta/datanode-1/data-0/hdds/09c4c6e1-5ab0-4195-ac7b-5aec6defaa36/current/containerDir0/2/chunks does not exist.
2025-07-19 06:07:21,856 [BackgroundPipelineScrubber] INFO  pipeline.PipelineManagerImpl (PipelineManagerImpl.java:scrubPipelines(602)) - Scrubbing pipeline: id: Pipeline-8087f958-22a4-4a04-9a20-8039453f51c4 since it stays at CLOSED stage.
2025-07-19 06:07:21,858 [BackgroundPipelineScrubber] INFO  pipeline.RatisPipelineProvider (RatisPipelineProvider.java:lambda$close$4(273)) - Send pipeline:Pipeline-8087f958-22a4-4a04-9a20-8039453f51c4 close command to datanode aa0cb613-fc94-4131-90ab-17bcd78458c4
2025-07-19 06:07:21,858 [BackgroundPipelineScrubber] INFO  pipeline.RatisPipelineProvider (RatisPipelineProvider.java:lambda$close$4(273)) - Send pipeline:Pipeline-8087f958-22a4-4a04-9a20-8039453f51c4 close command to datanode 7e15f5a0-0f8f-4a50-92e4-d2f5038b0085
2025-07-19 06:07:21,858 [BackgroundPipelineScrubber] INFO  pipeline.RatisPipelineProvider (RatisPipelineProvider.java:lambda$close$4(273)) - Send pipeline:Pipeline-8087f958-22a4-4a04-9a20-8039453f51c4 close command to datanode 86838f6f-3dde-42b5-b01a-58c95bf80430
2025-07-19 06:07:21,858 [BackgroundPipelineScrubber] INFO  pipeline.PipelineManagerImpl (PipelineManagerImpl.java:removePipeline(464)) - Pipeline Pipeline{ Id: 8087f958-22a4-4a04-9a20-8039453f51c4, Nodes: [ {aa0cb613-fc94-4131-90ab-17bcd78458c4(localhost/127.0.0.1), ReplicaIndex: 0}, {7e15f5a0-0f8f-4a50-92e4-d2f5038b0085(localhost/127.0.0.1), ReplicaIndex: 0}, {86838f6f-3dde-42b5-b01a-58c95bf80430(localhost/127.0.0.1), ReplicaIndex: 0},], ReplicationConfig: RATIS/THREE, State:CLOSED, leaderId:86838f6f-3dde-42b5-b01a-58c95bf80430, CreationTimestamp2025-07-19T06:07:09.616Z[Etc/UTC]} removed.
2025-07-19 06:07:21,924 [EventQueue-PipelineReportForPipelineReportHandler] INFO  pipeline.PipelineReportHandler (PipelineReportHandler.java:handlePipelineNotFoundException(98)) - Pipeline Pipeline-8087f958-22a4-4a04-9a20-8039453f51c4, reported by datanode 86838f6f-3dde-42b5-b01a-58c95bf80430(localhost/127.0.0.1) is not found.
2025-07-19 06:07:21,995 [EventQueue-PipelineActionsForPipelineActionHandler] INFO  pipeline.PipelineActionHandler (PipelineActionHandler.java:processPipelineAction(89)) - Received pipeline action CLOSE for Pipeline-8087f958-22a4-4a04-9a20-8039453f51c4 from datanode aa0cb613-fc94-4131-90ab-17bcd78458c4(localhost/127.0.0.1). Reason : Chunks directory /home/runner/work/ozone/ozone/hadoop-ozone/integration-test/target/test-dir/MiniOzoneClusterImpl-09c4c6e1-5ab0-4195-ac7b-5aec6defaa36/ozone-meta/datanode-2/data-0/hdds/09c4c6e1-5ab0-4195-ac7b-5aec6defaa36/current/containerDir0/2/chunks does not exist.
2025-07-19 06:07:21,995 [EventQueue-PipelineReportForPipelineReportHandler] INFO  pipeline.PipelineReportHandler (PipelineReportHandler.java:handlePipelineNotFoundException(98)) - Pipeline Pipeline-8087f958-22a4-4a04-9a20-8039453f51c4, reported by datanode aa0cb613-fc94-4131-90ab-17bcd78458c4(localhost/127.0.0.1) is not found.
2025-07-19 06:07:21,996 [EventQueue-PipelineActionsForPipelineActionHandler] WARN  pipeline.PipelineActionHandler (PipelineActionHandler.java:closeUnknownPipeline(117)) - Pipeline action received for unknown Pipeline Pipeline-8087f958-22a4-4a04-9a20-8039453f51c4, firing close pipeline event.
2025-07-19 06:07:21,997 [EventQueue-PipelineActionsForPipelineActionHandler] INFO  pipeline.PipelineActionHandler (PipelineActionHandler.java:processPipelineAction(89)) - Received pipeline action CLOSE for Pipeline-8087f958-22a4-4a04-9a20-8039453f51c4 from datanode 7e15f5a0-0f8f-4a50-92e4-d2f5038b0085(localhost/127.0.0.1). Reason : Chunks directory /home/runner/work/ozone/ozone/hadoop-ozone/integration-test/target/test-dir/MiniOzoneClusterImpl-09c4c6e1-5ab0-4195-ac7b-5aec6defaa36/ozone-meta/datanode-1/data-0/hdds/09c4c6e1-5ab0-4195-ac7b-5aec6defaa36/current/containerDir0/2/chunks does not exist.
2025-07-19 06:07:21,997 [EventQueue-PipelineActionsForPipelineActionHandler] WARN  pipeline.PipelineActionHandler (PipelineActionHandler.java:closeUnknownPipeline(117)) - Pipeline action received for unknown Pipeline Pipeline-8087f958-22a4-4a04-9a20-8039453f51c4, firing close pipeline event.
2025-07-19 06:07:22,124 [EventQueue-PipelineReportForPipelineReportHandler] INFO  pipeline.PipelineReportHandler (PipelineReportHandler.java:handlePipelineNotFoundException(98)) - Pipeline Pipeline-8087f958-22a4-4a04-9a20-8039453f51c4, reported by datanode 86838f6f-3dde-42b5-b01a-58c95bf80430(localhost/127.0.0.1) is not found.
2025-07-19 06:07:22,196 [EventQueue-PipelineActionsForPipelineActionHandler] INFO  pipeline.PipelineActionHandler (PipelineActionHandler.java:processPipelineAction(89)) - Received pipeline action CLOSE for Pipeline-8087f958-22a4-4a04-9a20-8039453f51c4 from datanode aa0cb613-fc94-4131-90ab-17bcd78458c4(localhost/127.0.0.1). Reason : Chunks directory /home/runner/work/ozone/ozone/hadoop-ozone/integration-test/target/test-dir/MiniOzoneClusterImpl-09c4c6e1-5ab0-4195-ac7b-5aec6defaa36/ozone-meta/datanode-2/data-0/hdds/09c4c6e1-5ab0-4195-ac7b-5aec6defaa36/current/containerDir0/2/chunks does not exist.
2025-07-19 06:07:22,196 [EventQueue-PipelineActionsForPipelineActionHandler] WARN  pipeline.PipelineActionHandler (PipelineActionHandler.java:closeUnknownPipeline(117)) - Pipeline action received for unknown Pipeline Pipeline-8087f958-22a4-4a04-9a20-8039453f51c4, firing close pipeline event.
2025-07-19 06:07:22,196 [EventQueue-PipelineReportForPipelineReportHandler] INFO  pipeline.PipelineReportHandler (PipelineReportHandler.java:handlePipelineNotFoundException(98)) - Pipeline Pipeline-8087f958-22a4-4a04-9a20-8039453f51c4, reported by datanode aa0cb613-fc94-4131-90ab-17bcd78458c4(localhost/127.0.0.1) is not found.
2025-07-19 06:07:22,197 [EventQueue-PipelineReportForPipelineReportHandler] INFO  pipeline.PipelineReportHandler (PipelineReportHandler.java:handlePipelineNotFoundException(98)) - Pipeline Pipeline-8087f958-22a4-4a04-9a20-8039453f51c4, reported by datanode 7e15f5a0-0f8f-4a50-92e4-d2f5038b0085(localhost/127.0.0.1) is not found.
2025-07-19 06:07:22,198 [EventQueue-PipelineActionsForPipelineActionHandler] INFO  pipeline.PipelineActionHandler (PipelineActionHandler.java:processPipelineAction(89)) - Received pipeline action CLOSE for Pipeline-8087f958-22a4-4a04-9a20-8039453f51c4 from datanode 7e15f5a0-0f8f-4a50-92e4-d2f5038b0085(localhost/127.0.0.1). Reason : Chunks directory /home/runner/work/ozone/ozone/hadoop-ozone/integration-test/target/test-dir/MiniOzoneClusterImpl-09c4c6e1-5ab0-4195-ac7b-5aec6defaa36/ozone-meta/datanode-1/data-0/hdds/09c4c6e1-5ab0-4195-ac7b-5aec6defaa36/current/containerDir0/2/chunks does not exist.
2025-07-19 06:07:22,198 [EventQueue-PipelineActionsForPipelineActionHandler] WARN  pipeline.PipelineActionHandler (PipelineActionHandler.java:closeUnknownPipeline(117)) - Pipeline action received for unknown Pipeline Pipeline-8087f958-22a4-4a04-9a20-8039453f51c4, firing close pipeline event.
2025-07-19 06:07:22,202 [grpc-default-executor-4] INFO  server.RaftServer (RaftServerProxy.java:remove(116)) - 7e15f5a0-0f8f-4a50-92e4-d2f5038b0085: remove  FOLLOWER (RUNNING): 7e15f5a0-0f8f-4a50-92e4-d2f5038b0085@group-8039453F51C4:t1, leader=86838f6f-3dde-42b5-b01a-58c95bf80430, voted=86838f6f-3dde-42b5-b01a-58c95bf80430, raftlog=Memoized:7e15f5a0-0f8f-4a50-92e4-d2f5038b0085@group-8039453F51C4-SegmentedRaftLog:OPENED:c4:last(t:1, i:5), conf=conf: {index: 0, cur=peers:[7e15f5a0-0f8f-4a50-92e4-d2f5038b0085|127.0.0.1:15015, aa0cb613-fc94-4131-90ab-17bcd78458c4|127.0.0.1:15023, 86838f6f-3dde-42b5-b01a-58c95bf80430|127.0.0.1:15031]|listeners:[], old=null}
2025-07-19 06:07:22,203 [grpc-default-executor-4] INFO  server.RaftServer$Division (RaftServerImpl.java:lambda$close$1(527)) - 7e15f5a0-0f8f-4a50-92e4-d2f5038b0085@group-8039453F51C4: shutdown
2025-07-19 06:07:22,204 [grpc-default-executor-4] INFO  util.JmxRegister (JmxRegister.java:unregister(74)) - Successfully un-registered JMX Bean with object name Ratis:service=RaftServer,group=group-8039453F51C4,id=7e15f5a0-0f8f-4a50-92e4-d2f5038b0085
2025-07-19 06:07:22,204 [grpc-default-executor-4] INFO  impl.RoleInfo (RoleInfo.java:shutdownFollowerState(121)) - 7e15f5a0-0f8f-4a50-92e4-d2f5038b0085: shutdown 7e15f5a0-0f8f-4a50-92e4-d2f5038b0085@group-8039453F51C4-FollowerState
2025-07-19 06:07:22,204 [grpc-default-executor-4] INFO  impl.StateMachineUpdater (StateMachineUpdater.java:stopAndJoin(163)) - 7e15f5a0-0f8f-4a50-92e4-d2f5038b0085@group-8039453F51C4-StateMachineUpdater: set stopIndex = 4
2025-07-19 06:07:22,204 [7e15f5a0-0f8f-4a50-92e4-d2f5038b0085@group-8039453F51C4-StateMachineUpdater] ERROR ratis.ContainerStateMachine (ContainerStateMachine.java:takeSnapshot(421)) - Failed to take snapshot  for group-8039453F51C4 as the stateMachine is unhealthy. The last applied index is at (t:1, i:4)
2025-07-19 06:07:22,204 [7e15f5a0-0f8f-4a50-92e4-d2f5038b0085@group-8039453F51C4-StateMachineUpdater] ERROR impl.StateMachineUpdater (StateMachineUpdater.java:takeSnapshot(302)) - 7e15f5a0-0f8f-4a50-92e4-d2f5038b0085@group-8039453F51C4-StateMachineUpdater: Failed to take snapshot
org.apache.ratis.protocol.exceptions.StateMachineException: Failed to take snapshot  for group-8039453F51C4 as the stateMachine is unhealthy. The last applied index is at (t:1, i:4)
	at org.apache.hadoop.ozone.container.common.transport.server.ratis.ContainerStateMachine.takeSnapshot(ContainerStateMachine.java:420)
	at org.apache.ratis.server.impl.StateMachineUpdater.takeSnapshot(StateMachineUpdater.java:290)
	at org.apache.ratis.server.impl.StateMachineUpdater.checkAndTakeSnapshot(StateMachineUpdater.java:281)
	at org.apache.ratis.server.impl.StateMachineUpdater.run(StateMachineUpdater.java:194)
	at java.base/java.lang.Thread.run(Thread.java:1583)
2025-07-19 06:07:22,204 [7e15f5a0-0f8f-4a50-92e4-d2f5038b0085@group-8039453F51C4-StateMachineUpdater] INFO  impl.StateMachineUpdater (StateMachineUpdater.java:stop(140)) - 7e15f5a0-0f8f-4a50-92e4-d2f5038b0085@group-8039453F51C4-StateMachineUpdater: closing ContainerStateMachine, lastApplied=(t:1, i:4)
2025-07-19 06:07:22,205 [7e15f5a0-0f8f-4a50-92e4-d2f5038b0085@group-8039453F51C4-cacheEviction-AwaitToRun] INFO  util.AwaitToRun (AwaitToRun.java:run(49)) - 7e15f5a0-0f8f-4a50-92e4-d2f5038b0085@group-8039453F51C4-cacheEviction-AwaitToRun-AwaitForSignal is interrupted
2025-07-19 06:07:22,205 [7e15f5a0-0f8f-4a50-92e4-d2f5038b0085@group-8039453F51C4-FollowerState] INFO  impl.FollowerState (FollowerState.java:runImpl(170)) - 7e15f5a0-0f8f-4a50-92e4-d2f5038b0085@group-8039453F51C4-FollowerState was interrupted
2025-07-19 06:07:22,324 [EventQueue-PipelineReportForPipelineReportHandler] INFO  pipeline.PipelineReportHandler (PipelineReportHandler.java:handlePipelineNotFoundException(98)) - Pipeline Pipeline-8087f958-22a4-4a04-9a20-8039453f51c4, reported by datanode 86838f6f-3dde-42b5-b01a-58c95bf80430(localhost/127.0.0.1) is not found.
2025-07-19 06:07:22,395 [EventQueue-PipelineActionsForPipelineActionHandler] INFO  pipeline.PipelineActionHandler (PipelineActionHandler.java:processPipelineAction(89)) - Received pipeline action CLOSE for Pipeline-8087f958-22a4-4a04-9a20-8039453f51c4 from datanode aa0cb613-fc94-4131-90ab-17bcd78458c4(localhost/127.0.0.1). Reason : Chunks directory /home/runner/work/ozone/ozone/hadoop-ozone/integration-test/target/test-dir/MiniOzoneClusterImpl-09c4c6e1-5ab0-4195-ac7b-5aec6defaa36/ozone-meta/datanode-2/data-0/hdds/09c4c6e1-5ab0-4195-ac7b-5aec6defaa36/current/containerDir0/2/chunks does not exist.
2025-07-19 06:07:22,395 [EventQueue-PipelineReportForPipelineReportHandler] INFO  pipeline.PipelineReportHandler (PipelineReportHandler.java:handlePipelineNotFoundException(98)) - Pipeline Pipeline-8087f958-22a4-4a04-9a20-8039453f51c4, reported by datanode aa0cb613-fc94-4131-90ab-17bcd78458c4(localhost/127.0.0.1) is not found.
2025-07-19 06:07:22,395 [EventQueue-PipelineActionsForPipelineActionHandler] WARN  pipeline.PipelineActionHandler (PipelineActionHandler.java:closeUnknownPipeline(117)) - Pipeline action received for unknown Pipeline Pipeline-8087f958-22a4-4a04-9a20-8039453f51c4, firing close pipeline event.
2025-07-19 06:07:22,524 [EventQueue-PipelineReportForPipelineReportHandler] INFO  pipeline.PipelineReportHandler (PipelineReportHandler.java:handlePipelineNotFoundException(98)) - Pipeline Pipeline-8087f958-22a4-4a04-9a20-8039453f51c4, reported by datanode 86838f6f-3dde-42b5-b01a-58c95bf80430(localhost/127.0.0.1) is not found.
2025-07-19 06:07:22,596 [EventQueue-PipelineReportForPipelineReportHandler] INFO  pipeline.PipelineReportHandler (PipelineReportHandler.java:handlePipelineNotFoundException(98)) - Pipeline Pipeline-8087f958-22a4-4a04-9a20-8039453f51c4, reported by datanode aa0cb613-fc94-4131-90ab-17bcd78458c4(localhost/127.0.0.1) is not found.
2025-07-19 06:07:22,596 [EventQueue-PipelineActionsForPipelineActionHandler] INFO  pipeline.PipelineActionHandler (PipelineActionHandler.java:processPipelineAction(89)) - Received pipeline action CLOSE for Pipeline-8087f958-22a4-4a04-9a20-8039453f51c4 from datanode aa0cb613-fc94-4131-90ab-17bcd78458c4(localhost/127.0.0.1). Reason : Chunks directory /home/runner/work/ozone/ozone/hadoop-ozone/integration-test/target/test-dir/MiniOzoneClusterImpl-09c4c6e1-5ab0-4195-ac7b-5aec6defaa36/ozone-meta/datanode-2/data-0/hdds/09c4c6e1-5ab0-4195-ac7b-5aec6defaa36/current/containerDir0/2/chunks does not exist.
2025-07-19 06:07:22,596 [EventQueue-PipelineActionsForPipelineActionHandler] WARN  pipeline.PipelineActionHandler (PipelineActionHandler.java:closeUnknownPipeline(117)) - Pipeline action received for unknown Pipeline Pipeline-8087f958-22a4-4a04-9a20-8039453f51c4, firing close pipeline event.
2025-07-19 06:07:22,724 [EventQueue-PipelineReportForPipelineReportHandler] INFO  pipeline.PipelineReportHandler (PipelineReportHandler.java:handlePipelineNotFoundException(98)) - Pipeline Pipeline-8087f958-22a4-4a04-9a20-8039453f51c4, reported by datanode 86838f6f-3dde-42b5-b01a-58c95bf80430(localhost/127.0.0.1) is not found.
2025-07-19 06:07:22,730 [grpc-default-executor-6] WARN  server.RaftServer (RaftServerProxy.java:remove(111)) - 7e15f5a0-0f8f-4a50-92e4-d2f5038b0085: does not contain group: group-8039453F51C4
2025-07-19 06:07:22,730 [grpc-default-executor-6] WARN  server.GrpcAdminProtocolService (GrpcAdminProtocolService.java:lambda$groupManagement$1(53)) - Failed groupManagement: GROUPREMOVE, GroupManagementRequest:client-822498B56C18->7e15f5a0-0f8f-4a50-92e4-d2f5038b0085@group-8039453F51C4, cid=30, seq=null, RW, null, Remove:group-8039453F51C4, delete-dir
org.apache.ratis.protocol.exceptions.GroupMismatchException: 7e15f5a0-0f8f-4a50-92e4-d2f5038b0085: Group group-8039453F51C4 not found.
	at org.apache.ratis.server.impl.RaftServerProxy.groupRemoveAsync(RaftServerProxy.java:548)
	at org.apache.ratis.server.impl.RaftServerProxy.groupManagementAsync(RaftServerProxy.java:499)
	at org.apache.ratis.grpc.server.GrpcAdminProtocolService.lambda$groupManagement$0(GrpcAdminProtocolService.java:51)
	at org.apache.ratis.grpc.GrpcUtil.asyncCall(GrpcUtil.java:172)
	at org.apache.ratis.grpc.server.GrpcAdminProtocolService.groupManagement(GrpcAdminProtocolService.java:51)
	at org.apache.ratis.proto.grpc.AdminProtocolServiceGrpc$MethodHandlers.invoke(AdminProtocolServiceGrpc.java:701)
	at org.apache.ratis.thirdparty.io.grpc.stub.ServerCalls$UnaryServerCallHandler$UnaryServerCallListener.onHalfClose(ServerCalls.java:182)
	at org.apache.ratis.thirdparty.io.grpc.internal.ServerCallImpl$ServerStreamListenerImpl.halfClosed(ServerCallImpl.java:356)
	at org.apache.ratis.thirdparty.io.grpc.internal.ServerImpl$JumpToApplicationThreadServerStreamListener$1HalfClosed.runInContext(ServerImpl.java:861)
	at org.apache.ratis.thirdparty.io.grpc.internal.ContextRunnable.run(ContextRunnable.java:37)
	at org.apache.ratis.thirdparty.io.grpc.internal.SerializingExecutor.run(SerializingExecutor.java:133)
	at java.base/java.util.concurrent.ThreadPoolExecutor.runWorker(ThreadPoolExecutor.java:1144)
	at java.base/java.util.concurrent.ThreadPoolExecutor$Worker.run(ThreadPoolExecutor.java:642)
	at java.base/java.lang.Thread.run(Thread.java:1583)
2025-07-19 06:07:22,743 [grpc-default-executor-6] INFO  server.RaftServer (RaftServerProxy.java:remove(116)) - aa0cb613-fc94-4131-90ab-17bcd78458c4: remove  FOLLOWER (RUNNING): aa0cb613-fc94-4131-90ab-17bcd78458c4@group-8039453F51C4:t1, leader=86838f6f-3dde-42b5-b01a-58c95bf80430, voted=86838f6f-3dde-42b5-b01a-58c95bf80430, raftlog=Memoized:aa0cb613-fc94-4131-90ab-17bcd78458c4@group-8039453F51C4-SegmentedRaftLog:OPENED:c4:last(t:1, i:5), conf=conf: {index: 0, cur=peers:[7e15f5a0-0f8f-4a50-92e4-d2f5038b0085|127.0.0.1:15015, aa0cb613-fc94-4131-90ab-17bcd78458c4|127.0.0.1:15023, 86838f6f-3dde-42b5-b01a-58c95bf80430|127.0.0.1:15031]|listeners:[], old=null}
2025-07-19 06:07:22,743 [grpc-default-executor-6] INFO  server.RaftServer$Division (RaftServerImpl.java:lambda$close$1(527)) - aa0cb613-fc94-4131-90ab-17bcd78458c4@group-8039453F51C4: shutdown
2025-07-19 06:07:22,743 [grpc-default-executor-6] INFO  util.JmxRegister (JmxRegister.java:unregister(74)) - Successfully un-registered JMX Bean with object name Ratis:service=RaftServer,group=group-8039453F51C4,id=aa0cb613-fc94-4131-90ab-17bcd78458c4
2025-07-19 06:07:22,743 [grpc-default-executor-6] INFO  impl.RoleInfo (RoleInfo.java:shutdownFollowerState(121)) - aa0cb613-fc94-4131-90ab-17bcd78458c4: shutdown aa0cb613-fc94-4131-90ab-17bcd78458c4@group-8039453F51C4-FollowerState
2025-07-19 06:07:22,743 [aa0cb613-fc94-4131-90ab-17bcd78458c4@group-8039453F51C4-StateMachineUpdater] ERROR ratis.ContainerStateMachine (ContainerStateMachine.java:takeSnapshot(421)) - Failed to take snapshot  for group-8039453F51C4 as the stateMachine is unhealthy. The last applied index is at (t:1, i:4)
2025-07-19 06:07:22,744 [aa0cb613-fc94-4131-90ab-17bcd78458c4@group-8039453F51C4-StateMachineUpdater] ERROR impl.StateMachineUpdater (StateMachineUpdater.java:takeSnapshot(302)) - aa0cb613-fc94-4131-90ab-17bcd78458c4@group-8039453F51C4-StateMachineUpdater: Failed to take snapshot
org.apache.ratis.protocol.exceptions.StateMachineException: Failed to take snapshot  for group-8039453F51C4 as the stateMachine is unhealthy. The last applied index is at (t:1, i:4)
	at org.apache.hadoop.ozone.container.common.transport.server.ratis.ContainerStateMachine.takeSnapshot(ContainerStateMachine.java:420)
	at org.apache.ratis.server.impl.StateMachineUpdater.takeSnapshot(StateMachineUpdater.java:290)
	at org.apache.ratis.server.impl.StateMachineUpdater.checkAndTakeSnapshot(StateMachineUpdater.java:281)
	at org.apache.ratis.server.impl.StateMachineUpdater.run(StateMachineUpdater.java:194)
	at java.base/java.lang.Thread.run(Thread.java:1583)
2025-07-19 06:07:22,744 [aa0cb613-fc94-4131-90ab-17bcd78458c4@group-8039453F51C4-StateMachineUpdater] INFO  impl.StateMachineUpdater (StateMachineUpdater.java:stop(140)) - aa0cb613-fc94-4131-90ab-17bcd78458c4@group-8039453F51C4-StateMachineUpdater: closing ContainerStateMachine, lastApplied=(t:1, i:4)
2025-07-19 06:07:22,744 [aa0cb613-fc94-4131-90ab-17bcd78458c4@group-8039453F51C4-FollowerState] INFO  impl.FollowerState (FollowerState.java:runImpl(170)) - aa0cb613-fc94-4131-90ab-17bcd78458c4@group-8039453F51C4-FollowerState was interrupted
2025-07-19 06:07:22,744 [grpc-default-executor-6] INFO  impl.StateMachineUpdater (StateMachineUpdater.java:stopAndJoin(163)) - aa0cb613-fc94-4131-90ab-17bcd78458c4@group-8039453F51C4-StateMachineUpdater: set stopIndex = 4
2025-07-19 06:07:22,744 [aa0cb613-fc94-4131-90ab-17bcd78458c4@group-8039453F51C4-cacheEviction-AwaitToRun] INFO  util.AwaitToRun (AwaitToRun.java:run(49)) - aa0cb613-fc94-4131-90ab-17bcd78458c4@group-8039453F51C4-cacheEviction-AwaitToRun-AwaitForSignal is interrupted
2025-07-19 06:07:22,787 [grpc-default-executor-6] INFO  segmented.SegmentedRaftLogWorker (SegmentedRaftLogWorker.java:close(254)) - aa0cb613-fc94-4131-90ab-17bcd78458c4@group-8039453F51C4-SegmentedRaftLogWorker close()
2025-07-19 06:07:22,790 [grpc-default-executor-6] INFO  server.RaftServer$Division (RaftServerImpl.java:groupRemove(497)) - aa0cb613-fc94-4131-90ab-17bcd78458c4@group-8039453F51C4: Succeed to remove RaftStorageDirectory Storage Directory /home/runner/work/ozone/ozone/hadoop-ozone/integration-test/target/test-dir/MiniOzoneClusterImpl-09c4c6e1-5ab0-4195-ac7b-5aec6defaa36/ozone-meta/datanode-2/ratis/8087f958-22a4-4a04-9a20-8039453f51c4
2025-07-19 06:07:22,792 [86838f6f-3dde-42b5-b01a-58c95bf80430-PipelineCommandHandlerThread-0] INFO  server.RaftServer (RaftServerProxy.java:remove(116)) - 86838f6f-3dde-42b5-b01a-58c95bf80430: remove    LEADER (RUNNING): 86838f6f-3dde-42b5-b01a-58c95bf80430@group-8039453F51C4:t1, leader=86838f6f-3dde-42b5-b01a-58c95bf80430, voted=86838f6f-3dde-42b5-b01a-58c95bf80430, raftlog=Memoized:86838f6f-3dde-42b5-b01a-58c95bf80430@group-8039453F51C4-SegmentedRaftLog:OPENED:c4:last(t:1, i:7), conf=conf: {index: 0, cur=peers:[7e15f5a0-0f8f-4a50-92e4-d2f5038b0085|127.0.0.1:15015, aa0cb613-fc94-4131-90ab-17bcd78458c4|127.0.0.1:15023, 86838f6f-3dde-42b5-b01a-58c95bf80430|127.0.0.1:15031]|listeners:[], old=null}
2025-07-19 06:07:22,792 [86838f6f-3dde-42b5-b01a-58c95bf80430-PipelineCommandHandlerThread-0] INFO  server.RaftServer$Division (RaftServerImpl.java:lambda$close$1(527)) - 86838f6f-3dde-42b5-b01a-58c95bf80430@group-8039453F51C4: shutdown
2025-07-19 06:07:22,792 [86838f6f-3dde-42b5-b01a-58c95bf80430-PipelineCommandHandlerThread-0] INFO  util.JmxRegister (JmxRegister.java:unregister(74)) - Successfully un-registered JMX Bean with object name Ratis:service=RaftServer,group=group-8039453F51C4,id=86838f6f-3dde-42b5-b01a-58c95bf80430
2025-07-19 06:07:22,792 [86838f6f-3dde-42b5-b01a-58c95bf80430-PipelineCommandHandlerThread-0] INFO  impl.RoleInfo (RoleInfo.java:shutdownLeaderState(103)) - 86838f6f-3dde-42b5-b01a-58c95bf80430: shutdown 86838f6f-3dde-42b5-b01a-58c95bf80430@group-8039453F51C4-LeaderStateImpl
2025-07-19 06:07:22,793 [86838f6f-3dde-42b5-b01a-58c95bf80430-PipelineCommandHandlerThread-0] INFO  impl.PendingRequests (PendingRequests.java:sendNotLeaderResponses(287)) - 86838f6f-3dde-42b5-b01a-58c95bf80430@group-8039453F51C4-PendingRequests: sendNotLeaderResponses
2025-07-19 06:07:22,793 [86838f6f-3dde-42b5-b01a-58c95bf80430-CloseContainerThread-0] INFO  commandhandler.CloseContainerCommandHandler (CloseContainerCommandHandler.java:lambda$handle$0(154)) - Follower cannot close container #2.
2025-07-19 06:07:22,794 [86838f6f-3dde-42b5-b01a-58c95bf80430@group-8039453F51C4->7e15f5a0-0f8f-4a50-92e4-d2f5038b0085-GrpcLogAppender-LogAppenderDaemon] WARN  server.GrpcLogAppender (GrpcLogAppender.java:mayWait(300)) - 86838f6f-3dde-42b5-b01a-58c95bf80430@group-8039453F51C4->7e15f5a0-0f8f-4a50-92e4-d2f5038b0085-GrpcLogAppender: Wait interrupted by java.lang.InterruptedException
2025-07-19 06:07:22,794 [86838f6f-3dde-42b5-b01a-58c95bf80430@group-8039453F51C4->aa0cb613-fc94-4131-90ab-17bcd78458c4-GrpcLogAppender-LogAppenderDaemon] WARN  server.GrpcLogAppender (GrpcLogAppender.java:mayWait(300)) - 86838f6f-3dde-42b5-b01a-58c95bf80430@group-8039453F51C4->aa0cb613-fc94-4131-90ab-17bcd78458c4-GrpcLogAppender: Wait interrupted by java.lang.InterruptedException
2025-07-19 06:07:22,795 [86838f6f-3dde-42b5-b01a-58c95bf80430@group-8039453F51C4-StateMachineUpdater] INFO  impl.StateMachineUpdater (StateMachineUpdater.java:stop(140)) - 86838f6f-3dde-42b5-b01a-58c95bf80430@group-8039453F51C4-StateMachineUpdater: closing ContainerStateMachine, lastApplied=(t:1, i:4)
2025-07-19 06:07:22,795 [EventQueue-PipelineReportForPipelineReportHandler] INFO  pipeline.PipelineReportHandler (PipelineReportHandler.java:handlePipelineNotFoundException(98)) - Pipeline Pipeline-8087f958-22a4-4a04-9a20-8039453f51c4, reported by datanode aa0cb613-fc94-4131-90ab-17bcd78458c4(localhost/127.0.0.1) is not found.
2025-07-19 06:07:22,794 [grpc-default-executor-4] INFO  segmented.SegmentedRaftLogWorker (SegmentedRaftLogWorker.java:close(254)) - 7e15f5a0-0f8f-4a50-92e4-d2f5038b0085@group-8039453F51C4-SegmentedRaftLogWorker close()
2025-07-19 06:07:22,796 [86838f6f-3dde-42b5-b01a-58c95bf80430-PipelineCommandHandlerThread-0] INFO  impl.StateMachineUpdater (StateMachineUpdater.java:stopAndJoin(163)) - 86838f6f-3dde-42b5-b01a-58c95bf80430@group-8039453F51C4-StateMachineUpdater: set stopIndex = 4
2025-07-19 06:07:22,797 [86838f6f-3dde-42b5-b01a-58c95bf80430@group-8039453F51C4-cacheEviction-AwaitToRun] INFO  util.AwaitToRun (AwaitToRun.java:run(49)) - 86838f6f-3dde-42b5-b01a-58c95bf80430@group-8039453F51C4-cacheEviction-AwaitToRun-AwaitForSignal is interrupted
2025-07-19 06:07:22,798 [grpc-default-executor-4] INFO  server.RaftServer$Division (RaftServerImpl.java:groupRemove(497)) - 7e15f5a0-0f8f-4a50-92e4-d2f5038b0085@group-8039453F51C4: Succeed to remove RaftStorageDirectory Storage Directory /home/runner/work/ozone/ozone/hadoop-ozone/integration-test/target/test-dir/MiniOzoneClusterImpl-09c4c6e1-5ab0-4195-ac7b-5aec6defaa36/ozone-meta/datanode-1/ratis/8087f958-22a4-4a04-9a20-8039453f51c4
2025-07-19 06:07:22,805 [grpc-default-executor-4] WARN  server.RaftServer (RaftServerProxy.java:remove(111)) - 86838f6f-3dde-42b5-b01a-58c95bf80430: does not contain group: group-8039453F51C4
2025-07-19 06:07:22,805 [grpc-default-executor-4] WARN  server.GrpcAdminProtocolService (GrpcAdminProtocolService.java:lambda$groupManagement$1(53)) - Failed groupManagement: GROUPREMOVE, GroupManagementRequest:client-2A3EF76AD9E5->86838f6f-3dde-42b5-b01a-58c95bf80430@group-8039453F51C4, cid=32, seq=null, RW, null, Remove:group-8039453F51C4, delete-dir
org.apache.ratis.protocol.exceptions.GroupMismatchException: 86838f6f-3dde-42b5-b01a-58c95bf80430: Group group-8039453F51C4 not found.
	at org.apache.ratis.server.impl.RaftServerProxy.groupRemoveAsync(RaftServerProxy.java:548)
	at org.apache.ratis.server.impl.RaftServerProxy.groupManagementAsync(RaftServerProxy.java:499)
	at org.apache.ratis.grpc.server.GrpcAdminProtocolService.lambda$groupManagement$0(GrpcAdminProtocolService.java:51)
	at org.apache.ratis.grpc.GrpcUtil.asyncCall(GrpcUtil.java:172)
	at org.apache.ratis.grpc.server.GrpcAdminProtocolService.groupManagement(GrpcAdminProtocolService.java:51)
	at org.apache.ratis.proto.grpc.AdminProtocolServiceGrpc$MethodHandlers.invoke(AdminProtocolServiceGrpc.java:701)
	at org.apache.ratis.thirdparty.io.grpc.stub.ServerCalls$UnaryServerCallHandler$UnaryServerCallListener.onHalfClose(ServerCalls.java:182)
	at org.apache.ratis.thirdparty.io.grpc.internal.ServerCallImpl$ServerStreamListenerImpl.halfClosed(ServerCallImpl.java:356)
	at org.apache.ratis.thirdparty.io.grpc.internal.ServerImpl$JumpToApplicationThreadServerStreamListener$1HalfClosed.runInContext(ServerImpl.java:861)
	at org.apache.ratis.thirdparty.io.grpc.internal.ContextRunnable.run(ContextRunnable.java:37)
	at org.apache.ratis.thirdparty.io.grpc.internal.SerializingExecutor.run(SerializingExecutor.java:133)
	at java.base/java.util.concurrent.ThreadPoolExecutor.runWorker(ThreadPoolExecutor.java:1144)
	at java.base/java.util.concurrent.ThreadPoolExecutor$Worker.run(ThreadPoolExecutor.java:642)
	at java.base/java.lang.Thread.run(Thread.java:1583)
2025-07-19 06:07:22,809 [aa0cb613-fc94-4131-90ab-17bcd78458c4-PipelineCommandHandlerThread-0] WARN  server.RaftServer (RaftServerProxy.java:remove(111)) - aa0cb613-fc94-4131-90ab-17bcd78458c4: does not contain group: group-8039453F51C4
2025-07-19 06:07:23,128 [86838f6f-3dde-42b5-b01a-58c95bf80430-PipelineCommandHandlerThread-0] INFO  segmented.SegmentedRaftLogWorker (SegmentedRaftLogWorker.java:close(254)) - 86838f6f-3dde-42b5-b01a-58c95bf80430@group-8039453F51C4-SegmentedRaftLogWorker close()
2025-07-19 06:07:23,129 [86838f6f-3dde-42b5-b01a-58c95bf80430-PipelineCommandHandlerThread-0] INFO  keyvalue.KeyValueContainer (KeyValueContainer.java:flushAndSyncDB(514)) - Synced container: KeyValueContainerData #2 (CLOSING, non-empty, ri=0, origin=[dn_86838f6f-3dde-42b5-b01a-58c95bf80430, pipeline_8087f958-22a4-4a04-9a20-8039453f51c4])
2025-07-19 06:07:23,129 [86838f6f-3dde-42b5-b01a-58c95bf80430-PipelineCommandHandlerThread-0] INFO  keyvalue.KeyValueContainer (KeyValueContainer.java:flushAndSyncDB(514)) - Synced container: KeyValueContainerData #2 (CLOSING, non-empty, ri=0, origin=[dn_86838f6f-3dde-42b5-b01a-58c95bf80430, pipeline_8087f958-22a4-4a04-9a20-8039453f51c4])
2025-07-19 06:07:23,134 [86838f6f-3dde-42b5-b01a-58c95bf80430-PipelineCommandHandlerThread-0] INFO  server.RaftServer$Division (RaftServerImpl.java:groupRemove(497)) - 86838f6f-3dde-42b5-b01a-58c95bf80430@group-8039453F51C4: Succeed to remove RaftStorageDirectory Storage Directory /home/runner/work/ozone/ozone/hadoop-ozone/integration-test/target/test-dir/MiniOzoneClusterImpl-09c4c6e1-5ab0-4195-ac7b-5aec6defaa36/ozone-meta/datanode-3/ratis/8087f958-22a4-4a04-9a20-8039453f51c4
2025-07-19 06:07:23,134 [86838f6f-3dde-42b5-b01a-58c95bf80430-PipelineCommandHandlerThread-0] INFO  commandhandler.ClosePipelineCommandHandler (ClosePipelineCommandHandler.java:lambda$handle$2(142)) - Close Pipeline Pipeline-8087f958-22a4-4a04-9a20-8039453f51c4 command on datanode 86838f6f-3dde-42b5-b01a-58c95bf80430(localhost/127.0.0.1).
2025-07-19 06:07:23,134 [FixedThreadPoolWithAffinityExecutor-1-0] INFO  container.IncrementalContainerReportHandler (AbstractContainerReportHandler.java:updateContainerState(264)) - QUASI_CLOSE Container #2 (CLOSING, sid=2) r0 (QUASI_CLOSED, bcsid=2, origin=86838f6f-3dde-42b5-b01a-58c95bf80430, non-empty) from dn 86838f6f-3dde-42b5-b01a-58c95bf80430(localhost/127.0.0.1)
2025-07-19 06:07:23,425 [grpc-default-executor-4] ERROR impl.OrderedAsync (OrderedAsync.java:lambda$null$6(215)) -  client-933A7CA996E4: Failed* RaftClientRequest:client-933A7CA996E4->7e15f5a0-0f8f-4a50-92e4-d2f5038b0085@group-8039453F51C4, cid=27, seq=4*, RW, cmdType: WriteChunk
traceID: ""
containerID: 2
datanodeUuid: "aa0cb613-fc94-4131-90ab-17bcd78458c4"
writeChunk {
  blockID {
    containerID: 2
    localID: 115816896921600002
    blockCommitSequenceId: 2
    replicaIndex: 0
  }
  chunkData {
    chunkName: "115816896921600002_chunk_2"
    offset: 5
    len: 10
    checksumData {
      type: CRC32
      bytesPerChecksum: 16384
      checksums: "\317\357R*"
    }
  }
}
version: 3
, data.size=10
java.util.concurrent.CompletionException: org.apache.ratis.protocol.exceptions.GroupMismatchException: 7e15f5a0-0f8f-4a50-92e4-d2f5038b0085: group-8039453F51C4 not found.
	at java.base/java.util.concurrent.CompletableFuture.encodeThrowable(CompletableFuture.java:332)
	at java.base/java.util.concurrent.CompletableFuture.completeThrowable(CompletableFuture.java:347)
	at java.base/java.util.concurrent.CompletableFuture$UniAccept.tryFire(CompletableFuture.java:708)
	at java.base/java.util.concurrent.CompletableFuture.postComplete(CompletableFuture.java:510)
	at java.base/java.util.concurrent.CompletableFuture.completeExceptionally(CompletableFuture.java:2194)
	at org.apache.ratis.grpc.client.GrpcClientProtocolClient$AsyncStreamObservers.completeReplyExceptionally(GrpcClientProtocolClient.java:397)
	at org.apache.ratis.grpc.client.GrpcClientProtocolClient$AsyncStreamObservers.access$000(GrpcClientProtocolClient.java:303)
	at org.apache.ratis.grpc.client.GrpcClientProtocolClient$AsyncStreamObservers$1.onError(GrpcClientProtocolClient.java:334)
	at org.apache.ratis.thirdparty.io.grpc.stub.ClientCalls$StreamObserverToCallListenerAdapter.onClose(ClientCalls.java:564)
	at org.apache.ratis.thirdparty.io.grpc.PartialForwardingClientCallListener.onClose(PartialForwardingClientCallListener.java:39)
	at org.apache.ratis.thirdparty.io.grpc.ForwardingClientCallListener.onClose(ForwardingClientCallListener.java:23)
	at org.apache.ratis.grpc.metrics.intercept.client.MetricClientCallListener.onClose(MetricClientCallListener.java:47)
	at org.apache.ratis.thirdparty.io.grpc.internal.ClientCallImpl.closeObserver(ClientCallImpl.java:565)
	at org.apache.ratis.thirdparty.io.grpc.internal.ClientCallImpl.access$100(ClientCallImpl.java:72)
	at org.apache.ratis.thirdparty.io.grpc.internal.ClientCallImpl$ClientStreamListenerImpl$1StreamClosed.runInternal(ClientCallImpl.java:733)
	at org.apache.ratis.thirdparty.io.grpc.internal.ClientCallImpl$ClientStreamListenerImpl$1StreamClosed.runInContext(ClientCallImpl.java:714)
	at org.apache.ratis.thirdparty.io.grpc.internal.ContextRunnable.run(ContextRunnable.java:37)
	at org.apache.ratis.thirdparty.io.grpc.internal.SerializingExecutor.run(SerializingExecutor.java:133)
	at java.base/java.util.concurrent.ThreadPoolExecutor.runWorker(ThreadPoolExecutor.java:1144)
	at java.base/java.util.concurrent.ThreadPoolExecutor$Worker.run(ThreadPoolExecutor.java:642)
	at java.base/java.lang.Thread.run(Thread.java:1583)
Caused by: org.apache.ratis.protocol.exceptions.GroupMismatchException: 7e15f5a0-0f8f-4a50-92e4-d2f5038b0085: group-8039453F51C4 not found.
	at org.apache.ratis.server.impl.RaftServerProxy$ImplMap.get(RaftServerProxy.java:160)
	at org.apache.ratis.server.impl.RaftServerProxy.getImplFuture(RaftServerProxy.java:370)
	at org.apache.ratis.server.impl.RaftServerProxy.submitClientRequestAsync(RaftServerProxy.java:455)
	at org.apache.ratis.grpc.server.GrpcClientProtocolService$RequestStreamObserver.processClientRequest(GrpcClientProtocolService.java:226)
	at org.apache.ratis.grpc.server.GrpcClientProtocolService$OrderedRequestStreamObserver.processClientRequest(GrpcClientProtocolService.java:332)
	at org.apache.ratis.util.SlidingWindow$Server.processRequestsFromHead(SlidingWindow.java:467)
	at org.apache.ratis.util.SlidingWindow$Server.receivedRequest(SlidingWindow.java:459)
	at org.apache.ratis.grpc.server.GrpcClientProtocolService$OrderedRequestStreamObserver.processClientRequest(GrpcClientProtocolService.java:356)
	at org.apache.ratis.grpc.server.GrpcClientProtocolService$RequestStreamObserver.onNext(GrpcClientProtocolService.java:246)
	at org.apache.ratis.grpc.server.GrpcClientProtocolService$RequestStreamObserver.onNext(GrpcClientProtocolService.java:169)
	at org.apache.ratis.thirdparty.io.grpc.stub.ServerCalls$StreamingServerCallHandler$StreamingServerCallListener.onMessage(ServerCalls.java:262)
	at org.apache.ratis.thirdparty.io.grpc.internal.ServerCallImpl$ServerStreamListenerImpl.messagesAvailableInternal(ServerCallImpl.java:334)
	at org.apache.ratis.thirdparty.io.grpc.internal.ServerCallImpl$ServerStreamListenerImpl.messagesAvailable(ServerCallImpl.java:319)
	at org.apache.ratis.thirdparty.io.grpc.internal.ServerImpl$JumpToApplicationThreadServerStreamListener$1MessagesAvailable.runInContext(ServerImpl.java:834)
	... 5 more
2025-07-19 06:07:23,426 [grpc-default-executor-4] ERROR impl.OrderedAsync (OrderedAsync.java:lambda$send$4(181)) - Failed to send request, message=cmdType: WriteChunk
traceID: ""
containerID: 2
datanodeUuid: "aa0cb613-fc94-4131-90ab-17bcd78458c4"
writeChunk {
  blockID {
    containerID: 2
    localID: 115816896921600002
    blockCommitSequenceId: 2
    replicaIndex: 0
  }
  chunkData {
    chunkName: "115816896921600002_chunk_2"
    offset: 5
    len: 10
    checksumData {
      type: CRC32
      bytesPerChecksum: 16384
      checksums: "\317\357R*"
    }
  }
}
version: 3
, data.size=10
java.util.concurrent.CompletionException: org.apache.ratis.protocol.exceptions.GroupMismatchException: 7e15f5a0-0f8f-4a50-92e4-d2f5038b0085: group-8039453F51C4 not found.
	at java.base/java.util.concurrent.CompletableFuture.encodeThrowable(CompletableFuture.java:332)
	at java.base/java.util.concurrent.CompletableFuture.completeThrowable(CompletableFuture.java:347)
	at java.base/java.util.concurrent.CompletableFuture$UniApply.tryFire(CompletableFuture.java:636)
	at java.base/java.util.concurrent.CompletableFuture.postComplete(CompletableFuture.java:510)
	at java.base/java.util.concurrent.CompletableFuture.completeExceptionally(CompletableFuture.java:2194)
	at org.apache.ratis.client.impl.OrderedAsync$PendingOrderedRequest.fail(OrderedAsync.java:111)
	at org.apache.ratis.util.SlidingWindow$Client.fail(SlidingWindow.java:395)
	at org.apache.ratis.client.impl.OrderedAsync.failAllAsyncRequests(OrderedAsync.java:155)
	at org.apache.ratis.client.impl.OrderedAsync.handleException(OrderedAsync.java:232)
	at org.apache.ratis.client.impl.OrderedAsync.lambda$sendRequestWithRetry$7(OrderedAsync.java:217)
	at java.base/java.util.concurrent.CompletableFuture.uniExceptionally(CompletableFuture.java:990)
	at java.base/java.util.concurrent.CompletableFuture$UniExceptionally.tryFire(CompletableFuture.java:974)
	at java.base/java.util.concurrent.CompletableFuture.postComplete(CompletableFuture.java:510)
	at java.base/java.util.concurrent.CompletableFuture.completeExceptionally(CompletableFuture.java:2194)
	at org.apache.ratis.grpc.client.GrpcClientProtocolClient$AsyncStreamObservers.completeReplyExceptionally(GrpcClientProtocolClient.java:397)
	at org.apache.ratis.grpc.client.GrpcClientProtocolClient$AsyncStreamObservers.access$000(GrpcClientProtocolClient.java:303)
	at org.apache.ratis.grpc.client.GrpcClientProtocolClient$AsyncStreamObservers$1.onError(GrpcClientProtocolClient.java:334)
	at org.apache.ratis.thirdparty.io.grpc.stub.ClientCalls$StreamObserverToCallListenerAdapter.onClose(ClientCalls.java:564)
	at org.apache.ratis.thirdparty.io.grpc.PartialForwardingClientCallListener.onClose(PartialForwardingClientCallListener.java:39)
	at org.apache.ratis.thirdparty.io.grpc.ForwardingClientCallListener.onClose(ForwardingClientCallListener.java:23)
	at org.apache.ratis.grpc.metrics.intercept.client.MetricClientCallListener.onClose(MetricClientCallListener.java:47)
	at org.apache.ratis.thirdparty.io.grpc.internal.ClientCallImpl.closeObserver(ClientCallImpl.java:565)
	at org.apache.ratis.thirdparty.io.grpc.internal.ClientCallImpl.access$100(ClientCallImpl.java:72)
	at org.apache.ratis.thirdparty.io.grpc.internal.ClientCallImpl$ClientStreamListenerImpl$1StreamClosed.runInternal(ClientCallImpl.java:733)
	at org.apache.ratis.thirdparty.io.grpc.internal.ClientCallImpl$ClientStreamListenerImpl$1StreamClosed.runInContext(ClientCallImpl.java:714)
	at org.apache.ratis.thirdparty.io.grpc.internal.ContextRunnable.run(ContextRunnable.java:37)
	at org.apache.ratis.thirdparty.io.grpc.internal.SerializingExecutor.run(SerializingExecutor.java:133)
	at java.base/java.util.concurrent.ThreadPoolExecutor.runWorker(ThreadPoolExecutor.java:1144)
	at java.base/java.util.concurrent.ThreadPoolExecutor$Worker.run(ThreadPoolExecutor.java:642)
	at java.base/java.lang.Thread.run(Thread.java:1583)
Caused by: org.apache.ratis.protocol.exceptions.GroupMismatchException: 7e15f5a0-0f8f-4a50-92e4-d2f5038b0085: group-8039453F51C4 not found.
	at org.apache.ratis.server.impl.RaftServerProxy$ImplMap.get(RaftServerProxy.java:160)
	at org.apache.ratis.server.impl.RaftServerProxy.getImplFuture(RaftServerProxy.java:370)
	at org.apache.ratis.server.impl.RaftServerProxy.submitClientRequestAsync(RaftServerProxy.java:455)
	at org.apache.ratis.grpc.server.GrpcClientProtocolService$RequestStreamObserver.processClientRequest(GrpcClientProtocolService.java:226)
	at org.apache.ratis.grpc.server.GrpcClientProtocolService$OrderedRequestStreamObserver.processClientRequest(GrpcClientProtocolService.java:332)
	at org.apache.ratis.util.SlidingWindow$Server.processRequestsFromHead(SlidingWindow.java:467)
	at org.apache.ratis.util.SlidingWindow$Server.receivedRequest(SlidingWindow.java:459)
	at org.apache.ratis.grpc.server.GrpcClientProtocolService$OrderedRequestStreamObserver.processClientRequest(GrpcClientProtocolService.java:356)
	at org.apache.ratis.grpc.server.GrpcClientProtocolService$RequestStreamObserver.onNext(GrpcClientProtocolService.java:246)
	at org.apache.ratis.grpc.server.GrpcClientProtocolService$RequestStreamObserver.onNext(GrpcClientProtocolService.java:169)
	at org.apache.ratis.thirdparty.io.grpc.stub.ServerCalls$StreamingServerCallHandler$StreamingServerCallListener.onMessage(ServerCalls.java:262)
	at org.apache.ratis.thirdparty.io.grpc.internal.ServerCallImpl$ServerStreamListenerImpl.messagesAvailableInternal(ServerCallImpl.java:334)
	at org.apache.ratis.thirdparty.io.grpc.internal.ServerCallImpl$ServerStreamListenerImpl.messagesAvailable(ServerCallImpl.java:319)
	at org.apache.ratis.thirdparty.io.grpc.internal.ServerImpl$JumpToApplicationThreadServerStreamListener$1MessagesAvailable.runInContext(ServerImpl.java:834)
	... 5 more
2025-07-19 06:07:23,427 [grpc-default-executor-4] ERROR impl.OrderedAsync (OrderedAsync.java:lambda$send$4(179)) - Failed to send request, message=cmdType: PutBlock
traceID: ""
containerID: 2
datanodeUuid: "aa0cb613-fc94-4131-90ab-17bcd78458c4"
putBlock {
  blockData {
    blockID {
      containerID: 2
      localID: 115816896921600002
      blockCommitSequenceId: 0
    }
    metadata {
      key: "TYPE"
      value: "KEY"
    }
    chunks {
      chunkName: "115816896921600002_chunk_1"
      offset: 0
      len: 5
      checksumData {
        type: CRC32
        bytesPerChecksum: 16384
        checksums: "\350a\3440"
      }
    }
    chunks {
      chunkName: "115816896921600002_chunk_2"
      offset: 5
      len: 10
      checksumData {
        type: CRC32
        bytesPerChecksum: 16384
        checksums: "\317\357R*"
      }
    }
  }
  eof: false
}
version: 3
, data.size=0 due to java.util.concurrent.CompletionException: org.apache.ratis.protocol.exceptions.AlreadyClosedException: SlidingWindow$Client:client-933A7CA996E4->RAFT is closed.
2025-07-19 06:07:23,427 [main] WARN  io.KeyOutputStream (KeyOutputStream.java:handleExceptionInternal(377)) - Encountered exception java.io.IOException: Unexpected Storage Container Exception: java.util.concurrent.CompletionException: Failed to write chunk 115816896921600002_chunk_2 into block conID: 2 locID: 115816896921600002 bcsId: 2 replicaIndex: null on the pipeline Pipeline{ Id: 8087f958-22a4-4a04-9a20-8039453f51c4, Nodes: [ {aa0cb613-fc94-4131-90ab-17bcd78458c4(localhost/127.0.0.1), ReplicaIndex: 0}, {7e15f5a0-0f8f-4a50-92e4-d2f5038b0085(localhost/127.0.0.1), ReplicaIndex: 0}, {86838f6f-3dde-42b5-b01a-58c95bf80430(localhost/127.0.0.1), ReplicaIndex: 0},], ReplicationConfig: RATIS/THREE, State:OPEN, leaderId:86838f6f-3dde-42b5-b01a-58c95bf80430, CreationTimestamp2025-07-19T06:07:09.616Z[Etc/UTC]}. The last committed block length is 5, uncommitted data length is 10 retry count 0
2025-07-19 06:07:23,460 [7e15f5a0-0f8f-4a50-92e4-d2f5038b0085@group-0132FE54E6CF-StateMachineUpdater] INFO  ratis.ContainerStateMachine (ContainerStateMachine.java:takeSnapshot(427)) - group-0132FE54E6CF: Taking a snapshot at:(t:1, i:1) file /home/runner/work/ozone/ozone/hadoop-ozone/integration-test/target/test-dir/MiniOzoneClusterImpl-09c4c6e1-5ab0-4195-ac7b-5aec6defaa36/ozone-meta/datanode-1/ratis/a1dcb70a-c8f9-4212-ac4f-0132fe54e6cf/sm/snapshot.1_1
2025-07-19 06:07:23,461 [7e15f5a0-0f8f-4a50-92e4-d2f5038b0085@group-0132FE54E6CF-StateMachineUpdater] INFO  ratis.ContainerStateMachine (ContainerStateMachine.java:takeSnapshot(436)) - group-0132FE54E6CF: Finished taking a snapshot at:(t:1, i:1) file:/home/runner/work/ozone/ozone/hadoop-ozone/integration-test/target/test-dir/MiniOzoneClusterImpl-09c4c6e1-5ab0-4195-ac7b-5aec6defaa36/ozone-meta/datanode-1/ratis/a1dcb70a-c8f9-4212-ac4f-0132fe54e6cf/sm/snapshot.1_1 took: 2 ms
2025-07-19 06:07:23,461 [7e15f5a0-0f8f-4a50-92e4-d2f5038b0085@group-0132FE54E6CF-StateMachineUpdater] INFO  impl.StateMachineUpdater (StateMachineUpdater.java:takeSnapshot(307)) - 7e15f5a0-0f8f-4a50-92e4-d2f5038b0085@group-0132FE54E6CF-StateMachineUpdater: Took a snapshot at index 1
2025-07-19 06:07:23,462 [7e15f5a0-0f8f-4a50-92e4-d2f5038b0085@group-0132FE54E6CF-StateMachineUpdater] INFO  impl.StateMachineUpdater (StateMachineUpdater.java:lambda$new$0(101)) - 7e15f5a0-0f8f-4a50-92e4-d2f5038b0085@group-0132FE54E6CF-StateMachineUpdater: snapshotIndex: updateIncreasingly 0 -> 1
2025-07-19 06:07:23,462 [7e15f5a0-0f8f-4a50-92e4-d2f5038b0085@group-0132FE54E6CF-StateMachineUpdater] INFO  ratis.ContainerStateMachine (ContainerStateMachine.java:takeSnapshot(427)) - group-0132FE54E6CF: Taking a snapshot at:(t:1, i:3) file /home/runner/work/ozone/ozone/hadoop-ozone/integration-test/target/test-dir/MiniOzoneClusterImpl-09c4c6e1-5ab0-4195-ac7b-5aec6defaa36/ozone-meta/datanode-1/ratis/a1dcb70a-c8f9-4212-ac4f-0132fe54e6cf/sm/snapshot.1_3
2025-07-19 06:07:23,462 [main] INFO  io.BlockOutputStreamEntry (BlockOutputStreamEntry.java:writeOnRetry(192)) - BlockOutputStreamEntry:ratis1 conID: 3 locID: 115816896921600003 bcsId: 0 replicaIndex: null: Finish retrying with len 10, currentPosition 10
2025-07-19 06:07:23,462 [main] INFO  io.BlockOutputStreamEntry (BlockOutputStreamEntry.java:finishRetryHandling(141)) - BlockOutputStreamEntry:ratis1 conID: 3 locID: 115816896921600003 bcsId: 0 replicaIndex: null: Exiting retry handling mode
2025-07-19 06:07:23,465 [7e15f5a0-0f8f-4a50-92e4-d2f5038b0085@group-0132FE54E6CF-StateMachineUpdater] INFO  ratis.ContainerStateMachine (ContainerStateMachine.java:takeSnapshot(436)) - group-0132FE54E6CF: Finished taking a snapshot at:(t:1, i:3) file:/home/runner/work/ozone/ozone/hadoop-ozone/integration-test/target/test-dir/MiniOzoneClusterImpl-09c4c6e1-5ab0-4195-ac7b-5aec6defaa36/ozone-meta/datanode-1/ratis/a1dcb70a-c8f9-4212-ac4f-0132fe54e6cf/sm/snapshot.1_3 took: 3 ms
2025-07-19 06:07:23,465 [7e15f5a0-0f8f-4a50-92e4-d2f5038b0085@group-0132FE54E6CF-StateMachineUpdater] INFO  impl.StateMachineUpdater (StateMachineUpdater.java:takeSnapshot(307)) - 7e15f5a0-0f8f-4a50-92e4-d2f5038b0085@group-0132FE54E6CF-StateMachineUpdater: Took a snapshot at index 3
2025-07-19 06:07:23,466 [7e15f5a0-0f8f-4a50-92e4-d2f5038b0085@group-0132FE54E6CF-StateMachineUpdater] INFO  impl.StateMachineUpdater (StateMachineUpdater.java:lambda$new$0(101)) - 7e15f5a0-0f8f-4a50-92e4-d2f5038b0085@group-0132FE54E6CF-StateMachineUpdater: snapshotIndex: updateIncreasingly 1 -> 3
2025-07-19 06:07:23,466 [7e15f5a0-0f8f-4a50-92e4-d2f5038b0085@group-0132FE54E6CF-StateMachineUpdater] INFO  ratis.ContainerStateMachine (ContainerStateMachine.java:takeSnapshot(427)) - group-0132FE54E6CF: Taking a snapshot at:(t:1, i:4) file /home/runner/work/ozone/ozone/hadoop-ozone/integration-test/target/test-dir/MiniOzoneClusterImpl-09c4c6e1-5ab0-4195-ac7b-5aec6defaa36/ozone-meta/datanode-1/ratis/a1dcb70a-c8f9-4212-ac4f-0132fe54e6cf/sm/snapshot.1_4
2025-07-19 06:07:23,467 [aa0cb613-fc94-4131-90ab-17bcd78458c4@group-0132FE54E6CF-StateMachineUpdater] INFO  ratis.ContainerStateMachine (ContainerStateMachine.java:takeSnapshot(427)) - group-0132FE54E6CF: Taking a snapshot at:(t:1, i:4) file /home/runner/work/ozone/ozone/hadoop-ozone/integration-test/target/test-dir/MiniOzoneClusterImpl-09c4c6e1-5ab0-4195-ac7b-5aec6defaa36/ozone-meta/datanode-2/ratis/a1dcb70a-c8f9-4212-ac4f-0132fe54e6cf/sm/snapshot.1_4
2025-07-19 06:07:23,468 [86838f6f-3dde-42b5-b01a-58c95bf80430@group-0132FE54E6CF-StateMachineUpdater] INFO  ratis.ContainerStateMachine (ContainerStateMachine.java:takeSnapshot(427)) - group-0132FE54E6CF: Taking a snapshot at:(t:1, i:4) file /home/runner/work/ozone/ozone/hadoop-ozone/integration-test/target/test-dir/MiniOzoneClusterImpl-09c4c6e1-5ab0-4195-ac7b-5aec6defaa36/ozone-meta/datanode-3/ratis/a1dcb70a-c8f9-4212-ac4f-0132fe54e6cf/sm/snapshot.1_4
2025-07-19 06:07:23,468 [7e15f5a0-0f8f-4a50-92e4-d2f5038b0085@group-0132FE54E6CF-StateMachineUpdater] INFO  ratis.ContainerStateMachine (ContainerStateMachine.java:takeSnapshot(436)) - group-0132FE54E6CF: Finished taking a snapshot at:(t:1, i:4) file:/home/runner/work/ozone/ozone/hadoop-ozone/integration-test/target/test-dir/MiniOzoneClusterImpl-09c4c6e1-5ab0-4195-ac7b-5aec6defaa36/ozone-meta/datanode-1/ratis/a1dcb70a-c8f9-4212-ac4f-0132fe54e6cf/sm/snapshot.1_4 took: 2 ms
2025-07-19 06:07:23,469 [7e15f5a0-0f8f-4a50-92e4-d2f5038b0085@group-0132FE54E6CF-StateMachineUpdater] INFO  impl.StateMachineUpdater (StateMachineUpdater.java:takeSnapshot(307)) - 7e15f5a0-0f8f-4a50-92e4-d2f5038b0085@group-0132FE54E6CF-StateMachineUpdater: Took a snapshot at index 4
2025-07-19 06:07:23,469 [7e15f5a0-0f8f-4a50-92e4-d2f5038b0085@group-0132FE54E6CF-StateMachineUpdater] INFO  impl.StateMachineUpdater (StateMachineUpdater.java:lambda$new$0(101)) - 7e15f5a0-0f8f-4a50-92e4-d2f5038b0085@group-0132FE54E6CF-StateMachineUpdater: snapshotIndex: updateIncreasingly 3 -> 4
2025-07-19 06:07:23,470 [86838f6f-3dde-42b5-b01a-58c95bf80430@group-0132FE54E6CF-StateMachineUpdater] INFO  ratis.ContainerStateMachine (ContainerStateMachine.java:takeSnapshot(436)) - group-0132FE54E6CF: Finished taking a snapshot at:(t:1, i:4) file:/home/runner/work/ozone/ozone/hadoop-ozone/integration-test/target/test-dir/MiniOzoneClusterImpl-09c4c6e1-5ab0-4195-ac7b-5aec6defaa36/ozone-meta/datanode-3/ratis/a1dcb70a-c8f9-4212-ac4f-0132fe54e6cf/sm/snapshot.1_4 took: 1 ms
2025-07-19 06:07:23,470 [aa0cb613-fc94-4131-90ab-17bcd78458c4@group-0132FE54E6CF-StateMachineUpdater] INFO  ratis.ContainerStateMachine (ContainerStateMachine.java:takeSnapshot(436)) - group-0132FE54E6CF: Finished taking a snapshot at:(t:1, i:4) file:/home/runner/work/ozone/ozone/hadoop-ozone/integration-test/target/test-dir/MiniOzoneClusterImpl-09c4c6e1-5ab0-4195-ac7b-5aec6defaa36/ozone-meta/datanode-2/ratis/a1dcb70a-c8f9-4212-ac4f-0132fe54e6cf/sm/snapshot.1_4 took: 2 ms
2025-07-19 06:07:23,470 [86838f6f-3dde-42b5-b01a-58c95bf80430@group-0132FE54E6CF-StateMachineUpdater] INFO  impl.StateMachineUpdater (StateMachineUpdater.java:takeSnapshot(307)) - 86838f6f-3dde-42b5-b01a-58c95bf80430@group-0132FE54E6CF-StateMachineUpdater: Took a snapshot at index 4
2025-07-19 06:07:23,470 [aa0cb613-fc94-4131-90ab-17bcd78458c4@group-0132FE54E6CF-StateMachineUpdater] INFO  impl.StateMachineUpdater (StateMachineUpdater.java:takeSnapshot(307)) - aa0cb613-fc94-4131-90ab-17bcd78458c4@group-0132FE54E6CF-StateMachineUpdater: Took a snapshot at index 4
2025-07-19 06:07:23,470 [aa0cb613-fc94-4131-90ab-17bcd78458c4@group-0132FE54E6CF-StateMachineUpdater] INFO  impl.StateMachineUpdater (StateMachineUpdater.java:lambda$new$0(101)) - aa0cb613-fc94-4131-90ab-17bcd78458c4@group-0132FE54E6CF-StateMachineUpdater: snapshotIndex: updateIncreasingly 0 -> 4
2025-07-19 06:07:23,470 [86838f6f-3dde-42b5-b01a-58c95bf80430@group-0132FE54E6CF-StateMachineUpdater] INFO  impl.StateMachineUpdater (StateMachineUpdater.java:lambda$new$0(101)) - 86838f6f-3dde-42b5-b01a-58c95bf80430@group-0132FE54E6CF-StateMachineUpdater: snapshotIndex: updateIncreasingly 0 -> 4
2025-07-19 06:07:23,474 [7e15f5a0-0f8f-4a50-92e4-d2f5038b0085@group-0132FE54E6CF-StateMachineUpdater] INFO  ratis.ContainerStateMachine (ContainerStateMachine.java:takeSnapshot(427)) - group-0132FE54E6CF: Taking a snapshot at:(t:1, i:5) file /home/runner/work/ozone/ozone/hadoop-ozone/integration-test/target/test-dir/MiniOzoneClusterImpl-09c4c6e1-5ab0-4195-ac7b-5aec6defaa36/ozone-meta/datanode-1/ratis/a1dcb70a-c8f9-4212-ac4f-0132fe54e6cf/sm/snapshot.1_5
2025-07-19 06:07:23,476 [aa0cb613-fc94-4131-90ab-17bcd78458c4@group-0132FE54E6CF-StateMachineUpdater] INFO  ratis.ContainerStateMachine (ContainerStateMachine.java:takeSnapshot(427)) - group-0132FE54E6CF: Taking a snapshot at:(t:1, i:6) file /home/runner/work/ozone/ozone/hadoop-ozone/integration-test/target/test-dir/MiniOzoneClusterImpl-09c4c6e1-5ab0-4195-ac7b-5aec6defaa36/ozone-meta/datanode-2/ratis/a1dcb70a-c8f9-4212-ac4f-0132fe54e6cf/sm/snapshot.1_6
2025-07-19 06:07:23,477 [7e15f5a0-0f8f-4a50-92e4-d2f5038b0085@group-0132FE54E6CF-StateMachineUpdater] INFO  ratis.ContainerStateMachine (ContainerStateMachine.java:takeSnapshot(436)) - group-0132FE54E6CF: Finished taking a snapshot at:(t:1, i:5) file:/home/runner/work/ozone/ozone/hadoop-ozone/integration-test/target/test-dir/MiniOzoneClusterImpl-09c4c6e1-5ab0-4195-ac7b-5aec6defaa36/ozone-meta/datanode-1/ratis/a1dcb70a-c8f9-4212-ac4f-0132fe54e6cf/sm/snapshot.1_5 took: 2 ms
2025-07-19 06:07:23,478 [7e15f5a0-0f8f-4a50-92e4-d2f5038b0085@group-0132FE54E6CF-StateMachineUpdater] INFO  impl.StateMachineUpdater (StateMachineUpdater.java:takeSnapshot(307)) - 7e15f5a0-0f8f-4a50-92e4-d2f5038b0085@group-0132FE54E6CF-StateMachineUpdater: Took a snapshot at index 5
2025-07-19 06:07:23,478 [7e15f5a0-0f8f-4a50-92e4-d2f5038b0085@group-0132FE54E6CF-StateMachineUpdater] INFO  impl.StateMachineUpdater (StateMachineUpdater.java:lambda$new$0(101)) - 7e15f5a0-0f8f-4a50-92e4-d2f5038b0085@group-0132FE54E6CF-StateMachineUpdater: snapshotIndex: updateIncreasingly 4 -> 5
2025-07-19 06:07:23,478 [7e15f5a0-0f8f-4a50-92e4-d2f5038b0085@group-0132FE54E6CF-StateMachineUpdater] INFO  ratis.ContainerStateMachine (ContainerStateMachine.java:takeSnapshot(427)) - group-0132FE54E6CF: Taking a snapshot at:(t:1, i:8) file /home/runner/work/ozone/ozone/hadoop-ozone/integration-test/target/test-dir/MiniOzoneClusterImpl-09c4c6e1-5ab0-4195-ac7b-5aec6defaa36/ozone-meta/datanode-1/ratis/a1dcb70a-c8f9-4212-ac4f-0132fe54e6cf/sm/snapshot.1_8
2025-07-19 06:07:23,478 [aa0cb613-fc94-4131-90ab-17bcd78458c4@group-0132FE54E6CF-StateMachineUpdater] INFO  ratis.ContainerStateMachine (ContainerStateMachine.java:takeSnapshot(436)) - group-0132FE54E6CF: Finished taking a snapshot at:(t:1, i:6) file:/home/runner/work/ozone/ozone/hadoop-ozone/integration-test/target/test-dir/MiniOzoneClusterImpl-09c4c6e1-5ab0-4195-ac7b-5aec6defaa36/ozone-meta/datanode-2/ratis/a1dcb70a-c8f9-4212-ac4f-0132fe54e6cf/sm/snapshot.1_6 took: 1 ms
2025-07-19 06:07:23,478 [aa0cb613-fc94-4131-90ab-17bcd78458c4@group-0132FE54E6CF-StateMachineUpdater] INFO  impl.StateMachineUpdater (StateMachineUpdater.java:takeSnapshot(307)) - aa0cb613-fc94-4131-90ab-17bcd78458c4@group-0132FE54E6CF-StateMachineUpdater: Took a snapshot at index 6
2025-07-19 06:07:23,478 [aa0cb613-fc94-4131-90ab-17bcd78458c4@group-0132FE54E6CF-StateMachineUpdater] INFO  impl.StateMachineUpdater (StateMachineUpdater.java:lambda$new$0(101)) - aa0cb613-fc94-4131-90ab-17bcd78458c4@group-0132FE54E6CF-StateMachineUpdater: snapshotIndex: updateIncreasingly 4 -> 6
2025-07-19 06:07:23,479 [86838f6f-3dde-42b5-b01a-58c95bf80430@group-0132FE54E6CF-StateMachineUpdater] INFO  ratis.ContainerStateMachine (ContainerStateMachine.java:takeSnapshot(427)) - group-0132FE54E6CF: Taking a snapshot at:(t:1, i:6) file /home/runner/work/ozone/ozone/hadoop-ozone/integration-test/target/test-dir/MiniOzoneClusterImpl-09c4c6e1-5ab0-4195-ac7b-5aec6defaa36/ozone-meta/datanode-3/ratis/a1dcb70a-c8f9-4212-ac4f-0132fe54e6cf/sm/snapshot.1_6
2025-07-19 06:07:23,479 [7e15f5a0-0f8f-4a50-92e4-d2f5038b0085@group-0132FE54E6CF-StateMachineUpdater] INFO  ratis.ContainerStateMachine (ContainerStateMachine.java:takeSnapshot(436)) - group-0132FE54E6CF: Finished taking a snapshot at:(t:1, i:8) file:/home/runner/work/ozone/ozone/hadoop-ozone/integration-test/target/test-dir/MiniOzoneClusterImpl-09c4c6e1-5ab0-4195-ac7b-5aec6defaa36/ozone-meta/datanode-1/ratis/a1dcb70a-c8f9-4212-ac4f-0132fe54e6cf/sm/snapshot.1_8 took: 2 ms
2025-07-19 06:07:23,480 [7e15f5a0-0f8f-4a50-92e4-d2f5038b0085@group-0132FE54E6CF-StateMachineUpdater] INFO  impl.SimpleStateMachineStorage (SimpleStateMachineStorage.java:lambda$cleanupOldSnapshots$1(126)) - Deleting old snapshot at /home/runner/work/ozone/ozone/hadoop-ozone/integration-test/target/test-dir/MiniOzoneClusterImpl-09c4c6e1-5ab0-4195-ac7b-5aec6defaa36/ozone-meta/datanode-1/ratis/a1dcb70a-c8f9-4212-ac4f-0132fe54e6cf/sm/snapshot.1_0
2025-07-19 06:07:23,480 [86838f6f-3dde-42b5-b01a-58c95bf80430@group-0132FE54E6CF-StateMachineUpdater] INFO  ratis.ContainerStateMachine (ContainerStateMachine.java:takeSnapshot(436)) - group-0132FE54E6CF: Finished taking a snapshot at:(t:1, i:6) file:/home/runner/work/ozone/ozone/hadoop-ozone/integration-test/target/test-dir/MiniOzoneClusterImpl-09c4c6e1-5ab0-4195-ac7b-5aec6defaa36/ozone-meta/datanode-3/ratis/a1dcb70a-c8f9-4212-ac4f-0132fe54e6cf/sm/snapshot.1_6 took: 2 ms
2025-07-19 06:07:23,481 [7e15f5a0-0f8f-4a50-92e4-d2f5038b0085@group-0132FE54E6CF-StateMachineUpdater] INFO  impl.StateMachineUpdater (StateMachineUpdater.java:takeSnapshot(307)) - 7e15f5a0-0f8f-4a50-92e4-d2f5038b0085@group-0132FE54E6CF-StateMachineUpdater: Took a snapshot at index 8
2025-07-19 06:07:23,481 [7e15f5a0-0f8f-4a50-92e4-d2f5038b0085@group-0132FE54E6CF-StateMachineUpdater] INFO  impl.StateMachineUpdater (StateMachineUpdater.java:lambda$new$0(101)) - 7e15f5a0-0f8f-4a50-92e4-d2f5038b0085@group-0132FE54E6CF-StateMachineUpdater: snapshotIndex: updateIncreasingly 5 -> 8
2025-07-19 06:07:23,481 [86838f6f-3dde-42b5-b01a-58c95bf80430@group-0132FE54E6CF-StateMachineUpdater] INFO  impl.StateMachineUpdater (StateMachineUpdater.java:takeSnapshot(307)) - 86838f6f-3dde-42b5-b01a-58c95bf80430@group-0132FE54E6CF-StateMachineUpdater: Took a snapshot at index 6
2025-07-19 06:07:23,482 [86838f6f-3dde-42b5-b01a-58c95bf80430@group-0132FE54E6CF-StateMachineUpdater] INFO  impl.StateMachineUpdater (StateMachineUpdater.java:lambda$new$0(101)) - 86838f6f-3dde-42b5-b01a-58c95bf80430@group-0132FE54E6CF-StateMachineUpdater: snapshotIndex: updateIncreasingly 4 -> 6
2025-07-19 06:07:23,484 [aa0cb613-fc94-4131-90ab-17bcd78458c4@group-0132FE54E6CF-StateMachineUpdater] INFO  ratis.ContainerStateMachine (ContainerStateMachine.java:takeSnapshot(427)) - group-0132FE54E6CF: Taking a snapshot at:(t:1, i:8) file /home/runner/work/ozone/ozone/hadoop-ozone/integration-test/target/test-dir/MiniOzoneClusterImpl-09c4c6e1-5ab0-4195-ac7b-5aec6defaa36/ozone-meta/datanode-2/ratis/a1dcb70a-c8f9-4212-ac4f-0132fe54e6cf/sm/snapshot.1_8
2025-07-19 06:07:23,485 [86838f6f-3dde-42b5-b01a-58c95bf80430@group-0132FE54E6CF-StateMachineUpdater] INFO  ratis.ContainerStateMachine (ContainerStateMachine.java:takeSnapshot(427)) - group-0132FE54E6CF: Taking a snapshot at:(t:1, i:8) file /home/runner/work/ozone/ozone/hadoop-ozone/integration-test/target/test-dir/MiniOzoneClusterImpl-09c4c6e1-5ab0-4195-ac7b-5aec6defaa36/ozone-meta/datanode-3/ratis/a1dcb70a-c8f9-4212-ac4f-0132fe54e6cf/sm/snapshot.1_8
2025-07-19 06:07:23,486 [aa0cb613-fc94-4131-90ab-17bcd78458c4@group-0132FE54E6CF-StateMachineUpdater] INFO  ratis.ContainerStateMachine (ContainerStateMachine.java:takeSnapshot(436)) - group-0132FE54E6CF: Finished taking a snapshot at:(t:1, i:8) file:/home/runner/work/ozone/ozone/hadoop-ozone/integration-test/target/test-dir/MiniOzoneClusterImpl-09c4c6e1-5ab0-4195-ac7b-5aec6defaa36/ozone-meta/datanode-2/ratis/a1dcb70a-c8f9-4212-ac4f-0132fe54e6cf/sm/snapshot.1_8 took: 1 ms
2025-07-19 06:07:23,486 [aa0cb613-fc94-4131-90ab-17bcd78458c4@group-0132FE54E6CF-StateMachineUpdater] INFO  impl.StateMachineUpdater (StateMachineUpdater.java:takeSnapshot(307)) - aa0cb613-fc94-4131-90ab-17bcd78458c4@group-0132FE54E6CF-StateMachineUpdater: Took a snapshot at index 8
2025-07-19 06:07:23,486 [aa0cb613-fc94-4131-90ab-17bcd78458c4@group-0132FE54E6CF-StateMachineUpdater] INFO  impl.StateMachineUpdater (StateMachineUpdater.java:lambda$new$0(101)) - aa0cb613-fc94-4131-90ab-17bcd78458c4@group-0132FE54E6CF-StateMachineUpdater: snapshotIndex: updateIncreasingly 6 -> 8
2025-07-19 06:07:23,487 [86838f6f-3dde-42b5-b01a-58c95bf80430@group-0132FE54E6CF-StateMachineUpdater] INFO  ratis.ContainerStateMachine (ContainerStateMachine.java:takeSnapshot(436)) - group-0132FE54E6CF: Finished taking a snapshot at:(t:1, i:8) file:/home/runner/work/ozone/ozone/hadoop-ozone/integration-test/target/test-dir/MiniOzoneClusterImpl-09c4c6e1-5ab0-4195-ac7b-5aec6defaa36/ozone-meta/datanode-3/ratis/a1dcb70a-c8f9-4212-ac4f-0132fe54e6cf/sm/snapshot.1_8 took: 2 ms
2025-07-19 06:07:23,487 [86838f6f-3dde-42b5-b01a-58c95bf80430@group-0132FE54E6CF-StateMachineUpdater] INFO  impl.StateMachineUpdater (StateMachineUpdater.java:takeSnapshot(307)) - 86838f6f-3dde-42b5-b01a-58c95bf80430@group-0132FE54E6CF-StateMachineUpdater: Took a snapshot at index 8
2025-07-19 06:07:23,487 [86838f6f-3dde-42b5-b01a-58c95bf80430@group-0132FE54E6CF-StateMachineUpdater] INFO  impl.StateMachineUpdater (StateMachineUpdater.java:lambda$new$0(101)) - 86838f6f-3dde-42b5-b01a-58c95bf80430@group-0132FE54E6CF-StateMachineUpdater: snapshotIndex: updateIncreasingly 6 -> 8
2025-07-19 06:07:23,489 [7e15f5a0-0f8f-4a50-92e4-d2f5038b0085@group-0132FE54E6CF-StateMachineUpdater] INFO  ratis.ContainerStateMachine (ContainerStateMachine.java:takeSnapshot(427)) - group-0132FE54E6CF: Taking a snapshot at:(t:1, i:10) file /home/runner/work/ozone/ozone/hadoop-ozone/integration-test/target/test-dir/MiniOzoneClusterImpl-09c4c6e1-5ab0-4195-ac7b-5aec6defaa36/ozone-meta/datanode-1/ratis/a1dcb70a-c8f9-4212-ac4f-0132fe54e6cf/sm/snapshot.1_10
2025-07-19 06:07:23,492 [7e15f5a0-0f8f-4a50-92e4-d2f5038b0085@group-0132FE54E6CF-StateMachineUpdater] INFO  ratis.ContainerStateMachine (ContainerStateMachine.java:takeSnapshot(436)) - group-0132FE54E6CF: Finished taking a snapshot at:(t:1, i:10) file:/home/runner/work/ozone/ozone/hadoop-ozone/integration-test/target/test-dir/MiniOzoneClusterImpl-09c4c6e1-5ab0-4195-ac7b-5aec6defaa36/ozone-meta/datanode-1/ratis/a1dcb70a-c8f9-4212-ac4f-0132fe54e6cf/sm/snapshot.1_10 took: 3 ms
2025-07-19 06:07:23,492 [7e15f5a0-0f8f-4a50-92e4-d2f5038b0085@group-0132FE54E6CF-StateMachineUpdater] INFO  impl.SimpleStateMachineStorage (SimpleStateMachineStorage.java:lambda$cleanupOldSnapshots$1(126)) - Deleting old snapshot at /home/runner/work/ozone/ozone/hadoop-ozone/integration-test/target/test-dir/MiniOzoneClusterImpl-09c4c6e1-5ab0-4195-ac7b-5aec6defaa36/ozone-meta/datanode-1/ratis/a1dcb70a-c8f9-4212-ac4f-0132fe54e6cf/sm/snapshot.1_1
2025-07-19 06:07:23,492 [7e15f5a0-0f8f-4a50-92e4-d2f5038b0085@group-0132FE54E6CF-StateMachineUpdater] INFO  impl.StateMachineUpdater (StateMachineUpdater.java:takeSnapshot(307)) - 7e15f5a0-0f8f-4a50-92e4-d2f5038b0085@group-0132FE54E6CF-StateMachineUpdater: Took a snapshot at index 10
2025-07-19 06:07:23,492 [7e15f5a0-0f8f-4a50-92e4-d2f5038b0085@group-0132FE54E6CF-StateMachineUpdater] INFO  impl.StateMachineUpdater (StateMachineUpdater.java:lambda$new$0(101)) - 7e15f5a0-0f8f-4a50-92e4-d2f5038b0085@group-0132FE54E6CF-StateMachineUpdater: snapshotIndex: updateIncreasingly 8 -> 10
]]></system-out>
  </testcase>
  <testcase name="testWriteStateMachineDataIdempotencyWithClosedContainer" classname="org.apache.hadoop.ozone.client.rpc.TestContainerStateMachineFailures" time="0.371">
    <failure message="testWriteStateMachineDataIdempotencyWithClosedContainer failed" type="org.opentest4j.AssertionFailedError"><![CDATA[org.opentest4j.AssertionFailedError: testWriteStateMachineDataIdempotencyWithClosedContainer failed
	at org.junit.jupiter.api.AssertionUtils.fail(AssertionUtils.java:38)
	at org.junit.jupiter.api.Assertions.fail(Assertions.java:138)
	at org.apache.hadoop.ozone.client.rpc.TestContainerStateMachineFailures.testWriteStateMachineDataIdempotencyWithClosedContainer(TestContainerStateMachineFailures.java:734)
	at java.base/java.lang.reflect.Method.invoke(Method.java:580)
	at java.base/java.util.ArrayList.forEach(ArrayList.java:1596)
	at java.base/java.util.ArrayList.forEach(ArrayList.java:1596)
]]></failure>
    <system-out><![CDATA[2025-07-19 06:07:23,816 [e4fa6cd0-dc30-4550-b12f-023a3466045b@group-7FD69FEA80D4-StateMachineUpdater] INFO  ratis.ContainerStateMachine (ContainerStateMachine.java:takeSnapshot(427)) - group-7FD69FEA80D4: Taking a snapshot at:(t:1, i:3) file /home/runner/work/ozone/ozone/hadoop-ozone/integration-test/target/test-dir/MiniOzoneClusterImpl-09c4c6e1-5ab0-4195-ac7b-5aec6defaa36/ozone-meta/datanode-9/ratis/621783e2-3d2d-4ffd-8d5f-7fd69fea80d4/sm/snapshot.1_3
2025-07-19 06:07:23,818 [e4fa6cd0-dc30-4550-b12f-023a3466045b@group-7FD69FEA80D4-StateMachineUpdater] INFO  ratis.ContainerStateMachine (ContainerStateMachine.java:takeSnapshot(436)) - group-7FD69FEA80D4: Finished taking a snapshot at:(t:1, i:3) file:/home/runner/work/ozone/ozone/hadoop-ozone/integration-test/target/test-dir/MiniOzoneClusterImpl-09c4c6e1-5ab0-4195-ac7b-5aec6defaa36/ozone-meta/datanode-9/ratis/621783e2-3d2d-4ffd-8d5f-7fd69fea80d4/sm/snapshot.1_3 took: 3 ms
2025-07-19 06:07:23,818 [e4fa6cd0-dc30-4550-b12f-023a3466045b@group-7FD69FEA80D4-StateMachineUpdater] INFO  impl.StateMachineUpdater (StateMachineUpdater.java:takeSnapshot(307)) - e4fa6cd0-dc30-4550-b12f-023a3466045b@group-7FD69FEA80D4-StateMachineUpdater: Took a snapshot at index 3
2025-07-19 06:07:23,819 [e4fa6cd0-dc30-4550-b12f-023a3466045b@group-7FD69FEA80D4-StateMachineUpdater] INFO  impl.StateMachineUpdater (StateMachineUpdater.java:lambda$new$0(101)) - e4fa6cd0-dc30-4550-b12f-023a3466045b@group-7FD69FEA80D4-StateMachineUpdater: snapshotIndex: updateIncreasingly 0 -> 3
2025-07-19 06:07:23,820 [e4fa6cd0-dc30-4550-b12f-023a3466045b@group-7FD69FEA80D4-StateMachineUpdater] INFO  ratis.ContainerStateMachine (ContainerStateMachine.java:takeSnapshot(427)) - group-7FD69FEA80D4: Taking a snapshot at:(t:1, i:7) file /home/runner/work/ozone/ozone/hadoop-ozone/integration-test/target/test-dir/MiniOzoneClusterImpl-09c4c6e1-5ab0-4195-ac7b-5aec6defaa36/ozone-meta/datanode-9/ratis/621783e2-3d2d-4ffd-8d5f-7fd69fea80d4/sm/snapshot.1_7
2025-07-19 06:07:23,821 [e4fa6cd0-dc30-4550-b12f-023a3466045b@group-7FD69FEA80D4-StateMachineUpdater] INFO  ratis.ContainerStateMachine (ContainerStateMachine.java:takeSnapshot(436)) - group-7FD69FEA80D4: Finished taking a snapshot at:(t:1, i:7) file:/home/runner/work/ozone/ozone/hadoop-ozone/integration-test/target/test-dir/MiniOzoneClusterImpl-09c4c6e1-5ab0-4195-ac7b-5aec6defaa36/ozone-meta/datanode-9/ratis/621783e2-3d2d-4ffd-8d5f-7fd69fea80d4/sm/snapshot.1_7 took: 1 ms
2025-07-19 06:07:23,821 [e4fa6cd0-dc30-4550-b12f-023a3466045b@group-7FD69FEA80D4-StateMachineUpdater] INFO  impl.StateMachineUpdater (StateMachineUpdater.java:takeSnapshot(307)) - e4fa6cd0-dc30-4550-b12f-023a3466045b@group-7FD69FEA80D4-StateMachineUpdater: Took a snapshot at index 7
2025-07-19 06:07:23,821 [e4fa6cd0-dc30-4550-b12f-023a3466045b@group-7FD69FEA80D4-StateMachineUpdater] INFO  impl.StateMachineUpdater (StateMachineUpdater.java:lambda$new$0(101)) - e4fa6cd0-dc30-4550-b12f-023a3466045b@group-7FD69FEA80D4-StateMachineUpdater: snapshotIndex: updateIncreasingly 3 -> 7
2025-07-19 06:07:23,826 [main] INFO  ratis.ContainerStateMachine (ContainerStateMachine.java:takeSnapshot(427)) - group-7FD69FEA80D4: Taking a snapshot at:(t:1, i:7) file /home/runner/work/ozone/ozone/hadoop-ozone/integration-test/target/test-dir/MiniOzoneClusterImpl-09c4c6e1-5ab0-4195-ac7b-5aec6defaa36/ozone-meta/datanode-9/ratis/621783e2-3d2d-4ffd-8d5f-7fd69fea80d4/sm/snapshot.1_7
2025-07-19 06:07:23,827 [main] INFO  ratis.ContainerStateMachine (ContainerStateMachine.java:takeSnapshot(436)) - group-7FD69FEA80D4: Finished taking a snapshot at:(t:1, i:7) file:/home/runner/work/ozone/ozone/hadoop-ozone/integration-test/target/test-dir/MiniOzoneClusterImpl-09c4c6e1-5ab0-4195-ac7b-5aec6defaa36/ozone-meta/datanode-9/ratis/621783e2-3d2d-4ffd-8d5f-7fd69fea80d4/sm/snapshot.1_7 took: 2 ms
2025-07-19 06:07:23,879 [main] INFO  proxy.SCMContainerLocationFailoverProxyProvider (SCMFailoverProxyProviderBase.java:<init>(120)) - Created fail-over proxy for protocol StorageContainerLocationProtocolPB with 1 nodes: [nodeId=scmNodeId,nodeAddress=/0.0.0.0:15000]
2025-07-19 06:07:23,900 [e4fa6cd0-dc30-4550-b12f-023a3466045b-ChunkWriter-0-0] WARN  helpers.ChunkUtils (ChunkUtils.java:validateChunkForOverwrite(378)) - Duplicate write chunk request. Chunk overwrite without explicit request. ChunkInfo{chunkName='115816896921600004.data.0, offset=0, len=5}
2025-07-19 06:07:23,902 [e4fa6cd0-dc30-4550-b12f-023a3466045b-ChunkWriter-0-0] WARN  helpers.ChunkUtils (ChunkUtils.java:validateChunkForOverwrite(378)) - Duplicate write chunk request. Chunk overwrite without explicit request. ChunkInfo{chunkName='115816896921600004.data.0, offset=0, len=5}
2025-07-19 06:07:23,905 [e4fa6cd0-dc30-4550-b12f-023a3466045b-ChunkWriter-0-0] WARN  helpers.ChunkUtils (ChunkUtils.java:validateChunkForOverwrite(378)) - Duplicate write chunk request. Chunk overwrite without explicit request. ChunkInfo{chunkName='115816896921600004.data.0, offset=0, len=5}
2025-07-19 06:07:23,907 [e4fa6cd0-dc30-4550-b12f-023a3466045b-ChunkWriter-0-0] WARN  helpers.ChunkUtils (ChunkUtils.java:validateChunkForOverwrite(378)) - Duplicate write chunk request. Chunk overwrite without explicit request. ChunkInfo{chunkName='115816896921600004.data.0, offset=0, len=5}
2025-07-19 06:07:23,908 [e4fa6cd0-dc30-4550-b12f-023a3466045b-ChunkWriter-0-0] WARN  helpers.ChunkUtils (ChunkUtils.java:validateChunkForOverwrite(378)) - Duplicate write chunk request. Chunk overwrite without explicit request. ChunkInfo{chunkName='115816896921600004.data.0, offset=0, len=5}
2025-07-19 06:07:23,909 [e4fa6cd0-dc30-4550-b12f-023a3466045b@group-7FD69FEA80D4-StateMachineUpdater] INFO  ratis.ContainerStateMachine (ContainerStateMachine.java:takeSnapshot(427)) - group-7FD69FEA80D4: Taking a snapshot at:(t:1, i:11) file /home/runner/work/ozone/ozone/hadoop-ozone/integration-test/target/test-dir/MiniOzoneClusterImpl-09c4c6e1-5ab0-4195-ac7b-5aec6defaa36/ozone-meta/datanode-9/ratis/621783e2-3d2d-4ffd-8d5f-7fd69fea80d4/sm/snapshot.1_11
2025-07-19 06:07:23,911 [e4fa6cd0-dc30-4550-b12f-023a3466045b@group-7FD69FEA80D4-StateMachineUpdater] INFO  ratis.ContainerStateMachine (ContainerStateMachine.java:takeSnapshot(436)) - group-7FD69FEA80D4: Finished taking a snapshot at:(t:1, i:11) file:/home/runner/work/ozone/ozone/hadoop-ozone/integration-test/target/test-dir/MiniOzoneClusterImpl-09c4c6e1-5ab0-4195-ac7b-5aec6defaa36/ozone-meta/datanode-9/ratis/621783e2-3d2d-4ffd-8d5f-7fd69fea80d4/sm/snapshot.1_11 took: 2 ms
2025-07-19 06:07:23,911 [e4fa6cd0-dc30-4550-b12f-023a3466045b@group-7FD69FEA80D4-StateMachineUpdater] INFO  impl.StateMachineUpdater (StateMachineUpdater.java:takeSnapshot(307)) - e4fa6cd0-dc30-4550-b12f-023a3466045b@group-7FD69FEA80D4-StateMachineUpdater: Took a snapshot at index 11
2025-07-19 06:07:23,911 [e4fa6cd0-dc30-4550-b12f-023a3466045b@group-7FD69FEA80D4-StateMachineUpdater] INFO  impl.StateMachineUpdater (StateMachineUpdater.java:lambda$new$0(101)) - e4fa6cd0-dc30-4550-b12f-023a3466045b@group-7FD69FEA80D4-StateMachineUpdater: snapshotIndex: updateIncreasingly 7 -> 11
2025-07-19 06:07:23,911 [e4fa6cd0-dc30-4550-b12f-023a3466045b-ChunkWriter-0-0] WARN  helpers.ChunkUtils (ChunkUtils.java:validateChunkForOverwrite(378)) - Duplicate write chunk request. Chunk overwrite without explicit request. ChunkInfo{chunkName='115816896921600004.data.0, offset=0, len=5}
2025-07-19 06:07:23,913 [e4fa6cd0-dc30-4550-b12f-023a3466045b-ChunkWriter-0-0] WARN  helpers.ChunkUtils (ChunkUtils.java:validateChunkForOverwrite(378)) - Duplicate write chunk request. Chunk overwrite without explicit request. ChunkInfo{chunkName='115816896921600004.data.0, offset=0, len=5}
2025-07-19 06:07:23,914 [e4fa6cd0-dc30-4550-b12f-023a3466045b-ChunkWriter-0-0] WARN  helpers.ChunkUtils (ChunkUtils.java:validateChunkForOverwrite(378)) - Duplicate write chunk request. Chunk overwrite without explicit request. ChunkInfo{chunkName='115816896921600004.data.0, offset=0, len=5}
2025-07-19 06:07:23,917 [e4fa6cd0-dc30-4550-b12f-023a3466045b-ChunkWriter-0-0] WARN  helpers.ChunkUtils (ChunkUtils.java:validateChunkForOverwrite(378)) - Duplicate write chunk request. Chunk overwrite without explicit request. ChunkInfo{chunkName='115816896921600004.data.0, offset=0, len=5}
2025-07-19 06:07:23,918 [e4fa6cd0-dc30-4550-b12f-023a3466045b@group-7FD69FEA80D4-StateMachineUpdater] INFO  ratis.ContainerStateMachine (ContainerStateMachine.java:takeSnapshot(427)) - group-7FD69FEA80D4: Taking a snapshot at:(t:1, i:16) file /home/runner/work/ozone/ozone/hadoop-ozone/integration-test/target/test-dir/MiniOzoneClusterImpl-09c4c6e1-5ab0-4195-ac7b-5aec6defaa36/ozone-meta/datanode-9/ratis/621783e2-3d2d-4ffd-8d5f-7fd69fea80d4/sm/snapshot.1_16
2025-07-19 06:07:23,919 [e4fa6cd0-dc30-4550-b12f-023a3466045b@group-7FD69FEA80D4-StateMachineUpdater] INFO  ratis.ContainerStateMachine (ContainerStateMachine.java:takeSnapshot(436)) - group-7FD69FEA80D4: Finished taking a snapshot at:(t:1, i:16) file:/home/runner/work/ozone/ozone/hadoop-ozone/integration-test/target/test-dir/MiniOzoneClusterImpl-09c4c6e1-5ab0-4195-ac7b-5aec6defaa36/ozone-meta/datanode-9/ratis/621783e2-3d2d-4ffd-8d5f-7fd69fea80d4/sm/snapshot.1_16 took: 2 ms
2025-07-19 06:07:23,920 [e4fa6cd0-dc30-4550-b12f-023a3466045b@group-7FD69FEA80D4-StateMachineUpdater] INFO  impl.StateMachineUpdater (StateMachineUpdater.java:takeSnapshot(307)) - e4fa6cd0-dc30-4550-b12f-023a3466045b@group-7FD69FEA80D4-StateMachineUpdater: Took a snapshot at index 16
2025-07-19 06:07:23,920 [e4fa6cd0-dc30-4550-b12f-023a3466045b@group-7FD69FEA80D4-StateMachineUpdater] INFO  impl.StateMachineUpdater (StateMachineUpdater.java:lambda$new$0(101)) - e4fa6cd0-dc30-4550-b12f-023a3466045b@group-7FD69FEA80D4-StateMachineUpdater: snapshotIndex: updateIncreasingly 11 -> 16
2025-07-19 06:07:23,920 [e4fa6cd0-dc30-4550-b12f-023a3466045b-ChunkWriter-0-0] WARN  helpers.ChunkUtils (ChunkUtils.java:validateChunkForOverwrite(378)) - Duplicate write chunk request. Chunk overwrite without explicit request. ChunkInfo{chunkName='115816896921600004.data.0, offset=0, len=5}
2025-07-19 06:07:23,927 [e4fa6cd0-dc30-4550-b12f-023a3466045b@group-7FD69FEA80D4-StateMachineUpdater] INFO  ratis.ContainerStateMachine (ContainerStateMachine.java:takeSnapshot(427)) - group-7FD69FEA80D4: Taking a snapshot at:(t:1, i:22) file /home/runner/work/ozone/ozone/hadoop-ozone/integration-test/target/test-dir/MiniOzoneClusterImpl-09c4c6e1-5ab0-4195-ac7b-5aec6defaa36/ozone-meta/datanode-9/ratis/621783e2-3d2d-4ffd-8d5f-7fd69fea80d4/sm/snapshot.1_22
2025-07-19 06:07:23,927 [e4fa6cd0-dc30-4550-b12f-023a3466045b-ChunkWriter-0-0] WARN  helpers.ChunkUtils (ChunkUtils.java:validateChunkForOverwrite(378)) - Duplicate write chunk request. Chunk overwrite without explicit request. ChunkInfo{chunkName='115816896921600004.data.0, offset=0, len=5}
2025-07-19 06:07:23,929 [e4fa6cd0-dc30-4550-b12f-023a3466045b@group-7FD69FEA80D4-StateMachineUpdater] INFO  ratis.ContainerStateMachine (ContainerStateMachine.java:takeSnapshot(436)) - group-7FD69FEA80D4: Finished taking a snapshot at:(t:1, i:22) file:/home/runner/work/ozone/ozone/hadoop-ozone/integration-test/target/test-dir/MiniOzoneClusterImpl-09c4c6e1-5ab0-4195-ac7b-5aec6defaa36/ozone-meta/datanode-9/ratis/621783e2-3d2d-4ffd-8d5f-7fd69fea80d4/sm/snapshot.1_22 took: 2 ms
2025-07-19 06:07:23,929 [e4fa6cd0-dc30-4550-b12f-023a3466045b@group-7FD69FEA80D4-StateMachineUpdater] INFO  impl.SimpleStateMachineStorage (SimpleStateMachineStorage.java:lambda$cleanupOldSnapshots$1(126)) - Deleting old snapshot at /home/runner/work/ozone/ozone/hadoop-ozone/integration-test/target/test-dir/MiniOzoneClusterImpl-09c4c6e1-5ab0-4195-ac7b-5aec6defaa36/ozone-meta/datanode-9/ratis/621783e2-3d2d-4ffd-8d5f-7fd69fea80d4/sm/snapshot.1_0
2025-07-19 06:07:23,930 [e4fa6cd0-dc30-4550-b12f-023a3466045b@group-7FD69FEA80D4-StateMachineUpdater] INFO  impl.StateMachineUpdater (StateMachineUpdater.java:takeSnapshot(307)) - e4fa6cd0-dc30-4550-b12f-023a3466045b@group-7FD69FEA80D4-StateMachineUpdater: Took a snapshot at index 22
2025-07-19 06:07:23,930 [e4fa6cd0-dc30-4550-b12f-023a3466045b@group-7FD69FEA80D4-StateMachineUpdater] INFO  impl.StateMachineUpdater (StateMachineUpdater.java:lambda$new$0(101)) - e4fa6cd0-dc30-4550-b12f-023a3466045b@group-7FD69FEA80D4-StateMachineUpdater: snapshotIndex: updateIncreasingly 16 -> 22
2025-07-19 06:07:23,932 [e4fa6cd0-dc30-4550-b12f-023a3466045b-ChunkWriter-0-0] WARN  helpers.ChunkUtils (ChunkUtils.java:validateChunkForOverwrite(378)) - Duplicate write chunk request. Chunk overwrite without explicit request. ChunkInfo{chunkName='115816896921600004.data.0, offset=0, len=5}
2025-07-19 06:07:23,933 [e4fa6cd0-dc30-4550-b12f-023a3466045b@group-7FD69FEA80D4-StateMachineUpdater] INFO  ratis.ContainerStateMachine (ContainerStateMachine.java:takeSnapshot(427)) - group-7FD69FEA80D4: Taking a snapshot at:(t:1, i:26) file /home/runner/work/ozone/ozone/hadoop-ozone/integration-test/target/test-dir/MiniOzoneClusterImpl-09c4c6e1-5ab0-4195-ac7b-5aec6defaa36/ozone-meta/datanode-9/ratis/621783e2-3d2d-4ffd-8d5f-7fd69fea80d4/sm/snapshot.1_26
2025-07-19 06:07:23,934 [e4fa6cd0-dc30-4550-b12f-023a3466045b-ChunkWriter-0-0] WARN  helpers.ChunkUtils (ChunkUtils.java:validateChunkForOverwrite(378)) - Duplicate write chunk request. Chunk overwrite without explicit request. ChunkInfo{chunkName='115816896921600004.data.0, offset=0, len=5}
2025-07-19 06:07:23,935 [e4fa6cd0-dc30-4550-b12f-023a3466045b@group-7FD69FEA80D4-StateMachineUpdater] INFO  ratis.ContainerStateMachine (ContainerStateMachine.java:takeSnapshot(436)) - group-7FD69FEA80D4: Finished taking a snapshot at:(t:1, i:26) file:/home/runner/work/ozone/ozone/hadoop-ozone/integration-test/target/test-dir/MiniOzoneClusterImpl-09c4c6e1-5ab0-4195-ac7b-5aec6defaa36/ozone-meta/datanode-9/ratis/621783e2-3d2d-4ffd-8d5f-7fd69fea80d4/sm/snapshot.1_26 took: 2 ms
2025-07-19 06:07:23,935 [e4fa6cd0-dc30-4550-b12f-023a3466045b@group-7FD69FEA80D4-StateMachineUpdater] INFO  impl.SimpleStateMachineStorage (SimpleStateMachineStorage.java:lambda$cleanupOldSnapshots$1(126)) - Deleting old snapshot at /home/runner/work/ozone/ozone/hadoop-ozone/integration-test/target/test-dir/MiniOzoneClusterImpl-09c4c6e1-5ab0-4195-ac7b-5aec6defaa36/ozone-meta/datanode-9/ratis/621783e2-3d2d-4ffd-8d5f-7fd69fea80d4/sm/snapshot.1_3
2025-07-19 06:07:23,935 [e4fa6cd0-dc30-4550-b12f-023a3466045b@group-7FD69FEA80D4-StateMachineUpdater] INFO  impl.StateMachineUpdater (StateMachineUpdater.java:takeSnapshot(307)) - e4fa6cd0-dc30-4550-b12f-023a3466045b@group-7FD69FEA80D4-StateMachineUpdater: Took a snapshot at index 26
2025-07-19 06:07:23,935 [e4fa6cd0-dc30-4550-b12f-023a3466045b@group-7FD69FEA80D4-StateMachineUpdater] INFO  impl.StateMachineUpdater (StateMachineUpdater.java:lambda$new$0(101)) - e4fa6cd0-dc30-4550-b12f-023a3466045b@group-7FD69FEA80D4-StateMachineUpdater: snapshotIndex: updateIncreasingly 22 -> 26
2025-07-19 06:07:23,936 [e4fa6cd0-dc30-4550-b12f-023a3466045b-ChunkWriter-0-0] WARN  helpers.ChunkUtils (ChunkUtils.java:validateChunkForOverwrite(378)) - Duplicate write chunk request. Chunk overwrite without explicit request. ChunkInfo{chunkName='115816896921600004.data.0, offset=0, len=5}
2025-07-19 06:07:23,937 [e4fa6cd0-dc30-4550-b12f-023a3466045b@group-7FD69FEA80D4-StateMachineUpdater] INFO  ratis.ContainerStateMachine (ContainerStateMachine.java:takeSnapshot(427)) - group-7FD69FEA80D4: Taking a snapshot at:(t:1, i:29) file /home/runner/work/ozone/ozone/hadoop-ozone/integration-test/target/test-dir/MiniOzoneClusterImpl-09c4c6e1-5ab0-4195-ac7b-5aec6defaa36/ozone-meta/datanode-9/ratis/621783e2-3d2d-4ffd-8d5f-7fd69fea80d4/sm/snapshot.1_29
2025-07-19 06:07:23,937 [e4fa6cd0-dc30-4550-b12f-023a3466045b-ChunkWriter-0-0] WARN  helpers.ChunkUtils (ChunkUtils.java:validateChunkForOverwrite(378)) - Duplicate write chunk request. Chunk overwrite without explicit request. ChunkInfo{chunkName='115816896921600004.data.0, offset=0, len=5}
2025-07-19 06:07:23,939 [e4fa6cd0-dc30-4550-b12f-023a3466045b@group-7FD69FEA80D4-StateMachineUpdater] INFO  ratis.ContainerStateMachine (ContainerStateMachine.java:takeSnapshot(436)) - group-7FD69FEA80D4: Finished taking a snapshot at:(t:1, i:29) file:/home/runner/work/ozone/ozone/hadoop-ozone/integration-test/target/test-dir/MiniOzoneClusterImpl-09c4c6e1-5ab0-4195-ac7b-5aec6defaa36/ozone-meta/datanode-9/ratis/621783e2-3d2d-4ffd-8d5f-7fd69fea80d4/sm/snapshot.1_29 took: 2 ms
2025-07-19 06:07:23,939 [e4fa6cd0-dc30-4550-b12f-023a3466045b@group-7FD69FEA80D4-StateMachineUpdater] INFO  impl.SimpleStateMachineStorage (SimpleStateMachineStorage.java:lambda$cleanupOldSnapshots$1(126)) - Deleting old snapshot at /home/runner/work/ozone/ozone/hadoop-ozone/integration-test/target/test-dir/MiniOzoneClusterImpl-09c4c6e1-5ab0-4195-ac7b-5aec6defaa36/ozone-meta/datanode-9/ratis/621783e2-3d2d-4ffd-8d5f-7fd69fea80d4/sm/snapshot.1_7
2025-07-19 06:07:23,940 [e4fa6cd0-dc30-4550-b12f-023a3466045b@group-7FD69FEA80D4-StateMachineUpdater] INFO  impl.StateMachineUpdater (StateMachineUpdater.java:takeSnapshot(307)) - e4fa6cd0-dc30-4550-b12f-023a3466045b@group-7FD69FEA80D4-StateMachineUpdater: Took a snapshot at index 29
2025-07-19 06:07:23,940 [e4fa6cd0-dc30-4550-b12f-023a3466045b@group-7FD69FEA80D4-StateMachineUpdater] INFO  impl.StateMachineUpdater (StateMachineUpdater.java:lambda$new$0(101)) - e4fa6cd0-dc30-4550-b12f-023a3466045b@group-7FD69FEA80D4-StateMachineUpdater: snapshotIndex: updateIncreasingly 26 -> 29
2025-07-19 06:07:23,942 [e4fa6cd0-dc30-4550-b12f-023a3466045b-ChunkWriter-0-0] WARN  helpers.ChunkUtils (ChunkUtils.java:validateChunkForOverwrite(378)) - Duplicate write chunk request. Chunk overwrite without explicit request. ChunkInfo{chunkName='115816896921600004.data.0, offset=0, len=5}
2025-07-19 06:07:23,942 [e4fa6cd0-dc30-4550-b12f-023a3466045b@group-7FD69FEA80D4-StateMachineUpdater] INFO  ratis.ContainerStateMachine (ContainerStateMachine.java:takeSnapshot(427)) - group-7FD69FEA80D4: Taking a snapshot at:(t:1, i:32) file /home/runner/work/ozone/ozone/hadoop-ozone/integration-test/target/test-dir/MiniOzoneClusterImpl-09c4c6e1-5ab0-4195-ac7b-5aec6defaa36/ozone-meta/datanode-9/ratis/621783e2-3d2d-4ffd-8d5f-7fd69fea80d4/sm/snapshot.1_32
2025-07-19 06:07:23,944 [e4fa6cd0-dc30-4550-b12f-023a3466045b@group-7FD69FEA80D4-StateMachineUpdater] INFO  ratis.ContainerStateMachine (ContainerStateMachine.java:takeSnapshot(436)) - group-7FD69FEA80D4: Finished taking a snapshot at:(t:1, i:32) file:/home/runner/work/ozone/ozone/hadoop-ozone/integration-test/target/test-dir/MiniOzoneClusterImpl-09c4c6e1-5ab0-4195-ac7b-5aec6defaa36/ozone-meta/datanode-9/ratis/621783e2-3d2d-4ffd-8d5f-7fd69fea80d4/sm/snapshot.1_32 took: 1 ms
2025-07-19 06:07:23,945 [e4fa6cd0-dc30-4550-b12f-023a3466045b@group-7FD69FEA80D4-StateMachineUpdater] INFO  impl.SimpleStateMachineStorage (SimpleStateMachineStorage.java:lambda$cleanupOldSnapshots$1(126)) - Deleting old snapshot at /home/runner/work/ozone/ozone/hadoop-ozone/integration-test/target/test-dir/MiniOzoneClusterImpl-09c4c6e1-5ab0-4195-ac7b-5aec6defaa36/ozone-meta/datanode-9/ratis/621783e2-3d2d-4ffd-8d5f-7fd69fea80d4/sm/snapshot.1_11
2025-07-19 06:07:23,945 [e4fa6cd0-dc30-4550-b12f-023a3466045b@group-7FD69FEA80D4-StateMachineUpdater] INFO  impl.StateMachineUpdater (StateMachineUpdater.java:takeSnapshot(307)) - e4fa6cd0-dc30-4550-b12f-023a3466045b@group-7FD69FEA80D4-StateMachineUpdater: Took a snapshot at index 32
2025-07-19 06:07:23,945 [e4fa6cd0-dc30-4550-b12f-023a3466045b@group-7FD69FEA80D4-StateMachineUpdater] INFO  impl.StateMachineUpdater (StateMachineUpdater.java:lambda$new$0(101)) - e4fa6cd0-dc30-4550-b12f-023a3466045b@group-7FD69FEA80D4-StateMachineUpdater: snapshotIndex: updateIncreasingly 29 -> 32
2025-07-19 06:07:23,945 [e4fa6cd0-dc30-4550-b12f-023a3466045b-ChunkWriter-0-0] WARN  helpers.ChunkUtils (ChunkUtils.java:validateChunkForOverwrite(378)) - Duplicate write chunk request. Chunk overwrite without explicit request. ChunkInfo{chunkName='115816896921600004.data.0, offset=0, len=5}
2025-07-19 06:07:23,947 [e4fa6cd0-dc30-4550-b12f-023a3466045b-ChunkWriter-0-0] WARN  helpers.ChunkUtils (ChunkUtils.java:validateChunkForOverwrite(378)) - Duplicate write chunk request. Chunk overwrite without explicit request. ChunkInfo{chunkName='115816896921600004.data.0, offset=0, len=5}
2025-07-19 06:07:23,947 [e4fa6cd0-dc30-4550-b12f-023a3466045b@group-7FD69FEA80D4-StateMachineUpdater] INFO  ratis.ContainerStateMachine (ContainerStateMachine.java:takeSnapshot(427)) - group-7FD69FEA80D4: Taking a snapshot at:(t:1, i:35) file /home/runner/work/ozone/ozone/hadoop-ozone/integration-test/target/test-dir/MiniOzoneClusterImpl-09c4c6e1-5ab0-4195-ac7b-5aec6defaa36/ozone-meta/datanode-9/ratis/621783e2-3d2d-4ffd-8d5f-7fd69fea80d4/sm/snapshot.1_35
2025-07-19 06:07:23,948 [e4fa6cd0-dc30-4550-b12f-023a3466045b@group-7FD69FEA80D4-StateMachineUpdater] INFO  ratis.ContainerStateMachine (ContainerStateMachine.java:takeSnapshot(436)) - group-7FD69FEA80D4: Finished taking a snapshot at:(t:1, i:35) file:/home/runner/work/ozone/ozone/hadoop-ozone/integration-test/target/test-dir/MiniOzoneClusterImpl-09c4c6e1-5ab0-4195-ac7b-5aec6defaa36/ozone-meta/datanode-9/ratis/621783e2-3d2d-4ffd-8d5f-7fd69fea80d4/sm/snapshot.1_35 took: 1 ms
2025-07-19 06:07:23,948 [e4fa6cd0-dc30-4550-b12f-023a3466045b@group-7FD69FEA80D4-StateMachineUpdater] INFO  impl.SimpleStateMachineStorage (SimpleStateMachineStorage.java:lambda$cleanupOldSnapshots$1(126)) - Deleting old snapshot at /home/runner/work/ozone/ozone/hadoop-ozone/integration-test/target/test-dir/MiniOzoneClusterImpl-09c4c6e1-5ab0-4195-ac7b-5aec6defaa36/ozone-meta/datanode-9/ratis/621783e2-3d2d-4ffd-8d5f-7fd69fea80d4/sm/snapshot.1_16
2025-07-19 06:07:23,948 [e4fa6cd0-dc30-4550-b12f-023a3466045b@group-7FD69FEA80D4-StateMachineUpdater] INFO  impl.StateMachineUpdater (StateMachineUpdater.java:takeSnapshot(307)) - e4fa6cd0-dc30-4550-b12f-023a3466045b@group-7FD69FEA80D4-StateMachineUpdater: Took a snapshot at index 35
2025-07-19 06:07:23,949 [e4fa6cd0-dc30-4550-b12f-023a3466045b@group-7FD69FEA80D4-StateMachineUpdater] INFO  impl.StateMachineUpdater (StateMachineUpdater.java:lambda$new$0(101)) - e4fa6cd0-dc30-4550-b12f-023a3466045b@group-7FD69FEA80D4-StateMachineUpdater: snapshotIndex: updateIncreasingly 32 -> 35
2025-07-19 06:07:23,949 [e4fa6cd0-dc30-4550-b12f-023a3466045b-ChunkWriter-0-0] WARN  helpers.ChunkUtils (ChunkUtils.java:validateChunkForOverwrite(378)) - Duplicate write chunk request. Chunk overwrite without explicit request. ChunkInfo{chunkName='115816896921600004.data.0, offset=0, len=5}
2025-07-19 06:07:23,950 [e4fa6cd0-dc30-4550-b12f-023a3466045b-ChunkWriter-0-0] WARN  helpers.ChunkUtils (ChunkUtils.java:validateChunkForOverwrite(378)) - Duplicate write chunk request. Chunk overwrite without explicit request. ChunkInfo{chunkName='115816896921600004.data.0, offset=0, len=5}
2025-07-19 06:07:23,951 [e4fa6cd0-dc30-4550-b12f-023a3466045b-ChunkWriter-0-0] WARN  helpers.ChunkUtils (ChunkUtils.java:validateChunkForOverwrite(378)) - Duplicate write chunk request. Chunk overwrite without explicit request. ChunkInfo{chunkName='115816896921600004.data.0, offset=0, len=5}
2025-07-19 06:07:23,952 [e4fa6cd0-dc30-4550-b12f-023a3466045b@group-7FD69FEA80D4-StateMachineUpdater] INFO  ratis.ContainerStateMachine (ContainerStateMachine.java:takeSnapshot(427)) - group-7FD69FEA80D4: Taking a snapshot at:(t:1, i:42) file /home/runner/work/ozone/ozone/hadoop-ozone/integration-test/target/test-dir/MiniOzoneClusterImpl-09c4c6e1-5ab0-4195-ac7b-5aec6defaa36/ozone-meta/datanode-9/ratis/621783e2-3d2d-4ffd-8d5f-7fd69fea80d4/sm/snapshot.1_42
2025-07-19 06:07:23,953 [e4fa6cd0-dc30-4550-b12f-023a3466045b-ChunkWriter-0-0] WARN  helpers.ChunkUtils (ChunkUtils.java:validateChunkForOverwrite(378)) - Duplicate write chunk request. Chunk overwrite without explicit request. ChunkInfo{chunkName='115816896921600004.data.0, offset=0, len=5}
2025-07-19 06:07:23,953 [e4fa6cd0-dc30-4550-b12f-023a3466045b@group-7FD69FEA80D4-StateMachineUpdater] INFO  ratis.ContainerStateMachine (ContainerStateMachine.java:takeSnapshot(436)) - group-7FD69FEA80D4: Finished taking a snapshot at:(t:1, i:42) file:/home/runner/work/ozone/ozone/hadoop-ozone/integration-test/target/test-dir/MiniOzoneClusterImpl-09c4c6e1-5ab0-4195-ac7b-5aec6defaa36/ozone-meta/datanode-9/ratis/621783e2-3d2d-4ffd-8d5f-7fd69fea80d4/sm/snapshot.1_42 took: 2 ms
2025-07-19 06:07:23,954 [e4fa6cd0-dc30-4550-b12f-023a3466045b-ChunkWriter-0-0] WARN  helpers.ChunkUtils (ChunkUtils.java:validateChunkForOverwrite(378)) - Duplicate write chunk request. Chunk overwrite without explicit request. ChunkInfo{chunkName='115816896921600004.data.0, offset=0, len=5}
2025-07-19 06:07:23,954 [e4fa6cd0-dc30-4550-b12f-023a3466045b@group-7FD69FEA80D4-StateMachineUpdater] INFO  impl.SimpleStateMachineStorage (SimpleStateMachineStorage.java:lambda$cleanupOldSnapshots$1(126)) - Deleting old snapshot at /home/runner/work/ozone/ozone/hadoop-ozone/integration-test/target/test-dir/MiniOzoneClusterImpl-09c4c6e1-5ab0-4195-ac7b-5aec6defaa36/ozone-meta/datanode-9/ratis/621783e2-3d2d-4ffd-8d5f-7fd69fea80d4/sm/snapshot.1_22
2025-07-19 06:07:23,954 [e4fa6cd0-dc30-4550-b12f-023a3466045b@group-7FD69FEA80D4-StateMachineUpdater] INFO  impl.StateMachineUpdater (StateMachineUpdater.java:takeSnapshot(307)) - e4fa6cd0-dc30-4550-b12f-023a3466045b@group-7FD69FEA80D4-StateMachineUpdater: Took a snapshot at index 42
2025-07-19 06:07:23,954 [e4fa6cd0-dc30-4550-b12f-023a3466045b@group-7FD69FEA80D4-StateMachineUpdater] INFO  impl.StateMachineUpdater (StateMachineUpdater.java:lambda$new$0(101)) - e4fa6cd0-dc30-4550-b12f-023a3466045b@group-7FD69FEA80D4-StateMachineUpdater: snapshotIndex: updateIncreasingly 35 -> 42
2025-07-19 06:07:23,954 [e4fa6cd0-dc30-4550-b12f-023a3466045b@group-7FD69FEA80D4-StateMachineUpdater] INFO  ratis.ContainerStateMachine (ContainerStateMachine.java:takeSnapshot(427)) - group-7FD69FEA80D4: Taking a snapshot at:(t:1, i:45) file /home/runner/work/ozone/ozone/hadoop-ozone/integration-test/target/test-dir/MiniOzoneClusterImpl-09c4c6e1-5ab0-4195-ac7b-5aec6defaa36/ozone-meta/datanode-9/ratis/621783e2-3d2d-4ffd-8d5f-7fd69fea80d4/sm/snapshot.1_45
2025-07-19 06:07:23,956 [e4fa6cd0-dc30-4550-b12f-023a3466045b-ChunkWriter-0-0] WARN  helpers.ChunkUtils (ChunkUtils.java:validateChunkForOverwrite(378)) - Duplicate write chunk request. Chunk overwrite without explicit request. ChunkInfo{chunkName='115816896921600004.data.0, offset=0, len=5}
2025-07-19 06:07:23,956 [e4fa6cd0-dc30-4550-b12f-023a3466045b@group-7FD69FEA80D4-StateMachineUpdater] INFO  ratis.ContainerStateMachine (ContainerStateMachine.java:takeSnapshot(436)) - group-7FD69FEA80D4: Finished taking a snapshot at:(t:1, i:45) file:/home/runner/work/ozone/ozone/hadoop-ozone/integration-test/target/test-dir/MiniOzoneClusterImpl-09c4c6e1-5ab0-4195-ac7b-5aec6defaa36/ozone-meta/datanode-9/ratis/621783e2-3d2d-4ffd-8d5f-7fd69fea80d4/sm/snapshot.1_45 took: 1 ms
2025-07-19 06:07:23,956 [e4fa6cd0-dc30-4550-b12f-023a3466045b@group-7FD69FEA80D4-StateMachineUpdater] INFO  impl.SimpleStateMachineStorage (SimpleStateMachineStorage.java:lambda$cleanupOldSnapshots$1(126)) - Deleting old snapshot at /home/runner/work/ozone/ozone/hadoop-ozone/integration-test/target/test-dir/MiniOzoneClusterImpl-09c4c6e1-5ab0-4195-ac7b-5aec6defaa36/ozone-meta/datanode-9/ratis/621783e2-3d2d-4ffd-8d5f-7fd69fea80d4/sm/snapshot.1_26
2025-07-19 06:07:23,957 [e4fa6cd0-dc30-4550-b12f-023a3466045b@group-7FD69FEA80D4-StateMachineUpdater] INFO  impl.StateMachineUpdater (StateMachineUpdater.java:takeSnapshot(307)) - e4fa6cd0-dc30-4550-b12f-023a3466045b@group-7FD69FEA80D4-StateMachineUpdater: Took a snapshot at index 45
2025-07-19 06:07:23,957 [e4fa6cd0-dc30-4550-b12f-023a3466045b@group-7FD69FEA80D4-StateMachineUpdater] INFO  impl.StateMachineUpdater (StateMachineUpdater.java:lambda$new$0(101)) - e4fa6cd0-dc30-4550-b12f-023a3466045b@group-7FD69FEA80D4-StateMachineUpdater: snapshotIndex: updateIncreasingly 42 -> 45
2025-07-19 06:07:23,958 [e4fa6cd0-dc30-4550-b12f-023a3466045b@group-7FD69FEA80D4-StateMachineUpdater] INFO  ratis.ContainerStateMachine (ContainerStateMachine.java:takeSnapshot(427)) - group-7FD69FEA80D4: Taking a snapshot at:(t:1, i:49) file /home/runner/work/ozone/ozone/hadoop-ozone/integration-test/target/test-dir/MiniOzoneClusterImpl-09c4c6e1-5ab0-4195-ac7b-5aec6defaa36/ozone-meta/datanode-9/ratis/621783e2-3d2d-4ffd-8d5f-7fd69fea80d4/sm/snapshot.1_49
2025-07-19 06:07:23,959 [e4fa6cd0-dc30-4550-b12f-023a3466045b-ChunkWriter-0-0] WARN  helpers.ChunkUtils (ChunkUtils.java:validateChunkForOverwrite(378)) - Duplicate write chunk request. Chunk overwrite without explicit request. ChunkInfo{chunkName='115816896921600004.data.0, offset=0, len=5}
2025-07-19 06:07:23,960 [e4fa6cd0-dc30-4550-b12f-023a3466045b@group-7FD69FEA80D4-StateMachineUpdater] INFO  ratis.ContainerStateMachine (ContainerStateMachine.java:takeSnapshot(436)) - group-7FD69FEA80D4: Finished taking a snapshot at:(t:1, i:49) file:/home/runner/work/ozone/ozone/hadoop-ozone/integration-test/target/test-dir/MiniOzoneClusterImpl-09c4c6e1-5ab0-4195-ac7b-5aec6defaa36/ozone-meta/datanode-9/ratis/621783e2-3d2d-4ffd-8d5f-7fd69fea80d4/sm/snapshot.1_49 took: 1 ms
2025-07-19 06:07:23,961 [e4fa6cd0-dc30-4550-b12f-023a3466045b@group-7FD69FEA80D4-StateMachineUpdater] INFO  impl.SimpleStateMachineStorage (SimpleStateMachineStorage.java:lambda$cleanupOldSnapshots$1(126)) - Deleting old snapshot at /home/runner/work/ozone/ozone/hadoop-ozone/integration-test/target/test-dir/MiniOzoneClusterImpl-09c4c6e1-5ab0-4195-ac7b-5aec6defaa36/ozone-meta/datanode-9/ratis/621783e2-3d2d-4ffd-8d5f-7fd69fea80d4/sm/snapshot.1_29
2025-07-19 06:07:23,961 [e4fa6cd0-dc30-4550-b12f-023a3466045b@group-7FD69FEA80D4-StateMachineUpdater] INFO  impl.StateMachineUpdater (StateMachineUpdater.java:takeSnapshot(307)) - e4fa6cd0-dc30-4550-b12f-023a3466045b@group-7FD69FEA80D4-StateMachineUpdater: Took a snapshot at index 49
2025-07-19 06:07:23,961 [e4fa6cd0-dc30-4550-b12f-023a3466045b@group-7FD69FEA80D4-StateMachineUpdater] INFO  impl.StateMachineUpdater (StateMachineUpdater.java:lambda$new$0(101)) - e4fa6cd0-dc30-4550-b12f-023a3466045b@group-7FD69FEA80D4-StateMachineUpdater: snapshotIndex: updateIncreasingly 45 -> 49
2025-07-19 06:07:23,961 [e4fa6cd0-dc30-4550-b12f-023a3466045b-ChunkWriter-0-0] WARN  helpers.ChunkUtils (ChunkUtils.java:validateChunkForOverwrite(378)) - Duplicate write chunk request. Chunk overwrite without explicit request. ChunkInfo{chunkName='115816896921600004.data.0, offset=0, len=5}
2025-07-19 06:07:23,962 [e4fa6cd0-dc30-4550-b12f-023a3466045b@group-7FD69FEA80D4-StateMachineUpdater] INFO  ratis.ContainerStateMachine (ContainerStateMachine.java:takeSnapshot(427)) - group-7FD69FEA80D4: Taking a snapshot at:(t:1, i:52) file /home/runner/work/ozone/ozone/hadoop-ozone/integration-test/target/test-dir/MiniOzoneClusterImpl-09c4c6e1-5ab0-4195-ac7b-5aec6defaa36/ozone-meta/datanode-9/ratis/621783e2-3d2d-4ffd-8d5f-7fd69fea80d4/sm/snapshot.1_52
2025-07-19 06:07:23,962 [e4fa6cd0-dc30-4550-b12f-023a3466045b-ChunkWriter-0-0] WARN  helpers.ChunkUtils (ChunkUtils.java:validateChunkForOverwrite(378)) - Duplicate write chunk request. Chunk overwrite without explicit request. ChunkInfo{chunkName='115816896921600004.data.0, offset=0, len=5}
2025-07-19 06:07:23,963 [e4fa6cd0-dc30-4550-b12f-023a3466045b-ChunkWriter-0-0] WARN  helpers.ChunkUtils (ChunkUtils.java:validateChunkForOverwrite(378)) - Duplicate write chunk request. Chunk overwrite without explicit request. ChunkInfo{chunkName='115816896921600004.data.0, offset=0, len=5}
2025-07-19 06:07:23,963 [e4fa6cd0-dc30-4550-b12f-023a3466045b@group-7FD69FEA80D4-StateMachineUpdater] INFO  ratis.ContainerStateMachine (ContainerStateMachine.java:takeSnapshot(436)) - group-7FD69FEA80D4: Finished taking a snapshot at:(t:1, i:52) file:/home/runner/work/ozone/ozone/hadoop-ozone/integration-test/target/test-dir/MiniOzoneClusterImpl-09c4c6e1-5ab0-4195-ac7b-5aec6defaa36/ozone-meta/datanode-9/ratis/621783e2-3d2d-4ffd-8d5f-7fd69fea80d4/sm/snapshot.1_52 took: 2 ms
2025-07-19 06:07:23,964 [e4fa6cd0-dc30-4550-b12f-023a3466045b@group-7FD69FEA80D4-StateMachineUpdater] INFO  impl.SimpleStateMachineStorage (SimpleStateMachineStorage.java:lambda$cleanupOldSnapshots$1(126)) - Deleting old snapshot at /home/runner/work/ozone/ozone/hadoop-ozone/integration-test/target/test-dir/MiniOzoneClusterImpl-09c4c6e1-5ab0-4195-ac7b-5aec6defaa36/ozone-meta/datanode-9/ratis/621783e2-3d2d-4ffd-8d5f-7fd69fea80d4/sm/snapshot.1_32
2025-07-19 06:07:23,964 [e4fa6cd0-dc30-4550-b12f-023a3466045b@group-7FD69FEA80D4-StateMachineUpdater] INFO  impl.StateMachineUpdater (StateMachineUpdater.java:takeSnapshot(307)) - e4fa6cd0-dc30-4550-b12f-023a3466045b@group-7FD69FEA80D4-StateMachineUpdater: Took a snapshot at index 52
2025-07-19 06:07:23,964 [e4fa6cd0-dc30-4550-b12f-023a3466045b@group-7FD69FEA80D4-StateMachineUpdater] INFO  impl.StateMachineUpdater (StateMachineUpdater.java:lambda$new$0(101)) - e4fa6cd0-dc30-4550-b12f-023a3466045b@group-7FD69FEA80D4-StateMachineUpdater: snapshotIndex: updateIncreasingly 49 -> 52
2025-07-19 06:07:23,964 [e4fa6cd0-dc30-4550-b12f-023a3466045b-ChunkWriter-0-0] WARN  helpers.ChunkUtils (ChunkUtils.java:validateChunkForOverwrite(378)) - Duplicate write chunk request. Chunk overwrite without explicit request. ChunkInfo{chunkName='115816896921600004.data.0, offset=0, len=5}
2025-07-19 06:07:23,965 [e4fa6cd0-dc30-4550-b12f-023a3466045b-ChunkWriter-0-0] WARN  helpers.ChunkUtils (ChunkUtils.java:validateChunkForOverwrite(378)) - Duplicate write chunk request. Chunk overwrite without explicit request. ChunkInfo{chunkName='115816896921600004.data.0, offset=0, len=5}
2025-07-19 06:07:23,966 [e4fa6cd0-dc30-4550-b12f-023a3466045b@group-7FD69FEA80D4-StateMachineUpdater] INFO  ratis.ContainerStateMachine (ContainerStateMachine.java:takeSnapshot(427)) - group-7FD69FEA80D4: Taking a snapshot at:(t:1, i:57) file /home/runner/work/ozone/ozone/hadoop-ozone/integration-test/target/test-dir/MiniOzoneClusterImpl-09c4c6e1-5ab0-4195-ac7b-5aec6defaa36/ozone-meta/datanode-9/ratis/621783e2-3d2d-4ffd-8d5f-7fd69fea80d4/sm/snapshot.1_57
2025-07-19 06:07:23,966 [e4fa6cd0-dc30-4550-b12f-023a3466045b-ChunkWriter-0-0] WARN  helpers.ChunkUtils (ChunkUtils.java:validateChunkForOverwrite(378)) - Duplicate write chunk request. Chunk overwrite without explicit request. ChunkInfo{chunkName='115816896921600004.data.0, offset=0, len=5}
2025-07-19 06:07:23,967 [e4fa6cd0-dc30-4550-b12f-023a3466045b@group-7FD69FEA80D4-StateMachineUpdater] INFO  ratis.ContainerStateMachine (ContainerStateMachine.java:takeSnapshot(436)) - group-7FD69FEA80D4: Finished taking a snapshot at:(t:1, i:57) file:/home/runner/work/ozone/ozone/hadoop-ozone/integration-test/target/test-dir/MiniOzoneClusterImpl-09c4c6e1-5ab0-4195-ac7b-5aec6defaa36/ozone-meta/datanode-9/ratis/621783e2-3d2d-4ffd-8d5f-7fd69fea80d4/sm/snapshot.1_57 took: 1 ms
2025-07-19 06:07:23,968 [e4fa6cd0-dc30-4550-b12f-023a3466045b@group-7FD69FEA80D4-StateMachineUpdater] INFO  impl.SimpleStateMachineStorage (SimpleStateMachineStorage.java:lambda$cleanupOldSnapshots$1(126)) - Deleting old snapshot at /home/runner/work/ozone/ozone/hadoop-ozone/integration-test/target/test-dir/MiniOzoneClusterImpl-09c4c6e1-5ab0-4195-ac7b-5aec6defaa36/ozone-meta/datanode-9/ratis/621783e2-3d2d-4ffd-8d5f-7fd69fea80d4/sm/snapshot.1_35
2025-07-19 06:07:23,968 [e4fa6cd0-dc30-4550-b12f-023a3466045b@group-7FD69FEA80D4-StateMachineUpdater] INFO  impl.StateMachineUpdater (StateMachineUpdater.java:takeSnapshot(307)) - e4fa6cd0-dc30-4550-b12f-023a3466045b@group-7FD69FEA80D4-StateMachineUpdater: Took a snapshot at index 57
2025-07-19 06:07:23,968 [e4fa6cd0-dc30-4550-b12f-023a3466045b@group-7FD69FEA80D4-StateMachineUpdater] INFO  impl.StateMachineUpdater (StateMachineUpdater.java:lambda$new$0(101)) - e4fa6cd0-dc30-4550-b12f-023a3466045b@group-7FD69FEA80D4-StateMachineUpdater: snapshotIndex: updateIncreasingly 52 -> 57
2025-07-19 06:07:23,968 [e4fa6cd0-dc30-4550-b12f-023a3466045b-ChunkWriter-0-0] WARN  helpers.ChunkUtils (ChunkUtils.java:validateChunkForOverwrite(378)) - Duplicate write chunk request. Chunk overwrite without explicit request. ChunkInfo{chunkName='115816896921600004.data.0, offset=0, len=5}
2025-07-19 06:07:23,970 [e4fa6cd0-dc30-4550-b12f-023a3466045b-ChunkWriter-0-0] WARN  helpers.ChunkUtils (ChunkUtils.java:validateChunkForOverwrite(378)) - Duplicate write chunk request. Chunk overwrite without explicit request. ChunkInfo{chunkName='115816896921600004.data.0, offset=0, len=5}
2025-07-19 06:07:23,970 [e4fa6cd0-dc30-4550-b12f-023a3466045b@group-7FD69FEA80D4-StateMachineUpdater] INFO  ratis.ContainerStateMachine (ContainerStateMachine.java:takeSnapshot(427)) - group-7FD69FEA80D4: Taking a snapshot at:(t:1, i:64) file /home/runner/work/ozone/ozone/hadoop-ozone/integration-test/target/test-dir/MiniOzoneClusterImpl-09c4c6e1-5ab0-4195-ac7b-5aec6defaa36/ozone-meta/datanode-9/ratis/621783e2-3d2d-4ffd-8d5f-7fd69fea80d4/sm/snapshot.1_64
2025-07-19 06:07:23,971 [e4fa6cd0-dc30-4550-b12f-023a3466045b-ChunkWriter-0-0] WARN  helpers.ChunkUtils (ChunkUtils.java:validateChunkForOverwrite(378)) - Duplicate write chunk request. Chunk overwrite without explicit request. ChunkInfo{chunkName='115816896921600004.data.0, offset=0, len=5}
2025-07-19 06:07:23,972 [e4fa6cd0-dc30-4550-b12f-023a3466045b@group-7FD69FEA80D4-StateMachineUpdater] INFO  ratis.ContainerStateMachine (ContainerStateMachine.java:takeSnapshot(436)) - group-7FD69FEA80D4: Finished taking a snapshot at:(t:1, i:64) file:/home/runner/work/ozone/ozone/hadoop-ozone/integration-test/target/test-dir/MiniOzoneClusterImpl-09c4c6e1-5ab0-4195-ac7b-5aec6defaa36/ozone-meta/datanode-9/ratis/621783e2-3d2d-4ffd-8d5f-7fd69fea80d4/sm/snapshot.1_64 took: 1 ms
2025-07-19 06:07:23,972 [e4fa6cd0-dc30-4550-b12f-023a3466045b@group-7FD69FEA80D4-StateMachineUpdater] INFO  impl.SimpleStateMachineStorage (SimpleStateMachineStorage.java:lambda$cleanupOldSnapshots$1(126)) - Deleting old snapshot at /home/runner/work/ozone/ozone/hadoop-ozone/integration-test/target/test-dir/MiniOzoneClusterImpl-09c4c6e1-5ab0-4195-ac7b-5aec6defaa36/ozone-meta/datanode-9/ratis/621783e2-3d2d-4ffd-8d5f-7fd69fea80d4/sm/snapshot.1_42
2025-07-19 06:07:23,972 [e4fa6cd0-dc30-4550-b12f-023a3466045b@group-7FD69FEA80D4-StateMachineUpdater] INFO  impl.StateMachineUpdater (StateMachineUpdater.java:takeSnapshot(307)) - e4fa6cd0-dc30-4550-b12f-023a3466045b@group-7FD69FEA80D4-StateMachineUpdater: Took a snapshot at index 64
2025-07-19 06:07:23,972 [e4fa6cd0-dc30-4550-b12f-023a3466045b-ChunkWriter-0-0] WARN  helpers.ChunkUtils (ChunkUtils.java:validateChunkForOverwrite(378)) - Duplicate write chunk request. Chunk overwrite without explicit request. ChunkInfo{chunkName='115816896921600004.data.0, offset=0, len=5}
2025-07-19 06:07:23,973 [e4fa6cd0-dc30-4550-b12f-023a3466045b@group-7FD69FEA80D4-StateMachineUpdater] INFO  impl.StateMachineUpdater (StateMachineUpdater.java:lambda$new$0(101)) - e4fa6cd0-dc30-4550-b12f-023a3466045b@group-7FD69FEA80D4-StateMachineUpdater: snapshotIndex: updateIncreasingly 57 -> 64
2025-07-19 06:07:23,974 [e4fa6cd0-dc30-4550-b12f-023a3466045b@group-7FD69FEA80D4-StateMachineUpdater] INFO  ratis.ContainerStateMachine (ContainerStateMachine.java:takeSnapshot(427)) - group-7FD69FEA80D4: Taking a snapshot at:(t:1, i:67) file /home/runner/work/ozone/ozone/hadoop-ozone/integration-test/target/test-dir/MiniOzoneClusterImpl-09c4c6e1-5ab0-4195-ac7b-5aec6defaa36/ozone-meta/datanode-9/ratis/621783e2-3d2d-4ffd-8d5f-7fd69fea80d4/sm/snapshot.1_67
2025-07-19 06:07:23,974 [e4fa6cd0-dc30-4550-b12f-023a3466045b-ChunkWriter-0-0] WARN  helpers.ChunkUtils (ChunkUtils.java:validateChunkForOverwrite(378)) - Duplicate write chunk request. Chunk overwrite without explicit request. ChunkInfo{chunkName='115816896921600004.data.0, offset=0, len=5}
2025-07-19 06:07:23,975 [e4fa6cd0-dc30-4550-b12f-023a3466045b-ChunkWriter-0-0] WARN  helpers.ChunkUtils (ChunkUtils.java:validateChunkForOverwrite(378)) - Duplicate write chunk request. Chunk overwrite without explicit request. ChunkInfo{chunkName='115816896921600004.data.0, offset=0, len=5}
2025-07-19 06:07:23,975 [e4fa6cd0-dc30-4550-b12f-023a3466045b@group-7FD69FEA80D4-StateMachineUpdater] INFO  ratis.ContainerStateMachine (ContainerStateMachine.java:takeSnapshot(436)) - group-7FD69FEA80D4: Finished taking a snapshot at:(t:1, i:67) file:/home/runner/work/ozone/ozone/hadoop-ozone/integration-test/target/test-dir/MiniOzoneClusterImpl-09c4c6e1-5ab0-4195-ac7b-5aec6defaa36/ozone-meta/datanode-9/ratis/621783e2-3d2d-4ffd-8d5f-7fd69fea80d4/sm/snapshot.1_67 took: 2 ms
2025-07-19 06:07:23,976 [e4fa6cd0-dc30-4550-b12f-023a3466045b@group-7FD69FEA80D4-StateMachineUpdater] INFO  impl.SimpleStateMachineStorage (SimpleStateMachineStorage.java:lambda$cleanupOldSnapshots$1(126)) - Deleting old snapshot at /home/runner/work/ozone/ozone/hadoop-ozone/integration-test/target/test-dir/MiniOzoneClusterImpl-09c4c6e1-5ab0-4195-ac7b-5aec6defaa36/ozone-meta/datanode-9/ratis/621783e2-3d2d-4ffd-8d5f-7fd69fea80d4/sm/snapshot.1_45
2025-07-19 06:07:23,976 [e4fa6cd0-dc30-4550-b12f-023a3466045b@group-7FD69FEA80D4-StateMachineUpdater] INFO  impl.StateMachineUpdater (StateMachineUpdater.java:takeSnapshot(307)) - e4fa6cd0-dc30-4550-b12f-023a3466045b@group-7FD69FEA80D4-StateMachineUpdater: Took a snapshot at index 67
2025-07-19 06:07:23,976 [e4fa6cd0-dc30-4550-b12f-023a3466045b@group-7FD69FEA80D4-StateMachineUpdater] INFO  impl.StateMachineUpdater (StateMachineUpdater.java:lambda$new$0(101)) - e4fa6cd0-dc30-4550-b12f-023a3466045b@group-7FD69FEA80D4-StateMachineUpdater: snapshotIndex: updateIncreasingly 64 -> 67
2025-07-19 06:07:23,976 [e4fa6cd0-dc30-4550-b12f-023a3466045b-ChunkWriter-0-0] WARN  helpers.ChunkUtils (ChunkUtils.java:validateChunkForOverwrite(378)) - Duplicate write chunk request. Chunk overwrite without explicit request. ChunkInfo{chunkName='115816896921600004.data.0, offset=0, len=5}
2025-07-19 06:07:23,977 [e4fa6cd0-dc30-4550-b12f-023a3466045b@group-7FD69FEA80D4-StateMachineUpdater] INFO  ratis.ContainerStateMachine (ContainerStateMachine.java:takeSnapshot(427)) - group-7FD69FEA80D4: Taking a snapshot at:(t:1, i:72) file /home/runner/work/ozone/ozone/hadoop-ozone/integration-test/target/test-dir/MiniOzoneClusterImpl-09c4c6e1-5ab0-4195-ac7b-5aec6defaa36/ozone-meta/datanode-9/ratis/621783e2-3d2d-4ffd-8d5f-7fd69fea80d4/sm/snapshot.1_72
2025-07-19 06:07:23,978 [e4fa6cd0-dc30-4550-b12f-023a3466045b-ChunkWriter-0-0] WARN  helpers.ChunkUtils (ChunkUtils.java:validateChunkForOverwrite(378)) - Duplicate write chunk request. Chunk overwrite without explicit request. ChunkInfo{chunkName='115816896921600004.data.0, offset=0, len=5}
2025-07-19 06:07:23,979 [e4fa6cd0-dc30-4550-b12f-023a3466045b-ChunkWriter-0-0] WARN  helpers.ChunkUtils (ChunkUtils.java:validateChunkForOverwrite(378)) - Duplicate write chunk request. Chunk overwrite without explicit request. ChunkInfo{chunkName='115816896921600004.data.0, offset=0, len=5}
2025-07-19 06:07:23,979 [e4fa6cd0-dc30-4550-b12f-023a3466045b@group-7FD69FEA80D4-StateMachineUpdater] INFO  ratis.ContainerStateMachine (ContainerStateMachine.java:takeSnapshot(436)) - group-7FD69FEA80D4: Finished taking a snapshot at:(t:1, i:72) file:/home/runner/work/ozone/ozone/hadoop-ozone/integration-test/target/test-dir/MiniOzoneClusterImpl-09c4c6e1-5ab0-4195-ac7b-5aec6defaa36/ozone-meta/datanode-9/ratis/621783e2-3d2d-4ffd-8d5f-7fd69fea80d4/sm/snapshot.1_72 took: 2 ms
2025-07-19 06:07:23,980 [e4fa6cd0-dc30-4550-b12f-023a3466045b@group-7FD69FEA80D4-StateMachineUpdater] INFO  impl.SimpleStateMachineStorage (SimpleStateMachineStorage.java:lambda$cleanupOldSnapshots$1(126)) - Deleting old snapshot at /home/runner/work/ozone/ozone/hadoop-ozone/integration-test/target/test-dir/MiniOzoneClusterImpl-09c4c6e1-5ab0-4195-ac7b-5aec6defaa36/ozone-meta/datanode-9/ratis/621783e2-3d2d-4ffd-8d5f-7fd69fea80d4/sm/snapshot.1_49
2025-07-19 06:07:23,980 [e4fa6cd0-dc30-4550-b12f-023a3466045b@group-7FD69FEA80D4-StateMachineUpdater] INFO  impl.StateMachineUpdater (StateMachineUpdater.java:takeSnapshot(307)) - e4fa6cd0-dc30-4550-b12f-023a3466045b@group-7FD69FEA80D4-StateMachineUpdater: Took a snapshot at index 72
2025-07-19 06:07:23,980 [e4fa6cd0-dc30-4550-b12f-023a3466045b@group-7FD69FEA80D4-StateMachineUpdater] INFO  impl.StateMachineUpdater (StateMachineUpdater.java:lambda$new$0(101)) - e4fa6cd0-dc30-4550-b12f-023a3466045b@group-7FD69FEA80D4-StateMachineUpdater: snapshotIndex: updateIncreasingly 67 -> 72
2025-07-19 06:07:23,980 [e4fa6cd0-dc30-4550-b12f-023a3466045b-ChunkWriter-0-0] WARN  helpers.ChunkUtils (ChunkUtils.java:validateChunkForOverwrite(378)) - Duplicate write chunk request. Chunk overwrite without explicit request. ChunkInfo{chunkName='115816896921600004.data.0, offset=0, len=5}
2025-07-19 06:07:23,981 [e4fa6cd0-dc30-4550-b12f-023a3466045b-ChunkWriter-0-0] WARN  helpers.ChunkUtils (ChunkUtils.java:validateChunkForOverwrite(378)) - Duplicate write chunk request. Chunk overwrite without explicit request. ChunkInfo{chunkName='115816896921600004.data.0, offset=0, len=5}
2025-07-19 06:07:23,982 [e4fa6cd0-dc30-4550-b12f-023a3466045b@group-7FD69FEA80D4-StateMachineUpdater] INFO  ratis.ContainerStateMachine (ContainerStateMachine.java:takeSnapshot(427)) - group-7FD69FEA80D4: Taking a snapshot at:(t:1, i:82) file /home/runner/work/ozone/ozone/hadoop-ozone/integration-test/target/test-dir/MiniOzoneClusterImpl-09c4c6e1-5ab0-4195-ac7b-5aec6defaa36/ozone-meta/datanode-9/ratis/621783e2-3d2d-4ffd-8d5f-7fd69fea80d4/sm/snapshot.1_82
2025-07-19 06:07:23,983 [e4fa6cd0-dc30-4550-b12f-023a3466045b-ChunkWriter-0-0] WARN  helpers.ChunkUtils (ChunkUtils.java:validateChunkForOverwrite(378)) - Duplicate write chunk request. Chunk overwrite without explicit request. ChunkInfo{chunkName='115816896921600004.data.0, offset=0, len=5}
2025-07-19 06:07:23,983 [e4fa6cd0-dc30-4550-b12f-023a3466045b@group-7FD69FEA80D4-StateMachineUpdater] INFO  ratis.ContainerStateMachine (ContainerStateMachine.java:takeSnapshot(436)) - group-7FD69FEA80D4: Finished taking a snapshot at:(t:1, i:82) file:/home/runner/work/ozone/ozone/hadoop-ozone/integration-test/target/test-dir/MiniOzoneClusterImpl-09c4c6e1-5ab0-4195-ac7b-5aec6defaa36/ozone-meta/datanode-9/ratis/621783e2-3d2d-4ffd-8d5f-7fd69fea80d4/sm/snapshot.1_82 took: 2 ms
2025-07-19 06:07:23,984 [e4fa6cd0-dc30-4550-b12f-023a3466045b@group-7FD69FEA80D4-StateMachineUpdater] INFO  impl.SimpleStateMachineStorage (SimpleStateMachineStorage.java:lambda$cleanupOldSnapshots$1(126)) - Deleting old snapshot at /home/runner/work/ozone/ozone/hadoop-ozone/integration-test/target/test-dir/MiniOzoneClusterImpl-09c4c6e1-5ab0-4195-ac7b-5aec6defaa36/ozone-meta/datanode-9/ratis/621783e2-3d2d-4ffd-8d5f-7fd69fea80d4/sm/snapshot.1_52
2025-07-19 06:07:23,984 [e4fa6cd0-dc30-4550-b12f-023a3466045b-ChunkWriter-0-0] WARN  helpers.ChunkUtils (ChunkUtils.java:validateChunkForOverwrite(378)) - Duplicate write chunk request. Chunk overwrite without explicit request. ChunkInfo{chunkName='115816896921600004.data.0, offset=0, len=5}
2025-07-19 06:07:23,984 [e4fa6cd0-dc30-4550-b12f-023a3466045b@group-7FD69FEA80D4-StateMachineUpdater] INFO  impl.StateMachineUpdater (StateMachineUpdater.java:takeSnapshot(307)) - e4fa6cd0-dc30-4550-b12f-023a3466045b@group-7FD69FEA80D4-StateMachineUpdater: Took a snapshot at index 82
2025-07-19 06:07:23,984 [e4fa6cd0-dc30-4550-b12f-023a3466045b@group-7FD69FEA80D4-StateMachineUpdater] INFO  impl.StateMachineUpdater (StateMachineUpdater.java:lambda$new$0(101)) - e4fa6cd0-dc30-4550-b12f-023a3466045b@group-7FD69FEA80D4-StateMachineUpdater: snapshotIndex: updateIncreasingly 72 -> 82
2025-07-19 06:07:23,985 [e4fa6cd0-dc30-4550-b12f-023a3466045b-ChunkWriter-0-0] WARN  helpers.ChunkUtils (ChunkUtils.java:validateChunkForOverwrite(378)) - Duplicate write chunk request. Chunk overwrite without explicit request. ChunkInfo{chunkName='115816896921600004.data.0, offset=0, len=5}
2025-07-19 06:07:23,987 [e4fa6cd0-dc30-4550-b12f-023a3466045b@group-7FD69FEA80D4-StateMachineUpdater] INFO  ratis.ContainerStateMachine (ContainerStateMachine.java:takeSnapshot(427)) - group-7FD69FEA80D4: Taking a snapshot at:(t:1, i:85) file /home/runner/work/ozone/ozone/hadoop-ozone/integration-test/target/test-dir/MiniOzoneClusterImpl-09c4c6e1-5ab0-4195-ac7b-5aec6defaa36/ozone-meta/datanode-9/ratis/621783e2-3d2d-4ffd-8d5f-7fd69fea80d4/sm/snapshot.1_85
2025-07-19 06:07:23,988 [e4fa6cd0-dc30-4550-b12f-023a3466045b-ChunkWriter-0-0] WARN  helpers.ChunkUtils (ChunkUtils.java:validateChunkForOverwrite(378)) - Duplicate write chunk request. Chunk overwrite without explicit request. ChunkInfo{chunkName='115816896921600004.data.0, offset=0, len=5}
2025-07-19 06:07:23,989 [e4fa6cd0-dc30-4550-b12f-023a3466045b@group-7FD69FEA80D4-StateMachineUpdater] INFO  ratis.ContainerStateMachine (ContainerStateMachine.java:takeSnapshot(436)) - group-7FD69FEA80D4: Finished taking a snapshot at:(t:1, i:85) file:/home/runner/work/ozone/ozone/hadoop-ozone/integration-test/target/test-dir/MiniOzoneClusterImpl-09c4c6e1-5ab0-4195-ac7b-5aec6defaa36/ozone-meta/datanode-9/ratis/621783e2-3d2d-4ffd-8d5f-7fd69fea80d4/sm/snapshot.1_85 took: 2 ms
2025-07-19 06:07:23,989 [e4fa6cd0-dc30-4550-b12f-023a3466045b@group-7FD69FEA80D4-StateMachineUpdater] INFO  impl.SimpleStateMachineStorage (SimpleStateMachineStorage.java:lambda$cleanupOldSnapshots$1(126)) - Deleting old snapshot at /home/runner/work/ozone/ozone/hadoop-ozone/integration-test/target/test-dir/MiniOzoneClusterImpl-09c4c6e1-5ab0-4195-ac7b-5aec6defaa36/ozone-meta/datanode-9/ratis/621783e2-3d2d-4ffd-8d5f-7fd69fea80d4/sm/snapshot.1_57
2025-07-19 06:07:23,989 [e4fa6cd0-dc30-4550-b12f-023a3466045b-ChunkWriter-0-0] WARN  helpers.ChunkUtils (ChunkUtils.java:validateChunkForOverwrite(378)) - Duplicate write chunk request. Chunk overwrite without explicit request. ChunkInfo{chunkName='115816896921600004.data.0, offset=0, len=5}
2025-07-19 06:07:23,990 [e4fa6cd0-dc30-4550-b12f-023a3466045b@group-7FD69FEA80D4-StateMachineUpdater] INFO  impl.StateMachineUpdater (StateMachineUpdater.java:takeSnapshot(307)) - e4fa6cd0-dc30-4550-b12f-023a3466045b@group-7FD69FEA80D4-StateMachineUpdater: Took a snapshot at index 85
2025-07-19 06:07:23,990 [e4fa6cd0-dc30-4550-b12f-023a3466045b@group-7FD69FEA80D4-StateMachineUpdater] INFO  impl.StateMachineUpdater (StateMachineUpdater.java:lambda$new$0(101)) - e4fa6cd0-dc30-4550-b12f-023a3466045b@group-7FD69FEA80D4-StateMachineUpdater: snapshotIndex: updateIncreasingly 82 -> 85
2025-07-19 06:07:23,992 [e4fa6cd0-dc30-4550-b12f-023a3466045b-ChunkWriter-0-0] WARN  helpers.ChunkUtils (ChunkUtils.java:validateChunkForOverwrite(378)) - Duplicate write chunk request. Chunk overwrite without explicit request. ChunkInfo{chunkName='115816896921600004.data.0, offset=0, len=5}
2025-07-19 06:07:23,992 [e4fa6cd0-dc30-4550-b12f-023a3466045b-ChunkWriter-0-0] WARN  helpers.ChunkUtils (ChunkUtils.java:validateChunkForOverwrite(378)) - Duplicate write chunk request. Chunk overwrite without explicit request. ChunkInfo{chunkName='115816896921600004.data.0, offset=0, len=5}
2025-07-19T06:07:23.995951240Z e4fa6cd0-dc30-4550-b12f-023a3466045b-client-thread1 ERROR user=null | ip=null | op=WRITE_CHUNK {blockData=conID: 4 locID: 115816896921600004 bcsId: 0 replicaIndex: null, offset=0, size=5} | ret=FAILURE
org.apache.hadoop.hdds.scm.container.common.helpers.ContainerNotOpenException: Container 4 in CLOSING state
	at org.apache.hadoop.ozone.container.common.impl.HddsDispatcher.validateContainerCommand(HddsDispatcher.java:580)
	at org.apache.hadoop.ozone.container.common.transport.server.ratis.ContainerStateMachine.startTransaction(ContainerStateMachine.java:488)
	at org.apache.ratis.server.impl.RaftServerImpl.writeAsyncImpl(RaftServerImpl.java:987)
	at org.apache.ratis.server.impl.RaftServerImpl.writeAsync(RaftServerImpl.java:960)
	at org.apache.ratis.server.impl.RaftServerImpl.replyFuture(RaftServerImpl.java:953)
	at org.apache.ratis.server.impl.RaftServerImpl.submitClientRequestAsync(RaftServerImpl.java:930)
	at org.apache.ratis.server.impl.RaftServerImpl.lambda$null$11(RaftServerImpl.java:919)
	at org.apache.ratis.util.JavaUtils.callAsUnchecked(JavaUtils.java:118)
	at org.apache.ratis.server.impl.RaftServerImpl.lambda$executeSubmitClientRequestAsync$12(RaftServerImpl.java:919)
	at java.base/java.util.concurrent.CompletableFuture$AsyncSupply.run(CompletableFuture.java:1768)
	at java.base/java.util.concurrent.ThreadPoolExecutor.runWorker(ThreadPoolExecutor.java:1144)
	at java.base/java.util.concurrent.ThreadPoolExecutor$Worker.run(ThreadPoolExecutor.java:642)
	at java.base/java.lang.Thread.run(Thread.java:1583)
2025-07-19T06:07:23.997067349Z e4fa6cd0-dc30-4550-b12f-023a3466045b-client-thread1 ERROR user=null | ip=null | op=WRITE_CHUNK {blockData=conID: 4 locID: 115816896921600004 bcsId: 0 replicaIndex: null, offset=0, size=5} | ret=FAILURE
org.apache.hadoop.hdds.scm.container.common.helpers.ContainerNotOpenException: Container 4 in CLOSING state
	at org.apache.hadoop.ozone.container.common.impl.HddsDispatcher.validateContainerCommand(HddsDispatcher.java:580)
	at org.apache.hadoop.ozone.container.common.transport.server.ratis.ContainerStateMachine.startTransaction(ContainerStateMachine.java:488)
	at org.apache.ratis.server.impl.RaftServerImpl.writeAsyncImpl(RaftServerImpl.java:987)
	at org.apache.ratis.server.impl.RaftServerImpl.writeAsync(RaftServerImpl.java:960)
	at org.apache.ratis.server.impl.RaftServerImpl.replyFuture(RaftServerImpl.java:953)
	at org.apache.ratis.server.impl.RaftServerImpl.submitClientRequestAsync(RaftServerImpl.java:930)
	at org.apache.ratis.server.impl.RaftServerImpl.lambda$null$11(RaftServerImpl.java:919)
	at org.apache.ratis.util.JavaUtils.callAsUnchecked(JavaUtils.java:118)
	at org.apache.ratis.server.impl.RaftServerImpl.lambda$executeSubmitClientRequestAsync$12(RaftServerImpl.java:919)
	at java.base/java.util.concurrent.CompletableFuture$AsyncSupply.run(CompletableFuture.java:1768)
	at java.base/java.util.concurrent.ThreadPoolExecutor.runWorker(ThreadPoolExecutor.java:1144)
	at java.base/java.util.concurrent.ThreadPoolExecutor$Worker.run(ThreadPoolExecutor.java:642)
	at java.base/java.lang.Thread.run(Thread.java:1583)
2025-07-19T06:07:23.997873594Z e4fa6cd0-dc30-4550-b12f-023a3466045b-client-thread1 ERROR user=null | ip=null | op=WRITE_CHUNK {blockData=conID: 4 locID: 115816896921600004 bcsId: 0 replicaIndex: null, offset=0, size=5} | ret=FAILURE
org.apache.hadoop.hdds.scm.container.common.helpers.ContainerNotOpenException: Container 4 in CLOSING state
	at org.apache.hadoop.ozone.container.common.impl.HddsDispatcher.validateContainerCommand(HddsDispatcher.java:580)
	at org.apache.hadoop.ozone.container.common.transport.server.ratis.ContainerStateMachine.startTransaction(ContainerStateMachine.java:488)
	at org.apache.ratis.server.impl.RaftServerImpl.writeAsyncImpl(RaftServerImpl.java:987)
	at org.apache.ratis.server.impl.RaftServerImpl.writeAsync(RaftServerImpl.java:960)
	at org.apache.ratis.server.impl.RaftServerImpl.replyFuture(RaftServerImpl.java:953)
	at org.apache.ratis.server.impl.RaftServerImpl.submitClientRequestAsync(RaftServerImpl.java:930)
	at org.apache.ratis.server.impl.RaftServerImpl.lambda$null$11(RaftServerImpl.java:919)
	at org.apache.ratis.util.JavaUtils.callAsUnchecked(JavaUtils.java:118)
	at org.apache.ratis.server.impl.RaftServerImpl.lambda$executeSubmitClientRequestAsync$12(RaftServerImpl.java:919)
	at java.base/java.util.concurrent.CompletableFuture$AsyncSupply.run(CompletableFuture.java:1768)
	at java.base/java.util.concurrent.ThreadPoolExecutor.runWorker(ThreadPoolExecutor.java:1144)
	at java.base/java.util.concurrent.ThreadPoolExecutor$Worker.run(ThreadPoolExecutor.java:642)
	at java.base/java.lang.Thread.run(Thread.java:1583)
2025-07-19 06:07:23,998 [e4fa6cd0-dc30-4550-b12f-023a3466045b-ContainerOp-621783e2-3d2d-4ffd-8d5f-7fd69fea80d4-6] WARN  keyvalue.KeyValueHandler (KeyValueHandler.java:updateAndGetContainerChecksum(1451)) - Container data checksum updated from 0 to c25bf9a6
2025-07-19T06:07:23.998819040Z e4fa6cd0-dc30-4550-b12f-023a3466045b-client-thread1 ERROR user=null | ip=null | op=WRITE_CHUNK {blockData=conID: 4 locID: 115816896921600004 bcsId: 0 replicaIndex: null, offset=0, size=5} | ret=FAILURE
org.apache.hadoop.hdds.scm.container.common.helpers.ContainerNotOpenException: Container 4 in CLOSING state
	at org.apache.hadoop.ozone.container.common.impl.HddsDispatcher.validateContainerCommand(HddsDispatcher.java:580)
	at org.apache.hadoop.ozone.container.common.transport.server.ratis.ContainerStateMachine.startTransaction(ContainerStateMachine.java:488)
	at org.apache.ratis.server.impl.RaftServerImpl.writeAsyncImpl(RaftServerImpl.java:987)
	at org.apache.ratis.server.impl.RaftServerImpl.writeAsync(RaftServerImpl.java:960)
	at org.apache.ratis.server.impl.RaftServerImpl.replyFuture(RaftServerImpl.java:953)
	at org.apache.ratis.server.impl.RaftServerImpl.submitClientRequestAsync(RaftServerImpl.java:930)
	at org.apache.ratis.server.impl.RaftServerImpl.lambda$null$11(RaftServerImpl.java:919)
	at org.apache.ratis.util.JavaUtils.callAsUnchecked(JavaUtils.java:118)
	at org.apache.ratis.server.impl.RaftServerImpl.lambda$executeSubmitClientRequestAsync$12(RaftServerImpl.java:919)
	at java.base/java.util.concurrent.CompletableFuture$AsyncSupply.run(CompletableFuture.java:1768)
	at java.base/java.util.concurrent.ThreadPoolExecutor.runWorker(ThreadPoolExecutor.java:1144)
	at java.base/java.util.concurrent.ThreadPoolExecutor$Worker.run(ThreadPoolExecutor.java:642)
	at java.base/java.lang.Thread.run(Thread.java:1583)
2025-07-19T06:07:23.999520687Z e4fa6cd0-dc30-4550-b12f-023a3466045b-client-thread1 ERROR user=null | ip=null | op=WRITE_CHUNK {blockData=conID: 4 locID: 115816896921600004 bcsId: 0 replicaIndex: null, offset=0, size=5} | ret=FAILURE
org.apache.hadoop.hdds.scm.container.common.helpers.ContainerNotOpenException: Container 4 in CLOSING state
	at org.apache.hadoop.ozone.container.common.impl.HddsDispatcher.validateContainerCommand(HddsDispatcher.java:580)
	at org.apache.hadoop.ozone.container.common.transport.server.ratis.ContainerStateMachine.startTransaction(ContainerStateMachine.java:488)
	at org.apache.ratis.server.impl.RaftServerImpl.writeAsyncImpl(RaftServerImpl.java:987)
	at org.apache.ratis.server.impl.RaftServerImpl.writeAsync(RaftServerImpl.java:960)
	at org.apache.ratis.server.impl.RaftServerImpl.replyFuture(RaftServerImpl.java:953)
	at org.apache.ratis.server.impl.RaftServerImpl.submitClientRequestAsync(RaftServerImpl.java:930)
	at org.apache.ratis.server.impl.RaftServerImpl.lambda$null$11(RaftServerImpl.java:919)
	at org.apache.ratis.util.JavaUtils.callAsUnchecked(JavaUtils.java:118)
	at org.apache.ratis.server.impl.RaftServerImpl.lambda$executeSubmitClientRequestAsync$12(RaftServerImpl.java:919)
	at java.base/java.util.concurrent.CompletableFuture$AsyncSupply.run(CompletableFuture.java:1768)
	at java.base/java.util.concurrent.ThreadPoolExecutor.runWorker(ThreadPoolExecutor.java:1144)
	at java.base/java.util.concurrent.ThreadPoolExecutor$Worker.run(ThreadPoolExecutor.java:642)
	at java.base/java.lang.Thread.run(Thread.java:1583)
2025-07-19 06:07:24,000 [FixedThreadPoolWithAffinityExecutor-1-0] INFO  container.IncrementalContainerReportHandler (AbstractContainerReportHandler.java:updateContainerState(253)) - FINALIZE (i.e. CLOSING) Container #4 (OPEN, sid=5) r0 (CLOSING, bcsid=5, origin=e4fa6cd0-dc30-4550-b12f-023a3466045b, non-empty) from dn e4fa6cd0-dc30-4550-b12f-023a3466045b(localhost/127.0.0.1)
2025-07-19T06:07:24.000345002Z e4fa6cd0-dc30-4550-b12f-023a3466045b-client-thread1 ERROR user=null | ip=null | op=WRITE_CHUNK {blockData=conID: 4 locID: 115816896921600004 bcsId: 0 replicaIndex: null, offset=0, size=5} | ret=FAILURE
org.apache.hadoop.hdds.scm.container.common.helpers.ContainerNotOpenException: Container 4 in CLOSING state
	at org.apache.hadoop.ozone.container.common.impl.HddsDispatcher.validateContainerCommand(HddsDispatcher.java:580)
	at org.apache.hadoop.ozone.container.common.transport.server.ratis.ContainerStateMachine.startTransaction(ContainerStateMachine.java:488)
	at org.apache.ratis.server.impl.RaftServerImpl.writeAsyncImpl(RaftServerImpl.java:987)
	at org.apache.ratis.server.impl.RaftServerImpl.writeAsync(RaftServerImpl.java:960)
	at org.apache.ratis.server.impl.RaftServerImpl.replyFuture(RaftServerImpl.java:953)
	at org.apache.ratis.server.impl.RaftServerImpl.submitClientRequestAsync(RaftServerImpl.java:930)
	at org.apache.ratis.server.impl.RaftServerImpl.lambda$null$11(RaftServerImpl.java:919)
	at org.apache.ratis.util.JavaUtils.callAsUnchecked(JavaUtils.java:118)
	at org.apache.ratis.server.impl.RaftServerImpl.lambda$executeSubmitClientRequestAsync$12(RaftServerImpl.java:919)
	at java.base/java.util.concurrent.CompletableFuture$AsyncSupply.run(CompletableFuture.java:1768)
	at java.base/java.util.concurrent.ThreadPoolExecutor.runWorker(ThreadPoolExecutor.java:1144)
	at java.base/java.util.concurrent.ThreadPoolExecutor$Worker.run(ThreadPoolExecutor.java:642)
	at java.base/java.lang.Thread.run(Thread.java:1583)
2025-07-19T06:07:24.001086954Z e4fa6cd0-dc30-4550-b12f-023a3466045b-client-thread1 ERROR user=null | ip=null | op=WRITE_CHUNK {blockData=conID: 4 locID: 115816896921600004 bcsId: 0 replicaIndex: null, offset=0, size=5} | ret=FAILURE
org.apache.hadoop.hdds.scm.container.common.helpers.ContainerNotOpenException: Container 4 in CLOSING state
	at org.apache.hadoop.ozone.container.common.impl.HddsDispatcher.validateContainerCommand(HddsDispatcher.java:580)
	at org.apache.hadoop.ozone.container.common.transport.server.ratis.ContainerStateMachine.startTransaction(ContainerStateMachine.java:488)
	at org.apache.ratis.server.impl.RaftServerImpl.writeAsyncImpl(RaftServerImpl.java:987)
	at org.apache.ratis.server.impl.RaftServerImpl.writeAsync(RaftServerImpl.java:960)
	at org.apache.ratis.server.impl.RaftServerImpl.replyFuture(RaftServerImpl.java:953)
	at org.apache.ratis.server.impl.RaftServerImpl.submitClientRequestAsync(RaftServerImpl.java:930)
	at org.apache.ratis.server.impl.RaftServerImpl.lambda$null$11(RaftServerImpl.java:919)
	at org.apache.ratis.util.JavaUtils.callAsUnchecked(JavaUtils.java:118)
	at org.apache.ratis.server.impl.RaftServerImpl.lambda$executeSubmitClientRequestAsync$12(RaftServerImpl.java:919)
	at java.base/java.util.concurrent.CompletableFuture$AsyncSupply.run(CompletableFuture.java:1768)
	at java.base/java.util.concurrent.ThreadPoolExecutor.runWorker(ThreadPoolExecutor.java:1144)
	at java.base/java.util.concurrent.ThreadPoolExecutor$Worker.run(ThreadPoolExecutor.java:642)
	at java.base/java.lang.Thread.run(Thread.java:1583)
2025-07-19 06:07:24,001 [e4fa6cd0-dc30-4550-b12f-023a3466045b-ContainerOp-621783e2-3d2d-4ffd-8d5f-7fd69fea80d4-6] INFO  keyvalue.KeyValueContainer (KeyValueContainer.java:flushAndSyncDB(514)) - Synced container: KeyValueContainerData #4 (CLOSING, non-empty, ri=0, origin=[dn_e4fa6cd0-dc30-4550-b12f-023a3466045b, pipeline_621783e2-3d2d-4ffd-8d5f-7fd69fea80d4])
2025-07-19 06:07:24,001 [e4fa6cd0-dc30-4550-b12f-023a3466045b-ContainerOp-621783e2-3d2d-4ffd-8d5f-7fd69fea80d4-6] INFO  keyvalue.KeyValueContainer (KeyValueContainer.java:flushAndSyncDB(514)) - Synced container: KeyValueContainerData #4 (CLOSING, non-empty, ri=0, origin=[dn_e4fa6cd0-dc30-4550-b12f-023a3466045b, pipeline_621783e2-3d2d-4ffd-8d5f-7fd69fea80d4])
2025-07-19T06:07:24.001894797Z e4fa6cd0-dc30-4550-b12f-023a3466045b-client-thread2 ERROR user=null | ip=null | op=WRITE_CHUNK {blockData=conID: 4 locID: 115816896921600004 bcsId: 0 replicaIndex: null, offset=0, size=5} | ret=FAILURE
org.apache.hadoop.hdds.scm.container.common.helpers.ContainerNotOpenException: Container 4 in CLOSED state
	at org.apache.hadoop.ozone.container.common.impl.HddsDispatcher.validateContainerCommand(HddsDispatcher.java:580)
	at org.apache.hadoop.ozone.container.common.transport.server.ratis.ContainerStateMachine.startTransaction(ContainerStateMachine.java:488)
	at org.apache.ratis.server.impl.RaftServerImpl.writeAsyncImpl(RaftServerImpl.java:987)
	at org.apache.ratis.server.impl.RaftServerImpl.writeAsync(RaftServerImpl.java:960)
	at org.apache.ratis.server.impl.RaftServerImpl.replyFuture(RaftServerImpl.java:953)
	at org.apache.ratis.server.impl.RaftServerImpl.submitClientRequestAsync(RaftServerImpl.java:930)
	at org.apache.ratis.server.impl.RaftServerImpl.lambda$null$11(RaftServerImpl.java:919)
	at org.apache.ratis.util.JavaUtils.callAsUnchecked(JavaUtils.java:118)
	at org.apache.ratis.server.impl.RaftServerImpl.lambda$executeSubmitClientRequestAsync$12(RaftServerImpl.java:919)
	at java.base/java.util.concurrent.CompletableFuture$AsyncSupply.run(CompletableFuture.java:1768)
	at java.base/java.util.concurrent.ThreadPoolExecutor.runWorker(ThreadPoolExecutor.java:1144)
	at java.base/java.util.concurrent.ThreadPoolExecutor$Worker.run(ThreadPoolExecutor.java:642)
	at java.base/java.lang.Thread.run(Thread.java:1583)
2025-07-19T06:07:24.002695951Z e4fa6cd0-dc30-4550-b12f-023a3466045b-client-thread1 ERROR user=null | ip=null | op=WRITE_CHUNK {blockData=conID: 4 locID: 115816896921600004 bcsId: 0 replicaIndex: null, offset=0, size=5} | ret=FAILURE
org.apache.hadoop.hdds.scm.container.common.helpers.ContainerNotOpenException: Container 4 in CLOSED state
	at org.apache.hadoop.ozone.container.common.impl.HddsDispatcher.validateContainerCommand(HddsDispatcher.java:580)
	at org.apache.hadoop.ozone.container.common.transport.server.ratis.ContainerStateMachine.startTransaction(ContainerStateMachine.java:488)
	at org.apache.ratis.server.impl.RaftServerImpl.writeAsyncImpl(RaftServerImpl.java:987)
	at org.apache.ratis.server.impl.RaftServerImpl.writeAsync(RaftServerImpl.java:960)
	at org.apache.ratis.server.impl.RaftServerImpl.replyFuture(RaftServerImpl.java:953)
	at org.apache.ratis.server.impl.RaftServerImpl.submitClientRequestAsync(RaftServerImpl.java:930)
	at org.apache.ratis.server.impl.RaftServerImpl.lambda$null$11(RaftServerImpl.java:919)
	at org.apache.ratis.util.JavaUtils.callAsUnchecked(JavaUtils.java:118)
	at org.apache.ratis.server.impl.RaftServerImpl.lambda$executeSubmitClientRequestAsync$12(RaftServerImpl.java:919)
	at java.base/java.util.concurrent.CompletableFuture$AsyncSupply.run(CompletableFuture.java:1768)
	at java.base/java.util.concurrent.ThreadPoolExecutor.runWorker(ThreadPoolExecutor.java:1144)
	at java.base/java.util.concurrent.ThreadPoolExecutor$Worker.run(ThreadPoolExecutor.java:642)
	at java.base/java.lang.Thread.run(Thread.java:1583)
2025-07-19T06:07:24.003521127Z e4fa6cd0-dc30-4550-b12f-023a3466045b-client-thread1 ERROR user=null | ip=null | op=WRITE_CHUNK {blockData=conID: 4 locID: 115816896921600004 bcsId: 0 replicaIndex: null, offset=0, size=5} | ret=FAILURE
org.apache.hadoop.hdds.scm.container.common.helpers.ContainerNotOpenException: Container 4 in CLOSED state
	at org.apache.hadoop.ozone.container.common.impl.HddsDispatcher.validateContainerCommand(HddsDispatcher.java:580)
	at org.apache.hadoop.ozone.container.common.transport.server.ratis.ContainerStateMachine.startTransaction(ContainerStateMachine.java:488)
	at org.apache.ratis.server.impl.RaftServerImpl.writeAsyncImpl(RaftServerImpl.java:987)
	at org.apache.ratis.server.impl.RaftServerImpl.writeAsync(RaftServerImpl.java:960)
	at org.apache.ratis.server.impl.RaftServerImpl.replyFuture(RaftServerImpl.java:953)
	at org.apache.ratis.server.impl.RaftServerImpl.submitClientRequestAsync(RaftServerImpl.java:930)
	at org.apache.ratis.server.impl.RaftServerImpl.lambda$null$11(RaftServerImpl.java:919)
	at org.apache.ratis.util.JavaUtils.callAsUnchecked(JavaUtils.java:118)
	at org.apache.ratis.server.impl.RaftServerImpl.lambda$executeSubmitClientRequestAsync$12(RaftServerImpl.java:919)
	at java.base/java.util.concurrent.CompletableFuture$AsyncSupply.run(CompletableFuture.java:1768)
	at java.base/java.util.concurrent.ThreadPoolExecutor.runWorker(ThreadPoolExecutor.java:1144)
	at java.base/java.util.concurrent.ThreadPoolExecutor$Worker.run(ThreadPoolExecutor.java:642)
	at java.base/java.lang.Thread.run(Thread.java:1583)
2025-07-19T06:07:24.004369798Z e4fa6cd0-dc30-4550-b12f-023a3466045b-client-thread1 ERROR user=null | ip=null | op=WRITE_CHUNK {blockData=conID: 4 locID: 115816896921600004 bcsId: 0 replicaIndex: null, offset=0, size=5} | ret=FAILURE
org.apache.hadoop.hdds.scm.container.common.helpers.ContainerNotOpenException: Container 4 in CLOSED state
	at org.apache.hadoop.ozone.container.common.impl.HddsDispatcher.validateContainerCommand(HddsDispatcher.java:580)
	at org.apache.hadoop.ozone.container.common.transport.server.ratis.ContainerStateMachine.startTransaction(ContainerStateMachine.java:488)
	at org.apache.ratis.server.impl.RaftServerImpl.writeAsyncImpl(RaftServerImpl.java:987)
	at org.apache.ratis.server.impl.RaftServerImpl.writeAsync(RaftServerImpl.java:960)
	at org.apache.ratis.server.impl.RaftServerImpl.replyFuture(RaftServerImpl.java:953)
	at org.apache.ratis.server.impl.RaftServerImpl.submitClientRequestAsync(RaftServerImpl.java:930)
	at org.apache.ratis.server.impl.RaftServerImpl.lambda$null$11(RaftServerImpl.java:919)
	at org.apache.ratis.util.JavaUtils.callAsUnchecked(JavaUtils.java:118)
	at org.apache.ratis.server.impl.RaftServerImpl.lambda$executeSubmitClientRequestAsync$12(RaftServerImpl.java:919)
	at java.base/java.util.concurrent.CompletableFuture$AsyncSupply.run(CompletableFuture.java:1768)
	at java.base/java.util.concurrent.ThreadPoolExecutor.runWorker(ThreadPoolExecutor.java:1144)
	at java.base/java.util.concurrent.ThreadPoolExecutor$Worker.run(ThreadPoolExecutor.java:642)
	at java.base/java.lang.Thread.run(Thread.java:1583)
2025-07-19T06:07:24.005141553Z e4fa6cd0-dc30-4550-b12f-023a3466045b-client-thread2 ERROR user=null | ip=null | op=WRITE_CHUNK {blockData=conID: 4 locID: 115816896921600004 bcsId: 0 replicaIndex: null, offset=0, size=5} | ret=FAILURE
org.apache.hadoop.hdds.scm.container.common.helpers.ContainerNotOpenException: Container 4 in CLOSED state
	at org.apache.hadoop.ozone.container.common.impl.HddsDispatcher.validateContainerCommand(HddsDispatcher.java:580)
	at org.apache.hadoop.ozone.container.common.transport.server.ratis.ContainerStateMachine.startTransaction(ContainerStateMachine.java:488)
	at org.apache.ratis.server.impl.RaftServerImpl.writeAsyncImpl(RaftServerImpl.java:987)
	at org.apache.ratis.server.impl.RaftServerImpl.writeAsync(RaftServerImpl.java:960)
	at org.apache.ratis.server.impl.RaftServerImpl.replyFuture(RaftServerImpl.java:953)
	at org.apache.ratis.server.impl.RaftServerImpl.submitClientRequestAsync(RaftServerImpl.java:930)
	at org.apache.ratis.server.impl.RaftServerImpl.lambda$null$11(RaftServerImpl.java:919)
	at org.apache.ratis.util.JavaUtils.callAsUnchecked(JavaUtils.java:118)
	at org.apache.ratis.server.impl.RaftServerImpl.lambda$executeSubmitClientRequestAsync$12(RaftServerImpl.java:919)
	at java.base/java.util.concurrent.CompletableFuture$AsyncSupply.run(CompletableFuture.java:1768)
	at java.base/java.util.concurrent.ThreadPoolExecutor.runWorker(ThreadPoolExecutor.java:1144)
	at java.base/java.util.concurrent.ThreadPoolExecutor$Worker.run(ThreadPoolExecutor.java:642)
	at java.base/java.lang.Thread.run(Thread.java:1583)
2025-07-19T06:07:24.016580813Z e4fa6cd0-dc30-4550-b12f-023a3466045b-client-thread1 ERROR user=null | ip=null | op=WRITE_CHUNK {blockData=conID: 4 locID: 115816896921600004 bcsId: 0 replicaIndex: null, offset=0, size=5} | ret=FAILURE
org.apache.hadoop.hdds.scm.container.common.helpers.ContainerNotOpenException: Container 4 in CLOSED state
	at org.apache.hadoop.ozone.container.common.impl.HddsDispatcher.validateContainerCommand(HddsDispatcher.java:580)
	at org.apache.hadoop.ozone.container.common.transport.server.ratis.ContainerStateMachine.startTransaction(ContainerStateMachine.java:488)
	at org.apache.ratis.server.impl.RaftServerImpl.writeAsyncImpl(RaftServerImpl.java:987)
	at org.apache.ratis.server.impl.RaftServerImpl.writeAsync(RaftServerImpl.java:960)
	at org.apache.ratis.server.impl.RaftServerImpl.replyFuture(RaftServerImpl.java:953)
	at org.apache.ratis.server.impl.RaftServerImpl.submitClientRequestAsync(RaftServerImpl.java:930)
	at org.apache.ratis.server.impl.RaftServerImpl.lambda$null$11(RaftServerImpl.java:919)
	at org.apache.ratis.util.JavaUtils.callAsUnchecked(JavaUtils.java:118)
	at org.apache.ratis.server.impl.RaftServerImpl.lambda$executeSubmitClientRequestAsync$12(RaftServerImpl.java:919)
	at java.base/java.util.concurrent.CompletableFuture$AsyncSupply.run(CompletableFuture.java:1768)
	at java.base/java.util.concurrent.ThreadPoolExecutor.runWorker(ThreadPoolExecutor.java:1144)
	at java.base/java.util.concurrent.ThreadPoolExecutor$Worker.run(ThreadPoolExecutor.java:642)
	at java.base/java.lang.Thread.run(Thread.java:1583)
2025-07-19T06:07:24.017441216Z e4fa6cd0-dc30-4550-b12f-023a3466045b-client-thread1 ERROR user=null | ip=null | op=WRITE_CHUNK {blockData=conID: 4 locID: 115816896921600004 bcsId: 0 replicaIndex: null, offset=0, size=5} | ret=FAILURE
org.apache.hadoop.hdds.scm.container.common.helpers.ContainerNotOpenException: Container 4 in CLOSED state
	at org.apache.hadoop.ozone.container.common.impl.HddsDispatcher.validateContainerCommand(HddsDispatcher.java:580)
	at org.apache.hadoop.ozone.container.common.transport.server.ratis.ContainerStateMachine.startTransaction(ContainerStateMachine.java:488)
	at org.apache.ratis.server.impl.RaftServerImpl.writeAsyncImpl(RaftServerImpl.java:987)
	at org.apache.ratis.server.impl.RaftServerImpl.writeAsync(RaftServerImpl.java:960)
	at org.apache.ratis.server.impl.RaftServerImpl.replyFuture(RaftServerImpl.java:953)
	at org.apache.ratis.server.impl.RaftServerImpl.submitClientRequestAsync(RaftServerImpl.java:930)
	at org.apache.ratis.server.impl.RaftServerImpl.lambda$null$11(RaftServerImpl.java:919)
	at org.apache.ratis.util.JavaUtils.callAsUnchecked(JavaUtils.java:118)
	at org.apache.ratis.server.impl.RaftServerImpl.lambda$executeSubmitClientRequestAsync$12(RaftServerImpl.java:919)
	at java.base/java.util.concurrent.CompletableFuture$AsyncSupply.run(CompletableFuture.java:1768)
	at java.base/java.util.concurrent.ThreadPoolExecutor.runWorker(ThreadPoolExecutor.java:1144)
	at java.base/java.util.concurrent.ThreadPoolExecutor$Worker.run(ThreadPoolExecutor.java:642)
	at java.base/java.lang.Thread.run(Thread.java:1583)
2025-07-19T06:07:24.018302740Z e4fa6cd0-dc30-4550-b12f-023a3466045b-client-thread1 ERROR user=null | ip=null | op=WRITE_CHUNK {blockData=conID: 4 locID: 115816896921600004 bcsId: 0 replicaIndex: null, offset=0, size=5} | ret=FAILURE
org.apache.hadoop.hdds.scm.container.common.helpers.ContainerNotOpenException: Container 4 in CLOSED state
	at org.apache.hadoop.ozone.container.common.impl.HddsDispatcher.validateContainerCommand(HddsDispatcher.java:580)
	at org.apache.hadoop.ozone.container.common.transport.server.ratis.ContainerStateMachine.startTransaction(ContainerStateMachine.java:488)
	at org.apache.ratis.server.impl.RaftServerImpl.writeAsyncImpl(RaftServerImpl.java:987)
	at org.apache.ratis.server.impl.RaftServerImpl.writeAsync(RaftServerImpl.java:960)
	at org.apache.ratis.server.impl.RaftServerImpl.replyFuture(RaftServerImpl.java:953)
	at org.apache.ratis.server.impl.RaftServerImpl.submitClientRequestAsync(RaftServerImpl.java:930)
	at org.apache.ratis.server.impl.RaftServerImpl.lambda$null$11(RaftServerImpl.java:919)
	at org.apache.ratis.util.JavaUtils.callAsUnchecked(JavaUtils.java:118)
	at org.apache.ratis.server.impl.RaftServerImpl.lambda$executeSubmitClientRequestAsync$12(RaftServerImpl.java:919)
	at java.base/java.util.concurrent.CompletableFuture$AsyncSupply.run(CompletableFuture.java:1768)
	at java.base/java.util.concurrent.ThreadPoolExecutor.runWorker(ThreadPoolExecutor.java:1144)
	at java.base/java.util.concurrent.ThreadPoolExecutor$Worker.run(ThreadPoolExecutor.java:642)
	at java.base/java.lang.Thread.run(Thread.java:1583)
2025-07-19 06:07:24,018 [e4fa6cd0-dc30-4550-b12f-023a3466045b-ContainerOp-621783e2-3d2d-4ffd-8d5f-7fd69fea80d4-6] INFO  keyvalue.KeyValueContainer (KeyValueContainer.java:close(430)) - Closed container: KeyValueContainerData #4 (CLOSED, non-empty, ri=0, origin=[dn_e4fa6cd0-dc30-4550-b12f-023a3466045b, pipeline_621783e2-3d2d-4ffd-8d5f-7fd69fea80d4])
2025-07-19T06:07:24.019120672Z e4fa6cd0-dc30-4550-b12f-023a3466045b-client-thread2 ERROR user=null | ip=null | op=WRITE_CHUNK {blockData=conID: 4 locID: 115816896921600004 bcsId: 0 replicaIndex: null, offset=0, size=5} | ret=FAILURE
org.apache.hadoop.hdds.scm.container.common.helpers.ContainerNotOpenException: Container 4 in CLOSED state
	at org.apache.hadoop.ozone.container.common.impl.HddsDispatcher.validateContainerCommand(HddsDispatcher.java:580)
	at org.apache.hadoop.ozone.container.common.transport.server.ratis.ContainerStateMachine.startTransaction(ContainerStateMachine.java:488)
	at org.apache.ratis.server.impl.RaftServerImpl.writeAsyncImpl(RaftServerImpl.java:987)
	at org.apache.ratis.server.impl.RaftServerImpl.writeAsync(RaftServerImpl.java:960)
	at org.apache.ratis.server.impl.RaftServerImpl.replyFuture(RaftServerImpl.java:953)
	at org.apache.ratis.server.impl.RaftServerImpl.submitClientRequestAsync(RaftServerImpl.java:930)
	at org.apache.ratis.server.impl.RaftServerImpl.lambda$null$11(RaftServerImpl.java:919)
	at org.apache.ratis.util.JavaUtils.callAsUnchecked(JavaUtils.java:118)
	at org.apache.ratis.server.impl.RaftServerImpl.lambda$executeSubmitClientRequestAsync$12(RaftServerImpl.java:919)
	at java.base/java.util.concurrent.CompletableFuture$AsyncSupply.run(CompletableFuture.java:1768)
	at java.base/java.util.concurrent.ThreadPoolExecutor.runWorker(ThreadPoolExecutor.java:1144)
	at java.base/java.util.concurrent.ThreadPoolExecutor$Worker.run(ThreadPoolExecutor.java:642)
	at java.base/java.lang.Thread.run(Thread.java:1583)
2025-07-19T06:07:24.020081211Z e4fa6cd0-dc30-4550-b12f-023a3466045b-client-thread2 ERROR user=null | ip=null | op=WRITE_CHUNK {blockData=conID: 4 locID: 115816896921600004 bcsId: 0 replicaIndex: null, offset=0, size=5} | ret=FAILURE
org.apache.hadoop.hdds.scm.container.common.helpers.ContainerNotOpenException: Container 4 in CLOSED state
	at org.apache.hadoop.ozone.container.common.impl.HddsDispatcher.validateContainerCommand(HddsDispatcher.java:580)
	at org.apache.hadoop.ozone.container.common.transport.server.ratis.ContainerStateMachine.startTransaction(ContainerStateMachine.java:488)
	at org.apache.ratis.server.impl.RaftServerImpl.writeAsyncImpl(RaftServerImpl.java:987)
	at org.apache.ratis.server.impl.RaftServerImpl.writeAsync(RaftServerImpl.java:960)
	at org.apache.ratis.server.impl.RaftServerImpl.replyFuture(RaftServerImpl.java:953)
	at org.apache.ratis.server.impl.RaftServerImpl.submitClientRequestAsync(RaftServerImpl.java:930)
	at org.apache.ratis.server.impl.RaftServerImpl.lambda$null$11(RaftServerImpl.java:919)
	at org.apache.ratis.util.JavaUtils.callAsUnchecked(JavaUtils.java:118)
	at org.apache.ratis.server.impl.RaftServerImpl.lambda$executeSubmitClientRequestAsync$12(RaftServerImpl.java:919)
	at java.base/java.util.concurrent.CompletableFuture$AsyncSupply.run(CompletableFuture.java:1768)
	at java.base/java.util.concurrent.ThreadPoolExecutor.runWorker(ThreadPoolExecutor.java:1144)
	at java.base/java.util.concurrent.ThreadPoolExecutor$Worker.run(ThreadPoolExecutor.java:642)
	at java.base/java.lang.Thread.run(Thread.java:1583)
2025-07-19 06:07:24,021 [FixedThreadPoolWithAffinityExecutor-1-0] INFO  container.IncrementalContainerReportHandler (AbstractContainerReportHandler.java:updateContainerState(289)) - CLOSE Container #4 (CLOSING, sid=5) r0 (CLOSED, bcsid=5, origin=e4fa6cd0-dc30-4550-b12f-023a3466045b, non-empty) from dn e4fa6cd0-dc30-4550-b12f-023a3466045b(localhost/127.0.0.1)
2025-07-19T06:07:24.022965753Z e4fa6cd0-dc30-4550-b12f-023a3466045b-client-thread2 ERROR user=null | ip=null | op=WRITE_CHUNK {blockData=conID: 4 locID: 115816896921600004 bcsId: 0 replicaIndex: null, offset=0, size=5} | ret=FAILURE
org.apache.hadoop.hdds.scm.container.common.helpers.ContainerNotOpenException: Container 4 in CLOSED state
	at org.apache.hadoop.ozone.container.common.impl.HddsDispatcher.validateContainerCommand(HddsDispatcher.java:580)
	at org.apache.hadoop.ozone.container.common.transport.server.ratis.ContainerStateMachine.startTransaction(ContainerStateMachine.java:488)
	at org.apache.ratis.server.impl.RaftServerImpl.writeAsyncImpl(RaftServerImpl.java:987)
	at org.apache.ratis.server.impl.RaftServerImpl.writeAsync(RaftServerImpl.java:960)
	at org.apache.ratis.server.impl.RaftServerImpl.replyFuture(RaftServerImpl.java:953)
	at org.apache.ratis.server.impl.RaftServerImpl.submitClientRequestAsync(RaftServerImpl.java:930)
	at org.apache.ratis.server.impl.RaftServerImpl.lambda$null$11(RaftServerImpl.java:919)
	at org.apache.ratis.util.JavaUtils.callAsUnchecked(JavaUtils.java:118)
	at org.apache.ratis.server.impl.RaftServerImpl.lambda$executeSubmitClientRequestAsync$12(RaftServerImpl.java:919)
	at java.base/java.util.concurrent.CompletableFuture$AsyncSupply.run(CompletableFuture.java:1768)
	at java.base/java.util.concurrent.ThreadPoolExecutor.runWorker(ThreadPoolExecutor.java:1144)
	at java.base/java.util.concurrent.ThreadPoolExecutor$Worker.run(ThreadPoolExecutor.java:642)
	at java.base/java.lang.Thread.run(Thread.java:1583)
2025-07-19T06:07:24.024244285Z e4fa6cd0-dc30-4550-b12f-023a3466045b-ContainerOp-621783e2-3d2d-4ffd-8d5f-7fd69fea80d4-6 ERROR user=null | ip=null | op=WRITE_CHUNK {blockData=conID: 4 locID: 115816896921600004 bcsId: 0 replicaIndex: null, offset=0, size=5, stage=COMMIT_DATA} | ret=FAILURE
java.lang.Exception: Requested operation not allowed as ContainerState is CLOSED
	at org.apache.hadoop.ozone.container.common.impl.HddsDispatcher.dispatchRequest(HddsDispatcher.java:439)
	at org.apache.hadoop.ozone.container.common.impl.HddsDispatcher.lambda$dispatch$1(HddsDispatcher.java:190)
	at org.apache.hadoop.hdds.server.OzoneProtocolMessageDispatcher.processRequest(OzoneProtocolMessageDispatcher.java:87)
	at org.apache.hadoop.ozone.container.common.impl.HddsDispatcher.dispatch(HddsDispatcher.java:189)
	at org.apache.hadoop.ozone.container.common.transport.server.ratis.ContainerStateMachine.dispatchCommand(ContainerStateMachine.java:567)
	at org.apache.hadoop.ozone.container.common.transport.server.ratis.ContainerStateMachine.lambda$applyTransaction$8(ContainerStateMachine.java:1061)
	at org.apache.ratis.util.TaskQueue.lambda$submit$0(TaskQueue.java:121)
	at org.apache.ratis.util.LogUtils.runAndLog(LogUtils.java:38)
	at org.apache.ratis.util.LogUtils$1.run(LogUtils.java:78)
	at java.base/java.util.concurrent.Executors$RunnableAdapter.call(Executors.java:572)
	at java.base/java.util.concurrent.FutureTask.run(FutureTask.java:317)
	at java.base/java.util.concurrent.ThreadPoolExecutor.runWorker(ThreadPoolExecutor.java:1144)
	at java.base/java.util.concurrent.ThreadPoolExecutor$Worker.run(ThreadPoolExecutor.java:642)
	at java.base/java.lang.Thread.run(Thread.java:1583)
2025-07-19T06:07:24.024665735Z e4fa6cd0-dc30-4550-b12f-023a3466045b-ContainerOp-621783e2-3d2d-4ffd-8d5f-7fd69fea80d4-3 ERROR user=null | ip=null | op=WRITE_CHUNK {blockData=conID: 4 locID: 115816896921600004 bcsId: 0 replicaIndex: null, offset=0, size=5, stage=COMMIT_DATA} | ret=FAILURE
java.lang.Exception: Requested operation not allowed as ContainerState is CLOSED
	at org.apache.hadoop.ozone.container.common.impl.HddsDispatcher.dispatchRequest(HddsDispatcher.java:439)
	at org.apache.hadoop.ozone.container.common.impl.HddsDispatcher.lambda$dispatch$1(HddsDispatcher.java:190)
	at org.apache.hadoop.hdds.server.OzoneProtocolMessageDispatcher.processRequest(OzoneProtocolMessageDispatcher.java:87)
	at org.apache.hadoop.ozone.container.common.impl.HddsDispatcher.dispatch(HddsDispatcher.java:189)
	at org.apache.hadoop.ozone.container.common.transport.server.ratis.ContainerStateMachine.dispatchCommand(ContainerStateMachine.java:567)
	at org.apache.hadoop.ozone.container.common.transport.server.ratis.ContainerStateMachine.lambda$applyTransaction$8(ContainerStateMachine.java:1061)
	at org.apache.ratis.util.TaskQueue.lambda$submit$0(TaskQueue.java:121)
	at org.apache.ratis.util.LogUtils.runAndLog(LogUtils.java:38)
	at org.apache.ratis.util.LogUtils$1.run(LogUtils.java:78)
	at java.base/java.util.concurrent.Executors$RunnableAdapter.call(Executors.java:572)
	at java.base/java.util.concurrent.FutureTask.run(FutureTask.java:317)
	at java.base/java.util.concurrent.ThreadPoolExecutor.runWorker(ThreadPoolExecutor.java:1144)
	at java.base/java.util.concurrent.ThreadPoolExecutor$Worker.run(ThreadPoolExecutor.java:642)
	at java.base/java.lang.Thread.run(Thread.java:1583)
2025-07-19T06:07:24.025147883Z e4fa6cd0-dc30-4550-b12f-023a3466045b-client-thread2 ERROR user=null | ip=null | op=WRITE_CHUNK {blockData=conID: 4 locID: 115816896921600004 bcsId: 0 replicaIndex: null, offset=0, size=5} | ret=FAILURE
org.apache.hadoop.hdds.scm.container.common.helpers.ContainerNotOpenException: Container 4 in CLOSED state
	at org.apache.hadoop.ozone.container.common.impl.HddsDispatcher.validateContainerCommand(HddsDispatcher.java:580)
	at org.apache.hadoop.ozone.container.common.transport.server.ratis.ContainerStateMachine.startTransaction(ContainerStateMachine.java:488)
	at org.apache.ratis.server.impl.RaftServerImpl.writeAsyncImpl(RaftServerImpl.java:987)
	at org.apache.ratis.server.impl.RaftServerImpl.writeAsync(RaftServerImpl.java:960)
	at org.apache.ratis.server.impl.RaftServerImpl.replyFuture(RaftServerImpl.java:953)
	at org.apache.ratis.server.impl.RaftServerImpl.submitClientRequestAsync(RaftServerImpl.java:930)
	at org.apache.ratis.server.impl.RaftServerImpl.lambda$null$11(RaftServerImpl.java:919)
	at org.apache.ratis.util.JavaUtils.callAsUnchecked(JavaUtils.java:118)
	at org.apache.ratis.server.impl.RaftServerImpl.lambda$executeSubmitClientRequestAsync$12(RaftServerImpl.java:919)
	at java.base/java.util.concurrent.CompletableFuture$AsyncSupply.run(CompletableFuture.java:1768)
	at java.base/java.util.concurrent.ThreadPoolExecutor.runWorker(ThreadPoolExecutor.java:1144)
	at java.base/java.util.concurrent.ThreadPoolExecutor$Worker.run(ThreadPoolExecutor.java:642)
	at java.base/java.lang.Thread.run(Thread.java:1583)
2025-07-19 06:07:24,025 [e4fa6cd0-dc30-4550-b12f-023a3466045b@group-7FD69FEA80D4-StateMachineUpdater] INFO  ratis.ContainerStateMachine (ContainerStateMachine.java:takeSnapshot(427)) - group-7FD69FEA80D4: Taking a snapshot at:(t:1, i:95) file /home/runner/work/ozone/ozone/hadoop-ozone/integration-test/target/test-dir/MiniOzoneClusterImpl-09c4c6e1-5ab0-4195-ac7b-5aec6defaa36/ozone-meta/datanode-9/ratis/621783e2-3d2d-4ffd-8d5f-7fd69fea80d4/sm/snapshot.1_95
2025-07-19 06:07:24,028 [e4fa6cd0-dc30-4550-b12f-023a3466045b@group-7FD69FEA80D4-StateMachineUpdater] INFO  ratis.ContainerStateMachine (ContainerStateMachine.java:takeSnapshot(436)) - group-7FD69FEA80D4: Finished taking a snapshot at:(t:1, i:95) file:/home/runner/work/ozone/ozone/hadoop-ozone/integration-test/target/test-dir/MiniOzoneClusterImpl-09c4c6e1-5ab0-4195-ac7b-5aec6defaa36/ozone-meta/datanode-9/ratis/621783e2-3d2d-4ffd-8d5f-7fd69fea80d4/sm/snapshot.1_95 took: 4 ms
2025-07-19 06:07:24,029 [e4fa6cd0-dc30-4550-b12f-023a3466045b@group-7FD69FEA80D4-StateMachineUpdater] INFO  impl.SimpleStateMachineStorage (SimpleStateMachineStorage.java:lambda$cleanupOldSnapshots$1(126)) - Deleting old snapshot at /home/runner/work/ozone/ozone/hadoop-ozone/integration-test/target/test-dir/MiniOzoneClusterImpl-09c4c6e1-5ab0-4195-ac7b-5aec6defaa36/ozone-meta/datanode-9/ratis/621783e2-3d2d-4ffd-8d5f-7fd69fea80d4/sm/snapshot.1_64
2025-07-19 06:07:24,029 [e4fa6cd0-dc30-4550-b12f-023a3466045b@group-7FD69FEA80D4-StateMachineUpdater] INFO  impl.StateMachineUpdater (StateMachineUpdater.java:takeSnapshot(307)) - e4fa6cd0-dc30-4550-b12f-023a3466045b@group-7FD69FEA80D4-StateMachineUpdater: Took a snapshot at index 95
2025-07-19 06:07:24,029 [e4fa6cd0-dc30-4550-b12f-023a3466045b@group-7FD69FEA80D4-StateMachineUpdater] INFO  impl.StateMachineUpdater (StateMachineUpdater.java:lambda$new$0(101)) - e4fa6cd0-dc30-4550-b12f-023a3466045b@group-7FD69FEA80D4-StateMachineUpdater: snapshotIndex: updateIncreasingly 85 -> 95
2025-07-19 06:07:24,029 [pool-380-thread-1] WARN  keyvalue.KeyValueHandler (KeyValueHandler.java:updateAndGetContainerChecksum(1451)) - Container data checksum updated from c25bf9a6 to d062128c
2025-07-19 06:07:24,030 [pool-380-thread-1] ERROR ozoneimpl.OnDemandContainerScanner (ContainerScanHelper.java:handleUnhealthyScanResult(119)) - Corruption detected in container [4]. Marking it UNHEALTHY. Container has 1 error: CORRUPT_CHUNK for file /home/runner/work/ozone/ozone/hadoop-ozone/integration-test/target/test-dir/MiniOzoneClusterImpl-09c4c6e1-5ab0-4195-ac7b-5aec6defaa36/ozone-meta/datanode-9/data-0/hdds/09c4c6e1-5ab0-4195-ac7b-5aec6defaa36/current/containerDir0/4/chunks/115816896921600004.block with exception: org.apache.hadoop.ozone.common.OzoneChecksumException: Inconsistent read for chunk=ChunkInfo{chunkName='115816896921600004_chunk_1, offset=0, len=5} checksum item 0 expected checksum E8 61 E4 30 actual checksum 36 10 A6 86 for block conID: 4 locID: 115816896921600004 bcsId: 5 replicaIndex: null
2025-07-19T06:07:24.030693591Z e4fa6cd0-dc30-4550-b12f-023a3466045b-ContainerOp-621783e2-3d2d-4ffd-8d5f-7fd69fea80d4-4 ERROR user=null | ip=null | op=WRITE_CHUNK {blockData=conID: 4 locID: 115816896921600004 bcsId: 0 replicaIndex: null, offset=0, size=5, stage=COMMIT_DATA} | ret=FAILURE
java.lang.Exception: Requested operation not allowed as ContainerState is CLOSED
	at org.apache.hadoop.ozone.container.common.impl.HddsDispatcher.dispatchRequest(HddsDispatcher.java:439)
	at org.apache.hadoop.ozone.container.common.impl.HddsDispatcher.lambda$dispatch$1(HddsDispatcher.java:190)
	at org.apache.hadoop.hdds.server.OzoneProtocolMessageDispatcher.processRequest(OzoneProtocolMessageDispatcher.java:87)
	at org.apache.hadoop.ozone.container.common.impl.HddsDispatcher.dispatch(HddsDispatcher.java:189)
	at org.apache.hadoop.ozone.container.common.transport.server.ratis.ContainerStateMachine.dispatchCommand(ContainerStateMachine.java:567)
	at org.apache.hadoop.ozone.container.common.transport.server.ratis.ContainerStateMachine.lambda$applyTransaction$8(ContainerStateMachine.java:1061)
	at org.apache.ratis.util.TaskQueue.lambda$submit$0(TaskQueue.java:121)
	at org.apache.ratis.util.LogUtils.runAndLog(LogUtils.java:38)
	at org.apache.ratis.util.LogUtils$1.run(LogUtils.java:78)
	at java.base/java.util.concurrent.Executors$RunnableAdapter.call(Executors.java:572)
	at java.base/java.util.concurrent.FutureTask.run(FutureTask.java:317)
	at java.base/java.util.concurrent.ThreadPoolExecutor.runWorker(ThreadPoolExecutor.java:1144)
	at java.base/java.util.concurrent.ThreadPoolExecutor$Worker.run(ThreadPoolExecutor.java:642)
	at java.base/java.lang.Thread.run(Thread.java:1583)
2025-07-19 06:07:24,031 [e4fa6cd0-dc30-4550-b12f-023a3466045b-ContainerOp-621783e2-3d2d-4ffd-8d5f-7fd69fea80d4-4] WARN  keyvalue.KeyValueHandler (ContainerUtils.java:logAndReturnError(94)) - Operation: WriteChunk , Trace ID:  , Message: Requested operation not allowed as ContainerState is UNHEALTHY , Result: CONTAINER_UNHEALTHY , StorageContainerException Occurred.
org.apache.hadoop.hdds.scm.container.common.helpers.StorageContainerException: Requested operation not allowed as ContainerState is UNHEALTHY
	at org.apache.hadoop.ozone.container.keyvalue.KeyValueHandler.checkContainerOpen(KeyValueHandler.java:1303)
	at org.apache.hadoop.ozone.container.keyvalue.KeyValueHandler.handleWriteChunk(KeyValueHandler.java:1008)
	at org.apache.hadoop.ozone.container.keyvalue.KeyValueHandler.dispatchRequest(KeyValueHandler.java:342)
	at org.apache.hadoop.ozone.container.keyvalue.KeyValueHandler.handle(KeyValueHandler.java:293)
	at org.apache.hadoop.ozone.container.common.impl.HddsDispatcher.dispatchRequest(HddsDispatcher.java:365)
	at org.apache.hadoop.ozone.container.common.impl.HddsDispatcher.lambda$dispatch$1(HddsDispatcher.java:190)
	at org.apache.hadoop.hdds.server.OzoneProtocolMessageDispatcher.processRequest(OzoneProtocolMessageDispatcher.java:87)
	at org.apache.hadoop.ozone.container.common.impl.HddsDispatcher.dispatch(HddsDispatcher.java:189)
	at org.apache.hadoop.ozone.container.common.transport.server.ratis.ContainerStateMachine.dispatchCommand(ContainerStateMachine.java:567)
	at org.apache.hadoop.ozone.container.common.transport.server.ratis.ContainerStateMachine.lambda$applyTransaction$8(ContainerStateMachine.java:1061)
	at org.apache.ratis.util.TaskQueue.lambda$submit$0(TaskQueue.java:121)
	at org.apache.ratis.util.LogUtils.runAndLog(LogUtils.java:38)
	at org.apache.ratis.util.LogUtils$1.run(LogUtils.java:78)
	at java.base/java.util.concurrent.Executors$RunnableAdapter.call(Executors.java:572)
	at java.base/java.util.concurrent.FutureTask.run(FutureTask.java:317)
	at java.base/java.util.concurrent.ThreadPoolExecutor.runWorker(ThreadPoolExecutor.java:1144)
	at java.base/java.util.concurrent.ThreadPoolExecutor$Worker.run(ThreadPoolExecutor.java:642)
	at java.base/java.lang.Thread.run(Thread.java:1583)
2025-07-19T06:07:24.031445492Z e4fa6cd0-dc30-4550-b12f-023a3466045b-ContainerOp-621783e2-3d2d-4ffd-8d5f-7fd69fea80d4-4 ERROR user=null | ip=null | op=WRITE_CHUNK {blockData=conID: 4 locID: 115816896921600004 bcsId: 0 replicaIndex: null, offset=0, size=5, stage=COMMIT_DATA} | ret=FAILURE
java.lang.Exception: Requested operation not allowed as ContainerState is UNHEALTHY
	at org.apache.hadoop.ozone.container.common.impl.HddsDispatcher.dispatchRequest(HddsDispatcher.java:439)
	at org.apache.hadoop.ozone.container.common.impl.HddsDispatcher.lambda$dispatch$1(HddsDispatcher.java:190)
	at org.apache.hadoop.hdds.server.OzoneProtocolMessageDispatcher.processRequest(OzoneProtocolMessageDispatcher.java:87)
	at org.apache.hadoop.ozone.container.common.impl.HddsDispatcher.dispatch(HddsDispatcher.java:189)
	at org.apache.hadoop.ozone.container.common.transport.server.ratis.ContainerStateMachine.dispatchCommand(ContainerStateMachine.java:567)
	at org.apache.hadoop.ozone.container.common.transport.server.ratis.ContainerStateMachine.lambda$applyTransaction$8(ContainerStateMachine.java:1061)
	at org.apache.ratis.util.TaskQueue.lambda$submit$0(TaskQueue.java:121)
	at org.apache.ratis.util.LogUtils.runAndLog(LogUtils.java:38)
	at org.apache.ratis.util.LogUtils$1.run(LogUtils.java:78)
	at java.base/java.util.concurrent.Executors$RunnableAdapter.call(Executors.java:572)
	at java.base/java.util.concurrent.FutureTask.run(FutureTask.java:317)
	at java.base/java.util.concurrent.ThreadPoolExecutor.runWorker(ThreadPoolExecutor.java:1144)
	at java.base/java.util.concurrent.ThreadPoolExecutor$Worker.run(ThreadPoolExecutor.java:642)
	at java.base/java.lang.Thread.run(Thread.java:1583)
2025-07-19 06:07:24,031 [e4fa6cd0-dc30-4550-b12f-023a3466045b-ContainerOp-621783e2-3d2d-4ffd-8d5f-7fd69fea80d4-4] ERROR ratis.ContainerStateMachine (ContainerStateMachine.java:lambda$applyTransaction$11(1163)) - gid group-7FD69FEA80D4 : ApplyTransaction failed. cmd WriteChunk logIndex 99 msg : Requested operation not allowed as ContainerState is UNHEALTHY Container Result: CONTAINER_UNHEALTHY
2025-07-19 06:07:24,033 [e4fa6cd0-dc30-4550-b12f-023a3466045b-ContainerOp-621783e2-3d2d-4ffd-8d5f-7fd69fea80d4-4] ERROR impl.StateMachineUpdater (StateMachineUpdater.java:lambda$applyLog$3(259)) - Exception while e4fa6cd0-dc30-4550-b12f-023a3466045b@group-7FD69FEA80D4-StateMachineUpdater: applying txn index=99, nextLog=(t:1, i:99), STATEMACHINELOGENTRY, WRITE: logData.size=151, stateMachineData.size=0, logEntryProtoSerializedSize=190
java.util.concurrent.CompletionException: org.apache.hadoop.hdds.scm.container.common.helpers.StorageContainerException: Requested operation not allowed as ContainerState is UNHEALTHY
	at java.base/java.util.concurrent.CompletableFuture.encodeThrowable(CompletableFuture.java:332)
	at java.base/java.util.concurrent.CompletableFuture.completeThrowable(CompletableFuture.java:347)
	at java.base/java.util.concurrent.CompletableFuture.uniWhenComplete(CompletableFuture.java:874)
	at java.base/java.util.concurrent.CompletableFuture$UniWhenComplete.tryFire(CompletableFuture.java:841)
	at java.base/java.util.concurrent.CompletableFuture.postComplete(CompletableFuture.java:510)
	at java.base/java.util.concurrent.CompletableFuture.completeExceptionally(CompletableFuture.java:2194)
	at org.apache.hadoop.ozone.container.common.transport.server.ratis.ContainerStateMachine.lambda$applyTransaction$11(ContainerStateMachine.java:1172)
	at java.base/java.util.concurrent.CompletableFuture$UniApply.tryFire(CompletableFuture.java:646)
	at java.base/java.util.concurrent.CompletableFuture.postComplete(CompletableFuture.java:510)
	at java.base/java.util.concurrent.CompletableFuture.complete(CompletableFuture.java:2179)
	at org.apache.ratis.util.TaskQueue.lambda$submit$0(TaskQueue.java:133)
	at org.apache.ratis.util.LogUtils.runAndLog(LogUtils.java:38)
	at org.apache.ratis.util.LogUtils$1.run(LogUtils.java:78)
	at java.base/java.util.concurrent.Executors$RunnableAdapter.call(Executors.java:572)
	at java.base/java.util.concurrent.FutureTask.run(FutureTask.java:317)
	at java.base/java.util.concurrent.ThreadPoolExecutor.runWorker(ThreadPoolExecutor.java:1144)
	at java.base/java.util.concurrent.ThreadPoolExecutor$Worker.run(ThreadPoolExecutor.java:642)
	at java.base/java.lang.Thread.run(Thread.java:1583)
Caused by: org.apache.hadoop.hdds.scm.container.common.helpers.StorageContainerException: Requested operation not allowed as ContainerState is UNHEALTHY
	at org.apache.hadoop.ozone.container.common.transport.server.ratis.ContainerStateMachine.lambda$applyTransaction$11(ContainerStateMachine.java:1162)
	... 11 more
2025-07-19 06:07:24,033 [e4fa6cd0-dc30-4550-b12f-023a3466045b@group-7FD69FEA80D4-StateMachineUpdater] INFO  ratis.ContainerStateMachine (ContainerStateMachine.java:takeSnapshot(427)) - group-7FD69FEA80D4: Taking a snapshot at:(t:1, i:98) file /home/runner/work/ozone/ozone/hadoop-ozone/integration-test/target/test-dir/MiniOzoneClusterImpl-09c4c6e1-5ab0-4195-ac7b-5aec6defaa36/ozone-meta/datanode-9/ratis/621783e2-3d2d-4ffd-8d5f-7fd69fea80d4/sm/snapshot.1_98
2025-07-19 06:07:24,033 [e4fa6cd0-dc30-4550-b12f-023a3466045b-ContainerOp-621783e2-3d2d-4ffd-8d5f-7fd69fea80d4-4] WARN  ratis.XceiverServerRatis (XceiverServerRatis.java:triggerPipelineClose(758)) - pipeline Action CLOSE on pipeline Pipeline-621783e2-3d2d-4ffd-8d5f-7fd69fea80d4.Reason : Ratis Transaction failure in datanode e4fa6cd0-dc30-4550-b12f-023a3466045b with role LEADER .Triggering pipeline close action.
2025-07-19T06:07:24.034222025Z e4fa6cd0-dc30-4550-b12f-023a3466045b-client-thread2 ERROR user=null | ip=null | op=WRITE_CHUNK {blockData=conID: 4 locID: 115816896921600004 bcsId: 0 replicaIndex: null, offset=0, size=5} | ret=FAILURE
org.apache.hadoop.hdds.scm.container.common.helpers.ContainerNotOpenException: Container 4 in UNHEALTHY state
	at org.apache.hadoop.ozone.container.common.impl.HddsDispatcher.validateContainerCommand(HddsDispatcher.java:580)
	at org.apache.hadoop.ozone.container.common.transport.server.ratis.ContainerStateMachine.startTransaction(ContainerStateMachine.java:488)
	at org.apache.ratis.server.impl.RaftServerImpl.writeAsyncImpl(RaftServerImpl.java:987)
	at org.apache.ratis.server.impl.RaftServerImpl.writeAsync(RaftServerImpl.java:960)
	at org.apache.ratis.server.impl.RaftServerImpl.replyFuture(RaftServerImpl.java:953)
	at org.apache.ratis.server.impl.RaftServerImpl.submitClientRequestAsync(RaftServerImpl.java:930)
	at org.apache.ratis.server.impl.RaftServerImpl.lambda$null$11(RaftServerImpl.java:919)
	at org.apache.ratis.util.JavaUtils.callAsUnchecked(JavaUtils.java:118)
	at org.apache.ratis.server.impl.RaftServerImpl.lambda$executeSubmitClientRequestAsync$12(RaftServerImpl.java:919)
	at java.base/java.util.concurrent.CompletableFuture$AsyncSupply.run(CompletableFuture.java:1768)
	at java.base/java.util.concurrent.ThreadPoolExecutor.runWorker(ThreadPoolExecutor.java:1144)
	at java.base/java.util.concurrent.ThreadPoolExecutor$Worker.run(ThreadPoolExecutor.java:642)
	at java.base/java.lang.Thread.run(Thread.java:1583)
2025-07-19 06:07:24,034 [e4fa6cd0-dc30-4550-b12f-023a3466045b@group-7FD69FEA80D4-StateMachineUpdater] INFO  ratis.ContainerStateMachine (ContainerStateMachine.java:takeSnapshot(436)) - group-7FD69FEA80D4: Finished taking a snapshot at:(t:1, i:98) file:/home/runner/work/ozone/ozone/hadoop-ozone/integration-test/target/test-dir/MiniOzoneClusterImpl-09c4c6e1-5ab0-4195-ac7b-5aec6defaa36/ozone-meta/datanode-9/ratis/621783e2-3d2d-4ffd-8d5f-7fd69fea80d4/sm/snapshot.1_98 took: 2 ms
2025-07-19 06:07:24,035 [e4fa6cd0-dc30-4550-b12f-023a3466045b@group-7FD69FEA80D4-StateMachineUpdater] INFO  impl.SimpleStateMachineStorage (SimpleStateMachineStorage.java:lambda$cleanupOldSnapshots$1(126)) - Deleting old snapshot at /home/runner/work/ozone/ozone/hadoop-ozone/integration-test/target/test-dir/MiniOzoneClusterImpl-09c4c6e1-5ab0-4195-ac7b-5aec6defaa36/ozone-meta/datanode-9/ratis/621783e2-3d2d-4ffd-8d5f-7fd69fea80d4/sm/snapshot.1_67
2025-07-19 06:07:24,036 [e4fa6cd0-dc30-4550-b12f-023a3466045b@group-7FD69FEA80D4-StateMachineUpdater] INFO  impl.StateMachineUpdater (StateMachineUpdater.java:takeSnapshot(307)) - e4fa6cd0-dc30-4550-b12f-023a3466045b@group-7FD69FEA80D4-StateMachineUpdater: Took a snapshot at index 98
2025-07-19 06:07:24,036 [e4fa6cd0-dc30-4550-b12f-023a3466045b@group-7FD69FEA80D4-StateMachineUpdater] INFO  impl.StateMachineUpdater (StateMachineUpdater.java:lambda$new$0(101)) - e4fa6cd0-dc30-4550-b12f-023a3466045b@group-7FD69FEA80D4-StateMachineUpdater: snapshotIndex: updateIncreasingly 95 -> 98
2025-07-19 06:07:24,036 [pool-380-thread-1] WARN  keyvalue.KeyValueContainer (KeyValueContainer.java:markContainerUnhealthy(397)) - Marked container UNHEALTHY from CLOSED: KeyValueContainerData #4 (UNHEALTHY, non-empty, ri=0, origin=[dn_e4fa6cd0-dc30-4550-b12f-023a3466045b, pipeline_621783e2-3d2d-4ffd-8d5f-7fd69fea80d4])
2025-07-19T06:07:24.036813573Z pool-380-thread-1 ERROR ID=4 | Index=0 | BCSID=5 | State=UNHEALTHY | Volume=/home/runner/work/ozone/ozone/hadoop-ozone/integration-test/target/test-dir/MiniOzoneClusterImpl-09c4c6e1-5ab0-4195-ac7b-5aec6defaa36/ozone-meta/datanode-9/data-0/hdds | DataChecksum=d062128c | Container has 1 error: CORRUPT_CHUNK for file /home/runner/work/ozone/ozone/hadoop-ozone/integration-test/target/test-dir/MiniOzoneClusterImpl-09c4c6e1-5ab0-4195-ac7b-5aec6defaa36/ozone-meta/datanode-9/data-0/hdds/09c4c6e1-5ab0-4195-ac7b-5aec6defaa36/current/containerDir0/4/chunks/115816896921600004.block with exception: org.apache.hadoop.ozone.common.OzoneChecksumException: Inconsistent read for chunk=ChunkInfo{chunkName='115816896921600004_chunk_1, offset=0, len=5} checksum item 0 expected checksum E8 61 E4 30 actual checksum 36 10 A6 86 for block conID: 4 locID: 115816896921600004 bcsId: 5 replicaIndex: null2025-07-19 06:07:24,037 [EventQueue-CloseContainerForCloseContainerEventHandler] INFO  container.CloseContainerEventHandler (CloseContainerEventHandler.java:onMessage(88)) - Close container Event triggered for container : #4, current state: CLOSED
2025-07-19 06:07:24,038 [EventQueue-PipelineActionsForPipelineActionHandler] INFO  pipeline.PipelineActionHandler (PipelineActionHandler.java:processPipelineAction(89)) - Received pipeline action CLOSE for Pipeline-621783e2-3d2d-4ffd-8d5f-7fd69fea80d4 from datanode e4fa6cd0-dc30-4550-b12f-023a3466045b(localhost/127.0.0.1). Reason : Ratis Transaction failure in datanode e4fa6cd0-dc30-4550-b12f-023a3466045b with role LEADER .Triggering pipeline close action.
2025-07-19 06:07:24,039 [grpc-default-executor-4] ERROR impl.OrderedAsync (OrderedAsync.java:lambda$send$4(181)) - Failed to send request, message=cmdType: WriteChunk
traceID: ""
containerID: 4
datanodeUuid: "e4fa6cd0-dc30-4550-b12f-023a3466045b"
writeChunk {
  blockID {
    containerID: 4
    localID: 115816896921600004
    blockCommitSequenceId: 0
  }
  chunkData {
    chunkName: "115816896921600004.data.0"
    offset: 0
    len: 5
    checksumData {
      type: CRC32
      bytesPerChecksum: 1048576
      checksums: ";\353L\361"
    }
  }
}
version: 3
, data.size=5
java.util.concurrent.CompletionException: org.apache.ratis.protocol.exceptions.StateMachineException: org.apache.hadoop.hdds.scm.container.common.helpers.StorageContainerException: Requested operation not allowed as ContainerState is UNHEALTHY
	at org.apache.ratis.client.impl.RaftClientImpl.handleRaftException(RaftClientImpl.java:373)
	at org.apache.ratis.client.impl.OrderedAsync.lambda$send$3(OrderedAsync.java:175)
	at java.base/java.util.concurrent.CompletableFuture$UniApply.tryFire(CompletableFuture.java:646)
	at java.base/java.util.concurrent.CompletableFuture.postComplete(CompletableFuture.java:510)
	at java.base/java.util.concurrent.CompletableFuture.complete(CompletableFuture.java:2179)
	at org.apache.ratis.client.impl.OrderedAsync$PendingOrderedRequest.setReply(OrderedAsync.java:105)
	at org.apache.ratis.client.impl.OrderedAsync$PendingOrderedRequest.setReply(OrderedAsync.java:66)
	at org.apache.ratis.util.SlidingWindow$RequestMap.setReply(SlidingWindow.java:147)
	at org.apache.ratis.util.SlidingWindow$Client.receiveReply(SlidingWindow.java:351)
	at org.apache.ratis.client.impl.OrderedAsync.lambda$sendRequestWithRetry$5(OrderedAsync.java:210)
	at java.base/java.util.concurrent.CompletableFuture$UniAccept.tryFire(CompletableFuture.java:718)
	at java.base/java.util.concurrent.CompletableFuture.postComplete(CompletableFuture.java:510)
	at java.base/java.util.concurrent.CompletableFuture.complete(CompletableFuture.java:2179)
	at org.apache.ratis.grpc.client.GrpcClientProtocolClient$AsyncStreamObservers$1.lambda$onNext$0(GrpcClientProtocolClient.java:325)
	at java.base/java.util.Optional.ifPresent(Optional.java:178)
	at org.apache.ratis.grpc.client.GrpcClientProtocolClient$AsyncStreamObservers.handleReplyFuture(GrpcClientProtocolClient.java:381)
	at org.apache.ratis.grpc.client.GrpcClientProtocolClient$AsyncStreamObservers.access$100(GrpcClientProtocolClient.java:303)
	at org.apache.ratis.grpc.client.GrpcClientProtocolClient$AsyncStreamObservers$1.onNext(GrpcClientProtocolClient.java:325)
	at org.apache.ratis.grpc.client.GrpcClientProtocolClient$AsyncStreamObservers$1.onNext(GrpcClientProtocolClient.java:308)
	at org.apache.ratis.thirdparty.io.grpc.stub.ClientCalls$StreamObserverToCallListenerAdapter.onMessage(ClientCalls.java:551)
	at org.apache.ratis.thirdparty.io.grpc.ForwardingClientCallListener.onMessage(ForwardingClientCallListener.java:33)
	at org.apache.ratis.thirdparty.io.grpc.internal.DelayedClientCall$DelayedListener.onMessage(DelayedClientCall.java:473)
	at org.apache.ratis.thirdparty.io.grpc.internal.ClientCallImpl$ClientStreamListenerImpl$1MessagesAvailable.runInternal(ClientCallImpl.java:661)
	at org.apache.ratis.thirdparty.io.grpc.internal.ClientCallImpl$ClientStreamListenerImpl$1MessagesAvailable.runInContext(ClientCallImpl.java:648)
	at org.apache.ratis.thirdparty.io.grpc.internal.ContextRunnable.run(ContextRunnable.java:37)
	at org.apache.ratis.thirdparty.io.grpc.internal.SerializingExecutor.run(SerializingExecutor.java:133)
	at java.base/java.util.concurrent.ThreadPoolExecutor.runWorker(ThreadPoolExecutor.java:1144)
	at java.base/java.util.concurrent.ThreadPoolExecutor$Worker.run(ThreadPoolExecutor.java:642)
	at java.base/java.lang.Thread.run(Thread.java:1583)
Caused by: org.apache.ratis.protocol.exceptions.StateMachineException: org.apache.hadoop.hdds.scm.container.common.helpers.StorageContainerException: Requested operation not allowed as ContainerState is UNHEALTHY
	at org.apache.hadoop.ozone.container.common.transport.server.ratis.ContainerStateMachine.lambda$applyTransaction$11(ContainerStateMachine.java:1162)
	at java.base/java.util.concurrent.CompletableFuture$UniApply.tryFire(CompletableFuture.java:646)
	at java.base/java.util.concurrent.CompletableFuture.postComplete(CompletableFuture.java:510)
	at java.base/java.util.concurrent.CompletableFuture.complete(CompletableFuture.java:2179)
	at org.apache.ratis.util.TaskQueue.lambda$submit$0(TaskQueue.java:133)
	at org.apache.ratis.util.LogUtils.runAndLog(LogUtils.java:38)
	at org.apache.ratis.util.LogUtils$1.run(LogUtils.java:78)
	at java.base/java.util.concurrent.Executors$RunnableAdapter.call(Executors.java:572)
	at java.base/java.util.concurrent.FutureTask.run(FutureTask.java:317)
	... 3 more
2025-07-19 06:07:24,041 [EventQueue-PipelineActionsForPipelineActionHandler] INFO  pipeline.PipelineManagerImpl (PipelineManagerImpl.java:closePipeline(511)) - Pipeline Pipeline-621783e2-3d2d-4ffd-8d5f-7fd69fea80d4 moved to CLOSED state
2025-07-19 06:07:24,044 [grpc-default-executor-4] ERROR impl.OrderedAsync (OrderedAsync.java:lambda$send$4(181)) - Failed to send request, message=cmdType: WriteChunk
traceID: ""
containerID: 4
datanodeUuid: "e4fa6cd0-dc30-4550-b12f-023a3466045b"
writeChunk {
  blockID {
    containerID: 4
    localID: 115816896921600004
    blockCommitSequenceId: 0
  }
  chunkData {
    chunkName: "115816896921600004.data.0"
    offset: 0
    len: 5
    checksumData {
      type: CRC32
      bytesPerChecksum: 1048576
      checksums: "-FI\275"
    }
  }
}
version: 3
, data.size=5
java.util.concurrent.CompletionException: org.apache.ratis.protocol.exceptions.StateMachineException: org.apache.hadoop.hdds.scm.container.common.helpers.ContainerNotOpenException from Server e4fa6cd0-dc30-4550-b12f-023a3466045b@group-7FD69FEA80D4: Container 4 in CLOSING state
	at org.apache.ratis.client.impl.RaftClientImpl.handleRaftException(RaftClientImpl.java:373)
	at org.apache.ratis.client.impl.OrderedAsync.lambda$send$3(OrderedAsync.java:175)
	at java.base/java.util.concurrent.CompletableFuture$UniApply.tryFire(CompletableFuture.java:646)
	at java.base/java.util.concurrent.CompletableFuture.postComplete(CompletableFuture.java:510)
	at java.base/java.util.concurrent.CompletableFuture.complete(CompletableFuture.java:2179)
	at org.apache.ratis.client.impl.OrderedAsync$PendingOrderedRequest.setReply(OrderedAsync.java:105)
	at org.apache.ratis.client.impl.OrderedAsync$PendingOrderedRequest.setReply(OrderedAsync.java:66)
	at org.apache.ratis.util.SlidingWindow$RequestMap.setReply(SlidingWindow.java:147)
	at org.apache.ratis.util.SlidingWindow$Client.receiveReply(SlidingWindow.java:351)
	at org.apache.ratis.client.impl.OrderedAsync.lambda$sendRequestWithRetry$5(OrderedAsync.java:210)
	at java.base/java.util.concurrent.CompletableFuture$UniAccept.tryFire(CompletableFuture.java:718)
	at java.base/java.util.concurrent.CompletableFuture.postComplete(CompletableFuture.java:510)
	at java.base/java.util.concurrent.CompletableFuture.complete(CompletableFuture.java:2179)
	at org.apache.ratis.grpc.client.GrpcClientProtocolClient$AsyncStreamObservers$1.lambda$onNext$0(GrpcClientProtocolClient.java:325)
	at java.base/java.util.Optional.ifPresent(Optional.java:178)
	at org.apache.ratis.grpc.client.GrpcClientProtocolClient$AsyncStreamObservers.handleReplyFuture(GrpcClientProtocolClient.java:381)
	at org.apache.ratis.grpc.client.GrpcClientProtocolClient$AsyncStreamObservers.access$100(GrpcClientProtocolClient.java:303)
	at org.apache.ratis.grpc.client.GrpcClientProtocolClient$AsyncStreamObservers$1.onNext(GrpcClientProtocolClient.java:325)
	at org.apache.ratis.grpc.client.GrpcClientProtocolClient$AsyncStreamObservers$1.onNext(GrpcClientProtocolClient.java:308)
	at org.apache.ratis.thirdparty.io.grpc.stub.ClientCalls$StreamObserverToCallListenerAdapter.onMessage(ClientCalls.java:551)
	at org.apache.ratis.thirdparty.io.grpc.ForwardingClientCallListener.onMessage(ForwardingClientCallListener.java:33)
	at org.apache.ratis.thirdparty.io.grpc.internal.DelayedClientCall$DelayedListener.onMessage(DelayedClientCall.java:473)
	at org.apache.ratis.thirdparty.io.grpc.internal.ClientCallImpl$ClientStreamListenerImpl$1MessagesAvailable.runInternal(ClientCallImpl.java:661)
	at org.apache.ratis.thirdparty.io.grpc.internal.ClientCallImpl$ClientStreamListenerImpl$1MessagesAvailable.runInContext(ClientCallImpl.java:648)
	at org.apache.ratis.thirdparty.io.grpc.internal.ContextRunnable.run(ContextRunnable.java:37)
	at org.apache.ratis.thirdparty.io.grpc.internal.SerializingExecutor.run(SerializingExecutor.java:133)
	at java.base/java.util.concurrent.ThreadPoolExecutor.runWorker(ThreadPoolExecutor.java:1144)
	at java.base/java.util.concurrent.ThreadPoolExecutor$Worker.run(ThreadPoolExecutor.java:642)
	at java.base/java.lang.Thread.run(Thread.java:1583)
Caused by: org.apache.ratis.protocol.exceptions.StateMachineException: org.apache.hadoop.hdds.scm.container.common.helpers.ContainerNotOpenException from Server e4fa6cd0-dc30-4550-b12f-023a3466045b@group-7FD69FEA80D4: Container 4 in CLOSING state
	at org.apache.hadoop.ozone.container.common.impl.HddsDispatcher.validateContainerCommand(HddsDispatcher.java:580)
	at org.apache.hadoop.ozone.container.common.transport.server.ratis.ContainerStateMachine.startTransaction(ContainerStateMachine.java:488)
	at org.apache.ratis.server.impl.RaftServerImpl.writeAsyncImpl(RaftServerImpl.java:987)
	at org.apache.ratis.server.impl.RaftServerImpl.writeAsync(RaftServerImpl.java:960)
	at org.apache.ratis.server.impl.RaftServerImpl.replyFuture(RaftServerImpl.java:953)
	at org.apache.ratis.server.impl.RaftServerImpl.submitClientRequestAsync(RaftServerImpl.java:930)
	at org.apache.ratis.server.impl.RaftServerImpl.lambda$null$11(RaftServerImpl.java:919)
	at org.apache.ratis.util.JavaUtils.callAsUnchecked(JavaUtils.java:118)
	at org.apache.ratis.server.impl.RaftServerImpl.lambda$executeSubmitClientRequestAsync$12(RaftServerImpl.java:919)
	at java.base/java.util.concurrent.CompletableFuture$AsyncSupply.run(CompletableFuture.java:1768)
	... 3 more
Caused by: org.apache.hadoop.hdds.scm.container.common.helpers.ContainerNotOpenException: Container 4 in CLOSING state
	at java.base/jdk.internal.reflect.DirectConstructorHandleAccessor.newInstance(DirectConstructorHandleAccessor.java:62)
	at java.base/java.lang.reflect.Constructor.newInstanceWithCaller(Constructor.java:502)
	at java.base/java.lang.reflect.Constructor.newInstance(Constructor.java:486)
	at org.apache.ratis.util.ReflectionUtils.instantiateException(ReflectionUtils.java:265)
	at org.apache.ratis.client.impl.ClientProtoUtils.toStateMachineException(ClientProtoUtils.java:455)
	at org.apache.ratis.client.impl.ClientProtoUtils.toStateMachineException(ClientProtoUtils.java:441)
	at org.apache.ratis.client.impl.ClientProtoUtils.toRaftClientReply(ClientProtoUtils.java:408)
	at org.apache.ratis.grpc.client.GrpcClientProtocolClient$AsyncStreamObservers$1.onNext(GrpcClientProtocolClient.java:313)
	at org.apache.ratis.grpc.client.GrpcClientProtocolClient$AsyncStreamObservers$1.onNext(GrpcClientProtocolClient.java:308)
	at org.apache.ratis.thirdparty.io.grpc.stub.ClientCalls$StreamObserverToCallListenerAdapter.onMessage(ClientCalls.java:551)
	at org.apache.ratis.thirdparty.io.grpc.ForwardingClientCallListener.onMessage(ForwardingClientCallListener.java:33)
	at org.apache.ratis.thirdparty.io.grpc.internal.DelayedClientCall$DelayedListener.onMessage(DelayedClientCall.java:473)
	at org.apache.ratis.thirdparty.io.grpc.internal.ClientCallImpl$ClientStreamListenerImpl$1MessagesAvailable.runInternal(ClientCallImpl.java:661)
	at org.apache.ratis.thirdparty.io.grpc.internal.ClientCallImpl$ClientStreamListenerImpl$1MessagesAvailable.runInContext(ClientCallImpl.java:648)
	at org.apache.ratis.thirdparty.io.grpc.internal.ContextRunnable.run(ContextRunnable.java:37)
	at org.apache.ratis.thirdparty.io.grpc.internal.SerializingExecutor.run(SerializingExecutor.java:133)
	... 3 more
2025-07-19 06:07:24,047 [EventQueue-PipelineActionsForPipelineActionHandler] INFO  pipeline.PipelineActionHandler (PipelineActionHandler.java:processPipelineAction(89)) - Received pipeline action CLOSE for Pipeline-621783e2-3d2d-4ffd-8d5f-7fd69fea80d4 from datanode e4fa6cd0-dc30-4550-b12f-023a3466045b(localhost/127.0.0.1). Reason : Ratis Transaction failure in datanode e4fa6cd0-dc30-4550-b12f-023a3466045b with role LEADER .Triggering pipeline close action.
2025-07-19 06:07:24,047 [EventQueue-PipelineActionsForPipelineActionHandler] INFO  pipeline.PipelineActionHandler (PipelineActionHandler.java:processPipelineAction(89)) - Received pipeline action CLOSE for Pipeline-621783e2-3d2d-4ffd-8d5f-7fd69fea80d4 from datanode e4fa6cd0-dc30-4550-b12f-023a3466045b(localhost/127.0.0.1). Reason : Ratis Transaction failure in datanode e4fa6cd0-dc30-4550-b12f-023a3466045b with role LEADER .Triggering pipeline close action.
2025-07-19 06:07:24,051 [grpc-default-executor-4] ERROR impl.OrderedAsync (OrderedAsync.java:lambda$send$4(181)) - Failed to send request, message=cmdType: WriteChunk
traceID: ""
containerID: 4
datanodeUuid: "e4fa6cd0-dc30-4550-b12f-023a3466045b"
writeChunk {
  blockID {
    containerID: 4
    localID: 115816896921600004
    blockCommitSequenceId: 0
  }
  chunkData {
    chunkName: "115816896921600004.data.0"
    offset: 0
    len: 5
    checksumData {
      type: CRC32
      bytesPerChecksum: 1048576
      checksums: "1B\326s"
    }
  }
}
version: 3
, data.size=5
java.util.concurrent.CompletionException: org.apache.ratis.protocol.exceptions.StateMachineException: org.apache.hadoop.hdds.scm.container.common.helpers.ContainerNotOpenException from Server e4fa6cd0-dc30-4550-b12f-023a3466045b@group-7FD69FEA80D4: Container 4 in CLOSING state
	at org.apache.ratis.client.impl.RaftClientImpl.handleRaftException(RaftClientImpl.java:373)
	at org.apache.ratis.client.impl.OrderedAsync.lambda$send$3(OrderedAsync.java:175)
	at java.base/java.util.concurrent.CompletableFuture$UniApply.tryFire(CompletableFuture.java:646)
	at java.base/java.util.concurrent.CompletableFuture.postComplete(CompletableFuture.java:510)
	at java.base/java.util.concurrent.CompletableFuture.complete(CompletableFuture.java:2179)
	at org.apache.ratis.client.impl.OrderedAsync$PendingOrderedRequest.setReply(OrderedAsync.java:105)
	at org.apache.ratis.client.impl.OrderedAsync$PendingOrderedRequest.setReply(OrderedAsync.java:66)
	at org.apache.ratis.util.SlidingWindow$RequestMap.setReply(SlidingWindow.java:147)
	at org.apache.ratis.util.SlidingWindow$Client.receiveReply(SlidingWindow.java:351)
	at org.apache.ratis.client.impl.OrderedAsync.lambda$sendRequestWithRetry$5(OrderedAsync.java:210)
	at java.base/java.util.concurrent.CompletableFuture$UniAccept.tryFire(CompletableFuture.java:718)
	at java.base/java.util.concurrent.CompletableFuture.postComplete(CompletableFuture.java:510)
	at java.base/java.util.concurrent.CompletableFuture.complete(CompletableFuture.java:2179)
	at org.apache.ratis.grpc.client.GrpcClientProtocolClient$AsyncStreamObservers$1.lambda$onNext$0(GrpcClientProtocolClient.java:325)
	at java.base/java.util.Optional.ifPresent(Optional.java:178)
	at org.apache.ratis.grpc.client.GrpcClientProtocolClient$AsyncStreamObservers.handleReplyFuture(GrpcClientProtocolClient.java:381)
	at org.apache.ratis.grpc.client.GrpcClientProtocolClient$AsyncStreamObservers.access$100(GrpcClientProtocolClient.java:303)
	at org.apache.ratis.grpc.client.GrpcClientProtocolClient$AsyncStreamObservers$1.onNext(GrpcClientProtocolClient.java:325)
	at org.apache.ratis.grpc.client.GrpcClientProtocolClient$AsyncStreamObservers$1.onNext(GrpcClientProtocolClient.java:308)
	at org.apache.ratis.thirdparty.io.grpc.stub.ClientCalls$StreamObserverToCallListenerAdapter.onMessage(ClientCalls.java:551)
	at org.apache.ratis.thirdparty.io.grpc.ForwardingClientCallListener.onMessage(ForwardingClientCallListener.java:33)
	at org.apache.ratis.thirdparty.io.grpc.internal.DelayedClientCall$DelayedListener.onMessage(DelayedClientCall.java:473)
	at org.apache.ratis.thirdparty.io.grpc.internal.ClientCallImpl$ClientStreamListenerImpl$1MessagesAvailable.runInternal(ClientCallImpl.java:661)
	at org.apache.ratis.thirdparty.io.grpc.internal.ClientCallImpl$ClientStreamListenerImpl$1MessagesAvailable.runInContext(ClientCallImpl.java:648)
	at org.apache.ratis.thirdparty.io.grpc.internal.ContextRunnable.run(ContextRunnable.java:37)
	at org.apache.ratis.thirdparty.io.grpc.internal.SerializingExecutor.run(SerializingExecutor.java:133)
	at java.base/java.util.concurrent.ThreadPoolExecutor.runWorker(ThreadPoolExecutor.java:1144)
	at java.base/java.util.concurrent.ThreadPoolExecutor$Worker.run(ThreadPoolExecutor.java:642)
	at java.base/java.lang.Thread.run(Thread.java:1583)
Caused by: org.apache.ratis.protocol.exceptions.StateMachineException: org.apache.hadoop.hdds.scm.container.common.helpers.ContainerNotOpenException from Server e4fa6cd0-dc30-4550-b12f-023a3466045b@group-7FD69FEA80D4: Container 4 in CLOSING state
	at org.apache.hadoop.ozone.container.common.impl.HddsDispatcher.validateContainerCommand(HddsDispatcher.java:580)
	at org.apache.hadoop.ozone.container.common.transport.server.ratis.ContainerStateMachine.startTransaction(ContainerStateMachine.java:488)
	at org.apache.ratis.server.impl.RaftServerImpl.writeAsyncImpl(RaftServerImpl.java:987)
	at org.apache.ratis.server.impl.RaftServerImpl.writeAsync(RaftServerImpl.java:960)
	at org.apache.ratis.server.impl.RaftServerImpl.replyFuture(RaftServerImpl.java:953)
	at org.apache.ratis.server.impl.RaftServerImpl.submitClientRequestAsync(RaftServerImpl.java:930)
	at org.apache.ratis.server.impl.RaftServerImpl.lambda$null$11(RaftServerImpl.java:919)
	at org.apache.ratis.util.JavaUtils.callAsUnchecked(JavaUtils.java:118)
	at org.apache.ratis.server.impl.RaftServerImpl.lambda$executeSubmitClientRequestAsync$12(RaftServerImpl.java:919)
	at java.base/java.util.concurrent.CompletableFuture$AsyncSupply.run(CompletableFuture.java:1768)
	... 3 more
Caused by: org.apache.hadoop.hdds.scm.container.common.helpers.ContainerNotOpenException: Container 4 in CLOSING state
	at java.base/jdk.internal.reflect.DirectConstructorHandleAccessor.newInstance(DirectConstructorHandleAccessor.java:62)
	at java.base/java.lang.reflect.Constructor.newInstanceWithCaller(Constructor.java:502)
	at java.base/java.lang.reflect.Constructor.newInstance(Constructor.java:486)
	at org.apache.ratis.util.ReflectionUtils.instantiateException(ReflectionUtils.java:265)
	at org.apache.ratis.client.impl.ClientProtoUtils.toStateMachineException(ClientProtoUtils.java:455)
	at org.apache.ratis.client.impl.ClientProtoUtils.toStateMachineException(ClientProtoUtils.java:441)
	at org.apache.ratis.client.impl.ClientProtoUtils.toRaftClientReply(ClientProtoUtils.java:408)
	at org.apache.ratis.grpc.client.GrpcClientProtocolClient$AsyncStreamObservers$1.onNext(GrpcClientProtocolClient.java:313)
	at org.apache.ratis.grpc.client.GrpcClientProtocolClient$AsyncStreamObservers$1.onNext(GrpcClientProtocolClient.java:308)
	at org.apache.ratis.thirdparty.io.grpc.stub.ClientCalls$StreamObserverToCallListenerAdapter.onMessage(ClientCalls.java:551)
	at org.apache.ratis.thirdparty.io.grpc.ForwardingClientCallListener.onMessage(ForwardingClientCallListener.java:33)
	at org.apache.ratis.thirdparty.io.grpc.internal.DelayedClientCall$DelayedListener.onMessage(DelayedClientCall.java:473)
	at org.apache.ratis.thirdparty.io.grpc.internal.ClientCallImpl$ClientStreamListenerImpl$1MessagesAvailable.runInternal(ClientCallImpl.java:661)
	at org.apache.ratis.thirdparty.io.grpc.internal.ClientCallImpl$ClientStreamListenerImpl$1MessagesAvailable.runInContext(ClientCallImpl.java:648)
	at org.apache.ratis.thirdparty.io.grpc.internal.ContextRunnable.run(ContextRunnable.java:37)
	at org.apache.ratis.thirdparty.io.grpc.internal.SerializingExecutor.run(SerializingExecutor.java:133)
	... 3 more
2025-07-19 06:07:24,056 [grpc-default-executor-4] ERROR impl.OrderedAsync (OrderedAsync.java:lambda$send$4(181)) - Failed to send request, message=cmdType: WriteChunk
traceID: ""
containerID: 4
datanodeUuid: "e4fa6cd0-dc30-4550-b12f-023a3466045b"
writeChunk {
  blockID {
    containerID: 4
    localID: 115816896921600004
    blockCommitSequenceId: 0
  }
  chunkData {
    chunkName: "115816896921600004.data.0"
    offset: 0
    len: 5
    checksumData {
      type: CRC32
      bytesPerChecksum: 1048576
      checksums: "+\302\235\370"
    }
  }
}
version: 3
, data.size=5
java.util.concurrent.CompletionException: org.apache.ratis.protocol.exceptions.StateMachineException: org.apache.hadoop.hdds.scm.container.common.helpers.ContainerNotOpenException from Server e4fa6cd0-dc30-4550-b12f-023a3466045b@group-7FD69FEA80D4: Container 4 in CLOSING state
	at org.apache.ratis.client.impl.RaftClientImpl.handleRaftException(RaftClientImpl.java:373)
	at org.apache.ratis.client.impl.OrderedAsync.lambda$send$3(OrderedAsync.java:175)
	at java.base/java.util.concurrent.CompletableFuture$UniApply.tryFire(CompletableFuture.java:646)
	at java.base/java.util.concurrent.CompletableFuture.postComplete(CompletableFuture.java:510)
	at java.base/java.util.concurrent.CompletableFuture.complete(CompletableFuture.java:2179)
	at org.apache.ratis.client.impl.OrderedAsync$PendingOrderedRequest.setReply(OrderedAsync.java:105)
	at org.apache.ratis.client.impl.OrderedAsync$PendingOrderedRequest.setReply(OrderedAsync.java:66)
	at org.apache.ratis.util.SlidingWindow$RequestMap.setReply(SlidingWindow.java:147)
	at org.apache.ratis.util.SlidingWindow$Client.receiveReply(SlidingWindow.java:351)
	at org.apache.ratis.client.impl.OrderedAsync.lambda$sendRequestWithRetry$5(OrderedAsync.java:210)
	at java.base/java.util.concurrent.CompletableFuture$UniAccept.tryFire(CompletableFuture.java:718)
	at java.base/java.util.concurrent.CompletableFuture.postComplete(CompletableFuture.java:510)
	at java.base/java.util.concurrent.CompletableFuture.complete(CompletableFuture.java:2179)
	at org.apache.ratis.grpc.client.GrpcClientProtocolClient$AsyncStreamObservers$1.lambda$onNext$0(GrpcClientProtocolClient.java:325)
	at java.base/java.util.Optional.ifPresent(Optional.java:178)
	at org.apache.ratis.grpc.client.GrpcClientProtocolClient$AsyncStreamObservers.handleReplyFuture(GrpcClientProtocolClient.java:381)
	at org.apache.ratis.grpc.client.GrpcClientProtocolClient$AsyncStreamObservers.access$100(GrpcClientProtocolClient.java:303)
	at org.apache.ratis.grpc.client.GrpcClientProtocolClient$AsyncStreamObservers$1.onNext(GrpcClientProtocolClient.java:325)
	at org.apache.ratis.grpc.client.GrpcClientProtocolClient$AsyncStreamObservers$1.onNext(GrpcClientProtocolClient.java:308)
	at org.apache.ratis.thirdparty.io.grpc.stub.ClientCalls$StreamObserverToCallListenerAdapter.onMessage(ClientCalls.java:551)
	at org.apache.ratis.thirdparty.io.grpc.ForwardingClientCallListener.onMessage(ForwardingClientCallListener.java:33)
	at org.apache.ratis.thirdparty.io.grpc.internal.DelayedClientCall$DelayedListener.onMessage(DelayedClientCall.java:473)
	at org.apache.ratis.thirdparty.io.grpc.internal.ClientCallImpl$ClientStreamListenerImpl$1MessagesAvailable.runInternal(ClientCallImpl.java:661)
	at org.apache.ratis.thirdparty.io.grpc.internal.ClientCallImpl$ClientStreamListenerImpl$1MessagesAvailable.runInContext(ClientCallImpl.java:648)
	at org.apache.ratis.thirdparty.io.grpc.internal.ContextRunnable.run(ContextRunnable.java:37)
	at org.apache.ratis.thirdparty.io.grpc.internal.SerializingExecutor.run(SerializingExecutor.java:133)
	at java.base/java.util.concurrent.ThreadPoolExecutor.runWorker(ThreadPoolExecutor.java:1144)
	at java.base/java.util.concurrent.ThreadPoolExecutor$Worker.run(ThreadPoolExecutor.java:642)
	at java.base/java.lang.Thread.run(Thread.java:1583)
Caused by: org.apache.ratis.protocol.exceptions.StateMachineException: org.apache.hadoop.hdds.scm.container.common.helpers.ContainerNotOpenException from Server e4fa6cd0-dc30-4550-b12f-023a3466045b@group-7FD69FEA80D4: Container 4 in CLOSING state
	at org.apache.hadoop.ozone.container.common.impl.HddsDispatcher.validateContainerCommand(HddsDispatcher.java:580)
	at org.apache.hadoop.ozone.container.common.transport.server.ratis.ContainerStateMachine.startTransaction(ContainerStateMachine.java:488)
	at org.apache.ratis.server.impl.RaftServerImpl.writeAsyncImpl(RaftServerImpl.java:987)
	at org.apache.ratis.server.impl.RaftServerImpl.writeAsync(RaftServerImpl.java:960)
	at org.apache.ratis.server.impl.RaftServerImpl.replyFuture(RaftServerImpl.java:953)
	at org.apache.ratis.server.impl.RaftServerImpl.submitClientRequestAsync(RaftServerImpl.java:930)
	at org.apache.ratis.server.impl.RaftServerImpl.lambda$null$11(RaftServerImpl.java:919)
	at org.apache.ratis.util.JavaUtils.callAsUnchecked(JavaUtils.java:118)
	at org.apache.ratis.server.impl.RaftServerImpl.lambda$executeSubmitClientRequestAsync$12(RaftServerImpl.java:919)
	at java.base/java.util.concurrent.CompletableFuture$AsyncSupply.run(CompletableFuture.java:1768)
	... 3 more
Caused by: org.apache.hadoop.hdds.scm.container.common.helpers.ContainerNotOpenException: Container 4 in CLOSING state
	at java.base/jdk.internal.reflect.DirectConstructorHandleAccessor.newInstance(DirectConstructorHandleAccessor.java:62)
	at java.base/java.lang.reflect.Constructor.newInstanceWithCaller(Constructor.java:502)
	at java.base/java.lang.reflect.Constructor.newInstance(Constructor.java:486)
	at org.apache.ratis.util.ReflectionUtils.instantiateException(ReflectionUtils.java:265)
	at org.apache.ratis.client.impl.ClientProtoUtils.toStateMachineException(ClientProtoUtils.java:455)
	at org.apache.ratis.client.impl.ClientProtoUtils.toStateMachineException(ClientProtoUtils.java:441)
	at org.apache.ratis.client.impl.ClientProtoUtils.toRaftClientReply(ClientProtoUtils.java:408)
	at org.apache.ratis.grpc.client.GrpcClientProtocolClient$AsyncStreamObservers$1.onNext(GrpcClientProtocolClient.java:313)
	at org.apache.ratis.grpc.client.GrpcClientProtocolClient$AsyncStreamObservers$1.onNext(GrpcClientProtocolClient.java:308)
	at org.apache.ratis.thirdparty.io.grpc.stub.ClientCalls$StreamObserverToCallListenerAdapter.onMessage(ClientCalls.java:551)
	at org.apache.ratis.thirdparty.io.grpc.ForwardingClientCallListener.onMessage(ForwardingClientCallListener.java:33)
	at org.apache.ratis.thirdparty.io.grpc.internal.DelayedClientCall$DelayedListener.onMessage(DelayedClientCall.java:473)
	at org.apache.ratis.thirdparty.io.grpc.internal.ClientCallImpl$ClientStreamListenerImpl$1MessagesAvailable.runInternal(ClientCallImpl.java:661)
	at org.apache.ratis.thirdparty.io.grpc.internal.ClientCallImpl$ClientStreamListenerImpl$1MessagesAvailable.runInContext(ClientCallImpl.java:648)
	at org.apache.ratis.thirdparty.io.grpc.internal.ContextRunnable.run(ContextRunnable.java:37)
	at org.apache.ratis.thirdparty.io.grpc.internal.SerializingExecutor.run(SerializingExecutor.java:133)
	... 3 more
2025-07-19 06:07:24,058 [grpc-default-executor-4] ERROR impl.OrderedAsync (OrderedAsync.java:lambda$send$4(181)) - Failed to send request, message=cmdType: WriteChunk
traceID: ""
containerID: 4
datanodeUuid: "e4fa6cd0-dc30-4550-b12f-023a3466045b"
writeChunk {
  blockID {
    containerID: 4
    localID: 115816896921600004
    blockCommitSequenceId: 0
  }
  chunkData {
    chunkName: "115816896921600004.data.0"
    offset: 0
    len: 5
    checksumData {
      type: CRC32
      bytesPerChecksum: 1048576
      checksums: "\263\363\222\367"
    }
  }
}
version: 3
, data.size=5
java.util.concurrent.CompletionException: org.apache.ratis.protocol.exceptions.StateMachineException: org.apache.hadoop.hdds.scm.container.common.helpers.ContainerNotOpenException from Server e4fa6cd0-dc30-4550-b12f-023a3466045b@group-7FD69FEA80D4: Container 4 in CLOSING state
	at org.apache.ratis.client.impl.RaftClientImpl.handleRaftException(RaftClientImpl.java:373)
	at org.apache.ratis.client.impl.OrderedAsync.lambda$send$3(OrderedAsync.java:175)
	at java.base/java.util.concurrent.CompletableFuture$UniApply.tryFire(CompletableFuture.java:646)
	at java.base/java.util.concurrent.CompletableFuture.postComplete(CompletableFuture.java:510)
	at java.base/java.util.concurrent.CompletableFuture.complete(CompletableFuture.java:2179)
	at org.apache.ratis.client.impl.OrderedAsync$PendingOrderedRequest.setReply(OrderedAsync.java:105)
	at org.apache.ratis.client.impl.OrderedAsync$PendingOrderedRequest.setReply(OrderedAsync.java:66)
	at org.apache.ratis.util.SlidingWindow$RequestMap.setReply(SlidingWindow.java:147)
	at org.apache.ratis.util.SlidingWindow$Client.receiveReply(SlidingWindow.java:351)
	at org.apache.ratis.client.impl.OrderedAsync.lambda$sendRequestWithRetry$5(OrderedAsync.java:210)
	at java.base/java.util.concurrent.CompletableFuture$UniAccept.tryFire(CompletableFuture.java:718)
	at java.base/java.util.concurrent.CompletableFuture.postComplete(CompletableFuture.java:510)
	at java.base/java.util.concurrent.CompletableFuture.complete(CompletableFuture.java:2179)
	at org.apache.ratis.grpc.client.GrpcClientProtocolClient$AsyncStreamObservers$1.lambda$onNext$0(GrpcClientProtocolClient.java:325)
	at java.base/java.util.Optional.ifPresent(Optional.java:178)
	at org.apache.ratis.grpc.client.GrpcClientProtocolClient$AsyncStreamObservers.handleReplyFuture(GrpcClientProtocolClient.java:381)
	at org.apache.ratis.grpc.client.GrpcClientProtocolClient$AsyncStreamObservers.access$100(GrpcClientProtocolClient.java:303)
	at org.apache.ratis.grpc.client.GrpcClientProtocolClient$AsyncStreamObservers$1.onNext(GrpcClientProtocolClient.java:325)
	at org.apache.ratis.grpc.client.GrpcClientProtocolClient$AsyncStreamObservers$1.onNext(GrpcClientProtocolClient.java:308)
	at org.apache.ratis.thirdparty.io.grpc.stub.ClientCalls$StreamObserverToCallListenerAdapter.onMessage(ClientCalls.java:551)
	at org.apache.ratis.thirdparty.io.grpc.ForwardingClientCallListener.onMessage(ForwardingClientCallListener.java:33)
	at org.apache.ratis.thirdparty.io.grpc.internal.DelayedClientCall$DelayedListener.onMessage(DelayedClientCall.java:473)
	at org.apache.ratis.thirdparty.io.grpc.internal.ClientCallImpl$ClientStreamListenerImpl$1MessagesAvailable.runInternal(ClientCallImpl.java:661)
	at org.apache.ratis.thirdparty.io.grpc.internal.ClientCallImpl$ClientStreamListenerImpl$1MessagesAvailable.runInContext(ClientCallImpl.java:648)
	at org.apache.ratis.thirdparty.io.grpc.internal.ContextRunnable.run(ContextRunnable.java:37)
	at org.apache.ratis.thirdparty.io.grpc.internal.SerializingExecutor.run(SerializingExecutor.java:133)
	at java.base/java.util.concurrent.ThreadPoolExecutor.runWorker(ThreadPoolExecutor.java:1144)
	at java.base/java.util.concurrent.ThreadPoolExecutor$Worker.run(ThreadPoolExecutor.java:642)
	at java.base/java.lang.Thread.run(Thread.java:1583)
Caused by: org.apache.ratis.protocol.exceptions.StateMachineException: org.apache.hadoop.hdds.scm.container.common.helpers.ContainerNotOpenException from Server e4fa6cd0-dc30-4550-b12f-023a3466045b@group-7FD69FEA80D4: Container 4 in CLOSING state
	at org.apache.hadoop.ozone.container.common.impl.HddsDispatcher.validateContainerCommand(HddsDispatcher.java:580)
	at org.apache.hadoop.ozone.container.common.transport.server.ratis.ContainerStateMachine.startTransaction(ContainerStateMachine.java:488)
	at org.apache.ratis.server.impl.RaftServerImpl.writeAsyncImpl(RaftServerImpl.java:987)
	at org.apache.ratis.server.impl.RaftServerImpl.writeAsync(RaftServerImpl.java:960)
	at org.apache.ratis.server.impl.RaftServerImpl.replyFuture(RaftServerImpl.java:953)
	at org.apache.ratis.server.impl.RaftServerImpl.submitClientRequestAsync(RaftServerImpl.java:930)
	at org.apache.ratis.server.impl.RaftServerImpl.lambda$null$11(RaftServerImpl.java:919)
	at org.apache.ratis.util.JavaUtils.callAsUnchecked(JavaUtils.java:118)
	at org.apache.ratis.server.impl.RaftServerImpl.lambda$executeSubmitClientRequestAsync$12(RaftServerImpl.java:919)
	at java.base/java.util.concurrent.CompletableFuture$AsyncSupply.run(CompletableFuture.java:1768)
	... 3 more
Caused by: org.apache.hadoop.hdds.scm.container.common.helpers.ContainerNotOpenException: Container 4 in CLOSING state
	at java.base/jdk.internal.reflect.DirectConstructorHandleAccessor.newInstance(DirectConstructorHandleAccessor.java:62)
	at java.base/java.lang.reflect.Constructor.newInstanceWithCaller(Constructor.java:502)
	at java.base/java.lang.reflect.Constructor.newInstance(Constructor.java:486)
	at org.apache.ratis.util.ReflectionUtils.instantiateException(ReflectionUtils.java:265)
	at org.apache.ratis.client.impl.ClientProtoUtils.toStateMachineException(ClientProtoUtils.java:455)
	at org.apache.ratis.client.impl.ClientProtoUtils.toStateMachineException(ClientProtoUtils.java:441)
	at org.apache.ratis.client.impl.ClientProtoUtils.toRaftClientReply(ClientProtoUtils.java:408)
	at org.apache.ratis.grpc.client.GrpcClientProtocolClient$AsyncStreamObservers$1.onNext(GrpcClientProtocolClient.java:313)
	at org.apache.ratis.grpc.client.GrpcClientProtocolClient$AsyncStreamObservers$1.onNext(GrpcClientProtocolClient.java:308)
	at org.apache.ratis.thirdparty.io.grpc.stub.ClientCalls$StreamObserverToCallListenerAdapter.onMessage(ClientCalls.java:551)
	at org.apache.ratis.thirdparty.io.grpc.ForwardingClientCallListener.onMessage(ForwardingClientCallListener.java:33)
	at org.apache.ratis.thirdparty.io.grpc.internal.DelayedClientCall$DelayedListener.onMessage(DelayedClientCall.java:473)
	at org.apache.ratis.thirdparty.io.grpc.internal.ClientCallImpl$ClientStreamListenerImpl$1MessagesAvailable.runInternal(ClientCallImpl.java:661)
	at org.apache.ratis.thirdparty.io.grpc.internal.ClientCallImpl$ClientStreamListenerImpl$1MessagesAvailable.runInContext(ClientCallImpl.java:648)
	at org.apache.ratis.thirdparty.io.grpc.internal.ContextRunnable.run(ContextRunnable.java:37)
	at org.apache.ratis.thirdparty.io.grpc.internal.SerializingExecutor.run(SerializingExecutor.java:133)
	... 3 more
2025-07-19 06:07:24,059 [grpc-default-executor-4] ERROR impl.OrderedAsync (OrderedAsync.java:lambda$send$4(181)) - Failed to send request, message=cmdType: WriteChunk
traceID: ""
containerID: 4
datanodeUuid: "e4fa6cd0-dc30-4550-b12f-023a3466045b"
writeChunk {
  blockID {
    containerID: 4
    localID: 115816896921600004
    blockCommitSequenceId: 0
  }
  chunkData {
    chunkName: "115816896921600004.data.0"
    offset: 0
    len: 5
    checksumData {
      type: CRC32
      bytesPerChecksum: 1048576
      checksums: "\320\205\206b"
    }
  }
}
version: 3
, data.size=5
java.util.concurrent.CompletionException: org.apache.ratis.protocol.exceptions.StateMachineException: org.apache.hadoop.hdds.scm.container.common.helpers.ContainerNotOpenException from Server e4fa6cd0-dc30-4550-b12f-023a3466045b@group-7FD69FEA80D4: Container 4 in CLOSING state
	at org.apache.ratis.client.impl.RaftClientImpl.handleRaftException(RaftClientImpl.java:373)
	at org.apache.ratis.client.impl.OrderedAsync.lambda$send$3(OrderedAsync.java:175)
	at java.base/java.util.concurrent.CompletableFuture$UniApply.tryFire(CompletableFuture.java:646)
	at java.base/java.util.concurrent.CompletableFuture.postComplete(CompletableFuture.java:510)
	at java.base/java.util.concurrent.CompletableFuture.complete(CompletableFuture.java:2179)
	at org.apache.ratis.client.impl.OrderedAsync$PendingOrderedRequest.setReply(OrderedAsync.java:105)
	at org.apache.ratis.client.impl.OrderedAsync$PendingOrderedRequest.setReply(OrderedAsync.java:66)
	at org.apache.ratis.util.SlidingWindow$RequestMap.setReply(SlidingWindow.java:147)
	at org.apache.ratis.util.SlidingWindow$Client.receiveReply(SlidingWindow.java:351)
	at org.apache.ratis.client.impl.OrderedAsync.lambda$sendRequestWithRetry$5(OrderedAsync.java:210)
	at java.base/java.util.concurrent.CompletableFuture$UniAccept.tryFire(CompletableFuture.java:718)
	at java.base/java.util.concurrent.CompletableFuture.postComplete(CompletableFuture.java:510)
	at java.base/java.util.concurrent.CompletableFuture.complete(CompletableFuture.java:2179)
	at org.apache.ratis.grpc.client.GrpcClientProtocolClient$AsyncStreamObservers$1.lambda$onNext$0(GrpcClientProtocolClient.java:325)
	at java.base/java.util.Optional.ifPresent(Optional.java:178)
	at org.apache.ratis.grpc.client.GrpcClientProtocolClient$AsyncStreamObservers.handleReplyFuture(GrpcClientProtocolClient.java:381)
	at org.apache.ratis.grpc.client.GrpcClientProtocolClient$AsyncStreamObservers.access$100(GrpcClientProtocolClient.java:303)
	at org.apache.ratis.grpc.client.GrpcClientProtocolClient$AsyncStreamObservers$1.onNext(GrpcClientProtocolClient.java:325)
	at org.apache.ratis.grpc.client.GrpcClientProtocolClient$AsyncStreamObservers$1.onNext(GrpcClientProtocolClient.java:308)
	at org.apache.ratis.thirdparty.io.grpc.stub.ClientCalls$StreamObserverToCallListenerAdapter.onMessage(ClientCalls.java:551)
	at org.apache.ratis.thirdparty.io.grpc.ForwardingClientCallListener.onMessage(ForwardingClientCallListener.java:33)
	at org.apache.ratis.thirdparty.io.grpc.internal.DelayedClientCall$DelayedListener.onMessage(DelayedClientCall.java:473)
	at org.apache.ratis.thirdparty.io.grpc.internal.ClientCallImpl$ClientStreamListenerImpl$1MessagesAvailable.runInternal(ClientCallImpl.java:661)
	at org.apache.ratis.thirdparty.io.grpc.internal.ClientCallImpl$ClientStreamListenerImpl$1MessagesAvailable.runInContext(ClientCallImpl.java:648)
	at org.apache.ratis.thirdparty.io.grpc.internal.ContextRunnable.run(ContextRunnable.java:37)
	at org.apache.ratis.thirdparty.io.grpc.internal.SerializingExecutor.run(SerializingExecutor.java:133)
	at java.base/java.util.concurrent.ThreadPoolExecutor.runWorker(ThreadPoolExecutor.java:1144)
	at java.base/java.util.concurrent.ThreadPoolExecutor$Worker.run(ThreadPoolExecutor.java:642)
	at java.base/java.lang.Thread.run(Thread.java:1583)
Caused by: org.apache.ratis.protocol.exceptions.StateMachineException: org.apache.hadoop.hdds.scm.container.common.helpers.ContainerNotOpenException from Server e4fa6cd0-dc30-4550-b12f-023a3466045b@group-7FD69FEA80D4: Container 4 in CLOSING state
	at org.apache.hadoop.ozone.container.common.impl.HddsDispatcher.validateContainerCommand(HddsDispatcher.java:580)
	at org.apache.hadoop.ozone.container.common.transport.server.ratis.ContainerStateMachine.startTransaction(ContainerStateMachine.java:488)
	at org.apache.ratis.server.impl.RaftServerImpl.writeAsyncImpl(RaftServerImpl.java:987)
	at org.apache.ratis.server.impl.RaftServerImpl.writeAsync(RaftServerImpl.java:960)
	at org.apache.ratis.server.impl.RaftServerImpl.replyFuture(RaftServerImpl.java:953)
	at org.apache.ratis.server.impl.RaftServerImpl.submitClientRequestAsync(RaftServerImpl.java:930)
	at org.apache.ratis.server.impl.RaftServerImpl.lambda$null$11(RaftServerImpl.java:919)
	at org.apache.ratis.util.JavaUtils.callAsUnchecked(JavaUtils.java:118)
	at org.apache.ratis.server.impl.RaftServerImpl.lambda$executeSubmitClientRequestAsync$12(RaftServerImpl.java:919)
	at java.base/java.util.concurrent.CompletableFuture$AsyncSupply.run(CompletableFuture.java:1768)
	... 3 more
Caused by: org.apache.hadoop.hdds.scm.container.common.helpers.ContainerNotOpenException: Container 4 in CLOSING state
	at java.base/jdk.internal.reflect.DirectConstructorHandleAccessor.newInstance(DirectConstructorHandleAccessor.java:62)
	at java.base/java.lang.reflect.Constructor.newInstanceWithCaller(Constructor.java:502)
	at java.base/java.lang.reflect.Constructor.newInstance(Constructor.java:486)
	at org.apache.ratis.util.ReflectionUtils.instantiateException(ReflectionUtils.java:265)
	at org.apache.ratis.client.impl.ClientProtoUtils.toStateMachineException(ClientProtoUtils.java:455)
	at org.apache.ratis.client.impl.ClientProtoUtils.toStateMachineException(ClientProtoUtils.java:441)
	at org.apache.ratis.client.impl.ClientProtoUtils.toRaftClientReply(ClientProtoUtils.java:408)
	at org.apache.ratis.grpc.client.GrpcClientProtocolClient$AsyncStreamObservers$1.onNext(GrpcClientProtocolClient.java:313)
	at org.apache.ratis.grpc.client.GrpcClientProtocolClient$AsyncStreamObservers$1.onNext(GrpcClientProtocolClient.java:308)
	at org.apache.ratis.thirdparty.io.grpc.stub.ClientCalls$StreamObserverToCallListenerAdapter.onMessage(ClientCalls.java:551)
	at org.apache.ratis.thirdparty.io.grpc.ForwardingClientCallListener.onMessage(ForwardingClientCallListener.java:33)
	at org.apache.ratis.thirdparty.io.grpc.internal.DelayedClientCall$DelayedListener.onMessage(DelayedClientCall.java:473)
	at org.apache.ratis.thirdparty.io.grpc.internal.ClientCallImpl$ClientStreamListenerImpl$1MessagesAvailable.runInternal(ClientCallImpl.java:661)
	at org.apache.ratis.thirdparty.io.grpc.internal.ClientCallImpl$ClientStreamListenerImpl$1MessagesAvailable.runInContext(ClientCallImpl.java:648)
	at org.apache.ratis.thirdparty.io.grpc.internal.ContextRunnable.run(ContextRunnable.java:37)
	at org.apache.ratis.thirdparty.io.grpc.internal.SerializingExecutor.run(SerializingExecutor.java:133)
	... 3 more
2025-07-19 06:07:24,060 [grpc-default-executor-4] ERROR impl.OrderedAsync (OrderedAsync.java:lambda$send$4(181)) - Failed to send request, message=cmdType: WriteChunk
traceID: ""
containerID: 4
datanodeUuid: "e4fa6cd0-dc30-4550-b12f-023a3466045b"
writeChunk {
  blockID {
    containerID: 4
    localID: 115816896921600004
    blockCommitSequenceId: 0
  }
  chunkData {
    chunkName: "115816896921600004.data.0"
    offset: 0
    len: 5
    checksumData {
      type: CRC32
      bytesPerChecksum: 1048576
      checksums: "p\021-\201"
    }
  }
}
version: 3
, data.size=5
java.util.concurrent.CompletionException: org.apache.ratis.protocol.exceptions.StateMachineException: org.apache.hadoop.hdds.scm.container.common.helpers.ContainerNotOpenException from Server e4fa6cd0-dc30-4550-b12f-023a3466045b@group-7FD69FEA80D4: Container 4 in CLOSING state
	at org.apache.ratis.client.impl.RaftClientImpl.handleRaftException(RaftClientImpl.java:373)
	at org.apache.ratis.client.impl.OrderedAsync.lambda$send$3(OrderedAsync.java:175)
	at java.base/java.util.concurrent.CompletableFuture$UniApply.tryFire(CompletableFuture.java:646)
	at java.base/java.util.concurrent.CompletableFuture.postComplete(CompletableFuture.java:510)
	at java.base/java.util.concurrent.CompletableFuture.complete(CompletableFuture.java:2179)
	at org.apache.ratis.client.impl.OrderedAsync$PendingOrderedRequest.setReply(OrderedAsync.java:105)
	at org.apache.ratis.client.impl.OrderedAsync$PendingOrderedRequest.setReply(OrderedAsync.java:66)
	at org.apache.ratis.util.SlidingWindow$RequestMap.setReply(SlidingWindow.java:147)
	at org.apache.ratis.util.SlidingWindow$Client.receiveReply(SlidingWindow.java:351)
	at org.apache.ratis.client.impl.OrderedAsync.lambda$sendRequestWithRetry$5(OrderedAsync.java:210)
	at java.base/java.util.concurrent.CompletableFuture$UniAccept.tryFire(CompletableFuture.java:718)
	at java.base/java.util.concurrent.CompletableFuture.postComplete(CompletableFuture.java:510)
	at java.base/java.util.concurrent.CompletableFuture.complete(CompletableFuture.java:2179)
	at org.apache.ratis.grpc.client.GrpcClientProtocolClient$AsyncStreamObservers$1.lambda$onNext$0(GrpcClientProtocolClient.java:325)
	at java.base/java.util.Optional.ifPresent(Optional.java:178)
	at org.apache.ratis.grpc.client.GrpcClientProtocolClient$AsyncStreamObservers.handleReplyFuture(GrpcClientProtocolClient.java:381)
	at org.apache.ratis.grpc.client.GrpcClientProtocolClient$AsyncStreamObservers.access$100(GrpcClientProtocolClient.java:303)
	at org.apache.ratis.grpc.client.GrpcClientProtocolClient$AsyncStreamObservers$1.onNext(GrpcClientProtocolClient.java:325)
	at org.apache.ratis.grpc.client.GrpcClientProtocolClient$AsyncStreamObservers$1.onNext(GrpcClientProtocolClient.java:308)
	at org.apache.ratis.thirdparty.io.grpc.stub.ClientCalls$StreamObserverToCallListenerAdapter.onMessage(ClientCalls.java:551)
	at org.apache.ratis.thirdparty.io.grpc.ForwardingClientCallListener.onMessage(ForwardingClientCallListener.java:33)
	at org.apache.ratis.thirdparty.io.grpc.internal.DelayedClientCall$DelayedListener.onMessage(DelayedClientCall.java:473)
	at org.apache.ratis.thirdparty.io.grpc.internal.ClientCallImpl$ClientStreamListenerImpl$1MessagesAvailable.runInternal(ClientCallImpl.java:661)
	at org.apache.ratis.thirdparty.io.grpc.internal.ClientCallImpl$ClientStreamListenerImpl$1MessagesAvailable.runInContext(ClientCallImpl.java:648)
	at org.apache.ratis.thirdparty.io.grpc.internal.ContextRunnable.run(ContextRunnable.java:37)
	at org.apache.ratis.thirdparty.io.grpc.internal.SerializingExecutor.run(SerializingExecutor.java:133)
	at java.base/java.util.concurrent.ThreadPoolExecutor.runWorker(ThreadPoolExecutor.java:1144)
	at java.base/java.util.concurrent.ThreadPoolExecutor$Worker.run(ThreadPoolExecutor.java:642)
	at java.base/java.lang.Thread.run(Thread.java:1583)
Caused by: org.apache.ratis.protocol.exceptions.StateMachineException: org.apache.hadoop.hdds.scm.container.common.helpers.ContainerNotOpenException from Server e4fa6cd0-dc30-4550-b12f-023a3466045b@group-7FD69FEA80D4: Container 4 in CLOSING state
	at org.apache.hadoop.ozone.container.common.impl.HddsDispatcher.validateContainerCommand(HddsDispatcher.java:580)
	at org.apache.hadoop.ozone.container.common.transport.server.ratis.ContainerStateMachine.startTransaction(ContainerStateMachine.java:488)
	at org.apache.ratis.server.impl.RaftServerImpl.writeAsyncImpl(RaftServerImpl.java:987)
	at org.apache.ratis.server.impl.RaftServerImpl.writeAsync(RaftServerImpl.java:960)
	at org.apache.ratis.server.impl.RaftServerImpl.replyFuture(RaftServerImpl.java:953)
	at org.apache.ratis.server.impl.RaftServerImpl.submitClientRequestAsync(RaftServerImpl.java:930)
	at org.apache.ratis.server.impl.RaftServerImpl.lambda$null$11(RaftServerImpl.java:919)
	at org.apache.ratis.util.JavaUtils.callAsUnchecked(JavaUtils.java:118)
	at org.apache.ratis.server.impl.RaftServerImpl.lambda$executeSubmitClientRequestAsync$12(RaftServerImpl.java:919)
	at java.base/java.util.concurrent.CompletableFuture$AsyncSupply.run(CompletableFuture.java:1768)
	... 3 more
Caused by: org.apache.hadoop.hdds.scm.container.common.helpers.ContainerNotOpenException: Container 4 in CLOSING state
	at java.base/jdk.internal.reflect.DirectConstructorHandleAccessor.newInstance(DirectConstructorHandleAccessor.java:62)
	at java.base/java.lang.reflect.Constructor.newInstanceWithCaller(Constructor.java:502)
	at java.base/java.lang.reflect.Constructor.newInstance(Constructor.java:486)
	at org.apache.ratis.util.ReflectionUtils.instantiateException(ReflectionUtils.java:265)
	at org.apache.ratis.client.impl.ClientProtoUtils.toStateMachineException(ClientProtoUtils.java:455)
	at org.apache.ratis.client.impl.ClientProtoUtils.toStateMachineException(ClientProtoUtils.java:441)
	at org.apache.ratis.client.impl.ClientProtoUtils.toRaftClientReply(ClientProtoUtils.java:408)
	at org.apache.ratis.grpc.client.GrpcClientProtocolClient$AsyncStreamObservers$1.onNext(GrpcClientProtocolClient.java:313)
	at org.apache.ratis.grpc.client.GrpcClientProtocolClient$AsyncStreamObservers$1.onNext(GrpcClientProtocolClient.java:308)
	at org.apache.ratis.thirdparty.io.grpc.stub.ClientCalls$StreamObserverToCallListenerAdapter.onMessage(ClientCalls.java:551)
	at org.apache.ratis.thirdparty.io.grpc.ForwardingClientCallListener.onMessage(ForwardingClientCallListener.java:33)
	at org.apache.ratis.thirdparty.io.grpc.internal.DelayedClientCall$DelayedListener.onMessage(DelayedClientCall.java:473)
	at org.apache.ratis.thirdparty.io.grpc.internal.ClientCallImpl$ClientStreamListenerImpl$1MessagesAvailable.runInternal(ClientCallImpl.java:661)
	at org.apache.ratis.thirdparty.io.grpc.internal.ClientCallImpl$ClientStreamListenerImpl$1MessagesAvailable.runInContext(ClientCallImpl.java:648)
	at org.apache.ratis.thirdparty.io.grpc.internal.ContextRunnable.run(ContextRunnable.java:37)
	at org.apache.ratis.thirdparty.io.grpc.internal.SerializingExecutor.run(SerializingExecutor.java:133)
	... 3 more
2025-07-19 06:07:24,063 [grpc-default-executor-4] ERROR impl.OrderedAsync (OrderedAsync.java:lambda$send$4(181)) - Failed to send request, message=cmdType: WriteChunk
traceID: ""
containerID: 4
datanodeUuid: "e4fa6cd0-dc30-4550-b12f-023a3466045b"
writeChunk {
  blockID {
    containerID: 4
    localID: 115816896921600004
    blockCommitSequenceId: 0
  }
  chunkData {
    chunkName: "115816896921600004.data.0"
    offset: 0
    len: 5
    checksumData {
      type: CRC32
      bytesPerChecksum: 1048576
      checksums: "6\3670\260"
    }
  }
}
version: 3
, data.size=5
java.util.concurrent.CompletionException: org.apache.ratis.protocol.exceptions.StateMachineException: org.apache.hadoop.hdds.scm.container.common.helpers.ContainerNotOpenException from Server e4fa6cd0-dc30-4550-b12f-023a3466045b@group-7FD69FEA80D4: Container 4 in CLOSING state
	at org.apache.ratis.client.impl.RaftClientImpl.handleRaftException(RaftClientImpl.java:373)
	at org.apache.ratis.client.impl.OrderedAsync.lambda$send$3(OrderedAsync.java:175)
	at java.base/java.util.concurrent.CompletableFuture$UniApply.tryFire(CompletableFuture.java:646)
	at java.base/java.util.concurrent.CompletableFuture.postComplete(CompletableFuture.java:510)
	at java.base/java.util.concurrent.CompletableFuture.complete(CompletableFuture.java:2179)
	at org.apache.ratis.client.impl.OrderedAsync$PendingOrderedRequest.setReply(OrderedAsync.java:105)
	at org.apache.ratis.client.impl.OrderedAsync$PendingOrderedRequest.setReply(OrderedAsync.java:66)
	at org.apache.ratis.util.SlidingWindow$RequestMap.setReply(SlidingWindow.java:147)
	at org.apache.ratis.util.SlidingWindow$Client.receiveReply(SlidingWindow.java:351)
	at org.apache.ratis.client.impl.OrderedAsync.lambda$sendRequestWithRetry$5(OrderedAsync.java:210)
	at java.base/java.util.concurrent.CompletableFuture$UniAccept.tryFire(CompletableFuture.java:718)
	at java.base/java.util.concurrent.CompletableFuture.postComplete(CompletableFuture.java:510)
	at java.base/java.util.concurrent.CompletableFuture.complete(CompletableFuture.java:2179)
	at org.apache.ratis.grpc.client.GrpcClientProtocolClient$AsyncStreamObservers$1.lambda$onNext$0(GrpcClientProtocolClient.java:325)
	at java.base/java.util.Optional.ifPresent(Optional.java:178)
	at org.apache.ratis.grpc.client.GrpcClientProtocolClient$AsyncStreamObservers.handleReplyFuture(GrpcClientProtocolClient.java:381)
	at org.apache.ratis.grpc.client.GrpcClientProtocolClient$AsyncStreamObservers.access$100(GrpcClientProtocolClient.java:303)
	at org.apache.ratis.grpc.client.GrpcClientProtocolClient$AsyncStreamObservers$1.onNext(GrpcClientProtocolClient.java:325)
	at org.apache.ratis.grpc.client.GrpcClientProtocolClient$AsyncStreamObservers$1.onNext(GrpcClientProtocolClient.java:308)
	at org.apache.ratis.thirdparty.io.grpc.stub.ClientCalls$StreamObserverToCallListenerAdapter.onMessage(ClientCalls.java:551)
	at org.apache.ratis.thirdparty.io.grpc.ForwardingClientCallListener.onMessage(ForwardingClientCallListener.java:33)
	at org.apache.ratis.thirdparty.io.grpc.internal.DelayedClientCall$DelayedListener.onMessage(DelayedClientCall.java:473)
	at org.apache.ratis.thirdparty.io.grpc.internal.ClientCallImpl$ClientStreamListenerImpl$1MessagesAvailable.runInternal(ClientCallImpl.java:661)
	at org.apache.ratis.thirdparty.io.grpc.internal.ClientCallImpl$ClientStreamListenerImpl$1MessagesAvailable.runInContext(ClientCallImpl.java:648)
	at org.apache.ratis.thirdparty.io.grpc.internal.ContextRunnable.run(ContextRunnable.java:37)
	at org.apache.ratis.thirdparty.io.grpc.internal.SerializingExecutor.run(SerializingExecutor.java:133)
	at java.base/java.util.concurrent.ThreadPoolExecutor.runWorker(ThreadPoolExecutor.java:1144)
	at java.base/java.util.concurrent.ThreadPoolExecutor$Worker.run(ThreadPoolExecutor.java:642)
	at java.base/java.lang.Thread.run(Thread.java:1583)
Caused by: org.apache.ratis.protocol.exceptions.StateMachineException: org.apache.hadoop.hdds.scm.container.common.helpers.ContainerNotOpenException from Server e4fa6cd0-dc30-4550-b12f-023a3466045b@group-7FD69FEA80D4: Container 4 in CLOSING state
	at org.apache.hadoop.ozone.container.common.impl.HddsDispatcher.validateContainerCommand(HddsDispatcher.java:580)
	at org.apache.hadoop.ozone.container.common.transport.server.ratis.ContainerStateMachine.startTransaction(ContainerStateMachine.java:488)
	at org.apache.ratis.server.impl.RaftServerImpl.writeAsyncImpl(RaftServerImpl.java:987)
	at org.apache.ratis.server.impl.RaftServerImpl.writeAsync(RaftServerImpl.java:960)
	at org.apache.ratis.server.impl.RaftServerImpl.replyFuture(RaftServerImpl.java:953)
	at org.apache.ratis.server.impl.RaftServerImpl.submitClientRequestAsync(RaftServerImpl.java:930)
	at org.apache.ratis.server.impl.RaftServerImpl.lambda$null$11(RaftServerImpl.java:919)
	at org.apache.ratis.util.JavaUtils.callAsUnchecked(JavaUtils.java:118)
	at org.apache.ratis.server.impl.RaftServerImpl.lambda$executeSubmitClientRequestAsync$12(RaftServerImpl.java:919)
	at java.base/java.util.concurrent.CompletableFuture$AsyncSupply.run(CompletableFuture.java:1768)
	... 3 more
Caused by: org.apache.hadoop.hdds.scm.container.common.helpers.ContainerNotOpenException: Container 4 in CLOSING state
	at java.base/jdk.internal.reflect.DirectConstructorHandleAccessor.newInstance(DirectConstructorHandleAccessor.java:62)
	at java.base/java.lang.reflect.Constructor.newInstanceWithCaller(Constructor.java:502)
	at java.base/java.lang.reflect.Constructor.newInstance(Constructor.java:486)
	at org.apache.ratis.util.ReflectionUtils.instantiateException(ReflectionUtils.java:265)
	at org.apache.ratis.client.impl.ClientProtoUtils.toStateMachineException(ClientProtoUtils.java:455)
	at org.apache.ratis.client.impl.ClientProtoUtils.toStateMachineException(ClientProtoUtils.java:441)
	at org.apache.ratis.client.impl.ClientProtoUtils.toRaftClientReply(ClientProtoUtils.java:408)
	at org.apache.ratis.grpc.client.GrpcClientProtocolClient$AsyncStreamObservers$1.onNext(GrpcClientProtocolClient.java:313)
	at org.apache.ratis.grpc.client.GrpcClientProtocolClient$AsyncStreamObservers$1.onNext(GrpcClientProtocolClient.java:308)
	at org.apache.ratis.thirdparty.io.grpc.stub.ClientCalls$StreamObserverToCallListenerAdapter.onMessage(ClientCalls.java:551)
	at org.apache.ratis.thirdparty.io.grpc.ForwardingClientCallListener.onMessage(ForwardingClientCallListener.java:33)
	at org.apache.ratis.thirdparty.io.grpc.internal.DelayedClientCall$DelayedListener.onMessage(DelayedClientCall.java:473)
	at org.apache.ratis.thirdparty.io.grpc.internal.ClientCallImpl$ClientStreamListenerImpl$1MessagesAvailable.runInternal(ClientCallImpl.java:661)
	at org.apache.ratis.thirdparty.io.grpc.internal.ClientCallImpl$ClientStreamListenerImpl$1MessagesAvailable.runInContext(ClientCallImpl.java:648)
	at org.apache.ratis.thirdparty.io.grpc.internal.ContextRunnable.run(ContextRunnable.java:37)
	at org.apache.ratis.thirdparty.io.grpc.internal.SerializingExecutor.run(SerializingExecutor.java:133)
	... 3 more
2025-07-19 06:07:24,065 [grpc-default-executor-4] ERROR impl.OrderedAsync (OrderedAsync.java:lambda$send$4(181)) - Failed to send request, message=cmdType: WriteChunk
traceID: ""
containerID: 4
datanodeUuid: "e4fa6cd0-dc30-4550-b12f-023a3466045b"
writeChunk {
  blockID {
    containerID: 4
    localID: 115816896921600004
    blockCommitSequenceId: 0
  }
  chunkData {
    chunkName: "115816896921600004.data.0"
    offset: 0
    len: 5
    checksumData {
      type: CRC32
      bytesPerChecksum: 1048576
      checksums: "\223\320\237\204"
    }
  }
}
version: 3
, data.size=5
java.util.concurrent.CompletionException: org.apache.ratis.protocol.exceptions.StateMachineException: org.apache.hadoop.hdds.scm.container.common.helpers.ContainerNotOpenException from Server e4fa6cd0-dc30-4550-b12f-023a3466045b@group-7FD69FEA80D4: Container 4 in CLOSED state
	at org.apache.ratis.client.impl.RaftClientImpl.handleRaftException(RaftClientImpl.java:373)
	at org.apache.ratis.client.impl.OrderedAsync.lambda$send$3(OrderedAsync.java:175)
	at java.base/java.util.concurrent.CompletableFuture$UniApply.tryFire(CompletableFuture.java:646)
	at java.base/java.util.concurrent.CompletableFuture.postComplete(CompletableFuture.java:510)
	at java.base/java.util.concurrent.CompletableFuture.complete(CompletableFuture.java:2179)
	at org.apache.ratis.client.impl.OrderedAsync$PendingOrderedRequest.setReply(OrderedAsync.java:105)
	at org.apache.ratis.client.impl.OrderedAsync$PendingOrderedRequest.setReply(OrderedAsync.java:66)
	at org.apache.ratis.util.SlidingWindow$RequestMap.setReply(SlidingWindow.java:147)
	at org.apache.ratis.util.SlidingWindow$Client.receiveReply(SlidingWindow.java:351)
	at org.apache.ratis.client.impl.OrderedAsync.lambda$sendRequestWithRetry$5(OrderedAsync.java:210)
	at java.base/java.util.concurrent.CompletableFuture$UniAccept.tryFire(CompletableFuture.java:718)
	at java.base/java.util.concurrent.CompletableFuture.postComplete(CompletableFuture.java:510)
	at java.base/java.util.concurrent.CompletableFuture.complete(CompletableFuture.java:2179)
	at org.apache.ratis.grpc.client.GrpcClientProtocolClient$AsyncStreamObservers$1.lambda$onNext$0(GrpcClientProtocolClient.java:325)
	at java.base/java.util.Optional.ifPresent(Optional.java:178)
	at org.apache.ratis.grpc.client.GrpcClientProtocolClient$AsyncStreamObservers.handleReplyFuture(GrpcClientProtocolClient.java:381)
	at org.apache.ratis.grpc.client.GrpcClientProtocolClient$AsyncStreamObservers.access$100(GrpcClientProtocolClient.java:303)
	at org.apache.ratis.grpc.client.GrpcClientProtocolClient$AsyncStreamObservers$1.onNext(GrpcClientProtocolClient.java:325)
	at org.apache.ratis.grpc.client.GrpcClientProtocolClient$AsyncStreamObservers$1.onNext(GrpcClientProtocolClient.java:308)
	at org.apache.ratis.thirdparty.io.grpc.stub.ClientCalls$StreamObserverToCallListenerAdapter.onMessage(ClientCalls.java:551)
	at org.apache.ratis.thirdparty.io.grpc.ForwardingClientCallListener.onMessage(ForwardingClientCallListener.java:33)
	at org.apache.ratis.thirdparty.io.grpc.internal.DelayedClientCall$DelayedListener.onMessage(DelayedClientCall.java:473)
	at org.apache.ratis.thirdparty.io.grpc.internal.ClientCallImpl$ClientStreamListenerImpl$1MessagesAvailable.runInternal(ClientCallImpl.java:661)
	at org.apache.ratis.thirdparty.io.grpc.internal.ClientCallImpl$ClientStreamListenerImpl$1MessagesAvailable.runInContext(ClientCallImpl.java:648)
	at org.apache.ratis.thirdparty.io.grpc.internal.ContextRunnable.run(ContextRunnable.java:37)
	at org.apache.ratis.thirdparty.io.grpc.internal.SerializingExecutor.run(SerializingExecutor.java:133)
	at java.base/java.util.concurrent.ThreadPoolExecutor.runWorker(ThreadPoolExecutor.java:1144)
	at java.base/java.util.concurrent.ThreadPoolExecutor$Worker.run(ThreadPoolExecutor.java:642)
	at java.base/java.lang.Thread.run(Thread.java:1583)
Caused by: org.apache.ratis.protocol.exceptions.StateMachineException: org.apache.hadoop.hdds.scm.container.common.helpers.ContainerNotOpenException from Server e4fa6cd0-dc30-4550-b12f-023a3466045b@group-7FD69FEA80D4: Container 4 in CLOSED state
	at org.apache.hadoop.ozone.container.common.impl.HddsDispatcher.validateContainerCommand(HddsDispatcher.java:580)
	at org.apache.hadoop.ozone.container.common.transport.server.ratis.ContainerStateMachine.startTransaction(ContainerStateMachine.java:488)
	at org.apache.ratis.server.impl.RaftServerImpl.writeAsyncImpl(RaftServerImpl.java:987)
	at org.apache.ratis.server.impl.RaftServerImpl.writeAsync(RaftServerImpl.java:960)
	at org.apache.ratis.server.impl.RaftServerImpl.replyFuture(RaftServerImpl.java:953)
	at org.apache.ratis.server.impl.RaftServerImpl.submitClientRequestAsync(RaftServerImpl.java:930)
	at org.apache.ratis.server.impl.RaftServerImpl.lambda$null$11(RaftServerImpl.java:919)
	at org.apache.ratis.util.JavaUtils.callAsUnchecked(JavaUtils.java:118)
	at org.apache.ratis.server.impl.RaftServerImpl.lambda$executeSubmitClientRequestAsync$12(RaftServerImpl.java:919)
	at java.base/java.util.concurrent.CompletableFuture$AsyncSupply.run(CompletableFuture.java:1768)
	... 3 more
Caused by: org.apache.hadoop.hdds.scm.container.common.helpers.ContainerNotOpenException: Container 4 in CLOSED state
	at java.base/jdk.internal.reflect.DirectConstructorHandleAccessor.newInstance(DirectConstructorHandleAccessor.java:62)
	at java.base/java.lang.reflect.Constructor.newInstanceWithCaller(Constructor.java:502)
	at java.base/java.lang.reflect.Constructor.newInstance(Constructor.java:486)
	at org.apache.ratis.util.ReflectionUtils.instantiateException(ReflectionUtils.java:265)
	at org.apache.ratis.client.impl.ClientProtoUtils.toStateMachineException(ClientProtoUtils.java:455)
	at org.apache.ratis.client.impl.ClientProtoUtils.toStateMachineException(ClientProtoUtils.java:441)
	at org.apache.ratis.client.impl.ClientProtoUtils.toRaftClientReply(ClientProtoUtils.java:408)
	at org.apache.ratis.grpc.client.GrpcClientProtocolClient$AsyncStreamObservers$1.onNext(GrpcClientProtocolClient.java:313)
	at org.apache.ratis.grpc.client.GrpcClientProtocolClient$AsyncStreamObservers$1.onNext(GrpcClientProtocolClient.java:308)
	at org.apache.ratis.thirdparty.io.grpc.stub.ClientCalls$StreamObserverToCallListenerAdapter.onMessage(ClientCalls.java:551)
	at org.apache.ratis.thirdparty.io.grpc.ForwardingClientCallListener.onMessage(ForwardingClientCallListener.java:33)
	at org.apache.ratis.thirdparty.io.grpc.internal.DelayedClientCall$DelayedListener.onMessage(DelayedClientCall.java:473)
	at org.apache.ratis.thirdparty.io.grpc.internal.ClientCallImpl$ClientStreamListenerImpl$1MessagesAvailable.runInternal(ClientCallImpl.java:661)
	at org.apache.ratis.thirdparty.io.grpc.internal.ClientCallImpl$ClientStreamListenerImpl$1MessagesAvailable.runInContext(ClientCallImpl.java:648)
	at org.apache.ratis.thirdparty.io.grpc.internal.ContextRunnable.run(ContextRunnable.java:37)
	at org.apache.ratis.thirdparty.io.grpc.internal.SerializingExecutor.run(SerializingExecutor.java:133)
	... 3 more
2025-07-19 06:07:24,067 [grpc-default-executor-4] ERROR impl.OrderedAsync (OrderedAsync.java:lambda$send$4(181)) - Failed to send request, message=cmdType: WriteChunk
traceID: ""
containerID: 4
datanodeUuid: "e4fa6cd0-dc30-4550-b12f-023a3466045b"
writeChunk {
  blockID {
    containerID: 4
    localID: 115816896921600004
    blockCommitSequenceId: 0
  }
  chunkData {
    chunkName: "115816896921600004.data.0"
    offset: 0
    len: 5
    checksumData {
      type: CRC32
      bytesPerChecksum: 1048576
      checksums: "\326%v\275"
    }
  }
}
version: 3
, data.size=5
java.util.concurrent.CompletionException: org.apache.ratis.protocol.exceptions.StateMachineException: org.apache.hadoop.hdds.scm.container.common.helpers.ContainerNotOpenException from Server e4fa6cd0-dc30-4550-b12f-023a3466045b@group-7FD69FEA80D4: Container 4 in CLOSED state
	at org.apache.ratis.client.impl.RaftClientImpl.handleRaftException(RaftClientImpl.java:373)
	at org.apache.ratis.client.impl.OrderedAsync.lambda$send$3(OrderedAsync.java:175)
	at java.base/java.util.concurrent.CompletableFuture$UniApply.tryFire(CompletableFuture.java:646)
	at java.base/java.util.concurrent.CompletableFuture.postComplete(CompletableFuture.java:510)
	at java.base/java.util.concurrent.CompletableFuture.complete(CompletableFuture.java:2179)
	at org.apache.ratis.client.impl.OrderedAsync$PendingOrderedRequest.setReply(OrderedAsync.java:105)
	at org.apache.ratis.client.impl.OrderedAsync$PendingOrderedRequest.setReply(OrderedAsync.java:66)
	at org.apache.ratis.util.SlidingWindow$RequestMap.setReply(SlidingWindow.java:147)
	at org.apache.ratis.util.SlidingWindow$Client.receiveReply(SlidingWindow.java:351)
	at org.apache.ratis.client.impl.OrderedAsync.lambda$sendRequestWithRetry$5(OrderedAsync.java:210)
	at java.base/java.util.concurrent.CompletableFuture$UniAccept.tryFire(CompletableFuture.java:718)
	at java.base/java.util.concurrent.CompletableFuture.postComplete(CompletableFuture.java:510)
	at java.base/java.util.concurrent.CompletableFuture.complete(CompletableFuture.java:2179)
	at org.apache.ratis.grpc.client.GrpcClientProtocolClient$AsyncStreamObservers$1.lambda$onNext$0(GrpcClientProtocolClient.java:325)
	at java.base/java.util.Optional.ifPresent(Optional.java:178)
	at org.apache.ratis.grpc.client.GrpcClientProtocolClient$AsyncStreamObservers.handleReplyFuture(GrpcClientProtocolClient.java:381)
	at org.apache.ratis.grpc.client.GrpcClientProtocolClient$AsyncStreamObservers.access$100(GrpcClientProtocolClient.java:303)
	at org.apache.ratis.grpc.client.GrpcClientProtocolClient$AsyncStreamObservers$1.onNext(GrpcClientProtocolClient.java:325)
	at org.apache.ratis.grpc.client.GrpcClientProtocolClient$AsyncStreamObservers$1.onNext(GrpcClientProtocolClient.java:308)
	at org.apache.ratis.thirdparty.io.grpc.stub.ClientCalls$StreamObserverToCallListenerAdapter.onMessage(ClientCalls.java:551)
	at org.apache.ratis.thirdparty.io.grpc.ForwardingClientCallListener.onMessage(ForwardingClientCallListener.java:33)
	at org.apache.ratis.thirdparty.io.grpc.internal.DelayedClientCall$DelayedListener.onMessage(DelayedClientCall.java:473)
	at org.apache.ratis.thirdparty.io.grpc.internal.ClientCallImpl$ClientStreamListenerImpl$1MessagesAvailable.runInternal(ClientCallImpl.java:661)
	at org.apache.ratis.thirdparty.io.grpc.internal.ClientCallImpl$ClientStreamListenerImpl$1MessagesAvailable.runInContext(ClientCallImpl.java:648)
	at org.apache.ratis.thirdparty.io.grpc.internal.ContextRunnable.run(ContextRunnable.java:37)
	at org.apache.ratis.thirdparty.io.grpc.internal.SerializingExecutor.run(SerializingExecutor.java:133)
	at java.base/java.util.concurrent.ThreadPoolExecutor.runWorker(ThreadPoolExecutor.java:1144)
	at java.base/java.util.concurrent.ThreadPoolExecutor$Worker.run(ThreadPoolExecutor.java:642)
	at java.base/java.lang.Thread.run(Thread.java:1583)
Caused by: org.apache.ratis.protocol.exceptions.StateMachineException: org.apache.hadoop.hdds.scm.container.common.helpers.ContainerNotOpenException from Server e4fa6cd0-dc30-4550-b12f-023a3466045b@group-7FD69FEA80D4: Container 4 in CLOSED state
	at org.apache.hadoop.ozone.container.common.impl.HddsDispatcher.validateContainerCommand(HddsDispatcher.java:580)
	at org.apache.hadoop.ozone.container.common.transport.server.ratis.ContainerStateMachine.startTransaction(ContainerStateMachine.java:488)
	at org.apache.ratis.server.impl.RaftServerImpl.writeAsyncImpl(RaftServerImpl.java:987)
	at org.apache.ratis.server.impl.RaftServerImpl.writeAsync(RaftServerImpl.java:960)
	at org.apache.ratis.server.impl.RaftServerImpl.replyFuture(RaftServerImpl.java:953)
	at org.apache.ratis.server.impl.RaftServerImpl.submitClientRequestAsync(RaftServerImpl.java:930)
	at org.apache.ratis.server.impl.RaftServerImpl.lambda$null$11(RaftServerImpl.java:919)
	at org.apache.ratis.util.JavaUtils.callAsUnchecked(JavaUtils.java:118)
	at org.apache.ratis.server.impl.RaftServerImpl.lambda$executeSubmitClientRequestAsync$12(RaftServerImpl.java:919)
	at java.base/java.util.concurrent.CompletableFuture$AsyncSupply.run(CompletableFuture.java:1768)
	... 3 more
Caused by: org.apache.hadoop.hdds.scm.container.common.helpers.ContainerNotOpenException: Container 4 in CLOSED state
	at java.base/jdk.internal.reflect.DirectConstructorHandleAccessor.newInstance(DirectConstructorHandleAccessor.java:62)
	at java.base/java.lang.reflect.Constructor.newInstanceWithCaller(Constructor.java:502)
	at java.base/java.lang.reflect.Constructor.newInstance(Constructor.java:486)
	at org.apache.ratis.util.ReflectionUtils.instantiateException(ReflectionUtils.java:265)
	at org.apache.ratis.client.impl.ClientProtoUtils.toStateMachineException(ClientProtoUtils.java:455)
	at org.apache.ratis.client.impl.ClientProtoUtils.toStateMachineException(ClientProtoUtils.java:441)
	at org.apache.ratis.client.impl.ClientProtoUtils.toRaftClientReply(ClientProtoUtils.java:408)
	at org.apache.ratis.grpc.client.GrpcClientProtocolClient$AsyncStreamObservers$1.onNext(GrpcClientProtocolClient.java:313)
	at org.apache.ratis.grpc.client.GrpcClientProtocolClient$AsyncStreamObservers$1.onNext(GrpcClientProtocolClient.java:308)
	at org.apache.ratis.thirdparty.io.grpc.stub.ClientCalls$StreamObserverToCallListenerAdapter.onMessage(ClientCalls.java:551)
	at org.apache.ratis.thirdparty.io.grpc.ForwardingClientCallListener.onMessage(ForwardingClientCallListener.java:33)
	at org.apache.ratis.thirdparty.io.grpc.internal.DelayedClientCall$DelayedListener.onMessage(DelayedClientCall.java:473)
	at org.apache.ratis.thirdparty.io.grpc.internal.ClientCallImpl$ClientStreamListenerImpl$1MessagesAvailable.runInternal(ClientCallImpl.java:661)
	at org.apache.ratis.thirdparty.io.grpc.internal.ClientCallImpl$ClientStreamListenerImpl$1MessagesAvailable.runInContext(ClientCallImpl.java:648)
	at org.apache.ratis.thirdparty.io.grpc.internal.ContextRunnable.run(ContextRunnable.java:37)
	at org.apache.ratis.thirdparty.io.grpc.internal.SerializingExecutor.run(SerializingExecutor.java:133)
	... 3 more
2025-07-19T06:07:24.068373917Z e4fa6cd0-dc30-4550-b12f-023a3466045b-client-thread2 ERROR user=null | ip=null | op=WRITE_CHUNK {blockData=conID: 4 locID: 115816896921600004 bcsId: 0 replicaIndex: null, offset=0, size=5} | ret=FAILURE
org.apache.hadoop.hdds.scm.container.common.helpers.ContainerNotOpenException: Container 4 in UNHEALTHY state
	at org.apache.hadoop.ozone.container.common.impl.HddsDispatcher.validateContainerCommand(HddsDispatcher.java:580)
	at org.apache.hadoop.ozone.container.common.transport.server.ratis.ContainerStateMachine.startTransaction(ContainerStateMachine.java:488)
	at org.apache.ratis.server.impl.RaftServerImpl.writeAsyncImpl(RaftServerImpl.java:987)
	at org.apache.ratis.server.impl.RaftServerImpl.writeAsync(RaftServerImpl.java:960)
	at org.apache.ratis.server.impl.RaftServerImpl.replyFuture(RaftServerImpl.java:953)
	at org.apache.ratis.server.impl.RaftServerImpl.submitClientRequestAsync(RaftServerImpl.java:930)
	at org.apache.ratis.server.impl.RaftServerImpl.lambda$null$11(RaftServerImpl.java:919)
	at org.apache.ratis.util.JavaUtils.callAsUnchecked(JavaUtils.java:118)
	at org.apache.ratis.server.impl.RaftServerImpl.lambda$executeSubmitClientRequestAsync$12(RaftServerImpl.java:919)
	at java.base/java.util.concurrent.CompletableFuture$AsyncSupply.run(CompletableFuture.java:1768)
	at java.base/java.util.concurrent.ThreadPoolExecutor.runWorker(ThreadPoolExecutor.java:1144)
	at java.base/java.util.concurrent.ThreadPoolExecutor$Worker.run(ThreadPoolExecutor.java:642)
	at java.base/java.lang.Thread.run(Thread.java:1583)
2025-07-19 06:07:24,069 [grpc-default-executor-4] ERROR impl.OrderedAsync (OrderedAsync.java:lambda$send$4(181)) - Failed to send request, message=cmdType: WriteChunk
traceID: ""
containerID: 4
datanodeUuid: "e4fa6cd0-dc30-4550-b12f-023a3466045b"
writeChunk {
  blockID {
    containerID: 4
    localID: 115816896921600004
    blockCommitSequenceId: 0
  }
  chunkData {
    chunkName: "115816896921600004.data.0"
    offset: 0
    len: 5
    checksumData {
      type: CRC32
      bytesPerChecksum: 1048576
      checksums: "\244w\306\362"
    }
  }
}
version: 3
, data.size=5
java.util.concurrent.CompletionException: org.apache.ratis.protocol.exceptions.StateMachineException: org.apache.hadoop.hdds.scm.container.common.helpers.ContainerNotOpenException from Server e4fa6cd0-dc30-4550-b12f-023a3466045b@group-7FD69FEA80D4: Container 4 in CLOSED state
	at org.apache.ratis.client.impl.RaftClientImpl.handleRaftException(RaftClientImpl.java:373)
	at org.apache.ratis.client.impl.OrderedAsync.lambda$send$3(OrderedAsync.java:175)
	at java.base/java.util.concurrent.CompletableFuture$UniApply.tryFire(CompletableFuture.java:646)
	at java.base/java.util.concurrent.CompletableFuture.postComplete(CompletableFuture.java:510)
	at java.base/java.util.concurrent.CompletableFuture.complete(CompletableFuture.java:2179)
	at org.apache.ratis.client.impl.OrderedAsync$PendingOrderedRequest.setReply(OrderedAsync.java:105)
	at org.apache.ratis.client.impl.OrderedAsync$PendingOrderedRequest.setReply(OrderedAsync.java:66)
	at org.apache.ratis.util.SlidingWindow$RequestMap.setReply(SlidingWindow.java:147)
	at org.apache.ratis.util.SlidingWindow$Client.receiveReply(SlidingWindow.java:351)
	at org.apache.ratis.client.impl.OrderedAsync.lambda$sendRequestWithRetry$5(OrderedAsync.java:210)
	at java.base/java.util.concurrent.CompletableFuture$UniAccept.tryFire(CompletableFuture.java:718)
	at java.base/java.util.concurrent.CompletableFuture.postComplete(CompletableFuture.java:510)
	at java.base/java.util.concurrent.CompletableFuture.complete(CompletableFuture.java:2179)
	at org.apache.ratis.grpc.client.GrpcClientProtocolClient$AsyncStreamObservers$1.lambda$onNext$0(GrpcClientProtocolClient.java:325)
	at java.base/java.util.Optional.ifPresent(Optional.java:178)
	at org.apache.ratis.grpc.client.GrpcClientProtocolClient$AsyncStreamObservers.handleReplyFuture(GrpcClientProtocolClient.java:381)
	at org.apache.ratis.grpc.client.GrpcClientProtocolClient$AsyncStreamObservers.access$100(GrpcClientProtocolClient.java:303)
	at org.apache.ratis.grpc.client.GrpcClientProtocolClient$AsyncStreamObservers$1.onNext(GrpcClientProtocolClient.java:325)
	at org.apache.ratis.grpc.client.GrpcClientProtocolClient$AsyncStreamObservers$1.onNext(GrpcClientProtocolClient.java:308)
	at org.apache.ratis.thirdparty.io.grpc.stub.ClientCalls$StreamObserverToCallListenerAdapter.onMessage(ClientCalls.java:551)
	at org.apache.ratis.thirdparty.io.grpc.ForwardingClientCallListener.onMessage(ForwardingClientCallListener.java:33)
	at org.apache.ratis.thirdparty.io.grpc.internal.DelayedClientCall$DelayedListener.onMessage(DelayedClientCall.java:473)
	at org.apache.ratis.thirdparty.io.grpc.internal.ClientCallImpl$ClientStreamListenerImpl$1MessagesAvailable.runInternal(ClientCallImpl.java:661)
	at org.apache.ratis.thirdparty.io.grpc.internal.ClientCallImpl$ClientStreamListenerImpl$1MessagesAvailable.runInContext(ClientCallImpl.java:648)
	at org.apache.ratis.thirdparty.io.grpc.internal.ContextRunnable.run(ContextRunnable.java:37)
	at org.apache.ratis.thirdparty.io.grpc.internal.SerializingExecutor.run(SerializingExecutor.java:133)
	at java.base/java.util.concurrent.ThreadPoolExecutor.runWorker(ThreadPoolExecutor.java:1144)
	at java.base/java.util.concurrent.ThreadPoolExecutor$Worker.run(ThreadPoolExecutor.java:642)
	at java.base/java.lang.Thread.run(Thread.java:1583)
Caused by: org.apache.ratis.protocol.exceptions.StateMachineException: org.apache.hadoop.hdds.scm.container.common.helpers.ContainerNotOpenException from Server e4fa6cd0-dc30-4550-b12f-023a3466045b@group-7FD69FEA80D4: Container 4 in CLOSED state
	at org.apache.hadoop.ozone.container.common.impl.HddsDispatcher.validateContainerCommand(HddsDispatcher.java:580)
	at org.apache.hadoop.ozone.container.common.transport.server.ratis.ContainerStateMachine.startTransaction(ContainerStateMachine.java:488)
	at org.apache.ratis.server.impl.RaftServerImpl.writeAsyncImpl(RaftServerImpl.java:987)
	at org.apache.ratis.server.impl.RaftServerImpl.writeAsync(RaftServerImpl.java:960)
	at org.apache.ratis.server.impl.RaftServerImpl.replyFuture(RaftServerImpl.java:953)
	at org.apache.ratis.server.impl.RaftServerImpl.submitClientRequestAsync(RaftServerImpl.java:930)
	at org.apache.ratis.server.impl.RaftServerImpl.lambda$null$11(RaftServerImpl.java:919)
	at org.apache.ratis.util.JavaUtils.callAsUnchecked(JavaUtils.java:118)
	at org.apache.ratis.server.impl.RaftServerImpl.lambda$executeSubmitClientRequestAsync$12(RaftServerImpl.java:919)
	at java.base/java.util.concurrent.CompletableFuture$AsyncSupply.run(CompletableFuture.java:1768)
	... 3 more
Caused by: org.apache.hadoop.hdds.scm.container.common.helpers.ContainerNotOpenException: Container 4 in CLOSED state
	at java.base/jdk.internal.reflect.DirectConstructorHandleAccessor.newInstance(DirectConstructorHandleAccessor.java:62)
	at java.base/java.lang.reflect.Constructor.newInstanceWithCaller(Constructor.java:502)
	at java.base/java.lang.reflect.Constructor.newInstance(Constructor.java:486)
	at org.apache.ratis.util.ReflectionUtils.instantiateException(ReflectionUtils.java:265)
	at org.apache.ratis.client.impl.ClientProtoUtils.toStateMachineException(ClientProtoUtils.java:455)
	at org.apache.ratis.client.impl.ClientProtoUtils.toStateMachineException(ClientProtoUtils.java:441)
	at org.apache.ratis.client.impl.ClientProtoUtils.toRaftClientReply(ClientProtoUtils.java:408)
	at org.apache.ratis.grpc.client.GrpcClientProtocolClient$AsyncStreamObservers$1.onNext(GrpcClientProtocolClient.java:313)
	at org.apache.ratis.grpc.client.GrpcClientProtocolClient$AsyncStreamObservers$1.onNext(GrpcClientProtocolClient.java:308)
	at org.apache.ratis.thirdparty.io.grpc.stub.ClientCalls$StreamObserverToCallListenerAdapter.onMessage(ClientCalls.java:551)
	at org.apache.ratis.thirdparty.io.grpc.ForwardingClientCallListener.onMessage(ForwardingClientCallListener.java:33)
	at org.apache.ratis.thirdparty.io.grpc.internal.DelayedClientCall$DelayedListener.onMessage(DelayedClientCall.java:473)
	at org.apache.ratis.thirdparty.io.grpc.internal.ClientCallImpl$ClientStreamListenerImpl$1MessagesAvailable.runInternal(ClientCallImpl.java:661)
	at org.apache.ratis.thirdparty.io.grpc.internal.ClientCallImpl$ClientStreamListenerImpl$1MessagesAvailable.runInContext(ClientCallImpl.java:648)
	at org.apache.ratis.thirdparty.io.grpc.internal.ContextRunnable.run(ContextRunnable.java:37)
	at org.apache.ratis.thirdparty.io.grpc.internal.SerializingExecutor.run(SerializingExecutor.java:133)
	... 3 more
2025-07-19 06:07:24,070 [grpc-default-executor-4] ERROR impl.OrderedAsync (OrderedAsync.java:lambda$send$4(181)) - Failed to send request, message=cmdType: WriteChunk
traceID: ""
containerID: 4
datanodeUuid: "e4fa6cd0-dc30-4550-b12f-023a3466045b"
writeChunk {
  blockID {
    containerID: 4
    localID: 115816896921600004
    blockCommitSequenceId: 0
  }
  chunkData {
    chunkName: "115816896921600004.data.0"
    offset: 0
    len: 5
    checksumData {
      type: CRC32
      bytesPerChecksum: 1048576
      checksums: "\360\315\354G"
    }
  }
}
version: 3
, data.size=5
java.util.concurrent.CompletionException: org.apache.ratis.protocol.exceptions.StateMachineException: org.apache.hadoop.hdds.scm.container.common.helpers.ContainerNotOpenException from Server e4fa6cd0-dc30-4550-b12f-023a3466045b@group-7FD69FEA80D4: Container 4 in CLOSED state
	at org.apache.ratis.client.impl.RaftClientImpl.handleRaftException(RaftClientImpl.java:373)
	at org.apache.ratis.client.impl.OrderedAsync.lambda$send$3(OrderedAsync.java:175)
	at java.base/java.util.concurrent.CompletableFuture$UniApply.tryFire(CompletableFuture.java:646)
	at java.base/java.util.concurrent.CompletableFuture.postComplete(CompletableFuture.java:510)
	at java.base/java.util.concurrent.CompletableFuture.complete(CompletableFuture.java:2179)
	at org.apache.ratis.client.impl.OrderedAsync$PendingOrderedRequest.setReply(OrderedAsync.java:105)
	at org.apache.ratis.client.impl.OrderedAsync$PendingOrderedRequest.setReply(OrderedAsync.java:66)
	at org.apache.ratis.util.SlidingWindow$RequestMap.setReply(SlidingWindow.java:147)
	at org.apache.ratis.util.SlidingWindow$Client.receiveReply(SlidingWindow.java:351)
	at org.apache.ratis.client.impl.OrderedAsync.lambda$sendRequestWithRetry$5(OrderedAsync.java:210)
	at java.base/java.util.concurrent.CompletableFuture$UniAccept.tryFire(CompletableFuture.java:718)
	at java.base/java.util.concurrent.CompletableFuture.postComplete(CompletableFuture.java:510)
	at java.base/java.util.concurrent.CompletableFuture.complete(CompletableFuture.java:2179)
	at org.apache.ratis.grpc.client.GrpcClientProtocolClient$AsyncStreamObservers$1.lambda$onNext$0(GrpcClientProtocolClient.java:325)
	at java.base/java.util.Optional.ifPresent(Optional.java:178)
	at org.apache.ratis.grpc.client.GrpcClientProtocolClient$AsyncStreamObservers.handleReplyFuture(GrpcClientProtocolClient.java:381)
	at org.apache.ratis.grpc.client.GrpcClientProtocolClient$AsyncStreamObservers.access$100(GrpcClientProtocolClient.java:303)
	at org.apache.ratis.grpc.client.GrpcClientProtocolClient$AsyncStreamObservers$1.onNext(GrpcClientProtocolClient.java:325)
	at org.apache.ratis.grpc.client.GrpcClientProtocolClient$AsyncStreamObservers$1.onNext(GrpcClientProtocolClient.java:308)
	at org.apache.ratis.thirdparty.io.grpc.stub.ClientCalls$StreamObserverToCallListenerAdapter.onMessage(ClientCalls.java:551)
	at org.apache.ratis.thirdparty.io.grpc.ForwardingClientCallListener.onMessage(ForwardingClientCallListener.java:33)
	at org.apache.ratis.thirdparty.io.grpc.internal.DelayedClientCall$DelayedListener.onMessage(DelayedClientCall.java:473)
	at org.apache.ratis.thirdparty.io.grpc.internal.ClientCallImpl$ClientStreamListenerImpl$1MessagesAvailable.runInternal(ClientCallImpl.java:661)
	at org.apache.ratis.thirdparty.io.grpc.internal.ClientCallImpl$ClientStreamListenerImpl$1MessagesAvailable.runInContext(ClientCallImpl.java:648)
	at org.apache.ratis.thirdparty.io.grpc.internal.ContextRunnable.run(ContextRunnable.java:37)
	at org.apache.ratis.thirdparty.io.grpc.internal.SerializingExecutor.run(SerializingExecutor.java:133)
	at java.base/java.util.concurrent.ThreadPoolExecutor.runWorker(ThreadPoolExecutor.java:1144)
	at java.base/java.util.concurrent.ThreadPoolExecutor$Worker.run(ThreadPoolExecutor.java:642)
	at java.base/java.lang.Thread.run(Thread.java:1583)
Caused by: org.apache.ratis.protocol.exceptions.StateMachineException: org.apache.hadoop.hdds.scm.container.common.helpers.ContainerNotOpenException from Server e4fa6cd0-dc30-4550-b12f-023a3466045b@group-7FD69FEA80D4: Container 4 in CLOSED state
	at org.apache.hadoop.ozone.container.common.impl.HddsDispatcher.validateContainerCommand(HddsDispatcher.java:580)
	at org.apache.hadoop.ozone.container.common.transport.server.ratis.ContainerStateMachine.startTransaction(ContainerStateMachine.java:488)
	at org.apache.ratis.server.impl.RaftServerImpl.writeAsyncImpl(RaftServerImpl.java:987)
	at org.apache.ratis.server.impl.RaftServerImpl.writeAsync(RaftServerImpl.java:960)
	at org.apache.ratis.server.impl.RaftServerImpl.replyFuture(RaftServerImpl.java:953)
	at org.apache.ratis.server.impl.RaftServerImpl.submitClientRequestAsync(RaftServerImpl.java:930)
	at org.apache.ratis.server.impl.RaftServerImpl.lambda$null$11(RaftServerImpl.java:919)
	at org.apache.ratis.util.JavaUtils.callAsUnchecked(JavaUtils.java:118)
	at org.apache.ratis.server.impl.RaftServerImpl.lambda$executeSubmitClientRequestAsync$12(RaftServerImpl.java:919)
	at java.base/java.util.concurrent.CompletableFuture$AsyncSupply.run(CompletableFuture.java:1768)
	... 3 more
Caused by: org.apache.hadoop.hdds.scm.container.common.helpers.ContainerNotOpenException: Container 4 in CLOSED state
	at java.base/jdk.internal.reflect.DirectConstructorHandleAccessor.newInstance(DirectConstructorHandleAccessor.java:62)
	at java.base/java.lang.reflect.Constructor.newInstanceWithCaller(Constructor.java:502)
	at java.base/java.lang.reflect.Constructor.newInstance(Constructor.java:486)
	at org.apache.ratis.util.ReflectionUtils.instantiateException(ReflectionUtils.java:265)
	at org.apache.ratis.client.impl.ClientProtoUtils.toStateMachineException(ClientProtoUtils.java:455)
	at org.apache.ratis.client.impl.ClientProtoUtils.toStateMachineException(ClientProtoUtils.java:441)
	at org.apache.ratis.client.impl.ClientProtoUtils.toRaftClientReply(ClientProtoUtils.java:408)
	at org.apache.ratis.grpc.client.GrpcClientProtocolClient$AsyncStreamObservers$1.onNext(GrpcClientProtocolClient.java:313)
	at org.apache.ratis.grpc.client.GrpcClientProtocolClient$AsyncStreamObservers$1.onNext(GrpcClientProtocolClient.java:308)
	at org.apache.ratis.thirdparty.io.grpc.stub.ClientCalls$StreamObserverToCallListenerAdapter.onMessage(ClientCalls.java:551)
	at org.apache.ratis.thirdparty.io.grpc.ForwardingClientCallListener.onMessage(ForwardingClientCallListener.java:33)
	at org.apache.ratis.thirdparty.io.grpc.internal.DelayedClientCall$DelayedListener.onMessage(DelayedClientCall.java:473)
	at org.apache.ratis.thirdparty.io.grpc.internal.ClientCallImpl$ClientStreamListenerImpl$1MessagesAvailable.runInternal(ClientCallImpl.java:661)
	at org.apache.ratis.thirdparty.io.grpc.internal.ClientCallImpl$ClientStreamListenerImpl$1MessagesAvailable.runInContext(ClientCallImpl.java:648)
	at org.apache.ratis.thirdparty.io.grpc.internal.ContextRunnable.run(ContextRunnable.java:37)
	at org.apache.ratis.thirdparty.io.grpc.internal.SerializingExecutor.run(SerializingExecutor.java:133)
	... 3 more
2025-07-19T06:07:24.072032858Z e4fa6cd0-dc30-4550-b12f-023a3466045b-client-thread2 ERROR user=null | ip=null | op=WRITE_CHUNK {blockData=conID: 4 locID: 115816896921600004 bcsId: 0 replicaIndex: null, offset=0, size=5} | ret=FAILURE
org.apache.hadoop.hdds.scm.container.common.helpers.ContainerNotOpenException: Container 4 in UNHEALTHY state
	at org.apache.hadoop.ozone.container.common.impl.HddsDispatcher.validateContainerCommand(HddsDispatcher.java:580)
	at org.apache.hadoop.ozone.container.common.transport.server.ratis.ContainerStateMachine.startTransaction(ContainerStateMachine.java:488)
	at org.apache.ratis.server.impl.RaftServerImpl.writeAsyncImpl(RaftServerImpl.java:987)
	at org.apache.ratis.server.impl.RaftServerImpl.writeAsync(RaftServerImpl.java:960)
	at org.apache.ratis.server.impl.RaftServerImpl.replyFuture(RaftServerImpl.java:953)
	at org.apache.ratis.server.impl.RaftServerImpl.submitClientRequestAsync(RaftServerImpl.java:930)
	at org.apache.ratis.server.impl.RaftServerImpl.lambda$null$11(RaftServerImpl.java:919)
	at org.apache.ratis.util.JavaUtils.callAsUnchecked(JavaUtils.java:118)
	at org.apache.ratis.server.impl.RaftServerImpl.lambda$executeSubmitClientRequestAsync$12(RaftServerImpl.java:919)
	at java.base/java.util.concurrent.CompletableFuture$AsyncSupply.run(CompletableFuture.java:1768)
	at java.base/java.util.concurrent.ThreadPoolExecutor.runWorker(ThreadPoolExecutor.java:1144)
	at java.base/java.util.concurrent.ThreadPoolExecutor$Worker.run(ThreadPoolExecutor.java:642)
	at java.base/java.lang.Thread.run(Thread.java:1583)
2025-07-19 06:07:24,073 [grpc-default-executor-4] ERROR impl.OrderedAsync (OrderedAsync.java:lambda$send$4(181)) - Failed to send request, message=cmdType: WriteChunk
traceID: ""
containerID: 4
datanodeUuid: "e4fa6cd0-dc30-4550-b12f-023a3466045b"
writeChunk {
  blockID {
    containerID: 4
    localID: 115816896921600004
    blockCommitSequenceId: 0
  }
  chunkData {
    chunkName: "115816896921600004.data.0"
    offset: 0
    len: 5
    checksumData {
      type: CRC32
      bytesPerChecksum: 1048576
      checksums: "i\354Sv"
    }
  }
}
version: 3
, data.size=5
java.util.concurrent.CompletionException: org.apache.ratis.protocol.exceptions.StateMachineException: org.apache.hadoop.hdds.scm.container.common.helpers.ContainerNotOpenException from Server e4fa6cd0-dc30-4550-b12f-023a3466045b@group-7FD69FEA80D4: Container 4 in CLOSED state
	at org.apache.ratis.client.impl.RaftClientImpl.handleRaftException(RaftClientImpl.java:373)
	at org.apache.ratis.client.impl.OrderedAsync.lambda$send$3(OrderedAsync.java:175)
	at java.base/java.util.concurrent.CompletableFuture$UniApply.tryFire(CompletableFuture.java:646)
	at java.base/java.util.concurrent.CompletableFuture.postComplete(CompletableFuture.java:510)
	at java.base/java.util.concurrent.CompletableFuture.complete(CompletableFuture.java:2179)
	at org.apache.ratis.client.impl.OrderedAsync$PendingOrderedRequest.setReply(OrderedAsync.java:105)
	at org.apache.ratis.client.impl.OrderedAsync$PendingOrderedRequest.setReply(OrderedAsync.java:66)
	at org.apache.ratis.util.SlidingWindow$RequestMap.setReply(SlidingWindow.java:147)
	at org.apache.ratis.util.SlidingWindow$Client.receiveReply(SlidingWindow.java:351)
	at org.apache.ratis.client.impl.OrderedAsync.lambda$sendRequestWithRetry$5(OrderedAsync.java:210)
	at java.base/java.util.concurrent.CompletableFuture$UniAccept.tryFire(CompletableFuture.java:718)
	at java.base/java.util.concurrent.CompletableFuture.postComplete(CompletableFuture.java:510)
	at java.base/java.util.concurrent.CompletableFuture.complete(CompletableFuture.java:2179)
	at org.apache.ratis.grpc.client.GrpcClientProtocolClient$AsyncStreamObservers$1.lambda$onNext$0(GrpcClientProtocolClient.java:325)
	at java.base/java.util.Optional.ifPresent(Optional.java:178)
	at org.apache.ratis.grpc.client.GrpcClientProtocolClient$AsyncStreamObservers.handleReplyFuture(GrpcClientProtocolClient.java:381)
	at org.apache.ratis.grpc.client.GrpcClientProtocolClient$AsyncStreamObservers.access$100(GrpcClientProtocolClient.java:303)
	at org.apache.ratis.grpc.client.GrpcClientProtocolClient$AsyncStreamObservers$1.onNext(GrpcClientProtocolClient.java:325)
	at org.apache.ratis.grpc.client.GrpcClientProtocolClient$AsyncStreamObservers$1.onNext(GrpcClientProtocolClient.java:308)
	at org.apache.ratis.thirdparty.io.grpc.stub.ClientCalls$StreamObserverToCallListenerAdapter.onMessage(ClientCalls.java:551)
	at org.apache.ratis.thirdparty.io.grpc.ForwardingClientCallListener.onMessage(ForwardingClientCallListener.java:33)
	at org.apache.ratis.thirdparty.io.grpc.internal.DelayedClientCall$DelayedListener.onMessage(DelayedClientCall.java:473)
	at org.apache.ratis.thirdparty.io.grpc.internal.ClientCallImpl$ClientStreamListenerImpl$1MessagesAvailable.runInternal(ClientCallImpl.java:661)
	at org.apache.ratis.thirdparty.io.grpc.internal.ClientCallImpl$ClientStreamListenerImpl$1MessagesAvailable.runInContext(ClientCallImpl.java:648)
	at org.apache.ratis.thirdparty.io.grpc.internal.ContextRunnable.run(ContextRunnable.java:37)
	at org.apache.ratis.thirdparty.io.grpc.internal.SerializingExecutor.run(SerializingExecutor.java:133)
	at java.base/java.util.concurrent.ThreadPoolExecutor.runWorker(ThreadPoolExecutor.java:1144)
	at java.base/java.util.concurrent.ThreadPoolExecutor$Worker.run(ThreadPoolExecutor.java:642)
	at java.base/java.lang.Thread.run(Thread.java:1583)
Caused by: org.apache.ratis.protocol.exceptions.StateMachineException: org.apache.hadoop.hdds.scm.container.common.helpers.ContainerNotOpenException from Server e4fa6cd0-dc30-4550-b12f-023a3466045b@group-7FD69FEA80D4: Container 4 in CLOSED state
	at org.apache.hadoop.ozone.container.common.impl.HddsDispatcher.validateContainerCommand(HddsDispatcher.java:580)
	at org.apache.hadoop.ozone.container.common.transport.server.ratis.ContainerStateMachine.startTransaction(ContainerStateMachine.java:488)
	at org.apache.ratis.server.impl.RaftServerImpl.writeAsyncImpl(RaftServerImpl.java:987)
	at org.apache.ratis.server.impl.RaftServerImpl.writeAsync(RaftServerImpl.java:960)
	at org.apache.ratis.server.impl.RaftServerImpl.replyFuture(RaftServerImpl.java:953)
	at org.apache.ratis.server.impl.RaftServerImpl.submitClientRequestAsync(RaftServerImpl.java:930)
	at org.apache.ratis.server.impl.RaftServerImpl.lambda$null$11(RaftServerImpl.java:919)
	at org.apache.ratis.util.JavaUtils.callAsUnchecked(JavaUtils.java:118)
	at org.apache.ratis.server.impl.RaftServerImpl.lambda$executeSubmitClientRequestAsync$12(RaftServerImpl.java:919)
	at java.base/java.util.concurrent.CompletableFuture$AsyncSupply.run(CompletableFuture.java:1768)
	... 3 more
Caused by: org.apache.hadoop.hdds.scm.container.common.helpers.ContainerNotOpenException: Container 4 in CLOSED state
	at java.base/jdk.internal.reflect.DirectConstructorHandleAccessor.newInstance(DirectConstructorHandleAccessor.java:62)
	at java.base/java.lang.reflect.Constructor.newInstanceWithCaller(Constructor.java:502)
	at java.base/java.lang.reflect.Constructor.newInstance(Constructor.java:486)
	at org.apache.ratis.util.ReflectionUtils.instantiateException(ReflectionUtils.java:265)
	at org.apache.ratis.client.impl.ClientProtoUtils.toStateMachineException(ClientProtoUtils.java:455)
	at org.apache.ratis.client.impl.ClientProtoUtils.toStateMachineException(ClientProtoUtils.java:441)
	at org.apache.ratis.client.impl.ClientProtoUtils.toRaftClientReply(ClientProtoUtils.java:408)
	at org.apache.ratis.grpc.client.GrpcClientProtocolClient$AsyncStreamObservers$1.onNext(GrpcClientProtocolClient.java:313)
	at org.apache.ratis.grpc.client.GrpcClientProtocolClient$AsyncStreamObservers$1.onNext(GrpcClientProtocolClient.java:308)
	at org.apache.ratis.thirdparty.io.grpc.stub.ClientCalls$StreamObserverToCallListenerAdapter.onMessage(ClientCalls.java:551)
	at org.apache.ratis.thirdparty.io.grpc.ForwardingClientCallListener.onMessage(ForwardingClientCallListener.java:33)
	at org.apache.ratis.thirdparty.io.grpc.internal.DelayedClientCall$DelayedListener.onMessage(DelayedClientCall.java:473)
	at org.apache.ratis.thirdparty.io.grpc.internal.ClientCallImpl$ClientStreamListenerImpl$1MessagesAvailable.runInternal(ClientCallImpl.java:661)
	at org.apache.ratis.thirdparty.io.grpc.internal.ClientCallImpl$ClientStreamListenerImpl$1MessagesAvailable.runInContext(ClientCallImpl.java:648)
	at org.apache.ratis.thirdparty.io.grpc.internal.ContextRunnable.run(ContextRunnable.java:37)
	at org.apache.ratis.thirdparty.io.grpc.internal.SerializingExecutor.run(SerializingExecutor.java:133)
	... 3 more
2025-07-19 06:07:24,074 [grpc-default-executor-4] ERROR impl.OrderedAsync (OrderedAsync.java:lambda$send$4(181)) - Failed to send request, message=cmdType: WriteChunk
traceID: ""
containerID: 4
datanodeUuid: "e4fa6cd0-dc30-4550-b12f-023a3466045b"
writeChunk {
  blockID {
    containerID: 4
    localID: 115816896921600004
    blockCommitSequenceId: 0
  }
  chunkData {
    chunkName: "115816896921600004.data.0"
    offset: 0
    len: 5
    checksumData {
      type: CRC32
      bytesPerChecksum: 1048576
      checksums: "\221y\266C"
    }
  }
}
version: 3
, data.size=5
java.util.concurrent.CompletionException: org.apache.ratis.protocol.exceptions.StateMachineException: org.apache.hadoop.hdds.scm.container.common.helpers.ContainerNotOpenException from Server e4fa6cd0-dc30-4550-b12f-023a3466045b@group-7FD69FEA80D4: Container 4 in CLOSED state
	at org.apache.ratis.client.impl.RaftClientImpl.handleRaftException(RaftClientImpl.java:373)
	at org.apache.ratis.client.impl.OrderedAsync.lambda$send$3(OrderedAsync.java:175)
	at java.base/java.util.concurrent.CompletableFuture$UniApply.tryFire(CompletableFuture.java:646)
	at java.base/java.util.concurrent.CompletableFuture.postComplete(CompletableFuture.java:510)
	at java.base/java.util.concurrent.CompletableFuture.complete(CompletableFuture.java:2179)
	at org.apache.ratis.client.impl.OrderedAsync$PendingOrderedRequest.setReply(OrderedAsync.java:105)
	at org.apache.ratis.client.impl.OrderedAsync$PendingOrderedRequest.setReply(OrderedAsync.java:66)
	at org.apache.ratis.util.SlidingWindow$RequestMap.setReply(SlidingWindow.java:147)
	at org.apache.ratis.util.SlidingWindow$Client.receiveReply(SlidingWindow.java:351)
	at org.apache.ratis.client.impl.OrderedAsync.lambda$sendRequestWithRetry$5(OrderedAsync.java:210)
	at java.base/java.util.concurrent.CompletableFuture$UniAccept.tryFire(CompletableFuture.java:718)
	at java.base/java.util.concurrent.CompletableFuture.postComplete(CompletableFuture.java:510)
	at java.base/java.util.concurrent.CompletableFuture.complete(CompletableFuture.java:2179)
	at org.apache.ratis.grpc.client.GrpcClientProtocolClient$AsyncStreamObservers$1.lambda$onNext$0(GrpcClientProtocolClient.java:325)
	at java.base/java.util.Optional.ifPresent(Optional.java:178)
	at org.apache.ratis.grpc.client.GrpcClientProtocolClient$AsyncStreamObservers.handleReplyFuture(GrpcClientProtocolClient.java:381)
	at org.apache.ratis.grpc.client.GrpcClientProtocolClient$AsyncStreamObservers.access$100(GrpcClientProtocolClient.java:303)
	at org.apache.ratis.grpc.client.GrpcClientProtocolClient$AsyncStreamObservers$1.onNext(GrpcClientProtocolClient.java:325)
	at org.apache.ratis.grpc.client.GrpcClientProtocolClient$AsyncStreamObservers$1.onNext(GrpcClientProtocolClient.java:308)
	at org.apache.ratis.thirdparty.io.grpc.stub.ClientCalls$StreamObserverToCallListenerAdapter.onMessage(ClientCalls.java:551)
	at org.apache.ratis.thirdparty.io.grpc.ForwardingClientCallListener.onMessage(ForwardingClientCallListener.java:33)
	at org.apache.ratis.thirdparty.io.grpc.internal.DelayedClientCall$DelayedListener.onMessage(DelayedClientCall.java:473)
	at org.apache.ratis.thirdparty.io.grpc.internal.ClientCallImpl$ClientStreamListenerImpl$1MessagesAvailable.runInternal(ClientCallImpl.java:661)
	at org.apache.ratis.thirdparty.io.grpc.internal.ClientCallImpl$ClientStreamListenerImpl$1MessagesAvailable.runInContext(ClientCallImpl.java:648)
	at org.apache.ratis.thirdparty.io.grpc.internal.ContextRunnable.run(ContextRunnable.java:37)
	at org.apache.ratis.thirdparty.io.grpc.internal.SerializingExecutor.run(SerializingExecutor.java:133)
	at java.base/java.util.concurrent.ThreadPoolExecutor.runWorker(ThreadPoolExecutor.java:1144)
	at java.base/java.util.concurrent.ThreadPoolExecutor$Worker.run(ThreadPoolExecutor.java:642)
	at java.base/java.lang.Thread.run(Thread.java:1583)
Caused by: org.apache.ratis.protocol.exceptions.StateMachineException: org.apache.hadoop.hdds.scm.container.common.helpers.ContainerNotOpenException from Server e4fa6cd0-dc30-4550-b12f-023a3466045b@group-7FD69FEA80D4: Container 4 in CLOSED state
	at org.apache.hadoop.ozone.container.common.impl.HddsDispatcher.validateContainerCommand(HddsDispatcher.java:580)
	at org.apache.hadoop.ozone.container.common.transport.server.ratis.ContainerStateMachine.startTransaction(ContainerStateMachine.java:488)
	at org.apache.ratis.server.impl.RaftServerImpl.writeAsyncImpl(RaftServerImpl.java:987)
	at org.apache.ratis.server.impl.RaftServerImpl.writeAsync(RaftServerImpl.java:960)
	at org.apache.ratis.server.impl.RaftServerImpl.replyFuture(RaftServerImpl.java:953)
	at org.apache.ratis.server.impl.RaftServerImpl.submitClientRequestAsync(RaftServerImpl.java:930)
	at org.apache.ratis.server.impl.RaftServerImpl.lambda$null$11(RaftServerImpl.java:919)
	at org.apache.ratis.util.JavaUtils.callAsUnchecked(JavaUtils.java:118)
	at org.apache.ratis.server.impl.RaftServerImpl.lambda$executeSubmitClientRequestAsync$12(RaftServerImpl.java:919)
	at java.base/java.util.concurrent.CompletableFuture$AsyncSupply.run(CompletableFuture.java:1768)
	... 3 more
Caused by: org.apache.hadoop.hdds.scm.container.common.helpers.ContainerNotOpenException: Container 4 in CLOSED state
	at java.base/jdk.internal.reflect.DirectConstructorHandleAccessor.newInstance(DirectConstructorHandleAccessor.java:62)
	at java.base/java.lang.reflect.Constructor.newInstanceWithCaller(Constructor.java:502)
	at java.base/java.lang.reflect.Constructor.newInstance(Constructor.java:486)
	at org.apache.ratis.util.ReflectionUtils.instantiateException(ReflectionUtils.java:265)
	at org.apache.ratis.client.impl.ClientProtoUtils.toStateMachineException(ClientProtoUtils.java:455)
	at org.apache.ratis.client.impl.ClientProtoUtils.toStateMachineException(ClientProtoUtils.java:441)
	at org.apache.ratis.client.impl.ClientProtoUtils.toRaftClientReply(ClientProtoUtils.java:408)
	at org.apache.ratis.grpc.client.GrpcClientProtocolClient$AsyncStreamObservers$1.onNext(GrpcClientProtocolClient.java:313)
	at org.apache.ratis.grpc.client.GrpcClientProtocolClient$AsyncStreamObservers$1.onNext(GrpcClientProtocolClient.java:308)
	at org.apache.ratis.thirdparty.io.grpc.stub.ClientCalls$StreamObserverToCallListenerAdapter.onMessage(ClientCalls.java:551)
	at org.apache.ratis.thirdparty.io.grpc.ForwardingClientCallListener.onMessage(ForwardingClientCallListener.java:33)
	at org.apache.ratis.thirdparty.io.grpc.internal.DelayedClientCall$DelayedListener.onMessage(DelayedClientCall.java:473)
	at org.apache.ratis.thirdparty.io.grpc.internal.ClientCallImpl$ClientStreamListenerImpl$1MessagesAvailable.runInternal(ClientCallImpl.java:661)
	at org.apache.ratis.thirdparty.io.grpc.internal.ClientCallImpl$ClientStreamListenerImpl$1MessagesAvailable.runInContext(ClientCallImpl.java:648)
	at org.apache.ratis.thirdparty.io.grpc.internal.ContextRunnable.run(ContextRunnable.java:37)
	at org.apache.ratis.thirdparty.io.grpc.internal.SerializingExecutor.run(SerializingExecutor.java:133)
	... 3 more
2025-07-19T06:07:24.076143323Z e4fa6cd0-dc30-4550-b12f-023a3466045b-client-thread2 ERROR user=null | ip=null | op=WRITE_CHUNK {blockData=conID: 4 locID: 115816896921600004 bcsId: 0 replicaIndex: null, offset=0, size=5} | ret=FAILURE
org.apache.hadoop.hdds.scm.container.common.helpers.ContainerNotOpenException: Container 4 in UNHEALTHY state
	at org.apache.hadoop.ozone.container.common.impl.HddsDispatcher.validateContainerCommand(HddsDispatcher.java:580)
	at org.apache.hadoop.ozone.container.common.transport.server.ratis.ContainerStateMachine.startTransaction(ContainerStateMachine.java:488)
	at org.apache.ratis.server.impl.RaftServerImpl.writeAsyncImpl(RaftServerImpl.java:987)
	at org.apache.ratis.server.impl.RaftServerImpl.writeAsync(RaftServerImpl.java:960)
	at org.apache.ratis.server.impl.RaftServerImpl.replyFuture(RaftServerImpl.java:953)
	at org.apache.ratis.server.impl.RaftServerImpl.submitClientRequestAsync(RaftServerImpl.java:930)
	at org.apache.ratis.server.impl.RaftServerImpl.lambda$null$11(RaftServerImpl.java:919)
	at org.apache.ratis.util.JavaUtils.callAsUnchecked(JavaUtils.java:118)
	at org.apache.ratis.server.impl.RaftServerImpl.lambda$executeSubmitClientRequestAsync$12(RaftServerImpl.java:919)
	at java.base/java.util.concurrent.CompletableFuture$AsyncSupply.run(CompletableFuture.java:1768)
	at java.base/java.util.concurrent.ThreadPoolExecutor.runWorker(ThreadPoolExecutor.java:1144)
	at java.base/java.util.concurrent.ThreadPoolExecutor$Worker.run(ThreadPoolExecutor.java:642)
	at java.base/java.lang.Thread.run(Thread.java:1583)
2025-07-19 06:07:24,077 [grpc-default-executor-4] ERROR impl.OrderedAsync (OrderedAsync.java:lambda$send$4(181)) - Failed to send request, message=cmdType: WriteChunk
traceID: ""
containerID: 4
datanodeUuid: "e4fa6cd0-dc30-4550-b12f-023a3466045b"
writeChunk {
  blockID {
    containerID: 4
    localID: 115816896921600004
    blockCommitSequenceId: 0
  }
  chunkData {
    chunkName: "115816896921600004.data.0"
    offset: 0
    len: 5
    checksumData {
      type: CRC32
      bytesPerChecksum: 1048576
      checksums: "\274\265\235l"
    }
  }
}
version: 3
, data.size=5
java.util.concurrent.CompletionException: org.apache.ratis.protocol.exceptions.StateMachineException: org.apache.hadoop.hdds.scm.container.common.helpers.ContainerNotOpenException from Server e4fa6cd0-dc30-4550-b12f-023a3466045b@group-7FD69FEA80D4: Container 4 in CLOSED state
	at org.apache.ratis.client.impl.RaftClientImpl.handleRaftException(RaftClientImpl.java:373)
	at org.apache.ratis.client.impl.OrderedAsync.lambda$send$3(OrderedAsync.java:175)
	at java.base/java.util.concurrent.CompletableFuture$UniApply.tryFire(CompletableFuture.java:646)
	at java.base/java.util.concurrent.CompletableFuture.postComplete(CompletableFuture.java:510)
	at java.base/java.util.concurrent.CompletableFuture.complete(CompletableFuture.java:2179)
	at org.apache.ratis.client.impl.OrderedAsync$PendingOrderedRequest.setReply(OrderedAsync.java:105)
	at org.apache.ratis.client.impl.OrderedAsync$PendingOrderedRequest.setReply(OrderedAsync.java:66)
	at org.apache.ratis.util.SlidingWindow$RequestMap.setReply(SlidingWindow.java:147)
	at org.apache.ratis.util.SlidingWindow$Client.receiveReply(SlidingWindow.java:351)
	at org.apache.ratis.client.impl.OrderedAsync.lambda$sendRequestWithRetry$5(OrderedAsync.java:210)
	at java.base/java.util.concurrent.CompletableFuture$UniAccept.tryFire(CompletableFuture.java:718)
	at java.base/java.util.concurrent.CompletableFuture.postComplete(CompletableFuture.java:510)
	at java.base/java.util.concurrent.CompletableFuture.complete(CompletableFuture.java:2179)
	at org.apache.ratis.grpc.client.GrpcClientProtocolClient$AsyncStreamObservers$1.lambda$onNext$0(GrpcClientProtocolClient.java:325)
	at java.base/java.util.Optional.ifPresent(Optional.java:178)
	at org.apache.ratis.grpc.client.GrpcClientProtocolClient$AsyncStreamObservers.handleReplyFuture(GrpcClientProtocolClient.java:381)
	at org.apache.ratis.grpc.client.GrpcClientProtocolClient$AsyncStreamObservers.access$100(GrpcClientProtocolClient.java:303)
	at org.apache.ratis.grpc.client.GrpcClientProtocolClient$AsyncStreamObservers$1.onNext(GrpcClientProtocolClient.java:325)
	at org.apache.ratis.grpc.client.GrpcClientProtocolClient$AsyncStreamObservers$1.onNext(GrpcClientProtocolClient.java:308)
	at org.apache.ratis.thirdparty.io.grpc.stub.ClientCalls$StreamObserverToCallListenerAdapter.onMessage(ClientCalls.java:551)
	at org.apache.ratis.thirdparty.io.grpc.ForwardingClientCallListener.onMessage(ForwardingClientCallListener.java:33)
	at org.apache.ratis.thirdparty.io.grpc.internal.DelayedClientCall$DelayedListener.onMessage(DelayedClientCall.java:473)
	at org.apache.ratis.thirdparty.io.grpc.internal.ClientCallImpl$ClientStreamListenerImpl$1MessagesAvailable.runInternal(ClientCallImpl.java:661)
	at org.apache.ratis.thirdparty.io.grpc.internal.ClientCallImpl$ClientStreamListenerImpl$1MessagesAvailable.runInContext(ClientCallImpl.java:648)
	at org.apache.ratis.thirdparty.io.grpc.internal.ContextRunnable.run(ContextRunnable.java:37)
	at org.apache.ratis.thirdparty.io.grpc.internal.SerializingExecutor.run(SerializingExecutor.java:133)
	at java.base/java.util.concurrent.ThreadPoolExecutor.runWorker(ThreadPoolExecutor.java:1144)
	at java.base/java.util.concurrent.ThreadPoolExecutor$Worker.run(ThreadPoolExecutor.java:642)
	at java.base/java.lang.Thread.run(Thread.java:1583)
Caused by: org.apache.ratis.protocol.exceptions.StateMachineException: org.apache.hadoop.hdds.scm.container.common.helpers.ContainerNotOpenException from Server e4fa6cd0-dc30-4550-b12f-023a3466045b@group-7FD69FEA80D4: Container 4 in CLOSED state
	at org.apache.hadoop.ozone.container.common.impl.HddsDispatcher.validateContainerCommand(HddsDispatcher.java:580)
	at org.apache.hadoop.ozone.container.common.transport.server.ratis.ContainerStateMachine.startTransaction(ContainerStateMachine.java:488)
	at org.apache.ratis.server.impl.RaftServerImpl.writeAsyncImpl(RaftServerImpl.java:987)
	at org.apache.ratis.server.impl.RaftServerImpl.writeAsync(RaftServerImpl.java:960)
	at org.apache.ratis.server.impl.RaftServerImpl.replyFuture(RaftServerImpl.java:953)
	at org.apache.ratis.server.impl.RaftServerImpl.submitClientRequestAsync(RaftServerImpl.java:930)
	at org.apache.ratis.server.impl.RaftServerImpl.lambda$null$11(RaftServerImpl.java:919)
	at org.apache.ratis.util.JavaUtils.callAsUnchecked(JavaUtils.java:118)
	at org.apache.ratis.server.impl.RaftServerImpl.lambda$executeSubmitClientRequestAsync$12(RaftServerImpl.java:919)
	at java.base/java.util.concurrent.CompletableFuture$AsyncSupply.run(CompletableFuture.java:1768)
	... 3 more
Caused by: org.apache.hadoop.hdds.scm.container.common.helpers.ContainerNotOpenException: Container 4 in CLOSED state
	at java.base/jdk.internal.reflect.DirectConstructorHandleAccessor.newInstance(DirectConstructorHandleAccessor.java:62)
	at java.base/java.lang.reflect.Constructor.newInstanceWithCaller(Constructor.java:502)
	at java.base/java.lang.reflect.Constructor.newInstance(Constructor.java:486)
	at org.apache.ratis.util.ReflectionUtils.instantiateException(ReflectionUtils.java:265)
	at org.apache.ratis.client.impl.ClientProtoUtils.toStateMachineException(ClientProtoUtils.java:455)
	at org.apache.ratis.client.impl.ClientProtoUtils.toStateMachineException(ClientProtoUtils.java:441)
	at org.apache.ratis.client.impl.ClientProtoUtils.toRaftClientReply(ClientProtoUtils.java:408)
	at org.apache.ratis.grpc.client.GrpcClientProtocolClient$AsyncStreamObservers$1.onNext(GrpcClientProtocolClient.java:313)
	at org.apache.ratis.grpc.client.GrpcClientProtocolClient$AsyncStreamObservers$1.onNext(GrpcClientProtocolClient.java:308)
	at org.apache.ratis.thirdparty.io.grpc.stub.ClientCalls$StreamObserverToCallListenerAdapter.onMessage(ClientCalls.java:551)
	at org.apache.ratis.thirdparty.io.grpc.ForwardingClientCallListener.onMessage(ForwardingClientCallListener.java:33)
	at org.apache.ratis.thirdparty.io.grpc.internal.DelayedClientCall$DelayedListener.onMessage(DelayedClientCall.java:473)
	at org.apache.ratis.thirdparty.io.grpc.internal.ClientCallImpl$ClientStreamListenerImpl$1MessagesAvailable.runInternal(ClientCallImpl.java:661)
	at org.apache.ratis.thirdparty.io.grpc.internal.ClientCallImpl$ClientStreamListenerImpl$1MessagesAvailable.runInContext(ClientCallImpl.java:648)
	at org.apache.ratis.thirdparty.io.grpc.internal.ContextRunnable.run(ContextRunnable.java:37)
	at org.apache.ratis.thirdparty.io.grpc.internal.SerializingExecutor.run(SerializingExecutor.java:133)
	... 3 more
2025-07-19 06:07:24,078 [grpc-default-executor-2] ERROR impl.OrderedAsync (OrderedAsync.java:lambda$send$4(181)) - Failed to send request, message=cmdType: WriteChunk
traceID: ""
containerID: 4
datanodeUuid: "e4fa6cd0-dc30-4550-b12f-023a3466045b"
writeChunk {
  blockID {
    containerID: 4
    localID: 115816896921600004
    blockCommitSequenceId: 0
  }
  chunkData {
    chunkName: "115816896921600004.data.0"
    offset: 0
    len: 5
    checksumData {
      type: CRC32
      bytesPerChecksum: 1048576
      checksums: ",4\357;"
    }
  }
}
version: 3
, data.size=5
java.util.concurrent.CompletionException: org.apache.ratis.protocol.exceptions.StateMachineException: org.apache.hadoop.hdds.scm.container.common.helpers.ContainerNotOpenException from Server e4fa6cd0-dc30-4550-b12f-023a3466045b@group-7FD69FEA80D4: Container 4 in CLOSED state
	at org.apache.ratis.client.impl.RaftClientImpl.handleRaftException(RaftClientImpl.java:373)
	at org.apache.ratis.client.impl.OrderedAsync.lambda$send$3(OrderedAsync.java:175)
	at java.base/java.util.concurrent.CompletableFuture$UniApply.tryFire(CompletableFuture.java:646)
	at java.base/java.util.concurrent.CompletableFuture.postComplete(CompletableFuture.java:510)
	at java.base/java.util.concurrent.CompletableFuture.complete(CompletableFuture.java:2179)
	at org.apache.ratis.client.impl.OrderedAsync$PendingOrderedRequest.setReply(OrderedAsync.java:105)
	at org.apache.ratis.client.impl.OrderedAsync$PendingOrderedRequest.setReply(OrderedAsync.java:66)
	at org.apache.ratis.util.SlidingWindow$RequestMap.setReply(SlidingWindow.java:147)
	at org.apache.ratis.util.SlidingWindow$Client.receiveReply(SlidingWindow.java:351)
	at org.apache.ratis.client.impl.OrderedAsync.lambda$sendRequestWithRetry$5(OrderedAsync.java:210)
	at java.base/java.util.concurrent.CompletableFuture$UniAccept.tryFire(CompletableFuture.java:718)
	at java.base/java.util.concurrent.CompletableFuture.postComplete(CompletableFuture.java:510)
	at java.base/java.util.concurrent.CompletableFuture.complete(CompletableFuture.java:2179)
	at org.apache.ratis.grpc.client.GrpcClientProtocolClient$AsyncStreamObservers$1.lambda$onNext$0(GrpcClientProtocolClient.java:325)
	at java.base/java.util.Optional.ifPresent(Optional.java:178)
	at org.apache.ratis.grpc.client.GrpcClientProtocolClient$AsyncStreamObservers.handleReplyFuture(GrpcClientProtocolClient.java:381)
	at org.apache.ratis.grpc.client.GrpcClientProtocolClient$AsyncStreamObservers.access$100(GrpcClientProtocolClient.java:303)
	at org.apache.ratis.grpc.client.GrpcClientProtocolClient$AsyncStreamObservers$1.onNext(GrpcClientProtocolClient.java:325)
	at org.apache.ratis.grpc.client.GrpcClientProtocolClient$AsyncStreamObservers$1.onNext(GrpcClientProtocolClient.java:308)
	at org.apache.ratis.thirdparty.io.grpc.stub.ClientCalls$StreamObserverToCallListenerAdapter.onMessage(ClientCalls.java:551)
	at org.apache.ratis.thirdparty.io.grpc.ForwardingClientCallListener.onMessage(ForwardingClientCallListener.java:33)
	at org.apache.ratis.thirdparty.io.grpc.internal.DelayedClientCall$DelayedListener.onMessage(DelayedClientCall.java:473)
	at org.apache.ratis.thirdparty.io.grpc.internal.ClientCallImpl$ClientStreamListenerImpl$1MessagesAvailable.runInternal(ClientCallImpl.java:661)
	at org.apache.ratis.thirdparty.io.grpc.internal.ClientCallImpl$ClientStreamListenerImpl$1MessagesAvailable.runInContext(ClientCallImpl.java:648)
	at org.apache.ratis.thirdparty.io.grpc.internal.ContextRunnable.run(ContextRunnable.java:37)
	at org.apache.ratis.thirdparty.io.grpc.internal.SerializingExecutor.run(SerializingExecutor.java:133)
	at java.base/java.util.concurrent.ThreadPoolExecutor.runWorker(ThreadPoolExecutor.java:1144)
	at java.base/java.util.concurrent.ThreadPoolExecutor$Worker.run(ThreadPoolExecutor.java:642)
	at java.base/java.lang.Thread.run(Thread.java:1583)
Caused by: org.apache.ratis.protocol.exceptions.StateMachineException: org.apache.hadoop.hdds.scm.container.common.helpers.ContainerNotOpenException from Server e4fa6cd0-dc30-4550-b12f-023a3466045b@group-7FD69FEA80D4: Container 4 in CLOSED state
	at org.apache.hadoop.ozone.container.common.impl.HddsDispatcher.validateContainerCommand(HddsDispatcher.java:580)
	at org.apache.hadoop.ozone.container.common.transport.server.ratis.ContainerStateMachine.startTransaction(ContainerStateMachine.java:488)
	at org.apache.ratis.server.impl.RaftServerImpl.writeAsyncImpl(RaftServerImpl.java:987)
	at org.apache.ratis.server.impl.RaftServerImpl.writeAsync(RaftServerImpl.java:960)
	at org.apache.ratis.server.impl.RaftServerImpl.replyFuture(RaftServerImpl.java:953)
	at org.apache.ratis.server.impl.RaftServerImpl.submitClientRequestAsync(RaftServerImpl.java:930)
	at org.apache.ratis.server.impl.RaftServerImpl.lambda$null$11(RaftServerImpl.java:919)
	at org.apache.ratis.util.JavaUtils.callAsUnchecked(JavaUtils.java:118)
	at org.apache.ratis.server.impl.RaftServerImpl.lambda$executeSubmitClientRequestAsync$12(RaftServerImpl.java:919)
	at java.base/java.util.concurrent.CompletableFuture$AsyncSupply.run(CompletableFuture.java:1768)
	... 3 more
Caused by: org.apache.hadoop.hdds.scm.container.common.helpers.ContainerNotOpenException: Container 4 in CLOSED state
	at java.base/jdk.internal.reflect.DirectConstructorHandleAccessor.newInstance(DirectConstructorHandleAccessor.java:62)
	at java.base/java.lang.reflect.Constructor.newInstanceWithCaller(Constructor.java:502)
	at java.base/java.lang.reflect.Constructor.newInstance(Constructor.java:486)
	at org.apache.ratis.util.ReflectionUtils.instantiateException(ReflectionUtils.java:265)
	at org.apache.ratis.client.impl.ClientProtoUtils.toStateMachineException(ClientProtoUtils.java:455)
	at org.apache.ratis.client.impl.ClientProtoUtils.toStateMachineException(ClientProtoUtils.java:441)
	at org.apache.ratis.client.impl.ClientProtoUtils.toRaftClientReply(ClientProtoUtils.java:408)
	at org.apache.ratis.grpc.client.GrpcClientProtocolClient$AsyncStreamObservers$1.onNext(GrpcClientProtocolClient.java:313)
	at org.apache.ratis.grpc.client.GrpcClientProtocolClient$AsyncStreamObservers$1.onNext(GrpcClientProtocolClient.java:308)
	at org.apache.ratis.thirdparty.io.grpc.stub.ClientCalls$StreamObserverToCallListenerAdapter.onMessage(ClientCalls.java:551)
	at org.apache.ratis.thirdparty.io.grpc.ForwardingClientCallListener.onMessage(ForwardingClientCallListener.java:33)
	at org.apache.ratis.thirdparty.io.grpc.internal.DelayedClientCall$DelayedListener.onMessage(DelayedClientCall.java:473)
	at org.apache.ratis.thirdparty.io.grpc.internal.ClientCallImpl$ClientStreamListenerImpl$1MessagesAvailable.runInternal(ClientCallImpl.java:661)
	at org.apache.ratis.thirdparty.io.grpc.internal.ClientCallImpl$ClientStreamListenerImpl$1MessagesAvailable.runInContext(ClientCallImpl.java:648)
	at org.apache.ratis.thirdparty.io.grpc.internal.ContextRunnable.run(ContextRunnable.java:37)
	at org.apache.ratis.thirdparty.io.grpc.internal.SerializingExecutor.run(SerializingExecutor.java:133)
	... 3 more
2025-07-19T06:07:24.078373727Z e4fa6cd0-dc30-4550-b12f-023a3466045b-client-thread2 ERROR user=null | ip=null | op=WRITE_CHUNK {blockData=conID: 4 locID: 115816896921600004 bcsId: 0 replicaIndex: null, offset=0, size=5} | ret=FAILURE
org.apache.hadoop.hdds.scm.container.common.helpers.ContainerNotOpenException: Container 4 in UNHEALTHY state
	at org.apache.hadoop.ozone.container.common.impl.HddsDispatcher.validateContainerCommand(HddsDispatcher.java:580)
	at org.apache.hadoop.ozone.container.common.transport.server.ratis.ContainerStateMachine.startTransaction(ContainerStateMachine.java:488)
	at org.apache.ratis.server.impl.RaftServerImpl.writeAsyncImpl(RaftServerImpl.java:987)
	at org.apache.ratis.server.impl.RaftServerImpl.writeAsync(RaftServerImpl.java:960)
	at org.apache.ratis.server.impl.RaftServerImpl.replyFuture(RaftServerImpl.java:953)
	at org.apache.ratis.server.impl.RaftServerImpl.submitClientRequestAsync(RaftServerImpl.java:930)
	at org.apache.ratis.server.impl.RaftServerImpl.lambda$null$11(RaftServerImpl.java:919)
	at org.apache.ratis.util.JavaUtils.callAsUnchecked(JavaUtils.java:118)
	at org.apache.ratis.server.impl.RaftServerImpl.lambda$executeSubmitClientRequestAsync$12(RaftServerImpl.java:919)
	at java.base/java.util.concurrent.CompletableFuture$AsyncSupply.run(CompletableFuture.java:1768)
	at java.base/java.util.concurrent.ThreadPoolExecutor.runWorker(ThreadPoolExecutor.java:1144)
	at java.base/java.util.concurrent.ThreadPoolExecutor$Worker.run(ThreadPoolExecutor.java:642)
	at java.base/java.lang.Thread.run(Thread.java:1583)
2025-07-19T06:07:24.079244509Z e4fa6cd0-dc30-4550-b12f-023a3466045b-client-thread2 ERROR user=null | ip=null | op=WRITE_CHUNK {blockData=conID: 4 locID: 115816896921600004 bcsId: 0 replicaIndex: null, offset=0, size=5} | ret=FAILURE
org.apache.hadoop.hdds.scm.container.common.helpers.ContainerNotOpenException: Container 4 in UNHEALTHY state
	at org.apache.hadoop.ozone.container.common.impl.HddsDispatcher.validateContainerCommand(HddsDispatcher.java:580)
	at org.apache.hadoop.ozone.container.common.transport.server.ratis.ContainerStateMachine.startTransaction(ContainerStateMachine.java:488)
	at org.apache.ratis.server.impl.RaftServerImpl.writeAsyncImpl(RaftServerImpl.java:987)
	at org.apache.ratis.server.impl.RaftServerImpl.writeAsync(RaftServerImpl.java:960)
	at org.apache.ratis.server.impl.RaftServerImpl.replyFuture(RaftServerImpl.java:953)
	at org.apache.ratis.server.impl.RaftServerImpl.submitClientRequestAsync(RaftServerImpl.java:930)
	at org.apache.ratis.server.impl.RaftServerImpl.lambda$null$11(RaftServerImpl.java:919)
	at org.apache.ratis.util.JavaUtils.callAsUnchecked(JavaUtils.java:118)
	at org.apache.ratis.server.impl.RaftServerImpl.lambda$executeSubmitClientRequestAsync$12(RaftServerImpl.java:919)
	at java.base/java.util.concurrent.CompletableFuture$AsyncSupply.run(CompletableFuture.java:1768)
	at java.base/java.util.concurrent.ThreadPoolExecutor.runWorker(ThreadPoolExecutor.java:1144)
	at java.base/java.util.concurrent.ThreadPoolExecutor$Worker.run(ThreadPoolExecutor.java:642)
	at java.base/java.lang.Thread.run(Thread.java:1583)
2025-07-19 06:07:24,080 [grpc-default-executor-2] ERROR impl.OrderedAsync (OrderedAsync.java:lambda$send$4(181)) - Failed to send request, message=cmdType: WriteChunk
traceID: ""
containerID: 4
datanodeUuid: "e4fa6cd0-dc30-4550-b12f-023a3466045b"
writeChunk {
  blockID {
    containerID: 4
    localID: 115816896921600004
    blockCommitSequenceId: 0
  }
  chunkData {
    chunkName: "115816896921600004.data.0"
    offset: 0
    len: 5
    checksumData {
      type: CRC32
      bytesPerChecksum: 1048576
      checksums: "\207Y\365\337"
    }
  }
}
version: 3
, data.size=5
java.util.concurrent.CompletionException: org.apache.ratis.protocol.exceptions.StateMachineException: org.apache.hadoop.hdds.scm.container.common.helpers.ContainerNotOpenException from Server e4fa6cd0-dc30-4550-b12f-023a3466045b@group-7FD69FEA80D4: Container 4 in CLOSED state
	at org.apache.ratis.client.impl.RaftClientImpl.handleRaftException(RaftClientImpl.java:373)
	at org.apache.ratis.client.impl.OrderedAsync.lambda$send$3(OrderedAsync.java:175)
	at java.base/java.util.concurrent.CompletableFuture$UniApply.tryFire(CompletableFuture.java:646)
	at java.base/java.util.concurrent.CompletableFuture.postComplete(CompletableFuture.java:510)
	at java.base/java.util.concurrent.CompletableFuture.complete(CompletableFuture.java:2179)
	at org.apache.ratis.client.impl.OrderedAsync$PendingOrderedRequest.setReply(OrderedAsync.java:105)
	at org.apache.ratis.client.impl.OrderedAsync$PendingOrderedRequest.setReply(OrderedAsync.java:66)
	at org.apache.ratis.util.SlidingWindow$RequestMap.setReply(SlidingWindow.java:147)
	at org.apache.ratis.util.SlidingWindow$Client.receiveReply(SlidingWindow.java:351)
	at org.apache.ratis.client.impl.OrderedAsync.lambda$sendRequestWithRetry$5(OrderedAsync.java:210)
	at java.base/java.util.concurrent.CompletableFuture$UniAccept.tryFire(CompletableFuture.java:718)
	at java.base/java.util.concurrent.CompletableFuture.postComplete(CompletableFuture.java:510)
	at java.base/java.util.concurrent.CompletableFuture.complete(CompletableFuture.java:2179)
	at org.apache.ratis.grpc.client.GrpcClientProtocolClient$AsyncStreamObservers$1.lambda$onNext$0(GrpcClientProtocolClient.java:325)
	at java.base/java.util.Optional.ifPresent(Optional.java:178)
	at org.apache.ratis.grpc.client.GrpcClientProtocolClient$AsyncStreamObservers.handleReplyFuture(GrpcClientProtocolClient.java:381)
	at org.apache.ratis.grpc.client.GrpcClientProtocolClient$AsyncStreamObservers.access$100(GrpcClientProtocolClient.java:303)
	at org.apache.ratis.grpc.client.GrpcClientProtocolClient$AsyncStreamObservers$1.onNext(GrpcClientProtocolClient.java:325)
	at org.apache.ratis.grpc.client.GrpcClientProtocolClient$AsyncStreamObservers$1.onNext(GrpcClientProtocolClient.java:308)
	at org.apache.ratis.thirdparty.io.grpc.stub.ClientCalls$StreamObserverToCallListenerAdapter.onMessage(ClientCalls.java:551)
	at org.apache.ratis.thirdparty.io.grpc.ForwardingClientCallListener.onMessage(ForwardingClientCallListener.java:33)
	at org.apache.ratis.thirdparty.io.grpc.internal.DelayedClientCall$DelayedListener.onMessage(DelayedClientCall.java:473)
	at org.apache.ratis.thirdparty.io.grpc.internal.ClientCallImpl$ClientStreamListenerImpl$1MessagesAvailable.runInternal(ClientCallImpl.java:661)
	at org.apache.ratis.thirdparty.io.grpc.internal.ClientCallImpl$ClientStreamListenerImpl$1MessagesAvailable.runInContext(ClientCallImpl.java:648)
	at org.apache.ratis.thirdparty.io.grpc.internal.ContextRunnable.run(ContextRunnable.java:37)
	at org.apache.ratis.thirdparty.io.grpc.internal.SerializingExecutor.run(SerializingExecutor.java:133)
	at java.base/java.util.concurrent.ThreadPoolExecutor.runWorker(ThreadPoolExecutor.java:1144)
	at java.base/java.util.concurrent.ThreadPoolExecutor$Worker.run(ThreadPoolExecutor.java:642)
	at java.base/java.lang.Thread.run(Thread.java:1583)
Caused by: org.apache.ratis.protocol.exceptions.StateMachineException: org.apache.hadoop.hdds.scm.container.common.helpers.ContainerNotOpenException from Server e4fa6cd0-dc30-4550-b12f-023a3466045b@group-7FD69FEA80D4: Container 4 in CLOSED state
	at org.apache.hadoop.ozone.container.common.impl.HddsDispatcher.validateContainerCommand(HddsDispatcher.java:580)
	at org.apache.hadoop.ozone.container.common.transport.server.ratis.ContainerStateMachine.startTransaction(ContainerStateMachine.java:488)
	at org.apache.ratis.server.impl.RaftServerImpl.writeAsyncImpl(RaftServerImpl.java:987)
	at org.apache.ratis.server.impl.RaftServerImpl.writeAsync(RaftServerImpl.java:960)
	at org.apache.ratis.server.impl.RaftServerImpl.replyFuture(RaftServerImpl.java:953)
	at org.apache.ratis.server.impl.RaftServerImpl.submitClientRequestAsync(RaftServerImpl.java:930)
	at org.apache.ratis.server.impl.RaftServerImpl.lambda$null$11(RaftServerImpl.java:919)
	at org.apache.ratis.util.JavaUtils.callAsUnchecked(JavaUtils.java:118)
	at org.apache.ratis.server.impl.RaftServerImpl.lambda$executeSubmitClientRequestAsync$12(RaftServerImpl.java:919)
	at java.base/java.util.concurrent.CompletableFuture$AsyncSupply.run(CompletableFuture.java:1768)
	... 3 more
Caused by: org.apache.hadoop.hdds.scm.container.common.helpers.ContainerNotOpenException: Container 4 in CLOSED state
	at java.base/jdk.internal.reflect.DirectConstructorHandleAccessor.newInstance(DirectConstructorHandleAccessor.java:62)
	at java.base/java.lang.reflect.Constructor.newInstanceWithCaller(Constructor.java:502)
	at java.base/java.lang.reflect.Constructor.newInstance(Constructor.java:486)
	at org.apache.ratis.util.ReflectionUtils.instantiateException(ReflectionUtils.java:265)
	at org.apache.ratis.client.impl.ClientProtoUtils.toStateMachineException(ClientProtoUtils.java:455)
	at org.apache.ratis.client.impl.ClientProtoUtils.toStateMachineException(ClientProtoUtils.java:441)
	at org.apache.ratis.client.impl.ClientProtoUtils.toRaftClientReply(ClientProtoUtils.java:408)
	at org.apache.ratis.grpc.client.GrpcClientProtocolClient$AsyncStreamObservers$1.onNext(GrpcClientProtocolClient.java:313)
	at org.apache.ratis.grpc.client.GrpcClientProtocolClient$AsyncStreamObservers$1.onNext(GrpcClientProtocolClient.java:308)
	at org.apache.ratis.thirdparty.io.grpc.stub.ClientCalls$StreamObserverToCallListenerAdapter.onMessage(ClientCalls.java:551)
	at org.apache.ratis.thirdparty.io.grpc.ForwardingClientCallListener.onMessage(ForwardingClientCallListener.java:33)
	at org.apache.ratis.thirdparty.io.grpc.internal.DelayedClientCall$DelayedListener.onMessage(DelayedClientCall.java:473)
	at org.apache.ratis.thirdparty.io.grpc.internal.ClientCallImpl$ClientStreamListenerImpl$1MessagesAvailable.runInternal(ClientCallImpl.java:661)
	at org.apache.ratis.thirdparty.io.grpc.internal.ClientCallImpl$ClientStreamListenerImpl$1MessagesAvailable.runInContext(ClientCallImpl.java:648)
	at org.apache.ratis.thirdparty.io.grpc.internal.ContextRunnable.run(ContextRunnable.java:37)
	at org.apache.ratis.thirdparty.io.grpc.internal.SerializingExecutor.run(SerializingExecutor.java:133)
	... 3 more
2025-07-19T06:07:24.081153998Z e4fa6cd0-dc30-4550-b12f-023a3466045b-client-thread2 ERROR user=null | ip=null | op=WRITE_CHUNK {blockData=conID: 4 locID: 115816896921600004 bcsId: 0 replicaIndex: null, offset=0, size=5} | ret=FAILURE
org.apache.hadoop.hdds.scm.container.common.helpers.ContainerNotOpenException: Container 4 in UNHEALTHY state
	at org.apache.hadoop.ozone.container.common.impl.HddsDispatcher.validateContainerCommand(HddsDispatcher.java:580)
	at org.apache.hadoop.ozone.container.common.transport.server.ratis.ContainerStateMachine.startTransaction(ContainerStateMachine.java:488)
	at org.apache.ratis.server.impl.RaftServerImpl.writeAsyncImpl(RaftServerImpl.java:987)
	at org.apache.ratis.server.impl.RaftServerImpl.writeAsync(RaftServerImpl.java:960)
	at org.apache.ratis.server.impl.RaftServerImpl.replyFuture(RaftServerImpl.java:953)
	at org.apache.ratis.server.impl.RaftServerImpl.submitClientRequestAsync(RaftServerImpl.java:930)
	at org.apache.ratis.server.impl.RaftServerImpl.lambda$null$11(RaftServerImpl.java:919)
	at org.apache.ratis.util.JavaUtils.callAsUnchecked(JavaUtils.java:118)
	at org.apache.ratis.server.impl.RaftServerImpl.lambda$executeSubmitClientRequestAsync$12(RaftServerImpl.java:919)
	at java.base/java.util.concurrent.CompletableFuture$AsyncSupply.run(CompletableFuture.java:1768)
	at java.base/java.util.concurrent.ThreadPoolExecutor.runWorker(ThreadPoolExecutor.java:1144)
	at java.base/java.util.concurrent.ThreadPoolExecutor$Worker.run(ThreadPoolExecutor.java:642)
	at java.base/java.lang.Thread.run(Thread.java:1583)
2025-07-19 06:07:24,082 [grpc-default-executor-2] ERROR impl.OrderedAsync (OrderedAsync.java:lambda$send$4(181)) - Failed to send request, message=cmdType: WriteChunk
traceID: ""
containerID: 4
datanodeUuid: "e4fa6cd0-dc30-4550-b12f-023a3466045b"
writeChunk {
  blockID {
    containerID: 4
    localID: 115816896921600004
    blockCommitSequenceId: 0
  }
  chunkData {
    chunkName: "115816896921600004.data.0"
    offset: 0
    len: 5
    checksumData {
      type: CRC32
      bytesPerChecksum: 1048576
      checksums: "b\032\023\003"
    }
  }
}
version: 3
, data.size=5
java.util.concurrent.CompletionException: org.apache.ratis.protocol.exceptions.StateMachineException: org.apache.hadoop.hdds.scm.container.common.helpers.ContainerNotOpenException from Server e4fa6cd0-dc30-4550-b12f-023a3466045b@group-7FD69FEA80D4: Container 4 in CLOSED state
	at org.apache.ratis.client.impl.RaftClientImpl.handleRaftException(RaftClientImpl.java:373)
	at org.apache.ratis.client.impl.OrderedAsync.lambda$send$3(OrderedAsync.java:175)
	at java.base/java.util.concurrent.CompletableFuture$UniApply.tryFire(CompletableFuture.java:646)
	at java.base/java.util.concurrent.CompletableFuture.postComplete(CompletableFuture.java:510)
	at java.base/java.util.concurrent.CompletableFuture.complete(CompletableFuture.java:2179)
	at org.apache.ratis.client.impl.OrderedAsync$PendingOrderedRequest.setReply(OrderedAsync.java:105)
	at org.apache.ratis.client.impl.OrderedAsync$PendingOrderedRequest.setReply(OrderedAsync.java:66)
	at org.apache.ratis.util.SlidingWindow$RequestMap.setReply(SlidingWindow.java:147)
	at org.apache.ratis.util.SlidingWindow$Client.receiveReply(SlidingWindow.java:351)
	at org.apache.ratis.client.impl.OrderedAsync.lambda$sendRequestWithRetry$5(OrderedAsync.java:210)
	at java.base/java.util.concurrent.CompletableFuture$UniAccept.tryFire(CompletableFuture.java:718)
	at java.base/java.util.concurrent.CompletableFuture.postComplete(CompletableFuture.java:510)
	at java.base/java.util.concurrent.CompletableFuture.complete(CompletableFuture.java:2179)
	at org.apache.ratis.grpc.client.GrpcClientProtocolClient$AsyncStreamObservers$1.lambda$onNext$0(GrpcClientProtocolClient.java:325)
	at java.base/java.util.Optional.ifPresent(Optional.java:178)
	at org.apache.ratis.grpc.client.GrpcClientProtocolClient$AsyncStreamObservers.handleReplyFuture(GrpcClientProtocolClient.java:381)
	at org.apache.ratis.grpc.client.GrpcClientProtocolClient$AsyncStreamObservers.access$100(GrpcClientProtocolClient.java:303)
	at org.apache.ratis.grpc.client.GrpcClientProtocolClient$AsyncStreamObservers$1.onNext(GrpcClientProtocolClient.java:325)
	at org.apache.ratis.grpc.client.GrpcClientProtocolClient$AsyncStreamObservers$1.onNext(GrpcClientProtocolClient.java:308)
	at org.apache.ratis.thirdparty.io.grpc.stub.ClientCalls$StreamObserverToCallListenerAdapter.onMessage(ClientCalls.java:551)
	at org.apache.ratis.thirdparty.io.grpc.ForwardingClientCallListener.onMessage(ForwardingClientCallListener.java:33)
	at org.apache.ratis.thirdparty.io.grpc.internal.DelayedClientCall$DelayedListener.onMessage(DelayedClientCall.java:473)
	at org.apache.ratis.thirdparty.io.grpc.internal.ClientCallImpl$ClientStreamListenerImpl$1MessagesAvailable.runInternal(ClientCallImpl.java:661)
	at org.apache.ratis.thirdparty.io.grpc.internal.ClientCallImpl$ClientStreamListenerImpl$1MessagesAvailable.runInContext(ClientCallImpl.java:648)
	at org.apache.ratis.thirdparty.io.grpc.internal.ContextRunnable.run(ContextRunnable.java:37)
	at org.apache.ratis.thirdparty.io.grpc.internal.SerializingExecutor.run(SerializingExecutor.java:133)
	at java.base/java.util.concurrent.ThreadPoolExecutor.runWorker(ThreadPoolExecutor.java:1144)
	at java.base/java.util.concurrent.ThreadPoolExecutor$Worker.run(ThreadPoolExecutor.java:642)
	at java.base/java.lang.Thread.run(Thread.java:1583)
Caused by: org.apache.ratis.protocol.exceptions.StateMachineException: org.apache.hadoop.hdds.scm.container.common.helpers.ContainerNotOpenException from Server e4fa6cd0-dc30-4550-b12f-023a3466045b@group-7FD69FEA80D4: Container 4 in CLOSED state
	at org.apache.hadoop.ozone.container.common.impl.HddsDispatcher.validateContainerCommand(HddsDispatcher.java:580)
	at org.apache.hadoop.ozone.container.common.transport.server.ratis.ContainerStateMachine.startTransaction(ContainerStateMachine.java:488)
	at org.apache.ratis.server.impl.RaftServerImpl.writeAsyncImpl(RaftServerImpl.java:987)
	at org.apache.ratis.server.impl.RaftServerImpl.writeAsync(RaftServerImpl.java:960)
	at org.apache.ratis.server.impl.RaftServerImpl.replyFuture(RaftServerImpl.java:953)
	at org.apache.ratis.server.impl.RaftServerImpl.submitClientRequestAsync(RaftServerImpl.java:930)
	at org.apache.ratis.server.impl.RaftServerImpl.lambda$null$11(RaftServerImpl.java:919)
	at org.apache.ratis.util.JavaUtils.callAsUnchecked(JavaUtils.java:118)
	at org.apache.ratis.server.impl.RaftServerImpl.lambda$executeSubmitClientRequestAsync$12(RaftServerImpl.java:919)
	at java.base/java.util.concurrent.CompletableFuture$AsyncSupply.run(CompletableFuture.java:1768)
	... 3 more
Caused by: org.apache.hadoop.hdds.scm.container.common.helpers.ContainerNotOpenException: Container 4 in CLOSED state
	at java.base/jdk.internal.reflect.DirectConstructorHandleAccessor.newInstance(DirectConstructorHandleAccessor.java:62)
	at java.base/java.lang.reflect.Constructor.newInstanceWithCaller(Constructor.java:502)
	at java.base/java.lang.reflect.Constructor.newInstance(Constructor.java:486)
	at org.apache.ratis.util.ReflectionUtils.instantiateException(ReflectionUtils.java:265)
	at org.apache.ratis.client.impl.ClientProtoUtils.toStateMachineException(ClientProtoUtils.java:455)
	at org.apache.ratis.client.impl.ClientProtoUtils.toStateMachineException(ClientProtoUtils.java:441)
	at org.apache.ratis.client.impl.ClientProtoUtils.toRaftClientReply(ClientProtoUtils.java:408)
	at org.apache.ratis.grpc.client.GrpcClientProtocolClient$AsyncStreamObservers$1.onNext(GrpcClientProtocolClient.java:313)
	at org.apache.ratis.grpc.client.GrpcClientProtocolClient$AsyncStreamObservers$1.onNext(GrpcClientProtocolClient.java:308)
	at org.apache.ratis.thirdparty.io.grpc.stub.ClientCalls$StreamObserverToCallListenerAdapter.onMessage(ClientCalls.java:551)
	at org.apache.ratis.thirdparty.io.grpc.ForwardingClientCallListener.onMessage(ForwardingClientCallListener.java:33)
	at org.apache.ratis.thirdparty.io.grpc.internal.DelayedClientCall$DelayedListener.onMessage(DelayedClientCall.java:473)
	at org.apache.ratis.thirdparty.io.grpc.internal.ClientCallImpl$ClientStreamListenerImpl$1MessagesAvailable.runInternal(ClientCallImpl.java:661)
	at org.apache.ratis.thirdparty.io.grpc.internal.ClientCallImpl$ClientStreamListenerImpl$1MessagesAvailable.runInContext(ClientCallImpl.java:648)
	at org.apache.ratis.thirdparty.io.grpc.internal.ContextRunnable.run(ContextRunnable.java:37)
	at org.apache.ratis.thirdparty.io.grpc.internal.SerializingExecutor.run(SerializingExecutor.java:133)
	... 3 more
2025-07-19T06:07:24.084802488Z e4fa6cd0-dc30-4550-b12f-023a3466045b-client-thread2 ERROR user=null | ip=null | op=WRITE_CHUNK {blockData=conID: 4 locID: 115816896921600004 bcsId: 0 replicaIndex: null, offset=0, size=5} | ret=FAILURE
org.apache.hadoop.hdds.scm.container.common.helpers.ContainerNotOpenException: Container 4 in UNHEALTHY state
	at org.apache.hadoop.ozone.container.common.impl.HddsDispatcher.validateContainerCommand(HddsDispatcher.java:580)
	at org.apache.hadoop.ozone.container.common.transport.server.ratis.ContainerStateMachine.startTransaction(ContainerStateMachine.java:488)
	at org.apache.ratis.server.impl.RaftServerImpl.writeAsyncImpl(RaftServerImpl.java:987)
	at org.apache.ratis.server.impl.RaftServerImpl.writeAsync(RaftServerImpl.java:960)
	at org.apache.ratis.server.impl.RaftServerImpl.replyFuture(RaftServerImpl.java:953)
	at org.apache.ratis.server.impl.RaftServerImpl.submitClientRequestAsync(RaftServerImpl.java:930)
	at org.apache.ratis.server.impl.RaftServerImpl.lambda$null$11(RaftServerImpl.java:919)
	at org.apache.ratis.util.JavaUtils.callAsUnchecked(JavaUtils.java:118)
	at org.apache.ratis.server.impl.RaftServerImpl.lambda$executeSubmitClientRequestAsync$12(RaftServerImpl.java:919)
	at java.base/java.util.concurrent.CompletableFuture$AsyncSupply.run(CompletableFuture.java:1768)
	at java.base/java.util.concurrent.ThreadPoolExecutor.runWorker(ThreadPoolExecutor.java:1144)
	at java.base/java.util.concurrent.ThreadPoolExecutor$Worker.run(ThreadPoolExecutor.java:642)
	at java.base/java.lang.Thread.run(Thread.java:1583)
2025-07-19 06:07:24,085 [grpc-default-executor-2] ERROR impl.OrderedAsync (OrderedAsync.java:lambda$send$4(181)) - Failed to send request, message=cmdType: WriteChunk
traceID: ""
containerID: 4
datanodeUuid: "e4fa6cd0-dc30-4550-b12f-023a3466045b"
writeChunk {
  blockID {
    containerID: 4
    localID: 115816896921600004
    blockCommitSequenceId: 0
  }
  chunkData {
    chunkName: "115816896921600004.data.0"
    offset: 0
    len: 5
    checksumData {
      type: CRC32
      bytesPerChecksum: 1048576
      checksums: "{\306\230\250"
    }
  }
}
version: 3
, data.size=5
java.util.concurrent.CompletionException: org.apache.ratis.protocol.exceptions.StateMachineException: org.apache.hadoop.hdds.scm.container.common.helpers.ContainerNotOpenException from Server e4fa6cd0-dc30-4550-b12f-023a3466045b@group-7FD69FEA80D4: Container 4 in CLOSED state
	at org.apache.ratis.client.impl.RaftClientImpl.handleRaftException(RaftClientImpl.java:373)
	at org.apache.ratis.client.impl.OrderedAsync.lambda$send$3(OrderedAsync.java:175)
	at java.base/java.util.concurrent.CompletableFuture$UniApply.tryFire(CompletableFuture.java:646)
	at java.base/java.util.concurrent.CompletableFuture.postComplete(CompletableFuture.java:510)
	at java.base/java.util.concurrent.CompletableFuture.complete(CompletableFuture.java:2179)
	at org.apache.ratis.client.impl.OrderedAsync$PendingOrderedRequest.setReply(OrderedAsync.java:105)
	at org.apache.ratis.client.impl.OrderedAsync$PendingOrderedRequest.setReply(OrderedAsync.java:66)
	at org.apache.ratis.util.SlidingWindow$RequestMap.setReply(SlidingWindow.java:147)
	at org.apache.ratis.util.SlidingWindow$Client.receiveReply(SlidingWindow.java:351)
	at org.apache.ratis.client.impl.OrderedAsync.lambda$sendRequestWithRetry$5(OrderedAsync.java:210)
	at java.base/java.util.concurrent.CompletableFuture$UniAccept.tryFire(CompletableFuture.java:718)
	at java.base/java.util.concurrent.CompletableFuture.postComplete(CompletableFuture.java:510)
	at java.base/java.util.concurrent.CompletableFuture.complete(CompletableFuture.java:2179)
	at org.apache.ratis.grpc.client.GrpcClientProtocolClient$AsyncStreamObservers$1.lambda$onNext$0(GrpcClientProtocolClient.java:325)
	at java.base/java.util.Optional.ifPresent(Optional.java:178)
	at org.apache.ratis.grpc.client.GrpcClientProtocolClient$AsyncStreamObservers.handleReplyFuture(GrpcClientProtocolClient.java:381)
	at org.apache.ratis.grpc.client.GrpcClientProtocolClient$AsyncStreamObservers.access$100(GrpcClientProtocolClient.java:303)
	at org.apache.ratis.grpc.client.GrpcClientProtocolClient$AsyncStreamObservers$1.onNext(GrpcClientProtocolClient.java:325)
	at org.apache.ratis.grpc.client.GrpcClientProtocolClient$AsyncStreamObservers$1.onNext(GrpcClientProtocolClient.java:308)
	at org.apache.ratis.thirdparty.io.grpc.stub.ClientCalls$StreamObserverToCallListenerAdapter.onMessage(ClientCalls.java:551)
	at org.apache.ratis.thirdparty.io.grpc.ForwardingClientCallListener.onMessage(ForwardingClientCallListener.java:33)
	at org.apache.ratis.thirdparty.io.grpc.internal.DelayedClientCall$DelayedListener.onMessage(DelayedClientCall.java:473)
	at org.apache.ratis.thirdparty.io.grpc.internal.ClientCallImpl$ClientStreamListenerImpl$1MessagesAvailable.runInternal(ClientCallImpl.java:661)
	at org.apache.ratis.thirdparty.io.grpc.internal.ClientCallImpl$ClientStreamListenerImpl$1MessagesAvailable.runInContext(ClientCallImpl.java:648)
	at org.apache.ratis.thirdparty.io.grpc.internal.ContextRunnable.run(ContextRunnable.java:37)
	at org.apache.ratis.thirdparty.io.grpc.internal.SerializingExecutor.run(SerializingExecutor.java:133)
	at java.base/java.util.concurrent.ThreadPoolExecutor.runWorker(ThreadPoolExecutor.java:1144)
	at java.base/java.util.concurrent.ThreadPoolExecutor$Worker.run(ThreadPoolExecutor.java:642)
	at java.base/java.lang.Thread.run(Thread.java:1583)
Caused by: org.apache.ratis.protocol.exceptions.StateMachineException: org.apache.hadoop.hdds.scm.container.common.helpers.ContainerNotOpenException from Server e4fa6cd0-dc30-4550-b12f-023a3466045b@group-7FD69FEA80D4: Container 4 in CLOSED state
	at org.apache.hadoop.ozone.container.common.impl.HddsDispatcher.validateContainerCommand(HddsDispatcher.java:580)
	at org.apache.hadoop.ozone.container.common.transport.server.ratis.ContainerStateMachine.startTransaction(ContainerStateMachine.java:488)
	at org.apache.ratis.server.impl.RaftServerImpl.writeAsyncImpl(RaftServerImpl.java:987)
	at org.apache.ratis.server.impl.RaftServerImpl.writeAsync(RaftServerImpl.java:960)
	at org.apache.ratis.server.impl.RaftServerImpl.replyFuture(RaftServerImpl.java:953)
	at org.apache.ratis.server.impl.RaftServerImpl.submitClientRequestAsync(RaftServerImpl.java:930)
	at org.apache.ratis.server.impl.RaftServerImpl.lambda$null$11(RaftServerImpl.java:919)
	at org.apache.ratis.util.JavaUtils.callAsUnchecked(JavaUtils.java:118)
	at org.apache.ratis.server.impl.RaftServerImpl.lambda$executeSubmitClientRequestAsync$12(RaftServerImpl.java:919)
	at java.base/java.util.concurrent.CompletableFuture$AsyncSupply.run(CompletableFuture.java:1768)
	... 3 more
Caused by: org.apache.hadoop.hdds.scm.container.common.helpers.ContainerNotOpenException: Container 4 in CLOSED state
	at java.base/jdk.internal.reflect.DirectConstructorHandleAccessor.newInstance(DirectConstructorHandleAccessor.java:62)
	at java.base/java.lang.reflect.Constructor.newInstanceWithCaller(Constructor.java:502)
	at java.base/java.lang.reflect.Constructor.newInstance(Constructor.java:486)
	at org.apache.ratis.util.ReflectionUtils.instantiateException(ReflectionUtils.java:265)
	at org.apache.ratis.client.impl.ClientProtoUtils.toStateMachineException(ClientProtoUtils.java:455)
	at org.apache.ratis.client.impl.ClientProtoUtils.toStateMachineException(ClientProtoUtils.java:441)
	at org.apache.ratis.client.impl.ClientProtoUtils.toRaftClientReply(ClientProtoUtils.java:408)
	at org.apache.ratis.grpc.client.GrpcClientProtocolClient$AsyncStreamObservers$1.onNext(GrpcClientProtocolClient.java:313)
	at org.apache.ratis.grpc.client.GrpcClientProtocolClient$AsyncStreamObservers$1.onNext(GrpcClientProtocolClient.java:308)
	at org.apache.ratis.thirdparty.io.grpc.stub.ClientCalls$StreamObserverToCallListenerAdapter.onMessage(ClientCalls.java:551)
	at org.apache.ratis.thirdparty.io.grpc.ForwardingClientCallListener.onMessage(ForwardingClientCallListener.java:33)
	at org.apache.ratis.thirdparty.io.grpc.internal.DelayedClientCall$DelayedListener.onMessage(DelayedClientCall.java:473)
	at org.apache.ratis.thirdparty.io.grpc.internal.ClientCallImpl$ClientStreamListenerImpl$1MessagesAvailable.runInternal(ClientCallImpl.java:661)
	at org.apache.ratis.thirdparty.io.grpc.internal.ClientCallImpl$ClientStreamListenerImpl$1MessagesAvailable.runInContext(ClientCallImpl.java:648)
	at org.apache.ratis.thirdparty.io.grpc.internal.ContextRunnable.run(ContextRunnable.java:37)
	at org.apache.ratis.thirdparty.io.grpc.internal.SerializingExecutor.run(SerializingExecutor.java:133)
	... 3 more
2025-07-19 06:07:24,086 [grpc-default-executor-2] ERROR impl.OrderedAsync (OrderedAsync.java:lambda$send$4(181)) - Failed to send request, message=cmdType: WriteChunk
traceID: ""
containerID: 4
datanodeUuid: "e4fa6cd0-dc30-4550-b12f-023a3466045b"
writeChunk {
  blockID {
    containerID: 4
    localID: 115816896921600004
    blockCommitSequenceId: 0
  }
  chunkData {
    chunkName: "115816896921600004.data.0"
    offset: 0
    len: 5
    checksumData {
      type: CRC32
      bytesPerChecksum: 1048576
      checksums: "n\a\270;"
    }
  }
}
version: 3
, data.size=5
java.util.concurrent.CompletionException: org.apache.ratis.protocol.exceptions.StateMachineException: org.apache.hadoop.hdds.scm.container.common.helpers.ContainerNotOpenException from Server e4fa6cd0-dc30-4550-b12f-023a3466045b@group-7FD69FEA80D4: Container 4 in CLOSED state
	at org.apache.ratis.client.impl.RaftClientImpl.handleRaftException(RaftClientImpl.java:373)
	at org.apache.ratis.client.impl.OrderedAsync.lambda$send$3(OrderedAsync.java:175)
	at java.base/java.util.concurrent.CompletableFuture$UniApply.tryFire(CompletableFuture.java:646)
	at java.base/java.util.concurrent.CompletableFuture.postComplete(CompletableFuture.java:510)
	at java.base/java.util.concurrent.CompletableFuture.complete(CompletableFuture.java:2179)
	at org.apache.ratis.client.impl.OrderedAsync$PendingOrderedRequest.setReply(OrderedAsync.java:105)
	at org.apache.ratis.client.impl.OrderedAsync$PendingOrderedRequest.setReply(OrderedAsync.java:66)
	at org.apache.ratis.util.SlidingWindow$RequestMap.setReply(SlidingWindow.java:147)
	at org.apache.ratis.util.SlidingWindow$Client.receiveReply(SlidingWindow.java:351)
	at org.apache.ratis.client.impl.OrderedAsync.lambda$sendRequestWithRetry$5(OrderedAsync.java:210)
	at java.base/java.util.concurrent.CompletableFuture$UniAccept.tryFire(CompletableFuture.java:718)
	at java.base/java.util.concurrent.CompletableFuture.postComplete(CompletableFuture.java:510)
	at java.base/java.util.concurrent.CompletableFuture.complete(CompletableFuture.java:2179)
	at org.apache.ratis.grpc.client.GrpcClientProtocolClient$AsyncStreamObservers$1.lambda$onNext$0(GrpcClientProtocolClient.java:325)
	at java.base/java.util.Optional.ifPresent(Optional.java:178)
	at org.apache.ratis.grpc.client.GrpcClientProtocolClient$AsyncStreamObservers.handleReplyFuture(GrpcClientProtocolClient.java:381)
	at org.apache.ratis.grpc.client.GrpcClientProtocolClient$AsyncStreamObservers.access$100(GrpcClientProtocolClient.java:303)
	at org.apache.ratis.grpc.client.GrpcClientProtocolClient$AsyncStreamObservers$1.onNext(GrpcClientProtocolClient.java:325)
	at org.apache.ratis.grpc.client.GrpcClientProtocolClient$AsyncStreamObservers$1.onNext(GrpcClientProtocolClient.java:308)
	at org.apache.ratis.thirdparty.io.grpc.stub.ClientCalls$StreamObserverToCallListenerAdapter.onMessage(ClientCalls.java:551)
	at org.apache.ratis.thirdparty.io.grpc.ForwardingClientCallListener.onMessage(ForwardingClientCallListener.java:33)
	at org.apache.ratis.thirdparty.io.grpc.internal.DelayedClientCall$DelayedListener.onMessage(DelayedClientCall.java:473)
	at org.apache.ratis.thirdparty.io.grpc.internal.ClientCallImpl$ClientStreamListenerImpl$1MessagesAvailable.runInternal(ClientCallImpl.java:661)
	at org.apache.ratis.thirdparty.io.grpc.internal.ClientCallImpl$ClientStreamListenerImpl$1MessagesAvailable.runInContext(ClientCallImpl.java:648)
	at org.apache.ratis.thirdparty.io.grpc.internal.ContextRunnable.run(ContextRunnable.java:37)
	at org.apache.ratis.thirdparty.io.grpc.internal.SerializingExecutor.run(SerializingExecutor.java:133)
	at java.base/java.util.concurrent.ThreadPoolExecutor.runWorker(ThreadPoolExecutor.java:1144)
	at java.base/java.util.concurrent.ThreadPoolExecutor$Worker.run(ThreadPoolExecutor.java:642)
	at java.base/java.lang.Thread.run(Thread.java:1583)
Caused by: org.apache.ratis.protocol.exceptions.StateMachineException: org.apache.hadoop.hdds.scm.container.common.helpers.ContainerNotOpenException from Server e4fa6cd0-dc30-4550-b12f-023a3466045b@group-7FD69FEA80D4: Container 4 in CLOSED state
	at org.apache.hadoop.ozone.container.common.impl.HddsDispatcher.validateContainerCommand(HddsDispatcher.java:580)
	at org.apache.hadoop.ozone.container.common.transport.server.ratis.ContainerStateMachine.startTransaction(ContainerStateMachine.java:488)
	at org.apache.ratis.server.impl.RaftServerImpl.writeAsyncImpl(RaftServerImpl.java:987)
	at org.apache.ratis.server.impl.RaftServerImpl.writeAsync(RaftServerImpl.java:960)
	at org.apache.ratis.server.impl.RaftServerImpl.replyFuture(RaftServerImpl.java:953)
	at org.apache.ratis.server.impl.RaftServerImpl.submitClientRequestAsync(RaftServerImpl.java:930)
	at org.apache.ratis.server.impl.RaftServerImpl.lambda$null$11(RaftServerImpl.java:919)
	at org.apache.ratis.util.JavaUtils.callAsUnchecked(JavaUtils.java:118)
	at org.apache.ratis.server.impl.RaftServerImpl.lambda$executeSubmitClientRequestAsync$12(RaftServerImpl.java:919)
	at java.base/java.util.concurrent.CompletableFuture$AsyncSupply.run(CompletableFuture.java:1768)
	... 3 more
Caused by: org.apache.hadoop.hdds.scm.container.common.helpers.ContainerNotOpenException: Container 4 in CLOSED state
	at java.base/jdk.internal.reflect.DirectConstructorHandleAccessor.newInstance(DirectConstructorHandleAccessor.java:62)
	at java.base/java.lang.reflect.Constructor.newInstanceWithCaller(Constructor.java:502)
	at java.base/java.lang.reflect.Constructor.newInstance(Constructor.java:486)
	at org.apache.ratis.util.ReflectionUtils.instantiateException(ReflectionUtils.java:265)
	at org.apache.ratis.client.impl.ClientProtoUtils.toStateMachineException(ClientProtoUtils.java:455)
	at org.apache.ratis.client.impl.ClientProtoUtils.toStateMachineException(ClientProtoUtils.java:441)
	at org.apache.ratis.client.impl.ClientProtoUtils.toRaftClientReply(ClientProtoUtils.java:408)
	at org.apache.ratis.grpc.client.GrpcClientProtocolClient$AsyncStreamObservers$1.onNext(GrpcClientProtocolClient.java:313)
	at org.apache.ratis.grpc.client.GrpcClientProtocolClient$AsyncStreamObservers$1.onNext(GrpcClientProtocolClient.java:308)
	at org.apache.ratis.thirdparty.io.grpc.stub.ClientCalls$StreamObserverToCallListenerAdapter.onMessage(ClientCalls.java:551)
	at org.apache.ratis.thirdparty.io.grpc.ForwardingClientCallListener.onMessage(ForwardingClientCallListener.java:33)
	at org.apache.ratis.thirdparty.io.grpc.internal.DelayedClientCall$DelayedListener.onMessage(DelayedClientCall.java:473)
	at org.apache.ratis.thirdparty.io.grpc.internal.ClientCallImpl$ClientStreamListenerImpl$1MessagesAvailable.runInternal(ClientCallImpl.java:661)
	at org.apache.ratis.thirdparty.io.grpc.internal.ClientCallImpl$ClientStreamListenerImpl$1MessagesAvailable.runInContext(ClientCallImpl.java:648)
	at org.apache.ratis.thirdparty.io.grpc.internal.ContextRunnable.run(ContextRunnable.java:37)
	at org.apache.ratis.thirdparty.io.grpc.internal.SerializingExecutor.run(SerializingExecutor.java:133)
	... 3 more
2025-07-19T06:07:24.087385759Z e4fa6cd0-dc30-4550-b12f-023a3466045b-client-thread2 ERROR user=null | ip=null | op=WRITE_CHUNK {blockData=conID: 4 locID: 115816896921600004 bcsId: 0 replicaIndex: null, offset=0, size=5} | ret=FAILURE
org.apache.hadoop.hdds.scm.container.common.helpers.ContainerNotOpenException: Container 4 in UNHEALTHY state
	at org.apache.hadoop.ozone.container.common.impl.HddsDispatcher.validateContainerCommand(HddsDispatcher.java:580)
	at org.apache.hadoop.ozone.container.common.transport.server.ratis.ContainerStateMachine.startTransaction(ContainerStateMachine.java:488)
	at org.apache.ratis.server.impl.RaftServerImpl.writeAsyncImpl(RaftServerImpl.java:987)
	at org.apache.ratis.server.impl.RaftServerImpl.writeAsync(RaftServerImpl.java:960)
	at org.apache.ratis.server.impl.RaftServerImpl.replyFuture(RaftServerImpl.java:953)
	at org.apache.ratis.server.impl.RaftServerImpl.submitClientRequestAsync(RaftServerImpl.java:930)
	at org.apache.ratis.server.impl.RaftServerImpl.lambda$null$11(RaftServerImpl.java:919)
	at org.apache.ratis.util.JavaUtils.callAsUnchecked(JavaUtils.java:118)
	at org.apache.ratis.server.impl.RaftServerImpl.lambda$executeSubmitClientRequestAsync$12(RaftServerImpl.java:919)
	at java.base/java.util.concurrent.CompletableFuture$AsyncSupply.run(CompletableFuture.java:1768)
	at java.base/java.util.concurrent.ThreadPoolExecutor.runWorker(ThreadPoolExecutor.java:1144)
	at java.base/java.util.concurrent.ThreadPoolExecutor$Worker.run(ThreadPoolExecutor.java:642)
	at java.base/java.lang.Thread.run(Thread.java:1583)
2025-07-19 06:07:24,090 [grpc-default-executor-2] ERROR impl.OrderedAsync (OrderedAsync.java:lambda$send$4(181)) - Failed to send request, message=cmdType: WriteChunk
traceID: ""
containerID: 4
datanodeUuid: "e4fa6cd0-dc30-4550-b12f-023a3466045b"
writeChunk {
  blockID {
    containerID: 4
    localID: 115816896921600004
    blockCommitSequenceId: 0
  }
  chunkData {
    chunkName: "115816896921600004.data.0"
    offset: 0
    len: 5
    checksumData {
      type: CRC32
      bytesPerChecksum: 1048576
      checksums: "\310\326\222\311"
    }
  }
}
version: 3
, data.size=5
java.util.concurrent.CompletionException: org.apache.ratis.protocol.exceptions.StateMachineException: org.apache.hadoop.hdds.scm.container.common.helpers.ContainerNotOpenException from Server e4fa6cd0-dc30-4550-b12f-023a3466045b@group-7FD69FEA80D4: Container 4 in UNHEALTHY state
	at org.apache.ratis.client.impl.RaftClientImpl.handleRaftException(RaftClientImpl.java:373)
	at org.apache.ratis.client.impl.OrderedAsync.lambda$send$3(OrderedAsync.java:175)
	at java.base/java.util.concurrent.CompletableFuture$UniApply.tryFire(CompletableFuture.java:646)
	at java.base/java.util.concurrent.CompletableFuture.postComplete(CompletableFuture.java:510)
	at java.base/java.util.concurrent.CompletableFuture.complete(CompletableFuture.java:2179)
	at org.apache.ratis.client.impl.OrderedAsync$PendingOrderedRequest.setReply(OrderedAsync.java:105)
	at org.apache.ratis.client.impl.OrderedAsync$PendingOrderedRequest.setReply(OrderedAsync.java:66)
	at org.apache.ratis.util.SlidingWindow$RequestMap.setReply(SlidingWindow.java:147)
	at org.apache.ratis.util.SlidingWindow$Client.receiveReply(SlidingWindow.java:351)
	at org.apache.ratis.client.impl.OrderedAsync.lambda$sendRequestWithRetry$5(OrderedAsync.java:210)
	at java.base/java.util.concurrent.CompletableFuture$UniAccept.tryFire(CompletableFuture.java:718)
	at java.base/java.util.concurrent.CompletableFuture.postComplete(CompletableFuture.java:510)
	at java.base/java.util.concurrent.CompletableFuture.complete(CompletableFuture.java:2179)
	at org.apache.ratis.grpc.client.GrpcClientProtocolClient$AsyncStreamObservers$1.lambda$onNext$0(GrpcClientProtocolClient.java:325)
	at java.base/java.util.Optional.ifPresent(Optional.java:178)
	at org.apache.ratis.grpc.client.GrpcClientProtocolClient$AsyncStreamObservers.handleReplyFuture(GrpcClientProtocolClient.java:381)
	at org.apache.ratis.grpc.client.GrpcClientProtocolClient$AsyncStreamObservers.access$100(GrpcClientProtocolClient.java:303)
	at org.apache.ratis.grpc.client.GrpcClientProtocolClient$AsyncStreamObservers$1.onNext(GrpcClientProtocolClient.java:325)
	at org.apache.ratis.grpc.client.GrpcClientProtocolClient$AsyncStreamObservers$1.onNext(GrpcClientProtocolClient.java:308)
	at org.apache.ratis.thirdparty.io.grpc.stub.ClientCalls$StreamObserverToCallListenerAdapter.onMessage(ClientCalls.java:551)
	at org.apache.ratis.thirdparty.io.grpc.ForwardingClientCallListener.onMessage(ForwardingClientCallListener.java:33)
	at org.apache.ratis.thirdparty.io.grpc.internal.DelayedClientCall$DelayedListener.onMessage(DelayedClientCall.java:473)
	at org.apache.ratis.thirdparty.io.grpc.internal.ClientCallImpl$ClientStreamListenerImpl$1MessagesAvailable.runInternal(ClientCallImpl.java:661)
	at org.apache.ratis.thirdparty.io.grpc.internal.ClientCallImpl$ClientStreamListenerImpl$1MessagesAvailable.runInContext(ClientCallImpl.java:648)
	at org.apache.ratis.thirdparty.io.grpc.internal.ContextRunnable.run(ContextRunnable.java:37)
	at org.apache.ratis.thirdparty.io.grpc.internal.SerializingExecutor.run(SerializingExecutor.java:133)
	at java.base/java.util.concurrent.ThreadPoolExecutor.runWorker(ThreadPoolExecutor.java:1144)
	at java.base/java.util.concurrent.ThreadPoolExecutor$Worker.run(ThreadPoolExecutor.java:642)
	at java.base/java.lang.Thread.run(Thread.java:1583)
Caused by: org.apache.ratis.protocol.exceptions.StateMachineException: org.apache.hadoop.hdds.scm.container.common.helpers.ContainerNotOpenException from Server e4fa6cd0-dc30-4550-b12f-023a3466045b@group-7FD69FEA80D4: Container 4 in UNHEALTHY state
	at org.apache.hadoop.ozone.container.common.impl.HddsDispatcher.validateContainerCommand(HddsDispatcher.java:580)
	at org.apache.hadoop.ozone.container.common.transport.server.ratis.ContainerStateMachine.startTransaction(ContainerStateMachine.java:488)
	at org.apache.ratis.server.impl.RaftServerImpl.writeAsyncImpl(RaftServerImpl.java:987)
	at org.apache.ratis.server.impl.RaftServerImpl.writeAsync(RaftServerImpl.java:960)
	at org.apache.ratis.server.impl.RaftServerImpl.replyFuture(RaftServerImpl.java:953)
	at org.apache.ratis.server.impl.RaftServerImpl.submitClientRequestAsync(RaftServerImpl.java:930)
	at org.apache.ratis.server.impl.RaftServerImpl.lambda$null$11(RaftServerImpl.java:919)
	at org.apache.ratis.util.JavaUtils.callAsUnchecked(JavaUtils.java:118)
	at org.apache.ratis.server.impl.RaftServerImpl.lambda$executeSubmitClientRequestAsync$12(RaftServerImpl.java:919)
	at java.base/java.util.concurrent.CompletableFuture$AsyncSupply.run(CompletableFuture.java:1768)
	... 3 more
Caused by: org.apache.hadoop.hdds.scm.container.common.helpers.ContainerNotOpenException: Container 4 in UNHEALTHY state
	at java.base/jdk.internal.reflect.DirectConstructorHandleAccessor.newInstance(DirectConstructorHandleAccessor.java:62)
	at java.base/java.lang.reflect.Constructor.newInstanceWithCaller(Constructor.java:502)
	at java.base/java.lang.reflect.Constructor.newInstance(Constructor.java:486)
	at org.apache.ratis.util.ReflectionUtils.instantiateException(ReflectionUtils.java:265)
	at org.apache.ratis.client.impl.ClientProtoUtils.toStateMachineException(ClientProtoUtils.java:455)
	at org.apache.ratis.client.impl.ClientProtoUtils.toStateMachineException(ClientProtoUtils.java:441)
	at org.apache.ratis.client.impl.ClientProtoUtils.toRaftClientReply(ClientProtoUtils.java:408)
	at org.apache.ratis.grpc.client.GrpcClientProtocolClient$AsyncStreamObservers$1.onNext(GrpcClientProtocolClient.java:313)
	at org.apache.ratis.grpc.client.GrpcClientProtocolClient$AsyncStreamObservers$1.onNext(GrpcClientProtocolClient.java:308)
	at org.apache.ratis.thirdparty.io.grpc.stub.ClientCalls$StreamObserverToCallListenerAdapter.onMessage(ClientCalls.java:551)
	at org.apache.ratis.thirdparty.io.grpc.ForwardingClientCallListener.onMessage(ForwardingClientCallListener.java:33)
	at org.apache.ratis.thirdparty.io.grpc.internal.DelayedClientCall$DelayedListener.onMessage(DelayedClientCall.java:473)
	at org.apache.ratis.thirdparty.io.grpc.internal.ClientCallImpl$ClientStreamListenerImpl$1MessagesAvailable.runInternal(ClientCallImpl.java:661)
	at org.apache.ratis.thirdparty.io.grpc.internal.ClientCallImpl$ClientStreamListenerImpl$1MessagesAvailable.runInContext(ClientCallImpl.java:648)
	at org.apache.ratis.thirdparty.io.grpc.internal.ContextRunnable.run(ContextRunnable.java:37)
	at org.apache.ratis.thirdparty.io.grpc.internal.SerializingExecutor.run(SerializingExecutor.java:133)
	... 3 more
2025-07-19T06:07:24.091218251Z e4fa6cd0-dc30-4550-b12f-023a3466045b-client-thread2 ERROR user=null | ip=null | op=WRITE_CHUNK {blockData=conID: 4 locID: 115816896921600004 bcsId: 0 replicaIndex: null, offset=0, size=5} | ret=FAILURE
org.apache.hadoop.hdds.scm.container.common.helpers.ContainerNotOpenException: Container 4 in UNHEALTHY state
	at org.apache.hadoop.ozone.container.common.impl.HddsDispatcher.validateContainerCommand(HddsDispatcher.java:580)
	at org.apache.hadoop.ozone.container.common.transport.server.ratis.ContainerStateMachine.startTransaction(ContainerStateMachine.java:488)
	at org.apache.ratis.server.impl.RaftServerImpl.writeAsyncImpl(RaftServerImpl.java:987)
	at org.apache.ratis.server.impl.RaftServerImpl.writeAsync(RaftServerImpl.java:960)
	at org.apache.ratis.server.impl.RaftServerImpl.replyFuture(RaftServerImpl.java:953)
	at org.apache.ratis.server.impl.RaftServerImpl.submitClientRequestAsync(RaftServerImpl.java:930)
	at org.apache.ratis.server.impl.RaftServerImpl.lambda$null$11(RaftServerImpl.java:919)
	at org.apache.ratis.util.JavaUtils.callAsUnchecked(JavaUtils.java:118)
	at org.apache.ratis.server.impl.RaftServerImpl.lambda$executeSubmitClientRequestAsync$12(RaftServerImpl.java:919)
	at java.base/java.util.concurrent.CompletableFuture$AsyncSupply.run(CompletableFuture.java:1768)
	at java.base/java.util.concurrent.ThreadPoolExecutor.runWorker(ThreadPoolExecutor.java:1144)
	at java.base/java.util.concurrent.ThreadPoolExecutor$Worker.run(ThreadPoolExecutor.java:642)
	at java.base/java.lang.Thread.run(Thread.java:1583)
2025-07-19 06:07:24,091 [grpc-default-executor-2] ERROR impl.OrderedAsync (OrderedAsync.java:lambda$send$4(181)) - Failed to send request, message=cmdType: WriteChunk
traceID: ""
containerID: 4
datanodeUuid: "e4fa6cd0-dc30-4550-b12f-023a3466045b"
writeChunk {
  blockID {
    containerID: 4
    localID: 115816896921600004
    blockCommitSequenceId: 0
  }
  chunkData {
    chunkName: "115816896921600004.data.0"
    offset: 0
    len: 5
    checksumData {
      type: CRC32
      bytesPerChecksum: 1048576
      checksums: "\362T\341\255"
    }
  }
}
version: 3
, data.size=5
java.util.concurrent.CompletionException: org.apache.ratis.protocol.exceptions.StateMachineException: org.apache.hadoop.hdds.scm.container.common.helpers.ContainerNotOpenException from Server e4fa6cd0-dc30-4550-b12f-023a3466045b@group-7FD69FEA80D4: Container 4 in UNHEALTHY state
	at org.apache.ratis.client.impl.RaftClientImpl.handleRaftException(RaftClientImpl.java:373)
	at org.apache.ratis.client.impl.OrderedAsync.lambda$send$3(OrderedAsync.java:175)
	at java.base/java.util.concurrent.CompletableFuture$UniApply.tryFire(CompletableFuture.java:646)
	at java.base/java.util.concurrent.CompletableFuture.postComplete(CompletableFuture.java:510)
	at java.base/java.util.concurrent.CompletableFuture.complete(CompletableFuture.java:2179)
	at org.apache.ratis.client.impl.OrderedAsync$PendingOrderedRequest.setReply(OrderedAsync.java:105)
	at org.apache.ratis.client.impl.OrderedAsync$PendingOrderedRequest.setReply(OrderedAsync.java:66)
	at org.apache.ratis.util.SlidingWindow$RequestMap.setReply(SlidingWindow.java:147)
	at org.apache.ratis.util.SlidingWindow$Client.receiveReply(SlidingWindow.java:351)
	at org.apache.ratis.client.impl.OrderedAsync.lambda$sendRequestWithRetry$5(OrderedAsync.java:210)
	at java.base/java.util.concurrent.CompletableFuture$UniAccept.tryFire(CompletableFuture.java:718)
	at java.base/java.util.concurrent.CompletableFuture.postComplete(CompletableFuture.java:510)
	at java.base/java.util.concurrent.CompletableFuture.complete(CompletableFuture.java:2179)
	at org.apache.ratis.grpc.client.GrpcClientProtocolClient$AsyncStreamObservers$1.lambda$onNext$0(GrpcClientProtocolClient.java:325)
	at java.base/java.util.Optional.ifPresent(Optional.java:178)
	at org.apache.ratis.grpc.client.GrpcClientProtocolClient$AsyncStreamObservers.handleReplyFuture(GrpcClientProtocolClient.java:381)
	at org.apache.ratis.grpc.client.GrpcClientProtocolClient$AsyncStreamObservers.access$100(GrpcClientProtocolClient.java:303)
	at org.apache.ratis.grpc.client.GrpcClientProtocolClient$AsyncStreamObservers$1.onNext(GrpcClientProtocolClient.java:325)
	at org.apache.ratis.grpc.client.GrpcClientProtocolClient$AsyncStreamObservers$1.onNext(GrpcClientProtocolClient.java:308)
	at org.apache.ratis.thirdparty.io.grpc.stub.ClientCalls$StreamObserverToCallListenerAdapter.onMessage(ClientCalls.java:551)
	at org.apache.ratis.thirdparty.io.grpc.ForwardingClientCallListener.onMessage(ForwardingClientCallListener.java:33)
	at org.apache.ratis.thirdparty.io.grpc.internal.DelayedClientCall$DelayedListener.onMessage(DelayedClientCall.java:473)
	at org.apache.ratis.thirdparty.io.grpc.internal.ClientCallImpl$ClientStreamListenerImpl$1MessagesAvailable.runInternal(ClientCallImpl.java:661)
	at org.apache.ratis.thirdparty.io.grpc.internal.ClientCallImpl$ClientStreamListenerImpl$1MessagesAvailable.runInContext(ClientCallImpl.java:648)
	at org.apache.ratis.thirdparty.io.grpc.internal.ContextRunnable.run(ContextRunnable.java:37)
	at org.apache.ratis.thirdparty.io.grpc.internal.SerializingExecutor.run(SerializingExecutor.java:133)
	at java.base/java.util.concurrent.ThreadPoolExecutor.runWorker(ThreadPoolExecutor.java:1144)
	at java.base/java.util.concurrent.ThreadPoolExecutor$Worker.run(ThreadPoolExecutor.java:642)
	at java.base/java.lang.Thread.run(Thread.java:1583)
Caused by: org.apache.ratis.protocol.exceptions.StateMachineException: org.apache.hadoop.hdds.scm.container.common.helpers.ContainerNotOpenException from Server e4fa6cd0-dc30-4550-b12f-023a3466045b@group-7FD69FEA80D4: Container 4 in UNHEALTHY state
	at org.apache.hadoop.ozone.container.common.impl.HddsDispatcher.validateContainerCommand(HddsDispatcher.java:580)
	at org.apache.hadoop.ozone.container.common.transport.server.ratis.ContainerStateMachine.startTransaction(ContainerStateMachine.java:488)
	at org.apache.ratis.server.impl.RaftServerImpl.writeAsyncImpl(RaftServerImpl.java:987)
	at org.apache.ratis.server.impl.RaftServerImpl.writeAsync(RaftServerImpl.java:960)
	at org.apache.ratis.server.impl.RaftServerImpl.replyFuture(RaftServerImpl.java:953)
	at org.apache.ratis.server.impl.RaftServerImpl.submitClientRequestAsync(RaftServerImpl.java:930)
	at org.apache.ratis.server.impl.RaftServerImpl.lambda$null$11(RaftServerImpl.java:919)
	at org.apache.ratis.util.JavaUtils.callAsUnchecked(JavaUtils.java:118)
	at org.apache.ratis.server.impl.RaftServerImpl.lambda$executeSubmitClientRequestAsync$12(RaftServerImpl.java:919)
	at java.base/java.util.concurrent.CompletableFuture$AsyncSupply.run(CompletableFuture.java:1768)
	... 3 more
Caused by: org.apache.hadoop.hdds.scm.container.common.helpers.ContainerNotOpenException: Container 4 in UNHEALTHY state
	at java.base/jdk.internal.reflect.DirectConstructorHandleAccessor.newInstance(DirectConstructorHandleAccessor.java:62)
	at java.base/java.lang.reflect.Constructor.newInstanceWithCaller(Constructor.java:502)
	at java.base/java.lang.reflect.Constructor.newInstance(Constructor.java:486)
	at org.apache.ratis.util.ReflectionUtils.instantiateException(ReflectionUtils.java:265)
	at org.apache.ratis.client.impl.ClientProtoUtils.toStateMachineException(ClientProtoUtils.java:455)
	at org.apache.ratis.client.impl.ClientProtoUtils.toStateMachineException(ClientProtoUtils.java:441)
	at org.apache.ratis.client.impl.ClientProtoUtils.toRaftClientReply(ClientProtoUtils.java:408)
	at org.apache.ratis.grpc.client.GrpcClientProtocolClient$AsyncStreamObservers$1.onNext(GrpcClientProtocolClient.java:313)
	at org.apache.ratis.grpc.client.GrpcClientProtocolClient$AsyncStreamObservers$1.onNext(GrpcClientProtocolClient.java:308)
	at org.apache.ratis.thirdparty.io.grpc.stub.ClientCalls$StreamObserverToCallListenerAdapter.onMessage(ClientCalls.java:551)
	at org.apache.ratis.thirdparty.io.grpc.ForwardingClientCallListener.onMessage(ForwardingClientCallListener.java:33)
	at org.apache.ratis.thirdparty.io.grpc.internal.DelayedClientCall$DelayedListener.onMessage(DelayedClientCall.java:473)
	at org.apache.ratis.thirdparty.io.grpc.internal.ClientCallImpl$ClientStreamListenerImpl$1MessagesAvailable.runInternal(ClientCallImpl.java:661)
	at org.apache.ratis.thirdparty.io.grpc.internal.ClientCallImpl$ClientStreamListenerImpl$1MessagesAvailable.runInContext(ClientCallImpl.java:648)
	at org.apache.ratis.thirdparty.io.grpc.internal.ContextRunnable.run(ContextRunnable.java:37)
	at org.apache.ratis.thirdparty.io.grpc.internal.SerializingExecutor.run(SerializingExecutor.java:133)
	... 3 more
2025-07-19 06:07:24,092 [grpc-default-executor-2] ERROR impl.OrderedAsync (OrderedAsync.java:lambda$send$4(181)) - Failed to send request, message=cmdType: WriteChunk
traceID: ""
containerID: 4
datanodeUuid: "e4fa6cd0-dc30-4550-b12f-023a3466045b"
writeChunk {
  blockID {
    containerID: 4
    localID: 115816896921600004
    blockCommitSequenceId: 0
  }
  chunkData {
    chunkName: "115816896921600004.data.0"
    offset: 0
    len: 5
    checksumData {
      type: CRC32
      bytesPerChecksum: 1048576
      checksums: "K\307^f"
    }
  }
}
version: 3
, data.size=5
java.util.concurrent.CompletionException: org.apache.ratis.protocol.exceptions.StateMachineException: org.apache.hadoop.hdds.scm.container.common.helpers.ContainerNotOpenException from Server e4fa6cd0-dc30-4550-b12f-023a3466045b@group-7FD69FEA80D4: Container 4 in UNHEALTHY state
	at org.apache.ratis.client.impl.RaftClientImpl.handleRaftException(RaftClientImpl.java:373)
	at org.apache.ratis.client.impl.OrderedAsync.lambda$send$3(OrderedAsync.java:175)
	at java.base/java.util.concurrent.CompletableFuture$UniApply.tryFire(CompletableFuture.java:646)
	at java.base/java.util.concurrent.CompletableFuture.postComplete(CompletableFuture.java:510)
	at java.base/java.util.concurrent.CompletableFuture.complete(CompletableFuture.java:2179)
	at org.apache.ratis.client.impl.OrderedAsync$PendingOrderedRequest.setReply(OrderedAsync.java:105)
	at org.apache.ratis.client.impl.OrderedAsync$PendingOrderedRequest.setReply(OrderedAsync.java:66)
	at org.apache.ratis.util.SlidingWindow$RequestMap.setReply(SlidingWindow.java:147)
	at org.apache.ratis.util.SlidingWindow$Client.receiveReply(SlidingWindow.java:351)
	at org.apache.ratis.client.impl.OrderedAsync.lambda$sendRequestWithRetry$5(OrderedAsync.java:210)
	at java.base/java.util.concurrent.CompletableFuture$UniAccept.tryFire(CompletableFuture.java:718)
	at java.base/java.util.concurrent.CompletableFuture.postComplete(CompletableFuture.java:510)
	at java.base/java.util.concurrent.CompletableFuture.complete(CompletableFuture.java:2179)
	at org.apache.ratis.grpc.client.GrpcClientProtocolClient$AsyncStreamObservers$1.lambda$onNext$0(GrpcClientProtocolClient.java:325)
	at java.base/java.util.Optional.ifPresent(Optional.java:178)
	at org.apache.ratis.grpc.client.GrpcClientProtocolClient$AsyncStreamObservers.handleReplyFuture(GrpcClientProtocolClient.java:381)
	at org.apache.ratis.grpc.client.GrpcClientProtocolClient$AsyncStreamObservers.access$100(GrpcClientProtocolClient.java:303)
	at org.apache.ratis.grpc.client.GrpcClientProtocolClient$AsyncStreamObservers$1.onNext(GrpcClientProtocolClient.java:325)
	at org.apache.ratis.grpc.client.GrpcClientProtocolClient$AsyncStreamObservers$1.onNext(GrpcClientProtocolClient.java:308)
	at org.apache.ratis.thirdparty.io.grpc.stub.ClientCalls$StreamObserverToCallListenerAdapter.onMessage(ClientCalls.java:551)
	at org.apache.ratis.thirdparty.io.grpc.ForwardingClientCallListener.onMessage(ForwardingClientCallListener.java:33)
	at org.apache.ratis.thirdparty.io.grpc.internal.DelayedClientCall$DelayedListener.onMessage(DelayedClientCall.java:473)
	at org.apache.ratis.thirdparty.io.grpc.internal.ClientCallImpl$ClientStreamListenerImpl$1MessagesAvailable.runInternal(ClientCallImpl.java:661)
	at org.apache.ratis.thirdparty.io.grpc.internal.ClientCallImpl$ClientStreamListenerImpl$1MessagesAvailable.runInContext(ClientCallImpl.java:648)
	at org.apache.ratis.thirdparty.io.grpc.internal.ContextRunnable.run(ContextRunnable.java:37)
	at org.apache.ratis.thirdparty.io.grpc.internal.SerializingExecutor.run(SerializingExecutor.java:133)
	at java.base/java.util.concurrent.ThreadPoolExecutor.runWorker(ThreadPoolExecutor.java:1144)
	at java.base/java.util.concurrent.ThreadPoolExecutor$Worker.run(ThreadPoolExecutor.java:642)
	at java.base/java.lang.Thread.run(Thread.java:1583)
Caused by: org.apache.ratis.protocol.exceptions.StateMachineException: org.apache.hadoop.hdds.scm.container.common.helpers.ContainerNotOpenException from Server e4fa6cd0-dc30-4550-b12f-023a3466045b@group-7FD69FEA80D4: Container 4 in UNHEALTHY state
	at org.apache.hadoop.ozone.container.common.impl.HddsDispatcher.validateContainerCommand(HddsDispatcher.java:580)
	at org.apache.hadoop.ozone.container.common.transport.server.ratis.ContainerStateMachine.startTransaction(ContainerStateMachine.java:488)
	at org.apache.ratis.server.impl.RaftServerImpl.writeAsyncImpl(RaftServerImpl.java:987)
	at org.apache.ratis.server.impl.RaftServerImpl.writeAsync(RaftServerImpl.java:960)
	at org.apache.ratis.server.impl.RaftServerImpl.replyFuture(RaftServerImpl.java:953)
	at org.apache.ratis.server.impl.RaftServerImpl.submitClientRequestAsync(RaftServerImpl.java:930)
	at org.apache.ratis.server.impl.RaftServerImpl.lambda$null$11(RaftServerImpl.java:919)
	at org.apache.ratis.util.JavaUtils.callAsUnchecked(JavaUtils.java:118)
	at org.apache.ratis.server.impl.RaftServerImpl.lambda$executeSubmitClientRequestAsync$12(RaftServerImpl.java:919)
	at java.base/java.util.concurrent.CompletableFuture$AsyncSupply.run(CompletableFuture.java:1768)
	... 3 more
Caused by: org.apache.hadoop.hdds.scm.container.common.helpers.ContainerNotOpenException: Container 4 in UNHEALTHY state
	at java.base/jdk.internal.reflect.DirectConstructorHandleAccessor.newInstance(DirectConstructorHandleAccessor.java:62)
	at java.base/java.lang.reflect.Constructor.newInstanceWithCaller(Constructor.java:502)
	at java.base/java.lang.reflect.Constructor.newInstance(Constructor.java:486)
	at org.apache.ratis.util.ReflectionUtils.instantiateException(ReflectionUtils.java:265)
	at org.apache.ratis.client.impl.ClientProtoUtils.toStateMachineException(ClientProtoUtils.java:455)
	at org.apache.ratis.client.impl.ClientProtoUtils.toStateMachineException(ClientProtoUtils.java:441)
	at org.apache.ratis.client.impl.ClientProtoUtils.toRaftClientReply(ClientProtoUtils.java:408)
	at org.apache.ratis.grpc.client.GrpcClientProtocolClient$AsyncStreamObservers$1.onNext(GrpcClientProtocolClient.java:313)
	at org.apache.ratis.grpc.client.GrpcClientProtocolClient$AsyncStreamObservers$1.onNext(GrpcClientProtocolClient.java:308)
	at org.apache.ratis.thirdparty.io.grpc.stub.ClientCalls$StreamObserverToCallListenerAdapter.onMessage(ClientCalls.java:551)
	at org.apache.ratis.thirdparty.io.grpc.ForwardingClientCallListener.onMessage(ForwardingClientCallListener.java:33)
	at org.apache.ratis.thirdparty.io.grpc.internal.DelayedClientCall$DelayedListener.onMessage(DelayedClientCall.java:473)
	at org.apache.ratis.thirdparty.io.grpc.internal.ClientCallImpl$ClientStreamListenerImpl$1MessagesAvailable.runInternal(ClientCallImpl.java:661)
	at org.apache.ratis.thirdparty.io.grpc.internal.ClientCallImpl$ClientStreamListenerImpl$1MessagesAvailable.runInContext(ClientCallImpl.java:648)
	at org.apache.ratis.thirdparty.io.grpc.internal.ContextRunnable.run(ContextRunnable.java:37)
	at org.apache.ratis.thirdparty.io.grpc.internal.SerializingExecutor.run(SerializingExecutor.java:133)
	... 3 more
2025-07-19 06:07:24,094 [grpc-default-executor-2] ERROR impl.OrderedAsync (OrderedAsync.java:lambda$send$4(181)) - Failed to send request, message=cmdType: WriteChunk
traceID: ""
containerID: 4
datanodeUuid: "e4fa6cd0-dc30-4550-b12f-023a3466045b"
writeChunk {
  blockID {
    containerID: 4
    localID: 115816896921600004
    blockCommitSequenceId: 0
  }
  chunkData {
    chunkName: "115816896921600004.data.0"
    offset: 0
    len: 5
    checksumData {
      type: CRC32
      bytesPerChecksum: 1048576
      checksums: "Q\030T\326"
    }
  }
}
version: 3
, data.size=5
java.util.concurrent.CompletionException: org.apache.ratis.protocol.exceptions.StateMachineException: org.apache.hadoop.hdds.scm.container.common.helpers.ContainerNotOpenException from Server e4fa6cd0-dc30-4550-b12f-023a3466045b@group-7FD69FEA80D4: Container 4 in UNHEALTHY state
	at org.apache.ratis.client.impl.RaftClientImpl.handleRaftException(RaftClientImpl.java:373)
	at org.apache.ratis.client.impl.OrderedAsync.lambda$send$3(OrderedAsync.java:175)
	at java.base/java.util.concurrent.CompletableFuture$UniApply.tryFire(CompletableFuture.java:646)
	at java.base/java.util.concurrent.CompletableFuture.postComplete(CompletableFuture.java:510)
	at java.base/java.util.concurrent.CompletableFuture.complete(CompletableFuture.java:2179)
	at org.apache.ratis.client.impl.OrderedAsync$PendingOrderedRequest.setReply(OrderedAsync.java:105)
	at org.apache.ratis.client.impl.OrderedAsync$PendingOrderedRequest.setReply(OrderedAsync.java:66)
	at org.apache.ratis.util.SlidingWindow$RequestMap.setReply(SlidingWindow.java:147)
	at org.apache.ratis.util.SlidingWindow$Client.receiveReply(SlidingWindow.java:351)
	at org.apache.ratis.client.impl.OrderedAsync.lambda$sendRequestWithRetry$5(OrderedAsync.java:210)
	at java.base/java.util.concurrent.CompletableFuture$UniAccept.tryFire(CompletableFuture.java:718)
	at java.base/java.util.concurrent.CompletableFuture.postComplete(CompletableFuture.java:510)
	at java.base/java.util.concurrent.CompletableFuture.complete(CompletableFuture.java:2179)
	at org.apache.ratis.grpc.client.GrpcClientProtocolClient$AsyncStreamObservers$1.lambda$onNext$0(GrpcClientProtocolClient.java:325)
	at java.base/java.util.Optional.ifPresent(Optional.java:178)
	at org.apache.ratis.grpc.client.GrpcClientProtocolClient$AsyncStreamObservers.handleReplyFuture(GrpcClientProtocolClient.java:381)
	at org.apache.ratis.grpc.client.GrpcClientProtocolClient$AsyncStreamObservers.access$100(GrpcClientProtocolClient.java:303)
	at org.apache.ratis.grpc.client.GrpcClientProtocolClient$AsyncStreamObservers$1.onNext(GrpcClientProtocolClient.java:325)
	at org.apache.ratis.grpc.client.GrpcClientProtocolClient$AsyncStreamObservers$1.onNext(GrpcClientProtocolClient.java:308)
	at org.apache.ratis.thirdparty.io.grpc.stub.ClientCalls$StreamObserverToCallListenerAdapter.onMessage(ClientCalls.java:551)
	at org.apache.ratis.thirdparty.io.grpc.ForwardingClientCallListener.onMessage(ForwardingClientCallListener.java:33)
	at org.apache.ratis.thirdparty.io.grpc.internal.DelayedClientCall$DelayedListener.onMessage(DelayedClientCall.java:473)
	at org.apache.ratis.thirdparty.io.grpc.internal.ClientCallImpl$ClientStreamListenerImpl$1MessagesAvailable.runInternal(ClientCallImpl.java:661)
	at org.apache.ratis.thirdparty.io.grpc.internal.ClientCallImpl$ClientStreamListenerImpl$1MessagesAvailable.runInContext(ClientCallImpl.java:648)
	at org.apache.ratis.thirdparty.io.grpc.internal.ContextRunnable.run(ContextRunnable.java:37)
	at org.apache.ratis.thirdparty.io.grpc.internal.SerializingExecutor.run(SerializingExecutor.java:133)
	at java.base/java.util.concurrent.ThreadPoolExecutor.runWorker(ThreadPoolExecutor.java:1144)
	at java.base/java.util.concurrent.ThreadPoolExecutor$Worker.run(ThreadPoolExecutor.java:642)
	at java.base/java.lang.Thread.run(Thread.java:1583)
Caused by: org.apache.ratis.protocol.exceptions.StateMachineException: org.apache.hadoop.hdds.scm.container.common.helpers.ContainerNotOpenException from Server e4fa6cd0-dc30-4550-b12f-023a3466045b@group-7FD69FEA80D4: Container 4 in UNHEALTHY state
	at org.apache.hadoop.ozone.container.common.impl.HddsDispatcher.validateContainerCommand(HddsDispatcher.java:580)
	at org.apache.hadoop.ozone.container.common.transport.server.ratis.ContainerStateMachine.startTransaction(ContainerStateMachine.java:488)
	at org.apache.ratis.server.impl.RaftServerImpl.writeAsyncImpl(RaftServerImpl.java:987)
	at org.apache.ratis.server.impl.RaftServerImpl.writeAsync(RaftServerImpl.java:960)
	at org.apache.ratis.server.impl.RaftServerImpl.replyFuture(RaftServerImpl.java:953)
	at org.apache.ratis.server.impl.RaftServerImpl.submitClientRequestAsync(RaftServerImpl.java:930)
	at org.apache.ratis.server.impl.RaftServerImpl.lambda$null$11(RaftServerImpl.java:919)
	at org.apache.ratis.util.JavaUtils.callAsUnchecked(JavaUtils.java:118)
	at org.apache.ratis.server.impl.RaftServerImpl.lambda$executeSubmitClientRequestAsync$12(RaftServerImpl.java:919)
	at java.base/java.util.concurrent.CompletableFuture$AsyncSupply.run(CompletableFuture.java:1768)
	... 3 more
Caused by: org.apache.hadoop.hdds.scm.container.common.helpers.ContainerNotOpenException: Container 4 in UNHEALTHY state
	at java.base/jdk.internal.reflect.DirectConstructorHandleAccessor.newInstance(DirectConstructorHandleAccessor.java:62)
	at java.base/java.lang.reflect.Constructor.newInstanceWithCaller(Constructor.java:502)
	at java.base/java.lang.reflect.Constructor.newInstance(Constructor.java:486)
	at org.apache.ratis.util.ReflectionUtils.instantiateException(ReflectionUtils.java:265)
	at org.apache.ratis.client.impl.ClientProtoUtils.toStateMachineException(ClientProtoUtils.java:455)
	at org.apache.ratis.client.impl.ClientProtoUtils.toStateMachineException(ClientProtoUtils.java:441)
	at org.apache.ratis.client.impl.ClientProtoUtils.toRaftClientReply(ClientProtoUtils.java:408)
	at org.apache.ratis.grpc.client.GrpcClientProtocolClient$AsyncStreamObservers$1.onNext(GrpcClientProtocolClient.java:313)
	at org.apache.ratis.grpc.client.GrpcClientProtocolClient$AsyncStreamObservers$1.onNext(GrpcClientProtocolClient.java:308)
	at org.apache.ratis.thirdparty.io.grpc.stub.ClientCalls$StreamObserverToCallListenerAdapter.onMessage(ClientCalls.java:551)
	at org.apache.ratis.thirdparty.io.grpc.ForwardingClientCallListener.onMessage(ForwardingClientCallListener.java:33)
	at org.apache.ratis.thirdparty.io.grpc.internal.DelayedClientCall$DelayedListener.onMessage(DelayedClientCall.java:473)
	at org.apache.ratis.thirdparty.io.grpc.internal.ClientCallImpl$ClientStreamListenerImpl$1MessagesAvailable.runInternal(ClientCallImpl.java:661)
	at org.apache.ratis.thirdparty.io.grpc.internal.ClientCallImpl$ClientStreamListenerImpl$1MessagesAvailable.runInContext(ClientCallImpl.java:648)
	at org.apache.ratis.thirdparty.io.grpc.internal.ContextRunnable.run(ContextRunnable.java:37)
	at org.apache.ratis.thirdparty.io.grpc.internal.SerializingExecutor.run(SerializingExecutor.java:133)
	... 3 more
2025-07-19T06:07:24.094707436Z e4fa6cd0-dc30-4550-b12f-023a3466045b-client-thread1 ERROR user=null | ip=null | op=WRITE_CHUNK {blockData=conID: 4 locID: 115816896921600004 bcsId: 0 replicaIndex: null, offset=0, size=5} | ret=FAILURE
org.apache.hadoop.hdds.scm.container.common.helpers.ContainerNotOpenException: Container 4 in UNHEALTHY state
	at org.apache.hadoop.ozone.container.common.impl.HddsDispatcher.validateContainerCommand(HddsDispatcher.java:580)
	at org.apache.hadoop.ozone.container.common.transport.server.ratis.ContainerStateMachine.startTransaction(ContainerStateMachine.java:488)
	at org.apache.ratis.server.impl.RaftServerImpl.writeAsyncImpl(RaftServerImpl.java:987)
	at org.apache.ratis.server.impl.RaftServerImpl.writeAsync(RaftServerImpl.java:960)
	at org.apache.ratis.server.impl.RaftServerImpl.replyFuture(RaftServerImpl.java:953)
	at org.apache.ratis.server.impl.RaftServerImpl.submitClientRequestAsync(RaftServerImpl.java:930)
	at org.apache.ratis.server.impl.RaftServerImpl.lambda$null$11(RaftServerImpl.java:919)
	at org.apache.ratis.util.JavaUtils.callAsUnchecked(JavaUtils.java:118)
	at org.apache.ratis.server.impl.RaftServerImpl.lambda$executeSubmitClientRequestAsync$12(RaftServerImpl.java:919)
	at java.base/java.util.concurrent.CompletableFuture$AsyncSupply.run(CompletableFuture.java:1768)
	at java.base/java.util.concurrent.ThreadPoolExecutor.runWorker(ThreadPoolExecutor.java:1144)
	at java.base/java.util.concurrent.ThreadPoolExecutor$Worker.run(ThreadPoolExecutor.java:642)
	at java.base/java.lang.Thread.run(Thread.java:1583)
2025-07-19T06:07:24.095363518Z e4fa6cd0-dc30-4550-b12f-023a3466045b-client-thread2 ERROR user=null | ip=null | op=WRITE_CHUNK {blockData=conID: 4 locID: 115816896921600004 bcsId: 0 replicaIndex: null, offset=0, size=5} | ret=FAILURE
org.apache.hadoop.hdds.scm.container.common.helpers.ContainerNotOpenException: Container 4 in UNHEALTHY state
	at org.apache.hadoop.ozone.container.common.impl.HddsDispatcher.validateContainerCommand(HddsDispatcher.java:580)
	at org.apache.hadoop.ozone.container.common.transport.server.ratis.ContainerStateMachine.startTransaction(ContainerStateMachine.java:488)
	at org.apache.ratis.server.impl.RaftServerImpl.writeAsyncImpl(RaftServerImpl.java:987)
	at org.apache.ratis.server.impl.RaftServerImpl.writeAsync(RaftServerImpl.java:960)
	at org.apache.ratis.server.impl.RaftServerImpl.replyFuture(RaftServerImpl.java:953)
	at org.apache.ratis.server.impl.RaftServerImpl.submitClientRequestAsync(RaftServerImpl.java:930)
	at org.apache.ratis.server.impl.RaftServerImpl.lambda$null$11(RaftServerImpl.java:919)
	at org.apache.ratis.util.JavaUtils.callAsUnchecked(JavaUtils.java:118)
	at org.apache.ratis.server.impl.RaftServerImpl.lambda$executeSubmitClientRequestAsync$12(RaftServerImpl.java:919)
	at java.base/java.util.concurrent.CompletableFuture$AsyncSupply.run(CompletableFuture.java:1768)
	at java.base/java.util.concurrent.ThreadPoolExecutor.runWorker(ThreadPoolExecutor.java:1144)
	at java.base/java.util.concurrent.ThreadPoolExecutor$Worker.run(ThreadPoolExecutor.java:642)
	at java.base/java.lang.Thread.run(Thread.java:1583)
2025-07-19T06:07:24.096044506Z e4fa6cd0-dc30-4550-b12f-023a3466045b-client-thread2 ERROR user=null | ip=null | op=WRITE_CHUNK {blockData=conID: 4 locID: 115816896921600004 bcsId: 0 replicaIndex: null, offset=0, size=5} | ret=FAILURE
org.apache.hadoop.hdds.scm.container.common.helpers.ContainerNotOpenException: Container 4 in UNHEALTHY state
	at org.apache.hadoop.ozone.container.common.impl.HddsDispatcher.validateContainerCommand(HddsDispatcher.java:580)
	at org.apache.hadoop.ozone.container.common.transport.server.ratis.ContainerStateMachine.startTransaction(ContainerStateMachine.java:488)
	at org.apache.ratis.server.impl.RaftServerImpl.writeAsyncImpl(RaftServerImpl.java:987)
	at org.apache.ratis.server.impl.RaftServerImpl.writeAsync(RaftServerImpl.java:960)
	at org.apache.ratis.server.impl.RaftServerImpl.replyFuture(RaftServerImpl.java:953)
	at org.apache.ratis.server.impl.RaftServerImpl.submitClientRequestAsync(RaftServerImpl.java:930)
	at org.apache.ratis.server.impl.RaftServerImpl.lambda$null$11(RaftServerImpl.java:919)
	at org.apache.ratis.util.JavaUtils.callAsUnchecked(JavaUtils.java:118)
	at org.apache.ratis.server.impl.RaftServerImpl.lambda$executeSubmitClientRequestAsync$12(RaftServerImpl.java:919)
	at java.base/java.util.concurrent.CompletableFuture$AsyncSupply.run(CompletableFuture.java:1768)
	at java.base/java.util.concurrent.ThreadPoolExecutor.runWorker(ThreadPoolExecutor.java:1144)
	at java.base/java.util.concurrent.ThreadPoolExecutor$Worker.run(ThreadPoolExecutor.java:642)
	at java.base/java.lang.Thread.run(Thread.java:1583)
2025-07-19 06:07:24,097 [grpc-default-executor-2] ERROR impl.OrderedAsync (OrderedAsync.java:lambda$send$4(181)) - Failed to send request, message=cmdType: WriteChunk
traceID: ""
containerID: 4
datanodeUuid: "e4fa6cd0-dc30-4550-b12f-023a3466045b"
writeChunk {
  blockID {
    containerID: 4
    localID: 115816896921600004
    blockCommitSequenceId: 0
  }
  chunkData {
    chunkName: "115816896921600004.data.0"
    offset: 0
    len: 5
    checksumData {
      type: CRC32
      bytesPerChecksum: 1048576
      checksums: "\203\353\016N"
    }
  }
}
version: 3
, data.size=5
java.util.concurrent.CompletionException: org.apache.ratis.protocol.exceptions.StateMachineException: org.apache.hadoop.hdds.scm.container.common.helpers.ContainerNotOpenException from Server e4fa6cd0-dc30-4550-b12f-023a3466045b@group-7FD69FEA80D4: Container 4 in UNHEALTHY state
	at org.apache.ratis.client.impl.RaftClientImpl.handleRaftException(RaftClientImpl.java:373)
	at org.apache.ratis.client.impl.OrderedAsync.lambda$send$3(OrderedAsync.java:175)
	at java.base/java.util.concurrent.CompletableFuture$UniApply.tryFire(CompletableFuture.java:646)
	at java.base/java.util.concurrent.CompletableFuture.postComplete(CompletableFuture.java:510)
	at java.base/java.util.concurrent.CompletableFuture.complete(CompletableFuture.java:2179)
	at org.apache.ratis.client.impl.OrderedAsync$PendingOrderedRequest.setReply(OrderedAsync.java:105)
	at org.apache.ratis.client.impl.OrderedAsync$PendingOrderedRequest.setReply(OrderedAsync.java:66)
	at org.apache.ratis.util.SlidingWindow$RequestMap.setReply(SlidingWindow.java:147)
	at org.apache.ratis.util.SlidingWindow$Client.receiveReply(SlidingWindow.java:351)
	at org.apache.ratis.client.impl.OrderedAsync.lambda$sendRequestWithRetry$5(OrderedAsync.java:210)
	at java.base/java.util.concurrent.CompletableFuture$UniAccept.tryFire(CompletableFuture.java:718)
	at java.base/java.util.concurrent.CompletableFuture.postComplete(CompletableFuture.java:510)
	at java.base/java.util.concurrent.CompletableFuture.complete(CompletableFuture.java:2179)
	at org.apache.ratis.grpc.client.GrpcClientProtocolClient$AsyncStreamObservers$1.lambda$onNext$0(GrpcClientProtocolClient.java:325)
	at java.base/java.util.Optional.ifPresent(Optional.java:178)
	at org.apache.ratis.grpc.client.GrpcClientProtocolClient$AsyncStreamObservers.handleReplyFuture(GrpcClientProtocolClient.java:381)
	at org.apache.ratis.grpc.client.GrpcClientProtocolClient$AsyncStreamObservers.access$100(GrpcClientProtocolClient.java:303)
	at org.apache.ratis.grpc.client.GrpcClientProtocolClient$AsyncStreamObservers$1.onNext(GrpcClientProtocolClient.java:325)
	at org.apache.ratis.grpc.client.GrpcClientProtocolClient$AsyncStreamObservers$1.onNext(GrpcClientProtocolClient.java:308)
	at org.apache.ratis.thirdparty.io.grpc.stub.ClientCalls$StreamObserverToCallListenerAdapter.onMessage(ClientCalls.java:551)
	at org.apache.ratis.thirdparty.io.grpc.ForwardingClientCallListener.onMessage(ForwardingClientCallListener.java:33)
	at org.apache.ratis.thirdparty.io.grpc.internal.DelayedClientCall$DelayedListener.onMessage(DelayedClientCall.java:473)
	at org.apache.ratis.thirdparty.io.grpc.internal.ClientCallImpl$ClientStreamListenerImpl$1MessagesAvailable.runInternal(ClientCallImpl.java:661)
	at org.apache.ratis.thirdparty.io.grpc.internal.ClientCallImpl$ClientStreamListenerImpl$1MessagesAvailable.runInContext(ClientCallImpl.java:648)
	at org.apache.ratis.thirdparty.io.grpc.internal.ContextRunnable.run(ContextRunnable.java:37)
	at org.apache.ratis.thirdparty.io.grpc.internal.SerializingExecutor.run(SerializingExecutor.java:133)
	at java.base/java.util.concurrent.ThreadPoolExecutor.runWorker(ThreadPoolExecutor.java:1144)
	at java.base/java.util.concurrent.ThreadPoolExecutor$Worker.run(ThreadPoolExecutor.java:642)
	at java.base/java.lang.Thread.run(Thread.java:1583)
Caused by: org.apache.ratis.protocol.exceptions.StateMachineException: org.apache.hadoop.hdds.scm.container.common.helpers.ContainerNotOpenException from Server e4fa6cd0-dc30-4550-b12f-023a3466045b@group-7FD69FEA80D4: Container 4 in UNHEALTHY state
	at org.apache.hadoop.ozone.container.common.impl.HddsDispatcher.validateContainerCommand(HddsDispatcher.java:580)
	at org.apache.hadoop.ozone.container.common.transport.server.ratis.ContainerStateMachine.startTransaction(ContainerStateMachine.java:488)
	at org.apache.ratis.server.impl.RaftServerImpl.writeAsyncImpl(RaftServerImpl.java:987)
	at org.apache.ratis.server.impl.RaftServerImpl.writeAsync(RaftServerImpl.java:960)
	at org.apache.ratis.server.impl.RaftServerImpl.replyFuture(RaftServerImpl.java:953)
	at org.apache.ratis.server.impl.RaftServerImpl.submitClientRequestAsync(RaftServerImpl.java:930)
	at org.apache.ratis.server.impl.RaftServerImpl.lambda$null$11(RaftServerImpl.java:919)
	at org.apache.ratis.util.JavaUtils.callAsUnchecked(JavaUtils.java:118)
	at org.apache.ratis.server.impl.RaftServerImpl.lambda$executeSubmitClientRequestAsync$12(RaftServerImpl.java:919)
	at java.base/java.util.concurrent.CompletableFuture$AsyncSupply.run(CompletableFuture.java:1768)
	... 3 more
Caused by: org.apache.hadoop.hdds.scm.container.common.helpers.ContainerNotOpenException: Container 4 in UNHEALTHY state
	at java.base/jdk.internal.reflect.DirectConstructorHandleAccessor.newInstance(DirectConstructorHandleAccessor.java:62)
	at java.base/java.lang.reflect.Constructor.newInstanceWithCaller(Constructor.java:502)
	at java.base/java.lang.reflect.Constructor.newInstance(Constructor.java:486)
	at org.apache.ratis.util.ReflectionUtils.instantiateException(ReflectionUtils.java:265)
	at org.apache.ratis.client.impl.ClientProtoUtils.toStateMachineException(ClientProtoUtils.java:455)
	at org.apache.ratis.client.impl.ClientProtoUtils.toStateMachineException(ClientProtoUtils.java:441)
	at org.apache.ratis.client.impl.ClientProtoUtils.toRaftClientReply(ClientProtoUtils.java:408)
	at org.apache.ratis.grpc.client.GrpcClientProtocolClient$AsyncStreamObservers$1.onNext(GrpcClientProtocolClient.java:313)
	at org.apache.ratis.grpc.client.GrpcClientProtocolClient$AsyncStreamObservers$1.onNext(GrpcClientProtocolClient.java:308)
	at org.apache.ratis.thirdparty.io.grpc.stub.ClientCalls$StreamObserverToCallListenerAdapter.onMessage(ClientCalls.java:551)
	at org.apache.ratis.thirdparty.io.grpc.ForwardingClientCallListener.onMessage(ForwardingClientCallListener.java:33)
	at org.apache.ratis.thirdparty.io.grpc.internal.DelayedClientCall$DelayedListener.onMessage(DelayedClientCall.java:473)
	at org.apache.ratis.thirdparty.io.grpc.internal.ClientCallImpl$ClientStreamListenerImpl$1MessagesAvailable.runInternal(ClientCallImpl.java:661)
	at org.apache.ratis.thirdparty.io.grpc.internal.ClientCallImpl$ClientStreamListenerImpl$1MessagesAvailable.runInContext(ClientCallImpl.java:648)
	at org.apache.ratis.thirdparty.io.grpc.internal.ContextRunnable.run(ContextRunnable.java:37)
	at org.apache.ratis.thirdparty.io.grpc.internal.SerializingExecutor.run(SerializingExecutor.java:133)
	... 3 more
2025-07-19 06:07:24,098 [grpc-default-executor-2] ERROR impl.OrderedAsync (OrderedAsync.java:lambda$send$4(181)) - Failed to send request, message=cmdType: WriteChunk
traceID: ""
containerID: 4
datanodeUuid: "e4fa6cd0-dc30-4550-b12f-023a3466045b"
writeChunk {
  blockID {
    containerID: 4
    localID: 115816896921600004
    blockCommitSequenceId: 0
  }
  chunkData {
    chunkName: "115816896921600004.data.0"
    offset: 0
    len: 5
    checksumData {
      type: CRC32
      bytesPerChecksum: 1048576
      checksums: "\v&\227C"
    }
  }
}
version: 3
, data.size=5
java.util.concurrent.CompletionException: org.apache.ratis.protocol.exceptions.StateMachineException: org.apache.hadoop.hdds.scm.container.common.helpers.ContainerNotOpenException from Server e4fa6cd0-dc30-4550-b12f-023a3466045b@group-7FD69FEA80D4: Container 4 in UNHEALTHY state
	at org.apache.ratis.client.impl.RaftClientImpl.handleRaftException(RaftClientImpl.java:373)
	at org.apache.ratis.client.impl.OrderedAsync.lambda$send$3(OrderedAsync.java:175)
	at java.base/java.util.concurrent.CompletableFuture$UniApply.tryFire(CompletableFuture.java:646)
	at java.base/java.util.concurrent.CompletableFuture.postComplete(CompletableFuture.java:510)
	at java.base/java.util.concurrent.CompletableFuture.complete(CompletableFuture.java:2179)
	at org.apache.ratis.client.impl.OrderedAsync$PendingOrderedRequest.setReply(OrderedAsync.java:105)
	at org.apache.ratis.client.impl.OrderedAsync$PendingOrderedRequest.setReply(OrderedAsync.java:66)
	at org.apache.ratis.util.SlidingWindow$RequestMap.setReply(SlidingWindow.java:147)
	at org.apache.ratis.util.SlidingWindow$Client.receiveReply(SlidingWindow.java:351)
	at org.apache.ratis.client.impl.OrderedAsync.lambda$sendRequestWithRetry$5(OrderedAsync.java:210)
	at java.base/java.util.concurrent.CompletableFuture$UniAccept.tryFire(CompletableFuture.java:718)
	at java.base/java.util.concurrent.CompletableFuture.postComplete(CompletableFuture.java:510)
	at java.base/java.util.concurrent.CompletableFuture.complete(CompletableFuture.java:2179)
	at org.apache.ratis.grpc.client.GrpcClientProtocolClient$AsyncStreamObservers$1.lambda$onNext$0(GrpcClientProtocolClient.java:325)
	at java.base/java.util.Optional.ifPresent(Optional.java:178)
	at org.apache.ratis.grpc.client.GrpcClientProtocolClient$AsyncStreamObservers.handleReplyFuture(GrpcClientProtocolClient.java:381)
	at org.apache.ratis.grpc.client.GrpcClientProtocolClient$AsyncStreamObservers.access$100(GrpcClientProtocolClient.java:303)
	at org.apache.ratis.grpc.client.GrpcClientProtocolClient$AsyncStreamObservers$1.onNext(GrpcClientProtocolClient.java:325)
	at org.apache.ratis.grpc.client.GrpcClientProtocolClient$AsyncStreamObservers$1.onNext(GrpcClientProtocolClient.java:308)
	at org.apache.ratis.thirdparty.io.grpc.stub.ClientCalls$StreamObserverToCallListenerAdapter.onMessage(ClientCalls.java:551)
	at org.apache.ratis.thirdparty.io.grpc.ForwardingClientCallListener.onMessage(ForwardingClientCallListener.java:33)
	at org.apache.ratis.thirdparty.io.grpc.internal.DelayedClientCall$DelayedListener.onMessage(DelayedClientCall.java:473)
	at org.apache.ratis.thirdparty.io.grpc.internal.ClientCallImpl$ClientStreamListenerImpl$1MessagesAvailable.runInternal(ClientCallImpl.java:661)
	at org.apache.ratis.thirdparty.io.grpc.internal.ClientCallImpl$ClientStreamListenerImpl$1MessagesAvailable.runInContext(ClientCallImpl.java:648)
	at org.apache.ratis.thirdparty.io.grpc.internal.ContextRunnable.run(ContextRunnable.java:37)
	at org.apache.ratis.thirdparty.io.grpc.internal.SerializingExecutor.run(SerializingExecutor.java:133)
	at java.base/java.util.concurrent.ThreadPoolExecutor.runWorker(ThreadPoolExecutor.java:1144)
	at java.base/java.util.concurrent.ThreadPoolExecutor$Worker.run(ThreadPoolExecutor.java:642)
	at java.base/java.lang.Thread.run(Thread.java:1583)
Caused by: org.apache.ratis.protocol.exceptions.StateMachineException: org.apache.hadoop.hdds.scm.container.common.helpers.ContainerNotOpenException from Server e4fa6cd0-dc30-4550-b12f-023a3466045b@group-7FD69FEA80D4: Container 4 in UNHEALTHY state
	at org.apache.hadoop.ozone.container.common.impl.HddsDispatcher.validateContainerCommand(HddsDispatcher.java:580)
	at org.apache.hadoop.ozone.container.common.transport.server.ratis.ContainerStateMachine.startTransaction(ContainerStateMachine.java:488)
	at org.apache.ratis.server.impl.RaftServerImpl.writeAsyncImpl(RaftServerImpl.java:987)
	at org.apache.ratis.server.impl.RaftServerImpl.writeAsync(RaftServerImpl.java:960)
	at org.apache.ratis.server.impl.RaftServerImpl.replyFuture(RaftServerImpl.java:953)
	at org.apache.ratis.server.impl.RaftServerImpl.submitClientRequestAsync(RaftServerImpl.java:930)
	at org.apache.ratis.server.impl.RaftServerImpl.lambda$null$11(RaftServerImpl.java:919)
	at org.apache.ratis.util.JavaUtils.callAsUnchecked(JavaUtils.java:118)
	at org.apache.ratis.server.impl.RaftServerImpl.lambda$executeSubmitClientRequestAsync$12(RaftServerImpl.java:919)
	at java.base/java.util.concurrent.CompletableFuture$AsyncSupply.run(CompletableFuture.java:1768)
	... 3 more
Caused by: org.apache.hadoop.hdds.scm.container.common.helpers.ContainerNotOpenException: Container 4 in UNHEALTHY state
	at java.base/jdk.internal.reflect.DirectConstructorHandleAccessor.newInstance(DirectConstructorHandleAccessor.java:62)
	at java.base/java.lang.reflect.Constructor.newInstanceWithCaller(Constructor.java:502)
	at java.base/java.lang.reflect.Constructor.newInstance(Constructor.java:486)
	at org.apache.ratis.util.ReflectionUtils.instantiateException(ReflectionUtils.java:265)
	at org.apache.ratis.client.impl.ClientProtoUtils.toStateMachineException(ClientProtoUtils.java:455)
	at org.apache.ratis.client.impl.ClientProtoUtils.toStateMachineException(ClientProtoUtils.java:441)
	at org.apache.ratis.client.impl.ClientProtoUtils.toRaftClientReply(ClientProtoUtils.java:408)
	at org.apache.ratis.grpc.client.GrpcClientProtocolClient$AsyncStreamObservers$1.onNext(GrpcClientProtocolClient.java:313)
	at org.apache.ratis.grpc.client.GrpcClientProtocolClient$AsyncStreamObservers$1.onNext(GrpcClientProtocolClient.java:308)
	at org.apache.ratis.thirdparty.io.grpc.stub.ClientCalls$StreamObserverToCallListenerAdapter.onMessage(ClientCalls.java:551)
	at org.apache.ratis.thirdparty.io.grpc.ForwardingClientCallListener.onMessage(ForwardingClientCallListener.java:33)
	at org.apache.ratis.thirdparty.io.grpc.internal.DelayedClientCall$DelayedListener.onMessage(DelayedClientCall.java:473)
	at org.apache.ratis.thirdparty.io.grpc.internal.ClientCallImpl$ClientStreamListenerImpl$1MessagesAvailable.runInternal(ClientCallImpl.java:661)
	at org.apache.ratis.thirdparty.io.grpc.internal.ClientCallImpl$ClientStreamListenerImpl$1MessagesAvailable.runInContext(ClientCallImpl.java:648)
	at org.apache.ratis.thirdparty.io.grpc.internal.ContextRunnable.run(ContextRunnable.java:37)
	at org.apache.ratis.thirdparty.io.grpc.internal.SerializingExecutor.run(SerializingExecutor.java:133)
	... 3 more
2025-07-19T06:07:24.100293609Z e4fa6cd0-dc30-4550-b12f-023a3466045b-client-thread1 ERROR user=null | ip=null | op=WRITE_CHUNK {blockData=conID: 4 locID: 115816896921600004 bcsId: 0 replicaIndex: null, offset=0, size=5} | ret=FAILURE
org.apache.hadoop.hdds.scm.container.common.helpers.ContainerNotOpenException: Container 4 in UNHEALTHY state
	at org.apache.hadoop.ozone.container.common.impl.HddsDispatcher.validateContainerCommand(HddsDispatcher.java:580)
	at org.apache.hadoop.ozone.container.common.transport.server.ratis.ContainerStateMachine.startTransaction(ContainerStateMachine.java:488)
	at org.apache.ratis.server.impl.RaftServerImpl.writeAsyncImpl(RaftServerImpl.java:987)
	at org.apache.ratis.server.impl.RaftServerImpl.writeAsync(RaftServerImpl.java:960)
	at org.apache.ratis.server.impl.RaftServerImpl.replyFuture(RaftServerImpl.java:953)
	at org.apache.ratis.server.impl.RaftServerImpl.submitClientRequestAsync(RaftServerImpl.java:930)
	at org.apache.ratis.server.impl.RaftServerImpl.lambda$null$11(RaftServerImpl.java:919)
	at org.apache.ratis.util.JavaUtils.callAsUnchecked(JavaUtils.java:118)
	at org.apache.ratis.server.impl.RaftServerImpl.lambda$executeSubmitClientRequestAsync$12(RaftServerImpl.java:919)
	at java.base/java.util.concurrent.CompletableFuture$AsyncSupply.run(CompletableFuture.java:1768)
	at java.base/java.util.concurrent.ThreadPoolExecutor.runWorker(ThreadPoolExecutor.java:1144)
	at java.base/java.util.concurrent.ThreadPoolExecutor$Worker.run(ThreadPoolExecutor.java:642)
	at java.base/java.lang.Thread.run(Thread.java:1583)
2025-07-19 06:07:24,099 [grpc-default-executor-2] ERROR impl.OrderedAsync (OrderedAsync.java:lambda$send$4(181)) - Failed to send request, message=cmdType: WriteChunk
traceID: ""
containerID: 4
datanodeUuid: "e4fa6cd0-dc30-4550-b12f-023a3466045b"
writeChunk {
  blockID {
    containerID: 4
    localID: 115816896921600004
    blockCommitSequenceId: 0
  }
  chunkData {
    chunkName: "115816896921600004.data.0"
    offset: 0
    len: 5
    checksumData {
      type: CRC32
      bytesPerChecksum: 1048576
      checksums: "\035g!,"
    }
  }
}
version: 3
, data.size=5
java.util.concurrent.CompletionException: org.apache.ratis.protocol.exceptions.StateMachineException: org.apache.hadoop.hdds.scm.container.common.helpers.ContainerNotOpenException from Server e4fa6cd0-dc30-4550-b12f-023a3466045b@group-7FD69FEA80D4: Container 4 in UNHEALTHY state
	at org.apache.ratis.client.impl.RaftClientImpl.handleRaftException(RaftClientImpl.java:373)
	at org.apache.ratis.client.impl.OrderedAsync.lambda$send$3(OrderedAsync.java:175)
	at java.base/java.util.concurrent.CompletableFuture$UniApply.tryFire(CompletableFuture.java:646)
	at java.base/java.util.concurrent.CompletableFuture.postComplete(CompletableFuture.java:510)
	at java.base/java.util.concurrent.CompletableFuture.complete(CompletableFuture.java:2179)
	at org.apache.ratis.client.impl.OrderedAsync$PendingOrderedRequest.setReply(OrderedAsync.java:105)
	at org.apache.ratis.client.impl.OrderedAsync$PendingOrderedRequest.setReply(OrderedAsync.java:66)
	at org.apache.ratis.util.SlidingWindow$RequestMap.setReply(SlidingWindow.java:147)
	at org.apache.ratis.util.SlidingWindow$Client.receiveReply(SlidingWindow.java:351)
	at org.apache.ratis.client.impl.OrderedAsync.lambda$sendRequestWithRetry$5(OrderedAsync.java:210)
	at java.base/java.util.concurrent.CompletableFuture$UniAccept.tryFire(CompletableFuture.java:718)
	at java.base/java.util.concurrent.CompletableFuture.postComplete(CompletableFuture.java:510)
	at java.base/java.util.concurrent.CompletableFuture.complete(CompletableFuture.java:2179)
	at org.apache.ratis.grpc.client.GrpcClientProtocolClient$AsyncStreamObservers$1.lambda$onNext$0(GrpcClientProtocolClient.java:325)
	at java.base/java.util.Optional.ifPresent(Optional.java:178)
	at org.apache.ratis.grpc.client.GrpcClientProtocolClient$AsyncStreamObservers.handleReplyFuture(GrpcClientProtocolClient.java:381)
	at org.apache.ratis.grpc.client.GrpcClientProtocolClient$AsyncStreamObservers.access$100(GrpcClientProtocolClient.java:303)
	at org.apache.ratis.grpc.client.GrpcClientProtocolClient$AsyncStreamObservers$1.onNext(GrpcClientProtocolClient.java:325)
	at org.apache.ratis.grpc.client.GrpcClientProtocolClient$AsyncStreamObservers$1.onNext(GrpcClientProtocolClient.java:308)
	at org.apache.ratis.thirdparty.io.grpc.stub.ClientCalls$StreamObserverToCallListenerAdapter.onMessage(ClientCalls.java:551)
	at org.apache.ratis.thirdparty.io.grpc.ForwardingClientCallListener.onMessage(ForwardingClientCallListener.java:33)
	at org.apache.ratis.thirdparty.io.grpc.internal.DelayedClientCall$DelayedListener.onMessage(DelayedClientCall.java:473)
	at org.apache.ratis.thirdparty.io.grpc.internal.ClientCallImpl$ClientStreamListenerImpl$1MessagesAvailable.runInternal(ClientCallImpl.java:661)
	at org.apache.ratis.thirdparty.io.grpc.internal.ClientCallImpl$ClientStreamListenerImpl$1MessagesAvailable.runInContext(ClientCallImpl.java:648)
	at org.apache.ratis.thirdparty.io.grpc.internal.ContextRunnable.run(ContextRunnable.java:37)
	at org.apache.ratis.thirdparty.io.grpc.internal.SerializingExecutor.run(SerializingExecutor.java:133)
	at java.base/java.util.concurrent.ThreadPoolExecutor.runWorker(ThreadPoolExecutor.java:1144)
	at java.base/java.util.concurrent.ThreadPoolExecutor$Worker.run(ThreadPoolExecutor.java:642)
	at java.base/java.lang.Thread.run(Thread.java:1583)
Caused by: org.apache.ratis.protocol.exceptions.StateMachineException: org.apache.hadoop.hdds.scm.container.common.helpers.ContainerNotOpenException from Server e4fa6cd0-dc30-4550-b12f-023a3466045b@group-7FD69FEA80D4: Container 4 in UNHEALTHY state
	at org.apache.hadoop.ozone.container.common.impl.HddsDispatcher.validateContainerCommand(HddsDispatcher.java:580)
	at org.apache.hadoop.ozone.container.common.transport.server.ratis.ContainerStateMachine.startTransaction(ContainerStateMachine.java:488)
	at org.apache.ratis.server.impl.RaftServerImpl.writeAsyncImpl(RaftServerImpl.java:987)
	at org.apache.ratis.server.impl.RaftServerImpl.writeAsync(RaftServerImpl.java:960)
	at org.apache.ratis.server.impl.RaftServerImpl.replyFuture(RaftServerImpl.java:953)
	at org.apache.ratis.server.impl.RaftServerImpl.submitClientRequestAsync(RaftServerImpl.java:930)
	at org.apache.ratis.server.impl.RaftServerImpl.lambda$null$11(RaftServerImpl.java:919)
	at org.apache.ratis.util.JavaUtils.callAsUnchecked(JavaUtils.java:118)
	at org.apache.ratis.server.impl.RaftServerImpl.lambda$executeSubmitClientRequestAsync$12(RaftServerImpl.java:919)
	at java.base/java.util.concurrent.CompletableFuture$AsyncSupply.run(CompletableFuture.java:1768)
	... 3 more
Caused by: org.apache.hadoop.hdds.scm.container.common.helpers.ContainerNotOpenException: Container 4 in UNHEALTHY state
	at java.base/jdk.internal.reflect.DirectConstructorHandleAccessor.newInstance(DirectConstructorHandleAccessor.java:62)
	at java.base/java.lang.reflect.Constructor.newInstanceWithCaller(Constructor.java:502)
	at java.base/java.lang.reflect.Constructor.newInstance(Constructor.java:486)
	at org.apache.ratis.util.ReflectionUtils.instantiateException(ReflectionUtils.java:265)
	at org.apache.ratis.client.impl.ClientProtoUtils.toStateMachineException(ClientProtoUtils.java:455)
	at org.apache.ratis.client.impl.ClientProtoUtils.toStateMachineException(ClientProtoUtils.java:441)
	at org.apache.ratis.client.impl.ClientProtoUtils.toRaftClientReply(ClientProtoUtils.java:408)
	at org.apache.ratis.grpc.client.GrpcClientProtocolClient$AsyncStreamObservers$1.onNext(GrpcClientProtocolClient.java:313)
	at org.apache.ratis.grpc.client.GrpcClientProtocolClient$AsyncStreamObservers$1.onNext(GrpcClientProtocolClient.java:308)
	at org.apache.ratis.thirdparty.io.grpc.stub.ClientCalls$StreamObserverToCallListenerAdapter.onMessage(ClientCalls.java:551)
	at org.apache.ratis.thirdparty.io.grpc.ForwardingClientCallListener.onMessage(ForwardingClientCallListener.java:33)
	at org.apache.ratis.thirdparty.io.grpc.internal.DelayedClientCall$DelayedListener.onMessage(DelayedClientCall.java:473)
	at org.apache.ratis.thirdparty.io.grpc.internal.ClientCallImpl$ClientStreamListenerImpl$1MessagesAvailable.runInternal(ClientCallImpl.java:661)
	at org.apache.ratis.thirdparty.io.grpc.internal.ClientCallImpl$ClientStreamListenerImpl$1MessagesAvailable.runInContext(ClientCallImpl.java:648)
	at org.apache.ratis.thirdparty.io.grpc.internal.ContextRunnable.run(ContextRunnable.java:37)
	at org.apache.ratis.thirdparty.io.grpc.internal.SerializingExecutor.run(SerializingExecutor.java:133)
	... 3 more
2025-07-19T06:07:24.101426579Z e4fa6cd0-dc30-4550-b12f-023a3466045b-client-thread1 ERROR user=null | ip=null | op=WRITE_CHUNK {blockData=conID: 4 locID: 115816896921600004 bcsId: 0 replicaIndex: null, offset=0, size=5} | ret=FAILURE
org.apache.hadoop.hdds.scm.container.common.helpers.ContainerNotOpenException: Container 4 in UNHEALTHY state
	at org.apache.hadoop.ozone.container.common.impl.HddsDispatcher.validateContainerCommand(HddsDispatcher.java:580)
	at org.apache.hadoop.ozone.container.common.transport.server.ratis.ContainerStateMachine.startTransaction(ContainerStateMachine.java:488)
	at org.apache.ratis.server.impl.RaftServerImpl.writeAsyncImpl(RaftServerImpl.java:987)
	at org.apache.ratis.server.impl.RaftServerImpl.writeAsync(RaftServerImpl.java:960)
	at org.apache.ratis.server.impl.RaftServerImpl.replyFuture(RaftServerImpl.java:953)
	at org.apache.ratis.server.impl.RaftServerImpl.submitClientRequestAsync(RaftServerImpl.java:930)
	at org.apache.ratis.server.impl.RaftServerImpl.lambda$null$11(RaftServerImpl.java:919)
	at org.apache.ratis.util.JavaUtils.callAsUnchecked(JavaUtils.java:118)
	at org.apache.ratis.server.impl.RaftServerImpl.lambda$executeSubmitClientRequestAsync$12(RaftServerImpl.java:919)
	at java.base/java.util.concurrent.CompletableFuture$AsyncSupply.run(CompletableFuture.java:1768)
	at java.base/java.util.concurrent.ThreadPoolExecutor.runWorker(ThreadPoolExecutor.java:1144)
	at java.base/java.util.concurrent.ThreadPoolExecutor$Worker.run(ThreadPoolExecutor.java:642)
	at java.base/java.lang.Thread.run(Thread.java:1583)
2025-07-19 06:07:24,102 [grpc-default-executor-2] ERROR impl.OrderedAsync (OrderedAsync.java:lambda$send$4(181)) - Failed to send request, message=cmdType: WriteChunk
traceID: ""
containerID: 4
datanodeUuid: "e4fa6cd0-dc30-4550-b12f-023a3466045b"
writeChunk {
  blockID {
    containerID: 4
    localID: 115816896921600004
    blockCommitSequenceId: 0
  }
  chunkData {
    chunkName: "115816896921600004.data.0"
    offset: 0
    len: 5
    checksumData {
      type: CRC32
      bytesPerChecksum: 1048576
      checksums: "QM:\300"
    }
  }
}
version: 3
, data.size=5
java.util.concurrent.CompletionException: org.apache.ratis.protocol.exceptions.StateMachineException: org.apache.hadoop.hdds.scm.container.common.helpers.ContainerNotOpenException from Server e4fa6cd0-dc30-4550-b12f-023a3466045b@group-7FD69FEA80D4: Container 4 in UNHEALTHY state
	at org.apache.ratis.client.impl.RaftClientImpl.handleRaftException(RaftClientImpl.java:373)
	at org.apache.ratis.client.impl.OrderedAsync.lambda$send$3(OrderedAsync.java:175)
	at java.base/java.util.concurrent.CompletableFuture$UniApply.tryFire(CompletableFuture.java:646)
	at java.base/java.util.concurrent.CompletableFuture.postComplete(CompletableFuture.java:510)
	at java.base/java.util.concurrent.CompletableFuture.complete(CompletableFuture.java:2179)
	at org.apache.ratis.client.impl.OrderedAsync$PendingOrderedRequest.setReply(OrderedAsync.java:105)
	at org.apache.ratis.client.impl.OrderedAsync$PendingOrderedRequest.setReply(OrderedAsync.java:66)
	at org.apache.ratis.util.SlidingWindow$RequestMap.setReply(SlidingWindow.java:147)
	at org.apache.ratis.util.SlidingWindow$Client.receiveReply(SlidingWindow.java:351)
	at org.apache.ratis.client.impl.OrderedAsync.lambda$sendRequestWithRetry$5(OrderedAsync.java:210)
	at java.base/java.util.concurrent.CompletableFuture$UniAccept.tryFire(CompletableFuture.java:718)
	at java.base/java.util.concurrent.CompletableFuture.postComplete(CompletableFuture.java:510)
	at java.base/java.util.concurrent.CompletableFuture.complete(CompletableFuture.java:2179)
	at org.apache.ratis.grpc.client.GrpcClientProtocolClient$AsyncStreamObservers$1.lambda$onNext$0(GrpcClientProtocolClient.java:325)
	at java.base/java.util.Optional.ifPresent(Optional.java:178)
	at org.apache.ratis.grpc.client.GrpcClientProtocolClient$AsyncStreamObservers.handleReplyFuture(GrpcClientProtocolClient.java:381)
	at org.apache.ratis.grpc.client.GrpcClientProtocolClient$AsyncStreamObservers.access$100(GrpcClientProtocolClient.java:303)
	at org.apache.ratis.grpc.client.GrpcClientProtocolClient$AsyncStreamObservers$1.onNext(GrpcClientProtocolClient.java:325)
	at org.apache.ratis.grpc.client.GrpcClientProtocolClient$AsyncStreamObservers$1.onNext(GrpcClientProtocolClient.java:308)
	at org.apache.ratis.thirdparty.io.grpc.stub.ClientCalls$StreamObserverToCallListenerAdapter.onMessage(ClientCalls.java:551)
	at org.apache.ratis.thirdparty.io.grpc.ForwardingClientCallListener.onMessage(ForwardingClientCallListener.java:33)
	at org.apache.ratis.thirdparty.io.grpc.internal.DelayedClientCall$DelayedListener.onMessage(DelayedClientCall.java:473)
	at org.apache.ratis.thirdparty.io.grpc.internal.ClientCallImpl$ClientStreamListenerImpl$1MessagesAvailable.runInternal(ClientCallImpl.java:661)
	at org.apache.ratis.thirdparty.io.grpc.internal.ClientCallImpl$ClientStreamListenerImpl$1MessagesAvailable.runInContext(ClientCallImpl.java:648)
	at org.apache.ratis.thirdparty.io.grpc.internal.ContextRunnable.run(ContextRunnable.java:37)
	at org.apache.ratis.thirdparty.io.grpc.internal.SerializingExecutor.run(SerializingExecutor.java:133)
	at java.base/java.util.concurrent.ThreadPoolExecutor.runWorker(ThreadPoolExecutor.java:1144)
	at java.base/java.util.concurrent.ThreadPoolExecutor$Worker.run(ThreadPoolExecutor.java:642)
	at java.base/java.lang.Thread.run(Thread.java:1583)
Caused by: org.apache.ratis.protocol.exceptions.StateMachineException: org.apache.hadoop.hdds.scm.container.common.helpers.ContainerNotOpenException from Server e4fa6cd0-dc30-4550-b12f-023a3466045b@group-7FD69FEA80D4: Container 4 in UNHEALTHY state
	at org.apache.hadoop.ozone.container.common.impl.HddsDispatcher.validateContainerCommand(HddsDispatcher.java:580)
	at org.apache.hadoop.ozone.container.common.transport.server.ratis.ContainerStateMachine.startTransaction(ContainerStateMachine.java:488)
	at org.apache.ratis.server.impl.RaftServerImpl.writeAsyncImpl(RaftServerImpl.java:987)
	at org.apache.ratis.server.impl.RaftServerImpl.writeAsync(RaftServerImpl.java:960)
	at org.apache.ratis.server.impl.RaftServerImpl.replyFuture(RaftServerImpl.java:953)
	at org.apache.ratis.server.impl.RaftServerImpl.submitClientRequestAsync(RaftServerImpl.java:930)
	at org.apache.ratis.server.impl.RaftServerImpl.lambda$null$11(RaftServerImpl.java:919)
	at org.apache.ratis.util.JavaUtils.callAsUnchecked(JavaUtils.java:118)
	at org.apache.ratis.server.impl.RaftServerImpl.lambda$executeSubmitClientRequestAsync$12(RaftServerImpl.java:919)
	at java.base/java.util.concurrent.CompletableFuture$AsyncSupply.run(CompletableFuture.java:1768)
	... 3 more
Caused by: org.apache.hadoop.hdds.scm.container.common.helpers.ContainerNotOpenException: Container 4 in UNHEALTHY state
	at java.base/jdk.internal.reflect.DirectConstructorHandleAccessor.newInstance(DirectConstructorHandleAccessor.java:62)
	at java.base/java.lang.reflect.Constructor.newInstanceWithCaller(Constructor.java:502)
	at java.base/java.lang.reflect.Constructor.newInstance(Constructor.java:486)
	at org.apache.ratis.util.ReflectionUtils.instantiateException(ReflectionUtils.java:265)
	at org.apache.ratis.client.impl.ClientProtoUtils.toStateMachineException(ClientProtoUtils.java:455)
	at org.apache.ratis.client.impl.ClientProtoUtils.toStateMachineException(ClientProtoUtils.java:441)
	at org.apache.ratis.client.impl.ClientProtoUtils.toRaftClientReply(ClientProtoUtils.java:408)
	at org.apache.ratis.grpc.client.GrpcClientProtocolClient$AsyncStreamObservers$1.onNext(GrpcClientProtocolClient.java:313)
	at org.apache.ratis.grpc.client.GrpcClientProtocolClient$AsyncStreamObservers$1.onNext(GrpcClientProtocolClient.java:308)
	at org.apache.ratis.thirdparty.io.grpc.stub.ClientCalls$StreamObserverToCallListenerAdapter.onMessage(ClientCalls.java:551)
	at org.apache.ratis.thirdparty.io.grpc.ForwardingClientCallListener.onMessage(ForwardingClientCallListener.java:33)
	at org.apache.ratis.thirdparty.io.grpc.internal.DelayedClientCall$DelayedListener.onMessage(DelayedClientCall.java:473)
	at org.apache.ratis.thirdparty.io.grpc.internal.ClientCallImpl$ClientStreamListenerImpl$1MessagesAvailable.runInternal(ClientCallImpl.java:661)
	at org.apache.ratis.thirdparty.io.grpc.internal.ClientCallImpl$ClientStreamListenerImpl$1MessagesAvailable.runInContext(ClientCallImpl.java:648)
	at org.apache.ratis.thirdparty.io.grpc.internal.ContextRunnable.run(ContextRunnable.java:37)
	at org.apache.ratis.thirdparty.io.grpc.internal.SerializingExecutor.run(SerializingExecutor.java:133)
	... 3 more
2025-07-19T06:07:24.103984663Z e4fa6cd0-dc30-4550-b12f-023a3466045b-client-thread1 ERROR user=null | ip=null | op=WRITE_CHUNK {blockData=conID: 4 locID: 115816896921600004 bcsId: 0 replicaIndex: null, offset=0, size=5} | ret=FAILURE
org.apache.hadoop.hdds.scm.container.common.helpers.ContainerNotOpenException: Container 4 in UNHEALTHY state
	at org.apache.hadoop.ozone.container.common.impl.HddsDispatcher.validateContainerCommand(HddsDispatcher.java:580)
	at org.apache.hadoop.ozone.container.common.transport.server.ratis.ContainerStateMachine.startTransaction(ContainerStateMachine.java:488)
	at org.apache.ratis.server.impl.RaftServerImpl.writeAsyncImpl(RaftServerImpl.java:987)
	at org.apache.ratis.server.impl.RaftServerImpl.writeAsync(RaftServerImpl.java:960)
	at org.apache.ratis.server.impl.RaftServerImpl.replyFuture(RaftServerImpl.java:953)
	at org.apache.ratis.server.impl.RaftServerImpl.submitClientRequestAsync(RaftServerImpl.java:930)
	at org.apache.ratis.server.impl.RaftServerImpl.lambda$null$11(RaftServerImpl.java:919)
	at org.apache.ratis.util.JavaUtils.callAsUnchecked(JavaUtils.java:118)
	at org.apache.ratis.server.impl.RaftServerImpl.lambda$executeSubmitClientRequestAsync$12(RaftServerImpl.java:919)
	at java.base/java.util.concurrent.CompletableFuture$AsyncSupply.run(CompletableFuture.java:1768)
	at java.base/java.util.concurrent.ThreadPoolExecutor.runWorker(ThreadPoolExecutor.java:1144)
	at java.base/java.util.concurrent.ThreadPoolExecutor$Worker.run(ThreadPoolExecutor.java:642)
	at java.base/java.lang.Thread.run(Thread.java:1583)
2025-07-19 06:07:24,104 [grpc-default-executor-2] ERROR impl.OrderedAsync (OrderedAsync.java:lambda$send$4(181)) - Failed to send request, message=cmdType: WriteChunk
traceID: ""
containerID: 4
datanodeUuid: "e4fa6cd0-dc30-4550-b12f-023a3466045b"
writeChunk {
  blockID {
    containerID: 4
    localID: 115816896921600004
    blockCommitSequenceId: 0
  }
  chunkData {
    chunkName: "115816896921600004.data.0"
    offset: 0
    len: 5
    checksumData {
      type: CRC32
      bytesPerChecksum: 1048576
      checksums: "\nB\215X"
    }
  }
}
version: 3
, data.size=5
java.util.concurrent.CompletionException: org.apache.ratis.protocol.exceptions.StateMachineException: org.apache.hadoop.hdds.scm.container.common.helpers.ContainerNotOpenException from Server e4fa6cd0-dc30-4550-b12f-023a3466045b@group-7FD69FEA80D4: Container 4 in UNHEALTHY state
	at org.apache.ratis.client.impl.RaftClientImpl.handleRaftException(RaftClientImpl.java:373)
	at org.apache.ratis.client.impl.OrderedAsync.lambda$send$3(OrderedAsync.java:175)
	at java.base/java.util.concurrent.CompletableFuture$UniApply.tryFire(CompletableFuture.java:646)
	at java.base/java.util.concurrent.CompletableFuture.postComplete(CompletableFuture.java:510)
	at java.base/java.util.concurrent.CompletableFuture.complete(CompletableFuture.java:2179)
	at org.apache.ratis.client.impl.OrderedAsync$PendingOrderedRequest.setReply(OrderedAsync.java:105)
	at org.apache.ratis.client.impl.OrderedAsync$PendingOrderedRequest.setReply(OrderedAsync.java:66)
	at org.apache.ratis.util.SlidingWindow$RequestMap.setReply(SlidingWindow.java:147)
	at org.apache.ratis.util.SlidingWindow$Client.receiveReply(SlidingWindow.java:351)
	at org.apache.ratis.client.impl.OrderedAsync.lambda$sendRequestWithRetry$5(OrderedAsync.java:210)
	at java.base/java.util.concurrent.CompletableFuture$UniAccept.tryFire(CompletableFuture.java:718)
	at java.base/java.util.concurrent.CompletableFuture.postComplete(CompletableFuture.java:510)
	at java.base/java.util.concurrent.CompletableFuture.complete(CompletableFuture.java:2179)
	at org.apache.ratis.grpc.client.GrpcClientProtocolClient$AsyncStreamObservers$1.lambda$onNext$0(GrpcClientProtocolClient.java:325)
	at java.base/java.util.Optional.ifPresent(Optional.java:178)
	at org.apache.ratis.grpc.client.GrpcClientProtocolClient$AsyncStreamObservers.handleReplyFuture(GrpcClientProtocolClient.java:381)
	at org.apache.ratis.grpc.client.GrpcClientProtocolClient$AsyncStreamObservers.access$100(GrpcClientProtocolClient.java:303)
	at org.apache.ratis.grpc.client.GrpcClientProtocolClient$AsyncStreamObservers$1.onNext(GrpcClientProtocolClient.java:325)
	at org.apache.ratis.grpc.client.GrpcClientProtocolClient$AsyncStreamObservers$1.onNext(GrpcClientProtocolClient.java:308)
	at org.apache.ratis.thirdparty.io.grpc.stub.ClientCalls$StreamObserverToCallListenerAdapter.onMessage(ClientCalls.java:551)
	at org.apache.ratis.thirdparty.io.grpc.ForwardingClientCallListener.onMessage(ForwardingClientCallListener.java:33)
	at org.apache.ratis.thirdparty.io.grpc.internal.DelayedClientCall$DelayedListener.onMessage(DelayedClientCall.java:473)
	at org.apache.ratis.thirdparty.io.grpc.internal.ClientCallImpl$ClientStreamListenerImpl$1MessagesAvailable.runInternal(ClientCallImpl.java:661)
	at org.apache.ratis.thirdparty.io.grpc.internal.ClientCallImpl$ClientStreamListenerImpl$1MessagesAvailable.runInContext(ClientCallImpl.java:648)
	at org.apache.ratis.thirdparty.io.grpc.internal.ContextRunnable.run(ContextRunnable.java:37)
	at org.apache.ratis.thirdparty.io.grpc.internal.SerializingExecutor.run(SerializingExecutor.java:133)
	at java.base/java.util.concurrent.ThreadPoolExecutor.runWorker(ThreadPoolExecutor.java:1144)
	at java.base/java.util.concurrent.ThreadPoolExecutor$Worker.run(ThreadPoolExecutor.java:642)
	at java.base/java.lang.Thread.run(Thread.java:1583)
Caused by: org.apache.ratis.protocol.exceptions.StateMachineException: org.apache.hadoop.hdds.scm.container.common.helpers.ContainerNotOpenException from Server e4fa6cd0-dc30-4550-b12f-023a3466045b@group-7FD69FEA80D4: Container 4 in UNHEALTHY state
	at org.apache.hadoop.ozone.container.common.impl.HddsDispatcher.validateContainerCommand(HddsDispatcher.java:580)
	at org.apache.hadoop.ozone.container.common.transport.server.ratis.ContainerStateMachine.startTransaction(ContainerStateMachine.java:488)
	at org.apache.ratis.server.impl.RaftServerImpl.writeAsyncImpl(RaftServerImpl.java:987)
	at org.apache.ratis.server.impl.RaftServerImpl.writeAsync(RaftServerImpl.java:960)
	at org.apache.ratis.server.impl.RaftServerImpl.replyFuture(RaftServerImpl.java:953)
	at org.apache.ratis.server.impl.RaftServerImpl.submitClientRequestAsync(RaftServerImpl.java:930)
	at org.apache.ratis.server.impl.RaftServerImpl.lambda$null$11(RaftServerImpl.java:919)
	at org.apache.ratis.util.JavaUtils.callAsUnchecked(JavaUtils.java:118)
	at org.apache.ratis.server.impl.RaftServerImpl.lambda$executeSubmitClientRequestAsync$12(RaftServerImpl.java:919)
	at java.base/java.util.concurrent.CompletableFuture$AsyncSupply.run(CompletableFuture.java:1768)
	... 3 more
Caused by: org.apache.hadoop.hdds.scm.container.common.helpers.ContainerNotOpenException: Container 4 in UNHEALTHY state
	at java.base/jdk.internal.reflect.DirectConstructorHandleAccessor.newInstance(DirectConstructorHandleAccessor.java:62)
	at java.base/java.lang.reflect.Constructor.newInstanceWithCaller(Constructor.java:502)
	at java.base/java.lang.reflect.Constructor.newInstance(Constructor.java:486)
	at org.apache.ratis.util.ReflectionUtils.instantiateException(ReflectionUtils.java:265)
	at org.apache.ratis.client.impl.ClientProtoUtils.toStateMachineException(ClientProtoUtils.java:455)
	at org.apache.ratis.client.impl.ClientProtoUtils.toStateMachineException(ClientProtoUtils.java:441)
	at org.apache.ratis.client.impl.ClientProtoUtils.toRaftClientReply(ClientProtoUtils.java:408)
	at org.apache.ratis.grpc.client.GrpcClientProtocolClient$AsyncStreamObservers$1.onNext(GrpcClientProtocolClient.java:313)
	at org.apache.ratis.grpc.client.GrpcClientProtocolClient$AsyncStreamObservers$1.onNext(GrpcClientProtocolClient.java:308)
	at org.apache.ratis.thirdparty.io.grpc.stub.ClientCalls$StreamObserverToCallListenerAdapter.onMessage(ClientCalls.java:551)
	at org.apache.ratis.thirdparty.io.grpc.ForwardingClientCallListener.onMessage(ForwardingClientCallListener.java:33)
	at org.apache.ratis.thirdparty.io.grpc.internal.DelayedClientCall$DelayedListener.onMessage(DelayedClientCall.java:473)
	at org.apache.ratis.thirdparty.io.grpc.internal.ClientCallImpl$ClientStreamListenerImpl$1MessagesAvailable.runInternal(ClientCallImpl.java:661)
	at org.apache.ratis.thirdparty.io.grpc.internal.ClientCallImpl$ClientStreamListenerImpl$1MessagesAvailable.runInContext(ClientCallImpl.java:648)
	at org.apache.ratis.thirdparty.io.grpc.internal.ContextRunnable.run(ContextRunnable.java:37)
	at org.apache.ratis.thirdparty.io.grpc.internal.SerializingExecutor.run(SerializingExecutor.java:133)
	... 3 more
2025-07-19 06:07:24,105 [grpc-default-executor-2] ERROR impl.OrderedAsync (OrderedAsync.java:lambda$send$4(181)) - Failed to send request, message=cmdType: WriteChunk
traceID: ""
containerID: 4
datanodeUuid: "e4fa6cd0-dc30-4550-b12f-023a3466045b"
writeChunk {
  blockID {
    containerID: 4
    localID: 115816896921600004
    blockCommitSequenceId: 0
  }
  chunkData {
    chunkName: "115816896921600004.data.0"
    offset: 0
    len: 5
    checksumData {
      type: CRC32
      bytesPerChecksum: 1048576
      checksums: "{\270\322\236"
    }
  }
}
version: 3
, data.size=5
java.util.concurrent.CompletionException: org.apache.ratis.protocol.exceptions.StateMachineException: org.apache.hadoop.hdds.scm.container.common.helpers.ContainerNotOpenException from Server e4fa6cd0-dc30-4550-b12f-023a3466045b@group-7FD69FEA80D4: Container 4 in UNHEALTHY state
	at org.apache.ratis.client.impl.RaftClientImpl.handleRaftException(RaftClientImpl.java:373)
	at org.apache.ratis.client.impl.OrderedAsync.lambda$send$3(OrderedAsync.java:175)
	at java.base/java.util.concurrent.CompletableFuture$UniApply.tryFire(CompletableFuture.java:646)
	at java.base/java.util.concurrent.CompletableFuture.postComplete(CompletableFuture.java:510)
	at java.base/java.util.concurrent.CompletableFuture.complete(CompletableFuture.java:2179)
	at org.apache.ratis.client.impl.OrderedAsync$PendingOrderedRequest.setReply(OrderedAsync.java:105)
	at org.apache.ratis.client.impl.OrderedAsync$PendingOrderedRequest.setReply(OrderedAsync.java:66)
	at org.apache.ratis.util.SlidingWindow$RequestMap.setReply(SlidingWindow.java:147)
	at org.apache.ratis.util.SlidingWindow$Client.receiveReply(SlidingWindow.java:351)
	at org.apache.ratis.client.impl.OrderedAsync.lambda$sendRequestWithRetry$5(OrderedAsync.java:210)
	at java.base/java.util.concurrent.CompletableFuture$UniAccept.tryFire(CompletableFuture.java:718)
	at java.base/java.util.concurrent.CompletableFuture.postComplete(CompletableFuture.java:510)
	at java.base/java.util.concurrent.CompletableFuture.complete(CompletableFuture.java:2179)
	at org.apache.ratis.grpc.client.GrpcClientProtocolClient$AsyncStreamObservers$1.lambda$onNext$0(GrpcClientProtocolClient.java:325)
	at java.base/java.util.Optional.ifPresent(Optional.java:178)
	at org.apache.ratis.grpc.client.GrpcClientProtocolClient$AsyncStreamObservers.handleReplyFuture(GrpcClientProtocolClient.java:381)
	at org.apache.ratis.grpc.client.GrpcClientProtocolClient$AsyncStreamObservers.access$100(GrpcClientProtocolClient.java:303)
	at org.apache.ratis.grpc.client.GrpcClientProtocolClient$AsyncStreamObservers$1.onNext(GrpcClientProtocolClient.java:325)
	at org.apache.ratis.grpc.client.GrpcClientProtocolClient$AsyncStreamObservers$1.onNext(GrpcClientProtocolClient.java:308)
	at org.apache.ratis.thirdparty.io.grpc.stub.ClientCalls$StreamObserverToCallListenerAdapter.onMessage(ClientCalls.java:551)
	at org.apache.ratis.thirdparty.io.grpc.ForwardingClientCallListener.onMessage(ForwardingClientCallListener.java:33)
	at org.apache.ratis.thirdparty.io.grpc.internal.DelayedClientCall$DelayedListener.onMessage(DelayedClientCall.java:473)
	at org.apache.ratis.thirdparty.io.grpc.internal.ClientCallImpl$ClientStreamListenerImpl$1MessagesAvailable.runInternal(ClientCallImpl.java:661)
	at org.apache.ratis.thirdparty.io.grpc.internal.ClientCallImpl$ClientStreamListenerImpl$1MessagesAvailable.runInContext(ClientCallImpl.java:648)
	at org.apache.ratis.thirdparty.io.grpc.internal.ContextRunnable.run(ContextRunnable.java:37)
	at org.apache.ratis.thirdparty.io.grpc.internal.SerializingExecutor.run(SerializingExecutor.java:133)
	at java.base/java.util.concurrent.ThreadPoolExecutor.runWorker(ThreadPoolExecutor.java:1144)
	at java.base/java.util.concurrent.ThreadPoolExecutor$Worker.run(ThreadPoolExecutor.java:642)
	at java.base/java.lang.Thread.run(Thread.java:1583)
Caused by: org.apache.ratis.protocol.exceptions.StateMachineException: org.apache.hadoop.hdds.scm.container.common.helpers.ContainerNotOpenException from Server e4fa6cd0-dc30-4550-b12f-023a3466045b@group-7FD69FEA80D4: Container 4 in UNHEALTHY state
	at org.apache.hadoop.ozone.container.common.impl.HddsDispatcher.validateContainerCommand(HddsDispatcher.java:580)
	at org.apache.hadoop.ozone.container.common.transport.server.ratis.ContainerStateMachine.startTransaction(ContainerStateMachine.java:488)
	at org.apache.ratis.server.impl.RaftServerImpl.writeAsyncImpl(RaftServerImpl.java:987)
	at org.apache.ratis.server.impl.RaftServerImpl.writeAsync(RaftServerImpl.java:960)
	at org.apache.ratis.server.impl.RaftServerImpl.replyFuture(RaftServerImpl.java:953)
	at org.apache.ratis.server.impl.RaftServerImpl.submitClientRequestAsync(RaftServerImpl.java:930)
	at org.apache.ratis.server.impl.RaftServerImpl.lambda$null$11(RaftServerImpl.java:919)
	at org.apache.ratis.util.JavaUtils.callAsUnchecked(JavaUtils.java:118)
	at org.apache.ratis.server.impl.RaftServerImpl.lambda$executeSubmitClientRequestAsync$12(RaftServerImpl.java:919)
	at java.base/java.util.concurrent.CompletableFuture$AsyncSupply.run(CompletableFuture.java:1768)
	... 3 more
Caused by: org.apache.hadoop.hdds.scm.container.common.helpers.ContainerNotOpenException: Container 4 in UNHEALTHY state
	at java.base/jdk.internal.reflect.DirectConstructorHandleAccessor.newInstance(DirectConstructorHandleAccessor.java:62)
	at java.base/java.lang.reflect.Constructor.newInstanceWithCaller(Constructor.java:502)
	at java.base/java.lang.reflect.Constructor.newInstance(Constructor.java:486)
	at org.apache.ratis.util.ReflectionUtils.instantiateException(ReflectionUtils.java:265)
	at org.apache.ratis.client.impl.ClientProtoUtils.toStateMachineException(ClientProtoUtils.java:455)
	at org.apache.ratis.client.impl.ClientProtoUtils.toStateMachineException(ClientProtoUtils.java:441)
	at org.apache.ratis.client.impl.ClientProtoUtils.toRaftClientReply(ClientProtoUtils.java:408)
	at org.apache.ratis.grpc.client.GrpcClientProtocolClient$AsyncStreamObservers$1.onNext(GrpcClientProtocolClient.java:313)
	at org.apache.ratis.grpc.client.GrpcClientProtocolClient$AsyncStreamObservers$1.onNext(GrpcClientProtocolClient.java:308)
	at org.apache.ratis.thirdparty.io.grpc.stub.ClientCalls$StreamObserverToCallListenerAdapter.onMessage(ClientCalls.java:551)
	at org.apache.ratis.thirdparty.io.grpc.ForwardingClientCallListener.onMessage(ForwardingClientCallListener.java:33)
	at org.apache.ratis.thirdparty.io.grpc.internal.DelayedClientCall$DelayedListener.onMessage(DelayedClientCall.java:473)
	at org.apache.ratis.thirdparty.io.grpc.internal.ClientCallImpl$ClientStreamListenerImpl$1MessagesAvailable.runInternal(ClientCallImpl.java:661)
	at org.apache.ratis.thirdparty.io.grpc.internal.ClientCallImpl$ClientStreamListenerImpl$1MessagesAvailable.runInContext(ClientCallImpl.java:648)
	at org.apache.ratis.thirdparty.io.grpc.internal.ContextRunnable.run(ContextRunnable.java:37)
	at org.apache.ratis.thirdparty.io.grpc.internal.SerializingExecutor.run(SerializingExecutor.java:133)
	... 3 more
2025-07-19T06:07:24.107104573Z e4fa6cd0-dc30-4550-b12f-023a3466045b-client-thread1 ERROR user=null | ip=null | op=WRITE_CHUNK {blockData=conID: 4 locID: 115816896921600004 bcsId: 0 replicaIndex: null, offset=0, size=5} | ret=FAILURE
org.apache.hadoop.hdds.scm.container.common.helpers.ContainerNotOpenException: Container 4 in UNHEALTHY state
	at org.apache.hadoop.ozone.container.common.impl.HddsDispatcher.validateContainerCommand(HddsDispatcher.java:580)
	at org.apache.hadoop.ozone.container.common.transport.server.ratis.ContainerStateMachine.startTransaction(ContainerStateMachine.java:488)
	at org.apache.ratis.server.impl.RaftServerImpl.writeAsyncImpl(RaftServerImpl.java:987)
	at org.apache.ratis.server.impl.RaftServerImpl.writeAsync(RaftServerImpl.java:960)
	at org.apache.ratis.server.impl.RaftServerImpl.replyFuture(RaftServerImpl.java:953)
	at org.apache.ratis.server.impl.RaftServerImpl.submitClientRequestAsync(RaftServerImpl.java:930)
	at org.apache.ratis.server.impl.RaftServerImpl.lambda$null$11(RaftServerImpl.java:919)
	at org.apache.ratis.util.JavaUtils.callAsUnchecked(JavaUtils.java:118)
	at org.apache.ratis.server.impl.RaftServerImpl.lambda$executeSubmitClientRequestAsync$12(RaftServerImpl.java:919)
	at java.base/java.util.concurrent.CompletableFuture$AsyncSupply.run(CompletableFuture.java:1768)
	at java.base/java.util.concurrent.ThreadPoolExecutor.runWorker(ThreadPoolExecutor.java:1144)
	at java.base/java.util.concurrent.ThreadPoolExecutor$Worker.run(ThreadPoolExecutor.java:642)
	at java.base/java.lang.Thread.run(Thread.java:1583)
2025-07-19 06:07:24,108 [grpc-default-executor-2] ERROR impl.OrderedAsync (OrderedAsync.java:lambda$send$4(181)) - Failed to send request, message=cmdType: WriteChunk
traceID: ""
containerID: 4
datanodeUuid: "e4fa6cd0-dc30-4550-b12f-023a3466045b"
writeChunk {
  blockID {
    containerID: 4
    localID: 115816896921600004
    blockCommitSequenceId: 0
  }
  chunkData {
    chunkName: "115816896921600004.data.0"
    offset: 0
    len: 5
    checksumData {
      type: CRC32
      bytesPerChecksum: 1048576
      checksums: "T\271\365e"
    }
  }
}
version: 3
, data.size=5
java.util.concurrent.CompletionException: org.apache.ratis.protocol.exceptions.StateMachineException: org.apache.hadoop.hdds.scm.container.common.helpers.ContainerNotOpenException from Server e4fa6cd0-dc30-4550-b12f-023a3466045b@group-7FD69FEA80D4: Container 4 in UNHEALTHY state
	at org.apache.ratis.client.impl.RaftClientImpl.handleRaftException(RaftClientImpl.java:373)
	at org.apache.ratis.client.impl.OrderedAsync.lambda$send$3(OrderedAsync.java:175)
	at java.base/java.util.concurrent.CompletableFuture$UniApply.tryFire(CompletableFuture.java:646)
	at java.base/java.util.concurrent.CompletableFuture.postComplete(CompletableFuture.java:510)
	at java.base/java.util.concurrent.CompletableFuture.complete(CompletableFuture.java:2179)
	at org.apache.ratis.client.impl.OrderedAsync$PendingOrderedRequest.setReply(OrderedAsync.java:105)
	at org.apache.ratis.client.impl.OrderedAsync$PendingOrderedRequest.setReply(OrderedAsync.java:66)
	at org.apache.ratis.util.SlidingWindow$RequestMap.setReply(SlidingWindow.java:147)
	at org.apache.ratis.util.SlidingWindow$Client.receiveReply(SlidingWindow.java:351)
	at org.apache.ratis.client.impl.OrderedAsync.lambda$sendRequestWithRetry$5(OrderedAsync.java:210)
	at java.base/java.util.concurrent.CompletableFuture$UniAccept.tryFire(CompletableFuture.java:718)
	at java.base/java.util.concurrent.CompletableFuture.postComplete(CompletableFuture.java:510)
	at java.base/java.util.concurrent.CompletableFuture.complete(CompletableFuture.java:2179)
	at org.apache.ratis.grpc.client.GrpcClientProtocolClient$AsyncStreamObservers$1.lambda$onNext$0(GrpcClientProtocolClient.java:325)
	at java.base/java.util.Optional.ifPresent(Optional.java:178)
	at org.apache.ratis.grpc.client.GrpcClientProtocolClient$AsyncStreamObservers.handleReplyFuture(GrpcClientProtocolClient.java:381)
	at org.apache.ratis.grpc.client.GrpcClientProtocolClient$AsyncStreamObservers.access$100(GrpcClientProtocolClient.java:303)
	at org.apache.ratis.grpc.client.GrpcClientProtocolClient$AsyncStreamObservers$1.onNext(GrpcClientProtocolClient.java:325)
	at org.apache.ratis.grpc.client.GrpcClientProtocolClient$AsyncStreamObservers$1.onNext(GrpcClientProtocolClient.java:308)
	at org.apache.ratis.thirdparty.io.grpc.stub.ClientCalls$StreamObserverToCallListenerAdapter.onMessage(ClientCalls.java:551)
	at org.apache.ratis.thirdparty.io.grpc.ForwardingClientCallListener.onMessage(ForwardingClientCallListener.java:33)
	at org.apache.ratis.thirdparty.io.grpc.internal.DelayedClientCall$DelayedListener.onMessage(DelayedClientCall.java:473)
	at org.apache.ratis.thirdparty.io.grpc.internal.ClientCallImpl$ClientStreamListenerImpl$1MessagesAvailable.runInternal(ClientCallImpl.java:661)
	at org.apache.ratis.thirdparty.io.grpc.internal.ClientCallImpl$ClientStreamListenerImpl$1MessagesAvailable.runInContext(ClientCallImpl.java:648)
	at org.apache.ratis.thirdparty.io.grpc.internal.ContextRunnable.run(ContextRunnable.java:37)
	at org.apache.ratis.thirdparty.io.grpc.internal.SerializingExecutor.run(SerializingExecutor.java:133)
	at java.base/java.util.concurrent.ThreadPoolExecutor.runWorker(ThreadPoolExecutor.java:1144)
	at java.base/java.util.concurrent.ThreadPoolExecutor$Worker.run(ThreadPoolExecutor.java:642)
	at java.base/java.lang.Thread.run(Thread.java:1583)
Caused by: org.apache.ratis.protocol.exceptions.StateMachineException: org.apache.hadoop.hdds.scm.container.common.helpers.ContainerNotOpenException from Server e4fa6cd0-dc30-4550-b12f-023a3466045b@group-7FD69FEA80D4: Container 4 in UNHEALTHY state
	at org.apache.hadoop.ozone.container.common.impl.HddsDispatcher.validateContainerCommand(HddsDispatcher.java:580)
	at org.apache.hadoop.ozone.container.common.transport.server.ratis.ContainerStateMachine.startTransaction(ContainerStateMachine.java:488)
	at org.apache.ratis.server.impl.RaftServerImpl.writeAsyncImpl(RaftServerImpl.java:987)
	at org.apache.ratis.server.impl.RaftServerImpl.writeAsync(RaftServerImpl.java:960)
	at org.apache.ratis.server.impl.RaftServerImpl.replyFuture(RaftServerImpl.java:953)
	at org.apache.ratis.server.impl.RaftServerImpl.submitClientRequestAsync(RaftServerImpl.java:930)
	at org.apache.ratis.server.impl.RaftServerImpl.lambda$null$11(RaftServerImpl.java:919)
	at org.apache.ratis.util.JavaUtils.callAsUnchecked(JavaUtils.java:118)
	at org.apache.ratis.server.impl.RaftServerImpl.lambda$executeSubmitClientRequestAsync$12(RaftServerImpl.java:919)
	at java.base/java.util.concurrent.CompletableFuture$AsyncSupply.run(CompletableFuture.java:1768)
	... 3 more
Caused by: org.apache.hadoop.hdds.scm.container.common.helpers.ContainerNotOpenException: Container 4 in UNHEALTHY state
	at java.base/jdk.internal.reflect.DirectConstructorHandleAccessor.newInstance(DirectConstructorHandleAccessor.java:62)
	at java.base/java.lang.reflect.Constructor.newInstanceWithCaller(Constructor.java:502)
	at java.base/java.lang.reflect.Constructor.newInstance(Constructor.java:486)
	at org.apache.ratis.util.ReflectionUtils.instantiateException(ReflectionUtils.java:265)
	at org.apache.ratis.client.impl.ClientProtoUtils.toStateMachineException(ClientProtoUtils.java:455)
	at org.apache.ratis.client.impl.ClientProtoUtils.toStateMachineException(ClientProtoUtils.java:441)
	at org.apache.ratis.client.impl.ClientProtoUtils.toRaftClientReply(ClientProtoUtils.java:408)
	at org.apache.ratis.grpc.client.GrpcClientProtocolClient$AsyncStreamObservers$1.onNext(GrpcClientProtocolClient.java:313)
	at org.apache.ratis.grpc.client.GrpcClientProtocolClient$AsyncStreamObservers$1.onNext(GrpcClientProtocolClient.java:308)
	at org.apache.ratis.thirdparty.io.grpc.stub.ClientCalls$StreamObserverToCallListenerAdapter.onMessage(ClientCalls.java:551)
	at org.apache.ratis.thirdparty.io.grpc.ForwardingClientCallListener.onMessage(ForwardingClientCallListener.java:33)
	at org.apache.ratis.thirdparty.io.grpc.internal.DelayedClientCall$DelayedListener.onMessage(DelayedClientCall.java:473)
	at org.apache.ratis.thirdparty.io.grpc.internal.ClientCallImpl$ClientStreamListenerImpl$1MessagesAvailable.runInternal(ClientCallImpl.java:661)
	at org.apache.ratis.thirdparty.io.grpc.internal.ClientCallImpl$ClientStreamListenerImpl$1MessagesAvailable.runInContext(ClientCallImpl.java:648)
	at org.apache.ratis.thirdparty.io.grpc.internal.ContextRunnable.run(ContextRunnable.java:37)
	at org.apache.ratis.thirdparty.io.grpc.internal.SerializingExecutor.run(SerializingExecutor.java:133)
	... 3 more
2025-07-19T06:07:24.109323475Z e4fa6cd0-dc30-4550-b12f-023a3466045b-client-thread1 ERROR user=null | ip=null | op=WRITE_CHUNK {blockData=conID: 4 locID: 115816896921600004 bcsId: 0 replicaIndex: null, offset=0, size=5} | ret=FAILURE
org.apache.hadoop.hdds.scm.container.common.helpers.ContainerNotOpenException: Container 4 in UNHEALTHY state
	at org.apache.hadoop.ozone.container.common.impl.HddsDispatcher.validateContainerCommand(HddsDispatcher.java:580)
	at org.apache.hadoop.ozone.container.common.transport.server.ratis.ContainerStateMachine.startTransaction(ContainerStateMachine.java:488)
	at org.apache.ratis.server.impl.RaftServerImpl.writeAsyncImpl(RaftServerImpl.java:987)
	at org.apache.ratis.server.impl.RaftServerImpl.writeAsync(RaftServerImpl.java:960)
	at org.apache.ratis.server.impl.RaftServerImpl.replyFuture(RaftServerImpl.java:953)
	at org.apache.ratis.server.impl.RaftServerImpl.submitClientRequestAsync(RaftServerImpl.java:930)
	at org.apache.ratis.server.impl.RaftServerImpl.lambda$null$11(RaftServerImpl.java:919)
	at org.apache.ratis.util.JavaUtils.callAsUnchecked(JavaUtils.java:118)
	at org.apache.ratis.server.impl.RaftServerImpl.lambda$executeSubmitClientRequestAsync$12(RaftServerImpl.java:919)
	at java.base/java.util.concurrent.CompletableFuture$AsyncSupply.run(CompletableFuture.java:1768)
	at java.base/java.util.concurrent.ThreadPoolExecutor.runWorker(ThreadPoolExecutor.java:1144)
	at java.base/java.util.concurrent.ThreadPoolExecutor$Worker.run(ThreadPoolExecutor.java:642)
	at java.base/java.lang.Thread.run(Thread.java:1583)
2025-07-19 06:07:24,110 [grpc-default-executor-2] ERROR impl.OrderedAsync (OrderedAsync.java:lambda$send$4(181)) - Failed to send request, message=cmdType: WriteChunk
traceID: ""
containerID: 4
datanodeUuid: "e4fa6cd0-dc30-4550-b12f-023a3466045b"
writeChunk {
  blockID {
    containerID: 4
    localID: 115816896921600004
    blockCommitSequenceId: 0
  }
  chunkData {
    chunkName: "115816896921600004.data.0"
    offset: 0
    len: 5
    checksumData {
      type: CRC32
      bytesPerChecksum: 1048576
      checksums: "\235g\255r"
    }
  }
}
version: 3
, data.size=5
java.util.concurrent.CompletionException: org.apache.ratis.protocol.exceptions.StateMachineException: org.apache.hadoop.hdds.scm.container.common.helpers.ContainerNotOpenException from Server e4fa6cd0-dc30-4550-b12f-023a3466045b@group-7FD69FEA80D4: Container 4 in UNHEALTHY state
	at org.apache.ratis.client.impl.RaftClientImpl.handleRaftException(RaftClientImpl.java:373)
	at org.apache.ratis.client.impl.OrderedAsync.lambda$send$3(OrderedAsync.java:175)
	at java.base/java.util.concurrent.CompletableFuture$UniApply.tryFire(CompletableFuture.java:646)
	at java.base/java.util.concurrent.CompletableFuture.postComplete(CompletableFuture.java:510)
	at java.base/java.util.concurrent.CompletableFuture.complete(CompletableFuture.java:2179)
	at org.apache.ratis.client.impl.OrderedAsync$PendingOrderedRequest.setReply(OrderedAsync.java:105)
	at org.apache.ratis.client.impl.OrderedAsync$PendingOrderedRequest.setReply(OrderedAsync.java:66)
	at org.apache.ratis.util.SlidingWindow$RequestMap.setReply(SlidingWindow.java:147)
	at org.apache.ratis.util.SlidingWindow$Client.receiveReply(SlidingWindow.java:351)
	at org.apache.ratis.client.impl.OrderedAsync.lambda$sendRequestWithRetry$5(OrderedAsync.java:210)
	at java.base/java.util.concurrent.CompletableFuture$UniAccept.tryFire(CompletableFuture.java:718)
	at java.base/java.util.concurrent.CompletableFuture.postComplete(CompletableFuture.java:510)
	at java.base/java.util.concurrent.CompletableFuture.complete(CompletableFuture.java:2179)
	at org.apache.ratis.grpc.client.GrpcClientProtocolClient$AsyncStreamObservers$1.lambda$onNext$0(GrpcClientProtocolClient.java:325)
	at java.base/java.util.Optional.ifPresent(Optional.java:178)
	at org.apache.ratis.grpc.client.GrpcClientProtocolClient$AsyncStreamObservers.handleReplyFuture(GrpcClientProtocolClient.java:381)
	at org.apache.ratis.grpc.client.GrpcClientProtocolClient$AsyncStreamObservers.access$100(GrpcClientProtocolClient.java:303)
	at org.apache.ratis.grpc.client.GrpcClientProtocolClient$AsyncStreamObservers$1.onNext(GrpcClientProtocolClient.java:325)
	at org.apache.ratis.grpc.client.GrpcClientProtocolClient$AsyncStreamObservers$1.onNext(GrpcClientProtocolClient.java:308)
	at org.apache.ratis.thirdparty.io.grpc.stub.ClientCalls$StreamObserverToCallListenerAdapter.onMessage(ClientCalls.java:551)
	at org.apache.ratis.thirdparty.io.grpc.ForwardingClientCallListener.onMessage(ForwardingClientCallListener.java:33)
	at org.apache.ratis.thirdparty.io.grpc.internal.DelayedClientCall$DelayedListener.onMessage(DelayedClientCall.java:473)
	at org.apache.ratis.thirdparty.io.grpc.internal.ClientCallImpl$ClientStreamListenerImpl$1MessagesAvailable.runInternal(ClientCallImpl.java:661)
	at org.apache.ratis.thirdparty.io.grpc.internal.ClientCallImpl$ClientStreamListenerImpl$1MessagesAvailable.runInContext(ClientCallImpl.java:648)
	at org.apache.ratis.thirdparty.io.grpc.internal.ContextRunnable.run(ContextRunnable.java:37)
	at org.apache.ratis.thirdparty.io.grpc.internal.SerializingExecutor.run(SerializingExecutor.java:133)
	at java.base/java.util.concurrent.ThreadPoolExecutor.runWorker(ThreadPoolExecutor.java:1144)
	at java.base/java.util.concurrent.ThreadPoolExecutor$Worker.run(ThreadPoolExecutor.java:642)
	at java.base/java.lang.Thread.run(Thread.java:1583)
Caused by: org.apache.ratis.protocol.exceptions.StateMachineException: org.apache.hadoop.hdds.scm.container.common.helpers.ContainerNotOpenException from Server e4fa6cd0-dc30-4550-b12f-023a3466045b@group-7FD69FEA80D4: Container 4 in UNHEALTHY state
	at org.apache.hadoop.ozone.container.common.impl.HddsDispatcher.validateContainerCommand(HddsDispatcher.java:580)
	at org.apache.hadoop.ozone.container.common.transport.server.ratis.ContainerStateMachine.startTransaction(ContainerStateMachine.java:488)
	at org.apache.ratis.server.impl.RaftServerImpl.writeAsyncImpl(RaftServerImpl.java:987)
	at org.apache.ratis.server.impl.RaftServerImpl.writeAsync(RaftServerImpl.java:960)
	at org.apache.ratis.server.impl.RaftServerImpl.replyFuture(RaftServerImpl.java:953)
	at org.apache.ratis.server.impl.RaftServerImpl.submitClientRequestAsync(RaftServerImpl.java:930)
	at org.apache.ratis.server.impl.RaftServerImpl.lambda$null$11(RaftServerImpl.java:919)
	at org.apache.ratis.util.JavaUtils.callAsUnchecked(JavaUtils.java:118)
	at org.apache.ratis.server.impl.RaftServerImpl.lambda$executeSubmitClientRequestAsync$12(RaftServerImpl.java:919)
	at java.base/java.util.concurrent.CompletableFuture$AsyncSupply.run(CompletableFuture.java:1768)
	... 3 more
Caused by: org.apache.hadoop.hdds.scm.container.common.helpers.ContainerNotOpenException: Container 4 in UNHEALTHY state
	at java.base/jdk.internal.reflect.DirectConstructorHandleAccessor.newInstance(DirectConstructorHandleAccessor.java:62)
	at java.base/java.lang.reflect.Constructor.newInstanceWithCaller(Constructor.java:502)
	at java.base/java.lang.reflect.Constructor.newInstance(Constructor.java:486)
	at org.apache.ratis.util.ReflectionUtils.instantiateException(ReflectionUtils.java:265)
	at org.apache.ratis.client.impl.ClientProtoUtils.toStateMachineException(ClientProtoUtils.java:455)
	at org.apache.ratis.client.impl.ClientProtoUtils.toStateMachineException(ClientProtoUtils.java:441)
	at org.apache.ratis.client.impl.ClientProtoUtils.toRaftClientReply(ClientProtoUtils.java:408)
	at org.apache.ratis.grpc.client.GrpcClientProtocolClient$AsyncStreamObservers$1.onNext(GrpcClientProtocolClient.java:313)
	at org.apache.ratis.grpc.client.GrpcClientProtocolClient$AsyncStreamObservers$1.onNext(GrpcClientProtocolClient.java:308)
	at org.apache.ratis.thirdparty.io.grpc.stub.ClientCalls$StreamObserverToCallListenerAdapter.onMessage(ClientCalls.java:551)
	at org.apache.ratis.thirdparty.io.grpc.ForwardingClientCallListener.onMessage(ForwardingClientCallListener.java:33)
	at org.apache.ratis.thirdparty.io.grpc.internal.DelayedClientCall$DelayedListener.onMessage(DelayedClientCall.java:473)
	at org.apache.ratis.thirdparty.io.grpc.internal.ClientCallImpl$ClientStreamListenerImpl$1MessagesAvailable.runInternal(ClientCallImpl.java:661)
	at org.apache.ratis.thirdparty.io.grpc.internal.ClientCallImpl$ClientStreamListenerImpl$1MessagesAvailable.runInContext(ClientCallImpl.java:648)
	at org.apache.ratis.thirdparty.io.grpc.internal.ContextRunnable.run(ContextRunnable.java:37)
	at org.apache.ratis.thirdparty.io.grpc.internal.SerializingExecutor.run(SerializingExecutor.java:133)
	... 3 more
2025-07-19 06:07:24,111 [grpc-default-executor-2] ERROR impl.OrderedAsync (OrderedAsync.java:lambda$send$4(181)) - Failed to send request, message=cmdType: WriteChunk
traceID: ""
containerID: 4
datanodeUuid: "e4fa6cd0-dc30-4550-b12f-023a3466045b"
writeChunk {
  blockID {
    containerID: 4
    localID: 115816896921600004
    blockCommitSequenceId: 0
  }
  chunkData {
    chunkName: "115816896921600004.data.0"
    offset: 0
    len: 5
    checksumData {
      type: CRC32
      bytesPerChecksum: 1048576
      checksums: ";\202\2726"
    }
  }
}
version: 3
, data.size=5
java.util.concurrent.CompletionException: org.apache.ratis.protocol.exceptions.StateMachineException: org.apache.hadoop.hdds.scm.container.common.helpers.ContainerNotOpenException from Server e4fa6cd0-dc30-4550-b12f-023a3466045b@group-7FD69FEA80D4: Container 4 in UNHEALTHY state
	at org.apache.ratis.client.impl.RaftClientImpl.handleRaftException(RaftClientImpl.java:373)
	at org.apache.ratis.client.impl.OrderedAsync.lambda$send$3(OrderedAsync.java:175)
	at java.base/java.util.concurrent.CompletableFuture$UniApply.tryFire(CompletableFuture.java:646)
	at java.base/java.util.concurrent.CompletableFuture.postComplete(CompletableFuture.java:510)
	at java.base/java.util.concurrent.CompletableFuture.complete(CompletableFuture.java:2179)
	at org.apache.ratis.client.impl.OrderedAsync$PendingOrderedRequest.setReply(OrderedAsync.java:105)
	at org.apache.ratis.client.impl.OrderedAsync$PendingOrderedRequest.setReply(OrderedAsync.java:66)
	at org.apache.ratis.util.SlidingWindow$RequestMap.setReply(SlidingWindow.java:147)
	at org.apache.ratis.util.SlidingWindow$Client.receiveReply(SlidingWindow.java:351)
	at org.apache.ratis.client.impl.OrderedAsync.lambda$sendRequestWithRetry$5(OrderedAsync.java:210)
	at java.base/java.util.concurrent.CompletableFuture$UniAccept.tryFire(CompletableFuture.java:718)
	at java.base/java.util.concurrent.CompletableFuture.postComplete(CompletableFuture.java:510)
	at java.base/java.util.concurrent.CompletableFuture.complete(CompletableFuture.java:2179)
	at org.apache.ratis.grpc.client.GrpcClientProtocolClient$AsyncStreamObservers$1.lambda$onNext$0(GrpcClientProtocolClient.java:325)
	at java.base/java.util.Optional.ifPresent(Optional.java:178)
	at org.apache.ratis.grpc.client.GrpcClientProtocolClient$AsyncStreamObservers.handleReplyFuture(GrpcClientProtocolClient.java:381)
	at org.apache.ratis.grpc.client.GrpcClientProtocolClient$AsyncStreamObservers.access$100(GrpcClientProtocolClient.java:303)
	at org.apache.ratis.grpc.client.GrpcClientProtocolClient$AsyncStreamObservers$1.onNext(GrpcClientProtocolClient.java:325)
	at org.apache.ratis.grpc.client.GrpcClientProtocolClient$AsyncStreamObservers$1.onNext(GrpcClientProtocolClient.java:308)
	at org.apache.ratis.thirdparty.io.grpc.stub.ClientCalls$StreamObserverToCallListenerAdapter.onMessage(ClientCalls.java:551)
	at org.apache.ratis.thirdparty.io.grpc.ForwardingClientCallListener.onMessage(ForwardingClientCallListener.java:33)
	at org.apache.ratis.thirdparty.io.grpc.internal.DelayedClientCall$DelayedListener.onMessage(DelayedClientCall.java:473)
	at org.apache.ratis.thirdparty.io.grpc.internal.ClientCallImpl$ClientStreamListenerImpl$1MessagesAvailable.runInternal(ClientCallImpl.java:661)
	at org.apache.ratis.thirdparty.io.grpc.internal.ClientCallImpl$ClientStreamListenerImpl$1MessagesAvailable.runInContext(ClientCallImpl.java:648)
	at org.apache.ratis.thirdparty.io.grpc.internal.ContextRunnable.run(ContextRunnable.java:37)
	at org.apache.ratis.thirdparty.io.grpc.internal.SerializingExecutor.run(SerializingExecutor.java:133)
	at java.base/java.util.concurrent.ThreadPoolExecutor.runWorker(ThreadPoolExecutor.java:1144)
	at java.base/java.util.concurrent.ThreadPoolExecutor$Worker.run(ThreadPoolExecutor.java:642)
	at java.base/java.lang.Thread.run(Thread.java:1583)
Caused by: org.apache.ratis.protocol.exceptions.StateMachineException: org.apache.hadoop.hdds.scm.container.common.helpers.ContainerNotOpenException from Server e4fa6cd0-dc30-4550-b12f-023a3466045b@group-7FD69FEA80D4: Container 4 in UNHEALTHY state
	at org.apache.hadoop.ozone.container.common.impl.HddsDispatcher.validateContainerCommand(HddsDispatcher.java:580)
	at org.apache.hadoop.ozone.container.common.transport.server.ratis.ContainerStateMachine.startTransaction(ContainerStateMachine.java:488)
	at org.apache.ratis.server.impl.RaftServerImpl.writeAsyncImpl(RaftServerImpl.java:987)
	at org.apache.ratis.server.impl.RaftServerImpl.writeAsync(RaftServerImpl.java:960)
	at org.apache.ratis.server.impl.RaftServerImpl.replyFuture(RaftServerImpl.java:953)
	at org.apache.ratis.server.impl.RaftServerImpl.submitClientRequestAsync(RaftServerImpl.java:930)
	at org.apache.ratis.server.impl.RaftServerImpl.lambda$null$11(RaftServerImpl.java:919)
	at org.apache.ratis.util.JavaUtils.callAsUnchecked(JavaUtils.java:118)
	at org.apache.ratis.server.impl.RaftServerImpl.lambda$executeSubmitClientRequestAsync$12(RaftServerImpl.java:919)
	at java.base/java.util.concurrent.CompletableFuture$AsyncSupply.run(CompletableFuture.java:1768)
	... 3 more
Caused by: org.apache.hadoop.hdds.scm.container.common.helpers.ContainerNotOpenException: Container 4 in UNHEALTHY state
	at java.base/jdk.internal.reflect.DirectConstructorHandleAccessor.newInstance(DirectConstructorHandleAccessor.java:62)
	at java.base/java.lang.reflect.Constructor.newInstanceWithCaller(Constructor.java:502)
	at java.base/java.lang.reflect.Constructor.newInstance(Constructor.java:486)
	at org.apache.ratis.util.ReflectionUtils.instantiateException(ReflectionUtils.java:265)
	at org.apache.ratis.client.impl.ClientProtoUtils.toStateMachineException(ClientProtoUtils.java:455)
	at org.apache.ratis.client.impl.ClientProtoUtils.toStateMachineException(ClientProtoUtils.java:441)
	at org.apache.ratis.client.impl.ClientProtoUtils.toRaftClientReply(ClientProtoUtils.java:408)
	at org.apache.ratis.grpc.client.GrpcClientProtocolClient$AsyncStreamObservers$1.onNext(GrpcClientProtocolClient.java:313)
	at org.apache.ratis.grpc.client.GrpcClientProtocolClient$AsyncStreamObservers$1.onNext(GrpcClientProtocolClient.java:308)
	at org.apache.ratis.thirdparty.io.grpc.stub.ClientCalls$StreamObserverToCallListenerAdapter.onMessage(ClientCalls.java:551)
	at org.apache.ratis.thirdparty.io.grpc.ForwardingClientCallListener.onMessage(ForwardingClientCallListener.java:33)
	at org.apache.ratis.thirdparty.io.grpc.internal.DelayedClientCall$DelayedListener.onMessage(DelayedClientCall.java:473)
	at org.apache.ratis.thirdparty.io.grpc.internal.ClientCallImpl$ClientStreamListenerImpl$1MessagesAvailable.runInternal(ClientCallImpl.java:661)
	at org.apache.ratis.thirdparty.io.grpc.internal.ClientCallImpl$ClientStreamListenerImpl$1MessagesAvailable.runInContext(ClientCallImpl.java:648)
	at org.apache.ratis.thirdparty.io.grpc.internal.ContextRunnable.run(ContextRunnable.java:37)
	at org.apache.ratis.thirdparty.io.grpc.internal.SerializingExecutor.run(SerializingExecutor.java:133)
	... 3 more
2025-07-19T06:07:24.112308327Z e4fa6cd0-dc30-4550-b12f-023a3466045b-client-thread1 ERROR user=null | ip=null | op=WRITE_CHUNK {blockData=conID: 4 locID: 115816896921600004 bcsId: 0 replicaIndex: null, offset=0, size=5} | ret=FAILURE
org.apache.hadoop.hdds.scm.container.common.helpers.ContainerNotOpenException: Container 4 in UNHEALTHY state
	at org.apache.hadoop.ozone.container.common.impl.HddsDispatcher.validateContainerCommand(HddsDispatcher.java:580)
	at org.apache.hadoop.ozone.container.common.transport.server.ratis.ContainerStateMachine.startTransaction(ContainerStateMachine.java:488)
	at org.apache.ratis.server.impl.RaftServerImpl.writeAsyncImpl(RaftServerImpl.java:987)
	at org.apache.ratis.server.impl.RaftServerImpl.writeAsync(RaftServerImpl.java:960)
	at org.apache.ratis.server.impl.RaftServerImpl.replyFuture(RaftServerImpl.java:953)
	at org.apache.ratis.server.impl.RaftServerImpl.submitClientRequestAsync(RaftServerImpl.java:930)
	at org.apache.ratis.server.impl.RaftServerImpl.lambda$null$11(RaftServerImpl.java:919)
	at org.apache.ratis.util.JavaUtils.callAsUnchecked(JavaUtils.java:118)
	at org.apache.ratis.server.impl.RaftServerImpl.lambda$executeSubmitClientRequestAsync$12(RaftServerImpl.java:919)
	at java.base/java.util.concurrent.CompletableFuture$AsyncSupply.run(CompletableFuture.java:1768)
	at java.base/java.util.concurrent.ThreadPoolExecutor.runWorker(ThreadPoolExecutor.java:1144)
	at java.base/java.util.concurrent.ThreadPoolExecutor$Worker.run(ThreadPoolExecutor.java:642)
	at java.base/java.lang.Thread.run(Thread.java:1583)
2025-07-19 06:07:24,113 [grpc-default-executor-2] ERROR impl.OrderedAsync (OrderedAsync.java:lambda$send$4(181)) - Failed to send request, message=cmdType: WriteChunk
traceID: ""
containerID: 4
datanodeUuid: "e4fa6cd0-dc30-4550-b12f-023a3466045b"
writeChunk {
  blockID {
    containerID: 4
    localID: 115816896921600004
    blockCommitSequenceId: 0
  }
  chunkData {
    chunkName: "115816896921600004.data.0"
    offset: 0
    len: 5
    checksumData {
      type: CRC32
      bytesPerChecksum: 1048576
      checksums: "o\205\224\353"
    }
  }
}
version: 3
, data.size=5
java.util.concurrent.CompletionException: org.apache.ratis.protocol.exceptions.StateMachineException: org.apache.hadoop.hdds.scm.container.common.helpers.ContainerNotOpenException from Server e4fa6cd0-dc30-4550-b12f-023a3466045b@group-7FD69FEA80D4: Container 4 in UNHEALTHY state
	at org.apache.ratis.client.impl.RaftClientImpl.handleRaftException(RaftClientImpl.java:373)
	at org.apache.ratis.client.impl.OrderedAsync.lambda$send$3(OrderedAsync.java:175)
	at java.base/java.util.concurrent.CompletableFuture$UniApply.tryFire(CompletableFuture.java:646)
	at java.base/java.util.concurrent.CompletableFuture.postComplete(CompletableFuture.java:510)
	at java.base/java.util.concurrent.CompletableFuture.complete(CompletableFuture.java:2179)
	at org.apache.ratis.client.impl.OrderedAsync$PendingOrderedRequest.setReply(OrderedAsync.java:105)
	at org.apache.ratis.client.impl.OrderedAsync$PendingOrderedRequest.setReply(OrderedAsync.java:66)
	at org.apache.ratis.util.SlidingWindow$RequestMap.setReply(SlidingWindow.java:147)
	at org.apache.ratis.util.SlidingWindow$Client.receiveReply(SlidingWindow.java:351)
	at org.apache.ratis.client.impl.OrderedAsync.lambda$sendRequestWithRetry$5(OrderedAsync.java:210)
	at java.base/java.util.concurrent.CompletableFuture$UniAccept.tryFire(CompletableFuture.java:718)
	at java.base/java.util.concurrent.CompletableFuture.postComplete(CompletableFuture.java:510)
	at java.base/java.util.concurrent.CompletableFuture.complete(CompletableFuture.java:2179)
	at org.apache.ratis.grpc.client.GrpcClientProtocolClient$AsyncStreamObservers$1.lambda$onNext$0(GrpcClientProtocolClient.java:325)
	at java.base/java.util.Optional.ifPresent(Optional.java:178)
	at org.apache.ratis.grpc.client.GrpcClientProtocolClient$AsyncStreamObservers.handleReplyFuture(GrpcClientProtocolClient.java:381)
	at org.apache.ratis.grpc.client.GrpcClientProtocolClient$AsyncStreamObservers.access$100(GrpcClientProtocolClient.java:303)
	at org.apache.ratis.grpc.client.GrpcClientProtocolClient$AsyncStreamObservers$1.onNext(GrpcClientProtocolClient.java:325)
	at org.apache.ratis.grpc.client.GrpcClientProtocolClient$AsyncStreamObservers$1.onNext(GrpcClientProtocolClient.java:308)
	at org.apache.ratis.thirdparty.io.grpc.stub.ClientCalls$StreamObserverToCallListenerAdapter.onMessage(ClientCalls.java:551)
	at org.apache.ratis.thirdparty.io.grpc.ForwardingClientCallListener.onMessage(ForwardingClientCallListener.java:33)
	at org.apache.ratis.thirdparty.io.grpc.internal.DelayedClientCall$DelayedListener.onMessage(DelayedClientCall.java:473)
	at org.apache.ratis.thirdparty.io.grpc.internal.ClientCallImpl$ClientStreamListenerImpl$1MessagesAvailable.runInternal(ClientCallImpl.java:661)
	at org.apache.ratis.thirdparty.io.grpc.internal.ClientCallImpl$ClientStreamListenerImpl$1MessagesAvailable.runInContext(ClientCallImpl.java:648)
	at org.apache.ratis.thirdparty.io.grpc.internal.ContextRunnable.run(ContextRunnable.java:37)
	at org.apache.ratis.thirdparty.io.grpc.internal.SerializingExecutor.run(SerializingExecutor.java:133)
	at java.base/java.util.concurrent.ThreadPoolExecutor.runWorker(ThreadPoolExecutor.java:1144)
	at java.base/java.util.concurrent.ThreadPoolExecutor$Worker.run(ThreadPoolExecutor.java:642)
	at java.base/java.lang.Thread.run(Thread.java:1583)
Caused by: org.apache.ratis.protocol.exceptions.StateMachineException: org.apache.hadoop.hdds.scm.container.common.helpers.ContainerNotOpenException from Server e4fa6cd0-dc30-4550-b12f-023a3466045b@group-7FD69FEA80D4: Container 4 in UNHEALTHY state
	at org.apache.hadoop.ozone.container.common.impl.HddsDispatcher.validateContainerCommand(HddsDispatcher.java:580)
	at org.apache.hadoop.ozone.container.common.transport.server.ratis.ContainerStateMachine.startTransaction(ContainerStateMachine.java:488)
	at org.apache.ratis.server.impl.RaftServerImpl.writeAsyncImpl(RaftServerImpl.java:987)
	at org.apache.ratis.server.impl.RaftServerImpl.writeAsync(RaftServerImpl.java:960)
	at org.apache.ratis.server.impl.RaftServerImpl.replyFuture(RaftServerImpl.java:953)
	at org.apache.ratis.server.impl.RaftServerImpl.submitClientRequestAsync(RaftServerImpl.java:930)
	at org.apache.ratis.server.impl.RaftServerImpl.lambda$null$11(RaftServerImpl.java:919)
	at org.apache.ratis.util.JavaUtils.callAsUnchecked(JavaUtils.java:118)
	at org.apache.ratis.server.impl.RaftServerImpl.lambda$executeSubmitClientRequestAsync$12(RaftServerImpl.java:919)
	at java.base/java.util.concurrent.CompletableFuture$AsyncSupply.run(CompletableFuture.java:1768)
	... 3 more
Caused by: org.apache.hadoop.hdds.scm.container.common.helpers.ContainerNotOpenException: Container 4 in UNHEALTHY state
	at java.base/jdk.internal.reflect.DirectConstructorHandleAccessor.newInstance(DirectConstructorHandleAccessor.java:62)
	at java.base/java.lang.reflect.Constructor.newInstanceWithCaller(Constructor.java:502)
	at java.base/java.lang.reflect.Constructor.newInstance(Constructor.java:486)
	at org.apache.ratis.util.ReflectionUtils.instantiateException(ReflectionUtils.java:265)
	at org.apache.ratis.client.impl.ClientProtoUtils.toStateMachineException(ClientProtoUtils.java:455)
	at org.apache.ratis.client.impl.ClientProtoUtils.toStateMachineException(ClientProtoUtils.java:441)
	at org.apache.ratis.client.impl.ClientProtoUtils.toRaftClientReply(ClientProtoUtils.java:408)
	at org.apache.ratis.grpc.client.GrpcClientProtocolClient$AsyncStreamObservers$1.onNext(GrpcClientProtocolClient.java:313)
	at org.apache.ratis.grpc.client.GrpcClientProtocolClient$AsyncStreamObservers$1.onNext(GrpcClientProtocolClient.java:308)
	at org.apache.ratis.thirdparty.io.grpc.stub.ClientCalls$StreamObserverToCallListenerAdapter.onMessage(ClientCalls.java:551)
	at org.apache.ratis.thirdparty.io.grpc.ForwardingClientCallListener.onMessage(ForwardingClientCallListener.java:33)
	at org.apache.ratis.thirdparty.io.grpc.internal.DelayedClientCall$DelayedListener.onMessage(DelayedClientCall.java:473)
	at org.apache.ratis.thirdparty.io.grpc.internal.ClientCallImpl$ClientStreamListenerImpl$1MessagesAvailable.runInternal(ClientCallImpl.java:661)
	at org.apache.ratis.thirdparty.io.grpc.internal.ClientCallImpl$ClientStreamListenerImpl$1MessagesAvailable.runInContext(ClientCallImpl.java:648)
	at org.apache.ratis.thirdparty.io.grpc.internal.ContextRunnable.run(ContextRunnable.java:37)
	at org.apache.ratis.thirdparty.io.grpc.internal.SerializingExecutor.run(SerializingExecutor.java:133)
	... 3 more
2025-07-19 06:07:24,114 [grpc-default-executor-2] ERROR impl.OrderedAsync (OrderedAsync.java:lambda$send$4(181)) - Failed to send request, message=cmdType: WriteChunk
traceID: ""
containerID: 4
datanodeUuid: "e4fa6cd0-dc30-4550-b12f-023a3466045b"
writeChunk {
  blockID {
    containerID: 4
    localID: 115816896921600004
    blockCommitSequenceId: 0
  }
  chunkData {
    chunkName: "115816896921600004.data.0"
    offset: 0
    len: 5
    checksumData {
      type: CRC32
      bytesPerChecksum: 1048576
      checksums: "+\333\332\251"
    }
  }
}
version: 3
, data.size=5
java.util.concurrent.CompletionException: org.apache.ratis.protocol.exceptions.StateMachineException: org.apache.hadoop.hdds.scm.container.common.helpers.ContainerNotOpenException from Server e4fa6cd0-dc30-4550-b12f-023a3466045b@group-7FD69FEA80D4: Container 4 in UNHEALTHY state
	at org.apache.ratis.client.impl.RaftClientImpl.handleRaftException(RaftClientImpl.java:373)
	at org.apache.ratis.client.impl.OrderedAsync.lambda$send$3(OrderedAsync.java:175)
	at java.base/java.util.concurrent.CompletableFuture$UniApply.tryFire(CompletableFuture.java:646)
	at java.base/java.util.concurrent.CompletableFuture.postComplete(CompletableFuture.java:510)
	at java.base/java.util.concurrent.CompletableFuture.complete(CompletableFuture.java:2179)
	at org.apache.ratis.client.impl.OrderedAsync$PendingOrderedRequest.setReply(OrderedAsync.java:105)
	at org.apache.ratis.client.impl.OrderedAsync$PendingOrderedRequest.setReply(OrderedAsync.java:66)
	at org.apache.ratis.util.SlidingWindow$RequestMap.setReply(SlidingWindow.java:147)
	at org.apache.ratis.util.SlidingWindow$Client.receiveReply(SlidingWindow.java:351)
	at org.apache.ratis.client.impl.OrderedAsync.lambda$sendRequestWithRetry$5(OrderedAsync.java:210)
	at java.base/java.util.concurrent.CompletableFuture$UniAccept.tryFire(CompletableFuture.java:718)
	at java.base/java.util.concurrent.CompletableFuture.postComplete(CompletableFuture.java:510)
	at java.base/java.util.concurrent.CompletableFuture.complete(CompletableFuture.java:2179)
	at org.apache.ratis.grpc.client.GrpcClientProtocolClient$AsyncStreamObservers$1.lambda$onNext$0(GrpcClientProtocolClient.java:325)
	at java.base/java.util.Optional.ifPresent(Optional.java:178)
	at org.apache.ratis.grpc.client.GrpcClientProtocolClient$AsyncStreamObservers.handleReplyFuture(GrpcClientProtocolClient.java:381)
	at org.apache.ratis.grpc.client.GrpcClientProtocolClient$AsyncStreamObservers.access$100(GrpcClientProtocolClient.java:303)
	at org.apache.ratis.grpc.client.GrpcClientProtocolClient$AsyncStreamObservers$1.onNext(GrpcClientProtocolClient.java:325)
	at org.apache.ratis.grpc.client.GrpcClientProtocolClient$AsyncStreamObservers$1.onNext(GrpcClientProtocolClient.java:308)
	at org.apache.ratis.thirdparty.io.grpc.stub.ClientCalls$StreamObserverToCallListenerAdapter.onMessage(ClientCalls.java:551)
	at org.apache.ratis.thirdparty.io.grpc.ForwardingClientCallListener.onMessage(ForwardingClientCallListener.java:33)
	at org.apache.ratis.thirdparty.io.grpc.internal.DelayedClientCall$DelayedListener.onMessage(DelayedClientCall.java:473)
	at org.apache.ratis.thirdparty.io.grpc.internal.ClientCallImpl$ClientStreamListenerImpl$1MessagesAvailable.runInternal(ClientCallImpl.java:661)
	at org.apache.ratis.thirdparty.io.grpc.internal.ClientCallImpl$ClientStreamListenerImpl$1MessagesAvailable.runInContext(ClientCallImpl.java:648)
	at org.apache.ratis.thirdparty.io.grpc.internal.ContextRunnable.run(ContextRunnable.java:37)
	at org.apache.ratis.thirdparty.io.grpc.internal.SerializingExecutor.run(SerializingExecutor.java:133)
	at java.base/java.util.concurrent.ThreadPoolExecutor.runWorker(ThreadPoolExecutor.java:1144)
	at java.base/java.util.concurrent.ThreadPoolExecutor$Worker.run(ThreadPoolExecutor.java:642)
	at java.base/java.lang.Thread.run(Thread.java:1583)
Caused by: org.apache.ratis.protocol.exceptions.StateMachineException: org.apache.hadoop.hdds.scm.container.common.helpers.ContainerNotOpenException from Server e4fa6cd0-dc30-4550-b12f-023a3466045b@group-7FD69FEA80D4: Container 4 in UNHEALTHY state
	at org.apache.hadoop.ozone.container.common.impl.HddsDispatcher.validateContainerCommand(HddsDispatcher.java:580)
	at org.apache.hadoop.ozone.container.common.transport.server.ratis.ContainerStateMachine.startTransaction(ContainerStateMachine.java:488)
	at org.apache.ratis.server.impl.RaftServerImpl.writeAsyncImpl(RaftServerImpl.java:987)
	at org.apache.ratis.server.impl.RaftServerImpl.writeAsync(RaftServerImpl.java:960)
	at org.apache.ratis.server.impl.RaftServerImpl.replyFuture(RaftServerImpl.java:953)
	at org.apache.ratis.server.impl.RaftServerImpl.submitClientRequestAsync(RaftServerImpl.java:930)
	at org.apache.ratis.server.impl.RaftServerImpl.lambda$null$11(RaftServerImpl.java:919)
	at org.apache.ratis.util.JavaUtils.callAsUnchecked(JavaUtils.java:118)
	at org.apache.ratis.server.impl.RaftServerImpl.lambda$executeSubmitClientRequestAsync$12(RaftServerImpl.java:919)
	at java.base/java.util.concurrent.CompletableFuture$AsyncSupply.run(CompletableFuture.java:1768)
	... 3 more
Caused by: org.apache.hadoop.hdds.scm.container.common.helpers.ContainerNotOpenException: Container 4 in UNHEALTHY state
	at java.base/jdk.internal.reflect.DirectConstructorHandleAccessor.newInstance(DirectConstructorHandleAccessor.java:62)
	at java.base/java.lang.reflect.Constructor.newInstanceWithCaller(Constructor.java:502)
	at java.base/java.lang.reflect.Constructor.newInstance(Constructor.java:486)
	at org.apache.ratis.util.ReflectionUtils.instantiateException(ReflectionUtils.java:265)
	at org.apache.ratis.client.impl.ClientProtoUtils.toStateMachineException(ClientProtoUtils.java:455)
	at org.apache.ratis.client.impl.ClientProtoUtils.toStateMachineException(ClientProtoUtils.java:441)
	at org.apache.ratis.client.impl.ClientProtoUtils.toRaftClientReply(ClientProtoUtils.java:408)
	at org.apache.ratis.grpc.client.GrpcClientProtocolClient$AsyncStreamObservers$1.onNext(GrpcClientProtocolClient.java:313)
	at org.apache.ratis.grpc.client.GrpcClientProtocolClient$AsyncStreamObservers$1.onNext(GrpcClientProtocolClient.java:308)
	at org.apache.ratis.thirdparty.io.grpc.stub.ClientCalls$StreamObserverToCallListenerAdapter.onMessage(ClientCalls.java:551)
	at org.apache.ratis.thirdparty.io.grpc.ForwardingClientCallListener.onMessage(ForwardingClientCallListener.java:33)
	at org.apache.ratis.thirdparty.io.grpc.internal.DelayedClientCall$DelayedListener.onMessage(DelayedClientCall.java:473)
	at org.apache.ratis.thirdparty.io.grpc.internal.ClientCallImpl$ClientStreamListenerImpl$1MessagesAvailable.runInternal(ClientCallImpl.java:661)
	at org.apache.ratis.thirdparty.io.grpc.internal.ClientCallImpl$ClientStreamListenerImpl$1MessagesAvailable.runInContext(ClientCallImpl.java:648)
	at org.apache.ratis.thirdparty.io.grpc.internal.ContextRunnable.run(ContextRunnable.java:37)
	at org.apache.ratis.thirdparty.io.grpc.internal.SerializingExecutor.run(SerializingExecutor.java:133)
	... 3 more
2025-07-19T06:07:24.115349631Z e4fa6cd0-dc30-4550-b12f-023a3466045b-client-thread1 ERROR user=null | ip=null | op=WRITE_CHUNK {blockData=conID: 4 locID: 115816896921600004 bcsId: 0 replicaIndex: null, offset=0, size=5} | ret=FAILURE
org.apache.hadoop.hdds.scm.container.common.helpers.ContainerNotOpenException: Container 4 in UNHEALTHY state
	at org.apache.hadoop.ozone.container.common.impl.HddsDispatcher.validateContainerCommand(HddsDispatcher.java:580)
	at org.apache.hadoop.ozone.container.common.transport.server.ratis.ContainerStateMachine.startTransaction(ContainerStateMachine.java:488)
	at org.apache.ratis.server.impl.RaftServerImpl.writeAsyncImpl(RaftServerImpl.java:987)
	at org.apache.ratis.server.impl.RaftServerImpl.writeAsync(RaftServerImpl.java:960)
	at org.apache.ratis.server.impl.RaftServerImpl.replyFuture(RaftServerImpl.java:953)
	at org.apache.ratis.server.impl.RaftServerImpl.submitClientRequestAsync(RaftServerImpl.java:930)
	at org.apache.ratis.server.impl.RaftServerImpl.lambda$null$11(RaftServerImpl.java:919)
	at org.apache.ratis.util.JavaUtils.callAsUnchecked(JavaUtils.java:118)
	at org.apache.ratis.server.impl.RaftServerImpl.lambda$executeSubmitClientRequestAsync$12(RaftServerImpl.java:919)
	at java.base/java.util.concurrent.CompletableFuture$AsyncSupply.run(CompletableFuture.java:1768)
	at java.base/java.util.concurrent.ThreadPoolExecutor.runWorker(ThreadPoolExecutor.java:1144)
	at java.base/java.util.concurrent.ThreadPoolExecutor$Worker.run(ThreadPoolExecutor.java:642)
	at java.base/java.lang.Thread.run(Thread.java:1583)
2025-07-19 06:07:24,115 [grpc-default-executor-2] ERROR impl.OrderedAsync (OrderedAsync.java:lambda$send$4(181)) - Failed to send request, message=cmdType: WriteChunk
traceID: ""
containerID: 4
datanodeUuid: "e4fa6cd0-dc30-4550-b12f-023a3466045b"
writeChunk {
  blockID {
    containerID: 4
    localID: 115816896921600004
    blockCommitSequenceId: 0
  }
  chunkData {
    chunkName: "115816896921600004.data.0"
    offset: 0
    len: 5
    checksumData {
      type: CRC32
      bytesPerChecksum: 1048576
      checksums: "\003\227\344\035"
    }
  }
}
version: 3
, data.size=5
java.util.concurrent.CompletionException: org.apache.ratis.protocol.exceptions.StateMachineException: org.apache.hadoop.hdds.scm.container.common.helpers.ContainerNotOpenException from Server e4fa6cd0-dc30-4550-b12f-023a3466045b@group-7FD69FEA80D4: Container 4 in UNHEALTHY state
	at org.apache.ratis.client.impl.RaftClientImpl.handleRaftException(RaftClientImpl.java:373)
	at org.apache.ratis.client.impl.OrderedAsync.lambda$send$3(OrderedAsync.java:175)
	at java.base/java.util.concurrent.CompletableFuture$UniApply.tryFire(CompletableFuture.java:646)
	at java.base/java.util.concurrent.CompletableFuture.postComplete(CompletableFuture.java:510)
	at java.base/java.util.concurrent.CompletableFuture.complete(CompletableFuture.java:2179)
	at org.apache.ratis.client.impl.OrderedAsync$PendingOrderedRequest.setReply(OrderedAsync.java:105)
	at org.apache.ratis.client.impl.OrderedAsync$PendingOrderedRequest.setReply(OrderedAsync.java:66)
	at org.apache.ratis.util.SlidingWindow$RequestMap.setReply(SlidingWindow.java:147)
	at org.apache.ratis.util.SlidingWindow$Client.receiveReply(SlidingWindow.java:351)
	at org.apache.ratis.client.impl.OrderedAsync.lambda$sendRequestWithRetry$5(OrderedAsync.java:210)
	at java.base/java.util.concurrent.CompletableFuture$UniAccept.tryFire(CompletableFuture.java:718)
	at java.base/java.util.concurrent.CompletableFuture.postComplete(CompletableFuture.java:510)
	at java.base/java.util.concurrent.CompletableFuture.complete(CompletableFuture.java:2179)
	at org.apache.ratis.grpc.client.GrpcClientProtocolClient$AsyncStreamObservers$1.lambda$onNext$0(GrpcClientProtocolClient.java:325)
	at java.base/java.util.Optional.ifPresent(Optional.java:178)
	at org.apache.ratis.grpc.client.GrpcClientProtocolClient$AsyncStreamObservers.handleReplyFuture(GrpcClientProtocolClient.java:381)
	at org.apache.ratis.grpc.client.GrpcClientProtocolClient$AsyncStreamObservers.access$100(GrpcClientProtocolClient.java:303)
	at org.apache.ratis.grpc.client.GrpcClientProtocolClient$AsyncStreamObservers$1.onNext(GrpcClientProtocolClient.java:325)
	at org.apache.ratis.grpc.client.GrpcClientProtocolClient$AsyncStreamObservers$1.onNext(GrpcClientProtocolClient.java:308)
	at org.apache.ratis.thirdparty.io.grpc.stub.ClientCalls$StreamObserverToCallListenerAdapter.onMessage(ClientCalls.java:551)
	at org.apache.ratis.thirdparty.io.grpc.ForwardingClientCallListener.onMessage(ForwardingClientCallListener.java:33)
	at org.apache.ratis.thirdparty.io.grpc.internal.DelayedClientCall$DelayedListener.onMessage(DelayedClientCall.java:473)
	at org.apache.ratis.thirdparty.io.grpc.internal.ClientCallImpl$ClientStreamListenerImpl$1MessagesAvailable.runInternal(ClientCallImpl.java:661)
	at org.apache.ratis.thirdparty.io.grpc.internal.ClientCallImpl$ClientStreamListenerImpl$1MessagesAvailable.runInContext(ClientCallImpl.java:648)
	at org.apache.ratis.thirdparty.io.grpc.internal.ContextRunnable.run(ContextRunnable.java:37)
	at org.apache.ratis.thirdparty.io.grpc.internal.SerializingExecutor.run(SerializingExecutor.java:133)
	at java.base/java.util.concurrent.ThreadPoolExecutor.runWorker(ThreadPoolExecutor.java:1144)
	at java.base/java.util.concurrent.ThreadPoolExecutor$Worker.run(ThreadPoolExecutor.java:642)
	at java.base/java.lang.Thread.run(Thread.java:1583)
Caused by: org.apache.ratis.protocol.exceptions.StateMachineException: org.apache.hadoop.hdds.scm.container.common.helpers.ContainerNotOpenException from Server e4fa6cd0-dc30-4550-b12f-023a3466045b@group-7FD69FEA80D4: Container 4 in UNHEALTHY state
	at org.apache.hadoop.ozone.container.common.impl.HddsDispatcher.validateContainerCommand(HddsDispatcher.java:580)
	at org.apache.hadoop.ozone.container.common.transport.server.ratis.ContainerStateMachine.startTransaction(ContainerStateMachine.java:488)
	at org.apache.ratis.server.impl.RaftServerImpl.writeAsyncImpl(RaftServerImpl.java:987)
	at org.apache.ratis.server.impl.RaftServerImpl.writeAsync(RaftServerImpl.java:960)
	at org.apache.ratis.server.impl.RaftServerImpl.replyFuture(RaftServerImpl.java:953)
	at org.apache.ratis.server.impl.RaftServerImpl.submitClientRequestAsync(RaftServerImpl.java:930)
	at org.apache.ratis.server.impl.RaftServerImpl.lambda$null$11(RaftServerImpl.java:919)
	at org.apache.ratis.util.JavaUtils.callAsUnchecked(JavaUtils.java:118)
	at org.apache.ratis.server.impl.RaftServerImpl.lambda$executeSubmitClientRequestAsync$12(RaftServerImpl.java:919)
	at java.base/java.util.concurrent.CompletableFuture$AsyncSupply.run(CompletableFuture.java:1768)
	... 3 more
Caused by: org.apache.hadoop.hdds.scm.container.common.helpers.ContainerNotOpenException: Container 4 in UNHEALTHY state
	at java.base/jdk.internal.reflect.DirectConstructorHandleAccessor.newInstance(DirectConstructorHandleAccessor.java:62)
	at java.base/java.lang.reflect.Constructor.newInstanceWithCaller(Constructor.java:502)
	at java.base/java.lang.reflect.Constructor.newInstance(Constructor.java:486)
	at org.apache.ratis.util.ReflectionUtils.instantiateException(ReflectionUtils.java:265)
	at org.apache.ratis.client.impl.ClientProtoUtils.toStateMachineException(ClientProtoUtils.java:455)
	at org.apache.ratis.client.impl.ClientProtoUtils.toStateMachineException(ClientProtoUtils.java:441)
	at org.apache.ratis.client.impl.ClientProtoUtils.toRaftClientReply(ClientProtoUtils.java:408)
	at org.apache.ratis.grpc.client.GrpcClientProtocolClient$AsyncStreamObservers$1.onNext(GrpcClientProtocolClient.java:313)
	at org.apache.ratis.grpc.client.GrpcClientProtocolClient$AsyncStreamObservers$1.onNext(GrpcClientProtocolClient.java:308)
	at org.apache.ratis.thirdparty.io.grpc.stub.ClientCalls$StreamObserverToCallListenerAdapter.onMessage(ClientCalls.java:551)
	at org.apache.ratis.thirdparty.io.grpc.ForwardingClientCallListener.onMessage(ForwardingClientCallListener.java:33)
	at org.apache.ratis.thirdparty.io.grpc.internal.DelayedClientCall$DelayedListener.onMessage(DelayedClientCall.java:473)
	at org.apache.ratis.thirdparty.io.grpc.internal.ClientCallImpl$ClientStreamListenerImpl$1MessagesAvailable.runInternal(ClientCallImpl.java:661)
	at org.apache.ratis.thirdparty.io.grpc.internal.ClientCallImpl$ClientStreamListenerImpl$1MessagesAvailable.runInContext(ClientCallImpl.java:648)
	at org.apache.ratis.thirdparty.io.grpc.internal.ContextRunnable.run(ContextRunnable.java:37)
	at org.apache.ratis.thirdparty.io.grpc.internal.SerializingExecutor.run(SerializingExecutor.java:133)
	... 3 more
2025-07-19T06:07:24.117152088Z e4fa6cd0-dc30-4550-b12f-023a3466045b-client-thread1 ERROR user=null | ip=null | op=WRITE_CHUNK {blockData=conID: 4 locID: 115816896921600004 bcsId: 0 replicaIndex: null, offset=0, size=5} | ret=FAILURE
org.apache.hadoop.hdds.scm.container.common.helpers.ContainerNotOpenException: Container 4 in UNHEALTHY state
	at org.apache.hadoop.ozone.container.common.impl.HddsDispatcher.validateContainerCommand(HddsDispatcher.java:580)
	at org.apache.hadoop.ozone.container.common.transport.server.ratis.ContainerStateMachine.startTransaction(ContainerStateMachine.java:488)
	at org.apache.ratis.server.impl.RaftServerImpl.writeAsyncImpl(RaftServerImpl.java:987)
	at org.apache.ratis.server.impl.RaftServerImpl.writeAsync(RaftServerImpl.java:960)
	at org.apache.ratis.server.impl.RaftServerImpl.replyFuture(RaftServerImpl.java:953)
	at org.apache.ratis.server.impl.RaftServerImpl.submitClientRequestAsync(RaftServerImpl.java:930)
	at org.apache.ratis.server.impl.RaftServerImpl.lambda$null$11(RaftServerImpl.java:919)
	at org.apache.ratis.util.JavaUtils.callAsUnchecked(JavaUtils.java:118)
	at org.apache.ratis.server.impl.RaftServerImpl.lambda$executeSubmitClientRequestAsync$12(RaftServerImpl.java:919)
	at java.base/java.util.concurrent.CompletableFuture$AsyncSupply.run(CompletableFuture.java:1768)
	at java.base/java.util.concurrent.ThreadPoolExecutor.runWorker(ThreadPoolExecutor.java:1144)
	at java.base/java.util.concurrent.ThreadPoolExecutor$Worker.run(ThreadPoolExecutor.java:642)
	at java.base/java.lang.Thread.run(Thread.java:1583)
2025-07-19T06:07:24.117809980Z e4fa6cd0-dc30-4550-b12f-023a3466045b-client-thread2 ERROR user=null | ip=null | op=WRITE_CHUNK {blockData=conID: 4 locID: 115816896921600004 bcsId: 0 replicaIndex: null, offset=0, size=5} | ret=FAILURE
org.apache.hadoop.hdds.scm.container.common.helpers.ContainerNotOpenException: Container 4 in UNHEALTHY state
	at org.apache.hadoop.ozone.container.common.impl.HddsDispatcher.validateContainerCommand(HddsDispatcher.java:580)
	at org.apache.hadoop.ozone.container.common.transport.server.ratis.ContainerStateMachine.startTransaction(ContainerStateMachine.java:488)
	at org.apache.ratis.server.impl.RaftServerImpl.writeAsyncImpl(RaftServerImpl.java:987)
	at org.apache.ratis.server.impl.RaftServerImpl.writeAsync(RaftServerImpl.java:960)
	at org.apache.ratis.server.impl.RaftServerImpl.replyFuture(RaftServerImpl.java:953)
	at org.apache.ratis.server.impl.RaftServerImpl.submitClientRequestAsync(RaftServerImpl.java:930)
	at org.apache.ratis.server.impl.RaftServerImpl.lambda$null$11(RaftServerImpl.java:919)
	at org.apache.ratis.util.JavaUtils.callAsUnchecked(JavaUtils.java:118)
	at org.apache.ratis.server.impl.RaftServerImpl.lambda$executeSubmitClientRequestAsync$12(RaftServerImpl.java:919)
	at java.base/java.util.concurrent.CompletableFuture$AsyncSupply.run(CompletableFuture.java:1768)
	at java.base/java.util.concurrent.ThreadPoolExecutor.runWorker(ThreadPoolExecutor.java:1144)
	at java.base/java.util.concurrent.ThreadPoolExecutor$Worker.run(ThreadPoolExecutor.java:642)
	at java.base/java.lang.Thread.run(Thread.java:1583)
2025-07-19 06:07:24,117 [grpc-default-executor-2] ERROR impl.OrderedAsync (OrderedAsync.java:lambda$send$4(181)) - Failed to send request, message=cmdType: WriteChunk
traceID: ""
containerID: 4
datanodeUuid: "e4fa6cd0-dc30-4550-b12f-023a3466045b"
writeChunk {
  blockID {
    containerID: 4
    localID: 115816896921600004
    blockCommitSequenceId: 0
  }
  chunkData {
    chunkName: "115816896921600004.data.0"
    offset: 0
    len: 5
    checksumData {
      type: CRC32
      bytesPerChecksum: 1048576
      checksums: "\354H\215f"
    }
  }
}
version: 3
, data.size=5
java.util.concurrent.CompletionException: org.apache.ratis.protocol.exceptions.StateMachineException: org.apache.hadoop.hdds.scm.container.common.helpers.ContainerNotOpenException from Server e4fa6cd0-dc30-4550-b12f-023a3466045b@group-7FD69FEA80D4: Container 4 in UNHEALTHY state
	at org.apache.ratis.client.impl.RaftClientImpl.handleRaftException(RaftClientImpl.java:373)
	at org.apache.ratis.client.impl.OrderedAsync.lambda$send$3(OrderedAsync.java:175)
	at java.base/java.util.concurrent.CompletableFuture$UniApply.tryFire(CompletableFuture.java:646)
	at java.base/java.util.concurrent.CompletableFuture.postComplete(CompletableFuture.java:510)
	at java.base/java.util.concurrent.CompletableFuture.complete(CompletableFuture.java:2179)
	at org.apache.ratis.client.impl.OrderedAsync$PendingOrderedRequest.setReply(OrderedAsync.java:105)
	at org.apache.ratis.client.impl.OrderedAsync$PendingOrderedRequest.setReply(OrderedAsync.java:66)
	at org.apache.ratis.util.SlidingWindow$RequestMap.setReply(SlidingWindow.java:147)
	at org.apache.ratis.util.SlidingWindow$Client.receiveReply(SlidingWindow.java:351)
	at org.apache.ratis.client.impl.OrderedAsync.lambda$sendRequestWithRetry$5(OrderedAsync.java:210)
	at java.base/java.util.concurrent.CompletableFuture$UniAccept.tryFire(CompletableFuture.java:718)
	at java.base/java.util.concurrent.CompletableFuture.postComplete(CompletableFuture.java:510)
	at java.base/java.util.concurrent.CompletableFuture.complete(CompletableFuture.java:2179)
	at org.apache.ratis.grpc.client.GrpcClientProtocolClient$AsyncStreamObservers$1.lambda$onNext$0(GrpcClientProtocolClient.java:325)
	at java.base/java.util.Optional.ifPresent(Optional.java:178)
	at org.apache.ratis.grpc.client.GrpcClientProtocolClient$AsyncStreamObservers.handleReplyFuture(GrpcClientProtocolClient.java:381)
	at org.apache.ratis.grpc.client.GrpcClientProtocolClient$AsyncStreamObservers.access$100(GrpcClientProtocolClient.java:303)
	at org.apache.ratis.grpc.client.GrpcClientProtocolClient$AsyncStreamObservers$1.onNext(GrpcClientProtocolClient.java:325)
	at org.apache.ratis.grpc.client.GrpcClientProtocolClient$AsyncStreamObservers$1.onNext(GrpcClientProtocolClient.java:308)
	at org.apache.ratis.thirdparty.io.grpc.stub.ClientCalls$StreamObserverToCallListenerAdapter.onMessage(ClientCalls.java:551)
	at org.apache.ratis.thirdparty.io.grpc.ForwardingClientCallListener.onMessage(ForwardingClientCallListener.java:33)
	at org.apache.ratis.thirdparty.io.grpc.internal.DelayedClientCall$DelayedListener.onMessage(DelayedClientCall.java:473)
	at org.apache.ratis.thirdparty.io.grpc.internal.ClientCallImpl$ClientStreamListenerImpl$1MessagesAvailable.runInternal(ClientCallImpl.java:661)
	at org.apache.ratis.thirdparty.io.grpc.internal.ClientCallImpl$ClientStreamListenerImpl$1MessagesAvailable.runInContext(ClientCallImpl.java:648)
	at org.apache.ratis.thirdparty.io.grpc.internal.ContextRunnable.run(ContextRunnable.java:37)
	at org.apache.ratis.thirdparty.io.grpc.internal.SerializingExecutor.run(SerializingExecutor.java:133)
	at java.base/java.util.concurrent.ThreadPoolExecutor.runWorker(ThreadPoolExecutor.java:1144)
	at java.base/java.util.concurrent.ThreadPoolExecutor$Worker.run(ThreadPoolExecutor.java:642)
	at java.base/java.lang.Thread.run(Thread.java:1583)
Caused by: org.apache.ratis.protocol.exceptions.StateMachineException: org.apache.hadoop.hdds.scm.container.common.helpers.ContainerNotOpenException from Server e4fa6cd0-dc30-4550-b12f-023a3466045b@group-7FD69FEA80D4: Container 4 in UNHEALTHY state
	at org.apache.hadoop.ozone.container.common.impl.HddsDispatcher.validateContainerCommand(HddsDispatcher.java:580)
	at org.apache.hadoop.ozone.container.common.transport.server.ratis.ContainerStateMachine.startTransaction(ContainerStateMachine.java:488)
	at org.apache.ratis.server.impl.RaftServerImpl.writeAsyncImpl(RaftServerImpl.java:987)
	at org.apache.ratis.server.impl.RaftServerImpl.writeAsync(RaftServerImpl.java:960)
	at org.apache.ratis.server.impl.RaftServerImpl.replyFuture(RaftServerImpl.java:953)
	at org.apache.ratis.server.impl.RaftServerImpl.submitClientRequestAsync(RaftServerImpl.java:930)
	at org.apache.ratis.server.impl.RaftServerImpl.lambda$null$11(RaftServerImpl.java:919)
	at org.apache.ratis.util.JavaUtils.callAsUnchecked(JavaUtils.java:118)
	at org.apache.ratis.server.impl.RaftServerImpl.lambda$executeSubmitClientRequestAsync$12(RaftServerImpl.java:919)
	at java.base/java.util.concurrent.CompletableFuture$AsyncSupply.run(CompletableFuture.java:1768)
	... 3 more
Caused by: org.apache.hadoop.hdds.scm.container.common.helpers.ContainerNotOpenException: Container 4 in UNHEALTHY state
	at java.base/jdk.internal.reflect.DirectConstructorHandleAccessor.newInstance(DirectConstructorHandleAccessor.java:62)
	at java.base/java.lang.reflect.Constructor.newInstanceWithCaller(Constructor.java:502)
	at java.base/java.lang.reflect.Constructor.newInstance(Constructor.java:486)
	at org.apache.ratis.util.ReflectionUtils.instantiateException(ReflectionUtils.java:265)
	at org.apache.ratis.client.impl.ClientProtoUtils.toStateMachineException(ClientProtoUtils.java:455)
	at org.apache.ratis.client.impl.ClientProtoUtils.toStateMachineException(ClientProtoUtils.java:441)
	at org.apache.ratis.client.impl.ClientProtoUtils.toRaftClientReply(ClientProtoUtils.java:408)
	at org.apache.ratis.grpc.client.GrpcClientProtocolClient$AsyncStreamObservers$1.onNext(GrpcClientProtocolClient.java:313)
	at org.apache.ratis.grpc.client.GrpcClientProtocolClient$AsyncStreamObservers$1.onNext(GrpcClientProtocolClient.java:308)
	at org.apache.ratis.thirdparty.io.grpc.stub.ClientCalls$StreamObserverToCallListenerAdapter.onMessage(ClientCalls.java:551)
	at org.apache.ratis.thirdparty.io.grpc.ForwardingClientCallListener.onMessage(ForwardingClientCallListener.java:33)
	at org.apache.ratis.thirdparty.io.grpc.internal.DelayedClientCall$DelayedListener.onMessage(DelayedClientCall.java:473)
	at org.apache.ratis.thirdparty.io.grpc.internal.ClientCallImpl$ClientStreamListenerImpl$1MessagesAvailable.runInternal(ClientCallImpl.java:661)
	at org.apache.ratis.thirdparty.io.grpc.internal.ClientCallImpl$ClientStreamListenerImpl$1MessagesAvailable.runInContext(ClientCallImpl.java:648)
	at org.apache.ratis.thirdparty.io.grpc.internal.ContextRunnable.run(ContextRunnable.java:37)
	at org.apache.ratis.thirdparty.io.grpc.internal.SerializingExecutor.run(SerializingExecutor.java:133)
	... 3 more
2025-07-19 06:07:24,119 [grpc-default-executor-2] ERROR impl.OrderedAsync (OrderedAsync.java:lambda$send$4(181)) - Failed to send request, message=cmdType: WriteChunk
traceID: ""
containerID: 4
datanodeUuid: "e4fa6cd0-dc30-4550-b12f-023a3466045b"
writeChunk {
  blockID {
    containerID: 4
    localID: 115816896921600004
    blockCommitSequenceId: 0
  }
  chunkData {
    chunkName: "115816896921600004.data.0"
    offset: 0
    len: 5
    checksumData {
      type: CRC32
      bytesPerChecksum: 1048576
      checksums: "\242\333c!"
    }
  }
}
version: 3
, data.size=5
java.util.concurrent.CompletionException: org.apache.ratis.protocol.exceptions.StateMachineException: org.apache.hadoop.hdds.scm.container.common.helpers.ContainerNotOpenException from Server e4fa6cd0-dc30-4550-b12f-023a3466045b@group-7FD69FEA80D4: Container 4 in UNHEALTHY state
	at org.apache.ratis.client.impl.RaftClientImpl.handleRaftException(RaftClientImpl.java:373)
	at org.apache.ratis.client.impl.OrderedAsync.lambda$send$3(OrderedAsync.java:175)
	at java.base/java.util.concurrent.CompletableFuture$UniApply.tryFire(CompletableFuture.java:646)
	at java.base/java.util.concurrent.CompletableFuture.postComplete(CompletableFuture.java:510)
	at java.base/java.util.concurrent.CompletableFuture.complete(CompletableFuture.java:2179)
	at org.apache.ratis.client.impl.OrderedAsync$PendingOrderedRequest.setReply(OrderedAsync.java:105)
	at org.apache.ratis.client.impl.OrderedAsync$PendingOrderedRequest.setReply(OrderedAsync.java:66)
	at org.apache.ratis.util.SlidingWindow$RequestMap.setReply(SlidingWindow.java:147)
	at org.apache.ratis.util.SlidingWindow$Client.receiveReply(SlidingWindow.java:351)
	at org.apache.ratis.client.impl.OrderedAsync.lambda$sendRequestWithRetry$5(OrderedAsync.java:210)
	at java.base/java.util.concurrent.CompletableFuture$UniAccept.tryFire(CompletableFuture.java:718)
	at java.base/java.util.concurrent.CompletableFuture.postComplete(CompletableFuture.java:510)
	at java.base/java.util.concurrent.CompletableFuture.complete(CompletableFuture.java:2179)
	at org.apache.ratis.grpc.client.GrpcClientProtocolClient$AsyncStreamObservers$1.lambda$onNext$0(GrpcClientProtocolClient.java:325)
	at java.base/java.util.Optional.ifPresent(Optional.java:178)
	at org.apache.ratis.grpc.client.GrpcClientProtocolClient$AsyncStreamObservers.handleReplyFuture(GrpcClientProtocolClient.java:381)
	at org.apache.ratis.grpc.client.GrpcClientProtocolClient$AsyncStreamObservers.access$100(GrpcClientProtocolClient.java:303)
	at org.apache.ratis.grpc.client.GrpcClientProtocolClient$AsyncStreamObservers$1.onNext(GrpcClientProtocolClient.java:325)
	at org.apache.ratis.grpc.client.GrpcClientProtocolClient$AsyncStreamObservers$1.onNext(GrpcClientProtocolClient.java:308)
	at org.apache.ratis.thirdparty.io.grpc.stub.ClientCalls$StreamObserverToCallListenerAdapter.onMessage(ClientCalls.java:551)
	at org.apache.ratis.thirdparty.io.grpc.ForwardingClientCallListener.onMessage(ForwardingClientCallListener.java:33)
	at org.apache.ratis.thirdparty.io.grpc.internal.DelayedClientCall$DelayedListener.onMessage(DelayedClientCall.java:473)
	at org.apache.ratis.thirdparty.io.grpc.internal.ClientCallImpl$ClientStreamListenerImpl$1MessagesAvailable.runInternal(ClientCallImpl.java:661)
	at org.apache.ratis.thirdparty.io.grpc.internal.ClientCallImpl$ClientStreamListenerImpl$1MessagesAvailable.runInContext(ClientCallImpl.java:648)
	at org.apache.ratis.thirdparty.io.grpc.internal.ContextRunnable.run(ContextRunnable.java:37)
	at org.apache.ratis.thirdparty.io.grpc.internal.SerializingExecutor.run(SerializingExecutor.java:133)
	at java.base/java.util.concurrent.ThreadPoolExecutor.runWorker(ThreadPoolExecutor.java:1144)
	at java.base/java.util.concurrent.ThreadPoolExecutor$Worker.run(ThreadPoolExecutor.java:642)
	at java.base/java.lang.Thread.run(Thread.java:1583)
Caused by: org.apache.ratis.protocol.exceptions.StateMachineException: org.apache.hadoop.hdds.scm.container.common.helpers.ContainerNotOpenException from Server e4fa6cd0-dc30-4550-b12f-023a3466045b@group-7FD69FEA80D4: Container 4 in UNHEALTHY state
	at org.apache.hadoop.ozone.container.common.impl.HddsDispatcher.validateContainerCommand(HddsDispatcher.java:580)
	at org.apache.hadoop.ozone.container.common.transport.server.ratis.ContainerStateMachine.startTransaction(ContainerStateMachine.java:488)
	at org.apache.ratis.server.impl.RaftServerImpl.writeAsyncImpl(RaftServerImpl.java:987)
	at org.apache.ratis.server.impl.RaftServerImpl.writeAsync(RaftServerImpl.java:960)
	at org.apache.ratis.server.impl.RaftServerImpl.replyFuture(RaftServerImpl.java:953)
	at org.apache.ratis.server.impl.RaftServerImpl.submitClientRequestAsync(RaftServerImpl.java:930)
	at org.apache.ratis.server.impl.RaftServerImpl.lambda$null$11(RaftServerImpl.java:919)
	at org.apache.ratis.util.JavaUtils.callAsUnchecked(JavaUtils.java:118)
	at org.apache.ratis.server.impl.RaftServerImpl.lambda$executeSubmitClientRequestAsync$12(RaftServerImpl.java:919)
	at java.base/java.util.concurrent.CompletableFuture$AsyncSupply.run(CompletableFuture.java:1768)
	... 3 more
Caused by: org.apache.hadoop.hdds.scm.container.common.helpers.ContainerNotOpenException: Container 4 in UNHEALTHY state
	at java.base/jdk.internal.reflect.DirectConstructorHandleAccessor.newInstance(DirectConstructorHandleAccessor.java:62)
	at java.base/java.lang.reflect.Constructor.newInstanceWithCaller(Constructor.java:502)
	at java.base/java.lang.reflect.Constructor.newInstance(Constructor.java:486)
	at org.apache.ratis.util.ReflectionUtils.instantiateException(ReflectionUtils.java:265)
	at org.apache.ratis.client.impl.ClientProtoUtils.toStateMachineException(ClientProtoUtils.java:455)
	at org.apache.ratis.client.impl.ClientProtoUtils.toStateMachineException(ClientProtoUtils.java:441)
	at org.apache.ratis.client.impl.ClientProtoUtils.toRaftClientReply(ClientProtoUtils.java:408)
	at org.apache.ratis.grpc.client.GrpcClientProtocolClient$AsyncStreamObservers$1.onNext(GrpcClientProtocolClient.java:313)
	at org.apache.ratis.grpc.client.GrpcClientProtocolClient$AsyncStreamObservers$1.onNext(GrpcClientProtocolClient.java:308)
	at org.apache.ratis.thirdparty.io.grpc.stub.ClientCalls$StreamObserverToCallListenerAdapter.onMessage(ClientCalls.java:551)
	at org.apache.ratis.thirdparty.io.grpc.ForwardingClientCallListener.onMessage(ForwardingClientCallListener.java:33)
	at org.apache.ratis.thirdparty.io.grpc.internal.DelayedClientCall$DelayedListener.onMessage(DelayedClientCall.java:473)
	at org.apache.ratis.thirdparty.io.grpc.internal.ClientCallImpl$ClientStreamListenerImpl$1MessagesAvailable.runInternal(ClientCallImpl.java:661)
	at org.apache.ratis.thirdparty.io.grpc.internal.ClientCallImpl$ClientStreamListenerImpl$1MessagesAvailable.runInContext(ClientCallImpl.java:648)
	at org.apache.ratis.thirdparty.io.grpc.internal.ContextRunnable.run(ContextRunnable.java:37)
	at org.apache.ratis.thirdparty.io.grpc.internal.SerializingExecutor.run(SerializingExecutor.java:133)
	... 3 more
2025-07-19T06:07:24.120853248Z e4fa6cd0-dc30-4550-b12f-023a3466045b-client-thread2 ERROR user=null | ip=null | op=WRITE_CHUNK {blockData=conID: 4 locID: 115816896921600004 bcsId: 0 replicaIndex: null, offset=0, size=5} | ret=FAILURE
org.apache.hadoop.hdds.scm.container.common.helpers.ContainerNotOpenException: Container 4 in UNHEALTHY state
	at org.apache.hadoop.ozone.container.common.impl.HddsDispatcher.validateContainerCommand(HddsDispatcher.java:580)
	at org.apache.hadoop.ozone.container.common.transport.server.ratis.ContainerStateMachine.startTransaction(ContainerStateMachine.java:488)
	at org.apache.ratis.server.impl.RaftServerImpl.writeAsyncImpl(RaftServerImpl.java:987)
	at org.apache.ratis.server.impl.RaftServerImpl.writeAsync(RaftServerImpl.java:960)
	at org.apache.ratis.server.impl.RaftServerImpl.replyFuture(RaftServerImpl.java:953)
	at org.apache.ratis.server.impl.RaftServerImpl.submitClientRequestAsync(RaftServerImpl.java:930)
	at org.apache.ratis.server.impl.RaftServerImpl.lambda$null$11(RaftServerImpl.java:919)
	at org.apache.ratis.util.JavaUtils.callAsUnchecked(JavaUtils.java:118)
	at org.apache.ratis.server.impl.RaftServerImpl.lambda$executeSubmitClientRequestAsync$12(RaftServerImpl.java:919)
	at java.base/java.util.concurrent.CompletableFuture$AsyncSupply.run(CompletableFuture.java:1768)
	at java.base/java.util.concurrent.ThreadPoolExecutor.runWorker(ThreadPoolExecutor.java:1144)
	at java.base/java.util.concurrent.ThreadPoolExecutor$Worker.run(ThreadPoolExecutor.java:642)
	at java.base/java.lang.Thread.run(Thread.java:1583)
2025-07-19 06:07:24,120 [grpc-default-executor-2] ERROR impl.OrderedAsync (OrderedAsync.java:lambda$send$4(181)) - Failed to send request, message=cmdType: WriteChunk
traceID: ""
containerID: 4
datanodeUuid: "e4fa6cd0-dc30-4550-b12f-023a3466045b"
writeChunk {
  blockID {
    containerID: 4
    localID: 115816896921600004
    blockCommitSequenceId: 0
  }
  chunkData {
    chunkName: "115816896921600004.data.0"
    offset: 0
    len: 5
    checksumData {
      type: CRC32
      bytesPerChecksum: 1048576
      checksums: "\005z\356\241"
    }
  }
}
version: 3
, data.size=5
java.util.concurrent.CompletionException: org.apache.ratis.protocol.exceptions.StateMachineException: org.apache.hadoop.hdds.scm.container.common.helpers.ContainerNotOpenException from Server e4fa6cd0-dc30-4550-b12f-023a3466045b@group-7FD69FEA80D4: Container 4 in UNHEALTHY state
	at org.apache.ratis.client.impl.RaftClientImpl.handleRaftException(RaftClientImpl.java:373)
	at org.apache.ratis.client.impl.OrderedAsync.lambda$send$3(OrderedAsync.java:175)
	at java.base/java.util.concurrent.CompletableFuture$UniApply.tryFire(CompletableFuture.java:646)
	at java.base/java.util.concurrent.CompletableFuture.postComplete(CompletableFuture.java:510)
	at java.base/java.util.concurrent.CompletableFuture.complete(CompletableFuture.java:2179)
	at org.apache.ratis.client.impl.OrderedAsync$PendingOrderedRequest.setReply(OrderedAsync.java:105)
	at org.apache.ratis.client.impl.OrderedAsync$PendingOrderedRequest.setReply(OrderedAsync.java:66)
	at org.apache.ratis.util.SlidingWindow$RequestMap.setReply(SlidingWindow.java:147)
	at org.apache.ratis.util.SlidingWindow$Client.receiveReply(SlidingWindow.java:351)
	at org.apache.ratis.client.impl.OrderedAsync.lambda$sendRequestWithRetry$5(OrderedAsync.java:210)
	at java.base/java.util.concurrent.CompletableFuture$UniAccept.tryFire(CompletableFuture.java:718)
	at java.base/java.util.concurrent.CompletableFuture.postComplete(CompletableFuture.java:510)
	at java.base/java.util.concurrent.CompletableFuture.complete(CompletableFuture.java:2179)
	at org.apache.ratis.grpc.client.GrpcClientProtocolClient$AsyncStreamObservers$1.lambda$onNext$0(GrpcClientProtocolClient.java:325)
	at java.base/java.util.Optional.ifPresent(Optional.java:178)
	at org.apache.ratis.grpc.client.GrpcClientProtocolClient$AsyncStreamObservers.handleReplyFuture(GrpcClientProtocolClient.java:381)
	at org.apache.ratis.grpc.client.GrpcClientProtocolClient$AsyncStreamObservers.access$100(GrpcClientProtocolClient.java:303)
	at org.apache.ratis.grpc.client.GrpcClientProtocolClient$AsyncStreamObservers$1.onNext(GrpcClientProtocolClient.java:325)
	at org.apache.ratis.grpc.client.GrpcClientProtocolClient$AsyncStreamObservers$1.onNext(GrpcClientProtocolClient.java:308)
	at org.apache.ratis.thirdparty.io.grpc.stub.ClientCalls$StreamObserverToCallListenerAdapter.onMessage(ClientCalls.java:551)
	at org.apache.ratis.thirdparty.io.grpc.ForwardingClientCallListener.onMessage(ForwardingClientCallListener.java:33)
	at org.apache.ratis.thirdparty.io.grpc.internal.DelayedClientCall$DelayedListener.onMessage(DelayedClientCall.java:473)
	at org.apache.ratis.thirdparty.io.grpc.internal.ClientCallImpl$ClientStreamListenerImpl$1MessagesAvailable.runInternal(ClientCallImpl.java:661)
	at org.apache.ratis.thirdparty.io.grpc.internal.ClientCallImpl$ClientStreamListenerImpl$1MessagesAvailable.runInContext(ClientCallImpl.java:648)
	at org.apache.ratis.thirdparty.io.grpc.internal.ContextRunnable.run(ContextRunnable.java:37)
	at org.apache.ratis.thirdparty.io.grpc.internal.SerializingExecutor.run(SerializingExecutor.java:133)
	at java.base/java.util.concurrent.ThreadPoolExecutor.runWorker(ThreadPoolExecutor.java:1144)
	at java.base/java.util.concurrent.ThreadPoolExecutor$Worker.run(ThreadPoolExecutor.java:642)
	at java.base/java.lang.Thread.run(Thread.java:1583)
Caused by: org.apache.ratis.protocol.exceptions.StateMachineException: org.apache.hadoop.hdds.scm.container.common.helpers.ContainerNotOpenException from Server e4fa6cd0-dc30-4550-b12f-023a3466045b@group-7FD69FEA80D4: Container 4 in UNHEALTHY state
	at org.apache.hadoop.ozone.container.common.impl.HddsDispatcher.validateContainerCommand(HddsDispatcher.java:580)
	at org.apache.hadoop.ozone.container.common.transport.server.ratis.ContainerStateMachine.startTransaction(ContainerStateMachine.java:488)
	at org.apache.ratis.server.impl.RaftServerImpl.writeAsyncImpl(RaftServerImpl.java:987)
	at org.apache.ratis.server.impl.RaftServerImpl.writeAsync(RaftServerImpl.java:960)
	at org.apache.ratis.server.impl.RaftServerImpl.replyFuture(RaftServerImpl.java:953)
	at org.apache.ratis.server.impl.RaftServerImpl.submitClientRequestAsync(RaftServerImpl.java:930)
	at org.apache.ratis.server.impl.RaftServerImpl.lambda$null$11(RaftServerImpl.java:919)
	at org.apache.ratis.util.JavaUtils.callAsUnchecked(JavaUtils.java:118)
	at org.apache.ratis.server.impl.RaftServerImpl.lambda$executeSubmitClientRequestAsync$12(RaftServerImpl.java:919)
	at java.base/java.util.concurrent.CompletableFuture$AsyncSupply.run(CompletableFuture.java:1768)
	... 3 more
Caused by: org.apache.hadoop.hdds.scm.container.common.helpers.ContainerNotOpenException: Container 4 in UNHEALTHY state
	at java.base/jdk.internal.reflect.DirectConstructorHandleAccessor.newInstance(DirectConstructorHandleAccessor.java:62)
	at java.base/java.lang.reflect.Constructor.newInstanceWithCaller(Constructor.java:502)
	at java.base/java.lang.reflect.Constructor.newInstance(Constructor.java:486)
	at org.apache.ratis.util.ReflectionUtils.instantiateException(ReflectionUtils.java:265)
	at org.apache.ratis.client.impl.ClientProtoUtils.toStateMachineException(ClientProtoUtils.java:455)
	at org.apache.ratis.client.impl.ClientProtoUtils.toStateMachineException(ClientProtoUtils.java:441)
	at org.apache.ratis.client.impl.ClientProtoUtils.toRaftClientReply(ClientProtoUtils.java:408)
	at org.apache.ratis.grpc.client.GrpcClientProtocolClient$AsyncStreamObservers$1.onNext(GrpcClientProtocolClient.java:313)
	at org.apache.ratis.grpc.client.GrpcClientProtocolClient$AsyncStreamObservers$1.onNext(GrpcClientProtocolClient.java:308)
	at org.apache.ratis.thirdparty.io.grpc.stub.ClientCalls$StreamObserverToCallListenerAdapter.onMessage(ClientCalls.java:551)
	at org.apache.ratis.thirdparty.io.grpc.ForwardingClientCallListener.onMessage(ForwardingClientCallListener.java:33)
	at org.apache.ratis.thirdparty.io.grpc.internal.DelayedClientCall$DelayedListener.onMessage(DelayedClientCall.java:473)
	at org.apache.ratis.thirdparty.io.grpc.internal.ClientCallImpl$ClientStreamListenerImpl$1MessagesAvailable.runInternal(ClientCallImpl.java:661)
	at org.apache.ratis.thirdparty.io.grpc.internal.ClientCallImpl$ClientStreamListenerImpl$1MessagesAvailable.runInContext(ClientCallImpl.java:648)
	at org.apache.ratis.thirdparty.io.grpc.internal.ContextRunnable.run(ContextRunnable.java:37)
	at org.apache.ratis.thirdparty.io.grpc.internal.SerializingExecutor.run(SerializingExecutor.java:133)
	... 3 more
2025-07-19T06:07:24.121950732Z e4fa6cd0-dc30-4550-b12f-023a3466045b-client-thread2 ERROR user=null | ip=null | op=WRITE_CHUNK {blockData=conID: 4 locID: 115816896921600004 bcsId: 0 replicaIndex: null, offset=0, size=5} | ret=FAILURE
org.apache.hadoop.hdds.scm.container.common.helpers.ContainerNotOpenException: Container 4 in UNHEALTHY state
	at org.apache.hadoop.ozone.container.common.impl.HddsDispatcher.validateContainerCommand(HddsDispatcher.java:580)
	at org.apache.hadoop.ozone.container.common.transport.server.ratis.ContainerStateMachine.startTransaction(ContainerStateMachine.java:488)
	at org.apache.ratis.server.impl.RaftServerImpl.writeAsyncImpl(RaftServerImpl.java:987)
	at org.apache.ratis.server.impl.RaftServerImpl.writeAsync(RaftServerImpl.java:960)
	at org.apache.ratis.server.impl.RaftServerImpl.replyFuture(RaftServerImpl.java:953)
	at org.apache.ratis.server.impl.RaftServerImpl.submitClientRequestAsync(RaftServerImpl.java:930)
	at org.apache.ratis.server.impl.RaftServerImpl.lambda$null$11(RaftServerImpl.java:919)
	at org.apache.ratis.util.JavaUtils.callAsUnchecked(JavaUtils.java:118)
	at org.apache.ratis.server.impl.RaftServerImpl.lambda$executeSubmitClientRequestAsync$12(RaftServerImpl.java:919)
	at java.base/java.util.concurrent.CompletableFuture$AsyncSupply.run(CompletableFuture.java:1768)
	at java.base/java.util.concurrent.ThreadPoolExecutor.runWorker(ThreadPoolExecutor.java:1144)
	at java.base/java.util.concurrent.ThreadPoolExecutor$Worker.run(ThreadPoolExecutor.java:642)
	at java.base/java.lang.Thread.run(Thread.java:1583)
2025-07-19 06:07:24,123 [grpc-default-executor-2] ERROR impl.OrderedAsync (OrderedAsync.java:lambda$send$4(181)) - Failed to send request, message=cmdType: WriteChunk
traceID: ""
containerID: 4
datanodeUuid: "e4fa6cd0-dc30-4550-b12f-023a3466045b"
writeChunk {
  blockID {
    containerID: 4
    localID: 115816896921600004
    blockCommitSequenceId: 0
  }
  chunkData {
    chunkName: "115816896921600004.data.0"
    offset: 0
    len: 5
    checksumData {
      type: CRC32
      bytesPerChecksum: 1048576
      checksums: "n\376\301\251"
    }
  }
}
version: 3
, data.size=5
java.util.concurrent.CompletionException: org.apache.ratis.protocol.exceptions.StateMachineException: org.apache.hadoop.hdds.scm.container.common.helpers.ContainerNotOpenException from Server e4fa6cd0-dc30-4550-b12f-023a3466045b@group-7FD69FEA80D4: Container 4 in UNHEALTHY state
	at org.apache.ratis.client.impl.RaftClientImpl.handleRaftException(RaftClientImpl.java:373)
	at org.apache.ratis.client.impl.OrderedAsync.lambda$send$3(OrderedAsync.java:175)
	at java.base/java.util.concurrent.CompletableFuture$UniApply.tryFire(CompletableFuture.java:646)
	at java.base/java.util.concurrent.CompletableFuture.postComplete(CompletableFuture.java:510)
	at java.base/java.util.concurrent.CompletableFuture.complete(CompletableFuture.java:2179)
	at org.apache.ratis.client.impl.OrderedAsync$PendingOrderedRequest.setReply(OrderedAsync.java:105)
	at org.apache.ratis.client.impl.OrderedAsync$PendingOrderedRequest.setReply(OrderedAsync.java:66)
	at org.apache.ratis.util.SlidingWindow$RequestMap.setReply(SlidingWindow.java:147)
	at org.apache.ratis.util.SlidingWindow$Client.receiveReply(SlidingWindow.java:351)
	at org.apache.ratis.client.impl.OrderedAsync.lambda$sendRequestWithRetry$5(OrderedAsync.java:210)
	at java.base/java.util.concurrent.CompletableFuture$UniAccept.tryFire(CompletableFuture.java:718)
	at java.base/java.util.concurrent.CompletableFuture.postComplete(CompletableFuture.java:510)
	at java.base/java.util.concurrent.CompletableFuture.complete(CompletableFuture.java:2179)
	at org.apache.ratis.grpc.client.GrpcClientProtocolClient$AsyncStreamObservers$1.lambda$onNext$0(GrpcClientProtocolClient.java:325)
	at java.base/java.util.Optional.ifPresent(Optional.java:178)
	at org.apache.ratis.grpc.client.GrpcClientProtocolClient$AsyncStreamObservers.handleReplyFuture(GrpcClientProtocolClient.java:381)
	at org.apache.ratis.grpc.client.GrpcClientProtocolClient$AsyncStreamObservers.access$100(GrpcClientProtocolClient.java:303)
	at org.apache.ratis.grpc.client.GrpcClientProtocolClient$AsyncStreamObservers$1.onNext(GrpcClientProtocolClient.java:325)
	at org.apache.ratis.grpc.client.GrpcClientProtocolClient$AsyncStreamObservers$1.onNext(GrpcClientProtocolClient.java:308)
	at org.apache.ratis.thirdparty.io.grpc.stub.ClientCalls$StreamObserverToCallListenerAdapter.onMessage(ClientCalls.java:551)
	at org.apache.ratis.thirdparty.io.grpc.ForwardingClientCallListener.onMessage(ForwardingClientCallListener.java:33)
	at org.apache.ratis.thirdparty.io.grpc.internal.DelayedClientCall$DelayedListener.onMessage(DelayedClientCall.java:473)
	at org.apache.ratis.thirdparty.io.grpc.internal.ClientCallImpl$ClientStreamListenerImpl$1MessagesAvailable.runInternal(ClientCallImpl.java:661)
	at org.apache.ratis.thirdparty.io.grpc.internal.ClientCallImpl$ClientStreamListenerImpl$1MessagesAvailable.runInContext(ClientCallImpl.java:648)
	at org.apache.ratis.thirdparty.io.grpc.internal.ContextRunnable.run(ContextRunnable.java:37)
	at org.apache.ratis.thirdparty.io.grpc.internal.SerializingExecutor.run(SerializingExecutor.java:133)
	at java.base/java.util.concurrent.ThreadPoolExecutor.runWorker(ThreadPoolExecutor.java:1144)
	at java.base/java.util.concurrent.ThreadPoolExecutor$Worker.run(ThreadPoolExecutor.java:642)
	at java.base/java.lang.Thread.run(Thread.java:1583)
Caused by: org.apache.ratis.protocol.exceptions.StateMachineException: org.apache.hadoop.hdds.scm.container.common.helpers.ContainerNotOpenException from Server e4fa6cd0-dc30-4550-b12f-023a3466045b@group-7FD69FEA80D4: Container 4 in UNHEALTHY state
	at org.apache.hadoop.ozone.container.common.impl.HddsDispatcher.validateContainerCommand(HddsDispatcher.java:580)
	at org.apache.hadoop.ozone.container.common.transport.server.ratis.ContainerStateMachine.startTransaction(ContainerStateMachine.java:488)
	at org.apache.ratis.server.impl.RaftServerImpl.writeAsyncImpl(RaftServerImpl.java:987)
	at org.apache.ratis.server.impl.RaftServerImpl.writeAsync(RaftServerImpl.java:960)
	at org.apache.ratis.server.impl.RaftServerImpl.replyFuture(RaftServerImpl.java:953)
	at org.apache.ratis.server.impl.RaftServerImpl.submitClientRequestAsync(RaftServerImpl.java:930)
	at org.apache.ratis.server.impl.RaftServerImpl.lambda$null$11(RaftServerImpl.java:919)
	at org.apache.ratis.util.JavaUtils.callAsUnchecked(JavaUtils.java:118)
	at org.apache.ratis.server.impl.RaftServerImpl.lambda$executeSubmitClientRequestAsync$12(RaftServerImpl.java:919)
	at java.base/java.util.concurrent.CompletableFuture$AsyncSupply.run(CompletableFuture.java:1768)
	... 3 more
Caused by: org.apache.hadoop.hdds.scm.container.common.helpers.ContainerNotOpenException: Container 4 in UNHEALTHY state
	at java.base/jdk.internal.reflect.DirectConstructorHandleAccessor.newInstance(DirectConstructorHandleAccessor.java:62)
	at java.base/java.lang.reflect.Constructor.newInstanceWithCaller(Constructor.java:502)
	at java.base/java.lang.reflect.Constructor.newInstance(Constructor.java:486)
	at org.apache.ratis.util.ReflectionUtils.instantiateException(ReflectionUtils.java:265)
	at org.apache.ratis.client.impl.ClientProtoUtils.toStateMachineException(ClientProtoUtils.java:455)
	at org.apache.ratis.client.impl.ClientProtoUtils.toStateMachineException(ClientProtoUtils.java:441)
	at org.apache.ratis.client.impl.ClientProtoUtils.toRaftClientReply(ClientProtoUtils.java:408)
	at org.apache.ratis.grpc.client.GrpcClientProtocolClient$AsyncStreamObservers$1.onNext(GrpcClientProtocolClient.java:313)
	at org.apache.ratis.grpc.client.GrpcClientProtocolClient$AsyncStreamObservers$1.onNext(GrpcClientProtocolClient.java:308)
	at org.apache.ratis.thirdparty.io.grpc.stub.ClientCalls$StreamObserverToCallListenerAdapter.onMessage(ClientCalls.java:551)
	at org.apache.ratis.thirdparty.io.grpc.ForwardingClientCallListener.onMessage(ForwardingClientCallListener.java:33)
	at org.apache.ratis.thirdparty.io.grpc.internal.DelayedClientCall$DelayedListener.onMessage(DelayedClientCall.java:473)
	at org.apache.ratis.thirdparty.io.grpc.internal.ClientCallImpl$ClientStreamListenerImpl$1MessagesAvailable.runInternal(ClientCallImpl.java:661)
	at org.apache.ratis.thirdparty.io.grpc.internal.ClientCallImpl$ClientStreamListenerImpl$1MessagesAvailable.runInContext(ClientCallImpl.java:648)
	at org.apache.ratis.thirdparty.io.grpc.internal.ContextRunnable.run(ContextRunnable.java:37)
	at org.apache.ratis.thirdparty.io.grpc.internal.SerializingExecutor.run(SerializingExecutor.java:133)
	... 3 more
2025-07-19T06:07:24.123777223Z e4fa6cd0-dc30-4550-b12f-023a3466045b-client-thread2 ERROR user=null | ip=null | op=WRITE_CHUNK {blockData=conID: 4 locID: 115816896921600004 bcsId: 0 replicaIndex: null, offset=0, size=5} | ret=FAILURE
org.apache.hadoop.hdds.scm.container.common.helpers.ContainerNotOpenException: Container 4 in UNHEALTHY state
	at org.apache.hadoop.ozone.container.common.impl.HddsDispatcher.validateContainerCommand(HddsDispatcher.java:580)
	at org.apache.hadoop.ozone.container.common.transport.server.ratis.ContainerStateMachine.startTransaction(ContainerStateMachine.java:488)
	at org.apache.ratis.server.impl.RaftServerImpl.writeAsyncImpl(RaftServerImpl.java:987)
	at org.apache.ratis.server.impl.RaftServerImpl.writeAsync(RaftServerImpl.java:960)
	at org.apache.ratis.server.impl.RaftServerImpl.replyFuture(RaftServerImpl.java:953)
	at org.apache.ratis.server.impl.RaftServerImpl.submitClientRequestAsync(RaftServerImpl.java:930)
	at org.apache.ratis.server.impl.RaftServerImpl.lambda$null$11(RaftServerImpl.java:919)
	at org.apache.ratis.util.JavaUtils.callAsUnchecked(JavaUtils.java:118)
	at org.apache.ratis.server.impl.RaftServerImpl.lambda$executeSubmitClientRequestAsync$12(RaftServerImpl.java:919)
	at java.base/java.util.concurrent.CompletableFuture$AsyncSupply.run(CompletableFuture.java:1768)
	at java.base/java.util.concurrent.ThreadPoolExecutor.runWorker(ThreadPoolExecutor.java:1144)
	at java.base/java.util.concurrent.ThreadPoolExecutor$Worker.run(ThreadPoolExecutor.java:642)
	at java.base/java.lang.Thread.run(Thread.java:1583)
2025-07-19 06:07:24,124 [grpc-default-executor-2] ERROR impl.OrderedAsync (OrderedAsync.java:lambda$send$4(181)) - Failed to send request, message=cmdType: WriteChunk
traceID: ""
containerID: 4
datanodeUuid: "e4fa6cd0-dc30-4550-b12f-023a3466045b"
writeChunk {
  blockID {
    containerID: 4
    localID: 115816896921600004
    blockCommitSequenceId: 0
  }
  chunkData {
    chunkName: "115816896921600004.data.0"
    offset: 0
    len: 5
    checksumData {
      type: CRC32
      bytesPerChecksum: 1048576
      checksums: "n*w\017"
    }
  }
}
version: 3
, data.size=5
java.util.concurrent.CompletionException: org.apache.ratis.protocol.exceptions.StateMachineException: org.apache.hadoop.hdds.scm.container.common.helpers.ContainerNotOpenException from Server e4fa6cd0-dc30-4550-b12f-023a3466045b@group-7FD69FEA80D4: Container 4 in UNHEALTHY state
	at org.apache.ratis.client.impl.RaftClientImpl.handleRaftException(RaftClientImpl.java:373)
	at org.apache.ratis.client.impl.OrderedAsync.lambda$send$3(OrderedAsync.java:175)
	at java.base/java.util.concurrent.CompletableFuture$UniApply.tryFire(CompletableFuture.java:646)
	at java.base/java.util.concurrent.CompletableFuture.postComplete(CompletableFuture.java:510)
	at java.base/java.util.concurrent.CompletableFuture.complete(CompletableFuture.java:2179)
	at org.apache.ratis.client.impl.OrderedAsync$PendingOrderedRequest.setReply(OrderedAsync.java:105)
	at org.apache.ratis.client.impl.OrderedAsync$PendingOrderedRequest.setReply(OrderedAsync.java:66)
	at org.apache.ratis.util.SlidingWindow$RequestMap.setReply(SlidingWindow.java:147)
	at org.apache.ratis.util.SlidingWindow$Client.receiveReply(SlidingWindow.java:351)
	at org.apache.ratis.client.impl.OrderedAsync.lambda$sendRequestWithRetry$5(OrderedAsync.java:210)
	at java.base/java.util.concurrent.CompletableFuture$UniAccept.tryFire(CompletableFuture.java:718)
	at java.base/java.util.concurrent.CompletableFuture.postComplete(CompletableFuture.java:510)
	at java.base/java.util.concurrent.CompletableFuture.complete(CompletableFuture.java:2179)
	at org.apache.ratis.grpc.client.GrpcClientProtocolClient$AsyncStreamObservers$1.lambda$onNext$0(GrpcClientProtocolClient.java:325)
	at java.base/java.util.Optional.ifPresent(Optional.java:178)
	at org.apache.ratis.grpc.client.GrpcClientProtocolClient$AsyncStreamObservers.handleReplyFuture(GrpcClientProtocolClient.java:381)
	at org.apache.ratis.grpc.client.GrpcClientProtocolClient$AsyncStreamObservers.access$100(GrpcClientProtocolClient.java:303)
	at org.apache.ratis.grpc.client.GrpcClientProtocolClient$AsyncStreamObservers$1.onNext(GrpcClientProtocolClient.java:325)
	at org.apache.ratis.grpc.client.GrpcClientProtocolClient$AsyncStreamObservers$1.onNext(GrpcClientProtocolClient.java:308)
	at org.apache.ratis.thirdparty.io.grpc.stub.ClientCalls$StreamObserverToCallListenerAdapter.onMessage(ClientCalls.java:551)
	at org.apache.ratis.thirdparty.io.grpc.ForwardingClientCallListener.onMessage(ForwardingClientCallListener.java:33)
	at org.apache.ratis.thirdparty.io.grpc.internal.DelayedClientCall$DelayedListener.onMessage(DelayedClientCall.java:473)
	at org.apache.ratis.thirdparty.io.grpc.internal.ClientCallImpl$ClientStreamListenerImpl$1MessagesAvailable.runInternal(ClientCallImpl.java:661)
	at org.apache.ratis.thirdparty.io.grpc.internal.ClientCallImpl$ClientStreamListenerImpl$1MessagesAvailable.runInContext(ClientCallImpl.java:648)
	at org.apache.ratis.thirdparty.io.grpc.internal.ContextRunnable.run(ContextRunnable.java:37)
	at org.apache.ratis.thirdparty.io.grpc.internal.SerializingExecutor.run(SerializingExecutor.java:133)
	at java.base/java.util.concurrent.ThreadPoolExecutor.runWorker(ThreadPoolExecutor.java:1144)
	at java.base/java.util.concurrent.ThreadPoolExecutor$Worker.run(ThreadPoolExecutor.java:642)
	at java.base/java.lang.Thread.run(Thread.java:1583)
Caused by: org.apache.ratis.protocol.exceptions.StateMachineException: org.apache.hadoop.hdds.scm.container.common.helpers.ContainerNotOpenException from Server e4fa6cd0-dc30-4550-b12f-023a3466045b@group-7FD69FEA80D4: Container 4 in UNHEALTHY state
	at org.apache.hadoop.ozone.container.common.impl.HddsDispatcher.validateContainerCommand(HddsDispatcher.java:580)
	at org.apache.hadoop.ozone.container.common.transport.server.ratis.ContainerStateMachine.startTransaction(ContainerStateMachine.java:488)
	at org.apache.ratis.server.impl.RaftServerImpl.writeAsyncImpl(RaftServerImpl.java:987)
	at org.apache.ratis.server.impl.RaftServerImpl.writeAsync(RaftServerImpl.java:960)
	at org.apache.ratis.server.impl.RaftServerImpl.replyFuture(RaftServerImpl.java:953)
	at org.apache.ratis.server.impl.RaftServerImpl.submitClientRequestAsync(RaftServerImpl.java:930)
	at org.apache.ratis.server.impl.RaftServerImpl.lambda$null$11(RaftServerImpl.java:919)
	at org.apache.ratis.util.JavaUtils.callAsUnchecked(JavaUtils.java:118)
	at org.apache.ratis.server.impl.RaftServerImpl.lambda$executeSubmitClientRequestAsync$12(RaftServerImpl.java:919)
	at java.base/java.util.concurrent.CompletableFuture$AsyncSupply.run(CompletableFuture.java:1768)
	... 3 more
Caused by: org.apache.hadoop.hdds.scm.container.common.helpers.ContainerNotOpenException: Container 4 in UNHEALTHY state
	at java.base/jdk.internal.reflect.DirectConstructorHandleAccessor.newInstance(DirectConstructorHandleAccessor.java:62)
	at java.base/java.lang.reflect.Constructor.newInstanceWithCaller(Constructor.java:502)
	at java.base/java.lang.reflect.Constructor.newInstance(Constructor.java:486)
	at org.apache.ratis.util.ReflectionUtils.instantiateException(ReflectionUtils.java:265)
	at org.apache.ratis.client.impl.ClientProtoUtils.toStateMachineException(ClientProtoUtils.java:455)
	at org.apache.ratis.client.impl.ClientProtoUtils.toStateMachineException(ClientProtoUtils.java:441)
	at org.apache.ratis.client.impl.ClientProtoUtils.toRaftClientReply(ClientProtoUtils.java:408)
	at org.apache.ratis.grpc.client.GrpcClientProtocolClient$AsyncStreamObservers$1.onNext(GrpcClientProtocolClient.java:313)
	at org.apache.ratis.grpc.client.GrpcClientProtocolClient$AsyncStreamObservers$1.onNext(GrpcClientProtocolClient.java:308)
	at org.apache.ratis.thirdparty.io.grpc.stub.ClientCalls$StreamObserverToCallListenerAdapter.onMessage(ClientCalls.java:551)
	at org.apache.ratis.thirdparty.io.grpc.ForwardingClientCallListener.onMessage(ForwardingClientCallListener.java:33)
	at org.apache.ratis.thirdparty.io.grpc.internal.DelayedClientCall$DelayedListener.onMessage(DelayedClientCall.java:473)
	at org.apache.ratis.thirdparty.io.grpc.internal.ClientCallImpl$ClientStreamListenerImpl$1MessagesAvailable.runInternal(ClientCallImpl.java:661)
	at org.apache.ratis.thirdparty.io.grpc.internal.ClientCallImpl$ClientStreamListenerImpl$1MessagesAvailable.runInContext(ClientCallImpl.java:648)
	at org.apache.ratis.thirdparty.io.grpc.internal.ContextRunnable.run(ContextRunnable.java:37)
	at org.apache.ratis.thirdparty.io.grpc.internal.SerializingExecutor.run(SerializingExecutor.java:133)
	... 3 more
2025-07-19T06:07:24.126498651Z e4fa6cd0-dc30-4550-b12f-023a3466045b-client-thread2 ERROR user=null | ip=null | op=WRITE_CHUNK {blockData=conID: 4 locID: 115816896921600004 bcsId: 0 replicaIndex: null, offset=0, size=5} | ret=FAILURE
org.apache.hadoop.hdds.scm.container.common.helpers.ContainerNotOpenException: Container 4 in UNHEALTHY state
	at org.apache.hadoop.ozone.container.common.impl.HddsDispatcher.validateContainerCommand(HddsDispatcher.java:580)
	at org.apache.hadoop.ozone.container.common.transport.server.ratis.ContainerStateMachine.startTransaction(ContainerStateMachine.java:488)
	at org.apache.ratis.server.impl.RaftServerImpl.writeAsyncImpl(RaftServerImpl.java:987)
	at org.apache.ratis.server.impl.RaftServerImpl.writeAsync(RaftServerImpl.java:960)
	at org.apache.ratis.server.impl.RaftServerImpl.replyFuture(RaftServerImpl.java:953)
	at org.apache.ratis.server.impl.RaftServerImpl.submitClientRequestAsync(RaftServerImpl.java:930)
	at org.apache.ratis.server.impl.RaftServerImpl.lambda$null$11(RaftServerImpl.java:919)
	at org.apache.ratis.util.JavaUtils.callAsUnchecked(JavaUtils.java:118)
	at org.apache.ratis.server.impl.RaftServerImpl.lambda$executeSubmitClientRequestAsync$12(RaftServerImpl.java:919)
	at java.base/java.util.concurrent.CompletableFuture$AsyncSupply.run(CompletableFuture.java:1768)
	at java.base/java.util.concurrent.ThreadPoolExecutor.runWorker(ThreadPoolExecutor.java:1144)
	at java.base/java.util.concurrent.ThreadPoolExecutor$Worker.run(ThreadPoolExecutor.java:642)
	at java.base/java.lang.Thread.run(Thread.java:1583)
2025-07-19T06:07:24.127966074Z e4fa6cd0-dc30-4550-b12f-023a3466045b-client-thread2 ERROR user=null | ip=null | op=WRITE_CHUNK {blockData=conID: 4 locID: 115816896921600004 bcsId: 0 replicaIndex: null, offset=0, size=5} | ret=FAILURE
org.apache.hadoop.hdds.scm.container.common.helpers.ContainerNotOpenException: Container 4 in UNHEALTHY state
	at org.apache.hadoop.ozone.container.common.impl.HddsDispatcher.validateContainerCommand(HddsDispatcher.java:580)
	at org.apache.hadoop.ozone.container.common.transport.server.ratis.ContainerStateMachine.startTransaction(ContainerStateMachine.java:488)
	at org.apache.ratis.server.impl.RaftServerImpl.writeAsyncImpl(RaftServerImpl.java:987)
	at org.apache.ratis.server.impl.RaftServerImpl.writeAsync(RaftServerImpl.java:960)
	at org.apache.ratis.server.impl.RaftServerImpl.replyFuture(RaftServerImpl.java:953)
	at org.apache.ratis.server.impl.RaftServerImpl.submitClientRequestAsync(RaftServerImpl.java:930)
	at org.apache.ratis.server.impl.RaftServerImpl.lambda$null$11(RaftServerImpl.java:919)
	at org.apache.ratis.util.JavaUtils.callAsUnchecked(JavaUtils.java:118)
	at org.apache.ratis.server.impl.RaftServerImpl.lambda$executeSubmitClientRequestAsync$12(RaftServerImpl.java:919)
	at java.base/java.util.concurrent.CompletableFuture$AsyncSupply.run(CompletableFuture.java:1768)
	at java.base/java.util.concurrent.ThreadPoolExecutor.runWorker(ThreadPoolExecutor.java:1144)
	at java.base/java.util.concurrent.ThreadPoolExecutor$Worker.run(ThreadPoolExecutor.java:642)
	at java.base/java.lang.Thread.run(Thread.java:1583)
2025-07-19 06:07:24,128 [grpc-default-executor-2] ERROR impl.OrderedAsync (OrderedAsync.java:lambda$send$4(181)) - Failed to send request, message=cmdType: WriteChunk
traceID: ""
containerID: 4
datanodeUuid: "e4fa6cd0-dc30-4550-b12f-023a3466045b"
writeChunk {
  blockID {
    containerID: 4
    localID: 115816896921600004
    blockCommitSequenceId: 0
  }
  chunkData {
    chunkName: "115816896921600004.data.0"
    offset: 0
    len: 5
    checksumData {
      type: CRC32
      bytesPerChecksum: 1048576
      checksums: "\031.\241u"
    }
  }
}
version: 3
, data.size=5
java.util.concurrent.CompletionException: org.apache.ratis.protocol.exceptions.StateMachineException: org.apache.hadoop.hdds.scm.container.common.helpers.ContainerNotOpenException from Server e4fa6cd0-dc30-4550-b12f-023a3466045b@group-7FD69FEA80D4: Container 4 in UNHEALTHY state
	at org.apache.ratis.client.impl.RaftClientImpl.handleRaftException(RaftClientImpl.java:373)
	at org.apache.ratis.client.impl.OrderedAsync.lambda$send$3(OrderedAsync.java:175)
	at java.base/java.util.concurrent.CompletableFuture$UniApply.tryFire(CompletableFuture.java:646)
	at java.base/java.util.concurrent.CompletableFuture.postComplete(CompletableFuture.java:510)
	at java.base/java.util.concurrent.CompletableFuture.complete(CompletableFuture.java:2179)
	at org.apache.ratis.client.impl.OrderedAsync$PendingOrderedRequest.setReply(OrderedAsync.java:105)
	at org.apache.ratis.client.impl.OrderedAsync$PendingOrderedRequest.setReply(OrderedAsync.java:66)
	at org.apache.ratis.util.SlidingWindow$RequestMap.setReply(SlidingWindow.java:147)
	at org.apache.ratis.util.SlidingWindow$Client.receiveReply(SlidingWindow.java:351)
	at org.apache.ratis.client.impl.OrderedAsync.lambda$sendRequestWithRetry$5(OrderedAsync.java:210)
	at java.base/java.util.concurrent.CompletableFuture$UniAccept.tryFire(CompletableFuture.java:718)
	at java.base/java.util.concurrent.CompletableFuture.postComplete(CompletableFuture.java:510)
	at java.base/java.util.concurrent.CompletableFuture.complete(CompletableFuture.java:2179)
	at org.apache.ratis.grpc.client.GrpcClientProtocolClient$AsyncStreamObservers$1.lambda$onNext$0(GrpcClientProtocolClient.java:325)
	at java.base/java.util.Optional.ifPresent(Optional.java:178)
	at org.apache.ratis.grpc.client.GrpcClientProtocolClient$AsyncStreamObservers.handleReplyFuture(GrpcClientProtocolClient.java:381)
	at org.apache.ratis.grpc.client.GrpcClientProtocolClient$AsyncStreamObservers.access$100(GrpcClientProtocolClient.java:303)
	at org.apache.ratis.grpc.client.GrpcClientProtocolClient$AsyncStreamObservers$1.onNext(GrpcClientProtocolClient.java:325)
	at org.apache.ratis.grpc.client.GrpcClientProtocolClient$AsyncStreamObservers$1.onNext(GrpcClientProtocolClient.java:308)
	at org.apache.ratis.thirdparty.io.grpc.stub.ClientCalls$StreamObserverToCallListenerAdapter.onMessage(ClientCalls.java:551)
	at org.apache.ratis.thirdparty.io.grpc.ForwardingClientCallListener.onMessage(ForwardingClientCallListener.java:33)
	at org.apache.ratis.thirdparty.io.grpc.internal.DelayedClientCall$DelayedListener.onMessage(DelayedClientCall.java:473)
	at org.apache.ratis.thirdparty.io.grpc.internal.ClientCallImpl$ClientStreamListenerImpl$1MessagesAvailable.runInternal(ClientCallImpl.java:661)
	at org.apache.ratis.thirdparty.io.grpc.internal.ClientCallImpl$ClientStreamListenerImpl$1MessagesAvailable.runInContext(ClientCallImpl.java:648)
	at org.apache.ratis.thirdparty.io.grpc.internal.ContextRunnable.run(ContextRunnable.java:37)
	at org.apache.ratis.thirdparty.io.grpc.internal.SerializingExecutor.run(SerializingExecutor.java:133)
	at java.base/java.util.concurrent.ThreadPoolExecutor.runWorker(ThreadPoolExecutor.java:1144)
	at java.base/java.util.concurrent.ThreadPoolExecutor$Worker.run(ThreadPoolExecutor.java:642)
	at java.base/java.lang.Thread.run(Thread.java:1583)
Caused by: org.apache.ratis.protocol.exceptions.StateMachineException: org.apache.hadoop.hdds.scm.container.common.helpers.ContainerNotOpenException from Server e4fa6cd0-dc30-4550-b12f-023a3466045b@group-7FD69FEA80D4: Container 4 in UNHEALTHY state
	at org.apache.hadoop.ozone.container.common.impl.HddsDispatcher.validateContainerCommand(HddsDispatcher.java:580)
	at org.apache.hadoop.ozone.container.common.transport.server.ratis.ContainerStateMachine.startTransaction(ContainerStateMachine.java:488)
	at org.apache.ratis.server.impl.RaftServerImpl.writeAsyncImpl(RaftServerImpl.java:987)
	at org.apache.ratis.server.impl.RaftServerImpl.writeAsync(RaftServerImpl.java:960)
	at org.apache.ratis.server.impl.RaftServerImpl.replyFuture(RaftServerImpl.java:953)
	at org.apache.ratis.server.impl.RaftServerImpl.submitClientRequestAsync(RaftServerImpl.java:930)
	at org.apache.ratis.server.impl.RaftServerImpl.lambda$null$11(RaftServerImpl.java:919)
	at org.apache.ratis.util.JavaUtils.callAsUnchecked(JavaUtils.java:118)
	at org.apache.ratis.server.impl.RaftServerImpl.lambda$executeSubmitClientRequestAsync$12(RaftServerImpl.java:919)
	at java.base/java.util.concurrent.CompletableFuture$AsyncSupply.run(CompletableFuture.java:1768)
	... 3 more
Caused by: org.apache.hadoop.hdds.scm.container.common.helpers.ContainerNotOpenException: Container 4 in UNHEALTHY state
	at java.base/jdk.internal.reflect.DirectConstructorHandleAccessor.newInstance(DirectConstructorHandleAccessor.java:62)
	at java.base/java.lang.reflect.Constructor.newInstanceWithCaller(Constructor.java:502)
	at java.base/java.lang.reflect.Constructor.newInstance(Constructor.java:486)
	at org.apache.ratis.util.ReflectionUtils.instantiateException(ReflectionUtils.java:265)
	at org.apache.ratis.client.impl.ClientProtoUtils.toStateMachineException(ClientProtoUtils.java:455)
	at org.apache.ratis.client.impl.ClientProtoUtils.toStateMachineException(ClientProtoUtils.java:441)
	at org.apache.ratis.client.impl.ClientProtoUtils.toRaftClientReply(ClientProtoUtils.java:408)
	at org.apache.ratis.grpc.client.GrpcClientProtocolClient$AsyncStreamObservers$1.onNext(GrpcClientProtocolClient.java:313)
	at org.apache.ratis.grpc.client.GrpcClientProtocolClient$AsyncStreamObservers$1.onNext(GrpcClientProtocolClient.java:308)
	at org.apache.ratis.thirdparty.io.grpc.stub.ClientCalls$StreamObserverToCallListenerAdapter.onMessage(ClientCalls.java:551)
	at org.apache.ratis.thirdparty.io.grpc.ForwardingClientCallListener.onMessage(ForwardingClientCallListener.java:33)
	at org.apache.ratis.thirdparty.io.grpc.internal.DelayedClientCall$DelayedListener.onMessage(DelayedClientCall.java:473)
	at org.apache.ratis.thirdparty.io.grpc.internal.ClientCallImpl$ClientStreamListenerImpl$1MessagesAvailable.runInternal(ClientCallImpl.java:661)
	at org.apache.ratis.thirdparty.io.grpc.internal.ClientCallImpl$ClientStreamListenerImpl$1MessagesAvailable.runInContext(ClientCallImpl.java:648)
	at org.apache.ratis.thirdparty.io.grpc.internal.ContextRunnable.run(ContextRunnable.java:37)
	at org.apache.ratis.thirdparty.io.grpc.internal.SerializingExecutor.run(SerializingExecutor.java:133)
	... 3 more
2025-07-19 06:07:24,130 [grpc-default-executor-2] ERROR impl.OrderedAsync (OrderedAsync.java:lambda$send$4(181)) - Failed to send request, message=cmdType: WriteChunk
traceID: ""
containerID: 4
datanodeUuid: "e4fa6cd0-dc30-4550-b12f-023a3466045b"
writeChunk {
  blockID {
    containerID: 4
    localID: 115816896921600004
    blockCommitSequenceId: 0
  }
  chunkData {
    chunkName: "115816896921600004.data.0"
    offset: 0
    len: 5
    checksumData {
      type: CRC32
      bytesPerChecksum: 1048576
      checksums: "\201\2732\323"
    }
  }
}
version: 3
, data.size=5
java.util.concurrent.CompletionException: org.apache.ratis.protocol.exceptions.StateMachineException: org.apache.hadoop.hdds.scm.container.common.helpers.ContainerNotOpenException from Server e4fa6cd0-dc30-4550-b12f-023a3466045b@group-7FD69FEA80D4: Container 4 in UNHEALTHY state
	at org.apache.ratis.client.impl.RaftClientImpl.handleRaftException(RaftClientImpl.java:373)
	at org.apache.ratis.client.impl.OrderedAsync.lambda$send$3(OrderedAsync.java:175)
	at java.base/java.util.concurrent.CompletableFuture$UniApply.tryFire(CompletableFuture.java:646)
	at java.base/java.util.concurrent.CompletableFuture.postComplete(CompletableFuture.java:510)
	at java.base/java.util.concurrent.CompletableFuture.complete(CompletableFuture.java:2179)
	at org.apache.ratis.client.impl.OrderedAsync$PendingOrderedRequest.setReply(OrderedAsync.java:105)
	at org.apache.ratis.client.impl.OrderedAsync$PendingOrderedRequest.setReply(OrderedAsync.java:66)
	at org.apache.ratis.util.SlidingWindow$RequestMap.setReply(SlidingWindow.java:147)
	at org.apache.ratis.util.SlidingWindow$Client.receiveReply(SlidingWindow.java:351)
	at org.apache.ratis.client.impl.OrderedAsync.lambda$sendRequestWithRetry$5(OrderedAsync.java:210)
	at java.base/java.util.concurrent.CompletableFuture$UniAccept.tryFire(CompletableFuture.java:718)
	at java.base/java.util.concurrent.CompletableFuture.postComplete(CompletableFuture.java:510)
	at java.base/java.util.concurrent.CompletableFuture.complete(CompletableFuture.java:2179)
	at org.apache.ratis.grpc.client.GrpcClientProtocolClient$AsyncStreamObservers$1.lambda$onNext$0(GrpcClientProtocolClient.java:325)
	at java.base/java.util.Optional.ifPresent(Optional.java:178)
	at org.apache.ratis.grpc.client.GrpcClientProtocolClient$AsyncStreamObservers.handleReplyFuture(GrpcClientProtocolClient.java:381)
	at org.apache.ratis.grpc.client.GrpcClientProtocolClient$AsyncStreamObservers.access$100(GrpcClientProtocolClient.java:303)
	at org.apache.ratis.grpc.client.GrpcClientProtocolClient$AsyncStreamObservers$1.onNext(GrpcClientProtocolClient.java:325)
	at org.apache.ratis.grpc.client.GrpcClientProtocolClient$AsyncStreamObservers$1.onNext(GrpcClientProtocolClient.java:308)
	at org.apache.ratis.thirdparty.io.grpc.stub.ClientCalls$StreamObserverToCallListenerAdapter.onMessage(ClientCalls.java:551)
	at org.apache.ratis.thirdparty.io.grpc.ForwardingClientCallListener.onMessage(ForwardingClientCallListener.java:33)
	at org.apache.ratis.thirdparty.io.grpc.internal.DelayedClientCall$DelayedListener.onMessage(DelayedClientCall.java:473)
	at org.apache.ratis.thirdparty.io.grpc.internal.ClientCallImpl$ClientStreamListenerImpl$1MessagesAvailable.runInternal(ClientCallImpl.java:661)
	at org.apache.ratis.thirdparty.io.grpc.internal.ClientCallImpl$ClientStreamListenerImpl$1MessagesAvailable.runInContext(ClientCallImpl.java:648)
	at org.apache.ratis.thirdparty.io.grpc.internal.ContextRunnable.run(ContextRunnable.java:37)
	at org.apache.ratis.thirdparty.io.grpc.internal.SerializingExecutor.run(SerializingExecutor.java:133)
	at java.base/java.util.concurrent.ThreadPoolExecutor.runWorker(ThreadPoolExecutor.java:1144)
	at java.base/java.util.concurrent.ThreadPoolExecutor$Worker.run(ThreadPoolExecutor.java:642)
	at java.base/java.lang.Thread.run(Thread.java:1583)
Caused by: org.apache.ratis.protocol.exceptions.StateMachineException: org.apache.hadoop.hdds.scm.container.common.helpers.ContainerNotOpenException from Server e4fa6cd0-dc30-4550-b12f-023a3466045b@group-7FD69FEA80D4: Container 4 in UNHEALTHY state
	at org.apache.hadoop.ozone.container.common.impl.HddsDispatcher.validateContainerCommand(HddsDispatcher.java:580)
	at org.apache.hadoop.ozone.container.common.transport.server.ratis.ContainerStateMachine.startTransaction(ContainerStateMachine.java:488)
	at org.apache.ratis.server.impl.RaftServerImpl.writeAsyncImpl(RaftServerImpl.java:987)
	at org.apache.ratis.server.impl.RaftServerImpl.writeAsync(RaftServerImpl.java:960)
	at org.apache.ratis.server.impl.RaftServerImpl.replyFuture(RaftServerImpl.java:953)
	at org.apache.ratis.server.impl.RaftServerImpl.submitClientRequestAsync(RaftServerImpl.java:930)
	at org.apache.ratis.server.impl.RaftServerImpl.lambda$null$11(RaftServerImpl.java:919)
	at org.apache.ratis.util.JavaUtils.callAsUnchecked(JavaUtils.java:118)
	at org.apache.ratis.server.impl.RaftServerImpl.lambda$executeSubmitClientRequestAsync$12(RaftServerImpl.java:919)
	at java.base/java.util.concurrent.CompletableFuture$AsyncSupply.run(CompletableFuture.java:1768)
	... 3 more
Caused by: org.apache.hadoop.hdds.scm.container.common.helpers.ContainerNotOpenException: Container 4 in UNHEALTHY state
	at java.base/jdk.internal.reflect.DirectConstructorHandleAccessor.newInstance(DirectConstructorHandleAccessor.java:62)
	at java.base/java.lang.reflect.Constructor.newInstanceWithCaller(Constructor.java:502)
	at java.base/java.lang.reflect.Constructor.newInstance(Constructor.java:486)
	at org.apache.ratis.util.ReflectionUtils.instantiateException(ReflectionUtils.java:265)
	at org.apache.ratis.client.impl.ClientProtoUtils.toStateMachineException(ClientProtoUtils.java:455)
	at org.apache.ratis.client.impl.ClientProtoUtils.toStateMachineException(ClientProtoUtils.java:441)
	at org.apache.ratis.client.impl.ClientProtoUtils.toRaftClientReply(ClientProtoUtils.java:408)
	at org.apache.ratis.grpc.client.GrpcClientProtocolClient$AsyncStreamObservers$1.onNext(GrpcClientProtocolClient.java:313)
	at org.apache.ratis.grpc.client.GrpcClientProtocolClient$AsyncStreamObservers$1.onNext(GrpcClientProtocolClient.java:308)
	at org.apache.ratis.thirdparty.io.grpc.stub.ClientCalls$StreamObserverToCallListenerAdapter.onMessage(ClientCalls.java:551)
	at org.apache.ratis.thirdparty.io.grpc.ForwardingClientCallListener.onMessage(ForwardingClientCallListener.java:33)
	at org.apache.ratis.thirdparty.io.grpc.internal.DelayedClientCall$DelayedListener.onMessage(DelayedClientCall.java:473)
	at org.apache.ratis.thirdparty.io.grpc.internal.ClientCallImpl$ClientStreamListenerImpl$1MessagesAvailable.runInternal(ClientCallImpl.java:661)
	at org.apache.ratis.thirdparty.io.grpc.internal.ClientCallImpl$ClientStreamListenerImpl$1MessagesAvailable.runInContext(ClientCallImpl.java:648)
	at org.apache.ratis.thirdparty.io.grpc.internal.ContextRunnable.run(ContextRunnable.java:37)
	at org.apache.ratis.thirdparty.io.grpc.internal.SerializingExecutor.run(SerializingExecutor.java:133)
	... 3 more
2025-07-19T06:07:24.131621034Z e4fa6cd0-dc30-4550-b12f-023a3466045b-client-thread2 ERROR user=null | ip=null | op=WRITE_CHUNK {blockData=conID: 4 locID: 115816896921600004 bcsId: 0 replicaIndex: null, offset=0, size=5} | ret=FAILURE
org.apache.hadoop.hdds.scm.container.common.helpers.ContainerNotOpenException: Container 4 in UNHEALTHY state
	at org.apache.hadoop.ozone.container.common.impl.HddsDispatcher.validateContainerCommand(HddsDispatcher.java:580)
	at org.apache.hadoop.ozone.container.common.transport.server.ratis.ContainerStateMachine.startTransaction(ContainerStateMachine.java:488)
	at org.apache.ratis.server.impl.RaftServerImpl.writeAsyncImpl(RaftServerImpl.java:987)
	at org.apache.ratis.server.impl.RaftServerImpl.writeAsync(RaftServerImpl.java:960)
	at org.apache.ratis.server.impl.RaftServerImpl.replyFuture(RaftServerImpl.java:953)
	at org.apache.ratis.server.impl.RaftServerImpl.submitClientRequestAsync(RaftServerImpl.java:930)
	at org.apache.ratis.server.impl.RaftServerImpl.lambda$null$11(RaftServerImpl.java:919)
	at org.apache.ratis.util.JavaUtils.callAsUnchecked(JavaUtils.java:118)
	at org.apache.ratis.server.impl.RaftServerImpl.lambda$executeSubmitClientRequestAsync$12(RaftServerImpl.java:919)
	at java.base/java.util.concurrent.CompletableFuture$AsyncSupply.run(CompletableFuture.java:1768)
	at java.base/java.util.concurrent.ThreadPoolExecutor.runWorker(ThreadPoolExecutor.java:1144)
	at java.base/java.util.concurrent.ThreadPoolExecutor$Worker.run(ThreadPoolExecutor.java:642)
	at java.base/java.lang.Thread.run(Thread.java:1583)
2025-07-19 06:07:24,131 [grpc-default-executor-2] ERROR impl.OrderedAsync (OrderedAsync.java:lambda$send$4(181)) - Failed to send request, message=cmdType: WriteChunk
traceID: ""
containerID: 4
datanodeUuid: "e4fa6cd0-dc30-4550-b12f-023a3466045b"
writeChunk {
  blockID {
    containerID: 4
    localID: 115816896921600004
    blockCommitSequenceId: 0
  }
  chunkData {
    chunkName: "115816896921600004.data.0"
    offset: 0
    len: 5
    checksumData {
      type: CRC32
      bytesPerChecksum: 1048576
      checksums: "z\023e\212"
    }
  }
}
version: 3
, data.size=5
java.util.concurrent.CompletionException: org.apache.ratis.protocol.exceptions.StateMachineException: org.apache.hadoop.hdds.scm.container.common.helpers.ContainerNotOpenException from Server e4fa6cd0-dc30-4550-b12f-023a3466045b@group-7FD69FEA80D4: Container 4 in UNHEALTHY state
	at org.apache.ratis.client.impl.RaftClientImpl.handleRaftException(RaftClientImpl.java:373)
	at org.apache.ratis.client.impl.OrderedAsync.lambda$send$3(OrderedAsync.java:175)
	at java.base/java.util.concurrent.CompletableFuture$UniApply.tryFire(CompletableFuture.java:646)
	at java.base/java.util.concurrent.CompletableFuture.postComplete(CompletableFuture.java:510)
	at java.base/java.util.concurrent.CompletableFuture.complete(CompletableFuture.java:2179)
	at org.apache.ratis.client.impl.OrderedAsync$PendingOrderedRequest.setReply(OrderedAsync.java:105)
	at org.apache.ratis.client.impl.OrderedAsync$PendingOrderedRequest.setReply(OrderedAsync.java:66)
	at org.apache.ratis.util.SlidingWindow$RequestMap.setReply(SlidingWindow.java:147)
	at org.apache.ratis.util.SlidingWindow$Client.receiveReply(SlidingWindow.java:351)
	at org.apache.ratis.client.impl.OrderedAsync.lambda$sendRequestWithRetry$5(OrderedAsync.java:210)
	at java.base/java.util.concurrent.CompletableFuture$UniAccept.tryFire(CompletableFuture.java:718)
	at java.base/java.util.concurrent.CompletableFuture.postComplete(CompletableFuture.java:510)
	at java.base/java.util.concurrent.CompletableFuture.complete(CompletableFuture.java:2179)
	at org.apache.ratis.grpc.client.GrpcClientProtocolClient$AsyncStreamObservers$1.lambda$onNext$0(GrpcClientProtocolClient.java:325)
	at java.base/java.util.Optional.ifPresent(Optional.java:178)
	at org.apache.ratis.grpc.client.GrpcClientProtocolClient$AsyncStreamObservers.handleReplyFuture(GrpcClientProtocolClient.java:381)
	at org.apache.ratis.grpc.client.GrpcClientProtocolClient$AsyncStreamObservers.access$100(GrpcClientProtocolClient.java:303)
	at org.apache.ratis.grpc.client.GrpcClientProtocolClient$AsyncStreamObservers$1.onNext(GrpcClientProtocolClient.java:325)
	at org.apache.ratis.grpc.client.GrpcClientProtocolClient$AsyncStreamObservers$1.onNext(GrpcClientProtocolClient.java:308)
	at org.apache.ratis.thirdparty.io.grpc.stub.ClientCalls$StreamObserverToCallListenerAdapter.onMessage(ClientCalls.java:551)
	at org.apache.ratis.thirdparty.io.grpc.ForwardingClientCallListener.onMessage(ForwardingClientCallListener.java:33)
	at org.apache.ratis.thirdparty.io.grpc.internal.DelayedClientCall$DelayedListener.onMessage(DelayedClientCall.java:473)
	at org.apache.ratis.thirdparty.io.grpc.internal.ClientCallImpl$ClientStreamListenerImpl$1MessagesAvailable.runInternal(ClientCallImpl.java:661)
	at org.apache.ratis.thirdparty.io.grpc.internal.ClientCallImpl$ClientStreamListenerImpl$1MessagesAvailable.runInContext(ClientCallImpl.java:648)
	at org.apache.ratis.thirdparty.io.grpc.internal.ContextRunnable.run(ContextRunnable.java:37)
	at org.apache.ratis.thirdparty.io.grpc.internal.SerializingExecutor.run(SerializingExecutor.java:133)
	at java.base/java.util.concurrent.ThreadPoolExecutor.runWorker(ThreadPoolExecutor.java:1144)
	at java.base/java.util.concurrent.ThreadPoolExecutor$Worker.run(ThreadPoolExecutor.java:642)
	at java.base/java.lang.Thread.run(Thread.java:1583)
Caused by: org.apache.ratis.protocol.exceptions.StateMachineException: org.apache.hadoop.hdds.scm.container.common.helpers.ContainerNotOpenException from Server e4fa6cd0-dc30-4550-b12f-023a3466045b@group-7FD69FEA80D4: Container 4 in UNHEALTHY state
	at org.apache.hadoop.ozone.container.common.impl.HddsDispatcher.validateContainerCommand(HddsDispatcher.java:580)
	at org.apache.hadoop.ozone.container.common.transport.server.ratis.ContainerStateMachine.startTransaction(ContainerStateMachine.java:488)
	at org.apache.ratis.server.impl.RaftServerImpl.writeAsyncImpl(RaftServerImpl.java:987)
	at org.apache.ratis.server.impl.RaftServerImpl.writeAsync(RaftServerImpl.java:960)
	at org.apache.ratis.server.impl.RaftServerImpl.replyFuture(RaftServerImpl.java:953)
	at org.apache.ratis.server.impl.RaftServerImpl.submitClientRequestAsync(RaftServerImpl.java:930)
	at org.apache.ratis.server.impl.RaftServerImpl.lambda$null$11(RaftServerImpl.java:919)
	at org.apache.ratis.util.JavaUtils.callAsUnchecked(JavaUtils.java:118)
	at org.apache.ratis.server.impl.RaftServerImpl.lambda$executeSubmitClientRequestAsync$12(RaftServerImpl.java:919)
	at java.base/java.util.concurrent.CompletableFuture$AsyncSupply.run(CompletableFuture.java:1768)
	... 3 more
Caused by: org.apache.hadoop.hdds.scm.container.common.helpers.ContainerNotOpenException: Container 4 in UNHEALTHY state
	at java.base/jdk.internal.reflect.DirectConstructorHandleAccessor.newInstance(DirectConstructorHandleAccessor.java:62)
	at java.base/java.lang.reflect.Constructor.newInstanceWithCaller(Constructor.java:502)
	at java.base/java.lang.reflect.Constructor.newInstance(Constructor.java:486)
	at org.apache.ratis.util.ReflectionUtils.instantiateException(ReflectionUtils.java:265)
	at org.apache.ratis.client.impl.ClientProtoUtils.toStateMachineException(ClientProtoUtils.java:455)
	at org.apache.ratis.client.impl.ClientProtoUtils.toStateMachineException(ClientProtoUtils.java:441)
	at org.apache.ratis.client.impl.ClientProtoUtils.toRaftClientReply(ClientProtoUtils.java:408)
	at org.apache.ratis.grpc.client.GrpcClientProtocolClient$AsyncStreamObservers$1.onNext(GrpcClientProtocolClient.java:313)
	at org.apache.ratis.grpc.client.GrpcClientProtocolClient$AsyncStreamObservers$1.onNext(GrpcClientProtocolClient.java:308)
	at org.apache.ratis.thirdparty.io.grpc.stub.ClientCalls$StreamObserverToCallListenerAdapter.onMessage(ClientCalls.java:551)
	at org.apache.ratis.thirdparty.io.grpc.ForwardingClientCallListener.onMessage(ForwardingClientCallListener.java:33)
	at org.apache.ratis.thirdparty.io.grpc.internal.DelayedClientCall$DelayedListener.onMessage(DelayedClientCall.java:473)
	at org.apache.ratis.thirdparty.io.grpc.internal.ClientCallImpl$ClientStreamListenerImpl$1MessagesAvailable.runInternal(ClientCallImpl.java:661)
	at org.apache.ratis.thirdparty.io.grpc.internal.ClientCallImpl$ClientStreamListenerImpl$1MessagesAvailable.runInContext(ClientCallImpl.java:648)
	at org.apache.ratis.thirdparty.io.grpc.internal.ContextRunnable.run(ContextRunnable.java:37)
	at org.apache.ratis.thirdparty.io.grpc.internal.SerializingExecutor.run(SerializingExecutor.java:133)
	... 3 more
2025-07-19T06:07:24.133322019Z e4fa6cd0-dc30-4550-b12f-023a3466045b-client-thread2 ERROR user=null | ip=null | op=WRITE_CHUNK {blockData=conID: 4 locID: 115816896921600004 bcsId: 0 replicaIndex: null, offset=0, size=5} | ret=FAILURE
org.apache.hadoop.hdds.scm.container.common.helpers.ContainerNotOpenException: Container 4 in UNHEALTHY state
	at org.apache.hadoop.ozone.container.common.impl.HddsDispatcher.validateContainerCommand(HddsDispatcher.java:580)
	at org.apache.hadoop.ozone.container.common.transport.server.ratis.ContainerStateMachine.startTransaction(ContainerStateMachine.java:488)
	at org.apache.ratis.server.impl.RaftServerImpl.writeAsyncImpl(RaftServerImpl.java:987)
	at org.apache.ratis.server.impl.RaftServerImpl.writeAsync(RaftServerImpl.java:960)
	at org.apache.ratis.server.impl.RaftServerImpl.replyFuture(RaftServerImpl.java:953)
	at org.apache.ratis.server.impl.RaftServerImpl.submitClientRequestAsync(RaftServerImpl.java:930)
	at org.apache.ratis.server.impl.RaftServerImpl.lambda$null$11(RaftServerImpl.java:919)
	at org.apache.ratis.util.JavaUtils.callAsUnchecked(JavaUtils.java:118)
	at org.apache.ratis.server.impl.RaftServerImpl.lambda$executeSubmitClientRequestAsync$12(RaftServerImpl.java:919)
	at java.base/java.util.concurrent.CompletableFuture$AsyncSupply.run(CompletableFuture.java:1768)
	at java.base/java.util.concurrent.ThreadPoolExecutor.runWorker(ThreadPoolExecutor.java:1144)
	at java.base/java.util.concurrent.ThreadPoolExecutor$Worker.run(ThreadPoolExecutor.java:642)
	at java.base/java.lang.Thread.run(Thread.java:1583)
2025-07-19 06:07:24,133 [grpc-default-executor-2] ERROR impl.OrderedAsync (OrderedAsync.java:lambda$send$4(181)) - Failed to send request, message=cmdType: WriteChunk
traceID: ""
containerID: 4
datanodeUuid: "e4fa6cd0-dc30-4550-b12f-023a3466045b"
writeChunk {
  blockID {
    containerID: 4
    localID: 115816896921600004
    blockCommitSequenceId: 0
  }
  chunkData {
    chunkName: "115816896921600004.data.0"
    offset: 0
    len: 5
    checksumData {
      type: CRC32
      bytesPerChecksum: 1048576
      checksums: "\200\343Rv"
    }
  }
}
version: 3
, data.size=5
java.util.concurrent.CompletionException: org.apache.ratis.protocol.exceptions.StateMachineException: org.apache.hadoop.hdds.scm.container.common.helpers.ContainerNotOpenException from Server e4fa6cd0-dc30-4550-b12f-023a3466045b@group-7FD69FEA80D4: Container 4 in UNHEALTHY state
	at org.apache.ratis.client.impl.RaftClientImpl.handleRaftException(RaftClientImpl.java:373)
	at org.apache.ratis.client.impl.OrderedAsync.lambda$send$3(OrderedAsync.java:175)
	at java.base/java.util.concurrent.CompletableFuture$UniApply.tryFire(CompletableFuture.java:646)
	at java.base/java.util.concurrent.CompletableFuture.postComplete(CompletableFuture.java:510)
	at java.base/java.util.concurrent.CompletableFuture.complete(CompletableFuture.java:2179)
	at org.apache.ratis.client.impl.OrderedAsync$PendingOrderedRequest.setReply(OrderedAsync.java:105)
	at org.apache.ratis.client.impl.OrderedAsync$PendingOrderedRequest.setReply(OrderedAsync.java:66)
	at org.apache.ratis.util.SlidingWindow$RequestMap.setReply(SlidingWindow.java:147)
	at org.apache.ratis.util.SlidingWindow$Client.receiveReply(SlidingWindow.java:351)
	at org.apache.ratis.client.impl.OrderedAsync.lambda$sendRequestWithRetry$5(OrderedAsync.java:210)
	at java.base/java.util.concurrent.CompletableFuture$UniAccept.tryFire(CompletableFuture.java:718)
	at java.base/java.util.concurrent.CompletableFuture.postComplete(CompletableFuture.java:510)
	at java.base/java.util.concurrent.CompletableFuture.complete(CompletableFuture.java:2179)
	at org.apache.ratis.grpc.client.GrpcClientProtocolClient$AsyncStreamObservers$1.lambda$onNext$0(GrpcClientProtocolClient.java:325)
	at java.base/java.util.Optional.ifPresent(Optional.java:178)
	at org.apache.ratis.grpc.client.GrpcClientProtocolClient$AsyncStreamObservers.handleReplyFuture(GrpcClientProtocolClient.java:381)
	at org.apache.ratis.grpc.client.GrpcClientProtocolClient$AsyncStreamObservers.access$100(GrpcClientProtocolClient.java:303)
	at org.apache.ratis.grpc.client.GrpcClientProtocolClient$AsyncStreamObservers$1.onNext(GrpcClientProtocolClient.java:325)
	at org.apache.ratis.grpc.client.GrpcClientProtocolClient$AsyncStreamObservers$1.onNext(GrpcClientProtocolClient.java:308)
	at org.apache.ratis.thirdparty.io.grpc.stub.ClientCalls$StreamObserverToCallListenerAdapter.onMessage(ClientCalls.java:551)
	at org.apache.ratis.thirdparty.io.grpc.ForwardingClientCallListener.onMessage(ForwardingClientCallListener.java:33)
	at org.apache.ratis.thirdparty.io.grpc.internal.DelayedClientCall$DelayedListener.onMessage(DelayedClientCall.java:473)
	at org.apache.ratis.thirdparty.io.grpc.internal.ClientCallImpl$ClientStreamListenerImpl$1MessagesAvailable.runInternal(ClientCallImpl.java:661)
	at org.apache.ratis.thirdparty.io.grpc.internal.ClientCallImpl$ClientStreamListenerImpl$1MessagesAvailable.runInContext(ClientCallImpl.java:648)
	at org.apache.ratis.thirdparty.io.grpc.internal.ContextRunnable.run(ContextRunnable.java:37)
	at org.apache.ratis.thirdparty.io.grpc.internal.SerializingExecutor.run(SerializingExecutor.java:133)
	at java.base/java.util.concurrent.ThreadPoolExecutor.runWorker(ThreadPoolExecutor.java:1144)
	at java.base/java.util.concurrent.ThreadPoolExecutor$Worker.run(ThreadPoolExecutor.java:642)
	at java.base/java.lang.Thread.run(Thread.java:1583)
Caused by: org.apache.ratis.protocol.exceptions.StateMachineException: org.apache.hadoop.hdds.scm.container.common.helpers.ContainerNotOpenException from Server e4fa6cd0-dc30-4550-b12f-023a3466045b@group-7FD69FEA80D4: Container 4 in UNHEALTHY state
	at org.apache.hadoop.ozone.container.common.impl.HddsDispatcher.validateContainerCommand(HddsDispatcher.java:580)
	at org.apache.hadoop.ozone.container.common.transport.server.ratis.ContainerStateMachine.startTransaction(ContainerStateMachine.java:488)
	at org.apache.ratis.server.impl.RaftServerImpl.writeAsyncImpl(RaftServerImpl.java:987)
	at org.apache.ratis.server.impl.RaftServerImpl.writeAsync(RaftServerImpl.java:960)
	at org.apache.ratis.server.impl.RaftServerImpl.replyFuture(RaftServerImpl.java:953)
	at org.apache.ratis.server.impl.RaftServerImpl.submitClientRequestAsync(RaftServerImpl.java:930)
	at org.apache.ratis.server.impl.RaftServerImpl.lambda$null$11(RaftServerImpl.java:919)
	at org.apache.ratis.util.JavaUtils.callAsUnchecked(JavaUtils.java:118)
	at org.apache.ratis.server.impl.RaftServerImpl.lambda$executeSubmitClientRequestAsync$12(RaftServerImpl.java:919)
	at java.base/java.util.concurrent.CompletableFuture$AsyncSupply.run(CompletableFuture.java:1768)
	... 3 more
Caused by: org.apache.hadoop.hdds.scm.container.common.helpers.ContainerNotOpenException: Container 4 in UNHEALTHY state
	at java.base/jdk.internal.reflect.DirectConstructorHandleAccessor.newInstance(DirectConstructorHandleAccessor.java:62)
	at java.base/java.lang.reflect.Constructor.newInstanceWithCaller(Constructor.java:502)
	at java.base/java.lang.reflect.Constructor.newInstance(Constructor.java:486)
	at org.apache.ratis.util.ReflectionUtils.instantiateException(ReflectionUtils.java:265)
	at org.apache.ratis.client.impl.ClientProtoUtils.toStateMachineException(ClientProtoUtils.java:455)
	at org.apache.ratis.client.impl.ClientProtoUtils.toStateMachineException(ClientProtoUtils.java:441)
	at org.apache.ratis.client.impl.ClientProtoUtils.toRaftClientReply(ClientProtoUtils.java:408)
	at org.apache.ratis.grpc.client.GrpcClientProtocolClient$AsyncStreamObservers$1.onNext(GrpcClientProtocolClient.java:313)
	at org.apache.ratis.grpc.client.GrpcClientProtocolClient$AsyncStreamObservers$1.onNext(GrpcClientProtocolClient.java:308)
	at org.apache.ratis.thirdparty.io.grpc.stub.ClientCalls$StreamObserverToCallListenerAdapter.onMessage(ClientCalls.java:551)
	at org.apache.ratis.thirdparty.io.grpc.ForwardingClientCallListener.onMessage(ForwardingClientCallListener.java:33)
	at org.apache.ratis.thirdparty.io.grpc.internal.DelayedClientCall$DelayedListener.onMessage(DelayedClientCall.java:473)
	at org.apache.ratis.thirdparty.io.grpc.internal.ClientCallImpl$ClientStreamListenerImpl$1MessagesAvailable.runInternal(ClientCallImpl.java:661)
	at org.apache.ratis.thirdparty.io.grpc.internal.ClientCallImpl$ClientStreamListenerImpl$1MessagesAvailable.runInContext(ClientCallImpl.java:648)
	at org.apache.ratis.thirdparty.io.grpc.internal.ContextRunnable.run(ContextRunnable.java:37)
	at org.apache.ratis.thirdparty.io.grpc.internal.SerializingExecutor.run(SerializingExecutor.java:133)
	... 3 more
2025-07-19T06:07:24.134723569Z e4fa6cd0-dc30-4550-b12f-023a3466045b-client-thread2 ERROR user=null | ip=null | op=WRITE_CHUNK {blockData=conID: 4 locID: 115816896921600004 bcsId: 0 replicaIndex: null, offset=0, size=5} | ret=FAILURE
org.apache.hadoop.hdds.scm.container.common.helpers.ContainerNotOpenException: Container 4 in UNHEALTHY state
	at org.apache.hadoop.ozone.container.common.impl.HddsDispatcher.validateContainerCommand(HddsDispatcher.java:580)
	at org.apache.hadoop.ozone.container.common.transport.server.ratis.ContainerStateMachine.startTransaction(ContainerStateMachine.java:488)
	at org.apache.ratis.server.impl.RaftServerImpl.writeAsyncImpl(RaftServerImpl.java:987)
	at org.apache.ratis.server.impl.RaftServerImpl.writeAsync(RaftServerImpl.java:960)
	at org.apache.ratis.server.impl.RaftServerImpl.replyFuture(RaftServerImpl.java:953)
	at org.apache.ratis.server.impl.RaftServerImpl.submitClientRequestAsync(RaftServerImpl.java:930)
	at org.apache.ratis.server.impl.RaftServerImpl.lambda$null$11(RaftServerImpl.java:919)
	at org.apache.ratis.util.JavaUtils.callAsUnchecked(JavaUtils.java:118)
	at org.apache.ratis.server.impl.RaftServerImpl.lambda$executeSubmitClientRequestAsync$12(RaftServerImpl.java:919)
	at java.base/java.util.concurrent.CompletableFuture$AsyncSupply.run(CompletableFuture.java:1768)
	at java.base/java.util.concurrent.ThreadPoolExecutor.runWorker(ThreadPoolExecutor.java:1144)
	at java.base/java.util.concurrent.ThreadPoolExecutor$Worker.run(ThreadPoolExecutor.java:642)
	at java.base/java.lang.Thread.run(Thread.java:1583)
2025-07-19T06:07:24.135430716Z e4fa6cd0-dc30-4550-b12f-023a3466045b-client-thread2 ERROR user=null | ip=null | op=WRITE_CHUNK {blockData=conID: 4 locID: 115816896921600004 bcsId: 0 replicaIndex: null, offset=0, size=5} | ret=FAILURE
org.apache.hadoop.hdds.scm.container.common.helpers.ContainerNotOpenException: Container 4 in UNHEALTHY state
	at org.apache.hadoop.ozone.container.common.impl.HddsDispatcher.validateContainerCommand(HddsDispatcher.java:580)
	at org.apache.hadoop.ozone.container.common.transport.server.ratis.ContainerStateMachine.startTransaction(ContainerStateMachine.java:488)
	at org.apache.ratis.server.impl.RaftServerImpl.writeAsyncImpl(RaftServerImpl.java:987)
	at org.apache.ratis.server.impl.RaftServerImpl.writeAsync(RaftServerImpl.java:960)
	at org.apache.ratis.server.impl.RaftServerImpl.replyFuture(RaftServerImpl.java:953)
	at org.apache.ratis.server.impl.RaftServerImpl.submitClientRequestAsync(RaftServerImpl.java:930)
	at org.apache.ratis.server.impl.RaftServerImpl.lambda$null$11(RaftServerImpl.java:919)
	at org.apache.ratis.util.JavaUtils.callAsUnchecked(JavaUtils.java:118)
	at org.apache.ratis.server.impl.RaftServerImpl.lambda$executeSubmitClientRequestAsync$12(RaftServerImpl.java:919)
	at java.base/java.util.concurrent.CompletableFuture$AsyncSupply.run(CompletableFuture.java:1768)
	at java.base/java.util.concurrent.ThreadPoolExecutor.runWorker(ThreadPoolExecutor.java:1144)
	at java.base/java.util.concurrent.ThreadPoolExecutor$Worker.run(ThreadPoolExecutor.java:642)
	at java.base/java.lang.Thread.run(Thread.java:1583)
2025-07-19 06:07:24,135 [grpc-default-executor-2] ERROR impl.OrderedAsync (OrderedAsync.java:lambda$send$4(181)) - Failed to send request, message=cmdType: WriteChunk
traceID: ""
containerID: 4
datanodeUuid: "e4fa6cd0-dc30-4550-b12f-023a3466045b"
writeChunk {
  blockID {
    containerID: 4
    localID: 115816896921600004
    blockCommitSequenceId: 0
  }
  chunkData {
    chunkName: "115816896921600004.data.0"
    offset: 0
    len: 5
    checksumData {
      type: CRC32
      bytesPerChecksum: 1048576
      checksums: "\235k\211Q"
    }
  }
}
version: 3
, data.size=5
java.util.concurrent.CompletionException: org.apache.ratis.protocol.exceptions.StateMachineException: org.apache.hadoop.hdds.scm.container.common.helpers.ContainerNotOpenException from Server e4fa6cd0-dc30-4550-b12f-023a3466045b@group-7FD69FEA80D4: Container 4 in UNHEALTHY state
	at org.apache.ratis.client.impl.RaftClientImpl.handleRaftException(RaftClientImpl.java:373)
	at org.apache.ratis.client.impl.OrderedAsync.lambda$send$3(OrderedAsync.java:175)
	at java.base/java.util.concurrent.CompletableFuture$UniApply.tryFire(CompletableFuture.java:646)
	at java.base/java.util.concurrent.CompletableFuture.postComplete(CompletableFuture.java:510)
	at java.base/java.util.concurrent.CompletableFuture.complete(CompletableFuture.java:2179)
	at org.apache.ratis.client.impl.OrderedAsync$PendingOrderedRequest.setReply(OrderedAsync.java:105)
	at org.apache.ratis.client.impl.OrderedAsync$PendingOrderedRequest.setReply(OrderedAsync.java:66)
	at org.apache.ratis.util.SlidingWindow$RequestMap.setReply(SlidingWindow.java:147)
	at org.apache.ratis.util.SlidingWindow$Client.receiveReply(SlidingWindow.java:351)
	at org.apache.ratis.client.impl.OrderedAsync.lambda$sendRequestWithRetry$5(OrderedAsync.java:210)
	at java.base/java.util.concurrent.CompletableFuture$UniAccept.tryFire(CompletableFuture.java:718)
	at java.base/java.util.concurrent.CompletableFuture.postComplete(CompletableFuture.java:510)
	at java.base/java.util.concurrent.CompletableFuture.complete(CompletableFuture.java:2179)
	at org.apache.ratis.grpc.client.GrpcClientProtocolClient$AsyncStreamObservers$1.lambda$onNext$0(GrpcClientProtocolClient.java:325)
	at java.base/java.util.Optional.ifPresent(Optional.java:178)
	at org.apache.ratis.grpc.client.GrpcClientProtocolClient$AsyncStreamObservers.handleReplyFuture(GrpcClientProtocolClient.java:381)
	at org.apache.ratis.grpc.client.GrpcClientProtocolClient$AsyncStreamObservers.access$100(GrpcClientProtocolClient.java:303)
	at org.apache.ratis.grpc.client.GrpcClientProtocolClient$AsyncStreamObservers$1.onNext(GrpcClientProtocolClient.java:325)
	at org.apache.ratis.grpc.client.GrpcClientProtocolClient$AsyncStreamObservers$1.onNext(GrpcClientProtocolClient.java:308)
	at org.apache.ratis.thirdparty.io.grpc.stub.ClientCalls$StreamObserverToCallListenerAdapter.onMessage(ClientCalls.java:551)
	at org.apache.ratis.thirdparty.io.grpc.ForwardingClientCallListener.onMessage(ForwardingClientCallListener.java:33)
	at org.apache.ratis.thirdparty.io.grpc.internal.DelayedClientCall$DelayedListener.onMessage(DelayedClientCall.java:473)
	at org.apache.ratis.thirdparty.io.grpc.internal.ClientCallImpl$ClientStreamListenerImpl$1MessagesAvailable.runInternal(ClientCallImpl.java:661)
	at org.apache.ratis.thirdparty.io.grpc.internal.ClientCallImpl$ClientStreamListenerImpl$1MessagesAvailable.runInContext(ClientCallImpl.java:648)
	at org.apache.ratis.thirdparty.io.grpc.internal.ContextRunnable.run(ContextRunnable.java:37)
	at org.apache.ratis.thirdparty.io.grpc.internal.SerializingExecutor.run(SerializingExecutor.java:133)
	at java.base/java.util.concurrent.ThreadPoolExecutor.runWorker(ThreadPoolExecutor.java:1144)
	at java.base/java.util.concurrent.ThreadPoolExecutor$Worker.run(ThreadPoolExecutor.java:642)
	at java.base/java.lang.Thread.run(Thread.java:1583)
Caused by: org.apache.ratis.protocol.exceptions.StateMachineException: org.apache.hadoop.hdds.scm.container.common.helpers.ContainerNotOpenException from Server e4fa6cd0-dc30-4550-b12f-023a3466045b@group-7FD69FEA80D4: Container 4 in UNHEALTHY state
	at org.apache.hadoop.ozone.container.common.impl.HddsDispatcher.validateContainerCommand(HddsDispatcher.java:580)
	at org.apache.hadoop.ozone.container.common.transport.server.ratis.ContainerStateMachine.startTransaction(ContainerStateMachine.java:488)
	at org.apache.ratis.server.impl.RaftServerImpl.writeAsyncImpl(RaftServerImpl.java:987)
	at org.apache.ratis.server.impl.RaftServerImpl.writeAsync(RaftServerImpl.java:960)
	at org.apache.ratis.server.impl.RaftServerImpl.replyFuture(RaftServerImpl.java:953)
	at org.apache.ratis.server.impl.RaftServerImpl.submitClientRequestAsync(RaftServerImpl.java:930)
	at org.apache.ratis.server.impl.RaftServerImpl.lambda$null$11(RaftServerImpl.java:919)
	at org.apache.ratis.util.JavaUtils.callAsUnchecked(JavaUtils.java:118)
	at org.apache.ratis.server.impl.RaftServerImpl.lambda$executeSubmitClientRequestAsync$12(RaftServerImpl.java:919)
	at java.base/java.util.concurrent.CompletableFuture$AsyncSupply.run(CompletableFuture.java:1768)
	... 3 more
Caused by: org.apache.hadoop.hdds.scm.container.common.helpers.ContainerNotOpenException: Container 4 in UNHEALTHY state
	at java.base/jdk.internal.reflect.DirectConstructorHandleAccessor.newInstance(DirectConstructorHandleAccessor.java:62)
	at java.base/java.lang.reflect.Constructor.newInstanceWithCaller(Constructor.java:502)
	at java.base/java.lang.reflect.Constructor.newInstance(Constructor.java:486)
	at org.apache.ratis.util.ReflectionUtils.instantiateException(ReflectionUtils.java:265)
	at org.apache.ratis.client.impl.ClientProtoUtils.toStateMachineException(ClientProtoUtils.java:455)
	at org.apache.ratis.client.impl.ClientProtoUtils.toStateMachineException(ClientProtoUtils.java:441)
	at org.apache.ratis.client.impl.ClientProtoUtils.toRaftClientReply(ClientProtoUtils.java:408)
	at org.apache.ratis.grpc.client.GrpcClientProtocolClient$AsyncStreamObservers$1.onNext(GrpcClientProtocolClient.java:313)
	at org.apache.ratis.grpc.client.GrpcClientProtocolClient$AsyncStreamObservers$1.onNext(GrpcClientProtocolClient.java:308)
	at org.apache.ratis.thirdparty.io.grpc.stub.ClientCalls$StreamObserverToCallListenerAdapter.onMessage(ClientCalls.java:551)
	at org.apache.ratis.thirdparty.io.grpc.ForwardingClientCallListener.onMessage(ForwardingClientCallListener.java:33)
	at org.apache.ratis.thirdparty.io.grpc.internal.DelayedClientCall$DelayedListener.onMessage(DelayedClientCall.java:473)
	at org.apache.ratis.thirdparty.io.grpc.internal.ClientCallImpl$ClientStreamListenerImpl$1MessagesAvailable.runInternal(ClientCallImpl.java:661)
	at org.apache.ratis.thirdparty.io.grpc.internal.ClientCallImpl$ClientStreamListenerImpl$1MessagesAvailable.runInContext(ClientCallImpl.java:648)
	at org.apache.ratis.thirdparty.io.grpc.internal.ContextRunnable.run(ContextRunnable.java:37)
	at org.apache.ratis.thirdparty.io.grpc.internal.SerializingExecutor.run(SerializingExecutor.java:133)
	... 3 more
2025-07-19T06:07:24.138199115Z e4fa6cd0-dc30-4550-b12f-023a3466045b-client-thread2 ERROR user=null | ip=null | op=WRITE_CHUNK {blockData=conID: 4 locID: 115816896921600004 bcsId: 0 replicaIndex: null, offset=0, size=5} | ret=FAILURE
org.apache.hadoop.hdds.scm.container.common.helpers.ContainerNotOpenException: Container 4 in UNHEALTHY state
	at org.apache.hadoop.ozone.container.common.impl.HddsDispatcher.validateContainerCommand(HddsDispatcher.java:580)
	at org.apache.hadoop.ozone.container.common.transport.server.ratis.ContainerStateMachine.startTransaction(ContainerStateMachine.java:488)
	at org.apache.ratis.server.impl.RaftServerImpl.writeAsyncImpl(RaftServerImpl.java:987)
	at org.apache.ratis.server.impl.RaftServerImpl.writeAsync(RaftServerImpl.java:960)
	at org.apache.ratis.server.impl.RaftServerImpl.replyFuture(RaftServerImpl.java:953)
	at org.apache.ratis.server.impl.RaftServerImpl.submitClientRequestAsync(RaftServerImpl.java:930)
	at org.apache.ratis.server.impl.RaftServerImpl.lambda$null$11(RaftServerImpl.java:919)
	at org.apache.ratis.util.JavaUtils.callAsUnchecked(JavaUtils.java:118)
	at org.apache.ratis.server.impl.RaftServerImpl.lambda$executeSubmitClientRequestAsync$12(RaftServerImpl.java:919)
	at java.base/java.util.concurrent.CompletableFuture$AsyncSupply.run(CompletableFuture.java:1768)
	at java.base/java.util.concurrent.ThreadPoolExecutor.runWorker(ThreadPoolExecutor.java:1144)
	at java.base/java.util.concurrent.ThreadPoolExecutor$Worker.run(ThreadPoolExecutor.java:642)
	at java.base/java.lang.Thread.run(Thread.java:1583)
2025-07-19 06:07:24,137 [grpc-default-executor-4] ERROR impl.OrderedAsync (OrderedAsync.java:lambda$send$4(181)) - Failed to send request, message=cmdType: WriteChunk
traceID: ""
containerID: 4
datanodeUuid: "e4fa6cd0-dc30-4550-b12f-023a3466045b"
writeChunk {
  blockID {
    containerID: 4
    localID: 115816896921600004
    blockCommitSequenceId: 0
  }
  chunkData {
    chunkName: "115816896921600004.data.0"
    offset: 0
    len: 5
    checksumData {
      type: CRC32
      bytesPerChecksum: 1048576
      checksums: "\312\307\2044"
    }
  }
}
version: 3
, data.size=5
java.util.concurrent.CompletionException: org.apache.ratis.protocol.exceptions.StateMachineException: org.apache.hadoop.hdds.scm.container.common.helpers.ContainerNotOpenException from Server e4fa6cd0-dc30-4550-b12f-023a3466045b@group-7FD69FEA80D4: Container 4 in UNHEALTHY state
	at org.apache.ratis.client.impl.RaftClientImpl.handleRaftException(RaftClientImpl.java:373)
	at org.apache.ratis.client.impl.OrderedAsync.lambda$send$3(OrderedAsync.java:175)
	at java.base/java.util.concurrent.CompletableFuture$UniApply.tryFire(CompletableFuture.java:646)
	at java.base/java.util.concurrent.CompletableFuture.postComplete(CompletableFuture.java:510)
	at java.base/java.util.concurrent.CompletableFuture.complete(CompletableFuture.java:2179)
	at org.apache.ratis.client.impl.OrderedAsync$PendingOrderedRequest.setReply(OrderedAsync.java:105)
	at org.apache.ratis.client.impl.OrderedAsync$PendingOrderedRequest.setReply(OrderedAsync.java:66)
	at org.apache.ratis.util.SlidingWindow$RequestMap.setReply(SlidingWindow.java:147)
	at org.apache.ratis.util.SlidingWindow$Client.receiveReply(SlidingWindow.java:351)
	at org.apache.ratis.client.impl.OrderedAsync.lambda$sendRequestWithRetry$5(OrderedAsync.java:210)
	at java.base/java.util.concurrent.CompletableFuture$UniAccept.tryFire(CompletableFuture.java:718)
	at java.base/java.util.concurrent.CompletableFuture.postComplete(CompletableFuture.java:510)
	at java.base/java.util.concurrent.CompletableFuture.complete(CompletableFuture.java:2179)
	at org.apache.ratis.grpc.client.GrpcClientProtocolClient$AsyncStreamObservers$1.lambda$onNext$0(GrpcClientProtocolClient.java:325)
	at java.base/java.util.Optional.ifPresent(Optional.java:178)
	at org.apache.ratis.grpc.client.GrpcClientProtocolClient$AsyncStreamObservers.handleReplyFuture(GrpcClientProtocolClient.java:381)
	at org.apache.ratis.grpc.client.GrpcClientProtocolClient$AsyncStreamObservers.access$100(GrpcClientProtocolClient.java:303)
	at org.apache.ratis.grpc.client.GrpcClientProtocolClient$AsyncStreamObservers$1.onNext(GrpcClientProtocolClient.java:325)
	at org.apache.ratis.grpc.client.GrpcClientProtocolClient$AsyncStreamObservers$1.onNext(GrpcClientProtocolClient.java:308)
	at org.apache.ratis.thirdparty.io.grpc.stub.ClientCalls$StreamObserverToCallListenerAdapter.onMessage(ClientCalls.java:551)
	at org.apache.ratis.thirdparty.io.grpc.ForwardingClientCallListener.onMessage(ForwardingClientCallListener.java:33)
	at org.apache.ratis.thirdparty.io.grpc.internal.DelayedClientCall$DelayedListener.onMessage(DelayedClientCall.java:473)
	at org.apache.ratis.thirdparty.io.grpc.internal.ClientCallImpl$ClientStreamListenerImpl$1MessagesAvailable.runInternal(ClientCallImpl.java:661)
	at org.apache.ratis.thirdparty.io.grpc.internal.ClientCallImpl$ClientStreamListenerImpl$1MessagesAvailable.runInContext(ClientCallImpl.java:648)
	at org.apache.ratis.thirdparty.io.grpc.internal.ContextRunnable.run(ContextRunnable.java:37)
	at org.apache.ratis.thirdparty.io.grpc.internal.SerializingExecutor.run(SerializingExecutor.java:133)
	at java.base/java.util.concurrent.ThreadPoolExecutor.runWorker(ThreadPoolExecutor.java:1144)
	at java.base/java.util.concurrent.ThreadPoolExecutor$Worker.run(ThreadPoolExecutor.java:642)
	at java.base/java.lang.Thread.run(Thread.java:1583)
Caused by: org.apache.ratis.protocol.exceptions.StateMachineException: org.apache.hadoop.hdds.scm.container.common.helpers.ContainerNotOpenException from Server e4fa6cd0-dc30-4550-b12f-023a3466045b@group-7FD69FEA80D4: Container 4 in UNHEALTHY state
	at org.apache.hadoop.ozone.container.common.impl.HddsDispatcher.validateContainerCommand(HddsDispatcher.java:580)
	at org.apache.hadoop.ozone.container.common.transport.server.ratis.ContainerStateMachine.startTransaction(ContainerStateMachine.java:488)
	at org.apache.ratis.server.impl.RaftServerImpl.writeAsyncImpl(RaftServerImpl.java:987)
	at org.apache.ratis.server.impl.RaftServerImpl.writeAsync(RaftServerImpl.java:960)
	at org.apache.ratis.server.impl.RaftServerImpl.replyFuture(RaftServerImpl.java:953)
	at org.apache.ratis.server.impl.RaftServerImpl.submitClientRequestAsync(RaftServerImpl.java:930)
	at org.apache.ratis.server.impl.RaftServerImpl.lambda$null$11(RaftServerImpl.java:919)
	at org.apache.ratis.util.JavaUtils.callAsUnchecked(JavaUtils.java:118)
	at org.apache.ratis.server.impl.RaftServerImpl.lambda$executeSubmitClientRequestAsync$12(RaftServerImpl.java:919)
	at java.base/java.util.concurrent.CompletableFuture$AsyncSupply.run(CompletableFuture.java:1768)
	... 3 more
Caused by: org.apache.hadoop.hdds.scm.container.common.helpers.ContainerNotOpenException: Container 4 in UNHEALTHY state
	at java.base/jdk.internal.reflect.DirectConstructorHandleAccessor.newInstance(DirectConstructorHandleAccessor.java:62)
	at java.base/java.lang.reflect.Constructor.newInstanceWithCaller(Constructor.java:502)
	at java.base/java.lang.reflect.Constructor.newInstance(Constructor.java:486)
	at org.apache.ratis.util.ReflectionUtils.instantiateException(ReflectionUtils.java:265)
	at org.apache.ratis.client.impl.ClientProtoUtils.toStateMachineException(ClientProtoUtils.java:455)
	at org.apache.ratis.client.impl.ClientProtoUtils.toStateMachineException(ClientProtoUtils.java:441)
	at org.apache.ratis.client.impl.ClientProtoUtils.toRaftClientReply(ClientProtoUtils.java:408)
	at org.apache.ratis.grpc.client.GrpcClientProtocolClient$AsyncStreamObservers$1.onNext(GrpcClientProtocolClient.java:313)
	at org.apache.ratis.grpc.client.GrpcClientProtocolClient$AsyncStreamObservers$1.onNext(GrpcClientProtocolClient.java:308)
	at org.apache.ratis.thirdparty.io.grpc.stub.ClientCalls$StreamObserverToCallListenerAdapter.onMessage(ClientCalls.java:551)
	at org.apache.ratis.thirdparty.io.grpc.ForwardingClientCallListener.onMessage(ForwardingClientCallListener.java:33)
	at org.apache.ratis.thirdparty.io.grpc.internal.DelayedClientCall$DelayedListener.onMessage(DelayedClientCall.java:473)
	at org.apache.ratis.thirdparty.io.grpc.internal.ClientCallImpl$ClientStreamListenerImpl$1MessagesAvailable.runInternal(ClientCallImpl.java:661)
	at org.apache.ratis.thirdparty.io.grpc.internal.ClientCallImpl$ClientStreamListenerImpl$1MessagesAvailable.runInContext(ClientCallImpl.java:648)
	at org.apache.ratis.thirdparty.io.grpc.internal.ContextRunnable.run(ContextRunnable.java:37)
	at org.apache.ratis.thirdparty.io.grpc.internal.SerializingExecutor.run(SerializingExecutor.java:133)
	... 3 more
2025-07-19 06:07:24,140 [grpc-default-executor-4] ERROR impl.OrderedAsync (OrderedAsync.java:lambda$send$4(181)) - Failed to send request, message=cmdType: WriteChunk
traceID: ""
containerID: 4
datanodeUuid: "e4fa6cd0-dc30-4550-b12f-023a3466045b"
writeChunk {
  blockID {
    containerID: 4
    localID: 115816896921600004
    blockCommitSequenceId: 0
  }
  chunkData {
    chunkName: "115816896921600004.data.0"
    offset: 0
    len: 5
    checksumData {
      type: CRC32
      bytesPerChecksum: 1048576
      checksums: "\222\006\033{"
    }
  }
}
version: 3
, data.size=5
java.util.concurrent.CompletionException: org.apache.ratis.protocol.exceptions.StateMachineException: org.apache.hadoop.hdds.scm.container.common.helpers.ContainerNotOpenException from Server e4fa6cd0-dc30-4550-b12f-023a3466045b@group-7FD69FEA80D4: Container 4 in UNHEALTHY state
	at org.apache.ratis.client.impl.RaftClientImpl.handleRaftException(RaftClientImpl.java:373)
	at org.apache.ratis.client.impl.OrderedAsync.lambda$send$3(OrderedAsync.java:175)
	at java.base/java.util.concurrent.CompletableFuture$UniApply.tryFire(CompletableFuture.java:646)
	at java.base/java.util.concurrent.CompletableFuture.postComplete(CompletableFuture.java:510)
	at java.base/java.util.concurrent.CompletableFuture.complete(CompletableFuture.java:2179)
	at org.apache.ratis.client.impl.OrderedAsync$PendingOrderedRequest.setReply(OrderedAsync.java:105)
	at org.apache.ratis.client.impl.OrderedAsync$PendingOrderedRequest.setReply(OrderedAsync.java:66)
	at org.apache.ratis.util.SlidingWindow$RequestMap.setReply(SlidingWindow.java:147)
	at org.apache.ratis.util.SlidingWindow$Client.receiveReply(SlidingWindow.java:351)
	at org.apache.ratis.client.impl.OrderedAsync.lambda$sendRequestWithRetry$5(OrderedAsync.java:210)
	at java.base/java.util.concurrent.CompletableFuture$UniAccept.tryFire(CompletableFuture.java:718)
	at java.base/java.util.concurrent.CompletableFuture.postComplete(CompletableFuture.java:510)
	at java.base/java.util.concurrent.CompletableFuture.complete(CompletableFuture.java:2179)
	at org.apache.ratis.grpc.client.GrpcClientProtocolClient$AsyncStreamObservers$1.lambda$onNext$0(GrpcClientProtocolClient.java:325)
	at java.base/java.util.Optional.ifPresent(Optional.java:178)
	at org.apache.ratis.grpc.client.GrpcClientProtocolClient$AsyncStreamObservers.handleReplyFuture(GrpcClientProtocolClient.java:381)
	at org.apache.ratis.grpc.client.GrpcClientProtocolClient$AsyncStreamObservers.access$100(GrpcClientProtocolClient.java:303)
	at org.apache.ratis.grpc.client.GrpcClientProtocolClient$AsyncStreamObservers$1.onNext(GrpcClientProtocolClient.java:325)
	at org.apache.ratis.grpc.client.GrpcClientProtocolClient$AsyncStreamObservers$1.onNext(GrpcClientProtocolClient.java:308)
	at org.apache.ratis.thirdparty.io.grpc.stub.ClientCalls$StreamObserverToCallListenerAdapter.onMessage(ClientCalls.java:551)
	at org.apache.ratis.thirdparty.io.grpc.ForwardingClientCallListener.onMessage(ForwardingClientCallListener.java:33)
	at org.apache.ratis.thirdparty.io.grpc.internal.DelayedClientCall$DelayedListener.onMessage(DelayedClientCall.java:473)
	at org.apache.ratis.thirdparty.io.grpc.internal.ClientCallImpl$ClientStreamListenerImpl$1MessagesAvailable.runInternal(ClientCallImpl.java:661)
	at org.apache.ratis.thirdparty.io.grpc.internal.ClientCallImpl$ClientStreamListenerImpl$1MessagesAvailable.runInContext(ClientCallImpl.java:648)
	at org.apache.ratis.thirdparty.io.grpc.internal.ContextRunnable.run(ContextRunnable.java:37)
	at org.apache.ratis.thirdparty.io.grpc.internal.SerializingExecutor.run(SerializingExecutor.java:133)
	at java.base/java.util.concurrent.ThreadPoolExecutor.runWorker(ThreadPoolExecutor.java:1144)
	at java.base/java.util.concurrent.ThreadPoolExecutor$Worker.run(ThreadPoolExecutor.java:642)
	at java.base/java.lang.Thread.run(Thread.java:1583)
Caused by: org.apache.ratis.protocol.exceptions.StateMachineException: org.apache.hadoop.hdds.scm.container.common.helpers.ContainerNotOpenException from Server e4fa6cd0-dc30-4550-b12f-023a3466045b@group-7FD69FEA80D4: Container 4 in UNHEALTHY state
	at org.apache.hadoop.ozone.container.common.impl.HddsDispatcher.validateContainerCommand(HddsDispatcher.java:580)
	at org.apache.hadoop.ozone.container.common.transport.server.ratis.ContainerStateMachine.startTransaction(ContainerStateMachine.java:488)
	at org.apache.ratis.server.impl.RaftServerImpl.writeAsyncImpl(RaftServerImpl.java:987)
	at org.apache.ratis.server.impl.RaftServerImpl.writeAsync(RaftServerImpl.java:960)
	at org.apache.ratis.server.impl.RaftServerImpl.replyFuture(RaftServerImpl.java:953)
	at org.apache.ratis.server.impl.RaftServerImpl.submitClientRequestAsync(RaftServerImpl.java:930)
	at org.apache.ratis.server.impl.RaftServerImpl.lambda$null$11(RaftServerImpl.java:919)
	at org.apache.ratis.util.JavaUtils.callAsUnchecked(JavaUtils.java:118)
	at org.apache.ratis.server.impl.RaftServerImpl.lambda$executeSubmitClientRequestAsync$12(RaftServerImpl.java:919)
	at java.base/java.util.concurrent.CompletableFuture$AsyncSupply.run(CompletableFuture.java:1768)
	... 3 more
Caused by: org.apache.hadoop.hdds.scm.container.common.helpers.ContainerNotOpenException: Container 4 in UNHEALTHY state
	at java.base/jdk.internal.reflect.DirectConstructorHandleAccessor.newInstance(DirectConstructorHandleAccessor.java:62)
	at java.base/java.lang.reflect.Constructor.newInstanceWithCaller(Constructor.java:502)
	at java.base/java.lang.reflect.Constructor.newInstance(Constructor.java:486)
	at org.apache.ratis.util.ReflectionUtils.instantiateException(ReflectionUtils.java:265)
	at org.apache.ratis.client.impl.ClientProtoUtils.toStateMachineException(ClientProtoUtils.java:455)
	at org.apache.ratis.client.impl.ClientProtoUtils.toStateMachineException(ClientProtoUtils.java:441)
	at org.apache.ratis.client.impl.ClientProtoUtils.toRaftClientReply(ClientProtoUtils.java:408)
	at org.apache.ratis.grpc.client.GrpcClientProtocolClient$AsyncStreamObservers$1.onNext(GrpcClientProtocolClient.java:313)
	at org.apache.ratis.grpc.client.GrpcClientProtocolClient$AsyncStreamObservers$1.onNext(GrpcClientProtocolClient.java:308)
	at org.apache.ratis.thirdparty.io.grpc.stub.ClientCalls$StreamObserverToCallListenerAdapter.onMessage(ClientCalls.java:551)
	at org.apache.ratis.thirdparty.io.grpc.ForwardingClientCallListener.onMessage(ForwardingClientCallListener.java:33)
	at org.apache.ratis.thirdparty.io.grpc.internal.DelayedClientCall$DelayedListener.onMessage(DelayedClientCall.java:473)
	at org.apache.ratis.thirdparty.io.grpc.internal.ClientCallImpl$ClientStreamListenerImpl$1MessagesAvailable.runInternal(ClientCallImpl.java:661)
	at org.apache.ratis.thirdparty.io.grpc.internal.ClientCallImpl$ClientStreamListenerImpl$1MessagesAvailable.runInContext(ClientCallImpl.java:648)
	at org.apache.ratis.thirdparty.io.grpc.internal.ContextRunnable.run(ContextRunnable.java:37)
	at org.apache.ratis.thirdparty.io.grpc.internal.SerializingExecutor.run(SerializingExecutor.java:133)
	... 3 more
2025-07-19 06:07:24,141 [grpc-default-executor-4] ERROR impl.OrderedAsync (OrderedAsync.java:lambda$send$4(181)) - Failed to send request, message=cmdType: WriteChunk
traceID: ""
containerID: 4
datanodeUuid: "e4fa6cd0-dc30-4550-b12f-023a3466045b"
writeChunk {
  blockID {
    containerID: 4
    localID: 115816896921600004
    blockCommitSequenceId: 0
  }
  chunkData {
    chunkName: "115816896921600004.data.0"
    offset: 0
    len: 5
    checksumData {
      type: CRC32
      bytesPerChecksum: 1048576
      checksums: "A<\f\251"
    }
  }
}
version: 3
, data.size=5
java.util.concurrent.CompletionException: org.apache.ratis.protocol.exceptions.StateMachineException: org.apache.hadoop.hdds.scm.container.common.helpers.ContainerNotOpenException from Server e4fa6cd0-dc30-4550-b12f-023a3466045b@group-7FD69FEA80D4: Container 4 in UNHEALTHY state
	at org.apache.ratis.client.impl.RaftClientImpl.handleRaftException(RaftClientImpl.java:373)
	at org.apache.ratis.client.impl.OrderedAsync.lambda$send$3(OrderedAsync.java:175)
	at java.base/java.util.concurrent.CompletableFuture$UniApply.tryFire(CompletableFuture.java:646)
	at java.base/java.util.concurrent.CompletableFuture.postComplete(CompletableFuture.java:510)
	at java.base/java.util.concurrent.CompletableFuture.complete(CompletableFuture.java:2179)
	at org.apache.ratis.client.impl.OrderedAsync$PendingOrderedRequest.setReply(OrderedAsync.java:105)
	at org.apache.ratis.client.impl.OrderedAsync$PendingOrderedRequest.setReply(OrderedAsync.java:66)
	at org.apache.ratis.util.SlidingWindow$RequestMap.setReply(SlidingWindow.java:147)
	at org.apache.ratis.util.SlidingWindow$Client.receiveReply(SlidingWindow.java:351)
	at org.apache.ratis.client.impl.OrderedAsync.lambda$sendRequestWithRetry$5(OrderedAsync.java:210)
	at java.base/java.util.concurrent.CompletableFuture$UniAccept.tryFire(CompletableFuture.java:718)
	at java.base/java.util.concurrent.CompletableFuture.postComplete(CompletableFuture.java:510)
	at java.base/java.util.concurrent.CompletableFuture.complete(CompletableFuture.java:2179)
	at org.apache.ratis.grpc.client.GrpcClientProtocolClient$AsyncStreamObservers$1.lambda$onNext$0(GrpcClientProtocolClient.java:325)
	at java.base/java.util.Optional.ifPresent(Optional.java:178)
	at org.apache.ratis.grpc.client.GrpcClientProtocolClient$AsyncStreamObservers.handleReplyFuture(GrpcClientProtocolClient.java:381)
	at org.apache.ratis.grpc.client.GrpcClientProtocolClient$AsyncStreamObservers.access$100(GrpcClientProtocolClient.java:303)
	at org.apache.ratis.grpc.client.GrpcClientProtocolClient$AsyncStreamObservers$1.onNext(GrpcClientProtocolClient.java:325)
	at org.apache.ratis.grpc.client.GrpcClientProtocolClient$AsyncStreamObservers$1.onNext(GrpcClientProtocolClient.java:308)
	at org.apache.ratis.thirdparty.io.grpc.stub.ClientCalls$StreamObserverToCallListenerAdapter.onMessage(ClientCalls.java:551)
	at org.apache.ratis.thirdparty.io.grpc.ForwardingClientCallListener.onMessage(ForwardingClientCallListener.java:33)
	at org.apache.ratis.thirdparty.io.grpc.internal.DelayedClientCall$DelayedListener.onMessage(DelayedClientCall.java:473)
	at org.apache.ratis.thirdparty.io.grpc.internal.ClientCallImpl$ClientStreamListenerImpl$1MessagesAvailable.runInternal(ClientCallImpl.java:661)
	at org.apache.ratis.thirdparty.io.grpc.internal.ClientCallImpl$ClientStreamListenerImpl$1MessagesAvailable.runInContext(ClientCallImpl.java:648)
	at org.apache.ratis.thirdparty.io.grpc.internal.ContextRunnable.run(ContextRunnable.java:37)
	at org.apache.ratis.thirdparty.io.grpc.internal.SerializingExecutor.run(SerializingExecutor.java:133)
	at java.base/java.util.concurrent.ThreadPoolExecutor.runWorker(ThreadPoolExecutor.java:1144)
	at java.base/java.util.concurrent.ThreadPoolExecutor$Worker.run(ThreadPoolExecutor.java:642)
	at java.base/java.lang.Thread.run(Thread.java:1583)
Caused by: org.apache.ratis.protocol.exceptions.StateMachineException: org.apache.hadoop.hdds.scm.container.common.helpers.ContainerNotOpenException from Server e4fa6cd0-dc30-4550-b12f-023a3466045b@group-7FD69FEA80D4: Container 4 in UNHEALTHY state
	at org.apache.hadoop.ozone.container.common.impl.HddsDispatcher.validateContainerCommand(HddsDispatcher.java:580)
	at org.apache.hadoop.ozone.container.common.transport.server.ratis.ContainerStateMachine.startTransaction(ContainerStateMachine.java:488)
	at org.apache.ratis.server.impl.RaftServerImpl.writeAsyncImpl(RaftServerImpl.java:987)
	at org.apache.ratis.server.impl.RaftServerImpl.writeAsync(RaftServerImpl.java:960)
	at org.apache.ratis.server.impl.RaftServerImpl.replyFuture(RaftServerImpl.java:953)
	at org.apache.ratis.server.impl.RaftServerImpl.submitClientRequestAsync(RaftServerImpl.java:930)
	at org.apache.ratis.server.impl.RaftServerImpl.lambda$null$11(RaftServerImpl.java:919)
	at org.apache.ratis.util.JavaUtils.callAsUnchecked(JavaUtils.java:118)
	at org.apache.ratis.server.impl.RaftServerImpl.lambda$executeSubmitClientRequestAsync$12(RaftServerImpl.java:919)
	at java.base/java.util.concurrent.CompletableFuture$AsyncSupply.run(CompletableFuture.java:1768)
	... 3 more
Caused by: org.apache.hadoop.hdds.scm.container.common.helpers.ContainerNotOpenException: Container 4 in UNHEALTHY state
	at java.base/jdk.internal.reflect.DirectConstructorHandleAccessor.newInstance(DirectConstructorHandleAccessor.java:62)
	at java.base/java.lang.reflect.Constructor.newInstanceWithCaller(Constructor.java:502)
	at java.base/java.lang.reflect.Constructor.newInstance(Constructor.java:486)
	at org.apache.ratis.util.ReflectionUtils.instantiateException(ReflectionUtils.java:265)
	at org.apache.ratis.client.impl.ClientProtoUtils.toStateMachineException(ClientProtoUtils.java:455)
	at org.apache.ratis.client.impl.ClientProtoUtils.toStateMachineException(ClientProtoUtils.java:441)
	at org.apache.ratis.client.impl.ClientProtoUtils.toRaftClientReply(ClientProtoUtils.java:408)
	at org.apache.ratis.grpc.client.GrpcClientProtocolClient$AsyncStreamObservers$1.onNext(GrpcClientProtocolClient.java:313)
	at org.apache.ratis.grpc.client.GrpcClientProtocolClient$AsyncStreamObservers$1.onNext(GrpcClientProtocolClient.java:308)
	at org.apache.ratis.thirdparty.io.grpc.stub.ClientCalls$StreamObserverToCallListenerAdapter.onMessage(ClientCalls.java:551)
	at org.apache.ratis.thirdparty.io.grpc.ForwardingClientCallListener.onMessage(ForwardingClientCallListener.java:33)
	at org.apache.ratis.thirdparty.io.grpc.internal.DelayedClientCall$DelayedListener.onMessage(DelayedClientCall.java:473)
	at org.apache.ratis.thirdparty.io.grpc.internal.ClientCallImpl$ClientStreamListenerImpl$1MessagesAvailable.runInternal(ClientCallImpl.java:661)
	at org.apache.ratis.thirdparty.io.grpc.internal.ClientCallImpl$ClientStreamListenerImpl$1MessagesAvailable.runInContext(ClientCallImpl.java:648)
	at org.apache.ratis.thirdparty.io.grpc.internal.ContextRunnable.run(ContextRunnable.java:37)
	at org.apache.ratis.thirdparty.io.grpc.internal.SerializingExecutor.run(SerializingExecutor.java:133)
	... 3 more
2025-07-19 06:07:24,142 [grpc-default-executor-4] ERROR impl.OrderedAsync (OrderedAsync.java:lambda$send$4(181)) - Failed to send request, message=cmdType: WriteChunk
traceID: ""
containerID: 4
datanodeUuid: "e4fa6cd0-dc30-4550-b12f-023a3466045b"
writeChunk {
  blockID {
    containerID: 4
    localID: 115816896921600004
    blockCommitSequenceId: 0
  }
  chunkData {
    chunkName: "115816896921600004.data.0"
    offset: 0
    len: 5
    checksumData {
      type: CRC32
      bytesPerChecksum: 1048576
      checksums: "\316\\\332W"
    }
  }
}
version: 3
, data.size=5
java.util.concurrent.CompletionException: org.apache.ratis.protocol.exceptions.StateMachineException: org.apache.hadoop.hdds.scm.container.common.helpers.ContainerNotOpenException from Server e4fa6cd0-dc30-4550-b12f-023a3466045b@group-7FD69FEA80D4: Container 4 in UNHEALTHY state
	at org.apache.ratis.client.impl.RaftClientImpl.handleRaftException(RaftClientImpl.java:373)
	at org.apache.ratis.client.impl.OrderedAsync.lambda$send$3(OrderedAsync.java:175)
	at java.base/java.util.concurrent.CompletableFuture$UniApply.tryFire(CompletableFuture.java:646)
	at java.base/java.util.concurrent.CompletableFuture.postComplete(CompletableFuture.java:510)
	at java.base/java.util.concurrent.CompletableFuture.complete(CompletableFuture.java:2179)
	at org.apache.ratis.client.impl.OrderedAsync$PendingOrderedRequest.setReply(OrderedAsync.java:105)
	at org.apache.ratis.client.impl.OrderedAsync$PendingOrderedRequest.setReply(OrderedAsync.java:66)
	at org.apache.ratis.util.SlidingWindow$RequestMap.setReply(SlidingWindow.java:147)
	at org.apache.ratis.util.SlidingWindow$Client.receiveReply(SlidingWindow.java:351)
	at org.apache.ratis.client.impl.OrderedAsync.lambda$sendRequestWithRetry$5(OrderedAsync.java:210)
	at java.base/java.util.concurrent.CompletableFuture$UniAccept.tryFire(CompletableFuture.java:718)
	at java.base/java.util.concurrent.CompletableFuture.postComplete(CompletableFuture.java:510)
	at java.base/java.util.concurrent.CompletableFuture.complete(CompletableFuture.java:2179)
	at org.apache.ratis.grpc.client.GrpcClientProtocolClient$AsyncStreamObservers$1.lambda$onNext$0(GrpcClientProtocolClient.java:325)
	at java.base/java.util.Optional.ifPresent(Optional.java:178)
	at org.apache.ratis.grpc.client.GrpcClientProtocolClient$AsyncStreamObservers.handleReplyFuture(GrpcClientProtocolClient.java:381)
	at org.apache.ratis.grpc.client.GrpcClientProtocolClient$AsyncStreamObservers.access$100(GrpcClientProtocolClient.java:303)
	at org.apache.ratis.grpc.client.GrpcClientProtocolClient$AsyncStreamObservers$1.onNext(GrpcClientProtocolClient.java:325)
	at org.apache.ratis.grpc.client.GrpcClientProtocolClient$AsyncStreamObservers$1.onNext(GrpcClientProtocolClient.java:308)
	at org.apache.ratis.thirdparty.io.grpc.stub.ClientCalls$StreamObserverToCallListenerAdapter.onMessage(ClientCalls.java:551)
	at org.apache.ratis.thirdparty.io.grpc.ForwardingClientCallListener.onMessage(ForwardingClientCallListener.java:33)
	at org.apache.ratis.thirdparty.io.grpc.internal.DelayedClientCall$DelayedListener.onMessage(DelayedClientCall.java:473)
	at org.apache.ratis.thirdparty.io.grpc.internal.ClientCallImpl$ClientStreamListenerImpl$1MessagesAvailable.runInternal(ClientCallImpl.java:661)
	at org.apache.ratis.thirdparty.io.grpc.internal.ClientCallImpl$ClientStreamListenerImpl$1MessagesAvailable.runInContext(ClientCallImpl.java:648)
	at org.apache.ratis.thirdparty.io.grpc.internal.ContextRunnable.run(ContextRunnable.java:37)
	at org.apache.ratis.thirdparty.io.grpc.internal.SerializingExecutor.run(SerializingExecutor.java:133)
	at java.base/java.util.concurrent.ThreadPoolExecutor.runWorker(ThreadPoolExecutor.java:1144)
	at java.base/java.util.concurrent.ThreadPoolExecutor$Worker.run(ThreadPoolExecutor.java:642)
	at java.base/java.lang.Thread.run(Thread.java:1583)
Caused by: org.apache.ratis.protocol.exceptions.StateMachineException: org.apache.hadoop.hdds.scm.container.common.helpers.ContainerNotOpenException from Server e4fa6cd0-dc30-4550-b12f-023a3466045b@group-7FD69FEA80D4: Container 4 in UNHEALTHY state
	at org.apache.hadoop.ozone.container.common.impl.HddsDispatcher.validateContainerCommand(HddsDispatcher.java:580)
	at org.apache.hadoop.ozone.container.common.transport.server.ratis.ContainerStateMachine.startTransaction(ContainerStateMachine.java:488)
	at org.apache.ratis.server.impl.RaftServerImpl.writeAsyncImpl(RaftServerImpl.java:987)
	at org.apache.ratis.server.impl.RaftServerImpl.writeAsync(RaftServerImpl.java:960)
	at org.apache.ratis.server.impl.RaftServerImpl.replyFuture(RaftServerImpl.java:953)
	at org.apache.ratis.server.impl.RaftServerImpl.submitClientRequestAsync(RaftServerImpl.java:930)
	at org.apache.ratis.server.impl.RaftServerImpl.lambda$null$11(RaftServerImpl.java:919)
	at org.apache.ratis.util.JavaUtils.callAsUnchecked(JavaUtils.java:118)
	at org.apache.ratis.server.impl.RaftServerImpl.lambda$executeSubmitClientRequestAsync$12(RaftServerImpl.java:919)
	at java.base/java.util.concurrent.CompletableFuture$AsyncSupply.run(CompletableFuture.java:1768)
	... 3 more
Caused by: org.apache.hadoop.hdds.scm.container.common.helpers.ContainerNotOpenException: Container 4 in UNHEALTHY state
	at java.base/jdk.internal.reflect.DirectConstructorHandleAccessor.newInstance(DirectConstructorHandleAccessor.java:62)
	at java.base/java.lang.reflect.Constructor.newInstanceWithCaller(Constructor.java:502)
	at java.base/java.lang.reflect.Constructor.newInstance(Constructor.java:486)
	at org.apache.ratis.util.ReflectionUtils.instantiateException(ReflectionUtils.java:265)
	at org.apache.ratis.client.impl.ClientProtoUtils.toStateMachineException(ClientProtoUtils.java:455)
	at org.apache.ratis.client.impl.ClientProtoUtils.toStateMachineException(ClientProtoUtils.java:441)
	at org.apache.ratis.client.impl.ClientProtoUtils.toRaftClientReply(ClientProtoUtils.java:408)
	at org.apache.ratis.grpc.client.GrpcClientProtocolClient$AsyncStreamObservers$1.onNext(GrpcClientProtocolClient.java:313)
	at org.apache.ratis.grpc.client.GrpcClientProtocolClient$AsyncStreamObservers$1.onNext(GrpcClientProtocolClient.java:308)
	at org.apache.ratis.thirdparty.io.grpc.stub.ClientCalls$StreamObserverToCallListenerAdapter.onMessage(ClientCalls.java:551)
	at org.apache.ratis.thirdparty.io.grpc.ForwardingClientCallListener.onMessage(ForwardingClientCallListener.java:33)
	at org.apache.ratis.thirdparty.io.grpc.internal.DelayedClientCall$DelayedListener.onMessage(DelayedClientCall.java:473)
	at org.apache.ratis.thirdparty.io.grpc.internal.ClientCallImpl$ClientStreamListenerImpl$1MessagesAvailable.runInternal(ClientCallImpl.java:661)
	at org.apache.ratis.thirdparty.io.grpc.internal.ClientCallImpl$ClientStreamListenerImpl$1MessagesAvailable.runInContext(ClientCallImpl.java:648)
	at org.apache.ratis.thirdparty.io.grpc.internal.ContextRunnable.run(ContextRunnable.java:37)
	at org.apache.ratis.thirdparty.io.grpc.internal.SerializingExecutor.run(SerializingExecutor.java:133)
	... 3 more
2025-07-19 06:07:24,143 [grpc-default-executor-4] ERROR impl.OrderedAsync (OrderedAsync.java:lambda$send$4(181)) - Failed to send request, message=cmdType: WriteChunk
traceID: ""
containerID: 4
datanodeUuid: "e4fa6cd0-dc30-4550-b12f-023a3466045b"
writeChunk {
  blockID {
    containerID: 4
    localID: 115816896921600004
    blockCommitSequenceId: 0
  }
  chunkData {
    chunkName: "115816896921600004.data.0"
    offset: 0
    len: 5
    checksumData {
      type: CRC32
      bytesPerChecksum: 1048576
      checksums: "\036pBa"
    }
  }
}
version: 3
, data.size=5
java.util.concurrent.CompletionException: org.apache.ratis.protocol.exceptions.StateMachineException: org.apache.hadoop.hdds.scm.container.common.helpers.ContainerNotOpenException from Server e4fa6cd0-dc30-4550-b12f-023a3466045b@group-7FD69FEA80D4: Container 4 in UNHEALTHY state
	at org.apache.ratis.client.impl.RaftClientImpl.handleRaftException(RaftClientImpl.java:373)
	at org.apache.ratis.client.impl.OrderedAsync.lambda$send$3(OrderedAsync.java:175)
	at java.base/java.util.concurrent.CompletableFuture$UniApply.tryFire(CompletableFuture.java:646)
	at java.base/java.util.concurrent.CompletableFuture.postComplete(CompletableFuture.java:510)
	at java.base/java.util.concurrent.CompletableFuture.complete(CompletableFuture.java:2179)
	at org.apache.ratis.client.impl.OrderedAsync$PendingOrderedRequest.setReply(OrderedAsync.java:105)
	at org.apache.ratis.client.impl.OrderedAsync$PendingOrderedRequest.setReply(OrderedAsync.java:66)
	at org.apache.ratis.util.SlidingWindow$RequestMap.setReply(SlidingWindow.java:147)
	at org.apache.ratis.util.SlidingWindow$Client.receiveReply(SlidingWindow.java:351)
	at org.apache.ratis.client.impl.OrderedAsync.lambda$sendRequestWithRetry$5(OrderedAsync.java:210)
	at java.base/java.util.concurrent.CompletableFuture$UniAccept.tryFire(CompletableFuture.java:718)
	at java.base/java.util.concurrent.CompletableFuture.postComplete(CompletableFuture.java:510)
	at java.base/java.util.concurrent.CompletableFuture.complete(CompletableFuture.java:2179)
	at org.apache.ratis.grpc.client.GrpcClientProtocolClient$AsyncStreamObservers$1.lambda$onNext$0(GrpcClientProtocolClient.java:325)
	at java.base/java.util.Optional.ifPresent(Optional.java:178)
	at org.apache.ratis.grpc.client.GrpcClientProtocolClient$AsyncStreamObservers.handleReplyFuture(GrpcClientProtocolClient.java:381)
	at org.apache.ratis.grpc.client.GrpcClientProtocolClient$AsyncStreamObservers.access$100(GrpcClientProtocolClient.java:303)
	at org.apache.ratis.grpc.client.GrpcClientProtocolClient$AsyncStreamObservers$1.onNext(GrpcClientProtocolClient.java:325)
	at org.apache.ratis.grpc.client.GrpcClientProtocolClient$AsyncStreamObservers$1.onNext(GrpcClientProtocolClient.java:308)
	at org.apache.ratis.thirdparty.io.grpc.stub.ClientCalls$StreamObserverToCallListenerAdapter.onMessage(ClientCalls.java:551)
	at org.apache.ratis.thirdparty.io.grpc.ForwardingClientCallListener.onMessage(ForwardingClientCallListener.java:33)
	at org.apache.ratis.thirdparty.io.grpc.internal.DelayedClientCall$DelayedListener.onMessage(DelayedClientCall.java:473)
	at org.apache.ratis.thirdparty.io.grpc.internal.ClientCallImpl$ClientStreamListenerImpl$1MessagesAvailable.runInternal(ClientCallImpl.java:661)
	at org.apache.ratis.thirdparty.io.grpc.internal.ClientCallImpl$ClientStreamListenerImpl$1MessagesAvailable.runInContext(ClientCallImpl.java:648)
	at org.apache.ratis.thirdparty.io.grpc.internal.ContextRunnable.run(ContextRunnable.java:37)
	at org.apache.ratis.thirdparty.io.grpc.internal.SerializingExecutor.run(SerializingExecutor.java:133)
	at java.base/java.util.concurrent.ThreadPoolExecutor.runWorker(ThreadPoolExecutor.java:1144)
	at java.base/java.util.concurrent.ThreadPoolExecutor$Worker.run(ThreadPoolExecutor.java:642)
	at java.base/java.lang.Thread.run(Thread.java:1583)
Caused by: org.apache.ratis.protocol.exceptions.StateMachineException: org.apache.hadoop.hdds.scm.container.common.helpers.ContainerNotOpenException from Server e4fa6cd0-dc30-4550-b12f-023a3466045b@group-7FD69FEA80D4: Container 4 in UNHEALTHY state
	at org.apache.hadoop.ozone.container.common.impl.HddsDispatcher.validateContainerCommand(HddsDispatcher.java:580)
	at org.apache.hadoop.ozone.container.common.transport.server.ratis.ContainerStateMachine.startTransaction(ContainerStateMachine.java:488)
	at org.apache.ratis.server.impl.RaftServerImpl.writeAsyncImpl(RaftServerImpl.java:987)
	at org.apache.ratis.server.impl.RaftServerImpl.writeAsync(RaftServerImpl.java:960)
	at org.apache.ratis.server.impl.RaftServerImpl.replyFuture(RaftServerImpl.java:953)
	at org.apache.ratis.server.impl.RaftServerImpl.submitClientRequestAsync(RaftServerImpl.java:930)
	at org.apache.ratis.server.impl.RaftServerImpl.lambda$null$11(RaftServerImpl.java:919)
	at org.apache.ratis.util.JavaUtils.callAsUnchecked(JavaUtils.java:118)
	at org.apache.ratis.server.impl.RaftServerImpl.lambda$executeSubmitClientRequestAsync$12(RaftServerImpl.java:919)
	at java.base/java.util.concurrent.CompletableFuture$AsyncSupply.run(CompletableFuture.java:1768)
	... 3 more
Caused by: org.apache.hadoop.hdds.scm.container.common.helpers.ContainerNotOpenException: Container 4 in UNHEALTHY state
	at java.base/jdk.internal.reflect.DirectConstructorHandleAccessor.newInstance(DirectConstructorHandleAccessor.java:62)
	at java.base/java.lang.reflect.Constructor.newInstanceWithCaller(Constructor.java:502)
	at java.base/java.lang.reflect.Constructor.newInstance(Constructor.java:486)
	at org.apache.ratis.util.ReflectionUtils.instantiateException(ReflectionUtils.java:265)
	at org.apache.ratis.client.impl.ClientProtoUtils.toStateMachineException(ClientProtoUtils.java:455)
	at org.apache.ratis.client.impl.ClientProtoUtils.toStateMachineException(ClientProtoUtils.java:441)
	at org.apache.ratis.client.impl.ClientProtoUtils.toRaftClientReply(ClientProtoUtils.java:408)
	at org.apache.ratis.grpc.client.GrpcClientProtocolClient$AsyncStreamObservers$1.onNext(GrpcClientProtocolClient.java:313)
	at org.apache.ratis.grpc.client.GrpcClientProtocolClient$AsyncStreamObservers$1.onNext(GrpcClientProtocolClient.java:308)
	at org.apache.ratis.thirdparty.io.grpc.stub.ClientCalls$StreamObserverToCallListenerAdapter.onMessage(ClientCalls.java:551)
	at org.apache.ratis.thirdparty.io.grpc.ForwardingClientCallListener.onMessage(ForwardingClientCallListener.java:33)
	at org.apache.ratis.thirdparty.io.grpc.internal.DelayedClientCall$DelayedListener.onMessage(DelayedClientCall.java:473)
	at org.apache.ratis.thirdparty.io.grpc.internal.ClientCallImpl$ClientStreamListenerImpl$1MessagesAvailable.runInternal(ClientCallImpl.java:661)
	at org.apache.ratis.thirdparty.io.grpc.internal.ClientCallImpl$ClientStreamListenerImpl$1MessagesAvailable.runInContext(ClientCallImpl.java:648)
	at org.apache.ratis.thirdparty.io.grpc.internal.ContextRunnable.run(ContextRunnable.java:37)
	at org.apache.ratis.thirdparty.io.grpc.internal.SerializingExecutor.run(SerializingExecutor.java:133)
	... 3 more
2025-07-19 06:07:24,145 [grpc-default-executor-4] ERROR impl.OrderedAsync (OrderedAsync.java:lambda$send$4(181)) - Failed to send request, message=cmdType: WriteChunk
traceID: ""
containerID: 4
datanodeUuid: "e4fa6cd0-dc30-4550-b12f-023a3466045b"
writeChunk {
  blockID {
    containerID: 4
    localID: 115816896921600004
    blockCommitSequenceId: 0
  }
  chunkData {
    chunkName: "115816896921600004.data.0"
    offset: 0
    len: 5
    checksumData {
      type: CRC32
      bytesPerChecksum: 1048576
      checksums: "\243\242\\\260"
    }
  }
}
version: 3
, data.size=5
java.util.concurrent.CompletionException: org.apache.ratis.protocol.exceptions.StateMachineException: org.apache.hadoop.hdds.scm.container.common.helpers.ContainerNotOpenException from Server e4fa6cd0-dc30-4550-b12f-023a3466045b@group-7FD69FEA80D4: Container 4 in UNHEALTHY state
	at org.apache.ratis.client.impl.RaftClientImpl.handleRaftException(RaftClientImpl.java:373)
	at org.apache.ratis.client.impl.OrderedAsync.lambda$send$3(OrderedAsync.java:175)
	at java.base/java.util.concurrent.CompletableFuture$UniApply.tryFire(CompletableFuture.java:646)
	at java.base/java.util.concurrent.CompletableFuture.postComplete(CompletableFuture.java:510)
	at java.base/java.util.concurrent.CompletableFuture.complete(CompletableFuture.java:2179)
	at org.apache.ratis.client.impl.OrderedAsync$PendingOrderedRequest.setReply(OrderedAsync.java:105)
	at org.apache.ratis.client.impl.OrderedAsync$PendingOrderedRequest.setReply(OrderedAsync.java:66)
	at org.apache.ratis.util.SlidingWindow$RequestMap.setReply(SlidingWindow.java:147)
	at org.apache.ratis.util.SlidingWindow$Client.receiveReply(SlidingWindow.java:351)
	at org.apache.ratis.client.impl.OrderedAsync.lambda$sendRequestWithRetry$5(OrderedAsync.java:210)
	at java.base/java.util.concurrent.CompletableFuture$UniAccept.tryFire(CompletableFuture.java:718)
	at java.base/java.util.concurrent.CompletableFuture.postComplete(CompletableFuture.java:510)
	at java.base/java.util.concurrent.CompletableFuture.complete(CompletableFuture.java:2179)
	at org.apache.ratis.grpc.client.GrpcClientProtocolClient$AsyncStreamObservers$1.lambda$onNext$0(GrpcClientProtocolClient.java:325)
	at java.base/java.util.Optional.ifPresent(Optional.java:178)
	at org.apache.ratis.grpc.client.GrpcClientProtocolClient$AsyncStreamObservers.handleReplyFuture(GrpcClientProtocolClient.java:381)
	at org.apache.ratis.grpc.client.GrpcClientProtocolClient$AsyncStreamObservers.access$100(GrpcClientProtocolClient.java:303)
	at org.apache.ratis.grpc.client.GrpcClientProtocolClient$AsyncStreamObservers$1.onNext(GrpcClientProtocolClient.java:325)
	at org.apache.ratis.grpc.client.GrpcClientProtocolClient$AsyncStreamObservers$1.onNext(GrpcClientProtocolClient.java:308)
	at org.apache.ratis.thirdparty.io.grpc.stub.ClientCalls$StreamObserverToCallListenerAdapter.onMessage(ClientCalls.java:551)
	at org.apache.ratis.thirdparty.io.grpc.ForwardingClientCallListener.onMessage(ForwardingClientCallListener.java:33)
	at org.apache.ratis.thirdparty.io.grpc.internal.DelayedClientCall$DelayedListener.onMessage(DelayedClientCall.java:473)
	at org.apache.ratis.thirdparty.io.grpc.internal.ClientCallImpl$ClientStreamListenerImpl$1MessagesAvailable.runInternal(ClientCallImpl.java:661)
	at org.apache.ratis.thirdparty.io.grpc.internal.ClientCallImpl$ClientStreamListenerImpl$1MessagesAvailable.runInContext(ClientCallImpl.java:648)
	at org.apache.ratis.thirdparty.io.grpc.internal.ContextRunnable.run(ContextRunnable.java:37)
	at org.apache.ratis.thirdparty.io.grpc.internal.SerializingExecutor.run(SerializingExecutor.java:133)
	at java.base/java.util.concurrent.ThreadPoolExecutor.runWorker(ThreadPoolExecutor.java:1144)
	at java.base/java.util.concurrent.ThreadPoolExecutor$Worker.run(ThreadPoolExecutor.java:642)
	at java.base/java.lang.Thread.run(Thread.java:1583)
Caused by: org.apache.ratis.protocol.exceptions.StateMachineException: org.apache.hadoop.hdds.scm.container.common.helpers.ContainerNotOpenException from Server e4fa6cd0-dc30-4550-b12f-023a3466045b@group-7FD69FEA80D4: Container 4 in UNHEALTHY state
	at org.apache.hadoop.ozone.container.common.impl.HddsDispatcher.validateContainerCommand(HddsDispatcher.java:580)
	at org.apache.hadoop.ozone.container.common.transport.server.ratis.ContainerStateMachine.startTransaction(ContainerStateMachine.java:488)
	at org.apache.ratis.server.impl.RaftServerImpl.writeAsyncImpl(RaftServerImpl.java:987)
	at org.apache.ratis.server.impl.RaftServerImpl.writeAsync(RaftServerImpl.java:960)
	at org.apache.ratis.server.impl.RaftServerImpl.replyFuture(RaftServerImpl.java:953)
	at org.apache.ratis.server.impl.RaftServerImpl.submitClientRequestAsync(RaftServerImpl.java:930)
	at org.apache.ratis.server.impl.RaftServerImpl.lambda$null$11(RaftServerImpl.java:919)
	at org.apache.ratis.util.JavaUtils.callAsUnchecked(JavaUtils.java:118)
	at org.apache.ratis.server.impl.RaftServerImpl.lambda$executeSubmitClientRequestAsync$12(RaftServerImpl.java:919)
	at java.base/java.util.concurrent.CompletableFuture$AsyncSupply.run(CompletableFuture.java:1768)
	... 3 more
Caused by: org.apache.hadoop.hdds.scm.container.common.helpers.ContainerNotOpenException: Container 4 in UNHEALTHY state
	at java.base/jdk.internal.reflect.DirectConstructorHandleAccessor.newInstance(DirectConstructorHandleAccessor.java:62)
	at java.base/java.lang.reflect.Constructor.newInstanceWithCaller(Constructor.java:502)
	at java.base/java.lang.reflect.Constructor.newInstance(Constructor.java:486)
	at org.apache.ratis.util.ReflectionUtils.instantiateException(ReflectionUtils.java:265)
	at org.apache.ratis.client.impl.ClientProtoUtils.toStateMachineException(ClientProtoUtils.java:455)
	at org.apache.ratis.client.impl.ClientProtoUtils.toStateMachineException(ClientProtoUtils.java:441)
	at org.apache.ratis.client.impl.ClientProtoUtils.toRaftClientReply(ClientProtoUtils.java:408)
	at org.apache.ratis.grpc.client.GrpcClientProtocolClient$AsyncStreamObservers$1.onNext(GrpcClientProtocolClient.java:313)
	at org.apache.ratis.grpc.client.GrpcClientProtocolClient$AsyncStreamObservers$1.onNext(GrpcClientProtocolClient.java:308)
	at org.apache.ratis.thirdparty.io.grpc.stub.ClientCalls$StreamObserverToCallListenerAdapter.onMessage(ClientCalls.java:551)
	at org.apache.ratis.thirdparty.io.grpc.ForwardingClientCallListener.onMessage(ForwardingClientCallListener.java:33)
	at org.apache.ratis.thirdparty.io.grpc.internal.DelayedClientCall$DelayedListener.onMessage(DelayedClientCall.java:473)
	at org.apache.ratis.thirdparty.io.grpc.internal.ClientCallImpl$ClientStreamListenerImpl$1MessagesAvailable.runInternal(ClientCallImpl.java:661)
	at org.apache.ratis.thirdparty.io.grpc.internal.ClientCallImpl$ClientStreamListenerImpl$1MessagesAvailable.runInContext(ClientCallImpl.java:648)
	at org.apache.ratis.thirdparty.io.grpc.internal.ContextRunnable.run(ContextRunnable.java:37)
	at org.apache.ratis.thirdparty.io.grpc.internal.SerializingExecutor.run(SerializingExecutor.java:133)
	... 3 more
]]></system-out>
  </testcase>
  <testcase name="testContainerStateMachineFailures" classname="org.apache.hadoop.ozone.client.rpc.TestContainerStateMachineFailures" time="22.05">
    <system-out><![CDATA[2025-07-19 06:07:24,196 [cfedd3f1-5d02-4847-a363-6f2972b00a97-ChunkWriter-1-0] ERROR helpers.ContainerUtils (ContainerUtils.java:getChunkDir(273)) - Chunks dir /home/runner/work/ozone/ozone/hadoop-ozone/integration-test/target/test-dir/MiniOzoneClusterImpl-09c4c6e1-5ab0-4195-ac7b-5aec6defaa36/ozone-meta/datanode-4/data-0/hdds/09c4c6e1-5ab0-4195-ac7b-5aec6defaa36/current/containerDir0/5/chunks does not exist
2025-07-19 06:07:24,196 [cfedd3f1-5d02-4847-a363-6f2972b00a97-ChunkWriter-1-0] WARN  keyvalue.KeyValueHandler (ContainerUtils.java:logAndReturnError(94)) - Operation: WriteChunk , Trace ID:  , Message: Chunks directory /home/runner/work/ozone/ozone/hadoop-ozone/integration-test/target/test-dir/MiniOzoneClusterImpl-09c4c6e1-5ab0-4195-ac7b-5aec6defaa36/ozone-meta/datanode-4/data-0/hdds/09c4c6e1-5ab0-4195-ac7b-5aec6defaa36/current/containerDir0/5/chunks does not exist. , Result: UNABLE_TO_FIND_DATA_DIR , StorageContainerException Occurred.
org.apache.hadoop.hdds.scm.container.common.helpers.StorageContainerException: Chunks directory /home/runner/work/ozone/ozone/hadoop-ozone/integration-test/target/test-dir/MiniOzoneClusterImpl-09c4c6e1-5ab0-4195-ac7b-5aec6defaa36/ozone-meta/datanode-4/data-0/hdds/09c4c6e1-5ab0-4195-ac7b-5aec6defaa36/current/containerDir0/5/chunks does not exist.
	at org.apache.hadoop.ozone.container.common.helpers.ContainerUtils.getChunkDir(ContainerUtils.java:275)
	at org.apache.hadoop.ozone.container.common.impl.ContainerLayoutVersion.getChunkFile(ContainerLayoutVersion.java:115)
	at org.apache.hadoop.ozone.container.keyvalue.impl.FilePerBlockStrategy.getChunkFile(FilePerBlockStrategy.java:300)
	at org.apache.hadoop.ozone.container.keyvalue.impl.FilePerBlockStrategy.writeChunk(FilePerBlockStrategy.java:148)
	at org.apache.hadoop.ozone.container.keyvalue.impl.ChunkManagerDispatcher.writeChunk(ChunkManagerDispatcher.java:70)
	at org.apache.hadoop.ozone.container.keyvalue.KeyValueHandler.handleWriteChunk(KeyValueHandler.java:1029)
	at org.apache.hadoop.ozone.container.keyvalue.KeyValueHandler.dispatchRequest(KeyValueHandler.java:342)
	at org.apache.hadoop.ozone.container.keyvalue.KeyValueHandler.handle(KeyValueHandler.java:293)
	at org.apache.hadoop.ozone.container.common.impl.HddsDispatcher.dispatchRequest(HddsDispatcher.java:365)
	at org.apache.hadoop.ozone.container.common.impl.HddsDispatcher.lambda$dispatch$1(HddsDispatcher.java:190)
	at org.apache.hadoop.hdds.server.OzoneProtocolMessageDispatcher.processRequest(OzoneProtocolMessageDispatcher.java:87)
	at org.apache.hadoop.ozone.container.common.impl.HddsDispatcher.dispatch(HddsDispatcher.java:189)
	at org.apache.hadoop.ozone.container.common.transport.server.ratis.ContainerStateMachine.dispatchCommand(ContainerStateMachine.java:567)
	at org.apache.hadoop.ozone.container.common.transport.server.ratis.ContainerStateMachine.lambda$writeStateMachineData$2(ContainerStateMachine.java:622)
	at java.base/java.util.concurrent.FutureTask.run(FutureTask.java:317)
	at java.base/java.util.concurrent.ThreadPoolExecutor.runWorker(ThreadPoolExecutor.java:1144)
	at java.base/java.util.concurrent.ThreadPoolExecutor$Worker.run(ThreadPoolExecutor.java:642)
	at java.base/java.lang.Thread.run(Thread.java:1583)
2025-07-19 06:07:24,197 [cfedd3f1-5d02-4847-a363-6f2972b00a97-ChunkWriter-1-0] WARN  keyvalue.KeyValueHandler (KeyValueHandler.java:markContainerUnhealthy(1485)) - Unexpected error while marking container 5 unhealthy
org.apache.hadoop.hdds.scm.container.common.helpers.StorageContainerException: Failed to create tmp file for /home/runner/work/ozone/ozone/hadoop-ozone/integration-test/target/test-dir/MiniOzoneClusterImpl-09c4c6e1-5ab0-4195-ac7b-5aec6defaa36/ozone-meta/datanode-4/data-0/hdds/09c4c6e1-5ab0-4195-ac7b-5aec6defaa36/current/containerDir0/5/metadata/5.container: KeyValueContainerData #5 (UNHEALTHY, non-empty, ri=0, origin=[dn_cfedd3f1-5d02-4847-a363-6f2972b00a97, pipeline_7f60ed3a-1c97-401e-a856-3308fc4c3d1f])
	at org.apache.hadoop.ozone.container.keyvalue.KeyValueContainer.writeToContainerFile(KeyValueContainer.java:318)
	at org.apache.hadoop.ozone.container.keyvalue.KeyValueContainer.updateContainerFile(KeyValueContainer.java:337)
	at org.apache.hadoop.ozone.container.keyvalue.KeyValueContainer.updateContainerData(KeyValueContainer.java:484)
	at org.apache.hadoop.ozone.container.keyvalue.KeyValueContainer.updateContainerState(KeyValueContainer.java:467)
	at org.apache.hadoop.ozone.container.keyvalue.KeyValueContainer.markContainerUnhealthy(KeyValueContainer.java:392)
	at org.apache.hadoop.ozone.container.keyvalue.KeyValueHandler.markContainerUnhealthy(KeyValueHandler.java:1483)
	at org.apache.hadoop.ozone.container.common.impl.HddsDispatcher.dispatchRequest(HddsDispatcher.java:410)
	at org.apache.hadoop.ozone.container.common.impl.HddsDispatcher.lambda$dispatch$1(HddsDispatcher.java:190)
	at org.apache.hadoop.hdds.server.OzoneProtocolMessageDispatcher.processRequest(OzoneProtocolMessageDispatcher.java:87)
	at org.apache.hadoop.ozone.container.common.impl.HddsDispatcher.dispatch(HddsDispatcher.java:189)
	at org.apache.hadoop.ozone.container.common.transport.server.ratis.ContainerStateMachine.dispatchCommand(ContainerStateMachine.java:567)
	at org.apache.hadoop.ozone.container.common.transport.server.ratis.ContainerStateMachine.lambda$writeStateMachineData$2(ContainerStateMachine.java:622)
	at java.base/java.util.concurrent.FutureTask.run(FutureTask.java:317)
	at java.base/java.util.concurrent.ThreadPoolExecutor.runWorker(ThreadPoolExecutor.java:1144)
	at java.base/java.util.concurrent.ThreadPoolExecutor$Worker.run(ThreadPoolExecutor.java:642)
	at java.base/java.lang.Thread.run(Thread.java:1583)
Caused by: java.io.IOException: No such file or directory
	at java.base/java.io.UnixFileSystem.createFileExclusively0(Native Method)
	at java.base/java.io.UnixFileSystem.createFileExclusively(UnixFileSystem.java:258)
	at java.base/java.io.File.createTempFile(File.java:2184)
	at org.apache.hadoop.ozone.container.keyvalue.KeyValueContainer.createTempFile(KeyValueContainer.java:907)
	at org.apache.hadoop.ozone.container.keyvalue.KeyValueContainer.writeToContainerFile(KeyValueContainer.java:300)
	... 15 more
2025-07-19T06:07:24.198117683Z cfedd3f1-5d02-4847-a363-6f2972b00a97-client-thread1 ERROR user=null | ip=null | op=PUT_BLOCK {blockData=[blockId=conID: 5 locID: 115816896921600005 bcsId: 0 replicaIndex: null, size=10]} | ret=FAILURE
org.apache.hadoop.hdds.scm.container.common.helpers.ContainerNotOpenException: Container 5 in UNHEALTHY state
	at org.apache.hadoop.ozone.container.common.impl.HddsDispatcher.validateContainerCommand(HddsDispatcher.java:580)
	at org.apache.hadoop.ozone.container.common.transport.server.ratis.ContainerStateMachine.startTransaction(ContainerStateMachine.java:488)
	at org.apache.ratis.server.impl.RaftServerImpl.writeAsyncImpl(RaftServerImpl.java:987)
	at org.apache.ratis.server.impl.RaftServerImpl.writeAsync(RaftServerImpl.java:960)
	at org.apache.ratis.server.impl.RaftServerImpl.replyFuture(RaftServerImpl.java:953)
	at org.apache.ratis.server.impl.RaftServerImpl.submitClientRequestAsync(RaftServerImpl.java:930)
	at org.apache.ratis.server.impl.RaftServerImpl.lambda$null$11(RaftServerImpl.java:919)
	at org.apache.ratis.util.JavaUtils.callAsUnchecked(JavaUtils.java:118)
	at org.apache.ratis.server.impl.RaftServerImpl.lambda$executeSubmitClientRequestAsync$12(RaftServerImpl.java:919)
	at java.base/java.util.concurrent.CompletableFuture$AsyncSupply.run(CompletableFuture.java:1768)
	at java.base/java.util.concurrent.ThreadPoolExecutor.runWorker(ThreadPoolExecutor.java:1144)
	at java.base/java.util.concurrent.ThreadPoolExecutor$Worker.run(ThreadPoolExecutor.java:642)
	at java.base/java.lang.Thread.run(Thread.java:1583)
2025-07-19 06:07:24,198 [cfedd3f1-5d02-4847-a363-6f2972b00a97-ChunkWriter-1-0] ERROR keyvalue.KeyValueHandler (KeyValueHandler.java:updateContainerChecksumFromMetadataIfNeeded(1402)) - Cannot create container checksum for container 5 , Exception: 
java.io.IOException: Error occurred when writing container merkle tree for containerID 5
	at org.apache.hadoop.ozone.container.checksum.ContainerChecksumTreeManager.write(ContainerChecksumTreeManager.java:389)
	at org.apache.hadoop.ozone.container.checksum.ContainerChecksumTreeManager.writeContainerDataTree(ContainerChecksumTreeManager.java:113)
	at org.apache.hadoop.ozone.container.keyvalue.KeyValueHandler.updateAndGetContainerChecksum(KeyValueHandler.java:1438)
	at org.apache.hadoop.ozone.container.keyvalue.KeyValueHandler.updateAndGetContainerChecksumFromMetadata(KeyValueHandler.java:1427)
	at org.apache.hadoop.ozone.container.keyvalue.KeyValueHandler.updateContainerChecksumFromMetadataIfNeeded(KeyValueHandler.java:1400)
	at org.apache.hadoop.ozone.container.keyvalue.KeyValueHandler.markContainerUnhealthy(KeyValueHandler.java:1490)
	at org.apache.hadoop.ozone.container.common.impl.HddsDispatcher.dispatchRequest(HddsDispatcher.java:410)
	at org.apache.hadoop.ozone.container.common.impl.HddsDispatcher.lambda$dispatch$1(HddsDispatcher.java:190)
	at org.apache.hadoop.hdds.server.OzoneProtocolMessageDispatcher.processRequest(OzoneProtocolMessageDispatcher.java:87)
	at org.apache.hadoop.ozone.container.common.impl.HddsDispatcher.dispatch(HddsDispatcher.java:189)
	at org.apache.hadoop.ozone.container.common.transport.server.ratis.ContainerStateMachine.dispatchCommand(ContainerStateMachine.java:567)
	at org.apache.hadoop.ozone.container.common.transport.server.ratis.ContainerStateMachine.lambda$writeStateMachineData$2(ContainerStateMachine.java:622)
	at java.base/java.util.concurrent.FutureTask.run(FutureTask.java:317)
	at java.base/java.util.concurrent.ThreadPoolExecutor.runWorker(ThreadPoolExecutor.java:1144)
	at java.base/java.util.concurrent.ThreadPoolExecutor$Worker.run(ThreadPoolExecutor.java:642)
	at java.base/java.lang.Thread.run(Thread.java:1583)
Caused by: java.nio.file.NoSuchFileException: /home/runner/work/ozone/ozone/hadoop-ozone/integration-test/target/test-dir/MiniOzoneClusterImpl-09c4c6e1-5ab0-4195-ac7b-5aec6defaa36/ozone-meta/datanode-4/data-0/hdds/09c4c6e1-5ab0-4195-ac7b-5aec6defaa36/current/containerDir0/5/metadata/5.tree.tmp
	at java.base/sun.nio.fs.UnixException.translateToIOException(UnixException.java:92)
	at java.base/sun.nio.fs.UnixException.rethrowAsIOException(UnixException.java:106)
	at java.base/sun.nio.fs.UnixException.rethrowAsIOException(UnixException.java:111)
	at java.base/sun.nio.fs.UnixFileSystemProvider.newByteChannel(UnixFileSystemProvider.java:261)
	at java.base/java.nio.file.spi.FileSystemProvider.newOutputStream(FileSystemProvider.java:482)
	at java.base/java.nio.file.Files.newOutputStream(Files.java:228)
	at org.apache.hadoop.ozone.container.checksum.ContainerChecksumTreeManager.write(ContainerChecksumTreeManager.java:378)
	... 15 more
2025-07-19T06:07:24.199204867Z cfedd3f1-5d02-4847-a363-6f2972b00a97-ChunkWriter-1-0 ERROR ID=5 | Index=0 | BCSID=2 | State=UNHEALTHY | Volume=/home/runner/work/ozone/ozone/hadoop-ozone/integration-test/target/test-dir/MiniOzoneClusterImpl-09c4c6e1-5ab0-4195-ac7b-5aec6defaa36/ozone-meta/datanode-4/data-0/hdds | DataChecksum=0 | Container has 1 error: WRITE_FAILURE for file /home/runner/work/ozone/ozone/hadoop-ozone/integration-test/target/test-dir/MiniOzoneClusterImpl-09c4c6e1-5ab0-4195-ac7b-5aec6defaa36/ozone-meta/datanode-4/data-0/hdds/09c4c6e1-5ab0-4195-ac7b-5aec6defaa36/current/containerDir0/5 with exception: org.apache.hadoop.hdds.scm.container.common.helpers.StorageContainerException2025-07-19 06:07:24,199 [cfedd3f1-5d02-4847-a363-6f2972b00a97-ChunkWriter-1-0] INFO  impl.HddsDispatcher (HddsDispatcher.java:dispatchRequest(411)) - Marked Container UNHEALTHY, ContainerID: 5
2025-07-19 06:07:24,200 [FixedThreadPoolWithAffinityExecutor-8-0] INFO  container.IncrementalContainerReportHandler (AbstractContainerReportHandler.java:updateContainerState(253)) - FINALIZE (i.e. CLOSING) Container #5 (OPEN, sid=0) r0 (UNHEALTHY, bcsid=2, origin=cfedd3f1-5d02-4847-a363-6f2972b00a97, non-empty) from dn cfedd3f1-5d02-4847-a363-6f2972b00a97(localhost/127.0.0.1)
2025-07-19 06:07:24,200 [EventQueue-CloseContainerForCloseContainerEventHandler] INFO  container.CloseContainerEventHandler (CloseContainerEventHandler.java:onMessage(88)) - Close container Event triggered for container : #5, current state: OPEN
2025-07-19T06:07:24.200762097Z cfedd3f1-5d02-4847-a363-6f2972b00a97-ChunkWriter-1-0 ERROR user=null | ip=null | op=WRITE_CHUNK {blockData=conID: 5 locID: 115816896921600005 bcsId: 2 replicaIndex: 0, offset=5, size=5, stage=WRITE_DATA} | ret=FAILURE
java.lang.Exception: Chunks directory /home/runner/work/ozone/ozone/hadoop-ozone/integration-test/target/test-dir/MiniOzoneClusterImpl-09c4c6e1-5ab0-4195-ac7b-5aec6defaa36/ozone-meta/datanode-4/data-0/hdds/09c4c6e1-5ab0-4195-ac7b-5aec6defaa36/current/containerDir0/5/chunks does not exist.
	at org.apache.hadoop.ozone.container.common.impl.HddsDispatcher.dispatchRequest(HddsDispatcher.java:439)
	at org.apache.hadoop.ozone.container.common.impl.HddsDispatcher.lambda$dispatch$1(HddsDispatcher.java:190)
	at org.apache.hadoop.hdds.server.OzoneProtocolMessageDispatcher.processRequest(OzoneProtocolMessageDispatcher.java:87)
	at org.apache.hadoop.ozone.container.common.impl.HddsDispatcher.dispatch(HddsDispatcher.java:189)
	at org.apache.hadoop.ozone.container.common.transport.server.ratis.ContainerStateMachine.dispatchCommand(ContainerStateMachine.java:567)
	at org.apache.hadoop.ozone.container.common.transport.server.ratis.ContainerStateMachine.lambda$writeStateMachineData$2(ContainerStateMachine.java:622)
	at java.base/java.util.concurrent.FutureTask.run(FutureTask.java:317)
	at java.base/java.util.concurrent.ThreadPoolExecutor.runWorker(ThreadPoolExecutor.java:1144)
	at java.base/java.util.concurrent.ThreadPoolExecutor$Worker.run(ThreadPoolExecutor.java:642)
	at java.base/java.lang.Thread.run(Thread.java:1583)
2025-07-19 06:07:24,201 [cfedd3f1-5d02-4847-a363-6f2972b00a97-ChunkWriter-1-0] ERROR ratis.ContainerStateMachine (ContainerStateMachine.java:handleCommandResult(662)) - group-3308FC4C3D1F: writeChunk writeStateMachineData failed: blockIdcontainerID: 5
localID: 115816896921600005
blockCommitSequenceId: 2
replicaIndex: 0
 logIndex 4 chunkName 115816896921600005_chunk_2 Error message: Chunks directory /home/runner/work/ozone/ozone/hadoop-ozone/integration-test/target/test-dir/MiniOzoneClusterImpl-09c4c6e1-5ab0-4195-ac7b-5aec6defaa36/ozone-meta/datanode-4/data-0/hdds/09c4c6e1-5ab0-4195-ac7b-5aec6defaa36/current/containerDir0/5/chunks does not exist. Container Result: UNABLE_TO_FIND_DATA_DIR
2025-07-19 06:07:24,201 [pool-252-thread-1] WARN  ozoneimpl.OnDemandContainerScanner (ContainerScanHelper.java:scanData(75)) - Failed to update container checksum after scan of container 5
java.io.IOException: Error occurred when writing container merkle tree for containerID 5
	at org.apache.hadoop.ozone.container.checksum.ContainerChecksumTreeManager.write(ContainerChecksumTreeManager.java:389)
	at org.apache.hadoop.ozone.container.checksum.ContainerChecksumTreeManager.writeContainerDataTree(ContainerChecksumTreeManager.java:113)
	at org.apache.hadoop.ozone.container.keyvalue.KeyValueHandler.updateAndGetContainerChecksum(KeyValueHandler.java:1438)
	at org.apache.hadoop.ozone.container.keyvalue.KeyValueHandler.updateContainerChecksum(KeyValueHandler.java:1379)
	at org.apache.hadoop.ozone.container.ozoneimpl.ContainerController.updateContainerChecksum(ContainerController.java:143)
	at org.apache.hadoop.ozone.container.ozoneimpl.ContainerScanHelper.scanData(ContainerScanHelper.java:73)
	at org.apache.hadoop.ozone.container.ozoneimpl.OnDemandContainerScanner.performOnDemandScan(OnDemandContainerScanner.java:109)
	at org.apache.hadoop.ozone.container.ozoneimpl.OnDemandContainerScanner.lambda$scanContainer$0(OnDemandContainerScanner.java:90)
	at java.base/java.util.concurrent.Executors$RunnableAdapter.call(Executors.java:572)
	at java.base/java.util.concurrent.FutureTask.run(FutureTask.java:317)
	at java.base/java.util.concurrent.ThreadPoolExecutor.runWorker(ThreadPoolExecutor.java:1144)
	at java.base/java.util.concurrent.ThreadPoolExecutor$Worker.run(ThreadPoolExecutor.java:642)
	at java.base/java.lang.Thread.run(Thread.java:1583)
Caused by: java.nio.file.NoSuchFileException: /home/runner/work/ozone/ozone/hadoop-ozone/integration-test/target/test-dir/MiniOzoneClusterImpl-09c4c6e1-5ab0-4195-ac7b-5aec6defaa36/ozone-meta/datanode-4/data-0/hdds/09c4c6e1-5ab0-4195-ac7b-5aec6defaa36/current/containerDir0/5/metadata/5.tree.tmp
	at java.base/sun.nio.fs.UnixException.translateToIOException(UnixException.java:92)
	at java.base/sun.nio.fs.UnixException.rethrowAsIOException(UnixException.java:106)
	at java.base/sun.nio.fs.UnixException.rethrowAsIOException(UnixException.java:111)
	at java.base/sun.nio.fs.UnixFileSystemProvider.newByteChannel(UnixFileSystemProvider.java:261)
	at java.base/java.nio.file.spi.FileSystemProvider.newOutputStream(FileSystemProvider.java:482)
	at java.base/java.nio.file.Files.newOutputStream(Files.java:228)
	at org.apache.hadoop.ozone.container.checksum.ContainerChecksumTreeManager.write(ContainerChecksumTreeManager.java:378)
	... 12 more
2025-07-19 06:07:24,201 [pool-252-thread-1] ERROR ozoneimpl.OnDemandContainerScanner (ContainerScanHelper.java:handleUnhealthyScanResult(119)) - Corruption detected in container [5]. Marking it UNHEALTHY. Container has 1 error: MISSING_CONTAINER_DIR for file /home/runner/work/ozone/ozone/hadoop-ozone/integration-test/target/test-dir/MiniOzoneClusterImpl-09c4c6e1-5ab0-4195-ac7b-5aec6defaa36/ozone-meta/datanode-4/data-0/hdds/09c4c6e1-5ab0-4195-ac7b-5aec6defaa36/current/containerDir0/5 with exception: java.io.FileNotFoundException: Container directory /home/runner/work/ozone/ozone/hadoop-ozone/integration-test/target/test-dir/MiniOzoneClusterImpl-09c4c6e1-5ab0-4195-ac7b-5aec6defaa36/ozone-meta/datanode-4/data-0/hdds/09c4c6e1-5ab0-4195-ac7b-5aec6defaa36/current/containerDir0/5 not found.
2025-07-19 06:07:24,202 [pool-252-thread-1] WARN  ozoneimpl.OnDemandContainerScanner (OnDemandContainerScanner.java:performOnDemandScan(116)) - Unexpected exception while scanning container 5
org.apache.hadoop.hdds.scm.container.common.helpers.StorageContainerException: Failed to create tmp file for /home/runner/work/ozone/ozone/hadoop-ozone/integration-test/target/test-dir/MiniOzoneClusterImpl-09c4c6e1-5ab0-4195-ac7b-5aec6defaa36/ozone-meta/datanode-4/data-0/hdds/09c4c6e1-5ab0-4195-ac7b-5aec6defaa36/current/containerDir0/5/metadata/5.container: KeyValueContainerData #5 (UNHEALTHY, non-empty, ri=0, origin=[dn_cfedd3f1-5d02-4847-a363-6f2972b00a97, pipeline_7f60ed3a-1c97-401e-a856-3308fc4c3d1f])
	at org.apache.hadoop.ozone.container.keyvalue.KeyValueContainer.writeToContainerFile(KeyValueContainer.java:318)
	at org.apache.hadoop.ozone.container.keyvalue.KeyValueContainer.updateContainerFile(KeyValueContainer.java:337)
	at org.apache.hadoop.ozone.container.keyvalue.KeyValueContainer.updateContainerData(KeyValueContainer.java:484)
	at org.apache.hadoop.ozone.container.keyvalue.KeyValueContainer.updateDataScanTimestamp(KeyValueContainer.java:438)
	at org.apache.hadoop.ozone.container.ozoneimpl.ContainerController.updateDataScanTimestamp(ContainerController.java:283)
	at org.apache.hadoop.ozone.container.ozoneimpl.ContainerScanHelper.scanData(ContainerScanHelper.java:85)
	at org.apache.hadoop.ozone.container.ozoneimpl.OnDemandContainerScanner.performOnDemandScan(OnDemandContainerScanner.java:109)
	at org.apache.hadoop.ozone.container.ozoneimpl.OnDemandContainerScanner.lambda$scanContainer$0(OnDemandContainerScanner.java:90)
	at java.base/java.util.concurrent.Executors$RunnableAdapter.call(Executors.java:572)
	at java.base/java.util.concurrent.FutureTask.run(FutureTask.java:317)
	at java.base/java.util.concurrent.ThreadPoolExecutor.runWorker(ThreadPoolExecutor.java:1144)
	at java.base/java.util.concurrent.ThreadPoolExecutor$Worker.run(ThreadPoolExecutor.java:642)
	at java.base/java.lang.Thread.run(Thread.java:1583)
Caused by: java.io.IOException: No such file or directory
	at java.base/java.io.UnixFileSystem.createFileExclusively0(Native Method)
	at java.base/java.io.UnixFileSystem.createFileExclusively(UnixFileSystem.java:258)
	at java.base/java.io.File.createTempFile(File.java:2184)
	at org.apache.hadoop.ozone.container.keyvalue.KeyValueContainer.createTempFile(KeyValueContainer.java:907)
	at org.apache.hadoop.ozone.container.keyvalue.KeyValueContainer.writeToContainerFile(KeyValueContainer.java:300)
	... 12 more
2025-07-19 06:07:24,203 [cfedd3f1-5d02-4847-a363-6f2972b00a97@group-3308FC4C3D1F-SegmentedRaftLogWorker] ERROR ratis.ContainerStateMachine (ContainerStateMachine.java:notifyLogFailed(1268)) - group-3308FC4C3D1F: (t:1, i:4) cmdType: WriteChunk traceID: "" containerID: 5 datanodeUuid: "cfedd3f1-5d02-4847-a363-6f2972b00a97" pipelineID: "7f60ed3a-1c97-401e-a856-3308fc4c3d1f" writeChunk { blockID { containerID: 5 localID: 115816896921600005 blockCommitSequenceId: 2 replicaIndex: 0 } chunkData { chunkName: "115816896921600005_chunk_2" offset: 5 len: 5 checksumData { type: CRC32 bytesPerChecksum: 16384 checksums: "\350a\3440" } } } version: 3, container path=/home/runner/work/ozone/ozone/hadoop-ozone/integration-test/target/test-dir/MiniOzoneClusterImpl-09c4c6e1-5ab0-4195-ac7b-5aec6defaa36/ozone-meta/datanode-4/data-0/hdds/09c4c6e1-5ab0-4195-ac7b-5aec6defaa36/current/containerDir0/5
org.apache.hadoop.hdds.scm.container.common.helpers.StorageContainerException: Chunks directory /home/runner/work/ozone/ozone/hadoop-ozone/integration-test/target/test-dir/MiniOzoneClusterImpl-09c4c6e1-5ab0-4195-ac7b-5aec6defaa36/ozone-meta/datanode-4/data-0/hdds/09c4c6e1-5ab0-4195-ac7b-5aec6defaa36/current/containerDir0/5/chunks does not exist.
	at org.apache.hadoop.ozone.container.common.transport.server.ratis.ContainerStateMachine.handleCommandResult(ContainerStateMachine.java:661)
	at org.apache.hadoop.ozone.container.common.transport.server.ratis.ContainerStateMachine.lambda$writeStateMachineData$2(ContainerStateMachine.java:623)
	at java.base/java.util.concurrent.FutureTask.run(FutureTask.java:317)
	at java.base/java.util.concurrent.ThreadPoolExecutor.runWorker(ThreadPoolExecutor.java:1144)
	at java.base/java.util.concurrent.ThreadPoolExecutor$Worker.run(ThreadPoolExecutor.java:642)
	at java.base/java.lang.Thread.run(Thread.java:1583)
2025-07-19 06:07:24,205 [cfedd3f1-5d02-4847-a363-6f2972b00a97@group-3308FC4C3D1F-SegmentedRaftLogWorker] WARN  ratis.XceiverServerRatis (XceiverServerRatis.java:triggerPipelineClose(758)) - pipeline Action CLOSE on pipeline Pipeline-7f60ed3a-1c97-401e-a856-3308fc4c3d1f.Reason : Chunks directory /home/runner/work/ozone/ozone/hadoop-ozone/integration-test/target/test-dir/MiniOzoneClusterImpl-09c4c6e1-5ab0-4195-ac7b-5aec6defaa36/ozone-meta/datanode-4/data-0/hdds/09c4c6e1-5ab0-4195-ac7b-5aec6defaa36/current/containerDir0/5/chunks does not exist.
2025-07-19 06:07:24,207 [EventQueue-PipelineActionsForPipelineActionHandler] INFO  pipeline.PipelineActionHandler (PipelineActionHandler.java:processPipelineAction(89)) - Received pipeline action CLOSE for Pipeline-7f60ed3a-1c97-401e-a856-3308fc4c3d1f from datanode cfedd3f1-5d02-4847-a363-6f2972b00a97(localhost/127.0.0.1). Reason : Chunks directory /home/runner/work/ozone/ozone/hadoop-ozone/integration-test/target/test-dir/MiniOzoneClusterImpl-09c4c6e1-5ab0-4195-ac7b-5aec6defaa36/ozone-meta/datanode-4/data-0/hdds/09c4c6e1-5ab0-4195-ac7b-5aec6defaa36/current/containerDir0/5/chunks does not exist.
2025-07-19 06:07:24,207 [cfedd3f1-5d02-4847-a363-6f2972b00a97@group-3308FC4C3D1F-SegmentedRaftLogWorker] ERROR raftlog.RaftLog (RaftLogBase.java:lambda$appendImpl$3(197)) - cfedd3f1-5d02-4847-a363-6f2972b00a97@group-3308FC4C3D1F-SegmentedRaftLog: Failed to write log entry (t:1, i:4), STATEMACHINELOGENTRY, cmdType: WriteChunk traceID: "" containerID: 5 datanodeUuid: "cfedd3f1-5d02-4847-a363-6f2972b00a97" pipelineID: "7f60ed3a-1c97-401e-a856-3308fc4c3d1f" writeChunk { blockID { containerID: 5 localID: 115816896921600005 blockCommitSequenceId: 2 replicaIndex: 0 } chunkData { chunkName: "115816896921600005_chunk_2" offset: 5 len: 5 checksumData { type: CRC32 bytesPerChecksum: 16384 checksums: "\350a\3440" } } } version: 3, container path=/home/runner/work/ozone/ozone/hadoop-ozone/integration-test/target/test-dir/MiniOzoneClusterImpl-09c4c6e1-5ab0-4195-ac7b-5aec6defaa36/ozone-meta/datanode-4/data-0/hdds/09c4c6e1-5ab0-4195-ac7b-5aec6defaa36/current/containerDir0/5
org.apache.hadoop.hdds.scm.container.common.helpers.StorageContainerException: Chunks directory /home/runner/work/ozone/ozone/hadoop-ozone/integration-test/target/test-dir/MiniOzoneClusterImpl-09c4c6e1-5ab0-4195-ac7b-5aec6defaa36/ozone-meta/datanode-4/data-0/hdds/09c4c6e1-5ab0-4195-ac7b-5aec6defaa36/current/containerDir0/5/chunks does not exist.
	at org.apache.hadoop.ozone.container.common.transport.server.ratis.ContainerStateMachine.handleCommandResult(ContainerStateMachine.java:661)
	at org.apache.hadoop.ozone.container.common.transport.server.ratis.ContainerStateMachine.lambda$writeStateMachineData$2(ContainerStateMachine.java:623)
	at java.base/java.util.concurrent.FutureTask.run(FutureTask.java:317)
	at java.base/java.util.concurrent.ThreadPoolExecutor.runWorker(ThreadPoolExecutor.java:1144)
	at java.base/java.util.concurrent.ThreadPoolExecutor$Worker.run(ThreadPoolExecutor.java:642)
	at java.base/java.lang.Thread.run(Thread.java:1583)
2025-07-19 06:07:24,208 [cfedd3f1-5d02-4847-a363-6f2972b00a97@group-3308FC4C3D1F-cacheEviction-AwaitToRun] INFO  util.AwaitToRun (AwaitToRun.java:run(49)) - cfedd3f1-5d02-4847-a363-6f2972b00a97@group-3308FC4C3D1F-cacheEviction-AwaitToRun-AwaitForSignal is interrupted
2025-07-19 06:07:24,210 [EventQueue-PipelineActionsForPipelineActionHandler] INFO  pipeline.PipelineManagerImpl (PipelineManagerImpl.java:closePipeline(511)) - Pipeline Pipeline-7f60ed3a-1c97-401e-a856-3308fc4c3d1f moved to CLOSED state
2025-07-19 06:07:24,237 [EventQueue-PipelineActionsForPipelineActionHandler] INFO  pipeline.PipelineActionHandler (PipelineActionHandler.java:processPipelineAction(89)) - Received pipeline action CLOSE for Pipeline-621783e2-3d2d-4ffd-8d5f-7fd69fea80d4 from datanode e4fa6cd0-dc30-4550-b12f-023a3466045b(localhost/127.0.0.1). Reason : Ratis Transaction failure in datanode e4fa6cd0-dc30-4550-b12f-023a3466045b with role LEADER .Triggering pipeline close action.
2025-07-19 06:07:24,407 [EventQueue-PipelineActionsForPipelineActionHandler] INFO  pipeline.PipelineActionHandler (PipelineActionHandler.java:processPipelineAction(89)) - Received pipeline action CLOSE for Pipeline-7f60ed3a-1c97-401e-a856-3308fc4c3d1f from datanode cfedd3f1-5d02-4847-a363-6f2972b00a97(localhost/127.0.0.1). Reason : Chunks directory /home/runner/work/ozone/ozone/hadoop-ozone/integration-test/target/test-dir/MiniOzoneClusterImpl-09c4c6e1-5ab0-4195-ac7b-5aec6defaa36/ozone-meta/datanode-4/data-0/hdds/09c4c6e1-5ab0-4195-ac7b-5aec6defaa36/current/containerDir0/5/chunks does not exist.
2025-07-19 06:07:24,437 [EventQueue-PipelineActionsForPipelineActionHandler] INFO  pipeline.PipelineActionHandler (PipelineActionHandler.java:processPipelineAction(89)) - Received pipeline action CLOSE for Pipeline-621783e2-3d2d-4ffd-8d5f-7fd69fea80d4 from datanode e4fa6cd0-dc30-4550-b12f-023a3466045b(localhost/127.0.0.1). Reason : Ratis Transaction failure in datanode e4fa6cd0-dc30-4550-b12f-023a3466045b with role LEADER .Triggering pipeline close action.
2025-07-19 06:07:24,607 [EventQueue-PipelineActionsForPipelineActionHandler] INFO  pipeline.PipelineActionHandler (PipelineActionHandler.java:processPipelineAction(89)) - Received pipeline action CLOSE for Pipeline-7f60ed3a-1c97-401e-a856-3308fc4c3d1f from datanode cfedd3f1-5d02-4847-a363-6f2972b00a97(localhost/127.0.0.1). Reason : Chunks directory /home/runner/work/ozone/ozone/hadoop-ozone/integration-test/target/test-dir/MiniOzoneClusterImpl-09c4c6e1-5ab0-4195-ac7b-5aec6defaa36/ozone-meta/datanode-4/data-0/hdds/09c4c6e1-5ab0-4195-ac7b-5aec6defaa36/current/containerDir0/5/chunks does not exist.
2025-07-19 06:07:24,638 [EventQueue-PipelineActionsForPipelineActionHandler] INFO  pipeline.PipelineActionHandler (PipelineActionHandler.java:processPipelineAction(89)) - Received pipeline action CLOSE for Pipeline-621783e2-3d2d-4ffd-8d5f-7fd69fea80d4 from datanode e4fa6cd0-dc30-4550-b12f-023a3466045b(localhost/127.0.0.1). Reason : Ratis Transaction failure in datanode e4fa6cd0-dc30-4550-b12f-023a3466045b with role LEADER .Triggering pipeline close action.
2025-07-19 06:07:24,807 [EventQueue-PipelineActionsForPipelineActionHandler] INFO  pipeline.PipelineActionHandler (PipelineActionHandler.java:processPipelineAction(89)) - Received pipeline action CLOSE for Pipeline-7f60ed3a-1c97-401e-a856-3308fc4c3d1f from datanode cfedd3f1-5d02-4847-a363-6f2972b00a97(localhost/127.0.0.1). Reason : Chunks directory /home/runner/work/ozone/ozone/hadoop-ozone/integration-test/target/test-dir/MiniOzoneClusterImpl-09c4c6e1-5ab0-4195-ac7b-5aec6defaa36/ozone-meta/datanode-4/data-0/hdds/09c4c6e1-5ab0-4195-ac7b-5aec6defaa36/current/containerDir0/5/chunks does not exist.
2025-07-19 06:07:24,839 [EventQueue-PipelineActionsForPipelineActionHandler] INFO  pipeline.PipelineActionHandler (PipelineActionHandler.java:processPipelineAction(89)) - Received pipeline action CLOSE for Pipeline-621783e2-3d2d-4ffd-8d5f-7fd69fea80d4 from datanode e4fa6cd0-dc30-4550-b12f-023a3466045b(localhost/127.0.0.1). Reason : Ratis Transaction failure in datanode e4fa6cd0-dc30-4550-b12f-023a3466045b with role LEADER .Triggering pipeline close action.
2025-07-19 06:07:25,008 [EventQueue-PipelineActionsForPipelineActionHandler] INFO  pipeline.PipelineActionHandler (PipelineActionHandler.java:processPipelineAction(89)) - Received pipeline action CLOSE for Pipeline-7f60ed3a-1c97-401e-a856-3308fc4c3d1f from datanode cfedd3f1-5d02-4847-a363-6f2972b00a97(localhost/127.0.0.1). Reason : Chunks directory /home/runner/work/ozone/ozone/hadoop-ozone/integration-test/target/test-dir/MiniOzoneClusterImpl-09c4c6e1-5ab0-4195-ac7b-5aec6defaa36/ozone-meta/datanode-4/data-0/hdds/09c4c6e1-5ab0-4195-ac7b-5aec6defaa36/current/containerDir0/5/chunks does not exist.
2025-07-19 06:07:25,039 [EventQueue-PipelineActionsForPipelineActionHandler] INFO  pipeline.PipelineActionHandler (PipelineActionHandler.java:processPipelineAction(89)) - Received pipeline action CLOSE for Pipeline-621783e2-3d2d-4ffd-8d5f-7fd69fea80d4 from datanode e4fa6cd0-dc30-4550-b12f-023a3466045b(localhost/127.0.0.1). Reason : Ratis Transaction failure in datanode e4fa6cd0-dc30-4550-b12f-023a3466045b with role LEADER .Triggering pipeline close action.
2025-07-19 06:07:25,208 [EventQueue-PipelineActionsForPipelineActionHandler] INFO  pipeline.PipelineActionHandler (PipelineActionHandler.java:processPipelineAction(89)) - Received pipeline action CLOSE for Pipeline-7f60ed3a-1c97-401e-a856-3308fc4c3d1f from datanode cfedd3f1-5d02-4847-a363-6f2972b00a97(localhost/127.0.0.1). Reason : Chunks directory /home/runner/work/ozone/ozone/hadoop-ozone/integration-test/target/test-dir/MiniOzoneClusterImpl-09c4c6e1-5ab0-4195-ac7b-5aec6defaa36/ozone-meta/datanode-4/data-0/hdds/09c4c6e1-5ab0-4195-ac7b-5aec6defaa36/current/containerDir0/5/chunks does not exist.
2025-07-19 06:07:25,238 [EventQueue-PipelineActionsForPipelineActionHandler] INFO  pipeline.PipelineActionHandler (PipelineActionHandler.java:processPipelineAction(89)) - Received pipeline action CLOSE for Pipeline-621783e2-3d2d-4ffd-8d5f-7fd69fea80d4 from datanode e4fa6cd0-dc30-4550-b12f-023a3466045b(localhost/127.0.0.1). Reason : Ratis Transaction failure in datanode e4fa6cd0-dc30-4550-b12f-023a3466045b with role LEADER .Triggering pipeline close action.
2025-07-19 06:07:25,408 [EventQueue-PipelineActionsForPipelineActionHandler] INFO  pipeline.PipelineActionHandler (PipelineActionHandler.java:processPipelineAction(89)) - Received pipeline action CLOSE for Pipeline-7f60ed3a-1c97-401e-a856-3308fc4c3d1f from datanode cfedd3f1-5d02-4847-a363-6f2972b00a97(localhost/127.0.0.1). Reason : Chunks directory /home/runner/work/ozone/ozone/hadoop-ozone/integration-test/target/test-dir/MiniOzoneClusterImpl-09c4c6e1-5ab0-4195-ac7b-5aec6defaa36/ozone-meta/datanode-4/data-0/hdds/09c4c6e1-5ab0-4195-ac7b-5aec6defaa36/current/containerDir0/5/chunks does not exist.
2025-07-19 06:07:25,438 [EventQueue-PipelineActionsForPipelineActionHandler] INFO  pipeline.PipelineActionHandler (PipelineActionHandler.java:processPipelineAction(89)) - Received pipeline action CLOSE for Pipeline-621783e2-3d2d-4ffd-8d5f-7fd69fea80d4 from datanode e4fa6cd0-dc30-4550-b12f-023a3466045b(localhost/127.0.0.1). Reason : Ratis Transaction failure in datanode e4fa6cd0-dc30-4550-b12f-023a3466045b with role LEADER .Triggering pipeline close action.
2025-07-19 06:07:25,609 [EventQueue-PipelineActionsForPipelineActionHandler] INFO  pipeline.PipelineActionHandler (PipelineActionHandler.java:processPipelineAction(89)) - Received pipeline action CLOSE for Pipeline-7f60ed3a-1c97-401e-a856-3308fc4c3d1f from datanode cfedd3f1-5d02-4847-a363-6f2972b00a97(localhost/127.0.0.1). Reason : Chunks directory /home/runner/work/ozone/ozone/hadoop-ozone/integration-test/target/test-dir/MiniOzoneClusterImpl-09c4c6e1-5ab0-4195-ac7b-5aec6defaa36/ozone-meta/datanode-4/data-0/hdds/09c4c6e1-5ab0-4195-ac7b-5aec6defaa36/current/containerDir0/5/chunks does not exist.
2025-07-19 06:07:25,639 [EventQueue-PipelineActionsForPipelineActionHandler] INFO  pipeline.PipelineActionHandler (PipelineActionHandler.java:processPipelineAction(89)) - Received pipeline action CLOSE for Pipeline-621783e2-3d2d-4ffd-8d5f-7fd69fea80d4 from datanode e4fa6cd0-dc30-4550-b12f-023a3466045b(localhost/127.0.0.1). Reason : Ratis Transaction failure in datanode e4fa6cd0-dc30-4550-b12f-023a3466045b with role LEADER .Triggering pipeline close action.
2025-07-19 06:07:25,809 [EventQueue-PipelineActionsForPipelineActionHandler] INFO  pipeline.PipelineActionHandler (PipelineActionHandler.java:processPipelineAction(89)) - Received pipeline action CLOSE for Pipeline-7f60ed3a-1c97-401e-a856-3308fc4c3d1f from datanode cfedd3f1-5d02-4847-a363-6f2972b00a97(localhost/127.0.0.1). Reason : Chunks directory /home/runner/work/ozone/ozone/hadoop-ozone/integration-test/target/test-dir/MiniOzoneClusterImpl-09c4c6e1-5ab0-4195-ac7b-5aec6defaa36/ozone-meta/datanode-4/data-0/hdds/09c4c6e1-5ab0-4195-ac7b-5aec6defaa36/current/containerDir0/5/chunks does not exist.
2025-07-19 06:07:25,838 [EventQueue-PipelineActionsForPipelineActionHandler] INFO  pipeline.PipelineActionHandler (PipelineActionHandler.java:processPipelineAction(89)) - Received pipeline action CLOSE for Pipeline-621783e2-3d2d-4ffd-8d5f-7fd69fea80d4 from datanode e4fa6cd0-dc30-4550-b12f-023a3466045b(localhost/127.0.0.1). Reason : Ratis Transaction failure in datanode e4fa6cd0-dc30-4550-b12f-023a3466045b with role LEADER .Triggering pipeline close action.
2025-07-19 06:07:25,991 [86838f6f-3dde-42b5-b01a-58c95bf80430@group-0132FE54E6CF-StateMachineUpdater] INFO  ratis.ContainerStateMachine (ContainerStateMachine.java:takeSnapshot(427)) - group-0132FE54E6CF: Taking a snapshot at:(t:1, i:10) file /home/runner/work/ozone/ozone/hadoop-ozone/integration-test/target/test-dir/MiniOzoneClusterImpl-09c4c6e1-5ab0-4195-ac7b-5aec6defaa36/ozone-meta/datanode-3/ratis/a1dcb70a-c8f9-4212-ac4f-0132fe54e6cf/sm/snapshot.1_10
2025-07-19 06:07:25,992 [aa0cb613-fc94-4131-90ab-17bcd78458c4@group-0132FE54E6CF-StateMachineUpdater] INFO  ratis.ContainerStateMachine (ContainerStateMachine.java:takeSnapshot(427)) - group-0132FE54E6CF: Taking a snapshot at:(t:1, i:10) file /home/runner/work/ozone/ozone/hadoop-ozone/integration-test/target/test-dir/MiniOzoneClusterImpl-09c4c6e1-5ab0-4195-ac7b-5aec6defaa36/ozone-meta/datanode-2/ratis/a1dcb70a-c8f9-4212-ac4f-0132fe54e6cf/sm/snapshot.1_10
2025-07-19 06:07:25,992 [86838f6f-3dde-42b5-b01a-58c95bf80430@group-0132FE54E6CF-StateMachineUpdater] INFO  ratis.ContainerStateMachine (ContainerStateMachine.java:takeSnapshot(436)) - group-0132FE54E6CF: Finished taking a snapshot at:(t:1, i:10) file:/home/runner/work/ozone/ozone/hadoop-ozone/integration-test/target/test-dir/MiniOzoneClusterImpl-09c4c6e1-5ab0-4195-ac7b-5aec6defaa36/ozone-meta/datanode-3/ratis/a1dcb70a-c8f9-4212-ac4f-0132fe54e6cf/sm/snapshot.1_10 took: 2 ms
2025-07-19 06:07:25,993 [86838f6f-3dde-42b5-b01a-58c95bf80430@group-0132FE54E6CF-StateMachineUpdater] INFO  impl.StateMachineUpdater (StateMachineUpdater.java:takeSnapshot(307)) - 86838f6f-3dde-42b5-b01a-58c95bf80430@group-0132FE54E6CF-StateMachineUpdater: Took a snapshot at index 10
2025-07-19 06:07:25,993 [86838f6f-3dde-42b5-b01a-58c95bf80430@group-0132FE54E6CF-StateMachineUpdater] INFO  impl.StateMachineUpdater (StateMachineUpdater.java:lambda$new$0(101)) - 86838f6f-3dde-42b5-b01a-58c95bf80430@group-0132FE54E6CF-StateMachineUpdater: snapshotIndex: updateIncreasingly 8 -> 10
2025-07-19 06:07:25,993 [aa0cb613-fc94-4131-90ab-17bcd78458c4@group-0132FE54E6CF-StateMachineUpdater] INFO  ratis.ContainerStateMachine (ContainerStateMachine.java:takeSnapshot(436)) - group-0132FE54E6CF: Finished taking a snapshot at:(t:1, i:10) file:/home/runner/work/ozone/ozone/hadoop-ozone/integration-test/target/test-dir/MiniOzoneClusterImpl-09c4c6e1-5ab0-4195-ac7b-5aec6defaa36/ozone-meta/datanode-2/ratis/a1dcb70a-c8f9-4212-ac4f-0132fe54e6cf/sm/snapshot.1_10 took: 1 ms
2025-07-19 06:07:25,994 [aa0cb613-fc94-4131-90ab-17bcd78458c4@group-0132FE54E6CF-StateMachineUpdater] INFO  impl.StateMachineUpdater (StateMachineUpdater.java:takeSnapshot(307)) - aa0cb613-fc94-4131-90ab-17bcd78458c4@group-0132FE54E6CF-StateMachineUpdater: Took a snapshot at index 10
2025-07-19 06:07:25,994 [aa0cb613-fc94-4131-90ab-17bcd78458c4@group-0132FE54E6CF-StateMachineUpdater] INFO  impl.StateMachineUpdater (StateMachineUpdater.java:lambda$new$0(101)) - aa0cb613-fc94-4131-90ab-17bcd78458c4@group-0132FE54E6CF-StateMachineUpdater: snapshotIndex: updateIncreasingly 8 -> 10
2025-07-19 06:07:26,008 [EventQueue-PipelineActionsForPipelineActionHandler] INFO  pipeline.PipelineActionHandler (PipelineActionHandler.java:processPipelineAction(89)) - Received pipeline action CLOSE for Pipeline-7f60ed3a-1c97-401e-a856-3308fc4c3d1f from datanode cfedd3f1-5d02-4847-a363-6f2972b00a97(localhost/127.0.0.1). Reason : Chunks directory /home/runner/work/ozone/ozone/hadoop-ozone/integration-test/target/test-dir/MiniOzoneClusterImpl-09c4c6e1-5ab0-4195-ac7b-5aec6defaa36/ozone-meta/datanode-4/data-0/hdds/09c4c6e1-5ab0-4195-ac7b-5aec6defaa36/current/containerDir0/5/chunks does not exist.
2025-07-19 06:07:26,038 [EventQueue-PipelineActionsForPipelineActionHandler] INFO  pipeline.PipelineActionHandler (PipelineActionHandler.java:processPipelineAction(89)) - Received pipeline action CLOSE for Pipeline-621783e2-3d2d-4ffd-8d5f-7fd69fea80d4 from datanode e4fa6cd0-dc30-4550-b12f-023a3466045b(localhost/127.0.0.1). Reason : Ratis Transaction failure in datanode e4fa6cd0-dc30-4550-b12f-023a3466045b with role LEADER .Triggering pipeline close action.
2025-07-19 06:07:26,208 [EventQueue-PipelineActionsForPipelineActionHandler] INFO  pipeline.PipelineActionHandler (PipelineActionHandler.java:processPipelineAction(89)) - Received pipeline action CLOSE for Pipeline-7f60ed3a-1c97-401e-a856-3308fc4c3d1f from datanode cfedd3f1-5d02-4847-a363-6f2972b00a97(localhost/127.0.0.1). Reason : Chunks directory /home/runner/work/ozone/ozone/hadoop-ozone/integration-test/target/test-dir/MiniOzoneClusterImpl-09c4c6e1-5ab0-4195-ac7b-5aec6defaa36/ozone-meta/datanode-4/data-0/hdds/09c4c6e1-5ab0-4195-ac7b-5aec6defaa36/current/containerDir0/5/chunks does not exist.
2025-07-19 06:07:26,238 [EventQueue-PipelineActionsForPipelineActionHandler] INFO  pipeline.PipelineActionHandler (PipelineActionHandler.java:processPipelineAction(89)) - Received pipeline action CLOSE for Pipeline-621783e2-3d2d-4ffd-8d5f-7fd69fea80d4 from datanode e4fa6cd0-dc30-4550-b12f-023a3466045b(localhost/127.0.0.1). Reason : Ratis Transaction failure in datanode e4fa6cd0-dc30-4550-b12f-023a3466045b with role LEADER .Triggering pipeline close action.
2025-07-19 06:07:26,409 [EventQueue-PipelineActionsForPipelineActionHandler] INFO  pipeline.PipelineActionHandler (PipelineActionHandler.java:processPipelineAction(89)) - Received pipeline action CLOSE for Pipeline-7f60ed3a-1c97-401e-a856-3308fc4c3d1f from datanode cfedd3f1-5d02-4847-a363-6f2972b00a97(localhost/127.0.0.1). Reason : Chunks directory /home/runner/work/ozone/ozone/hadoop-ozone/integration-test/target/test-dir/MiniOzoneClusterImpl-09c4c6e1-5ab0-4195-ac7b-5aec6defaa36/ozone-meta/datanode-4/data-0/hdds/09c4c6e1-5ab0-4195-ac7b-5aec6defaa36/current/containerDir0/5/chunks does not exist.
2025-07-19 06:07:26,439 [EventQueue-PipelineActionsForPipelineActionHandler] INFO  pipeline.PipelineActionHandler (PipelineActionHandler.java:processPipelineAction(89)) - Received pipeline action CLOSE for Pipeline-621783e2-3d2d-4ffd-8d5f-7fd69fea80d4 from datanode e4fa6cd0-dc30-4550-b12f-023a3466045b(localhost/127.0.0.1). Reason : Ratis Transaction failure in datanode e4fa6cd0-dc30-4550-b12f-023a3466045b with role LEADER .Triggering pipeline close action.
2025-07-19 06:07:26,608 [EventQueue-PipelineActionsForPipelineActionHandler] INFO  pipeline.PipelineActionHandler (PipelineActionHandler.java:processPipelineAction(89)) - Received pipeline action CLOSE for Pipeline-7f60ed3a-1c97-401e-a856-3308fc4c3d1f from datanode cfedd3f1-5d02-4847-a363-6f2972b00a97(localhost/127.0.0.1). Reason : Chunks directory /home/runner/work/ozone/ozone/hadoop-ozone/integration-test/target/test-dir/MiniOzoneClusterImpl-09c4c6e1-5ab0-4195-ac7b-5aec6defaa36/ozone-meta/datanode-4/data-0/hdds/09c4c6e1-5ab0-4195-ac7b-5aec6defaa36/current/containerDir0/5/chunks does not exist.
2025-07-19 06:07:26,638 [EventQueue-PipelineActionsForPipelineActionHandler] INFO  pipeline.PipelineActionHandler (PipelineActionHandler.java:processPipelineAction(89)) - Received pipeline action CLOSE for Pipeline-621783e2-3d2d-4ffd-8d5f-7fd69fea80d4 from datanode e4fa6cd0-dc30-4550-b12f-023a3466045b(localhost/127.0.0.1). Reason : Ratis Transaction failure in datanode e4fa6cd0-dc30-4550-b12f-023a3466045b with role LEADER .Triggering pipeline close action.
2025-07-19 06:07:26,808 [EventQueue-PipelineActionsForPipelineActionHandler] INFO  pipeline.PipelineActionHandler (PipelineActionHandler.java:processPipelineAction(89)) - Received pipeline action CLOSE for Pipeline-7f60ed3a-1c97-401e-a856-3308fc4c3d1f from datanode cfedd3f1-5d02-4847-a363-6f2972b00a97(localhost/127.0.0.1). Reason : Chunks directory /home/runner/work/ozone/ozone/hadoop-ozone/integration-test/target/test-dir/MiniOzoneClusterImpl-09c4c6e1-5ab0-4195-ac7b-5aec6defaa36/ozone-meta/datanode-4/data-0/hdds/09c4c6e1-5ab0-4195-ac7b-5aec6defaa36/current/containerDir0/5/chunks does not exist.
2025-07-19 06:07:26,838 [EventQueue-PipelineActionsForPipelineActionHandler] INFO  pipeline.PipelineActionHandler (PipelineActionHandler.java:processPipelineAction(89)) - Received pipeline action CLOSE for Pipeline-621783e2-3d2d-4ffd-8d5f-7fd69fea80d4 from datanode e4fa6cd0-dc30-4550-b12f-023a3466045b(localhost/127.0.0.1). Reason : Ratis Transaction failure in datanode e4fa6cd0-dc30-4550-b12f-023a3466045b with role LEADER .Triggering pipeline close action.
2025-07-19 06:07:27,008 [EventQueue-PipelineActionsForPipelineActionHandler] INFO  pipeline.PipelineActionHandler (PipelineActionHandler.java:processPipelineAction(89)) - Received pipeline action CLOSE for Pipeline-7f60ed3a-1c97-401e-a856-3308fc4c3d1f from datanode cfedd3f1-5d02-4847-a363-6f2972b00a97(localhost/127.0.0.1). Reason : Chunks directory /home/runner/work/ozone/ozone/hadoop-ozone/integration-test/target/test-dir/MiniOzoneClusterImpl-09c4c6e1-5ab0-4195-ac7b-5aec6defaa36/ozone-meta/datanode-4/data-0/hdds/09c4c6e1-5ab0-4195-ac7b-5aec6defaa36/current/containerDir0/5/chunks does not exist.
2025-07-19 06:07:27,039 [EventQueue-PipelineActionsForPipelineActionHandler] INFO  pipeline.PipelineActionHandler (PipelineActionHandler.java:processPipelineAction(89)) - Received pipeline action CLOSE for Pipeline-621783e2-3d2d-4ffd-8d5f-7fd69fea80d4 from datanode e4fa6cd0-dc30-4550-b12f-023a3466045b(localhost/127.0.0.1). Reason : Ratis Transaction failure in datanode e4fa6cd0-dc30-4550-b12f-023a3466045b with role LEADER .Triggering pipeline close action.
2025-07-19 06:07:27,195 [timer6] ERROR impl.OrderedAsync (OrderedAsync.java:lambda$null$6(215)) -  client-B272EA43BE6D: Failed* RaftClientRequest:client-B272EA43BE6D->cfedd3f1-5d02-4847-a363-6f2972b00a97@group-3308FC4C3D1F, cid=151, seq=4, RW, cmdType: WriteChunk
traceID: ""
containerID: 5
datanodeUuid: "cfedd3f1-5d02-4847-a363-6f2972b00a97"
writeChunk {
  blockID {
    containerID: 5
    localID: 115816896921600005
    blockCommitSequenceId: 2
    replicaIndex: 0
  }
  chunkData {
    chunkName: "115816896921600005_chunk_2"
    offset: 5
    len: 5
    checksumData {
      type: CRC32
      bytesPerChecksum: 16384
      checksums: "\350a\3440"
    }
  }
}
version: 3
, data.size=5
java.util.concurrent.CompletionException: org.apache.ratis.protocol.exceptions.TimeoutIOException: client-B272EA43BE6D->cfedd3f1-5d02-4847-a363-6f2972b00a97 request #151 timeout 3000ms
	at java.base/java.util.concurrent.CompletableFuture.encodeThrowable(CompletableFuture.java:332)
	at java.base/java.util.concurrent.CompletableFuture.completeThrowable(CompletableFuture.java:347)
	at java.base/java.util.concurrent.CompletableFuture$UniAccept.tryFire(CompletableFuture.java:708)
	at java.base/java.util.concurrent.CompletableFuture.postComplete(CompletableFuture.java:510)
	at java.base/java.util.concurrent.CompletableFuture.completeExceptionally(CompletableFuture.java:2194)
	at org.apache.ratis.grpc.client.GrpcClientProtocolClient$AsyncStreamObservers.lambda$timeoutCheck$5(GrpcClientProtocolClient.java:376)
	at java.base/java.util.Optional.ifPresent(Optional.java:178)
	at org.apache.ratis.grpc.client.GrpcClientProtocolClient$AsyncStreamObservers.handleReplyFuture(GrpcClientProtocolClient.java:381)
	at org.apache.ratis.grpc.client.GrpcClientProtocolClient$AsyncStreamObservers.timeoutCheck(GrpcClientProtocolClient.java:376)
	at org.apache.ratis.grpc.client.GrpcClientProtocolClient$AsyncStreamObservers.lambda$onNext$3(GrpcClientProtocolClient.java:369)
	at org.apache.ratis.util.TimeoutTimer.lambda$onTimeout$2(TimeoutTimer.java:101)
	at org.apache.ratis.util.LogUtils.runAndLog(LogUtils.java:38)
	at org.apache.ratis.util.LogUtils$1.run(LogUtils.java:78)
	at org.apache.ratis.util.TimeoutTimer$Task.run(TimeoutTimer.java:55)
	at java.base/java.util.TimerThread.mainLoop(Timer.java:566)
	at java.base/java.util.TimerThread.run(Timer.java:516)
Caused by: org.apache.ratis.protocol.exceptions.TimeoutIOException: client-B272EA43BE6D->cfedd3f1-5d02-4847-a363-6f2972b00a97 request #151 timeout 3000ms
	at org.apache.ratis.grpc.client.GrpcClientProtocolClient$AsyncStreamObservers.lambda$timeoutCheck$5(GrpcClientProtocolClient.java:377)
	... 10 more
2025-07-19 06:07:27,196 [timer7] ERROR impl.OrderedAsync (OrderedAsync.java:lambda$null$6(215)) -  client-B272EA43BE6D: Failed* RaftClientRequest:client-B272EA43BE6D->cfedd3f1-5d02-4847-a363-6f2972b00a97@group-3308FC4C3D1F, cid=152, seq=5, RW, cmdType: PutBlock
traceID: ""
containerID: 5
datanodeUuid: "cfedd3f1-5d02-4847-a363-6f2972b00a97"
putBlock {
  blockData {
    blockID {
      containerID: 5
      localID: 115816896921600005
      blockCommitSequenceId: 0
    }
    metadata {
      key: "TYPE"
      value: "KEY"
    }
    chunks {
      chunkName: "115816896921600005_chunk_1"
      offset: 0
      len: 5
      checksumData {
        type: CRC32
        bytesPerChecksum: 16384
        checksums: "\350a\3440"
      }
    }
    chunks {
      chunkName: "115816896921600005_chunk_2"
      offset: 5
      len: 5
      checksumData {
        type: CRC32
        bytesPerChecksum: 16384
        checksums: "\350a\3440"
      }
    }
  }
  eof: true
}
version: 3
, data.size=0
java.util.concurrent.CompletionException: org.apache.ratis.protocol.exceptions.TimeoutIOException: client-B272EA43BE6D->cfedd3f1-5d02-4847-a363-6f2972b00a97 request #152 timeout 3000ms
	at java.base/java.util.concurrent.CompletableFuture.encodeThrowable(CompletableFuture.java:332)
	at java.base/java.util.concurrent.CompletableFuture.completeThrowable(CompletableFuture.java:347)
	at java.base/java.util.concurrent.CompletableFuture$UniAccept.tryFire(CompletableFuture.java:708)
	at java.base/java.util.concurrent.CompletableFuture.postComplete(CompletableFuture.java:510)
	at java.base/java.util.concurrent.CompletableFuture.completeExceptionally(CompletableFuture.java:2194)
	at org.apache.ratis.grpc.client.GrpcClientProtocolClient$AsyncStreamObservers.lambda$timeoutCheck$5(GrpcClientProtocolClient.java:376)
	at java.base/java.util.Optional.ifPresent(Optional.java:178)
	at org.apache.ratis.grpc.client.GrpcClientProtocolClient$AsyncStreamObservers.handleReplyFuture(GrpcClientProtocolClient.java:381)
	at org.apache.ratis.grpc.client.GrpcClientProtocolClient$AsyncStreamObservers.timeoutCheck(GrpcClientProtocolClient.java:376)
	at org.apache.ratis.grpc.client.GrpcClientProtocolClient$AsyncStreamObservers.lambda$onNext$3(GrpcClientProtocolClient.java:369)
	at org.apache.ratis.util.TimeoutTimer.lambda$onTimeout$2(TimeoutTimer.java:101)
	at org.apache.ratis.util.LogUtils.runAndLog(LogUtils.java:38)
	at org.apache.ratis.util.LogUtils$1.run(LogUtils.java:78)
	at org.apache.ratis.util.TimeoutTimer$Task.run(TimeoutTimer.java:55)
	at java.base/java.util.TimerThread.mainLoop(Timer.java:566)
	at java.base/java.util.TimerThread.run(Timer.java:516)
Caused by: org.apache.ratis.protocol.exceptions.TimeoutIOException: client-B272EA43BE6D->cfedd3f1-5d02-4847-a363-6f2972b00a97 request #152 timeout 3000ms
	at org.apache.ratis.grpc.client.GrpcClientProtocolClient$AsyncStreamObservers.lambda$timeoutCheck$5(GrpcClientProtocolClient.java:377)
	... 10 more
2025-07-19 06:07:27,208 [cfedd3f1-5d02-4847-a363-6f2972b00a97@group-3308FC4C3D1F-SegmentedRaftLogWorker] WARN  segmented.SegmentedRaftLogWorker (SegmentedRaftLogWorker.java:lambda$close$3(251)) - cfedd3f1-5d02-4847-a363-6f2972b00a97@group-3308FC4C3D1F-SegmentedRaftLogWorker: shutdown timeout in 3s
2025-07-19 06:07:27,208 [EventQueue-PipelineActionsForPipelineActionHandler] INFO  pipeline.PipelineActionHandler (PipelineActionHandler.java:processPipelineAction(89)) - Received pipeline action CLOSE for Pipeline-7f60ed3a-1c97-401e-a856-3308fc4c3d1f from datanode cfedd3f1-5d02-4847-a363-6f2972b00a97(localhost/127.0.0.1). Reason : Chunks directory /home/runner/work/ozone/ozone/hadoop-ozone/integration-test/target/test-dir/MiniOzoneClusterImpl-09c4c6e1-5ab0-4195-ac7b-5aec6defaa36/ozone-meta/datanode-4/data-0/hdds/09c4c6e1-5ab0-4195-ac7b-5aec6defaa36/current/containerDir0/5/chunks does not exist.
2025-07-19 06:07:27,209 [cfedd3f1-5d02-4847-a363-6f2972b00a97@group-3308FC4C3D1F-SegmentedRaftLogWorker] INFO  segmented.SegmentedRaftLogWorker (SegmentedRaftLogWorker.java:close(254)) - cfedd3f1-5d02-4847-a363-6f2972b00a97@group-3308FC4C3D1F-SegmentedRaftLogWorker close()
2025-07-19 06:07:27,238 [EventQueue-PipelineActionsForPipelineActionHandler] INFO  pipeline.PipelineActionHandler (PipelineActionHandler.java:processPipelineAction(89)) - Received pipeline action CLOSE for Pipeline-621783e2-3d2d-4ffd-8d5f-7fd69fea80d4 from datanode e4fa6cd0-dc30-4550-b12f-023a3466045b(localhost/127.0.0.1). Reason : Ratis Transaction failure in datanode e4fa6cd0-dc30-4550-b12f-023a3466045b with role LEADER .Triggering pipeline close action.
2025-07-19 06:07:27,408 [EventQueue-PipelineActionsForPipelineActionHandler] INFO  pipeline.PipelineActionHandler (PipelineActionHandler.java:processPipelineAction(89)) - Received pipeline action CLOSE for Pipeline-7f60ed3a-1c97-401e-a856-3308fc4c3d1f from datanode cfedd3f1-5d02-4847-a363-6f2972b00a97(localhost/127.0.0.1). Reason : Chunks directory /home/runner/work/ozone/ozone/hadoop-ozone/integration-test/target/test-dir/MiniOzoneClusterImpl-09c4c6e1-5ab0-4195-ac7b-5aec6defaa36/ozone-meta/datanode-4/data-0/hdds/09c4c6e1-5ab0-4195-ac7b-5aec6defaa36/current/containerDir0/5/chunks does not exist.
2025-07-19 06:07:27,438 [EventQueue-PipelineActionsForPipelineActionHandler] INFO  pipeline.PipelineActionHandler (PipelineActionHandler.java:processPipelineAction(89)) - Received pipeline action CLOSE for Pipeline-621783e2-3d2d-4ffd-8d5f-7fd69fea80d4 from datanode e4fa6cd0-dc30-4550-b12f-023a3466045b(localhost/127.0.0.1). Reason : Ratis Transaction failure in datanode e4fa6cd0-dc30-4550-b12f-023a3466045b with role LEADER .Triggering pipeline close action.
2025-07-19 06:07:27,608 [EventQueue-PipelineActionsForPipelineActionHandler] INFO  pipeline.PipelineActionHandler (PipelineActionHandler.java:processPipelineAction(89)) - Received pipeline action CLOSE for Pipeline-7f60ed3a-1c97-401e-a856-3308fc4c3d1f from datanode cfedd3f1-5d02-4847-a363-6f2972b00a97(localhost/127.0.0.1). Reason : Chunks directory /home/runner/work/ozone/ozone/hadoop-ozone/integration-test/target/test-dir/MiniOzoneClusterImpl-09c4c6e1-5ab0-4195-ac7b-5aec6defaa36/ozone-meta/datanode-4/data-0/hdds/09c4c6e1-5ab0-4195-ac7b-5aec6defaa36/current/containerDir0/5/chunks does not exist.
2025-07-19 06:07:27,638 [EventQueue-PipelineActionsForPipelineActionHandler] INFO  pipeline.PipelineActionHandler (PipelineActionHandler.java:processPipelineAction(89)) - Received pipeline action CLOSE for Pipeline-621783e2-3d2d-4ffd-8d5f-7fd69fea80d4 from datanode e4fa6cd0-dc30-4550-b12f-023a3466045b(localhost/127.0.0.1). Reason : Ratis Transaction failure in datanode e4fa6cd0-dc30-4550-b12f-023a3466045b with role LEADER .Triggering pipeline close action.
2025-07-19 06:07:27,809 [EventQueue-PipelineActionsForPipelineActionHandler] INFO  pipeline.PipelineActionHandler (PipelineActionHandler.java:processPipelineAction(89)) - Received pipeline action CLOSE for Pipeline-7f60ed3a-1c97-401e-a856-3308fc4c3d1f from datanode cfedd3f1-5d02-4847-a363-6f2972b00a97(localhost/127.0.0.1). Reason : Chunks directory /home/runner/work/ozone/ozone/hadoop-ozone/integration-test/target/test-dir/MiniOzoneClusterImpl-09c4c6e1-5ab0-4195-ac7b-5aec6defaa36/ozone-meta/datanode-4/data-0/hdds/09c4c6e1-5ab0-4195-ac7b-5aec6defaa36/current/containerDir0/5/chunks does not exist.
2025-07-19 06:07:27,839 [EventQueue-PipelineActionsForPipelineActionHandler] INFO  pipeline.PipelineActionHandler (PipelineActionHandler.java:processPipelineAction(89)) - Received pipeline action CLOSE for Pipeline-621783e2-3d2d-4ffd-8d5f-7fd69fea80d4 from datanode e4fa6cd0-dc30-4550-b12f-023a3466045b(localhost/127.0.0.1). Reason : Ratis Transaction failure in datanode e4fa6cd0-dc30-4550-b12f-023a3466045b with role LEADER .Triggering pipeline close action.
2025-07-19 06:07:28,010 [EventQueue-PipelineActionsForPipelineActionHandler] INFO  pipeline.PipelineActionHandler (PipelineActionHandler.java:processPipelineAction(89)) - Received pipeline action CLOSE for Pipeline-7f60ed3a-1c97-401e-a856-3308fc4c3d1f from datanode cfedd3f1-5d02-4847-a363-6f2972b00a97(localhost/127.0.0.1). Reason : Chunks directory /home/runner/work/ozone/ozone/hadoop-ozone/integration-test/target/test-dir/MiniOzoneClusterImpl-09c4c6e1-5ab0-4195-ac7b-5aec6defaa36/ozone-meta/datanode-4/data-0/hdds/09c4c6e1-5ab0-4195-ac7b-5aec6defaa36/current/containerDir0/5/chunks does not exist.
2025-07-19 06:07:28,038 [EventQueue-PipelineActionsForPipelineActionHandler] INFO  pipeline.PipelineActionHandler (PipelineActionHandler.java:processPipelineAction(89)) - Received pipeline action CLOSE for Pipeline-621783e2-3d2d-4ffd-8d5f-7fd69fea80d4 from datanode e4fa6cd0-dc30-4550-b12f-023a3466045b(localhost/127.0.0.1). Reason : Ratis Transaction failure in datanode e4fa6cd0-dc30-4550-b12f-023a3466045b with role LEADER .Triggering pipeline close action.
2025-07-19 06:07:28,209 [EventQueue-PipelineActionsForPipelineActionHandler] INFO  pipeline.PipelineActionHandler (PipelineActionHandler.java:processPipelineAction(89)) - Received pipeline action CLOSE for Pipeline-7f60ed3a-1c97-401e-a856-3308fc4c3d1f from datanode cfedd3f1-5d02-4847-a363-6f2972b00a97(localhost/127.0.0.1). Reason : Chunks directory /home/runner/work/ozone/ozone/hadoop-ozone/integration-test/target/test-dir/MiniOzoneClusterImpl-09c4c6e1-5ab0-4195-ac7b-5aec6defaa36/ozone-meta/datanode-4/data-0/hdds/09c4c6e1-5ab0-4195-ac7b-5aec6defaa36/current/containerDir0/5/chunks does not exist.
2025-07-19 06:07:28,238 [EventQueue-PipelineActionsForPipelineActionHandler] INFO  pipeline.PipelineActionHandler (PipelineActionHandler.java:processPipelineAction(89)) - Received pipeline action CLOSE for Pipeline-621783e2-3d2d-4ffd-8d5f-7fd69fea80d4 from datanode e4fa6cd0-dc30-4550-b12f-023a3466045b(localhost/127.0.0.1). Reason : Ratis Transaction failure in datanode e4fa6cd0-dc30-4550-b12f-023a3466045b with role LEADER .Triggering pipeline close action.
2025-07-19 06:07:28,409 [EventQueue-PipelineActionsForPipelineActionHandler] INFO  pipeline.PipelineActionHandler (PipelineActionHandler.java:processPipelineAction(89)) - Received pipeline action CLOSE for Pipeline-7f60ed3a-1c97-401e-a856-3308fc4c3d1f from datanode cfedd3f1-5d02-4847-a363-6f2972b00a97(localhost/127.0.0.1). Reason : Chunks directory /home/runner/work/ozone/ozone/hadoop-ozone/integration-test/target/test-dir/MiniOzoneClusterImpl-09c4c6e1-5ab0-4195-ac7b-5aec6defaa36/ozone-meta/datanode-4/data-0/hdds/09c4c6e1-5ab0-4195-ac7b-5aec6defaa36/current/containerDir0/5/chunks does not exist.
2025-07-19 06:07:28,438 [EventQueue-PipelineActionsForPipelineActionHandler] INFO  pipeline.PipelineActionHandler (PipelineActionHandler.java:processPipelineAction(89)) - Received pipeline action CLOSE for Pipeline-621783e2-3d2d-4ffd-8d5f-7fd69fea80d4 from datanode e4fa6cd0-dc30-4550-b12f-023a3466045b(localhost/127.0.0.1). Reason : Ratis Transaction failure in datanode e4fa6cd0-dc30-4550-b12f-023a3466045b with role LEADER .Triggering pipeline close action.
2025-07-19 06:07:28,609 [EventQueue-PipelineActionsForPipelineActionHandler] INFO  pipeline.PipelineActionHandler (PipelineActionHandler.java:processPipelineAction(89)) - Received pipeline action CLOSE for Pipeline-7f60ed3a-1c97-401e-a856-3308fc4c3d1f from datanode cfedd3f1-5d02-4847-a363-6f2972b00a97(localhost/127.0.0.1). Reason : Chunks directory /home/runner/work/ozone/ozone/hadoop-ozone/integration-test/target/test-dir/MiniOzoneClusterImpl-09c4c6e1-5ab0-4195-ac7b-5aec6defaa36/ozone-meta/datanode-4/data-0/hdds/09c4c6e1-5ab0-4195-ac7b-5aec6defaa36/current/containerDir0/5/chunks does not exist.
2025-07-19 06:07:28,639 [EventQueue-PipelineActionsForPipelineActionHandler] INFO  pipeline.PipelineActionHandler (PipelineActionHandler.java:processPipelineAction(89)) - Received pipeline action CLOSE for Pipeline-621783e2-3d2d-4ffd-8d5f-7fd69fea80d4 from datanode e4fa6cd0-dc30-4550-b12f-023a3466045b(localhost/127.0.0.1). Reason : Ratis Transaction failure in datanode e4fa6cd0-dc30-4550-b12f-023a3466045b with role LEADER .Triggering pipeline close action.
2025-07-19 06:07:28,809 [EventQueue-PipelineActionsForPipelineActionHandler] INFO  pipeline.PipelineActionHandler (PipelineActionHandler.java:processPipelineAction(89)) - Received pipeline action CLOSE for Pipeline-7f60ed3a-1c97-401e-a856-3308fc4c3d1f from datanode cfedd3f1-5d02-4847-a363-6f2972b00a97(localhost/127.0.0.1). Reason : Chunks directory /home/runner/work/ozone/ozone/hadoop-ozone/integration-test/target/test-dir/MiniOzoneClusterImpl-09c4c6e1-5ab0-4195-ac7b-5aec6defaa36/ozone-meta/datanode-4/data-0/hdds/09c4c6e1-5ab0-4195-ac7b-5aec6defaa36/current/containerDir0/5/chunks does not exist.
2025-07-19 06:07:28,838 [EventQueue-PipelineActionsForPipelineActionHandler] INFO  pipeline.PipelineActionHandler (PipelineActionHandler.java:processPipelineAction(89)) - Received pipeline action CLOSE for Pipeline-621783e2-3d2d-4ffd-8d5f-7fd69fea80d4 from datanode e4fa6cd0-dc30-4550-b12f-023a3466045b(localhost/127.0.0.1). Reason : Ratis Transaction failure in datanode e4fa6cd0-dc30-4550-b12f-023a3466045b with role LEADER .Triggering pipeline close action.
2025-07-19 06:07:29,010 [EventQueue-PipelineActionsForPipelineActionHandler] INFO  pipeline.PipelineActionHandler (PipelineActionHandler.java:processPipelineAction(89)) - Received pipeline action CLOSE for Pipeline-7f60ed3a-1c97-401e-a856-3308fc4c3d1f from datanode cfedd3f1-5d02-4847-a363-6f2972b00a97(localhost/127.0.0.1). Reason : Chunks directory /home/runner/work/ozone/ozone/hadoop-ozone/integration-test/target/test-dir/MiniOzoneClusterImpl-09c4c6e1-5ab0-4195-ac7b-5aec6defaa36/ozone-meta/datanode-4/data-0/hdds/09c4c6e1-5ab0-4195-ac7b-5aec6defaa36/current/containerDir0/5/chunks does not exist.
2025-07-19 06:07:29,038 [EventQueue-PipelineActionsForPipelineActionHandler] INFO  pipeline.PipelineActionHandler (PipelineActionHandler.java:processPipelineAction(89)) - Received pipeline action CLOSE for Pipeline-621783e2-3d2d-4ffd-8d5f-7fd69fea80d4 from datanode e4fa6cd0-dc30-4550-b12f-023a3466045b(localhost/127.0.0.1). Reason : Ratis Transaction failure in datanode e4fa6cd0-dc30-4550-b12f-023a3466045b with role LEADER .Triggering pipeline close action.
2025-07-19 06:07:29,209 [EventQueue-PipelineActionsForPipelineActionHandler] INFO  pipeline.PipelineActionHandler (PipelineActionHandler.java:processPipelineAction(89)) - Received pipeline action CLOSE for Pipeline-7f60ed3a-1c97-401e-a856-3308fc4c3d1f from datanode cfedd3f1-5d02-4847-a363-6f2972b00a97(localhost/127.0.0.1). Reason : Chunks directory /home/runner/work/ozone/ozone/hadoop-ozone/integration-test/target/test-dir/MiniOzoneClusterImpl-09c4c6e1-5ab0-4195-ac7b-5aec6defaa36/ozone-meta/datanode-4/data-0/hdds/09c4c6e1-5ab0-4195-ac7b-5aec6defaa36/current/containerDir0/5/chunks does not exist.
2025-07-19 06:07:29,238 [EventQueue-PipelineActionsForPipelineActionHandler] INFO  pipeline.PipelineActionHandler (PipelineActionHandler.java:processPipelineAction(89)) - Received pipeline action CLOSE for Pipeline-621783e2-3d2d-4ffd-8d5f-7fd69fea80d4 from datanode e4fa6cd0-dc30-4550-b12f-023a3466045b(localhost/127.0.0.1). Reason : Ratis Transaction failure in datanode e4fa6cd0-dc30-4550-b12f-023a3466045b with role LEADER .Triggering pipeline close action.
2025-07-19 06:07:29,392 [cfedd3f1-5d02-4847-a363-6f2972b00a97@group-3308FC4C3D1F-LeaderStateImpl] ERROR util.ExitUtils (ExitUtils.java:terminate(133)) - Terminating with exit status -1: Thread[#1370,cfedd3f1-5d02-4847-a363-6f2972b00a97@group-3308FC4C3D1F-LeaderStateImpl,5,cfedd3f1-5d02-4847-a363-6f2972b00a97@group-3308FC4C3D1F] has thrown an uncaught exception
java.lang.IllegalStateException: cfedd3f1-5d02-4847-a363-6f2972b00a97@group-3308FC4C3D1F-SegmentedRaftLog is expected to be opened but it is CLOSED
	at org.apache.ratis.util.OpenCloseState.assertOpen(OpenCloseState.java:63)
	at org.apache.ratis.server.raftlog.RaftLogBase.checkLogState(RaftLogBase.java:112)
	at org.apache.ratis.server.raftlog.segmented.SegmentedRaftLog.getLastEntryTermIndex(SegmentedRaftLog.java:356)
	at org.apache.ratis.server.impl.ServerState.getLastEntry(ServerState.java:310)
	at org.apache.ratis.server.impl.LeaderStateImpl.checkPeersForYieldingLeader(LeaderStateImpl.java:1081)
	at org.apache.ratis.server.impl.LeaderStateImpl.access$800(LeaderStateImpl.java:101)
	at org.apache.ratis.server.impl.LeaderStateImpl$EventProcessor.run(LeaderStateImpl.java:769)
Caused by: org.apache.ratis.util.OpenCloseState$CloseTrace: Close cfedd3f1-5d02-4847-a363-6f2972b00a97@group-3308FC4C3D1F-SegmentedRaftLog
	at org.apache.ratis.util.OpenCloseState.lambda$close$1(OpenCloseState.java:109)
	at java.base/java.util.concurrent.atomic.AtomicReference.getAndUpdate(AtomicReference.java:188)
	at org.apache.ratis.util.OpenCloseState.close(OpenCloseState.java:109)
	at org.apache.ratis.server.raftlog.RaftLogBase.close(RaftLogBase.java:393)
	at org.apache.ratis.server.raftlog.segmented.SegmentedRaftLog.close(SegmentedRaftLog.java:528)
	at org.apache.ratis.server.raftlog.RaftLogBase.lambda$appendImpl$3(RaftLogBase.java:206)
	at java.base/java.util.concurrent.CompletableFuture.uniWhenComplete(CompletableFuture.java:863)
	at java.base/java.util.concurrent.CompletableFuture$UniWhenComplete.tryFire(CompletableFuture.java:841)
	at java.base/java.util.concurrent.CompletableFuture.postComplete(CompletableFuture.java:510)
	at java.base/java.util.concurrent.CompletableFuture.completeExceptionally(CompletableFuture.java:2194)
	at org.apache.ratis.server.raftlog.segmented.SegmentedRaftLog$Task.failed(SegmentedRaftLog.java:109)
	at org.apache.ratis.server.raftlog.segmented.SegmentedRaftLogWorker$WriteLog.failed(SegmentedRaftLogWorker.java:530)
	at org.apache.ratis.server.raftlog.segmented.SegmentedRaftLogWorker.run(SegmentedRaftLogWorker.java:326)
	at java.base/java.util.concurrent.Executors$RunnableAdapter.call(Executors.java:572)
	at java.base/java.util.concurrent.FutureTask.run(FutureTask.java:317)
	at java.base/java.util.concurrent.ThreadPoolExecutor.runWorker(ThreadPoolExecutor.java:1144)
	at java.base/java.util.concurrent.ThreadPoolExecutor$Worker.run(ThreadPoolExecutor.java:642)
	at java.base/java.lang.Thread.run(Thread.java:1583)
2025-07-19 06:07:29,409 [EventQueue-PipelineActionsForPipelineActionHandler] INFO  pipeline.PipelineActionHandler (PipelineActionHandler.java:processPipelineAction(89)) - Received pipeline action CLOSE for Pipeline-7f60ed3a-1c97-401e-a856-3308fc4c3d1f from datanode cfedd3f1-5d02-4847-a363-6f2972b00a97(localhost/127.0.0.1). Reason : Chunks directory /home/runner/work/ozone/ozone/hadoop-ozone/integration-test/target/test-dir/MiniOzoneClusterImpl-09c4c6e1-5ab0-4195-ac7b-5aec6defaa36/ozone-meta/datanode-4/data-0/hdds/09c4c6e1-5ab0-4195-ac7b-5aec6defaa36/current/containerDir0/5/chunks does not exist.
2025-07-19 06:07:29,439 [EventQueue-PipelineActionsForPipelineActionHandler] INFO  pipeline.PipelineActionHandler (PipelineActionHandler.java:processPipelineAction(89)) - Received pipeline action CLOSE for Pipeline-621783e2-3d2d-4ffd-8d5f-7fd69fea80d4 from datanode e4fa6cd0-dc30-4550-b12f-023a3466045b(localhost/127.0.0.1). Reason : Ratis Transaction failure in datanode e4fa6cd0-dc30-4550-b12f-023a3466045b with role LEADER .Triggering pipeline close action.
2025-07-19 06:07:29,609 [EventQueue-PipelineActionsForPipelineActionHandler] INFO  pipeline.PipelineActionHandler (PipelineActionHandler.java:processPipelineAction(89)) - Received pipeline action CLOSE for Pipeline-7f60ed3a-1c97-401e-a856-3308fc4c3d1f from datanode cfedd3f1-5d02-4847-a363-6f2972b00a97(localhost/127.0.0.1). Reason : Chunks directory /home/runner/work/ozone/ozone/hadoop-ozone/integration-test/target/test-dir/MiniOzoneClusterImpl-09c4c6e1-5ab0-4195-ac7b-5aec6defaa36/ozone-meta/datanode-4/data-0/hdds/09c4c6e1-5ab0-4195-ac7b-5aec6defaa36/current/containerDir0/5/chunks does not exist.
2025-07-19 06:07:29,638 [EventQueue-PipelineActionsForPipelineActionHandler] INFO  pipeline.PipelineActionHandler (PipelineActionHandler.java:processPipelineAction(89)) - Received pipeline action CLOSE for Pipeline-621783e2-3d2d-4ffd-8d5f-7fd69fea80d4 from datanode e4fa6cd0-dc30-4550-b12f-023a3466045b(localhost/127.0.0.1). Reason : Ratis Transaction failure in datanode e4fa6cd0-dc30-4550-b12f-023a3466045b with role LEADER .Triggering pipeline close action.
2025-07-19 06:07:29,810 [EventQueue-PipelineActionsForPipelineActionHandler] INFO  pipeline.PipelineActionHandler (PipelineActionHandler.java:processPipelineAction(89)) - Received pipeline action CLOSE for Pipeline-7f60ed3a-1c97-401e-a856-3308fc4c3d1f from datanode cfedd3f1-5d02-4847-a363-6f2972b00a97(localhost/127.0.0.1). Reason : Chunks directory /home/runner/work/ozone/ozone/hadoop-ozone/integration-test/target/test-dir/MiniOzoneClusterImpl-09c4c6e1-5ab0-4195-ac7b-5aec6defaa36/ozone-meta/datanode-4/data-0/hdds/09c4c6e1-5ab0-4195-ac7b-5aec6defaa36/current/containerDir0/5/chunks does not exist.
2025-07-19 06:07:29,838 [EventQueue-PipelineActionsForPipelineActionHandler] INFO  pipeline.PipelineActionHandler (PipelineActionHandler.java:processPipelineAction(89)) - Received pipeline action CLOSE for Pipeline-621783e2-3d2d-4ffd-8d5f-7fd69fea80d4 from datanode e4fa6cd0-dc30-4550-b12f-023a3466045b(localhost/127.0.0.1). Reason : Ratis Transaction failure in datanode e4fa6cd0-dc30-4550-b12f-023a3466045b with role LEADER .Triggering pipeline close action.
2025-07-19 06:07:29,859 [BackgroundPipelineScrubber] INFO  pipeline.PipelineManagerImpl (PipelineManagerImpl.java:scrubPipelines(602)) - Scrubbing pipeline: id: Pipeline-621783e2-3d2d-4ffd-8d5f-7fd69fea80d4 since it stays at CLOSED stage.
2025-07-19 06:07:29,860 [BackgroundPipelineScrubber] INFO  pipeline.RatisPipelineProvider (RatisPipelineProvider.java:lambda$close$4(273)) - Send pipeline:Pipeline-621783e2-3d2d-4ffd-8d5f-7fd69fea80d4 close command to datanode e4fa6cd0-dc30-4550-b12f-023a3466045b
2025-07-19 06:07:29,861 [BackgroundPipelineScrubber] INFO  pipeline.PipelineManagerImpl (PipelineManagerImpl.java:removePipeline(464)) - Pipeline Pipeline{ Id: 621783e2-3d2d-4ffd-8d5f-7fd69fea80d4, Nodes: [ {e4fa6cd0-dc30-4550-b12f-023a3466045b(localhost/127.0.0.1), ReplicaIndex: 0},], ReplicationConfig: RATIS/ONE, State:CLOSED, leaderId:e4fa6cd0-dc30-4550-b12f-023a3466045b, CreationTimestamp2025-07-19T06:07:11.207Z[Etc/UTC]} removed.
2025-07-19 06:07:29,861 [BackgroundPipelineScrubber] INFO  pipeline.PipelineManagerImpl (PipelineManagerImpl.java:scrubPipelines(602)) - Scrubbing pipeline: id: Pipeline-7f60ed3a-1c97-401e-a856-3308fc4c3d1f since it stays at CLOSED stage.
2025-07-19 06:07:29,862 [BackgroundPipelineScrubber] INFO  pipeline.RatisPipelineProvider (RatisPipelineProvider.java:lambda$close$4(273)) - Send pipeline:Pipeline-7f60ed3a-1c97-401e-a856-3308fc4c3d1f close command to datanode cfedd3f1-5d02-4847-a363-6f2972b00a97
2025-07-19 06:07:29,862 [BackgroundPipelineScrubber] INFO  pipeline.PipelineManagerImpl (PipelineManagerImpl.java:removePipeline(464)) - Pipeline Pipeline{ Id: 7f60ed3a-1c97-401e-a856-3308fc4c3d1f, Nodes: [ {cfedd3f1-5d02-4847-a363-6f2972b00a97(localhost/127.0.0.1), ReplicaIndex: 0},], ReplicationConfig: RATIS/ONE, State:CLOSED, leaderId:cfedd3f1-5d02-4847-a363-6f2972b00a97, CreationTimestamp2025-07-19T06:07:09.875Z[Etc/UTC]} removed.
2025-07-19 06:07:30,009 [EventQueue-PipelineActionsForPipelineActionHandler] INFO  pipeline.PipelineActionHandler (PipelineActionHandler.java:processPipelineAction(89)) - Received pipeline action CLOSE for Pipeline-7f60ed3a-1c97-401e-a856-3308fc4c3d1f from datanode cfedd3f1-5d02-4847-a363-6f2972b00a97(localhost/127.0.0.1). Reason : Chunks directory /home/runner/work/ozone/ozone/hadoop-ozone/integration-test/target/test-dir/MiniOzoneClusterImpl-09c4c6e1-5ab0-4195-ac7b-5aec6defaa36/ozone-meta/datanode-4/data-0/hdds/09c4c6e1-5ab0-4195-ac7b-5aec6defaa36/current/containerDir0/5/chunks does not exist.
2025-07-19 06:07:30,009 [EventQueue-PipelineReportForPipelineReportHandler] INFO  pipeline.PipelineReportHandler (PipelineReportHandler.java:handlePipelineNotFoundException(98)) - Pipeline Pipeline-7f60ed3a-1c97-401e-a856-3308fc4c3d1f, reported by datanode cfedd3f1-5d02-4847-a363-6f2972b00a97(localhost/127.0.0.1) is not found.
2025-07-19 06:07:30,010 [EventQueue-PipelineActionsForPipelineActionHandler] WARN  pipeline.PipelineActionHandler (PipelineActionHandler.java:closeUnknownPipeline(117)) - Pipeline action received for unknown Pipeline Pipeline-7f60ed3a-1c97-401e-a856-3308fc4c3d1f, firing close pipeline event.
2025-07-19 06:07:30,039 [EventQueue-PipelineReportForPipelineReportHandler] INFO  pipeline.PipelineReportHandler (PipelineReportHandler.java:handlePipelineNotFoundException(98)) - Pipeline Pipeline-621783e2-3d2d-4ffd-8d5f-7fd69fea80d4, reported by datanode e4fa6cd0-dc30-4550-b12f-023a3466045b(localhost/127.0.0.1) is not found.
2025-07-19 06:07:30,039 [EventQueue-PipelineActionsForPipelineActionHandler] INFO  pipeline.PipelineActionHandler (PipelineActionHandler.java:processPipelineAction(89)) - Received pipeline action CLOSE for Pipeline-621783e2-3d2d-4ffd-8d5f-7fd69fea80d4 from datanode e4fa6cd0-dc30-4550-b12f-023a3466045b(localhost/127.0.0.1). Reason : Ratis Transaction failure in datanode e4fa6cd0-dc30-4550-b12f-023a3466045b with role LEADER .Triggering pipeline close action.
2025-07-19 06:07:30,039 [EventQueue-PipelineActionsForPipelineActionHandler] WARN  pipeline.PipelineActionHandler (PipelineActionHandler.java:closeUnknownPipeline(117)) - Pipeline action received for unknown Pipeline Pipeline-621783e2-3d2d-4ffd-8d5f-7fd69fea80d4, firing close pipeline event.
2025-07-19 06:07:30,210 [EventQueue-PipelineActionsForPipelineActionHandler] INFO  pipeline.PipelineActionHandler (PipelineActionHandler.java:processPipelineAction(89)) - Received pipeline action CLOSE for Pipeline-7f60ed3a-1c97-401e-a856-3308fc4c3d1f from datanode cfedd3f1-5d02-4847-a363-6f2972b00a97(localhost/127.0.0.1). Reason : Chunks directory /home/runner/work/ozone/ozone/hadoop-ozone/integration-test/target/test-dir/MiniOzoneClusterImpl-09c4c6e1-5ab0-4195-ac7b-5aec6defaa36/ozone-meta/datanode-4/data-0/hdds/09c4c6e1-5ab0-4195-ac7b-5aec6defaa36/current/containerDir0/5/chunks does not exist.
2025-07-19 06:07:30,210 [EventQueue-PipelineActionsForPipelineActionHandler] WARN  pipeline.PipelineActionHandler (PipelineActionHandler.java:closeUnknownPipeline(117)) - Pipeline action received for unknown Pipeline Pipeline-7f60ed3a-1c97-401e-a856-3308fc4c3d1f, firing close pipeline event.
2025-07-19 06:07:30,210 [EventQueue-PipelineReportForPipelineReportHandler] INFO  pipeline.PipelineReportHandler (PipelineReportHandler.java:handlePipelineNotFoundException(98)) - Pipeline Pipeline-7f60ed3a-1c97-401e-a856-3308fc4c3d1f, reported by datanode cfedd3f1-5d02-4847-a363-6f2972b00a97(localhost/127.0.0.1) is not found.
2025-07-19 06:07:30,239 [EventQueue-PipelineActionsForPipelineActionHandler] INFO  pipeline.PipelineActionHandler (PipelineActionHandler.java:processPipelineAction(89)) - Received pipeline action CLOSE for Pipeline-621783e2-3d2d-4ffd-8d5f-7fd69fea80d4 from datanode e4fa6cd0-dc30-4550-b12f-023a3466045b(localhost/127.0.0.1). Reason : Ratis Transaction failure in datanode e4fa6cd0-dc30-4550-b12f-023a3466045b with role LEADER .Triggering pipeline close action.
2025-07-19 06:07:30,239 [EventQueue-PipelineActionsForPipelineActionHandler] WARN  pipeline.PipelineActionHandler (PipelineActionHandler.java:closeUnknownPipeline(117)) - Pipeline action received for unknown Pipeline Pipeline-621783e2-3d2d-4ffd-8d5f-7fd69fea80d4, firing close pipeline event.
2025-07-19 06:07:30,409 [cfedd3f1-5d02-4847-a363-6f2972b00a97-PipelineCommandHandlerThread-0] INFO  server.RaftServer (RaftServerProxy.java:remove(116)) - cfedd3f1-5d02-4847-a363-6f2972b00a97: remove    LEADER (RUNNING): cfedd3f1-5d02-4847-a363-6f2972b00a97@group-3308FC4C3D1F:t1, leader=cfedd3f1-5d02-4847-a363-6f2972b00a97, voted=cfedd3f1-5d02-4847-a363-6f2972b00a97, raftlog=Memoized:cfedd3f1-5d02-4847-a363-6f2972b00a97@group-3308FC4C3D1F-SegmentedRaftLog:CLOSED:c3, conf=conf: {index: 0, cur=peers:[cfedd3f1-5d02-4847-a363-6f2972b00a97|127.0.0.1:15039]|listeners:[], old=null}
2025-07-19 06:07:30,409 [cfedd3f1-5d02-4847-a363-6f2972b00a97-PipelineCommandHandlerThread-0] INFO  server.RaftServer$Division (RaftServerImpl.java:lambda$close$1(527)) - cfedd3f1-5d02-4847-a363-6f2972b00a97@group-3308FC4C3D1F: shutdown
2025-07-19 06:07:30,410 [cfedd3f1-5d02-4847-a363-6f2972b00a97-PipelineCommandHandlerThread-0] INFO  util.JmxRegister (JmxRegister.java:unregister(74)) - Successfully un-registered JMX Bean with object name Ratis:service=RaftServer,group=group-3308FC4C3D1F,id=cfedd3f1-5d02-4847-a363-6f2972b00a97
2025-07-19 06:07:30,410 [cfedd3f1-5d02-4847-a363-6f2972b00a97-PipelineCommandHandlerThread-0] INFO  impl.RoleInfo (RoleInfo.java:shutdownLeaderState(103)) - cfedd3f1-5d02-4847-a363-6f2972b00a97: shutdown cfedd3f1-5d02-4847-a363-6f2972b00a97@group-3308FC4C3D1F-LeaderStateImpl
2025-07-19 06:07:30,410 [cfedd3f1-5d02-4847-a363-6f2972b00a97-PipelineCommandHandlerThread-0] INFO  impl.PendingRequests (PendingRequests.java:sendNotLeaderResponses(287)) - cfedd3f1-5d02-4847-a363-6f2972b00a97@group-3308FC4C3D1F-PendingRequests: sendNotLeaderResponses
2025-07-19 06:07:30,413 [cfedd3f1-5d02-4847-a363-6f2972b00a97-PipelineCommandHandlerThread-0] INFO  impl.StateMachineUpdater (StateMachineUpdater.java:stopAndJoin(163)) - cfedd3f1-5d02-4847-a363-6f2972b00a97@group-3308FC4C3D1F-StateMachineUpdater: set stopIndex = 3
2025-07-19 06:07:30,413 [cfedd3f1-5d02-4847-a363-6f2972b00a97@group-3308FC4C3D1F-StateMachineUpdater] ERROR ratis.ContainerStateMachine (ContainerStateMachine.java:takeSnapshot(421)) - Failed to take snapshot  for group-3308FC4C3D1F as the stateMachine is unhealthy. The last applied index is at (t:1, i:3)
2025-07-19 06:07:30,413 [cfedd3f1-5d02-4847-a363-6f2972b00a97@group-3308FC4C3D1F-StateMachineUpdater] ERROR impl.StateMachineUpdater (StateMachineUpdater.java:takeSnapshot(302)) - cfedd3f1-5d02-4847-a363-6f2972b00a97@group-3308FC4C3D1F-StateMachineUpdater: Failed to take snapshot
org.apache.ratis.protocol.exceptions.StateMachineException: Failed to take snapshot  for group-3308FC4C3D1F as the stateMachine is unhealthy. The last applied index is at (t:1, i:3)
	at org.apache.hadoop.ozone.container.common.transport.server.ratis.ContainerStateMachine.takeSnapshot(ContainerStateMachine.java:420)
	at org.apache.ratis.server.impl.StateMachineUpdater.takeSnapshot(StateMachineUpdater.java:290)
	at org.apache.ratis.server.impl.StateMachineUpdater.checkAndTakeSnapshot(StateMachineUpdater.java:281)
	at org.apache.ratis.server.impl.StateMachineUpdater.run(StateMachineUpdater.java:194)
	at java.base/java.lang.Thread.run(Thread.java:1583)
2025-07-19 06:07:30,413 [cfedd3f1-5d02-4847-a363-6f2972b00a97@group-3308FC4C3D1F-StateMachineUpdater] INFO  impl.StateMachineUpdater (StateMachineUpdater.java:stop(140)) - cfedd3f1-5d02-4847-a363-6f2972b00a97@group-3308FC4C3D1F-StateMachineUpdater: closing ContainerStateMachine, lastApplied=(t:1, i:3)
2025-07-19 06:07:30,414 [cfedd3f1-5d02-4847-a363-6f2972b00a97-PipelineCommandHandlerThread-0] INFO  segmented.SegmentedRaftLogWorker (SegmentedRaftLogWorker.java:close(254)) - cfedd3f1-5d02-4847-a363-6f2972b00a97@group-3308FC4C3D1F-SegmentedRaftLogWorker close()
2025-07-19 06:07:30,415 [cfedd3f1-5d02-4847-a363-6f2972b00a97-PipelineCommandHandlerThread-0] INFO  server.RaftServer$Division (RaftServerImpl.java:groupRemove(497)) - cfedd3f1-5d02-4847-a363-6f2972b00a97@group-3308FC4C3D1F: Succeed to remove RaftStorageDirectory Storage Directory /home/runner/work/ozone/ozone/hadoop-ozone/integration-test/target/test-dir/MiniOzoneClusterImpl-09c4c6e1-5ab0-4195-ac7b-5aec6defaa36/ozone-meta/datanode-4/ratis/7f60ed3a-1c97-401e-a856-3308fc4c3d1f
2025-07-19 06:07:30,415 [cfedd3f1-5d02-4847-a363-6f2972b00a97-PipelineCommandHandlerThread-0] INFO  commandhandler.ClosePipelineCommandHandler (ClosePipelineCommandHandler.java:lambda$handle$2(142)) - Close Pipeline Pipeline-7f60ed3a-1c97-401e-a856-3308fc4c3d1f command on datanode cfedd3f1-5d02-4847-a363-6f2972b00a97(localhost/127.0.0.1).
2025-07-19 06:07:30,439 [EventQueue-PipelineActionsForPipelineActionHandler] INFO  pipeline.PipelineActionHandler (PipelineActionHandler.java:processPipelineAction(89)) - Received pipeline action CLOSE for Pipeline-621783e2-3d2d-4ffd-8d5f-7fd69fea80d4 from datanode e4fa6cd0-dc30-4550-b12f-023a3466045b(localhost/127.0.0.1). Reason : Ratis Transaction failure in datanode e4fa6cd0-dc30-4550-b12f-023a3466045b with role LEADER .Triggering pipeline close action.
2025-07-19 06:07:30,439 [EventQueue-PipelineReportForPipelineReportHandler] INFO  pipeline.PipelineReportHandler (PipelineReportHandler.java:handlePipelineNotFoundException(98)) - Pipeline Pipeline-621783e2-3d2d-4ffd-8d5f-7fd69fea80d4, reported by datanode e4fa6cd0-dc30-4550-b12f-023a3466045b(localhost/127.0.0.1) is not found.
2025-07-19 06:07:30,439 [EventQueue-PipelineActionsForPipelineActionHandler] WARN  pipeline.PipelineActionHandler (PipelineActionHandler.java:closeUnknownPipeline(117)) - Pipeline action received for unknown Pipeline Pipeline-621783e2-3d2d-4ffd-8d5f-7fd69fea80d4, firing close pipeline event.
2025-07-19 06:07:30,639 [EventQueue-PipelineActionsForPipelineActionHandler] INFO  pipeline.PipelineActionHandler (PipelineActionHandler.java:processPipelineAction(89)) - Received pipeline action CLOSE for Pipeline-621783e2-3d2d-4ffd-8d5f-7fd69fea80d4 from datanode e4fa6cd0-dc30-4550-b12f-023a3466045b(localhost/127.0.0.1). Reason : Ratis Transaction failure in datanode e4fa6cd0-dc30-4550-b12f-023a3466045b with role LEADER .Triggering pipeline close action.
2025-07-19 06:07:30,639 [EventQueue-PipelineActionsForPipelineActionHandler] WARN  pipeline.PipelineActionHandler (PipelineActionHandler.java:closeUnknownPipeline(117)) - Pipeline action received for unknown Pipeline Pipeline-621783e2-3d2d-4ffd-8d5f-7fd69fea80d4, firing close pipeline event.
2025-07-19 06:07:30,839 [EventQueue-PipelineActionsForPipelineActionHandler] INFO  pipeline.PipelineActionHandler (PipelineActionHandler.java:processPipelineAction(89)) - Received pipeline action CLOSE for Pipeline-621783e2-3d2d-4ffd-8d5f-7fd69fea80d4 from datanode e4fa6cd0-dc30-4550-b12f-023a3466045b(localhost/127.0.0.1). Reason : Ratis Transaction failure in datanode e4fa6cd0-dc30-4550-b12f-023a3466045b with role LEADER .Triggering pipeline close action.
2025-07-19 06:07:30,839 [EventQueue-PipelineActionsForPipelineActionHandler] WARN  pipeline.PipelineActionHandler (PipelineActionHandler.java:closeUnknownPipeline(117)) - Pipeline action received for unknown Pipeline Pipeline-621783e2-3d2d-4ffd-8d5f-7fd69fea80d4, firing close pipeline event.
2025-07-19 06:07:30,839 [EventQueue-PipelineReportForPipelineReportHandler] INFO  pipeline.PipelineReportHandler (PipelineReportHandler.java:handlePipelineNotFoundException(98)) - Pipeline Pipeline-621783e2-3d2d-4ffd-8d5f-7fd69fea80d4, reported by datanode e4fa6cd0-dc30-4550-b12f-023a3466045b(localhost/127.0.0.1) is not found.
2025-07-19 06:07:31,039 [EventQueue-PipelineActionsForPipelineActionHandler] INFO  pipeline.PipelineActionHandler (PipelineActionHandler.java:processPipelineAction(89)) - Received pipeline action CLOSE for Pipeline-621783e2-3d2d-4ffd-8d5f-7fd69fea80d4 from datanode e4fa6cd0-dc30-4550-b12f-023a3466045b(localhost/127.0.0.1). Reason : Ratis Transaction failure in datanode e4fa6cd0-dc30-4550-b12f-023a3466045b with role LEADER .Triggering pipeline close action.
2025-07-19 06:07:31,039 [EventQueue-PipelineActionsForPipelineActionHandler] WARN  pipeline.PipelineActionHandler (PipelineActionHandler.java:closeUnknownPipeline(117)) - Pipeline action received for unknown Pipeline Pipeline-621783e2-3d2d-4ffd-8d5f-7fd69fea80d4, firing close pipeline event.
2025-07-19 06:07:31,238 [e4fa6cd0-dc30-4550-b12f-023a3466045b-PipelineCommandHandlerThread-0] INFO  server.RaftServer (RaftServerProxy.java:remove(116)) - e4fa6cd0-dc30-4550-b12f-023a3466045b: remove    LEADER (RUNNING): e4fa6cd0-dc30-4550-b12f-023a3466045b@group-7FD69FEA80D4:t1, leader=e4fa6cd0-dc30-4550-b12f-023a3466045b, voted=e4fa6cd0-dc30-4550-b12f-023a3466045b, raftlog=Memoized:e4fa6cd0-dc30-4550-b12f-023a3466045b@group-7FD69FEA80D4-SegmentedRaftLog:OPENED:c100:last(t:1, i:100), conf=conf: {index: 0, cur=peers:[e4fa6cd0-dc30-4550-b12f-023a3466045b|127.0.0.1:15079]|listeners:[], old=null}
2025-07-19 06:07:31,239 [e4fa6cd0-dc30-4550-b12f-023a3466045b-PipelineCommandHandlerThread-0] INFO  server.RaftServer$Division (RaftServerImpl.java:lambda$close$1(527)) - e4fa6cd0-dc30-4550-b12f-023a3466045b@group-7FD69FEA80D4: shutdown
2025-07-19 06:07:31,239 [e4fa6cd0-dc30-4550-b12f-023a3466045b-PipelineCommandHandlerThread-0] INFO  util.JmxRegister (JmxRegister.java:unregister(74)) - Successfully un-registered JMX Bean with object name Ratis:service=RaftServer,group=group-7FD69FEA80D4,id=e4fa6cd0-dc30-4550-b12f-023a3466045b
2025-07-19 06:07:31,239 [e4fa6cd0-dc30-4550-b12f-023a3466045b-PipelineCommandHandlerThread-0] INFO  impl.RoleInfo (RoleInfo.java:shutdownLeaderState(103)) - e4fa6cd0-dc30-4550-b12f-023a3466045b: shutdown e4fa6cd0-dc30-4550-b12f-023a3466045b@group-7FD69FEA80D4-LeaderStateImpl
2025-07-19 06:07:31,239 [e4fa6cd0-dc30-4550-b12f-023a3466045b-PipelineCommandHandlerThread-0] INFO  impl.PendingRequests (PendingRequests.java:sendNotLeaderResponses(287)) - e4fa6cd0-dc30-4550-b12f-023a3466045b@group-7FD69FEA80D4-PendingRequests: sendNotLeaderResponses
2025-07-19 06:07:31,240 [EventQueue-PipelineReportForPipelineReportHandler] INFO  pipeline.PipelineReportHandler (PipelineReportHandler.java:handlePipelineNotFoundException(98)) - Pipeline Pipeline-621783e2-3d2d-4ffd-8d5f-7fd69fea80d4, reported by datanode e4fa6cd0-dc30-4550-b12f-023a3466045b(localhost/127.0.0.1) is not found.
2025-07-19 06:07:31,241 [e4fa6cd0-dc30-4550-b12f-023a3466045b-PipelineCommandHandlerThread-0] INFO  impl.StateMachineUpdater (StateMachineUpdater.java:stopAndJoin(163)) - e4fa6cd0-dc30-4550-b12f-023a3466045b@group-7FD69FEA80D4-StateMachineUpdater: set stopIndex = 100
2025-07-19 06:07:31,241 [e4fa6cd0-dc30-4550-b12f-023a3466045b@group-7FD69FEA80D4-StateMachineUpdater] ERROR ratis.ContainerStateMachine (ContainerStateMachine.java:takeSnapshot(421)) - Failed to take snapshot  for group-7FD69FEA80D4 as the stateMachine is unhealthy. The last applied index is at (t:1, i:98)
2025-07-19 06:07:31,241 [e4fa6cd0-dc30-4550-b12f-023a3466045b@group-7FD69FEA80D4-StateMachineUpdater] ERROR impl.StateMachineUpdater (StateMachineUpdater.java:takeSnapshot(302)) - e4fa6cd0-dc30-4550-b12f-023a3466045b@group-7FD69FEA80D4-StateMachineUpdater: Failed to take snapshot
org.apache.ratis.protocol.exceptions.StateMachineException: Failed to take snapshot  for group-7FD69FEA80D4 as the stateMachine is unhealthy. The last applied index is at (t:1, i:98)
	at org.apache.hadoop.ozone.container.common.transport.server.ratis.ContainerStateMachine.takeSnapshot(ContainerStateMachine.java:420)
	at org.apache.ratis.server.impl.StateMachineUpdater.takeSnapshot(StateMachineUpdater.java:290)
	at org.apache.ratis.server.impl.StateMachineUpdater.checkAndTakeSnapshot(StateMachineUpdater.java:281)
	at org.apache.ratis.server.impl.StateMachineUpdater.run(StateMachineUpdater.java:194)
	at java.base/java.lang.Thread.run(Thread.java:1583)
2025-07-19 06:07:31,241 [e4fa6cd0-dc30-4550-b12f-023a3466045b@group-7FD69FEA80D4-StateMachineUpdater] INFO  impl.StateMachineUpdater (StateMachineUpdater.java:stop(140)) - e4fa6cd0-dc30-4550-b12f-023a3466045b@group-7FD69FEA80D4-StateMachineUpdater: closing ContainerStateMachine, lastApplied=(t:1, i:98)
2025-07-19 06:07:31,242 [e4fa6cd0-dc30-4550-b12f-023a3466045b@group-7FD69FEA80D4-cacheEviction-AwaitToRun] INFO  util.AwaitToRun (AwaitToRun.java:run(49)) - e4fa6cd0-dc30-4550-b12f-023a3466045b@group-7FD69FEA80D4-cacheEviction-AwaitToRun-AwaitForSignal is interrupted
2025-07-19 06:07:31,997 [e4fa6cd0-dc30-4550-b12f-023a3466045b-PipelineCommandHandlerThread-0] INFO  segmented.SegmentedRaftLogWorker (SegmentedRaftLogWorker.java:close(254)) - e4fa6cd0-dc30-4550-b12f-023a3466045b@group-7FD69FEA80D4-SegmentedRaftLogWorker close()
2025-07-19 06:07:31,998 [e4fa6cd0-dc30-4550-b12f-023a3466045b-PipelineCommandHandlerThread-0] INFO  server.RaftServer$Division (RaftServerImpl.java:groupRemove(497)) - e4fa6cd0-dc30-4550-b12f-023a3466045b@group-7FD69FEA80D4: Succeed to remove RaftStorageDirectory Storage Directory /home/runner/work/ozone/ozone/hadoop-ozone/integration-test/target/test-dir/MiniOzoneClusterImpl-09c4c6e1-5ab0-4195-ac7b-5aec6defaa36/ozone-meta/datanode-9/ratis/621783e2-3d2d-4ffd-8d5f-7fd69fea80d4
2025-07-19 06:07:31,998 [e4fa6cd0-dc30-4550-b12f-023a3466045b-PipelineCommandHandlerThread-0] INFO  commandhandler.ClosePipelineCommandHandler (ClosePipelineCommandHandler.java:lambda$handle$2(142)) - Close Pipeline Pipeline-621783e2-3d2d-4ffd-8d5f-7fd69fea80d4 command on datanode e4fa6cd0-dc30-4550-b12f-023a3466045b(localhost/127.0.0.1).
2025-07-19 06:07:36,513 [timer2] ERROR impl.OrderedAsync (OrderedAsync.java:lambda$null$6(215)) -  client-B272EA43BE6D: Failed* RaftClientRequest:client-B272EA43BE6D->cfedd3f1-5d02-4847-a363-6f2972b00a97@group-3308FC4C3D1F, cid=151, seq=4*, RW, cmdType: WriteChunk
traceID: ""
containerID: 5
datanodeUuid: "cfedd3f1-5d02-4847-a363-6f2972b00a97"
writeChunk {
  blockID {
    containerID: 5
    localID: 115816896921600005
    blockCommitSequenceId: 2
    replicaIndex: 0
  }
  chunkData {
    chunkName: "115816896921600005_chunk_2"
    offset: 5
    len: 5
    checksumData {
      type: CRC32
      bytesPerChecksum: 16384
      checksums: "\350a\3440"
    }
  }
}
version: 3
, data.size=5
java.util.concurrent.CompletionException: org.apache.ratis.protocol.exceptions.AlreadyClosedException: client-B272EA43BE6D->cfedd3f1-5d02-4847-a363-6f2972b00a97 is closed.
	at java.base/java.util.concurrent.CompletableFuture.encodeThrowable(CompletableFuture.java:332)
	at java.base/java.util.concurrent.CompletableFuture.uniAcceptNow(CompletableFuture.java:747)
	at java.base/java.util.concurrent.CompletableFuture.uniAcceptStage(CompletableFuture.java:735)
	at java.base/java.util.concurrent.CompletableFuture.thenAccept(CompletableFuture.java:2214)
	at org.apache.ratis.client.impl.OrderedAsync.sendRequestWithRetry(OrderedAsync.java:206)
	at org.apache.ratis.util.SlidingWindow$Client.sendOrDelayRequest(SlidingWindow.java:315)
	at org.apache.ratis.util.SlidingWindow$Client.retry(SlidingWindow.java:331)
	at org.apache.ratis.client.impl.OrderedAsync.lambda$handleException$8(OrderedAsync.java:253)
	at org.apache.ratis.util.TimeoutTimer.lambda$onTimeout$2(TimeoutTimer.java:101)
	at org.apache.ratis.util.LogUtils.runAndLog(LogUtils.java:38)
	at org.apache.ratis.util.LogUtils$1.run(LogUtils.java:78)
	at org.apache.ratis.util.TimeoutTimer$Task.run(TimeoutTimer.java:55)
	at java.base/java.util.TimerThread.mainLoop(Timer.java:566)
	at java.base/java.util.TimerThread.run(Timer.java:516)
Caused by: org.apache.ratis.protocol.exceptions.AlreadyClosedException: client-B272EA43BE6D->cfedd3f1-5d02-4847-a363-6f2972b00a97 is closed.
	at org.apache.ratis.grpc.client.GrpcClientProtocolClient$AsyncStreamObservers.onNext(GrpcClientProtocolClient.java:352)
	at org.apache.ratis.grpc.client.GrpcClientRpc.sendRequestAsync(GrpcClientRpc.java:71)
	... 10 more
2025-07-19 06:07:43,054 [grpc-default-executor-2] ERROR impl.OrderedAsync (OrderedAsync.java:lambda$null$6(215)) -  client-B272EA43BE6D: Failed* RaftClientRequest:client-B272EA43BE6D->cfedd3f1-5d02-4847-a363-6f2972b00a97@group-3308FC4C3D1F, cid=151, seq=4*, RW, cmdType: WriteChunk
traceID: ""
containerID: 5
datanodeUuid: "cfedd3f1-5d02-4847-a363-6f2972b00a97"
writeChunk {
  blockID {
    containerID: 5
    localID: 115816896921600005
    blockCommitSequenceId: 2
    replicaIndex: 0
  }
  chunkData {
    chunkName: "115816896921600005_chunk_2"
    offset: 5
    len: 5
    checksumData {
      type: CRC32
      bytesPerChecksum: 16384
      checksums: "\350a\3440"
    }
  }
}
version: 3
, data.size=5
java.util.concurrent.CompletionException: org.apache.ratis.protocol.exceptions.GroupMismatchException: cfedd3f1-5d02-4847-a363-6f2972b00a97: group-3308FC4C3D1F not found.
	at java.base/java.util.concurrent.CompletableFuture.encodeThrowable(CompletableFuture.java:332)
	at java.base/java.util.concurrent.CompletableFuture.completeThrowable(CompletableFuture.java:347)
	at java.base/java.util.concurrent.CompletableFuture$UniAccept.tryFire(CompletableFuture.java:708)
	at java.base/java.util.concurrent.CompletableFuture.postComplete(CompletableFuture.java:510)
	at java.base/java.util.concurrent.CompletableFuture.completeExceptionally(CompletableFuture.java:2194)
	at org.apache.ratis.grpc.client.GrpcClientProtocolClient$AsyncStreamObservers.completeReplyExceptionally(GrpcClientProtocolClient.java:397)
	at org.apache.ratis.grpc.client.GrpcClientProtocolClient$AsyncStreamObservers.access$000(GrpcClientProtocolClient.java:303)
	at org.apache.ratis.grpc.client.GrpcClientProtocolClient$AsyncStreamObservers$1.onError(GrpcClientProtocolClient.java:334)
	at org.apache.ratis.thirdparty.io.grpc.stub.ClientCalls$StreamObserverToCallListenerAdapter.onClose(ClientCalls.java:564)
	at org.apache.ratis.thirdparty.io.grpc.PartialForwardingClientCallListener.onClose(PartialForwardingClientCallListener.java:39)
	at org.apache.ratis.thirdparty.io.grpc.ForwardingClientCallListener.onClose(ForwardingClientCallListener.java:23)
	at org.apache.ratis.grpc.metrics.intercept.client.MetricClientCallListener.onClose(MetricClientCallListener.java:47)
	at org.apache.ratis.thirdparty.io.grpc.internal.ClientCallImpl.closeObserver(ClientCallImpl.java:565)
	at org.apache.ratis.thirdparty.io.grpc.internal.ClientCallImpl.access$100(ClientCallImpl.java:72)
	at org.apache.ratis.thirdparty.io.grpc.internal.ClientCallImpl$ClientStreamListenerImpl$1StreamClosed.runInternal(ClientCallImpl.java:733)
	at org.apache.ratis.thirdparty.io.grpc.internal.ClientCallImpl$ClientStreamListenerImpl$1StreamClosed.runInContext(ClientCallImpl.java:714)
	at org.apache.ratis.thirdparty.io.grpc.internal.ContextRunnable.run(ContextRunnable.java:37)
	at org.apache.ratis.thirdparty.io.grpc.internal.SerializingExecutor.run(SerializingExecutor.java:133)
	at java.base/java.util.concurrent.ThreadPoolExecutor.runWorker(ThreadPoolExecutor.java:1144)
	at java.base/java.util.concurrent.ThreadPoolExecutor$Worker.run(ThreadPoolExecutor.java:642)
	at java.base/java.lang.Thread.run(Thread.java:1583)
Caused by: org.apache.ratis.protocol.exceptions.GroupMismatchException: cfedd3f1-5d02-4847-a363-6f2972b00a97: group-3308FC4C3D1F not found.
	at org.apache.ratis.server.impl.RaftServerProxy$ImplMap.get(RaftServerProxy.java:160)
	at org.apache.ratis.server.impl.RaftServerProxy.getImplFuture(RaftServerProxy.java:370)
	at org.apache.ratis.server.impl.RaftServerProxy.submitClientRequestAsync(RaftServerProxy.java:455)
	at org.apache.ratis.grpc.server.GrpcClientProtocolService$RequestStreamObserver.processClientRequest(GrpcClientProtocolService.java:226)
	at org.apache.ratis.grpc.server.GrpcClientProtocolService$OrderedRequestStreamObserver.processClientRequest(GrpcClientProtocolService.java:332)
	at org.apache.ratis.util.SlidingWindow$Server.processRequestsFromHead(SlidingWindow.java:467)
	at org.apache.ratis.util.SlidingWindow$Server.receivedRequest(SlidingWindow.java:459)
	at org.apache.ratis.grpc.server.GrpcClientProtocolService$OrderedRequestStreamObserver.processClientRequest(GrpcClientProtocolService.java:356)
	at org.apache.ratis.grpc.server.GrpcClientProtocolService$RequestStreamObserver.onNext(GrpcClientProtocolService.java:246)
	at org.apache.ratis.grpc.server.GrpcClientProtocolService$RequestStreamObserver.onNext(GrpcClientProtocolService.java:169)
	at org.apache.ratis.thirdparty.io.grpc.stub.ServerCalls$StreamingServerCallHandler$StreamingServerCallListener.onMessage(ServerCalls.java:262)
	at org.apache.ratis.thirdparty.io.grpc.internal.ServerCallImpl$ServerStreamListenerImpl.messagesAvailableInternal(ServerCallImpl.java:334)
	at org.apache.ratis.thirdparty.io.grpc.internal.ServerCallImpl$ServerStreamListenerImpl.messagesAvailable(ServerCallImpl.java:319)
	at org.apache.ratis.thirdparty.io.grpc.internal.ServerImpl$JumpToApplicationThreadServerStreamListener$1MessagesAvailable.runInContext(ServerImpl.java:834)
	... 5 more
2025-07-19 06:07:43,055 [grpc-default-executor-2] ERROR impl.OrderedAsync (OrderedAsync.java:lambda$send$4(181)) - Failed to send request, message=cmdType: WriteChunk
traceID: ""
containerID: 5
datanodeUuid: "cfedd3f1-5d02-4847-a363-6f2972b00a97"
writeChunk {
  blockID {
    containerID: 5
    localID: 115816896921600005
    blockCommitSequenceId: 2
    replicaIndex: 0
  }
  chunkData {
    chunkName: "115816896921600005_chunk_2"
    offset: 5
    len: 5
    checksumData {
      type: CRC32
      bytesPerChecksum: 16384
      checksums: "\350a\3440"
    }
  }
}
version: 3
, data.size=5
java.util.concurrent.CompletionException: org.apache.ratis.protocol.exceptions.GroupMismatchException: cfedd3f1-5d02-4847-a363-6f2972b00a97: group-3308FC4C3D1F not found.
	at java.base/java.util.concurrent.CompletableFuture.encodeThrowable(CompletableFuture.java:332)
	at java.base/java.util.concurrent.CompletableFuture.completeThrowable(CompletableFuture.java:347)
	at java.base/java.util.concurrent.CompletableFuture$UniApply.tryFire(CompletableFuture.java:636)
	at java.base/java.util.concurrent.CompletableFuture.postComplete(CompletableFuture.java:510)
	at java.base/java.util.concurrent.CompletableFuture.completeExceptionally(CompletableFuture.java:2194)
	at org.apache.ratis.client.impl.OrderedAsync$PendingOrderedRequest.fail(OrderedAsync.java:111)
	at org.apache.ratis.util.SlidingWindow$Client.fail(SlidingWindow.java:395)
	at org.apache.ratis.client.impl.OrderedAsync.failAllAsyncRequests(OrderedAsync.java:155)
	at org.apache.ratis.client.impl.OrderedAsync.handleException(OrderedAsync.java:232)
	at org.apache.ratis.client.impl.OrderedAsync.lambda$sendRequestWithRetry$7(OrderedAsync.java:217)
	at java.base/java.util.concurrent.CompletableFuture.uniExceptionally(CompletableFuture.java:990)
	at java.base/java.util.concurrent.CompletableFuture$UniExceptionally.tryFire(CompletableFuture.java:974)
	at java.base/java.util.concurrent.CompletableFuture.postComplete(CompletableFuture.java:510)
	at java.base/java.util.concurrent.CompletableFuture.completeExceptionally(CompletableFuture.java:2194)
	at org.apache.ratis.grpc.client.GrpcClientProtocolClient$AsyncStreamObservers.completeReplyExceptionally(GrpcClientProtocolClient.java:397)
	at org.apache.ratis.grpc.client.GrpcClientProtocolClient$AsyncStreamObservers.access$000(GrpcClientProtocolClient.java:303)
	at org.apache.ratis.grpc.client.GrpcClientProtocolClient$AsyncStreamObservers$1.onError(GrpcClientProtocolClient.java:334)
	at org.apache.ratis.thirdparty.io.grpc.stub.ClientCalls$StreamObserverToCallListenerAdapter.onClose(ClientCalls.java:564)
	at org.apache.ratis.thirdparty.io.grpc.PartialForwardingClientCallListener.onClose(PartialForwardingClientCallListener.java:39)
	at org.apache.ratis.thirdparty.io.grpc.ForwardingClientCallListener.onClose(ForwardingClientCallListener.java:23)
	at org.apache.ratis.grpc.metrics.intercept.client.MetricClientCallListener.onClose(MetricClientCallListener.java:47)
	at org.apache.ratis.thirdparty.io.grpc.internal.ClientCallImpl.closeObserver(ClientCallImpl.java:565)
	at org.apache.ratis.thirdparty.io.grpc.internal.ClientCallImpl.access$100(ClientCallImpl.java:72)
	at org.apache.ratis.thirdparty.io.grpc.internal.ClientCallImpl$ClientStreamListenerImpl$1StreamClosed.runInternal(ClientCallImpl.java:733)
	at org.apache.ratis.thirdparty.io.grpc.internal.ClientCallImpl$ClientStreamListenerImpl$1StreamClosed.runInContext(ClientCallImpl.java:714)
	at org.apache.ratis.thirdparty.io.grpc.internal.ContextRunnable.run(ContextRunnable.java:37)
	at org.apache.ratis.thirdparty.io.grpc.internal.SerializingExecutor.run(SerializingExecutor.java:133)
	at java.base/java.util.concurrent.ThreadPoolExecutor.runWorker(ThreadPoolExecutor.java:1144)
	at java.base/java.util.concurrent.ThreadPoolExecutor$Worker.run(ThreadPoolExecutor.java:642)
	at java.base/java.lang.Thread.run(Thread.java:1583)
Caused by: org.apache.ratis.protocol.exceptions.GroupMismatchException: cfedd3f1-5d02-4847-a363-6f2972b00a97: group-3308FC4C3D1F not found.
	at org.apache.ratis.server.impl.RaftServerProxy$ImplMap.get(RaftServerProxy.java:160)
	at org.apache.ratis.server.impl.RaftServerProxy.getImplFuture(RaftServerProxy.java:370)
	at org.apache.ratis.server.impl.RaftServerProxy.submitClientRequestAsync(RaftServerProxy.java:455)
	at org.apache.ratis.grpc.server.GrpcClientProtocolService$RequestStreamObserver.processClientRequest(GrpcClientProtocolService.java:226)
	at org.apache.ratis.grpc.server.GrpcClientProtocolService$OrderedRequestStreamObserver.processClientRequest(GrpcClientProtocolService.java:332)
	at org.apache.ratis.util.SlidingWindow$Server.processRequestsFromHead(SlidingWindow.java:467)
	at org.apache.ratis.util.SlidingWindow$Server.receivedRequest(SlidingWindow.java:459)
	at org.apache.ratis.grpc.server.GrpcClientProtocolService$OrderedRequestStreamObserver.processClientRequest(GrpcClientProtocolService.java:356)
	at org.apache.ratis.grpc.server.GrpcClientProtocolService$RequestStreamObserver.onNext(GrpcClientProtocolService.java:246)
	at org.apache.ratis.grpc.server.GrpcClientProtocolService$RequestStreamObserver.onNext(GrpcClientProtocolService.java:169)
	at org.apache.ratis.thirdparty.io.grpc.stub.ServerCalls$StreamingServerCallHandler$StreamingServerCallListener.onMessage(ServerCalls.java:262)
	at org.apache.ratis.thirdparty.io.grpc.internal.ServerCallImpl$ServerStreamListenerImpl.messagesAvailableInternal(ServerCallImpl.java:334)
	at org.apache.ratis.thirdparty.io.grpc.internal.ServerCallImpl$ServerStreamListenerImpl.messagesAvailable(ServerCallImpl.java:319)
	at org.apache.ratis.thirdparty.io.grpc.internal.ServerImpl$JumpToApplicationThreadServerStreamListener$1MessagesAvailable.runInContext(ServerImpl.java:834)
	... 5 more
2025-07-19 06:07:43,056 [grpc-default-executor-2] ERROR impl.OrderedAsync (OrderedAsync.java:lambda$send$4(179)) - Failed to send request, message=cmdType: PutBlock
traceID: ""
containerID: 5
datanodeUuid: "cfedd3f1-5d02-4847-a363-6f2972b00a97"
putBlock {
  blockData {
    blockID {
      containerID: 5
      localID: 115816896921600005
      blockCommitSequenceId: 0
    }
    metadata {
      key: "TYPE"
      value: "KEY"
    }
    chunks {
      chunkName: "115816896921600005_chunk_1"
      offset: 0
      len: 5
      checksumData {
        type: CRC32
        bytesPerChecksum: 16384
        checksums: "\350a\3440"
      }
    }
    chunks {
      chunkName: "115816896921600005_chunk_2"
      offset: 5
      len: 5
      checksumData {
        type: CRC32
        bytesPerChecksum: 16384
        checksums: "\350a\3440"
      }
    }
  }
  eof: true
}
version: 3
, data.size=0 due to java.util.concurrent.CompletionException: org.apache.ratis.protocol.exceptions.AlreadyClosedException: SlidingWindow$Client:client-B272EA43BE6D->RAFT is closed.
2025-07-19 06:07:43,056 [main] WARN  io.KeyOutputStream (KeyOutputStream.java:handleExceptionInternal(377)) - Encountered exception java.io.IOException: Unexpected Storage Container Exception: java.util.concurrent.CompletionException: Failed to write chunk 115816896921600005_chunk_2 into block conID: 5 locID: 115816896921600005 bcsId: 2 replicaIndex: null on the pipeline Pipeline{ Id: 7f60ed3a-1c97-401e-a856-3308fc4c3d1f, Nodes: [ {cfedd3f1-5d02-4847-a363-6f2972b00a97(localhost/127.0.0.1), ReplicaIndex: 0},], ReplicationConfig: RATIS/ONE, State:OPEN, leaderId:cfedd3f1-5d02-4847-a363-6f2972b00a97, CreationTimestamp2025-07-19T06:07:09.875Z[Etc/UTC]}. The last committed block length is 5, uncommitted data length is 5 retry count 0
2025-07-19 06:07:43,088 [main] INFO  io.BlockOutputStreamEntry (BlockOutputStreamEntry.java:writeOnRetry(192)) - BlockOutputStreamEntry:ratis conID: 6 locID: 115816896921600006 bcsId: 0 replicaIndex: null: Finish retrying with len 5, currentPosition 5
2025-07-19 06:07:43,088 [main] INFO  io.BlockOutputStreamEntry (BlockOutputStreamEntry.java:finishRetryHandling(141)) - BlockOutputStreamEntry:ratis conID: 6 locID: 115816896921600006 bcsId: 0 replicaIndex: null: Exiting retry handling mode
2025-07-19 06:07:43,092 [e80b39d0-2325-4ff7-b450-1b10ae88e746@group-1FC0D4C9CD23-StateMachineUpdater] INFO  ratis.ContainerStateMachine (ContainerStateMachine.java:takeSnapshot(427)) - group-1FC0D4C9CD23: Taking a snapshot at:(t:1, i:4) file /home/runner/work/ozone/ozone/hadoop-ozone/integration-test/target/test-dir/MiniOzoneClusterImpl-09c4c6e1-5ab0-4195-ac7b-5aec6defaa36/ozone-meta/datanode-6/ratis/8a1a2c78-8c8f-4f34-958b-1fc0d4c9cd23/sm/snapshot.1_4
2025-07-19 06:07:43,093 [e80b39d0-2325-4ff7-b450-1b10ae88e746@group-1FC0D4C9CD23-StateMachineUpdater] INFO  ratis.ContainerStateMachine (ContainerStateMachine.java:takeSnapshot(436)) - group-1FC0D4C9CD23: Finished taking a snapshot at:(t:1, i:4) file:/home/runner/work/ozone/ozone/hadoop-ozone/integration-test/target/test-dir/MiniOzoneClusterImpl-09c4c6e1-5ab0-4195-ac7b-5aec6defaa36/ozone-meta/datanode-6/ratis/8a1a2c78-8c8f-4f34-958b-1fc0d4c9cd23/sm/snapshot.1_4 took: 1 ms
2025-07-19 06:07:43,093 [e80b39d0-2325-4ff7-b450-1b10ae88e746@group-1FC0D4C9CD23-StateMachineUpdater] INFO  impl.StateMachineUpdater (StateMachineUpdater.java:takeSnapshot(307)) - e80b39d0-2325-4ff7-b450-1b10ae88e746@group-1FC0D4C9CD23-StateMachineUpdater: Took a snapshot at index 4
2025-07-19 06:07:43,093 [e80b39d0-2325-4ff7-b450-1b10ae88e746@group-1FC0D4C9CD23-StateMachineUpdater] INFO  impl.StateMachineUpdater (StateMachineUpdater.java:lambda$new$0(101)) - e80b39d0-2325-4ff7-b450-1b10ae88e746@group-1FC0D4C9CD23-StateMachineUpdater: snapshotIndex: updateIncreasingly 0 -> 4
2025-07-19 06:07:43,093 [e80b39d0-2325-4ff7-b450-1b10ae88e746@group-1FC0D4C9CD23-StateMachineUpdater] INFO  ratis.ContainerStateMachine (ContainerStateMachine.java:takeSnapshot(427)) - group-1FC0D4C9CD23: Taking a snapshot at:(t:1, i:5) file /home/runner/work/ozone/ozone/hadoop-ozone/integration-test/target/test-dir/MiniOzoneClusterImpl-09c4c6e1-5ab0-4195-ac7b-5aec6defaa36/ozone-meta/datanode-6/ratis/8a1a2c78-8c8f-4f34-958b-1fc0d4c9cd23/sm/snapshot.1_5
2025-07-19 06:07:43,095 [e80b39d0-2325-4ff7-b450-1b10ae88e746@group-1FC0D4C9CD23-StateMachineUpdater] INFO  ratis.ContainerStateMachine (ContainerStateMachine.java:takeSnapshot(436)) - group-1FC0D4C9CD23: Finished taking a snapshot at:(t:1, i:5) file:/home/runner/work/ozone/ozone/hadoop-ozone/integration-test/target/test-dir/MiniOzoneClusterImpl-09c4c6e1-5ab0-4195-ac7b-5aec6defaa36/ozone-meta/datanode-6/ratis/8a1a2c78-8c8f-4f34-958b-1fc0d4c9cd23/sm/snapshot.1_5 took: 2 ms
2025-07-19 06:07:43,095 [e80b39d0-2325-4ff7-b450-1b10ae88e746@group-1FC0D4C9CD23-StateMachineUpdater] INFO  impl.StateMachineUpdater (StateMachineUpdater.java:takeSnapshot(307)) - e80b39d0-2325-4ff7-b450-1b10ae88e746@group-1FC0D4C9CD23-StateMachineUpdater: Took a snapshot at index 5
2025-07-19 06:07:43,095 [e80b39d0-2325-4ff7-b450-1b10ae88e746@group-1FC0D4C9CD23-StateMachineUpdater] INFO  impl.StateMachineUpdater (StateMachineUpdater.java:lambda$new$0(101)) - e80b39d0-2325-4ff7-b450-1b10ae88e746@group-1FC0D4C9CD23-StateMachineUpdater: snapshotIndex: updateIncreasingly 4 -> 5
2025-07-19 06:07:43,100 [main] INFO  ozoneimpl.OzoneContainer (OzoneContainer.java:stop(544)) - Attempting to stop container services.
2025-07-19 06:07:43,100 [ContainerMetadataScanner] WARN  ozoneimpl.AbstractBackgroundContainerScanner (AbstractBackgroundContainerScanner.java:handleRemainingSleep(136)) - Background container scan was interrupted.
2025-07-19 06:07:43,100 [ContainerMetadataScanner] INFO  ozoneimpl.AbstractBackgroundContainerScanner (AbstractBackgroundContainerScanner.java:run(63)) - org.apache.hadoop.ozone.container.ozoneimpl.BackgroundContainerMetadataScanner@303f0453 exiting.
2025-07-19 06:07:43,101 [main] INFO  ozoneimpl.BackgroundContainerDataScanner (BackgroundContainerDataScanner.java:shutdown(87)) - ContainerDataScanner(/home/runner/work/ozone/ozone/hadoop-ozone/integration-test/target/test-dir/MiniOzoneClusterImpl-09c4c6e1-5ab0-4195-ac7b-5aec6defaa36/ozone-meta/datanode-4/data-0/hdds) is shutting down. 
2025-07-19 06:07:43,101 [ContainerDataScanner(/home/runner/work/ozone/ozone/hadoop-ozone/integration-test/target/test-dir/MiniOzoneClusterImpl-09c4c6e1-5ab0-4195-ac7b-5aec6defaa36/ozone-meta/datanode-4/data-0/hdds)] WARN  ozoneimpl.AbstractBackgroundContainerScanner (AbstractBackgroundContainerScanner.java:handleRemainingSleep(136)) - Background container scan was interrupted.
2025-07-19 06:07:43,101 [ContainerDataScanner(/home/runner/work/ozone/ozone/hadoop-ozone/integration-test/target/test-dir/MiniOzoneClusterImpl-09c4c6e1-5ab0-4195-ac7b-5aec6defaa36/ozone-meta/datanode-4/data-0/hdds)] INFO  ozoneimpl.AbstractBackgroundContainerScanner (AbstractBackgroundContainerScanner.java:run(63)) - ContainerDataScanner(/home/runner/work/ozone/ozone/hadoop-ozone/integration-test/target/test-dir/MiniOzoneClusterImpl-09c4c6e1-5ab0-4195-ac7b-5aec6defaa36/ozone-meta/datanode-4/data-0/hdds, DS-f8a05fc0-7350-430f-950a-3f97f1603c5a) exiting.
2025-07-19 06:07:43,101 [main] INFO  ozoneimpl.OnDemandContainerScanner (OnDemandContainerScanner.java:shutdown(132)) - On-demand container scanner is shutting down.
2025-07-19 06:07:43,107 [main] INFO  ratis.XceiverServerRatis (XceiverServerRatis.java:stop(594)) - Closing XceiverServerRatis(cfedd3f1-5d02-4847-a363-6f2972b00a97)
2025-07-19 06:07:43,107 [main] INFO  server.RaftServer (RaftServerProxy.java:lambda$close$9(422)) - cfedd3f1-5d02-4847-a363-6f2972b00a97: close
2025-07-19 06:07:43,107 [cfedd3f1-5d02-4847-a363-6f2972b00a97-impl-thread1] INFO  server.RaftServer$Division (RaftServerImpl.java:lambda$close$1(527)) - cfedd3f1-5d02-4847-a363-6f2972b00a97@group-4D5619C3D8B6: shutdown
2025-07-19 06:07:43,108 [cfedd3f1-5d02-4847-a363-6f2972b00a97-impl-thread1] INFO  util.JmxRegister (JmxRegister.java:unregister(74)) - Successfully un-registered JMX Bean with object name Ratis:service=RaftServer,group=group-4D5619C3D8B6,id=cfedd3f1-5d02-4847-a363-6f2972b00a97
2025-07-19 06:07:43,108 [cfedd3f1-5d02-4847-a363-6f2972b00a97-impl-thread1] INFO  impl.RoleInfo (RoleInfo.java:shutdownLeaderState(103)) - cfedd3f1-5d02-4847-a363-6f2972b00a97: shutdown cfedd3f1-5d02-4847-a363-6f2972b00a97@group-4D5619C3D8B6-LeaderStateImpl
2025-07-19 06:07:43,108 [cfedd3f1-5d02-4847-a363-6f2972b00a97-impl-thread1] INFO  impl.PendingRequests (PendingRequests.java:sendNotLeaderResponses(287)) - cfedd3f1-5d02-4847-a363-6f2972b00a97@group-4D5619C3D8B6-PendingRequests: sendNotLeaderResponses
2025-07-19 06:07:43,108 [cfedd3f1-5d02-4847-a363-6f2972b00a97@group-4D5619C3D8B6->d1f2401f-ce3c-4cd7-b613-e85afa8c39c7-GrpcLogAppender-LogAppenderDaemon] WARN  server.GrpcLogAppender (GrpcLogAppender.java:mayWait(300)) - cfedd3f1-5d02-4847-a363-6f2972b00a97@group-4D5619C3D8B6->d1f2401f-ce3c-4cd7-b613-e85afa8c39c7-GrpcLogAppender: Wait interrupted by java.lang.InterruptedException
2025-07-19 06:07:43,108 [cfedd3f1-5d02-4847-a363-6f2972b00a97@group-4D5619C3D8B6->e80b39d0-2325-4ff7-b450-1b10ae88e746-GrpcLogAppender-LogAppenderDaemon] WARN  server.GrpcLogAppender (GrpcLogAppender.java:mayWait(300)) - cfedd3f1-5d02-4847-a363-6f2972b00a97@group-4D5619C3D8B6->e80b39d0-2325-4ff7-b450-1b10ae88e746-GrpcLogAppender: Wait interrupted by java.lang.InterruptedException
2025-07-19 06:07:43,109 [main] INFO  server.GrpcServicesImpl (GrpcServicesImpl.java:closeImpl(355)) - cfedd3f1-5d02-4847-a363-6f2972b00a97: shutdown server org.apache.ratis.grpc.server.GrpcClientProtocolService now
2025-07-19 06:07:43,109 [cfedd3f1-5d02-4847-a363-6f2972b00a97-impl-thread2] INFO  server.RaftServer$Division (RaftServerImpl.java:lambda$close$1(527)) - cfedd3f1-5d02-4847-a363-6f2972b00a97@group-51802BB6A696: shutdown
2025-07-19 06:07:43,109 [cfedd3f1-5d02-4847-a363-6f2972b00a97-impl-thread2] INFO  util.JmxRegister (JmxRegister.java:unregister(74)) - Successfully un-registered JMX Bean with object name Ratis:service=RaftServer,group=group-51802BB6A696,id=cfedd3f1-5d02-4847-a363-6f2972b00a97
2025-07-19 06:07:43,110 [cfedd3f1-5d02-4847-a363-6f2972b00a97-impl-thread2] INFO  impl.RoleInfo (RoleInfo.java:shutdownFollowerState(121)) - cfedd3f1-5d02-4847-a363-6f2972b00a97: shutdown cfedd3f1-5d02-4847-a363-6f2972b00a97@group-51802BB6A696-FollowerState
2025-07-19 06:07:43,110 [cfedd3f1-5d02-4847-a363-6f2972b00a97-impl-thread2] INFO  impl.StateMachineUpdater (StateMachineUpdater.java:stopAndJoin(163)) - cfedd3f1-5d02-4847-a363-6f2972b00a97@group-51802BB6A696-StateMachineUpdater: set stopIndex = 4
2025-07-19 06:07:43,110 [cfedd3f1-5d02-4847-a363-6f2972b00a97-impl-thread1] INFO  impl.StateMachineUpdater (StateMachineUpdater.java:stopAndJoin(163)) - cfedd3f1-5d02-4847-a363-6f2972b00a97@group-4D5619C3D8B6-StateMachineUpdater: set stopIndex = 0
2025-07-19 06:07:43,110 [cfedd3f1-5d02-4847-a363-6f2972b00a97@group-51802BB6A696-FollowerState] INFO  impl.FollowerState (FollowerState.java:runImpl(170)) - cfedd3f1-5d02-4847-a363-6f2972b00a97@group-51802BB6A696-FollowerState was interrupted
2025-07-19 06:07:43,111 [cfedd3f1-5d02-4847-a363-6f2972b00a97@group-51802BB6A696-StateMachineUpdater] INFO  impl.StateMachineUpdater (StateMachineUpdater.java:stop(140)) - cfedd3f1-5d02-4847-a363-6f2972b00a97@group-51802BB6A696-StateMachineUpdater: closing ContainerStateMachine, lastApplied=(t:1, i:4)
2025-07-19 06:07:43,110 [grpc-default-executor-6] INFO  server.GrpcServerProtocolService (GrpcServerProtocolService.java:lambda$onCompleted$6(171)) - e80b39d0-2325-4ff7-b450-1b10ae88e746: Completed APPEND_ENTRIES, lastRequest: null 
2025-07-19 06:07:43,112 [cfedd3f1-5d02-4847-a363-6f2972b00a97@group-51802BB6A696-cacheEviction-AwaitToRun] INFO  util.AwaitToRun (AwaitToRun.java:run(49)) - cfedd3f1-5d02-4847-a363-6f2972b00a97@group-51802BB6A696-cacheEviction-AwaitToRun-AwaitForSignal is interrupted
2025-07-19 06:07:43,112 [cfedd3f1-5d02-4847-a363-6f2972b00a97@group-4D5619C3D8B6-StateMachineUpdater] INFO  impl.StateMachineUpdater (StateMachineUpdater.java:stop(140)) - cfedd3f1-5d02-4847-a363-6f2972b00a97@group-4D5619C3D8B6-StateMachineUpdater: closing ContainerStateMachine, lastApplied=(t:1, i:0)
2025-07-19 06:07:43,112 [grpc-default-executor-7] INFO  server.GrpcLogAppender (GrpcLogAppender.java:onCompleted(558)) - cfedd3f1-5d02-4847-a363-6f2972b00a97@group-4D5619C3D8B6->e80b39d0-2325-4ff7-b450-1b10ae88e746-AppendLogResponseHandler: follower responses appendEntries COMPLETED
2025-07-19 06:07:43,113 [cfedd3f1-5d02-4847-a363-6f2972b00a97@group-4D5619C3D8B6-cacheEviction-AwaitToRun] INFO  util.AwaitToRun (AwaitToRun.java:run(49)) - cfedd3f1-5d02-4847-a363-6f2972b00a97@group-4D5619C3D8B6-cacheEviction-AwaitToRun-AwaitForSignal is interrupted
2025-07-19 06:07:43,110 [grpc-default-executor-2] INFO  server.GrpcServerProtocolService (GrpcServerProtocolService.java:lambda$null$7(175)) - e80b39d0-2325-4ff7-b450-1b10ae88e746: Completed APPEND_ENTRIES, lastReply: null 
2025-07-19 06:07:43,114 [Thread-1143] INFO  server.GrpcServerProtocolClient (GrpcServerProtocolClient.java:close(105)) - e80b39d0-2325-4ff7-b450-1b10ae88e746 Close channels
2025-07-19 06:07:43,115 [Thread-1144] INFO  server.GrpcServerProtocolClient (GrpcServerProtocolClient.java:close(105)) - d1f2401f-ce3c-4cd7-b613-e85afa8c39c7 Close channels
2025-07-19 06:07:43,117 [grpc-default-executor-2] INFO  server.GrpcLogAppender (GrpcLogAppender.java:onCompleted(558)) - cfedd3f1-5d02-4847-a363-6f2972b00a97@group-4D5619C3D8B6->e80b39d0-2325-4ff7-b450-1b10ae88e746-AppendLogResponseHandler: follower responses appendEntries COMPLETED
2025-07-19 06:07:43,117 [grpc-default-executor-2] WARN  server.GrpcLogAppender (GrpcLogAppender.java:resetClient(237)) - cfedd3f1-5d02-4847-a363-6f2972b00a97@group-4D5619C3D8B6->e80b39d0-2325-4ff7-b450-1b10ae88e746-GrpcLogAppender: Failed to getClient for e80b39d0-2325-4ff7-b450-1b10ae88e746
org.apache.ratis.protocol.exceptions.AlreadyClosedException: cfedd3f1-5d02-4847-a363-6f2972b00a97 is already CLOSED
	at org.apache.ratis.util.PeerProxyMap$PeerAndProxy.getProxy(PeerProxyMap.java:67)
	at org.apache.ratis.util.PeerProxyMap.getProxy(PeerProxyMap.java:124)
	at org.apache.ratis.grpc.server.GrpcLogAppender.getClient(GrpcLogAppender.java:207)
	at org.apache.ratis.grpc.server.GrpcLogAppender.resetClient(GrpcLogAppender.java:212)
	at org.apache.ratis.grpc.server.GrpcLogAppender.access$800(GrpcLogAppender.java:70)
	at org.apache.ratis.grpc.server.GrpcLogAppender$AppendLogResponseHandler.onCompleted(GrpcLogAppender.java:559)
	at org.apache.ratis.thirdparty.io.grpc.stub.ClientCalls$StreamObserverToCallListenerAdapter.onClose(ClientCalls.java:562)
	at org.apache.ratis.thirdparty.io.grpc.internal.ClientCallImpl.closeObserver(ClientCallImpl.java:565)
	at org.apache.ratis.thirdparty.io.grpc.internal.ClientCallImpl.access$100(ClientCallImpl.java:72)
	at org.apache.ratis.thirdparty.io.grpc.internal.ClientCallImpl$ClientStreamListenerImpl$1StreamClosed.runInternal(ClientCallImpl.java:733)
	at org.apache.ratis.thirdparty.io.grpc.internal.ClientCallImpl$ClientStreamListenerImpl$1StreamClosed.runInContext(ClientCallImpl.java:714)
	at org.apache.ratis.thirdparty.io.grpc.internal.ContextRunnable.run(ContextRunnable.java:37)
	at org.apache.ratis.thirdparty.io.grpc.internal.SerializingExecutor.run(SerializingExecutor.java:133)
	at java.base/java.util.concurrent.ThreadPoolExecutor.runWorker(ThreadPoolExecutor.java:1144)
	at java.base/java.util.concurrent.ThreadPoolExecutor$Worker.run(ThreadPoolExecutor.java:642)
	at java.base/java.lang.Thread.run(Thread.java:1583)
2025-07-19 06:07:43,125 [grpc-default-executor-4] INFO  server.GrpcServerProtocolService (GrpcServerProtocolService.java:lambda$onCompleted$6(171)) - d1f2401f-ce3c-4cd7-b613-e85afa8c39c7: Completed APPEND_ENTRIES, lastRequest: cfedd3f1-5d02-4847-a363-6f2972b00a97->d1f2401f-ce3c-4cd7-b613-e85afa8c39c7#1-t1,previous=<PROTO_DEFAULT>,leaderCommit=-1,initializing? false,entries: size=1, first=(t:1, i:0), CONFIGURATIONENTRY(current:id:"cfedd3f1-5d02-4847-a363-6f2972b00a97"address:"127.0.0.1:15039"priority:1dataStreamAddress:"127.0.0.1:15040"clientAddress:"127.0.0.1:15037"adminAddress:"127.0.0.1:15038"startupRole:FOLLOWER, id:"e80b39d0-2325-4ff7-b450-1b10ae88e746"address:"127.0.0.1:15055"dataStreamAddress:"127.0.0.1:15056"clientAddress:"127.0.0.1:15053"adminAddress:"127.0.0.1:15054"startupRole:FOLLOWER, id:"d1f2401f-ce3c-4cd7-b613-e85afa8c39c7"address:"127.0.0.1:15047"dataStreamAddress:"127.0.0.1:15048"clientAddress:"127.0.0.1:15045"adminAddress:"127.0.0.1:15046"startupRole:FOLLOWER, old:) 
2025-07-19 06:07:43,126 [grpc-default-executor-5] INFO  server.GrpcServerProtocolService (GrpcServerProtocolService.java:lambda$null$7(175)) - d1f2401f-ce3c-4cd7-b613-e85afa8c39c7: Completed APPEND_ENTRIES, lastReply: serverReply {
  requestorId: "cfedd3f1-5d02-4847-a363-6f2972b00a97"
  replyId: "d1f2401f-ce3c-4cd7-b613-e85afa8c39c7"
  raftGroupId {
    id: "\033t\361x\354\021D\240\241\254MV\031\303\330\266"
  }
  callId: 15
  success: true
}
term: 1
nextIndex: 1
matchIndex: 18446744073709551615
isHearbeat: true
 
2025-07-19 06:07:43,126 [grpc-default-executor-4] INFO  server.GrpcLogAppender (GrpcLogAppender.java:onCompleted(558)) - cfedd3f1-5d02-4847-a363-6f2972b00a97@group-4D5619C3D8B6->d1f2401f-ce3c-4cd7-b613-e85afa8c39c7-AppendLogResponseHandler: follower responses appendEntries COMPLETED
2025-07-19 06:07:43,127 [grpc-default-executor-4] WARN  server.GrpcLogAppender (GrpcLogAppender.java:resetClient(237)) - cfedd3f1-5d02-4847-a363-6f2972b00a97@group-4D5619C3D8B6->d1f2401f-ce3c-4cd7-b613-e85afa8c39c7-GrpcLogAppender: Failed to getClient for d1f2401f-ce3c-4cd7-b613-e85afa8c39c7
org.apache.ratis.protocol.exceptions.AlreadyClosedException: cfedd3f1-5d02-4847-a363-6f2972b00a97 is already CLOSED
	at org.apache.ratis.util.PeerProxyMap$PeerAndProxy.getProxy(PeerProxyMap.java:67)
	at org.apache.ratis.util.PeerProxyMap.getProxy(PeerProxyMap.java:124)
	at org.apache.ratis.grpc.server.GrpcLogAppender.getClient(GrpcLogAppender.java:207)
	at org.apache.ratis.grpc.server.GrpcLogAppender.resetClient(GrpcLogAppender.java:212)
	at org.apache.ratis.grpc.server.GrpcLogAppender.access$800(GrpcLogAppender.java:70)
	at org.apache.ratis.grpc.server.GrpcLogAppender$AppendLogResponseHandler.onCompleted(GrpcLogAppender.java:559)
	at org.apache.ratis.thirdparty.io.grpc.stub.ClientCalls$StreamObserverToCallListenerAdapter.onClose(ClientCalls.java:562)
	at org.apache.ratis.thirdparty.io.grpc.internal.ClientCallImpl.closeObserver(ClientCallImpl.java:565)
	at org.apache.ratis.thirdparty.io.grpc.internal.ClientCallImpl.access$100(ClientCallImpl.java:72)
	at org.apache.ratis.thirdparty.io.grpc.internal.ClientCallImpl$ClientStreamListenerImpl$1StreamClosed.runInternal(ClientCallImpl.java:733)
	at org.apache.ratis.thirdparty.io.grpc.internal.ClientCallImpl$ClientStreamListenerImpl$1StreamClosed.runInContext(ClientCallImpl.java:714)
	at org.apache.ratis.thirdparty.io.grpc.internal.ContextRunnable.run(ContextRunnable.java:37)
	at org.apache.ratis.thirdparty.io.grpc.internal.SerializingExecutor.run(SerializingExecutor.java:133)
	at java.base/java.util.concurrent.ThreadPoolExecutor.runWorker(ThreadPoolExecutor.java:1144)
	at java.base/java.util.concurrent.ThreadPoolExecutor$Worker.run(ThreadPoolExecutor.java:642)
	at java.base/java.lang.Thread.run(Thread.java:1583)
2025-07-19 06:07:43,127 [grpc-default-executor-5] INFO  server.GrpcLogAppender (GrpcLogAppender.java:onCompleted(558)) - cfedd3f1-5d02-4847-a363-6f2972b00a97@group-4D5619C3D8B6->d1f2401f-ce3c-4cd7-b613-e85afa8c39c7-AppendLogResponseHandler: follower responses appendEntries COMPLETED
2025-07-19 06:07:43,127 [grpc-default-executor-5] WARN  server.GrpcLogAppender (GrpcLogAppender.java:resetClient(237)) - cfedd3f1-5d02-4847-a363-6f2972b00a97@group-4D5619C3D8B6->d1f2401f-ce3c-4cd7-b613-e85afa8c39c7-GrpcLogAppender: Failed to getClient for d1f2401f-ce3c-4cd7-b613-e85afa8c39c7
org.apache.ratis.protocol.exceptions.AlreadyClosedException: cfedd3f1-5d02-4847-a363-6f2972b00a97 is already CLOSED
	at org.apache.ratis.util.PeerProxyMap$PeerAndProxy.getProxy(PeerProxyMap.java:67)
	at org.apache.ratis.util.PeerProxyMap.getProxy(PeerProxyMap.java:124)
	at org.apache.ratis.grpc.server.GrpcLogAppender.getClient(GrpcLogAppender.java:207)
	at org.apache.ratis.grpc.server.GrpcLogAppender.resetClient(GrpcLogAppender.java:212)
	at org.apache.ratis.grpc.server.GrpcLogAppender.access$800(GrpcLogAppender.java:70)
	at org.apache.ratis.grpc.server.GrpcLogAppender$AppendLogResponseHandler.onCompleted(GrpcLogAppender.java:559)
	at org.apache.ratis.thirdparty.io.grpc.stub.ClientCalls$StreamObserverToCallListenerAdapter.onClose(ClientCalls.java:562)
	at org.apache.ratis.thirdparty.io.grpc.internal.DelayedClientCall$DelayedListener$3.run(DelayedClientCall.java:489)
	at org.apache.ratis.thirdparty.io.grpc.internal.DelayedClientCall$DelayedListener.delayOrExecute(DelayedClientCall.java:453)
	at org.apache.ratis.thirdparty.io.grpc.internal.DelayedClientCall$DelayedListener.onClose(DelayedClientCall.java:486)
	at org.apache.ratis.thirdparty.io.grpc.internal.ClientCallImpl.closeObserver(ClientCallImpl.java:565)
	at org.apache.ratis.thirdparty.io.grpc.internal.ClientCallImpl.access$100(ClientCallImpl.java:72)
	at org.apache.ratis.thirdparty.io.grpc.internal.ClientCallImpl$ClientStreamListenerImpl$1StreamClosed.runInternal(ClientCallImpl.java:733)
	at org.apache.ratis.thirdparty.io.grpc.internal.ClientCallImpl$ClientStreamListenerImpl$1StreamClosed.runInContext(ClientCallImpl.java:714)
	at org.apache.ratis.thirdparty.io.grpc.internal.ContextRunnable.run(ContextRunnable.java:37)
	at org.apache.ratis.thirdparty.io.grpc.internal.SerializingExecutor.run(SerializingExecutor.java:133)
	at java.base/java.util.concurrent.ThreadPoolExecutor.runWorker(ThreadPoolExecutor.java:1144)
	at java.base/java.util.concurrent.ThreadPoolExecutor$Worker.run(ThreadPoolExecutor.java:642)
	at java.base/java.lang.Thread.run(Thread.java:1583)
2025-07-19 06:07:43,128 [main] INFO  server.GrpcServicesImpl (GrpcServicesImpl.java:closeImpl(364)) - cfedd3f1-5d02-4847-a363-6f2972b00a97: shutdown server org.apache.ratis.grpc.server.GrpcClientProtocolService successfully
2025-07-19 06:07:43,128 [main] INFO  server.GrpcServicesImpl (GrpcServicesImpl.java:closeImpl(355)) - cfedd3f1-5d02-4847-a363-6f2972b00a97: shutdown server GrpcServerProtocolService now
2025-07-19 06:07:43,129 [grpc-default-executor-4] WARN  server.GrpcServerProtocolService (LogUtils.java:warn(127)) - cfedd3f1-5d02-4847-a363-6f2972b00a97: APPEND_ENTRIES onError, lastRequest: d1f2401f-ce3c-4cd7-b613-e85afa8c39c7->cfedd3f1-5d02-4847-a363-6f2972b00a97#6-t1,previous=(t:1, i:2),leaderCommit=2,initializing? false,entries: size=2, first=(t:1, i:3), METADATAENTRY(c:1): org.apache.ratis.thirdparty.io.grpc.StatusRuntimeException: CANCELLED: client cancelled
2025-07-19 06:07:43,129 [grpc-default-executor-3] WARN  server.GrpcLogAppender (LogUtils.java:warn(127)) - d1f2401f-ce3c-4cd7-b613-e85afa8c39c7@group-51802BB6A696->cfedd3f1-5d02-4847-a363-6f2972b00a97-AppendLogResponseHandler: Failed appendEntries: org.apache.ratis.thirdparty.io.grpc.StatusRuntimeException: CANCELLED: RST_STREAM closed stream. HTTP/2 error code: CANCEL
2025-07-19 06:07:43,130 [main] INFO  server.GrpcServicesImpl (GrpcServicesImpl.java:closeImpl(364)) - cfedd3f1-5d02-4847-a363-6f2972b00a97: shutdown server GrpcServerProtocolService successfully
2025-07-19 06:07:43,130 [main] INFO  server.GrpcServicesImpl (GrpcServicesImpl.java:closeImpl(355)) - cfedd3f1-5d02-4847-a363-6f2972b00a97: shutdown server org.apache.ratis.grpc.server.GrpcAdminProtocolService now
2025-07-19 06:07:43,130 [grpc-default-executor-4] WARN  server.GrpcServerProtocolService (LogUtils.java:warn(127)) - cfedd3f1-5d02-4847-a363-6f2972b00a97: APPEND_ENTRIES onError, lastRequest: null: org.apache.ratis.thirdparty.io.grpc.StatusRuntimeException: CANCELLED: client cancelled
2025-07-19 06:07:43,130 [grpc-default-executor-3] WARN  server.GrpcLogAppender (GrpcLogAppender.java:lambda$resetClient$1(228)) - d1f2401f-ce3c-4cd7-b613-e85afa8c39c7@group-51802BB6A696->cfedd3f1-5d02-4847-a363-6f2972b00a97-GrpcLogAppender: Follower failed (request=null, errorCount=1); keep nextIndex (5) unchanged and retry.
2025-07-19 06:07:43,131 [main] INFO  server.GrpcServicesImpl (GrpcServicesImpl.java:closeImpl(364)) - cfedd3f1-5d02-4847-a363-6f2972b00a97: shutdown server org.apache.ratis.grpc.server.GrpcAdminProtocolService successfully
2025-07-19 06:07:43,135 [cfedd3f1-5d02-4847-a363-6f2972b00a97-NettyServerStreamRpc-bossGroup--thread1] INFO  logging.LoggingHandler (AbstractInternalLogger.java:log(148)) - [id: 0xc8c437a0, L:/0.0.0.0:15040] CLOSE
2025-07-19 06:07:43,135 [cfedd3f1-5d02-4847-a363-6f2972b00a97-NettyServerStreamRpc-bossGroup--thread1] INFO  logging.LoggingHandler (AbstractInternalLogger.java:log(148)) - [id: 0xc8c437a0, L:/0.0.0.0:15040] INACTIVE
2025-07-19 06:07:43,135 [cfedd3f1-5d02-4847-a363-6f2972b00a97-NettyServerStreamRpc-bossGroup--thread1] INFO  logging.LoggingHandler (AbstractInternalLogger.java:log(148)) - [id: 0xc8c437a0, L:/0.0.0.0:15040] UNREGISTERED
2025-07-19 06:07:43,596 [cfedd3f1-5d02-4847-a363-6f2972b00a97-impl-thread2] INFO  segmented.SegmentedRaftLogWorker (SegmentedRaftLogWorker.java:close(254)) - cfedd3f1-5d02-4847-a363-6f2972b00a97@group-51802BB6A696-SegmentedRaftLogWorker close()
2025-07-19 06:07:43,598 [cfedd3f1-5d02-4847-a363-6f2972b00a97-impl-thread2] INFO  ratis.ContainerStateMachine (ContainerStateMachine.java:notifyServerShutdown(1038)) - group-51802BB6A696 is closed by HddsDatanodeService
2025-07-19 06:07:43,867 [cfedd3f1-5d02-4847-a363-6f2972b00a97-impl-thread1] INFO  segmented.SegmentedRaftLogWorker (SegmentedRaftLogWorker.java:close(254)) - cfedd3f1-5d02-4847-a363-6f2972b00a97@group-4D5619C3D8B6-SegmentedRaftLogWorker close()
2025-07-19 06:07:43,867 [cfedd3f1-5d02-4847-a363-6f2972b00a97-impl-thread1] INFO  ratis.ContainerStateMachine (ContainerStateMachine.java:notifyServerShutdown(1038)) - group-4D5619C3D8B6 is closed by HddsDatanodeService
2025-07-19 06:07:43,868 [JvmPauseMonitor6] INFO  util.JvmPauseMonitor (JvmPauseMonitor.java:run(152)) - JvmPauseMonitor-cfedd3f1-5d02-4847-a363-6f2972b00a97: Stopped
2025-07-19 06:07:45,880 [main] INFO  utils.DatanodeStoreCache (DatanodeStoreCache.java:shutdownCache(110)) - Skip clearing cache in mini cluster mode. Entries left: [/home/runner/work/ozone/ozone/hadoop-ozone/integration-test/target/test-dir/MiniOzoneClusterImpl-09c4c6e1-5ab0-4195-ac7b-5aec6defaa36/ozone-meta/datanode-1/data-0/hdds/09c4c6e1-5ab0-4195-ac7b-5aec6defaa36/DS-746eefe9-39c4-44ab-a9a7-ccc5bd775b31/container.db, /home/runner/work/ozone/ozone/hadoop-ozone/integration-test/target/test-dir/MiniOzoneClusterImpl-09c4c6e1-5ab0-4195-ac7b-5aec6defaa36/ozone-meta/datanode-10/data-0/hdds/09c4c6e1-5ab0-4195-ac7b-5aec6defaa36/DS-21102085-ea82-4b9e-92b2-c23c323afb7d/container.db, /home/runner/work/ozone/ozone/hadoop-ozone/integration-test/target/test-dir/MiniOzoneClusterImpl-09c4c6e1-5ab0-4195-ac7b-5aec6defaa36/ozone-meta/datanode-2/data-0/hdds/09c4c6e1-5ab0-4195-ac7b-5aec6defaa36/DS-18d68cb1-00a0-4bd7-8b69-18f64a962c8f/container.db, /home/runner/work/ozone/ozone/hadoop-ozone/integration-test/target/test-dir/MiniOzoneClusterImpl-09c4c6e1-5ab0-4195-ac7b-5aec6defaa36/ozone-meta/datanode-3/data-0/hdds/09c4c6e1-5ab0-4195-ac7b-5aec6defaa36/DS-5bf86086-1281-4f48-b117-faf46c9832c4/container.db, /home/runner/work/ozone/ozone/hadoop-ozone/integration-test/target/test-dir/MiniOzoneClusterImpl-09c4c6e1-5ab0-4195-ac7b-5aec6defaa36/ozone-meta/datanode-4/data-0/hdds/09c4c6e1-5ab0-4195-ac7b-5aec6defaa36/DS-f8a05fc0-7350-430f-950a-3f97f1603c5a/container.db, /home/runner/work/ozone/ozone/hadoop-ozone/integration-test/target/test-dir/MiniOzoneClusterImpl-09c4c6e1-5ab0-4195-ac7b-5aec6defaa36/ozone-meta/datanode-5/data-0/hdds/09c4c6e1-5ab0-4195-ac7b-5aec6defaa36/DS-cf117771-2d4b-4638-8c25-ef8af87d97b0/container.db, /home/runner/work/ozone/ozone/hadoop-ozone/integration-test/target/test-dir/MiniOzoneClusterImpl-09c4c6e1-5ab0-4195-ac7b-5aec6defaa36/ozone-meta/datanode-6/data-0/hdds/09c4c6e1-5ab0-4195-ac7b-5aec6defaa36/DS-75c29a64-de09-46f9-a933-2756cc743e4b/container.db, /home/runner/work/ozone/ozone/hadoop-ozone/integration-test/target/test-dir/MiniOzoneClusterImpl-09c4c6e1-5ab0-4195-ac7b-5aec6defaa36/ozone-meta/datanode-7/data-0/hdds/09c4c6e1-5ab0-4195-ac7b-5aec6defaa36/DS-4d76971e-1f3b-4fa7-98ef-f7ba054cf005/container.db, /home/runner/work/ozone/ozone/hadoop-ozone/integration-test/target/test-dir/MiniOzoneClusterImpl-09c4c6e1-5ab0-4195-ac7b-5aec6defaa36/ozone-meta/datanode-8/data-0/hdds/09c4c6e1-5ab0-4195-ac7b-5aec6defaa36/DS-b52ca8fa-4490-4d08-8ebc-234d34d70975/container.db, /home/runner/work/ozone/ozone/hadoop-ozone/integration-test/target/test-dir/MiniOzoneClusterImpl-09c4c6e1-5ab0-4195-ac7b-5aec6defaa36/ozone-meta/datanode-9/data-0/hdds/09c4c6e1-5ab0-4195-ac7b-5aec6defaa36/DS-080d1eb9-9692-4ec7-958f-aad54a1bc2aa/container.db]
2025-07-19 06:07:45,883 [main] INFO  utils.DatanodeStoreCache (DatanodeStoreCache.java:removeDB(104)) - Removed db /home/runner/work/ozone/ozone/hadoop-ozone/integration-test/target/test-dir/MiniOzoneClusterImpl-09c4c6e1-5ab0-4195-ac7b-5aec6defaa36/ozone-meta/datanode-4/data-0/hdds/09c4c6e1-5ab0-4195-ac7b-5aec6defaa36/DS-f8a05fc0-7350-430f-950a-3f97f1603c5a/container.db from cache
2025-07-19 06:07:45,883 [main] INFO  volume.HddsVolume (HddsVolume.java:closeDbStore(609)) - SchemaV3 db is stopped at /home/runner/work/ozone/ozone/hadoop-ozone/integration-test/target/test-dir/MiniOzoneClusterImpl-09c4c6e1-5ab0-4195-ac7b-5aec6defaa36/ozone-meta/datanode-4/data-0/hdds/09c4c6e1-5ab0-4195-ac7b-5aec6defaa36/DS-f8a05fc0-7350-430f-950a-3f97f1603c5a/container.db for volume DS-f8a05fc0-7350-430f-950a-3f97f1603c5a
2025-07-19 06:07:45,883 [main] INFO  utils.BackgroundService (BackgroundService.java:shutdown(178)) - Shutting down service BlockDeletingService
2025-07-19 06:07:45,884 [main] INFO  utils.BackgroundService (BackgroundService.java:shutdown(178)) - Shutting down service StaleRecoveringContainerScrubbingService
2025-07-19 06:07:45,885 [main] INFO  statemachine.DatanodeStateMachine (DatanodeStateMachine.java:stopDaemon(637)) - Ozone container server stopped.
2025-07-19 06:07:45,902 [main] INFO  handler.ContextHandler (ContextHandler.java:doStop(1159)) - Stopped o.e.j.w.WebAppContext@4a256169{hddsDatanode,/,null,STOPPED}{jar:file:/home/runner/work/ozone/ozone/hadoop-hdds/container-service/target/hdds-container-service-2.1.0-SNAPSHOT.jar!/webapps/hddsDatanode}
2025-07-19 06:07:45,904 [main] INFO  server.AbstractConnector (AbstractConnector.java:doStop(383)) - Stopped ServerConnector@6f14bc87{HTTP/1.1, (http/1.1)}{0.0.0.0:15034}
2025-07-19 06:07:45,904 [main] INFO  server.session (HouseKeeper.java:stopScavenging(149)) - node0 Stopped scavenging
2025-07-19 06:07:45,904 [main] INFO  handler.ContextHandler (ContextHandler.java:doStop(1159)) - Stopped o.e.j.s.ServletContextHandler@5d38011e{static,/static,jar:file:/home/runner/work/ozone/ozone/hadoop-hdds/container-service/target/hdds-container-service-2.1.0-SNAPSHOT.jar!/webapps/static,STOPPED}
2025-07-19 06:07:45,904 [main] INFO  handler.ContextHandler (ContextHandler.java:doStop(1159)) - Stopped o.e.j.s.ServletContextHandler@7c972748{logs,/logs,file:///home/runner/work/ozone/ozone/hadoop-ozone/integration-test/target/log,STOPPED}
2025-07-19 06:07:45,905 [main] INFO  ozone.HddsDatanodeClientProtocolServer (HddsDatanodeClientProtocolServer.java:stop(82)) - Stopping the RPC server for Client Protocol
2025-07-19 06:07:45,906 [main] INFO  ipc.Server (Server.java:stop(3697)) - Stopping server on 15035
2025-07-19 06:07:45,907 [IPC Server Responder] INFO  ipc.Server (Server.java:run(1718)) - Stopping IPC Server Responder
2025-07-19 06:07:45,907 [IPC Server listener on 15035] INFO  ipc.Server (Server.java:run(1585)) - Stopping IPC Server listener on 15035
2025-07-19 06:07:45,910 [main] INFO  impl.MetricsSystemImpl (MetricsSystemImpl.java:init(158)) - HddsDatanode metrics system started (again)
2025-07-19 06:07:45,945 [main] INFO  ozone.HddsDatanodeService (HddsDatanodeService.java:start(236)) - HddsDatanodeService cfedd3f1-5d02-4847-a363-6f2972b00a97(localhost/127.0.0.1)
2025-07-19 06:07:45,948 [main] INFO  upgrade.AbstractLayoutVersionManager (AbstractLayoutVersionManager.java:init(80)) - Initializing Layout version manager with metadata layout = HBASE_SUPPORT (version = 8), software layout = HBASE_SUPPORT (version = 8)
2025-07-19 06:07:45,949 [main] INFO  statemachine.DatanodeStateMachine (DatanodeStateMachine.java:getEndPointTaskThreadPoolSize(305)) - Datanode State Machine Task Thread Pool size 2
2025-07-19 06:07:45,953 [main] INFO  volume.HddsVolume (HddsVolume.java:<init>(162)) - HddsVolume: { id=DS-f8a05fc0-7350-430f-950a-3f97f1603c5a dir=/home/runner/work/ozone/ozone/hadoop-ozone/integration-test/target/test-dir/MiniOzoneClusterImpl-09c4c6e1-5ab0-4195-ac7b-5aec6defaa36/ozone-meta/datanode-4/data-0/hdds type=DISK capacity=9222449699674390527 used=0 available=9222449699674390527 minFree=9222450130714624 committed=0 }
2025-07-19 06:07:45,953 [main] INFO  volume.MutableVolumeSet (MutableVolumeSet.java:initializeVolumeSet(167)) - Added Volume : /home/runner/work/ozone/ozone/hadoop-ozone/integration-test/target/test-dir/MiniOzoneClusterImpl-09c4c6e1-5ab0-4195-ac7b-5aec6defaa36/ozone-meta/datanode-4/data-0/hdds to VolumeSet
2025-07-19 06:07:45,954 [main] INFO  volume.MutableVolumeSet (MutableVolumeSet.java:initializeVolumeSet(167)) - Added Volume : /home/runner/work/ozone/ozone/hadoop-ozone/integration-test/target/test-dir/MiniOzoneClusterImpl-09c4c6e1-5ab0-4195-ac7b-5aec6defaa36/ozone-meta/datanode-4/ratis64889dff-8cd6-41da-b31f-a739d249aa03 to VolumeSet
2025-07-19 06:07:45,976 [ForkJoinPool.commonPool-worker-1] INFO  utils.DatanodeStoreCache (DatanodeStoreCache.java:addDB(70)) - Added db /home/runner/work/ozone/ozone/hadoop-ozone/integration-test/target/test-dir/MiniOzoneClusterImpl-09c4c6e1-5ab0-4195-ac7b-5aec6defaa36/ozone-meta/datanode-4/data-0/hdds/09c4c6e1-5ab0-4195-ac7b-5aec6defaa36/DS-f8a05fc0-7350-430f-950a-3f97f1603c5a/container.db to cache
2025-07-19 06:07:45,976 [ForkJoinPool.commonPool-worker-1] INFO  volume.HddsVolume (HddsVolume.java:loadDbStore(517)) - SchemaV3 db is loaded at /home/runner/work/ozone/ozone/hadoop-ozone/integration-test/target/test-dir/MiniOzoneClusterImpl-09c4c6e1-5ab0-4195-ac7b-5aec6defaa36/ozone-meta/datanode-4/data-0/hdds/09c4c6e1-5ab0-4195-ac7b-5aec6defaa36/DS-f8a05fc0-7350-430f-950a-3f97f1603c5a/container.db for volume DS-f8a05fc0-7350-430f-950a-3f97f1603c5a
2025-07-19 06:07:45,976 [main] INFO  ozoneimpl.OzoneContainer (HddsVolumeUtil.java:loadAllHddsVolumeDbStore(102)) - Load 1 volumes DbStore cost: 22ms
2025-07-19 06:07:45,977 [main] WARN  db.DBStoreBuilder (DBStoreBuilder.java:getDBDirPath(158)) - ozone.scm.datanode.id.dir is not configured. We recommend adding this setting. Falling back to ozone.metadata.dirs instead.
2025-07-19 06:07:45,978 [main] WARN  db.DBStoreBuilder (DBStoreBuilder.java:getDBDirPath(158)) - ozone.scm.datanode.id.dir is not configured. We recommend adding this setting. Falling back to ozone.metadata.dirs instead.
2025-07-19 06:07:45,988 [main] INFO  impl.FilePerChunkStrategy (FilePerChunkStrategy.java:<init>(79)) - ozone.chunk.read.mapped.buffer.max.count is load with 0
2025-07-19 06:07:45,988 [main] INFO  impl.FilePerBlockStrategy (FilePerBlockStrategy.java:<init>(88)) - ozone.chunk.read.mapped.buffer.max.count is load with 0
2025-07-19 06:07:45,989 [main] INFO  server.RaftServerConfigKeys (ConfUtils.java:logGet(62)) - raft.server.log.appender.buffer.byte-limit = 33554432 (custom)
2025-07-19 06:07:45,990 [main] INFO  grpc.GrpcConfigKeys (ConfUtils.java:logFallback(69)) - raft.grpc.admin.host = null (fallback to raft.grpc.server.host)
2025-07-19 06:07:45,990 [main] INFO  grpc.GrpcConfigKeys (ConfUtils.java:logGet(62)) - raft.grpc.admin.port = 15038 (custom)
2025-07-19 06:07:45,991 [main] INFO  grpc.GrpcConfigKeys (ConfUtils.java:logFallback(69)) - raft.grpc.client.host = null (fallback to raft.grpc.server.host)
2025-07-19 06:07:45,991 [main] INFO  grpc.GrpcConfigKeys (ConfUtils.java:logGet(62)) - raft.grpc.client.port = 15037 (custom)
2025-07-19 06:07:45,991 [main] INFO  grpc.GrpcConfigKeys (ConfUtils.java:logGet(62)) - raft.grpc.server.port = 15039 (custom)
2025-07-19 06:07:45,991 [main] INFO  server.GrpcServicesImpl (ConfUtils.java:logGet(62)) - raft.grpc.message.size.max = 34603008 (custom)
2025-07-19 06:07:45,991 [main] INFO  server.GrpcServicesImpl (ConfUtils.java:logGet(62)) - raft.grpc.flow.control.window = 5MB (=5242880) (custom)
2025-07-19 06:07:45,991 [main] INFO  server.RaftServerConfigKeys (ConfUtils.java:logGet(62)) - raft.server.log.appender.buffer.byte-limit = 33554432 (custom)
2025-07-19 06:07:45,993 [main] INFO  netty.NettyUtils (NettyUtils.java:newEventLoopGroup(74)) - Create EpollEventLoopGroup for cfedd3f1-5d02-4847-a363-6f2972b00a97-NettyServerStreamRpc-bossGroup; Thread size is 0.
2025-07-19 06:07:45,993 [main] INFO  netty.NettyUtils (NettyUtils.java:newEventLoopGroup(74)) - Create EpollEventLoopGroup for cfedd3f1-5d02-4847-a363-6f2972b00a97-NettyServerStreamRpc-workerGroup; Thread size is 0.
2025-07-19 06:07:45,994 [main] INFO  netty.NettyConfigKeys$DataStream (ConfUtils.java:logGet(62)) - raft.netty.dataStream.port = 15040 (custom)
2025-07-19 06:07:45,995 [cfedd3f1-5d02-4847-a363-6f2972b00a97-NettyServerStreamRpc-bossGroup--thread1] INFO  logging.LoggingHandler (AbstractInternalLogger.java:log(148)) - [id: 0x6d2c55da] REGISTERED
2025-07-19 06:07:45,995 [main] INFO  server.RaftServerConfigKeys (ConfUtils.java:logGet(62)) - raft.server.storage.dir = [/home/runner/work/ozone/ozone/hadoop-ozone/integration-test/target/test-dir/MiniOzoneClusterImpl-09c4c6e1-5ab0-4195-ac7b-5aec6defaa36/ozone-meta/datanode-4/ratis64889dff-8cd6-41da-b31f-a739d249aa03] (custom)
2025-07-19 06:07:45,995 [cfedd3f1-5d02-4847-a363-6f2972b00a97-NettyServerStreamRpc-bossGroup--thread1] INFO  logging.LoggingHandler (AbstractInternalLogger.java:log(148)) - [id: 0x6d2c55da] BIND: 0.0.0.0/0.0.0.0:15040
2025-07-19 06:07:45,995 [cfedd3f1-5d02-4847-a363-6f2972b00a97-NettyServerStreamRpc-bossGroup--thread1] INFO  logging.LoggingHandler (AbstractInternalLogger.java:log(148)) - [id: 0x6d2c55da, L:/0.0.0.0:15040] ACTIVE
2025-07-19 06:07:45,996 [cfedd3f1-5d02-4847-a363-6f2972b00a97-impl-thread1] INFO  server.RaftServer (RaftServerProxy.java:initGroupDir(270)) - cfedd3f1-5d02-4847-a363-6f2972b00a97: found a subdirectory /home/runner/work/ozone/ozone/hadoop-ozone/integration-test/target/test-dir/MiniOzoneClusterImpl-09c4c6e1-5ab0-4195-ac7b-5aec6defaa36/ozone-meta/datanode-4/ratis64889dff-8cd6-41da-b31f-a739d249aa03/tmp
2025-07-19 06:07:45,996 [cfedd3f1-5d02-4847-a363-6f2972b00a97-impl-thread1] INFO  server.RaftServer (RaftServerProxy.java:initGroupDir(275)) - cfedd3f1-5d02-4847-a363-6f2972b00a97: The directory /home/runner/work/ozone/ozone/hadoop-ozone/integration-test/target/test-dir/MiniOzoneClusterImpl-09c4c6e1-5ab0-4195-ac7b-5aec6defaa36/ozone-meta/datanode-4/ratis64889dff-8cd6-41da-b31f-a739d249aa03/tmp is not a group directory; ignoring it. 
2025-07-19 06:07:45,996 [main] INFO  replication.ReplicationServer (ReplicationServer.java:<init>(84)) - Initializing replication server with thread count = 10 queue length = 4096
2025-07-19 06:07:45,997 [main] INFO  server.XceiverServerGrpc (XceiverServerGrpc.java:<init>(130)) - GrpcServer channel type EpollServerSocketChannel
2025-07-19 06:07:45,998 [main] INFO  replication.ReplicationSupervisor (ReplicationSupervisor.java:build(169)) - Initializing replication supervisor with thread count = 10
2025-07-19 06:07:45,998 [main] INFO  replication.ReplicationSupervisor (ReplicationSupervisor.java:nodeStateUpdated(358)) - Node state updated to IN_SERVICE, scaling executor pool size to 10
2025-07-19 06:07:46,001 [main] INFO  http.BaseHttpServer (BaseHttpServer.java:newHttpServer2BuilderForOzone(229)) - Starting Web-server for hddsDatanode at: http://0.0.0.0:15034
2025-07-19 06:07:46,001 [main] INFO  http.BaseHttpServer (BaseHttpServer.java:<init>(107)) - Hadoop Security Enabled: false Ozone Security Enabled: false Ozone HTTP Security Enabled: false 
2025-07-19 06:07:46,003 [main] WARN  server.AuthenticationFilter (AuthenticationFilter.java:constructSecretProvider(240)) - Unable to initialize FileSignerSecretProvider, falling back to use random secrets. Reason: Could not read signature secret file: /home/runner/hadoop-http-auth-signature-secret
2025-07-19 06:07:46,005 [main] INFO  http.HttpServer2 (HttpServer2.java:addGlobalFilter(1042)) - Added global filter 'safety' (class=org.apache.hadoop.hdds.server.http.HttpServer2$QuotingInputFilter)
2025-07-19 06:07:46,006 [main] INFO  http.HttpServer2 (HttpServer2.java:addFilter(1018)) - Added filter static_user_filter (class=org.apache.hadoop.http.lib.StaticUserWebFilter$StaticUserFilter) to context hddsDatanode
2025-07-19 06:07:46,006 [main] INFO  http.HttpServer2 (HttpServer2.java:addFilter(1026)) - Added filter static_user_filter (class=org.apache.hadoop.http.lib.StaticUserWebFilter$StaticUserFilter) to context logs
2025-07-19 06:07:46,006 [main] INFO  http.HttpServer2 (HttpServer2.java:addFilter(1026)) - Added filter static_user_filter (class=org.apache.hadoop.http.lib.StaticUserWebFilter$StaticUserFilter) to context static
2025-07-19 06:07:46,007 [main] INFO  http.BaseHttpServer (BaseHttpServer.java:<init>(195)) - HTTP server of hddsDatanode uses base directory /home/runner/work/ozone/ozone/hadoop-ozone/integration-test/target/test-dir/MiniOzoneClusterImpl-09c4c6e1-5ab0-4195-ac7b-5aec6defaa36/ozone-meta/datanode-4/meta/webserver
2025-07-19 06:07:46,007 [main] INFO  http.HttpServer2 (HttpServer2.java:bindListener(1242)) - Jetty bound to port 15034
2025-07-19 06:07:46,007 [main] INFO  server.Server (Server.java:doStart(375)) - jetty-9.4.57.v20241219; built: 2025-01-08T21:24:30.412Z; git: df524e6b29271c2e09ba9aea83c18dc9db464a31; jvm 21.0.7+6-LTS
2025-07-19 06:07:46,010 [main] INFO  server.session (DefaultSessionIdManager.java:doStart(334)) - DefaultSessionIdManager workerName=node0
2025-07-19 06:07:46,011 [main] INFO  server.session (DefaultSessionIdManager.java:doStart(339)) - No SessionScavenger set, using defaults
2025-07-19 06:07:46,011 [main] INFO  server.session (HouseKeeper.java:startScavenging(132)) - node0 Scavenging every 600000ms
2025-07-19 06:07:46,012 [main] INFO  handler.ContextHandler (ContextHandler.java:doStart(921)) - Started o.e.j.s.ServletContextHandler@24c39ce3{logs,/logs,file:///home/runner/work/ozone/ozone/hadoop-ozone/integration-test/target/log,AVAILABLE}
2025-07-19 06:07:46,012 [main] INFO  handler.ContextHandler (ContextHandler.java:doStart(921)) - Started o.e.j.s.ServletContextHandler@768f6f7e{static,/static,jar:file:/home/runner/work/ozone/ozone/hadoop-hdds/container-service/target/hdds-container-service-2.1.0-SNAPSHOT.jar!/webapps/static,AVAILABLE}
2025-07-19 06:07:46,198 [main] INFO  handler.ContextHandler (ContextHandler.java:doStart(921)) - Started o.e.j.w.WebAppContext@7ae87fbe{hddsDatanode,/,file:///home/runner/work/ozone/ozone/hadoop-ozone/integration-test/target/test-dir/MiniOzoneClusterImpl-09c4c6e1-5ab0-4195-ac7b-5aec6defaa36/ozone-meta/datanode-4/meta/webserver/jetty-0_0_0_0-15034-hdds-container-service-2_1_0-SNAPSHOT_jar-_-any-721315771016261528/webapp/,AVAILABLE}{jar:file:/home/runner/work/ozone/ozone/hadoop-hdds/container-service/target/hdds-container-service-2.1.0-SNAPSHOT.jar!/webapps/hddsDatanode}
2025-07-19 06:07:46,199 [main] INFO  server.AbstractConnector (AbstractConnector.java:doStart(333)) - Started ServerConnector@726ad245{HTTP/1.1, (http/1.1)}{0.0.0.0:15034}
2025-07-19 06:07:46,199 [main] INFO  server.Server (Server.java:doStart(415)) - Started @49754ms
2025-07-19 06:07:46,199 [main] WARN  impl.MetricsSystemImpl (MetricsSystemImpl.java:register(279)) - Sink prometheus already exists!
2025-07-19 06:07:46,200 [main] INFO  http.BaseHttpServer (BaseHttpServer.java:updateConnectorAddress(359)) - HTTP server of hddsDatanode listening at http://localhost:15034
2025-07-19 06:07:46,200 [main] INFO  ipc.CallQueueManager (CallQueueManager.java:<init>(93)) - Using callQueue: class java.util.concurrent.LinkedBlockingQueue, queueCapacity: 1000, scheduler: class org.apache.hadoop.ipc.DefaultRpcScheduler, ipcBackoff: false, ipcFailOver: false.
2025-07-19 06:07:46,201 [main] INFO  ipc.Server (Server.java:<init>(1438)) - Listener at 0.0.0.0:15035
2025-07-19 06:07:46,201 [Socket Reader #1 for port 15035] INFO  ipc.Server (Server.java:run(1474)) - Starting Socket Reader #1 for port 15035
2025-07-19 06:07:46,201 [Socket Reader #2 for port 15035] INFO  ipc.Server (Server.java:run(1474)) - Starting Socket Reader #2 for port 15035
2025-07-19 06:07:46,201 [Socket Reader #3 for port 15035] INFO  ipc.Server (Server.java:run(1474)) - Starting Socket Reader #3 for port 15035
2025-07-19 06:07:46,201 [Socket Reader #4 for port 15035] INFO  ipc.Server (Server.java:run(1474)) - Starting Socket Reader #4 for port 15035
2025-07-19 06:07:46,202 [Socket Reader #5 for port 15035] INFO  ipc.Server (Server.java:run(1474)) - Starting Socket Reader #5 for port 15035
2025-07-19 06:07:46,202 [Socket Reader #6 for port 15035] INFO  ipc.Server (Server.java:run(1474)) - Starting Socket Reader #6 for port 15035
2025-07-19 06:07:46,202 [Socket Reader #7 for port 15035] INFO  ipc.Server (Server.java:run(1474)) - Starting Socket Reader #7 for port 15035
2025-07-19 06:07:46,202 [Socket Reader #8 for port 15035] INFO  ipc.Server (Server.java:run(1474)) - Starting Socket Reader #8 for port 15035
2025-07-19 06:07:46,202 [Socket Reader #9 for port 15035] INFO  ipc.Server (Server.java:run(1474)) - Starting Socket Reader #9 for port 15035
2025-07-19 06:07:46,203 [Socket Reader #10 for port 15035] INFO  ipc.Server (Server.java:run(1474)) - Starting Socket Reader #10 for port 15035
2025-07-19 06:07:46,205 [main] INFO  ozone.HddsDatanodeService (HddsDatanodeService.java:start(333)) - Datanode start with admins: [admin, runner]
2025-07-19 06:07:46,205 [main] INFO  ozone.HddsDatanodeClientProtocolServer (HddsDatanodeClientProtocolServer.java:start(76)) - RPC server for Client /0.0.0.0:15035
2025-07-19 06:07:46,205 [IPC Server Responder] INFO  ipc.Server (Server.java:run(1713)) - IPC Server Responder: starting
2025-07-19 06:07:46,205 [IPC Server listener on 15035] INFO  ipc.Server (Server.java:run(1553)) - IPC Server listener on 15035: starting
2025-07-19 06:07:46,208 [cfedd3f1-5d02-4847-a363-6f2972b00a97-DatanodeStateMachineDaemonThread] INFO  statemachine.DatanodeStateMachine (DatanodeStateMachine.java:startStateMachineThread(347)) - Ozone container server started.
]]></system-out>
  </testcase>
  <testcase name="testUnhealthyContainer" classname="org.apache.hadoop.ozone.client.rpc.TestContainerStateMachineFailures" time="49.562">
    <system-out><![CDATA[2025-07-19 06:07:46,213 [cfedd3f1-5d02-4847-a363-6f2972b00a97-DatanodeStateMachineTaskThread-0] INFO  datanode.InitDatanodeState (InitDatanodeState.java:persistContainerDatanodeDetails(139)) - DatanodeDetails is persisted to /home/runner/work/ozone/ozone/hadoop-ozone/integration-test/target/test-dir/MiniOzoneClusterImpl-09c4c6e1-5ab0-4195-ac7b-5aec6defaa36/ozone-meta/datanode-4/meta/datanode.id
2025-07-19 06:07:46,247 [aa0cb613-fc94-4131-90ab-17bcd78458c4-ChunkWriter-3-0] ERROR helpers.ContainerUtils (ContainerUtils.java:getChunkDir(273)) - Chunks dir /home/runner/work/ozone/ozone/hadoop-ozone/integration-test/target/test-dir/MiniOzoneClusterImpl-09c4c6e1-5ab0-4195-ac7b-5aec6defaa36/ozone-meta/datanode-2/data-0/hdds/09c4c6e1-5ab0-4195-ac7b-5aec6defaa36/current/containerDir0/7/chunks does not exist
2025-07-19 06:07:46,247 [aa0cb613-fc94-4131-90ab-17bcd78458c4-ChunkWriter-3-0] WARN  keyvalue.KeyValueHandler (ContainerUtils.java:logAndReturnError(94)) - Operation: WriteChunk , Trace ID:  , Message: Chunks directory /home/runner/work/ozone/ozone/hadoop-ozone/integration-test/target/test-dir/MiniOzoneClusterImpl-09c4c6e1-5ab0-4195-ac7b-5aec6defaa36/ozone-meta/datanode-2/data-0/hdds/09c4c6e1-5ab0-4195-ac7b-5aec6defaa36/current/containerDir0/7/chunks does not exist. , Result: UNABLE_TO_FIND_DATA_DIR , StorageContainerException Occurred.
org.apache.hadoop.hdds.scm.container.common.helpers.StorageContainerException: Chunks directory /home/runner/work/ozone/ozone/hadoop-ozone/integration-test/target/test-dir/MiniOzoneClusterImpl-09c4c6e1-5ab0-4195-ac7b-5aec6defaa36/ozone-meta/datanode-2/data-0/hdds/09c4c6e1-5ab0-4195-ac7b-5aec6defaa36/current/containerDir0/7/chunks does not exist.
	at org.apache.hadoop.ozone.container.common.helpers.ContainerUtils.getChunkDir(ContainerUtils.java:275)
	at org.apache.hadoop.ozone.container.common.impl.ContainerLayoutVersion.getChunkFile(ContainerLayoutVersion.java:115)
	at org.apache.hadoop.ozone.container.keyvalue.impl.FilePerBlockStrategy.getChunkFile(FilePerBlockStrategy.java:300)
	at org.apache.hadoop.ozone.container.keyvalue.impl.FilePerBlockStrategy.writeChunk(FilePerBlockStrategy.java:148)
	at org.apache.hadoop.ozone.container.keyvalue.impl.ChunkManagerDispatcher.writeChunk(ChunkManagerDispatcher.java:70)
	at org.apache.hadoop.ozone.container.keyvalue.KeyValueHandler.handleWriteChunk(KeyValueHandler.java:1029)
	at org.apache.hadoop.ozone.container.keyvalue.KeyValueHandler.dispatchRequest(KeyValueHandler.java:342)
	at org.apache.hadoop.ozone.container.keyvalue.KeyValueHandler.handle(KeyValueHandler.java:293)
	at org.apache.hadoop.ozone.container.common.impl.HddsDispatcher.dispatchRequest(HddsDispatcher.java:365)
	at org.apache.hadoop.ozone.container.common.impl.HddsDispatcher.lambda$dispatch$1(HddsDispatcher.java:190)
	at org.apache.hadoop.hdds.server.OzoneProtocolMessageDispatcher.processRequest(OzoneProtocolMessageDispatcher.java:87)
	at org.apache.hadoop.ozone.container.common.impl.HddsDispatcher.dispatch(HddsDispatcher.java:189)
	at org.apache.hadoop.ozone.container.common.transport.server.ratis.ContainerStateMachine.dispatchCommand(ContainerStateMachine.java:567)
	at org.apache.hadoop.ozone.container.common.transport.server.ratis.ContainerStateMachine.lambda$writeStateMachineData$2(ContainerStateMachine.java:622)
	at java.base/java.util.concurrent.FutureTask.run(FutureTask.java:317)
	at java.base/java.util.concurrent.ThreadPoolExecutor.runWorker(ThreadPoolExecutor.java:1144)
	at java.base/java.util.concurrent.ThreadPoolExecutor$Worker.run(ThreadPoolExecutor.java:642)
	at java.base/java.lang.Thread.run(Thread.java:1583)
2025-07-19 06:07:46,251 [aa0cb613-fc94-4131-90ab-17bcd78458c4-ChunkWriter-3-0] WARN  keyvalue.KeyValueContainer (KeyValueContainer.java:markContainerUnhealthy(397)) - Marked container UNHEALTHY from OPEN: KeyValueContainerData #7 (UNHEALTHY, non-empty, ri=0, origin=[dn_aa0cb613-fc94-4131-90ab-17bcd78458c4, pipeline_850d62e6-9d07-48c2-bfd0-36b9588d9eb5])
2025-07-19 06:07:46,252 [aa0cb613-fc94-4131-90ab-17bcd78458c4-ChunkWriter-3-0] WARN  keyvalue.KeyValueHandler (KeyValueHandler.java:updateAndGetContainerChecksum(1451)) - Container data checksum updated from 0 to 1bdd5b56
2025-07-19T06:07:46.253506704Z aa0cb613-fc94-4131-90ab-17bcd78458c4-ChunkWriter-3-0 ERROR ID=7 | Index=0 | BCSID=2 | State=UNHEALTHY | Volume=/home/runner/work/ozone/ozone/hadoop-ozone/integration-test/target/test-dir/MiniOzoneClusterImpl-09c4c6e1-5ab0-4195-ac7b-5aec6defaa36/ozone-meta/datanode-2/data-0/hdds | DataChecksum=1bdd5b56 | Container has 1 error: WRITE_FAILURE for file /home/runner/work/ozone/ozone/hadoop-ozone/integration-test/target/test-dir/MiniOzoneClusterImpl-09c4c6e1-5ab0-4195-ac7b-5aec6defaa36/ozone-meta/datanode-2/data-0/hdds/09c4c6e1-5ab0-4195-ac7b-5aec6defaa36/current/containerDir0/7 with exception: org.apache.hadoop.hdds.scm.container.common.helpers.StorageContainerException2025-07-19 06:07:46,253 [aa0cb613-fc94-4131-90ab-17bcd78458c4-ChunkWriter-3-0] INFO  impl.HddsDispatcher (HddsDispatcher.java:dispatchRequest(411)) - Marked Container UNHEALTHY, ContainerID: 7
2025-07-19T06:07:46.253953035Z aa0cb613-fc94-4131-90ab-17bcd78458c4-ChunkWriter-3-0 ERROR user=null | ip=null | op=WRITE_CHUNK {blockData=conID: 7 locID: 115816896921600007 bcsId: 2 replicaIndex: 0, offset=5, size=5, stage=WRITE_DATA} | ret=FAILURE
java.lang.Exception: Chunks directory /home/runner/work/ozone/ozone/hadoop-ozone/integration-test/target/test-dir/MiniOzoneClusterImpl-09c4c6e1-5ab0-4195-ac7b-5aec6defaa36/ozone-meta/datanode-2/data-0/hdds/09c4c6e1-5ab0-4195-ac7b-5aec6defaa36/current/containerDir0/7/chunks does not exist.
	at org.apache.hadoop.ozone.container.common.impl.HddsDispatcher.dispatchRequest(HddsDispatcher.java:439)
	at org.apache.hadoop.ozone.container.common.impl.HddsDispatcher.lambda$dispatch$1(HddsDispatcher.java:190)
	at org.apache.hadoop.hdds.server.OzoneProtocolMessageDispatcher.processRequest(OzoneProtocolMessageDispatcher.java:87)
	at org.apache.hadoop.ozone.container.common.impl.HddsDispatcher.dispatch(HddsDispatcher.java:189)
	at org.apache.hadoop.ozone.container.common.transport.server.ratis.ContainerStateMachine.dispatchCommand(ContainerStateMachine.java:567)
	at org.apache.hadoop.ozone.container.common.transport.server.ratis.ContainerStateMachine.lambda$writeStateMachineData$2(ContainerStateMachine.java:622)
	at java.base/java.util.concurrent.FutureTask.run(FutureTask.java:317)
	at java.base/java.util.concurrent.ThreadPoolExecutor.runWorker(ThreadPoolExecutor.java:1144)
	at java.base/java.util.concurrent.ThreadPoolExecutor$Worker.run(ThreadPoolExecutor.java:642)
	at java.base/java.lang.Thread.run(Thread.java:1583)
2025-07-19 06:07:46,254 [aa0cb613-fc94-4131-90ab-17bcd78458c4-ChunkWriter-3-0] ERROR ratis.ContainerStateMachine (ContainerStateMachine.java:handleCommandResult(662)) - group-36B9588D9EB5: writeChunk writeStateMachineData failed: blockIdcontainerID: 7
localID: 115816896921600007
blockCommitSequenceId: 2
replicaIndex: 0
 logIndex 4 chunkName 115816896921600007_chunk_2 Error message: Chunks directory /home/runner/work/ozone/ozone/hadoop-ozone/integration-test/target/test-dir/MiniOzoneClusterImpl-09c4c6e1-5ab0-4195-ac7b-5aec6defaa36/ozone-meta/datanode-2/data-0/hdds/09c4c6e1-5ab0-4195-ac7b-5aec6defaa36/current/containerDir0/7/chunks does not exist. Container Result: UNABLE_TO_FIND_DATA_DIR
2025-07-19 06:07:46,255 [FixedThreadPoolWithAffinityExecutor-8-0] INFO  container.IncrementalContainerReportHandler (AbstractContainerReportHandler.java:updateContainerState(253)) - FINALIZE (i.e. CLOSING) Container #7 (OPEN, sid=0) r0 (UNHEALTHY, bcsid=2, origin=aa0cb613-fc94-4131-90ab-17bcd78458c4, non-empty) from dn aa0cb613-fc94-4131-90ab-17bcd78458c4(localhost/127.0.0.1)
2025-07-19 06:07:46,256 [EventQueue-CloseContainerForCloseContainerEventHandler] INFO  container.CloseContainerEventHandler (CloseContainerEventHandler.java:onMessage(88)) - Close container Event triggered for container : #7, current state: OPEN
2025-07-19 06:07:46,257 [pool-187-thread-1] WARN  keyvalue.KeyValueHandler (KeyValueHandler.java:updateAndGetContainerChecksum(1451)) - Container data checksum updated from 1bdd5b56 to 0
2025-07-19 06:07:46,257 [pool-187-thread-1] ERROR ozoneimpl.OnDemandContainerScanner (ContainerScanHelper.java:handleUnhealthyScanResult(119)) - Corruption detected in container [7]. Marking it UNHEALTHY. Container has 1 error: MISSING_CHUNKS_DIR for file /home/runner/work/ozone/ozone/hadoop-ozone/integration-test/target/test-dir/MiniOzoneClusterImpl-09c4c6e1-5ab0-4195-ac7b-5aec6defaa36/ozone-meta/datanode-2/data-0/hdds/09c4c6e1-5ab0-4195-ac7b-5aec6defaa36/current/containerDir0/7/chunks with exception: java.io.FileNotFoundException: Chunks directory /home/runner/work/ozone/ozone/hadoop-ozone/integration-test/target/test-dir/MiniOzoneClusterImpl-09c4c6e1-5ab0-4195-ac7b-5aec6defaa36/ozone-meta/datanode-2/data-0/hdds/09c4c6e1-5ab0-4195-ac7b-5aec6defaa36/current/containerDir0/7/chunks not found.
2025-07-19 06:07:46,258 [aa0cb613-fc94-4131-90ab-17bcd78458c4@group-36B9588D9EB5-SegmentedRaftLogWorker] ERROR ratis.ContainerStateMachine (ContainerStateMachine.java:notifyLogFailed(1268)) - group-36B9588D9EB5: (t:1, i:4) cmdType: WriteChunk traceID: "" containerID: 7 datanodeUuid: "aa0cb613-fc94-4131-90ab-17bcd78458c4" pipelineID: "850d62e6-9d07-48c2-bfd0-36b9588d9eb5" writeChunk { blockID { containerID: 7 localID: 115816896921600007 blockCommitSequenceId: 2 replicaIndex: 0 } chunkData { chunkName: "115816896921600007_chunk_2" offset: 5 len: 5 checksumData { type: CRC32 bytesPerChecksum: 16384 checksums: "\350a\3440" } } } version: 3, container path=/home/runner/work/ozone/ozone/hadoop-ozone/integration-test/target/test-dir/MiniOzoneClusterImpl-09c4c6e1-5ab0-4195-ac7b-5aec6defaa36/ozone-meta/datanode-2/data-0/hdds/09c4c6e1-5ab0-4195-ac7b-5aec6defaa36/current/containerDir0/7
org.apache.hadoop.hdds.scm.container.common.helpers.StorageContainerException: Chunks directory /home/runner/work/ozone/ozone/hadoop-ozone/integration-test/target/test-dir/MiniOzoneClusterImpl-09c4c6e1-5ab0-4195-ac7b-5aec6defaa36/ozone-meta/datanode-2/data-0/hdds/09c4c6e1-5ab0-4195-ac7b-5aec6defaa36/current/containerDir0/7/chunks does not exist.
	at org.apache.hadoop.ozone.container.common.transport.server.ratis.ContainerStateMachine.handleCommandResult(ContainerStateMachine.java:661)
	at org.apache.hadoop.ozone.container.common.transport.server.ratis.ContainerStateMachine.lambda$writeStateMachineData$2(ContainerStateMachine.java:623)
	at java.base/java.util.concurrent.FutureTask.run(FutureTask.java:317)
	at java.base/java.util.concurrent.ThreadPoolExecutor.runWorker(ThreadPoolExecutor.java:1144)
	at java.base/java.util.concurrent.ThreadPoolExecutor$Worker.run(ThreadPoolExecutor.java:642)
	at java.base/java.lang.Thread.run(Thread.java:1583)
2025-07-19 06:07:46,258 [aa0cb613-fc94-4131-90ab-17bcd78458c4@group-36B9588D9EB5-SegmentedRaftLogWorker] WARN  ratis.XceiverServerRatis (XceiverServerRatis.java:triggerPipelineClose(758)) - pipeline Action CLOSE on pipeline Pipeline-850d62e6-9d07-48c2-bfd0-36b9588d9eb5.Reason : Chunks directory /home/runner/work/ozone/ozone/hadoop-ozone/integration-test/target/test-dir/MiniOzoneClusterImpl-09c4c6e1-5ab0-4195-ac7b-5aec6defaa36/ozone-meta/datanode-2/data-0/hdds/09c4c6e1-5ab0-4195-ac7b-5aec6defaa36/current/containerDir0/7/chunks does not exist.
2025-07-19 06:07:46,260 [EventQueue-PipelineActionsForPipelineActionHandler] INFO  pipeline.PipelineActionHandler (PipelineActionHandler.java:processPipelineAction(89)) - Received pipeline action CLOSE for Pipeline-850d62e6-9d07-48c2-bfd0-36b9588d9eb5 from datanode aa0cb613-fc94-4131-90ab-17bcd78458c4(localhost/127.0.0.1). Reason : Chunks directory /home/runner/work/ozone/ozone/hadoop-ozone/integration-test/target/test-dir/MiniOzoneClusterImpl-09c4c6e1-5ab0-4195-ac7b-5aec6defaa36/ozone-meta/datanode-2/data-0/hdds/09c4c6e1-5ab0-4195-ac7b-5aec6defaa36/current/containerDir0/7/chunks does not exist.
2025-07-19 06:07:46,261 [aa0cb613-fc94-4131-90ab-17bcd78458c4@group-36B9588D9EB5-SegmentedRaftLogWorker] ERROR raftlog.RaftLog (RaftLogBase.java:lambda$appendImpl$3(197)) - aa0cb613-fc94-4131-90ab-17bcd78458c4@group-36B9588D9EB5-SegmentedRaftLog: Failed to write log entry (t:1, i:4), STATEMACHINELOGENTRY, cmdType: WriteChunk traceID: "" containerID: 7 datanodeUuid: "aa0cb613-fc94-4131-90ab-17bcd78458c4" pipelineID: "850d62e6-9d07-48c2-bfd0-36b9588d9eb5" writeChunk { blockID { containerID: 7 localID: 115816896921600007 blockCommitSequenceId: 2 replicaIndex: 0 } chunkData { chunkName: "115816896921600007_chunk_2" offset: 5 len: 5 checksumData { type: CRC32 bytesPerChecksum: 16384 checksums: "\350a\3440" } } } version: 3, container path=/home/runner/work/ozone/ozone/hadoop-ozone/integration-test/target/test-dir/MiniOzoneClusterImpl-09c4c6e1-5ab0-4195-ac7b-5aec6defaa36/ozone-meta/datanode-2/data-0/hdds/09c4c6e1-5ab0-4195-ac7b-5aec6defaa36/current/containerDir0/7
org.apache.hadoop.hdds.scm.container.common.helpers.StorageContainerException: Chunks directory /home/runner/work/ozone/ozone/hadoop-ozone/integration-test/target/test-dir/MiniOzoneClusterImpl-09c4c6e1-5ab0-4195-ac7b-5aec6defaa36/ozone-meta/datanode-2/data-0/hdds/09c4c6e1-5ab0-4195-ac7b-5aec6defaa36/current/containerDir0/7/chunks does not exist.
	at org.apache.hadoop.ozone.container.common.transport.server.ratis.ContainerStateMachine.handleCommandResult(ContainerStateMachine.java:661)
	at org.apache.hadoop.ozone.container.common.transport.server.ratis.ContainerStateMachine.lambda$writeStateMachineData$2(ContainerStateMachine.java:623)
	at java.base/java.util.concurrent.FutureTask.run(FutureTask.java:317)
	at java.base/java.util.concurrent.ThreadPoolExecutor.runWorker(ThreadPoolExecutor.java:1144)
	at java.base/java.util.concurrent.ThreadPoolExecutor$Worker.run(ThreadPoolExecutor.java:642)
	at java.base/java.lang.Thread.run(Thread.java:1583)
2025-07-19 06:07:46,261 [aa0cb613-fc94-4131-90ab-17bcd78458c4@group-36B9588D9EB5-cacheEviction-AwaitToRun] INFO  util.AwaitToRun (AwaitToRun.java:run(49)) - aa0cb613-fc94-4131-90ab-17bcd78458c4@group-36B9588D9EB5-cacheEviction-AwaitToRun-AwaitForSignal is interrupted
2025-07-19 06:07:46,262 [EventQueue-PipelineActionsForPipelineActionHandler] INFO  pipeline.PipelineManagerImpl (PipelineManagerImpl.java:closePipeline(511)) - Pipeline Pipeline-850d62e6-9d07-48c2-bfd0-36b9588d9eb5 moved to CLOSED state
2025-07-19 06:07:46,459 [EventQueue-PipelineActionsForPipelineActionHandler] INFO  pipeline.PipelineActionHandler (PipelineActionHandler.java:processPipelineAction(89)) - Received pipeline action CLOSE for Pipeline-850d62e6-9d07-48c2-bfd0-36b9588d9eb5 from datanode aa0cb613-fc94-4131-90ab-17bcd78458c4(localhost/127.0.0.1). Reason : Chunks directory /home/runner/work/ozone/ozone/hadoop-ozone/integration-test/target/test-dir/MiniOzoneClusterImpl-09c4c6e1-5ab0-4195-ac7b-5aec6defaa36/ozone-meta/datanode-2/data-0/hdds/09c4c6e1-5ab0-4195-ac7b-5aec6defaa36/current/containerDir0/7/chunks does not exist.
2025-07-19 06:07:46,660 [EventQueue-PipelineActionsForPipelineActionHandler] INFO  pipeline.PipelineActionHandler (PipelineActionHandler.java:processPipelineAction(89)) - Received pipeline action CLOSE for Pipeline-850d62e6-9d07-48c2-bfd0-36b9588d9eb5 from datanode aa0cb613-fc94-4131-90ab-17bcd78458c4(localhost/127.0.0.1). Reason : Chunks directory /home/runner/work/ozone/ozone/hadoop-ozone/integration-test/target/test-dir/MiniOzoneClusterImpl-09c4c6e1-5ab0-4195-ac7b-5aec6defaa36/ozone-meta/datanode-2/data-0/hdds/09c4c6e1-5ab0-4195-ac7b-5aec6defaa36/current/containerDir0/7/chunks does not exist.
2025-07-19 06:07:46,712 [cfedd3f1-5d02-4847-a363-6f2972b00a97-ContainerReader-0] INFO  ozoneimpl.ContainerReader (ContainerReader.java:readVolume(144)) - Start to verify containers on volume /home/runner/work/ozone/ozone/hadoop-ozone/integration-test/target/test-dir/MiniOzoneClusterImpl-09c4c6e1-5ab0-4195-ac7b-5aec6defaa36/ozone-meta/datanode-4/data-0/hdds
2025-07-19 06:07:46,716 [cfedd3f1-5d02-4847-a363-6f2972b00a97-ContainerReader-0] WARN  helpers.KeyValueContainerUtil (KeyValueContainerUtil.java:populateContainerMetadata(323)) - Missing pendingDeleteBlockCount from metadata: recalculate them from block table
2025-07-19 06:07:46,719 [cfedd3f1-5d02-4847-a363-6f2972b00a97-ContainerReader-0] INFO  ozoneimpl.ContainerReader (ContainerReader.java:readVolume(174)) - Finish verifying containers on volume /home/runner/work/ozone/ozone/hadoop-ozone/integration-test/target/test-dir/MiniOzoneClusterImpl-09c4c6e1-5ab0-4195-ac7b-5aec6defaa36/ozone-meta/datanode-4/data-0/hdds
2025-07-19 06:07:46,720 [cfedd3f1-5d02-4847-a363-6f2972b00a97-EndpointStateMachineTaskThread-/0.0.0.0:15002-0 ] WARN  impl.ContainerSet (ContainerSet.java:lambda$buildMissingContainerSetAndValidate$2(524)) - Adding container 5 to missing container set.
2025-07-19 06:07:46,720 [cfedd3f1-5d02-4847-a363-6f2972b00a97-EndpointStateMachineTaskThread-/0.0.0.0:15002-0 ] INFO  ozoneimpl.OzoneContainer (OzoneContainer.java:buildContainerSet(370)) - Build ContainerSet costs 0s
2025-07-19 06:07:46,720 [cfedd3f1-5d02-4847-a363-6f2972b00a97-EndpointStateMachineTaskThread-/0.0.0.0:15002-0 ] INFO  volume.ThrottledAsyncChecker (ThrottledAsyncChecker.java:schedule(138)) - Scheduling a check for /home/runner/work/ozone/ozone/hadoop-ozone/integration-test/target/test-dir/MiniOzoneClusterImpl-09c4c6e1-5ab0-4195-ac7b-5aec6defaa36/ozone-meta/datanode-4/data-0/hdds
2025-07-19 06:07:46,720 [cfedd3f1-5d02-4847-a363-6f2972b00a97-EndpointStateMachineTaskThread-/0.0.0.0:15002-0 ] INFO  volume.StorageVolumeChecker (StorageVolumeChecker.java:checkAllVolumes(231)) - Scheduled health check for volume /home/runner/work/ozone/ozone/hadoop-ozone/integration-test/target/test-dir/MiniOzoneClusterImpl-09c4c6e1-5ab0-4195-ac7b-5aec6defaa36/ozone-meta/datanode-4/data-0/hdds
2025-07-19 06:07:46,724 [cfedd3f1-5d02-4847-a363-6f2972b00a97-EndpointStateMachineTaskThread-/0.0.0.0:15002-0 ] INFO  volume.ThrottledAsyncChecker (ThrottledAsyncChecker.java:schedule(138)) - Scheduling a check for /home/runner/work/ozone/ozone/hadoop-ozone/integration-test/target/test-dir/MiniOzoneClusterImpl-09c4c6e1-5ab0-4195-ac7b-5aec6defaa36/ozone-meta/datanode-4/ratis64889dff-8cd6-41da-b31f-a739d249aa03
2025-07-19 06:07:46,724 [cfedd3f1-5d02-4847-a363-6f2972b00a97-EndpointStateMachineTaskThread-/0.0.0.0:15002-0 ] INFO  volume.StorageVolumeChecker (StorageVolumeChecker.java:checkAllVolumes(231)) - Scheduled health check for volume /home/runner/work/ozone/ozone/hadoop-ozone/integration-test/target/test-dir/MiniOzoneClusterImpl-09c4c6e1-5ab0-4195-ac7b-5aec6defaa36/ozone-meta/datanode-4/ratis64889dff-8cd6-41da-b31f-a739d249aa03
2025-07-19 06:07:46,725 [cfedd3f1-5d02-4847-a363-6f2972b00a97-EndpointStateMachineTaskThread-/0.0.0.0:15002-0 ] INFO  ozoneimpl.OzoneContainer (OzoneContainer.java:start(520)) - Attempting to start container services.
2025-07-19 06:07:46,727 [cfedd3f1-5d02-4847-a363-6f2972b00a97-EndpointStateMachineTaskThread-/0.0.0.0:15002-0 ] INFO  replication.ReplicationServer (ReplicationServer.java:start(137)) - ReplicationServer is started using port 15041
2025-07-19 06:07:46,727 [cfedd3f1-5d02-4847-a363-6f2972b00a97-EndpointStateMachineTaskThread-/0.0.0.0:15002-0 ] INFO  ratis.XceiverServerRatis (XceiverServerRatis.java:start(559)) - Starting XceiverServerRatis(cfedd3f1-5d02-4847-a363-6f2972b00a97)
2025-07-19 06:07:46,727 [ContainerMetadataScanner] INFO  ozoneimpl.AbstractBackgroundContainerScanner (AbstractBackgroundContainerScanner.java:runIteration(89)) - Completed an iteration in 0 minutes. Number of iterations (since the data-node restart) : 1, Number of containers scanned in this iteration : 1, Number of unhealthy containers found in this iteration : 0
2025-07-19 06:07:46,729 [cfedd3f1-5d02-4847-a363-6f2972b00a97-EndpointStateMachineTaskThread-/0.0.0.0:15002-0 ] INFO  server.RaftServer (RaftServerProxy.java:startImpl(412)) - cfedd3f1-5d02-4847-a363-6f2972b00a97: start RPC server
2025-07-19 06:07:46,729 [cfedd3f1-5d02-4847-a363-6f2972b00a97-EndpointStateMachineTaskThread-/0.0.0.0:15002-0 ] INFO  server.GrpcServicesImpl (GrpcServicesImpl.java:startImpl(346)) - cfedd3f1-5d02-4847-a363-6f2972b00a97: GrpcServicesImpl started, listening on 15037
2025-07-19 06:07:46,730 [cfedd3f1-5d02-4847-a363-6f2972b00a97-EndpointStateMachineTaskThread-/0.0.0.0:15002-0 ] INFO  server.GrpcServicesImpl (GrpcServicesImpl.java:startImpl(346)) - cfedd3f1-5d02-4847-a363-6f2972b00a97: GrpcServicesImpl started, listening on 15039
2025-07-19 06:07:46,730 [cfedd3f1-5d02-4847-a363-6f2972b00a97-EndpointStateMachineTaskThread-/0.0.0.0:15002-0 ] INFO  server.GrpcServicesImpl (GrpcServicesImpl.java:startImpl(346)) - cfedd3f1-5d02-4847-a363-6f2972b00a97: GrpcServicesImpl started, listening on 15038
2025-07-19 06:07:46,730 [cfedd3f1-5d02-4847-a363-6f2972b00a97-EndpointStateMachineTaskThread-/0.0.0.0:15002-0 ] INFO  ratis.XceiverServerRatis (XceiverServerRatis.java:getRealPort(586)) - XceiverServerRatis(cfedd3f1-5d02-4847-a363-6f2972b00a97) is started using port RATIS=15037
2025-07-19 06:07:46,731 [JvmPauseMonitor13] INFO  util.JvmPauseMonitor (JvmPauseMonitor.java:run(146)) - JvmPauseMonitor-cfedd3f1-5d02-4847-a363-6f2972b00a97: Started
2025-07-19 06:07:46,731 [cfedd3f1-5d02-4847-a363-6f2972b00a97-EndpointStateMachineTaskThread-/0.0.0.0:15002-0 ] INFO  ratis.XceiverServerRatis (XceiverServerRatis.java:getRealPort(586)) - XceiverServerRatis(cfedd3f1-5d02-4847-a363-6f2972b00a97) is started using port RATIS_ADMIN=15038
2025-07-19 06:07:46,731 [cfedd3f1-5d02-4847-a363-6f2972b00a97-EndpointStateMachineTaskThread-/0.0.0.0:15002-0 ] INFO  ratis.XceiverServerRatis (XceiverServerRatis.java:getRealPort(586)) - XceiverServerRatis(cfedd3f1-5d02-4847-a363-6f2972b00a97) is started using port RATIS_SERVER=15039
2025-07-19 06:07:46,731 [cfedd3f1-5d02-4847-a363-6f2972b00a97-EndpointStateMachineTaskThread-/0.0.0.0:15002-0 ] INFO  ratis.XceiverServerRatis (XceiverServerRatis.java:getRealPort(586)) - XceiverServerRatis(cfedd3f1-5d02-4847-a363-6f2972b00a97) is started using port RATIS_DATASTREAM=15040
2025-07-19 06:07:46,731 [cfedd3f1-5d02-4847-a363-6f2972b00a97-EndpointStateMachineTaskThread-/0.0.0.0:15002-0 ] INFO  utils.BackgroundService (BackgroundService.java:start(118)) - Starting service BlockDeletingService with interval 60000 milliseconds
2025-07-19 06:07:46,732 [cfedd3f1-5d02-4847-a363-6f2972b00a97-EndpointStateMachineTaskThread-/0.0.0.0:15002-0 ] INFO  utils.BackgroundService (BackgroundService.java:start(118)) - Starting service StaleRecoveringContainerScrubbingService with interval 60000 milliseconds
2025-07-19 06:07:46,735 [ContainerDataScanner(/home/runner/work/ozone/ozone/hadoop-ozone/integration-test/target/test-dir/MiniOzoneClusterImpl-09c4c6e1-5ab0-4195-ac7b-5aec6defaa36/ozone-meta/datanode-4/data-0/hdds)] INFO  ozoneimpl.AbstractBackgroundContainerScanner (AbstractBackgroundContainerScanner.java:runIteration(89)) - Completed an iteration in 0 minutes. Number of iterations (since the data-node restart) : 1, Number of containers scanned in this iteration : 1, Number of unhealthy containers found in this iteration : 0
2025-07-19 06:07:46,859 [EventQueue-PipelineActionsForPipelineActionHandler] INFO  pipeline.PipelineActionHandler (PipelineActionHandler.java:processPipelineAction(89)) - Received pipeline action CLOSE for Pipeline-850d62e6-9d07-48c2-bfd0-36b9588d9eb5 from datanode aa0cb613-fc94-4131-90ab-17bcd78458c4(localhost/127.0.0.1). Reason : Chunks directory /home/runner/work/ozone/ozone/hadoop-ozone/integration-test/target/test-dir/MiniOzoneClusterImpl-09c4c6e1-5ab0-4195-ac7b-5aec6defaa36/ozone-meta/datanode-2/data-0/hdds/09c4c6e1-5ab0-4195-ac7b-5aec6defaa36/current/containerDir0/7/chunks does not exist.
2025-07-19 06:07:47,059 [EventQueue-PipelineActionsForPipelineActionHandler] INFO  pipeline.PipelineActionHandler (PipelineActionHandler.java:processPipelineAction(89)) - Received pipeline action CLOSE for Pipeline-850d62e6-9d07-48c2-bfd0-36b9588d9eb5 from datanode aa0cb613-fc94-4131-90ab-17bcd78458c4(localhost/127.0.0.1). Reason : Chunks directory /home/runner/work/ozone/ozone/hadoop-ozone/integration-test/target/test-dir/MiniOzoneClusterImpl-09c4c6e1-5ab0-4195-ac7b-5aec6defaa36/ozone-meta/datanode-2/data-0/hdds/09c4c6e1-5ab0-4195-ac7b-5aec6defaa36/current/containerDir0/7/chunks does not exist.
2025-07-19 06:07:47,260 [EventQueue-PipelineActionsForPipelineActionHandler] INFO  pipeline.PipelineActionHandler (PipelineActionHandler.java:processPipelineAction(89)) - Received pipeline action CLOSE for Pipeline-850d62e6-9d07-48c2-bfd0-36b9588d9eb5 from datanode aa0cb613-fc94-4131-90ab-17bcd78458c4(localhost/127.0.0.1). Reason : Chunks directory /home/runner/work/ozone/ozone/hadoop-ozone/integration-test/target/test-dir/MiniOzoneClusterImpl-09c4c6e1-5ab0-4195-ac7b-5aec6defaa36/ozone-meta/datanode-2/data-0/hdds/09c4c6e1-5ab0-4195-ac7b-5aec6defaa36/current/containerDir0/7/chunks does not exist.
2025-07-19 06:07:47,459 [EventQueue-PipelineActionsForPipelineActionHandler] INFO  pipeline.PipelineActionHandler (PipelineActionHandler.java:processPipelineAction(89)) - Received pipeline action CLOSE for Pipeline-850d62e6-9d07-48c2-bfd0-36b9588d9eb5 from datanode aa0cb613-fc94-4131-90ab-17bcd78458c4(localhost/127.0.0.1). Reason : Chunks directory /home/runner/work/ozone/ozone/hadoop-ozone/integration-test/target/test-dir/MiniOzoneClusterImpl-09c4c6e1-5ab0-4195-ac7b-5aec6defaa36/ozone-meta/datanode-2/data-0/hdds/09c4c6e1-5ab0-4195-ac7b-5aec6defaa36/current/containerDir0/7/chunks does not exist.
2025-07-19 06:07:47,659 [EventQueue-PipelineActionsForPipelineActionHandler] INFO  pipeline.PipelineActionHandler (PipelineActionHandler.java:processPipelineAction(89)) - Received pipeline action CLOSE for Pipeline-850d62e6-9d07-48c2-bfd0-36b9588d9eb5 from datanode aa0cb613-fc94-4131-90ab-17bcd78458c4(localhost/127.0.0.1). Reason : Chunks directory /home/runner/work/ozone/ozone/hadoop-ozone/integration-test/target/test-dir/MiniOzoneClusterImpl-09c4c6e1-5ab0-4195-ac7b-5aec6defaa36/ozone-meta/datanode-2/data-0/hdds/09c4c6e1-5ab0-4195-ac7b-5aec6defaa36/current/containerDir0/7/chunks does not exist.
2025-07-19 06:07:47,859 [EventQueue-PipelineActionsForPipelineActionHandler] INFO  pipeline.PipelineActionHandler (PipelineActionHandler.java:processPipelineAction(89)) - Received pipeline action CLOSE for Pipeline-850d62e6-9d07-48c2-bfd0-36b9588d9eb5 from datanode aa0cb613-fc94-4131-90ab-17bcd78458c4(localhost/127.0.0.1). Reason : Chunks directory /home/runner/work/ozone/ozone/hadoop-ozone/integration-test/target/test-dir/MiniOzoneClusterImpl-09c4c6e1-5ab0-4195-ac7b-5aec6defaa36/ozone-meta/datanode-2/data-0/hdds/09c4c6e1-5ab0-4195-ac7b-5aec6defaa36/current/containerDir0/7/chunks does not exist.
2025-07-19 06:07:48,060 [EventQueue-PipelineActionsForPipelineActionHandler] INFO  pipeline.PipelineActionHandler (PipelineActionHandler.java:processPipelineAction(89)) - Received pipeline action CLOSE for Pipeline-850d62e6-9d07-48c2-bfd0-36b9588d9eb5 from datanode aa0cb613-fc94-4131-90ab-17bcd78458c4(localhost/127.0.0.1). Reason : Chunks directory /home/runner/work/ozone/ozone/hadoop-ozone/integration-test/target/test-dir/MiniOzoneClusterImpl-09c4c6e1-5ab0-4195-ac7b-5aec6defaa36/ozone-meta/datanode-2/data-0/hdds/09c4c6e1-5ab0-4195-ac7b-5aec6defaa36/current/containerDir0/7/chunks does not exist.
2025-07-19 06:07:48,112 [timer1] INFO  server.GrpcServerProtocolService (GrpcServerProtocolService.java:lambda$onCompleted$6(171)) - e80b39d0-2325-4ff7-b450-1b10ae88e746: Completed APPEND_ENTRIES, lastRequest: cfedd3f1-5d02-4847-a363-6f2972b00a97->e80b39d0-2325-4ff7-b450-1b10ae88e746#1-t1,previous=<PROTO_DEFAULT>,leaderCommit=-1,initializing? false,entries: size=1, first=(t:1, i:0), CONFIGURATIONENTRY(current:id:"cfedd3f1-5d02-4847-a363-6f2972b00a97"address:"127.0.0.1:15039"priority:1dataStreamAddress:"127.0.0.1:15040"clientAddress:"127.0.0.1:15037"adminAddress:"127.0.0.1:15038"startupRole:FOLLOWER, id:"e80b39d0-2325-4ff7-b450-1b10ae88e746"address:"127.0.0.1:15055"dataStreamAddress:"127.0.0.1:15056"clientAddress:"127.0.0.1:15053"adminAddress:"127.0.0.1:15054"startupRole:FOLLOWER, id:"d1f2401f-ce3c-4cd7-b613-e85afa8c39c7"address:"127.0.0.1:15047"dataStreamAddress:"127.0.0.1:15048"clientAddress:"127.0.0.1:15045"adminAddress:"127.0.0.1:15046"startupRole:FOLLOWER, old:)  (Repeated 2 times in the last 5.002s)
2025-07-19 06:07:48,114 [timer2] INFO  server.GrpcServerProtocolService (GrpcServerProtocolService.java:lambda$null$7(175)) - e80b39d0-2325-4ff7-b450-1b10ae88e746: Completed APPEND_ENTRIES, lastReply: serverReply {
  requestorId: "cfedd3f1-5d02-4847-a363-6f2972b00a97"
  replyId: "e80b39d0-2325-4ff7-b450-1b10ae88e746"
  raftGroupId {
    id: "\033t\361x\354\021D\240\241\254MV\031\303\330\266"
  }
  callId: 15
  success: true
}
term: 1
nextIndex: 1
matchIndex: 18446744073709551615
isHearbeat: true
  (Repeated 2 times in the last 5.004s)
2025-07-19 06:07:48,125 [timer3] INFO  server.GrpcServerProtocolService (GrpcServerProtocolService.java:lambda$onCompleted$6(171)) - d1f2401f-ce3c-4cd7-b613-e85afa8c39c7: Completed APPEND_ENTRIES, lastRequest: null  (Repeated 2 times in the last 5.016s)
2025-07-19 06:07:48,127 [timer4] INFO  server.GrpcServerProtocolService (GrpcServerProtocolService.java:lambda$null$7(175)) - d1f2401f-ce3c-4cd7-b613-e85afa8c39c7: Completed APPEND_ENTRIES, lastReply: null  (Repeated 2 times in the last 5.017s)
2025-07-19 06:07:48,129 [timer5] WARN  server.GrpcLogAppender (LogUtils.java:warn(127)) - d1f2401f-ce3c-4cd7-b613-e85afa8c39c7@group-51802BB6A696->cfedd3f1-5d02-4847-a363-6f2972b00a97-AppendLogResponseHandler: Failed appendEntries (Repeated 8 times in the last 5.000s): org.apache.ratis.thirdparty.io.grpc.StatusRuntimeException: UNAVAILABLE: io exception
  Caused by: org.apache.ratis.thirdparty.io.netty.channel.AbstractChannel$AnnotatedConnectException: finishConnect(..) failed: Connection refused: /127.0.0.1:15039
  Caused by: java.net.ConnectException: finishConnect(..) failed: Connection refused
2025-07-19 06:07:48,130 [timer6] WARN  server.GrpcLogAppender (GrpcLogAppender.java:lambda$resetClient$1(228)) - d1f2401f-ce3c-4cd7-b613-e85afa8c39c7@group-51802BB6A696->cfedd3f1-5d02-4847-a363-6f2972b00a97-GrpcLogAppender: Follower failed (request=null, errorCount=8); keep nextIndex (5) unchanged and retry. (Repeated 8 times in the last 4.999s)
2025-07-19 06:07:48,260 [EventQueue-PipelineActionsForPipelineActionHandler] INFO  pipeline.PipelineActionHandler (PipelineActionHandler.java:processPipelineAction(89)) - Received pipeline action CLOSE for Pipeline-850d62e6-9d07-48c2-bfd0-36b9588d9eb5 from datanode aa0cb613-fc94-4131-90ab-17bcd78458c4(localhost/127.0.0.1). Reason : Chunks directory /home/runner/work/ozone/ozone/hadoop-ozone/integration-test/target/test-dir/MiniOzoneClusterImpl-09c4c6e1-5ab0-4195-ac7b-5aec6defaa36/ozone-meta/datanode-2/data-0/hdds/09c4c6e1-5ab0-4195-ac7b-5aec6defaa36/current/containerDir0/7/chunks does not exist.
2025-07-19 06:07:48,417 [d1f2401f-ce3c-4cd7-b613-e85afa8c39c7@group-4D5619C3D8B6-FollowerState] INFO  impl.FollowerState (FollowerState.java:runImpl(161)) - d1f2401f-ce3c-4cd7-b613-e85afa8c39c7@group-4D5619C3D8B6-FollowerState: change to CANDIDATE, lastRpcElapsedTime:5506302998ns, electionTimeout:5098ms
2025-07-19 06:07:48,417 [d1f2401f-ce3c-4cd7-b613-e85afa8c39c7@group-4D5619C3D8B6-FollowerState] INFO  impl.RoleInfo (RoleInfo.java:shutdownFollowerState(121)) - d1f2401f-ce3c-4cd7-b613-e85afa8c39c7: shutdown d1f2401f-ce3c-4cd7-b613-e85afa8c39c7@group-4D5619C3D8B6-FollowerState
2025-07-19 06:07:48,417 [d1f2401f-ce3c-4cd7-b613-e85afa8c39c7@group-4D5619C3D8B6-FollowerState] INFO  server.RaftServer$Division (RaftServerImpl.java:setRole(392)) - d1f2401f-ce3c-4cd7-b613-e85afa8c39c7@group-4D5619C3D8B6: changes role from  FOLLOWER to CANDIDATE at term 1 for changeToCandidate
2025-07-19 06:07:48,417 [d1f2401f-ce3c-4cd7-b613-e85afa8c39c7@group-4D5619C3D8B6-FollowerState] INFO  impl.RoleInfo (RoleInfo.java:updateAndGet(148)) - d1f2401f-ce3c-4cd7-b613-e85afa8c39c7: start d1f2401f-ce3c-4cd7-b613-e85afa8c39c7@group-4D5619C3D8B6-LeaderElection22
2025-07-19 06:07:48,418 [d1f2401f-ce3c-4cd7-b613-e85afa8c39c7@group-4D5619C3D8B6-LeaderElection22] INFO  server.RaftServer$Division (ServerState.java:setLeader(272)) - d1f2401f-ce3c-4cd7-b613-e85afa8c39c7@group-4D5619C3D8B6: change Leader from cfedd3f1-5d02-4847-a363-6f2972b00a97 to null at term 1 for PRE_VOTE
2025-07-19 06:07:48,418 [d1f2401f-ce3c-4cd7-b613-e85afa8c39c7@group-4D5619C3D8B6-LeaderElection22] INFO  impl.LeaderElection (LeaderElection.java:askForVotes(448)) - d1f2401f-ce3c-4cd7-b613-e85afa8c39c7@group-4D5619C3D8B6-LeaderElection22 PRE_VOTE round 0: submit vote requests at term 1 for conf: {index: 0, cur=peers:[cfedd3f1-5d02-4847-a363-6f2972b00a97|127.0.0.1:15039, e80b39d0-2325-4ff7-b450-1b10ae88e746|127.0.0.1:15055, d1f2401f-ce3c-4cd7-b613-e85afa8c39c7|127.0.0.1:15047]|listeners:[], old=null}
2025-07-19 06:07:48,419 [grpc-default-executor-3] INFO  server.RaftServer$Division (RaftServerImpl.java:requestVote(1421)) - e80b39d0-2325-4ff7-b450-1b10ae88e746@group-4D5619C3D8B6: receive requestVote(PRE_VOTE, d1f2401f-ce3c-4cd7-b613-e85afa8c39c7, group-4D5619C3D8B6, 1, (t:1, i:0))
2025-07-19 06:07:48,420 [grpc-default-executor-3] INFO  impl.VoteContext (VoteContext.java:log(49)) - e80b39d0-2325-4ff7-b450-1b10ae88e746@group-4D5619C3D8B6-FOLLOWER: accept PRE_VOTE from d1f2401f-ce3c-4cd7-b613-e85afa8c39c7: our priority 0 <= candidate's priority 0
2025-07-19 06:07:48,420 [grpc-default-executor-2] WARN  server.GrpcServerProtocolService (LogUtils.java:warn(129)) - cfedd3f1-5d02-4847-a363-6f2972b00a97: Failed requestVote d1f2401f-ce3c-4cd7-b613-e85afa8c39c7->cfedd3f1-5d02-4847-a363-6f2972b00a97#0
org.apache.ratis.protocol.exceptions.GroupMismatchException: cfedd3f1-5d02-4847-a363-6f2972b00a97: group-4D5619C3D8B6 not found.
	at org.apache.ratis.server.impl.RaftServerProxy$ImplMap.get(RaftServerProxy.java:160)
	at org.apache.ratis.server.impl.RaftServerProxy.getImplFuture(RaftServerProxy.java:370)
	at org.apache.ratis.server.impl.RaftServerProxy.getImpl(RaftServerProxy.java:379)
	at org.apache.ratis.server.impl.RaftServerProxy.getImpl(RaftServerProxy.java:374)
	at org.apache.ratis.server.impl.RaftServerProxy.requestVote(RaftServerProxy.java:639)
	at org.apache.ratis.grpc.server.GrpcServerProtocolService.requestVote(GrpcServerProtocolService.java:208)
	at org.apache.ratis.proto.grpc.RaftServerProtocolServiceGrpc$MethodHandlers.invoke(RaftServerProtocolServiceGrpc.java:499)
	at org.apache.ratis.thirdparty.io.grpc.stub.ServerCalls$UnaryServerCallHandler$UnaryServerCallListener.onHalfClose(ServerCalls.java:182)
	at org.apache.ratis.thirdparty.io.grpc.internal.ServerCallImpl$ServerStreamListenerImpl.halfClosed(ServerCallImpl.java:356)
	at org.apache.ratis.thirdparty.io.grpc.internal.ServerImpl$JumpToApplicationThreadServerStreamListener$1HalfClosed.runInContext(ServerImpl.java:861)
	at org.apache.ratis.thirdparty.io.grpc.internal.ContextRunnable.run(ContextRunnable.java:37)
	at org.apache.ratis.thirdparty.io.grpc.internal.SerializingExecutor.run(SerializingExecutor.java:133)
	at java.base/java.util.concurrent.ThreadPoolExecutor.runWorker(ThreadPoolExecutor.java:1144)
	at java.base/java.util.concurrent.ThreadPoolExecutor$Worker.run(ThreadPoolExecutor.java:642)
	at java.base/java.lang.Thread.run(Thread.java:1583)
2025-07-19 06:07:48,420 [grpc-default-executor-3] INFO  server.RaftServer$Division (RaftServerImpl.java:requestVote(1455)) - e80b39d0-2325-4ff7-b450-1b10ae88e746@group-4D5619C3D8B6 replies to PRE_VOTE vote request: d1f2401f-ce3c-4cd7-b613-e85afa8c39c7<-e80b39d0-2325-4ff7-b450-1b10ae88e746#0:OK-t1-last:(t:1, i:0). Peer's state: e80b39d0-2325-4ff7-b450-1b10ae88e746@group-4D5619C3D8B6:t1, leader=cfedd3f1-5d02-4847-a363-6f2972b00a97, voted=cfedd3f1-5d02-4847-a363-6f2972b00a97, raftlog=Memoized:e80b39d0-2325-4ff7-b450-1b10ae88e746@group-4D5619C3D8B6-SegmentedRaftLog:OPENED:c0:last(t:1, i:0), conf=conf: {index: 0, cur=peers:[cfedd3f1-5d02-4847-a363-6f2972b00a97|127.0.0.1:15039, e80b39d0-2325-4ff7-b450-1b10ae88e746|127.0.0.1:15055, d1f2401f-ce3c-4cd7-b613-e85afa8c39c7|127.0.0.1:15047]|listeners:[], old=null}
2025-07-19 06:07:48,422 [d1f2401f-ce3c-4cd7-b613-e85afa8c39c7@group-4D5619C3D8B6-LeaderElection22] INFO  impl.LeaderElection (LogUtils.java:infoOrTrace(142)) - d1f2401f-ce3c-4cd7-b613-e85afa8c39c7@group-4D5619C3D8B6-LeaderElection22 got exception when requesting votes: java.util.concurrent.ExecutionException: org.apache.ratis.thirdparty.io.grpc.StatusRuntimeException: INTERNAL: cfedd3f1-5d02-4847-a363-6f2972b00a97: group-4D5619C3D8B6 not found.
2025-07-19 06:07:48,422 [d1f2401f-ce3c-4cd7-b613-e85afa8c39c7@group-4D5619C3D8B6-LeaderElection22] INFO  impl.LeaderElection (LeaderElection.java:logAndReturn(206)) - d1f2401f-ce3c-4cd7-b613-e85afa8c39c7@group-4D5619C3D8B6-LeaderElection22: PRE_VOTE PASSED received 1 response(s) and 1 exception(s):
2025-07-19 06:07:48,422 [d1f2401f-ce3c-4cd7-b613-e85afa8c39c7@group-4D5619C3D8B6-LeaderElection22] INFO  impl.LeaderElection (LeaderElection.java:logAndReturn(210)) -   Response 0: d1f2401f-ce3c-4cd7-b613-e85afa8c39c7<-e80b39d0-2325-4ff7-b450-1b10ae88e746#0:OK-t1-last:(t:1, i:0)
2025-07-19 06:07:48,422 [d1f2401f-ce3c-4cd7-b613-e85afa8c39c7@group-4D5619C3D8B6-LeaderElection22] INFO  impl.LeaderElection (LogUtils.java:infoOrTrace(142)) -   Exception 1: java.util.concurrent.ExecutionException: org.apache.ratis.thirdparty.io.grpc.StatusRuntimeException: INTERNAL: cfedd3f1-5d02-4847-a363-6f2972b00a97: group-4D5619C3D8B6 not found.
2025-07-19 06:07:48,422 [d1f2401f-ce3c-4cd7-b613-e85afa8c39c7@group-4D5619C3D8B6-LeaderElection22] INFO  impl.LeaderElection (LeaderElection.java:askForVotes(450)) - d1f2401f-ce3c-4cd7-b613-e85afa8c39c7@group-4D5619C3D8B6-LeaderElection22 PRE_VOTE round 0: result PASSED
2025-07-19 06:07:48,424 [d1f2401f-ce3c-4cd7-b613-e85afa8c39c7@group-4D5619C3D8B6-LeaderElection22] INFO  impl.LeaderElection (LeaderElection.java:askForVotes(448)) - d1f2401f-ce3c-4cd7-b613-e85afa8c39c7@group-4D5619C3D8B6-LeaderElection22 ELECTION round 0: submit vote requests at term 2 for conf: {index: 0, cur=peers:[cfedd3f1-5d02-4847-a363-6f2972b00a97|127.0.0.1:15039, e80b39d0-2325-4ff7-b450-1b10ae88e746|127.0.0.1:15055, d1f2401f-ce3c-4cd7-b613-e85afa8c39c7|127.0.0.1:15047]|listeners:[], old=null}
2025-07-19 06:07:48,425 [grpc-default-executor-2] WARN  server.GrpcServerProtocolService (LogUtils.java:warn(129)) - cfedd3f1-5d02-4847-a363-6f2972b00a97: Failed requestVote d1f2401f-ce3c-4cd7-b613-e85afa8c39c7->cfedd3f1-5d02-4847-a363-6f2972b00a97#0
org.apache.ratis.protocol.exceptions.GroupMismatchException: cfedd3f1-5d02-4847-a363-6f2972b00a97: group-4D5619C3D8B6 not found.
	at org.apache.ratis.server.impl.RaftServerProxy$ImplMap.get(RaftServerProxy.java:160)
	at org.apache.ratis.server.impl.RaftServerProxy.getImplFuture(RaftServerProxy.java:370)
	at org.apache.ratis.server.impl.RaftServerProxy.getImpl(RaftServerProxy.java:379)
	at org.apache.ratis.server.impl.RaftServerProxy.getImpl(RaftServerProxy.java:374)
	at org.apache.ratis.server.impl.RaftServerProxy.requestVote(RaftServerProxy.java:639)
	at org.apache.ratis.grpc.server.GrpcServerProtocolService.requestVote(GrpcServerProtocolService.java:208)
	at org.apache.ratis.proto.grpc.RaftServerProtocolServiceGrpc$MethodHandlers.invoke(RaftServerProtocolServiceGrpc.java:499)
	at org.apache.ratis.thirdparty.io.grpc.stub.ServerCalls$UnaryServerCallHandler$UnaryServerCallListener.onHalfClose(ServerCalls.java:182)
	at org.apache.ratis.thirdparty.io.grpc.internal.ServerCallImpl$ServerStreamListenerImpl.halfClosed(ServerCallImpl.java:356)
	at org.apache.ratis.thirdparty.io.grpc.internal.ServerImpl$JumpToApplicationThreadServerStreamListener$1HalfClosed.runInContext(ServerImpl.java:861)
	at org.apache.ratis.thirdparty.io.grpc.internal.ContextRunnable.run(ContextRunnable.java:37)
	at org.apache.ratis.thirdparty.io.grpc.internal.SerializingExecutor.run(SerializingExecutor.java:133)
	at java.base/java.util.concurrent.ThreadPoolExecutor.runWorker(ThreadPoolExecutor.java:1144)
	at java.base/java.util.concurrent.ThreadPoolExecutor$Worker.run(ThreadPoolExecutor.java:642)
	at java.base/java.lang.Thread.run(Thread.java:1583)
2025-07-19 06:07:48,425 [grpc-default-executor-3] INFO  server.RaftServer$Division (RaftServerImpl.java:requestVote(1421)) - e80b39d0-2325-4ff7-b450-1b10ae88e746@group-4D5619C3D8B6: receive requestVote(ELECTION, d1f2401f-ce3c-4cd7-b613-e85afa8c39c7, group-4D5619C3D8B6, 2, (t:1, i:0))
2025-07-19 06:07:48,425 [grpc-default-executor-3] INFO  impl.VoteContext (VoteContext.java:log(49)) - e80b39d0-2325-4ff7-b450-1b10ae88e746@group-4D5619C3D8B6-FOLLOWER: accept ELECTION from d1f2401f-ce3c-4cd7-b613-e85afa8c39c7: our priority 0 <= candidate's priority 0
2025-07-19 06:07:48,425 [grpc-default-executor-3] INFO  server.RaftServer$Division (RaftServerImpl.java:setRole(392)) - e80b39d0-2325-4ff7-b450-1b10ae88e746@group-4D5619C3D8B6: changes role from  FOLLOWER to FOLLOWER at term 1 for candidate:d1f2401f-ce3c-4cd7-b613-e85afa8c39c7
2025-07-19 06:07:48,425 [grpc-default-executor-3] INFO  impl.RoleInfo (RoleInfo.java:shutdownFollowerState(121)) - e80b39d0-2325-4ff7-b450-1b10ae88e746: shutdown e80b39d0-2325-4ff7-b450-1b10ae88e746@group-4D5619C3D8B6-FollowerState
2025-07-19 06:07:48,425 [grpc-default-executor-3] INFO  server.RaftServer$Division (ServerState.java:setLeader(272)) - e80b39d0-2325-4ff7-b450-1b10ae88e746@group-4D5619C3D8B6: change Leader from cfedd3f1-5d02-4847-a363-6f2972b00a97 to null at term 2 for updateCurrentTerm
2025-07-19 06:07:48,425 [grpc-default-executor-3] INFO  impl.RoleInfo (RoleInfo.java:updateAndGet(148)) - e80b39d0-2325-4ff7-b450-1b10ae88e746: start e80b39d0-2325-4ff7-b450-1b10ae88e746@group-4D5619C3D8B6-FollowerState
2025-07-19 06:07:48,425 [e80b39d0-2325-4ff7-b450-1b10ae88e746@group-4D5619C3D8B6-FollowerState] INFO  impl.FollowerState (FollowerState.java:runImpl(170)) - e80b39d0-2325-4ff7-b450-1b10ae88e746@group-4D5619C3D8B6-FollowerState was interrupted
2025-07-19 06:07:48,426 [d1f2401f-ce3c-4cd7-b613-e85afa8c39c7@group-4D5619C3D8B6-LeaderElection22] INFO  impl.LeaderElection (LogUtils.java:infoOrTrace(142)) - d1f2401f-ce3c-4cd7-b613-e85afa8c39c7@group-4D5619C3D8B6-LeaderElection22 got exception when requesting votes: java.util.concurrent.ExecutionException: org.apache.ratis.thirdparty.io.grpc.StatusRuntimeException: INTERNAL: cfedd3f1-5d02-4847-a363-6f2972b00a97: group-4D5619C3D8B6 not found.
2025-07-19 06:07:48,429 [grpc-default-executor-3] INFO  server.RaftServer$Division (RaftServerImpl.java:requestVote(1455)) - e80b39d0-2325-4ff7-b450-1b10ae88e746@group-4D5619C3D8B6 replies to ELECTION vote request: d1f2401f-ce3c-4cd7-b613-e85afa8c39c7<-e80b39d0-2325-4ff7-b450-1b10ae88e746#0:OK-t2-last:(t:1, i:0). Peer's state: e80b39d0-2325-4ff7-b450-1b10ae88e746@group-4D5619C3D8B6:t2, leader=null, voted=d1f2401f-ce3c-4cd7-b613-e85afa8c39c7, raftlog=Memoized:e80b39d0-2325-4ff7-b450-1b10ae88e746@group-4D5619C3D8B6-SegmentedRaftLog:OPENED:c0:last(t:1, i:0), conf=conf: {index: 0, cur=peers:[cfedd3f1-5d02-4847-a363-6f2972b00a97|127.0.0.1:15039, e80b39d0-2325-4ff7-b450-1b10ae88e746|127.0.0.1:15055, d1f2401f-ce3c-4cd7-b613-e85afa8c39c7|127.0.0.1:15047]|listeners:[], old=null}
2025-07-19 06:07:48,430 [d1f2401f-ce3c-4cd7-b613-e85afa8c39c7@group-4D5619C3D8B6-LeaderElection22] INFO  impl.LeaderElection (LeaderElection.java:logAndReturn(206)) - d1f2401f-ce3c-4cd7-b613-e85afa8c39c7@group-4D5619C3D8B6-LeaderElection22: ELECTION PASSED received 1 response(s) and 1 exception(s):
2025-07-19 06:07:48,430 [d1f2401f-ce3c-4cd7-b613-e85afa8c39c7@group-4D5619C3D8B6-LeaderElection22] INFO  impl.LeaderElection (LeaderElection.java:logAndReturn(210)) -   Response 0: d1f2401f-ce3c-4cd7-b613-e85afa8c39c7<-e80b39d0-2325-4ff7-b450-1b10ae88e746#0:OK-t2-last:(t:1, i:0)
2025-07-19 06:07:48,430 [d1f2401f-ce3c-4cd7-b613-e85afa8c39c7@group-4D5619C3D8B6-LeaderElection22] INFO  impl.LeaderElection (LogUtils.java:infoOrTrace(142)) -   Exception 1: java.util.concurrent.ExecutionException: org.apache.ratis.thirdparty.io.grpc.StatusRuntimeException: INTERNAL: cfedd3f1-5d02-4847-a363-6f2972b00a97: group-4D5619C3D8B6 not found.
2025-07-19 06:07:48,430 [d1f2401f-ce3c-4cd7-b613-e85afa8c39c7@group-4D5619C3D8B6-LeaderElection22] INFO  impl.LeaderElection (LeaderElection.java:askForVotes(450)) - d1f2401f-ce3c-4cd7-b613-e85afa8c39c7@group-4D5619C3D8B6-LeaderElection22 ELECTION round 0: result PASSED
2025-07-19 06:07:48,430 [d1f2401f-ce3c-4cd7-b613-e85afa8c39c7@group-4D5619C3D8B6-LeaderElection22] INFO  impl.RoleInfo (RoleInfo.java:shutdownLeaderElection(141)) - d1f2401f-ce3c-4cd7-b613-e85afa8c39c7: shutdown d1f2401f-ce3c-4cd7-b613-e85afa8c39c7@group-4D5619C3D8B6-LeaderElection22
2025-07-19 06:07:48,430 [d1f2401f-ce3c-4cd7-b613-e85afa8c39c7@group-4D5619C3D8B6-LeaderElection22] INFO  server.RaftServer$Division (RaftServerImpl.java:setRole(392)) - d1f2401f-ce3c-4cd7-b613-e85afa8c39c7@group-4D5619C3D8B6: changes role from CANDIDATE to LEADER at term 2 for changeToLeader
2025-07-19 06:07:48,430 [d1f2401f-ce3c-4cd7-b613-e85afa8c39c7@group-4D5619C3D8B6-LeaderElection22] INFO  server.RaftServerConfigKeys (ConfUtils.java:logFallback(69)) - raft.server.staging.timeout = 15600ms (fallback to raft.server.rpc.timeout.max)
2025-07-19 06:07:48,431 [d1f2401f-ce3c-4cd7-b613-e85afa8c39c7@group-4D5619C3D8B6-LeaderElection22] INFO  server.RaftServerConfigKeys (ConfUtils.java:logGet(62)) - raft.server.write.byte-limit = 1024 M (=1073741824) (custom)
2025-07-19 06:07:48,432 [d1f2401f-ce3c-4cd7-b613-e85afa8c39c7@group-4D5619C3D8B6-LeaderElection22] INFO  server.RaftServerConfigKeys (ConfUtils.java:logGet(62)) - raft.server.log.appender.buffer.byte-limit = 33554432 (custom)
2025-07-19 06:07:48,434 [d1f2401f-ce3c-4cd7-b613-e85afa8c39c7@group-4D5619C3D8B6-LeaderElection22] INFO  server.RaftServerConfigKeys (ConfUtils.java:logGet(62)) - raft.server.log.appender.buffer.byte-limit = 33554432 (custom)
2025-07-19 06:07:48,434 [d1f2401f-ce3c-4cd7-b613-e85afa8c39c7@group-4D5619C3D8B6-LeaderElection22] INFO  impl.RoleInfo (RoleInfo.java:updateAndGet(148)) - d1f2401f-ce3c-4cd7-b613-e85afa8c39c7: start d1f2401f-ce3c-4cd7-b613-e85afa8c39c7@group-4D5619C3D8B6-LeaderStateImpl
2025-07-19 06:07:48,434 [d1f2401f-ce3c-4cd7-b613-e85afa8c39c7@group-4D5619C3D8B6-LeaderElection22] INFO  ratis.XceiverServerRatis (XceiverServerRatis.java:handleLeaderChangedNotification(944)) - Leader change notification received for group: group-4D5619C3D8B6 with new leaderId: d1f2401f-ce3c-4cd7-b613-e85afa8c39c7
2025-07-19 06:07:48,435 [d1f2401f-ce3c-4cd7-b613-e85afa8c39c7@group-4D5619C3D8B6-LeaderElection22] INFO  server.RaftServer$Division (ServerState.java:setLeader(272)) - d1f2401f-ce3c-4cd7-b613-e85afa8c39c7@group-4D5619C3D8B6: change Leader from null to d1f2401f-ce3c-4cd7-b613-e85afa8c39c7 at term 2 for becomeLeader, leader elected after 16ms
2025-07-19 06:07:48,435 [d1f2401f-ce3c-4cd7-b613-e85afa8c39c7@group-4D5619C3D8B6-LeaderElection22] INFO  segmented.SegmentedRaftLogWorker (SegmentedRaftLogWorker.java:rollLogSegment(445)) - d1f2401f-ce3c-4cd7-b613-e85afa8c39c7@group-4D5619C3D8B6-SegmentedRaftLogWorker: Rolling segment log-0_0 to index:0
2025-07-19 06:07:48,435 [d1f2401f-ce3c-4cd7-b613-e85afa8c39c7@group-4D5619C3D8B6-LeaderElection22] INFO  server.RaftServer$Division (ServerState.java:setRaftConf(386)) - d1f2401f-ce3c-4cd7-b613-e85afa8c39c7@group-4D5619C3D8B6: set configuration conf: {index: 1, cur=peers:[cfedd3f1-5d02-4847-a363-6f2972b00a97|127.0.0.1:15039, e80b39d0-2325-4ff7-b450-1b10ae88e746|127.0.0.1:15055, d1f2401f-ce3c-4cd7-b613-e85afa8c39c7|127.0.0.1:15047]|listeners:[], old=null}
2025-07-19 06:07:48,436 [d1f2401f-ce3c-4cd7-b613-e85afa8c39c7@group-4D5619C3D8B6-SegmentedRaftLogWorker] INFO  segmented.SegmentedRaftLogWorker (SegmentedRaftLogWorker.java:execute(604)) - d1f2401f-ce3c-4cd7-b613-e85afa8c39c7@group-4D5619C3D8B6-SegmentedRaftLogWorker: Rolled log segment from /home/runner/work/ozone/ozone/hadoop-ozone/integration-test/target/test-dir/MiniOzoneClusterImpl-09c4c6e1-5ab0-4195-ac7b-5aec6defaa36/ozone-meta/datanode-5/ratis/1b74f178-ec11-44a0-a1ac-4d5619c3d8b6/current/log_inprogress_0 to /home/runner/work/ozone/ozone/hadoop-ozone/integration-test/target/test-dir/MiniOzoneClusterImpl-09c4c6e1-5ab0-4195-ac7b-5aec6defaa36/ozone-meta/datanode-5/ratis/1b74f178-ec11-44a0-a1ac-4d5619c3d8b6/current/log_0-0
2025-07-19 06:07:48,437 [d1f2401f-ce3c-4cd7-b613-e85afa8c39c7@group-4D5619C3D8B6-SegmentedRaftLogWorker] INFO  segmented.BufferedWriteChannel (BufferedWriteChannel.java:open(61)) - open log_inprogress_1 at position 0
2025-07-19 06:07:48,439 [grpc-default-executor-3] INFO  ratis.XceiverServerRatis (XceiverServerRatis.java:handleLeaderChangedNotification(944)) - Leader change notification received for group: group-4D5619C3D8B6 with new leaderId: d1f2401f-ce3c-4cd7-b613-e85afa8c39c7
2025-07-19 06:07:48,439 [grpc-default-executor-3] INFO  server.RaftServer$Division (ServerState.java:setLeader(272)) - e80b39d0-2325-4ff7-b450-1b10ae88e746@group-4D5619C3D8B6: change Leader from null to d1f2401f-ce3c-4cd7-b613-e85afa8c39c7 at term 2 for appendEntries, leader elected after 14ms
2025-07-19 06:07:48,440 [grpc-default-executor-3] WARN  server.GrpcServerProtocolService (LogUtils.java:warn(129)) - cfedd3f1-5d02-4847-a363-6f2972b00a97: Failed APPEND_ENTRIES request d1f2401f-ce3c-4cd7-b613-e85afa8c39c7->cfedd3f1-5d02-4847-a363-6f2972b00a97#1-t2,previous=(t:1, i:0),leaderCommit=0,initializing? false,entries: size=1, first=(t:2, i:1), CONFIGURATIONENTRY(current:id:"cfedd3f1-5d02-4847-a363-6f2972b00a97"address:"127.0.0.1:15039"priority:1dataStreamAddress:"127.0.0.1:15040"clientAddress:"127.0.0.1:15037"adminAddress:"127.0.0.1:15038"startupRole:FOLLOWER, id:"e80b39d0-2325-4ff7-b450-1b10ae88e746"address:"127.0.0.1:15055"dataStreamAddress:"127.0.0.1:15056"clientAddress:"127.0.0.1:15053"adminAddress:"127.0.0.1:15054"startupRole:FOLLOWER, id:"d1f2401f-ce3c-4cd7-b613-e85afa8c39c7"address:"127.0.0.1:15047"dataStreamAddress:"127.0.0.1:15048"clientAddress:"127.0.0.1:15045"adminAddress:"127.0.0.1:15046"startupRole:FOLLOWER, old:)
java.util.concurrent.CompletionException: org.apache.ratis.protocol.exceptions.GroupMismatchException: cfedd3f1-5d02-4847-a363-6f2972b00a97: group-4D5619C3D8B6 not found.
	at java.base/java.util.concurrent.CompletableFuture.encodeThrowable(CompletableFuture.java:332)
	at java.base/java.util.concurrent.CompletableFuture.uniComposeStage(CompletableFuture.java:1177)
	at java.base/java.util.concurrent.CompletableFuture.thenCompose(CompletableFuture.java:2341)
	at org.apache.ratis.server.impl.RaftServerProxy.appendEntriesAsync(RaftServerProxy.java:651)
	at org.apache.ratis.grpc.server.GrpcServerProtocolService$1.process(GrpcServerProtocolService.java:245)
	at org.apache.ratis.grpc.server.GrpcServerProtocolService$1.process(GrpcServerProtocolService.java:242)
	at org.apache.ratis.grpc.server.GrpcServerProtocolService$ServerRequestStreamObserver.onNext(GrpcServerProtocolService.java:150)
	at org.apache.ratis.thirdparty.io.grpc.stub.ServerCalls$StreamingServerCallHandler$StreamingServerCallListener.onMessage(ServerCalls.java:262)
	at org.apache.ratis.thirdparty.io.grpc.internal.ServerCallImpl$ServerStreamListenerImpl.messagesAvailableInternal(ServerCallImpl.java:334)
	at org.apache.ratis.thirdparty.io.grpc.internal.ServerCallImpl$ServerStreamListenerImpl.messagesAvailable(ServerCallImpl.java:319)
	at org.apache.ratis.thirdparty.io.grpc.internal.ServerImpl$JumpToApplicationThreadServerStreamListener$1MessagesAvailable.runInContext(ServerImpl.java:834)
	at org.apache.ratis.thirdparty.io.grpc.internal.ContextRunnable.run(ContextRunnable.java:37)
	at org.apache.ratis.thirdparty.io.grpc.internal.SerializingExecutor.run(SerializingExecutor.java:133)
	at java.base/java.util.concurrent.ThreadPoolExecutor.runWorker(ThreadPoolExecutor.java:1144)
	at java.base/java.util.concurrent.ThreadPoolExecutor$Worker.run(ThreadPoolExecutor.java:642)
	at java.base/java.lang.Thread.run(Thread.java:1583)
Caused by: org.apache.ratis.protocol.exceptions.GroupMismatchException: cfedd3f1-5d02-4847-a363-6f2972b00a97: group-4D5619C3D8B6 not found.
	at org.apache.ratis.server.impl.RaftServerProxy$ImplMap.get(RaftServerProxy.java:160)
	at org.apache.ratis.server.impl.RaftServerProxy.getImplFuture(RaftServerProxy.java:370)
	at org.apache.ratis.server.impl.RaftServerProxy.appendEntriesAsync(RaftServerProxy.java:650)
	... 12 more
2025-07-19 06:07:48,441 [grpc-default-executor-4] INFO  server.RaftServer$Division (ServerState.java:setRaftConf(386)) - e80b39d0-2325-4ff7-b450-1b10ae88e746@group-4D5619C3D8B6: set configuration conf: {index: 1, cur=peers:[cfedd3f1-5d02-4847-a363-6f2972b00a97|127.0.0.1:15039, e80b39d0-2325-4ff7-b450-1b10ae88e746|127.0.0.1:15055, d1f2401f-ce3c-4cd7-b613-e85afa8c39c7|127.0.0.1:15047]|listeners:[], old=null}
2025-07-19 06:07:48,441 [grpc-default-executor-4] INFO  segmented.SegmentedRaftLogWorker (SegmentedRaftLogWorker.java:rollLogSegment(445)) - e80b39d0-2325-4ff7-b450-1b10ae88e746@group-4D5619C3D8B6-SegmentedRaftLogWorker: Rolling segment log-0_0 to index:0
2025-07-19 06:07:48,443 [e80b39d0-2325-4ff7-b450-1b10ae88e746@group-4D5619C3D8B6-SegmentedRaftLogWorker] INFO  segmented.SegmentedRaftLogWorker (SegmentedRaftLogWorker.java:execute(604)) - e80b39d0-2325-4ff7-b450-1b10ae88e746@group-4D5619C3D8B6-SegmentedRaftLogWorker: Rolled log segment from /home/runner/work/ozone/ozone/hadoop-ozone/integration-test/target/test-dir/MiniOzoneClusterImpl-09c4c6e1-5ab0-4195-ac7b-5aec6defaa36/ozone-meta/datanode-6/ratis/1b74f178-ec11-44a0-a1ac-4d5619c3d8b6/current/log_inprogress_0 to /home/runner/work/ozone/ozone/hadoop-ozone/integration-test/target/test-dir/MiniOzoneClusterImpl-09c4c6e1-5ab0-4195-ac7b-5aec6defaa36/ozone-meta/datanode-6/ratis/1b74f178-ec11-44a0-a1ac-4d5619c3d8b6/current/log_0-0
2025-07-19 06:07:48,443 [e80b39d0-2325-4ff7-b450-1b10ae88e746@group-4D5619C3D8B6-SegmentedRaftLogWorker] INFO  segmented.BufferedWriteChannel (BufferedWriteChannel.java:open(61)) - open log_inprogress_1 at position 0
2025-07-19 06:07:48,444 [grpc-default-executor-2] WARN  server.GrpcLogAppender (LogUtils.java:warn(129)) - d1f2401f-ce3c-4cd7-b613-e85afa8c39c7@group-4D5619C3D8B6->cfedd3f1-5d02-4847-a363-6f2972b00a97-AppendLogResponseHandler: Failed appendEntries
org.apache.ratis.protocol.exceptions.GroupMismatchException: cfedd3f1-5d02-4847-a363-6f2972b00a97: group-4D5619C3D8B6 not found.
	at org.apache.ratis.server.impl.RaftServerProxy$ImplMap.get(RaftServerProxy.java:160)
	at org.apache.ratis.server.impl.RaftServerProxy.getImplFuture(RaftServerProxy.java:370)
	at org.apache.ratis.server.impl.RaftServerProxy.appendEntriesAsync(RaftServerProxy.java:650)
	at org.apache.ratis.grpc.server.GrpcServerProtocolService$1.process(GrpcServerProtocolService.java:245)
	at org.apache.ratis.grpc.server.GrpcServerProtocolService$1.process(GrpcServerProtocolService.java:242)
	at org.apache.ratis.grpc.server.GrpcServerProtocolService$ServerRequestStreamObserver.onNext(GrpcServerProtocolService.java:150)
	at org.apache.ratis.thirdparty.io.grpc.stub.ServerCalls$StreamingServerCallHandler$StreamingServerCallListener.onMessage(ServerCalls.java:262)
	at org.apache.ratis.thirdparty.io.grpc.internal.ServerCallImpl$ServerStreamListenerImpl.messagesAvailableInternal(ServerCallImpl.java:334)
	at org.apache.ratis.thirdparty.io.grpc.internal.ServerCallImpl$ServerStreamListenerImpl.messagesAvailable(ServerCallImpl.java:319)
	at org.apache.ratis.thirdparty.io.grpc.internal.ServerImpl$JumpToApplicationThreadServerStreamListener$1MessagesAvailable.runInContext(ServerImpl.java:834)
	at org.apache.ratis.thirdparty.io.grpc.internal.ContextRunnable.run(ContextRunnable.java:37)
	at org.apache.ratis.thirdparty.io.grpc.internal.SerializingExecutor.run(SerializingExecutor.java:133)
	at java.base/java.util.concurrent.ThreadPoolExecutor.runWorker(ThreadPoolExecutor.java:1144)
	at java.base/java.util.concurrent.ThreadPoolExecutor$Worker.run(ThreadPoolExecutor.java:642)
	at java.base/java.lang.Thread.run(Thread.java:1583)
2025-07-19 06:07:48,444 [d1f2401f-ce3c-4cd7-b613-e85afa8c39c7@group-4D5619C3D8B6-SegmentedRaftLogWorker] INFO  segmented.SegmentedRaftLogWorker (SegmentedRaftLogWorker.java:execute(647)) - d1f2401f-ce3c-4cd7-b613-e85afa8c39c7@group-4D5619C3D8B6-SegmentedRaftLogWorker: created new log segment /home/runner/work/ozone/ozone/hadoop-ozone/integration-test/target/test-dir/MiniOzoneClusterImpl-09c4c6e1-5ab0-4195-ac7b-5aec6defaa36/ozone-meta/datanode-5/ratis/1b74f178-ec11-44a0-a1ac-4d5619c3d8b6/current/log_inprogress_1
2025-07-19 06:07:48,444 [grpc-default-executor-2] INFO  leader.LogAppender (LogAppenderBase.java:lambda$getNextIndexForError$0(215)) - Decrease nextIndex to 1
2025-07-19 06:07:48,444 [grpc-default-executor-2] INFO  leader.LogAppender (LogAppenderBase.java:lambda$getNextIndexForError$0(215)) - Decrease nextIndex to 1
2025-07-19 06:07:48,444 [grpc-default-executor-2] INFO  leader.FollowerInfo (FollowerInfoImpl.java:info(70)) - d1f2401f-ce3c-4cd7-b613-e85afa8c39c7@group-4D5619C3D8B6->cfedd3f1-5d02-4847-a363-6f2972b00a97: computeNextIndex nextIndex: updateUnconditionally 2 -> 1
2025-07-19 06:07:48,449 [e80b39d0-2325-4ff7-b450-1b10ae88e746@group-4D5619C3D8B6-SegmentedRaftLogWorker] INFO  segmented.SegmentedRaftLogWorker (SegmentedRaftLogWorker.java:execute(647)) - e80b39d0-2325-4ff7-b450-1b10ae88e746@group-4D5619C3D8B6-SegmentedRaftLogWorker: created new log segment /home/runner/work/ozone/ozone/hadoop-ozone/integration-test/target/test-dir/MiniOzoneClusterImpl-09c4c6e1-5ab0-4195-ac7b-5aec6defaa36/ozone-meta/datanode-6/ratis/1b74f178-ec11-44a0-a1ac-4d5619c3d8b6/current/log_inprogress_1
2025-07-19 06:07:48,452 [d1f2401f-ce3c-4cd7-b613-e85afa8c39c7@group-4D5619C3D8B6-StateMachineUpdater] INFO  server.RaftServer$Division (LeaderStateImpl.java:checkStartIndex(309)) - Leader d1f2401f-ce3c-4cd7-b613-e85afa8c39c7@group-4D5619C3D8B6-LeaderStateImpl is ready since appliedIndex == startIndex == 1
2025-07-19 06:07:48,452 [grpc-default-executor-3] WARN  server.GrpcServerProtocolService (LogUtils.java:warn(129)) - cfedd3f1-5d02-4847-a363-6f2972b00a97: Failed APPEND_ENTRIES request d1f2401f-ce3c-4cd7-b613-e85afa8c39c7->cfedd3f1-5d02-4847-a363-6f2972b00a97#3-t2,previous=(t:1, i:0),leaderCommit=1,initializing? false,entries: size=2, first=(t:2, i:1), CONFIGURATIONENTRY(current:id:"cfedd3f1-5d02-4847-a363-6f2972b00a97"address:"127.0.0.1:15039"priority:1dataStreamAddress:"127.0.0.1:15040"clientAddress:"127.0.0.1:15037"adminAddress:"127.0.0.1:15038"startupRole:FOLLOWER, id:"e80b39d0-2325-4ff7-b450-1b10ae88e746"address:"127.0.0.1:15055"dataStreamAddress:"127.0.0.1:15056"clientAddress:"127.0.0.1:15053"adminAddress:"127.0.0.1:15054"startupRole:FOLLOWER, id:"d1f2401f-ce3c-4cd7-b613-e85afa8c39c7"address:"127.0.0.1:15047"dataStreamAddress:"127.0.0.1:15048"clientAddress:"127.0.0.1:15045"adminAddress:"127.0.0.1:15046"startupRole:FOLLOWER, old:)
java.util.concurrent.CompletionException: org.apache.ratis.protocol.exceptions.GroupMismatchException: cfedd3f1-5d02-4847-a363-6f2972b00a97: group-4D5619C3D8B6 not found.
	at java.base/java.util.concurrent.CompletableFuture.encodeThrowable(CompletableFuture.java:332)
	at java.base/java.util.concurrent.CompletableFuture.uniComposeStage(CompletableFuture.java:1177)
	at java.base/java.util.concurrent.CompletableFuture.thenCompose(CompletableFuture.java:2341)
	at org.apache.ratis.server.impl.RaftServerProxy.appendEntriesAsync(RaftServerProxy.java:651)
	at org.apache.ratis.grpc.server.GrpcServerProtocolService$1.process(GrpcServerProtocolService.java:245)
	at org.apache.ratis.grpc.server.GrpcServerProtocolService$1.process(GrpcServerProtocolService.java:242)
	at org.apache.ratis.grpc.server.GrpcServerProtocolService$ServerRequestStreamObserver.onNext(GrpcServerProtocolService.java:150)
	at org.apache.ratis.thirdparty.io.grpc.stub.ServerCalls$StreamingServerCallHandler$StreamingServerCallListener.onMessage(ServerCalls.java:262)
	at org.apache.ratis.thirdparty.io.grpc.internal.ServerCallImpl$ServerStreamListenerImpl.messagesAvailableInternal(ServerCallImpl.java:334)
	at org.apache.ratis.thirdparty.io.grpc.internal.ServerCallImpl$ServerStreamListenerImpl.messagesAvailable(ServerCallImpl.java:319)
	at org.apache.ratis.thirdparty.io.grpc.internal.ServerImpl$JumpToApplicationThreadServerStreamListener$1MessagesAvailable.runInContext(ServerImpl.java:834)
	at org.apache.ratis.thirdparty.io.grpc.internal.ContextRunnable.run(ContextRunnable.java:37)
	at org.apache.ratis.thirdparty.io.grpc.internal.SerializingExecutor.run(SerializingExecutor.java:133)
	at java.base/java.util.concurrent.ThreadPoolExecutor.runWorker(ThreadPoolExecutor.java:1144)
	at java.base/java.util.concurrent.ThreadPoolExecutor$Worker.run(ThreadPoolExecutor.java:642)
	at java.base/java.lang.Thread.run(Thread.java:1583)
Caused by: org.apache.ratis.protocol.exceptions.GroupMismatchException: cfedd3f1-5d02-4847-a363-6f2972b00a97: group-4D5619C3D8B6 not found.
	at org.apache.ratis.server.impl.RaftServerProxy$ImplMap.get(RaftServerProxy.java:160)
	at org.apache.ratis.server.impl.RaftServerProxy.getImplFuture(RaftServerProxy.java:370)
	at org.apache.ratis.server.impl.RaftServerProxy.appendEntriesAsync(RaftServerProxy.java:650)
	... 12 more
2025-07-19 06:07:48,452 [d1f2401f-ce3c-4cd7-b613-e85afa8c39c7@group-4D5619C3D8B6-StateMachineUpdater] INFO  ratis.ContainerStateMachine (ContainerStateMachine.java:takeSnapshot(427)) - group-4D5619C3D8B6: Taking a snapshot at:(t:2, i:1) file /home/runner/work/ozone/ozone/hadoop-ozone/integration-test/target/test-dir/MiniOzoneClusterImpl-09c4c6e1-5ab0-4195-ac7b-5aec6defaa36/ozone-meta/datanode-5/ratis/1b74f178-ec11-44a0-a1ac-4d5619c3d8b6/sm/snapshot.2_1
2025-07-19 06:07:48,453 [d1f2401f-ce3c-4cd7-b613-e85afa8c39c7@group-4D5619C3D8B6-StateMachineUpdater] INFO  ratis.ContainerStateMachine (ContainerStateMachine.java:takeSnapshot(436)) - group-4D5619C3D8B6: Finished taking a snapshot at:(t:2, i:1) file:/home/runner/work/ozone/ozone/hadoop-ozone/integration-test/target/test-dir/MiniOzoneClusterImpl-09c4c6e1-5ab0-4195-ac7b-5aec6defaa36/ozone-meta/datanode-5/ratis/1b74f178-ec11-44a0-a1ac-4d5619c3d8b6/sm/snapshot.2_1 took: 2 ms
2025-07-19 06:07:48,454 [grpc-default-executor-2] INFO  leader.LogAppender (LogAppenderBase.java:lambda$getNextIndexForError$0(215)) - Decrease nextIndex to 1
2025-07-19 06:07:48,454 [grpc-default-executor-2] INFO  leader.LogAppender (LogAppenderBase.java:lambda$getNextIndexForError$0(215)) - Decrease nextIndex to 1
2025-07-19 06:07:48,454 [grpc-default-executor-2] INFO  leader.FollowerInfo (FollowerInfoImpl.java:info(70)) - d1f2401f-ce3c-4cd7-b613-e85afa8c39c7@group-4D5619C3D8B6->cfedd3f1-5d02-4847-a363-6f2972b00a97: computeNextIndex nextIndex: updateUnconditionally 3 -> 1
2025-07-19 06:07:48,454 [e80b39d0-2325-4ff7-b450-1b10ae88e746@group-4D5619C3D8B6-StateMachineUpdater] INFO  ratis.ContainerStateMachine (ContainerStateMachine.java:takeSnapshot(427)) - group-4D5619C3D8B6: Taking a snapshot at:(t:2, i:1) file /home/runner/work/ozone/ozone/hadoop-ozone/integration-test/target/test-dir/MiniOzoneClusterImpl-09c4c6e1-5ab0-4195-ac7b-5aec6defaa36/ozone-meta/datanode-6/ratis/1b74f178-ec11-44a0-a1ac-4d5619c3d8b6/sm/snapshot.2_1
2025-07-19 06:07:48,454 [d1f2401f-ce3c-4cd7-b613-e85afa8c39c7@group-4D5619C3D8B6-StateMachineUpdater] INFO  impl.StateMachineUpdater (StateMachineUpdater.java:takeSnapshot(307)) - d1f2401f-ce3c-4cd7-b613-e85afa8c39c7@group-4D5619C3D8B6-StateMachineUpdater: Took a snapshot at index 1
2025-07-19 06:07:48,455 [d1f2401f-ce3c-4cd7-b613-e85afa8c39c7@group-4D5619C3D8B6-StateMachineUpdater] INFO  impl.StateMachineUpdater (StateMachineUpdater.java:lambda$new$0(101)) - d1f2401f-ce3c-4cd7-b613-e85afa8c39c7@group-4D5619C3D8B6-StateMachineUpdater: snapshotIndex: updateIncreasingly 0 -> 1
2025-07-19 06:07:48,455 [d1f2401f-ce3c-4cd7-b613-e85afa8c39c7@group-4D5619C3D8B6-StateMachineUpdater] INFO  ratis.ContainerStateMachine (ContainerStateMachine.java:takeSnapshot(427)) - group-4D5619C3D8B6: Taking a snapshot at:(t:2, i:2) file /home/runner/work/ozone/ozone/hadoop-ozone/integration-test/target/test-dir/MiniOzoneClusterImpl-09c4c6e1-5ab0-4195-ac7b-5aec6defaa36/ozone-meta/datanode-5/ratis/1b74f178-ec11-44a0-a1ac-4d5619c3d8b6/sm/snapshot.2_2
2025-07-19 06:07:48,456 [e80b39d0-2325-4ff7-b450-1b10ae88e746@group-4D5619C3D8B6-StateMachineUpdater] INFO  ratis.ContainerStateMachine (ContainerStateMachine.java:takeSnapshot(436)) - group-4D5619C3D8B6: Finished taking a snapshot at:(t:2, i:1) file:/home/runner/work/ozone/ozone/hadoop-ozone/integration-test/target/test-dir/MiniOzoneClusterImpl-09c4c6e1-5ab0-4195-ac7b-5aec6defaa36/ozone-meta/datanode-6/ratis/1b74f178-ec11-44a0-a1ac-4d5619c3d8b6/sm/snapshot.2_1 took: 2 ms
2025-07-19 06:07:48,456 [e80b39d0-2325-4ff7-b450-1b10ae88e746@group-4D5619C3D8B6-StateMachineUpdater] INFO  impl.StateMachineUpdater (StateMachineUpdater.java:takeSnapshot(307)) - e80b39d0-2325-4ff7-b450-1b10ae88e746@group-4D5619C3D8B6-StateMachineUpdater: Took a snapshot at index 1
2025-07-19 06:07:48,456 [e80b39d0-2325-4ff7-b450-1b10ae88e746@group-4D5619C3D8B6-StateMachineUpdater] INFO  impl.StateMachineUpdater (StateMachineUpdater.java:lambda$new$0(101)) - e80b39d0-2325-4ff7-b450-1b10ae88e746@group-4D5619C3D8B6-StateMachineUpdater: snapshotIndex: updateIncreasingly 0 -> 1
2025-07-19 06:07:48,456 [d1f2401f-ce3c-4cd7-b613-e85afa8c39c7@group-4D5619C3D8B6-StateMachineUpdater] INFO  ratis.ContainerStateMachine (ContainerStateMachine.java:takeSnapshot(436)) - group-4D5619C3D8B6: Finished taking a snapshot at:(t:2, i:2) file:/home/runner/work/ozone/ozone/hadoop-ozone/integration-test/target/test-dir/MiniOzoneClusterImpl-09c4c6e1-5ab0-4195-ac7b-5aec6defaa36/ozone-meta/datanode-5/ratis/1b74f178-ec11-44a0-a1ac-4d5619c3d8b6/sm/snapshot.2_2 took: 1 ms
2025-07-19 06:07:48,456 [d1f2401f-ce3c-4cd7-b613-e85afa8c39c7@group-4D5619C3D8B6-StateMachineUpdater] INFO  impl.StateMachineUpdater (StateMachineUpdater.java:takeSnapshot(307)) - d1f2401f-ce3c-4cd7-b613-e85afa8c39c7@group-4D5619C3D8B6-StateMachineUpdater: Took a snapshot at index 2
2025-07-19 06:07:48,456 [d1f2401f-ce3c-4cd7-b613-e85afa8c39c7@group-4D5619C3D8B6-StateMachineUpdater] INFO  impl.StateMachineUpdater (StateMachineUpdater.java:lambda$new$0(101)) - d1f2401f-ce3c-4cd7-b613-e85afa8c39c7@group-4D5619C3D8B6-StateMachineUpdater: snapshotIndex: updateIncreasingly 1 -> 2
2025-07-19 06:07:48,456 [grpc-default-executor-4] WARN  server.GrpcServerProtocolService (LogUtils.java:warn(129)) - cfedd3f1-5d02-4847-a363-6f2972b00a97: Failed APPEND_ENTRIES request d1f2401f-ce3c-4cd7-b613-e85afa8c39c7->cfedd3f1-5d02-4847-a363-6f2972b00a97#4-t2,previous=(t:1, i:0),leaderCommit=2,initializing? false,entries: size=2, first=(t:2, i:1), CONFIGURATIONENTRY(current:id:"cfedd3f1-5d02-4847-a363-6f2972b00a97"address:"127.0.0.1:15039"priority:1dataStreamAddress:"127.0.0.1:15040"clientAddress:"127.0.0.1:15037"adminAddress:"127.0.0.1:15038"startupRole:FOLLOWER, id:"e80b39d0-2325-4ff7-b450-1b10ae88e746"address:"127.0.0.1:15055"dataStreamAddress:"127.0.0.1:15056"clientAddress:"127.0.0.1:15053"adminAddress:"127.0.0.1:15054"startupRole:FOLLOWER, id:"d1f2401f-ce3c-4cd7-b613-e85afa8c39c7"address:"127.0.0.1:15047"dataStreamAddress:"127.0.0.1:15048"clientAddress:"127.0.0.1:15045"adminAddress:"127.0.0.1:15046"startupRole:FOLLOWER, old:)
java.util.concurrent.CompletionException: org.apache.ratis.protocol.exceptions.GroupMismatchException: cfedd3f1-5d02-4847-a363-6f2972b00a97: group-4D5619C3D8B6 not found.
	at java.base/java.util.concurrent.CompletableFuture.encodeThrowable(CompletableFuture.java:332)
	at java.base/java.util.concurrent.CompletableFuture.uniComposeStage(CompletableFuture.java:1177)
	at java.base/java.util.concurrent.CompletableFuture.thenCompose(CompletableFuture.java:2341)
	at org.apache.ratis.server.impl.RaftServerProxy.appendEntriesAsync(RaftServerProxy.java:651)
	at org.apache.ratis.grpc.server.GrpcServerProtocolService$1.process(GrpcServerProtocolService.java:245)
	at org.apache.ratis.grpc.server.GrpcServerProtocolService$1.process(GrpcServerProtocolService.java:242)
	at org.apache.ratis.grpc.server.GrpcServerProtocolService$ServerRequestStreamObserver.onNext(GrpcServerProtocolService.java:150)
	at org.apache.ratis.thirdparty.io.grpc.stub.ServerCalls$StreamingServerCallHandler$StreamingServerCallListener.onMessage(ServerCalls.java:262)
	at org.apache.ratis.thirdparty.io.grpc.internal.ServerCallImpl$ServerStreamListenerImpl.messagesAvailableInternal(ServerCallImpl.java:334)
	at org.apache.ratis.thirdparty.io.grpc.internal.ServerCallImpl$ServerStreamListenerImpl.messagesAvailable(ServerCallImpl.java:319)
	at org.apache.ratis.thirdparty.io.grpc.internal.ServerImpl$JumpToApplicationThreadServerStreamListener$1MessagesAvailable.runInContext(ServerImpl.java:834)
	at org.apache.ratis.thirdparty.io.grpc.internal.ContextRunnable.run(ContextRunnable.java:37)
	at org.apache.ratis.thirdparty.io.grpc.internal.SerializingExecutor.run(SerializingExecutor.java:133)
	at java.base/java.util.concurrent.ThreadPoolExecutor.runWorker(ThreadPoolExecutor.java:1144)
	at java.base/java.util.concurrent.ThreadPoolExecutor$Worker.run(ThreadPoolExecutor.java:642)
	at java.base/java.lang.Thread.run(Thread.java:1583)
Caused by: org.apache.ratis.protocol.exceptions.GroupMismatchException: cfedd3f1-5d02-4847-a363-6f2972b00a97: group-4D5619C3D8B6 not found.
	at org.apache.ratis.server.impl.RaftServerProxy$ImplMap.get(RaftServerProxy.java:160)
	at org.apache.ratis.server.impl.RaftServerProxy.getImplFuture(RaftServerProxy.java:370)
	at org.apache.ratis.server.impl.RaftServerProxy.appendEntriesAsync(RaftServerProxy.java:650)
	... 12 more
2025-07-19 06:07:48,458 [grpc-default-executor-4] INFO  leader.LogAppender (LogAppenderBase.java:lambda$getNextIndexForError$0(215)) - Decrease nextIndex to 1
2025-07-19 06:07:48,458 [grpc-default-executor-4] INFO  leader.LogAppender (LogAppenderBase.java:lambda$getNextIndexForError$0(215)) - Decrease nextIndex to 1
2025-07-19 06:07:48,458 [grpc-default-executor-4] INFO  leader.FollowerInfo (FollowerInfoImpl.java:info(70)) - d1f2401f-ce3c-4cd7-b613-e85afa8c39c7@group-4D5619C3D8B6->cfedd3f1-5d02-4847-a363-6f2972b00a97: computeNextIndex nextIndex: updateUnconditionally 3 -> 1
2025-07-19 06:07:48,459 [EventQueue-PipelineActionsForPipelineActionHandler] INFO  pipeline.PipelineActionHandler (PipelineActionHandler.java:processPipelineAction(89)) - Received pipeline action CLOSE for Pipeline-850d62e6-9d07-48c2-bfd0-36b9588d9eb5 from datanode aa0cb613-fc94-4131-90ab-17bcd78458c4(localhost/127.0.0.1). Reason : Chunks directory /home/runner/work/ozone/ozone/hadoop-ozone/integration-test/target/test-dir/MiniOzoneClusterImpl-09c4c6e1-5ab0-4195-ac7b-5aec6defaa36/ozone-meta/datanode-2/data-0/hdds/09c4c6e1-5ab0-4195-ac7b-5aec6defaa36/current/containerDir0/7/chunks does not exist.
2025-07-19 06:07:48,660 [EventQueue-PipelineActionsForPipelineActionHandler] INFO  pipeline.PipelineActionHandler (PipelineActionHandler.java:processPipelineAction(89)) - Received pipeline action CLOSE for Pipeline-850d62e6-9d07-48c2-bfd0-36b9588d9eb5 from datanode aa0cb613-fc94-4131-90ab-17bcd78458c4(localhost/127.0.0.1). Reason : Chunks directory /home/runner/work/ozone/ozone/hadoop-ozone/integration-test/target/test-dir/MiniOzoneClusterImpl-09c4c6e1-5ab0-4195-ac7b-5aec6defaa36/ozone-meta/datanode-2/data-0/hdds/09c4c6e1-5ab0-4195-ac7b-5aec6defaa36/current/containerDir0/7/chunks does not exist.
2025-07-19 06:07:48,859 [EventQueue-PipelineActionsForPipelineActionHandler] INFO  pipeline.PipelineActionHandler (PipelineActionHandler.java:processPipelineAction(89)) - Received pipeline action CLOSE for Pipeline-850d62e6-9d07-48c2-bfd0-36b9588d9eb5 from datanode aa0cb613-fc94-4131-90ab-17bcd78458c4(localhost/127.0.0.1). Reason : Chunks directory /home/runner/work/ozone/ozone/hadoop-ozone/integration-test/target/test-dir/MiniOzoneClusterImpl-09c4c6e1-5ab0-4195-ac7b-5aec6defaa36/ozone-meta/datanode-2/data-0/hdds/09c4c6e1-5ab0-4195-ac7b-5aec6defaa36/current/containerDir0/7/chunks does not exist.
2025-07-19 06:07:49,059 [EventQueue-PipelineActionsForPipelineActionHandler] INFO  pipeline.PipelineActionHandler (PipelineActionHandler.java:processPipelineAction(89)) - Received pipeline action CLOSE for Pipeline-850d62e6-9d07-48c2-bfd0-36b9588d9eb5 from datanode aa0cb613-fc94-4131-90ab-17bcd78458c4(localhost/127.0.0.1). Reason : Chunks directory /home/runner/work/ozone/ozone/hadoop-ozone/integration-test/target/test-dir/MiniOzoneClusterImpl-09c4c6e1-5ab0-4195-ac7b-5aec6defaa36/ozone-meta/datanode-2/data-0/hdds/09c4c6e1-5ab0-4195-ac7b-5aec6defaa36/current/containerDir0/7/chunks does not exist.
2025-07-19 06:07:49,245 [timer4] ERROR impl.OrderedAsync (OrderedAsync.java:lambda$null$6(215)) -  client-3F2405A211FC: Failed* RaftClientRequest:client-3F2405A211FC->aa0cb613-fc94-4131-90ab-17bcd78458c4@group-36B9588D9EB5, cid=161, seq=5, RW, cmdType: PutBlock
traceID: ""
containerID: 7
datanodeUuid: "aa0cb613-fc94-4131-90ab-17bcd78458c4"
putBlock {
  blockData {
    blockID {
      containerID: 7
      localID: 115816896921600007
      blockCommitSequenceId: 0
    }
    metadata {
      key: "TYPE"
      value: "KEY"
    }
    chunks {
      chunkName: "115816896921600007_chunk_1"
      offset: 0
      len: 5
      checksumData {
        type: CRC32
        bytesPerChecksum: 16384
        checksums: "\350a\3440"
      }
    }
    chunks {
      chunkName: "115816896921600007_chunk_2"
      offset: 5
      len: 5
      checksumData {
        type: CRC32
        bytesPerChecksum: 16384
        checksums: "\350a\3440"
      }
    }
  }
  eof: true
}
version: 3
, data.size=0
java.util.concurrent.CompletionException: org.apache.ratis.protocol.exceptions.TimeoutIOException: client-3F2405A211FC->aa0cb613-fc94-4131-90ab-17bcd78458c4 request #161 timeout 3000ms
	at java.base/java.util.concurrent.CompletableFuture.encodeThrowable(CompletableFuture.java:332)
	at java.base/java.util.concurrent.CompletableFuture.completeThrowable(CompletableFuture.java:347)
	at java.base/java.util.concurrent.CompletableFuture$UniAccept.tryFire(CompletableFuture.java:708)
	at java.base/java.util.concurrent.CompletableFuture.postComplete(CompletableFuture.java:510)
	at java.base/java.util.concurrent.CompletableFuture.completeExceptionally(CompletableFuture.java:2194)
	at org.apache.ratis.grpc.client.GrpcClientProtocolClient$AsyncStreamObservers.lambda$timeoutCheck$5(GrpcClientProtocolClient.java:376)
	at java.base/java.util.Optional.ifPresent(Optional.java:178)
	at org.apache.ratis.grpc.client.GrpcClientProtocolClient$AsyncStreamObservers.handleReplyFuture(GrpcClientProtocolClient.java:381)
	at org.apache.ratis.grpc.client.GrpcClientProtocolClient$AsyncStreamObservers.timeoutCheck(GrpcClientProtocolClient.java:376)
	at org.apache.ratis.grpc.client.GrpcClientProtocolClient$AsyncStreamObservers.lambda$onNext$3(GrpcClientProtocolClient.java:369)
	at org.apache.ratis.util.TimeoutTimer.lambda$onTimeout$2(TimeoutTimer.java:101)
	at org.apache.ratis.util.LogUtils.runAndLog(LogUtils.java:38)
	at org.apache.ratis.util.LogUtils$1.run(LogUtils.java:78)
	at org.apache.ratis.util.TimeoutTimer$Task.run(TimeoutTimer.java:55)
	at java.base/java.util.TimerThread.mainLoop(Timer.java:566)
	at java.base/java.util.TimerThread.run(Timer.java:516)
Caused by: org.apache.ratis.protocol.exceptions.TimeoutIOException: client-3F2405A211FC->aa0cb613-fc94-4131-90ab-17bcd78458c4 request #161 timeout 3000ms
	at org.apache.ratis.grpc.client.GrpcClientProtocolClient$AsyncStreamObservers.lambda$timeoutCheck$5(GrpcClientProtocolClient.java:377)
	... 10 more
2025-07-19 06:07:49,246 [timer3] ERROR impl.OrderedAsync (OrderedAsync.java:lambda$null$6(215)) -  client-3F2405A211FC: Failed* RaftClientRequest:client-3F2405A211FC->aa0cb613-fc94-4131-90ab-17bcd78458c4@group-36B9588D9EB5, cid=160, seq=4, RW, cmdType: WriteChunk
traceID: ""
containerID: 7
datanodeUuid: "aa0cb613-fc94-4131-90ab-17bcd78458c4"
writeChunk {
  blockID {
    containerID: 7
    localID: 115816896921600007
    blockCommitSequenceId: 2
    replicaIndex: 0
  }
  chunkData {
    chunkName: "115816896921600007_chunk_2"
    offset: 5
    len: 5
    checksumData {
      type: CRC32
      bytesPerChecksum: 16384
      checksums: "\350a\3440"
    }
  }
}
version: 3
, data.size=5
java.util.concurrent.CompletionException: org.apache.ratis.protocol.exceptions.TimeoutIOException: client-3F2405A211FC->aa0cb613-fc94-4131-90ab-17bcd78458c4 request #160 timeout 3000ms
	at java.base/java.util.concurrent.CompletableFuture.encodeThrowable(CompletableFuture.java:332)
	at java.base/java.util.concurrent.CompletableFuture.completeThrowable(CompletableFuture.java:347)
	at java.base/java.util.concurrent.CompletableFuture$UniAccept.tryFire(CompletableFuture.java:708)
	at java.base/java.util.concurrent.CompletableFuture.postComplete(CompletableFuture.java:510)
	at java.base/java.util.concurrent.CompletableFuture.completeExceptionally(CompletableFuture.java:2194)
	at org.apache.ratis.grpc.client.GrpcClientProtocolClient$AsyncStreamObservers.lambda$timeoutCheck$5(GrpcClientProtocolClient.java:376)
	at java.base/java.util.Optional.ifPresent(Optional.java:178)
	at org.apache.ratis.grpc.client.GrpcClientProtocolClient$AsyncStreamObservers.handleReplyFuture(GrpcClientProtocolClient.java:381)
	at org.apache.ratis.grpc.client.GrpcClientProtocolClient$AsyncStreamObservers.timeoutCheck(GrpcClientProtocolClient.java:376)
	at org.apache.ratis.grpc.client.GrpcClientProtocolClient$AsyncStreamObservers.lambda$onNext$3(GrpcClientProtocolClient.java:369)
	at org.apache.ratis.util.TimeoutTimer.lambda$onTimeout$2(TimeoutTimer.java:101)
	at org.apache.ratis.util.LogUtils.runAndLog(LogUtils.java:38)
	at org.apache.ratis.util.LogUtils$1.run(LogUtils.java:78)
	at org.apache.ratis.util.TimeoutTimer$Task.run(TimeoutTimer.java:55)
	at java.base/java.util.TimerThread.mainLoop(Timer.java:566)
	at java.base/java.util.TimerThread.run(Timer.java:516)
Caused by: org.apache.ratis.protocol.exceptions.TimeoutIOException: client-3F2405A211FC->aa0cb613-fc94-4131-90ab-17bcd78458c4 request #160 timeout 3000ms
	at org.apache.ratis.grpc.client.GrpcClientProtocolClient$AsyncStreamObservers.lambda$timeoutCheck$5(GrpcClientProtocolClient.java:377)
	... 10 more
2025-07-19 06:07:49,260 [EventQueue-PipelineActionsForPipelineActionHandler] INFO  pipeline.PipelineActionHandler (PipelineActionHandler.java:processPipelineAction(89)) - Received pipeline action CLOSE for Pipeline-850d62e6-9d07-48c2-bfd0-36b9588d9eb5 from datanode aa0cb613-fc94-4131-90ab-17bcd78458c4(localhost/127.0.0.1). Reason : Chunks directory /home/runner/work/ozone/ozone/hadoop-ozone/integration-test/target/test-dir/MiniOzoneClusterImpl-09c4c6e1-5ab0-4195-ac7b-5aec6defaa36/ozone-meta/datanode-2/data-0/hdds/09c4c6e1-5ab0-4195-ac7b-5aec6defaa36/current/containerDir0/7/chunks does not exist.
2025-07-19 06:07:49,262 [aa0cb613-fc94-4131-90ab-17bcd78458c4@group-36B9588D9EB5-SegmentedRaftLogWorker] WARN  segmented.SegmentedRaftLogWorker (SegmentedRaftLogWorker.java:lambda$close$3(251)) - aa0cb613-fc94-4131-90ab-17bcd78458c4@group-36B9588D9EB5-SegmentedRaftLogWorker: shutdown timeout in 3s
2025-07-19 06:07:49,263 [aa0cb613-fc94-4131-90ab-17bcd78458c4@group-36B9588D9EB5-SegmentedRaftLogWorker] INFO  segmented.SegmentedRaftLogWorker (SegmentedRaftLogWorker.java:close(254)) - aa0cb613-fc94-4131-90ab-17bcd78458c4@group-36B9588D9EB5-SegmentedRaftLogWorker close()
2025-07-19 06:07:49,459 [EventQueue-PipelineActionsForPipelineActionHandler] INFO  pipeline.PipelineActionHandler (PipelineActionHandler.java:processPipelineAction(89)) - Received pipeline action CLOSE for Pipeline-850d62e6-9d07-48c2-bfd0-36b9588d9eb5 from datanode aa0cb613-fc94-4131-90ab-17bcd78458c4(localhost/127.0.0.1). Reason : Chunks directory /home/runner/work/ozone/ozone/hadoop-ozone/integration-test/target/test-dir/MiniOzoneClusterImpl-09c4c6e1-5ab0-4195-ac7b-5aec6defaa36/ozone-meta/datanode-2/data-0/hdds/09c4c6e1-5ab0-4195-ac7b-5aec6defaa36/current/containerDir0/7/chunks does not exist.
2025-07-19 06:07:49,659 [EventQueue-PipelineActionsForPipelineActionHandler] INFO  pipeline.PipelineActionHandler (PipelineActionHandler.java:processPipelineAction(89)) - Received pipeline action CLOSE for Pipeline-850d62e6-9d07-48c2-bfd0-36b9588d9eb5 from datanode aa0cb613-fc94-4131-90ab-17bcd78458c4(localhost/127.0.0.1). Reason : Chunks directory /home/runner/work/ozone/ozone/hadoop-ozone/integration-test/target/test-dir/MiniOzoneClusterImpl-09c4c6e1-5ab0-4195-ac7b-5aec6defaa36/ozone-meta/datanode-2/data-0/hdds/09c4c6e1-5ab0-4195-ac7b-5aec6defaa36/current/containerDir0/7/chunks does not exist.
2025-07-19 06:07:49,696 [grpc-default-executor-2] WARN  server.GrpcServerProtocolService (LogUtils.java:warn(129)) - cfedd3f1-5d02-4847-a363-6f2972b00a97: Failed APPEND_ENTRIES request d1f2401f-ce3c-4cd7-b613-e85afa8c39c7->cfedd3f1-5d02-4847-a363-6f2972b00a97#6-t2,previous=(t:1, i:0),leaderCommit=2,initializing? false,entries: size=2, first=(t:2, i:1), CONFIGURATIONENTRY(current:id:"cfedd3f1-5d02-4847-a363-6f2972b00a97"address:"127.0.0.1:15039"priority:1dataStreamAddress:"127.0.0.1:15040"clientAddress:"127.0.0.1:15037"adminAddress:"127.0.0.1:15038"startupRole:FOLLOWER, id:"e80b39d0-2325-4ff7-b450-1b10ae88e746"address:"127.0.0.1:15055"dataStreamAddress:"127.0.0.1:15056"clientAddress:"127.0.0.1:15053"adminAddress:"127.0.0.1:15054"startupRole:FOLLOWER, id:"d1f2401f-ce3c-4cd7-b613-e85afa8c39c7"address:"127.0.0.1:15047"dataStreamAddress:"127.0.0.1:15048"clientAddress:"127.0.0.1:15045"adminAddress:"127.0.0.1:15046"startupRole:FOLLOWER, old:)
java.util.concurrent.CompletionException: org.apache.ratis.protocol.exceptions.GroupMismatchException: cfedd3f1-5d02-4847-a363-6f2972b00a97: group-4D5619C3D8B6 not found.
	at java.base/java.util.concurrent.CompletableFuture.encodeThrowable(CompletableFuture.java:332)
	at java.base/java.util.concurrent.CompletableFuture.uniComposeStage(CompletableFuture.java:1177)
	at java.base/java.util.concurrent.CompletableFuture.thenCompose(CompletableFuture.java:2341)
	at org.apache.ratis.server.impl.RaftServerProxy.appendEntriesAsync(RaftServerProxy.java:651)
	at org.apache.ratis.grpc.server.GrpcServerProtocolService$1.process(GrpcServerProtocolService.java:245)
	at org.apache.ratis.grpc.server.GrpcServerProtocolService$1.process(GrpcServerProtocolService.java:242)
	at org.apache.ratis.grpc.server.GrpcServerProtocolService$ServerRequestStreamObserver.onNext(GrpcServerProtocolService.java:150)
	at org.apache.ratis.thirdparty.io.grpc.stub.ServerCalls$StreamingServerCallHandler$StreamingServerCallListener.onMessage(ServerCalls.java:262)
	at org.apache.ratis.thirdparty.io.grpc.internal.ServerCallImpl$ServerStreamListenerImpl.messagesAvailableInternal(ServerCallImpl.java:334)
	at org.apache.ratis.thirdparty.io.grpc.internal.ServerCallImpl$ServerStreamListenerImpl.messagesAvailable(ServerCallImpl.java:319)
	at org.apache.ratis.thirdparty.io.grpc.internal.ServerImpl$JumpToApplicationThreadServerStreamListener$1MessagesAvailable.runInContext(ServerImpl.java:834)
	at org.apache.ratis.thirdparty.io.grpc.internal.ContextRunnable.run(ContextRunnable.java:37)
	at org.apache.ratis.thirdparty.io.grpc.internal.SerializingExecutor.run(SerializingExecutor.java:133)
	at java.base/java.util.concurrent.ThreadPoolExecutor.runWorker(ThreadPoolExecutor.java:1144)
	at java.base/java.util.concurrent.ThreadPoolExecutor$Worker.run(ThreadPoolExecutor.java:642)
	at java.base/java.lang.Thread.run(Thread.java:1583)
Caused by: org.apache.ratis.protocol.exceptions.GroupMismatchException: cfedd3f1-5d02-4847-a363-6f2972b00a97: group-4D5619C3D8B6 not found.
	at org.apache.ratis.server.impl.RaftServerProxy$ImplMap.get(RaftServerProxy.java:160)
	at org.apache.ratis.server.impl.RaftServerProxy.getImplFuture(RaftServerProxy.java:370)
	at org.apache.ratis.server.impl.RaftServerProxy.appendEntriesAsync(RaftServerProxy.java:650)
	... 12 more
2025-07-19 06:07:49,698 [grpc-default-executor-2] INFO  leader.LogAppender (LogAppenderBase.java:lambda$getNextIndexForError$0(215)) - Decrease nextIndex to 1
2025-07-19 06:07:49,698 [grpc-default-executor-2] INFO  leader.LogAppender (LogAppenderBase.java:lambda$getNextIndexForError$0(215)) - Decrease nextIndex to 1
2025-07-19 06:07:49,698 [grpc-default-executor-2] INFO  leader.FollowerInfo (FollowerInfoImpl.java:info(70)) - d1f2401f-ce3c-4cd7-b613-e85afa8c39c7@group-4D5619C3D8B6->cfedd3f1-5d02-4847-a363-6f2972b00a97: computeNextIndex nextIndex: updateUnconditionally 3 -> 1
2025-07-19 06:07:49,859 [EventQueue-PipelineActionsForPipelineActionHandler] INFO  pipeline.PipelineActionHandler (PipelineActionHandler.java:processPipelineAction(89)) - Received pipeline action CLOSE for Pipeline-850d62e6-9d07-48c2-bfd0-36b9588d9eb5 from datanode aa0cb613-fc94-4131-90ab-17bcd78458c4(localhost/127.0.0.1). Reason : Chunks directory /home/runner/work/ozone/ozone/hadoop-ozone/integration-test/target/test-dir/MiniOzoneClusterImpl-09c4c6e1-5ab0-4195-ac7b-5aec6defaa36/ozone-meta/datanode-2/data-0/hdds/09c4c6e1-5ab0-4195-ac7b-5aec6defaa36/current/containerDir0/7/chunks does not exist.
2025-07-19 06:07:50,059 [EventQueue-PipelineActionsForPipelineActionHandler] INFO  pipeline.PipelineActionHandler (PipelineActionHandler.java:processPipelineAction(89)) - Received pipeline action CLOSE for Pipeline-850d62e6-9d07-48c2-bfd0-36b9588d9eb5 from datanode aa0cb613-fc94-4131-90ab-17bcd78458c4(localhost/127.0.0.1). Reason : Chunks directory /home/runner/work/ozone/ozone/hadoop-ozone/integration-test/target/test-dir/MiniOzoneClusterImpl-09c4c6e1-5ab0-4195-ac7b-5aec6defaa36/ozone-meta/datanode-2/data-0/hdds/09c4c6e1-5ab0-4195-ac7b-5aec6defaa36/current/containerDir0/7/chunks does not exist.
2025-07-19 06:07:50,259 [EventQueue-PipelineActionsForPipelineActionHandler] INFO  pipeline.PipelineActionHandler (PipelineActionHandler.java:processPipelineAction(89)) - Received pipeline action CLOSE for Pipeline-850d62e6-9d07-48c2-bfd0-36b9588d9eb5 from datanode aa0cb613-fc94-4131-90ab-17bcd78458c4(localhost/127.0.0.1). Reason : Chunks directory /home/runner/work/ozone/ozone/hadoop-ozone/integration-test/target/test-dir/MiniOzoneClusterImpl-09c4c6e1-5ab0-4195-ac7b-5aec6defaa36/ozone-meta/datanode-2/data-0/hdds/09c4c6e1-5ab0-4195-ac7b-5aec6defaa36/current/containerDir0/7/chunks does not exist.
2025-07-19 06:07:50,377 [timer7] WARN  server.GrpcLogAppender (GrpcLogAppender.java:timeoutAppendRequest(448)) - d1f2401f-ce3c-4cd7-b613-e85afa8c39c7@group-51802BB6A696->cfedd3f1-5d02-4847-a363-6f2972b00a97-GrpcLogAppender: Timed out HEARTBEAT appendEntries, errorCount=9, request=AppendEntriesRequest:cid=6949,entriesCount=0
2025-07-19 06:07:50,459 [EventQueue-PipelineActionsForPipelineActionHandler] INFO  pipeline.PipelineActionHandler (PipelineActionHandler.java:processPipelineAction(89)) - Received pipeline action CLOSE for Pipeline-850d62e6-9d07-48c2-bfd0-36b9588d9eb5 from datanode aa0cb613-fc94-4131-90ab-17bcd78458c4(localhost/127.0.0.1). Reason : Chunks directory /home/runner/work/ozone/ozone/hadoop-ozone/integration-test/target/test-dir/MiniOzoneClusterImpl-09c4c6e1-5ab0-4195-ac7b-5aec6defaa36/ozone-meta/datanode-2/data-0/hdds/09c4c6e1-5ab0-4195-ac7b-5aec6defaa36/current/containerDir0/7/chunks does not exist.
2025-07-19 06:07:50,659 [EventQueue-PipelineActionsForPipelineActionHandler] INFO  pipeline.PipelineActionHandler (PipelineActionHandler.java:processPipelineAction(89)) - Received pipeline action CLOSE for Pipeline-850d62e6-9d07-48c2-bfd0-36b9588d9eb5 from datanode aa0cb613-fc94-4131-90ab-17bcd78458c4(localhost/127.0.0.1). Reason : Chunks directory /home/runner/work/ozone/ozone/hadoop-ozone/integration-test/target/test-dir/MiniOzoneClusterImpl-09c4c6e1-5ab0-4195-ac7b-5aec6defaa36/ozone-meta/datanode-2/data-0/hdds/09c4c6e1-5ab0-4195-ac7b-5aec6defaa36/current/containerDir0/7/chunks does not exist.
2025-07-19 06:07:50,860 [EventQueue-PipelineActionsForPipelineActionHandler] INFO  pipeline.PipelineActionHandler (PipelineActionHandler.java:processPipelineAction(89)) - Received pipeline action CLOSE for Pipeline-850d62e6-9d07-48c2-bfd0-36b9588d9eb5 from datanode aa0cb613-fc94-4131-90ab-17bcd78458c4(localhost/127.0.0.1). Reason : Chunks directory /home/runner/work/ozone/ozone/hadoop-ozone/integration-test/target/test-dir/MiniOzoneClusterImpl-09c4c6e1-5ab0-4195-ac7b-5aec6defaa36/ozone-meta/datanode-2/data-0/hdds/09c4c6e1-5ab0-4195-ac7b-5aec6defaa36/current/containerDir0/7/chunks does not exist.
2025-07-19 06:07:50,948 [grpc-default-executor-2] WARN  server.GrpcServerProtocolService (LogUtils.java:warn(129)) - cfedd3f1-5d02-4847-a363-6f2972b00a97: Failed APPEND_ENTRIES request d1f2401f-ce3c-4cd7-b613-e85afa8c39c7->cfedd3f1-5d02-4847-a363-6f2972b00a97#8-t2,previous=(t:1, i:0),leaderCommit=2,initializing? false,entries: size=2, first=(t:2, i:1), CONFIGURATIONENTRY(current:id:"cfedd3f1-5d02-4847-a363-6f2972b00a97"address:"127.0.0.1:15039"priority:1dataStreamAddress:"127.0.0.1:15040"clientAddress:"127.0.0.1:15037"adminAddress:"127.0.0.1:15038"startupRole:FOLLOWER, id:"e80b39d0-2325-4ff7-b450-1b10ae88e746"address:"127.0.0.1:15055"dataStreamAddress:"127.0.0.1:15056"clientAddress:"127.0.0.1:15053"adminAddress:"127.0.0.1:15054"startupRole:FOLLOWER, id:"d1f2401f-ce3c-4cd7-b613-e85afa8c39c7"address:"127.0.0.1:15047"dataStreamAddress:"127.0.0.1:15048"clientAddress:"127.0.0.1:15045"adminAddress:"127.0.0.1:15046"startupRole:FOLLOWER, old:)
java.util.concurrent.CompletionException: org.apache.ratis.protocol.exceptions.GroupMismatchException: cfedd3f1-5d02-4847-a363-6f2972b00a97: group-4D5619C3D8B6 not found.
	at java.base/java.util.concurrent.CompletableFuture.encodeThrowable(CompletableFuture.java:332)
	at java.base/java.util.concurrent.CompletableFuture.uniComposeStage(CompletableFuture.java:1177)
	at java.base/java.util.concurrent.CompletableFuture.thenCompose(CompletableFuture.java:2341)
	at org.apache.ratis.server.impl.RaftServerProxy.appendEntriesAsync(RaftServerProxy.java:651)
	at org.apache.ratis.grpc.server.GrpcServerProtocolService$1.process(GrpcServerProtocolService.java:245)
	at org.apache.ratis.grpc.server.GrpcServerProtocolService$1.process(GrpcServerProtocolService.java:242)
	at org.apache.ratis.grpc.server.GrpcServerProtocolService$ServerRequestStreamObserver.onNext(GrpcServerProtocolService.java:150)
	at org.apache.ratis.thirdparty.io.grpc.stub.ServerCalls$StreamingServerCallHandler$StreamingServerCallListener.onMessage(ServerCalls.java:262)
	at org.apache.ratis.thirdparty.io.grpc.internal.ServerCallImpl$ServerStreamListenerImpl.messagesAvailableInternal(ServerCallImpl.java:334)
	at org.apache.ratis.thirdparty.io.grpc.internal.ServerCallImpl$ServerStreamListenerImpl.messagesAvailable(ServerCallImpl.java:319)
	at org.apache.ratis.thirdparty.io.grpc.internal.ServerImpl$JumpToApplicationThreadServerStreamListener$1MessagesAvailable.runInContext(ServerImpl.java:834)
	at org.apache.ratis.thirdparty.io.grpc.internal.ContextRunnable.run(ContextRunnable.java:37)
	at org.apache.ratis.thirdparty.io.grpc.internal.SerializingExecutor.run(SerializingExecutor.java:133)
	at java.base/java.util.concurrent.ThreadPoolExecutor.runWorker(ThreadPoolExecutor.java:1144)
	at java.base/java.util.concurrent.ThreadPoolExecutor$Worker.run(ThreadPoolExecutor.java:642)
	at java.base/java.lang.Thread.run(Thread.java:1583)
Caused by: org.apache.ratis.protocol.exceptions.GroupMismatchException: cfedd3f1-5d02-4847-a363-6f2972b00a97: group-4D5619C3D8B6 not found.
	at org.apache.ratis.server.impl.RaftServerProxy$ImplMap.get(RaftServerProxy.java:160)
	at org.apache.ratis.server.impl.RaftServerProxy.getImplFuture(RaftServerProxy.java:370)
	at org.apache.ratis.server.impl.RaftServerProxy.appendEntriesAsync(RaftServerProxy.java:650)
	... 12 more
2025-07-19 06:07:50,950 [grpc-default-executor-2] INFO  leader.LogAppender (LogAppenderBase.java:lambda$getNextIndexForError$0(215)) - Decrease nextIndex to 1
2025-07-19 06:07:50,950 [grpc-default-executor-2] INFO  leader.LogAppender (LogAppenderBase.java:lambda$getNextIndexForError$0(215)) - Decrease nextIndex to 1
2025-07-19 06:07:50,950 [grpc-default-executor-2] INFO  leader.FollowerInfo (FollowerInfoImpl.java:info(70)) - d1f2401f-ce3c-4cd7-b613-e85afa8c39c7@group-4D5619C3D8B6->cfedd3f1-5d02-4847-a363-6f2972b00a97: computeNextIndex nextIndex: updateUnconditionally 3 -> 1
2025-07-19 06:07:50,954 [e80b39d0-2325-4ff7-b450-1b10ae88e746@group-4D5619C3D8B6-StateMachineUpdater] INFO  ratis.ContainerStateMachine (ContainerStateMachine.java:takeSnapshot(427)) - group-4D5619C3D8B6: Taking a snapshot at:(t:2, i:2) file /home/runner/work/ozone/ozone/hadoop-ozone/integration-test/target/test-dir/MiniOzoneClusterImpl-09c4c6e1-5ab0-4195-ac7b-5aec6defaa36/ozone-meta/datanode-6/ratis/1b74f178-ec11-44a0-a1ac-4d5619c3d8b6/sm/snapshot.2_2
2025-07-19 06:07:50,955 [e80b39d0-2325-4ff7-b450-1b10ae88e746@group-4D5619C3D8B6-StateMachineUpdater] INFO  ratis.ContainerStateMachine (ContainerStateMachine.java:takeSnapshot(436)) - group-4D5619C3D8B6: Finished taking a snapshot at:(t:2, i:2) file:/home/runner/work/ozone/ozone/hadoop-ozone/integration-test/target/test-dir/MiniOzoneClusterImpl-09c4c6e1-5ab0-4195-ac7b-5aec6defaa36/ozone-meta/datanode-6/ratis/1b74f178-ec11-44a0-a1ac-4d5619c3d8b6/sm/snapshot.2_2 took: 2 ms
2025-07-19 06:07:50,956 [e80b39d0-2325-4ff7-b450-1b10ae88e746@group-4D5619C3D8B6-StateMachineUpdater] INFO  impl.StateMachineUpdater (StateMachineUpdater.java:takeSnapshot(307)) - e80b39d0-2325-4ff7-b450-1b10ae88e746@group-4D5619C3D8B6-StateMachineUpdater: Took a snapshot at index 2
2025-07-19 06:07:50,956 [e80b39d0-2325-4ff7-b450-1b10ae88e746@group-4D5619C3D8B6-StateMachineUpdater] INFO  impl.StateMachineUpdater (StateMachineUpdater.java:lambda$new$0(101)) - e80b39d0-2325-4ff7-b450-1b10ae88e746@group-4D5619C3D8B6-StateMachineUpdater: snapshotIndex: updateIncreasingly 1 -> 2
2025-07-19 06:07:50,956 [grpc-default-executor-3] WARN  server.GrpcServerProtocolService (LogUtils.java:warn(129)) - cfedd3f1-5d02-4847-a363-6f2972b00a97: Failed APPEND_ENTRIES request d1f2401f-ce3c-4cd7-b613-e85afa8c39c7->cfedd3f1-5d02-4847-a363-6f2972b00a97#9-t2,previous=(t:1, i:0),leaderCommit=2,initializing? false,entries: size=2, first=(t:2, i:1), CONFIGURATIONENTRY(current:id:"cfedd3f1-5d02-4847-a363-6f2972b00a97"address:"127.0.0.1:15039"priority:1dataStreamAddress:"127.0.0.1:15040"clientAddress:"127.0.0.1:15037"adminAddress:"127.0.0.1:15038"startupRole:FOLLOWER, id:"e80b39d0-2325-4ff7-b450-1b10ae88e746"address:"127.0.0.1:15055"dataStreamAddress:"127.0.0.1:15056"clientAddress:"127.0.0.1:15053"adminAddress:"127.0.0.1:15054"startupRole:FOLLOWER, id:"d1f2401f-ce3c-4cd7-b613-e85afa8c39c7"address:"127.0.0.1:15047"dataStreamAddress:"127.0.0.1:15048"clientAddress:"127.0.0.1:15045"adminAddress:"127.0.0.1:15046"startupRole:FOLLOWER, old:)
java.util.concurrent.CompletionException: org.apache.ratis.protocol.exceptions.GroupMismatchException: cfedd3f1-5d02-4847-a363-6f2972b00a97: group-4D5619C3D8B6 not found.
	at java.base/java.util.concurrent.CompletableFuture.encodeThrowable(CompletableFuture.java:332)
	at java.base/java.util.concurrent.CompletableFuture.uniComposeStage(CompletableFuture.java:1177)
	at java.base/java.util.concurrent.CompletableFuture.thenCompose(CompletableFuture.java:2341)
	at org.apache.ratis.server.impl.RaftServerProxy.appendEntriesAsync(RaftServerProxy.java:651)
	at org.apache.ratis.grpc.server.GrpcServerProtocolService$1.process(GrpcServerProtocolService.java:245)
	at org.apache.ratis.grpc.server.GrpcServerProtocolService$1.process(GrpcServerProtocolService.java:242)
	at org.apache.ratis.grpc.server.GrpcServerProtocolService$ServerRequestStreamObserver.onNext(GrpcServerProtocolService.java:150)
	at org.apache.ratis.thirdparty.io.grpc.stub.ServerCalls$StreamingServerCallHandler$StreamingServerCallListener.onMessage(ServerCalls.java:262)
	at org.apache.ratis.thirdparty.io.grpc.internal.ServerCallImpl$ServerStreamListenerImpl.messagesAvailableInternal(ServerCallImpl.java:334)
	at org.apache.ratis.thirdparty.io.grpc.internal.ServerCallImpl$ServerStreamListenerImpl.messagesAvailable(ServerCallImpl.java:319)
	at org.apache.ratis.thirdparty.io.grpc.internal.ServerImpl$JumpToApplicationThreadServerStreamListener$1MessagesAvailable.runInContext(ServerImpl.java:834)
	at org.apache.ratis.thirdparty.io.grpc.internal.ContextRunnable.run(ContextRunnable.java:37)
	at org.apache.ratis.thirdparty.io.grpc.internal.SerializingExecutor.run(SerializingExecutor.java:133)
	at java.base/java.util.concurrent.ThreadPoolExecutor.runWorker(ThreadPoolExecutor.java:1144)
	at java.base/java.util.concurrent.ThreadPoolExecutor$Worker.run(ThreadPoolExecutor.java:642)
	at java.base/java.lang.Thread.run(Thread.java:1583)
Caused by: org.apache.ratis.protocol.exceptions.GroupMismatchException: cfedd3f1-5d02-4847-a363-6f2972b00a97: group-4D5619C3D8B6 not found.
	at org.apache.ratis.server.impl.RaftServerProxy$ImplMap.get(RaftServerProxy.java:160)
	at org.apache.ratis.server.impl.RaftServerProxy.getImplFuture(RaftServerProxy.java:370)
	at org.apache.ratis.server.impl.RaftServerProxy.appendEntriesAsync(RaftServerProxy.java:650)
	... 12 more
2025-07-19 06:07:50,958 [grpc-default-executor-3] INFO  leader.LogAppender (LogAppenderBase.java:lambda$getNextIndexForError$0(215)) - Decrease nextIndex to 1
2025-07-19 06:07:50,958 [grpc-default-executor-3] INFO  leader.LogAppender (LogAppenderBase.java:lambda$getNextIndexForError$0(215)) - Decrease nextIndex to 1
2025-07-19 06:07:50,958 [grpc-default-executor-3] INFO  leader.FollowerInfo (FollowerInfoImpl.java:info(70)) - d1f2401f-ce3c-4cd7-b613-e85afa8c39c7@group-4D5619C3D8B6->cfedd3f1-5d02-4847-a363-6f2972b00a97: computeNextIndex nextIndex: updateUnconditionally 3 -> 1
2025-07-19 06:07:51,059 [EventQueue-PipelineActionsForPipelineActionHandler] INFO  pipeline.PipelineActionHandler (PipelineActionHandler.java:processPipelineAction(89)) - Received pipeline action CLOSE for Pipeline-850d62e6-9d07-48c2-bfd0-36b9588d9eb5 from datanode aa0cb613-fc94-4131-90ab-17bcd78458c4(localhost/127.0.0.1). Reason : Chunks directory /home/runner/work/ozone/ozone/hadoop-ozone/integration-test/target/test-dir/MiniOzoneClusterImpl-09c4c6e1-5ab0-4195-ac7b-5aec6defaa36/ozone-meta/datanode-2/data-0/hdds/09c4c6e1-5ab0-4195-ac7b-5aec6defaa36/current/containerDir0/7/chunks does not exist.
2025-07-19 06:07:51,259 [EventQueue-PipelineActionsForPipelineActionHandler] INFO  pipeline.PipelineActionHandler (PipelineActionHandler.java:processPipelineAction(89)) - Received pipeline action CLOSE for Pipeline-850d62e6-9d07-48c2-bfd0-36b9588d9eb5 from datanode aa0cb613-fc94-4131-90ab-17bcd78458c4(localhost/127.0.0.1). Reason : Chunks directory /home/runner/work/ozone/ozone/hadoop-ozone/integration-test/target/test-dir/MiniOzoneClusterImpl-09c4c6e1-5ab0-4195-ac7b-5aec6defaa36/ozone-meta/datanode-2/data-0/hdds/09c4c6e1-5ab0-4195-ac7b-5aec6defaa36/current/containerDir0/7/chunks does not exist.
2025-07-19 06:07:51,441 [aa0cb613-fc94-4131-90ab-17bcd78458c4@group-36B9588D9EB5-LeaderStateImpl] ERROR util.ExitUtils (ExitUtils.java:terminate(133)) - Terminating with exit status -1: Thread[#1288,aa0cb613-fc94-4131-90ab-17bcd78458c4@group-36B9588D9EB5-LeaderStateImpl,5,aa0cb613-fc94-4131-90ab-17bcd78458c4@group-36B9588D9EB5] has thrown an uncaught exception
java.lang.IllegalStateException: aa0cb613-fc94-4131-90ab-17bcd78458c4@group-36B9588D9EB5-SegmentedRaftLog is expected to be opened but it is CLOSED
	at org.apache.ratis.util.OpenCloseState.assertOpen(OpenCloseState.java:63)
	at org.apache.ratis.server.raftlog.RaftLogBase.checkLogState(RaftLogBase.java:112)
	at org.apache.ratis.server.raftlog.segmented.SegmentedRaftLog.getLastEntryTermIndex(SegmentedRaftLog.java:356)
	at org.apache.ratis.server.impl.ServerState.getLastEntry(ServerState.java:310)
	at org.apache.ratis.server.impl.LeaderStateImpl.checkPeersForYieldingLeader(LeaderStateImpl.java:1081)
	at org.apache.ratis.server.impl.LeaderStateImpl.access$800(LeaderStateImpl.java:101)
	at org.apache.ratis.server.impl.LeaderStateImpl$EventProcessor.run(LeaderStateImpl.java:769)
Caused by: org.apache.ratis.util.OpenCloseState$CloseTrace: Close aa0cb613-fc94-4131-90ab-17bcd78458c4@group-36B9588D9EB5-SegmentedRaftLog
	at org.apache.ratis.util.OpenCloseState.lambda$close$1(OpenCloseState.java:109)
	at java.base/java.util.concurrent.atomic.AtomicReference.getAndUpdate(AtomicReference.java:188)
	at org.apache.ratis.util.OpenCloseState.close(OpenCloseState.java:109)
	at org.apache.ratis.server.raftlog.RaftLogBase.close(RaftLogBase.java:393)
	at org.apache.ratis.server.raftlog.segmented.SegmentedRaftLog.close(SegmentedRaftLog.java:528)
	at org.apache.ratis.server.raftlog.RaftLogBase.lambda$appendImpl$3(RaftLogBase.java:206)
	at java.base/java.util.concurrent.CompletableFuture.uniWhenComplete(CompletableFuture.java:863)
	at java.base/java.util.concurrent.CompletableFuture$UniWhenComplete.tryFire(CompletableFuture.java:841)
	at java.base/java.util.concurrent.CompletableFuture.postComplete(CompletableFuture.java:510)
	at java.base/java.util.concurrent.CompletableFuture.completeExceptionally(CompletableFuture.java:2194)
	at org.apache.ratis.server.raftlog.segmented.SegmentedRaftLog$Task.failed(SegmentedRaftLog.java:109)
	at org.apache.ratis.server.raftlog.segmented.SegmentedRaftLogWorker$WriteLog.failed(SegmentedRaftLogWorker.java:530)
	at org.apache.ratis.server.raftlog.segmented.SegmentedRaftLogWorker.run(SegmentedRaftLogWorker.java:326)
	at java.base/java.util.concurrent.Executors$RunnableAdapter.call(Executors.java:572)
	at java.base/java.util.concurrent.FutureTask.run(FutureTask.java:317)
	at java.base/java.util.concurrent.ThreadPoolExecutor.runWorker(ThreadPoolExecutor.java:1144)
	at java.base/java.util.concurrent.ThreadPoolExecutor$Worker.run(ThreadPoolExecutor.java:642)
	at java.base/java.lang.Thread.run(Thread.java:1583)
2025-07-19 06:07:51,460 [EventQueue-PipelineActionsForPipelineActionHandler] INFO  pipeline.PipelineActionHandler (PipelineActionHandler.java:processPipelineAction(89)) - Received pipeline action CLOSE for Pipeline-850d62e6-9d07-48c2-bfd0-36b9588d9eb5 from datanode aa0cb613-fc94-4131-90ab-17bcd78458c4(localhost/127.0.0.1). Reason : Chunks directory /home/runner/work/ozone/ozone/hadoop-ozone/integration-test/target/test-dir/MiniOzoneClusterImpl-09c4c6e1-5ab0-4195-ac7b-5aec6defaa36/ozone-meta/datanode-2/data-0/hdds/09c4c6e1-5ab0-4195-ac7b-5aec6defaa36/current/containerDir0/7/chunks does not exist.
2025-07-19 06:07:51,626 [timer6] WARN  server.GrpcLogAppender (GrpcLogAppender.java:timeoutAppendRequest(448)) - d1f2401f-ce3c-4cd7-b613-e85afa8c39c7@group-51802BB6A696->cfedd3f1-5d02-4847-a363-6f2972b00a97-GrpcLogAppender: Timed out HEARTBEAT appendEntries, errorCount=10, request=AppendEntriesRequest:cid=6950,entriesCount=0
2025-07-19 06:07:51,659 [EventQueue-PipelineActionsForPipelineActionHandler] INFO  pipeline.PipelineActionHandler (PipelineActionHandler.java:processPipelineAction(89)) - Received pipeline action CLOSE for Pipeline-850d62e6-9d07-48c2-bfd0-36b9588d9eb5 from datanode aa0cb613-fc94-4131-90ab-17bcd78458c4(localhost/127.0.0.1). Reason : Chunks directory /home/runner/work/ozone/ozone/hadoop-ozone/integration-test/target/test-dir/MiniOzoneClusterImpl-09c4c6e1-5ab0-4195-ac7b-5aec6defaa36/ozone-meta/datanode-2/data-0/hdds/09c4c6e1-5ab0-4195-ac7b-5aec6defaa36/current/containerDir0/7/chunks does not exist.
2025-07-19 06:07:51,859 [EventQueue-PipelineActionsForPipelineActionHandler] INFO  pipeline.PipelineActionHandler (PipelineActionHandler.java:processPipelineAction(89)) - Received pipeline action CLOSE for Pipeline-850d62e6-9d07-48c2-bfd0-36b9588d9eb5 from datanode aa0cb613-fc94-4131-90ab-17bcd78458c4(localhost/127.0.0.1). Reason : Chunks directory /home/runner/work/ozone/ozone/hadoop-ozone/integration-test/target/test-dir/MiniOzoneClusterImpl-09c4c6e1-5ab0-4195-ac7b-5aec6defaa36/ozone-meta/datanode-2/data-0/hdds/09c4c6e1-5ab0-4195-ac7b-5aec6defaa36/current/containerDir0/7/chunks does not exist.
2025-07-19 06:07:51,863 [BackgroundPipelineScrubber] INFO  pipeline.PipelineManagerImpl (PipelineManagerImpl.java:scrubPipelines(602)) - Scrubbing pipeline: id: Pipeline-850d62e6-9d07-48c2-bfd0-36b9588d9eb5 since it stays at CLOSED stage.
2025-07-19 06:07:51,865 [BackgroundPipelineScrubber] INFO  pipeline.RatisPipelineProvider (RatisPipelineProvider.java:lambda$close$4(273)) - Send pipeline:Pipeline-850d62e6-9d07-48c2-bfd0-36b9588d9eb5 close command to datanode aa0cb613-fc94-4131-90ab-17bcd78458c4
2025-07-19 06:07:51,865 [BackgroundPipelineScrubber] INFO  pipeline.PipelineManagerImpl (PipelineManagerImpl.java:removePipeline(464)) - Pipeline Pipeline{ Id: 850d62e6-9d07-48c2-bfd0-36b9588d9eb5, Nodes: [ {aa0cb613-fc94-4131-90ab-17bcd78458c4(localhost/127.0.0.1), ReplicaIndex: 0},], ReplicationConfig: RATIS/ONE, State:CLOSED, leaderId:aa0cb613-fc94-4131-90ab-17bcd78458c4, CreationTimestamp2025-07-19T06:07:09.345Z[Etc/UTC]} removed.
2025-07-19 06:07:52,060 [EventQueue-PipelineActionsForPipelineActionHandler] INFO  pipeline.PipelineActionHandler (PipelineActionHandler.java:processPipelineAction(89)) - Received pipeline action CLOSE for Pipeline-850d62e6-9d07-48c2-bfd0-36b9588d9eb5 from datanode aa0cb613-fc94-4131-90ab-17bcd78458c4(localhost/127.0.0.1). Reason : Chunks directory /home/runner/work/ozone/ozone/hadoop-ozone/integration-test/target/test-dir/MiniOzoneClusterImpl-09c4c6e1-5ab0-4195-ac7b-5aec6defaa36/ozone-meta/datanode-2/data-0/hdds/09c4c6e1-5ab0-4195-ac7b-5aec6defaa36/current/containerDir0/7/chunks does not exist.
2025-07-19 06:07:52,060 [EventQueue-PipelineActionsForPipelineActionHandler] WARN  pipeline.PipelineActionHandler (PipelineActionHandler.java:closeUnknownPipeline(117)) - Pipeline action received for unknown Pipeline Pipeline-850d62e6-9d07-48c2-bfd0-36b9588d9eb5, firing close pipeline event.
2025-07-19 06:07:52,200 [grpc-default-executor-2] WARN  server.GrpcServerProtocolService (LogUtils.java:warn(129)) - cfedd3f1-5d02-4847-a363-6f2972b00a97: Failed APPEND_ENTRIES request d1f2401f-ce3c-4cd7-b613-e85afa8c39c7->cfedd3f1-5d02-4847-a363-6f2972b00a97#11-t2,previous=(t:1, i:0),leaderCommit=2,initializing? false,entries: size=2, first=(t:2, i:1), CONFIGURATIONENTRY(current:id:"cfedd3f1-5d02-4847-a363-6f2972b00a97"address:"127.0.0.1:15039"priority:1dataStreamAddress:"127.0.0.1:15040"clientAddress:"127.0.0.1:15037"adminAddress:"127.0.0.1:15038"startupRole:FOLLOWER, id:"e80b39d0-2325-4ff7-b450-1b10ae88e746"address:"127.0.0.1:15055"dataStreamAddress:"127.0.0.1:15056"clientAddress:"127.0.0.1:15053"adminAddress:"127.0.0.1:15054"startupRole:FOLLOWER, id:"d1f2401f-ce3c-4cd7-b613-e85afa8c39c7"address:"127.0.0.1:15047"dataStreamAddress:"127.0.0.1:15048"clientAddress:"127.0.0.1:15045"adminAddress:"127.0.0.1:15046"startupRole:FOLLOWER, old:)
java.util.concurrent.CompletionException: org.apache.ratis.protocol.exceptions.GroupMismatchException: cfedd3f1-5d02-4847-a363-6f2972b00a97: group-4D5619C3D8B6 not found.
	at java.base/java.util.concurrent.CompletableFuture.encodeThrowable(CompletableFuture.java:332)
	at java.base/java.util.concurrent.CompletableFuture.uniComposeStage(CompletableFuture.java:1177)
	at java.base/java.util.concurrent.CompletableFuture.thenCompose(CompletableFuture.java:2341)
	at org.apache.ratis.server.impl.RaftServerProxy.appendEntriesAsync(RaftServerProxy.java:651)
	at org.apache.ratis.grpc.server.GrpcServerProtocolService$1.process(GrpcServerProtocolService.java:245)
	at org.apache.ratis.grpc.server.GrpcServerProtocolService$1.process(GrpcServerProtocolService.java:242)
	at org.apache.ratis.grpc.server.GrpcServerProtocolService$ServerRequestStreamObserver.onNext(GrpcServerProtocolService.java:150)
	at org.apache.ratis.thirdparty.io.grpc.stub.ServerCalls$StreamingServerCallHandler$StreamingServerCallListener.onMessage(ServerCalls.java:262)
	at org.apache.ratis.thirdparty.io.grpc.internal.ServerCallImpl$ServerStreamListenerImpl.messagesAvailableInternal(ServerCallImpl.java:334)
	at org.apache.ratis.thirdparty.io.grpc.internal.ServerCallImpl$ServerStreamListenerImpl.messagesAvailable(ServerCallImpl.java:319)
	at org.apache.ratis.thirdparty.io.grpc.internal.ServerImpl$JumpToApplicationThreadServerStreamListener$1MessagesAvailable.runInContext(ServerImpl.java:834)
	at org.apache.ratis.thirdparty.io.grpc.internal.ContextRunnable.run(ContextRunnable.java:37)
	at org.apache.ratis.thirdparty.io.grpc.internal.SerializingExecutor.run(SerializingExecutor.java:133)
	at java.base/java.util.concurrent.ThreadPoolExecutor.runWorker(ThreadPoolExecutor.java:1144)
	at java.base/java.util.concurrent.ThreadPoolExecutor$Worker.run(ThreadPoolExecutor.java:642)
	at java.base/java.lang.Thread.run(Thread.java:1583)
Caused by: org.apache.ratis.protocol.exceptions.GroupMismatchException: cfedd3f1-5d02-4847-a363-6f2972b00a97: group-4D5619C3D8B6 not found.
	at org.apache.ratis.server.impl.RaftServerProxy$ImplMap.get(RaftServerProxy.java:160)
	at org.apache.ratis.server.impl.RaftServerProxy.getImplFuture(RaftServerProxy.java:370)
	at org.apache.ratis.server.impl.RaftServerProxy.appendEntriesAsync(RaftServerProxy.java:650)
	... 12 more
2025-07-19 06:07:52,202 [grpc-default-executor-2] INFO  leader.LogAppender (LogAppenderBase.java:lambda$getNextIndexForError$0(215)) - Decrease nextIndex to 1
2025-07-19 06:07:52,202 [grpc-default-executor-2] INFO  leader.LogAppender (LogAppenderBase.java:lambda$getNextIndexForError$0(215)) - Decrease nextIndex to 1
2025-07-19 06:07:52,202 [grpc-default-executor-2] INFO  leader.FollowerInfo (FollowerInfoImpl.java:info(70)) - d1f2401f-ce3c-4cd7-b613-e85afa8c39c7@group-4D5619C3D8B6->cfedd3f1-5d02-4847-a363-6f2972b00a97: computeNextIndex nextIndex: updateUnconditionally 3 -> 1
2025-07-19 06:07:52,260 [EventQueue-PipelineActionsForPipelineActionHandler] INFO  pipeline.PipelineActionHandler (PipelineActionHandler.java:processPipelineAction(89)) - Received pipeline action CLOSE for Pipeline-850d62e6-9d07-48c2-bfd0-36b9588d9eb5 from datanode aa0cb613-fc94-4131-90ab-17bcd78458c4(localhost/127.0.0.1). Reason : Chunks directory /home/runner/work/ozone/ozone/hadoop-ozone/integration-test/target/test-dir/MiniOzoneClusterImpl-09c4c6e1-5ab0-4195-ac7b-5aec6defaa36/ozone-meta/datanode-2/data-0/hdds/09c4c6e1-5ab0-4195-ac7b-5aec6defaa36/current/containerDir0/7/chunks does not exist.
2025-07-19 06:07:52,260 [EventQueue-PipelineReportForPipelineReportHandler] INFO  pipeline.PipelineReportHandler (PipelineReportHandler.java:handlePipelineNotFoundException(98)) - Pipeline Pipeline-850d62e6-9d07-48c2-bfd0-36b9588d9eb5, reported by datanode aa0cb613-fc94-4131-90ab-17bcd78458c4(localhost/127.0.0.1) is not found.
2025-07-19 06:07:52,260 [EventQueue-PipelineActionsForPipelineActionHandler] WARN  pipeline.PipelineActionHandler (PipelineActionHandler.java:closeUnknownPipeline(117)) - Pipeline action received for unknown Pipeline Pipeline-850d62e6-9d07-48c2-bfd0-36b9588d9eb5, firing close pipeline event.
2025-07-19 06:07:52,459 [aa0cb613-fc94-4131-90ab-17bcd78458c4-PipelineCommandHandlerThread-0] INFO  server.RaftServer (RaftServerProxy.java:remove(116)) - aa0cb613-fc94-4131-90ab-17bcd78458c4: remove    LEADER (RUNNING): aa0cb613-fc94-4131-90ab-17bcd78458c4@group-36B9588D9EB5:t1, leader=aa0cb613-fc94-4131-90ab-17bcd78458c4, voted=aa0cb613-fc94-4131-90ab-17bcd78458c4, raftlog=Memoized:aa0cb613-fc94-4131-90ab-17bcd78458c4@group-36B9588D9EB5-SegmentedRaftLog:CLOSED:c3, conf=conf: {index: 0, cur=peers:[aa0cb613-fc94-4131-90ab-17bcd78458c4|127.0.0.1:15023]|listeners:[], old=null}
2025-07-19 06:07:52,459 [aa0cb613-fc94-4131-90ab-17bcd78458c4-PipelineCommandHandlerThread-0] INFO  server.RaftServer$Division (RaftServerImpl.java:lambda$close$1(527)) - aa0cb613-fc94-4131-90ab-17bcd78458c4@group-36B9588D9EB5: shutdown
2025-07-19 06:07:52,459 [aa0cb613-fc94-4131-90ab-17bcd78458c4-PipelineCommandHandlerThread-0] INFO  util.JmxRegister (JmxRegister.java:unregister(74)) - Successfully un-registered JMX Bean with object name Ratis:service=RaftServer,group=group-36B9588D9EB5,id=aa0cb613-fc94-4131-90ab-17bcd78458c4
2025-07-19 06:07:52,459 [aa0cb613-fc94-4131-90ab-17bcd78458c4-PipelineCommandHandlerThread-0] INFO  impl.RoleInfo (RoleInfo.java:shutdownLeaderState(103)) - aa0cb613-fc94-4131-90ab-17bcd78458c4: shutdown aa0cb613-fc94-4131-90ab-17bcd78458c4@group-36B9588D9EB5-LeaderStateImpl
2025-07-19 06:07:52,459 [aa0cb613-fc94-4131-90ab-17bcd78458c4-PipelineCommandHandlerThread-0] INFO  impl.PendingRequests (PendingRequests.java:sendNotLeaderResponses(287)) - aa0cb613-fc94-4131-90ab-17bcd78458c4@group-36B9588D9EB5-PendingRequests: sendNotLeaderResponses
2025-07-19 06:07:52,460 [EventQueue-PipelineReportForPipelineReportHandler] INFO  pipeline.PipelineReportHandler (PipelineReportHandler.java:handlePipelineNotFoundException(98)) - Pipeline Pipeline-850d62e6-9d07-48c2-bfd0-36b9588d9eb5, reported by datanode aa0cb613-fc94-4131-90ab-17bcd78458c4(localhost/127.0.0.1) is not found.
2025-07-19 06:07:52,461 [aa0cb613-fc94-4131-90ab-17bcd78458c4-PipelineCommandHandlerThread-0] INFO  impl.StateMachineUpdater (StateMachineUpdater.java:stopAndJoin(163)) - aa0cb613-fc94-4131-90ab-17bcd78458c4@group-36B9588D9EB5-StateMachineUpdater: set stopIndex = 3
2025-07-19 06:07:52,461 [aa0cb613-fc94-4131-90ab-17bcd78458c4@group-36B9588D9EB5-StateMachineUpdater] ERROR ratis.ContainerStateMachine (ContainerStateMachine.java:takeSnapshot(421)) - Failed to take snapshot  for group-36B9588D9EB5 as the stateMachine is unhealthy. The last applied index is at (t:1, i:3)
2025-07-19 06:07:52,461 [aa0cb613-fc94-4131-90ab-17bcd78458c4@group-36B9588D9EB5-StateMachineUpdater] ERROR impl.StateMachineUpdater (StateMachineUpdater.java:takeSnapshot(302)) - aa0cb613-fc94-4131-90ab-17bcd78458c4@group-36B9588D9EB5-StateMachineUpdater: Failed to take snapshot
org.apache.ratis.protocol.exceptions.StateMachineException: Failed to take snapshot  for group-36B9588D9EB5 as the stateMachine is unhealthy. The last applied index is at (t:1, i:3)
	at org.apache.hadoop.ozone.container.common.transport.server.ratis.ContainerStateMachine.takeSnapshot(ContainerStateMachine.java:420)
	at org.apache.ratis.server.impl.StateMachineUpdater.takeSnapshot(StateMachineUpdater.java:290)
	at org.apache.ratis.server.impl.StateMachineUpdater.checkAndTakeSnapshot(StateMachineUpdater.java:281)
	at org.apache.ratis.server.impl.StateMachineUpdater.run(StateMachineUpdater.java:194)
	at java.base/java.lang.Thread.run(Thread.java:1583)
2025-07-19 06:07:52,461 [aa0cb613-fc94-4131-90ab-17bcd78458c4@group-36B9588D9EB5-StateMachineUpdater] INFO  impl.StateMachineUpdater (StateMachineUpdater.java:stop(140)) - aa0cb613-fc94-4131-90ab-17bcd78458c4@group-36B9588D9EB5-StateMachineUpdater: closing ContainerStateMachine, lastApplied=(t:1, i:3)
2025-07-19 06:07:52,462 [aa0cb613-fc94-4131-90ab-17bcd78458c4-PipelineCommandHandlerThread-0] INFO  segmented.SegmentedRaftLogWorker (SegmentedRaftLogWorker.java:close(254)) - aa0cb613-fc94-4131-90ab-17bcd78458c4@group-36B9588D9EB5-SegmentedRaftLogWorker close()
2025-07-19 06:07:52,463 [aa0cb613-fc94-4131-90ab-17bcd78458c4-PipelineCommandHandlerThread-0] INFO  server.RaftServer$Division (RaftServerImpl.java:groupRemove(497)) - aa0cb613-fc94-4131-90ab-17bcd78458c4@group-36B9588D9EB5: Succeed to remove RaftStorageDirectory Storage Directory /home/runner/work/ozone/ozone/hadoop-ozone/integration-test/target/test-dir/MiniOzoneClusterImpl-09c4c6e1-5ab0-4195-ac7b-5aec6defaa36/ozone-meta/datanode-2/ratis/850d62e6-9d07-48c2-bfd0-36b9588d9eb5
2025-07-19 06:07:52,463 [aa0cb613-fc94-4131-90ab-17bcd78458c4-PipelineCommandHandlerThread-0] INFO  commandhandler.ClosePipelineCommandHandler (ClosePipelineCommandHandler.java:lambda$handle$2(142)) - Close Pipeline Pipeline-850d62e6-9d07-48c2-bfd0-36b9588d9eb5 command on datanode aa0cb613-fc94-4131-90ab-17bcd78458c4(localhost/127.0.0.1).
2025-07-19 06:07:52,878 [timer3] WARN  server.GrpcLogAppender (GrpcLogAppender.java:timeoutAppendRequest(448)) - d1f2401f-ce3c-4cd7-b613-e85afa8c39c7@group-51802BB6A696->cfedd3f1-5d02-4847-a363-6f2972b00a97-GrpcLogAppender: Timed out HEARTBEAT appendEntries, errorCount=11, request=AppendEntriesRequest:cid=6951,entriesCount=0
2025-07-19 06:07:53,444 [timer5] WARN  server.GrpcLogAppender (LogUtils.java:warn(129)) - d1f2401f-ce3c-4cd7-b613-e85afa8c39c7@group-4D5619C3D8B6->cfedd3f1-5d02-4847-a363-6f2972b00a97-AppendLogResponseHandler: Failed appendEntries (Repeated 7 times in the last 5.000s)
org.apache.ratis.protocol.exceptions.GroupMismatchException: cfedd3f1-5d02-4847-a363-6f2972b00a97: group-4D5619C3D8B6 not found.
	at org.apache.ratis.server.impl.RaftServerProxy$ImplMap.get(RaftServerProxy.java:160)
	at org.apache.ratis.server.impl.RaftServerProxy.getImplFuture(RaftServerProxy.java:370)
	at org.apache.ratis.server.impl.RaftServerProxy.appendEntriesAsync(RaftServerProxy.java:650)
	at org.apache.ratis.grpc.server.GrpcServerProtocolService$1.process(GrpcServerProtocolService.java:245)
	at org.apache.ratis.grpc.server.GrpcServerProtocolService$1.process(GrpcServerProtocolService.java:242)
	at org.apache.ratis.grpc.server.GrpcServerProtocolService$ServerRequestStreamObserver.onNext(GrpcServerProtocolService.java:150)
	at org.apache.ratis.thirdparty.io.grpc.stub.ServerCalls$StreamingServerCallHandler$StreamingServerCallListener.onMessage(ServerCalls.java:262)
	at org.apache.ratis.thirdparty.io.grpc.internal.ServerCallImpl$ServerStreamListenerImpl.messagesAvailableInternal(ServerCallImpl.java:334)
	at org.apache.ratis.thirdparty.io.grpc.internal.ServerCallImpl$ServerStreamListenerImpl.messagesAvailable(ServerCallImpl.java:319)
	at org.apache.ratis.thirdparty.io.grpc.internal.ServerImpl$JumpToApplicationThreadServerStreamListener$1MessagesAvailable.runInContext(ServerImpl.java:834)
	at org.apache.ratis.thirdparty.io.grpc.internal.ContextRunnable.run(ContextRunnable.java:37)
	at org.apache.ratis.thirdparty.io.grpc.internal.SerializingExecutor.run(SerializingExecutor.java:133)
	at java.base/java.util.concurrent.ThreadPoolExecutor.runWorker(ThreadPoolExecutor.java:1144)
	at java.base/java.util.concurrent.ThreadPoolExecutor$Worker.run(ThreadPoolExecutor.java:642)
	at java.base/java.lang.Thread.run(Thread.java:1583)
2025-07-19 06:07:53,453 [grpc-default-executor-2] WARN  server.GrpcServerProtocolService (LogUtils.java:warn(129)) - cfedd3f1-5d02-4847-a363-6f2972b00a97: Failed APPEND_ENTRIES request d1f2401f-ce3c-4cd7-b613-e85afa8c39c7->cfedd3f1-5d02-4847-a363-6f2972b00a97#13-t2,previous=(t:1, i:0),leaderCommit=2,initializing? false,entries: size=2, first=(t:2, i:1), CONFIGURATIONENTRY(current:id:"cfedd3f1-5d02-4847-a363-6f2972b00a97"address:"127.0.0.1:15039"priority:1dataStreamAddress:"127.0.0.1:15040"clientAddress:"127.0.0.1:15037"adminAddress:"127.0.0.1:15038"startupRole:FOLLOWER, id:"e80b39d0-2325-4ff7-b450-1b10ae88e746"address:"127.0.0.1:15055"dataStreamAddress:"127.0.0.1:15056"clientAddress:"127.0.0.1:15053"adminAddress:"127.0.0.1:15054"startupRole:FOLLOWER, id:"d1f2401f-ce3c-4cd7-b613-e85afa8c39c7"address:"127.0.0.1:15047"dataStreamAddress:"127.0.0.1:15048"clientAddress:"127.0.0.1:15045"adminAddress:"127.0.0.1:15046"startupRole:FOLLOWER, old:)
java.util.concurrent.CompletionException: org.apache.ratis.protocol.exceptions.GroupMismatchException: cfedd3f1-5d02-4847-a363-6f2972b00a97: group-4D5619C3D8B6 not found.
	at java.base/java.util.concurrent.CompletableFuture.encodeThrowable(CompletableFuture.java:332)
	at java.base/java.util.concurrent.CompletableFuture.uniComposeStage(CompletableFuture.java:1177)
	at java.base/java.util.concurrent.CompletableFuture.thenCompose(CompletableFuture.java:2341)
	at org.apache.ratis.server.impl.RaftServerProxy.appendEntriesAsync(RaftServerProxy.java:651)
	at org.apache.ratis.grpc.server.GrpcServerProtocolService$1.process(GrpcServerProtocolService.java:245)
	at org.apache.ratis.grpc.server.GrpcServerProtocolService$1.process(GrpcServerProtocolService.java:242)
	at org.apache.ratis.grpc.server.GrpcServerProtocolService$ServerRequestStreamObserver.onNext(GrpcServerProtocolService.java:150)
	at org.apache.ratis.thirdparty.io.grpc.stub.ServerCalls$StreamingServerCallHandler$StreamingServerCallListener.onMessage(ServerCalls.java:262)
	at org.apache.ratis.thirdparty.io.grpc.internal.ServerCallImpl$ServerStreamListenerImpl.messagesAvailableInternal(ServerCallImpl.java:334)
	at org.apache.ratis.thirdparty.io.grpc.internal.ServerCallImpl$ServerStreamListenerImpl.messagesAvailable(ServerCallImpl.java:319)
	at org.apache.ratis.thirdparty.io.grpc.internal.ServerImpl$JumpToApplicationThreadServerStreamListener$1MessagesAvailable.runInContext(ServerImpl.java:834)
	at org.apache.ratis.thirdparty.io.grpc.internal.ContextRunnable.run(ContextRunnable.java:37)
	at org.apache.ratis.thirdparty.io.grpc.internal.SerializingExecutor.run(SerializingExecutor.java:133)
	at java.base/java.util.concurrent.ThreadPoolExecutor.runWorker(ThreadPoolExecutor.java:1144)
	at java.base/java.util.concurrent.ThreadPoolExecutor$Worker.run(ThreadPoolExecutor.java:642)
	at java.base/java.lang.Thread.run(Thread.java:1583)
Caused by: org.apache.ratis.protocol.exceptions.GroupMismatchException: cfedd3f1-5d02-4847-a363-6f2972b00a97: group-4D5619C3D8B6 not found.
	at org.apache.ratis.server.impl.RaftServerProxy$ImplMap.get(RaftServerProxy.java:160)
	at org.apache.ratis.server.impl.RaftServerProxy.getImplFuture(RaftServerProxy.java:370)
	at org.apache.ratis.server.impl.RaftServerProxy.appendEntriesAsync(RaftServerProxy.java:650)
	... 12 more
2025-07-19 06:07:53,454 [grpc-default-executor-2] WARN  server.GrpcLogAppender (LogUtils.java:warn(129)) - d1f2401f-ce3c-4cd7-b613-e85afa8c39c7@group-4D5619C3D8B6->cfedd3f1-5d02-4847-a363-6f2972b00a97-AppendLogResponseHandler: Failed appendEntries
org.apache.ratis.protocol.exceptions.GroupMismatchException: cfedd3f1-5d02-4847-a363-6f2972b00a97: group-4D5619C3D8B6 not found.
	at org.apache.ratis.server.impl.RaftServerProxy$ImplMap.get(RaftServerProxy.java:160)
	at org.apache.ratis.server.impl.RaftServerProxy.getImplFuture(RaftServerProxy.java:370)
	at org.apache.ratis.server.impl.RaftServerProxy.appendEntriesAsync(RaftServerProxy.java:650)
	at org.apache.ratis.grpc.server.GrpcServerProtocolService$1.process(GrpcServerProtocolService.java:245)
	at org.apache.ratis.grpc.server.GrpcServerProtocolService$1.process(GrpcServerProtocolService.java:242)
	at org.apache.ratis.grpc.server.GrpcServerProtocolService$ServerRequestStreamObserver.onNext(GrpcServerProtocolService.java:150)
	at org.apache.ratis.thirdparty.io.grpc.stub.ServerCalls$StreamingServerCallHandler$StreamingServerCallListener.onMessage(ServerCalls.java:262)
	at org.apache.ratis.thirdparty.io.grpc.internal.ServerCallImpl$ServerStreamListenerImpl.messagesAvailableInternal(ServerCallImpl.java:334)
	at org.apache.ratis.thirdparty.io.grpc.internal.ServerCallImpl$ServerStreamListenerImpl.messagesAvailable(ServerCallImpl.java:319)
	at org.apache.ratis.thirdparty.io.grpc.internal.ServerImpl$JumpToApplicationThreadServerStreamListener$1MessagesAvailable.runInContext(ServerImpl.java:834)
	at org.apache.ratis.thirdparty.io.grpc.internal.ContextRunnable.run(ContextRunnable.java:37)
	at org.apache.ratis.thirdparty.io.grpc.internal.SerializingExecutor.run(SerializingExecutor.java:133)
	at java.base/java.util.concurrent.ThreadPoolExecutor.runWorker(ThreadPoolExecutor.java:1144)
	at java.base/java.util.concurrent.ThreadPoolExecutor$Worker.run(ThreadPoolExecutor.java:642)
	at java.base/java.lang.Thread.run(Thread.java:1583)
2025-07-19 06:07:53,455 [grpc-default-executor-2] INFO  leader.LogAppender (LogAppenderBase.java:lambda$getNextIndexForError$0(215)) - Decrease nextIndex to 1
2025-07-19 06:07:53,455 [grpc-default-executor-2] INFO  leader.LogAppender (LogAppenderBase.java:lambda$getNextIndexForError$0(215)) - Decrease nextIndex to 1
2025-07-19 06:07:53,455 [grpc-default-executor-2] INFO  leader.FollowerInfo (FollowerInfoImpl.java:info(70)) - d1f2401f-ce3c-4cd7-b613-e85afa8c39c7@group-4D5619C3D8B6->cfedd3f1-5d02-4847-a363-6f2972b00a97: computeNextIndex nextIndex: updateUnconditionally 3 -> 1
2025-07-19 06:07:54,129 [timer4] WARN  server.GrpcLogAppender (GrpcLogAppender.java:timeoutAppendRequest(448)) - d1f2401f-ce3c-4cd7-b613-e85afa8c39c7@group-51802BB6A696->cfedd3f1-5d02-4847-a363-6f2972b00a97-GrpcLogAppender: Timed out HEARTBEAT appendEntries, errorCount=12, request=AppendEntriesRequest:cid=6952,entriesCount=0
2025-07-19 06:07:54,706 [grpc-default-executor-3] WARN  server.GrpcServerProtocolService (LogUtils.java:warn(129)) - cfedd3f1-5d02-4847-a363-6f2972b00a97: Failed APPEND_ENTRIES request d1f2401f-ce3c-4cd7-b613-e85afa8c39c7->cfedd3f1-5d02-4847-a363-6f2972b00a97#15-t2,previous=(t:1, i:0),leaderCommit=2,initializing? false,entries: size=2, first=(t:2, i:1), CONFIGURATIONENTRY(current:id:"cfedd3f1-5d02-4847-a363-6f2972b00a97"address:"127.0.0.1:15039"priority:1dataStreamAddress:"127.0.0.1:15040"clientAddress:"127.0.0.1:15037"adminAddress:"127.0.0.1:15038"startupRole:FOLLOWER, id:"e80b39d0-2325-4ff7-b450-1b10ae88e746"address:"127.0.0.1:15055"dataStreamAddress:"127.0.0.1:15056"clientAddress:"127.0.0.1:15053"adminAddress:"127.0.0.1:15054"startupRole:FOLLOWER, id:"d1f2401f-ce3c-4cd7-b613-e85afa8c39c7"address:"127.0.0.1:15047"dataStreamAddress:"127.0.0.1:15048"clientAddress:"127.0.0.1:15045"adminAddress:"127.0.0.1:15046"startupRole:FOLLOWER, old:)
java.util.concurrent.CompletionException: org.apache.ratis.protocol.exceptions.GroupMismatchException: cfedd3f1-5d02-4847-a363-6f2972b00a97: group-4D5619C3D8B6 not found.
	at java.base/java.util.concurrent.CompletableFuture.encodeThrowable(CompletableFuture.java:332)
	at java.base/java.util.concurrent.CompletableFuture.uniComposeStage(CompletableFuture.java:1177)
	at java.base/java.util.concurrent.CompletableFuture.thenCompose(CompletableFuture.java:2341)
	at org.apache.ratis.server.impl.RaftServerProxy.appendEntriesAsync(RaftServerProxy.java:651)
	at org.apache.ratis.grpc.server.GrpcServerProtocolService$1.process(GrpcServerProtocolService.java:245)
	at org.apache.ratis.grpc.server.GrpcServerProtocolService$1.process(GrpcServerProtocolService.java:242)
	at org.apache.ratis.grpc.server.GrpcServerProtocolService$ServerRequestStreamObserver.onNext(GrpcServerProtocolService.java:150)
	at org.apache.ratis.thirdparty.io.grpc.stub.ServerCalls$StreamingServerCallHandler$StreamingServerCallListener.onMessage(ServerCalls.java:262)
	at org.apache.ratis.thirdparty.io.grpc.internal.ServerCallImpl$ServerStreamListenerImpl.messagesAvailableInternal(ServerCallImpl.java:334)
	at org.apache.ratis.thirdparty.io.grpc.internal.ServerCallImpl$ServerStreamListenerImpl.messagesAvailable(ServerCallImpl.java:319)
	at org.apache.ratis.thirdparty.io.grpc.internal.ServerImpl$JumpToApplicationThreadServerStreamListener$1MessagesAvailable.runInContext(ServerImpl.java:834)
	at org.apache.ratis.thirdparty.io.grpc.internal.ContextRunnable.run(ContextRunnable.java:37)
	at org.apache.ratis.thirdparty.io.grpc.internal.SerializingExecutor.run(SerializingExecutor.java:133)
	at java.base/java.util.concurrent.ThreadPoolExecutor.runWorker(ThreadPoolExecutor.java:1144)
	at java.base/java.util.concurrent.ThreadPoolExecutor$Worker.run(ThreadPoolExecutor.java:642)
	at java.base/java.lang.Thread.run(Thread.java:1583)
Caused by: org.apache.ratis.protocol.exceptions.GroupMismatchException: cfedd3f1-5d02-4847-a363-6f2972b00a97: group-4D5619C3D8B6 not found.
	at org.apache.ratis.server.impl.RaftServerProxy$ImplMap.get(RaftServerProxy.java:160)
	at org.apache.ratis.server.impl.RaftServerProxy.getImplFuture(RaftServerProxy.java:370)
	at org.apache.ratis.server.impl.RaftServerProxy.appendEntriesAsync(RaftServerProxy.java:650)
	... 12 more
2025-07-19 06:07:54,707 [grpc-default-executor-3] INFO  leader.LogAppender (LogAppenderBase.java:lambda$getNextIndexForError$0(215)) - Decrease nextIndex to 1
2025-07-19 06:07:54,707 [grpc-default-executor-3] INFO  leader.LogAppender (LogAppenderBase.java:lambda$getNextIndexForError$0(215)) - Decrease nextIndex to 1
2025-07-19 06:07:54,707 [grpc-default-executor-3] INFO  leader.FollowerInfo (FollowerInfoImpl.java:info(70)) - d1f2401f-ce3c-4cd7-b613-e85afa8c39c7@group-4D5619C3D8B6->cfedd3f1-5d02-4847-a363-6f2972b00a97: computeNextIndex nextIndex: updateUnconditionally 3 -> 1
2025-07-19 06:07:55,380 [timer3] ERROR impl.OrderedAsync (OrderedAsync.java:lambda$null$6(215)) -  client-3F2405A211FC: Failed* RaftClientRequest:client-3F2405A211FC->aa0cb613-fc94-4131-90ab-17bcd78458c4@group-36B9588D9EB5, cid=160, seq=4*, RW, cmdType: WriteChunk
traceID: ""
containerID: 7
datanodeUuid: "aa0cb613-fc94-4131-90ab-17bcd78458c4"
writeChunk {
  blockID {
    containerID: 7
    localID: 115816896921600007
    blockCommitSequenceId: 2
    replicaIndex: 0
  }
  chunkData {
    chunkName: "115816896921600007_chunk_2"
    offset: 5
    len: 5
    checksumData {
      type: CRC32
      bytesPerChecksum: 16384
      checksums: "\350a\3440"
    }
  }
}
version: 3
, data.size=5
java.util.concurrent.CompletionException: org.apache.ratis.protocol.exceptions.AlreadyClosedException: client-3F2405A211FC->aa0cb613-fc94-4131-90ab-17bcd78458c4 is closed.
	at java.base/java.util.concurrent.CompletableFuture.encodeThrowable(CompletableFuture.java:332)
	at java.base/java.util.concurrent.CompletableFuture.uniAcceptNow(CompletableFuture.java:747)
	at java.base/java.util.concurrent.CompletableFuture.uniAcceptStage(CompletableFuture.java:735)
	at java.base/java.util.concurrent.CompletableFuture.thenAccept(CompletableFuture.java:2214)
	at org.apache.ratis.client.impl.OrderedAsync.sendRequestWithRetry(OrderedAsync.java:206)
	at org.apache.ratis.util.SlidingWindow$Client.sendOrDelayRequest(SlidingWindow.java:315)
	at org.apache.ratis.util.SlidingWindow$Client.retry(SlidingWindow.java:331)
	at org.apache.ratis.client.impl.OrderedAsync.lambda$handleException$8(OrderedAsync.java:253)
	at org.apache.ratis.util.TimeoutTimer.lambda$onTimeout$2(TimeoutTimer.java:101)
	at org.apache.ratis.util.LogUtils.runAndLog(LogUtils.java:38)
	at org.apache.ratis.util.LogUtils$1.run(LogUtils.java:78)
	at org.apache.ratis.util.TimeoutTimer$Task.run(TimeoutTimer.java:55)
	at java.base/java.util.TimerThread.mainLoop(Timer.java:566)
	at java.base/java.util.TimerThread.run(Timer.java:516)
Caused by: org.apache.ratis.protocol.exceptions.AlreadyClosedException: client-3F2405A211FC->aa0cb613-fc94-4131-90ab-17bcd78458c4 is closed.
	at org.apache.ratis.grpc.client.GrpcClientProtocolClient$AsyncStreamObservers.onNext(GrpcClientProtocolClient.java:352)
	at org.apache.ratis.grpc.client.GrpcClientRpc.sendRequestAsync(GrpcClientRpc.java:71)
	... 10 more
2025-07-19 06:07:55,380 [timer1] WARN  server.GrpcLogAppender (GrpcLogAppender.java:timeoutAppendRequest(448)) - d1f2401f-ce3c-4cd7-b613-e85afa8c39c7@group-51802BB6A696->cfedd3f1-5d02-4847-a363-6f2972b00a97-GrpcLogAppender: Timed out HEARTBEAT appendEntries, errorCount=13, request=AppendEntriesRequest:cid=6953,entriesCount=0
2025-07-19 06:07:55,960 [grpc-default-executor-2] WARN  server.GrpcServerProtocolService (LogUtils.java:warn(129)) - cfedd3f1-5d02-4847-a363-6f2972b00a97: Failed APPEND_ENTRIES request d1f2401f-ce3c-4cd7-b613-e85afa8c39c7->cfedd3f1-5d02-4847-a363-6f2972b00a97#17-t2,previous=(t:1, i:0),leaderCommit=2,initializing? false,entries: size=2, first=(t:2, i:1), CONFIGURATIONENTRY(current:id:"cfedd3f1-5d02-4847-a363-6f2972b00a97"address:"127.0.0.1:15039"priority:1dataStreamAddress:"127.0.0.1:15040"clientAddress:"127.0.0.1:15037"adminAddress:"127.0.0.1:15038"startupRole:FOLLOWER, id:"e80b39d0-2325-4ff7-b450-1b10ae88e746"address:"127.0.0.1:15055"dataStreamAddress:"127.0.0.1:15056"clientAddress:"127.0.0.1:15053"adminAddress:"127.0.0.1:15054"startupRole:FOLLOWER, id:"d1f2401f-ce3c-4cd7-b613-e85afa8c39c7"address:"127.0.0.1:15047"dataStreamAddress:"127.0.0.1:15048"clientAddress:"127.0.0.1:15045"adminAddress:"127.0.0.1:15046"startupRole:FOLLOWER, old:)
java.util.concurrent.CompletionException: org.apache.ratis.protocol.exceptions.GroupMismatchException: cfedd3f1-5d02-4847-a363-6f2972b00a97: group-4D5619C3D8B6 not found.
	at java.base/java.util.concurrent.CompletableFuture.encodeThrowable(CompletableFuture.java:332)
	at java.base/java.util.concurrent.CompletableFuture.uniComposeStage(CompletableFuture.java:1177)
	at java.base/java.util.concurrent.CompletableFuture.thenCompose(CompletableFuture.java:2341)
	at org.apache.ratis.server.impl.RaftServerProxy.appendEntriesAsync(RaftServerProxy.java:651)
	at org.apache.ratis.grpc.server.GrpcServerProtocolService$1.process(GrpcServerProtocolService.java:245)
	at org.apache.ratis.grpc.server.GrpcServerProtocolService$1.process(GrpcServerProtocolService.java:242)
	at org.apache.ratis.grpc.server.GrpcServerProtocolService$ServerRequestStreamObserver.onNext(GrpcServerProtocolService.java:150)
	at org.apache.ratis.thirdparty.io.grpc.stub.ServerCalls$StreamingServerCallHandler$StreamingServerCallListener.onMessage(ServerCalls.java:262)
	at org.apache.ratis.thirdparty.io.grpc.internal.ServerCallImpl$ServerStreamListenerImpl.messagesAvailableInternal(ServerCallImpl.java:334)
	at org.apache.ratis.thirdparty.io.grpc.internal.ServerCallImpl$ServerStreamListenerImpl.messagesAvailable(ServerCallImpl.java:319)
	at org.apache.ratis.thirdparty.io.grpc.internal.ServerImpl$JumpToApplicationThreadServerStreamListener$1MessagesAvailable.runInContext(ServerImpl.java:834)
	at org.apache.ratis.thirdparty.io.grpc.internal.ContextRunnable.run(ContextRunnable.java:37)
	at org.apache.ratis.thirdparty.io.grpc.internal.SerializingExecutor.run(SerializingExecutor.java:133)
	at java.base/java.util.concurrent.ThreadPoolExecutor.runWorker(ThreadPoolExecutor.java:1144)
	at java.base/java.util.concurrent.ThreadPoolExecutor$Worker.run(ThreadPoolExecutor.java:642)
	at java.base/java.lang.Thread.run(Thread.java:1583)
Caused by: org.apache.ratis.protocol.exceptions.GroupMismatchException: cfedd3f1-5d02-4847-a363-6f2972b00a97: group-4D5619C3D8B6 not found.
	at org.apache.ratis.server.impl.RaftServerProxy$ImplMap.get(RaftServerProxy.java:160)
	at org.apache.ratis.server.impl.RaftServerProxy.getImplFuture(RaftServerProxy.java:370)
	at org.apache.ratis.server.impl.RaftServerProxy.appendEntriesAsync(RaftServerProxy.java:650)
	... 12 more
2025-07-19 06:07:55,961 [grpc-default-executor-2] INFO  leader.LogAppender (LogAppenderBase.java:lambda$getNextIndexForError$0(215)) - Decrease nextIndex to 1
2025-07-19 06:07:55,961 [grpc-default-executor-2] INFO  leader.LogAppender (LogAppenderBase.java:lambda$getNextIndexForError$0(215)) - Decrease nextIndex to 1
2025-07-19 06:07:55,961 [grpc-default-executor-2] INFO  leader.FollowerInfo (FollowerInfoImpl.java:info(70)) - d1f2401f-ce3c-4cd7-b613-e85afa8c39c7@group-4D5619C3D8B6->cfedd3f1-5d02-4847-a363-6f2972b00a97: computeNextIndex nextIndex: updateUnconditionally 3 -> 1
2025-07-19 06:07:56,631 [timer6] WARN  server.GrpcLogAppender (GrpcLogAppender.java:timeoutAppendRequest(448)) - d1f2401f-ce3c-4cd7-b613-e85afa8c39c7@group-51802BB6A696->cfedd3f1-5d02-4847-a363-6f2972b00a97-GrpcLogAppender: Timed out HEARTBEAT appendEntries, errorCount=14, request=AppendEntriesRequest:cid=6954,entriesCount=0
2025-07-19 06:07:57,213 [grpc-default-executor-2] WARN  server.GrpcServerProtocolService (LogUtils.java:warn(129)) - cfedd3f1-5d02-4847-a363-6f2972b00a97: Failed APPEND_ENTRIES request d1f2401f-ce3c-4cd7-b613-e85afa8c39c7->cfedd3f1-5d02-4847-a363-6f2972b00a97#19-t2,previous=(t:1, i:0),leaderCommit=2,initializing? false,entries: size=2, first=(t:2, i:1), CONFIGURATIONENTRY(current:id:"cfedd3f1-5d02-4847-a363-6f2972b00a97"address:"127.0.0.1:15039"priority:1dataStreamAddress:"127.0.0.1:15040"clientAddress:"127.0.0.1:15037"adminAddress:"127.0.0.1:15038"startupRole:FOLLOWER, id:"e80b39d0-2325-4ff7-b450-1b10ae88e746"address:"127.0.0.1:15055"dataStreamAddress:"127.0.0.1:15056"clientAddress:"127.0.0.1:15053"adminAddress:"127.0.0.1:15054"startupRole:FOLLOWER, id:"d1f2401f-ce3c-4cd7-b613-e85afa8c39c7"address:"127.0.0.1:15047"dataStreamAddress:"127.0.0.1:15048"clientAddress:"127.0.0.1:15045"adminAddress:"127.0.0.1:15046"startupRole:FOLLOWER, old:)
java.util.concurrent.CompletionException: org.apache.ratis.protocol.exceptions.GroupMismatchException: cfedd3f1-5d02-4847-a363-6f2972b00a97: group-4D5619C3D8B6 not found.
	at java.base/java.util.concurrent.CompletableFuture.encodeThrowable(CompletableFuture.java:332)
	at java.base/java.util.concurrent.CompletableFuture.uniComposeStage(CompletableFuture.java:1177)
	at java.base/java.util.concurrent.CompletableFuture.thenCompose(CompletableFuture.java:2341)
	at org.apache.ratis.server.impl.RaftServerProxy.appendEntriesAsync(RaftServerProxy.java:651)
	at org.apache.ratis.grpc.server.GrpcServerProtocolService$1.process(GrpcServerProtocolService.java:245)
	at org.apache.ratis.grpc.server.GrpcServerProtocolService$1.process(GrpcServerProtocolService.java:242)
	at org.apache.ratis.grpc.server.GrpcServerProtocolService$ServerRequestStreamObserver.onNext(GrpcServerProtocolService.java:150)
	at org.apache.ratis.thirdparty.io.grpc.stub.ServerCalls$StreamingServerCallHandler$StreamingServerCallListener.onMessage(ServerCalls.java:262)
	at org.apache.ratis.thirdparty.io.grpc.internal.ServerCallImpl$ServerStreamListenerImpl.messagesAvailableInternal(ServerCallImpl.java:334)
	at org.apache.ratis.thirdparty.io.grpc.internal.ServerCallImpl$ServerStreamListenerImpl.messagesAvailable(ServerCallImpl.java:319)
	at org.apache.ratis.thirdparty.io.grpc.internal.ServerImpl$JumpToApplicationThreadServerStreamListener$1MessagesAvailable.runInContext(ServerImpl.java:834)
	at org.apache.ratis.thirdparty.io.grpc.internal.ContextRunnable.run(ContextRunnable.java:37)
	at org.apache.ratis.thirdparty.io.grpc.internal.SerializingExecutor.run(SerializingExecutor.java:133)
	at java.base/java.util.concurrent.ThreadPoolExecutor.runWorker(ThreadPoolExecutor.java:1144)
	at java.base/java.util.concurrent.ThreadPoolExecutor$Worker.run(ThreadPoolExecutor.java:642)
	at java.base/java.lang.Thread.run(Thread.java:1583)
Caused by: org.apache.ratis.protocol.exceptions.GroupMismatchException: cfedd3f1-5d02-4847-a363-6f2972b00a97: group-4D5619C3D8B6 not found.
	at org.apache.ratis.server.impl.RaftServerProxy$ImplMap.get(RaftServerProxy.java:160)
	at org.apache.ratis.server.impl.RaftServerProxy.getImplFuture(RaftServerProxy.java:370)
	at org.apache.ratis.server.impl.RaftServerProxy.appendEntriesAsync(RaftServerProxy.java:650)
	... 12 more
2025-07-19 06:07:57,214 [grpc-default-executor-2] INFO  leader.LogAppender (LogAppenderBase.java:lambda$getNextIndexForError$0(215)) - Decrease nextIndex to 1
2025-07-19 06:07:57,214 [grpc-default-executor-2] INFO  leader.LogAppender (LogAppenderBase.java:lambda$getNextIndexForError$0(215)) - Decrease nextIndex to 1
2025-07-19 06:07:57,214 [grpc-default-executor-2] INFO  leader.FollowerInfo (FollowerInfoImpl.java:info(70)) - d1f2401f-ce3c-4cd7-b613-e85afa8c39c7@group-4D5619C3D8B6->cfedd3f1-5d02-4847-a363-6f2972b00a97: computeNextIndex nextIndex: updateUnconditionally 3 -> 1
2025-07-19 06:07:58,456 [timer1] WARN  server.GrpcLogAppender (LogUtils.java:warn(129)) - d1f2401f-ce3c-4cd7-b613-e85afa8c39c7@group-4D5619C3D8B6->cfedd3f1-5d02-4847-a363-6f2972b00a97-AppendLogResponseHandler: Failed appendEntries (Repeated 4 times in the last 5.002s)
org.apache.ratis.protocol.exceptions.GroupMismatchException: cfedd3f1-5d02-4847-a363-6f2972b00a97: group-4D5619C3D8B6 not found.
	at org.apache.ratis.server.impl.RaftServerProxy$ImplMap.get(RaftServerProxy.java:160)
	at org.apache.ratis.server.impl.RaftServerProxy.getImplFuture(RaftServerProxy.java:370)
	at org.apache.ratis.server.impl.RaftServerProxy.appendEntriesAsync(RaftServerProxy.java:650)
	at org.apache.ratis.grpc.server.GrpcServerProtocolService$1.process(GrpcServerProtocolService.java:245)
	at org.apache.ratis.grpc.server.GrpcServerProtocolService$1.process(GrpcServerProtocolService.java:242)
	at org.apache.ratis.grpc.server.GrpcServerProtocolService$ServerRequestStreamObserver.onNext(GrpcServerProtocolService.java:150)
	at org.apache.ratis.thirdparty.io.grpc.stub.ServerCalls$StreamingServerCallHandler$StreamingServerCallListener.onMessage(ServerCalls.java:262)
	at org.apache.ratis.thirdparty.io.grpc.internal.ServerCallImpl$ServerStreamListenerImpl.messagesAvailableInternal(ServerCallImpl.java:334)
	at org.apache.ratis.thirdparty.io.grpc.internal.ServerCallImpl$ServerStreamListenerImpl.messagesAvailable(ServerCallImpl.java:319)
	at org.apache.ratis.thirdparty.io.grpc.internal.ServerImpl$JumpToApplicationThreadServerStreamListener$1MessagesAvailable.runInContext(ServerImpl.java:834)
	at org.apache.ratis.thirdparty.io.grpc.internal.ContextRunnable.run(ContextRunnable.java:37)
	at org.apache.ratis.thirdparty.io.grpc.internal.SerializingExecutor.run(SerializingExecutor.java:133)
	at java.base/java.util.concurrent.ThreadPoolExecutor.runWorker(ThreadPoolExecutor.java:1144)
	at java.base/java.util.concurrent.ThreadPoolExecutor$Worker.run(ThreadPoolExecutor.java:642)
	at java.base/java.lang.Thread.run(Thread.java:1583)
2025-07-19 06:07:59,313 [timer3] WARN  server.GrpcLogAppender (GrpcLogAppender.java:timeoutAppendRequest(448)) - d1f2401f-ce3c-4cd7-b613-e85afa8c39c7@group-51802BB6A696->cfedd3f1-5d02-4847-a363-6f2972b00a97-GrpcLogAppender: Timed out HEARTBEAT appendEntries, errorCount=15, request=AppendEntriesRequest:cid=6955,entriesCount=0
2025-07-19 06:08:00,776 [grpc-default-executor-2] WARN  server.GrpcServerProtocolService (LogUtils.java:warn(129)) - cfedd3f1-5d02-4847-a363-6f2972b00a97: Failed APPEND_ENTRIES request d1f2401f-ce3c-4cd7-b613-e85afa8c39c7->cfedd3f1-5d02-4847-a363-6f2972b00a97#22-t2,previous=(t:1, i:0),leaderCommit=2,initializing? false,entries: size=2, first=(t:2, i:1), CONFIGURATIONENTRY(current:id:"cfedd3f1-5d02-4847-a363-6f2972b00a97"address:"127.0.0.1:15039"priority:1dataStreamAddress:"127.0.0.1:15040"clientAddress:"127.0.0.1:15037"adminAddress:"127.0.0.1:15038"startupRole:FOLLOWER, id:"e80b39d0-2325-4ff7-b450-1b10ae88e746"address:"127.0.0.1:15055"dataStreamAddress:"127.0.0.1:15056"clientAddress:"127.0.0.1:15053"adminAddress:"127.0.0.1:15054"startupRole:FOLLOWER, id:"d1f2401f-ce3c-4cd7-b613-e85afa8c39c7"address:"127.0.0.1:15047"dataStreamAddress:"127.0.0.1:15048"clientAddress:"127.0.0.1:15045"adminAddress:"127.0.0.1:15046"startupRole:FOLLOWER, old:)
java.util.concurrent.CompletionException: org.apache.ratis.protocol.exceptions.GroupMismatchException: cfedd3f1-5d02-4847-a363-6f2972b00a97: group-4D5619C3D8B6 not found.
	at java.base/java.util.concurrent.CompletableFuture.encodeThrowable(CompletableFuture.java:332)
	at java.base/java.util.concurrent.CompletableFuture.uniComposeStage(CompletableFuture.java:1177)
	at java.base/java.util.concurrent.CompletableFuture.thenCompose(CompletableFuture.java:2341)
	at org.apache.ratis.server.impl.RaftServerProxy.appendEntriesAsync(RaftServerProxy.java:651)
	at org.apache.ratis.grpc.server.GrpcServerProtocolService$1.process(GrpcServerProtocolService.java:245)
	at org.apache.ratis.grpc.server.GrpcServerProtocolService$1.process(GrpcServerProtocolService.java:242)
	at org.apache.ratis.grpc.server.GrpcServerProtocolService$ServerRequestStreamObserver.onNext(GrpcServerProtocolService.java:150)
	at org.apache.ratis.thirdparty.io.grpc.stub.ServerCalls$StreamingServerCallHandler$StreamingServerCallListener.onMessage(ServerCalls.java:262)
	at org.apache.ratis.thirdparty.io.grpc.internal.ServerCallImpl$ServerStreamListenerImpl.messagesAvailableInternal(ServerCallImpl.java:334)
	at org.apache.ratis.thirdparty.io.grpc.internal.ServerCallImpl$ServerStreamListenerImpl.messagesAvailable(ServerCallImpl.java:319)
	at org.apache.ratis.thirdparty.io.grpc.internal.ServerImpl$JumpToApplicationThreadServerStreamListener$1MessagesAvailable.runInContext(ServerImpl.java:834)
	at org.apache.ratis.thirdparty.io.grpc.internal.ContextRunnable.run(ContextRunnable.java:37)
	at org.apache.ratis.thirdparty.io.grpc.internal.SerializingExecutor.run(SerializingExecutor.java:133)
	at java.base/java.util.concurrent.ThreadPoolExecutor.runWorker(ThreadPoolExecutor.java:1144)
	at java.base/java.util.concurrent.ThreadPoolExecutor$Worker.run(ThreadPoolExecutor.java:642)
	at java.base/java.lang.Thread.run(Thread.java:1583)
Caused by: org.apache.ratis.protocol.exceptions.GroupMismatchException: cfedd3f1-5d02-4847-a363-6f2972b00a97: group-4D5619C3D8B6 not found.
	at org.apache.ratis.server.impl.RaftServerProxy$ImplMap.get(RaftServerProxy.java:160)
	at org.apache.ratis.server.impl.RaftServerProxy.getImplFuture(RaftServerProxy.java:370)
	at org.apache.ratis.server.impl.RaftServerProxy.appendEntriesAsync(RaftServerProxy.java:650)
	... 12 more
2025-07-19 06:08:00,778 [grpc-default-executor-2] WARN  server.GrpcLogAppender (LogUtils.java:warn(129)) - d1f2401f-ce3c-4cd7-b613-e85afa8c39c7@group-4D5619C3D8B6->cfedd3f1-5d02-4847-a363-6f2972b00a97-AppendLogResponseHandler: Failed appendEntries
org.apache.ratis.protocol.exceptions.GroupMismatchException: cfedd3f1-5d02-4847-a363-6f2972b00a97: group-4D5619C3D8B6 not found.
	at org.apache.ratis.server.impl.RaftServerProxy$ImplMap.get(RaftServerProxy.java:160)
	at org.apache.ratis.server.impl.RaftServerProxy.getImplFuture(RaftServerProxy.java:370)
	at org.apache.ratis.server.impl.RaftServerProxy.appendEntriesAsync(RaftServerProxy.java:650)
	at org.apache.ratis.grpc.server.GrpcServerProtocolService$1.process(GrpcServerProtocolService.java:245)
	at org.apache.ratis.grpc.server.GrpcServerProtocolService$1.process(GrpcServerProtocolService.java:242)
	at org.apache.ratis.grpc.server.GrpcServerProtocolService$ServerRequestStreamObserver.onNext(GrpcServerProtocolService.java:150)
	at org.apache.ratis.thirdparty.io.grpc.stub.ServerCalls$StreamingServerCallHandler$StreamingServerCallListener.onMessage(ServerCalls.java:262)
	at org.apache.ratis.thirdparty.io.grpc.internal.ServerCallImpl$ServerStreamListenerImpl.messagesAvailableInternal(ServerCallImpl.java:334)
	at org.apache.ratis.thirdparty.io.grpc.internal.ServerCallImpl$ServerStreamListenerImpl.messagesAvailable(ServerCallImpl.java:319)
	at org.apache.ratis.thirdparty.io.grpc.internal.ServerImpl$JumpToApplicationThreadServerStreamListener$1MessagesAvailable.runInContext(ServerImpl.java:834)
	at org.apache.ratis.thirdparty.io.grpc.internal.ContextRunnable.run(ContextRunnable.java:37)
	at org.apache.ratis.thirdparty.io.grpc.internal.SerializingExecutor.run(SerializingExecutor.java:133)
	at java.base/java.util.concurrent.ThreadPoolExecutor.runWorker(ThreadPoolExecutor.java:1144)
	at java.base/java.util.concurrent.ThreadPoolExecutor$Worker.run(ThreadPoolExecutor.java:642)
	at java.base/java.lang.Thread.run(Thread.java:1583)
2025-07-19 06:08:00,778 [grpc-default-executor-2] INFO  leader.LogAppender (LogAppenderBase.java:lambda$getNextIndexForError$0(215)) - Decrease nextIndex to 1
2025-07-19 06:08:00,778 [grpc-default-executor-2] INFO  leader.LogAppender (LogAppenderBase.java:lambda$getNextIndexForError$0(215)) - Decrease nextIndex to 1
2025-07-19 06:08:00,778 [grpc-default-executor-2] INFO  leader.FollowerInfo (FollowerInfoImpl.java:info(70)) - d1f2401f-ce3c-4cd7-b613-e85afa8c39c7@group-4D5619C3D8B6->cfedd3f1-5d02-4847-a363-6f2972b00a97: computeNextIndex nextIndex: updateUnconditionally 3 -> 1
2025-07-19 06:08:01,586 [timer6] WARN  server.GrpcLogAppender (GrpcLogAppender.java:timeoutAppendRequest(448)) - d1f2401f-ce3c-4cd7-b613-e85afa8c39c7@group-51802BB6A696->cfedd3f1-5d02-4847-a363-6f2972b00a97-GrpcLogAppender: Timed out HEARTBEAT appendEntries, errorCount=16, request=AppendEntriesRequest:cid=6956,entriesCount=0
2025-07-19 06:08:02,492 [grpc-default-executor-2] ERROR impl.OrderedAsync (OrderedAsync.java:lambda$null$6(215)) -  client-3F2405A211FC: Failed* RaftClientRequest:client-3F2405A211FC->aa0cb613-fc94-4131-90ab-17bcd78458c4@group-36B9588D9EB5, cid=160, seq=4*, RW, cmdType: WriteChunk
traceID: ""
containerID: 7
datanodeUuid: "aa0cb613-fc94-4131-90ab-17bcd78458c4"
writeChunk {
  blockID {
    containerID: 7
    localID: 115816896921600007
    blockCommitSequenceId: 2
    replicaIndex: 0
  }
  chunkData {
    chunkName: "115816896921600007_chunk_2"
    offset: 5
    len: 5
    checksumData {
      type: CRC32
      bytesPerChecksum: 16384
      checksums: "\350a\3440"
    }
  }
}
version: 3
, data.size=5
java.util.concurrent.CompletionException: org.apache.ratis.protocol.exceptions.GroupMismatchException: aa0cb613-fc94-4131-90ab-17bcd78458c4: group-36B9588D9EB5 not found.
	at java.base/java.util.concurrent.CompletableFuture.encodeThrowable(CompletableFuture.java:332)
	at java.base/java.util.concurrent.CompletableFuture.completeThrowable(CompletableFuture.java:347)
	at java.base/java.util.concurrent.CompletableFuture$UniAccept.tryFire(CompletableFuture.java:708)
	at java.base/java.util.concurrent.CompletableFuture.postComplete(CompletableFuture.java:510)
	at java.base/java.util.concurrent.CompletableFuture.completeExceptionally(CompletableFuture.java:2194)
	at org.apache.ratis.grpc.client.GrpcClientProtocolClient$AsyncStreamObservers.completeReplyExceptionally(GrpcClientProtocolClient.java:397)
	at org.apache.ratis.grpc.client.GrpcClientProtocolClient$AsyncStreamObservers.access$000(GrpcClientProtocolClient.java:303)
	at org.apache.ratis.grpc.client.GrpcClientProtocolClient$AsyncStreamObservers$1.onError(GrpcClientProtocolClient.java:334)
	at org.apache.ratis.thirdparty.io.grpc.stub.ClientCalls$StreamObserverToCallListenerAdapter.onClose(ClientCalls.java:564)
	at org.apache.ratis.thirdparty.io.grpc.PartialForwardingClientCallListener.onClose(PartialForwardingClientCallListener.java:39)
	at org.apache.ratis.thirdparty.io.grpc.ForwardingClientCallListener.onClose(ForwardingClientCallListener.java:23)
	at org.apache.ratis.grpc.metrics.intercept.client.MetricClientCallListener.onClose(MetricClientCallListener.java:47)
	at org.apache.ratis.thirdparty.io.grpc.internal.ClientCallImpl.closeObserver(ClientCallImpl.java:565)
	at org.apache.ratis.thirdparty.io.grpc.internal.ClientCallImpl.access$100(ClientCallImpl.java:72)
	at org.apache.ratis.thirdparty.io.grpc.internal.ClientCallImpl$ClientStreamListenerImpl$1StreamClosed.runInternal(ClientCallImpl.java:733)
	at org.apache.ratis.thirdparty.io.grpc.internal.ClientCallImpl$ClientStreamListenerImpl$1StreamClosed.runInContext(ClientCallImpl.java:714)
	at org.apache.ratis.thirdparty.io.grpc.internal.ContextRunnable.run(ContextRunnable.java:37)
	at org.apache.ratis.thirdparty.io.grpc.internal.SerializingExecutor.run(SerializingExecutor.java:133)
	at java.base/java.util.concurrent.ThreadPoolExecutor.runWorker(ThreadPoolExecutor.java:1144)
	at java.base/java.util.concurrent.ThreadPoolExecutor$Worker.run(ThreadPoolExecutor.java:642)
	at java.base/java.lang.Thread.run(Thread.java:1583)
Caused by: org.apache.ratis.protocol.exceptions.GroupMismatchException: aa0cb613-fc94-4131-90ab-17bcd78458c4: group-36B9588D9EB5 not found.
	at org.apache.ratis.server.impl.RaftServerProxy$ImplMap.get(RaftServerProxy.java:160)
	at org.apache.ratis.server.impl.RaftServerProxy.getImplFuture(RaftServerProxy.java:370)
	at org.apache.ratis.server.impl.RaftServerProxy.submitClientRequestAsync(RaftServerProxy.java:455)
	at org.apache.ratis.grpc.server.GrpcClientProtocolService$RequestStreamObserver.processClientRequest(GrpcClientProtocolService.java:226)
	at org.apache.ratis.grpc.server.GrpcClientProtocolService$OrderedRequestStreamObserver.processClientRequest(GrpcClientProtocolService.java:332)
	at org.apache.ratis.util.SlidingWindow$Server.processRequestsFromHead(SlidingWindow.java:467)
	at org.apache.ratis.util.SlidingWindow$Server.receivedRequest(SlidingWindow.java:459)
	at org.apache.ratis.grpc.server.GrpcClientProtocolService$OrderedRequestStreamObserver.processClientRequest(GrpcClientProtocolService.java:356)
	at org.apache.ratis.grpc.server.GrpcClientProtocolService$RequestStreamObserver.onNext(GrpcClientProtocolService.java:246)
	at org.apache.ratis.grpc.server.GrpcClientProtocolService$RequestStreamObserver.onNext(GrpcClientProtocolService.java:169)
	at org.apache.ratis.thirdparty.io.grpc.stub.ServerCalls$StreamingServerCallHandler$StreamingServerCallListener.onMessage(ServerCalls.java:262)
	at org.apache.ratis.thirdparty.io.grpc.internal.ServerCallImpl$ServerStreamListenerImpl.messagesAvailableInternal(ServerCallImpl.java:334)
	at org.apache.ratis.thirdparty.io.grpc.internal.ServerCallImpl$ServerStreamListenerImpl.messagesAvailable(ServerCallImpl.java:319)
	at org.apache.ratis.thirdparty.io.grpc.internal.ServerImpl$JumpToApplicationThreadServerStreamListener$1MessagesAvailable.runInContext(ServerImpl.java:834)
	... 5 more
2025-07-19 06:08:02,492 [grpc-default-executor-2] ERROR impl.OrderedAsync (OrderedAsync.java:lambda$send$4(181)) - Failed to send request, message=cmdType: WriteChunk
traceID: ""
containerID: 7
datanodeUuid: "aa0cb613-fc94-4131-90ab-17bcd78458c4"
writeChunk {
  blockID {
    containerID: 7
    localID: 115816896921600007
    blockCommitSequenceId: 2
    replicaIndex: 0
  }
  chunkData {
    chunkName: "115816896921600007_chunk_2"
    offset: 5
    len: 5
    checksumData {
      type: CRC32
      bytesPerChecksum: 16384
      checksums: "\350a\3440"
    }
  }
}
version: 3
, data.size=5
java.util.concurrent.CompletionException: org.apache.ratis.protocol.exceptions.GroupMismatchException: aa0cb613-fc94-4131-90ab-17bcd78458c4: group-36B9588D9EB5 not found.
	at java.base/java.util.concurrent.CompletableFuture.encodeThrowable(CompletableFuture.java:332)
	at java.base/java.util.concurrent.CompletableFuture.completeThrowable(CompletableFuture.java:347)
	at java.base/java.util.concurrent.CompletableFuture$UniApply.tryFire(CompletableFuture.java:636)
	at java.base/java.util.concurrent.CompletableFuture.postComplete(CompletableFuture.java:510)
	at java.base/java.util.concurrent.CompletableFuture.completeExceptionally(CompletableFuture.java:2194)
	at org.apache.ratis.client.impl.OrderedAsync$PendingOrderedRequest.fail(OrderedAsync.java:111)
	at org.apache.ratis.util.SlidingWindow$Client.fail(SlidingWindow.java:395)
	at org.apache.ratis.client.impl.OrderedAsync.failAllAsyncRequests(OrderedAsync.java:155)
	at org.apache.ratis.client.impl.OrderedAsync.handleException(OrderedAsync.java:232)
	at org.apache.ratis.client.impl.OrderedAsync.lambda$sendRequestWithRetry$7(OrderedAsync.java:217)
	at java.base/java.util.concurrent.CompletableFuture.uniExceptionally(CompletableFuture.java:990)
	at java.base/java.util.concurrent.CompletableFuture$UniExceptionally.tryFire(CompletableFuture.java:974)
	at java.base/java.util.concurrent.CompletableFuture.postComplete(CompletableFuture.java:510)
	at java.base/java.util.concurrent.CompletableFuture.completeExceptionally(CompletableFuture.java:2194)
	at org.apache.ratis.grpc.client.GrpcClientProtocolClient$AsyncStreamObservers.completeReplyExceptionally(GrpcClientProtocolClient.java:397)
	at org.apache.ratis.grpc.client.GrpcClientProtocolClient$AsyncStreamObservers.access$000(GrpcClientProtocolClient.java:303)
	at org.apache.ratis.grpc.client.GrpcClientProtocolClient$AsyncStreamObservers$1.onError(GrpcClientProtocolClient.java:334)
	at org.apache.ratis.thirdparty.io.grpc.stub.ClientCalls$StreamObserverToCallListenerAdapter.onClose(ClientCalls.java:564)
	at org.apache.ratis.thirdparty.io.grpc.PartialForwardingClientCallListener.onClose(PartialForwardingClientCallListener.java:39)
	at org.apache.ratis.thirdparty.io.grpc.ForwardingClientCallListener.onClose(ForwardingClientCallListener.java:23)
	at org.apache.ratis.grpc.metrics.intercept.client.MetricClientCallListener.onClose(MetricClientCallListener.java:47)
	at org.apache.ratis.thirdparty.io.grpc.internal.ClientCallImpl.closeObserver(ClientCallImpl.java:565)
	at org.apache.ratis.thirdparty.io.grpc.internal.ClientCallImpl.access$100(ClientCallImpl.java:72)
	at org.apache.ratis.thirdparty.io.grpc.internal.ClientCallImpl$ClientStreamListenerImpl$1StreamClosed.runInternal(ClientCallImpl.java:733)
	at org.apache.ratis.thirdparty.io.grpc.internal.ClientCallImpl$ClientStreamListenerImpl$1StreamClosed.runInContext(ClientCallImpl.java:714)
	at org.apache.ratis.thirdparty.io.grpc.internal.ContextRunnable.run(ContextRunnable.java:37)
	at org.apache.ratis.thirdparty.io.grpc.internal.SerializingExecutor.run(SerializingExecutor.java:133)
	at java.base/java.util.concurrent.ThreadPoolExecutor.runWorker(ThreadPoolExecutor.java:1144)
	at java.base/java.util.concurrent.ThreadPoolExecutor$Worker.run(ThreadPoolExecutor.java:642)
	at java.base/java.lang.Thread.run(Thread.java:1583)
Caused by: org.apache.ratis.protocol.exceptions.GroupMismatchException: aa0cb613-fc94-4131-90ab-17bcd78458c4: group-36B9588D9EB5 not found.
	at org.apache.ratis.server.impl.RaftServerProxy$ImplMap.get(RaftServerProxy.java:160)
	at org.apache.ratis.server.impl.RaftServerProxy.getImplFuture(RaftServerProxy.java:370)
	at org.apache.ratis.server.impl.RaftServerProxy.submitClientRequestAsync(RaftServerProxy.java:455)
	at org.apache.ratis.grpc.server.GrpcClientProtocolService$RequestStreamObserver.processClientRequest(GrpcClientProtocolService.java:226)
	at org.apache.ratis.grpc.server.GrpcClientProtocolService$OrderedRequestStreamObserver.processClientRequest(GrpcClientProtocolService.java:332)
	at org.apache.ratis.util.SlidingWindow$Server.processRequestsFromHead(SlidingWindow.java:467)
	at org.apache.ratis.util.SlidingWindow$Server.receivedRequest(SlidingWindow.java:459)
	at org.apache.ratis.grpc.server.GrpcClientProtocolService$OrderedRequestStreamObserver.processClientRequest(GrpcClientProtocolService.java:356)
	at org.apache.ratis.grpc.server.GrpcClientProtocolService$RequestStreamObserver.onNext(GrpcClientProtocolService.java:246)
	at org.apache.ratis.grpc.server.GrpcClientProtocolService$RequestStreamObserver.onNext(GrpcClientProtocolService.java:169)
	at org.apache.ratis.thirdparty.io.grpc.stub.ServerCalls$StreamingServerCallHandler$StreamingServerCallListener.onMessage(ServerCalls.java:262)
	at org.apache.ratis.thirdparty.io.grpc.internal.ServerCallImpl$ServerStreamListenerImpl.messagesAvailableInternal(ServerCallImpl.java:334)
	at org.apache.ratis.thirdparty.io.grpc.internal.ServerCallImpl$ServerStreamListenerImpl.messagesAvailable(ServerCallImpl.java:319)
	at org.apache.ratis.thirdparty.io.grpc.internal.ServerImpl$JumpToApplicationThreadServerStreamListener$1MessagesAvailable.runInContext(ServerImpl.java:834)
	... 5 more
2025-07-19 06:08:02,493 [grpc-default-executor-2] ERROR impl.OrderedAsync (OrderedAsync.java:lambda$send$4(179)) - Failed to send request, message=cmdType: PutBlock
traceID: ""
containerID: 7
datanodeUuid: "aa0cb613-fc94-4131-90ab-17bcd78458c4"
putBlock {
  blockData {
    blockID {
      containerID: 7
      localID: 115816896921600007
      blockCommitSequenceId: 0
    }
    metadata {
      key: "TYPE"
      value: "KEY"
    }
    chunks {
      chunkName: "115816896921600007_chunk_1"
      offset: 0
      len: 5
      checksumData {
        type: CRC32
        bytesPerChecksum: 16384
        checksums: "\350a\3440"
      }
    }
    chunks {
      chunkName: "115816896921600007_chunk_2"
      offset: 5
      len: 5
      checksumData {
        type: CRC32
        bytesPerChecksum: 16384
        checksums: "\350a\3440"
      }
    }
  }
  eof: true
}
version: 3
, data.size=0 due to java.util.concurrent.CompletionException: org.apache.ratis.protocol.exceptions.AlreadyClosedException: SlidingWindow$Client:client-3F2405A211FC->RAFT is closed.
2025-07-19 06:08:02,493 [main] WARN  io.KeyOutputStream (KeyOutputStream.java:handleExceptionInternal(377)) - Encountered exception java.io.IOException: Unexpected Storage Container Exception: java.util.concurrent.CompletionException: Failed to write chunk 115816896921600007_chunk_2 into block conID: 7 locID: 115816896921600007 bcsId: 2 replicaIndex: null on the pipeline Pipeline{ Id: 850d62e6-9d07-48c2-bfd0-36b9588d9eb5, Nodes: [ {aa0cb613-fc94-4131-90ab-17bcd78458c4(localhost/127.0.0.1), ReplicaIndex: 0},], ReplicationConfig: RATIS/ONE, State:OPEN, leaderId:aa0cb613-fc94-4131-90ab-17bcd78458c4, CreationTimestamp2025-07-19T06:07:09.345Z[Etc/UTC]}. The last committed block length is 5, uncommitted data length is 5 retry count 0
2025-07-19 06:08:02,528 [main] INFO  io.BlockOutputStreamEntry (BlockOutputStreamEntry.java:writeOnRetry(192)) - BlockOutputStreamEntry:ratis conID: 8 locID: 115816896921600008 bcsId: 0 replicaIndex: null: Finish retrying with len 5, currentPosition 5
2025-07-19 06:08:02,528 [main] INFO  io.BlockOutputStreamEntry (BlockOutputStreamEntry.java:finishRetryHandling(141)) - BlockOutputStreamEntry:ratis conID: 8 locID: 115816896921600008 bcsId: 0 replicaIndex: null: Exiting retry handling mode
2025-07-19 06:08:02,532 [85aa579c-736c-4de8-9407-4b363243255c@group-20218890329C-StateMachineUpdater] INFO  ratis.ContainerStateMachine (ContainerStateMachine.java:takeSnapshot(427)) - group-20218890329C: Taking a snapshot at:(t:1, i:4) file /home/runner/work/ozone/ozone/hadoop-ozone/integration-test/target/test-dir/MiniOzoneClusterImpl-09c4c6e1-5ab0-4195-ac7b-5aec6defaa36/ozone-meta/datanode-10/ratis/92f531b3-12c3-41cd-a323-20218890329c/sm/snapshot.1_4
2025-07-19 06:08:02,534 [85aa579c-736c-4de8-9407-4b363243255c@group-20218890329C-StateMachineUpdater] INFO  ratis.ContainerStateMachine (ContainerStateMachine.java:takeSnapshot(436)) - group-20218890329C: Finished taking a snapshot at:(t:1, i:4) file:/home/runner/work/ozone/ozone/hadoop-ozone/integration-test/target/test-dir/MiniOzoneClusterImpl-09c4c6e1-5ab0-4195-ac7b-5aec6defaa36/ozone-meta/datanode-10/ratis/92f531b3-12c3-41cd-a323-20218890329c/sm/snapshot.1_4 took: 2 ms
2025-07-19 06:08:02,534 [85aa579c-736c-4de8-9407-4b363243255c@group-20218890329C-StateMachineUpdater] INFO  impl.StateMachineUpdater (StateMachineUpdater.java:takeSnapshot(307)) - 85aa579c-736c-4de8-9407-4b363243255c@group-20218890329C-StateMachineUpdater: Took a snapshot at index 4
2025-07-19 06:08:02,534 [85aa579c-736c-4de8-9407-4b363243255c@group-20218890329C-StateMachineUpdater] INFO  impl.StateMachineUpdater (StateMachineUpdater.java:lambda$new$0(101)) - 85aa579c-736c-4de8-9407-4b363243255c@group-20218890329C-StateMachineUpdater: snapshotIndex: updateIncreasingly 0 -> 4
2025-07-19 06:08:02,535 [85aa579c-736c-4de8-9407-4b363243255c@group-20218890329C-StateMachineUpdater] INFO  ratis.ContainerStateMachine (ContainerStateMachine.java:takeSnapshot(427)) - group-20218890329C: Taking a snapshot at:(t:1, i:5) file /home/runner/work/ozone/ozone/hadoop-ozone/integration-test/target/test-dir/MiniOzoneClusterImpl-09c4c6e1-5ab0-4195-ac7b-5aec6defaa36/ozone-meta/datanode-10/ratis/92f531b3-12c3-41cd-a323-20218890329c/sm/snapshot.1_5
2025-07-19 06:08:02,536 [85aa579c-736c-4de8-9407-4b363243255c@group-20218890329C-StateMachineUpdater] INFO  ratis.ContainerStateMachine (ContainerStateMachine.java:takeSnapshot(436)) - group-20218890329C: Finished taking a snapshot at:(t:1, i:5) file:/home/runner/work/ozone/ozone/hadoop-ozone/integration-test/target/test-dir/MiniOzoneClusterImpl-09c4c6e1-5ab0-4195-ac7b-5aec6defaa36/ozone-meta/datanode-10/ratis/92f531b3-12c3-41cd-a323-20218890329c/sm/snapshot.1_5 took: 1 ms
2025-07-19 06:08:02,536 [85aa579c-736c-4de8-9407-4b363243255c@group-20218890329C-StateMachineUpdater] INFO  impl.StateMachineUpdater (StateMachineUpdater.java:takeSnapshot(307)) - 85aa579c-736c-4de8-9407-4b363243255c@group-20218890329C-StateMachineUpdater: Took a snapshot at index 5
2025-07-19 06:08:02,536 [85aa579c-736c-4de8-9407-4b363243255c@group-20218890329C-StateMachineUpdater] INFO  impl.StateMachineUpdater (StateMachineUpdater.java:lambda$new$0(101)) - 85aa579c-736c-4de8-9407-4b363243255c@group-20218890329C-StateMachineUpdater: snapshotIndex: updateIncreasingly 4 -> 5
2025-07-19 06:08:02,544 [main] INFO  ozoneimpl.OzoneContainer (OzoneContainer.java:stop(544)) - Attempting to stop container services.
2025-07-19 06:08:02,544 [ContainerMetadataScanner] WARN  ozoneimpl.AbstractBackgroundContainerScanner (AbstractBackgroundContainerScanner.java:handleRemainingSleep(136)) - Background container scan was interrupted.
2025-07-19 06:08:02,545 [ContainerMetadataScanner] INFO  ozoneimpl.AbstractBackgroundContainerScanner (AbstractBackgroundContainerScanner.java:run(63)) - org.apache.hadoop.ozone.container.ozoneimpl.BackgroundContainerMetadataScanner@71b6b350 exiting.
2025-07-19 06:08:02,545 [main] INFO  ozoneimpl.BackgroundContainerDataScanner (BackgroundContainerDataScanner.java:shutdown(87)) - ContainerDataScanner(/home/runner/work/ozone/ozone/hadoop-ozone/integration-test/target/test-dir/MiniOzoneClusterImpl-09c4c6e1-5ab0-4195-ac7b-5aec6defaa36/ozone-meta/datanode-2/data-0/hdds) is shutting down. 
2025-07-19 06:08:02,545 [ContainerDataScanner(/home/runner/work/ozone/ozone/hadoop-ozone/integration-test/target/test-dir/MiniOzoneClusterImpl-09c4c6e1-5ab0-4195-ac7b-5aec6defaa36/ozone-meta/datanode-2/data-0/hdds)] WARN  ozoneimpl.AbstractBackgroundContainerScanner (AbstractBackgroundContainerScanner.java:handleRemainingSleep(136)) - Background container scan was interrupted.
2025-07-19 06:08:02,545 [ContainerDataScanner(/home/runner/work/ozone/ozone/hadoop-ozone/integration-test/target/test-dir/MiniOzoneClusterImpl-09c4c6e1-5ab0-4195-ac7b-5aec6defaa36/ozone-meta/datanode-2/data-0/hdds)] INFO  ozoneimpl.AbstractBackgroundContainerScanner (AbstractBackgroundContainerScanner.java:run(63)) - ContainerDataScanner(/home/runner/work/ozone/ozone/hadoop-ozone/integration-test/target/test-dir/MiniOzoneClusterImpl-09c4c6e1-5ab0-4195-ac7b-5aec6defaa36/ozone-meta/datanode-2/data-0/hdds, DS-18d68cb1-00a0-4bd7-8b69-18f64a962c8f) exiting.
2025-07-19 06:08:02,545 [main] INFO  ozoneimpl.OnDemandContainerScanner (OnDemandContainerScanner.java:shutdown(132)) - On-demand container scanner is shutting down.
2025-07-19 06:08:02,546 [main] INFO  ratis.XceiverServerRatis (XceiverServerRatis.java:stop(594)) - Closing XceiverServerRatis(aa0cb613-fc94-4131-90ab-17bcd78458c4)
2025-07-19 06:08:02,546 [main] INFO  server.RaftServer (RaftServerProxy.java:lambda$close$9(422)) - aa0cb613-fc94-4131-90ab-17bcd78458c4: close
2025-07-19 06:08:02,546 [main] INFO  server.GrpcServicesImpl (GrpcServicesImpl.java:closeImpl(355)) - aa0cb613-fc94-4131-90ab-17bcd78458c4: shutdown server org.apache.ratis.grpc.server.GrpcClientProtocolService now
2025-07-19 06:08:02,547 [aa0cb613-fc94-4131-90ab-17bcd78458c4-impl-thread1] INFO  server.RaftServer$Division (RaftServerImpl.java:lambda$close$1(527)) - aa0cb613-fc94-4131-90ab-17bcd78458c4@group-0132FE54E6CF: shutdown
2025-07-19 06:08:02,547 [aa0cb613-fc94-4131-90ab-17bcd78458c4-impl-thread1] INFO  util.JmxRegister (JmxRegister.java:unregister(74)) - Successfully un-registered JMX Bean with object name Ratis:service=RaftServer,group=group-0132FE54E6CF,id=aa0cb613-fc94-4131-90ab-17bcd78458c4
2025-07-19 06:08:02,547 [aa0cb613-fc94-4131-90ab-17bcd78458c4-impl-thread1] INFO  impl.RoleInfo (RoleInfo.java:shutdownFollowerState(121)) - aa0cb613-fc94-4131-90ab-17bcd78458c4: shutdown aa0cb613-fc94-4131-90ab-17bcd78458c4@group-0132FE54E6CF-FollowerState
2025-07-19 06:08:02,547 [aa0cb613-fc94-4131-90ab-17bcd78458c4@group-0132FE54E6CF-StateMachineUpdater] INFO  impl.StateMachineUpdater (StateMachineUpdater.java:stop(140)) - aa0cb613-fc94-4131-90ab-17bcd78458c4@group-0132FE54E6CF-StateMachineUpdater: closing ContainerStateMachine, lastApplied=(t:1, i:10)
2025-07-19 06:08:02,547 [aa0cb613-fc94-4131-90ab-17bcd78458c4-impl-thread1] INFO  impl.StateMachineUpdater (StateMachineUpdater.java:stopAndJoin(163)) - aa0cb613-fc94-4131-90ab-17bcd78458c4@group-0132FE54E6CF-StateMachineUpdater: set stopIndex = 10
2025-07-19 06:08:02,548 [aa0cb613-fc94-4131-90ab-17bcd78458c4@group-0132FE54E6CF-FollowerState] INFO  impl.FollowerState (FollowerState.java:runImpl(170)) - aa0cb613-fc94-4131-90ab-17bcd78458c4@group-0132FE54E6CF-FollowerState was interrupted
2025-07-19 06:08:02,548 [aa0cb613-fc94-4131-90ab-17bcd78458c4@group-0132FE54E6CF-cacheEviction-AwaitToRun] INFO  util.AwaitToRun (AwaitToRun.java:run(49)) - aa0cb613-fc94-4131-90ab-17bcd78458c4@group-0132FE54E6CF-cacheEviction-AwaitToRun-AwaitForSignal is interrupted
2025-07-19 06:08:02,549 [main] INFO  server.GrpcServicesImpl (GrpcServicesImpl.java:closeImpl(364)) - aa0cb613-fc94-4131-90ab-17bcd78458c4: shutdown server org.apache.ratis.grpc.server.GrpcClientProtocolService successfully
2025-07-19 06:08:02,550 [main] INFO  server.GrpcServicesImpl (GrpcServicesImpl.java:closeImpl(355)) - aa0cb613-fc94-4131-90ab-17bcd78458c4: shutdown server GrpcServerProtocolService now
2025-07-19 06:08:02,552 [grpc-default-executor-3] WARN  server.GrpcLogAppender (LogUtils.java:warn(127)) - 7e15f5a0-0f8f-4a50-92e4-d2f5038b0085@group-0132FE54E6CF->aa0cb613-fc94-4131-90ab-17bcd78458c4-AppendLogResponseHandler: Failed appendEntries: org.apache.ratis.thirdparty.io.grpc.StatusRuntimeException: CANCELLED: RST_STREAM closed stream. HTTP/2 error code: CANCEL
2025-07-19 06:08:02,552 [grpc-default-executor-3] WARN  server.GrpcLogAppender (GrpcLogAppender.java:lambda$resetClient$1(228)) - 7e15f5a0-0f8f-4a50-92e4-d2f5038b0085@group-0132FE54E6CF->aa0cb613-fc94-4131-90ab-17bcd78458c4-GrpcLogAppender: Follower failed (request=null, errorCount=1); keep nextIndex (11) unchanged and retry.
2025-07-19 06:08:02,552 [grpc-default-executor-1] WARN  server.GrpcServerProtocolService (LogUtils.java:warn(127)) - aa0cb613-fc94-4131-90ab-17bcd78458c4: APPEND_ENTRIES onError, lastRequest: null: org.apache.ratis.thirdparty.io.grpc.StatusRuntimeException: CANCELLED: client cancelled
2025-07-19 06:08:02,552 [grpc-default-executor-8] WARN  server.GrpcServerProtocolService (LogUtils.java:warn(127)) - aa0cb613-fc94-4131-90ab-17bcd78458c4: APPEND_ENTRIES onError, lastRequest: null: org.apache.ratis.thirdparty.io.grpc.StatusRuntimeException: CANCELLED: client cancelled
2025-07-19 06:08:02,553 [grpc-default-executor-6] WARN  server.GrpcServerProtocolService (LogUtils.java:warn(127)) - aa0cb613-fc94-4131-90ab-17bcd78458c4: APPEND_ENTRIES onError, lastRequest: null: org.apache.ratis.thirdparty.io.grpc.StatusRuntimeException: CANCELLED: client cancelled
2025-07-19 06:08:02,554 [grpc-default-executor-4] WARN  server.GrpcServerProtocolService (LogUtils.java:warn(127)) - aa0cb613-fc94-4131-90ab-17bcd78458c4: APPEND_ENTRIES onError, lastRequest: 7e15f5a0-0f8f-4a50-92e4-d2f5038b0085->aa0cb613-fc94-4131-90ab-17bcd78458c4#28-t1,previous=(t:1, i:9),leaderCommit=9,initializing? false,entries: size=1, first=(t:1, i:10), METADATAENTRY(c:9): org.apache.ratis.thirdparty.io.grpc.StatusRuntimeException: CANCELLED: client cancelled
2025-07-19 06:08:02,554 [grpc-default-executor-9] WARN  server.GrpcServerProtocolService (LogUtils.java:warn(127)) - aa0cb613-fc94-4131-90ab-17bcd78458c4: APPEND_ENTRIES onError, lastRequest: null: org.apache.ratis.thirdparty.io.grpc.StatusRuntimeException: CANCELLED: client cancelled
2025-07-19 06:08:02,554 [grpc-default-executor-9] WARN  server.GrpcServerProtocolService (LogUtils.java:warn(127)) - aa0cb613-fc94-4131-90ab-17bcd78458c4: APPEND_ENTRIES onError, lastRequest: null: org.apache.ratis.thirdparty.io.grpc.StatusRuntimeException: CANCELLED: client cancelled
2025-07-19 06:08:02,557 [grpc-default-executor-9] WARN  server.GrpcServerProtocolService (LogUtils.java:warn(127)) - aa0cb613-fc94-4131-90ab-17bcd78458c4: APPEND_ENTRIES onError, lastRequest: null: org.apache.ratis.thirdparty.io.grpc.StatusRuntimeException: CANCELLED: client cancelled
2025-07-19 06:08:02,557 [grpc-default-executor-5] WARN  server.GrpcServerProtocolService (LogUtils.java:warn(127)) - aa0cb613-fc94-4131-90ab-17bcd78458c4: APPEND_ENTRIES onError, lastRequest: null: org.apache.ratis.thirdparty.io.grpc.StatusRuntimeException: CANCELLED: client cancelled
2025-07-19 06:08:02,558 [grpc-default-executor-7] INFO  server.GrpcLogAppender (GrpcLogAppender.java:onError(545)) - 86838f6f-3dde-42b5-b01a-58c95bf80430@group-8039453F51C4->aa0cb613-fc94-4131-90ab-17bcd78458c4-GrpcLogAppender is already stopped
2025-07-19 06:08:02,558 [grpc-default-executor-4] INFO  server.GrpcLogAppender (GrpcLogAppender.java:onError(545)) - 86838f6f-3dde-42b5-b01a-58c95bf80430@group-8039453F51C4->aa0cb613-fc94-4131-90ab-17bcd78458c4-GrpcLogAppender is already stopped
2025-07-19 06:08:02,558 [grpc-default-executor-2] INFO  server.GrpcLogAppender (GrpcLogAppender.java:onError(545)) - 86838f6f-3dde-42b5-b01a-58c95bf80430@group-8039453F51C4->aa0cb613-fc94-4131-90ab-17bcd78458c4-GrpcLogAppender is already stopped
2025-07-19 06:08:02,558 [grpc-default-executor-3] INFO  server.GrpcLogAppender (GrpcLogAppender.java:onError(545)) - 86838f6f-3dde-42b5-b01a-58c95bf80430@group-8039453F51C4->aa0cb613-fc94-4131-90ab-17bcd78458c4-GrpcLogAppender is already stopped
2025-07-19 06:08:02,558 [grpc-default-executor-6] INFO  server.GrpcLogAppender (GrpcLogAppender.java:onError(545)) - 86838f6f-3dde-42b5-b01a-58c95bf80430@group-8039453F51C4->aa0cb613-fc94-4131-90ab-17bcd78458c4-GrpcLogAppender is already stopped
2025-07-19 06:08:02,557 [main] INFO  server.GrpcServicesImpl (GrpcServicesImpl.java:closeImpl(364)) - aa0cb613-fc94-4131-90ab-17bcd78458c4: shutdown server GrpcServerProtocolService successfully
2025-07-19 06:08:02,559 [main] INFO  server.GrpcServicesImpl (GrpcServicesImpl.java:closeImpl(355)) - aa0cb613-fc94-4131-90ab-17bcd78458c4: shutdown server org.apache.ratis.grpc.server.GrpcAdminProtocolService now
2025-07-19 06:08:02,558 [grpc-default-executor-0] INFO  server.GrpcLogAppender (GrpcLogAppender.java:onError(545)) - 86838f6f-3dde-42b5-b01a-58c95bf80430@group-8039453F51C4->aa0cb613-fc94-4131-90ab-17bcd78458c4-GrpcLogAppender is already stopped
2025-07-19 06:08:02,559 [main] INFO  server.GrpcServicesImpl (GrpcServicesImpl.java:closeImpl(364)) - aa0cb613-fc94-4131-90ab-17bcd78458c4: shutdown server org.apache.ratis.grpc.server.GrpcAdminProtocolService successfully
2025-07-19 06:08:02,569 [aa0cb613-fc94-4131-90ab-17bcd78458c4-NettyServerStreamRpc-bossGroup--thread1] INFO  logging.LoggingHandler (AbstractInternalLogger.java:log(148)) - [id: 0xbf05d6e0, L:/0.0.0.0:15024] CLOSE
2025-07-19 06:08:02,569 [aa0cb613-fc94-4131-90ab-17bcd78458c4-NettyServerStreamRpc-bossGroup--thread1] INFO  logging.LoggingHandler (AbstractInternalLogger.java:log(148)) - [id: 0xbf05d6e0, L:/0.0.0.0:15024] INACTIVE
2025-07-19 06:08:02,569 [aa0cb613-fc94-4131-90ab-17bcd78458c4-NettyServerStreamRpc-bossGroup--thread1] INFO  logging.LoggingHandler (AbstractInternalLogger.java:log(148)) - [id: 0xbf05d6e0, L:/0.0.0.0:15024] UNREGISTERED
2025-07-19 06:08:02,979 [grpc-default-executor-0] WARN  server.GrpcServerProtocolService (LogUtils.java:warn(129)) - cfedd3f1-5d02-4847-a363-6f2972b00a97: Failed APPEND_ENTRIES request d1f2401f-ce3c-4cd7-b613-e85afa8c39c7->cfedd3f1-5d02-4847-a363-6f2972b00a97#24-t2,previous=(t:1, i:0),leaderCommit=2,initializing? false,entries: size=2, first=(t:2, i:1), CONFIGURATIONENTRY(current:id:"cfedd3f1-5d02-4847-a363-6f2972b00a97"address:"127.0.0.1:15039"priority:1dataStreamAddress:"127.0.0.1:15040"clientAddress:"127.0.0.1:15037"adminAddress:"127.0.0.1:15038"startupRole:FOLLOWER, id:"e80b39d0-2325-4ff7-b450-1b10ae88e746"address:"127.0.0.1:15055"dataStreamAddress:"127.0.0.1:15056"clientAddress:"127.0.0.1:15053"adminAddress:"127.0.0.1:15054"startupRole:FOLLOWER, id:"d1f2401f-ce3c-4cd7-b613-e85afa8c39c7"address:"127.0.0.1:15047"dataStreamAddress:"127.0.0.1:15048"clientAddress:"127.0.0.1:15045"adminAddress:"127.0.0.1:15046"startupRole:FOLLOWER, old:)
java.util.concurrent.CompletionException: org.apache.ratis.protocol.exceptions.GroupMismatchException: cfedd3f1-5d02-4847-a363-6f2972b00a97: group-4D5619C3D8B6 not found.
	at java.base/java.util.concurrent.CompletableFuture.encodeThrowable(CompletableFuture.java:332)
	at java.base/java.util.concurrent.CompletableFuture.uniComposeStage(CompletableFuture.java:1177)
	at java.base/java.util.concurrent.CompletableFuture.thenCompose(CompletableFuture.java:2341)
	at org.apache.ratis.server.impl.RaftServerProxy.appendEntriesAsync(RaftServerProxy.java:651)
	at org.apache.ratis.grpc.server.GrpcServerProtocolService$1.process(GrpcServerProtocolService.java:245)
	at org.apache.ratis.grpc.server.GrpcServerProtocolService$1.process(GrpcServerProtocolService.java:242)
	at org.apache.ratis.grpc.server.GrpcServerProtocolService$ServerRequestStreamObserver.onNext(GrpcServerProtocolService.java:150)
	at org.apache.ratis.thirdparty.io.grpc.stub.ServerCalls$StreamingServerCallHandler$StreamingServerCallListener.onMessage(ServerCalls.java:262)
	at org.apache.ratis.thirdparty.io.grpc.internal.ServerCallImpl$ServerStreamListenerImpl.messagesAvailableInternal(ServerCallImpl.java:334)
	at org.apache.ratis.thirdparty.io.grpc.internal.ServerCallImpl$ServerStreamListenerImpl.messagesAvailable(ServerCallImpl.java:319)
	at org.apache.ratis.thirdparty.io.grpc.internal.ServerImpl$JumpToApplicationThreadServerStreamListener$1MessagesAvailable.runInContext(ServerImpl.java:834)
	at org.apache.ratis.thirdparty.io.grpc.internal.ContextRunnable.run(ContextRunnable.java:37)
	at org.apache.ratis.thirdparty.io.grpc.internal.SerializingExecutor.run(SerializingExecutor.java:133)
	at java.base/java.util.concurrent.ThreadPoolExecutor.runWorker(ThreadPoolExecutor.java:1144)
	at java.base/java.util.concurrent.ThreadPoolExecutor$Worker.run(ThreadPoolExecutor.java:642)
	at java.base/java.lang.Thread.run(Thread.java:1583)
Caused by: org.apache.ratis.protocol.exceptions.GroupMismatchException: cfedd3f1-5d02-4847-a363-6f2972b00a97: group-4D5619C3D8B6 not found.
	at org.apache.ratis.server.impl.RaftServerProxy$ImplMap.get(RaftServerProxy.java:160)
	at org.apache.ratis.server.impl.RaftServerProxy.getImplFuture(RaftServerProxy.java:370)
	at org.apache.ratis.server.impl.RaftServerProxy.appendEntriesAsync(RaftServerProxy.java:650)
	... 12 more
2025-07-19 06:08:02,980 [grpc-default-executor-0] INFO  leader.LogAppender (LogAppenderBase.java:lambda$getNextIndexForError$0(215)) - Decrease nextIndex to 1
2025-07-19 06:08:02,980 [grpc-default-executor-0] INFO  leader.LogAppender (LogAppenderBase.java:lambda$getNextIndexForError$0(215)) - Decrease nextIndex to 1
2025-07-19 06:08:02,980 [grpc-default-executor-0] INFO  leader.FollowerInfo (FollowerInfoImpl.java:info(70)) - d1f2401f-ce3c-4cd7-b613-e85afa8c39c7@group-4D5619C3D8B6->cfedd3f1-5d02-4847-a363-6f2972b00a97: computeNextIndex nextIndex: updateUnconditionally 3 -> 1
2025-07-19 06:08:03,492 [aa0cb613-fc94-4131-90ab-17bcd78458c4-impl-thread1] INFO  segmented.SegmentedRaftLogWorker (SegmentedRaftLogWorker.java:close(254)) - aa0cb613-fc94-4131-90ab-17bcd78458c4@group-0132FE54E6CF-SegmentedRaftLogWorker close()
2025-07-19 06:08:03,493 [aa0cb613-fc94-4131-90ab-17bcd78458c4-impl-thread1] INFO  ratis.ContainerStateMachine (ContainerStateMachine.java:notifyServerShutdown(1038)) - group-0132FE54E6CF is closed by HddsDatanodeService
2025-07-19 06:08:03,493 [JvmPauseMonitor4] INFO  util.JvmPauseMonitor (JvmPauseMonitor.java:run(152)) - JvmPauseMonitor-aa0cb613-fc94-4131-90ab-17bcd78458c4: Stopped
2025-07-19 06:08:03,830 [timer1] WARN  server.GrpcLogAppender (GrpcLogAppender.java:timeoutAppendRequest(448)) - d1f2401f-ce3c-4cd7-b613-e85afa8c39c7@group-51802BB6A696->cfedd3f1-5d02-4847-a363-6f2972b00a97-GrpcLogAppender: Timed out HEARTBEAT appendEntries, errorCount=17, request=AppendEntriesRequest:cid=6957,entriesCount=0
2025-07-19 06:08:04,906 [grpc-default-executor-3] WARN  server.GrpcServerProtocolService (LogUtils.java:warn(129)) - cfedd3f1-5d02-4847-a363-6f2972b00a97: Failed APPEND_ENTRIES request d1f2401f-ce3c-4cd7-b613-e85afa8c39c7->cfedd3f1-5d02-4847-a363-6f2972b00a97#26-t2,previous=(t:1, i:0),leaderCommit=2,initializing? false,entries: size=2, first=(t:2, i:1), CONFIGURATIONENTRY(current:id:"cfedd3f1-5d02-4847-a363-6f2972b00a97"address:"127.0.0.1:15039"priority:1dataStreamAddress:"127.0.0.1:15040"clientAddress:"127.0.0.1:15037"adminAddress:"127.0.0.1:15038"startupRole:FOLLOWER, id:"e80b39d0-2325-4ff7-b450-1b10ae88e746"address:"127.0.0.1:15055"dataStreamAddress:"127.0.0.1:15056"clientAddress:"127.0.0.1:15053"adminAddress:"127.0.0.1:15054"startupRole:FOLLOWER, id:"d1f2401f-ce3c-4cd7-b613-e85afa8c39c7"address:"127.0.0.1:15047"dataStreamAddress:"127.0.0.1:15048"clientAddress:"127.0.0.1:15045"adminAddress:"127.0.0.1:15046"startupRole:FOLLOWER, old:)
java.util.concurrent.CompletionException: org.apache.ratis.protocol.exceptions.GroupMismatchException: cfedd3f1-5d02-4847-a363-6f2972b00a97: group-4D5619C3D8B6 not found.
	at java.base/java.util.concurrent.CompletableFuture.encodeThrowable(CompletableFuture.java:332)
	at java.base/java.util.concurrent.CompletableFuture.uniComposeStage(CompletableFuture.java:1177)
	at java.base/java.util.concurrent.CompletableFuture.thenCompose(CompletableFuture.java:2341)
	at org.apache.ratis.server.impl.RaftServerProxy.appendEntriesAsync(RaftServerProxy.java:651)
	at org.apache.ratis.grpc.server.GrpcServerProtocolService$1.process(GrpcServerProtocolService.java:245)
	at org.apache.ratis.grpc.server.GrpcServerProtocolService$1.process(GrpcServerProtocolService.java:242)
	at org.apache.ratis.grpc.server.GrpcServerProtocolService$ServerRequestStreamObserver.onNext(GrpcServerProtocolService.java:150)
	at org.apache.ratis.thirdparty.io.grpc.stub.ServerCalls$StreamingServerCallHandler$StreamingServerCallListener.onMessage(ServerCalls.java:262)
	at org.apache.ratis.thirdparty.io.grpc.internal.ServerCallImpl$ServerStreamListenerImpl.messagesAvailableInternal(ServerCallImpl.java:334)
	at org.apache.ratis.thirdparty.io.grpc.internal.ServerCallImpl$ServerStreamListenerImpl.messagesAvailable(ServerCallImpl.java:319)
	at org.apache.ratis.thirdparty.io.grpc.internal.ServerImpl$JumpToApplicationThreadServerStreamListener$1MessagesAvailable.runInContext(ServerImpl.java:834)
	at org.apache.ratis.thirdparty.io.grpc.internal.ContextRunnable.run(ContextRunnable.java:37)
	at org.apache.ratis.thirdparty.io.grpc.internal.SerializingExecutor.run(SerializingExecutor.java:133)
	at java.base/java.util.concurrent.ThreadPoolExecutor.runWorker(ThreadPoolExecutor.java:1144)
	at java.base/java.util.concurrent.ThreadPoolExecutor$Worker.run(ThreadPoolExecutor.java:642)
	at java.base/java.lang.Thread.run(Thread.java:1583)
Caused by: org.apache.ratis.protocol.exceptions.GroupMismatchException: cfedd3f1-5d02-4847-a363-6f2972b00a97: group-4D5619C3D8B6 not found.
	at org.apache.ratis.server.impl.RaftServerProxy$ImplMap.get(RaftServerProxy.java:160)
	at org.apache.ratis.server.impl.RaftServerProxy.getImplFuture(RaftServerProxy.java:370)
	at org.apache.ratis.server.impl.RaftServerProxy.appendEntriesAsync(RaftServerProxy.java:650)
	... 12 more
2025-07-19 06:08:04,908 [grpc-default-executor-3] INFO  leader.LogAppender (LogAppenderBase.java:lambda$getNextIndexForError$0(215)) - Decrease nextIndex to 1
2025-07-19 06:08:04,908 [grpc-default-executor-3] INFO  leader.LogAppender (LogAppenderBase.java:lambda$getNextIndexForError$0(215)) - Decrease nextIndex to 1
2025-07-19 06:08:04,908 [grpc-default-executor-3] INFO  leader.FollowerInfo (FollowerInfoImpl.java:info(70)) - d1f2401f-ce3c-4cd7-b613-e85afa8c39c7@group-4D5619C3D8B6->cfedd3f1-5d02-4847-a363-6f2972b00a97: computeNextIndex nextIndex: updateUnconditionally 3 -> 1
2025-07-19 06:08:05,495 [main] INFO  utils.DatanodeStoreCache (DatanodeStoreCache.java:shutdownCache(110)) - Skip clearing cache in mini cluster mode. Entries left: [/home/runner/work/ozone/ozone/hadoop-ozone/integration-test/target/test-dir/MiniOzoneClusterImpl-09c4c6e1-5ab0-4195-ac7b-5aec6defaa36/ozone-meta/datanode-1/data-0/hdds/09c4c6e1-5ab0-4195-ac7b-5aec6defaa36/DS-746eefe9-39c4-44ab-a9a7-ccc5bd775b31/container.db, /home/runner/work/ozone/ozone/hadoop-ozone/integration-test/target/test-dir/MiniOzoneClusterImpl-09c4c6e1-5ab0-4195-ac7b-5aec6defaa36/ozone-meta/datanode-10/data-0/hdds/09c4c6e1-5ab0-4195-ac7b-5aec6defaa36/DS-21102085-ea82-4b9e-92b2-c23c323afb7d/container.db, /home/runner/work/ozone/ozone/hadoop-ozone/integration-test/target/test-dir/MiniOzoneClusterImpl-09c4c6e1-5ab0-4195-ac7b-5aec6defaa36/ozone-meta/datanode-2/data-0/hdds/09c4c6e1-5ab0-4195-ac7b-5aec6defaa36/DS-18d68cb1-00a0-4bd7-8b69-18f64a962c8f/container.db, /home/runner/work/ozone/ozone/hadoop-ozone/integration-test/target/test-dir/MiniOzoneClusterImpl-09c4c6e1-5ab0-4195-ac7b-5aec6defaa36/ozone-meta/datanode-3/data-0/hdds/09c4c6e1-5ab0-4195-ac7b-5aec6defaa36/DS-5bf86086-1281-4f48-b117-faf46c9832c4/container.db, /home/runner/work/ozone/ozone/hadoop-ozone/integration-test/target/test-dir/MiniOzoneClusterImpl-09c4c6e1-5ab0-4195-ac7b-5aec6defaa36/ozone-meta/datanode-4/data-0/hdds/09c4c6e1-5ab0-4195-ac7b-5aec6defaa36/DS-f8a05fc0-7350-430f-950a-3f97f1603c5a/container.db, /home/runner/work/ozone/ozone/hadoop-ozone/integration-test/target/test-dir/MiniOzoneClusterImpl-09c4c6e1-5ab0-4195-ac7b-5aec6defaa36/ozone-meta/datanode-5/data-0/hdds/09c4c6e1-5ab0-4195-ac7b-5aec6defaa36/DS-cf117771-2d4b-4638-8c25-ef8af87d97b0/container.db, /home/runner/work/ozone/ozone/hadoop-ozone/integration-test/target/test-dir/MiniOzoneClusterImpl-09c4c6e1-5ab0-4195-ac7b-5aec6defaa36/ozone-meta/datanode-6/data-0/hdds/09c4c6e1-5ab0-4195-ac7b-5aec6defaa36/DS-75c29a64-de09-46f9-a933-2756cc743e4b/container.db, /home/runner/work/ozone/ozone/hadoop-ozone/integration-test/target/test-dir/MiniOzoneClusterImpl-09c4c6e1-5ab0-4195-ac7b-5aec6defaa36/ozone-meta/datanode-7/data-0/hdds/09c4c6e1-5ab0-4195-ac7b-5aec6defaa36/DS-4d76971e-1f3b-4fa7-98ef-f7ba054cf005/container.db, /home/runner/work/ozone/ozone/hadoop-ozone/integration-test/target/test-dir/MiniOzoneClusterImpl-09c4c6e1-5ab0-4195-ac7b-5aec6defaa36/ozone-meta/datanode-8/data-0/hdds/09c4c6e1-5ab0-4195-ac7b-5aec6defaa36/DS-b52ca8fa-4490-4d08-8ebc-234d34d70975/container.db, /home/runner/work/ozone/ozone/hadoop-ozone/integration-test/target/test-dir/MiniOzoneClusterImpl-09c4c6e1-5ab0-4195-ac7b-5aec6defaa36/ozone-meta/datanode-9/data-0/hdds/09c4c6e1-5ab0-4195-ac7b-5aec6defaa36/DS-080d1eb9-9692-4ec7-958f-aad54a1bc2aa/container.db]
2025-07-19 06:08:05,497 [main] INFO  utils.DatanodeStoreCache (DatanodeStoreCache.java:removeDB(104)) - Removed db /home/runner/work/ozone/ozone/hadoop-ozone/integration-test/target/test-dir/MiniOzoneClusterImpl-09c4c6e1-5ab0-4195-ac7b-5aec6defaa36/ozone-meta/datanode-2/data-0/hdds/09c4c6e1-5ab0-4195-ac7b-5aec6defaa36/DS-18d68cb1-00a0-4bd7-8b69-18f64a962c8f/container.db from cache
2025-07-19 06:08:05,497 [main] INFO  volume.HddsVolume (HddsVolume.java:closeDbStore(609)) - SchemaV3 db is stopped at /home/runner/work/ozone/ozone/hadoop-ozone/integration-test/target/test-dir/MiniOzoneClusterImpl-09c4c6e1-5ab0-4195-ac7b-5aec6defaa36/ozone-meta/datanode-2/data-0/hdds/09c4c6e1-5ab0-4195-ac7b-5aec6defaa36/DS-18d68cb1-00a0-4bd7-8b69-18f64a962c8f/container.db for volume DS-18d68cb1-00a0-4bd7-8b69-18f64a962c8f
2025-07-19 06:08:05,497 [main] INFO  utils.BackgroundService (BackgroundService.java:shutdown(178)) - Shutting down service BlockDeletingService
2025-07-19 06:08:05,498 [main] INFO  utils.BackgroundService (BackgroundService.java:shutdown(178)) - Shutting down service StaleRecoveringContainerScrubbingService
2025-07-19 06:08:05,499 [main] INFO  statemachine.DatanodeStateMachine (DatanodeStateMachine.java:stopDaemon(637)) - Ozone container server stopped.
2025-07-19 06:08:05,513 [main] INFO  handler.ContextHandler (ContextHandler.java:doStop(1159)) - Stopped o.e.j.w.WebAppContext@c27ea94{hddsDatanode,/,null,STOPPED}{jar:file:/home/runner/work/ozone/ozone/hadoop-hdds/container-service/target/hdds-container-service-2.1.0-SNAPSHOT.jar!/webapps/hddsDatanode}
2025-07-19 06:08:05,514 [main] INFO  server.AbstractConnector (AbstractConnector.java:doStop(383)) - Stopped ServerConnector@3bbed4fa{HTTP/1.1, (http/1.1)}{0.0.0.0:15018}
2025-07-19 06:08:05,514 [main] INFO  server.session (HouseKeeper.java:stopScavenging(149)) - node0 Stopped scavenging
2025-07-19 06:08:05,514 [main] INFO  handler.ContextHandler (ContextHandler.java:doStop(1159)) - Stopped o.e.j.s.ServletContextHandler@6586480a{static,/static,jar:file:/home/runner/work/ozone/ozone/hadoop-hdds/container-service/target/hdds-container-service-2.1.0-SNAPSHOT.jar!/webapps/static,STOPPED}
2025-07-19 06:08:05,515 [main] INFO  handler.ContextHandler (ContextHandler.java:doStop(1159)) - Stopped o.e.j.s.ServletContextHandler@182c3b79{logs,/logs,file:///home/runner/work/ozone/ozone/hadoop-ozone/integration-test/target/log,STOPPED}
2025-07-19 06:08:05,515 [main] INFO  ozone.HddsDatanodeClientProtocolServer (HddsDatanodeClientProtocolServer.java:stop(82)) - Stopping the RPC server for Client Protocol
2025-07-19 06:08:05,515 [main] INFO  ipc.Server (Server.java:stop(3697)) - Stopping server on 15019
2025-07-19 06:08:05,517 [IPC Server listener on 15019] INFO  ipc.Server (Server.java:run(1585)) - Stopping IPC Server listener on 15019
2025-07-19 06:08:05,517 [IPC Server Responder] INFO  ipc.Server (Server.java:run(1718)) - Stopping IPC Server Responder
2025-07-19 06:08:05,518 [main] INFO  ozone.MiniOzoneClusterImpl (MiniOzoneClusterImpl.java:lambda$waitForHddsDatanodeToStop$3(312)) - Waiting on datanode to be marked stale.
2025-07-19 06:08:05,731 [timer0] WARN  server.GrpcLogAppender (GrpcLogAppender.java:timeoutAppendRequest(448)) - d1f2401f-ce3c-4cd7-b613-e85afa8c39c7@group-51802BB6A696->cfedd3f1-5d02-4847-a363-6f2972b00a97-GrpcLogAppender: Timed out HEARTBEAT appendEntries, errorCount=18, request=AppendEntriesRequest:cid=6958,entriesCount=0
2025-07-19 06:08:05,779 [timer0] WARN  server.GrpcLogAppender (LogUtils.java:warn(129)) - d1f2401f-ce3c-4cd7-b613-e85afa8c39c7@group-4D5619C3D8B6->cfedd3f1-5d02-4847-a363-6f2972b00a97-AppendLogResponseHandler: Failed appendEntries (Repeated 3 times in the last 5.001s)
org.apache.ratis.protocol.exceptions.GroupMismatchException: cfedd3f1-5d02-4847-a363-6f2972b00a97: group-4D5619C3D8B6 not found.
	at org.apache.ratis.server.impl.RaftServerProxy$ImplMap.get(RaftServerProxy.java:160)
	at org.apache.ratis.server.impl.RaftServerProxy.getImplFuture(RaftServerProxy.java:370)
	at org.apache.ratis.server.impl.RaftServerProxy.appendEntriesAsync(RaftServerProxy.java:650)
	at org.apache.ratis.grpc.server.GrpcServerProtocolService$1.process(GrpcServerProtocolService.java:245)
	at org.apache.ratis.grpc.server.GrpcServerProtocolService$1.process(GrpcServerProtocolService.java:242)
	at org.apache.ratis.grpc.server.GrpcServerProtocolService$ServerRequestStreamObserver.onNext(GrpcServerProtocolService.java:150)
	at org.apache.ratis.thirdparty.io.grpc.stub.ServerCalls$StreamingServerCallHandler$StreamingServerCallListener.onMessage(ServerCalls.java:262)
	at org.apache.ratis.thirdparty.io.grpc.internal.ServerCallImpl$ServerStreamListenerImpl.messagesAvailableInternal(ServerCallImpl.java:334)
	at org.apache.ratis.thirdparty.io.grpc.internal.ServerCallImpl$ServerStreamListenerImpl.messagesAvailable(ServerCallImpl.java:319)
	at org.apache.ratis.thirdparty.io.grpc.internal.ServerImpl$JumpToApplicationThreadServerStreamListener$1MessagesAvailable.runInContext(ServerImpl.java:834)
	at org.apache.ratis.thirdparty.io.grpc.internal.ContextRunnable.run(ContextRunnable.java:37)
	at org.apache.ratis.thirdparty.io.grpc.internal.SerializingExecutor.run(SerializingExecutor.java:133)
	at java.base/java.util.concurrent.ThreadPoolExecutor.runWorker(ThreadPoolExecutor.java:1144)
	at java.base/java.util.concurrent.ThreadPoolExecutor$Worker.run(ThreadPoolExecutor.java:642)
	at java.base/java.lang.Thread.run(Thread.java:1583)
2025-07-19 06:08:06,518 [main] INFO  ozone.MiniOzoneClusterImpl (MiniOzoneClusterImpl.java:lambda$waitForHddsDatanodeToStop$3(312)) - Waiting on datanode to be marked stale.
2025-07-19 06:08:07,410 [om1-KeyDeletingService#0] INFO  service.KeyDeletingService (KeyDeletingService.java:processKeyDeletes(141)) - Send 1 key(s) to SCM, first 1 keys: [BlockGroup[groupID='/testcontainerstatemachinefailures/testcontainerstatemachinefailures/ratis/-9223372036854771968', blockIDs=[conID: 5 locID: 115816896921600005 bcsId: 0 replicaIndex: null, conID: 6 locID: 115816896921600006 bcsId: 0 replicaIndex: null]]]
2025-07-19 06:08:07,416 [IPC Server handler 4 on default port 15001] INFO  ha.SequenceIdGenerator (SequenceIdGenerator.java:getNextId(135)) - Allocate a batch for delTxnId, change lastId from 0 to 1000.
2025-07-19 06:08:07,429 [om1-KeyDeletingService#0] INFO  service.KeyDeletingService (KeyDeletingService.java:processKeyDeletes(146)) - 1 BlockGroup deletion are acked by SCM in 19 ms
2025-07-19 06:08:07,437 [om1-KeyDeletingService#0] INFO  service.KeyDeletingService (KeyDeletingService.java:processKeyDeletes(154)) - Blocks for (1,true) (out of 1) keys are deleted from DB in 9 ms. Limit per task is 50000.
2025-07-19 06:08:07,518 [main] INFO  ozone.MiniOzoneClusterImpl (MiniOzoneClusterImpl.java:lambda$waitForHddsDatanodeToStop$3(312)) - Waiting on datanode to be marked stale.
2025-07-19 06:08:07,552 [timer7] WARN  server.GrpcLogAppender (GrpcLogAppender.java:lambda$resetClient$1(228)) - 7e15f5a0-0f8f-4a50-92e4-d2f5038b0085@group-0132FE54E6CF->aa0cb613-fc94-4131-90ab-17bcd78458c4-GrpcLogAppender: Follower failed (request=null, errorCount=10); keep nextIndex (11) unchanged and retry. (Repeated 10 times in the last 5.000s)
2025-07-19 06:08:07,552 [timer6] WARN  server.GrpcLogAppender (LogUtils.java:warn(127)) - 7e15f5a0-0f8f-4a50-92e4-d2f5038b0085@group-0132FE54E6CF->aa0cb613-fc94-4131-90ab-17bcd78458c4-AppendLogResponseHandler: Failed appendEntries (Repeated 10 times in the last 5.001s): org.apache.ratis.thirdparty.io.grpc.StatusRuntimeException: UNAVAILABLE: io exception
  Caused by: org.apache.ratis.thirdparty.io.netty.channel.AbstractChannel$AnnotatedConnectException: finishConnect(..) failed: Connection refused: /127.0.0.1:15023
  Caused by: java.net.ConnectException: finishConnect(..) failed: Connection refused
2025-07-19 06:08:08,271 [grpc-default-executor-6] WARN  server.GrpcServerProtocolService (LogUtils.java:warn(129)) - cfedd3f1-5d02-4847-a363-6f2972b00a97: Failed APPEND_ENTRIES request d1f2401f-ce3c-4cd7-b613-e85afa8c39c7->cfedd3f1-5d02-4847-a363-6f2972b00a97#29-t2,previous=(t:1, i:0),leaderCommit=2,initializing? false,entries: size=2, first=(t:2, i:1), CONFIGURATIONENTRY(current:id:"cfedd3f1-5d02-4847-a363-6f2972b00a97"address:"127.0.0.1:15039"priority:1dataStreamAddress:"127.0.0.1:15040"clientAddress:"127.0.0.1:15037"adminAddress:"127.0.0.1:15038"startupRole:FOLLOWER, id:"e80b39d0-2325-4ff7-b450-1b10ae88e746"address:"127.0.0.1:15055"dataStreamAddress:"127.0.0.1:15056"clientAddress:"127.0.0.1:15053"adminAddress:"127.0.0.1:15054"startupRole:FOLLOWER, id:"d1f2401f-ce3c-4cd7-b613-e85afa8c39c7"address:"127.0.0.1:15047"dataStreamAddress:"127.0.0.1:15048"clientAddress:"127.0.0.1:15045"adminAddress:"127.0.0.1:15046"startupRole:FOLLOWER, old:)
java.util.concurrent.CompletionException: org.apache.ratis.protocol.exceptions.GroupMismatchException: cfedd3f1-5d02-4847-a363-6f2972b00a97: group-4D5619C3D8B6 not found.
	at java.base/java.util.concurrent.CompletableFuture.encodeThrowable(CompletableFuture.java:332)
	at java.base/java.util.concurrent.CompletableFuture.uniComposeStage(CompletableFuture.java:1177)
	at java.base/java.util.concurrent.CompletableFuture.thenCompose(CompletableFuture.java:2341)
	at org.apache.ratis.server.impl.RaftServerProxy.appendEntriesAsync(RaftServerProxy.java:651)
	at org.apache.ratis.grpc.server.GrpcServerProtocolService$1.process(GrpcServerProtocolService.java:245)
	at org.apache.ratis.grpc.server.GrpcServerProtocolService$1.process(GrpcServerProtocolService.java:242)
	at org.apache.ratis.grpc.server.GrpcServerProtocolService$ServerRequestStreamObserver.onNext(GrpcServerProtocolService.java:150)
	at org.apache.ratis.thirdparty.io.grpc.stub.ServerCalls$StreamingServerCallHandler$StreamingServerCallListener.onMessage(ServerCalls.java:262)
	at org.apache.ratis.thirdparty.io.grpc.internal.ServerCallImpl$ServerStreamListenerImpl.messagesAvailableInternal(ServerCallImpl.java:334)
	at org.apache.ratis.thirdparty.io.grpc.internal.ServerCallImpl$ServerStreamListenerImpl.messagesAvailable(ServerCallImpl.java:319)
	at org.apache.ratis.thirdparty.io.grpc.internal.ServerImpl$JumpToApplicationThreadServerStreamListener$1MessagesAvailable.runInContext(ServerImpl.java:834)
	at org.apache.ratis.thirdparty.io.grpc.internal.ContextRunnable.run(ContextRunnable.java:37)
	at org.apache.ratis.thirdparty.io.grpc.internal.SerializingExecutor.run(SerializingExecutor.java:133)
	at java.base/java.util.concurrent.ThreadPoolExecutor.runWorker(ThreadPoolExecutor.java:1144)
	at java.base/java.util.concurrent.ThreadPoolExecutor$Worker.run(ThreadPoolExecutor.java:642)
	at java.base/java.lang.Thread.run(Thread.java:1583)
Caused by: org.apache.ratis.protocol.exceptions.GroupMismatchException: cfedd3f1-5d02-4847-a363-6f2972b00a97: group-4D5619C3D8B6 not found.
	at org.apache.ratis.server.impl.RaftServerProxy$ImplMap.get(RaftServerProxy.java:160)
	at org.apache.ratis.server.impl.RaftServerProxy.getImplFuture(RaftServerProxy.java:370)
	at org.apache.ratis.server.impl.RaftServerProxy.appendEntriesAsync(RaftServerProxy.java:650)
	... 12 more
2025-07-19 06:08:08,273 [grpc-default-executor-6] WARN  server.GrpcLogAppender (LogUtils.java:warn(129)) - d1f2401f-ce3c-4cd7-b613-e85afa8c39c7@group-4D5619C3D8B6->cfedd3f1-5d02-4847-a363-6f2972b00a97-AppendLogResponseHandler: Failed appendEntries
org.apache.ratis.protocol.exceptions.GroupMismatchException: cfedd3f1-5d02-4847-a363-6f2972b00a97: group-4D5619C3D8B6 not found.
	at org.apache.ratis.server.impl.RaftServerProxy$ImplMap.get(RaftServerProxy.java:160)
	at org.apache.ratis.server.impl.RaftServerProxy.getImplFuture(RaftServerProxy.java:370)
	at org.apache.ratis.server.impl.RaftServerProxy.appendEntriesAsync(RaftServerProxy.java:650)
	at org.apache.ratis.grpc.server.GrpcServerProtocolService$1.process(GrpcServerProtocolService.java:245)
	at org.apache.ratis.grpc.server.GrpcServerProtocolService$1.process(GrpcServerProtocolService.java:242)
	at org.apache.ratis.grpc.server.GrpcServerProtocolService$ServerRequestStreamObserver.onNext(GrpcServerProtocolService.java:150)
	at org.apache.ratis.thirdparty.io.grpc.stub.ServerCalls$StreamingServerCallHandler$StreamingServerCallListener.onMessage(ServerCalls.java:262)
	at org.apache.ratis.thirdparty.io.grpc.internal.ServerCallImpl$ServerStreamListenerImpl.messagesAvailableInternal(ServerCallImpl.java:334)
	at org.apache.ratis.thirdparty.io.grpc.internal.ServerCallImpl$ServerStreamListenerImpl.messagesAvailable(ServerCallImpl.java:319)
	at org.apache.ratis.thirdparty.io.grpc.internal.ServerImpl$JumpToApplicationThreadServerStreamListener$1MessagesAvailable.runInContext(ServerImpl.java:834)
	at org.apache.ratis.thirdparty.io.grpc.internal.ContextRunnable.run(ContextRunnable.java:37)
	at org.apache.ratis.thirdparty.io.grpc.internal.SerializingExecutor.run(SerializingExecutor.java:133)
	at java.base/java.util.concurrent.ThreadPoolExecutor.runWorker(ThreadPoolExecutor.java:1144)
	at java.base/java.util.concurrent.ThreadPoolExecutor$Worker.run(ThreadPoolExecutor.java:642)
	at java.base/java.lang.Thread.run(Thread.java:1583)
2025-07-19 06:08:08,273 [grpc-default-executor-6] INFO  leader.LogAppender (LogAppenderBase.java:lambda$getNextIndexForError$0(215)) - Decrease nextIndex to 1
2025-07-19 06:08:08,273 [grpc-default-executor-6] INFO  leader.LogAppender (LogAppenderBase.java:lambda$getNextIndexForError$0(215)) - Decrease nextIndex to 1
2025-07-19 06:08:08,273 [grpc-default-executor-6] INFO  leader.FollowerInfo (FollowerInfoImpl.java:info(70)) - d1f2401f-ce3c-4cd7-b613-e85afa8c39c7@group-4D5619C3D8B6->cfedd3f1-5d02-4847-a363-6f2972b00a97: computeNextIndex nextIndex: updateUnconditionally 3 -> 1
2025-07-19 06:08:08,305 [timer0] WARN  server.GrpcLogAppender (GrpcLogAppender.java:timeoutAppendRequest(448)) - d1f2401f-ce3c-4cd7-b613-e85afa8c39c7@group-51802BB6A696->cfedd3f1-5d02-4847-a363-6f2972b00a97-GrpcLogAppender: Timed out HEARTBEAT appendEntries, errorCount=19, request=AppendEntriesRequest:cid=6959,entriesCount=0
2025-07-19 06:08:08,518 [main] INFO  ozone.MiniOzoneClusterImpl (MiniOzoneClusterImpl.java:lambda$waitForHddsDatanodeToStop$3(312)) - Waiting on datanode to be marked stale.
2025-07-19 06:08:08,524 [grpc-default-executor-6] WARN  server.GrpcLogAppender (LogUtils.java:warn(127)) - 7e15f5a0-0f8f-4a50-92e4-d2f5038b0085@group-0132FE54E6CF->aa0cb613-fc94-4131-90ab-17bcd78458c4-AppendLogResponseHandler: Failed appendEntries: org.apache.ratis.thirdparty.io.grpc.StatusRuntimeException: UNAVAILABLE: io exception
  Caused by: org.apache.ratis.thirdparty.io.netty.channel.AbstractChannel$AnnotatedConnectException: finishConnect(..) failed: Connection refused: /127.0.0.1:15023
  Caused by: java.net.ConnectException: finishConnect(..) failed: Connection refused
2025-07-19 06:08:08,525 [grpc-default-executor-3] WARN  server.GrpcLogAppender (GrpcLogAppender.java:lambda$resetClient$1(228)) - 7e15f5a0-0f8f-4a50-92e4-d2f5038b0085@group-0132FE54E6CF->aa0cb613-fc94-4131-90ab-17bcd78458c4-GrpcLogAppender: Follower failed (request=null, errorCount=11); keep nextIndex (11) unchanged and retry.
2025-07-19 06:08:09,519 [main] INFO  ozone.MiniOzoneClusterImpl (MiniOzoneClusterImpl.java:lambda$waitForHddsDatanodeToStop$3(312)) - Waiting on datanode to be marked stale.
2025-07-19 06:08:10,373 [timer2] WARN  server.GrpcLogAppender (GrpcLogAppender.java:timeoutAppendRequest(448)) - d1f2401f-ce3c-4cd7-b613-e85afa8c39c7@group-51802BB6A696->cfedd3f1-5d02-4847-a363-6f2972b00a97-GrpcLogAppender: Timed out HEARTBEAT appendEntries, errorCount=20, request=AppendEntriesRequest:cid=6960,entriesCount=0
2025-07-19 06:08:10,519 [main] INFO  ozone.MiniOzoneClusterImpl (MiniOzoneClusterImpl.java:lambda$waitForHddsDatanodeToStop$3(312)) - Waiting on datanode to be marked stale.
2025-07-19 06:08:10,846 [grpc-default-executor-6] WARN  server.GrpcServerProtocolService (LogUtils.java:warn(129)) - cfedd3f1-5d02-4847-a363-6f2972b00a97: Failed APPEND_ENTRIES request d1f2401f-ce3c-4cd7-b613-e85afa8c39c7->cfedd3f1-5d02-4847-a363-6f2972b00a97#31-t2,previous=(t:1, i:0),leaderCommit=2,initializing? false,entries: size=2, first=(t:2, i:1), CONFIGURATIONENTRY(current:id:"cfedd3f1-5d02-4847-a363-6f2972b00a97"address:"127.0.0.1:15039"priority:1dataStreamAddress:"127.0.0.1:15040"clientAddress:"127.0.0.1:15037"adminAddress:"127.0.0.1:15038"startupRole:FOLLOWER, id:"e80b39d0-2325-4ff7-b450-1b10ae88e746"address:"127.0.0.1:15055"dataStreamAddress:"127.0.0.1:15056"clientAddress:"127.0.0.1:15053"adminAddress:"127.0.0.1:15054"startupRole:FOLLOWER, id:"d1f2401f-ce3c-4cd7-b613-e85afa8c39c7"address:"127.0.0.1:15047"dataStreamAddress:"127.0.0.1:15048"clientAddress:"127.0.0.1:15045"adminAddress:"127.0.0.1:15046"startupRole:FOLLOWER, old:)
java.util.concurrent.CompletionException: org.apache.ratis.protocol.exceptions.GroupMismatchException: cfedd3f1-5d02-4847-a363-6f2972b00a97: group-4D5619C3D8B6 not found.
	at java.base/java.util.concurrent.CompletableFuture.encodeThrowable(CompletableFuture.java:332)
	at java.base/java.util.concurrent.CompletableFuture.uniComposeStage(CompletableFuture.java:1177)
	at java.base/java.util.concurrent.CompletableFuture.thenCompose(CompletableFuture.java:2341)
	at org.apache.ratis.server.impl.RaftServerProxy.appendEntriesAsync(RaftServerProxy.java:651)
	at org.apache.ratis.grpc.server.GrpcServerProtocolService$1.process(GrpcServerProtocolService.java:245)
	at org.apache.ratis.grpc.server.GrpcServerProtocolService$1.process(GrpcServerProtocolService.java:242)
	at org.apache.ratis.grpc.server.GrpcServerProtocolService$ServerRequestStreamObserver.onNext(GrpcServerProtocolService.java:150)
	at org.apache.ratis.thirdparty.io.grpc.stub.ServerCalls$StreamingServerCallHandler$StreamingServerCallListener.onMessage(ServerCalls.java:262)
	at org.apache.ratis.thirdparty.io.grpc.internal.ServerCallImpl$ServerStreamListenerImpl.messagesAvailableInternal(ServerCallImpl.java:334)
	at org.apache.ratis.thirdparty.io.grpc.internal.ServerCallImpl$ServerStreamListenerImpl.messagesAvailable(ServerCallImpl.java:319)
	at org.apache.ratis.thirdparty.io.grpc.internal.ServerImpl$JumpToApplicationThreadServerStreamListener$1MessagesAvailable.runInContext(ServerImpl.java:834)
	at org.apache.ratis.thirdparty.io.grpc.internal.ContextRunnable.run(ContextRunnable.java:37)
	at org.apache.ratis.thirdparty.io.grpc.internal.SerializingExecutor.run(SerializingExecutor.java:133)
	at java.base/java.util.concurrent.ThreadPoolExecutor.runWorker(ThreadPoolExecutor.java:1144)
	at java.base/java.util.concurrent.ThreadPoolExecutor$Worker.run(ThreadPoolExecutor.java:642)
	at java.base/java.lang.Thread.run(Thread.java:1583)
Caused by: org.apache.ratis.protocol.exceptions.GroupMismatchException: cfedd3f1-5d02-4847-a363-6f2972b00a97: group-4D5619C3D8B6 not found.
	at org.apache.ratis.server.impl.RaftServerProxy$ImplMap.get(RaftServerProxy.java:160)
	at org.apache.ratis.server.impl.RaftServerProxy.getImplFuture(RaftServerProxy.java:370)
	at org.apache.ratis.server.impl.RaftServerProxy.appendEntriesAsync(RaftServerProxy.java:650)
	... 12 more
2025-07-19 06:08:10,848 [grpc-default-executor-6] INFO  leader.LogAppender (LogAppenderBase.java:lambda$getNextIndexForError$0(215)) - Decrease nextIndex to 1
2025-07-19 06:08:10,848 [grpc-default-executor-6] INFO  leader.LogAppender (LogAppenderBase.java:lambda$getNextIndexForError$0(215)) - Decrease nextIndex to 1
2025-07-19 06:08:10,848 [grpc-default-executor-6] INFO  leader.FollowerInfo (FollowerInfoImpl.java:info(70)) - d1f2401f-ce3c-4cd7-b613-e85afa8c39c7@group-4D5619C3D8B6->cfedd3f1-5d02-4847-a363-6f2972b00a97: computeNextIndex nextIndex: updateUnconditionally 3 -> 1
2025-07-19 06:08:11,519 [main] INFO  ozone.MiniOzoneClusterImpl (MiniOzoneClusterImpl.java:lambda$waitForHddsDatanodeToStop$3(312)) - Waiting on datanode to be marked stale.
2025-07-19 06:08:12,217 [timer4] WARN  server.GrpcLogAppender (GrpcLogAppender.java:timeoutAppendRequest(448)) - d1f2401f-ce3c-4cd7-b613-e85afa8c39c7@group-51802BB6A696->cfedd3f1-5d02-4847-a363-6f2972b00a97-GrpcLogAppender: Timed out HEARTBEAT appendEntries, errorCount=21, request=AppendEntriesRequest:cid=6961,entriesCount=0
2025-07-19 06:08:12,519 [main] INFO  ozone.MiniOzoneClusterImpl (MiniOzoneClusterImpl.java:lambda$waitForHddsDatanodeToStop$3(312)) - Waiting on datanode to be marked stale.
2025-07-19 06:08:13,273 [timer0] WARN  server.GrpcLogAppender (LogUtils.java:warn(129)) - d1f2401f-ce3c-4cd7-b613-e85afa8c39c7@group-4D5619C3D8B6->cfedd3f1-5d02-4847-a363-6f2972b00a97-AppendLogResponseHandler: Failed appendEntries (Repeated 2 times in the last 5.000s)
org.apache.ratis.protocol.exceptions.GroupMismatchException: cfedd3f1-5d02-4847-a363-6f2972b00a97: group-4D5619C3D8B6 not found.
	at org.apache.ratis.server.impl.RaftServerProxy$ImplMap.get(RaftServerProxy.java:160)
	at org.apache.ratis.server.impl.RaftServerProxy.getImplFuture(RaftServerProxy.java:370)
	at org.apache.ratis.server.impl.RaftServerProxy.appendEntriesAsync(RaftServerProxy.java:650)
	at org.apache.ratis.grpc.server.GrpcServerProtocolService$1.process(GrpcServerProtocolService.java:245)
	at org.apache.ratis.grpc.server.GrpcServerProtocolService$1.process(GrpcServerProtocolService.java:242)
	at org.apache.ratis.grpc.server.GrpcServerProtocolService$ServerRequestStreamObserver.onNext(GrpcServerProtocolService.java:150)
	at org.apache.ratis.thirdparty.io.grpc.stub.ServerCalls$StreamingServerCallHandler$StreamingServerCallListener.onMessage(ServerCalls.java:262)
	at org.apache.ratis.thirdparty.io.grpc.internal.ServerCallImpl$ServerStreamListenerImpl.messagesAvailableInternal(ServerCallImpl.java:334)
	at org.apache.ratis.thirdparty.io.grpc.internal.ServerCallImpl$ServerStreamListenerImpl.messagesAvailable(ServerCallImpl.java:319)
	at org.apache.ratis.thirdparty.io.grpc.internal.ServerImpl$JumpToApplicationThreadServerStreamListener$1MessagesAvailable.runInContext(ServerImpl.java:834)
	at org.apache.ratis.thirdparty.io.grpc.internal.ContextRunnable.run(ContextRunnable.java:37)
	at org.apache.ratis.thirdparty.io.grpc.internal.SerializingExecutor.run(SerializingExecutor.java:133)
	at java.base/java.util.concurrent.ThreadPoolExecutor.runWorker(ThreadPoolExecutor.java:1144)
	at java.base/java.util.concurrent.ThreadPoolExecutor$Worker.run(ThreadPoolExecutor.java:642)
	at java.base/java.lang.Thread.run(Thread.java:1583)
2025-07-19 06:08:13,520 [main] INFO  ozone.MiniOzoneClusterImpl (MiniOzoneClusterImpl.java:lambda$waitForHddsDatanodeToStop$3(312)) - Waiting on datanode to be marked stale.
2025-07-19 06:08:13,524 [timer2] WARN  server.GrpcLogAppender (LogUtils.java:warn(127)) - 7e15f5a0-0f8f-4a50-92e4-d2f5038b0085@group-0132FE54E6CF->aa0cb613-fc94-4131-90ab-17bcd78458c4-AppendLogResponseHandler: Failed appendEntries (Repeated 8 times in the last 5.000s): org.apache.ratis.thirdparty.io.grpc.StatusRuntimeException: UNAVAILABLE: io exception
  Caused by: org.apache.ratis.thirdparty.io.netty.channel.AbstractChannel$AnnotatedConnectException: finishConnect(..) failed: Connection refused: /127.0.0.1:15023
  Caused by: java.net.ConnectException: finishConnect(..) failed: Connection refused
2025-07-19 06:08:13,525 [timer3] WARN  server.GrpcLogAppender (GrpcLogAppender.java:lambda$resetClient$1(228)) - 7e15f5a0-0f8f-4a50-92e4-d2f5038b0085@group-0132FE54E6CF->aa0cb613-fc94-4131-90ab-17bcd78458c4-GrpcLogAppender: Follower failed (request=null, errorCount=18); keep nextIndex (11) unchanged and retry. (Repeated 8 times in the last 5.000s)
2025-07-19 06:08:14,520 [main] INFO  ozone.MiniOzoneClusterImpl (MiniOzoneClusterImpl.java:lambda$waitForHddsDatanodeToStop$3(312)) - Waiting on datanode to be marked stale.
2025-07-19 06:08:14,889 [timer3] WARN  server.GrpcLogAppender (GrpcLogAppender.java:timeoutAppendRequest(448)) - d1f2401f-ce3c-4cd7-b613-e85afa8c39c7@group-51802BB6A696->cfedd3f1-5d02-4847-a363-6f2972b00a97-GrpcLogAppender: Timed out HEARTBEAT appendEntries, errorCount=22, request=AppendEntriesRequest:cid=6962,entriesCount=0
2025-07-19 06:08:15,112 [grpc-default-executor-3] WARN  server.GrpcLogAppender (LogUtils.java:warn(127)) - 7e15f5a0-0f8f-4a50-92e4-d2f5038b0085@group-0132FE54E6CF->aa0cb613-fc94-4131-90ab-17bcd78458c4-AppendLogResponseHandler: Failed appendEntries: org.apache.ratis.thirdparty.io.grpc.StatusRuntimeException: UNAVAILABLE: io exception
  Caused by: org.apache.ratis.thirdparty.io.netty.channel.AbstractChannel$AnnotatedConnectException: finishConnect(..) failed: Connection refused: /127.0.0.1:15023
  Caused by: java.net.ConnectException: finishConnect(..) failed: Connection refused
2025-07-19 06:08:15,113 [grpc-default-executor-6] WARN  server.GrpcLogAppender (GrpcLogAppender.java:lambda$resetClient$1(228)) - 7e15f5a0-0f8f-4a50-92e4-d2f5038b0085@group-0132FE54E6CF->aa0cb613-fc94-4131-90ab-17bcd78458c4-GrpcLogAppender: Follower failed (request=null, errorCount=19); keep nextIndex (11) unchanged and retry.
2025-07-19 06:08:15,422 [timer1] WARN  server.GrpcLogAppender (GrpcLogAppender.java:timeoutAppendRequest(448)) - d1f2401f-ce3c-4cd7-b613-e85afa8c39c7@group-4D5619C3D8B6->cfedd3f1-5d02-4847-a363-6f2972b00a97-GrpcLogAppender: Timed out HEARTBEAT appendEntries, errorCount=17, request=AppendEntriesRequest:cid=32,entriesCount=0
2025-07-19 06:08:15,520 [main] INFO  ozone.MiniOzoneClusterImpl (MiniOzoneClusterImpl.java:lambda$waitForHddsDatanodeToStop$3(312)) - Waiting on datanode to be marked stale.
2025-07-19 06:08:16,520 [main] INFO  ozone.MiniOzoneClusterImpl (MiniOzoneClusterImpl.java:lambda$waitForHddsDatanodeToStop$3(312)) - Waiting on datanode to be marked stale.
2025-07-19 06:08:16,845 [timer3] WARN  server.GrpcLogAppender (GrpcLogAppender.java:timeoutAppendRequest(448)) - d1f2401f-ce3c-4cd7-b613-e85afa8c39c7@group-4D5619C3D8B6->cfedd3f1-5d02-4847-a363-6f2972b00a97-GrpcLogAppender: Timed out HEARTBEAT appendEntries, errorCount=18, request=AppendEntriesRequest:cid=33,entriesCount=0
2025-07-19 06:08:17,007 [grpc-default-executor-6] WARN  server.GrpcServerProtocolService (LogUtils.java:warn(129)) - cfedd3f1-5d02-4847-a363-6f2972b00a97: Failed APPEND_ENTRIES request d1f2401f-ce3c-4cd7-b613-e85afa8c39c7->cfedd3f1-5d02-4847-a363-6f2972b00a97#36-t2,previous=(t:1, i:0),leaderCommit=2,initializing? false,entries: size=2, first=(t:2, i:1), CONFIGURATIONENTRY(current:id:"cfedd3f1-5d02-4847-a363-6f2972b00a97"address:"127.0.0.1:15039"priority:1dataStreamAddress:"127.0.0.1:15040"clientAddress:"127.0.0.1:15037"adminAddress:"127.0.0.1:15038"startupRole:FOLLOWER, id:"e80b39d0-2325-4ff7-b450-1b10ae88e746"address:"127.0.0.1:15055"dataStreamAddress:"127.0.0.1:15056"clientAddress:"127.0.0.1:15053"adminAddress:"127.0.0.1:15054"startupRole:FOLLOWER, id:"d1f2401f-ce3c-4cd7-b613-e85afa8c39c7"address:"127.0.0.1:15047"dataStreamAddress:"127.0.0.1:15048"clientAddress:"127.0.0.1:15045"adminAddress:"127.0.0.1:15046"startupRole:FOLLOWER, old:)
java.util.concurrent.CompletionException: org.apache.ratis.protocol.exceptions.GroupMismatchException: cfedd3f1-5d02-4847-a363-6f2972b00a97: group-4D5619C3D8B6 not found.
	at java.base/java.util.concurrent.CompletableFuture.encodeThrowable(CompletableFuture.java:332)
	at java.base/java.util.concurrent.CompletableFuture.uniComposeStage(CompletableFuture.java:1177)
	at java.base/java.util.concurrent.CompletableFuture.thenCompose(CompletableFuture.java:2341)
	at org.apache.ratis.server.impl.RaftServerProxy.appendEntriesAsync(RaftServerProxy.java:651)
	at org.apache.ratis.grpc.server.GrpcServerProtocolService$1.process(GrpcServerProtocolService.java:245)
	at org.apache.ratis.grpc.server.GrpcServerProtocolService$1.process(GrpcServerProtocolService.java:242)
	at org.apache.ratis.grpc.server.GrpcServerProtocolService$ServerRequestStreamObserver.onNext(GrpcServerProtocolService.java:150)
	at org.apache.ratis.thirdparty.io.grpc.stub.ServerCalls$StreamingServerCallHandler$StreamingServerCallListener.onMessage(ServerCalls.java:262)
	at org.apache.ratis.thirdparty.io.grpc.internal.ServerCallImpl$ServerStreamListenerImpl.messagesAvailableInternal(ServerCallImpl.java:334)
	at org.apache.ratis.thirdparty.io.grpc.internal.ServerCallImpl$ServerStreamListenerImpl.messagesAvailable(ServerCallImpl.java:319)
	at org.apache.ratis.thirdparty.io.grpc.internal.ServerImpl$JumpToApplicationThreadServerStreamListener$1MessagesAvailable.runInContext(ServerImpl.java:834)
	at org.apache.ratis.thirdparty.io.grpc.internal.ContextRunnable.run(ContextRunnable.java:37)
	at org.apache.ratis.thirdparty.io.grpc.internal.SerializingExecutor.run(SerializingExecutor.java:133)
	at java.base/java.util.concurrent.ThreadPoolExecutor.runWorker(ThreadPoolExecutor.java:1144)
	at java.base/java.util.concurrent.ThreadPoolExecutor$Worker.run(ThreadPoolExecutor.java:642)
	at java.base/java.lang.Thread.run(Thread.java:1583)
Caused by: org.apache.ratis.protocol.exceptions.GroupMismatchException: cfedd3f1-5d02-4847-a363-6f2972b00a97: group-4D5619C3D8B6 not found.
	at org.apache.ratis.server.impl.RaftServerProxy$ImplMap.get(RaftServerProxy.java:160)
	at org.apache.ratis.server.impl.RaftServerProxy.getImplFuture(RaftServerProxy.java:370)
	at org.apache.ratis.server.impl.RaftServerProxy.appendEntriesAsync(RaftServerProxy.java:650)
	... 12 more
2025-07-19 06:08:17,010 [grpc-default-executor-6] WARN  server.GrpcLogAppender (LogUtils.java:warn(129)) - d1f2401f-ce3c-4cd7-b613-e85afa8c39c7@group-4D5619C3D8B6->cfedd3f1-5d02-4847-a363-6f2972b00a97-AppendLogResponseHandler: Failed appendEntries
org.apache.ratis.protocol.exceptions.GroupMismatchException: cfedd3f1-5d02-4847-a363-6f2972b00a97: group-4D5619C3D8B6 not found.
	at org.apache.ratis.server.impl.RaftServerProxy$ImplMap.get(RaftServerProxy.java:160)
	at org.apache.ratis.server.impl.RaftServerProxy.getImplFuture(RaftServerProxy.java:370)
	at org.apache.ratis.server.impl.RaftServerProxy.appendEntriesAsync(RaftServerProxy.java:650)
	at org.apache.ratis.grpc.server.GrpcServerProtocolService$1.process(GrpcServerProtocolService.java:245)
	at org.apache.ratis.grpc.server.GrpcServerProtocolService$1.process(GrpcServerProtocolService.java:242)
	at org.apache.ratis.grpc.server.GrpcServerProtocolService$ServerRequestStreamObserver.onNext(GrpcServerProtocolService.java:150)
	at org.apache.ratis.thirdparty.io.grpc.stub.ServerCalls$StreamingServerCallHandler$StreamingServerCallListener.onMessage(ServerCalls.java:262)
	at org.apache.ratis.thirdparty.io.grpc.internal.ServerCallImpl$ServerStreamListenerImpl.messagesAvailableInternal(ServerCallImpl.java:334)
	at org.apache.ratis.thirdparty.io.grpc.internal.ServerCallImpl$ServerStreamListenerImpl.messagesAvailable(ServerCallImpl.java:319)
	at org.apache.ratis.thirdparty.io.grpc.internal.ServerImpl$JumpToApplicationThreadServerStreamListener$1MessagesAvailable.runInContext(ServerImpl.java:834)
	at org.apache.ratis.thirdparty.io.grpc.internal.ContextRunnable.run(ContextRunnable.java:37)
	at org.apache.ratis.thirdparty.io.grpc.internal.SerializingExecutor.run(SerializingExecutor.java:133)
	at java.base/java.util.concurrent.ThreadPoolExecutor.runWorker(ThreadPoolExecutor.java:1144)
	at java.base/java.util.concurrent.ThreadPoolExecutor$Worker.run(ThreadPoolExecutor.java:642)
	at java.base/java.lang.Thread.run(Thread.java:1583)
2025-07-19 06:08:17,010 [grpc-default-executor-6] INFO  leader.LogAppender (LogAppenderBase.java:lambda$getNextIndexForError$0(215)) - Decrease nextIndex to 1
2025-07-19 06:08:17,010 [grpc-default-executor-6] INFO  leader.LogAppender (LogAppenderBase.java:lambda$getNextIndexForError$0(215)) - Decrease nextIndex to 1
2025-07-19 06:08:17,010 [grpc-default-executor-6] INFO  leader.FollowerInfo (FollowerInfoImpl.java:info(70)) - d1f2401f-ce3c-4cd7-b613-e85afa8c39c7@group-4D5619C3D8B6->cfedd3f1-5d02-4847-a363-6f2972b00a97: computeNextIndex nextIndex: updateUnconditionally 3 -> 1
2025-07-19 06:08:17,359 [timer0] WARN  server.GrpcLogAppender (GrpcLogAppender.java:timeoutAppendRequest(448)) - d1f2401f-ce3c-4cd7-b613-e85afa8c39c7@group-51802BB6A696->cfedd3f1-5d02-4847-a363-6f2972b00a97-GrpcLogAppender: Timed out HEARTBEAT appendEntries, errorCount=23, request=AppendEntriesRequest:cid=6963,entriesCount=0
2025-07-19 06:08:17,521 [main] INFO  ozone.MiniOzoneClusterImpl (MiniOzoneClusterImpl.java:lambda$waitForHddsDatanodeToStop$3(312)) - Waiting on datanode to be marked stale.
2025-07-19 06:08:18,521 [main] INFO  ozone.MiniOzoneClusterImpl (MiniOzoneClusterImpl.java:lambda$waitForHddsDatanodeToStop$3(312)) - Waiting on datanode to be marked stale.
2025-07-19 06:08:19,122 [grpc-default-executor-6] WARN  server.GrpcServerProtocolService (LogUtils.java:warn(129)) - cfedd3f1-5d02-4847-a363-6f2972b00a97: Failed APPEND_ENTRIES request d1f2401f-ce3c-4cd7-b613-e85afa8c39c7->cfedd3f1-5d02-4847-a363-6f2972b00a97#38-t2,previous=(t:1, i:0),leaderCommit=2,initializing? false,entries: size=2, first=(t:2, i:1), CONFIGURATIONENTRY(current:id:"cfedd3f1-5d02-4847-a363-6f2972b00a97"address:"127.0.0.1:15039"priority:1dataStreamAddress:"127.0.0.1:15040"clientAddress:"127.0.0.1:15037"adminAddress:"127.0.0.1:15038"startupRole:FOLLOWER, id:"e80b39d0-2325-4ff7-b450-1b10ae88e746"address:"127.0.0.1:15055"dataStreamAddress:"127.0.0.1:15056"clientAddress:"127.0.0.1:15053"adminAddress:"127.0.0.1:15054"startupRole:FOLLOWER, id:"d1f2401f-ce3c-4cd7-b613-e85afa8c39c7"address:"127.0.0.1:15047"dataStreamAddress:"127.0.0.1:15048"clientAddress:"127.0.0.1:15045"adminAddress:"127.0.0.1:15046"startupRole:FOLLOWER, old:)
java.util.concurrent.CompletionException: org.apache.ratis.protocol.exceptions.GroupMismatchException: cfedd3f1-5d02-4847-a363-6f2972b00a97: group-4D5619C3D8B6 not found.
	at java.base/java.util.concurrent.CompletableFuture.encodeThrowable(CompletableFuture.java:332)
	at java.base/java.util.concurrent.CompletableFuture.uniComposeStage(CompletableFuture.java:1177)
	at java.base/java.util.concurrent.CompletableFuture.thenCompose(CompletableFuture.java:2341)
	at org.apache.ratis.server.impl.RaftServerProxy.appendEntriesAsync(RaftServerProxy.java:651)
	at org.apache.ratis.grpc.server.GrpcServerProtocolService$1.process(GrpcServerProtocolService.java:245)
	at org.apache.ratis.grpc.server.GrpcServerProtocolService$1.process(GrpcServerProtocolService.java:242)
	at org.apache.ratis.grpc.server.GrpcServerProtocolService$ServerRequestStreamObserver.onNext(GrpcServerProtocolService.java:150)
	at org.apache.ratis.thirdparty.io.grpc.stub.ServerCalls$StreamingServerCallHandler$StreamingServerCallListener.onMessage(ServerCalls.java:262)
	at org.apache.ratis.thirdparty.io.grpc.internal.ServerCallImpl$ServerStreamListenerImpl.messagesAvailableInternal(ServerCallImpl.java:334)
	at org.apache.ratis.thirdparty.io.grpc.internal.ServerCallImpl$ServerStreamListenerImpl.messagesAvailable(ServerCallImpl.java:319)
	at org.apache.ratis.thirdparty.io.grpc.internal.ServerImpl$JumpToApplicationThreadServerStreamListener$1MessagesAvailable.runInContext(ServerImpl.java:834)
	at org.apache.ratis.thirdparty.io.grpc.internal.ContextRunnable.run(ContextRunnable.java:37)
	at org.apache.ratis.thirdparty.io.grpc.internal.SerializingExecutor.run(SerializingExecutor.java:133)
	at java.base/java.util.concurrent.ThreadPoolExecutor.runWorker(ThreadPoolExecutor.java:1144)
	at java.base/java.util.concurrent.ThreadPoolExecutor$Worker.run(ThreadPoolExecutor.java:642)
	at java.base/java.lang.Thread.run(Thread.java:1583)
Caused by: org.apache.ratis.protocol.exceptions.GroupMismatchException: cfedd3f1-5d02-4847-a363-6f2972b00a97: group-4D5619C3D8B6 not found.
	at org.apache.ratis.server.impl.RaftServerProxy$ImplMap.get(RaftServerProxy.java:160)
	at org.apache.ratis.server.impl.RaftServerProxy.getImplFuture(RaftServerProxy.java:370)
	at org.apache.ratis.server.impl.RaftServerProxy.appendEntriesAsync(RaftServerProxy.java:650)
	... 12 more
2025-07-19 06:08:19,124 [grpc-default-executor-6] INFO  leader.LogAppender (LogAppenderBase.java:lambda$getNextIndexForError$0(215)) - Decrease nextIndex to 1
2025-07-19 06:08:19,124 [grpc-default-executor-6] INFO  leader.LogAppender (LogAppenderBase.java:lambda$getNextIndexForError$0(215)) - Decrease nextIndex to 1
2025-07-19 06:08:19,124 [grpc-default-executor-6] INFO  leader.FollowerInfo (FollowerInfoImpl.java:info(70)) - d1f2401f-ce3c-4cd7-b613-e85afa8c39c7@group-4D5619C3D8B6->cfedd3f1-5d02-4847-a363-6f2972b00a97: computeNextIndex nextIndex: updateUnconditionally 3 -> 1
2025-07-19 06:08:19,522 [main] INFO  ozone.MiniOzoneClusterImpl (MiniOzoneClusterImpl.java:lambda$waitForHddsDatanodeToStop$3(312)) - Waiting on datanode to be marked stale.
2025-07-19 06:08:20,093 [timer2] WARN  server.GrpcLogAppender (GrpcLogAppender.java:timeoutAppendRequest(448)) - d1f2401f-ce3c-4cd7-b613-e85afa8c39c7@group-51802BB6A696->cfedd3f1-5d02-4847-a363-6f2972b00a97-GrpcLogAppender: Timed out HEARTBEAT appendEntries, errorCount=24, request=AppendEntriesRequest:cid=6964,entriesCount=0
2025-07-19 06:08:20,113 [timer5] WARN  server.GrpcLogAppender (LogUtils.java:warn(127)) - 7e15f5a0-0f8f-4a50-92e4-d2f5038b0085@group-0132FE54E6CF->aa0cb613-fc94-4131-90ab-17bcd78458c4-AppendLogResponseHandler: Failed appendEntries (Repeated 8 times in the last 5.000s): org.apache.ratis.thirdparty.io.grpc.StatusRuntimeException: UNAVAILABLE: io exception
  Caused by: org.apache.ratis.thirdparty.io.netty.channel.AbstractChannel$AnnotatedConnectException: finishConnect(..) failed: Connection refused: /127.0.0.1:15023
  Caused by: java.net.ConnectException: finishConnect(..) failed: Connection refused
2025-07-19 06:08:20,113 [timer6] WARN  server.GrpcLogAppender (GrpcLogAppender.java:lambda$resetClient$1(228)) - 7e15f5a0-0f8f-4a50-92e4-d2f5038b0085@group-0132FE54E6CF->aa0cb613-fc94-4131-90ab-17bcd78458c4-GrpcLogAppender: Follower failed (request=null, errorCount=26); keep nextIndex (11) unchanged and retry. (Repeated 8 times in the last 5.000s)
2025-07-19 06:08:20,522 [main] INFO  ozone.MiniOzoneClusterImpl (MiniOzoneClusterImpl.java:lambda$waitForHddsDatanodeToStop$3(312)) - Waiting on datanode to be marked stale.
2025-07-19 06:08:20,810 [grpc-default-executor-6] WARN  server.GrpcLogAppender (LogUtils.java:warn(127)) - 7e15f5a0-0f8f-4a50-92e4-d2f5038b0085@group-0132FE54E6CF->aa0cb613-fc94-4131-90ab-17bcd78458c4-AppendLogResponseHandler: Failed appendEntries: org.apache.ratis.thirdparty.io.grpc.StatusRuntimeException: UNAVAILABLE: io exception
  Caused by: org.apache.ratis.thirdparty.io.netty.channel.AbstractChannel$AnnotatedConnectException: finishConnect(..) failed: Connection refused: /127.0.0.1:15023
  Caused by: java.net.ConnectException: finishConnect(..) failed: Connection refused
2025-07-19 06:08:20,811 [grpc-default-executor-0] WARN  server.GrpcLogAppender (GrpcLogAppender.java:lambda$resetClient$1(228)) - 7e15f5a0-0f8f-4a50-92e4-d2f5038b0085@group-0132FE54E6CF->aa0cb613-fc94-4131-90ab-17bcd78458c4-GrpcLogAppender: Follower failed (request=null, errorCount=27); keep nextIndex (11) unchanged and retry.
2025-07-19 06:08:21,522 [main] INFO  ozone.MiniOzoneClusterImpl (MiniOzoneClusterImpl.java:lambda$waitForHddsDatanodeToStop$3(312)) - Waiting on datanode to be marked stale.
2025-07-19 06:08:21,637 [grpc-default-executor-6] WARN  server.GrpcServerProtocolService (LogUtils.java:warn(129)) - cfedd3f1-5d02-4847-a363-6f2972b00a97: Failed APPEND_ENTRIES request d1f2401f-ce3c-4cd7-b613-e85afa8c39c7->cfedd3f1-5d02-4847-a363-6f2972b00a97#40-t2,previous=(t:1, i:0),leaderCommit=2,initializing? false,entries: size=2, first=(t:2, i:1), CONFIGURATIONENTRY(current:id:"cfedd3f1-5d02-4847-a363-6f2972b00a97"address:"127.0.0.1:15039"priority:1dataStreamAddress:"127.0.0.1:15040"clientAddress:"127.0.0.1:15037"adminAddress:"127.0.0.1:15038"startupRole:FOLLOWER, id:"e80b39d0-2325-4ff7-b450-1b10ae88e746"address:"127.0.0.1:15055"dataStreamAddress:"127.0.0.1:15056"clientAddress:"127.0.0.1:15053"adminAddress:"127.0.0.1:15054"startupRole:FOLLOWER, id:"d1f2401f-ce3c-4cd7-b613-e85afa8c39c7"address:"127.0.0.1:15047"dataStreamAddress:"127.0.0.1:15048"clientAddress:"127.0.0.1:15045"adminAddress:"127.0.0.1:15046"startupRole:FOLLOWER, old:)
java.util.concurrent.CompletionException: org.apache.ratis.protocol.exceptions.GroupMismatchException: cfedd3f1-5d02-4847-a363-6f2972b00a97: group-4D5619C3D8B6 not found.
	at java.base/java.util.concurrent.CompletableFuture.encodeThrowable(CompletableFuture.java:332)
	at java.base/java.util.concurrent.CompletableFuture.uniComposeStage(CompletableFuture.java:1177)
	at java.base/java.util.concurrent.CompletableFuture.thenCompose(CompletableFuture.java:2341)
	at org.apache.ratis.server.impl.RaftServerProxy.appendEntriesAsync(RaftServerProxy.java:651)
	at org.apache.ratis.grpc.server.GrpcServerProtocolService$1.process(GrpcServerProtocolService.java:245)
	at org.apache.ratis.grpc.server.GrpcServerProtocolService$1.process(GrpcServerProtocolService.java:242)
	at org.apache.ratis.grpc.server.GrpcServerProtocolService$ServerRequestStreamObserver.onNext(GrpcServerProtocolService.java:150)
	at org.apache.ratis.thirdparty.io.grpc.stub.ServerCalls$StreamingServerCallHandler$StreamingServerCallListener.onMessage(ServerCalls.java:262)
	at org.apache.ratis.thirdparty.io.grpc.internal.ServerCallImpl$ServerStreamListenerImpl.messagesAvailableInternal(ServerCallImpl.java:334)
	at org.apache.ratis.thirdparty.io.grpc.internal.ServerCallImpl$ServerStreamListenerImpl.messagesAvailable(ServerCallImpl.java:319)
	at org.apache.ratis.thirdparty.io.grpc.internal.ServerImpl$JumpToApplicationThreadServerStreamListener$1MessagesAvailable.runInContext(ServerImpl.java:834)
	at org.apache.ratis.thirdparty.io.grpc.internal.ContextRunnable.run(ContextRunnable.java:37)
	at org.apache.ratis.thirdparty.io.grpc.internal.SerializingExecutor.run(SerializingExecutor.java:133)
	at java.base/java.util.concurrent.ThreadPoolExecutor.runWorker(ThreadPoolExecutor.java:1144)
	at java.base/java.util.concurrent.ThreadPoolExecutor$Worker.run(ThreadPoolExecutor.java:642)
	at java.base/java.lang.Thread.run(Thread.java:1583)
Caused by: org.apache.ratis.protocol.exceptions.GroupMismatchException: cfedd3f1-5d02-4847-a363-6f2972b00a97: group-4D5619C3D8B6 not found.
	at org.apache.ratis.server.impl.RaftServerProxy$ImplMap.get(RaftServerProxy.java:160)
	at org.apache.ratis.server.impl.RaftServerProxy.getImplFuture(RaftServerProxy.java:370)
	at org.apache.ratis.server.impl.RaftServerProxy.appendEntriesAsync(RaftServerProxy.java:650)
	... 12 more
2025-07-19 06:08:21,638 [grpc-default-executor-6] INFO  leader.LogAppender (LogAppenderBase.java:lambda$getNextIndexForError$0(215)) - Decrease nextIndex to 1
2025-07-19 06:08:21,638 [grpc-default-executor-6] INFO  leader.LogAppender (LogAppenderBase.java:lambda$getNextIndexForError$0(215)) - Decrease nextIndex to 1
2025-07-19 06:08:21,638 [grpc-default-executor-6] INFO  leader.FollowerInfo (FollowerInfoImpl.java:info(70)) - d1f2401f-ce3c-4cd7-b613-e85afa8c39c7@group-4D5619C3D8B6->cfedd3f1-5d02-4847-a363-6f2972b00a97: computeNextIndex nextIndex: updateUnconditionally 3 -> 1
2025-07-19 06:08:21,889 [timer7] WARN  server.GrpcLogAppender (GrpcLogAppender.java:timeoutAppendRequest(448)) - d1f2401f-ce3c-4cd7-b613-e85afa8c39c7@group-51802BB6A696->cfedd3f1-5d02-4847-a363-6f2972b00a97-GrpcLogAppender: Timed out HEARTBEAT appendEntries, errorCount=25, request=AppendEntriesRequest:cid=6965,entriesCount=0
2025-07-19 06:08:22,011 [timer1] WARN  server.GrpcLogAppender (LogUtils.java:warn(129)) - d1f2401f-ce3c-4cd7-b613-e85afa8c39c7@group-4D5619C3D8B6->cfedd3f1-5d02-4847-a363-6f2972b00a97-AppendLogResponseHandler: Failed appendEntries (Repeated 3 times in the last 5.001s)
org.apache.ratis.protocol.exceptions.GroupMismatchException: cfedd3f1-5d02-4847-a363-6f2972b00a97: group-4D5619C3D8B6 not found.
	at org.apache.ratis.server.impl.RaftServerProxy$ImplMap.get(RaftServerProxy.java:160)
	at org.apache.ratis.server.impl.RaftServerProxy.getImplFuture(RaftServerProxy.java:370)
	at org.apache.ratis.server.impl.RaftServerProxy.appendEntriesAsync(RaftServerProxy.java:650)
	at org.apache.ratis.grpc.server.GrpcServerProtocolService$1.process(GrpcServerProtocolService.java:245)
	at org.apache.ratis.grpc.server.GrpcServerProtocolService$1.process(GrpcServerProtocolService.java:242)
	at org.apache.ratis.grpc.server.GrpcServerProtocolService$ServerRequestStreamObserver.onNext(GrpcServerProtocolService.java:150)
	at org.apache.ratis.thirdparty.io.grpc.stub.ServerCalls$StreamingServerCallHandler$StreamingServerCallListener.onMessage(ServerCalls.java:262)
	at org.apache.ratis.thirdparty.io.grpc.internal.ServerCallImpl$ServerStreamListenerImpl.messagesAvailableInternal(ServerCallImpl.java:334)
	at org.apache.ratis.thirdparty.io.grpc.internal.ServerCallImpl$ServerStreamListenerImpl.messagesAvailable(ServerCallImpl.java:319)
	at org.apache.ratis.thirdparty.io.grpc.internal.ServerImpl$JumpToApplicationThreadServerStreamListener$1MessagesAvailable.runInContext(ServerImpl.java:834)
	at org.apache.ratis.thirdparty.io.grpc.internal.ContextRunnable.run(ContextRunnable.java:37)
	at org.apache.ratis.thirdparty.io.grpc.internal.SerializingExecutor.run(SerializingExecutor.java:133)
	at java.base/java.util.concurrent.ThreadPoolExecutor.runWorker(ThreadPoolExecutor.java:1144)
	at java.base/java.util.concurrent.ThreadPoolExecutor$Worker.run(ThreadPoolExecutor.java:642)
	at java.base/java.lang.Thread.run(Thread.java:1583)
2025-07-19 06:08:22,522 [main] INFO  ozone.MiniOzoneClusterImpl (MiniOzoneClusterImpl.java:lambda$waitForHddsDatanodeToStop$3(312)) - Waiting on datanode to be marked stale.
2025-07-19 06:08:23,523 [main] INFO  ozone.MiniOzoneClusterImpl (MiniOzoneClusterImpl.java:lambda$waitForHddsDatanodeToStop$3(312)) - Waiting on datanode to be marked stale.
2025-07-19 06:08:24,361 [timer7] WARN  server.GrpcLogAppender (GrpcLogAppender.java:timeoutAppendRequest(448)) - d1f2401f-ce3c-4cd7-b613-e85afa8c39c7@group-51802BB6A696->cfedd3f1-5d02-4847-a363-6f2972b00a97-GrpcLogAppender: Timed out HEARTBEAT appendEntries, errorCount=26, request=AppendEntriesRequest:cid=6966,entriesCount=0
2025-07-19 06:08:24,442 [grpc-default-executor-0] WARN  server.GrpcServerProtocolService (LogUtils.java:warn(129)) - cfedd3f1-5d02-4847-a363-6f2972b00a97: Failed APPEND_ENTRIES request d1f2401f-ce3c-4cd7-b613-e85afa8c39c7->cfedd3f1-5d02-4847-a363-6f2972b00a97#43-t2,previous=(t:1, i:0),leaderCommit=2,initializing? false,entries: size=2, first=(t:2, i:1), CONFIGURATIONENTRY(current:id:"cfedd3f1-5d02-4847-a363-6f2972b00a97"address:"127.0.0.1:15039"priority:1dataStreamAddress:"127.0.0.1:15040"clientAddress:"127.0.0.1:15037"adminAddress:"127.0.0.1:15038"startupRole:FOLLOWER, id:"e80b39d0-2325-4ff7-b450-1b10ae88e746"address:"127.0.0.1:15055"dataStreamAddress:"127.0.0.1:15056"clientAddress:"127.0.0.1:15053"adminAddress:"127.0.0.1:15054"startupRole:FOLLOWER, id:"d1f2401f-ce3c-4cd7-b613-e85afa8c39c7"address:"127.0.0.1:15047"dataStreamAddress:"127.0.0.1:15048"clientAddress:"127.0.0.1:15045"adminAddress:"127.0.0.1:15046"startupRole:FOLLOWER, old:)
java.util.concurrent.CompletionException: org.apache.ratis.protocol.exceptions.GroupMismatchException: cfedd3f1-5d02-4847-a363-6f2972b00a97: group-4D5619C3D8B6 not found.
	at java.base/java.util.concurrent.CompletableFuture.encodeThrowable(CompletableFuture.java:332)
	at java.base/java.util.concurrent.CompletableFuture.uniComposeStage(CompletableFuture.java:1177)
	at java.base/java.util.concurrent.CompletableFuture.thenCompose(CompletableFuture.java:2341)
	at org.apache.ratis.server.impl.RaftServerProxy.appendEntriesAsync(RaftServerProxy.java:651)
	at org.apache.ratis.grpc.server.GrpcServerProtocolService$1.process(GrpcServerProtocolService.java:245)
	at org.apache.ratis.grpc.server.GrpcServerProtocolService$1.process(GrpcServerProtocolService.java:242)
	at org.apache.ratis.grpc.server.GrpcServerProtocolService$ServerRequestStreamObserver.onNext(GrpcServerProtocolService.java:150)
	at org.apache.ratis.thirdparty.io.grpc.stub.ServerCalls$StreamingServerCallHandler$StreamingServerCallListener.onMessage(ServerCalls.java:262)
	at org.apache.ratis.thirdparty.io.grpc.internal.ServerCallImpl$ServerStreamListenerImpl.messagesAvailableInternal(ServerCallImpl.java:334)
	at org.apache.ratis.thirdparty.io.grpc.internal.ServerCallImpl$ServerStreamListenerImpl.messagesAvailable(ServerCallImpl.java:319)
	at org.apache.ratis.thirdparty.io.grpc.internal.ServerImpl$JumpToApplicationThreadServerStreamListener$1MessagesAvailable.runInContext(ServerImpl.java:834)
	at org.apache.ratis.thirdparty.io.grpc.internal.ContextRunnable.run(ContextRunnable.java:37)
	at org.apache.ratis.thirdparty.io.grpc.internal.SerializingExecutor.run(SerializingExecutor.java:133)
	at java.base/java.util.concurrent.ThreadPoolExecutor.runWorker(ThreadPoolExecutor.java:1144)
	at java.base/java.util.concurrent.ThreadPoolExecutor$Worker.run(ThreadPoolExecutor.java:642)
	at java.base/java.lang.Thread.run(Thread.java:1583)
Caused by: org.apache.ratis.protocol.exceptions.GroupMismatchException: cfedd3f1-5d02-4847-a363-6f2972b00a97: group-4D5619C3D8B6 not found.
	at org.apache.ratis.server.impl.RaftServerProxy$ImplMap.get(RaftServerProxy.java:160)
	at org.apache.ratis.server.impl.RaftServerProxy.getImplFuture(RaftServerProxy.java:370)
	at org.apache.ratis.server.impl.RaftServerProxy.appendEntriesAsync(RaftServerProxy.java:650)
	... 12 more
2025-07-19 06:08:24,443 [grpc-default-executor-0] WARN  server.GrpcLogAppender (LogUtils.java:warn(129)) - d1f2401f-ce3c-4cd7-b613-e85afa8c39c7@group-4D5619C3D8B6->cfedd3f1-5d02-4847-a363-6f2972b00a97-AppendLogResponseHandler: Failed appendEntries
org.apache.ratis.protocol.exceptions.GroupMismatchException: cfedd3f1-5d02-4847-a363-6f2972b00a97: group-4D5619C3D8B6 not found.
	at org.apache.ratis.server.impl.RaftServerProxy$ImplMap.get(RaftServerProxy.java:160)
	at org.apache.ratis.server.impl.RaftServerProxy.getImplFuture(RaftServerProxy.java:370)
	at org.apache.ratis.server.impl.RaftServerProxy.appendEntriesAsync(RaftServerProxy.java:650)
	at org.apache.ratis.grpc.server.GrpcServerProtocolService$1.process(GrpcServerProtocolService.java:245)
	at org.apache.ratis.grpc.server.GrpcServerProtocolService$1.process(GrpcServerProtocolService.java:242)
	at org.apache.ratis.grpc.server.GrpcServerProtocolService$ServerRequestStreamObserver.onNext(GrpcServerProtocolService.java:150)
	at org.apache.ratis.thirdparty.io.grpc.stub.ServerCalls$StreamingServerCallHandler$StreamingServerCallListener.onMessage(ServerCalls.java:262)
	at org.apache.ratis.thirdparty.io.grpc.internal.ServerCallImpl$ServerStreamListenerImpl.messagesAvailableInternal(ServerCallImpl.java:334)
	at org.apache.ratis.thirdparty.io.grpc.internal.ServerCallImpl$ServerStreamListenerImpl.messagesAvailable(ServerCallImpl.java:319)
	at org.apache.ratis.thirdparty.io.grpc.internal.ServerImpl$JumpToApplicationThreadServerStreamListener$1MessagesAvailable.runInContext(ServerImpl.java:834)
	at org.apache.ratis.thirdparty.io.grpc.internal.ContextRunnable.run(ContextRunnable.java:37)
	at org.apache.ratis.thirdparty.io.grpc.internal.SerializingExecutor.run(SerializingExecutor.java:133)
	at java.base/java.util.concurrent.ThreadPoolExecutor.runWorker(ThreadPoolExecutor.java:1144)
	at java.base/java.util.concurrent.ThreadPoolExecutor$Worker.run(ThreadPoolExecutor.java:642)
	at java.base/java.lang.Thread.run(Thread.java:1583)
2025-07-19 06:08:24,443 [grpc-default-executor-0] INFO  leader.LogAppender (LogAppenderBase.java:lambda$getNextIndexForError$0(215)) - Decrease nextIndex to 1
2025-07-19 06:08:24,443 [grpc-default-executor-0] INFO  leader.LogAppender (LogAppenderBase.java:lambda$getNextIndexForError$0(215)) - Decrease nextIndex to 1
2025-07-19 06:08:24,443 [grpc-default-executor-0] INFO  leader.FollowerInfo (FollowerInfoImpl.java:info(70)) - d1f2401f-ce3c-4cd7-b613-e85afa8c39c7@group-4D5619C3D8B6->cfedd3f1-5d02-4847-a363-6f2972b00a97: computeNextIndex nextIndex: updateUnconditionally 3 -> 1
2025-07-19 06:08:24,523 [main] INFO  ozone.MiniOzoneClusterImpl (MiniOzoneClusterImpl.java:lambda$waitForHddsDatanodeToStop$3(312)) - Waiting on datanode to be marked stale.
2025-07-19 06:08:25,523 [main] INFO  ozone.MiniOzoneClusterImpl (MiniOzoneClusterImpl.java:lambda$waitForHddsDatanodeToStop$3(312)) - Waiting on datanode to be marked stale.
2025-07-19 06:08:25,811 [timer1] WARN  server.GrpcLogAppender (GrpcLogAppender.java:lambda$resetClient$1(228)) - 7e15f5a0-0f8f-4a50-92e4-d2f5038b0085@group-0132FE54E6CF->aa0cb613-fc94-4131-90ab-17bcd78458c4-GrpcLogAppender: Follower failed (request=null, errorCount=32); keep nextIndex (11) unchanged and retry. (Repeated 6 times in the last 5.000s)
2025-07-19 06:08:25,811 [timer0] WARN  server.GrpcLogAppender (LogUtils.java:warn(127)) - 7e15f5a0-0f8f-4a50-92e4-d2f5038b0085@group-0132FE54E6CF->aa0cb613-fc94-4131-90ab-17bcd78458c4-AppendLogResponseHandler: Failed appendEntries (Repeated 6 times in the last 5.001s): org.apache.ratis.thirdparty.io.grpc.StatusRuntimeException: UNAVAILABLE: io exception
  Caused by: org.apache.ratis.thirdparty.io.netty.channel.AbstractChannel$AnnotatedConnectException: finishConnect(..) failed: Connection refused: /127.0.0.1:15023
  Caused by: java.net.ConnectException: finishConnect(..) failed: Connection refused
2025-07-19 06:08:26,523 [main] INFO  ozone.MiniOzoneClusterImpl (MiniOzoneClusterImpl.java:lambda$waitForHddsDatanodeToStop$3(312)) - Waiting on datanode to be marked stale.
2025-07-19 06:08:26,725 [timer4] WARN  server.GrpcLogAppender (GrpcLogAppender.java:timeoutAppendRequest(448)) - d1f2401f-ce3c-4cd7-b613-e85afa8c39c7@group-51802BB6A696->cfedd3f1-5d02-4847-a363-6f2972b00a97-GrpcLogAppender: Timed out HEARTBEAT appendEntries, errorCount=27, request=AppendEntriesRequest:cid=6967,entriesCount=0
2025-07-19 06:08:26,767 [grpc-default-executor-6] WARN  server.GrpcServerProtocolService (LogUtils.java:warn(129)) - cfedd3f1-5d02-4847-a363-6f2972b00a97: Failed APPEND_ENTRIES request d1f2401f-ce3c-4cd7-b613-e85afa8c39c7->cfedd3f1-5d02-4847-a363-6f2972b00a97#45-t2,previous=(t:1, i:0),leaderCommit=2,initializing? false,entries: size=2, first=(t:2, i:1), CONFIGURATIONENTRY(current:id:"cfedd3f1-5d02-4847-a363-6f2972b00a97"address:"127.0.0.1:15039"priority:1dataStreamAddress:"127.0.0.1:15040"clientAddress:"127.0.0.1:15037"adminAddress:"127.0.0.1:15038"startupRole:FOLLOWER, id:"e80b39d0-2325-4ff7-b450-1b10ae88e746"address:"127.0.0.1:15055"dataStreamAddress:"127.0.0.1:15056"clientAddress:"127.0.0.1:15053"adminAddress:"127.0.0.1:15054"startupRole:FOLLOWER, id:"d1f2401f-ce3c-4cd7-b613-e85afa8c39c7"address:"127.0.0.1:15047"dataStreamAddress:"127.0.0.1:15048"clientAddress:"127.0.0.1:15045"adminAddress:"127.0.0.1:15046"startupRole:FOLLOWER, old:)
java.util.concurrent.CompletionException: org.apache.ratis.protocol.exceptions.GroupMismatchException: cfedd3f1-5d02-4847-a363-6f2972b00a97: group-4D5619C3D8B6 not found.
	at java.base/java.util.concurrent.CompletableFuture.encodeThrowable(CompletableFuture.java:332)
	at java.base/java.util.concurrent.CompletableFuture.uniComposeStage(CompletableFuture.java:1177)
	at java.base/java.util.concurrent.CompletableFuture.thenCompose(CompletableFuture.java:2341)
	at org.apache.ratis.server.impl.RaftServerProxy.appendEntriesAsync(RaftServerProxy.java:651)
	at org.apache.ratis.grpc.server.GrpcServerProtocolService$1.process(GrpcServerProtocolService.java:245)
	at org.apache.ratis.grpc.server.GrpcServerProtocolService$1.process(GrpcServerProtocolService.java:242)
	at org.apache.ratis.grpc.server.GrpcServerProtocolService$ServerRequestStreamObserver.onNext(GrpcServerProtocolService.java:150)
	at org.apache.ratis.thirdparty.io.grpc.stub.ServerCalls$StreamingServerCallHandler$StreamingServerCallListener.onMessage(ServerCalls.java:262)
	at org.apache.ratis.thirdparty.io.grpc.internal.ServerCallImpl$ServerStreamListenerImpl.messagesAvailableInternal(ServerCallImpl.java:334)
	at org.apache.ratis.thirdparty.io.grpc.internal.ServerCallImpl$ServerStreamListenerImpl.messagesAvailable(ServerCallImpl.java:319)
	at org.apache.ratis.thirdparty.io.grpc.internal.ServerImpl$JumpToApplicationThreadServerStreamListener$1MessagesAvailable.runInContext(ServerImpl.java:834)
	at org.apache.ratis.thirdparty.io.grpc.internal.ContextRunnable.run(ContextRunnable.java:37)
	at org.apache.ratis.thirdparty.io.grpc.internal.SerializingExecutor.run(SerializingExecutor.java:133)
	at java.base/java.util.concurrent.ThreadPoolExecutor.runWorker(ThreadPoolExecutor.java:1144)
	at java.base/java.util.concurrent.ThreadPoolExecutor$Worker.run(ThreadPoolExecutor.java:642)
	at java.base/java.lang.Thread.run(Thread.java:1583)
Caused by: org.apache.ratis.protocol.exceptions.GroupMismatchException: cfedd3f1-5d02-4847-a363-6f2972b00a97: group-4D5619C3D8B6 not found.
	at org.apache.ratis.server.impl.RaftServerProxy$ImplMap.get(RaftServerProxy.java:160)
	at org.apache.ratis.server.impl.RaftServerProxy.getImplFuture(RaftServerProxy.java:370)
	at org.apache.ratis.server.impl.RaftServerProxy.appendEntriesAsync(RaftServerProxy.java:650)
	... 12 more
2025-07-19 06:08:26,769 [grpc-default-executor-6] INFO  leader.LogAppender (LogAppenderBase.java:lambda$getNextIndexForError$0(215)) - Decrease nextIndex to 1
2025-07-19 06:08:26,769 [grpc-default-executor-6] INFO  leader.LogAppender (LogAppenderBase.java:lambda$getNextIndexForError$0(215)) - Decrease nextIndex to 1
2025-07-19 06:08:26,769 [grpc-default-executor-6] INFO  leader.FollowerInfo (FollowerInfoImpl.java:info(70)) - d1f2401f-ce3c-4cd7-b613-e85afa8c39c7@group-4D5619C3D8B6->cfedd3f1-5d02-4847-a363-6f2972b00a97: computeNextIndex nextIndex: updateUnconditionally 3 -> 1
2025-07-19 06:08:27,344 [grpc-default-executor-6] WARN  server.GrpcLogAppender (LogUtils.java:warn(127)) - 7e15f5a0-0f8f-4a50-92e4-d2f5038b0085@group-0132FE54E6CF->aa0cb613-fc94-4131-90ab-17bcd78458c4-AppendLogResponseHandler: Failed appendEntries: org.apache.ratis.thirdparty.io.grpc.StatusRuntimeException: UNAVAILABLE: io exception
  Caused by: org.apache.ratis.thirdparty.io.netty.channel.AbstractChannel$AnnotatedConnectException: finishConnect(..) failed: Connection refused: /127.0.0.1:15023
  Caused by: java.net.ConnectException: finishConnect(..) failed: Connection refused
2025-07-19 06:08:27,344 [grpc-default-executor-0] WARN  server.GrpcLogAppender (GrpcLogAppender.java:lambda$resetClient$1(228)) - 7e15f5a0-0f8f-4a50-92e4-d2f5038b0085@group-0132FE54E6CF->aa0cb613-fc94-4131-90ab-17bcd78458c4-GrpcLogAppender: Follower failed (request=null, errorCount=33); keep nextIndex (11) unchanged and retry.
2025-07-19 06:08:27,524 [main] INFO  ozone.MiniOzoneClusterImpl (MiniOzoneClusterImpl.java:lambda$waitForHddsDatanodeToStop$3(312)) - Waiting on datanode to be marked stale.
2025-07-19 06:08:28,524 [main] INFO  ozone.MiniOzoneClusterImpl (MiniOzoneClusterImpl.java:lambda$waitForHddsDatanodeToStop$3(312)) - Waiting on datanode to be marked stale.
2025-07-19 06:08:28,750 [grpc-default-executor-0] WARN  server.GrpcServerProtocolService (LogUtils.java:warn(129)) - cfedd3f1-5d02-4847-a363-6f2972b00a97: Failed APPEND_ENTRIES request d1f2401f-ce3c-4cd7-b613-e85afa8c39c7->cfedd3f1-5d02-4847-a363-6f2972b00a97#47-t2,previous=(t:1, i:0),leaderCommit=2,initializing? false,entries: size=2, first=(t:2, i:1), CONFIGURATIONENTRY(current:id:"cfedd3f1-5d02-4847-a363-6f2972b00a97"address:"127.0.0.1:15039"priority:1dataStreamAddress:"127.0.0.1:15040"clientAddress:"127.0.0.1:15037"adminAddress:"127.0.0.1:15038"startupRole:FOLLOWER, id:"e80b39d0-2325-4ff7-b450-1b10ae88e746"address:"127.0.0.1:15055"dataStreamAddress:"127.0.0.1:15056"clientAddress:"127.0.0.1:15053"adminAddress:"127.0.0.1:15054"startupRole:FOLLOWER, id:"d1f2401f-ce3c-4cd7-b613-e85afa8c39c7"address:"127.0.0.1:15047"dataStreamAddress:"127.0.0.1:15048"clientAddress:"127.0.0.1:15045"adminAddress:"127.0.0.1:15046"startupRole:FOLLOWER, old:)
java.util.concurrent.CompletionException: org.apache.ratis.protocol.exceptions.GroupMismatchException: cfedd3f1-5d02-4847-a363-6f2972b00a97: group-4D5619C3D8B6 not found.
	at java.base/java.util.concurrent.CompletableFuture.encodeThrowable(CompletableFuture.java:332)
	at java.base/java.util.concurrent.CompletableFuture.uniComposeStage(CompletableFuture.java:1177)
	at java.base/java.util.concurrent.CompletableFuture.thenCompose(CompletableFuture.java:2341)
	at org.apache.ratis.server.impl.RaftServerProxy.appendEntriesAsync(RaftServerProxy.java:651)
	at org.apache.ratis.grpc.server.GrpcServerProtocolService$1.process(GrpcServerProtocolService.java:245)
	at org.apache.ratis.grpc.server.GrpcServerProtocolService$1.process(GrpcServerProtocolService.java:242)
	at org.apache.ratis.grpc.server.GrpcServerProtocolService$ServerRequestStreamObserver.onNext(GrpcServerProtocolService.java:150)
	at org.apache.ratis.thirdparty.io.grpc.stub.ServerCalls$StreamingServerCallHandler$StreamingServerCallListener.onMessage(ServerCalls.java:262)
	at org.apache.ratis.thirdparty.io.grpc.internal.ServerCallImpl$ServerStreamListenerImpl.messagesAvailableInternal(ServerCallImpl.java:334)
	at org.apache.ratis.thirdparty.io.grpc.internal.ServerCallImpl$ServerStreamListenerImpl.messagesAvailable(ServerCallImpl.java:319)
	at org.apache.ratis.thirdparty.io.grpc.internal.ServerImpl$JumpToApplicationThreadServerStreamListener$1MessagesAvailable.runInContext(ServerImpl.java:834)
	at org.apache.ratis.thirdparty.io.grpc.internal.ContextRunnable.run(ContextRunnable.java:37)
	at org.apache.ratis.thirdparty.io.grpc.internal.SerializingExecutor.run(SerializingExecutor.java:133)
	at java.base/java.util.concurrent.ThreadPoolExecutor.runWorker(ThreadPoolExecutor.java:1144)
	at java.base/java.util.concurrent.ThreadPoolExecutor$Worker.run(ThreadPoolExecutor.java:642)
	at java.base/java.lang.Thread.run(Thread.java:1583)
Caused by: org.apache.ratis.protocol.exceptions.GroupMismatchException: cfedd3f1-5d02-4847-a363-6f2972b00a97: group-4D5619C3D8B6 not found.
	at org.apache.ratis.server.impl.RaftServerProxy$ImplMap.get(RaftServerProxy.java:160)
	at org.apache.ratis.server.impl.RaftServerProxy.getImplFuture(RaftServerProxy.java:370)
	at org.apache.ratis.server.impl.RaftServerProxy.appendEntriesAsync(RaftServerProxy.java:650)
	... 12 more
2025-07-19 06:08:28,751 [grpc-default-executor-0] INFO  leader.LogAppender (LogAppenderBase.java:lambda$getNextIndexForError$0(215)) - Decrease nextIndex to 1
2025-07-19 06:08:28,751 [grpc-default-executor-0] INFO  leader.LogAppender (LogAppenderBase.java:lambda$getNextIndexForError$0(215)) - Decrease nextIndex to 1
2025-07-19 06:08:28,751 [grpc-default-executor-0] INFO  leader.FollowerInfo (FollowerInfoImpl.java:info(70)) - d1f2401f-ce3c-4cd7-b613-e85afa8c39c7@group-4D5619C3D8B6->cfedd3f1-5d02-4847-a363-6f2972b00a97: computeNextIndex nextIndex: updateUnconditionally 3 -> 1
2025-07-19 06:08:28,971 [timer6] WARN  server.GrpcLogAppender (GrpcLogAppender.java:timeoutAppendRequest(448)) - d1f2401f-ce3c-4cd7-b613-e85afa8c39c7@group-51802BB6A696->cfedd3f1-5d02-4847-a363-6f2972b00a97-GrpcLogAppender: Timed out HEARTBEAT appendEntries, errorCount=28, request=AppendEntriesRequest:cid=6968,entriesCount=0
2025-07-19 06:08:29,444 [timer1] WARN  server.GrpcLogAppender (LogUtils.java:warn(129)) - d1f2401f-ce3c-4cd7-b613-e85afa8c39c7@group-4D5619C3D8B6->cfedd3f1-5d02-4847-a363-6f2972b00a97-AppendLogResponseHandler: Failed appendEntries (Repeated 3 times in the last 5.001s)
org.apache.ratis.protocol.exceptions.GroupMismatchException: cfedd3f1-5d02-4847-a363-6f2972b00a97: group-4D5619C3D8B6 not found.
	at org.apache.ratis.server.impl.RaftServerProxy$ImplMap.get(RaftServerProxy.java:160)
	at org.apache.ratis.server.impl.RaftServerProxy.getImplFuture(RaftServerProxy.java:370)
	at org.apache.ratis.server.impl.RaftServerProxy.appendEntriesAsync(RaftServerProxy.java:650)
	at org.apache.ratis.grpc.server.GrpcServerProtocolService$1.process(GrpcServerProtocolService.java:245)
	at org.apache.ratis.grpc.server.GrpcServerProtocolService$1.process(GrpcServerProtocolService.java:242)
	at org.apache.ratis.grpc.server.GrpcServerProtocolService$ServerRequestStreamObserver.onNext(GrpcServerProtocolService.java:150)
	at org.apache.ratis.thirdparty.io.grpc.stub.ServerCalls$StreamingServerCallHandler$StreamingServerCallListener.onMessage(ServerCalls.java:262)
	at org.apache.ratis.thirdparty.io.grpc.internal.ServerCallImpl$ServerStreamListenerImpl.messagesAvailableInternal(ServerCallImpl.java:334)
	at org.apache.ratis.thirdparty.io.grpc.internal.ServerCallImpl$ServerStreamListenerImpl.messagesAvailable(ServerCallImpl.java:319)
	at org.apache.ratis.thirdparty.io.grpc.internal.ServerImpl$JumpToApplicationThreadServerStreamListener$1MessagesAvailable.runInContext(ServerImpl.java:834)
	at org.apache.ratis.thirdparty.io.grpc.internal.ContextRunnable.run(ContextRunnable.java:37)
	at org.apache.ratis.thirdparty.io.grpc.internal.SerializingExecutor.run(SerializingExecutor.java:133)
	at java.base/java.util.concurrent.ThreadPoolExecutor.runWorker(ThreadPoolExecutor.java:1144)
	at java.base/java.util.concurrent.ThreadPoolExecutor$Worker.run(ThreadPoolExecutor.java:642)
	at java.base/java.lang.Thread.run(Thread.java:1583)
2025-07-19 06:08:29,524 [main] INFO  ozone.MiniOzoneClusterImpl (MiniOzoneClusterImpl.java:lambda$waitForHddsDatanodeToStop$3(312)) - Waiting on datanode to be marked stale.
2025-07-19 06:08:30,524 [main] INFO  ozone.MiniOzoneClusterImpl (MiniOzoneClusterImpl.java:lambda$waitForHddsDatanodeToStop$3(312)) - Waiting on datanode to be marked stale.
2025-07-19 06:08:31,304 [grpc-default-executor-0] WARN  server.GrpcServerProtocolService (LogUtils.java:warn(129)) - cfedd3f1-5d02-4847-a363-6f2972b00a97: Failed APPEND_ENTRIES request d1f2401f-ce3c-4cd7-b613-e85afa8c39c7->cfedd3f1-5d02-4847-a363-6f2972b00a97#50-t2,previous=(t:1, i:0),leaderCommit=2,initializing? false,entries: size=2, first=(t:2, i:1), CONFIGURATIONENTRY(current:id:"cfedd3f1-5d02-4847-a363-6f2972b00a97"address:"127.0.0.1:15039"priority:1dataStreamAddress:"127.0.0.1:15040"clientAddress:"127.0.0.1:15037"adminAddress:"127.0.0.1:15038"startupRole:FOLLOWER, id:"e80b39d0-2325-4ff7-b450-1b10ae88e746"address:"127.0.0.1:15055"dataStreamAddress:"127.0.0.1:15056"clientAddress:"127.0.0.1:15053"adminAddress:"127.0.0.1:15054"startupRole:FOLLOWER, id:"d1f2401f-ce3c-4cd7-b613-e85afa8c39c7"address:"127.0.0.1:15047"dataStreamAddress:"127.0.0.1:15048"clientAddress:"127.0.0.1:15045"adminAddress:"127.0.0.1:15046"startupRole:FOLLOWER, old:)
java.util.concurrent.CompletionException: org.apache.ratis.protocol.exceptions.GroupMismatchException: cfedd3f1-5d02-4847-a363-6f2972b00a97: group-4D5619C3D8B6 not found.
	at java.base/java.util.concurrent.CompletableFuture.encodeThrowable(CompletableFuture.java:332)
	at java.base/java.util.concurrent.CompletableFuture.uniComposeStage(CompletableFuture.java:1177)
	at java.base/java.util.concurrent.CompletableFuture.thenCompose(CompletableFuture.java:2341)
	at org.apache.ratis.server.impl.RaftServerProxy.appendEntriesAsync(RaftServerProxy.java:651)
	at org.apache.ratis.grpc.server.GrpcServerProtocolService$1.process(GrpcServerProtocolService.java:245)
	at org.apache.ratis.grpc.server.GrpcServerProtocolService$1.process(GrpcServerProtocolService.java:242)
	at org.apache.ratis.grpc.server.GrpcServerProtocolService$ServerRequestStreamObserver.onNext(GrpcServerProtocolService.java:150)
	at org.apache.ratis.thirdparty.io.grpc.stub.ServerCalls$StreamingServerCallHandler$StreamingServerCallListener.onMessage(ServerCalls.java:262)
	at org.apache.ratis.thirdparty.io.grpc.internal.ServerCallImpl$ServerStreamListenerImpl.messagesAvailableInternal(ServerCallImpl.java:334)
	at org.apache.ratis.thirdparty.io.grpc.internal.ServerCallImpl$ServerStreamListenerImpl.messagesAvailable(ServerCallImpl.java:319)
	at org.apache.ratis.thirdparty.io.grpc.internal.ServerImpl$JumpToApplicationThreadServerStreamListener$1MessagesAvailable.runInContext(ServerImpl.java:834)
	at org.apache.ratis.thirdparty.io.grpc.internal.ContextRunnable.run(ContextRunnable.java:37)
	at org.apache.ratis.thirdparty.io.grpc.internal.SerializingExecutor.run(SerializingExecutor.java:133)
	at java.base/java.util.concurrent.ThreadPoolExecutor.runWorker(ThreadPoolExecutor.java:1144)
	at java.base/java.util.concurrent.ThreadPoolExecutor$Worker.run(ThreadPoolExecutor.java:642)
	at java.base/java.lang.Thread.run(Thread.java:1583)
Caused by: org.apache.ratis.protocol.exceptions.GroupMismatchException: cfedd3f1-5d02-4847-a363-6f2972b00a97: group-4D5619C3D8B6 not found.
	at org.apache.ratis.server.impl.RaftServerProxy$ImplMap.get(RaftServerProxy.java:160)
	at org.apache.ratis.server.impl.RaftServerProxy.getImplFuture(RaftServerProxy.java:370)
	at org.apache.ratis.server.impl.RaftServerProxy.appendEntriesAsync(RaftServerProxy.java:650)
	... 12 more
2025-07-19 06:08:31,306 [grpc-default-executor-0] WARN  server.GrpcLogAppender (LogUtils.java:warn(129)) - d1f2401f-ce3c-4cd7-b613-e85afa8c39c7@group-4D5619C3D8B6->cfedd3f1-5d02-4847-a363-6f2972b00a97-AppendLogResponseHandler: Failed appendEntries
org.apache.ratis.protocol.exceptions.GroupMismatchException: cfedd3f1-5d02-4847-a363-6f2972b00a97: group-4D5619C3D8B6 not found.
	at org.apache.ratis.server.impl.RaftServerProxy$ImplMap.get(RaftServerProxy.java:160)
	at org.apache.ratis.server.impl.RaftServerProxy.getImplFuture(RaftServerProxy.java:370)
	at org.apache.ratis.server.impl.RaftServerProxy.appendEntriesAsync(RaftServerProxy.java:650)
	at org.apache.ratis.grpc.server.GrpcServerProtocolService$1.process(GrpcServerProtocolService.java:245)
	at org.apache.ratis.grpc.server.GrpcServerProtocolService$1.process(GrpcServerProtocolService.java:242)
	at org.apache.ratis.grpc.server.GrpcServerProtocolService$ServerRequestStreamObserver.onNext(GrpcServerProtocolService.java:150)
	at org.apache.ratis.thirdparty.io.grpc.stub.ServerCalls$StreamingServerCallHandler$StreamingServerCallListener.onMessage(ServerCalls.java:262)
	at org.apache.ratis.thirdparty.io.grpc.internal.ServerCallImpl$ServerStreamListenerImpl.messagesAvailableInternal(ServerCallImpl.java:334)
	at org.apache.ratis.thirdparty.io.grpc.internal.ServerCallImpl$ServerStreamListenerImpl.messagesAvailable(ServerCallImpl.java:319)
	at org.apache.ratis.thirdparty.io.grpc.internal.ServerImpl$JumpToApplicationThreadServerStreamListener$1MessagesAvailable.runInContext(ServerImpl.java:834)
	at org.apache.ratis.thirdparty.io.grpc.internal.ContextRunnable.run(ContextRunnable.java:37)
	at org.apache.ratis.thirdparty.io.grpc.internal.SerializingExecutor.run(SerializingExecutor.java:133)
	at java.base/java.util.concurrent.ThreadPoolExecutor.runWorker(ThreadPoolExecutor.java:1144)
	at java.base/java.util.concurrent.ThreadPoolExecutor$Worker.run(ThreadPoolExecutor.java:642)
	at java.base/java.lang.Thread.run(Thread.java:1583)
2025-07-19 06:08:31,306 [grpc-default-executor-0] INFO  leader.LogAppender (LogAppenderBase.java:lambda$getNextIndexForError$0(215)) - Decrease nextIndex to 1
2025-07-19 06:08:31,306 [grpc-default-executor-0] INFO  leader.LogAppender (LogAppenderBase.java:lambda$getNextIndexForError$0(215)) - Decrease nextIndex to 1
2025-07-19 06:08:31,306 [grpc-default-executor-0] INFO  leader.FollowerInfo (FollowerInfoImpl.java:info(70)) - d1f2401f-ce3c-4cd7-b613-e85afa8c39c7@group-4D5619C3D8B6->cfedd3f1-5d02-4847-a363-6f2972b00a97: computeNextIndex nextIndex: updateUnconditionally 3 -> 1
2025-07-19 06:08:31,435 [timer0] WARN  server.GrpcLogAppender (GrpcLogAppender.java:timeoutAppendRequest(448)) - d1f2401f-ce3c-4cd7-b613-e85afa8c39c7@group-51802BB6A696->cfedd3f1-5d02-4847-a363-6f2972b00a97-GrpcLogAppender: Timed out HEARTBEAT appendEntries, errorCount=29, request=AppendEntriesRequest:cid=6969,entriesCount=0
2025-07-19 06:08:31,525 [main] INFO  ozone.MiniOzoneClusterImpl (MiniOzoneClusterImpl.java:lambda$waitForHddsDatanodeToStop$3(312)) - Waiting on datanode to be marked stale.
2025-07-19 06:08:32,344 [timer5] WARN  server.GrpcLogAppender (LogUtils.java:warn(127)) - 7e15f5a0-0f8f-4a50-92e4-d2f5038b0085@group-0132FE54E6CF->aa0cb613-fc94-4131-90ab-17bcd78458c4-AppendLogResponseHandler: Failed appendEntries (Repeated 2 times in the last 5.000s): org.apache.ratis.thirdparty.io.grpc.StatusRuntimeException: UNAVAILABLE: io exception
  Caused by: org.apache.ratis.thirdparty.io.netty.channel.AbstractChannel$AnnotatedConnectException: finishConnect(..) failed: Connection refused: /127.0.0.1:15023
  Caused by: java.net.ConnectException: finishConnect(..) failed: Connection refused
2025-07-19 06:08:32,345 [timer6] WARN  server.GrpcLogAppender (GrpcLogAppender.java:lambda$resetClient$1(228)) - 7e15f5a0-0f8f-4a50-92e4-d2f5038b0085@group-0132FE54E6CF->aa0cb613-fc94-4131-90ab-17bcd78458c4-GrpcLogAppender: Follower failed (request=null, errorCount=34); keep nextIndex (11) unchanged and retry. (Repeated 2 times in the last 5.001s)
2025-07-19 06:08:32,525 [main] INFO  ozone.MiniOzoneClusterImpl (MiniOzoneClusterImpl.java:lambda$waitForHddsDatanodeToStop$3(312)) - Waiting on datanode to be marked stale.
2025-07-19 06:08:32,530 [EventQueue-StaleNodeForStaleNodeHandler] INFO  node.StaleNodeHandler (StaleNodeHandler.java:onMessage(51)) - Datanode aa0cb613-fc94-4131-90ab-17bcd78458c4(localhost/127.0.0.1) moved to stale state. Finalizing its pipelines [Pipeline-a1dcb70a-c8f9-4212-ac4f-0132fe54e6cf]
2025-07-19 06:08:32,533 [EventQueue-StaleNodeForStaleNodeHandler] INFO  pipeline.PipelineManagerImpl (PipelineManagerImpl.java:closeContainersForPipeline(489)) - Container #3 closed for pipeline=Pipeline-a1dcb70a-c8f9-4212-ac4f-0132fe54e6cf
2025-07-19 06:08:32,533 [EventQueue-CloseContainerForCloseContainerEventHandler] INFO  container.CloseContainerEventHandler (CloseContainerEventHandler.java:onMessage(88)) - Close container Event triggered for container : #3, current state: CLOSING
2025-07-19 06:08:32,535 [EventQueue-StaleNodeForStaleNodeHandler] INFO  pipeline.PipelineManagerImpl (PipelineManagerImpl.java:closePipeline(511)) - Pipeline Pipeline-a1dcb70a-c8f9-4212-ac4f-0132fe54e6cf moved to CLOSED state
2025-07-19 06:08:33,157 [grpc-default-executor-0] WARN  server.GrpcLogAppender (LogUtils.java:warn(127)) - 7e15f5a0-0f8f-4a50-92e4-d2f5038b0085@group-0132FE54E6CF->aa0cb613-fc94-4131-90ab-17bcd78458c4-AppendLogResponseHandler: Failed appendEntries: org.apache.ratis.thirdparty.io.grpc.StatusRuntimeException: UNAVAILABLE: io exception
  Caused by: org.apache.ratis.thirdparty.io.netty.channel.AbstractChannel$AnnotatedConnectException: finishConnect(..) failed: Connection refused: /127.0.0.1:15023
  Caused by: java.net.ConnectException: finishConnect(..) failed: Connection refused
2025-07-19 06:08:33,158 [grpc-default-executor-6] WARN  server.GrpcLogAppender (GrpcLogAppender.java:lambda$resetClient$1(228)) - 7e15f5a0-0f8f-4a50-92e4-d2f5038b0085@group-0132FE54E6CF->aa0cb613-fc94-4131-90ab-17bcd78458c4-GrpcLogAppender: Follower failed (request=null, errorCount=35); keep nextIndex (11) unchanged and retry.
2025-07-19 06:08:33,282 [timer7] WARN  server.GrpcLogAppender (GrpcLogAppender.java:timeoutAppendRequest(448)) - d1f2401f-ce3c-4cd7-b613-e85afa8c39c7@group-51802BB6A696->cfedd3f1-5d02-4847-a363-6f2972b00a97-GrpcLogAppender: Timed out HEARTBEAT appendEntries, errorCount=30, request=AppendEntriesRequest:cid=6970,entriesCount=0
2025-07-19 06:08:33,527 [main] INFO  impl.MetricsSystemImpl (MetricsSystemImpl.java:init(158)) - HddsDatanode metrics system started (again)
2025-07-19 06:08:33,558 [main] INFO  ozone.HddsDatanodeService (HddsDatanodeService.java:start(236)) - HddsDatanodeService aa0cb613-fc94-4131-90ab-17bcd78458c4(localhost/127.0.0.1)
2025-07-19 06:08:33,559 [main] INFO  upgrade.AbstractLayoutVersionManager (AbstractLayoutVersionManager.java:init(80)) - Initializing Layout version manager with metadata layout = HBASE_SUPPORT (version = 8), software layout = HBASE_SUPPORT (version = 8)
2025-07-19 06:08:33,560 [main] INFO  statemachine.DatanodeStateMachine (DatanodeStateMachine.java:getEndPointTaskThreadPoolSize(305)) - Datanode State Machine Task Thread Pool size 2
2025-07-19 06:08:33,563 [main] INFO  volume.HddsVolume (HddsVolume.java:<init>(162)) - HddsVolume: { id=DS-18d68cb1-00a0-4bd7-8b69-18f64a962c8f dir=/home/runner/work/ozone/ozone/hadoop-ozone/integration-test/target/test-dir/MiniOzoneClusterImpl-09c4c6e1-5ab0-4195-ac7b-5aec6defaa36/ozone-meta/datanode-2/data-0/hdds type=DISK capacity=9222449699674390527 used=0 available=9222449699674390527 minFree=9222450130714624 committed=0 }
2025-07-19 06:08:33,563 [main] INFO  volume.MutableVolumeSet (MutableVolumeSet.java:initializeVolumeSet(167)) - Added Volume : /home/runner/work/ozone/ozone/hadoop-ozone/integration-test/target/test-dir/MiniOzoneClusterImpl-09c4c6e1-5ab0-4195-ac7b-5aec6defaa36/ozone-meta/datanode-2/data-0/hdds to VolumeSet
2025-07-19 06:08:33,564 [main] INFO  volume.MutableVolumeSet (MutableVolumeSet.java:initializeVolumeSet(167)) - Added Volume : /home/runner/work/ozone/ozone/hadoop-ozone/integration-test/target/test-dir/MiniOzoneClusterImpl-09c4c6e1-5ab0-4195-ac7b-5aec6defaa36/ozone-meta/datanode-2/ratisfaf4a47e-8f61-4394-9b41-11542f27a621 to VolumeSet
2025-07-19 06:08:33,582 [ForkJoinPool.commonPool-worker-1] INFO  utils.DatanodeStoreCache (DatanodeStoreCache.java:addDB(70)) - Added db /home/runner/work/ozone/ozone/hadoop-ozone/integration-test/target/test-dir/MiniOzoneClusterImpl-09c4c6e1-5ab0-4195-ac7b-5aec6defaa36/ozone-meta/datanode-2/data-0/hdds/09c4c6e1-5ab0-4195-ac7b-5aec6defaa36/DS-18d68cb1-00a0-4bd7-8b69-18f64a962c8f/container.db to cache
2025-07-19 06:08:33,582 [ForkJoinPool.commonPool-worker-1] INFO  volume.HddsVolume (HddsVolume.java:loadDbStore(517)) - SchemaV3 db is loaded at /home/runner/work/ozone/ozone/hadoop-ozone/integration-test/target/test-dir/MiniOzoneClusterImpl-09c4c6e1-5ab0-4195-ac7b-5aec6defaa36/ozone-meta/datanode-2/data-0/hdds/09c4c6e1-5ab0-4195-ac7b-5aec6defaa36/DS-18d68cb1-00a0-4bd7-8b69-18f64a962c8f/container.db for volume DS-18d68cb1-00a0-4bd7-8b69-18f64a962c8f
2025-07-19 06:08:33,583 [main] INFO  ozoneimpl.OzoneContainer (HddsVolumeUtil.java:loadAllHddsVolumeDbStore(102)) - Load 1 volumes DbStore cost: 19ms
2025-07-19 06:08:33,583 [main] WARN  db.DBStoreBuilder (DBStoreBuilder.java:getDBDirPath(158)) - ozone.scm.datanode.id.dir is not configured. We recommend adding this setting. Falling back to ozone.metadata.dirs instead.
2025-07-19 06:08:33,584 [main] WARN  db.DBStoreBuilder (DBStoreBuilder.java:getDBDirPath(158)) - ozone.scm.datanode.id.dir is not configured. We recommend adding this setting. Falling back to ozone.metadata.dirs instead.
2025-07-19 06:08:33,596 [main] INFO  impl.FilePerChunkStrategy (FilePerChunkStrategy.java:<init>(79)) - ozone.chunk.read.mapped.buffer.max.count is load with 0
2025-07-19 06:08:33,596 [main] INFO  impl.FilePerBlockStrategy (FilePerBlockStrategy.java:<init>(88)) - ozone.chunk.read.mapped.buffer.max.count is load with 0
2025-07-19 06:08:33,597 [main] INFO  server.RaftServerConfigKeys (ConfUtils.java:logGet(62)) - raft.server.log.appender.buffer.byte-limit = 33554432 (custom)
2025-07-19 06:08:33,598 [main] INFO  grpc.GrpcConfigKeys (ConfUtils.java:logFallback(69)) - raft.grpc.admin.host = null (fallback to raft.grpc.server.host)
2025-07-19 06:08:33,598 [main] INFO  grpc.GrpcConfigKeys (ConfUtils.java:logGet(62)) - raft.grpc.admin.port = 15022 (custom)
2025-07-19 06:08:33,598 [main] INFO  grpc.GrpcConfigKeys (ConfUtils.java:logFallback(69)) - raft.grpc.client.host = null (fallback to raft.grpc.server.host)
2025-07-19 06:08:33,598 [main] INFO  grpc.GrpcConfigKeys (ConfUtils.java:logGet(62)) - raft.grpc.client.port = 15021 (custom)
2025-07-19 06:08:33,598 [main] INFO  grpc.GrpcConfigKeys (ConfUtils.java:logGet(62)) - raft.grpc.server.port = 15023 (custom)
2025-07-19 06:08:33,598 [main] INFO  server.GrpcServicesImpl (ConfUtils.java:logGet(62)) - raft.grpc.message.size.max = 34603008 (custom)
2025-07-19 06:08:33,598 [main] INFO  server.GrpcServicesImpl (ConfUtils.java:logGet(62)) - raft.grpc.flow.control.window = 5MB (=5242880) (custom)
2025-07-19 06:08:33,598 [main] INFO  server.RaftServerConfigKeys (ConfUtils.java:logGet(62)) - raft.server.log.appender.buffer.byte-limit = 33554432 (custom)
2025-07-19 06:08:33,600 [main] INFO  netty.NettyUtils (NettyUtils.java:newEventLoopGroup(74)) - Create EpollEventLoopGroup for aa0cb613-fc94-4131-90ab-17bcd78458c4-NettyServerStreamRpc-bossGroup; Thread size is 0.
2025-07-19 06:08:33,600 [main] INFO  netty.NettyUtils (NettyUtils.java:newEventLoopGroup(74)) - Create EpollEventLoopGroup for aa0cb613-fc94-4131-90ab-17bcd78458c4-NettyServerStreamRpc-workerGroup; Thread size is 0.
2025-07-19 06:08:33,601 [main] INFO  netty.NettyConfigKeys$DataStream (ConfUtils.java:logGet(62)) - raft.netty.dataStream.port = 15024 (custom)
2025-07-19 06:08:33,601 [main] INFO  server.RaftServerConfigKeys (ConfUtils.java:logGet(62)) - raft.server.storage.dir = [/home/runner/work/ozone/ozone/hadoop-ozone/integration-test/target/test-dir/MiniOzoneClusterImpl-09c4c6e1-5ab0-4195-ac7b-5aec6defaa36/ozone-meta/datanode-2/ratisfaf4a47e-8f61-4394-9b41-11542f27a621] (custom)
2025-07-19 06:08:33,601 [aa0cb613-fc94-4131-90ab-17bcd78458c4-NettyServerStreamRpc-bossGroup--thread1] INFO  logging.LoggingHandler (AbstractInternalLogger.java:log(148)) - [id: 0x774cce66] REGISTERED
2025-07-19 06:08:33,602 [aa0cb613-fc94-4131-90ab-17bcd78458c4-NettyServerStreamRpc-bossGroup--thread1] INFO  logging.LoggingHandler (AbstractInternalLogger.java:log(148)) - [id: 0x774cce66] BIND: 0.0.0.0/0.0.0.0:15024
2025-07-19 06:08:33,602 [aa0cb613-fc94-4131-90ab-17bcd78458c4-impl-thread1] INFO  server.RaftServer (RaftServerProxy.java:initGroupDir(270)) - aa0cb613-fc94-4131-90ab-17bcd78458c4: found a subdirectory /home/runner/work/ozone/ozone/hadoop-ozone/integration-test/target/test-dir/MiniOzoneClusterImpl-09c4c6e1-5ab0-4195-ac7b-5aec6defaa36/ozone-meta/datanode-2/ratisfaf4a47e-8f61-4394-9b41-11542f27a621/tmp
2025-07-19 06:08:33,602 [aa0cb613-fc94-4131-90ab-17bcd78458c4-NettyServerStreamRpc-bossGroup--thread1] INFO  logging.LoggingHandler (AbstractInternalLogger.java:log(148)) - [id: 0x774cce66, L:/0.0.0.0:15024] ACTIVE
2025-07-19 06:08:33,602 [aa0cb613-fc94-4131-90ab-17bcd78458c4-impl-thread1] INFO  server.RaftServer (RaftServerProxy.java:initGroupDir(275)) - aa0cb613-fc94-4131-90ab-17bcd78458c4: The directory /home/runner/work/ozone/ozone/hadoop-ozone/integration-test/target/test-dir/MiniOzoneClusterImpl-09c4c6e1-5ab0-4195-ac7b-5aec6defaa36/ozone-meta/datanode-2/ratisfaf4a47e-8f61-4394-9b41-11542f27a621/tmp is not a group directory; ignoring it. 
2025-07-19 06:08:33,602 [main] INFO  replication.ReplicationServer (ReplicationServer.java:<init>(84)) - Initializing replication server with thread count = 10 queue length = 4096
2025-07-19 06:08:33,603 [main] INFO  server.XceiverServerGrpc (XceiverServerGrpc.java:<init>(130)) - GrpcServer channel type EpollServerSocketChannel
2025-07-19 06:08:33,604 [main] INFO  replication.ReplicationSupervisor (ReplicationSupervisor.java:build(169)) - Initializing replication supervisor with thread count = 10
2025-07-19 06:08:33,604 [main] INFO  replication.ReplicationSupervisor (ReplicationSupervisor.java:nodeStateUpdated(358)) - Node state updated to IN_SERVICE, scaling executor pool size to 10
2025-07-19 06:08:33,606 [main] INFO  http.BaseHttpServer (BaseHttpServer.java:newHttpServer2BuilderForOzone(229)) - Starting Web-server for hddsDatanode at: http://0.0.0.0:15018
2025-07-19 06:08:33,606 [main] INFO  http.BaseHttpServer (BaseHttpServer.java:<init>(107)) - Hadoop Security Enabled: false Ozone Security Enabled: false Ozone HTTP Security Enabled: false 
2025-07-19 06:08:33,607 [main] WARN  server.AuthenticationFilter (AuthenticationFilter.java:constructSecretProvider(240)) - Unable to initialize FileSignerSecretProvider, falling back to use random secrets. Reason: Could not read signature secret file: /home/runner/hadoop-http-auth-signature-secret
2025-07-19 06:08:33,610 [main] INFO  http.HttpServer2 (HttpServer2.java:addGlobalFilter(1042)) - Added global filter 'safety' (class=org.apache.hadoop.hdds.server.http.HttpServer2$QuotingInputFilter)
2025-07-19 06:08:33,611 [main] INFO  http.HttpServer2 (HttpServer2.java:addFilter(1018)) - Added filter static_user_filter (class=org.apache.hadoop.http.lib.StaticUserWebFilter$StaticUserFilter) to context hddsDatanode
2025-07-19 06:08:33,611 [main] INFO  http.HttpServer2 (HttpServer2.java:addFilter(1026)) - Added filter static_user_filter (class=org.apache.hadoop.http.lib.StaticUserWebFilter$StaticUserFilter) to context static
2025-07-19 06:08:33,611 [main] INFO  http.HttpServer2 (HttpServer2.java:addFilter(1026)) - Added filter static_user_filter (class=org.apache.hadoop.http.lib.StaticUserWebFilter$StaticUserFilter) to context logs
2025-07-19 06:08:33,611 [main] INFO  http.BaseHttpServer (BaseHttpServer.java:<init>(195)) - HTTP server of hddsDatanode uses base directory /home/runner/work/ozone/ozone/hadoop-ozone/integration-test/target/test-dir/MiniOzoneClusterImpl-09c4c6e1-5ab0-4195-ac7b-5aec6defaa36/ozone-meta/datanode-2/meta/webserver
2025-07-19 06:08:33,612 [main] INFO  http.HttpServer2 (HttpServer2.java:bindListener(1242)) - Jetty bound to port 15018
2025-07-19 06:08:33,612 [main] INFO  server.Server (Server.java:doStart(375)) - jetty-9.4.57.v20241219; built: 2025-01-08T21:24:30.412Z; git: df524e6b29271c2e09ba9aea83c18dc9db464a31; jvm 21.0.7+6-LTS
2025-07-19 06:08:33,613 [main] INFO  server.session (DefaultSessionIdManager.java:doStart(334)) - DefaultSessionIdManager workerName=node0
2025-07-19 06:08:33,613 [main] INFO  server.session (DefaultSessionIdManager.java:doStart(339)) - No SessionScavenger set, using defaults
2025-07-19 06:08:33,613 [main] INFO  server.session (HouseKeeper.java:startScavenging(132)) - node0 Scavenging every 600000ms
2025-07-19 06:08:33,614 [main] INFO  handler.ContextHandler (ContextHandler.java:doStart(921)) - Started o.e.j.s.ServletContextHandler@32babb12{logs,/logs,file:///home/runner/work/ozone/ozone/hadoop-ozone/integration-test/target/log,AVAILABLE}
2025-07-19 06:08:33,614 [main] INFO  handler.ContextHandler (ContextHandler.java:doStart(921)) - Started o.e.j.s.ServletContextHandler@94fab8f{static,/static,jar:file:/home/runner/work/ozone/ozone/hadoop-hdds/container-service/target/hdds-container-service-2.1.0-SNAPSHOT.jar!/webapps/static,AVAILABLE}
2025-07-19 06:08:33,758 [main] INFO  handler.ContextHandler (ContextHandler.java:doStart(921)) - Started o.e.j.w.WebAppContext@3358ea01{hddsDatanode,/,file:///home/runner/work/ozone/ozone/hadoop-ozone/integration-test/target/test-dir/MiniOzoneClusterImpl-09c4c6e1-5ab0-4195-ac7b-5aec6defaa36/ozone-meta/datanode-2/meta/webserver/jetty-0_0_0_0-15018-hdds-container-service-2_1_0-SNAPSHOT_jar-_-any-13890645663623156804/webapp/,AVAILABLE}{jar:file:/home/runner/work/ozone/ozone/hadoop-hdds/container-service/target/hdds-container-service-2.1.0-SNAPSHOT.jar!/webapps/hddsDatanode}
2025-07-19 06:08:33,758 [main] INFO  server.AbstractConnector (AbstractConnector.java:doStart(333)) - Started ServerConnector@3f8b759e{HTTP/1.1, (http/1.1)}{0.0.0.0:15018}
2025-07-19 06:08:33,759 [main] INFO  server.Server (Server.java:doStart(415)) - Started @97314ms
2025-07-19 06:08:33,759 [main] WARN  impl.MetricsSystemImpl (MetricsSystemImpl.java:register(279)) - Sink prometheus already exists!
2025-07-19 06:08:33,759 [main] INFO  http.BaseHttpServer (BaseHttpServer.java:updateConnectorAddress(359)) - HTTP server of hddsDatanode listening at http://localhost:15018
2025-07-19 06:08:33,759 [main] INFO  ipc.CallQueueManager (CallQueueManager.java:<init>(93)) - Using callQueue: class java.util.concurrent.LinkedBlockingQueue, queueCapacity: 1000, scheduler: class org.apache.hadoop.ipc.DefaultRpcScheduler, ipcBackoff: false, ipcFailOver: false.
2025-07-19 06:08:33,759 [main] INFO  ipc.Server (Server.java:<init>(1438)) - Listener at 0.0.0.0:15019
2025-07-19 06:08:33,760 [Socket Reader #1 for port 15019] INFO  ipc.Server (Server.java:run(1474)) - Starting Socket Reader #1 for port 15019
2025-07-19 06:08:33,760 [Socket Reader #2 for port 15019] INFO  ipc.Server (Server.java:run(1474)) - Starting Socket Reader #2 for port 15019
2025-07-19 06:08:33,760 [Socket Reader #3 for port 15019] INFO  ipc.Server (Server.java:run(1474)) - Starting Socket Reader #3 for port 15019
2025-07-19 06:08:33,760 [Socket Reader #4 for port 15019] INFO  ipc.Server (Server.java:run(1474)) - Starting Socket Reader #4 for port 15019
2025-07-19 06:08:33,761 [Socket Reader #5 for port 15019] INFO  ipc.Server (Server.java:run(1474)) - Starting Socket Reader #5 for port 15019
2025-07-19 06:08:33,761 [Socket Reader #6 for port 15019] INFO  ipc.Server (Server.java:run(1474)) - Starting Socket Reader #6 for port 15019
2025-07-19 06:08:33,761 [Socket Reader #7 for port 15019] INFO  ipc.Server (Server.java:run(1474)) - Starting Socket Reader #7 for port 15019
2025-07-19 06:08:33,761 [Socket Reader #9 for port 15019] INFO  ipc.Server (Server.java:run(1474)) - Starting Socket Reader #9 for port 15019
2025-07-19 06:08:33,761 [Socket Reader #10 for port 15019] INFO  ipc.Server (Server.java:run(1474)) - Starting Socket Reader #10 for port 15019
2025-07-19 06:08:33,762 [Socket Reader #8 for port 15019] INFO  ipc.Server (Server.java:run(1474)) - Starting Socket Reader #8 for port 15019
2025-07-19 06:08:33,763 [main] INFO  ozone.HddsDatanodeService (HddsDatanodeService.java:start(333)) - Datanode start with admins: [admin, runner]
2025-07-19 06:08:33,763 [main] INFO  ozone.HddsDatanodeClientProtocolServer (HddsDatanodeClientProtocolServer.java:start(76)) - RPC server for Client /0.0.0.0:15019
2025-07-19 06:08:33,764 [IPC Server Responder] INFO  ipc.Server (Server.java:run(1713)) - IPC Server Responder: starting
2025-07-19 06:08:33,764 [IPC Server listener on 15019] INFO  ipc.Server (Server.java:run(1553)) - IPC Server listener on 15019: starting
2025-07-19 06:08:33,766 [main] INFO  ozone.MiniOzoneClusterImpl (MiniOzoneClusterImpl.java:lambda$waitForClusterToBeReady$0(173)) - Waiting for nodes to be ready. Got 9 of 10 DN Heartbeats.
2025-07-19 06:08:33,766 [main] INFO  ozone.MiniOzoneClusterImpl (MiniOzoneClusterImpl.java:lambda$waitForClusterToBeReady$0(176)) - Cluster exits safe mode
2025-07-19 06:08:33,766 [main] INFO  ozone.MiniOzoneClusterImpl (MiniOzoneClusterImpl.java:lambda$waitForClusterToBeReady$0(178)) - SCM became leader
2025-07-19 06:08:33,767 [aa0cb613-fc94-4131-90ab-17bcd78458c4-DatanodeStateMachineDaemonThread] INFO  statemachine.DatanodeStateMachine (DatanodeStateMachine.java:startStateMachineThread(347)) - Ozone container server started.
2025-07-19 06:08:33,771 [aa0cb613-fc94-4131-90ab-17bcd78458c4-DatanodeStateMachineTaskThread-0] INFO  datanode.InitDatanodeState (InitDatanodeState.java:persistContainerDatanodeDetails(139)) - DatanodeDetails is persisted to /home/runner/work/ozone/ozone/hadoop-ozone/integration-test/target/test-dir/MiniOzoneClusterImpl-09c4c6e1-5ab0-4195-ac7b-5aec6defaa36/ozone-meta/datanode-2/meta/datanode.id
2025-07-19 06:08:33,824 [grpc-default-executor-0] WARN  server.GrpcServerProtocolService (LogUtils.java:warn(129)) - cfedd3f1-5d02-4847-a363-6f2972b00a97: Failed APPEND_ENTRIES request d1f2401f-ce3c-4cd7-b613-e85afa8c39c7->cfedd3f1-5d02-4847-a363-6f2972b00a97#52-t2,previous=(t:1, i:0),leaderCommit=2,initializing? false,entries: size=2, first=(t:2, i:1), CONFIGURATIONENTRY(current:id:"cfedd3f1-5d02-4847-a363-6f2972b00a97"address:"127.0.0.1:15039"priority:1dataStreamAddress:"127.0.0.1:15040"clientAddress:"127.0.0.1:15037"adminAddress:"127.0.0.1:15038"startupRole:FOLLOWER, id:"e80b39d0-2325-4ff7-b450-1b10ae88e746"address:"127.0.0.1:15055"dataStreamAddress:"127.0.0.1:15056"clientAddress:"127.0.0.1:15053"adminAddress:"127.0.0.1:15054"startupRole:FOLLOWER, id:"d1f2401f-ce3c-4cd7-b613-e85afa8c39c7"address:"127.0.0.1:15047"dataStreamAddress:"127.0.0.1:15048"clientAddress:"127.0.0.1:15045"adminAddress:"127.0.0.1:15046"startupRole:FOLLOWER, old:)
java.util.concurrent.CompletionException: org.apache.ratis.protocol.exceptions.GroupMismatchException: cfedd3f1-5d02-4847-a363-6f2972b00a97: group-4D5619C3D8B6 not found.
	at java.base/java.util.concurrent.CompletableFuture.encodeThrowable(CompletableFuture.java:332)
	at java.base/java.util.concurrent.CompletableFuture.uniComposeStage(CompletableFuture.java:1177)
	at java.base/java.util.concurrent.CompletableFuture.thenCompose(CompletableFuture.java:2341)
	at org.apache.ratis.server.impl.RaftServerProxy.appendEntriesAsync(RaftServerProxy.java:651)
	at org.apache.ratis.grpc.server.GrpcServerProtocolService$1.process(GrpcServerProtocolService.java:245)
	at org.apache.ratis.grpc.server.GrpcServerProtocolService$1.process(GrpcServerProtocolService.java:242)
	at org.apache.ratis.grpc.server.GrpcServerProtocolService$ServerRequestStreamObserver.onNext(GrpcServerProtocolService.java:150)
	at org.apache.ratis.thirdparty.io.grpc.stub.ServerCalls$StreamingServerCallHandler$StreamingServerCallListener.onMessage(ServerCalls.java:262)
	at org.apache.ratis.thirdparty.io.grpc.internal.ServerCallImpl$ServerStreamListenerImpl.messagesAvailableInternal(ServerCallImpl.java:334)
	at org.apache.ratis.thirdparty.io.grpc.internal.ServerCallImpl$ServerStreamListenerImpl.messagesAvailable(ServerCallImpl.java:319)
	at org.apache.ratis.thirdparty.io.grpc.internal.ServerImpl$JumpToApplicationThreadServerStreamListener$1MessagesAvailable.runInContext(ServerImpl.java:834)
	at org.apache.ratis.thirdparty.io.grpc.internal.ContextRunnable.run(ContextRunnable.java:37)
	at org.apache.ratis.thirdparty.io.grpc.internal.SerializingExecutor.run(SerializingExecutor.java:133)
	at java.base/java.util.concurrent.ThreadPoolExecutor.runWorker(ThreadPoolExecutor.java:1144)
	at java.base/java.util.concurrent.ThreadPoolExecutor$Worker.run(ThreadPoolExecutor.java:642)
	at java.base/java.lang.Thread.run(Thread.java:1583)
Caused by: org.apache.ratis.protocol.exceptions.GroupMismatchException: cfedd3f1-5d02-4847-a363-6f2972b00a97: group-4D5619C3D8B6 not found.
	at org.apache.ratis.server.impl.RaftServerProxy$ImplMap.get(RaftServerProxy.java:160)
	at org.apache.ratis.server.impl.RaftServerProxy.getImplFuture(RaftServerProxy.java:370)
	at org.apache.ratis.server.impl.RaftServerProxy.appendEntriesAsync(RaftServerProxy.java:650)
	... 12 more
2025-07-19 06:08:33,825 [grpc-default-executor-0] INFO  leader.LogAppender (LogAppenderBase.java:lambda$getNextIndexForError$0(215)) - Decrease nextIndex to 1
2025-07-19 06:08:33,825 [grpc-default-executor-0] INFO  leader.LogAppender (LogAppenderBase.java:lambda$getNextIndexForError$0(215)) - Decrease nextIndex to 1
2025-07-19 06:08:33,825 [grpc-default-executor-0] INFO  leader.FollowerInfo (FollowerInfoImpl.java:info(70)) - d1f2401f-ce3c-4cd7-b613-e85afa8c39c7@group-4D5619C3D8B6->cfedd3f1-5d02-4847-a363-6f2972b00a97: computeNextIndex nextIndex: updateUnconditionally 3 -> 1
2025-07-19 06:08:34,270 [aa0cb613-fc94-4131-90ab-17bcd78458c4-ContainerReader-0] INFO  ozoneimpl.ContainerReader (ContainerReader.java:readVolume(144)) - Start to verify containers on volume /home/runner/work/ozone/ozone/hadoop-ozone/integration-test/target/test-dir/MiniOzoneClusterImpl-09c4c6e1-5ab0-4195-ac7b-5aec6defaa36/ozone-meta/datanode-2/data-0/hdds
2025-07-19 06:08:34,273 [aa0cb613-fc94-4131-90ab-17bcd78458c4-ContainerReader-0] WARN  helpers.KeyValueContainerUtil (KeyValueContainerUtil.java:populateContainerMetadata(323)) - Missing pendingDeleteBlockCount from metadata: recalculate them from block table
2025-07-19 06:08:34,277 [aa0cb613-fc94-4131-90ab-17bcd78458c4-ContainerReader-0] WARN  helpers.KeyValueContainerUtil (KeyValueContainerUtil.java:populateContainerMetadata(323)) - Missing pendingDeleteBlockCount from metadata: recalculate them from block table
2025-07-19 06:08:34,279 [aa0cb613-fc94-4131-90ab-17bcd78458c4-ContainerReader-0] WARN  helpers.KeyValueContainerUtil (KeyValueContainerUtil.java:populateContainerMetadata(323)) - Missing pendingDeleteBlockCount from metadata: recalculate them from block table
2025-07-19 06:08:34,280 [aa0cb613-fc94-4131-90ab-17bcd78458c4-ContainerReader-0] INFO  ozoneimpl.ContainerReader (ContainerReader.java:readVolume(174)) - Finish verifying containers on volume /home/runner/work/ozone/ozone/hadoop-ozone/integration-test/target/test-dir/MiniOzoneClusterImpl-09c4c6e1-5ab0-4195-ac7b-5aec6defaa36/ozone-meta/datanode-2/data-0/hdds
2025-07-19 06:08:34,280 [aa0cb613-fc94-4131-90ab-17bcd78458c4-EndpointStateMachineTaskThread-/0.0.0.0:15002-0 ] INFO  ozoneimpl.OzoneContainer (OzoneContainer.java:buildContainerSet(370)) - Build ContainerSet costs 0s
2025-07-19 06:08:34,281 [aa0cb613-fc94-4131-90ab-17bcd78458c4-EndpointStateMachineTaskThread-/0.0.0.0:15002-0 ] INFO  volume.ThrottledAsyncChecker (ThrottledAsyncChecker.java:schedule(138)) - Scheduling a check for /home/runner/work/ozone/ozone/hadoop-ozone/integration-test/target/test-dir/MiniOzoneClusterImpl-09c4c6e1-5ab0-4195-ac7b-5aec6defaa36/ozone-meta/datanode-2/data-0/hdds
2025-07-19 06:08:34,281 [aa0cb613-fc94-4131-90ab-17bcd78458c4-EndpointStateMachineTaskThread-/0.0.0.0:15002-0 ] INFO  volume.StorageVolumeChecker (StorageVolumeChecker.java:checkAllVolumes(231)) - Scheduled health check for volume /home/runner/work/ozone/ozone/hadoop-ozone/integration-test/target/test-dir/MiniOzoneClusterImpl-09c4c6e1-5ab0-4195-ac7b-5aec6defaa36/ozone-meta/datanode-2/data-0/hdds
2025-07-19 06:08:34,284 [aa0cb613-fc94-4131-90ab-17bcd78458c4-EndpointStateMachineTaskThread-/0.0.0.0:15002-0 ] INFO  volume.ThrottledAsyncChecker (ThrottledAsyncChecker.java:schedule(138)) - Scheduling a check for /home/runner/work/ozone/ozone/hadoop-ozone/integration-test/target/test-dir/MiniOzoneClusterImpl-09c4c6e1-5ab0-4195-ac7b-5aec6defaa36/ozone-meta/datanode-2/ratisfaf4a47e-8f61-4394-9b41-11542f27a621
2025-07-19 06:08:34,284 [aa0cb613-fc94-4131-90ab-17bcd78458c4-EndpointStateMachineTaskThread-/0.0.0.0:15002-0 ] INFO  volume.StorageVolumeChecker (StorageVolumeChecker.java:checkAllVolumes(231)) - Scheduled health check for volume /home/runner/work/ozone/ozone/hadoop-ozone/integration-test/target/test-dir/MiniOzoneClusterImpl-09c4c6e1-5ab0-4195-ac7b-5aec6defaa36/ozone-meta/datanode-2/ratisfaf4a47e-8f61-4394-9b41-11542f27a621
2025-07-19 06:08:34,286 [aa0cb613-fc94-4131-90ab-17bcd78458c4-EndpointStateMachineTaskThread-/0.0.0.0:15002-0 ] INFO  ozoneimpl.OzoneContainer (OzoneContainer.java:start(520)) - Attempting to start container services.
2025-07-19 06:08:34,287 [ContainerDataScanner(/home/runner/work/ozone/ozone/hadoop-ozone/integration-test/target/test-dir/MiniOzoneClusterImpl-09c4c6e1-5ab0-4195-ac7b-5aec6defaa36/ozone-meta/datanode-2/data-0/hdds)] INFO  ozoneimpl.AbstractBackgroundContainerScanner (AbstractBackgroundContainerScanner.java:runIteration(89)) - Completed an iteration in 0 minutes. Number of iterations (since the data-node restart) : 1, Number of containers scanned in this iteration : 0, Number of unhealthy containers found in this iteration : 0
2025-07-19 06:08:34,287 [aa0cb613-fc94-4131-90ab-17bcd78458c4-EndpointStateMachineTaskThread-/0.0.0.0:15002-0 ] INFO  replication.ReplicationServer (ReplicationServer.java:start(137)) - ReplicationServer is started using port 15025
2025-07-19 06:08:34,288 [aa0cb613-fc94-4131-90ab-17bcd78458c4-EndpointStateMachineTaskThread-/0.0.0.0:15002-0 ] INFO  ratis.XceiverServerRatis (XceiverServerRatis.java:start(559)) - Starting XceiverServerRatis(aa0cb613-fc94-4131-90ab-17bcd78458c4)
2025-07-19 06:08:34,288 [ContainerMetadataScanner] INFO  ozoneimpl.AbstractBackgroundContainerScanner (AbstractBackgroundContainerScanner.java:runIteration(89)) - Completed an iteration in 0 minutes. Number of iterations (since the data-node restart) : 1, Number of containers scanned in this iteration : 1, Number of unhealthy containers found in this iteration : 0
2025-07-19 06:08:34,289 [aa0cb613-fc94-4131-90ab-17bcd78458c4-EndpointStateMachineTaskThread-/0.0.0.0:15002-0 ] INFO  server.RaftServer (RaftServerProxy.java:startImpl(412)) - aa0cb613-fc94-4131-90ab-17bcd78458c4: start RPC server
2025-07-19 06:08:34,289 [aa0cb613-fc94-4131-90ab-17bcd78458c4-EndpointStateMachineTaskThread-/0.0.0.0:15002-0 ] INFO  server.GrpcServicesImpl (GrpcServicesImpl.java:startImpl(346)) - aa0cb613-fc94-4131-90ab-17bcd78458c4: GrpcServicesImpl started, listening on 15021
2025-07-19 06:08:34,290 [aa0cb613-fc94-4131-90ab-17bcd78458c4-EndpointStateMachineTaskThread-/0.0.0.0:15002-0 ] INFO  server.GrpcServicesImpl (GrpcServicesImpl.java:startImpl(346)) - aa0cb613-fc94-4131-90ab-17bcd78458c4: GrpcServicesImpl started, listening on 15023
2025-07-19 06:08:34,290 [aa0cb613-fc94-4131-90ab-17bcd78458c4-EndpointStateMachineTaskThread-/0.0.0.0:15002-0 ] INFO  server.GrpcServicesImpl (GrpcServicesImpl.java:startImpl(346)) - aa0cb613-fc94-4131-90ab-17bcd78458c4: GrpcServicesImpl started, listening on 15022
2025-07-19 06:08:34,291 [aa0cb613-fc94-4131-90ab-17bcd78458c4-EndpointStateMachineTaskThread-/0.0.0.0:15002-0 ] INFO  ratis.XceiverServerRatis (XceiverServerRatis.java:getRealPort(586)) - XceiverServerRatis(aa0cb613-fc94-4131-90ab-17bcd78458c4) is started using port RATIS=15021
2025-07-19 06:08:34,291 [aa0cb613-fc94-4131-90ab-17bcd78458c4-EndpointStateMachineTaskThread-/0.0.0.0:15002-0 ] INFO  ratis.XceiverServerRatis (XceiverServerRatis.java:getRealPort(586)) - XceiverServerRatis(aa0cb613-fc94-4131-90ab-17bcd78458c4) is started using port RATIS_ADMIN=15022
2025-07-19 06:08:34,291 [JvmPauseMonitor14] INFO  util.JvmPauseMonitor (JvmPauseMonitor.java:run(146)) - JvmPauseMonitor-aa0cb613-fc94-4131-90ab-17bcd78458c4: Started
2025-07-19 06:08:34,291 [aa0cb613-fc94-4131-90ab-17bcd78458c4-EndpointStateMachineTaskThread-/0.0.0.0:15002-0 ] INFO  ratis.XceiverServerRatis (XceiverServerRatis.java:getRealPort(586)) - XceiverServerRatis(aa0cb613-fc94-4131-90ab-17bcd78458c4) is started using port RATIS_SERVER=15023
2025-07-19 06:08:34,291 [aa0cb613-fc94-4131-90ab-17bcd78458c4-EndpointStateMachineTaskThread-/0.0.0.0:15002-0 ] INFO  ratis.XceiverServerRatis (XceiverServerRatis.java:getRealPort(586)) - XceiverServerRatis(aa0cb613-fc94-4131-90ab-17bcd78458c4) is started using port RATIS_DATASTREAM=15024
2025-07-19 06:08:34,291 [aa0cb613-fc94-4131-90ab-17bcd78458c4-EndpointStateMachineTaskThread-/0.0.0.0:15002-0 ] INFO  utils.BackgroundService (BackgroundService.java:start(118)) - Starting service BlockDeletingService with interval 60000 milliseconds
2025-07-19 06:08:34,291 [aa0cb613-fc94-4131-90ab-17bcd78458c4-EndpointStateMachineTaskThread-/0.0.0.0:15002-0 ] INFO  utils.BackgroundService (BackgroundService.java:start(118)) - Starting service StaleRecoveringContainerScrubbingService with interval 60000 milliseconds
2025-07-19 06:08:34,766 [main] INFO  ozone.MiniOzoneClusterImpl (MiniOzoneClusterImpl.java:lambda$waitForClusterToBeReady$0(173)) - Waiting for nodes to be ready. Got 9 of 10 DN Heartbeats.
2025-07-19 06:08:34,766 [main] INFO  ozone.MiniOzoneClusterImpl (MiniOzoneClusterImpl.java:lambda$waitForClusterToBeReady$0(176)) - Cluster exits safe mode
2025-07-19 06:08:34,766 [main] INFO  ozone.MiniOzoneClusterImpl (MiniOzoneClusterImpl.java:lambda$waitForClusterToBeReady$0(178)) - SCM became leader
2025-07-19 06:08:35,187 [timer7] WARN  server.GrpcLogAppender (GrpcLogAppender.java:timeoutAppendRequest(448)) - d1f2401f-ce3c-4cd7-b613-e85afa8c39c7@group-51802BB6A696->cfedd3f1-5d02-4847-a363-6f2972b00a97-GrpcLogAppender: Timed out HEARTBEAT appendEntries, errorCount=31, request=AppendEntriesRequest:cid=6971,entriesCount=0
2025-07-19 06:08:35,292 [86838f6f-3dde-42b5-b01a-58c95bf80430-CloseContainerThread-1] WARN  keyvalue.KeyValueHandler (KeyValueHandler.java:updateAndGetContainerChecksum(1451)) - Container data checksum updated from 0 to 51339e84
2025-07-19 06:08:35,293 [86838f6f-3dde-42b5-b01a-58c95bf80430-CloseContainerThread-1] INFO  commandhandler.CloseContainerCommandHandler (CloseContainerCommandHandler.java:lambda$handle$0(154)) - Follower cannot close container #3.
2025-07-19 06:08:35,333 [EventQueue-HealthyReadonlyNodeForHealthyReadOnlyNodeHandler] INFO  node.HealthyReadOnlyNodeHandler (HealthyReadOnlyNodeHandler.java:onMessage(54)) - Datanode aa0cb613-fc94-4131-90ab-17bcd78458c4(localhost/127.0.0.1) moved to HEALTHY READONLY state.
2025-07-19 06:08:35,333 [EventQueue-HealthyReadonlyNodeForHealthyReadOnlyNodeHandler] INFO  node.HealthyReadOnlyNodeHandler (HealthyReadOnlyNodeHandler.java:onMessage(86)) - Sending close command for pipeline Pipeline-a1dcb70a-c8f9-4212-ac4f-0132fe54e6cf in state CLOSED which uses HEALTHY_READONLY datanode aa0cb613-fc94-4131-90ab-17bcd78458c4(localhost/127.0.0.1). This will send close commands for its containers.
2025-07-19 06:08:35,433 [EventQueue-HealthyReadonlyToHealthyNodeForReadOnlyHealthyToHealthyNodeHandler] INFO  node.ReadOnlyHealthyToHealthyNodeHandler (ReadOnlyHealthyToHealthyNodeHandler.java:onMessage(46)) - Datanode aa0cb613-fc94-4131-90ab-17bcd78458c4(localhost/127.0.0.1) moved to HEALTHY state.
2025-07-19 06:08:35,433 [EventQueue-HealthyReadonlyToHealthyNodeForReadOnlyHealthyToHealthyNodeHandler] INFO  pipeline.BackgroundPipelineCreator (BackgroundPipelineCreator.java:notifyEventTriggered(290)) - trigger a one-shot run on RatisPipelineUtilsThread.
2025-07-19 06:08:35,434 [RatisPipelineUtilsThread-0] INFO  pipeline.RatisPipelineProvider (RatisPipelineProvider.java:lambda$create$0(208)) - Sending CreatePipelineCommand for pipeline:Pipeline-6242515c-f27b-47d4-a314-489bc4498c45 to datanode:e4fa6cd0-dc30-4550-b12f-023a3466045b(localhost/127.0.0.1)
2025-07-19 06:08:35,436 [RatisPipelineUtilsThread-0] INFO  pipeline.BackgroundPipelineCreator (BackgroundPipelineCreator.java:createPipelines(246)) - Created new pipeline Pipeline{ Id: 6242515c-f27b-47d4-a314-489bc4498c45, Nodes: [ {e4fa6cd0-dc30-4550-b12f-023a3466045b(localhost/127.0.0.1), ReplicaIndex: 0},], ReplicationConfig: RATIS/ONE, State:ALLOCATED, leaderId:, CreationTimestamp2025-07-19T06:08:35.434367753Z[Etc/UTC]}
2025-07-19 06:08:35,436 [RatisPipelineUtilsThread-0] INFO  pipeline.RatisPipelineProvider (RatisPipelineProvider.java:lambda$create$0(208)) - Sending CreatePipelineCommand for pipeline:Pipeline-e78ba560-26c0-404a-add2-c5d25ef5f288 to datanode:7e15f5a0-0f8f-4a50-92e4-d2f5038b0085(localhost/127.0.0.1)
2025-07-19 06:08:35,436 [RatisPipelineUtilsThread-0] INFO  pipeline.RatisPipelineProvider (RatisPipelineProvider.java:lambda$create$0(208)) - Sending CreatePipelineCommand for pipeline:Pipeline-e78ba560-26c0-404a-add2-c5d25ef5f288 to datanode:aa0cb613-fc94-4131-90ab-17bcd78458c4(localhost/127.0.0.1)
2025-07-19 06:08:35,436 [RatisPipelineUtilsThread-0] INFO  pipeline.RatisPipelineProvider (RatisPipelineProvider.java:lambda$create$0(208)) - Sending CreatePipelineCommand for pipeline:Pipeline-e78ba560-26c0-404a-add2-c5d25ef5f288 to datanode:85aa579c-736c-4de8-9407-4b363243255c(localhost/127.0.0.1)
2025-07-19 06:08:35,438 [RatisPipelineUtilsThread-0] INFO  pipeline.BackgroundPipelineCreator (BackgroundPipelineCreator.java:createPipelines(246)) - Created new pipeline Pipeline{ Id: e78ba560-26c0-404a-add2-c5d25ef5f288, Nodes: [ {7e15f5a0-0f8f-4a50-92e4-d2f5038b0085(localhost/127.0.0.1), ReplicaIndex: 0}, {aa0cb613-fc94-4131-90ab-17bcd78458c4(localhost/127.0.0.1), ReplicaIndex: 0}, {85aa579c-736c-4de8-9407-4b363243255c(localhost/127.0.0.1), ReplicaIndex: 0},], ReplicationConfig: RATIS/THREE, State:ALLOCATED, leaderId:, CreationTimestamp2025-07-19T06:08:35.436750840Z[Etc/UTC]}
2025-07-19 06:08:35,438 [RatisPipelineUtilsThread-0] INFO  pipeline.RatisPipelineProvider (RatisPipelineProvider.java:lambda$create$0(208)) - Sending CreatePipelineCommand for pipeline:Pipeline-df5b3fc1-ee60-457b-8c60-a363378c25ca to datanode:cfedd3f1-5d02-4847-a363-6f2972b00a97(localhost/127.0.0.1)
2025-07-19 06:08:35,439 [RatisPipelineUtilsThread-0] INFO  pipeline.BackgroundPipelineCreator (BackgroundPipelineCreator.java:createPipelines(246)) - Created new pipeline Pipeline{ Id: df5b3fc1-ee60-457b-8c60-a363378c25ca, Nodes: [ {cfedd3f1-5d02-4847-a363-6f2972b00a97(localhost/127.0.0.1), ReplicaIndex: 0},], ReplicationConfig: RATIS/ONE, State:ALLOCATED, leaderId:, CreationTimestamp2025-07-19T06:08:35.438701462Z[Etc/UTC]}
2025-07-19 06:08:35,440 [RatisPipelineUtilsThread-0] INFO  pipeline.RatisPipelineProvider (RatisPipelineProvider.java:lambda$create$0(208)) - Sending CreatePipelineCommand for pipeline:Pipeline-1209715d-b878-4f51-a412-e1259a76005c to datanode:aa0cb613-fc94-4131-90ab-17bcd78458c4(localhost/127.0.0.1)
2025-07-19 06:08:35,440 [RatisPipelineUtilsThread-0] INFO  pipeline.RatisPipelineProvider (RatisPipelineProvider.java:lambda$create$0(208)) - Sending CreatePipelineCommand for pipeline:Pipeline-1209715d-b878-4f51-a412-e1259a76005c to datanode:85aa579c-736c-4de8-9407-4b363243255c(localhost/127.0.0.1)
2025-07-19 06:08:35,440 [RatisPipelineUtilsThread-0] INFO  pipeline.RatisPipelineProvider (RatisPipelineProvider.java:lambda$create$0(208)) - Sending CreatePipelineCommand for pipeline:Pipeline-1209715d-b878-4f51-a412-e1259a76005c to datanode:86838f6f-3dde-42b5-b01a-58c95bf80430(localhost/127.0.0.1)
2025-07-19 06:08:35,441 [RatisPipelineUtilsThread-0] INFO  pipeline.BackgroundPipelineCreator (BackgroundPipelineCreator.java:createPipelines(246)) - Created new pipeline Pipeline{ Id: 1209715d-b878-4f51-a412-e1259a76005c, Nodes: [ {aa0cb613-fc94-4131-90ab-17bcd78458c4(localhost/127.0.0.1), ReplicaIndex: 0}, {85aa579c-736c-4de8-9407-4b363243255c(localhost/127.0.0.1), ReplicaIndex: 0}, {86838f6f-3dde-42b5-b01a-58c95bf80430(localhost/127.0.0.1), ReplicaIndex: 0},], ReplicationConfig: RATIS/THREE, State:ALLOCATED, leaderId:, CreationTimestamp2025-07-19T06:08:35.440375350Z[Etc/UTC]}
2025-07-19 06:08:35,442 [RatisPipelineUtilsThread-0] INFO  pipeline.RatisPipelineProvider (RatisPipelineProvider.java:lambda$create$0(208)) - Sending CreatePipelineCommand for pipeline:Pipeline-6b324c35-b893-4f60-99d0-bdfc2b124f7b to datanode:aa0cb613-fc94-4131-90ab-17bcd78458c4(localhost/127.0.0.1)
2025-07-19 06:08:35,443 [RatisPipelineUtilsThread-0] INFO  pipeline.BackgroundPipelineCreator (BackgroundPipelineCreator.java:createPipelines(246)) - Created new pipeline Pipeline{ Id: 6b324c35-b893-4f60-99d0-bdfc2b124f7b, Nodes: [ {aa0cb613-fc94-4131-90ab-17bcd78458c4(localhost/127.0.0.1), ReplicaIndex: 0},], ReplicationConfig: RATIS/ONE, State:ALLOCATED, leaderId:, CreationTimestamp2025-07-19T06:08:35.442123988Z[Etc/UTC]}
2025-07-19 06:08:35,480 [7e15f5a0-0f8f-4a50-92e4-d2f5038b0085-CloseContainerThread-1] WARN  keyvalue.KeyValueHandler (KeyValueHandler.java:updateAndGetContainerChecksum(1451)) - Container data checksum updated from 0 to 51339e84
2025-07-19 06:08:35,486 [grpc-default-executor-3] WARN  server.GrpcServerProtocolService (LogUtils.java:warn(129)) - aa0cb613-fc94-4131-90ab-17bcd78458c4: Failed APPEND_ENTRIES request 7e15f5a0-0f8f-4a50-92e4-d2f5038b0085->aa0cb613-fc94-4131-90ab-17bcd78458c4#9442-t1,previous=(t:1, i:10),leaderCommit=11,initializing? false,entries: size=2, first=(t:1, i:11), STATEMACHINELOGENTRY, WRITE: logData.size=87, stateMachineData.size=0, logEntryProtoSerializedSize=0
java.util.concurrent.CompletionException: org.apache.ratis.protocol.exceptions.GroupMismatchException: aa0cb613-fc94-4131-90ab-17bcd78458c4: group-0132FE54E6CF not found.
	at java.base/java.util.concurrent.CompletableFuture.encodeThrowable(CompletableFuture.java:332)
	at java.base/java.util.concurrent.CompletableFuture.uniComposeStage(CompletableFuture.java:1177)
	at java.base/java.util.concurrent.CompletableFuture.thenCompose(CompletableFuture.java:2341)
	at org.apache.ratis.server.impl.RaftServerProxy.appendEntriesAsync(RaftServerProxy.java:651)
	at org.apache.ratis.grpc.server.GrpcServerProtocolService$1.process(GrpcServerProtocolService.java:245)
	at org.apache.ratis.grpc.server.GrpcServerProtocolService$1.process(GrpcServerProtocolService.java:242)
	at org.apache.ratis.grpc.server.GrpcServerProtocolService$ServerRequestStreamObserver.onNext(GrpcServerProtocolService.java:150)
	at org.apache.ratis.thirdparty.io.grpc.stub.ServerCalls$StreamingServerCallHandler$StreamingServerCallListener.onMessage(ServerCalls.java:262)
	at org.apache.ratis.thirdparty.io.grpc.internal.ServerCallImpl$ServerStreamListenerImpl.messagesAvailableInternal(ServerCallImpl.java:334)
	at org.apache.ratis.thirdparty.io.grpc.internal.ServerCallImpl$ServerStreamListenerImpl.messagesAvailable(ServerCallImpl.java:319)
	at org.apache.ratis.thirdparty.io.grpc.internal.ServerImpl$JumpToApplicationThreadServerStreamListener$1MessagesAvailable.runInContext(ServerImpl.java:834)
	at org.apache.ratis.thirdparty.io.grpc.internal.ContextRunnable.run(ContextRunnable.java:37)
	at org.apache.ratis.thirdparty.io.grpc.internal.SerializingExecutor.run(SerializingExecutor.java:133)
	at java.base/java.util.concurrent.ThreadPoolExecutor.runWorker(ThreadPoolExecutor.java:1144)
	at java.base/java.util.concurrent.ThreadPoolExecutor$Worker.run(ThreadPoolExecutor.java:642)
	at java.base/java.lang.Thread.run(Thread.java:1583)
Caused by: org.apache.ratis.protocol.exceptions.GroupMismatchException: aa0cb613-fc94-4131-90ab-17bcd78458c4: group-0132FE54E6CF not found.
	at org.apache.ratis.server.impl.RaftServerProxy$ImplMap.get(RaftServerProxy.java:160)
	at org.apache.ratis.server.impl.RaftServerProxy.getImplFuture(RaftServerProxy.java:370)
	at org.apache.ratis.server.impl.RaftServerProxy.appendEntriesAsync(RaftServerProxy.java:650)
	... 12 more
2025-07-19 06:08:35,486 [7e15f5a0-0f8f-4a50-92e4-d2f5038b0085-ContainerOp-a1dcb70a-c8f9-4212-ac4f-0132fe54e6cf-5] INFO  keyvalue.KeyValueContainer (KeyValueContainer.java:flushAndSyncDB(514)) - Synced container: KeyValueContainerData #3 (CLOSING, non-empty, ri=0, origin=[dn_7e15f5a0-0f8f-4a50-92e4-d2f5038b0085, pipeline_a1dcb70a-c8f9-4212-ac4f-0132fe54e6cf])
2025-07-19 06:08:35,486 [7e15f5a0-0f8f-4a50-92e4-d2f5038b0085-ContainerOp-a1dcb70a-c8f9-4212-ac4f-0132fe54e6cf-5] INFO  keyvalue.KeyValueContainer (KeyValueContainer.java:flushAndSyncDB(514)) - Synced container: KeyValueContainerData #3 (CLOSING, non-empty, ri=0, origin=[dn_7e15f5a0-0f8f-4a50-92e4-d2f5038b0085, pipeline_a1dcb70a-c8f9-4212-ac4f-0132fe54e6cf])
2025-07-19 06:08:35,487 [86838f6f-3dde-42b5-b01a-58c95bf80430-ContainerOp-a1dcb70a-c8f9-4212-ac4f-0132fe54e6cf-5] INFO  keyvalue.KeyValueContainer (KeyValueContainer.java:flushAndSyncDB(514)) - Synced container: KeyValueContainerData #3 (CLOSING, non-empty, ri=0, origin=[dn_86838f6f-3dde-42b5-b01a-58c95bf80430, pipeline_a1dcb70a-c8f9-4212-ac4f-0132fe54e6cf])
2025-07-19 06:08:35,487 [86838f6f-3dde-42b5-b01a-58c95bf80430-ContainerOp-a1dcb70a-c8f9-4212-ac4f-0132fe54e6cf-5] INFO  keyvalue.KeyValueContainer (KeyValueContainer.java:flushAndSyncDB(514)) - Synced container: KeyValueContainerData #3 (CLOSING, non-empty, ri=0, origin=[dn_86838f6f-3dde-42b5-b01a-58c95bf80430, pipeline_a1dcb70a-c8f9-4212-ac4f-0132fe54e6cf])
2025-07-19 06:08:35,488 [grpc-default-executor-6] INFO  leader.LogAppender (LogAppenderBase.java:lambda$getNextIndexForError$0(215)) - Decrease nextIndex to 11
2025-07-19 06:08:35,488 [grpc-default-executor-6] INFO  leader.LogAppender (LogAppenderBase.java:lambda$getNextIndexForError$0(215)) - Decrease nextIndex to 11
2025-07-19 06:08:35,488 [grpc-default-executor-6] INFO  leader.FollowerInfo (FollowerInfoImpl.java:info(70)) - 7e15f5a0-0f8f-4a50-92e4-d2f5038b0085@group-0132FE54E6CF->aa0cb613-fc94-4131-90ab-17bcd78458c4: computeNextIndex nextIndex: updateUnconditionally 13 -> 11
2025-07-19 06:08:35,491 [grpc-default-executor-0] WARN  server.GrpcServerProtocolService (LogUtils.java:warn(129)) - aa0cb613-fc94-4131-90ab-17bcd78458c4: Failed APPEND_ENTRIES request 7e15f5a0-0f8f-4a50-92e4-d2f5038b0085->aa0cb613-fc94-4131-90ab-17bcd78458c4#9443-t1,previous=(t:1, i:10),leaderCommit=11,initializing? false,entries: size=2, first=(t:1, i:11), STATEMACHINELOGENTRY, WRITE: logData.size=87, stateMachineData.size=0, logEntryProtoSerializedSize=0
java.util.concurrent.CompletionException: org.apache.ratis.protocol.exceptions.GroupMismatchException: aa0cb613-fc94-4131-90ab-17bcd78458c4: group-0132FE54E6CF not found.
	at java.base/java.util.concurrent.CompletableFuture.encodeThrowable(CompletableFuture.java:332)
	at java.base/java.util.concurrent.CompletableFuture.uniComposeStage(CompletableFuture.java:1177)
	at java.base/java.util.concurrent.CompletableFuture.thenCompose(CompletableFuture.java:2341)
	at org.apache.ratis.server.impl.RaftServerProxy.appendEntriesAsync(RaftServerProxy.java:651)
	at org.apache.ratis.grpc.server.GrpcServerProtocolService$1.process(GrpcServerProtocolService.java:245)
	at org.apache.ratis.grpc.server.GrpcServerProtocolService$1.process(GrpcServerProtocolService.java:242)
	at org.apache.ratis.grpc.server.GrpcServerProtocolService$ServerRequestStreamObserver.onNext(GrpcServerProtocolService.java:150)
	at org.apache.ratis.thirdparty.io.grpc.stub.ServerCalls$StreamingServerCallHandler$StreamingServerCallListener.onMessage(ServerCalls.java:262)
	at org.apache.ratis.thirdparty.io.grpc.internal.ServerCallImpl$ServerStreamListenerImpl.messagesAvailableInternal(ServerCallImpl.java:334)
	at org.apache.ratis.thirdparty.io.grpc.internal.ServerCallImpl$ServerStreamListenerImpl.messagesAvailable(ServerCallImpl.java:319)
	at org.apache.ratis.thirdparty.io.grpc.internal.ServerImpl$JumpToApplicationThreadServerStreamListener$1MessagesAvailable.runInContext(ServerImpl.java:834)
	at org.apache.ratis.thirdparty.io.grpc.internal.ContextRunnable.run(ContextRunnable.java:37)
	at org.apache.ratis.thirdparty.io.grpc.internal.SerializingExecutor.run(SerializingExecutor.java:133)
	at java.base/java.util.concurrent.ThreadPoolExecutor.runWorker(ThreadPoolExecutor.java:1144)
	at java.base/java.util.concurrent.ThreadPoolExecutor$Worker.run(ThreadPoolExecutor.java:642)
	at java.base/java.lang.Thread.run(Thread.java:1583)
Caused by: org.apache.ratis.protocol.exceptions.GroupMismatchException: aa0cb613-fc94-4131-90ab-17bcd78458c4: group-0132FE54E6CF not found.
	at org.apache.ratis.server.impl.RaftServerProxy$ImplMap.get(RaftServerProxy.java:160)
	at org.apache.ratis.server.impl.RaftServerProxy.getImplFuture(RaftServerProxy.java:370)
	at org.apache.ratis.server.impl.RaftServerProxy.appendEntriesAsync(RaftServerProxy.java:650)
	... 12 more
2025-07-19 06:08:35,491 [7e15f5a0-0f8f-4a50-92e4-d2f5038b0085-ContainerOp-a1dcb70a-c8f9-4212-ac4f-0132fe54e6cf-5] INFO  keyvalue.KeyValueContainer (KeyValueContainer.java:close(430)) - Closed container: KeyValueContainerData #3 (CLOSED, non-empty, ri=0, origin=[dn_7e15f5a0-0f8f-4a50-92e4-d2f5038b0085, pipeline_a1dcb70a-c8f9-4212-ac4f-0132fe54e6cf])
2025-07-19 06:08:35,492 [86838f6f-3dde-42b5-b01a-58c95bf80430-ContainerOp-a1dcb70a-c8f9-4212-ac4f-0132fe54e6cf-5] INFO  keyvalue.KeyValueContainer (KeyValueContainer.java:close(430)) - Closed container: KeyValueContainerData #3 (CLOSED, non-empty, ri=0, origin=[dn_86838f6f-3dde-42b5-b01a-58c95bf80430, pipeline_a1dcb70a-c8f9-4212-ac4f-0132fe54e6cf])
2025-07-19 06:08:35,492 [grpc-default-executor-0] INFO  leader.LogAppender (LogAppenderBase.java:lambda$getNextIndexForError$0(215)) - Decrease nextIndex to 11
2025-07-19 06:08:35,492 [grpc-default-executor-0] INFO  leader.LogAppender (LogAppenderBase.java:lambda$getNextIndexForError$0(215)) - Decrease nextIndex to 11
2025-07-19 06:08:35,492 [grpc-default-executor-0] INFO  leader.FollowerInfo (FollowerInfoImpl.java:info(70)) - 7e15f5a0-0f8f-4a50-92e4-d2f5038b0085@group-0132FE54E6CF->aa0cb613-fc94-4131-90ab-17bcd78458c4: computeNextIndex nextIndex: updateUnconditionally 13 -> 11
2025-07-19 06:08:35,493 [FixedThreadPoolWithAffinityExecutor-1-0] INFO  container.IncrementalContainerReportHandler (AbstractContainerReportHandler.java:updateContainerState(289)) - CLOSE Container #3 (CLOSING, sid=9) r0 (CLOSED, bcsid=9, origin=86838f6f-3dde-42b5-b01a-58c95bf80430, non-empty) from dn 86838f6f-3dde-42b5-b01a-58c95bf80430(localhost/127.0.0.1)
2025-07-19 06:08:35,732 [85aa579c-736c-4de8-9407-4b363243255c-PipelineCommandHandlerThread-0] INFO  server.RaftServer (RaftServerProxy.java:addNew(105)) - 85aa579c-736c-4de8-9407-4b363243255c: addNew group-C5D25EF5F288:[7e15f5a0-0f8f-4a50-92e4-d2f5038b0085|127.0.0.1:15015, aa0cb613-fc94-4131-90ab-17bcd78458c4|127.0.0.1:15023, 85aa579c-736c-4de8-9407-4b363243255c|127.0.0.1:15087] returns group-C5D25EF5F288:java.util.concurrent.CompletableFuture@681d3a28[Not completed]
2025-07-19 06:08:35,734 [85aa579c-736c-4de8-9407-4b363243255c-groupManagement] INFO  server.RaftServer$Division (RaftServerImpl.java:<init>(268)) - 85aa579c-736c-4de8-9407-4b363243255c: new RaftServerImpl for group-C5D25EF5F288:[7e15f5a0-0f8f-4a50-92e4-d2f5038b0085|127.0.0.1:15015, aa0cb613-fc94-4131-90ab-17bcd78458c4|127.0.0.1:15023, 85aa579c-736c-4de8-9407-4b363243255c|127.0.0.1:15087] with ContainerStateMachine:uninitialized
2025-07-19 06:08:35,734 [85aa579c-736c-4de8-9407-4b363243255c-groupManagement] INFO  server.RaftServer$Division (ServerState.java:<init>(114)) - 85aa579c-736c-4de8-9407-4b363243255c@group-C5D25EF5F288: ConfigurationManager, init=conf: {index: -1, cur=peers:[7e15f5a0-0f8f-4a50-92e4-d2f5038b0085|127.0.0.1:15015, aa0cb613-fc94-4131-90ab-17bcd78458c4|127.0.0.1:15023, 85aa579c-736c-4de8-9407-4b363243255c|127.0.0.1:15087]|listeners:[], old=null}, confs=<EMPTY_MAP>
2025-07-19 06:08:35,738 [85aa579c-736c-4de8-9407-4b363243255c-groupManagement] INFO  server.RaftServerConfigKeys (ConfUtils.java:logGet(62)) - raft.server.storage.dir = [/home/runner/work/ozone/ozone/hadoop-ozone/integration-test/target/test-dir/MiniOzoneClusterImpl-09c4c6e1-5ab0-4195-ac7b-5aec6defaa36/ozone-meta/datanode-10/ratis] (custom)
2025-07-19 06:08:35,739 [85aa579c-736c-4de8-9407-4b363243255c-groupManagement] INFO  storage.RaftStorageDirectory (RaftStorageDirectoryImpl.java:analyzeStorage(138)) - The storage directory /home/runner/work/ozone/ozone/hadoop-ozone/integration-test/target/test-dir/MiniOzoneClusterImpl-09c4c6e1-5ab0-4195-ac7b-5aec6defaa36/ozone-meta/datanode-10/ratis/e78ba560-26c0-404a-add2-c5d25ef5f288 does not exist. Creating ...
2025-07-19 06:08:35,740 [85aa579c-736c-4de8-9407-4b363243255c-groupManagement] INFO  storage.RaftStorageDirectory (RaftStorageDirectoryImpl.java:tryLock(229)) - Lock on /home/runner/work/ozone/ozone/hadoop-ozone/integration-test/target/test-dir/MiniOzoneClusterImpl-09c4c6e1-5ab0-4195-ac7b-5aec6defaa36/ozone-meta/datanode-10/ratis/e78ba560-26c0-404a-add2-c5d25ef5f288/in_use.lock acquired by nodename 18124@localhost
2025-07-19 06:08:35,741 [85aa579c-736c-4de8-9407-4b363243255c-groupManagement] INFO  storage.RaftStorage (RaftStorageImpl.java:format(98)) - Storage directory /home/runner/work/ozone/ozone/hadoop-ozone/integration-test/target/test-dir/MiniOzoneClusterImpl-09c4c6e1-5ab0-4195-ac7b-5aec6defaa36/ozone-meta/datanode-10/ratis/e78ba560-26c0-404a-add2-c5d25ef5f288 has been successfully formatted.
2025-07-19 06:08:35,741 [85aa579c-736c-4de8-9407-4b363243255c-groupManagement] INFO  ratis.ContainerStateMachine (ContainerStateMachine.java:initialize(339)) - 85aa579c-736c-4de8-9407-4b363243255c: initialize group-C5D25EF5F288
2025-07-19 06:08:35,741 [85aa579c-736c-4de8-9407-4b363243255c-groupManagement] INFO  ratis.ContainerStateMachine (ContainerStateMachine.java:loadSnapshot(347)) - group-C5D25EF5F288: The snapshot info is null. Setting the last applied index to:<INITIAL_VALUE>
2025-07-19 06:08:35,741 [85aa579c-736c-4de8-9407-4b363243255c-groupManagement] INFO  server.RaftServerConfigKeys (ConfUtils.java:logGet(62)) - raft.server.log.appender.buffer.byte-limit = 33554432 (custom)
2025-07-19 06:08:35,743 [85aa579c-736c-4de8-9407-4b363243255c-groupManagement] INFO  server.RaftServerConfigKeys (ConfUtils.java:logGet(62)) - raft.server.log.segment.size.max = 67108864 (custom)
2025-07-19 06:08:35,744 [85aa579c-736c-4de8-9407-4b363243255c-groupManagement] INFO  server.RaftServerConfigKeys (ConfUtils.java:logGet(62)) - raft.server.log.appender.buffer.byte-limit = 33554432 (custom)
2025-07-19 06:08:35,744 [85aa579c-736c-4de8-9407-4b363243255c-groupManagement] INFO  util.AwaitToRun (AwaitToRun.java:start(81)) - Thread[#1956,85aa579c-736c-4de8-9407-4b363243255c@group-C5D25EF5F288-cacheEviction-AwaitToRun,5,main] started
2025-07-19 06:08:35,744 [85aa579c-736c-4de8-9407-4b363243255c-groupManagement] INFO  segmented.SegmentedRaftLogWorker (SegmentedRaftLogWorker.java:<init>(190)) - new 85aa579c-736c-4de8-9407-4b363243255c@group-C5D25EF5F288-SegmentedRaftLogWorker for RaftStorageImpl:Storage Directory /home/runner/work/ozone/ozone/hadoop-ozone/integration-test/target/test-dir/MiniOzoneClusterImpl-09c4c6e1-5ab0-4195-ac7b-5aec6defaa36/ozone-meta/datanode-10/ratis/e78ba560-26c0-404a-add2-c5d25ef5f288
2025-07-19 06:08:35,744 [85aa579c-736c-4de8-9407-4b363243255c-groupManagement] INFO  server.RaftServerConfigKeys (ConfUtils.java:logGet(62)) - raft.server.log.queue.byte-limit = 4294967296 (custom)
2025-07-19 06:08:35,744 [85aa579c-736c-4de8-9407-4b363243255c-groupManagement] INFO  server.RaftServerConfigKeys (ConfUtils.java:logGet(62)) - raft.server.log.segment.size.max = 67108864 (custom)
2025-07-19 06:08:35,744 [85aa579c-736c-4de8-9407-4b363243255c-groupManagement] INFO  server.RaftServerConfigKeys (ConfUtils.java:logGet(62)) - raft.server.log.preallocated.size = 4194304 (custom)
2025-07-19 06:08:35,745 [85aa579c-736c-4de8-9407-4b363243255c-groupManagement] INFO  server.RaftServerConfigKeys (ConfUtils.java:logGet(62)) - raft.server.log.write.buffer.size = 33554440 (custom)
2025-07-19 06:08:35,750 [85aa579c-736c-4de8-9407-4b363243255c-groupManagement] INFO  server.RaftServerConfigKeys (ConfUtils.java:logGet(62)) - raft.server.log.appender.buffer.byte-limit = 33554432 (custom)
2025-07-19 06:08:35,751 [85aa579c-736c-4de8-9407-4b363243255c-groupManagement] INFO  segmented.SegmentedRaftLogWorker (SegmentedRaftLogWorker.java:lambda$new$0(141)) - 85aa579c-736c-4de8-9407-4b363243255c@group-C5D25EF5F288-SegmentedRaftLogWorker: flushIndex: setUnconditionally 0 -> -1
2025-07-19 06:08:35,751 [85aa579c-736c-4de8-9407-4b363243255c-groupManagement] INFO  segmented.SegmentedRaftLogWorker (SegmentedRaftLogWorker.java:lambda$new$0(141)) - 85aa579c-736c-4de8-9407-4b363243255c@group-C5D25EF5F288-SegmentedRaftLogWorker: safeCacheEvictIndex: setUnconditionally 0 -> -1
2025-07-19 06:08:35,751 [85aa579c-736c-4de8-9407-4b363243255c-groupManagement] INFO  server.RaftServer$Division (RaftServerImpl.java:start(405)) - 85aa579c-736c-4de8-9407-4b363243255c@group-C5D25EF5F288: start as a follower, conf=conf: {index: -1, cur=peers:[7e15f5a0-0f8f-4a50-92e4-d2f5038b0085|127.0.0.1:15015, aa0cb613-fc94-4131-90ab-17bcd78458c4|127.0.0.1:15023, 85aa579c-736c-4de8-9407-4b363243255c|127.0.0.1:15087]|listeners:[], old=null}
2025-07-19 06:08:35,751 [85aa579c-736c-4de8-9407-4b363243255c-groupManagement] INFO  server.RaftServer$Division (RaftServerImpl.java:setRole(392)) - 85aa579c-736c-4de8-9407-4b363243255c@group-C5D25EF5F288: changes role from      null to FOLLOWER at term 0 for startAsFollower
2025-07-19 06:08:35,751 [85aa579c-736c-4de8-9407-4b363243255c-groupManagement] INFO  impl.RoleInfo (RoleInfo.java:updateAndGet(148)) - 85aa579c-736c-4de8-9407-4b363243255c: start 85aa579c-736c-4de8-9407-4b363243255c@group-C5D25EF5F288-FollowerState
2025-07-19 06:08:35,752 [85aa579c-736c-4de8-9407-4b363243255c-groupManagement] INFO  util.JmxRegister (JmxRegister.java:tryRegister(44)) - Successfully registered JMX Bean with object name Ratis:service=RaftServer,group=group-C5D25EF5F288,id=85aa579c-736c-4de8-9407-4b363243255c
2025-07-19 06:08:35,752 [85aa579c-736c-4de8-9407-4b363243255c-groupManagement] INFO  util.JmxRegister (JmxRegister.java:register(58)) - register mxBean class org.apache.ratis.server.impl.RaftServerJmxAdapter as Ratis:service=RaftServer,group=group-C5D25EF5F288,id=85aa579c-736c-4de8-9407-4b363243255c
2025-07-19 06:08:35,752 [85aa579c-736c-4de8-9407-4b363243255c-groupManagement] INFO  server.RaftServer$Division (RaftServerImpl.java:start(419)) - 85aa579c-736c-4de8-9407-4b363243255c@group-C5D25EF5F288: Successfully started.
2025-07-19 06:08:35,753 [85aa579c-736c-4de8-9407-4b363243255c-PipelineCommandHandlerThread-0] INFO  ratis.XceiverServerRatis (XceiverServerRatis.java:addGroup(843)) - Created group Pipeline-e78ba560-26c0-404a-add2-c5d25ef5f288
2025-07-19 06:08:35,758 [grpc-default-executor-3] INFO  server.RaftServer (RaftServerProxy.java:addNew(105)) - 7e15f5a0-0f8f-4a50-92e4-d2f5038b0085: addNew group-C5D25EF5F288:[7e15f5a0-0f8f-4a50-92e4-d2f5038b0085|127.0.0.1:15015, aa0cb613-fc94-4131-90ab-17bcd78458c4|127.0.0.1:15023, 85aa579c-736c-4de8-9407-4b363243255c|127.0.0.1:15087] returns group-C5D25EF5F288:java.util.concurrent.CompletableFuture@4a5cb48a[Not completed]
2025-07-19 06:08:35,759 [7e15f5a0-0f8f-4a50-92e4-d2f5038b0085-groupManagement] INFO  server.RaftServer$Division (RaftServerImpl.java:<init>(268)) - 7e15f5a0-0f8f-4a50-92e4-d2f5038b0085: new RaftServerImpl for group-C5D25EF5F288:[7e15f5a0-0f8f-4a50-92e4-d2f5038b0085|127.0.0.1:15015, aa0cb613-fc94-4131-90ab-17bcd78458c4|127.0.0.1:15023, 85aa579c-736c-4de8-9407-4b363243255c|127.0.0.1:15087] with ContainerStateMachine:uninitialized
2025-07-19 06:08:35,759 [7e15f5a0-0f8f-4a50-92e4-d2f5038b0085-groupManagement] INFO  server.RaftServer$Division (ServerState.java:<init>(114)) - 7e15f5a0-0f8f-4a50-92e4-d2f5038b0085@group-C5D25EF5F288: ConfigurationManager, init=conf: {index: -1, cur=peers:[7e15f5a0-0f8f-4a50-92e4-d2f5038b0085|127.0.0.1:15015, aa0cb613-fc94-4131-90ab-17bcd78458c4|127.0.0.1:15023, 85aa579c-736c-4de8-9407-4b363243255c|127.0.0.1:15087]|listeners:[], old=null}, confs=<EMPTY_MAP>
2025-07-19 06:08:35,762 [7e15f5a0-0f8f-4a50-92e4-d2f5038b0085-groupManagement] INFO  server.RaftServerConfigKeys (ConfUtils.java:logGet(62)) - raft.server.storage.dir = [/home/runner/work/ozone/ozone/hadoop-ozone/integration-test/target/test-dir/MiniOzoneClusterImpl-09c4c6e1-5ab0-4195-ac7b-5aec6defaa36/ozone-meta/datanode-1/ratis] (custom)
2025-07-19 06:08:35,762 [7e15f5a0-0f8f-4a50-92e4-d2f5038b0085-groupManagement] INFO  storage.RaftStorageDirectory (RaftStorageDirectoryImpl.java:analyzeStorage(138)) - The storage directory /home/runner/work/ozone/ozone/hadoop-ozone/integration-test/target/test-dir/MiniOzoneClusterImpl-09c4c6e1-5ab0-4195-ac7b-5aec6defaa36/ozone-meta/datanode-1/ratis/e78ba560-26c0-404a-add2-c5d25ef5f288 does not exist. Creating ...
2025-07-19 06:08:35,763 [7e15f5a0-0f8f-4a50-92e4-d2f5038b0085-groupManagement] INFO  storage.RaftStorageDirectory (RaftStorageDirectoryImpl.java:tryLock(229)) - Lock on /home/runner/work/ozone/ozone/hadoop-ozone/integration-test/target/test-dir/MiniOzoneClusterImpl-09c4c6e1-5ab0-4195-ac7b-5aec6defaa36/ozone-meta/datanode-1/ratis/e78ba560-26c0-404a-add2-c5d25ef5f288/in_use.lock acquired by nodename 18124@localhost
2025-07-19 06:08:35,764 [7e15f5a0-0f8f-4a50-92e4-d2f5038b0085-groupManagement] INFO  storage.RaftStorage (RaftStorageImpl.java:format(98)) - Storage directory /home/runner/work/ozone/ozone/hadoop-ozone/integration-test/target/test-dir/MiniOzoneClusterImpl-09c4c6e1-5ab0-4195-ac7b-5aec6defaa36/ozone-meta/datanode-1/ratis/e78ba560-26c0-404a-add2-c5d25ef5f288 has been successfully formatted.
2025-07-19 06:08:35,765 [7e15f5a0-0f8f-4a50-92e4-d2f5038b0085-groupManagement] INFO  ratis.ContainerStateMachine (ContainerStateMachine.java:initialize(339)) - 7e15f5a0-0f8f-4a50-92e4-d2f5038b0085: initialize group-C5D25EF5F288
2025-07-19 06:08:35,765 [7e15f5a0-0f8f-4a50-92e4-d2f5038b0085-groupManagement] INFO  ratis.ContainerStateMachine (ContainerStateMachine.java:loadSnapshot(347)) - group-C5D25EF5F288: The snapshot info is null. Setting the last applied index to:<INITIAL_VALUE>
2025-07-19 06:08:35,765 [7e15f5a0-0f8f-4a50-92e4-d2f5038b0085-groupManagement] INFO  server.RaftServerConfigKeys (ConfUtils.java:logGet(62)) - raft.server.log.appender.buffer.byte-limit = 33554432 (custom)
2025-07-19 06:08:35,766 [7e15f5a0-0f8f-4a50-92e4-d2f5038b0085-groupManagement] INFO  server.RaftServerConfigKeys (ConfUtils.java:logGet(62)) - raft.server.log.segment.size.max = 67108864 (custom)
2025-07-19 06:08:35,767 [7e15f5a0-0f8f-4a50-92e4-d2f5038b0085-groupManagement] INFO  server.RaftServerConfigKeys (ConfUtils.java:logGet(62)) - raft.server.log.appender.buffer.byte-limit = 33554432 (custom)
2025-07-19 06:08:35,767 [main] INFO  ozone.MiniOzoneClusterImpl (MiniOzoneClusterImpl.java:lambda$waitForClusterToBeReady$0(173)) - Nodes are ready. Got 10 of 10 DN Heartbeats.
2025-07-19 06:08:35,767 [main] INFO  ozone.MiniOzoneClusterImpl (MiniOzoneClusterImpl.java:lambda$waitForClusterToBeReady$0(176)) - Cluster exits safe mode
2025-07-19 06:08:35,767 [main] INFO  ozone.MiniOzoneClusterImpl (MiniOzoneClusterImpl.java:lambda$waitForClusterToBeReady$0(178)) - SCM became leader
2025-07-19 06:08:35,767 [7e15f5a0-0f8f-4a50-92e4-d2f5038b0085-groupManagement] INFO  util.AwaitToRun (AwaitToRun.java:start(81)) - Thread[#1960,7e15f5a0-0f8f-4a50-92e4-d2f5038b0085@group-C5D25EF5F288-cacheEviction-AwaitToRun,5,main] started
2025-07-19 06:08:35,767 [7e15f5a0-0f8f-4a50-92e4-d2f5038b0085-groupManagement] INFO  segmented.SegmentedRaftLogWorker (SegmentedRaftLogWorker.java:<init>(190)) - new 7e15f5a0-0f8f-4a50-92e4-d2f5038b0085@group-C5D25EF5F288-SegmentedRaftLogWorker for RaftStorageImpl:Storage Directory /home/runner/work/ozone/ozone/hadoop-ozone/integration-test/target/test-dir/MiniOzoneClusterImpl-09c4c6e1-5ab0-4195-ac7b-5aec6defaa36/ozone-meta/datanode-1/ratis/e78ba560-26c0-404a-add2-c5d25ef5f288
2025-07-19 06:08:35,767 [7e15f5a0-0f8f-4a50-92e4-d2f5038b0085-groupManagement] INFO  server.RaftServerConfigKeys (ConfUtils.java:logGet(62)) - raft.server.log.queue.byte-limit = 4294967296 (custom)
2025-07-19 06:08:35,767 [7e15f5a0-0f8f-4a50-92e4-d2f5038b0085-groupManagement] INFO  server.RaftServerConfigKeys (ConfUtils.java:logGet(62)) - raft.server.log.segment.size.max = 67108864 (custom)
2025-07-19 06:08:35,767 [7e15f5a0-0f8f-4a50-92e4-d2f5038b0085-groupManagement] INFO  server.RaftServerConfigKeys (ConfUtils.java:logGet(62)) - raft.server.log.preallocated.size = 4194304 (custom)
2025-07-19 06:08:35,768 [7e15f5a0-0f8f-4a50-92e4-d2f5038b0085-groupManagement] INFO  server.RaftServerConfigKeys (ConfUtils.java:logGet(62)) - raft.server.log.write.buffer.size = 33554440 (custom)
2025-07-19 06:08:35,768 [main] WARN  keyvalue.KeyValueHandler (ContainerUtils.java:logAndReturnError(94)) - Operation: CloseContainer , Trace ID:  , Message: Cannot close container #7 while in UNHEALTHY state. , Result: CONTAINER_UNHEALTHY , StorageContainerException Occurred.
org.apache.hadoop.hdds.scm.container.common.helpers.StorageContainerException: Cannot close container #7 while in UNHEALTHY state.
	at org.apache.hadoop.ozone.container.keyvalue.KeyValueHandler.closeContainer(KeyValueHandler.java:1539)
	at org.apache.hadoop.ozone.container.keyvalue.KeyValueHandler.handleCloseContainer(KeyValueHandler.java:611)
	at org.apache.hadoop.ozone.container.keyvalue.KeyValueHandler.dispatchRequest(KeyValueHandler.java:328)
	at org.apache.hadoop.ozone.container.keyvalue.KeyValueHandler.handle(KeyValueHandler.java:293)
	at org.apache.hadoop.ozone.container.common.impl.HddsDispatcher.dispatchRequest(HddsDispatcher.java:365)
	at org.apache.hadoop.ozone.container.common.impl.HddsDispatcher.lambda$dispatch$1(HddsDispatcher.java:190)
	at org.apache.hadoop.hdds.server.OzoneProtocolMessageDispatcher.processRequest(OzoneProtocolMessageDispatcher.java:87)
	at org.apache.hadoop.ozone.container.common.impl.HddsDispatcher.dispatch(HddsDispatcher.java:189)
	at org.apache.hadoop.ozone.client.rpc.TestContainerStateMachineFailures.testUnhealthyContainer(TestContainerStateMachineFailures.java:451)
	at java.base/jdk.internal.reflect.DirectMethodHandleAccessor.invoke(DirectMethodHandleAccessor.java:103)
	at java.base/java.lang.reflect.Method.invoke(Method.java:580)
	at org.junit.platform.commons.util.ReflectionUtils.invokeMethod(ReflectionUtils.java:787)
	at org.junit.platform.commons.support.ReflectionSupport.invokeMethod(ReflectionSupport.java:478)
	at org.junit.jupiter.engine.execution.MethodInvocation.proceed(MethodInvocation.java:60)
	at org.junit.jupiter.engine.execution.InvocationInterceptorChain$ValidatingInvocation.proceed(InvocationInterceptorChain.java:131)
	at org.junit.jupiter.engine.extension.SameThreadTimeoutInvocation.proceed(SameThreadTimeoutInvocation.java:49)
	at org.junit.jupiter.engine.extension.TimeoutExtension.intercept(TimeoutExtension.java:161)
	at org.junit.jupiter.engine.extension.TimeoutExtension.interceptTestableMethod(TimeoutExtension.java:152)
	at org.junit.jupiter.engine.extension.TimeoutExtension.interceptTestMethod(TimeoutExtension.java:91)
	at org.junit.jupiter.engine.execution.InterceptingExecutableInvoker$ReflectiveInterceptorCall.lambda$ofVoidMethod$0(InterceptingExecutableInvoker.java:112)
	at org.junit.jupiter.engine.execution.InterceptingExecutableInvoker.lambda$invoke$0(InterceptingExecutableInvoker.java:94)
	at org.junit.jupiter.engine.execution.InvocationInterceptorChain$InterceptedInvocation.proceed(InvocationInterceptorChain.java:106)
	at org.junit.jupiter.engine.execution.InvocationInterceptorChain.proceed(InvocationInterceptorChain.java:64)
	at org.junit.jupiter.engine.execution.InvocationInterceptorChain.chainAndInvoke(InvocationInterceptorChain.java:45)
	at org.junit.jupiter.engine.execution.InvocationInterceptorChain.invoke(InvocationInterceptorChain.java:37)
	at org.junit.jupiter.engine.execution.InterceptingExecutableInvoker.invoke(InterceptingExecutableInvoker.java:93)
	at org.junit.jupiter.engine.execution.InterceptingExecutableInvoker.invoke(InterceptingExecutableInvoker.java:87)
	at org.junit.jupiter.engine.descriptor.TestMethodTestDescriptor.lambda$invokeTestMethod$4(TestMethodTestDescriptor.java:221)
	at org.junit.platform.engine.support.hierarchical.ThrowableCollector.execute(ThrowableCollector.java:73)
	at org.junit.jupiter.engine.descriptor.TestMethodTestDescriptor.invokeTestMethod(TestMethodTestDescriptor.java:217)
	at org.junit.jupiter.engine.descriptor.TestMethodTestDescriptor.execute(TestMethodTestDescriptor.java:159)
	at org.junit.jupiter.engine.descriptor.TestMethodTestDescriptor.execute(TestMethodTestDescriptor.java:70)
	at org.junit.platform.engine.support.hierarchical.NodeTestTask.lambda$executeRecursively$6(NodeTestTask.java:157)
	at org.junit.platform.engine.support.hierarchical.ThrowableCollector.execute(ThrowableCollector.java:73)
	at org.junit.platform.engine.support.hierarchical.NodeTestTask.lambda$executeRecursively$8(NodeTestTask.java:147)
	at org.junit.platform.engine.support.hierarchical.Node.around(Node.java:137)
	at org.junit.platform.engine.support.hierarchical.NodeTestTask.lambda$executeRecursively$9(NodeTestTask.java:145)
	at org.junit.platform.engine.support.hierarchical.ThrowableCollector.execute(ThrowableCollector.java:73)
	at org.junit.platform.engine.support.hierarchical.NodeTestTask.executeRecursively(NodeTestTask.java:144)
	at org.junit.platform.engine.support.hierarchical.NodeTestTask.execute(NodeTestTask.java:101)
	at java.base/java.util.ArrayList.forEach(ArrayList.java:1596)
	at org.junit.platform.engine.support.hierarchical.SameThreadHierarchicalTestExecutorService.invokeAll(SameThreadHierarchicalTestExecutorService.java:41)
	at org.junit.platform.engine.support.hierarchical.NodeTestTask.lambda$executeRecursively$6(NodeTestTask.java:161)
	at org.junit.platform.engine.support.hierarchical.ThrowableCollector.execute(ThrowableCollector.java:73)
	at org.junit.platform.engine.support.hierarchical.NodeTestTask.lambda$executeRecursively$8(NodeTestTask.java:147)
	at org.junit.platform.engine.support.hierarchical.Node.around(Node.java:137)
	at org.junit.platform.engine.support.hierarchical.NodeTestTask.lambda$executeRecursively$9(NodeTestTask.java:145)
	at org.junit.platform.engine.support.hierarchical.ThrowableCollector.execute(ThrowableCollector.java:73)
	at org.junit.platform.engine.support.hierarchical.NodeTestTask.executeRecursively(NodeTestTask.java:144)
	at org.junit.platform.engine.support.hierarchical.NodeTestTask.execute(NodeTestTask.java:101)
	at java.base/java.util.ArrayList.forEach(ArrayList.java:1596)
	at org.junit.platform.engine.support.hierarchical.SameThreadHierarchicalTestExecutorService.invokeAll(SameThreadHierarchicalTestExecutorService.java:41)
	at org.junit.platform.engine.support.hierarchical.NodeTestTask.lambda$executeRecursively$6(NodeTestTask.java:161)
	at org.junit.platform.engine.support.hierarchical.ThrowableCollector.execute(ThrowableCollector.java:73)
	at org.junit.platform.engine.support.hierarchical.NodeTestTask.lambda$executeRecursively$8(NodeTestTask.java:147)
	at org.junit.platform.engine.support.hierarchical.Node.around(Node.java:137)
	at org.junit.platform.engine.support.hierarchical.NodeTestTask.lambda$executeRecursively$9(NodeTestTask.java:145)
	at org.junit.platform.engine.support.hierarchical.ThrowableCollector.execute(ThrowableCollector.java:73)
	at org.junit.platform.engine.support.hierarchical.NodeTestTask.executeRecursively(NodeTestTask.java:144)
	at org.junit.platform.engine.support.hierarchical.NodeTestTask.execute(NodeTestTask.java:101)
	at org.junit.platform.engine.support.hierarchical.SameThreadHierarchicalTestExecutorService.submit(SameThreadHierarchicalTestExecutorService.java:35)
	at org.junit.platform.engine.support.hierarchical.HierarchicalTestExecutor.execute(HierarchicalTestExecutor.java:57)
	at org.junit.platform.engine.support.hierarchical.HierarchicalTestEngine.execute(HierarchicalTestEngine.java:54)
	at org.junit.platform.launcher.core.EngineExecutionOrchestrator.executeEngine(EngineExecutionOrchestrator.java:230)
	at org.junit.platform.launcher.core.EngineExecutionOrchestrator.failOrExecuteEngine(EngineExecutionOrchestrator.java:204)
	at org.junit.platform.launcher.core.EngineExecutionOrchestrator.execute(EngineExecutionOrchestrator.java:172)
	at org.junit.platform.launcher.core.EngineExecutionOrchestrator.execute(EngineExecutionOrchestrator.java:101)
	at org.junit.platform.launcher.core.EngineExecutionOrchestrator.lambda$execute$0(EngineExecutionOrchestrator.java:64)
	at org.junit.platform.launcher.core.EngineExecutionOrchestrator.withInterceptedStreams(EngineExecutionOrchestrator.java:150)
	at org.junit.platform.launcher.core.EngineExecutionOrchestrator.execute(EngineExecutionOrchestrator.java:63)
	at org.junit.platform.launcher.core.DefaultLauncher.execute(DefaultLauncher.java:109)
	at org.junit.platform.launcher.core.DefaultLauncher.execute(DefaultLauncher.java:91)
	at org.junit.platform.launcher.core.DelegatingLauncher.execute(DelegatingLauncher.java:47)
	at org.junit.platform.launcher.core.InterceptingLauncher.lambda$execute$1(InterceptingLauncher.java:39)
	at org.junit.platform.launcher.core.ClasspathAlignmentCheckingLauncherInterceptor.intercept(ClasspathAlignmentCheckingLauncherInterceptor.java:25)
	at org.junit.platform.launcher.core.InterceptingLauncher.execute(InterceptingLauncher.java:38)
	at org.junit.platform.launcher.core.DelegatingLauncher.execute(DelegatingLauncher.java:47)
	at org.apache.maven.surefire.junitplatform.LazyLauncher.execute(LazyLauncher.java:56)
	at org.apache.maven.surefire.junitplatform.JUnitPlatformProvider.execute(JUnitPlatformProvider.java:184)
	at org.apache.maven.surefire.junitplatform.JUnitPlatformProvider.invokeAllTests(JUnitPlatformProvider.java:148)
	at org.apache.maven.surefire.junitplatform.JUnitPlatformProvider.invoke(JUnitPlatformProvider.java:120)
	at org.apache.maven.surefire.booter.ForkedBooter.runSuitesInProcess(ForkedBooter.java:385)
	at org.apache.maven.surefire.booter.ForkedBooter.execute(ForkedBooter.java:162)
	at org.apache.maven.surefire.booter.ForkedBooter.run(ForkedBooter.java:507)
	at org.apache.maven.surefire.booter.ForkedBooter.main(ForkedBooter.java:495)
2025-07-19 06:08:35,770 [EventQueue-CloseContainerForCloseContainerEventHandler] INFO  container.CloseContainerEventHandler (CloseContainerEventHandler.java:onMessage(88)) - Close container Event triggered for container : #7, current state: CLOSING
2025-07-19T06:08:35.771320648Z main ERROR user=null | ip=null | op=CLOSE_CONTAINER {containerID=7} | ret=FAILURE
java.lang.Exception: Cannot close container #7 while in UNHEALTHY state.
	at org.apache.hadoop.ozone.container.common.impl.HddsDispatcher.dispatchRequest(HddsDispatcher.java:439)
	at org.apache.hadoop.ozone.container.common.impl.HddsDispatcher.lambda$dispatch$1(HddsDispatcher.java:190)
	at org.apache.hadoop.hdds.server.OzoneProtocolMessageDispatcher.processRequest(OzoneProtocolMessageDispatcher.java:87)
	at org.apache.hadoop.ozone.container.common.impl.HddsDispatcher.dispatch(HddsDispatcher.java:189)
	at org.apache.hadoop.ozone.client.rpc.TestContainerStateMachineFailures.testUnhealthyContainer(TestContainerStateMachineFailures.java:451)
	at java.base/jdk.internal.reflect.DirectMethodHandleAccessor.invoke(DirectMethodHandleAccessor.java:103)
	at java.base/java.lang.reflect.Method.invoke(Method.java:580)
	at org.junit.platform.commons.util.ReflectionUtils.invokeMethod(ReflectionUtils.java:787)
	at org.junit.platform.commons.support.ReflectionSupport.invokeMethod(ReflectionSupport.java:478)
	at org.junit.jupiter.engine.execution.MethodInvocation.proceed(MethodInvocation.java:60)
	at org.junit.jupiter.engine.execution.InvocationInterceptorChain$ValidatingInvocation.proceed(InvocationInterceptorChain.java:131)
	at org.junit.jupiter.engine.extension.SameThreadTimeoutInvocation.proceed(SameThreadTimeoutInvocation.java:49)
	at org.junit.jupiter.engine.extension.TimeoutExtension.intercept(TimeoutExtension.java:161)
	at org.junit.jupiter.engine.extension.TimeoutExtension.interceptTestableMethod(TimeoutExtension.java:152)
	at org.junit.jupiter.engine.extension.TimeoutExtension.interceptTestMethod(TimeoutExtension.java:91)
	at org.junit.jupiter.engine.execution.InterceptingExecutableInvoker$ReflectiveInterceptorCall.lambda$ofVoidMethod$0(InterceptingExecutableInvoker.java:112)
	at org.junit.jupiter.engine.execution.InterceptingExecutableInvoker.lambda$invoke$0(InterceptingExecutableInvoker.java:94)
	at org.junit.jupiter.engine.execution.InvocationInterceptorChain$InterceptedInvocation.proceed(InvocationInterceptorChain.java:106)
	at org.junit.jupiter.engine.execution.InvocationInterceptorChain.proceed(InvocationInterceptorChain.java:64)
	at org.junit.jupiter.engine.execution.InvocationInterceptorChain.chainAndInvoke(InvocationInterceptorChain.java:45)
	at org.junit.jupiter.engine.execution.InvocationInterceptorChain.invoke(InvocationInterceptorChain.java:37)
	at org.junit.jupiter.engine.execution.InterceptingExecutableInvoker.invoke(InterceptingExecutableInvoker.java:93)
	at org.junit.jupiter.engine.execution.InterceptingExecutableInvoker.invoke(InterceptingExecutableInvoker.java:87)
	at org.junit.jupiter.engine.descriptor.TestMethodTestDescriptor.lambda$invokeTestMethod$4(TestMethodTestDescriptor.java:221)
	at org.junit.platform.engine.support.hierarchical.ThrowableCollector.execute(ThrowableCollector.java:73)
	at org.junit.jupiter.engine.descriptor.TestMethodTestDescriptor.invokeTestMethod(TestMethodTestDescriptor.java:217)
	at org.junit.jupiter.engine.descriptor.TestMethodTestDescriptor.execute(TestMethodTestDescriptor.java:159)
	at org.junit.jupiter.engine.descriptor.TestMethodTestDescriptor.execute(TestMethodTestDescriptor.java:70)
	at org.junit.platform.engine.support.hierarchical.NodeTestTask.lambda$executeRecursively$6(NodeTestTask.java:157)
	at org.junit.platform.engine.support.hierarchical.ThrowableCollector.execute(ThrowableCollector.java:73)
	at org.junit.platform.engine.support.hierarchical.NodeTestTask.lambda$executeRecursively$8(NodeTestTask.java:147)
	at org.junit.platform.engine.support.hierarchical.Node.around(Node.java:137)
	at org.junit.platform.engine.support.hierarchical.NodeTestTask.lambda$executeRecursively$9(NodeTestTask.java:145)
	at org.junit.platform.engine.support.hierarchical.ThrowableCollector.execute(ThrowableCollector.java:73)
	at org.junit.platform.engine.support.hierarchical.NodeTestTask.executeRecursively(NodeTestTask.java:144)
	at org.junit.platform.engine.support.hierarchical.NodeTestTask.execute(NodeTestTask.java:101)
	at java.base/java.util.ArrayList.forEach(ArrayList.java:1596)
	at org.junit.platform.engine.support.hierarchical.SameThreadHierarchicalTestExecutorService.invokeAll(SameThreadHierarchicalTestExecutorService.java:41)
	at org.junit.platform.engine.support.hierarchical.NodeTestTask.lambda$executeRecursively$6(NodeTestTask.java:161)
	at org.junit.platform.engine.support.hierarchical.ThrowableCollector.execute(ThrowableCollector.java:73)
	at org.junit.platform.engine.support.hierarchical.NodeTestTask.lambda$executeRecursively$8(NodeTestTask.java:147)
	at org.junit.platform.engine.support.hierarchical.Node.around(Node.java:137)
	at org.junit.platform.engine.support.hierarchical.NodeTestTask.lambda$executeRecursively$9(NodeTestTask.java:145)
	at org.junit.platform.engine.support.hierarchical.ThrowableCollector.execute(ThrowableCollector.java:73)
	at org.junit.platform.engine.support.hierarchical.NodeTestTask.executeRecursively(NodeTestTask.java:144)
	at org.junit.platform.engine.support.hierarchical.NodeTestTask.execute(NodeTestTask.java:101)
	at java.base/java.util.ArrayList.forEach(ArrayList.java:1596)
	at org.junit.platform.engine.support.hierarchical.SameThreadHierarchicalTestExecutorService.invokeAll(SameThreadHierarchicalTestExecutorService.java:41)
	at org.junit.platform.engine.support.hierarchical.NodeTestTask.lambda$executeRecursively$6(NodeTestTask.java:161)
	at org.junit.platform.engine.support.hierarchical.ThrowableCollector.execute(ThrowableCollector.java:73)
	at org.junit.platform.engine.support.hierarchical.NodeTestTask.lambda$executeRecursively$8(NodeTestTask.java:147)
	at org.junit.platform.engine.support.hierarchical.Node.around(Node.java:137)
	at org.junit.platform.engine.support.hierarchical.NodeTestTask.lambda$executeRecursively$9(NodeTestTask.java:145)
	at org.junit.platform.engine.support.hierarchical.ThrowableCollector.execute(ThrowableCollector.java:73)
	at org.junit.platform.engine.support.hierarchical.NodeTestTask.executeRecursively(NodeTestTask.java:144)
	at org.junit.platform.engine.support.hierarchical.NodeTestTask.execute(NodeTestTask.java:101)
	at org.junit.platform.engine.support.hierarchical.SameThreadHierarchicalTestExecutorService.submit(SameThreadHierarchicalTestExecutorService.java:35)
	at org.junit.platform.engine.support.hierarchical.HierarchicalTestExecutor.execute(HierarchicalTestExecutor.java:57)
	at org.junit.platform.engine.support.hierarchical.HierarchicalTestEngine.execute(HierarchicalTestEngine.java:54)
	at org.junit.platform.launcher.core.EngineExecutionOrchestrator.executeEngine(EngineExecutionOrchestrator.java:230)
	at org.junit.platform.launcher.core.EngineExecutionOrchestrator.failOrExecuteEngine(EngineExecutionOrchestrator.java:204)
	at org.junit.platform.launcher.core.EngineExecutionOrchestrator.execute(EngineExecutionOrchestrator.java:172)
	at org.junit.platform.launcher.core.EngineExecutionOrchestrator.execute(EngineExecutionOrchestrator.java:101)
	at org.junit.platform.launcher.core.EngineExecutionOrchestrator.lambda$execute$0(EngineExecutionOrchestrator.java:64)
	at org.junit.platform.launcher.core.EngineExecutionOrchestrator.withInterceptedStreams(EngineExecutionOrchestrator.java:150)
	at org.junit.platform.launcher.core.EngineExecutionOrchestrator.execute(EngineExecutionOrchestrator.java:63)
	at org.junit.platform.launcher.core.DefaultLauncher.execute(DefaultLauncher.java:109)
	at org.junit.platform.launcher.core.DefaultLauncher.execute(DefaultLauncher.java:91)
	at org.junit.platform.launcher.core.DelegatingLauncher.execute(DelegatingLauncher.java:47)
	at org.junit.platform.launcher.core.InterceptingLauncher.lambda$execute$1(InterceptingLauncher.java:39)
	at org.junit.platform.launcher.core.ClasspathAlignmentCheckingLauncherInterceptor.intercept(ClasspathAlignmentCheckingLauncherInterceptor.java:25)
	at org.junit.platform.launcher.core.InterceptingLauncher.execute(InterceptingLauncher.java:38)
	at org.junit.platform.launcher.core.DelegatingLauncher.execute(DelegatingLauncher.java:47)
	at org.apache.maven.surefire.junitplatform.LazyLauncher.execute(LazyLauncher.java:56)
	at org.apache.maven.surefire.junitplatform.JUnitPlatformProvider.execute(JUnitPlatformProvider.java:184)
	at org.apache.maven.surefire.junitplatform.JUnitPlatformProvider.invokeAllTests(JUnitPlatformProvider.java:148)
	at org.apache.maven.surefire.junitplatform.JUnitPlatformProvider.invoke(JUnitPlatformProvider.java:120)
	at org.apache.maven.surefire.booter.ForkedBooter.runSuitesInProcess(ForkedBooter.java:385)
	at org.apache.maven.surefire.booter.ForkedBooter.execute(ForkedBooter.java:162)
	at org.apache.maven.surefire.booter.ForkedBooter.run(ForkedBooter.java:507)
	at org.apache.maven.surefire.booter.ForkedBooter.main(ForkedBooter.java:495)
]]></system-out>
  </testcase>
  <testcase name="testContainerStateMachineDualFailureRetry" classname="org.apache.hadoop.ozone.client.rpc.TestContainerStateMachineFailures" time="10.388">
    <system-out><![CDATA[2025-07-19 06:08:35,773 [7e15f5a0-0f8f-4a50-92e4-d2f5038b0085-groupManagement] INFO  server.RaftServerConfigKeys (ConfUtils.java:logGet(62)) - raft.server.log.appender.buffer.byte-limit = 33554432 (custom)
2025-07-19 06:08:35,773 [7e15f5a0-0f8f-4a50-92e4-d2f5038b0085-groupManagement] INFO  segmented.SegmentedRaftLogWorker (SegmentedRaftLogWorker.java:lambda$new$0(141)) - 7e15f5a0-0f8f-4a50-92e4-d2f5038b0085@group-C5D25EF5F288-SegmentedRaftLogWorker: flushIndex: setUnconditionally 0 -> -1
2025-07-19 06:08:35,773 [7e15f5a0-0f8f-4a50-92e4-d2f5038b0085-groupManagement] INFO  segmented.SegmentedRaftLogWorker (SegmentedRaftLogWorker.java:lambda$new$0(141)) - 7e15f5a0-0f8f-4a50-92e4-d2f5038b0085@group-C5D25EF5F288-SegmentedRaftLogWorker: safeCacheEvictIndex: setUnconditionally 0 -> -1
2025-07-19 06:08:35,774 [7e15f5a0-0f8f-4a50-92e4-d2f5038b0085-groupManagement] INFO  server.RaftServer$Division (RaftServerImpl.java:start(405)) - 7e15f5a0-0f8f-4a50-92e4-d2f5038b0085@group-C5D25EF5F288: start as a follower, conf=conf: {index: -1, cur=peers:[7e15f5a0-0f8f-4a50-92e4-d2f5038b0085|127.0.0.1:15015, aa0cb613-fc94-4131-90ab-17bcd78458c4|127.0.0.1:15023, 85aa579c-736c-4de8-9407-4b363243255c|127.0.0.1:15087]|listeners:[], old=null}
2025-07-19 06:08:35,774 [7e15f5a0-0f8f-4a50-92e4-d2f5038b0085-groupManagement] INFO  server.RaftServer$Division (RaftServerImpl.java:setRole(392)) - 7e15f5a0-0f8f-4a50-92e4-d2f5038b0085@group-C5D25EF5F288: changes role from      null to FOLLOWER at term 0 for startAsFollower
2025-07-19 06:08:35,774 [7e15f5a0-0f8f-4a50-92e4-d2f5038b0085-groupManagement] INFO  impl.RoleInfo (RoleInfo.java:updateAndGet(148)) - 7e15f5a0-0f8f-4a50-92e4-d2f5038b0085: start 7e15f5a0-0f8f-4a50-92e4-d2f5038b0085@group-C5D25EF5F288-FollowerState
2025-07-19 06:08:35,775 [7e15f5a0-0f8f-4a50-92e4-d2f5038b0085-groupManagement] INFO  util.JmxRegister (JmxRegister.java:tryRegister(44)) - Successfully registered JMX Bean with object name Ratis:service=RaftServer,group=group-C5D25EF5F288,id=7e15f5a0-0f8f-4a50-92e4-d2f5038b0085
2025-07-19 06:08:35,775 [7e15f5a0-0f8f-4a50-92e4-d2f5038b0085-groupManagement] INFO  util.JmxRegister (JmxRegister.java:register(58)) - register mxBean class org.apache.ratis.server.impl.RaftServerJmxAdapter as Ratis:service=RaftServer,group=group-C5D25EF5F288,id=7e15f5a0-0f8f-4a50-92e4-d2f5038b0085
2025-07-19 06:08:35,775 [7e15f5a0-0f8f-4a50-92e4-d2f5038b0085-groupManagement] INFO  server.RaftServer$Division (RaftServerImpl.java:start(419)) - 7e15f5a0-0f8f-4a50-92e4-d2f5038b0085@group-C5D25EF5F288: Successfully started.
2025-07-19 06:08:35,784 [grpc-default-executor-3] INFO  server.RaftServer (RaftServerProxy.java:addNew(105)) - aa0cb613-fc94-4131-90ab-17bcd78458c4: addNew group-C5D25EF5F288:[7e15f5a0-0f8f-4a50-92e4-d2f5038b0085|127.0.0.1:15015, aa0cb613-fc94-4131-90ab-17bcd78458c4|127.0.0.1:15023, 85aa579c-736c-4de8-9407-4b363243255c|127.0.0.1:15087] returns group-C5D25EF5F288:java.util.concurrent.CompletableFuture@44f2b0de[Not completed]
2025-07-19 06:08:35,786 [aa0cb613-fc94-4131-90ab-17bcd78458c4-groupManagement] INFO  server.RaftServer$Division (RaftServerImpl.java:<init>(268)) - aa0cb613-fc94-4131-90ab-17bcd78458c4: new RaftServerImpl for group-C5D25EF5F288:[7e15f5a0-0f8f-4a50-92e4-d2f5038b0085|127.0.0.1:15015, aa0cb613-fc94-4131-90ab-17bcd78458c4|127.0.0.1:15023, 85aa579c-736c-4de8-9407-4b363243255c|127.0.0.1:15087] with ContainerStateMachine:uninitialized
2025-07-19 06:08:35,786 [aa0cb613-fc94-4131-90ab-17bcd78458c4-groupManagement] INFO  server.RaftServer$Division (ServerState.java:<init>(114)) - aa0cb613-fc94-4131-90ab-17bcd78458c4@group-C5D25EF5F288: ConfigurationManager, init=conf: {index: -1, cur=peers:[7e15f5a0-0f8f-4a50-92e4-d2f5038b0085|127.0.0.1:15015, aa0cb613-fc94-4131-90ab-17bcd78458c4|127.0.0.1:15023, 85aa579c-736c-4de8-9407-4b363243255c|127.0.0.1:15087]|listeners:[], old=null}, confs=<EMPTY_MAP>
2025-07-19 06:08:35,789 [aa0cb613-fc94-4131-90ab-17bcd78458c4-groupManagement] INFO  server.RaftServerConfigKeys (ConfUtils.java:logGet(62)) - raft.server.storage.dir = [/home/runner/work/ozone/ozone/hadoop-ozone/integration-test/target/test-dir/MiniOzoneClusterImpl-09c4c6e1-5ab0-4195-ac7b-5aec6defaa36/ozone-meta/datanode-2/ratisfaf4a47e-8f61-4394-9b41-11542f27a621] (custom)
2025-07-19 06:08:35,790 [aa0cb613-fc94-4131-90ab-17bcd78458c4-groupManagement] INFO  storage.RaftStorageDirectory (RaftStorageDirectoryImpl.java:analyzeStorage(138)) - The storage directory /home/runner/work/ozone/ozone/hadoop-ozone/integration-test/target/test-dir/MiniOzoneClusterImpl-09c4c6e1-5ab0-4195-ac7b-5aec6defaa36/ozone-meta/datanode-2/ratisfaf4a47e-8f61-4394-9b41-11542f27a621/e78ba560-26c0-404a-add2-c5d25ef5f288 does not exist. Creating ...
2025-07-19 06:08:35,790 [aa0cb613-fc94-4131-90ab-17bcd78458c4-groupManagement] INFO  storage.RaftStorageDirectory (RaftStorageDirectoryImpl.java:tryLock(229)) - Lock on /home/runner/work/ozone/ozone/hadoop-ozone/integration-test/target/test-dir/MiniOzoneClusterImpl-09c4c6e1-5ab0-4195-ac7b-5aec6defaa36/ozone-meta/datanode-2/ratisfaf4a47e-8f61-4394-9b41-11542f27a621/e78ba560-26c0-404a-add2-c5d25ef5f288/in_use.lock acquired by nodename 18124@localhost
2025-07-19 06:08:35,792 [aa0cb613-fc94-4131-90ab-17bcd78458c4-groupManagement] INFO  storage.RaftStorage (RaftStorageImpl.java:format(98)) - Storage directory /home/runner/work/ozone/ozone/hadoop-ozone/integration-test/target/test-dir/MiniOzoneClusterImpl-09c4c6e1-5ab0-4195-ac7b-5aec6defaa36/ozone-meta/datanode-2/ratisfaf4a47e-8f61-4394-9b41-11542f27a621/e78ba560-26c0-404a-add2-c5d25ef5f288 has been successfully formatted.
2025-07-19 06:08:35,793 [aa0cb613-fc94-4131-90ab-17bcd78458c4-groupManagement] INFO  ratis.ContainerStateMachine (ContainerStateMachine.java:initialize(339)) - aa0cb613-fc94-4131-90ab-17bcd78458c4: initialize group-C5D25EF5F288
2025-07-19 06:08:35,793 [aa0cb613-fc94-4131-90ab-17bcd78458c4-groupManagement] INFO  ratis.ContainerStateMachine (ContainerStateMachine.java:loadSnapshot(347)) - group-C5D25EF5F288: The snapshot info is null. Setting the last applied index to:<INITIAL_VALUE>
2025-07-19 06:08:35,793 [aa0cb613-fc94-4131-90ab-17bcd78458c4-groupManagement] INFO  server.RaftServerConfigKeys (ConfUtils.java:logGet(62)) - raft.server.log.appender.buffer.byte-limit = 33554432 (custom)
2025-07-19 06:08:35,794 [aa0cb613-fc94-4131-90ab-17bcd78458c4-groupManagement] INFO  server.RaftServerConfigKeys (ConfUtils.java:logGet(62)) - raft.server.log.segment.size.max = 67108864 (custom)
2025-07-19 06:08:35,795 [aa0cb613-fc94-4131-90ab-17bcd78458c4-groupManagement] INFO  server.RaftServerConfigKeys (ConfUtils.java:logGet(62)) - raft.server.log.appender.buffer.byte-limit = 33554432 (custom)
2025-07-19 06:08:35,795 [aa0cb613-fc94-4131-90ab-17bcd78458c4-groupManagement] INFO  util.AwaitToRun (AwaitToRun.java:start(81)) - Thread[#1974,aa0cb613-fc94-4131-90ab-17bcd78458c4@group-C5D25EF5F288-cacheEviction-AwaitToRun,5,main] started
2025-07-19 06:08:35,795 [aa0cb613-fc94-4131-90ab-17bcd78458c4-groupManagement] INFO  segmented.SegmentedRaftLogWorker (SegmentedRaftLogWorker.java:<init>(190)) - new aa0cb613-fc94-4131-90ab-17bcd78458c4@group-C5D25EF5F288-SegmentedRaftLogWorker for RaftStorageImpl:Storage Directory /home/runner/work/ozone/ozone/hadoop-ozone/integration-test/target/test-dir/MiniOzoneClusterImpl-09c4c6e1-5ab0-4195-ac7b-5aec6defaa36/ozone-meta/datanode-2/ratisfaf4a47e-8f61-4394-9b41-11542f27a621/e78ba560-26c0-404a-add2-c5d25ef5f288
2025-07-19 06:08:35,795 [aa0cb613-fc94-4131-90ab-17bcd78458c4-groupManagement] INFO  server.RaftServerConfigKeys (ConfUtils.java:logGet(62)) - raft.server.log.queue.byte-limit = 4294967296 (custom)
2025-07-19 06:08:35,795 [aa0cb613-fc94-4131-90ab-17bcd78458c4-groupManagement] INFO  server.RaftServerConfigKeys (ConfUtils.java:logGet(62)) - raft.server.log.segment.size.max = 67108864 (custom)
2025-07-19 06:08:35,795 [aa0cb613-fc94-4131-90ab-17bcd78458c4-groupManagement] INFO  server.RaftServerConfigKeys (ConfUtils.java:logGet(62)) - raft.server.log.preallocated.size = 4194304 (custom)
2025-07-19 06:08:35,796 [aa0cb613-fc94-4131-90ab-17bcd78458c4-groupManagement] INFO  server.RaftServerConfigKeys (ConfUtils.java:logGet(62)) - raft.server.log.write.buffer.size = 33554440 (custom)
2025-07-19 06:08:35,802 [aa0cb613-fc94-4131-90ab-17bcd78458c4-groupManagement] INFO  server.RaftServerConfigKeys (ConfUtils.java:logGet(62)) - raft.server.log.appender.buffer.byte-limit = 33554432 (custom)
2025-07-19 06:08:35,802 [aa0cb613-fc94-4131-90ab-17bcd78458c4-groupManagement] INFO  segmented.SegmentedRaftLogWorker (SegmentedRaftLogWorker.java:lambda$new$0(141)) - aa0cb613-fc94-4131-90ab-17bcd78458c4@group-C5D25EF5F288-SegmentedRaftLogWorker: flushIndex: setUnconditionally 0 -> -1
2025-07-19 06:08:35,802 [aa0cb613-fc94-4131-90ab-17bcd78458c4-groupManagement] INFO  segmented.SegmentedRaftLogWorker (SegmentedRaftLogWorker.java:lambda$new$0(141)) - aa0cb613-fc94-4131-90ab-17bcd78458c4@group-C5D25EF5F288-SegmentedRaftLogWorker: safeCacheEvictIndex: setUnconditionally 0 -> -1
2025-07-19 06:08:35,804 [aa0cb613-fc94-4131-90ab-17bcd78458c4-groupManagement] INFO  server.RaftServer$Division (RaftServerImpl.java:start(405)) - aa0cb613-fc94-4131-90ab-17bcd78458c4@group-C5D25EF5F288: start as a follower, conf=conf: {index: -1, cur=peers:[7e15f5a0-0f8f-4a50-92e4-d2f5038b0085|127.0.0.1:15015, aa0cb613-fc94-4131-90ab-17bcd78458c4|127.0.0.1:15023, 85aa579c-736c-4de8-9407-4b363243255c|127.0.0.1:15087]|listeners:[], old=null}
2025-07-19 06:08:35,804 [aa0cb613-fc94-4131-90ab-17bcd78458c4-groupManagement] INFO  server.RaftServer$Division (RaftServerImpl.java:setRole(392)) - aa0cb613-fc94-4131-90ab-17bcd78458c4@group-C5D25EF5F288: changes role from      null to FOLLOWER at term 0 for startAsFollower
2025-07-19 06:08:35,805 [aa0cb613-fc94-4131-90ab-17bcd78458c4-groupManagement] INFO  impl.RoleInfo (RoleInfo.java:updateAndGet(148)) - aa0cb613-fc94-4131-90ab-17bcd78458c4: start aa0cb613-fc94-4131-90ab-17bcd78458c4@group-C5D25EF5F288-FollowerState
2025-07-19 06:08:35,805 [aa0cb613-fc94-4131-90ab-17bcd78458c4-groupManagement] INFO  util.JmxRegister (JmxRegister.java:tryRegister(44)) - Successfully registered JMX Bean with object name Ratis:service=RaftServer,group=group-C5D25EF5F288,id=aa0cb613-fc94-4131-90ab-17bcd78458c4
2025-07-19 06:08:35,805 [aa0cb613-fc94-4131-90ab-17bcd78458c4-groupManagement] INFO  util.JmxRegister (JmxRegister.java:register(58)) - register mxBean class org.apache.ratis.server.impl.RaftServerJmxAdapter as Ratis:service=RaftServer,group=group-C5D25EF5F288,id=aa0cb613-fc94-4131-90ab-17bcd78458c4
2025-07-19 06:08:35,806 [aa0cb613-fc94-4131-90ab-17bcd78458c4-groupManagement] INFO  server.RaftServer$Division (RaftServerImpl.java:start(419)) - aa0cb613-fc94-4131-90ab-17bcd78458c4@group-C5D25EF5F288: Successfully started.
2025-07-19 06:08:35,812 [85aa579c-736c-4de8-9407-4b363243255c-PipelineCommandHandlerThread-0] INFO  commandhandler.CreatePipelineCommandHandler (CreatePipelineCommandHandler.java:lambda$handle$2(127)) - Created Pipeline RATIS THREE Pipeline-e78ba560-26c0-404a-add2-c5d25ef5f288.
2025-07-19 06:08:35,813 [85aa579c-736c-4de8-9407-4b363243255c-PipelineCommandHandlerThread-0] INFO  server.RaftServer (RaftServerProxy.java:addNew(105)) - 85aa579c-736c-4de8-9407-4b363243255c: addNew group-E1259A76005C:[aa0cb613-fc94-4131-90ab-17bcd78458c4|127.0.0.1:15023, 85aa579c-736c-4de8-9407-4b363243255c|127.0.0.1:15087, 86838f6f-3dde-42b5-b01a-58c95bf80430|127.0.0.1:15031] returns group-E1259A76005C:java.util.concurrent.CompletableFuture@7d05747f[Not completed]
2025-07-19 06:08:35,814 [85aa579c-736c-4de8-9407-4b363243255c-groupManagement] INFO  server.RaftServer$Division (RaftServerImpl.java:<init>(268)) - 85aa579c-736c-4de8-9407-4b363243255c: new RaftServerImpl for group-E1259A76005C:[aa0cb613-fc94-4131-90ab-17bcd78458c4|127.0.0.1:15023, 85aa579c-736c-4de8-9407-4b363243255c|127.0.0.1:15087, 86838f6f-3dde-42b5-b01a-58c95bf80430|127.0.0.1:15031] with ContainerStateMachine:uninitialized
2025-07-19 06:08:35,814 [85aa579c-736c-4de8-9407-4b363243255c-groupManagement] INFO  server.RaftServer$Division (ServerState.java:<init>(114)) - 85aa579c-736c-4de8-9407-4b363243255c@group-E1259A76005C: ConfigurationManager, init=conf: {index: -1, cur=peers:[aa0cb613-fc94-4131-90ab-17bcd78458c4|127.0.0.1:15023, 85aa579c-736c-4de8-9407-4b363243255c|127.0.0.1:15087, 86838f6f-3dde-42b5-b01a-58c95bf80430|127.0.0.1:15031]|listeners:[], old=null}, confs=<EMPTY_MAP>
2025-07-19 06:08:35,819 [85aa579c-736c-4de8-9407-4b363243255c-groupManagement] INFO  server.RaftServerConfigKeys (ConfUtils.java:logGet(62)) - raft.server.storage.dir = [/home/runner/work/ozone/ozone/hadoop-ozone/integration-test/target/test-dir/MiniOzoneClusterImpl-09c4c6e1-5ab0-4195-ac7b-5aec6defaa36/ozone-meta/datanode-10/ratis] (custom)
2025-07-19 06:08:35,819 [85aa579c-736c-4de8-9407-4b363243255c-groupManagement] INFO  storage.RaftStorageDirectory (RaftStorageDirectoryImpl.java:analyzeStorage(138)) - The storage directory /home/runner/work/ozone/ozone/hadoop-ozone/integration-test/target/test-dir/MiniOzoneClusterImpl-09c4c6e1-5ab0-4195-ac7b-5aec6defaa36/ozone-meta/datanode-10/ratis/1209715d-b878-4f51-a412-e1259a76005c does not exist. Creating ...
2025-07-19 06:08:35,820 [85aa579c-736c-4de8-9407-4b363243255c-groupManagement] INFO  storage.RaftStorageDirectory (RaftStorageDirectoryImpl.java:tryLock(229)) - Lock on /home/runner/work/ozone/ozone/hadoop-ozone/integration-test/target/test-dir/MiniOzoneClusterImpl-09c4c6e1-5ab0-4195-ac7b-5aec6defaa36/ozone-meta/datanode-10/ratis/1209715d-b878-4f51-a412-e1259a76005c/in_use.lock acquired by nodename 18124@localhost
2025-07-19 06:08:35,822 [78917b03-a842-488e-9e7c-f00b43f4ecc3-ChunkWriter-1-0] ERROR helpers.ContainerUtils (ContainerUtils.java:getChunkDir(273)) - Chunks dir /home/runner/work/ozone/ozone/hadoop-ozone/integration-test/target/test-dir/MiniOzoneClusterImpl-09c4c6e1-5ab0-4195-ac7b-5aec6defaa36/ozone-meta/datanode-7/data-0/hdds/09c4c6e1-5ab0-4195-ac7b-5aec6defaa36/current/containerDir0/9/chunks does not exist
2025-07-19 06:08:35,822 [78917b03-a842-488e-9e7c-f00b43f4ecc3-ChunkWriter-1-0] WARN  keyvalue.KeyValueHandler (ContainerUtils.java:logAndReturnError(94)) - Operation: WriteChunk , Trace ID:  , Message: Chunks directory /home/runner/work/ozone/ozone/hadoop-ozone/integration-test/target/test-dir/MiniOzoneClusterImpl-09c4c6e1-5ab0-4195-ac7b-5aec6defaa36/ozone-meta/datanode-7/data-0/hdds/09c4c6e1-5ab0-4195-ac7b-5aec6defaa36/current/containerDir0/9/chunks does not exist. , Result: UNABLE_TO_FIND_DATA_DIR , StorageContainerException Occurred.
org.apache.hadoop.hdds.scm.container.common.helpers.StorageContainerException: Chunks directory /home/runner/work/ozone/ozone/hadoop-ozone/integration-test/target/test-dir/MiniOzoneClusterImpl-09c4c6e1-5ab0-4195-ac7b-5aec6defaa36/ozone-meta/datanode-7/data-0/hdds/09c4c6e1-5ab0-4195-ac7b-5aec6defaa36/current/containerDir0/9/chunks does not exist.
	at org.apache.hadoop.ozone.container.common.helpers.ContainerUtils.getChunkDir(ContainerUtils.java:275)
	at org.apache.hadoop.ozone.container.common.impl.ContainerLayoutVersion.getChunkFile(ContainerLayoutVersion.java:115)
	at org.apache.hadoop.ozone.container.keyvalue.impl.FilePerBlockStrategy.getChunkFile(FilePerBlockStrategy.java:300)
	at org.apache.hadoop.ozone.container.keyvalue.impl.FilePerBlockStrategy.writeChunk(FilePerBlockStrategy.java:148)
	at org.apache.hadoop.ozone.container.keyvalue.impl.ChunkManagerDispatcher.writeChunk(ChunkManagerDispatcher.java:70)
	at org.apache.hadoop.ozone.container.keyvalue.KeyValueHandler.handleWriteChunk(KeyValueHandler.java:1029)
	at org.apache.hadoop.ozone.container.keyvalue.KeyValueHandler.dispatchRequest(KeyValueHandler.java:342)
	at org.apache.hadoop.ozone.container.keyvalue.KeyValueHandler.handle(KeyValueHandler.java:293)
	at org.apache.hadoop.ozone.container.common.impl.HddsDispatcher.dispatchRequest(HddsDispatcher.java:365)
	at org.apache.hadoop.ozone.container.common.impl.HddsDispatcher.lambda$dispatch$1(HddsDispatcher.java:190)
	at org.apache.hadoop.hdds.server.OzoneProtocolMessageDispatcher.processRequest(OzoneProtocolMessageDispatcher.java:87)
	at org.apache.hadoop.ozone.container.common.impl.HddsDispatcher.dispatch(HddsDispatcher.java:189)
	at org.apache.hadoop.ozone.container.common.transport.server.ratis.ContainerStateMachine.dispatchCommand(ContainerStateMachine.java:567)
	at org.apache.hadoop.ozone.container.common.transport.server.ratis.ContainerStateMachine.lambda$writeStateMachineData$2(ContainerStateMachine.java:622)
	at java.base/java.util.concurrent.FutureTask.run(FutureTask.java:317)
	at java.base/java.util.concurrent.ThreadPoolExecutor.runWorker(ThreadPoolExecutor.java:1144)
	at java.base/java.util.concurrent.ThreadPoolExecutor$Worker.run(ThreadPoolExecutor.java:642)
	at java.base/java.lang.Thread.run(Thread.java:1583)
2025-07-19 06:08:35,822 [85aa579c-736c-4de8-9407-4b363243255c-groupManagement] INFO  storage.RaftStorage (RaftStorageImpl.java:format(98)) - Storage directory /home/runner/work/ozone/ozone/hadoop-ozone/integration-test/target/test-dir/MiniOzoneClusterImpl-09c4c6e1-5ab0-4195-ac7b-5aec6defaa36/ozone-meta/datanode-10/ratis/1209715d-b878-4f51-a412-e1259a76005c has been successfully formatted.
2025-07-19 06:08:35,822 [85aa579c-736c-4de8-9407-4b363243255c-groupManagement] INFO  ratis.ContainerStateMachine (ContainerStateMachine.java:initialize(339)) - 85aa579c-736c-4de8-9407-4b363243255c: initialize group-E1259A76005C
2025-07-19 06:08:35,824 [85aa579c-736c-4de8-9407-4b363243255c-groupManagement] INFO  ratis.ContainerStateMachine (ContainerStateMachine.java:loadSnapshot(347)) - group-E1259A76005C: The snapshot info is null. Setting the last applied index to:<INITIAL_VALUE>
2025-07-19 06:08:35,823 [e6deb990-2c6c-4f88-aa04-2e44b30659d5@group-032DC0AA9B70-StateMachineUpdater] INFO  ratis.ContainerStateMachine (ContainerStateMachine.java:takeSnapshot(427)) - group-032DC0AA9B70: Taking a snapshot at:(t:1, i:3) file /home/runner/work/ozone/ozone/hadoop-ozone/integration-test/target/test-dir/MiniOzoneClusterImpl-09c4c6e1-5ab0-4195-ac7b-5aec6defaa36/ozone-meta/datanode-8/ratis/d382207d-4198-4d69-b4f6-032dc0aa9b70/sm/snapshot.1_3
2025-07-19 06:08:35,825 [e4fa6cd0-dc30-4550-b12f-023a3466045b@group-032DC0AA9B70-StateMachineUpdater] INFO  ratis.ContainerStateMachine (ContainerStateMachine.java:takeSnapshot(427)) - group-032DC0AA9B70: Taking a snapshot at:(t:1, i:4) file /home/runner/work/ozone/ozone/hadoop-ozone/integration-test/target/test-dir/MiniOzoneClusterImpl-09c4c6e1-5ab0-4195-ac7b-5aec6defaa36/ozone-meta/datanode-9/ratis/d382207d-4198-4d69-b4f6-032dc0aa9b70/sm/snapshot.1_4
2025-07-19 06:08:35,825 [85aa579c-736c-4de8-9407-4b363243255c-groupManagement] INFO  server.RaftServerConfigKeys (ConfUtils.java:logGet(62)) - raft.server.log.appender.buffer.byte-limit = 33554432 (custom)
2025-07-19 06:08:35,827 [e6deb990-2c6c-4f88-aa04-2e44b30659d5@group-032DC0AA9B70-StateMachineUpdater] INFO  ratis.ContainerStateMachine (ContainerStateMachine.java:takeSnapshot(436)) - group-032DC0AA9B70: Finished taking a snapshot at:(t:1, i:3) file:/home/runner/work/ozone/ozone/hadoop-ozone/integration-test/target/test-dir/MiniOzoneClusterImpl-09c4c6e1-5ab0-4195-ac7b-5aec6defaa36/ozone-meta/datanode-8/ratis/d382207d-4198-4d69-b4f6-032dc0aa9b70/sm/snapshot.1_3 took: 4 ms
2025-07-19 06:08:35,827 [e4fa6cd0-dc30-4550-b12f-023a3466045b@group-032DC0AA9B70-StateMachineUpdater] INFO  ratis.ContainerStateMachine (ContainerStateMachine.java:takeSnapshot(436)) - group-032DC0AA9B70: Finished taking a snapshot at:(t:1, i:4) file:/home/runner/work/ozone/ozone/hadoop-ozone/integration-test/target/test-dir/MiniOzoneClusterImpl-09c4c6e1-5ab0-4195-ac7b-5aec6defaa36/ozone-meta/datanode-9/ratis/d382207d-4198-4d69-b4f6-032dc0aa9b70/sm/snapshot.1_4 took: 2 ms
2025-07-19 06:08:35,827 [e6deb990-2c6c-4f88-aa04-2e44b30659d5@group-032DC0AA9B70-StateMachineUpdater] INFO  impl.StateMachineUpdater (StateMachineUpdater.java:takeSnapshot(307)) - e6deb990-2c6c-4f88-aa04-2e44b30659d5@group-032DC0AA9B70-StateMachineUpdater: Took a snapshot at index 3
2025-07-19 06:08:35,827 [e6deb990-2c6c-4f88-aa04-2e44b30659d5@group-032DC0AA9B70-StateMachineUpdater] INFO  impl.StateMachineUpdater (StateMachineUpdater.java:lambda$new$0(101)) - e6deb990-2c6c-4f88-aa04-2e44b30659d5@group-032DC0AA9B70-StateMachineUpdater: snapshotIndex: updateIncreasingly 0 -> 3
2025-07-19 06:08:35,827 [e4fa6cd0-dc30-4550-b12f-023a3466045b@group-032DC0AA9B70-StateMachineUpdater] INFO  impl.StateMachineUpdater (StateMachineUpdater.java:takeSnapshot(307)) - e4fa6cd0-dc30-4550-b12f-023a3466045b@group-032DC0AA9B70-StateMachineUpdater: Took a snapshot at index 4
2025-07-19 06:08:35,827 [e4fa6cd0-dc30-4550-b12f-023a3466045b@group-032DC0AA9B70-StateMachineUpdater] INFO  impl.StateMachineUpdater (StateMachineUpdater.java:lambda$new$0(101)) - e4fa6cd0-dc30-4550-b12f-023a3466045b@group-032DC0AA9B70-StateMachineUpdater: snapshotIndex: updateIncreasingly 0 -> 4
2025-07-19 06:08:35,828 [78917b03-a842-488e-9e7c-f00b43f4ecc3-ChunkWriter-1-0] WARN  keyvalue.KeyValueContainer (KeyValueContainer.java:markContainerUnhealthy(397)) - Marked container UNHEALTHY from OPEN: KeyValueContainerData #9 (UNHEALTHY, non-empty, ri=0, origin=[dn_78917b03-a842-488e-9e7c-f00b43f4ecc3, pipeline_d382207d-4198-4d69-b4f6-032dc0aa9b70])
2025-07-19 06:08:35,829 [85aa579c-736c-4de8-9407-4b363243255c-groupManagement] INFO  server.RaftServerConfigKeys (ConfUtils.java:logGet(62)) - raft.server.log.segment.size.max = 67108864 (custom)
2025-07-19 06:08:35,829 [85aa579c-736c-4de8-9407-4b363243255c-groupManagement] INFO  server.RaftServerConfigKeys (ConfUtils.java:logGet(62)) - raft.server.log.appender.buffer.byte-limit = 33554432 (custom)
2025-07-19 06:08:35,830 [85aa579c-736c-4de8-9407-4b363243255c-groupManagement] INFO  util.AwaitToRun (AwaitToRun.java:start(81)) - Thread[#1992,85aa579c-736c-4de8-9407-4b363243255c@group-E1259A76005C-cacheEviction-AwaitToRun,5,main] started
2025-07-19 06:08:35,830 [85aa579c-736c-4de8-9407-4b363243255c-groupManagement] INFO  segmented.SegmentedRaftLogWorker (SegmentedRaftLogWorker.java:<init>(190)) - new 85aa579c-736c-4de8-9407-4b363243255c@group-E1259A76005C-SegmentedRaftLogWorker for RaftStorageImpl:Storage Directory /home/runner/work/ozone/ozone/hadoop-ozone/integration-test/target/test-dir/MiniOzoneClusterImpl-09c4c6e1-5ab0-4195-ac7b-5aec6defaa36/ozone-meta/datanode-10/ratis/1209715d-b878-4f51-a412-e1259a76005c
2025-07-19 06:08:35,830 [85aa579c-736c-4de8-9407-4b363243255c-groupManagement] INFO  server.RaftServerConfigKeys (ConfUtils.java:logGet(62)) - raft.server.log.queue.byte-limit = 4294967296 (custom)
2025-07-19 06:08:35,831 [85aa579c-736c-4de8-9407-4b363243255c-groupManagement] INFO  server.RaftServerConfigKeys (ConfUtils.java:logGet(62)) - raft.server.log.segment.size.max = 67108864 (custom)
2025-07-19 06:08:35,831 [85aa579c-736c-4de8-9407-4b363243255c-groupManagement] INFO  server.RaftServerConfigKeys (ConfUtils.java:logGet(62)) - raft.server.log.preallocated.size = 4194304 (custom)
2025-07-19 06:08:35,830 [78917b03-a842-488e-9e7c-f00b43f4ecc3-ChunkWriter-1-0] WARN  keyvalue.KeyValueHandler (KeyValueHandler.java:updateAndGetContainerChecksum(1451)) - Container data checksum updated from 0 to 1bdd5b56
2025-07-19 06:08:35,831 [85aa579c-736c-4de8-9407-4b363243255c-groupManagement] INFO  server.RaftServerConfigKeys (ConfUtils.java:logGet(62)) - raft.server.log.write.buffer.size = 33554440 (custom)
2025-07-19T06:08:35.831936801Z 78917b03-a842-488e-9e7c-f00b43f4ecc3-ChunkWriter-1-0 ERROR ID=9 | Index=0 | BCSID=2 | State=UNHEALTHY | Volume=/home/runner/work/ozone/ozone/hadoop-ozone/integration-test/target/test-dir/MiniOzoneClusterImpl-09c4c6e1-5ab0-4195-ac7b-5aec6defaa36/ozone-meta/datanode-7/data-0/hdds | DataChecksum=1bdd5b56 | Container has 1 error: WRITE_FAILURE for file /home/runner/work/ozone/ozone/hadoop-ozone/integration-test/target/test-dir/MiniOzoneClusterImpl-09c4c6e1-5ab0-4195-ac7b-5aec6defaa36/ozone-meta/datanode-7/data-0/hdds/09c4c6e1-5ab0-4195-ac7b-5aec6defaa36/current/containerDir0/9 with exception: org.apache.hadoop.hdds.scm.container.common.helpers.StorageContainerException2025-07-19 06:08:35,832 [78917b03-a842-488e-9e7c-f00b43f4ecc3-ChunkWriter-1-0] INFO  impl.HddsDispatcher (HddsDispatcher.java:dispatchRequest(411)) - Marked Container UNHEALTHY, ContainerID: 9
2025-07-19T06:08:35.832547538Z 78917b03-a842-488e-9e7c-f00b43f4ecc3-ChunkWriter-1-0 ERROR user=null | ip=null | op=WRITE_CHUNK {blockData=conID: 9 locID: 115816896921600009 bcsId: 2 replicaIndex: 0, offset=5, size=10, stage=WRITE_DATA} | ret=FAILURE
java.lang.Exception: Chunks directory /home/runner/work/ozone/ozone/hadoop-ozone/integration-test/target/test-dir/MiniOzoneClusterImpl-09c4c6e1-5ab0-4195-ac7b-5aec6defaa36/ozone-meta/datanode-7/data-0/hdds/09c4c6e1-5ab0-4195-ac7b-5aec6defaa36/current/containerDir0/9/chunks does not exist.
	at org.apache.hadoop.ozone.container.common.impl.HddsDispatcher.dispatchRequest(HddsDispatcher.java:439)
	at org.apache.hadoop.ozone.container.common.impl.HddsDispatcher.lambda$dispatch$1(HddsDispatcher.java:190)
	at org.apache.hadoop.hdds.server.OzoneProtocolMessageDispatcher.processRequest(OzoneProtocolMessageDispatcher.java:87)
	at org.apache.hadoop.ozone.container.common.impl.HddsDispatcher.dispatch(HddsDispatcher.java:189)
	at org.apache.hadoop.ozone.container.common.transport.server.ratis.ContainerStateMachine.dispatchCommand(ContainerStateMachine.java:567)
	at org.apache.hadoop.ozone.container.common.transport.server.ratis.ContainerStateMachine.lambda$writeStateMachineData$2(ContainerStateMachine.java:622)
	at java.base/java.util.concurrent.FutureTask.run(FutureTask.java:317)
	at java.base/java.util.concurrent.ThreadPoolExecutor.runWorker(ThreadPoolExecutor.java:1144)
	at java.base/java.util.concurrent.ThreadPoolExecutor$Worker.run(ThreadPoolExecutor.java:642)
	at java.base/java.lang.Thread.run(Thread.java:1583)
2025-07-19 06:08:35,835 [78917b03-a842-488e-9e7c-f00b43f4ecc3-ChunkWriter-1-0] ERROR ratis.ContainerStateMachine (ContainerStateMachine.java:handleCommandResult(662)) - group-032DC0AA9B70: writeChunk writeStateMachineData failed: blockIdcontainerID: 9
localID: 115816896921600009
blockCommitSequenceId: 2
replicaIndex: 0
 logIndex 4 chunkName 115816896921600009_chunk_2 Error message: Chunks directory /home/runner/work/ozone/ozone/hadoop-ozone/integration-test/target/test-dir/MiniOzoneClusterImpl-09c4c6e1-5ab0-4195-ac7b-5aec6defaa36/ozone-meta/datanode-7/data-0/hdds/09c4c6e1-5ab0-4195-ac7b-5aec6defaa36/current/containerDir0/9/chunks does not exist. Container Result: UNABLE_TO_FIND_DATA_DIR
2025-07-19 06:08:35,835 [78917b03-a842-488e-9e7c-f00b43f4ecc3@group-032DC0AA9B70-SegmentedRaftLogWorker] ERROR ratis.ContainerStateMachine (ContainerStateMachine.java:notifyLogFailed(1268)) - group-032DC0AA9B70: (t:1, i:4) cmdType: WriteChunk traceID: "" containerID: 9 datanodeUuid: "e4fa6cd0-dc30-4550-b12f-023a3466045b" pipelineID: "d382207d-4198-4d69-b4f6-032dc0aa9b70" writeChunk { blockID { containerID: 9 localID: 115816896921600009 blockCommitSequenceId: 2 replicaIndex: 0 } chunkData { chunkName: "115816896921600009_chunk_2" offset: 5 len: 10 checksumData { type: CRC32 bytesPerChecksum: 16384 checksums: "\317\357R*" } } } version: 3, container path=/home/runner/work/ozone/ozone/hadoop-ozone/integration-test/target/test-dir/MiniOzoneClusterImpl-09c4c6e1-5ab0-4195-ac7b-5aec6defaa36/ozone-meta/datanode-7/data-0/hdds/09c4c6e1-5ab0-4195-ac7b-5aec6defaa36/current/containerDir0/9
org.apache.hadoop.hdds.scm.container.common.helpers.StorageContainerException: Chunks directory /home/runner/work/ozone/ozone/hadoop-ozone/integration-test/target/test-dir/MiniOzoneClusterImpl-09c4c6e1-5ab0-4195-ac7b-5aec6defaa36/ozone-meta/datanode-7/data-0/hdds/09c4c6e1-5ab0-4195-ac7b-5aec6defaa36/current/containerDir0/9/chunks does not exist.
	at org.apache.hadoop.ozone.container.common.transport.server.ratis.ContainerStateMachine.handleCommandResult(ContainerStateMachine.java:661)
	at org.apache.hadoop.ozone.container.common.transport.server.ratis.ContainerStateMachine.lambda$writeStateMachineData$2(ContainerStateMachine.java:623)
	at java.base/java.util.concurrent.FutureTask.run(FutureTask.java:317)
	at java.base/java.util.concurrent.ThreadPoolExecutor.runWorker(ThreadPoolExecutor.java:1144)
	at java.base/java.util.concurrent.ThreadPoolExecutor$Worker.run(ThreadPoolExecutor.java:642)
	at java.base/java.lang.Thread.run(Thread.java:1583)
2025-07-19 06:08:35,836 [78917b03-a842-488e-9e7c-f00b43f4ecc3@group-032DC0AA9B70-SegmentedRaftLogWorker] WARN  ratis.XceiverServerRatis (XceiverServerRatis.java:triggerPipelineClose(758)) - pipeline Action CLOSE on pipeline Pipeline-d382207d-4198-4d69-b4f6-032dc0aa9b70.Reason : Chunks directory /home/runner/work/ozone/ozone/hadoop-ozone/integration-test/target/test-dir/MiniOzoneClusterImpl-09c4c6e1-5ab0-4195-ac7b-5aec6defaa36/ozone-meta/datanode-7/data-0/hdds/09c4c6e1-5ab0-4195-ac7b-5aec6defaa36/current/containerDir0/9/chunks does not exist.
2025-07-19 06:08:35,836 [78917b03-a842-488e-9e7c-f00b43f4ecc3-server-thread1] WARN  server.GrpcServerProtocolService (LogUtils.java:warn(129)) - 78917b03-a842-488e-9e7c-f00b43f4ecc3: Failed APPEND_ENTRIES request e4fa6cd0-dc30-4550-b12f-023a3466045b->78917b03-a842-488e-9e7c-f00b43f4ecc3#42-t1,previous=(t:1, i:3),leaderCommit=3,initializing? false,entries: size=1, first=(t:1, i:4), STATEMACHINELOGENTRY, WRITE: logData.size=154, stateMachineData.size=10, logEntryProtoSerializedSize=0
java.util.concurrent.CompletionException: org.apache.hadoop.hdds.scm.container.common.helpers.StorageContainerException: Chunks directory /home/runner/work/ozone/ozone/hadoop-ozone/integration-test/target/test-dir/MiniOzoneClusterImpl-09c4c6e1-5ab0-4195-ac7b-5aec6defaa36/ozone-meta/datanode-7/data-0/hdds/09c4c6e1-5ab0-4195-ac7b-5aec6defaa36/current/containerDir0/9/chunks does not exist.
	at java.base/java.util.concurrent.CompletableFuture.encodeThrowable(CompletableFuture.java:332)
	at java.base/java.util.concurrent.CompletableFuture.completeThrowable(CompletableFuture.java:347)
	at java.base/java.util.concurrent.CompletableFuture$BiRelay.tryFire(CompletableFuture.java:1498)
	at java.base/java.util.concurrent.CompletableFuture$CoCompletion.tryFire(CompletableFuture.java:1219)
	at java.base/java.util.concurrent.CompletableFuture.postComplete(CompletableFuture.java:510)
	at java.base/java.util.concurrent.CompletableFuture.completeExceptionally(CompletableFuture.java:2194)
	at org.apache.ratis.server.raftlog.segmented.SegmentedRaftLog$Task.failed(SegmentedRaftLog.java:109)
	at org.apache.ratis.server.raftlog.segmented.SegmentedRaftLogWorker$WriteLog.failed(SegmentedRaftLogWorker.java:530)
	at org.apache.ratis.server.raftlog.segmented.SegmentedRaftLogWorker.run(SegmentedRaftLogWorker.java:326)
	at java.base/java.util.concurrent.Executors$RunnableAdapter.call(Executors.java:572)
	at java.base/java.util.concurrent.FutureTask.run(FutureTask.java:317)
	at java.base/java.util.concurrent.ThreadPoolExecutor.runWorker(ThreadPoolExecutor.java:1144)
	at java.base/java.util.concurrent.ThreadPoolExecutor$Worker.run(ThreadPoolExecutor.java:642)
	at java.base/java.lang.Thread.run(Thread.java:1583)
Caused by: org.apache.hadoop.hdds.scm.container.common.helpers.StorageContainerException: Chunks directory /home/runner/work/ozone/ozone/hadoop-ozone/integration-test/target/test-dir/MiniOzoneClusterImpl-09c4c6e1-5ab0-4195-ac7b-5aec6defaa36/ozone-meta/datanode-7/data-0/hdds/09c4c6e1-5ab0-4195-ac7b-5aec6defaa36/current/containerDir0/9/chunks does not exist.
	at org.apache.hadoop.ozone.container.common.transport.server.ratis.ContainerStateMachine.handleCommandResult(ContainerStateMachine.java:661)
	at org.apache.hadoop.ozone.container.common.transport.server.ratis.ContainerStateMachine.lambda$writeStateMachineData$2(ContainerStateMachine.java:623)
	... 4 more
2025-07-19 06:08:35,837 [78917b03-a842-488e-9e7c-f00b43f4ecc3-server-thread2] WARN  server.GrpcServerProtocolService (LogUtils.java:warn(129)) - 78917b03-a842-488e-9e7c-f00b43f4ecc3: Failed APPEND_ENTRIES request e4fa6cd0-dc30-4550-b12f-023a3466045b->78917b03-a842-488e-9e7c-f00b43f4ecc3#43-t1,previous=(t:1, i:4),leaderCommit=3,initializing? false,entries: size=1, first=(t:1, i:5), STATEMACHINELOGENTRY, WRITE: logData.size=217, stateMachineData.size=0, logEntryProtoSerializedSize=0
java.util.concurrent.CompletionException: org.apache.hadoop.hdds.scm.container.common.helpers.StorageContainerException: Chunks directory /home/runner/work/ozone/ozone/hadoop-ozone/integration-test/target/test-dir/MiniOzoneClusterImpl-09c4c6e1-5ab0-4195-ac7b-5aec6defaa36/ozone-meta/datanode-7/data-0/hdds/09c4c6e1-5ab0-4195-ac7b-5aec6defaa36/current/containerDir0/9/chunks does not exist.
	at java.base/java.util.concurrent.CompletableFuture.encodeThrowable(CompletableFuture.java:332)
	at java.base/java.util.concurrent.CompletableFuture.completeThrowable(CompletableFuture.java:347)
	at java.base/java.util.concurrent.CompletableFuture$BiRelay.tryFire(CompletableFuture.java:1498)
	at java.base/java.util.concurrent.CompletableFuture$CoCompletion.tryFire(CompletableFuture.java:1219)
	at java.base/java.util.concurrent.CompletableFuture.postComplete(CompletableFuture.java:510)
	at java.base/java.util.concurrent.CompletableFuture.completeExceptionally(CompletableFuture.java:2194)
	at org.apache.ratis.server.raftlog.segmented.SegmentedRaftLog$Task.failed(SegmentedRaftLog.java:109)
	at org.apache.ratis.server.raftlog.segmented.SegmentedRaftLogWorker$WriteLog.failed(SegmentedRaftLogWorker.java:530)
	at org.apache.ratis.server.raftlog.segmented.SegmentedRaftLogWorker.run(SegmentedRaftLogWorker.java:326)
	at java.base/java.util.concurrent.Executors$RunnableAdapter.call(Executors.java:572)
	at java.base/java.util.concurrent.FutureTask.run(FutureTask.java:317)
	at java.base/java.util.concurrent.ThreadPoolExecutor.runWorker(ThreadPoolExecutor.java:1144)
	at java.base/java.util.concurrent.ThreadPoolExecutor$Worker.run(ThreadPoolExecutor.java:642)
	at java.base/java.lang.Thread.run(Thread.java:1583)
Caused by: org.apache.hadoop.hdds.scm.container.common.helpers.StorageContainerException: Chunks directory /home/runner/work/ozone/ozone/hadoop-ozone/integration-test/target/test-dir/MiniOzoneClusterImpl-09c4c6e1-5ab0-4195-ac7b-5aec6defaa36/ozone-meta/datanode-7/data-0/hdds/09c4c6e1-5ab0-4195-ac7b-5aec6defaa36/current/containerDir0/9/chunks does not exist.
	at org.apache.hadoop.ozone.container.common.transport.server.ratis.ContainerStateMachine.handleCommandResult(ContainerStateMachine.java:661)
	at org.apache.hadoop.ozone.container.common.transport.server.ratis.ContainerStateMachine.lambda$writeStateMachineData$2(ContainerStateMachine.java:623)
	... 4 more
2025-07-19 06:08:35,837 [EventQueue-CloseContainerForCloseContainerEventHandler] INFO  container.CloseContainerEventHandler (CloseContainerEventHandler.java:onMessage(88)) - Close container Event triggered for container : #9, current state: OPEN
2025-07-19 06:08:35,837 [FixedThreadPoolWithAffinityExecutor-1-0] INFO  container.IncrementalContainerReportHandler (AbstractContainerReportHandler.java:updateContainerState(253)) - FINALIZE (i.e. CLOSING) Container #9 (OPEN, sid=0) r0 (UNHEALTHY, bcsid=2, origin=78917b03-a842-488e-9e7c-f00b43f4ecc3, non-empty) from dn 78917b03-a842-488e-9e7c-f00b43f4ecc3(localhost/127.0.0.1)
2025-07-19 06:08:35,838 [EventQueue-PipelineActionsForPipelineActionHandler] INFO  pipeline.PipelineActionHandler (PipelineActionHandler.java:processPipelineAction(89)) - Received pipeline action CLOSE for Pipeline-d382207d-4198-4d69-b4f6-032dc0aa9b70 from datanode 78917b03-a842-488e-9e7c-f00b43f4ecc3(localhost/127.0.0.1). Reason : Chunks directory /home/runner/work/ozone/ozone/hadoop-ozone/integration-test/target/test-dir/MiniOzoneClusterImpl-09c4c6e1-5ab0-4195-ac7b-5aec6defaa36/ozone-meta/datanode-7/data-0/hdds/09c4c6e1-5ab0-4195-ac7b-5aec6defaa36/current/containerDir0/9/chunks does not exist.
2025-07-19 06:08:35,838 [78917b03-a842-488e-9e7c-f00b43f4ecc3-server-thread3] WARN  server.GrpcServerProtocolService (LogUtils.java:warn(129)) - 78917b03-a842-488e-9e7c-f00b43f4ecc3: Failed APPEND_ENTRIES request e4fa6cd0-dc30-4550-b12f-023a3466045b->78917b03-a842-488e-9e7c-f00b43f4ecc3#44-t1,previous=(t:1, i:5),leaderCommit=4,initializing? false,entries: size=1, first=(t:1, i:6), METADATAENTRY(c:4)
java.util.concurrent.CompletionException: org.apache.hadoop.hdds.scm.container.common.helpers.StorageContainerException: Chunks directory /home/runner/work/ozone/ozone/hadoop-ozone/integration-test/target/test-dir/MiniOzoneClusterImpl-09c4c6e1-5ab0-4195-ac7b-5aec6defaa36/ozone-meta/datanode-7/data-0/hdds/09c4c6e1-5ab0-4195-ac7b-5aec6defaa36/current/containerDir0/9/chunks does not exist.
	at java.base/java.util.concurrent.CompletableFuture.encodeThrowable(CompletableFuture.java:332)
	at java.base/java.util.concurrent.CompletableFuture.completeThrowable(CompletableFuture.java:347)
	at java.base/java.util.concurrent.CompletableFuture$BiRelay.tryFire(CompletableFuture.java:1498)
	at java.base/java.util.concurrent.CompletableFuture$CoCompletion.tryFire(CompletableFuture.java:1219)
	at java.base/java.util.concurrent.CompletableFuture.postComplete(CompletableFuture.java:510)
	at java.base/java.util.concurrent.CompletableFuture.completeExceptionally(CompletableFuture.java:2194)
	at org.apache.ratis.server.raftlog.segmented.SegmentedRaftLog$Task.failed(SegmentedRaftLog.java:109)
	at org.apache.ratis.server.raftlog.segmented.SegmentedRaftLogWorker$WriteLog.failed(SegmentedRaftLogWorker.java:530)
	at org.apache.ratis.server.raftlog.segmented.SegmentedRaftLogWorker.run(SegmentedRaftLogWorker.java:326)
	at java.base/java.util.concurrent.Executors$RunnableAdapter.call(Executors.java:572)
	at java.base/java.util.concurrent.FutureTask.run(FutureTask.java:317)
	at java.base/java.util.concurrent.ThreadPoolExecutor.runWorker(ThreadPoolExecutor.java:1144)
	at java.base/java.util.concurrent.ThreadPoolExecutor$Worker.run(ThreadPoolExecutor.java:642)
	at java.base/java.lang.Thread.run(Thread.java:1583)
Caused by: org.apache.hadoop.hdds.scm.container.common.helpers.StorageContainerException: Chunks directory /home/runner/work/ozone/ozone/hadoop-ozone/integration-test/target/test-dir/MiniOzoneClusterImpl-09c4c6e1-5ab0-4195-ac7b-5aec6defaa36/ozone-meta/datanode-7/data-0/hdds/09c4c6e1-5ab0-4195-ac7b-5aec6defaa36/current/containerDir0/9/chunks does not exist.
	at org.apache.hadoop.ozone.container.common.transport.server.ratis.ContainerStateMachine.handleCommandResult(ContainerStateMachine.java:661)
	at org.apache.hadoop.ozone.container.common.transport.server.ratis.ContainerStateMachine.lambda$writeStateMachineData$2(ContainerStateMachine.java:623)
	... 4 more
2025-07-19 06:08:35,839 [85aa579c-736c-4de8-9407-4b363243255c-groupManagement] INFO  server.RaftServerConfigKeys (ConfUtils.java:logGet(62)) - raft.server.log.appender.buffer.byte-limit = 33554432 (custom)
2025-07-19 06:08:35,839 [85aa579c-736c-4de8-9407-4b363243255c-groupManagement] INFO  segmented.SegmentedRaftLogWorker (SegmentedRaftLogWorker.java:lambda$new$0(141)) - 85aa579c-736c-4de8-9407-4b363243255c@group-E1259A76005C-SegmentedRaftLogWorker: flushIndex: setUnconditionally 0 -> -1
2025-07-19 06:08:35,839 [85aa579c-736c-4de8-9407-4b363243255c-groupManagement] INFO  segmented.SegmentedRaftLogWorker (SegmentedRaftLogWorker.java:lambda$new$0(141)) - 85aa579c-736c-4de8-9407-4b363243255c@group-E1259A76005C-SegmentedRaftLogWorker: safeCacheEvictIndex: setUnconditionally 0 -> -1
2025-07-19 06:08:35,839 [85aa579c-736c-4de8-9407-4b363243255c-groupManagement] INFO  server.RaftServer$Division (RaftServerImpl.java:start(405)) - 85aa579c-736c-4de8-9407-4b363243255c@group-E1259A76005C: start as a follower, conf=conf: {index: -1, cur=peers:[aa0cb613-fc94-4131-90ab-17bcd78458c4|127.0.0.1:15023, 85aa579c-736c-4de8-9407-4b363243255c|127.0.0.1:15087, 86838f6f-3dde-42b5-b01a-58c95bf80430|127.0.0.1:15031]|listeners:[], old=null}
2025-07-19 06:08:35,840 [85aa579c-736c-4de8-9407-4b363243255c-groupManagement] INFO  server.RaftServer$Division (RaftServerImpl.java:setRole(392)) - 85aa579c-736c-4de8-9407-4b363243255c@group-E1259A76005C: changes role from      null to FOLLOWER at term 0 for startAsFollower
2025-07-19 06:08:35,840 [85aa579c-736c-4de8-9407-4b363243255c-groupManagement] INFO  impl.RoleInfo (RoleInfo.java:updateAndGet(148)) - 85aa579c-736c-4de8-9407-4b363243255c: start 85aa579c-736c-4de8-9407-4b363243255c@group-E1259A76005C-FollowerState
2025-07-19 06:08:35,840 [grpc-default-executor-3] WARN  server.GrpcLogAppender (LogUtils.java:warn(129)) - e4fa6cd0-dc30-4550-b12f-023a3466045b@group-032DC0AA9B70->78917b03-a842-488e-9e7c-f00b43f4ecc3-AppendLogResponseHandler: Failed appendEntries
org.apache.hadoop.hdds.scm.container.common.helpers.StorageContainerException: Chunks directory /home/runner/work/ozone/ozone/hadoop-ozone/integration-test/target/test-dir/MiniOzoneClusterImpl-09c4c6e1-5ab0-4195-ac7b-5aec6defaa36/ozone-meta/datanode-7/data-0/hdds/09c4c6e1-5ab0-4195-ac7b-5aec6defaa36/current/containerDir0/9/chunks does not exist.
	at org.apache.hadoop.ozone.container.common.transport.server.ratis.ContainerStateMachine.handleCommandResult(ContainerStateMachine.java:661)
	at org.apache.hadoop.ozone.container.common.transport.server.ratis.ContainerStateMachine.lambda$writeStateMachineData$2(ContainerStateMachine.java:623)
	at java.base/java.util.concurrent.FutureTask.run(FutureTask.java:317)
	at java.base/java.util.concurrent.ThreadPoolExecutor.runWorker(ThreadPoolExecutor.java:1144)
	at java.base/java.util.concurrent.ThreadPoolExecutor$Worker.run(ThreadPoolExecutor.java:642)
	at java.base/java.lang.Thread.run(Thread.java:1583)
2025-07-19 06:08:35,840 [grpc-default-executor-3] INFO  leader.LogAppender (LogAppenderBase.java:lambda$getNextIndexForError$0(215)) - Decrease nextIndex to 4
2025-07-19 06:08:35,840 [grpc-default-executor-3] INFO  leader.LogAppender (LogAppenderBase.java:lambda$getNextIndexForError$0(215)) - Decrease nextIndex to 4
2025-07-19 06:08:35,840 [85aa579c-736c-4de8-9407-4b363243255c-groupManagement] INFO  util.JmxRegister (JmxRegister.java:tryRegister(44)) - Successfully registered JMX Bean with object name Ratis:service=RaftServer,group=group-E1259A76005C,id=85aa579c-736c-4de8-9407-4b363243255c
2025-07-19 06:08:35,840 [85aa579c-736c-4de8-9407-4b363243255c-groupManagement] INFO  util.JmxRegister (JmxRegister.java:register(58)) - register mxBean class org.apache.ratis.server.impl.RaftServerJmxAdapter as Ratis:service=RaftServer,group=group-E1259A76005C,id=85aa579c-736c-4de8-9407-4b363243255c
2025-07-19 06:08:35,841 [78917b03-a842-488e-9e7c-f00b43f4ecc3-server-thread2] WARN  server.GrpcServerProtocolService (LogUtils.java:warn(129)) - 78917b03-a842-488e-9e7c-f00b43f4ecc3: Failed APPEND_ENTRIES request e4fa6cd0-dc30-4550-b12f-023a3466045b->78917b03-a842-488e-9e7c-f00b43f4ecc3#45-t1,previous=(t:1, i:6),leaderCommit=5,initializing? false,entries: size=1, first=(t:1, i:7), METADATAENTRY(c:5)
java.util.concurrent.CompletionException: org.apache.hadoop.hdds.scm.container.common.helpers.StorageContainerException: Chunks directory /home/runner/work/ozone/ozone/hadoop-ozone/integration-test/target/test-dir/MiniOzoneClusterImpl-09c4c6e1-5ab0-4195-ac7b-5aec6defaa36/ozone-meta/datanode-7/data-0/hdds/09c4c6e1-5ab0-4195-ac7b-5aec6defaa36/current/containerDir0/9/chunks does not exist.
	at java.base/java.util.concurrent.CompletableFuture.encodeThrowable(CompletableFuture.java:332)
	at java.base/java.util.concurrent.CompletableFuture.completeThrowable(CompletableFuture.java:347)
	at java.base/java.util.concurrent.CompletableFuture$BiRelay.tryFire(CompletableFuture.java:1498)
	at java.base/java.util.concurrent.CompletableFuture$CoCompletion.tryFire(CompletableFuture.java:1219)
	at java.base/java.util.concurrent.CompletableFuture.postComplete(CompletableFuture.java:510)
	at java.base/java.util.concurrent.CompletableFuture.completeExceptionally(CompletableFuture.java:2194)
	at org.apache.ratis.server.raftlog.segmented.SegmentedRaftLog$Task.failed(SegmentedRaftLog.java:109)
	at org.apache.ratis.server.raftlog.segmented.SegmentedRaftLogWorker$WriteLog.failed(SegmentedRaftLogWorker.java:530)
	at org.apache.ratis.server.raftlog.segmented.SegmentedRaftLogWorker.run(SegmentedRaftLogWorker.java:326)
	at java.base/java.util.concurrent.Executors$RunnableAdapter.call(Executors.java:572)
	at java.base/java.util.concurrent.FutureTask.run(FutureTask.java:317)
	at java.base/java.util.concurrent.ThreadPoolExecutor.runWorker(ThreadPoolExecutor.java:1144)
	at java.base/java.util.concurrent.ThreadPoolExecutor$Worker.run(ThreadPoolExecutor.java:642)
	at java.base/java.lang.Thread.run(Thread.java:1583)
Caused by: org.apache.hadoop.hdds.scm.container.common.helpers.StorageContainerException: Chunks directory /home/runner/work/ozone/ozone/hadoop-ozone/integration-test/target/test-dir/MiniOzoneClusterImpl-09c4c6e1-5ab0-4195-ac7b-5aec6defaa36/ozone-meta/datanode-7/data-0/hdds/09c4c6e1-5ab0-4195-ac7b-5aec6defaa36/current/containerDir0/9/chunks does not exist.
	at org.apache.hadoop.ozone.container.common.transport.server.ratis.ContainerStateMachine.handleCommandResult(ContainerStateMachine.java:661)
	at org.apache.hadoop.ozone.container.common.transport.server.ratis.ContainerStateMachine.lambda$writeStateMachineData$2(ContainerStateMachine.java:623)
	... 4 more
2025-07-19 06:08:35,840 [grpc-default-executor-3] INFO  leader.FollowerInfo (FollowerInfoImpl.java:info(70)) - e4fa6cd0-dc30-4550-b12f-023a3466045b@group-032DC0AA9B70->78917b03-a842-488e-9e7c-f00b43f4ecc3: computeNextIndex nextIndex: updateUnconditionally 8 -> 4
2025-07-19 06:08:35,841 [85aa579c-736c-4de8-9407-4b363243255c-groupManagement] INFO  server.RaftServer$Division (RaftServerImpl.java:start(419)) - 85aa579c-736c-4de8-9407-4b363243255c@group-E1259A76005C: Successfully started.
2025-07-19 06:08:35,841 [pool-363-thread-1] WARN  keyvalue.KeyValueHandler (KeyValueHandler.java:updateAndGetContainerChecksum(1451)) - Container data checksum updated from 1bdd5b56 to 0
2025-07-19 06:08:35,841 [pool-363-thread-1] ERROR ozoneimpl.OnDemandContainerScanner (ContainerScanHelper.java:handleUnhealthyScanResult(119)) - Corruption detected in container [9]. Marking it UNHEALTHY. Container has 1 error: MISSING_CHUNKS_DIR for file /home/runner/work/ozone/ozone/hadoop-ozone/integration-test/target/test-dir/MiniOzoneClusterImpl-09c4c6e1-5ab0-4195-ac7b-5aec6defaa36/ozone-meta/datanode-7/data-0/hdds/09c4c6e1-5ab0-4195-ac7b-5aec6defaa36/current/containerDir0/9/chunks with exception: java.io.FileNotFoundException: Chunks directory /home/runner/work/ozone/ozone/hadoop-ozone/integration-test/target/test-dir/MiniOzoneClusterImpl-09c4c6e1-5ab0-4195-ac7b-5aec6defaa36/ozone-meta/datanode-7/data-0/hdds/09c4c6e1-5ab0-4195-ac7b-5aec6defaa36/current/containerDir0/9/chunks not found.
2025-07-19 06:08:35,842 [85aa579c-736c-4de8-9407-4b363243255c-PipelineCommandHandlerThread-0] INFO  ratis.XceiverServerRatis (XceiverServerRatis.java:addGroup(843)) - Created group Pipeline-1209715d-b878-4f51-a412-e1259a76005c
2025-07-19 06:08:35,847 [EventQueue-PipelineActionsForPipelineActionHandler] INFO  pipeline.PipelineManagerImpl (PipelineManagerImpl.java:closeContainersForPipeline(489)) - Container #9 closed for pipeline=Pipeline-d382207d-4198-4d69-b4f6-032dc0aa9b70
2025-07-19 06:08:35,847 [EventQueue-CloseContainerForCloseContainerEventHandler] INFO  container.CloseContainerEventHandler (CloseContainerEventHandler.java:onMessage(88)) - Close container Event triggered for container : #9, current state: CLOSING
2025-07-19 06:08:35,849 [EventQueue-PipelineActionsForPipelineActionHandler] INFO  pipeline.PipelineManagerImpl (PipelineManagerImpl.java:closePipeline(511)) - Pipeline Pipeline-d382207d-4198-4d69-b4f6-032dc0aa9b70 moved to CLOSED state
2025-07-19 06:08:35,851 [grpc-default-executor-3] INFO  server.RaftServer (RaftServerProxy.java:addNew(105)) - aa0cb613-fc94-4131-90ab-17bcd78458c4: addNew group-E1259A76005C:[aa0cb613-fc94-4131-90ab-17bcd78458c4|127.0.0.1:15023, 85aa579c-736c-4de8-9407-4b363243255c|127.0.0.1:15087, 86838f6f-3dde-42b5-b01a-58c95bf80430|127.0.0.1:15031] returns group-E1259A76005C:java.util.concurrent.CompletableFuture@7bf5f37e[Not completed]
2025-07-19 06:08:35,852 [aa0cb613-fc94-4131-90ab-17bcd78458c4-groupManagement] INFO  server.RaftServer$Division (RaftServerImpl.java:<init>(268)) - aa0cb613-fc94-4131-90ab-17bcd78458c4: new RaftServerImpl for group-E1259A76005C:[aa0cb613-fc94-4131-90ab-17bcd78458c4|127.0.0.1:15023, 85aa579c-736c-4de8-9407-4b363243255c|127.0.0.1:15087, 86838f6f-3dde-42b5-b01a-58c95bf80430|127.0.0.1:15031] with ContainerStateMachine:uninitialized
2025-07-19 06:08:35,852 [aa0cb613-fc94-4131-90ab-17bcd78458c4-groupManagement] INFO  server.RaftServer$Division (ServerState.java:<init>(114)) - aa0cb613-fc94-4131-90ab-17bcd78458c4@group-E1259A76005C: ConfigurationManager, init=conf: {index: -1, cur=peers:[aa0cb613-fc94-4131-90ab-17bcd78458c4|127.0.0.1:15023, 85aa579c-736c-4de8-9407-4b363243255c|127.0.0.1:15087, 86838f6f-3dde-42b5-b01a-58c95bf80430|127.0.0.1:15031]|listeners:[], old=null}, confs=<EMPTY_MAP>
2025-07-19 06:08:35,868 [aa0cb613-fc94-4131-90ab-17bcd78458c4-groupManagement] INFO  server.RaftServerConfigKeys (ConfUtils.java:logGet(62)) - raft.server.storage.dir = [/home/runner/work/ozone/ozone/hadoop-ozone/integration-test/target/test-dir/MiniOzoneClusterImpl-09c4c6e1-5ab0-4195-ac7b-5aec6defaa36/ozone-meta/datanode-2/ratisfaf4a47e-8f61-4394-9b41-11542f27a621] (custom)
2025-07-19 06:08:35,869 [aa0cb613-fc94-4131-90ab-17bcd78458c4-groupManagement] INFO  storage.RaftStorageDirectory (RaftStorageDirectoryImpl.java:analyzeStorage(138)) - The storage directory /home/runner/work/ozone/ozone/hadoop-ozone/integration-test/target/test-dir/MiniOzoneClusterImpl-09c4c6e1-5ab0-4195-ac7b-5aec6defaa36/ozone-meta/datanode-2/ratisfaf4a47e-8f61-4394-9b41-11542f27a621/1209715d-b878-4f51-a412-e1259a76005c does not exist. Creating ...
2025-07-19 06:08:35,870 [aa0cb613-fc94-4131-90ab-17bcd78458c4-groupManagement] INFO  storage.RaftStorageDirectory (RaftStorageDirectoryImpl.java:tryLock(229)) - Lock on /home/runner/work/ozone/ozone/hadoop-ozone/integration-test/target/test-dir/MiniOzoneClusterImpl-09c4c6e1-5ab0-4195-ac7b-5aec6defaa36/ozone-meta/datanode-2/ratisfaf4a47e-8f61-4394-9b41-11542f27a621/1209715d-b878-4f51-a412-e1259a76005c/in_use.lock acquired by nodename 18124@localhost
2025-07-19 06:08:35,871 [aa0cb613-fc94-4131-90ab-17bcd78458c4-groupManagement] INFO  storage.RaftStorage (RaftStorageImpl.java:format(98)) - Storage directory /home/runner/work/ozone/ozone/hadoop-ozone/integration-test/target/test-dir/MiniOzoneClusterImpl-09c4c6e1-5ab0-4195-ac7b-5aec6defaa36/ozone-meta/datanode-2/ratisfaf4a47e-8f61-4394-9b41-11542f27a621/1209715d-b878-4f51-a412-e1259a76005c has been successfully formatted.
2025-07-19 06:08:35,871 [aa0cb613-fc94-4131-90ab-17bcd78458c4-groupManagement] INFO  ratis.ContainerStateMachine (ContainerStateMachine.java:initialize(339)) - aa0cb613-fc94-4131-90ab-17bcd78458c4: initialize group-E1259A76005C
2025-07-19 06:08:35,871 [aa0cb613-fc94-4131-90ab-17bcd78458c4-groupManagement] INFO  ratis.ContainerStateMachine (ContainerStateMachine.java:loadSnapshot(347)) - group-E1259A76005C: The snapshot info is null. Setting the last applied index to:<INITIAL_VALUE>
2025-07-19 06:08:35,871 [aa0cb613-fc94-4131-90ab-17bcd78458c4-groupManagement] INFO  server.RaftServerConfigKeys (ConfUtils.java:logGet(62)) - raft.server.log.appender.buffer.byte-limit = 33554432 (custom)
2025-07-19 06:08:35,873 [aa0cb613-fc94-4131-90ab-17bcd78458c4-groupManagement] INFO  server.RaftServerConfigKeys (ConfUtils.java:logGet(62)) - raft.server.log.segment.size.max = 67108864 (custom)
2025-07-19 06:08:35,874 [aa0cb613-fc94-4131-90ab-17bcd78458c4-groupManagement] INFO  server.RaftServerConfigKeys (ConfUtils.java:logGet(62)) - raft.server.log.appender.buffer.byte-limit = 33554432 (custom)
2025-07-19 06:08:35,874 [aa0cb613-fc94-4131-90ab-17bcd78458c4-groupManagement] INFO  util.AwaitToRun (AwaitToRun.java:start(81)) - Thread[#1999,aa0cb613-fc94-4131-90ab-17bcd78458c4@group-E1259A76005C-cacheEviction-AwaitToRun,5,main] started
2025-07-19 06:08:35,874 [aa0cb613-fc94-4131-90ab-17bcd78458c4-groupManagement] INFO  segmented.SegmentedRaftLogWorker (SegmentedRaftLogWorker.java:<init>(190)) - new aa0cb613-fc94-4131-90ab-17bcd78458c4@group-E1259A76005C-SegmentedRaftLogWorker for RaftStorageImpl:Storage Directory /home/runner/work/ozone/ozone/hadoop-ozone/integration-test/target/test-dir/MiniOzoneClusterImpl-09c4c6e1-5ab0-4195-ac7b-5aec6defaa36/ozone-meta/datanode-2/ratisfaf4a47e-8f61-4394-9b41-11542f27a621/1209715d-b878-4f51-a412-e1259a76005c
2025-07-19 06:08:35,874 [aa0cb613-fc94-4131-90ab-17bcd78458c4-groupManagement] INFO  server.RaftServerConfigKeys (ConfUtils.java:logGet(62)) - raft.server.log.queue.byte-limit = 4294967296 (custom)
2025-07-19 06:08:35,874 [aa0cb613-fc94-4131-90ab-17bcd78458c4-groupManagement] INFO  server.RaftServerConfigKeys (ConfUtils.java:logGet(62)) - raft.server.log.segment.size.max = 67108864 (custom)
2025-07-19 06:08:35,874 [aa0cb613-fc94-4131-90ab-17bcd78458c4-groupManagement] INFO  server.RaftServerConfigKeys (ConfUtils.java:logGet(62)) - raft.server.log.preallocated.size = 4194304 (custom)
2025-07-19 06:08:35,875 [aa0cb613-fc94-4131-90ab-17bcd78458c4-groupManagement] INFO  server.RaftServerConfigKeys (ConfUtils.java:logGet(62)) - raft.server.log.write.buffer.size = 33554440 (custom)
2025-07-19 06:08:35,880 [aa0cb613-fc94-4131-90ab-17bcd78458c4-groupManagement] INFO  server.RaftServerConfigKeys (ConfUtils.java:logGet(62)) - raft.server.log.appender.buffer.byte-limit = 33554432 (custom)
2025-07-19 06:08:35,880 [aa0cb613-fc94-4131-90ab-17bcd78458c4-groupManagement] INFO  segmented.SegmentedRaftLogWorker (SegmentedRaftLogWorker.java:lambda$new$0(141)) - aa0cb613-fc94-4131-90ab-17bcd78458c4@group-E1259A76005C-SegmentedRaftLogWorker: flushIndex: setUnconditionally 0 -> -1
2025-07-19 06:08:35,881 [aa0cb613-fc94-4131-90ab-17bcd78458c4-groupManagement] INFO  segmented.SegmentedRaftLogWorker (SegmentedRaftLogWorker.java:lambda$new$0(141)) - aa0cb613-fc94-4131-90ab-17bcd78458c4@group-E1259A76005C-SegmentedRaftLogWorker: safeCacheEvictIndex: setUnconditionally 0 -> -1
2025-07-19 06:08:35,881 [aa0cb613-fc94-4131-90ab-17bcd78458c4-groupManagement] INFO  server.RaftServer$Division (RaftServerImpl.java:start(405)) - aa0cb613-fc94-4131-90ab-17bcd78458c4@group-E1259A76005C: start as a follower, conf=conf: {index: -1, cur=peers:[aa0cb613-fc94-4131-90ab-17bcd78458c4|127.0.0.1:15023, 85aa579c-736c-4de8-9407-4b363243255c|127.0.0.1:15087, 86838f6f-3dde-42b5-b01a-58c95bf80430|127.0.0.1:15031]|listeners:[], old=null}
2025-07-19 06:08:35,881 [aa0cb613-fc94-4131-90ab-17bcd78458c4-groupManagement] INFO  server.RaftServer$Division (RaftServerImpl.java:setRole(392)) - aa0cb613-fc94-4131-90ab-17bcd78458c4@group-E1259A76005C: changes role from      null to FOLLOWER at term 0 for startAsFollower
2025-07-19 06:08:35,881 [aa0cb613-fc94-4131-90ab-17bcd78458c4-groupManagement] INFO  impl.RoleInfo (RoleInfo.java:updateAndGet(148)) - aa0cb613-fc94-4131-90ab-17bcd78458c4: start aa0cb613-fc94-4131-90ab-17bcd78458c4@group-E1259A76005C-FollowerState
2025-07-19 06:08:35,882 [aa0cb613-fc94-4131-90ab-17bcd78458c4-groupManagement] INFO  util.JmxRegister (JmxRegister.java:tryRegister(44)) - Successfully registered JMX Bean with object name Ratis:service=RaftServer,group=group-E1259A76005C,id=aa0cb613-fc94-4131-90ab-17bcd78458c4
2025-07-19 06:08:35,882 [aa0cb613-fc94-4131-90ab-17bcd78458c4-groupManagement] INFO  util.JmxRegister (JmxRegister.java:register(58)) - register mxBean class org.apache.ratis.server.impl.RaftServerJmxAdapter as Ratis:service=RaftServer,group=group-E1259A76005C,id=aa0cb613-fc94-4131-90ab-17bcd78458c4
2025-07-19 06:08:35,882 [aa0cb613-fc94-4131-90ab-17bcd78458c4-groupManagement] INFO  server.RaftServer$Division (RaftServerImpl.java:start(419)) - aa0cb613-fc94-4131-90ab-17bcd78458c4@group-E1259A76005C: Successfully started.
2025-07-19 06:08:35,890 [grpc-default-executor-3] INFO  server.RaftServer (RaftServerProxy.java:addNew(105)) - 86838f6f-3dde-42b5-b01a-58c95bf80430: addNew group-E1259A76005C:[aa0cb613-fc94-4131-90ab-17bcd78458c4|127.0.0.1:15023, 85aa579c-736c-4de8-9407-4b363243255c|127.0.0.1:15087, 86838f6f-3dde-42b5-b01a-58c95bf80430|127.0.0.1:15031] returns group-E1259A76005C:java.util.concurrent.CompletableFuture@6b53790a[Not completed]
2025-07-19 06:08:35,892 [86838f6f-3dde-42b5-b01a-58c95bf80430-groupManagement] INFO  server.RaftServer$Division (RaftServerImpl.java:<init>(268)) - 86838f6f-3dde-42b5-b01a-58c95bf80430: new RaftServerImpl for group-E1259A76005C:[aa0cb613-fc94-4131-90ab-17bcd78458c4|127.0.0.1:15023, 85aa579c-736c-4de8-9407-4b363243255c|127.0.0.1:15087, 86838f6f-3dde-42b5-b01a-58c95bf80430|127.0.0.1:15031] with ContainerStateMachine:uninitialized
2025-07-19 06:08:35,892 [86838f6f-3dde-42b5-b01a-58c95bf80430-groupManagement] INFO  server.RaftServer$Division (ServerState.java:<init>(114)) - 86838f6f-3dde-42b5-b01a-58c95bf80430@group-E1259A76005C: ConfigurationManager, init=conf: {index: -1, cur=peers:[aa0cb613-fc94-4131-90ab-17bcd78458c4|127.0.0.1:15023, 85aa579c-736c-4de8-9407-4b363243255c|127.0.0.1:15087, 86838f6f-3dde-42b5-b01a-58c95bf80430|127.0.0.1:15031]|listeners:[], old=null}, confs=<EMPTY_MAP>
2025-07-19 06:08:35,895 [86838f6f-3dde-42b5-b01a-58c95bf80430-groupManagement] INFO  server.RaftServerConfigKeys (ConfUtils.java:logGet(62)) - raft.server.storage.dir = [/home/runner/work/ozone/ozone/hadoop-ozone/integration-test/target/test-dir/MiniOzoneClusterImpl-09c4c6e1-5ab0-4195-ac7b-5aec6defaa36/ozone-meta/datanode-3/ratis] (custom)
2025-07-19 06:08:35,895 [86838f6f-3dde-42b5-b01a-58c95bf80430-groupManagement] INFO  storage.RaftStorageDirectory (RaftStorageDirectoryImpl.java:analyzeStorage(138)) - The storage directory /home/runner/work/ozone/ozone/hadoop-ozone/integration-test/target/test-dir/MiniOzoneClusterImpl-09c4c6e1-5ab0-4195-ac7b-5aec6defaa36/ozone-meta/datanode-3/ratis/1209715d-b878-4f51-a412-e1259a76005c does not exist. Creating ...
2025-07-19 06:08:35,896 [86838f6f-3dde-42b5-b01a-58c95bf80430-groupManagement] INFO  storage.RaftStorageDirectory (RaftStorageDirectoryImpl.java:tryLock(229)) - Lock on /home/runner/work/ozone/ozone/hadoop-ozone/integration-test/target/test-dir/MiniOzoneClusterImpl-09c4c6e1-5ab0-4195-ac7b-5aec6defaa36/ozone-meta/datanode-3/ratis/1209715d-b878-4f51-a412-e1259a76005c/in_use.lock acquired by nodename 18124@localhost
2025-07-19 06:08:35,898 [86838f6f-3dde-42b5-b01a-58c95bf80430-groupManagement] INFO  storage.RaftStorage (RaftStorageImpl.java:format(98)) - Storage directory /home/runner/work/ozone/ozone/hadoop-ozone/integration-test/target/test-dir/MiniOzoneClusterImpl-09c4c6e1-5ab0-4195-ac7b-5aec6defaa36/ozone-meta/datanode-3/ratis/1209715d-b878-4f51-a412-e1259a76005c has been successfully formatted.
2025-07-19 06:08:35,898 [86838f6f-3dde-42b5-b01a-58c95bf80430-groupManagement] INFO  ratis.ContainerStateMachine (ContainerStateMachine.java:initialize(339)) - 86838f6f-3dde-42b5-b01a-58c95bf80430: initialize group-E1259A76005C
2025-07-19 06:08:35,898 [86838f6f-3dde-42b5-b01a-58c95bf80430-groupManagement] INFO  ratis.ContainerStateMachine (ContainerStateMachine.java:loadSnapshot(347)) - group-E1259A76005C: The snapshot info is null. Setting the last applied index to:<INITIAL_VALUE>
2025-07-19 06:08:35,898 [86838f6f-3dde-42b5-b01a-58c95bf80430-groupManagement] INFO  server.RaftServerConfigKeys (ConfUtils.java:logGet(62)) - raft.server.log.appender.buffer.byte-limit = 33554432 (custom)
2025-07-19 06:08:35,900 [86838f6f-3dde-42b5-b01a-58c95bf80430-groupManagement] INFO  server.RaftServerConfigKeys (ConfUtils.java:logGet(62)) - raft.server.log.segment.size.max = 67108864 (custom)
2025-07-19 06:08:35,900 [86838f6f-3dde-42b5-b01a-58c95bf80430-groupManagement] INFO  server.RaftServerConfigKeys (ConfUtils.java:logGet(62)) - raft.server.log.appender.buffer.byte-limit = 33554432 (custom)
2025-07-19 06:08:35,901 [86838f6f-3dde-42b5-b01a-58c95bf80430-groupManagement] INFO  util.AwaitToRun (AwaitToRun.java:start(81)) - Thread[#2006,86838f6f-3dde-42b5-b01a-58c95bf80430@group-E1259A76005C-cacheEviction-AwaitToRun,5,main] started
2025-07-19 06:08:35,901 [86838f6f-3dde-42b5-b01a-58c95bf80430-groupManagement] INFO  segmented.SegmentedRaftLogWorker (SegmentedRaftLogWorker.java:<init>(190)) - new 86838f6f-3dde-42b5-b01a-58c95bf80430@group-E1259A76005C-SegmentedRaftLogWorker for RaftStorageImpl:Storage Directory /home/runner/work/ozone/ozone/hadoop-ozone/integration-test/target/test-dir/MiniOzoneClusterImpl-09c4c6e1-5ab0-4195-ac7b-5aec6defaa36/ozone-meta/datanode-3/ratis/1209715d-b878-4f51-a412-e1259a76005c
2025-07-19 06:08:35,901 [86838f6f-3dde-42b5-b01a-58c95bf80430-groupManagement] INFO  server.RaftServerConfigKeys (ConfUtils.java:logGet(62)) - raft.server.log.queue.byte-limit = 4294967296 (custom)
2025-07-19 06:08:35,901 [86838f6f-3dde-42b5-b01a-58c95bf80430-groupManagement] INFO  server.RaftServerConfigKeys (ConfUtils.java:logGet(62)) - raft.server.log.segment.size.max = 67108864 (custom)
2025-07-19 06:08:35,901 [86838f6f-3dde-42b5-b01a-58c95bf80430-groupManagement] INFO  server.RaftServerConfigKeys (ConfUtils.java:logGet(62)) - raft.server.log.preallocated.size = 4194304 (custom)
2025-07-19 06:08:35,901 [86838f6f-3dde-42b5-b01a-58c95bf80430-groupManagement] INFO  server.RaftServerConfigKeys (ConfUtils.java:logGet(62)) - raft.server.log.write.buffer.size = 33554440 (custom)
2025-07-19 06:08:35,906 [86838f6f-3dde-42b5-b01a-58c95bf80430-groupManagement] INFO  server.RaftServerConfigKeys (ConfUtils.java:logGet(62)) - raft.server.log.appender.buffer.byte-limit = 33554432 (custom)
2025-07-19 06:08:35,907 [86838f6f-3dde-42b5-b01a-58c95bf80430-groupManagement] INFO  segmented.SegmentedRaftLogWorker (SegmentedRaftLogWorker.java:lambda$new$0(141)) - 86838f6f-3dde-42b5-b01a-58c95bf80430@group-E1259A76005C-SegmentedRaftLogWorker: flushIndex: setUnconditionally 0 -> -1
2025-07-19 06:08:35,907 [86838f6f-3dde-42b5-b01a-58c95bf80430-groupManagement] INFO  segmented.SegmentedRaftLogWorker (SegmentedRaftLogWorker.java:lambda$new$0(141)) - 86838f6f-3dde-42b5-b01a-58c95bf80430@group-E1259A76005C-SegmentedRaftLogWorker: safeCacheEvictIndex: setUnconditionally 0 -> -1
2025-07-19 06:08:35,907 [86838f6f-3dde-42b5-b01a-58c95bf80430-groupManagement] INFO  server.RaftServer$Division (RaftServerImpl.java:start(405)) - 86838f6f-3dde-42b5-b01a-58c95bf80430@group-E1259A76005C: start as a follower, conf=conf: {index: -1, cur=peers:[aa0cb613-fc94-4131-90ab-17bcd78458c4|127.0.0.1:15023, 85aa579c-736c-4de8-9407-4b363243255c|127.0.0.1:15087, 86838f6f-3dde-42b5-b01a-58c95bf80430|127.0.0.1:15031]|listeners:[], old=null}
2025-07-19 06:08:35,907 [86838f6f-3dde-42b5-b01a-58c95bf80430-groupManagement] INFO  server.RaftServer$Division (RaftServerImpl.java:setRole(392)) - 86838f6f-3dde-42b5-b01a-58c95bf80430@group-E1259A76005C: changes role from      null to FOLLOWER at term 0 for startAsFollower
2025-07-19 06:08:35,907 [86838f6f-3dde-42b5-b01a-58c95bf80430-groupManagement] INFO  impl.RoleInfo (RoleInfo.java:updateAndGet(148)) - 86838f6f-3dde-42b5-b01a-58c95bf80430: start 86838f6f-3dde-42b5-b01a-58c95bf80430@group-E1259A76005C-FollowerState
2025-07-19 06:08:35,907 [86838f6f-3dde-42b5-b01a-58c95bf80430-groupManagement] INFO  util.JmxRegister (JmxRegister.java:tryRegister(44)) - Successfully registered JMX Bean with object name Ratis:service=RaftServer,group=group-E1259A76005C,id=86838f6f-3dde-42b5-b01a-58c95bf80430
2025-07-19 06:08:35,907 [86838f6f-3dde-42b5-b01a-58c95bf80430-groupManagement] INFO  util.JmxRegister (JmxRegister.java:register(58)) - register mxBean class org.apache.ratis.server.impl.RaftServerJmxAdapter as Ratis:service=RaftServer,group=group-E1259A76005C,id=86838f6f-3dde-42b5-b01a-58c95bf80430
2025-07-19 06:08:35,908 [86838f6f-3dde-42b5-b01a-58c95bf80430-groupManagement] INFO  server.RaftServer$Division (RaftServerImpl.java:start(419)) - 86838f6f-3dde-42b5-b01a-58c95bf80430@group-E1259A76005C: Successfully started.
2025-07-19 06:08:35,912 [85aa579c-736c-4de8-9407-4b363243255c-PipelineCommandHandlerThread-0] INFO  commandhandler.CreatePipelineCommandHandler (CreatePipelineCommandHandler.java:lambda$handle$2(127)) - Created Pipeline RATIS THREE Pipeline-1209715d-b878-4f51-a412-e1259a76005c.
2025-07-19 06:08:36,039 [EventQueue-PipelineActionsForPipelineActionHandler] INFO  pipeline.PipelineActionHandler (PipelineActionHandler.java:processPipelineAction(89)) - Received pipeline action CLOSE for Pipeline-d382207d-4198-4d69-b4f6-032dc0aa9b70 from datanode 78917b03-a842-488e-9e7c-f00b43f4ecc3(localhost/127.0.0.1). Reason : Chunks directory /home/runner/work/ozone/ozone/hadoop-ozone/integration-test/target/test-dir/MiniOzoneClusterImpl-09c4c6e1-5ab0-4195-ac7b-5aec6defaa36/ozone-meta/datanode-7/data-0/hdds/09c4c6e1-5ab0-4195-ac7b-5aec6defaa36/current/containerDir0/9/chunks does not exist.
2025-07-19 06:08:36,207 [grpc-default-executor-3] WARN  server.GrpcServerProtocolService (LogUtils.java:warn(129)) - cfedd3f1-5d02-4847-a363-6f2972b00a97: Failed APPEND_ENTRIES request d1f2401f-ce3c-4cd7-b613-e85afa8c39c7->cfedd3f1-5d02-4847-a363-6f2972b00a97#54-t2,previous=(t:1, i:0),leaderCommit=2,initializing? false,entries: size=2, first=(t:2, i:1), CONFIGURATIONENTRY(current:id:"cfedd3f1-5d02-4847-a363-6f2972b00a97"address:"127.0.0.1:15039"priority:1dataStreamAddress:"127.0.0.1:15040"clientAddress:"127.0.0.1:15037"adminAddress:"127.0.0.1:15038"startupRole:FOLLOWER, id:"e80b39d0-2325-4ff7-b450-1b10ae88e746"address:"127.0.0.1:15055"dataStreamAddress:"127.0.0.1:15056"clientAddress:"127.0.0.1:15053"adminAddress:"127.0.0.1:15054"startupRole:FOLLOWER, id:"d1f2401f-ce3c-4cd7-b613-e85afa8c39c7"address:"127.0.0.1:15047"dataStreamAddress:"127.0.0.1:15048"clientAddress:"127.0.0.1:15045"adminAddress:"127.0.0.1:15046"startupRole:FOLLOWER, old:)
java.util.concurrent.CompletionException: org.apache.ratis.protocol.exceptions.GroupMismatchException: cfedd3f1-5d02-4847-a363-6f2972b00a97: group-4D5619C3D8B6 not found.
	at java.base/java.util.concurrent.CompletableFuture.encodeThrowable(CompletableFuture.java:332)
	at java.base/java.util.concurrent.CompletableFuture.uniComposeStage(CompletableFuture.java:1177)
	at java.base/java.util.concurrent.CompletableFuture.thenCompose(CompletableFuture.java:2341)
	at org.apache.ratis.server.impl.RaftServerProxy.appendEntriesAsync(RaftServerProxy.java:651)
	at org.apache.ratis.grpc.server.GrpcServerProtocolService$1.process(GrpcServerProtocolService.java:245)
	at org.apache.ratis.grpc.server.GrpcServerProtocolService$1.process(GrpcServerProtocolService.java:242)
	at org.apache.ratis.grpc.server.GrpcServerProtocolService$ServerRequestStreamObserver.onNext(GrpcServerProtocolService.java:150)
	at org.apache.ratis.thirdparty.io.grpc.stub.ServerCalls$StreamingServerCallHandler$StreamingServerCallListener.onMessage(ServerCalls.java:262)
	at org.apache.ratis.thirdparty.io.grpc.internal.ServerCallImpl$ServerStreamListenerImpl.messagesAvailableInternal(ServerCallImpl.java:334)
	at org.apache.ratis.thirdparty.io.grpc.internal.ServerCallImpl$ServerStreamListenerImpl.messagesAvailable(ServerCallImpl.java:319)
	at org.apache.ratis.thirdparty.io.grpc.internal.ServerImpl$JumpToApplicationThreadServerStreamListener$1MessagesAvailable.runInContext(ServerImpl.java:834)
	at org.apache.ratis.thirdparty.io.grpc.internal.ContextRunnable.run(ContextRunnable.java:37)
	at org.apache.ratis.thirdparty.io.grpc.internal.SerializingExecutor.run(SerializingExecutor.java:133)
	at java.base/java.util.concurrent.ThreadPoolExecutor.runWorker(ThreadPoolExecutor.java:1144)
	at java.base/java.util.concurrent.ThreadPoolExecutor$Worker.run(ThreadPoolExecutor.java:642)
	at java.base/java.lang.Thread.run(Thread.java:1583)
Caused by: org.apache.ratis.protocol.exceptions.GroupMismatchException: cfedd3f1-5d02-4847-a363-6f2972b00a97: group-4D5619C3D8B6 not found.
	at org.apache.ratis.server.impl.RaftServerProxy$ImplMap.get(RaftServerProxy.java:160)
	at org.apache.ratis.server.impl.RaftServerProxy.getImplFuture(RaftServerProxy.java:370)
	at org.apache.ratis.server.impl.RaftServerProxy.appendEntriesAsync(RaftServerProxy.java:650)
	... 12 more
2025-07-19 06:08:36,209 [grpc-default-executor-3] INFO  leader.LogAppender (LogAppenderBase.java:lambda$getNextIndexForError$0(215)) - Decrease nextIndex to 1
2025-07-19 06:08:36,209 [grpc-default-executor-3] INFO  leader.LogAppender (LogAppenderBase.java:lambda$getNextIndexForError$0(215)) - Decrease nextIndex to 1
2025-07-19 06:08:36,209 [grpc-default-executor-3] INFO  leader.FollowerInfo (FollowerInfoImpl.java:info(70)) - d1f2401f-ce3c-4cd7-b613-e85afa8c39c7@group-4D5619C3D8B6->cfedd3f1-5d02-4847-a363-6f2972b00a97: computeNextIndex nextIndex: updateUnconditionally 3 -> 1
2025-07-19 06:08:36,237 [EventQueue-PipelineActionsForPipelineActionHandler] INFO  pipeline.PipelineActionHandler (PipelineActionHandler.java:processPipelineAction(89)) - Received pipeline action CLOSE for Pipeline-d382207d-4198-4d69-b4f6-032dc0aa9b70 from datanode 78917b03-a842-488e-9e7c-f00b43f4ecc3(localhost/127.0.0.1). Reason : Chunks directory /home/runner/work/ozone/ozone/hadoop-ozone/integration-test/target/test-dir/MiniOzoneClusterImpl-09c4c6e1-5ab0-4195-ac7b-5aec6defaa36/ozone-meta/datanode-7/data-0/hdds/09c4c6e1-5ab0-4195-ac7b-5aec6defaa36/current/containerDir0/9/chunks does not exist.
2025-07-19 06:08:36,253 [e4fa6cd0-dc30-4550-b12f-023a3466045b-PipelineCommandHandlerThread-0] INFO  server.RaftServer (RaftServerProxy.java:addNew(105)) - e4fa6cd0-dc30-4550-b12f-023a3466045b: addNew group-489BC4498C45:[e4fa6cd0-dc30-4550-b12f-023a3466045b|127.0.0.1:15079] returns group-489BC4498C45:java.util.concurrent.CompletableFuture@1bb94e7a[Not completed]
2025-07-19 06:08:36,254 [e4fa6cd0-dc30-4550-b12f-023a3466045b-groupManagement] INFO  server.RaftServer$Division (RaftServerImpl.java:<init>(268)) - e4fa6cd0-dc30-4550-b12f-023a3466045b: new RaftServerImpl for group-489BC4498C45:[e4fa6cd0-dc30-4550-b12f-023a3466045b|127.0.0.1:15079] with ContainerStateMachine:uninitialized
2025-07-19 06:08:36,254 [e4fa6cd0-dc30-4550-b12f-023a3466045b-groupManagement] INFO  server.RaftServer$Division (ServerState.java:<init>(114)) - e4fa6cd0-dc30-4550-b12f-023a3466045b@group-489BC4498C45: ConfigurationManager, init=conf: {index: -1, cur=peers:[e4fa6cd0-dc30-4550-b12f-023a3466045b|127.0.0.1:15079]|listeners:[], old=null}, confs=<EMPTY_MAP>
2025-07-19 06:08:36,259 [e4fa6cd0-dc30-4550-b12f-023a3466045b-groupManagement] INFO  server.RaftServerConfigKeys (ConfUtils.java:logGet(62)) - raft.server.storage.dir = [/home/runner/work/ozone/ozone/hadoop-ozone/integration-test/target/test-dir/MiniOzoneClusterImpl-09c4c6e1-5ab0-4195-ac7b-5aec6defaa36/ozone-meta/datanode-9/ratis] (custom)
2025-07-19 06:08:36,260 [e4fa6cd0-dc30-4550-b12f-023a3466045b-groupManagement] INFO  storage.RaftStorageDirectory (RaftStorageDirectoryImpl.java:analyzeStorage(138)) - The storage directory /home/runner/work/ozone/ozone/hadoop-ozone/integration-test/target/test-dir/MiniOzoneClusterImpl-09c4c6e1-5ab0-4195-ac7b-5aec6defaa36/ozone-meta/datanode-9/ratis/6242515c-f27b-47d4-a314-489bc4498c45 does not exist. Creating ...
2025-07-19 06:08:36,261 [e4fa6cd0-dc30-4550-b12f-023a3466045b-groupManagement] INFO  storage.RaftStorageDirectory (RaftStorageDirectoryImpl.java:tryLock(229)) - Lock on /home/runner/work/ozone/ozone/hadoop-ozone/integration-test/target/test-dir/MiniOzoneClusterImpl-09c4c6e1-5ab0-4195-ac7b-5aec6defaa36/ozone-meta/datanode-9/ratis/6242515c-f27b-47d4-a314-489bc4498c45/in_use.lock acquired by nodename 18124@localhost
2025-07-19 06:08:36,262 [e4fa6cd0-dc30-4550-b12f-023a3466045b-groupManagement] INFO  storage.RaftStorage (RaftStorageImpl.java:format(98)) - Storage directory /home/runner/work/ozone/ozone/hadoop-ozone/integration-test/target/test-dir/MiniOzoneClusterImpl-09c4c6e1-5ab0-4195-ac7b-5aec6defaa36/ozone-meta/datanode-9/ratis/6242515c-f27b-47d4-a314-489bc4498c45 has been successfully formatted.
2025-07-19 06:08:36,262 [e4fa6cd0-dc30-4550-b12f-023a3466045b-groupManagement] INFO  ratis.ContainerStateMachine (ContainerStateMachine.java:initialize(339)) - e4fa6cd0-dc30-4550-b12f-023a3466045b: initialize group-489BC4498C45
2025-07-19 06:08:36,262 [e4fa6cd0-dc30-4550-b12f-023a3466045b-groupManagement] INFO  ratis.ContainerStateMachine (ContainerStateMachine.java:loadSnapshot(347)) - group-489BC4498C45: The snapshot info is null. Setting the last applied index to:<INITIAL_VALUE>
2025-07-19 06:08:36,263 [e4fa6cd0-dc30-4550-b12f-023a3466045b-groupManagement] INFO  server.RaftServerConfigKeys (ConfUtils.java:logGet(62)) - raft.server.log.appender.buffer.byte-limit = 33554432 (custom)
2025-07-19 06:08:36,265 [e4fa6cd0-dc30-4550-b12f-023a3466045b-groupManagement] INFO  server.RaftServerConfigKeys (ConfUtils.java:logGet(62)) - raft.server.log.segment.size.max = 67108864 (custom)
2025-07-19 06:08:36,266 [e4fa6cd0-dc30-4550-b12f-023a3466045b-groupManagement] INFO  server.RaftServerConfigKeys (ConfUtils.java:logGet(62)) - raft.server.log.appender.buffer.byte-limit = 33554432 (custom)
2025-07-19 06:08:36,266 [e4fa6cd0-dc30-4550-b12f-023a3466045b-groupManagement] INFO  util.AwaitToRun (AwaitToRun.java:start(81)) - Thread[#2013,e4fa6cd0-dc30-4550-b12f-023a3466045b@group-489BC4498C45-cacheEviction-AwaitToRun,5,main] started
2025-07-19 06:08:36,266 [e4fa6cd0-dc30-4550-b12f-023a3466045b-groupManagement] INFO  segmented.SegmentedRaftLogWorker (SegmentedRaftLogWorker.java:<init>(190)) - new e4fa6cd0-dc30-4550-b12f-023a3466045b@group-489BC4498C45-SegmentedRaftLogWorker for RaftStorageImpl:Storage Directory /home/runner/work/ozone/ozone/hadoop-ozone/integration-test/target/test-dir/MiniOzoneClusterImpl-09c4c6e1-5ab0-4195-ac7b-5aec6defaa36/ozone-meta/datanode-9/ratis/6242515c-f27b-47d4-a314-489bc4498c45
2025-07-19 06:08:36,266 [e4fa6cd0-dc30-4550-b12f-023a3466045b-groupManagement] INFO  server.RaftServerConfigKeys (ConfUtils.java:logGet(62)) - raft.server.log.queue.byte-limit = 4294967296 (custom)
2025-07-19 06:08:36,267 [e4fa6cd0-dc30-4550-b12f-023a3466045b-groupManagement] INFO  server.RaftServerConfigKeys (ConfUtils.java:logGet(62)) - raft.server.log.segment.size.max = 67108864 (custom)
2025-07-19 06:08:36,267 [e4fa6cd0-dc30-4550-b12f-023a3466045b-groupManagement] INFO  server.RaftServerConfigKeys (ConfUtils.java:logGet(62)) - raft.server.log.preallocated.size = 4194304 (custom)
2025-07-19 06:08:36,267 [e4fa6cd0-dc30-4550-b12f-023a3466045b-groupManagement] INFO  server.RaftServerConfigKeys (ConfUtils.java:logGet(62)) - raft.server.log.write.buffer.size = 33554440 (custom)
2025-07-19 06:08:36,269 [EventQueue-PipelineReportForPipelineReportHandler] INFO  pipeline.PipelineReportHandler (PipelineReportHandler.java:processPipelineReport(134)) - Opened pipeline Pipeline-6242515c-f27b-47d4-a314-489bc4498c45
2025-07-19 06:08:36,273 [e4fa6cd0-dc30-4550-b12f-023a3466045b-groupManagement] INFO  server.RaftServerConfigKeys (ConfUtils.java:logGet(62)) - raft.server.log.appender.buffer.byte-limit = 33554432 (custom)
2025-07-19 06:08:36,273 [e4fa6cd0-dc30-4550-b12f-023a3466045b-groupManagement] INFO  segmented.SegmentedRaftLogWorker (SegmentedRaftLogWorker.java:lambda$new$0(141)) - e4fa6cd0-dc30-4550-b12f-023a3466045b@group-489BC4498C45-SegmentedRaftLogWorker: flushIndex: setUnconditionally 0 -> -1
2025-07-19 06:08:36,273 [e4fa6cd0-dc30-4550-b12f-023a3466045b-groupManagement] INFO  segmented.SegmentedRaftLogWorker (SegmentedRaftLogWorker.java:lambda$new$0(141)) - e4fa6cd0-dc30-4550-b12f-023a3466045b@group-489BC4498C45-SegmentedRaftLogWorker: safeCacheEvictIndex: setUnconditionally 0 -> -1
2025-07-19 06:08:36,274 [e4fa6cd0-dc30-4550-b12f-023a3466045b-groupManagement] INFO  server.RaftServer$Division (RaftServerImpl.java:start(405)) - e4fa6cd0-dc30-4550-b12f-023a3466045b@group-489BC4498C45: start as a follower, conf=conf: {index: -1, cur=peers:[e4fa6cd0-dc30-4550-b12f-023a3466045b|127.0.0.1:15079]|listeners:[], old=null}
2025-07-19 06:08:36,274 [e4fa6cd0-dc30-4550-b12f-023a3466045b-groupManagement] INFO  server.RaftServer$Division (RaftServerImpl.java:setRole(392)) - e4fa6cd0-dc30-4550-b12f-023a3466045b@group-489BC4498C45: changes role from      null to FOLLOWER at term 0 for startAsFollower
2025-07-19 06:08:36,274 [e4fa6cd0-dc30-4550-b12f-023a3466045b-groupManagement] INFO  impl.RoleInfo (RoleInfo.java:updateAndGet(148)) - e4fa6cd0-dc30-4550-b12f-023a3466045b: start e4fa6cd0-dc30-4550-b12f-023a3466045b@group-489BC4498C45-FollowerState
2025-07-19 06:08:36,274 [e4fa6cd0-dc30-4550-b12f-023a3466045b-groupManagement] INFO  util.JmxRegister (JmxRegister.java:tryRegister(44)) - Successfully registered JMX Bean with object name Ratis:service=RaftServer,group=group-489BC4498C45,id=e4fa6cd0-dc30-4550-b12f-023a3466045b
2025-07-19 06:08:36,274 [e4fa6cd0-dc30-4550-b12f-023a3466045b-groupManagement] INFO  util.JmxRegister (JmxRegister.java:register(58)) - register mxBean class org.apache.ratis.server.impl.RaftServerJmxAdapter as Ratis:service=RaftServer,group=group-489BC4498C45,id=e4fa6cd0-dc30-4550-b12f-023a3466045b
2025-07-19 06:08:36,275 [e4fa6cd0-dc30-4550-b12f-023a3466045b-groupManagement] INFO  server.RaftServer$Division (RaftServerImpl.java:start(419)) - e4fa6cd0-dc30-4550-b12f-023a3466045b@group-489BC4498C45: Successfully started.
2025-07-19 06:08:36,275 [e4fa6cd0-dc30-4550-b12f-023a3466045b-PipelineCommandHandlerThread-0] INFO  ratis.XceiverServerRatis (XceiverServerRatis.java:addGroup(843)) - Created group Pipeline-6242515c-f27b-47d4-a314-489bc4498c45
2025-07-19 06:08:36,275 [e4fa6cd0-dc30-4550-b12f-023a3466045b-PipelineCommandHandlerThread-0] INFO  commandhandler.CreatePipelineCommandHandler (CreatePipelineCommandHandler.java:lambda$handle$2(127)) - Created Pipeline RATIS ONE Pipeline-6242515c-f27b-47d4-a314-489bc4498c45.
2025-07-19 06:08:36,306 [timer5] WARN  server.GrpcLogAppender (LogUtils.java:warn(129)) - d1f2401f-ce3c-4cd7-b613-e85afa8c39c7@group-4D5619C3D8B6->cfedd3f1-5d02-4847-a363-6f2972b00a97-AppendLogResponseHandler: Failed appendEntries (Repeated 3 times in the last 5.001s)
org.apache.ratis.protocol.exceptions.GroupMismatchException: cfedd3f1-5d02-4847-a363-6f2972b00a97: group-4D5619C3D8B6 not found.
	at org.apache.ratis.server.impl.RaftServerProxy$ImplMap.get(RaftServerProxy.java:160)
	at org.apache.ratis.server.impl.RaftServerProxy.getImplFuture(RaftServerProxy.java:370)
	at org.apache.ratis.server.impl.RaftServerProxy.appendEntriesAsync(RaftServerProxy.java:650)
	at org.apache.ratis.grpc.server.GrpcServerProtocolService$1.process(GrpcServerProtocolService.java:245)
	at org.apache.ratis.grpc.server.GrpcServerProtocolService$1.process(GrpcServerProtocolService.java:242)
	at org.apache.ratis.grpc.server.GrpcServerProtocolService$ServerRequestStreamObserver.onNext(GrpcServerProtocolService.java:150)
	at org.apache.ratis.thirdparty.io.grpc.stub.ServerCalls$StreamingServerCallHandler$StreamingServerCallListener.onMessage(ServerCalls.java:262)
	at org.apache.ratis.thirdparty.io.grpc.internal.ServerCallImpl$ServerStreamListenerImpl.messagesAvailableInternal(ServerCallImpl.java:334)
	at org.apache.ratis.thirdparty.io.grpc.internal.ServerCallImpl$ServerStreamListenerImpl.messagesAvailable(ServerCallImpl.java:319)
	at org.apache.ratis.thirdparty.io.grpc.internal.ServerImpl$JumpToApplicationThreadServerStreamListener$1MessagesAvailable.runInContext(ServerImpl.java:834)
	at org.apache.ratis.thirdparty.io.grpc.internal.ContextRunnable.run(ContextRunnable.java:37)
	at org.apache.ratis.thirdparty.io.grpc.internal.SerializingExecutor.run(SerializingExecutor.java:133)
	at java.base/java.util.concurrent.ThreadPoolExecutor.runWorker(ThreadPoolExecutor.java:1144)
	at java.base/java.util.concurrent.ThreadPoolExecutor$Worker.run(ThreadPoolExecutor.java:642)
	at java.base/java.lang.Thread.run(Thread.java:1583)
2025-07-19 06:08:36,335 [cfedd3f1-5d02-4847-a363-6f2972b00a97-PipelineCommandHandlerThread-0] INFO  server.RaftServer (RaftServerProxy.java:addNew(105)) - cfedd3f1-5d02-4847-a363-6f2972b00a97: addNew group-A363378C25CA:[cfedd3f1-5d02-4847-a363-6f2972b00a97|127.0.0.1:15039] returns group-A363378C25CA:java.util.concurrent.CompletableFuture@103fa0bf[Not completed]
2025-07-19 06:08:36,337 [cfedd3f1-5d02-4847-a363-6f2972b00a97-groupManagement] INFO  server.RaftServer$Division (RaftServerImpl.java:<init>(268)) - cfedd3f1-5d02-4847-a363-6f2972b00a97: new RaftServerImpl for group-A363378C25CA:[cfedd3f1-5d02-4847-a363-6f2972b00a97|127.0.0.1:15039] with ContainerStateMachine:uninitialized
2025-07-19 06:08:36,337 [cfedd3f1-5d02-4847-a363-6f2972b00a97-groupManagement] INFO  server.RaftServer$Division (ServerState.java:<init>(114)) - cfedd3f1-5d02-4847-a363-6f2972b00a97@group-A363378C25CA: ConfigurationManager, init=conf: {index: -1, cur=peers:[cfedd3f1-5d02-4847-a363-6f2972b00a97|127.0.0.1:15039]|listeners:[], old=null}, confs=<EMPTY_MAP>
2025-07-19 06:08:36,342 [cfedd3f1-5d02-4847-a363-6f2972b00a97-groupManagement] INFO  server.RaftServerConfigKeys (ConfUtils.java:logGet(62)) - raft.server.storage.dir = [/home/runner/work/ozone/ozone/hadoop-ozone/integration-test/target/test-dir/MiniOzoneClusterImpl-09c4c6e1-5ab0-4195-ac7b-5aec6defaa36/ozone-meta/datanode-4/ratis64889dff-8cd6-41da-b31f-a739d249aa03] (custom)
2025-07-19 06:08:36,342 [cfedd3f1-5d02-4847-a363-6f2972b00a97-groupManagement] INFO  storage.RaftStorageDirectory (RaftStorageDirectoryImpl.java:analyzeStorage(138)) - The storage directory /home/runner/work/ozone/ozone/hadoop-ozone/integration-test/target/test-dir/MiniOzoneClusterImpl-09c4c6e1-5ab0-4195-ac7b-5aec6defaa36/ozone-meta/datanode-4/ratis64889dff-8cd6-41da-b31f-a739d249aa03/df5b3fc1-ee60-457b-8c60-a363378c25ca does not exist. Creating ...
2025-07-19 06:08:36,343 [cfedd3f1-5d02-4847-a363-6f2972b00a97-groupManagement] INFO  storage.RaftStorageDirectory (RaftStorageDirectoryImpl.java:tryLock(229)) - Lock on /home/runner/work/ozone/ozone/hadoop-ozone/integration-test/target/test-dir/MiniOzoneClusterImpl-09c4c6e1-5ab0-4195-ac7b-5aec6defaa36/ozone-meta/datanode-4/ratis64889dff-8cd6-41da-b31f-a739d249aa03/df5b3fc1-ee60-457b-8c60-a363378c25ca/in_use.lock acquired by nodename 18124@localhost
2025-07-19 06:08:36,344 [cfedd3f1-5d02-4847-a363-6f2972b00a97-groupManagement] INFO  storage.RaftStorage (RaftStorageImpl.java:format(98)) - Storage directory /home/runner/work/ozone/ozone/hadoop-ozone/integration-test/target/test-dir/MiniOzoneClusterImpl-09c4c6e1-5ab0-4195-ac7b-5aec6defaa36/ozone-meta/datanode-4/ratis64889dff-8cd6-41da-b31f-a739d249aa03/df5b3fc1-ee60-457b-8c60-a363378c25ca has been successfully formatted.
2025-07-19 06:08:36,344 [cfedd3f1-5d02-4847-a363-6f2972b00a97-groupManagement] INFO  ratis.ContainerStateMachine (ContainerStateMachine.java:initialize(339)) - cfedd3f1-5d02-4847-a363-6f2972b00a97: initialize group-A363378C25CA
2025-07-19 06:08:36,344 [cfedd3f1-5d02-4847-a363-6f2972b00a97-groupManagement] INFO  ratis.ContainerStateMachine (ContainerStateMachine.java:loadSnapshot(347)) - group-A363378C25CA: The snapshot info is null. Setting the last applied index to:<INITIAL_VALUE>
2025-07-19 06:08:36,344 [cfedd3f1-5d02-4847-a363-6f2972b00a97-groupManagement] INFO  server.RaftServerConfigKeys (ConfUtils.java:logGet(62)) - raft.server.log.appender.buffer.byte-limit = 33554432 (custom)
2025-07-19 06:08:36,346 [cfedd3f1-5d02-4847-a363-6f2972b00a97-groupManagement] INFO  server.RaftServerConfigKeys (ConfUtils.java:logGet(62)) - raft.server.log.segment.size.max = 67108864 (custom)
2025-07-19 06:08:36,347 [cfedd3f1-5d02-4847-a363-6f2972b00a97-groupManagement] INFO  server.RaftServerConfigKeys (ConfUtils.java:logGet(62)) - raft.server.log.appender.buffer.byte-limit = 33554432 (custom)
2025-07-19 06:08:36,347 [cfedd3f1-5d02-4847-a363-6f2972b00a97-groupManagement] INFO  util.AwaitToRun (AwaitToRun.java:start(81)) - Thread[#2019,cfedd3f1-5d02-4847-a363-6f2972b00a97@group-A363378C25CA-cacheEviction-AwaitToRun,5,main] started
2025-07-19 06:08:36,348 [cfedd3f1-5d02-4847-a363-6f2972b00a97-groupManagement] INFO  segmented.SegmentedRaftLogWorker (SegmentedRaftLogWorker.java:<init>(190)) - new cfedd3f1-5d02-4847-a363-6f2972b00a97@group-A363378C25CA-SegmentedRaftLogWorker for RaftStorageImpl:Storage Directory /home/runner/work/ozone/ozone/hadoop-ozone/integration-test/target/test-dir/MiniOzoneClusterImpl-09c4c6e1-5ab0-4195-ac7b-5aec6defaa36/ozone-meta/datanode-4/ratis64889dff-8cd6-41da-b31f-a739d249aa03/df5b3fc1-ee60-457b-8c60-a363378c25ca
2025-07-19 06:08:36,348 [cfedd3f1-5d02-4847-a363-6f2972b00a97-groupManagement] INFO  server.RaftServerConfigKeys (ConfUtils.java:logGet(62)) - raft.server.log.queue.byte-limit = 4294967296 (custom)
2025-07-19 06:08:36,348 [cfedd3f1-5d02-4847-a363-6f2972b00a97-groupManagement] INFO  server.RaftServerConfigKeys (ConfUtils.java:logGet(62)) - raft.server.log.segment.size.max = 67108864 (custom)
2025-07-19 06:08:36,348 [cfedd3f1-5d02-4847-a363-6f2972b00a97-groupManagement] INFO  server.RaftServerConfigKeys (ConfUtils.java:logGet(62)) - raft.server.log.preallocated.size = 4194304 (custom)
2025-07-19 06:08:36,348 [EventQueue-PipelineReportForPipelineReportHandler] INFO  pipeline.PipelineReportHandler (PipelineReportHandler.java:processPipelineReport(134)) - Opened pipeline Pipeline-df5b3fc1-ee60-457b-8c60-a363378c25ca
2025-07-19 06:08:36,349 [cfedd3f1-5d02-4847-a363-6f2972b00a97-groupManagement] INFO  server.RaftServerConfigKeys (ConfUtils.java:logGet(62)) - raft.server.log.write.buffer.size = 33554440 (custom)
2025-07-19 06:08:36,355 [cfedd3f1-5d02-4847-a363-6f2972b00a97-groupManagement] INFO  server.RaftServerConfigKeys (ConfUtils.java:logGet(62)) - raft.server.log.appender.buffer.byte-limit = 33554432 (custom)
2025-07-19 06:08:36,355 [cfedd3f1-5d02-4847-a363-6f2972b00a97-groupManagement] INFO  segmented.SegmentedRaftLogWorker (SegmentedRaftLogWorker.java:lambda$new$0(141)) - cfedd3f1-5d02-4847-a363-6f2972b00a97@group-A363378C25CA-SegmentedRaftLogWorker: flushIndex: setUnconditionally 0 -> -1
2025-07-19 06:08:36,355 [cfedd3f1-5d02-4847-a363-6f2972b00a97-groupManagement] INFO  segmented.SegmentedRaftLogWorker (SegmentedRaftLogWorker.java:lambda$new$0(141)) - cfedd3f1-5d02-4847-a363-6f2972b00a97@group-A363378C25CA-SegmentedRaftLogWorker: safeCacheEvictIndex: setUnconditionally 0 -> -1
2025-07-19 06:08:36,355 [cfedd3f1-5d02-4847-a363-6f2972b00a97-groupManagement] INFO  server.RaftServer$Division (RaftServerImpl.java:start(405)) - cfedd3f1-5d02-4847-a363-6f2972b00a97@group-A363378C25CA: start as a follower, conf=conf: {index: -1, cur=peers:[cfedd3f1-5d02-4847-a363-6f2972b00a97|127.0.0.1:15039]|listeners:[], old=null}
2025-07-19 06:08:36,356 [cfedd3f1-5d02-4847-a363-6f2972b00a97-groupManagement] INFO  server.RaftServer$Division (RaftServerImpl.java:setRole(392)) - cfedd3f1-5d02-4847-a363-6f2972b00a97@group-A363378C25CA: changes role from      null to FOLLOWER at term 0 for startAsFollower
2025-07-19 06:08:36,356 [cfedd3f1-5d02-4847-a363-6f2972b00a97-groupManagement] INFO  impl.RoleInfo (RoleInfo.java:updateAndGet(148)) - cfedd3f1-5d02-4847-a363-6f2972b00a97: start cfedd3f1-5d02-4847-a363-6f2972b00a97@group-A363378C25CA-FollowerState
2025-07-19 06:08:36,356 [cfedd3f1-5d02-4847-a363-6f2972b00a97-groupManagement] INFO  util.JmxRegister (JmxRegister.java:tryRegister(44)) - Successfully registered JMX Bean with object name Ratis:service=RaftServer,group=group-A363378C25CA,id=cfedd3f1-5d02-4847-a363-6f2972b00a97
2025-07-19 06:08:36,356 [cfedd3f1-5d02-4847-a363-6f2972b00a97-groupManagement] INFO  util.JmxRegister (JmxRegister.java:register(58)) - register mxBean class org.apache.ratis.server.impl.RaftServerJmxAdapter as Ratis:service=RaftServer,group=group-A363378C25CA,id=cfedd3f1-5d02-4847-a363-6f2972b00a97
2025-07-19 06:08:36,357 [cfedd3f1-5d02-4847-a363-6f2972b00a97-groupManagement] INFO  server.RaftServer$Division (RaftServerImpl.java:start(419)) - cfedd3f1-5d02-4847-a363-6f2972b00a97@group-A363378C25CA: Successfully started.
2025-07-19 06:08:36,357 [cfedd3f1-5d02-4847-a363-6f2972b00a97-PipelineCommandHandlerThread-0] INFO  ratis.XceiverServerRatis (XceiverServerRatis.java:addGroup(843)) - Created group Pipeline-df5b3fc1-ee60-457b-8c60-a363378c25ca
2025-07-19 06:08:36,357 [cfedd3f1-5d02-4847-a363-6f2972b00a97-PipelineCommandHandlerThread-0] INFO  commandhandler.CreatePipelineCommandHandler (CreatePipelineCommandHandler.java:lambda$handle$2(127)) - Created Pipeline RATIS ONE Pipeline-df5b3fc1-ee60-457b-8c60-a363378c25ca.
2025-07-19 06:08:36,437 [EventQueue-PipelineActionsForPipelineActionHandler] INFO  pipeline.PipelineActionHandler (PipelineActionHandler.java:processPipelineAction(89)) - Received pipeline action CLOSE for Pipeline-d382207d-4198-4d69-b4f6-032dc0aa9b70 from datanode 78917b03-a842-488e-9e7c-f00b43f4ecc3(localhost/127.0.0.1). Reason : Chunks directory /home/runner/work/ozone/ozone/hadoop-ozone/integration-test/target/test-dir/MiniOzoneClusterImpl-09c4c6e1-5ab0-4195-ac7b-5aec6defaa36/ozone-meta/datanode-7/data-0/hdds/09c4c6e1-5ab0-4195-ac7b-5aec6defaa36/current/containerDir0/9/chunks does not exist.
2025-07-19 06:08:36,468 [aa0cb613-fc94-4131-90ab-17bcd78458c4-PipelineCommandHandlerThread-0] INFO  server.RaftServer (RaftServerProxy.java:addNew(105)) - aa0cb613-fc94-4131-90ab-17bcd78458c4: addNew group-BDFC2B124F7B:[aa0cb613-fc94-4131-90ab-17bcd78458c4|127.0.0.1:15023] returns group-BDFC2B124F7B:java.util.concurrent.CompletableFuture@355ab5b1[Not completed]
2025-07-19 06:08:36,469 [aa0cb613-fc94-4131-90ab-17bcd78458c4-groupManagement] INFO  server.RaftServer$Division (RaftServerImpl.java:<init>(268)) - aa0cb613-fc94-4131-90ab-17bcd78458c4: new RaftServerImpl for group-BDFC2B124F7B:[aa0cb613-fc94-4131-90ab-17bcd78458c4|127.0.0.1:15023] with ContainerStateMachine:uninitialized
2025-07-19 06:08:36,469 [aa0cb613-fc94-4131-90ab-17bcd78458c4-groupManagement] INFO  server.RaftServer$Division (ServerState.java:<init>(114)) - aa0cb613-fc94-4131-90ab-17bcd78458c4@group-BDFC2B124F7B: ConfigurationManager, init=conf: {index: -1, cur=peers:[aa0cb613-fc94-4131-90ab-17bcd78458c4|127.0.0.1:15023]|listeners:[], old=null}, confs=<EMPTY_MAP>
2025-07-19 06:08:36,473 [aa0cb613-fc94-4131-90ab-17bcd78458c4-groupManagement] INFO  server.RaftServerConfigKeys (ConfUtils.java:logGet(62)) - raft.server.storage.dir = [/home/runner/work/ozone/ozone/hadoop-ozone/integration-test/target/test-dir/MiniOzoneClusterImpl-09c4c6e1-5ab0-4195-ac7b-5aec6defaa36/ozone-meta/datanode-2/ratisfaf4a47e-8f61-4394-9b41-11542f27a621] (custom)
2025-07-19 06:08:36,474 [aa0cb613-fc94-4131-90ab-17bcd78458c4-groupManagement] INFO  storage.RaftStorageDirectory (RaftStorageDirectoryImpl.java:analyzeStorage(138)) - The storage directory /home/runner/work/ozone/ozone/hadoop-ozone/integration-test/target/test-dir/MiniOzoneClusterImpl-09c4c6e1-5ab0-4195-ac7b-5aec6defaa36/ozone-meta/datanode-2/ratisfaf4a47e-8f61-4394-9b41-11542f27a621/6b324c35-b893-4f60-99d0-bdfc2b124f7b does not exist. Creating ...
2025-07-19 06:08:36,475 [EventQueue-PipelineReportForPipelineReportHandler] INFO  pipeline.PipelineReportHandler (PipelineReportHandler.java:processPipelineReport(134)) - Opened pipeline Pipeline-6b324c35-b893-4f60-99d0-bdfc2b124f7b
2025-07-19 06:08:36,475 [aa0cb613-fc94-4131-90ab-17bcd78458c4-CloseContainerThread-0] WARN  keyvalue.KeyValueHandler (KeyValueHandler.java:updateAndGetContainerChecksum(1451)) - Container data checksum updated from 0 to 51339e84
2025-07-19 06:08:36,475 [aa0cb613-fc94-4131-90ab-17bcd78458c4-groupManagement] INFO  storage.RaftStorageDirectory (RaftStorageDirectoryImpl.java:tryLock(229)) - Lock on /home/runner/work/ozone/ozone/hadoop-ozone/integration-test/target/test-dir/MiniOzoneClusterImpl-09c4c6e1-5ab0-4195-ac7b-5aec6defaa36/ozone-meta/datanode-2/ratisfaf4a47e-8f61-4394-9b41-11542f27a621/6b324c35-b893-4f60-99d0-bdfc2b124f7b/in_use.lock acquired by nodename 18124@localhost
2025-07-19 06:08:36,475 [aa0cb613-fc94-4131-90ab-17bcd78458c4-CloseContainerThread-0] INFO  keyvalue.KeyValueContainer (KeyValueContainer.java:flushAndSyncDB(514)) - Synced container: KeyValueContainerData #3 (CLOSING, non-empty, ri=0, origin=[dn_aa0cb613-fc94-4131-90ab-17bcd78458c4, pipeline_a1dcb70a-c8f9-4212-ac4f-0132fe54e6cf])
2025-07-19 06:08:36,476 [aa0cb613-fc94-4131-90ab-17bcd78458c4-CloseContainerThread-0] INFO  keyvalue.KeyValueContainer (KeyValueContainer.java:flushAndSyncDB(514)) - Synced container: KeyValueContainerData #3 (CLOSING, non-empty, ri=0, origin=[dn_aa0cb613-fc94-4131-90ab-17bcd78458c4, pipeline_a1dcb70a-c8f9-4212-ac4f-0132fe54e6cf])
2025-07-19 06:08:36,476 [aa0cb613-fc94-4131-90ab-17bcd78458c4-groupManagement] INFO  storage.RaftStorage (RaftStorageImpl.java:format(98)) - Storage directory /home/runner/work/ozone/ozone/hadoop-ozone/integration-test/target/test-dir/MiniOzoneClusterImpl-09c4c6e1-5ab0-4195-ac7b-5aec6defaa36/ozone-meta/datanode-2/ratisfaf4a47e-8f61-4394-9b41-11542f27a621/6b324c35-b893-4f60-99d0-bdfc2b124f7b has been successfully formatted.
2025-07-19 06:08:36,476 [aa0cb613-fc94-4131-90ab-17bcd78458c4-groupManagement] INFO  ratis.ContainerStateMachine (ContainerStateMachine.java:initialize(339)) - aa0cb613-fc94-4131-90ab-17bcd78458c4: initialize group-BDFC2B124F7B
2025-07-19 06:08:36,477 [aa0cb613-fc94-4131-90ab-17bcd78458c4-groupManagement] INFO  ratis.ContainerStateMachine (ContainerStateMachine.java:loadSnapshot(347)) - group-BDFC2B124F7B: The snapshot info is null. Setting the last applied index to:<INITIAL_VALUE>
2025-07-19 06:08:36,477 [aa0cb613-fc94-4131-90ab-17bcd78458c4-groupManagement] INFO  server.RaftServerConfigKeys (ConfUtils.java:logGet(62)) - raft.server.log.appender.buffer.byte-limit = 33554432 (custom)
2025-07-19 06:08:36,479 [aa0cb613-fc94-4131-90ab-17bcd78458c4-groupManagement] INFO  server.RaftServerConfigKeys (ConfUtils.java:logGet(62)) - raft.server.log.segment.size.max = 67108864 (custom)
2025-07-19 06:08:36,479 [aa0cb613-fc94-4131-90ab-17bcd78458c4-groupManagement] INFO  server.RaftServerConfigKeys (ConfUtils.java:logGet(62)) - raft.server.log.appender.buffer.byte-limit = 33554432 (custom)
2025-07-19 06:08:36,479 [aa0cb613-fc94-4131-90ab-17bcd78458c4-groupManagement] INFO  util.AwaitToRun (AwaitToRun.java:start(81)) - Thread[#2025,aa0cb613-fc94-4131-90ab-17bcd78458c4@group-BDFC2B124F7B-cacheEviction-AwaitToRun,5,main] started
2025-07-19 06:08:36,479 [aa0cb613-fc94-4131-90ab-17bcd78458c4-groupManagement] INFO  segmented.SegmentedRaftLogWorker (SegmentedRaftLogWorker.java:<init>(190)) - new aa0cb613-fc94-4131-90ab-17bcd78458c4@group-BDFC2B124F7B-SegmentedRaftLogWorker for RaftStorageImpl:Storage Directory /home/runner/work/ozone/ozone/hadoop-ozone/integration-test/target/test-dir/MiniOzoneClusterImpl-09c4c6e1-5ab0-4195-ac7b-5aec6defaa36/ozone-meta/datanode-2/ratisfaf4a47e-8f61-4394-9b41-11542f27a621/6b324c35-b893-4f60-99d0-bdfc2b124f7b
2025-07-19 06:08:36,479 [aa0cb613-fc94-4131-90ab-17bcd78458c4-groupManagement] INFO  server.RaftServerConfigKeys (ConfUtils.java:logGet(62)) - raft.server.log.queue.byte-limit = 4294967296 (custom)
2025-07-19 06:08:36,480 [aa0cb613-fc94-4131-90ab-17bcd78458c4-groupManagement] INFO  server.RaftServerConfigKeys (ConfUtils.java:logGet(62)) - raft.server.log.segment.size.max = 67108864 (custom)
2025-07-19 06:08:36,480 [aa0cb613-fc94-4131-90ab-17bcd78458c4-groupManagement] INFO  server.RaftServerConfigKeys (ConfUtils.java:logGet(62)) - raft.server.log.preallocated.size = 4194304 (custom)
2025-07-19 06:08:36,480 [aa0cb613-fc94-4131-90ab-17bcd78458c4-CloseContainerThread-0] INFO  commandhandler.CloseContainerCommandHandler (CloseContainerCommandHandler.java:lambda$handle$0(135)) - Marking Container 3 quasi closed
2025-07-19 06:08:36,480 [aa0cb613-fc94-4131-90ab-17bcd78458c4-groupManagement] INFO  server.RaftServerConfigKeys (ConfUtils.java:logGet(62)) - raft.server.log.write.buffer.size = 33554440 (custom)
2025-07-19 06:08:36,484 [aa0cb613-fc94-4131-90ab-17bcd78458c4-groupManagement] INFO  server.RaftServerConfigKeys (ConfUtils.java:logGet(62)) - raft.server.log.appender.buffer.byte-limit = 33554432 (custom)
2025-07-19 06:08:36,485 [aa0cb613-fc94-4131-90ab-17bcd78458c4-groupManagement] INFO  segmented.SegmentedRaftLogWorker (SegmentedRaftLogWorker.java:lambda$new$0(141)) - aa0cb613-fc94-4131-90ab-17bcd78458c4@group-BDFC2B124F7B-SegmentedRaftLogWorker: flushIndex: setUnconditionally 0 -> -1
2025-07-19 06:08:36,485 [aa0cb613-fc94-4131-90ab-17bcd78458c4-groupManagement] INFO  segmented.SegmentedRaftLogWorker (SegmentedRaftLogWorker.java:lambda$new$0(141)) - aa0cb613-fc94-4131-90ab-17bcd78458c4@group-BDFC2B124F7B-SegmentedRaftLogWorker: safeCacheEvictIndex: setUnconditionally 0 -> -1
2025-07-19 06:08:36,485 [aa0cb613-fc94-4131-90ab-17bcd78458c4-groupManagement] INFO  server.RaftServer$Division (RaftServerImpl.java:start(405)) - aa0cb613-fc94-4131-90ab-17bcd78458c4@group-BDFC2B124F7B: start as a follower, conf=conf: {index: -1, cur=peers:[aa0cb613-fc94-4131-90ab-17bcd78458c4|127.0.0.1:15023]|listeners:[], old=null}
2025-07-19 06:08:36,485 [aa0cb613-fc94-4131-90ab-17bcd78458c4-groupManagement] INFO  server.RaftServer$Division (RaftServerImpl.java:setRole(392)) - aa0cb613-fc94-4131-90ab-17bcd78458c4@group-BDFC2B124F7B: changes role from      null to FOLLOWER at term 0 for startAsFollower
2025-07-19 06:08:36,485 [aa0cb613-fc94-4131-90ab-17bcd78458c4-groupManagement] INFO  impl.RoleInfo (RoleInfo.java:updateAndGet(148)) - aa0cb613-fc94-4131-90ab-17bcd78458c4: start aa0cb613-fc94-4131-90ab-17bcd78458c4@group-BDFC2B124F7B-FollowerState
2025-07-19 06:08:36,485 [aa0cb613-fc94-4131-90ab-17bcd78458c4-groupManagement] INFO  util.JmxRegister (JmxRegister.java:tryRegister(44)) - Successfully registered JMX Bean with object name Ratis:service=RaftServer,group=group-BDFC2B124F7B,id=aa0cb613-fc94-4131-90ab-17bcd78458c4
2025-07-19 06:08:36,486 [aa0cb613-fc94-4131-90ab-17bcd78458c4-groupManagement] INFO  util.JmxRegister (JmxRegister.java:register(58)) - register mxBean class org.apache.ratis.server.impl.RaftServerJmxAdapter as Ratis:service=RaftServer,group=group-BDFC2B124F7B,id=aa0cb613-fc94-4131-90ab-17bcd78458c4
2025-07-19 06:08:36,486 [aa0cb613-fc94-4131-90ab-17bcd78458c4-groupManagement] INFO  server.RaftServer$Division (RaftServerImpl.java:start(419)) - aa0cb613-fc94-4131-90ab-17bcd78458c4@group-BDFC2B124F7B: Successfully started.
2025-07-19 06:08:36,486 [aa0cb613-fc94-4131-90ab-17bcd78458c4-PipelineCommandHandlerThread-0] INFO  ratis.XceiverServerRatis (XceiverServerRatis.java:addGroup(843)) - Created group Pipeline-6b324c35-b893-4f60-99d0-bdfc2b124f7b
2025-07-19 06:08:36,486 [aa0cb613-fc94-4131-90ab-17bcd78458c4-PipelineCommandHandlerThread-0] INFO  commandhandler.CreatePipelineCommandHandler (CreatePipelineCommandHandler.java:lambda$handle$2(127)) - Created Pipeline RATIS ONE Pipeline-6b324c35-b893-4f60-99d0-bdfc2b124f7b.
2025-07-19 06:08:36,638 [EventQueue-PipelineActionsForPipelineActionHandler] INFO  pipeline.PipelineActionHandler (PipelineActionHandler.java:processPipelineAction(89)) - Received pipeline action CLOSE for Pipeline-d382207d-4198-4d69-b4f6-032dc0aa9b70 from datanode 78917b03-a842-488e-9e7c-f00b43f4ecc3(localhost/127.0.0.1). Reason : Chunks directory /home/runner/work/ozone/ozone/hadoop-ozone/integration-test/target/test-dir/MiniOzoneClusterImpl-09c4c6e1-5ab0-4195-ac7b-5aec6defaa36/ozone-meta/datanode-7/data-0/hdds/09c4c6e1-5ab0-4195-ac7b-5aec6defaa36/current/containerDir0/9/chunks does not exist.
2025-07-19 06:08:36,810 [aa0cb613-fc94-4131-90ab-17bcd78458c4@group-C5D25EF5F288-FollowerState] INFO  impl.FollowerState (FollowerState.java:runImpl(161)) - aa0cb613-fc94-4131-90ab-17bcd78458c4@group-C5D25EF5F288-FollowerState: change to CANDIDATE, lastRpcElapsedTime:1005418653ns, electionTimeout:1005ms
2025-07-19 06:08:36,810 [aa0cb613-fc94-4131-90ab-17bcd78458c4@group-C5D25EF5F288-FollowerState] INFO  impl.RoleInfo (RoleInfo.java:shutdownFollowerState(121)) - aa0cb613-fc94-4131-90ab-17bcd78458c4: shutdown aa0cb613-fc94-4131-90ab-17bcd78458c4@group-C5D25EF5F288-FollowerState
2025-07-19 06:08:36,810 [aa0cb613-fc94-4131-90ab-17bcd78458c4@group-C5D25EF5F288-FollowerState] INFO  server.RaftServer$Division (RaftServerImpl.java:setRole(392)) - aa0cb613-fc94-4131-90ab-17bcd78458c4@group-C5D25EF5F288: changes role from  FOLLOWER to CANDIDATE at term 0 for changeToCandidate
2025-07-19 06:08:36,810 [aa0cb613-fc94-4131-90ab-17bcd78458c4@group-C5D25EF5F288-FollowerState] INFO  impl.RoleInfo (RoleInfo.java:updateAndGet(148)) - aa0cb613-fc94-4131-90ab-17bcd78458c4: start aa0cb613-fc94-4131-90ab-17bcd78458c4@group-C5D25EF5F288-LeaderElection23
2025-07-19 06:08:36,811 [aa0cb613-fc94-4131-90ab-17bcd78458c4@group-C5D25EF5F288-LeaderElection23] INFO  impl.LeaderElection (LeaderElection.java:askForVotes(448)) - aa0cb613-fc94-4131-90ab-17bcd78458c4@group-C5D25EF5F288-LeaderElection23 PRE_VOTE round 0: submit vote requests at term 0 for conf: {index: -1, cur=peers:[7e15f5a0-0f8f-4a50-92e4-d2f5038b0085|127.0.0.1:15015, aa0cb613-fc94-4131-90ab-17bcd78458c4|127.0.0.1:15023, 85aa579c-736c-4de8-9407-4b363243255c|127.0.0.1:15087]|listeners:[], old=null}
2025-07-19 06:08:36,811 [aa0cb613-fc94-4131-90ab-17bcd78458c4@group-C5D25EF5F288-LeaderElection23-1] INFO  server.GrpcServerProtocolClient (GrpcServerProtocolClient.java:<init>(65)) - Build channel for 7e15f5a0-0f8f-4a50-92e4-d2f5038b0085|127.0.0.1:15015
2025-07-19 06:08:36,811 [aa0cb613-fc94-4131-90ab-17bcd78458c4@group-C5D25EF5F288-LeaderElection23-2] INFO  server.GrpcServerProtocolClient (GrpcServerProtocolClient.java:<init>(65)) - Build channel for 85aa579c-736c-4de8-9407-4b363243255c|127.0.0.1:15087
2025-07-19 06:08:36,814 [grpc-default-executor-6] INFO  server.RaftServer$Division (RaftServerImpl.java:requestVote(1421)) - 7e15f5a0-0f8f-4a50-92e4-d2f5038b0085@group-C5D25EF5F288: receive requestVote(PRE_VOTE, aa0cb613-fc94-4131-90ab-17bcd78458c4, group-C5D25EF5F288, 0, <PROTO_DEFAULT>)
2025-07-19 06:08:36,815 [grpc-default-executor-6] INFO  impl.VoteContext (VoteContext.java:log(49)) - 7e15f5a0-0f8f-4a50-92e4-d2f5038b0085@group-C5D25EF5F288-FOLLOWER: accept PRE_VOTE from aa0cb613-fc94-4131-90ab-17bcd78458c4: our priority 0 <= candidate's priority 1
2025-07-19 06:08:36,815 [grpc-default-executor-6] INFO  server.RaftServer$Division (RaftServerImpl.java:requestVote(1455)) - 7e15f5a0-0f8f-4a50-92e4-d2f5038b0085@group-C5D25EF5F288 replies to PRE_VOTE vote request: aa0cb613-fc94-4131-90ab-17bcd78458c4<-7e15f5a0-0f8f-4a50-92e4-d2f5038b0085#0:OK-t0-last:<INITIAL_VALUE>. Peer's state: 7e15f5a0-0f8f-4a50-92e4-d2f5038b0085@group-C5D25EF5F288:t0, leader=null, voted=, raftlog=Memoized:7e15f5a0-0f8f-4a50-92e4-d2f5038b0085@group-C5D25EF5F288-SegmentedRaftLog:OPENED:c-1:lastnull, conf=conf: {index: -1, cur=peers:[7e15f5a0-0f8f-4a50-92e4-d2f5038b0085|127.0.0.1:15015, aa0cb613-fc94-4131-90ab-17bcd78458c4|127.0.0.1:15023, 85aa579c-736c-4de8-9407-4b363243255c|127.0.0.1:15087]|listeners:[], old=null}
2025-07-19 06:08:36,815 [grpc-default-executor-3] INFO  server.RaftServer$Division (RaftServerImpl.java:requestVote(1421)) - 85aa579c-736c-4de8-9407-4b363243255c@group-C5D25EF5F288: receive requestVote(PRE_VOTE, aa0cb613-fc94-4131-90ab-17bcd78458c4, group-C5D25EF5F288, 0, <PROTO_DEFAULT>)
2025-07-19 06:08:36,815 [grpc-default-executor-3] INFO  impl.VoteContext (VoteContext.java:log(49)) - 85aa579c-736c-4de8-9407-4b363243255c@group-C5D25EF5F288-FOLLOWER: accept PRE_VOTE from aa0cb613-fc94-4131-90ab-17bcd78458c4: our priority 0 <= candidate's priority 1
2025-07-19 06:08:36,816 [grpc-default-executor-3] INFO  server.RaftServer$Division (RaftServerImpl.java:requestVote(1455)) - 85aa579c-736c-4de8-9407-4b363243255c@group-C5D25EF5F288 replies to PRE_VOTE vote request: aa0cb613-fc94-4131-90ab-17bcd78458c4<-85aa579c-736c-4de8-9407-4b363243255c#0:OK-t0-last:<INITIAL_VALUE>. Peer's state: 85aa579c-736c-4de8-9407-4b363243255c@group-C5D25EF5F288:t0, leader=null, voted=, raftlog=Memoized:85aa579c-736c-4de8-9407-4b363243255c@group-C5D25EF5F288-SegmentedRaftLog:OPENED:c-1:lastnull, conf=conf: {index: -1, cur=peers:[7e15f5a0-0f8f-4a50-92e4-d2f5038b0085|127.0.0.1:15015, aa0cb613-fc94-4131-90ab-17bcd78458c4|127.0.0.1:15023, 85aa579c-736c-4de8-9407-4b363243255c|127.0.0.1:15087]|listeners:[], old=null}
2025-07-19 06:08:36,816 [aa0cb613-fc94-4131-90ab-17bcd78458c4@group-C5D25EF5F288-LeaderElection23] INFO  impl.LeaderElection (LeaderElection.java:logAndReturn(206)) - aa0cb613-fc94-4131-90ab-17bcd78458c4@group-C5D25EF5F288-LeaderElection23: PRE_VOTE PASSED received 1 response(s) and 0 exception(s):
2025-07-19 06:08:36,816 [aa0cb613-fc94-4131-90ab-17bcd78458c4@group-C5D25EF5F288-LeaderElection23] INFO  impl.LeaderElection (LeaderElection.java:logAndReturn(210)) -   Response 0: aa0cb613-fc94-4131-90ab-17bcd78458c4<-7e15f5a0-0f8f-4a50-92e4-d2f5038b0085#0:OK-t0-last:<INITIAL_VALUE>
2025-07-19 06:08:36,816 [aa0cb613-fc94-4131-90ab-17bcd78458c4@group-C5D25EF5F288-LeaderElection23] INFO  impl.LeaderElection (LeaderElection.java:askForVotes(450)) - aa0cb613-fc94-4131-90ab-17bcd78458c4@group-C5D25EF5F288-LeaderElection23 PRE_VOTE round 0: result PASSED
2025-07-19 06:08:36,818 [aa0cb613-fc94-4131-90ab-17bcd78458c4@group-C5D25EF5F288-LeaderElection23] INFO  impl.LeaderElection (LeaderElection.java:askForVotes(448)) - aa0cb613-fc94-4131-90ab-17bcd78458c4@group-C5D25EF5F288-LeaderElection23 ELECTION round 0: submit vote requests at term 1 for conf: {index: -1, cur=peers:[7e15f5a0-0f8f-4a50-92e4-d2f5038b0085|127.0.0.1:15015, aa0cb613-fc94-4131-90ab-17bcd78458c4|127.0.0.1:15023, 85aa579c-736c-4de8-9407-4b363243255c|127.0.0.1:15087]|listeners:[], old=null}
2025-07-19 06:08:36,818 [grpc-default-executor-3] INFO  server.RaftServer$Division (RaftServerImpl.java:requestVote(1421)) - 7e15f5a0-0f8f-4a50-92e4-d2f5038b0085@group-C5D25EF5F288: receive requestVote(ELECTION, aa0cb613-fc94-4131-90ab-17bcd78458c4, group-C5D25EF5F288, 1, <PROTO_DEFAULT>)
2025-07-19 06:08:36,819 [grpc-default-executor-3] INFO  impl.VoteContext (VoteContext.java:log(49)) - 7e15f5a0-0f8f-4a50-92e4-d2f5038b0085@group-C5D25EF5F288-FOLLOWER: accept ELECTION from aa0cb613-fc94-4131-90ab-17bcd78458c4: our priority 0 <= candidate's priority 1
2025-07-19 06:08:36,819 [grpc-default-executor-3] INFO  server.RaftServer$Division (RaftServerImpl.java:setRole(392)) - 7e15f5a0-0f8f-4a50-92e4-d2f5038b0085@group-C5D25EF5F288: changes role from  FOLLOWER to FOLLOWER at term 0 for candidate:aa0cb613-fc94-4131-90ab-17bcd78458c4
2025-07-19 06:08:36,819 [grpc-default-executor-3] INFO  impl.RoleInfo (RoleInfo.java:shutdownFollowerState(121)) - 7e15f5a0-0f8f-4a50-92e4-d2f5038b0085: shutdown 7e15f5a0-0f8f-4a50-92e4-d2f5038b0085@group-C5D25EF5F288-FollowerState
2025-07-19 06:08:36,819 [7e15f5a0-0f8f-4a50-92e4-d2f5038b0085@group-C5D25EF5F288-FollowerState] INFO  impl.FollowerState (FollowerState.java:runImpl(170)) - 7e15f5a0-0f8f-4a50-92e4-d2f5038b0085@group-C5D25EF5F288-FollowerState was interrupted
2025-07-19 06:08:36,819 [grpc-default-executor-3] INFO  impl.RoleInfo (RoleInfo.java:updateAndGet(148)) - 7e15f5a0-0f8f-4a50-92e4-d2f5038b0085: start 7e15f5a0-0f8f-4a50-92e4-d2f5038b0085@group-C5D25EF5F288-FollowerState
2025-07-19 06:08:36,819 [grpc-default-executor-6] INFO  server.RaftServer$Division (RaftServerImpl.java:requestVote(1421)) - 85aa579c-736c-4de8-9407-4b363243255c@group-C5D25EF5F288: receive requestVote(ELECTION, aa0cb613-fc94-4131-90ab-17bcd78458c4, group-C5D25EF5F288, 1, <PROTO_DEFAULT>)
2025-07-19 06:08:36,819 [grpc-default-executor-6] INFO  impl.VoteContext (VoteContext.java:log(49)) - 85aa579c-736c-4de8-9407-4b363243255c@group-C5D25EF5F288-FOLLOWER: accept ELECTION from aa0cb613-fc94-4131-90ab-17bcd78458c4: our priority 0 <= candidate's priority 1
2025-07-19 06:08:36,820 [grpc-default-executor-6] INFO  server.RaftServer$Division (RaftServerImpl.java:setRole(392)) - 85aa579c-736c-4de8-9407-4b363243255c@group-C5D25EF5F288: changes role from  FOLLOWER to FOLLOWER at term 0 for candidate:aa0cb613-fc94-4131-90ab-17bcd78458c4
2025-07-19 06:08:36,820 [grpc-default-executor-6] INFO  impl.RoleInfo (RoleInfo.java:shutdownFollowerState(121)) - 85aa579c-736c-4de8-9407-4b363243255c: shutdown 85aa579c-736c-4de8-9407-4b363243255c@group-C5D25EF5F288-FollowerState
2025-07-19 06:08:36,820 [grpc-default-executor-6] INFO  impl.RoleInfo (RoleInfo.java:updateAndGet(148)) - 85aa579c-736c-4de8-9407-4b363243255c: start 85aa579c-736c-4de8-9407-4b363243255c@group-C5D25EF5F288-FollowerState
2025-07-19 06:08:36,820 [85aa579c-736c-4de8-9407-4b363243255c@group-C5D25EF5F288-FollowerState] INFO  impl.FollowerState (FollowerState.java:runImpl(170)) - 85aa579c-736c-4de8-9407-4b363243255c@group-C5D25EF5F288-FollowerState was interrupted
2025-07-19 06:08:36,820 [grpc-default-executor-3] INFO  server.RaftServer$Division (RaftServerImpl.java:setFirstElection(576)) - 7e15f5a0-0f8f-4a50-92e4-d2f5038b0085@group-C5D25EF5F288: set firstElectionSinceStartup to false for candidate:aa0cb613-fc94-4131-90ab-17bcd78458c4
2025-07-19 06:08:36,820 [grpc-default-executor-6] INFO  server.RaftServer$Division (RaftServerImpl.java:setFirstElection(576)) - 85aa579c-736c-4de8-9407-4b363243255c@group-C5D25EF5F288: set firstElectionSinceStartup to false for candidate:aa0cb613-fc94-4131-90ab-17bcd78458c4
2025-07-19 06:08:36,821 [grpc-default-executor-3] INFO  server.RaftServer$Division (RaftServerImpl.java:requestVote(1455)) - 7e15f5a0-0f8f-4a50-92e4-d2f5038b0085@group-C5D25EF5F288 replies to ELECTION vote request: aa0cb613-fc94-4131-90ab-17bcd78458c4<-7e15f5a0-0f8f-4a50-92e4-d2f5038b0085#0:OK-t1-last:<INITIAL_VALUE>. Peer's state: 7e15f5a0-0f8f-4a50-92e4-d2f5038b0085@group-C5D25EF5F288:t1, leader=null, voted=aa0cb613-fc94-4131-90ab-17bcd78458c4, raftlog=Memoized:7e15f5a0-0f8f-4a50-92e4-d2f5038b0085@group-C5D25EF5F288-SegmentedRaftLog:OPENED:c-1:lastnull, conf=conf: {index: -1, cur=peers:[7e15f5a0-0f8f-4a50-92e4-d2f5038b0085|127.0.0.1:15015, aa0cb613-fc94-4131-90ab-17bcd78458c4|127.0.0.1:15023, 85aa579c-736c-4de8-9407-4b363243255c|127.0.0.1:15087]|listeners:[], old=null}
2025-07-19 06:08:36,821 [grpc-default-executor-6] INFO  server.RaftServer$Division (RaftServerImpl.java:requestVote(1455)) - 85aa579c-736c-4de8-9407-4b363243255c@group-C5D25EF5F288 replies to ELECTION vote request: aa0cb613-fc94-4131-90ab-17bcd78458c4<-85aa579c-736c-4de8-9407-4b363243255c#0:OK-t1-last:<INITIAL_VALUE>. Peer's state: 85aa579c-736c-4de8-9407-4b363243255c@group-C5D25EF5F288:t1, leader=null, voted=aa0cb613-fc94-4131-90ab-17bcd78458c4, raftlog=Memoized:85aa579c-736c-4de8-9407-4b363243255c@group-C5D25EF5F288-SegmentedRaftLog:OPENED:c-1:lastnull, conf=conf: {index: -1, cur=peers:[7e15f5a0-0f8f-4a50-92e4-d2f5038b0085|127.0.0.1:15015, aa0cb613-fc94-4131-90ab-17bcd78458c4|127.0.0.1:15023, 85aa579c-736c-4de8-9407-4b363243255c|127.0.0.1:15087]|listeners:[], old=null}
2025-07-19 06:08:36,822 [aa0cb613-fc94-4131-90ab-17bcd78458c4@group-C5D25EF5F288-LeaderElection23] INFO  impl.LeaderElection (LeaderElection.java:logAndReturn(206)) - aa0cb613-fc94-4131-90ab-17bcd78458c4@group-C5D25EF5F288-LeaderElection23: ELECTION PASSED received 1 response(s) and 0 exception(s):
2025-07-19 06:08:36,822 [aa0cb613-fc94-4131-90ab-17bcd78458c4@group-C5D25EF5F288-LeaderElection23] INFO  impl.LeaderElection (LeaderElection.java:logAndReturn(210)) -   Response 0: aa0cb613-fc94-4131-90ab-17bcd78458c4<-7e15f5a0-0f8f-4a50-92e4-d2f5038b0085#0:OK-t1-last:<INITIAL_VALUE>
2025-07-19 06:08:36,822 [aa0cb613-fc94-4131-90ab-17bcd78458c4@group-C5D25EF5F288-LeaderElection23] INFO  impl.LeaderElection (LeaderElection.java:askForVotes(450)) - aa0cb613-fc94-4131-90ab-17bcd78458c4@group-C5D25EF5F288-LeaderElection23 ELECTION round 0: result PASSED
2025-07-19 06:08:36,822 [aa0cb613-fc94-4131-90ab-17bcd78458c4@group-C5D25EF5F288-LeaderElection23] INFO  impl.RoleInfo (RoleInfo.java:shutdownLeaderElection(141)) - aa0cb613-fc94-4131-90ab-17bcd78458c4: shutdown aa0cb613-fc94-4131-90ab-17bcd78458c4@group-C5D25EF5F288-LeaderElection23
2025-07-19 06:08:36,823 [aa0cb613-fc94-4131-90ab-17bcd78458c4@group-C5D25EF5F288-LeaderElection23] INFO  server.RaftServer$Division (RaftServerImpl.java:setRole(392)) - aa0cb613-fc94-4131-90ab-17bcd78458c4@group-C5D25EF5F288: changes role from CANDIDATE to LEADER at term 1 for changeToLeader
2025-07-19 06:08:36,823 [aa0cb613-fc94-4131-90ab-17bcd78458c4@group-C5D25EF5F288-LeaderElection23] INFO  server.RaftServerConfigKeys (ConfUtils.java:logFallback(69)) - raft.server.staging.timeout = 15600ms (fallback to raft.server.rpc.timeout.max)
2025-07-19 06:08:36,823 [aa0cb613-fc94-4131-90ab-17bcd78458c4@group-C5D25EF5F288-LeaderElection23] INFO  server.RaftServerConfigKeys (ConfUtils.java:logGet(62)) - raft.server.write.byte-limit = 1024 M (=1073741824) (custom)
2025-07-19 06:08:36,825 [aa0cb613-fc94-4131-90ab-17bcd78458c4@group-C5D25EF5F288-LeaderElection23] INFO  server.RaftServerConfigKeys (ConfUtils.java:logGet(62)) - raft.server.log.appender.buffer.byte-limit = 33554432 (custom)
2025-07-19 06:08:36,826 [aa0cb613-fc94-4131-90ab-17bcd78458c4@group-C5D25EF5F288-LeaderElection23] INFO  server.RaftServerConfigKeys (ConfUtils.java:logGet(62)) - raft.server.log.appender.buffer.byte-limit = 33554432 (custom)
2025-07-19 06:08:36,827 [aa0cb613-fc94-4131-90ab-17bcd78458c4@group-C5D25EF5F288-LeaderElection23] INFO  impl.RoleInfo (RoleInfo.java:updateAndGet(148)) - aa0cb613-fc94-4131-90ab-17bcd78458c4: start aa0cb613-fc94-4131-90ab-17bcd78458c4@group-C5D25EF5F288-LeaderStateImpl
2025-07-19 06:08:36,827 [aa0cb613-fc94-4131-90ab-17bcd78458c4@group-C5D25EF5F288-LeaderElection23] INFO  server.RaftServer$Division (RaftServerImpl.java:setFirstElection(576)) - aa0cb613-fc94-4131-90ab-17bcd78458c4@group-C5D25EF5F288: set firstElectionSinceStartup to false for becomeLeader
2025-07-19 06:08:36,827 [aa0cb613-fc94-4131-90ab-17bcd78458c4@group-C5D25EF5F288-LeaderElection23] INFO  ratis.XceiverServerRatis (XceiverServerRatis.java:handleLeaderChangedNotification(944)) - Leader change notification received for group: group-C5D25EF5F288 with new leaderId: aa0cb613-fc94-4131-90ab-17bcd78458c4
2025-07-19 06:08:36,827 [aa0cb613-fc94-4131-90ab-17bcd78458c4@group-C5D25EF5F288-LeaderElection23] INFO  server.RaftServer$Division (ServerState.java:setLeader(272)) - aa0cb613-fc94-4131-90ab-17bcd78458c4@group-C5D25EF5F288: change Leader from null to aa0cb613-fc94-4131-90ab-17bcd78458c4 at term 1 for becomeLeader, leader elected after 1040ms
2025-07-19 06:08:36,827 [aa0cb613-fc94-4131-90ab-17bcd78458c4@group-C5D25EF5F288-LeaderElection23] INFO  segmented.SegmentedRaftLogWorker (SegmentedRaftLogWorker.java:startLogSegment(440)) - aa0cb613-fc94-4131-90ab-17bcd78458c4@group-C5D25EF5F288-SegmentedRaftLogWorker: Starting segment from index:0
2025-07-19 06:08:36,827 [aa0cb613-fc94-4131-90ab-17bcd78458c4@group-C5D25EF5F288-LeaderElection23] INFO  server.RaftServer$Division (ServerState.java:setRaftConf(386)) - aa0cb613-fc94-4131-90ab-17bcd78458c4@group-C5D25EF5F288: set configuration conf: {index: 0, cur=peers:[7e15f5a0-0f8f-4a50-92e4-d2f5038b0085|127.0.0.1:15015, aa0cb613-fc94-4131-90ab-17bcd78458c4|127.0.0.1:15023, 85aa579c-736c-4de8-9407-4b363243255c|127.0.0.1:15087]|listeners:[], old=null}
2025-07-19 06:08:36,828 [aa0cb613-fc94-4131-90ab-17bcd78458c4@group-C5D25EF5F288-SegmentedRaftLogWorker] INFO  segmented.BufferedWriteChannel (BufferedWriteChannel.java:open(61)) - open log_inprogress_0 at position 0
2025-07-19 06:08:36,830 [EventQueue-PipelineReportForPipelineReportHandler] INFO  pipeline.PipelineReportHandler (PipelineReportHandler.java:processPipelineReport(134)) - Opened pipeline Pipeline-e78ba560-26c0-404a-add2-c5d25ef5f288
2025-07-19 06:08:36,833 [grpc-default-executor-3] INFO  ratis.XceiverServerRatis (XceiverServerRatis.java:handleLeaderChangedNotification(944)) - Leader change notification received for group: group-C5D25EF5F288 with new leaderId: aa0cb613-fc94-4131-90ab-17bcd78458c4
2025-07-19 06:08:36,833 [grpc-default-executor-3] INFO  server.RaftServer$Division (ServerState.java:setLeader(272)) - 7e15f5a0-0f8f-4a50-92e4-d2f5038b0085@group-C5D25EF5F288: change Leader from null to aa0cb613-fc94-4131-90ab-17bcd78458c4 at term 1 for appendEntries, leader elected after 1073ms
2025-07-19 06:08:36,833 [grpc-default-executor-6] INFO  ratis.XceiverServerRatis (XceiverServerRatis.java:handleLeaderChangedNotification(944)) - Leader change notification received for group: group-C5D25EF5F288 with new leaderId: aa0cb613-fc94-4131-90ab-17bcd78458c4
2025-07-19 06:08:36,833 [grpc-default-executor-6] INFO  server.RaftServer$Division (ServerState.java:setLeader(272)) - 85aa579c-736c-4de8-9407-4b363243255c@group-C5D25EF5F288: change Leader from null to aa0cb613-fc94-4131-90ab-17bcd78458c4 at term 1 for appendEntries, leader elected after 1099ms
2025-07-19 06:08:36,834 [grpc-default-executor-0] INFO  server.RaftServer$Division (ServerState.java:setRaftConf(386)) - 85aa579c-736c-4de8-9407-4b363243255c@group-C5D25EF5F288: set configuration conf: {index: 0, cur=peers:[7e15f5a0-0f8f-4a50-92e4-d2f5038b0085|127.0.0.1:15015, aa0cb613-fc94-4131-90ab-17bcd78458c4|127.0.0.1:15023, 85aa579c-736c-4de8-9407-4b363243255c|127.0.0.1:15087]|listeners:[], old=null}
2025-07-19 06:08:36,834 [grpc-default-executor-3] INFO  server.RaftServer$Division (ServerState.java:setRaftConf(386)) - 7e15f5a0-0f8f-4a50-92e4-d2f5038b0085@group-C5D25EF5F288: set configuration conf: {index: 0, cur=peers:[7e15f5a0-0f8f-4a50-92e4-d2f5038b0085|127.0.0.1:15015, aa0cb613-fc94-4131-90ab-17bcd78458c4|127.0.0.1:15023, 85aa579c-736c-4de8-9407-4b363243255c|127.0.0.1:15087]|listeners:[], old=null}
2025-07-19 06:08:36,834 [grpc-default-executor-3] INFO  segmented.SegmentedRaftLogWorker (SegmentedRaftLogWorker.java:startLogSegment(440)) - 7e15f5a0-0f8f-4a50-92e4-d2f5038b0085@group-C5D25EF5F288-SegmentedRaftLogWorker: Starting segment from index:0
2025-07-19 06:08:36,834 [grpc-default-executor-0] INFO  segmented.SegmentedRaftLogWorker (SegmentedRaftLogWorker.java:startLogSegment(440)) - 85aa579c-736c-4de8-9407-4b363243255c@group-C5D25EF5F288-SegmentedRaftLogWorker: Starting segment from index:0
2025-07-19 06:08:36,835 [aa0cb613-fc94-4131-90ab-17bcd78458c4@group-C5D25EF5F288-SegmentedRaftLogWorker] INFO  segmented.SegmentedRaftLogWorker (SegmentedRaftLogWorker.java:execute(647)) - aa0cb613-fc94-4131-90ab-17bcd78458c4@group-C5D25EF5F288-SegmentedRaftLogWorker: created new log segment /home/runner/work/ozone/ozone/hadoop-ozone/integration-test/target/test-dir/MiniOzoneClusterImpl-09c4c6e1-5ab0-4195-ac7b-5aec6defaa36/ozone-meta/datanode-2/ratisfaf4a47e-8f61-4394-9b41-11542f27a621/e78ba560-26c0-404a-add2-c5d25ef5f288/current/log_inprogress_0
2025-07-19 06:08:36,836 [85aa579c-736c-4de8-9407-4b363243255c@group-C5D25EF5F288-SegmentedRaftLogWorker] INFO  segmented.BufferedWriteChannel (BufferedWriteChannel.java:open(61)) - open log_inprogress_0 at position 0
2025-07-19 06:08:36,836 [7e15f5a0-0f8f-4a50-92e4-d2f5038b0085@group-C5D25EF5F288-SegmentedRaftLogWorker] INFO  segmented.BufferedWriteChannel (BufferedWriteChannel.java:open(61)) - open log_inprogress_0 at position 0
2025-07-19 06:08:36,838 [EventQueue-PipelineActionsForPipelineActionHandler] INFO  pipeline.PipelineActionHandler (PipelineActionHandler.java:processPipelineAction(89)) - Received pipeline action CLOSE for Pipeline-d382207d-4198-4d69-b4f6-032dc0aa9b70 from datanode 78917b03-a842-488e-9e7c-f00b43f4ecc3(localhost/127.0.0.1). Reason : Chunks directory /home/runner/work/ozone/ozone/hadoop-ozone/integration-test/target/test-dir/MiniOzoneClusterImpl-09c4c6e1-5ab0-4195-ac7b-5aec6defaa36/ozone-meta/datanode-7/data-0/hdds/09c4c6e1-5ab0-4195-ac7b-5aec6defaa36/current/containerDir0/9/chunks does not exist.
2025-07-19 06:08:36,843 [7e15f5a0-0f8f-4a50-92e4-d2f5038b0085@group-C5D25EF5F288-SegmentedRaftLogWorker] INFO  segmented.SegmentedRaftLogWorker (SegmentedRaftLogWorker.java:execute(647)) - 7e15f5a0-0f8f-4a50-92e4-d2f5038b0085@group-C5D25EF5F288-SegmentedRaftLogWorker: created new log segment /home/runner/work/ozone/ozone/hadoop-ozone/integration-test/target/test-dir/MiniOzoneClusterImpl-09c4c6e1-5ab0-4195-ac7b-5aec6defaa36/ozone-meta/datanode-1/ratis/e78ba560-26c0-404a-add2-c5d25ef5f288/current/log_inprogress_0
2025-07-19 06:08:36,843 [85aa579c-736c-4de8-9407-4b363243255c@group-C5D25EF5F288-SegmentedRaftLogWorker] INFO  segmented.SegmentedRaftLogWorker (SegmentedRaftLogWorker.java:execute(647)) - 85aa579c-736c-4de8-9407-4b363243255c@group-C5D25EF5F288-SegmentedRaftLogWorker: created new log segment /home/runner/work/ozone/ozone/hadoop-ozone/integration-test/target/test-dir/MiniOzoneClusterImpl-09c4c6e1-5ab0-4195-ac7b-5aec6defaa36/ozone-meta/datanode-10/ratis/e78ba560-26c0-404a-add2-c5d25ef5f288/current/log_inprogress_0
2025-07-19 06:08:36,846 [aa0cb613-fc94-4131-90ab-17bcd78458c4@group-C5D25EF5F288-StateMachineUpdater] INFO  server.RaftServer$Division (LeaderStateImpl.java:checkStartIndex(309)) - Leader aa0cb613-fc94-4131-90ab-17bcd78458c4@group-C5D25EF5F288-LeaderStateImpl is ready since appliedIndex == startIndex == 0
2025-07-19 06:08:36,846 [aa0cb613-fc94-4131-90ab-17bcd78458c4@group-C5D25EF5F288-StateMachineUpdater] INFO  ratis.ContainerStateMachine (ContainerStateMachine.java:takeSnapshot(427)) - group-C5D25EF5F288: Taking a snapshot at:(t:1, i:0) file /home/runner/work/ozone/ozone/hadoop-ozone/integration-test/target/test-dir/MiniOzoneClusterImpl-09c4c6e1-5ab0-4195-ac7b-5aec6defaa36/ozone-meta/datanode-2/ratisfaf4a47e-8f61-4394-9b41-11542f27a621/e78ba560-26c0-404a-add2-c5d25ef5f288/sm/snapshot.1_0
2025-07-19 06:08:36,846 [aa0cb613-fc94-4131-90ab-17bcd78458c4@group-C5D25EF5F288-StateMachineUpdater] INFO  ratis.ContainerStateMachine (ContainerStateMachine.java:takeSnapshot(436)) - group-C5D25EF5F288: Finished taking a snapshot at:(t:1, i:0) file:/home/runner/work/ozone/ozone/hadoop-ozone/integration-test/target/test-dir/MiniOzoneClusterImpl-09c4c6e1-5ab0-4195-ac7b-5aec6defaa36/ozone-meta/datanode-2/ratisfaf4a47e-8f61-4394-9b41-11542f27a621/e78ba560-26c0-404a-add2-c5d25ef5f288/sm/snapshot.1_0 took: 1 ms
2025-07-19 06:08:36,847 [aa0cb613-fc94-4131-90ab-17bcd78458c4@group-C5D25EF5F288-StateMachineUpdater] INFO  impl.StateMachineUpdater (StateMachineUpdater.java:takeSnapshot(307)) - aa0cb613-fc94-4131-90ab-17bcd78458c4@group-C5D25EF5F288-StateMachineUpdater: Took a snapshot at index 0
2025-07-19 06:08:36,847 [aa0cb613-fc94-4131-90ab-17bcd78458c4@group-C5D25EF5F288-StateMachineUpdater] INFO  impl.StateMachineUpdater (StateMachineUpdater.java:lambda$new$0(101)) - aa0cb613-fc94-4131-90ab-17bcd78458c4@group-C5D25EF5F288-StateMachineUpdater: snapshotIndex: updateIncreasingly -1 -> 0
2025-07-19 06:08:36,963 [timer7] WARN  server.GrpcLogAppender (GrpcLogAppender.java:timeoutAppendRequest(448)) - d1f2401f-ce3c-4cd7-b613-e85afa8c39c7@group-51802BB6A696->cfedd3f1-5d02-4847-a363-6f2972b00a97-GrpcLogAppender: Timed out HEARTBEAT appendEntries, errorCount=32, request=AppendEntriesRequest:cid=6972,entriesCount=0
2025-07-19 06:08:37,022 [aa0cb613-fc94-4131-90ab-17bcd78458c4@group-E1259A76005C-FollowerState] INFO  impl.FollowerState (FollowerState.java:runImpl(161)) - aa0cb613-fc94-4131-90ab-17bcd78458c4@group-E1259A76005C-FollowerState: change to CANDIDATE, lastRpcElapsedTime:1140480096ns, electionTimeout:1140ms
2025-07-19 06:08:37,022 [aa0cb613-fc94-4131-90ab-17bcd78458c4@group-E1259A76005C-FollowerState] INFO  impl.RoleInfo (RoleInfo.java:shutdownFollowerState(121)) - aa0cb613-fc94-4131-90ab-17bcd78458c4: shutdown aa0cb613-fc94-4131-90ab-17bcd78458c4@group-E1259A76005C-FollowerState
2025-07-19 06:08:37,022 [aa0cb613-fc94-4131-90ab-17bcd78458c4@group-E1259A76005C-FollowerState] INFO  server.RaftServer$Division (RaftServerImpl.java:setRole(392)) - aa0cb613-fc94-4131-90ab-17bcd78458c4@group-E1259A76005C: changes role from  FOLLOWER to CANDIDATE at term 0 for changeToCandidate
2025-07-19 06:08:37,022 [aa0cb613-fc94-4131-90ab-17bcd78458c4@group-E1259A76005C-FollowerState] INFO  impl.RoleInfo (RoleInfo.java:updateAndGet(148)) - aa0cb613-fc94-4131-90ab-17bcd78458c4: start aa0cb613-fc94-4131-90ab-17bcd78458c4@group-E1259A76005C-LeaderElection24
2025-07-19 06:08:37,022 [aa0cb613-fc94-4131-90ab-17bcd78458c4@group-E1259A76005C-LeaderElection24] INFO  impl.LeaderElection (LeaderElection.java:askForVotes(448)) - aa0cb613-fc94-4131-90ab-17bcd78458c4@group-E1259A76005C-LeaderElection24 PRE_VOTE round 0: submit vote requests at term 0 for conf: {index: -1, cur=peers:[aa0cb613-fc94-4131-90ab-17bcd78458c4|127.0.0.1:15023, 85aa579c-736c-4de8-9407-4b363243255c|127.0.0.1:15087, 86838f6f-3dde-42b5-b01a-58c95bf80430|127.0.0.1:15031]|listeners:[], old=null}
2025-07-19 06:08:37,023 [aa0cb613-fc94-4131-90ab-17bcd78458c4@group-E1259A76005C-LeaderElection24-2] INFO  server.GrpcServerProtocolClient (GrpcServerProtocolClient.java:<init>(65)) - Build channel for 86838f6f-3dde-42b5-b01a-58c95bf80430|127.0.0.1:15031
2025-07-19 06:08:37,023 [86838f6f-3dde-42b5-b01a-58c95bf80430@group-E1259A76005C-FollowerState] INFO  impl.FollowerState (FollowerState.java:runImpl(161)) - 86838f6f-3dde-42b5-b01a-58c95bf80430@group-E1259A76005C-FollowerState: change to CANDIDATE, lastRpcElapsedTime:1116378160ns, electionTimeout:1116ms
2025-07-19 06:08:37,023 [86838f6f-3dde-42b5-b01a-58c95bf80430@group-E1259A76005C-FollowerState] INFO  impl.RoleInfo (RoleInfo.java:shutdownFollowerState(121)) - 86838f6f-3dde-42b5-b01a-58c95bf80430: shutdown 86838f6f-3dde-42b5-b01a-58c95bf80430@group-E1259A76005C-FollowerState
2025-07-19 06:08:37,023 [86838f6f-3dde-42b5-b01a-58c95bf80430@group-E1259A76005C-FollowerState] INFO  server.RaftServer$Division (RaftServerImpl.java:setRole(392)) - 86838f6f-3dde-42b5-b01a-58c95bf80430@group-E1259A76005C: changes role from  FOLLOWER to CANDIDATE at term 0 for changeToCandidate
2025-07-19 06:08:37,024 [86838f6f-3dde-42b5-b01a-58c95bf80430@group-E1259A76005C-FollowerState] INFO  impl.RoleInfo (RoleInfo.java:updateAndGet(148)) - 86838f6f-3dde-42b5-b01a-58c95bf80430: start 86838f6f-3dde-42b5-b01a-58c95bf80430@group-E1259A76005C-LeaderElection25
2025-07-19 06:08:37,024 [86838f6f-3dde-42b5-b01a-58c95bf80430@group-E1259A76005C-LeaderElection25] INFO  impl.LeaderElection (LeaderElection.java:askForVotes(448)) - 86838f6f-3dde-42b5-b01a-58c95bf80430@group-E1259A76005C-LeaderElection25 PRE_VOTE round 0: submit vote requests at term 0 for conf: {index: -1, cur=peers:[aa0cb613-fc94-4131-90ab-17bcd78458c4|127.0.0.1:15023, 85aa579c-736c-4de8-9407-4b363243255c|127.0.0.1:15087, 86838f6f-3dde-42b5-b01a-58c95bf80430|127.0.0.1:15031]|listeners:[], old=null}
2025-07-19 06:08:37,025 [grpc-default-executor-6] INFO  server.RaftServer$Division (RaftServerImpl.java:requestVote(1421)) - 85aa579c-736c-4de8-9407-4b363243255c@group-E1259A76005C: receive requestVote(PRE_VOTE, aa0cb613-fc94-4131-90ab-17bcd78458c4, group-E1259A76005C, 0, <PROTO_DEFAULT>)
2025-07-19 06:08:37,025 [grpc-default-executor-6] INFO  impl.VoteContext (VoteContext.java:log(49)) - 85aa579c-736c-4de8-9407-4b363243255c@group-E1259A76005C-FOLLOWER: reject PRE_VOTE from aa0cb613-fc94-4131-90ab-17bcd78458c4: our priority 1 > candidate's priority 0
2025-07-19 06:08:37,025 [grpc-default-executor-6] INFO  server.RaftServer$Division (RaftServerImpl.java:requestVote(1455)) - 85aa579c-736c-4de8-9407-4b363243255c@group-E1259A76005C replies to PRE_VOTE vote request: aa0cb613-fc94-4131-90ab-17bcd78458c4<-85aa579c-736c-4de8-9407-4b363243255c#0:FAIL-t0-last:<INITIAL_VALUE>. Peer's state: 85aa579c-736c-4de8-9407-4b363243255c@group-E1259A76005C:t0, leader=null, voted=, raftlog=Memoized:85aa579c-736c-4de8-9407-4b363243255c@group-E1259A76005C-SegmentedRaftLog:OPENED:c-1:lastnull, conf=conf: {index: -1, cur=peers:[aa0cb613-fc94-4131-90ab-17bcd78458c4|127.0.0.1:15023, 85aa579c-736c-4de8-9407-4b363243255c|127.0.0.1:15087, 86838f6f-3dde-42b5-b01a-58c95bf80430|127.0.0.1:15031]|listeners:[], old=null}
2025-07-19 06:08:37,025 [86838f6f-3dde-42b5-b01a-58c95bf80430@group-E1259A76005C-LeaderElection25-2] INFO  server.GrpcServerProtocolClient (GrpcServerProtocolClient.java:<init>(65)) - Build channel for 85aa579c-736c-4de8-9407-4b363243255c|127.0.0.1:15087
2025-07-19 06:08:37,026 [85aa579c-736c-4de8-9407-4b363243255c@group-E1259A76005C-FollowerState] INFO  impl.FollowerState (FollowerState.java:runImpl(161)) - 85aa579c-736c-4de8-9407-4b363243255c@group-E1259A76005C-FollowerState: change to CANDIDATE, lastRpcElapsedTime:1186540260ns, electionTimeout:1186ms
2025-07-19 06:08:37,026 [85aa579c-736c-4de8-9407-4b363243255c@group-E1259A76005C-FollowerState] INFO  impl.RoleInfo (RoleInfo.java:shutdownFollowerState(121)) - 85aa579c-736c-4de8-9407-4b363243255c: shutdown 85aa579c-736c-4de8-9407-4b363243255c@group-E1259A76005C-FollowerState
2025-07-19 06:08:37,026 [85aa579c-736c-4de8-9407-4b363243255c@group-E1259A76005C-FollowerState] INFO  server.RaftServer$Division (RaftServerImpl.java:setRole(392)) - 85aa579c-736c-4de8-9407-4b363243255c@group-E1259A76005C: changes role from  FOLLOWER to CANDIDATE at term 0 for changeToCandidate
2025-07-19 06:08:37,026 [85aa579c-736c-4de8-9407-4b363243255c@group-E1259A76005C-FollowerState] INFO  impl.RoleInfo (RoleInfo.java:updateAndGet(148)) - 85aa579c-736c-4de8-9407-4b363243255c: start 85aa579c-736c-4de8-9407-4b363243255c@group-E1259A76005C-LeaderElection26
2025-07-19 06:08:37,026 [aa0cb613-fc94-4131-90ab-17bcd78458c4@group-E1259A76005C-LeaderElection24] INFO  impl.LeaderElection (LeaderElection.java:logAndReturn(206)) - aa0cb613-fc94-4131-90ab-17bcd78458c4@group-E1259A76005C-LeaderElection24: PRE_VOTE REJECTED received 1 response(s) and 0 exception(s):
2025-07-19 06:08:37,027 [85aa579c-736c-4de8-9407-4b363243255c@group-E1259A76005C-LeaderElection26] INFO  impl.LeaderElection (LeaderElection.java:askForVotes(448)) - 85aa579c-736c-4de8-9407-4b363243255c@group-E1259A76005C-LeaderElection26 PRE_VOTE round 0: submit vote requests at term 0 for conf: {index: -1, cur=peers:[aa0cb613-fc94-4131-90ab-17bcd78458c4|127.0.0.1:15023, 85aa579c-736c-4de8-9407-4b363243255c|127.0.0.1:15087, 86838f6f-3dde-42b5-b01a-58c95bf80430|127.0.0.1:15031]|listeners:[], old=null}
2025-07-19 06:08:37,027 [aa0cb613-fc94-4131-90ab-17bcd78458c4@group-E1259A76005C-LeaderElection24] INFO  impl.LeaderElection (LeaderElection.java:logAndReturn(210)) -   Response 0: aa0cb613-fc94-4131-90ab-17bcd78458c4<-85aa579c-736c-4de8-9407-4b363243255c#0:FAIL-t0-last:<INITIAL_VALUE>
2025-07-19 06:08:37,027 [aa0cb613-fc94-4131-90ab-17bcd78458c4@group-E1259A76005C-LeaderElection24] INFO  impl.LeaderElection (LeaderElection.java:askForVotes(450)) - aa0cb613-fc94-4131-90ab-17bcd78458c4@group-E1259A76005C-LeaderElection24 PRE_VOTE round 0: result REJECTED
2025-07-19 06:08:37,027 [aa0cb613-fc94-4131-90ab-17bcd78458c4@group-E1259A76005C-LeaderElection24] INFO  server.RaftServer$Division (RaftServerImpl.java:setRole(392)) - aa0cb613-fc94-4131-90ab-17bcd78458c4@group-E1259A76005C: changes role from CANDIDATE to FOLLOWER at term 0 for REJECTED
2025-07-19 06:08:37,027 [aa0cb613-fc94-4131-90ab-17bcd78458c4@group-E1259A76005C-LeaderElection24] INFO  impl.RoleInfo (RoleInfo.java:shutdownLeaderElection(141)) - aa0cb613-fc94-4131-90ab-17bcd78458c4: shutdown aa0cb613-fc94-4131-90ab-17bcd78458c4@group-E1259A76005C-LeaderElection24
2025-07-19 06:08:37,027 [aa0cb613-fc94-4131-90ab-17bcd78458c4@group-E1259A76005C-LeaderElection24] INFO  impl.RoleInfo (RoleInfo.java:updateAndGet(148)) - aa0cb613-fc94-4131-90ab-17bcd78458c4: start aa0cb613-fc94-4131-90ab-17bcd78458c4@group-E1259A76005C-FollowerState
2025-07-19 06:08:37,027 [85aa579c-736c-4de8-9407-4b363243255c@group-E1259A76005C-LeaderElection26-1] INFO  server.GrpcServerProtocolClient (GrpcServerProtocolClient.java:<init>(65)) - Build channel for aa0cb613-fc94-4131-90ab-17bcd78458c4|127.0.0.1:15023
2025-07-19 06:08:37,028 [grpc-default-executor-6] INFO  server.RaftServer$Division (RaftServerImpl.java:requestVote(1421)) - aa0cb613-fc94-4131-90ab-17bcd78458c4@group-E1259A76005C: receive requestVote(PRE_VOTE, 86838f6f-3dde-42b5-b01a-58c95bf80430, group-E1259A76005C, 0, <PROTO_DEFAULT>)
2025-07-19 06:08:37,028 [85aa579c-736c-4de8-9407-4b363243255c@group-E1259A76005C-LeaderElection26-2] INFO  server.GrpcServerProtocolClient (GrpcServerProtocolClient.java:<init>(65)) - Build channel for 86838f6f-3dde-42b5-b01a-58c95bf80430|127.0.0.1:15031
2025-07-19 06:08:37,030 [aa0cb613-fc94-4131-90ab-17bcd78458c4@group-E1259A76005C-LeaderElection24] INFO  server.RaftServer$Division (RaftServerImpl.java:setFirstElection(576)) - aa0cb613-fc94-4131-90ab-17bcd78458c4@group-E1259A76005C: set firstElectionSinceStartup to false for REJECTED
2025-07-19 06:08:37,031 [grpc-default-executor-6] INFO  impl.VoteContext (VoteContext.java:log(49)) - aa0cb613-fc94-4131-90ab-17bcd78458c4@group-E1259A76005C-FOLLOWER: accept PRE_VOTE from 86838f6f-3dde-42b5-b01a-58c95bf80430: our priority 0 <= candidate's priority 0
2025-07-19 06:08:37,031 [grpc-default-executor-6] INFO  server.RaftServer$Division (RaftServerImpl.java:requestVote(1455)) - aa0cb613-fc94-4131-90ab-17bcd78458c4@group-E1259A76005C replies to PRE_VOTE vote request: 86838f6f-3dde-42b5-b01a-58c95bf80430<-aa0cb613-fc94-4131-90ab-17bcd78458c4#0:OK-t0-last:<INITIAL_VALUE>. Peer's state: aa0cb613-fc94-4131-90ab-17bcd78458c4@group-E1259A76005C:t0, leader=null, voted=, raftlog=Memoized:aa0cb613-fc94-4131-90ab-17bcd78458c4@group-E1259A76005C-SegmentedRaftLog:OPENED:c-1:lastnull, conf=conf: {index: -1, cur=peers:[aa0cb613-fc94-4131-90ab-17bcd78458c4|127.0.0.1:15023, 85aa579c-736c-4de8-9407-4b363243255c|127.0.0.1:15087, 86838f6f-3dde-42b5-b01a-58c95bf80430|127.0.0.1:15031]|listeners:[], old=null}
2025-07-19 06:08:37,031 [grpc-default-executor-3] INFO  server.RaftServer$Division (RaftServerImpl.java:requestVote(1421)) - aa0cb613-fc94-4131-90ab-17bcd78458c4@group-E1259A76005C: receive requestVote(PRE_VOTE, 85aa579c-736c-4de8-9407-4b363243255c, group-E1259A76005C, 0, <PROTO_DEFAULT>)
2025-07-19 06:08:37,031 [grpc-default-executor-3] INFO  impl.VoteContext (VoteContext.java:log(49)) - aa0cb613-fc94-4131-90ab-17bcd78458c4@group-E1259A76005C-FOLLOWER: accept PRE_VOTE from 85aa579c-736c-4de8-9407-4b363243255c: our priority 0 <= candidate's priority 1
2025-07-19 06:08:37,031 [grpc-default-executor-3] INFO  server.RaftServer$Division (RaftServerImpl.java:requestVote(1455)) - aa0cb613-fc94-4131-90ab-17bcd78458c4@group-E1259A76005C replies to PRE_VOTE vote request: 85aa579c-736c-4de8-9407-4b363243255c<-aa0cb613-fc94-4131-90ab-17bcd78458c4#0:OK-t0-last:<INITIAL_VALUE>. Peer's state: aa0cb613-fc94-4131-90ab-17bcd78458c4@group-E1259A76005C:t0, leader=null, voted=, raftlog=Memoized:aa0cb613-fc94-4131-90ab-17bcd78458c4@group-E1259A76005C-SegmentedRaftLog:OPENED:c-1:lastnull, conf=conf: {index: -1, cur=peers:[aa0cb613-fc94-4131-90ab-17bcd78458c4|127.0.0.1:15023, 85aa579c-736c-4de8-9407-4b363243255c|127.0.0.1:15087, 86838f6f-3dde-42b5-b01a-58c95bf80430|127.0.0.1:15031]|listeners:[], old=null}
2025-07-19 06:08:37,032 [85aa579c-736c-4de8-9407-4b363243255c@group-E1259A76005C-LeaderElection26] INFO  impl.LeaderElection (LeaderElection.java:logAndReturn(206)) - 85aa579c-736c-4de8-9407-4b363243255c@group-E1259A76005C-LeaderElection26: PRE_VOTE PASSED received 1 response(s) and 0 exception(s):
2025-07-19 06:08:37,032 [85aa579c-736c-4de8-9407-4b363243255c@group-E1259A76005C-LeaderElection26] INFO  impl.LeaderElection (LeaderElection.java:logAndReturn(210)) -   Response 0: 85aa579c-736c-4de8-9407-4b363243255c<-aa0cb613-fc94-4131-90ab-17bcd78458c4#0:OK-t0-last:<INITIAL_VALUE>
2025-07-19 06:08:37,032 [85aa579c-736c-4de8-9407-4b363243255c@group-E1259A76005C-LeaderElection26] INFO  impl.LeaderElection (LeaderElection.java:askForVotes(450)) - 85aa579c-736c-4de8-9407-4b363243255c@group-E1259A76005C-LeaderElection26 PRE_VOTE round 0: result PASSED
2025-07-19 06:08:37,032 [grpc-default-executor-9] INFO  server.RaftServer$Division (RaftServerImpl.java:requestVote(1421)) - 85aa579c-736c-4de8-9407-4b363243255c@group-E1259A76005C: receive requestVote(PRE_VOTE, 86838f6f-3dde-42b5-b01a-58c95bf80430, group-E1259A76005C, 0, <PROTO_DEFAULT>)
2025-07-19 06:08:37,032 [grpc-default-executor-9] INFO  impl.VoteContext (VoteContext.java:log(49)) - 85aa579c-736c-4de8-9407-4b363243255c@group-E1259A76005C-CANDIDATE: reject PRE_VOTE from 86838f6f-3dde-42b5-b01a-58c95bf80430: our priority 1 > candidate's priority 0
2025-07-19 06:08:37,032 [grpc-default-executor-9] INFO  server.RaftServer$Division (RaftServerImpl.java:requestVote(1455)) - 85aa579c-736c-4de8-9407-4b363243255c@group-E1259A76005C replies to PRE_VOTE vote request: 86838f6f-3dde-42b5-b01a-58c95bf80430<-85aa579c-736c-4de8-9407-4b363243255c#0:FAIL-t1-last:<INITIAL_VALUE>. Peer's state: 85aa579c-736c-4de8-9407-4b363243255c@group-E1259A76005C:t1, leader=null, voted=85aa579c-736c-4de8-9407-4b363243255c, raftlog=Memoized:85aa579c-736c-4de8-9407-4b363243255c@group-E1259A76005C-SegmentedRaftLog:OPENED:c-1:lastnull, conf=conf: {index: -1, cur=peers:[aa0cb613-fc94-4131-90ab-17bcd78458c4|127.0.0.1:15023, 85aa579c-736c-4de8-9407-4b363243255c|127.0.0.1:15087, 86838f6f-3dde-42b5-b01a-58c95bf80430|127.0.0.1:15031]|listeners:[], old=null}
2025-07-19 06:08:37,032 [grpc-default-executor-3] INFO  server.RaftServer$Division (RaftServerImpl.java:requestVote(1421)) - 86838f6f-3dde-42b5-b01a-58c95bf80430@group-E1259A76005C: receive requestVote(PRE_VOTE, 85aa579c-736c-4de8-9407-4b363243255c, group-E1259A76005C, 0, <PROTO_DEFAULT>)
2025-07-19 06:08:37,033 [grpc-default-executor-3] INFO  impl.VoteContext (VoteContext.java:log(49)) - 86838f6f-3dde-42b5-b01a-58c95bf80430@group-E1259A76005C-CANDIDATE: accept PRE_VOTE from 85aa579c-736c-4de8-9407-4b363243255c: our priority 0 <= candidate's priority 1
2025-07-19 06:08:37,033 [grpc-default-executor-3] INFO  server.RaftServer$Division (RaftServerImpl.java:requestVote(1455)) - 86838f6f-3dde-42b5-b01a-58c95bf80430@group-E1259A76005C replies to PRE_VOTE vote request: 85aa579c-736c-4de8-9407-4b363243255c<-86838f6f-3dde-42b5-b01a-58c95bf80430#0:OK-t0-last:<INITIAL_VALUE>. Peer's state: 86838f6f-3dde-42b5-b01a-58c95bf80430@group-E1259A76005C:t0, leader=null, voted=, raftlog=Memoized:86838f6f-3dde-42b5-b01a-58c95bf80430@group-E1259A76005C-SegmentedRaftLog:OPENED:c-1:lastnull, conf=conf: {index: -1, cur=peers:[aa0cb613-fc94-4131-90ab-17bcd78458c4|127.0.0.1:15023, 85aa579c-736c-4de8-9407-4b363243255c|127.0.0.1:15087, 86838f6f-3dde-42b5-b01a-58c95bf80430|127.0.0.1:15031]|listeners:[], old=null}
2025-07-19 06:08:37,033 [86838f6f-3dde-42b5-b01a-58c95bf80430@group-E1259A76005C-LeaderElection25] INFO  impl.LeaderElection (LeaderElection.java:logAndReturn(206)) - 86838f6f-3dde-42b5-b01a-58c95bf80430@group-E1259A76005C-LeaderElection25: PRE_VOTE DISCOVERED_A_NEW_TERM (term=1) received 2 response(s) and 0 exception(s):
2025-07-19 06:08:37,033 [86838f6f-3dde-42b5-b01a-58c95bf80430@group-E1259A76005C-LeaderElection25] INFO  impl.LeaderElection (LeaderElection.java:logAndReturn(210)) -   Response 0: 86838f6f-3dde-42b5-b01a-58c95bf80430<-aa0cb613-fc94-4131-90ab-17bcd78458c4#0:OK-t0-last:<INITIAL_VALUE>
2025-07-19 06:08:37,033 [86838f6f-3dde-42b5-b01a-58c95bf80430@group-E1259A76005C-LeaderElection25] INFO  impl.LeaderElection (LeaderElection.java:logAndReturn(210)) -   Response 1: 86838f6f-3dde-42b5-b01a-58c95bf80430<-85aa579c-736c-4de8-9407-4b363243255c#0:FAIL-t1-last:<INITIAL_VALUE>
2025-07-19 06:08:37,033 [86838f6f-3dde-42b5-b01a-58c95bf80430@group-E1259A76005C-LeaderElection25] INFO  impl.LeaderElection (LeaderElection.java:askForVotes(450)) - 86838f6f-3dde-42b5-b01a-58c95bf80430@group-E1259A76005C-LeaderElection25 PRE_VOTE round 0: result DISCOVERED_A_NEW_TERM (term=1)
2025-07-19 06:08:37,033 [86838f6f-3dde-42b5-b01a-58c95bf80430@group-E1259A76005C-LeaderElection25] INFO  server.RaftServer$Division (RaftServerImpl.java:setRole(392)) - 86838f6f-3dde-42b5-b01a-58c95bf80430@group-E1259A76005C: changes role from CANDIDATE to FOLLOWER at term 0 for DISCOVERED_A_NEW_TERM (term=1)
2025-07-19 06:08:37,033 [86838f6f-3dde-42b5-b01a-58c95bf80430@group-E1259A76005C-LeaderElection25] INFO  impl.RoleInfo (RoleInfo.java:shutdownLeaderElection(141)) - 86838f6f-3dde-42b5-b01a-58c95bf80430: shutdown 86838f6f-3dde-42b5-b01a-58c95bf80430@group-E1259A76005C-LeaderElection25
2025-07-19 06:08:37,033 [86838f6f-3dde-42b5-b01a-58c95bf80430@group-E1259A76005C-LeaderElection25] INFO  impl.RoleInfo (RoleInfo.java:updateAndGet(148)) - 86838f6f-3dde-42b5-b01a-58c95bf80430: start 86838f6f-3dde-42b5-b01a-58c95bf80430@group-E1259A76005C-FollowerState
2025-07-19 06:08:37,034 [86838f6f-3dde-42b5-b01a-58c95bf80430@group-E1259A76005C-LeaderElection25] INFO  server.RaftServer$Division (RaftServerImpl.java:setFirstElection(576)) - 86838f6f-3dde-42b5-b01a-58c95bf80430@group-E1259A76005C: set firstElectionSinceStartup to false for DISCOVERED_A_NEW_TERM (term=1)
2025-07-19 06:08:37,034 [85aa579c-736c-4de8-9407-4b363243255c@group-E1259A76005C-LeaderElection26] INFO  impl.LeaderElection (LeaderElection.java:askForVotes(448)) - 85aa579c-736c-4de8-9407-4b363243255c@group-E1259A76005C-LeaderElection26 ELECTION round 0: submit vote requests at term 1 for conf: {index: -1, cur=peers:[aa0cb613-fc94-4131-90ab-17bcd78458c4|127.0.0.1:15023, 85aa579c-736c-4de8-9407-4b363243255c|127.0.0.1:15087, 86838f6f-3dde-42b5-b01a-58c95bf80430|127.0.0.1:15031]|listeners:[], old=null}
2025-07-19 06:08:37,035 [grpc-default-executor-3] INFO  server.RaftServer$Division (RaftServerImpl.java:requestVote(1421)) - 86838f6f-3dde-42b5-b01a-58c95bf80430@group-E1259A76005C: receive requestVote(ELECTION, 85aa579c-736c-4de8-9407-4b363243255c, group-E1259A76005C, 1, <PROTO_DEFAULT>)
2025-07-19 06:08:37,035 [grpc-default-executor-3] INFO  impl.VoteContext (VoteContext.java:log(49)) - 86838f6f-3dde-42b5-b01a-58c95bf80430@group-E1259A76005C-FOLLOWER: accept ELECTION from 85aa579c-736c-4de8-9407-4b363243255c: our priority 0 <= candidate's priority 1
2025-07-19 06:08:37,035 [grpc-default-executor-3] INFO  server.RaftServer$Division (RaftServerImpl.java:setRole(392)) - 86838f6f-3dde-42b5-b01a-58c95bf80430@group-E1259A76005C: changes role from  FOLLOWER to FOLLOWER at term 1 for candidate:85aa579c-736c-4de8-9407-4b363243255c
2025-07-19 06:08:37,035 [grpc-default-executor-3] INFO  impl.RoleInfo (RoleInfo.java:shutdownFollowerState(121)) - 86838f6f-3dde-42b5-b01a-58c95bf80430: shutdown 86838f6f-3dde-42b5-b01a-58c95bf80430@group-E1259A76005C-FollowerState
2025-07-19 06:08:37,036 [86838f6f-3dde-42b5-b01a-58c95bf80430@group-E1259A76005C-FollowerState] INFO  impl.FollowerState (FollowerState.java:runImpl(170)) - 86838f6f-3dde-42b5-b01a-58c95bf80430@group-E1259A76005C-FollowerState was interrupted
2025-07-19 06:08:37,036 [grpc-default-executor-3] INFO  impl.RoleInfo (RoleInfo.java:updateAndGet(148)) - 86838f6f-3dde-42b5-b01a-58c95bf80430: start 86838f6f-3dde-42b5-b01a-58c95bf80430@group-E1259A76005C-FollowerState
2025-07-19 06:08:37,036 [grpc-default-executor-6] INFO  server.RaftServer$Division (RaftServerImpl.java:requestVote(1421)) - aa0cb613-fc94-4131-90ab-17bcd78458c4@group-E1259A76005C: receive requestVote(ELECTION, 85aa579c-736c-4de8-9407-4b363243255c, group-E1259A76005C, 1, <PROTO_DEFAULT>)
2025-07-19 06:08:37,036 [grpc-default-executor-6] INFO  impl.VoteContext (VoteContext.java:log(49)) - aa0cb613-fc94-4131-90ab-17bcd78458c4@group-E1259A76005C-FOLLOWER: accept ELECTION from 85aa579c-736c-4de8-9407-4b363243255c: our priority 0 <= candidate's priority 1
2025-07-19 06:08:37,036 [grpc-default-executor-6] INFO  server.RaftServer$Division (RaftServerImpl.java:setRole(392)) - aa0cb613-fc94-4131-90ab-17bcd78458c4@group-E1259A76005C: changes role from  FOLLOWER to FOLLOWER at term 0 for candidate:85aa579c-736c-4de8-9407-4b363243255c
2025-07-19 06:08:37,036 [grpc-default-executor-6] INFO  impl.RoleInfo (RoleInfo.java:shutdownFollowerState(121)) - aa0cb613-fc94-4131-90ab-17bcd78458c4: shutdown aa0cb613-fc94-4131-90ab-17bcd78458c4@group-E1259A76005C-FollowerState
2025-07-19 06:08:37,036 [grpc-default-executor-6] INFO  impl.RoleInfo (RoleInfo.java:updateAndGet(148)) - aa0cb613-fc94-4131-90ab-17bcd78458c4: start aa0cb613-fc94-4131-90ab-17bcd78458c4@group-E1259A76005C-FollowerState
2025-07-19 06:08:37,036 [aa0cb613-fc94-4131-90ab-17bcd78458c4@group-E1259A76005C-FollowerState] INFO  impl.FollowerState (FollowerState.java:runImpl(170)) - aa0cb613-fc94-4131-90ab-17bcd78458c4@group-E1259A76005C-FollowerState was interrupted
2025-07-19 06:08:37,038 [grpc-default-executor-3] INFO  server.RaftServer$Division (RaftServerImpl.java:requestVote(1455)) - 86838f6f-3dde-42b5-b01a-58c95bf80430@group-E1259A76005C replies to ELECTION vote request: 85aa579c-736c-4de8-9407-4b363243255c<-86838f6f-3dde-42b5-b01a-58c95bf80430#0:OK-t1-last:<INITIAL_VALUE>. Peer's state: 86838f6f-3dde-42b5-b01a-58c95bf80430@group-E1259A76005C:t1, leader=null, voted=85aa579c-736c-4de8-9407-4b363243255c, raftlog=Memoized:86838f6f-3dde-42b5-b01a-58c95bf80430@group-E1259A76005C-SegmentedRaftLog:OPENED:c-1:lastnull, conf=conf: {index: -1, cur=peers:[aa0cb613-fc94-4131-90ab-17bcd78458c4|127.0.0.1:15023, 85aa579c-736c-4de8-9407-4b363243255c|127.0.0.1:15087, 86838f6f-3dde-42b5-b01a-58c95bf80430|127.0.0.1:15031]|listeners:[], old=null}
2025-07-19 06:08:37,038 [grpc-default-executor-6] INFO  server.RaftServer$Division (RaftServerImpl.java:requestVote(1455)) - aa0cb613-fc94-4131-90ab-17bcd78458c4@group-E1259A76005C replies to ELECTION vote request: 85aa579c-736c-4de8-9407-4b363243255c<-aa0cb613-fc94-4131-90ab-17bcd78458c4#0:OK-t1-last:<INITIAL_VALUE>. Peer's state: aa0cb613-fc94-4131-90ab-17bcd78458c4@group-E1259A76005C:t1, leader=null, voted=85aa579c-736c-4de8-9407-4b363243255c, raftlog=Memoized:aa0cb613-fc94-4131-90ab-17bcd78458c4@group-E1259A76005C-SegmentedRaftLog:OPENED:c-1:lastnull, conf=conf: {index: -1, cur=peers:[aa0cb613-fc94-4131-90ab-17bcd78458c4|127.0.0.1:15023, 85aa579c-736c-4de8-9407-4b363243255c|127.0.0.1:15087, 86838f6f-3dde-42b5-b01a-58c95bf80430|127.0.0.1:15031]|listeners:[], old=null}
2025-07-19 06:08:37,040 [EventQueue-PipelineActionsForPipelineActionHandler] INFO  pipeline.PipelineActionHandler (PipelineActionHandler.java:processPipelineAction(89)) - Received pipeline action CLOSE for Pipeline-d382207d-4198-4d69-b4f6-032dc0aa9b70 from datanode 78917b03-a842-488e-9e7c-f00b43f4ecc3(localhost/127.0.0.1). Reason : Chunks directory /home/runner/work/ozone/ozone/hadoop-ozone/integration-test/target/test-dir/MiniOzoneClusterImpl-09c4c6e1-5ab0-4195-ac7b-5aec6defaa36/ozone-meta/datanode-7/data-0/hdds/09c4c6e1-5ab0-4195-ac7b-5aec6defaa36/current/containerDir0/9/chunks does not exist.
2025-07-19 06:08:37,041 [85aa579c-736c-4de8-9407-4b363243255c@group-E1259A76005C-LeaderElection26] INFO  impl.LeaderElection (LeaderElection.java:logAndReturn(206)) - 85aa579c-736c-4de8-9407-4b363243255c@group-E1259A76005C-LeaderElection26: ELECTION PASSED received 1 response(s) and 0 exception(s):
2025-07-19 06:08:37,041 [85aa579c-736c-4de8-9407-4b363243255c@group-E1259A76005C-LeaderElection26] INFO  impl.LeaderElection (LeaderElection.java:logAndReturn(210)) -   Response 0: 85aa579c-736c-4de8-9407-4b363243255c<-86838f6f-3dde-42b5-b01a-58c95bf80430#0:OK-t1-last:<INITIAL_VALUE>
2025-07-19 06:08:37,041 [85aa579c-736c-4de8-9407-4b363243255c@group-E1259A76005C-LeaderElection26] INFO  impl.LeaderElection (LeaderElection.java:askForVotes(450)) - 85aa579c-736c-4de8-9407-4b363243255c@group-E1259A76005C-LeaderElection26 ELECTION round 0: result PASSED
2025-07-19 06:08:37,041 [85aa579c-736c-4de8-9407-4b363243255c@group-E1259A76005C-LeaderElection26] INFO  impl.RoleInfo (RoleInfo.java:shutdownLeaderElection(141)) - 85aa579c-736c-4de8-9407-4b363243255c: shutdown 85aa579c-736c-4de8-9407-4b363243255c@group-E1259A76005C-LeaderElection26
2025-07-19 06:08:37,041 [85aa579c-736c-4de8-9407-4b363243255c@group-E1259A76005C-LeaderElection26] INFO  server.RaftServer$Division (RaftServerImpl.java:setRole(392)) - 85aa579c-736c-4de8-9407-4b363243255c@group-E1259A76005C: changes role from CANDIDATE to LEADER at term 1 for changeToLeader
2025-07-19 06:08:37,042 [85aa579c-736c-4de8-9407-4b363243255c@group-E1259A76005C-LeaderElection26] INFO  server.RaftServerConfigKeys (ConfUtils.java:logFallback(69)) - raft.server.staging.timeout = 15600ms (fallback to raft.server.rpc.timeout.max)
2025-07-19 06:08:37,042 [85aa579c-736c-4de8-9407-4b363243255c@group-E1259A76005C-LeaderElection26] INFO  server.RaftServerConfigKeys (ConfUtils.java:logGet(62)) - raft.server.write.byte-limit = 1024 M (=1073741824) (custom)
2025-07-19 06:08:37,045 [85aa579c-736c-4de8-9407-4b363243255c@group-E1259A76005C-LeaderElection26] INFO  server.RaftServerConfigKeys (ConfUtils.java:logGet(62)) - raft.server.log.appender.buffer.byte-limit = 33554432 (custom)
2025-07-19 06:08:37,047 [85aa579c-736c-4de8-9407-4b363243255c@group-E1259A76005C-LeaderElection26] INFO  server.RaftServerConfigKeys (ConfUtils.java:logGet(62)) - raft.server.log.appender.buffer.byte-limit = 33554432 (custom)
2025-07-19 06:08:37,048 [85aa579c-736c-4de8-9407-4b363243255c@group-E1259A76005C-LeaderElection26] INFO  impl.RoleInfo (RoleInfo.java:updateAndGet(148)) - 85aa579c-736c-4de8-9407-4b363243255c: start 85aa579c-736c-4de8-9407-4b363243255c@group-E1259A76005C-LeaderStateImpl
2025-07-19 06:08:37,048 [85aa579c-736c-4de8-9407-4b363243255c@group-E1259A76005C-LeaderElection26] INFO  server.RaftServer$Division (RaftServerImpl.java:setFirstElection(576)) - 85aa579c-736c-4de8-9407-4b363243255c@group-E1259A76005C: set firstElectionSinceStartup to false for becomeLeader
2025-07-19 06:08:37,048 [85aa579c-736c-4de8-9407-4b363243255c@group-E1259A76005C-LeaderElection26] INFO  ratis.XceiverServerRatis (XceiverServerRatis.java:handleLeaderChangedNotification(944)) - Leader change notification received for group: group-E1259A76005C with new leaderId: 85aa579c-736c-4de8-9407-4b363243255c
2025-07-19 06:08:37,048 [85aa579c-736c-4de8-9407-4b363243255c@group-E1259A76005C-LeaderElection26] INFO  server.RaftServer$Division (ServerState.java:setLeader(272)) - 85aa579c-736c-4de8-9407-4b363243255c@group-E1259A76005C: change Leader from null to 85aa579c-736c-4de8-9407-4b363243255c at term 1 for becomeLeader, leader elected after 1234ms
2025-07-19 06:08:37,048 [85aa579c-736c-4de8-9407-4b363243255c@group-E1259A76005C-LeaderElection26] INFO  segmented.SegmentedRaftLogWorker (SegmentedRaftLogWorker.java:startLogSegment(440)) - 85aa579c-736c-4de8-9407-4b363243255c@group-E1259A76005C-SegmentedRaftLogWorker: Starting segment from index:0
2025-07-19 06:08:37,049 [85aa579c-736c-4de8-9407-4b363243255c@group-E1259A76005C-LeaderElection26] INFO  server.RaftServer$Division (ServerState.java:setRaftConf(386)) - 85aa579c-736c-4de8-9407-4b363243255c@group-E1259A76005C: set configuration conf: {index: 0, cur=peers:[aa0cb613-fc94-4131-90ab-17bcd78458c4|127.0.0.1:15023, 85aa579c-736c-4de8-9407-4b363243255c|127.0.0.1:15087, 86838f6f-3dde-42b5-b01a-58c95bf80430|127.0.0.1:15031]|listeners:[], old=null}
2025-07-19 06:08:37,049 [85aa579c-736c-4de8-9407-4b363243255c@group-E1259A76005C-SegmentedRaftLogWorker] INFO  segmented.BufferedWriteChannel (BufferedWriteChannel.java:open(61)) - open log_inprogress_0 at position 0
2025-07-19 06:08:37,052 [EventQueue-PipelineReportForPipelineReportHandler] INFO  pipeline.PipelineReportHandler (PipelineReportHandler.java:processPipelineReport(134)) - Opened pipeline Pipeline-1209715d-b878-4f51-a412-e1259a76005c
2025-07-19 06:08:37,059 [grpc-default-executor-6] INFO  ratis.XceiverServerRatis (XceiverServerRatis.java:handleLeaderChangedNotification(944)) - Leader change notification received for group: group-E1259A76005C with new leaderId: 85aa579c-736c-4de8-9407-4b363243255c
2025-07-19 06:08:37,060 [grpc-default-executor-0] INFO  ratis.XceiverServerRatis (XceiverServerRatis.java:handleLeaderChangedNotification(944)) - Leader change notification received for group: group-E1259A76005C with new leaderId: 85aa579c-736c-4de8-9407-4b363243255c
2025-07-19 06:08:37,061 [grpc-default-executor-0] INFO  server.RaftServer$Division (ServerState.java:setLeader(272)) - aa0cb613-fc94-4131-90ab-17bcd78458c4@group-E1259A76005C: change Leader from null to 85aa579c-736c-4de8-9407-4b363243255c at term 1 for appendEntries, leader elected after 1208ms
2025-07-19 06:08:37,061 [grpc-default-executor-6] INFO  server.RaftServer$Division (ServerState.java:setLeader(272)) - 86838f6f-3dde-42b5-b01a-58c95bf80430@group-E1259A76005C: change Leader from null to 85aa579c-736c-4de8-9407-4b363243255c at term 1 for appendEntries, leader elected after 1167ms
2025-07-19 06:08:37,061 [grpc-default-executor-0] INFO  server.RaftServer$Division (ServerState.java:setRaftConf(386)) - aa0cb613-fc94-4131-90ab-17bcd78458c4@group-E1259A76005C: set configuration conf: {index: 0, cur=peers:[aa0cb613-fc94-4131-90ab-17bcd78458c4|127.0.0.1:15023, 85aa579c-736c-4de8-9407-4b363243255c|127.0.0.1:15087, 86838f6f-3dde-42b5-b01a-58c95bf80430|127.0.0.1:15031]|listeners:[], old=null}
2025-07-19 06:08:37,061 [grpc-default-executor-0] INFO  segmented.SegmentedRaftLogWorker (SegmentedRaftLogWorker.java:startLogSegment(440)) - aa0cb613-fc94-4131-90ab-17bcd78458c4@group-E1259A76005C-SegmentedRaftLogWorker: Starting segment from index:0
2025-07-19 06:08:37,062 [85aa579c-736c-4de8-9407-4b363243255c@group-E1259A76005C-SegmentedRaftLogWorker] INFO  segmented.SegmentedRaftLogWorker (SegmentedRaftLogWorker.java:execute(647)) - 85aa579c-736c-4de8-9407-4b363243255c@group-E1259A76005C-SegmentedRaftLogWorker: created new log segment /home/runner/work/ozone/ozone/hadoop-ozone/integration-test/target/test-dir/MiniOzoneClusterImpl-09c4c6e1-5ab0-4195-ac7b-5aec6defaa36/ozone-meta/datanode-10/ratis/1209715d-b878-4f51-a412-e1259a76005c/current/log_inprogress_0
2025-07-19 06:08:37,063 [aa0cb613-fc94-4131-90ab-17bcd78458c4@group-E1259A76005C-SegmentedRaftLogWorker] INFO  segmented.BufferedWriteChannel (BufferedWriteChannel.java:open(61)) - open log_inprogress_0 at position 0
2025-07-19 06:08:37,063 [grpc-default-executor-6] INFO  server.RaftServer$Division (ServerState.java:setRaftConf(386)) - 86838f6f-3dde-42b5-b01a-58c95bf80430@group-E1259A76005C: set configuration conf: {index: 0, cur=peers:[aa0cb613-fc94-4131-90ab-17bcd78458c4|127.0.0.1:15023, 85aa579c-736c-4de8-9407-4b363243255c|127.0.0.1:15087, 86838f6f-3dde-42b5-b01a-58c95bf80430|127.0.0.1:15031]|listeners:[], old=null}
2025-07-19 06:08:37,063 [grpc-default-executor-6] INFO  segmented.SegmentedRaftLogWorker (SegmentedRaftLogWorker.java:startLogSegment(440)) - 86838f6f-3dde-42b5-b01a-58c95bf80430@group-E1259A76005C-SegmentedRaftLogWorker: Starting segment from index:0
2025-07-19 06:08:37,065 [86838f6f-3dde-42b5-b01a-58c95bf80430@group-E1259A76005C-SegmentedRaftLogWorker] INFO  segmented.BufferedWriteChannel (BufferedWriteChannel.java:open(61)) - open log_inprogress_0 at position 0
2025-07-19 06:08:37,071 [aa0cb613-fc94-4131-90ab-17bcd78458c4@group-E1259A76005C-SegmentedRaftLogWorker] INFO  segmented.SegmentedRaftLogWorker (SegmentedRaftLogWorker.java:execute(647)) - aa0cb613-fc94-4131-90ab-17bcd78458c4@group-E1259A76005C-SegmentedRaftLogWorker: created new log segment /home/runner/work/ozone/ozone/hadoop-ozone/integration-test/target/test-dir/MiniOzoneClusterImpl-09c4c6e1-5ab0-4195-ac7b-5aec6defaa36/ozone-meta/datanode-2/ratisfaf4a47e-8f61-4394-9b41-11542f27a621/1209715d-b878-4f51-a412-e1259a76005c/current/log_inprogress_0
2025-07-19 06:08:37,072 [86838f6f-3dde-42b5-b01a-58c95bf80430@group-E1259A76005C-SegmentedRaftLogWorker] INFO  segmented.SegmentedRaftLogWorker (SegmentedRaftLogWorker.java:execute(647)) - 86838f6f-3dde-42b5-b01a-58c95bf80430@group-E1259A76005C-SegmentedRaftLogWorker: created new log segment /home/runner/work/ozone/ozone/hadoop-ozone/integration-test/target/test-dir/MiniOzoneClusterImpl-09c4c6e1-5ab0-4195-ac7b-5aec6defaa36/ozone-meta/datanode-3/ratis/1209715d-b878-4f51-a412-e1259a76005c/current/log_inprogress_0
2025-07-19 06:08:37,073 [85aa579c-736c-4de8-9407-4b363243255c@group-E1259A76005C-StateMachineUpdater] INFO  server.RaftServer$Division (LeaderStateImpl.java:checkStartIndex(309)) - Leader 85aa579c-736c-4de8-9407-4b363243255c@group-E1259A76005C-LeaderStateImpl is ready since appliedIndex == startIndex == 0
2025-07-19 06:08:37,073 [85aa579c-736c-4de8-9407-4b363243255c@group-E1259A76005C-StateMachineUpdater] INFO  ratis.ContainerStateMachine (ContainerStateMachine.java:takeSnapshot(427)) - group-E1259A76005C: Taking a snapshot at:(t:1, i:0) file /home/runner/work/ozone/ozone/hadoop-ozone/integration-test/target/test-dir/MiniOzoneClusterImpl-09c4c6e1-5ab0-4195-ac7b-5aec6defaa36/ozone-meta/datanode-10/ratis/1209715d-b878-4f51-a412-e1259a76005c/sm/snapshot.1_0
2025-07-19 06:08:37,074 [85aa579c-736c-4de8-9407-4b363243255c@group-E1259A76005C-StateMachineUpdater] INFO  ratis.ContainerStateMachine (ContainerStateMachine.java:takeSnapshot(436)) - group-E1259A76005C: Finished taking a snapshot at:(t:1, i:0) file:/home/runner/work/ozone/ozone/hadoop-ozone/integration-test/target/test-dir/MiniOzoneClusterImpl-09c4c6e1-5ab0-4195-ac7b-5aec6defaa36/ozone-meta/datanode-10/ratis/1209715d-b878-4f51-a412-e1259a76005c/sm/snapshot.1_0 took: 0 ms
2025-07-19 06:08:37,074 [85aa579c-736c-4de8-9407-4b363243255c@group-E1259A76005C-StateMachineUpdater] INFO  impl.StateMachineUpdater (StateMachineUpdater.java:takeSnapshot(307)) - 85aa579c-736c-4de8-9407-4b363243255c@group-E1259A76005C-StateMachineUpdater: Took a snapshot at index 0
2025-07-19 06:08:37,074 [85aa579c-736c-4de8-9407-4b363243255c@group-E1259A76005C-StateMachineUpdater] INFO  impl.StateMachineUpdater (StateMachineUpdater.java:lambda$new$0(101)) - 85aa579c-736c-4de8-9407-4b363243255c@group-E1259A76005C-StateMachineUpdater: snapshotIndex: updateIncreasingly -1 -> 0
2025-07-19 06:08:37,238 [EventQueue-PipelineActionsForPipelineActionHandler] INFO  pipeline.PipelineActionHandler (PipelineActionHandler.java:processPipelineAction(89)) - Received pipeline action CLOSE for Pipeline-d382207d-4198-4d69-b4f6-032dc0aa9b70 from datanode 78917b03-a842-488e-9e7c-f00b43f4ecc3(localhost/127.0.0.1). Reason : Chunks directory /home/runner/work/ozone/ozone/hadoop-ozone/integration-test/target/test-dir/MiniOzoneClusterImpl-09c4c6e1-5ab0-4195-ac7b-5aec6defaa36/ozone-meta/datanode-7/data-0/hdds/09c4c6e1-5ab0-4195-ac7b-5aec6defaa36/current/containerDir0/9/chunks does not exist.
2025-07-19 06:08:37,438 [EventQueue-PipelineActionsForPipelineActionHandler] INFO  pipeline.PipelineActionHandler (PipelineActionHandler.java:processPipelineAction(89)) - Received pipeline action CLOSE for Pipeline-d382207d-4198-4d69-b4f6-032dc0aa9b70 from datanode 78917b03-a842-488e-9e7c-f00b43f4ecc3(localhost/127.0.0.1). Reason : Chunks directory /home/runner/work/ozone/ozone/hadoop-ozone/integration-test/target/test-dir/MiniOzoneClusterImpl-09c4c6e1-5ab0-4195-ac7b-5aec6defaa36/ozone-meta/datanode-7/data-0/hdds/09c4c6e1-5ab0-4195-ac7b-5aec6defaa36/current/containerDir0/9/chunks does not exist.
2025-07-19 06:08:37,444 [e4fa6cd0-dc30-4550-b12f-023a3466045b@group-489BC4498C45-FollowerState] INFO  impl.FollowerState (FollowerState.java:runImpl(161)) - e4fa6cd0-dc30-4550-b12f-023a3466045b@group-489BC4498C45-FollowerState: change to CANDIDATE, lastRpcElapsedTime:1170470227ns, electionTimeout:1170ms
2025-07-19 06:08:37,444 [e4fa6cd0-dc30-4550-b12f-023a3466045b@group-489BC4498C45-FollowerState] INFO  impl.RoleInfo (RoleInfo.java:shutdownFollowerState(121)) - e4fa6cd0-dc30-4550-b12f-023a3466045b: shutdown e4fa6cd0-dc30-4550-b12f-023a3466045b@group-489BC4498C45-FollowerState
2025-07-19 06:08:37,444 [e4fa6cd0-dc30-4550-b12f-023a3466045b@group-489BC4498C45-FollowerState] INFO  server.RaftServer$Division (RaftServerImpl.java:setRole(392)) - e4fa6cd0-dc30-4550-b12f-023a3466045b@group-489BC4498C45: changes role from  FOLLOWER to CANDIDATE at term 0 for changeToCandidate
2025-07-19 06:08:37,444 [e4fa6cd0-dc30-4550-b12f-023a3466045b@group-489BC4498C45-FollowerState] INFO  impl.RoleInfo (RoleInfo.java:updateAndGet(148)) - e4fa6cd0-dc30-4550-b12f-023a3466045b: start e4fa6cd0-dc30-4550-b12f-023a3466045b@group-489BC4498C45-LeaderElection27
2025-07-19 06:08:37,445 [e4fa6cd0-dc30-4550-b12f-023a3466045b@group-489BC4498C45-LeaderElection27] INFO  impl.LeaderElection (LeaderElection.java:askForVotes(448)) - e4fa6cd0-dc30-4550-b12f-023a3466045b@group-489BC4498C45-LeaderElection27 PRE_VOTE round 0: submit vote requests at term 0 for conf: {index: -1, cur=peers:[e4fa6cd0-dc30-4550-b12f-023a3466045b|127.0.0.1:15079]|listeners:[], old=null}
2025-07-19 06:08:37,445 [e4fa6cd0-dc30-4550-b12f-023a3466045b@group-489BC4498C45-LeaderElection27] INFO  impl.LeaderElection (LeaderElection.java:askForVotes(450)) - e4fa6cd0-dc30-4550-b12f-023a3466045b@group-489BC4498C45-LeaderElection27 PRE_VOTE round 0: result PASSED (term=0)
2025-07-19 06:08:37,446 [e4fa6cd0-dc30-4550-b12f-023a3466045b@group-489BC4498C45-LeaderElection27] INFO  impl.LeaderElection (LeaderElection.java:askForVotes(448)) - e4fa6cd0-dc30-4550-b12f-023a3466045b@group-489BC4498C45-LeaderElection27 ELECTION round 0: submit vote requests at term 1 for conf: {index: -1, cur=peers:[e4fa6cd0-dc30-4550-b12f-023a3466045b|127.0.0.1:15079]|listeners:[], old=null}
2025-07-19 06:08:37,446 [e4fa6cd0-dc30-4550-b12f-023a3466045b@group-489BC4498C45-LeaderElection27] INFO  impl.LeaderElection (LeaderElection.java:askForVotes(450)) - e4fa6cd0-dc30-4550-b12f-023a3466045b@group-489BC4498C45-LeaderElection27 ELECTION round 0: result PASSED (term=1)
2025-07-19 06:08:37,446 [e4fa6cd0-dc30-4550-b12f-023a3466045b@group-489BC4498C45-LeaderElection27] INFO  impl.RoleInfo (RoleInfo.java:shutdownLeaderElection(141)) - e4fa6cd0-dc30-4550-b12f-023a3466045b: shutdown e4fa6cd0-dc30-4550-b12f-023a3466045b@group-489BC4498C45-LeaderElection27
2025-07-19 06:08:37,446 [e4fa6cd0-dc30-4550-b12f-023a3466045b@group-489BC4498C45-LeaderElection27] INFO  server.RaftServer$Division (RaftServerImpl.java:setRole(392)) - e4fa6cd0-dc30-4550-b12f-023a3466045b@group-489BC4498C45: changes role from CANDIDATE to LEADER at term 1 for changeToLeader
2025-07-19 06:08:37,446 [e4fa6cd0-dc30-4550-b12f-023a3466045b@group-489BC4498C45-LeaderElection27] INFO  server.RaftServerConfigKeys (ConfUtils.java:logFallback(69)) - raft.server.staging.timeout = 15600ms (fallback to raft.server.rpc.timeout.max)
2025-07-19 06:08:37,447 [e4fa6cd0-dc30-4550-b12f-023a3466045b@group-489BC4498C45-LeaderElection27] INFO  server.RaftServerConfigKeys (ConfUtils.java:logGet(62)) - raft.server.write.byte-limit = 1024 M (=1073741824) (custom)
2025-07-19 06:08:37,448 [e4fa6cd0-dc30-4550-b12f-023a3466045b@group-489BC4498C45-LeaderElection27] INFO  impl.RoleInfo (RoleInfo.java:updateAndGet(148)) - e4fa6cd0-dc30-4550-b12f-023a3466045b: start e4fa6cd0-dc30-4550-b12f-023a3466045b@group-489BC4498C45-LeaderStateImpl
2025-07-19 06:08:37,448 [e4fa6cd0-dc30-4550-b12f-023a3466045b@group-489BC4498C45-LeaderElection27] INFO  server.RaftServer$Division (RaftServerImpl.java:setFirstElection(576)) - e4fa6cd0-dc30-4550-b12f-023a3466045b@group-489BC4498C45: set firstElectionSinceStartup to false for becomeLeader
2025-07-19 06:08:37,448 [e4fa6cd0-dc30-4550-b12f-023a3466045b@group-489BC4498C45-LeaderElection27] INFO  ratis.XceiverServerRatis (XceiverServerRatis.java:handleLeaderChangedNotification(944)) - Leader change notification received for group: group-489BC4498C45 with new leaderId: e4fa6cd0-dc30-4550-b12f-023a3466045b
2025-07-19 06:08:37,448 [e4fa6cd0-dc30-4550-b12f-023a3466045b@group-489BC4498C45-LeaderElection27] INFO  server.RaftServer$Division (ServerState.java:setLeader(272)) - e4fa6cd0-dc30-4550-b12f-023a3466045b@group-489BC4498C45: change Leader from null to e4fa6cd0-dc30-4550-b12f-023a3466045b at term 1 for becomeLeader, leader elected after 1193ms
2025-07-19 06:08:37,448 [e4fa6cd0-dc30-4550-b12f-023a3466045b@group-489BC4498C45-LeaderElection27] INFO  segmented.SegmentedRaftLogWorker (SegmentedRaftLogWorker.java:startLogSegment(440)) - e4fa6cd0-dc30-4550-b12f-023a3466045b@group-489BC4498C45-SegmentedRaftLogWorker: Starting segment from index:0
2025-07-19 06:08:37,448 [e4fa6cd0-dc30-4550-b12f-023a3466045b@group-489BC4498C45-LeaderElection27] INFO  server.RaftServer$Division (ServerState.java:setRaftConf(386)) - e4fa6cd0-dc30-4550-b12f-023a3466045b@group-489BC4498C45: set configuration conf: {index: 0, cur=peers:[e4fa6cd0-dc30-4550-b12f-023a3466045b|127.0.0.1:15079]|listeners:[], old=null}
2025-07-19 06:08:37,449 [e4fa6cd0-dc30-4550-b12f-023a3466045b@group-489BC4498C45-SegmentedRaftLogWorker] INFO  segmented.BufferedWriteChannel (BufferedWriteChannel.java:open(61)) - open log_inprogress_0 at position 0
2025-07-19 06:08:37,455 [e4fa6cd0-dc30-4550-b12f-023a3466045b@group-489BC4498C45-SegmentedRaftLogWorker] INFO  segmented.SegmentedRaftLogWorker (SegmentedRaftLogWorker.java:execute(647)) - e4fa6cd0-dc30-4550-b12f-023a3466045b@group-489BC4498C45-SegmentedRaftLogWorker: created new log segment /home/runner/work/ozone/ozone/hadoop-ozone/integration-test/target/test-dir/MiniOzoneClusterImpl-09c4c6e1-5ab0-4195-ac7b-5aec6defaa36/ozone-meta/datanode-9/ratis/6242515c-f27b-47d4-a314-489bc4498c45/current/log_inprogress_0
2025-07-19 06:08:37,456 [e4fa6cd0-dc30-4550-b12f-023a3466045b@group-489BC4498C45-StateMachineUpdater] INFO  server.RaftServer$Division (LeaderStateImpl.java:checkStartIndex(309)) - Leader e4fa6cd0-dc30-4550-b12f-023a3466045b@group-489BC4498C45-LeaderStateImpl is ready since appliedIndex == startIndex == 0
2025-07-19 06:08:37,456 [e4fa6cd0-dc30-4550-b12f-023a3466045b@group-489BC4498C45-StateMachineUpdater] INFO  ratis.ContainerStateMachine (ContainerStateMachine.java:takeSnapshot(427)) - group-489BC4498C45: Taking a snapshot at:(t:1, i:0) file /home/runner/work/ozone/ozone/hadoop-ozone/integration-test/target/test-dir/MiniOzoneClusterImpl-09c4c6e1-5ab0-4195-ac7b-5aec6defaa36/ozone-meta/datanode-9/ratis/6242515c-f27b-47d4-a314-489bc4498c45/sm/snapshot.1_0
2025-07-19 06:08:37,457 [e4fa6cd0-dc30-4550-b12f-023a3466045b@group-489BC4498C45-StateMachineUpdater] INFO  ratis.ContainerStateMachine (ContainerStateMachine.java:takeSnapshot(436)) - group-489BC4498C45: Finished taking a snapshot at:(t:1, i:0) file:/home/runner/work/ozone/ozone/hadoop-ozone/integration-test/target/test-dir/MiniOzoneClusterImpl-09c4c6e1-5ab0-4195-ac7b-5aec6defaa36/ozone-meta/datanode-9/ratis/6242515c-f27b-47d4-a314-489bc4498c45/sm/snapshot.1_0 took: 0 ms
2025-07-19 06:08:37,457 [e4fa6cd0-dc30-4550-b12f-023a3466045b@group-489BC4498C45-StateMachineUpdater] INFO  impl.StateMachineUpdater (StateMachineUpdater.java:takeSnapshot(307)) - e4fa6cd0-dc30-4550-b12f-023a3466045b@group-489BC4498C45-StateMachineUpdater: Took a snapshot at index 0
2025-07-19 06:08:37,457 [e4fa6cd0-dc30-4550-b12f-023a3466045b@group-489BC4498C45-StateMachineUpdater] INFO  impl.StateMachineUpdater (StateMachineUpdater.java:lambda$new$0(101)) - e4fa6cd0-dc30-4550-b12f-023a3466045b@group-489BC4498C45-StateMachineUpdater: snapshotIndex: updateIncreasingly -1 -> 0
2025-07-19 06:08:37,514 [cfedd3f1-5d02-4847-a363-6f2972b00a97@group-A363378C25CA-FollowerState] INFO  impl.FollowerState (FollowerState.java:runImpl(161)) - cfedd3f1-5d02-4847-a363-6f2972b00a97@group-A363378C25CA-FollowerState: change to CANDIDATE, lastRpcElapsedTime:1158356320ns, electionTimeout:1158ms
2025-07-19 06:08:37,514 [cfedd3f1-5d02-4847-a363-6f2972b00a97@group-A363378C25CA-FollowerState] INFO  impl.RoleInfo (RoleInfo.java:shutdownFollowerState(121)) - cfedd3f1-5d02-4847-a363-6f2972b00a97: shutdown cfedd3f1-5d02-4847-a363-6f2972b00a97@group-A363378C25CA-FollowerState
2025-07-19 06:08:37,514 [cfedd3f1-5d02-4847-a363-6f2972b00a97@group-A363378C25CA-FollowerState] INFO  server.RaftServer$Division (RaftServerImpl.java:setRole(392)) - cfedd3f1-5d02-4847-a363-6f2972b00a97@group-A363378C25CA: changes role from  FOLLOWER to CANDIDATE at term 0 for changeToCandidate
2025-07-19 06:08:37,514 [cfedd3f1-5d02-4847-a363-6f2972b00a97@group-A363378C25CA-FollowerState] INFO  impl.RoleInfo (RoleInfo.java:updateAndGet(148)) - cfedd3f1-5d02-4847-a363-6f2972b00a97: start cfedd3f1-5d02-4847-a363-6f2972b00a97@group-A363378C25CA-LeaderElection28
2025-07-19 06:08:37,514 [cfedd3f1-5d02-4847-a363-6f2972b00a97@group-A363378C25CA-LeaderElection28] INFO  impl.LeaderElection (LeaderElection.java:askForVotes(448)) - cfedd3f1-5d02-4847-a363-6f2972b00a97@group-A363378C25CA-LeaderElection28 PRE_VOTE round 0: submit vote requests at term 0 for conf: {index: -1, cur=peers:[cfedd3f1-5d02-4847-a363-6f2972b00a97|127.0.0.1:15039]|listeners:[], old=null}
2025-07-19 06:08:37,515 [cfedd3f1-5d02-4847-a363-6f2972b00a97@group-A363378C25CA-LeaderElection28] INFO  impl.LeaderElection (LeaderElection.java:askForVotes(450)) - cfedd3f1-5d02-4847-a363-6f2972b00a97@group-A363378C25CA-LeaderElection28 PRE_VOTE round 0: result PASSED (term=0)
2025-07-19 06:08:37,516 [cfedd3f1-5d02-4847-a363-6f2972b00a97@group-A363378C25CA-LeaderElection28] INFO  impl.LeaderElection (LeaderElection.java:askForVotes(448)) - cfedd3f1-5d02-4847-a363-6f2972b00a97@group-A363378C25CA-LeaderElection28 ELECTION round 0: submit vote requests at term 1 for conf: {index: -1, cur=peers:[cfedd3f1-5d02-4847-a363-6f2972b00a97|127.0.0.1:15039]|listeners:[], old=null}
2025-07-19 06:08:37,516 [cfedd3f1-5d02-4847-a363-6f2972b00a97@group-A363378C25CA-LeaderElection28] INFO  impl.LeaderElection (LeaderElection.java:askForVotes(450)) - cfedd3f1-5d02-4847-a363-6f2972b00a97@group-A363378C25CA-LeaderElection28 ELECTION round 0: result PASSED (term=1)
2025-07-19 06:08:37,516 [cfedd3f1-5d02-4847-a363-6f2972b00a97@group-A363378C25CA-LeaderElection28] INFO  impl.RoleInfo (RoleInfo.java:shutdownLeaderElection(141)) - cfedd3f1-5d02-4847-a363-6f2972b00a97: shutdown cfedd3f1-5d02-4847-a363-6f2972b00a97@group-A363378C25CA-LeaderElection28
2025-07-19 06:08:37,516 [cfedd3f1-5d02-4847-a363-6f2972b00a97@group-A363378C25CA-LeaderElection28] INFO  server.RaftServer$Division (RaftServerImpl.java:setRole(392)) - cfedd3f1-5d02-4847-a363-6f2972b00a97@group-A363378C25CA: changes role from CANDIDATE to LEADER at term 1 for changeToLeader
2025-07-19 06:08:37,516 [cfedd3f1-5d02-4847-a363-6f2972b00a97@group-A363378C25CA-LeaderElection28] INFO  server.RaftServerConfigKeys (ConfUtils.java:logFallback(69)) - raft.server.staging.timeout = 15600ms (fallback to raft.server.rpc.timeout.max)
2025-07-19 06:08:37,516 [cfedd3f1-5d02-4847-a363-6f2972b00a97@group-A363378C25CA-LeaderElection28] INFO  server.RaftServerConfigKeys (ConfUtils.java:logGet(62)) - raft.server.write.byte-limit = 1024 M (=1073741824) (custom)
2025-07-19 06:08:37,517 [cfedd3f1-5d02-4847-a363-6f2972b00a97@group-A363378C25CA-LeaderElection28] INFO  impl.RoleInfo (RoleInfo.java:updateAndGet(148)) - cfedd3f1-5d02-4847-a363-6f2972b00a97: start cfedd3f1-5d02-4847-a363-6f2972b00a97@group-A363378C25CA-LeaderStateImpl
2025-07-19 06:08:37,517 [cfedd3f1-5d02-4847-a363-6f2972b00a97@group-A363378C25CA-LeaderElection28] INFO  server.RaftServer$Division (RaftServerImpl.java:setFirstElection(576)) - cfedd3f1-5d02-4847-a363-6f2972b00a97@group-A363378C25CA: set firstElectionSinceStartup to false for becomeLeader
2025-07-19 06:08:37,517 [cfedd3f1-5d02-4847-a363-6f2972b00a97@group-A363378C25CA-LeaderElection28] INFO  ratis.XceiverServerRatis (XceiverServerRatis.java:handleLeaderChangedNotification(944)) - Leader change notification received for group: group-A363378C25CA with new leaderId: cfedd3f1-5d02-4847-a363-6f2972b00a97
2025-07-19 06:08:37,517 [cfedd3f1-5d02-4847-a363-6f2972b00a97@group-A363378C25CA-LeaderElection28] INFO  server.RaftServer$Division (ServerState.java:setLeader(272)) - cfedd3f1-5d02-4847-a363-6f2972b00a97@group-A363378C25CA: change Leader from null to cfedd3f1-5d02-4847-a363-6f2972b00a97 at term 1 for becomeLeader, leader elected after 1179ms
2025-07-19 06:08:37,517 [cfedd3f1-5d02-4847-a363-6f2972b00a97@group-A363378C25CA-LeaderElection28] INFO  segmented.SegmentedRaftLogWorker (SegmentedRaftLogWorker.java:startLogSegment(440)) - cfedd3f1-5d02-4847-a363-6f2972b00a97@group-A363378C25CA-SegmentedRaftLogWorker: Starting segment from index:0
2025-07-19 06:08:37,517 [cfedd3f1-5d02-4847-a363-6f2972b00a97@group-A363378C25CA-LeaderElection28] INFO  server.RaftServer$Division (ServerState.java:setRaftConf(386)) - cfedd3f1-5d02-4847-a363-6f2972b00a97@group-A363378C25CA: set configuration conf: {index: 0, cur=peers:[cfedd3f1-5d02-4847-a363-6f2972b00a97|127.0.0.1:15039]|listeners:[], old=null}
2025-07-19 06:08:37,518 [cfedd3f1-5d02-4847-a363-6f2972b00a97@group-A363378C25CA-SegmentedRaftLogWorker] INFO  segmented.BufferedWriteChannel (BufferedWriteChannel.java:open(61)) - open log_inprogress_0 at position 0
2025-07-19 06:08:37,523 [cfedd3f1-5d02-4847-a363-6f2972b00a97@group-A363378C25CA-SegmentedRaftLogWorker] INFO  segmented.SegmentedRaftLogWorker (SegmentedRaftLogWorker.java:execute(647)) - cfedd3f1-5d02-4847-a363-6f2972b00a97@group-A363378C25CA-SegmentedRaftLogWorker: created new log segment /home/runner/work/ozone/ozone/hadoop-ozone/integration-test/target/test-dir/MiniOzoneClusterImpl-09c4c6e1-5ab0-4195-ac7b-5aec6defaa36/ozone-meta/datanode-4/ratis64889dff-8cd6-41da-b31f-a739d249aa03/df5b3fc1-ee60-457b-8c60-a363378c25ca/current/log_inprogress_0
2025-07-19 06:08:37,524 [cfedd3f1-5d02-4847-a363-6f2972b00a97@group-A363378C25CA-StateMachineUpdater] INFO  server.RaftServer$Division (LeaderStateImpl.java:checkStartIndex(309)) - Leader cfedd3f1-5d02-4847-a363-6f2972b00a97@group-A363378C25CA-LeaderStateImpl is ready since appliedIndex == startIndex == 0
2025-07-19 06:08:37,525 [cfedd3f1-5d02-4847-a363-6f2972b00a97@group-A363378C25CA-StateMachineUpdater] INFO  ratis.ContainerStateMachine (ContainerStateMachine.java:takeSnapshot(427)) - group-A363378C25CA: Taking a snapshot at:(t:1, i:0) file /home/runner/work/ozone/ozone/hadoop-ozone/integration-test/target/test-dir/MiniOzoneClusterImpl-09c4c6e1-5ab0-4195-ac7b-5aec6defaa36/ozone-meta/datanode-4/ratis64889dff-8cd6-41da-b31f-a739d249aa03/df5b3fc1-ee60-457b-8c60-a363378c25ca/sm/snapshot.1_0
2025-07-19 06:08:37,525 [cfedd3f1-5d02-4847-a363-6f2972b00a97@group-A363378C25CA-StateMachineUpdater] INFO  ratis.ContainerStateMachine (ContainerStateMachine.java:takeSnapshot(436)) - group-A363378C25CA: Finished taking a snapshot at:(t:1, i:0) file:/home/runner/work/ozone/ozone/hadoop-ozone/integration-test/target/test-dir/MiniOzoneClusterImpl-09c4c6e1-5ab0-4195-ac7b-5aec6defaa36/ozone-meta/datanode-4/ratis64889dff-8cd6-41da-b31f-a739d249aa03/df5b3fc1-ee60-457b-8c60-a363378c25ca/sm/snapshot.1_0 took: 0 ms
2025-07-19 06:08:37,525 [cfedd3f1-5d02-4847-a363-6f2972b00a97@group-A363378C25CA-StateMachineUpdater] INFO  impl.StateMachineUpdater (StateMachineUpdater.java:takeSnapshot(307)) - cfedd3f1-5d02-4847-a363-6f2972b00a97@group-A363378C25CA-StateMachineUpdater: Took a snapshot at index 0
2025-07-19 06:08:37,525 [cfedd3f1-5d02-4847-a363-6f2972b00a97@group-A363378C25CA-StateMachineUpdater] INFO  impl.StateMachineUpdater (StateMachineUpdater.java:lambda$new$0(101)) - cfedd3f1-5d02-4847-a363-6f2972b00a97@group-A363378C25CA-StateMachineUpdater: snapshotIndex: updateIncreasingly -1 -> 0
2025-07-19 06:08:37,546 [aa0cb613-fc94-4131-90ab-17bcd78458c4@group-BDFC2B124F7B-FollowerState] INFO  impl.FollowerState (FollowerState.java:runImpl(161)) - aa0cb613-fc94-4131-90ab-17bcd78458c4@group-BDFC2B124F7B-FollowerState: change to CANDIDATE, lastRpcElapsedTime:1060979510ns, electionTimeout:1060ms
2025-07-19 06:08:37,546 [aa0cb613-fc94-4131-90ab-17bcd78458c4@group-BDFC2B124F7B-FollowerState] INFO  impl.RoleInfo (RoleInfo.java:shutdownFollowerState(121)) - aa0cb613-fc94-4131-90ab-17bcd78458c4: shutdown aa0cb613-fc94-4131-90ab-17bcd78458c4@group-BDFC2B124F7B-FollowerState
2025-07-19 06:08:37,546 [aa0cb613-fc94-4131-90ab-17bcd78458c4@group-BDFC2B124F7B-FollowerState] INFO  server.RaftServer$Division (RaftServerImpl.java:setRole(392)) - aa0cb613-fc94-4131-90ab-17bcd78458c4@group-BDFC2B124F7B: changes role from  FOLLOWER to CANDIDATE at term 0 for changeToCandidate
2025-07-19 06:08:37,546 [aa0cb613-fc94-4131-90ab-17bcd78458c4@group-BDFC2B124F7B-FollowerState] INFO  impl.RoleInfo (RoleInfo.java:updateAndGet(148)) - aa0cb613-fc94-4131-90ab-17bcd78458c4: start aa0cb613-fc94-4131-90ab-17bcd78458c4@group-BDFC2B124F7B-LeaderElection29
2025-07-19 06:08:37,547 [aa0cb613-fc94-4131-90ab-17bcd78458c4@group-BDFC2B124F7B-LeaderElection29] INFO  impl.LeaderElection (LeaderElection.java:askForVotes(448)) - aa0cb613-fc94-4131-90ab-17bcd78458c4@group-BDFC2B124F7B-LeaderElection29 PRE_VOTE round 0: submit vote requests at term 0 for conf: {index: -1, cur=peers:[aa0cb613-fc94-4131-90ab-17bcd78458c4|127.0.0.1:15023]|listeners:[], old=null}
2025-07-19 06:08:37,547 [aa0cb613-fc94-4131-90ab-17bcd78458c4@group-BDFC2B124F7B-LeaderElection29] INFO  impl.LeaderElection (LeaderElection.java:askForVotes(450)) - aa0cb613-fc94-4131-90ab-17bcd78458c4@group-BDFC2B124F7B-LeaderElection29 PRE_VOTE round 0: result PASSED (term=0)
2025-07-19 06:08:37,548 [aa0cb613-fc94-4131-90ab-17bcd78458c4@group-BDFC2B124F7B-LeaderElection29] INFO  impl.LeaderElection (LeaderElection.java:askForVotes(448)) - aa0cb613-fc94-4131-90ab-17bcd78458c4@group-BDFC2B124F7B-LeaderElection29 ELECTION round 0: submit vote requests at term 1 for conf: {index: -1, cur=peers:[aa0cb613-fc94-4131-90ab-17bcd78458c4|127.0.0.1:15023]|listeners:[], old=null}
2025-07-19 06:08:37,548 [aa0cb613-fc94-4131-90ab-17bcd78458c4@group-BDFC2B124F7B-LeaderElection29] INFO  impl.LeaderElection (LeaderElection.java:askForVotes(450)) - aa0cb613-fc94-4131-90ab-17bcd78458c4@group-BDFC2B124F7B-LeaderElection29 ELECTION round 0: result PASSED (term=1)
2025-07-19 06:08:37,548 [aa0cb613-fc94-4131-90ab-17bcd78458c4@group-BDFC2B124F7B-LeaderElection29] INFO  impl.RoleInfo (RoleInfo.java:shutdownLeaderElection(141)) - aa0cb613-fc94-4131-90ab-17bcd78458c4: shutdown aa0cb613-fc94-4131-90ab-17bcd78458c4@group-BDFC2B124F7B-LeaderElection29
2025-07-19 06:08:37,548 [aa0cb613-fc94-4131-90ab-17bcd78458c4@group-BDFC2B124F7B-LeaderElection29] INFO  server.RaftServer$Division (RaftServerImpl.java:setRole(392)) - aa0cb613-fc94-4131-90ab-17bcd78458c4@group-BDFC2B124F7B: changes role from CANDIDATE to LEADER at term 1 for changeToLeader
2025-07-19 06:08:37,548 [aa0cb613-fc94-4131-90ab-17bcd78458c4@group-BDFC2B124F7B-LeaderElection29] INFO  server.RaftServerConfigKeys (ConfUtils.java:logFallback(69)) - raft.server.staging.timeout = 15600ms (fallback to raft.server.rpc.timeout.max)
2025-07-19 06:08:37,548 [aa0cb613-fc94-4131-90ab-17bcd78458c4@group-BDFC2B124F7B-LeaderElection29] INFO  server.RaftServerConfigKeys (ConfUtils.java:logGet(62)) - raft.server.write.byte-limit = 1024 M (=1073741824) (custom)
2025-07-19 06:08:37,549 [aa0cb613-fc94-4131-90ab-17bcd78458c4@group-BDFC2B124F7B-LeaderElection29] INFO  impl.RoleInfo (RoleInfo.java:updateAndGet(148)) - aa0cb613-fc94-4131-90ab-17bcd78458c4: start aa0cb613-fc94-4131-90ab-17bcd78458c4@group-BDFC2B124F7B-LeaderStateImpl
2025-07-19 06:08:37,549 [aa0cb613-fc94-4131-90ab-17bcd78458c4@group-BDFC2B124F7B-LeaderElection29] INFO  server.RaftServer$Division (RaftServerImpl.java:setFirstElection(576)) - aa0cb613-fc94-4131-90ab-17bcd78458c4@group-BDFC2B124F7B: set firstElectionSinceStartup to false for becomeLeader
2025-07-19 06:08:37,549 [aa0cb613-fc94-4131-90ab-17bcd78458c4@group-BDFC2B124F7B-LeaderElection29] INFO  ratis.XceiverServerRatis (XceiverServerRatis.java:handleLeaderChangedNotification(944)) - Leader change notification received for group: group-BDFC2B124F7B with new leaderId: aa0cb613-fc94-4131-90ab-17bcd78458c4
2025-07-19 06:08:37,549 [aa0cb613-fc94-4131-90ab-17bcd78458c4@group-BDFC2B124F7B-LeaderElection29] INFO  server.RaftServer$Division (ServerState.java:setLeader(272)) - aa0cb613-fc94-4131-90ab-17bcd78458c4@group-BDFC2B124F7B: change Leader from null to aa0cb613-fc94-4131-90ab-17bcd78458c4 at term 1 for becomeLeader, leader elected after 1079ms
2025-07-19 06:08:37,549 [aa0cb613-fc94-4131-90ab-17bcd78458c4@group-BDFC2B124F7B-LeaderElection29] INFO  segmented.SegmentedRaftLogWorker (SegmentedRaftLogWorker.java:startLogSegment(440)) - aa0cb613-fc94-4131-90ab-17bcd78458c4@group-BDFC2B124F7B-SegmentedRaftLogWorker: Starting segment from index:0
2025-07-19 06:08:37,549 [aa0cb613-fc94-4131-90ab-17bcd78458c4@group-BDFC2B124F7B-LeaderElection29] INFO  server.RaftServer$Division (ServerState.java:setRaftConf(386)) - aa0cb613-fc94-4131-90ab-17bcd78458c4@group-BDFC2B124F7B: set configuration conf: {index: 0, cur=peers:[aa0cb613-fc94-4131-90ab-17bcd78458c4|127.0.0.1:15023]|listeners:[], old=null}
2025-07-19 06:08:37,550 [aa0cb613-fc94-4131-90ab-17bcd78458c4@group-BDFC2B124F7B-SegmentedRaftLogWorker] INFO  segmented.BufferedWriteChannel (BufferedWriteChannel.java:open(61)) - open log_inprogress_0 at position 0
2025-07-19 06:08:37,555 [aa0cb613-fc94-4131-90ab-17bcd78458c4@group-BDFC2B124F7B-SegmentedRaftLogWorker] INFO  segmented.SegmentedRaftLogWorker (SegmentedRaftLogWorker.java:execute(647)) - aa0cb613-fc94-4131-90ab-17bcd78458c4@group-BDFC2B124F7B-SegmentedRaftLogWorker: created new log segment /home/runner/work/ozone/ozone/hadoop-ozone/integration-test/target/test-dir/MiniOzoneClusterImpl-09c4c6e1-5ab0-4195-ac7b-5aec6defaa36/ozone-meta/datanode-2/ratisfaf4a47e-8f61-4394-9b41-11542f27a621/6b324c35-b893-4f60-99d0-bdfc2b124f7b/current/log_inprogress_0
2025-07-19 06:08:37,556 [aa0cb613-fc94-4131-90ab-17bcd78458c4@group-BDFC2B124F7B-StateMachineUpdater] INFO  server.RaftServer$Division (LeaderStateImpl.java:checkStartIndex(309)) - Leader aa0cb613-fc94-4131-90ab-17bcd78458c4@group-BDFC2B124F7B-LeaderStateImpl is ready since appliedIndex == startIndex == 0
2025-07-19 06:08:37,556 [aa0cb613-fc94-4131-90ab-17bcd78458c4@group-BDFC2B124F7B-StateMachineUpdater] INFO  ratis.ContainerStateMachine (ContainerStateMachine.java:takeSnapshot(427)) - group-BDFC2B124F7B: Taking a snapshot at:(t:1, i:0) file /home/runner/work/ozone/ozone/hadoop-ozone/integration-test/target/test-dir/MiniOzoneClusterImpl-09c4c6e1-5ab0-4195-ac7b-5aec6defaa36/ozone-meta/datanode-2/ratisfaf4a47e-8f61-4394-9b41-11542f27a621/6b324c35-b893-4f60-99d0-bdfc2b124f7b/sm/snapshot.1_0
2025-07-19 06:08:37,557 [aa0cb613-fc94-4131-90ab-17bcd78458c4@group-BDFC2B124F7B-StateMachineUpdater] INFO  ratis.ContainerStateMachine (ContainerStateMachine.java:takeSnapshot(436)) - group-BDFC2B124F7B: Finished taking a snapshot at:(t:1, i:0) file:/home/runner/work/ozone/ozone/hadoop-ozone/integration-test/target/test-dir/MiniOzoneClusterImpl-09c4c6e1-5ab0-4195-ac7b-5aec6defaa36/ozone-meta/datanode-2/ratisfaf4a47e-8f61-4394-9b41-11542f27a621/6b324c35-b893-4f60-99d0-bdfc2b124f7b/sm/snapshot.1_0 took: 0 ms
2025-07-19 06:08:37,557 [aa0cb613-fc94-4131-90ab-17bcd78458c4@group-BDFC2B124F7B-StateMachineUpdater] INFO  impl.StateMachineUpdater (StateMachineUpdater.java:takeSnapshot(307)) - aa0cb613-fc94-4131-90ab-17bcd78458c4@group-BDFC2B124F7B-StateMachineUpdater: Took a snapshot at index 0
2025-07-19 06:08:37,557 [aa0cb613-fc94-4131-90ab-17bcd78458c4@group-BDFC2B124F7B-StateMachineUpdater] INFO  impl.StateMachineUpdater (StateMachineUpdater.java:lambda$new$0(101)) - aa0cb613-fc94-4131-90ab-17bcd78458c4@group-BDFC2B124F7B-StateMachineUpdater: snapshotIndex: updateIncreasingly -1 -> 0
2025-07-19 06:08:37,638 [EventQueue-PipelineActionsForPipelineActionHandler] INFO  pipeline.PipelineActionHandler (PipelineActionHandler.java:processPipelineAction(89)) - Received pipeline action CLOSE for Pipeline-d382207d-4198-4d69-b4f6-032dc0aa9b70 from datanode 78917b03-a842-488e-9e7c-f00b43f4ecc3(localhost/127.0.0.1). Reason : Chunks directory /home/runner/work/ozone/ozone/hadoop-ozone/integration-test/target/test-dir/MiniOzoneClusterImpl-09c4c6e1-5ab0-4195-ac7b-5aec6defaa36/ozone-meta/datanode-7/data-0/hdds/09c4c6e1-5ab0-4195-ac7b-5aec6defaa36/current/containerDir0/9/chunks does not exist.
2025-07-19 06:08:37,838 [EventQueue-PipelineActionsForPipelineActionHandler] INFO  pipeline.PipelineActionHandler (PipelineActionHandler.java:processPipelineAction(89)) - Received pipeline action CLOSE for Pipeline-d382207d-4198-4d69-b4f6-032dc0aa9b70 from datanode 78917b03-a842-488e-9e7c-f00b43f4ecc3(localhost/127.0.0.1). Reason : Chunks directory /home/runner/work/ozone/ozone/hadoop-ozone/integration-test/target/test-dir/MiniOzoneClusterImpl-09c4c6e1-5ab0-4195-ac7b-5aec6defaa36/ozone-meta/datanode-7/data-0/hdds/09c4c6e1-5ab0-4195-ac7b-5aec6defaa36/current/containerDir0/9/chunks does not exist.
2025-07-19 06:08:37,868 [BackgroundPipelineScrubber] INFO  pipeline.PipelineManagerImpl (PipelineManagerImpl.java:scrubPipelines(602)) - Scrubbing pipeline: id: Pipeline-a1dcb70a-c8f9-4212-ac4f-0132fe54e6cf since it stays at CLOSED stage.
2025-07-19 06:08:37,870 [BackgroundPipelineScrubber] INFO  pipeline.RatisPipelineProvider (RatisPipelineProvider.java:lambda$close$4(273)) - Send pipeline:Pipeline-a1dcb70a-c8f9-4212-ac4f-0132fe54e6cf close command to datanode 86838f6f-3dde-42b5-b01a-58c95bf80430
2025-07-19 06:08:37,870 [BackgroundPipelineScrubber] INFO  pipeline.RatisPipelineProvider (RatisPipelineProvider.java:lambda$close$4(273)) - Send pipeline:Pipeline-a1dcb70a-c8f9-4212-ac4f-0132fe54e6cf close command to datanode aa0cb613-fc94-4131-90ab-17bcd78458c4
2025-07-19 06:08:37,870 [BackgroundPipelineScrubber] INFO  pipeline.RatisPipelineProvider (RatisPipelineProvider.java:lambda$close$4(273)) - Send pipeline:Pipeline-a1dcb70a-c8f9-4212-ac4f-0132fe54e6cf close command to datanode 7e15f5a0-0f8f-4a50-92e4-d2f5038b0085
2025-07-19 06:08:37,870 [BackgroundPipelineScrubber] INFO  pipeline.PipelineManagerImpl (PipelineManagerImpl.java:removePipeline(464)) - Pipeline Pipeline{ Id: a1dcb70a-c8f9-4212-ac4f-0132fe54e6cf, Nodes: [ {86838f6f-3dde-42b5-b01a-58c95bf80430(localhost/127.0.0.1), ReplicaIndex: 0}, {aa0cb613-fc94-4131-90ab-17bcd78458c4(localhost/127.0.0.1), ReplicaIndex: 0}, {7e15f5a0-0f8f-4a50-92e4-d2f5038b0085(localhost/127.0.0.1), ReplicaIndex: 0},], ReplicationConfig: RATIS/THREE, State:CLOSED, leaderId:7e15f5a0-0f8f-4a50-92e4-d2f5038b0085, CreationTimestamp2025-07-19T06:07:09.602Z[Etc/UTC]} removed.
2025-07-19 06:08:37,899 [EventQueue-PipelineReportForPipelineReportHandler] INFO  pipeline.PipelineReportHandler (PipelineReportHandler.java:handlePipelineNotFoundException(98)) - Pipeline Pipeline-a1dcb70a-c8f9-4212-ac4f-0132fe54e6cf, reported by datanode 86838f6f-3dde-42b5-b01a-58c95bf80430(localhost/127.0.0.1) is not found.
2025-07-19 06:08:37,965 [EventQueue-PipelineReportForPipelineReportHandler] INFO  pipeline.PipelineReportHandler (PipelineReportHandler.java:handlePipelineNotFoundException(98)) - Pipeline Pipeline-a1dcb70a-c8f9-4212-ac4f-0132fe54e6cf, reported by datanode 7e15f5a0-0f8f-4a50-92e4-d2f5038b0085(localhost/127.0.0.1) is not found.
2025-07-19 06:08:37,988 [86838f6f-3dde-42b5-b01a-58c95bf80430@group-0132FE54E6CF-StateMachineUpdater] INFO  ratis.ContainerStateMachine (ContainerStateMachine.java:takeSnapshot(427)) - group-0132FE54E6CF: Taking a snapshot at:(t:1, i:12) file /home/runner/work/ozone/ozone/hadoop-ozone/integration-test/target/test-dir/MiniOzoneClusterImpl-09c4c6e1-5ab0-4195-ac7b-5aec6defaa36/ozone-meta/datanode-3/ratis/a1dcb70a-c8f9-4212-ac4f-0132fe54e6cf/sm/snapshot.1_12
2025-07-19 06:08:37,989 [86838f6f-3dde-42b5-b01a-58c95bf80430@group-0132FE54E6CF-StateMachineUpdater] INFO  ratis.ContainerStateMachine (ContainerStateMachine.java:takeSnapshot(436)) - group-0132FE54E6CF: Finished taking a snapshot at:(t:1, i:12) file:/home/runner/work/ozone/ozone/hadoop-ozone/integration-test/target/test-dir/MiniOzoneClusterImpl-09c4c6e1-5ab0-4195-ac7b-5aec6defaa36/ozone-meta/datanode-3/ratis/a1dcb70a-c8f9-4212-ac4f-0132fe54e6cf/sm/snapshot.1_12 took: 1 ms
2025-07-19 06:08:37,989 [86838f6f-3dde-42b5-b01a-58c95bf80430@group-0132FE54E6CF-StateMachineUpdater] INFO  impl.SimpleStateMachineStorage (SimpleStateMachineStorage.java:lambda$cleanupOldSnapshots$1(126)) - Deleting old snapshot at /home/runner/work/ozone/ozone/hadoop-ozone/integration-test/target/test-dir/MiniOzoneClusterImpl-09c4c6e1-5ab0-4195-ac7b-5aec6defaa36/ozone-meta/datanode-3/ratis/a1dcb70a-c8f9-4212-ac4f-0132fe54e6cf/sm/snapshot.1_0
2025-07-19 06:08:37,989 [86838f6f-3dde-42b5-b01a-58c95bf80430@group-0132FE54E6CF-StateMachineUpdater] INFO  impl.StateMachineUpdater (StateMachineUpdater.java:takeSnapshot(307)) - 86838f6f-3dde-42b5-b01a-58c95bf80430@group-0132FE54E6CF-StateMachineUpdater: Took a snapshot at index 12
2025-07-19 06:08:37,990 [86838f6f-3dde-42b5-b01a-58c95bf80430@group-0132FE54E6CF-StateMachineUpdater] INFO  impl.StateMachineUpdater (StateMachineUpdater.java:lambda$new$0(101)) - 86838f6f-3dde-42b5-b01a-58c95bf80430@group-0132FE54E6CF-StateMachineUpdater: snapshotIndex: updateIncreasingly 10 -> 12
2025-07-19 06:08:38,038 [EventQueue-PipelineActionsForPipelineActionHandler] INFO  pipeline.PipelineActionHandler (PipelineActionHandler.java:processPipelineAction(89)) - Received pipeline action CLOSE for Pipeline-d382207d-4198-4d69-b4f6-032dc0aa9b70 from datanode 78917b03-a842-488e-9e7c-f00b43f4ecc3(localhost/127.0.0.1). Reason : Chunks directory /home/runner/work/ozone/ozone/hadoop-ozone/integration-test/target/test-dir/MiniOzoneClusterImpl-09c4c6e1-5ab0-4195-ac7b-5aec6defaa36/ozone-meta/datanode-7/data-0/hdds/09c4c6e1-5ab0-4195-ac7b-5aec6defaa36/current/containerDir0/9/chunks does not exist.
2025-07-19 06:08:38,099 [EventQueue-PipelineReportForPipelineReportHandler] INFO  pipeline.PipelineReportHandler (PipelineReportHandler.java:handlePipelineNotFoundException(98)) - Pipeline Pipeline-a1dcb70a-c8f9-4212-ac4f-0132fe54e6cf, reported by datanode 86838f6f-3dde-42b5-b01a-58c95bf80430(localhost/127.0.0.1) is not found.
2025-07-19 06:08:38,158 [timer7] WARN  server.GrpcLogAppender (GrpcLogAppender.java:lambda$resetClient$1(228)) - 7e15f5a0-0f8f-4a50-92e4-d2f5038b0085@group-0132FE54E6CF->aa0cb613-fc94-4131-90ab-17bcd78458c4-GrpcLogAppender: Follower failed (request=null, errorCount=37); keep nextIndex (11) unchanged and retry. (Repeated 3 times in the last 5.000s)
2025-07-19 06:08:38,159 [timer6] WARN  server.GrpcLogAppender (LogUtils.java:warn(129)) - 7e15f5a0-0f8f-4a50-92e4-d2f5038b0085@group-0132FE54E6CF->aa0cb613-fc94-4131-90ab-17bcd78458c4-AppendLogResponseHandler: Failed appendEntries (Repeated 5 times in the last 5.001s)
org.apache.ratis.protocol.exceptions.GroupMismatchException: aa0cb613-fc94-4131-90ab-17bcd78458c4: group-0132FE54E6CF not found.
	at org.apache.ratis.server.impl.RaftServerProxy$ImplMap.get(RaftServerProxy.java:160)
	at org.apache.ratis.server.impl.RaftServerProxy.getImplFuture(RaftServerProxy.java:370)
	at org.apache.ratis.server.impl.RaftServerProxy.appendEntriesAsync(RaftServerProxy.java:650)
	at org.apache.ratis.grpc.server.GrpcServerProtocolService$1.process(GrpcServerProtocolService.java:245)
	at org.apache.ratis.grpc.server.GrpcServerProtocolService$1.process(GrpcServerProtocolService.java:242)
	at org.apache.ratis.grpc.server.GrpcServerProtocolService$ServerRequestStreamObserver.onNext(GrpcServerProtocolService.java:150)
	at org.apache.ratis.thirdparty.io.grpc.stub.ServerCalls$StreamingServerCallHandler$StreamingServerCallListener.onMessage(ServerCalls.java:262)
	at org.apache.ratis.thirdparty.io.grpc.internal.ServerCallImpl$ServerStreamListenerImpl.messagesAvailableInternal(ServerCallImpl.java:334)
	at org.apache.ratis.thirdparty.io.grpc.internal.ServerCallImpl$ServerStreamListenerImpl.messagesAvailable(ServerCallImpl.java:319)
	at org.apache.ratis.thirdparty.io.grpc.internal.ServerImpl$JumpToApplicationThreadServerStreamListener$1MessagesAvailable.runInContext(ServerImpl.java:834)
	at org.apache.ratis.thirdparty.io.grpc.internal.ContextRunnable.run(ContextRunnable.java:37)
	at org.apache.ratis.thirdparty.io.grpc.internal.SerializingExecutor.run(SerializingExecutor.java:133)
	at java.base/java.util.concurrent.ThreadPoolExecutor.runWorker(ThreadPoolExecutor.java:1144)
	at java.base/java.util.concurrent.ThreadPoolExecutor$Worker.run(ThreadPoolExecutor.java:642)
	at java.base/java.lang.Thread.run(Thread.java:1583)
2025-07-19 06:08:38,238 [EventQueue-PipelineActionsForPipelineActionHandler] INFO  pipeline.PipelineActionHandler (PipelineActionHandler.java:processPipelineAction(89)) - Received pipeline action CLOSE for Pipeline-d382207d-4198-4d69-b4f6-032dc0aa9b70 from datanode 78917b03-a842-488e-9e7c-f00b43f4ecc3(localhost/127.0.0.1). Reason : Chunks directory /home/runner/work/ozone/ozone/hadoop-ozone/integration-test/target/test-dir/MiniOzoneClusterImpl-09c4c6e1-5ab0-4195-ac7b-5aec6defaa36/ozone-meta/datanode-7/data-0/hdds/09c4c6e1-5ab0-4195-ac7b-5aec6defaa36/current/containerDir0/9/chunks does not exist.
2025-07-19 06:08:38,299 [EventQueue-PipelineReportForPipelineReportHandler] INFO  pipeline.PipelineReportHandler (PipelineReportHandler.java:handlePipelineNotFoundException(98)) - Pipeline Pipeline-a1dcb70a-c8f9-4212-ac4f-0132fe54e6cf, reported by datanode 86838f6f-3dde-42b5-b01a-58c95bf80430(localhost/127.0.0.1) is not found.
2025-07-19 06:08:38,314 [78917b03-a842-488e-9e7c-f00b43f4ecc3@group-032DC0AA9B70-StateMachineUpdater] ERROR ratis.ContainerStateMachine (ContainerStateMachine.java:takeSnapshot(421)) - Failed to take snapshot  for group-032DC0AA9B70 as the stateMachine is unhealthy. The last applied index is at (t:1, i:3)
2025-07-19 06:08:38,314 [78917b03-a842-488e-9e7c-f00b43f4ecc3@group-032DC0AA9B70-StateMachineUpdater] ERROR impl.StateMachineUpdater (StateMachineUpdater.java:takeSnapshot(302)) - 78917b03-a842-488e-9e7c-f00b43f4ecc3@group-032DC0AA9B70-StateMachineUpdater: Failed to take snapshot
org.apache.ratis.protocol.exceptions.StateMachineException: Failed to take snapshot  for group-032DC0AA9B70 as the stateMachine is unhealthy. The last applied index is at (t:1, i:3)
	at org.apache.hadoop.ozone.container.common.transport.server.ratis.ContainerStateMachine.takeSnapshot(ContainerStateMachine.java:420)
	at org.apache.ratis.server.impl.StateMachineUpdater.takeSnapshot(StateMachineUpdater.java:290)
	at org.apache.ratis.server.impl.StateMachineUpdater.checkAndTakeSnapshot(StateMachineUpdater.java:281)
	at org.apache.ratis.server.impl.StateMachineUpdater.run(StateMachineUpdater.java:194)
	at java.base/java.lang.Thread.run(Thread.java:1583)
2025-07-19 06:08:38,316 [78917b03-a842-488e-9e7c-f00b43f4ecc3-server-thread2] WARN  server.GrpcServerProtocolService (LogUtils.java:warn(129)) - 78917b03-a842-488e-9e7c-f00b43f4ecc3: Failed APPEND_ENTRIES request e4fa6cd0-dc30-4550-b12f-023a3466045b->78917b03-a842-488e-9e7c-f00b43f4ecc3#49-t1,previous=(t:1, i:3),leaderCommit=7,initializing? false,entries: size=4, first=(t:1, i:4), STATEMACHINELOGENTRY, WRITE: logData.size=154, stateMachineData.size=10, logEntryProtoSerializedSize=0
java.util.concurrent.CompletionException: org.apache.hadoop.hdds.scm.container.common.helpers.StorageContainerException: Chunks directory /home/runner/work/ozone/ozone/hadoop-ozone/integration-test/target/test-dir/MiniOzoneClusterImpl-09c4c6e1-5ab0-4195-ac7b-5aec6defaa36/ozone-meta/datanode-7/data-0/hdds/09c4c6e1-5ab0-4195-ac7b-5aec6defaa36/current/containerDir0/9/chunks does not exist.
	at java.base/java.util.concurrent.CompletableFuture.encodeThrowable(CompletableFuture.java:332)
	at java.base/java.util.concurrent.CompletableFuture.completeThrowable(CompletableFuture.java:347)
	at java.base/java.util.concurrent.CompletableFuture$BiRelay.tryFire(CompletableFuture.java:1498)
	at java.base/java.util.concurrent.CompletableFuture$CoCompletion.tryFire(CompletableFuture.java:1219)
	at java.base/java.util.concurrent.CompletableFuture.postComplete(CompletableFuture.java:510)
	at java.base/java.util.concurrent.CompletableFuture.completeExceptionally(CompletableFuture.java:2194)
	at org.apache.ratis.server.raftlog.segmented.SegmentedRaftLog$Task.failed(SegmentedRaftLog.java:109)
	at org.apache.ratis.server.raftlog.segmented.SegmentedRaftLogWorker$WriteLog.failed(SegmentedRaftLogWorker.java:530)
	at org.apache.ratis.server.raftlog.segmented.SegmentedRaftLogWorker.run(SegmentedRaftLogWorker.java:326)
	at java.base/java.util.concurrent.Executors$RunnableAdapter.call(Executors.java:572)
	at java.base/java.util.concurrent.FutureTask.run(FutureTask.java:317)
	at java.base/java.util.concurrent.ThreadPoolExecutor.runWorker(ThreadPoolExecutor.java:1144)
	at java.base/java.util.concurrent.ThreadPoolExecutor$Worker.run(ThreadPoolExecutor.java:642)
	at java.base/java.lang.Thread.run(Thread.java:1583)
Caused by: org.apache.hadoop.hdds.scm.container.common.helpers.StorageContainerException: Chunks directory /home/runner/work/ozone/ozone/hadoop-ozone/integration-test/target/test-dir/MiniOzoneClusterImpl-09c4c6e1-5ab0-4195-ac7b-5aec6defaa36/ozone-meta/datanode-7/data-0/hdds/09c4c6e1-5ab0-4195-ac7b-5aec6defaa36/current/containerDir0/9/chunks does not exist.
	at org.apache.hadoop.ozone.container.common.transport.server.ratis.ContainerStateMachine.handleCommandResult(ContainerStateMachine.java:661)
	at org.apache.hadoop.ozone.container.common.transport.server.ratis.ContainerStateMachine.lambda$writeStateMachineData$2(ContainerStateMachine.java:623)
	... 4 more
2025-07-19 06:08:38,317 [grpc-default-executor-0] INFO  leader.LogAppender (LogAppenderBase.java:lambda$getNextIndexForError$0(215)) - Decrease nextIndex to 4
2025-07-19 06:08:38,317 [grpc-default-executor-0] INFO  leader.LogAppender (LogAppenderBase.java:lambda$getNextIndexForError$0(215)) - Decrease nextIndex to 4
2025-07-19 06:08:38,317 [grpc-default-executor-0] INFO  leader.FollowerInfo (FollowerInfoImpl.java:info(70)) - e4fa6cd0-dc30-4550-b12f-023a3466045b@group-032DC0AA9B70->78917b03-a842-488e-9e7c-f00b43f4ecc3: computeNextIndex nextIndex: updateUnconditionally 8 -> 4
2025-07-19 06:08:38,330 [e6deb990-2c6c-4f88-aa04-2e44b30659d5@group-032DC0AA9B70-StateMachineUpdater] INFO  ratis.ContainerStateMachine (ContainerStateMachine.java:takeSnapshot(427)) - group-032DC0AA9B70: Taking a snapshot at:(t:1, i:7) file /home/runner/work/ozone/ozone/hadoop-ozone/integration-test/target/test-dir/MiniOzoneClusterImpl-09c4c6e1-5ab0-4195-ac7b-5aec6defaa36/ozone-meta/datanode-8/ratis/d382207d-4198-4d69-b4f6-032dc0aa9b70/sm/snapshot.1_7
2025-07-19 06:08:38,331 [e6deb990-2c6c-4f88-aa04-2e44b30659d5@group-032DC0AA9B70-StateMachineUpdater] INFO  ratis.ContainerStateMachine (ContainerStateMachine.java:takeSnapshot(436)) - group-032DC0AA9B70: Finished taking a snapshot at:(t:1, i:7) file:/home/runner/work/ozone/ozone/hadoop-ozone/integration-test/target/test-dir/MiniOzoneClusterImpl-09c4c6e1-5ab0-4195-ac7b-5aec6defaa36/ozone-meta/datanode-8/ratis/d382207d-4198-4d69-b4f6-032dc0aa9b70/sm/snapshot.1_7 took: 1 ms
2025-07-19 06:08:38,331 [e6deb990-2c6c-4f88-aa04-2e44b30659d5@group-032DC0AA9B70-StateMachineUpdater] INFO  impl.StateMachineUpdater (StateMachineUpdater.java:takeSnapshot(307)) - e6deb990-2c6c-4f88-aa04-2e44b30659d5@group-032DC0AA9B70-StateMachineUpdater: Took a snapshot at index 7
2025-07-19 06:08:38,332 [e6deb990-2c6c-4f88-aa04-2e44b30659d5@group-032DC0AA9B70-StateMachineUpdater] INFO  impl.StateMachineUpdater (StateMachineUpdater.java:lambda$new$0(101)) - e6deb990-2c6c-4f88-aa04-2e44b30659d5@group-032DC0AA9B70-StateMachineUpdater: snapshotIndex: updateIncreasingly 3 -> 7
2025-07-19 06:08:38,333 [78917b03-a842-488e-9e7c-f00b43f4ecc3-server-thread2] WARN  server.GrpcServerProtocolService (LogUtils.java:warn(129)) - 78917b03-a842-488e-9e7c-f00b43f4ecc3: Failed APPEND_ENTRIES request e4fa6cd0-dc30-4550-b12f-023a3466045b->78917b03-a842-488e-9e7c-f00b43f4ecc3#50-t1,previous=(t:1, i:3),leaderCommit=7,initializing? false,entries: size=4, first=(t:1, i:4), STATEMACHINELOGENTRY, WRITE: logData.size=154, stateMachineData.size=10, logEntryProtoSerializedSize=0
java.util.concurrent.CompletionException: org.apache.hadoop.hdds.scm.container.common.helpers.StorageContainerException: Chunks directory /home/runner/work/ozone/ozone/hadoop-ozone/integration-test/target/test-dir/MiniOzoneClusterImpl-09c4c6e1-5ab0-4195-ac7b-5aec6defaa36/ozone-meta/datanode-7/data-0/hdds/09c4c6e1-5ab0-4195-ac7b-5aec6defaa36/current/containerDir0/9/chunks does not exist.
	at java.base/java.util.concurrent.CompletableFuture.encodeThrowable(CompletableFuture.java:332)
	at java.base/java.util.concurrent.CompletableFuture.completeThrowable(CompletableFuture.java:347)
	at java.base/java.util.concurrent.CompletableFuture$BiRelay.tryFire(CompletableFuture.java:1498)
	at java.base/java.util.concurrent.CompletableFuture$CoCompletion.tryFire(CompletableFuture.java:1219)
	at java.base/java.util.concurrent.CompletableFuture.postComplete(CompletableFuture.java:510)
	at java.base/java.util.concurrent.CompletableFuture.completeExceptionally(CompletableFuture.java:2194)
	at org.apache.ratis.server.raftlog.segmented.SegmentedRaftLog$Task.failed(SegmentedRaftLog.java:109)
	at org.apache.ratis.server.raftlog.segmented.SegmentedRaftLogWorker$WriteLog.failed(SegmentedRaftLogWorker.java:530)
	at org.apache.ratis.server.raftlog.segmented.SegmentedRaftLogWorker.run(SegmentedRaftLogWorker.java:326)
	at java.base/java.util.concurrent.Executors$RunnableAdapter.call(Executors.java:572)
	at java.base/java.util.concurrent.FutureTask.run(FutureTask.java:317)
	at java.base/java.util.concurrent.ThreadPoolExecutor.runWorker(ThreadPoolExecutor.java:1144)
	at java.base/java.util.concurrent.ThreadPoolExecutor$Worker.run(ThreadPoolExecutor.java:642)
	at java.base/java.lang.Thread.run(Thread.java:1583)
Caused by: org.apache.hadoop.hdds.scm.container.common.helpers.StorageContainerException: Chunks directory /home/runner/work/ozone/ozone/hadoop-ozone/integration-test/target/test-dir/MiniOzoneClusterImpl-09c4c6e1-5ab0-4195-ac7b-5aec6defaa36/ozone-meta/datanode-7/data-0/hdds/09c4c6e1-5ab0-4195-ac7b-5aec6defaa36/current/containerDir0/9/chunks does not exist.
	at org.apache.hadoop.ozone.container.common.transport.server.ratis.ContainerStateMachine.handleCommandResult(ContainerStateMachine.java:661)
	at org.apache.hadoop.ozone.container.common.transport.server.ratis.ContainerStateMachine.lambda$writeStateMachineData$2(ContainerStateMachine.java:623)
	... 4 more
2025-07-19 06:08:38,333 [grpc-default-executor-6] INFO  leader.LogAppender (LogAppenderBase.java:lambda$getNextIndexForError$0(215)) - Decrease nextIndex to 4
2025-07-19 06:08:38,333 [grpc-default-executor-6] INFO  leader.LogAppender (LogAppenderBase.java:lambda$getNextIndexForError$0(215)) - Decrease nextIndex to 4
2025-07-19 06:08:38,333 [grpc-default-executor-6] INFO  leader.FollowerInfo (FollowerInfoImpl.java:info(70)) - e4fa6cd0-dc30-4550-b12f-023a3466045b@group-032DC0AA9B70->78917b03-a842-488e-9e7c-f00b43f4ecc3: computeNextIndex nextIndex: updateUnconditionally 8 -> 4
2025-07-19 06:08:38,365 [EventQueue-PipelineReportForPipelineReportHandler] INFO  pipeline.PipelineReportHandler (PipelineReportHandler.java:handlePipelineNotFoundException(98)) - Pipeline Pipeline-a1dcb70a-c8f9-4212-ac4f-0132fe54e6cf, reported by datanode 7e15f5a0-0f8f-4a50-92e4-d2f5038b0085(localhost/127.0.0.1) is not found.
2025-07-19 06:08:38,438 [EventQueue-PipelineActionsForPipelineActionHandler] INFO  pipeline.PipelineActionHandler (PipelineActionHandler.java:processPipelineAction(89)) - Received pipeline action CLOSE for Pipeline-d382207d-4198-4d69-b4f6-032dc0aa9b70 from datanode 78917b03-a842-488e-9e7c-f00b43f4ecc3(localhost/127.0.0.1). Reason : Chunks directory /home/runner/work/ozone/ozone/hadoop-ozone/integration-test/target/test-dir/MiniOzoneClusterImpl-09c4c6e1-5ab0-4195-ac7b-5aec6defaa36/ozone-meta/datanode-7/data-0/hdds/09c4c6e1-5ab0-4195-ac7b-5aec6defaa36/current/containerDir0/9/chunks does not exist.
2025-07-19 06:08:38,469 [e4fa6cd0-dc30-4550-b12f-023a3466045b-CloseContainerThread-0] WARN  keyvalue.KeyValueHandler (KeyValueHandler.java:updateAndGetContainerChecksum(1451)) - Container data checksum updated from 0 to 14eabacf
2025-07-19 06:08:38,473 [78917b03-a842-488e-9e7c-f00b43f4ecc3-server-thread2] WARN  server.GrpcServerProtocolService (LogUtils.java:warn(129)) - 78917b03-a842-488e-9e7c-f00b43f4ecc3: Failed APPEND_ENTRIES request e4fa6cd0-dc30-4550-b12f-023a3466045b->78917b03-a842-488e-9e7c-f00b43f4ecc3#51-t1,previous=(t:1, i:3),leaderCommit=7,initializing? false,entries: size=5, first=(t:1, i:4), STATEMACHINELOGENTRY, WRITE: logData.size=154, stateMachineData.size=10, logEntryProtoSerializedSize=0
java.util.concurrent.CompletionException: org.apache.hadoop.hdds.scm.container.common.helpers.StorageContainerException: Chunks directory /home/runner/work/ozone/ozone/hadoop-ozone/integration-test/target/test-dir/MiniOzoneClusterImpl-09c4c6e1-5ab0-4195-ac7b-5aec6defaa36/ozone-meta/datanode-7/data-0/hdds/09c4c6e1-5ab0-4195-ac7b-5aec6defaa36/current/containerDir0/9/chunks does not exist.
	at java.base/java.util.concurrent.CompletableFuture.encodeThrowable(CompletableFuture.java:332)
	at java.base/java.util.concurrent.CompletableFuture.completeThrowable(CompletableFuture.java:347)
	at java.base/java.util.concurrent.CompletableFuture$BiRelay.tryFire(CompletableFuture.java:1498)
	at java.base/java.util.concurrent.CompletableFuture$CoCompletion.tryFire(CompletableFuture.java:1219)
	at java.base/java.util.concurrent.CompletableFuture.postComplete(CompletableFuture.java:510)
	at java.base/java.util.concurrent.CompletableFuture.completeExceptionally(CompletableFuture.java:2194)
	at org.apache.ratis.server.raftlog.segmented.SegmentedRaftLog$Task.failed(SegmentedRaftLog.java:109)
	at org.apache.ratis.server.raftlog.segmented.SegmentedRaftLogWorker$WriteLog.failed(SegmentedRaftLogWorker.java:530)
	at org.apache.ratis.server.raftlog.segmented.SegmentedRaftLogWorker.run(SegmentedRaftLogWorker.java:326)
	at java.base/java.util.concurrent.Executors$RunnableAdapter.call(Executors.java:572)
	at java.base/java.util.concurrent.FutureTask.run(FutureTask.java:317)
	at java.base/java.util.concurrent.ThreadPoolExecutor.runWorker(ThreadPoolExecutor.java:1144)
	at java.base/java.util.concurrent.ThreadPoolExecutor$Worker.run(ThreadPoolExecutor.java:642)
	at java.base/java.lang.Thread.run(Thread.java:1583)
Caused by: org.apache.hadoop.hdds.scm.container.common.helpers.StorageContainerException: Chunks directory /home/runner/work/ozone/ozone/hadoop-ozone/integration-test/target/test-dir/MiniOzoneClusterImpl-09c4c6e1-5ab0-4195-ac7b-5aec6defaa36/ozone-meta/datanode-7/data-0/hdds/09c4c6e1-5ab0-4195-ac7b-5aec6defaa36/current/containerDir0/9/chunks does not exist.
	at org.apache.hadoop.ozone.container.common.transport.server.ratis.ContainerStateMachine.handleCommandResult(ContainerStateMachine.java:661)
	at org.apache.hadoop.ozone.container.common.transport.server.ratis.ContainerStateMachine.lambda$writeStateMachineData$2(ContainerStateMachine.java:623)
	... 4 more
2025-07-19 06:08:38,473 [e4fa6cd0-dc30-4550-b12f-023a3466045b-ContainerOp-d382207d-4198-4d69-b4f6-032dc0aa9b70-4] INFO  keyvalue.KeyValueContainer (KeyValueContainer.java:flushAndSyncDB(514)) - Synced container: KeyValueContainerData #9 (CLOSING, non-empty, ri=0, origin=[dn_e4fa6cd0-dc30-4550-b12f-023a3466045b, pipeline_d382207d-4198-4d69-b4f6-032dc0aa9b70])
2025-07-19 06:08:38,473 [e4fa6cd0-dc30-4550-b12f-023a3466045b-ContainerOp-d382207d-4198-4d69-b4f6-032dc0aa9b70-4] INFO  keyvalue.KeyValueContainer (KeyValueContainer.java:flushAndSyncDB(514)) - Synced container: KeyValueContainerData #9 (CLOSING, non-empty, ri=0, origin=[dn_e4fa6cd0-dc30-4550-b12f-023a3466045b, pipeline_d382207d-4198-4d69-b4f6-032dc0aa9b70])
2025-07-19 06:08:38,474 [grpc-default-executor-6] INFO  leader.LogAppender (LogAppenderBase.java:lambda$getNextIndexForError$0(215)) - Decrease nextIndex to 4
2025-07-19 06:08:38,474 [grpc-default-executor-6] INFO  leader.LogAppender (LogAppenderBase.java:lambda$getNextIndexForError$0(215)) - Decrease nextIndex to 4
2025-07-19 06:08:38,475 [grpc-default-executor-6] INFO  leader.FollowerInfo (FollowerInfoImpl.java:info(70)) - e4fa6cd0-dc30-4550-b12f-023a3466045b@group-032DC0AA9B70->78917b03-a842-488e-9e7c-f00b43f4ecc3: computeNextIndex nextIndex: updateUnconditionally 9 -> 4
2025-07-19 06:08:38,478 [e4fa6cd0-dc30-4550-b12f-023a3466045b-ContainerOp-d382207d-4198-4d69-b4f6-032dc0aa9b70-4] INFO  keyvalue.KeyValueContainer (KeyValueContainer.java:close(430)) - Closed container: KeyValueContainerData #9 (CLOSED, non-empty, ri=0, origin=[dn_e4fa6cd0-dc30-4550-b12f-023a3466045b, pipeline_d382207d-4198-4d69-b4f6-032dc0aa9b70])
2025-07-19 06:08:38,478 [e4fa6cd0-dc30-4550-b12f-023a3466045b@group-032DC0AA9B70-StateMachineUpdater] INFO  ratis.ContainerStateMachine (ContainerStateMachine.java:takeSnapshot(427)) - group-032DC0AA9B70: Taking a snapshot at:(t:1, i:8) file /home/runner/work/ozone/ozone/hadoop-ozone/integration-test/target/test-dir/MiniOzoneClusterImpl-09c4c6e1-5ab0-4195-ac7b-5aec6defaa36/ozone-meta/datanode-9/ratis/d382207d-4198-4d69-b4f6-032dc0aa9b70/sm/snapshot.1_8
2025-07-19 06:08:38,479 [78917b03-a842-488e-9e7c-f00b43f4ecc3-server-thread2] WARN  server.GrpcServerProtocolService (LogUtils.java:warn(129)) - 78917b03-a842-488e-9e7c-f00b43f4ecc3: Failed APPEND_ENTRIES request e4fa6cd0-dc30-4550-b12f-023a3466045b->78917b03-a842-488e-9e7c-f00b43f4ecc3#52-t1,previous=(t:1, i:3),leaderCommit=9,initializing? false,entries: size=6, first=(t:1, i:4), STATEMACHINELOGENTRY, WRITE: logData.size=154, stateMachineData.size=10, logEntryProtoSerializedSize=0
java.util.concurrent.CompletionException: org.apache.hadoop.hdds.scm.container.common.helpers.StorageContainerException: Chunks directory /home/runner/work/ozone/ozone/hadoop-ozone/integration-test/target/test-dir/MiniOzoneClusterImpl-09c4c6e1-5ab0-4195-ac7b-5aec6defaa36/ozone-meta/datanode-7/data-0/hdds/09c4c6e1-5ab0-4195-ac7b-5aec6defaa36/current/containerDir0/9/chunks does not exist.
	at java.base/java.util.concurrent.CompletableFuture.encodeThrowable(CompletableFuture.java:332)
	at java.base/java.util.concurrent.CompletableFuture.completeThrowable(CompletableFuture.java:347)
	at java.base/java.util.concurrent.CompletableFuture$BiRelay.tryFire(CompletableFuture.java:1498)
	at java.base/java.util.concurrent.CompletableFuture$CoCompletion.tryFire(CompletableFuture.java:1219)
	at java.base/java.util.concurrent.CompletableFuture.postComplete(CompletableFuture.java:510)
	at java.base/java.util.concurrent.CompletableFuture.completeExceptionally(CompletableFuture.java:2194)
	at org.apache.ratis.server.raftlog.segmented.SegmentedRaftLog$Task.failed(SegmentedRaftLog.java:109)
	at org.apache.ratis.server.raftlog.segmented.SegmentedRaftLogWorker$WriteLog.failed(SegmentedRaftLogWorker.java:530)
	at org.apache.ratis.server.raftlog.segmented.SegmentedRaftLogWorker.run(SegmentedRaftLogWorker.java:326)
	at java.base/java.util.concurrent.Executors$RunnableAdapter.call(Executors.java:572)
	at java.base/java.util.concurrent.FutureTask.run(FutureTask.java:317)
	at java.base/java.util.concurrent.ThreadPoolExecutor.runWorker(ThreadPoolExecutor.java:1144)
	at java.base/java.util.concurrent.ThreadPoolExecutor$Worker.run(ThreadPoolExecutor.java:642)
	at java.base/java.lang.Thread.run(Thread.java:1583)
Caused by: org.apache.hadoop.hdds.scm.container.common.helpers.StorageContainerException: Chunks directory /home/runner/work/ozone/ozone/hadoop-ozone/integration-test/target/test-dir/MiniOzoneClusterImpl-09c4c6e1-5ab0-4195-ac7b-5aec6defaa36/ozone-meta/datanode-7/data-0/hdds/09c4c6e1-5ab0-4195-ac7b-5aec6defaa36/current/containerDir0/9/chunks does not exist.
	at org.apache.hadoop.ozone.container.common.transport.server.ratis.ContainerStateMachine.handleCommandResult(ContainerStateMachine.java:661)
	at org.apache.hadoop.ozone.container.common.transport.server.ratis.ContainerStateMachine.lambda$writeStateMachineData$2(ContainerStateMachine.java:623)
	... 4 more
2025-07-19 06:08:38,479 [e4fa6cd0-dc30-4550-b12f-023a3466045b@group-032DC0AA9B70-StateMachineUpdater] INFO  ratis.ContainerStateMachine (ContainerStateMachine.java:takeSnapshot(436)) - group-032DC0AA9B70: Finished taking a snapshot at:(t:1, i:8) file:/home/runner/work/ozone/ozone/hadoop-ozone/integration-test/target/test-dir/MiniOzoneClusterImpl-09c4c6e1-5ab0-4195-ac7b-5aec6defaa36/ozone-meta/datanode-9/ratis/d382207d-4198-4d69-b4f6-032dc0aa9b70/sm/snapshot.1_8 took: 1 ms
2025-07-19 06:08:38,480 [e4fa6cd0-dc30-4550-b12f-023a3466045b@group-032DC0AA9B70-StateMachineUpdater] INFO  impl.StateMachineUpdater (StateMachineUpdater.java:takeSnapshot(307)) - e4fa6cd0-dc30-4550-b12f-023a3466045b@group-032DC0AA9B70-StateMachineUpdater: Took a snapshot at index 8
2025-07-19 06:08:38,480 [e4fa6cd0-dc30-4550-b12f-023a3466045b@group-032DC0AA9B70-StateMachineUpdater] INFO  impl.StateMachineUpdater (StateMachineUpdater.java:lambda$new$0(101)) - e4fa6cd0-dc30-4550-b12f-023a3466045b@group-032DC0AA9B70-StateMachineUpdater: snapshotIndex: updateIncreasingly 4 -> 8
2025-07-19 06:08:38,480 [e4fa6cd0-dc30-4550-b12f-023a3466045b@group-032DC0AA9B70-StateMachineUpdater] INFO  ratis.ContainerStateMachine (ContainerStateMachine.java:takeSnapshot(427)) - group-032DC0AA9B70: Taking a snapshot at:(t:1, i:9) file /home/runner/work/ozone/ozone/hadoop-ozone/integration-test/target/test-dir/MiniOzoneClusterImpl-09c4c6e1-5ab0-4195-ac7b-5aec6defaa36/ozone-meta/datanode-9/ratis/d382207d-4198-4d69-b4f6-032dc0aa9b70/sm/snapshot.1_9
2025-07-19 06:08:38,480 [FixedThreadPoolWithAffinityExecutor-1-0] INFO  container.IncrementalContainerReportHandler (AbstractContainerReportHandler.java:updateContainerState(289)) - CLOSE Container #9 (CLOSING, sid=5) r0 (CLOSED, bcsid=5, origin=e4fa6cd0-dc30-4550-b12f-023a3466045b, non-empty) from dn e4fa6cd0-dc30-4550-b12f-023a3466045b(localhost/127.0.0.1)
2025-07-19 06:08:38,480 [grpc-default-executor-9] INFO  leader.LogAppender (LogAppenderBase.java:lambda$getNextIndexForError$0(215)) - Decrease nextIndex to 4
2025-07-19 06:08:38,480 [grpc-default-executor-9] INFO  leader.LogAppender (LogAppenderBase.java:lambda$getNextIndexForError$0(215)) - Decrease nextIndex to 4
2025-07-19 06:08:38,481 [grpc-default-executor-9] INFO  leader.FollowerInfo (FollowerInfoImpl.java:info(70)) - e4fa6cd0-dc30-4550-b12f-023a3466045b@group-032DC0AA9B70->78917b03-a842-488e-9e7c-f00b43f4ecc3: computeNextIndex nextIndex: updateUnconditionally 10 -> 4
2025-07-19 06:08:38,481 [e4fa6cd0-dc30-4550-b12f-023a3466045b@group-032DC0AA9B70-StateMachineUpdater] INFO  ratis.ContainerStateMachine (ContainerStateMachine.java:takeSnapshot(436)) - group-032DC0AA9B70: Finished taking a snapshot at:(t:1, i:9) file:/home/runner/work/ozone/ozone/hadoop-ozone/integration-test/target/test-dir/MiniOzoneClusterImpl-09c4c6e1-5ab0-4195-ac7b-5aec6defaa36/ozone-meta/datanode-9/ratis/d382207d-4198-4d69-b4f6-032dc0aa9b70/sm/snapshot.1_9 took: 1 ms
2025-07-19 06:08:38,481 [e4fa6cd0-dc30-4550-b12f-023a3466045b@group-032DC0AA9B70-StateMachineUpdater] INFO  impl.StateMachineUpdater (StateMachineUpdater.java:takeSnapshot(307)) - e4fa6cd0-dc30-4550-b12f-023a3466045b@group-032DC0AA9B70-StateMachineUpdater: Took a snapshot at index 9
2025-07-19 06:08:38,481 [e4fa6cd0-dc30-4550-b12f-023a3466045b@group-032DC0AA9B70-StateMachineUpdater] INFO  impl.StateMachineUpdater (StateMachineUpdater.java:lambda$new$0(101)) - e4fa6cd0-dc30-4550-b12f-023a3466045b@group-032DC0AA9B70-StateMachineUpdater: snapshotIndex: updateIncreasingly 8 -> 9
2025-07-19 06:08:38,482 [e6deb990-2c6c-4f88-aa04-2e44b30659d5-ContainerOp-d382207d-4198-4d69-b4f6-032dc0aa9b70-4] WARN  keyvalue.KeyValueHandler (KeyValueHandler.java:updateAndGetContainerChecksum(1451)) - Container data checksum updated from 0 to 14eabacf
2025-07-19 06:08:38,483 [e6deb990-2c6c-4f88-aa04-2e44b30659d5-ContainerOp-d382207d-4198-4d69-b4f6-032dc0aa9b70-4] INFO  keyvalue.KeyValueContainer (KeyValueContainer.java:flushAndSyncDB(514)) - Synced container: KeyValueContainerData #9 (CLOSING, non-empty, ri=0, origin=[dn_e6deb990-2c6c-4f88-aa04-2e44b30659d5, pipeline_d382207d-4198-4d69-b4f6-032dc0aa9b70])
2025-07-19 06:08:38,483 [e6deb990-2c6c-4f88-aa04-2e44b30659d5-ContainerOp-d382207d-4198-4d69-b4f6-032dc0aa9b70-4] INFO  keyvalue.KeyValueContainer (KeyValueContainer.java:flushAndSyncDB(514)) - Synced container: KeyValueContainerData #9 (CLOSING, non-empty, ri=0, origin=[dn_e6deb990-2c6c-4f88-aa04-2e44b30659d5, pipeline_d382207d-4198-4d69-b4f6-032dc0aa9b70])
2025-07-19 06:08:38,485 [e6deb990-2c6c-4f88-aa04-2e44b30659d5-ContainerOp-d382207d-4198-4d69-b4f6-032dc0aa9b70-4] INFO  keyvalue.KeyValueContainer (KeyValueContainer.java:close(430)) - Closed container: KeyValueContainerData #9 (CLOSED, non-empty, ri=0, origin=[dn_e6deb990-2c6c-4f88-aa04-2e44b30659d5, pipeline_d382207d-4198-4d69-b4f6-032dc0aa9b70])
2025-07-19 06:08:38,499 [EventQueue-PipelineReportForPipelineReportHandler] INFO  pipeline.PipelineReportHandler (PipelineReportHandler.java:handlePipelineNotFoundException(98)) - Pipeline Pipeline-a1dcb70a-c8f9-4212-ac4f-0132fe54e6cf, reported by datanode 86838f6f-3dde-42b5-b01a-58c95bf80430(localhost/127.0.0.1) is not found.
2025-07-19 06:08:38,565 [EventQueue-PipelineReportForPipelineReportHandler] INFO  pipeline.PipelineReportHandler (PipelineReportHandler.java:handlePipelineNotFoundException(98)) - Pipeline Pipeline-a1dcb70a-c8f9-4212-ac4f-0132fe54e6cf, reported by datanode 7e15f5a0-0f8f-4a50-92e4-d2f5038b0085(localhost/127.0.0.1) is not found.
2025-07-19 06:08:38,639 [EventQueue-PipelineActionsForPipelineActionHandler] INFO  pipeline.PipelineActionHandler (PipelineActionHandler.java:processPipelineAction(89)) - Received pipeline action CLOSE for Pipeline-d382207d-4198-4d69-b4f6-032dc0aa9b70 from datanode 78917b03-a842-488e-9e7c-f00b43f4ecc3(localhost/127.0.0.1). Reason : Chunks directory /home/runner/work/ozone/ozone/hadoop-ozone/integration-test/target/test-dir/MiniOzoneClusterImpl-09c4c6e1-5ab0-4195-ac7b-5aec6defaa36/ozone-meta/datanode-7/data-0/hdds/09c4c6e1-5ab0-4195-ac7b-5aec6defaa36/current/containerDir0/9/chunks does not exist.
2025-07-19 06:08:38,700 [EventQueue-PipelineReportForPipelineReportHandler] INFO  pipeline.PipelineReportHandler (PipelineReportHandler.java:handlePipelineNotFoundException(98)) - Pipeline Pipeline-a1dcb70a-c8f9-4212-ac4f-0132fe54e6cf, reported by datanode 86838f6f-3dde-42b5-b01a-58c95bf80430(localhost/127.0.0.1) is not found.
2025-07-19 06:08:38,702 [grpc-default-executor-9] INFO  server.RaftServer (RaftServerProxy.java:remove(116)) - 7e15f5a0-0f8f-4a50-92e4-d2f5038b0085: remove    LEADER (RUNNING): 7e15f5a0-0f8f-4a50-92e4-d2f5038b0085@group-0132FE54E6CF:t1, leader=7e15f5a0-0f8f-4a50-92e4-d2f5038b0085, voted=7e15f5a0-0f8f-4a50-92e4-d2f5038b0085, raftlog=Memoized:7e15f5a0-0f8f-4a50-92e4-d2f5038b0085@group-0132FE54E6CF-SegmentedRaftLog:OPENED:c12:last(t:1, i:12), conf=conf: {index: 0, cur=peers:[7e15f5a0-0f8f-4a50-92e4-d2f5038b0085|127.0.0.1:15015, aa0cb613-fc94-4131-90ab-17bcd78458c4|127.0.0.1:15023, 86838f6f-3dde-42b5-b01a-58c95bf80430|127.0.0.1:15031]|listeners:[], old=null}
2025-07-19 06:08:38,702 [grpc-default-executor-9] INFO  server.RaftServer$Division (RaftServerImpl.java:lambda$close$1(527)) - 7e15f5a0-0f8f-4a50-92e4-d2f5038b0085@group-0132FE54E6CF: shutdown
2025-07-19 06:08:38,703 [grpc-default-executor-9] INFO  util.JmxRegister (JmxRegister.java:unregister(74)) - Successfully un-registered JMX Bean with object name Ratis:service=RaftServer,group=group-0132FE54E6CF,id=7e15f5a0-0f8f-4a50-92e4-d2f5038b0085
2025-07-19 06:08:38,703 [grpc-default-executor-9] INFO  impl.RoleInfo (RoleInfo.java:shutdownLeaderState(103)) - 7e15f5a0-0f8f-4a50-92e4-d2f5038b0085: shutdown 7e15f5a0-0f8f-4a50-92e4-d2f5038b0085@group-0132FE54E6CF-LeaderStateImpl
2025-07-19 06:08:38,703 [grpc-default-executor-9] INFO  impl.PendingRequests (PendingRequests.java:sendNotLeaderResponses(287)) - 7e15f5a0-0f8f-4a50-92e4-d2f5038b0085@group-0132FE54E6CF-PendingRequests: sendNotLeaderResponses
2025-07-19 06:08:38,703 [7e15f5a0-0f8f-4a50-92e4-d2f5038b0085@group-0132FE54E6CF->86838f6f-3dde-42b5-b01a-58c95bf80430-GrpcLogAppender-LogAppenderDaemon] WARN  server.GrpcLogAppender (GrpcLogAppender.java:mayWait(300)) - 7e15f5a0-0f8f-4a50-92e4-d2f5038b0085@group-0132FE54E6CF->86838f6f-3dde-42b5-b01a-58c95bf80430-GrpcLogAppender: Wait interrupted by java.lang.InterruptedException
2025-07-19 06:08:38,704 [7e15f5a0-0f8f-4a50-92e4-d2f5038b0085@group-0132FE54E6CF->aa0cb613-fc94-4131-90ab-17bcd78458c4-GrpcLogAppender-LogAppenderDaemon] WARN  server.GrpcLogAppender (GrpcLogAppender.java:mayWait(300)) - 7e15f5a0-0f8f-4a50-92e4-d2f5038b0085@group-0132FE54E6CF->aa0cb613-fc94-4131-90ab-17bcd78458c4-GrpcLogAppender: Wait interrupted by java.lang.InterruptedException
2025-07-19 06:08:38,704 [grpc-default-executor-0] INFO  server.GrpcServerProtocolService (GrpcServerProtocolService.java:lambda$onCompleted$6(171)) - 86838f6f-3dde-42b5-b01a-58c95bf80430: Completed APPEND_ENTRIES, lastRequest: 7e15f5a0-0f8f-4a50-92e4-d2f5038b0085->86838f6f-3dde-42b5-b01a-58c95bf80430#61-t1,previous=(t:1, i:11),leaderCommit=11,initializing? false,entries: size=1, first=(t:1, i:12), METADATAENTRY(c:11) 
2025-07-19 06:08:38,704 [grpc-default-executor-6] INFO  server.GrpcServerProtocolService (GrpcServerProtocolService.java:lambda$null$7(175)) - 86838f6f-3dde-42b5-b01a-58c95bf80430: Completed APPEND_ENTRIES, lastReply: serverReply {
  requestorId: "7e15f5a0-0f8f-4a50-92e4-d2f5038b0085"
  replyId: "86838f6f-3dde-42b5-b01a-58c95bf80430"
  raftGroupId {
    id: "\241\334\267\n\310\371B\022\254O\0012\376T\346\317"
  }
  callId: 63
  success: true
}
term: 1
nextIndex: 13
followerCommit: 12
matchIndex: 18446744073709551615
isHearbeat: true
 
2025-07-19 06:08:38,705 [7e15f5a0-0f8f-4a50-92e4-d2f5038b0085@group-0132FE54E6CF-StateMachineUpdater] INFO  ratis.ContainerStateMachine (ContainerStateMachine.java:takeSnapshot(427)) - group-0132FE54E6CF: Taking a snapshot at:(t:1, i:12) file /home/runner/work/ozone/ozone/hadoop-ozone/integration-test/target/test-dir/MiniOzoneClusterImpl-09c4c6e1-5ab0-4195-ac7b-5aec6defaa36/ozone-meta/datanode-1/ratis/a1dcb70a-c8f9-4212-ac4f-0132fe54e6cf/sm/snapshot.1_12
2025-07-19 06:08:38,705 [grpc-default-executor-3] INFO  server.GrpcServerProtocolService (GrpcServerProtocolService.java:lambda$onCompleted$6(171)) - aa0cb613-fc94-4131-90ab-17bcd78458c4: Completed APPEND_ENTRIES, lastRequest: null 
2025-07-19 06:08:38,705 [grpc-default-executor-3] INFO  server.GrpcServerProtocolService (GrpcServerProtocolService.java:lambda$null$7(175)) - aa0cb613-fc94-4131-90ab-17bcd78458c4: Completed APPEND_ENTRIES, lastReply: null 
2025-07-19 06:08:38,705 [grpc-default-executor-6] INFO  server.GrpcLogAppender (GrpcLogAppender.java:onCompleted(558)) - 7e15f5a0-0f8f-4a50-92e4-d2f5038b0085@group-0132FE54E6CF->aa0cb613-fc94-4131-90ab-17bcd78458c4-AppendLogResponseHandler: follower responses appendEntries COMPLETED
2025-07-19 06:08:38,706 [grpc-default-executor-0] INFO  server.GrpcLogAppender (GrpcLogAppender.java:onCompleted(558)) - 7e15f5a0-0f8f-4a50-92e4-d2f5038b0085@group-0132FE54E6CF->86838f6f-3dde-42b5-b01a-58c95bf80430-AppendLogResponseHandler: follower responses appendEntries COMPLETED
2025-07-19 06:08:38,705 [grpc-default-executor-9] INFO  impl.StateMachineUpdater (StateMachineUpdater.java:stopAndJoin(163)) - 7e15f5a0-0f8f-4a50-92e4-d2f5038b0085@group-0132FE54E6CF-StateMachineUpdater: set stopIndex = 12
2025-07-19 06:08:38,706 [grpc-default-executor-2] INFO  server.GrpcLogAppender (GrpcLogAppender.java:onCompleted(558)) - 7e15f5a0-0f8f-4a50-92e4-d2f5038b0085@group-0132FE54E6CF->86838f6f-3dde-42b5-b01a-58c95bf80430-AppendLogResponseHandler: follower responses appendEntries COMPLETED
2025-07-19 06:08:38,706 [7e15f5a0-0f8f-4a50-92e4-d2f5038b0085@group-0132FE54E6CF-StateMachineUpdater] INFO  ratis.ContainerStateMachine (ContainerStateMachine.java:takeSnapshot(436)) - group-0132FE54E6CF: Finished taking a snapshot at:(t:1, i:12) file:/home/runner/work/ozone/ozone/hadoop-ozone/integration-test/target/test-dir/MiniOzoneClusterImpl-09c4c6e1-5ab0-4195-ac7b-5aec6defaa36/ozone-meta/datanode-1/ratis/a1dcb70a-c8f9-4212-ac4f-0132fe54e6cf/sm/snapshot.1_12 took: 2 ms
2025-07-19 06:08:38,707 [7e15f5a0-0f8f-4a50-92e4-d2f5038b0085@group-0132FE54E6CF-StateMachineUpdater] INFO  impl.SimpleStateMachineStorage (SimpleStateMachineStorage.java:lambda$cleanupOldSnapshots$1(126)) - Deleting old snapshot at /home/runner/work/ozone/ozone/hadoop-ozone/integration-test/target/test-dir/MiniOzoneClusterImpl-09c4c6e1-5ab0-4195-ac7b-5aec6defaa36/ozone-meta/datanode-1/ratis/a1dcb70a-c8f9-4212-ac4f-0132fe54e6cf/sm/snapshot.1_3
2025-07-19 06:08:38,707 [7e15f5a0-0f8f-4a50-92e4-d2f5038b0085@group-0132FE54E6CF-StateMachineUpdater] INFO  impl.StateMachineUpdater (StateMachineUpdater.java:takeSnapshot(307)) - 7e15f5a0-0f8f-4a50-92e4-d2f5038b0085@group-0132FE54E6CF-StateMachineUpdater: Took a snapshot at index 12
2025-07-19 06:08:38,707 [7e15f5a0-0f8f-4a50-92e4-d2f5038b0085@group-0132FE54E6CF-StateMachineUpdater] INFO  impl.StateMachineUpdater (StateMachineUpdater.java:lambda$new$0(101)) - 7e15f5a0-0f8f-4a50-92e4-d2f5038b0085@group-0132FE54E6CF-StateMachineUpdater: snapshotIndex: updateIncreasingly 10 -> 12
2025-07-19 06:08:38,707 [7e15f5a0-0f8f-4a50-92e4-d2f5038b0085@group-0132FE54E6CF-StateMachineUpdater] INFO  impl.StateMachineUpdater (StateMachineUpdater.java:stop(140)) - 7e15f5a0-0f8f-4a50-92e4-d2f5038b0085@group-0132FE54E6CF-StateMachineUpdater: closing ContainerStateMachine, lastApplied=(t:1, i:12)
2025-07-19 06:08:38,708 [7e15f5a0-0f8f-4a50-92e4-d2f5038b0085@group-0132FE54E6CF-cacheEviction-AwaitToRun] INFO  util.AwaitToRun (AwaitToRun.java:run(49)) - 7e15f5a0-0f8f-4a50-92e4-d2f5038b0085@group-0132FE54E6CF-cacheEviction-AwaitToRun-AwaitForSignal is interrupted
2025-07-19 06:08:38,838 [EventQueue-PipelineActionsForPipelineActionHandler] INFO  pipeline.PipelineActionHandler (PipelineActionHandler.java:processPipelineAction(89)) - Received pipeline action CLOSE for Pipeline-d382207d-4198-4d69-b4f6-032dc0aa9b70 from datanode 78917b03-a842-488e-9e7c-f00b43f4ecc3(localhost/127.0.0.1). Reason : Chunks directory /home/runner/work/ozone/ozone/hadoop-ozone/integration-test/target/test-dir/MiniOzoneClusterImpl-09c4c6e1-5ab0-4195-ac7b-5aec6defaa36/ozone-meta/datanode-7/data-0/hdds/09c4c6e1-5ab0-4195-ac7b-5aec6defaa36/current/containerDir0/9/chunks does not exist.
2025-07-19 06:08:38,899 [EventQueue-PipelineReportForPipelineReportHandler] INFO  pipeline.PipelineReportHandler (PipelineReportHandler.java:handlePipelineNotFoundException(98)) - Pipeline Pipeline-a1dcb70a-c8f9-4212-ac4f-0132fe54e6cf, reported by datanode 86838f6f-3dde-42b5-b01a-58c95bf80430(localhost/127.0.0.1) is not found.
2025-07-19 06:08:39,038 [EventQueue-PipelineActionsForPipelineActionHandler] INFO  pipeline.PipelineActionHandler (PipelineActionHandler.java:processPipelineAction(89)) - Received pipeline action CLOSE for Pipeline-d382207d-4198-4d69-b4f6-032dc0aa9b70 from datanode 78917b03-a842-488e-9e7c-f00b43f4ecc3(localhost/127.0.0.1). Reason : Chunks directory /home/runner/work/ozone/ozone/hadoop-ozone/integration-test/target/test-dir/MiniOzoneClusterImpl-09c4c6e1-5ab0-4195-ac7b-5aec6defaa36/ozone-meta/datanode-7/data-0/hdds/09c4c6e1-5ab0-4195-ac7b-5aec6defaa36/current/containerDir0/9/chunks does not exist.
2025-07-19 06:08:39,099 [EventQueue-PipelineReportForPipelineReportHandler] INFO  pipeline.PipelineReportHandler (PipelineReportHandler.java:handlePipelineNotFoundException(98)) - Pipeline Pipeline-a1dcb70a-c8f9-4212-ac4f-0132fe54e6cf, reported by datanode 86838f6f-3dde-42b5-b01a-58c95bf80430(localhost/127.0.0.1) is not found.
2025-07-19 06:08:39,238 [EventQueue-PipelineActionsForPipelineActionHandler] INFO  pipeline.PipelineActionHandler (PipelineActionHandler.java:processPipelineAction(89)) - Received pipeline action CLOSE for Pipeline-d382207d-4198-4d69-b4f6-032dc0aa9b70 from datanode 78917b03-a842-488e-9e7c-f00b43f4ecc3(localhost/127.0.0.1). Reason : Chunks directory /home/runner/work/ozone/ozone/hadoop-ozone/integration-test/target/test-dir/MiniOzoneClusterImpl-09c4c6e1-5ab0-4195-ac7b-5aec6defaa36/ozone-meta/datanode-7/data-0/hdds/09c4c6e1-5ab0-4195-ac7b-5aec6defaa36/current/containerDir0/9/chunks does not exist.
2025-07-19 06:08:39,299 [EventQueue-PipelineReportForPipelineReportHandler] INFO  pipeline.PipelineReportHandler (PipelineReportHandler.java:handlePipelineNotFoundException(98)) - Pipeline Pipeline-a1dcb70a-c8f9-4212-ac4f-0132fe54e6cf, reported by datanode 86838f6f-3dde-42b5-b01a-58c95bf80430(localhost/127.0.0.1) is not found.
2025-07-19 06:08:39,347 [85aa579c-736c-4de8-9407-4b363243255c@group-C5D25EF5F288-StateMachineUpdater] INFO  ratis.ContainerStateMachine (ContainerStateMachine.java:takeSnapshot(427)) - group-C5D25EF5F288: Taking a snapshot at:(t:1, i:0) file /home/runner/work/ozone/ozone/hadoop-ozone/integration-test/target/test-dir/MiniOzoneClusterImpl-09c4c6e1-5ab0-4195-ac7b-5aec6defaa36/ozone-meta/datanode-10/ratis/e78ba560-26c0-404a-add2-c5d25ef5f288/sm/snapshot.1_0
2025-07-19 06:08:39,347 [7e15f5a0-0f8f-4a50-92e4-d2f5038b0085@group-C5D25EF5F288-StateMachineUpdater] INFO  ratis.ContainerStateMachine (ContainerStateMachine.java:takeSnapshot(427)) - group-C5D25EF5F288: Taking a snapshot at:(t:1, i:0) file /home/runner/work/ozone/ozone/hadoop-ozone/integration-test/target/test-dir/MiniOzoneClusterImpl-09c4c6e1-5ab0-4195-ac7b-5aec6defaa36/ozone-meta/datanode-1/ratis/e78ba560-26c0-404a-add2-c5d25ef5f288/sm/snapshot.1_0
2025-07-19 06:08:39,347 [85aa579c-736c-4de8-9407-4b363243255c@group-C5D25EF5F288-StateMachineUpdater] INFO  ratis.ContainerStateMachine (ContainerStateMachine.java:takeSnapshot(436)) - group-C5D25EF5F288: Finished taking a snapshot at:(t:1, i:0) file:/home/runner/work/ozone/ozone/hadoop-ozone/integration-test/target/test-dir/MiniOzoneClusterImpl-09c4c6e1-5ab0-4195-ac7b-5aec6defaa36/ozone-meta/datanode-10/ratis/e78ba560-26c0-404a-add2-c5d25ef5f288/sm/snapshot.1_0 took: 1 ms
2025-07-19 06:08:39,348 [85aa579c-736c-4de8-9407-4b363243255c@group-C5D25EF5F288-StateMachineUpdater] INFO  impl.StateMachineUpdater (StateMachineUpdater.java:takeSnapshot(307)) - 85aa579c-736c-4de8-9407-4b363243255c@group-C5D25EF5F288-StateMachineUpdater: Took a snapshot at index 0
2025-07-19 06:08:39,348 [85aa579c-736c-4de8-9407-4b363243255c@group-C5D25EF5F288-StateMachineUpdater] INFO  impl.StateMachineUpdater (StateMachineUpdater.java:lambda$new$0(101)) - 85aa579c-736c-4de8-9407-4b363243255c@group-C5D25EF5F288-StateMachineUpdater: snapshotIndex: updateIncreasingly -1 -> 0
2025-07-19 06:08:39,348 [7e15f5a0-0f8f-4a50-92e4-d2f5038b0085@group-C5D25EF5F288-StateMachineUpdater] INFO  ratis.ContainerStateMachine (ContainerStateMachine.java:takeSnapshot(436)) - group-C5D25EF5F288: Finished taking a snapshot at:(t:1, i:0) file:/home/runner/work/ozone/ozone/hadoop-ozone/integration-test/target/test-dir/MiniOzoneClusterImpl-09c4c6e1-5ab0-4195-ac7b-5aec6defaa36/ozone-meta/datanode-1/ratis/e78ba560-26c0-404a-add2-c5d25ef5f288/sm/snapshot.1_0 took: 1 ms
2025-07-19 06:08:39,348 [7e15f5a0-0f8f-4a50-92e4-d2f5038b0085@group-C5D25EF5F288-StateMachineUpdater] INFO  impl.StateMachineUpdater (StateMachineUpdater.java:takeSnapshot(307)) - 7e15f5a0-0f8f-4a50-92e4-d2f5038b0085@group-C5D25EF5F288-StateMachineUpdater: Took a snapshot at index 0
2025-07-19 06:08:39,348 [7e15f5a0-0f8f-4a50-92e4-d2f5038b0085@group-C5D25EF5F288-StateMachineUpdater] INFO  impl.StateMachineUpdater (StateMachineUpdater.java:lambda$new$0(101)) - 7e15f5a0-0f8f-4a50-92e4-d2f5038b0085@group-C5D25EF5F288-StateMachineUpdater: snapshotIndex: updateIncreasingly -1 -> 0
2025-07-19 06:08:39,389 [timer2] WARN  server.GrpcLogAppender (GrpcLogAppender.java:timeoutAppendRequest(448)) - d1f2401f-ce3c-4cd7-b613-e85afa8c39c7@group-51802BB6A696->cfedd3f1-5d02-4847-a363-6f2972b00a97-GrpcLogAppender: Timed out HEARTBEAT appendEntries, errorCount=33, request=AppendEntriesRequest:cid=6973,entriesCount=0
2025-07-19 06:08:39,438 [EventQueue-PipelineActionsForPipelineActionHandler] INFO  pipeline.PipelineActionHandler (PipelineActionHandler.java:processPipelineAction(89)) - Received pipeline action CLOSE for Pipeline-d382207d-4198-4d69-b4f6-032dc0aa9b70 from datanode 78917b03-a842-488e-9e7c-f00b43f4ecc3(localhost/127.0.0.1). Reason : Chunks directory /home/runner/work/ozone/ozone/hadoop-ozone/integration-test/target/test-dir/MiniOzoneClusterImpl-09c4c6e1-5ab0-4195-ac7b-5aec6defaa36/ozone-meta/datanode-7/data-0/hdds/09c4c6e1-5ab0-4195-ac7b-5aec6defaa36/current/containerDir0/9/chunks does not exist.
2025-07-19 06:08:39,486 [grpc-default-executor-9] INFO  segmented.SegmentedRaftLogWorker (SegmentedRaftLogWorker.java:close(254)) - 7e15f5a0-0f8f-4a50-92e4-d2f5038b0085@group-0132FE54E6CF-SegmentedRaftLogWorker close()
2025-07-19 06:08:39,487 [grpc-default-executor-9] INFO  server.RaftServer$Division (RaftServerImpl.java:groupRemove(497)) - 7e15f5a0-0f8f-4a50-92e4-d2f5038b0085@group-0132FE54E6CF: Succeed to remove RaftStorageDirectory Storage Directory /home/runner/work/ozone/ozone/hadoop-ozone/integration-test/target/test-dir/MiniOzoneClusterImpl-09c4c6e1-5ab0-4195-ac7b-5aec6defaa36/ozone-meta/datanode-1/ratis/a1dcb70a-c8f9-4212-ac4f-0132fe54e6cf
2025-07-19 06:08:39,491 [grpc-default-executor-9] WARN  server.RaftServer (RaftServerProxy.java:remove(111)) - aa0cb613-fc94-4131-90ab-17bcd78458c4: does not contain group: group-0132FE54E6CF
2025-07-19 06:08:39,492 [grpc-default-executor-9] WARN  server.GrpcAdminProtocolService (GrpcAdminProtocolService.java:lambda$groupManagement$1(53)) - Failed groupManagement: GROUPREMOVE, GroupManagementRequest:client-3C73B3955E95->aa0cb613-fc94-4131-90ab-17bcd78458c4@group-0132FE54E6CF, cid=177, seq=null, RW, null, Remove:group-0132FE54E6CF, delete-dir
org.apache.ratis.protocol.exceptions.GroupMismatchException: aa0cb613-fc94-4131-90ab-17bcd78458c4: Group group-0132FE54E6CF not found.
	at org.apache.ratis.server.impl.RaftServerProxy.groupRemoveAsync(RaftServerProxy.java:548)
	at org.apache.ratis.server.impl.RaftServerProxy.groupManagementAsync(RaftServerProxy.java:499)
	at org.apache.ratis.grpc.server.GrpcAdminProtocolService.lambda$groupManagement$0(GrpcAdminProtocolService.java:51)
	at org.apache.ratis.grpc.GrpcUtil.asyncCall(GrpcUtil.java:172)
	at org.apache.ratis.grpc.server.GrpcAdminProtocolService.groupManagement(GrpcAdminProtocolService.java:51)
	at org.apache.ratis.proto.grpc.AdminProtocolServiceGrpc$MethodHandlers.invoke(AdminProtocolServiceGrpc.java:701)
	at org.apache.ratis.thirdparty.io.grpc.stub.ServerCalls$UnaryServerCallHandler$UnaryServerCallListener.onHalfClose(ServerCalls.java:182)
	at org.apache.ratis.thirdparty.io.grpc.internal.ServerCallImpl$ServerStreamListenerImpl.halfClosed(ServerCallImpl.java:356)
	at org.apache.ratis.thirdparty.io.grpc.internal.ServerImpl$JumpToApplicationThreadServerStreamListener$1HalfClosed.runInContext(ServerImpl.java:861)
	at org.apache.ratis.thirdparty.io.grpc.internal.ContextRunnable.run(ContextRunnable.java:37)
	at org.apache.ratis.thirdparty.io.grpc.internal.SerializingExecutor.run(SerializingExecutor.java:133)
	at java.base/java.util.concurrent.ThreadPoolExecutor.runWorker(ThreadPoolExecutor.java:1144)
	at java.base/java.util.concurrent.ThreadPoolExecutor$Worker.run(ThreadPoolExecutor.java:642)
	at java.base/java.lang.Thread.run(Thread.java:1583)
2025-07-19 06:08:39,494 [86838f6f-3dde-42b5-b01a-58c95bf80430-PipelineCommandHandlerThread-0] INFO  server.RaftServer (RaftServerProxy.java:remove(116)) - 86838f6f-3dde-42b5-b01a-58c95bf80430: remove  FOLLOWER (RUNNING): 86838f6f-3dde-42b5-b01a-58c95bf80430@group-0132FE54E6CF:t1, leader=7e15f5a0-0f8f-4a50-92e4-d2f5038b0085, voted=7e15f5a0-0f8f-4a50-92e4-d2f5038b0085, raftlog=Memoized:86838f6f-3dde-42b5-b01a-58c95bf80430@group-0132FE54E6CF-SegmentedRaftLog:OPENED:c12:last(t:1, i:12), conf=conf: {index: 0, cur=peers:[7e15f5a0-0f8f-4a50-92e4-d2f5038b0085|127.0.0.1:15015, aa0cb613-fc94-4131-90ab-17bcd78458c4|127.0.0.1:15023, 86838f6f-3dde-42b5-b01a-58c95bf80430|127.0.0.1:15031]|listeners:[], old=null}
2025-07-19 06:08:39,494 [86838f6f-3dde-42b5-b01a-58c95bf80430-PipelineCommandHandlerThread-0] INFO  server.RaftServer$Division (RaftServerImpl.java:lambda$close$1(527)) - 86838f6f-3dde-42b5-b01a-58c95bf80430@group-0132FE54E6CF: shutdown
2025-07-19 06:08:39,494 [86838f6f-3dde-42b5-b01a-58c95bf80430-PipelineCommandHandlerThread-0] INFO  util.JmxRegister (JmxRegister.java:unregister(74)) - Successfully un-registered JMX Bean with object name Ratis:service=RaftServer,group=group-0132FE54E6CF,id=86838f6f-3dde-42b5-b01a-58c95bf80430
2025-07-19 06:08:39,494 [86838f6f-3dde-42b5-b01a-58c95bf80430-PipelineCommandHandlerThread-0] INFO  impl.RoleInfo (RoleInfo.java:shutdownFollowerState(121)) - 86838f6f-3dde-42b5-b01a-58c95bf80430: shutdown 86838f6f-3dde-42b5-b01a-58c95bf80430@group-0132FE54E6CF-FollowerState
2025-07-19 06:08:39,495 [86838f6f-3dde-42b5-b01a-58c95bf80430-PipelineCommandHandlerThread-0] INFO  impl.StateMachineUpdater (StateMachineUpdater.java:stopAndJoin(163)) - 86838f6f-3dde-42b5-b01a-58c95bf80430@group-0132FE54E6CF-StateMachineUpdater: set stopIndex = 12
2025-07-19 06:08:39,495 [86838f6f-3dde-42b5-b01a-58c95bf80430@group-0132FE54E6CF-StateMachineUpdater] INFO  impl.StateMachineUpdater (StateMachineUpdater.java:stop(140)) - 86838f6f-3dde-42b5-b01a-58c95bf80430@group-0132FE54E6CF-StateMachineUpdater: closing ContainerStateMachine, lastApplied=(t:1, i:12)
2025-07-19 06:08:39,495 [86838f6f-3dde-42b5-b01a-58c95bf80430@group-0132FE54E6CF-cacheEviction-AwaitToRun] INFO  util.AwaitToRun (AwaitToRun.java:run(49)) - 86838f6f-3dde-42b5-b01a-58c95bf80430@group-0132FE54E6CF-cacheEviction-AwaitToRun-AwaitForSignal is interrupted
2025-07-19 06:08:39,495 [86838f6f-3dde-42b5-b01a-58c95bf80430@group-0132FE54E6CF-FollowerState] INFO  impl.FollowerState (FollowerState.java:runImpl(170)) - 86838f6f-3dde-42b5-b01a-58c95bf80430@group-0132FE54E6CF-FollowerState was interrupted
2025-07-19 06:08:39,500 [EventQueue-PipelineReportForPipelineReportHandler] INFO  pipeline.PipelineReportHandler (PipelineReportHandler.java:handlePipelineNotFoundException(98)) - Pipeline Pipeline-a1dcb70a-c8f9-4212-ac4f-0132fe54e6cf, reported by datanode 86838f6f-3dde-42b5-b01a-58c95bf80430(localhost/127.0.0.1) is not found.
2025-07-19 06:08:39,571 [grpc-default-executor-9] WARN  server.GrpcServerProtocolService (LogUtils.java:warn(129)) - cfedd3f1-5d02-4847-a363-6f2972b00a97: Failed APPEND_ENTRIES request d1f2401f-ce3c-4cd7-b613-e85afa8c39c7->cfedd3f1-5d02-4847-a363-6f2972b00a97#57-t2,previous=(t:1, i:0),leaderCommit=2,initializing? false,entries: size=2, first=(t:2, i:1), CONFIGURATIONENTRY(current:id:"cfedd3f1-5d02-4847-a363-6f2972b00a97"address:"127.0.0.1:15039"priority:1dataStreamAddress:"127.0.0.1:15040"clientAddress:"127.0.0.1:15037"adminAddress:"127.0.0.1:15038"startupRole:FOLLOWER, id:"e80b39d0-2325-4ff7-b450-1b10ae88e746"address:"127.0.0.1:15055"dataStreamAddress:"127.0.0.1:15056"clientAddress:"127.0.0.1:15053"adminAddress:"127.0.0.1:15054"startupRole:FOLLOWER, id:"d1f2401f-ce3c-4cd7-b613-e85afa8c39c7"address:"127.0.0.1:15047"dataStreamAddress:"127.0.0.1:15048"clientAddress:"127.0.0.1:15045"adminAddress:"127.0.0.1:15046"startupRole:FOLLOWER, old:)
java.util.concurrent.CompletionException: org.apache.ratis.protocol.exceptions.GroupMismatchException: cfedd3f1-5d02-4847-a363-6f2972b00a97: group-4D5619C3D8B6 not found.
	at java.base/java.util.concurrent.CompletableFuture.encodeThrowable(CompletableFuture.java:332)
	at java.base/java.util.concurrent.CompletableFuture.uniComposeStage(CompletableFuture.java:1177)
	at java.base/java.util.concurrent.CompletableFuture.thenCompose(CompletableFuture.java:2341)
	at org.apache.ratis.server.impl.RaftServerProxy.appendEntriesAsync(RaftServerProxy.java:651)
	at org.apache.ratis.grpc.server.GrpcServerProtocolService$1.process(GrpcServerProtocolService.java:245)
	at org.apache.ratis.grpc.server.GrpcServerProtocolService$1.process(GrpcServerProtocolService.java:242)
	at org.apache.ratis.grpc.server.GrpcServerProtocolService$ServerRequestStreamObserver.onNext(GrpcServerProtocolService.java:150)
	at org.apache.ratis.thirdparty.io.grpc.stub.ServerCalls$StreamingServerCallHandler$StreamingServerCallListener.onMessage(ServerCalls.java:262)
	at org.apache.ratis.thirdparty.io.grpc.internal.ServerCallImpl$ServerStreamListenerImpl.messagesAvailableInternal(ServerCallImpl.java:334)
	at org.apache.ratis.thirdparty.io.grpc.internal.ServerCallImpl$ServerStreamListenerImpl.messagesAvailable(ServerCallImpl.java:319)
	at org.apache.ratis.thirdparty.io.grpc.internal.ServerImpl$JumpToApplicationThreadServerStreamListener$1MessagesAvailable.runInContext(ServerImpl.java:834)
	at org.apache.ratis.thirdparty.io.grpc.internal.ContextRunnable.run(ContextRunnable.java:37)
	at org.apache.ratis.thirdparty.io.grpc.internal.SerializingExecutor.run(SerializingExecutor.java:133)
	at java.base/java.util.concurrent.ThreadPoolExecutor.runWorker(ThreadPoolExecutor.java:1144)
	at java.base/java.util.concurrent.ThreadPoolExecutor$Worker.run(ThreadPoolExecutor.java:642)
	at java.base/java.lang.Thread.run(Thread.java:1583)
Caused by: org.apache.ratis.protocol.exceptions.GroupMismatchException: cfedd3f1-5d02-4847-a363-6f2972b00a97: group-4D5619C3D8B6 not found.
	at org.apache.ratis.server.impl.RaftServerProxy$ImplMap.get(RaftServerProxy.java:160)
	at org.apache.ratis.server.impl.RaftServerProxy.getImplFuture(RaftServerProxy.java:370)
	at org.apache.ratis.server.impl.RaftServerProxy.appendEntriesAsync(RaftServerProxy.java:650)
	... 12 more
2025-07-19 06:08:39,572 [grpc-default-executor-9] WARN  server.GrpcLogAppender (LogUtils.java:warn(129)) - d1f2401f-ce3c-4cd7-b613-e85afa8c39c7@group-4D5619C3D8B6->cfedd3f1-5d02-4847-a363-6f2972b00a97-AppendLogResponseHandler: Failed appendEntries
org.apache.ratis.protocol.exceptions.GroupMismatchException: cfedd3f1-5d02-4847-a363-6f2972b00a97: group-4D5619C3D8B6 not found.
	at org.apache.ratis.server.impl.RaftServerProxy$ImplMap.get(RaftServerProxy.java:160)
	at org.apache.ratis.server.impl.RaftServerProxy.getImplFuture(RaftServerProxy.java:370)
	at org.apache.ratis.server.impl.RaftServerProxy.appendEntriesAsync(RaftServerProxy.java:650)
	at org.apache.ratis.grpc.server.GrpcServerProtocolService$1.process(GrpcServerProtocolService.java:245)
	at org.apache.ratis.grpc.server.GrpcServerProtocolService$1.process(GrpcServerProtocolService.java:242)
	at org.apache.ratis.grpc.server.GrpcServerProtocolService$ServerRequestStreamObserver.onNext(GrpcServerProtocolService.java:150)
	at org.apache.ratis.thirdparty.io.grpc.stub.ServerCalls$StreamingServerCallHandler$StreamingServerCallListener.onMessage(ServerCalls.java:262)
	at org.apache.ratis.thirdparty.io.grpc.internal.ServerCallImpl$ServerStreamListenerImpl.messagesAvailableInternal(ServerCallImpl.java:334)
	at org.apache.ratis.thirdparty.io.grpc.internal.ServerCallImpl$ServerStreamListenerImpl.messagesAvailable(ServerCallImpl.java:319)
	at org.apache.ratis.thirdparty.io.grpc.internal.ServerImpl$JumpToApplicationThreadServerStreamListener$1MessagesAvailable.runInContext(ServerImpl.java:834)
	at org.apache.ratis.thirdparty.io.grpc.internal.ContextRunnable.run(ContextRunnable.java:37)
	at org.apache.ratis.thirdparty.io.grpc.internal.SerializingExecutor.run(SerializingExecutor.java:133)
	at java.base/java.util.concurrent.ThreadPoolExecutor.runWorker(ThreadPoolExecutor.java:1144)
	at java.base/java.util.concurrent.ThreadPoolExecutor$Worker.run(ThreadPoolExecutor.java:642)
	at java.base/java.lang.Thread.run(Thread.java:1583)
2025-07-19 06:08:39,573 [grpc-default-executor-9] INFO  leader.LogAppender (LogAppenderBase.java:lambda$getNextIndexForError$0(215)) - Decrease nextIndex to 1
2025-07-19 06:08:39,573 [grpc-default-executor-9] INFO  leader.LogAppender (LogAppenderBase.java:lambda$getNextIndexForError$0(215)) - Decrease nextIndex to 1
2025-07-19 06:08:39,573 [grpc-default-executor-9] INFO  leader.FollowerInfo (FollowerInfoImpl.java:info(70)) - d1f2401f-ce3c-4cd7-b613-e85afa8c39c7@group-4D5619C3D8B6->cfedd3f1-5d02-4847-a363-6f2972b00a97: computeNextIndex nextIndex: updateUnconditionally 3 -> 1
2025-07-19 06:08:39,575 [aa0cb613-fc94-4131-90ab-17bcd78458c4@group-E1259A76005C-StateMachineUpdater] INFO  ratis.ContainerStateMachine (ContainerStateMachine.java:takeSnapshot(427)) - group-E1259A76005C: Taking a snapshot at:(t:1, i:0) file /home/runner/work/ozone/ozone/hadoop-ozone/integration-test/target/test-dir/MiniOzoneClusterImpl-09c4c6e1-5ab0-4195-ac7b-5aec6defaa36/ozone-meta/datanode-2/ratisfaf4a47e-8f61-4394-9b41-11542f27a621/1209715d-b878-4f51-a412-e1259a76005c/sm/snapshot.1_0
2025-07-19 06:08:39,576 [86838f6f-3dde-42b5-b01a-58c95bf80430@group-E1259A76005C-StateMachineUpdater] INFO  ratis.ContainerStateMachine (ContainerStateMachine.java:takeSnapshot(427)) - group-E1259A76005C: Taking a snapshot at:(t:1, i:0) file /home/runner/work/ozone/ozone/hadoop-ozone/integration-test/target/test-dir/MiniOzoneClusterImpl-09c4c6e1-5ab0-4195-ac7b-5aec6defaa36/ozone-meta/datanode-3/ratis/1209715d-b878-4f51-a412-e1259a76005c/sm/snapshot.1_0
2025-07-19 06:08:39,576 [aa0cb613-fc94-4131-90ab-17bcd78458c4@group-E1259A76005C-StateMachineUpdater] INFO  ratis.ContainerStateMachine (ContainerStateMachine.java:takeSnapshot(436)) - group-E1259A76005C: Finished taking a snapshot at:(t:1, i:0) file:/home/runner/work/ozone/ozone/hadoop-ozone/integration-test/target/test-dir/MiniOzoneClusterImpl-09c4c6e1-5ab0-4195-ac7b-5aec6defaa36/ozone-meta/datanode-2/ratisfaf4a47e-8f61-4394-9b41-11542f27a621/1209715d-b878-4f51-a412-e1259a76005c/sm/snapshot.1_0 took: 1 ms
2025-07-19 06:08:39,576 [aa0cb613-fc94-4131-90ab-17bcd78458c4@group-E1259A76005C-StateMachineUpdater] INFO  impl.StateMachineUpdater (StateMachineUpdater.java:takeSnapshot(307)) - aa0cb613-fc94-4131-90ab-17bcd78458c4@group-E1259A76005C-StateMachineUpdater: Took a snapshot at index 0
2025-07-19 06:08:39,576 [aa0cb613-fc94-4131-90ab-17bcd78458c4@group-E1259A76005C-StateMachineUpdater] INFO  impl.StateMachineUpdater (StateMachineUpdater.java:lambda$new$0(101)) - aa0cb613-fc94-4131-90ab-17bcd78458c4@group-E1259A76005C-StateMachineUpdater: snapshotIndex: updateIncreasingly -1 -> 0
2025-07-19 06:08:39,576 [86838f6f-3dde-42b5-b01a-58c95bf80430@group-E1259A76005C-StateMachineUpdater] INFO  ratis.ContainerStateMachine (ContainerStateMachine.java:takeSnapshot(436)) - group-E1259A76005C: Finished taking a snapshot at:(t:1, i:0) file:/home/runner/work/ozone/ozone/hadoop-ozone/integration-test/target/test-dir/MiniOzoneClusterImpl-09c4c6e1-5ab0-4195-ac7b-5aec6defaa36/ozone-meta/datanode-3/ratis/1209715d-b878-4f51-a412-e1259a76005c/sm/snapshot.1_0 took: 1 ms
2025-07-19 06:08:39,576 [86838f6f-3dde-42b5-b01a-58c95bf80430@group-E1259A76005C-StateMachineUpdater] INFO  impl.StateMachineUpdater (StateMachineUpdater.java:takeSnapshot(307)) - 86838f6f-3dde-42b5-b01a-58c95bf80430@group-E1259A76005C-StateMachineUpdater: Took a snapshot at index 0
2025-07-19 06:08:39,576 [86838f6f-3dde-42b5-b01a-58c95bf80430@group-E1259A76005C-StateMachineUpdater] INFO  impl.StateMachineUpdater (StateMachineUpdater.java:lambda$new$0(101)) - 86838f6f-3dde-42b5-b01a-58c95bf80430@group-E1259A76005C-StateMachineUpdater: snapshotIndex: updateIncreasingly -1 -> 0
2025-07-19 06:08:39,638 [EventQueue-PipelineActionsForPipelineActionHandler] INFO  pipeline.PipelineActionHandler (PipelineActionHandler.java:processPipelineAction(89)) - Received pipeline action CLOSE for Pipeline-d382207d-4198-4d69-b4f6-032dc0aa9b70 from datanode 78917b03-a842-488e-9e7c-f00b43f4ecc3(localhost/127.0.0.1). Reason : Chunks directory /home/runner/work/ozone/ozone/hadoop-ozone/integration-test/target/test-dir/MiniOzoneClusterImpl-09c4c6e1-5ab0-4195-ac7b-5aec6defaa36/ozone-meta/datanode-7/data-0/hdds/09c4c6e1-5ab0-4195-ac7b-5aec6defaa36/current/containerDir0/9/chunks does not exist.
2025-07-19 06:08:39,838 [EventQueue-PipelineActionsForPipelineActionHandler] INFO  pipeline.PipelineActionHandler (PipelineActionHandler.java:processPipelineAction(89)) - Received pipeline action CLOSE for Pipeline-d382207d-4198-4d69-b4f6-032dc0aa9b70 from datanode 78917b03-a842-488e-9e7c-f00b43f4ecc3(localhost/127.0.0.1). Reason : Chunks directory /home/runner/work/ozone/ozone/hadoop-ozone/integration-test/target/test-dir/MiniOzoneClusterImpl-09c4c6e1-5ab0-4195-ac7b-5aec6defaa36/ozone-meta/datanode-7/data-0/hdds/09c4c6e1-5ab0-4195-ac7b-5aec6defaa36/current/containerDir0/9/chunks does not exist.
2025-07-19 06:08:40,039 [EventQueue-PipelineActionsForPipelineActionHandler] INFO  pipeline.PipelineActionHandler (PipelineActionHandler.java:processPipelineAction(89)) - Received pipeline action CLOSE for Pipeline-d382207d-4198-4d69-b4f6-032dc0aa9b70 from datanode 78917b03-a842-488e-9e7c-f00b43f4ecc3(localhost/127.0.0.1). Reason : Chunks directory /home/runner/work/ozone/ozone/hadoop-ozone/integration-test/target/test-dir/MiniOzoneClusterImpl-09c4c6e1-5ab0-4195-ac7b-5aec6defaa36/ozone-meta/datanode-7/data-0/hdds/09c4c6e1-5ab0-4195-ac7b-5aec6defaa36/current/containerDir0/9/chunks does not exist.
2025-07-19 06:08:40,238 [EventQueue-PipelineActionsForPipelineActionHandler] INFO  pipeline.PipelineActionHandler (PipelineActionHandler.java:processPipelineAction(89)) - Received pipeline action CLOSE for Pipeline-d382207d-4198-4d69-b4f6-032dc0aa9b70 from datanode 78917b03-a842-488e-9e7c-f00b43f4ecc3(localhost/127.0.0.1). Reason : Chunks directory /home/runner/work/ozone/ozone/hadoop-ozone/integration-test/target/test-dir/MiniOzoneClusterImpl-09c4c6e1-5ab0-4195-ac7b-5aec6defaa36/ozone-meta/datanode-7/data-0/hdds/09c4c6e1-5ab0-4195-ac7b-5aec6defaa36/current/containerDir0/9/chunks does not exist.
2025-07-19 06:08:40,438 [EventQueue-PipelineActionsForPipelineActionHandler] INFO  pipeline.PipelineActionHandler (PipelineActionHandler.java:processPipelineAction(89)) - Received pipeline action CLOSE for Pipeline-d382207d-4198-4d69-b4f6-032dc0aa9b70 from datanode 78917b03-a842-488e-9e7c-f00b43f4ecc3(localhost/127.0.0.1). Reason : Chunks directory /home/runner/work/ozone/ozone/hadoop-ozone/integration-test/target/test-dir/MiniOzoneClusterImpl-09c4c6e1-5ab0-4195-ac7b-5aec6defaa36/ozone-meta/datanode-7/data-0/hdds/09c4c6e1-5ab0-4195-ac7b-5aec6defaa36/current/containerDir0/9/chunks does not exist.
2025-07-19 06:08:40,487 [86838f6f-3dde-42b5-b01a-58c95bf80430-PipelineCommandHandlerThread-0] INFO  segmented.SegmentedRaftLogWorker (SegmentedRaftLogWorker.java:close(254)) - 86838f6f-3dde-42b5-b01a-58c95bf80430@group-0132FE54E6CF-SegmentedRaftLogWorker close()
2025-07-19 06:08:40,489 [86838f6f-3dde-42b5-b01a-58c95bf80430-PipelineCommandHandlerThread-0] INFO  server.RaftServer$Division (RaftServerImpl.java:groupRemove(497)) - 86838f6f-3dde-42b5-b01a-58c95bf80430@group-0132FE54E6CF: Succeed to remove RaftStorageDirectory Storage Directory /home/runner/work/ozone/ozone/hadoop-ozone/integration-test/target/test-dir/MiniOzoneClusterImpl-09c4c6e1-5ab0-4195-ac7b-5aec6defaa36/ozone-meta/datanode-3/ratis/a1dcb70a-c8f9-4212-ac4f-0132fe54e6cf
2025-07-19 06:08:40,489 [86838f6f-3dde-42b5-b01a-58c95bf80430-PipelineCommandHandlerThread-0] INFO  commandhandler.ClosePipelineCommandHandler (ClosePipelineCommandHandler.java:lambda$handle$2(142)) - Close Pipeline Pipeline-a1dcb70a-c8f9-4212-ac4f-0132fe54e6cf command on datanode 86838f6f-3dde-42b5-b01a-58c95bf80430(localhost/127.0.0.1).
2025-07-19 06:08:40,638 [EventQueue-PipelineActionsForPipelineActionHandler] INFO  pipeline.PipelineActionHandler (PipelineActionHandler.java:processPipelineAction(89)) - Received pipeline action CLOSE for Pipeline-d382207d-4198-4d69-b4f6-032dc0aa9b70 from datanode 78917b03-a842-488e-9e7c-f00b43f4ecc3(localhost/127.0.0.1). Reason : Chunks directory /home/runner/work/ozone/ozone/hadoop-ozone/integration-test/target/test-dir/MiniOzoneClusterImpl-09c4c6e1-5ab0-4195-ac7b-5aec6defaa36/ozone-meta/datanode-7/data-0/hdds/09c4c6e1-5ab0-4195-ac7b-5aec6defaa36/current/containerDir0/9/chunks does not exist.
2025-07-19 06:08:40,819 [78917b03-a842-488e-9e7c-f00b43f4ecc3-server-thread2] WARN  server.GrpcServerProtocolService (LogUtils.java:warn(129)) - 78917b03-a842-488e-9e7c-f00b43f4ecc3: Failed APPEND_ENTRIES request e4fa6cd0-dc30-4550-b12f-023a3466045b->78917b03-a842-488e-9e7c-f00b43f4ecc3#54-t1,previous=(t:1, i:3),leaderCommit=9,initializing? false,entries: size=6, first=(t:1, i:4), STATEMACHINELOGENTRY, WRITE: logData.size=154, stateMachineData.size=10, logEntryProtoSerializedSize=0
java.util.concurrent.CompletionException: org.apache.hadoop.hdds.scm.container.common.helpers.StorageContainerException: Chunks directory /home/runner/work/ozone/ozone/hadoop-ozone/integration-test/target/test-dir/MiniOzoneClusterImpl-09c4c6e1-5ab0-4195-ac7b-5aec6defaa36/ozone-meta/datanode-7/data-0/hdds/09c4c6e1-5ab0-4195-ac7b-5aec6defaa36/current/containerDir0/9/chunks does not exist.
	at java.base/java.util.concurrent.CompletableFuture.encodeThrowable(CompletableFuture.java:332)
	at java.base/java.util.concurrent.CompletableFuture.completeThrowable(CompletableFuture.java:347)
	at java.base/java.util.concurrent.CompletableFuture$BiRelay.tryFire(CompletableFuture.java:1498)
	at java.base/java.util.concurrent.CompletableFuture$CoCompletion.tryFire(CompletableFuture.java:1219)
	at java.base/java.util.concurrent.CompletableFuture.postComplete(CompletableFuture.java:510)
	at java.base/java.util.concurrent.CompletableFuture.completeExceptionally(CompletableFuture.java:2194)
	at org.apache.ratis.server.raftlog.segmented.SegmentedRaftLog$Task.failed(SegmentedRaftLog.java:109)
	at org.apache.ratis.server.raftlog.segmented.SegmentedRaftLogWorker$WriteLog.failed(SegmentedRaftLogWorker.java:530)
	at org.apache.ratis.server.raftlog.segmented.SegmentedRaftLogWorker.run(SegmentedRaftLogWorker.java:326)
	at java.base/java.util.concurrent.Executors$RunnableAdapter.call(Executors.java:572)
	at java.base/java.util.concurrent.FutureTask.run(FutureTask.java:317)
	at java.base/java.util.concurrent.ThreadPoolExecutor.runWorker(ThreadPoolExecutor.java:1144)
	at java.base/java.util.concurrent.ThreadPoolExecutor$Worker.run(ThreadPoolExecutor.java:642)
	at java.base/java.lang.Thread.run(Thread.java:1583)
Caused by: org.apache.hadoop.hdds.scm.container.common.helpers.StorageContainerException: Chunks directory /home/runner/work/ozone/ozone/hadoop-ozone/integration-test/target/test-dir/MiniOzoneClusterImpl-09c4c6e1-5ab0-4195-ac7b-5aec6defaa36/ozone-meta/datanode-7/data-0/hdds/09c4c6e1-5ab0-4195-ac7b-5aec6defaa36/current/containerDir0/9/chunks does not exist.
	at org.apache.hadoop.ozone.container.common.transport.server.ratis.ContainerStateMachine.handleCommandResult(ContainerStateMachine.java:661)
	at org.apache.hadoop.ozone.container.common.transport.server.ratis.ContainerStateMachine.lambda$writeStateMachineData$2(ContainerStateMachine.java:623)
	... 4 more
2025-07-19 06:08:40,820 [grpc-default-executor-6] INFO  leader.LogAppender (LogAppenderBase.java:lambda$getNextIndexForError$0(215)) - Decrease nextIndex to 4
2025-07-19 06:08:40,820 [grpc-default-executor-6] INFO  leader.LogAppender (LogAppenderBase.java:lambda$getNextIndexForError$0(215)) - Decrease nextIndex to 4
2025-07-19 06:08:40,820 [grpc-default-executor-6] INFO  leader.FollowerInfo (FollowerInfoImpl.java:info(70)) - e4fa6cd0-dc30-4550-b12f-023a3466045b@group-032DC0AA9B70->78917b03-a842-488e-9e7c-f00b43f4ecc3: computeNextIndex nextIndex: updateUnconditionally 10 -> 4
2025-07-19 06:08:40,838 [EventQueue-PipelineActionsForPipelineActionHandler] INFO  pipeline.PipelineActionHandler (PipelineActionHandler.java:processPipelineAction(89)) - Received pipeline action CLOSE for Pipeline-d382207d-4198-4d69-b4f6-032dc0aa9b70 from datanode 78917b03-a842-488e-9e7c-f00b43f4ecc3(localhost/127.0.0.1). Reason : Chunks directory /home/runner/work/ozone/ozone/hadoop-ozone/integration-test/target/test-dir/MiniOzoneClusterImpl-09c4c6e1-5ab0-4195-ac7b-5aec6defaa36/ozone-meta/datanode-7/data-0/hdds/09c4c6e1-5ab0-4195-ac7b-5aec6defaa36/current/containerDir0/9/chunks does not exist.
2025-07-19 06:08:40,841 [timer7] WARN  server.GrpcLogAppender (LogUtils.java:warn(129)) - e4fa6cd0-dc30-4550-b12f-023a3466045b@group-032DC0AA9B70->78917b03-a842-488e-9e7c-f00b43f4ecc3-AppendLogResponseHandler: Failed appendEntries (Repeated 6 times in the last 5.001s)
org.apache.hadoop.hdds.scm.container.common.helpers.StorageContainerException: Chunks directory /home/runner/work/ozone/ozone/hadoop-ozone/integration-test/target/test-dir/MiniOzoneClusterImpl-09c4c6e1-5ab0-4195-ac7b-5aec6defaa36/ozone-meta/datanode-7/data-0/hdds/09c4c6e1-5ab0-4195-ac7b-5aec6defaa36/current/containerDir0/9/chunks does not exist.
	at org.apache.hadoop.ozone.container.common.transport.server.ratis.ContainerStateMachine.handleCommandResult(ContainerStateMachine.java:661)
	at org.apache.hadoop.ozone.container.common.transport.server.ratis.ContainerStateMachine.lambda$writeStateMachineData$2(ContainerStateMachine.java:623)
	at java.base/java.util.concurrent.FutureTask.run(FutureTask.java:317)
	at java.base/java.util.concurrent.ThreadPoolExecutor.runWorker(ThreadPoolExecutor.java:1144)
	at java.base/java.util.concurrent.ThreadPoolExecutor$Worker.run(ThreadPoolExecutor.java:642)
	at java.base/java.lang.Thread.run(Thread.java:1583)
2025-07-19 06:08:40,979 [e6deb990-2c6c-4f88-aa04-2e44b30659d5@group-032DC0AA9B70-StateMachineUpdater] INFO  ratis.ContainerStateMachine (ContainerStateMachine.java:takeSnapshot(427)) - group-032DC0AA9B70: Taking a snapshot at:(t:1, i:9) file /home/runner/work/ozone/ozone/hadoop-ozone/integration-test/target/test-dir/MiniOzoneClusterImpl-09c4c6e1-5ab0-4195-ac7b-5aec6defaa36/ozone-meta/datanode-8/ratis/d382207d-4198-4d69-b4f6-032dc0aa9b70/sm/snapshot.1_9
2025-07-19 06:08:40,981 [e6deb990-2c6c-4f88-aa04-2e44b30659d5@group-032DC0AA9B70-StateMachineUpdater] INFO  ratis.ContainerStateMachine (ContainerStateMachine.java:takeSnapshot(436)) - group-032DC0AA9B70: Finished taking a snapshot at:(t:1, i:9) file:/home/runner/work/ozone/ozone/hadoop-ozone/integration-test/target/test-dir/MiniOzoneClusterImpl-09c4c6e1-5ab0-4195-ac7b-5aec6defaa36/ozone-meta/datanode-8/ratis/d382207d-4198-4d69-b4f6-032dc0aa9b70/sm/snapshot.1_9 took: 2 ms
2025-07-19 06:08:40,981 [e6deb990-2c6c-4f88-aa04-2e44b30659d5@group-032DC0AA9B70-StateMachineUpdater] INFO  impl.StateMachineUpdater (StateMachineUpdater.java:takeSnapshot(307)) - e6deb990-2c6c-4f88-aa04-2e44b30659d5@group-032DC0AA9B70-StateMachineUpdater: Took a snapshot at index 9
2025-07-19 06:08:40,981 [e6deb990-2c6c-4f88-aa04-2e44b30659d5@group-032DC0AA9B70-StateMachineUpdater] INFO  impl.StateMachineUpdater (StateMachineUpdater.java:lambda$new$0(101)) - e6deb990-2c6c-4f88-aa04-2e44b30659d5@group-032DC0AA9B70-StateMachineUpdater: snapshotIndex: updateIncreasingly 7 -> 9
2025-07-19 06:08:40,982 [78917b03-a842-488e-9e7c-f00b43f4ecc3-server-thread2] WARN  server.GrpcServerProtocolService (LogUtils.java:warn(129)) - 78917b03-a842-488e-9e7c-f00b43f4ecc3: Failed APPEND_ENTRIES request e4fa6cd0-dc30-4550-b12f-023a3466045b->78917b03-a842-488e-9e7c-f00b43f4ecc3#55-t1,previous=(t:1, i:3),leaderCommit=9,initializing? false,entries: size=6, first=(t:1, i:4), STATEMACHINELOGENTRY, WRITE: logData.size=154, stateMachineData.size=10, logEntryProtoSerializedSize=0
java.util.concurrent.CompletionException: org.apache.hadoop.hdds.scm.container.common.helpers.StorageContainerException: Chunks directory /home/runner/work/ozone/ozone/hadoop-ozone/integration-test/target/test-dir/MiniOzoneClusterImpl-09c4c6e1-5ab0-4195-ac7b-5aec6defaa36/ozone-meta/datanode-7/data-0/hdds/09c4c6e1-5ab0-4195-ac7b-5aec6defaa36/current/containerDir0/9/chunks does not exist.
	at java.base/java.util.concurrent.CompletableFuture.encodeThrowable(CompletableFuture.java:332)
	at java.base/java.util.concurrent.CompletableFuture.completeThrowable(CompletableFuture.java:347)
	at java.base/java.util.concurrent.CompletableFuture$BiRelay.tryFire(CompletableFuture.java:1498)
	at java.base/java.util.concurrent.CompletableFuture$CoCompletion.tryFire(CompletableFuture.java:1219)
	at java.base/java.util.concurrent.CompletableFuture.postComplete(CompletableFuture.java:510)
	at java.base/java.util.concurrent.CompletableFuture.completeExceptionally(CompletableFuture.java:2194)
	at org.apache.ratis.server.raftlog.segmented.SegmentedRaftLog$Task.failed(SegmentedRaftLog.java:109)
	at org.apache.ratis.server.raftlog.segmented.SegmentedRaftLogWorker$WriteLog.failed(SegmentedRaftLogWorker.java:530)
	at org.apache.ratis.server.raftlog.segmented.SegmentedRaftLogWorker.run(SegmentedRaftLogWorker.java:326)
	at java.base/java.util.concurrent.Executors$RunnableAdapter.call(Executors.java:572)
	at java.base/java.util.concurrent.FutureTask.run(FutureTask.java:317)
	at java.base/java.util.concurrent.ThreadPoolExecutor.runWorker(ThreadPoolExecutor.java:1144)
	at java.base/java.util.concurrent.ThreadPoolExecutor$Worker.run(ThreadPoolExecutor.java:642)
	at java.base/java.lang.Thread.run(Thread.java:1583)
Caused by: org.apache.hadoop.hdds.scm.container.common.helpers.StorageContainerException: Chunks directory /home/runner/work/ozone/ozone/hadoop-ozone/integration-test/target/test-dir/MiniOzoneClusterImpl-09c4c6e1-5ab0-4195-ac7b-5aec6defaa36/ozone-meta/datanode-7/data-0/hdds/09c4c6e1-5ab0-4195-ac7b-5aec6defaa36/current/containerDir0/9/chunks does not exist.
	at org.apache.hadoop.ozone.container.common.transport.server.ratis.ContainerStateMachine.handleCommandResult(ContainerStateMachine.java:661)
	at org.apache.hadoop.ozone.container.common.transport.server.ratis.ContainerStateMachine.lambda$writeStateMachineData$2(ContainerStateMachine.java:623)
	... 4 more
2025-07-19 06:08:40,983 [grpc-default-executor-6] WARN  server.GrpcLogAppender (LogUtils.java:warn(129)) - e4fa6cd0-dc30-4550-b12f-023a3466045b@group-032DC0AA9B70->78917b03-a842-488e-9e7c-f00b43f4ecc3-AppendLogResponseHandler: Failed appendEntries
org.apache.hadoop.hdds.scm.container.common.helpers.StorageContainerException: Chunks directory /home/runner/work/ozone/ozone/hadoop-ozone/integration-test/target/test-dir/MiniOzoneClusterImpl-09c4c6e1-5ab0-4195-ac7b-5aec6defaa36/ozone-meta/datanode-7/data-0/hdds/09c4c6e1-5ab0-4195-ac7b-5aec6defaa36/current/containerDir0/9/chunks does not exist.
	at org.apache.hadoop.ozone.container.common.transport.server.ratis.ContainerStateMachine.handleCommandResult(ContainerStateMachine.java:661)
	at org.apache.hadoop.ozone.container.common.transport.server.ratis.ContainerStateMachine.lambda$writeStateMachineData$2(ContainerStateMachine.java:623)
	at java.base/java.util.concurrent.FutureTask.run(FutureTask.java:317)
	at java.base/java.util.concurrent.ThreadPoolExecutor.runWorker(ThreadPoolExecutor.java:1144)
	at java.base/java.util.concurrent.ThreadPoolExecutor$Worker.run(ThreadPoolExecutor.java:642)
	at java.base/java.lang.Thread.run(Thread.java:1583)
2025-07-19 06:08:40,983 [grpc-default-executor-6] INFO  leader.LogAppender (LogAppenderBase.java:lambda$getNextIndexForError$0(215)) - Decrease nextIndex to 4
2025-07-19 06:08:40,984 [grpc-default-executor-6] INFO  leader.LogAppender (LogAppenderBase.java:lambda$getNextIndexForError$0(215)) - Decrease nextIndex to 4
2025-07-19 06:08:40,984 [grpc-default-executor-6] INFO  leader.FollowerInfo (FollowerInfoImpl.java:info(70)) - e4fa6cd0-dc30-4550-b12f-023a3466045b@group-032DC0AA9B70->78917b03-a842-488e-9e7c-f00b43f4ecc3: computeNextIndex nextIndex: updateUnconditionally 10 -> 4
2025-07-19 06:08:41,038 [EventQueue-PipelineActionsForPipelineActionHandler] INFO  pipeline.PipelineActionHandler (PipelineActionHandler.java:processPipelineAction(89)) - Received pipeline action CLOSE for Pipeline-d382207d-4198-4d69-b4f6-032dc0aa9b70 from datanode 78917b03-a842-488e-9e7c-f00b43f4ecc3(localhost/127.0.0.1). Reason : Chunks directory /home/runner/work/ozone/ozone/hadoop-ozone/integration-test/target/test-dir/MiniOzoneClusterImpl-09c4c6e1-5ab0-4195-ac7b-5aec6defaa36/ozone-meta/datanode-7/data-0/hdds/09c4c6e1-5ab0-4195-ac7b-5aec6defaa36/current/containerDir0/9/chunks does not exist.
2025-07-19 06:08:41,238 [EventQueue-PipelineActionsForPipelineActionHandler] INFO  pipeline.PipelineActionHandler (PipelineActionHandler.java:processPipelineAction(89)) - Received pipeline action CLOSE for Pipeline-d382207d-4198-4d69-b4f6-032dc0aa9b70 from datanode 78917b03-a842-488e-9e7c-f00b43f4ecc3(localhost/127.0.0.1). Reason : Chunks directory /home/runner/work/ozone/ozone/hadoop-ozone/integration-test/target/test-dir/MiniOzoneClusterImpl-09c4c6e1-5ab0-4195-ac7b-5aec6defaa36/ozone-meta/datanode-7/data-0/hdds/09c4c6e1-5ab0-4195-ac7b-5aec6defaa36/current/containerDir0/9/chunks does not exist.
2025-07-19 06:08:41,438 [EventQueue-PipelineActionsForPipelineActionHandler] INFO  pipeline.PipelineActionHandler (PipelineActionHandler.java:processPipelineAction(89)) - Received pipeline action CLOSE for Pipeline-d382207d-4198-4d69-b4f6-032dc0aa9b70 from datanode 78917b03-a842-488e-9e7c-f00b43f4ecc3(localhost/127.0.0.1). Reason : Chunks directory /home/runner/work/ozone/ozone/hadoop-ozone/integration-test/target/test-dir/MiniOzoneClusterImpl-09c4c6e1-5ab0-4195-ac7b-5aec6defaa36/ozone-meta/datanode-7/data-0/hdds/09c4c6e1-5ab0-4195-ac7b-5aec6defaa36/current/containerDir0/9/chunks does not exist.
2025-07-19 06:08:41,639 [EventQueue-PipelineActionsForPipelineActionHandler] INFO  pipeline.PipelineActionHandler (PipelineActionHandler.java:processPipelineAction(89)) - Received pipeline action CLOSE for Pipeline-d382207d-4198-4d69-b4f6-032dc0aa9b70 from datanode 78917b03-a842-488e-9e7c-f00b43f4ecc3(localhost/127.0.0.1). Reason : Chunks directory /home/runner/work/ozone/ozone/hadoop-ozone/integration-test/target/test-dir/MiniOzoneClusterImpl-09c4c6e1-5ab0-4195-ac7b-5aec6defaa36/ozone-meta/datanode-7/data-0/hdds/09c4c6e1-5ab0-4195-ac7b-5aec6defaa36/current/containerDir0/9/chunks does not exist.
2025-07-19 06:08:41,838 [EventQueue-PipelineActionsForPipelineActionHandler] INFO  pipeline.PipelineActionHandler (PipelineActionHandler.java:processPipelineAction(89)) - Received pipeline action CLOSE for Pipeline-d382207d-4198-4d69-b4f6-032dc0aa9b70 from datanode 78917b03-a842-488e-9e7c-f00b43f4ecc3(localhost/127.0.0.1). Reason : Chunks directory /home/runner/work/ozone/ozone/hadoop-ozone/integration-test/target/test-dir/MiniOzoneClusterImpl-09c4c6e1-5ab0-4195-ac7b-5aec6defaa36/ozone-meta/datanode-7/data-0/hdds/09c4c6e1-5ab0-4195-ac7b-5aec6defaa36/current/containerDir0/9/chunks does not exist.
2025-07-19 06:08:41,870 [BackgroundPipelineScrubber] INFO  pipeline.PipelineManagerImpl (PipelineManagerImpl.java:scrubPipelines(602)) - Scrubbing pipeline: id: Pipeline-d382207d-4198-4d69-b4f6-032dc0aa9b70 since it stays at CLOSED stage.
2025-07-19 06:08:41,871 [BackgroundPipelineScrubber] INFO  pipeline.RatisPipelineProvider (RatisPipelineProvider.java:lambda$close$4(273)) - Send pipeline:Pipeline-d382207d-4198-4d69-b4f6-032dc0aa9b70 close command to datanode e4fa6cd0-dc30-4550-b12f-023a3466045b
2025-07-19 06:08:41,871 [BackgroundPipelineScrubber] INFO  pipeline.RatisPipelineProvider (RatisPipelineProvider.java:lambda$close$4(273)) - Send pipeline:Pipeline-d382207d-4198-4d69-b4f6-032dc0aa9b70 close command to datanode 78917b03-a842-488e-9e7c-f00b43f4ecc3
2025-07-19 06:08:41,872 [BackgroundPipelineScrubber] INFO  pipeline.RatisPipelineProvider (RatisPipelineProvider.java:lambda$close$4(273)) - Send pipeline:Pipeline-d382207d-4198-4d69-b4f6-032dc0aa9b70 close command to datanode e6deb990-2c6c-4f88-aa04-2e44b30659d5
2025-07-19 06:08:41,872 [BackgroundPipelineScrubber] INFO  pipeline.PipelineManagerImpl (PipelineManagerImpl.java:removePipeline(464)) - Pipeline Pipeline{ Id: d382207d-4198-4d69-b4f6-032dc0aa9b70, Nodes: [ {e4fa6cd0-dc30-4550-b12f-023a3466045b(localhost/127.0.0.1), ReplicaIndex: 0}, {78917b03-a842-488e-9e7c-f00b43f4ecc3(localhost/127.0.0.1), ReplicaIndex: 0}, {e6deb990-2c6c-4f88-aa04-2e44b30659d5(localhost/127.0.0.1), ReplicaIndex: 0},], ReplicationConfig: RATIS/THREE, State:CLOSED, leaderId:e4fa6cd0-dc30-4550-b12f-023a3466045b, CreationTimestamp2025-07-19T06:07:11.218Z[Etc/UTC]} removed.
2025-07-19 06:08:41,879 [EventQueue-PipelineReportForPipelineReportHandler] INFO  pipeline.PipelineReportHandler (PipelineReportHandler.java:handlePipelineNotFoundException(98)) - Pipeline Pipeline-d382207d-4198-4d69-b4f6-032dc0aa9b70, reported by datanode e4fa6cd0-dc30-4550-b12f-023a3466045b(localhost/127.0.0.1) is not found.
2025-07-19 06:08:41,890 [EventQueue-PipelineReportForPipelineReportHandler] INFO  pipeline.PipelineReportHandler (PipelineReportHandler.java:handlePipelineNotFoundException(98)) - Pipeline Pipeline-d382207d-4198-4d69-b4f6-032dc0aa9b70, reported by datanode e6deb990-2c6c-4f88-aa04-2e44b30659d5(localhost/127.0.0.1) is not found.
2025-07-19 06:08:42,038 [EventQueue-PipelineActionsForPipelineActionHandler] INFO  pipeline.PipelineActionHandler (PipelineActionHandler.java:processPipelineAction(89)) - Received pipeline action CLOSE for Pipeline-d382207d-4198-4d69-b4f6-032dc0aa9b70 from datanode 78917b03-a842-488e-9e7c-f00b43f4ecc3(localhost/127.0.0.1). Reason : Chunks directory /home/runner/work/ozone/ozone/hadoop-ozone/integration-test/target/test-dir/MiniOzoneClusterImpl-09c4c6e1-5ab0-4195-ac7b-5aec6defaa36/ozone-meta/datanode-7/data-0/hdds/09c4c6e1-5ab0-4195-ac7b-5aec6defaa36/current/containerDir0/9/chunks does not exist.
2025-07-19 06:08:42,038 [EventQueue-PipelineReportForPipelineReportHandler] INFO  pipeline.PipelineReportHandler (PipelineReportHandler.java:handlePipelineNotFoundException(98)) - Pipeline Pipeline-d382207d-4198-4d69-b4f6-032dc0aa9b70, reported by datanode 78917b03-a842-488e-9e7c-f00b43f4ecc3(localhost/127.0.0.1) is not found.
2025-07-19 06:08:42,038 [EventQueue-PipelineActionsForPipelineActionHandler] WARN  pipeline.PipelineActionHandler (PipelineActionHandler.java:closeUnknownPipeline(117)) - Pipeline action received for unknown Pipeline Pipeline-d382207d-4198-4d69-b4f6-032dc0aa9b70, firing close pipeline event.
2025-07-19 06:08:42,090 [EventQueue-PipelineReportForPipelineReportHandler] INFO  pipeline.PipelineReportHandler (PipelineReportHandler.java:handlePipelineNotFoundException(98)) - Pipeline Pipeline-d382207d-4198-4d69-b4f6-032dc0aa9b70, reported by datanode e6deb990-2c6c-4f88-aa04-2e44b30659d5(localhost/127.0.0.1) is not found.
2025-07-19 06:08:42,093 [grpc-default-executor-6] INFO  server.RaftServer (RaftServerProxy.java:remove(116)) - 78917b03-a842-488e-9e7c-f00b43f4ecc3: remove  FOLLOWER (RUNNING): 78917b03-a842-488e-9e7c-f00b43f4ecc3@group-032DC0AA9B70:t1, leader=e4fa6cd0-dc30-4550-b12f-023a3466045b, voted=e4fa6cd0-dc30-4550-b12f-023a3466045b, raftlog=Memoized:78917b03-a842-488e-9e7c-f00b43f4ecc3@group-032DC0AA9B70-SegmentedRaftLog:OPENED:c3:last(t:1, i:4), conf=conf: {index: 0, cur=peers:[78917b03-a842-488e-9e7c-f00b43f4ecc3|127.0.0.1:15063, e6deb990-2c6c-4f88-aa04-2e44b30659d5|127.0.0.1:15071, e4fa6cd0-dc30-4550-b12f-023a3466045b|127.0.0.1:15079]|listeners:[], old=null}
2025-07-19 06:08:42,093 [grpc-default-executor-6] INFO  server.RaftServer$Division (RaftServerImpl.java:lambda$close$1(527)) - 78917b03-a842-488e-9e7c-f00b43f4ecc3@group-032DC0AA9B70: shutdown
2025-07-19 06:08:42,093 [grpc-default-executor-6] INFO  util.JmxRegister (JmxRegister.java:unregister(74)) - Successfully un-registered JMX Bean with object name Ratis:service=RaftServer,group=group-032DC0AA9B70,id=78917b03-a842-488e-9e7c-f00b43f4ecc3
2025-07-19 06:08:42,094 [grpc-default-executor-6] INFO  impl.RoleInfo (RoleInfo.java:shutdownFollowerState(121)) - 78917b03-a842-488e-9e7c-f00b43f4ecc3: shutdown 78917b03-a842-488e-9e7c-f00b43f4ecc3@group-032DC0AA9B70-FollowerState
2025-07-19 06:08:42,094 [grpc-default-executor-6] INFO  impl.StateMachineUpdater (StateMachineUpdater.java:stopAndJoin(163)) - 78917b03-a842-488e-9e7c-f00b43f4ecc3@group-032DC0AA9B70-StateMachineUpdater: set stopIndex = 3
2025-07-19 06:08:42,094 [78917b03-a842-488e-9e7c-f00b43f4ecc3@group-032DC0AA9B70-FollowerState] INFO  impl.FollowerState (FollowerState.java:runImpl(170)) - 78917b03-a842-488e-9e7c-f00b43f4ecc3@group-032DC0AA9B70-FollowerState was interrupted
2025-07-19 06:08:42,094 [78917b03-a842-488e-9e7c-f00b43f4ecc3@group-032DC0AA9B70-StateMachineUpdater] ERROR ratis.ContainerStateMachine (ContainerStateMachine.java:takeSnapshot(421)) - Failed to take snapshot  for group-032DC0AA9B70 as the stateMachine is unhealthy. The last applied index is at (t:1, i:3)
2025-07-19 06:08:42,094 [78917b03-a842-488e-9e7c-f00b43f4ecc3@group-032DC0AA9B70-StateMachineUpdater] ERROR impl.StateMachineUpdater (StateMachineUpdater.java:takeSnapshot(302)) - 78917b03-a842-488e-9e7c-f00b43f4ecc3@group-032DC0AA9B70-StateMachineUpdater: Failed to take snapshot
org.apache.ratis.protocol.exceptions.StateMachineException: Failed to take snapshot  for group-032DC0AA9B70 as the stateMachine is unhealthy. The last applied index is at (t:1, i:3)
	at org.apache.hadoop.ozone.container.common.transport.server.ratis.ContainerStateMachine.takeSnapshot(ContainerStateMachine.java:420)
	at org.apache.ratis.server.impl.StateMachineUpdater.takeSnapshot(StateMachineUpdater.java:290)
	at org.apache.ratis.server.impl.StateMachineUpdater.checkAndTakeSnapshot(StateMachineUpdater.java:281)
	at org.apache.ratis.server.impl.StateMachineUpdater.run(StateMachineUpdater.java:194)
	at java.base/java.lang.Thread.run(Thread.java:1583)
2025-07-19 06:08:42,094 [78917b03-a842-488e-9e7c-f00b43f4ecc3@group-032DC0AA9B70-StateMachineUpdater] INFO  impl.StateMachineUpdater (StateMachineUpdater.java:stop(140)) - 78917b03-a842-488e-9e7c-f00b43f4ecc3@group-032DC0AA9B70-StateMachineUpdater: closing ContainerStateMachine, lastApplied=(t:1, i:3)
2025-07-19 06:08:42,095 [78917b03-a842-488e-9e7c-f00b43f4ecc3@group-032DC0AA9B70-cacheEviction-AwaitToRun] INFO  util.AwaitToRun (AwaitToRun.java:run(49)) - 78917b03-a842-488e-9e7c-f00b43f4ecc3@group-032DC0AA9B70-cacheEviction-AwaitToRun-AwaitForSignal is interrupted
2025-07-19 06:08:42,279 [EventQueue-PipelineReportForPipelineReportHandler] INFO  pipeline.PipelineReportHandler (PipelineReportHandler.java:handlePipelineNotFoundException(98)) - Pipeline Pipeline-d382207d-4198-4d69-b4f6-032dc0aa9b70, reported by datanode e4fa6cd0-dc30-4550-b12f-023a3466045b(localhost/127.0.0.1) is not found.
2025-07-19 06:08:42,290 [EventQueue-PipelineReportForPipelineReportHandler] INFO  pipeline.PipelineReportHandler (PipelineReportHandler.java:handlePipelineNotFoundException(98)) - Pipeline Pipeline-d382207d-4198-4d69-b4f6-032dc0aa9b70, reported by datanode e6deb990-2c6c-4f88-aa04-2e44b30659d5(localhost/127.0.0.1) is not found.
2025-07-19 06:08:42,490 [EventQueue-PipelineReportForPipelineReportHandler] INFO  pipeline.PipelineReportHandler (PipelineReportHandler.java:handlePipelineNotFoundException(98)) - Pipeline Pipeline-d382207d-4198-4d69-b4f6-032dc0aa9b70, reported by datanode e6deb990-2c6c-4f88-aa04-2e44b30659d5(localhost/127.0.0.1) is not found.
2025-07-19 06:08:42,679 [EventQueue-PipelineReportForPipelineReportHandler] INFO  pipeline.PipelineReportHandler (PipelineReportHandler.java:handlePipelineNotFoundException(98)) - Pipeline Pipeline-d382207d-4198-4d69-b4f6-032dc0aa9b70, reported by datanode e4fa6cd0-dc30-4550-b12f-023a3466045b(localhost/127.0.0.1) is not found.
2025-07-19 06:08:42,690 [EventQueue-PipelineReportForPipelineReportHandler] INFO  pipeline.PipelineReportHandler (PipelineReportHandler.java:handlePipelineNotFoundException(98)) - Pipeline Pipeline-d382207d-4198-4d69-b4f6-032dc0aa9b70, reported by datanode e6deb990-2c6c-4f88-aa04-2e44b30659d5(localhost/127.0.0.1) is not found.
2025-07-19 06:08:42,840 [grpc-default-executor-6] INFO  segmented.SegmentedRaftLogWorker (SegmentedRaftLogWorker.java:close(254)) - 78917b03-a842-488e-9e7c-f00b43f4ecc3@group-032DC0AA9B70-SegmentedRaftLogWorker close()
2025-07-19 06:08:42,842 [grpc-default-executor-6] INFO  server.RaftServer$Division (RaftServerImpl.java:groupRemove(497)) - 78917b03-a842-488e-9e7c-f00b43f4ecc3@group-032DC0AA9B70: Succeed to remove RaftStorageDirectory Storage Directory /home/runner/work/ozone/ozone/hadoop-ozone/integration-test/target/test-dir/MiniOzoneClusterImpl-09c4c6e1-5ab0-4195-ac7b-5aec6defaa36/ozone-meta/datanode-7/ratis/d382207d-4198-4d69-b4f6-032dc0aa9b70
2025-07-19 06:08:42,851 [grpc-default-executor-6] INFO  server.RaftServer (RaftServerProxy.java:remove(116)) - e4fa6cd0-dc30-4550-b12f-023a3466045b: remove    LEADER (RUNNING): e4fa6cd0-dc30-4550-b12f-023a3466045b@group-032DC0AA9B70:t1, leader=e4fa6cd0-dc30-4550-b12f-023a3466045b, voted=e4fa6cd0-dc30-4550-b12f-023a3466045b, raftlog=Memoized:e4fa6cd0-dc30-4550-b12f-023a3466045b@group-032DC0AA9B70-SegmentedRaftLog:OPENED:c9:last(t:1, i:9), conf=conf: {index: 0, cur=peers:[78917b03-a842-488e-9e7c-f00b43f4ecc3|127.0.0.1:15063, e6deb990-2c6c-4f88-aa04-2e44b30659d5|127.0.0.1:15071, e4fa6cd0-dc30-4550-b12f-023a3466045b|127.0.0.1:15079]|listeners:[], old=null}
2025-07-19 06:08:42,851 [grpc-default-executor-6] INFO  server.RaftServer$Division (RaftServerImpl.java:lambda$close$1(527)) - e4fa6cd0-dc30-4550-b12f-023a3466045b@group-032DC0AA9B70: shutdown
2025-07-19 06:08:42,851 [grpc-default-executor-6] INFO  util.JmxRegister (JmxRegister.java:unregister(74)) - Successfully un-registered JMX Bean with object name Ratis:service=RaftServer,group=group-032DC0AA9B70,id=e4fa6cd0-dc30-4550-b12f-023a3466045b
2025-07-19 06:08:42,852 [grpc-default-executor-6] INFO  impl.RoleInfo (RoleInfo.java:shutdownLeaderState(103)) - e4fa6cd0-dc30-4550-b12f-023a3466045b: shutdown e4fa6cd0-dc30-4550-b12f-023a3466045b@group-032DC0AA9B70-LeaderStateImpl
2025-07-19 06:08:42,852 [e4fa6cd0-dc30-4550-b12f-023a3466045b@group-032DC0AA9B70->78917b03-a842-488e-9e7c-f00b43f4ecc3-GrpcLogAppender-LogAppenderDaemon] WARN  server.GrpcLogAppender (GrpcLogAppender.java:mayWait(300)) - e4fa6cd0-dc30-4550-b12f-023a3466045b@group-032DC0AA9B70->78917b03-a842-488e-9e7c-f00b43f4ecc3-GrpcLogAppender: Wait interrupted by java.lang.InterruptedException
2025-07-19 06:08:42,852 [e4fa6cd0-dc30-4550-b12f-023a3466045b@group-032DC0AA9B70->e6deb990-2c6c-4f88-aa04-2e44b30659d5-GrpcLogAppender-LogAppenderDaemon] WARN  server.GrpcLogAppender (GrpcLogAppender.java:mayWait(300)) - e4fa6cd0-dc30-4550-b12f-023a3466045b@group-032DC0AA9B70->e6deb990-2c6c-4f88-aa04-2e44b30659d5-GrpcLogAppender: Wait interrupted by java.lang.InterruptedException
2025-07-19 06:08:42,852 [grpc-default-executor-6] INFO  impl.PendingRequests (PendingRequests.java:sendNotLeaderResponses(287)) - e4fa6cd0-dc30-4550-b12f-023a3466045b@group-032DC0AA9B70-PendingRequests: sendNotLeaderResponses
2025-07-19 06:08:42,852 [grpc-default-executor-9] INFO  server.GrpcServerProtocolService (GrpcServerProtocolService.java:lambda$onCompleted$6(171)) - e6deb990-2c6c-4f88-aa04-2e44b30659d5: Completed APPEND_ENTRIES, lastRequest: null 
2025-07-19 06:08:42,853 [grpc-default-executor-9] INFO  server.GrpcServerProtocolService (GrpcServerProtocolService.java:lambda$null$7(175)) - e6deb990-2c6c-4f88-aa04-2e44b30659d5: Completed APPEND_ENTRIES, lastReply: serverReply {
  requestorId: "e4fa6cd0-dc30-4550-b12f-023a3466045b"
  replyId: "e6deb990-2c6c-4f88-aa04-2e44b30659d5"
  raftGroupId {
    id: "\323\202 }A\230Mi\264\366\003-\300\252\233p"
  }
  callId: 59
  success: true
}
term: 1
nextIndex: 10
followerCommit: 9
matchIndex: 18446744073709551615
isHearbeat: true
 
2025-07-19 06:08:42,854 [null-request--thread2] INFO  server.GrpcClientProtocolService (GrpcClientProtocolService.java:lambda$processClientRequest$0(284)) - Failed RaftClientRequest:client-8837293B3BA8->e4fa6cd0-dc30-4550-b12f-023a3466045b@group-032DC0AA9B70, cid=173, seq=null, Watch-ALL_COMMITTED(5), Message:<EMPTY>, reply=RaftClientReply:client-8837293B3BA8->e4fa6cd0-dc30-4550-b12f-023a3466045b@group-032DC0AA9B70, cid=173, FAILED org.apache.ratis.protocol.exceptions.NotLeaderException: Server e4fa6cd0-dc30-4550-b12f-023a3466045b@group-032DC0AA9B70 is not the leader, logIndex=0, commits[e4fa6cd0-dc30-4550-b12f-023a3466045b:c9]
2025-07-19 06:08:42,856 [grpc-default-executor-0] INFO  server.GrpcLogAppender (GrpcLogAppender.java:onCompleted(558)) - e4fa6cd0-dc30-4550-b12f-023a3466045b@group-032DC0AA9B70->e6deb990-2c6c-4f88-aa04-2e44b30659d5-AppendLogResponseHandler: follower responses appendEntries COMPLETED
2025-07-19 06:08:42,856 [grpc-default-executor-9] INFO  server.GrpcLogAppender (GrpcLogAppender.java:onCompleted(558)) - e4fa6cd0-dc30-4550-b12f-023a3466045b@group-032DC0AA9B70->e6deb990-2c6c-4f88-aa04-2e44b30659d5-AppendLogResponseHandler: follower responses appendEntries COMPLETED
2025-07-19 06:08:42,857 [grpc-default-executor-6] INFO  impl.StateMachineUpdater (StateMachineUpdater.java:stopAndJoin(163)) - e4fa6cd0-dc30-4550-b12f-023a3466045b@group-032DC0AA9B70-StateMachineUpdater: set stopIndex = 9
2025-07-19 06:08:42,857 [e4fa6cd0-dc30-4550-b12f-023a3466045b@group-032DC0AA9B70-StateMachineUpdater] INFO  impl.StateMachineUpdater (StateMachineUpdater.java:stop(140)) - e4fa6cd0-dc30-4550-b12f-023a3466045b@group-032DC0AA9B70-StateMachineUpdater: closing ContainerStateMachine, lastApplied=(t:1, i:9)
2025-07-19 06:08:42,857 [e4fa6cd0-dc30-4550-b12f-023a3466045b@group-032DC0AA9B70-cacheEviction-AwaitToRun] INFO  util.AwaitToRun (AwaitToRun.java:run(49)) - e4fa6cd0-dc30-4550-b12f-023a3466045b@group-032DC0AA9B70-cacheEviction-AwaitToRun-AwaitForSignal is interrupted
2025-07-19 06:08:43,090 [EventQueue-PipelineReportForPipelineReportHandler] INFO  pipeline.PipelineReportHandler (PipelineReportHandler.java:handlePipelineNotFoundException(98)) - Pipeline Pipeline-d382207d-4198-4d69-b4f6-032dc0aa9b70, reported by datanode e6deb990-2c6c-4f88-aa04-2e44b30659d5(localhost/127.0.0.1) is not found.
2025-07-19 06:08:43,290 [EventQueue-PipelineReportForPipelineReportHandler] INFO  pipeline.PipelineReportHandler (PipelineReportHandler.java:handlePipelineNotFoundException(98)) - Pipeline Pipeline-d382207d-4198-4d69-b4f6-032dc0aa9b70, reported by datanode e6deb990-2c6c-4f88-aa04-2e44b30659d5(localhost/127.0.0.1) is not found.
2025-07-19 06:08:43,474 [grpc-default-executor-6] INFO  segmented.SegmentedRaftLogWorker (SegmentedRaftLogWorker.java:close(254)) - e4fa6cd0-dc30-4550-b12f-023a3466045b@group-032DC0AA9B70-SegmentedRaftLogWorker close()
2025-07-19 06:08:43,475 [grpc-default-executor-6] INFO  server.RaftServer$Division (RaftServerImpl.java:groupRemove(497)) - e4fa6cd0-dc30-4550-b12f-023a3466045b@group-032DC0AA9B70: Succeed to remove RaftStorageDirectory Storage Directory /home/runner/work/ozone/ozone/hadoop-ozone/integration-test/target/test-dir/MiniOzoneClusterImpl-09c4c6e1-5ab0-4195-ac7b-5aec6defaa36/ozone-meta/datanode-9/ratis/d382207d-4198-4d69-b4f6-032dc0aa9b70
2025-07-19 06:08:43,477 [e6deb990-2c6c-4f88-aa04-2e44b30659d5-PipelineCommandHandlerThread-0] INFO  server.RaftServer (RaftServerProxy.java:remove(116)) - e6deb990-2c6c-4f88-aa04-2e44b30659d5: remove  FOLLOWER (RUNNING): e6deb990-2c6c-4f88-aa04-2e44b30659d5@group-032DC0AA9B70:t1, leader=e4fa6cd0-dc30-4550-b12f-023a3466045b, voted=e4fa6cd0-dc30-4550-b12f-023a3466045b, raftlog=Memoized:e6deb990-2c6c-4f88-aa04-2e44b30659d5@group-032DC0AA9B70-SegmentedRaftLog:OPENED:c9:last(t:1, i:9), conf=conf: {index: 0, cur=peers:[78917b03-a842-488e-9e7c-f00b43f4ecc3|127.0.0.1:15063, e6deb990-2c6c-4f88-aa04-2e44b30659d5|127.0.0.1:15071, e4fa6cd0-dc30-4550-b12f-023a3466045b|127.0.0.1:15079]|listeners:[], old=null}
2025-07-19 06:08:43,477 [e6deb990-2c6c-4f88-aa04-2e44b30659d5-PipelineCommandHandlerThread-0] INFO  server.RaftServer$Division (RaftServerImpl.java:lambda$close$1(527)) - e6deb990-2c6c-4f88-aa04-2e44b30659d5@group-032DC0AA9B70: shutdown
2025-07-19 06:08:43,477 [e6deb990-2c6c-4f88-aa04-2e44b30659d5-PipelineCommandHandlerThread-0] INFO  util.JmxRegister (JmxRegister.java:unregister(74)) - Successfully un-registered JMX Bean with object name Ratis:service=RaftServer,group=group-032DC0AA9B70,id=e6deb990-2c6c-4f88-aa04-2e44b30659d5
2025-07-19 06:08:43,477 [e6deb990-2c6c-4f88-aa04-2e44b30659d5-PipelineCommandHandlerThread-0] INFO  impl.RoleInfo (RoleInfo.java:shutdownFollowerState(121)) - e6deb990-2c6c-4f88-aa04-2e44b30659d5: shutdown e6deb990-2c6c-4f88-aa04-2e44b30659d5@group-032DC0AA9B70-FollowerState
2025-07-19 06:08:43,477 [e6deb990-2c6c-4f88-aa04-2e44b30659d5-PipelineCommandHandlerThread-0] INFO  impl.StateMachineUpdater (StateMachineUpdater.java:stopAndJoin(163)) - e6deb990-2c6c-4f88-aa04-2e44b30659d5@group-032DC0AA9B70-StateMachineUpdater: set stopIndex = 9
2025-07-19 06:08:43,478 [e6deb990-2c6c-4f88-aa04-2e44b30659d5@group-032DC0AA9B70-FollowerState] INFO  impl.FollowerState (FollowerState.java:runImpl(170)) - e6deb990-2c6c-4f88-aa04-2e44b30659d5@group-032DC0AA9B70-FollowerState was interrupted
2025-07-19 06:08:43,478 [e6deb990-2c6c-4f88-aa04-2e44b30659d5@group-032DC0AA9B70-StateMachineUpdater] INFO  impl.StateMachineUpdater (StateMachineUpdater.java:stop(140)) - e6deb990-2c6c-4f88-aa04-2e44b30659d5@group-032DC0AA9B70-StateMachineUpdater: closing ContainerStateMachine, lastApplied=(t:1, i:9)
2025-07-19 06:08:43,478 [e6deb990-2c6c-4f88-aa04-2e44b30659d5@group-032DC0AA9B70-cacheEviction-AwaitToRun] INFO  util.AwaitToRun (AwaitToRun.java:run(49)) - e6deb990-2c6c-4f88-aa04-2e44b30659d5@group-032DC0AA9B70-cacheEviction-AwaitToRun-AwaitForSignal is interrupted
2025-07-19 06:08:43,490 [EventQueue-PipelineReportForPipelineReportHandler] INFO  pipeline.PipelineReportHandler (PipelineReportHandler.java:handlePipelineNotFoundException(98)) - Pipeline Pipeline-d382207d-4198-4d69-b4f6-032dc0aa9b70, reported by datanode e6deb990-2c6c-4f88-aa04-2e44b30659d5(localhost/127.0.0.1) is not found.
2025-07-19 06:08:43,704 [timer1] INFO  server.GrpcServerProtocolService (GrpcServerProtocolService.java:lambda$onCompleted$6(171)) - 86838f6f-3dde-42b5-b01a-58c95bf80430: Completed APPEND_ENTRIES, lastRequest: null  (Repeated 2 times in the last 5.000s)
2025-07-19 06:08:43,705 [timer3] INFO  server.GrpcServerProtocolService (GrpcServerProtocolService.java:lambda$onCompleted$6(171)) - aa0cb613-fc94-4131-90ab-17bcd78458c4: Completed APPEND_ENTRIES, lastRequest: null  (Repeated 2 times in the last 5.000s)
2025-07-19 06:08:43,705 [timer2] INFO  server.GrpcServerProtocolService (GrpcServerProtocolService.java:lambda$null$7(175)) - 86838f6f-3dde-42b5-b01a-58c95bf80430: Completed APPEND_ENTRIES, lastReply: null  (Repeated 2 times in the last 5.001s)
2025-07-19 06:08:44,259 [grpc-default-executor-6] WARN  server.GrpcServerProtocolService (LogUtils.java:warn(129)) - cfedd3f1-5d02-4847-a363-6f2972b00a97: Failed APPEND_ENTRIES request d1f2401f-ce3c-4cd7-b613-e85afa8c39c7->cfedd3f1-5d02-4847-a363-6f2972b00a97#60-t2,previous=(t:1, i:0),leaderCommit=2,initializing? false,entries: size=2, first=(t:2, i:1), CONFIGURATIONENTRY(current:id:"cfedd3f1-5d02-4847-a363-6f2972b00a97"address:"127.0.0.1:15039"priority:1dataStreamAddress:"127.0.0.1:15040"clientAddress:"127.0.0.1:15037"adminAddress:"127.0.0.1:15038"startupRole:FOLLOWER, id:"e80b39d0-2325-4ff7-b450-1b10ae88e746"address:"127.0.0.1:15055"dataStreamAddress:"127.0.0.1:15056"clientAddress:"127.0.0.1:15053"adminAddress:"127.0.0.1:15054"startupRole:FOLLOWER, id:"d1f2401f-ce3c-4cd7-b613-e85afa8c39c7"address:"127.0.0.1:15047"dataStreamAddress:"127.0.0.1:15048"clientAddress:"127.0.0.1:15045"adminAddress:"127.0.0.1:15046"startupRole:FOLLOWER, old:)
java.util.concurrent.CompletionException: org.apache.ratis.protocol.exceptions.GroupMismatchException: cfedd3f1-5d02-4847-a363-6f2972b00a97: group-4D5619C3D8B6 not found.
	at java.base/java.util.concurrent.CompletableFuture.encodeThrowable(CompletableFuture.java:332)
	at java.base/java.util.concurrent.CompletableFuture.uniComposeStage(CompletableFuture.java:1177)
	at java.base/java.util.concurrent.CompletableFuture.thenCompose(CompletableFuture.java:2341)
	at org.apache.ratis.server.impl.RaftServerProxy.appendEntriesAsync(RaftServerProxy.java:651)
	at org.apache.ratis.grpc.server.GrpcServerProtocolService$1.process(GrpcServerProtocolService.java:245)
	at org.apache.ratis.grpc.server.GrpcServerProtocolService$1.process(GrpcServerProtocolService.java:242)
	at org.apache.ratis.grpc.server.GrpcServerProtocolService$ServerRequestStreamObserver.onNext(GrpcServerProtocolService.java:150)
	at org.apache.ratis.thirdparty.io.grpc.stub.ServerCalls$StreamingServerCallHandler$StreamingServerCallListener.onMessage(ServerCalls.java:262)
	at org.apache.ratis.thirdparty.io.grpc.internal.ServerCallImpl$ServerStreamListenerImpl.messagesAvailableInternal(ServerCallImpl.java:334)
	at org.apache.ratis.thirdparty.io.grpc.internal.ServerCallImpl$ServerStreamListenerImpl.messagesAvailable(ServerCallImpl.java:319)
	at org.apache.ratis.thirdparty.io.grpc.internal.ServerImpl$JumpToApplicationThreadServerStreamListener$1MessagesAvailable.runInContext(ServerImpl.java:834)
	at org.apache.ratis.thirdparty.io.grpc.internal.ContextRunnable.run(ContextRunnable.java:37)
	at org.apache.ratis.thirdparty.io.grpc.internal.SerializingExecutor.run(SerializingExecutor.java:133)
	at java.base/java.util.concurrent.ThreadPoolExecutor.runWorker(ThreadPoolExecutor.java:1144)
	at java.base/java.util.concurrent.ThreadPoolExecutor$Worker.run(ThreadPoolExecutor.java:642)
	at java.base/java.lang.Thread.run(Thread.java:1583)
Caused by: org.apache.ratis.protocol.exceptions.GroupMismatchException: cfedd3f1-5d02-4847-a363-6f2972b00a97: group-4D5619C3D8B6 not found.
	at org.apache.ratis.server.impl.RaftServerProxy$ImplMap.get(RaftServerProxy.java:160)
	at org.apache.ratis.server.impl.RaftServerProxy.getImplFuture(RaftServerProxy.java:370)
	at org.apache.ratis.server.impl.RaftServerProxy.appendEntriesAsync(RaftServerProxy.java:650)
	... 12 more
2025-07-19 06:08:44,260 [grpc-default-executor-6] INFO  leader.LogAppender (LogAppenderBase.java:lambda$getNextIndexForError$0(215)) - Decrease nextIndex to 1
2025-07-19 06:08:44,260 [grpc-default-executor-6] INFO  leader.LogAppender (LogAppenderBase.java:lambda$getNextIndexForError$0(215)) - Decrease nextIndex to 1
2025-07-19 06:08:44,260 [grpc-default-executor-6] INFO  leader.FollowerInfo (FollowerInfoImpl.java:info(70)) - d1f2401f-ce3c-4cd7-b613-e85afa8c39c7@group-4D5619C3D8B6->cfedd3f1-5d02-4847-a363-6f2972b00a97: computeNextIndex nextIndex: updateUnconditionally 3 -> 1
2025-07-19 06:08:44,477 [e6deb990-2c6c-4f88-aa04-2e44b30659d5-PipelineCommandHandlerThread-0] INFO  segmented.SegmentedRaftLogWorker (SegmentedRaftLogWorker.java:close(254)) - e6deb990-2c6c-4f88-aa04-2e44b30659d5@group-032DC0AA9B70-SegmentedRaftLogWorker close()
2025-07-19 06:08:44,478 [e6deb990-2c6c-4f88-aa04-2e44b30659d5-PipelineCommandHandlerThread-0] INFO  server.RaftServer$Division (RaftServerImpl.java:groupRemove(497)) - e6deb990-2c6c-4f88-aa04-2e44b30659d5@group-032DC0AA9B70: Succeed to remove RaftStorageDirectory Storage Directory /home/runner/work/ozone/ozone/hadoop-ozone/integration-test/target/test-dir/MiniOzoneClusterImpl-09c4c6e1-5ab0-4195-ac7b-5aec6defaa36/ozone-meta/datanode-8/ratis/d382207d-4198-4d69-b4f6-032dc0aa9b70
2025-07-19 06:08:44,478 [e6deb990-2c6c-4f88-aa04-2e44b30659d5-PipelineCommandHandlerThread-0] INFO  commandhandler.ClosePipelineCommandHandler (ClosePipelineCommandHandler.java:lambda$handle$2(142)) - Close Pipeline Pipeline-d382207d-4198-4d69-b4f6-032dc0aa9b70 command on datanode e6deb990-2c6c-4f88-aa04-2e44b30659d5(localhost/127.0.0.1).
2025-07-19 06:08:44,573 [timer4] WARN  server.GrpcLogAppender (LogUtils.java:warn(129)) - d1f2401f-ce3c-4cd7-b613-e85afa8c39c7@group-4D5619C3D8B6->cfedd3f1-5d02-4847-a363-6f2972b00a97-AppendLogResponseHandler: Failed appendEntries (Repeated 2 times in the last 5.000s)
org.apache.ratis.protocol.exceptions.GroupMismatchException: cfedd3f1-5d02-4847-a363-6f2972b00a97: group-4D5619C3D8B6 not found.
	at org.apache.ratis.server.impl.RaftServerProxy$ImplMap.get(RaftServerProxy.java:160)
	at org.apache.ratis.server.impl.RaftServerProxy.getImplFuture(RaftServerProxy.java:370)
	at org.apache.ratis.server.impl.RaftServerProxy.appendEntriesAsync(RaftServerProxy.java:650)
	at org.apache.ratis.grpc.server.GrpcServerProtocolService$1.process(GrpcServerProtocolService.java:245)
	at org.apache.ratis.grpc.server.GrpcServerProtocolService$1.process(GrpcServerProtocolService.java:242)
	at org.apache.ratis.grpc.server.GrpcServerProtocolService$ServerRequestStreamObserver.onNext(GrpcServerProtocolService.java:150)
	at org.apache.ratis.thirdparty.io.grpc.stub.ServerCalls$StreamingServerCallHandler$StreamingServerCallListener.onMessage(ServerCalls.java:262)
	at org.apache.ratis.thirdparty.io.grpc.internal.ServerCallImpl$ServerStreamListenerImpl.messagesAvailableInternal(ServerCallImpl.java:334)
	at org.apache.ratis.thirdparty.io.grpc.internal.ServerCallImpl$ServerStreamListenerImpl.messagesAvailable(ServerCallImpl.java:319)
	at org.apache.ratis.thirdparty.io.grpc.internal.ServerImpl$JumpToApplicationThreadServerStreamListener$1MessagesAvailable.runInContext(ServerImpl.java:834)
	at org.apache.ratis.thirdparty.io.grpc.internal.ContextRunnable.run(ContextRunnable.java:37)
	at org.apache.ratis.thirdparty.io.grpc.internal.SerializingExecutor.run(SerializingExecutor.java:133)
	at java.base/java.util.concurrent.ThreadPoolExecutor.runWorker(ThreadPoolExecutor.java:1144)
	at java.base/java.util.concurrent.ThreadPoolExecutor$Worker.run(ThreadPoolExecutor.java:642)
	at java.base/java.lang.Thread.run(Thread.java:1583)
2025-07-19 06:08:46,071 [ForkJoinPool.commonPool-worker-1] WARN  scm.XceiverClientRatis (XceiverClientRatis.java:lambda$watchForCommit$6(313)) - ALL_COMMITTED way commit failed on pipeline Pipeline{ Id: d382207d-4198-4d69-b4f6-032dc0aa9b70, Nodes: [ {e4fa6cd0-dc30-4550-b12f-023a3466045b(localhost/127.0.0.1), ReplicaIndex: 0}, {78917b03-a842-488e-9e7c-f00b43f4ecc3(localhost/127.0.0.1), ReplicaIndex: 0}, {e6deb990-2c6c-4f88-aa04-2e44b30659d5(localhost/127.0.0.1), ReplicaIndex: 0},], ReplicationConfig: RATIS/THREE, State:OPEN, leaderId:e4fa6cd0-dc30-4550-b12f-023a3466045b, CreationTimestamp2025-07-19T06:07:11.218Z[Etc/UTC]}
java.util.concurrent.CompletionException: org.apache.ratis.protocol.exceptions.RaftRetryFailureException: Failed RaftClientRequest:client-8837293B3BA8->78917b03-a842-488e-9e7c-f00b43f4ecc3@group-032DC0AA9B70, cid=173, seq=null, Watch-ALL_COMMITTED(5), null for 2 attempts with RequestTypeDependentRetryPolicy{WRITE->ExceptionDependentRetry(maxAttempts=2147483647; defaultPolicy=MultipleLinearRandomRetry[5x5s, 5x10s, 5x15s, 5x20s, 5x25s, 10x60s]; map={org.apache.ratis.protocol.exceptions.GroupMismatchException->NoRetry, org.apache.ratis.protocol.exceptions.NotReplicatedException->NoRetry, org.apache.ratis.protocol.exceptions.ResourceUnavailableException->org.apache.ratis.retry.ExponentialBackoffRetry@5bfd5f99, org.apache.ratis.protocol.exceptions.StateMachineException->NoRetry, org.apache.ratis.protocol.exceptions.TimeoutIOException->org.apache.ratis.retry.ExponentialBackoffRetry@5bfd5f99}), WATCH->ExceptionDependentRetry(maxAttempts=2147483647; defaultPolicy=MultipleLinearRandomRetry[5x5s, 5x10s, 5x15s, 5x20s, 5x25s, 10x60s]; map={org.apache.ratis.protocol.exceptions.GroupMismatchException->NoRetry, org.apache.ratis.protocol.exceptions.NotReplicatedException->NoRetry, org.apache.ratis.protocol.exceptions.ResourceUnavailableException->org.apache.ratis.retry.ExponentialBackoffRetry@5bfd5f99, org.apache.ratis.protocol.exceptions.StateMachineException->NoRetry, org.apache.ratis.protocol.exceptions.TimeoutIOException->NoRetry})}
	at java.base/java.util.concurrent.CompletableFuture.encodeThrowable(CompletableFuture.java:332)
	at java.base/java.util.concurrent.CompletableFuture.completeThrowable(CompletableFuture.java:347)
	at java.base/java.util.concurrent.CompletableFuture$UniApply.tryFire(CompletableFuture.java:636)
	at java.base/java.util.concurrent.CompletableFuture.postComplete(CompletableFuture.java:510)
	at java.base/java.util.concurrent.CompletableFuture.completeExceptionally(CompletableFuture.java:2194)
	at org.apache.ratis.client.impl.UnorderedAsync.lambda$sendRequestWithRetry$4(UnorderedAsync.java:102)
	at java.base/java.util.concurrent.CompletableFuture.uniWhenComplete(CompletableFuture.java:863)
	at java.base/java.util.concurrent.CompletableFuture$UniWhenComplete.tryFire(CompletableFuture.java:841)
	at java.base/java.util.concurrent.CompletableFuture$Completion.exec(CompletableFuture.java:483)
	at java.base/java.util.concurrent.ForkJoinTask.doExec(ForkJoinTask.java:387)
	at java.base/java.util.concurrent.ForkJoinPool$WorkQueue.topLevelExec(ForkJoinPool.java:1312)
	at java.base/java.util.concurrent.ForkJoinPool.scan(ForkJoinPool.java:1843)
	at java.base/java.util.concurrent.ForkJoinPool.runWorker(ForkJoinPool.java:1808)
	at java.base/java.util.concurrent.ForkJoinWorkerThread.run(ForkJoinWorkerThread.java:188)
Caused by: org.apache.ratis.protocol.exceptions.RaftRetryFailureException: Failed RaftClientRequest:client-8837293B3BA8->78917b03-a842-488e-9e7c-f00b43f4ecc3@group-032DC0AA9B70, cid=173, seq=null, Watch-ALL_COMMITTED(5), null for 2 attempts with RequestTypeDependentRetryPolicy{WRITE->ExceptionDependentRetry(maxAttempts=2147483647; defaultPolicy=MultipleLinearRandomRetry[5x5s, 5x10s, 5x15s, 5x20s, 5x25s, 10x60s]; map={org.apache.ratis.protocol.exceptions.GroupMismatchException->NoRetry, org.apache.ratis.protocol.exceptions.NotReplicatedException->NoRetry, org.apache.ratis.protocol.exceptions.ResourceUnavailableException->org.apache.ratis.retry.ExponentialBackoffRetry@5bfd5f99, org.apache.ratis.protocol.exceptions.StateMachineException->NoRetry, org.apache.ratis.protocol.exceptions.TimeoutIOException->org.apache.ratis.retry.ExponentialBackoffRetry@5bfd5f99}), WATCH->ExceptionDependentRetry(maxAttempts=2147483647; defaultPolicy=MultipleLinearRandomRetry[5x5s, 5x10s, 5x15s, 5x20s, 5x25s, 10x60s]; map={org.apache.ratis.protocol.exceptions.GroupMismatchException->NoRetry, org.apache.ratis.protocol.exceptions.NotReplicatedException->NoRetry, org.apache.ratis.protocol.exceptions.ResourceUnavailableException->org.apache.ratis.retry.ExponentialBackoffRetry@5bfd5f99, org.apache.ratis.protocol.exceptions.StateMachineException->NoRetry, org.apache.ratis.protocol.exceptions.TimeoutIOException->NoRetry})}
	at org.apache.ratis.client.impl.RaftClientImpl.noMoreRetries(RaftClientImpl.java:352)
	... 9 more
Caused by: org.apache.ratis.protocol.exceptions.GroupMismatchException: 78917b03-a842-488e-9e7c-f00b43f4ecc3: group-032DC0AA9B70 not found.
	at org.apache.ratis.server.impl.RaftServerProxy$ImplMap.get(RaftServerProxy.java:160)
	at org.apache.ratis.server.impl.RaftServerProxy.getImplFuture(RaftServerProxy.java:370)
	at org.apache.ratis.server.impl.RaftServerProxy.submitClientRequestAsync(RaftServerProxy.java:455)
	at org.apache.ratis.grpc.server.GrpcClientProtocolService$RequestStreamObserver.processClientRequest(GrpcClientProtocolService.java:226)
	at org.apache.ratis.grpc.server.GrpcClientProtocolService$UnorderedRequestStreamObserver.processClientRequest(GrpcClientProtocolService.java:282)
	at org.apache.ratis.grpc.server.GrpcClientProtocolService$RequestStreamObserver.onNext(GrpcClientProtocolService.java:246)
	at org.apache.ratis.grpc.server.GrpcClientProtocolService$RequestStreamObserver.onNext(GrpcClientProtocolService.java:169)
	at org.apache.ratis.thirdparty.io.grpc.stub.ServerCalls$StreamingServerCallHandler$StreamingServerCallListener.onMessage(ServerCalls.java:262)
	at org.apache.ratis.thirdparty.io.grpc.internal.ServerCallImpl$ServerStreamListenerImpl.messagesAvailableInternal(ServerCallImpl.java:334)
	at org.apache.ratis.thirdparty.io.grpc.internal.ServerCallImpl$ServerStreamListenerImpl.messagesAvailable(ServerCallImpl.java:319)
	at org.apache.ratis.thirdparty.io.grpc.internal.ServerImpl$JumpToApplicationThreadServerStreamListener$1MessagesAvailable.runInContext(ServerImpl.java:834)
	at org.apache.ratis.thirdparty.io.grpc.internal.ContextRunnable.run(ContextRunnable.java:37)
	at org.apache.ratis.thirdparty.io.grpc.internal.SerializingExecutor.run(SerializingExecutor.java:133)
	at java.base/java.util.concurrent.ThreadPoolExecutor.runWorker(ThreadPoolExecutor.java:1144)
	at java.base/java.util.concurrent.ThreadPoolExecutor$Worker.run(ThreadPoolExecutor.java:642)
	at java.base/java.lang.Thread.run(Thread.java:1583)
2025-07-19 06:08:46,072 [main] ERROR storage.BlockOutputStream (BlockOutputStream.java:handleFlush(689)) - Failed to flush. error: Unexpected Storage Container Exception: java.util.concurrent.CompletionException: org.apache.ratis.protocol.exceptions.RaftRetryFailureException: Failed RaftClientRequest:client-8837293B3BA8->78917b03-a842-488e-9e7c-f00b43f4ecc3@group-032DC0AA9B70, cid=173, seq=null, Watch-ALL_COMMITTED(5), null for 2 attempts with RequestTypeDependentRetryPolicy{WRITE->ExceptionDependentRetry(maxAttempts=2147483647; defaultPolicy=MultipleLinearRandomRetry[5x5s, 5x10s, 5x15s, 5x20s, 5x25s, 10x60s]; map={org.apache.ratis.protocol.exceptions.GroupMismatchException->NoRetry, org.apache.ratis.protocol.exceptions.NotReplicatedException->NoRetry, org.apache.ratis.protocol.exceptions.ResourceUnavailableException->org.apache.ratis.retry.ExponentialBackoffRetry@5bfd5f99, org.apache.ratis.protocol.exceptions.StateMachineException->NoRetry, org.apache.ratis.protocol.exceptions.TimeoutIOException->org.apache.ratis.retry.ExponentialBackoffRetry@5bfd5f99}), WATCH->ExceptionDependentRetry(maxAttempts=2147483647; defaultPolicy=MultipleLinearRandomRetry[5x5s, 5x10s, 5x15s, 5x20s, 5x25s, 10x60s]; map={org.apache.ratis.protocol.exceptions.GroupMismatchException->NoRetry, org.apache.ratis.protocol.exceptions.NotReplicatedException->NoRetry, org.apache.ratis.protocol.exceptions.ResourceUnavailableException->org.apache.ratis.retry.ExponentialBackoffRetry@5bfd5f99, org.apache.ratis.protocol.exceptions.StateMachineException->NoRetry, org.apache.ratis.protocol.exceptions.TimeoutIOException->NoRetry})}
java.io.IOException: Unexpected Storage Container Exception: java.util.concurrent.CompletionException: org.apache.ratis.protocol.exceptions.RaftRetryFailureException: Failed RaftClientRequest:client-8837293B3BA8->78917b03-a842-488e-9e7c-f00b43f4ecc3@group-032DC0AA9B70, cid=173, seq=null, Watch-ALL_COMMITTED(5), null for 2 attempts with RequestTypeDependentRetryPolicy{WRITE->ExceptionDependentRetry(maxAttempts=2147483647; defaultPolicy=MultipleLinearRandomRetry[5x5s, 5x10s, 5x15s, 5x20s, 5x25s, 10x60s]; map={org.apache.ratis.protocol.exceptions.GroupMismatchException->NoRetry, org.apache.ratis.protocol.exceptions.NotReplicatedException->NoRetry, org.apache.ratis.protocol.exceptions.ResourceUnavailableException->org.apache.ratis.retry.ExponentialBackoffRetry@5bfd5f99, org.apache.ratis.protocol.exceptions.StateMachineException->NoRetry, org.apache.ratis.protocol.exceptions.TimeoutIOException->org.apache.ratis.retry.ExponentialBackoffRetry@5bfd5f99}), WATCH->ExceptionDependentRetry(maxAttempts=2147483647; defaultPolicy=MultipleLinearRandomRetry[5x5s, 5x10s, 5x15s, 5x20s, 5x25s, 10x60s]; map={org.apache.ratis.protocol.exceptions.GroupMismatchException->NoRetry, org.apache.ratis.protocol.exceptions.NotReplicatedException->NoRetry, org.apache.ratis.protocol.exceptions.ResourceUnavailableException->org.apache.ratis.retry.ExponentialBackoffRetry@5bfd5f99, org.apache.ratis.protocol.exceptions.StateMachineException->NoRetry, org.apache.ratis.protocol.exceptions.TimeoutIOException->NoRetry})}
	at org.apache.hadoop.hdds.scm.storage.BlockOutputStream.setIoException(BlockOutputStream.java:825)
	at org.apache.hadoop.hdds.scm.storage.BlockOutputStream.lambda$watchForCommit$3(BlockOutputStream.java:540)
	at java.base/java.util.concurrent.CompletableFuture.uniExceptionally(CompletableFuture.java:990)
	at java.base/java.util.concurrent.CompletableFuture$UniExceptionally.tryFire(CompletableFuture.java:974)
	at java.base/java.util.concurrent.CompletableFuture.postComplete(CompletableFuture.java:510)
	at java.base/java.util.concurrent.CompletableFuture.completeExceptionally(CompletableFuture.java:2194)
	at org.apache.hadoop.hdds.scm.XceiverClientRatis.lambda$watchForCommit$6(XceiverClientRatis.java:329)
	at java.base/java.util.concurrent.CompletableFuture.uniExceptionally(CompletableFuture.java:990)
	at java.base/java.util.concurrent.CompletableFuture$UniExceptionally.tryFire(CompletableFuture.java:974)
	at java.base/java.util.concurrent.CompletableFuture.postComplete(CompletableFuture.java:510)
	at java.base/java.util.concurrent.CompletableFuture.completeExceptionally(CompletableFuture.java:2194)
	at org.apache.ratis.client.impl.UnorderedAsync.lambda$sendRequestWithRetry$4(UnorderedAsync.java:102)
	at java.base/java.util.concurrent.CompletableFuture.uniWhenComplete(CompletableFuture.java:863)
	at java.base/java.util.concurrent.CompletableFuture$UniWhenComplete.tryFire(CompletableFuture.java:841)
	at java.base/java.util.concurrent.CompletableFuture$Completion.exec(CompletableFuture.java:483)
	at java.base/java.util.concurrent.ForkJoinTask.doExec(ForkJoinTask.java:387)
	at java.base/java.util.concurrent.ForkJoinPool$WorkQueue.topLevelExec(ForkJoinPool.java:1312)
	at java.base/java.util.concurrent.ForkJoinPool.scan(ForkJoinPool.java:1843)
	at java.base/java.util.concurrent.ForkJoinPool.runWorker(ForkJoinPool.java:1808)
	at java.base/java.util.concurrent.ForkJoinWorkerThread.run(ForkJoinWorkerThread.java:188)
Caused by: java.util.concurrent.CompletionException: org.apache.ratis.protocol.exceptions.RaftRetryFailureException: Failed RaftClientRequest:client-8837293B3BA8->78917b03-a842-488e-9e7c-f00b43f4ecc3@group-032DC0AA9B70, cid=173, seq=null, Watch-ALL_COMMITTED(5), null for 2 attempts with RequestTypeDependentRetryPolicy{WRITE->ExceptionDependentRetry(maxAttempts=2147483647; defaultPolicy=MultipleLinearRandomRetry[5x5s, 5x10s, 5x15s, 5x20s, 5x25s, 10x60s]; map={org.apache.ratis.protocol.exceptions.GroupMismatchException->NoRetry, org.apache.ratis.protocol.exceptions.NotReplicatedException->NoRetry, org.apache.ratis.protocol.exceptions.ResourceUnavailableException->org.apache.ratis.retry.ExponentialBackoffRetry@5bfd5f99, org.apache.ratis.protocol.exceptions.StateMachineException->NoRetry, org.apache.ratis.protocol.exceptions.TimeoutIOException->org.apache.ratis.retry.ExponentialBackoffRetry@5bfd5f99}), WATCH->ExceptionDependentRetry(maxAttempts=2147483647; defaultPolicy=MultipleLinearRandomRetry[5x5s, 5x10s, 5x15s, 5x20s, 5x25s, 10x60s]; map={org.apache.ratis.protocol.exceptions.GroupMismatchException->NoRetry, org.apache.ratis.protocol.exceptions.NotReplicatedException->NoRetry, org.apache.ratis.protocol.exceptions.ResourceUnavailableException->org.apache.ratis.retry.ExponentialBackoffRetry@5bfd5f99, org.apache.ratis.protocol.exceptions.StateMachineException->NoRetry, org.apache.ratis.protocol.exceptions.TimeoutIOException->NoRetry})}
	at java.base/java.util.concurrent.CompletableFuture.encodeThrowable(CompletableFuture.java:332)
	at java.base/java.util.concurrent.CompletableFuture.completeThrowable(CompletableFuture.java:347)
	at java.base/java.util.concurrent.CompletableFuture$UniApply.tryFire(CompletableFuture.java:636)
	... 11 more
Caused by: org.apache.ratis.protocol.exceptions.RaftRetryFailureException: Failed RaftClientRequest:client-8837293B3BA8->78917b03-a842-488e-9e7c-f00b43f4ecc3@group-032DC0AA9B70, cid=173, seq=null, Watch-ALL_COMMITTED(5), null for 2 attempts with RequestTypeDependentRetryPolicy{WRITE->ExceptionDependentRetry(maxAttempts=2147483647; defaultPolicy=MultipleLinearRandomRetry[5x5s, 5x10s, 5x15s, 5x20s, 5x25s, 10x60s]; map={org.apache.ratis.protocol.exceptions.GroupMismatchException->NoRetry, org.apache.ratis.protocol.exceptions.NotReplicatedException->NoRetry, org.apache.ratis.protocol.exceptions.ResourceUnavailableException->org.apache.ratis.retry.ExponentialBackoffRetry@5bfd5f99, org.apache.ratis.protocol.exceptions.StateMachineException->NoRetry, org.apache.ratis.protocol.exceptions.TimeoutIOException->org.apache.ratis.retry.ExponentialBackoffRetry@5bfd5f99}), WATCH->ExceptionDependentRetry(maxAttempts=2147483647; defaultPolicy=MultipleLinearRandomRetry[5x5s, 5x10s, 5x15s, 5x20s, 5x25s, 10x60s]; map={org.apache.ratis.protocol.exceptions.GroupMismatchException->NoRetry, org.apache.ratis.protocol.exceptions.NotReplicatedException->NoRetry, org.apache.ratis.protocol.exceptions.ResourceUnavailableException->org.apache.ratis.retry.ExponentialBackoffRetry@5bfd5f99, org.apache.ratis.protocol.exceptions.StateMachineException->NoRetry, org.apache.ratis.protocol.exceptions.TimeoutIOException->NoRetry})}
	at org.apache.ratis.client.impl.RaftClientImpl.noMoreRetries(RaftClientImpl.java:352)
	... 9 more
Caused by: org.apache.ratis.protocol.exceptions.GroupMismatchException: 78917b03-a842-488e-9e7c-f00b43f4ecc3: group-032DC0AA9B70 not found.
	at org.apache.ratis.server.impl.RaftServerProxy$ImplMap.get(RaftServerProxy.java:160)
	at org.apache.ratis.server.impl.RaftServerProxy.getImplFuture(RaftServerProxy.java:370)
	at org.apache.ratis.server.impl.RaftServerProxy.submitClientRequestAsync(RaftServerProxy.java:455)
	at org.apache.ratis.grpc.server.GrpcClientProtocolService$RequestStreamObserver.processClientRequest(GrpcClientProtocolService.java:226)
	at org.apache.ratis.grpc.server.GrpcClientProtocolService$UnorderedRequestStreamObserver.processClientRequest(GrpcClientProtocolService.java:282)
	at org.apache.ratis.grpc.server.GrpcClientProtocolService$RequestStreamObserver.onNext(GrpcClientProtocolService.java:246)
	at org.apache.ratis.grpc.server.GrpcClientProtocolService$RequestStreamObserver.onNext(GrpcClientProtocolService.java:169)
	at org.apache.ratis.thirdparty.io.grpc.stub.ServerCalls$StreamingServerCallHandler$StreamingServerCallListener.onMessage(ServerCalls.java:262)
	at org.apache.ratis.thirdparty.io.grpc.internal.ServerCallImpl$ServerStreamListenerImpl.messagesAvailableInternal(ServerCallImpl.java:334)
	at org.apache.ratis.thirdparty.io.grpc.internal.ServerCallImpl$ServerStreamListenerImpl.messagesAvailable(ServerCallImpl.java:319)
	at org.apache.ratis.thirdparty.io.grpc.internal.ServerImpl$JumpToApplicationThreadServerStreamListener$1MessagesAvailable.runInContext(ServerImpl.java:834)
	at org.apache.ratis.thirdparty.io.grpc.internal.ContextRunnable.run(ContextRunnable.java:37)
	at org.apache.ratis.thirdparty.io.grpc.internal.SerializingExecutor.run(SerializingExecutor.java:133)
	at java.base/java.util.concurrent.ThreadPoolExecutor.runWorker(ThreadPoolExecutor.java:1144)
	at java.base/java.util.concurrent.ThreadPoolExecutor$Worker.run(ThreadPoolExecutor.java:642)
	at java.base/java.lang.Thread.run(Thread.java:1583)
2025-07-19 06:08:46,072 [main] WARN  io.KeyOutputStream (KeyOutputStream.java:handleExceptionInternal(377)) - Encountered exception java.io.IOException: Unexpected Storage Container Exception: java.util.concurrent.CompletionException: org.apache.ratis.protocol.exceptions.RaftRetryFailureException: Failed RaftClientRequest:client-8837293B3BA8->78917b03-a842-488e-9e7c-f00b43f4ecc3@group-032DC0AA9B70, cid=173, seq=null, Watch-ALL_COMMITTED(5), null for 2 attempts with RequestTypeDependentRetryPolicy{WRITE->ExceptionDependentRetry(maxAttempts=2147483647; defaultPolicy=MultipleLinearRandomRetry[5x5s, 5x10s, 5x15s, 5x20s, 5x25s, 10x60s]; map={org.apache.ratis.protocol.exceptions.GroupMismatchException->NoRetry, org.apache.ratis.protocol.exceptions.NotReplicatedException->NoRetry, org.apache.ratis.protocol.exceptions.ResourceUnavailableException->org.apache.ratis.retry.ExponentialBackoffRetry@5bfd5f99, org.apache.ratis.protocol.exceptions.StateMachineException->NoRetry, org.apache.ratis.protocol.exceptions.TimeoutIOException->org.apache.ratis.retry.ExponentialBackoffRetry@5bfd5f99}), WATCH->ExceptionDependentRetry(maxAttempts=2147483647; defaultPolicy=MultipleLinearRandomRetry[5x5s, 5x10s, 5x15s, 5x20s, 5x25s, 10x60s]; map={org.apache.ratis.protocol.exceptions.GroupMismatchException->NoRetry, org.apache.ratis.protocol.exceptions.NotReplicatedException->NoRetry, org.apache.ratis.protocol.exceptions.ResourceUnavailableException->org.apache.ratis.retry.ExponentialBackoffRetry@5bfd5f99, org.apache.ratis.protocol.exceptions.StateMachineException->NoRetry, org.apache.ratis.protocol.exceptions.TimeoutIOException->NoRetry})} on the pipeline Pipeline{ Id: d382207d-4198-4d69-b4f6-032dc0aa9b70, Nodes: [ {e4fa6cd0-dc30-4550-b12f-023a3466045b(localhost/127.0.0.1), ReplicaIndex: 0}, {78917b03-a842-488e-9e7c-f00b43f4ecc3(localhost/127.0.0.1), ReplicaIndex: 0}, {e6deb990-2c6c-4f88-aa04-2e44b30659d5(localhost/127.0.0.1), ReplicaIndex: 0},], ReplicationConfig: RATIS/THREE, State:OPEN, leaderId:e4fa6cd0-dc30-4550-b12f-023a3466045b, CreationTimestamp2025-07-19T06:07:11.218Z[Etc/UTC]}. The last committed block length is 5, uncommitted data length is 10 retry count 0
2025-07-19 06:08:46,102 [e6deb990-2c6c-4f88-aa04-2e44b30659d5@group-FB10F0A93659-StateMachineUpdater] INFO  ratis.ContainerStateMachine (ContainerStateMachine.java:takeSnapshot(427)) - group-FB10F0A93659: Taking a snapshot at:(t:1, i:3) file /home/runner/work/ozone/ozone/hadoop-ozone/integration-test/target/test-dir/MiniOzoneClusterImpl-09c4c6e1-5ab0-4195-ac7b-5aec6defaa36/ozone-meta/datanode-8/ratis/04a4c252-88a2-4fd6-909f-fb10f0a93659/sm/snapshot.1_3
2025-07-19 06:08:46,104 [e6deb990-2c6c-4f88-aa04-2e44b30659d5@group-FB10F0A93659-StateMachineUpdater] INFO  ratis.ContainerStateMachine (ContainerStateMachine.java:takeSnapshot(436)) - group-FB10F0A93659: Finished taking a snapshot at:(t:1, i:3) file:/home/runner/work/ozone/ozone/hadoop-ozone/integration-test/target/test-dir/MiniOzoneClusterImpl-09c4c6e1-5ab0-4195-ac7b-5aec6defaa36/ozone-meta/datanode-8/ratis/04a4c252-88a2-4fd6-909f-fb10f0a93659/sm/snapshot.1_3 took: 3 ms
2025-07-19 06:08:46,104 [e6deb990-2c6c-4f88-aa04-2e44b30659d5@group-FB10F0A93659-StateMachineUpdater] INFO  impl.StateMachineUpdater (StateMachineUpdater.java:takeSnapshot(307)) - e6deb990-2c6c-4f88-aa04-2e44b30659d5@group-FB10F0A93659-StateMachineUpdater: Took a snapshot at index 3
2025-07-19 06:08:46,104 [e6deb990-2c6c-4f88-aa04-2e44b30659d5@group-FB10F0A93659-StateMachineUpdater] INFO  impl.StateMachineUpdater (StateMachineUpdater.java:lambda$new$0(101)) - e6deb990-2c6c-4f88-aa04-2e44b30659d5@group-FB10F0A93659-StateMachineUpdater: snapshotIndex: updateIncreasingly 0 -> 3
2025-07-19 06:08:46,105 [main] INFO  io.BlockOutputStreamEntry (BlockOutputStreamEntry.java:writeOnRetry(192)) - BlockOutputStreamEntry:ratis2 conID: 10 locID: 115816896921600010 bcsId: 0 replicaIndex: null: Finish retrying with len 10, currentPosition 10
2025-07-19 06:08:46,105 [main] INFO  io.BlockOutputStreamEntry (BlockOutputStreamEntry.java:finishRetryHandling(141)) - BlockOutputStreamEntry:ratis2 conID: 10 locID: 115816896921600010 bcsId: 0 replicaIndex: null: Exiting retry handling mode
2025-07-19 06:08:46,110 [78917b03-a842-488e-9e7c-f00b43f4ecc3@group-FB10F0A93659-StateMachineUpdater] INFO  ratis.ContainerStateMachine (ContainerStateMachine.java:takeSnapshot(427)) - group-FB10F0A93659: Taking a snapshot at:(t:1, i:3) file /home/runner/work/ozone/ozone/hadoop-ozone/integration-test/target/test-dir/MiniOzoneClusterImpl-09c4c6e1-5ab0-4195-ac7b-5aec6defaa36/ozone-meta/datanode-7/ratis/04a4c252-88a2-4fd6-909f-fb10f0a93659/sm/snapshot.1_3
2025-07-19 06:08:46,110 [e4fa6cd0-dc30-4550-b12f-023a3466045b@group-FB10F0A93659-StateMachineUpdater] INFO  ratis.ContainerStateMachine (ContainerStateMachine.java:takeSnapshot(427)) - group-FB10F0A93659: Taking a snapshot at:(t:1, i:3) file /home/runner/work/ozone/ozone/hadoop-ozone/integration-test/target/test-dir/MiniOzoneClusterImpl-09c4c6e1-5ab0-4195-ac7b-5aec6defaa36/ozone-meta/datanode-9/ratis/04a4c252-88a2-4fd6-909f-fb10f0a93659/sm/snapshot.1_3
2025-07-19 06:08:46,111 [78917b03-a842-488e-9e7c-f00b43f4ecc3@group-FB10F0A93659-StateMachineUpdater] INFO  ratis.ContainerStateMachine (ContainerStateMachine.java:takeSnapshot(436)) - group-FB10F0A93659: Finished taking a snapshot at:(t:1, i:3) file:/home/runner/work/ozone/ozone/hadoop-ozone/integration-test/target/test-dir/MiniOzoneClusterImpl-09c4c6e1-5ab0-4195-ac7b-5aec6defaa36/ozone-meta/datanode-7/ratis/04a4c252-88a2-4fd6-909f-fb10f0a93659/sm/snapshot.1_3 took: 2 ms
2025-07-19 06:08:46,112 [78917b03-a842-488e-9e7c-f00b43f4ecc3@group-FB10F0A93659-StateMachineUpdater] INFO  impl.StateMachineUpdater (StateMachineUpdater.java:takeSnapshot(307)) - 78917b03-a842-488e-9e7c-f00b43f4ecc3@group-FB10F0A93659-StateMachineUpdater: Took a snapshot at index 3
2025-07-19 06:08:46,112 [78917b03-a842-488e-9e7c-f00b43f4ecc3@group-FB10F0A93659-StateMachineUpdater] INFO  impl.StateMachineUpdater (StateMachineUpdater.java:lambda$new$0(101)) - 78917b03-a842-488e-9e7c-f00b43f4ecc3@group-FB10F0A93659-StateMachineUpdater: snapshotIndex: updateIncreasingly 0 -> 3
2025-07-19 06:08:46,113 [e4fa6cd0-dc30-4550-b12f-023a3466045b@group-FB10F0A93659-StateMachineUpdater] INFO  ratis.ContainerStateMachine (ContainerStateMachine.java:takeSnapshot(436)) - group-FB10F0A93659: Finished taking a snapshot at:(t:1, i:3) file:/home/runner/work/ozone/ozone/hadoop-ozone/integration-test/target/test-dir/MiniOzoneClusterImpl-09c4c6e1-5ab0-4195-ac7b-5aec6defaa36/ozone-meta/datanode-9/ratis/04a4c252-88a2-4fd6-909f-fb10f0a93659/sm/snapshot.1_3 took: 2 ms
2025-07-19 06:08:46,113 [e4fa6cd0-dc30-4550-b12f-023a3466045b@group-FB10F0A93659-StateMachineUpdater] INFO  impl.StateMachineUpdater (StateMachineUpdater.java:takeSnapshot(307)) - e4fa6cd0-dc30-4550-b12f-023a3466045b@group-FB10F0A93659-StateMachineUpdater: Took a snapshot at index 3
2025-07-19 06:08:46,113 [e4fa6cd0-dc30-4550-b12f-023a3466045b@group-FB10F0A93659-StateMachineUpdater] INFO  impl.StateMachineUpdater (StateMachineUpdater.java:lambda$new$0(101)) - e4fa6cd0-dc30-4550-b12f-023a3466045b@group-FB10F0A93659-StateMachineUpdater: snapshotIndex: updateIncreasingly 0 -> 3
2025-07-19 06:08:46,117 [e4fa6cd0-dc30-4550-b12f-023a3466045b@group-FB10F0A93659-StateMachineUpdater] INFO  ratis.ContainerStateMachine (ContainerStateMachine.java:takeSnapshot(427)) - group-FB10F0A93659: Taking a snapshot at:(t:1, i:4) file /home/runner/work/ozone/ozone/hadoop-ozone/integration-test/target/test-dir/MiniOzoneClusterImpl-09c4c6e1-5ab0-4195-ac7b-5aec6defaa36/ozone-meta/datanode-9/ratis/04a4c252-88a2-4fd6-909f-fb10f0a93659/sm/snapshot.1_4
2025-07-19 06:08:46,119 [e4fa6cd0-dc30-4550-b12f-023a3466045b@group-FB10F0A93659-StateMachineUpdater] INFO  ratis.ContainerStateMachine (ContainerStateMachine.java:takeSnapshot(436)) - group-FB10F0A93659: Finished taking a snapshot at:(t:1, i:4) file:/home/runner/work/ozone/ozone/hadoop-ozone/integration-test/target/test-dir/MiniOzoneClusterImpl-09c4c6e1-5ab0-4195-ac7b-5aec6defaa36/ozone-meta/datanode-9/ratis/04a4c252-88a2-4fd6-909f-fb10f0a93659/sm/snapshot.1_4 took: 1 ms
2025-07-19 06:08:46,119 [e4fa6cd0-dc30-4550-b12f-023a3466045b@group-FB10F0A93659-StateMachineUpdater] INFO  impl.StateMachineUpdater (StateMachineUpdater.java:takeSnapshot(307)) - e4fa6cd0-dc30-4550-b12f-023a3466045b@group-FB10F0A93659-StateMachineUpdater: Took a snapshot at index 4
2025-07-19 06:08:46,120 [e4fa6cd0-dc30-4550-b12f-023a3466045b@group-FB10F0A93659-StateMachineUpdater] INFO  impl.StateMachineUpdater (StateMachineUpdater.java:lambda$new$0(101)) - e4fa6cd0-dc30-4550-b12f-023a3466045b@group-FB10F0A93659-StateMachineUpdater: snapshotIndex: updateIncreasingly 3 -> 4
2025-07-19 06:08:46,122 [e4fa6cd0-dc30-4550-b12f-023a3466045b@group-FB10F0A93659-StateMachineUpdater] INFO  ratis.ContainerStateMachine (ContainerStateMachine.java:takeSnapshot(427)) - group-FB10F0A93659: Taking a snapshot at:(t:1, i:7) file /home/runner/work/ozone/ozone/hadoop-ozone/integration-test/target/test-dir/MiniOzoneClusterImpl-09c4c6e1-5ab0-4195-ac7b-5aec6defaa36/ozone-meta/datanode-9/ratis/04a4c252-88a2-4fd6-909f-fb10f0a93659/sm/snapshot.1_7
2025-07-19 06:08:46,123 [78917b03-a842-488e-9e7c-f00b43f4ecc3@group-FB10F0A93659-StateMachineUpdater] INFO  ratis.ContainerStateMachine (ContainerStateMachine.java:takeSnapshot(427)) - group-FB10F0A93659: Taking a snapshot at:(t:1, i:7) file /home/runner/work/ozone/ozone/hadoop-ozone/integration-test/target/test-dir/MiniOzoneClusterImpl-09c4c6e1-5ab0-4195-ac7b-5aec6defaa36/ozone-meta/datanode-7/ratis/04a4c252-88a2-4fd6-909f-fb10f0a93659/sm/snapshot.1_7
2025-07-19 06:08:46,124 [e4fa6cd0-dc30-4550-b12f-023a3466045b@group-FB10F0A93659-StateMachineUpdater] INFO  ratis.ContainerStateMachine (ContainerStateMachine.java:takeSnapshot(436)) - group-FB10F0A93659: Finished taking a snapshot at:(t:1, i:7) file:/home/runner/work/ozone/ozone/hadoop-ozone/integration-test/target/test-dir/MiniOzoneClusterImpl-09c4c6e1-5ab0-4195-ac7b-5aec6defaa36/ozone-meta/datanode-9/ratis/04a4c252-88a2-4fd6-909f-fb10f0a93659/sm/snapshot.1_7 took: 2 ms
2025-07-19 06:08:46,124 [e4fa6cd0-dc30-4550-b12f-023a3466045b@group-FB10F0A93659-StateMachineUpdater] INFO  impl.StateMachineUpdater (StateMachineUpdater.java:takeSnapshot(307)) - e4fa6cd0-dc30-4550-b12f-023a3466045b@group-FB10F0A93659-StateMachineUpdater: Took a snapshot at index 7
2025-07-19 06:08:46,125 [e4fa6cd0-dc30-4550-b12f-023a3466045b@group-FB10F0A93659-StateMachineUpdater] INFO  impl.StateMachineUpdater (StateMachineUpdater.java:lambda$new$0(101)) - e4fa6cd0-dc30-4550-b12f-023a3466045b@group-FB10F0A93659-StateMachineUpdater: snapshotIndex: updateIncreasingly 4 -> 7
2025-07-19 06:08:46,125 [78917b03-a842-488e-9e7c-f00b43f4ecc3@group-FB10F0A93659-StateMachineUpdater] INFO  ratis.ContainerStateMachine (ContainerStateMachine.java:takeSnapshot(436)) - group-FB10F0A93659: Finished taking a snapshot at:(t:1, i:7) file:/home/runner/work/ozone/ozone/hadoop-ozone/integration-test/target/test-dir/MiniOzoneClusterImpl-09c4c6e1-5ab0-4195-ac7b-5aec6defaa36/ozone-meta/datanode-7/ratis/04a4c252-88a2-4fd6-909f-fb10f0a93659/sm/snapshot.1_7 took: 3 ms
2025-07-19 06:08:46,126 [78917b03-a842-488e-9e7c-f00b43f4ecc3@group-FB10F0A93659-StateMachineUpdater] INFO  impl.StateMachineUpdater (StateMachineUpdater.java:takeSnapshot(307)) - 78917b03-a842-488e-9e7c-f00b43f4ecc3@group-FB10F0A93659-StateMachineUpdater: Took a snapshot at index 7
2025-07-19 06:08:46,126 [78917b03-a842-488e-9e7c-f00b43f4ecc3@group-FB10F0A93659-StateMachineUpdater] INFO  impl.StateMachineUpdater (StateMachineUpdater.java:lambda$new$0(101)) - 78917b03-a842-488e-9e7c-f00b43f4ecc3@group-FB10F0A93659-StateMachineUpdater: snapshotIndex: updateIncreasingly 3 -> 7
2025-07-19 06:08:46,126 [e6deb990-2c6c-4f88-aa04-2e44b30659d5@group-FB10F0A93659-StateMachineUpdater] INFO  ratis.ContainerStateMachine (ContainerStateMachine.java:takeSnapshot(427)) - group-FB10F0A93659: Taking a snapshot at:(t:1, i:7) file /home/runner/work/ozone/ozone/hadoop-ozone/integration-test/target/test-dir/MiniOzoneClusterImpl-09c4c6e1-5ab0-4195-ac7b-5aec6defaa36/ozone-meta/datanode-8/ratis/04a4c252-88a2-4fd6-909f-fb10f0a93659/sm/snapshot.1_7
2025-07-19 06:08:46,127 [e6deb990-2c6c-4f88-aa04-2e44b30659d5@group-FB10F0A93659-StateMachineUpdater] INFO  ratis.ContainerStateMachine (ContainerStateMachine.java:takeSnapshot(436)) - group-FB10F0A93659: Finished taking a snapshot at:(t:1, i:7) file:/home/runner/work/ozone/ozone/hadoop-ozone/integration-test/target/test-dir/MiniOzoneClusterImpl-09c4c6e1-5ab0-4195-ac7b-5aec6defaa36/ozone-meta/datanode-8/ratis/04a4c252-88a2-4fd6-909f-fb10f0a93659/sm/snapshot.1_7 took: 2 ms
2025-07-19 06:08:46,128 [e6deb990-2c6c-4f88-aa04-2e44b30659d5@group-FB10F0A93659-StateMachineUpdater] INFO  impl.StateMachineUpdater (StateMachineUpdater.java:takeSnapshot(307)) - e6deb990-2c6c-4f88-aa04-2e44b30659d5@group-FB10F0A93659-StateMachineUpdater: Took a snapshot at index 7
2025-07-19 06:08:46,128 [e6deb990-2c6c-4f88-aa04-2e44b30659d5@group-FB10F0A93659-StateMachineUpdater] INFO  impl.StateMachineUpdater (StateMachineUpdater.java:lambda$new$0(101)) - e6deb990-2c6c-4f88-aa04-2e44b30659d5@group-FB10F0A93659-StateMachineUpdater: snapshotIndex: updateIncreasingly 3 -> 7
2025-07-19 06:08:46,128 [e6deb990-2c6c-4f88-aa04-2e44b30659d5@group-FB10F0A93659-StateMachineUpdater] INFO  ratis.ContainerStateMachine (ContainerStateMachine.java:takeSnapshot(427)) - group-FB10F0A93659: Taking a snapshot at:(t:1, i:9) file /home/runner/work/ozone/ozone/hadoop-ozone/integration-test/target/test-dir/MiniOzoneClusterImpl-09c4c6e1-5ab0-4195-ac7b-5aec6defaa36/ozone-meta/datanode-8/ratis/04a4c252-88a2-4fd6-909f-fb10f0a93659/sm/snapshot.1_9
2025-07-19 06:08:46,129 [e6deb990-2c6c-4f88-aa04-2e44b30659d5@group-FB10F0A93659-StateMachineUpdater] INFO  ratis.ContainerStateMachine (ContainerStateMachine.java:takeSnapshot(436)) - group-FB10F0A93659: Finished taking a snapshot at:(t:1, i:9) file:/home/runner/work/ozone/ozone/hadoop-ozone/integration-test/target/test-dir/MiniOzoneClusterImpl-09c4c6e1-5ab0-4195-ac7b-5aec6defaa36/ozone-meta/datanode-8/ratis/04a4c252-88a2-4fd6-909f-fb10f0a93659/sm/snapshot.1_9 took: 2 ms
2025-07-19 06:08:46,130 [e6deb990-2c6c-4f88-aa04-2e44b30659d5@group-FB10F0A93659-StateMachineUpdater] INFO  impl.StateMachineUpdater (StateMachineUpdater.java:takeSnapshot(307)) - e6deb990-2c6c-4f88-aa04-2e44b30659d5@group-FB10F0A93659-StateMachineUpdater: Took a snapshot at index 9
2025-07-19 06:08:46,130 [e6deb990-2c6c-4f88-aa04-2e44b30659d5@group-FB10F0A93659-StateMachineUpdater] INFO  impl.StateMachineUpdater (StateMachineUpdater.java:lambda$new$0(101)) - e6deb990-2c6c-4f88-aa04-2e44b30659d5@group-FB10F0A93659-StateMachineUpdater: snapshotIndex: updateIncreasingly 7 -> 9
2025-07-19 06:08:46,141 [grpc-default-executor-3] WARN  server.GrpcServerProtocolService (LogUtils.java:warn(129)) - cfedd3f1-5d02-4847-a363-6f2972b00a97: Failed APPEND_ENTRIES request d1f2401f-ce3c-4cd7-b613-e85afa8c39c7->cfedd3f1-5d02-4847-a363-6f2972b00a97#62-t2,previous=(t:1, i:0),leaderCommit=2,initializing? false,entries: size=2, first=(t:2, i:1), CONFIGURATIONENTRY(current:id:"cfedd3f1-5d02-4847-a363-6f2972b00a97"address:"127.0.0.1:15039"priority:1dataStreamAddress:"127.0.0.1:15040"clientAddress:"127.0.0.1:15037"adminAddress:"127.0.0.1:15038"startupRole:FOLLOWER, id:"e80b39d0-2325-4ff7-b450-1b10ae88e746"address:"127.0.0.1:15055"dataStreamAddress:"127.0.0.1:15056"clientAddress:"127.0.0.1:15053"adminAddress:"127.0.0.1:15054"startupRole:FOLLOWER, id:"d1f2401f-ce3c-4cd7-b613-e85afa8c39c7"address:"127.0.0.1:15047"dataStreamAddress:"127.0.0.1:15048"clientAddress:"127.0.0.1:15045"adminAddress:"127.0.0.1:15046"startupRole:FOLLOWER, old:)
java.util.concurrent.CompletionException: org.apache.ratis.protocol.exceptions.GroupMismatchException: cfedd3f1-5d02-4847-a363-6f2972b00a97: group-4D5619C3D8B6 not found.
	at java.base/java.util.concurrent.CompletableFuture.encodeThrowable(CompletableFuture.java:332)
	at java.base/java.util.concurrent.CompletableFuture.uniComposeStage(CompletableFuture.java:1177)
	at java.base/java.util.concurrent.CompletableFuture.thenCompose(CompletableFuture.java:2341)
	at org.apache.ratis.server.impl.RaftServerProxy.appendEntriesAsync(RaftServerProxy.java:651)
	at org.apache.ratis.grpc.server.GrpcServerProtocolService$1.process(GrpcServerProtocolService.java:245)
	at org.apache.ratis.grpc.server.GrpcServerProtocolService$1.process(GrpcServerProtocolService.java:242)
	at org.apache.ratis.grpc.server.GrpcServerProtocolService$ServerRequestStreamObserver.onNext(GrpcServerProtocolService.java:150)
	at org.apache.ratis.thirdparty.io.grpc.stub.ServerCalls$StreamingServerCallHandler$StreamingServerCallListener.onMessage(ServerCalls.java:262)
	at org.apache.ratis.thirdparty.io.grpc.internal.ServerCallImpl$ServerStreamListenerImpl.messagesAvailableInternal(ServerCallImpl.java:334)
	at org.apache.ratis.thirdparty.io.grpc.internal.ServerCallImpl$ServerStreamListenerImpl.messagesAvailable(ServerCallImpl.java:319)
	at org.apache.ratis.thirdparty.io.grpc.internal.ServerImpl$JumpToApplicationThreadServerStreamListener$1MessagesAvailable.runInContext(ServerImpl.java:834)
	at org.apache.ratis.thirdparty.io.grpc.internal.ContextRunnable.run(ContextRunnable.java:37)
	at org.apache.ratis.thirdparty.io.grpc.internal.SerializingExecutor.run(SerializingExecutor.java:133)
	at java.base/java.util.concurrent.ThreadPoolExecutor.runWorker(ThreadPoolExecutor.java:1144)
	at java.base/java.util.concurrent.ThreadPoolExecutor$Worker.run(ThreadPoolExecutor.java:642)
	at java.base/java.lang.Thread.run(Thread.java:1583)
Caused by: org.apache.ratis.protocol.exceptions.GroupMismatchException: cfedd3f1-5d02-4847-a363-6f2972b00a97: group-4D5619C3D8B6 not found.
	at org.apache.ratis.server.impl.RaftServerProxy$ImplMap.get(RaftServerProxy.java:160)
	at org.apache.ratis.server.impl.RaftServerProxy.getImplFuture(RaftServerProxy.java:370)
	at org.apache.ratis.server.impl.RaftServerProxy.appendEntriesAsync(RaftServerProxy.java:650)
	... 12 more
2025-07-19 06:08:46,143 [grpc-default-executor-6] WARN  server.GrpcLogAppender (LogUtils.java:warn(129)) - d1f2401f-ce3c-4cd7-b613-e85afa8c39c7@group-4D5619C3D8B6->cfedd3f1-5d02-4847-a363-6f2972b00a97-AppendLogResponseHandler: Failed appendEntries
org.apache.ratis.protocol.exceptions.GroupMismatchException: cfedd3f1-5d02-4847-a363-6f2972b00a97: group-4D5619C3D8B6 not found.
	at org.apache.ratis.server.impl.RaftServerProxy$ImplMap.get(RaftServerProxy.java:160)
	at org.apache.ratis.server.impl.RaftServerProxy.getImplFuture(RaftServerProxy.java:370)
	at org.apache.ratis.server.impl.RaftServerProxy.appendEntriesAsync(RaftServerProxy.java:650)
	at org.apache.ratis.grpc.server.GrpcServerProtocolService$1.process(GrpcServerProtocolService.java:245)
	at org.apache.ratis.grpc.server.GrpcServerProtocolService$1.process(GrpcServerProtocolService.java:242)
	at org.apache.ratis.grpc.server.GrpcServerProtocolService$ServerRequestStreamObserver.onNext(GrpcServerProtocolService.java:150)
	at org.apache.ratis.thirdparty.io.grpc.stub.ServerCalls$StreamingServerCallHandler$StreamingServerCallListener.onMessage(ServerCalls.java:262)
	at org.apache.ratis.thirdparty.io.grpc.internal.ServerCallImpl$ServerStreamListenerImpl.messagesAvailableInternal(ServerCallImpl.java:334)
	at org.apache.ratis.thirdparty.io.grpc.internal.ServerCallImpl$ServerStreamListenerImpl.messagesAvailable(ServerCallImpl.java:319)
	at org.apache.ratis.thirdparty.io.grpc.internal.ServerImpl$JumpToApplicationThreadServerStreamListener$1MessagesAvailable.runInContext(ServerImpl.java:834)
	at org.apache.ratis.thirdparty.io.grpc.internal.ContextRunnable.run(ContextRunnable.java:37)
	at org.apache.ratis.thirdparty.io.grpc.internal.SerializingExecutor.run(SerializingExecutor.java:133)
	at java.base/java.util.concurrent.ThreadPoolExecutor.runWorker(ThreadPoolExecutor.java:1144)
	at java.base/java.util.concurrent.ThreadPoolExecutor$Worker.run(ThreadPoolExecutor.java:642)
	at java.base/java.lang.Thread.run(Thread.java:1583)
2025-07-19 06:08:46,143 [grpc-default-executor-6] INFO  leader.LogAppender (LogAppenderBase.java:lambda$getNextIndexForError$0(215)) - Decrease nextIndex to 1
2025-07-19 06:08:46,143 [grpc-default-executor-6] INFO  leader.LogAppender (LogAppenderBase.java:lambda$getNextIndexForError$0(215)) - Decrease nextIndex to 1
2025-07-19 06:08:46,143 [grpc-default-executor-6] INFO  leader.FollowerInfo (FollowerInfoImpl.java:info(70)) - d1f2401f-ce3c-4cd7-b613-e85afa8c39c7@group-4D5619C3D8B6->cfedd3f1-5d02-4847-a363-6f2972b00a97: computeNextIndex nextIndex: updateUnconditionally 3 -> 1
]]></system-out>
  </testcase>
</testsuite>