<?xml version="1.0" encoding="UTF-8"?>
<testsuite xmlns:xsi="http://www.w3.org/2001/XMLSchema-instance" xsi:noNamespaceSchemaLocation="https://maven.apache.org/surefire/maven-surefire-plugin/xsd/surefire-test-report.xsd" name="org.apache.hadoop.ozone.om.TestOzoneManagerPrepare" time="559.904" tests="6" errors="4" skipped="1" failures="0">
  <properties>
    <property name="awt.toolkit" value="sun.awt.X11.XToolkit"/>
    <property name="file.encoding.pkg" value="sun.io"/>
    <property name="java.specification.version" value="1.8"/>
    <property name="sun.cpu.isalist" value=""/>
    <property name="sun.jnu.encoding" value="UTF-8"/>
    <property name="java.class.path" value="/home/runner/work/ozone/ozone/hadoop-ozone/integration-test/target/test-classes:/home/runner/work/ozone/ozone/hadoop-ozone/integration-test/target/classes:/home/runner/.m2/repository/org/apache/ozone/ozone-common/1.3.0-SNAPSHOT/ozone-common-1.3.0-SNAPSHOT.jar:/home/runner/.m2/repository/org/apache/commons/commons-compress/1.21/commons-compress-1.21.jar:/home/runner/.m2/repository/org/apache/ozone/hdds-common/1.3.0-SNAPSHOT/hdds-common-1.3.0-SNAPSHOT.jar:/home/runner/.m2/repository/org/apache/ozone/hdds-client/1.3.0-SNAPSHOT/hdds-client-1.3.0-SNAPSHOT.jar:/home/runner/.m2/repository/org/apache/ozone/ozone-interface-client/1.3.0-SNAPSHOT/ozone-interface-client-1.3.0-SNAPSHOT.jar:/home/runner/.m2/repository/org/apache/ozone/hdds-test-utils/1.3.0-SNAPSHOT/hdds-test-utils-1.3.0-SNAPSHOT.jar:/home/runner/.m2/repository/com/google/guava/guava/30.1.1-jre/guava-30.1.1-jre.jar:/home/runner/.m2/repository/com/google/guava/failureaccess/1.0.1/failureaccess-1.0.1.jar:/home/runner/.m2/repository/com/google/guava/listenablefuture/9999.0-empty-to-avoid-conflict-with-guava/listenablefuture-9999.0-empty-to-avoid-conflict-with-guava.jar:/home/runner/.m2/repository/com/google/code/findbugs/jsr305/3.0.0/jsr305-3.0.0.jar:/home/runner/.m2/repository/org/checkerframework/checker-qual/3.8.0/checker-qual-3.8.0.jar:/home/runner/.m2/repository/com/google/errorprone/error_prone_annotations/2.2.0/error_prone_annotations-2.2.0.jar:/home/runner/.m2/repository/com/google/j2objc/j2objc-annotations/1.3/j2objc-annotations-1.3.jar:/home/runner/.m2/repository/commons-io/commons-io/2.11.0/commons-io-2.11.0.jar:/home/runner/.m2/repository/commons-logging/commons-logging/1.2/commons-logging-1.2.jar:/home/runner/.m2/repository/log4j/log4j/1.2.17/log4j-1.2.17.jar:/home/runner/.m2/repository/org/slf4j/slf4j-api/1.7.30/slf4j-api-1.7.30.jar:/home/runner/.m2/repository/org/apache/ozone/hdds-server-scm/1.3.0-SNAPSHOT/hdds-server-scm-1.3.0-SNAPSHOT.jar:/home/runner/.m2/repository/org/apache/ozone/hdds-container-service/1.3.0-SNAPSHOT/hdds-container-service-1.3.0-SNAPSHOT.jar:/home/runner/.m2/repository/org/apache/ozone/hdds-hadoop-dependency-server/1.3.0-SNAPSHOT/hdds-hadoop-dependency-server-1.3.0-SNAPSHOT.jar:/home/runner/.m2/repository/org/apache/hadoop/hadoop-hdfs/3.3.1/hadoop-hdfs-3.3.1.jar:/home/runner/.m2/repository/org/apache/ozone/hdds-server-framework/1.3.0-SNAPSHOT/hdds-server-framework-1.3.0-SNAPSHOT.jar:/home/runner/.m2/repository/org/apache/ozone/hdds-interface-server/1.3.0-SNAPSHOT/hdds-interface-server-1.3.0-SNAPSHOT.jar:/home/runner/.m2/repository/org/apache/logging/log4j/log4j-core/2.17.1/log4j-core-2.17.1.jar:/home/runner/.m2/repository/com/lmax/disruptor/3.4.2/disruptor-3.4.2.jar:/home/runner/.m2/repository/org/eclipse/jetty/jetty-servlet/9.4.43.v20210629/jetty-servlet-9.4.43.v20210629.jar:/home/runner/.m2/repository/org/eclipse/jetty/jetty-security/9.4.43.v20210629/jetty-security-9.4.43.v20210629.jar:/home/runner/.m2/repository/org/rocksdb/rocksdbjni/6.25.3/rocksdbjni-6.25.3.jar:/home/runner/.m2/repository/io/prometheus/simpleclient_dropwizard/0.7.0/simpleclient_dropwizard-0.7.0.jar:/home/runner/.m2/repository/io/prometheus/simpleclient/0.7.0/simpleclient-0.7.0.jar:/home/runner/.m2/repository/io/prometheus/simpleclient_common/0.7.0/simpleclient_common-0.7.0.jar:/home/runner/.m2/repository/com/fasterxml/jackson/datatype/jackson-datatype-jsr310/2.12.1/jackson-datatype-jsr310-2.12.1.jar:/home/runner/.m2/repository/io/dropwizard/metrics/metrics-core/3.2.4/metrics-core-3.2.4.jar:/home/runner/.m2/repository/org/apache/hadoop/hadoop-hdfs-client/3.3.1/hadoop-hdfs-client-3.3.1.jar:/home/runner/.m2/repository/org/bouncycastle/bcprov-jdk15on/1.67/bcprov-jdk15on-1.67.jar:/home/runner/.m2/repository/com/google/protobuf/protobuf-java/2.5.0/protobuf-java-2.5.0.jar:/home/runner/.m2/repository/org/apache/ozone/ozone-manager/1.3.0-SNAPSHOT/ozone-manager-1.3.0-SNAPSHOT.jar:/home/runner/.m2/repository/org/aspectj/aspectjrt/1.9.7/aspectjrt-1.9.7.jar:/home/runner/.m2/repository/org/aspectj/aspectjweaver/1.9.7/aspectjweaver-1.9.7.jar:/home/runner/.m2/repository/org/apache/ozone/hdds-interface-client/1.3.0-SNAPSHOT/hdds-interface-client-1.3.0-SNAPSHOT.jar:/home/runner/.m2/repository/org/apache/hadoop/thirdparty/hadoop-shaded-protobuf_3_7/1.1.1/hadoop-shaded-protobuf_3_7-1.1.1.jar:/home/runner/.m2/repository/org/apache/ozone/ozone-interface-storage/1.3.0-SNAPSHOT/ozone-interface-storage-1.3.0-SNAPSHOT.jar:/home/runner/.m2/repository/org/reflections/reflections/0.9.11/reflections-0.9.11.jar:/home/runner/.m2/repository/org/apache/hadoop/hadoop-minikdc/3.3.1/hadoop-minikdc-3.3.1.jar:/home/runner/.m2/repository/org/apache/kerby/kerb-simplekdc/1.0.1/kerb-simplekdc-1.0.1.jar:/home/runner/.m2/repository/org/apache/kerby/kerb-client/1.0.1/kerb-client-1.0.1.jar:/home/runner/.m2/repository/org/apache/kerby/kerby-config/1.0.1/kerby-config-1.0.1.jar:/home/runner/.m2/repository/org/apache/kerby/kerb-common/1.0.1/kerb-common-1.0.1.jar:/home/runner/.m2/repository/org/apache/kerby/kerb-crypto/1.0.1/kerb-crypto-1.0.1.jar:/home/runner/.m2/repository/org/apache/kerby/kerb-util/1.0.1/kerb-util-1.0.1.jar:/home/runner/.m2/repository/org/apache/kerby/token-provider/1.0.1/token-provider-1.0.1.jar:/home/runner/.m2/repository/org/apache/kerby/kerb-admin/1.0.1/kerb-admin-1.0.1.jar:/home/runner/.m2/repository/org/apache/kerby/kerb-server/1.0.1/kerb-server-1.0.1.jar:/home/runner/.m2/repository/org/apache/kerby/kerb-identity/1.0.1/kerb-identity-1.0.1.jar:/home/runner/.m2/repository/org/apache/kerby/kerby-xdr/1.0.1/kerby-xdr-1.0.1.jar:/home/runner/.m2/repository/org/slf4j/slf4j-log4j12/1.7.30/slf4j-log4j12-1.7.30.jar:/home/runner/.m2/repository/org/apache/ozone/ozone-s3gateway/1.3.0-SNAPSHOT/ozone-s3gateway-1.3.0-SNAPSHOT.jar:/home/runner/.m2/repository/org/javassist/javassist/3.21.0-GA/javassist-3.21.0-GA.jar:/home/runner/.m2/repository/org/jboss/weld/servlet/weld-servlet/2.4.7.Final/weld-servlet-2.4.7.Final.jar:/home/runner/.m2/repository/org/glassfish/jersey/containers/jersey-container-servlet-core/2.33/jersey-container-servlet-core-2.33.jar:/home/runner/.m2/repository/org/glassfish/hk2/external/jakarta.inject/2.6.1/jakarta.inject-2.6.1.jar:/home/runner/.m2/repository/org/glassfish/jersey/core/jersey-common/2.33/jersey-common-2.33.jar:/home/runner/.m2/repository/jakarta/ws/rs/jakarta.ws.rs-api/2.1.6/jakarta.ws.rs-api-2.1.6.jar:/home/runner/.m2/repository/org/glassfish/jersey/ext/cdi/jersey-cdi1x/2.33/jersey-cdi1x-2.33.jar:/home/runner/.m2/repository/org/glassfish/jersey/inject/jersey-hk2/2.33/jersey-hk2-2.33.jar:/home/runner/.m2/repository/org/glassfish/hk2/hk2-locator/2.6.1/hk2-locator-2.6.1.jar:/home/runner/.m2/repository/org/glassfish/jersey/media/jersey-media-jaxb/2.33/jersey-media-jaxb-2.33.jar:/home/runner/.m2/repository/org/glassfish/hk2/osgi-resource-locator/1.0.3/osgi-resource-locator-1.0.3.jar:/home/runner/.m2/repository/org/glassfish/hk2/hk2-api/2.5.0/hk2-api-2.5.0.jar:/home/runner/.m2/repository/org/glassfish/hk2/hk2-utils/2.5.0/hk2-utils-2.5.0.jar:/home/runner/.m2/repository/org/glassfish/hk2/external/aopalliance-repackaged/2.5.0/aopalliance-repackaged-2.5.0.jar:/home/runner/.m2/repository/com/fasterxml/jackson/dataformat/jackson-dataformat-xml/2.12.1/jackson-dataformat-xml-2.12.1.jar:/home/runner/.m2/repository/com/fasterxml/jackson/core/jackson-core/2.12.1/jackson-core-2.12.1.jar:/home/runner/.m2/repository/com/fasterxml/jackson/module/jackson-module-jaxb-annotations/2.12.1/jackson-module-jaxb-annotations-2.12.1.jar:/home/runner/.m2/repository/jakarta/xml/bind/jakarta.xml.bind-api/2.3.2/jakarta.xml.bind-api-2.3.2.jar:/home/runner/.m2/repository/org/codehaus/woodstox/stax2-api/3.1.4/stax2-api-3.1.4.jar:/home/runner/.m2/repository/com/fasterxml/woodstox/woodstox-core/5.0.3/woodstox-core-5.0.3.jar:/home/runner/.m2/repository/javax/enterprise/cdi-api/1.2/cdi-api-1.2.jar:/home/runner/.m2/repository/javax/el/javax.el-api/3.0.0/javax.el-api-3.0.0.jar:/home/runner/.m2/repository/javax/interceptor/javax.interceptor-api/1.2/javax.interceptor-api-1.2.jar:/home/runner/.m2/repository/javax/inject/javax.inject/1/javax.inject-1.jar:/home/runner/.m2/repository/javax/xml/bind/jaxb-api/2.3.0/jaxb-api-2.3.0.jar:/home/runner/.m2/repository/org/glassfish/jaxb/jaxb-runtime/2.3.0.1/jaxb-runtime-2.3.0.1.jar:/home/runner/.m2/repository/org/glassfish/jaxb/jaxb-core/2.3.0.1/jaxb-core-2.3.0.1.jar:/home/runner/.m2/repository/org/glassfish/jaxb/txw2/2.3.0.1/txw2-2.3.0.1.jar:/home/runner/.m2/repository/com/sun/istack/istack-commons-runtime/3.0.5/istack-commons-runtime-3.0.5.jar:/home/runner/.m2/repository/org/jvnet/staxex/stax-ex/1.7.8/stax-ex-1.7.8.jar:/home/runner/.m2/repository/com/sun/xml/fastinfoset/FastInfoset/1.2.13/FastInfoset-1.2.13.jar:/home/runner/.m2/repository/javax/activation/activation/1.1.1/activation-1.1.1.jar:/home/runner/.m2/repository/org/apache/ozone/ozone-csi/1.3.0-SNAPSHOT/ozone-csi-1.3.0-SNAPSHOT.jar:/home/runner/.m2/repository/com/google/protobuf/protobuf-java-util/3.12.0/protobuf-java-util-3.12.0.jar:/home/runner/.m2/repository/com/google/code/gson/gson/2.2.4/gson-2.2.4.jar:/home/runner/.m2/repository/org/apache/ozone/hdds-config/1.3.0-SNAPSHOT/hdds-config-1.3.0-SNAPSHOT.jar:/home/runner/.m2/repository/io/grpc/grpc-netty/1.33.0/grpc-netty-1.33.0.jar:/home/runner/.m2/repository/io/grpc/grpc-core/1.33.0/grpc-core-1.33.0.jar:/home/runner/.m2/repository/com/google/android/annotations/4.1.1.4/annotations-4.1.1.4.jar:/home/runner/.m2/repository/io/netty/netty-codec-http2/4.1.63.Final/netty-codec-http2-4.1.63.Final.jar:/home/runner/.m2/repository/io/netty/netty-codec-http/4.1.63.Final/netty-codec-http-4.1.63.Final.jar:/home/runner/.m2/repository/io/netty/netty-handler-proxy/4.1.63.Final/netty-handler-proxy-4.1.63.Final.jar:/home/runner/.m2/repository/io/netty/netty-codec-socks/4.1.63.Final/netty-codec-socks-4.1.63.Final.jar:/home/runner/.m2/repository/io/perfmark/perfmark-api/0.19.0/perfmark-api-0.19.0.jar:/home/runner/.m2/repository/org/codehaus/mojo/animal-sniffer-annotations/1.18/animal-sniffer-annotations-1.18.jar:/home/runner/.m2/repository/io/netty/netty-transport-native-epoll/4.1.63.Final/netty-transport-native-epoll-4.1.63.Final.jar:/home/runner/.m2/repository/io/netty/netty-common/4.1.63.Final/netty-common-4.1.63.Final.jar:/home/runner/.m2/repository/io/netty/netty-buffer/4.1.63.Final/netty-buffer-4.1.63.Final.jar:/home/runner/.m2/repository/io/netty/netty-transport-native-unix-common/4.1.63.Final/netty-transport-native-unix-common-4.1.63.Final.jar:/home/runner/.m2/repository/io/grpc/grpc-protobuf/1.33.0/grpc-protobuf-1.33.0.jar:/home/runner/.m2/repository/io/grpc/grpc-api/1.33.0/grpc-api-1.33.0.jar:/home/runner/.m2/repository/io/grpc/grpc-context/1.33.0/grpc-context-1.33.0.jar:/home/runner/.m2/repository/com/google/api/grpc/proto-google-common-protos/1.17.0/proto-google-common-protos-1.17.0.jar:/home/runner/.m2/repository/io/grpc/grpc-protobuf-lite/1.33.0/grpc-protobuf-lite-1.33.0.jar:/home/runner/.m2/repository/io/grpc/grpc-stub/1.33.0/grpc-stub-1.33.0.jar:/home/runner/.m2/repository/org/apache/ozone/ozone-recon/1.3.0-SNAPSHOT/ozone-recon-1.3.0-SNAPSHOT.jar:/home/runner/.m2/repository/org/apache/ozone/ozone-reconcodegen/1.3.0-SNAPSHOT/ozone-reconcodegen-1.3.0-SNAPSHOT.jar:/home/runner/.m2/repository/com/google/inject/extensions/guice-multibindings/4.0/guice-multibindings-4.0.jar:/home/runner/.m2/repository/com/google/inject/guice/4.0/guice-4.0.jar:/home/runner/.m2/repository/aopalliance/aopalliance/1.0/aopalliance-1.0.jar:/home/runner/.m2/repository/com/google/inject/extensions/guice-assistedinject/4.0/guice-assistedinject-4.0.jar:/home/runner/.m2/repository/com/google/inject/extensions/guice-servlet/4.0/guice-servlet-4.0.jar:/home/runner/.m2/repository/org/glassfish/jersey/containers/jersey-container-servlet/2.33/jersey-container-servlet-2.33.jar:/home/runner/.m2/repository/org/glassfish/hk2/guice-bridge/2.5.0/guice-bridge-2.5.0.jar:/home/runner/.m2/repository/org/glassfish/jersey/core/jersey-server/2.33/jersey-server-2.33.jar:/home/runner/.m2/repository/org/glassfish/jersey/core/jersey-client/2.33/jersey-client-2.33.jar:/home/runner/.m2/repository/jakarta/annotation/jakarta.annotation-api/1.3.5/jakarta.annotation-api-1.3.5.jar:/home/runner/.m2/repository/jakarta/validation/jakarta.validation-api/2.0.2/jakarta.validation-api-2.0.2.jar:/home/runner/.m2/repository/org/glassfish/jersey/media/jersey-media-json-jackson/2.33/jersey-media-json-jackson-2.33.jar:/home/runner/.m2/repository/org/glassfish/jersey/ext/jersey-entity-filtering/2.33/jersey-entity-filtering-2.33.jar:/home/runner/.m2/repository/org/jooq/jooq/3.11.10/jooq-3.11.10.jar:/home/runner/.m2/repository/org/jooq/jooq-meta/3.11.10/jooq-meta-3.11.10.jar:/home/runner/.m2/repository/org/jooq/jooq-codegen/3.11.10/jooq-codegen-3.11.10.jar:/home/runner/.m2/repository/com/jolbox/bonecp/0.8.0.RELEASE/bonecp-0.8.0.RELEASE.jar:/home/runner/.m2/repository/org/apache/derby/derby/10.14.2.0/derby-10.14.2.0.jar:/home/runner/.m2/repository/org/xerial/sqlite-jdbc/3.25.2/sqlite-jdbc-3.25.2.jar:/home/runner/.m2/repository/org/springframework/spring-jdbc/5.2.18.RELEASE/spring-jdbc-5.2.18.RELEASE.jar:/home/runner/.m2/repository/org/springframework/spring-beans/5.2.18.RELEASE/spring-beans-5.2.18.RELEASE.jar:/home/runner/.m2/repository/org/springframework/spring-core/5.2.18.RELEASE/spring-core-5.2.18.RELEASE.jar:/home/runner/.m2/repository/org/springframework/spring-jcl/5.2.18.RELEASE/spring-jcl-5.2.18.RELEASE.jar:/home/runner/.m2/repository/org/springframework/spring-tx/5.2.18.RELEASE/spring-tx-5.2.18.RELEASE.jar:/home/runner/.m2/repository/org/apache/ozone/ozone-client/1.3.0-SNAPSHOT/ozone-client-1.3.0-SNAPSHOT.jar:/home/runner/.m2/repository/org/apache/ozone/ozone-filesystem/1.3.0-SNAPSHOT/ozone-filesystem-1.3.0-SNAPSHOT.jar:/home/runner/.m2/repository/org/apache/ozone/ozone-filesystem-common/1.3.0-SNAPSHOT/ozone-filesystem-common-1.3.0-SNAPSHOT.jar:/home/runner/.m2/repository/org/apache/ozone/ozone-tools/1.3.0-SNAPSHOT/ozone-tools-1.3.0-SNAPSHOT.jar:/home/runner/.m2/repository/org/apache/ratis/ratis-tools/2.2.0/ratis-tools-2.2.0.jar:/home/runner/.m2/repository/com/amazonaws/aws-java-sdk-core/1.12.124/aws-java-sdk-core-1.12.124.jar:/home/runner/.m2/repository/org/apache/httpcomponents/httpclient/4.5.13/httpclient-4.5.13.jar:/home/runner/.m2/repository/org/apache/httpcomponents/httpcore/4.4.13/httpcore-4.4.13.jar:/home/runner/.m2/repository/software/amazon/ion/ion-java/1.0.2/ion-java-1.0.2.jar:/home/runner/.m2/repository/com/fasterxml/jackson/dataformat/jackson-dataformat-cbor/2.12.1/jackson-dataformat-cbor-2.12.1.jar:/home/runner/.m2/repository/joda-time/joda-time/2.8.1/joda-time-2.8.1.jar:/home/runner/.m2/repository/com/amazonaws/aws-java-sdk-s3/1.12.124/aws-java-sdk-s3-1.12.124.jar:/home/runner/.m2/repository/com/amazonaws/aws-java-sdk-kms/1.12.124/aws-java-sdk-kms-1.12.124.jar:/home/runner/.m2/repository/com/amazonaws/jmespath-java/1.12.124/jmespath-java-1.12.124.jar:/home/runner/.m2/repository/org/kohsuke/metainf-services/metainf-services/1.8/metainf-services-1.8.jar:/home/runner/.m2/repository/org/apache/ozone/hdds-tools/1.3.0-SNAPSHOT/hdds-tools-1.3.0-SNAPSHOT.jar:/home/runner/.m2/repository/commons-cli/commons-cli/1.2/commons-cli-1.2.jar:/home/runner/.m2/repository/org/apache/commons/commons-lang3/3.7/commons-lang3-3.7.jar:/home/runner/.m2/repository/org/apache/ozone/ozone-manager/1.3.0-SNAPSHOT/ozone-manager-1.3.0-SNAPSHOT-tests.jar:/home/runner/.m2/repository/org/apache/ozone/hdds-common/1.3.0-SNAPSHOT/hdds-common-1.3.0-SNAPSHOT-tests.jar:/home/runner/.m2/repository/org/apache/ozone/hdds-hadoop-dependency-client/1.3.0-SNAPSHOT/hdds-hadoop-dependency-client-1.3.0-SNAPSHOT.jar:/home/runner/.m2/repository/info/picocli/picocli/4.6.1/picocli-4.6.1.jar:/home/runner/.m2/repository/com/fasterxml/jackson/core/jackson-annotations/2.12.1/jackson-annotations-2.12.1.jar:/home/runner/.m2/repository/javax/annotation/javax.annotation-api/1.2/javax.annotation-api-1.2.jar:/home/runner/.m2/repository/org/apache/ratis/ratis-server/2.2.0/ratis-server-2.2.0.jar:/home/runner/.m2/repository/org/apache/ratis/ratis-client/2.2.0/ratis-client-2.2.0.jar:/home/runner/.m2/repository/org/apache/ratis/ratis-server-api/2.2.0/ratis-server-api-2.2.0.jar:/home/runner/.m2/repository/org/apache/ratis/ratis-metrics/2.2.0/ratis-metrics-2.2.0.jar:/home/runner/.m2/repository/org/apache/ratis/ratis-netty/2.2.0/ratis-netty-2.2.0.jar:/home/runner/.m2/repository/org/apache/ratis/ratis-grpc/2.2.0/ratis-grpc-2.2.0.jar:/home/runner/.m2/repository/org/apache/logging/log4j/log4j-api/2.17.1/log4j-api-2.17.1.jar:/home/runner/.m2/repository/org/apache/commons/commons-pool2/2.6.0/commons-pool2-2.6.0.jar:/home/runner/.m2/repository/org/bouncycastle/bcpkix-jdk15on/1.67/bcpkix-jdk15on-1.67.jar:/home/runner/.m2/repository/commons-validator/commons-validator/1.6/commons-validator-1.6.jar:/home/runner/.m2/repository/commons-beanutils/commons-beanutils/1.9.4/commons-beanutils-1.9.4.jar:/home/runner/.m2/repository/commons-digester/commons-digester/1.8.1/commons-digester-1.8.1.jar:/home/runner/.m2/repository/commons-collections/commons-collections/3.2.2/commons-collections-3.2.2.jar:/home/runner/.m2/repository/io/jaegertracing/jaeger-client/1.6.0/jaeger-client-1.6.0.jar:/home/runner/.m2/repository/io/jaegertracing/jaeger-thrift/1.6.0/jaeger-thrift-1.6.0.jar:/home/runner/.m2/repository/org/apache/thrift/libthrift/0.14.1/libthrift-0.14.1.jar:/home/runner/.m2/repository/com/squareup/okhttp3/okhttp/4.9.0/okhttp-4.9.0.jar:/home/runner/.m2/repository/com/squareup/okio/okio/2.8.0/okio-2.8.0.jar:/home/runner/.m2/repository/io/jaegertracing/jaeger-core/1.6.0/jaeger-core-1.6.0.jar:/home/runner/.m2/repository/io/jaegertracing/jaeger-tracerresolver/1.6.0/jaeger-tracerresolver-1.6.0.jar:/home/runner/.m2/repository/io/opentracing/contrib/opentracing-tracerresolver/0.1.8/opentracing-tracerresolver-0.1.8.jar:/home/runner/.m2/repository/org/jetbrains/kotlin/kotlin-stdlib/1.4.31/kotlin-stdlib-1.4.31.jar:/home/runner/.m2/repository/org/jetbrains/kotlin/kotlin-stdlib-common/1.4.31/kotlin-stdlib-common-1.4.31.jar:/home/runner/.m2/repository/org/jetbrains/annotations/13.0/annotations-13.0.jar:/home/runner/.m2/repository/io/opentracing/opentracing-util/0.33.0/opentracing-util-0.33.0.jar:/home/runner/.m2/repository/io/opentracing/opentracing-api/0.33.0/opentracing-api-0.33.0.jar:/home/runner/.m2/repository/io/opentracing/opentracing-noop/0.33.0/opentracing-noop-0.33.0.jar:/home/runner/.m2/repository/org/yaml/snakeyaml/1.26/snakeyaml-1.26.jar:/home/runner/.m2/repository/org/apache/ozone/hdds-interface-admin/1.3.0-SNAPSHOT/hdds-interface-admin-1.3.0-SNAPSHOT.jar:/home/runner/.m2/repository/junit/junit/4.13.1/junit-4.13.1.jar:/home/runner/.m2/repository/org/hamcrest/hamcrest-core/1.3/hamcrest-core-1.3.jar:/home/runner/.m2/repository/org/junit/jupiter/junit-jupiter-api/5.7.0/junit-jupiter-api-5.7.0.jar:/home/runner/.m2/repository/org/apiguardian/apiguardian-api/1.1.0/apiguardian-api-1.1.0.jar:/home/runner/.m2/repository/org/opentest4j/opentest4j/1.2.0/opentest4j-1.2.0.jar:/home/runner/.m2/repository/org/junit/platform/junit-platform-commons/1.7.0/junit-platform-commons-1.7.0.jar:/home/runner/.m2/repository/org/junit/jupiter/junit-jupiter-engine/5.7.0/junit-jupiter-engine-5.7.0.jar:/home/runner/.m2/repository/org/junit/platform/junit-platform-engine/1.7.0/junit-platform-engine-1.7.0.jar:/home/runner/.m2/repository/org/junit/vintage/junit-vintage-engine/5.7.0/junit-vintage-engine-5.7.0.jar:/home/runner/.m2/repository/org/junit/platform/junit-platform-launcher/1.7.0/junit-platform-launcher-1.7.0.jar:/home/runner/.m2/repository/org/mockito/mockito-core/2.28.2/mockito-core-2.28.2.jar:/home/runner/.m2/repository/net/bytebuddy/byte-buddy/1.9.10/byte-buddy-1.9.10.jar:/home/runner/.m2/repository/net/bytebuddy/byte-buddy-agent/1.9.10/byte-buddy-agent-1.9.10.jar:/home/runner/.m2/repository/org/objenesis/objenesis/1.0/objenesis-1.0.jar:/home/runner/.m2/repository/org/apache/hadoop/hadoop-kms/3.3.1/hadoop-kms-3.3.1.jar:/home/runner/.m2/repository/org/apache/hadoop/hadoop-auth/3.3.1/hadoop-auth-3.3.1.jar:/home/runner/.m2/repository/com/nimbusds/nimbus-jose-jwt/7.9/nimbus-jose-jwt-7.9.jar:/home/runner/.m2/repository/com/github/stephenc/jcip/jcip-annotations/1.0-1/jcip-annotations-1.0-1.jar:/home/runner/.m2/repository/net/minidev/json-smart/2.4.7/json-smart-2.4.7.jar:/home/runner/.m2/repository/net/minidev/accessors-smart/2.4.7/accessors-smart-2.4.7.jar:/home/runner/.m2/repository/org/ow2/asm/asm/5.0.4/asm-5.0.4.jar:/home/runner/.m2/repository/org/apache/zookeeper/zookeeper/3.5.6/zookeeper-3.5.6.jar:/home/runner/.m2/repository/org/apache/zookeeper/zookeeper-jute/3.5.6/zookeeper-jute-3.5.6.jar:/home/runner/.m2/repository/org/apache/yetus/audience-annotations/0.5.0/audience-annotations-0.5.0.jar:/home/runner/.m2/repository/org/apache/curator/curator-framework/4.2.0/curator-framework-4.2.0.jar:/home/runner/.m2/repository/org/apache/hadoop/thirdparty/hadoop-shaded-guava/1.1.1/hadoop-shaded-guava-1.1.1.jar:/home/runner/.m2/repository/com/sun/jersey/jersey-core/1.19/jersey-core-1.19.jar:/home/runner/.m2/repository/javax/ws/rs/jsr311-api/1.1.1/jsr311-api-1.1.1.jar:/home/runner/.m2/repository/com/sun/jersey/jersey-server/1.19/jersey-server-1.19.jar:/home/runner/.m2/repository/javax/servlet/javax.servlet-api/3.1.0/javax.servlet-api-3.1.0.jar:/home/runner/.m2/repository/org/eclipse/jetty/jetty-server/9.4.43.v20210629/jetty-server-9.4.43.v20210629.jar:/home/runner/.m2/repository/org/eclipse/jetty/jetty-http/9.4.43.v20210629/jetty-http-9.4.43.v20210629.jar:/home/runner/.m2/repository/org/eclipse/jetty/jetty-io/9.4.43.v20210629/jetty-io-9.4.43.v20210629.jar:/home/runner/.m2/repository/org/eclipse/jetty/jetty-webapp/9.4.43.v20210629/jetty-webapp-9.4.43.v20210629.jar:/home/runner/.m2/repository/org/eclipse/jetty/jetty-xml/9.4.43.v20210629/jetty-xml-9.4.43.v20210629.jar:/home/runner/.m2/repository/org/apache/hadoop/hadoop-common/3.3.1/hadoop-common-3.3.1.jar:/home/runner/.m2/repository/org/apache/commons/commons-math3/3.1.1/commons-math3-3.1.1.jar:/home/runner/.m2/repository/commons-net/commons-net/3.6/commons-net-3.6.jar:/home/runner/.m2/repository/jakarta/activation/jakarta.activation-api/1.2.1/jakarta.activation-api-1.2.1.jar:/home/runner/.m2/repository/com/sun/jersey/jersey-servlet/1.19/jersey-servlet-1.19.jar:/home/runner/.m2/repository/com/sun/jersey/jersey-json/1.19/jersey-json-1.19.jar:/home/runner/.m2/repository/org/codehaus/jettison/jettison/1.1/jettison-1.1.jar:/home/runner/.m2/repository/com/sun/xml/bind/jaxb-impl/2.2.3-1/jaxb-impl-2.2.3-1.jar:/home/runner/.m2/repository/org/codehaus/jackson/jackson-jaxrs/1.9.2/jackson-jaxrs-1.9.2.jar:/home/runner/.m2/repository/org/codehaus/jackson/jackson-xc/1.9.2/jackson-xc-1.9.2.jar:/home/runner/.m2/repository/org/apache/commons/commons-configuration2/2.1.1/commons-configuration2-2.1.1.jar:/home/runner/.m2/repository/org/apache/commons/commons-text/1.4/commons-text-1.4.jar:/home/runner/.m2/repository/com/google/re2j/re2j/1.1/re2j-1.1.jar:/home/runner/.m2/repository/com/jcraft/jsch/0.1.54/jsch-0.1.54.jar:/home/runner/.m2/repository/org/apache/curator/curator-client/4.2.0/curator-client-4.2.0.jar:/home/runner/.m2/repository/org/apache/curator/curator-recipes/4.2.0/curator-recipes-4.2.0.jar:/home/runner/.m2/repository/org/apache/kerby/kerb-core/1.0.1/kerb-core-1.0.1.jar:/home/runner/.m2/repository/org/apache/kerby/kerby-pkix/1.0.1/kerby-pkix-1.0.1.jar:/home/runner/.m2/repository/org/apache/kerby/kerby-asn1/1.0.1/kerby-asn1-1.0.1.jar:/home/runner/.m2/repository/org/apache/kerby/kerby-util/1.0.1/kerby-util-1.0.1.jar:/home/runner/.m2/repository/dnsjava/dnsjava/2.1.7/dnsjava-2.1.7.jar:/home/runner/.m2/repository/org/xerial/snappy/snappy-java/1.1.8.2/snappy-java-1.1.8.2.jar:/home/runner/.m2/repository/org/slf4j/jul-to-slf4j/1.7.30/jul-to-slf4j-1.7.30.jar:/home/runner/.m2/repository/org/eclipse/jetty/jetty-util/9.4.43.v20210629/jetty-util-9.4.43.v20210629.jar:/home/runner/.m2/repository/com/fasterxml/jackson/core/jackson-databind/2.12.1/jackson-databind-2.12.1.jar:/home/runner/.m2/repository/org/apache/hadoop/hadoop-kms/3.3.1/hadoop-kms-3.3.1-tests.jar:/home/runner/.m2/repository/org/apache/ozone/hdds-server-scm/1.3.0-SNAPSHOT/hdds-server-scm-1.3.0-SNAPSHOT-tests.jar:/home/runner/.m2/repository/org/apache/ozone/hdds-container-service/1.3.0-SNAPSHOT/hdds-container-service-1.3.0-SNAPSHOT-tests.jar:/home/runner/.m2/repository/commons-codec/commons-codec/1.11/commons-codec-1.11.jar:/home/runner/.m2/repository/io/netty/netty-transport/4.1.63.Final/netty-transport-4.1.63.Final.jar:/home/runner/.m2/repository/io/netty/netty-resolver/4.1.63.Final/netty-resolver-4.1.63.Final.jar:/home/runner/.m2/repository/io/netty/netty-codec/4.1.63.Final/netty-codec-4.1.63.Final.jar:/home/runner/.m2/repository/io/netty/netty-handler/4.1.63.Final/netty-handler-4.1.63.Final.jar:/home/runner/.m2/repository/org/apache/ozone/hdds-hadoop-dependency-test/1.3.0-SNAPSHOT/hdds-hadoop-dependency-test-1.3.0-SNAPSHOT.jar:/home/runner/.m2/repository/org/apache/hadoop/hadoop-common/3.3.1/hadoop-common-3.3.1-tests.jar:/home/runner/.m2/repository/org/assertj/assertj-core/3.12.2/assertj-core-3.12.2.jar:/home/runner/.m2/repository/org/apache/hadoop/hadoop-hdfs/3.3.1/hadoop-hdfs-3.3.1-tests.jar:/home/runner/.m2/repository/org/eclipse/jetty/jetty-util-ajax/9.4.43.v20210629/jetty-util-ajax-9.4.43.v20210629.jar:/home/runner/.m2/repository/commons-daemon/commons-daemon/1.0.13/commons-daemon-1.0.13.jar:/home/runner/.m2/repository/io/netty/netty/3.10.6.Final/netty-3.10.6.Final.jar:/home/runner/.m2/repository/io/netty/netty-all/4.1.63.Final/netty-all-4.1.63.Final.jar:/home/runner/.m2/repository/org/apache/htrace/htrace-core4/4.1.0-incubating/htrace-core4-4.1.0-incubating.jar:/home/runner/.m2/repository/org/fusesource/leveldbjni/leveldbjni-all/1.8/leveldbjni-all-1.8.jar:/home/runner/.m2/repository/org/apache/hadoop/hadoop-distcp/3.3.1/hadoop-distcp-3.3.1.jar:/home/runner/.m2/repository/org/apache/hadoop/hadoop-mapreduce-client-jobclient/3.3.1/hadoop-mapreduce-client-jobclient-3.3.1.jar:/home/runner/.m2/repository/org/apache/hadoop/hadoop-mapreduce-client-common/3.3.1/hadoop-mapreduce-client-common-3.3.1.jar:/home/runner/.m2/repository/org/apache/hadoop/hadoop-yarn-common/3.3.1/hadoop-yarn-common-3.3.1.jar:/home/runner/.m2/repository/org/apache/hadoop/hadoop-yarn-api/3.3.1/hadoop-yarn-api-3.3.1.jar:/home/runner/.m2/repository/com/sun/jersey/jersey-client/1.19/jersey-client-1.19.jar:/home/runner/.m2/repository/com/sun/jersey/contribs/jersey-guice/1.19/jersey-guice-1.19.jar:/home/runner/.m2/repository/com/fasterxml/jackson/jaxrs/jackson-jaxrs-json-provider/2.12.1/jackson-jaxrs-json-provider-2.12.1.jar:/home/runner/.m2/repository/com/fasterxml/jackson/jaxrs/jackson-jaxrs-base/2.12.1/jackson-jaxrs-base-2.12.1.jar:/home/runner/.m2/repository/org/apache/hadoop/hadoop-yarn-client/3.3.1/hadoop-yarn-client-3.3.1.jar:/home/runner/.m2/repository/org/eclipse/jetty/websocket/websocket-client/9.4.40.v20210413/websocket-client-9.4.40.v20210413.jar:/home/runner/.m2/repository/org/eclipse/jetty/jetty-client/9.4.40.v20210413/jetty-client-9.4.40.v20210413.jar:/home/runner/.m2/repository/org/eclipse/jetty/websocket/websocket-common/9.4.40.v20210413/websocket-common-9.4.40.v20210413.jar:/home/runner/.m2/repository/org/eclipse/jetty/websocket/websocket-api/9.4.40.v20210413/websocket-api-9.4.40.v20210413.jar:/home/runner/.m2/repository/org/jline/jline/3.9.0/jline-3.9.0.jar:/home/runner/.m2/repository/org/apache/hadoop/hadoop-mapreduce-client-core/3.3.1/hadoop-mapreduce-client-core-3.3.1.jar:/home/runner/.m2/repository/org/apache/avro/avro/1.7.7/avro-1.7.7.jar:/home/runner/.m2/repository/org/codehaus/jackson/jackson-core-asl/1.9.13/jackson-core-asl-1.9.13.jar:/home/runner/.m2/repository/org/codehaus/jackson/jackson-mapper-asl/1.9.13/jackson-mapper-asl-1.9.13.jar:/home/runner/.m2/repository/com/thoughtworks/paranamer/paranamer/2.3/paranamer-2.3.jar:/home/runner/.m2/repository/org/apache/hadoop/hadoop-annotations/3.3.1/hadoop-annotations-3.3.1.jar:/usr/lib/jvm/temurin-8-jdk-amd64/jre/../lib/tools.jar:/home/runner/.m2/repository/org/apache/hadoop/hadoop-distcp/3.3.1/hadoop-distcp-3.3.1-tests.jar:/home/runner/.m2/repository/org/apache/ratis/ratis-common/2.2.0/ratis-common-2.2.0.jar:/home/runner/.m2/repository/org/apache/ratis/ratis-thirdparty-misc/0.7.0/ratis-thirdparty-misc-0.7.0.jar:/home/runner/.m2/repository/org/apache/ratis/ratis-proto/2.2.0/ratis-proto-2.2.0.jar:"/>
    <property name="java.vm.vendor" value="Temurin"/>
    <property name="sun.arch.data.model" value="64"/>
    <property name="test.build.dir" value="/home/runner/work/ozone/ozone/hadoop-ozone/integration-test/target/test-dir"/>
    <property name="test.cache.data" value=""/>
    <property name="java.vendor.url" value="https://adoptium.net/"/>
    <property name="user.timezone" value=""/>
    <property name="java.vm.specification.version" value="1.8"/>
    <property name="os.name" value="Linux"/>
    <property name="test.build.data" value="/home/runner/work/ozone/ozone/hadoop-ozone/integration-test/target/test-dir"/>
    <property name="sun.java.launcher" value="SUN_STANDARD"/>
    <property name="sun.boot.library.path" value="/usr/lib/jvm/temurin-8-jdk-amd64/jre/lib/amd64"/>
    <property name="sun.java.command" value="/home/runner/work/ozone/ozone/hadoop-ozone/integration-test/target/surefire/surefirebooter2765633650708849628.jar /home/runner/work/ozone/ozone/hadoop-ozone/integration-test/target/surefire 2022-03-14T11-20-37_273-jvmRun1 surefire3757879340897439644tmp surefire_464460838511945868322tmp"/>
    <property name="surefire.test.class.path" value="/home/runner/work/ozone/ozone/hadoop-ozone/integration-test/target/test-classes:/home/runner/work/ozone/ozone/hadoop-ozone/integration-test/target/classes:/home/runner/.m2/repository/org/apache/ozone/ozone-common/1.3.0-SNAPSHOT/ozone-common-1.3.0-SNAPSHOT.jar:/home/runner/.m2/repository/org/apache/commons/commons-compress/1.21/commons-compress-1.21.jar:/home/runner/.m2/repository/org/apache/ozone/hdds-common/1.3.0-SNAPSHOT/hdds-common-1.3.0-SNAPSHOT.jar:/home/runner/.m2/repository/org/apache/ozone/hdds-client/1.3.0-SNAPSHOT/hdds-client-1.3.0-SNAPSHOT.jar:/home/runner/.m2/repository/org/apache/ozone/ozone-interface-client/1.3.0-SNAPSHOT/ozone-interface-client-1.3.0-SNAPSHOT.jar:/home/runner/.m2/repository/org/apache/ozone/hdds-test-utils/1.3.0-SNAPSHOT/hdds-test-utils-1.3.0-SNAPSHOT.jar:/home/runner/.m2/repository/com/google/guava/guava/30.1.1-jre/guava-30.1.1-jre.jar:/home/runner/.m2/repository/com/google/guava/failureaccess/1.0.1/failureaccess-1.0.1.jar:/home/runner/.m2/repository/com/google/guava/listenablefuture/9999.0-empty-to-avoid-conflict-with-guava/listenablefuture-9999.0-empty-to-avoid-conflict-with-guava.jar:/home/runner/.m2/repository/com/google/code/findbugs/jsr305/3.0.0/jsr305-3.0.0.jar:/home/runner/.m2/repository/org/checkerframework/checker-qual/3.8.0/checker-qual-3.8.0.jar:/home/runner/.m2/repository/com/google/errorprone/error_prone_annotations/2.2.0/error_prone_annotations-2.2.0.jar:/home/runner/.m2/repository/com/google/j2objc/j2objc-annotations/1.3/j2objc-annotations-1.3.jar:/home/runner/.m2/repository/commons-io/commons-io/2.11.0/commons-io-2.11.0.jar:/home/runner/.m2/repository/commons-logging/commons-logging/1.2/commons-logging-1.2.jar:/home/runner/.m2/repository/log4j/log4j/1.2.17/log4j-1.2.17.jar:/home/runner/.m2/repository/org/slf4j/slf4j-api/1.7.30/slf4j-api-1.7.30.jar:/home/runner/.m2/repository/org/apache/ozone/hdds-server-scm/1.3.0-SNAPSHOT/hdds-server-scm-1.3.0-SNAPSHOT.jar:/home/runner/.m2/repository/org/apache/ozone/hdds-container-service/1.3.0-SNAPSHOT/hdds-container-service-1.3.0-SNAPSHOT.jar:/home/runner/.m2/repository/org/apache/ozone/hdds-hadoop-dependency-server/1.3.0-SNAPSHOT/hdds-hadoop-dependency-server-1.3.0-SNAPSHOT.jar:/home/runner/.m2/repository/org/apache/hadoop/hadoop-hdfs/3.3.1/hadoop-hdfs-3.3.1.jar:/home/runner/.m2/repository/org/apache/ozone/hdds-server-framework/1.3.0-SNAPSHOT/hdds-server-framework-1.3.0-SNAPSHOT.jar:/home/runner/.m2/repository/org/apache/ozone/hdds-interface-server/1.3.0-SNAPSHOT/hdds-interface-server-1.3.0-SNAPSHOT.jar:/home/runner/.m2/repository/org/apache/logging/log4j/log4j-core/2.17.1/log4j-core-2.17.1.jar:/home/runner/.m2/repository/com/lmax/disruptor/3.4.2/disruptor-3.4.2.jar:/home/runner/.m2/repository/org/eclipse/jetty/jetty-servlet/9.4.43.v20210629/jetty-servlet-9.4.43.v20210629.jar:/home/runner/.m2/repository/org/eclipse/jetty/jetty-security/9.4.43.v20210629/jetty-security-9.4.43.v20210629.jar:/home/runner/.m2/repository/org/rocksdb/rocksdbjni/6.25.3/rocksdbjni-6.25.3.jar:/home/runner/.m2/repository/io/prometheus/simpleclient_dropwizard/0.7.0/simpleclient_dropwizard-0.7.0.jar:/home/runner/.m2/repository/io/prometheus/simpleclient/0.7.0/simpleclient-0.7.0.jar:/home/runner/.m2/repository/io/prometheus/simpleclient_common/0.7.0/simpleclient_common-0.7.0.jar:/home/runner/.m2/repository/com/fasterxml/jackson/datatype/jackson-datatype-jsr310/2.12.1/jackson-datatype-jsr310-2.12.1.jar:/home/runner/.m2/repository/io/dropwizard/metrics/metrics-core/3.2.4/metrics-core-3.2.4.jar:/home/runner/.m2/repository/org/apache/hadoop/hadoop-hdfs-client/3.3.1/hadoop-hdfs-client-3.3.1.jar:/home/runner/.m2/repository/org/bouncycastle/bcprov-jdk15on/1.67/bcprov-jdk15on-1.67.jar:/home/runner/.m2/repository/com/google/protobuf/protobuf-java/2.5.0/protobuf-java-2.5.0.jar:/home/runner/.m2/repository/org/apache/ozone/ozone-manager/1.3.0-SNAPSHOT/ozone-manager-1.3.0-SNAPSHOT.jar:/home/runner/.m2/repository/org/aspectj/aspectjrt/1.9.7/aspectjrt-1.9.7.jar:/home/runner/.m2/repository/org/aspectj/aspectjweaver/1.9.7/aspectjweaver-1.9.7.jar:/home/runner/.m2/repository/org/apache/ozone/hdds-interface-client/1.3.0-SNAPSHOT/hdds-interface-client-1.3.0-SNAPSHOT.jar:/home/runner/.m2/repository/org/apache/hadoop/thirdparty/hadoop-shaded-protobuf_3_7/1.1.1/hadoop-shaded-protobuf_3_7-1.1.1.jar:/home/runner/.m2/repository/org/apache/ozone/ozone-interface-storage/1.3.0-SNAPSHOT/ozone-interface-storage-1.3.0-SNAPSHOT.jar:/home/runner/.m2/repository/org/reflections/reflections/0.9.11/reflections-0.9.11.jar:/home/runner/.m2/repository/org/apache/hadoop/hadoop-minikdc/3.3.1/hadoop-minikdc-3.3.1.jar:/home/runner/.m2/repository/org/apache/kerby/kerb-simplekdc/1.0.1/kerb-simplekdc-1.0.1.jar:/home/runner/.m2/repository/org/apache/kerby/kerb-client/1.0.1/kerb-client-1.0.1.jar:/home/runner/.m2/repository/org/apache/kerby/kerby-config/1.0.1/kerby-config-1.0.1.jar:/home/runner/.m2/repository/org/apache/kerby/kerb-common/1.0.1/kerb-common-1.0.1.jar:/home/runner/.m2/repository/org/apache/kerby/kerb-crypto/1.0.1/kerb-crypto-1.0.1.jar:/home/runner/.m2/repository/org/apache/kerby/kerb-util/1.0.1/kerb-util-1.0.1.jar:/home/runner/.m2/repository/org/apache/kerby/token-provider/1.0.1/token-provider-1.0.1.jar:/home/runner/.m2/repository/org/apache/kerby/kerb-admin/1.0.1/kerb-admin-1.0.1.jar:/home/runner/.m2/repository/org/apache/kerby/kerb-server/1.0.1/kerb-server-1.0.1.jar:/home/runner/.m2/repository/org/apache/kerby/kerb-identity/1.0.1/kerb-identity-1.0.1.jar:/home/runner/.m2/repository/org/apache/kerby/kerby-xdr/1.0.1/kerby-xdr-1.0.1.jar:/home/runner/.m2/repository/org/slf4j/slf4j-log4j12/1.7.30/slf4j-log4j12-1.7.30.jar:/home/runner/.m2/repository/org/apache/ozone/ozone-s3gateway/1.3.0-SNAPSHOT/ozone-s3gateway-1.3.0-SNAPSHOT.jar:/home/runner/.m2/repository/org/javassist/javassist/3.21.0-GA/javassist-3.21.0-GA.jar:/home/runner/.m2/repository/org/jboss/weld/servlet/weld-servlet/2.4.7.Final/weld-servlet-2.4.7.Final.jar:/home/runner/.m2/repository/org/glassfish/jersey/containers/jersey-container-servlet-core/2.33/jersey-container-servlet-core-2.33.jar:/home/runner/.m2/repository/org/glassfish/hk2/external/jakarta.inject/2.6.1/jakarta.inject-2.6.1.jar:/home/runner/.m2/repository/org/glassfish/jersey/core/jersey-common/2.33/jersey-common-2.33.jar:/home/runner/.m2/repository/jakarta/ws/rs/jakarta.ws.rs-api/2.1.6/jakarta.ws.rs-api-2.1.6.jar:/home/runner/.m2/repository/org/glassfish/jersey/ext/cdi/jersey-cdi1x/2.33/jersey-cdi1x-2.33.jar:/home/runner/.m2/repository/org/glassfish/jersey/inject/jersey-hk2/2.33/jersey-hk2-2.33.jar:/home/runner/.m2/repository/org/glassfish/hk2/hk2-locator/2.6.1/hk2-locator-2.6.1.jar:/home/runner/.m2/repository/org/glassfish/jersey/media/jersey-media-jaxb/2.33/jersey-media-jaxb-2.33.jar:/home/runner/.m2/repository/org/glassfish/hk2/osgi-resource-locator/1.0.3/osgi-resource-locator-1.0.3.jar:/home/runner/.m2/repository/org/glassfish/hk2/hk2-api/2.5.0/hk2-api-2.5.0.jar:/home/runner/.m2/repository/org/glassfish/hk2/hk2-utils/2.5.0/hk2-utils-2.5.0.jar:/home/runner/.m2/repository/org/glassfish/hk2/external/aopalliance-repackaged/2.5.0/aopalliance-repackaged-2.5.0.jar:/home/runner/.m2/repository/com/fasterxml/jackson/dataformat/jackson-dataformat-xml/2.12.1/jackson-dataformat-xml-2.12.1.jar:/home/runner/.m2/repository/com/fasterxml/jackson/core/jackson-core/2.12.1/jackson-core-2.12.1.jar:/home/runner/.m2/repository/com/fasterxml/jackson/module/jackson-module-jaxb-annotations/2.12.1/jackson-module-jaxb-annotations-2.12.1.jar:/home/runner/.m2/repository/jakarta/xml/bind/jakarta.xml.bind-api/2.3.2/jakarta.xml.bind-api-2.3.2.jar:/home/runner/.m2/repository/org/codehaus/woodstox/stax2-api/3.1.4/stax2-api-3.1.4.jar:/home/runner/.m2/repository/com/fasterxml/woodstox/woodstox-core/5.0.3/woodstox-core-5.0.3.jar:/home/runner/.m2/repository/javax/enterprise/cdi-api/1.2/cdi-api-1.2.jar:/home/runner/.m2/repository/javax/el/javax.el-api/3.0.0/javax.el-api-3.0.0.jar:/home/runner/.m2/repository/javax/interceptor/javax.interceptor-api/1.2/javax.interceptor-api-1.2.jar:/home/runner/.m2/repository/javax/inject/javax.inject/1/javax.inject-1.jar:/home/runner/.m2/repository/javax/xml/bind/jaxb-api/2.3.0/jaxb-api-2.3.0.jar:/home/runner/.m2/repository/org/glassfish/jaxb/jaxb-runtime/2.3.0.1/jaxb-runtime-2.3.0.1.jar:/home/runner/.m2/repository/org/glassfish/jaxb/jaxb-core/2.3.0.1/jaxb-core-2.3.0.1.jar:/home/runner/.m2/repository/org/glassfish/jaxb/txw2/2.3.0.1/txw2-2.3.0.1.jar:/home/runner/.m2/repository/com/sun/istack/istack-commons-runtime/3.0.5/istack-commons-runtime-3.0.5.jar:/home/runner/.m2/repository/org/jvnet/staxex/stax-ex/1.7.8/stax-ex-1.7.8.jar:/home/runner/.m2/repository/com/sun/xml/fastinfoset/FastInfoset/1.2.13/FastInfoset-1.2.13.jar:/home/runner/.m2/repository/javax/activation/activation/1.1.1/activation-1.1.1.jar:/home/runner/.m2/repository/org/apache/ozone/ozone-csi/1.3.0-SNAPSHOT/ozone-csi-1.3.0-SNAPSHOT.jar:/home/runner/.m2/repository/com/google/protobuf/protobuf-java-util/3.12.0/protobuf-java-util-3.12.0.jar:/home/runner/.m2/repository/com/google/code/gson/gson/2.2.4/gson-2.2.4.jar:/home/runner/.m2/repository/org/apache/ozone/hdds-config/1.3.0-SNAPSHOT/hdds-config-1.3.0-SNAPSHOT.jar:/home/runner/.m2/repository/io/grpc/grpc-netty/1.33.0/grpc-netty-1.33.0.jar:/home/runner/.m2/repository/io/grpc/grpc-core/1.33.0/grpc-core-1.33.0.jar:/home/runner/.m2/repository/com/google/android/annotations/4.1.1.4/annotations-4.1.1.4.jar:/home/runner/.m2/repository/io/netty/netty-codec-http2/4.1.63.Final/netty-codec-http2-4.1.63.Final.jar:/home/runner/.m2/repository/io/netty/netty-codec-http/4.1.63.Final/netty-codec-http-4.1.63.Final.jar:/home/runner/.m2/repository/io/netty/netty-handler-proxy/4.1.63.Final/netty-handler-proxy-4.1.63.Final.jar:/home/runner/.m2/repository/io/netty/netty-codec-socks/4.1.63.Final/netty-codec-socks-4.1.63.Final.jar:/home/runner/.m2/repository/io/perfmark/perfmark-api/0.19.0/perfmark-api-0.19.0.jar:/home/runner/.m2/repository/org/codehaus/mojo/animal-sniffer-annotations/1.18/animal-sniffer-annotations-1.18.jar:/home/runner/.m2/repository/io/netty/netty-transport-native-epoll/4.1.63.Final/netty-transport-native-epoll-4.1.63.Final.jar:/home/runner/.m2/repository/io/netty/netty-common/4.1.63.Final/netty-common-4.1.63.Final.jar:/home/runner/.m2/repository/io/netty/netty-buffer/4.1.63.Final/netty-buffer-4.1.63.Final.jar:/home/runner/.m2/repository/io/netty/netty-transport-native-unix-common/4.1.63.Final/netty-transport-native-unix-common-4.1.63.Final.jar:/home/runner/.m2/repository/io/grpc/grpc-protobuf/1.33.0/grpc-protobuf-1.33.0.jar:/home/runner/.m2/repository/io/grpc/grpc-api/1.33.0/grpc-api-1.33.0.jar:/home/runner/.m2/repository/io/grpc/grpc-context/1.33.0/grpc-context-1.33.0.jar:/home/runner/.m2/repository/com/google/api/grpc/proto-google-common-protos/1.17.0/proto-google-common-protos-1.17.0.jar:/home/runner/.m2/repository/io/grpc/grpc-protobuf-lite/1.33.0/grpc-protobuf-lite-1.33.0.jar:/home/runner/.m2/repository/io/grpc/grpc-stub/1.33.0/grpc-stub-1.33.0.jar:/home/runner/.m2/repository/org/apache/ozone/ozone-recon/1.3.0-SNAPSHOT/ozone-recon-1.3.0-SNAPSHOT.jar:/home/runner/.m2/repository/org/apache/ozone/ozone-reconcodegen/1.3.0-SNAPSHOT/ozone-reconcodegen-1.3.0-SNAPSHOT.jar:/home/runner/.m2/repository/com/google/inject/extensions/guice-multibindings/4.0/guice-multibindings-4.0.jar:/home/runner/.m2/repository/com/google/inject/guice/4.0/guice-4.0.jar:/home/runner/.m2/repository/aopalliance/aopalliance/1.0/aopalliance-1.0.jar:/home/runner/.m2/repository/com/google/inject/extensions/guice-assistedinject/4.0/guice-assistedinject-4.0.jar:/home/runner/.m2/repository/com/google/inject/extensions/guice-servlet/4.0/guice-servlet-4.0.jar:/home/runner/.m2/repository/org/glassfish/jersey/containers/jersey-container-servlet/2.33/jersey-container-servlet-2.33.jar:/home/runner/.m2/repository/org/glassfish/hk2/guice-bridge/2.5.0/guice-bridge-2.5.0.jar:/home/runner/.m2/repository/org/glassfish/jersey/core/jersey-server/2.33/jersey-server-2.33.jar:/home/runner/.m2/repository/org/glassfish/jersey/core/jersey-client/2.33/jersey-client-2.33.jar:/home/runner/.m2/repository/jakarta/annotation/jakarta.annotation-api/1.3.5/jakarta.annotation-api-1.3.5.jar:/home/runner/.m2/repository/jakarta/validation/jakarta.validation-api/2.0.2/jakarta.validation-api-2.0.2.jar:/home/runner/.m2/repository/org/glassfish/jersey/media/jersey-media-json-jackson/2.33/jersey-media-json-jackson-2.33.jar:/home/runner/.m2/repository/org/glassfish/jersey/ext/jersey-entity-filtering/2.33/jersey-entity-filtering-2.33.jar:/home/runner/.m2/repository/org/jooq/jooq/3.11.10/jooq-3.11.10.jar:/home/runner/.m2/repository/org/jooq/jooq-meta/3.11.10/jooq-meta-3.11.10.jar:/home/runner/.m2/repository/org/jooq/jooq-codegen/3.11.10/jooq-codegen-3.11.10.jar:/home/runner/.m2/repository/com/jolbox/bonecp/0.8.0.RELEASE/bonecp-0.8.0.RELEASE.jar:/home/runner/.m2/repository/org/apache/derby/derby/10.14.2.0/derby-10.14.2.0.jar:/home/runner/.m2/repository/org/xerial/sqlite-jdbc/3.25.2/sqlite-jdbc-3.25.2.jar:/home/runner/.m2/repository/org/springframework/spring-jdbc/5.2.18.RELEASE/spring-jdbc-5.2.18.RELEASE.jar:/home/runner/.m2/repository/org/springframework/spring-beans/5.2.18.RELEASE/spring-beans-5.2.18.RELEASE.jar:/home/runner/.m2/repository/org/springframework/spring-core/5.2.18.RELEASE/spring-core-5.2.18.RELEASE.jar:/home/runner/.m2/repository/org/springframework/spring-jcl/5.2.18.RELEASE/spring-jcl-5.2.18.RELEASE.jar:/home/runner/.m2/repository/org/springframework/spring-tx/5.2.18.RELEASE/spring-tx-5.2.18.RELEASE.jar:/home/runner/.m2/repository/org/apache/ozone/ozone-client/1.3.0-SNAPSHOT/ozone-client-1.3.0-SNAPSHOT.jar:/home/runner/.m2/repository/org/apache/ozone/ozone-filesystem/1.3.0-SNAPSHOT/ozone-filesystem-1.3.0-SNAPSHOT.jar:/home/runner/.m2/repository/org/apache/ozone/ozone-filesystem-common/1.3.0-SNAPSHOT/ozone-filesystem-common-1.3.0-SNAPSHOT.jar:/home/runner/.m2/repository/org/apache/ozone/ozone-tools/1.3.0-SNAPSHOT/ozone-tools-1.3.0-SNAPSHOT.jar:/home/runner/.m2/repository/org/apache/ratis/ratis-tools/2.2.0/ratis-tools-2.2.0.jar:/home/runner/.m2/repository/com/amazonaws/aws-java-sdk-core/1.12.124/aws-java-sdk-core-1.12.124.jar:/home/runner/.m2/repository/org/apache/httpcomponents/httpclient/4.5.13/httpclient-4.5.13.jar:/home/runner/.m2/repository/org/apache/httpcomponents/httpcore/4.4.13/httpcore-4.4.13.jar:/home/runner/.m2/repository/software/amazon/ion/ion-java/1.0.2/ion-java-1.0.2.jar:/home/runner/.m2/repository/com/fasterxml/jackson/dataformat/jackson-dataformat-cbor/2.12.1/jackson-dataformat-cbor-2.12.1.jar:/home/runner/.m2/repository/joda-time/joda-time/2.8.1/joda-time-2.8.1.jar:/home/runner/.m2/repository/com/amazonaws/aws-java-sdk-s3/1.12.124/aws-java-sdk-s3-1.12.124.jar:/home/runner/.m2/repository/com/amazonaws/aws-java-sdk-kms/1.12.124/aws-java-sdk-kms-1.12.124.jar:/home/runner/.m2/repository/com/amazonaws/jmespath-java/1.12.124/jmespath-java-1.12.124.jar:/home/runner/.m2/repository/org/kohsuke/metainf-services/metainf-services/1.8/metainf-services-1.8.jar:/home/runner/.m2/repository/org/apache/ozone/hdds-tools/1.3.0-SNAPSHOT/hdds-tools-1.3.0-SNAPSHOT.jar:/home/runner/.m2/repository/commons-cli/commons-cli/1.2/commons-cli-1.2.jar:/home/runner/.m2/repository/org/apache/commons/commons-lang3/3.7/commons-lang3-3.7.jar:/home/runner/.m2/repository/org/apache/ozone/ozone-manager/1.3.0-SNAPSHOT/ozone-manager-1.3.0-SNAPSHOT-tests.jar:/home/runner/.m2/repository/org/apache/ozone/hdds-common/1.3.0-SNAPSHOT/hdds-common-1.3.0-SNAPSHOT-tests.jar:/home/runner/.m2/repository/org/apache/ozone/hdds-hadoop-dependency-client/1.3.0-SNAPSHOT/hdds-hadoop-dependency-client-1.3.0-SNAPSHOT.jar:/home/runner/.m2/repository/info/picocli/picocli/4.6.1/picocli-4.6.1.jar:/home/runner/.m2/repository/com/fasterxml/jackson/core/jackson-annotations/2.12.1/jackson-annotations-2.12.1.jar:/home/runner/.m2/repository/javax/annotation/javax.annotation-api/1.2/javax.annotation-api-1.2.jar:/home/runner/.m2/repository/org/apache/ratis/ratis-server/2.2.0/ratis-server-2.2.0.jar:/home/runner/.m2/repository/org/apache/ratis/ratis-client/2.2.0/ratis-client-2.2.0.jar:/home/runner/.m2/repository/org/apache/ratis/ratis-server-api/2.2.0/ratis-server-api-2.2.0.jar:/home/runner/.m2/repository/org/apache/ratis/ratis-metrics/2.2.0/ratis-metrics-2.2.0.jar:/home/runner/.m2/repository/org/apache/ratis/ratis-netty/2.2.0/ratis-netty-2.2.0.jar:/home/runner/.m2/repository/org/apache/ratis/ratis-grpc/2.2.0/ratis-grpc-2.2.0.jar:/home/runner/.m2/repository/org/apache/logging/log4j/log4j-api/2.17.1/log4j-api-2.17.1.jar:/home/runner/.m2/repository/org/apache/commons/commons-pool2/2.6.0/commons-pool2-2.6.0.jar:/home/runner/.m2/repository/org/bouncycastle/bcpkix-jdk15on/1.67/bcpkix-jdk15on-1.67.jar:/home/runner/.m2/repository/commons-validator/commons-validator/1.6/commons-validator-1.6.jar:/home/runner/.m2/repository/commons-beanutils/commons-beanutils/1.9.4/commons-beanutils-1.9.4.jar:/home/runner/.m2/repository/commons-digester/commons-digester/1.8.1/commons-digester-1.8.1.jar:/home/runner/.m2/repository/commons-collections/commons-collections/3.2.2/commons-collections-3.2.2.jar:/home/runner/.m2/repository/io/jaegertracing/jaeger-client/1.6.0/jaeger-client-1.6.0.jar:/home/runner/.m2/repository/io/jaegertracing/jaeger-thrift/1.6.0/jaeger-thrift-1.6.0.jar:/home/runner/.m2/repository/org/apache/thrift/libthrift/0.14.1/libthrift-0.14.1.jar:/home/runner/.m2/repository/com/squareup/okhttp3/okhttp/4.9.0/okhttp-4.9.0.jar:/home/runner/.m2/repository/com/squareup/okio/okio/2.8.0/okio-2.8.0.jar:/home/runner/.m2/repository/io/jaegertracing/jaeger-core/1.6.0/jaeger-core-1.6.0.jar:/home/runner/.m2/repository/io/jaegertracing/jaeger-tracerresolver/1.6.0/jaeger-tracerresolver-1.6.0.jar:/home/runner/.m2/repository/io/opentracing/contrib/opentracing-tracerresolver/0.1.8/opentracing-tracerresolver-0.1.8.jar:/home/runner/.m2/repository/org/jetbrains/kotlin/kotlin-stdlib/1.4.31/kotlin-stdlib-1.4.31.jar:/home/runner/.m2/repository/org/jetbrains/kotlin/kotlin-stdlib-common/1.4.31/kotlin-stdlib-common-1.4.31.jar:/home/runner/.m2/repository/org/jetbrains/annotations/13.0/annotations-13.0.jar:/home/runner/.m2/repository/io/opentracing/opentracing-util/0.33.0/opentracing-util-0.33.0.jar:/home/runner/.m2/repository/io/opentracing/opentracing-api/0.33.0/opentracing-api-0.33.0.jar:/home/runner/.m2/repository/io/opentracing/opentracing-noop/0.33.0/opentracing-noop-0.33.0.jar:/home/runner/.m2/repository/org/yaml/snakeyaml/1.26/snakeyaml-1.26.jar:/home/runner/.m2/repository/org/apache/ozone/hdds-interface-admin/1.3.0-SNAPSHOT/hdds-interface-admin-1.3.0-SNAPSHOT.jar:/home/runner/.m2/repository/junit/junit/4.13.1/junit-4.13.1.jar:/home/runner/.m2/repository/org/hamcrest/hamcrest-core/1.3/hamcrest-core-1.3.jar:/home/runner/.m2/repository/org/junit/jupiter/junit-jupiter-api/5.7.0/junit-jupiter-api-5.7.0.jar:/home/runner/.m2/repository/org/apiguardian/apiguardian-api/1.1.0/apiguardian-api-1.1.0.jar:/home/runner/.m2/repository/org/opentest4j/opentest4j/1.2.0/opentest4j-1.2.0.jar:/home/runner/.m2/repository/org/junit/platform/junit-platform-commons/1.7.0/junit-platform-commons-1.7.0.jar:/home/runner/.m2/repository/org/junit/jupiter/junit-jupiter-engine/5.7.0/junit-jupiter-engine-5.7.0.jar:/home/runner/.m2/repository/org/junit/platform/junit-platform-engine/1.7.0/junit-platform-engine-1.7.0.jar:/home/runner/.m2/repository/org/junit/vintage/junit-vintage-engine/5.7.0/junit-vintage-engine-5.7.0.jar:/home/runner/.m2/repository/org/junit/platform/junit-platform-launcher/1.7.0/junit-platform-launcher-1.7.0.jar:/home/runner/.m2/repository/org/mockito/mockito-core/2.28.2/mockito-core-2.28.2.jar:/home/runner/.m2/repository/net/bytebuddy/byte-buddy/1.9.10/byte-buddy-1.9.10.jar:/home/runner/.m2/repository/net/bytebuddy/byte-buddy-agent/1.9.10/byte-buddy-agent-1.9.10.jar:/home/runner/.m2/repository/org/objenesis/objenesis/1.0/objenesis-1.0.jar:/home/runner/.m2/repository/org/apache/hadoop/hadoop-kms/3.3.1/hadoop-kms-3.3.1.jar:/home/runner/.m2/repository/org/apache/hadoop/hadoop-auth/3.3.1/hadoop-auth-3.3.1.jar:/home/runner/.m2/repository/com/nimbusds/nimbus-jose-jwt/7.9/nimbus-jose-jwt-7.9.jar:/home/runner/.m2/repository/com/github/stephenc/jcip/jcip-annotations/1.0-1/jcip-annotations-1.0-1.jar:/home/runner/.m2/repository/net/minidev/json-smart/2.4.7/json-smart-2.4.7.jar:/home/runner/.m2/repository/net/minidev/accessors-smart/2.4.7/accessors-smart-2.4.7.jar:/home/runner/.m2/repository/org/ow2/asm/asm/5.0.4/asm-5.0.4.jar:/home/runner/.m2/repository/org/apache/zookeeper/zookeeper/3.5.6/zookeeper-3.5.6.jar:/home/runner/.m2/repository/org/apache/zookeeper/zookeeper-jute/3.5.6/zookeeper-jute-3.5.6.jar:/home/runner/.m2/repository/org/apache/yetus/audience-annotations/0.5.0/audience-annotations-0.5.0.jar:/home/runner/.m2/repository/org/apache/curator/curator-framework/4.2.0/curator-framework-4.2.0.jar:/home/runner/.m2/repository/org/apache/hadoop/thirdparty/hadoop-shaded-guava/1.1.1/hadoop-shaded-guava-1.1.1.jar:/home/runner/.m2/repository/com/sun/jersey/jersey-core/1.19/jersey-core-1.19.jar:/home/runner/.m2/repository/javax/ws/rs/jsr311-api/1.1.1/jsr311-api-1.1.1.jar:/home/runner/.m2/repository/com/sun/jersey/jersey-server/1.19/jersey-server-1.19.jar:/home/runner/.m2/repository/javax/servlet/javax.servlet-api/3.1.0/javax.servlet-api-3.1.0.jar:/home/runner/.m2/repository/org/eclipse/jetty/jetty-server/9.4.43.v20210629/jetty-server-9.4.43.v20210629.jar:/home/runner/.m2/repository/org/eclipse/jetty/jetty-http/9.4.43.v20210629/jetty-http-9.4.43.v20210629.jar:/home/runner/.m2/repository/org/eclipse/jetty/jetty-io/9.4.43.v20210629/jetty-io-9.4.43.v20210629.jar:/home/runner/.m2/repository/org/eclipse/jetty/jetty-webapp/9.4.43.v20210629/jetty-webapp-9.4.43.v20210629.jar:/home/runner/.m2/repository/org/eclipse/jetty/jetty-xml/9.4.43.v20210629/jetty-xml-9.4.43.v20210629.jar:/home/runner/.m2/repository/org/apache/hadoop/hadoop-common/3.3.1/hadoop-common-3.3.1.jar:/home/runner/.m2/repository/org/apache/commons/commons-math3/3.1.1/commons-math3-3.1.1.jar:/home/runner/.m2/repository/commons-net/commons-net/3.6/commons-net-3.6.jar:/home/runner/.m2/repository/jakarta/activation/jakarta.activation-api/1.2.1/jakarta.activation-api-1.2.1.jar:/home/runner/.m2/repository/com/sun/jersey/jersey-servlet/1.19/jersey-servlet-1.19.jar:/home/runner/.m2/repository/com/sun/jersey/jersey-json/1.19/jersey-json-1.19.jar:/home/runner/.m2/repository/org/codehaus/jettison/jettison/1.1/jettison-1.1.jar:/home/runner/.m2/repository/com/sun/xml/bind/jaxb-impl/2.2.3-1/jaxb-impl-2.2.3-1.jar:/home/runner/.m2/repository/org/codehaus/jackson/jackson-jaxrs/1.9.2/jackson-jaxrs-1.9.2.jar:/home/runner/.m2/repository/org/codehaus/jackson/jackson-xc/1.9.2/jackson-xc-1.9.2.jar:/home/runner/.m2/repository/org/apache/commons/commons-configuration2/2.1.1/commons-configuration2-2.1.1.jar:/home/runner/.m2/repository/org/apache/commons/commons-text/1.4/commons-text-1.4.jar:/home/runner/.m2/repository/com/google/re2j/re2j/1.1/re2j-1.1.jar:/home/runner/.m2/repository/com/jcraft/jsch/0.1.54/jsch-0.1.54.jar:/home/runner/.m2/repository/org/apache/curator/curator-client/4.2.0/curator-client-4.2.0.jar:/home/runner/.m2/repository/org/apache/curator/curator-recipes/4.2.0/curator-recipes-4.2.0.jar:/home/runner/.m2/repository/org/apache/kerby/kerb-core/1.0.1/kerb-core-1.0.1.jar:/home/runner/.m2/repository/org/apache/kerby/kerby-pkix/1.0.1/kerby-pkix-1.0.1.jar:/home/runner/.m2/repository/org/apache/kerby/kerby-asn1/1.0.1/kerby-asn1-1.0.1.jar:/home/runner/.m2/repository/org/apache/kerby/kerby-util/1.0.1/kerby-util-1.0.1.jar:/home/runner/.m2/repository/dnsjava/dnsjava/2.1.7/dnsjava-2.1.7.jar:/home/runner/.m2/repository/org/xerial/snappy/snappy-java/1.1.8.2/snappy-java-1.1.8.2.jar:/home/runner/.m2/repository/org/slf4j/jul-to-slf4j/1.7.30/jul-to-slf4j-1.7.30.jar:/home/runner/.m2/repository/org/eclipse/jetty/jetty-util/9.4.43.v20210629/jetty-util-9.4.43.v20210629.jar:/home/runner/.m2/repository/com/fasterxml/jackson/core/jackson-databind/2.12.1/jackson-databind-2.12.1.jar:/home/runner/.m2/repository/org/apache/hadoop/hadoop-kms/3.3.1/hadoop-kms-3.3.1-tests.jar:/home/runner/.m2/repository/org/apache/ozone/hdds-server-scm/1.3.0-SNAPSHOT/hdds-server-scm-1.3.0-SNAPSHOT-tests.jar:/home/runner/.m2/repository/org/apache/ozone/hdds-container-service/1.3.0-SNAPSHOT/hdds-container-service-1.3.0-SNAPSHOT-tests.jar:/home/runner/.m2/repository/commons-codec/commons-codec/1.11/commons-codec-1.11.jar:/home/runner/.m2/repository/io/netty/netty-transport/4.1.63.Final/netty-transport-4.1.63.Final.jar:/home/runner/.m2/repository/io/netty/netty-resolver/4.1.63.Final/netty-resolver-4.1.63.Final.jar:/home/runner/.m2/repository/io/netty/netty-codec/4.1.63.Final/netty-codec-4.1.63.Final.jar:/home/runner/.m2/repository/io/netty/netty-handler/4.1.63.Final/netty-handler-4.1.63.Final.jar:/home/runner/.m2/repository/org/apache/ozone/hdds-hadoop-dependency-test/1.3.0-SNAPSHOT/hdds-hadoop-dependency-test-1.3.0-SNAPSHOT.jar:/home/runner/.m2/repository/org/apache/hadoop/hadoop-common/3.3.1/hadoop-common-3.3.1-tests.jar:/home/runner/.m2/repository/org/assertj/assertj-core/3.12.2/assertj-core-3.12.2.jar:/home/runner/.m2/repository/org/apache/hadoop/hadoop-hdfs/3.3.1/hadoop-hdfs-3.3.1-tests.jar:/home/runner/.m2/repository/org/eclipse/jetty/jetty-util-ajax/9.4.43.v20210629/jetty-util-ajax-9.4.43.v20210629.jar:/home/runner/.m2/repository/commons-daemon/commons-daemon/1.0.13/commons-daemon-1.0.13.jar:/home/runner/.m2/repository/io/netty/netty/3.10.6.Final/netty-3.10.6.Final.jar:/home/runner/.m2/repository/io/netty/netty-all/4.1.63.Final/netty-all-4.1.63.Final.jar:/home/runner/.m2/repository/org/apache/htrace/htrace-core4/4.1.0-incubating/htrace-core4-4.1.0-incubating.jar:/home/runner/.m2/repository/org/fusesource/leveldbjni/leveldbjni-all/1.8/leveldbjni-all-1.8.jar:/home/runner/.m2/repository/org/apache/hadoop/hadoop-distcp/3.3.1/hadoop-distcp-3.3.1.jar:/home/runner/.m2/repository/org/apache/hadoop/hadoop-mapreduce-client-jobclient/3.3.1/hadoop-mapreduce-client-jobclient-3.3.1.jar:/home/runner/.m2/repository/org/apache/hadoop/hadoop-mapreduce-client-common/3.3.1/hadoop-mapreduce-client-common-3.3.1.jar:/home/runner/.m2/repository/org/apache/hadoop/hadoop-yarn-common/3.3.1/hadoop-yarn-common-3.3.1.jar:/home/runner/.m2/repository/org/apache/hadoop/hadoop-yarn-api/3.3.1/hadoop-yarn-api-3.3.1.jar:/home/runner/.m2/repository/com/sun/jersey/jersey-client/1.19/jersey-client-1.19.jar:/home/runner/.m2/repository/com/sun/jersey/contribs/jersey-guice/1.19/jersey-guice-1.19.jar:/home/runner/.m2/repository/com/fasterxml/jackson/jaxrs/jackson-jaxrs-json-provider/2.12.1/jackson-jaxrs-json-provider-2.12.1.jar:/home/runner/.m2/repository/com/fasterxml/jackson/jaxrs/jackson-jaxrs-base/2.12.1/jackson-jaxrs-base-2.12.1.jar:/home/runner/.m2/repository/org/apache/hadoop/hadoop-yarn-client/3.3.1/hadoop-yarn-client-3.3.1.jar:/home/runner/.m2/repository/org/eclipse/jetty/websocket/websocket-client/9.4.40.v20210413/websocket-client-9.4.40.v20210413.jar:/home/runner/.m2/repository/org/eclipse/jetty/jetty-client/9.4.40.v20210413/jetty-client-9.4.40.v20210413.jar:/home/runner/.m2/repository/org/eclipse/jetty/websocket/websocket-common/9.4.40.v20210413/websocket-common-9.4.40.v20210413.jar:/home/runner/.m2/repository/org/eclipse/jetty/websocket/websocket-api/9.4.40.v20210413/websocket-api-9.4.40.v20210413.jar:/home/runner/.m2/repository/org/jline/jline/3.9.0/jline-3.9.0.jar:/home/runner/.m2/repository/org/apache/hadoop/hadoop-mapreduce-client-core/3.3.1/hadoop-mapreduce-client-core-3.3.1.jar:/home/runner/.m2/repository/org/apache/avro/avro/1.7.7/avro-1.7.7.jar:/home/runner/.m2/repository/org/codehaus/jackson/jackson-core-asl/1.9.13/jackson-core-asl-1.9.13.jar:/home/runner/.m2/repository/org/codehaus/jackson/jackson-mapper-asl/1.9.13/jackson-mapper-asl-1.9.13.jar:/home/runner/.m2/repository/com/thoughtworks/paranamer/paranamer/2.3/paranamer-2.3.jar:/home/runner/.m2/repository/org/apache/hadoop/hadoop-annotations/3.3.1/hadoop-annotations-3.3.1.jar:/usr/lib/jvm/temurin-8-jdk-amd64/jre/../lib/tools.jar:/home/runner/.m2/repository/org/apache/hadoop/hadoop-distcp/3.3.1/hadoop-distcp-3.3.1-tests.jar:/home/runner/.m2/repository/org/apache/ratis/ratis-common/2.2.0/ratis-common-2.2.0.jar:/home/runner/.m2/repository/org/apache/ratis/ratis-thirdparty-misc/0.7.0/ratis-thirdparty-misc-0.7.0.jar:/home/runner/.m2/repository/org/apache/ratis/ratis-proto/2.2.0/ratis-proto-2.2.0.jar:"/>
    <property name="sun.cpu.endian" value="little"/>
    <property name="user.home" value="/home/runner"/>
    <property name="user.language" value="en"/>
    <property name="java.specification.vendor" value="Oracle Corporation"/>
    <property name="java.home" value="/usr/lib/jvm/temurin-8-jdk-amd64/jre"/>
    <property name="java.security.krb5.conf" value="/home/runner/work/ozone/ozone/hadoop-ozone/integration-test/target/test-classes/krb5.conf"/>
    <property name="basedir" value="/home/runner/work/ozone/ozone/hadoop-ozone/integration-test"/>
    <property name="file.separator" value="/"/>
    <property name="line.separator" value="&#10;"/>
    <property name="java.vm.specification.vendor" value="Oracle Corporation"/>
    <property name="java.specification.name" value="Java Platform API Specification"/>
    <property name="java.awt.graphicsenv" value="sun.awt.X11GraphicsEnvironment"/>
    <property name="skip.installnpx" value="true"/>
    <property name="surefire.real.class.path" value="/home/runner/work/ozone/ozone/hadoop-ozone/integration-test/target/surefire/surefirebooter2765633650708849628.jar:/home/runner/.m2/repository/org/jacoco/org.jacoco.agent/0.8.5/org.jacoco.agent-0.8.5-runtime.jar"/>
    <property name="hadoop.log.dir" value="/home/runner/work/ozone/ozone/hadoop-ozone/integration-test/target/log"/>
    <property name="sun.boot.class.path" value="/usr/lib/jvm/temurin-8-jdk-amd64/jre/lib/resources.jar:/usr/lib/jvm/temurin-8-jdk-amd64/jre/lib/rt.jar:/usr/lib/jvm/temurin-8-jdk-amd64/jre/lib/sunrsasign.jar:/usr/lib/jvm/temurin-8-jdk-amd64/jre/lib/jsse.jar:/usr/lib/jvm/temurin-8-jdk-amd64/jre/lib/jce.jar:/usr/lib/jvm/temurin-8-jdk-amd64/jre/lib/charsets.jar:/usr/lib/jvm/temurin-8-jdk-amd64/jre/lib/jfr.jar:/usr/lib/jvm/temurin-8-jdk-amd64/jre/classes"/>
    <property name="sun.management.compiler" value="HotSpot 64-Bit Tiered Compilers"/>
    <property name="skip.npx" value="true"/>
    <property name="java.runtime.version" value="1.8.0_322-b06"/>
    <property name="java.net.preferIPv4Stack" value="true"/>
    <property name="user.name" value="runner"/>
    <property name="path.separator" value=":"/>
    <property name="java.security.egd" value="file:///dev/urandom"/>
    <property name="os.version" value="5.4.0-1070-azure"/>
    <property name="java.endorsed.dirs" value="/usr/lib/jvm/temurin-8-jdk-amd64/jre/lib/endorsed"/>
    <property name="java.runtime.name" value="OpenJDK Runtime Environment"/>
    <property name="file.encoding" value="UTF-8"/>
    <property name="java.vm.name" value="OpenJDK 64-Bit Server VM"/>
    <property name="test.build.webapps" value=""/>
    <property name="localRepository" value="/home/runner/.m2/repository"/>
    <property name="java.vendor.url.bug" value="https://github.com/adoptium/adoptium-support/issues"/>
    <property name="java.io.tmpdir" value="/tmp"/>
    <property name="require.test.libhadoop" value=""/>
    <property name="java.version" value="1.8.0_322"/>
    <property name="user.dir" value="/home/runner/work/ozone/ozone/hadoop-ozone/integration-test"/>
    <property name="os.arch" value="amd64"/>
    <property name="java.vm.specification.name" value="Java Virtual Machine Specification"/>
    <property name="test.build.classes" value="/home/runner/work/ozone/ozone/hadoop-ozone/integration-test/target/test-classes"/>
    <property name="java.awt.printerjob" value="sun.print.PSPrinterJob"/>
    <property name="sun.os.patch.level" value="unknown"/>
    <property name="hadoop.tmp.dir" value="/home/runner/work/ozone/ozone/hadoop-ozone/integration-test/target/tmp"/>
    <property name="java.library.path" value="/usr/java/packages/lib/amd64:/usr/lib64:/lib64:/lib:/usr/lib"/>
    <property name="java.vm.info" value="mixed mode"/>
    <property name="java.vendor" value="Temurin"/>
    <property name="java.vm.version" value="25.322-b06"/>
    <property name="java.ext.dirs" value="/usr/lib/jvm/temurin-8-jdk-amd64/jre/lib/ext:/usr/java/packages/lib/ext"/>
    <property name="sun.io.unicode.encoding" value="UnicodeLittle"/>
    <property name="java.class.version" value="52.0"/>
  </properties>
  <testcase name="testPrepareFailsWhenTwoOmsAreDown" classname="org.apache.hadoop.ozone.om.TestOzoneManagerPrepare" time="0">
    <skipped message="Saving on CI time since this is a pessimistic test. We should not be able to do anything with 2 OMs down."/>
    <system-out><![CDATA[2022-03-14 12:17:17,074 [main] WARN  server.ServerUtils (ServerUtils.java:getScmDbDir(148)) - ozone.scm.db.dirs is not configured. We recommend adding this setting. Falling back to ozone.metadata.dirs instead.
2022-03-14 12:17:17,110 [main] INFO  ha.SCMHANodeDetails (SCMHANodeDetails.java:loadSCMHAConfig(157)) - ServiceID for StorageContainerManager is null
2022-03-14 12:17:17,110 [main] INFO  ha.SCMHANodeDetails (SCMHANodeDetails.java:loadSCMHAConfig(162)) - ozone.scm.default.service.id is not defined, falling back to ozone.scm.service.ids to find serviceID for StorageContainerManager if it is HA enabled cluster
2022-03-14 12:17:17,254 [main] INFO  server.RaftServer (ConfUtils.java:logGet(44)) - raft.rpc.type = GRPC (default)
2022-03-14 12:17:17,335 [main] INFO  grpc.GrpcFactory (GrpcFactory.java:checkPooledByteBufAllocatorUseCacheForAllThreads(48)) - PERFORMANCE WARNING: useCacheForAllThreads is true that may cause Netty to create a lot garbage objects and, as a result, trigger GC.
	It is recommended to disable useCacheForAllThreads by setting -Dorg.apache.ratis.thirdparty.io.netty.allocator.useCacheForAllThreads=false in command line.
2022-03-14 12:17:17,339 [main] INFO  grpc.GrpcConfigKeys (ConfUtils.java:logGet(44)) - raft.grpc.admin.port = -1 (default)
2022-03-14 12:17:17,340 [main] INFO  grpc.GrpcConfigKeys (ConfUtils.java:logGet(44)) - raft.grpc.server.port = 9894 (custom)
2022-03-14 12:17:17,341 [main] INFO  grpc.GrpcConfigKeys (ConfUtils.java:logGet(44)) - raft.grpc.client.port = -1 (default)
2022-03-14 12:17:17,341 [main] INFO  grpc.GrpcConfigKeys (ConfUtils.java:logGet(44)) - raft.grpc.server.port = 9894 (custom)
2022-03-14 12:17:17,341 [main] INFO  grpc.GrpcConfigKeys (ConfUtils.java:logGet(44)) - raft.grpc.server.port = 9894 (custom)
2022-03-14 12:17:17,342 [main] INFO  server.GrpcService (ConfUtils.java:logGet(44)) - raft.grpc.message.size.max = 32m (=33554432) (custom)
2022-03-14 12:17:17,343 [main] INFO  server.RaftServerConfigKeys (ConfUtils.java:logGet(44)) - raft.server.log.appender.buffer.byte-limit = 33554432 (custom)
2022-03-14 12:17:17,344 [main] INFO  server.GrpcService (ConfUtils.java:logGet(44)) - raft.grpc.flow.control.window = 1MB (=1048576) (default)
2022-03-14 12:17:17,344 [main] INFO  server.RaftServerConfigKeys (ConfUtils.java:logGet(44)) - raft.server.rpc.request.timeout = 30000ms (custom)
2022-03-14 12:17:17,662 [main] INFO  impl.DataStreamServerImpl (ConfUtils.java:logGet(44)) - raft.datastream.type = DISABLED (default)
2022-03-14 12:17:17,664 [main] INFO  server.RaftServerConfigKeys (ConfUtils.java:logGet(44)) - raft.server.rpc.slowness.timeout = 120000ms (custom)
2022-03-14 12:17:17,665 [main] INFO  server.RaftServerConfigKeys (ConfUtils.java:logGet(44)) - raft.server.leaderelection.leader.step-down.wait-time = 10s (default)
2022-03-14 12:17:17,681 [main] INFO  server.RaftServerConfigKeys (ConfUtils.java:logGet(44)) - raft.server.storage.dir = [/home/runner/work/ozone/ozone/hadoop-ozone/integration-test/target/test-dir/MiniOzoneClusterImpl-278953cb-1c57-4e8b-ba2f-5e3472d45912/ozone-meta/scm-ha] (custom)
2022-03-14 12:17:17,686 [main] INFO  server.RaftServer (RaftServerProxy.java:addNew(95)) - abc8918d-16fb-4660-8109-f5bf0640b8c5: addNew group-5E3472D45912:[abc8918d-16fb-4660-8109-f5bf0640b8c5|rpc:fv-az291-848:9894|priority:0] returns group-5E3472D45912:java.util.concurrent.CompletableFuture@7a22a3c2[Not completed]
2022-03-14 12:17:17,704 [pool-1-thread-1] INFO  server.RaftServer$Division (RaftServerImpl.java:<init>(184)) - abc8918d-16fb-4660-8109-f5bf0640b8c5: new RaftServerImpl for group-5E3472D45912:[abc8918d-16fb-4660-8109-f5bf0640b8c5|rpc:fv-az291-848:9894|priority:0] with SCMStateMachine:uninitialized
2022-03-14 12:17:17,706 [pool-1-thread-1] INFO  server.RaftServerConfigKeys (ConfUtils.java:logGet(44)) - raft.server.rpc.timeout.min = 5000ms (custom)
2022-03-14 12:17:17,706 [pool-1-thread-1] INFO  server.RaftServerConfigKeys (ConfUtils.java:logGet(44)) - raft.server.rpc.timeout.max = 5200ms (custom)
2022-03-14 12:17:17,707 [pool-1-thread-1] INFO  server.RaftServerConfigKeys (ConfUtils.java:logGet(44)) - raft.server.rpc.sleep.time = 25ms (default)
2022-03-14 12:17:17,707 [pool-1-thread-1] INFO  server.RaftServerConfigKeys (ConfUtils.java:logGet(44)) - raft.server.rpc.slowness.timeout = 120000ms (custom)
2022-03-14 12:17:17,707 [pool-1-thread-1] INFO  server.RaftServerConfigKeys (ConfUtils.java:logGet(44)) - raft.server.leaderelection.leader.step-down.wait-time = 10s (default)
2022-03-14 12:17:17,707 [pool-1-thread-1] INFO  server.RaftServerConfigKeys (ConfUtils.java:logGet(44)) - raft.server.sleep.deviation.threshold = 300ms (default)
2022-03-14 12:17:17,708 [pool-1-thread-1] INFO  server.RaftServerConfigKeys (ConfUtils.java:logGet(44)) - raft.server.log.appender.install.snapshot.enabled = false (custom)
2022-03-14 12:17:17,712 [pool-1-thread-1] INFO  server.RaftServer$Division (ServerState.java:<init>(105)) - abc8918d-16fb-4660-8109-f5bf0640b8c5@group-5E3472D45912: ConfigurationManager, init=-1: [abc8918d-16fb-4660-8109-f5bf0640b8c5|rpc:fv-az291-848:9894|priority:0], old=null, confs=<EMPTY_MAP>
2022-03-14 12:17:17,712 [pool-1-thread-1] INFO  server.RaftServerConfigKeys (ConfUtils.java:logGet(44)) - raft.server.storage.dir = [/home/runner/work/ozone/ozone/hadoop-ozone/integration-test/target/test-dir/MiniOzoneClusterImpl-278953cb-1c57-4e8b-ba2f-5e3472d45912/ozone-meta/scm-ha] (custom)
2022-03-14 12:17:17,717 [pool-1-thread-1] INFO  server.RaftServerConfigKeys (ConfUtils.java:logGet(44)) - raft.server.log.corruption.policy = EXCEPTION (default)
2022-03-14 12:17:17,717 [pool-1-thread-1] INFO  server.RaftServerConfigKeys (ConfUtils.java:logGet(44)) - raft.server.storage.free-space.min = 0MB (=0) (default)
2022-03-14 12:17:17,719 [pool-1-thread-1] INFO  storage.RaftStorageDirectory (RaftStorageDirectoryImpl.java:analyzeStorage(135)) - The storage directory /home/runner/work/ozone/ozone/hadoop-ozone/integration-test/target/test-dir/MiniOzoneClusterImpl-278953cb-1c57-4e8b-ba2f-5e3472d45912/ozone-meta/scm-ha/278953cb-1c57-4e8b-ba2f-5e3472d45912 does not exist. Creating ...
2022-03-14 12:17:17,724 [pool-1-thread-1] INFO  storage.RaftStorageDirectory (RaftStorageDirectoryImpl.java:tryLock(230)) - Lock on /home/runner/work/ozone/ozone/hadoop-ozone/integration-test/target/test-dir/MiniOzoneClusterImpl-278953cb-1c57-4e8b-ba2f-5e3472d45912/ozone-meta/scm-ha/278953cb-1c57-4e8b-ba2f-5e3472d45912/in_use.lock acquired by nodename 10847@fv-az291-848
2022-03-14 12:17:17,731 [pool-1-thread-1] INFO  storage.RaftStorage (RaftStorageImpl.java:format(89)) - Storage directory /home/runner/work/ozone/ozone/hadoop-ozone/integration-test/target/test-dir/MiniOzoneClusterImpl-278953cb-1c57-4e8b-ba2f-5e3472d45912/ozone-meta/scm-ha/278953cb-1c57-4e8b-ba2f-5e3472d45912 has been successfully formatted.
2022-03-14 12:17:17,733 [pool-1-thread-1] INFO  server.RaftServerConfigKeys (ConfUtils.java:logGet(44)) - raft.server.notification.no-leader.timeout = 60s (default)
2022-03-14 12:17:17,735 [pool-1-thread-1] INFO  server.RaftServerConfigKeys (ConfUtils.java:logGet(44)) - raft.server.log.use.memory = false (default)
2022-03-14 12:17:17,742 [pool-1-thread-1] INFO  server.RaftServerConfigKeys (ConfUtils.java:logGet(44)) - raft.server.log.purge.gap = 1000000 (custom)
2022-03-14 12:17:17,742 [pool-1-thread-1] INFO  server.RaftServerConfigKeys (ConfUtils.java:logGet(44)) - raft.server.log.appender.buffer.byte-limit = 33554432 (custom)
2022-03-14 12:17:17,750 [pool-1-thread-1] INFO  metrics.MetricRegistries (MetricRegistriesLoader.java:load(64)) - Loaded MetricRegistries class org.apache.ratis.metrics.impl.MetricRegistriesImpl
2022-03-14 12:17:17,795 [pool-1-thread-1] INFO  server.RaftServerConfigKeys (ConfUtils.java:logGet(44)) - raft.server.log.segment.size.max = 4194304 (custom)
2022-03-14 12:17:17,802 [pool-1-thread-1] INFO  server.RaftServerConfigKeys (ConfUtils.java:logGet(44)) - raft.server.log.segment.cache.num.max = 2 (custom)
2022-03-14 12:17:17,803 [pool-1-thread-1] INFO  server.RaftServerConfigKeys (ConfUtils.java:logGet(44)) - raft.server.log.segment.cache.size.max = 200MB (=209715200) (default)
2022-03-14 12:17:17,808 [pool-1-thread-1] INFO  segmented.SegmentedRaftLogWorker (SegmentedRaftLogWorker.java:<init>(182)) - new abc8918d-16fb-4660-8109-f5bf0640b8c5@group-5E3472D45912-SegmentedRaftLogWorker for RaftStorageImpl:Storage Directory /home/runner/work/ozone/ozone/hadoop-ozone/integration-test/target/test-dir/MiniOzoneClusterImpl-278953cb-1c57-4e8b-ba2f-5e3472d45912/ozone-meta/scm-ha/278953cb-1c57-4e8b-ba2f-5e3472d45912
2022-03-14 12:17:17,808 [pool-1-thread-1] INFO  server.RaftServerConfigKeys (ConfUtils.java:logGet(44)) - raft.server.log.queue.byte-limit = 64MB (=67108864) (default)
2022-03-14 12:17:17,809 [pool-1-thread-1] INFO  server.RaftServerConfigKeys (ConfUtils.java:logGet(44)) - raft.server.log.queue.element-limit = 4096 (default)
2022-03-14 12:17:17,810 [pool-1-thread-1] INFO  server.RaftServerConfigKeys (ConfUtils.java:logGet(44)) - raft.server.log.segment.size.max = 4194304 (custom)
2022-03-14 12:17:17,810 [pool-1-thread-1] INFO  server.RaftServerConfigKeys (ConfUtils.java:logGet(44)) - raft.server.log.preallocated.size = 4194304 (custom)
2022-03-14 12:17:17,811 [pool-1-thread-1] INFO  server.RaftServerConfigKeys (ConfUtils.java:logGet(44)) - raft.server.log.force.sync.num = 128 (default)
2022-03-14 12:17:17,812 [pool-1-thread-1] INFO  server.RaftServerConfigKeys (ConfUtils.java:logGet(44)) - raft.server.log.statemachine.data.sync = true (default)
2022-03-14 12:17:17,812 [pool-1-thread-1] INFO  server.RaftServerConfigKeys (ConfUtils.java:logGet(44)) - raft.server.log.statemachine.data.sync.timeout = 10s (default)
2022-03-14 12:17:17,813 [pool-1-thread-1] INFO  server.RaftServerConfigKeys (ConfUtils.java:logGet(44)) - raft.server.log.statemachine.data.sync.timeout.retry = -1 (default)
2022-03-14 12:17:17,819 [pool-1-thread-1] INFO  server.RaftServerConfigKeys (ConfUtils.java:logGet(44)) - raft.server.log.write.buffer.size = 64KB (=65536) (default)
2022-03-14 12:17:17,820 [pool-1-thread-1] INFO  server.RaftServerConfigKeys (ConfUtils.java:logGet(44)) - raft.server.log.statemachine.data.caching.enabled = false (default)
2022-03-14 12:17:17,825 [pool-1-thread-1] INFO  segmented.SegmentedRaftLogWorker (SegmentedRaftLogWorker.java:lambda$new$0(133)) - abc8918d-16fb-4660-8109-f5bf0640b8c5@group-5E3472D45912-SegmentedRaftLogWorker: flushIndex: setUnconditionally 0 -> -1
2022-03-14 12:17:17,826 [pool-1-thread-1] INFO  segmented.SegmentedRaftLogWorker (SegmentedRaftLogWorker.java:lambda$new$0(133)) - abc8918d-16fb-4660-8109-f5bf0640b8c5@group-5E3472D45912-SegmentedRaftLogWorker: safeCacheEvictIndex: setUnconditionally 0 -> -1
2022-03-14 12:17:17,829 [pool-1-thread-1] INFO  server.RaftServerConfigKeys (ConfUtils.java:logGet(44)) - raft.server.snapshot.auto.trigger.enabled = true (custom)
2022-03-14 12:17:17,830 [pool-1-thread-1] INFO  server.RaftServerConfigKeys (ConfUtils.java:logGet(44)) - raft.server.snapshot.auto.trigger.threshold = 1000 (custom)
2022-03-14 12:17:17,830 [pool-1-thread-1] INFO  server.RaftServerConfigKeys (ConfUtils.java:logGet(44)) - raft.server.snapshot.retention.file.num = -1 (default)
2022-03-14 12:17:17,831 [pool-1-thread-1] INFO  server.RaftServerConfigKeys (ConfUtils.java:logGet(44)) - raft.server.log.purge.upto.snapshot.index = false (default)
2022-03-14 12:17:17,832 [pool-1-thread-1] INFO  server.RaftServerConfigKeys (ConfUtils.java:logGet(44)) - raft.server.retrycache.expirytime = 60000ms (default)
2022-03-14 12:17:17,832 [pool-1-thread-1] INFO  server.RaftServerConfigKeys (ConfUtils.java:logGet(44)) - raft.server.retrycache.statistics.expirytime = 100μs (default)
2022-03-14 12:17:17,868 [main] INFO  server.RaftServer$Division (RaftServerImpl.java:start(301)) - abc8918d-16fb-4660-8109-f5bf0640b8c5@group-5E3472D45912: start as a follower, conf=-1: [abc8918d-16fb-4660-8109-f5bf0640b8c5|rpc:fv-az291-848:9894|priority:0], old=null
2022-03-14 12:17:17,870 [main] INFO  server.RaftServer$Division (RaftServerImpl.java:setRole(290)) - abc8918d-16fb-4660-8109-f5bf0640b8c5@group-5E3472D45912: changes role from      null to FOLLOWER at term 0 for startAsFollower
2022-03-14 12:17:17,871 [main] INFO  impl.RoleInfo (RoleInfo.java:updateAndGet(130)) - abc8918d-16fb-4660-8109-f5bf0640b8c5: start abc8918d-16fb-4660-8109-f5bf0640b8c5@group-5E3472D45912-FollowerState
2022-03-14 12:17:17,875 [main] INFO  util.JmxRegister (JmxRegister.java:tryRegister(44)) - Successfully registered JMX Bean with object name Ratis:service=RaftServer,group=group-5E3472D45912,id=abc8918d-16fb-4660-8109-f5bf0640b8c5
2022-03-14 12:17:17,878 [main] INFO  server.RaftServer (RaftServerProxy.java:lambda$start$5(374)) - abc8918d-16fb-4660-8109-f5bf0640b8c5: start RPC server
2022-03-14 12:17:17,934 [main] INFO  server.GrpcService (GrpcService.java:startImpl(253)) - abc8918d-16fb-4660-8109-f5bf0640b8c5: GrpcService started, listening on 9894
2022-03-14 12:17:17,937 [org.apache.ratis.util.JvmPauseMonitor$$Lambda$422/892611887@128c502c] INFO  util.JvmPauseMonitor (JvmPauseMonitor.java:run(103)) - JvmPauseMonitor-abc8918d-16fb-4660-8109-f5bf0640b8c5: Started
2022-03-14 12:17:22,987 [abc8918d-16fb-4660-8109-f5bf0640b8c5@group-5E3472D45912-FollowerState] INFO  impl.FollowerState (FollowerState.java:run(134)) - abc8918d-16fb-4660-8109-f5bf0640b8c5@group-5E3472D45912-FollowerState: change to CANDIDATE, lastRpcElapsedTime:5116842003ns, electionTimeout:5109ms
2022-03-14 12:17:22,990 [abc8918d-16fb-4660-8109-f5bf0640b8c5@group-5E3472D45912-FollowerState] INFO  impl.RoleInfo (RoleInfo.java:shutdownFollowerState(108)) - abc8918d-16fb-4660-8109-f5bf0640b8c5: shutdown abc8918d-16fb-4660-8109-f5bf0640b8c5@group-5E3472D45912-FollowerState
2022-03-14 12:17:22,990 [abc8918d-16fb-4660-8109-f5bf0640b8c5@group-5E3472D45912-FollowerState] INFO  server.RaftServer$Division (RaftServerImpl.java:setRole(290)) - abc8918d-16fb-4660-8109-f5bf0640b8c5@group-5E3472D45912: changes role from  FOLLOWER to CANDIDATE at term 0 for changeToCandidate
2022-03-14 12:17:22,993 [abc8918d-16fb-4660-8109-f5bf0640b8c5@group-5E3472D45912-FollowerState] INFO  server.RaftServerConfigKeys (ConfUtils.java:logGet(44)) - raft.server.leaderelection.pre-vote = false (custom)
2022-03-14 12:17:22,993 [abc8918d-16fb-4660-8109-f5bf0640b8c5@group-5E3472D45912-FollowerState] INFO  impl.RoleInfo (RoleInfo.java:updateAndGet(130)) - abc8918d-16fb-4660-8109-f5bf0640b8c5: start abc8918d-16fb-4660-8109-f5bf0640b8c5@group-5E3472D45912-LeaderElection1
2022-03-14 12:17:22,997 [abc8918d-16fb-4660-8109-f5bf0640b8c5@group-5E3472D45912-LeaderElection1] INFO  impl.LeaderElection (LeaderElection.java:askForVotes(306)) - abc8918d-16fb-4660-8109-f5bf0640b8c5@group-5E3472D45912-LeaderElection1 ELECTION round 0: submit vote requests at term 1 for -1: [abc8918d-16fb-4660-8109-f5bf0640b8c5|rpc:fv-az291-848:9894|priority:0], old=null
2022-03-14 12:17:22,998 [abc8918d-16fb-4660-8109-f5bf0640b8c5@group-5E3472D45912-LeaderElection1] INFO  impl.LeaderElection (LeaderElection.java:askForVotes(308)) - abc8918d-16fb-4660-8109-f5bf0640b8c5@group-5E3472D45912-LeaderElection1 ELECTION round 0: result PASSED (term=1)
2022-03-14 12:17:22,999 [abc8918d-16fb-4660-8109-f5bf0640b8c5@group-5E3472D45912-LeaderElection1] INFO  impl.RoleInfo (RoleInfo.java:shutdownLeaderElection(121)) - abc8918d-16fb-4660-8109-f5bf0640b8c5: shutdown abc8918d-16fb-4660-8109-f5bf0640b8c5@group-5E3472D45912-LeaderElection1
2022-03-14 12:17:22,999 [abc8918d-16fb-4660-8109-f5bf0640b8c5@group-5E3472D45912-LeaderElection1] INFO  server.RaftServer$Division (RaftServerImpl.java:setRole(290)) - abc8918d-16fb-4660-8109-f5bf0640b8c5@group-5E3472D45912: changes role from CANDIDATE to LEADER at term 1 for changeToLeader
2022-03-14 12:17:22,999 [abc8918d-16fb-4660-8109-f5bf0640b8c5@group-5E3472D45912-LeaderElection1] INFO  server.RaftServer$Division (ServerState.java:setLeader(285)) - abc8918d-16fb-4660-8109-f5bf0640b8c5@group-5E3472D45912: change Leader from null to abc8918d-16fb-4660-8109-f5bf0640b8c5 at term 1 for becomeLeader, leader elected after 5266ms
2022-03-14 12:17:23,005 [abc8918d-16fb-4660-8109-f5bf0640b8c5@group-5E3472D45912-LeaderElection1] INFO  server.RaftServerConfigKeys (ConfUtils.java:logGet(44)) - raft.server.staging.catchup.gap = 1000 (default)
2022-03-14 12:17:23,009 [abc8918d-16fb-4660-8109-f5bf0640b8c5@group-5E3472D45912-LeaderElection1] INFO  server.RaftServerConfigKeys (ConfUtils.java:logGet(44)) - raft.server.write.element-limit = 4096 (default)
2022-03-14 12:17:23,010 [abc8918d-16fb-4660-8109-f5bf0640b8c5@group-5E3472D45912-LeaderElection1] INFO  server.RaftServerConfigKeys (ConfUtils.java:logGet(44)) - raft.server.write.byte-limit = 64MB (=67108864) (default)
2022-03-14 12:17:23,016 [abc8918d-16fb-4660-8109-f5bf0640b8c5@group-5E3472D45912-LeaderElection1] INFO  server.RaftServerConfigKeys (ConfUtils.java:logGet(44)) - raft.server.watch.timeout = 10s (default)
2022-03-14 12:17:23,016 [abc8918d-16fb-4660-8109-f5bf0640b8c5@group-5E3472D45912-LeaderElection1] INFO  server.RaftServerConfigKeys (ConfUtils.java:logGet(44)) - raft.server.watch.timeout.denomination = 1s (default)
2022-03-14 12:17:23,018 [abc8918d-16fb-4660-8109-f5bf0640b8c5@group-5E3472D45912-LeaderElection1] INFO  server.RaftServerConfigKeys (ConfUtils.java:logGet(44)) - raft.server.watch.element-limit = 65536 (default)
2022-03-14 12:17:23,022 [abc8918d-16fb-4660-8109-f5bf0640b8c5@group-5E3472D45912-LeaderElection1] INFO  server.RaftServerConfigKeys (ConfUtils.java:logGet(44)) - raft.server.write.element-limit = 4096 (default)
2022-03-14 12:17:23,029 [abc8918d-16fb-4660-8109-f5bf0640b8c5@group-5E3472D45912-LeaderElection1] INFO  server.RaftServerConfigKeys (ConfUtils.java:logGet(44)) - raft.server.write.follower.gap.ratio.max = -1.0 (default)
2022-03-14 12:17:23,033 [abc8918d-16fb-4660-8109-f5bf0640b8c5@group-5E3472D45912-LeaderElection1] INFO  impl.RoleInfo (RoleInfo.java:updateAndGet(130)) - abc8918d-16fb-4660-8109-f5bf0640b8c5: start abc8918d-16fb-4660-8109-f5bf0640b8c5@group-5E3472D45912-LeaderStateImpl
2022-03-14 12:17:23,060 [abc8918d-16fb-4660-8109-f5bf0640b8c5@group-5E3472D45912-LeaderElection1] INFO  segmented.SegmentedRaftLogWorker (SegmentedRaftLogWorker.java:startLogSegment(394)) - abc8918d-16fb-4660-8109-f5bf0640b8c5@group-5E3472D45912-SegmentedRaftLogWorker: Starting segment from index:0
2022-03-14 12:17:23,085 [abc8918d-16fb-4660-8109-f5bf0640b8c5@group-5E3472D45912-LeaderElection1] INFO  server.RaftServer$Division (ServerState.java:setRaftConf(387)) - abc8918d-16fb-4660-8109-f5bf0640b8c5@group-5E3472D45912: set configuration 0: [abc8918d-16fb-4660-8109-f5bf0640b8c5|rpc:fv-az291-848:9894|admin:|client:|dataStream:|priority:0], old=null
2022-03-14 12:17:23,144 [abc8918d-16fb-4660-8109-f5bf0640b8c5@group-5E3472D45912-SegmentedRaftLogWorker] INFO  segmented.SegmentedRaftLogWorker (SegmentedRaftLogWorker.java:execute(601)) - abc8918d-16fb-4660-8109-f5bf0640b8c5@group-5E3472D45912-SegmentedRaftLogWorker: created new log segment /home/runner/work/ozone/ozone/hadoop-ozone/integration-test/target/test-dir/MiniOzoneClusterImpl-278953cb-1c57-4e8b-ba2f-5e3472d45912/ozone-meta/scm-ha/278953cb-1c57-4e8b-ba2f-5e3472d45912/current/log_inprogress_0
2022-03-14 12:17:23,939 [main] INFO  server.RaftServer (RaftServerProxy.java:lambda$close$6(391)) - abc8918d-16fb-4660-8109-f5bf0640b8c5: close
2022-03-14 12:17:23,941 [main] INFO  server.RaftServer$Division (RaftServerImpl.java:lambda$close$4(412)) - abc8918d-16fb-4660-8109-f5bf0640b8c5@group-5E3472D45912: shutdown
2022-03-14 12:17:23,941 [main] INFO  util.JmxRegister (JmxRegister.java:unregister(73)) - Successfully un-registered JMX Bean with object name Ratis:service=RaftServer,group=group-5E3472D45912,id=abc8918d-16fb-4660-8109-f5bf0640b8c5
2022-03-14 12:17:23,941 [main] INFO  impl.RoleInfo (RoleInfo.java:shutdownLeaderState(91)) - abc8918d-16fb-4660-8109-f5bf0640b8c5: shutdown abc8918d-16fb-4660-8109-f5bf0640b8c5@group-5E3472D45912-LeaderStateImpl
2022-03-14 12:17:23,948 [main] INFO  impl.PendingRequests (PendingRequests.java:sendNotLeaderResponses(282)) - abc8918d-16fb-4660-8109-f5bf0640b8c5@group-5E3472D45912-PendingRequests: sendNotLeaderResponses
2022-03-14 12:17:23,950 [abc8918d-16fb-4660-8109-f5bf0640b8c5@group-5E3472D45912-StateMachineUpdater] INFO  impl.StateMachineUpdater (StateMachineUpdater.java:takeSnapshot(281)) - abc8918d-16fb-4660-8109-f5bf0640b8c5@group-5E3472D45912-StateMachineUpdater: Took a snapshot at index 0
2022-03-14 12:17:23,950 [abc8918d-16fb-4660-8109-f5bf0640b8c5@group-5E3472D45912-StateMachineUpdater] INFO  impl.StateMachineUpdater (StateMachineUpdater.java:lambda$new$0(89)) - abc8918d-16fb-4660-8109-f5bf0640b8c5@group-5E3472D45912-StateMachineUpdater: snapshotIndex: updateIncreasingly -1 -> 0
2022-03-14 12:17:23,950 [main] INFO  impl.StateMachineUpdater (StateMachineUpdater.java:stopAndJoin(149)) - abc8918d-16fb-4660-8109-f5bf0640b8c5@group-5E3472D45912-StateMachineUpdater: set stopIndex = 0
2022-03-14 12:17:23,952 [main] INFO  server.RaftServer$Division (ServerState.java:close(419)) - abc8918d-16fb-4660-8109-f5bf0640b8c5@group-5E3472D45912: closes. applyIndex: 0
2022-03-14 12:17:23,954 [abc8918d-16fb-4660-8109-f5bf0640b8c5@group-5E3472D45912-SegmentedRaftLogWorker] INFO  segmented.SegmentedRaftLogWorker (SegmentedRaftLogWorker.java:run(327)) - abc8918d-16fb-4660-8109-f5bf0640b8c5@group-5E3472D45912-SegmentedRaftLogWorker was interrupted, exiting. There are 0 tasks remaining in the queue.
2022-03-14 12:17:23,955 [main] INFO  segmented.SegmentedRaftLogWorker (SegmentedRaftLogWorker.java:close(237)) - abc8918d-16fb-4660-8109-f5bf0640b8c5@group-5E3472D45912-SegmentedRaftLogWorker close()
2022-03-14 12:17:23,958 [main] INFO  server.GrpcService (GrpcService.java:closeImpl(262)) - abc8918d-16fb-4660-8109-f5bf0640b8c5: shutdown server with port 9894 now
2022-03-14 12:17:23,983 [main] INFO  server.GrpcService (GrpcService.java:closeImpl(271)) - abc8918d-16fb-4660-8109-f5bf0640b8c5: shutdown server with port 9894 successfully
2022-03-14 12:17:23,984 [org.apache.ratis.util.JvmPauseMonitor$$Lambda$422/892611887@128c502c] INFO  util.JvmPauseMonitor (JvmPauseMonitor.java:run(109)) - JvmPauseMonitor-abc8918d-16fb-4660-8109-f5bf0640b8c5: Stopped
2022-03-14 12:17:24,021 [main] INFO  ha.SCMHANodeDetails (SCMHANodeDetails.java:loadSCMHAConfig(157)) - ServiceID for StorageContainerManager is null
2022-03-14 12:17:24,022 [main] INFO  ha.SCMHANodeDetails (SCMHANodeDetails.java:loadSCMHAConfig(162)) - ozone.scm.default.service.id is not defined, falling back to ozone.scm.service.ids to find serviceID for StorageContainerManager if it is HA enabled cluster
2022-03-14 12:17:24,042 [main] WARN  server.ServerUtils (ServerUtils.java:getScmDbDir(148)) - ozone.scm.db.dirs is not configured. We recommend adding this setting. Falling back to ozone.metadata.dirs instead.
2022-03-14 12:17:24,044 [main] INFO  upgrade.AbstractLayoutVersionManager (AbstractLayoutVersionManager.java:init(79)) - Initializing Layout version manager with metadata layout = SCM_HA (version = 2), software layout = SCM_HA (version = 2)
2022-03-14 12:17:24,155 [main] INFO  reflections.Reflections (Reflections.java:scan(232)) - Reflections took 91 ms to scan 7 urls, producing 122 keys and 286 values 
2022-03-14 12:17:24,572 [main] WARN  utils.HAUtils (HAUtils.java:getMetaDir(342)) - ozone.scm.db.dirs is not configured. We recommend adding this setting. Falling back to ozone.metadata.dirs instead.
2022-03-14 12:17:24,692 [main] WARN  db.DBStoreBuilder (DBStoreBuilder.java:applyDBDefinition(145)) - ozone.scm.db.dirs is not configured. We recommend adding this setting. Falling back to ozone.metadata.dirs instead.
2022-03-14 12:17:24,843 [main] INFO  net.NodeSchemaLoader (NodeSchemaLoader.java:loadSchemaFromFile(129)) - Loading schema from [jar:file:/home/runner/.m2/repository/org/apache/ozone/hdds-common/1.3.0-SNAPSHOT/hdds-common-1.3.0-SNAPSHOT.jar!/network-topology-default.xml]
2022-03-14 12:17:24,844 [main] INFO  net.NodeSchemaLoader (NodeSchemaLoader.java:loadSchema(176)) - Loading network topology layer schema file
2022-03-14 12:17:24,886 [main] INFO  ha.SCMRatisServerImpl (SCMRatisServerImpl.java:<init>(87)) - starting Raft server for scm:abc8918d-16fb-4660-8109-f5bf0640b8c5
2022-03-14 12:17:24,890 [main] INFO  server.RaftServer (ConfUtils.java:logGet(44)) - raft.rpc.type = GRPC (default)
2022-03-14 12:17:24,891 [main] INFO  grpc.GrpcFactory (GrpcFactory.java:checkPooledByteBufAllocatorUseCacheForAllThreads(48)) - PERFORMANCE WARNING: useCacheForAllThreads is true that may cause Netty to create a lot garbage objects and, as a result, trigger GC.
	It is recommended to disable useCacheForAllThreads by setting -Dorg.apache.ratis.thirdparty.io.netty.allocator.useCacheForAllThreads=false in command line.
2022-03-14 12:17:24,891 [main] INFO  grpc.GrpcConfigKeys (ConfUtils.java:logGet(44)) - raft.grpc.admin.port = -1 (default)
2022-03-14 12:17:24,891 [main] INFO  grpc.GrpcConfigKeys (ConfUtils.java:logGet(44)) - raft.grpc.server.port = 9894 (custom)
2022-03-14 12:17:24,891 [main] INFO  grpc.GrpcConfigKeys (ConfUtils.java:logGet(44)) - raft.grpc.client.port = -1 (default)
2022-03-14 12:17:24,891 [main] INFO  grpc.GrpcConfigKeys (ConfUtils.java:logGet(44)) - raft.grpc.server.port = 9894 (custom)
2022-03-14 12:17:24,891 [main] INFO  grpc.GrpcConfigKeys (ConfUtils.java:logGet(44)) - raft.grpc.server.port = 9894 (custom)
2022-03-14 12:17:24,892 [main] INFO  server.GrpcService (ConfUtils.java:logGet(44)) - raft.grpc.message.size.max = 32m (=33554432) (custom)
2022-03-14 12:17:24,892 [main] INFO  server.RaftServerConfigKeys (ConfUtils.java:logGet(44)) - raft.server.log.appender.buffer.byte-limit = 33554432 (custom)
2022-03-14 12:17:24,892 [main] INFO  server.GrpcService (ConfUtils.java:logGet(44)) - raft.grpc.flow.control.window = 1MB (=1048576) (default)
2022-03-14 12:17:24,892 [main] INFO  server.RaftServerConfigKeys (ConfUtils.java:logGet(44)) - raft.server.rpc.request.timeout = 30000ms (custom)
2022-03-14 12:17:24,893 [main] INFO  impl.DataStreamServerImpl (ConfUtils.java:logGet(44)) - raft.datastream.type = DISABLED (default)
2022-03-14 12:17:24,894 [main] INFO  server.RaftServerConfigKeys (ConfUtils.java:logGet(44)) - raft.server.rpc.slowness.timeout = 120000ms (custom)
2022-03-14 12:17:24,894 [main] INFO  server.RaftServerConfigKeys (ConfUtils.java:logGet(44)) - raft.server.leaderelection.leader.step-down.wait-time = 10s (default)
2022-03-14 12:17:24,894 [main] INFO  server.RaftServerConfigKeys (ConfUtils.java:logGet(44)) - raft.server.storage.dir = [/home/runner/work/ozone/ozone/hadoop-ozone/integration-test/target/test-dir/MiniOzoneClusterImpl-278953cb-1c57-4e8b-ba2f-5e3472d45912/ozone-meta/scm-ha] (custom)
2022-03-14 12:17:24,894 [main] INFO  server.RaftServer (RaftServerProxy.java:lambda$null$1(235)) - abc8918d-16fb-4660-8109-f5bf0640b8c5: found a subdirectory /home/runner/work/ozone/ozone/hadoop-ozone/integration-test/target/test-dir/MiniOzoneClusterImpl-278953cb-1c57-4e8b-ba2f-5e3472d45912/ozone-meta/scm-ha/278953cb-1c57-4e8b-ba2f-5e3472d45912
2022-03-14 12:17:24,895 [main] INFO  server.RaftServer (RaftServerProxy.java:addNew(95)) - abc8918d-16fb-4660-8109-f5bf0640b8c5: addNew group-5E3472D45912:[] returns group-5E3472D45912:java.util.concurrent.CompletableFuture@76e4212[Not completed]
2022-03-14 12:17:24,898 [pool-16-thread-1] INFO  server.RaftServer$Division (RaftServerImpl.java:<init>(184)) - abc8918d-16fb-4660-8109-f5bf0640b8c5: new RaftServerImpl for group-5E3472D45912:[] with SCMStateMachine:uninitialized
2022-03-14 12:17:24,898 [pool-16-thread-1] INFO  server.RaftServerConfigKeys (ConfUtils.java:logGet(44)) - raft.server.rpc.timeout.min = 5000ms (custom)
2022-03-14 12:17:24,898 [pool-16-thread-1] INFO  server.RaftServerConfigKeys (ConfUtils.java:logGet(44)) - raft.server.rpc.timeout.max = 5200ms (custom)
2022-03-14 12:17:24,899 [pool-16-thread-1] INFO  server.RaftServerConfigKeys (ConfUtils.java:logGet(44)) - raft.server.rpc.sleep.time = 25ms (default)
2022-03-14 12:17:24,899 [pool-16-thread-1] INFO  server.RaftServerConfigKeys (ConfUtils.java:logGet(44)) - raft.server.rpc.slowness.timeout = 120000ms (custom)
2022-03-14 12:17:24,899 [pool-16-thread-1] INFO  server.RaftServerConfigKeys (ConfUtils.java:logGet(44)) - raft.server.leaderelection.leader.step-down.wait-time = 10s (default)
2022-03-14 12:17:24,899 [pool-16-thread-1] INFO  server.RaftServerConfigKeys (ConfUtils.java:logGet(44)) - raft.server.sleep.deviation.threshold = 300ms (default)
2022-03-14 12:17:24,899 [pool-16-thread-1] INFO  server.RaftServerConfigKeys (ConfUtils.java:logGet(44)) - raft.server.log.appender.install.snapshot.enabled = false (custom)
2022-03-14 12:17:24,899 [pool-16-thread-1] INFO  server.RaftServer$Division (ServerState.java:<init>(105)) - abc8918d-16fb-4660-8109-f5bf0640b8c5@group-5E3472D45912: ConfigurationManager, init=-1: [], old=null, confs=<EMPTY_MAP>
2022-03-14 12:17:24,899 [pool-16-thread-1] INFO  server.RaftServerConfigKeys (ConfUtils.java:logGet(44)) - raft.server.storage.dir = [/home/runner/work/ozone/ozone/hadoop-ozone/integration-test/target/test-dir/MiniOzoneClusterImpl-278953cb-1c57-4e8b-ba2f-5e3472d45912/ozone-meta/scm-ha] (custom)
2022-03-14 12:17:24,899 [pool-16-thread-1] INFO  server.RaftServerConfigKeys (ConfUtils.java:logGet(44)) - raft.server.log.corruption.policy = EXCEPTION (default)
2022-03-14 12:17:24,900 [pool-16-thread-1] INFO  server.RaftServerConfigKeys (ConfUtils.java:logGet(44)) - raft.server.storage.free-space.min = 0MB (=0) (default)
2022-03-14 12:17:24,901 [pool-16-thread-1] INFO  storage.RaftStorageDirectory (RaftStorageDirectoryImpl.java:tryLock(230)) - Lock on /home/runner/work/ozone/ozone/hadoop-ozone/integration-test/target/test-dir/MiniOzoneClusterImpl-278953cb-1c57-4e8b-ba2f-5e3472d45912/ozone-meta/scm-ha/278953cb-1c57-4e8b-ba2f-5e3472d45912/in_use.lock acquired by nodename 10847@fv-az291-848
2022-03-14 12:17:24,902 [pool-16-thread-1] INFO  storage.RaftStorage (RaftStorageImpl.java:analyzeAndRecoverStorage(110)) - Read RaftStorageMetadata{term=1, votedFor=abc8918d-16fb-4660-8109-f5bf0640b8c5} from /home/runner/work/ozone/ozone/hadoop-ozone/integration-test/target/test-dir/MiniOzoneClusterImpl-278953cb-1c57-4e8b-ba2f-5e3472d45912/ozone-meta/scm-ha/278953cb-1c57-4e8b-ba2f-5e3472d45912/current/raft-meta
2022-03-14 12:17:24,911 [pool-16-thread-1] INFO  server.RaftServer$Division (ServerState.java:setRaftConf(387)) - abc8918d-16fb-4660-8109-f5bf0640b8c5@group-5E3472D45912: set configuration 0: [abc8918d-16fb-4660-8109-f5bf0640b8c5|rpc:fv-az291-848:9894|admin:|client:|dataStream:|priority:0], old=null
2022-03-14 12:17:24,912 [pool-16-thread-1] INFO  server.RaftServerConfigKeys (ConfUtils.java:logGet(44)) - raft.server.notification.no-leader.timeout = 60s (default)
2022-03-14 12:17:24,912 [pool-16-thread-1] INFO  server.RaftServerConfigKeys (ConfUtils.java:logGet(44)) - raft.server.log.use.memory = false (default)
2022-03-14 12:17:24,912 [pool-16-thread-1] INFO  server.RaftServerConfigKeys (ConfUtils.java:logGet(44)) - raft.server.log.purge.gap = 1000000 (custom)
2022-03-14 12:17:24,912 [pool-16-thread-1] INFO  server.RaftServerConfigKeys (ConfUtils.java:logGet(44)) - raft.server.log.appender.buffer.byte-limit = 33554432 (custom)
2022-03-14 12:17:24,915 [pool-16-thread-1] INFO  server.RaftServerConfigKeys (ConfUtils.java:logGet(44)) - raft.server.log.segment.size.max = 4194304 (custom)
2022-03-14 12:17:24,915 [pool-16-thread-1] INFO  server.RaftServerConfigKeys (ConfUtils.java:logGet(44)) - raft.server.log.segment.cache.num.max = 2 (custom)
2022-03-14 12:17:24,915 [pool-16-thread-1] INFO  server.RaftServerConfigKeys (ConfUtils.java:logGet(44)) - raft.server.log.segment.cache.size.max = 200MB (=209715200) (default)
2022-03-14 12:17:24,916 [pool-16-thread-1] INFO  segmented.SegmentedRaftLogWorker (SegmentedRaftLogWorker.java:<init>(182)) - new abc8918d-16fb-4660-8109-f5bf0640b8c5@group-5E3472D45912-SegmentedRaftLogWorker for RaftStorageImpl:Storage Directory /home/runner/work/ozone/ozone/hadoop-ozone/integration-test/target/test-dir/MiniOzoneClusterImpl-278953cb-1c57-4e8b-ba2f-5e3472d45912/ozone-meta/scm-ha/278953cb-1c57-4e8b-ba2f-5e3472d45912
2022-03-14 12:17:24,916 [pool-16-thread-1] INFO  server.RaftServerConfigKeys (ConfUtils.java:logGet(44)) - raft.server.log.queue.byte-limit = 64MB (=67108864) (default)
2022-03-14 12:17:24,916 [pool-16-thread-1] INFO  server.RaftServerConfigKeys (ConfUtils.java:logGet(44)) - raft.server.log.queue.element-limit = 4096 (default)
2022-03-14 12:17:24,916 [pool-16-thread-1] INFO  server.RaftServerConfigKeys (ConfUtils.java:logGet(44)) - raft.server.log.segment.size.max = 4194304 (custom)
2022-03-14 12:17:24,916 [pool-16-thread-1] INFO  server.RaftServerConfigKeys (ConfUtils.java:logGet(44)) - raft.server.log.preallocated.size = 4194304 (custom)
2022-03-14 12:17:24,916 [pool-16-thread-1] INFO  server.RaftServerConfigKeys (ConfUtils.java:logGet(44)) - raft.server.log.force.sync.num = 128 (default)
2022-03-14 12:17:24,916 [pool-16-thread-1] INFO  server.RaftServerConfigKeys (ConfUtils.java:logGet(44)) - raft.server.log.statemachine.data.sync = true (default)
2022-03-14 12:17:24,916 [pool-16-thread-1] INFO  server.RaftServerConfigKeys (ConfUtils.java:logGet(44)) - raft.server.log.statemachine.data.sync.timeout = 10s (default)
2022-03-14 12:17:24,916 [pool-16-thread-1] INFO  server.RaftServerConfigKeys (ConfUtils.java:logGet(44)) - raft.server.log.statemachine.data.sync.timeout.retry = -1 (default)
2022-03-14 12:17:24,917 [pool-16-thread-1] INFO  server.RaftServerConfigKeys (ConfUtils.java:logGet(44)) - raft.server.log.write.buffer.size = 64KB (=65536) (default)
2022-03-14 12:17:24,918 [pool-16-thread-1] INFO  server.RaftServerConfigKeys (ConfUtils.java:logGet(44)) - raft.server.log.statemachine.data.caching.enabled = false (default)
2022-03-14 12:17:24,923 [pool-16-thread-1] INFO  server.RaftServer$Division (ServerState.java:setRaftConf(387)) - abc8918d-16fb-4660-8109-f5bf0640b8c5@group-5E3472D45912: set configuration 0: [abc8918d-16fb-4660-8109-f5bf0640b8c5|rpc:fv-az291-848:9894|admin:|client:|dataStream:|priority:0], old=null
2022-03-14 12:17:24,924 [pool-16-thread-1] INFO  segmented.LogSegment (LogSegment.java:loadSegment(173)) - Successfully read 1 entries from segment file /home/runner/work/ozone/ozone/hadoop-ozone/integration-test/target/test-dir/MiniOzoneClusterImpl-278953cb-1c57-4e8b-ba2f-5e3472d45912/ozone-meta/scm-ha/278953cb-1c57-4e8b-ba2f-5e3472d45912/current/log_inprogress_0
2022-03-14 12:17:24,924 [pool-16-thread-1] INFO  segmented.SegmentedRaftLogWorker (SegmentedRaftLogWorker.java:lambda$new$0(133)) - abc8918d-16fb-4660-8109-f5bf0640b8c5@group-5E3472D45912-SegmentedRaftLogWorker: flushIndex: setUnconditionally 0 -> 0
2022-03-14 12:17:24,924 [pool-16-thread-1] INFO  segmented.SegmentedRaftLogWorker (SegmentedRaftLogWorker.java:lambda$new$0(133)) - abc8918d-16fb-4660-8109-f5bf0640b8c5@group-5E3472D45912-SegmentedRaftLogWorker: safeCacheEvictIndex: setUnconditionally 0 -> -1
2022-03-14 12:17:24,926 [pool-16-thread-1] INFO  server.RaftServerConfigKeys (ConfUtils.java:logGet(44)) - raft.server.snapshot.auto.trigger.enabled = true (custom)
2022-03-14 12:17:24,926 [pool-16-thread-1] INFO  server.RaftServerConfigKeys (ConfUtils.java:logGet(44)) - raft.server.snapshot.auto.trigger.threshold = 1000 (custom)
2022-03-14 12:17:24,926 [pool-16-thread-1] INFO  server.RaftServerConfigKeys (ConfUtils.java:logGet(44)) - raft.server.snapshot.retention.file.num = -1 (default)
2022-03-14 12:17:24,926 [pool-16-thread-1] INFO  server.RaftServerConfigKeys (ConfUtils.java:logGet(44)) - raft.server.log.purge.upto.snapshot.index = false (default)
2022-03-14 12:17:24,926 [pool-16-thread-1] INFO  server.RaftServerConfigKeys (ConfUtils.java:logGet(44)) - raft.server.retrycache.expirytime = 60000ms (default)
2022-03-14 12:17:24,926 [pool-16-thread-1] INFO  server.RaftServerConfigKeys (ConfUtils.java:logGet(44)) - raft.server.retrycache.statistics.expirytime = 100μs (default)
2022-03-14 12:17:24,929 [main] INFO  ha.SCMSnapshotProvider (SCMSnapshotProvider.java:<init>(66)) - Initializing SCM Snapshot Provider
2022-03-14 12:17:24,929 [main] WARN  server.ServerUtils (ServerUtils.java:getDefaultRatisDirectory(237)) - Storage directory for Ratis is not configured. It is a good idea to map this to an SSD disk. Falling back to ozone.metadata.dirs
2022-03-14 12:17:24,929 [main] WARN  ha.SCMHAUtils (SCMHAUtils.java:getSCMRatisSnapshotDirectory(151)) - SCM snapshot dir is not configured. Falling back to ozone.metadata.dirs config
2022-03-14 12:17:25,025 [main] INFO  ha.SequenceIdGenerator (SequenceIdGenerator.java:upgradeToSequenceId(347)) - upgrade localId to 109611004723200000
2022-03-14 12:17:25,025 [main] INFO  ha.SequenceIdGenerator (SequenceIdGenerator.java:upgradeToSequenceId(357)) - upgrade delTxnId to 0
2022-03-14 12:17:25,034 [main] INFO  ha.SequenceIdGenerator (SequenceIdGenerator.java:upgradeToSequenceId(371)) - upgrade containerId to 0
2022-03-14 12:17:25,036 [main] INFO  ha.SequenceIdGenerator (SequenceIdGenerator.java:<init>(218)) - Init the HA SequenceIdGenerator.
2022-03-14 12:17:25,064 [main] WARN  server.ServerUtils (ServerUtils.java:sanitizeUserArgs(73)) - ozone.scm.stale.node.interval value = 300000 is larger than max = 100000 based on the key value of ozone.scm.heartbeat.thread.interval, reset to the max value 100000.
2022-03-14 12:17:25,064 [main] WARN  server.ServerUtils (ServerUtils.java:sanitizeUserArgs(73)) - ozone.scm.stale.node.interval value = 300000 is larger than max = 100000 based on the key value of ozone.scm.heartbeat.thread.interval, reset to the max value 100000.
2022-03-14 12:17:25,071 [main] INFO  node.SCMNodeManager (SCMNodeManager.java:<init>(146)) - Entering startup safe mode.
2022-03-14 12:17:25,117 [main] INFO  algorithms.ContainerPlacementPolicyFactory (ContainerPlacementPolicyFactory.java:getPolicy(60)) - Create container placement policy of type org.apache.hadoop.hdds.scm.container.placement.algorithms.SCMContainerPlacementRandom
2022-03-14 12:17:25,124 [main] INFO  pipeline.PipelineStateManagerImpl (PipelineStateManagerImpl.java:initialize(78)) - No pipeline exists in current db
2022-03-14 12:17:25,148 [main] INFO  algorithms.LeaderChoosePolicyFactory (LeaderChoosePolicyFactory.java:getPolicy(57)) - Create leader choose policy of type org.apache.hadoop.hdds.scm.pipeline.leader.choose.algorithms.MinLeaderCountChoosePolicy
2022-03-14 12:17:25,152 [main] INFO  ha.SCMServiceManager (SCMServiceManager.java:register(42)) - Registering service BackgroundPipelineCreator.
2022-03-14 12:17:25,152 [main] INFO  pipeline.BackgroundPipelineCreator (BackgroundPipelineCreator.java:start(130)) - Starting RatisPipelineUtilsThread.
2022-03-14 12:17:25,180 [main] INFO  algorithms.PipelineChoosePolicyFactory (PipelineChoosePolicyFactory.java:createPipelineChoosePolicyFromClass(73)) - Create pipeline choose policy of type org.apache.hadoop.hdds.scm.pipeline.choose.algorithms.RandomPipelineChoosePolicy
2022-03-14 12:17:25,192 [main] INFO  ha.SCMServiceManager (SCMServiceManager.java:register(42)) - Registering service SCMBlockDeletingService.
2022-03-14 12:17:25,211 [main] INFO  ha.SCMServiceManager (SCMServiceManager.java:register(42)) - Registering service ReplicationManager.
2022-03-14 12:17:25,220 [main] INFO  container.ReplicationManager (ReplicationManager.java:start(326)) - Starting Replication Monitor Thread.
2022-03-14 12:17:25,229 [main] INFO  safemode.ContainerSafeModeRule (ContainerSafeModeRule.java:<init>(89)) - containers with one replica threshold count 0
2022-03-14 12:17:25,229 [ReplicationMonitor] INFO  container.ReplicationManager (ReplicationManager.java:processAll(374)) - Replication Manager is not ready to run until 3000ms after safemode exit
2022-03-14 12:17:25,232 [main] INFO  safemode.HealthyPipelineSafeModeRule (HealthyPipelineSafeModeRule.java:initializeRule(156)) - Total pipeline count is 0, healthy pipeline threshold count is 1
2022-03-14 12:17:25,234 [main] INFO  safemode.OneReplicaPipelineSafeModeRule (OneReplicaPipelineSafeModeRule.java:initializeRule(180)) - Total pipeline count is 0, pipeline's with at least one datanode reported threshold count is 0
2022-03-14 12:17:25,540 [main] INFO  ipc.CallQueueManager (CallQueueManager.java:<init>(90)) - Using callQueue: class java.util.concurrent.LinkedBlockingQueue, queueCapacity: 2000, scheduler: class org.apache.hadoop.ipc.DefaultRpcScheduler, ipcBackoff: false.
2022-03-14 12:17:25,571 [Socket Reader #1 for port 0] INFO  ipc.Server (Server.java:run(1265)) - Starting Socket Reader #1 for port 0
2022-03-14 12:17:25,615 [Listener at 0.0.0.0/43901] INFO  ipc.CallQueueManager (CallQueueManager.java:<init>(90)) - Using callQueue: class java.util.concurrent.LinkedBlockingQueue, queueCapacity: 2000, scheduler: class org.apache.hadoop.ipc.DefaultRpcScheduler, ipcBackoff: false.
2022-03-14 12:17:25,616 [Socket Reader #1 for port 0] INFO  ipc.Server (Server.java:run(1265)) - Starting Socket Reader #1 for port 0
2022-03-14 12:17:25,637 [Listener at 0.0.0.0/32793] INFO  ipc.CallQueueManager (CallQueueManager.java:<init>(90)) - Using callQueue: class java.util.concurrent.LinkedBlockingQueue, queueCapacity: 2000, scheduler: class org.apache.hadoop.ipc.DefaultRpcScheduler, ipcBackoff: false.
2022-03-14 12:17:25,638 [Socket Reader #1 for port 0] INFO  ipc.Server (Server.java:run(1265)) - Starting Socket Reader #1 for port 0
2022-03-14 12:17:25,700 [Listener at 0.0.0.0/45869] INFO  server.StorageContainerManager (StorageContainerManager.java:<init>(389)) - 
Container Balancer status:
Key                            Value
Running                        false
Container Balancer Configuration values:
Key                                                Value
Threshold                                          10
Max Datanodes to Involve per Iteration(percent)    20
Max Size to Move per Iteration                     500GB
Max Size Entering Target per Iteration             26GB
Max Size Leaving Source per Iteration              26GB

2022-03-14 12:17:25,700 [Listener at 0.0.0.0/45869] WARN  events.EventQueue (EventQueue.java:fireEvent(194)) - No event handler registered for event TypedEvent{payloadType=SafeModeStatus, name='Safe mode status'}
2022-03-14 12:17:25,701 [Listener at 0.0.0.0/45869] INFO  ha.SCMContext (SCMContext.java:updateSafeModeStatus(211)) - Update SafeModeStatus from SafeModeStatus{safeModeStatus=true, preCheckPassed=false} to SafeModeStatus{safeModeStatus=true, preCheckPassed=false}.
2022-03-14 12:17:25,703 [Listener at 0.0.0.0/45869] INFO  server.StorageContainerManager (StorageContainerManager.java:start(1327)) - StorageContainerLocationProtocol RPC server is listening at /0.0.0.0:45869
2022-03-14 12:17:25,704 [Listener at 0.0.0.0/45869] INFO  ha.SCMRatisServerImpl (SCMRatisServerImpl.java:start(177)) - starting ratis server 0.0.0.0:9894
2022-03-14 12:17:25,705 [Listener at 0.0.0.0/45869] INFO  server.RaftServer$Division (RaftServerImpl.java:start(301)) - abc8918d-16fb-4660-8109-f5bf0640b8c5@group-5E3472D45912: start as a follower, conf=0: [abc8918d-16fb-4660-8109-f5bf0640b8c5|rpc:fv-az291-848:9894|admin:|client:|dataStream:|priority:0], old=null
2022-03-14 12:17:25,705 [Listener at 0.0.0.0/45869] INFO  server.RaftServer$Division (RaftServerImpl.java:setRole(290)) - abc8918d-16fb-4660-8109-f5bf0640b8c5@group-5E3472D45912: changes role from      null to FOLLOWER at term 1 for startAsFollower
2022-03-14 12:17:25,705 [Listener at 0.0.0.0/45869] INFO  impl.RoleInfo (RoleInfo.java:updateAndGet(130)) - abc8918d-16fb-4660-8109-f5bf0640b8c5: start abc8918d-16fb-4660-8109-f5bf0640b8c5@group-5E3472D45912-FollowerState
2022-03-14 12:17:25,706 [Listener at 0.0.0.0/45869] INFO  util.JmxRegister (JmxRegister.java:tryRegister(44)) - Successfully registered JMX Bean with object name Ratis:service=RaftServer,group=group-5E3472D45912,id=abc8918d-16fb-4660-8109-f5bf0640b8c5
2022-03-14 12:17:25,710 [Listener at 0.0.0.0/45869] INFO  server.RaftServer (RaftServerProxy.java:lambda$start$5(374)) - abc8918d-16fb-4660-8109-f5bf0640b8c5: start RPC server
2022-03-14 12:17:25,712 [Listener at 0.0.0.0/45869] INFO  server.GrpcService (GrpcService.java:startImpl(253)) - abc8918d-16fb-4660-8109-f5bf0640b8c5: GrpcService started, listening on 9894
2022-03-14 12:17:25,714 [Listener at 0.0.0.0/45869] INFO  ha.SCMHAManagerImpl (SCMHAManagerImpl.java:start(121)) -  scm role is FOLLOWER peers [abc8918d-16fb-4660-8109-f5bf0640b8c5|rpc:fv-az291-848:9894|admin:|client:|dataStream:|priority:0]
2022-03-14 12:17:25,714 [Listener at 0.0.0.0/45869] INFO  ha.InterSCMGrpcService (InterSCMGrpcProtocolService.java:start(94)) - Starting SCM Grpc Service at port 9895
2022-03-14 12:17:25,726 [org.apache.ratis.util.JvmPauseMonitor$$Lambda$422/892611887@7a600e21] INFO  util.JvmPauseMonitor (JvmPauseMonitor.java:run(103)) - JvmPauseMonitor-abc8918d-16fb-4660-8109-f5bf0640b8c5: Started
2022-03-14 12:17:25,776 [Listener at 0.0.0.0/45869] WARN  impl.MetricsConfig (MetricsConfig.java:loadFirst(136)) - Cannot locate configuration: tried hadoop-metrics2-storagecontainermanager.properties,hadoop-metrics2.properties
2022-03-14 12:17:25,790 [Listener at 0.0.0.0/45869] INFO  impl.MetricsSystemImpl (MetricsSystemImpl.java:startTimer(378)) - Scheduled Metric snapshot period at 10 second(s).
2022-03-14 12:17:25,790 [Listener at 0.0.0.0/45869] INFO  impl.MetricsSystemImpl (MetricsSystemImpl.java:start(191)) - StorageContainerManager metrics system started
2022-03-14 12:17:26,018 [Listener at 0.0.0.0/45869] INFO  server.SCMClientProtocolServer (SCMClientProtocolServer.java:start(165)) - RPC server for Client  is listening at /0.0.0.0:45869
2022-03-14 12:17:26,022 [IPC Server Responder] INFO  ipc.Server (Server.java:run(1507)) - IPC Server Responder: starting
2022-03-14 12:17:26,023 [IPC Server listener on 0] INFO  ipc.Server (Server.java:run(1344)) - IPC Server listener on 0: starting
2022-03-14 12:17:26,032 [Listener at 0.0.0.0/45869] INFO  server.StorageContainerManager (StorageContainerManager.java:start(1342)) - ScmBlockLocationProtocol RPC server is listening at /0.0.0.0:32793
2022-03-14 12:17:26,033 [Listener at 0.0.0.0/45869] INFO  server.SCMBlockProtocolServer (SCMBlockProtocolServer.java:start(151)) - RPC server for Block Protocol is listening at /0.0.0.0:32793
2022-03-14 12:17:26,034 [IPC Server Responder] INFO  ipc.Server (Server.java:run(1507)) - IPC Server Responder: starting
2022-03-14 12:17:26,034 [IPC Server listener on 0] INFO  ipc.Server (Server.java:run(1344)) - IPC Server listener on 0: starting
2022-03-14 12:17:26,058 [org.apache.hadoop.util.JvmPauseMonitor$Monitor@572db5ee] INFO  util.JvmPauseMonitor (JvmPauseMonitor.java:run(188)) - Starting JVM pause monitor
2022-03-14 12:17:26,072 [Listener at 0.0.0.0/45869] INFO  http.BaseHttpServer (BaseHttpServer.java:newHttpServer2BuilderForOzone(209)) - Starting Web-server for scm at: http://0.0.0.0:0
2022-03-14 12:17:26,073 [Listener at 0.0.0.0/45869] INFO  http.BaseHttpServer (BaseHttpServer.java:<init>(107)) - Hadoop Security Enabled: false Ozone Security Enabled: false Ozone HTTP Security Enabled: false 
2022-03-14 12:17:26,099 [Listener at 0.0.0.0/45869] INFO  util.log (Log.java:initialized(170)) - Logging initialized @10393ms to org.eclipse.jetty.util.log.Slf4jLog
2022-03-14 12:17:26,202 [Listener at 0.0.0.0/45869] INFO  server.AuthenticationFilter (AuthenticationFilter.java:constructSecretProvider(240)) - Unable to initialize FileSignerSecretProvider, falling back to use random secrets.
2022-03-14 12:17:26,207 [Listener at 0.0.0.0/45869] WARN  http.HttpRequestLog (HttpRequestLog.java:getRequestLog(103)) - Jetty request log can only be enabled using Log4j
2022-03-14 12:17:26,214 [Listener at 0.0.0.0/45869] INFO  http.HttpServer2 (HttpServer2.java:addGlobalFilter(1030)) - Added global filter 'safety' (class=org.apache.hadoop.hdds.server.http.HttpServer2$QuotingInputFilter)
2022-03-14 12:17:26,216 [Listener at 0.0.0.0/45869] INFO  http.HttpServer2 (HttpServer2.java:addFilter(1006)) - Added filter static_user_filter (class=org.apache.hadoop.http.lib.StaticUserWebFilter$StaticUserFilter) to context scm
2022-03-14 12:17:26,216 [Listener at 0.0.0.0/45869] INFO  http.HttpServer2 (HttpServer2.java:addFilter(1014)) - Added filter static_user_filter (class=org.apache.hadoop.http.lib.StaticUserWebFilter$StaticUserFilter) to context static
2022-03-14 12:17:26,216 [Listener at 0.0.0.0/45869] INFO  http.HttpServer2 (HttpServer2.java:addFilter(1014)) - Added filter static_user_filter (class=org.apache.hadoop.http.lib.StaticUserWebFilter$StaticUserFilter) to context logs
2022-03-14 12:17:26,257 [Listener at 0.0.0.0/45869] INFO  http.HttpServer2 (HttpServer2.java:bindListener(1249)) - Jetty bound to port 46557
2022-03-14 12:17:26,259 [Listener at 0.0.0.0/45869] INFO  server.Server (Server.java:doStart(375)) - jetty-9.4.43.v20210629; built: 2021-06-30T11:07:22.254Z; git: 526006ecfa3af7f1a27ef3a288e2bef7ea9dd7e8; jvm 1.8.0_322-b06
2022-03-14 12:17:26,289 [Listener at 0.0.0.0/45869] INFO  server.session (DefaultSessionIdManager.java:doStart(334)) - DefaultSessionIdManager workerName=node0
2022-03-14 12:17:26,290 [Listener at 0.0.0.0/45869] INFO  server.session (DefaultSessionIdManager.java:doStart(339)) - No SessionScavenger set, using defaults
2022-03-14 12:17:26,292 [Listener at 0.0.0.0/45869] INFO  server.session (HouseKeeper.java:startScavenging(132)) - node0 Scavenging every 600000ms
2022-03-14 12:17:26,305 [Listener at 0.0.0.0/45869] INFO  handler.ContextHandler (ContextHandler.java:doStart(915)) - Started o.e.j.s.ServletContextHandler@58c80957{logs,/logs,file:///home/runner/work/ozone/ozone/hadoop-ozone/integration-test/target/log,AVAILABLE}
2022-03-14 12:17:26,306 [Listener at 0.0.0.0/45869] INFO  handler.ContextHandler (ContextHandler.java:doStart(915)) - Started o.e.j.s.ServletContextHandler@620f7a39{static,/static,file:///home/runner/work/ozone/ozone/hadoop-ozone/integration-test/target/test-classes/webapps/static,AVAILABLE}
2022-03-14 12:17:26,351 [Listener at 0.0.0.0/45869] INFO  handler.ContextHandler (ContextHandler.java:doStart(915)) - Started o.e.j.w.WebAppContext@4d529bc0{scm,/,file:///home/runner/work/ozone/ozone/hadoop-ozone/integration-test/target/test-classes/webapps/scm/,AVAILABLE}{file:/home/runner/work/ozone/ozone/hadoop-ozone/integration-test/target/test-classes/webapps/scm}
2022-03-14 12:17:26,360 [Listener at 0.0.0.0/45869] INFO  server.AbstractConnector (AbstractConnector.java:doStart(331)) - Started ServerConnector@6f00c40e{HTTP/1.1, (http/1.1)}{0.0.0.0:46557}
2022-03-14 12:17:26,360 [Listener at 0.0.0.0/45869] INFO  server.Server (Server.java:doStart(415)) - Started @10654ms
2022-03-14 12:17:26,362 [Listener at 0.0.0.0/45869] INFO  impl.MetricsSinkAdapter (MetricsSinkAdapter.java:start(204)) - Sink prometheus started
2022-03-14 12:17:26,362 [Listener at 0.0.0.0/45869] INFO  impl.MetricsSystemImpl (MetricsSystemImpl.java:registerSink(305)) - Registered sink prometheus
2022-03-14 12:17:26,363 [Listener at 0.0.0.0/45869] INFO  http.BaseHttpServer (BaseHttpServer.java:updateConnectorAddress(329)) - HTTP server of scm listening at http://0.0.0.0:46557
2022-03-14 12:17:26,469 [Listener at 0.0.0.0/45869] INFO  ha.OMHANodeDetails (OMHANodeDetails.java:loadOMHAConfig(118)) - ServiceID for OzoneManager is om-service-test1
2022-03-14 12:17:26,475 [Listener at 0.0.0.0/45869] INFO  ha.OMHANodeDetails (OMHANodeDetails.java:loadOMHAConfig(193)) - Found matching OM address with OMServiceId: om-service-test1, OMNodeId: omNode-1, RPC Address: localhost:33717 and Ratis port: 41375
2022-03-14 12:17:26,476 [Listener at 0.0.0.0/45869] INFO  ha.OMHANodeDetails (ConfUtils.java:setNodeSpecificConfigs(108)) - Setting configuration key ozone.om.http-address with value of key ozone.om.http-address.om-service-test1.omNode-1: 127.0.0.1:46861
2022-03-14 12:17:26,477 [Listener at 0.0.0.0/45869] INFO  ha.OMHANodeDetails (ConfUtils.java:setNodeSpecificConfigs(108)) - Setting configuration key ozone.om.https-address with value of key ozone.om.https-address.om-service-test1.omNode-1: 127.0.0.1:33721
2022-03-14 12:17:26,477 [Listener at 0.0.0.0/45869] INFO  ha.OMHANodeDetails (ConfUtils.java:setNodeSpecificConfigs(108)) - Setting configuration key ozone.om.address with value of key ozone.om.address.om-service-test1.omNode-1: 127.0.0.1:33717
2022-03-14 12:17:26,478 [Listener at 0.0.0.0/45869] WARN  server.ServerUtils (ServerUtils.java:getDBPath(225)) - ozone.om.db.dirs is not configured. We recommend adding this setting. Falling back to ozone.metadata.dirs instead.
2022-03-14 12:17:28,698 [Listener at 0.0.0.0/45869] INFO  retry.RetryInvocationHandler (RetryInvocationHandler.java:log(411)) - com.google.protobuf.ServiceException: org.apache.hadoop.ipc.RemoteException(org.apache.hadoop.hdds.ratis.ServerNotLeaderException): Server:abc8918d-16fb-4660-8109-f5bf0640b8c5 is not the leader. Could not determine the leader node.
	at org.apache.hadoop.hdds.ratis.ServerNotLeaderException.convertToNotLeaderException(ServerNotLeaderException.java:109)
	at org.apache.hadoop.hdds.scm.ha.RatisUtil.checkRatisException(RatisUtil.java:246)
	at org.apache.hadoop.hdds.scm.protocol.ScmBlockLocationProtocolServerSideTranslatorPB.send(ScmBlockLocationProtocolServerSideTranslatorPB.java:108)
	at org.apache.hadoop.hdds.protocol.proto.ScmBlockLocationProtocolProtos$ScmBlockLocationProtocolService$2.callBlockingMethod(ScmBlockLocationProtocolProtos.java:13937)
	at org.apache.hadoop.ipc.ProtobufRpcEngine$Server.processCall(ProtobufRpcEngine.java:466)
	at org.apache.hadoop.ipc.ProtobufRpcEngine2$Server$ProtoBufRpcInvoker.call(ProtobufRpcEngine2.java:574)
	at org.apache.hadoop.ipc.ProtobufRpcEngine2$Server$ProtoBufRpcInvoker.call(ProtobufRpcEngine2.java:552)
	at org.apache.hadoop.ipc.RPC$Server.call(RPC.java:1093)
	at org.apache.hadoop.ipc.Server$RpcCall.run(Server.java:1035)
	at org.apache.hadoop.ipc.Server$RpcCall.run(Server.java:963)
	at java.security.AccessController.doPrivileged(Native Method)
	at javax.security.auth.Subject.doAs(Subject.java:422)
	at org.apache.hadoop.security.UserGroupInformation.doAs(UserGroupInformation.java:1878)
	at org.apache.hadoop.ipc.Server$Handler.run(Server.java:2966)
, while invoking $Proxy44.send over nodeId=scmNodeId,nodeAddress=/0.0.0.0:32793 after 1 failover attempts. Trying to failover after sleeping for 2000ms.
2022-03-14 12:17:30,701 [Listener at 0.0.0.0/45869] INFO  retry.RetryInvocationHandler (RetryInvocationHandler.java:log(411)) - com.google.protobuf.ServiceException: org.apache.hadoop.ipc.RemoteException(org.apache.hadoop.hdds.ratis.ServerNotLeaderException): Server:abc8918d-16fb-4660-8109-f5bf0640b8c5 is not the leader. Could not determine the leader node.
	at org.apache.hadoop.hdds.ratis.ServerNotLeaderException.convertToNotLeaderException(ServerNotLeaderException.java:109)
	at org.apache.hadoop.hdds.scm.ha.RatisUtil.checkRatisException(RatisUtil.java:246)
	at org.apache.hadoop.hdds.scm.protocol.ScmBlockLocationProtocolServerSideTranslatorPB.send(ScmBlockLocationProtocolServerSideTranslatorPB.java:108)
	at org.apache.hadoop.hdds.protocol.proto.ScmBlockLocationProtocolProtos$ScmBlockLocationProtocolService$2.callBlockingMethod(ScmBlockLocationProtocolProtos.java:13937)
	at org.apache.hadoop.ipc.ProtobufRpcEngine$Server.processCall(ProtobufRpcEngine.java:466)
	at org.apache.hadoop.ipc.ProtobufRpcEngine2$Server$ProtoBufRpcInvoker.call(ProtobufRpcEngine2.java:574)
	at org.apache.hadoop.ipc.ProtobufRpcEngine2$Server$ProtoBufRpcInvoker.call(ProtobufRpcEngine2.java:552)
	at org.apache.hadoop.ipc.RPC$Server.call(RPC.java:1093)
	at org.apache.hadoop.ipc.Server$RpcCall.run(Server.java:1035)
	at org.apache.hadoop.ipc.Server$RpcCall.run(Server.java:963)
	at java.security.AccessController.doPrivileged(Native Method)
	at javax.security.auth.Subject.doAs(Subject.java:422)
	at org.apache.hadoop.security.UserGroupInformation.doAs(UserGroupInformation.java:1878)
	at org.apache.hadoop.ipc.Server$Handler.run(Server.java:2966)
, while invoking $Proxy44.send over nodeId=scmNodeId,nodeAddress=/0.0.0.0:32793 after 2 failover attempts. Trying to failover after sleeping for 2000ms.
2022-03-14 12:17:30,789 [abc8918d-16fb-4660-8109-f5bf0640b8c5@group-5E3472D45912-FollowerState] INFO  impl.FollowerState (FollowerState.java:run(134)) - abc8918d-16fb-4660-8109-f5bf0640b8c5@group-5E3472D45912-FollowerState: change to CANDIDATE, lastRpcElapsedTime:5083466422ns, electionTimeout:5061ms
2022-03-14 12:17:30,789 [abc8918d-16fb-4660-8109-f5bf0640b8c5@group-5E3472D45912-FollowerState] INFO  impl.RoleInfo (RoleInfo.java:shutdownFollowerState(108)) - abc8918d-16fb-4660-8109-f5bf0640b8c5: shutdown abc8918d-16fb-4660-8109-f5bf0640b8c5@group-5E3472D45912-FollowerState
2022-03-14 12:17:30,789 [abc8918d-16fb-4660-8109-f5bf0640b8c5@group-5E3472D45912-FollowerState] INFO  server.RaftServer$Division (RaftServerImpl.java:setRole(290)) - abc8918d-16fb-4660-8109-f5bf0640b8c5@group-5E3472D45912: changes role from  FOLLOWER to CANDIDATE at term 1 for changeToCandidate
2022-03-14 12:17:30,790 [abc8918d-16fb-4660-8109-f5bf0640b8c5@group-5E3472D45912-FollowerState] INFO  server.RaftServerConfigKeys (ConfUtils.java:logGet(44)) - raft.server.leaderelection.pre-vote = false (custom)
2022-03-14 12:17:30,790 [abc8918d-16fb-4660-8109-f5bf0640b8c5@group-5E3472D45912-FollowerState] INFO  impl.RoleInfo (RoleInfo.java:updateAndGet(130)) - abc8918d-16fb-4660-8109-f5bf0640b8c5: start abc8918d-16fb-4660-8109-f5bf0640b8c5@group-5E3472D45912-LeaderElection2
2022-03-14 12:17:30,792 [abc8918d-16fb-4660-8109-f5bf0640b8c5@group-5E3472D45912-LeaderElection2] INFO  impl.LeaderElection (LeaderElection.java:askForVotes(306)) - abc8918d-16fb-4660-8109-f5bf0640b8c5@group-5E3472D45912-LeaderElection2 ELECTION round 0: submit vote requests at term 2 for 0: [abc8918d-16fb-4660-8109-f5bf0640b8c5|rpc:fv-az291-848:9894|admin:|client:|dataStream:|priority:0], old=null
2022-03-14 12:17:30,792 [abc8918d-16fb-4660-8109-f5bf0640b8c5@group-5E3472D45912-LeaderElection2] INFO  impl.LeaderElection (LeaderElection.java:askForVotes(308)) - abc8918d-16fb-4660-8109-f5bf0640b8c5@group-5E3472D45912-LeaderElection2 ELECTION round 0: result PASSED (term=2)
2022-03-14 12:17:30,792 [abc8918d-16fb-4660-8109-f5bf0640b8c5@group-5E3472D45912-LeaderElection2] INFO  impl.RoleInfo (RoleInfo.java:shutdownLeaderElection(121)) - abc8918d-16fb-4660-8109-f5bf0640b8c5: shutdown abc8918d-16fb-4660-8109-f5bf0640b8c5@group-5E3472D45912-LeaderElection2
2022-03-14 12:17:30,792 [abc8918d-16fb-4660-8109-f5bf0640b8c5@group-5E3472D45912-LeaderElection2] INFO  server.RaftServer$Division (RaftServerImpl.java:setRole(290)) - abc8918d-16fb-4660-8109-f5bf0640b8c5@group-5E3472D45912: changes role from CANDIDATE to LEADER at term 2 for changeToLeader
2022-03-14 12:17:30,792 [abc8918d-16fb-4660-8109-f5bf0640b8c5@group-5E3472D45912-LeaderElection2] INFO  ha.SCMStateMachine (SCMStateMachine.java:notifyLeaderChanged(259)) - current SCM becomes leader of term 2.
2022-03-14 12:17:30,793 [abc8918d-16fb-4660-8109-f5bf0640b8c5@group-5E3472D45912-LeaderElection2] INFO  ha.SCMContext (SCMContext.java:updateLeaderAndTerm(90)) - update <isLeader,term> from <false,0> to <true,2>
2022-03-14 12:17:30,794 [abc8918d-16fb-4660-8109-f5bf0640b8c5@group-5E3472D45912-LeaderElection2] INFO  server.RaftServer$Division (ServerState.java:setLeader(285)) - abc8918d-16fb-4660-8109-f5bf0640b8c5@group-5E3472D45912: change Leader from null to abc8918d-16fb-4660-8109-f5bf0640b8c5 at term 2 for becomeLeader, leader elected after 5880ms
2022-03-14 12:17:30,794 [abc8918d-16fb-4660-8109-f5bf0640b8c5@group-5E3472D45912-LeaderElection2] INFO  server.RaftServerConfigKeys (ConfUtils.java:logGet(44)) - raft.server.staging.catchup.gap = 1000 (default)
2022-03-14 12:17:30,795 [abc8918d-16fb-4660-8109-f5bf0640b8c5@group-5E3472D45912-LeaderElection2] INFO  server.RaftServerConfigKeys (ConfUtils.java:logGet(44)) - raft.server.write.element-limit = 4096 (default)
2022-03-14 12:17:30,795 [abc8918d-16fb-4660-8109-f5bf0640b8c5@group-5E3472D45912-LeaderElection2] INFO  server.RaftServerConfigKeys (ConfUtils.java:logGet(44)) - raft.server.write.byte-limit = 64MB (=67108864) (default)
2022-03-14 12:17:30,795 [abc8918d-16fb-4660-8109-f5bf0640b8c5@group-5E3472D45912-LeaderElection2] INFO  server.RaftServerConfigKeys (ConfUtils.java:logGet(44)) - raft.server.watch.timeout = 10s (default)
2022-03-14 12:17:30,795 [abc8918d-16fb-4660-8109-f5bf0640b8c5@group-5E3472D45912-LeaderElection2] INFO  server.RaftServerConfigKeys (ConfUtils.java:logGet(44)) - raft.server.watch.timeout.denomination = 1s (default)
2022-03-14 12:17:30,795 [abc8918d-16fb-4660-8109-f5bf0640b8c5@group-5E3472D45912-LeaderElection2] INFO  server.RaftServerConfigKeys (ConfUtils.java:logGet(44)) - raft.server.watch.element-limit = 65536 (default)
2022-03-14 12:17:30,795 [abc8918d-16fb-4660-8109-f5bf0640b8c5@group-5E3472D45912-LeaderElection2] INFO  server.RaftServerConfigKeys (ConfUtils.java:logGet(44)) - raft.server.write.element-limit = 4096 (default)
2022-03-14 12:17:30,795 [abc8918d-16fb-4660-8109-f5bf0640b8c5@group-5E3472D45912-LeaderElection2] INFO  server.RaftServerConfigKeys (ConfUtils.java:logGet(44)) - raft.server.write.follower.gap.ratio.max = -1.0 (default)
2022-03-14 12:17:30,796 [abc8918d-16fb-4660-8109-f5bf0640b8c5@group-5E3472D45912-LeaderElection2] INFO  impl.RoleInfo (RoleInfo.java:updateAndGet(130)) - abc8918d-16fb-4660-8109-f5bf0640b8c5: start abc8918d-16fb-4660-8109-f5bf0640b8c5@group-5E3472D45912-LeaderStateImpl
2022-03-14 12:17:30,802 [abc8918d-16fb-4660-8109-f5bf0640b8c5@group-5E3472D45912-LeaderElection2] INFO  segmented.SegmentedRaftLogWorker (SegmentedRaftLogWorker.java:rollLogSegment(399)) - abc8918d-16fb-4660-8109-f5bf0640b8c5@group-5E3472D45912-SegmentedRaftLogWorker: Rolling segment log-0_0 to index:0
2022-03-14 12:17:30,805 [abc8918d-16fb-4660-8109-f5bf0640b8c5@group-5E3472D45912-SegmentedRaftLogWorker] INFO  segmented.SegmentedRaftLogWorker (SegmentedRaftLogWorker.java:execute(558)) - abc8918d-16fb-4660-8109-f5bf0640b8c5@group-5E3472D45912-SegmentedRaftLogWorker: Rolled log segment from /home/runner/work/ozone/ozone/hadoop-ozone/integration-test/target/test-dir/MiniOzoneClusterImpl-278953cb-1c57-4e8b-ba2f-5e3472d45912/ozone-meta/scm-ha/278953cb-1c57-4e8b-ba2f-5e3472d45912/current/log_inprogress_0 to /home/runner/work/ozone/ozone/hadoop-ozone/integration-test/target/test-dir/MiniOzoneClusterImpl-278953cb-1c57-4e8b-ba2f-5e3472d45912/ozone-meta/scm-ha/278953cb-1c57-4e8b-ba2f-5e3472d45912/current/log_0-0
2022-03-14 12:17:30,810 [abc8918d-16fb-4660-8109-f5bf0640b8c5@group-5E3472D45912-LeaderElection2] INFO  server.RaftServer$Division (ServerState.java:setRaftConf(387)) - abc8918d-16fb-4660-8109-f5bf0640b8c5@group-5E3472D45912: set configuration 1: [abc8918d-16fb-4660-8109-f5bf0640b8c5|rpc:fv-az291-848:9894|admin:|client:|dataStream:|priority:0], old=null
2022-03-14 12:17:30,815 [abc8918d-16fb-4660-8109-f5bf0640b8c5@group-5E3472D45912-SegmentedRaftLogWorker] INFO  segmented.SegmentedRaftLogWorker (SegmentedRaftLogWorker.java:execute(601)) - abc8918d-16fb-4660-8109-f5bf0640b8c5@group-5E3472D45912-SegmentedRaftLogWorker: created new log segment /home/runner/work/ozone/ozone/hadoop-ozone/integration-test/target/test-dir/MiniOzoneClusterImpl-278953cb-1c57-4e8b-ba2f-5e3472d45912/ozone-meta/scm-ha/278953cb-1c57-4e8b-ba2f-5e3472d45912/current/log_inprogress_1
2022-03-14 12:17:30,817 [abc8918d-16fb-4660-8109-f5bf0640b8c5@group-5E3472D45912-StateMachineUpdater] INFO  ha.SCMContext (SCMContext.java:setLeaderReady(117)) - update <isLeaderReady> from <false> to <true>
2022-03-14 12:17:30,817 [abc8918d-16fb-4660-8109-f5bf0640b8c5@group-5E3472D45912-StateMachineUpdater] INFO  pipeline.BackgroundPipelineCreator (BackgroundPipelineCreator.java:notifyStatusChanged(264)) - Service BackgroundPipelineCreator transitions to RUNNING.
2022-03-14 12:17:30,818 [abc8918d-16fb-4660-8109-f5bf0640b8c5@group-5E3472D45912-StateMachineUpdater] INFO  safemode.HealthyPipelineSafeModeRule (HealthyPipelineSafeModeRule.java:initializeRule(152)) - Refreshed total pipeline count is 0, healthy pipeline threshold count is 1
2022-03-14 12:17:30,819 [abc8918d-16fb-4660-8109-f5bf0640b8c5@group-5E3472D45912-StateMachineUpdater] INFO  safemode.ContainerSafeModeRule (ContainerSafeModeRule.java:reInitializeRule(177)) - Refreshed one replica container threshold 0, currentThreshold 0
2022-03-14 12:17:30,819 [abc8918d-16fb-4660-8109-f5bf0640b8c5@group-5E3472D45912-StateMachineUpdater] INFO  safemode.OneReplicaPipelineSafeModeRule (OneReplicaPipelineSafeModeRule.java:initializeRule(176)) - Refreshed Total pipeline count is 0, pipeline's with at least one datanode reported threshold count is 0
2022-03-14 12:17:30,819 [abc8918d-16fb-4660-8109-f5bf0640b8c5@group-5E3472D45912-StateMachineUpdater] INFO  server.SCMDatanodeProtocolServer (SCMDatanodeProtocolServer.java:start(183)) - ScmDatanodeProtocol RPC server for DataNodes is listening at /0.0.0.0:43901
2022-03-14 12:17:30,827 [IPC Server listener on 0] INFO  ipc.Server (Server.java:run(1344)) - IPC Server listener on 0: starting
2022-03-14 12:17:30,831 [IPC Server Responder] INFO  ipc.Server (Server.java:run(1507)) - IPC Server Responder: starting
OM initialization succeeded.Current cluster id for sd=/home/runner/work/ozone/ozone/hadoop-ozone/integration-test/target/test-dir/MiniOzoneClusterImpl-278953cb-1c57-4e8b-ba2f-5e3472d45912/omNode-1/om;cid=278953cb-1c57-4e8b-ba2f-5e3472d45912;layoutVersion=0
2022-03-14 12:17:32,729 [Listener at 0.0.0.0/45869] INFO  ha.OMHANodeDetails (OMHANodeDetails.java:loadOMHAConfig(118)) - ServiceID for OzoneManager is om-service-test1
2022-03-14 12:17:32,730 [Listener at 0.0.0.0/45869] INFO  ha.OMHANodeDetails (OMHANodeDetails.java:loadOMHAConfig(193)) - Found matching OM address with OMServiceId: om-service-test1, OMNodeId: omNode-1, RPC Address: localhost:33717 and Ratis port: 41375
2022-03-14 12:17:32,730 [Listener at 0.0.0.0/45869] INFO  ha.OMHANodeDetails (ConfUtils.java:setNodeSpecificConfigs(108)) - Setting configuration key ozone.om.http-address with value of key ozone.om.http-address.om-service-test1.omNode-1: 127.0.0.1:46861
2022-03-14 12:17:32,731 [Listener at 0.0.0.0/45869] INFO  ha.OMHANodeDetails (ConfUtils.java:setNodeSpecificConfigs(108)) - Setting configuration key ozone.om.https-address with value of key ozone.om.https-address.om-service-test1.omNode-1: 127.0.0.1:33721
2022-03-14 12:17:32,731 [Listener at 0.0.0.0/45869] INFO  ha.OMHANodeDetails (ConfUtils.java:setNodeSpecificConfigs(108)) - Setting configuration key ozone.om.address with value of key ozone.om.address.om-service-test1.omNode-1: 127.0.0.1:33717
2022-03-14 12:17:32,731 [Listener at 0.0.0.0/45869] WARN  server.ServerUtils (ServerUtils.java:getDBPath(225)) - ozone.om.db.dirs is not configured. We recommend adding this setting. Falling back to ozone.metadata.dirs instead.
2022-03-14 12:17:32,732 [Listener at 0.0.0.0/45869] INFO  upgrade.AbstractLayoutVersionManager (AbstractLayoutVersionManager.java:init(79)) - Initializing Layout version manager with metadata layout = INITIAL_VERSION (version = 0), software layout = INITIAL_VERSION (version = 0)
2022-03-14 12:17:32,789 [Listener at 0.0.0.0/45869] INFO  reflections.Reflections (Reflections.java:scan(232)) - Reflections took 53 ms to scan 2 urls, producing 134 keys and 349 values [using 2 cores]
2022-03-14 12:17:32,793 [Listener at 0.0.0.0/45869] INFO  upgrade.OMLayoutVersionManager (OMLayoutVersionManager.java:lambda$0(115)) - Skipping Upgrade Action MockOmUpgradeAction since it has been finalized.
2022-03-14 12:17:32,800 [Listener at 0.0.0.0/45869] WARN  server.ServerUtils (ServerUtils.java:getDBPath(225)) - ozone.om.db.dirs is not configured. We recommend adding this setting. Falling back to ozone.metadata.dirs instead.
2022-03-14 12:17:32,976 [Listener at 0.0.0.0/45869] WARN  server.ServerUtils (ServerUtils.java:getDBPath(225)) - ozone.om.db.dirs is not configured. We recommend adding this setting. Falling back to ozone.metadata.dirs instead.
2022-03-14 12:17:32,982 [Listener at 0.0.0.0/45869] INFO  codec.OmKeyInfoCodec (OmKeyInfoCodec.java:<init>(49)) - OmKeyInfoCodec ignorePipeline = true
2022-03-14 12:17:32,983 [Listener at 0.0.0.0/45869] INFO  codec.RepeatedOmKeyInfoCodec (RepeatedOmKeyInfoCodec.java:<init>(41)) - RepeatedOmKeyInfoCodec ignorePipeline = true
2022-03-14 12:17:33,174 [Listener at 0.0.0.0/45869] INFO  om.OzoneManager (OzoneManager.java:addS3GVolumeToDB(3733)) - Created Volume s3v With Owner runner required for S3Gateway operations.
2022-03-14 12:17:33,210 [Listener at 0.0.0.0/45869] WARN  server.ServerUtils (ServerUtils.java:getDefaultRatisDirectory(237)) - Storage directory for Ratis is not configured. It is a good idea to map this to an SSD disk. Falling back to ozone.metadata.dirs
2022-03-14 12:17:33,210 [Listener at 0.0.0.0/45869] WARN  utils.OzoneManagerRatisUtils (OzoneManagerRatisUtils.java:getOMRatisSnapshotDirectory(330)) - ozone.om.ratis.snapshot.dir is not configured. Falling back to ozone.metadata.dirs config
2022-03-14 12:17:33,215 [Listener at 0.0.0.0/45869] INFO  snapshot.OzoneManagerSnapshotProvider (OzoneManagerSnapshotProvider.java:<init>(76)) - Initializing OM Snapshot Provider
2022-03-14 12:17:33,294 [Listener at 0.0.0.0/45869] WARN  impl.MetricRegistriesImpl (MetricRegistriesImpl.java:addReporterRegistration(111)) - New reporters are added after registries were created. Some metrics will be missing from the reporter. Please add reporter before adding any new registry.
2022-03-14 12:17:33,294 [Listener at 0.0.0.0/45869] WARN  impl.MetricRegistriesImpl (MetricRegistriesImpl.java:addReporterRegistration(111)) - New reporters are added after registries were created. Some metrics will be missing from the reporter. Please add reporter before adding any new registry.
2022-03-14 12:17:33,294 [Listener at 0.0.0.0/45869] WARN  server.ServerUtils (ServerUtils.java:getDefaultRatisDirectory(237)) - Storage directory for Ratis is not configured. It is a good idea to map this to an SSD disk. Falling back to ozone.metadata.dirs
2022-03-14 12:17:33,297 [Listener at 0.0.0.0/45869] INFO  ratis.OzoneManagerRatisServer (OzoneManagerRatisServer.java:<init>(159)) - Instantiating OM Ratis server with groupID: om-service-test1 and peers: localhost:41375, localhost:38427, localhost:40735
2022-03-14 12:17:33,300 [Listener at 0.0.0.0/45869] INFO  ratis.OzoneManagerStateMachine (OzoneManagerStateMachine.java:loadSnapshotInfoFromDB(605)) - LastAppliedIndex is set from TransactionInfo from OM DB as (t:0, i:~)
2022-03-14 12:17:33,310 [Listener at 0.0.0.0/45869] INFO  server.RaftServer (ConfUtils.java:logGet(44)) - raft.rpc.type = GRPC (default)
2022-03-14 12:17:33,310 [Listener at 0.0.0.0/45869] INFO  grpc.GrpcFactory (GrpcFactory.java:checkPooledByteBufAllocatorUseCacheForAllThreads(48)) - PERFORMANCE WARNING: useCacheForAllThreads is true that may cause Netty to create a lot garbage objects and, as a result, trigger GC.
	It is recommended to disable useCacheForAllThreads by setting -Dorg.apache.ratis.thirdparty.io.netty.allocator.useCacheForAllThreads=false in command line.
2022-03-14 12:17:33,310 [Listener at 0.0.0.0/45869] INFO  grpc.GrpcConfigKeys (ConfUtils.java:logGet(44)) - raft.grpc.admin.port = -1 (default)
2022-03-14 12:17:33,310 [Listener at 0.0.0.0/45869] INFO  grpc.GrpcConfigKeys (ConfUtils.java:logGet(44)) - raft.grpc.server.port = 41375 (custom)
2022-03-14 12:17:33,310 [Listener at 0.0.0.0/45869] INFO  grpc.GrpcConfigKeys (ConfUtils.java:logGet(44)) - raft.grpc.client.port = -1 (default)
2022-03-14 12:17:33,311 [Listener at 0.0.0.0/45869] INFO  grpc.GrpcConfigKeys (ConfUtils.java:logGet(44)) - raft.grpc.server.port = 41375 (custom)
2022-03-14 12:17:33,311 [Listener at 0.0.0.0/45869] INFO  grpc.GrpcConfigKeys (ConfUtils.java:logGet(44)) - raft.grpc.server.port = 41375 (custom)
2022-03-14 12:17:33,311 [Listener at 0.0.0.0/45869] INFO  server.GrpcService (ConfUtils.java:logGet(44)) - raft.grpc.message.size.max = 33554432 (custom)
2022-03-14 12:17:33,311 [Listener at 0.0.0.0/45869] INFO  server.RaftServerConfigKeys (ConfUtils.java:logGet(44)) - raft.server.log.appender.buffer.byte-limit = 33554432 (custom)
2022-03-14 12:17:33,311 [Listener at 0.0.0.0/45869] INFO  server.GrpcService (ConfUtils.java:logGet(44)) - raft.grpc.flow.control.window = 1MB (=1048576) (default)
2022-03-14 12:17:33,311 [Listener at 0.0.0.0/45869] INFO  server.RaftServerConfigKeys (ConfUtils.java:logGet(44)) - raft.server.rpc.request.timeout = 3000ms (default)
2022-03-14 12:17:33,312 [Listener at 0.0.0.0/45869] INFO  impl.DataStreamServerImpl (ConfUtils.java:logGet(44)) - raft.datastream.type = DISABLED (default)
2022-03-14 12:17:33,313 [Listener at 0.0.0.0/45869] INFO  server.RaftServerConfigKeys (ConfUtils.java:logGet(44)) - raft.server.rpc.slowness.timeout = 2s (custom)
2022-03-14 12:17:33,313 [Listener at 0.0.0.0/45869] INFO  server.RaftServerConfigKeys (ConfUtils.java:logGet(44)) - raft.server.leaderelection.leader.step-down.wait-time = 10s (default)
2022-03-14 12:17:33,313 [Listener at 0.0.0.0/45869] INFO  server.RaftServerConfigKeys (ConfUtils.java:logGet(44)) - raft.server.storage.dir = [/home/runner/work/ozone/ozone/hadoop-ozone/integration-test/target/test-dir/MiniOzoneClusterImpl-278953cb-1c57-4e8b-ba2f-5e3472d45912/omNode-1/ratis] (custom)
2022-03-14 12:17:33,314 [Listener at 0.0.0.0/45869] INFO  server.RaftServer (RaftServerProxy.java:addNew(95)) - omNode-1: addNew group-523986131536:[omNode-3|rpc:localhost:38427|priority:0, omNode-1|rpc:localhost:41375|priority:0, omNode-2|rpc:localhost:40735|priority:0] returns group-523986131536:java.util.concurrent.CompletableFuture@775429c8[Not completed]
2022-03-14 12:17:33,314 [Listener at 0.0.0.0/45869] INFO  om.OzoneManager (OzoneManager.java:initializeRatisServer(1834)) - OzoneManager Ratis server initialized at port 41375
2022-03-14 12:17:33,319 [pool-55-thread-1] INFO  server.RaftServer$Division (RaftServerImpl.java:<init>(184)) - omNode-1: new RaftServerImpl for group-523986131536:[omNode-3|rpc:localhost:38427|priority:0, omNode-1|rpc:localhost:41375|priority:0, omNode-2|rpc:localhost:40735|priority:0] with OzoneManagerStateMachine:uninitialized
2022-03-14 12:17:33,326 [pool-55-thread-1] INFO  server.RaftServerConfigKeys (ConfUtils.java:logGet(44)) - raft.server.rpc.timeout.min = 1s (custom)
2022-03-14 12:17:33,326 [pool-55-thread-1] INFO  server.RaftServerConfigKeys (ConfUtils.java:logGet(44)) - raft.server.rpc.timeout.max = 1200ms (custom)
2022-03-14 12:17:33,326 [pool-55-thread-1] INFO  server.RaftServerConfigKeys (ConfUtils.java:logGet(44)) - raft.server.rpc.sleep.time = 25ms (default)
2022-03-14 12:17:33,326 [pool-55-thread-1] INFO  server.RaftServerConfigKeys (ConfUtils.java:logGet(44)) - raft.server.rpc.slowness.timeout = 2s (custom)
2022-03-14 12:17:33,326 [pool-55-thread-1] INFO  server.RaftServerConfigKeys (ConfUtils.java:logGet(44)) - raft.server.leaderelection.leader.step-down.wait-time = 10s (default)
2022-03-14 12:17:33,326 [pool-55-thread-1] INFO  server.RaftServerConfigKeys (ConfUtils.java:logGet(44)) - raft.server.sleep.deviation.threshold = 300ms (default)
2022-03-14 12:17:33,327 [pool-55-thread-1] INFO  server.RaftServerConfigKeys (ConfUtils.java:logGet(44)) - raft.server.log.appender.install.snapshot.enabled = false (custom)
2022-03-14 12:17:33,327 [pool-55-thread-1] INFO  server.RaftServer$Division (ServerState.java:<init>(105)) - omNode-1@group-523986131536: ConfigurationManager, init=-1: [omNode-3|rpc:localhost:38427|priority:0, omNode-1|rpc:localhost:41375|priority:0, omNode-2|rpc:localhost:40735|priority:0], old=null, confs=<EMPTY_MAP>
2022-03-14 12:17:33,327 [pool-55-thread-1] INFO  server.RaftServerConfigKeys (ConfUtils.java:logGet(44)) - raft.server.storage.dir = [/home/runner/work/ozone/ozone/hadoop-ozone/integration-test/target/test-dir/MiniOzoneClusterImpl-278953cb-1c57-4e8b-ba2f-5e3472d45912/omNode-1/ratis] (custom)
2022-03-14 12:17:33,327 [pool-55-thread-1] INFO  server.RaftServerConfigKeys (ConfUtils.java:logGet(44)) - raft.server.log.corruption.policy = EXCEPTION (default)
2022-03-14 12:17:33,327 [pool-55-thread-1] INFO  server.RaftServerConfigKeys (ConfUtils.java:logGet(44)) - raft.server.storage.free-space.min = 0MB (=0) (default)
2022-03-14 12:17:33,327 [pool-55-thread-1] INFO  storage.RaftStorageDirectory (RaftStorageDirectoryImpl.java:analyzeStorage(135)) - The storage directory /home/runner/work/ozone/ozone/hadoop-ozone/integration-test/target/test-dir/MiniOzoneClusterImpl-278953cb-1c57-4e8b-ba2f-5e3472d45912/omNode-1/ratis/c9bc4cf4-3bc3-3c60-a66b-523986131536 does not exist. Creating ...
2022-03-14 12:17:33,328 [pool-55-thread-1] INFO  storage.RaftStorageDirectory (RaftStorageDirectoryImpl.java:tryLock(230)) - Lock on /home/runner/work/ozone/ozone/hadoop-ozone/integration-test/target/test-dir/MiniOzoneClusterImpl-278953cb-1c57-4e8b-ba2f-5e3472d45912/omNode-1/ratis/c9bc4cf4-3bc3-3c60-a66b-523986131536/in_use.lock acquired by nodename 10847@fv-az291-848
2022-03-14 12:17:33,329 [pool-55-thread-1] INFO  storage.RaftStorage (RaftStorageImpl.java:format(89)) - Storage directory /home/runner/work/ozone/ozone/hadoop-ozone/integration-test/target/test-dir/MiniOzoneClusterImpl-278953cb-1c57-4e8b-ba2f-5e3472d45912/omNode-1/ratis/c9bc4cf4-3bc3-3c60-a66b-523986131536 has been successfully formatted.
2022-03-14 12:17:33,330 [pool-55-thread-1] INFO  server.RaftServerConfigKeys (ConfUtils.java:logGet(44)) - raft.server.notification.no-leader.timeout = 2s (custom)
2022-03-14 12:17:33,330 [pool-55-thread-1] INFO  server.RaftServerConfigKeys (ConfUtils.java:logGet(44)) - raft.server.log.use.memory = false (default)
2022-03-14 12:17:33,330 [pool-55-thread-1] INFO  server.RaftServerConfigKeys (ConfUtils.java:logGet(44)) - raft.server.log.purge.gap = 50 (custom)
2022-03-14 12:17:33,330 [pool-55-thread-1] INFO  server.RaftServerConfigKeys (ConfUtils.java:logGet(44)) - raft.server.log.appender.buffer.byte-limit = 33554432 (custom)
2022-03-14 12:17:33,330 [pool-55-thread-1] INFO  server.RaftServerConfigKeys (ConfUtils.java:logGet(44)) - raft.server.log.segment.size.max = 4194304 (custom)
2022-03-14 12:17:33,331 [pool-55-thread-1] INFO  server.RaftServerConfigKeys (ConfUtils.java:logGet(44)) - raft.server.log.segment.cache.num.max = 2 (custom)
2022-03-14 12:17:33,331 [pool-55-thread-1] INFO  server.RaftServerConfigKeys (ConfUtils.java:logGet(44)) - raft.server.log.segment.cache.size.max = 200MB (=209715200) (default)
2022-03-14 12:17:33,331 [pool-55-thread-1] INFO  segmented.SegmentedRaftLogWorker (SegmentedRaftLogWorker.java:<init>(182)) - new omNode-1@group-523986131536-SegmentedRaftLogWorker for RaftStorageImpl:Storage Directory /home/runner/work/ozone/ozone/hadoop-ozone/integration-test/target/test-dir/MiniOzoneClusterImpl-278953cb-1c57-4e8b-ba2f-5e3472d45912/omNode-1/ratis/c9bc4cf4-3bc3-3c60-a66b-523986131536
2022-03-14 12:17:33,331 [pool-55-thread-1] INFO  server.RaftServerConfigKeys (ConfUtils.java:logGet(44)) - raft.server.log.queue.byte-limit = 64MB (=67108864) (default)
2022-03-14 12:17:33,331 [pool-55-thread-1] INFO  server.RaftServerConfigKeys (ConfUtils.java:logGet(44)) - raft.server.log.queue.element-limit = 4096 (default)
2022-03-14 12:17:33,331 [pool-55-thread-1] INFO  server.RaftServerConfigKeys (ConfUtils.java:logGet(44)) - raft.server.log.segment.size.max = 4194304 (custom)
2022-03-14 12:17:33,331 [pool-55-thread-1] INFO  server.RaftServerConfigKeys (ConfUtils.java:logGet(44)) - raft.server.log.preallocated.size = 4194304 (custom)
2022-03-14 12:17:33,331 [pool-55-thread-1] INFO  server.RaftServerConfigKeys (ConfUtils.java:logGet(44)) - raft.server.log.force.sync.num = 128 (default)
2022-03-14 12:17:33,331 [pool-55-thread-1] INFO  server.RaftServerConfigKeys (ConfUtils.java:logGet(44)) - raft.server.log.statemachine.data.sync = true (default)
2022-03-14 12:17:33,331 [pool-55-thread-1] INFO  server.RaftServerConfigKeys (ConfUtils.java:logGet(44)) - raft.server.log.statemachine.data.sync.timeout = 10s (default)
2022-03-14 12:17:33,331 [pool-55-thread-1] INFO  server.RaftServerConfigKeys (ConfUtils.java:logGet(44)) - raft.server.log.statemachine.data.sync.timeout.retry = -1 (default)
2022-03-14 12:17:33,332 [pool-55-thread-1] INFO  server.RaftServerConfigKeys (ConfUtils.java:logGet(44)) - raft.server.log.write.buffer.size = 64KB (=65536) (default)
2022-03-14 12:17:33,332 [pool-55-thread-1] INFO  server.RaftServerConfigKeys (ConfUtils.java:logGet(44)) - raft.server.log.statemachine.data.caching.enabled = false (default)
2022-03-14 12:17:33,333 [pool-55-thread-1] INFO  segmented.SegmentedRaftLogWorker (SegmentedRaftLogWorker.java:lambda$new$0(133)) - omNode-1@group-523986131536-SegmentedRaftLogWorker: flushIndex: setUnconditionally 0 -> -1
2022-03-14 12:17:33,333 [pool-55-thread-1] INFO  segmented.SegmentedRaftLogWorker (SegmentedRaftLogWorker.java:lambda$new$0(133)) - omNode-1@group-523986131536-SegmentedRaftLogWorker: safeCacheEvictIndex: setUnconditionally 0 -> -1
2022-03-14 12:17:33,333 [pool-55-thread-1] INFO  server.RaftServerConfigKeys (ConfUtils.java:logGet(44)) - raft.server.snapshot.auto.trigger.enabled = true (custom)
2022-03-14 12:17:33,333 [pool-55-thread-1] INFO  server.RaftServerConfigKeys (ConfUtils.java:logGet(44)) - raft.server.snapshot.auto.trigger.threshold = 50 (custom)
2022-03-14 12:17:33,333 [pool-55-thread-1] INFO  server.RaftServerConfigKeys (ConfUtils.java:logGet(44)) - raft.server.snapshot.retention.file.num = -1 (default)
2022-03-14 12:17:33,333 [pool-55-thread-1] INFO  server.RaftServerConfigKeys (ConfUtils.java:logGet(44)) - raft.server.log.purge.upto.snapshot.index = true (custom)
2022-03-14 12:17:33,333 [pool-55-thread-1] INFO  server.RaftServerConfigKeys (ConfUtils.java:logGet(44)) - raft.server.retrycache.expirytime = 30000ms (custom)
2022-03-14 12:17:33,333 [pool-55-thread-1] INFO  server.RaftServerConfigKeys (ConfUtils.java:logGet(44)) - raft.server.retrycache.statistics.expirytime = 100μs (default)
2022-03-14 12:17:33,464 [Listener at 0.0.0.0/45869] INFO  ipc.CallQueueManager (CallQueueManager.java:<init>(90)) - Using callQueue: class java.util.concurrent.LinkedBlockingQueue, queueCapacity: 2000, scheduler: class org.apache.hadoop.ipc.DefaultRpcScheduler, ipcBackoff: false.
2022-03-14 12:17:33,465 [Socket Reader #1 for port 33717] INFO  ipc.Server (Server.java:run(1265)) - Starting Socket Reader #1 for port 33717
2022-03-14 12:17:33,491 [Listener at 127.0.0.1/33717] INFO  impl.MetricsSystemImpl (MetricsSystemImpl.java:init(158)) - OzoneManager metrics system started (again)
2022-03-14 12:17:33,511 [Listener at 127.0.0.1/33717] INFO  om.OzoneManager (OzoneManager.java:start(1365)) - OzoneManager RPC server is listening at localhost/127.0.0.1:33717
2022-03-14 12:17:33,511 [Listener at 127.0.0.1/33717] INFO  ratis.OzoneManagerRatisServer (OzoneManagerRatisServer.java:start(554)) - Starting OzoneManagerRatisServer omNode-1 at port 41375
2022-03-14 12:17:33,512 [Listener at 127.0.0.1/33717] INFO  server.RaftServer$Division (RaftServerImpl.java:start(301)) - omNode-1@group-523986131536: start as a follower, conf=-1: [omNode-3|rpc:localhost:38427|priority:0, omNode-1|rpc:localhost:41375|priority:0, omNode-2|rpc:localhost:40735|priority:0], old=null
2022-03-14 12:17:33,512 [Listener at 127.0.0.1/33717] INFO  server.RaftServer$Division (RaftServerImpl.java:setRole(290)) - omNode-1@group-523986131536: changes role from      null to FOLLOWER at term 0 for startAsFollower
2022-03-14 12:17:33,513 [Listener at 127.0.0.1/33717] INFO  impl.RoleInfo (RoleInfo.java:updateAndGet(130)) - omNode-1: start omNode-1@group-523986131536-FollowerState
2022-03-14 12:17:33,513 [Listener at 127.0.0.1/33717] INFO  util.JmxRegister (JmxRegister.java:tryRegister(44)) - Successfully registered JMX Bean with object name Ratis:service=RaftServer,group=group-523986131536,id=omNode-1
2022-03-14 12:17:33,515 [Listener at 127.0.0.1/33717] INFO  server.RaftServer (RaftServerProxy.java:lambda$start$5(374)) - omNode-1: start RPC server
2022-03-14 12:17:33,516 [Listener at 127.0.0.1/33717] INFO  server.GrpcService (GrpcService.java:startImpl(253)) - omNode-1: GrpcService started, listening on 41375
2022-03-14 12:17:33,518 [Listener at 127.0.0.1/33717] INFO  om.OzoneManager (OzoneManager.java:start(1381)) - Version File has different layout version (0) than OM DB (null). That is expected if this OM has never been finalized to a newer layout version.
2022-03-14 12:17:33,523 [org.apache.ratis.util.JvmPauseMonitor$$Lambda$422/892611887@64010508] INFO  util.JvmPauseMonitor (JvmPauseMonitor.java:run(103)) - JvmPauseMonitor-omNode-1: Started
2022-03-14 12:17:33,531 [Listener at 127.0.0.1/33717] INFO  http.BaseHttpServer (BaseHttpServer.java:newHttpServer2BuilderForOzone(209)) - Starting Web-server for ozoneManager at: http://0.0.0.0:46861
2022-03-14 12:17:33,531 [Listener at 127.0.0.1/33717] INFO  http.BaseHttpServer (BaseHttpServer.java:<init>(107)) - Hadoop Security Enabled: false Ozone Security Enabled: false Ozone HTTP Security Enabled: false 
2022-03-14 12:17:33,533 [Listener at 127.0.0.1/33717] INFO  server.AuthenticationFilter (AuthenticationFilter.java:constructSecretProvider(240)) - Unable to initialize FileSignerSecretProvider, falling back to use random secrets.
2022-03-14 12:17:33,534 [Listener at 127.0.0.1/33717] WARN  http.HttpRequestLog (HttpRequestLog.java:getRequestLog(103)) - Jetty request log can only be enabled using Log4j
2022-03-14 12:17:33,535 [Listener at 127.0.0.1/33717] INFO  http.HttpServer2 (HttpServer2.java:addGlobalFilter(1030)) - Added global filter 'safety' (class=org.apache.hadoop.hdds.server.http.HttpServer2$QuotingInputFilter)
2022-03-14 12:17:33,536 [Listener at 127.0.0.1/33717] INFO  http.HttpServer2 (HttpServer2.java:addFilter(1006)) - Added filter static_user_filter (class=org.apache.hadoop.http.lib.StaticUserWebFilter$StaticUserFilter) to context ozoneManager
2022-03-14 12:17:33,536 [Listener at 127.0.0.1/33717] INFO  http.HttpServer2 (HttpServer2.java:addFilter(1014)) - Added filter static_user_filter (class=org.apache.hadoop.http.lib.StaticUserWebFilter$StaticUserFilter) to context static
2022-03-14 12:17:33,536 [Listener at 127.0.0.1/33717] INFO  http.HttpServer2 (HttpServer2.java:addFilter(1014)) - Added filter static_user_filter (class=org.apache.hadoop.http.lib.StaticUserWebFilter$StaticUserFilter) to context logs
2022-03-14 12:17:33,543 [Listener at 127.0.0.1/33717] INFO  http.HttpServer2 (HttpServer2.java:bindListener(1249)) - Jetty bound to port 46861
2022-03-14 12:17:33,548 [Listener at 127.0.0.1/33717] INFO  server.Server (Server.java:doStart(375)) - jetty-9.4.43.v20210629; built: 2021-06-30T11:07:22.254Z; git: 526006ecfa3af7f1a27ef3a288e2bef7ea9dd7e8; jvm 1.8.0_322-b06
2022-03-14 12:17:33,556 [Listener at 127.0.0.1/33717] INFO  server.session (DefaultSessionIdManager.java:doStart(334)) - DefaultSessionIdManager workerName=node0
2022-03-14 12:17:33,556 [Listener at 127.0.0.1/33717] INFO  server.session (DefaultSessionIdManager.java:doStart(339)) - No SessionScavenger set, using defaults
2022-03-14 12:17:33,556 [Listener at 127.0.0.1/33717] INFO  server.session (HouseKeeper.java:startScavenging(132)) - node0 Scavenging every 660000ms
2022-03-14 12:17:33,557 [Listener at 127.0.0.1/33717] INFO  handler.ContextHandler (ContextHandler.java:doStart(915)) - Started o.e.j.s.ServletContextHandler@42000b02{logs,/logs,file:///home/runner/work/ozone/ozone/hadoop-ozone/integration-test/target/log,AVAILABLE}
2022-03-14 12:17:33,557 [Listener at 127.0.0.1/33717] INFO  handler.ContextHandler (ContextHandler.java:doStart(915)) - Started o.e.j.s.ServletContextHandler@1cbb101b{static,/static,file:///home/runner/work/ozone/ozone/hadoop-ozone/integration-test/target/test-classes/webapps/static,AVAILABLE}
2022-03-14 12:17:33,561 [Listener at 127.0.0.1/33717] INFO  handler.ContextHandler (ContextHandler.java:doStart(915)) - Started o.e.j.w.WebAppContext@8b62702{ozoneManager,/,file:///home/runner/work/ozone/ozone/hadoop-ozone/integration-test/target/test-classes/webapps/ozoneManager/,AVAILABLE}{file:/home/runner/work/ozone/ozone/hadoop-ozone/integration-test/target/test-classes/webapps/ozoneManager}
2022-03-14 12:17:33,562 [Listener at 127.0.0.1/33717] INFO  server.AbstractConnector (AbstractConnector.java:doStart(331)) - Started ServerConnector@2c969f{HTTP/1.1, (http/1.1)}{0.0.0.0:46861}
2022-03-14 12:17:33,562 [Listener at 127.0.0.1/33717] INFO  server.Server (Server.java:doStart(415)) - Started @17856ms
2022-03-14 12:17:33,562 [Listener at 127.0.0.1/33717] WARN  impl.MetricsSystemImpl (MetricsSystemImpl.java:register(279)) - Sink prometheus already exists!
2022-03-14 12:17:33,563 [Listener at 127.0.0.1/33717] INFO  http.BaseHttpServer (BaseHttpServer.java:updateConnectorAddress(329)) - HTTP server of ozoneManager listening at http://0.0.0.0:46861
2022-03-14 12:17:33,564 [IPC Server Responder] INFO  ipc.Server (Server.java:run(1507)) - IPC Server Responder: starting
2022-03-14 12:17:33,564 [IPC Server listener on 33717] INFO  ipc.Server (Server.java:run(1344)) - IPC Server listener on 33717: starting
2022-03-14 12:17:33,566 [Listener at 127.0.0.1/33717] INFO  om.OzoneManager (OzoneManager.java:startTrashEmptier(1792)) - Trash Interval set to 0. Files deleted will not move to trash
2022-03-14 12:17:33,568 [Listener at 127.0.0.1/33717] INFO  ozone.MiniOzoneHAClusterImpl (MiniOzoneHAClusterImpl.java:createOMService(522)) - Started OzoneManager omNode-1 RPC server at localhost/127.0.0.1:33717
2022-03-14 12:17:33,569 [Listener at 127.0.0.1/33717] INFO  ha.OMHANodeDetails (OMHANodeDetails.java:loadOMHAConfig(118)) - ServiceID for OzoneManager is om-service-test1
2022-03-14 12:17:33,570 [Listener at 127.0.0.1/33717] INFO  ha.OMHANodeDetails (OMHANodeDetails.java:loadOMHAConfig(193)) - Found matching OM address with OMServiceId: om-service-test1, OMNodeId: omNode-2, RPC Address: localhost:44939 and Ratis port: 40735
2022-03-14 12:17:33,570 [Listener at 127.0.0.1/33717] INFO  ha.OMHANodeDetails (ConfUtils.java:setNodeSpecificConfigs(108)) - Setting configuration key ozone.om.http-address with value of key ozone.om.http-address.om-service-test1.omNode-2: 127.0.0.1:45729
2022-03-14 12:17:33,570 [Listener at 127.0.0.1/33717] INFO  ha.OMHANodeDetails (ConfUtils.java:setNodeSpecificConfigs(108)) - Setting configuration key ozone.om.https-address with value of key ozone.om.https-address.om-service-test1.omNode-2: 127.0.0.1:32925
2022-03-14 12:17:33,570 [Listener at 127.0.0.1/33717] INFO  ha.OMHANodeDetails (ConfUtils.java:setNodeSpecificConfigs(108)) - Setting configuration key ozone.om.address with value of key ozone.om.address.om-service-test1.omNode-2: 127.0.0.1:44939
2022-03-14 12:17:33,570 [Listener at 127.0.0.1/33717] WARN  server.ServerUtils (ServerUtils.java:getDBPath(225)) - ozone.om.db.dirs is not configured. We recommend adding this setting. Falling back to ozone.metadata.dirs instead.
2022-03-14 12:17:33,573 [org.apache.hadoop.util.JvmPauseMonitor$Monitor@46b3c1c2] INFO  util.JvmPauseMonitor (JvmPauseMonitor.java:run(188)) - Starting JVM pause monitor
OM initialization succeeded.Current cluster id for sd=/home/runner/work/ozone/ozone/hadoop-ozone/integration-test/target/test-dir/MiniOzoneClusterImpl-278953cb-1c57-4e8b-ba2f-5e3472d45912/omNode-2/om;cid=278953cb-1c57-4e8b-ba2f-5e3472d45912;layoutVersion=0
2022-03-14 12:17:33,581 [Listener at 127.0.0.1/33717] INFO  ha.OMHANodeDetails (OMHANodeDetails.java:loadOMHAConfig(118)) - ServiceID for OzoneManager is om-service-test1
2022-03-14 12:17:33,582 [Listener at 127.0.0.1/33717] INFO  ha.OMHANodeDetails (OMHANodeDetails.java:loadOMHAConfig(193)) - Found matching OM address with OMServiceId: om-service-test1, OMNodeId: omNode-2, RPC Address: localhost:44939 and Ratis port: 40735
2022-03-14 12:17:33,582 [Listener at 127.0.0.1/33717] INFO  ha.OMHANodeDetails (ConfUtils.java:setNodeSpecificConfigs(108)) - Setting configuration key ozone.om.http-address with value of key ozone.om.http-address.om-service-test1.omNode-2: 127.0.0.1:45729
2022-03-14 12:17:33,582 [Listener at 127.0.0.1/33717] INFO  ha.OMHANodeDetails (ConfUtils.java:setNodeSpecificConfigs(108)) - Setting configuration key ozone.om.https-address with value of key ozone.om.https-address.om-service-test1.omNode-2: 127.0.0.1:32925
2022-03-14 12:17:33,582 [Listener at 127.0.0.1/33717] INFO  ha.OMHANodeDetails (ConfUtils.java:setNodeSpecificConfigs(108)) - Setting configuration key ozone.om.address with value of key ozone.om.address.om-service-test1.omNode-2: 127.0.0.1:44939
2022-03-14 12:17:33,582 [Listener at 127.0.0.1/33717] WARN  server.ServerUtils (ServerUtils.java:getDBPath(225)) - ozone.om.db.dirs is not configured. We recommend adding this setting. Falling back to ozone.metadata.dirs instead.
2022-03-14 12:17:33,583 [Listener at 127.0.0.1/33717] INFO  upgrade.AbstractLayoutVersionManager (AbstractLayoutVersionManager.java:init(79)) - Initializing Layout version manager with metadata layout = INITIAL_VERSION (version = 0), software layout = INITIAL_VERSION (version = 0)
2022-03-14 12:17:33,626 [Listener at 127.0.0.1/33717] INFO  reflections.Reflections (Reflections.java:scan(232)) - Reflections took 42 ms to scan 2 urls, producing 134 keys and 349 values [using 2 cores]
2022-03-14 12:17:33,627 [Listener at 127.0.0.1/33717] INFO  upgrade.OMLayoutVersionManager (OMLayoutVersionManager.java:lambda$0(115)) - Skipping Upgrade Action MockOmUpgradeAction since it has been finalized.
2022-03-14 12:17:33,627 [Listener at 127.0.0.1/33717] WARN  server.ServerUtils (ServerUtils.java:getDBPath(225)) - ozone.om.db.dirs is not configured. We recommend adding this setting. Falling back to ozone.metadata.dirs instead.
2022-03-14 12:17:33,634 [Listener at 127.0.0.1/33717] WARN  server.ServerUtils (ServerUtils.java:getDBPath(225)) - ozone.om.db.dirs is not configured. We recommend adding this setting. Falling back to ozone.metadata.dirs instead.
2022-03-14 12:17:33,634 [Listener at 127.0.0.1/33717] INFO  codec.OmKeyInfoCodec (OmKeyInfoCodec.java:<init>(49)) - OmKeyInfoCodec ignorePipeline = true
2022-03-14 12:17:33,634 [Listener at 127.0.0.1/33717] INFO  codec.RepeatedOmKeyInfoCodec (RepeatedOmKeyInfoCodec.java:<init>(41)) - RepeatedOmKeyInfoCodec ignorePipeline = true
2022-03-14 12:17:33,748 [Listener at 127.0.0.1/33717] INFO  om.OzoneManager (OzoneManager.java:addS3GVolumeToDB(3733)) - Created Volume s3v With Owner runner required for S3Gateway operations.
2022-03-14 12:17:33,748 [Listener at 127.0.0.1/33717] WARN  server.ServerUtils (ServerUtils.java:getDefaultRatisDirectory(237)) - Storage directory for Ratis is not configured. It is a good idea to map this to an SSD disk. Falling back to ozone.metadata.dirs
2022-03-14 12:17:33,749 [Listener at 127.0.0.1/33717] WARN  utils.OzoneManagerRatisUtils (OzoneManagerRatisUtils.java:getOMRatisSnapshotDirectory(330)) - ozone.om.ratis.snapshot.dir is not configured. Falling back to ozone.metadata.dirs config
2022-03-14 12:17:33,749 [Listener at 127.0.0.1/33717] INFO  snapshot.OzoneManagerSnapshotProvider (OzoneManagerSnapshotProvider.java:<init>(76)) - Initializing OM Snapshot Provider
2022-03-14 12:17:33,758 [Listener at 127.0.0.1/33717] WARN  impl.MetricRegistriesImpl (MetricRegistriesImpl.java:addReporterRegistration(111)) - New reporters are added after registries were created. Some metrics will be missing from the reporter. Please add reporter before adding any new registry.
2022-03-14 12:17:33,758 [Listener at 127.0.0.1/33717] WARN  impl.MetricRegistriesImpl (MetricRegistriesImpl.java:addReporterRegistration(111)) - New reporters are added after registries were created. Some metrics will be missing from the reporter. Please add reporter before adding any new registry.
2022-03-14 12:17:33,759 [Listener at 127.0.0.1/33717] WARN  server.ServerUtils (ServerUtils.java:getDefaultRatisDirectory(237)) - Storage directory for Ratis is not configured. It is a good idea to map this to an SSD disk. Falling back to ozone.metadata.dirs
2022-03-14 12:17:33,760 [Listener at 127.0.0.1/33717] INFO  ratis.OzoneManagerRatisServer (OzoneManagerRatisServer.java:<init>(159)) - Instantiating OM Ratis server with groupID: om-service-test1 and peers: localhost:40735, localhost:38427, localhost:41375
2022-03-14 12:17:33,760 [Listener at 127.0.0.1/33717] INFO  ratis.OzoneManagerStateMachine (OzoneManagerStateMachine.java:loadSnapshotInfoFromDB(605)) - LastAppliedIndex is set from TransactionInfo from OM DB as (t:0, i:~)
2022-03-14 12:17:33,760 [Listener at 127.0.0.1/33717] INFO  server.RaftServer (ConfUtils.java:logGet(44)) - raft.rpc.type = GRPC (default)
2022-03-14 12:17:33,761 [Listener at 127.0.0.1/33717] INFO  grpc.GrpcFactory (GrpcFactory.java:checkPooledByteBufAllocatorUseCacheForAllThreads(48)) - PERFORMANCE WARNING: useCacheForAllThreads is true that may cause Netty to create a lot garbage objects and, as a result, trigger GC.
	It is recommended to disable useCacheForAllThreads by setting -Dorg.apache.ratis.thirdparty.io.netty.allocator.useCacheForAllThreads=false in command line.
2022-03-14 12:17:33,761 [Listener at 127.0.0.1/33717] INFO  grpc.GrpcConfigKeys (ConfUtils.java:logGet(44)) - raft.grpc.admin.port = -1 (default)
2022-03-14 12:17:33,761 [Listener at 127.0.0.1/33717] INFO  grpc.GrpcConfigKeys (ConfUtils.java:logGet(44)) - raft.grpc.server.port = 40735 (custom)
2022-03-14 12:17:33,761 [Listener at 127.0.0.1/33717] INFO  grpc.GrpcConfigKeys (ConfUtils.java:logGet(44)) - raft.grpc.client.port = -1 (default)
2022-03-14 12:17:33,761 [Listener at 127.0.0.1/33717] INFO  grpc.GrpcConfigKeys (ConfUtils.java:logGet(44)) - raft.grpc.server.port = 40735 (custom)
2022-03-14 12:17:33,761 [Listener at 127.0.0.1/33717] INFO  grpc.GrpcConfigKeys (ConfUtils.java:logGet(44)) - raft.grpc.server.port = 40735 (custom)
2022-03-14 12:17:33,761 [Listener at 127.0.0.1/33717] INFO  server.GrpcService (ConfUtils.java:logGet(44)) - raft.grpc.message.size.max = 33554432 (custom)
2022-03-14 12:17:33,761 [Listener at 127.0.0.1/33717] INFO  server.RaftServerConfigKeys (ConfUtils.java:logGet(44)) - raft.server.log.appender.buffer.byte-limit = 33554432 (custom)
2022-03-14 12:17:33,761 [Listener at 127.0.0.1/33717] INFO  server.GrpcService (ConfUtils.java:logGet(44)) - raft.grpc.flow.control.window = 1MB (=1048576) (default)
2022-03-14 12:17:33,762 [Listener at 127.0.0.1/33717] INFO  server.RaftServerConfigKeys (ConfUtils.java:logGet(44)) - raft.server.rpc.request.timeout = 3000ms (default)
2022-03-14 12:17:33,763 [Listener at 127.0.0.1/33717] INFO  impl.DataStreamServerImpl (ConfUtils.java:logGet(44)) - raft.datastream.type = DISABLED (default)
2022-03-14 12:17:33,763 [Listener at 127.0.0.1/33717] INFO  server.RaftServerConfigKeys (ConfUtils.java:logGet(44)) - raft.server.rpc.slowness.timeout = 2s (custom)
2022-03-14 12:17:33,763 [Listener at 127.0.0.1/33717] INFO  server.RaftServerConfigKeys (ConfUtils.java:logGet(44)) - raft.server.leaderelection.leader.step-down.wait-time = 10s (default)
2022-03-14 12:17:33,763 [Listener at 127.0.0.1/33717] INFO  server.RaftServerConfigKeys (ConfUtils.java:logGet(44)) - raft.server.storage.dir = [/home/runner/work/ozone/ozone/hadoop-ozone/integration-test/target/test-dir/MiniOzoneClusterImpl-278953cb-1c57-4e8b-ba2f-5e3472d45912/omNode-2/ratis] (custom)
2022-03-14 12:17:33,764 [Listener at 127.0.0.1/33717] INFO  server.RaftServer (RaftServerProxy.java:addNew(95)) - omNode-2: addNew group-523986131536:[omNode-3|rpc:localhost:38427|priority:0, omNode-1|rpc:localhost:41375|priority:0, omNode-2|rpc:localhost:40735|priority:0] returns group-523986131536:java.util.concurrent.CompletableFuture@457d81d8[Not completed]
2022-03-14 12:17:33,764 [Listener at 127.0.0.1/33717] INFO  om.OzoneManager (OzoneManager.java:initializeRatisServer(1834)) - OzoneManager Ratis server initialized at port 40735
2022-03-14 12:17:33,765 [Listener at 127.0.0.1/33717] INFO  ipc.CallQueueManager (CallQueueManager.java:<init>(90)) - Using callQueue: class java.util.concurrent.LinkedBlockingQueue, queueCapacity: 2000, scheduler: class org.apache.hadoop.ipc.DefaultRpcScheduler, ipcBackoff: false.
2022-03-14 12:17:33,766 [pool-77-thread-1] INFO  server.RaftServer$Division (RaftServerImpl.java:<init>(184)) - omNode-2: new RaftServerImpl for group-523986131536:[omNode-3|rpc:localhost:38427|priority:0, omNode-1|rpc:localhost:41375|priority:0, omNode-2|rpc:localhost:40735|priority:0] with OzoneManagerStateMachine:uninitialized
2022-03-14 12:17:33,766 [Socket Reader #1 for port 44939] INFO  ipc.Server (Server.java:run(1265)) - Starting Socket Reader #1 for port 44939
2022-03-14 12:17:33,770 [pool-77-thread-1] INFO  server.RaftServerConfigKeys (ConfUtils.java:logGet(44)) - raft.server.rpc.timeout.min = 1s (custom)
2022-03-14 12:17:33,770 [pool-77-thread-1] INFO  server.RaftServerConfigKeys (ConfUtils.java:logGet(44)) - raft.server.rpc.timeout.max = 1200ms (custom)
2022-03-14 12:17:33,770 [pool-77-thread-1] INFO  server.RaftServerConfigKeys (ConfUtils.java:logGet(44)) - raft.server.rpc.sleep.time = 25ms (default)
2022-03-14 12:17:33,770 [pool-77-thread-1] INFO  server.RaftServerConfigKeys (ConfUtils.java:logGet(44)) - raft.server.rpc.slowness.timeout = 2s (custom)
2022-03-14 12:17:33,770 [pool-77-thread-1] INFO  server.RaftServerConfigKeys (ConfUtils.java:logGet(44)) - raft.server.leaderelection.leader.step-down.wait-time = 10s (default)
2022-03-14 12:17:33,770 [pool-77-thread-1] INFO  server.RaftServerConfigKeys (ConfUtils.java:logGet(44)) - raft.server.sleep.deviation.threshold = 300ms (default)
2022-03-14 12:17:33,770 [pool-77-thread-1] INFO  server.RaftServerConfigKeys (ConfUtils.java:logGet(44)) - raft.server.log.appender.install.snapshot.enabled = false (custom)
2022-03-14 12:17:33,770 [pool-77-thread-1] INFO  server.RaftServer$Division (ServerState.java:<init>(105)) - omNode-2@group-523986131536: ConfigurationManager, init=-1: [omNode-3|rpc:localhost:38427|priority:0, omNode-1|rpc:localhost:41375|priority:0, omNode-2|rpc:localhost:40735|priority:0], old=null, confs=<EMPTY_MAP>
2022-03-14 12:17:33,771 [pool-77-thread-1] INFO  server.RaftServerConfigKeys (ConfUtils.java:logGet(44)) - raft.server.storage.dir = [/home/runner/work/ozone/ozone/hadoop-ozone/integration-test/target/test-dir/MiniOzoneClusterImpl-278953cb-1c57-4e8b-ba2f-5e3472d45912/omNode-2/ratis] (custom)
2022-03-14 12:17:33,771 [pool-77-thread-1] INFO  server.RaftServerConfigKeys (ConfUtils.java:logGet(44)) - raft.server.log.corruption.policy = EXCEPTION (default)
2022-03-14 12:17:33,771 [pool-77-thread-1] INFO  server.RaftServerConfigKeys (ConfUtils.java:logGet(44)) - raft.server.storage.free-space.min = 0MB (=0) (default)
2022-03-14 12:17:33,771 [pool-77-thread-1] INFO  storage.RaftStorageDirectory (RaftStorageDirectoryImpl.java:analyzeStorage(135)) - The storage directory /home/runner/work/ozone/ozone/hadoop-ozone/integration-test/target/test-dir/MiniOzoneClusterImpl-278953cb-1c57-4e8b-ba2f-5e3472d45912/omNode-2/ratis/c9bc4cf4-3bc3-3c60-a66b-523986131536 does not exist. Creating ...
2022-03-14 12:17:33,772 [pool-77-thread-1] INFO  storage.RaftStorageDirectory (RaftStorageDirectoryImpl.java:tryLock(230)) - Lock on /home/runner/work/ozone/ozone/hadoop-ozone/integration-test/target/test-dir/MiniOzoneClusterImpl-278953cb-1c57-4e8b-ba2f-5e3472d45912/omNode-2/ratis/c9bc4cf4-3bc3-3c60-a66b-523986131536/in_use.lock acquired by nodename 10847@fv-az291-848
2022-03-14 12:17:33,773 [pool-77-thread-1] INFO  storage.RaftStorage (RaftStorageImpl.java:format(89)) - Storage directory /home/runner/work/ozone/ozone/hadoop-ozone/integration-test/target/test-dir/MiniOzoneClusterImpl-278953cb-1c57-4e8b-ba2f-5e3472d45912/omNode-2/ratis/c9bc4cf4-3bc3-3c60-a66b-523986131536 has been successfully formatted.
2022-03-14 12:17:33,773 [pool-77-thread-1] INFO  server.RaftServerConfigKeys (ConfUtils.java:logGet(44)) - raft.server.notification.no-leader.timeout = 2s (custom)
2022-03-14 12:17:33,774 [pool-77-thread-1] INFO  server.RaftServerConfigKeys (ConfUtils.java:logGet(44)) - raft.server.log.use.memory = false (default)
2022-03-14 12:17:33,774 [pool-77-thread-1] INFO  server.RaftServerConfigKeys (ConfUtils.java:logGet(44)) - raft.server.log.purge.gap = 50 (custom)
2022-03-14 12:17:33,774 [pool-77-thread-1] INFO  server.RaftServerConfigKeys (ConfUtils.java:logGet(44)) - raft.server.log.appender.buffer.byte-limit = 33554432 (custom)
2022-03-14 12:17:33,774 [pool-77-thread-1] INFO  server.RaftServerConfigKeys (ConfUtils.java:logGet(44)) - raft.server.log.segment.size.max = 4194304 (custom)
2022-03-14 12:17:33,774 [pool-77-thread-1] INFO  server.RaftServerConfigKeys (ConfUtils.java:logGet(44)) - raft.server.log.segment.cache.num.max = 2 (custom)
2022-03-14 12:17:33,774 [pool-77-thread-1] INFO  server.RaftServerConfigKeys (ConfUtils.java:logGet(44)) - raft.server.log.segment.cache.size.max = 200MB (=209715200) (default)
2022-03-14 12:17:33,774 [pool-77-thread-1] INFO  segmented.SegmentedRaftLogWorker (SegmentedRaftLogWorker.java:<init>(182)) - new omNode-2@group-523986131536-SegmentedRaftLogWorker for RaftStorageImpl:Storage Directory /home/runner/work/ozone/ozone/hadoop-ozone/integration-test/target/test-dir/MiniOzoneClusterImpl-278953cb-1c57-4e8b-ba2f-5e3472d45912/omNode-2/ratis/c9bc4cf4-3bc3-3c60-a66b-523986131536
2022-03-14 12:17:33,774 [pool-77-thread-1] INFO  server.RaftServerConfigKeys (ConfUtils.java:logGet(44)) - raft.server.log.queue.byte-limit = 64MB (=67108864) (default)
2022-03-14 12:17:33,774 [pool-77-thread-1] INFO  server.RaftServerConfigKeys (ConfUtils.java:logGet(44)) - raft.server.log.queue.element-limit = 4096 (default)
2022-03-14 12:17:33,774 [pool-77-thread-1] INFO  server.RaftServerConfigKeys (ConfUtils.java:logGet(44)) - raft.server.log.segment.size.max = 4194304 (custom)
2022-03-14 12:17:33,774 [pool-77-thread-1] INFO  server.RaftServerConfigKeys (ConfUtils.java:logGet(44)) - raft.server.log.preallocated.size = 4194304 (custom)
2022-03-14 12:17:33,775 [pool-77-thread-1] INFO  server.RaftServerConfigKeys (ConfUtils.java:logGet(44)) - raft.server.log.force.sync.num = 128 (default)
2022-03-14 12:17:33,775 [pool-77-thread-1] INFO  server.RaftServerConfigKeys (ConfUtils.java:logGet(44)) - raft.server.log.statemachine.data.sync = true (default)
2022-03-14 12:17:33,775 [pool-77-thread-1] INFO  server.RaftServerConfigKeys (ConfUtils.java:logGet(44)) - raft.server.log.statemachine.data.sync.timeout = 10s (default)
2022-03-14 12:17:33,775 [pool-77-thread-1] INFO  server.RaftServerConfigKeys (ConfUtils.java:logGet(44)) - raft.server.log.statemachine.data.sync.timeout.retry = -1 (default)
2022-03-14 12:17:33,775 [pool-77-thread-1] INFO  server.RaftServerConfigKeys (ConfUtils.java:logGet(44)) - raft.server.log.write.buffer.size = 64KB (=65536) (default)
2022-03-14 12:17:33,775 [pool-77-thread-1] INFO  server.RaftServerConfigKeys (ConfUtils.java:logGet(44)) - raft.server.log.statemachine.data.caching.enabled = false (default)
2022-03-14 12:17:33,776 [pool-77-thread-1] INFO  segmented.SegmentedRaftLogWorker (SegmentedRaftLogWorker.java:lambda$new$0(133)) - omNode-2@group-523986131536-SegmentedRaftLogWorker: flushIndex: setUnconditionally 0 -> -1
2022-03-14 12:17:33,776 [pool-77-thread-1] INFO  segmented.SegmentedRaftLogWorker (SegmentedRaftLogWorker.java:lambda$new$0(133)) - omNode-2@group-523986131536-SegmentedRaftLogWorker: safeCacheEvictIndex: setUnconditionally 0 -> -1
2022-03-14 12:17:33,782 [pool-77-thread-1] INFO  server.RaftServerConfigKeys (ConfUtils.java:logGet(44)) - raft.server.snapshot.auto.trigger.enabled = true (custom)
2022-03-14 12:17:33,782 [pool-77-thread-1] INFO  server.RaftServerConfigKeys (ConfUtils.java:logGet(44)) - raft.server.snapshot.auto.trigger.threshold = 50 (custom)
2022-03-14 12:17:33,782 [pool-77-thread-1] INFO  server.RaftServerConfigKeys (ConfUtils.java:logGet(44)) - raft.server.snapshot.retention.file.num = -1 (default)
2022-03-14 12:17:33,782 [pool-77-thread-1] INFO  server.RaftServerConfigKeys (ConfUtils.java:logGet(44)) - raft.server.log.purge.upto.snapshot.index = true (custom)
2022-03-14 12:17:33,782 [pool-77-thread-1] INFO  server.RaftServerConfigKeys (ConfUtils.java:logGet(44)) - raft.server.retrycache.expirytime = 30000ms (custom)
2022-03-14 12:17:33,782 [pool-77-thread-1] INFO  server.RaftServerConfigKeys (ConfUtils.java:logGet(44)) - raft.server.retrycache.statistics.expirytime = 100μs (default)
2022-03-14 12:17:33,787 [Listener at 127.0.0.1/44939] INFO  impl.MetricsSystemImpl (MetricsSystemImpl.java:init(158)) - OzoneManager metrics system started (again)
2022-03-14 12:17:33,798 [Listener at 127.0.0.1/44939] INFO  om.OzoneManager (OzoneManager.java:start(1365)) - OzoneManager RPC server is listening at localhost/127.0.0.1:44939
2022-03-14 12:17:33,798 [Listener at 127.0.0.1/44939] INFO  ratis.OzoneManagerRatisServer (OzoneManagerRatisServer.java:start(554)) - Starting OzoneManagerRatisServer omNode-2 at port 40735
2022-03-14 12:17:33,798 [Listener at 127.0.0.1/44939] INFO  server.RaftServer$Division (RaftServerImpl.java:start(301)) - omNode-2@group-523986131536: start as a follower, conf=-1: [omNode-3|rpc:localhost:38427|priority:0, omNode-1|rpc:localhost:41375|priority:0, omNode-2|rpc:localhost:40735|priority:0], old=null
2022-03-14 12:17:33,798 [Listener at 127.0.0.1/44939] INFO  server.RaftServer$Division (RaftServerImpl.java:setRole(290)) - omNode-2@group-523986131536: changes role from      null to FOLLOWER at term 0 for startAsFollower
2022-03-14 12:17:33,798 [Listener at 127.0.0.1/44939] INFO  impl.RoleInfo (RoleInfo.java:updateAndGet(130)) - omNode-2: start omNode-2@group-523986131536-FollowerState
2022-03-14 12:17:33,799 [Listener at 127.0.0.1/44939] INFO  util.JmxRegister (JmxRegister.java:tryRegister(44)) - Successfully registered JMX Bean with object name Ratis:service=RaftServer,group=group-523986131536,id=omNode-2
2022-03-14 12:17:33,801 [Listener at 127.0.0.1/44939] INFO  server.RaftServer (RaftServerProxy.java:lambda$start$5(374)) - omNode-2: start RPC server
2022-03-14 12:17:33,802 [Listener at 127.0.0.1/44939] INFO  server.GrpcService (GrpcService.java:startImpl(253)) - omNode-2: GrpcService started, listening on 40735
2022-03-14 12:17:33,802 [Listener at 127.0.0.1/44939] INFO  om.OzoneManager (OzoneManager.java:start(1381)) - Version File has different layout version (0) than OM DB (null). That is expected if this OM has never been finalized to a newer layout version.
2022-03-14 12:17:33,803 [org.apache.ratis.util.JvmPauseMonitor$$Lambda$422/892611887@386dd761] INFO  util.JvmPauseMonitor (JvmPauseMonitor.java:run(103)) - JvmPauseMonitor-omNode-2: Started
2022-03-14 12:17:33,807 [Listener at 127.0.0.1/44939] INFO  http.BaseHttpServer (BaseHttpServer.java:newHttpServer2BuilderForOzone(209)) - Starting Web-server for ozoneManager at: http://0.0.0.0:45729
2022-03-14 12:17:33,807 [Listener at 127.0.0.1/44939] INFO  http.BaseHttpServer (BaseHttpServer.java:<init>(107)) - Hadoop Security Enabled: false Ozone Security Enabled: false Ozone HTTP Security Enabled: false 
2022-03-14 12:17:33,808 [Listener at 127.0.0.1/44939] INFO  server.AuthenticationFilter (AuthenticationFilter.java:constructSecretProvider(240)) - Unable to initialize FileSignerSecretProvider, falling back to use random secrets.
2022-03-14 12:17:33,810 [Listener at 127.0.0.1/44939] WARN  http.HttpRequestLog (HttpRequestLog.java:getRequestLog(103)) - Jetty request log can only be enabled using Log4j
2022-03-14 12:17:33,811 [Listener at 127.0.0.1/44939] INFO  http.HttpServer2 (HttpServer2.java:addGlobalFilter(1030)) - Added global filter 'safety' (class=org.apache.hadoop.hdds.server.http.HttpServer2$QuotingInputFilter)
2022-03-14 12:17:33,812 [Listener at 127.0.0.1/44939] INFO  http.HttpServer2 (HttpServer2.java:addFilter(1006)) - Added filter static_user_filter (class=org.apache.hadoop.http.lib.StaticUserWebFilter$StaticUserFilter) to context ozoneManager
2022-03-14 12:17:33,812 [Listener at 127.0.0.1/44939] INFO  http.HttpServer2 (HttpServer2.java:addFilter(1014)) - Added filter static_user_filter (class=org.apache.hadoop.http.lib.StaticUserWebFilter$StaticUserFilter) to context logs
2022-03-14 12:17:33,812 [Listener at 127.0.0.1/44939] INFO  http.HttpServer2 (HttpServer2.java:addFilter(1014)) - Added filter static_user_filter (class=org.apache.hadoop.http.lib.StaticUserWebFilter$StaticUserFilter) to context static
2022-03-14 12:17:33,813 [Listener at 127.0.0.1/44939] INFO  http.HttpServer2 (HttpServer2.java:bindListener(1249)) - Jetty bound to port 45729
2022-03-14 12:17:33,813 [Listener at 127.0.0.1/44939] INFO  server.Server (Server.java:doStart(375)) - jetty-9.4.43.v20210629; built: 2021-06-30T11:07:22.254Z; git: 526006ecfa3af7f1a27ef3a288e2bef7ea9dd7e8; jvm 1.8.0_322-b06
2022-03-14 12:17:33,818 [Listener at 127.0.0.1/44939] INFO  server.session (DefaultSessionIdManager.java:doStart(334)) - DefaultSessionIdManager workerName=node0
2022-03-14 12:17:33,818 [Listener at 127.0.0.1/44939] INFO  server.session (DefaultSessionIdManager.java:doStart(339)) - No SessionScavenger set, using defaults
2022-03-14 12:17:33,818 [Listener at 127.0.0.1/44939] INFO  server.session (HouseKeeper.java:startScavenging(132)) - node0 Scavenging every 660000ms
2022-03-14 12:17:33,819 [Listener at 127.0.0.1/44939] INFO  handler.ContextHandler (ContextHandler.java:doStart(915)) - Started o.e.j.s.ServletContextHandler@2f6601f4{logs,/logs,file:///home/runner/work/ozone/ozone/hadoop-ozone/integration-test/target/log,AVAILABLE}
2022-03-14 12:17:33,820 [Listener at 127.0.0.1/44939] INFO  handler.ContextHandler (ContextHandler.java:doStart(915)) - Started o.e.j.s.ServletContextHandler@23b085ab{static,/static,file:///home/runner/work/ozone/ozone/hadoop-ozone/integration-test/target/test-classes/webapps/static,AVAILABLE}
2022-03-14 12:17:33,823 [Listener at 127.0.0.1/44939] INFO  handler.ContextHandler (ContextHandler.java:doStart(915)) - Started o.e.j.w.WebAppContext@1ef50c3b{ozoneManager,/,file:///home/runner/work/ozone/ozone/hadoop-ozone/integration-test/target/test-classes/webapps/ozoneManager/,AVAILABLE}{file:/home/runner/work/ozone/ozone/hadoop-ozone/integration-test/target/test-classes/webapps/ozoneManager}
2022-03-14 12:17:33,824 [Listener at 127.0.0.1/44939] INFO  server.AbstractConnector (AbstractConnector.java:doStart(331)) - Started ServerConnector@73ce6315{HTTP/1.1, (http/1.1)}{0.0.0.0:45729}
2022-03-14 12:17:33,824 [Listener at 127.0.0.1/44939] INFO  server.Server (Server.java:doStart(415)) - Started @18118ms
2022-03-14 12:17:33,824 [Listener at 127.0.0.1/44939] WARN  impl.MetricsSystemImpl (MetricsSystemImpl.java:register(279)) - Sink prometheus already exists!
2022-03-14 12:17:33,825 [Listener at 127.0.0.1/44939] INFO  http.BaseHttpServer (BaseHttpServer.java:updateConnectorAddress(329)) - HTTP server of ozoneManager listening at http://0.0.0.0:45729
2022-03-14 12:17:33,826 [IPC Server Responder] INFO  ipc.Server (Server.java:run(1507)) - IPC Server Responder: starting
2022-03-14 12:17:33,826 [IPC Server listener on 44939] INFO  ipc.Server (Server.java:run(1344)) - IPC Server listener on 44939: starting
2022-03-14 12:17:33,831 [Listener at 127.0.0.1/44939] INFO  om.OzoneManager (OzoneManager.java:startTrashEmptier(1792)) - Trash Interval set to 0. Files deleted will not move to trash
2022-03-14 12:17:33,832 [Listener at 127.0.0.1/44939] INFO  ozone.MiniOzoneHAClusterImpl (MiniOzoneHAClusterImpl.java:createOMService(522)) - Started OzoneManager omNode-2 RPC server at localhost/127.0.0.1:44939
2022-03-14 12:17:33,832 [Listener at 127.0.0.1/44939] INFO  ha.OMHANodeDetails (OMHANodeDetails.java:loadOMHAConfig(118)) - ServiceID for OzoneManager is om-service-test1
2022-03-14 12:17:33,833 [Listener at 127.0.0.1/44939] INFO  ha.OMHANodeDetails (OMHANodeDetails.java:loadOMHAConfig(193)) - Found matching OM address with OMServiceId: om-service-test1, OMNodeId: omNode-3, RPC Address: localhost:38867 and Ratis port: 38427
2022-03-14 12:17:33,833 [Listener at 127.0.0.1/44939] INFO  ha.OMHANodeDetails (ConfUtils.java:setNodeSpecificConfigs(108)) - Setting configuration key ozone.om.http-address with value of key ozone.om.http-address.om-service-test1.omNode-3: 127.0.0.1:44195
2022-03-14 12:17:33,833 [Listener at 127.0.0.1/44939] INFO  ha.OMHANodeDetails (ConfUtils.java:setNodeSpecificConfigs(108)) - Setting configuration key ozone.om.https-address with value of key ozone.om.https-address.om-service-test1.omNode-3: 127.0.0.1:43229
2022-03-14 12:17:33,833 [Listener at 127.0.0.1/44939] INFO  ha.OMHANodeDetails (ConfUtils.java:setNodeSpecificConfigs(108)) - Setting configuration key ozone.om.address with value of key ozone.om.address.om-service-test1.omNode-3: 127.0.0.1:38867
2022-03-14 12:17:33,833 [Listener at 127.0.0.1/44939] WARN  server.ServerUtils (ServerUtils.java:getDBPath(225)) - ozone.om.db.dirs is not configured. We recommend adding this setting. Falling back to ozone.metadata.dirs instead.
2022-03-14 12:17:33,838 [org.apache.hadoop.util.JvmPauseMonitor$Monitor@29fe45a3] INFO  util.JvmPauseMonitor (JvmPauseMonitor.java:run(188)) - Starting JVM pause monitor
OM initialization succeeded.Current cluster id for sd=/home/runner/work/ozone/ozone/hadoop-ozone/integration-test/target/test-dir/MiniOzoneClusterImpl-278953cb-1c57-4e8b-ba2f-5e3472d45912/omNode-3/om;cid=278953cb-1c57-4e8b-ba2f-5e3472d45912;layoutVersion=0
2022-03-14 12:17:33,847 [Listener at 127.0.0.1/44939] INFO  ha.OMHANodeDetails (OMHANodeDetails.java:loadOMHAConfig(118)) - ServiceID for OzoneManager is om-service-test1
2022-03-14 12:17:33,847 [Listener at 127.0.0.1/44939] INFO  ha.OMHANodeDetails (OMHANodeDetails.java:loadOMHAConfig(193)) - Found matching OM address with OMServiceId: om-service-test1, OMNodeId: omNode-3, RPC Address: localhost:38867 and Ratis port: 38427
2022-03-14 12:17:33,848 [Listener at 127.0.0.1/44939] INFO  ha.OMHANodeDetails (ConfUtils.java:setNodeSpecificConfigs(108)) - Setting configuration key ozone.om.http-address with value of key ozone.om.http-address.om-service-test1.omNode-3: 127.0.0.1:44195
2022-03-14 12:17:33,848 [Listener at 127.0.0.1/44939] INFO  ha.OMHANodeDetails (ConfUtils.java:setNodeSpecificConfigs(108)) - Setting configuration key ozone.om.https-address with value of key ozone.om.https-address.om-service-test1.omNode-3: 127.0.0.1:43229
2022-03-14 12:17:33,848 [Listener at 127.0.0.1/44939] INFO  ha.OMHANodeDetails (ConfUtils.java:setNodeSpecificConfigs(108)) - Setting configuration key ozone.om.address with value of key ozone.om.address.om-service-test1.omNode-3: 127.0.0.1:38867
2022-03-14 12:17:33,848 [Listener at 127.0.0.1/44939] WARN  server.ServerUtils (ServerUtils.java:getDBPath(225)) - ozone.om.db.dirs is not configured. We recommend adding this setting. Falling back to ozone.metadata.dirs instead.
2022-03-14 12:17:33,848 [Listener at 127.0.0.1/44939] INFO  upgrade.AbstractLayoutVersionManager (AbstractLayoutVersionManager.java:init(79)) - Initializing Layout version manager with metadata layout = INITIAL_VERSION (version = 0), software layout = INITIAL_VERSION (version = 0)
2022-03-14 12:17:33,889 [Listener at 127.0.0.1/44939] INFO  reflections.Reflections (Reflections.java:scan(232)) - Reflections took 40 ms to scan 2 urls, producing 134 keys and 349 values [using 2 cores]
2022-03-14 12:17:33,890 [Listener at 127.0.0.1/44939] INFO  upgrade.OMLayoutVersionManager (OMLayoutVersionManager.java:lambda$0(115)) - Skipping Upgrade Action MockOmUpgradeAction since it has been finalized.
2022-03-14 12:17:33,890 [Listener at 127.0.0.1/44939] WARN  server.ServerUtils (ServerUtils.java:getDBPath(225)) - ozone.om.db.dirs is not configured. We recommend adding this setting. Falling back to ozone.metadata.dirs instead.
2022-03-14 12:17:33,903 [Listener at 127.0.0.1/44939] WARN  server.ServerUtils (ServerUtils.java:getDBPath(225)) - ozone.om.db.dirs is not configured. We recommend adding this setting. Falling back to ozone.metadata.dirs instead.
2022-03-14 12:17:33,904 [Listener at 127.0.0.1/44939] INFO  codec.OmKeyInfoCodec (OmKeyInfoCodec.java:<init>(49)) - OmKeyInfoCodec ignorePipeline = true
2022-03-14 12:17:33,904 [Listener at 127.0.0.1/44939] INFO  codec.RepeatedOmKeyInfoCodec (RepeatedOmKeyInfoCodec.java:<init>(41)) - RepeatedOmKeyInfoCodec ignorePipeline = true
2022-03-14 12:17:34,015 [Listener at 127.0.0.1/44939] INFO  om.OzoneManager (OzoneManager.java:addS3GVolumeToDB(3733)) - Created Volume s3v With Owner runner required for S3Gateway operations.
2022-03-14 12:17:34,015 [Listener at 127.0.0.1/44939] WARN  server.ServerUtils (ServerUtils.java:getDefaultRatisDirectory(237)) - Storage directory for Ratis is not configured. It is a good idea to map this to an SSD disk. Falling back to ozone.metadata.dirs
2022-03-14 12:17:34,016 [Listener at 127.0.0.1/44939] WARN  utils.OzoneManagerRatisUtils (OzoneManagerRatisUtils.java:getOMRatisSnapshotDirectory(330)) - ozone.om.ratis.snapshot.dir is not configured. Falling back to ozone.metadata.dirs config
2022-03-14 12:17:34,016 [Listener at 127.0.0.1/44939] INFO  snapshot.OzoneManagerSnapshotProvider (OzoneManagerSnapshotProvider.java:<init>(76)) - Initializing OM Snapshot Provider
2022-03-14 12:17:34,017 [Listener at 127.0.0.1/44939] WARN  impl.MetricRegistriesImpl (MetricRegistriesImpl.java:addReporterRegistration(111)) - New reporters are added after registries were created. Some metrics will be missing from the reporter. Please add reporter before adding any new registry.
2022-03-14 12:17:34,017 [Listener at 127.0.0.1/44939] WARN  impl.MetricRegistriesImpl (MetricRegistriesImpl.java:addReporterRegistration(111)) - New reporters are added after registries were created. Some metrics will be missing from the reporter. Please add reporter before adding any new registry.
2022-03-14 12:17:34,018 [Listener at 127.0.0.1/44939] WARN  server.ServerUtils (ServerUtils.java:getDefaultRatisDirectory(237)) - Storage directory for Ratis is not configured. It is a good idea to map this to an SSD disk. Falling back to ozone.metadata.dirs
2022-03-14 12:17:34,019 [Listener at 127.0.0.1/44939] INFO  ratis.OzoneManagerRatisServer (OzoneManagerRatisServer.java:<init>(159)) - Instantiating OM Ratis server with groupID: om-service-test1 and peers: localhost:38427, localhost:41375, localhost:40735
2022-03-14 12:17:34,019 [Listener at 127.0.0.1/44939] INFO  ratis.OzoneManagerStateMachine (OzoneManagerStateMachine.java:loadSnapshotInfoFromDB(605)) - LastAppliedIndex is set from TransactionInfo from OM DB as (t:0, i:~)
2022-03-14 12:17:34,019 [Listener at 127.0.0.1/44939] INFO  server.RaftServer (ConfUtils.java:logGet(44)) - raft.rpc.type = GRPC (default)
2022-03-14 12:17:34,020 [Listener at 127.0.0.1/44939] INFO  grpc.GrpcFactory (GrpcFactory.java:checkPooledByteBufAllocatorUseCacheForAllThreads(48)) - PERFORMANCE WARNING: useCacheForAllThreads is true that may cause Netty to create a lot garbage objects and, as a result, trigger GC.
	It is recommended to disable useCacheForAllThreads by setting -Dorg.apache.ratis.thirdparty.io.netty.allocator.useCacheForAllThreads=false in command line.
2022-03-14 12:17:34,020 [Listener at 127.0.0.1/44939] INFO  grpc.GrpcConfigKeys (ConfUtils.java:logGet(44)) - raft.grpc.admin.port = -1 (default)
2022-03-14 12:17:34,020 [Listener at 127.0.0.1/44939] INFO  grpc.GrpcConfigKeys (ConfUtils.java:logGet(44)) - raft.grpc.server.port = 38427 (custom)
2022-03-14 12:17:34,020 [Listener at 127.0.0.1/44939] INFO  grpc.GrpcConfigKeys (ConfUtils.java:logGet(44)) - raft.grpc.client.port = -1 (default)
2022-03-14 12:17:34,020 [Listener at 127.0.0.1/44939] INFO  grpc.GrpcConfigKeys (ConfUtils.java:logGet(44)) - raft.grpc.server.port = 38427 (custom)
2022-03-14 12:17:34,020 [Listener at 127.0.0.1/44939] INFO  grpc.GrpcConfigKeys (ConfUtils.java:logGet(44)) - raft.grpc.server.port = 38427 (custom)
2022-03-14 12:17:34,020 [Listener at 127.0.0.1/44939] INFO  server.GrpcService (ConfUtils.java:logGet(44)) - raft.grpc.message.size.max = 33554432 (custom)
2022-03-14 12:17:34,020 [Listener at 127.0.0.1/44939] INFO  server.RaftServerConfigKeys (ConfUtils.java:logGet(44)) - raft.server.log.appender.buffer.byte-limit = 33554432 (custom)
2022-03-14 12:17:34,020 [Listener at 127.0.0.1/44939] INFO  server.GrpcService (ConfUtils.java:logGet(44)) - raft.grpc.flow.control.window = 1MB (=1048576) (default)
2022-03-14 12:17:34,020 [Listener at 127.0.0.1/44939] INFO  server.RaftServerConfigKeys (ConfUtils.java:logGet(44)) - raft.server.rpc.request.timeout = 3000ms (default)
2022-03-14 12:17:34,022 [Listener at 127.0.0.1/44939] INFO  impl.DataStreamServerImpl (ConfUtils.java:logGet(44)) - raft.datastream.type = DISABLED (default)
2022-03-14 12:17:34,022 [Listener at 127.0.0.1/44939] INFO  server.RaftServerConfigKeys (ConfUtils.java:logGet(44)) - raft.server.rpc.slowness.timeout = 2s (custom)
2022-03-14 12:17:34,022 [Listener at 127.0.0.1/44939] INFO  server.RaftServerConfigKeys (ConfUtils.java:logGet(44)) - raft.server.leaderelection.leader.step-down.wait-time = 10s (default)
2022-03-14 12:17:34,022 [Listener at 127.0.0.1/44939] INFO  server.RaftServerConfigKeys (ConfUtils.java:logGet(44)) - raft.server.storage.dir = [/home/runner/work/ozone/ozone/hadoop-ozone/integration-test/target/test-dir/MiniOzoneClusterImpl-278953cb-1c57-4e8b-ba2f-5e3472d45912/omNode-3/ratis] (custom)
2022-03-14 12:17:34,023 [Listener at 127.0.0.1/44939] INFO  server.RaftServer (RaftServerProxy.java:addNew(95)) - omNode-3: addNew group-523986131536:[omNode-3|rpc:localhost:38427|priority:0, omNode-1|rpc:localhost:41375|priority:0, omNode-2|rpc:localhost:40735|priority:0] returns group-523986131536:java.util.concurrent.CompletableFuture@4fa7df5c[Not completed]
2022-03-14 12:17:34,023 [pool-98-thread-1] INFO  server.RaftServer$Division (RaftServerImpl.java:<init>(184)) - omNode-3: new RaftServerImpl for group-523986131536:[omNode-3|rpc:localhost:38427|priority:0, omNode-1|rpc:localhost:41375|priority:0, omNode-2|rpc:localhost:40735|priority:0] with OzoneManagerStateMachine:uninitialized
2022-03-14 12:17:34,023 [Listener at 127.0.0.1/44939] INFO  om.OzoneManager (OzoneManager.java:initializeRatisServer(1834)) - OzoneManager Ratis server initialized at port 38427
2022-03-14 12:17:34,025 [Listener at 127.0.0.1/44939] INFO  ipc.CallQueueManager (CallQueueManager.java:<init>(90)) - Using callQueue: class java.util.concurrent.LinkedBlockingQueue, queueCapacity: 2000, scheduler: class org.apache.hadoop.ipc.DefaultRpcScheduler, ipcBackoff: false.
2022-03-14 12:17:34,031 [Socket Reader #1 for port 38867] INFO  ipc.Server (Server.java:run(1265)) - Starting Socket Reader #1 for port 38867
2022-03-14 12:17:34,031 [pool-98-thread-1] INFO  server.RaftServerConfigKeys (ConfUtils.java:logGet(44)) - raft.server.rpc.timeout.min = 1s (custom)
2022-03-14 12:17:34,033 [pool-98-thread-1] INFO  server.RaftServerConfigKeys (ConfUtils.java:logGet(44)) - raft.server.rpc.timeout.max = 1200ms (custom)
2022-03-14 12:17:34,033 [pool-98-thread-1] INFO  server.RaftServerConfigKeys (ConfUtils.java:logGet(44)) - raft.server.rpc.sleep.time = 25ms (default)
2022-03-14 12:17:34,033 [pool-98-thread-1] INFO  server.RaftServerConfigKeys (ConfUtils.java:logGet(44)) - raft.server.rpc.slowness.timeout = 2s (custom)
2022-03-14 12:17:34,033 [pool-98-thread-1] INFO  server.RaftServerConfigKeys (ConfUtils.java:logGet(44)) - raft.server.leaderelection.leader.step-down.wait-time = 10s (default)
2022-03-14 12:17:34,033 [pool-98-thread-1] INFO  server.RaftServerConfigKeys (ConfUtils.java:logGet(44)) - raft.server.sleep.deviation.threshold = 300ms (default)
2022-03-14 12:17:34,033 [pool-98-thread-1] INFO  server.RaftServerConfigKeys (ConfUtils.java:logGet(44)) - raft.server.log.appender.install.snapshot.enabled = false (custom)
2022-03-14 12:17:34,033 [pool-98-thread-1] INFO  server.RaftServer$Division (ServerState.java:<init>(105)) - omNode-3@group-523986131536: ConfigurationManager, init=-1: [omNode-3|rpc:localhost:38427|priority:0, omNode-1|rpc:localhost:41375|priority:0, omNode-2|rpc:localhost:40735|priority:0], old=null, confs=<EMPTY_MAP>
2022-03-14 12:17:34,033 [pool-98-thread-1] INFO  server.RaftServerConfigKeys (ConfUtils.java:logGet(44)) - raft.server.storage.dir = [/home/runner/work/ozone/ozone/hadoop-ozone/integration-test/target/test-dir/MiniOzoneClusterImpl-278953cb-1c57-4e8b-ba2f-5e3472d45912/omNode-3/ratis] (custom)
2022-03-14 12:17:34,046 [pool-98-thread-1] INFO  server.RaftServerConfigKeys (ConfUtils.java:logGet(44)) - raft.server.log.corruption.policy = EXCEPTION (default)
2022-03-14 12:17:34,046 [pool-98-thread-1] INFO  server.RaftServerConfigKeys (ConfUtils.java:logGet(44)) - raft.server.storage.free-space.min = 0MB (=0) (default)
2022-03-14 12:17:34,046 [pool-98-thread-1] INFO  storage.RaftStorageDirectory (RaftStorageDirectoryImpl.java:analyzeStorage(135)) - The storage directory /home/runner/work/ozone/ozone/hadoop-ozone/integration-test/target/test-dir/MiniOzoneClusterImpl-278953cb-1c57-4e8b-ba2f-5e3472d45912/omNode-3/ratis/c9bc4cf4-3bc3-3c60-a66b-523986131536 does not exist. Creating ...
2022-03-14 12:17:34,049 [pool-98-thread-1] INFO  storage.RaftStorageDirectory (RaftStorageDirectoryImpl.java:tryLock(230)) - Lock on /home/runner/work/ozone/ozone/hadoop-ozone/integration-test/target/test-dir/MiniOzoneClusterImpl-278953cb-1c57-4e8b-ba2f-5e3472d45912/omNode-3/ratis/c9bc4cf4-3bc3-3c60-a66b-523986131536/in_use.lock acquired by nodename 10847@fv-az291-848
2022-03-14 12:17:34,050 [pool-98-thread-1] INFO  storage.RaftStorage (RaftStorageImpl.java:format(89)) - Storage directory /home/runner/work/ozone/ozone/hadoop-ozone/integration-test/target/test-dir/MiniOzoneClusterImpl-278953cb-1c57-4e8b-ba2f-5e3472d45912/omNode-3/ratis/c9bc4cf4-3bc3-3c60-a66b-523986131536 has been successfully formatted.
2022-03-14 12:17:34,050 [pool-98-thread-1] INFO  server.RaftServerConfigKeys (ConfUtils.java:logGet(44)) - raft.server.notification.no-leader.timeout = 2s (custom)
2022-03-14 12:17:34,050 [pool-98-thread-1] INFO  server.RaftServerConfigKeys (ConfUtils.java:logGet(44)) - raft.server.log.use.memory = false (default)
2022-03-14 12:17:34,051 [pool-98-thread-1] INFO  server.RaftServerConfigKeys (ConfUtils.java:logGet(44)) - raft.server.log.purge.gap = 50 (custom)
2022-03-14 12:17:34,051 [pool-98-thread-1] INFO  server.RaftServerConfigKeys (ConfUtils.java:logGet(44)) - raft.server.log.appender.buffer.byte-limit = 33554432 (custom)
2022-03-14 12:17:34,052 [pool-98-thread-1] INFO  server.RaftServerConfigKeys (ConfUtils.java:logGet(44)) - raft.server.log.segment.size.max = 4194304 (custom)
2022-03-14 12:17:34,058 [pool-98-thread-1] INFO  server.RaftServerConfigKeys (ConfUtils.java:logGet(44)) - raft.server.log.segment.cache.num.max = 2 (custom)
2022-03-14 12:17:34,058 [pool-98-thread-1] INFO  server.RaftServerConfigKeys (ConfUtils.java:logGet(44)) - raft.server.log.segment.cache.size.max = 200MB (=209715200) (default)
2022-03-14 12:17:34,058 [pool-98-thread-1] INFO  segmented.SegmentedRaftLogWorker (SegmentedRaftLogWorker.java:<init>(182)) - new omNode-3@group-523986131536-SegmentedRaftLogWorker for RaftStorageImpl:Storage Directory /home/runner/work/ozone/ozone/hadoop-ozone/integration-test/target/test-dir/MiniOzoneClusterImpl-278953cb-1c57-4e8b-ba2f-5e3472d45912/omNode-3/ratis/c9bc4cf4-3bc3-3c60-a66b-523986131536
2022-03-14 12:17:34,059 [pool-98-thread-1] INFO  server.RaftServerConfigKeys (ConfUtils.java:logGet(44)) - raft.server.log.queue.byte-limit = 64MB (=67108864) (default)
2022-03-14 12:17:34,059 [pool-98-thread-1] INFO  server.RaftServerConfigKeys (ConfUtils.java:logGet(44)) - raft.server.log.queue.element-limit = 4096 (default)
2022-03-14 12:17:34,059 [pool-98-thread-1] INFO  server.RaftServerConfigKeys (ConfUtils.java:logGet(44)) - raft.server.log.segment.size.max = 4194304 (custom)
2022-03-14 12:17:34,059 [pool-98-thread-1] INFO  server.RaftServerConfigKeys (ConfUtils.java:logGet(44)) - raft.server.log.preallocated.size = 4194304 (custom)
2022-03-14 12:17:34,059 [pool-98-thread-1] INFO  server.RaftServerConfigKeys (ConfUtils.java:logGet(44)) - raft.server.log.force.sync.num = 128 (default)
2022-03-14 12:17:34,059 [pool-98-thread-1] INFO  server.RaftServerConfigKeys (ConfUtils.java:logGet(44)) - raft.server.log.statemachine.data.sync = true (default)
2022-03-14 12:17:34,060 [pool-98-thread-1] INFO  server.RaftServerConfigKeys (ConfUtils.java:logGet(44)) - raft.server.log.statemachine.data.sync.timeout = 10s (default)
2022-03-14 12:17:34,061 [pool-98-thread-1] INFO  server.RaftServerConfigKeys (ConfUtils.java:logGet(44)) - raft.server.log.statemachine.data.sync.timeout.retry = -1 (default)
2022-03-14 12:17:34,061 [pool-98-thread-1] INFO  server.RaftServerConfigKeys (ConfUtils.java:logGet(44)) - raft.server.log.write.buffer.size = 64KB (=65536) (default)
2022-03-14 12:17:34,063 [pool-98-thread-1] INFO  server.RaftServerConfigKeys (ConfUtils.java:logGet(44)) - raft.server.log.statemachine.data.caching.enabled = false (default)
2022-03-14 12:17:34,062 [Listener at 127.0.0.1/38867] INFO  impl.MetricsSystemImpl (MetricsSystemImpl.java:init(158)) - OzoneManager metrics system started (again)
2022-03-14 12:17:34,065 [pool-98-thread-1] INFO  segmented.SegmentedRaftLogWorker (SegmentedRaftLogWorker.java:lambda$new$0(133)) - omNode-3@group-523986131536-SegmentedRaftLogWorker: flushIndex: setUnconditionally 0 -> -1
2022-03-14 12:17:34,065 [pool-98-thread-1] INFO  segmented.SegmentedRaftLogWorker (SegmentedRaftLogWorker.java:lambda$new$0(133)) - omNode-3@group-523986131536-SegmentedRaftLogWorker: safeCacheEvictIndex: setUnconditionally 0 -> -1
2022-03-14 12:17:34,066 [pool-98-thread-1] INFO  server.RaftServerConfigKeys (ConfUtils.java:logGet(44)) - raft.server.snapshot.auto.trigger.enabled = true (custom)
2022-03-14 12:17:34,066 [pool-98-thread-1] INFO  server.RaftServerConfigKeys (ConfUtils.java:logGet(44)) - raft.server.snapshot.auto.trigger.threshold = 50 (custom)
2022-03-14 12:17:34,066 [pool-98-thread-1] INFO  server.RaftServerConfigKeys (ConfUtils.java:logGet(44)) - raft.server.snapshot.retention.file.num = -1 (default)
2022-03-14 12:17:34,066 [pool-98-thread-1] INFO  server.RaftServerConfigKeys (ConfUtils.java:logGet(44)) - raft.server.log.purge.upto.snapshot.index = true (custom)
2022-03-14 12:17:34,066 [pool-98-thread-1] INFO  server.RaftServerConfigKeys (ConfUtils.java:logGet(44)) - raft.server.retrycache.expirytime = 30000ms (custom)
2022-03-14 12:17:34,066 [pool-98-thread-1] INFO  server.RaftServerConfigKeys (ConfUtils.java:logGet(44)) - raft.server.retrycache.statistics.expirytime = 100μs (default)
2022-03-14 12:17:34,076 [Listener at 127.0.0.1/38867] INFO  om.OzoneManager (OzoneManager.java:start(1365)) - OzoneManager RPC server is listening at localhost/127.0.0.1:38867
2022-03-14 12:17:34,076 [Listener at 127.0.0.1/38867] INFO  ratis.OzoneManagerRatisServer (OzoneManagerRatisServer.java:start(554)) - Starting OzoneManagerRatisServer omNode-3 at port 38427
2022-03-14 12:17:34,076 [Listener at 127.0.0.1/38867] INFO  server.RaftServer$Division (RaftServerImpl.java:start(301)) - omNode-3@group-523986131536: start as a follower, conf=-1: [omNode-3|rpc:localhost:38427|priority:0, omNode-1|rpc:localhost:41375|priority:0, omNode-2|rpc:localhost:40735|priority:0], old=null
2022-03-14 12:17:34,077 [Listener at 127.0.0.1/38867] INFO  server.RaftServer$Division (RaftServerImpl.java:setRole(290)) - omNode-3@group-523986131536: changes role from      null to FOLLOWER at term 0 for startAsFollower
2022-03-14 12:17:34,077 [Listener at 127.0.0.1/38867] INFO  impl.RoleInfo (RoleInfo.java:updateAndGet(130)) - omNode-3: start omNode-3@group-523986131536-FollowerState
2022-03-14 12:17:34,078 [Listener at 127.0.0.1/38867] INFO  util.JmxRegister (JmxRegister.java:tryRegister(44)) - Successfully registered JMX Bean with object name Ratis:service=RaftServer,group=group-523986131536,id=omNode-3
2022-03-14 12:17:34,082 [Listener at 127.0.0.1/38867] INFO  server.RaftServer (RaftServerProxy.java:lambda$start$5(374)) - omNode-3: start RPC server
2022-03-14 12:17:34,083 [Listener at 127.0.0.1/38867] INFO  server.GrpcService (GrpcService.java:startImpl(253)) - omNode-3: GrpcService started, listening on 38427
2022-03-14 12:17:34,084 [Listener at 127.0.0.1/38867] INFO  om.OzoneManager (OzoneManager.java:start(1381)) - Version File has different layout version (0) than OM DB (null). That is expected if this OM has never been finalized to a newer layout version.
2022-03-14 12:17:34,084 [org.apache.ratis.util.JvmPauseMonitor$$Lambda$422/892611887@5b293cc9] INFO  util.JvmPauseMonitor (JvmPauseMonitor.java:run(103)) - JvmPauseMonitor-omNode-3: Started
2022-03-14 12:17:34,087 [Listener at 127.0.0.1/38867] INFO  http.BaseHttpServer (BaseHttpServer.java:newHttpServer2BuilderForOzone(209)) - Starting Web-server for ozoneManager at: http://0.0.0.0:44195
2022-03-14 12:17:34,087 [Listener at 127.0.0.1/38867] INFO  http.BaseHttpServer (BaseHttpServer.java:<init>(107)) - Hadoop Security Enabled: false Ozone Security Enabled: false Ozone HTTP Security Enabled: false 
2022-03-14 12:17:34,089 [Listener at 127.0.0.1/38867] INFO  server.AuthenticationFilter (AuthenticationFilter.java:constructSecretProvider(240)) - Unable to initialize FileSignerSecretProvider, falling back to use random secrets.
2022-03-14 12:17:34,090 [Listener at 127.0.0.1/38867] WARN  http.HttpRequestLog (HttpRequestLog.java:getRequestLog(103)) - Jetty request log can only be enabled using Log4j
2022-03-14 12:17:34,091 [Listener at 127.0.0.1/38867] INFO  http.HttpServer2 (HttpServer2.java:addGlobalFilter(1030)) - Added global filter 'safety' (class=org.apache.hadoop.hdds.server.http.HttpServer2$QuotingInputFilter)
2022-03-14 12:17:34,091 [Listener at 127.0.0.1/38867] INFO  http.HttpServer2 (HttpServer2.java:addFilter(1006)) - Added filter static_user_filter (class=org.apache.hadoop.http.lib.StaticUserWebFilter$StaticUserFilter) to context ozoneManager
2022-03-14 12:17:34,092 [Listener at 127.0.0.1/38867] INFO  http.HttpServer2 (HttpServer2.java:addFilter(1014)) - Added filter static_user_filter (class=org.apache.hadoop.http.lib.StaticUserWebFilter$StaticUserFilter) to context static
2022-03-14 12:17:34,092 [Listener at 127.0.0.1/38867] INFO  http.HttpServer2 (HttpServer2.java:addFilter(1014)) - Added filter static_user_filter (class=org.apache.hadoop.http.lib.StaticUserWebFilter$StaticUserFilter) to context logs
2022-03-14 12:17:34,092 [Listener at 127.0.0.1/38867] INFO  http.HttpServer2 (HttpServer2.java:bindListener(1249)) - Jetty bound to port 44195
2022-03-14 12:17:34,092 [Listener at 127.0.0.1/38867] INFO  server.Server (Server.java:doStart(375)) - jetty-9.4.43.v20210629; built: 2021-06-30T11:07:22.254Z; git: 526006ecfa3af7f1a27ef3a288e2bef7ea9dd7e8; jvm 1.8.0_322-b06
2022-03-14 12:17:34,094 [Listener at 127.0.0.1/38867] INFO  server.session (DefaultSessionIdManager.java:doStart(334)) - DefaultSessionIdManager workerName=node0
2022-03-14 12:17:34,094 [Listener at 127.0.0.1/38867] INFO  server.session (DefaultSessionIdManager.java:doStart(339)) - No SessionScavenger set, using defaults
2022-03-14 12:17:34,094 [Listener at 127.0.0.1/38867] INFO  server.session (HouseKeeper.java:startScavenging(132)) - node0 Scavenging every 660000ms
2022-03-14 12:17:34,095 [Listener at 127.0.0.1/38867] INFO  handler.ContextHandler (ContextHandler.java:doStart(915)) - Started o.e.j.s.ServletContextHandler@2dfc833b{logs,/logs,file:///home/runner/work/ozone/ozone/hadoop-ozone/integration-test/target/log,AVAILABLE}
2022-03-14 12:17:34,096 [Listener at 127.0.0.1/38867] INFO  handler.ContextHandler (ContextHandler.java:doStart(915)) - Started o.e.j.s.ServletContextHandler@17a364{static,/static,file:///home/runner/work/ozone/ozone/hadoop-ozone/integration-test/target/test-classes/webapps/static,AVAILABLE}
2022-03-14 12:17:34,099 [Listener at 127.0.0.1/38867] INFO  handler.ContextHandler (ContextHandler.java:doStart(915)) - Started o.e.j.w.WebAppContext@2184c27b{ozoneManager,/,file:///home/runner/work/ozone/ozone/hadoop-ozone/integration-test/target/test-classes/webapps/ozoneManager/,AVAILABLE}{file:/home/runner/work/ozone/ozone/hadoop-ozone/integration-test/target/test-classes/webapps/ozoneManager}
2022-03-14 12:17:34,100 [Listener at 127.0.0.1/38867] INFO  server.AbstractConnector (AbstractConnector.java:doStart(331)) - Started ServerConnector@2441c0b{HTTP/1.1, (http/1.1)}{0.0.0.0:44195}
2022-03-14 12:17:34,100 [Listener at 127.0.0.1/38867] INFO  server.Server (Server.java:doStart(415)) - Started @18394ms
2022-03-14 12:17:34,100 [Listener at 127.0.0.1/38867] WARN  impl.MetricsSystemImpl (MetricsSystemImpl.java:register(279)) - Sink prometheus already exists!
2022-03-14 12:17:34,101 [Listener at 127.0.0.1/38867] INFO  http.BaseHttpServer (BaseHttpServer.java:updateConnectorAddress(329)) - HTTP server of ozoneManager listening at http://0.0.0.0:44195
2022-03-14 12:17:34,101 [IPC Server Responder] INFO  ipc.Server (Server.java:run(1507)) - IPC Server Responder: starting
2022-03-14 12:17:34,106 [IPC Server listener on 38867] INFO  ipc.Server (Server.java:run(1344)) - IPC Server listener on 38867: starting
2022-03-14 12:17:34,118 [Listener at 127.0.0.1/38867] INFO  om.OzoneManager (OzoneManager.java:startTrashEmptier(1792)) - Trash Interval set to 0. Files deleted will not move to trash
2022-03-14 12:17:34,119 [Listener at 127.0.0.1/38867] INFO  ozone.MiniOzoneHAClusterImpl (MiniOzoneHAClusterImpl.java:createOMService(522)) - Started OzoneManager omNode-3 RPC server at localhost/127.0.0.1:38867
2022-03-14 12:17:34,119 [org.apache.hadoop.util.JvmPauseMonitor$Monitor@768b79db] INFO  util.JvmPauseMonitor (JvmPauseMonitor.java:run(188)) - Starting JVM pause monitor
2022-03-14 12:17:34,242 [Listener at 127.0.0.1/38867] WARN  impl.MetricRegistriesImpl (MetricRegistriesImpl.java:addReporterRegistration(111)) - New reporters are added after registries were created. Some metrics will be missing from the reporter. Please add reporter before adding any new registry.
2022-03-14 12:17:34,242 [Listener at 127.0.0.1/38867] WARN  impl.MetricRegistriesImpl (MetricRegistriesImpl.java:addReporterRegistration(111)) - New reporters are added after registries were created. Some metrics will be missing from the reporter. Please add reporter before adding any new registry.
2022-03-14 12:17:34,242 [Listener at 127.0.0.1/38867] INFO  impl.MetricsSystemImpl (MetricsSystemImpl.java:init(158)) - HddsDatanode metrics system started (again)
2022-03-14 12:17:34,254 [Listener at 127.0.0.1/38867] INFO  ozone.HddsDatanodeService (HddsDatanodeService.java:start(233)) - HddsDatanodeService host:fv-az291-848.wgnan5asplgejimfprtllbpdch.jx.internal.cloudapp.net ip:10.1.0.4
2022-03-14 12:17:34,282 [Listener at 127.0.0.1/38867] INFO  upgrade.AbstractLayoutVersionManager (AbstractLayoutVersionManager.java:init(79)) - Initializing Layout version manager with metadata layout = SCM_HA (version = 2), software layout = SCM_HA (version = 2)
2022-03-14 12:17:34,317 [Listener at 127.0.0.1/38867] INFO  reflections.Reflections (Reflections.java:scan(232)) - Reflections took 33 ms to scan 7 urls, producing 122 keys and 286 values 
2022-03-14 12:17:34,320 [Listener at 127.0.0.1/38867] INFO  statemachine.DatanodeStateMachine (DatanodeStateMachine.java:getEndPointTaskThreadPoolSize(222)) - Datanode State Machine Task Thread Pool size 2
2022-03-14 12:17:34,365 [Listener at 127.0.0.1/38867] INFO  volume.HddsVolume (HddsVolume.java:<init>(120)) - Creating HddsVolume: /home/runner/work/ozone/ozone/hadoop-ozone/integration-test/target/test-dir/MiniOzoneClusterImpl-278953cb-1c57-4e8b-ba2f-5e3472d45912/datanode-0/data-0/containers/hdds of storage type : DISK capacity : 9223372036854775807
2022-03-14 12:17:34,367 [Listener at 127.0.0.1/38867] INFO  volume.MutableVolumeSet (MutableVolumeSet.java:initializeVolumeSet(168)) - Added Volume : /home/runner/work/ozone/ozone/hadoop-ozone/integration-test/target/test-dir/MiniOzoneClusterImpl-278953cb-1c57-4e8b-ba2f-5e3472d45912/datanode-0/data-0/containers/hdds to VolumeSet
2022-03-14 12:17:34,368 [Listener at 127.0.0.1/38867] INFO  volume.ThrottledAsyncChecker (ThrottledAsyncChecker.java:schedule(141)) - Scheduling a check for /home/runner/work/ozone/ozone/hadoop-ozone/integration-test/target/test-dir/MiniOzoneClusterImpl-278953cb-1c57-4e8b-ba2f-5e3472d45912/datanode-0/data-0/containers/hdds
2022-03-14 12:17:34,386 [Listener at 127.0.0.1/38867] INFO  volume.StorageVolumeChecker (StorageVolumeChecker.java:checkAllVolumes(202)) - Scheduled health check for volume /home/runner/work/ozone/ozone/hadoop-ozone/integration-test/target/test-dir/MiniOzoneClusterImpl-278953cb-1c57-4e8b-ba2f-5e3472d45912/datanode-0/data-0/containers/hdds
2022-03-14 12:17:34,400 [Listener at 127.0.0.1/38867] INFO  volume.MutableVolumeSet (MutableVolumeSet.java:initializeVolumeSet(168)) - Added Volume : /home/runner/work/ozone/ozone/hadoop-ozone/integration-test/target/test-dir/MiniOzoneClusterImpl-278953cb-1c57-4e8b-ba2f-5e3472d45912/datanode-0/data/ratis to VolumeSet
2022-03-14 12:17:34,401 [Listener at 127.0.0.1/38867] INFO  volume.ThrottledAsyncChecker (ThrottledAsyncChecker.java:schedule(141)) - Scheduling a check for /home/runner/work/ozone/ozone/hadoop-ozone/integration-test/target/test-dir/MiniOzoneClusterImpl-278953cb-1c57-4e8b-ba2f-5e3472d45912/datanode-0/data/ratis
2022-03-14 12:17:34,401 [Listener at 127.0.0.1/38867] INFO  volume.StorageVolumeChecker (StorageVolumeChecker.java:checkAllVolumes(202)) - Scheduled health check for volume /home/runner/work/ozone/ozone/hadoop-ozone/integration-test/target/test-dir/MiniOzoneClusterImpl-278953cb-1c57-4e8b-ba2f-5e3472d45912/datanode-0/data/ratis
2022-03-14 12:17:34,423 [Thread-225] INFO  ozoneimpl.ContainerReader (ContainerReader.java:readVolume(172)) - Finish verifying containers on volume /home/runner/work/ozone/ozone/hadoop-ozone/integration-test/target/test-dir/MiniOzoneClusterImpl-278953cb-1c57-4e8b-ba2f-5e3472d45912/datanode-0/data-0/containers/hdds
2022-03-14 12:17:34,424 [Listener at 127.0.0.1/38867] INFO  ozoneimpl.OzoneContainer (OzoneContainer.java:buildContainerSet(257)) - Build ContainerSet costs 0s
2022-03-14 12:17:34,479 [Listener at 127.0.0.1/38867] INFO  server.RaftServer (ConfUtils.java:logGet(44)) - raft.rpc.type = GRPC (default)
2022-03-14 12:17:34,480 [Listener at 127.0.0.1/38867] INFO  grpc.GrpcFactory (GrpcFactory.java:checkPooledByteBufAllocatorUseCacheForAllThreads(48)) - PERFORMANCE WARNING: useCacheForAllThreads is true that may cause Netty to create a lot garbage objects and, as a result, trigger GC.
	It is recommended to disable useCacheForAllThreads by setting -Dorg.apache.ratis.thirdparty.io.netty.allocator.useCacheForAllThreads=false in command line.
2022-03-14 12:17:34,480 [Listener at 127.0.0.1/38867] INFO  grpc.GrpcConfigKeys (ConfUtils.java:logGet(44)) - raft.grpc.admin.port = 0 (custom)
2022-03-14 12:17:34,484 [Listener at 127.0.0.1/38867] INFO  grpc.GrpcConfigKeys (ConfUtils.java:logGet(44)) - raft.grpc.client.port = 0 (custom)
2022-03-14 12:17:34,486 [Listener at 127.0.0.1/38867] INFO  grpc.GrpcConfigKeys (ConfUtils.java:logGet(44)) - raft.grpc.server.port = 0 (default)
2022-03-14 12:17:34,487 [Listener at 127.0.0.1/38867] INFO  server.GrpcService (ConfUtils.java:logGet(44)) - raft.grpc.message.size.max = 32MB (=33554432) (custom)
2022-03-14 12:17:34,487 [Listener at 127.0.0.1/38867] INFO  server.RaftServerConfigKeys (ConfUtils.java:logGet(44)) - raft.server.log.appender.buffer.byte-limit = 33554432 (custom)
2022-03-14 12:17:34,487 [Listener at 127.0.0.1/38867] INFO  server.GrpcService (ConfUtils.java:logGet(44)) - raft.grpc.flow.control.window = 5MB (=5242880) (custom)
2022-03-14 12:17:34,487 [Listener at 127.0.0.1/38867] INFO  server.RaftServerConfigKeys (ConfUtils.java:logGet(44)) - raft.server.rpc.request.timeout = 60s (custom)
2022-03-14 12:17:34,489 [Listener at 127.0.0.1/38867] INFO  impl.DataStreamServerImpl (ConfUtils.java:logGet(44)) - raft.datastream.type = DISABLED (default)
2022-03-14 12:17:34,489 [Listener at 127.0.0.1/38867] INFO  server.RaftServerConfigKeys (ConfUtils.java:logGet(44)) - raft.server.rpc.slowness.timeout = 300s (custom)
2022-03-14 12:17:34,489 [Listener at 127.0.0.1/38867] INFO  server.RaftServerConfigKeys (ConfUtils.java:logGet(44)) - raft.server.leaderelection.leader.step-down.wait-time = 10s (default)
2022-03-14 12:17:34,489 [Listener at 127.0.0.1/38867] INFO  server.RaftServerConfigKeys (ConfUtils.java:logGet(44)) - raft.server.storage.dir = [/home/runner/work/ozone/ozone/hadoop-ozone/integration-test/target/test-dir/MiniOzoneClusterImpl-278953cb-1c57-4e8b-ba2f-5e3472d45912/datanode-0/data/ratis] (custom)
2022-03-14 12:17:34,505 [Listener at 127.0.0.1/38867] INFO  server.XceiverServerGrpc (XceiverServerGrpc.java:<init>(132)) - GrpcServer channel type EpollServerSocketChannel
2022-03-14 12:17:34,543 [Listener at 127.0.0.1/38867] INFO  http.BaseHttpServer (BaseHttpServer.java:newHttpServer2BuilderForOzone(209)) - Starting Web-server for hddsDatanode at: http://0.0.0.0:0
2022-03-14 12:17:34,543 [Listener at 127.0.0.1/38867] INFO  http.BaseHttpServer (BaseHttpServer.java:<init>(107)) - Hadoop Security Enabled: false Ozone Security Enabled: false Ozone HTTP Security Enabled: false 
2022-03-14 12:17:34,544 [Listener at 127.0.0.1/38867] INFO  server.AuthenticationFilter (AuthenticationFilter.java:constructSecretProvider(240)) - Unable to initialize FileSignerSecretProvider, falling back to use random secrets.
2022-03-14 12:17:34,545 [Listener at 127.0.0.1/38867] WARN  http.HttpRequestLog (HttpRequestLog.java:getRequestLog(103)) - Jetty request log can only be enabled using Log4j
2022-03-14 12:17:34,545 [Listener at 127.0.0.1/38867] INFO  http.HttpServer2 (HttpServer2.java:addGlobalFilter(1030)) - Added global filter 'safety' (class=org.apache.hadoop.hdds.server.http.HttpServer2$QuotingInputFilter)
2022-03-14 12:17:34,546 [Listener at 127.0.0.1/38867] INFO  http.HttpServer2 (HttpServer2.java:addFilter(1006)) - Added filter static_user_filter (class=org.apache.hadoop.http.lib.StaticUserWebFilter$StaticUserFilter) to context hddsDatanode
2022-03-14 12:17:34,546 [Listener at 127.0.0.1/38867] INFO  http.HttpServer2 (HttpServer2.java:addFilter(1014)) - Added filter static_user_filter (class=org.apache.hadoop.http.lib.StaticUserWebFilter$StaticUserFilter) to context static
2022-03-14 12:17:34,546 [Listener at 127.0.0.1/38867] INFO  http.HttpServer2 (HttpServer2.java:addFilter(1014)) - Added filter static_user_filter (class=org.apache.hadoop.http.lib.StaticUserWebFilter$StaticUserFilter) to context logs
2022-03-14 12:17:34,547 [Listener at 127.0.0.1/38867] INFO  http.HttpServer2 (HttpServer2.java:bindListener(1249)) - Jetty bound to port 33349
2022-03-14 12:17:34,547 [Listener at 127.0.0.1/38867] INFO  server.Server (Server.java:doStart(375)) - jetty-9.4.43.v20210629; built: 2021-06-30T11:07:22.254Z; git: 526006ecfa3af7f1a27ef3a288e2bef7ea9dd7e8; jvm 1.8.0_322-b06
2022-03-14 12:17:34,551 [omNode-1@group-523986131536-FollowerState] INFO  impl.FollowerState (FollowerState.java:run(134)) - omNode-1@group-523986131536-FollowerState: change to CANDIDATE, lastRpcElapsedTime:1038697891ns, electionTimeout:1036ms
2022-03-14 12:17:34,552 [omNode-1@group-523986131536-FollowerState] INFO  impl.RoleInfo (RoleInfo.java:shutdownFollowerState(108)) - omNode-1: shutdown omNode-1@group-523986131536-FollowerState
2022-03-14 12:17:34,552 [omNode-1@group-523986131536-FollowerState] INFO  server.RaftServer$Division (RaftServerImpl.java:setRole(290)) - omNode-1@group-523986131536: changes role from  FOLLOWER to CANDIDATE at term 0 for changeToCandidate
2022-03-14 12:17:34,553 [omNode-1@group-523986131536-FollowerState] INFO  server.RaftServerConfigKeys (ConfUtils.java:logGet(44)) - raft.server.leaderelection.pre-vote = false (custom)
2022-03-14 12:17:34,553 [omNode-1@group-523986131536-FollowerState] INFO  impl.RoleInfo (RoleInfo.java:updateAndGet(130)) - omNode-1: start omNode-1@group-523986131536-LeaderElection3
2022-03-14 12:17:34,561 [omNode-1@group-523986131536-LeaderElection3] INFO  impl.LeaderElection (LeaderElection.java:askForVotes(306)) - omNode-1@group-523986131536-LeaderElection3 ELECTION round 0: submit vote requests at term 1 for -1: [omNode-3|rpc:localhost:38427|priority:0, omNode-1|rpc:localhost:41375|priority:0, omNode-2|rpc:localhost:40735|priority:0], old=null
2022-03-14 12:17:34,564 [Listener at 127.0.0.1/38867] INFO  server.session (DefaultSessionIdManager.java:doStart(334)) - DefaultSessionIdManager workerName=node0
2022-03-14 12:17:34,564 [Listener at 127.0.0.1/38867] INFO  server.session (DefaultSessionIdManager.java:doStart(339)) - No SessionScavenger set, using defaults
2022-03-14 12:17:34,564 [Listener at 127.0.0.1/38867] INFO  server.session (HouseKeeper.java:startScavenging(132)) - node0 Scavenging every 660000ms
2022-03-14 12:17:34,575 [Listener at 127.0.0.1/38867] INFO  handler.ContextHandler (ContextHandler.java:doStart(915)) - Started o.e.j.s.ServletContextHandler@23b34af8{logs,/logs,file:///home/runner/work/ozone/ozone/hadoop-ozone/integration-test/target/log,AVAILABLE}
2022-03-14 12:17:34,576 [Listener at 127.0.0.1/38867] INFO  handler.ContextHandler (ContextHandler.java:doStart(915)) - Started o.e.j.s.ServletContextHandler@1ff06f00{static,/static,jar:file:/home/runner/.m2/repository/org/apache/ozone/hdds-container-service/1.3.0-SNAPSHOT/hdds-container-service-1.3.0-SNAPSHOT.jar!/webapps/static,AVAILABLE}
2022-03-14 12:17:34,649 [Listener at 127.0.0.1/38867] INFO  handler.ContextHandler (ContextHandler.java:doStart(915)) - Started o.e.j.w.WebAppContext@2c29342a{hddsDatanode,/,file:///tmp/jetty-0_0_0_0-33349-hdds-container-service-1_3_0-SNAPSHOT_jar-_-any-8589277067540957756/webapp/,AVAILABLE}{jar:file:/home/runner/.m2/repository/org/apache/ozone/hdds-container-service/1.3.0-SNAPSHOT/hdds-container-service-1.3.0-SNAPSHOT.jar!/webapps/hddsDatanode}
2022-03-14 12:17:34,660 [Listener at 127.0.0.1/38867] INFO  server.AbstractConnector (AbstractConnector.java:doStart(331)) - Started ServerConnector@730b8cfa{HTTP/1.1, (http/1.1)}{0.0.0.0:33349}
2022-03-14 12:17:34,661 [Listener at 127.0.0.1/38867] INFO  server.Server (Server.java:doStart(415)) - Started @18955ms
2022-03-14 12:17:34,661 [Listener at 127.0.0.1/38867] WARN  impl.MetricsSystemImpl (MetricsSystemImpl.java:register(279)) - Sink prometheus already exists!
2022-03-14 12:17:34,661 [Listener at 127.0.0.1/38867] INFO  http.BaseHttpServer (BaseHttpServer.java:updateConnectorAddress(329)) - HTTP server of hddsDatanode listening at http://0.0.0.0:33349
2022-03-14 12:17:34,666 [Listener at 127.0.0.1/38867] WARN  impl.MetricRegistriesImpl (MetricRegistriesImpl.java:addReporterRegistration(111)) - New reporters are added after registries were created. Some metrics will be missing from the reporter. Please add reporter before adding any new registry.
2022-03-14 12:17:34,666 [Listener at 127.0.0.1/38867] WARN  impl.MetricRegistriesImpl (MetricRegistriesImpl.java:addReporterRegistration(111)) - New reporters are added after registries were created. Some metrics will be missing from the reporter. Please add reporter before adding any new registry.
2022-03-14 12:17:34,666 [Listener at 127.0.0.1/38867] INFO  impl.MetricsSystemImpl (MetricsSystemImpl.java:init(158)) - HddsDatanode metrics system started (again)
2022-03-14 12:17:34,684 [Datanode State Machine Daemon Thread] INFO  statemachine.DatanodeStateMachine (DatanodeStateMachine.java:lambda$startDaemon$0(470)) - Ozone container server started.
2022-03-14 12:17:34,695 [Listener at 127.0.0.1/38867] INFO  ozone.HddsDatanodeService (HddsDatanodeService.java:start(233)) - HddsDatanodeService host:fv-az291-848.wgnan5asplgejimfprtllbpdch.jx.internal.cloudapp.net ip:10.1.0.4
2022-03-14 12:17:34,708 [org.apache.hadoop.util.JvmPauseMonitor$Monitor@66be9c6e] INFO  util.JvmPauseMonitor (JvmPauseMonitor.java:run(188)) - Starting JVM pause monitor
2022-03-14 12:17:34,740 [Listener at 127.0.0.1/38867] INFO  upgrade.AbstractLayoutVersionManager (AbstractLayoutVersionManager.java:init(79)) - Initializing Layout version manager with metadata layout = SCM_HA (version = 2), software layout = SCM_HA (version = 2)
2022-03-14 12:17:34,815 [omNode-2@group-523986131536-FollowerState] INFO  impl.FollowerState (FollowerState.java:run(134)) - omNode-2@group-523986131536-FollowerState: change to CANDIDATE, lastRpcElapsedTime:1017082688ns, electionTimeout:1016ms
2022-03-14 12:17:34,816 [omNode-2@group-523986131536-FollowerState] INFO  impl.RoleInfo (RoleInfo.java:shutdownFollowerState(108)) - omNode-2: shutdown omNode-2@group-523986131536-FollowerState
2022-03-14 12:17:34,816 [omNode-2@group-523986131536-FollowerState] INFO  server.RaftServer$Division (RaftServerImpl.java:setRole(290)) - omNode-2@group-523986131536: changes role from  FOLLOWER to CANDIDATE at term 0 for changeToCandidate
2022-03-14 12:17:34,816 [omNode-2@group-523986131536-FollowerState] INFO  server.RaftServerConfigKeys (ConfUtils.java:logGet(44)) - raft.server.leaderelection.pre-vote = false (custom)
2022-03-14 12:17:34,816 [omNode-2@group-523986131536-FollowerState] INFO  impl.RoleInfo (RoleInfo.java:updateAndGet(130)) - omNode-2: start omNode-2@group-523986131536-LeaderElection4
2022-03-14 12:17:34,834 [omNode-2@group-523986131536-LeaderElection4] INFO  impl.LeaderElection (LeaderElection.java:askForVotes(306)) - omNode-2@group-523986131536-LeaderElection4 ELECTION round 0: submit vote requests at term 1 for -1: [omNode-3|rpc:localhost:38427|priority:0, omNode-1|rpc:localhost:41375|priority:0, omNode-2|rpc:localhost:40735|priority:0], old=null
2022-03-14 12:17:34,839 [Listener at 127.0.0.1/38867] INFO  reflections.Reflections (Reflections.java:scan(232)) - Reflections took 95 ms to scan 7 urls, producing 122 keys and 286 values 
2022-03-14 12:17:34,843 [Listener at 127.0.0.1/38867] INFO  statemachine.DatanodeStateMachine (DatanodeStateMachine.java:getEndPointTaskThreadPoolSize(222)) - Datanode State Machine Task Thread Pool size 2
2022-03-14 12:17:34,864 [Listener at 127.0.0.1/38867] INFO  volume.HddsVolume (HddsVolume.java:<init>(120)) - Creating HddsVolume: /home/runner/work/ozone/ozone/hadoop-ozone/integration-test/target/test-dir/MiniOzoneClusterImpl-278953cb-1c57-4e8b-ba2f-5e3472d45912/datanode-1/data-0/containers/hdds of storage type : DISK capacity : 9223372036854775807
2022-03-14 12:17:34,864 [Listener at 127.0.0.1/38867] INFO  volume.MutableVolumeSet (MutableVolumeSet.java:initializeVolumeSet(168)) - Added Volume : /home/runner/work/ozone/ozone/hadoop-ozone/integration-test/target/test-dir/MiniOzoneClusterImpl-278953cb-1c57-4e8b-ba2f-5e3472d45912/datanode-1/data-0/containers/hdds to VolumeSet
2022-03-14 12:17:34,865 [Listener at 127.0.0.1/38867] INFO  volume.ThrottledAsyncChecker (ThrottledAsyncChecker.java:schedule(141)) - Scheduling a check for /home/runner/work/ozone/ozone/hadoop-ozone/integration-test/target/test-dir/MiniOzoneClusterImpl-278953cb-1c57-4e8b-ba2f-5e3472d45912/datanode-1/data-0/containers/hdds
2022-03-14 12:17:34,874 [Listener at 127.0.0.1/38867] INFO  volume.StorageVolumeChecker (StorageVolumeChecker.java:checkAllVolumes(202)) - Scheduled health check for volume /home/runner/work/ozone/ozone/hadoop-ozone/integration-test/target/test-dir/MiniOzoneClusterImpl-278953cb-1c57-4e8b-ba2f-5e3472d45912/datanode-1/data-0/containers/hdds
2022-03-14 12:17:34,942 [Listener at 127.0.0.1/38867] INFO  volume.MutableVolumeSet (MutableVolumeSet.java:initializeVolumeSet(168)) - Added Volume : /home/runner/work/ozone/ozone/hadoop-ozone/integration-test/target/test-dir/MiniOzoneClusterImpl-278953cb-1c57-4e8b-ba2f-5e3472d45912/datanode-1/data/ratis to VolumeSet
2022-03-14 12:17:34,943 [Listener at 127.0.0.1/38867] INFO  volume.ThrottledAsyncChecker (ThrottledAsyncChecker.java:schedule(141)) - Scheduling a check for /home/runner/work/ozone/ozone/hadoop-ozone/integration-test/target/test-dir/MiniOzoneClusterImpl-278953cb-1c57-4e8b-ba2f-5e3472d45912/datanode-1/data/ratis
2022-03-14 12:17:34,943 [Listener at 127.0.0.1/38867] INFO  volume.StorageVolumeChecker (StorageVolumeChecker.java:checkAllVolumes(202)) - Scheduled health check for volume /home/runner/work/ozone/ozone/hadoop-ozone/integration-test/target/test-dir/MiniOzoneClusterImpl-278953cb-1c57-4e8b-ba2f-5e3472d45912/datanode-1/data/ratis
2022-03-14 12:17:34,982 [Thread-243] INFO  ozoneimpl.ContainerReader (ContainerReader.java:readVolume(172)) - Finish verifying containers on volume /home/runner/work/ozone/ozone/hadoop-ozone/integration-test/target/test-dir/MiniOzoneClusterImpl-278953cb-1c57-4e8b-ba2f-5e3472d45912/datanode-1/data-0/containers/hdds
2022-03-14 12:17:34,983 [Listener at 127.0.0.1/38867] INFO  ozoneimpl.OzoneContainer (OzoneContainer.java:buildContainerSet(257)) - Build ContainerSet costs 0s
2022-03-14 12:17:34,986 [Listener at 127.0.0.1/38867] INFO  server.RaftServer (ConfUtils.java:logGet(44)) - raft.rpc.type = GRPC (default)
2022-03-14 12:17:34,987 [Listener at 127.0.0.1/38867] INFO  grpc.GrpcFactory (GrpcFactory.java:checkPooledByteBufAllocatorUseCacheForAllThreads(48)) - PERFORMANCE WARNING: useCacheForAllThreads is true that may cause Netty to create a lot garbage objects and, as a result, trigger GC.
	It is recommended to disable useCacheForAllThreads by setting -Dorg.apache.ratis.thirdparty.io.netty.allocator.useCacheForAllThreads=false in command line.
2022-03-14 12:17:34,987 [Listener at 127.0.0.1/38867] INFO  grpc.GrpcConfigKeys (ConfUtils.java:logGet(44)) - raft.grpc.admin.port = 0 (custom)
2022-03-14 12:17:34,987 [Listener at 127.0.0.1/38867] INFO  grpc.GrpcConfigKeys (ConfUtils.java:logGet(44)) - raft.grpc.client.port = 0 (custom)
2022-03-14 12:17:34,987 [Listener at 127.0.0.1/38867] INFO  grpc.GrpcConfigKeys (ConfUtils.java:logGet(44)) - raft.grpc.server.port = 0 (default)
2022-03-14 12:17:34,987 [Listener at 127.0.0.1/38867] INFO  server.GrpcService (ConfUtils.java:logGet(44)) - raft.grpc.message.size.max = 32MB (=33554432) (custom)
2022-03-14 12:17:34,987 [Listener at 127.0.0.1/38867] INFO  server.RaftServerConfigKeys (ConfUtils.java:logGet(44)) - raft.server.log.appender.buffer.byte-limit = 33554432 (custom)
2022-03-14 12:17:34,987 [Listener at 127.0.0.1/38867] INFO  server.GrpcService (ConfUtils.java:logGet(44)) - raft.grpc.flow.control.window = 5MB (=5242880) (custom)
2022-03-14 12:17:34,988 [Listener at 127.0.0.1/38867] INFO  server.RaftServerConfigKeys (ConfUtils.java:logGet(44)) - raft.server.rpc.request.timeout = 60s (custom)
2022-03-14 12:17:34,988 [Listener at 127.0.0.1/38867] INFO  impl.DataStreamServerImpl (ConfUtils.java:logGet(44)) - raft.datastream.type = DISABLED (default)
2022-03-14 12:17:34,998 [Listener at 127.0.0.1/38867] INFO  server.RaftServerConfigKeys (ConfUtils.java:logGet(44)) - raft.server.rpc.slowness.timeout = 300s (custom)
2022-03-14 12:17:34,998 [Listener at 127.0.0.1/38867] INFO  server.RaftServerConfigKeys (ConfUtils.java:logGet(44)) - raft.server.leaderelection.leader.step-down.wait-time = 10s (default)
2022-03-14 12:17:34,998 [Listener at 127.0.0.1/38867] INFO  server.RaftServerConfigKeys (ConfUtils.java:logGet(44)) - raft.server.storage.dir = [/home/runner/work/ozone/ozone/hadoop-ozone/integration-test/target/test-dir/MiniOzoneClusterImpl-278953cb-1c57-4e8b-ba2f-5e3472d45912/datanode-1/data/ratis] (custom)
2022-03-14 12:17:35,000 [Listener at 127.0.0.1/38867] INFO  server.XceiverServerGrpc (XceiverServerGrpc.java:<init>(132)) - GrpcServer channel type EpollServerSocketChannel
2022-03-14 12:17:35,003 [Listener at 127.0.0.1/38867] INFO  http.BaseHttpServer (BaseHttpServer.java:newHttpServer2BuilderForOzone(209)) - Starting Web-server for hddsDatanode at: http://0.0.0.0:0
2022-03-14 12:17:35,003 [Listener at 127.0.0.1/38867] INFO  http.BaseHttpServer (BaseHttpServer.java:<init>(107)) - Hadoop Security Enabled: false Ozone Security Enabled: false Ozone HTTP Security Enabled: false 
2022-03-14 12:17:35,005 [Listener at 127.0.0.1/38867] INFO  server.AuthenticationFilter (AuthenticationFilter.java:constructSecretProvider(240)) - Unable to initialize FileSignerSecretProvider, falling back to use random secrets.
2022-03-14 12:17:35,024 [Listener at 127.0.0.1/38867] WARN  http.HttpRequestLog (HttpRequestLog.java:getRequestLog(103)) - Jetty request log can only be enabled using Log4j
2022-03-14 12:17:35,025 [Listener at 127.0.0.1/38867] INFO  http.HttpServer2 (HttpServer2.java:addGlobalFilter(1030)) - Added global filter 'safety' (class=org.apache.hadoop.hdds.server.http.HttpServer2$QuotingInputFilter)
2022-03-14 12:17:35,026 [Listener at 127.0.0.1/38867] INFO  http.HttpServer2 (HttpServer2.java:addFilter(1006)) - Added filter static_user_filter (class=org.apache.hadoop.http.lib.StaticUserWebFilter$StaticUserFilter) to context hddsDatanode
2022-03-14 12:17:35,026 [Listener at 127.0.0.1/38867] INFO  http.HttpServer2 (HttpServer2.java:addFilter(1014)) - Added filter static_user_filter (class=org.apache.hadoop.http.lib.StaticUserWebFilter$StaticUserFilter) to context static
2022-03-14 12:17:35,026 [Listener at 127.0.0.1/38867] INFO  http.HttpServer2 (HttpServer2.java:addFilter(1014)) - Added filter static_user_filter (class=org.apache.hadoop.http.lib.StaticUserWebFilter$StaticUserFilter) to context logs
2022-03-14 12:17:35,027 [Listener at 127.0.0.1/38867] INFO  http.HttpServer2 (HttpServer2.java:bindListener(1249)) - Jetty bound to port 39989
2022-03-14 12:17:35,027 [Listener at 127.0.0.1/38867] INFO  server.Server (Server.java:doStart(375)) - jetty-9.4.43.v20210629; built: 2021-06-30T11:07:22.254Z; git: 526006ecfa3af7f1a27ef3a288e2bef7ea9dd7e8; jvm 1.8.0_322-b06
2022-03-14 12:17:35,032 [Datanode State Machine Task Thread - 0] INFO  datanode.InitDatanodeState (InitDatanodeState.java:persistContainerDatanodeDetails(138)) - DatanodeDetails is persisted to /home/runner/work/ozone/ozone/hadoop-ozone/integration-test/target/test-dir/MiniOzoneClusterImpl-278953cb-1c57-4e8b-ba2f-5e3472d45912/datanode-0/meta/datanode.id
2022-03-14 12:17:35,051 [Listener at 127.0.0.1/38867] INFO  server.session (DefaultSessionIdManager.java:doStart(334)) - DefaultSessionIdManager workerName=node0
2022-03-14 12:17:35,051 [Listener at 127.0.0.1/38867] INFO  server.session (DefaultSessionIdManager.java:doStart(339)) - No SessionScavenger set, using defaults
2022-03-14 12:17:35,051 [Listener at 127.0.0.1/38867] INFO  server.session (HouseKeeper.java:startScavenging(132)) - node0 Scavenging every 600000ms
2022-03-14 12:17:35,053 [Listener at 127.0.0.1/38867] INFO  handler.ContextHandler (ContextHandler.java:doStart(915)) - Started o.e.j.s.ServletContextHandler@1d81263a{logs,/logs,file:///home/runner/work/ozone/ozone/hadoop-ozone/integration-test/target/log,AVAILABLE}
2022-03-14 12:17:35,053 [Listener at 127.0.0.1/38867] INFO  handler.ContextHandler (ContextHandler.java:doStart(915)) - Started o.e.j.s.ServletContextHandler@163e86a8{static,/static,jar:file:/home/runner/.m2/repository/org/apache/ozone/hdds-container-service/1.3.0-SNAPSHOT/hdds-container-service-1.3.0-SNAPSHOT.jar!/webapps/static,AVAILABLE}
2022-03-14 12:17:35,127 [omNode-3@group-523986131536-FollowerState] INFO  impl.FollowerState (FollowerState.java:run(134)) - omNode-3@group-523986131536-FollowerState: change to CANDIDATE, lastRpcElapsedTime:1049881049ns, electionTimeout:1048ms
2022-03-14 12:17:35,127 [omNode-3@group-523986131536-FollowerState] INFO  impl.RoleInfo (RoleInfo.java:shutdownFollowerState(108)) - omNode-3: shutdown omNode-3@group-523986131536-FollowerState
2022-03-14 12:17:35,127 [omNode-3@group-523986131536-FollowerState] INFO  server.RaftServer$Division (RaftServerImpl.java:setRole(290)) - omNode-3@group-523986131536: changes role from  FOLLOWER to CANDIDATE at term 0 for changeToCandidate
2022-03-14 12:17:35,127 [omNode-3@group-523986131536-FollowerState] INFO  server.RaftServerConfigKeys (ConfUtils.java:logGet(44)) - raft.server.leaderelection.pre-vote = false (custom)
2022-03-14 12:17:35,127 [omNode-3@group-523986131536-FollowerState] INFO  impl.RoleInfo (RoleInfo.java:updateAndGet(130)) - omNode-3: start omNode-3@group-523986131536-LeaderElection5
2022-03-14 12:17:35,141 [Listener at 127.0.0.1/38867] INFO  handler.ContextHandler (ContextHandler.java:doStart(915)) - Started o.e.j.w.WebAppContext@2afac2f7{hddsDatanode,/,file:///tmp/jetty-0_0_0_0-39989-hdds-container-service-1_3_0-SNAPSHOT_jar-_-any-2253996643113998439/webapp/,AVAILABLE}{jar:file:/home/runner/.m2/repository/org/apache/ozone/hdds-container-service/1.3.0-SNAPSHOT/hdds-container-service-1.3.0-SNAPSHOT.jar!/webapps/hddsDatanode}
2022-03-14 12:17:35,143 [Listener at 127.0.0.1/38867] INFO  server.AbstractConnector (AbstractConnector.java:doStart(331)) - Started ServerConnector@44a03de5{HTTP/1.1, (http/1.1)}{0.0.0.0:39989}
2022-03-14 12:17:35,144 [Listener at 127.0.0.1/38867] INFO  server.Server (Server.java:doStart(415)) - Started @19438ms
2022-03-14 12:17:35,144 [Listener at 127.0.0.1/38867] WARN  impl.MetricsSystemImpl (MetricsSystemImpl.java:register(279)) - Sink prometheus already exists!
2022-03-14 12:17:35,144 [Listener at 127.0.0.1/38867] INFO  http.BaseHttpServer (BaseHttpServer.java:updateConnectorAddress(329)) - HTTP server of hddsDatanode listening at http://0.0.0.0:39989
2022-03-14 12:17:35,145 [omNode-3@group-523986131536-LeaderElection5] INFO  impl.LeaderElection (LeaderElection.java:askForVotes(306)) - omNode-3@group-523986131536-LeaderElection5 ELECTION round 0: submit vote requests at term 1 for -1: [omNode-3|rpc:localhost:38427|priority:0, omNode-1|rpc:localhost:41375|priority:0, omNode-2|rpc:localhost:40735|priority:0], old=null
2022-03-14 12:17:35,158 [Listener at 127.0.0.1/38867] WARN  impl.MetricRegistriesImpl (MetricRegistriesImpl.java:addReporterRegistration(111)) - New reporters are added after registries were created. Some metrics will be missing from the reporter. Please add reporter before adding any new registry.
2022-03-14 12:17:35,158 [Listener at 127.0.0.1/38867] WARN  impl.MetricRegistriesImpl (MetricRegistriesImpl.java:addReporterRegistration(111)) - New reporters are added after registries were created. Some metrics will be missing from the reporter. Please add reporter before adding any new registry.
2022-03-14 12:17:35,158 [Listener at 127.0.0.1/38867] INFO  impl.MetricsSystemImpl (MetricsSystemImpl.java:init(158)) - HddsDatanode metrics system started (again)
2022-03-14 12:17:35,159 [Datanode State Machine Daemon Thread] INFO  statemachine.DatanodeStateMachine (DatanodeStateMachine.java:lambda$startDaemon$0(470)) - Ozone container server started.
2022-03-14 12:17:35,176 [Listener at 127.0.0.1/38867] INFO  ozone.HddsDatanodeService (HddsDatanodeService.java:start(233)) - HddsDatanodeService host:fv-az291-848.wgnan5asplgejimfprtllbpdch.jx.internal.cloudapp.net ip:10.1.0.4
2022-03-14 12:17:35,206 [org.apache.hadoop.util.JvmPauseMonitor$Monitor@77af58de] INFO  util.JvmPauseMonitor (JvmPauseMonitor.java:run(188)) - Starting JVM pause monitor
2022-03-14 12:17:35,237 [Listener at 127.0.0.1/38867] INFO  upgrade.AbstractLayoutVersionManager (AbstractLayoutVersionManager.java:init(79)) - Initializing Layout version manager with metadata layout = SCM_HA (version = 2), software layout = SCM_HA (version = 2)
2022-03-14 12:17:35,314 [Datanode State Machine Task Thread - 0] INFO  datanode.InitDatanodeState (InitDatanodeState.java:persistContainerDatanodeDetails(138)) - DatanodeDetails is persisted to /home/runner/work/ozone/ozone/hadoop-ozone/integration-test/target/test-dir/MiniOzoneClusterImpl-278953cb-1c57-4e8b-ba2f-5e3472d45912/datanode-1/meta/datanode.id
2022-03-14 12:17:35,354 [Listener at 127.0.0.1/38867] INFO  reflections.Reflections (Reflections.java:scan(232)) - Reflections took 111 ms to scan 7 urls, producing 122 keys and 286 values 
2022-03-14 12:17:35,355 [Listener at 127.0.0.1/38867] INFO  statemachine.DatanodeStateMachine (DatanodeStateMachine.java:getEndPointTaskThreadPoolSize(222)) - Datanode State Machine Task Thread Pool size 2
2022-03-14 12:17:35,357 [Listener at 127.0.0.1/38867] INFO  volume.HddsVolume (HddsVolume.java:<init>(120)) - Creating HddsVolume: /home/runner/work/ozone/ozone/hadoop-ozone/integration-test/target/test-dir/MiniOzoneClusterImpl-278953cb-1c57-4e8b-ba2f-5e3472d45912/datanode-2/data-0/containers/hdds of storage type : DISK capacity : 9223372036854775807
2022-03-14 12:17:35,357 [Listener at 127.0.0.1/38867] INFO  volume.MutableVolumeSet (MutableVolumeSet.java:initializeVolumeSet(168)) - Added Volume : /home/runner/work/ozone/ozone/hadoop-ozone/integration-test/target/test-dir/MiniOzoneClusterImpl-278953cb-1c57-4e8b-ba2f-5e3472d45912/datanode-2/data-0/containers/hdds to VolumeSet
2022-03-14 12:17:35,358 [Listener at 127.0.0.1/38867] INFO  volume.ThrottledAsyncChecker (ThrottledAsyncChecker.java:schedule(141)) - Scheduling a check for /home/runner/work/ozone/ozone/hadoop-ozone/integration-test/target/test-dir/MiniOzoneClusterImpl-278953cb-1c57-4e8b-ba2f-5e3472d45912/datanode-2/data-0/containers/hdds
2022-03-14 12:17:35,361 [Listener at 127.0.0.1/38867] INFO  volume.StorageVolumeChecker (StorageVolumeChecker.java:checkAllVolumes(202)) - Scheduled health check for volume /home/runner/work/ozone/ozone/hadoop-ozone/integration-test/target/test-dir/MiniOzoneClusterImpl-278953cb-1c57-4e8b-ba2f-5e3472d45912/datanode-2/data-0/containers/hdds
2022-03-14 12:17:35,371 [grpc-default-executor-0] INFO  server.RaftServer$Division (RaftServerImpl.java:requestVote(1046)) - omNode-2@group-523986131536: receive requestVote(ELECTION, omNode-3, group-523986131536, 1, (t:0, i:~))
2022-03-14 12:17:35,372 [grpc-default-executor-2] INFO  server.RaftServer$Division (RaftServerImpl.java:requestVote(1046)) - omNode-3@group-523986131536: receive requestVote(ELECTION, omNode-1, group-523986131536, 1, (t:0, i:~))
2022-03-14 12:17:35,371 [grpc-default-executor-3] INFO  server.RaftServer$Division (RaftServerImpl.java:requestVote(1046)) - omNode-3@group-523986131536: receive requestVote(ELECTION, omNode-2, group-523986131536, 1, (t:0, i:~))
2022-03-14 12:17:35,372 [grpc-default-executor-0] INFO  impl.VoteContext (VoteContext.java:log(48)) - omNode-2@group-523986131536-CANDIDATE: reject ELECTION from omNode-3: already has voted for omNode-2 at current term 1
2022-03-14 12:17:35,374 [grpc-default-executor-2] INFO  impl.VoteContext (VoteContext.java:log(48)) - omNode-3@group-523986131536-CANDIDATE: reject ELECTION from omNode-1: already has voted for omNode-3 at current term 1
2022-03-14 12:17:35,381 [grpc-default-executor-1] INFO  server.RaftServer$Division (RaftServerImpl.java:requestVote(1046)) - omNode-1@group-523986131536: receive requestVote(ELECTION, omNode-2, group-523986131536, 1, (t:0, i:~))
2022-03-14 12:17:35,381 [grpc-default-executor-1] INFO  impl.VoteContext (VoteContext.java:log(48)) - omNode-1@group-523986131536-CANDIDATE: reject ELECTION from omNode-2: already has voted for omNode-1 at current term 1
2022-03-14 12:17:35,384 [grpc-default-executor-1] INFO  server.RaftServer$Division (RaftServerImpl.java:requestVote(1078)) - omNode-1@group-523986131536 replies to ELECTION vote request: omNode-2<-omNode-1#0:FAIL-t1. Peer's state: omNode-1@group-523986131536:t1, leader=null, voted=omNode-1, raftlog=omNode-1@group-523986131536-SegmentedRaftLog:OPENED:c-1, conf=-1: [omNode-3|rpc:localhost:38427|priority:0, omNode-1|rpc:localhost:41375|priority:0, omNode-2|rpc:localhost:40735|priority:0], old=null
2022-03-14 12:17:35,387 [grpc-default-executor-2] INFO  server.RaftServer$Division (RaftServerImpl.java:requestVote(1078)) - omNode-3@group-523986131536 replies to ELECTION vote request: omNode-1<-omNode-3#0:FAIL-t1. Peer's state: omNode-3@group-523986131536:t1, leader=null, voted=omNode-3, raftlog=omNode-3@group-523986131536-SegmentedRaftLog:OPENED:c-1, conf=-1: [omNode-3|rpc:localhost:38427|priority:0, omNode-1|rpc:localhost:41375|priority:0, omNode-2|rpc:localhost:40735|priority:0], old=null
2022-03-14 12:17:35,387 [grpc-default-executor-3] INFO  impl.VoteContext (VoteContext.java:log(48)) - omNode-3@group-523986131536-CANDIDATE: reject ELECTION from omNode-2: already has voted for omNode-3 at current term 1
2022-03-14 12:17:35,388 [grpc-default-executor-3] INFO  server.RaftServer$Division (RaftServerImpl.java:requestVote(1078)) - omNode-3@group-523986131536 replies to ELECTION vote request: omNode-2<-omNode-3#0:FAIL-t1. Peer's state: omNode-3@group-523986131536:t1, leader=null, voted=omNode-3, raftlog=omNode-3@group-523986131536-SegmentedRaftLog:OPENED:c-1, conf=-1: [omNode-3|rpc:localhost:38427|priority:0, omNode-1|rpc:localhost:41375|priority:0, omNode-2|rpc:localhost:40735|priority:0], old=null
2022-03-14 12:17:35,389 [grpc-default-executor-0] INFO  server.RaftServer$Division (RaftServerImpl.java:requestVote(1078)) - omNode-2@group-523986131536 replies to ELECTION vote request: omNode-3<-omNode-2#0:FAIL-t1. Peer's state: omNode-2@group-523986131536:t1, leader=null, voted=omNode-2, raftlog=omNode-2@group-523986131536-SegmentedRaftLog:OPENED:c-1, conf=-1: [omNode-3|rpc:localhost:38427|priority:0, omNode-1|rpc:localhost:41375|priority:0, omNode-2|rpc:localhost:40735|priority:0], old=null
2022-03-14 12:17:35,390 [grpc-default-executor-4] INFO  server.RaftServer$Division (RaftServerImpl.java:requestVote(1046)) - omNode-2@group-523986131536: receive requestVote(ELECTION, omNode-1, group-523986131536, 1, (t:0, i:~))
2022-03-14 12:17:35,390 [grpc-default-executor-4] INFO  impl.VoteContext (VoteContext.java:log(48)) - omNode-2@group-523986131536-CANDIDATE: reject ELECTION from omNode-1: already has voted for omNode-2 at current term 1
2022-03-14 12:17:35,390 [grpc-default-executor-4] INFO  server.RaftServer$Division (RaftServerImpl.java:requestVote(1078)) - omNode-2@group-523986131536 replies to ELECTION vote request: omNode-1<-omNode-2#0:FAIL-t1. Peer's state: omNode-2@group-523986131536:t1, leader=null, voted=omNode-2, raftlog=omNode-2@group-523986131536-SegmentedRaftLog:OPENED:c-1, conf=-1: [omNode-3|rpc:localhost:38427|priority:0, omNode-1|rpc:localhost:41375|priority:0, omNode-2|rpc:localhost:40735|priority:0], old=null
2022-03-14 12:17:35,393 [Listener at 127.0.0.1/38867] INFO  volume.MutableVolumeSet (MutableVolumeSet.java:initializeVolumeSet(168)) - Added Volume : /home/runner/work/ozone/ozone/hadoop-ozone/integration-test/target/test-dir/MiniOzoneClusterImpl-278953cb-1c57-4e8b-ba2f-5e3472d45912/datanode-2/data/ratis to VolumeSet
2022-03-14 12:17:35,393 [Listener at 127.0.0.1/38867] INFO  volume.ThrottledAsyncChecker (ThrottledAsyncChecker.java:schedule(141)) - Scheduling a check for /home/runner/work/ozone/ozone/hadoop-ozone/integration-test/target/test-dir/MiniOzoneClusterImpl-278953cb-1c57-4e8b-ba2f-5e3472d45912/datanode-2/data/ratis
2022-03-14 12:17:35,393 [Listener at 127.0.0.1/38867] INFO  volume.StorageVolumeChecker (StorageVolumeChecker.java:checkAllVolumes(202)) - Scheduled health check for volume /home/runner/work/ozone/ozone/hadoop-ozone/integration-test/target/test-dir/MiniOzoneClusterImpl-278953cb-1c57-4e8b-ba2f-5e3472d45912/datanode-2/data/ratis
2022-03-14 12:17:35,415 [omNode-2@group-523986131536-LeaderElection4] INFO  impl.LeaderElection (LeaderElection.java:logAndReturn(89)) - omNode-2@group-523986131536-LeaderElection4: ELECTION REJECTED received 2 response(s) and 0 exception(s):
2022-03-14 12:17:35,415 [omNode-2@group-523986131536-LeaderElection4] INFO  impl.LeaderElection (LeaderElection.java:logAndReturn(93)) -   Response 0: omNode-2<-omNode-3#0:FAIL-t1
2022-03-14 12:17:35,415 [omNode-2@group-523986131536-LeaderElection4] INFO  impl.LeaderElection (LeaderElection.java:logAndReturn(93)) -   Response 1: omNode-2<-omNode-1#0:FAIL-t1
2022-03-14 12:17:35,415 [omNode-2@group-523986131536-LeaderElection4] INFO  impl.LeaderElection (LeaderElection.java:askForVotes(308)) - omNode-2@group-523986131536-LeaderElection4 ELECTION round 0: result REJECTED
2022-03-14 12:17:35,415 [omNode-1@group-523986131536-LeaderElection3] INFO  impl.LeaderElection (LeaderElection.java:logAndReturn(89)) - omNode-1@group-523986131536-LeaderElection3: ELECTION REJECTED received 2 response(s) and 0 exception(s):
2022-03-14 12:17:35,415 [omNode-1@group-523986131536-LeaderElection3] INFO  impl.LeaderElection (LeaderElection.java:logAndReturn(93)) -   Response 0: omNode-1<-omNode-3#0:FAIL-t1
2022-03-14 12:17:35,415 [omNode-1@group-523986131536-LeaderElection3] INFO  impl.LeaderElection (LeaderElection.java:logAndReturn(93)) -   Response 1: omNode-1<-omNode-2#0:FAIL-t1
2022-03-14 12:17:35,415 [omNode-1@group-523986131536-LeaderElection3] INFO  impl.LeaderElection (LeaderElection.java:askForVotes(308)) - omNode-1@group-523986131536-LeaderElection3 ELECTION round 0: result REJECTED
2022-03-14 12:17:35,416 [omNode-1@group-523986131536-LeaderElection3] INFO  server.RaftServer$Division (RaftServerImpl.java:setRole(290)) - omNode-1@group-523986131536: changes role from CANDIDATE to FOLLOWER at term 1 for REJECTED
2022-03-14 12:17:35,416 [omNode-1@group-523986131536-LeaderElection3] INFO  impl.RoleInfo (RoleInfo.java:shutdownLeaderElection(121)) - omNode-1: shutdown omNode-1@group-523986131536-LeaderElection3
2022-03-14 12:17:35,416 [omNode-1@group-523986131536-LeaderElection3] INFO  impl.RoleInfo (RoleInfo.java:updateAndGet(130)) - omNode-1: start omNode-1@group-523986131536-FollowerState
2022-03-14 12:17:35,418 [omNode-2@group-523986131536-LeaderElection4] INFO  server.RaftServer$Division (RaftServerImpl.java:setRole(290)) - omNode-2@group-523986131536: changes role from CANDIDATE to FOLLOWER at term 1 for REJECTED
2022-03-14 12:17:35,418 [omNode-2@group-523986131536-LeaderElection4] INFO  impl.RoleInfo (RoleInfo.java:shutdownLeaderElection(121)) - omNode-2: shutdown omNode-2@group-523986131536-LeaderElection4
2022-03-14 12:17:35,418 [omNode-2@group-523986131536-LeaderElection4] INFO  impl.RoleInfo (RoleInfo.java:updateAndGet(130)) - omNode-2: start omNode-2@group-523986131536-FollowerState
2022-03-14 12:17:35,426 [Thread-259] INFO  ozoneimpl.ContainerReader (ContainerReader.java:readVolume(172)) - Finish verifying containers on volume /home/runner/work/ozone/ozone/hadoop-ozone/integration-test/target/test-dir/MiniOzoneClusterImpl-278953cb-1c57-4e8b-ba2f-5e3472d45912/datanode-2/data-0/containers/hdds
2022-03-14 12:17:35,426 [grpc-default-executor-5] INFO  server.RaftServer$Division (RaftServerImpl.java:requestVote(1046)) - omNode-1@group-523986131536: receive requestVote(ELECTION, omNode-3, group-523986131536, 1, (t:0, i:~))
2022-03-14 12:17:35,428 [grpc-default-executor-5] INFO  impl.VoteContext (VoteContext.java:log(48)) - omNode-1@group-523986131536-FOLLOWER: reject ELECTION from omNode-3: already has voted for omNode-1 at current term 1
2022-03-14 12:17:35,428 [grpc-default-executor-5] INFO  server.RaftServer$Division (RaftServerImpl.java:requestVote(1078)) - omNode-1@group-523986131536 replies to ELECTION vote request: omNode-3<-omNode-1#0:FAIL-t1. Peer's state: omNode-1@group-523986131536:t1, leader=null, voted=omNode-1, raftlog=omNode-1@group-523986131536-SegmentedRaftLog:OPENED:c-1, conf=-1: [omNode-3|rpc:localhost:38427|priority:0, omNode-1|rpc:localhost:41375|priority:0, omNode-2|rpc:localhost:40735|priority:0], old=null
2022-03-14 12:17:35,430 [omNode-3@group-523986131536-LeaderElection5] INFO  impl.LeaderElection (LeaderElection.java:logAndReturn(89)) - omNode-3@group-523986131536-LeaderElection5: ELECTION REJECTED received 2 response(s) and 0 exception(s):
2022-03-14 12:17:35,430 [omNode-3@group-523986131536-LeaderElection5] INFO  impl.LeaderElection (LeaderElection.java:logAndReturn(93)) -   Response 0: omNode-3<-omNode-1#0:FAIL-t1
2022-03-14 12:17:35,430 [omNode-3@group-523986131536-LeaderElection5] INFO  impl.LeaderElection (LeaderElection.java:logAndReturn(93)) -   Response 1: omNode-3<-omNode-2#0:FAIL-t1
2022-03-14 12:17:35,430 [omNode-3@group-523986131536-LeaderElection5] INFO  impl.LeaderElection (LeaderElection.java:askForVotes(308)) - omNode-3@group-523986131536-LeaderElection5 ELECTION round 0: result REJECTED
2022-03-14 12:17:35,430 [omNode-3@group-523986131536-LeaderElection5] INFO  server.RaftServer$Division (RaftServerImpl.java:setRole(290)) - omNode-3@group-523986131536: changes role from CANDIDATE to FOLLOWER at term 1 for REJECTED
2022-03-14 12:17:35,430 [omNode-3@group-523986131536-LeaderElection5] INFO  impl.RoleInfo (RoleInfo.java:shutdownLeaderElection(121)) - omNode-3: shutdown omNode-3@group-523986131536-LeaderElection5
2022-03-14 12:17:35,431 [omNode-3@group-523986131536-LeaderElection5] INFO  impl.RoleInfo (RoleInfo.java:updateAndGet(130)) - omNode-3: start omNode-3@group-523986131536-FollowerState
2022-03-14 12:17:35,432 [Listener at 127.0.0.1/38867] INFO  ozoneimpl.OzoneContainer (OzoneContainer.java:buildContainerSet(257)) - Build ContainerSet costs 0s
2022-03-14 12:17:35,435 [Listener at 127.0.0.1/38867] INFO  server.RaftServer (ConfUtils.java:logGet(44)) - raft.rpc.type = GRPC (default)
2022-03-14 12:17:35,435 [Listener at 127.0.0.1/38867] INFO  grpc.GrpcFactory (GrpcFactory.java:checkPooledByteBufAllocatorUseCacheForAllThreads(48)) - PERFORMANCE WARNING: useCacheForAllThreads is true that may cause Netty to create a lot garbage objects and, as a result, trigger GC.
	It is recommended to disable useCacheForAllThreads by setting -Dorg.apache.ratis.thirdparty.io.netty.allocator.useCacheForAllThreads=false in command line.
2022-03-14 12:17:35,435 [Listener at 127.0.0.1/38867] INFO  grpc.GrpcConfigKeys (ConfUtils.java:logGet(44)) - raft.grpc.admin.port = 0 (custom)
2022-03-14 12:17:35,436 [Listener at 127.0.0.1/38867] INFO  grpc.GrpcConfigKeys (ConfUtils.java:logGet(44)) - raft.grpc.client.port = 0 (custom)
2022-03-14 12:17:35,438 [Listener at 127.0.0.1/38867] INFO  grpc.GrpcConfigKeys (ConfUtils.java:logGet(44)) - raft.grpc.server.port = 0 (default)
2022-03-14 12:17:35,438 [Listener at 127.0.0.1/38867] INFO  server.GrpcService (ConfUtils.java:logGet(44)) - raft.grpc.message.size.max = 32MB (=33554432) (custom)
2022-03-14 12:17:35,438 [Listener at 127.0.0.1/38867] INFO  server.RaftServerConfigKeys (ConfUtils.java:logGet(44)) - raft.server.log.appender.buffer.byte-limit = 33554432 (custom)
2022-03-14 12:17:35,438 [Listener at 127.0.0.1/38867] INFO  server.GrpcService (ConfUtils.java:logGet(44)) - raft.grpc.flow.control.window = 5MB (=5242880) (custom)
2022-03-14 12:17:35,439 [Listener at 127.0.0.1/38867] INFO  server.RaftServerConfigKeys (ConfUtils.java:logGet(44)) - raft.server.rpc.request.timeout = 60s (custom)
2022-03-14 12:17:35,440 [Listener at 127.0.0.1/38867] INFO  impl.DataStreamServerImpl (ConfUtils.java:logGet(44)) - raft.datastream.type = DISABLED (default)
2022-03-14 12:17:35,441 [Listener at 127.0.0.1/38867] INFO  server.RaftServerConfigKeys (ConfUtils.java:logGet(44)) - raft.server.rpc.slowness.timeout = 300s (custom)
2022-03-14 12:17:35,441 [Listener at 127.0.0.1/38867] INFO  server.RaftServerConfigKeys (ConfUtils.java:logGet(44)) - raft.server.leaderelection.leader.step-down.wait-time = 10s (default)
2022-03-14 12:17:35,441 [Listener at 127.0.0.1/38867] INFO  server.RaftServerConfigKeys (ConfUtils.java:logGet(44)) - raft.server.storage.dir = [/home/runner/work/ozone/ozone/hadoop-ozone/integration-test/target/test-dir/MiniOzoneClusterImpl-278953cb-1c57-4e8b-ba2f-5e3472d45912/datanode-2/data/ratis] (custom)
2022-03-14 12:17:35,442 [Listener at 127.0.0.1/38867] INFO  server.XceiverServerGrpc (XceiverServerGrpc.java:<init>(132)) - GrpcServer channel type EpollServerSocketChannel
2022-03-14 12:17:35,447 [Listener at 127.0.0.1/38867] INFO  http.BaseHttpServer (BaseHttpServer.java:newHttpServer2BuilderForOzone(209)) - Starting Web-server for hddsDatanode at: http://0.0.0.0:0
2022-03-14 12:17:35,447 [Listener at 127.0.0.1/38867] INFO  http.BaseHttpServer (BaseHttpServer.java:<init>(107)) - Hadoop Security Enabled: false Ozone Security Enabled: false Ozone HTTP Security Enabled: false 
2022-03-14 12:17:35,451 [Listener at 127.0.0.1/38867] INFO  server.AuthenticationFilter (AuthenticationFilter.java:constructSecretProvider(240)) - Unable to initialize FileSignerSecretProvider, falling back to use random secrets.
2022-03-14 12:17:35,451 [Listener at 127.0.0.1/38867] WARN  http.HttpRequestLog (HttpRequestLog.java:getRequestLog(103)) - Jetty request log can only be enabled using Log4j
2022-03-14 12:17:35,452 [Listener at 127.0.0.1/38867] INFO  http.HttpServer2 (HttpServer2.java:addGlobalFilter(1030)) - Added global filter 'safety' (class=org.apache.hadoop.hdds.server.http.HttpServer2$QuotingInputFilter)
2022-03-14 12:17:35,453 [Listener at 127.0.0.1/38867] INFO  http.HttpServer2 (HttpServer2.java:addFilter(1006)) - Added filter static_user_filter (class=org.apache.hadoop.http.lib.StaticUserWebFilter$StaticUserFilter) to context hddsDatanode
2022-03-14 12:17:35,453 [Listener at 127.0.0.1/38867] INFO  http.HttpServer2 (HttpServer2.java:addFilter(1014)) - Added filter static_user_filter (class=org.apache.hadoop.http.lib.StaticUserWebFilter$StaticUserFilter) to context static
2022-03-14 12:17:35,453 [Listener at 127.0.0.1/38867] INFO  http.HttpServer2 (HttpServer2.java:addFilter(1014)) - Added filter static_user_filter (class=org.apache.hadoop.http.lib.StaticUserWebFilter$StaticUserFilter) to context logs
2022-03-14 12:17:35,453 [Listener at 127.0.0.1/38867] INFO  http.HttpServer2 (HttpServer2.java:bindListener(1249)) - Jetty bound to port 44793
2022-03-14 12:17:35,453 [Listener at 127.0.0.1/38867] INFO  server.Server (Server.java:doStart(375)) - jetty-9.4.43.v20210629; built: 2021-06-30T11:07:22.254Z; git: 526006ecfa3af7f1a27ef3a288e2bef7ea9dd7e8; jvm 1.8.0_322-b06
2022-03-14 12:17:35,459 [Listener at 127.0.0.1/38867] INFO  server.session (DefaultSessionIdManager.java:doStart(334)) - DefaultSessionIdManager workerName=node0
2022-03-14 12:17:35,459 [Listener at 127.0.0.1/38867] INFO  server.session (DefaultSessionIdManager.java:doStart(339)) - No SessionScavenger set, using defaults
2022-03-14 12:17:35,459 [Listener at 127.0.0.1/38867] INFO  server.session (HouseKeeper.java:startScavenging(132)) - node0 Scavenging every 600000ms
2022-03-14 12:17:35,460 [Listener at 127.0.0.1/38867] INFO  handler.ContextHandler (ContextHandler.java:doStart(915)) - Started o.e.j.s.ServletContextHandler@2bf833b5{logs,/logs,file:///home/runner/work/ozone/ozone/hadoop-ozone/integration-test/target/log,AVAILABLE}
2022-03-14 12:17:35,460 [Listener at 127.0.0.1/38867] INFO  handler.ContextHandler (ContextHandler.java:doStart(915)) - Started o.e.j.s.ServletContextHandler@5fdef28a{static,/static,jar:file:/home/runner/.m2/repository/org/apache/ozone/hdds-container-service/1.3.0-SNAPSHOT/hdds-container-service-1.3.0-SNAPSHOT.jar!/webapps/static,AVAILABLE}
2022-03-14 12:17:35,501 [Listener at 127.0.0.1/38867] INFO  handler.ContextHandler (ContextHandler.java:doStart(915)) - Started o.e.j.w.WebAppContext@44e49229{hddsDatanode,/,file:///tmp/jetty-0_0_0_0-44793-hdds-container-service-1_3_0-SNAPSHOT_jar-_-any-2209767524474406932/webapp/,AVAILABLE}{jar:file:/home/runner/.m2/repository/org/apache/ozone/hdds-container-service/1.3.0-SNAPSHOT/hdds-container-service-1.3.0-SNAPSHOT.jar!/webapps/hddsDatanode}
2022-03-14 12:17:35,503 [Listener at 127.0.0.1/38867] INFO  server.AbstractConnector (AbstractConnector.java:doStart(331)) - Started ServerConnector@5381deec{HTTP/1.1, (http/1.1)}{0.0.0.0:44793}
2022-03-14 12:17:35,503 [Listener at 127.0.0.1/38867] INFO  server.Server (Server.java:doStart(415)) - Started @19797ms
2022-03-14 12:17:35,503 [Listener at 127.0.0.1/38867] WARN  impl.MetricsSystemImpl (MetricsSystemImpl.java:register(279)) - Sink prometheus already exists!
2022-03-14 12:17:35,503 [Listener at 127.0.0.1/38867] INFO  http.BaseHttpServer (BaseHttpServer.java:updateConnectorAddress(329)) - HTTP server of hddsDatanode listening at http://0.0.0.0:44793
2022-03-14 12:17:35,505 [Listener at 127.0.0.1/38867] INFO  ozone.MiniOzoneClusterImpl (MiniOzoneClusterImpl.java:lambda$waitForClusterToBeReady$0(219)) - Waiting for nodes to be ready. Got 0 of 3 DN Heartbeats.
2022-03-14 12:17:35,505 [Listener at 127.0.0.1/38867] INFO  ozone.MiniOzoneClusterImpl (MiniOzoneClusterImpl.java:lambda$waitForClusterToBeReady$0(222)) - Waiting for cluster to exit safe mode
2022-03-14 12:17:35,505 [Listener at 127.0.0.1/38867] INFO  ozone.MiniOzoneClusterImpl (MiniOzoneClusterImpl.java:lambda$waitForClusterToBeReady$0(224)) - SCM became leader
2022-03-14 12:17:35,506 [Datanode State Machine Daemon Thread] INFO  statemachine.DatanodeStateMachine (DatanodeStateMachine.java:lambda$startDaemon$0(470)) - Ozone container server started.
2022-03-14 12:17:35,512 [org.apache.hadoop.util.JvmPauseMonitor$Monitor@6b000c51] INFO  util.JvmPauseMonitor (JvmPauseMonitor.java:run(188)) - Starting JVM pause monitor
2022-03-14 12:17:35,514 [Datanode State Machine Task Thread - 0] INFO  datanode.InitDatanodeState (InitDatanodeState.java:persistContainerDatanodeDetails(138)) - DatanodeDetails is persisted to /home/runner/work/ozone/ozone/hadoop-ozone/integration-test/target/test-dir/MiniOzoneClusterImpl-278953cb-1c57-4e8b-ba2f-5e3472d45912/datanode-2/meta/datanode.id
2022-03-14 12:17:36,506 [Listener at 127.0.0.1/38867] INFO  ozone.MiniOzoneClusterImpl (MiniOzoneClusterImpl.java:lambda$waitForClusterToBeReady$0(219)) - Waiting for nodes to be ready. Got 0 of 3 DN Heartbeats.
2022-03-14 12:17:36,506 [Listener at 127.0.0.1/38867] INFO  ozone.MiniOzoneClusterImpl (MiniOzoneClusterImpl.java:lambda$waitForClusterToBeReady$0(222)) - Waiting for cluster to exit safe mode
2022-03-14 12:17:36,506 [Listener at 127.0.0.1/38867] INFO  ozone.MiniOzoneClusterImpl (MiniOzoneClusterImpl.java:lambda$waitForClusterToBeReady$0(224)) - SCM became leader
2022-03-14 12:17:36,517 [omNode-1@group-523986131536-FollowerState] INFO  impl.FollowerState (FollowerState.java:run(134)) - omNode-1@group-523986131536-FollowerState: change to CANDIDATE, lastRpcElapsedTime:1100728463ns, electionTimeout:1098ms
2022-03-14 12:17:36,517 [omNode-1@group-523986131536-FollowerState] INFO  impl.RoleInfo (RoleInfo.java:shutdownFollowerState(108)) - omNode-1: shutdown omNode-1@group-523986131536-FollowerState
2022-03-14 12:17:36,517 [omNode-1@group-523986131536-FollowerState] INFO  server.RaftServer$Division (RaftServerImpl.java:setRole(290)) - omNode-1@group-523986131536: changes role from  FOLLOWER to CANDIDATE at term 1 for changeToCandidate
2022-03-14 12:17:36,520 [omNode-1@group-523986131536-FollowerState] INFO  server.RaftServerConfigKeys (ConfUtils.java:logGet(44)) - raft.server.leaderelection.pre-vote = false (custom)
2022-03-14 12:17:36,521 [omNode-1@group-523986131536-FollowerState] INFO  impl.RoleInfo (RoleInfo.java:updateAndGet(130)) - omNode-1: start omNode-1@group-523986131536-LeaderElection6
2022-03-14 12:17:36,524 [omNode-1@group-523986131536-LeaderElection6] INFO  impl.LeaderElection (LeaderElection.java:askForVotes(306)) - omNode-1@group-523986131536-LeaderElection6 ELECTION round 0: submit vote requests at term 2 for -1: [omNode-3|rpc:localhost:38427|priority:0, omNode-1|rpc:localhost:41375|priority:0, omNode-2|rpc:localhost:40735|priority:0], old=null
2022-03-14 12:17:36,532 [grpc-default-executor-5] INFO  server.RaftServer$Division (RaftServerImpl.java:requestVote(1046)) - omNode-3@group-523986131536: receive requestVote(ELECTION, omNode-1, group-523986131536, 2, (t:0, i:~))
2022-03-14 12:17:36,532 [grpc-default-executor-5] INFO  impl.VoteContext (VoteContext.java:log(48)) - omNode-3@group-523986131536-FOLLOWER: accept ELECTION from omNode-1: our priority 0 <= candidate's priority 0
2022-03-14 12:17:36,532 [grpc-default-executor-5] INFO  server.RaftServer$Division (RaftServerImpl.java:setRole(290)) - omNode-3@group-523986131536: changes role from  FOLLOWER to FOLLOWER at term 2 for candidate:omNode-1
2022-03-14 12:17:36,532 [grpc-default-executor-5] INFO  impl.RoleInfo (RoleInfo.java:shutdownFollowerState(108)) - omNode-3: shutdown omNode-3@group-523986131536-FollowerState
2022-03-14 12:17:36,532 [grpc-default-executor-5] INFO  impl.RoleInfo (RoleInfo.java:updateAndGet(130)) - omNode-3: start omNode-3@group-523986131536-FollowerState
2022-03-14 12:17:36,533 [omNode-3@group-523986131536-FollowerState] INFO  impl.FollowerState (FollowerState.java:run(143)) - omNode-3@group-523986131536-FollowerState was interrupted: {}
java.lang.InterruptedException: sleep interrupted
	at java.lang.Thread.sleep(Native Method)
	at java.lang.Thread.sleep(Thread.java:342)
	at java.util.concurrent.TimeUnit.sleep(TimeUnit.java:386)
	at org.apache.ratis.util.TimeDuration.sleep(TimeDuration.java:324)
	at org.apache.ratis.util.TimeDuration.sleep(TimeDuration.java:309)
	at org.apache.ratis.server.impl.FollowerState.run(FollowerState.java:118)
2022-03-14 12:17:36,535 [grpc-default-executor-5] INFO  server.RaftServer$Division (RaftServerImpl.java:requestVote(1078)) - omNode-3@group-523986131536 replies to ELECTION vote request: omNode-1<-omNode-3#0:OK-t2. Peer's state: omNode-3@group-523986131536:t2, leader=null, voted=omNode-1, raftlog=omNode-3@group-523986131536-SegmentedRaftLog:OPENED:c-1, conf=-1: [omNode-3|rpc:localhost:38427|priority:0, omNode-1|rpc:localhost:41375|priority:0, omNode-2|rpc:localhost:40735|priority:0], old=null
2022-03-14 12:17:36,539 [grpc-default-executor-5] INFO  server.RaftServer$Division (RaftServerImpl.java:requestVote(1046)) - omNode-2@group-523986131536: receive requestVote(ELECTION, omNode-1, group-523986131536, 2, (t:0, i:~))
2022-03-14 12:17:36,541 [grpc-default-executor-5] INFO  impl.VoteContext (VoteContext.java:log(48)) - omNode-2@group-523986131536-FOLLOWER: accept ELECTION from omNode-1: our priority 0 <= candidate's priority 0
2022-03-14 12:17:36,541 [grpc-default-executor-5] INFO  server.RaftServer$Division (RaftServerImpl.java:setRole(290)) - omNode-2@group-523986131536: changes role from  FOLLOWER to FOLLOWER at term 2 for candidate:omNode-1
2022-03-14 12:17:36,541 [grpc-default-executor-5] INFO  impl.RoleInfo (RoleInfo.java:shutdownFollowerState(108)) - omNode-2: shutdown omNode-2@group-523986131536-FollowerState
2022-03-14 12:17:36,541 [grpc-default-executor-5] INFO  impl.RoleInfo (RoleInfo.java:updateAndGet(130)) - omNode-2: start omNode-2@group-523986131536-FollowerState
2022-03-14 12:17:36,541 [omNode-2@group-523986131536-FollowerState] INFO  impl.FollowerState (FollowerState.java:run(143)) - omNode-2@group-523986131536-FollowerState was interrupted: {}
java.lang.InterruptedException: sleep interrupted
	at java.lang.Thread.sleep(Native Method)
	at java.lang.Thread.sleep(Thread.java:342)
	at java.util.concurrent.TimeUnit.sleep(TimeUnit.java:386)
	at org.apache.ratis.util.TimeDuration.sleep(TimeDuration.java:324)
	at org.apache.ratis.util.TimeDuration.sleep(TimeDuration.java:309)
	at org.apache.ratis.server.impl.FollowerState.run(FollowerState.java:118)
2022-03-14 12:17:36,544 [omNode-1@group-523986131536-LeaderElection6] INFO  impl.LeaderElection (LeaderElection.java:logAndReturn(89)) - omNode-1@group-523986131536-LeaderElection6: ELECTION PASSED received 1 response(s) and 0 exception(s):
2022-03-14 12:17:36,544 [omNode-1@group-523986131536-LeaderElection6] INFO  impl.LeaderElection (LeaderElection.java:logAndReturn(93)) -   Response 0: omNode-1<-omNode-3#0:OK-t2
2022-03-14 12:17:36,544 [omNode-1@group-523986131536-LeaderElection6] INFO  impl.LeaderElection (LeaderElection.java:askForVotes(308)) - omNode-1@group-523986131536-LeaderElection6 ELECTION round 0: result PASSED
2022-03-14 12:17:36,544 [omNode-1@group-523986131536-LeaderElection6] INFO  impl.RoleInfo (RoleInfo.java:shutdownLeaderElection(121)) - omNode-1: shutdown omNode-1@group-523986131536-LeaderElection6
2022-03-14 12:17:36,544 [omNode-1@group-523986131536-LeaderElection6] INFO  server.RaftServer$Division (RaftServerImpl.java:setRole(290)) - omNode-1@group-523986131536: changes role from CANDIDATE to LEADER at term 2 for changeToLeader
2022-03-14 12:17:36,544 [omNode-1@group-523986131536-LeaderElection6] INFO  server.RaftServer$Division (ServerState.java:setLeader(285)) - omNode-1@group-523986131536: change Leader from null to omNode-1 at term 2 for becomeLeader, leader elected after 3214ms
2022-03-14 12:17:36,544 [omNode-1@group-523986131536-LeaderElection6] INFO  server.RaftServerConfigKeys (ConfUtils.java:logGet(44)) - raft.server.staging.catchup.gap = 1000 (default)
2022-03-14 12:17:36,544 [grpc-default-executor-5] INFO  server.RaftServer$Division (RaftServerImpl.java:requestVote(1078)) - omNode-2@group-523986131536 replies to ELECTION vote request: omNode-1<-omNode-2#0:OK-t2. Peer's state: omNode-2@group-523986131536:t2, leader=null, voted=omNode-1, raftlog=omNode-2@group-523986131536-SegmentedRaftLog:OPENED:c-1, conf=-1: [omNode-3|rpc:localhost:38427|priority:0, omNode-1|rpc:localhost:41375|priority:0, omNode-2|rpc:localhost:40735|priority:0], old=null
2022-03-14 12:17:36,545 [omNode-1@group-523986131536-LeaderElection6] INFO  server.RaftServerConfigKeys (ConfUtils.java:logGet(44)) - raft.server.write.element-limit = 4096 (default)
2022-03-14 12:17:36,545 [omNode-1@group-523986131536-LeaderElection6] INFO  server.RaftServerConfigKeys (ConfUtils.java:logGet(44)) - raft.server.write.byte-limit = 64MB (=67108864) (default)
2022-03-14 12:17:36,545 [omNode-1@group-523986131536-LeaderElection6] INFO  server.RaftServerConfigKeys (ConfUtils.java:logGet(44)) - raft.server.watch.timeout = 10s (default)
2022-03-14 12:17:36,545 [omNode-1@group-523986131536-LeaderElection6] INFO  server.RaftServerConfigKeys (ConfUtils.java:logGet(44)) - raft.server.watch.timeout.denomination = 1s (default)
2022-03-14 12:17:36,545 [omNode-1@group-523986131536-LeaderElection6] INFO  server.RaftServerConfigKeys (ConfUtils.java:logGet(44)) - raft.server.watch.element-limit = 65536 (default)
2022-03-14 12:17:36,545 [omNode-1@group-523986131536-LeaderElection6] INFO  server.RaftServerConfigKeys (ConfUtils.java:logGet(44)) - raft.server.write.element-limit = 4096 (default)
2022-03-14 12:17:36,545 [omNode-1@group-523986131536-LeaderElection6] INFO  server.RaftServerConfigKeys (ConfUtils.java:logGet(44)) - raft.server.write.follower.gap.ratio.max = -1.0 (default)
2022-03-14 12:17:36,551 [omNode-1@group-523986131536-LeaderElection6] INFO  server.RaftServerConfigKeys (ConfUtils.java:logGet(44)) - raft.server.log.appender.snapshot.chunk.size.max = 16MB (=16777216) (default)
2022-03-14 12:17:36,552 [omNode-1@group-523986131536-LeaderElection6] INFO  server.RaftServerConfigKeys (ConfUtils.java:logGet(44)) - raft.server.log.appender.buffer.byte-limit = 33554432 (custom)
2022-03-14 12:17:36,555 [omNode-1@group-523986131536-LeaderElection6] INFO  server.RaftServerConfigKeys (ConfUtils.java:logGet(44)) - raft.server.log.appender.buffer.element-limit = 1024 (custom)
2022-03-14 12:17:36,557 [omNode-1@group-523986131536-LeaderElection6] INFO  grpc.GrpcConfigKeys (ConfUtils.java:logGet(44)) - raft.grpc.server.leader.outstanding.appends.max = 128 (default)
2022-03-14 12:17:36,557 [omNode-1@group-523986131536-LeaderElection6] INFO  server.RaftServerConfigKeys (ConfUtils.java:logGet(44)) - raft.server.rpc.request.timeout = 3000ms (default)
2022-03-14 12:17:36,557 [omNode-1@group-523986131536-LeaderElection6] INFO  server.RaftServerConfigKeys (ConfUtils.java:logGet(44)) - raft.server.log.appender.install.snapshot.enabled = false (custom)
2022-03-14 12:17:36,561 [omNode-1@group-523986131536-LeaderElection6] INFO  server.RaftServerConfigKeys (ConfUtils.java:logGet(44)) - raft.server.log.appender.snapshot.chunk.size.max = 16MB (=16777216) (default)
2022-03-14 12:17:36,561 [omNode-1@group-523986131536-LeaderElection6] INFO  server.RaftServerConfigKeys (ConfUtils.java:logGet(44)) - raft.server.log.appender.buffer.byte-limit = 33554432 (custom)
2022-03-14 12:17:36,561 [omNode-1@group-523986131536-LeaderElection6] INFO  server.RaftServerConfigKeys (ConfUtils.java:logGet(44)) - raft.server.log.appender.buffer.element-limit = 1024 (custom)
2022-03-14 12:17:36,561 [omNode-1@group-523986131536-LeaderElection6] INFO  grpc.GrpcConfigKeys (ConfUtils.java:logGet(44)) - raft.grpc.server.leader.outstanding.appends.max = 128 (default)
2022-03-14 12:17:36,561 [omNode-1@group-523986131536-LeaderElection6] INFO  server.RaftServerConfigKeys (ConfUtils.java:logGet(44)) - raft.server.rpc.request.timeout = 3000ms (default)
2022-03-14 12:17:36,562 [omNode-1@group-523986131536-LeaderElection6] INFO  server.RaftServerConfigKeys (ConfUtils.java:logGet(44)) - raft.server.log.appender.install.snapshot.enabled = false (custom)
2022-03-14 12:17:36,564 [omNode-1@group-523986131536-LeaderElection6] INFO  impl.RoleInfo (RoleInfo.java:updateAndGet(130)) - omNode-1: start omNode-1@group-523986131536-LeaderStateImpl
2022-03-14 12:17:36,564 [omNode-1@group-523986131536-LeaderElection6] INFO  segmented.SegmentedRaftLogWorker (SegmentedRaftLogWorker.java:startLogSegment(394)) - omNode-1@group-523986131536-SegmentedRaftLogWorker: Starting segment from index:0
2022-03-14 12:17:36,580 [omNode-1@group-523986131536-SegmentedRaftLogWorker] INFO  segmented.SegmentedRaftLogWorker (SegmentedRaftLogWorker.java:execute(601)) - omNode-1@group-523986131536-SegmentedRaftLogWorker: created new log segment /home/runner/work/ozone/ozone/hadoop-ozone/integration-test/target/test-dir/MiniOzoneClusterImpl-278953cb-1c57-4e8b-ba2f-5e3472d45912/omNode-1/ratis/c9bc4cf4-3bc3-3c60-a66b-523986131536/current/log_inprogress_0
2022-03-14 12:17:36,584 [omNode-1@group-523986131536-LeaderElection6] INFO  server.RaftServer$Division (ServerState.java:setRaftConf(387)) - omNode-1@group-523986131536: set configuration 0: [omNode-3|rpc:localhost:38427|admin:|client:|dataStream:|priority:0, omNode-1|rpc:localhost:41375|admin:|client:|dataStream:|priority:0, omNode-2|rpc:localhost:40735|admin:|client:|dataStream:|priority:0], old=null
2022-03-14 12:17:36,610 [grpc-default-executor-5] INFO  server.RaftServer$Division (ServerState.java:setLeader(285)) - omNode-3@group-523986131536: change Leader from null to omNode-1 at term 2 for appendEntries, leader elected after 2559ms
2022-03-14 12:17:36,629 [grpc-default-executor-2] INFO  server.RaftServer$Division (ServerState.java:setLeader(285)) - omNode-2@group-523986131536: change Leader from null to omNode-1 at term 2 for appendEntries, leader elected after 2855ms
2022-03-14 12:17:36,642 [grpc-default-executor-2] INFO  server.RaftServer$Division (ServerState.java:setRaftConf(387)) - omNode-2@group-523986131536: set configuration 0: [omNode-3|rpc:localhost:38427|admin:|client:|dataStream:|priority:0, omNode-1|rpc:localhost:41375|admin:|client:|dataStream:|priority:0, omNode-2|rpc:localhost:40735|admin:|client:|dataStream:|priority:0], old=null
2022-03-14 12:17:36,643 [grpc-default-executor-2] INFO  segmented.SegmentedRaftLogWorker (SegmentedRaftLogWorker.java:startLogSegment(394)) - omNode-2@group-523986131536-SegmentedRaftLogWorker: Starting segment from index:0
2022-03-14 12:17:36,644 [grpc-default-executor-5] INFO  server.RaftServer$Division (ServerState.java:setRaftConf(387)) - omNode-3@group-523986131536: set configuration 0: [omNode-3|rpc:localhost:38427|admin:|client:|dataStream:|priority:0, omNode-1|rpc:localhost:41375|admin:|client:|dataStream:|priority:0, omNode-2|rpc:localhost:40735|admin:|client:|dataStream:|priority:0], old=null
2022-03-14 12:17:36,645 [grpc-default-executor-5] INFO  segmented.SegmentedRaftLogWorker (SegmentedRaftLogWorker.java:startLogSegment(394)) - omNode-3@group-523986131536-SegmentedRaftLogWorker: Starting segment from index:0
2022-03-14 12:17:36,658 [omNode-3@group-523986131536-SegmentedRaftLogWorker] INFO  segmented.SegmentedRaftLogWorker (SegmentedRaftLogWorker.java:execute(601)) - omNode-3@group-523986131536-SegmentedRaftLogWorker: created new log segment /home/runner/work/ozone/ozone/hadoop-ozone/integration-test/target/test-dir/MiniOzoneClusterImpl-278953cb-1c57-4e8b-ba2f-5e3472d45912/omNode-3/ratis/c9bc4cf4-3bc3-3c60-a66b-523986131536/current/log_inprogress_0
2022-03-14 12:17:36,659 [omNode-2@group-523986131536-SegmentedRaftLogWorker] INFO  segmented.SegmentedRaftLogWorker (SegmentedRaftLogWorker.java:execute(601)) - omNode-2@group-523986131536-SegmentedRaftLogWorker: created new log segment /home/runner/work/ozone/ozone/hadoop-ozone/integration-test/target/test-dir/MiniOzoneClusterImpl-278953cb-1c57-4e8b-ba2f-5e3472d45912/omNode-2/ratis/c9bc4cf4-3bc3-3c60-a66b-523986131536/current/log_inprogress_0
2022-03-14 12:17:36,692 [omNode-3@group-523986131536-StateMachineUpdater] INFO  ratis.OzoneManagerStateMachine (OzoneManagerStateMachine.java:notifyConfigurationChanged(188)) - Received Configuration change notification from Ratis. New Peer list:
[id: "omNode-3"
address: "localhost:38427"
, id: "omNode-1"
address: "localhost:41375"
, id: "omNode-2"
address: "localhost:40735"
]
2022-03-14 12:17:36,692 [omNode-2@group-523986131536-StateMachineUpdater] INFO  ratis.OzoneManagerStateMachine (OzoneManagerStateMachine.java:notifyConfigurationChanged(188)) - Received Configuration change notification from Ratis. New Peer list:
[id: "omNode-3"
address: "localhost:38427"
, id: "omNode-1"
address: "localhost:41375"
, id: "omNode-2"
address: "localhost:40735"
]
2022-03-14 12:17:36,693 [omNode-1@group-523986131536-StateMachineUpdater] INFO  ratis.OzoneManagerStateMachine (OzoneManagerStateMachine.java:notifyConfigurationChanged(188)) - Received Configuration change notification from Ratis. New Peer list:
[id: "omNode-3"
address: "localhost:38427"
, id: "omNode-1"
address: "localhost:41375"
, id: "omNode-2"
address: "localhost:40735"
]
2022-03-14 12:17:36,754 [EndpointStateMachine task thread for /0.0.0.0:43901 - 0 ] INFO  ozoneimpl.OzoneContainer (OzoneContainer.java:start(335)) - Attempting to start container services.
2022-03-14 12:17:36,756 [EndpointStateMachine task thread for /0.0.0.0:43901 - 0 ] INFO  ozoneimpl.OzoneContainer (OzoneContainer.java:startContainerScrub(270)) - Background container scanner has been disabled.
2022-03-14 12:17:36,757 [EndpointStateMachine task thread for /0.0.0.0:43901 - 0 ] INFO  replication.ReplicationServer (ReplicationServer.java:start(111)) - ReplicationServer is started using port 45717
2022-03-14 12:17:36,759 [EndpointStateMachine task thread for /0.0.0.0:43901 - 0 ] INFO  ratis.XceiverServerRatis (XceiverServerRatis.java:start(487)) - Starting XceiverServerRatis 3d74c5ad-bb9c-4739-895f-0556a3b9901a
2022-03-14 12:17:36,760 [EndpointStateMachine task thread for /0.0.0.0:43901 - 0 ] INFO  server.RaftServer (RaftServerProxy.java:lambda$start$5(374)) - 3d74c5ad-bb9c-4739-895f-0556a3b9901a: start RPC server
2022-03-14 12:17:36,761 [EndpointStateMachine task thread for /0.0.0.0:43901 - 0 ] INFO  server.GrpcService (GrpcService.java:startImpl(253)) - 3d74c5ad-bb9c-4739-895f-0556a3b9901a: GrpcService started, listening on 41111
2022-03-14 12:17:36,761 [EndpointStateMachine task thread for /0.0.0.0:43901 - 0 ] INFO  ratis.XceiverServerRatis (XceiverServerRatis.java:getRealPort(508)) - XceiverServerRatis 3d74c5ad-bb9c-4739-895f-0556a3b9901a is started using port 41111 for RATIS
2022-03-14 12:17:36,761 [EndpointStateMachine task thread for /0.0.0.0:43901 - 0 ] INFO  ratis.XceiverServerRatis (XceiverServerRatis.java:getRealPort(508)) - XceiverServerRatis 3d74c5ad-bb9c-4739-895f-0556a3b9901a is started using port 41111 for RATIS_ADMIN
2022-03-14 12:17:36,761 [EndpointStateMachine task thread for /0.0.0.0:43901 - 0 ] INFO  ratis.XceiverServerRatis (XceiverServerRatis.java:getRealPort(508)) - XceiverServerRatis 3d74c5ad-bb9c-4739-895f-0556a3b9901a is started using port 41111 for RATIS_SERVER
2022-03-14 12:17:36,761 [org.apache.ratis.util.JvmPauseMonitor$$Lambda$422/892611887@300b0b52] INFO  util.JvmPauseMonitor (JvmPauseMonitor.java:run(103)) - JvmPauseMonitor-3d74c5ad-bb9c-4739-895f-0556a3b9901a: Started
2022-03-14 12:17:36,763 [EndpointStateMachine task thread for /0.0.0.0:43901 - 0 ] INFO  server.XceiverServerGrpc (XceiverServerGrpc.java:start(180)) - XceiverServerGrpc 3d74c5ad-bb9c-4739-895f-0556a3b9901a is started using port 39569
2022-03-14 12:17:37,211 [EndpointStateMachine task thread for /0.0.0.0:43901 - 0 ] INFO  ozoneimpl.OzoneContainer (OzoneContainer.java:start(335)) - Attempting to start container services.
2022-03-14 12:17:37,211 [EndpointStateMachine task thread for /0.0.0.0:43901 - 0 ] INFO  ozoneimpl.OzoneContainer (OzoneContainer.java:startContainerScrub(270)) - Background container scanner has been disabled.
2022-03-14 12:17:37,213 [EndpointStateMachine task thread for /0.0.0.0:43901 - 0 ] INFO  replication.ReplicationServer (ReplicationServer.java:start(111)) - ReplicationServer is started using port 34213
2022-03-14 12:17:37,214 [EndpointStateMachine task thread for /0.0.0.0:43901 - 0 ] INFO  ratis.XceiverServerRatis (XceiverServerRatis.java:start(487)) - Starting XceiverServerRatis 2f089a79-715b-4bd1-9f38-6af58c65be05
2022-03-14 12:17:37,218 [EndpointStateMachine task thread for /0.0.0.0:43901 - 0 ] INFO  server.RaftServer (RaftServerProxy.java:lambda$start$5(374)) - 2f089a79-715b-4bd1-9f38-6af58c65be05: start RPC server
2022-03-14 12:17:37,219 [EndpointStateMachine task thread for /0.0.0.0:43901 - 0 ] INFO  server.GrpcService (GrpcService.java:startImpl(253)) - 2f089a79-715b-4bd1-9f38-6af58c65be05: GrpcService started, listening on 33731
2022-03-14 12:17:37,219 [EndpointStateMachine task thread for /0.0.0.0:43901 - 0 ] INFO  ratis.XceiverServerRatis (XceiverServerRatis.java:getRealPort(508)) - XceiverServerRatis 2f089a79-715b-4bd1-9f38-6af58c65be05 is started using port 33731 for RATIS
2022-03-14 12:17:37,219 [org.apache.ratis.util.JvmPauseMonitor$$Lambda$422/892611887@7aa8ff33] INFO  util.JvmPauseMonitor (JvmPauseMonitor.java:run(103)) - JvmPauseMonitor-2f089a79-715b-4bd1-9f38-6af58c65be05: Started
2022-03-14 12:17:37,219 [EndpointStateMachine task thread for /0.0.0.0:43901 - 0 ] INFO  ratis.XceiverServerRatis (XceiverServerRatis.java:getRealPort(508)) - XceiverServerRatis 2f089a79-715b-4bd1-9f38-6af58c65be05 is started using port 33731 for RATIS_ADMIN
2022-03-14 12:17:37,220 [EndpointStateMachine task thread for /0.0.0.0:43901 - 0 ] INFO  ratis.XceiverServerRatis (XceiverServerRatis.java:getRealPort(508)) - XceiverServerRatis 2f089a79-715b-4bd1-9f38-6af58c65be05 is started using port 33731 for RATIS_SERVER
2022-03-14 12:17:37,220 [EndpointStateMachine task thread for /0.0.0.0:43901 - 0 ] INFO  server.XceiverServerGrpc (XceiverServerGrpc.java:start(180)) - XceiverServerGrpc 2f089a79-715b-4bd1-9f38-6af58c65be05 is started using port 40499
2022-03-14 12:17:37,507 [Listener at 127.0.0.1/38867] INFO  ozone.MiniOzoneClusterImpl (MiniOzoneClusterImpl.java:lambda$waitForClusterToBeReady$0(219)) - Waiting for nodes to be ready. Got 0 of 3 DN Heartbeats.
2022-03-14 12:17:37,507 [Listener at 127.0.0.1/38867] INFO  ozone.MiniOzoneClusterImpl (MiniOzoneClusterImpl.java:lambda$waitForClusterToBeReady$0(222)) - Waiting for cluster to exit safe mode
2022-03-14 12:17:37,507 [Listener at 127.0.0.1/38867] INFO  ozone.MiniOzoneClusterImpl (MiniOzoneClusterImpl.java:lambda$waitForClusterToBeReady$0(224)) - SCM became leader
2022-03-14 12:17:37,517 [EndpointStateMachine task thread for /0.0.0.0:43901 - 0 ] INFO  ozoneimpl.OzoneContainer (OzoneContainer.java:start(335)) - Attempting to start container services.
2022-03-14 12:17:37,517 [EndpointStateMachine task thread for /0.0.0.0:43901 - 0 ] INFO  ozoneimpl.OzoneContainer (OzoneContainer.java:startContainerScrub(270)) - Background container scanner has been disabled.
2022-03-14 12:17:37,518 [EndpointStateMachine task thread for /0.0.0.0:43901 - 0 ] INFO  replication.ReplicationServer (ReplicationServer.java:start(111)) - ReplicationServer is started using port 34009
2022-03-14 12:17:37,519 [EndpointStateMachine task thread for /0.0.0.0:43901 - 0 ] INFO  ratis.XceiverServerRatis (XceiverServerRatis.java:start(487)) - Starting XceiverServerRatis 2c6e3e89-7bf7-4755-89d7-dad9f6a5f72c
2022-03-14 12:17:37,520 [EndpointStateMachine task thread for /0.0.0.0:43901 - 0 ] INFO  server.RaftServer (RaftServerProxy.java:lambda$start$5(374)) - 2c6e3e89-7bf7-4755-89d7-dad9f6a5f72c: start RPC server
2022-03-14 12:17:37,522 [EndpointStateMachine task thread for /0.0.0.0:43901 - 0 ] INFO  server.GrpcService (GrpcService.java:startImpl(253)) - 2c6e3e89-7bf7-4755-89d7-dad9f6a5f72c: GrpcService started, listening on 40415
2022-03-14 12:17:37,522 [EndpointStateMachine task thread for /0.0.0.0:43901 - 0 ] INFO  ratis.XceiverServerRatis (XceiverServerRatis.java:getRealPort(508)) - XceiverServerRatis 2c6e3e89-7bf7-4755-89d7-dad9f6a5f72c is started using port 40415 for RATIS
2022-03-14 12:17:37,522 [org.apache.ratis.util.JvmPauseMonitor$$Lambda$422/892611887@7e915db0] INFO  util.JvmPauseMonitor (JvmPauseMonitor.java:run(103)) - JvmPauseMonitor-2c6e3e89-7bf7-4755-89d7-dad9f6a5f72c: Started
2022-03-14 12:17:37,523 [EndpointStateMachine task thread for /0.0.0.0:43901 - 0 ] INFO  ratis.XceiverServerRatis (XceiverServerRatis.java:getRealPort(508)) - XceiverServerRatis 2c6e3e89-7bf7-4755-89d7-dad9f6a5f72c is started using port 40415 for RATIS_ADMIN
2022-03-14 12:17:37,523 [EndpointStateMachine task thread for /0.0.0.0:43901 - 0 ] INFO  ratis.XceiverServerRatis (XceiverServerRatis.java:getRealPort(508)) - XceiverServerRatis 2c6e3e89-7bf7-4755-89d7-dad9f6a5f72c is started using port 40415 for RATIS_SERVER
2022-03-14 12:17:37,526 [EndpointStateMachine task thread for /0.0.0.0:43901 - 0 ] INFO  server.XceiverServerGrpc (XceiverServerGrpc.java:start(180)) - XceiverServerGrpc 2c6e3e89-7bf7-4755-89d7-dad9f6a5f72c is started using port 37501
2022-03-14 12:17:38,507 [Listener at 127.0.0.1/38867] INFO  ozone.MiniOzoneClusterImpl (MiniOzoneClusterImpl.java:lambda$waitForClusterToBeReady$0(219)) - Waiting for nodes to be ready. Got 0 of 3 DN Heartbeats.
2022-03-14 12:17:38,508 [Listener at 127.0.0.1/38867] INFO  ozone.MiniOzoneClusterImpl (MiniOzoneClusterImpl.java:lambda$waitForClusterToBeReady$0(222)) - Waiting for cluster to exit safe mode
2022-03-14 12:17:38,508 [Listener at 127.0.0.1/38867] INFO  ozone.MiniOzoneClusterImpl (MiniOzoneClusterImpl.java:lambda$waitForClusterToBeReady$0(224)) - SCM became leader
2022-03-14 12:17:38,728 [IPC Server handler 19 on default port 43901] INFO  net.NetworkTopologyImpl (NetworkTopologyImpl.java:add(112)) - Added a new node: /default-rack/3d74c5ad-bb9c-4739-895f-0556a3b9901a
2022-03-14 12:17:38,730 [IPC Server handler 19 on default port 43901] INFO  node.SCMNodeManager (SCMNodeManager.java:register(391)) - Registered Data node : 3d74c5ad-bb9c-4739-895f-0556a3b9901a{ip: 10.1.0.4, host: fv-az291-848.wgnan5asplgejimfprtllbpdch.jx.internal.cloudapp.net, ports: [REPLICATION=45717, RATIS=41111, RATIS_ADMIN=41111, RATIS_SERVER=41111, STANDALONE=39569], networkLocation: /default-rack, certSerialId: null, persistedOpState: null, persistedOpStateExpiryEpochSec: 0}
2022-03-14 12:17:38,733 [EventQueue-NewNodeForNewNodeHandler] INFO  pipeline.BackgroundPipelineCreator (BackgroundPipelineCreator.java:notifyEventTriggered(285)) - trigger a one-shot run on RatisPipelineUtilsThread.
2022-03-14 12:17:38,739 [EventQueue-NodeRegistrationContainerReportForDataNodeSafeModeRule] INFO  safemode.SCMSafeModeManager (DataNodeSafeModeRule.java:process(71)) - SCM in safe mode. 1 DataNodes registered, 3 required.
2022-03-14 12:17:38,742 [EventQueue-NodeRegistrationContainerReportForContainerSafeModeRule] INFO  safemode.SCMSafeModeManager (SCMSafeModeManager.java:validateSafeModeExitRules(204)) - ContainerSafeModeRule rule is successfully validated
2022-03-14 12:17:38,750 [EventQueue-PipelineReportForOneReplicaPipelineSafeModeRule] INFO  safemode.SCMSafeModeManager (SCMSafeModeManager.java:validateSafeModeExitRules(204)) - AtleastOneDatanodeReportedRule rule is successfully validated
2022-03-14 12:17:38,751 [RatisPipelineUtilsThread - 0] INFO  pipeline.RatisPipelineProvider (RatisPipelineProvider.java:lambda$create$0(183)) - Sending CreatePipelineCommand for pipeline:PipelineID=3c6c9a6c-0bff-4d63-86d5-5d6c4fc2709f to datanode:3d74c5ad-bb9c-4739-895f-0556a3b9901a
2022-03-14 12:17:38,816 [abc8918d-16fb-4660-8109-f5bf0640b8c5@group-5E3472D45912-StateMachineUpdater] INFO  pipeline.PipelineStateManagerImpl (PipelineStateManagerImpl.java:addPipeline(101)) - Created pipeline Pipeline[ Id: 3c6c9a6c-0bff-4d63-86d5-5d6c4fc2709f, Nodes: 3d74c5ad-bb9c-4739-895f-0556a3b9901a{ip: 10.1.0.4, host: fv-az291-848.wgnan5asplgejimfprtllbpdch.jx.internal.cloudapp.net, ports: [REPLICATION=45717, RATIS=41111, RATIS_ADMIN=41111, RATIS_SERVER=41111, STANDALONE=39569], networkLocation: /default-rack, certSerialId: null, persistedOpState: IN_SERVICE, persistedOpStateExpiryEpochSec: 0}, ReplicationConfig: RATIS/ONE, State:ALLOCATED, leaderId:, CreationTimestamp2022-03-14T12:17:38.747Z[Etc/UTC]].
2022-03-14 12:17:38,818 [abc8918d-16fb-4660-8109-f5bf0640b8c5@group-5E3472D45912-StateMachineUpdater] INFO  safemode.HealthyPipelineSafeModeRule (HealthyPipelineSafeModeRule.java:initializeRule(152)) - Refreshed total pipeline count is 0, healthy pipeline threshold count is 1
2022-03-14 12:17:39,209 [IPC Server handler 17 on default port 43901] INFO  net.NetworkTopologyImpl (NetworkTopologyImpl.java:add(112)) - Added a new node: /default-rack/2f089a79-715b-4bd1-9f38-6af58c65be05
2022-03-14 12:17:39,210 [IPC Server handler 17 on default port 43901] INFO  node.SCMNodeManager (SCMNodeManager.java:register(391)) - Registered Data node : 2f089a79-715b-4bd1-9f38-6af58c65be05{ip: 10.1.0.4, host: fv-az291-848.wgnan5asplgejimfprtllbpdch.jx.internal.cloudapp.net, ports: [REPLICATION=34213, RATIS=33731, RATIS_ADMIN=33731, RATIS_SERVER=33731, STANDALONE=40499], networkLocation: /default-rack, certSerialId: null, persistedOpState: null, persistedOpStateExpiryEpochSec: 0}
2022-03-14 12:17:39,211 [EventQueue-NodeRegistrationContainerReportForDataNodeSafeModeRule] INFO  safemode.SCMSafeModeManager (DataNodeSafeModeRule.java:process(71)) - SCM in safe mode. 2 DataNodes registered, 3 required.
2022-03-14 12:17:39,211 [EventQueue-NewNodeForNewNodeHandler] INFO  pipeline.BackgroundPipelineCreator (BackgroundPipelineCreator.java:notifyEventTriggered(285)) - trigger a one-shot run on RatisPipelineUtilsThread.
2022-03-14 12:17:39,213 [RatisPipelineUtilsThread - 0] INFO  pipeline.RatisPipelineProvider (RatisPipelineProvider.java:lambda$create$0(183)) - Sending CreatePipelineCommand for pipeline:PipelineID=93160655-e25d-4468-9ac2-cc01c9a5ddcc to datanode:2f089a79-715b-4bd1-9f38-6af58c65be05
2022-03-14 12:17:39,216 [abc8918d-16fb-4660-8109-f5bf0640b8c5@group-5E3472D45912-StateMachineUpdater] INFO  pipeline.PipelineStateManagerImpl (PipelineStateManagerImpl.java:addPipeline(101)) - Created pipeline Pipeline[ Id: 93160655-e25d-4468-9ac2-cc01c9a5ddcc, Nodes: 2f089a79-715b-4bd1-9f38-6af58c65be05{ip: 10.1.0.4, host: fv-az291-848.wgnan5asplgejimfprtllbpdch.jx.internal.cloudapp.net, ports: [REPLICATION=34213, RATIS=33731, RATIS_ADMIN=33731, RATIS_SERVER=33731, STANDALONE=40499], networkLocation: /default-rack, certSerialId: null, persistedOpState: IN_SERVICE, persistedOpStateExpiryEpochSec: 0}, ReplicationConfig: RATIS/ONE, State:ALLOCATED, leaderId:, CreationTimestamp2022-03-14T12:17:39.213Z[Etc/UTC]].
2022-03-14 12:17:39,216 [abc8918d-16fb-4660-8109-f5bf0640b8c5@group-5E3472D45912-StateMachineUpdater] INFO  safemode.HealthyPipelineSafeModeRule (HealthyPipelineSafeModeRule.java:initializeRule(152)) - Refreshed total pipeline count is 0, healthy pipeline threshold count is 1
2022-03-14 12:17:39,508 [Listener at 127.0.0.1/38867] INFO  ozone.MiniOzoneClusterImpl (MiniOzoneClusterImpl.java:lambda$waitForClusterToBeReady$0(219)) - Waiting for nodes to be ready. Got 2 of 3 DN Heartbeats.
2022-03-14 12:17:39,509 [Listener at 127.0.0.1/38867] INFO  ozone.MiniOzoneClusterImpl (MiniOzoneClusterImpl.java:lambda$waitForClusterToBeReady$0(222)) - Waiting for cluster to exit safe mode
2022-03-14 12:17:39,509 [Listener at 127.0.0.1/38867] INFO  ozone.MiniOzoneClusterImpl (MiniOzoneClusterImpl.java:lambda$waitForClusterToBeReady$0(224)) - SCM became leader
2022-03-14 12:17:39,515 [IPC Server handler 18 on default port 43901] INFO  net.NetworkTopologyImpl (NetworkTopologyImpl.java:add(112)) - Added a new node: /default-rack/2c6e3e89-7bf7-4755-89d7-dad9f6a5f72c
2022-03-14 12:17:39,516 [IPC Server handler 18 on default port 43901] INFO  node.SCMNodeManager (SCMNodeManager.java:register(391)) - Registered Data node : 2c6e3e89-7bf7-4755-89d7-dad9f6a5f72c{ip: 10.1.0.4, host: fv-az291-848.wgnan5asplgejimfprtllbpdch.jx.internal.cloudapp.net, ports: [REPLICATION=34009, RATIS=40415, RATIS_ADMIN=40415, RATIS_SERVER=40415, STANDALONE=37501], networkLocation: /default-rack, certSerialId: null, persistedOpState: null, persistedOpStateExpiryEpochSec: 0}
2022-03-14 12:17:39,516 [EventQueue-NewNodeForNewNodeHandler] INFO  pipeline.BackgroundPipelineCreator (BackgroundPipelineCreator.java:notifyEventTriggered(285)) - trigger a one-shot run on RatisPipelineUtilsThread.
2022-03-14 12:17:39,517 [RatisPipelineUtilsThread - 0] INFO  pipeline.RatisPipelineProvider (RatisPipelineProvider.java:lambda$create$0(183)) - Sending CreatePipelineCommand for pipeline:PipelineID=362a034b-79ab-484b-ac1d-f2791b4213e5 to datanode:2c6e3e89-7bf7-4755-89d7-dad9f6a5f72c
2022-03-14 12:17:39,517 [EventQueue-NodeRegistrationContainerReportForDataNodeSafeModeRule] INFO  safemode.SCMSafeModeManager (DataNodeSafeModeRule.java:process(71)) - SCM in safe mode. 3 DataNodes registered, 3 required.
2022-03-14 12:17:39,517 [EventQueue-NodeRegistrationContainerReportForDataNodeSafeModeRule] INFO  safemode.SCMSafeModeManager (SCMSafeModeManager.java:validateSafeModeExitRules(204)) - DataNodeSafeModeRule rule is successfully validated
2022-03-14 12:17:39,517 [EventQueue-NodeRegistrationContainerReportForDataNodeSafeModeRule] INFO  safemode.SCMSafeModeManager (SCMSafeModeManager.java:completePreCheck(233)) - All SCM safe mode pre check rules have passed
2022-03-14 12:17:39,517 [EventQueue-NodeRegistrationContainerReportForDataNodeSafeModeRule] WARN  events.EventQueue (EventQueue.java:fireEvent(194)) - No event handler registered for event TypedEvent{payloadType=SafeModeStatus, name='Safe mode status'}
2022-03-14 12:17:39,517 [EventQueue-NodeRegistrationContainerReportForDataNodeSafeModeRule] INFO  ha.SCMContext (SCMContext.java:updateSafeModeStatus(211)) - Update SafeModeStatus from SafeModeStatus{safeModeStatus=true, preCheckPassed=false} to SafeModeStatus{safeModeStatus=true, preCheckPassed=true}.
2022-03-14 12:17:39,517 [EventQueue-NodeRegistrationContainerReportForDataNodeSafeModeRule] INFO  pipeline.BackgroundPipelineCreator (BackgroundPipelineCreator.java:notifyEventTriggered(285)) - trigger a one-shot run on RatisPipelineUtilsThread.
2022-03-14 12:17:39,520 [abc8918d-16fb-4660-8109-f5bf0640b8c5@group-5E3472D45912-StateMachineUpdater] INFO  pipeline.PipelineStateManagerImpl (PipelineStateManagerImpl.java:addPipeline(101)) - Created pipeline Pipeline[ Id: 362a034b-79ab-484b-ac1d-f2791b4213e5, Nodes: 2c6e3e89-7bf7-4755-89d7-dad9f6a5f72c{ip: 10.1.0.4, host: fv-az291-848.wgnan5asplgejimfprtllbpdch.jx.internal.cloudapp.net, ports: [REPLICATION=34009, RATIS=40415, RATIS_ADMIN=40415, RATIS_SERVER=40415, STANDALONE=37501], networkLocation: /default-rack, certSerialId: null, persistedOpState: IN_SERVICE, persistedOpStateExpiryEpochSec: 0}, ReplicationConfig: RATIS/ONE, State:ALLOCATED, leaderId:, CreationTimestamp2022-03-14T12:17:39.517Z[Etc/UTC]].
2022-03-14 12:17:39,520 [abc8918d-16fb-4660-8109-f5bf0640b8c5@group-5E3472D45912-StateMachineUpdater] INFO  safemode.HealthyPipelineSafeModeRule (HealthyPipelineSafeModeRule.java:initializeRule(152)) - Refreshed total pipeline count is 0, healthy pipeline threshold count is 1
2022-03-14 12:17:39,523 [RatisPipelineUtilsThread - 0] INFO  pipeline.RatisPipelineProvider (RatisPipelineProvider.java:lambda$create$0(183)) - Sending CreatePipelineCommand for pipeline:PipelineID=ba9f3bb6-7229-4db7-a40e-2d2eb3f1b165 to datanode:2c6e3e89-7bf7-4755-89d7-dad9f6a5f72c
2022-03-14 12:17:39,524 [RatisPipelineUtilsThread - 0] INFO  pipeline.RatisPipelineProvider (RatisPipelineProvider.java:lambda$create$0(183)) - Sending CreatePipelineCommand for pipeline:PipelineID=ba9f3bb6-7229-4db7-a40e-2d2eb3f1b165 to datanode:3d74c5ad-bb9c-4739-895f-0556a3b9901a
2022-03-14 12:17:39,524 [RatisPipelineUtilsThread - 0] INFO  pipeline.RatisPipelineProvider (RatisPipelineProvider.java:lambda$create$0(183)) - Sending CreatePipelineCommand for pipeline:PipelineID=ba9f3bb6-7229-4db7-a40e-2d2eb3f1b165 to datanode:2f089a79-715b-4bd1-9f38-6af58c65be05
2022-03-14 12:17:39,527 [abc8918d-16fb-4660-8109-f5bf0640b8c5@group-5E3472D45912-StateMachineUpdater] INFO  pipeline.PipelineStateManagerImpl (PipelineStateManagerImpl.java:addPipeline(101)) - Created pipeline Pipeline[ Id: ba9f3bb6-7229-4db7-a40e-2d2eb3f1b165, Nodes: 2c6e3e89-7bf7-4755-89d7-dad9f6a5f72c{ip: 10.1.0.4, host: fv-az291-848.wgnan5asplgejimfprtllbpdch.jx.internal.cloudapp.net, ports: [REPLICATION=34009, RATIS=40415, RATIS_ADMIN=40415, RATIS_SERVER=40415, STANDALONE=37501], networkLocation: /default-rack, certSerialId: null, persistedOpState: IN_SERVICE, persistedOpStateExpiryEpochSec: 0}3d74c5ad-bb9c-4739-895f-0556a3b9901a{ip: 10.1.0.4, host: fv-az291-848.wgnan5asplgejimfprtllbpdch.jx.internal.cloudapp.net, ports: [REPLICATION=45717, RATIS=41111, RATIS_ADMIN=41111, RATIS_SERVER=41111, STANDALONE=39569], networkLocation: /default-rack, certSerialId: null, persistedOpState: IN_SERVICE, persistedOpStateExpiryEpochSec: 0}2f089a79-715b-4bd1-9f38-6af58c65be05{ip: 10.1.0.4, host: fv-az291-848.wgnan5asplgejimfprtllbpdch.jx.internal.cloudapp.net, ports: [REPLICATION=34213, RATIS=33731, RATIS_ADMIN=33731, RATIS_SERVER=33731, STANDALONE=40499], networkLocation: /default-rack, certSerialId: null, persistedOpState: IN_SERVICE, persistedOpStateExpiryEpochSec: 0}, ReplicationConfig: RATIS/THREE, State:ALLOCATED, leaderId:, CreationTimestamp2022-03-14T12:17:39.523Z[Etc/UTC]].
2022-03-14 12:17:39,527 [abc8918d-16fb-4660-8109-f5bf0640b8c5@group-5E3472D45912-StateMachineUpdater] INFO  safemode.HealthyPipelineSafeModeRule (HealthyPipelineSafeModeRule.java:initializeRule(152)) - Refreshed total pipeline count is 0, healthy pipeline threshold count is 1
2022-03-14 12:17:39,530 [RatisPipelineUtilsThread - 0] INFO  pipeline.RatisPipelineProvider (RatisPipelineProvider.java:lambda$create$0(183)) - Sending CreatePipelineCommand for pipeline:PipelineID=db11fbf8-e1a7-4ccd-8223-c07123eceba5 to datanode:3d74c5ad-bb9c-4739-895f-0556a3b9901a
2022-03-14 12:17:39,530 [RatisPipelineUtilsThread - 0] INFO  pipeline.RatisPipelineProvider (RatisPipelineProvider.java:lambda$create$0(183)) - Sending CreatePipelineCommand for pipeline:PipelineID=db11fbf8-e1a7-4ccd-8223-c07123eceba5 to datanode:2c6e3e89-7bf7-4755-89d7-dad9f6a5f72c
2022-03-14 12:17:39,531 [RatisPipelineUtilsThread - 0] INFO  pipeline.RatisPipelineProvider (RatisPipelineProvider.java:lambda$create$0(183)) - Sending CreatePipelineCommand for pipeline:PipelineID=db11fbf8-e1a7-4ccd-8223-c07123eceba5 to datanode:2f089a79-715b-4bd1-9f38-6af58c65be05
2022-03-14 12:17:39,533 [abc8918d-16fb-4660-8109-f5bf0640b8c5@group-5E3472D45912-StateMachineUpdater] INFO  pipeline.PipelineStateManagerImpl (PipelineStateManagerImpl.java:addPipeline(101)) - Created pipeline Pipeline[ Id: db11fbf8-e1a7-4ccd-8223-c07123eceba5, Nodes: 3d74c5ad-bb9c-4739-895f-0556a3b9901a{ip: 10.1.0.4, host: fv-az291-848.wgnan5asplgejimfprtllbpdch.jx.internal.cloudapp.net, ports: [REPLICATION=45717, RATIS=41111, RATIS_ADMIN=41111, RATIS_SERVER=41111, STANDALONE=39569], networkLocation: /default-rack, certSerialId: null, persistedOpState: IN_SERVICE, persistedOpStateExpiryEpochSec: 0}2c6e3e89-7bf7-4755-89d7-dad9f6a5f72c{ip: 10.1.0.4, host: fv-az291-848.wgnan5asplgejimfprtllbpdch.jx.internal.cloudapp.net, ports: [REPLICATION=34009, RATIS=40415, RATIS_ADMIN=40415, RATIS_SERVER=40415, STANDALONE=37501], networkLocation: /default-rack, certSerialId: null, persistedOpState: IN_SERVICE, persistedOpStateExpiryEpochSec: 0}2f089a79-715b-4bd1-9f38-6af58c65be05{ip: 10.1.0.4, host: fv-az291-848.wgnan5asplgejimfprtllbpdch.jx.internal.cloudapp.net, ports: [REPLICATION=34213, RATIS=33731, RATIS_ADMIN=33731, RATIS_SERVER=33731, STANDALONE=40499], networkLocation: /default-rack, certSerialId: null, persistedOpState: IN_SERVICE, persistedOpStateExpiryEpochSec: 0}, ReplicationConfig: RATIS/THREE, State:ALLOCATED, leaderId:, CreationTimestamp2022-03-14T12:17:39.530Z[Etc/UTC]].
2022-03-14 12:17:39,533 [abc8918d-16fb-4660-8109-f5bf0640b8c5@group-5E3472D45912-StateMachineUpdater] INFO  safemode.HealthyPipelineSafeModeRule (HealthyPipelineSafeModeRule.java:initializeRule(152)) - Refreshed total pipeline count is 0, healthy pipeline threshold count is 1
2022-03-14 12:17:39,534 [RatisPipelineUtilsThread - 0] INFO  pipeline.PipelineManagerImpl (PipelineManagerImpl.java:recordMetricsForPipeline(639)) - Pipeline: PipelineID=db11fbf8-e1a7-4ccd-8223-c07123eceba5 contains same datanodes as previous pipelines: PipelineID=ba9f3bb6-7229-4db7-a40e-2d2eb3f1b165 nodeIds: 3d74c5ad-bb9c-4739-895f-0556a3b9901a, 2c6e3e89-7bf7-4755-89d7-dad9f6a5f72c, 2f089a79-715b-4bd1-9f38-6af58c65be05
2022-03-14 12:17:40,510 [Listener at 127.0.0.1/38867] INFO  ozone.MiniOzoneClusterImpl (MiniOzoneClusterImpl.java:lambda$waitForClusterToBeReady$0(219)) - Nodes are ready. Got 3 of 3 DN Heartbeats.
2022-03-14 12:17:40,510 [Listener at 127.0.0.1/38867] INFO  ozone.MiniOzoneClusterImpl (MiniOzoneClusterImpl.java:lambda$waitForClusterToBeReady$0(222)) - Waiting for cluster to exit safe mode
2022-03-14 12:17:40,510 [Listener at 127.0.0.1/38867] INFO  ozone.MiniOzoneClusterImpl (MiniOzoneClusterImpl.java:lambda$waitForClusterToBeReady$0(224)) - SCM became leader
2022-03-14 12:17:41,510 [Listener at 127.0.0.1/38867] INFO  ozone.MiniOzoneClusterImpl (MiniOzoneClusterImpl.java:lambda$waitForClusterToBeReady$0(219)) - Nodes are ready. Got 3 of 3 DN Heartbeats.
2022-03-14 12:17:41,511 [Listener at 127.0.0.1/38867] INFO  ozone.MiniOzoneClusterImpl (MiniOzoneClusterImpl.java:lambda$waitForClusterToBeReady$0(222)) - Waiting for cluster to exit safe mode
2022-03-14 12:17:41,511 [Listener at 127.0.0.1/38867] INFO  ozone.MiniOzoneClusterImpl (MiniOzoneClusterImpl.java:lambda$waitForClusterToBeReady$0(224)) - SCM became leader
2022-03-14 12:17:41,702 [Command processor thread] INFO  server.RaftServer (RaftServerProxy.java:addNew(95)) - 3d74c5ad-bb9c-4739-895f-0556a3b9901a: addNew group-5D6C4FC2709F:[3d74c5ad-bb9c-4739-895f-0556a3b9901a|rpc:10.1.0.4:41111|priority:1] returns group-5D6C4FC2709F:java.util.concurrent.CompletableFuture@5a4d003d[Not completed]
2022-03-14 12:17:41,719 [pool-112-thread-1] INFO  server.RaftServer$Division (RaftServerImpl.java:<init>(184)) - 3d74c5ad-bb9c-4739-895f-0556a3b9901a: new RaftServerImpl for group-5D6C4FC2709F:[3d74c5ad-bb9c-4739-895f-0556a3b9901a|rpc:10.1.0.4:41111|priority:1] with ContainerStateMachine:uninitialized
2022-03-14 12:17:41,723 [pool-112-thread-1] INFO  server.RaftServerConfigKeys (ConfUtils.java:logGet(44)) - raft.server.rpc.timeout.min = 5s (custom)
2022-03-14 12:17:41,724 [pool-112-thread-1] INFO  server.RaftServerConfigKeys (ConfUtils.java:logGet(44)) - raft.server.rpc.timeout.max = 5200ms (custom)
2022-03-14 12:17:41,724 [pool-112-thread-1] INFO  server.RaftServerConfigKeys (ConfUtils.java:logGet(44)) - raft.server.rpc.sleep.time = 25ms (default)
2022-03-14 12:17:41,724 [pool-112-thread-1] INFO  server.RaftServerConfigKeys (ConfUtils.java:logGet(44)) - raft.server.rpc.slowness.timeout = 300s (custom)
2022-03-14 12:17:41,724 [pool-112-thread-1] INFO  server.RaftServerConfigKeys (ConfUtils.java:logGet(44)) - raft.server.leaderelection.leader.step-down.wait-time = 10s (default)
2022-03-14 12:17:41,724 [pool-112-thread-1] INFO  server.RaftServerConfigKeys (ConfUtils.java:logGet(44)) - raft.server.sleep.deviation.threshold = 300ms (default)
2022-03-14 12:17:41,724 [pool-112-thread-1] INFO  server.RaftServerConfigKeys (ConfUtils.java:logGet(44)) - raft.server.log.appender.install.snapshot.enabled = false (custom)
2022-03-14 12:17:41,724 [pool-112-thread-1] INFO  server.RaftServer$Division (ServerState.java:<init>(105)) - 3d74c5ad-bb9c-4739-895f-0556a3b9901a@group-5D6C4FC2709F: ConfigurationManager, init=-1: [3d74c5ad-bb9c-4739-895f-0556a3b9901a|rpc:10.1.0.4:41111|priority:1], old=null, confs=<EMPTY_MAP>
2022-03-14 12:17:41,724 [pool-112-thread-1] INFO  server.RaftServerConfigKeys (ConfUtils.java:logGet(44)) - raft.server.storage.dir = [/home/runner/work/ozone/ozone/hadoop-ozone/integration-test/target/test-dir/MiniOzoneClusterImpl-278953cb-1c57-4e8b-ba2f-5e3472d45912/datanode-0/data/ratis] (custom)
2022-03-14 12:17:41,725 [pool-112-thread-1] INFO  server.RaftServerConfigKeys (ConfUtils.java:logGet(44)) - raft.server.log.corruption.policy = EXCEPTION (default)
2022-03-14 12:17:41,725 [pool-112-thread-1] INFO  server.RaftServerConfigKeys (ConfUtils.java:logGet(44)) - raft.server.storage.free-space.min = 0MB (=0) (default)
2022-03-14 12:17:41,725 [pool-112-thread-1] INFO  storage.RaftStorageDirectory (RaftStorageDirectoryImpl.java:analyzeStorage(135)) - The storage directory /home/runner/work/ozone/ozone/hadoop-ozone/integration-test/target/test-dir/MiniOzoneClusterImpl-278953cb-1c57-4e8b-ba2f-5e3472d45912/datanode-0/data/ratis/3c6c9a6c-0bff-4d63-86d5-5d6c4fc2709f does not exist. Creating ...
2022-03-14 12:17:41,726 [pool-112-thread-1] INFO  storage.RaftStorageDirectory (RaftStorageDirectoryImpl.java:tryLock(230)) - Lock on /home/runner/work/ozone/ozone/hadoop-ozone/integration-test/target/test-dir/MiniOzoneClusterImpl-278953cb-1c57-4e8b-ba2f-5e3472d45912/datanode-0/data/ratis/3c6c9a6c-0bff-4d63-86d5-5d6c4fc2709f/in_use.lock acquired by nodename 10847@fv-az291-848
2022-03-14 12:17:41,727 [pool-112-thread-1] INFO  storage.RaftStorage (RaftStorageImpl.java:format(89)) - Storage directory /home/runner/work/ozone/ozone/hadoop-ozone/integration-test/target/test-dir/MiniOzoneClusterImpl-278953cb-1c57-4e8b-ba2f-5e3472d45912/datanode-0/data/ratis/3c6c9a6c-0bff-4d63-86d5-5d6c4fc2709f has been successfully formatted.
2022-03-14 12:17:41,731 [pool-112-thread-1] INFO  ratis.ContainerStateMachine (ContainerStateMachine.java:loadSnapshot(236)) - group-5D6C4FC2709F: The snapshot info is null. Setting the last applied indexto:(t:0, i:~)
2022-03-14 12:17:41,731 [pool-112-thread-1] INFO  server.RaftServerConfigKeys (ConfUtils.java:logGet(44)) - raft.server.notification.no-leader.timeout = 300s (custom)
2022-03-14 12:17:41,731 [pool-112-thread-1] INFO  server.RaftServerConfigKeys (ConfUtils.java:logGet(44)) - raft.server.log.use.memory = false (default)
2022-03-14 12:17:41,731 [pool-112-thread-1] INFO  server.RaftServerConfigKeys (ConfUtils.java:logGet(44)) - raft.server.log.purge.gap = 1000000 (custom)
2022-03-14 12:17:41,731 [pool-112-thread-1] INFO  server.RaftServerConfigKeys (ConfUtils.java:logGet(44)) - raft.server.log.appender.buffer.byte-limit = 33554432 (custom)
2022-03-14 12:17:41,732 [pool-112-thread-1] INFO  server.RaftServerConfigKeys (ConfUtils.java:logGet(44)) - raft.server.log.segment.size.max = 1048576 (custom)
2022-03-14 12:17:41,732 [pool-112-thread-1] INFO  server.RaftServerConfigKeys (ConfUtils.java:logGet(44)) - raft.server.log.segment.cache.num.max = 2 (custom)
2022-03-14 12:17:41,732 [pool-112-thread-1] INFO  server.RaftServerConfigKeys (ConfUtils.java:logGet(44)) - raft.server.log.segment.cache.size.max = 200MB (=209715200) (default)
2022-03-14 12:17:41,732 [pool-112-thread-1] INFO  segmented.SegmentedRaftLogWorker (SegmentedRaftLogWorker.java:<init>(182)) - new 3d74c5ad-bb9c-4739-895f-0556a3b9901a@group-5D6C4FC2709F-SegmentedRaftLogWorker for RaftStorageImpl:Storage Directory /home/runner/work/ozone/ozone/hadoop-ozone/integration-test/target/test-dir/MiniOzoneClusterImpl-278953cb-1c57-4e8b-ba2f-5e3472d45912/datanode-0/data/ratis/3c6c9a6c-0bff-4d63-86d5-5d6c4fc2709f
2022-03-14 12:17:41,732 [pool-112-thread-1] INFO  server.RaftServerConfigKeys (ConfUtils.java:logGet(44)) - raft.server.log.queue.byte-limit = 4294967296 (custom)
2022-03-14 12:17:41,732 [pool-112-thread-1] INFO  server.RaftServerConfigKeys (ConfUtils.java:logGet(44)) - raft.server.log.queue.element-limit = 1024 (custom)
2022-03-14 12:17:41,732 [pool-112-thread-1] INFO  server.RaftServerConfigKeys (ConfUtils.java:logGet(44)) - raft.server.log.segment.size.max = 1048576 (custom)
2022-03-14 12:17:41,732 [pool-112-thread-1] INFO  server.RaftServerConfigKeys (ConfUtils.java:logGet(44)) - raft.server.log.preallocated.size = 16384 (custom)
2022-03-14 12:17:41,732 [pool-112-thread-1] INFO  server.RaftServerConfigKeys (ConfUtils.java:logGet(44)) - raft.server.log.force.sync.num = 128 (default)
2022-03-14 12:17:41,732 [pool-112-thread-1] INFO  server.RaftServerConfigKeys (ConfUtils.java:logGet(44)) - raft.server.log.statemachine.data.sync = true (default)
2022-03-14 12:17:41,732 [pool-112-thread-1] INFO  server.RaftServerConfigKeys (ConfUtils.java:logGet(44)) - raft.server.log.statemachine.data.sync.timeout = 10s (default)
2022-03-14 12:17:41,733 [pool-112-thread-1] INFO  server.RaftServerConfigKeys (ConfUtils.java:logGet(44)) - raft.server.log.statemachine.data.sync.timeout.retry = -1 (default)
2022-03-14 12:17:41,733 [pool-112-thread-1] INFO  server.RaftServerConfigKeys (ConfUtils.java:logGet(44)) - raft.server.log.write.buffer.size = 1048576 (custom)
2022-03-14 12:17:41,733 [pool-112-thread-1] INFO  server.RaftServerConfigKeys (ConfUtils.java:logGet(44)) - raft.server.log.statemachine.data.caching.enabled = true (custom)
2022-03-14 12:17:41,734 [pool-112-thread-1] INFO  segmented.SegmentedRaftLogWorker (SegmentedRaftLogWorker.java:lambda$new$0(133)) - 3d74c5ad-bb9c-4739-895f-0556a3b9901a@group-5D6C4FC2709F-SegmentedRaftLogWorker: flushIndex: setUnconditionally 0 -> -1
2022-03-14 12:17:41,734 [pool-112-thread-1] INFO  segmented.SegmentedRaftLogWorker (SegmentedRaftLogWorker.java:lambda$new$0(133)) - 3d74c5ad-bb9c-4739-895f-0556a3b9901a@group-5D6C4FC2709F-SegmentedRaftLogWorker: safeCacheEvictIndex: setUnconditionally 0 -> -1
2022-03-14 12:17:41,734 [pool-112-thread-1] INFO  server.RaftServerConfigKeys (ConfUtils.java:logGet(44)) - raft.server.snapshot.auto.trigger.enabled = true (custom)
2022-03-14 12:17:41,734 [pool-112-thread-1] INFO  server.RaftServerConfigKeys (ConfUtils.java:logGet(44)) - raft.server.snapshot.auto.trigger.threshold = 10000 (custom)
2022-03-14 12:17:41,734 [pool-112-thread-1] INFO  server.RaftServerConfigKeys (ConfUtils.java:logGet(44)) - raft.server.snapshot.retention.file.num = 5 (custom)
2022-03-14 12:17:41,734 [pool-112-thread-1] INFO  server.RaftServerConfigKeys (ConfUtils.java:logGet(44)) - raft.server.log.purge.upto.snapshot.index = false (default)
2022-03-14 12:17:41,734 [pool-112-thread-1] INFO  server.RaftServerConfigKeys (ConfUtils.java:logGet(44)) - raft.server.retrycache.expirytime = 600000ms (custom)
2022-03-14 12:17:41,734 [pool-112-thread-1] INFO  server.RaftServerConfigKeys (ConfUtils.java:logGet(44)) - raft.server.retrycache.statistics.expirytime = 100μs (default)
2022-03-14 12:17:41,735 [pool-112-thread-1] INFO  server.RaftServer$Division (RaftServerImpl.java:start(301)) - 3d74c5ad-bb9c-4739-895f-0556a3b9901a@group-5D6C4FC2709F: start as a follower, conf=-1: [3d74c5ad-bb9c-4739-895f-0556a3b9901a|rpc:10.1.0.4:41111|priority:1], old=null
2022-03-14 12:17:41,735 [pool-112-thread-1] INFO  server.RaftServer$Division (RaftServerImpl.java:setRole(290)) - 3d74c5ad-bb9c-4739-895f-0556a3b9901a@group-5D6C4FC2709F: changes role from      null to FOLLOWER at term 0 for startAsFollower
2022-03-14 12:17:41,735 [pool-112-thread-1] INFO  impl.RoleInfo (RoleInfo.java:updateAndGet(130)) - 3d74c5ad-bb9c-4739-895f-0556a3b9901a: start 3d74c5ad-bb9c-4739-895f-0556a3b9901a@group-5D6C4FC2709F-FollowerState
2022-03-14 12:17:41,744 [pool-112-thread-1] INFO  util.JmxRegister (JmxRegister.java:tryRegister(44)) - Successfully registered JMX Bean with object name Ratis:service=RaftServer,group=group-5D6C4FC2709F,id=3d74c5ad-bb9c-4739-895f-0556a3b9901a
2022-03-14 12:17:41,746 [Command processor thread] INFO  ratis.XceiverServerRatis (XceiverServerRatis.java:addGroup(771)) - Created group PipelineID=3c6c9a6c-0bff-4d63-86d5-5d6c4fc2709f
2022-03-14 12:17:41,747 [Command processor thread] INFO  commandhandler.CreatePipelineCommandHandler (CreatePipelineCommandHandler.java:handle(106)) - Created Pipeline RATIS ONE PipelineID=3c6c9a6c-0bff-4d63-86d5-5d6c4fc2709f.
2022-03-14 12:17:41,757 [Command processor thread] INFO  server.RaftServer (RaftServerProxy.java:addNew(95)) - 3d74c5ad-bb9c-4739-895f-0556a3b9901a: addNew group-2D2EB3F1B165:[3d74c5ad-bb9c-4739-895f-0556a3b9901a|rpc:10.1.0.4:41111|priority:0, 2f089a79-715b-4bd1-9f38-6af58c65be05|rpc:10.1.0.4:33731|priority:0, 2c6e3e89-7bf7-4755-89d7-dad9f6a5f72c|rpc:10.1.0.4:40415|priority:1] returns group-2D2EB3F1B165:java.util.concurrent.CompletableFuture@561f95bf[Not completed]
2022-03-14 12:17:41,759 [pool-112-thread-1] INFO  server.RaftServer$Division (RaftServerImpl.java:<init>(184)) - 3d74c5ad-bb9c-4739-895f-0556a3b9901a: new RaftServerImpl for group-2D2EB3F1B165:[3d74c5ad-bb9c-4739-895f-0556a3b9901a|rpc:10.1.0.4:41111|priority:0, 2f089a79-715b-4bd1-9f38-6af58c65be05|rpc:10.1.0.4:33731|priority:0, 2c6e3e89-7bf7-4755-89d7-dad9f6a5f72c|rpc:10.1.0.4:40415|priority:1] with ContainerStateMachine:uninitialized
2022-03-14 12:17:41,759 [pool-112-thread-1] INFO  server.RaftServerConfigKeys (ConfUtils.java:logGet(44)) - raft.server.rpc.timeout.min = 5s (custom)
2022-03-14 12:17:41,759 [pool-112-thread-1] INFO  server.RaftServerConfigKeys (ConfUtils.java:logGet(44)) - raft.server.rpc.timeout.max = 5200ms (custom)
2022-03-14 12:17:41,759 [pool-112-thread-1] INFO  server.RaftServerConfigKeys (ConfUtils.java:logGet(44)) - raft.server.rpc.sleep.time = 25ms (default)
2022-03-14 12:17:41,759 [pool-112-thread-1] INFO  server.RaftServerConfigKeys (ConfUtils.java:logGet(44)) - raft.server.rpc.slowness.timeout = 300s (custom)
2022-03-14 12:17:41,759 [pool-112-thread-1] INFO  server.RaftServerConfigKeys (ConfUtils.java:logGet(44)) - raft.server.leaderelection.leader.step-down.wait-time = 10s (default)
2022-03-14 12:17:41,759 [pool-112-thread-1] INFO  server.RaftServerConfigKeys (ConfUtils.java:logGet(44)) - raft.server.sleep.deviation.threshold = 300ms (default)
2022-03-14 12:17:41,759 [pool-112-thread-1] INFO  server.RaftServerConfigKeys (ConfUtils.java:logGet(44)) - raft.server.log.appender.install.snapshot.enabled = false (custom)
2022-03-14 12:17:41,759 [pool-112-thread-1] INFO  server.RaftServer$Division (ServerState.java:<init>(105)) - 3d74c5ad-bb9c-4739-895f-0556a3b9901a@group-2D2EB3F1B165: ConfigurationManager, init=-1: [3d74c5ad-bb9c-4739-895f-0556a3b9901a|rpc:10.1.0.4:41111|priority:0, 2f089a79-715b-4bd1-9f38-6af58c65be05|rpc:10.1.0.4:33731|priority:0, 2c6e3e89-7bf7-4755-89d7-dad9f6a5f72c|rpc:10.1.0.4:40415|priority:1], old=null, confs=<EMPTY_MAP>
2022-03-14 12:17:41,757 [EventQueue-PipelineReportForPipelineReportHandler] INFO  pipeline.PipelineManagerImpl (PipelineManagerImpl.java:openPipeline(291)) - Pipeline Pipeline[ Id: 3c6c9a6c-0bff-4d63-86d5-5d6c4fc2709f, Nodes: 3d74c5ad-bb9c-4739-895f-0556a3b9901a{ip: 10.1.0.4, host: fv-az291-848.wgnan5asplgejimfprtllbpdch.jx.internal.cloudapp.net, ports: [REPLICATION=45717, RATIS=41111, RATIS_ADMIN=41111, RATIS_SERVER=41111, STANDALONE=39569], networkLocation: /default-rack, certSerialId: null, persistedOpState: IN_SERVICE, persistedOpStateExpiryEpochSec: 0}, ReplicationConfig: RATIS/ONE, State:ALLOCATED, leaderId:3d74c5ad-bb9c-4739-895f-0556a3b9901a, CreationTimestamp2022-03-14T12:17:38.747Z[Etc/UTC]] moved to OPEN state
2022-03-14 12:17:41,761 [pool-112-thread-1] INFO  server.RaftServerConfigKeys (ConfUtils.java:logGet(44)) - raft.server.storage.dir = [/home/runner/work/ozone/ozone/hadoop-ozone/integration-test/target/test-dir/MiniOzoneClusterImpl-278953cb-1c57-4e8b-ba2f-5e3472d45912/datanode-0/data/ratis] (custom)
2022-03-14 12:17:41,761 [pool-112-thread-1] INFO  server.RaftServerConfigKeys (ConfUtils.java:logGet(44)) - raft.server.log.corruption.policy = EXCEPTION (default)
2022-03-14 12:17:41,761 [pool-112-thread-1] INFO  server.RaftServerConfigKeys (ConfUtils.java:logGet(44)) - raft.server.storage.free-space.min = 0MB (=0) (default)
2022-03-14 12:17:41,762 [pool-112-thread-1] INFO  storage.RaftStorageDirectory (RaftStorageDirectoryImpl.java:analyzeStorage(135)) - The storage directory /home/runner/work/ozone/ozone/hadoop-ozone/integration-test/target/test-dir/MiniOzoneClusterImpl-278953cb-1c57-4e8b-ba2f-5e3472d45912/datanode-0/data/ratis/ba9f3bb6-7229-4db7-a40e-2d2eb3f1b165 does not exist. Creating ...
2022-03-14 12:17:41,763 [pool-112-thread-1] INFO  storage.RaftStorageDirectory (RaftStorageDirectoryImpl.java:tryLock(230)) - Lock on /home/runner/work/ozone/ozone/hadoop-ozone/integration-test/target/test-dir/MiniOzoneClusterImpl-278953cb-1c57-4e8b-ba2f-5e3472d45912/datanode-0/data/ratis/ba9f3bb6-7229-4db7-a40e-2d2eb3f1b165/in_use.lock acquired by nodename 10847@fv-az291-848
2022-03-14 12:17:41,765 [pool-112-thread-1] INFO  storage.RaftStorage (RaftStorageImpl.java:format(89)) - Storage directory /home/runner/work/ozone/ozone/hadoop-ozone/integration-test/target/test-dir/MiniOzoneClusterImpl-278953cb-1c57-4e8b-ba2f-5e3472d45912/datanode-0/data/ratis/ba9f3bb6-7229-4db7-a40e-2d2eb3f1b165 has been successfully formatted.
2022-03-14 12:17:41,765 [pool-112-thread-1] INFO  ratis.ContainerStateMachine (ContainerStateMachine.java:loadSnapshot(236)) - group-2D2EB3F1B165: The snapshot info is null. Setting the last applied indexto:(t:0, i:~)
2022-03-14 12:17:41,765 [pool-112-thread-1] INFO  server.RaftServerConfigKeys (ConfUtils.java:logGet(44)) - raft.server.notification.no-leader.timeout = 300s (custom)
2022-03-14 12:17:41,765 [pool-112-thread-1] INFO  server.RaftServerConfigKeys (ConfUtils.java:logGet(44)) - raft.server.log.use.memory = false (default)
2022-03-14 12:17:41,766 [pool-112-thread-1] INFO  server.RaftServerConfigKeys (ConfUtils.java:logGet(44)) - raft.server.log.purge.gap = 1000000 (custom)
2022-03-14 12:17:41,766 [pool-112-thread-1] INFO  server.RaftServerConfigKeys (ConfUtils.java:logGet(44)) - raft.server.log.appender.buffer.byte-limit = 33554432 (custom)
2022-03-14 12:17:41,766 [abc8918d-16fb-4660-8109-f5bf0640b8c5@group-5E3472D45912-StateMachineUpdater] INFO  safemode.HealthyPipelineSafeModeRule (HealthyPipelineSafeModeRule.java:initializeRule(152)) - Refreshed total pipeline count is 0, healthy pipeline threshold count is 1
2022-03-14 12:17:41,766 [pool-112-thread-1] INFO  server.RaftServerConfigKeys (ConfUtils.java:logGet(44)) - raft.server.log.segment.size.max = 1048576 (custom)
2022-03-14 12:17:41,773 [pool-112-thread-1] INFO  server.RaftServerConfigKeys (ConfUtils.java:logGet(44)) - raft.server.log.segment.cache.num.max = 2 (custom)
2022-03-14 12:17:41,773 [pool-112-thread-1] INFO  server.RaftServerConfigKeys (ConfUtils.java:logGet(44)) - raft.server.log.segment.cache.size.max = 200MB (=209715200) (default)
2022-03-14 12:17:41,773 [pool-112-thread-1] INFO  segmented.SegmentedRaftLogWorker (SegmentedRaftLogWorker.java:<init>(182)) - new 3d74c5ad-bb9c-4739-895f-0556a3b9901a@group-2D2EB3F1B165-SegmentedRaftLogWorker for RaftStorageImpl:Storage Directory /home/runner/work/ozone/ozone/hadoop-ozone/integration-test/target/test-dir/MiniOzoneClusterImpl-278953cb-1c57-4e8b-ba2f-5e3472d45912/datanode-0/data/ratis/ba9f3bb6-7229-4db7-a40e-2d2eb3f1b165
2022-03-14 12:17:41,773 [pool-112-thread-1] INFO  server.RaftServerConfigKeys (ConfUtils.java:logGet(44)) - raft.server.log.queue.byte-limit = 4294967296 (custom)
2022-03-14 12:17:41,773 [pool-112-thread-1] INFO  server.RaftServerConfigKeys (ConfUtils.java:logGet(44)) - raft.server.log.queue.element-limit = 1024 (custom)
2022-03-14 12:17:41,773 [pool-112-thread-1] INFO  server.RaftServerConfigKeys (ConfUtils.java:logGet(44)) - raft.server.log.segment.size.max = 1048576 (custom)
2022-03-14 12:17:41,773 [pool-112-thread-1] INFO  server.RaftServerConfigKeys (ConfUtils.java:logGet(44)) - raft.server.log.preallocated.size = 16384 (custom)
2022-03-14 12:17:41,773 [pool-112-thread-1] INFO  server.RaftServerConfigKeys (ConfUtils.java:logGet(44)) - raft.server.log.force.sync.num = 128 (default)
2022-03-14 12:17:41,773 [pool-112-thread-1] INFO  server.RaftServerConfigKeys (ConfUtils.java:logGet(44)) - raft.server.log.statemachine.data.sync = true (default)
2022-03-14 12:17:41,773 [pool-112-thread-1] INFO  server.RaftServerConfigKeys (ConfUtils.java:logGet(44)) - raft.server.log.statemachine.data.sync.timeout = 10s (default)
2022-03-14 12:17:41,773 [pool-112-thread-1] INFO  server.RaftServerConfigKeys (ConfUtils.java:logGet(44)) - raft.server.log.statemachine.data.sync.timeout.retry = -1 (default)
2022-03-14 12:17:41,774 [pool-112-thread-1] INFO  server.RaftServerConfigKeys (ConfUtils.java:logGet(44)) - raft.server.log.write.buffer.size = 1048576 (custom)
2022-03-14 12:17:41,775 [pool-112-thread-1] INFO  server.RaftServerConfigKeys (ConfUtils.java:logGet(44)) - raft.server.log.statemachine.data.caching.enabled = true (custom)
2022-03-14 12:17:41,775 [pool-112-thread-1] INFO  segmented.SegmentedRaftLogWorker (SegmentedRaftLogWorker.java:lambda$new$0(133)) - 3d74c5ad-bb9c-4739-895f-0556a3b9901a@group-2D2EB3F1B165-SegmentedRaftLogWorker: flushIndex: setUnconditionally 0 -> -1
2022-03-14 12:17:41,775 [pool-112-thread-1] INFO  segmented.SegmentedRaftLogWorker (SegmentedRaftLogWorker.java:lambda$new$0(133)) - 3d74c5ad-bb9c-4739-895f-0556a3b9901a@group-2D2EB3F1B165-SegmentedRaftLogWorker: safeCacheEvictIndex: setUnconditionally 0 -> -1
2022-03-14 12:17:41,775 [EventQueue-OpenPipelineForHealthyPipelineSafeModeRule] INFO  safemode.SCMSafeModeManager (HealthyPipelineSafeModeRule.java:process(124)) - SCM in safe mode. Healthy pipelines reported count is 0, required healthy pipeline reported count is 1
2022-03-14 12:17:41,775 [EventQueue-OpenPipelineForHealthyPipelineSafeModeRule] INFO  safemode.SCMSafeModeManager (HealthyPipelineSafeModeRule.java:process(124)) - SCM in safe mode. Healthy pipelines reported count is 0, required healthy pipeline reported count is 1
2022-03-14 12:17:41,776 [pool-112-thread-1] INFO  server.RaftServerConfigKeys (ConfUtils.java:logGet(44)) - raft.server.snapshot.auto.trigger.enabled = true (custom)
2022-03-14 12:17:41,776 [pool-112-thread-1] INFO  server.RaftServerConfigKeys (ConfUtils.java:logGet(44)) - raft.server.snapshot.auto.trigger.threshold = 10000 (custom)
2022-03-14 12:17:41,776 [pool-112-thread-1] INFO  server.RaftServerConfigKeys (ConfUtils.java:logGet(44)) - raft.server.snapshot.retention.file.num = 5 (custom)
2022-03-14 12:17:41,776 [pool-112-thread-1] INFO  server.RaftServerConfigKeys (ConfUtils.java:logGet(44)) - raft.server.log.purge.upto.snapshot.index = false (default)
2022-03-14 12:17:41,776 [pool-112-thread-1] INFO  server.RaftServerConfigKeys (ConfUtils.java:logGet(44)) - raft.server.retrycache.expirytime = 600000ms (custom)
2022-03-14 12:17:41,776 [pool-112-thread-1] INFO  server.RaftServerConfigKeys (ConfUtils.java:logGet(44)) - raft.server.retrycache.statistics.expirytime = 100μs (default)
2022-03-14 12:17:41,777 [pool-112-thread-1] INFO  server.RaftServer$Division (RaftServerImpl.java:start(301)) - 3d74c5ad-bb9c-4739-895f-0556a3b9901a@group-2D2EB3F1B165: start as a follower, conf=-1: [3d74c5ad-bb9c-4739-895f-0556a3b9901a|rpc:10.1.0.4:41111|priority:0, 2f089a79-715b-4bd1-9f38-6af58c65be05|rpc:10.1.0.4:33731|priority:0, 2c6e3e89-7bf7-4755-89d7-dad9f6a5f72c|rpc:10.1.0.4:40415|priority:1], old=null
2022-03-14 12:17:41,777 [pool-112-thread-1] INFO  server.RaftServer$Division (RaftServerImpl.java:setRole(290)) - 3d74c5ad-bb9c-4739-895f-0556a3b9901a@group-2D2EB3F1B165: changes role from      null to FOLLOWER at term 0 for startAsFollower
2022-03-14 12:17:41,777 [pool-112-thread-1] INFO  impl.RoleInfo (RoleInfo.java:updateAndGet(130)) - 3d74c5ad-bb9c-4739-895f-0556a3b9901a: start 3d74c5ad-bb9c-4739-895f-0556a3b9901a@group-2D2EB3F1B165-FollowerState
2022-03-14 12:17:41,777 [pool-112-thread-1] INFO  util.JmxRegister (JmxRegister.java:tryRegister(44)) - Successfully registered JMX Bean with object name Ratis:service=RaftServer,group=group-2D2EB3F1B165,id=3d74c5ad-bb9c-4739-895f-0556a3b9901a
2022-03-14 12:17:41,778 [Command processor thread] INFO  ratis.XceiverServerRatis (XceiverServerRatis.java:addGroup(771)) - Created group PipelineID=ba9f3bb6-7229-4db7-a40e-2d2eb3f1b165
2022-03-14 12:17:41,866 [grpc-default-executor-5] INFO  server.RaftServer (RaftServerProxy.java:addNew(95)) - 2c6e3e89-7bf7-4755-89d7-dad9f6a5f72c: addNew group-2D2EB3F1B165:[3d74c5ad-bb9c-4739-895f-0556a3b9901a|rpc:10.1.0.4:41111|dataStream:|priority:0, 2f089a79-715b-4bd1-9f38-6af58c65be05|rpc:10.1.0.4:33731|dataStream:|priority:0, 2c6e3e89-7bf7-4755-89d7-dad9f6a5f72c|rpc:10.1.0.4:40415|dataStream:|priority:1] returns group-2D2EB3F1B165:java.util.concurrent.CompletableFuture@266c0c1d[Not completed]
2022-03-14 12:17:41,869 [pool-154-thread-1] INFO  server.RaftServer$Division (RaftServerImpl.java:<init>(184)) - 2c6e3e89-7bf7-4755-89d7-dad9f6a5f72c: new RaftServerImpl for group-2D2EB3F1B165:[3d74c5ad-bb9c-4739-895f-0556a3b9901a|rpc:10.1.0.4:41111|dataStream:|priority:0, 2f089a79-715b-4bd1-9f38-6af58c65be05|rpc:10.1.0.4:33731|dataStream:|priority:0, 2c6e3e89-7bf7-4755-89d7-dad9f6a5f72c|rpc:10.1.0.4:40415|dataStream:|priority:1] with ContainerStateMachine:uninitialized
2022-03-14 12:17:41,870 [pool-154-thread-1] INFO  server.RaftServerConfigKeys (ConfUtils.java:logGet(44)) - raft.server.rpc.timeout.min = 5s (custom)
2022-03-14 12:17:41,870 [pool-154-thread-1] INFO  server.RaftServerConfigKeys (ConfUtils.java:logGet(44)) - raft.server.rpc.timeout.max = 5200ms (custom)
2022-03-14 12:17:41,870 [pool-154-thread-1] INFO  server.RaftServerConfigKeys (ConfUtils.java:logGet(44)) - raft.server.rpc.sleep.time = 25ms (default)
2022-03-14 12:17:41,870 [pool-154-thread-1] INFO  server.RaftServerConfigKeys (ConfUtils.java:logGet(44)) - raft.server.rpc.slowness.timeout = 300s (custom)
2022-03-14 12:17:41,870 [pool-154-thread-1] INFO  server.RaftServerConfigKeys (ConfUtils.java:logGet(44)) - raft.server.leaderelection.leader.step-down.wait-time = 10s (default)
2022-03-14 12:17:41,870 [pool-154-thread-1] INFO  server.RaftServerConfigKeys (ConfUtils.java:logGet(44)) - raft.server.sleep.deviation.threshold = 300ms (default)
2022-03-14 12:17:41,870 [pool-154-thread-1] INFO  server.RaftServerConfigKeys (ConfUtils.java:logGet(44)) - raft.server.log.appender.install.snapshot.enabled = false (custom)
2022-03-14 12:17:41,871 [pool-154-thread-1] INFO  server.RaftServer$Division (ServerState.java:<init>(105)) - 2c6e3e89-7bf7-4755-89d7-dad9f6a5f72c@group-2D2EB3F1B165: ConfigurationManager, init=-1: [3d74c5ad-bb9c-4739-895f-0556a3b9901a|rpc:10.1.0.4:41111|dataStream:|priority:0, 2f089a79-715b-4bd1-9f38-6af58c65be05|rpc:10.1.0.4:33731|dataStream:|priority:0, 2c6e3e89-7bf7-4755-89d7-dad9f6a5f72c|rpc:10.1.0.4:40415|dataStream:|priority:1], old=null, confs=<EMPTY_MAP>
2022-03-14 12:17:41,871 [pool-154-thread-1] INFO  server.RaftServerConfigKeys (ConfUtils.java:logGet(44)) - raft.server.storage.dir = [/home/runner/work/ozone/ozone/hadoop-ozone/integration-test/target/test-dir/MiniOzoneClusterImpl-278953cb-1c57-4e8b-ba2f-5e3472d45912/datanode-2/data/ratis] (custom)
2022-03-14 12:17:41,871 [pool-154-thread-1] INFO  server.RaftServerConfigKeys (ConfUtils.java:logGet(44)) - raft.server.log.corruption.policy = EXCEPTION (default)
2022-03-14 12:17:41,871 [pool-154-thread-1] INFO  server.RaftServerConfigKeys (ConfUtils.java:logGet(44)) - raft.server.storage.free-space.min = 0MB (=0) (default)
2022-03-14 12:17:41,871 [pool-154-thread-1] INFO  storage.RaftStorageDirectory (RaftStorageDirectoryImpl.java:analyzeStorage(135)) - The storage directory /home/runner/work/ozone/ozone/hadoop-ozone/integration-test/target/test-dir/MiniOzoneClusterImpl-278953cb-1c57-4e8b-ba2f-5e3472d45912/datanode-2/data/ratis/ba9f3bb6-7229-4db7-a40e-2d2eb3f1b165 does not exist. Creating ...
2022-03-14 12:17:41,872 [pool-154-thread-1] INFO  storage.RaftStorageDirectory (RaftStorageDirectoryImpl.java:tryLock(230)) - Lock on /home/runner/work/ozone/ozone/hadoop-ozone/integration-test/target/test-dir/MiniOzoneClusterImpl-278953cb-1c57-4e8b-ba2f-5e3472d45912/datanode-2/data/ratis/ba9f3bb6-7229-4db7-a40e-2d2eb3f1b165/in_use.lock acquired by nodename 10847@fv-az291-848
2022-03-14 12:17:41,873 [pool-154-thread-1] INFO  storage.RaftStorage (RaftStorageImpl.java:format(89)) - Storage directory /home/runner/work/ozone/ozone/hadoop-ozone/integration-test/target/test-dir/MiniOzoneClusterImpl-278953cb-1c57-4e8b-ba2f-5e3472d45912/datanode-2/data/ratis/ba9f3bb6-7229-4db7-a40e-2d2eb3f1b165 has been successfully formatted.
2022-03-14 12:17:41,874 [pool-154-thread-1] INFO  ratis.ContainerStateMachine (ContainerStateMachine.java:loadSnapshot(236)) - group-2D2EB3F1B165: The snapshot info is null. Setting the last applied indexto:(t:0, i:~)
2022-03-14 12:17:41,876 [pool-154-thread-1] INFO  server.RaftServerConfigKeys (ConfUtils.java:logGet(44)) - raft.server.notification.no-leader.timeout = 300s (custom)
2022-03-14 12:17:41,877 [pool-154-thread-1] INFO  server.RaftServerConfigKeys (ConfUtils.java:logGet(44)) - raft.server.log.use.memory = false (default)
2022-03-14 12:17:41,878 [pool-154-thread-1] INFO  server.RaftServerConfigKeys (ConfUtils.java:logGet(44)) - raft.server.log.purge.gap = 1000000 (custom)
2022-03-14 12:17:41,878 [pool-154-thread-1] INFO  server.RaftServerConfigKeys (ConfUtils.java:logGet(44)) - raft.server.log.appender.buffer.byte-limit = 33554432 (custom)
2022-03-14 12:17:41,878 [pool-154-thread-1] INFO  server.RaftServerConfigKeys (ConfUtils.java:logGet(44)) - raft.server.log.segment.size.max = 1048576 (custom)
2022-03-14 12:17:41,878 [pool-154-thread-1] INFO  server.RaftServerConfigKeys (ConfUtils.java:logGet(44)) - raft.server.log.segment.cache.num.max = 2 (custom)
2022-03-14 12:17:41,879 [pool-154-thread-1] INFO  server.RaftServerConfigKeys (ConfUtils.java:logGet(44)) - raft.server.log.segment.cache.size.max = 200MB (=209715200) (default)
2022-03-14 12:17:41,879 [pool-154-thread-1] INFO  segmented.SegmentedRaftLogWorker (SegmentedRaftLogWorker.java:<init>(182)) - new 2c6e3e89-7bf7-4755-89d7-dad9f6a5f72c@group-2D2EB3F1B165-SegmentedRaftLogWorker for RaftStorageImpl:Storage Directory /home/runner/work/ozone/ozone/hadoop-ozone/integration-test/target/test-dir/MiniOzoneClusterImpl-278953cb-1c57-4e8b-ba2f-5e3472d45912/datanode-2/data/ratis/ba9f3bb6-7229-4db7-a40e-2d2eb3f1b165
2022-03-14 12:17:41,879 [pool-154-thread-1] INFO  server.RaftServerConfigKeys (ConfUtils.java:logGet(44)) - raft.server.log.queue.byte-limit = 4294967296 (custom)
2022-03-14 12:17:41,879 [pool-154-thread-1] INFO  server.RaftServerConfigKeys (ConfUtils.java:logGet(44)) - raft.server.log.queue.element-limit = 1024 (custom)
2022-03-14 12:17:41,879 [pool-154-thread-1] INFO  server.RaftServerConfigKeys (ConfUtils.java:logGet(44)) - raft.server.log.segment.size.max = 1048576 (custom)
2022-03-14 12:17:41,879 [pool-154-thread-1] INFO  server.RaftServerConfigKeys (ConfUtils.java:logGet(44)) - raft.server.log.preallocated.size = 16384 (custom)
2022-03-14 12:17:41,879 [pool-154-thread-1] INFO  server.RaftServerConfigKeys (ConfUtils.java:logGet(44)) - raft.server.log.force.sync.num = 128 (default)
2022-03-14 12:17:41,879 [pool-154-thread-1] INFO  server.RaftServerConfigKeys (ConfUtils.java:logGet(44)) - raft.server.log.statemachine.data.sync = true (default)
2022-03-14 12:17:41,879 [pool-154-thread-1] INFO  server.RaftServerConfigKeys (ConfUtils.java:logGet(44)) - raft.server.log.statemachine.data.sync.timeout = 10s (default)
2022-03-14 12:17:41,879 [pool-154-thread-1] INFO  server.RaftServerConfigKeys (ConfUtils.java:logGet(44)) - raft.server.log.statemachine.data.sync.timeout.retry = -1 (default)
2022-03-14 12:17:41,880 [pool-154-thread-1] INFO  server.RaftServerConfigKeys (ConfUtils.java:logGet(44)) - raft.server.log.write.buffer.size = 1048576 (custom)
2022-03-14 12:17:41,880 [pool-154-thread-1] INFO  server.RaftServerConfigKeys (ConfUtils.java:logGet(44)) - raft.server.log.statemachine.data.caching.enabled = true (custom)
2022-03-14 12:17:41,881 [pool-154-thread-1] INFO  segmented.SegmentedRaftLogWorker (SegmentedRaftLogWorker.java:lambda$new$0(133)) - 2c6e3e89-7bf7-4755-89d7-dad9f6a5f72c@group-2D2EB3F1B165-SegmentedRaftLogWorker: flushIndex: setUnconditionally 0 -> -1
2022-03-14 12:17:41,881 [pool-154-thread-1] INFO  segmented.SegmentedRaftLogWorker (SegmentedRaftLogWorker.java:lambda$new$0(133)) - 2c6e3e89-7bf7-4755-89d7-dad9f6a5f72c@group-2D2EB3F1B165-SegmentedRaftLogWorker: safeCacheEvictIndex: setUnconditionally 0 -> -1
2022-03-14 12:17:41,884 [pool-154-thread-1] INFO  server.RaftServerConfigKeys (ConfUtils.java:logGet(44)) - raft.server.snapshot.auto.trigger.enabled = true (custom)
2022-03-14 12:17:41,884 [pool-154-thread-1] INFO  server.RaftServerConfigKeys (ConfUtils.java:logGet(44)) - raft.server.snapshot.auto.trigger.threshold = 10000 (custom)
2022-03-14 12:17:41,884 [pool-154-thread-1] INFO  server.RaftServerConfigKeys (ConfUtils.java:logGet(44)) - raft.server.snapshot.retention.file.num = 5 (custom)
2022-03-14 12:17:41,884 [pool-154-thread-1] INFO  server.RaftServerConfigKeys (ConfUtils.java:logGet(44)) - raft.server.log.purge.upto.snapshot.index = false (default)
2022-03-14 12:17:41,884 [pool-154-thread-1] INFO  server.RaftServerConfigKeys (ConfUtils.java:logGet(44)) - raft.server.retrycache.expirytime = 600000ms (custom)
2022-03-14 12:17:41,884 [pool-154-thread-1] INFO  server.RaftServerConfigKeys (ConfUtils.java:logGet(44)) - raft.server.retrycache.statistics.expirytime = 100μs (default)
2022-03-14 12:17:41,885 [pool-154-thread-1] INFO  server.RaftServer$Division (RaftServerImpl.java:start(301)) - 2c6e3e89-7bf7-4755-89d7-dad9f6a5f72c@group-2D2EB3F1B165: start as a follower, conf=-1: [3d74c5ad-bb9c-4739-895f-0556a3b9901a|rpc:10.1.0.4:41111|dataStream:|priority:0, 2f089a79-715b-4bd1-9f38-6af58c65be05|rpc:10.1.0.4:33731|dataStream:|priority:0, 2c6e3e89-7bf7-4755-89d7-dad9f6a5f72c|rpc:10.1.0.4:40415|dataStream:|priority:1], old=null
2022-03-14 12:17:41,885 [pool-154-thread-1] INFO  server.RaftServer$Division (RaftServerImpl.java:setRole(290)) - 2c6e3e89-7bf7-4755-89d7-dad9f6a5f72c@group-2D2EB3F1B165: changes role from      null to FOLLOWER at term 0 for startAsFollower
2022-03-14 12:17:41,886 [pool-154-thread-1] INFO  impl.RoleInfo (RoleInfo.java:updateAndGet(130)) - 2c6e3e89-7bf7-4755-89d7-dad9f6a5f72c: start 2c6e3e89-7bf7-4755-89d7-dad9f6a5f72c@group-2D2EB3F1B165-FollowerState
2022-03-14 12:17:41,890 [pool-154-thread-1] INFO  util.JmxRegister (JmxRegister.java:tryRegister(44)) - Successfully registered JMX Bean with object name Ratis:service=RaftServer,group=group-2D2EB3F1B165,id=2c6e3e89-7bf7-4755-89d7-dad9f6a5f72c
2022-03-14 12:17:41,945 [grpc-default-executor-5] INFO  server.RaftServer (RaftServerProxy.java:addNew(95)) - 2f089a79-715b-4bd1-9f38-6af58c65be05: addNew group-2D2EB3F1B165:[3d74c5ad-bb9c-4739-895f-0556a3b9901a|rpc:10.1.0.4:41111|dataStream:|priority:0, 2f089a79-715b-4bd1-9f38-6af58c65be05|rpc:10.1.0.4:33731|dataStream:|priority:0, 2c6e3e89-7bf7-4755-89d7-dad9f6a5f72c|rpc:10.1.0.4:40415|dataStream:|priority:1] returns group-2D2EB3F1B165:java.util.concurrent.CompletableFuture@18d4c32a[Not completed]
2022-03-14 12:17:41,946 [pool-133-thread-1] INFO  server.RaftServer$Division (RaftServerImpl.java:<init>(184)) - 2f089a79-715b-4bd1-9f38-6af58c65be05: new RaftServerImpl for group-2D2EB3F1B165:[3d74c5ad-bb9c-4739-895f-0556a3b9901a|rpc:10.1.0.4:41111|dataStream:|priority:0, 2f089a79-715b-4bd1-9f38-6af58c65be05|rpc:10.1.0.4:33731|dataStream:|priority:0, 2c6e3e89-7bf7-4755-89d7-dad9f6a5f72c|rpc:10.1.0.4:40415|dataStream:|priority:1] with ContainerStateMachine:uninitialized
2022-03-14 12:17:41,950 [pool-133-thread-1] INFO  server.RaftServerConfigKeys (ConfUtils.java:logGet(44)) - raft.server.rpc.timeout.min = 5s (custom)
2022-03-14 12:17:41,950 [pool-133-thread-1] INFO  server.RaftServerConfigKeys (ConfUtils.java:logGet(44)) - raft.server.rpc.timeout.max = 5200ms (custom)
2022-03-14 12:17:41,950 [pool-133-thread-1] INFO  server.RaftServerConfigKeys (ConfUtils.java:logGet(44)) - raft.server.rpc.sleep.time = 25ms (default)
2022-03-14 12:17:41,951 [pool-133-thread-1] INFO  server.RaftServerConfigKeys (ConfUtils.java:logGet(44)) - raft.server.rpc.slowness.timeout = 300s (custom)
2022-03-14 12:17:41,951 [pool-133-thread-1] INFO  server.RaftServerConfigKeys (ConfUtils.java:logGet(44)) - raft.server.leaderelection.leader.step-down.wait-time = 10s (default)
2022-03-14 12:17:41,951 [pool-133-thread-1] INFO  server.RaftServerConfigKeys (ConfUtils.java:logGet(44)) - raft.server.sleep.deviation.threshold = 300ms (default)
2022-03-14 12:17:41,951 [pool-133-thread-1] INFO  server.RaftServerConfigKeys (ConfUtils.java:logGet(44)) - raft.server.log.appender.install.snapshot.enabled = false (custom)
2022-03-14 12:17:41,951 [pool-133-thread-1] INFO  server.RaftServer$Division (ServerState.java:<init>(105)) - 2f089a79-715b-4bd1-9f38-6af58c65be05@group-2D2EB3F1B165: ConfigurationManager, init=-1: [3d74c5ad-bb9c-4739-895f-0556a3b9901a|rpc:10.1.0.4:41111|dataStream:|priority:0, 2f089a79-715b-4bd1-9f38-6af58c65be05|rpc:10.1.0.4:33731|dataStream:|priority:0, 2c6e3e89-7bf7-4755-89d7-dad9f6a5f72c|rpc:10.1.0.4:40415|dataStream:|priority:1], old=null, confs=<EMPTY_MAP>
2022-03-14 12:17:41,951 [pool-133-thread-1] INFO  server.RaftServerConfigKeys (ConfUtils.java:logGet(44)) - raft.server.storage.dir = [/home/runner/work/ozone/ozone/hadoop-ozone/integration-test/target/test-dir/MiniOzoneClusterImpl-278953cb-1c57-4e8b-ba2f-5e3472d45912/datanode-1/data/ratis] (custom)
2022-03-14 12:17:41,951 [pool-133-thread-1] INFO  server.RaftServerConfigKeys (ConfUtils.java:logGet(44)) - raft.server.log.corruption.policy = EXCEPTION (default)
2022-03-14 12:17:41,951 [pool-133-thread-1] INFO  server.RaftServerConfigKeys (ConfUtils.java:logGet(44)) - raft.server.storage.free-space.min = 0MB (=0) (default)
2022-03-14 12:17:41,951 [pool-133-thread-1] INFO  storage.RaftStorageDirectory (RaftStorageDirectoryImpl.java:analyzeStorage(135)) - The storage directory /home/runner/work/ozone/ozone/hadoop-ozone/integration-test/target/test-dir/MiniOzoneClusterImpl-278953cb-1c57-4e8b-ba2f-5e3472d45912/datanode-1/data/ratis/ba9f3bb6-7229-4db7-a40e-2d2eb3f1b165 does not exist. Creating ...
2022-03-14 12:17:41,953 [pool-133-thread-1] INFO  storage.RaftStorageDirectory (RaftStorageDirectoryImpl.java:tryLock(230)) - Lock on /home/runner/work/ozone/ozone/hadoop-ozone/integration-test/target/test-dir/MiniOzoneClusterImpl-278953cb-1c57-4e8b-ba2f-5e3472d45912/datanode-1/data/ratis/ba9f3bb6-7229-4db7-a40e-2d2eb3f1b165/in_use.lock acquired by nodename 10847@fv-az291-848
2022-03-14 12:17:41,955 [pool-133-thread-1] INFO  storage.RaftStorage (RaftStorageImpl.java:format(89)) - Storage directory /home/runner/work/ozone/ozone/hadoop-ozone/integration-test/target/test-dir/MiniOzoneClusterImpl-278953cb-1c57-4e8b-ba2f-5e3472d45912/datanode-1/data/ratis/ba9f3bb6-7229-4db7-a40e-2d2eb3f1b165 has been successfully formatted.
2022-03-14 12:17:41,956 [pool-133-thread-1] INFO  ratis.ContainerStateMachine (ContainerStateMachine.java:loadSnapshot(236)) - group-2D2EB3F1B165: The snapshot info is null. Setting the last applied indexto:(t:0, i:~)
2022-03-14 12:17:41,957 [pool-133-thread-1] INFO  server.RaftServerConfigKeys (ConfUtils.java:logGet(44)) - raft.server.notification.no-leader.timeout = 300s (custom)
2022-03-14 12:17:41,957 [pool-133-thread-1] INFO  server.RaftServerConfigKeys (ConfUtils.java:logGet(44)) - raft.server.log.use.memory = false (default)
2022-03-14 12:17:41,957 [pool-133-thread-1] INFO  server.RaftServerConfigKeys (ConfUtils.java:logGet(44)) - raft.server.log.purge.gap = 1000000 (custom)
2022-03-14 12:17:41,958 [pool-133-thread-1] INFO  server.RaftServerConfigKeys (ConfUtils.java:logGet(44)) - raft.server.log.appender.buffer.byte-limit = 33554432 (custom)
2022-03-14 12:17:41,964 [pool-133-thread-1] INFO  server.RaftServerConfigKeys (ConfUtils.java:logGet(44)) - raft.server.log.segment.size.max = 1048576 (custom)
2022-03-14 12:17:41,965 [pool-133-thread-1] INFO  server.RaftServerConfigKeys (ConfUtils.java:logGet(44)) - raft.server.log.segment.cache.num.max = 2 (custom)
2022-03-14 12:17:41,965 [pool-133-thread-1] INFO  server.RaftServerConfigKeys (ConfUtils.java:logGet(44)) - raft.server.log.segment.cache.size.max = 200MB (=209715200) (default)
2022-03-14 12:17:41,966 [pool-133-thread-1] INFO  segmented.SegmentedRaftLogWorker (SegmentedRaftLogWorker.java:<init>(182)) - new 2f089a79-715b-4bd1-9f38-6af58c65be05@group-2D2EB3F1B165-SegmentedRaftLogWorker for RaftStorageImpl:Storage Directory /home/runner/work/ozone/ozone/hadoop-ozone/integration-test/target/test-dir/MiniOzoneClusterImpl-278953cb-1c57-4e8b-ba2f-5e3472d45912/datanode-1/data/ratis/ba9f3bb6-7229-4db7-a40e-2d2eb3f1b165
2022-03-14 12:17:41,966 [pool-133-thread-1] INFO  server.RaftServerConfigKeys (ConfUtils.java:logGet(44)) - raft.server.log.queue.byte-limit = 4294967296 (custom)
2022-03-14 12:17:41,966 [pool-133-thread-1] INFO  server.RaftServerConfigKeys (ConfUtils.java:logGet(44)) - raft.server.log.queue.element-limit = 1024 (custom)
2022-03-14 12:17:41,966 [pool-133-thread-1] INFO  server.RaftServerConfigKeys (ConfUtils.java:logGet(44)) - raft.server.log.segment.size.max = 1048576 (custom)
2022-03-14 12:17:41,966 [pool-133-thread-1] INFO  server.RaftServerConfigKeys (ConfUtils.java:logGet(44)) - raft.server.log.preallocated.size = 16384 (custom)
2022-03-14 12:17:41,966 [pool-133-thread-1] INFO  server.RaftServerConfigKeys (ConfUtils.java:logGet(44)) - raft.server.log.force.sync.num = 128 (default)
2022-03-14 12:17:41,967 [pool-133-thread-1] INFO  server.RaftServerConfigKeys (ConfUtils.java:logGet(44)) - raft.server.log.statemachine.data.sync = true (default)
2022-03-14 12:17:41,967 [pool-133-thread-1] INFO  server.RaftServerConfigKeys (ConfUtils.java:logGet(44)) - raft.server.log.statemachine.data.sync.timeout = 10s (default)
2022-03-14 12:17:41,967 [pool-133-thread-1] INFO  server.RaftServerConfigKeys (ConfUtils.java:logGet(44)) - raft.server.log.statemachine.data.sync.timeout.retry = -1 (default)
2022-03-14 12:17:41,970 [pool-133-thread-1] INFO  server.RaftServerConfigKeys (ConfUtils.java:logGet(44)) - raft.server.log.write.buffer.size = 1048576 (custom)
2022-03-14 12:17:41,971 [pool-133-thread-1] INFO  server.RaftServerConfigKeys (ConfUtils.java:logGet(44)) - raft.server.log.statemachine.data.caching.enabled = true (custom)
2022-03-14 12:17:41,971 [pool-133-thread-1] INFO  segmented.SegmentedRaftLogWorker (SegmentedRaftLogWorker.java:lambda$new$0(133)) - 2f089a79-715b-4bd1-9f38-6af58c65be05@group-2D2EB3F1B165-SegmentedRaftLogWorker: flushIndex: setUnconditionally 0 -> -1
2022-03-14 12:17:41,971 [pool-133-thread-1] INFO  segmented.SegmentedRaftLogWorker (SegmentedRaftLogWorker.java:lambda$new$0(133)) - 2f089a79-715b-4bd1-9f38-6af58c65be05@group-2D2EB3F1B165-SegmentedRaftLogWorker: safeCacheEvictIndex: setUnconditionally 0 -> -1
2022-03-14 12:17:41,972 [pool-133-thread-1] INFO  server.RaftServerConfigKeys (ConfUtils.java:logGet(44)) - raft.server.snapshot.auto.trigger.enabled = true (custom)
2022-03-14 12:17:41,972 [pool-133-thread-1] INFO  server.RaftServerConfigKeys (ConfUtils.java:logGet(44)) - raft.server.snapshot.auto.trigger.threshold = 10000 (custom)
2022-03-14 12:17:41,972 [pool-133-thread-1] INFO  server.RaftServerConfigKeys (ConfUtils.java:logGet(44)) - raft.server.snapshot.retention.file.num = 5 (custom)
2022-03-14 12:17:41,972 [pool-133-thread-1] INFO  server.RaftServerConfigKeys (ConfUtils.java:logGet(44)) - raft.server.log.purge.upto.snapshot.index = false (default)
2022-03-14 12:17:41,972 [pool-133-thread-1] INFO  server.RaftServerConfigKeys (ConfUtils.java:logGet(44)) - raft.server.retrycache.expirytime = 600000ms (custom)
2022-03-14 12:17:41,972 [pool-133-thread-1] INFO  server.RaftServerConfigKeys (ConfUtils.java:logGet(44)) - raft.server.retrycache.statistics.expirytime = 100μs (default)
2022-03-14 12:17:41,973 [pool-133-thread-1] INFO  server.RaftServer$Division (RaftServerImpl.java:start(301)) - 2f089a79-715b-4bd1-9f38-6af58c65be05@group-2D2EB3F1B165: start as a follower, conf=-1: [3d74c5ad-bb9c-4739-895f-0556a3b9901a|rpc:10.1.0.4:41111|dataStream:|priority:0, 2f089a79-715b-4bd1-9f38-6af58c65be05|rpc:10.1.0.4:33731|dataStream:|priority:0, 2c6e3e89-7bf7-4755-89d7-dad9f6a5f72c|rpc:10.1.0.4:40415|dataStream:|priority:1], old=null
2022-03-14 12:17:41,973 [pool-133-thread-1] INFO  server.RaftServer$Division (RaftServerImpl.java:setRole(290)) - 2f089a79-715b-4bd1-9f38-6af58c65be05@group-2D2EB3F1B165: changes role from      null to FOLLOWER at term 0 for startAsFollower
2022-03-14 12:17:41,974 [pool-133-thread-1] INFO  impl.RoleInfo (RoleInfo.java:updateAndGet(130)) - 2f089a79-715b-4bd1-9f38-6af58c65be05: start 2f089a79-715b-4bd1-9f38-6af58c65be05@group-2D2EB3F1B165-FollowerState
2022-03-14 12:17:41,974 [pool-133-thread-1] INFO  util.JmxRegister (JmxRegister.java:tryRegister(44)) - Successfully registered JMX Bean with object name Ratis:service=RaftServer,group=group-2D2EB3F1B165,id=2f089a79-715b-4bd1-9f38-6af58c65be05
2022-03-14 12:17:41,982 [Command processor thread] INFO  commandhandler.CreatePipelineCommandHandler (CreatePipelineCommandHandler.java:handle(106)) - Created Pipeline RATIS THREE PipelineID=ba9f3bb6-7229-4db7-a40e-2d2eb3f1b165.
2022-03-14 12:17:41,982 [Command processor thread] INFO  server.RaftServer (RaftServerProxy.java:addNew(95)) - 3d74c5ad-bb9c-4739-895f-0556a3b9901a: addNew group-C07123ECEBA5:[3d74c5ad-bb9c-4739-895f-0556a3b9901a|rpc:10.1.0.4:41111|priority:1, 2f089a79-715b-4bd1-9f38-6af58c65be05|rpc:10.1.0.4:33731|priority:0, 2c6e3e89-7bf7-4755-89d7-dad9f6a5f72c|rpc:10.1.0.4:40415|priority:0] returns group-C07123ECEBA5:java.util.concurrent.CompletableFuture@55cdb836[Not completed]
2022-03-14 12:17:41,984 [pool-112-thread-1] INFO  server.RaftServer$Division (RaftServerImpl.java:<init>(184)) - 3d74c5ad-bb9c-4739-895f-0556a3b9901a: new RaftServerImpl for group-C07123ECEBA5:[3d74c5ad-bb9c-4739-895f-0556a3b9901a|rpc:10.1.0.4:41111|priority:1, 2f089a79-715b-4bd1-9f38-6af58c65be05|rpc:10.1.0.4:33731|priority:0, 2c6e3e89-7bf7-4755-89d7-dad9f6a5f72c|rpc:10.1.0.4:40415|priority:0] with ContainerStateMachine:uninitialized
2022-03-14 12:17:41,984 [pool-112-thread-1] INFO  server.RaftServerConfigKeys (ConfUtils.java:logGet(44)) - raft.server.rpc.timeout.min = 5s (custom)
2022-03-14 12:17:41,984 [pool-112-thread-1] INFO  server.RaftServerConfigKeys (ConfUtils.java:logGet(44)) - raft.server.rpc.timeout.max = 5200ms (custom)
2022-03-14 12:17:41,984 [pool-112-thread-1] INFO  server.RaftServerConfigKeys (ConfUtils.java:logGet(44)) - raft.server.rpc.sleep.time = 25ms (default)
2022-03-14 12:17:41,984 [pool-112-thread-1] INFO  server.RaftServerConfigKeys (ConfUtils.java:logGet(44)) - raft.server.rpc.slowness.timeout = 300s (custom)
2022-03-14 12:17:41,984 [pool-112-thread-1] INFO  server.RaftServerConfigKeys (ConfUtils.java:logGet(44)) - raft.server.leaderelection.leader.step-down.wait-time = 10s (default)
2022-03-14 12:17:41,984 [pool-112-thread-1] INFO  server.RaftServerConfigKeys (ConfUtils.java:logGet(44)) - raft.server.sleep.deviation.threshold = 300ms (default)
2022-03-14 12:17:41,984 [pool-112-thread-1] INFO  server.RaftServerConfigKeys (ConfUtils.java:logGet(44)) - raft.server.log.appender.install.snapshot.enabled = false (custom)
2022-03-14 12:17:41,984 [pool-112-thread-1] INFO  server.RaftServer$Division (ServerState.java:<init>(105)) - 3d74c5ad-bb9c-4739-895f-0556a3b9901a@group-C07123ECEBA5: ConfigurationManager, init=-1: [3d74c5ad-bb9c-4739-895f-0556a3b9901a|rpc:10.1.0.4:41111|priority:1, 2f089a79-715b-4bd1-9f38-6af58c65be05|rpc:10.1.0.4:33731|priority:0, 2c6e3e89-7bf7-4755-89d7-dad9f6a5f72c|rpc:10.1.0.4:40415|priority:0], old=null, confs=<EMPTY_MAP>
2022-03-14 12:17:41,984 [pool-112-thread-1] INFO  server.RaftServerConfigKeys (ConfUtils.java:logGet(44)) - raft.server.storage.dir = [/home/runner/work/ozone/ozone/hadoop-ozone/integration-test/target/test-dir/MiniOzoneClusterImpl-278953cb-1c57-4e8b-ba2f-5e3472d45912/datanode-0/data/ratis] (custom)
2022-03-14 12:17:41,984 [pool-112-thread-1] INFO  server.RaftServerConfigKeys (ConfUtils.java:logGet(44)) - raft.server.log.corruption.policy = EXCEPTION (default)
2022-03-14 12:17:41,984 [pool-112-thread-1] INFO  server.RaftServerConfigKeys (ConfUtils.java:logGet(44)) - raft.server.storage.free-space.min = 0MB (=0) (default)
2022-03-14 12:17:41,984 [pool-112-thread-1] INFO  storage.RaftStorageDirectory (RaftStorageDirectoryImpl.java:analyzeStorage(135)) - The storage directory /home/runner/work/ozone/ozone/hadoop-ozone/integration-test/target/test-dir/MiniOzoneClusterImpl-278953cb-1c57-4e8b-ba2f-5e3472d45912/datanode-0/data/ratis/db11fbf8-e1a7-4ccd-8223-c07123eceba5 does not exist. Creating ...
2022-03-14 12:17:41,986 [pool-112-thread-1] INFO  storage.RaftStorageDirectory (RaftStorageDirectoryImpl.java:tryLock(230)) - Lock on /home/runner/work/ozone/ozone/hadoop-ozone/integration-test/target/test-dir/MiniOzoneClusterImpl-278953cb-1c57-4e8b-ba2f-5e3472d45912/datanode-0/data/ratis/db11fbf8-e1a7-4ccd-8223-c07123eceba5/in_use.lock acquired by nodename 10847@fv-az291-848
2022-03-14 12:17:41,987 [pool-112-thread-1] INFO  storage.RaftStorage (RaftStorageImpl.java:format(89)) - Storage directory /home/runner/work/ozone/ozone/hadoop-ozone/integration-test/target/test-dir/MiniOzoneClusterImpl-278953cb-1c57-4e8b-ba2f-5e3472d45912/datanode-0/data/ratis/db11fbf8-e1a7-4ccd-8223-c07123eceba5 has been successfully formatted.
2022-03-14 12:17:41,987 [pool-112-thread-1] INFO  ratis.ContainerStateMachine (ContainerStateMachine.java:loadSnapshot(236)) - group-C07123ECEBA5: The snapshot info is null. Setting the last applied indexto:(t:0, i:~)
2022-03-14 12:17:41,987 [pool-112-thread-1] INFO  server.RaftServerConfigKeys (ConfUtils.java:logGet(44)) - raft.server.notification.no-leader.timeout = 300s (custom)
2022-03-14 12:17:41,987 [pool-112-thread-1] INFO  server.RaftServerConfigKeys (ConfUtils.java:logGet(44)) - raft.server.log.use.memory = false (default)
2022-03-14 12:17:41,987 [pool-112-thread-1] INFO  server.RaftServerConfigKeys (ConfUtils.java:logGet(44)) - raft.server.log.purge.gap = 1000000 (custom)
2022-03-14 12:17:41,987 [pool-112-thread-1] INFO  server.RaftServerConfigKeys (ConfUtils.java:logGet(44)) - raft.server.log.appender.buffer.byte-limit = 33554432 (custom)
2022-03-14 12:17:41,988 [pool-112-thread-1] INFO  server.RaftServerConfigKeys (ConfUtils.java:logGet(44)) - raft.server.log.segment.size.max = 1048576 (custom)
2022-03-14 12:17:41,989 [pool-112-thread-1] INFO  server.RaftServerConfigKeys (ConfUtils.java:logGet(44)) - raft.server.log.segment.cache.num.max = 2 (custom)
2022-03-14 12:17:41,989 [EventQueue-OpenPipelineForHealthyPipelineSafeModeRule] INFO  safemode.SCMSafeModeManager (HealthyPipelineSafeModeRule.java:process(124)) - SCM in safe mode. Healthy pipelines reported count is 0, required healthy pipeline reported count is 1
2022-03-14 12:17:41,989 [pool-112-thread-1] INFO  server.RaftServerConfigKeys (ConfUtils.java:logGet(44)) - raft.server.log.segment.cache.size.max = 200MB (=209715200) (default)
2022-03-14 12:17:41,990 [pool-112-thread-1] INFO  segmented.SegmentedRaftLogWorker (SegmentedRaftLogWorker.java:<init>(182)) - new 3d74c5ad-bb9c-4739-895f-0556a3b9901a@group-C07123ECEBA5-SegmentedRaftLogWorker for RaftStorageImpl:Storage Directory /home/runner/work/ozone/ozone/hadoop-ozone/integration-test/target/test-dir/MiniOzoneClusterImpl-278953cb-1c57-4e8b-ba2f-5e3472d45912/datanode-0/data/ratis/db11fbf8-e1a7-4ccd-8223-c07123eceba5
2022-03-14 12:17:41,990 [pool-112-thread-1] INFO  server.RaftServerConfigKeys (ConfUtils.java:logGet(44)) - raft.server.log.queue.byte-limit = 4294967296 (custom)
2022-03-14 12:17:41,990 [pool-112-thread-1] INFO  server.RaftServerConfigKeys (ConfUtils.java:logGet(44)) - raft.server.log.queue.element-limit = 1024 (custom)
2022-03-14 12:17:41,990 [pool-112-thread-1] INFO  server.RaftServerConfigKeys (ConfUtils.java:logGet(44)) - raft.server.log.segment.size.max = 1048576 (custom)
2022-03-14 12:17:41,990 [pool-112-thread-1] INFO  server.RaftServerConfigKeys (ConfUtils.java:logGet(44)) - raft.server.log.preallocated.size = 16384 (custom)
2022-03-14 12:17:41,990 [pool-112-thread-1] INFO  server.RaftServerConfigKeys (ConfUtils.java:logGet(44)) - raft.server.log.force.sync.num = 128 (default)
2022-03-14 12:17:41,990 [pool-112-thread-1] INFO  server.RaftServerConfigKeys (ConfUtils.java:logGet(44)) - raft.server.log.statemachine.data.sync = true (default)
2022-03-14 12:17:41,990 [pool-112-thread-1] INFO  server.RaftServerConfigKeys (ConfUtils.java:logGet(44)) - raft.server.log.statemachine.data.sync.timeout = 10s (default)
2022-03-14 12:17:41,990 [pool-112-thread-1] INFO  server.RaftServerConfigKeys (ConfUtils.java:logGet(44)) - raft.server.log.statemachine.data.sync.timeout.retry = -1 (default)
2022-03-14 12:17:41,991 [pool-112-thread-1] INFO  server.RaftServerConfigKeys (ConfUtils.java:logGet(44)) - raft.server.log.write.buffer.size = 1048576 (custom)
2022-03-14 12:17:41,991 [pool-112-thread-1] INFO  server.RaftServerConfigKeys (ConfUtils.java:logGet(44)) - raft.server.log.statemachine.data.caching.enabled = true (custom)
2022-03-14 12:17:41,991 [pool-112-thread-1] INFO  segmented.SegmentedRaftLogWorker (SegmentedRaftLogWorker.java:lambda$new$0(133)) - 3d74c5ad-bb9c-4739-895f-0556a3b9901a@group-C07123ECEBA5-SegmentedRaftLogWorker: flushIndex: setUnconditionally 0 -> -1
2022-03-14 12:17:41,991 [pool-112-thread-1] INFO  segmented.SegmentedRaftLogWorker (SegmentedRaftLogWorker.java:lambda$new$0(133)) - 3d74c5ad-bb9c-4739-895f-0556a3b9901a@group-C07123ECEBA5-SegmentedRaftLogWorker: safeCacheEvictIndex: setUnconditionally 0 -> -1
2022-03-14 12:17:41,992 [pool-112-thread-1] INFO  server.RaftServerConfigKeys (ConfUtils.java:logGet(44)) - raft.server.snapshot.auto.trigger.enabled = true (custom)
2022-03-14 12:17:41,992 [pool-112-thread-1] INFO  server.RaftServerConfigKeys (ConfUtils.java:logGet(44)) - raft.server.snapshot.auto.trigger.threshold = 10000 (custom)
2022-03-14 12:17:41,992 [pool-112-thread-1] INFO  server.RaftServerConfigKeys (ConfUtils.java:logGet(44)) - raft.server.snapshot.retention.file.num = 5 (custom)
2022-03-14 12:17:41,992 [pool-112-thread-1] INFO  server.RaftServerConfigKeys (ConfUtils.java:logGet(44)) - raft.server.log.purge.upto.snapshot.index = false (default)
2022-03-14 12:17:41,992 [pool-112-thread-1] INFO  server.RaftServerConfigKeys (ConfUtils.java:logGet(44)) - raft.server.retrycache.expirytime = 600000ms (custom)
2022-03-14 12:17:41,992 [pool-112-thread-1] INFO  server.RaftServerConfigKeys (ConfUtils.java:logGet(44)) - raft.server.retrycache.statistics.expirytime = 100μs (default)
2022-03-14 12:17:41,993 [pool-112-thread-1] INFO  server.RaftServer$Division (RaftServerImpl.java:start(301)) - 3d74c5ad-bb9c-4739-895f-0556a3b9901a@group-C07123ECEBA5: start as a follower, conf=-1: [3d74c5ad-bb9c-4739-895f-0556a3b9901a|rpc:10.1.0.4:41111|priority:1, 2f089a79-715b-4bd1-9f38-6af58c65be05|rpc:10.1.0.4:33731|priority:0, 2c6e3e89-7bf7-4755-89d7-dad9f6a5f72c|rpc:10.1.0.4:40415|priority:0], old=null
2022-03-14 12:17:41,993 [pool-112-thread-1] INFO  server.RaftServer$Division (RaftServerImpl.java:setRole(290)) - 3d74c5ad-bb9c-4739-895f-0556a3b9901a@group-C07123ECEBA5: changes role from      null to FOLLOWER at term 0 for startAsFollower
2022-03-14 12:17:41,993 [pool-112-thread-1] INFO  impl.RoleInfo (RoleInfo.java:updateAndGet(130)) - 3d74c5ad-bb9c-4739-895f-0556a3b9901a: start 3d74c5ad-bb9c-4739-895f-0556a3b9901a@group-C07123ECEBA5-FollowerState
2022-03-14 12:17:41,993 [pool-112-thread-1] INFO  util.JmxRegister (JmxRegister.java:tryRegister(44)) - Successfully registered JMX Bean with object name Ratis:service=RaftServer,group=group-C07123ECEBA5,id=3d74c5ad-bb9c-4739-895f-0556a3b9901a
2022-03-14 12:17:41,994 [Command processor thread] INFO  ratis.XceiverServerRatis (XceiverServerRatis.java:addGroup(771)) - Created group PipelineID=db11fbf8-e1a7-4ccd-8223-c07123eceba5
2022-03-14 12:17:42,002 [grpc-default-executor-5] INFO  server.RaftServer (RaftServerProxy.java:addNew(95)) - 2c6e3e89-7bf7-4755-89d7-dad9f6a5f72c: addNew group-C07123ECEBA5:[3d74c5ad-bb9c-4739-895f-0556a3b9901a|rpc:10.1.0.4:41111|dataStream:|priority:1, 2f089a79-715b-4bd1-9f38-6af58c65be05|rpc:10.1.0.4:33731|dataStream:|priority:0, 2c6e3e89-7bf7-4755-89d7-dad9f6a5f72c|rpc:10.1.0.4:40415|dataStream:|priority:0] returns group-C07123ECEBA5:java.util.concurrent.CompletableFuture@d2d14da[Not completed]
2022-03-14 12:17:42,004 [pool-154-thread-1] INFO  server.RaftServer$Division (RaftServerImpl.java:<init>(184)) - 2c6e3e89-7bf7-4755-89d7-dad9f6a5f72c: new RaftServerImpl for group-C07123ECEBA5:[3d74c5ad-bb9c-4739-895f-0556a3b9901a|rpc:10.1.0.4:41111|dataStream:|priority:1, 2f089a79-715b-4bd1-9f38-6af58c65be05|rpc:10.1.0.4:33731|dataStream:|priority:0, 2c6e3e89-7bf7-4755-89d7-dad9f6a5f72c|rpc:10.1.0.4:40415|dataStream:|priority:0] with ContainerStateMachine:uninitialized
2022-03-14 12:17:42,004 [pool-154-thread-1] INFO  server.RaftServerConfigKeys (ConfUtils.java:logGet(44)) - raft.server.rpc.timeout.min = 5s (custom)
2022-03-14 12:17:42,004 [pool-154-thread-1] INFO  server.RaftServerConfigKeys (ConfUtils.java:logGet(44)) - raft.server.rpc.timeout.max = 5200ms (custom)
2022-03-14 12:17:42,004 [pool-154-thread-1] INFO  server.RaftServerConfigKeys (ConfUtils.java:logGet(44)) - raft.server.rpc.sleep.time = 25ms (default)
2022-03-14 12:17:42,004 [pool-154-thread-1] INFO  server.RaftServerConfigKeys (ConfUtils.java:logGet(44)) - raft.server.rpc.slowness.timeout = 300s (custom)
2022-03-14 12:17:42,004 [pool-154-thread-1] INFO  server.RaftServerConfigKeys (ConfUtils.java:logGet(44)) - raft.server.leaderelection.leader.step-down.wait-time = 10s (default)
2022-03-14 12:17:42,004 [pool-154-thread-1] INFO  server.RaftServerConfigKeys (ConfUtils.java:logGet(44)) - raft.server.sleep.deviation.threshold = 300ms (default)
2022-03-14 12:17:42,004 [pool-154-thread-1] INFO  server.RaftServerConfigKeys (ConfUtils.java:logGet(44)) - raft.server.log.appender.install.snapshot.enabled = false (custom)
2022-03-14 12:17:42,004 [pool-154-thread-1] INFO  server.RaftServer$Division (ServerState.java:<init>(105)) - 2c6e3e89-7bf7-4755-89d7-dad9f6a5f72c@group-C07123ECEBA5: ConfigurationManager, init=-1: [3d74c5ad-bb9c-4739-895f-0556a3b9901a|rpc:10.1.0.4:41111|dataStream:|priority:1, 2f089a79-715b-4bd1-9f38-6af58c65be05|rpc:10.1.0.4:33731|dataStream:|priority:0, 2c6e3e89-7bf7-4755-89d7-dad9f6a5f72c|rpc:10.1.0.4:40415|dataStream:|priority:0], old=null, confs=<EMPTY_MAP>
2022-03-14 12:17:42,004 [pool-154-thread-1] INFO  server.RaftServerConfigKeys (ConfUtils.java:logGet(44)) - raft.server.storage.dir = [/home/runner/work/ozone/ozone/hadoop-ozone/integration-test/target/test-dir/MiniOzoneClusterImpl-278953cb-1c57-4e8b-ba2f-5e3472d45912/datanode-2/data/ratis] (custom)
2022-03-14 12:17:42,004 [pool-154-thread-1] INFO  server.RaftServerConfigKeys (ConfUtils.java:logGet(44)) - raft.server.log.corruption.policy = EXCEPTION (default)
2022-03-14 12:17:42,004 [pool-154-thread-1] INFO  server.RaftServerConfigKeys (ConfUtils.java:logGet(44)) - raft.server.storage.free-space.min = 0MB (=0) (default)
2022-03-14 12:17:42,004 [pool-154-thread-1] INFO  storage.RaftStorageDirectory (RaftStorageDirectoryImpl.java:analyzeStorage(135)) - The storage directory /home/runner/work/ozone/ozone/hadoop-ozone/integration-test/target/test-dir/MiniOzoneClusterImpl-278953cb-1c57-4e8b-ba2f-5e3472d45912/datanode-2/data/ratis/db11fbf8-e1a7-4ccd-8223-c07123eceba5 does not exist. Creating ...
2022-03-14 12:17:42,006 [pool-154-thread-1] INFO  storage.RaftStorageDirectory (RaftStorageDirectoryImpl.java:tryLock(230)) - Lock on /home/runner/work/ozone/ozone/hadoop-ozone/integration-test/target/test-dir/MiniOzoneClusterImpl-278953cb-1c57-4e8b-ba2f-5e3472d45912/datanode-2/data/ratis/db11fbf8-e1a7-4ccd-8223-c07123eceba5/in_use.lock acquired by nodename 10847@fv-az291-848
2022-03-14 12:17:42,007 [pool-154-thread-1] INFO  storage.RaftStorage (RaftStorageImpl.java:format(89)) - Storage directory /home/runner/work/ozone/ozone/hadoop-ozone/integration-test/target/test-dir/MiniOzoneClusterImpl-278953cb-1c57-4e8b-ba2f-5e3472d45912/datanode-2/data/ratis/db11fbf8-e1a7-4ccd-8223-c07123eceba5 has been successfully formatted.
2022-03-14 12:17:42,008 [pool-154-thread-1] INFO  ratis.ContainerStateMachine (ContainerStateMachine.java:loadSnapshot(236)) - group-C07123ECEBA5: The snapshot info is null. Setting the last applied indexto:(t:0, i:~)
2022-03-14 12:17:42,008 [pool-154-thread-1] INFO  server.RaftServerConfigKeys (ConfUtils.java:logGet(44)) - raft.server.notification.no-leader.timeout = 300s (custom)
2022-03-14 12:17:42,008 [pool-154-thread-1] INFO  server.RaftServerConfigKeys (ConfUtils.java:logGet(44)) - raft.server.log.use.memory = false (default)
2022-03-14 12:17:42,009 [pool-154-thread-1] INFO  server.RaftServerConfigKeys (ConfUtils.java:logGet(44)) - raft.server.log.purge.gap = 1000000 (custom)
2022-03-14 12:17:42,009 [pool-154-thread-1] INFO  server.RaftServerConfigKeys (ConfUtils.java:logGet(44)) - raft.server.log.appender.buffer.byte-limit = 33554432 (custom)
2022-03-14 12:17:42,009 [pool-154-thread-1] INFO  server.RaftServerConfigKeys (ConfUtils.java:logGet(44)) - raft.server.log.segment.size.max = 1048576 (custom)
2022-03-14 12:17:42,009 [pool-154-thread-1] INFO  server.RaftServerConfigKeys (ConfUtils.java:logGet(44)) - raft.server.log.segment.cache.num.max = 2 (custom)
2022-03-14 12:17:42,009 [pool-154-thread-1] INFO  server.RaftServerConfigKeys (ConfUtils.java:logGet(44)) - raft.server.log.segment.cache.size.max = 200MB (=209715200) (default)
2022-03-14 12:17:42,009 [pool-154-thread-1] INFO  segmented.SegmentedRaftLogWorker (SegmentedRaftLogWorker.java:<init>(182)) - new 2c6e3e89-7bf7-4755-89d7-dad9f6a5f72c@group-C07123ECEBA5-SegmentedRaftLogWorker for RaftStorageImpl:Storage Directory /home/runner/work/ozone/ozone/hadoop-ozone/integration-test/target/test-dir/MiniOzoneClusterImpl-278953cb-1c57-4e8b-ba2f-5e3472d45912/datanode-2/data/ratis/db11fbf8-e1a7-4ccd-8223-c07123eceba5
2022-03-14 12:17:42,010 [pool-154-thread-1] INFO  server.RaftServerConfigKeys (ConfUtils.java:logGet(44)) - raft.server.log.queue.byte-limit = 4294967296 (custom)
2022-03-14 12:17:42,010 [pool-154-thread-1] INFO  server.RaftServerConfigKeys (ConfUtils.java:logGet(44)) - raft.server.log.queue.element-limit = 1024 (custom)
2022-03-14 12:17:42,010 [pool-154-thread-1] INFO  server.RaftServerConfigKeys (ConfUtils.java:logGet(44)) - raft.server.log.segment.size.max = 1048576 (custom)
2022-03-14 12:17:42,010 [pool-154-thread-1] INFO  server.RaftServerConfigKeys (ConfUtils.java:logGet(44)) - raft.server.log.preallocated.size = 16384 (custom)
2022-03-14 12:17:42,010 [pool-154-thread-1] INFO  server.RaftServerConfigKeys (ConfUtils.java:logGet(44)) - raft.server.log.force.sync.num = 128 (default)
2022-03-14 12:17:42,010 [pool-154-thread-1] INFO  server.RaftServerConfigKeys (ConfUtils.java:logGet(44)) - raft.server.log.statemachine.data.sync = true (default)
2022-03-14 12:17:42,010 [pool-154-thread-1] INFO  server.RaftServerConfigKeys (ConfUtils.java:logGet(44)) - raft.server.log.statemachine.data.sync.timeout = 10s (default)
2022-03-14 12:17:42,010 [pool-154-thread-1] INFO  server.RaftServerConfigKeys (ConfUtils.java:logGet(44)) - raft.server.log.statemachine.data.sync.timeout.retry = -1 (default)
2022-03-14 12:17:42,012 [pool-154-thread-1] INFO  server.RaftServerConfigKeys (ConfUtils.java:logGet(44)) - raft.server.log.write.buffer.size = 1048576 (custom)
2022-03-14 12:17:42,013 [pool-154-thread-1] INFO  server.RaftServerConfigKeys (ConfUtils.java:logGet(44)) - raft.server.log.statemachine.data.caching.enabled = true (custom)
2022-03-14 12:17:42,014 [pool-154-thread-1] INFO  segmented.SegmentedRaftLogWorker (SegmentedRaftLogWorker.java:lambda$new$0(133)) - 2c6e3e89-7bf7-4755-89d7-dad9f6a5f72c@group-C07123ECEBA5-SegmentedRaftLogWorker: flushIndex: setUnconditionally 0 -> -1
2022-03-14 12:17:42,014 [pool-154-thread-1] INFO  segmented.SegmentedRaftLogWorker (SegmentedRaftLogWorker.java:lambda$new$0(133)) - 2c6e3e89-7bf7-4755-89d7-dad9f6a5f72c@group-C07123ECEBA5-SegmentedRaftLogWorker: safeCacheEvictIndex: setUnconditionally 0 -> -1
2022-03-14 12:17:42,018 [pool-154-thread-1] INFO  server.RaftServerConfigKeys (ConfUtils.java:logGet(44)) - raft.server.snapshot.auto.trigger.enabled = true (custom)
2022-03-14 12:17:42,018 [pool-154-thread-1] INFO  server.RaftServerConfigKeys (ConfUtils.java:logGet(44)) - raft.server.snapshot.auto.trigger.threshold = 10000 (custom)
2022-03-14 12:17:42,019 [pool-154-thread-1] INFO  server.RaftServerConfigKeys (ConfUtils.java:logGet(44)) - raft.server.snapshot.retention.file.num = 5 (custom)
2022-03-14 12:17:42,019 [pool-154-thread-1] INFO  server.RaftServerConfigKeys (ConfUtils.java:logGet(44)) - raft.server.log.purge.upto.snapshot.index = false (default)
2022-03-14 12:17:42,020 [pool-154-thread-1] INFO  server.RaftServerConfigKeys (ConfUtils.java:logGet(44)) - raft.server.retrycache.expirytime = 600000ms (custom)
2022-03-14 12:17:42,020 [pool-154-thread-1] INFO  server.RaftServerConfigKeys (ConfUtils.java:logGet(44)) - raft.server.retrycache.statistics.expirytime = 100μs (default)
2022-03-14 12:17:42,026 [pool-154-thread-1] INFO  server.RaftServer$Division (RaftServerImpl.java:start(301)) - 2c6e3e89-7bf7-4755-89d7-dad9f6a5f72c@group-C07123ECEBA5: start as a follower, conf=-1: [3d74c5ad-bb9c-4739-895f-0556a3b9901a|rpc:10.1.0.4:41111|dataStream:|priority:1, 2f089a79-715b-4bd1-9f38-6af58c65be05|rpc:10.1.0.4:33731|dataStream:|priority:0, 2c6e3e89-7bf7-4755-89d7-dad9f6a5f72c|rpc:10.1.0.4:40415|dataStream:|priority:0], old=null
2022-03-14 12:17:42,027 [pool-154-thread-1] INFO  server.RaftServer$Division (RaftServerImpl.java:setRole(290)) - 2c6e3e89-7bf7-4755-89d7-dad9f6a5f72c@group-C07123ECEBA5: changes role from      null to FOLLOWER at term 0 for startAsFollower
2022-03-14 12:17:42,028 [pool-154-thread-1] INFO  impl.RoleInfo (RoleInfo.java:updateAndGet(130)) - 2c6e3e89-7bf7-4755-89d7-dad9f6a5f72c: start 2c6e3e89-7bf7-4755-89d7-dad9f6a5f72c@group-C07123ECEBA5-FollowerState
2022-03-14 12:17:42,030 [pool-154-thread-1] INFO  util.JmxRegister (JmxRegister.java:tryRegister(44)) - Successfully registered JMX Bean with object name Ratis:service=RaftServer,group=group-C07123ECEBA5,id=2c6e3e89-7bf7-4755-89d7-dad9f6a5f72c
2022-03-14 12:17:42,058 [grpc-default-executor-5] INFO  server.RaftServer (RaftServerProxy.java:addNew(95)) - 2f089a79-715b-4bd1-9f38-6af58c65be05: addNew group-C07123ECEBA5:[3d74c5ad-bb9c-4739-895f-0556a3b9901a|rpc:10.1.0.4:41111|dataStream:|priority:1, 2f089a79-715b-4bd1-9f38-6af58c65be05|rpc:10.1.0.4:33731|dataStream:|priority:0, 2c6e3e89-7bf7-4755-89d7-dad9f6a5f72c|rpc:10.1.0.4:40415|dataStream:|priority:0] returns group-C07123ECEBA5:java.util.concurrent.CompletableFuture@33c33fd7[Not completed]
2022-03-14 12:17:42,060 [pool-133-thread-1] INFO  server.RaftServer$Division (RaftServerImpl.java:<init>(184)) - 2f089a79-715b-4bd1-9f38-6af58c65be05: new RaftServerImpl for group-C07123ECEBA5:[3d74c5ad-bb9c-4739-895f-0556a3b9901a|rpc:10.1.0.4:41111|dataStream:|priority:1, 2f089a79-715b-4bd1-9f38-6af58c65be05|rpc:10.1.0.4:33731|dataStream:|priority:0, 2c6e3e89-7bf7-4755-89d7-dad9f6a5f72c|rpc:10.1.0.4:40415|dataStream:|priority:0] with ContainerStateMachine:uninitialized
2022-03-14 12:17:42,060 [pool-133-thread-1] INFO  server.RaftServerConfigKeys (ConfUtils.java:logGet(44)) - raft.server.rpc.timeout.min = 5s (custom)
2022-03-14 12:17:42,061 [pool-133-thread-1] INFO  server.RaftServerConfigKeys (ConfUtils.java:logGet(44)) - raft.server.rpc.timeout.max = 5200ms (custom)
2022-03-14 12:17:42,061 [pool-133-thread-1] INFO  server.RaftServerConfigKeys (ConfUtils.java:logGet(44)) - raft.server.rpc.sleep.time = 25ms (default)
2022-03-14 12:17:42,061 [pool-133-thread-1] INFO  server.RaftServerConfigKeys (ConfUtils.java:logGet(44)) - raft.server.rpc.slowness.timeout = 300s (custom)
2022-03-14 12:17:42,062 [pool-133-thread-1] INFO  server.RaftServerConfigKeys (ConfUtils.java:logGet(44)) - raft.server.leaderelection.leader.step-down.wait-time = 10s (default)
2022-03-14 12:17:42,062 [pool-133-thread-1] INFO  server.RaftServerConfigKeys (ConfUtils.java:logGet(44)) - raft.server.sleep.deviation.threshold = 300ms (default)
2022-03-14 12:17:42,062 [pool-133-thread-1] INFO  server.RaftServerConfigKeys (ConfUtils.java:logGet(44)) - raft.server.log.appender.install.snapshot.enabled = false (custom)
2022-03-14 12:17:42,063 [pool-133-thread-1] INFO  server.RaftServer$Division (ServerState.java:<init>(105)) - 2f089a79-715b-4bd1-9f38-6af58c65be05@group-C07123ECEBA5: ConfigurationManager, init=-1: [3d74c5ad-bb9c-4739-895f-0556a3b9901a|rpc:10.1.0.4:41111|dataStream:|priority:1, 2f089a79-715b-4bd1-9f38-6af58c65be05|rpc:10.1.0.4:33731|dataStream:|priority:0, 2c6e3e89-7bf7-4755-89d7-dad9f6a5f72c|rpc:10.1.0.4:40415|dataStream:|priority:0], old=null, confs=<EMPTY_MAP>
2022-03-14 12:17:42,063 [pool-133-thread-1] INFO  server.RaftServerConfigKeys (ConfUtils.java:logGet(44)) - raft.server.storage.dir = [/home/runner/work/ozone/ozone/hadoop-ozone/integration-test/target/test-dir/MiniOzoneClusterImpl-278953cb-1c57-4e8b-ba2f-5e3472d45912/datanode-1/data/ratis] (custom)
2022-03-14 12:17:42,064 [pool-133-thread-1] INFO  server.RaftServerConfigKeys (ConfUtils.java:logGet(44)) - raft.server.log.corruption.policy = EXCEPTION (default)
2022-03-14 12:17:42,064 [pool-133-thread-1] INFO  server.RaftServerConfigKeys (ConfUtils.java:logGet(44)) - raft.server.storage.free-space.min = 0MB (=0) (default)
2022-03-14 12:17:42,064 [pool-133-thread-1] INFO  storage.RaftStorageDirectory (RaftStorageDirectoryImpl.java:analyzeStorage(135)) - The storage directory /home/runner/work/ozone/ozone/hadoop-ozone/integration-test/target/test-dir/MiniOzoneClusterImpl-278953cb-1c57-4e8b-ba2f-5e3472d45912/datanode-1/data/ratis/db11fbf8-e1a7-4ccd-8223-c07123eceba5 does not exist. Creating ...
2022-03-14 12:17:42,065 [pool-133-thread-1] INFO  storage.RaftStorageDirectory (RaftStorageDirectoryImpl.java:tryLock(230)) - Lock on /home/runner/work/ozone/ozone/hadoop-ozone/integration-test/target/test-dir/MiniOzoneClusterImpl-278953cb-1c57-4e8b-ba2f-5e3472d45912/datanode-1/data/ratis/db11fbf8-e1a7-4ccd-8223-c07123eceba5/in_use.lock acquired by nodename 10847@fv-az291-848
2022-03-14 12:17:42,068 [pool-133-thread-1] INFO  storage.RaftStorage (RaftStorageImpl.java:format(89)) - Storage directory /home/runner/work/ozone/ozone/hadoop-ozone/integration-test/target/test-dir/MiniOzoneClusterImpl-278953cb-1c57-4e8b-ba2f-5e3472d45912/datanode-1/data/ratis/db11fbf8-e1a7-4ccd-8223-c07123eceba5 has been successfully formatted.
2022-03-14 12:17:42,068 [pool-133-thread-1] INFO  ratis.ContainerStateMachine (ContainerStateMachine.java:loadSnapshot(236)) - group-C07123ECEBA5: The snapshot info is null. Setting the last applied indexto:(t:0, i:~)
2022-03-14 12:17:42,068 [pool-133-thread-1] INFO  server.RaftServerConfigKeys (ConfUtils.java:logGet(44)) - raft.server.notification.no-leader.timeout = 300s (custom)
2022-03-14 12:17:42,068 [pool-133-thread-1] INFO  server.RaftServerConfigKeys (ConfUtils.java:logGet(44)) - raft.server.log.use.memory = false (default)
2022-03-14 12:17:42,068 [pool-133-thread-1] INFO  server.RaftServerConfigKeys (ConfUtils.java:logGet(44)) - raft.server.log.purge.gap = 1000000 (custom)
2022-03-14 12:17:42,068 [pool-133-thread-1] INFO  server.RaftServerConfigKeys (ConfUtils.java:logGet(44)) - raft.server.log.appender.buffer.byte-limit = 33554432 (custom)
2022-03-14 12:17:42,068 [pool-133-thread-1] INFO  server.RaftServerConfigKeys (ConfUtils.java:logGet(44)) - raft.server.log.segment.size.max = 1048576 (custom)
2022-03-14 12:17:42,072 [pool-133-thread-1] INFO  server.RaftServerConfigKeys (ConfUtils.java:logGet(44)) - raft.server.log.segment.cache.num.max = 2 (custom)
2022-03-14 12:17:42,072 [pool-133-thread-1] INFO  server.RaftServerConfigKeys (ConfUtils.java:logGet(44)) - raft.server.log.segment.cache.size.max = 200MB (=209715200) (default)
2022-03-14 12:17:42,072 [pool-133-thread-1] INFO  segmented.SegmentedRaftLogWorker (SegmentedRaftLogWorker.java:<init>(182)) - new 2f089a79-715b-4bd1-9f38-6af58c65be05@group-C07123ECEBA5-SegmentedRaftLogWorker for RaftStorageImpl:Storage Directory /home/runner/work/ozone/ozone/hadoop-ozone/integration-test/target/test-dir/MiniOzoneClusterImpl-278953cb-1c57-4e8b-ba2f-5e3472d45912/datanode-1/data/ratis/db11fbf8-e1a7-4ccd-8223-c07123eceba5
2022-03-14 12:17:42,072 [pool-133-thread-1] INFO  server.RaftServerConfigKeys (ConfUtils.java:logGet(44)) - raft.server.log.queue.byte-limit = 4294967296 (custom)
2022-03-14 12:17:42,072 [pool-133-thread-1] INFO  server.RaftServerConfigKeys (ConfUtils.java:logGet(44)) - raft.server.log.queue.element-limit = 1024 (custom)
2022-03-14 12:17:42,073 [pool-133-thread-1] INFO  server.RaftServerConfigKeys (ConfUtils.java:logGet(44)) - raft.server.log.segment.size.max = 1048576 (custom)
2022-03-14 12:17:42,073 [pool-133-thread-1] INFO  server.RaftServerConfigKeys (ConfUtils.java:logGet(44)) - raft.server.log.preallocated.size = 16384 (custom)
2022-03-14 12:17:42,073 [pool-133-thread-1] INFO  server.RaftServerConfigKeys (ConfUtils.java:logGet(44)) - raft.server.log.force.sync.num = 128 (default)
2022-03-14 12:17:42,073 [pool-133-thread-1] INFO  server.RaftServerConfigKeys (ConfUtils.java:logGet(44)) - raft.server.log.statemachine.data.sync = true (default)
2022-03-14 12:17:42,073 [pool-133-thread-1] INFO  server.RaftServerConfigKeys (ConfUtils.java:logGet(44)) - raft.server.log.statemachine.data.sync.timeout = 10s (default)
2022-03-14 12:17:42,078 [pool-133-thread-1] INFO  server.RaftServerConfigKeys (ConfUtils.java:logGet(44)) - raft.server.log.statemachine.data.sync.timeout.retry = -1 (default)
2022-03-14 12:17:42,078 [pool-133-thread-1] INFO  server.RaftServerConfigKeys (ConfUtils.java:logGet(44)) - raft.server.log.write.buffer.size = 1048576 (custom)
2022-03-14 12:17:42,080 [pool-133-thread-1] INFO  server.RaftServerConfigKeys (ConfUtils.java:logGet(44)) - raft.server.log.statemachine.data.caching.enabled = true (custom)
2022-03-14 12:17:42,080 [pool-133-thread-1] INFO  segmented.SegmentedRaftLogWorker (SegmentedRaftLogWorker.java:lambda$new$0(133)) - 2f089a79-715b-4bd1-9f38-6af58c65be05@group-C07123ECEBA5-SegmentedRaftLogWorker: flushIndex: setUnconditionally 0 -> -1
2022-03-14 12:17:42,080 [pool-133-thread-1] INFO  segmented.SegmentedRaftLogWorker (SegmentedRaftLogWorker.java:lambda$new$0(133)) - 2f089a79-715b-4bd1-9f38-6af58c65be05@group-C07123ECEBA5-SegmentedRaftLogWorker: safeCacheEvictIndex: setUnconditionally 0 -> -1
2022-03-14 12:17:42,082 [pool-133-thread-1] INFO  server.RaftServerConfigKeys (ConfUtils.java:logGet(44)) - raft.server.snapshot.auto.trigger.enabled = true (custom)
2022-03-14 12:17:42,082 [pool-133-thread-1] INFO  server.RaftServerConfigKeys (ConfUtils.java:logGet(44)) - raft.server.snapshot.auto.trigger.threshold = 10000 (custom)
2022-03-14 12:17:42,082 [pool-133-thread-1] INFO  server.RaftServerConfigKeys (ConfUtils.java:logGet(44)) - raft.server.snapshot.retention.file.num = 5 (custom)
2022-03-14 12:17:42,082 [pool-133-thread-1] INFO  server.RaftServerConfigKeys (ConfUtils.java:logGet(44)) - raft.server.log.purge.upto.snapshot.index = false (default)
2022-03-14 12:17:42,082 [pool-133-thread-1] INFO  server.RaftServerConfigKeys (ConfUtils.java:logGet(44)) - raft.server.retrycache.expirytime = 600000ms (custom)
2022-03-14 12:17:42,082 [pool-133-thread-1] INFO  server.RaftServerConfigKeys (ConfUtils.java:logGet(44)) - raft.server.retrycache.statistics.expirytime = 100μs (default)
2022-03-14 12:17:42,083 [pool-133-thread-1] INFO  server.RaftServer$Division (RaftServerImpl.java:start(301)) - 2f089a79-715b-4bd1-9f38-6af58c65be05@group-C07123ECEBA5: start as a follower, conf=-1: [3d74c5ad-bb9c-4739-895f-0556a3b9901a|rpc:10.1.0.4:41111|dataStream:|priority:1, 2f089a79-715b-4bd1-9f38-6af58c65be05|rpc:10.1.0.4:33731|dataStream:|priority:0, 2c6e3e89-7bf7-4755-89d7-dad9f6a5f72c|rpc:10.1.0.4:40415|dataStream:|priority:0], old=null
2022-03-14 12:17:42,084 [pool-133-thread-1] INFO  server.RaftServer$Division (RaftServerImpl.java:setRole(290)) - 2f089a79-715b-4bd1-9f38-6af58c65be05@group-C07123ECEBA5: changes role from      null to FOLLOWER at term 0 for startAsFollower
2022-03-14 12:17:42,084 [pool-133-thread-1] INFO  impl.RoleInfo (RoleInfo.java:updateAndGet(130)) - 2f089a79-715b-4bd1-9f38-6af58c65be05: start 2f089a79-715b-4bd1-9f38-6af58c65be05@group-C07123ECEBA5-FollowerState
2022-03-14 12:17:42,084 [pool-133-thread-1] INFO  util.JmxRegister (JmxRegister.java:tryRegister(44)) - Successfully registered JMX Bean with object name Ratis:service=RaftServer,group=group-C07123ECEBA5,id=2f089a79-715b-4bd1-9f38-6af58c65be05
2022-03-14 12:17:42,089 [Command processor thread] INFO  commandhandler.CreatePipelineCommandHandler (CreatePipelineCommandHandler.java:handle(106)) - Created Pipeline RATIS THREE PipelineID=db11fbf8-e1a7-4ccd-8223-c07123eceba5.
2022-03-14 12:17:42,206 [Command processor thread] INFO  server.RaftServer (RaftServerProxy.java:addNew(95)) - 2f089a79-715b-4bd1-9f38-6af58c65be05: addNew group-CC01C9A5DDCC:[2f089a79-715b-4bd1-9f38-6af58c65be05|rpc:10.1.0.4:33731|priority:1] returns group-CC01C9A5DDCC:java.util.concurrent.CompletableFuture@2e72b2a4[Not completed]
2022-03-14 12:17:42,208 [pool-133-thread-1] INFO  server.RaftServer$Division (RaftServerImpl.java:<init>(184)) - 2f089a79-715b-4bd1-9f38-6af58c65be05: new RaftServerImpl for group-CC01C9A5DDCC:[2f089a79-715b-4bd1-9f38-6af58c65be05|rpc:10.1.0.4:33731|priority:1] with ContainerStateMachine:uninitialized
2022-03-14 12:17:42,208 [pool-133-thread-1] INFO  server.RaftServerConfigKeys (ConfUtils.java:logGet(44)) - raft.server.rpc.timeout.min = 5s (custom)
2022-03-14 12:17:42,208 [pool-133-thread-1] INFO  server.RaftServerConfigKeys (ConfUtils.java:logGet(44)) - raft.server.rpc.timeout.max = 5200ms (custom)
2022-03-14 12:17:42,208 [pool-133-thread-1] INFO  server.RaftServerConfigKeys (ConfUtils.java:logGet(44)) - raft.server.rpc.sleep.time = 25ms (default)
2022-03-14 12:17:42,208 [pool-133-thread-1] INFO  server.RaftServerConfigKeys (ConfUtils.java:logGet(44)) - raft.server.rpc.slowness.timeout = 300s (custom)
2022-03-14 12:17:42,208 [pool-133-thread-1] INFO  server.RaftServerConfigKeys (ConfUtils.java:logGet(44)) - raft.server.leaderelection.leader.step-down.wait-time = 10s (default)
2022-03-14 12:17:42,208 [pool-133-thread-1] INFO  server.RaftServerConfigKeys (ConfUtils.java:logGet(44)) - raft.server.sleep.deviation.threshold = 300ms (default)
2022-03-14 12:17:42,208 [pool-133-thread-1] INFO  server.RaftServerConfigKeys (ConfUtils.java:logGet(44)) - raft.server.log.appender.install.snapshot.enabled = false (custom)
2022-03-14 12:17:42,208 [pool-133-thread-1] INFO  server.RaftServer$Division (ServerState.java:<init>(105)) - 2f089a79-715b-4bd1-9f38-6af58c65be05@group-CC01C9A5DDCC: ConfigurationManager, init=-1: [2f089a79-715b-4bd1-9f38-6af58c65be05|rpc:10.1.0.4:33731|priority:1], old=null, confs=<EMPTY_MAP>
2022-03-14 12:17:42,208 [pool-133-thread-1] INFO  server.RaftServerConfigKeys (ConfUtils.java:logGet(44)) - raft.server.storage.dir = [/home/runner/work/ozone/ozone/hadoop-ozone/integration-test/target/test-dir/MiniOzoneClusterImpl-278953cb-1c57-4e8b-ba2f-5e3472d45912/datanode-1/data/ratis] (custom)
2022-03-14 12:17:42,208 [pool-133-thread-1] INFO  server.RaftServerConfigKeys (ConfUtils.java:logGet(44)) - raft.server.log.corruption.policy = EXCEPTION (default)
2022-03-14 12:17:42,209 [pool-133-thread-1] INFO  server.RaftServerConfigKeys (ConfUtils.java:logGet(44)) - raft.server.storage.free-space.min = 0MB (=0) (default)
2022-03-14 12:17:42,209 [pool-133-thread-1] INFO  storage.RaftStorageDirectory (RaftStorageDirectoryImpl.java:analyzeStorage(135)) - The storage directory /home/runner/work/ozone/ozone/hadoop-ozone/integration-test/target/test-dir/MiniOzoneClusterImpl-278953cb-1c57-4e8b-ba2f-5e3472d45912/datanode-1/data/ratis/93160655-e25d-4468-9ac2-cc01c9a5ddcc does not exist. Creating ...
2022-03-14 12:17:42,210 [pool-133-thread-1] INFO  storage.RaftStorageDirectory (RaftStorageDirectoryImpl.java:tryLock(230)) - Lock on /home/runner/work/ozone/ozone/hadoop-ozone/integration-test/target/test-dir/MiniOzoneClusterImpl-278953cb-1c57-4e8b-ba2f-5e3472d45912/datanode-1/data/ratis/93160655-e25d-4468-9ac2-cc01c9a5ddcc/in_use.lock acquired by nodename 10847@fv-az291-848
2022-03-14 12:17:42,211 [pool-133-thread-1] INFO  storage.RaftStorage (RaftStorageImpl.java:format(89)) - Storage directory /home/runner/work/ozone/ozone/hadoop-ozone/integration-test/target/test-dir/MiniOzoneClusterImpl-278953cb-1c57-4e8b-ba2f-5e3472d45912/datanode-1/data/ratis/93160655-e25d-4468-9ac2-cc01c9a5ddcc has been successfully formatted.
2022-03-14 12:17:42,211 [pool-133-thread-1] INFO  ratis.ContainerStateMachine (ContainerStateMachine.java:loadSnapshot(236)) - group-CC01C9A5DDCC: The snapshot info is null. Setting the last applied indexto:(t:0, i:~)
2022-03-14 12:17:42,211 [pool-133-thread-1] INFO  server.RaftServerConfigKeys (ConfUtils.java:logGet(44)) - raft.server.notification.no-leader.timeout = 300s (custom)
2022-03-14 12:17:42,211 [pool-133-thread-1] INFO  server.RaftServerConfigKeys (ConfUtils.java:logGet(44)) - raft.server.log.use.memory = false (default)
2022-03-14 12:17:42,212 [pool-133-thread-1] INFO  server.RaftServerConfigKeys (ConfUtils.java:logGet(44)) - raft.server.log.purge.gap = 1000000 (custom)
2022-03-14 12:17:42,212 [pool-133-thread-1] INFO  server.RaftServerConfigKeys (ConfUtils.java:logGet(44)) - raft.server.log.appender.buffer.byte-limit = 33554432 (custom)
2022-03-14 12:17:42,213 [pool-133-thread-1] INFO  server.RaftServerConfigKeys (ConfUtils.java:logGet(44)) - raft.server.log.segment.size.max = 1048576 (custom)
2022-03-14 12:17:42,214 [EventQueue-PipelineReportForPipelineReportHandler] INFO  pipeline.PipelineManagerImpl (PipelineManagerImpl.java:openPipeline(291)) - Pipeline Pipeline[ Id: 93160655-e25d-4468-9ac2-cc01c9a5ddcc, Nodes: 2f089a79-715b-4bd1-9f38-6af58c65be05{ip: 10.1.0.4, host: fv-az291-848.wgnan5asplgejimfprtllbpdch.jx.internal.cloudapp.net, ports: [REPLICATION=34213, RATIS=33731, RATIS_ADMIN=33731, RATIS_SERVER=33731, STANDALONE=40499], networkLocation: /default-rack, certSerialId: null, persistedOpState: IN_SERVICE, persistedOpStateExpiryEpochSec: 0}, ReplicationConfig: RATIS/ONE, State:ALLOCATED, leaderId:2f089a79-715b-4bd1-9f38-6af58c65be05, CreationTimestamp2022-03-14T12:17:39.213Z[Etc/UTC]] moved to OPEN state
2022-03-14 12:17:42,214 [pool-133-thread-1] INFO  server.RaftServerConfigKeys (ConfUtils.java:logGet(44)) - raft.server.log.segment.cache.num.max = 2 (custom)
2022-03-14 12:17:42,214 [pool-133-thread-1] INFO  server.RaftServerConfigKeys (ConfUtils.java:logGet(44)) - raft.server.log.segment.cache.size.max = 200MB (=209715200) (default)
2022-03-14 12:17:42,214 [pool-133-thread-1] INFO  segmented.SegmentedRaftLogWorker (SegmentedRaftLogWorker.java:<init>(182)) - new 2f089a79-715b-4bd1-9f38-6af58c65be05@group-CC01C9A5DDCC-SegmentedRaftLogWorker for RaftStorageImpl:Storage Directory /home/runner/work/ozone/ozone/hadoop-ozone/integration-test/target/test-dir/MiniOzoneClusterImpl-278953cb-1c57-4e8b-ba2f-5e3472d45912/datanode-1/data/ratis/93160655-e25d-4468-9ac2-cc01c9a5ddcc
2022-03-14 12:17:42,214 [pool-133-thread-1] INFO  server.RaftServerConfigKeys (ConfUtils.java:logGet(44)) - raft.server.log.queue.byte-limit = 4294967296 (custom)
2022-03-14 12:17:42,214 [pool-133-thread-1] INFO  server.RaftServerConfigKeys (ConfUtils.java:logGet(44)) - raft.server.log.queue.element-limit = 1024 (custom)
2022-03-14 12:17:42,214 [pool-133-thread-1] INFO  server.RaftServerConfigKeys (ConfUtils.java:logGet(44)) - raft.server.log.segment.size.max = 1048576 (custom)
2022-03-14 12:17:42,214 [pool-133-thread-1] INFO  server.RaftServerConfigKeys (ConfUtils.java:logGet(44)) - raft.server.log.preallocated.size = 16384 (custom)
2022-03-14 12:17:42,214 [pool-133-thread-1] INFO  server.RaftServerConfigKeys (ConfUtils.java:logGet(44)) - raft.server.log.force.sync.num = 128 (default)
2022-03-14 12:17:42,214 [pool-133-thread-1] INFO  server.RaftServerConfigKeys (ConfUtils.java:logGet(44)) - raft.server.log.statemachine.data.sync = true (default)
2022-03-14 12:17:42,214 [pool-133-thread-1] INFO  server.RaftServerConfigKeys (ConfUtils.java:logGet(44)) - raft.server.log.statemachine.data.sync.timeout = 10s (default)
2022-03-14 12:17:42,214 [pool-133-thread-1] INFO  server.RaftServerConfigKeys (ConfUtils.java:logGet(44)) - raft.server.log.statemachine.data.sync.timeout.retry = -1 (default)
2022-03-14 12:17:42,217 [abc8918d-16fb-4660-8109-f5bf0640b8c5@group-5E3472D45912-StateMachineUpdater] INFO  safemode.HealthyPipelineSafeModeRule (HealthyPipelineSafeModeRule.java:initializeRule(152)) - Refreshed total pipeline count is 0, healthy pipeline threshold count is 1
2022-03-14 12:17:42,218 [EventQueue-OpenPipelineForHealthyPipelineSafeModeRule] INFO  safemode.SCMSafeModeManager (HealthyPipelineSafeModeRule.java:process(124)) - SCM in safe mode. Healthy pipelines reported count is 0, required healthy pipeline reported count is 1
2022-03-14 12:17:42,218 [pool-133-thread-1] INFO  server.RaftServerConfigKeys (ConfUtils.java:logGet(44)) - raft.server.log.write.buffer.size = 1048576 (custom)
2022-03-14 12:17:42,222 [pool-133-thread-1] INFO  server.RaftServerConfigKeys (ConfUtils.java:logGet(44)) - raft.server.log.statemachine.data.caching.enabled = true (custom)
2022-03-14 12:17:42,222 [pool-133-thread-1] INFO  segmented.SegmentedRaftLogWorker (SegmentedRaftLogWorker.java:lambda$new$0(133)) - 2f089a79-715b-4bd1-9f38-6af58c65be05@group-CC01C9A5DDCC-SegmentedRaftLogWorker: flushIndex: setUnconditionally 0 -> -1
2022-03-14 12:17:42,222 [pool-133-thread-1] INFO  segmented.SegmentedRaftLogWorker (SegmentedRaftLogWorker.java:lambda$new$0(133)) - 2f089a79-715b-4bd1-9f38-6af58c65be05@group-CC01C9A5DDCC-SegmentedRaftLogWorker: safeCacheEvictIndex: setUnconditionally 0 -> -1
2022-03-14 12:17:42,222 [pool-133-thread-1] INFO  server.RaftServerConfigKeys (ConfUtils.java:logGet(44)) - raft.server.snapshot.auto.trigger.enabled = true (custom)
2022-03-14 12:17:42,222 [pool-133-thread-1] INFO  server.RaftServerConfigKeys (ConfUtils.java:logGet(44)) - raft.server.snapshot.auto.trigger.threshold = 10000 (custom)
2022-03-14 12:17:42,222 [pool-133-thread-1] INFO  server.RaftServerConfigKeys (ConfUtils.java:logGet(44)) - raft.server.snapshot.retention.file.num = 5 (custom)
2022-03-14 12:17:42,222 [pool-133-thread-1] INFO  server.RaftServerConfigKeys (ConfUtils.java:logGet(44)) - raft.server.log.purge.upto.snapshot.index = false (default)
2022-03-14 12:17:42,223 [pool-133-thread-1] INFO  server.RaftServerConfigKeys (ConfUtils.java:logGet(44)) - raft.server.retrycache.expirytime = 600000ms (custom)
2022-03-14 12:17:42,223 [pool-133-thread-1] INFO  server.RaftServerConfigKeys (ConfUtils.java:logGet(44)) - raft.server.retrycache.statistics.expirytime = 100μs (default)
2022-03-14 12:17:42,223 [pool-133-thread-1] INFO  server.RaftServer$Division (RaftServerImpl.java:start(301)) - 2f089a79-715b-4bd1-9f38-6af58c65be05@group-CC01C9A5DDCC: start as a follower, conf=-1: [2f089a79-715b-4bd1-9f38-6af58c65be05|rpc:10.1.0.4:33731|priority:1], old=null
2022-03-14 12:17:42,224 [pool-133-thread-1] INFO  server.RaftServer$Division (RaftServerImpl.java:setRole(290)) - 2f089a79-715b-4bd1-9f38-6af58c65be05@group-CC01C9A5DDCC: changes role from      null to FOLLOWER at term 0 for startAsFollower
2022-03-14 12:17:42,224 [pool-133-thread-1] INFO  impl.RoleInfo (RoleInfo.java:updateAndGet(130)) - 2f089a79-715b-4bd1-9f38-6af58c65be05: start 2f089a79-715b-4bd1-9f38-6af58c65be05@group-CC01C9A5DDCC-FollowerState
2022-03-14 12:17:42,229 [pool-133-thread-1] INFO  util.JmxRegister (JmxRegister.java:tryRegister(44)) - Successfully registered JMX Bean with object name Ratis:service=RaftServer,group=group-CC01C9A5DDCC,id=2f089a79-715b-4bd1-9f38-6af58c65be05
2022-03-14 12:17:42,230 [Command processor thread] INFO  ratis.XceiverServerRatis (XceiverServerRatis.java:addGroup(771)) - Created group PipelineID=93160655-e25d-4468-9ac2-cc01c9a5ddcc
2022-03-14 12:17:42,230 [Command processor thread] INFO  commandhandler.CreatePipelineCommandHandler (CreatePipelineCommandHandler.java:handle(106)) - Created Pipeline RATIS ONE PipelineID=93160655-e25d-4468-9ac2-cc01c9a5ddcc.
2022-03-14 12:17:42,511 [Listener at 127.0.0.1/38867] INFO  ozone.MiniOzoneClusterImpl (MiniOzoneClusterImpl.java:lambda$waitForClusterToBeReady$0(219)) - Nodes are ready. Got 3 of 3 DN Heartbeats.
2022-03-14 12:17:42,511 [Listener at 127.0.0.1/38867] INFO  ozone.MiniOzoneClusterImpl (MiniOzoneClusterImpl.java:lambda$waitForClusterToBeReady$0(222)) - Waiting for cluster to exit safe mode
2022-03-14 12:17:42,511 [Listener at 127.0.0.1/38867] INFO  ozone.MiniOzoneClusterImpl (MiniOzoneClusterImpl.java:lambda$waitForClusterToBeReady$0(224)) - SCM became leader
2022-03-14 12:17:42,514 [Command processor thread] INFO  server.RaftServer (RaftServerProxy.java:addNew(95)) - 2c6e3e89-7bf7-4755-89d7-dad9f6a5f72c: addNew group-F2791B4213E5:[2c6e3e89-7bf7-4755-89d7-dad9f6a5f72c|rpc:10.1.0.4:40415|priority:1] returns group-F2791B4213E5:java.util.concurrent.CompletableFuture@1c233434[Not completed]
2022-03-14 12:17:42,515 [pool-154-thread-1] INFO  server.RaftServer$Division (RaftServerImpl.java:<init>(184)) - 2c6e3e89-7bf7-4755-89d7-dad9f6a5f72c: new RaftServerImpl for group-F2791B4213E5:[2c6e3e89-7bf7-4755-89d7-dad9f6a5f72c|rpc:10.1.0.4:40415|priority:1] with ContainerStateMachine:uninitialized
2022-03-14 12:17:42,515 [pool-154-thread-1] INFO  server.RaftServerConfigKeys (ConfUtils.java:logGet(44)) - raft.server.rpc.timeout.min = 5s (custom)
2022-03-14 12:17:42,515 [pool-154-thread-1] INFO  server.RaftServerConfigKeys (ConfUtils.java:logGet(44)) - raft.server.rpc.timeout.max = 5200ms (custom)
2022-03-14 12:17:42,515 [pool-154-thread-1] INFO  server.RaftServerConfigKeys (ConfUtils.java:logGet(44)) - raft.server.rpc.sleep.time = 25ms (default)
2022-03-14 12:17:42,515 [pool-154-thread-1] INFO  server.RaftServerConfigKeys (ConfUtils.java:logGet(44)) - raft.server.rpc.slowness.timeout = 300s (custom)
2022-03-14 12:17:42,515 [pool-154-thread-1] INFO  server.RaftServerConfigKeys (ConfUtils.java:logGet(44)) - raft.server.leaderelection.leader.step-down.wait-time = 10s (default)
2022-03-14 12:17:42,515 [pool-154-thread-1] INFO  server.RaftServerConfigKeys (ConfUtils.java:logGet(44)) - raft.server.sleep.deviation.threshold = 300ms (default)
2022-03-14 12:17:42,516 [pool-154-thread-1] INFO  server.RaftServerConfigKeys (ConfUtils.java:logGet(44)) - raft.server.log.appender.install.snapshot.enabled = false (custom)
2022-03-14 12:17:42,516 [pool-154-thread-1] INFO  server.RaftServer$Division (ServerState.java:<init>(105)) - 2c6e3e89-7bf7-4755-89d7-dad9f6a5f72c@group-F2791B4213E5: ConfigurationManager, init=-1: [2c6e3e89-7bf7-4755-89d7-dad9f6a5f72c|rpc:10.1.0.4:40415|priority:1], old=null, confs=<EMPTY_MAP>
2022-03-14 12:17:42,516 [pool-154-thread-1] INFO  server.RaftServerConfigKeys (ConfUtils.java:logGet(44)) - raft.server.storage.dir = [/home/runner/work/ozone/ozone/hadoop-ozone/integration-test/target/test-dir/MiniOzoneClusterImpl-278953cb-1c57-4e8b-ba2f-5e3472d45912/datanode-2/data/ratis] (custom)
2022-03-14 12:17:42,516 [pool-154-thread-1] INFO  server.RaftServerConfigKeys (ConfUtils.java:logGet(44)) - raft.server.log.corruption.policy = EXCEPTION (default)
2022-03-14 12:17:42,516 [pool-154-thread-1] INFO  server.RaftServerConfigKeys (ConfUtils.java:logGet(44)) - raft.server.storage.free-space.min = 0MB (=0) (default)
2022-03-14 12:17:42,516 [pool-154-thread-1] INFO  storage.RaftStorageDirectory (RaftStorageDirectoryImpl.java:analyzeStorage(135)) - The storage directory /home/runner/work/ozone/ozone/hadoop-ozone/integration-test/target/test-dir/MiniOzoneClusterImpl-278953cb-1c57-4e8b-ba2f-5e3472d45912/datanode-2/data/ratis/362a034b-79ab-484b-ac1d-f2791b4213e5 does not exist. Creating ...
2022-03-14 12:17:42,517 [pool-154-thread-1] INFO  storage.RaftStorageDirectory (RaftStorageDirectoryImpl.java:tryLock(230)) - Lock on /home/runner/work/ozone/ozone/hadoop-ozone/integration-test/target/test-dir/MiniOzoneClusterImpl-278953cb-1c57-4e8b-ba2f-5e3472d45912/datanode-2/data/ratis/362a034b-79ab-484b-ac1d-f2791b4213e5/in_use.lock acquired by nodename 10847@fv-az291-848
2022-03-14 12:17:42,524 [pool-154-thread-1] INFO  storage.RaftStorage (RaftStorageImpl.java:format(89)) - Storage directory /home/runner/work/ozone/ozone/hadoop-ozone/integration-test/target/test-dir/MiniOzoneClusterImpl-278953cb-1c57-4e8b-ba2f-5e3472d45912/datanode-2/data/ratis/362a034b-79ab-484b-ac1d-f2791b4213e5 has been successfully formatted.
2022-03-14 12:17:42,525 [pool-154-thread-1] INFO  ratis.ContainerStateMachine (ContainerStateMachine.java:loadSnapshot(236)) - group-F2791B4213E5: The snapshot info is null. Setting the last applied indexto:(t:0, i:~)
2022-03-14 12:17:42,525 [pool-154-thread-1] INFO  server.RaftServerConfigKeys (ConfUtils.java:logGet(44)) - raft.server.notification.no-leader.timeout = 300s (custom)
2022-03-14 12:17:42,525 [pool-154-thread-1] INFO  server.RaftServerConfigKeys (ConfUtils.java:logGet(44)) - raft.server.log.use.memory = false (default)
2022-03-14 12:17:42,525 [pool-154-thread-1] INFO  server.RaftServerConfigKeys (ConfUtils.java:logGet(44)) - raft.server.log.purge.gap = 1000000 (custom)
2022-03-14 12:17:42,525 [pool-154-thread-1] INFO  server.RaftServerConfigKeys (ConfUtils.java:logGet(44)) - raft.server.log.appender.buffer.byte-limit = 33554432 (custom)
2022-03-14 12:17:42,527 [pool-154-thread-1] INFO  server.RaftServerConfigKeys (ConfUtils.java:logGet(44)) - raft.server.log.segment.size.max = 1048576 (custom)
2022-03-14 12:17:42,527 [pool-154-thread-1] INFO  server.RaftServerConfigKeys (ConfUtils.java:logGet(44)) - raft.server.log.segment.cache.num.max = 2 (custom)
2022-03-14 12:17:42,527 [pool-154-thread-1] INFO  server.RaftServerConfigKeys (ConfUtils.java:logGet(44)) - raft.server.log.segment.cache.size.max = 200MB (=209715200) (default)
2022-03-14 12:17:42,527 [pool-154-thread-1] INFO  segmented.SegmentedRaftLogWorker (SegmentedRaftLogWorker.java:<init>(182)) - new 2c6e3e89-7bf7-4755-89d7-dad9f6a5f72c@group-F2791B4213E5-SegmentedRaftLogWorker for RaftStorageImpl:Storage Directory /home/runner/work/ozone/ozone/hadoop-ozone/integration-test/target/test-dir/MiniOzoneClusterImpl-278953cb-1c57-4e8b-ba2f-5e3472d45912/datanode-2/data/ratis/362a034b-79ab-484b-ac1d-f2791b4213e5
2022-03-14 12:17:42,527 [pool-154-thread-1] INFO  server.RaftServerConfigKeys (ConfUtils.java:logGet(44)) - raft.server.log.queue.byte-limit = 4294967296 (custom)
2022-03-14 12:17:42,527 [pool-154-thread-1] INFO  server.RaftServerConfigKeys (ConfUtils.java:logGet(44)) - raft.server.log.queue.element-limit = 1024 (custom)
2022-03-14 12:17:42,527 [EventQueue-PipelineReportForPipelineReportHandler] INFO  pipeline.PipelineManagerImpl (PipelineManagerImpl.java:openPipeline(291)) - Pipeline Pipeline[ Id: 362a034b-79ab-484b-ac1d-f2791b4213e5, Nodes: 2c6e3e89-7bf7-4755-89d7-dad9f6a5f72c{ip: 10.1.0.4, host: fv-az291-848.wgnan5asplgejimfprtllbpdch.jx.internal.cloudapp.net, ports: [REPLICATION=34009, RATIS=40415, RATIS_ADMIN=40415, RATIS_SERVER=40415, STANDALONE=37501], networkLocation: /default-rack, certSerialId: null, persistedOpState: IN_SERVICE, persistedOpStateExpiryEpochSec: 0}, ReplicationConfig: RATIS/ONE, State:ALLOCATED, leaderId:2c6e3e89-7bf7-4755-89d7-dad9f6a5f72c, CreationTimestamp2022-03-14T12:17:39.517Z[Etc/UTC]] moved to OPEN state
2022-03-14 12:17:42,527 [pool-154-thread-1] INFO  server.RaftServerConfigKeys (ConfUtils.java:logGet(44)) - raft.server.log.segment.size.max = 1048576 (custom)
2022-03-14 12:17:42,528 [pool-154-thread-1] INFO  server.RaftServerConfigKeys (ConfUtils.java:logGet(44)) - raft.server.log.preallocated.size = 16384 (custom)
2022-03-14 12:17:42,528 [pool-154-thread-1] INFO  server.RaftServerConfigKeys (ConfUtils.java:logGet(44)) - raft.server.log.force.sync.num = 128 (default)
2022-03-14 12:17:42,528 [pool-154-thread-1] INFO  server.RaftServerConfigKeys (ConfUtils.java:logGet(44)) - raft.server.log.statemachine.data.sync = true (default)
2022-03-14 12:17:42,528 [pool-154-thread-1] INFO  server.RaftServerConfigKeys (ConfUtils.java:logGet(44)) - raft.server.log.statemachine.data.sync.timeout = 10s (default)
2022-03-14 12:17:42,528 [pool-154-thread-1] INFO  server.RaftServerConfigKeys (ConfUtils.java:logGet(44)) - raft.server.log.statemachine.data.sync.timeout.retry = -1 (default)
2022-03-14 12:17:42,530 [pool-154-thread-1] INFO  server.RaftServerConfigKeys (ConfUtils.java:logGet(44)) - raft.server.log.write.buffer.size = 1048576 (custom)
2022-03-14 12:17:42,530 [abc8918d-16fb-4660-8109-f5bf0640b8c5@group-5E3472D45912-StateMachineUpdater] INFO  safemode.HealthyPipelineSafeModeRule (HealthyPipelineSafeModeRule.java:initializeRule(152)) - Refreshed total pipeline count is 0, healthy pipeline threshold count is 1
2022-03-14 12:17:42,531 [pool-154-thread-1] INFO  server.RaftServerConfigKeys (ConfUtils.java:logGet(44)) - raft.server.log.statemachine.data.caching.enabled = true (custom)
2022-03-14 12:17:42,531 [EventQueue-OpenPipelineForHealthyPipelineSafeModeRule] INFO  safemode.SCMSafeModeManager (HealthyPipelineSafeModeRule.java:process(124)) - SCM in safe mode. Healthy pipelines reported count is 0, required healthy pipeline reported count is 1
2022-03-14 12:17:42,531 [pool-154-thread-1] INFO  segmented.SegmentedRaftLogWorker (SegmentedRaftLogWorker.java:lambda$new$0(133)) - 2c6e3e89-7bf7-4755-89d7-dad9f6a5f72c@group-F2791B4213E5-SegmentedRaftLogWorker: flushIndex: setUnconditionally 0 -> -1
2022-03-14 12:17:42,532 [pool-154-thread-1] INFO  segmented.SegmentedRaftLogWorker (SegmentedRaftLogWorker.java:lambda$new$0(133)) - 2c6e3e89-7bf7-4755-89d7-dad9f6a5f72c@group-F2791B4213E5-SegmentedRaftLogWorker: safeCacheEvictIndex: setUnconditionally 0 -> -1
2022-03-14 12:17:42,534 [pool-154-thread-1] INFO  server.RaftServerConfigKeys (ConfUtils.java:logGet(44)) - raft.server.snapshot.auto.trigger.enabled = true (custom)
2022-03-14 12:17:42,534 [pool-154-thread-1] INFO  server.RaftServerConfigKeys (ConfUtils.java:logGet(44)) - raft.server.snapshot.auto.trigger.threshold = 10000 (custom)
2022-03-14 12:17:42,534 [pool-154-thread-1] INFO  server.RaftServerConfigKeys (ConfUtils.java:logGet(44)) - raft.server.snapshot.retention.file.num = 5 (custom)
2022-03-14 12:17:42,534 [pool-154-thread-1] INFO  server.RaftServerConfigKeys (ConfUtils.java:logGet(44)) - raft.server.log.purge.upto.snapshot.index = false (default)
2022-03-14 12:17:42,534 [pool-154-thread-1] INFO  server.RaftServerConfigKeys (ConfUtils.java:logGet(44)) - raft.server.retrycache.expirytime = 600000ms (custom)
2022-03-14 12:17:42,534 [pool-154-thread-1] INFO  server.RaftServerConfigKeys (ConfUtils.java:logGet(44)) - raft.server.retrycache.statistics.expirytime = 100μs (default)
2022-03-14 12:17:42,535 [pool-154-thread-1] INFO  server.RaftServer$Division (RaftServerImpl.java:start(301)) - 2c6e3e89-7bf7-4755-89d7-dad9f6a5f72c@group-F2791B4213E5: start as a follower, conf=-1: [2c6e3e89-7bf7-4755-89d7-dad9f6a5f72c|rpc:10.1.0.4:40415|priority:1], old=null
2022-03-14 12:17:42,535 [pool-154-thread-1] INFO  server.RaftServer$Division (RaftServerImpl.java:setRole(290)) - 2c6e3e89-7bf7-4755-89d7-dad9f6a5f72c@group-F2791B4213E5: changes role from      null to FOLLOWER at term 0 for startAsFollower
2022-03-14 12:17:42,535 [pool-154-thread-1] INFO  impl.RoleInfo (RoleInfo.java:updateAndGet(130)) - 2c6e3e89-7bf7-4755-89d7-dad9f6a5f72c: start 2c6e3e89-7bf7-4755-89d7-dad9f6a5f72c@group-F2791B4213E5-FollowerState
2022-03-14 12:17:42,535 [pool-154-thread-1] INFO  util.JmxRegister (JmxRegister.java:tryRegister(44)) - Successfully registered JMX Bean with object name Ratis:service=RaftServer,group=group-F2791B4213E5,id=2c6e3e89-7bf7-4755-89d7-dad9f6a5f72c
2022-03-14 12:17:42,536 [Command processor thread] INFO  ratis.XceiverServerRatis (XceiverServerRatis.java:addGroup(771)) - Created group PipelineID=362a034b-79ab-484b-ac1d-f2791b4213e5
2022-03-14 12:17:42,536 [Command processor thread] INFO  commandhandler.CreatePipelineCommandHandler (CreatePipelineCommandHandler.java:handle(106)) - Created Pipeline RATIS ONE PipelineID=362a034b-79ab-484b-ac1d-f2791b4213e5.
2022-03-14 12:17:43,512 [Listener at 127.0.0.1/38867] INFO  ozone.MiniOzoneClusterImpl (MiniOzoneClusterImpl.java:lambda$waitForClusterToBeReady$0(219)) - Nodes are ready. Got 3 of 3 DN Heartbeats.
2022-03-14 12:17:43,512 [Listener at 127.0.0.1/38867] INFO  ozone.MiniOzoneClusterImpl (MiniOzoneClusterImpl.java:lambda$waitForClusterToBeReady$0(222)) - Waiting for cluster to exit safe mode
2022-03-14 12:17:43,512 [Listener at 127.0.0.1/38867] INFO  ozone.MiniOzoneClusterImpl (MiniOzoneClusterImpl.java:lambda$waitForClusterToBeReady$0(224)) - SCM became leader
2022-03-14 12:17:44,513 [Listener at 127.0.0.1/38867] INFO  ozone.MiniOzoneClusterImpl (MiniOzoneClusterImpl.java:lambda$waitForClusterToBeReady$0(219)) - Nodes are ready. Got 3 of 3 DN Heartbeats.
2022-03-14 12:17:44,513 [Listener at 127.0.0.1/38867] INFO  ozone.MiniOzoneClusterImpl (MiniOzoneClusterImpl.java:lambda$waitForClusterToBeReady$0(222)) - Waiting for cluster to exit safe mode
2022-03-14 12:17:44,513 [Listener at 127.0.0.1/38867] INFO  ozone.MiniOzoneClusterImpl (MiniOzoneClusterImpl.java:lambda$waitForClusterToBeReady$0(224)) - SCM became leader
2022-03-14 12:17:45,513 [Listener at 127.0.0.1/38867] INFO  ozone.MiniOzoneClusterImpl (MiniOzoneClusterImpl.java:lambda$waitForClusterToBeReady$0(219)) - Nodes are ready. Got 3 of 3 DN Heartbeats.
2022-03-14 12:17:45,514 [Listener at 127.0.0.1/38867] INFO  ozone.MiniOzoneClusterImpl (MiniOzoneClusterImpl.java:lambda$waitForClusterToBeReady$0(222)) - Waiting for cluster to exit safe mode
2022-03-14 12:17:45,514 [Listener at 127.0.0.1/38867] INFO  ozone.MiniOzoneClusterImpl (MiniOzoneClusterImpl.java:lambda$waitForClusterToBeReady$0(224)) - SCM became leader
2022-03-14 12:17:46,514 [Listener at 127.0.0.1/38867] INFO  ozone.MiniOzoneClusterImpl (MiniOzoneClusterImpl.java:lambda$waitForClusterToBeReady$0(219)) - Nodes are ready. Got 3 of 3 DN Heartbeats.
2022-03-14 12:17:46,514 [Listener at 127.0.0.1/38867] INFO  ozone.MiniOzoneClusterImpl (MiniOzoneClusterImpl.java:lambda$waitForClusterToBeReady$0(222)) - Waiting for cluster to exit safe mode
2022-03-14 12:17:46,514 [Listener at 127.0.0.1/38867] INFO  ozone.MiniOzoneClusterImpl (MiniOzoneClusterImpl.java:lambda$waitForClusterToBeReady$0(224)) - SCM became leader
2022-03-14 12:17:46,844 [3d74c5ad-bb9c-4739-895f-0556a3b9901a@group-5D6C4FC2709F-FollowerState] INFO  impl.FollowerState (FollowerState.java:run(134)) - 3d74c5ad-bb9c-4739-895f-0556a3b9901a@group-5D6C4FC2709F-FollowerState: change to CANDIDATE, lastRpcElapsedTime:5109113560ns, electionTimeout:5100ms
2022-03-14 12:17:46,845 [3d74c5ad-bb9c-4739-895f-0556a3b9901a@group-5D6C4FC2709F-FollowerState] INFO  impl.RoleInfo (RoleInfo.java:shutdownFollowerState(108)) - 3d74c5ad-bb9c-4739-895f-0556a3b9901a: shutdown 3d74c5ad-bb9c-4739-895f-0556a3b9901a@group-5D6C4FC2709F-FollowerState
2022-03-14 12:17:46,845 [3d74c5ad-bb9c-4739-895f-0556a3b9901a@group-5D6C4FC2709F-FollowerState] INFO  server.RaftServer$Division (RaftServerImpl.java:setRole(290)) - 3d74c5ad-bb9c-4739-895f-0556a3b9901a@group-5D6C4FC2709F: changes role from  FOLLOWER to CANDIDATE at term 0 for changeToCandidate
2022-03-14 12:17:46,845 [3d74c5ad-bb9c-4739-895f-0556a3b9901a@group-5D6C4FC2709F-FollowerState] INFO  server.RaftServerConfigKeys (ConfUtils.java:logGet(44)) - raft.server.leaderelection.pre-vote = false (custom)
2022-03-14 12:17:46,845 [3d74c5ad-bb9c-4739-895f-0556a3b9901a@group-5D6C4FC2709F-FollowerState] INFO  impl.RoleInfo (RoleInfo.java:updateAndGet(130)) - 3d74c5ad-bb9c-4739-895f-0556a3b9901a: start 3d74c5ad-bb9c-4739-895f-0556a3b9901a@group-5D6C4FC2709F-LeaderElection7
2022-03-14 12:17:46,848 [3d74c5ad-bb9c-4739-895f-0556a3b9901a@group-5D6C4FC2709F-LeaderElection7] INFO  impl.LeaderElection (LeaderElection.java:askForVotes(306)) - 3d74c5ad-bb9c-4739-895f-0556a3b9901a@group-5D6C4FC2709F-LeaderElection7 ELECTION round 0: submit vote requests at term 1 for -1: [3d74c5ad-bb9c-4739-895f-0556a3b9901a|rpc:10.1.0.4:41111|priority:1], old=null
2022-03-14 12:17:46,848 [3d74c5ad-bb9c-4739-895f-0556a3b9901a@group-5D6C4FC2709F-LeaderElection7] INFO  impl.LeaderElection (LeaderElection.java:askForVotes(308)) - 3d74c5ad-bb9c-4739-895f-0556a3b9901a@group-5D6C4FC2709F-LeaderElection7 ELECTION round 0: result PASSED (term=1)
2022-03-14 12:17:46,848 [3d74c5ad-bb9c-4739-895f-0556a3b9901a@group-5D6C4FC2709F-LeaderElection7] INFO  impl.RoleInfo (RoleInfo.java:shutdownLeaderElection(121)) - 3d74c5ad-bb9c-4739-895f-0556a3b9901a: shutdown 3d74c5ad-bb9c-4739-895f-0556a3b9901a@group-5D6C4FC2709F-LeaderElection7
2022-03-14 12:17:46,848 [3d74c5ad-bb9c-4739-895f-0556a3b9901a@group-5D6C4FC2709F-LeaderElection7] INFO  server.RaftServer$Division (RaftServerImpl.java:setRole(290)) - 3d74c5ad-bb9c-4739-895f-0556a3b9901a@group-5D6C4FC2709F: changes role from CANDIDATE to LEADER at term 1 for changeToLeader
2022-03-14 12:17:46,849 [3d74c5ad-bb9c-4739-895f-0556a3b9901a@group-5D6C4FC2709F-LeaderElection7] INFO  ratis.XceiverServerRatis (XceiverServerRatis.java:handleLeaderChangedNotification(869)) - Leader change notification received for group: group-5D6C4FC2709F with new leaderId: 3d74c5ad-bb9c-4739-895f-0556a3b9901a
2022-03-14 12:17:46,849 [3d74c5ad-bb9c-4739-895f-0556a3b9901a@group-5D6C4FC2709F-LeaderElection7] INFO  server.RaftServer$Division (ServerState.java:setLeader(285)) - 3d74c5ad-bb9c-4739-895f-0556a3b9901a@group-5D6C4FC2709F: change Leader from null to 3d74c5ad-bb9c-4739-895f-0556a3b9901a at term 1 for becomeLeader, leader elected after 5117ms
2022-03-14 12:17:46,849 [3d74c5ad-bb9c-4739-895f-0556a3b9901a@group-5D6C4FC2709F-LeaderElection7] INFO  server.RaftServerConfigKeys (ConfUtils.java:logGet(44)) - raft.server.staging.catchup.gap = 1000 (default)
2022-03-14 12:17:46,850 [3d74c5ad-bb9c-4739-895f-0556a3b9901a@group-5D6C4FC2709F-LeaderElection7] INFO  server.RaftServerConfigKeys (ConfUtils.java:logGet(44)) - raft.server.write.element-limit = 1024 (custom)
2022-03-14 12:17:46,851 [3d74c5ad-bb9c-4739-895f-0556a3b9901a@group-5D6C4FC2709F-LeaderElection7] INFO  server.RaftServerConfigKeys (ConfUtils.java:logGet(44)) - raft.server.write.byte-limit = 1024 M (=1073741824) (custom)
2022-03-14 12:17:46,851 [EventQueue-OpenPipelineForHealthyPipelineSafeModeRule] INFO  safemode.SCMSafeModeManager (HealthyPipelineSafeModeRule.java:process(124)) - SCM in safe mode. Healthy pipelines reported count is 0, required healthy pipeline reported count is 1
2022-03-14 12:17:46,851 [3d74c5ad-bb9c-4739-895f-0556a3b9901a@group-5D6C4FC2709F-LeaderElection7] INFO  server.RaftServerConfigKeys (ConfUtils.java:logGet(44)) - raft.server.watch.timeout = 180s (custom)
2022-03-14 12:17:46,851 [3d74c5ad-bb9c-4739-895f-0556a3b9901a@group-5D6C4FC2709F-LeaderElection7] INFO  server.RaftServerConfigKeys (ConfUtils.java:logGet(44)) - raft.server.watch.timeout.denomination = 1s (default)
2022-03-14 12:17:46,852 [3d74c5ad-bb9c-4739-895f-0556a3b9901a@group-5D6C4FC2709F-LeaderElection7] INFO  server.RaftServerConfigKeys (ConfUtils.java:logGet(44)) - raft.server.watch.element-limit = 65536 (default)
2022-03-14 12:17:46,852 [3d74c5ad-bb9c-4739-895f-0556a3b9901a@group-5D6C4FC2709F-LeaderElection7] INFO  server.RaftServerConfigKeys (ConfUtils.java:logGet(44)) - raft.server.write.element-limit = 1024 (custom)
2022-03-14 12:17:46,852 [3d74c5ad-bb9c-4739-895f-0556a3b9901a@group-5D6C4FC2709F-LeaderElection7] INFO  server.RaftServerConfigKeys (ConfUtils.java:logGet(44)) - raft.server.write.follower.gap.ratio.max = -1.0 (default)
2022-03-14 12:17:46,852 [3d74c5ad-bb9c-4739-895f-0556a3b9901a@group-5D6C4FC2709F-LeaderElection7] INFO  impl.RoleInfo (RoleInfo.java:updateAndGet(130)) - 3d74c5ad-bb9c-4739-895f-0556a3b9901a: start 3d74c5ad-bb9c-4739-895f-0556a3b9901a@group-5D6C4FC2709F-LeaderStateImpl
2022-03-14 12:17:46,852 [3d74c5ad-bb9c-4739-895f-0556a3b9901a@group-5D6C4FC2709F-LeaderElection7] INFO  segmented.SegmentedRaftLogWorker (SegmentedRaftLogWorker.java:startLogSegment(394)) - 3d74c5ad-bb9c-4739-895f-0556a3b9901a@group-5D6C4FC2709F-SegmentedRaftLogWorker: Starting segment from index:0
2022-03-14 12:17:46,854 [3d74c5ad-bb9c-4739-895f-0556a3b9901a@group-5D6C4FC2709F-SegmentedRaftLogWorker] INFO  segmented.SegmentedRaftLogWorker (SegmentedRaftLogWorker.java:execute(601)) - 3d74c5ad-bb9c-4739-895f-0556a3b9901a@group-5D6C4FC2709F-SegmentedRaftLogWorker: created new log segment /home/runner/work/ozone/ozone/hadoop-ozone/integration-test/target/test-dir/MiniOzoneClusterImpl-278953cb-1c57-4e8b-ba2f-5e3472d45912/datanode-0/data/ratis/3c6c9a6c-0bff-4d63-86d5-5d6c4fc2709f/current/log_inprogress_0
2022-03-14 12:17:46,856 [3d74c5ad-bb9c-4739-895f-0556a3b9901a@group-5D6C4FC2709F-LeaderElection7] INFO  server.RaftServer$Division (ServerState.java:setRaftConf(387)) - 3d74c5ad-bb9c-4739-895f-0556a3b9901a@group-5D6C4FC2709F: set configuration 0: [3d74c5ad-bb9c-4739-895f-0556a3b9901a|rpc:10.1.0.4:41111|dataStream:|priority:1], old=null
2022-03-14 12:17:46,916 [3d74c5ad-bb9c-4739-895f-0556a3b9901a@group-2D2EB3F1B165-FollowerState] INFO  impl.FollowerState (FollowerState.java:run(134)) - 3d74c5ad-bb9c-4739-895f-0556a3b9901a@group-2D2EB3F1B165-FollowerState: change to CANDIDATE, lastRpcElapsedTime:5138973179ns, electionTimeout:5138ms
2022-03-14 12:17:46,916 [3d74c5ad-bb9c-4739-895f-0556a3b9901a@group-2D2EB3F1B165-FollowerState] INFO  impl.RoleInfo (RoleInfo.java:shutdownFollowerState(108)) - 3d74c5ad-bb9c-4739-895f-0556a3b9901a: shutdown 3d74c5ad-bb9c-4739-895f-0556a3b9901a@group-2D2EB3F1B165-FollowerState
2022-03-14 12:17:46,917 [3d74c5ad-bb9c-4739-895f-0556a3b9901a@group-2D2EB3F1B165-FollowerState] INFO  server.RaftServer$Division (RaftServerImpl.java:setRole(290)) - 3d74c5ad-bb9c-4739-895f-0556a3b9901a@group-2D2EB3F1B165: changes role from  FOLLOWER to CANDIDATE at term 0 for changeToCandidate
2022-03-14 12:17:46,917 [3d74c5ad-bb9c-4739-895f-0556a3b9901a@group-2D2EB3F1B165-FollowerState] INFO  server.RaftServerConfigKeys (ConfUtils.java:logGet(44)) - raft.server.leaderelection.pre-vote = false (custom)
2022-03-14 12:17:46,917 [3d74c5ad-bb9c-4739-895f-0556a3b9901a@group-2D2EB3F1B165-FollowerState] INFO  impl.RoleInfo (RoleInfo.java:updateAndGet(130)) - 3d74c5ad-bb9c-4739-895f-0556a3b9901a: start 3d74c5ad-bb9c-4739-895f-0556a3b9901a@group-2D2EB3F1B165-LeaderElection8
2022-03-14 12:17:46,920 [3d74c5ad-bb9c-4739-895f-0556a3b9901a@group-2D2EB3F1B165-LeaderElection8] INFO  impl.LeaderElection (LeaderElection.java:askForVotes(306)) - 3d74c5ad-bb9c-4739-895f-0556a3b9901a@group-2D2EB3F1B165-LeaderElection8 ELECTION round 0: submit vote requests at term 1 for -1: [3d74c5ad-bb9c-4739-895f-0556a3b9901a|rpc:10.1.0.4:41111|priority:0, 2f089a79-715b-4bd1-9f38-6af58c65be05|rpc:10.1.0.4:33731|priority:0, 2c6e3e89-7bf7-4755-89d7-dad9f6a5f72c|rpc:10.1.0.4:40415|priority:1], old=null
2022-03-14 12:17:46,922 [2c6e3e89-7bf7-4755-89d7-dad9f6a5f72c@group-2D2EB3F1B165-FollowerState] INFO  impl.FollowerState (FollowerState.java:run(134)) - 2c6e3e89-7bf7-4755-89d7-dad9f6a5f72c@group-2D2EB3F1B165-FollowerState: change to CANDIDATE, lastRpcElapsedTime:5036483339ns, electionTimeout:5028ms
2022-03-14 12:17:46,922 [2c6e3e89-7bf7-4755-89d7-dad9f6a5f72c@group-2D2EB3F1B165-FollowerState] INFO  impl.RoleInfo (RoleInfo.java:shutdownFollowerState(108)) - 2c6e3e89-7bf7-4755-89d7-dad9f6a5f72c: shutdown 2c6e3e89-7bf7-4755-89d7-dad9f6a5f72c@group-2D2EB3F1B165-FollowerState
2022-03-14 12:17:46,922 [2c6e3e89-7bf7-4755-89d7-dad9f6a5f72c@group-2D2EB3F1B165-FollowerState] INFO  server.RaftServer$Division (RaftServerImpl.java:setRole(290)) - 2c6e3e89-7bf7-4755-89d7-dad9f6a5f72c@group-2D2EB3F1B165: changes role from  FOLLOWER to CANDIDATE at term 0 for changeToCandidate
2022-03-14 12:17:46,922 [2c6e3e89-7bf7-4755-89d7-dad9f6a5f72c@group-2D2EB3F1B165-FollowerState] INFO  server.RaftServerConfigKeys (ConfUtils.java:logGet(44)) - raft.server.leaderelection.pre-vote = false (custom)
2022-03-14 12:17:46,922 [2c6e3e89-7bf7-4755-89d7-dad9f6a5f72c@group-2D2EB3F1B165-FollowerState] INFO  impl.RoleInfo (RoleInfo.java:updateAndGet(130)) - 2c6e3e89-7bf7-4755-89d7-dad9f6a5f72c: start 2c6e3e89-7bf7-4755-89d7-dad9f6a5f72c@group-2D2EB3F1B165-LeaderElection9
2022-03-14 12:17:46,933 [grpc-default-executor-2] INFO  server.RaftServer$Division (RaftServerImpl.java:requestVote(1046)) - 2f089a79-715b-4bd1-9f38-6af58c65be05@group-2D2EB3F1B165: receive requestVote(ELECTION, 3d74c5ad-bb9c-4739-895f-0556a3b9901a, group-2D2EB3F1B165, 1, (t:0, i:0))
2022-03-14 12:17:46,933 [grpc-default-executor-2] INFO  impl.VoteContext (VoteContext.java:log(48)) - 2f089a79-715b-4bd1-9f38-6af58c65be05@group-2D2EB3F1B165-FOLLOWER: accept ELECTION from 3d74c5ad-bb9c-4739-895f-0556a3b9901a: our priority 0 <= candidate's priority 0
2022-03-14 12:17:46,933 [grpc-default-executor-2] INFO  server.RaftServer$Division (RaftServerImpl.java:setRole(290)) - 2f089a79-715b-4bd1-9f38-6af58c65be05@group-2D2EB3F1B165: changes role from  FOLLOWER to FOLLOWER at term 1 for candidate:3d74c5ad-bb9c-4739-895f-0556a3b9901a
2022-03-14 12:17:46,933 [grpc-default-executor-2] INFO  impl.RoleInfo (RoleInfo.java:shutdownFollowerState(108)) - 2f089a79-715b-4bd1-9f38-6af58c65be05: shutdown 2f089a79-715b-4bd1-9f38-6af58c65be05@group-2D2EB3F1B165-FollowerState
2022-03-14 12:17:46,933 [grpc-default-executor-2] INFO  impl.RoleInfo (RoleInfo.java:updateAndGet(130)) - 2f089a79-715b-4bd1-9f38-6af58c65be05: start 2f089a79-715b-4bd1-9f38-6af58c65be05@group-2D2EB3F1B165-FollowerState
2022-03-14 12:17:46,933 [2f089a79-715b-4bd1-9f38-6af58c65be05@group-2D2EB3F1B165-FollowerState] INFO  impl.FollowerState (FollowerState.java:run(143)) - 2f089a79-715b-4bd1-9f38-6af58c65be05@group-2D2EB3F1B165-FollowerState was interrupted: {}
java.lang.InterruptedException: sleep interrupted
	at java.lang.Thread.sleep(Native Method)
	at java.lang.Thread.sleep(Thread.java:342)
	at java.util.concurrent.TimeUnit.sleep(TimeUnit.java:386)
	at org.apache.ratis.util.TimeDuration.sleep(TimeDuration.java:324)
	at org.apache.ratis.util.TimeDuration.sleep(TimeDuration.java:309)
	at org.apache.ratis.server.impl.FollowerState.run(FollowerState.java:118)
2022-03-14 12:17:46,933 [2c6e3e89-7bf7-4755-89d7-dad9f6a5f72c@group-2D2EB3F1B165-LeaderElection9] INFO  impl.LeaderElection (LeaderElection.java:askForVotes(306)) - 2c6e3e89-7bf7-4755-89d7-dad9f6a5f72c@group-2D2EB3F1B165-LeaderElection9 ELECTION round 0: submit vote requests at term 1 for -1: [3d74c5ad-bb9c-4739-895f-0556a3b9901a|rpc:10.1.0.4:41111|dataStream:|priority:0, 2f089a79-715b-4bd1-9f38-6af58c65be05|rpc:10.1.0.4:33731|dataStream:|priority:0, 2c6e3e89-7bf7-4755-89d7-dad9f6a5f72c|rpc:10.1.0.4:40415|dataStream:|priority:1], old=null
2022-03-14 12:17:46,934 [grpc-default-executor-2] INFO  server.RaftServer$Division (RaftServerImpl.java:requestVote(1078)) - 2f089a79-715b-4bd1-9f38-6af58c65be05@group-2D2EB3F1B165 replies to ELECTION vote request: 3d74c5ad-bb9c-4739-895f-0556a3b9901a<-2f089a79-715b-4bd1-9f38-6af58c65be05#0:OK-t1. Peer's state: 2f089a79-715b-4bd1-9f38-6af58c65be05@group-2D2EB3F1B165:t1, leader=null, voted=3d74c5ad-bb9c-4739-895f-0556a3b9901a, raftlog=2f089a79-715b-4bd1-9f38-6af58c65be05@group-2D2EB3F1B165-SegmentedRaftLog:OPENED:c-1, conf=-1: [3d74c5ad-bb9c-4739-895f-0556a3b9901a|rpc:10.1.0.4:41111|dataStream:|priority:0, 2f089a79-715b-4bd1-9f38-6af58c65be05|rpc:10.1.0.4:33731|dataStream:|priority:0, 2c6e3e89-7bf7-4755-89d7-dad9f6a5f72c|rpc:10.1.0.4:40415|dataStream:|priority:1], old=null
2022-03-14 12:17:46,937 [grpc-default-executor-5] INFO  server.RaftServer$Division (RaftServerImpl.java:requestVote(1046)) - 2c6e3e89-7bf7-4755-89d7-dad9f6a5f72c@group-2D2EB3F1B165: receive requestVote(ELECTION, 3d74c5ad-bb9c-4739-895f-0556a3b9901a, group-2D2EB3F1B165, 1, (t:0, i:0))
2022-03-14 12:17:46,939 [grpc-default-executor-5] INFO  impl.VoteContext (VoteContext.java:log(48)) - 2c6e3e89-7bf7-4755-89d7-dad9f6a5f72c@group-2D2EB3F1B165-CANDIDATE: reject ELECTION from 3d74c5ad-bb9c-4739-895f-0556a3b9901a: already has voted for 2c6e3e89-7bf7-4755-89d7-dad9f6a5f72c at current term 1
2022-03-14 12:17:46,939 [grpc-default-executor-5] INFO  server.RaftServer$Division (RaftServerImpl.java:requestVote(1078)) - 2c6e3e89-7bf7-4755-89d7-dad9f6a5f72c@group-2D2EB3F1B165 replies to ELECTION vote request: 3d74c5ad-bb9c-4739-895f-0556a3b9901a<-2c6e3e89-7bf7-4755-89d7-dad9f6a5f72c#0:FAIL-t1. Peer's state: 2c6e3e89-7bf7-4755-89d7-dad9f6a5f72c@group-2D2EB3F1B165:t1, leader=null, voted=2c6e3e89-7bf7-4755-89d7-dad9f6a5f72c, raftlog=2c6e3e89-7bf7-4755-89d7-dad9f6a5f72c@group-2D2EB3F1B165-SegmentedRaftLog:OPENED:c-1, conf=-1: [3d74c5ad-bb9c-4739-895f-0556a3b9901a|rpc:10.1.0.4:41111|dataStream:|priority:0, 2f089a79-715b-4bd1-9f38-6af58c65be05|rpc:10.1.0.4:33731|dataStream:|priority:0, 2c6e3e89-7bf7-4755-89d7-dad9f6a5f72c|rpc:10.1.0.4:40415|dataStream:|priority:1], old=null
2022-03-14 12:17:46,947 [3d74c5ad-bb9c-4739-895f-0556a3b9901a@group-2D2EB3F1B165-LeaderElection8] INFO  impl.LeaderElection (LeaderElection.java:logAndReturn(89)) - 3d74c5ad-bb9c-4739-895f-0556a3b9901a@group-2D2EB3F1B165-LeaderElection8: ELECTION REJECTED received 2 response(s) and 0 exception(s):
2022-03-14 12:17:46,947 [3d74c5ad-bb9c-4739-895f-0556a3b9901a@group-2D2EB3F1B165-LeaderElection8] INFO  impl.LeaderElection (LeaderElection.java:logAndReturn(93)) -   Response 0: 3d74c5ad-bb9c-4739-895f-0556a3b9901a<-2f089a79-715b-4bd1-9f38-6af58c65be05#0:OK-t1
2022-03-14 12:17:46,947 [3d74c5ad-bb9c-4739-895f-0556a3b9901a@group-2D2EB3F1B165-LeaderElection8] INFO  impl.LeaderElection (LeaderElection.java:logAndReturn(93)) -   Response 1: 3d74c5ad-bb9c-4739-895f-0556a3b9901a<-2c6e3e89-7bf7-4755-89d7-dad9f6a5f72c#0:FAIL-t1
2022-03-14 12:17:46,948 [3d74c5ad-bb9c-4739-895f-0556a3b9901a@group-2D2EB3F1B165-LeaderElection8] INFO  impl.LeaderElection (LeaderElection.java:askForVotes(308)) - 3d74c5ad-bb9c-4739-895f-0556a3b9901a@group-2D2EB3F1B165-LeaderElection8 ELECTION round 0: result REJECTED
2022-03-14 12:17:46,948 [3d74c5ad-bb9c-4739-895f-0556a3b9901a@group-2D2EB3F1B165-LeaderElection8] INFO  server.RaftServer$Division (RaftServerImpl.java:setRole(290)) - 3d74c5ad-bb9c-4739-895f-0556a3b9901a@group-2D2EB3F1B165: changes role from CANDIDATE to FOLLOWER at term 1 for REJECTED
2022-03-14 12:17:46,948 [3d74c5ad-bb9c-4739-895f-0556a3b9901a@group-2D2EB3F1B165-LeaderElection8] INFO  impl.RoleInfo (RoleInfo.java:shutdownLeaderElection(121)) - 3d74c5ad-bb9c-4739-895f-0556a3b9901a: shutdown 3d74c5ad-bb9c-4739-895f-0556a3b9901a@group-2D2EB3F1B165-LeaderElection8
2022-03-14 12:17:46,948 [3d74c5ad-bb9c-4739-895f-0556a3b9901a@group-2D2EB3F1B165-LeaderElection8] INFO  impl.RoleInfo (RoleInfo.java:updateAndGet(130)) - 3d74c5ad-bb9c-4739-895f-0556a3b9901a: start 3d74c5ad-bb9c-4739-895f-0556a3b9901a@group-2D2EB3F1B165-FollowerState
2022-03-14 12:17:46,954 [grpc-default-executor-5] INFO  server.RaftServer$Division (RaftServerImpl.java:requestVote(1046)) - 3d74c5ad-bb9c-4739-895f-0556a3b9901a@group-2D2EB3F1B165: receive requestVote(ELECTION, 2c6e3e89-7bf7-4755-89d7-dad9f6a5f72c, group-2D2EB3F1B165, 1, (t:0, i:0))
2022-03-14 12:17:46,954 [grpc-default-executor-2] INFO  server.RaftServer$Division (RaftServerImpl.java:requestVote(1046)) - 2f089a79-715b-4bd1-9f38-6af58c65be05@group-2D2EB3F1B165: receive requestVote(ELECTION, 2c6e3e89-7bf7-4755-89d7-dad9f6a5f72c, group-2D2EB3F1B165, 1, (t:0, i:0))
2022-03-14 12:17:46,955 [grpc-default-executor-2] INFO  impl.VoteContext (VoteContext.java:log(48)) - 2f089a79-715b-4bd1-9f38-6af58c65be05@group-2D2EB3F1B165-FOLLOWER: reject ELECTION from 2c6e3e89-7bf7-4755-89d7-dad9f6a5f72c: already has voted for 3d74c5ad-bb9c-4739-895f-0556a3b9901a at current term 1
2022-03-14 12:17:46,955 [grpc-default-executor-2] INFO  server.RaftServer$Division (RaftServerImpl.java:requestVote(1078)) - 2f089a79-715b-4bd1-9f38-6af58c65be05@group-2D2EB3F1B165 replies to ELECTION vote request: 2c6e3e89-7bf7-4755-89d7-dad9f6a5f72c<-2f089a79-715b-4bd1-9f38-6af58c65be05#0:FAIL-t1. Peer's state: 2f089a79-715b-4bd1-9f38-6af58c65be05@group-2D2EB3F1B165:t1, leader=null, voted=3d74c5ad-bb9c-4739-895f-0556a3b9901a, raftlog=2f089a79-715b-4bd1-9f38-6af58c65be05@group-2D2EB3F1B165-SegmentedRaftLog:OPENED:c-1, conf=-1: [3d74c5ad-bb9c-4739-895f-0556a3b9901a|rpc:10.1.0.4:41111|dataStream:|priority:0, 2f089a79-715b-4bd1-9f38-6af58c65be05|rpc:10.1.0.4:33731|dataStream:|priority:0, 2c6e3e89-7bf7-4755-89d7-dad9f6a5f72c|rpc:10.1.0.4:40415|dataStream:|priority:1], old=null
2022-03-14 12:17:46,955 [grpc-default-executor-5] INFO  impl.VoteContext (VoteContext.java:log(48)) - 3d74c5ad-bb9c-4739-895f-0556a3b9901a@group-2D2EB3F1B165-FOLLOWER: reject ELECTION from 2c6e3e89-7bf7-4755-89d7-dad9f6a5f72c: already has voted for 3d74c5ad-bb9c-4739-895f-0556a3b9901a at current term 1
2022-03-14 12:17:46,955 [grpc-default-executor-5] INFO  server.RaftServer$Division (RaftServerImpl.java:requestVote(1078)) - 3d74c5ad-bb9c-4739-895f-0556a3b9901a@group-2D2EB3F1B165 replies to ELECTION vote request: 2c6e3e89-7bf7-4755-89d7-dad9f6a5f72c<-3d74c5ad-bb9c-4739-895f-0556a3b9901a#0:FAIL-t1. Peer's state: 3d74c5ad-bb9c-4739-895f-0556a3b9901a@group-2D2EB3F1B165:t1, leader=null, voted=3d74c5ad-bb9c-4739-895f-0556a3b9901a, raftlog=3d74c5ad-bb9c-4739-895f-0556a3b9901a@group-2D2EB3F1B165-SegmentedRaftLog:OPENED:c-1, conf=-1: [3d74c5ad-bb9c-4739-895f-0556a3b9901a|rpc:10.1.0.4:41111|priority:0, 2f089a79-715b-4bd1-9f38-6af58c65be05|rpc:10.1.0.4:33731|priority:0, 2c6e3e89-7bf7-4755-89d7-dad9f6a5f72c|rpc:10.1.0.4:40415|priority:1], old=null
2022-03-14 12:17:46,957 [2c6e3e89-7bf7-4755-89d7-dad9f6a5f72c@group-2D2EB3F1B165-LeaderElection9] INFO  impl.LeaderElection (LeaderElection.java:logAndReturn(89)) - 2c6e3e89-7bf7-4755-89d7-dad9f6a5f72c@group-2D2EB3F1B165-LeaderElection9: ELECTION REJECTED received 2 response(s) and 0 exception(s):
2022-03-14 12:17:46,958 [2c6e3e89-7bf7-4755-89d7-dad9f6a5f72c@group-2D2EB3F1B165-LeaderElection9] INFO  impl.LeaderElection (LeaderElection.java:logAndReturn(93)) -   Response 0: 2c6e3e89-7bf7-4755-89d7-dad9f6a5f72c<-3d74c5ad-bb9c-4739-895f-0556a3b9901a#0:FAIL-t1
2022-03-14 12:17:46,958 [2c6e3e89-7bf7-4755-89d7-dad9f6a5f72c@group-2D2EB3F1B165-LeaderElection9] INFO  impl.LeaderElection (LeaderElection.java:logAndReturn(93)) -   Response 1: 2c6e3e89-7bf7-4755-89d7-dad9f6a5f72c<-2f089a79-715b-4bd1-9f38-6af58c65be05#0:FAIL-t1
2022-03-14 12:17:46,958 [2c6e3e89-7bf7-4755-89d7-dad9f6a5f72c@group-2D2EB3F1B165-LeaderElection9] INFO  impl.LeaderElection (LeaderElection.java:askForVotes(308)) - 2c6e3e89-7bf7-4755-89d7-dad9f6a5f72c@group-2D2EB3F1B165-LeaderElection9 ELECTION round 0: result REJECTED
2022-03-14 12:17:46,958 [2c6e3e89-7bf7-4755-89d7-dad9f6a5f72c@group-2D2EB3F1B165-LeaderElection9] INFO  server.RaftServer$Division (RaftServerImpl.java:setRole(290)) - 2c6e3e89-7bf7-4755-89d7-dad9f6a5f72c@group-2D2EB3F1B165: changes role from CANDIDATE to FOLLOWER at term 1 for REJECTED
2022-03-14 12:17:46,958 [2c6e3e89-7bf7-4755-89d7-dad9f6a5f72c@group-2D2EB3F1B165-LeaderElection9] INFO  impl.RoleInfo (RoleInfo.java:shutdownLeaderElection(121)) - 2c6e3e89-7bf7-4755-89d7-dad9f6a5f72c: shutdown 2c6e3e89-7bf7-4755-89d7-dad9f6a5f72c@group-2D2EB3F1B165-LeaderElection9
2022-03-14 12:17:46,958 [2c6e3e89-7bf7-4755-89d7-dad9f6a5f72c@group-2D2EB3F1B165-LeaderElection9] INFO  impl.RoleInfo (RoleInfo.java:updateAndGet(130)) - 2c6e3e89-7bf7-4755-89d7-dad9f6a5f72c: start 2c6e3e89-7bf7-4755-89d7-dad9f6a5f72c@group-2D2EB3F1B165-FollowerState
2022-03-14 12:17:47,016 [3d74c5ad-bb9c-4739-895f-0556a3b9901a@group-C07123ECEBA5-FollowerState] INFO  impl.FollowerState (FollowerState.java:run(134)) - 3d74c5ad-bb9c-4739-895f-0556a3b9901a@group-C07123ECEBA5-FollowerState: change to CANDIDATE, lastRpcElapsedTime:5022820947ns, electionTimeout:5022ms
2022-03-14 12:17:47,017 [3d74c5ad-bb9c-4739-895f-0556a3b9901a@group-C07123ECEBA5-FollowerState] INFO  impl.RoleInfo (RoleInfo.java:shutdownFollowerState(108)) - 3d74c5ad-bb9c-4739-895f-0556a3b9901a: shutdown 3d74c5ad-bb9c-4739-895f-0556a3b9901a@group-C07123ECEBA5-FollowerState
2022-03-14 12:17:47,017 [3d74c5ad-bb9c-4739-895f-0556a3b9901a@group-C07123ECEBA5-FollowerState] INFO  server.RaftServer$Division (RaftServerImpl.java:setRole(290)) - 3d74c5ad-bb9c-4739-895f-0556a3b9901a@group-C07123ECEBA5: changes role from  FOLLOWER to CANDIDATE at term 0 for changeToCandidate
2022-03-14 12:17:47,017 [3d74c5ad-bb9c-4739-895f-0556a3b9901a@group-C07123ECEBA5-FollowerState] INFO  server.RaftServerConfigKeys (ConfUtils.java:logGet(44)) - raft.server.leaderelection.pre-vote = false (custom)
2022-03-14 12:17:47,017 [3d74c5ad-bb9c-4739-895f-0556a3b9901a@group-C07123ECEBA5-FollowerState] INFO  impl.RoleInfo (RoleInfo.java:updateAndGet(130)) - 3d74c5ad-bb9c-4739-895f-0556a3b9901a: start 3d74c5ad-bb9c-4739-895f-0556a3b9901a@group-C07123ECEBA5-LeaderElection10
2022-03-14 12:17:47,021 [3d74c5ad-bb9c-4739-895f-0556a3b9901a@group-C07123ECEBA5-LeaderElection10] INFO  impl.LeaderElection (LeaderElection.java:askForVotes(306)) - 3d74c5ad-bb9c-4739-895f-0556a3b9901a@group-C07123ECEBA5-LeaderElection10 ELECTION round 0: submit vote requests at term 1 for -1: [3d74c5ad-bb9c-4739-895f-0556a3b9901a|rpc:10.1.0.4:41111|priority:1, 2f089a79-715b-4bd1-9f38-6af58c65be05|rpc:10.1.0.4:33731|priority:0, 2c6e3e89-7bf7-4755-89d7-dad9f6a5f72c|rpc:10.1.0.4:40415|priority:0], old=null
2022-03-14 12:17:47,023 [grpc-default-executor-5] INFO  server.RaftServer$Division (RaftServerImpl.java:requestVote(1046)) - 2f089a79-715b-4bd1-9f38-6af58c65be05@group-C07123ECEBA5: receive requestVote(ELECTION, 3d74c5ad-bb9c-4739-895f-0556a3b9901a, group-C07123ECEBA5, 1, (t:0, i:0))
2022-03-14 12:17:47,023 [grpc-default-executor-5] INFO  impl.VoteContext (VoteContext.java:log(48)) - 2f089a79-715b-4bd1-9f38-6af58c65be05@group-C07123ECEBA5-FOLLOWER: accept ELECTION from 3d74c5ad-bb9c-4739-895f-0556a3b9901a: our priority 0 <= candidate's priority 1
2022-03-14 12:17:47,023 [grpc-default-executor-5] INFO  server.RaftServer$Division (RaftServerImpl.java:setRole(290)) - 2f089a79-715b-4bd1-9f38-6af58c65be05@group-C07123ECEBA5: changes role from  FOLLOWER to FOLLOWER at term 1 for candidate:3d74c5ad-bb9c-4739-895f-0556a3b9901a
2022-03-14 12:17:47,023 [grpc-default-executor-5] INFO  impl.RoleInfo (RoleInfo.java:shutdownFollowerState(108)) - 2f089a79-715b-4bd1-9f38-6af58c65be05: shutdown 2f089a79-715b-4bd1-9f38-6af58c65be05@group-C07123ECEBA5-FollowerState
2022-03-14 12:17:47,024 [grpc-default-executor-5] INFO  impl.RoleInfo (RoleInfo.java:updateAndGet(130)) - 2f089a79-715b-4bd1-9f38-6af58c65be05: start 2f089a79-715b-4bd1-9f38-6af58c65be05@group-C07123ECEBA5-FollowerState
2022-03-14 12:17:47,024 [2f089a79-715b-4bd1-9f38-6af58c65be05@group-C07123ECEBA5-FollowerState] INFO  impl.FollowerState (FollowerState.java:run(143)) - 2f089a79-715b-4bd1-9f38-6af58c65be05@group-C07123ECEBA5-FollowerState was interrupted: {}
java.lang.InterruptedException: sleep interrupted
	at java.lang.Thread.sleep(Native Method)
	at java.lang.Thread.sleep(Thread.java:342)
	at java.util.concurrent.TimeUnit.sleep(TimeUnit.java:386)
	at org.apache.ratis.util.TimeDuration.sleep(TimeDuration.java:324)
	at org.apache.ratis.util.TimeDuration.sleep(TimeDuration.java:309)
	at org.apache.ratis.server.impl.FollowerState.run(FollowerState.java:118)
2022-03-14 12:17:47,029 [grpc-default-executor-2] INFO  server.RaftServer$Division (RaftServerImpl.java:requestVote(1046)) - 2c6e3e89-7bf7-4755-89d7-dad9f6a5f72c@group-C07123ECEBA5: receive requestVote(ELECTION, 3d74c5ad-bb9c-4739-895f-0556a3b9901a, group-C07123ECEBA5, 1, (t:0, i:0))
2022-03-14 12:17:47,029 [grpc-default-executor-2] INFO  impl.VoteContext (VoteContext.java:log(48)) - 2c6e3e89-7bf7-4755-89d7-dad9f6a5f72c@group-C07123ECEBA5-FOLLOWER: accept ELECTION from 3d74c5ad-bb9c-4739-895f-0556a3b9901a: our priority 0 <= candidate's priority 1
2022-03-14 12:17:47,029 [grpc-default-executor-2] INFO  server.RaftServer$Division (RaftServerImpl.java:setRole(290)) - 2c6e3e89-7bf7-4755-89d7-dad9f6a5f72c@group-C07123ECEBA5: changes role from  FOLLOWER to FOLLOWER at term 1 for candidate:3d74c5ad-bb9c-4739-895f-0556a3b9901a
2022-03-14 12:17:47,029 [grpc-default-executor-2] INFO  impl.RoleInfo (RoleInfo.java:shutdownFollowerState(108)) - 2c6e3e89-7bf7-4755-89d7-dad9f6a5f72c: shutdown 2c6e3e89-7bf7-4755-89d7-dad9f6a5f72c@group-C07123ECEBA5-FollowerState
2022-03-14 12:17:47,029 [grpc-default-executor-2] INFO  impl.RoleInfo (RoleInfo.java:updateAndGet(130)) - 2c6e3e89-7bf7-4755-89d7-dad9f6a5f72c: start 2c6e3e89-7bf7-4755-89d7-dad9f6a5f72c@group-C07123ECEBA5-FollowerState
2022-03-14 12:17:47,029 [2c6e3e89-7bf7-4755-89d7-dad9f6a5f72c@group-C07123ECEBA5-FollowerState] INFO  impl.FollowerState (FollowerState.java:run(143)) - 2c6e3e89-7bf7-4755-89d7-dad9f6a5f72c@group-C07123ECEBA5-FollowerState was interrupted: {}
java.lang.InterruptedException: sleep interrupted
	at java.lang.Thread.sleep(Native Method)
	at java.lang.Thread.sleep(Thread.java:342)
	at java.util.concurrent.TimeUnit.sleep(TimeUnit.java:386)
	at org.apache.ratis.util.TimeDuration.sleep(TimeDuration.java:324)
	at org.apache.ratis.util.TimeDuration.sleep(TimeDuration.java:309)
	at org.apache.ratis.server.impl.FollowerState.run(FollowerState.java:118)
2022-03-14 12:17:47,031 [grpc-default-executor-5] INFO  server.RaftServer$Division (RaftServerImpl.java:requestVote(1078)) - 2f089a79-715b-4bd1-9f38-6af58c65be05@group-C07123ECEBA5 replies to ELECTION vote request: 3d74c5ad-bb9c-4739-895f-0556a3b9901a<-2f089a79-715b-4bd1-9f38-6af58c65be05#0:OK-t1. Peer's state: 2f089a79-715b-4bd1-9f38-6af58c65be05@group-C07123ECEBA5:t1, leader=null, voted=3d74c5ad-bb9c-4739-895f-0556a3b9901a, raftlog=2f089a79-715b-4bd1-9f38-6af58c65be05@group-C07123ECEBA5-SegmentedRaftLog:OPENED:c-1, conf=-1: [3d74c5ad-bb9c-4739-895f-0556a3b9901a|rpc:10.1.0.4:41111|dataStream:|priority:1, 2f089a79-715b-4bd1-9f38-6af58c65be05|rpc:10.1.0.4:33731|dataStream:|priority:0, 2c6e3e89-7bf7-4755-89d7-dad9f6a5f72c|rpc:10.1.0.4:40415|dataStream:|priority:0], old=null
2022-03-14 12:17:47,032 [grpc-default-executor-2] INFO  server.RaftServer$Division (RaftServerImpl.java:requestVote(1078)) - 2c6e3e89-7bf7-4755-89d7-dad9f6a5f72c@group-C07123ECEBA5 replies to ELECTION vote request: 3d74c5ad-bb9c-4739-895f-0556a3b9901a<-2c6e3e89-7bf7-4755-89d7-dad9f6a5f72c#0:OK-t1. Peer's state: 2c6e3e89-7bf7-4755-89d7-dad9f6a5f72c@group-C07123ECEBA5:t1, leader=null, voted=3d74c5ad-bb9c-4739-895f-0556a3b9901a, raftlog=2c6e3e89-7bf7-4755-89d7-dad9f6a5f72c@group-C07123ECEBA5-SegmentedRaftLog:OPENED:c-1, conf=-1: [3d74c5ad-bb9c-4739-895f-0556a3b9901a|rpc:10.1.0.4:41111|dataStream:|priority:1, 2f089a79-715b-4bd1-9f38-6af58c65be05|rpc:10.1.0.4:33731|dataStream:|priority:0, 2c6e3e89-7bf7-4755-89d7-dad9f6a5f72c|rpc:10.1.0.4:40415|dataStream:|priority:0], old=null
2022-03-14 12:17:47,032 [3d74c5ad-bb9c-4739-895f-0556a3b9901a@group-C07123ECEBA5-LeaderElection10] INFO  impl.LeaderElection (LeaderElection.java:logAndReturn(89)) - 3d74c5ad-bb9c-4739-895f-0556a3b9901a@group-C07123ECEBA5-LeaderElection10: ELECTION PASSED received 1 response(s) and 0 exception(s):
2022-03-14 12:17:47,033 [3d74c5ad-bb9c-4739-895f-0556a3b9901a@group-C07123ECEBA5-LeaderElection10] INFO  impl.LeaderElection (LeaderElection.java:logAndReturn(93)) -   Response 0: 3d74c5ad-bb9c-4739-895f-0556a3b9901a<-2f089a79-715b-4bd1-9f38-6af58c65be05#0:OK-t1
2022-03-14 12:17:47,033 [3d74c5ad-bb9c-4739-895f-0556a3b9901a@group-C07123ECEBA5-LeaderElection10] INFO  impl.LeaderElection (LeaderElection.java:askForVotes(308)) - 3d74c5ad-bb9c-4739-895f-0556a3b9901a@group-C07123ECEBA5-LeaderElection10 ELECTION round 0: result PASSED
2022-03-14 12:17:47,033 [3d74c5ad-bb9c-4739-895f-0556a3b9901a@group-C07123ECEBA5-LeaderElection10] INFO  impl.RoleInfo (RoleInfo.java:shutdownLeaderElection(121)) - 3d74c5ad-bb9c-4739-895f-0556a3b9901a: shutdown 3d74c5ad-bb9c-4739-895f-0556a3b9901a@group-C07123ECEBA5-LeaderElection10
2022-03-14 12:17:47,033 [3d74c5ad-bb9c-4739-895f-0556a3b9901a@group-C07123ECEBA5-LeaderElection10] INFO  server.RaftServer$Division (RaftServerImpl.java:setRole(290)) - 3d74c5ad-bb9c-4739-895f-0556a3b9901a@group-C07123ECEBA5: changes role from CANDIDATE to LEADER at term 1 for changeToLeader
2022-03-14 12:17:47,033 [3d74c5ad-bb9c-4739-895f-0556a3b9901a@group-C07123ECEBA5-LeaderElection10] INFO  ratis.XceiverServerRatis (XceiverServerRatis.java:handleLeaderChangedNotification(869)) - Leader change notification received for group: group-C07123ECEBA5 with new leaderId: 3d74c5ad-bb9c-4739-895f-0556a3b9901a
2022-03-14 12:17:47,033 [3d74c5ad-bb9c-4739-895f-0556a3b9901a@group-C07123ECEBA5-LeaderElection10] INFO  server.RaftServer$Division (ServerState.java:setLeader(285)) - 3d74c5ad-bb9c-4739-895f-0556a3b9901a@group-C07123ECEBA5: change Leader from null to 3d74c5ad-bb9c-4739-895f-0556a3b9901a at term 1 for becomeLeader, leader elected after 5045ms
2022-03-14 12:17:47,033 [3d74c5ad-bb9c-4739-895f-0556a3b9901a@group-C07123ECEBA5-LeaderElection10] INFO  server.RaftServerConfigKeys (ConfUtils.java:logGet(44)) - raft.server.staging.catchup.gap = 1000 (default)
2022-03-14 12:17:47,033 [3d74c5ad-bb9c-4739-895f-0556a3b9901a@group-C07123ECEBA5-LeaderElection10] INFO  server.RaftServerConfigKeys (ConfUtils.java:logGet(44)) - raft.server.write.element-limit = 1024 (custom)
2022-03-14 12:17:47,033 [3d74c5ad-bb9c-4739-895f-0556a3b9901a@group-C07123ECEBA5-LeaderElection10] INFO  server.RaftServerConfigKeys (ConfUtils.java:logGet(44)) - raft.server.write.byte-limit = 1024 M (=1073741824) (custom)
2022-03-14 12:17:47,034 [3d74c5ad-bb9c-4739-895f-0556a3b9901a@group-C07123ECEBA5-LeaderElection10] INFO  server.RaftServerConfigKeys (ConfUtils.java:logGet(44)) - raft.server.watch.timeout = 180s (custom)
2022-03-14 12:17:47,034 [3d74c5ad-bb9c-4739-895f-0556a3b9901a@group-C07123ECEBA5-LeaderElection10] INFO  server.RaftServerConfigKeys (ConfUtils.java:logGet(44)) - raft.server.watch.timeout.denomination = 1s (default)
2022-03-14 12:17:47,034 [3d74c5ad-bb9c-4739-895f-0556a3b9901a@group-C07123ECEBA5-LeaderElection10] INFO  server.RaftServerConfigKeys (ConfUtils.java:logGet(44)) - raft.server.watch.element-limit = 65536 (default)
2022-03-14 12:17:47,034 [3d74c5ad-bb9c-4739-895f-0556a3b9901a@group-C07123ECEBA5-LeaderElection10] INFO  server.RaftServerConfigKeys (ConfUtils.java:logGet(44)) - raft.server.write.element-limit = 1024 (custom)
2022-03-14 12:17:47,034 [3d74c5ad-bb9c-4739-895f-0556a3b9901a@group-C07123ECEBA5-LeaderElection10] INFO  server.RaftServerConfigKeys (ConfUtils.java:logGet(44)) - raft.server.write.follower.gap.ratio.max = -1.0 (default)
2022-03-14 12:17:47,034 [3d74c5ad-bb9c-4739-895f-0556a3b9901a@group-C07123ECEBA5-LeaderElection10] INFO  server.RaftServerConfigKeys (ConfUtils.java:logGet(44)) - raft.server.log.appender.snapshot.chunk.size.max = 16MB (=16777216) (default)
2022-03-14 12:17:47,034 [3d74c5ad-bb9c-4739-895f-0556a3b9901a@group-C07123ECEBA5-LeaderElection10] INFO  server.RaftServerConfigKeys (ConfUtils.java:logGet(44)) - raft.server.log.appender.buffer.byte-limit = 33554432 (custom)
2022-03-14 12:17:47,034 [3d74c5ad-bb9c-4739-895f-0556a3b9901a@group-C07123ECEBA5-LeaderElection10] INFO  server.RaftServerConfigKeys (ConfUtils.java:logGet(44)) - raft.server.log.appender.buffer.element-limit = 1 (custom)
2022-03-14 12:17:47,034 [3d74c5ad-bb9c-4739-895f-0556a3b9901a@group-C07123ECEBA5-LeaderElection10] INFO  grpc.GrpcConfigKeys (ConfUtils.java:logGet(44)) - raft.grpc.server.leader.outstanding.appends.max = 128 (default)
2022-03-14 12:17:47,034 [3d74c5ad-bb9c-4739-895f-0556a3b9901a@group-C07123ECEBA5-LeaderElection10] INFO  server.RaftServerConfigKeys (ConfUtils.java:logGet(44)) - raft.server.rpc.request.timeout = 60s (custom)
2022-03-14 12:17:47,034 [3d74c5ad-bb9c-4739-895f-0556a3b9901a@group-C07123ECEBA5-LeaderElection10] INFO  server.RaftServerConfigKeys (ConfUtils.java:logGet(44)) - raft.server.log.appender.install.snapshot.enabled = false (custom)
2022-03-14 12:17:47,035 [3d74c5ad-bb9c-4739-895f-0556a3b9901a@group-C07123ECEBA5-LeaderElection10] INFO  server.RaftServerConfigKeys (ConfUtils.java:logGet(44)) - raft.server.log.appender.snapshot.chunk.size.max = 16MB (=16777216) (default)
2022-03-14 12:17:47,035 [3d74c5ad-bb9c-4739-895f-0556a3b9901a@group-C07123ECEBA5-LeaderElection10] INFO  server.RaftServerConfigKeys (ConfUtils.java:logGet(44)) - raft.server.log.appender.buffer.byte-limit = 33554432 (custom)
2022-03-14 12:17:47,035 [3d74c5ad-bb9c-4739-895f-0556a3b9901a@group-C07123ECEBA5-LeaderElection10] INFO  server.RaftServerConfigKeys (ConfUtils.java:logGet(44)) - raft.server.log.appender.buffer.element-limit = 1 (custom)
2022-03-14 12:17:47,035 [3d74c5ad-bb9c-4739-895f-0556a3b9901a@group-C07123ECEBA5-LeaderElection10] INFO  grpc.GrpcConfigKeys (ConfUtils.java:logGet(44)) - raft.grpc.server.leader.outstanding.appends.max = 128 (default)
2022-03-14 12:17:47,035 [3d74c5ad-bb9c-4739-895f-0556a3b9901a@group-C07123ECEBA5-LeaderElection10] INFO  server.RaftServerConfigKeys (ConfUtils.java:logGet(44)) - raft.server.rpc.request.timeout = 60s (custom)
2022-03-14 12:17:47,035 [3d74c5ad-bb9c-4739-895f-0556a3b9901a@group-C07123ECEBA5-LeaderElection10] INFO  server.RaftServerConfigKeys (ConfUtils.java:logGet(44)) - raft.server.log.appender.install.snapshot.enabled = false (custom)
2022-03-14 12:17:47,036 [EventQueue-OpenPipelineForHealthyPipelineSafeModeRule] INFO  safemode.SCMSafeModeManager (HealthyPipelineSafeModeRule.java:process(124)) - SCM in safe mode. Healthy pipelines reported count is 0, required healthy pipeline reported count is 1
2022-03-14 12:17:47,037 [EventQueue-PipelineReportForPipelineReportHandler] INFO  pipeline.PipelineManagerImpl (PipelineManagerImpl.java:openPipeline(291)) - Pipeline Pipeline[ Id: db11fbf8-e1a7-4ccd-8223-c07123eceba5, Nodes: 3d74c5ad-bb9c-4739-895f-0556a3b9901a{ip: 10.1.0.4, host: fv-az291-848.wgnan5asplgejimfprtllbpdch.jx.internal.cloudapp.net, ports: [REPLICATION=45717, RATIS=41111, RATIS_ADMIN=41111, RATIS_SERVER=41111, STANDALONE=39569], networkLocation: /default-rack, certSerialId: null, persistedOpState: IN_SERVICE, persistedOpStateExpiryEpochSec: 0}2c6e3e89-7bf7-4755-89d7-dad9f6a5f72c{ip: 10.1.0.4, host: fv-az291-848.wgnan5asplgejimfprtllbpdch.jx.internal.cloudapp.net, ports: [REPLICATION=34009, RATIS=40415, RATIS_ADMIN=40415, RATIS_SERVER=40415, STANDALONE=37501], networkLocation: /default-rack, certSerialId: null, persistedOpState: IN_SERVICE, persistedOpStateExpiryEpochSec: 0}2f089a79-715b-4bd1-9f38-6af58c65be05{ip: 10.1.0.4, host: fv-az291-848.wgnan5asplgejimfprtllbpdch.jx.internal.cloudapp.net, ports: [REPLICATION=34213, RATIS=33731, RATIS_ADMIN=33731, RATIS_SERVER=33731, STANDALONE=40499], networkLocation: /default-rack, certSerialId: null, persistedOpState: IN_SERVICE, persistedOpStateExpiryEpochSec: 0}, ReplicationConfig: RATIS/THREE, State:ALLOCATED, leaderId:3d74c5ad-bb9c-4739-895f-0556a3b9901a, CreationTimestamp2022-03-14T12:17:39.530Z[Etc/UTC]] moved to OPEN state
2022-03-14 12:17:47,037 [3d74c5ad-bb9c-4739-895f-0556a3b9901a@group-C07123ECEBA5-LeaderElection10] INFO  impl.RoleInfo (RoleInfo.java:updateAndGet(130)) - 3d74c5ad-bb9c-4739-895f-0556a3b9901a: start 3d74c5ad-bb9c-4739-895f-0556a3b9901a@group-C07123ECEBA5-LeaderStateImpl
2022-03-14 12:17:47,038 [3d74c5ad-bb9c-4739-895f-0556a3b9901a@group-C07123ECEBA5-LeaderElection10] INFO  segmented.SegmentedRaftLogWorker (SegmentedRaftLogWorker.java:startLogSegment(394)) - 3d74c5ad-bb9c-4739-895f-0556a3b9901a@group-C07123ECEBA5-SegmentedRaftLogWorker: Starting segment from index:0
2022-03-14 12:17:47,041 [3d74c5ad-bb9c-4739-895f-0556a3b9901a@group-C07123ECEBA5-SegmentedRaftLogWorker] INFO  segmented.SegmentedRaftLogWorker (SegmentedRaftLogWorker.java:execute(601)) - 3d74c5ad-bb9c-4739-895f-0556a3b9901a@group-C07123ECEBA5-SegmentedRaftLogWorker: created new log segment /home/runner/work/ozone/ozone/hadoop-ozone/integration-test/target/test-dir/MiniOzoneClusterImpl-278953cb-1c57-4e8b-ba2f-5e3472d45912/datanode-0/data/ratis/db11fbf8-e1a7-4ccd-8223-c07123eceba5/current/log_inprogress_0
2022-03-14 12:17:47,056 [abc8918d-16fb-4660-8109-f5bf0640b8c5@group-5E3472D45912-StateMachineUpdater] INFO  safemode.HealthyPipelineSafeModeRule (HealthyPipelineSafeModeRule.java:initializeRule(152)) - Refreshed total pipeline count is 1, healthy pipeline threshold count is 1
2022-03-14 12:17:47,063 [grpc-default-executor-5] INFO  ratis.XceiverServerRatis (XceiverServerRatis.java:handleLeaderChangedNotification(869)) - Leader change notification received for group: group-C07123ECEBA5 with new leaderId: 3d74c5ad-bb9c-4739-895f-0556a3b9901a
2022-03-14 12:17:47,063 [3d74c5ad-bb9c-4739-895f-0556a3b9901a@group-C07123ECEBA5-LeaderElection10] INFO  server.RaftServer$Division (ServerState.java:setRaftConf(387)) - 3d74c5ad-bb9c-4739-895f-0556a3b9901a@group-C07123ECEBA5: set configuration 0: [3d74c5ad-bb9c-4739-895f-0556a3b9901a|rpc:10.1.0.4:41111|dataStream:|priority:1, 2f089a79-715b-4bd1-9f38-6af58c65be05|rpc:10.1.0.4:33731|dataStream:|priority:0, 2c6e3e89-7bf7-4755-89d7-dad9f6a5f72c|rpc:10.1.0.4:40415|dataStream:|priority:0], old=null
2022-03-14 12:17:47,063 [EventQueue-OpenPipelineForHealthyPipelineSafeModeRule] INFO  safemode.SCMSafeModeManager (HealthyPipelineSafeModeRule.java:process(124)) - SCM in safe mode. Healthy pipelines reported count is 1, required healthy pipeline reported count is 1
2022-03-14 12:17:47,063 [EventQueue-OpenPipelineForHealthyPipelineSafeModeRule] INFO  safemode.SCMSafeModeManager (SCMSafeModeManager.java:validateSafeModeExitRules(204)) - HealthyPipelineSafeModeRule rule is successfully validated
2022-03-14 12:17:47,063 [EventQueue-OpenPipelineForHealthyPipelineSafeModeRule] INFO  safemode.SCMSafeModeManager (SCMSafeModeManager.java:validateSafeModeExitRules(219)) - ScmSafeModeManager, all rules are successfully validated
2022-03-14 12:17:47,063 [EventQueue-OpenPipelineForHealthyPipelineSafeModeRule] INFO  safemode.SCMSafeModeManager (SCMSafeModeManager.java:exitSafeMode(248)) - SCM exiting safe mode.
2022-03-14 12:17:47,064 [grpc-default-executor-2] INFO  ratis.XceiverServerRatis (XceiverServerRatis.java:handleLeaderChangedNotification(869)) - Leader change notification received for group: group-C07123ECEBA5 with new leaderId: 3d74c5ad-bb9c-4739-895f-0556a3b9901a
2022-03-14 12:17:47,064 [grpc-default-executor-2] INFO  server.RaftServer$Division (ServerState.java:setLeader(285)) - 2f089a79-715b-4bd1-9f38-6af58c65be05@group-C07123ECEBA5: change Leader from null to 3d74c5ad-bb9c-4739-895f-0556a3b9901a at term 1 for appendEntries, leader elected after 4995ms
2022-03-14 12:17:47,063 [grpc-default-executor-5] INFO  server.RaftServer$Division (ServerState.java:setLeader(285)) - 2c6e3e89-7bf7-4755-89d7-dad9f6a5f72c@group-C07123ECEBA5: change Leader from null to 3d74c5ad-bb9c-4739-895f-0556a3b9901a at term 1 for appendEntries, leader elected after 5054ms
2022-03-14 12:17:47,063 [EventQueue-OpenPipelineForHealthyPipelineSafeModeRule] WARN  events.EventQueue (EventQueue.java:fireEvent(194)) - No event handler registered for event TypedEvent{payloadType=SafeModeStatus, name='Safe mode status'}
2022-03-14 12:17:47,065 [EventQueue-OpenPipelineForHealthyPipelineSafeModeRule] INFO  ha.SCMContext (SCMContext.java:updateSafeModeStatus(211)) - Update SafeModeStatus from SafeModeStatus{safeModeStatus=true, preCheckPassed=true} to SafeModeStatus{safeModeStatus=false, preCheckPassed=true}.
2022-03-14 12:17:47,065 [EventQueue-OpenPipelineForHealthyPipelineSafeModeRule] INFO  container.ReplicationManager (ReplicationManager.java:notifyStatusChanged(1807)) - Service ReplicationManager transitions to RUNNING.
2022-03-14 12:17:47,071 [grpc-default-executor-5] INFO  server.RaftServer$Division (ServerState.java:setRaftConf(387)) - 2c6e3e89-7bf7-4755-89d7-dad9f6a5f72c@group-C07123ECEBA5: set configuration 0: [3d74c5ad-bb9c-4739-895f-0556a3b9901a|rpc:10.1.0.4:41111|dataStream:|priority:1, 2f089a79-715b-4bd1-9f38-6af58c65be05|rpc:10.1.0.4:33731|dataStream:|priority:0, 2c6e3e89-7bf7-4755-89d7-dad9f6a5f72c|rpc:10.1.0.4:40415|dataStream:|priority:0], old=null
2022-03-14 12:17:47,072 [grpc-default-executor-5] INFO  segmented.SegmentedRaftLogWorker (SegmentedRaftLogWorker.java:startLogSegment(394)) - 2c6e3e89-7bf7-4755-89d7-dad9f6a5f72c@group-C07123ECEBA5-SegmentedRaftLogWorker: Starting segment from index:0
2022-03-14 12:17:47,074 [grpc-default-executor-2] INFO  server.RaftServer$Division (ServerState.java:setRaftConf(387)) - 2f089a79-715b-4bd1-9f38-6af58c65be05@group-C07123ECEBA5: set configuration 0: [3d74c5ad-bb9c-4739-895f-0556a3b9901a|rpc:10.1.0.4:41111|dataStream:|priority:1, 2f089a79-715b-4bd1-9f38-6af58c65be05|rpc:10.1.0.4:33731|dataStream:|priority:0, 2c6e3e89-7bf7-4755-89d7-dad9f6a5f72c|rpc:10.1.0.4:40415|dataStream:|priority:0], old=null
2022-03-14 12:17:47,074 [grpc-default-executor-2] INFO  segmented.SegmentedRaftLogWorker (SegmentedRaftLogWorker.java:startLogSegment(394)) - 2f089a79-715b-4bd1-9f38-6af58c65be05@group-C07123ECEBA5-SegmentedRaftLogWorker: Starting segment from index:0
2022-03-14 12:17:47,074 [2c6e3e89-7bf7-4755-89d7-dad9f6a5f72c@group-C07123ECEBA5-SegmentedRaftLogWorker] INFO  segmented.SegmentedRaftLogWorker (SegmentedRaftLogWorker.java:execute(601)) - 2c6e3e89-7bf7-4755-89d7-dad9f6a5f72c@group-C07123ECEBA5-SegmentedRaftLogWorker: created new log segment /home/runner/work/ozone/ozone/hadoop-ozone/integration-test/target/test-dir/MiniOzoneClusterImpl-278953cb-1c57-4e8b-ba2f-5e3472d45912/datanode-2/data/ratis/db11fbf8-e1a7-4ccd-8223-c07123eceba5/current/log_inprogress_0
2022-03-14 12:17:47,078 [2f089a79-715b-4bd1-9f38-6af58c65be05@group-C07123ECEBA5-SegmentedRaftLogWorker] INFO  segmented.SegmentedRaftLogWorker (SegmentedRaftLogWorker.java:execute(601)) - 2f089a79-715b-4bd1-9f38-6af58c65be05@group-C07123ECEBA5-SegmentedRaftLogWorker: created new log segment /home/runner/work/ozone/ozone/hadoop-ozone/integration-test/target/test-dir/MiniOzoneClusterImpl-278953cb-1c57-4e8b-ba2f-5e3472d45912/datanode-1/data/ratis/db11fbf8-e1a7-4ccd-8223-c07123eceba5/current/log_inprogress_0
2022-03-14 12:17:47,414 [2f089a79-715b-4bd1-9f38-6af58c65be05@group-CC01C9A5DDCC-FollowerState] INFO  impl.FollowerState (FollowerState.java:run(134)) - 2f089a79-715b-4bd1-9f38-6af58c65be05@group-CC01C9A5DDCC-FollowerState: change to CANDIDATE, lastRpcElapsedTime:5189939193ns, electionTimeout:5184ms
2022-03-14 12:17:47,414 [2f089a79-715b-4bd1-9f38-6af58c65be05@group-CC01C9A5DDCC-FollowerState] INFO  impl.RoleInfo (RoleInfo.java:shutdownFollowerState(108)) - 2f089a79-715b-4bd1-9f38-6af58c65be05: shutdown 2f089a79-715b-4bd1-9f38-6af58c65be05@group-CC01C9A5DDCC-FollowerState
2022-03-14 12:17:47,414 [2f089a79-715b-4bd1-9f38-6af58c65be05@group-CC01C9A5DDCC-FollowerState] INFO  server.RaftServer$Division (RaftServerImpl.java:setRole(290)) - 2f089a79-715b-4bd1-9f38-6af58c65be05@group-CC01C9A5DDCC: changes role from  FOLLOWER to CANDIDATE at term 0 for changeToCandidate
2022-03-14 12:17:47,414 [2f089a79-715b-4bd1-9f38-6af58c65be05@group-CC01C9A5DDCC-FollowerState] INFO  server.RaftServerConfigKeys (ConfUtils.java:logGet(44)) - raft.server.leaderelection.pre-vote = false (custom)
2022-03-14 12:17:47,414 [2f089a79-715b-4bd1-9f38-6af58c65be05@group-CC01C9A5DDCC-FollowerState] INFO  impl.RoleInfo (RoleInfo.java:updateAndGet(130)) - 2f089a79-715b-4bd1-9f38-6af58c65be05: start 2f089a79-715b-4bd1-9f38-6af58c65be05@group-CC01C9A5DDCC-LeaderElection11
2022-03-14 12:17:47,417 [2f089a79-715b-4bd1-9f38-6af58c65be05@group-CC01C9A5DDCC-LeaderElection11] INFO  impl.LeaderElection (LeaderElection.java:askForVotes(306)) - 2f089a79-715b-4bd1-9f38-6af58c65be05@group-CC01C9A5DDCC-LeaderElection11 ELECTION round 0: submit vote requests at term 1 for -1: [2f089a79-715b-4bd1-9f38-6af58c65be05|rpc:10.1.0.4:33731|priority:1], old=null
2022-03-14 12:17:47,417 [2f089a79-715b-4bd1-9f38-6af58c65be05@group-CC01C9A5DDCC-LeaderElection11] INFO  impl.LeaderElection (LeaderElection.java:askForVotes(308)) - 2f089a79-715b-4bd1-9f38-6af58c65be05@group-CC01C9A5DDCC-LeaderElection11 ELECTION round 0: result PASSED (term=1)
2022-03-14 12:17:47,417 [2f089a79-715b-4bd1-9f38-6af58c65be05@group-CC01C9A5DDCC-LeaderElection11] INFO  impl.RoleInfo (RoleInfo.java:shutdownLeaderElection(121)) - 2f089a79-715b-4bd1-9f38-6af58c65be05: shutdown 2f089a79-715b-4bd1-9f38-6af58c65be05@group-CC01C9A5DDCC-LeaderElection11
2022-03-14 12:17:47,417 [2f089a79-715b-4bd1-9f38-6af58c65be05@group-CC01C9A5DDCC-LeaderElection11] INFO  server.RaftServer$Division (RaftServerImpl.java:setRole(290)) - 2f089a79-715b-4bd1-9f38-6af58c65be05@group-CC01C9A5DDCC: changes role from CANDIDATE to LEADER at term 1 for changeToLeader
2022-03-14 12:17:47,417 [2f089a79-715b-4bd1-9f38-6af58c65be05@group-CC01C9A5DDCC-LeaderElection11] INFO  ratis.XceiverServerRatis (XceiverServerRatis.java:handleLeaderChangedNotification(869)) - Leader change notification received for group: group-CC01C9A5DDCC with new leaderId: 2f089a79-715b-4bd1-9f38-6af58c65be05
2022-03-14 12:17:47,417 [2f089a79-715b-4bd1-9f38-6af58c65be05@group-CC01C9A5DDCC-LeaderElection11] INFO  server.RaftServer$Division (ServerState.java:setLeader(285)) - 2f089a79-715b-4bd1-9f38-6af58c65be05@group-CC01C9A5DDCC: change Leader from null to 2f089a79-715b-4bd1-9f38-6af58c65be05 at term 1 for becomeLeader, leader elected after 5205ms
2022-03-14 12:17:47,417 [2f089a79-715b-4bd1-9f38-6af58c65be05@group-CC01C9A5DDCC-LeaderElection11] INFO  server.RaftServerConfigKeys (ConfUtils.java:logGet(44)) - raft.server.staging.catchup.gap = 1000 (default)
2022-03-14 12:17:47,418 [2f089a79-715b-4bd1-9f38-6af58c65be05@group-CC01C9A5DDCC-LeaderElection11] INFO  server.RaftServerConfigKeys (ConfUtils.java:logGet(44)) - raft.server.write.element-limit = 1024 (custom)
2022-03-14 12:17:47,418 [2f089a79-715b-4bd1-9f38-6af58c65be05@group-CC01C9A5DDCC-LeaderElection11] INFO  server.RaftServerConfigKeys (ConfUtils.java:logGet(44)) - raft.server.write.byte-limit = 1024 M (=1073741824) (custom)
2022-03-14 12:17:47,418 [2f089a79-715b-4bd1-9f38-6af58c65be05@group-CC01C9A5DDCC-LeaderElection11] INFO  server.RaftServerConfigKeys (ConfUtils.java:logGet(44)) - raft.server.watch.timeout = 180s (custom)
2022-03-14 12:17:47,418 [2f089a79-715b-4bd1-9f38-6af58c65be05@group-CC01C9A5DDCC-LeaderElection11] INFO  server.RaftServerConfigKeys (ConfUtils.java:logGet(44)) - raft.server.watch.timeout.denomination = 1s (default)
2022-03-14 12:17:47,418 [2f089a79-715b-4bd1-9f38-6af58c65be05@group-CC01C9A5DDCC-LeaderElection11] INFO  server.RaftServerConfigKeys (ConfUtils.java:logGet(44)) - raft.server.watch.element-limit = 65536 (default)
2022-03-14 12:17:47,418 [2f089a79-715b-4bd1-9f38-6af58c65be05@group-CC01C9A5DDCC-LeaderElection11] INFO  server.RaftServerConfigKeys (ConfUtils.java:logGet(44)) - raft.server.write.element-limit = 1024 (custom)
2022-03-14 12:17:47,418 [2f089a79-715b-4bd1-9f38-6af58c65be05@group-CC01C9A5DDCC-LeaderElection11] INFO  server.RaftServerConfigKeys (ConfUtils.java:logGet(44)) - raft.server.write.follower.gap.ratio.max = -1.0 (default)
2022-03-14 12:17:47,418 [2f089a79-715b-4bd1-9f38-6af58c65be05@group-CC01C9A5DDCC-LeaderElection11] INFO  impl.RoleInfo (RoleInfo.java:updateAndGet(130)) - 2f089a79-715b-4bd1-9f38-6af58c65be05: start 2f089a79-715b-4bd1-9f38-6af58c65be05@group-CC01C9A5DDCC-LeaderStateImpl
2022-03-14 12:17:47,419 [2f089a79-715b-4bd1-9f38-6af58c65be05@group-CC01C9A5DDCC-LeaderElection11] INFO  segmented.SegmentedRaftLogWorker (SegmentedRaftLogWorker.java:startLogSegment(394)) - 2f089a79-715b-4bd1-9f38-6af58c65be05@group-CC01C9A5DDCC-SegmentedRaftLogWorker: Starting segment from index:0
2022-03-14 12:17:47,421 [2f089a79-715b-4bd1-9f38-6af58c65be05@group-CC01C9A5DDCC-SegmentedRaftLogWorker] INFO  segmented.SegmentedRaftLogWorker (SegmentedRaftLogWorker.java:execute(601)) - 2f089a79-715b-4bd1-9f38-6af58c65be05@group-CC01C9A5DDCC-SegmentedRaftLogWorker: created new log segment /home/runner/work/ozone/ozone/hadoop-ozone/integration-test/target/test-dir/MiniOzoneClusterImpl-278953cb-1c57-4e8b-ba2f-5e3472d45912/datanode-1/data/ratis/93160655-e25d-4468-9ac2-cc01c9a5ddcc/current/log_inprogress_0
2022-03-14 12:17:47,423 [2f089a79-715b-4bd1-9f38-6af58c65be05@group-CC01C9A5DDCC-LeaderElection11] INFO  server.RaftServer$Division (ServerState.java:setRaftConf(387)) - 2f089a79-715b-4bd1-9f38-6af58c65be05@group-CC01C9A5DDCC: set configuration 0: [2f089a79-715b-4bd1-9f38-6af58c65be05|rpc:10.1.0.4:33731|dataStream:|priority:1], old=null
2022-03-14 12:17:47,515 [Listener at 127.0.0.1/38867] INFO  ozone.MiniOzoneClusterImpl (MiniOzoneClusterImpl.java:lambda$waitForClusterToBeReady$0(219)) - Nodes are ready. Got 3 of 3 DN Heartbeats.
2022-03-14 12:17:47,515 [Listener at 127.0.0.1/38867] INFO  ozone.MiniOzoneClusterImpl (MiniOzoneClusterImpl.java:lambda$waitForClusterToBeReady$0(222)) - Cluster exits safe mode
2022-03-14 12:17:47,515 [Listener at 127.0.0.1/38867] INFO  ozone.MiniOzoneClusterImpl (MiniOzoneClusterImpl.java:lambda$waitForClusterToBeReady$0(224)) - SCM became leader
2022-03-14 12:17:47,623 [2c6e3e89-7bf7-4755-89d7-dad9f6a5f72c@group-F2791B4213E5-FollowerState] INFO  impl.FollowerState (FollowerState.java:run(134)) - 2c6e3e89-7bf7-4755-89d7-dad9f6a5f72c@group-F2791B4213E5-FollowerState: change to CANDIDATE, lastRpcElapsedTime:5087826959ns, electionTimeout:5087ms
2022-03-14 12:17:47,623 [2c6e3e89-7bf7-4755-89d7-dad9f6a5f72c@group-F2791B4213E5-FollowerState] INFO  impl.RoleInfo (RoleInfo.java:shutdownFollowerState(108)) - 2c6e3e89-7bf7-4755-89d7-dad9f6a5f72c: shutdown 2c6e3e89-7bf7-4755-89d7-dad9f6a5f72c@group-F2791B4213E5-FollowerState
2022-03-14 12:17:47,623 [2c6e3e89-7bf7-4755-89d7-dad9f6a5f72c@group-F2791B4213E5-FollowerState] INFO  server.RaftServer$Division (RaftServerImpl.java:setRole(290)) - 2c6e3e89-7bf7-4755-89d7-dad9f6a5f72c@group-F2791B4213E5: changes role from  FOLLOWER to CANDIDATE at term 0 for changeToCandidate
2022-03-14 12:17:47,623 [2c6e3e89-7bf7-4755-89d7-dad9f6a5f72c@group-F2791B4213E5-FollowerState] INFO  server.RaftServerConfigKeys (ConfUtils.java:logGet(44)) - raft.server.leaderelection.pre-vote = false (custom)
2022-03-14 12:17:47,623 [2c6e3e89-7bf7-4755-89d7-dad9f6a5f72c@group-F2791B4213E5-FollowerState] INFO  impl.RoleInfo (RoleInfo.java:updateAndGet(130)) - 2c6e3e89-7bf7-4755-89d7-dad9f6a5f72c: start 2c6e3e89-7bf7-4755-89d7-dad9f6a5f72c@group-F2791B4213E5-LeaderElection12
2022-03-14 12:17:47,647 [2c6e3e89-7bf7-4755-89d7-dad9f6a5f72c@group-F2791B4213E5-LeaderElection12] INFO  impl.LeaderElection (LeaderElection.java:askForVotes(306)) - 2c6e3e89-7bf7-4755-89d7-dad9f6a5f72c@group-F2791B4213E5-LeaderElection12 ELECTION round 0: submit vote requests at term 1 for -1: [2c6e3e89-7bf7-4755-89d7-dad9f6a5f72c|rpc:10.1.0.4:40415|priority:1], old=null
2022-03-14 12:17:47,647 [2c6e3e89-7bf7-4755-89d7-dad9f6a5f72c@group-F2791B4213E5-LeaderElection12] INFO  impl.LeaderElection (LeaderElection.java:askForVotes(308)) - 2c6e3e89-7bf7-4755-89d7-dad9f6a5f72c@group-F2791B4213E5-LeaderElection12 ELECTION round 0: result PASSED (term=1)
2022-03-14 12:17:47,647 [2c6e3e89-7bf7-4755-89d7-dad9f6a5f72c@group-F2791B4213E5-LeaderElection12] INFO  impl.RoleInfo (RoleInfo.java:shutdownLeaderElection(121)) - 2c6e3e89-7bf7-4755-89d7-dad9f6a5f72c: shutdown 2c6e3e89-7bf7-4755-89d7-dad9f6a5f72c@group-F2791B4213E5-LeaderElection12
2022-03-14 12:17:47,647 [2c6e3e89-7bf7-4755-89d7-dad9f6a5f72c@group-F2791B4213E5-LeaderElection12] INFO  server.RaftServer$Division (RaftServerImpl.java:setRole(290)) - 2c6e3e89-7bf7-4755-89d7-dad9f6a5f72c@group-F2791B4213E5: changes role from CANDIDATE to LEADER at term 1 for changeToLeader
2022-03-14 12:17:47,647 [2c6e3e89-7bf7-4755-89d7-dad9f6a5f72c@group-F2791B4213E5-LeaderElection12] INFO  ratis.XceiverServerRatis (XceiverServerRatis.java:handleLeaderChangedNotification(869)) - Leader change notification received for group: group-F2791B4213E5 with new leaderId: 2c6e3e89-7bf7-4755-89d7-dad9f6a5f72c
2022-03-14 12:17:47,648 [2c6e3e89-7bf7-4755-89d7-dad9f6a5f72c@group-F2791B4213E5-LeaderElection12] INFO  server.RaftServer$Division (ServerState.java:setLeader(285)) - 2c6e3e89-7bf7-4755-89d7-dad9f6a5f72c@group-F2791B4213E5: change Leader from null to 2c6e3e89-7bf7-4755-89d7-dad9f6a5f72c at term 1 for becomeLeader, leader elected after 5122ms
2022-03-14 12:17:47,648 [2c6e3e89-7bf7-4755-89d7-dad9f6a5f72c@group-F2791B4213E5-LeaderElection12] INFO  server.RaftServerConfigKeys (ConfUtils.java:logGet(44)) - raft.server.staging.catchup.gap = 1000 (default)
2022-03-14 12:17:47,648 [2c6e3e89-7bf7-4755-89d7-dad9f6a5f72c@group-F2791B4213E5-LeaderElection12] INFO  server.RaftServerConfigKeys (ConfUtils.java:logGet(44)) - raft.server.write.element-limit = 1024 (custom)
2022-03-14 12:17:47,648 [2c6e3e89-7bf7-4755-89d7-dad9f6a5f72c@group-F2791B4213E5-LeaderElection12] INFO  server.RaftServerConfigKeys (ConfUtils.java:logGet(44)) - raft.server.write.byte-limit = 1024 M (=1073741824) (custom)
2022-03-14 12:17:47,648 [2c6e3e89-7bf7-4755-89d7-dad9f6a5f72c@group-F2791B4213E5-LeaderElection12] INFO  server.RaftServerConfigKeys (ConfUtils.java:logGet(44)) - raft.server.watch.timeout = 180s (custom)
2022-03-14 12:17:47,648 [2c6e3e89-7bf7-4755-89d7-dad9f6a5f72c@group-F2791B4213E5-LeaderElection12] INFO  server.RaftServerConfigKeys (ConfUtils.java:logGet(44)) - raft.server.watch.timeout.denomination = 1s (default)
2022-03-14 12:17:47,648 [2c6e3e89-7bf7-4755-89d7-dad9f6a5f72c@group-F2791B4213E5-LeaderElection12] INFO  server.RaftServerConfigKeys (ConfUtils.java:logGet(44)) - raft.server.watch.element-limit = 65536 (default)
2022-03-14 12:17:47,648 [2c6e3e89-7bf7-4755-89d7-dad9f6a5f72c@group-F2791B4213E5-LeaderElection12] INFO  server.RaftServerConfigKeys (ConfUtils.java:logGet(44)) - raft.server.write.element-limit = 1024 (custom)
2022-03-14 12:17:47,648 [2c6e3e89-7bf7-4755-89d7-dad9f6a5f72c@group-F2791B4213E5-LeaderElection12] INFO  server.RaftServerConfigKeys (ConfUtils.java:logGet(44)) - raft.server.write.follower.gap.ratio.max = -1.0 (default)
2022-03-14 12:17:47,648 [2c6e3e89-7bf7-4755-89d7-dad9f6a5f72c@group-F2791B4213E5-LeaderElection12] INFO  impl.RoleInfo (RoleInfo.java:updateAndGet(130)) - 2c6e3e89-7bf7-4755-89d7-dad9f6a5f72c: start 2c6e3e89-7bf7-4755-89d7-dad9f6a5f72c@group-F2791B4213E5-LeaderStateImpl
2022-03-14 12:17:47,649 [2c6e3e89-7bf7-4755-89d7-dad9f6a5f72c@group-F2791B4213E5-LeaderElection12] INFO  segmented.SegmentedRaftLogWorker (SegmentedRaftLogWorker.java:startLogSegment(394)) - 2c6e3e89-7bf7-4755-89d7-dad9f6a5f72c@group-F2791B4213E5-SegmentedRaftLogWorker: Starting segment from index:0
2022-03-14 12:17:47,652 [2c6e3e89-7bf7-4755-89d7-dad9f6a5f72c@group-F2791B4213E5-SegmentedRaftLogWorker] INFO  segmented.SegmentedRaftLogWorker (SegmentedRaftLogWorker.java:execute(601)) - 2c6e3e89-7bf7-4755-89d7-dad9f6a5f72c@group-F2791B4213E5-SegmentedRaftLogWorker: created new log segment /home/runner/work/ozone/ozone/hadoop-ozone/integration-test/target/test-dir/MiniOzoneClusterImpl-278953cb-1c57-4e8b-ba2f-5e3472d45912/datanode-2/data/ratis/362a034b-79ab-484b-ac1d-f2791b4213e5/current/log_inprogress_0
2022-03-14 12:17:47,659 [2c6e3e89-7bf7-4755-89d7-dad9f6a5f72c@group-F2791B4213E5-LeaderElection12] INFO  server.RaftServer$Division (ServerState.java:setRaftConf(387)) - 2c6e3e89-7bf7-4755-89d7-dad9f6a5f72c@group-F2791B4213E5: set configuration 0: [2c6e3e89-7bf7-4755-89d7-dad9f6a5f72c|rpc:10.1.0.4:40415|dataStream:|priority:1], old=null
]]></system-out>
  </testcase>
  <testcase name="testPrepareWithMultipleThreads" classname="org.apache.hadoop.ozone.om.TestOzoneManagerPrepare" time="10.122"/>
  <testcase name="testCancelPrepare" classname="org.apache.hadoop.ozone.om.TestOzoneManagerPrepare" time="122.506">
    <error message="timeout: after 120000 millis" type="java.util.concurrent.TimeoutException">java.util.concurrent.TimeoutException: timeout: after 120000 millis
	at org.apache.ozone.test.LambdaTestUtils$GenerateTimeout.evaluate(LambdaTestUtils.java:677)
	at org.apache.ozone.test.LambdaTestUtils.await(LambdaTestUtils.java:154)
	at org.apache.ozone.test.LambdaTestUtils.await(LambdaTestUtils.java:192)
	at org.apache.hadoop.ozone.om.TestOzoneManagerPrepare.assertClusterNotPrepared(TestOzoneManagerPrepare.java:484)
	at org.apache.hadoop.ozone.om.TestOzoneManagerPrepare.assertClusterNotPrepared(TestOzoneManagerPrepare.java:478)
	at org.apache.hadoop.ozone.om.TestOzoneManagerPrepare.initOM(TestOzoneManagerPrepare.java:91)
	at sun.reflect.NativeMethodAccessorImpl.invoke0(Native Method)
	at sun.reflect.NativeMethodAccessorImpl.invoke(NativeMethodAccessorImpl.java:62)
	at sun.reflect.DelegatingMethodAccessorImpl.invoke(DelegatingMethodAccessorImpl.java:43)
	at java.lang.reflect.Method.invoke(Method.java:498)
	at org.junit.runners.model.FrameworkMethod$1.runReflectiveCall(FrameworkMethod.java:59)
	at org.junit.internal.runners.model.ReflectiveCallable.run(ReflectiveCallable.java:12)
	at org.junit.runners.model.FrameworkMethod.invokeExplosively(FrameworkMethod.java:56)
	at org.junit.internal.runners.statements.RunBefores.invokeMethod(RunBefores.java:33)
	at org.junit.internal.runners.statements.RunBefores.evaluate(RunBefores.java:24)
	at org.junit.internal.runners.statements.RunAfters.evaluate(RunAfters.java:27)
	at org.junit.rules.ExpectedException$ExpectedExceptionStatement.evaluate(ExpectedException.java:258)
	at org.junit.internal.runners.statements.FailOnTimeout$CallableStatement.call(FailOnTimeout.java:288)
	at org.junit.internal.runners.statements.FailOnTimeout$CallableStatement.call(FailOnTimeout.java:282)
	at java.util.concurrent.FutureTask.run(FutureTask.java:266)
	at java.lang.Thread.run(Thread.java:750)
</error>
    <system-out><![CDATA[2022-03-14 12:17:57,854 [Time-limited test] INFO  retry.RetryInvocationHandler (RetryInvocationHandler.java:log(411)) - com.google.protobuf.ServiceException: java.io.EOFException: End of File Exception between local host is: "fv-az291-848/10.1.0.4"; destination host is: "localhost":33717; : java.io.EOFException; For more details see:  http://wiki.apache.org/hadoop/EOFException, while invoking $Proxy53.submitRequest over nodeId=omNode-1,nodeAddress=127.0.0.1:33717. Trying to failover immediately.
2022-03-14 12:17:57,861 [Time-limited test] INFO  retry.RetryInvocationHandler (RetryInvocationHandler.java:log(411)) - com.google.protobuf.ServiceException: org.apache.hadoop.ipc.RemoteException(org.apache.hadoop.ozone.om.exceptions.OMNotLeaderException): OM:omNode-2 is not the leader. Could not determine the leader node.
	at org.apache.hadoop.ozone.om.ratis.utils.OzoneManagerRatisUtils.createNotLeaderException(OzoneManagerRatisUtils.java:360)
	at org.apache.hadoop.ozone.om.ratis.utils.OzoneManagerRatisUtils.checkLeaderStatus(OzoneManagerRatisUtils.java:346)
	at org.apache.hadoop.ozone.protocolPB.OzoneManagerProtocolServerSideTranslatorPB.checkLeaderStatus(OzoneManagerProtocolServerSideTranslatorPB.java:279)
	at org.apache.hadoop.ozone.protocolPB.OzoneManagerProtocolServerSideTranslatorPB.processRequest(OzoneManagerProtocolServerSideTranslatorPB.java:158)
	at org.apache.hadoop.hdds.server.OzoneProtocolMessageDispatcher.processRequest(OzoneProtocolMessageDispatcher.java:87)
	at org.apache.hadoop.ozone.protocolPB.OzoneManagerProtocolServerSideTranslatorPB.submitRequest(OzoneManagerProtocolServerSideTranslatorPB.java:124)
	at org.apache.hadoop.ozone.protocol.proto.OzoneManagerProtocolProtos$OzoneManagerService$2.callBlockingMethod(OzoneManagerProtocolProtos.java)
	at org.apache.hadoop.ipc.ProtobufRpcEngine$Server.processCall(ProtobufRpcEngine.java:466)
	at org.apache.hadoop.ipc.ProtobufRpcEngine2$Server$ProtoBufRpcInvoker.call(ProtobufRpcEngine2.java:574)
	at org.apache.hadoop.ipc.ProtobufRpcEngine2$Server$ProtoBufRpcInvoker.call(ProtobufRpcEngine2.java:552)
	at org.apache.hadoop.ipc.RPC$Server.call(RPC.java:1093)
	at org.apache.hadoop.ipc.Server$RpcCall.run(Server.java:1035)
	at org.apache.hadoop.ipc.Server$RpcCall.run(Server.java:963)
	at java.security.AccessController.doPrivileged(Native Method)
	at javax.security.auth.Subject.doAs(Subject.java:422)
	at org.apache.hadoop.security.UserGroupInformation.doAs(UserGroupInformation.java:1878)
	at org.apache.hadoop.ipc.Server$Handler.run(Server.java:2966)
, while invoking $Proxy53.submitRequest over nodeId=omNode-2,nodeAddress=127.0.0.1:44939 after 1 failover attempts. Trying to failover immediately.
2022-03-14 12:17:57,866 [Time-limited test] INFO  retry.RetryInvocationHandler (RetryInvocationHandler.java:log(411)) - com.google.protobuf.ServiceException: org.apache.hadoop.ipc.RemoteException(org.apache.hadoop.ozone.om.exceptions.OMNotLeaderException): OM:omNode-3 is not the leader. Could not determine the leader node.
	at org.apache.hadoop.ozone.om.ratis.utils.OzoneManagerRatisUtils.createNotLeaderException(OzoneManagerRatisUtils.java:360)
	at org.apache.hadoop.ozone.om.ratis.utils.OzoneManagerRatisUtils.checkLeaderStatus(OzoneManagerRatisUtils.java:346)
	at org.apache.hadoop.ozone.protocolPB.OzoneManagerProtocolServerSideTranslatorPB.checkLeaderStatus(OzoneManagerProtocolServerSideTranslatorPB.java:279)
	at org.apache.hadoop.ozone.protocolPB.OzoneManagerProtocolServerSideTranslatorPB.processRequest(OzoneManagerProtocolServerSideTranslatorPB.java:158)
	at org.apache.hadoop.hdds.server.OzoneProtocolMessageDispatcher.processRequest(OzoneProtocolMessageDispatcher.java:87)
	at org.apache.hadoop.ozone.protocolPB.OzoneManagerProtocolServerSideTranslatorPB.submitRequest(OzoneManagerProtocolServerSideTranslatorPB.java:124)
	at org.apache.hadoop.ozone.protocol.proto.OzoneManagerProtocolProtos$OzoneManagerService$2.callBlockingMethod(OzoneManagerProtocolProtos.java)
	at org.apache.hadoop.ipc.ProtobufRpcEngine$Server.processCall(ProtobufRpcEngine.java:466)
	at org.apache.hadoop.ipc.ProtobufRpcEngine2$Server$ProtoBufRpcInvoker.call(ProtobufRpcEngine2.java:574)
	at org.apache.hadoop.ipc.ProtobufRpcEngine2$Server$ProtoBufRpcInvoker.call(ProtobufRpcEngine2.java:552)
	at org.apache.hadoop.ipc.RPC$Server.call(RPC.java:1093)
	at org.apache.hadoop.ipc.Server$RpcCall.run(Server.java:1035)
	at org.apache.hadoop.ipc.Server$RpcCall.run(Server.java:963)
	at java.security.AccessController.doPrivileged(Native Method)
	at javax.security.auth.Subject.doAs(Subject.java:422)
	at org.apache.hadoop.security.UserGroupInformation.doAs(UserGroupInformation.java:1878)
	at org.apache.hadoop.ipc.Server$Handler.run(Server.java:2966)
, while invoking $Proxy53.submitRequest over nodeId=omNode-3,nodeAddress=127.0.0.1:38867 after 2 failover attempts. Trying to failover after sleeping for 2000ms.
2022-03-14 12:17:58,682 [omNode-1@group-523986131536-FollowerState] INFO  impl.FollowerState (FollowerState.java:run(134)) - omNode-1@group-523986131536-FollowerState: change to CANDIDATE, lastRpcElapsedTime:1054753911ns, electionTimeout:1049ms
2022-03-14 12:17:58,684 [omNode-1@group-523986131536-FollowerState] INFO  impl.RoleInfo (RoleInfo.java:shutdownFollowerState(108)) - omNode-1: shutdown omNode-1@group-523986131536-FollowerState
2022-03-14 12:17:58,684 [omNode-1@group-523986131536-FollowerState] INFO  server.RaftServer$Division (RaftServerImpl.java:setRole(290)) - omNode-1@group-523986131536: changes role from  FOLLOWER to CANDIDATE at term 2 for changeToCandidate
2022-03-14 12:17:58,684 [omNode-1@group-523986131536-FollowerState] INFO  server.RaftServerConfigKeys (ConfUtils.java:logGet(44)) - raft.server.leaderelection.pre-vote = false (custom)
2022-03-14 12:17:58,684 [omNode-1@group-523986131536-FollowerState] INFO  impl.RoleInfo (RoleInfo.java:updateAndGet(130)) - omNode-1: start omNode-1@group-523986131536-LeaderElection17
2022-03-14 12:17:58,687 [omNode-1@group-523986131536-LeaderElection17] INFO  impl.LeaderElection (LeaderElection.java:askForVotes(306)) - omNode-1@group-523986131536-LeaderElection17 ELECTION round 0: submit vote requests at term 3 for 0: [omNode-3|rpc:localhost:38427|admin:|client:|dataStream:|priority:0, omNode-1|rpc:localhost:41375|admin:|client:|dataStream:|priority:0, omNode-2|rpc:localhost:40735|admin:|client:|dataStream:|priority:0], old=null
2022-03-14 12:17:58,696 [grpc-default-executor-5] INFO  server.RaftServer$Division (RaftServerImpl.java:requestVote(1046)) - omNode-2@group-523986131536: receive requestVote(ELECTION, omNode-1, group-523986131536, 3, (t:2, i:18))
2022-03-14 12:17:58,696 [grpc-default-executor-5] INFO  impl.VoteContext (VoteContext.java:log(48)) - omNode-2@group-523986131536-FOLLOWER: reject ELECTION from omNode-1: already has voted for omNode-2 at current term 3
2022-03-14 12:17:58,696 [grpc-default-executor-5] INFO  server.RaftServer$Division (RaftServerImpl.java:requestVote(1078)) - omNode-2@group-523986131536 replies to ELECTION vote request: omNode-1<-omNode-2#0:FAIL-t3. Peer's state: omNode-2@group-523986131536:t3, leader=null, voted=omNode-2, raftlog=omNode-2@group-523986131536-SegmentedRaftLog:OPENED:c20, conf=19: [omNode-3|rpc:localhost:38427|admin:|client:|dataStream:|priority:0, omNode-1|rpc:localhost:41375|admin:|client:|dataStream:|priority:0, omNode-2|rpc:localhost:40735|admin:|client:|dataStream:|priority:0], old=null
2022-03-14 12:17:58,700 [grpc-default-executor-5] INFO  server.RaftServer$Division (RaftServerImpl.java:requestVote(1046)) - omNode-3@group-523986131536: receive requestVote(ELECTION, omNode-1, group-523986131536, 3, (t:2, i:18))
2022-03-14 12:17:58,700 [grpc-default-executor-5] INFO  impl.VoteContext (VoteContext.java:log(48)) - omNode-3@group-523986131536-FOLLOWER: reject ELECTION from omNode-1: already has voted for omNode-2 at current term 3
2022-03-14 12:17:58,700 [grpc-default-executor-5] INFO  server.RaftServer$Division (RaftServerImpl.java:requestVote(1078)) - omNode-3@group-523986131536 replies to ELECTION vote request: omNode-1<-omNode-3#0:FAIL-t3. Peer's state: omNode-3@group-523986131536:t3, leader=omNode-2, voted=omNode-2, raftlog=omNode-3@group-523986131536-SegmentedRaftLog:OPENED:c20, conf=19: [omNode-3|rpc:localhost:38427|admin:|client:|dataStream:|priority:0, omNode-1|rpc:localhost:41375|admin:|client:|dataStream:|priority:0, omNode-2|rpc:localhost:40735|admin:|client:|dataStream:|priority:0], old=null
2022-03-14 12:17:58,701 [omNode-1@group-523986131536-LeaderElection17] INFO  impl.LeaderElection (LeaderElection.java:logAndReturn(89)) - omNode-1@group-523986131536-LeaderElection17: ELECTION REJECTED received 2 response(s) and 0 exception(s):
2022-03-14 12:17:58,702 [omNode-1@group-523986131536-LeaderElection17] INFO  impl.LeaderElection (LeaderElection.java:logAndReturn(93)) -   Response 0: omNode-1<-omNode-3#0:FAIL-t3
2022-03-14 12:17:58,702 [omNode-1@group-523986131536-LeaderElection17] INFO  impl.LeaderElection (LeaderElection.java:logAndReturn(93)) -   Response 1: omNode-1<-omNode-2#0:FAIL-t3
2022-03-14 12:17:58,702 [omNode-1@group-523986131536-LeaderElection17] INFO  impl.LeaderElection (LeaderElection.java:askForVotes(308)) - omNode-1@group-523986131536-LeaderElection17 ELECTION round 0: result REJECTED
2022-03-14 12:17:58,702 [omNode-1@group-523986131536-LeaderElection17] INFO  server.RaftServer$Division (RaftServerImpl.java:setRole(290)) - omNode-1@group-523986131536: changes role from CANDIDATE to FOLLOWER at term 3 for REJECTED
2022-03-14 12:17:58,702 [omNode-1@group-523986131536-LeaderElection17] INFO  impl.RoleInfo (RoleInfo.java:shutdownLeaderElection(121)) - omNode-1: shutdown omNode-1@group-523986131536-LeaderElection17
2022-03-14 12:17:58,702 [omNode-1@group-523986131536-LeaderElection17] INFO  impl.RoleInfo (RoleInfo.java:updateAndGet(130)) - omNode-1: start omNode-1@group-523986131536-FollowerState
2022-03-14 12:17:58,882 [omNode-2@group-523986131536-FollowerState] INFO  impl.FollowerState (FollowerState.java:run(134)) - omNode-2@group-523986131536-FollowerState: change to CANDIDATE, lastRpcElapsedTime:1069428817ns, electionTimeout:1068ms
2022-03-14 12:17:58,883 [omNode-2@group-523986131536-FollowerState] INFO  impl.RoleInfo (RoleInfo.java:shutdownFollowerState(108)) - omNode-2: shutdown omNode-2@group-523986131536-FollowerState
2022-03-14 12:17:58,883 [omNode-2@group-523986131536-FollowerState] INFO  server.RaftServer$Division (RaftServerImpl.java:setRole(290)) - omNode-2@group-523986131536: changes role from  FOLLOWER to CANDIDATE at term 3 for changeToCandidate
2022-03-14 12:17:58,883 [omNode-2@group-523986131536-FollowerState] INFO  server.RaftServerConfigKeys (ConfUtils.java:logGet(44)) - raft.server.leaderelection.pre-vote = false (custom)
2022-03-14 12:17:58,884 [omNode-2@group-523986131536-FollowerState] INFO  impl.RoleInfo (RoleInfo.java:updateAndGet(130)) - omNode-2: start omNode-2@group-523986131536-LeaderElection18
2022-03-14 12:17:58,886 [omNode-2@group-523986131536-LeaderElection18] INFO  impl.LeaderElection (LeaderElection.java:askForVotes(306)) - omNode-2@group-523986131536-LeaderElection18 ELECTION round 0: submit vote requests at term 4 for 19: [omNode-3|rpc:localhost:38427|admin:|client:|dataStream:|priority:0, omNode-1|rpc:localhost:41375|admin:|client:|dataStream:|priority:0, omNode-2|rpc:localhost:40735|admin:|client:|dataStream:|priority:0], old=null
2022-03-14 12:17:58,898 [grpc-default-executor-5] INFO  server.RaftServer$Division (RaftServerImpl.java:requestVote(1046)) - omNode-3@group-523986131536: receive requestVote(ELECTION, omNode-2, group-523986131536, 4, (t:3, i:20))
2022-03-14 12:17:58,898 [grpc-default-executor-5] INFO  impl.VoteContext (VoteContext.java:log(48)) - omNode-3@group-523986131536-FOLLOWER: accept ELECTION from omNode-2: our priority 0 <= candidate's priority 0
2022-03-14 12:17:58,898 [grpc-default-executor-5] INFO  server.RaftServer$Division (ServerState.java:setLeader(285)) - omNode-3@group-523986131536: change Leader from omNode-2 to null at term 4 for updateCurrentTerm
2022-03-14 12:17:58,898 [grpc-default-executor-5] INFO  server.RaftServer$Division (RaftServerImpl.java:setRole(290)) - omNode-3@group-523986131536: changes role from  FOLLOWER to FOLLOWER at term 4 for candidate:omNode-2
2022-03-14 12:17:58,898 [grpc-default-executor-5] INFO  impl.RoleInfo (RoleInfo.java:shutdownFollowerState(108)) - omNode-3: shutdown omNode-3@group-523986131536-FollowerState
2022-03-14 12:17:58,898 [grpc-default-executor-5] INFO  impl.RoleInfo (RoleInfo.java:updateAndGet(130)) - omNode-3: start omNode-3@group-523986131536-FollowerState
2022-03-14 12:17:58,899 [omNode-3@group-523986131536-FollowerState] INFO  impl.FollowerState (FollowerState.java:run(143)) - omNode-3@group-523986131536-FollowerState was interrupted: {}
java.lang.InterruptedException: sleep interrupted
	at java.lang.Thread.sleep(Native Method)
	at java.lang.Thread.sleep(Thread.java:342)
	at java.util.concurrent.TimeUnit.sleep(TimeUnit.java:386)
	at org.apache.ratis.util.TimeDuration.sleep(TimeDuration.java:324)
	at org.apache.ratis.util.TimeDuration.sleep(TimeDuration.java:309)
	at org.apache.ratis.server.impl.FollowerState.run(FollowerState.java:118)
2022-03-14 12:17:58,903 [grpc-default-executor-1] INFO  server.RaftServer$Division (RaftServerImpl.java:requestVote(1046)) - omNode-1@group-523986131536: receive requestVote(ELECTION, omNode-2, group-523986131536, 4, (t:3, i:20))
2022-03-14 12:17:58,903 [grpc-default-executor-1] INFO  impl.VoteContext (VoteContext.java:log(48)) - omNode-1@group-523986131536-FOLLOWER: accept ELECTION from omNode-2: our last entry (t:2, i:18) < candidate's last entry (t:3, i:20)
2022-03-14 12:17:58,903 [grpc-default-executor-1] INFO  server.RaftServer$Division (RaftServerImpl.java:setRole(290)) - omNode-1@group-523986131536: changes role from  FOLLOWER to FOLLOWER at term 4 for candidate:omNode-2
2022-03-14 12:17:58,903 [grpc-default-executor-1] INFO  impl.RoleInfo (RoleInfo.java:shutdownFollowerState(108)) - omNode-1: shutdown omNode-1@group-523986131536-FollowerState
2022-03-14 12:17:58,903 [grpc-default-executor-1] INFO  impl.RoleInfo (RoleInfo.java:updateAndGet(130)) - omNode-1: start omNode-1@group-523986131536-FollowerState
2022-03-14 12:17:58,903 [omNode-1@group-523986131536-FollowerState] INFO  impl.FollowerState (FollowerState.java:run(143)) - omNode-1@group-523986131536-FollowerState was interrupted: {}
java.lang.InterruptedException: sleep interrupted
	at java.lang.Thread.sleep(Native Method)
	at java.lang.Thread.sleep(Thread.java:342)
	at java.util.concurrent.TimeUnit.sleep(TimeUnit.java:386)
	at org.apache.ratis.util.TimeDuration.sleep(TimeDuration.java:324)
	at org.apache.ratis.util.TimeDuration.sleep(TimeDuration.java:309)
	at org.apache.ratis.server.impl.FollowerState.run(FollowerState.java:118)
2022-03-14 12:17:58,911 [grpc-default-executor-5] INFO  server.RaftServer$Division (RaftServerImpl.java:requestVote(1078)) - omNode-3@group-523986131536 replies to ELECTION vote request: omNode-2<-omNode-3#0:OK-t4. Peer's state: omNode-3@group-523986131536:t4, leader=null, voted=omNode-2, raftlog=omNode-3@group-523986131536-SegmentedRaftLog:OPENED:c20, conf=19: [omNode-3|rpc:localhost:38427|admin:|client:|dataStream:|priority:0, omNode-1|rpc:localhost:41375|admin:|client:|dataStream:|priority:0, omNode-2|rpc:localhost:40735|admin:|client:|dataStream:|priority:0], old=null
2022-03-14 12:17:58,912 [grpc-default-executor-1] INFO  server.RaftServer$Division (RaftServerImpl.java:requestVote(1078)) - omNode-1@group-523986131536 replies to ELECTION vote request: omNode-2<-omNode-1#0:OK-t4. Peer's state: omNode-1@group-523986131536:t4, leader=null, voted=omNode-2, raftlog=omNode-1@group-523986131536-SegmentedRaftLog:OPENED:c18, conf=0: [omNode-3|rpc:localhost:38427|admin:|client:|dataStream:|priority:0, omNode-1|rpc:localhost:41375|admin:|client:|dataStream:|priority:0, omNode-2|rpc:localhost:40735|admin:|client:|dataStream:|priority:0], old=null
2022-03-14 12:17:58,913 [omNode-2@group-523986131536-LeaderElection18] INFO  impl.LeaderElection (LeaderElection.java:logAndReturn(89)) - omNode-2@group-523986131536-LeaderElection18: ELECTION PASSED received 1 response(s) and 0 exception(s):
2022-03-14 12:17:58,914 [omNode-2@group-523986131536-LeaderElection18] INFO  impl.LeaderElection (LeaderElection.java:logAndReturn(93)) -   Response 0: omNode-2<-omNode-3#0:OK-t4
2022-03-14 12:17:58,914 [omNode-2@group-523986131536-LeaderElection18] INFO  impl.LeaderElection (LeaderElection.java:askForVotes(308)) - omNode-2@group-523986131536-LeaderElection18 ELECTION round 0: result PASSED
2022-03-14 12:17:58,914 [omNode-2@group-523986131536-LeaderElection18] INFO  impl.RoleInfo (RoleInfo.java:shutdownLeaderElection(121)) - omNode-2: shutdown omNode-2@group-523986131536-LeaderElection18
2022-03-14 12:17:58,914 [omNode-2@group-523986131536-LeaderElection18] INFO  server.RaftServer$Division (RaftServerImpl.java:setRole(290)) - omNode-2@group-523986131536: changes role from CANDIDATE to LEADER at term 4 for changeToLeader
2022-03-14 12:17:58,914 [omNode-2@group-523986131536-LeaderElection18] INFO  server.RaftServer$Division (ServerState.java:setLeader(285)) - omNode-2@group-523986131536: change Leader from null to omNode-2 at term 4 for becomeLeader, leader elected after 1110ms
2022-03-14 12:17:58,914 [omNode-2@group-523986131536-LeaderElection18] INFO  server.RaftServerConfigKeys (ConfUtils.java:logGet(44)) - raft.server.staging.catchup.gap = 1000 (default)
2022-03-14 12:17:58,914 [omNode-2@group-523986131536-LeaderElection18] INFO  server.RaftServerConfigKeys (ConfUtils.java:logGet(44)) - raft.server.write.element-limit = 4096 (default)
2022-03-14 12:17:58,914 [omNode-2@group-523986131536-LeaderElection18] INFO  server.RaftServerConfigKeys (ConfUtils.java:logGet(44)) - raft.server.write.byte-limit = 64MB (=67108864) (default)
2022-03-14 12:17:58,915 [omNode-2@group-523986131536-LeaderElection18] INFO  server.RaftServerConfigKeys (ConfUtils.java:logGet(44)) - raft.server.watch.timeout = 10s (default)
2022-03-14 12:17:58,915 [omNode-2@group-523986131536-LeaderElection18] INFO  server.RaftServerConfigKeys (ConfUtils.java:logGet(44)) - raft.server.watch.timeout.denomination = 1s (default)
2022-03-14 12:17:58,915 [omNode-2@group-523986131536-LeaderElection18] INFO  server.RaftServerConfigKeys (ConfUtils.java:logGet(44)) - raft.server.watch.element-limit = 65536 (default)
2022-03-14 12:17:58,915 [omNode-2@group-523986131536-LeaderElection18] INFO  server.RaftServerConfigKeys (ConfUtils.java:logGet(44)) - raft.server.write.element-limit = 4096 (default)
2022-03-14 12:17:58,915 [omNode-2@group-523986131536-LeaderElection18] INFO  server.RaftServerConfigKeys (ConfUtils.java:logGet(44)) - raft.server.write.follower.gap.ratio.max = -1.0 (default)
2022-03-14 12:17:58,915 [omNode-2@group-523986131536-LeaderElection18] INFO  server.RaftServerConfigKeys (ConfUtils.java:logGet(44)) - raft.server.log.appender.snapshot.chunk.size.max = 16MB (=16777216) (default)
2022-03-14 12:17:58,915 [omNode-2@group-523986131536-LeaderElection18] INFO  server.RaftServerConfigKeys (ConfUtils.java:logGet(44)) - raft.server.log.appender.buffer.byte-limit = 33554432 (custom)
2022-03-14 12:17:58,915 [omNode-2@group-523986131536-LeaderElection18] INFO  server.RaftServerConfigKeys (ConfUtils.java:logGet(44)) - raft.server.log.appender.buffer.element-limit = 1024 (custom)
2022-03-14 12:17:58,915 [omNode-2@group-523986131536-LeaderElection18] INFO  grpc.GrpcConfigKeys (ConfUtils.java:logGet(44)) - raft.grpc.server.leader.outstanding.appends.max = 128 (default)
2022-03-14 12:17:58,915 [omNode-2@group-523986131536-LeaderElection18] INFO  server.RaftServerConfigKeys (ConfUtils.java:logGet(44)) - raft.server.rpc.request.timeout = 3000ms (default)
2022-03-14 12:17:58,915 [omNode-2@group-523986131536-LeaderElection18] INFO  server.RaftServerConfigKeys (ConfUtils.java:logGet(44)) - raft.server.log.appender.install.snapshot.enabled = false (custom)
2022-03-14 12:17:58,916 [omNode-2@group-523986131536-LeaderElection18] INFO  server.RaftServerConfigKeys (ConfUtils.java:logGet(44)) - raft.server.log.appender.snapshot.chunk.size.max = 16MB (=16777216) (default)
2022-03-14 12:17:58,916 [omNode-2@group-523986131536-LeaderElection18] INFO  server.RaftServerConfigKeys (ConfUtils.java:logGet(44)) - raft.server.log.appender.buffer.byte-limit = 33554432 (custom)
2022-03-14 12:17:58,916 [omNode-2@group-523986131536-LeaderElection18] INFO  server.RaftServerConfigKeys (ConfUtils.java:logGet(44)) - raft.server.log.appender.buffer.element-limit = 1024 (custom)
2022-03-14 12:17:58,916 [omNode-2@group-523986131536-LeaderElection18] INFO  grpc.GrpcConfigKeys (ConfUtils.java:logGet(44)) - raft.grpc.server.leader.outstanding.appends.max = 128 (default)
2022-03-14 12:17:58,916 [omNode-2@group-523986131536-LeaderElection18] INFO  server.RaftServerConfigKeys (ConfUtils.java:logGet(44)) - raft.server.rpc.request.timeout = 3000ms (default)
2022-03-14 12:17:58,916 [omNode-2@group-523986131536-LeaderElection18] INFO  server.RaftServerConfigKeys (ConfUtils.java:logGet(44)) - raft.server.log.appender.install.snapshot.enabled = false (custom)
2022-03-14 12:17:58,917 [omNode-2@group-523986131536-LeaderElection18] INFO  impl.RoleInfo (RoleInfo.java:updateAndGet(130)) - omNode-2: start omNode-2@group-523986131536-LeaderStateImpl
2022-03-14 12:17:58,917 [omNode-2@group-523986131536-LeaderElection18] INFO  segmented.SegmentedRaftLogWorker (SegmentedRaftLogWorker.java:rollLogSegment(399)) - omNode-2@group-523986131536-SegmentedRaftLogWorker: Rolling segment log-19_20 to index:20
2022-03-14 12:17:58,921 [grpc-default-executor-1] INFO  server.RaftServer$Division (ServerState.java:setLeader(285)) - omNode-1@group-523986131536: change Leader from null to omNode-2 at term 4 for appendEntries, leader elected after 1301ms
2022-03-14 12:17:58,925 [omNode-2@group-523986131536-SegmentedRaftLogWorker] INFO  segmented.SegmentedRaftLogWorker (SegmentedRaftLogWorker.java:execute(558)) - omNode-2@group-523986131536-SegmentedRaftLogWorker: Rolled log segment from /home/runner/work/ozone/ozone/hadoop-ozone/integration-test/target/test-dir/MiniOzoneClusterImpl-278953cb-1c57-4e8b-ba2f-5e3472d45912/omNode-2/ratis/c9bc4cf4-3bc3-3c60-a66b-523986131536/current/log_inprogress_19 to /home/runner/work/ozone/ozone/hadoop-ozone/integration-test/target/test-dir/MiniOzoneClusterImpl-278953cb-1c57-4e8b-ba2f-5e3472d45912/omNode-2/ratis/c9bc4cf4-3bc3-3c60-a66b-523986131536/current/log_19-20
2022-03-14 12:17:58,925 [grpc-default-executor-1] INFO  server.RaftServer$Division (RaftServerImpl.java:checkInconsistentAppendEntries(1322)) - omNode-1@group-523986131536: Failed appendEntries as previous log entry ((t:3, i:20)) is not found
2022-03-14 12:17:58,926 [grpc-default-executor-1] INFO  server.RaftServer$Division (RaftServerImpl.java:checkInconsistentAppendEntries(1288)) - omNode-1@group-523986131536: inconsistency entries. Reply:omNode-2<-omNode-1#0:FAIL-t4,INCONSISTENCY,nextIndex=19,followerCommit=18
2022-03-14 12:17:58,925 [omNode-2@group-523986131536-LeaderElection18] INFO  server.RaftServer$Division (ServerState.java:setRaftConf(387)) - omNode-2@group-523986131536: set configuration 21: [omNode-3|rpc:localhost:38427|admin:|client:|dataStream:|priority:0, omNode-1|rpc:localhost:41375|admin:|client:|dataStream:|priority:0, omNode-2|rpc:localhost:40735|admin:|client:|dataStream:|priority:0], old=null
2022-03-14 12:17:58,928 [grpc-default-executor-1] INFO  server.RaftServer$Division (RaftServerImpl.java:checkInconsistentAppendEntries(1322)) - omNode-1@group-523986131536: Failed appendEntries as previous log entry ((t:3, i:20)) is not found
2022-03-14 12:17:58,931 [grpc-default-executor-1] INFO  server.RaftServer$Division (RaftServerImpl.java:checkInconsistentAppendEntries(1288)) - omNode-1@group-523986131536: inconsistency entries. Reply:omNode-2<-omNode-1#1:FAIL-t4,INCONSISTENCY,nextIndex=19,followerCommit=18
2022-03-14 12:17:58,927 [grpc-default-executor-5] INFO  leader.FollowerInfo (FollowerInfoImpl.java:lambda$new$0(47)) - omNode-2@group-523986131536->omNode-1: nextIndex: updateUnconditionally 22 -> 19
2022-03-14 12:17:58,932 [grpc-default-executor-5] INFO  leader.FollowerInfo (FollowerInfoImpl.java:lambda$new$0(47)) - omNode-2@group-523986131536->omNode-1: nextIndex: updateUnconditionally 19 -> 19
2022-03-14 12:17:58,932 [grpc-default-executor-5] INFO  server.RaftServer$Division (ServerState.java:setLeader(285)) - omNode-3@group-523986131536: change Leader from null to omNode-2 at term 4 for appendEntries, leader elected after 34ms
2022-03-14 12:17:58,932 [omNode-2@group-523986131536->omNode-1-GrpcLogAppender-LogAppenderDaemon] ERROR leader.LogAppenderDaemon (LogAppenderDaemon.java:run(86)) - omNode-2@group-523986131536->omNode-1-GrpcLogAppender-LogAppenderDaemon failed
java.lang.NullPointerException: omNode-2@group-523986131536->omNode-1: Previous TermIndex not found for firstIndex = 19
	at java.util.Objects.requireNonNull(Objects.java:290)
	at org.apache.ratis.server.leader.LogAppenderBase.assertProtos(LogAppenderBase.java:169)
	at org.apache.ratis.server.leader.LogAppenderBase.newAppendEntriesRequest(LogAppenderBase.java:154)
	at org.apache.ratis.grpc.server.GrpcLogAppender.appendLog(GrpcLogAppender.java:213)
	at org.apache.ratis.grpc.server.GrpcLogAppender.run(GrpcLogAppender.java:147)
	at org.apache.ratis.server.leader.LogAppenderDaemon.run(LogAppenderDaemon.java:77)
	at java.lang.Thread.run(Thread.java:750)
2022-03-14 12:17:58,935 [omNode-2@group-523986131536-SegmentedRaftLogWorker] INFO  segmented.SegmentedRaftLogWorker (SegmentedRaftLogWorker.java:execute(601)) - omNode-2@group-523986131536-SegmentedRaftLogWorker: created new log segment /home/runner/work/ozone/ozone/hadoop-ozone/integration-test/target/test-dir/MiniOzoneClusterImpl-278953cb-1c57-4e8b-ba2f-5e3472d45912/omNode-2/ratis/c9bc4cf4-3bc3-3c60-a66b-523986131536/current/log_inprogress_21
2022-03-14 12:17:58,935 [omNode-2@group-523986131536->omNode-1-GrpcLogAppender-LogAppenderDaemon] INFO  server.RaftServer$Division (LeaderStateImpl.java:restart(514)) - omNode-2@group-523986131536-LeaderStateImpl: Restarting GrpcLogAppender for omNode-2@group-523986131536->omNode-1
2022-03-14 12:17:58,936 [omNode-2@group-523986131536->omNode-1-GrpcLogAppender-LogAppenderDaemon] INFO  server.RaftServerConfigKeys (ConfUtils.java:logGet(44)) - raft.server.log.appender.snapshot.chunk.size.max = 16MB (=16777216) (default)
2022-03-14 12:17:58,936 [omNode-2@group-523986131536->omNode-1-GrpcLogAppender-LogAppenderDaemon] INFO  server.RaftServerConfigKeys (ConfUtils.java:logGet(44)) - raft.server.log.appender.buffer.byte-limit = 33554432 (custom)
2022-03-14 12:17:58,936 [omNode-2@group-523986131536->omNode-1-GrpcLogAppender-LogAppenderDaemon] INFO  server.RaftServerConfigKeys (ConfUtils.java:logGet(44)) - raft.server.log.appender.buffer.element-limit = 1024 (custom)
2022-03-14 12:17:58,938 [omNode-2@group-523986131536->omNode-1-GrpcLogAppender-LogAppenderDaemon] INFO  grpc.GrpcConfigKeys (ConfUtils.java:logGet(44)) - raft.grpc.server.leader.outstanding.appends.max = 128 (default)
2022-03-14 12:17:58,939 [omNode-2@group-523986131536->omNode-1-GrpcLogAppender-LogAppenderDaemon] INFO  server.RaftServerConfigKeys (ConfUtils.java:logGet(44)) - raft.server.rpc.request.timeout = 3000ms (default)
2022-03-14 12:17:58,939 [omNode-2@group-523986131536->omNode-1-GrpcLogAppender-LogAppenderDaemon] INFO  server.RaftServerConfigKeys (ConfUtils.java:logGet(44)) - raft.server.log.appender.install.snapshot.enabled = false (custom)
2022-03-14 12:17:58,939 [grpc-default-executor-5] INFO  server.RaftServer$Division (ServerState.java:setRaftConf(387)) - omNode-3@group-523986131536: set configuration 21: [omNode-3|rpc:localhost:38427|admin:|client:|dataStream:|priority:0, omNode-1|rpc:localhost:41375|admin:|client:|dataStream:|priority:0, omNode-2|rpc:localhost:40735|admin:|client:|dataStream:|priority:0], old=null
2022-03-14 12:17:58,939 [grpc-default-executor-5] INFO  segmented.SegmentedRaftLogWorker (SegmentedRaftLogWorker.java:rollLogSegment(399)) - omNode-3@group-523986131536-SegmentedRaftLogWorker: Rolling segment log-19_20 to index:20
2022-03-14 12:17:58,940 [omNode-3@group-523986131536-SegmentedRaftLogWorker] INFO  segmented.SegmentedRaftLogWorker (SegmentedRaftLogWorker.java:execute(558)) - omNode-3@group-523986131536-SegmentedRaftLogWorker: Rolled log segment from /home/runner/work/ozone/ozone/hadoop-ozone/integration-test/target/test-dir/MiniOzoneClusterImpl-278953cb-1c57-4e8b-ba2f-5e3472d45912/omNode-3/ratis/c9bc4cf4-3bc3-3c60-a66b-523986131536/current/log_inprogress_19 to /home/runner/work/ozone/ozone/hadoop-ozone/integration-test/target/test-dir/MiniOzoneClusterImpl-278953cb-1c57-4e8b-ba2f-5e3472d45912/omNode-3/ratis/c9bc4cf4-3bc3-3c60-a66b-523986131536/current/log_19-20
2022-03-14 12:17:58,947 [omNode-2@group-523986131536->omNode-1-GrpcLogAppender-LogAppenderDaemon] INFO  server.GrpcLogAppender (GrpcLogAppender.java:installSnapshot(550)) - omNode-2@group-523986131536->omNode-1-GrpcLogAppender: followerNextIndex = 0 but logStartIndex = 19, notify follower to install snapshot-(t:3, i:19)
2022-03-14 12:17:58,947 [omNode-2@group-523986131536->omNode-1-GrpcLogAppender-LogAppenderDaemon] INFO  server.GrpcLogAppender (GrpcLogAppender.java:installSnapshot(558)) - omNode-2@group-523986131536->omNode-1-GrpcLogAppender: send omNode-2->omNode-1#0-t4,notify:(t:3, i:19)
2022-03-14 12:17:58,953 [omNode-3@group-523986131536-SegmentedRaftLogWorker] INFO  segmented.SegmentedRaftLogWorker (SegmentedRaftLogWorker.java:execute(601)) - omNode-3@group-523986131536-SegmentedRaftLogWorker: created new log segment /home/runner/work/ozone/ozone/hadoop-ozone/integration-test/target/test-dir/MiniOzoneClusterImpl-278953cb-1c57-4e8b-ba2f-5e3472d45912/omNode-3/ratis/c9bc4cf4-3bc3-3c60-a66b-523986131536/current/log_inprogress_21
2022-03-14 12:17:58,953 [grpc-default-executor-5] INFO  server.RaftServer$Division (RaftServerImpl.java:installSnapshot(1332)) - omNode-1@group-523986131536: receive installSnapshot: omNode-2->omNode-1#0-t4,notify:(t:3, i:19)
2022-03-14 12:17:58,953 [grpc-default-executor-5] INFO  server.RaftServer$Division (RaftServerImpl.java:notifyStateMachineToInstallSnapshot(1551)) - omNode-1@group-523986131536: Received notification to install snapshot at index 19
2022-03-14 12:17:58,953 [grpc-default-executor-5] INFO  server.RaftServer$Division (RaftServerImpl.java:notifyStateMachineToInstallSnapshot(1559)) - omNode-1@group-523986131536: InstallSnapshot notification result: ALREADY_INSTALLED, current snapshot index: 18
2022-03-14 12:17:58,953 [grpc-default-executor-5] INFO  server.RaftServer$Division (RaftServerImpl.java:installSnapshotImpl(1462)) - omNode-1@group-523986131536: set new configuration index: 21
configurationEntry {
  peers {
    id: "omNode-3"
    address: "localhost:38427"
  }
  peers {
    id: "omNode-1"
    address: "localhost:41375"
  }
  peers {
    id: "omNode-2"
    address: "localhost:40735"
  }
}
 from snapshot
2022-03-14 12:17:58,954 [grpc-default-executor-5] INFO  server.RaftServer$Division (ServerState.java:setRaftConf(387)) - omNode-1@group-523986131536: set configuration 21: [omNode-3|rpc:localhost:38427|admin:|client:|dataStream:|priority:0, omNode-1|rpc:localhost:41375|admin:|client:|dataStream:|priority:0, omNode-2|rpc:localhost:40735|admin:|client:|dataStream:|priority:0], old=null
2022-03-14 12:17:58,954 [grpc-default-executor-5] INFO  ratis.OzoneManagerStateMachine (OzoneManagerStateMachine.java:notifyConfigurationChanged(188)) - Received Configuration change notification from Ratis. New Peer list:
[id: "omNode-3"
address: "localhost:38427"
, id: "omNode-1"
address: "localhost:41375"
, id: "omNode-2"
address: "localhost:40735"
]
2022-03-14 12:17:58,954 [grpc-default-executor-5] INFO  server.RaftServer$Division (RaftServerImpl.java:installSnapshot(1343)) - omNode-1@group-523986131536: reply installSnapshot: omNode-2<-omNode-1#0:FAIL-t4,ALREADY_INSTALLED,snapshotIndex=18
2022-03-14 12:17:58,955 [grpc-default-executor-5] INFO  server.GrpcServerProtocolService (GrpcServerProtocolService.java:onCompleted(140)) - omNode-1: Completed INSTALL_SNAPSHOT, lastRequest: omNode-2->omNode-1#0-t4,notify:(t:3, i:19)
2022-03-14 12:17:58,956 [omNode-2@group-523986131536-StateMachineUpdater] INFO  ratis.OzoneManagerStateMachine (OzoneManagerStateMachine.java:notifyConfigurationChanged(188)) - Received Configuration change notification from Ratis. New Peer list:
[id: "omNode-3"
address: "localhost:38427"
, id: "omNode-1"
address: "localhost:41375"
, id: "omNode-2"
address: "localhost:40735"
]
2022-03-14 12:17:58,956 [grpc-default-executor-5] INFO  server.GrpcLogAppender (GrpcLogAppender.java:onNext(410)) - omNode-2@group-523986131536->omNode-1-InstallSnapshotResponseHandler: received the first reply omNode-2<-omNode-1#0:FAIL-t4,ALREADY_INSTALLED,snapshotIndex=18
2022-03-14 12:17:58,957 [grpc-default-executor-5] INFO  server.GrpcLogAppender (GrpcLogAppender.java:onNext(433)) - omNode-2@group-523986131536->omNode-1-InstallSnapshotResponseHandler: Follower snapshot is already at index 18.
2022-03-14 12:17:58,957 [grpc-default-executor-5] INFO  leader.FollowerInfo (FollowerInfoImpl.java:lambda$new$0(47)) - omNode-2@group-523986131536->omNode-1: snapshotIndex: setUnconditionally 0 -> 18
2022-03-14 12:17:58,957 [grpc-default-executor-5] INFO  leader.FollowerInfo (FollowerInfoImpl.java:lambda$new$0(47)) - omNode-2@group-523986131536->omNode-1: matchIndex: setUnconditionally 0 -> 18
2022-03-14 12:17:58,957 [grpc-default-executor-5] INFO  leader.FollowerInfo (FollowerInfoImpl.java:lambda$new$0(47)) - omNode-2@group-523986131536->omNode-1: nextIndex: setUnconditionally 0 -> 19
2022-03-14 12:17:58,957 [grpc-default-executor-5] INFO  leader.FollowerInfo (FollowerInfoImpl.java:setAttemptedToInstallSnapshot(116)) - Follower omNode-2@group-523986131536->omNode-1 acknowledged installing snapshot
2022-03-14 12:17:58,957 [grpc-default-executor-5] INFO  leader.FollowerInfo (FollowerInfoImpl.java:lambda$new$0(47)) - omNode-2@group-523986131536->omNode-1: nextIndex: updateToMax old=19, new=19, updated? false
2022-03-14 12:17:58,960 [omNode-3@group-523986131536-StateMachineUpdater] INFO  ratis.OzoneManagerStateMachine (OzoneManagerStateMachine.java:notifyConfigurationChanged(188)) - Received Configuration change notification from Ratis. New Peer list:
[id: "omNode-3"
address: "localhost:38427"
, id: "omNode-1"
address: "localhost:41375"
, id: "omNode-2"
address: "localhost:40735"
]
2022-03-14 12:17:59,465 [grpc-default-executor-1] INFO  server.RaftServer$Division (RaftServerImpl.java:checkInconsistentAppendEntries(1322)) - omNode-1@group-523986131536: Failed appendEntries as previous log entry ((t:4, i:22)) is not found
2022-03-14 12:17:59,466 [grpc-default-executor-1] INFO  server.RaftServer$Division (RaftServerImpl.java:checkInconsistentAppendEntries(1288)) - omNode-1@group-523986131536: inconsistency entries. Reply:omNode-2<-omNode-1#53:FAIL-t4,INCONSISTENCY,nextIndex=19,followerCommit=18
2022-03-14 12:17:59,467 [grpc-default-executor-1] INFO  leader.FollowerInfo (FollowerInfoImpl.java:lambda$new$0(47)) - omNode-2@group-523986131536->omNode-1: nextIndex: updateUnconditionally 23 -> 19
2022-03-14 12:17:59,872 [Time-limited test] INFO  retry.RetryInvocationHandler (RetryInvocationHandler.java:log(411)) - com.google.protobuf.ServiceException: org.apache.hadoop.ipc.RemoteException(org.apache.hadoop.ozone.om.exceptions.OMNotLeaderException): OM:omNode-1 is not the leader. Could not determine the leader node.
	at org.apache.hadoop.ozone.om.ratis.utils.OzoneManagerRatisUtils.createNotLeaderException(OzoneManagerRatisUtils.java:360)
	at org.apache.hadoop.ozone.om.ratis.utils.OzoneManagerRatisUtils.checkLeaderStatus(OzoneManagerRatisUtils.java:346)
	at org.apache.hadoop.ozone.protocolPB.OzoneManagerProtocolServerSideTranslatorPB.checkLeaderStatus(OzoneManagerProtocolServerSideTranslatorPB.java:279)
	at org.apache.hadoop.ozone.protocolPB.OzoneManagerProtocolServerSideTranslatorPB.processRequest(OzoneManagerProtocolServerSideTranslatorPB.java:158)
	at org.apache.hadoop.hdds.server.OzoneProtocolMessageDispatcher.processRequest(OzoneProtocolMessageDispatcher.java:87)
	at org.apache.hadoop.ozone.protocolPB.OzoneManagerProtocolServerSideTranslatorPB.submitRequest(OzoneManagerProtocolServerSideTranslatorPB.java:124)
	at org.apache.hadoop.ozone.protocol.proto.OzoneManagerProtocolProtos$OzoneManagerService$2.callBlockingMethod(OzoneManagerProtocolProtos.java)
	at org.apache.hadoop.ipc.ProtobufRpcEngine$Server.processCall(ProtobufRpcEngine.java:466)
	at org.apache.hadoop.ipc.ProtobufRpcEngine2$Server$ProtoBufRpcInvoker.call(ProtobufRpcEngine2.java:574)
	at org.apache.hadoop.ipc.ProtobufRpcEngine2$Server$ProtoBufRpcInvoker.call(ProtobufRpcEngine2.java:552)
	at org.apache.hadoop.ipc.RPC$Server.call(RPC.java:1093)
	at org.apache.hadoop.ipc.Server$RpcCall.run(Server.java:1035)
	at org.apache.hadoop.ipc.Server$RpcCall.run(Server.java:963)
	at java.security.AccessController.doPrivileged(Native Method)
	at javax.security.auth.Subject.doAs(Subject.java:422)
	at org.apache.hadoop.security.UserGroupInformation.doAs(UserGroupInformation.java:1878)
	at org.apache.hadoop.ipc.Server$Handler.run(Server.java:2966)
, while invoking $Proxy53.submitRequest over nodeId=omNode-1,nodeAddress=127.0.0.1:33717 after 3 failover attempts. Trying to failover immediately.
2022-03-14 12:17:59,875 [grpc-default-executor-1] INFO  server.RaftServer$Division (RaftServerImpl.java:checkInconsistentAppendEntries(1322)) - omNode-1@group-523986131536: Failed appendEntries as previous log entry ((t:4, i:22)) is not found
2022-03-14 12:17:59,875 [grpc-default-executor-1] INFO  server.RaftServer$Division (RaftServerImpl.java:checkInconsistentAppendEntries(1288)) - omNode-1@group-523986131536: inconsistency entries. Reply:omNode-2<-omNode-1#95:FAIL-t4,INCONSISTENCY,nextIndex=19,followerCommit=18
2022-03-14 12:17:59,880 [grpc-default-executor-5] INFO  server.RaftServer$Division (RaftServerImpl.java:checkInconsistentAppendEntries(1322)) - omNode-1@group-523986131536: Failed appendEntries as previous log entry ((t:4, i:23)) is not found
2022-03-14 12:17:59,880 [grpc-default-executor-5] INFO  server.RaftServer$Division (RaftServerImpl.java:checkInconsistentAppendEntries(1288)) - omNode-1@group-523986131536: inconsistency entries. Reply:omNode-2<-omNode-1#96:FAIL-t4,INCONSISTENCY,nextIndex=19,followerCommit=18
2022-03-14 12:17:59,881 [OM StateMachine ApplyTransaction Thread - 0] INFO  upgrade.OMCancelPrepareRequest (OMCancelPrepareRequest.java:validateAndUpdateCache(55)) - OM omNode-2 Received cancel prepare request with log index 23
2022-03-14 12:17:59,885 [OM StateMachine ApplyTransaction Thread - 0] INFO  upgrade.OMCancelPrepareRequest (OMCancelPrepareRequest.java:validateAndUpdateCache(55)) - OM omNode-3 Received cancel prepare request with log index 23
2022-03-14 12:17:59,886 [OM StateMachine ApplyTransaction Thread - 0] INFO  om.OzoneManagerPrepareState (OzoneManagerPrepareState.java:deletePrepareMarkerFile(271)) - Deleted prepare marker file: /home/runner/work/ozone/ozone/hadoop-ozone/integration-test/target/test-dir/MiniOzoneClusterImpl-278953cb-1c57-4e8b-ba2f-5e3472d45912/omNode-2/current/prepareMarker
2022-03-14 12:17:59,887 [OM StateMachine ApplyTransaction Thread - 0] INFO  om.OzoneManagerPrepareState (OzoneManagerPrepareState.java:deletePrepareMarkerFile(271)) - Deleted prepare marker file: /home/runner/work/ozone/ozone/hadoop-ozone/integration-test/target/test-dir/MiniOzoneClusterImpl-278953cb-1c57-4e8b-ba2f-5e3472d45912/omNode-3/current/prepareMarker
2022-03-14 12:17:59,887 [OM StateMachine ApplyTransaction Thread - 0] INFO  upgrade.OMCancelPrepareRequest (OMCancelPrepareRequest.java:validateAndUpdateCache(84)) - OM omNode-3 prepare state cancelled at log index 23. Returning response 
2022-03-14 12:17:59,890 [OM StateMachine ApplyTransaction Thread - 0] INFO  upgrade.OMCancelPrepareRequest (OMCancelPrepareRequest.java:validateAndUpdateCache(84)) - OM omNode-2 prepare state cancelled at log index 23. Returning response 
2022-03-14 12:18:00,381 [grpc-default-executor-5] INFO  server.RaftServer$Division (RaftServerImpl.java:checkInconsistentAppendEntries(1322)) - omNode-1@group-523986131536: Failed appendEntries as previous log entry ((t:4, i:24)) is not found
2022-03-14 12:18:00,381 [grpc-default-executor-5] INFO  server.RaftServer$Division (RaftServerImpl.java:checkInconsistentAppendEntries(1288)) - omNode-1@group-523986131536: inconsistency entries. Reply:omNode-2<-omNode-1#146:FAIL-t4,INCONSISTENCY,nextIndex=19,followerCommit=18
2022-03-14 12:18:00,382 [grpc-default-executor-5] INFO  leader.FollowerInfo (FollowerInfoImpl.java:lambda$new$0(47)) - omNode-2@group-523986131536->omNode-1: nextIndex: updateUnconditionally 25 -> 19
2022-03-14 12:18:00,884 [grpc-default-executor-5] INFO  server.RaftServer$Division (RaftServerImpl.java:checkInconsistentAppendEntries(1322)) - omNode-1@group-523986131536: Failed appendEntries as previous log entry ((t:4, i:24)) is not found
2022-03-14 12:18:00,884 [grpc-default-executor-5] INFO  server.RaftServer$Division (RaftServerImpl.java:checkInconsistentAppendEntries(1288)) - omNode-1@group-523986131536: inconsistency entries. Reply:omNode-2<-omNode-1#198:FAIL-t4,INCONSISTENCY,nextIndex=19,followerCommit=18
2022-03-14 12:18:00,887 [grpc-default-executor-5] INFO  leader.FollowerInfo (FollowerInfoImpl.java:lambda$new$0(47)) - omNode-2@group-523986131536->omNode-1: nextIndex: updateUnconditionally 25 -> 19
2022-03-14 12:18:01,389 [grpc-default-executor-1] INFO  server.RaftServer$Division (RaftServerImpl.java:checkInconsistentAppendEntries(1322)) - omNode-1@group-523986131536: Failed appendEntries as previous log entry ((t:4, i:24)) is not found
2022-03-14 12:18:01,389 [grpc-default-executor-1] INFO  server.RaftServer$Division (RaftServerImpl.java:checkInconsistentAppendEntries(1288)) - omNode-1@group-523986131536: inconsistency entries. Reply:omNode-2<-omNode-1#249:FAIL-t4,INCONSISTENCY,nextIndex=19,followerCommit=18
2022-03-14 12:18:01,390 [grpc-default-executor-1] INFO  leader.FollowerInfo (FollowerInfoImpl.java:lambda$new$0(47)) - omNode-2@group-523986131536->omNode-1: nextIndex: updateUnconditionally 25 -> 19
2022-03-14 12:18:01,892 [grpc-default-executor-1] INFO  server.RaftServer$Division (RaftServerImpl.java:checkInconsistentAppendEntries(1322)) - omNode-1@group-523986131536: Failed appendEntries as previous log entry ((t:4, i:24)) is not found
2022-03-14 12:18:01,892 [grpc-default-executor-1] INFO  server.RaftServer$Division (RaftServerImpl.java:checkInconsistentAppendEntries(1288)) - omNode-1@group-523986131536: inconsistency entries. Reply:omNode-2<-omNode-1#300:FAIL-t4,INCONSISTENCY,nextIndex=19,followerCommit=18
2022-03-14 12:18:01,893 [grpc-default-executor-1] INFO  leader.FollowerInfo (FollowerInfoImpl.java:lambda$new$0(47)) - omNode-2@group-523986131536->omNode-1: nextIndex: updateUnconditionally 25 -> 19
2022-03-14 12:18:02,279 [3d74c5ad-bb9c-4739-895f-0556a3b9901a@group-2D2EB3F1B165-FollowerState] INFO  impl.FollowerState (FollowerState.java:run(134)) - 3d74c5ad-bb9c-4739-895f-0556a3b9901a@group-2D2EB3F1B165-FollowerState: change to CANDIDATE, lastRpcElapsedTime:5108625730ns, electionTimeout:5108ms
2022-03-14 12:18:02,279 [3d74c5ad-bb9c-4739-895f-0556a3b9901a@group-2D2EB3F1B165-FollowerState] INFO  impl.RoleInfo (RoleInfo.java:shutdownFollowerState(108)) - 3d74c5ad-bb9c-4739-895f-0556a3b9901a: shutdown 3d74c5ad-bb9c-4739-895f-0556a3b9901a@group-2D2EB3F1B165-FollowerState
2022-03-14 12:18:02,279 [3d74c5ad-bb9c-4739-895f-0556a3b9901a@group-2D2EB3F1B165-FollowerState] INFO  server.RaftServer$Division (RaftServerImpl.java:setRole(290)) - 3d74c5ad-bb9c-4739-895f-0556a3b9901a@group-2D2EB3F1B165: changes role from  FOLLOWER to CANDIDATE at term 3 for changeToCandidate
2022-03-14 12:18:02,279 [3d74c5ad-bb9c-4739-895f-0556a3b9901a@group-2D2EB3F1B165-FollowerState] INFO  server.RaftServerConfigKeys (ConfUtils.java:logGet(44)) - raft.server.leaderelection.pre-vote = false (custom)
2022-03-14 12:18:02,280 [3d74c5ad-bb9c-4739-895f-0556a3b9901a@group-2D2EB3F1B165-FollowerState] INFO  impl.RoleInfo (RoleInfo.java:updateAndGet(130)) - 3d74c5ad-bb9c-4739-895f-0556a3b9901a: start 3d74c5ad-bb9c-4739-895f-0556a3b9901a@group-2D2EB3F1B165-LeaderElection19
2022-03-14 12:18:02,282 [3d74c5ad-bb9c-4739-895f-0556a3b9901a@group-2D2EB3F1B165-LeaderElection19] INFO  impl.LeaderElection (LeaderElection.java:askForVotes(306)) - 3d74c5ad-bb9c-4739-895f-0556a3b9901a@group-2D2EB3F1B165-LeaderElection19 ELECTION round 0: submit vote requests at term 4 for -1: [3d74c5ad-bb9c-4739-895f-0556a3b9901a|rpc:10.1.0.4:41111|priority:0, 2f089a79-715b-4bd1-9f38-6af58c65be05|rpc:10.1.0.4:33731|priority:0, 2c6e3e89-7bf7-4755-89d7-dad9f6a5f72c|rpc:10.1.0.4:40415|priority:1], old=null
2022-03-14 12:18:02,285 [grpc-default-executor-1] INFO  server.RaftServer$Division (RaftServerImpl.java:requestVote(1046)) - 2f089a79-715b-4bd1-9f38-6af58c65be05@group-2D2EB3F1B165: receive requestVote(ELECTION, 3d74c5ad-bb9c-4739-895f-0556a3b9901a, group-2D2EB3F1B165, 4, (t:0, i:0))
2022-03-14 12:18:02,285 [grpc-default-executor-1] INFO  impl.VoteContext (VoteContext.java:log(48)) - 2f089a79-715b-4bd1-9f38-6af58c65be05@group-2D2EB3F1B165-FOLLOWER: accept ELECTION from 3d74c5ad-bb9c-4739-895f-0556a3b9901a: our priority 0 <= candidate's priority 0
2022-03-14 12:18:02,285 [grpc-default-executor-1] INFO  server.RaftServer$Division (RaftServerImpl.java:setRole(290)) - 2f089a79-715b-4bd1-9f38-6af58c65be05@group-2D2EB3F1B165: changes role from  FOLLOWER to FOLLOWER at term 4 for candidate:3d74c5ad-bb9c-4739-895f-0556a3b9901a
2022-03-14 12:18:02,285 [grpc-default-executor-1] INFO  impl.RoleInfo (RoleInfo.java:shutdownFollowerState(108)) - 2f089a79-715b-4bd1-9f38-6af58c65be05: shutdown 2f089a79-715b-4bd1-9f38-6af58c65be05@group-2D2EB3F1B165-FollowerState
2022-03-14 12:18:02,285 [grpc-default-executor-1] INFO  impl.RoleInfo (RoleInfo.java:updateAndGet(130)) - 2f089a79-715b-4bd1-9f38-6af58c65be05: start 2f089a79-715b-4bd1-9f38-6af58c65be05@group-2D2EB3F1B165-FollowerState
2022-03-14 12:18:02,286 [2f089a79-715b-4bd1-9f38-6af58c65be05@group-2D2EB3F1B165-FollowerState] INFO  impl.FollowerState (FollowerState.java:run(143)) - 2f089a79-715b-4bd1-9f38-6af58c65be05@group-2D2EB3F1B165-FollowerState was interrupted: {}
java.lang.InterruptedException: sleep interrupted
	at java.lang.Thread.sleep(Native Method)
	at java.lang.Thread.sleep(Thread.java:342)
	at java.util.concurrent.TimeUnit.sleep(TimeUnit.java:386)
	at org.apache.ratis.util.TimeDuration.sleep(TimeDuration.java:324)
	at org.apache.ratis.util.TimeDuration.sleep(TimeDuration.java:309)
	at org.apache.ratis.server.impl.FollowerState.run(FollowerState.java:118)
2022-03-14 12:18:02,294 [2c6e3e89-7bf7-4755-89d7-dad9f6a5f72c@group-2D2EB3F1B165-FollowerState] INFO  impl.FollowerState (FollowerState.java:run(134)) - 2c6e3e89-7bf7-4755-89d7-dad9f6a5f72c@group-2D2EB3F1B165-FollowerState: change to CANDIDATE, lastRpcElapsedTime:5143319117ns, electionTimeout:5133ms
2022-03-14 12:18:02,294 [2c6e3e89-7bf7-4755-89d7-dad9f6a5f72c@group-2D2EB3F1B165-FollowerState] INFO  impl.RoleInfo (RoleInfo.java:shutdownFollowerState(108)) - 2c6e3e89-7bf7-4755-89d7-dad9f6a5f72c: shutdown 2c6e3e89-7bf7-4755-89d7-dad9f6a5f72c@group-2D2EB3F1B165-FollowerState
2022-03-14 12:18:02,294 [2c6e3e89-7bf7-4755-89d7-dad9f6a5f72c@group-2D2EB3F1B165-FollowerState] INFO  server.RaftServer$Division (RaftServerImpl.java:setRole(290)) - 2c6e3e89-7bf7-4755-89d7-dad9f6a5f72c@group-2D2EB3F1B165: changes role from  FOLLOWER to CANDIDATE at term 3 for changeToCandidate
2022-03-14 12:18:02,294 [2c6e3e89-7bf7-4755-89d7-dad9f6a5f72c@group-2D2EB3F1B165-FollowerState] INFO  server.RaftServerConfigKeys (ConfUtils.java:logGet(44)) - raft.server.leaderelection.pre-vote = false (custom)
2022-03-14 12:18:02,294 [2c6e3e89-7bf7-4755-89d7-dad9f6a5f72c@group-2D2EB3F1B165-FollowerState] INFO  impl.RoleInfo (RoleInfo.java:updateAndGet(130)) - 2c6e3e89-7bf7-4755-89d7-dad9f6a5f72c: start 2c6e3e89-7bf7-4755-89d7-dad9f6a5f72c@group-2D2EB3F1B165-LeaderElection20
2022-03-14 12:18:02,296 [grpc-default-executor-1] INFO  server.RaftServer$Division (RaftServerImpl.java:requestVote(1078)) - 2f089a79-715b-4bd1-9f38-6af58c65be05@group-2D2EB3F1B165 replies to ELECTION vote request: 3d74c5ad-bb9c-4739-895f-0556a3b9901a<-2f089a79-715b-4bd1-9f38-6af58c65be05#0:OK-t4. Peer's state: 2f089a79-715b-4bd1-9f38-6af58c65be05@group-2D2EB3F1B165:t4, leader=null, voted=3d74c5ad-bb9c-4739-895f-0556a3b9901a, raftlog=2f089a79-715b-4bd1-9f38-6af58c65be05@group-2D2EB3F1B165-SegmentedRaftLog:OPENED:c-1, conf=-1: [3d74c5ad-bb9c-4739-895f-0556a3b9901a|rpc:10.1.0.4:41111|dataStream:|priority:0, 2f089a79-715b-4bd1-9f38-6af58c65be05|rpc:10.1.0.4:33731|dataStream:|priority:0, 2c6e3e89-7bf7-4755-89d7-dad9f6a5f72c|rpc:10.1.0.4:40415|dataStream:|priority:1], old=null
2022-03-14 12:18:02,298 [grpc-default-executor-5] INFO  server.RaftServer$Division (RaftServerImpl.java:requestVote(1046)) - 2c6e3e89-7bf7-4755-89d7-dad9f6a5f72c@group-2D2EB3F1B165: receive requestVote(ELECTION, 3d74c5ad-bb9c-4739-895f-0556a3b9901a, group-2D2EB3F1B165, 4, (t:0, i:0))
2022-03-14 12:18:02,298 [grpc-default-executor-5] INFO  impl.VoteContext (VoteContext.java:log(48)) - 2c6e3e89-7bf7-4755-89d7-dad9f6a5f72c@group-2D2EB3F1B165-CANDIDATE: reject ELECTION from 3d74c5ad-bb9c-4739-895f-0556a3b9901a: our priority 1 > candidate's priority 0
2022-03-14 12:18:02,298 [grpc-default-executor-5] INFO  server.RaftServer$Division (RaftServerImpl.java:setRole(290)) - 2c6e3e89-7bf7-4755-89d7-dad9f6a5f72c@group-2D2EB3F1B165: changes role from CANDIDATE to FOLLOWER at term 4 for candidate:3d74c5ad-bb9c-4739-895f-0556a3b9901a
2022-03-14 12:18:02,298 [grpc-default-executor-5] INFO  impl.RoleInfo (RoleInfo.java:shutdownLeaderElection(121)) - 2c6e3e89-7bf7-4755-89d7-dad9f6a5f72c: shutdown 2c6e3e89-7bf7-4755-89d7-dad9f6a5f72c@group-2D2EB3F1B165-LeaderElection20
2022-03-14 12:18:02,298 [grpc-default-executor-5] INFO  impl.RoleInfo (RoleInfo.java:updateAndGet(130)) - 2c6e3e89-7bf7-4755-89d7-dad9f6a5f72c: start 2c6e3e89-7bf7-4755-89d7-dad9f6a5f72c@group-2D2EB3F1B165-FollowerState
2022-03-14 12:18:02,299 [2c6e3e89-7bf7-4755-89d7-dad9f6a5f72c@group-2D2EB3F1B165-LeaderElection20] INFO  impl.LeaderElection (LeaderElection.java:run(230)) - 2c6e3e89-7bf7-4755-89d7-dad9f6a5f72c@group-2D2EB3F1B165-LeaderElection20: skip running since this is already CLOSING
2022-03-14 12:18:02,300 [grpc-default-executor-5] INFO  server.RaftServer$Division (RaftServerImpl.java:requestVote(1078)) - 2c6e3e89-7bf7-4755-89d7-dad9f6a5f72c@group-2D2EB3F1B165 replies to ELECTION vote request: 3d74c5ad-bb9c-4739-895f-0556a3b9901a<-2c6e3e89-7bf7-4755-89d7-dad9f6a5f72c#0:FAIL-t4. Peer's state: 2c6e3e89-7bf7-4755-89d7-dad9f6a5f72c@group-2D2EB3F1B165:t4, leader=null, voted=null, raftlog=2c6e3e89-7bf7-4755-89d7-dad9f6a5f72c@group-2D2EB3F1B165-SegmentedRaftLog:OPENED:c-1, conf=-1: [3d74c5ad-bb9c-4739-895f-0556a3b9901a|rpc:10.1.0.4:41111|dataStream:|priority:0, 2f089a79-715b-4bd1-9f38-6af58c65be05|rpc:10.1.0.4:33731|dataStream:|priority:0, 2c6e3e89-7bf7-4755-89d7-dad9f6a5f72c|rpc:10.1.0.4:40415|dataStream:|priority:1], old=null
2022-03-14 12:18:02,307 [3d74c5ad-bb9c-4739-895f-0556a3b9901a@group-2D2EB3F1B165-LeaderElection19] INFO  impl.LeaderElection (LeaderElection.java:logAndReturn(89)) - 3d74c5ad-bb9c-4739-895f-0556a3b9901a@group-2D2EB3F1B165-LeaderElection19: ELECTION REJECTED received 2 response(s) and 0 exception(s):
2022-03-14 12:18:02,307 [3d74c5ad-bb9c-4739-895f-0556a3b9901a@group-2D2EB3F1B165-LeaderElection19] INFO  impl.LeaderElection (LeaderElection.java:logAndReturn(93)) -   Response 0: 3d74c5ad-bb9c-4739-895f-0556a3b9901a<-2f089a79-715b-4bd1-9f38-6af58c65be05#0:OK-t4
2022-03-14 12:18:02,307 [3d74c5ad-bb9c-4739-895f-0556a3b9901a@group-2D2EB3F1B165-LeaderElection19] INFO  impl.LeaderElection (LeaderElection.java:logAndReturn(93)) -   Response 1: 3d74c5ad-bb9c-4739-895f-0556a3b9901a<-2c6e3e89-7bf7-4755-89d7-dad9f6a5f72c#0:FAIL-t4
2022-03-14 12:18:02,307 [3d74c5ad-bb9c-4739-895f-0556a3b9901a@group-2D2EB3F1B165-LeaderElection19] INFO  impl.LeaderElection (LeaderElection.java:askForVotes(308)) - 3d74c5ad-bb9c-4739-895f-0556a3b9901a@group-2D2EB3F1B165-LeaderElection19 ELECTION round 0: result REJECTED
2022-03-14 12:18:02,307 [3d74c5ad-bb9c-4739-895f-0556a3b9901a@group-2D2EB3F1B165-LeaderElection19] INFO  server.RaftServer$Division (RaftServerImpl.java:setRole(290)) - 3d74c5ad-bb9c-4739-895f-0556a3b9901a@group-2D2EB3F1B165: changes role from CANDIDATE to FOLLOWER at term 4 for REJECTED
2022-03-14 12:18:02,307 [3d74c5ad-bb9c-4739-895f-0556a3b9901a@group-2D2EB3F1B165-LeaderElection19] INFO  impl.RoleInfo (RoleInfo.java:shutdownLeaderElection(121)) - 3d74c5ad-bb9c-4739-895f-0556a3b9901a: shutdown 3d74c5ad-bb9c-4739-895f-0556a3b9901a@group-2D2EB3F1B165-LeaderElection19
2022-03-14 12:18:02,307 [3d74c5ad-bb9c-4739-895f-0556a3b9901a@group-2D2EB3F1B165-LeaderElection19] INFO  impl.RoleInfo (RoleInfo.java:updateAndGet(130)) - 3d74c5ad-bb9c-4739-895f-0556a3b9901a: start 3d74c5ad-bb9c-4739-895f-0556a3b9901a@group-2D2EB3F1B165-FollowerState
2022-03-14 12:18:02,395 [grpc-default-executor-5] INFO  server.RaftServer$Division (RaftServerImpl.java:checkInconsistentAppendEntries(1322)) - omNode-1@group-523986131536: Failed appendEntries as previous log entry ((t:4, i:24)) is not found
2022-03-14 12:18:02,396 [grpc-default-executor-5] INFO  server.RaftServer$Division (RaftServerImpl.java:checkInconsistentAppendEntries(1288)) - omNode-1@group-523986131536: inconsistency entries. Reply:omNode-2<-omNode-1#350:FAIL-t4,INCONSISTENCY,nextIndex=19,followerCommit=18
2022-03-14 12:18:02,396 [grpc-default-executor-1] INFO  leader.FollowerInfo (FollowerInfoImpl.java:lambda$new$0(47)) - omNode-2@group-523986131536->omNode-1: nextIndex: updateUnconditionally 25 -> 19
2022-03-14 12:18:02,899 [grpc-default-executor-5] INFO  server.RaftServer$Division (RaftServerImpl.java:checkInconsistentAppendEntries(1322)) - omNode-1@group-523986131536: Failed appendEntries as previous log entry ((t:4, i:24)) is not found
2022-03-14 12:18:02,899 [grpc-default-executor-5] INFO  server.RaftServer$Division (RaftServerImpl.java:checkInconsistentAppendEntries(1288)) - omNode-1@group-523986131536: inconsistency entries. Reply:omNode-2<-omNode-1#401:FAIL-t4,INCONSISTENCY,nextIndex=19,followerCommit=18
2022-03-14 12:18:02,900 [grpc-default-executor-5] INFO  leader.FollowerInfo (FollowerInfoImpl.java:lambda$new$0(47)) - omNode-2@group-523986131536->omNode-1: nextIndex: updateUnconditionally 25 -> 19
2022-03-14 12:18:03,402 [grpc-default-executor-1] INFO  server.RaftServer$Division (RaftServerImpl.java:checkInconsistentAppendEntries(1322)) - omNode-1@group-523986131536: Failed appendEntries as previous log entry ((t:4, i:24)) is not found
2022-03-14 12:18:03,402 [grpc-default-executor-1] INFO  server.RaftServer$Division (RaftServerImpl.java:checkInconsistentAppendEntries(1288)) - omNode-1@group-523986131536: inconsistency entries. Reply:omNode-2<-omNode-1#452:FAIL-t4,INCONSISTENCY,nextIndex=19,followerCommit=18
2022-03-14 12:18:03,403 [grpc-default-executor-1] INFO  leader.FollowerInfo (FollowerInfoImpl.java:lambda$new$0(47)) - omNode-2@group-523986131536->omNode-1: nextIndex: updateUnconditionally 25 -> 19
2022-03-14 12:18:03,905 [grpc-default-executor-1] INFO  server.RaftServer$Division (RaftServerImpl.java:checkInconsistentAppendEntries(1322)) - omNode-1@group-523986131536: Failed appendEntries as previous log entry ((t:4, i:24)) is not found
2022-03-14 12:18:03,906 [grpc-default-executor-1] INFO  server.RaftServer$Division (RaftServerImpl.java:checkInconsistentAppendEntries(1288)) - omNode-1@group-523986131536: inconsistency entries. Reply:omNode-2<-omNode-1#503:FAIL-t4,INCONSISTENCY,nextIndex=19,followerCommit=18
2022-03-14 12:18:03,906 [grpc-default-executor-5] INFO  leader.FollowerInfo (FollowerInfoImpl.java:lambda$new$0(47)) - omNode-2@group-523986131536->omNode-1: nextIndex: updateUnconditionally 25 -> 19
2022-03-14 12:18:04,410 [grpc-default-executor-5] INFO  server.RaftServer$Division (RaftServerImpl.java:checkInconsistentAppendEntries(1322)) - omNode-1@group-523986131536: Failed appendEntries as previous log entry ((t:4, i:24)) is not found
2022-03-14 12:18:04,411 [grpc-default-executor-5] INFO  server.RaftServer$Division (RaftServerImpl.java:checkInconsistentAppendEntries(1288)) - omNode-1@group-523986131536: inconsistency entries. Reply:omNode-2<-omNode-1#554:FAIL-t4,INCONSISTENCY,nextIndex=19,followerCommit=18
2022-03-14 12:18:04,411 [grpc-default-executor-1] INFO  leader.FollowerInfo (FollowerInfoImpl.java:lambda$new$0(47)) - omNode-2@group-523986131536->omNode-1: nextIndex: updateUnconditionally 25 -> 19
2022-03-14 12:18:04,914 [grpc-default-executor-5] INFO  server.RaftServer$Division (RaftServerImpl.java:checkInconsistentAppendEntries(1322)) - omNode-1@group-523986131536: Failed appendEntries as previous log entry ((t:4, i:24)) is not found
2022-03-14 12:18:04,914 [grpc-default-executor-5] INFO  server.RaftServer$Division (RaftServerImpl.java:checkInconsistentAppendEntries(1288)) - omNode-1@group-523986131536: inconsistency entries. Reply:omNode-2<-omNode-1#605:FAIL-t4,INCONSISTENCY,nextIndex=19,followerCommit=18
2022-03-14 12:18:04,915 [grpc-default-executor-5] INFO  leader.FollowerInfo (FollowerInfoImpl.java:lambda$new$0(47)) - omNode-2@group-523986131536->omNode-1: nextIndex: updateUnconditionally 25 -> 19
2022-03-14 12:18:05,417 [grpc-default-executor-1] INFO  server.RaftServer$Division (RaftServerImpl.java:checkInconsistentAppendEntries(1322)) - omNode-1@group-523986131536: Failed appendEntries as previous log entry ((t:4, i:24)) is not found
2022-03-14 12:18:05,417 [grpc-default-executor-1] INFO  server.RaftServer$Division (RaftServerImpl.java:checkInconsistentAppendEntries(1288)) - omNode-1@group-523986131536: inconsistency entries. Reply:omNode-2<-omNode-1#656:FAIL-t4,INCONSISTENCY,nextIndex=19,followerCommit=18
2022-03-14 12:18:05,418 [grpc-default-executor-5] INFO  leader.FollowerInfo (FollowerInfoImpl.java:lambda$new$0(47)) - omNode-2@group-523986131536->omNode-1: nextIndex: updateUnconditionally 25 -> 19
2022-03-14 12:18:05,921 [grpc-default-executor-5] INFO  server.RaftServer$Division (RaftServerImpl.java:checkInconsistentAppendEntries(1322)) - omNode-1@group-523986131536: Failed appendEntries as previous log entry ((t:4, i:24)) is not found
2022-03-14 12:18:05,921 [grpc-default-executor-5] INFO  server.RaftServer$Division (RaftServerImpl.java:checkInconsistentAppendEntries(1288)) - omNode-1@group-523986131536: inconsistency entries. Reply:omNode-2<-omNode-1#707:FAIL-t4,INCONSISTENCY,nextIndex=19,followerCommit=18
2022-03-14 12:18:05,922 [grpc-default-executor-5] INFO  leader.FollowerInfo (FollowerInfoImpl.java:lambda$new$0(47)) - omNode-2@group-523986131536->omNode-1: nextIndex: updateUnconditionally 25 -> 19
2022-03-14 12:18:06,423 [grpc-default-executor-1] INFO  server.RaftServer$Division (RaftServerImpl.java:checkInconsistentAppendEntries(1322)) - omNode-1@group-523986131536: Failed appendEntries as previous log entry ((t:4, i:24)) is not found
2022-03-14 12:18:06,423 [grpc-default-executor-1] INFO  server.RaftServer$Division (RaftServerImpl.java:checkInconsistentAppendEntries(1288)) - omNode-1@group-523986131536: inconsistency entries. Reply:omNode-2<-omNode-1#758:FAIL-t4,INCONSISTENCY,nextIndex=19,followerCommit=18
2022-03-14 12:18:06,424 [grpc-default-executor-1] INFO  leader.FollowerInfo (FollowerInfoImpl.java:lambda$new$0(47)) - omNode-2@group-523986131536->omNode-1: nextIndex: updateUnconditionally 25 -> 19
2022-03-14 12:18:06,927 [grpc-default-executor-1] INFO  server.RaftServer$Division (RaftServerImpl.java:checkInconsistentAppendEntries(1322)) - omNode-1@group-523986131536: Failed appendEntries as previous log entry ((t:4, i:24)) is not found
2022-03-14 12:18:06,927 [grpc-default-executor-1] INFO  server.RaftServer$Division (RaftServerImpl.java:checkInconsistentAppendEntries(1288)) - omNode-1@group-523986131536: inconsistency entries. Reply:omNode-2<-omNode-1#809:FAIL-t4,INCONSISTENCY,nextIndex=19,followerCommit=18
2022-03-14 12:18:06,927 [grpc-default-executor-1] INFO  leader.FollowerInfo (FollowerInfoImpl.java:lambda$new$0(47)) - omNode-2@group-523986131536->omNode-1: nextIndex: updateUnconditionally 25 -> 19
2022-03-14 12:18:07,407 [2c6e3e89-7bf7-4755-89d7-dad9f6a5f72c@group-2D2EB3F1B165-FollowerState] INFO  impl.FollowerState (FollowerState.java:run(134)) - 2c6e3e89-7bf7-4755-89d7-dad9f6a5f72c@group-2D2EB3F1B165-FollowerState: change to CANDIDATE, lastRpcElapsedTime:5108887227ns, electionTimeout:5108ms
2022-03-14 12:18:07,408 [2c6e3e89-7bf7-4755-89d7-dad9f6a5f72c@group-2D2EB3F1B165-FollowerState] INFO  impl.RoleInfo (RoleInfo.java:shutdownFollowerState(108)) - 2c6e3e89-7bf7-4755-89d7-dad9f6a5f72c: shutdown 2c6e3e89-7bf7-4755-89d7-dad9f6a5f72c@group-2D2EB3F1B165-FollowerState
2022-03-14 12:18:07,408 [2c6e3e89-7bf7-4755-89d7-dad9f6a5f72c@group-2D2EB3F1B165-FollowerState] INFO  server.RaftServer$Division (RaftServerImpl.java:setRole(290)) - 2c6e3e89-7bf7-4755-89d7-dad9f6a5f72c@group-2D2EB3F1B165: changes role from  FOLLOWER to CANDIDATE at term 4 for changeToCandidate
2022-03-14 12:18:07,408 [2c6e3e89-7bf7-4755-89d7-dad9f6a5f72c@group-2D2EB3F1B165-FollowerState] INFO  server.RaftServerConfigKeys (ConfUtils.java:logGet(44)) - raft.server.leaderelection.pre-vote = false (custom)
2022-03-14 12:18:07,408 [2c6e3e89-7bf7-4755-89d7-dad9f6a5f72c@group-2D2EB3F1B165-FollowerState] INFO  impl.RoleInfo (RoleInfo.java:updateAndGet(130)) - 2c6e3e89-7bf7-4755-89d7-dad9f6a5f72c: start 2c6e3e89-7bf7-4755-89d7-dad9f6a5f72c@group-2D2EB3F1B165-LeaderElection21
2022-03-14 12:18:07,411 [2c6e3e89-7bf7-4755-89d7-dad9f6a5f72c@group-2D2EB3F1B165-LeaderElection21] INFO  impl.LeaderElection (LeaderElection.java:askForVotes(306)) - 2c6e3e89-7bf7-4755-89d7-dad9f6a5f72c@group-2D2EB3F1B165-LeaderElection21 ELECTION round 0: submit vote requests at term 5 for -1: [3d74c5ad-bb9c-4739-895f-0556a3b9901a|rpc:10.1.0.4:41111|dataStream:|priority:0, 2f089a79-715b-4bd1-9f38-6af58c65be05|rpc:10.1.0.4:33731|dataStream:|priority:0, 2c6e3e89-7bf7-4755-89d7-dad9f6a5f72c|rpc:10.1.0.4:40415|dataStream:|priority:1], old=null
2022-03-14 12:18:07,416 [grpc-default-executor-1] INFO  server.RaftServer$Division (RaftServerImpl.java:requestVote(1046)) - 3d74c5ad-bb9c-4739-895f-0556a3b9901a@group-2D2EB3F1B165: receive requestVote(ELECTION, 2c6e3e89-7bf7-4755-89d7-dad9f6a5f72c, group-2D2EB3F1B165, 5, (t:0, i:0))
2022-03-14 12:18:07,416 [grpc-default-executor-1] INFO  impl.VoteContext (VoteContext.java:log(48)) - 3d74c5ad-bb9c-4739-895f-0556a3b9901a@group-2D2EB3F1B165-FOLLOWER: accept ELECTION from 2c6e3e89-7bf7-4755-89d7-dad9f6a5f72c: our priority 0 <= candidate's priority 1
2022-03-14 12:18:07,416 [grpc-default-executor-1] INFO  server.RaftServer$Division (RaftServerImpl.java:setRole(290)) - 3d74c5ad-bb9c-4739-895f-0556a3b9901a@group-2D2EB3F1B165: changes role from  FOLLOWER to FOLLOWER at term 5 for candidate:2c6e3e89-7bf7-4755-89d7-dad9f6a5f72c
2022-03-14 12:18:07,416 [grpc-default-executor-1] INFO  impl.RoleInfo (RoleInfo.java:shutdownFollowerState(108)) - 3d74c5ad-bb9c-4739-895f-0556a3b9901a: shutdown 3d74c5ad-bb9c-4739-895f-0556a3b9901a@group-2D2EB3F1B165-FollowerState
2022-03-14 12:18:07,416 [grpc-default-executor-1] INFO  impl.RoleInfo (RoleInfo.java:updateAndGet(130)) - 3d74c5ad-bb9c-4739-895f-0556a3b9901a: start 3d74c5ad-bb9c-4739-895f-0556a3b9901a@group-2D2EB3F1B165-FollowerState
2022-03-14 12:18:07,416 [3d74c5ad-bb9c-4739-895f-0556a3b9901a@group-2D2EB3F1B165-FollowerState] INFO  impl.FollowerState (FollowerState.java:run(143)) - 3d74c5ad-bb9c-4739-895f-0556a3b9901a@group-2D2EB3F1B165-FollowerState was interrupted: {}
java.lang.InterruptedException: sleep interrupted
	at java.lang.Thread.sleep(Native Method)
	at java.lang.Thread.sleep(Thread.java:342)
	at java.util.concurrent.TimeUnit.sleep(TimeUnit.java:386)
	at org.apache.ratis.util.TimeDuration.sleep(TimeDuration.java:324)
	at org.apache.ratis.util.TimeDuration.sleep(TimeDuration.java:309)
	at org.apache.ratis.server.impl.FollowerState.run(FollowerState.java:118)
2022-03-14 12:18:07,417 [grpc-default-executor-5] INFO  server.RaftServer$Division (RaftServerImpl.java:requestVote(1046)) - 2f089a79-715b-4bd1-9f38-6af58c65be05@group-2D2EB3F1B165: receive requestVote(ELECTION, 2c6e3e89-7bf7-4755-89d7-dad9f6a5f72c, group-2D2EB3F1B165, 5, (t:0, i:0))
2022-03-14 12:18:07,418 [grpc-default-executor-5] INFO  impl.VoteContext (VoteContext.java:log(48)) - 2f089a79-715b-4bd1-9f38-6af58c65be05@group-2D2EB3F1B165-FOLLOWER: accept ELECTION from 2c6e3e89-7bf7-4755-89d7-dad9f6a5f72c: our priority 0 <= candidate's priority 1
2022-03-14 12:18:07,418 [grpc-default-executor-5] INFO  server.RaftServer$Division (RaftServerImpl.java:setRole(290)) - 2f089a79-715b-4bd1-9f38-6af58c65be05@group-2D2EB3F1B165: changes role from  FOLLOWER to FOLLOWER at term 5 for candidate:2c6e3e89-7bf7-4755-89d7-dad9f6a5f72c
2022-03-14 12:18:07,418 [grpc-default-executor-5] INFO  impl.RoleInfo (RoleInfo.java:shutdownFollowerState(108)) - 2f089a79-715b-4bd1-9f38-6af58c65be05: shutdown 2f089a79-715b-4bd1-9f38-6af58c65be05@group-2D2EB3F1B165-FollowerState
2022-03-14 12:18:07,418 [grpc-default-executor-5] INFO  impl.RoleInfo (RoleInfo.java:updateAndGet(130)) - 2f089a79-715b-4bd1-9f38-6af58c65be05: start 2f089a79-715b-4bd1-9f38-6af58c65be05@group-2D2EB3F1B165-FollowerState
2022-03-14 12:18:07,418 [2f089a79-715b-4bd1-9f38-6af58c65be05@group-2D2EB3F1B165-FollowerState] INFO  impl.FollowerState (FollowerState.java:run(143)) - 2f089a79-715b-4bd1-9f38-6af58c65be05@group-2D2EB3F1B165-FollowerState was interrupted: {}
java.lang.InterruptedException: sleep interrupted
	at java.lang.Thread.sleep(Native Method)
	at java.lang.Thread.sleep(Thread.java:342)
	at java.util.concurrent.TimeUnit.sleep(TimeUnit.java:386)
	at org.apache.ratis.util.TimeDuration.sleep(TimeDuration.java:324)
	at org.apache.ratis.util.TimeDuration.sleep(TimeDuration.java:309)
	at org.apache.ratis.server.impl.FollowerState.run(FollowerState.java:118)
2022-03-14 12:18:07,426 [grpc-default-executor-5] INFO  server.RaftServer$Division (RaftServerImpl.java:requestVote(1078)) - 2f089a79-715b-4bd1-9f38-6af58c65be05@group-2D2EB3F1B165 replies to ELECTION vote request: 2c6e3e89-7bf7-4755-89d7-dad9f6a5f72c<-2f089a79-715b-4bd1-9f38-6af58c65be05#0:OK-t5. Peer's state: 2f089a79-715b-4bd1-9f38-6af58c65be05@group-2D2EB3F1B165:t5, leader=null, voted=2c6e3e89-7bf7-4755-89d7-dad9f6a5f72c, raftlog=2f089a79-715b-4bd1-9f38-6af58c65be05@group-2D2EB3F1B165-SegmentedRaftLog:OPENED:c-1, conf=-1: [3d74c5ad-bb9c-4739-895f-0556a3b9901a|rpc:10.1.0.4:41111|dataStream:|priority:0, 2f089a79-715b-4bd1-9f38-6af58c65be05|rpc:10.1.0.4:33731|dataStream:|priority:0, 2c6e3e89-7bf7-4755-89d7-dad9f6a5f72c|rpc:10.1.0.4:40415|dataStream:|priority:1], old=null
2022-03-14 12:18:07,429 [grpc-default-executor-2] INFO  server.RaftServer$Division (RaftServerImpl.java:checkInconsistentAppendEntries(1322)) - omNode-1@group-523986131536: Failed appendEntries as previous log entry ((t:4, i:24)) is not found
2022-03-14 12:18:07,429 [grpc-default-executor-2] INFO  server.RaftServer$Division (RaftServerImpl.java:checkInconsistentAppendEntries(1288)) - omNode-1@group-523986131536: inconsistency entries. Reply:omNode-2<-omNode-1#860:FAIL-t4,INCONSISTENCY,nextIndex=19,followerCommit=18
2022-03-14 12:18:07,430 [grpc-default-executor-4] INFO  leader.FollowerInfo (FollowerInfoImpl.java:lambda$new$0(47)) - omNode-2@group-523986131536->omNode-1: nextIndex: updateUnconditionally 25 -> 19
2022-03-14 12:18:07,432 [grpc-default-executor-1] INFO  server.RaftServer$Division (RaftServerImpl.java:requestVote(1078)) - 3d74c5ad-bb9c-4739-895f-0556a3b9901a@group-2D2EB3F1B165 replies to ELECTION vote request: 2c6e3e89-7bf7-4755-89d7-dad9f6a5f72c<-3d74c5ad-bb9c-4739-895f-0556a3b9901a#0:OK-t5. Peer's state: 3d74c5ad-bb9c-4739-895f-0556a3b9901a@group-2D2EB3F1B165:t5, leader=null, voted=2c6e3e89-7bf7-4755-89d7-dad9f6a5f72c, raftlog=3d74c5ad-bb9c-4739-895f-0556a3b9901a@group-2D2EB3F1B165-SegmentedRaftLog:OPENED:c-1, conf=-1: [3d74c5ad-bb9c-4739-895f-0556a3b9901a|rpc:10.1.0.4:41111|priority:0, 2f089a79-715b-4bd1-9f38-6af58c65be05|rpc:10.1.0.4:33731|priority:0, 2c6e3e89-7bf7-4755-89d7-dad9f6a5f72c|rpc:10.1.0.4:40415|priority:1], old=null
2022-03-14 12:18:07,432 [2c6e3e89-7bf7-4755-89d7-dad9f6a5f72c@group-2D2EB3F1B165-LeaderElection21] INFO  impl.LeaderElection (LeaderElection.java:logAndReturn(89)) - 2c6e3e89-7bf7-4755-89d7-dad9f6a5f72c@group-2D2EB3F1B165-LeaderElection21: ELECTION PASSED received 1 response(s) and 0 exception(s):
2022-03-14 12:18:07,432 [2c6e3e89-7bf7-4755-89d7-dad9f6a5f72c@group-2D2EB3F1B165-LeaderElection21] INFO  impl.LeaderElection (LeaderElection.java:logAndReturn(93)) -   Response 0: 2c6e3e89-7bf7-4755-89d7-dad9f6a5f72c<-3d74c5ad-bb9c-4739-895f-0556a3b9901a#0:OK-t5
2022-03-14 12:18:07,432 [2c6e3e89-7bf7-4755-89d7-dad9f6a5f72c@group-2D2EB3F1B165-LeaderElection21] INFO  impl.LeaderElection (LeaderElection.java:askForVotes(308)) - 2c6e3e89-7bf7-4755-89d7-dad9f6a5f72c@group-2D2EB3F1B165-LeaderElection21 ELECTION round 0: result PASSED
2022-03-14 12:18:07,432 [2c6e3e89-7bf7-4755-89d7-dad9f6a5f72c@group-2D2EB3F1B165-LeaderElection21] INFO  impl.RoleInfo (RoleInfo.java:shutdownLeaderElection(121)) - 2c6e3e89-7bf7-4755-89d7-dad9f6a5f72c: shutdown 2c6e3e89-7bf7-4755-89d7-dad9f6a5f72c@group-2D2EB3F1B165-LeaderElection21
2022-03-14 12:18:07,433 [2c6e3e89-7bf7-4755-89d7-dad9f6a5f72c@group-2D2EB3F1B165-LeaderElection21] INFO  server.RaftServer$Division (RaftServerImpl.java:setRole(290)) - 2c6e3e89-7bf7-4755-89d7-dad9f6a5f72c@group-2D2EB3F1B165: changes role from CANDIDATE to LEADER at term 5 for changeToLeader
2022-03-14 12:18:07,433 [2c6e3e89-7bf7-4755-89d7-dad9f6a5f72c@group-2D2EB3F1B165-LeaderElection21] INFO  ratis.XceiverServerRatis (XceiverServerRatis.java:handleLeaderChangedNotification(869)) - Leader change notification received for group: group-2D2EB3F1B165 with new leaderId: 2c6e3e89-7bf7-4755-89d7-dad9f6a5f72c
2022-03-14 12:18:07,433 [2c6e3e89-7bf7-4755-89d7-dad9f6a5f72c@group-2D2EB3F1B165-LeaderElection21] INFO  server.RaftServer$Division (ServerState.java:setLeader(285)) - 2c6e3e89-7bf7-4755-89d7-dad9f6a5f72c@group-2D2EB3F1B165: change Leader from null to 2c6e3e89-7bf7-4755-89d7-dad9f6a5f72c at term 5 for becomeLeader, leader elected after 25557ms
2022-03-14 12:18:07,433 [2c6e3e89-7bf7-4755-89d7-dad9f6a5f72c@group-2D2EB3F1B165-LeaderElection21] INFO  server.RaftServerConfigKeys (ConfUtils.java:logGet(44)) - raft.server.staging.catchup.gap = 1000 (default)
2022-03-14 12:18:07,433 [2c6e3e89-7bf7-4755-89d7-dad9f6a5f72c@group-2D2EB3F1B165-LeaderElection21] INFO  server.RaftServerConfigKeys (ConfUtils.java:logGet(44)) - raft.server.write.element-limit = 1024 (custom)
2022-03-14 12:18:07,433 [2c6e3e89-7bf7-4755-89d7-dad9f6a5f72c@group-2D2EB3F1B165-LeaderElection21] INFO  server.RaftServerConfigKeys (ConfUtils.java:logGet(44)) - raft.server.write.byte-limit = 1024 M (=1073741824) (custom)
2022-03-14 12:18:07,433 [2c6e3e89-7bf7-4755-89d7-dad9f6a5f72c@group-2D2EB3F1B165-LeaderElection21] INFO  server.RaftServerConfigKeys (ConfUtils.java:logGet(44)) - raft.server.watch.timeout = 180s (custom)
2022-03-14 12:18:07,433 [2c6e3e89-7bf7-4755-89d7-dad9f6a5f72c@group-2D2EB3F1B165-LeaderElection21] INFO  server.RaftServerConfigKeys (ConfUtils.java:logGet(44)) - raft.server.watch.timeout.denomination = 1s (default)
2022-03-14 12:18:07,433 [2c6e3e89-7bf7-4755-89d7-dad9f6a5f72c@group-2D2EB3F1B165-LeaderElection21] INFO  server.RaftServerConfigKeys (ConfUtils.java:logGet(44)) - raft.server.watch.element-limit = 65536 (default)
2022-03-14 12:18:07,434 [2c6e3e89-7bf7-4755-89d7-dad9f6a5f72c@group-2D2EB3F1B165-LeaderElection21] INFO  server.RaftServerConfigKeys (ConfUtils.java:logGet(44)) - raft.server.write.element-limit = 1024 (custom)
2022-03-14 12:18:07,434 [2c6e3e89-7bf7-4755-89d7-dad9f6a5f72c@group-2D2EB3F1B165-LeaderElection21] INFO  server.RaftServerConfigKeys (ConfUtils.java:logGet(44)) - raft.server.write.follower.gap.ratio.max = -1.0 (default)
2022-03-14 12:18:07,434 [2c6e3e89-7bf7-4755-89d7-dad9f6a5f72c@group-2D2EB3F1B165-LeaderElection21] INFO  server.RaftServerConfigKeys (ConfUtils.java:logGet(44)) - raft.server.log.appender.snapshot.chunk.size.max = 16MB (=16777216) (default)
2022-03-14 12:18:07,434 [2c6e3e89-7bf7-4755-89d7-dad9f6a5f72c@group-2D2EB3F1B165-LeaderElection21] INFO  server.RaftServerConfigKeys (ConfUtils.java:logGet(44)) - raft.server.log.appender.buffer.byte-limit = 33554432 (custom)
2022-03-14 12:18:07,434 [2c6e3e89-7bf7-4755-89d7-dad9f6a5f72c@group-2D2EB3F1B165-LeaderElection21] INFO  server.RaftServerConfigKeys (ConfUtils.java:logGet(44)) - raft.server.log.appender.buffer.element-limit = 1 (custom)
2022-03-14 12:18:07,434 [2c6e3e89-7bf7-4755-89d7-dad9f6a5f72c@group-2D2EB3F1B165-LeaderElection21] INFO  grpc.GrpcConfigKeys (ConfUtils.java:logGet(44)) - raft.grpc.server.leader.outstanding.appends.max = 128 (default)
2022-03-14 12:18:07,434 [2c6e3e89-7bf7-4755-89d7-dad9f6a5f72c@group-2D2EB3F1B165-LeaderElection21] INFO  server.RaftServerConfigKeys (ConfUtils.java:logGet(44)) - raft.server.rpc.request.timeout = 60s (custom)
2022-03-14 12:18:07,434 [2c6e3e89-7bf7-4755-89d7-dad9f6a5f72c@group-2D2EB3F1B165-LeaderElection21] INFO  server.RaftServerConfigKeys (ConfUtils.java:logGet(44)) - raft.server.log.appender.install.snapshot.enabled = false (custom)
2022-03-14 12:18:07,435 [2c6e3e89-7bf7-4755-89d7-dad9f6a5f72c@group-2D2EB3F1B165-LeaderElection21] INFO  server.RaftServerConfigKeys (ConfUtils.java:logGet(44)) - raft.server.log.appender.snapshot.chunk.size.max = 16MB (=16777216) (default)
2022-03-14 12:18:07,435 [2c6e3e89-7bf7-4755-89d7-dad9f6a5f72c@group-2D2EB3F1B165-LeaderElection21] INFO  server.RaftServerConfigKeys (ConfUtils.java:logGet(44)) - raft.server.log.appender.buffer.byte-limit = 33554432 (custom)
2022-03-14 12:18:07,435 [2c6e3e89-7bf7-4755-89d7-dad9f6a5f72c@group-2D2EB3F1B165-LeaderElection21] INFO  server.RaftServerConfigKeys (ConfUtils.java:logGet(44)) - raft.server.log.appender.buffer.element-limit = 1 (custom)
2022-03-14 12:18:07,435 [2c6e3e89-7bf7-4755-89d7-dad9f6a5f72c@group-2D2EB3F1B165-LeaderElection21] INFO  grpc.GrpcConfigKeys (ConfUtils.java:logGet(44)) - raft.grpc.server.leader.outstanding.appends.max = 128 (default)
2022-03-14 12:18:07,435 [2c6e3e89-7bf7-4755-89d7-dad9f6a5f72c@group-2D2EB3F1B165-LeaderElection21] INFO  server.RaftServerConfigKeys (ConfUtils.java:logGet(44)) - raft.server.rpc.request.timeout = 60s (custom)
2022-03-14 12:18:07,435 [2c6e3e89-7bf7-4755-89d7-dad9f6a5f72c@group-2D2EB3F1B165-LeaderElection21] INFO  server.RaftServerConfigKeys (ConfUtils.java:logGet(44)) - raft.server.log.appender.install.snapshot.enabled = false (custom)
2022-03-14 12:18:07,436 [2c6e3e89-7bf7-4755-89d7-dad9f6a5f72c@group-2D2EB3F1B165-LeaderElection21] INFO  impl.RoleInfo (RoleInfo.java:updateAndGet(130)) - 2c6e3e89-7bf7-4755-89d7-dad9f6a5f72c: start 2c6e3e89-7bf7-4755-89d7-dad9f6a5f72c@group-2D2EB3F1B165-LeaderStateImpl
2022-03-14 12:18:07,436 [2c6e3e89-7bf7-4755-89d7-dad9f6a5f72c@group-2D2EB3F1B165-LeaderElection21] INFO  segmented.SegmentedRaftLogWorker (SegmentedRaftLogWorker.java:startLogSegment(394)) - 2c6e3e89-7bf7-4755-89d7-dad9f6a5f72c@group-2D2EB3F1B165-SegmentedRaftLogWorker: Starting segment from index:0
2022-03-14 12:18:07,437 [EventQueue-PipelineReportForPipelineReportHandler] INFO  pipeline.PipelineManagerImpl (PipelineManagerImpl.java:openPipeline(291)) - Pipeline Pipeline[ Id: ba9f3bb6-7229-4db7-a40e-2d2eb3f1b165, Nodes: 2c6e3e89-7bf7-4755-89d7-dad9f6a5f72c{ip: 10.1.0.4, host: fv-az291-848.wgnan5asplgejimfprtllbpdch.jx.internal.cloudapp.net, ports: [REPLICATION=34009, RATIS=40415, RATIS_ADMIN=40415, RATIS_SERVER=40415, STANDALONE=37501], networkLocation: /default-rack, certSerialId: null, persistedOpState: IN_SERVICE, persistedOpStateExpiryEpochSec: 0}3d74c5ad-bb9c-4739-895f-0556a3b9901a{ip: 10.1.0.4, host: fv-az291-848.wgnan5asplgejimfprtllbpdch.jx.internal.cloudapp.net, ports: [REPLICATION=45717, RATIS=41111, RATIS_ADMIN=41111, RATIS_SERVER=41111, STANDALONE=39569], networkLocation: /default-rack, certSerialId: null, persistedOpState: IN_SERVICE, persistedOpStateExpiryEpochSec: 0}2f089a79-715b-4bd1-9f38-6af58c65be05{ip: 10.1.0.4, host: fv-az291-848.wgnan5asplgejimfprtllbpdch.jx.internal.cloudapp.net, ports: [REPLICATION=34213, RATIS=33731, RATIS_ADMIN=33731, RATIS_SERVER=33731, STANDALONE=40499], networkLocation: /default-rack, certSerialId: null, persistedOpState: IN_SERVICE, persistedOpStateExpiryEpochSec: 0}, ReplicationConfig: RATIS/THREE, State:ALLOCATED, leaderId:2c6e3e89-7bf7-4755-89d7-dad9f6a5f72c, CreationTimestamp2022-03-14T12:17:39.523Z[Etc/UTC]] moved to OPEN state
2022-03-14 12:18:07,438 [2c6e3e89-7bf7-4755-89d7-dad9f6a5f72c@group-2D2EB3F1B165-SegmentedRaftLogWorker] INFO  segmented.SegmentedRaftLogWorker (SegmentedRaftLogWorker.java:execute(601)) - 2c6e3e89-7bf7-4755-89d7-dad9f6a5f72c@group-2D2EB3F1B165-SegmentedRaftLogWorker: created new log segment /home/runner/work/ozone/ozone/hadoop-ozone/integration-test/target/test-dir/MiniOzoneClusterImpl-278953cb-1c57-4e8b-ba2f-5e3472d45912/datanode-2/data/ratis/ba9f3bb6-7229-4db7-a40e-2d2eb3f1b165/current/log_inprogress_0
2022-03-14 12:18:07,448 [grpc-default-executor-1] INFO  ratis.XceiverServerRatis (XceiverServerRatis.java:handleLeaderChangedNotification(869)) - Leader change notification received for group: group-2D2EB3F1B165 with new leaderId: 2c6e3e89-7bf7-4755-89d7-dad9f6a5f72c
2022-03-14 12:18:07,449 [grpc-default-executor-1] INFO  server.RaftServer$Division (ServerState.java:setLeader(285)) - 2f089a79-715b-4bd1-9f38-6af58c65be05@group-2D2EB3F1B165: change Leader from null to 2c6e3e89-7bf7-4755-89d7-dad9f6a5f72c at term 5 for appendEntries, leader elected after 25491ms
2022-03-14 12:18:07,450 [grpc-default-executor-5] INFO  ratis.XceiverServerRatis (XceiverServerRatis.java:handleLeaderChangedNotification(869)) - Leader change notification received for group: group-2D2EB3F1B165 with new leaderId: 2c6e3e89-7bf7-4755-89d7-dad9f6a5f72c
2022-03-14 12:18:07,450 [grpc-default-executor-5] INFO  server.RaftServer$Division (ServerState.java:setLeader(285)) - 3d74c5ad-bb9c-4739-895f-0556a3b9901a@group-2D2EB3F1B165: change Leader from null to 2c6e3e89-7bf7-4755-89d7-dad9f6a5f72c at term 5 for appendEntries, leader elected after 25684ms
2022-03-14 12:18:07,454 [2c6e3e89-7bf7-4755-89d7-dad9f6a5f72c@group-2D2EB3F1B165-LeaderElection21] INFO  server.RaftServer$Division (ServerState.java:setRaftConf(387)) - 2c6e3e89-7bf7-4755-89d7-dad9f6a5f72c@group-2D2EB3F1B165: set configuration 0: [3d74c5ad-bb9c-4739-895f-0556a3b9901a|rpc:10.1.0.4:41111|dataStream:|priority:0, 2f089a79-715b-4bd1-9f38-6af58c65be05|rpc:10.1.0.4:33731|dataStream:|priority:0, 2c6e3e89-7bf7-4755-89d7-dad9f6a5f72c|rpc:10.1.0.4:40415|dataStream:|priority:1], old=null
2022-03-14 12:18:07,455 [grpc-default-executor-1] INFO  server.RaftServer$Division (ServerState.java:setRaftConf(387)) - 2f089a79-715b-4bd1-9f38-6af58c65be05@group-2D2EB3F1B165: set configuration 0: [3d74c5ad-bb9c-4739-895f-0556a3b9901a|rpc:10.1.0.4:41111|dataStream:|priority:0, 2f089a79-715b-4bd1-9f38-6af58c65be05|rpc:10.1.0.4:33731|dataStream:|priority:0, 2c6e3e89-7bf7-4755-89d7-dad9f6a5f72c|rpc:10.1.0.4:40415|dataStream:|priority:1], old=null
2022-03-14 12:18:07,455 [grpc-default-executor-1] INFO  segmented.SegmentedRaftLogWorker (SegmentedRaftLogWorker.java:startLogSegment(394)) - 2f089a79-715b-4bd1-9f38-6af58c65be05@group-2D2EB3F1B165-SegmentedRaftLogWorker: Starting segment from index:0
2022-03-14 12:18:07,457 [2f089a79-715b-4bd1-9f38-6af58c65be05@group-2D2EB3F1B165-SegmentedRaftLogWorker] INFO  segmented.SegmentedRaftLogWorker (SegmentedRaftLogWorker.java:execute(601)) - 2f089a79-715b-4bd1-9f38-6af58c65be05@group-2D2EB3F1B165-SegmentedRaftLogWorker: created new log segment /home/runner/work/ozone/ozone/hadoop-ozone/integration-test/target/test-dir/MiniOzoneClusterImpl-278953cb-1c57-4e8b-ba2f-5e3472d45912/datanode-1/data/ratis/ba9f3bb6-7229-4db7-a40e-2d2eb3f1b165/current/log_inprogress_0
2022-03-14 12:18:07,458 [grpc-default-executor-5] INFO  server.RaftServer$Division (ServerState.java:setRaftConf(387)) - 3d74c5ad-bb9c-4739-895f-0556a3b9901a@group-2D2EB3F1B165: set configuration 0: [3d74c5ad-bb9c-4739-895f-0556a3b9901a|rpc:10.1.0.4:41111|dataStream:|priority:0, 2f089a79-715b-4bd1-9f38-6af58c65be05|rpc:10.1.0.4:33731|dataStream:|priority:0, 2c6e3e89-7bf7-4755-89d7-dad9f6a5f72c|rpc:10.1.0.4:40415|dataStream:|priority:1], old=null
2022-03-14 12:18:07,459 [grpc-default-executor-5] INFO  segmented.SegmentedRaftLogWorker (SegmentedRaftLogWorker.java:startLogSegment(394)) - 3d74c5ad-bb9c-4739-895f-0556a3b9901a@group-2D2EB3F1B165-SegmentedRaftLogWorker: Starting segment from index:0
2022-03-14 12:18:07,461 [3d74c5ad-bb9c-4739-895f-0556a3b9901a@group-2D2EB3F1B165-SegmentedRaftLogWorker] INFO  segmented.SegmentedRaftLogWorker (SegmentedRaftLogWorker.java:execute(601)) - 3d74c5ad-bb9c-4739-895f-0556a3b9901a@group-2D2EB3F1B165-SegmentedRaftLogWorker: created new log segment /home/runner/work/ozone/ozone/hadoop-ozone/integration-test/target/test-dir/MiniOzoneClusterImpl-278953cb-1c57-4e8b-ba2f-5e3472d45912/datanode-0/data/ratis/ba9f3bb6-7229-4db7-a40e-2d2eb3f1b165/current/log_inprogress_0
2022-03-14 12:18:07,932 [grpc-default-executor-5] INFO  server.RaftServer$Division (RaftServerImpl.java:checkInconsistentAppendEntries(1322)) - omNode-1@group-523986131536: Failed appendEntries as previous log entry ((t:4, i:24)) is not found
2022-03-14 12:18:07,933 [grpc-default-executor-5] INFO  server.RaftServer$Division (RaftServerImpl.java:checkInconsistentAppendEntries(1288)) - omNode-1@group-523986131536: inconsistency entries. Reply:omNode-2<-omNode-1#911:FAIL-t4,INCONSISTENCY,nextIndex=19,followerCommit=18
2022-03-14 12:18:07,934 [grpc-default-executor-1] INFO  leader.FollowerInfo (FollowerInfoImpl.java:lambda$new$0(47)) - omNode-2@group-523986131536->omNode-1: nextIndex: updateUnconditionally 25 -> 19
2022-03-14 12:18:08,436 [grpc-default-executor-5] INFO  server.RaftServer$Division (RaftServerImpl.java:checkInconsistentAppendEntries(1322)) - omNode-1@group-523986131536: Failed appendEntries as previous log entry ((t:4, i:24)) is not found
2022-03-14 12:18:08,436 [grpc-default-executor-5] INFO  server.RaftServer$Division (RaftServerImpl.java:checkInconsistentAppendEntries(1288)) - omNode-1@group-523986131536: inconsistency entries. Reply:omNode-2<-omNode-1#962:FAIL-t4,INCONSISTENCY,nextIndex=19,followerCommit=18
2022-03-14 12:18:08,438 [grpc-default-executor-5] INFO  leader.FollowerInfo (FollowerInfoImpl.java:lambda$new$0(47)) - omNode-2@group-523986131536->omNode-1: nextIndex: updateUnconditionally 25 -> 19
2022-03-14 12:18:08,939 [grpc-default-executor-1] INFO  server.RaftServer$Division (RaftServerImpl.java:checkInconsistentAppendEntries(1322)) - omNode-1@group-523986131536: Failed appendEntries as previous log entry ((t:4, i:24)) is not found
2022-03-14 12:18:08,939 [grpc-default-executor-1] INFO  server.RaftServer$Division (RaftServerImpl.java:checkInconsistentAppendEntries(1288)) - omNode-1@group-523986131536: inconsistency entries. Reply:omNode-2<-omNode-1#1013:FAIL-t4,INCONSISTENCY,nextIndex=19,followerCommit=18
2022-03-14 12:18:08,940 [grpc-default-executor-1] INFO  leader.FollowerInfo (FollowerInfoImpl.java:lambda$new$0(47)) - omNode-2@group-523986131536->omNode-1: nextIndex: updateUnconditionally 25 -> 19
2022-03-14 12:18:09,442 [grpc-default-executor-5] INFO  server.RaftServer$Division (RaftServerImpl.java:checkInconsistentAppendEntries(1322)) - omNode-1@group-523986131536: Failed appendEntries as previous log entry ((t:4, i:24)) is not found
2022-03-14 12:18:09,442 [grpc-default-executor-5] INFO  server.RaftServer$Division (RaftServerImpl.java:checkInconsistentAppendEntries(1288)) - omNode-1@group-523986131536: inconsistency entries. Reply:omNode-2<-omNode-1#1064:FAIL-t4,INCONSISTENCY,nextIndex=19,followerCommit=18
2022-03-14 12:18:09,443 [grpc-default-executor-5] INFO  leader.FollowerInfo (FollowerInfoImpl.java:lambda$new$0(47)) - omNode-2@group-523986131536->omNode-1: nextIndex: updateUnconditionally 25 -> 19
2022-03-14 12:18:09,946 [grpc-default-executor-5] INFO  server.RaftServer$Division (RaftServerImpl.java:checkInconsistentAppendEntries(1322)) - omNode-1@group-523986131536: Failed appendEntries as previous log entry ((t:4, i:24)) is not found
2022-03-14 12:18:09,946 [grpc-default-executor-5] INFO  server.RaftServer$Division (RaftServerImpl.java:checkInconsistentAppendEntries(1288)) - omNode-1@group-523986131536: inconsistency entries. Reply:omNode-2<-omNode-1#1115:FAIL-t4,INCONSISTENCY,nextIndex=19,followerCommit=18
2022-03-14 12:18:09,947 [grpc-default-executor-1] INFO  leader.FollowerInfo (FollowerInfoImpl.java:lambda$new$0(47)) - omNode-2@group-523986131536->omNode-1: nextIndex: updateUnconditionally 25 -> 19
2022-03-14 12:18:10,448 [grpc-default-executor-5] INFO  server.RaftServer$Division (RaftServerImpl.java:checkInconsistentAppendEntries(1322)) - omNode-1@group-523986131536: Failed appendEntries as previous log entry ((t:4, i:24)) is not found
2022-03-14 12:18:10,449 [grpc-default-executor-5] INFO  server.RaftServer$Division (RaftServerImpl.java:checkInconsistentAppendEntries(1288)) - omNode-1@group-523986131536: inconsistency entries. Reply:omNode-2<-omNode-1#1166:FAIL-t4,INCONSISTENCY,nextIndex=19,followerCommit=18
2022-03-14 12:18:10,449 [grpc-default-executor-1] INFO  leader.FollowerInfo (FollowerInfoImpl.java:lambda$new$0(47)) - omNode-2@group-523986131536->omNode-1: nextIndex: updateUnconditionally 25 -> 19
2022-03-14 12:18:10,951 [grpc-default-executor-5] INFO  server.RaftServer$Division (RaftServerImpl.java:checkInconsistentAppendEntries(1322)) - omNode-1@group-523986131536: Failed appendEntries as previous log entry ((t:4, i:24)) is not found
2022-03-14 12:18:10,951 [grpc-default-executor-5] INFO  server.RaftServer$Division (RaftServerImpl.java:checkInconsistentAppendEntries(1288)) - omNode-1@group-523986131536: inconsistency entries. Reply:omNode-2<-omNode-1#1217:FAIL-t4,INCONSISTENCY,nextIndex=19,followerCommit=18
2022-03-14 12:18:10,952 [grpc-default-executor-5] INFO  leader.FollowerInfo (FollowerInfoImpl.java:lambda$new$0(47)) - omNode-2@group-523986131536->omNode-1: nextIndex: updateUnconditionally 25 -> 19
2022-03-14 12:18:11,454 [grpc-default-executor-1] INFO  server.RaftServer$Division (RaftServerImpl.java:checkInconsistentAppendEntries(1322)) - omNode-1@group-523986131536: Failed appendEntries as previous log entry ((t:4, i:24)) is not found
2022-03-14 12:18:11,454 [grpc-default-executor-1] INFO  server.RaftServer$Division (RaftServerImpl.java:checkInconsistentAppendEntries(1288)) - omNode-1@group-523986131536: inconsistency entries. Reply:omNode-2<-omNode-1#1268:FAIL-t4,INCONSISTENCY,nextIndex=19,followerCommit=18
2022-03-14 12:18:11,455 [grpc-default-executor-1] INFO  leader.FollowerInfo (FollowerInfoImpl.java:lambda$new$0(47)) - omNode-2@group-523986131536->omNode-1: nextIndex: updateUnconditionally 25 -> 19
2022-03-14 12:18:11,956 [grpc-default-executor-5] INFO  server.RaftServer$Division (RaftServerImpl.java:checkInconsistentAppendEntries(1322)) - omNode-1@group-523986131536: Failed appendEntries as previous log entry ((t:4, i:24)) is not found
2022-03-14 12:18:11,957 [grpc-default-executor-5] INFO  server.RaftServer$Division (RaftServerImpl.java:checkInconsistentAppendEntries(1288)) - omNode-1@group-523986131536: inconsistency entries. Reply:omNode-2<-omNode-1#1319:FAIL-t4,INCONSISTENCY,nextIndex=19,followerCommit=18
2022-03-14 12:18:11,957 [grpc-default-executor-5] INFO  leader.FollowerInfo (FollowerInfoImpl.java:lambda$new$0(47)) - omNode-2@group-523986131536->omNode-1: nextIndex: updateUnconditionally 25 -> 19
2022-03-14 12:18:12,459 [grpc-default-executor-5] INFO  server.RaftServer$Division (RaftServerImpl.java:checkInconsistentAppendEntries(1322)) - omNode-1@group-523986131536: Failed appendEntries as previous log entry ((t:4, i:24)) is not found
2022-03-14 12:18:12,459 [grpc-default-executor-5] INFO  server.RaftServer$Division (RaftServerImpl.java:checkInconsistentAppendEntries(1288)) - omNode-1@group-523986131536: inconsistency entries. Reply:omNode-2<-omNode-1#1370:FAIL-t4,INCONSISTENCY,nextIndex=19,followerCommit=18
2022-03-14 12:18:12,460 [grpc-default-executor-5] INFO  leader.FollowerInfo (FollowerInfoImpl.java:lambda$new$0(47)) - omNode-2@group-523986131536->omNode-1: nextIndex: updateUnconditionally 25 -> 19
2022-03-14 12:18:12,962 [grpc-default-executor-5] INFO  server.RaftServer$Division (RaftServerImpl.java:checkInconsistentAppendEntries(1322)) - omNode-1@group-523986131536: Failed appendEntries as previous log entry ((t:4, i:24)) is not found
2022-03-14 12:18:12,962 [grpc-default-executor-5] INFO  server.RaftServer$Division (RaftServerImpl.java:checkInconsistentAppendEntries(1288)) - omNode-1@group-523986131536: inconsistency entries. Reply:omNode-2<-omNode-1#1421:FAIL-t4,INCONSISTENCY,nextIndex=19,followerCommit=18
2022-03-14 12:18:12,963 [grpc-default-executor-5] INFO  leader.FollowerInfo (FollowerInfoImpl.java:lambda$new$0(47)) - omNode-2@group-523986131536->omNode-1: nextIndex: updateUnconditionally 25 -> 19
2022-03-14 12:18:13,466 [grpc-default-executor-5] INFO  server.RaftServer$Division (RaftServerImpl.java:checkInconsistentAppendEntries(1322)) - omNode-1@group-523986131536: Failed appendEntries as previous log entry ((t:4, i:24)) is not found
2022-03-14 12:18:13,467 [grpc-default-executor-5] INFO  server.RaftServer$Division (RaftServerImpl.java:checkInconsistentAppendEntries(1288)) - omNode-1@group-523986131536: inconsistency entries. Reply:omNode-2<-omNode-1#1472:FAIL-t4,INCONSISTENCY,nextIndex=19,followerCommit=18
2022-03-14 12:18:13,467 [grpc-default-executor-1] INFO  leader.FollowerInfo (FollowerInfoImpl.java:lambda$new$0(47)) - omNode-2@group-523986131536->omNode-1: nextIndex: updateUnconditionally 25 -> 19
2022-03-14 12:18:13,969 [grpc-default-executor-1] INFO  server.RaftServer$Division (RaftServerImpl.java:checkInconsistentAppendEntries(1322)) - omNode-1@group-523986131536: Failed appendEntries as previous log entry ((t:4, i:24)) is not found
2022-03-14 12:18:13,969 [grpc-default-executor-1] INFO  server.RaftServer$Division (RaftServerImpl.java:checkInconsistentAppendEntries(1288)) - omNode-1@group-523986131536: inconsistency entries. Reply:omNode-2<-omNode-1#1523:FAIL-t4,INCONSISTENCY,nextIndex=19,followerCommit=18
2022-03-14 12:18:13,970 [grpc-default-executor-5] INFO  leader.FollowerInfo (FollowerInfoImpl.java:lambda$new$0(47)) - omNode-2@group-523986131536->omNode-1: nextIndex: updateUnconditionally 25 -> 19
2022-03-14 12:18:14,472 [grpc-default-executor-5] INFO  server.RaftServer$Division (RaftServerImpl.java:checkInconsistentAppendEntries(1322)) - omNode-1@group-523986131536: Failed appendEntries as previous log entry ((t:4, i:24)) is not found
2022-03-14 12:18:14,472 [grpc-default-executor-5] INFO  server.RaftServer$Division (RaftServerImpl.java:checkInconsistentAppendEntries(1288)) - omNode-1@group-523986131536: inconsistency entries. Reply:omNode-2<-omNode-1#1574:FAIL-t4,INCONSISTENCY,nextIndex=19,followerCommit=18
2022-03-14 12:18:14,473 [grpc-default-executor-5] INFO  leader.FollowerInfo (FollowerInfoImpl.java:lambda$new$0(47)) - omNode-2@group-523986131536->omNode-1: nextIndex: updateUnconditionally 25 -> 19
2022-03-14 12:18:14,975 [grpc-default-executor-1] INFO  server.RaftServer$Division (RaftServerImpl.java:checkInconsistentAppendEntries(1322)) - omNode-1@group-523986131536: Failed appendEntries as previous log entry ((t:4, i:24)) is not found
2022-03-14 12:18:14,975 [grpc-default-executor-1] INFO  server.RaftServer$Division (RaftServerImpl.java:checkInconsistentAppendEntries(1288)) - omNode-1@group-523986131536: inconsistency entries. Reply:omNode-2<-omNode-1#1625:FAIL-t4,INCONSISTENCY,nextIndex=19,followerCommit=18
2022-03-14 12:18:14,977 [grpc-default-executor-1] INFO  leader.FollowerInfo (FollowerInfoImpl.java:lambda$new$0(47)) - omNode-2@group-523986131536->omNode-1: nextIndex: updateUnconditionally 25 -> 19
2022-03-14 12:18:15,480 [grpc-default-executor-5] INFO  server.RaftServer$Division (RaftServerImpl.java:checkInconsistentAppendEntries(1322)) - omNode-1@group-523986131536: Failed appendEntries as previous log entry ((t:4, i:24)) is not found
2022-03-14 12:18:15,480 [grpc-default-executor-5] INFO  server.RaftServer$Division (RaftServerImpl.java:checkInconsistentAppendEntries(1288)) - omNode-1@group-523986131536: inconsistency entries. Reply:omNode-2<-omNode-1#1676:FAIL-t4,INCONSISTENCY,nextIndex=19,followerCommit=18
2022-03-14 12:18:15,481 [grpc-default-executor-5] INFO  leader.FollowerInfo (FollowerInfoImpl.java:lambda$new$0(47)) - omNode-2@group-523986131536->omNode-1: nextIndex: updateUnconditionally 25 -> 19
2022-03-14 12:18:15,982 [grpc-default-executor-5] INFO  server.RaftServer$Division (RaftServerImpl.java:checkInconsistentAppendEntries(1322)) - omNode-1@group-523986131536: Failed appendEntries as previous log entry ((t:4, i:24)) is not found
2022-03-14 12:18:15,982 [grpc-default-executor-5] INFO  server.RaftServer$Division (RaftServerImpl.java:checkInconsistentAppendEntries(1288)) - omNode-1@group-523986131536: inconsistency entries. Reply:omNode-2<-omNode-1#1727:FAIL-t4,INCONSISTENCY,nextIndex=19,followerCommit=18
2022-03-14 12:18:15,984 [grpc-default-executor-5] INFO  leader.FollowerInfo (FollowerInfoImpl.java:lambda$new$0(47)) - omNode-2@group-523986131536->omNode-1: nextIndex: updateUnconditionally 25 -> 19
2022-03-14 12:18:16,486 [grpc-default-executor-5] INFO  server.RaftServer$Division (RaftServerImpl.java:checkInconsistentAppendEntries(1322)) - omNode-1@group-523986131536: Failed appendEntries as previous log entry ((t:4, i:24)) is not found
2022-03-14 12:18:16,486 [grpc-default-executor-5] INFO  server.RaftServer$Division (RaftServerImpl.java:checkInconsistentAppendEntries(1288)) - omNode-1@group-523986131536: inconsistency entries. Reply:omNode-2<-omNode-1#1778:FAIL-t4,INCONSISTENCY,nextIndex=19,followerCommit=18
2022-03-14 12:18:16,487 [grpc-default-executor-5] INFO  leader.FollowerInfo (FollowerInfoImpl.java:lambda$new$0(47)) - omNode-2@group-523986131536->omNode-1: nextIndex: updateUnconditionally 25 -> 19
2022-03-14 12:18:16,989 [grpc-default-executor-5] INFO  server.RaftServer$Division (RaftServerImpl.java:checkInconsistentAppendEntries(1322)) - omNode-1@group-523986131536: Failed appendEntries as previous log entry ((t:4, i:24)) is not found
2022-03-14 12:18:16,990 [grpc-default-executor-5] INFO  server.RaftServer$Division (RaftServerImpl.java:checkInconsistentAppendEntries(1288)) - omNode-1@group-523986131536: inconsistency entries. Reply:omNode-2<-omNode-1#1829:FAIL-t4,INCONSISTENCY,nextIndex=19,followerCommit=18
2022-03-14 12:18:16,990 [grpc-default-executor-5] INFO  leader.FollowerInfo (FollowerInfoImpl.java:lambda$new$0(47)) - omNode-2@group-523986131536->omNode-1: nextIndex: updateUnconditionally 25 -> 19
2022-03-14 12:18:17,492 [grpc-default-executor-1] INFO  server.RaftServer$Division (RaftServerImpl.java:checkInconsistentAppendEntries(1322)) - omNode-1@group-523986131536: Failed appendEntries as previous log entry ((t:4, i:24)) is not found
2022-03-14 12:18:17,492 [grpc-default-executor-1] INFO  server.RaftServer$Division (RaftServerImpl.java:checkInconsistentAppendEntries(1288)) - omNode-1@group-523986131536: inconsistency entries. Reply:omNode-2<-omNode-1#1880:FAIL-t4,INCONSISTENCY,nextIndex=19,followerCommit=18
2022-03-14 12:18:17,493 [grpc-default-executor-1] INFO  leader.FollowerInfo (FollowerInfoImpl.java:lambda$new$0(47)) - omNode-2@group-523986131536->omNode-1: nextIndex: updateUnconditionally 25 -> 19
2022-03-14 12:18:17,995 [grpc-default-executor-1] INFO  server.RaftServer$Division (RaftServerImpl.java:checkInconsistentAppendEntries(1322)) - omNode-1@group-523986131536: Failed appendEntries as previous log entry ((t:4, i:24)) is not found
2022-03-14 12:18:17,995 [grpc-default-executor-1] INFO  server.RaftServer$Division (RaftServerImpl.java:checkInconsistentAppendEntries(1288)) - omNode-1@group-523986131536: inconsistency entries. Reply:omNode-2<-omNode-1#1931:FAIL-t4,INCONSISTENCY,nextIndex=19,followerCommit=18
2022-03-14 12:18:17,996 [grpc-default-executor-1] INFO  leader.FollowerInfo (FollowerInfoImpl.java:lambda$new$0(47)) - omNode-2@group-523986131536->omNode-1: nextIndex: updateUnconditionally 25 -> 19
2022-03-14 12:18:18,497 [grpc-default-executor-1] INFO  server.RaftServer$Division (RaftServerImpl.java:checkInconsistentAppendEntries(1322)) - omNode-1@group-523986131536: Failed appendEntries as previous log entry ((t:4, i:24)) is not found
2022-03-14 12:18:18,497 [grpc-default-executor-1] INFO  server.RaftServer$Division (RaftServerImpl.java:checkInconsistentAppendEntries(1288)) - omNode-1@group-523986131536: inconsistency entries. Reply:omNode-2<-omNode-1#1982:FAIL-t4,INCONSISTENCY,nextIndex=19,followerCommit=18
2022-03-14 12:18:18,498 [grpc-default-executor-1] INFO  leader.FollowerInfo (FollowerInfoImpl.java:lambda$new$0(47)) - omNode-2@group-523986131536->omNode-1: nextIndex: updateUnconditionally 25 -> 19
2022-03-14 12:18:19,000 [grpc-default-executor-1] INFO  server.RaftServer$Division (RaftServerImpl.java:checkInconsistentAppendEntries(1322)) - omNode-1@group-523986131536: Failed appendEntries as previous log entry ((t:4, i:24)) is not found
2022-03-14 12:18:19,000 [grpc-default-executor-1] INFO  server.RaftServer$Division (RaftServerImpl.java:checkInconsistentAppendEntries(1288)) - omNode-1@group-523986131536: inconsistency entries. Reply:omNode-2<-omNode-1#2033:FAIL-t4,INCONSISTENCY,nextIndex=19,followerCommit=18
2022-03-14 12:18:19,001 [grpc-default-executor-1] INFO  leader.FollowerInfo (FollowerInfoImpl.java:lambda$new$0(47)) - omNode-2@group-523986131536->omNode-1: nextIndex: updateUnconditionally 25 -> 19
2022-03-14 12:18:19,504 [grpc-default-executor-5] INFO  server.RaftServer$Division (RaftServerImpl.java:checkInconsistentAppendEntries(1322)) - omNode-1@group-523986131536: Failed appendEntries as previous log entry ((t:4, i:24)) is not found
2022-03-14 12:18:19,505 [grpc-default-executor-5] INFO  server.RaftServer$Division (RaftServerImpl.java:checkInconsistentAppendEntries(1288)) - omNode-1@group-523986131536: inconsistency entries. Reply:omNode-2<-omNode-1#2084:FAIL-t4,INCONSISTENCY,nextIndex=19,followerCommit=18
2022-03-14 12:18:19,505 [grpc-default-executor-1] INFO  leader.FollowerInfo (FollowerInfoImpl.java:lambda$new$0(47)) - omNode-2@group-523986131536->omNode-1: nextIndex: updateUnconditionally 25 -> 19
2022-03-14 12:18:20,008 [grpc-default-executor-1] INFO  server.RaftServer$Division (RaftServerImpl.java:checkInconsistentAppendEntries(1322)) - omNode-1@group-523986131536: Failed appendEntries as previous log entry ((t:4, i:24)) is not found
2022-03-14 12:18:20,008 [grpc-default-executor-1] INFO  server.RaftServer$Division (RaftServerImpl.java:checkInconsistentAppendEntries(1288)) - omNode-1@group-523986131536: inconsistency entries. Reply:omNode-2<-omNode-1#2135:FAIL-t4,INCONSISTENCY,nextIndex=19,followerCommit=18
2022-03-14 12:18:20,009 [grpc-default-executor-1] INFO  leader.FollowerInfo (FollowerInfoImpl.java:lambda$new$0(47)) - omNode-2@group-523986131536->omNode-1: nextIndex: updateUnconditionally 25 -> 19
2022-03-14 12:18:20,511 [grpc-default-executor-1] INFO  server.RaftServer$Division (RaftServerImpl.java:checkInconsistentAppendEntries(1322)) - omNode-1@group-523986131536: Failed appendEntries as previous log entry ((t:4, i:24)) is not found
2022-03-14 12:18:20,511 [grpc-default-executor-1] INFO  server.RaftServer$Division (RaftServerImpl.java:checkInconsistentAppendEntries(1288)) - omNode-1@group-523986131536: inconsistency entries. Reply:omNode-2<-omNode-1#2186:FAIL-t4,INCONSISTENCY,nextIndex=19,followerCommit=18
2022-03-14 12:18:20,511 [grpc-default-executor-1] INFO  leader.FollowerInfo (FollowerInfoImpl.java:lambda$new$0(47)) - omNode-2@group-523986131536->omNode-1: nextIndex: updateUnconditionally 25 -> 19
2022-03-14 12:18:21,013 [grpc-default-executor-1] INFO  server.RaftServer$Division (RaftServerImpl.java:checkInconsistentAppendEntries(1322)) - omNode-1@group-523986131536: Failed appendEntries as previous log entry ((t:4, i:24)) is not found
2022-03-14 12:18:21,013 [grpc-default-executor-1] INFO  server.RaftServer$Division (RaftServerImpl.java:checkInconsistentAppendEntries(1288)) - omNode-1@group-523986131536: inconsistency entries. Reply:omNode-2<-omNode-1#2237:FAIL-t4,INCONSISTENCY,nextIndex=19,followerCommit=18
2022-03-14 12:18:21,013 [grpc-default-executor-1] INFO  leader.FollowerInfo (FollowerInfoImpl.java:lambda$new$0(47)) - omNode-2@group-523986131536->omNode-1: nextIndex: updateUnconditionally 25 -> 19
2022-03-14 12:18:21,515 [grpc-default-executor-1] INFO  server.RaftServer$Division (RaftServerImpl.java:checkInconsistentAppendEntries(1322)) - omNode-1@group-523986131536: Failed appendEntries as previous log entry ((t:4, i:24)) is not found
2022-03-14 12:18:21,515 [grpc-default-executor-1] INFO  server.RaftServer$Division (RaftServerImpl.java:checkInconsistentAppendEntries(1288)) - omNode-1@group-523986131536: inconsistency entries. Reply:omNode-2<-omNode-1#2288:FAIL-t4,INCONSISTENCY,nextIndex=19,followerCommit=18
2022-03-14 12:18:21,516 [grpc-default-executor-1] INFO  leader.FollowerInfo (FollowerInfoImpl.java:lambda$new$0(47)) - omNode-2@group-523986131536->omNode-1: nextIndex: updateUnconditionally 25 -> 19
2022-03-14 12:18:22,017 [grpc-default-executor-1] INFO  server.RaftServer$Division (RaftServerImpl.java:checkInconsistentAppendEntries(1322)) - omNode-1@group-523986131536: Failed appendEntries as previous log entry ((t:4, i:24)) is not found
2022-03-14 12:18:22,018 [grpc-default-executor-1] INFO  server.RaftServer$Division (RaftServerImpl.java:checkInconsistentAppendEntries(1288)) - omNode-1@group-523986131536: inconsistency entries. Reply:omNode-2<-omNode-1#2339:FAIL-t4,INCONSISTENCY,nextIndex=19,followerCommit=18
2022-03-14 12:18:22,018 [grpc-default-executor-1] INFO  leader.FollowerInfo (FollowerInfoImpl.java:lambda$new$0(47)) - omNode-2@group-523986131536->omNode-1: nextIndex: updateUnconditionally 25 -> 19
2022-03-14 12:18:22,519 [grpc-default-executor-5] INFO  server.RaftServer$Division (RaftServerImpl.java:checkInconsistentAppendEntries(1322)) - omNode-1@group-523986131536: Failed appendEntries as previous log entry ((t:4, i:24)) is not found
2022-03-14 12:18:22,519 [grpc-default-executor-5] INFO  server.RaftServer$Division (RaftServerImpl.java:checkInconsistentAppendEntries(1288)) - omNode-1@group-523986131536: inconsistency entries. Reply:omNode-2<-omNode-1#2390:FAIL-t4,INCONSISTENCY,nextIndex=19,followerCommit=18
2022-03-14 12:18:22,520 [grpc-default-executor-1] INFO  leader.FollowerInfo (FollowerInfoImpl.java:lambda$new$0(47)) - omNode-2@group-523986131536->omNode-1: nextIndex: updateUnconditionally 25 -> 19
2022-03-14 12:18:23,022 [grpc-default-executor-1] INFO  server.RaftServer$Division (RaftServerImpl.java:checkInconsistentAppendEntries(1322)) - omNode-1@group-523986131536: Failed appendEntries as previous log entry ((t:4, i:24)) is not found
2022-03-14 12:18:23,022 [grpc-default-executor-1] INFO  server.RaftServer$Division (RaftServerImpl.java:checkInconsistentAppendEntries(1288)) - omNode-1@group-523986131536: inconsistency entries. Reply:omNode-2<-omNode-1#2441:FAIL-t4,INCONSISTENCY,nextIndex=19,followerCommit=18
2022-03-14 12:18:23,023 [grpc-default-executor-1] INFO  leader.FollowerInfo (FollowerInfoImpl.java:lambda$new$0(47)) - omNode-2@group-523986131536->omNode-1: nextIndex: updateUnconditionally 25 -> 19
2022-03-14 12:18:23,525 [grpc-default-executor-5] INFO  server.RaftServer$Division (RaftServerImpl.java:checkInconsistentAppendEntries(1322)) - omNode-1@group-523986131536: Failed appendEntries as previous log entry ((t:4, i:24)) is not found
2022-03-14 12:18:23,525 [grpc-default-executor-5] INFO  server.RaftServer$Division (RaftServerImpl.java:checkInconsistentAppendEntries(1288)) - omNode-1@group-523986131536: inconsistency entries. Reply:omNode-2<-omNode-1#2492:FAIL-t4,INCONSISTENCY,nextIndex=19,followerCommit=18
2022-03-14 12:18:23,525 [grpc-default-executor-5] INFO  leader.FollowerInfo (FollowerInfoImpl.java:lambda$new$0(47)) - omNode-2@group-523986131536->omNode-1: nextIndex: updateUnconditionally 25 -> 19
2022-03-14 12:18:24,028 [grpc-default-executor-1] INFO  server.RaftServer$Division (RaftServerImpl.java:checkInconsistentAppendEntries(1322)) - omNode-1@group-523986131536: Failed appendEntries as previous log entry ((t:4, i:24)) is not found
2022-03-14 12:18:24,029 [grpc-default-executor-1] INFO  server.RaftServer$Division (RaftServerImpl.java:checkInconsistentAppendEntries(1288)) - omNode-1@group-523986131536: inconsistency entries. Reply:omNode-2<-omNode-1#2543:FAIL-t4,INCONSISTENCY,nextIndex=19,followerCommit=18
2022-03-14 12:18:24,030 [grpc-default-executor-5] INFO  leader.FollowerInfo (FollowerInfoImpl.java:lambda$new$0(47)) - omNode-2@group-523986131536->omNode-1: nextIndex: updateUnconditionally 25 -> 19
2022-03-14 12:18:24,531 [grpc-default-executor-1] INFO  server.RaftServer$Division (RaftServerImpl.java:checkInconsistentAppendEntries(1322)) - omNode-1@group-523986131536: Failed appendEntries as previous log entry ((t:4, i:24)) is not found
2022-03-14 12:18:24,531 [grpc-default-executor-1] INFO  server.RaftServer$Division (RaftServerImpl.java:checkInconsistentAppendEntries(1288)) - omNode-1@group-523986131536: inconsistency entries. Reply:omNode-2<-omNode-1#2594:FAIL-t4,INCONSISTENCY,nextIndex=19,followerCommit=18
2022-03-14 12:18:24,532 [grpc-default-executor-5] INFO  leader.FollowerInfo (FollowerInfoImpl.java:lambda$new$0(47)) - omNode-2@group-523986131536->omNode-1: nextIndex: updateUnconditionally 25 -> 19
2022-03-14 12:18:25,034 [grpc-default-executor-1] INFO  server.RaftServer$Division (RaftServerImpl.java:checkInconsistentAppendEntries(1322)) - omNode-1@group-523986131536: Failed appendEntries as previous log entry ((t:4, i:24)) is not found
2022-03-14 12:18:25,034 [grpc-default-executor-1] INFO  server.RaftServer$Division (RaftServerImpl.java:checkInconsistentAppendEntries(1288)) - omNode-1@group-523986131536: inconsistency entries. Reply:omNode-2<-omNode-1#2645:FAIL-t4,INCONSISTENCY,nextIndex=19,followerCommit=18
2022-03-14 12:18:25,035 [grpc-default-executor-5] INFO  leader.FollowerInfo (FollowerInfoImpl.java:lambda$new$0(47)) - omNode-2@group-523986131536->omNode-1: nextIndex: updateUnconditionally 25 -> 19
2022-03-14 12:18:25,537 [grpc-default-executor-1] INFO  server.RaftServer$Division (RaftServerImpl.java:checkInconsistentAppendEntries(1322)) - omNode-1@group-523986131536: Failed appendEntries as previous log entry ((t:4, i:24)) is not found
2022-03-14 12:18:25,537 [grpc-default-executor-1] INFO  server.RaftServer$Division (RaftServerImpl.java:checkInconsistentAppendEntries(1288)) - omNode-1@group-523986131536: inconsistency entries. Reply:omNode-2<-omNode-1#2696:FAIL-t4,INCONSISTENCY,nextIndex=19,followerCommit=18
2022-03-14 12:18:25,538 [grpc-default-executor-1] INFO  leader.FollowerInfo (FollowerInfoImpl.java:lambda$new$0(47)) - omNode-2@group-523986131536->omNode-1: nextIndex: updateUnconditionally 25 -> 19
2022-03-14 12:18:26,041 [grpc-default-executor-1] INFO  server.RaftServer$Division (RaftServerImpl.java:checkInconsistentAppendEntries(1322)) - omNode-1@group-523986131536: Failed appendEntries as previous log entry ((t:4, i:24)) is not found
2022-03-14 12:18:26,041 [grpc-default-executor-1] INFO  server.RaftServer$Division (RaftServerImpl.java:checkInconsistentAppendEntries(1288)) - omNode-1@group-523986131536: inconsistency entries. Reply:omNode-2<-omNode-1#2747:FAIL-t4,INCONSISTENCY,nextIndex=19,followerCommit=18
2022-03-14 12:18:26,042 [grpc-default-executor-1] INFO  leader.FollowerInfo (FollowerInfoImpl.java:lambda$new$0(47)) - omNode-2@group-523986131536->omNode-1: nextIndex: updateUnconditionally 25 -> 19
2022-03-14 12:18:26,543 [grpc-default-executor-1] INFO  server.RaftServer$Division (RaftServerImpl.java:checkInconsistentAppendEntries(1322)) - omNode-1@group-523986131536: Failed appendEntries as previous log entry ((t:4, i:24)) is not found
2022-03-14 12:18:26,544 [grpc-default-executor-1] INFO  server.RaftServer$Division (RaftServerImpl.java:checkInconsistentAppendEntries(1288)) - omNode-1@group-523986131536: inconsistency entries. Reply:omNode-2<-omNode-1#2798:FAIL-t4,INCONSISTENCY,nextIndex=19,followerCommit=18
2022-03-14 12:18:26,544 [grpc-default-executor-1] INFO  leader.FollowerInfo (FollowerInfoImpl.java:lambda$new$0(47)) - omNode-2@group-523986131536->omNode-1: nextIndex: updateUnconditionally 25 -> 19
2022-03-14 12:18:27,046 [grpc-default-executor-1] INFO  server.RaftServer$Division (RaftServerImpl.java:checkInconsistentAppendEntries(1322)) - omNode-1@group-523986131536: Failed appendEntries as previous log entry ((t:4, i:24)) is not found
2022-03-14 12:18:27,046 [grpc-default-executor-1] INFO  server.RaftServer$Division (RaftServerImpl.java:checkInconsistentAppendEntries(1288)) - omNode-1@group-523986131536: inconsistency entries. Reply:omNode-2<-omNode-1#2849:FAIL-t4,INCONSISTENCY,nextIndex=19,followerCommit=18
2022-03-14 12:18:27,046 [grpc-default-executor-1] INFO  leader.FollowerInfo (FollowerInfoImpl.java:lambda$new$0(47)) - omNode-2@group-523986131536->omNode-1: nextIndex: updateUnconditionally 25 -> 19
2022-03-14 12:18:27,548 [grpc-default-executor-5] INFO  server.RaftServer$Division (RaftServerImpl.java:checkInconsistentAppendEntries(1322)) - omNode-1@group-523986131536: Failed appendEntries as previous log entry ((t:4, i:24)) is not found
2022-03-14 12:18:27,548 [grpc-default-executor-5] INFO  server.RaftServer$Division (RaftServerImpl.java:checkInconsistentAppendEntries(1288)) - omNode-1@group-523986131536: inconsistency entries. Reply:omNode-2<-omNode-1#2900:FAIL-t4,INCONSISTENCY,nextIndex=19,followerCommit=18
2022-03-14 12:18:27,549 [grpc-default-executor-5] INFO  leader.FollowerInfo (FollowerInfoImpl.java:lambda$new$0(47)) - omNode-2@group-523986131536->omNode-1: nextIndex: updateUnconditionally 25 -> 19
2022-03-14 12:18:28,053 [grpc-default-executor-5] INFO  server.RaftServer$Division (RaftServerImpl.java:checkInconsistentAppendEntries(1322)) - omNode-1@group-523986131536: Failed appendEntries as previous log entry ((t:4, i:24)) is not found
2022-03-14 12:18:28,053 [grpc-default-executor-5] INFO  server.RaftServer$Division (RaftServerImpl.java:checkInconsistentAppendEntries(1288)) - omNode-1@group-523986131536: inconsistency entries. Reply:omNode-2<-omNode-1#2951:FAIL-t4,INCONSISTENCY,nextIndex=19,followerCommit=18
2022-03-14 12:18:28,053 [grpc-default-executor-5] INFO  leader.FollowerInfo (FollowerInfoImpl.java:lambda$new$0(47)) - omNode-2@group-523986131536->omNode-1: nextIndex: updateUnconditionally 25 -> 19
2022-03-14 12:18:28,555 [grpc-default-executor-5] INFO  server.RaftServer$Division (RaftServerImpl.java:checkInconsistentAppendEntries(1322)) - omNode-1@group-523986131536: Failed appendEntries as previous log entry ((t:4, i:24)) is not found
2022-03-14 12:18:28,555 [grpc-default-executor-5] INFO  server.RaftServer$Division (RaftServerImpl.java:checkInconsistentAppendEntries(1288)) - omNode-1@group-523986131536: inconsistency entries. Reply:omNode-2<-omNode-1#3002:FAIL-t4,INCONSISTENCY,nextIndex=19,followerCommit=18
2022-03-14 12:18:28,555 [grpc-default-executor-5] INFO  leader.FollowerInfo (FollowerInfoImpl.java:lambda$new$0(47)) - omNode-2@group-523986131536->omNode-1: nextIndex: updateUnconditionally 25 -> 19
2022-03-14 12:18:29,056 [grpc-default-executor-5] INFO  server.RaftServer$Division (RaftServerImpl.java:checkInconsistentAppendEntries(1322)) - omNode-1@group-523986131536: Failed appendEntries as previous log entry ((t:4, i:24)) is not found
2022-03-14 12:18:29,056 [grpc-default-executor-5] INFO  server.RaftServer$Division (RaftServerImpl.java:checkInconsistentAppendEntries(1288)) - omNode-1@group-523986131536: inconsistency entries. Reply:omNode-2<-omNode-1#3053:FAIL-t4,INCONSISTENCY,nextIndex=19,followerCommit=18
2022-03-14 12:18:29,057 [grpc-default-executor-5] INFO  leader.FollowerInfo (FollowerInfoImpl.java:lambda$new$0(47)) - omNode-2@group-523986131536->omNode-1: nextIndex: updateUnconditionally 25 -> 19
2022-03-14 12:18:29,558 [grpc-default-executor-5] INFO  server.RaftServer$Division (RaftServerImpl.java:checkInconsistentAppendEntries(1322)) - omNode-1@group-523986131536: Failed appendEntries as previous log entry ((t:4, i:24)) is not found
2022-03-14 12:18:29,559 [grpc-default-executor-5] INFO  server.RaftServer$Division (RaftServerImpl.java:checkInconsistentAppendEntries(1288)) - omNode-1@group-523986131536: inconsistency entries. Reply:omNode-2<-omNode-1#3104:FAIL-t4,INCONSISTENCY,nextIndex=19,followerCommit=18
2022-03-14 12:18:29,559 [grpc-default-executor-5] INFO  leader.FollowerInfo (FollowerInfoImpl.java:lambda$new$0(47)) - omNode-2@group-523986131536->omNode-1: nextIndex: updateUnconditionally 25 -> 19
2022-03-14 12:18:30,061 [grpc-default-executor-1] INFO  server.RaftServer$Division (RaftServerImpl.java:checkInconsistentAppendEntries(1322)) - omNode-1@group-523986131536: Failed appendEntries as previous log entry ((t:4, i:24)) is not found
2022-03-14 12:18:30,061 [grpc-default-executor-1] INFO  server.RaftServer$Division (RaftServerImpl.java:checkInconsistentAppendEntries(1288)) - omNode-1@group-523986131536: inconsistency entries. Reply:omNode-2<-omNode-1#3155:FAIL-t4,INCONSISTENCY,nextIndex=19,followerCommit=18
2022-03-14 12:18:30,062 [grpc-default-executor-1] INFO  leader.FollowerInfo (FollowerInfoImpl.java:lambda$new$0(47)) - omNode-2@group-523986131536->omNode-1: nextIndex: updateUnconditionally 25 -> 19
2022-03-14 12:18:30,563 [grpc-default-executor-1] INFO  server.RaftServer$Division (RaftServerImpl.java:checkInconsistentAppendEntries(1322)) - omNode-1@group-523986131536: Failed appendEntries as previous log entry ((t:4, i:24)) is not found
2022-03-14 12:18:30,564 [grpc-default-executor-1] INFO  server.RaftServer$Division (RaftServerImpl.java:checkInconsistentAppendEntries(1288)) - omNode-1@group-523986131536: inconsistency entries. Reply:omNode-2<-omNode-1#3206:FAIL-t4,INCONSISTENCY,nextIndex=19,followerCommit=18
2022-03-14 12:18:30,564 [grpc-default-executor-1] INFO  leader.FollowerInfo (FollowerInfoImpl.java:lambda$new$0(47)) - omNode-2@group-523986131536->omNode-1: nextIndex: updateUnconditionally 25 -> 19
2022-03-14 12:18:31,065 [grpc-default-executor-1] INFO  server.RaftServer$Division (RaftServerImpl.java:checkInconsistentAppendEntries(1322)) - omNode-1@group-523986131536: Failed appendEntries as previous log entry ((t:4, i:24)) is not found
2022-03-14 12:18:31,065 [grpc-default-executor-1] INFO  server.RaftServer$Division (RaftServerImpl.java:checkInconsistentAppendEntries(1288)) - omNode-1@group-523986131536: inconsistency entries. Reply:omNode-2<-omNode-1#3257:FAIL-t4,INCONSISTENCY,nextIndex=19,followerCommit=18
2022-03-14 12:18:31,066 [grpc-default-executor-1] INFO  leader.FollowerInfo (FollowerInfoImpl.java:lambda$new$0(47)) - omNode-2@group-523986131536->omNode-1: nextIndex: updateUnconditionally 25 -> 19
2022-03-14 12:18:31,567 [grpc-default-executor-1] INFO  server.RaftServer$Division (RaftServerImpl.java:checkInconsistentAppendEntries(1322)) - omNode-1@group-523986131536: Failed appendEntries as previous log entry ((t:4, i:24)) is not found
2022-03-14 12:18:31,568 [grpc-default-executor-1] INFO  server.RaftServer$Division (RaftServerImpl.java:checkInconsistentAppendEntries(1288)) - omNode-1@group-523986131536: inconsistency entries. Reply:omNode-2<-omNode-1#3308:FAIL-t4,INCONSISTENCY,nextIndex=19,followerCommit=18
2022-03-14 12:18:31,568 [grpc-default-executor-1] INFO  leader.FollowerInfo (FollowerInfoImpl.java:lambda$new$0(47)) - omNode-2@group-523986131536->omNode-1: nextIndex: updateUnconditionally 25 -> 19
2022-03-14 12:18:32,069 [grpc-default-executor-1] INFO  server.RaftServer$Division (RaftServerImpl.java:checkInconsistentAppendEntries(1322)) - omNode-1@group-523986131536: Failed appendEntries as previous log entry ((t:4, i:24)) is not found
2022-03-14 12:18:32,069 [grpc-default-executor-1] INFO  server.RaftServer$Division (RaftServerImpl.java:checkInconsistentAppendEntries(1288)) - omNode-1@group-523986131536: inconsistency entries. Reply:omNode-2<-omNode-1#3359:FAIL-t4,INCONSISTENCY,nextIndex=19,followerCommit=18
2022-03-14 12:18:32,070 [grpc-default-executor-1] INFO  leader.FollowerInfo (FollowerInfoImpl.java:lambda$new$0(47)) - omNode-2@group-523986131536->omNode-1: nextIndex: updateUnconditionally 25 -> 19
2022-03-14 12:18:32,571 [grpc-default-executor-1] INFO  server.RaftServer$Division (RaftServerImpl.java:checkInconsistentAppendEntries(1322)) - omNode-1@group-523986131536: Failed appendEntries as previous log entry ((t:4, i:24)) is not found
2022-03-14 12:18:32,572 [grpc-default-executor-1] INFO  server.RaftServer$Division (RaftServerImpl.java:checkInconsistentAppendEntries(1288)) - omNode-1@group-523986131536: inconsistency entries. Reply:omNode-2<-omNode-1#3410:FAIL-t4,INCONSISTENCY,nextIndex=19,followerCommit=18
2022-03-14 12:18:32,572 [grpc-default-executor-1] INFO  leader.FollowerInfo (FollowerInfoImpl.java:lambda$new$0(47)) - omNode-2@group-523986131536->omNode-1: nextIndex: updateUnconditionally 25 -> 19
2022-03-14 12:18:33,073 [grpc-default-executor-1] INFO  server.RaftServer$Division (RaftServerImpl.java:checkInconsistentAppendEntries(1322)) - omNode-1@group-523986131536: Failed appendEntries as previous log entry ((t:4, i:24)) is not found
2022-03-14 12:18:33,073 [grpc-default-executor-1] INFO  server.RaftServer$Division (RaftServerImpl.java:checkInconsistentAppendEntries(1288)) - omNode-1@group-523986131536: inconsistency entries. Reply:omNode-2<-omNode-1#3461:FAIL-t4,INCONSISTENCY,nextIndex=19,followerCommit=18
2022-03-14 12:18:33,074 [grpc-default-executor-1] INFO  leader.FollowerInfo (FollowerInfoImpl.java:lambda$new$0(47)) - omNode-2@group-523986131536->omNode-1: nextIndex: updateUnconditionally 25 -> 19
2022-03-14 12:18:33,575 [grpc-default-executor-1] INFO  server.RaftServer$Division (RaftServerImpl.java:checkInconsistentAppendEntries(1322)) - omNode-1@group-523986131536: Failed appendEntries as previous log entry ((t:4, i:24)) is not found
2022-03-14 12:18:33,575 [grpc-default-executor-1] INFO  server.RaftServer$Division (RaftServerImpl.java:checkInconsistentAppendEntries(1288)) - omNode-1@group-523986131536: inconsistency entries. Reply:omNode-2<-omNode-1#3512:FAIL-t4,INCONSISTENCY,nextIndex=19,followerCommit=18
2022-03-14 12:18:33,575 [grpc-default-executor-1] INFO  leader.FollowerInfo (FollowerInfoImpl.java:lambda$new$0(47)) - omNode-2@group-523986131536->omNode-1: nextIndex: updateUnconditionally 25 -> 19
2022-03-14 12:18:34,078 [grpc-default-executor-1] INFO  server.RaftServer$Division (RaftServerImpl.java:checkInconsistentAppendEntries(1322)) - omNode-1@group-523986131536: Failed appendEntries as previous log entry ((t:4, i:24)) is not found
2022-03-14 12:18:34,078 [grpc-default-executor-1] INFO  server.RaftServer$Division (RaftServerImpl.java:checkInconsistentAppendEntries(1288)) - omNode-1@group-523986131536: inconsistency entries. Reply:omNode-2<-omNode-1#3563:FAIL-t4,INCONSISTENCY,nextIndex=19,followerCommit=18
2022-03-14 12:18:34,079 [grpc-default-executor-1] INFO  leader.FollowerInfo (FollowerInfoImpl.java:lambda$new$0(47)) - omNode-2@group-523986131536->omNode-1: nextIndex: updateUnconditionally 25 -> 19
2022-03-14 12:18:34,581 [grpc-default-executor-1] INFO  server.RaftServer$Division (RaftServerImpl.java:checkInconsistentAppendEntries(1322)) - omNode-1@group-523986131536: Failed appendEntries as previous log entry ((t:4, i:24)) is not found
2022-03-14 12:18:34,581 [grpc-default-executor-1] INFO  server.RaftServer$Division (RaftServerImpl.java:checkInconsistentAppendEntries(1288)) - omNode-1@group-523986131536: inconsistency entries. Reply:omNode-2<-omNode-1#3614:FAIL-t4,INCONSISTENCY,nextIndex=19,followerCommit=18
2022-03-14 12:18:34,581 [grpc-default-executor-1] INFO  leader.FollowerInfo (FollowerInfoImpl.java:lambda$new$0(47)) - omNode-2@group-523986131536->omNode-1: nextIndex: updateUnconditionally 25 -> 19
2022-03-14 12:18:35,083 [grpc-default-executor-1] INFO  server.RaftServer$Division (RaftServerImpl.java:checkInconsistentAppendEntries(1322)) - omNode-1@group-523986131536: Failed appendEntries as previous log entry ((t:4, i:24)) is not found
2022-03-14 12:18:35,083 [grpc-default-executor-1] INFO  server.RaftServer$Division (RaftServerImpl.java:checkInconsistentAppendEntries(1288)) - omNode-1@group-523986131536: inconsistency entries. Reply:omNode-2<-omNode-1#3665:FAIL-t4,INCONSISTENCY,nextIndex=19,followerCommit=18
2022-03-14 12:18:35,084 [grpc-default-executor-1] INFO  leader.FollowerInfo (FollowerInfoImpl.java:lambda$new$0(47)) - omNode-2@group-523986131536->omNode-1: nextIndex: updateUnconditionally 25 -> 19
2022-03-14 12:18:35,584 [grpc-default-executor-1] INFO  server.RaftServer$Division (RaftServerImpl.java:checkInconsistentAppendEntries(1322)) - omNode-1@group-523986131536: Failed appendEntries as previous log entry ((t:4, i:24)) is not found
2022-03-14 12:18:35,585 [grpc-default-executor-1] INFO  server.RaftServer$Division (RaftServerImpl.java:checkInconsistentAppendEntries(1288)) - omNode-1@group-523986131536: inconsistency entries. Reply:omNode-2<-omNode-1#3716:FAIL-t4,INCONSISTENCY,nextIndex=19,followerCommit=18
2022-03-14 12:18:35,585 [grpc-default-executor-1] INFO  leader.FollowerInfo (FollowerInfoImpl.java:lambda$new$0(47)) - omNode-2@group-523986131536->omNode-1: nextIndex: updateUnconditionally 25 -> 19
2022-03-14 12:18:36,086 [grpc-default-executor-1] INFO  server.RaftServer$Division (RaftServerImpl.java:checkInconsistentAppendEntries(1322)) - omNode-1@group-523986131536: Failed appendEntries as previous log entry ((t:4, i:24)) is not found
2022-03-14 12:18:36,086 [grpc-default-executor-1] INFO  server.RaftServer$Division (RaftServerImpl.java:checkInconsistentAppendEntries(1288)) - omNode-1@group-523986131536: inconsistency entries. Reply:omNode-2<-omNode-1#3767:FAIL-t4,INCONSISTENCY,nextIndex=19,followerCommit=18
2022-03-14 12:18:36,087 [grpc-default-executor-1] INFO  leader.FollowerInfo (FollowerInfoImpl.java:lambda$new$0(47)) - omNode-2@group-523986131536->omNode-1: nextIndex: updateUnconditionally 25 -> 19
2022-03-14 12:18:36,590 [grpc-default-executor-1] INFO  server.RaftServer$Division (RaftServerImpl.java:checkInconsistentAppendEntries(1322)) - omNode-1@group-523986131536: Failed appendEntries as previous log entry ((t:4, i:24)) is not found
2022-03-14 12:18:36,590 [grpc-default-executor-1] INFO  server.RaftServer$Division (RaftServerImpl.java:checkInconsistentAppendEntries(1288)) - omNode-1@group-523986131536: inconsistency entries. Reply:omNode-2<-omNode-1#3818:FAIL-t4,INCONSISTENCY,nextIndex=19,followerCommit=18
2022-03-14 12:18:36,590 [grpc-default-executor-1] INFO  leader.FollowerInfo (FollowerInfoImpl.java:lambda$new$0(47)) - omNode-2@group-523986131536->omNode-1: nextIndex: updateUnconditionally 25 -> 19
2022-03-14 12:18:37,092 [grpc-default-executor-1] INFO  server.RaftServer$Division (RaftServerImpl.java:checkInconsistentAppendEntries(1322)) - omNode-1@group-523986131536: Failed appendEntries as previous log entry ((t:4, i:24)) is not found
2022-03-14 12:18:37,092 [grpc-default-executor-1] INFO  server.RaftServer$Division (RaftServerImpl.java:checkInconsistentAppendEntries(1288)) - omNode-1@group-523986131536: inconsistency entries. Reply:omNode-2<-omNode-1#3869:FAIL-t4,INCONSISTENCY,nextIndex=19,followerCommit=18
2022-03-14 12:18:37,093 [grpc-default-executor-1] INFO  leader.FollowerInfo (FollowerInfoImpl.java:lambda$new$0(47)) - omNode-2@group-523986131536->omNode-1: nextIndex: updateUnconditionally 25 -> 19
2022-03-14 12:18:37,594 [grpc-default-executor-5] INFO  server.RaftServer$Division (RaftServerImpl.java:checkInconsistentAppendEntries(1322)) - omNode-1@group-523986131536: Failed appendEntries as previous log entry ((t:4, i:24)) is not found
2022-03-14 12:18:37,595 [grpc-default-executor-5] INFO  server.RaftServer$Division (RaftServerImpl.java:checkInconsistentAppendEntries(1288)) - omNode-1@group-523986131536: inconsistency entries. Reply:omNode-2<-omNode-1#3920:FAIL-t4,INCONSISTENCY,nextIndex=19,followerCommit=18
2022-03-14 12:18:37,595 [grpc-default-executor-5] INFO  leader.FollowerInfo (FollowerInfoImpl.java:lambda$new$0(47)) - omNode-2@group-523986131536->omNode-1: nextIndex: updateUnconditionally 25 -> 19
2022-03-14 12:18:38,096 [grpc-default-executor-5] INFO  server.RaftServer$Division (RaftServerImpl.java:checkInconsistentAppendEntries(1322)) - omNode-1@group-523986131536: Failed appendEntries as previous log entry ((t:4, i:24)) is not found
2022-03-14 12:18:38,097 [grpc-default-executor-5] INFO  server.RaftServer$Division (RaftServerImpl.java:checkInconsistentAppendEntries(1288)) - omNode-1@group-523986131536: inconsistency entries. Reply:omNode-2<-omNode-1#3971:FAIL-t4,INCONSISTENCY,nextIndex=19,followerCommit=18
2022-03-14 12:18:38,097 [grpc-default-executor-5] INFO  leader.FollowerInfo (FollowerInfoImpl.java:lambda$new$0(47)) - omNode-2@group-523986131536->omNode-1: nextIndex: updateUnconditionally 25 -> 19
2022-03-14 12:18:38,598 [grpc-default-executor-5] INFO  server.RaftServer$Division (RaftServerImpl.java:checkInconsistentAppendEntries(1322)) - omNode-1@group-523986131536: Failed appendEntries as previous log entry ((t:4, i:24)) is not found
2022-03-14 12:18:38,599 [grpc-default-executor-5] INFO  server.RaftServer$Division (RaftServerImpl.java:checkInconsistentAppendEntries(1288)) - omNode-1@group-523986131536: inconsistency entries. Reply:omNode-2<-omNode-1#4022:FAIL-t4,INCONSISTENCY,nextIndex=19,followerCommit=18
2022-03-14 12:18:38,599 [grpc-default-executor-5] INFO  leader.FollowerInfo (FollowerInfoImpl.java:lambda$new$0(47)) - omNode-2@group-523986131536->omNode-1: nextIndex: updateUnconditionally 25 -> 19
2022-03-14 12:18:39,100 [grpc-default-executor-5] INFO  server.RaftServer$Division (RaftServerImpl.java:checkInconsistentAppendEntries(1322)) - omNode-1@group-523986131536: Failed appendEntries as previous log entry ((t:4, i:24)) is not found
2022-03-14 12:18:39,100 [grpc-default-executor-5] INFO  server.RaftServer$Division (RaftServerImpl.java:checkInconsistentAppendEntries(1288)) - omNode-1@group-523986131536: inconsistency entries. Reply:omNode-2<-omNode-1#4073:FAIL-t4,INCONSISTENCY,nextIndex=19,followerCommit=18
2022-03-14 12:18:39,101 [grpc-default-executor-5] INFO  leader.FollowerInfo (FollowerInfoImpl.java:lambda$new$0(47)) - omNode-2@group-523986131536->omNode-1: nextIndex: updateUnconditionally 25 -> 19
2022-03-14 12:18:39,602 [grpc-default-executor-5] INFO  server.RaftServer$Division (RaftServerImpl.java:checkInconsistentAppendEntries(1322)) - omNode-1@group-523986131536: Failed appendEntries as previous log entry ((t:4, i:24)) is not found
2022-03-14 12:18:39,602 [grpc-default-executor-5] INFO  server.RaftServer$Division (RaftServerImpl.java:checkInconsistentAppendEntries(1288)) - omNode-1@group-523986131536: inconsistency entries. Reply:omNode-2<-omNode-1#4124:FAIL-t4,INCONSISTENCY,nextIndex=19,followerCommit=18
2022-03-14 12:18:39,603 [grpc-default-executor-5] INFO  leader.FollowerInfo (FollowerInfoImpl.java:lambda$new$0(47)) - omNode-2@group-523986131536->omNode-1: nextIndex: updateUnconditionally 25 -> 19
2022-03-14 12:18:40,104 [grpc-default-executor-1] INFO  server.RaftServer$Division (RaftServerImpl.java:checkInconsistentAppendEntries(1322)) - omNode-1@group-523986131536: Failed appendEntries as previous log entry ((t:4, i:24)) is not found
2022-03-14 12:18:40,105 [grpc-default-executor-1] INFO  server.RaftServer$Division (RaftServerImpl.java:checkInconsistentAppendEntries(1288)) - omNode-1@group-523986131536: inconsistency entries. Reply:omNode-2<-omNode-1#4175:FAIL-t4,INCONSISTENCY,nextIndex=19,followerCommit=18
2022-03-14 12:18:40,105 [grpc-default-executor-1] INFO  leader.FollowerInfo (FollowerInfoImpl.java:lambda$new$0(47)) - omNode-2@group-523986131536->omNode-1: nextIndex: updateUnconditionally 25 -> 19
2022-03-14 12:18:40,606 [grpc-default-executor-1] INFO  server.RaftServer$Division (RaftServerImpl.java:checkInconsistentAppendEntries(1322)) - omNode-1@group-523986131536: Failed appendEntries as previous log entry ((t:4, i:24)) is not found
2022-03-14 12:18:40,606 [grpc-default-executor-1] INFO  server.RaftServer$Division (RaftServerImpl.java:checkInconsistentAppendEntries(1288)) - omNode-1@group-523986131536: inconsistency entries. Reply:omNode-2<-omNode-1#4226:FAIL-t4,INCONSISTENCY,nextIndex=19,followerCommit=18
2022-03-14 12:18:40,607 [grpc-default-executor-1] INFO  leader.FollowerInfo (FollowerInfoImpl.java:lambda$new$0(47)) - omNode-2@group-523986131536->omNode-1: nextIndex: updateUnconditionally 25 -> 19
2022-03-14 12:18:41,109 [grpc-default-executor-1] INFO  server.RaftServer$Division (RaftServerImpl.java:checkInconsistentAppendEntries(1322)) - omNode-1@group-523986131536: Failed appendEntries as previous log entry ((t:4, i:24)) is not found
2022-03-14 12:18:41,109 [grpc-default-executor-1] INFO  server.RaftServer$Division (RaftServerImpl.java:checkInconsistentAppendEntries(1288)) - omNode-1@group-523986131536: inconsistency entries. Reply:omNode-2<-omNode-1#4277:FAIL-t4,INCONSISTENCY,nextIndex=19,followerCommit=18
2022-03-14 12:18:41,109 [grpc-default-executor-1] INFO  leader.FollowerInfo (FollowerInfoImpl.java:lambda$new$0(47)) - omNode-2@group-523986131536->omNode-1: nextIndex: updateUnconditionally 25 -> 19
2022-03-14 12:18:41,610 [grpc-default-executor-1] INFO  server.RaftServer$Division (RaftServerImpl.java:checkInconsistentAppendEntries(1322)) - omNode-1@group-523986131536: Failed appendEntries as previous log entry ((t:4, i:24)) is not found
2022-03-14 12:18:41,611 [grpc-default-executor-1] INFO  server.RaftServer$Division (RaftServerImpl.java:checkInconsistentAppendEntries(1288)) - omNode-1@group-523986131536: inconsistency entries. Reply:omNode-2<-omNode-1#4328:FAIL-t4,INCONSISTENCY,nextIndex=19,followerCommit=18
2022-03-14 12:18:41,611 [grpc-default-executor-1] INFO  leader.FollowerInfo (FollowerInfoImpl.java:lambda$new$0(47)) - omNode-2@group-523986131536->omNode-1: nextIndex: updateUnconditionally 25 -> 19
2022-03-14 12:18:42,112 [grpc-default-executor-1] INFO  server.RaftServer$Division (RaftServerImpl.java:checkInconsistentAppendEntries(1322)) - omNode-1@group-523986131536: Failed appendEntries as previous log entry ((t:4, i:24)) is not found
2022-03-14 12:18:42,112 [grpc-default-executor-1] INFO  server.RaftServer$Division (RaftServerImpl.java:checkInconsistentAppendEntries(1288)) - omNode-1@group-523986131536: inconsistency entries. Reply:omNode-2<-omNode-1#4379:FAIL-t4,INCONSISTENCY,nextIndex=19,followerCommit=18
2022-03-14 12:18:42,115 [grpc-default-executor-1] INFO  leader.FollowerInfo (FollowerInfoImpl.java:lambda$new$0(47)) - omNode-2@group-523986131536->omNode-1: nextIndex: updateUnconditionally 25 -> 19
2022-03-14 12:18:42,616 [grpc-default-executor-1] INFO  server.RaftServer$Division (RaftServerImpl.java:checkInconsistentAppendEntries(1322)) - omNode-1@group-523986131536: Failed appendEntries as previous log entry ((t:4, i:24)) is not found
2022-03-14 12:18:42,617 [grpc-default-executor-1] INFO  server.RaftServer$Division (RaftServerImpl.java:checkInconsistentAppendEntries(1288)) - omNode-1@group-523986131536: inconsistency entries. Reply:omNode-2<-omNode-1#4430:FAIL-t4,INCONSISTENCY,nextIndex=19,followerCommit=18
2022-03-14 12:18:42,617 [grpc-default-executor-1] INFO  leader.FollowerInfo (FollowerInfoImpl.java:lambda$new$0(47)) - omNode-2@group-523986131536->omNode-1: nextIndex: updateUnconditionally 25 -> 19
2022-03-14 12:18:43,119 [grpc-default-executor-1] INFO  server.RaftServer$Division (RaftServerImpl.java:checkInconsistentAppendEntries(1322)) - omNode-1@group-523986131536: Failed appendEntries as previous log entry ((t:4, i:24)) is not found
2022-03-14 12:18:43,119 [grpc-default-executor-1] INFO  server.RaftServer$Division (RaftServerImpl.java:checkInconsistentAppendEntries(1288)) - omNode-1@group-523986131536: inconsistency entries. Reply:omNode-2<-omNode-1#4481:FAIL-t4,INCONSISTENCY,nextIndex=19,followerCommit=18
2022-03-14 12:18:43,119 [grpc-default-executor-1] INFO  leader.FollowerInfo (FollowerInfoImpl.java:lambda$new$0(47)) - omNode-2@group-523986131536->omNode-1: nextIndex: updateUnconditionally 25 -> 19
2022-03-14 12:18:43,621 [grpc-default-executor-1] INFO  server.RaftServer$Division (RaftServerImpl.java:checkInconsistentAppendEntries(1322)) - omNode-1@group-523986131536: Failed appendEntries as previous log entry ((t:4, i:24)) is not found
2022-03-14 12:18:43,621 [grpc-default-executor-1] INFO  server.RaftServer$Division (RaftServerImpl.java:checkInconsistentAppendEntries(1288)) - omNode-1@group-523986131536: inconsistency entries. Reply:omNode-2<-omNode-1#4532:FAIL-t4,INCONSISTENCY,nextIndex=19,followerCommit=18
2022-03-14 12:18:43,621 [grpc-default-executor-1] INFO  leader.FollowerInfo (FollowerInfoImpl.java:lambda$new$0(47)) - omNode-2@group-523986131536->omNode-1: nextIndex: updateUnconditionally 25 -> 19
2022-03-14 12:18:44,123 [grpc-default-executor-1] INFO  server.RaftServer$Division (RaftServerImpl.java:checkInconsistentAppendEntries(1322)) - omNode-1@group-523986131536: Failed appendEntries as previous log entry ((t:4, i:24)) is not found
2022-03-14 12:18:44,123 [grpc-default-executor-1] INFO  server.RaftServer$Division (RaftServerImpl.java:checkInconsistentAppendEntries(1288)) - omNode-1@group-523986131536: inconsistency entries. Reply:omNode-2<-omNode-1#4583:FAIL-t4,INCONSISTENCY,nextIndex=19,followerCommit=18
2022-03-14 12:18:44,124 [grpc-default-executor-1] INFO  leader.FollowerInfo (FollowerInfoImpl.java:lambda$new$0(47)) - omNode-2@group-523986131536->omNode-1: nextIndex: updateUnconditionally 25 -> 19
2022-03-14 12:18:44,625 [grpc-default-executor-1] INFO  server.RaftServer$Division (RaftServerImpl.java:checkInconsistentAppendEntries(1322)) - omNode-1@group-523986131536: Failed appendEntries as previous log entry ((t:4, i:24)) is not found
2022-03-14 12:18:44,625 [grpc-default-executor-1] INFO  server.RaftServer$Division (RaftServerImpl.java:checkInconsistentAppendEntries(1288)) - omNode-1@group-523986131536: inconsistency entries. Reply:omNode-2<-omNode-1#4634:FAIL-t4,INCONSISTENCY,nextIndex=19,followerCommit=18
2022-03-14 12:18:44,626 [grpc-default-executor-1] INFO  leader.FollowerInfo (FollowerInfoImpl.java:lambda$new$0(47)) - omNode-2@group-523986131536->omNode-1: nextIndex: updateUnconditionally 25 -> 19
2022-03-14 12:18:45,127 [grpc-default-executor-5] INFO  server.RaftServer$Division (RaftServerImpl.java:checkInconsistentAppendEntries(1322)) - omNode-1@group-523986131536: Failed appendEntries as previous log entry ((t:4, i:24)) is not found
2022-03-14 12:18:45,127 [grpc-default-executor-5] INFO  server.RaftServer$Division (RaftServerImpl.java:checkInconsistentAppendEntries(1288)) - omNode-1@group-523986131536: inconsistency entries. Reply:omNode-2<-omNode-1#4685:FAIL-t4,INCONSISTENCY,nextIndex=19,followerCommit=18
2022-03-14 12:18:45,128 [grpc-default-executor-5] INFO  leader.FollowerInfo (FollowerInfoImpl.java:lambda$new$0(47)) - omNode-2@group-523986131536->omNode-1: nextIndex: updateUnconditionally 25 -> 19
2022-03-14 12:18:45,629 [grpc-default-executor-5] INFO  server.RaftServer$Division (RaftServerImpl.java:checkInconsistentAppendEntries(1322)) - omNode-1@group-523986131536: Failed appendEntries as previous log entry ((t:4, i:24)) is not found
2022-03-14 12:18:45,629 [grpc-default-executor-5] INFO  server.RaftServer$Division (RaftServerImpl.java:checkInconsistentAppendEntries(1288)) - omNode-1@group-523986131536: inconsistency entries. Reply:omNode-2<-omNode-1#4736:FAIL-t4,INCONSISTENCY,nextIndex=19,followerCommit=18
2022-03-14 12:18:45,629 [grpc-default-executor-5] INFO  leader.FollowerInfo (FollowerInfoImpl.java:lambda$new$0(47)) - omNode-2@group-523986131536->omNode-1: nextIndex: updateUnconditionally 25 -> 19
2022-03-14 12:18:46,131 [grpc-default-executor-5] INFO  server.RaftServer$Division (RaftServerImpl.java:checkInconsistentAppendEntries(1322)) - omNode-1@group-523986131536: Failed appendEntries as previous log entry ((t:4, i:24)) is not found
2022-03-14 12:18:46,131 [grpc-default-executor-5] INFO  server.RaftServer$Division (RaftServerImpl.java:checkInconsistentAppendEntries(1288)) - omNode-1@group-523986131536: inconsistency entries. Reply:omNode-2<-omNode-1#4787:FAIL-t4,INCONSISTENCY,nextIndex=19,followerCommit=18
2022-03-14 12:18:46,131 [grpc-default-executor-5] INFO  leader.FollowerInfo (FollowerInfoImpl.java:lambda$new$0(47)) - omNode-2@group-523986131536->omNode-1: nextIndex: updateUnconditionally 25 -> 19
2022-03-14 12:18:46,633 [grpc-default-executor-5] INFO  server.RaftServer$Division (RaftServerImpl.java:checkInconsistentAppendEntries(1322)) - omNode-1@group-523986131536: Failed appendEntries as previous log entry ((t:4, i:24)) is not found
2022-03-14 12:18:46,633 [grpc-default-executor-5] INFO  server.RaftServer$Division (RaftServerImpl.java:checkInconsistentAppendEntries(1288)) - omNode-1@group-523986131536: inconsistency entries. Reply:omNode-2<-omNode-1#4838:FAIL-t4,INCONSISTENCY,nextIndex=19,followerCommit=18
2022-03-14 12:18:46,633 [grpc-default-executor-5] INFO  leader.FollowerInfo (FollowerInfoImpl.java:lambda$new$0(47)) - omNode-2@group-523986131536->omNode-1: nextIndex: updateUnconditionally 25 -> 19
2022-03-14 12:18:47,134 [grpc-default-executor-5] INFO  server.RaftServer$Division (RaftServerImpl.java:checkInconsistentAppendEntries(1322)) - omNode-1@group-523986131536: Failed appendEntries as previous log entry ((t:4, i:24)) is not found
2022-03-14 12:18:47,135 [grpc-default-executor-5] INFO  server.RaftServer$Division (RaftServerImpl.java:checkInconsistentAppendEntries(1288)) - omNode-1@group-523986131536: inconsistency entries. Reply:omNode-2<-omNode-1#4889:FAIL-t4,INCONSISTENCY,nextIndex=19,followerCommit=18
2022-03-14 12:18:47,135 [grpc-default-executor-5] INFO  leader.FollowerInfo (FollowerInfoImpl.java:lambda$new$0(47)) - omNode-2@group-523986131536->omNode-1: nextIndex: updateUnconditionally 25 -> 19
2022-03-14 12:18:47,636 [grpc-default-executor-5] INFO  server.RaftServer$Division (RaftServerImpl.java:checkInconsistentAppendEntries(1322)) - omNode-1@group-523986131536: Failed appendEntries as previous log entry ((t:4, i:24)) is not found
2022-03-14 12:18:47,636 [grpc-default-executor-5] INFO  server.RaftServer$Division (RaftServerImpl.java:checkInconsistentAppendEntries(1288)) - omNode-1@group-523986131536: inconsistency entries. Reply:omNode-2<-omNode-1#4940:FAIL-t4,INCONSISTENCY,nextIndex=19,followerCommit=18
2022-03-14 12:18:47,636 [grpc-default-executor-5] INFO  leader.FollowerInfo (FollowerInfoImpl.java:lambda$new$0(47)) - omNode-2@group-523986131536->omNode-1: nextIndex: updateUnconditionally 25 -> 19
2022-03-14 12:18:48,137 [grpc-default-executor-5] INFO  server.RaftServer$Division (RaftServerImpl.java:checkInconsistentAppendEntries(1322)) - omNode-1@group-523986131536: Failed appendEntries as previous log entry ((t:4, i:24)) is not found
2022-03-14 12:18:48,138 [grpc-default-executor-5] INFO  server.RaftServer$Division (RaftServerImpl.java:checkInconsistentAppendEntries(1288)) - omNode-1@group-523986131536: inconsistency entries. Reply:omNode-2<-omNode-1#4991:FAIL-t4,INCONSISTENCY,nextIndex=19,followerCommit=18
2022-03-14 12:18:48,138 [grpc-default-executor-5] INFO  leader.FollowerInfo (FollowerInfoImpl.java:lambda$new$0(47)) - omNode-2@group-523986131536->omNode-1: nextIndex: updateUnconditionally 25 -> 19
2022-03-14 12:18:48,641 [grpc-default-executor-1] INFO  server.RaftServer$Division (RaftServerImpl.java:checkInconsistentAppendEntries(1322)) - omNode-1@group-523986131536: Failed appendEntries as previous log entry ((t:4, i:24)) is not found
2022-03-14 12:18:48,641 [grpc-default-executor-1] INFO  server.RaftServer$Division (RaftServerImpl.java:checkInconsistentAppendEntries(1288)) - omNode-1@group-523986131536: inconsistency entries. Reply:omNode-2<-omNode-1#5042:FAIL-t4,INCONSISTENCY,nextIndex=19,followerCommit=18
2022-03-14 12:18:48,641 [grpc-default-executor-1] INFO  leader.FollowerInfo (FollowerInfoImpl.java:lambda$new$0(47)) - omNode-2@group-523986131536->omNode-1: nextIndex: updateUnconditionally 25 -> 19
2022-03-14 12:18:49,143 [grpc-default-executor-1] INFO  server.RaftServer$Division (RaftServerImpl.java:checkInconsistentAppendEntries(1322)) - omNode-1@group-523986131536: Failed appendEntries as previous log entry ((t:4, i:24)) is not found
2022-03-14 12:18:49,143 [grpc-default-executor-1] INFO  server.RaftServer$Division (RaftServerImpl.java:checkInconsistentAppendEntries(1288)) - omNode-1@group-523986131536: inconsistency entries. Reply:omNode-2<-omNode-1#5093:FAIL-t4,INCONSISTENCY,nextIndex=19,followerCommit=18
2022-03-14 12:18:49,143 [grpc-default-executor-1] INFO  leader.FollowerInfo (FollowerInfoImpl.java:lambda$new$0(47)) - omNode-2@group-523986131536->omNode-1: nextIndex: updateUnconditionally 25 -> 19
2022-03-14 12:18:49,645 [grpc-default-executor-1] INFO  server.RaftServer$Division (RaftServerImpl.java:checkInconsistentAppendEntries(1322)) - omNode-1@group-523986131536: Failed appendEntries as previous log entry ((t:4, i:24)) is not found
2022-03-14 12:18:49,645 [grpc-default-executor-1] INFO  server.RaftServer$Division (RaftServerImpl.java:checkInconsistentAppendEntries(1288)) - omNode-1@group-523986131536: inconsistency entries. Reply:omNode-2<-omNode-1#5144:FAIL-t4,INCONSISTENCY,nextIndex=19,followerCommit=18
2022-03-14 12:18:49,645 [grpc-default-executor-1] INFO  leader.FollowerInfo (FollowerInfoImpl.java:lambda$new$0(47)) - omNode-2@group-523986131536->omNode-1: nextIndex: updateUnconditionally 25 -> 19
2022-03-14 12:18:50,147 [grpc-default-executor-1] INFO  server.RaftServer$Division (RaftServerImpl.java:checkInconsistentAppendEntries(1322)) - omNode-1@group-523986131536: Failed appendEntries as previous log entry ((t:4, i:24)) is not found
2022-03-14 12:18:50,147 [grpc-default-executor-1] INFO  server.RaftServer$Division (RaftServerImpl.java:checkInconsistentAppendEntries(1288)) - omNode-1@group-523986131536: inconsistency entries. Reply:omNode-2<-omNode-1#5195:FAIL-t4,INCONSISTENCY,nextIndex=19,followerCommit=18
2022-03-14 12:18:50,148 [grpc-default-executor-1] INFO  leader.FollowerInfo (FollowerInfoImpl.java:lambda$new$0(47)) - omNode-2@group-523986131536->omNode-1: nextIndex: updateUnconditionally 25 -> 19
2022-03-14 12:18:50,649 [grpc-default-executor-1] INFO  server.RaftServer$Division (RaftServerImpl.java:checkInconsistentAppendEntries(1322)) - omNode-1@group-523986131536: Failed appendEntries as previous log entry ((t:4, i:24)) is not found
2022-03-14 12:18:50,649 [grpc-default-executor-1] INFO  server.RaftServer$Division (RaftServerImpl.java:checkInconsistentAppendEntries(1288)) - omNode-1@group-523986131536: inconsistency entries. Reply:omNode-2<-omNode-1#5246:FAIL-t4,INCONSISTENCY,nextIndex=19,followerCommit=18
2022-03-14 12:18:50,650 [grpc-default-executor-1] INFO  leader.FollowerInfo (FollowerInfoImpl.java:lambda$new$0(47)) - omNode-2@group-523986131536->omNode-1: nextIndex: updateUnconditionally 25 -> 19
2022-03-14 12:18:51,151 [grpc-default-executor-1] INFO  server.RaftServer$Division (RaftServerImpl.java:checkInconsistentAppendEntries(1322)) - omNode-1@group-523986131536: Failed appendEntries as previous log entry ((t:4, i:24)) is not found
2022-03-14 12:18:51,151 [grpc-default-executor-1] INFO  server.RaftServer$Division (RaftServerImpl.java:checkInconsistentAppendEntries(1288)) - omNode-1@group-523986131536: inconsistency entries. Reply:omNode-2<-omNode-1#5297:FAIL-t4,INCONSISTENCY,nextIndex=19,followerCommit=18
2022-03-14 12:18:51,151 [grpc-default-executor-1] INFO  leader.FollowerInfo (FollowerInfoImpl.java:lambda$new$0(47)) - omNode-2@group-523986131536->omNode-1: nextIndex: updateUnconditionally 25 -> 19
2022-03-14 12:18:51,653 [grpc-default-executor-1] INFO  server.RaftServer$Division (RaftServerImpl.java:checkInconsistentAppendEntries(1322)) - omNode-1@group-523986131536: Failed appendEntries as previous log entry ((t:4, i:24)) is not found
2022-03-14 12:18:51,653 [grpc-default-executor-1] INFO  server.RaftServer$Division (RaftServerImpl.java:checkInconsistentAppendEntries(1288)) - omNode-1@group-523986131536: inconsistency entries. Reply:omNode-2<-omNode-1#5348:FAIL-t4,INCONSISTENCY,nextIndex=19,followerCommit=18
2022-03-14 12:18:51,653 [grpc-default-executor-1] INFO  leader.FollowerInfo (FollowerInfoImpl.java:lambda$new$0(47)) - omNode-2@group-523986131536->omNode-1: nextIndex: updateUnconditionally 25 -> 19
2022-03-14 12:18:52,154 [grpc-default-executor-1] INFO  server.RaftServer$Division (RaftServerImpl.java:checkInconsistentAppendEntries(1322)) - omNode-1@group-523986131536: Failed appendEntries as previous log entry ((t:4, i:24)) is not found
2022-03-14 12:18:52,154 [grpc-default-executor-1] INFO  server.RaftServer$Division (RaftServerImpl.java:checkInconsistentAppendEntries(1288)) - omNode-1@group-523986131536: inconsistency entries. Reply:omNode-2<-omNode-1#5399:FAIL-t4,INCONSISTENCY,nextIndex=19,followerCommit=18
2022-03-14 12:18:52,155 [grpc-default-executor-1] INFO  leader.FollowerInfo (FollowerInfoImpl.java:lambda$new$0(47)) - omNode-2@group-523986131536->omNode-1: nextIndex: updateUnconditionally 25 -> 19
2022-03-14 12:18:52,656 [grpc-default-executor-1] INFO  server.RaftServer$Division (RaftServerImpl.java:checkInconsistentAppendEntries(1322)) - omNode-1@group-523986131536: Failed appendEntries as previous log entry ((t:4, i:24)) is not found
2022-03-14 12:18:52,656 [grpc-default-executor-1] INFO  server.RaftServer$Division (RaftServerImpl.java:checkInconsistentAppendEntries(1288)) - omNode-1@group-523986131536: inconsistency entries. Reply:omNode-2<-omNode-1#5450:FAIL-t4,INCONSISTENCY,nextIndex=19,followerCommit=18
2022-03-14 12:18:52,657 [grpc-default-executor-1] INFO  leader.FollowerInfo (FollowerInfoImpl.java:lambda$new$0(47)) - omNode-2@group-523986131536->omNode-1: nextIndex: updateUnconditionally 25 -> 19
2022-03-14 12:18:53,158 [grpc-default-executor-1] INFO  server.RaftServer$Division (RaftServerImpl.java:checkInconsistentAppendEntries(1322)) - omNode-1@group-523986131536: Failed appendEntries as previous log entry ((t:4, i:24)) is not found
2022-03-14 12:18:53,158 [grpc-default-executor-1] INFO  server.RaftServer$Division (RaftServerImpl.java:checkInconsistentAppendEntries(1288)) - omNode-1@group-523986131536: inconsistency entries. Reply:omNode-2<-omNode-1#5501:FAIL-t4,INCONSISTENCY,nextIndex=19,followerCommit=18
2022-03-14 12:18:53,158 [grpc-default-executor-1] INFO  leader.FollowerInfo (FollowerInfoImpl.java:lambda$new$0(47)) - omNode-2@group-523986131536->omNode-1: nextIndex: updateUnconditionally 25 -> 19
2022-03-14 12:18:53,659 [grpc-default-executor-1] INFO  server.RaftServer$Division (RaftServerImpl.java:checkInconsistentAppendEntries(1322)) - omNode-1@group-523986131536: Failed appendEntries as previous log entry ((t:4, i:24)) is not found
2022-03-14 12:18:53,659 [grpc-default-executor-1] INFO  server.RaftServer$Division (RaftServerImpl.java:checkInconsistentAppendEntries(1288)) - omNode-1@group-523986131536: inconsistency entries. Reply:omNode-2<-omNode-1#5552:FAIL-t4,INCONSISTENCY,nextIndex=19,followerCommit=18
2022-03-14 12:18:53,660 [grpc-default-executor-1] INFO  leader.FollowerInfo (FollowerInfoImpl.java:lambda$new$0(47)) - omNode-2@group-523986131536->omNode-1: nextIndex: updateUnconditionally 25 -> 19
2022-03-14 12:18:54,161 [grpc-default-executor-1] INFO  server.RaftServer$Division (RaftServerImpl.java:checkInconsistentAppendEntries(1322)) - omNode-1@group-523986131536: Failed appendEntries as previous log entry ((t:4, i:24)) is not found
2022-03-14 12:18:54,162 [grpc-default-executor-1] INFO  server.RaftServer$Division (RaftServerImpl.java:checkInconsistentAppendEntries(1288)) - omNode-1@group-523986131536: inconsistency entries. Reply:omNode-2<-omNode-1#5603:FAIL-t4,INCONSISTENCY,nextIndex=19,followerCommit=18
2022-03-14 12:18:54,164 [grpc-default-executor-1] INFO  leader.FollowerInfo (FollowerInfoImpl.java:lambda$new$0(47)) - omNode-2@group-523986131536->omNode-1: nextIndex: updateUnconditionally 25 -> 19
2022-03-14 12:18:54,666 [grpc-default-executor-5] INFO  server.RaftServer$Division (RaftServerImpl.java:checkInconsistentAppendEntries(1322)) - omNode-1@group-523986131536: Failed appendEntries as previous log entry ((t:4, i:24)) is not found
2022-03-14 12:18:54,666 [grpc-default-executor-5] INFO  server.RaftServer$Division (RaftServerImpl.java:checkInconsistentAppendEntries(1288)) - omNode-1@group-523986131536: inconsistency entries. Reply:omNode-2<-omNode-1#5654:FAIL-t4,INCONSISTENCY,nextIndex=19,followerCommit=18
2022-03-14 12:18:54,666 [grpc-default-executor-5] INFO  leader.FollowerInfo (FollowerInfoImpl.java:lambda$new$0(47)) - omNode-2@group-523986131536->omNode-1: nextIndex: updateUnconditionally 25 -> 19
2022-03-14 12:18:55,168 [grpc-default-executor-5] INFO  server.RaftServer$Division (RaftServerImpl.java:checkInconsistentAppendEntries(1322)) - omNode-1@group-523986131536: Failed appendEntries as previous log entry ((t:4, i:24)) is not found
2022-03-14 12:18:55,168 [grpc-default-executor-5] INFO  server.RaftServer$Division (RaftServerImpl.java:checkInconsistentAppendEntries(1288)) - omNode-1@group-523986131536: inconsistency entries. Reply:omNode-2<-omNode-1#5705:FAIL-t4,INCONSISTENCY,nextIndex=19,followerCommit=18
2022-03-14 12:18:55,168 [grpc-default-executor-5] INFO  leader.FollowerInfo (FollowerInfoImpl.java:lambda$new$0(47)) - omNode-2@group-523986131536->omNode-1: nextIndex: updateUnconditionally 25 -> 19
2022-03-14 12:18:55,670 [grpc-default-executor-5] INFO  server.RaftServer$Division (RaftServerImpl.java:checkInconsistentAppendEntries(1322)) - omNode-1@group-523986131536: Failed appendEntries as previous log entry ((t:4, i:24)) is not found
2022-03-14 12:18:55,671 [grpc-default-executor-5] INFO  server.RaftServer$Division (RaftServerImpl.java:checkInconsistentAppendEntries(1288)) - omNode-1@group-523986131536: inconsistency entries. Reply:omNode-2<-omNode-1#5756:FAIL-t4,INCONSISTENCY,nextIndex=19,followerCommit=18
2022-03-14 12:18:55,671 [grpc-default-executor-5] INFO  leader.FollowerInfo (FollowerInfoImpl.java:lambda$new$0(47)) - omNode-2@group-523986131536->omNode-1: nextIndex: updateUnconditionally 25 -> 19
2022-03-14 12:18:56,172 [grpc-default-executor-5] INFO  server.RaftServer$Division (RaftServerImpl.java:checkInconsistentAppendEntries(1322)) - omNode-1@group-523986131536: Failed appendEntries as previous log entry ((t:4, i:24)) is not found
2022-03-14 12:18:56,172 [grpc-default-executor-5] INFO  server.RaftServer$Division (RaftServerImpl.java:checkInconsistentAppendEntries(1288)) - omNode-1@group-523986131536: inconsistency entries. Reply:omNode-2<-omNode-1#5807:FAIL-t4,INCONSISTENCY,nextIndex=19,followerCommit=18
2022-03-14 12:18:56,173 [grpc-default-executor-5] INFO  leader.FollowerInfo (FollowerInfoImpl.java:lambda$new$0(47)) - omNode-2@group-523986131536->omNode-1: nextIndex: updateUnconditionally 25 -> 19
2022-03-14 12:18:56,675 [grpc-default-executor-5] INFO  server.RaftServer$Division (RaftServerImpl.java:checkInconsistentAppendEntries(1322)) - omNode-1@group-523986131536: Failed appendEntries as previous log entry ((t:4, i:24)) is not found
2022-03-14 12:18:56,675 [grpc-default-executor-5] INFO  server.RaftServer$Division (RaftServerImpl.java:checkInconsistentAppendEntries(1288)) - omNode-1@group-523986131536: inconsistency entries. Reply:omNode-2<-omNode-1#5858:FAIL-t4,INCONSISTENCY,nextIndex=19,followerCommit=18
2022-03-14 12:18:56,675 [grpc-default-executor-5] INFO  leader.FollowerInfo (FollowerInfoImpl.java:lambda$new$0(47)) - omNode-2@group-523986131536->omNode-1: nextIndex: updateUnconditionally 25 -> 19
2022-03-14 12:18:57,177 [grpc-default-executor-5] INFO  server.RaftServer$Division (RaftServerImpl.java:checkInconsistentAppendEntries(1322)) - omNode-1@group-523986131536: Failed appendEntries as previous log entry ((t:4, i:24)) is not found
2022-03-14 12:18:57,177 [grpc-default-executor-5] INFO  server.RaftServer$Division (RaftServerImpl.java:checkInconsistentAppendEntries(1288)) - omNode-1@group-523986131536: inconsistency entries. Reply:omNode-2<-omNode-1#5909:FAIL-t4,INCONSISTENCY,nextIndex=19,followerCommit=18
2022-03-14 12:18:57,177 [grpc-default-executor-5] INFO  leader.FollowerInfo (FollowerInfoImpl.java:lambda$new$0(47)) - omNode-2@group-523986131536->omNode-1: nextIndex: updateUnconditionally 25 -> 19
2022-03-14 12:18:57,679 [grpc-default-executor-5] INFO  server.RaftServer$Division (RaftServerImpl.java:checkInconsistentAppendEntries(1322)) - omNode-1@group-523986131536: Failed appendEntries as previous log entry ((t:4, i:24)) is not found
2022-03-14 12:18:57,679 [grpc-default-executor-5] INFO  server.RaftServer$Division (RaftServerImpl.java:checkInconsistentAppendEntries(1288)) - omNode-1@group-523986131536: inconsistency entries. Reply:omNode-2<-omNode-1#5960:FAIL-t4,INCONSISTENCY,nextIndex=19,followerCommit=18
2022-03-14 12:18:57,679 [grpc-default-executor-5] INFO  leader.FollowerInfo (FollowerInfoImpl.java:lambda$new$0(47)) - omNode-2@group-523986131536->omNode-1: nextIndex: updateUnconditionally 25 -> 19
2022-03-14 12:18:58,180 [grpc-default-executor-5] INFO  server.RaftServer$Division (RaftServerImpl.java:checkInconsistentAppendEntries(1322)) - omNode-1@group-523986131536: Failed appendEntries as previous log entry ((t:4, i:24)) is not found
2022-03-14 12:18:58,181 [grpc-default-executor-5] INFO  server.RaftServer$Division (RaftServerImpl.java:checkInconsistentAppendEntries(1288)) - omNode-1@group-523986131536: inconsistency entries. Reply:omNode-2<-omNode-1#6011:FAIL-t4,INCONSISTENCY,nextIndex=19,followerCommit=18
2022-03-14 12:18:58,181 [grpc-default-executor-5] INFO  leader.FollowerInfo (FollowerInfoImpl.java:lambda$new$0(47)) - omNode-2@group-523986131536->omNode-1: nextIndex: updateUnconditionally 25 -> 19
2022-03-14 12:18:58,682 [grpc-default-executor-5] INFO  server.RaftServer$Division (RaftServerImpl.java:checkInconsistentAppendEntries(1322)) - omNode-1@group-523986131536: Failed appendEntries as previous log entry ((t:4, i:24)) is not found
2022-03-14 12:18:58,683 [grpc-default-executor-5] INFO  server.RaftServer$Division (RaftServerImpl.java:checkInconsistentAppendEntries(1288)) - omNode-1@group-523986131536: inconsistency entries. Reply:omNode-2<-omNode-1#6062:FAIL-t4,INCONSISTENCY,nextIndex=19,followerCommit=18
2022-03-14 12:18:58,683 [grpc-default-executor-5] INFO  leader.FollowerInfo (FollowerInfoImpl.java:lambda$new$0(47)) - omNode-2@group-523986131536->omNode-1: nextIndex: updateUnconditionally 25 -> 19
2022-03-14 12:18:59,184 [grpc-default-executor-5] INFO  server.RaftServer$Division (RaftServerImpl.java:checkInconsistentAppendEntries(1322)) - omNode-1@group-523986131536: Failed appendEntries as previous log entry ((t:4, i:24)) is not found
2022-03-14 12:18:59,184 [grpc-default-executor-5] INFO  server.RaftServer$Division (RaftServerImpl.java:checkInconsistentAppendEntries(1288)) - omNode-1@group-523986131536: inconsistency entries. Reply:omNode-2<-omNode-1#6113:FAIL-t4,INCONSISTENCY,nextIndex=19,followerCommit=18
2022-03-14 12:18:59,185 [grpc-default-executor-5] INFO  leader.FollowerInfo (FollowerInfoImpl.java:lambda$new$0(47)) - omNode-2@group-523986131536->omNode-1: nextIndex: updateUnconditionally 25 -> 19
2022-03-14 12:18:59,686 [grpc-default-executor-5] INFO  server.RaftServer$Division (RaftServerImpl.java:checkInconsistentAppendEntries(1322)) - omNode-1@group-523986131536: Failed appendEntries as previous log entry ((t:4, i:24)) is not found
2022-03-14 12:18:59,686 [grpc-default-executor-5] INFO  server.RaftServer$Division (RaftServerImpl.java:checkInconsistentAppendEntries(1288)) - omNode-1@group-523986131536: inconsistency entries. Reply:omNode-2<-omNode-1#6164:FAIL-t4,INCONSISTENCY,nextIndex=19,followerCommit=18
2022-03-14 12:18:59,687 [grpc-default-executor-5] INFO  leader.FollowerInfo (FollowerInfoImpl.java:lambda$new$0(47)) - omNode-2@group-523986131536->omNode-1: nextIndex: updateUnconditionally 25 -> 19
2022-03-14 12:19:00,188 [grpc-default-executor-5] INFO  server.RaftServer$Division (RaftServerImpl.java:checkInconsistentAppendEntries(1322)) - omNode-1@group-523986131536: Failed appendEntries as previous log entry ((t:4, i:24)) is not found
2022-03-14 12:19:00,189 [grpc-default-executor-5] INFO  server.RaftServer$Division (RaftServerImpl.java:checkInconsistentAppendEntries(1288)) - omNode-1@group-523986131536: inconsistency entries. Reply:omNode-2<-omNode-1#6215:FAIL-t4,INCONSISTENCY,nextIndex=19,followerCommit=18
2022-03-14 12:19:00,189 [grpc-default-executor-5] INFO  leader.FollowerInfo (FollowerInfoImpl.java:lambda$new$0(47)) - omNode-2@group-523986131536->omNode-1: nextIndex: updateUnconditionally 25 -> 19
2022-03-14 12:19:00,691 [grpc-default-executor-5] INFO  server.RaftServer$Division (RaftServerImpl.java:checkInconsistentAppendEntries(1322)) - omNode-1@group-523986131536: Failed appendEntries as previous log entry ((t:4, i:24)) is not found
2022-03-14 12:19:00,691 [grpc-default-executor-5] INFO  server.RaftServer$Division (RaftServerImpl.java:checkInconsistentAppendEntries(1288)) - omNode-1@group-523986131536: inconsistency entries. Reply:omNode-2<-omNode-1#6266:FAIL-t4,INCONSISTENCY,nextIndex=19,followerCommit=18
2022-03-14 12:19:00,691 [grpc-default-executor-5] INFO  leader.FollowerInfo (FollowerInfoImpl.java:lambda$new$0(47)) - omNode-2@group-523986131536->omNode-1: nextIndex: updateUnconditionally 25 -> 19
2022-03-14 12:19:01,192 [grpc-default-executor-5] INFO  server.RaftServer$Division (RaftServerImpl.java:checkInconsistentAppendEntries(1322)) - omNode-1@group-523986131536: Failed appendEntries as previous log entry ((t:4, i:24)) is not found
2022-03-14 12:19:01,193 [grpc-default-executor-5] INFO  server.RaftServer$Division (RaftServerImpl.java:checkInconsistentAppendEntries(1288)) - omNode-1@group-523986131536: inconsistency entries. Reply:omNode-2<-omNode-1#6317:FAIL-t4,INCONSISTENCY,nextIndex=19,followerCommit=18
2022-03-14 12:19:01,193 [grpc-default-executor-5] INFO  leader.FollowerInfo (FollowerInfoImpl.java:lambda$new$0(47)) - omNode-2@group-523986131536->omNode-1: nextIndex: updateUnconditionally 25 -> 19
2022-03-14 12:19:01,694 [grpc-default-executor-5] INFO  server.RaftServer$Division (RaftServerImpl.java:checkInconsistentAppendEntries(1322)) - omNode-1@group-523986131536: Failed appendEntries as previous log entry ((t:4, i:24)) is not found
2022-03-14 12:19:01,694 [grpc-default-executor-5] INFO  server.RaftServer$Division (RaftServerImpl.java:checkInconsistentAppendEntries(1288)) - omNode-1@group-523986131536: inconsistency entries. Reply:omNode-2<-omNode-1#6368:FAIL-t4,INCONSISTENCY,nextIndex=19,followerCommit=18
2022-03-14 12:19:01,695 [grpc-default-executor-5] INFO  leader.FollowerInfo (FollowerInfoImpl.java:lambda$new$0(47)) - omNode-2@group-523986131536->omNode-1: nextIndex: updateUnconditionally 25 -> 19
2022-03-14 12:19:02,196 [grpc-default-executor-1] INFO  server.RaftServer$Division (RaftServerImpl.java:checkInconsistentAppendEntries(1322)) - omNode-1@group-523986131536: Failed appendEntries as previous log entry ((t:4, i:24)) is not found
2022-03-14 12:19:02,196 [grpc-default-executor-1] INFO  server.RaftServer$Division (RaftServerImpl.java:checkInconsistentAppendEntries(1288)) - omNode-1@group-523986131536: inconsistency entries. Reply:omNode-2<-omNode-1#6419:FAIL-t4,INCONSISTENCY,nextIndex=19,followerCommit=18
2022-03-14 12:19:02,196 [grpc-default-executor-1] INFO  leader.FollowerInfo (FollowerInfoImpl.java:lambda$new$0(47)) - omNode-2@group-523986131536->omNode-1: nextIndex: updateUnconditionally 25 -> 19
2022-03-14 12:19:02,697 [grpc-default-executor-1] INFO  server.RaftServer$Division (RaftServerImpl.java:checkInconsistentAppendEntries(1322)) - omNode-1@group-523986131536: Failed appendEntries as previous log entry ((t:4, i:24)) is not found
2022-03-14 12:19:02,698 [grpc-default-executor-1] INFO  server.RaftServer$Division (RaftServerImpl.java:checkInconsistentAppendEntries(1288)) - omNode-1@group-523986131536: inconsistency entries. Reply:omNode-2<-omNode-1#6470:FAIL-t4,INCONSISTENCY,nextIndex=19,followerCommit=18
2022-03-14 12:19:02,698 [grpc-default-executor-1] INFO  leader.FollowerInfo (FollowerInfoImpl.java:lambda$new$0(47)) - omNode-2@group-523986131536->omNode-1: nextIndex: updateUnconditionally 25 -> 19
2022-03-14 12:19:03,200 [grpc-default-executor-1] INFO  server.RaftServer$Division (RaftServerImpl.java:checkInconsistentAppendEntries(1322)) - omNode-1@group-523986131536: Failed appendEntries as previous log entry ((t:4, i:24)) is not found
2022-03-14 12:19:03,200 [grpc-default-executor-1] INFO  server.RaftServer$Division (RaftServerImpl.java:checkInconsistentAppendEntries(1288)) - omNode-1@group-523986131536: inconsistency entries. Reply:omNode-2<-omNode-1#6521:FAIL-t4,INCONSISTENCY,nextIndex=19,followerCommit=18
2022-03-14 12:19:03,200 [grpc-default-executor-1] INFO  leader.FollowerInfo (FollowerInfoImpl.java:lambda$new$0(47)) - omNode-2@group-523986131536->omNode-1: nextIndex: updateUnconditionally 25 -> 19
2022-03-14 12:19:03,702 [grpc-default-executor-1] INFO  server.RaftServer$Division (RaftServerImpl.java:checkInconsistentAppendEntries(1322)) - omNode-1@group-523986131536: Failed appendEntries as previous log entry ((t:4, i:24)) is not found
2022-03-14 12:19:03,702 [grpc-default-executor-1] INFO  server.RaftServer$Division (RaftServerImpl.java:checkInconsistentAppendEntries(1288)) - omNode-1@group-523986131536: inconsistency entries. Reply:omNode-2<-omNode-1#6572:FAIL-t4,INCONSISTENCY,nextIndex=19,followerCommit=18
2022-03-14 12:19:03,702 [grpc-default-executor-1] INFO  leader.FollowerInfo (FollowerInfoImpl.java:lambda$new$0(47)) - omNode-2@group-523986131536->omNode-1: nextIndex: updateUnconditionally 25 -> 19
2022-03-14 12:19:04,204 [grpc-default-executor-1] INFO  server.RaftServer$Division (RaftServerImpl.java:checkInconsistentAppendEntries(1322)) - omNode-1@group-523986131536: Failed appendEntries as previous log entry ((t:4, i:24)) is not found
2022-03-14 12:19:04,204 [grpc-default-executor-1] INFO  server.RaftServer$Division (RaftServerImpl.java:checkInconsistentAppendEntries(1288)) - omNode-1@group-523986131536: inconsistency entries. Reply:omNode-2<-omNode-1#6623:FAIL-t4,INCONSISTENCY,nextIndex=19,followerCommit=18
2022-03-14 12:19:04,204 [grpc-default-executor-1] INFO  leader.FollowerInfo (FollowerInfoImpl.java:lambda$new$0(47)) - omNode-2@group-523986131536->omNode-1: nextIndex: updateUnconditionally 25 -> 19
2022-03-14 12:19:04,706 [grpc-default-executor-1] INFO  server.RaftServer$Division (RaftServerImpl.java:checkInconsistentAppendEntries(1322)) - omNode-1@group-523986131536: Failed appendEntries as previous log entry ((t:4, i:24)) is not found
2022-03-14 12:19:04,706 [grpc-default-executor-1] INFO  server.RaftServer$Division (RaftServerImpl.java:checkInconsistentAppendEntries(1288)) - omNode-1@group-523986131536: inconsistency entries. Reply:omNode-2<-omNode-1#6674:FAIL-t4,INCONSISTENCY,nextIndex=19,followerCommit=18
2022-03-14 12:19:04,706 [grpc-default-executor-1] INFO  leader.FollowerInfo (FollowerInfoImpl.java:lambda$new$0(47)) - omNode-2@group-523986131536->omNode-1: nextIndex: updateUnconditionally 25 -> 19
2022-03-14 12:19:05,207 [grpc-default-executor-1] INFO  server.RaftServer$Division (RaftServerImpl.java:checkInconsistentAppendEntries(1322)) - omNode-1@group-523986131536: Failed appendEntries as previous log entry ((t:4, i:24)) is not found
2022-03-14 12:19:05,208 [grpc-default-executor-1] INFO  server.RaftServer$Division (RaftServerImpl.java:checkInconsistentAppendEntries(1288)) - omNode-1@group-523986131536: inconsistency entries. Reply:omNode-2<-omNode-1#6725:FAIL-t4,INCONSISTENCY,nextIndex=19,followerCommit=18
2022-03-14 12:19:05,208 [grpc-default-executor-1] INFO  leader.FollowerInfo (FollowerInfoImpl.java:lambda$new$0(47)) - omNode-2@group-523986131536->omNode-1: nextIndex: updateUnconditionally 25 -> 19
2022-03-14 12:19:05,710 [grpc-default-executor-1] INFO  server.RaftServer$Division (RaftServerImpl.java:checkInconsistentAppendEntries(1322)) - omNode-1@group-523986131536: Failed appendEntries as previous log entry ((t:4, i:24)) is not found
2022-03-14 12:19:05,710 [grpc-default-executor-1] INFO  server.RaftServer$Division (RaftServerImpl.java:checkInconsistentAppendEntries(1288)) - omNode-1@group-523986131536: inconsistency entries. Reply:omNode-2<-omNode-1#6776:FAIL-t4,INCONSISTENCY,nextIndex=19,followerCommit=18
2022-03-14 12:19:05,711 [grpc-default-executor-1] INFO  leader.FollowerInfo (FollowerInfoImpl.java:lambda$new$0(47)) - omNode-2@group-523986131536->omNode-1: nextIndex: updateUnconditionally 25 -> 19
2022-03-14 12:19:06,212 [grpc-default-executor-1] INFO  server.RaftServer$Division (RaftServerImpl.java:checkInconsistentAppendEntries(1322)) - omNode-1@group-523986131536: Failed appendEntries as previous log entry ((t:4, i:24)) is not found
2022-03-14 12:19:06,213 [grpc-default-executor-1] INFO  server.RaftServer$Division (RaftServerImpl.java:checkInconsistentAppendEntries(1288)) - omNode-1@group-523986131536: inconsistency entries. Reply:omNode-2<-omNode-1#6827:FAIL-t4,INCONSISTENCY,nextIndex=19,followerCommit=18
2022-03-14 12:19:06,213 [grpc-default-executor-1] INFO  leader.FollowerInfo (FollowerInfoImpl.java:lambda$new$0(47)) - omNode-2@group-523986131536->omNode-1: nextIndex: updateUnconditionally 25 -> 19
2022-03-14 12:19:06,714 [grpc-default-executor-1] INFO  server.RaftServer$Division (RaftServerImpl.java:checkInconsistentAppendEntries(1322)) - omNode-1@group-523986131536: Failed appendEntries as previous log entry ((t:4, i:24)) is not found
2022-03-14 12:19:06,714 [grpc-default-executor-1] INFO  server.RaftServer$Division (RaftServerImpl.java:checkInconsistentAppendEntries(1288)) - omNode-1@group-523986131536: inconsistency entries. Reply:omNode-2<-omNode-1#6878:FAIL-t4,INCONSISTENCY,nextIndex=19,followerCommit=18
2022-03-14 12:19:06,715 [grpc-default-executor-1] INFO  leader.FollowerInfo (FollowerInfoImpl.java:lambda$new$0(47)) - omNode-2@group-523986131536->omNode-1: nextIndex: updateUnconditionally 25 -> 19
2022-03-14 12:19:07,216 [grpc-default-executor-5] INFO  server.RaftServer$Division (RaftServerImpl.java:checkInconsistentAppendEntries(1322)) - omNode-1@group-523986131536: Failed appendEntries as previous log entry ((t:4, i:24)) is not found
2022-03-14 12:19:07,216 [grpc-default-executor-5] INFO  server.RaftServer$Division (RaftServerImpl.java:checkInconsistentAppendEntries(1288)) - omNode-1@group-523986131536: inconsistency entries. Reply:omNode-2<-omNode-1#6929:FAIL-t4,INCONSISTENCY,nextIndex=19,followerCommit=18
2022-03-14 12:19:07,217 [grpc-default-executor-5] INFO  leader.FollowerInfo (FollowerInfoImpl.java:lambda$new$0(47)) - omNode-2@group-523986131536->omNode-1: nextIndex: updateUnconditionally 25 -> 19
2022-03-14 12:19:07,719 [grpc-default-executor-5] INFO  server.RaftServer$Division (RaftServerImpl.java:checkInconsistentAppendEntries(1322)) - omNode-1@group-523986131536: Failed appendEntries as previous log entry ((t:4, i:24)) is not found
2022-03-14 12:19:07,719 [grpc-default-executor-5] INFO  server.RaftServer$Division (RaftServerImpl.java:checkInconsistentAppendEntries(1288)) - omNode-1@group-523986131536: inconsistency entries. Reply:omNode-2<-omNode-1#6980:FAIL-t4,INCONSISTENCY,nextIndex=19,followerCommit=18
2022-03-14 12:19:07,719 [grpc-default-executor-5] INFO  leader.FollowerInfo (FollowerInfoImpl.java:lambda$new$0(47)) - omNode-2@group-523986131536->omNode-1: nextIndex: updateUnconditionally 25 -> 19
2022-03-14 12:19:08,221 [grpc-default-executor-5] INFO  server.RaftServer$Division (RaftServerImpl.java:checkInconsistentAppendEntries(1322)) - omNode-1@group-523986131536: Failed appendEntries as previous log entry ((t:4, i:24)) is not found
2022-03-14 12:19:08,221 [grpc-default-executor-5] INFO  server.RaftServer$Division (RaftServerImpl.java:checkInconsistentAppendEntries(1288)) - omNode-1@group-523986131536: inconsistency entries. Reply:omNode-2<-omNode-1#7031:FAIL-t4,INCONSISTENCY,nextIndex=19,followerCommit=18
2022-03-14 12:19:08,221 [grpc-default-executor-5] INFO  leader.FollowerInfo (FollowerInfoImpl.java:lambda$new$0(47)) - omNode-2@group-523986131536->omNode-1: nextIndex: updateUnconditionally 25 -> 19
2022-03-14 12:19:08,723 [grpc-default-executor-5] INFO  server.RaftServer$Division (RaftServerImpl.java:checkInconsistentAppendEntries(1322)) - omNode-1@group-523986131536: Failed appendEntries as previous log entry ((t:4, i:24)) is not found
2022-03-14 12:19:08,723 [grpc-default-executor-5] INFO  server.RaftServer$Division (RaftServerImpl.java:checkInconsistentAppendEntries(1288)) - omNode-1@group-523986131536: inconsistency entries. Reply:omNode-2<-omNode-1#7082:FAIL-t4,INCONSISTENCY,nextIndex=19,followerCommit=18
2022-03-14 12:19:08,723 [grpc-default-executor-5] INFO  leader.FollowerInfo (FollowerInfoImpl.java:lambda$new$0(47)) - omNode-2@group-523986131536->omNode-1: nextIndex: updateUnconditionally 25 -> 19
2022-03-14 12:19:09,224 [grpc-default-executor-5] INFO  server.RaftServer$Division (RaftServerImpl.java:checkInconsistentAppendEntries(1322)) - omNode-1@group-523986131536: Failed appendEntries as previous log entry ((t:4, i:24)) is not found
2022-03-14 12:19:09,225 [grpc-default-executor-5] INFO  server.RaftServer$Division (RaftServerImpl.java:checkInconsistentAppendEntries(1288)) - omNode-1@group-523986131536: inconsistency entries. Reply:omNode-2<-omNode-1#7133:FAIL-t4,INCONSISTENCY,nextIndex=19,followerCommit=18
2022-03-14 12:19:09,225 [grpc-default-executor-5] INFO  leader.FollowerInfo (FollowerInfoImpl.java:lambda$new$0(47)) - omNode-2@group-523986131536->omNode-1: nextIndex: updateUnconditionally 25 -> 19
2022-03-14 12:19:09,726 [grpc-default-executor-1] INFO  server.RaftServer$Division (RaftServerImpl.java:checkInconsistentAppendEntries(1322)) - omNode-1@group-523986131536: Failed appendEntries as previous log entry ((t:4, i:24)) is not found
2022-03-14 12:19:09,727 [grpc-default-executor-1] INFO  server.RaftServer$Division (RaftServerImpl.java:checkInconsistentAppendEntries(1288)) - omNode-1@group-523986131536: inconsistency entries. Reply:omNode-2<-omNode-1#7184:FAIL-t4,INCONSISTENCY,nextIndex=19,followerCommit=18
2022-03-14 12:19:09,727 [grpc-default-executor-1] INFO  leader.FollowerInfo (FollowerInfoImpl.java:lambda$new$0(47)) - omNode-2@group-523986131536->omNode-1: nextIndex: updateUnconditionally 25 -> 19
2022-03-14 12:19:10,228 [grpc-default-executor-1] INFO  server.RaftServer$Division (RaftServerImpl.java:checkInconsistentAppendEntries(1322)) - omNode-1@group-523986131536: Failed appendEntries as previous log entry ((t:4, i:24)) is not found
2022-03-14 12:19:10,229 [grpc-default-executor-1] INFO  server.RaftServer$Division (RaftServerImpl.java:checkInconsistentAppendEntries(1288)) - omNode-1@group-523986131536: inconsistency entries. Reply:omNode-2<-omNode-1#7235:FAIL-t4,INCONSISTENCY,nextIndex=19,followerCommit=18
2022-03-14 12:19:10,229 [grpc-default-executor-1] INFO  leader.FollowerInfo (FollowerInfoImpl.java:lambda$new$0(47)) - omNode-2@group-523986131536->omNode-1: nextIndex: updateUnconditionally 25 -> 19
2022-03-14 12:19:10,731 [grpc-default-executor-1] INFO  server.RaftServer$Division (RaftServerImpl.java:checkInconsistentAppendEntries(1322)) - omNode-1@group-523986131536: Failed appendEntries as previous log entry ((t:4, i:24)) is not found
2022-03-14 12:19:10,731 [grpc-default-executor-1] INFO  server.RaftServer$Division (RaftServerImpl.java:checkInconsistentAppendEntries(1288)) - omNode-1@group-523986131536: inconsistency entries. Reply:omNode-2<-omNode-1#7286:FAIL-t4,INCONSISTENCY,nextIndex=19,followerCommit=18
2022-03-14 12:19:10,731 [grpc-default-executor-1] INFO  leader.FollowerInfo (FollowerInfoImpl.java:lambda$new$0(47)) - omNode-2@group-523986131536->omNode-1: nextIndex: updateUnconditionally 25 -> 19
2022-03-14 12:19:11,232 [grpc-default-executor-1] INFO  server.RaftServer$Division (RaftServerImpl.java:checkInconsistentAppendEntries(1322)) - omNode-1@group-523986131536: Failed appendEntries as previous log entry ((t:4, i:24)) is not found
2022-03-14 12:19:11,233 [grpc-default-executor-1] INFO  server.RaftServer$Division (RaftServerImpl.java:checkInconsistentAppendEntries(1288)) - omNode-1@group-523986131536: inconsistency entries. Reply:omNode-2<-omNode-1#7337:FAIL-t4,INCONSISTENCY,nextIndex=19,followerCommit=18
2022-03-14 12:19:11,233 [grpc-default-executor-1] INFO  leader.FollowerInfo (FollowerInfoImpl.java:lambda$new$0(47)) - omNode-2@group-523986131536->omNode-1: nextIndex: updateUnconditionally 25 -> 19
2022-03-14 12:19:11,734 [grpc-default-executor-1] INFO  server.RaftServer$Division (RaftServerImpl.java:checkInconsistentAppendEntries(1322)) - omNode-1@group-523986131536: Failed appendEntries as previous log entry ((t:4, i:24)) is not found
2022-03-14 12:19:11,734 [grpc-default-executor-1] INFO  server.RaftServer$Division (RaftServerImpl.java:checkInconsistentAppendEntries(1288)) - omNode-1@group-523986131536: inconsistency entries. Reply:omNode-2<-omNode-1#7388:FAIL-t4,INCONSISTENCY,nextIndex=19,followerCommit=18
2022-03-14 12:19:11,734 [grpc-default-executor-1] INFO  leader.FollowerInfo (FollowerInfoImpl.java:lambda$new$0(47)) - omNode-2@group-523986131536->omNode-1: nextIndex: updateUnconditionally 25 -> 19
2022-03-14 12:19:12,236 [grpc-default-executor-1] INFO  server.RaftServer$Division (RaftServerImpl.java:checkInconsistentAppendEntries(1322)) - omNode-1@group-523986131536: Failed appendEntries as previous log entry ((t:4, i:24)) is not found
2022-03-14 12:19:12,236 [grpc-default-executor-1] INFO  server.RaftServer$Division (RaftServerImpl.java:checkInconsistentAppendEntries(1288)) - omNode-1@group-523986131536: inconsistency entries. Reply:omNode-2<-omNode-1#7439:FAIL-t4,INCONSISTENCY,nextIndex=19,followerCommit=18
2022-03-14 12:19:12,237 [grpc-default-executor-1] INFO  leader.FollowerInfo (FollowerInfoImpl.java:lambda$new$0(47)) - omNode-2@group-523986131536->omNode-1: nextIndex: updateUnconditionally 25 -> 19
2022-03-14 12:19:12,738 [grpc-default-executor-1] INFO  server.RaftServer$Division (RaftServerImpl.java:checkInconsistentAppendEntries(1322)) - omNode-1@group-523986131536: Failed appendEntries as previous log entry ((t:4, i:24)) is not found
2022-03-14 12:19:12,738 [grpc-default-executor-1] INFO  server.RaftServer$Division (RaftServerImpl.java:checkInconsistentAppendEntries(1288)) - omNode-1@group-523986131536: inconsistency entries. Reply:omNode-2<-omNode-1#7490:FAIL-t4,INCONSISTENCY,nextIndex=19,followerCommit=18
2022-03-14 12:19:12,738 [grpc-default-executor-1] INFO  leader.FollowerInfo (FollowerInfoImpl.java:lambda$new$0(47)) - omNode-2@group-523986131536->omNode-1: nextIndex: updateUnconditionally 25 -> 19
2022-03-14 12:19:13,240 [grpc-default-executor-1] INFO  server.RaftServer$Division (RaftServerImpl.java:checkInconsistentAppendEntries(1322)) - omNode-1@group-523986131536: Failed appendEntries as previous log entry ((t:4, i:24)) is not found
2022-03-14 12:19:13,241 [grpc-default-executor-1] INFO  server.RaftServer$Division (RaftServerImpl.java:checkInconsistentAppendEntries(1288)) - omNode-1@group-523986131536: inconsistency entries. Reply:omNode-2<-omNode-1#7541:FAIL-t4,INCONSISTENCY,nextIndex=19,followerCommit=18
2022-03-14 12:19:13,241 [grpc-default-executor-1] INFO  leader.FollowerInfo (FollowerInfoImpl.java:lambda$new$0(47)) - omNode-2@group-523986131536->omNode-1: nextIndex: updateUnconditionally 25 -> 19
2022-03-14 12:19:13,742 [grpc-default-executor-1] INFO  server.RaftServer$Division (RaftServerImpl.java:checkInconsistentAppendEntries(1322)) - omNode-1@group-523986131536: Failed appendEntries as previous log entry ((t:4, i:24)) is not found
2022-03-14 12:19:13,743 [grpc-default-executor-1] INFO  server.RaftServer$Division (RaftServerImpl.java:checkInconsistentAppendEntries(1288)) - omNode-1@group-523986131536: inconsistency entries. Reply:omNode-2<-omNode-1#7592:FAIL-t4,INCONSISTENCY,nextIndex=19,followerCommit=18
2022-03-14 12:19:13,743 [grpc-default-executor-1] INFO  leader.FollowerInfo (FollowerInfoImpl.java:lambda$new$0(47)) - omNode-2@group-523986131536->omNode-1: nextIndex: updateUnconditionally 25 -> 19
2022-03-14 12:19:14,244 [grpc-default-executor-1] INFO  server.RaftServer$Division (RaftServerImpl.java:checkInconsistentAppendEntries(1322)) - omNode-1@group-523986131536: Failed appendEntries as previous log entry ((t:4, i:24)) is not found
2022-03-14 12:19:14,244 [grpc-default-executor-1] INFO  server.RaftServer$Division (RaftServerImpl.java:checkInconsistentAppendEntries(1288)) - omNode-1@group-523986131536: inconsistency entries. Reply:omNode-2<-omNode-1#7643:FAIL-t4,INCONSISTENCY,nextIndex=19,followerCommit=18
2022-03-14 12:19:14,245 [grpc-default-executor-1] INFO  leader.FollowerInfo (FollowerInfoImpl.java:lambda$new$0(47)) - omNode-2@group-523986131536->omNode-1: nextIndex: updateUnconditionally 25 -> 19
2022-03-14 12:19:14,746 [grpc-default-executor-1] INFO  server.RaftServer$Division (RaftServerImpl.java:checkInconsistentAppendEntries(1322)) - omNode-1@group-523986131536: Failed appendEntries as previous log entry ((t:4, i:24)) is not found
2022-03-14 12:19:14,746 [grpc-default-executor-1] INFO  server.RaftServer$Division (RaftServerImpl.java:checkInconsistentAppendEntries(1288)) - omNode-1@group-523986131536: inconsistency entries. Reply:omNode-2<-omNode-1#7694:FAIL-t4,INCONSISTENCY,nextIndex=19,followerCommit=18
2022-03-14 12:19:14,747 [grpc-default-executor-1] INFO  leader.FollowerInfo (FollowerInfoImpl.java:lambda$new$0(47)) - omNode-2@group-523986131536->omNode-1: nextIndex: updateUnconditionally 25 -> 19
2022-03-14 12:19:15,248 [grpc-default-executor-1] INFO  server.RaftServer$Division (RaftServerImpl.java:checkInconsistentAppendEntries(1322)) - omNode-1@group-523986131536: Failed appendEntries as previous log entry ((t:4, i:24)) is not found
2022-03-14 12:19:15,248 [grpc-default-executor-1] INFO  server.RaftServer$Division (RaftServerImpl.java:checkInconsistentAppendEntries(1288)) - omNode-1@group-523986131536: inconsistency entries. Reply:omNode-2<-omNode-1#7745:FAIL-t4,INCONSISTENCY,nextIndex=19,followerCommit=18
2022-03-14 12:19:15,248 [grpc-default-executor-1] INFO  leader.FollowerInfo (FollowerInfoImpl.java:lambda$new$0(47)) - omNode-2@group-523986131536->omNode-1: nextIndex: updateUnconditionally 25 -> 19
2022-03-14 12:19:15,750 [grpc-default-executor-1] INFO  server.RaftServer$Division (RaftServerImpl.java:checkInconsistentAppendEntries(1322)) - omNode-1@group-523986131536: Failed appendEntries as previous log entry ((t:4, i:24)) is not found
2022-03-14 12:19:15,750 [grpc-default-executor-1] INFO  server.RaftServer$Division (RaftServerImpl.java:checkInconsistentAppendEntries(1288)) - omNode-1@group-523986131536: inconsistency entries. Reply:omNode-2<-omNode-1#7796:FAIL-t4,INCONSISTENCY,nextIndex=19,followerCommit=18
2022-03-14 12:19:15,751 [grpc-default-executor-1] INFO  leader.FollowerInfo (FollowerInfoImpl.java:lambda$new$0(47)) - omNode-2@group-523986131536->omNode-1: nextIndex: updateUnconditionally 25 -> 19
2022-03-14 12:19:16,252 [grpc-default-executor-1] INFO  server.RaftServer$Division (RaftServerImpl.java:checkInconsistentAppendEntries(1322)) - omNode-1@group-523986131536: Failed appendEntries as previous log entry ((t:4, i:24)) is not found
2022-03-14 12:19:16,253 [grpc-default-executor-1] INFO  server.RaftServer$Division (RaftServerImpl.java:checkInconsistentAppendEntries(1288)) - omNode-1@group-523986131536: inconsistency entries. Reply:omNode-2<-omNode-1#7846:FAIL-t4,INCONSISTENCY,nextIndex=19,followerCommit=18
2022-03-14 12:19:16,253 [grpc-default-executor-1] INFO  leader.FollowerInfo (FollowerInfoImpl.java:lambda$new$0(47)) - omNode-2@group-523986131536->omNode-1: nextIndex: updateUnconditionally 25 -> 19
2022-03-14 12:19:16,754 [grpc-default-executor-1] INFO  server.RaftServer$Division (RaftServerImpl.java:checkInconsistentAppendEntries(1322)) - omNode-1@group-523986131536: Failed appendEntries as previous log entry ((t:4, i:24)) is not found
2022-03-14 12:19:16,755 [grpc-default-executor-1] INFO  server.RaftServer$Division (RaftServerImpl.java:checkInconsistentAppendEntries(1288)) - omNode-1@group-523986131536: inconsistency entries. Reply:omNode-2<-omNode-1#7897:FAIL-t4,INCONSISTENCY,nextIndex=19,followerCommit=18
2022-03-14 12:19:16,755 [grpc-default-executor-1] INFO  leader.FollowerInfo (FollowerInfoImpl.java:lambda$new$0(47)) - omNode-2@group-523986131536->omNode-1: nextIndex: updateUnconditionally 25 -> 19
2022-03-14 12:19:17,257 [grpc-default-executor-5] INFO  server.RaftServer$Division (RaftServerImpl.java:checkInconsistentAppendEntries(1322)) - omNode-1@group-523986131536: Failed appendEntries as previous log entry ((t:4, i:24)) is not found
2022-03-14 12:19:17,257 [grpc-default-executor-5] INFO  server.RaftServer$Division (RaftServerImpl.java:checkInconsistentAppendEntries(1288)) - omNode-1@group-523986131536: inconsistency entries. Reply:omNode-2<-omNode-1#7948:FAIL-t4,INCONSISTENCY,nextIndex=19,followerCommit=18
2022-03-14 12:19:17,257 [grpc-default-executor-5] INFO  leader.FollowerInfo (FollowerInfoImpl.java:lambda$new$0(47)) - omNode-2@group-523986131536->omNode-1: nextIndex: updateUnconditionally 25 -> 19
2022-03-14 12:19:17,758 [grpc-default-executor-5] INFO  server.RaftServer$Division (RaftServerImpl.java:checkInconsistentAppendEntries(1322)) - omNode-1@group-523986131536: Failed appendEntries as previous log entry ((t:4, i:24)) is not found
2022-03-14 12:19:17,759 [grpc-default-executor-5] INFO  server.RaftServer$Division (RaftServerImpl.java:checkInconsistentAppendEntries(1288)) - omNode-1@group-523986131536: inconsistency entries. Reply:omNode-2<-omNode-1#7999:FAIL-t4,INCONSISTENCY,nextIndex=19,followerCommit=18
2022-03-14 12:19:17,759 [grpc-default-executor-5] INFO  leader.FollowerInfo (FollowerInfoImpl.java:lambda$new$0(47)) - omNode-2@group-523986131536->omNode-1: nextIndex: updateUnconditionally 25 -> 19
2022-03-14 12:19:18,261 [grpc-default-executor-5] INFO  server.RaftServer$Division (RaftServerImpl.java:checkInconsistentAppendEntries(1322)) - omNode-1@group-523986131536: Failed appendEntries as previous log entry ((t:4, i:24)) is not found
2022-03-14 12:19:18,261 [grpc-default-executor-5] INFO  server.RaftServer$Division (RaftServerImpl.java:checkInconsistentAppendEntries(1288)) - omNode-1@group-523986131536: inconsistency entries. Reply:omNode-2<-omNode-1#8050:FAIL-t4,INCONSISTENCY,nextIndex=19,followerCommit=18
2022-03-14 12:19:18,261 [grpc-default-executor-5] INFO  leader.FollowerInfo (FollowerInfoImpl.java:lambda$new$0(47)) - omNode-2@group-523986131536->omNode-1: nextIndex: updateUnconditionally 25 -> 19
2022-03-14 12:19:18,762 [grpc-default-executor-5] INFO  server.RaftServer$Division (RaftServerImpl.java:checkInconsistentAppendEntries(1322)) - omNode-1@group-523986131536: Failed appendEntries as previous log entry ((t:4, i:24)) is not found
2022-03-14 12:19:18,762 [grpc-default-executor-5] INFO  server.RaftServer$Division (RaftServerImpl.java:checkInconsistentAppendEntries(1288)) - omNode-1@group-523986131536: inconsistency entries. Reply:omNode-2<-omNode-1#8101:FAIL-t4,INCONSISTENCY,nextIndex=19,followerCommit=18
2022-03-14 12:19:18,763 [grpc-default-executor-5] INFO  leader.FollowerInfo (FollowerInfoImpl.java:lambda$new$0(47)) - omNode-2@group-523986131536->omNode-1: nextIndex: updateUnconditionally 25 -> 19
2022-03-14 12:19:19,264 [grpc-default-executor-5] INFO  server.RaftServer$Division (RaftServerImpl.java:checkInconsistentAppendEntries(1322)) - omNode-1@group-523986131536: Failed appendEntries as previous log entry ((t:4, i:24)) is not found
2022-03-14 12:19:19,264 [grpc-default-executor-5] INFO  server.RaftServer$Division (RaftServerImpl.java:checkInconsistentAppendEntries(1288)) - omNode-1@group-523986131536: inconsistency entries. Reply:omNode-2<-omNode-1#8152:FAIL-t4,INCONSISTENCY,nextIndex=19,followerCommit=18
2022-03-14 12:19:19,265 [grpc-default-executor-5] INFO  leader.FollowerInfo (FollowerInfoImpl.java:lambda$new$0(47)) - omNode-2@group-523986131536->omNode-1: nextIndex: updateUnconditionally 25 -> 19
2022-03-14 12:19:19,767 [grpc-default-executor-5] INFO  server.RaftServer$Division (RaftServerImpl.java:checkInconsistentAppendEntries(1322)) - omNode-1@group-523986131536: Failed appendEntries as previous log entry ((t:4, i:24)) is not found
2022-03-14 12:19:19,767 [grpc-default-executor-5] INFO  server.RaftServer$Division (RaftServerImpl.java:checkInconsistentAppendEntries(1288)) - omNode-1@group-523986131536: inconsistency entries. Reply:omNode-2<-omNode-1#8203:FAIL-t4,INCONSISTENCY,nextIndex=19,followerCommit=18
2022-03-14 12:19:19,767 [grpc-default-executor-5] INFO  leader.FollowerInfo (FollowerInfoImpl.java:lambda$new$0(47)) - omNode-2@group-523986131536->omNode-1: nextIndex: updateUnconditionally 25 -> 19
2022-03-14 12:19:20,268 [grpc-default-executor-5] INFO  server.RaftServer$Division (RaftServerImpl.java:checkInconsistentAppendEntries(1322)) - omNode-1@group-523986131536: Failed appendEntries as previous log entry ((t:4, i:24)) is not found
2022-03-14 12:19:20,269 [grpc-default-executor-5] INFO  server.RaftServer$Division (RaftServerImpl.java:checkInconsistentAppendEntries(1288)) - omNode-1@group-523986131536: inconsistency entries. Reply:omNode-2<-omNode-1#8254:FAIL-t4,INCONSISTENCY,nextIndex=19,followerCommit=18
2022-03-14 12:19:20,269 [grpc-default-executor-5] INFO  leader.FollowerInfo (FollowerInfoImpl.java:lambda$new$0(47)) - omNode-2@group-523986131536->omNode-1: nextIndex: updateUnconditionally 25 -> 19
2022-03-14 12:19:20,770 [grpc-default-executor-5] INFO  server.RaftServer$Division (RaftServerImpl.java:checkInconsistentAppendEntries(1322)) - omNode-1@group-523986131536: Failed appendEntries as previous log entry ((t:4, i:24)) is not found
2022-03-14 12:19:20,770 [grpc-default-executor-5] INFO  server.RaftServer$Division (RaftServerImpl.java:checkInconsistentAppendEntries(1288)) - omNode-1@group-523986131536: inconsistency entries. Reply:omNode-2<-omNode-1#8305:FAIL-t4,INCONSISTENCY,nextIndex=19,followerCommit=18
2022-03-14 12:19:20,771 [grpc-default-executor-5] INFO  leader.FollowerInfo (FollowerInfoImpl.java:lambda$new$0(47)) - omNode-2@group-523986131536->omNode-1: nextIndex: updateUnconditionally 25 -> 19
2022-03-14 12:19:21,273 [grpc-default-executor-5] INFO  server.RaftServer$Division (RaftServerImpl.java:checkInconsistentAppendEntries(1322)) - omNode-1@group-523986131536: Failed appendEntries as previous log entry ((t:4, i:24)) is not found
2022-03-14 12:19:21,273 [grpc-default-executor-5] INFO  server.RaftServer$Division (RaftServerImpl.java:checkInconsistentAppendEntries(1288)) - omNode-1@group-523986131536: inconsistency entries. Reply:omNode-2<-omNode-1#8356:FAIL-t4,INCONSISTENCY,nextIndex=19,followerCommit=18
2022-03-14 12:19:21,274 [grpc-default-executor-5] INFO  leader.FollowerInfo (FollowerInfoImpl.java:lambda$new$0(47)) - omNode-2@group-523986131536->omNode-1: nextIndex: updateUnconditionally 25 -> 19
2022-03-14 12:19:21,775 [grpc-default-executor-5] INFO  server.RaftServer$Division (RaftServerImpl.java:checkInconsistentAppendEntries(1322)) - omNode-1@group-523986131536: Failed appendEntries as previous log entry ((t:4, i:24)) is not found
2022-03-14 12:19:21,775 [grpc-default-executor-5] INFO  server.RaftServer$Division (RaftServerImpl.java:checkInconsistentAppendEntries(1288)) - omNode-1@group-523986131536: inconsistency entries. Reply:omNode-2<-omNode-1#8407:FAIL-t4,INCONSISTENCY,nextIndex=19,followerCommit=18
2022-03-14 12:19:21,776 [grpc-default-executor-5] INFO  leader.FollowerInfo (FollowerInfoImpl.java:lambda$new$0(47)) - omNode-2@group-523986131536->omNode-1: nextIndex: updateUnconditionally 25 -> 19
2022-03-14 12:19:22,278 [grpc-default-executor-1] INFO  server.RaftServer$Division (RaftServerImpl.java:checkInconsistentAppendEntries(1322)) - omNode-1@group-523986131536: Failed appendEntries as previous log entry ((t:4, i:24)) is not found
2022-03-14 12:19:22,278 [grpc-default-executor-1] INFO  server.RaftServer$Division (RaftServerImpl.java:checkInconsistentAppendEntries(1288)) - omNode-1@group-523986131536: inconsistency entries. Reply:omNode-2<-omNode-1#8458:FAIL-t4,INCONSISTENCY,nextIndex=19,followerCommit=18
2022-03-14 12:19:22,278 [grpc-default-executor-1] INFO  leader.FollowerInfo (FollowerInfoImpl.java:lambda$new$0(47)) - omNode-2@group-523986131536->omNode-1: nextIndex: updateUnconditionally 25 -> 19
2022-03-14 12:19:22,780 [grpc-default-executor-5] INFO  server.RaftServer$Division (RaftServerImpl.java:checkInconsistentAppendEntries(1322)) - omNode-1@group-523986131536: Failed appendEntries as previous log entry ((t:4, i:24)) is not found
2022-03-14 12:19:22,780 [grpc-default-executor-5] INFO  server.RaftServer$Division (RaftServerImpl.java:checkInconsistentAppendEntries(1288)) - omNode-1@group-523986131536: inconsistency entries. Reply:omNode-2<-omNode-1#8509:FAIL-t4,INCONSISTENCY,nextIndex=19,followerCommit=18
2022-03-14 12:19:22,780 [grpc-default-executor-5] INFO  leader.FollowerInfo (FollowerInfoImpl.java:lambda$new$0(47)) - omNode-2@group-523986131536->omNode-1: nextIndex: updateUnconditionally 25 -> 19
2022-03-14 12:19:23,281 [grpc-default-executor-5] INFO  server.RaftServer$Division (RaftServerImpl.java:checkInconsistentAppendEntries(1322)) - omNode-1@group-523986131536: Failed appendEntries as previous log entry ((t:4, i:24)) is not found
2022-03-14 12:19:23,282 [grpc-default-executor-5] INFO  server.RaftServer$Division (RaftServerImpl.java:checkInconsistentAppendEntries(1288)) - omNode-1@group-523986131536: inconsistency entries. Reply:omNode-2<-omNode-1#8560:FAIL-t4,INCONSISTENCY,nextIndex=19,followerCommit=18
2022-03-14 12:19:23,282 [grpc-default-executor-5] INFO  leader.FollowerInfo (FollowerInfoImpl.java:lambda$new$0(47)) - omNode-2@group-523986131536->omNode-1: nextIndex: updateUnconditionally 25 -> 19
2022-03-14 12:19:23,783 [grpc-default-executor-5] INFO  server.RaftServer$Division (RaftServerImpl.java:checkInconsistentAppendEntries(1322)) - omNode-1@group-523986131536: Failed appendEntries as previous log entry ((t:4, i:24)) is not found
2022-03-14 12:19:23,783 [grpc-default-executor-5] INFO  server.RaftServer$Division (RaftServerImpl.java:checkInconsistentAppendEntries(1288)) - omNode-1@group-523986131536: inconsistency entries. Reply:omNode-2<-omNode-1#8611:FAIL-t4,INCONSISTENCY,nextIndex=19,followerCommit=18
2022-03-14 12:19:23,784 [grpc-default-executor-5] INFO  leader.FollowerInfo (FollowerInfoImpl.java:lambda$new$0(47)) - omNode-2@group-523986131536->omNode-1: nextIndex: updateUnconditionally 25 -> 19
2022-03-14 12:19:24,285 [grpc-default-executor-5] INFO  server.RaftServer$Division (RaftServerImpl.java:checkInconsistentAppendEntries(1322)) - omNode-1@group-523986131536: Failed appendEntries as previous log entry ((t:4, i:24)) is not found
2022-03-14 12:19:24,286 [grpc-default-executor-5] INFO  server.RaftServer$Division (RaftServerImpl.java:checkInconsistentAppendEntries(1288)) - omNode-1@group-523986131536: inconsistency entries. Reply:omNode-2<-omNode-1#8662:FAIL-t4,INCONSISTENCY,nextIndex=19,followerCommit=18
2022-03-14 12:19:24,286 [grpc-default-executor-5] INFO  leader.FollowerInfo (FollowerInfoImpl.java:lambda$new$0(47)) - omNode-2@group-523986131536->omNode-1: nextIndex: updateUnconditionally 25 -> 19
2022-03-14 12:19:24,787 [grpc-default-executor-5] INFO  server.RaftServer$Division (RaftServerImpl.java:checkInconsistentAppendEntries(1322)) - omNode-1@group-523986131536: Failed appendEntries as previous log entry ((t:4, i:24)) is not found
2022-03-14 12:19:24,787 [grpc-default-executor-5] INFO  server.RaftServer$Division (RaftServerImpl.java:checkInconsistentAppendEntries(1288)) - omNode-1@group-523986131536: inconsistency entries. Reply:omNode-2<-omNode-1#8713:FAIL-t4,INCONSISTENCY,nextIndex=19,followerCommit=18
2022-03-14 12:19:24,787 [grpc-default-executor-5] INFO  leader.FollowerInfo (FollowerInfoImpl.java:lambda$new$0(47)) - omNode-2@group-523986131536->omNode-1: nextIndex: updateUnconditionally 25 -> 19
2022-03-14 12:19:25,289 [grpc-default-executor-5] INFO  server.RaftServer$Division (RaftServerImpl.java:checkInconsistentAppendEntries(1322)) - omNode-1@group-523986131536: Failed appendEntries as previous log entry ((t:4, i:24)) is not found
2022-03-14 12:19:25,289 [grpc-default-executor-5] INFO  server.RaftServer$Division (RaftServerImpl.java:checkInconsistentAppendEntries(1288)) - omNode-1@group-523986131536: inconsistency entries. Reply:omNode-2<-omNode-1#8764:FAIL-t4,INCONSISTENCY,nextIndex=19,followerCommit=18
2022-03-14 12:19:25,289 [grpc-default-executor-5] INFO  leader.FollowerInfo (FollowerInfoImpl.java:lambda$new$0(47)) - omNode-2@group-523986131536->omNode-1: nextIndex: updateUnconditionally 25 -> 19
2022-03-14 12:19:25,790 [grpc-default-executor-5] INFO  server.RaftServer$Division (RaftServerImpl.java:checkInconsistentAppendEntries(1322)) - omNode-1@group-523986131536: Failed appendEntries as previous log entry ((t:4, i:24)) is not found
2022-03-14 12:19:25,790 [grpc-default-executor-5] INFO  server.RaftServer$Division (RaftServerImpl.java:checkInconsistentAppendEntries(1288)) - omNode-1@group-523986131536: inconsistency entries. Reply:omNode-2<-omNode-1#8815:FAIL-t4,INCONSISTENCY,nextIndex=19,followerCommit=18
2022-03-14 12:19:25,791 [grpc-default-executor-5] INFO  leader.FollowerInfo (FollowerInfoImpl.java:lambda$new$0(47)) - omNode-2@group-523986131536->omNode-1: nextIndex: updateUnconditionally 25 -> 19
2022-03-14 12:19:26,294 [grpc-default-executor-5] INFO  server.RaftServer$Division (RaftServerImpl.java:checkInconsistentAppendEntries(1322)) - omNode-1@group-523986131536: Failed appendEntries as previous log entry ((t:4, i:24)) is not found
2022-03-14 12:19:26,294 [grpc-default-executor-5] INFO  server.RaftServer$Division (RaftServerImpl.java:checkInconsistentAppendEntries(1288)) - omNode-1@group-523986131536: inconsistency entries. Reply:omNode-2<-omNode-1#8866:FAIL-t4,INCONSISTENCY,nextIndex=19,followerCommit=18
2022-03-14 12:19:26,294 [grpc-default-executor-5] INFO  leader.FollowerInfo (FollowerInfoImpl.java:lambda$new$0(47)) - omNode-2@group-523986131536->omNode-1: nextIndex: updateUnconditionally 25 -> 19
2022-03-14 12:19:26,795 [grpc-default-executor-5] INFO  server.RaftServer$Division (RaftServerImpl.java:checkInconsistentAppendEntries(1322)) - omNode-1@group-523986131536: Failed appendEntries as previous log entry ((t:4, i:24)) is not found
2022-03-14 12:19:26,796 [grpc-default-executor-5] INFO  server.RaftServer$Division (RaftServerImpl.java:checkInconsistentAppendEntries(1288)) - omNode-1@group-523986131536: inconsistency entries. Reply:omNode-2<-omNode-1#8917:FAIL-t4,INCONSISTENCY,nextIndex=19,followerCommit=18
2022-03-14 12:19:26,796 [grpc-default-executor-5] INFO  leader.FollowerInfo (FollowerInfoImpl.java:lambda$new$0(47)) - omNode-2@group-523986131536->omNode-1: nextIndex: updateUnconditionally 25 -> 19
2022-03-14 12:19:27,297 [grpc-default-executor-1] INFO  server.RaftServer$Division (RaftServerImpl.java:checkInconsistentAppendEntries(1322)) - omNode-1@group-523986131536: Failed appendEntries as previous log entry ((t:4, i:24)) is not found
2022-03-14 12:19:27,297 [grpc-default-executor-1] INFO  server.RaftServer$Division (RaftServerImpl.java:checkInconsistentAppendEntries(1288)) - omNode-1@group-523986131536: inconsistency entries. Reply:omNode-2<-omNode-1#8968:FAIL-t4,INCONSISTENCY,nextIndex=19,followerCommit=18
2022-03-14 12:19:27,298 [grpc-default-executor-1] INFO  leader.FollowerInfo (FollowerInfoImpl.java:lambda$new$0(47)) - omNode-2@group-523986131536->omNode-1: nextIndex: updateUnconditionally 25 -> 19
2022-03-14 12:19:27,799 [grpc-default-executor-5] INFO  server.RaftServer$Division (RaftServerImpl.java:checkInconsistentAppendEntries(1322)) - omNode-1@group-523986131536: Failed appendEntries as previous log entry ((t:4, i:24)) is not found
2022-03-14 12:19:27,799 [grpc-default-executor-5] INFO  server.RaftServer$Division (RaftServerImpl.java:checkInconsistentAppendEntries(1288)) - omNode-1@group-523986131536: inconsistency entries. Reply:omNode-2<-omNode-1#9019:FAIL-t4,INCONSISTENCY,nextIndex=19,followerCommit=18
2022-03-14 12:19:27,799 [grpc-default-executor-5] INFO  leader.FollowerInfo (FollowerInfoImpl.java:lambda$new$0(47)) - omNode-2@group-523986131536->omNode-1: nextIndex: updateUnconditionally 25 -> 19
2022-03-14 12:19:28,300 [grpc-default-executor-5] INFO  server.RaftServer$Division (RaftServerImpl.java:checkInconsistentAppendEntries(1322)) - omNode-1@group-523986131536: Failed appendEntries as previous log entry ((t:4, i:24)) is not found
2022-03-14 12:19:28,301 [grpc-default-executor-5] INFO  server.RaftServer$Division (RaftServerImpl.java:checkInconsistentAppendEntries(1288)) - omNode-1@group-523986131536: inconsistency entries. Reply:omNode-2<-omNode-1#9070:FAIL-t4,INCONSISTENCY,nextIndex=19,followerCommit=18
2022-03-14 12:19:28,301 [grpc-default-executor-5] INFO  leader.FollowerInfo (FollowerInfoImpl.java:lambda$new$0(47)) - omNode-2@group-523986131536->omNode-1: nextIndex: updateUnconditionally 25 -> 19
2022-03-14 12:19:28,802 [grpc-default-executor-5] INFO  server.RaftServer$Division (RaftServerImpl.java:checkInconsistentAppendEntries(1322)) - omNode-1@group-523986131536: Failed appendEntries as previous log entry ((t:4, i:24)) is not found
2022-03-14 12:19:28,802 [grpc-default-executor-5] INFO  server.RaftServer$Division (RaftServerImpl.java:checkInconsistentAppendEntries(1288)) - omNode-1@group-523986131536: inconsistency entries. Reply:omNode-2<-omNode-1#9121:FAIL-t4,INCONSISTENCY,nextIndex=19,followerCommit=18
2022-03-14 12:19:28,805 [grpc-default-executor-5] INFO  leader.FollowerInfo (FollowerInfoImpl.java:lambda$new$0(47)) - omNode-2@group-523986131536->omNode-1: nextIndex: updateUnconditionally 25 -> 19
2022-03-14 12:19:29,306 [grpc-default-executor-5] INFO  server.RaftServer$Division (RaftServerImpl.java:checkInconsistentAppendEntries(1322)) - omNode-1@group-523986131536: Failed appendEntries as previous log entry ((t:4, i:24)) is not found
2022-03-14 12:19:29,307 [grpc-default-executor-5] INFO  server.RaftServer$Division (RaftServerImpl.java:checkInconsistentAppendEntries(1288)) - omNode-1@group-523986131536: inconsistency entries. Reply:omNode-2<-omNode-1#9172:FAIL-t4,INCONSISTENCY,nextIndex=19,followerCommit=18
2022-03-14 12:19:29,307 [grpc-default-executor-5] INFO  leader.FollowerInfo (FollowerInfoImpl.java:lambda$new$0(47)) - omNode-2@group-523986131536->omNode-1: nextIndex: updateUnconditionally 25 -> 19
2022-03-14 12:19:29,808 [grpc-default-executor-5] INFO  server.RaftServer$Division (RaftServerImpl.java:checkInconsistentAppendEntries(1322)) - omNode-1@group-523986131536: Failed appendEntries as previous log entry ((t:4, i:24)) is not found
2022-03-14 12:19:29,808 [grpc-default-executor-5] INFO  server.RaftServer$Division (RaftServerImpl.java:checkInconsistentAppendEntries(1288)) - omNode-1@group-523986131536: inconsistency entries. Reply:omNode-2<-omNode-1#9223:FAIL-t4,INCONSISTENCY,nextIndex=19,followerCommit=18
2022-03-14 12:19:29,808 [grpc-default-executor-5] INFO  leader.FollowerInfo (FollowerInfoImpl.java:lambda$new$0(47)) - omNode-2@group-523986131536->omNode-1: nextIndex: updateUnconditionally 25 -> 19
2022-03-14 12:19:30,310 [grpc-default-executor-1] INFO  server.RaftServer$Division (RaftServerImpl.java:checkInconsistentAppendEntries(1322)) - omNode-1@group-523986131536: Failed appendEntries as previous log entry ((t:4, i:24)) is not found
2022-03-14 12:19:30,310 [grpc-default-executor-1] INFO  server.RaftServer$Division (RaftServerImpl.java:checkInconsistentAppendEntries(1288)) - omNode-1@group-523986131536: inconsistency entries. Reply:omNode-2<-omNode-1#9274:FAIL-t4,INCONSISTENCY,nextIndex=19,followerCommit=18
2022-03-14 12:19:30,311 [grpc-default-executor-1] INFO  leader.FollowerInfo (FollowerInfoImpl.java:lambda$new$0(47)) - omNode-2@group-523986131536->omNode-1: nextIndex: updateUnconditionally 25 -> 19
2022-03-14 12:19:30,812 [grpc-default-executor-1] INFO  server.RaftServer$Division (RaftServerImpl.java:checkInconsistentAppendEntries(1322)) - omNode-1@group-523986131536: Failed appendEntries as previous log entry ((t:4, i:24)) is not found
2022-03-14 12:19:30,812 [grpc-default-executor-1] INFO  server.RaftServer$Division (RaftServerImpl.java:checkInconsistentAppendEntries(1288)) - omNode-1@group-523986131536: inconsistency entries. Reply:omNode-2<-omNode-1#9325:FAIL-t4,INCONSISTENCY,nextIndex=19,followerCommit=18
2022-03-14 12:19:30,813 [grpc-default-executor-1] INFO  leader.FollowerInfo (FollowerInfoImpl.java:lambda$new$0(47)) - omNode-2@group-523986131536->omNode-1: nextIndex: updateUnconditionally 25 -> 19
2022-03-14 12:19:31,314 [grpc-default-executor-1] INFO  server.RaftServer$Division (RaftServerImpl.java:checkInconsistentAppendEntries(1322)) - omNode-1@group-523986131536: Failed appendEntries as previous log entry ((t:4, i:24)) is not found
2022-03-14 12:19:31,314 [grpc-default-executor-1] INFO  server.RaftServer$Division (RaftServerImpl.java:checkInconsistentAppendEntries(1288)) - omNode-1@group-523986131536: inconsistency entries. Reply:omNode-2<-omNode-1#9376:FAIL-t4,INCONSISTENCY,nextIndex=19,followerCommit=18
2022-03-14 12:19:31,315 [grpc-default-executor-1] INFO  leader.FollowerInfo (FollowerInfoImpl.java:lambda$new$0(47)) - omNode-2@group-523986131536->omNode-1: nextIndex: updateUnconditionally 25 -> 19
2022-03-14 12:19:31,816 [grpc-default-executor-1] INFO  server.RaftServer$Division (RaftServerImpl.java:checkInconsistentAppendEntries(1322)) - omNode-1@group-523986131536: Failed appendEntries as previous log entry ((t:4, i:24)) is not found
2022-03-14 12:19:31,816 [grpc-default-executor-1] INFO  server.RaftServer$Division (RaftServerImpl.java:checkInconsistentAppendEntries(1288)) - omNode-1@group-523986131536: inconsistency entries. Reply:omNode-2<-omNode-1#9427:FAIL-t4,INCONSISTENCY,nextIndex=19,followerCommit=18
2022-03-14 12:19:31,817 [grpc-default-executor-1] INFO  leader.FollowerInfo (FollowerInfoImpl.java:lambda$new$0(47)) - omNode-2@group-523986131536->omNode-1: nextIndex: updateUnconditionally 25 -> 19
2022-03-14 12:19:32,318 [grpc-default-executor-5] INFO  server.RaftServer$Division (RaftServerImpl.java:checkInconsistentAppendEntries(1322)) - omNode-1@group-523986131536: Failed appendEntries as previous log entry ((t:4, i:24)) is not found
2022-03-14 12:19:32,319 [grpc-default-executor-5] INFO  server.RaftServer$Division (RaftServerImpl.java:checkInconsistentAppendEntries(1288)) - omNode-1@group-523986131536: inconsistency entries. Reply:omNode-2<-omNode-1#9478:FAIL-t4,INCONSISTENCY,nextIndex=19,followerCommit=18
2022-03-14 12:19:32,319 [grpc-default-executor-5] INFO  leader.FollowerInfo (FollowerInfoImpl.java:lambda$new$0(47)) - omNode-2@group-523986131536->omNode-1: nextIndex: updateUnconditionally 25 -> 19
2022-03-14 12:19:32,821 [grpc-default-executor-1] INFO  server.RaftServer$Division (RaftServerImpl.java:checkInconsistentAppendEntries(1322)) - omNode-1@group-523986131536: Failed appendEntries as previous log entry ((t:4, i:24)) is not found
2022-03-14 12:19:32,821 [grpc-default-executor-1] INFO  server.RaftServer$Division (RaftServerImpl.java:checkInconsistentAppendEntries(1288)) - omNode-1@group-523986131536: inconsistency entries. Reply:omNode-2<-omNode-1#9529:FAIL-t4,INCONSISTENCY,nextIndex=19,followerCommit=18
2022-03-14 12:19:32,821 [grpc-default-executor-1] INFO  leader.FollowerInfo (FollowerInfoImpl.java:lambda$new$0(47)) - omNode-2@group-523986131536->omNode-1: nextIndex: updateUnconditionally 25 -> 19
2022-03-14 12:19:33,323 [grpc-default-executor-1] INFO  server.RaftServer$Division (RaftServerImpl.java:checkInconsistentAppendEntries(1322)) - omNode-1@group-523986131536: Failed appendEntries as previous log entry ((t:4, i:24)) is not found
2022-03-14 12:19:33,323 [grpc-default-executor-1] INFO  server.RaftServer$Division (RaftServerImpl.java:checkInconsistentAppendEntries(1288)) - omNode-1@group-523986131536: inconsistency entries. Reply:omNode-2<-omNode-1#9580:FAIL-t4,INCONSISTENCY,nextIndex=19,followerCommit=18
2022-03-14 12:19:33,323 [grpc-default-executor-1] INFO  leader.FollowerInfo (FollowerInfoImpl.java:lambda$new$0(47)) - omNode-2@group-523986131536->omNode-1: nextIndex: updateUnconditionally 25 -> 19
2022-03-14 12:19:33,824 [grpc-default-executor-1] INFO  server.RaftServer$Division (RaftServerImpl.java:checkInconsistentAppendEntries(1322)) - omNode-1@group-523986131536: Failed appendEntries as previous log entry ((t:4, i:24)) is not found
2022-03-14 12:19:33,825 [grpc-default-executor-1] INFO  server.RaftServer$Division (RaftServerImpl.java:checkInconsistentAppendEntries(1288)) - omNode-1@group-523986131536: inconsistency entries. Reply:omNode-2<-omNode-1#9631:FAIL-t4,INCONSISTENCY,nextIndex=19,followerCommit=18
2022-03-14 12:19:33,825 [grpc-default-executor-1] INFO  leader.FollowerInfo (FollowerInfoImpl.java:lambda$new$0(47)) - omNode-2@group-523986131536->omNode-1: nextIndex: updateUnconditionally 25 -> 19
2022-03-14 12:19:34,326 [grpc-default-executor-1] INFO  server.RaftServer$Division (RaftServerImpl.java:checkInconsistentAppendEntries(1322)) - omNode-1@group-523986131536: Failed appendEntries as previous log entry ((t:4, i:24)) is not found
2022-03-14 12:19:34,326 [grpc-default-executor-1] INFO  server.RaftServer$Division (RaftServerImpl.java:checkInconsistentAppendEntries(1288)) - omNode-1@group-523986131536: inconsistency entries. Reply:omNode-2<-omNode-1#9682:FAIL-t4,INCONSISTENCY,nextIndex=19,followerCommit=18
2022-03-14 12:19:34,327 [grpc-default-executor-1] INFO  leader.FollowerInfo (FollowerInfoImpl.java:lambda$new$0(47)) - omNode-2@group-523986131536->omNode-1: nextIndex: updateUnconditionally 25 -> 19
2022-03-14 12:19:34,828 [grpc-default-executor-5] INFO  server.RaftServer$Division (RaftServerImpl.java:checkInconsistentAppendEntries(1322)) - omNode-1@group-523986131536: Failed appendEntries as previous log entry ((t:4, i:24)) is not found
2022-03-14 12:19:34,828 [grpc-default-executor-5] INFO  server.RaftServer$Division (RaftServerImpl.java:checkInconsistentAppendEntries(1288)) - omNode-1@group-523986131536: inconsistency entries. Reply:omNode-2<-omNode-1#9733:FAIL-t4,INCONSISTENCY,nextIndex=19,followerCommit=18
2022-03-14 12:19:34,828 [grpc-default-executor-5] INFO  leader.FollowerInfo (FollowerInfoImpl.java:lambda$new$0(47)) - omNode-2@group-523986131536->omNode-1: nextIndex: updateUnconditionally 25 -> 19
2022-03-14 12:19:35,330 [grpc-default-executor-5] INFO  server.RaftServer$Division (RaftServerImpl.java:checkInconsistentAppendEntries(1322)) - omNode-1@group-523986131536: Failed appendEntries as previous log entry ((t:4, i:24)) is not found
2022-03-14 12:19:35,330 [grpc-default-executor-5] INFO  server.RaftServer$Division (RaftServerImpl.java:checkInconsistentAppendEntries(1288)) - omNode-1@group-523986131536: inconsistency entries. Reply:omNode-2<-omNode-1#9784:FAIL-t4,INCONSISTENCY,nextIndex=19,followerCommit=18
2022-03-14 12:19:35,331 [grpc-default-executor-5] INFO  leader.FollowerInfo (FollowerInfoImpl.java:lambda$new$0(47)) - omNode-2@group-523986131536->omNode-1: nextIndex: updateUnconditionally 25 -> 19
2022-03-14 12:19:35,832 [grpc-default-executor-5] INFO  server.RaftServer$Division (RaftServerImpl.java:checkInconsistentAppendEntries(1322)) - omNode-1@group-523986131536: Failed appendEntries as previous log entry ((t:4, i:24)) is not found
2022-03-14 12:19:35,832 [grpc-default-executor-5] INFO  server.RaftServer$Division (RaftServerImpl.java:checkInconsistentAppendEntries(1288)) - omNode-1@group-523986131536: inconsistency entries. Reply:omNode-2<-omNode-1#9835:FAIL-t4,INCONSISTENCY,nextIndex=19,followerCommit=18
2022-03-14 12:19:35,833 [grpc-default-executor-5] INFO  leader.FollowerInfo (FollowerInfoImpl.java:lambda$new$0(47)) - omNode-2@group-523986131536->omNode-1: nextIndex: updateUnconditionally 25 -> 19
2022-03-14 12:19:36,334 [grpc-default-executor-5] INFO  server.RaftServer$Division (RaftServerImpl.java:checkInconsistentAppendEntries(1322)) - omNode-1@group-523986131536: Failed appendEntries as previous log entry ((t:4, i:24)) is not found
2022-03-14 12:19:36,334 [grpc-default-executor-5] INFO  server.RaftServer$Division (RaftServerImpl.java:checkInconsistentAppendEntries(1288)) - omNode-1@group-523986131536: inconsistency entries. Reply:omNode-2<-omNode-1#9886:FAIL-t4,INCONSISTENCY,nextIndex=19,followerCommit=18
2022-03-14 12:19:36,335 [grpc-default-executor-5] INFO  leader.FollowerInfo (FollowerInfoImpl.java:lambda$new$0(47)) - omNode-2@group-523986131536->omNode-1: nextIndex: updateUnconditionally 25 -> 19
2022-03-14 12:19:36,836 [grpc-default-executor-5] INFO  server.RaftServer$Division (RaftServerImpl.java:checkInconsistentAppendEntries(1322)) - omNode-1@group-523986131536: Failed appendEntries as previous log entry ((t:4, i:24)) is not found
2022-03-14 12:19:36,837 [grpc-default-executor-5] INFO  server.RaftServer$Division (RaftServerImpl.java:checkInconsistentAppendEntries(1288)) - omNode-1@group-523986131536: inconsistency entries. Reply:omNode-2<-omNode-1#9937:FAIL-t4,INCONSISTENCY,nextIndex=19,followerCommit=18
2022-03-14 12:19:36,837 [grpc-default-executor-5] INFO  leader.FollowerInfo (FollowerInfoImpl.java:lambda$new$0(47)) - omNode-2@group-523986131536->omNode-1: nextIndex: updateUnconditionally 25 -> 19
2022-03-14 12:19:37,339 [grpc-default-executor-5] INFO  server.RaftServer$Division (RaftServerImpl.java:checkInconsistentAppendEntries(1322)) - omNode-1@group-523986131536: Failed appendEntries as previous log entry ((t:4, i:24)) is not found
2022-03-14 12:19:37,339 [grpc-default-executor-5] INFO  server.RaftServer$Division (RaftServerImpl.java:checkInconsistentAppendEntries(1288)) - omNode-1@group-523986131536: inconsistency entries. Reply:omNode-2<-omNode-1#9988:FAIL-t4,INCONSISTENCY,nextIndex=19,followerCommit=18
2022-03-14 12:19:37,340 [grpc-default-executor-5] INFO  leader.FollowerInfo (FollowerInfoImpl.java:lambda$new$0(47)) - omNode-2@group-523986131536->omNode-1: nextIndex: updateUnconditionally 25 -> 19
2022-03-14 12:19:37,841 [grpc-default-executor-1] INFO  server.RaftServer$Division (RaftServerImpl.java:checkInconsistentAppendEntries(1322)) - omNode-1@group-523986131536: Failed appendEntries as previous log entry ((t:4, i:24)) is not found
2022-03-14 12:19:37,841 [grpc-default-executor-1] INFO  server.RaftServer$Division (RaftServerImpl.java:checkInconsistentAppendEntries(1288)) - omNode-1@group-523986131536: inconsistency entries. Reply:omNode-2<-omNode-1#10039:FAIL-t4,INCONSISTENCY,nextIndex=19,followerCommit=18
2022-03-14 12:19:37,841 [grpc-default-executor-1] INFO  leader.FollowerInfo (FollowerInfoImpl.java:lambda$new$0(47)) - omNode-2@group-523986131536->omNode-1: nextIndex: updateUnconditionally 25 -> 19
2022-03-14 12:19:38,343 [grpc-default-executor-1] INFO  server.RaftServer$Division (RaftServerImpl.java:checkInconsistentAppendEntries(1322)) - omNode-1@group-523986131536: Failed appendEntries as previous log entry ((t:4, i:24)) is not found
2022-03-14 12:19:38,343 [grpc-default-executor-1] INFO  server.RaftServer$Division (RaftServerImpl.java:checkInconsistentAppendEntries(1288)) - omNode-1@group-523986131536: inconsistency entries. Reply:omNode-2<-omNode-1#10090:FAIL-t4,INCONSISTENCY,nextIndex=19,followerCommit=18
2022-03-14 12:19:38,343 [grpc-default-executor-1] INFO  leader.FollowerInfo (FollowerInfoImpl.java:lambda$new$0(47)) - omNode-2@group-523986131536->omNode-1: nextIndex: updateUnconditionally 25 -> 19
2022-03-14 12:19:38,844 [grpc-default-executor-1] INFO  server.RaftServer$Division (RaftServerImpl.java:checkInconsistentAppendEntries(1322)) - omNode-1@group-523986131536: Failed appendEntries as previous log entry ((t:4, i:24)) is not found
2022-03-14 12:19:38,845 [grpc-default-executor-1] INFO  server.RaftServer$Division (RaftServerImpl.java:checkInconsistentAppendEntries(1288)) - omNode-1@group-523986131536: inconsistency entries. Reply:omNode-2<-omNode-1#10141:FAIL-t4,INCONSISTENCY,nextIndex=19,followerCommit=18
2022-03-14 12:19:38,845 [grpc-default-executor-1] INFO  leader.FollowerInfo (FollowerInfoImpl.java:lambda$new$0(47)) - omNode-2@group-523986131536->omNode-1: nextIndex: updateUnconditionally 25 -> 19
2022-03-14 12:19:39,346 [grpc-default-executor-1] INFO  server.RaftServer$Division (RaftServerImpl.java:checkInconsistentAppendEntries(1322)) - omNode-1@group-523986131536: Failed appendEntries as previous log entry ((t:4, i:24)) is not found
2022-03-14 12:19:39,346 [grpc-default-executor-1] INFO  server.RaftServer$Division (RaftServerImpl.java:checkInconsistentAppendEntries(1288)) - omNode-1@group-523986131536: inconsistency entries. Reply:omNode-2<-omNode-1#10192:FAIL-t4,INCONSISTENCY,nextIndex=19,followerCommit=18
2022-03-14 12:19:39,347 [grpc-default-executor-1] INFO  leader.FollowerInfo (FollowerInfoImpl.java:lambda$new$0(47)) - omNode-2@group-523986131536->omNode-1: nextIndex: updateUnconditionally 25 -> 19
2022-03-14 12:19:39,848 [grpc-default-executor-5] INFO  server.RaftServer$Division (RaftServerImpl.java:checkInconsistentAppendEntries(1322)) - omNode-1@group-523986131536: Failed appendEntries as previous log entry ((t:4, i:24)) is not found
2022-03-14 12:19:39,848 [grpc-default-executor-5] INFO  server.RaftServer$Division (RaftServerImpl.java:checkInconsistentAppendEntries(1288)) - omNode-1@group-523986131536: inconsistency entries. Reply:omNode-2<-omNode-1#10243:FAIL-t4,INCONSISTENCY,nextIndex=19,followerCommit=18
2022-03-14 12:19:39,848 [grpc-default-executor-5] INFO  leader.FollowerInfo (FollowerInfoImpl.java:lambda$new$0(47)) - omNode-2@group-523986131536->omNode-1: nextIndex: updateUnconditionally 25 -> 19
2022-03-14 12:19:40,350 [grpc-default-executor-1] INFO  server.RaftServer$Division (RaftServerImpl.java:checkInconsistentAppendEntries(1322)) - omNode-1@group-523986131536: Failed appendEntries as previous log entry ((t:4, i:24)) is not found
2022-03-14 12:19:40,350 [grpc-default-executor-1] INFO  server.RaftServer$Division (RaftServerImpl.java:checkInconsistentAppendEntries(1288)) - omNode-1@group-523986131536: inconsistency entries. Reply:omNode-2<-omNode-1#10294:FAIL-t4,INCONSISTENCY,nextIndex=19,followerCommit=18
2022-03-14 12:19:40,351 [grpc-default-executor-1] INFO  leader.FollowerInfo (FollowerInfoImpl.java:lambda$new$0(47)) - omNode-2@group-523986131536->omNode-1: nextIndex: updateUnconditionally 25 -> 19
2022-03-14 12:19:40,852 [grpc-default-executor-1] INFO  server.RaftServer$Division (RaftServerImpl.java:checkInconsistentAppendEntries(1322)) - omNode-1@group-523986131536: Failed appendEntries as previous log entry ((t:4, i:24)) is not found
2022-03-14 12:19:40,852 [grpc-default-executor-1] INFO  server.RaftServer$Division (RaftServerImpl.java:checkInconsistentAppendEntries(1288)) - omNode-1@group-523986131536: inconsistency entries. Reply:omNode-2<-omNode-1#10345:FAIL-t4,INCONSISTENCY,nextIndex=19,followerCommit=18
2022-03-14 12:19:40,853 [grpc-default-executor-1] INFO  leader.FollowerInfo (FollowerInfoImpl.java:lambda$new$0(47)) - omNode-2@group-523986131536->omNode-1: nextIndex: updateUnconditionally 25 -> 19
2022-03-14 12:19:41,354 [grpc-default-executor-1] INFO  server.RaftServer$Division (RaftServerImpl.java:checkInconsistentAppendEntries(1322)) - omNode-1@group-523986131536: Failed appendEntries as previous log entry ((t:4, i:24)) is not found
2022-03-14 12:19:41,354 [grpc-default-executor-1] INFO  server.RaftServer$Division (RaftServerImpl.java:checkInconsistentAppendEntries(1288)) - omNode-1@group-523986131536: inconsistency entries. Reply:omNode-2<-omNode-1#10396:FAIL-t4,INCONSISTENCY,nextIndex=19,followerCommit=18
2022-03-14 12:19:41,355 [grpc-default-executor-1] INFO  leader.FollowerInfo (FollowerInfoImpl.java:lambda$new$0(47)) - omNode-2@group-523986131536->omNode-1: nextIndex: updateUnconditionally 25 -> 19
2022-03-14 12:19:41,856 [grpc-default-executor-1] INFO  server.RaftServer$Division (RaftServerImpl.java:checkInconsistentAppendEntries(1322)) - omNode-1@group-523986131536: Failed appendEntries as previous log entry ((t:4, i:24)) is not found
2022-03-14 12:19:41,856 [grpc-default-executor-1] INFO  server.RaftServer$Division (RaftServerImpl.java:checkInconsistentAppendEntries(1288)) - omNode-1@group-523986131536: inconsistency entries. Reply:omNode-2<-omNode-1#10447:FAIL-t4,INCONSISTENCY,nextIndex=19,followerCommit=18
2022-03-14 12:19:41,856 [grpc-default-executor-1] INFO  leader.FollowerInfo (FollowerInfoImpl.java:lambda$new$0(47)) - omNode-2@group-523986131536->omNode-1: nextIndex: updateUnconditionally 25 -> 19
2022-03-14 12:19:42,357 [grpc-default-executor-5] INFO  server.RaftServer$Division (RaftServerImpl.java:checkInconsistentAppendEntries(1322)) - omNode-1@group-523986131536: Failed appendEntries as previous log entry ((t:4, i:24)) is not found
2022-03-14 12:19:42,358 [grpc-default-executor-5] INFO  server.RaftServer$Division (RaftServerImpl.java:checkInconsistentAppendEntries(1288)) - omNode-1@group-523986131536: inconsistency entries. Reply:omNode-2<-omNode-1#10498:FAIL-t4,INCONSISTENCY,nextIndex=19,followerCommit=18
2022-03-14 12:19:42,358 [grpc-default-executor-5] INFO  leader.FollowerInfo (FollowerInfoImpl.java:lambda$new$0(47)) - omNode-2@group-523986131536->omNode-1: nextIndex: updateUnconditionally 25 -> 19
2022-03-14 12:19:42,859 [grpc-default-executor-5] INFO  server.RaftServer$Division (RaftServerImpl.java:checkInconsistentAppendEntries(1322)) - omNode-1@group-523986131536: Failed appendEntries as previous log entry ((t:4, i:24)) is not found
2022-03-14 12:19:42,860 [grpc-default-executor-5] INFO  server.RaftServer$Division (RaftServerImpl.java:checkInconsistentAppendEntries(1288)) - omNode-1@group-523986131536: inconsistency entries. Reply:omNode-2<-omNode-1#10549:FAIL-t4,INCONSISTENCY,nextIndex=19,followerCommit=18
2022-03-14 12:19:42,860 [grpc-default-executor-5] INFO  leader.FollowerInfo (FollowerInfoImpl.java:lambda$new$0(47)) - omNode-2@group-523986131536->omNode-1: nextIndex: updateUnconditionally 25 -> 19
2022-03-14 12:19:43,362 [grpc-default-executor-5] INFO  server.RaftServer$Division (RaftServerImpl.java:checkInconsistentAppendEntries(1322)) - omNode-1@group-523986131536: Failed appendEntries as previous log entry ((t:4, i:24)) is not found
2022-03-14 12:19:43,362 [grpc-default-executor-5] INFO  server.RaftServer$Division (RaftServerImpl.java:checkInconsistentAppendEntries(1288)) - omNode-1@group-523986131536: inconsistency entries. Reply:omNode-2<-omNode-1#10600:FAIL-t4,INCONSISTENCY,nextIndex=19,followerCommit=18
2022-03-14 12:19:43,362 [grpc-default-executor-5] INFO  leader.FollowerInfo (FollowerInfoImpl.java:lambda$new$0(47)) - omNode-2@group-523986131536->omNode-1: nextIndex: updateUnconditionally 25 -> 19
2022-03-14 12:19:43,864 [grpc-default-executor-5] INFO  server.RaftServer$Division (RaftServerImpl.java:checkInconsistentAppendEntries(1322)) - omNode-1@group-523986131536: Failed appendEntries as previous log entry ((t:4, i:24)) is not found
2022-03-14 12:19:43,864 [grpc-default-executor-5] INFO  server.RaftServer$Division (RaftServerImpl.java:checkInconsistentAppendEntries(1288)) - omNode-1@group-523986131536: inconsistency entries. Reply:omNode-2<-omNode-1#10651:FAIL-t4,INCONSISTENCY,nextIndex=19,followerCommit=18
2022-03-14 12:19:43,864 [grpc-default-executor-5] INFO  leader.FollowerInfo (FollowerInfoImpl.java:lambda$new$0(47)) - omNode-2@group-523986131536->omNode-1: nextIndex: updateUnconditionally 25 -> 19
2022-03-14 12:19:44,365 [grpc-default-executor-5] INFO  server.RaftServer$Division (RaftServerImpl.java:checkInconsistentAppendEntries(1322)) - omNode-1@group-523986131536: Failed appendEntries as previous log entry ((t:4, i:24)) is not found
2022-03-14 12:19:44,366 [grpc-default-executor-5] INFO  server.RaftServer$Division (RaftServerImpl.java:checkInconsistentAppendEntries(1288)) - omNode-1@group-523986131536: inconsistency entries. Reply:omNode-2<-omNode-1#10702:FAIL-t4,INCONSISTENCY,nextIndex=19,followerCommit=18
2022-03-14 12:19:44,366 [grpc-default-executor-5] INFO  leader.FollowerInfo (FollowerInfoImpl.java:lambda$new$0(47)) - omNode-2@group-523986131536->omNode-1: nextIndex: updateUnconditionally 25 -> 19
2022-03-14 12:19:44,868 [grpc-default-executor-1] INFO  server.RaftServer$Division (RaftServerImpl.java:checkInconsistentAppendEntries(1322)) - omNode-1@group-523986131536: Failed appendEntries as previous log entry ((t:4, i:24)) is not found
2022-03-14 12:19:44,868 [grpc-default-executor-1] INFO  server.RaftServer$Division (RaftServerImpl.java:checkInconsistentAppendEntries(1288)) - omNode-1@group-523986131536: inconsistency entries. Reply:omNode-2<-omNode-1#10753:FAIL-t4,INCONSISTENCY,nextIndex=19,followerCommit=18
2022-03-14 12:19:44,868 [grpc-default-executor-1] INFO  leader.FollowerInfo (FollowerInfoImpl.java:lambda$new$0(47)) - omNode-2@group-523986131536->omNode-1: nextIndex: updateUnconditionally 25 -> 19
2022-03-14 12:19:45,369 [grpc-default-executor-1] INFO  server.RaftServer$Division (RaftServerImpl.java:checkInconsistentAppendEntries(1322)) - omNode-1@group-523986131536: Failed appendEntries as previous log entry ((t:4, i:24)) is not found
2022-03-14 12:19:45,369 [grpc-default-executor-1] INFO  server.RaftServer$Division (RaftServerImpl.java:checkInconsistentAppendEntries(1288)) - omNode-1@group-523986131536: inconsistency entries. Reply:omNode-2<-omNode-1#10804:FAIL-t4,INCONSISTENCY,nextIndex=19,followerCommit=18
2022-03-14 12:19:45,370 [grpc-default-executor-1] INFO  leader.FollowerInfo (FollowerInfoImpl.java:lambda$new$0(47)) - omNode-2@group-523986131536->omNode-1: nextIndex: updateUnconditionally 25 -> 19
2022-03-14 12:19:45,871 [grpc-default-executor-1] INFO  server.RaftServer$Division (RaftServerImpl.java:checkInconsistentAppendEntries(1322)) - omNode-1@group-523986131536: Failed appendEntries as previous log entry ((t:4, i:24)) is not found
2022-03-14 12:19:45,872 [grpc-default-executor-1] INFO  server.RaftServer$Division (RaftServerImpl.java:checkInconsistentAppendEntries(1288)) - omNode-1@group-523986131536: inconsistency entries. Reply:omNode-2<-omNode-1#10855:FAIL-t4,INCONSISTENCY,nextIndex=19,followerCommit=18
2022-03-14 12:19:45,872 [grpc-default-executor-1] INFO  leader.FollowerInfo (FollowerInfoImpl.java:lambda$new$0(47)) - omNode-2@group-523986131536->omNode-1: nextIndex: updateUnconditionally 25 -> 19
2022-03-14 12:19:46,373 [grpc-default-executor-1] INFO  server.RaftServer$Division (RaftServerImpl.java:checkInconsistentAppendEntries(1322)) - omNode-1@group-523986131536: Failed appendEntries as previous log entry ((t:4, i:24)) is not found
2022-03-14 12:19:46,373 [grpc-default-executor-1] INFO  server.RaftServer$Division (RaftServerImpl.java:checkInconsistentAppendEntries(1288)) - omNode-1@group-523986131536: inconsistency entries. Reply:omNode-2<-omNode-1#10906:FAIL-t4,INCONSISTENCY,nextIndex=19,followerCommit=18
2022-03-14 12:19:46,374 [grpc-default-executor-1] INFO  leader.FollowerInfo (FollowerInfoImpl.java:lambda$new$0(47)) - omNode-2@group-523986131536->omNode-1: nextIndex: updateUnconditionally 25 -> 19
2022-03-14 12:19:46,875 [grpc-default-executor-1] INFO  server.RaftServer$Division (RaftServerImpl.java:checkInconsistentAppendEntries(1322)) - omNode-1@group-523986131536: Failed appendEntries as previous log entry ((t:4, i:24)) is not found
2022-03-14 12:19:46,875 [grpc-default-executor-1] INFO  server.RaftServer$Division (RaftServerImpl.java:checkInconsistentAppendEntries(1288)) - omNode-1@group-523986131536: inconsistency entries. Reply:omNode-2<-omNode-1#10957:FAIL-t4,INCONSISTENCY,nextIndex=19,followerCommit=18
2022-03-14 12:19:46,875 [grpc-default-executor-1] INFO  leader.FollowerInfo (FollowerInfoImpl.java:lambda$new$0(47)) - omNode-2@group-523986131536->omNode-1: nextIndex: updateUnconditionally 25 -> 19
2022-03-14 12:19:47,376 [grpc-default-executor-5] INFO  server.RaftServer$Division (RaftServerImpl.java:checkInconsistentAppendEntries(1322)) - omNode-1@group-523986131536: Failed appendEntries as previous log entry ((t:4, i:24)) is not found
2022-03-14 12:19:47,377 [grpc-default-executor-5] INFO  server.RaftServer$Division (RaftServerImpl.java:checkInconsistentAppendEntries(1288)) - omNode-1@group-523986131536: inconsistency entries. Reply:omNode-2<-omNode-1#11008:FAIL-t4,INCONSISTENCY,nextIndex=19,followerCommit=18
2022-03-14 12:19:47,377 [grpc-default-executor-5] INFO  leader.FollowerInfo (FollowerInfoImpl.java:lambda$new$0(47)) - omNode-2@group-523986131536->omNode-1: nextIndex: updateUnconditionally 25 -> 19
2022-03-14 12:19:47,879 [grpc-default-executor-5] INFO  server.RaftServer$Division (RaftServerImpl.java:checkInconsistentAppendEntries(1322)) - omNode-1@group-523986131536: Failed appendEntries as previous log entry ((t:4, i:24)) is not found
2022-03-14 12:19:47,879 [grpc-default-executor-5] INFO  server.RaftServer$Division (RaftServerImpl.java:checkInconsistentAppendEntries(1288)) - omNode-1@group-523986131536: inconsistency entries. Reply:omNode-2<-omNode-1#11059:FAIL-t4,INCONSISTENCY,nextIndex=19,followerCommit=18
2022-03-14 12:19:47,879 [grpc-default-executor-5] INFO  leader.FollowerInfo (FollowerInfoImpl.java:lambda$new$0(47)) - omNode-2@group-523986131536->omNode-1: nextIndex: updateUnconditionally 25 -> 19
2022-03-14 12:19:48,381 [grpc-default-executor-5] INFO  server.RaftServer$Division (RaftServerImpl.java:checkInconsistentAppendEntries(1322)) - omNode-1@group-523986131536: Failed appendEntries as previous log entry ((t:4, i:24)) is not found
2022-03-14 12:19:48,381 [grpc-default-executor-5] INFO  server.RaftServer$Division (RaftServerImpl.java:checkInconsistentAppendEntries(1288)) - omNode-1@group-523986131536: inconsistency entries. Reply:omNode-2<-omNode-1#11110:FAIL-t4,INCONSISTENCY,nextIndex=19,followerCommit=18
2022-03-14 12:19:48,381 [grpc-default-executor-5] INFO  leader.FollowerInfo (FollowerInfoImpl.java:lambda$new$0(47)) - omNode-2@group-523986131536->omNode-1: nextIndex: updateUnconditionally 25 -> 19
2022-03-14 12:19:48,883 [grpc-default-executor-5] INFO  server.RaftServer$Division (RaftServerImpl.java:checkInconsistentAppendEntries(1322)) - omNode-1@group-523986131536: Failed appendEntries as previous log entry ((t:4, i:24)) is not found
2022-03-14 12:19:48,883 [grpc-default-executor-5] INFO  server.RaftServer$Division (RaftServerImpl.java:checkInconsistentAppendEntries(1288)) - omNode-1@group-523986131536: inconsistency entries. Reply:omNode-2<-omNode-1#11161:FAIL-t4,INCONSISTENCY,nextIndex=19,followerCommit=18
2022-03-14 12:19:48,883 [grpc-default-executor-5] INFO  leader.FollowerInfo (FollowerInfoImpl.java:lambda$new$0(47)) - omNode-2@group-523986131536->omNode-1: nextIndex: updateUnconditionally 25 -> 19
2022-03-14 12:19:49,384 [grpc-default-executor-5] INFO  server.RaftServer$Division (RaftServerImpl.java:checkInconsistentAppendEntries(1322)) - omNode-1@group-523986131536: Failed appendEntries as previous log entry ((t:4, i:24)) is not found
2022-03-14 12:19:49,385 [grpc-default-executor-5] INFO  server.RaftServer$Division (RaftServerImpl.java:checkInconsistentAppendEntries(1288)) - omNode-1@group-523986131536: inconsistency entries. Reply:omNode-2<-omNode-1#11212:FAIL-t4,INCONSISTENCY,nextIndex=19,followerCommit=18
2022-03-14 12:19:49,385 [grpc-default-executor-5] INFO  leader.FollowerInfo (FollowerInfoImpl.java:lambda$new$0(47)) - omNode-2@group-523986131536->omNode-1: nextIndex: updateUnconditionally 25 -> 19
2022-03-14 12:19:49,886 [grpc-default-executor-1] INFO  server.RaftServer$Division (RaftServerImpl.java:checkInconsistentAppendEntries(1322)) - omNode-1@group-523986131536: Failed appendEntries as previous log entry ((t:4, i:24)) is not found
2022-03-14 12:19:49,886 [grpc-default-executor-1] INFO  server.RaftServer$Division (RaftServerImpl.java:checkInconsistentAppendEntries(1288)) - omNode-1@group-523986131536: inconsistency entries. Reply:omNode-2<-omNode-1#11263:FAIL-t4,INCONSISTENCY,nextIndex=19,followerCommit=18
2022-03-14 12:19:49,887 [grpc-default-executor-1] INFO  leader.FollowerInfo (FollowerInfoImpl.java:lambda$new$0(47)) - omNode-2@group-523986131536->omNode-1: nextIndex: updateUnconditionally 25 -> 19
2022-03-14 12:19:50,388 [grpc-default-executor-5] INFO  server.RaftServer$Division (RaftServerImpl.java:checkInconsistentAppendEntries(1322)) - omNode-1@group-523986131536: Failed appendEntries as previous log entry ((t:4, i:24)) is not found
2022-03-14 12:19:50,388 [grpc-default-executor-5] INFO  server.RaftServer$Division (RaftServerImpl.java:checkInconsistentAppendEntries(1288)) - omNode-1@group-523986131536: inconsistency entries. Reply:omNode-2<-omNode-1#11314:FAIL-t4,INCONSISTENCY,nextIndex=19,followerCommit=18
2022-03-14 12:19:50,389 [grpc-default-executor-5] INFO  leader.FollowerInfo (FollowerInfoImpl.java:lambda$new$0(47)) - omNode-2@group-523986131536->omNode-1: nextIndex: updateUnconditionally 25 -> 19
2022-03-14 12:19:50,890 [grpc-default-executor-5] INFO  server.RaftServer$Division (RaftServerImpl.java:checkInconsistentAppendEntries(1322)) - omNode-1@group-523986131536: Failed appendEntries as previous log entry ((t:4, i:24)) is not found
2022-03-14 12:19:50,890 [grpc-default-executor-5] INFO  server.RaftServer$Division (RaftServerImpl.java:checkInconsistentAppendEntries(1288)) - omNode-1@group-523986131536: inconsistency entries. Reply:omNode-2<-omNode-1#11365:FAIL-t4,INCONSISTENCY,nextIndex=19,followerCommit=18
2022-03-14 12:19:50,890 [grpc-default-executor-5] INFO  leader.FollowerInfo (FollowerInfoImpl.java:lambda$new$0(47)) - omNode-2@group-523986131536->omNode-1: nextIndex: updateUnconditionally 25 -> 19
2022-03-14 12:19:51,392 [grpc-default-executor-5] INFO  server.RaftServer$Division (RaftServerImpl.java:checkInconsistentAppendEntries(1322)) - omNode-1@group-523986131536: Failed appendEntries as previous log entry ((t:4, i:24)) is not found
2022-03-14 12:19:51,392 [grpc-default-executor-5] INFO  server.RaftServer$Division (RaftServerImpl.java:checkInconsistentAppendEntries(1288)) - omNode-1@group-523986131536: inconsistency entries. Reply:omNode-2<-omNode-1#11416:FAIL-t4,INCONSISTENCY,nextIndex=19,followerCommit=18
2022-03-14 12:19:51,392 [grpc-default-executor-5] INFO  leader.FollowerInfo (FollowerInfoImpl.java:lambda$new$0(47)) - omNode-2@group-523986131536->omNode-1: nextIndex: updateUnconditionally 25 -> 19
2022-03-14 12:19:51,893 [grpc-default-executor-5] INFO  server.RaftServer$Division (RaftServerImpl.java:checkInconsistentAppendEntries(1322)) - omNode-1@group-523986131536: Failed appendEntries as previous log entry ((t:4, i:24)) is not found
2022-03-14 12:19:51,894 [grpc-default-executor-5] INFO  server.RaftServer$Division (RaftServerImpl.java:checkInconsistentAppendEntries(1288)) - omNode-1@group-523986131536: inconsistency entries. Reply:omNode-2<-omNode-1#11467:FAIL-t4,INCONSISTENCY,nextIndex=19,followerCommit=18
2022-03-14 12:19:51,894 [grpc-default-executor-5] INFO  leader.FollowerInfo (FollowerInfoImpl.java:lambda$new$0(47)) - omNode-2@group-523986131536->omNode-1: nextIndex: updateUnconditionally 25 -> 19
2022-03-14 12:19:52,396 [grpc-default-executor-1] INFO  server.RaftServer$Division (RaftServerImpl.java:checkInconsistentAppendEntries(1322)) - omNode-1@group-523986131536: Failed appendEntries as previous log entry ((t:4, i:24)) is not found
2022-03-14 12:19:52,396 [grpc-default-executor-1] INFO  server.RaftServer$Division (RaftServerImpl.java:checkInconsistentAppendEntries(1288)) - omNode-1@group-523986131536: inconsistency entries. Reply:omNode-2<-omNode-1#11518:FAIL-t4,INCONSISTENCY,nextIndex=19,followerCommit=18
2022-03-14 12:19:52,397 [grpc-default-executor-1] INFO  leader.FollowerInfo (FollowerInfoImpl.java:lambda$new$0(47)) - omNode-2@group-523986131536->omNode-1: nextIndex: updateUnconditionally 25 -> 19
2022-03-14 12:19:52,898 [grpc-default-executor-1] INFO  server.RaftServer$Division (RaftServerImpl.java:checkInconsistentAppendEntries(1322)) - omNode-1@group-523986131536: Failed appendEntries as previous log entry ((t:4, i:24)) is not found
2022-03-14 12:19:52,898 [grpc-default-executor-1] INFO  server.RaftServer$Division (RaftServerImpl.java:checkInconsistentAppendEntries(1288)) - omNode-1@group-523986131536: inconsistency entries. Reply:omNode-2<-omNode-1#11569:FAIL-t4,INCONSISTENCY,nextIndex=19,followerCommit=18
2022-03-14 12:19:52,899 [grpc-default-executor-1] INFO  leader.FollowerInfo (FollowerInfoImpl.java:lambda$new$0(47)) - omNode-2@group-523986131536->omNode-1: nextIndex: updateUnconditionally 25 -> 19
2022-03-14 12:19:53,400 [grpc-default-executor-1] INFO  server.RaftServer$Division (RaftServerImpl.java:checkInconsistentAppendEntries(1322)) - omNode-1@group-523986131536: Failed appendEntries as previous log entry ((t:4, i:24)) is not found
2022-03-14 12:19:53,401 [grpc-default-executor-1] INFO  server.RaftServer$Division (RaftServerImpl.java:checkInconsistentAppendEntries(1288)) - omNode-1@group-523986131536: inconsistency entries. Reply:omNode-2<-omNode-1#11620:FAIL-t4,INCONSISTENCY,nextIndex=19,followerCommit=18
2022-03-14 12:19:53,401 [grpc-default-executor-1] INFO  leader.FollowerInfo (FollowerInfoImpl.java:lambda$new$0(47)) - omNode-2@group-523986131536->omNode-1: nextIndex: updateUnconditionally 25 -> 19
2022-03-14 12:19:53,903 [grpc-default-executor-1] INFO  server.RaftServer$Division (RaftServerImpl.java:checkInconsistentAppendEntries(1322)) - omNode-1@group-523986131536: Failed appendEntries as previous log entry ((t:4, i:24)) is not found
2022-03-14 12:19:53,903 [grpc-default-executor-1] INFO  server.RaftServer$Division (RaftServerImpl.java:checkInconsistentAppendEntries(1288)) - omNode-1@group-523986131536: inconsistency entries. Reply:omNode-2<-omNode-1#11671:FAIL-t4,INCONSISTENCY,nextIndex=19,followerCommit=18
2022-03-14 12:19:53,903 [grpc-default-executor-1] INFO  leader.FollowerInfo (FollowerInfoImpl.java:lambda$new$0(47)) - omNode-2@group-523986131536->omNode-1: nextIndex: updateUnconditionally 25 -> 19
2022-03-14 12:19:54,405 [grpc-default-executor-1] INFO  server.RaftServer$Division (RaftServerImpl.java:checkInconsistentAppendEntries(1322)) - omNode-1@group-523986131536: Failed appendEntries as previous log entry ((t:4, i:24)) is not found
2022-03-14 12:19:54,405 [grpc-default-executor-1] INFO  server.RaftServer$Division (RaftServerImpl.java:checkInconsistentAppendEntries(1288)) - omNode-1@group-523986131536: inconsistency entries. Reply:omNode-2<-omNode-1#11722:FAIL-t4,INCONSISTENCY,nextIndex=19,followerCommit=18
2022-03-14 12:19:54,405 [grpc-default-executor-1] INFO  leader.FollowerInfo (FollowerInfoImpl.java:lambda$new$0(47)) - omNode-2@group-523986131536->omNode-1: nextIndex: updateUnconditionally 25 -> 19
2022-03-14 12:19:54,906 [grpc-default-executor-5] INFO  server.RaftServer$Division (RaftServerImpl.java:checkInconsistentAppendEntries(1322)) - omNode-1@group-523986131536: Failed appendEntries as previous log entry ((t:4, i:24)) is not found
2022-03-14 12:19:54,907 [grpc-default-executor-5] INFO  server.RaftServer$Division (RaftServerImpl.java:checkInconsistentAppendEntries(1288)) - omNode-1@group-523986131536: inconsistency entries. Reply:omNode-2<-omNode-1#11773:FAIL-t4,INCONSISTENCY,nextIndex=19,followerCommit=18
2022-03-14 12:19:54,907 [grpc-default-executor-5] INFO  leader.FollowerInfo (FollowerInfoImpl.java:lambda$new$0(47)) - omNode-2@group-523986131536->omNode-1: nextIndex: updateUnconditionally 25 -> 19
2022-03-14 12:19:55,408 [grpc-default-executor-5] INFO  server.RaftServer$Division (RaftServerImpl.java:checkInconsistentAppendEntries(1322)) - omNode-1@group-523986131536: Failed appendEntries as previous log entry ((t:4, i:24)) is not found
2022-03-14 12:19:55,409 [grpc-default-executor-5] INFO  server.RaftServer$Division (RaftServerImpl.java:checkInconsistentAppendEntries(1288)) - omNode-1@group-523986131536: inconsistency entries. Reply:omNode-2<-omNode-1#11824:FAIL-t4,INCONSISTENCY,nextIndex=19,followerCommit=18
2022-03-14 12:19:55,409 [grpc-default-executor-5] INFO  leader.FollowerInfo (FollowerInfoImpl.java:lambda$new$0(47)) - omNode-2@group-523986131536->omNode-1: nextIndex: updateUnconditionally 25 -> 19
2022-03-14 12:19:55,910 [grpc-default-executor-5] INFO  server.RaftServer$Division (RaftServerImpl.java:checkInconsistentAppendEntries(1322)) - omNode-1@group-523986131536: Failed appendEntries as previous log entry ((t:4, i:24)) is not found
2022-03-14 12:19:55,911 [grpc-default-executor-5] INFO  server.RaftServer$Division (RaftServerImpl.java:checkInconsistentAppendEntries(1288)) - omNode-1@group-523986131536: inconsistency entries. Reply:omNode-2<-omNode-1#11875:FAIL-t4,INCONSISTENCY,nextIndex=19,followerCommit=18
2022-03-14 12:19:55,911 [grpc-default-executor-5] INFO  leader.FollowerInfo (FollowerInfoImpl.java:lambda$new$0(47)) - omNode-2@group-523986131536->omNode-1: nextIndex: updateUnconditionally 25 -> 19
2022-03-14 12:19:56,412 [grpc-default-executor-5] INFO  server.RaftServer$Division (RaftServerImpl.java:checkInconsistentAppendEntries(1322)) - omNode-1@group-523986131536: Failed appendEntries as previous log entry ((t:4, i:24)) is not found
2022-03-14 12:19:56,412 [grpc-default-executor-5] INFO  server.RaftServer$Division (RaftServerImpl.java:checkInconsistentAppendEntries(1288)) - omNode-1@group-523986131536: inconsistency entries. Reply:omNode-2<-omNode-1#11926:FAIL-t4,INCONSISTENCY,nextIndex=19,followerCommit=18
2022-03-14 12:19:56,413 [grpc-default-executor-5] INFO  leader.FollowerInfo (FollowerInfoImpl.java:lambda$new$0(47)) - omNode-2@group-523986131536->omNode-1: nextIndex: updateUnconditionally 25 -> 19
2022-03-14 12:19:56,914 [grpc-default-executor-5] INFO  server.RaftServer$Division (RaftServerImpl.java:checkInconsistentAppendEntries(1322)) - omNode-1@group-523986131536: Failed appendEntries as previous log entry ((t:4, i:24)) is not found
2022-03-14 12:19:56,915 [grpc-default-executor-5] INFO  server.RaftServer$Division (RaftServerImpl.java:checkInconsistentAppendEntries(1288)) - omNode-1@group-523986131536: inconsistency entries. Reply:omNode-2<-omNode-1#11977:FAIL-t4,INCONSISTENCY,nextIndex=19,followerCommit=18
2022-03-14 12:19:56,915 [grpc-default-executor-5] INFO  leader.FollowerInfo (FollowerInfoImpl.java:lambda$new$0(47)) - omNode-2@group-523986131536->omNode-1: nextIndex: updateUnconditionally 25 -> 19
2022-03-14 12:19:57,417 [grpc-default-executor-1] INFO  server.RaftServer$Division (RaftServerImpl.java:checkInconsistentAppendEntries(1322)) - omNode-1@group-523986131536: Failed appendEntries as previous log entry ((t:4, i:24)) is not found
2022-03-14 12:19:57,417 [grpc-default-executor-1] INFO  server.RaftServer$Division (RaftServerImpl.java:checkInconsistentAppendEntries(1288)) - omNode-1@group-523986131536: inconsistency entries. Reply:omNode-2<-omNode-1#12028:FAIL-t4,INCONSISTENCY,nextIndex=19,followerCommit=18
2022-03-14 12:19:57,417 [grpc-default-executor-1] INFO  leader.FollowerInfo (FollowerInfoImpl.java:lambda$new$0(47)) - omNode-2@group-523986131536->omNode-1: nextIndex: updateUnconditionally 25 -> 19
2022-03-14 12:19:57,918 [grpc-default-executor-1] INFO  server.RaftServer$Division (RaftServerImpl.java:checkInconsistentAppendEntries(1322)) - omNode-1@group-523986131536: Failed appendEntries as previous log entry ((t:4, i:24)) is not found
2022-03-14 12:19:57,918 [grpc-default-executor-1] INFO  server.RaftServer$Division (RaftServerImpl.java:checkInconsistentAppendEntries(1288)) - omNode-1@group-523986131536: inconsistency entries. Reply:omNode-2<-omNode-1#12079:FAIL-t4,INCONSISTENCY,nextIndex=19,followerCommit=18
2022-03-14 12:19:57,919 [grpc-default-executor-1] INFO  leader.FollowerInfo (FollowerInfoImpl.java:lambda$new$0(47)) - omNode-2@group-523986131536->omNode-1: nextIndex: updateUnconditionally 25 -> 19
2022-03-14 12:19:58,420 [grpc-default-executor-1] INFO  server.RaftServer$Division (RaftServerImpl.java:checkInconsistentAppendEntries(1322)) - omNode-1@group-523986131536: Failed appendEntries as previous log entry ((t:4, i:24)) is not found
2022-03-14 12:19:58,420 [grpc-default-executor-1] INFO  server.RaftServer$Division (RaftServerImpl.java:checkInconsistentAppendEntries(1288)) - omNode-1@group-523986131536: inconsistency entries. Reply:omNode-2<-omNode-1#12130:FAIL-t4,INCONSISTENCY,nextIndex=19,followerCommit=18
2022-03-14 12:19:58,421 [grpc-default-executor-1] INFO  leader.FollowerInfo (FollowerInfoImpl.java:lambda$new$0(47)) - omNode-2@group-523986131536->omNode-1: nextIndex: updateUnconditionally 25 -> 19
2022-03-14 12:19:58,922 [grpc-default-executor-1] INFO  server.RaftServer$Division (RaftServerImpl.java:checkInconsistentAppendEntries(1322)) - omNode-1@group-523986131536: Failed appendEntries as previous log entry ((t:4, i:24)) is not found
2022-03-14 12:19:58,922 [grpc-default-executor-1] INFO  server.RaftServer$Division (RaftServerImpl.java:checkInconsistentAppendEntries(1288)) - omNode-1@group-523986131536: inconsistency entries. Reply:omNode-2<-omNode-1#12181:FAIL-t4,INCONSISTENCY,nextIndex=19,followerCommit=18
2022-03-14 12:19:58,923 [grpc-default-executor-1] INFO  leader.FollowerInfo (FollowerInfoImpl.java:lambda$new$0(47)) - omNode-2@group-523986131536->omNode-1: nextIndex: updateUnconditionally 25 -> 19
2022-03-14 12:19:59,424 [grpc-default-executor-1] INFO  server.RaftServer$Division (RaftServerImpl.java:checkInconsistentAppendEntries(1322)) - omNode-1@group-523986131536: Failed appendEntries as previous log entry ((t:4, i:24)) is not found
2022-03-14 12:19:59,425 [grpc-default-executor-1] INFO  server.RaftServer$Division (RaftServerImpl.java:checkInconsistentAppendEntries(1288)) - omNode-1@group-523986131536: inconsistency entries. Reply:omNode-2<-omNode-1#12232:FAIL-t4,INCONSISTENCY,nextIndex=19,followerCommit=18
2022-03-14 12:19:59,425 [grpc-default-executor-1] INFO  leader.FollowerInfo (FollowerInfoImpl.java:lambda$new$0(47)) - omNode-2@group-523986131536->omNode-1: nextIndex: updateUnconditionally 25 -> 19
2022-03-14 12:19:59,908 [Time-limited test] INFO  om.OzoneManager (OzoneManager.java:stop(1893)) - omNode-3[localhost:38867]: Stopping Ozone Manager
2022-03-14 12:19:59,910 [Time-limited test] INFO  ipc.Server (Server.java:stop(3414)) - Stopping server on 38867
2022-03-14 12:19:59,914 [IPC Server Responder] INFO  ipc.Server (Server.java:run(1512)) - Stopping IPC Server Responder
2022-03-14 12:19:59,915 [IPC Server listener on 38867] INFO  ipc.Server (Server.java:run(1376)) - Stopping IPC Server listener on 38867
2022-03-14 12:19:59,916 [Time-limited test] INFO  server.RaftServer (RaftServerProxy.java:lambda$close$6(391)) - omNode-3: close
2022-03-14 12:19:59,916 [Time-limited test] INFO  server.RaftServer$Division (RaftServerImpl.java:lambda$close$4(412)) - omNode-3@group-523986131536: shutdown
2022-03-14 12:19:59,916 [Time-limited test] INFO  util.JmxRegister (JmxRegister.java:unregister(73)) - Successfully un-registered JMX Bean with object name Ratis:service=RaftServer,group=group-523986131536,id=omNode-3
2022-03-14 12:19:59,916 [Time-limited test] INFO  impl.RoleInfo (RoleInfo.java:shutdownFollowerState(108)) - omNode-3: shutdown omNode-3@group-523986131536-FollowerState
2022-03-14 12:19:59,917 [Time-limited test] INFO  impl.StateMachineUpdater (StateMachineUpdater.java:stopAndJoin(149)) - omNode-3@group-523986131536-StateMachineUpdater: set stopIndex = 24
2022-03-14 12:19:59,917 [omNode-3@group-523986131536-FollowerState] INFO  impl.FollowerState (FollowerState.java:run(143)) - omNode-3@group-523986131536-FollowerState was interrupted: {}
java.lang.InterruptedException: sleep interrupted
	at java.lang.Thread.sleep(Native Method)
	at java.lang.Thread.sleep(Thread.java:342)
	at java.util.concurrent.TimeUnit.sleep(TimeUnit.java:386)
	at org.apache.ratis.util.TimeDuration.sleep(TimeDuration.java:324)
	at org.apache.ratis.util.TimeDuration.sleep(TimeDuration.java:309)
	at org.apache.ratis.server.impl.FollowerState.run(FollowerState.java:118)
2022-03-14 12:19:59,917 [omNode-3@group-523986131536-StateMachineUpdater] INFO  ratis.OzoneManagerStateMachine (OzoneManagerStateMachine.java:takeSnapshot(417)) - Current Snapshot Index (t:4, i:24)
2022-03-14 12:19:59,917 [omNode-3@group-523986131536-StateMachineUpdater] INFO  impl.StateMachineUpdater (StateMachineUpdater.java:takeSnapshot(281)) - omNode-3@group-523986131536-StateMachineUpdater: Took a snapshot at index 24
2022-03-14 12:19:59,918 [omNode-3@group-523986131536-StateMachineUpdater] INFO  impl.StateMachineUpdater (StateMachineUpdater.java:lambda$new$0(89)) - omNode-3@group-523986131536-StateMachineUpdater: snapshotIndex: updateIncreasingly 18 -> 24
2022-03-14 12:19:59,918 [omNode-3@group-523986131536-StateMachineUpdater] INFO  ratis.OzoneManagerStateMachine (OzoneManagerStateMachine.java:close(471)) - StateMachine has shutdown. Shutdown OzoneManager if not already shutdown.
2022-03-14 12:19:59,918 [Time-limited test] INFO  server.RaftServer$Division (ServerState.java:close(419)) - omNode-3@group-523986131536: closes. applyIndex: 24
2022-03-14 12:19:59,918 [omNode-3@group-523986131536-SegmentedRaftLogWorker] INFO  segmented.SegmentedRaftLogWorker (SegmentedRaftLogWorker.java:run(327)) - omNode-3@group-523986131536-SegmentedRaftLogWorker was interrupted, exiting. There are 0 tasks remaining in the queue.
2022-03-14 12:19:59,919 [Time-limited test] INFO  segmented.SegmentedRaftLogWorker (SegmentedRaftLogWorker.java:close(237)) - omNode-3@group-523986131536-SegmentedRaftLogWorker close()
2022-03-14 12:19:59,922 [Time-limited test] INFO  server.GrpcService (GrpcService.java:closeImpl(262)) - omNode-3: shutdown server with port 38427 now
2022-03-14 12:19:59,923 [grpc-default-executor-1] WARN  server.GrpcServerProtocolService (LogUtils.java:warn(122)) - omNode-3: installSnapshot onError, lastRequest: omNode-2->omNode-3#55-t4,previous=(t:4, i:23),leaderCommit=23,initializing? true,entries: size=1, first=(t:4, i:24), METADATAENTRY(c:23): org.apache.ratis.thirdparty.io.grpc.StatusRuntimeException: CANCELLED: client cancelled
2022-03-14 12:19:59,926 [Time-limited test] INFO  server.GrpcService (GrpcService.java:closeImpl(271)) - omNode-3: shutdown server with port 38427 successfully
2022-03-14 12:19:59,929 [org.apache.ratis.util.JvmPauseMonitor$$Lambda$422/892611887@4f63654b] INFO  util.JvmPauseMonitor (JvmPauseMonitor.java:run(109)) - JvmPauseMonitor-omNode-3: Stopped
2022-03-14 12:19:59,930 [Time-limited test] INFO  ratis.OzoneManagerDoubleBuffer (OzoneManagerDoubleBuffer.java:stop(437)) - Stopping OMDoubleBuffer flush thread
2022-03-14 12:19:59,930 [grpc-default-executor-5] INFO  server.RaftServer$Division (RaftServerImpl.java:checkInconsistentAppendEntries(1322)) - omNode-1@group-523986131536: Failed appendEntries as previous log entry ((t:4, i:24)) is not found
2022-03-14 12:19:59,930 [OMDoubleBufferFlushThread] INFO  ratis.OzoneManagerDoubleBuffer (OzoneManagerDoubleBuffer.java:flushTransactions(356)) - OMDoubleBuffer flush thread OMDoubleBufferFlushThread is interrupted and will exit. OMDoubleBufferFlushThread
2022-03-14 12:19:59,934 [grpc-default-executor-5] INFO  server.RaftServer$Division (RaftServerImpl.java:checkInconsistentAppendEntries(1288)) - omNode-1@group-523986131536: inconsistency entries. Reply:omNode-2<-omNode-1#12283:FAIL-t4,INCONSISTENCY,nextIndex=19,followerCommit=18
2022-03-14 12:19:59,938 [grpc-default-executor-5] INFO  leader.FollowerInfo (FollowerInfoImpl.java:lambda$new$0(47)) - omNode-2@group-523986131536->omNode-1: nextIndex: updateUnconditionally 25 -> 19
2022-03-14 12:19:59,940 [grpc-default-executor-6] WARN  server.GrpcLogAppender (LogUtils.java:warn(122)) - omNode-2@group-523986131536->omNode-3-AppendLogResponseHandler: Failed appendEntries: org.apache.ratis.thirdparty.io.grpc.StatusRuntimeException: CANCELLED: HTTP/2 error code: CANCEL
Received Rst Stream
2022-03-14 12:19:59,941 [grpc-default-executor-6] INFO  leader.FollowerInfo (FollowerInfoImpl.java:lambda$new$0(47)) - omNode-2@group-523986131536->omNode-3: nextIndex: updateUnconditionally 25 -> 24
2022-03-14 12:19:59,940 [Time-limited test] INFO  handler.ContextHandler (ContextHandler.java:doStop(1153)) - Stopped o.e.j.w.WebAppContext@2ddcae6a{ozoneManager,/,null,STOPPED}{file:/home/runner/work/ozone/ozone/hadoop-ozone/integration-test/target/test-classes/webapps/ozoneManager}
2022-03-14 12:19:59,942 [Time-limited test] INFO  server.AbstractConnector (AbstractConnector.java:doStop(381)) - Stopped ServerConnector@78c25609{HTTP/1.1, (http/1.1)}{0.0.0.0:44195}
2022-03-14 12:19:59,944 [Time-limited test] INFO  server.session (HouseKeeper.java:stopScavenging(149)) - node0 Stopped scavenging
2022-03-14 12:19:59,947 [grpc-default-executor-5] WARN  server.GrpcLogAppender (LogUtils.java:warn(122)) - omNode-2@group-523986131536->omNode-3-AppendLogResponseHandler: Failed appendEntries: org.apache.ratis.thirdparty.io.grpc.StatusRuntimeException: UNAVAILABLE: io exception
2022-03-14 12:19:59,948 [grpc-default-executor-5] INFO  leader.FollowerInfo (FollowerInfoImpl.java:lambda$new$0(47)) - omNode-2@group-523986131536->omNode-3: nextIndex: updateUnconditionally 25 -> 24
2022-03-14 12:19:59,949 [Time-limited test] INFO  handler.ContextHandler (ContextHandler.java:doStop(1153)) - Stopped o.e.j.s.ServletContextHandler@62bfba27{static,/static,file:///home/runner/work/ozone/ozone/hadoop-ozone/integration-test/target/test-classes/webapps/static,STOPPED}
2022-03-14 12:19:59,952 [Time-limited test] INFO  handler.ContextHandler (ContextHandler.java:doStop(1153)) - Stopped o.e.j.s.ServletContextHandler@5d148fb2{logs,/logs,file:///home/runner/work/ozone/ozone/hadoop-ozone/integration-test/target/log,STOPPED}
2022-03-14 12:19:59,955 [Time-limited test] INFO  om.OzoneManager (OzoneManager.java:restart(1451)) - OzoneManager RPC server is listening at localhost/127.0.0.1:38867
2022-03-14 12:19:59,955 [Time-limited test] INFO  impl.MetricsSystemImpl (MetricsSystemImpl.java:init(158)) - OzoneManager metrics system started (again)
2022-03-14 12:19:59,966 [Time-limited test] WARN  server.ServerUtils (ServerUtils.java:getDBPath(225)) - ozone.om.db.dirs is not configured. We recommend adding this setting. Falling back to ozone.metadata.dirs instead.
2022-03-14 12:19:59,967 [Time-limited test] INFO  codec.OmKeyInfoCodec (OmKeyInfoCodec.java:<init>(49)) - OmKeyInfoCodec ignorePipeline = true
2022-03-14 12:19:59,968 [Time-limited test] INFO  codec.RepeatedOmKeyInfoCodec (RepeatedOmKeyInfoCodec.java:<init>(41)) - RepeatedOmKeyInfoCodec ignorePipeline = true
2022-03-14 12:20:00,006 [Time-limited test] WARN  impl.MetricRegistriesImpl (MetricRegistriesImpl.java:addReporterRegistration(111)) - New reporters are added after registries were created. Some metrics will be missing from the reporter. Please add reporter before adding any new registry.
2022-03-14 12:20:00,007 [Time-limited test] WARN  impl.MetricRegistriesImpl (MetricRegistriesImpl.java:addReporterRegistration(111)) - New reporters are added after registries were created. Some metrics will be missing from the reporter. Please add reporter before adding any new registry.
2022-03-14 12:20:00,007 [Time-limited test] WARN  server.ServerUtils (ServerUtils.java:getDefaultRatisDirectory(237)) - Storage directory for Ratis is not configured. It is a good idea to map this to an SSD disk. Falling back to ozone.metadata.dirs
2022-03-14 12:20:00,008 [Time-limited test] INFO  ratis.OzoneManagerRatisServer (OzoneManagerRatisServer.java:<init>(159)) - Instantiating OM Ratis server with groupID: om-service-test1 and peers: localhost:38427, localhost:41375, localhost:40735
2022-03-14 12:20:00,008 [Time-limited test] INFO  ratis.OzoneManagerStateMachine (OzoneManagerStateMachine.java:loadSnapshotInfoFromDB(605)) - LastAppliedIndex is set from TransactionInfo from OM DB as (t:4, i:24)
2022-03-14 12:20:00,009 [Time-limited test] INFO  server.RaftServer (ConfUtils.java:logGet(44)) - raft.rpc.type = GRPC (default)
2022-03-14 12:20:00,009 [Time-limited test] INFO  grpc.GrpcFactory (GrpcFactory.java:checkPooledByteBufAllocatorUseCacheForAllThreads(48)) - PERFORMANCE WARNING: useCacheForAllThreads is true that may cause Netty to create a lot garbage objects and, as a result, trigger GC.
	It is recommended to disable useCacheForAllThreads by setting -Dorg.apache.ratis.thirdparty.io.netty.allocator.useCacheForAllThreads=false in command line.
2022-03-14 12:20:00,009 [Time-limited test] INFO  grpc.GrpcConfigKeys (ConfUtils.java:logGet(44)) - raft.grpc.admin.port = -1 (default)
2022-03-14 12:20:00,009 [Time-limited test] INFO  grpc.GrpcConfigKeys (ConfUtils.java:logGet(44)) - raft.grpc.server.port = 38427 (custom)
2022-03-14 12:20:00,009 [Time-limited test] INFO  grpc.GrpcConfigKeys (ConfUtils.java:logGet(44)) - raft.grpc.client.port = -1 (default)
2022-03-14 12:20:00,009 [Time-limited test] INFO  grpc.GrpcConfigKeys (ConfUtils.java:logGet(44)) - raft.grpc.server.port = 38427 (custom)
2022-03-14 12:20:00,010 [Time-limited test] INFO  grpc.GrpcConfigKeys (ConfUtils.java:logGet(44)) - raft.grpc.server.port = 38427 (custom)
2022-03-14 12:20:00,010 [Time-limited test] INFO  server.GrpcService (ConfUtils.java:logGet(44)) - raft.grpc.message.size.max = 33554432 (custom)
2022-03-14 12:20:00,010 [Time-limited test] INFO  server.RaftServerConfigKeys (ConfUtils.java:logGet(44)) - raft.server.log.appender.buffer.byte-limit = 33554432 (custom)
2022-03-14 12:20:00,010 [Time-limited test] INFO  server.GrpcService (ConfUtils.java:logGet(44)) - raft.grpc.flow.control.window = 1MB (=1048576) (default)
2022-03-14 12:20:00,010 [Time-limited test] INFO  server.RaftServerConfigKeys (ConfUtils.java:logGet(44)) - raft.server.rpc.request.timeout = 3000ms (default)
2022-03-14 12:20:00,011 [Time-limited test] INFO  impl.DataStreamServerImpl (ConfUtils.java:logGet(44)) - raft.datastream.type = DISABLED (default)
2022-03-14 12:20:00,011 [Time-limited test] INFO  server.RaftServerConfigKeys (ConfUtils.java:logGet(44)) - raft.server.rpc.slowness.timeout = 2s (custom)
2022-03-14 12:20:00,011 [Time-limited test] INFO  server.RaftServerConfigKeys (ConfUtils.java:logGet(44)) - raft.server.leaderelection.leader.step-down.wait-time = 10s (default)
2022-03-14 12:20:00,011 [Time-limited test] INFO  server.RaftServerConfigKeys (ConfUtils.java:logGet(44)) - raft.server.storage.dir = [/home/runner/work/ozone/ozone/hadoop-ozone/integration-test/target/test-dir/MiniOzoneClusterImpl-278953cb-1c57-4e8b-ba2f-5e3472d45912/omNode-3/ratis] (custom)
2022-03-14 12:20:00,011 [Time-limited test] INFO  server.RaftServer (RaftServerProxy.java:lambda$null$1(235)) - omNode-3: found a subdirectory /home/runner/work/ozone/ozone/hadoop-ozone/integration-test/target/test-dir/MiniOzoneClusterImpl-278953cb-1c57-4e8b-ba2f-5e3472d45912/omNode-3/ratis/c9bc4cf4-3bc3-3c60-a66b-523986131536
2022-03-14 12:20:00,014 [Time-limited test] INFO  server.RaftServer (RaftServerProxy.java:addNew(95)) - omNode-3: addNew group-523986131536:[omNode-3|rpc:localhost:38427|priority:0, omNode-1|rpc:localhost:41375|priority:0, omNode-2|rpc:localhost:40735|priority:0] returns group-523986131536:java.util.concurrent.CompletableFuture@6c362f41[Not completed]
2022-03-14 12:20:00,014 [Time-limited test] INFO  om.OzoneManager (OzoneManager.java:initializeRatisServer(1834)) - OzoneManager Ratis server initialized at port 38427
2022-03-14 12:20:00,014 [Time-limited test] INFO  ratis.OzoneManagerRatisServer (OzoneManagerRatisServer.java:start(554)) - Starting OzoneManagerRatisServer omNode-3 at port 38427
2022-03-14 12:20:00,014 [pool-252-thread-1] INFO  server.RaftServer$Division (RaftServerImpl.java:<init>(184)) - omNode-3: new RaftServerImpl for group-523986131536:[omNode-3|rpc:localhost:38427|priority:0, omNode-1|rpc:localhost:41375|priority:0, omNode-2|rpc:localhost:40735|priority:0] with OzoneManagerStateMachine:uninitialized
2022-03-14 12:20:00,015 [pool-252-thread-1] INFO  server.RaftServerConfigKeys (ConfUtils.java:logGet(44)) - raft.server.rpc.timeout.min = 1s (custom)
2022-03-14 12:20:00,015 [pool-252-thread-1] INFO  server.RaftServerConfigKeys (ConfUtils.java:logGet(44)) - raft.server.rpc.timeout.max = 1200ms (custom)
2022-03-14 12:20:00,015 [pool-252-thread-1] INFO  server.RaftServerConfigKeys (ConfUtils.java:logGet(44)) - raft.server.rpc.sleep.time = 25ms (default)
2022-03-14 12:20:00,015 [pool-252-thread-1] INFO  server.RaftServerConfigKeys (ConfUtils.java:logGet(44)) - raft.server.rpc.slowness.timeout = 2s (custom)
2022-03-14 12:20:00,015 [pool-252-thread-1] INFO  server.RaftServerConfigKeys (ConfUtils.java:logGet(44)) - raft.server.leaderelection.leader.step-down.wait-time = 10s (default)
2022-03-14 12:20:00,015 [pool-252-thread-1] INFO  server.RaftServerConfigKeys (ConfUtils.java:logGet(44)) - raft.server.sleep.deviation.threshold = 300ms (default)
2022-03-14 12:20:00,015 [pool-252-thread-1] INFO  server.RaftServerConfigKeys (ConfUtils.java:logGet(44)) - raft.server.log.appender.install.snapshot.enabled = false (custom)
2022-03-14 12:20:00,015 [pool-252-thread-1] INFO  server.RaftServer$Division (ServerState.java:<init>(105)) - omNode-3@group-523986131536: ConfigurationManager, init=-1: [omNode-3|rpc:localhost:38427|priority:0, omNode-1|rpc:localhost:41375|priority:0, omNode-2|rpc:localhost:40735|priority:0], old=null, confs=<EMPTY_MAP>
2022-03-14 12:20:00,015 [pool-252-thread-1] INFO  server.RaftServerConfigKeys (ConfUtils.java:logGet(44)) - raft.server.storage.dir = [/home/runner/work/ozone/ozone/hadoop-ozone/integration-test/target/test-dir/MiniOzoneClusterImpl-278953cb-1c57-4e8b-ba2f-5e3472d45912/omNode-3/ratis] (custom)
2022-03-14 12:20:00,015 [pool-252-thread-1] INFO  server.RaftServerConfigKeys (ConfUtils.java:logGet(44)) - raft.server.log.corruption.policy = EXCEPTION (default)
2022-03-14 12:20:00,015 [pool-252-thread-1] INFO  server.RaftServerConfigKeys (ConfUtils.java:logGet(44)) - raft.server.storage.free-space.min = 0MB (=0) (default)
2022-03-14 12:20:00,017 [pool-252-thread-1] INFO  storage.RaftStorageDirectory (RaftStorageDirectoryImpl.java:tryLock(230)) - Lock on /home/runner/work/ozone/ozone/hadoop-ozone/integration-test/target/test-dir/MiniOzoneClusterImpl-278953cb-1c57-4e8b-ba2f-5e3472d45912/omNode-3/ratis/c9bc4cf4-3bc3-3c60-a66b-523986131536/in_use.lock acquired by nodename 10847@fv-az291-848
2022-03-14 12:20:00,017 [pool-252-thread-1] INFO  storage.RaftStorage (RaftStorageImpl.java:analyzeAndRecoverStorage(110)) - Read RaftStorageMetadata{term=4, votedFor=omNode-2} from /home/runner/work/ozone/ozone/hadoop-ozone/integration-test/target/test-dir/MiniOzoneClusterImpl-278953cb-1c57-4e8b-ba2f-5e3472d45912/omNode-3/ratis/c9bc4cf4-3bc3-3c60-a66b-523986131536/current/raft-meta
2022-03-14 12:20:00,017 [pool-252-thread-1] INFO  server.RaftServer$Division (ServerState.java:setRaftConf(387)) - omNode-3@group-523986131536: set configuration 21: [omNode-3|rpc:localhost:38427|admin:|client:|dataStream:|priority:0, omNode-1|rpc:localhost:41375|admin:|client:|dataStream:|priority:0, omNode-2|rpc:localhost:40735|admin:|client:|dataStream:|priority:0], old=null
2022-03-14 12:20:00,017 [pool-252-thread-1] INFO  server.RaftServerConfigKeys (ConfUtils.java:logGet(44)) - raft.server.notification.no-leader.timeout = 2s (custom)
2022-03-14 12:20:00,017 [pool-252-thread-1] INFO  server.RaftServerConfigKeys (ConfUtils.java:logGet(44)) - raft.server.log.use.memory = false (default)
2022-03-14 12:20:00,017 [pool-252-thread-1] INFO  server.RaftServerConfigKeys (ConfUtils.java:logGet(44)) - raft.server.log.purge.gap = 50 (custom)
2022-03-14 12:20:00,018 [pool-252-thread-1] INFO  server.RaftServerConfigKeys (ConfUtils.java:logGet(44)) - raft.server.log.appender.buffer.byte-limit = 33554432 (custom)
2022-03-14 12:20:00,018 [pool-252-thread-1] INFO  server.RaftServerConfigKeys (ConfUtils.java:logGet(44)) - raft.server.log.segment.size.max = 4194304 (custom)
2022-03-14 12:20:00,018 [pool-252-thread-1] INFO  server.RaftServerConfigKeys (ConfUtils.java:logGet(44)) - raft.server.log.segment.cache.num.max = 2 (custom)
2022-03-14 12:20:00,018 [pool-252-thread-1] INFO  server.RaftServerConfigKeys (ConfUtils.java:logGet(44)) - raft.server.log.segment.cache.size.max = 200MB (=209715200) (default)
2022-03-14 12:20:00,018 [pool-252-thread-1] INFO  segmented.SegmentedRaftLogWorker (SegmentedRaftLogWorker.java:<init>(182)) - new omNode-3@group-523986131536-SegmentedRaftLogWorker for RaftStorageImpl:Storage Directory /home/runner/work/ozone/ozone/hadoop-ozone/integration-test/target/test-dir/MiniOzoneClusterImpl-278953cb-1c57-4e8b-ba2f-5e3472d45912/omNode-3/ratis/c9bc4cf4-3bc3-3c60-a66b-523986131536
2022-03-14 12:20:00,018 [pool-252-thread-1] INFO  server.RaftServerConfigKeys (ConfUtils.java:logGet(44)) - raft.server.log.queue.byte-limit = 64MB (=67108864) (default)
2022-03-14 12:20:00,018 [pool-252-thread-1] INFO  server.RaftServerConfigKeys (ConfUtils.java:logGet(44)) - raft.server.log.queue.element-limit = 4096 (default)
2022-03-14 12:20:00,018 [pool-252-thread-1] INFO  server.RaftServerConfigKeys (ConfUtils.java:logGet(44)) - raft.server.log.segment.size.max = 4194304 (custom)
2022-03-14 12:20:00,018 [pool-252-thread-1] INFO  server.RaftServerConfigKeys (ConfUtils.java:logGet(44)) - raft.server.log.preallocated.size = 4194304 (custom)
2022-03-14 12:20:00,019 [pool-252-thread-1] INFO  server.RaftServerConfigKeys (ConfUtils.java:logGet(44)) - raft.server.log.force.sync.num = 128 (default)
2022-03-14 12:20:00,019 [pool-252-thread-1] INFO  server.RaftServerConfigKeys (ConfUtils.java:logGet(44)) - raft.server.log.statemachine.data.sync = true (default)
2022-03-14 12:20:00,019 [pool-252-thread-1] INFO  server.RaftServerConfigKeys (ConfUtils.java:logGet(44)) - raft.server.log.statemachine.data.sync.timeout = 10s (default)
2022-03-14 12:20:00,019 [pool-252-thread-1] INFO  server.RaftServerConfigKeys (ConfUtils.java:logGet(44)) - raft.server.log.statemachine.data.sync.timeout.retry = -1 (default)
2022-03-14 12:20:00,019 [pool-252-thread-1] INFO  server.RaftServerConfigKeys (ConfUtils.java:logGet(44)) - raft.server.log.write.buffer.size = 64KB (=65536) (default)
2022-03-14 12:20:00,019 [pool-252-thread-1] INFO  server.RaftServerConfigKeys (ConfUtils.java:logGet(44)) - raft.server.log.statemachine.data.caching.enabled = false (default)
2022-03-14 12:20:00,021 [pool-252-thread-1] INFO  server.RaftServer$Division (ServerState.java:setRaftConf(387)) - omNode-3@group-523986131536: set configuration 19: [omNode-3|rpc:localhost:38427|admin:|client:|dataStream:|priority:0, omNode-1|rpc:localhost:41375|admin:|client:|dataStream:|priority:0, omNode-2|rpc:localhost:40735|admin:|client:|dataStream:|priority:0], old=null
2022-03-14 12:20:00,021 [pool-252-thread-1] INFO  segmented.LogSegment (LogSegment.java:loadSegment(173)) - Successfully read 2 entries from segment file /home/runner/work/ozone/ozone/hadoop-ozone/integration-test/target/test-dir/MiniOzoneClusterImpl-278953cb-1c57-4e8b-ba2f-5e3472d45912/omNode-3/ratis/c9bc4cf4-3bc3-3c60-a66b-523986131536/current/log_19-20
2022-03-14 12:20:00,023 [pool-252-thread-1] INFO  server.RaftServer$Division (ServerState.java:setRaftConf(387)) - omNode-3@group-523986131536: set configuration 21: [omNode-3|rpc:localhost:38427|admin:|client:|dataStream:|priority:0, omNode-1|rpc:localhost:41375|admin:|client:|dataStream:|priority:0, omNode-2|rpc:localhost:40735|admin:|client:|dataStream:|priority:0], old=null
2022-03-14 12:20:00,023 [pool-252-thread-1] INFO  segmented.LogSegment (LogSegment.java:loadSegment(173)) - Successfully read 4 entries from segment file /home/runner/work/ozone/ozone/hadoop-ozone/integration-test/target/test-dir/MiniOzoneClusterImpl-278953cb-1c57-4e8b-ba2f-5e3472d45912/omNode-3/ratis/c9bc4cf4-3bc3-3c60-a66b-523986131536/current/log_inprogress_21
2022-03-14 12:20:00,023 [pool-252-thread-1] INFO  segmented.SegmentedRaftLogWorker (SegmentedRaftLogWorker.java:lambda$new$0(133)) - omNode-3@group-523986131536-SegmentedRaftLogWorker: flushIndex: setUnconditionally 0 -> 24
2022-03-14 12:20:00,023 [pool-252-thread-1] INFO  segmented.SegmentedRaftLogWorker (SegmentedRaftLogWorker.java:lambda$new$0(133)) - omNode-3@group-523986131536-SegmentedRaftLogWorker: safeCacheEvictIndex: setUnconditionally 0 -> 20
2022-03-14 12:20:00,023 [pool-252-thread-1] INFO  raftlog.RaftLog (RaftLogBase.java:lambda$new$0(53)) - omNode-3@group-523986131536-SegmentedRaftLog: commitIndex: updateToMax old=24, new=23, updated? false
2022-03-14 12:20:00,023 [pool-252-thread-1] INFO  raftlog.RaftLog (RaftLogBase.java:lambda$new$0(53)) - omNode-3@group-523986131536-SegmentedRaftLog: purgeIndex: updateIncreasingly -1 -> 18
2022-03-14 12:20:00,023 [pool-252-thread-1] INFO  server.RaftServerConfigKeys (ConfUtils.java:logGet(44)) - raft.server.snapshot.auto.trigger.enabled = true (custom)
2022-03-14 12:20:00,023 [pool-252-thread-1] INFO  server.RaftServerConfigKeys (ConfUtils.java:logGet(44)) - raft.server.snapshot.auto.trigger.threshold = 50 (custom)
2022-03-14 12:20:00,023 [pool-252-thread-1] INFO  server.RaftServerConfigKeys (ConfUtils.java:logGet(44)) - raft.server.snapshot.retention.file.num = -1 (default)
2022-03-14 12:20:00,024 [pool-252-thread-1] INFO  server.RaftServerConfigKeys (ConfUtils.java:logGet(44)) - raft.server.log.purge.upto.snapshot.index = true (custom)
2022-03-14 12:20:00,024 [pool-252-thread-1] INFO  server.RaftServerConfigKeys (ConfUtils.java:logGet(44)) - raft.server.retrycache.expirytime = 30000ms (custom)
2022-03-14 12:20:00,024 [pool-252-thread-1] INFO  server.RaftServerConfigKeys (ConfUtils.java:logGet(44)) - raft.server.retrycache.statistics.expirytime = 100μs (default)
2022-03-14 12:20:00,025 [Time-limited test] INFO  server.RaftServer$Division (RaftServerImpl.java:start(301)) - omNode-3@group-523986131536: start as a follower, conf=21: [omNode-3|rpc:localhost:38427|admin:|client:|dataStream:|priority:0, omNode-1|rpc:localhost:41375|admin:|client:|dataStream:|priority:0, omNode-2|rpc:localhost:40735|admin:|client:|dataStream:|priority:0], old=null
2022-03-14 12:20:00,025 [Time-limited test] INFO  server.RaftServer$Division (RaftServerImpl.java:setRole(290)) - omNode-3@group-523986131536: changes role from      null to FOLLOWER at term 4 for startAsFollower
2022-03-14 12:20:00,025 [Time-limited test] INFO  impl.RoleInfo (RoleInfo.java:updateAndGet(130)) - omNode-3: start omNode-3@group-523986131536-FollowerState
2022-03-14 12:20:00,030 [Time-limited test] INFO  util.JmxRegister (JmxRegister.java:tryRegister(44)) - Successfully registered JMX Bean with object name Ratis:service=RaftServer,group=group-523986131536,id=omNode-3
2022-03-14 12:20:00,031 [Time-limited test] INFO  server.RaftServer (RaftServerProxy.java:lambda$start$5(374)) - omNode-3: start RPC server
2022-03-14 12:20:00,031 [Time-limited test] INFO  server.GrpcService (GrpcService.java:startImpl(253)) - omNode-3: GrpcService started, listening on 38427
2022-03-14 12:20:00,031 [org.apache.ratis.util.JvmPauseMonitor$$Lambda$422/892611887@254420ca] INFO  util.JvmPauseMonitor (JvmPauseMonitor.java:run(103)) - JvmPauseMonitor-omNode-3: Started
2022-03-14 12:20:00,032 [Time-limited test] INFO  ipc.CallQueueManager (CallQueueManager.java:<init>(90)) - Using callQueue: class java.util.concurrent.LinkedBlockingQueue, queueCapacity: 2000, scheduler: class org.apache.hadoop.ipc.DefaultRpcScheduler, ipcBackoff: false.
2022-03-14 12:20:00,034 [Socket Reader #1 for port 38867] INFO  ipc.Server (Server.java:run(1265)) - Starting Socket Reader #1 for port 38867
2022-03-14 12:20:00,049 [Listener at localhost/38867] INFO  http.BaseHttpServer (BaseHttpServer.java:newHttpServer2BuilderForOzone(209)) - Starting Web-server for ozoneManager at: http://0.0.0.0:44195
2022-03-14 12:20:00,050 [Listener at localhost/38867] INFO  http.BaseHttpServer (BaseHttpServer.java:<init>(107)) - Hadoop Security Enabled: false Ozone Security Enabled: false Ozone HTTP Security Enabled: false 
2022-03-14 12:20:00,051 [Listener at localhost/38867] INFO  server.AuthenticationFilter (AuthenticationFilter.java:constructSecretProvider(240)) - Unable to initialize FileSignerSecretProvider, falling back to use random secrets.
2022-03-14 12:20:00,053 [Listener at localhost/38867] WARN  http.HttpRequestLog (HttpRequestLog.java:getRequestLog(103)) - Jetty request log can only be enabled using Log4j
2022-03-14 12:20:00,055 [Listener at localhost/38867] INFO  http.HttpServer2 (HttpServer2.java:addGlobalFilter(1030)) - Added global filter 'safety' (class=org.apache.hadoop.hdds.server.http.HttpServer2$QuotingInputFilter)
2022-03-14 12:20:00,057 [Listener at localhost/38867] INFO  http.HttpServer2 (HttpServer2.java:addFilter(1006)) - Added filter static_user_filter (class=org.apache.hadoop.http.lib.StaticUserWebFilter$StaticUserFilter) to context ozoneManager
2022-03-14 12:20:00,057 [Listener at localhost/38867] INFO  http.HttpServer2 (HttpServer2.java:addFilter(1014)) - Added filter static_user_filter (class=org.apache.hadoop.http.lib.StaticUserWebFilter$StaticUserFilter) to context static
2022-03-14 12:20:00,057 [Listener at localhost/38867] INFO  http.HttpServer2 (HttpServer2.java:addFilter(1014)) - Added filter static_user_filter (class=org.apache.hadoop.http.lib.StaticUserWebFilter$StaticUserFilter) to context logs
2022-03-14 12:20:00,057 [Listener at localhost/38867] INFO  http.HttpServer2 (HttpServer2.java:bindListener(1249)) - Jetty bound to port 44195
2022-03-14 12:20:00,057 [Listener at localhost/38867] INFO  server.Server (Server.java:doStart(375)) - jetty-9.4.43.v20210629; built: 2021-06-30T11:07:22.254Z; git: 526006ecfa3af7f1a27ef3a288e2bef7ea9dd7e8; jvm 1.8.0_322-b06
2022-03-14 12:20:00,059 [Listener at localhost/38867] INFO  server.session (DefaultSessionIdManager.java:doStart(334)) - DefaultSessionIdManager workerName=node0
2022-03-14 12:20:00,059 [Listener at localhost/38867] INFO  server.session (DefaultSessionIdManager.java:doStart(339)) - No SessionScavenger set, using defaults
2022-03-14 12:20:00,060 [Listener at localhost/38867] INFO  server.session (HouseKeeper.java:startScavenging(132)) - node0 Scavenging every 660000ms
2022-03-14 12:20:00,060 [Listener at localhost/38867] INFO  handler.ContextHandler (ContextHandler.java:doStart(915)) - Started o.e.j.s.ServletContextHandler@5d2423da{logs,/logs,file:///home/runner/work/ozone/ozone/hadoop-ozone/integration-test/target/log,AVAILABLE}
2022-03-14 12:20:00,060 [Listener at localhost/38867] INFO  handler.ContextHandler (ContextHandler.java:doStart(915)) - Started o.e.j.s.ServletContextHandler@688216ca{static,/static,file:///home/runner/work/ozone/ozone/hadoop-ozone/integration-test/target/test-classes/webapps/static,AVAILABLE}
2022-03-14 12:20:00,063 [Listener at localhost/38867] INFO  handler.ContextHandler (ContextHandler.java:doStart(915)) - Started o.e.j.w.WebAppContext@cbbd3{ozoneManager,/,file:///home/runner/work/ozone/ozone/hadoop-ozone/integration-test/target/test-classes/webapps/ozoneManager/,AVAILABLE}{file:/home/runner/work/ozone/ozone/hadoop-ozone/integration-test/target/test-classes/webapps/ozoneManager}
2022-03-14 12:20:00,064 [Listener at localhost/38867] INFO  server.AbstractConnector (AbstractConnector.java:doStart(331)) - Started ServerConnector@159c77d5{HTTP/1.1, (http/1.1)}{0.0.0.0:44195}
2022-03-14 12:20:00,065 [Listener at localhost/38867] INFO  server.Server (Server.java:doStart(415)) - Started @164359ms
2022-03-14 12:20:00,065 [Listener at localhost/38867] WARN  impl.MetricsSystemImpl (MetricsSystemImpl.java:register(279)) - Sink prometheus already exists!
2022-03-14 12:20:00,065 [Listener at localhost/38867] INFO  http.BaseHttpServer (BaseHttpServer.java:updateConnectorAddress(329)) - HTTP server of ozoneManager listening at http://0.0.0.0:44195
2022-03-14 12:20:00,066 [IPC Server Responder] INFO  ipc.Server (Server.java:run(1507)) - IPC Server Responder: starting
2022-03-14 12:20:00,073 [IPC Server listener on 38867] INFO  ipc.Server (Server.java:run(1344)) - IPC Server listener on 38867: starting
2022-03-14 12:20:00,076 [Listener at localhost/38867] INFO  om.OzoneManager (OzoneManager.java:startTrashEmptier(1792)) - Trash Interval set to 0. Files deleted will not move to trash
2022-03-14 12:20:00,076 [Listener at localhost/38867] INFO  om.OzoneManager (OzoneManager.java:stop(1893)) - omNode-1[localhost:33717]: Stopping Ozone Manager
2022-03-14 12:20:00,077 [org.apache.hadoop.util.JvmPauseMonitor$Monitor@36dd07b7] INFO  util.JvmPauseMonitor (JvmPauseMonitor.java:run(188)) - Starting JVM pause monitor
2022-03-14 12:20:00,078 [Listener at localhost/38867] INFO  ipc.Server (Server.java:stop(3414)) - Stopping server on 33717
2022-03-14 12:20:00,082 [IPC Server listener on 33717] INFO  ipc.Server (Server.java:run(1376)) - Stopping IPC Server listener on 33717
2022-03-14 12:20:00,083 [IPC Server Responder] INFO  ipc.Server (Server.java:run(1512)) - Stopping IPC Server Responder
2022-03-14 12:20:00,087 [Listener at localhost/38867] INFO  server.RaftServer (RaftServerProxy.java:lambda$close$6(391)) - omNode-1: close
2022-03-14 12:20:00,087 [Listener at localhost/38867] INFO  server.RaftServer$Division (RaftServerImpl.java:lambda$close$4(412)) - omNode-1@group-523986131536: shutdown
2022-03-14 12:20:00,087 [Listener at localhost/38867] INFO  util.JmxRegister (JmxRegister.java:unregister(73)) - Successfully un-registered JMX Bean with object name Ratis:service=RaftServer,group=group-523986131536,id=omNode-1
2022-03-14 12:20:00,088 [Listener at localhost/38867] INFO  impl.RoleInfo (RoleInfo.java:shutdownFollowerState(108)) - omNode-1: shutdown omNode-1@group-523986131536-FollowerState
2022-03-14 12:20:00,088 [Listener at localhost/38867] INFO  impl.StateMachineUpdater (StateMachineUpdater.java:stopAndJoin(149)) - omNode-1@group-523986131536-StateMachineUpdater: set stopIndex = 18
2022-03-14 12:20:00,088 [omNode-1@group-523986131536-StateMachineUpdater] INFO  ratis.OzoneManagerStateMachine (OzoneManagerStateMachine.java:close(471)) - StateMachine has shutdown. Shutdown OzoneManager if not already shutdown.
2022-03-14 12:20:00,088 [omNode-1@group-523986131536-FollowerState] INFO  impl.FollowerState (FollowerState.java:run(143)) - omNode-1@group-523986131536-FollowerState was interrupted: {}
java.lang.InterruptedException: sleep interrupted
	at java.lang.Thread.sleep(Native Method)
	at java.lang.Thread.sleep(Thread.java:342)
	at java.util.concurrent.TimeUnit.sleep(TimeUnit.java:386)
	at org.apache.ratis.util.TimeDuration.sleep(TimeDuration.java:324)
	at org.apache.ratis.util.TimeDuration.sleep(TimeDuration.java:309)
	at org.apache.ratis.server.impl.FollowerState.run(FollowerState.java:118)
2022-03-14 12:20:00,088 [Listener at localhost/38867] INFO  server.RaftServer$Division (ServerState.java:close(419)) - omNode-1@group-523986131536: closes. applyIndex: 18
2022-03-14 12:20:00,088 [omNode-1@group-523986131536-SegmentedRaftLogWorker] INFO  segmented.SegmentedRaftLogWorker (SegmentedRaftLogWorker.java:run(327)) - omNode-1@group-523986131536-SegmentedRaftLogWorker was interrupted, exiting. There are 0 tasks remaining in the queue.
2022-03-14 12:20:00,088 [Listener at localhost/38867] INFO  segmented.SegmentedRaftLogWorker (SegmentedRaftLogWorker.java:close(237)) - omNode-1@group-523986131536-SegmentedRaftLogWorker close()
2022-03-14 12:20:00,090 [Listener at localhost/38867] INFO  server.GrpcService (GrpcService.java:closeImpl(262)) - omNode-1: shutdown server with port 41375 now
2022-03-14 12:20:00,096 [grpc-default-executor-6] WARN  server.GrpcServerProtocolService (LogUtils.java:warn(122)) - omNode-1: installSnapshot onError, lastRequest: omNode-2->omNode-1#1-t4,previous=(t:3, i:20),leaderCommit=20,initializing? true,entries: size=1, first=(t:4, i:21), CONFIGURATIONENTRY: org.apache.ratis.thirdparty.io.grpc.StatusRuntimeException: CANCELLED: client cancelled
2022-03-14 12:20:00,096 [grpc-default-executor-5] WARN  server.GrpcServerProtocolService (LogUtils.java:warn(122)) - omNode-1: installSnapshot onError, lastRequest: omNode-2->omNode-1#12285-t4,previous=(t:0, i:0),leaderCommit=6,initializing? false,entries: size=6, first=(t:3, i:19), CONFIGURATIONENTRY: org.apache.ratis.thirdparty.io.grpc.StatusRuntimeException: CANCELLED: client cancelled
2022-03-14 12:20:00,098 [grpc-default-executor-6] INFO  server.GrpcLogAppender (GrpcLogAppender.java:onError(335)) - omNode-2@group-523986131536->omNode-1-GrpcLogAppender is stopped
2022-03-14 12:20:00,098 [Listener at localhost/38867] INFO  server.GrpcService (GrpcService.java:closeImpl(271)) - omNode-1: shutdown server with port 41375 successfully
2022-03-14 12:20:00,099 [grpc-default-executor-1] WARN  server.GrpcLogAppender (LogUtils.java:warn(122)) - omNode-2@group-523986131536->omNode-1-AppendLogResponseHandler: Failed appendEntries: org.apache.ratis.thirdparty.io.grpc.StatusRuntimeException: CANCELLED: HTTP/2 error code: CANCEL
Received Rst Stream
2022-03-14 12:20:00,099 [org.apache.ratis.util.JvmPauseMonitor$$Lambda$422/892611887@518ed59a] INFO  util.JvmPauseMonitor (JvmPauseMonitor.java:run(109)) - JvmPauseMonitor-omNode-1: Stopped
2022-03-14 12:20:00,099 [Listener at localhost/38867] INFO  ratis.OzoneManagerDoubleBuffer (OzoneManagerDoubleBuffer.java:stop(437)) - Stopping OMDoubleBuffer flush thread
2022-03-14 12:20:00,099 [grpc-default-executor-1] INFO  leader.FollowerInfo (FollowerInfoImpl.java:lambda$new$0(47)) - omNode-2@group-523986131536->omNode-1: nextIndex: updateUnconditionally 25 -> 19
2022-03-14 12:20:00,099 [OMDoubleBufferFlushThread] INFO  ratis.OzoneManagerDoubleBuffer (OzoneManagerDoubleBuffer.java:flushTransactions(356)) - OMDoubleBuffer flush thread OMDoubleBufferFlushThread is interrupted and will exit. OMDoubleBufferFlushThread
2022-03-14 12:20:00,103 [Listener at localhost/38867] INFO  handler.ContextHandler (ContextHandler.java:doStop(1153)) - Stopped o.e.j.w.WebAppContext@6975dda7{ozoneManager,/,null,STOPPED}{file:/home/runner/work/ozone/ozone/hadoop-ozone/integration-test/target/test-classes/webapps/ozoneManager}
2022-03-14 12:20:00,103 [Listener at localhost/38867] INFO  server.AbstractConnector (AbstractConnector.java:doStop(381)) - Stopped ServerConnector@4a2c2729{HTTP/1.1, (http/1.1)}{0.0.0.0:46861}
2022-03-14 12:20:00,104 [Listener at localhost/38867] INFO  server.session (HouseKeeper.java:stopScavenging(149)) - node0 Stopped scavenging
2022-03-14 12:20:00,104 [Listener at localhost/38867] INFO  handler.ContextHandler (ContextHandler.java:doStop(1153)) - Stopped o.e.j.s.ServletContextHandler@3bfac50b{static,/static,file:///home/runner/work/ozone/ozone/hadoop-ozone/integration-test/target/test-classes/webapps/static,STOPPED}
2022-03-14 12:20:00,105 [Listener at localhost/38867] INFO  handler.ContextHandler (ContextHandler.java:doStop(1153)) - Stopped o.e.j.s.ServletContextHandler@350fe526{logs,/logs,file:///home/runner/work/ozone/ozone/hadoop-ozone/integration-test/target/log,STOPPED}
2022-03-14 12:20:00,110 [grpc-default-executor-1] WARN  server.GrpcLogAppender (LogUtils.java:warn(122)) - omNode-2@group-523986131536->omNode-1-AppendLogResponseHandler: Failed appendEntries: org.apache.ratis.thirdparty.io.grpc.StatusRuntimeException: UNAVAILABLE: io exception
2022-03-14 12:20:00,110 [grpc-default-executor-1] INFO  leader.FollowerInfo (FollowerInfoImpl.java:lambda$new$0(47)) - omNode-2@group-523986131536->omNode-1: nextIndex: updateUnconditionally 25 -> 19
2022-03-14 12:20:00,117 [Listener at localhost/38867] INFO  om.OzoneManager (OzoneManager.java:restart(1451)) - OzoneManager RPC server is listening at localhost/127.0.0.1:33717
2022-03-14 12:20:00,117 [Listener at localhost/38867] INFO  impl.MetricsSystemImpl (MetricsSystemImpl.java:init(158)) - OzoneManager metrics system started (again)
2022-03-14 12:20:00,128 [Listener at localhost/38867] WARN  server.ServerUtils (ServerUtils.java:getDBPath(225)) - ozone.om.db.dirs is not configured. We recommend adding this setting. Falling back to ozone.metadata.dirs instead.
2022-03-14 12:20:00,129 [Listener at localhost/38867] INFO  codec.OmKeyInfoCodec (OmKeyInfoCodec.java:<init>(49)) - OmKeyInfoCodec ignorePipeline = true
2022-03-14 12:20:00,130 [Listener at localhost/38867] INFO  codec.RepeatedOmKeyInfoCodec (RepeatedOmKeyInfoCodec.java:<init>(41)) - RepeatedOmKeyInfoCodec ignorePipeline = true
2022-03-14 12:20:00,165 [Listener at localhost/38867] WARN  om.OzoneManager (OzoneManager.java:instantiatePrepareStateOnStartup(3818)) - Prepare marker file index 18 does not match DB prepare index 15. Writing DB index to prepare file and maintaining prepared state.
2022-03-14 12:20:00,166 [Listener at localhost/38867] INFO  om.OzoneManagerPrepareState (OzoneManagerPrepareState.java:writePrepareMarkerFile(262)) - Prepare marker file written with log index 15 to file /home/runner/work/ozone/ozone/hadoop-ozone/integration-test/target/test-dir/MiniOzoneClusterImpl-278953cb-1c57-4e8b-ba2f-5e3472d45912/omNode-1/current/prepareMarker
2022-03-14 12:20:00,166 [Listener at localhost/38867] WARN  impl.MetricRegistriesImpl (MetricRegistriesImpl.java:addReporterRegistration(111)) - New reporters are added after registries were created. Some metrics will be missing from the reporter. Please add reporter before adding any new registry.
2022-03-14 12:20:00,166 [Listener at localhost/38867] WARN  impl.MetricRegistriesImpl (MetricRegistriesImpl.java:addReporterRegistration(111)) - New reporters are added after registries were created. Some metrics will be missing from the reporter. Please add reporter before adding any new registry.
2022-03-14 12:20:00,166 [Listener at localhost/38867] WARN  server.ServerUtils (ServerUtils.java:getDefaultRatisDirectory(237)) - Storage directory for Ratis is not configured. It is a good idea to map this to an SSD disk. Falling back to ozone.metadata.dirs
2022-03-14 12:20:00,167 [Listener at localhost/38867] INFO  ratis.OzoneManagerRatisServer (OzoneManagerRatisServer.java:<init>(159)) - Instantiating OM Ratis server with groupID: om-service-test1 and peers: localhost:41375, localhost:38427, localhost:40735
2022-03-14 12:20:00,168 [Listener at localhost/38867] INFO  ratis.OzoneManagerStateMachine (OzoneManagerStateMachine.java:loadSnapshotInfoFromDB(605)) - LastAppliedIndex is set from TransactionInfo from OM DB as (t:2, i:18)
2022-03-14 12:20:00,170 [Listener at localhost/38867] INFO  server.RaftServer (ConfUtils.java:logGet(44)) - raft.rpc.type = GRPC (default)
2022-03-14 12:20:00,170 [Listener at localhost/38867] INFO  grpc.GrpcFactory (GrpcFactory.java:checkPooledByteBufAllocatorUseCacheForAllThreads(48)) - PERFORMANCE WARNING: useCacheForAllThreads is true that may cause Netty to create a lot garbage objects and, as a result, trigger GC.
	It is recommended to disable useCacheForAllThreads by setting -Dorg.apache.ratis.thirdparty.io.netty.allocator.useCacheForAllThreads=false in command line.
2022-03-14 12:20:00,170 [Listener at localhost/38867] INFO  grpc.GrpcConfigKeys (ConfUtils.java:logGet(44)) - raft.grpc.admin.port = -1 (default)
2022-03-14 12:20:00,170 [Listener at localhost/38867] INFO  grpc.GrpcConfigKeys (ConfUtils.java:logGet(44)) - raft.grpc.server.port = 41375 (custom)
2022-03-14 12:20:00,170 [Listener at localhost/38867] INFO  grpc.GrpcConfigKeys (ConfUtils.java:logGet(44)) - raft.grpc.client.port = -1 (default)
2022-03-14 12:20:00,170 [Listener at localhost/38867] INFO  grpc.GrpcConfigKeys (ConfUtils.java:logGet(44)) - raft.grpc.server.port = 41375 (custom)
2022-03-14 12:20:00,170 [Listener at localhost/38867] INFO  grpc.GrpcConfigKeys (ConfUtils.java:logGet(44)) - raft.grpc.server.port = 41375 (custom)
2022-03-14 12:20:00,170 [Listener at localhost/38867] INFO  server.GrpcService (ConfUtils.java:logGet(44)) - raft.grpc.message.size.max = 33554432 (custom)
2022-03-14 12:20:00,170 [Listener at localhost/38867] INFO  server.RaftServerConfigKeys (ConfUtils.java:logGet(44)) - raft.server.log.appender.buffer.byte-limit = 33554432 (custom)
2022-03-14 12:20:00,170 [Listener at localhost/38867] INFO  server.GrpcService (ConfUtils.java:logGet(44)) - raft.grpc.flow.control.window = 1MB (=1048576) (default)
2022-03-14 12:20:00,171 [Listener at localhost/38867] INFO  server.RaftServerConfigKeys (ConfUtils.java:logGet(44)) - raft.server.rpc.request.timeout = 3000ms (default)
2022-03-14 12:20:00,172 [Listener at localhost/38867] INFO  impl.DataStreamServerImpl (ConfUtils.java:logGet(44)) - raft.datastream.type = DISABLED (default)
2022-03-14 12:20:00,172 [Listener at localhost/38867] INFO  server.RaftServerConfigKeys (ConfUtils.java:logGet(44)) - raft.server.rpc.slowness.timeout = 2s (custom)
2022-03-14 12:20:00,172 [Listener at localhost/38867] INFO  server.RaftServerConfigKeys (ConfUtils.java:logGet(44)) - raft.server.leaderelection.leader.step-down.wait-time = 10s (default)
2022-03-14 12:20:00,172 [Listener at localhost/38867] INFO  server.RaftServerConfigKeys (ConfUtils.java:logGet(44)) - raft.server.storage.dir = [/home/runner/work/ozone/ozone/hadoop-ozone/integration-test/target/test-dir/MiniOzoneClusterImpl-278953cb-1c57-4e8b-ba2f-5e3472d45912/omNode-1/ratis] (custom)
2022-03-14 12:20:00,172 [Listener at localhost/38867] INFO  server.RaftServer (RaftServerProxy.java:lambda$null$1(235)) - omNode-1: found a subdirectory /home/runner/work/ozone/ozone/hadoop-ozone/integration-test/target/test-dir/MiniOzoneClusterImpl-278953cb-1c57-4e8b-ba2f-5e3472d45912/omNode-1/ratis/c9bc4cf4-3bc3-3c60-a66b-523986131536
2022-03-14 12:20:00,174 [Listener at localhost/38867] INFO  server.RaftServer (RaftServerProxy.java:addNew(95)) - omNode-1: addNew group-523986131536:[omNode-3|rpc:localhost:38427|priority:0, omNode-1|rpc:localhost:41375|priority:0, omNode-2|rpc:localhost:40735|priority:0] returns group-523986131536:java.util.concurrent.CompletableFuture@53452787[Not completed]
2022-03-14 12:20:00,174 [Listener at localhost/38867] INFO  om.OzoneManager (OzoneManager.java:initializeRatisServer(1834)) - OzoneManager Ratis server initialized at port 41375
2022-03-14 12:20:00,174 [Listener at localhost/38867] INFO  ratis.OzoneManagerRatisServer (OzoneManagerRatisServer.java:start(554)) - Starting OzoneManagerRatisServer omNode-1 at port 41375
2022-03-14 12:20:00,174 [pool-272-thread-1] INFO  server.RaftServer$Division (RaftServerImpl.java:<init>(184)) - omNode-1: new RaftServerImpl for group-523986131536:[omNode-3|rpc:localhost:38427|priority:0, omNode-1|rpc:localhost:41375|priority:0, omNode-2|rpc:localhost:40735|priority:0] with OzoneManagerStateMachine:uninitialized
2022-03-14 12:20:00,175 [pool-272-thread-1] INFO  server.RaftServerConfigKeys (ConfUtils.java:logGet(44)) - raft.server.rpc.timeout.min = 1s (custom)
2022-03-14 12:20:00,176 [pool-272-thread-1] INFO  server.RaftServerConfigKeys (ConfUtils.java:logGet(44)) - raft.server.rpc.timeout.max = 1200ms (custom)
2022-03-14 12:20:00,176 [pool-272-thread-1] INFO  server.RaftServerConfigKeys (ConfUtils.java:logGet(44)) - raft.server.rpc.sleep.time = 25ms (default)
2022-03-14 12:20:00,176 [pool-272-thread-1] INFO  server.RaftServerConfigKeys (ConfUtils.java:logGet(44)) - raft.server.rpc.slowness.timeout = 2s (custom)
2022-03-14 12:20:00,176 [pool-272-thread-1] INFO  server.RaftServerConfigKeys (ConfUtils.java:logGet(44)) - raft.server.leaderelection.leader.step-down.wait-time = 10s (default)
2022-03-14 12:20:00,176 [pool-272-thread-1] INFO  server.RaftServerConfigKeys (ConfUtils.java:logGet(44)) - raft.server.sleep.deviation.threshold = 300ms (default)
2022-03-14 12:20:00,176 [pool-272-thread-1] INFO  server.RaftServerConfigKeys (ConfUtils.java:logGet(44)) - raft.server.log.appender.install.snapshot.enabled = false (custom)
2022-03-14 12:20:00,176 [pool-272-thread-1] INFO  server.RaftServer$Division (ServerState.java:<init>(105)) - omNode-1@group-523986131536: ConfigurationManager, init=-1: [omNode-3|rpc:localhost:38427|priority:0, omNode-1|rpc:localhost:41375|priority:0, omNode-2|rpc:localhost:40735|priority:0], old=null, confs=<EMPTY_MAP>
2022-03-14 12:20:00,176 [pool-272-thread-1] INFO  server.RaftServerConfigKeys (ConfUtils.java:logGet(44)) - raft.server.storage.dir = [/home/runner/work/ozone/ozone/hadoop-ozone/integration-test/target/test-dir/MiniOzoneClusterImpl-278953cb-1c57-4e8b-ba2f-5e3472d45912/omNode-1/ratis] (custom)
2022-03-14 12:20:00,176 [pool-272-thread-1] INFO  server.RaftServerConfigKeys (ConfUtils.java:logGet(44)) - raft.server.log.corruption.policy = EXCEPTION (default)
2022-03-14 12:20:00,176 [pool-272-thread-1] INFO  server.RaftServerConfigKeys (ConfUtils.java:logGet(44)) - raft.server.storage.free-space.min = 0MB (=0) (default)
2022-03-14 12:20:00,177 [pool-272-thread-1] INFO  storage.RaftStorageDirectory (RaftStorageDirectoryImpl.java:tryLock(230)) - Lock on /home/runner/work/ozone/ozone/hadoop-ozone/integration-test/target/test-dir/MiniOzoneClusterImpl-278953cb-1c57-4e8b-ba2f-5e3472d45912/omNode-1/ratis/c9bc4cf4-3bc3-3c60-a66b-523986131536/in_use.lock acquired by nodename 10847@fv-az291-848
2022-03-14 12:20:00,178 [pool-272-thread-1] INFO  storage.RaftStorage (RaftStorageImpl.java:analyzeAndRecoverStorage(110)) - Read RaftStorageMetadata{term=4, votedFor=omNode-2} from /home/runner/work/ozone/ozone/hadoop-ozone/integration-test/target/test-dir/MiniOzoneClusterImpl-278953cb-1c57-4e8b-ba2f-5e3472d45912/omNode-1/ratis/c9bc4cf4-3bc3-3c60-a66b-523986131536/current/raft-meta
2022-03-14 12:20:00,178 [pool-272-thread-1] INFO  server.RaftServer$Division (ServerState.java:setRaftConf(387)) - omNode-1@group-523986131536: set configuration 21: [omNode-3|rpc:localhost:38427|admin:|client:|dataStream:|priority:0, omNode-1|rpc:localhost:41375|admin:|client:|dataStream:|priority:0, omNode-2|rpc:localhost:40735|admin:|client:|dataStream:|priority:0], old=null
2022-03-14 12:20:00,178 [pool-272-thread-1] INFO  server.RaftServerConfigKeys (ConfUtils.java:logGet(44)) - raft.server.notification.no-leader.timeout = 2s (custom)
2022-03-14 12:20:00,178 [pool-272-thread-1] INFO  server.RaftServerConfigKeys (ConfUtils.java:logGet(44)) - raft.server.log.use.memory = false (default)
2022-03-14 12:20:00,178 [pool-272-thread-1] INFO  server.RaftServerConfigKeys (ConfUtils.java:logGet(44)) - raft.server.log.purge.gap = 50 (custom)
2022-03-14 12:20:00,178 [pool-272-thread-1] INFO  server.RaftServerConfigKeys (ConfUtils.java:logGet(44)) - raft.server.log.appender.buffer.byte-limit = 33554432 (custom)
2022-03-14 12:20:00,179 [pool-272-thread-1] INFO  server.RaftServerConfigKeys (ConfUtils.java:logGet(44)) - raft.server.log.segment.size.max = 4194304 (custom)
2022-03-14 12:20:00,179 [pool-272-thread-1] INFO  server.RaftServerConfigKeys (ConfUtils.java:logGet(44)) - raft.server.log.segment.cache.num.max = 2 (custom)
2022-03-14 12:20:00,179 [pool-272-thread-1] INFO  server.RaftServerConfigKeys (ConfUtils.java:logGet(44)) - raft.server.log.segment.cache.size.max = 200MB (=209715200) (default)
2022-03-14 12:20:00,179 [pool-272-thread-1] INFO  segmented.SegmentedRaftLogWorker (SegmentedRaftLogWorker.java:<init>(182)) - new omNode-1@group-523986131536-SegmentedRaftLogWorker for RaftStorageImpl:Storage Directory /home/runner/work/ozone/ozone/hadoop-ozone/integration-test/target/test-dir/MiniOzoneClusterImpl-278953cb-1c57-4e8b-ba2f-5e3472d45912/omNode-1/ratis/c9bc4cf4-3bc3-3c60-a66b-523986131536
2022-03-14 12:20:00,179 [pool-272-thread-1] INFO  server.RaftServerConfigKeys (ConfUtils.java:logGet(44)) - raft.server.log.queue.byte-limit = 64MB (=67108864) (default)
2022-03-14 12:20:00,179 [pool-272-thread-1] INFO  server.RaftServerConfigKeys (ConfUtils.java:logGet(44)) - raft.server.log.queue.element-limit = 4096 (default)
2022-03-14 12:20:00,179 [pool-272-thread-1] INFO  server.RaftServerConfigKeys (ConfUtils.java:logGet(44)) - raft.server.log.segment.size.max = 4194304 (custom)
2022-03-14 12:20:00,179 [pool-272-thread-1] INFO  server.RaftServerConfigKeys (ConfUtils.java:logGet(44)) - raft.server.log.preallocated.size = 4194304 (custom)
2022-03-14 12:20:00,179 [pool-272-thread-1] INFO  server.RaftServerConfigKeys (ConfUtils.java:logGet(44)) - raft.server.log.force.sync.num = 128 (default)
2022-03-14 12:20:00,180 [pool-272-thread-1] INFO  server.RaftServerConfigKeys (ConfUtils.java:logGet(44)) - raft.server.log.statemachine.data.sync = true (default)
2022-03-14 12:20:00,180 [pool-272-thread-1] INFO  server.RaftServerConfigKeys (ConfUtils.java:logGet(44)) - raft.server.log.statemachine.data.sync.timeout = 10s (default)
2022-03-14 12:20:00,180 [pool-272-thread-1] INFO  server.RaftServerConfigKeys (ConfUtils.java:logGet(44)) - raft.server.log.statemachine.data.sync.timeout.retry = -1 (default)
2022-03-14 12:20:00,180 [pool-272-thread-1] INFO  server.RaftServerConfigKeys (ConfUtils.java:logGet(44)) - raft.server.log.write.buffer.size = 64KB (=65536) (default)
2022-03-14 12:20:00,180 [pool-272-thread-1] INFO  server.RaftServerConfigKeys (ConfUtils.java:logGet(44)) - raft.server.log.statemachine.data.caching.enabled = false (default)
2022-03-14 12:20:00,181 [pool-272-thread-1] INFO  segmented.SegmentedRaftLogWorker (SegmentedRaftLogWorker.java:lambda$new$0(133)) - omNode-1@group-523986131536-SegmentedRaftLogWorker: flushIndex: setUnconditionally 0 -> 18
2022-03-14 12:20:00,181 [pool-272-thread-1] INFO  segmented.SegmentedRaftLogWorker (SegmentedRaftLogWorker.java:lambda$new$0(133)) - omNode-1@group-523986131536-SegmentedRaftLogWorker: safeCacheEvictIndex: setUnconditionally 0 -> -1
2022-03-14 12:20:00,182 [pool-272-thread-1] INFO  server.RaftServerConfigKeys (ConfUtils.java:logGet(44)) - raft.server.snapshot.auto.trigger.enabled = true (custom)
2022-03-14 12:20:00,182 [pool-272-thread-1] INFO  server.RaftServerConfigKeys (ConfUtils.java:logGet(44)) - raft.server.snapshot.auto.trigger.threshold = 50 (custom)
2022-03-14 12:20:00,182 [pool-272-thread-1] INFO  server.RaftServerConfigKeys (ConfUtils.java:logGet(44)) - raft.server.snapshot.retention.file.num = -1 (default)
2022-03-14 12:20:00,182 [pool-272-thread-1] INFO  server.RaftServerConfigKeys (ConfUtils.java:logGet(44)) - raft.server.log.purge.upto.snapshot.index = true (custom)
2022-03-14 12:20:00,182 [pool-272-thread-1] INFO  server.RaftServerConfigKeys (ConfUtils.java:logGet(44)) - raft.server.retrycache.expirytime = 30000ms (custom)
2022-03-14 12:20:00,182 [pool-272-thread-1] INFO  server.RaftServerConfigKeys (ConfUtils.java:logGet(44)) - raft.server.retrycache.statistics.expirytime = 100μs (default)
2022-03-14 12:20:00,183 [Listener at localhost/38867] INFO  server.RaftServer$Division (RaftServerImpl.java:start(301)) - omNode-1@group-523986131536: start as a follower, conf=21: [omNode-3|rpc:localhost:38427|admin:|client:|dataStream:|priority:0, omNode-1|rpc:localhost:41375|admin:|client:|dataStream:|priority:0, omNode-2|rpc:localhost:40735|admin:|client:|dataStream:|priority:0], old=null
2022-03-14 12:20:00,183 [Listener at localhost/38867] INFO  server.RaftServer$Division (RaftServerImpl.java:setRole(290)) - omNode-1@group-523986131536: changes role from      null to FOLLOWER at term 4 for startAsFollower
2022-03-14 12:20:00,183 [Listener at localhost/38867] INFO  impl.RoleInfo (RoleInfo.java:updateAndGet(130)) - omNode-1: start omNode-1@group-523986131536-FollowerState
2022-03-14 12:20:00,186 [Listener at localhost/38867] INFO  util.JmxRegister (JmxRegister.java:tryRegister(44)) - Successfully registered JMX Bean with object name Ratis:service=RaftServer,group=group-523986131536,id=omNode-1
2022-03-14 12:20:00,186 [Listener at localhost/38867] INFO  server.RaftServer (RaftServerProxy.java:lambda$start$5(374)) - omNode-1: start RPC server
2022-03-14 12:20:00,187 [Listener at localhost/38867] INFO  server.GrpcService (GrpcService.java:startImpl(253)) - omNode-1: GrpcService started, listening on 41375
2022-03-14 12:20:00,188 [Listener at localhost/38867] INFO  ipc.CallQueueManager (CallQueueManager.java:<init>(90)) - Using callQueue: class java.util.concurrent.LinkedBlockingQueue, queueCapacity: 2000, scheduler: class org.apache.hadoop.ipc.DefaultRpcScheduler, ipcBackoff: false.
2022-03-14 12:20:00,188 [org.apache.ratis.util.JvmPauseMonitor$$Lambda$422/892611887@609d87cc] INFO  util.JvmPauseMonitor (JvmPauseMonitor.java:run(103)) - JvmPauseMonitor-omNode-1: Started
2022-03-14 12:20:00,188 [Socket Reader #1 for port 33717] INFO  ipc.Server (Server.java:run(1265)) - Starting Socket Reader #1 for port 33717
2022-03-14 12:20:00,198 [Listener at localhost/33717] INFO  http.BaseHttpServer (BaseHttpServer.java:newHttpServer2BuilderForOzone(209)) - Starting Web-server for ozoneManager at: http://0.0.0.0:46861
2022-03-14 12:20:00,198 [Listener at localhost/33717] INFO  http.BaseHttpServer (BaseHttpServer.java:<init>(107)) - Hadoop Security Enabled: false Ozone Security Enabled: false Ozone HTTP Security Enabled: false 
2022-03-14 12:20:00,199 [Listener at localhost/33717] INFO  server.AuthenticationFilter (AuthenticationFilter.java:constructSecretProvider(240)) - Unable to initialize FileSignerSecretProvider, falling back to use random secrets.
2022-03-14 12:20:00,200 [Listener at localhost/33717] WARN  http.HttpRequestLog (HttpRequestLog.java:getRequestLog(103)) - Jetty request log can only be enabled using Log4j
2022-03-14 12:20:00,201 [Listener at localhost/33717] INFO  http.HttpServer2 (HttpServer2.java:addGlobalFilter(1030)) - Added global filter 'safety' (class=org.apache.hadoop.hdds.server.http.HttpServer2$QuotingInputFilter)
2022-03-14 12:20:00,201 [Listener at localhost/33717] INFO  http.HttpServer2 (HttpServer2.java:addFilter(1006)) - Added filter static_user_filter (class=org.apache.hadoop.http.lib.StaticUserWebFilter$StaticUserFilter) to context ozoneManager
2022-03-14 12:20:00,201 [Listener at localhost/33717] INFO  http.HttpServer2 (HttpServer2.java:addFilter(1014)) - Added filter static_user_filter (class=org.apache.hadoop.http.lib.StaticUserWebFilter$StaticUserFilter) to context logs
2022-03-14 12:20:00,201 [Listener at localhost/33717] INFO  http.HttpServer2 (HttpServer2.java:addFilter(1014)) - Added filter static_user_filter (class=org.apache.hadoop.http.lib.StaticUserWebFilter$StaticUserFilter) to context static
2022-03-14 12:20:00,202 [Listener at localhost/33717] INFO  http.HttpServer2 (HttpServer2.java:bindListener(1249)) - Jetty bound to port 46861
2022-03-14 12:20:00,202 [Listener at localhost/33717] INFO  server.Server (Server.java:doStart(375)) - jetty-9.4.43.v20210629; built: 2021-06-30T11:07:22.254Z; git: 526006ecfa3af7f1a27ef3a288e2bef7ea9dd7e8; jvm 1.8.0_322-b06
2022-03-14 12:20:00,203 [Listener at localhost/33717] INFO  server.session (DefaultSessionIdManager.java:doStart(334)) - DefaultSessionIdManager workerName=node0
2022-03-14 12:20:00,203 [Listener at localhost/33717] INFO  server.session (DefaultSessionIdManager.java:doStart(339)) - No SessionScavenger set, using defaults
2022-03-14 12:20:00,204 [Listener at localhost/33717] INFO  server.session (HouseKeeper.java:startScavenging(132)) - node0 Scavenging every 600000ms
2022-03-14 12:20:00,204 [Listener at localhost/33717] INFO  handler.ContextHandler (ContextHandler.java:doStart(915)) - Started o.e.j.s.ServletContextHandler@4f146464{logs,/logs,file:///home/runner/work/ozone/ozone/hadoop-ozone/integration-test/target/log,AVAILABLE}
2022-03-14 12:20:00,204 [Listener at localhost/33717] INFO  handler.ContextHandler (ContextHandler.java:doStart(915)) - Started o.e.j.s.ServletContextHandler@3905da18{static,/static,file:///home/runner/work/ozone/ozone/hadoop-ozone/integration-test/target/test-classes/webapps/static,AVAILABLE}
2022-03-14 12:20:00,208 [Listener at localhost/33717] INFO  handler.ContextHandler (ContextHandler.java:doStart(915)) - Started o.e.j.w.WebAppContext@6b8f67b5{ozoneManager,/,file:///home/runner/work/ozone/ozone/hadoop-ozone/integration-test/target/test-classes/webapps/ozoneManager/,AVAILABLE}{file:/home/runner/work/ozone/ozone/hadoop-ozone/integration-test/target/test-classes/webapps/ozoneManager}
2022-03-14 12:20:00,210 [Listener at localhost/33717] INFO  server.AbstractConnector (AbstractConnector.java:doStart(331)) - Started ServerConnector@3196e0a6{HTTP/1.1, (http/1.1)}{0.0.0.0:46861}
2022-03-14 12:20:00,210 [Listener at localhost/33717] INFO  server.Server (Server.java:doStart(415)) - Started @164504ms
2022-03-14 12:20:00,210 [Listener at localhost/33717] WARN  impl.MetricsSystemImpl (MetricsSystemImpl.java:register(279)) - Sink prometheus already exists!
2022-03-14 12:20:00,210 [Listener at localhost/33717] INFO  http.BaseHttpServer (BaseHttpServer.java:updateConnectorAddress(329)) - HTTP server of ozoneManager listening at http://0.0.0.0:46861
2022-03-14 12:20:00,214 [IPC Server Responder] INFO  ipc.Server (Server.java:run(1507)) - IPC Server Responder: starting
2022-03-14 12:20:00,215 [IPC Server listener on 33717] INFO  ipc.Server (Server.java:run(1344)) - IPC Server listener on 33717: starting
2022-03-14 12:20:00,222 [Listener at localhost/33717] INFO  om.OzoneManager (OzoneManager.java:startTrashEmptier(1792)) - Trash Interval set to 0. Files deleted will not move to trash
2022-03-14 12:20:00,223 [Listener at localhost/33717] INFO  om.OzoneManager (OzoneManager.java:stop(1893)) - omNode-2[localhost:44939]: Stopping Ozone Manager
2022-03-14 12:20:00,224 [Listener at localhost/33717] INFO  ipc.Server (Server.java:stop(3414)) - Stopping server on 44939
2022-03-14 12:20:00,228 [org.apache.hadoop.util.JvmPauseMonitor$Monitor@15b2e94d] INFO  util.JvmPauseMonitor (JvmPauseMonitor.java:run(188)) - Starting JVM pause monitor
2022-03-14 12:20:00,229 [Listener at localhost/33717] INFO  server.RaftServer (RaftServerProxy.java:lambda$close$6(391)) - omNode-2: close
2022-03-14 12:20:00,229 [IPC Server Responder] INFO  ipc.Server (Server.java:run(1512)) - Stopping IPC Server Responder
2022-03-14 12:20:00,228 [IPC Server listener on 44939] INFO  ipc.Server (Server.java:run(1376)) - Stopping IPC Server listener on 44939
2022-03-14 12:20:00,230 [Listener at localhost/33717] INFO  server.RaftServer$Division (RaftServerImpl.java:lambda$close$4(412)) - omNode-2@group-523986131536: shutdown
2022-03-14 12:20:00,231 [Listener at localhost/33717] INFO  util.JmxRegister (JmxRegister.java:unregister(73)) - Successfully un-registered JMX Bean with object name Ratis:service=RaftServer,group=group-523986131536,id=omNode-2
2022-03-14 12:20:00,231 [Listener at localhost/33717] INFO  impl.RoleInfo (RoleInfo.java:shutdownLeaderState(91)) - omNode-2: shutdown omNode-2@group-523986131536-LeaderStateImpl
2022-03-14 12:20:00,231 [omNode-2@group-523986131536->omNode-1-GrpcLogAppender-LogAppenderDaemon] WARN  server.GrpcLogAppender (GrpcLogAppender.java:mayWait(177)) - omNode-2@group-523986131536->omNode-1-GrpcLogAppender: Wait interrupted by java.lang.InterruptedException
2022-03-14 12:20:00,231 [omNode-2@group-523986131536->omNode-3-GrpcLogAppender-LogAppenderDaemon] WARN  server.GrpcLogAppender (GrpcLogAppender.java:mayWait(177)) - omNode-2@group-523986131536->omNode-3-GrpcLogAppender: Wait interrupted by java.lang.InterruptedException
2022-03-14 12:20:00,231 [Listener at localhost/33717] INFO  impl.PendingRequests (PendingRequests.java:sendNotLeaderResponses(282)) - omNode-2@group-523986131536-PendingRequests: sendNotLeaderResponses
2022-03-14 12:20:00,233 [Listener at localhost/33717] INFO  impl.StateMachineUpdater (StateMachineUpdater.java:stopAndJoin(149)) - omNode-2@group-523986131536-StateMachineUpdater: set stopIndex = 24
2022-03-14 12:20:00,234 [omNode-2@group-523986131536-StateMachineUpdater] INFO  ratis.OzoneManagerStateMachine (OzoneManagerStateMachine.java:takeSnapshot(417)) - Current Snapshot Index (t:4, i:24)
2022-03-14 12:20:00,234 [omNode-2@group-523986131536-StateMachineUpdater] INFO  impl.StateMachineUpdater (StateMachineUpdater.java:takeSnapshot(281)) - omNode-2@group-523986131536-StateMachineUpdater: Took a snapshot at index 24
2022-03-14 12:20:00,234 [omNode-2@group-523986131536-StateMachineUpdater] INFO  impl.StateMachineUpdater (StateMachineUpdater.java:lambda$new$0(89)) - omNode-2@group-523986131536-StateMachineUpdater: snapshotIndex: updateIncreasingly 20 -> 24
2022-03-14 12:20:00,234 [omNode-2@group-523986131536-StateMachineUpdater] INFO  ratis.OzoneManagerStateMachine (OzoneManagerStateMachine.java:close(471)) - StateMachine has shutdown. Shutdown OzoneManager if not already shutdown.
2022-03-14 12:20:00,236 [Listener at localhost/33717] INFO  server.RaftServer$Division (ServerState.java:close(419)) - omNode-2@group-523986131536: closes. applyIndex: 24
2022-03-14 12:20:00,236 [omNode-2@group-523986131536-SegmentedRaftLogWorker] INFO  segmented.SegmentedRaftLogWorker (SegmentedRaftLogWorker.java:run(327)) - omNode-2@group-523986131536-SegmentedRaftLogWorker was interrupted, exiting. There are 0 tasks remaining in the queue.
2022-03-14 12:20:00,240 [Listener at localhost/33717] INFO  segmented.SegmentedRaftLogWorker (SegmentedRaftLogWorker.java:close(237)) - omNode-2@group-523986131536-SegmentedRaftLogWorker close()
2022-03-14 12:20:00,241 [Listener at localhost/33717] INFO  server.GrpcService (GrpcService.java:closeImpl(262)) - omNode-2: shutdown server with port 40735 now
2022-03-14 12:20:00,242 [Listener at localhost/33717] INFO  server.GrpcService (GrpcService.java:closeImpl(271)) - omNode-2: shutdown server with port 40735 successfully
2022-03-14 12:20:00,243 [org.apache.ratis.util.JvmPauseMonitor$$Lambda$422/892611887@25e5d7d5] INFO  util.JvmPauseMonitor (JvmPauseMonitor.java:run(109)) - JvmPauseMonitor-omNode-2: Stopped
2022-03-14 12:20:00,243 [Listener at localhost/33717] INFO  ratis.OzoneManagerDoubleBuffer (OzoneManagerDoubleBuffer.java:stop(437)) - Stopping OMDoubleBuffer flush thread
2022-03-14 12:20:00,243 [OMDoubleBufferFlushThread] INFO  ratis.OzoneManagerDoubleBuffer (OzoneManagerDoubleBuffer.java:flushTransactions(356)) - OMDoubleBuffer flush thread OMDoubleBufferFlushThread is interrupted and will exit. OMDoubleBufferFlushThread
2022-03-14 12:20:00,245 [Listener at localhost/33717] INFO  handler.ContextHandler (ContextHandler.java:doStop(1153)) - Stopped o.e.j.w.WebAppContext@114b4fa7{ozoneManager,/,null,STOPPED}{file:/home/runner/work/ozone/ozone/hadoop-ozone/integration-test/target/test-classes/webapps/ozoneManager}
2022-03-14 12:20:00,246 [Listener at localhost/33717] INFO  server.AbstractConnector (AbstractConnector.java:doStop(381)) - Stopped ServerConnector@566ddbec{HTTP/1.1, (http/1.1)}{0.0.0.0:45729}
2022-03-14 12:20:00,246 [Listener at localhost/33717] INFO  server.session (HouseKeeper.java:stopScavenging(149)) - node0 Stopped scavenging
2022-03-14 12:20:00,246 [Listener at localhost/33717] INFO  handler.ContextHandler (ContextHandler.java:doStop(1153)) - Stopped o.e.j.s.ServletContextHandler@15c52160{static,/static,file:///home/runner/work/ozone/ozone/hadoop-ozone/integration-test/target/test-classes/webapps/static,STOPPED}
2022-03-14 12:20:00,247 [Listener at localhost/33717] INFO  handler.ContextHandler (ContextHandler.java:doStop(1153)) - Stopped o.e.j.s.ServletContextHandler@1f594614{logs,/logs,file:///home/runner/work/ozone/ozone/hadoop-ozone/integration-test/target/log,STOPPED}
2022-03-14 12:20:00,251 [Listener at localhost/33717] INFO  om.OzoneManager (OzoneManager.java:restart(1451)) - OzoneManager RPC server is listening at localhost/127.0.0.1:44939
2022-03-14 12:20:00,251 [Listener at localhost/33717] INFO  impl.MetricsSystemImpl (MetricsSystemImpl.java:init(158)) - OzoneManager metrics system started (again)
2022-03-14 12:20:00,270 [Listener at localhost/33717] WARN  server.ServerUtils (ServerUtils.java:getDBPath(225)) - ozone.om.db.dirs is not configured. We recommend adding this setting. Falling back to ozone.metadata.dirs instead.
2022-03-14 12:20:00,271 [Listener at localhost/33717] INFO  codec.OmKeyInfoCodec (OmKeyInfoCodec.java:<init>(49)) - OmKeyInfoCodec ignorePipeline = true
2022-03-14 12:20:00,271 [Listener at localhost/33717] INFO  codec.RepeatedOmKeyInfoCodec (RepeatedOmKeyInfoCodec.java:<init>(41)) - RepeatedOmKeyInfoCodec ignorePipeline = true
2022-03-14 12:20:00,302 [Listener at localhost/33717] WARN  impl.MetricRegistriesImpl (MetricRegistriesImpl.java:addReporterRegistration(111)) - New reporters are added after registries were created. Some metrics will be missing from the reporter. Please add reporter before adding any new registry.
2022-03-14 12:20:00,302 [Listener at localhost/33717] WARN  impl.MetricRegistriesImpl (MetricRegistriesImpl.java:addReporterRegistration(111)) - New reporters are added after registries were created. Some metrics will be missing from the reporter. Please add reporter before adding any new registry.
2022-03-14 12:20:00,303 [Listener at localhost/33717] WARN  server.ServerUtils (ServerUtils.java:getDefaultRatisDirectory(237)) - Storage directory for Ratis is not configured. It is a good idea to map this to an SSD disk. Falling back to ozone.metadata.dirs
2022-03-14 12:20:00,303 [Listener at localhost/33717] INFO  ratis.OzoneManagerRatisServer (OzoneManagerRatisServer.java:<init>(159)) - Instantiating OM Ratis server with groupID: om-service-test1 and peers: localhost:40735, localhost:38427, localhost:41375
2022-03-14 12:20:00,303 [Listener at localhost/33717] INFO  ratis.OzoneManagerStateMachine (OzoneManagerStateMachine.java:loadSnapshotInfoFromDB(605)) - LastAppliedIndex is set from TransactionInfo from OM DB as (t:4, i:24)
2022-03-14 12:20:00,306 [Listener at localhost/33717] INFO  server.RaftServer (ConfUtils.java:logGet(44)) - raft.rpc.type = GRPC (default)
2022-03-14 12:20:00,306 [Listener at localhost/33717] INFO  grpc.GrpcFactory (GrpcFactory.java:checkPooledByteBufAllocatorUseCacheForAllThreads(48)) - PERFORMANCE WARNING: useCacheForAllThreads is true that may cause Netty to create a lot garbage objects and, as a result, trigger GC.
	It is recommended to disable useCacheForAllThreads by setting -Dorg.apache.ratis.thirdparty.io.netty.allocator.useCacheForAllThreads=false in command line.
2022-03-14 12:20:00,306 [Listener at localhost/33717] INFO  grpc.GrpcConfigKeys (ConfUtils.java:logGet(44)) - raft.grpc.admin.port = -1 (default)
2022-03-14 12:20:00,306 [Listener at localhost/33717] INFO  grpc.GrpcConfigKeys (ConfUtils.java:logGet(44)) - raft.grpc.server.port = 40735 (custom)
2022-03-14 12:20:00,306 [Listener at localhost/33717] INFO  grpc.GrpcConfigKeys (ConfUtils.java:logGet(44)) - raft.grpc.client.port = -1 (default)
2022-03-14 12:20:00,307 [Listener at localhost/33717] INFO  grpc.GrpcConfigKeys (ConfUtils.java:logGet(44)) - raft.grpc.server.port = 40735 (custom)
2022-03-14 12:20:00,307 [Listener at localhost/33717] INFO  grpc.GrpcConfigKeys (ConfUtils.java:logGet(44)) - raft.grpc.server.port = 40735 (custom)
2022-03-14 12:20:00,307 [Listener at localhost/33717] INFO  server.GrpcService (ConfUtils.java:logGet(44)) - raft.grpc.message.size.max = 33554432 (custom)
2022-03-14 12:20:00,307 [Listener at localhost/33717] INFO  server.RaftServerConfigKeys (ConfUtils.java:logGet(44)) - raft.server.log.appender.buffer.byte-limit = 33554432 (custom)
2022-03-14 12:20:00,307 [Listener at localhost/33717] INFO  server.GrpcService (ConfUtils.java:logGet(44)) - raft.grpc.flow.control.window = 1MB (=1048576) (default)
2022-03-14 12:20:00,307 [Listener at localhost/33717] INFO  server.RaftServerConfigKeys (ConfUtils.java:logGet(44)) - raft.server.rpc.request.timeout = 3000ms (default)
2022-03-14 12:20:00,308 [Listener at localhost/33717] INFO  impl.DataStreamServerImpl (ConfUtils.java:logGet(44)) - raft.datastream.type = DISABLED (default)
2022-03-14 12:20:00,308 [Listener at localhost/33717] INFO  server.RaftServerConfigKeys (ConfUtils.java:logGet(44)) - raft.server.rpc.slowness.timeout = 2s (custom)
2022-03-14 12:20:00,308 [Listener at localhost/33717] INFO  server.RaftServerConfigKeys (ConfUtils.java:logGet(44)) - raft.server.leaderelection.leader.step-down.wait-time = 10s (default)
2022-03-14 12:20:00,308 [Listener at localhost/33717] INFO  server.RaftServerConfigKeys (ConfUtils.java:logGet(44)) - raft.server.storage.dir = [/home/runner/work/ozone/ozone/hadoop-ozone/integration-test/target/test-dir/MiniOzoneClusterImpl-278953cb-1c57-4e8b-ba2f-5e3472d45912/omNode-2/ratis] (custom)
2022-03-14 12:20:00,308 [Listener at localhost/33717] INFO  server.RaftServer (RaftServerProxy.java:lambda$null$1(235)) - omNode-2: found a subdirectory /home/runner/work/ozone/ozone/hadoop-ozone/integration-test/target/test-dir/MiniOzoneClusterImpl-278953cb-1c57-4e8b-ba2f-5e3472d45912/omNode-2/ratis/c9bc4cf4-3bc3-3c60-a66b-523986131536
2022-03-14 12:20:00,309 [Listener at localhost/33717] INFO  server.RaftServer (RaftServerProxy.java:addNew(95)) - omNode-2: addNew group-523986131536:[omNode-3|rpc:localhost:38427|priority:0, omNode-1|rpc:localhost:41375|priority:0, omNode-2|rpc:localhost:40735|priority:0] returns group-523986131536:java.util.concurrent.CompletableFuture@53bafa0c[Not completed]
2022-03-14 12:20:00,309 [pool-292-thread-1] INFO  server.RaftServer$Division (RaftServerImpl.java:<init>(184)) - omNode-2: new RaftServerImpl for group-523986131536:[omNode-3|rpc:localhost:38427|priority:0, omNode-1|rpc:localhost:41375|priority:0, omNode-2|rpc:localhost:40735|priority:0] with OzoneManagerStateMachine:uninitialized
2022-03-14 12:20:00,309 [Listener at localhost/33717] INFO  om.OzoneManager (OzoneManager.java:initializeRatisServer(1834)) - OzoneManager Ratis server initialized at port 40735
2022-03-14 12:20:00,309 [Listener at localhost/33717] INFO  ratis.OzoneManagerRatisServer (OzoneManagerRatisServer.java:start(554)) - Starting OzoneManagerRatisServer omNode-2 at port 40735
2022-03-14 12:20:00,310 [pool-292-thread-1] INFO  server.RaftServerConfigKeys (ConfUtils.java:logGet(44)) - raft.server.rpc.timeout.min = 1s (custom)
2022-03-14 12:20:00,310 [pool-292-thread-1] INFO  server.RaftServerConfigKeys (ConfUtils.java:logGet(44)) - raft.server.rpc.timeout.max = 1200ms (custom)
2022-03-14 12:20:00,310 [pool-292-thread-1] INFO  server.RaftServerConfigKeys (ConfUtils.java:logGet(44)) - raft.server.rpc.sleep.time = 25ms (default)
2022-03-14 12:20:00,310 [pool-292-thread-1] INFO  server.RaftServerConfigKeys (ConfUtils.java:logGet(44)) - raft.server.rpc.slowness.timeout = 2s (custom)
2022-03-14 12:20:00,310 [pool-292-thread-1] INFO  server.RaftServerConfigKeys (ConfUtils.java:logGet(44)) - raft.server.leaderelection.leader.step-down.wait-time = 10s (default)
2022-03-14 12:20:00,310 [pool-292-thread-1] INFO  server.RaftServerConfigKeys (ConfUtils.java:logGet(44)) - raft.server.sleep.deviation.threshold = 300ms (default)
2022-03-14 12:20:00,310 [pool-292-thread-1] INFO  server.RaftServerConfigKeys (ConfUtils.java:logGet(44)) - raft.server.log.appender.install.snapshot.enabled = false (custom)
2022-03-14 12:20:00,310 [pool-292-thread-1] INFO  server.RaftServer$Division (ServerState.java:<init>(105)) - omNode-2@group-523986131536: ConfigurationManager, init=-1: [omNode-3|rpc:localhost:38427|priority:0, omNode-1|rpc:localhost:41375|priority:0, omNode-2|rpc:localhost:40735|priority:0], old=null, confs=<EMPTY_MAP>
2022-03-14 12:20:00,310 [pool-292-thread-1] INFO  server.RaftServerConfigKeys (ConfUtils.java:logGet(44)) - raft.server.storage.dir = [/home/runner/work/ozone/ozone/hadoop-ozone/integration-test/target/test-dir/MiniOzoneClusterImpl-278953cb-1c57-4e8b-ba2f-5e3472d45912/omNode-2/ratis] (custom)
2022-03-14 12:20:00,310 [pool-292-thread-1] INFO  server.RaftServerConfigKeys (ConfUtils.java:logGet(44)) - raft.server.log.corruption.policy = EXCEPTION (default)
2022-03-14 12:20:00,311 [pool-292-thread-1] INFO  server.RaftServerConfigKeys (ConfUtils.java:logGet(44)) - raft.server.storage.free-space.min = 0MB (=0) (default)
2022-03-14 12:20:00,312 [pool-292-thread-1] INFO  storage.RaftStorageDirectory (RaftStorageDirectoryImpl.java:tryLock(230)) - Lock on /home/runner/work/ozone/ozone/hadoop-ozone/integration-test/target/test-dir/MiniOzoneClusterImpl-278953cb-1c57-4e8b-ba2f-5e3472d45912/omNode-2/ratis/c9bc4cf4-3bc3-3c60-a66b-523986131536/in_use.lock acquired by nodename 10847@fv-az291-848
2022-03-14 12:20:00,312 [pool-292-thread-1] INFO  storage.RaftStorage (RaftStorageImpl.java:analyzeAndRecoverStorage(110)) - Read RaftStorageMetadata{term=4, votedFor=omNode-2} from /home/runner/work/ozone/ozone/hadoop-ozone/integration-test/target/test-dir/MiniOzoneClusterImpl-278953cb-1c57-4e8b-ba2f-5e3472d45912/omNode-2/ratis/c9bc4cf4-3bc3-3c60-a66b-523986131536/current/raft-meta
2022-03-14 12:20:00,312 [pool-292-thread-1] INFO  server.RaftServer$Division (ServerState.java:setRaftConf(387)) - omNode-2@group-523986131536: set configuration 21: [omNode-3|rpc:localhost:38427|admin:|client:|dataStream:|priority:0, omNode-1|rpc:localhost:41375|admin:|client:|dataStream:|priority:0, omNode-2|rpc:localhost:40735|admin:|client:|dataStream:|priority:0], old=null
2022-03-14 12:20:00,312 [pool-292-thread-1] INFO  server.RaftServerConfigKeys (ConfUtils.java:logGet(44)) - raft.server.notification.no-leader.timeout = 2s (custom)
2022-03-14 12:20:00,312 [pool-292-thread-1] INFO  server.RaftServerConfigKeys (ConfUtils.java:logGet(44)) - raft.server.log.use.memory = false (default)
2022-03-14 12:20:00,312 [pool-292-thread-1] INFO  server.RaftServerConfigKeys (ConfUtils.java:logGet(44)) - raft.server.log.purge.gap = 50 (custom)
2022-03-14 12:20:00,312 [pool-292-thread-1] INFO  server.RaftServerConfigKeys (ConfUtils.java:logGet(44)) - raft.server.log.appender.buffer.byte-limit = 33554432 (custom)
2022-03-14 12:20:00,313 [pool-292-thread-1] INFO  server.RaftServerConfigKeys (ConfUtils.java:logGet(44)) - raft.server.log.segment.size.max = 4194304 (custom)
2022-03-14 12:20:00,313 [pool-292-thread-1] INFO  server.RaftServerConfigKeys (ConfUtils.java:logGet(44)) - raft.server.log.segment.cache.num.max = 2 (custom)
2022-03-14 12:20:00,313 [pool-292-thread-1] INFO  server.RaftServerConfigKeys (ConfUtils.java:logGet(44)) - raft.server.log.segment.cache.size.max = 200MB (=209715200) (default)
2022-03-14 12:20:00,313 [pool-292-thread-1] INFO  segmented.SegmentedRaftLogWorker (SegmentedRaftLogWorker.java:<init>(182)) - new omNode-2@group-523986131536-SegmentedRaftLogWorker for RaftStorageImpl:Storage Directory /home/runner/work/ozone/ozone/hadoop-ozone/integration-test/target/test-dir/MiniOzoneClusterImpl-278953cb-1c57-4e8b-ba2f-5e3472d45912/omNode-2/ratis/c9bc4cf4-3bc3-3c60-a66b-523986131536
2022-03-14 12:20:00,313 [pool-292-thread-1] INFO  server.RaftServerConfigKeys (ConfUtils.java:logGet(44)) - raft.server.log.queue.byte-limit = 64MB (=67108864) (default)
2022-03-14 12:20:00,313 [pool-292-thread-1] INFO  server.RaftServerConfigKeys (ConfUtils.java:logGet(44)) - raft.server.log.queue.element-limit = 4096 (default)
2022-03-14 12:20:00,313 [pool-292-thread-1] INFO  server.RaftServerConfigKeys (ConfUtils.java:logGet(44)) - raft.server.log.segment.size.max = 4194304 (custom)
2022-03-14 12:20:00,313 [pool-292-thread-1] INFO  server.RaftServerConfigKeys (ConfUtils.java:logGet(44)) - raft.server.log.preallocated.size = 4194304 (custom)
2022-03-14 12:20:00,313 [pool-292-thread-1] INFO  server.RaftServerConfigKeys (ConfUtils.java:logGet(44)) - raft.server.log.force.sync.num = 128 (default)
2022-03-14 12:20:00,313 [pool-292-thread-1] INFO  server.RaftServerConfigKeys (ConfUtils.java:logGet(44)) - raft.server.log.statemachine.data.sync = true (default)
2022-03-14 12:20:00,313 [pool-292-thread-1] INFO  server.RaftServerConfigKeys (ConfUtils.java:logGet(44)) - raft.server.log.statemachine.data.sync.timeout = 10s (default)
2022-03-14 12:20:00,313 [pool-292-thread-1] INFO  server.RaftServerConfigKeys (ConfUtils.java:logGet(44)) - raft.server.log.statemachine.data.sync.timeout.retry = -1 (default)
2022-03-14 12:20:00,314 [pool-292-thread-1] INFO  server.RaftServerConfigKeys (ConfUtils.java:logGet(44)) - raft.server.log.write.buffer.size = 64KB (=65536) (default)
2022-03-14 12:20:00,314 [pool-292-thread-1] INFO  server.RaftServerConfigKeys (ConfUtils.java:logGet(44)) - raft.server.log.statemachine.data.caching.enabled = false (default)
2022-03-14 12:20:00,315 [pool-292-thread-1] INFO  server.RaftServer$Division (ServerState.java:setRaftConf(387)) - omNode-2@group-523986131536: set configuration 19: [omNode-3|rpc:localhost:38427|admin:|client:|dataStream:|priority:0, omNode-1|rpc:localhost:41375|admin:|client:|dataStream:|priority:0, omNode-2|rpc:localhost:40735|admin:|client:|dataStream:|priority:0], old=null
2022-03-14 12:20:00,315 [pool-292-thread-1] INFO  segmented.LogSegment (LogSegment.java:loadSegment(173)) - Successfully read 2 entries from segment file /home/runner/work/ozone/ozone/hadoop-ozone/integration-test/target/test-dir/MiniOzoneClusterImpl-278953cb-1c57-4e8b-ba2f-5e3472d45912/omNode-2/ratis/c9bc4cf4-3bc3-3c60-a66b-523986131536/current/log_19-20
2022-03-14 12:20:00,316 [pool-292-thread-1] INFO  server.RaftServer$Division (ServerState.java:setRaftConf(387)) - omNode-2@group-523986131536: set configuration 21: [omNode-3|rpc:localhost:38427|admin:|client:|dataStream:|priority:0, omNode-1|rpc:localhost:41375|admin:|client:|dataStream:|priority:0, omNode-2|rpc:localhost:40735|admin:|client:|dataStream:|priority:0], old=null
2022-03-14 12:20:00,316 [pool-292-thread-1] INFO  segmented.LogSegment (LogSegment.java:loadSegment(173)) - Successfully read 4 entries from segment file /home/runner/work/ozone/ozone/hadoop-ozone/integration-test/target/test-dir/MiniOzoneClusterImpl-278953cb-1c57-4e8b-ba2f-5e3472d45912/omNode-2/ratis/c9bc4cf4-3bc3-3c60-a66b-523986131536/current/log_inprogress_21
2022-03-14 12:20:00,316 [pool-292-thread-1] INFO  segmented.SegmentedRaftLogWorker (SegmentedRaftLogWorker.java:lambda$new$0(133)) - omNode-2@group-523986131536-SegmentedRaftLogWorker: flushIndex: setUnconditionally 0 -> 24
2022-03-14 12:20:00,316 [pool-292-thread-1] INFO  segmented.SegmentedRaftLogWorker (SegmentedRaftLogWorker.java:lambda$new$0(133)) - omNode-2@group-523986131536-SegmentedRaftLogWorker: safeCacheEvictIndex: setUnconditionally 0 -> 20
2022-03-14 12:20:00,316 [pool-292-thread-1] INFO  raftlog.RaftLog (RaftLogBase.java:lambda$new$0(53)) - omNode-2@group-523986131536-SegmentedRaftLog: commitIndex: updateToMax old=24, new=23, updated? false
2022-03-14 12:20:00,316 [pool-292-thread-1] INFO  raftlog.RaftLog (RaftLogBase.java:lambda$new$0(53)) - omNode-2@group-523986131536-SegmentedRaftLog: purgeIndex: updateIncreasingly -1 -> 18
2022-03-14 12:20:00,316 [pool-292-thread-1] INFO  server.RaftServerConfigKeys (ConfUtils.java:logGet(44)) - raft.server.snapshot.auto.trigger.enabled = true (custom)
2022-03-14 12:20:00,316 [pool-292-thread-1] INFO  server.RaftServerConfigKeys (ConfUtils.java:logGet(44)) - raft.server.snapshot.auto.trigger.threshold = 50 (custom)
2022-03-14 12:20:00,316 [pool-292-thread-1] INFO  server.RaftServerConfigKeys (ConfUtils.java:logGet(44)) - raft.server.snapshot.retention.file.num = -1 (default)
2022-03-14 12:20:00,316 [pool-292-thread-1] INFO  server.RaftServerConfigKeys (ConfUtils.java:logGet(44)) - raft.server.log.purge.upto.snapshot.index = true (custom)
2022-03-14 12:20:00,316 [pool-292-thread-1] INFO  server.RaftServerConfigKeys (ConfUtils.java:logGet(44)) - raft.server.retrycache.expirytime = 30000ms (custom)
2022-03-14 12:20:00,316 [pool-292-thread-1] INFO  server.RaftServerConfigKeys (ConfUtils.java:logGet(44)) - raft.server.retrycache.statistics.expirytime = 100μs (default)
2022-03-14 12:20:00,317 [Listener at localhost/33717] INFO  server.RaftServer$Division (RaftServerImpl.java:start(301)) - omNode-2@group-523986131536: start as a follower, conf=21: [omNode-3|rpc:localhost:38427|admin:|client:|dataStream:|priority:0, omNode-1|rpc:localhost:41375|admin:|client:|dataStream:|priority:0, omNode-2|rpc:localhost:40735|admin:|client:|dataStream:|priority:0], old=null
2022-03-14 12:20:00,318 [Listener at localhost/33717] INFO  server.RaftServer$Division (RaftServerImpl.java:setRole(290)) - omNode-2@group-523986131536: changes role from      null to FOLLOWER at term 4 for startAsFollower
2022-03-14 12:20:00,318 [Listener at localhost/33717] INFO  impl.RoleInfo (RoleInfo.java:updateAndGet(130)) - omNode-2: start omNode-2@group-523986131536-FollowerState
2022-03-14 12:20:00,318 [Listener at localhost/33717] INFO  util.JmxRegister (JmxRegister.java:tryRegister(44)) - Successfully registered JMX Bean with object name Ratis:service=RaftServer,group=group-523986131536,id=omNode-2
2022-03-14 12:20:00,319 [Listener at localhost/33717] INFO  server.RaftServer (RaftServerProxy.java:lambda$start$5(374)) - omNode-2: start RPC server
2022-03-14 12:20:00,321 [Listener at localhost/33717] INFO  server.GrpcService (GrpcService.java:startImpl(253)) - omNode-2: GrpcService started, listening on 40735
2022-03-14 12:20:00,322 [Listener at localhost/33717] INFO  ipc.CallQueueManager (CallQueueManager.java:<init>(90)) - Using callQueue: class java.util.concurrent.LinkedBlockingQueue, queueCapacity: 2000, scheduler: class org.apache.hadoop.ipc.DefaultRpcScheduler, ipcBackoff: false.
2022-03-14 12:20:00,322 [org.apache.ratis.util.JvmPauseMonitor$$Lambda$422/892611887@31de8a79] INFO  util.JvmPauseMonitor (JvmPauseMonitor.java:run(103)) - JvmPauseMonitor-omNode-2: Started
2022-03-14 12:20:00,323 [Socket Reader #1 for port 44939] INFO  ipc.Server (Server.java:run(1265)) - Starting Socket Reader #1 for port 44939
2022-03-14 12:20:00,325 [Listener at localhost/44939] INFO  http.BaseHttpServer (BaseHttpServer.java:newHttpServer2BuilderForOzone(209)) - Starting Web-server for ozoneManager at: http://0.0.0.0:45729
2022-03-14 12:20:00,325 [Listener at localhost/44939] INFO  http.BaseHttpServer (BaseHttpServer.java:<init>(107)) - Hadoop Security Enabled: false Ozone Security Enabled: false Ozone HTTP Security Enabled: false 
2022-03-14 12:20:00,326 [Listener at localhost/44939] INFO  server.AuthenticationFilter (AuthenticationFilter.java:constructSecretProvider(240)) - Unable to initialize FileSignerSecretProvider, falling back to use random secrets.
2022-03-14 12:20:00,326 [Listener at localhost/44939] WARN  http.HttpRequestLog (HttpRequestLog.java:getRequestLog(103)) - Jetty request log can only be enabled using Log4j
2022-03-14 12:20:00,327 [Listener at localhost/44939] INFO  http.HttpServer2 (HttpServer2.java:addGlobalFilter(1030)) - Added global filter 'safety' (class=org.apache.hadoop.hdds.server.http.HttpServer2$QuotingInputFilter)
2022-03-14 12:20:00,328 [Listener at localhost/44939] INFO  http.HttpServer2 (HttpServer2.java:addFilter(1006)) - Added filter static_user_filter (class=org.apache.hadoop.http.lib.StaticUserWebFilter$StaticUserFilter) to context ozoneManager
2022-03-14 12:20:00,328 [Listener at localhost/44939] INFO  http.HttpServer2 (HttpServer2.java:addFilter(1014)) - Added filter static_user_filter (class=org.apache.hadoop.http.lib.StaticUserWebFilter$StaticUserFilter) to context static
2022-03-14 12:20:00,328 [Listener at localhost/44939] INFO  http.HttpServer2 (HttpServer2.java:addFilter(1014)) - Added filter static_user_filter (class=org.apache.hadoop.http.lib.StaticUserWebFilter$StaticUserFilter) to context logs
2022-03-14 12:20:00,328 [Listener at localhost/44939] INFO  http.HttpServer2 (HttpServer2.java:bindListener(1249)) - Jetty bound to port 45729
2022-03-14 12:20:00,328 [Listener at localhost/44939] INFO  server.Server (Server.java:doStart(375)) - jetty-9.4.43.v20210629; built: 2021-06-30T11:07:22.254Z; git: 526006ecfa3af7f1a27ef3a288e2bef7ea9dd7e8; jvm 1.8.0_322-b06
2022-03-14 12:20:00,329 [Listener at localhost/44939] INFO  server.session (DefaultSessionIdManager.java:doStart(334)) - DefaultSessionIdManager workerName=node0
2022-03-14 12:20:00,330 [Listener at localhost/44939] INFO  server.session (DefaultSessionIdManager.java:doStart(339)) - No SessionScavenger set, using defaults
2022-03-14 12:20:00,330 [Listener at localhost/44939] INFO  server.session (HouseKeeper.java:startScavenging(132)) - node0 Scavenging every 660000ms
2022-03-14 12:20:00,330 [Listener at localhost/44939] INFO  handler.ContextHandler (ContextHandler.java:doStart(915)) - Started o.e.j.s.ServletContextHandler@3dd983c2{logs,/logs,file:///home/runner/work/ozone/ozone/hadoop-ozone/integration-test/target/log,AVAILABLE}
2022-03-14 12:20:00,330 [Listener at localhost/44939] INFO  handler.ContextHandler (ContextHandler.java:doStart(915)) - Started o.e.j.s.ServletContextHandler@3e5759f2{static,/static,file:///home/runner/work/ozone/ozone/hadoop-ozone/integration-test/target/test-classes/webapps/static,AVAILABLE}
2022-03-14 12:20:00,334 [Listener at localhost/44939] INFO  handler.ContextHandler (ContextHandler.java:doStart(915)) - Started o.e.j.w.WebAppContext@5c32c79{ozoneManager,/,file:///home/runner/work/ozone/ozone/hadoop-ozone/integration-test/target/test-classes/webapps/ozoneManager/,AVAILABLE}{file:/home/runner/work/ozone/ozone/hadoop-ozone/integration-test/target/test-classes/webapps/ozoneManager}
2022-03-14 12:20:00,335 [Listener at localhost/44939] INFO  server.AbstractConnector (AbstractConnector.java:doStart(331)) - Started ServerConnector@432f02b{HTTP/1.1, (http/1.1)}{0.0.0.0:45729}
2022-03-14 12:20:00,335 [Listener at localhost/44939] INFO  server.Server (Server.java:doStart(415)) - Started @164629ms
2022-03-14 12:20:00,335 [Listener at localhost/44939] WARN  impl.MetricsSystemImpl (MetricsSystemImpl.java:register(279)) - Sink prometheus already exists!
2022-03-14 12:20:00,336 [Listener at localhost/44939] INFO  http.BaseHttpServer (BaseHttpServer.java:updateConnectorAddress(329)) - HTTP server of ozoneManager listening at http://0.0.0.0:45729
2022-03-14 12:20:00,336 [IPC Server Responder] INFO  ipc.Server (Server.java:run(1507)) - IPC Server Responder: starting
2022-03-14 12:20:00,337 [IPC Server listener on 44939] INFO  ipc.Server (Server.java:run(1344)) - IPC Server listener on 44939: starting
2022-03-14 12:20:00,348 [Listener at localhost/44939] INFO  om.OzoneManager (OzoneManager.java:startTrashEmptier(1792)) - Trash Interval set to 0. Files deleted will not move to trash
2022-03-14 12:20:00,348 [org.apache.hadoop.util.JvmPauseMonitor$Monitor@7479c1fd] INFO  util.JvmPauseMonitor (JvmPauseMonitor.java:run(188)) - Starting JVM pause monitor
]]></system-out>
  </testcase>
  <testcase name="testPrepareWithTransactions" classname="org.apache.hadoop.ozone.om.TestOzoneManagerPrepare" time="125.792">
    <error message="timeout: after 120000 millis" type="java.util.concurrent.TimeoutException">java.util.concurrent.TimeoutException: timeout: after 120000 millis
	at org.apache.ozone.test.LambdaTestUtils$GenerateTimeout.evaluate(LambdaTestUtils.java:677)
	at org.apache.ozone.test.LambdaTestUtils.await(LambdaTestUtils.java:154)
	at org.apache.ozone.test.LambdaTestUtils.await(LambdaTestUtils.java:192)
	at org.apache.hadoop.ozone.om.TestOzoneManagerPrepare.assertClusterNotPrepared(TestOzoneManagerPrepare.java:484)
	at org.apache.hadoop.ozone.om.TestOzoneManagerPrepare.assertClusterNotPrepared(TestOzoneManagerPrepare.java:478)
	at org.apache.hadoop.ozone.om.TestOzoneManagerPrepare.initOM(TestOzoneManagerPrepare.java:91)
	at sun.reflect.NativeMethodAccessorImpl.invoke0(Native Method)
	at sun.reflect.NativeMethodAccessorImpl.invoke(NativeMethodAccessorImpl.java:62)
	at sun.reflect.DelegatingMethodAccessorImpl.invoke(DelegatingMethodAccessorImpl.java:43)
	at java.lang.reflect.Method.invoke(Method.java:498)
	at org.junit.runners.model.FrameworkMethod$1.runReflectiveCall(FrameworkMethod.java:59)
	at org.junit.internal.runners.model.ReflectiveCallable.run(ReflectiveCallable.java:12)
	at org.junit.runners.model.FrameworkMethod.invokeExplosively(FrameworkMethod.java:56)
	at org.junit.internal.runners.statements.RunBefores.invokeMethod(RunBefores.java:33)
	at org.junit.internal.runners.statements.RunBefores.evaluate(RunBefores.java:24)
	at org.junit.internal.runners.statements.RunAfters.evaluate(RunAfters.java:27)
	at org.junit.rules.ExpectedException$ExpectedExceptionStatement.evaluate(ExpectedException.java:258)
	at org.junit.internal.runners.statements.FailOnTimeout$CallableStatement.call(FailOnTimeout.java:288)
	at org.junit.internal.runners.statements.FailOnTimeout$CallableStatement.call(FailOnTimeout.java:282)
	at java.util.concurrent.FutureTask.run(FutureTask.java:266)
	at java.lang.Thread.run(Thread.java:750)
</error>
    <system-out><![CDATA[2022-03-14 12:20:00,364 [Time-limited test] INFO  retry.RetryInvocationHandler (RetryInvocationHandler.java:log(411)) - com.google.protobuf.ServiceException: org.apache.hadoop.ipc.RemoteException(org.apache.hadoop.ozone.om.exceptions.OMNotLeaderException): OM:omNode-2 is not the leader. Could not determine the leader node.
	at org.apache.hadoop.ozone.om.ratis.utils.OzoneManagerRatisUtils.createNotLeaderException(OzoneManagerRatisUtils.java:360)
	at org.apache.hadoop.ozone.om.ratis.utils.OzoneManagerRatisUtils.checkLeaderStatus(OzoneManagerRatisUtils.java:346)
	at org.apache.hadoop.ozone.protocolPB.OzoneManagerProtocolServerSideTranslatorPB.checkLeaderStatus(OzoneManagerProtocolServerSideTranslatorPB.java:279)
	at org.apache.hadoop.ozone.protocolPB.OzoneManagerProtocolServerSideTranslatorPB.processRequest(OzoneManagerProtocolServerSideTranslatorPB.java:158)
	at org.apache.hadoop.hdds.server.OzoneProtocolMessageDispatcher.processRequest(OzoneProtocolMessageDispatcher.java:87)
	at org.apache.hadoop.ozone.protocolPB.OzoneManagerProtocolServerSideTranslatorPB.submitRequest(OzoneManagerProtocolServerSideTranslatorPB.java:124)
	at org.apache.hadoop.ozone.protocol.proto.OzoneManagerProtocolProtos$OzoneManagerService$2.callBlockingMethod(OzoneManagerProtocolProtos.java)
	at org.apache.hadoop.ipc.ProtobufRpcEngine$Server.processCall(ProtobufRpcEngine.java:466)
	at org.apache.hadoop.ipc.ProtobufRpcEngine2$Server$ProtoBufRpcInvoker.call(ProtobufRpcEngine2.java:574)
	at org.apache.hadoop.ipc.ProtobufRpcEngine2$Server$ProtoBufRpcInvoker.call(ProtobufRpcEngine2.java:552)
	at org.apache.hadoop.ipc.RPC$Server.call(RPC.java:1093)
	at org.apache.hadoop.ipc.Server$RpcCall.run(Server.java:1035)
	at org.apache.hadoop.ipc.Server$RpcCall.run(Server.java:963)
	at java.security.AccessController.doPrivileged(Native Method)
	at javax.security.auth.Subject.doAs(Subject.java:422)
	at org.apache.hadoop.security.UserGroupInformation.doAs(UserGroupInformation.java:1878)
	at org.apache.hadoop.ipc.Server$Handler.run(Server.java:2966)
, while invoking $Proxy53.submitRequest over nodeId=omNode-2,nodeAddress=127.0.0.1:44939. Trying to failover immediately.
2022-03-14 12:20:00,368 [Time-limited test] INFO  retry.RetryInvocationHandler (RetryInvocationHandler.java:log(411)) - com.google.protobuf.ServiceException: org.apache.hadoop.ipc.RemoteException(org.apache.hadoop.ozone.om.exceptions.OMNotLeaderException): OM:omNode-3 is not the leader. Could not determine the leader node.
	at org.apache.hadoop.ozone.om.ratis.utils.OzoneManagerRatisUtils.createNotLeaderException(OzoneManagerRatisUtils.java:360)
	at org.apache.hadoop.ozone.om.ratis.utils.OzoneManagerRatisUtils.checkLeaderStatus(OzoneManagerRatisUtils.java:346)
	at org.apache.hadoop.ozone.protocolPB.OzoneManagerProtocolServerSideTranslatorPB.checkLeaderStatus(OzoneManagerProtocolServerSideTranslatorPB.java:279)
	at org.apache.hadoop.ozone.protocolPB.OzoneManagerProtocolServerSideTranslatorPB.processRequest(OzoneManagerProtocolServerSideTranslatorPB.java:158)
	at org.apache.hadoop.hdds.server.OzoneProtocolMessageDispatcher.processRequest(OzoneProtocolMessageDispatcher.java:87)
	at org.apache.hadoop.ozone.protocolPB.OzoneManagerProtocolServerSideTranslatorPB.submitRequest(OzoneManagerProtocolServerSideTranslatorPB.java:124)
	at org.apache.hadoop.ozone.protocol.proto.OzoneManagerProtocolProtos$OzoneManagerService$2.callBlockingMethod(OzoneManagerProtocolProtos.java)
	at org.apache.hadoop.ipc.ProtobufRpcEngine$Server.processCall(ProtobufRpcEngine.java:466)
	at org.apache.hadoop.ipc.ProtobufRpcEngine2$Server$ProtoBufRpcInvoker.call(ProtobufRpcEngine2.java:574)
	at org.apache.hadoop.ipc.ProtobufRpcEngine2$Server$ProtoBufRpcInvoker.call(ProtobufRpcEngine2.java:552)
	at org.apache.hadoop.ipc.RPC$Server.call(RPC.java:1093)
	at org.apache.hadoop.ipc.Server$RpcCall.run(Server.java:1035)
	at org.apache.hadoop.ipc.Server$RpcCall.run(Server.java:963)
	at java.security.AccessController.doPrivileged(Native Method)
	at javax.security.auth.Subject.doAs(Subject.java:422)
	at org.apache.hadoop.security.UserGroupInformation.doAs(UserGroupInformation.java:1878)
	at org.apache.hadoop.ipc.Server$Handler.run(Server.java:2966)
, while invoking $Proxy53.submitRequest over nodeId=omNode-3,nodeAddress=127.0.0.1:38867 after 1 failover attempts. Trying to failover after sleeping for 2000ms.
2022-03-14 12:20:01,193 [omNode-1@group-523986131536-FollowerState] INFO  impl.FollowerState (FollowerState.java:run(134)) - omNode-1@group-523986131536-FollowerState: change to CANDIDATE, lastRpcElapsedTime:1009364955ns, electionTimeout:1006ms
2022-03-14 12:20:01,193 [omNode-1@group-523986131536-FollowerState] INFO  impl.RoleInfo (RoleInfo.java:shutdownFollowerState(108)) - omNode-1: shutdown omNode-1@group-523986131536-FollowerState
2022-03-14 12:20:01,193 [omNode-1@group-523986131536-FollowerState] INFO  server.RaftServer$Division (RaftServerImpl.java:setRole(290)) - omNode-1@group-523986131536: changes role from  FOLLOWER to CANDIDATE at term 4 for changeToCandidate
2022-03-14 12:20:01,193 [omNode-1@group-523986131536-FollowerState] INFO  server.RaftServerConfigKeys (ConfUtils.java:logGet(44)) - raft.server.leaderelection.pre-vote = false (custom)
2022-03-14 12:20:01,193 [omNode-1@group-523986131536-FollowerState] INFO  impl.RoleInfo (RoleInfo.java:updateAndGet(130)) - omNode-1: start omNode-1@group-523986131536-LeaderElection22
2022-03-14 12:20:01,197 [omNode-1@group-523986131536-LeaderElection22] INFO  impl.LeaderElection (LeaderElection.java:askForVotes(306)) - omNode-1@group-523986131536-LeaderElection22 ELECTION round 0: submit vote requests at term 5 for 21: [omNode-3|rpc:localhost:38427|admin:|client:|dataStream:|priority:0, omNode-1|rpc:localhost:41375|admin:|client:|dataStream:|priority:0, omNode-2|rpc:localhost:40735|admin:|client:|dataStream:|priority:0], old=null
2022-03-14 12:20:01,207 [grpc-default-executor-7] INFO  server.RaftServer$Division (RaftServerImpl.java:requestVote(1046)) - omNode-2@group-523986131536: receive requestVote(ELECTION, omNode-1, group-523986131536, 5, (t:2, i:18))
2022-03-14 12:20:01,207 [grpc-default-executor-7] INFO  impl.VoteContext (VoteContext.java:log(48)) - omNode-2@group-523986131536-FOLLOWER: reject ELECTION from omNode-1: our last entry (t:4, i:24) > candidate's last entry (t:2, i:18)
2022-03-14 12:20:01,207 [grpc-default-executor-7] INFO  server.RaftServer$Division (RaftServerImpl.java:setRole(290)) - omNode-2@group-523986131536: changes role from  FOLLOWER to FOLLOWER at term 5 for candidate:omNode-1
2022-03-14 12:20:01,207 [grpc-default-executor-7] INFO  impl.RoleInfo (RoleInfo.java:shutdownFollowerState(108)) - omNode-2: shutdown omNode-2@group-523986131536-FollowerState
2022-03-14 12:20:01,207 [grpc-default-executor-7] INFO  impl.RoleInfo (RoleInfo.java:updateAndGet(130)) - omNode-2: start omNode-2@group-523986131536-FollowerState
2022-03-14 12:20:01,207 [omNode-2@group-523986131536-FollowerState] INFO  impl.FollowerState (FollowerState.java:run(143)) - omNode-2@group-523986131536-FollowerState was interrupted: {}
java.lang.InterruptedException: sleep interrupted
	at java.lang.Thread.sleep(Native Method)
	at java.lang.Thread.sleep(Thread.java:342)
	at java.util.concurrent.TimeUnit.sleep(TimeUnit.java:386)
	at org.apache.ratis.util.TimeDuration.sleep(TimeDuration.java:324)
	at org.apache.ratis.util.TimeDuration.sleep(TimeDuration.java:309)
	at org.apache.ratis.server.impl.FollowerState.run(FollowerState.java:118)
2022-03-14 12:20:01,214 [grpc-default-executor-7] INFO  server.RaftServer$Division (RaftServerImpl.java:requestVote(1078)) - omNode-2@group-523986131536 replies to ELECTION vote request: omNode-1<-omNode-2#0:FAIL-t5. Peer's state: omNode-2@group-523986131536:t5, leader=null, voted=null, raftlog=omNode-2@group-523986131536-SegmentedRaftLog:OPENED:c24, conf=21: [omNode-3|rpc:localhost:38427|admin:|client:|dataStream:|priority:0, omNode-1|rpc:localhost:41375|admin:|client:|dataStream:|priority:0, omNode-2|rpc:localhost:40735|admin:|client:|dataStream:|priority:0], old=null
2022-03-14 12:20:01,215 [grpc-default-executor-1] INFO  server.RaftServer$Division (RaftServerImpl.java:requestVote(1046)) - omNode-3@group-523986131536: receive requestVote(ELECTION, omNode-1, group-523986131536, 5, (t:2, i:18))
2022-03-14 12:20:01,216 [grpc-default-executor-1] INFO  impl.VoteContext (VoteContext.java:log(48)) - omNode-3@group-523986131536-FOLLOWER: reject ELECTION from omNode-1: our last entry (t:4, i:24) > candidate's last entry (t:2, i:18)
2022-03-14 12:20:01,216 [grpc-default-executor-1] INFO  server.RaftServer$Division (RaftServerImpl.java:setRole(290)) - omNode-3@group-523986131536: changes role from  FOLLOWER to FOLLOWER at term 5 for candidate:omNode-1
2022-03-14 12:20:01,216 [grpc-default-executor-1] INFO  impl.RoleInfo (RoleInfo.java:shutdownFollowerState(108)) - omNode-3: shutdown omNode-3@group-523986131536-FollowerState
2022-03-14 12:20:01,217 [grpc-default-executor-1] INFO  impl.RoleInfo (RoleInfo.java:updateAndGet(130)) - omNode-3: start omNode-3@group-523986131536-FollowerState
2022-03-14 12:20:01,217 [omNode-3@group-523986131536-FollowerState] INFO  impl.FollowerState (FollowerState.java:run(143)) - omNode-3@group-523986131536-FollowerState was interrupted: {}
java.lang.InterruptedException: sleep interrupted
	at java.lang.Thread.sleep(Native Method)
	at java.lang.Thread.sleep(Thread.java:342)
	at java.util.concurrent.TimeUnit.sleep(TimeUnit.java:386)
	at org.apache.ratis.util.TimeDuration.sleep(TimeDuration.java:324)
	at org.apache.ratis.util.TimeDuration.sleep(TimeDuration.java:309)
	at org.apache.ratis.server.impl.FollowerState.run(FollowerState.java:118)
2022-03-14 12:20:01,223 [grpc-default-executor-1] INFO  server.RaftServer$Division (RaftServerImpl.java:requestVote(1078)) - omNode-3@group-523986131536 replies to ELECTION vote request: omNode-1<-omNode-3#0:FAIL-t5. Peer's state: omNode-3@group-523986131536:t5, leader=null, voted=null, raftlog=omNode-3@group-523986131536-SegmentedRaftLog:OPENED:c24, conf=21: [omNode-3|rpc:localhost:38427|admin:|client:|dataStream:|priority:0, omNode-1|rpc:localhost:41375|admin:|client:|dataStream:|priority:0, omNode-2|rpc:localhost:40735|admin:|client:|dataStream:|priority:0], old=null
2022-03-14 12:20:01,225 [omNode-1@group-523986131536-LeaderElection22] INFO  impl.LeaderElection (LeaderElection.java:logAndReturn(89)) - omNode-1@group-523986131536-LeaderElection22: ELECTION REJECTED received 2 response(s) and 0 exception(s):
2022-03-14 12:20:01,225 [omNode-1@group-523986131536-LeaderElection22] INFO  impl.LeaderElection (LeaderElection.java:logAndReturn(93)) -   Response 0: omNode-1<-omNode-3#0:FAIL-t5
2022-03-14 12:20:01,225 [omNode-1@group-523986131536-LeaderElection22] INFO  impl.LeaderElection (LeaderElection.java:logAndReturn(93)) -   Response 1: omNode-1<-omNode-2#0:FAIL-t5
2022-03-14 12:20:01,225 [omNode-1@group-523986131536-LeaderElection22] INFO  impl.LeaderElection (LeaderElection.java:askForVotes(308)) - omNode-1@group-523986131536-LeaderElection22 ELECTION round 0: result REJECTED
2022-03-14 12:20:01,225 [omNode-1@group-523986131536-LeaderElection22] INFO  server.RaftServer$Division (RaftServerImpl.java:setRole(290)) - omNode-1@group-523986131536: changes role from CANDIDATE to FOLLOWER at term 5 for REJECTED
2022-03-14 12:20:01,225 [omNode-1@group-523986131536-LeaderElection22] INFO  impl.RoleInfo (RoleInfo.java:shutdownLeaderElection(121)) - omNode-1: shutdown omNode-1@group-523986131536-LeaderElection22
2022-03-14 12:20:01,225 [omNode-1@group-523986131536-LeaderElection22] INFO  impl.RoleInfo (RoleInfo.java:updateAndGet(130)) - omNode-1: start omNode-1@group-523986131536-FollowerState
2022-03-14 12:20:02,234 [omNode-3@group-523986131536-FollowerState] INFO  impl.FollowerState (FollowerState.java:run(134)) - omNode-3@group-523986131536-FollowerState: change to CANDIDATE, lastRpcElapsedTime:1017077333ns, electionTimeout:1011ms
2022-03-14 12:20:02,234 [omNode-3@group-523986131536-FollowerState] INFO  impl.RoleInfo (RoleInfo.java:shutdownFollowerState(108)) - omNode-3: shutdown omNode-3@group-523986131536-FollowerState
2022-03-14 12:20:02,234 [omNode-3@group-523986131536-FollowerState] INFO  server.RaftServer$Division (RaftServerImpl.java:setRole(290)) - omNode-3@group-523986131536: changes role from  FOLLOWER to CANDIDATE at term 5 for changeToCandidate
2022-03-14 12:20:02,234 [omNode-3@group-523986131536-FollowerState] INFO  server.RaftServerConfigKeys (ConfUtils.java:logGet(44)) - raft.server.leaderelection.pre-vote = false (custom)
2022-03-14 12:20:02,234 [omNode-3@group-523986131536-FollowerState] INFO  impl.RoleInfo (RoleInfo.java:updateAndGet(130)) - omNode-3: start omNode-3@group-523986131536-LeaderElection23
2022-03-14 12:20:02,237 [omNode-3@group-523986131536-LeaderElection23] INFO  impl.LeaderElection (LeaderElection.java:askForVotes(306)) - omNode-3@group-523986131536-LeaderElection23 ELECTION round 0: submit vote requests at term 6 for 21: [omNode-3|rpc:localhost:38427|admin:|client:|dataStream:|priority:0, omNode-1|rpc:localhost:41375|admin:|client:|dataStream:|priority:0, omNode-2|rpc:localhost:40735|admin:|client:|dataStream:|priority:0], old=null
2022-03-14 12:20:02,243 [grpc-default-executor-7] INFO  server.RaftServer$Division (RaftServerImpl.java:requestVote(1046)) - omNode-2@group-523986131536: receive requestVote(ELECTION, omNode-3, group-523986131536, 6, (t:4, i:24))
2022-03-14 12:20:02,243 [grpc-default-executor-7] INFO  impl.VoteContext (VoteContext.java:log(48)) - omNode-2@group-523986131536-FOLLOWER: accept ELECTION from omNode-3: our priority 0 <= candidate's priority 0
2022-03-14 12:20:02,243 [grpc-default-executor-7] INFO  server.RaftServer$Division (RaftServerImpl.java:setRole(290)) - omNode-2@group-523986131536: changes role from  FOLLOWER to FOLLOWER at term 6 for candidate:omNode-3
2022-03-14 12:20:02,243 [grpc-default-executor-7] INFO  impl.RoleInfo (RoleInfo.java:shutdownFollowerState(108)) - omNode-2: shutdown omNode-2@group-523986131536-FollowerState
2022-03-14 12:20:02,243 [grpc-default-executor-7] INFO  impl.RoleInfo (RoleInfo.java:updateAndGet(130)) - omNode-2: start omNode-2@group-523986131536-FollowerState
2022-03-14 12:20:02,245 [omNode-2@group-523986131536-FollowerState] INFO  impl.FollowerState (FollowerState.java:run(143)) - omNode-2@group-523986131536-FollowerState was interrupted: {}
java.lang.InterruptedException: sleep interrupted
	at java.lang.Thread.sleep(Native Method)
	at java.lang.Thread.sleep(Thread.java:342)
	at java.util.concurrent.TimeUnit.sleep(TimeUnit.java:386)
	at org.apache.ratis.util.TimeDuration.sleep(TimeDuration.java:324)
	at org.apache.ratis.util.TimeDuration.sleep(TimeDuration.java:309)
	at org.apache.ratis.server.impl.FollowerState.run(FollowerState.java:118)
2022-03-14 12:20:02,248 [grpc-default-executor-1] INFO  server.RaftServer$Division (RaftServerImpl.java:requestVote(1046)) - omNode-1@group-523986131536: receive requestVote(ELECTION, omNode-3, group-523986131536, 6, (t:4, i:24))
2022-03-14 12:20:02,248 [grpc-default-executor-1] INFO  impl.VoteContext (VoteContext.java:log(48)) - omNode-1@group-523986131536-FOLLOWER: accept ELECTION from omNode-3: our last entry (t:2, i:18) < candidate's last entry (t:4, i:24)
2022-03-14 12:20:02,248 [grpc-default-executor-1] INFO  server.RaftServer$Division (RaftServerImpl.java:setRole(290)) - omNode-1@group-523986131536: changes role from  FOLLOWER to FOLLOWER at term 6 for candidate:omNode-3
2022-03-14 12:20:02,248 [grpc-default-executor-1] INFO  impl.RoleInfo (RoleInfo.java:shutdownFollowerState(108)) - omNode-1: shutdown omNode-1@group-523986131536-FollowerState
2022-03-14 12:20:02,248 [grpc-default-executor-1] INFO  impl.RoleInfo (RoleInfo.java:updateAndGet(130)) - omNode-1: start omNode-1@group-523986131536-FollowerState
2022-03-14 12:20:02,249 [omNode-1@group-523986131536-FollowerState] INFO  impl.FollowerState (FollowerState.java:run(143)) - omNode-1@group-523986131536-FollowerState was interrupted: {}
java.lang.InterruptedException: sleep interrupted
	at java.lang.Thread.sleep(Native Method)
	at java.lang.Thread.sleep(Thread.java:342)
	at java.util.concurrent.TimeUnit.sleep(TimeUnit.java:386)
	at org.apache.ratis.util.TimeDuration.sleep(TimeDuration.java:324)
	at org.apache.ratis.util.TimeDuration.sleep(TimeDuration.java:309)
	at org.apache.ratis.server.impl.FollowerState.run(FollowerState.java:118)
2022-03-14 12:20:02,252 [grpc-default-executor-7] INFO  server.RaftServer$Division (RaftServerImpl.java:requestVote(1078)) - omNode-2@group-523986131536 replies to ELECTION vote request: omNode-3<-omNode-2#0:OK-t6. Peer's state: omNode-2@group-523986131536:t6, leader=null, voted=omNode-3, raftlog=omNode-2@group-523986131536-SegmentedRaftLog:OPENED:c24, conf=21: [omNode-3|rpc:localhost:38427|admin:|client:|dataStream:|priority:0, omNode-1|rpc:localhost:41375|admin:|client:|dataStream:|priority:0, omNode-2|rpc:localhost:40735|admin:|client:|dataStream:|priority:0], old=null
2022-03-14 12:20:02,254 [grpc-default-executor-1] INFO  server.RaftServer$Division (RaftServerImpl.java:requestVote(1078)) - omNode-1@group-523986131536 replies to ELECTION vote request: omNode-3<-omNode-1#0:OK-t6. Peer's state: omNode-1@group-523986131536:t6, leader=null, voted=omNode-3, raftlog=omNode-1@group-523986131536-SegmentedRaftLog:OPENED:c18, conf=21: [omNode-3|rpc:localhost:38427|admin:|client:|dataStream:|priority:0, omNode-1|rpc:localhost:41375|admin:|client:|dataStream:|priority:0, omNode-2|rpc:localhost:40735|admin:|client:|dataStream:|priority:0], old=null
2022-03-14 12:20:02,254 [omNode-3@group-523986131536-LeaderElection23] INFO  impl.LeaderElection (LeaderElection.java:logAndReturn(89)) - omNode-3@group-523986131536-LeaderElection23: ELECTION PASSED received 1 response(s) and 0 exception(s):
2022-03-14 12:20:02,254 [omNode-3@group-523986131536-LeaderElection23] INFO  impl.LeaderElection (LeaderElection.java:logAndReturn(93)) -   Response 0: omNode-3<-omNode-2#0:OK-t6
2022-03-14 12:20:02,254 [omNode-3@group-523986131536-LeaderElection23] INFO  impl.LeaderElection (LeaderElection.java:askForVotes(308)) - omNode-3@group-523986131536-LeaderElection23 ELECTION round 0: result PASSED
2022-03-14 12:20:02,254 [omNode-3@group-523986131536-LeaderElection23] INFO  impl.RoleInfo (RoleInfo.java:shutdownLeaderElection(121)) - omNode-3: shutdown omNode-3@group-523986131536-LeaderElection23
2022-03-14 12:20:02,254 [omNode-3@group-523986131536-LeaderElection23] INFO  server.RaftServer$Division (RaftServerImpl.java:setRole(290)) - omNode-3@group-523986131536: changes role from CANDIDATE to LEADER at term 6 for changeToLeader
2022-03-14 12:20:02,254 [omNode-3@group-523986131536-LeaderElection23] INFO  server.RaftServer$Division (ServerState.java:setLeader(285)) - omNode-3@group-523986131536: change Leader from null to omNode-3 at term 6 for becomeLeader, leader elected after 2236ms
2022-03-14 12:20:02,254 [omNode-3@group-523986131536-LeaderElection23] INFO  server.RaftServerConfigKeys (ConfUtils.java:logGet(44)) - raft.server.staging.catchup.gap = 1000 (default)
2022-03-14 12:20:02,254 [omNode-3@group-523986131536-LeaderElection23] INFO  server.RaftServerConfigKeys (ConfUtils.java:logGet(44)) - raft.server.write.element-limit = 4096 (default)
2022-03-14 12:20:02,254 [omNode-3@group-523986131536-LeaderElection23] INFO  server.RaftServerConfigKeys (ConfUtils.java:logGet(44)) - raft.server.write.byte-limit = 64MB (=67108864) (default)
2022-03-14 12:20:02,255 [omNode-3@group-523986131536-LeaderElection23] INFO  server.RaftServerConfigKeys (ConfUtils.java:logGet(44)) - raft.server.watch.timeout = 10s (default)
2022-03-14 12:20:02,255 [omNode-3@group-523986131536-LeaderElection23] INFO  server.RaftServerConfigKeys (ConfUtils.java:logGet(44)) - raft.server.watch.timeout.denomination = 1s (default)
2022-03-14 12:20:02,255 [omNode-3@group-523986131536-LeaderElection23] INFO  server.RaftServerConfigKeys (ConfUtils.java:logGet(44)) - raft.server.watch.element-limit = 65536 (default)
2022-03-14 12:20:02,255 [omNode-3@group-523986131536-LeaderElection23] INFO  server.RaftServerConfigKeys (ConfUtils.java:logGet(44)) - raft.server.write.element-limit = 4096 (default)
2022-03-14 12:20:02,255 [omNode-3@group-523986131536-LeaderElection23] INFO  server.RaftServerConfigKeys (ConfUtils.java:logGet(44)) - raft.server.write.follower.gap.ratio.max = -1.0 (default)
2022-03-14 12:20:02,255 [omNode-3@group-523986131536-LeaderElection23] INFO  server.RaftServerConfigKeys (ConfUtils.java:logGet(44)) - raft.server.log.appender.snapshot.chunk.size.max = 16MB (=16777216) (default)
2022-03-14 12:20:02,255 [omNode-3@group-523986131536-LeaderElection23] INFO  server.RaftServerConfigKeys (ConfUtils.java:logGet(44)) - raft.server.log.appender.buffer.byte-limit = 33554432 (custom)
2022-03-14 12:20:02,255 [omNode-3@group-523986131536-LeaderElection23] INFO  server.RaftServerConfigKeys (ConfUtils.java:logGet(44)) - raft.server.log.appender.buffer.element-limit = 1024 (custom)
2022-03-14 12:20:02,255 [omNode-3@group-523986131536-LeaderElection23] INFO  grpc.GrpcConfigKeys (ConfUtils.java:logGet(44)) - raft.grpc.server.leader.outstanding.appends.max = 128 (default)
2022-03-14 12:20:02,255 [omNode-3@group-523986131536-LeaderElection23] INFO  server.RaftServerConfigKeys (ConfUtils.java:logGet(44)) - raft.server.rpc.request.timeout = 3000ms (default)
2022-03-14 12:20:02,255 [omNode-3@group-523986131536-LeaderElection23] INFO  server.RaftServerConfigKeys (ConfUtils.java:logGet(44)) - raft.server.log.appender.install.snapshot.enabled = false (custom)
2022-03-14 12:20:02,256 [omNode-3@group-523986131536-LeaderElection23] INFO  server.RaftServerConfigKeys (ConfUtils.java:logGet(44)) - raft.server.log.appender.snapshot.chunk.size.max = 16MB (=16777216) (default)
2022-03-14 12:20:02,256 [omNode-3@group-523986131536-LeaderElection23] INFO  server.RaftServerConfigKeys (ConfUtils.java:logGet(44)) - raft.server.log.appender.buffer.byte-limit = 33554432 (custom)
2022-03-14 12:20:02,256 [omNode-3@group-523986131536-LeaderElection23] INFO  server.RaftServerConfigKeys (ConfUtils.java:logGet(44)) - raft.server.log.appender.buffer.element-limit = 1024 (custom)
2022-03-14 12:20:02,256 [omNode-3@group-523986131536-LeaderElection23] INFO  grpc.GrpcConfigKeys (ConfUtils.java:logGet(44)) - raft.grpc.server.leader.outstanding.appends.max = 128 (default)
2022-03-14 12:20:02,256 [omNode-3@group-523986131536-LeaderElection23] INFO  server.RaftServerConfigKeys (ConfUtils.java:logGet(44)) - raft.server.rpc.request.timeout = 3000ms (default)
2022-03-14 12:20:02,256 [omNode-3@group-523986131536-LeaderElection23] INFO  server.RaftServerConfigKeys (ConfUtils.java:logGet(44)) - raft.server.log.appender.install.snapshot.enabled = false (custom)
2022-03-14 12:20:02,257 [omNode-3@group-523986131536-LeaderElection23] INFO  impl.RoleInfo (RoleInfo.java:updateAndGet(130)) - omNode-3: start omNode-3@group-523986131536-LeaderStateImpl
2022-03-14 12:20:02,257 [omNode-3@group-523986131536-LeaderElection23] INFO  segmented.SegmentedRaftLogWorker (SegmentedRaftLogWorker.java:rollLogSegment(399)) - omNode-3@group-523986131536-SegmentedRaftLogWorker: Rolling segment log-21_24 to index:24
2022-03-14 12:20:02,262 [omNode-3@group-523986131536-SegmentedRaftLogWorker] INFO  segmented.SegmentedRaftLogWorker (SegmentedRaftLogWorker.java:execute(558)) - omNode-3@group-523986131536-SegmentedRaftLogWorker: Rolled log segment from /home/runner/work/ozone/ozone/hadoop-ozone/integration-test/target/test-dir/MiniOzoneClusterImpl-278953cb-1c57-4e8b-ba2f-5e3472d45912/omNode-3/ratis/c9bc4cf4-3bc3-3c60-a66b-523986131536/current/log_inprogress_21 to /home/runner/work/ozone/ozone/hadoop-ozone/integration-test/target/test-dir/MiniOzoneClusterImpl-278953cb-1c57-4e8b-ba2f-5e3472d45912/omNode-3/ratis/c9bc4cf4-3bc3-3c60-a66b-523986131536/current/log_21-24
2022-03-14 12:20:02,268 [grpc-default-executor-7] INFO  server.RaftServer$Division (ServerState.java:setLeader(285)) - omNode-2@group-523986131536: change Leader from null to omNode-3 at term 6 for appendEntries, leader elected after 1956ms
2022-03-14 12:20:02,271 [grpc-default-executor-5] INFO  server.RaftServer$Division (ServerState.java:setLeader(285)) - omNode-1@group-523986131536: change Leader from null to omNode-3 at term 6 for appendEntries, leader elected after 2092ms
2022-03-14 12:20:02,271 [grpc-default-executor-5] INFO  server.RaftServer$Division (RaftServerImpl.java:checkInconsistentAppendEntries(1322)) - omNode-1@group-523986131536: Failed appendEntries as previous log entry ((t:4, i:24)) is not found
2022-03-14 12:20:02,271 [grpc-default-executor-5] INFO  server.RaftServer$Division (RaftServerImpl.java:checkInconsistentAppendEntries(1288)) - omNode-1@group-523986131536: inconsistency entries. Reply:omNode-3<-omNode-1#0:FAIL-t6,INCONSISTENCY,nextIndex=19,followerCommit=18
2022-03-14 12:20:02,272 [grpc-default-executor-5] INFO  leader.FollowerInfo (FollowerInfoImpl.java:lambda$new$0(47)) - omNode-3@group-523986131536->omNode-1: nextIndex: updateUnconditionally 25 -> 19
2022-03-14 12:20:02,273 [omNode-3@group-523986131536-SegmentedRaftLogWorker] INFO  segmented.SegmentedRaftLogWorker (SegmentedRaftLogWorker.java:execute(601)) - omNode-3@group-523986131536-SegmentedRaftLogWorker: created new log segment /home/runner/work/ozone/ozone/hadoop-ozone/integration-test/target/test-dir/MiniOzoneClusterImpl-278953cb-1c57-4e8b-ba2f-5e3472d45912/omNode-3/ratis/c9bc4cf4-3bc3-3c60-a66b-523986131536/current/log_inprogress_25
2022-03-14 12:20:02,272 [omNode-3@group-523986131536->omNode-1-GrpcLogAppender-LogAppenderDaemon] ERROR leader.LogAppenderDaemon (LogAppenderDaemon.java:run(86)) - omNode-3@group-523986131536->omNode-1-GrpcLogAppender-LogAppenderDaemon failed
java.lang.NullPointerException: omNode-3@group-523986131536->omNode-1: Previous TermIndex not found for firstIndex = 19
	at java.util.Objects.requireNonNull(Objects.java:290)
	at org.apache.ratis.server.leader.LogAppenderBase.assertProtos(LogAppenderBase.java:169)
	at org.apache.ratis.server.leader.LogAppenderBase.newAppendEntriesRequest(LogAppenderBase.java:154)
	at org.apache.ratis.grpc.server.GrpcLogAppender.appendLog(GrpcLogAppender.java:213)
	at org.apache.ratis.grpc.server.GrpcLogAppender.run(GrpcLogAppender.java:147)
	at org.apache.ratis.server.leader.LogAppenderDaemon.run(LogAppenderDaemon.java:77)
	at java.lang.Thread.run(Thread.java:750)
2022-03-14 12:20:02,280 [omNode-3@group-523986131536->omNode-1-GrpcLogAppender-LogAppenderDaemon] INFO  server.RaftServer$Division (LeaderStateImpl.java:restart(514)) - omNode-3@group-523986131536-LeaderStateImpl: Restarting GrpcLogAppender for omNode-3@group-523986131536->omNode-1
2022-03-14 12:20:02,280 [grpc-default-executor-7] INFO  server.RaftServer$Division (ServerState.java:setRaftConf(387)) - omNode-2@group-523986131536: set configuration 25: [omNode-3|rpc:localhost:38427|admin:|client:|dataStream:|priority:0, omNode-1|rpc:localhost:41375|admin:|client:|dataStream:|priority:0, omNode-2|rpc:localhost:40735|admin:|client:|dataStream:|priority:0], old=null
2022-03-14 12:20:02,281 [omNode-3@group-523986131536->omNode-1-GrpcLogAppender-LogAppenderDaemon] INFO  server.RaftServerConfigKeys (ConfUtils.java:logGet(44)) - raft.server.log.appender.snapshot.chunk.size.max = 16MB (=16777216) (default)
2022-03-14 12:20:02,281 [omNode-3@group-523986131536->omNode-1-GrpcLogAppender-LogAppenderDaemon] INFO  server.RaftServerConfigKeys (ConfUtils.java:logGet(44)) - raft.server.log.appender.buffer.byte-limit = 33554432 (custom)
2022-03-14 12:20:02,281 [omNode-3@group-523986131536->omNode-1-GrpcLogAppender-LogAppenderDaemon] INFO  server.RaftServerConfigKeys (ConfUtils.java:logGet(44)) - raft.server.log.appender.buffer.element-limit = 1024 (custom)
2022-03-14 12:20:02,281 [grpc-default-executor-7] INFO  segmented.SegmentedRaftLogWorker (SegmentedRaftLogWorker.java:rollLogSegment(399)) - omNode-2@group-523986131536-SegmentedRaftLogWorker: Rolling segment log-21_24 to index:24
2022-03-14 12:20:02,278 [omNode-3@group-523986131536-LeaderElection23] INFO  server.RaftServer$Division (ServerState.java:setRaftConf(387)) - omNode-3@group-523986131536: set configuration 25: [omNode-3|rpc:localhost:38427|admin:|client:|dataStream:|priority:0, omNode-1|rpc:localhost:41375|admin:|client:|dataStream:|priority:0, omNode-2|rpc:localhost:40735|admin:|client:|dataStream:|priority:0], old=null
2022-03-14 12:20:02,281 [omNode-3@group-523986131536->omNode-1-GrpcLogAppender-LogAppenderDaemon] INFO  grpc.GrpcConfigKeys (ConfUtils.java:logGet(44)) - raft.grpc.server.leader.outstanding.appends.max = 128 (default)
2022-03-14 12:20:02,282 [omNode-3@group-523986131536->omNode-1-GrpcLogAppender-LogAppenderDaemon] INFO  server.RaftServerConfigKeys (ConfUtils.java:logGet(44)) - raft.server.rpc.request.timeout = 3000ms (default)
2022-03-14 12:20:02,282 [omNode-3@group-523986131536->omNode-1-GrpcLogAppender-LogAppenderDaemon] INFO  server.RaftServerConfigKeys (ConfUtils.java:logGet(44)) - raft.server.log.appender.install.snapshot.enabled = false (custom)
2022-03-14 12:20:02,283 [omNode-3@group-523986131536->omNode-1-GrpcLogAppender-LogAppenderDaemon] INFO  server.GrpcLogAppender (GrpcLogAppender.java:installSnapshot(550)) - omNode-3@group-523986131536->omNode-1-GrpcLogAppender: followerNextIndex = 0 but logStartIndex = 19, notify follower to install snapshot-(t:3, i:19)
2022-03-14 12:20:02,283 [omNode-3@group-523986131536->omNode-1-GrpcLogAppender-LogAppenderDaemon] INFO  server.GrpcLogAppender (GrpcLogAppender.java:installSnapshot(558)) - omNode-3@group-523986131536->omNode-1-GrpcLogAppender: send omNode-3->omNode-1#0-t6,notify:(t:3, i:19)
2022-03-14 12:20:02,286 [omNode-2@group-523986131536-SegmentedRaftLogWorker] INFO  segmented.SegmentedRaftLogWorker (SegmentedRaftLogWorker.java:execute(558)) - omNode-2@group-523986131536-SegmentedRaftLogWorker: Rolled log segment from /home/runner/work/ozone/ozone/hadoop-ozone/integration-test/target/test-dir/MiniOzoneClusterImpl-278953cb-1c57-4e8b-ba2f-5e3472d45912/omNode-2/ratis/c9bc4cf4-3bc3-3c60-a66b-523986131536/current/log_inprogress_21 to /home/runner/work/ozone/ozone/hadoop-ozone/integration-test/target/test-dir/MiniOzoneClusterImpl-278953cb-1c57-4e8b-ba2f-5e3472d45912/omNode-2/ratis/c9bc4cf4-3bc3-3c60-a66b-523986131536/current/log_21-24
2022-03-14 12:20:02,293 [grpc-default-executor-1] INFO  server.RaftServer$Division (RaftServerImpl.java:installSnapshot(1332)) - omNode-1@group-523986131536: receive installSnapshot: omNode-3->omNode-1#0-t6,notify:(t:3, i:19)
2022-03-14 12:20:02,293 [grpc-default-executor-1] INFO  server.RaftServer$Division (RaftServerImpl.java:notifyStateMachineToInstallSnapshot(1551)) - omNode-1@group-523986131536: Received notification to install snapshot at index 19
2022-03-14 12:20:02,293 [grpc-default-executor-1] INFO  server.RaftServer$Division (RaftServerImpl.java:notifyStateMachineToInstallSnapshot(1559)) - omNode-1@group-523986131536: InstallSnapshot notification result: ALREADY_INSTALLED, current snapshot index: 18
2022-03-14 12:20:02,294 [grpc-default-executor-1] INFO  server.RaftServer$Division (RaftServerImpl.java:installSnapshotImpl(1462)) - omNode-1@group-523986131536: set new configuration index: 25
configurationEntry {
  peers {
    id: "omNode-3"
    address: "localhost:38427"
  }
  peers {
    id: "omNode-1"
    address: "localhost:41375"
  }
  peers {
    id: "omNode-2"
    address: "localhost:40735"
  }
}
 from snapshot
2022-03-14 12:20:02,294 [grpc-default-executor-1] INFO  server.RaftServer$Division (ServerState.java:setRaftConf(387)) - omNode-1@group-523986131536: set configuration 25: [omNode-3|rpc:localhost:38427|admin:|client:|dataStream:|priority:0, omNode-1|rpc:localhost:41375|admin:|client:|dataStream:|priority:0, omNode-2|rpc:localhost:40735|admin:|client:|dataStream:|priority:0], old=null
2022-03-14 12:20:02,295 [grpc-default-executor-1] INFO  ratis.OzoneManagerStateMachine (OzoneManagerStateMachine.java:notifyConfigurationChanged(188)) - Received Configuration change notification from Ratis. New Peer list:
[id: "omNode-3"
address: "localhost:38427"
, id: "omNode-1"
address: "localhost:41375"
, id: "omNode-2"
address: "localhost:40735"
]
2022-03-14 12:20:02,295 [grpc-default-executor-1] INFO  server.RaftServer$Division (RaftServerImpl.java:installSnapshot(1343)) - omNode-1@group-523986131536: reply installSnapshot: omNode-3<-omNode-1#0:FAIL-t6,ALREADY_INSTALLED,snapshotIndex=18
2022-03-14 12:20:02,295 [grpc-default-executor-1] INFO  server.GrpcServerProtocolService (GrpcServerProtocolService.java:onCompleted(140)) - omNode-1: Completed INSTALL_SNAPSHOT, lastRequest: omNode-3->omNode-1#0-t6,notify:(t:3, i:19)
2022-03-14 12:20:02,296 [grpc-default-executor-7] INFO  server.GrpcLogAppender (GrpcLogAppender.java:onNext(410)) - omNode-3@group-523986131536->omNode-1-InstallSnapshotResponseHandler: received the first reply omNode-3<-omNode-1#0:FAIL-t6,ALREADY_INSTALLED,snapshotIndex=18
2022-03-14 12:20:02,296 [grpc-default-executor-7] INFO  server.GrpcLogAppender (GrpcLogAppender.java:onNext(433)) - omNode-3@group-523986131536->omNode-1-InstallSnapshotResponseHandler: Follower snapshot is already at index 18.
2022-03-14 12:20:02,296 [grpc-default-executor-7] INFO  leader.FollowerInfo (FollowerInfoImpl.java:lambda$new$0(47)) - omNode-3@group-523986131536->omNode-1: snapshotIndex: setUnconditionally 0 -> 18
2022-03-14 12:20:02,296 [grpc-default-executor-7] INFO  leader.FollowerInfo (FollowerInfoImpl.java:lambda$new$0(47)) - omNode-3@group-523986131536->omNode-1: matchIndex: setUnconditionally 0 -> 18
2022-03-14 12:20:02,296 [grpc-default-executor-7] INFO  leader.FollowerInfo (FollowerInfoImpl.java:lambda$new$0(47)) - omNode-3@group-523986131536->omNode-1: nextIndex: setUnconditionally 0 -> 19
2022-03-14 12:20:02,296 [grpc-default-executor-7] INFO  leader.FollowerInfo (FollowerInfoImpl.java:setAttemptedToInstallSnapshot(116)) - Follower omNode-3@group-523986131536->omNode-1 acknowledged installing snapshot
2022-03-14 12:20:02,296 [grpc-default-executor-7] INFO  leader.FollowerInfo (FollowerInfoImpl.java:lambda$new$0(47)) - omNode-3@group-523986131536->omNode-1: nextIndex: updateToMax old=19, new=19, updated? false
2022-03-14 12:20:02,298 [omNode-2@group-523986131536-SegmentedRaftLogWorker] INFO  segmented.SegmentedRaftLogWorker (SegmentedRaftLogWorker.java:execute(601)) - omNode-2@group-523986131536-SegmentedRaftLogWorker: created new log segment /home/runner/work/ozone/ozone/hadoop-ozone/integration-test/target/test-dir/MiniOzoneClusterImpl-278953cb-1c57-4e8b-ba2f-5e3472d45912/omNode-2/ratis/c9bc4cf4-3bc3-3c60-a66b-523986131536/current/log_inprogress_25
2022-03-14 12:20:02,302 [grpc-default-executor-7] INFO  server.RaftServer$Division (RaftServerImpl.java:checkInconsistentAppendEntries(1322)) - omNode-1@group-523986131536: Failed appendEntries as previous log entry ((t:6, i:25)) is not found
2022-03-14 12:20:02,302 [grpc-default-executor-7] INFO  server.RaftServer$Division (RaftServerImpl.java:checkInconsistentAppendEntries(1288)) - omNode-1@group-523986131536: inconsistency entries. Reply:omNode-3<-omNode-1#3:FAIL-t6,INCONSISTENCY,nextIndex=19,followerCommit=18
2022-03-14 12:20:02,303 [omNode-3@group-523986131536-StateMachineUpdater] INFO  ratis.OzoneManagerStateMachine (OzoneManagerStateMachine.java:notifyConfigurationChanged(188)) - Received Configuration change notification from Ratis. New Peer list:
[id: "omNode-3"
address: "localhost:38427"
, id: "omNode-1"
address: "localhost:41375"
, id: "omNode-2"
address: "localhost:40735"
]
2022-03-14 12:20:02,307 [omNode-2@group-523986131536-StateMachineUpdater] INFO  ratis.OzoneManagerStateMachine (OzoneManagerStateMachine.java:notifyConfigurationChanged(188)) - Received Configuration change notification from Ratis. New Peer list:
[id: "omNode-3"
address: "localhost:38427"
, id: "omNode-1"
address: "localhost:41375"
, id: "omNode-2"
address: "localhost:40735"
]
2022-03-14 12:20:02,379 [Time-limited test] INFO  retry.RetryInvocationHandler (RetryInvocationHandler.java:log(411)) - com.google.protobuf.ServiceException: org.apache.hadoop.ipc.RemoteException(org.apache.hadoop.ozone.om.exceptions.OMNotLeaderException): OM:omNode-1 is not the leader. Could not determine the leader node.
	at org.apache.hadoop.ozone.om.ratis.utils.OzoneManagerRatisUtils.createNotLeaderException(OzoneManagerRatisUtils.java:360)
	at org.apache.hadoop.ozone.om.ratis.utils.OzoneManagerRatisUtils.checkLeaderStatus(OzoneManagerRatisUtils.java:346)
	at org.apache.hadoop.ozone.protocolPB.OzoneManagerProtocolServerSideTranslatorPB.checkLeaderStatus(OzoneManagerProtocolServerSideTranslatorPB.java:279)
	at org.apache.hadoop.ozone.protocolPB.OzoneManagerProtocolServerSideTranslatorPB.processRequest(OzoneManagerProtocolServerSideTranslatorPB.java:158)
	at org.apache.hadoop.hdds.server.OzoneProtocolMessageDispatcher.processRequest(OzoneProtocolMessageDispatcher.java:87)
	at org.apache.hadoop.ozone.protocolPB.OzoneManagerProtocolServerSideTranslatorPB.submitRequest(OzoneManagerProtocolServerSideTranslatorPB.java:124)
	at org.apache.hadoop.ozone.protocol.proto.OzoneManagerProtocolProtos$OzoneManagerService$2.callBlockingMethod(OzoneManagerProtocolProtos.java)
	at org.apache.hadoop.ipc.ProtobufRpcEngine$Server.processCall(ProtobufRpcEngine.java:466)
	at org.apache.hadoop.ipc.ProtobufRpcEngine2$Server$ProtoBufRpcInvoker.call(ProtobufRpcEngine2.java:574)
	at org.apache.hadoop.ipc.ProtobufRpcEngine2$Server$ProtoBufRpcInvoker.call(ProtobufRpcEngine2.java:552)
	at org.apache.hadoop.ipc.RPC$Server.call(RPC.java:1093)
	at org.apache.hadoop.ipc.Server$RpcCall.run(Server.java:1035)
	at org.apache.hadoop.ipc.Server$RpcCall.run(Server.java:963)
	at java.security.AccessController.doPrivileged(Native Method)
	at javax.security.auth.Subject.doAs(Subject.java:422)
	at org.apache.hadoop.security.UserGroupInformation.doAs(UserGroupInformation.java:1878)
	at org.apache.hadoop.ipc.Server$Handler.run(Server.java:2966)
, while invoking $Proxy53.submitRequest over nodeId=omNode-1,nodeAddress=127.0.0.1:33717 after 2 failover attempts. Trying to failover immediately.
2022-03-14 12:20:02,381 [Time-limited test] INFO  retry.RetryInvocationHandler (RetryInvocationHandler.java:log(411)) - com.google.protobuf.ServiceException: org.apache.hadoop.ipc.RemoteException(org.apache.hadoop.ozone.om.exceptions.OMNotLeaderException): OM:omNode-2 is not the leader. Could not determine the leader node.
	at org.apache.hadoop.ozone.om.ratis.utils.OzoneManagerRatisUtils.createNotLeaderException(OzoneManagerRatisUtils.java:360)
	at org.apache.hadoop.ozone.om.ratis.utils.OzoneManagerRatisUtils.checkLeaderStatus(OzoneManagerRatisUtils.java:346)
	at org.apache.hadoop.ozone.protocolPB.OzoneManagerProtocolServerSideTranslatorPB.checkLeaderStatus(OzoneManagerProtocolServerSideTranslatorPB.java:279)
	at org.apache.hadoop.ozone.protocolPB.OzoneManagerProtocolServerSideTranslatorPB.processRequest(OzoneManagerProtocolServerSideTranslatorPB.java:158)
	at org.apache.hadoop.hdds.server.OzoneProtocolMessageDispatcher.processRequest(OzoneProtocolMessageDispatcher.java:87)
	at org.apache.hadoop.ozone.protocolPB.OzoneManagerProtocolServerSideTranslatorPB.submitRequest(OzoneManagerProtocolServerSideTranslatorPB.java:124)
	at org.apache.hadoop.ozone.protocol.proto.OzoneManagerProtocolProtos$OzoneManagerService$2.callBlockingMethod(OzoneManagerProtocolProtos.java)
	at org.apache.hadoop.ipc.ProtobufRpcEngine$Server.processCall(ProtobufRpcEngine.java:466)
	at org.apache.hadoop.ipc.ProtobufRpcEngine2$Server$ProtoBufRpcInvoker.call(ProtobufRpcEngine2.java:574)
	at org.apache.hadoop.ipc.ProtobufRpcEngine2$Server$ProtoBufRpcInvoker.call(ProtobufRpcEngine2.java:552)
	at org.apache.hadoop.ipc.RPC$Server.call(RPC.java:1093)
	at org.apache.hadoop.ipc.Server$RpcCall.run(Server.java:1035)
	at org.apache.hadoop.ipc.Server$RpcCall.run(Server.java:963)
	at java.security.AccessController.doPrivileged(Native Method)
	at javax.security.auth.Subject.doAs(Subject.java:422)
	at org.apache.hadoop.security.UserGroupInformation.doAs(UserGroupInformation.java:1878)
	at org.apache.hadoop.ipc.Server$Handler.run(Server.java:2966)
, while invoking $Proxy53.submitRequest over nodeId=omNode-2,nodeAddress=127.0.0.1:44939 after 3 failover attempts. Trying to failover immediately.
2022-03-14 12:20:02,384 [grpc-default-executor-7] INFO  server.RaftServer$Division (RaftServerImpl.java:checkInconsistentAppendEntries(1322)) - omNode-1@group-523986131536: Failed appendEntries as previous log entry ((t:6, i:26)) is not found
2022-03-14 12:20:02,384 [grpc-default-executor-7] INFO  server.RaftServer$Division (RaftServerImpl.java:checkInconsistentAppendEntries(1288)) - omNode-1@group-523986131536: inconsistency entries. Reply:omNode-3<-omNode-1#13:FAIL-t6,INCONSISTENCY,nextIndex=19,followerCommit=18
2022-03-14 12:20:02,388 [grpc-default-executor-7] INFO  server.RaftServer$Division (RaftServerImpl.java:checkInconsistentAppendEntries(1322)) - omNode-1@group-523986131536: Failed appendEntries as previous log entry ((t:6, i:27)) is not found
2022-03-14 12:20:02,388 [grpc-default-executor-7] INFO  server.RaftServer$Division (RaftServerImpl.java:checkInconsistentAppendEntries(1288)) - omNode-1@group-523986131536: inconsistency entries. Reply:omNode-3<-omNode-1#15:FAIL-t6,INCONSISTENCY,nextIndex=19,followerCommit=18
2022-03-14 12:20:02,389 [OM StateMachine ApplyTransaction Thread - 0] INFO  upgrade.OMCancelPrepareRequest (OMCancelPrepareRequest.java:validateAndUpdateCache(55)) - OM omNode-3 Received cancel prepare request with log index 27
2022-03-14 12:20:02,389 [OM StateMachine ApplyTransaction Thread - 0] INFO  upgrade.OMCancelPrepareRequest (OMCancelPrepareRequest.java:validateAndUpdateCache(84)) - OM omNode-3 prepare state cancelled at log index 27. Returning response 
2022-03-14 12:20:02,399 [OM StateMachine ApplyTransaction Thread - 0] INFO  upgrade.OMCancelPrepareRequest (OMCancelPrepareRequest.java:validateAndUpdateCache(55)) - OM omNode-2 Received cancel prepare request with log index 27
2022-03-14 12:20:02,399 [OM StateMachine ApplyTransaction Thread - 0] INFO  upgrade.OMCancelPrepareRequest (OMCancelPrepareRequest.java:validateAndUpdateCache(84)) - OM omNode-2 prepare state cancelled at log index 27. Returning response 
2022-03-14 12:20:02,889 [grpc-default-executor-7] INFO  server.RaftServer$Division (RaftServerImpl.java:checkInconsistentAppendEntries(1322)) - omNode-1@group-523986131536: Failed appendEntries as previous log entry ((t:6, i:28)) is not found
2022-03-14 12:20:02,889 [grpc-default-executor-7] INFO  server.RaftServer$Division (RaftServerImpl.java:checkInconsistentAppendEntries(1288)) - omNode-1@group-523986131536: inconsistency entries. Reply:omNode-3<-omNode-1#66:FAIL-t6,INCONSISTENCY,nextIndex=19,followerCommit=18
2022-03-14 12:20:02,891 [grpc-default-executor-7] INFO  leader.FollowerInfo (FollowerInfoImpl.java:lambda$new$0(47)) - omNode-3@group-523986131536->omNode-1: nextIndex: updateUnconditionally 29 -> 19
2022-03-14 12:20:03,392 [grpc-default-executor-7] INFO  server.RaftServer$Division (RaftServerImpl.java:checkInconsistentAppendEntries(1322)) - omNode-1@group-523986131536: Failed appendEntries as previous log entry ((t:6, i:28)) is not found
2022-03-14 12:20:03,393 [grpc-default-executor-7] INFO  server.RaftServer$Division (RaftServerImpl.java:checkInconsistentAppendEntries(1288)) - omNode-1@group-523986131536: inconsistency entries. Reply:omNode-3<-omNode-1#117:FAIL-t6,INCONSISTENCY,nextIndex=19,followerCommit=18
2022-03-14 12:20:03,393 [grpc-default-executor-7] INFO  leader.FollowerInfo (FollowerInfoImpl.java:lambda$new$0(47)) - omNode-3@group-523986131536->omNode-1: nextIndex: updateUnconditionally 29 -> 19
2022-03-14 12:20:03,894 [grpc-default-executor-7] INFO  server.RaftServer$Division (RaftServerImpl.java:checkInconsistentAppendEntries(1322)) - omNode-1@group-523986131536: Failed appendEntries as previous log entry ((t:6, i:28)) is not found
2022-03-14 12:20:03,895 [grpc-default-executor-7] INFO  server.RaftServer$Division (RaftServerImpl.java:checkInconsistentAppendEntries(1288)) - omNode-1@group-523986131536: inconsistency entries. Reply:omNode-3<-omNode-1#168:FAIL-t6,INCONSISTENCY,nextIndex=19,followerCommit=18
2022-03-14 12:20:03,896 [grpc-default-executor-7] INFO  leader.FollowerInfo (FollowerInfoImpl.java:lambda$new$0(47)) - omNode-3@group-523986131536->omNode-1: nextIndex: updateUnconditionally 29 -> 19
2022-03-14 12:20:04,397 [grpc-default-executor-7] INFO  server.RaftServer$Division (RaftServerImpl.java:checkInconsistentAppendEntries(1322)) - omNode-1@group-523986131536: Failed appendEntries as previous log entry ((t:6, i:28)) is not found
2022-03-14 12:20:04,398 [grpc-default-executor-7] INFO  server.RaftServer$Division (RaftServerImpl.java:checkInconsistentAppendEntries(1288)) - omNode-1@group-523986131536: inconsistency entries. Reply:omNode-3<-omNode-1#219:FAIL-t6,INCONSISTENCY,nextIndex=19,followerCommit=18
2022-03-14 12:20:04,398 [grpc-default-executor-7] INFO  leader.FollowerInfo (FollowerInfoImpl.java:lambda$new$0(47)) - omNode-3@group-523986131536->omNode-1: nextIndex: updateUnconditionally 29 -> 19
2022-03-14 12:20:04,900 [grpc-default-executor-1] INFO  server.RaftServer$Division (RaftServerImpl.java:checkInconsistentAppendEntries(1322)) - omNode-1@group-523986131536: Failed appendEntries as previous log entry ((t:6, i:28)) is not found
2022-03-14 12:20:04,900 [grpc-default-executor-1] INFO  server.RaftServer$Division (RaftServerImpl.java:checkInconsistentAppendEntries(1288)) - omNode-1@group-523986131536: inconsistency entries. Reply:omNode-3<-omNode-1#270:FAIL-t6,INCONSISTENCY,nextIndex=19,followerCommit=18
2022-03-14 12:20:04,900 [grpc-default-executor-1] INFO  leader.FollowerInfo (FollowerInfoImpl.java:lambda$new$0(47)) - omNode-3@group-523986131536->omNode-1: nextIndex: updateUnconditionally 29 -> 19
2022-03-14 12:20:05,402 [grpc-default-executor-1] INFO  server.RaftServer$Division (RaftServerImpl.java:checkInconsistentAppendEntries(1322)) - omNode-1@group-523986131536: Failed appendEntries as previous log entry ((t:6, i:28)) is not found
2022-03-14 12:20:05,402 [grpc-default-executor-1] INFO  server.RaftServer$Division (RaftServerImpl.java:checkInconsistentAppendEntries(1288)) - omNode-1@group-523986131536: inconsistency entries. Reply:omNode-3<-omNode-1#321:FAIL-t6,INCONSISTENCY,nextIndex=19,followerCommit=18
2022-03-14 12:20:05,403 [grpc-default-executor-1] INFO  leader.FollowerInfo (FollowerInfoImpl.java:lambda$new$0(47)) - omNode-3@group-523986131536->omNode-1: nextIndex: updateUnconditionally 29 -> 19
2022-03-14 12:20:05,904 [grpc-default-executor-1] INFO  server.RaftServer$Division (RaftServerImpl.java:checkInconsistentAppendEntries(1322)) - omNode-1@group-523986131536: Failed appendEntries as previous log entry ((t:6, i:28)) is not found
2022-03-14 12:20:05,904 [grpc-default-executor-1] INFO  server.RaftServer$Division (RaftServerImpl.java:checkInconsistentAppendEntries(1288)) - omNode-1@group-523986131536: inconsistency entries. Reply:omNode-3<-omNode-1#372:FAIL-t6,INCONSISTENCY,nextIndex=19,followerCommit=18
2022-03-14 12:20:05,905 [grpc-default-executor-7] INFO  leader.FollowerInfo (FollowerInfoImpl.java:lambda$new$0(47)) - omNode-3@group-523986131536->omNode-1: nextIndex: updateUnconditionally 29 -> 19
2022-03-14 12:20:06,406 [grpc-default-executor-7] INFO  server.RaftServer$Division (RaftServerImpl.java:checkInconsistentAppendEntries(1322)) - omNode-1@group-523986131536: Failed appendEntries as previous log entry ((t:6, i:28)) is not found
2022-03-14 12:20:06,406 [grpc-default-executor-7] INFO  server.RaftServer$Division (RaftServerImpl.java:checkInconsistentAppendEntries(1288)) - omNode-1@group-523986131536: inconsistency entries. Reply:omNode-3<-omNode-1#423:FAIL-t6,INCONSISTENCY,nextIndex=19,followerCommit=18
2022-03-14 12:20:06,407 [grpc-default-executor-7] INFO  leader.FollowerInfo (FollowerInfoImpl.java:lambda$new$0(47)) - omNode-3@group-523986131536->omNode-1: nextIndex: updateUnconditionally 29 -> 19
2022-03-14 12:20:06,908 [grpc-default-executor-1] INFO  server.RaftServer$Division (RaftServerImpl.java:checkInconsistentAppendEntries(1322)) - omNode-1@group-523986131536: Failed appendEntries as previous log entry ((t:6, i:28)) is not found
2022-03-14 12:20:06,908 [grpc-default-executor-1] INFO  server.RaftServer$Division (RaftServerImpl.java:checkInconsistentAppendEntries(1288)) - omNode-1@group-523986131536: inconsistency entries. Reply:omNode-3<-omNode-1#474:FAIL-t6,INCONSISTENCY,nextIndex=19,followerCommit=18
2022-03-14 12:20:06,909 [grpc-default-executor-1] INFO  leader.FollowerInfo (FollowerInfoImpl.java:lambda$new$0(47)) - omNode-3@group-523986131536->omNode-1: nextIndex: updateUnconditionally 29 -> 19
2022-03-14 12:20:07,410 [grpc-default-executor-7] INFO  server.RaftServer$Division (RaftServerImpl.java:checkInconsistentAppendEntries(1322)) - omNode-1@group-523986131536: Failed appendEntries as previous log entry ((t:6, i:28)) is not found
2022-03-14 12:20:07,411 [grpc-default-executor-7] INFO  server.RaftServer$Division (RaftServerImpl.java:checkInconsistentAppendEntries(1288)) - omNode-1@group-523986131536: inconsistency entries. Reply:omNode-3<-omNode-1#525:FAIL-t6,INCONSISTENCY,nextIndex=19,followerCommit=18
2022-03-14 12:20:07,412 [grpc-default-executor-7] INFO  leader.FollowerInfo (FollowerInfoImpl.java:lambda$new$0(47)) - omNode-3@group-523986131536->omNode-1: nextIndex: updateUnconditionally 29 -> 19
2022-03-14 12:20:07,913 [grpc-default-executor-1] INFO  server.RaftServer$Division (RaftServerImpl.java:checkInconsistentAppendEntries(1322)) - omNode-1@group-523986131536: Failed appendEntries as previous log entry ((t:6, i:28)) is not found
2022-03-14 12:20:07,913 [grpc-default-executor-1] INFO  server.RaftServer$Division (RaftServerImpl.java:checkInconsistentAppendEntries(1288)) - omNode-1@group-523986131536: inconsistency entries. Reply:omNode-3<-omNode-1#576:FAIL-t6,INCONSISTENCY,nextIndex=19,followerCommit=18
2022-03-14 12:20:07,913 [grpc-default-executor-1] INFO  leader.FollowerInfo (FollowerInfoImpl.java:lambda$new$0(47)) - omNode-3@group-523986131536->omNode-1: nextIndex: updateUnconditionally 29 -> 19
2022-03-14 12:20:08,414 [grpc-default-executor-1] INFO  server.RaftServer$Division (RaftServerImpl.java:checkInconsistentAppendEntries(1322)) - omNode-1@group-523986131536: Failed appendEntries as previous log entry ((t:6, i:28)) is not found
2022-03-14 12:20:08,414 [grpc-default-executor-1] INFO  server.RaftServer$Division (RaftServerImpl.java:checkInconsistentAppendEntries(1288)) - omNode-1@group-523986131536: inconsistency entries. Reply:omNode-3<-omNode-1#627:FAIL-t6,INCONSISTENCY,nextIndex=19,followerCommit=18
2022-03-14 12:20:08,415 [grpc-default-executor-7] INFO  leader.FollowerInfo (FollowerInfoImpl.java:lambda$new$0(47)) - omNode-3@group-523986131536->omNode-1: nextIndex: updateUnconditionally 29 -> 19
2022-03-14 12:20:08,916 [grpc-default-executor-1] INFO  server.RaftServer$Division (RaftServerImpl.java:checkInconsistentAppendEntries(1322)) - omNode-1@group-523986131536: Failed appendEntries as previous log entry ((t:6, i:28)) is not found
2022-03-14 12:20:08,916 [grpc-default-executor-1] INFO  server.RaftServer$Division (RaftServerImpl.java:checkInconsistentAppendEntries(1288)) - omNode-1@group-523986131536: inconsistency entries. Reply:omNode-3<-omNode-1#678:FAIL-t6,INCONSISTENCY,nextIndex=19,followerCommit=18
2022-03-14 12:20:08,916 [grpc-default-executor-1] INFO  leader.FollowerInfo (FollowerInfoImpl.java:lambda$new$0(47)) - omNode-3@group-523986131536->omNode-1: nextIndex: updateUnconditionally 29 -> 19
2022-03-14 12:20:09,417 [grpc-default-executor-7] INFO  server.RaftServer$Division (RaftServerImpl.java:checkInconsistentAppendEntries(1322)) - omNode-1@group-523986131536: Failed appendEntries as previous log entry ((t:6, i:28)) is not found
2022-03-14 12:20:09,418 [grpc-default-executor-7] INFO  server.RaftServer$Division (RaftServerImpl.java:checkInconsistentAppendEntries(1288)) - omNode-1@group-523986131536: inconsistency entries. Reply:omNode-3<-omNode-1#729:FAIL-t6,INCONSISTENCY,nextIndex=19,followerCommit=18
2022-03-14 12:20:09,418 [grpc-default-executor-1] INFO  leader.FollowerInfo (FollowerInfoImpl.java:lambda$new$0(47)) - omNode-3@group-523986131536->omNode-1: nextIndex: updateUnconditionally 29 -> 19
2022-03-14 12:20:09,920 [grpc-default-executor-7] INFO  server.RaftServer$Division (RaftServerImpl.java:checkInconsistentAppendEntries(1322)) - omNode-1@group-523986131536: Failed appendEntries as previous log entry ((t:6, i:28)) is not found
2022-03-14 12:20:09,920 [grpc-default-executor-7] INFO  server.RaftServer$Division (RaftServerImpl.java:checkInconsistentAppendEntries(1288)) - omNode-1@group-523986131536: inconsistency entries. Reply:omNode-3<-omNode-1#780:FAIL-t6,INCONSISTENCY,nextIndex=19,followerCommit=18
2022-03-14 12:20:09,920 [grpc-default-executor-7] INFO  leader.FollowerInfo (FollowerInfoImpl.java:lambda$new$0(47)) - omNode-3@group-523986131536->omNode-1: nextIndex: updateUnconditionally 29 -> 19
2022-03-14 12:20:10,422 [grpc-default-executor-1] INFO  server.RaftServer$Division (RaftServerImpl.java:checkInconsistentAppendEntries(1322)) - omNode-1@group-523986131536: Failed appendEntries as previous log entry ((t:6, i:28)) is not found
2022-03-14 12:20:10,422 [grpc-default-executor-1] INFO  server.RaftServer$Division (RaftServerImpl.java:checkInconsistentAppendEntries(1288)) - omNode-1@group-523986131536: inconsistency entries. Reply:omNode-3<-omNode-1#831:FAIL-t6,INCONSISTENCY,nextIndex=19,followerCommit=18
2022-03-14 12:20:10,422 [grpc-default-executor-1] INFO  leader.FollowerInfo (FollowerInfoImpl.java:lambda$new$0(47)) - omNode-3@group-523986131536->omNode-1: nextIndex: updateUnconditionally 29 -> 19
2022-03-14 12:20:10,924 [grpc-default-executor-1] INFO  server.RaftServer$Division (RaftServerImpl.java:checkInconsistentAppendEntries(1322)) - omNode-1@group-523986131536: Failed appendEntries as previous log entry ((t:6, i:28)) is not found
2022-03-14 12:20:10,924 [grpc-default-executor-1] INFO  server.RaftServer$Division (RaftServerImpl.java:checkInconsistentAppendEntries(1288)) - omNode-1@group-523986131536: inconsistency entries. Reply:omNode-3<-omNode-1#882:FAIL-t6,INCONSISTENCY,nextIndex=19,followerCommit=18
2022-03-14 12:20:10,924 [grpc-default-executor-1] INFO  leader.FollowerInfo (FollowerInfoImpl.java:lambda$new$0(47)) - omNode-3@group-523986131536->omNode-1: nextIndex: updateUnconditionally 29 -> 19
2022-03-14 12:20:11,426 [grpc-default-executor-7] INFO  server.RaftServer$Division (RaftServerImpl.java:checkInconsistentAppendEntries(1322)) - omNode-1@group-523986131536: Failed appendEntries as previous log entry ((t:6, i:28)) is not found
2022-03-14 12:20:11,426 [grpc-default-executor-7] INFO  server.RaftServer$Division (RaftServerImpl.java:checkInconsistentAppendEntries(1288)) - omNode-1@group-523986131536: inconsistency entries. Reply:omNode-3<-omNode-1#933:FAIL-t6,INCONSISTENCY,nextIndex=19,followerCommit=18
2022-03-14 12:20:11,426 [grpc-default-executor-7] INFO  leader.FollowerInfo (FollowerInfoImpl.java:lambda$new$0(47)) - omNode-3@group-523986131536->omNode-1: nextIndex: updateUnconditionally 29 -> 19
2022-03-14 12:20:11,928 [grpc-default-executor-1] INFO  server.RaftServer$Division (RaftServerImpl.java:checkInconsistentAppendEntries(1322)) - omNode-1@group-523986131536: Failed appendEntries as previous log entry ((t:6, i:28)) is not found
2022-03-14 12:20:11,928 [grpc-default-executor-1] INFO  server.RaftServer$Division (RaftServerImpl.java:checkInconsistentAppendEntries(1288)) - omNode-1@group-523986131536: inconsistency entries. Reply:omNode-3<-omNode-1#984:FAIL-t6,INCONSISTENCY,nextIndex=19,followerCommit=18
2022-03-14 12:20:11,929 [grpc-default-executor-1] INFO  leader.FollowerInfo (FollowerInfoImpl.java:lambda$new$0(47)) - omNode-3@group-523986131536->omNode-1: nextIndex: updateUnconditionally 29 -> 19
2022-03-14 12:20:12,430 [grpc-default-executor-1] INFO  server.RaftServer$Division (RaftServerImpl.java:checkInconsistentAppendEntries(1322)) - omNode-1@group-523986131536: Failed appendEntries as previous log entry ((t:6, i:28)) is not found
2022-03-14 12:20:12,430 [grpc-default-executor-1] INFO  server.RaftServer$Division (RaftServerImpl.java:checkInconsistentAppendEntries(1288)) - omNode-1@group-523986131536: inconsistency entries. Reply:omNode-3<-omNode-1#1035:FAIL-t6,INCONSISTENCY,nextIndex=19,followerCommit=18
2022-03-14 12:20:12,431 [grpc-default-executor-1] INFO  leader.FollowerInfo (FollowerInfoImpl.java:lambda$new$0(47)) - omNode-3@group-523986131536->omNode-1: nextIndex: updateUnconditionally 29 -> 19
2022-03-14 12:20:12,933 [grpc-default-executor-7] INFO  server.RaftServer$Division (RaftServerImpl.java:checkInconsistentAppendEntries(1322)) - omNode-1@group-523986131536: Failed appendEntries as previous log entry ((t:6, i:28)) is not found
2022-03-14 12:20:12,933 [grpc-default-executor-7] INFO  server.RaftServer$Division (RaftServerImpl.java:checkInconsistentAppendEntries(1288)) - omNode-1@group-523986131536: inconsistency entries. Reply:omNode-3<-omNode-1#1086:FAIL-t6,INCONSISTENCY,nextIndex=19,followerCommit=18
2022-03-14 12:20:12,934 [grpc-default-executor-7] INFO  leader.FollowerInfo (FollowerInfoImpl.java:lambda$new$0(47)) - omNode-3@group-523986131536->omNode-1: nextIndex: updateUnconditionally 29 -> 19
2022-03-14 12:20:13,435 [grpc-default-executor-7] INFO  server.RaftServer$Division (RaftServerImpl.java:checkInconsistentAppendEntries(1322)) - omNode-1@group-523986131536: Failed appendEntries as previous log entry ((t:6, i:28)) is not found
2022-03-14 12:20:13,435 [grpc-default-executor-7] INFO  server.RaftServer$Division (RaftServerImpl.java:checkInconsistentAppendEntries(1288)) - omNode-1@group-523986131536: inconsistency entries. Reply:omNode-3<-omNode-1#1137:FAIL-t6,INCONSISTENCY,nextIndex=19,followerCommit=18
2022-03-14 12:20:13,437 [grpc-default-executor-7] INFO  leader.FollowerInfo (FollowerInfoImpl.java:lambda$new$0(47)) - omNode-3@group-523986131536->omNode-1: nextIndex: updateUnconditionally 29 -> 19
2022-03-14 12:20:13,939 [grpc-default-executor-7] INFO  server.RaftServer$Division (RaftServerImpl.java:checkInconsistentAppendEntries(1322)) - omNode-1@group-523986131536: Failed appendEntries as previous log entry ((t:6, i:28)) is not found
2022-03-14 12:20:13,939 [grpc-default-executor-7] INFO  server.RaftServer$Division (RaftServerImpl.java:checkInconsistentAppendEntries(1288)) - omNode-1@group-523986131536: inconsistency entries. Reply:omNode-3<-omNode-1#1188:FAIL-t6,INCONSISTENCY,nextIndex=19,followerCommit=18
2022-03-14 12:20:13,940 [grpc-default-executor-7] INFO  leader.FollowerInfo (FollowerInfoImpl.java:lambda$new$0(47)) - omNode-3@group-523986131536->omNode-1: nextIndex: updateUnconditionally 29 -> 19
2022-03-14 12:20:14,441 [grpc-default-executor-7] INFO  server.RaftServer$Division (RaftServerImpl.java:checkInconsistentAppendEntries(1322)) - omNode-1@group-523986131536: Failed appendEntries as previous log entry ((t:6, i:28)) is not found
2022-03-14 12:20:14,441 [grpc-default-executor-7] INFO  server.RaftServer$Division (RaftServerImpl.java:checkInconsistentAppendEntries(1288)) - omNode-1@group-523986131536: inconsistency entries. Reply:omNode-3<-omNode-1#1239:FAIL-t6,INCONSISTENCY,nextIndex=19,followerCommit=18
2022-03-14 12:20:14,442 [grpc-default-executor-1] INFO  leader.FollowerInfo (FollowerInfoImpl.java:lambda$new$0(47)) - omNode-3@group-523986131536->omNode-1: nextIndex: updateUnconditionally 29 -> 19
2022-03-14 12:20:14,943 [grpc-default-executor-1] INFO  server.RaftServer$Division (RaftServerImpl.java:checkInconsistentAppendEntries(1322)) - omNode-1@group-523986131536: Failed appendEntries as previous log entry ((t:6, i:28)) is not found
2022-03-14 12:20:14,944 [grpc-default-executor-1] INFO  server.RaftServer$Division (RaftServerImpl.java:checkInconsistentAppendEntries(1288)) - omNode-1@group-523986131536: inconsistency entries. Reply:omNode-3<-omNode-1#1290:FAIL-t6,INCONSISTENCY,nextIndex=19,followerCommit=18
2022-03-14 12:20:14,944 [grpc-default-executor-1] INFO  leader.FollowerInfo (FollowerInfoImpl.java:lambda$new$0(47)) - omNode-3@group-523986131536->omNode-1: nextIndex: updateUnconditionally 29 -> 19
2022-03-14 12:20:15,445 [grpc-default-executor-1] INFO  server.RaftServer$Division (RaftServerImpl.java:checkInconsistentAppendEntries(1322)) - omNode-1@group-523986131536: Failed appendEntries as previous log entry ((t:6, i:28)) is not found
2022-03-14 12:20:15,446 [grpc-default-executor-1] INFO  server.RaftServer$Division (RaftServerImpl.java:checkInconsistentAppendEntries(1288)) - omNode-1@group-523986131536: inconsistency entries. Reply:omNode-3<-omNode-1#1341:FAIL-t6,INCONSISTENCY,nextIndex=19,followerCommit=18
2022-03-14 12:20:15,446 [grpc-default-executor-1] INFO  leader.FollowerInfo (FollowerInfoImpl.java:lambda$new$0(47)) - omNode-3@group-523986131536->omNode-1: nextIndex: updateUnconditionally 29 -> 19
2022-03-14 12:20:15,947 [grpc-default-executor-7] INFO  server.RaftServer$Division (RaftServerImpl.java:checkInconsistentAppendEntries(1322)) - omNode-1@group-523986131536: Failed appendEntries as previous log entry ((t:6, i:28)) is not found
2022-03-14 12:20:15,947 [grpc-default-executor-7] INFO  server.RaftServer$Division (RaftServerImpl.java:checkInconsistentAppendEntries(1288)) - omNode-1@group-523986131536: inconsistency entries. Reply:omNode-3<-omNode-1#1392:FAIL-t6,INCONSISTENCY,nextIndex=19,followerCommit=18
2022-03-14 12:20:15,947 [grpc-default-executor-7] INFO  leader.FollowerInfo (FollowerInfoImpl.java:lambda$new$0(47)) - omNode-3@group-523986131536->omNode-1: nextIndex: updateUnconditionally 29 -> 19
2022-03-14 12:20:16,449 [grpc-default-executor-7] INFO  server.RaftServer$Division (RaftServerImpl.java:checkInconsistentAppendEntries(1322)) - omNode-1@group-523986131536: Failed appendEntries as previous log entry ((t:6, i:28)) is not found
2022-03-14 12:20:16,449 [grpc-default-executor-7] INFO  server.RaftServer$Division (RaftServerImpl.java:checkInconsistentAppendEntries(1288)) - omNode-1@group-523986131536: inconsistency entries. Reply:omNode-3<-omNode-1#1443:FAIL-t6,INCONSISTENCY,nextIndex=19,followerCommit=18
2022-03-14 12:20:16,449 [grpc-default-executor-7] INFO  leader.FollowerInfo (FollowerInfoImpl.java:lambda$new$0(47)) - omNode-3@group-523986131536->omNode-1: nextIndex: updateUnconditionally 29 -> 19
2022-03-14 12:20:16,951 [grpc-default-executor-7] INFO  server.RaftServer$Division (RaftServerImpl.java:checkInconsistentAppendEntries(1322)) - omNode-1@group-523986131536: Failed appendEntries as previous log entry ((t:6, i:28)) is not found
2022-03-14 12:20:16,951 [grpc-default-executor-7] INFO  server.RaftServer$Division (RaftServerImpl.java:checkInconsistentAppendEntries(1288)) - omNode-1@group-523986131536: inconsistency entries. Reply:omNode-3<-omNode-1#1494:FAIL-t6,INCONSISTENCY,nextIndex=19,followerCommit=18
2022-03-14 12:20:16,951 [grpc-default-executor-7] INFO  leader.FollowerInfo (FollowerInfoImpl.java:lambda$new$0(47)) - omNode-3@group-523986131536->omNode-1: nextIndex: updateUnconditionally 29 -> 19
2022-03-14 12:20:17,453 [grpc-default-executor-7] INFO  server.RaftServer$Division (RaftServerImpl.java:checkInconsistentAppendEntries(1322)) - omNode-1@group-523986131536: Failed appendEntries as previous log entry ((t:6, i:28)) is not found
2022-03-14 12:20:17,453 [grpc-default-executor-7] INFO  server.RaftServer$Division (RaftServerImpl.java:checkInconsistentAppendEntries(1288)) - omNode-1@group-523986131536: inconsistency entries. Reply:omNode-3<-omNode-1#1545:FAIL-t6,INCONSISTENCY,nextIndex=19,followerCommit=18
2022-03-14 12:20:17,453 [grpc-default-executor-7] INFO  leader.FollowerInfo (FollowerInfoImpl.java:lambda$new$0(47)) - omNode-3@group-523986131536->omNode-1: nextIndex: updateUnconditionally 29 -> 19
2022-03-14 12:20:17,954 [grpc-default-executor-7] INFO  server.RaftServer$Division (RaftServerImpl.java:checkInconsistentAppendEntries(1322)) - omNode-1@group-523986131536: Failed appendEntries as previous log entry ((t:6, i:28)) is not found
2022-03-14 12:20:17,954 [grpc-default-executor-7] INFO  server.RaftServer$Division (RaftServerImpl.java:checkInconsistentAppendEntries(1288)) - omNode-1@group-523986131536: inconsistency entries. Reply:omNode-3<-omNode-1#1596:FAIL-t6,INCONSISTENCY,nextIndex=19,followerCommit=18
2022-03-14 12:20:17,955 [grpc-default-executor-7] INFO  leader.FollowerInfo (FollowerInfoImpl.java:lambda$new$0(47)) - omNode-3@group-523986131536->omNode-1: nextIndex: updateUnconditionally 29 -> 19
2022-03-14 12:20:18,456 [grpc-default-executor-7] INFO  server.RaftServer$Division (RaftServerImpl.java:checkInconsistentAppendEntries(1322)) - omNode-1@group-523986131536: Failed appendEntries as previous log entry ((t:6, i:28)) is not found
2022-03-14 12:20:18,456 [grpc-default-executor-7] INFO  server.RaftServer$Division (RaftServerImpl.java:checkInconsistentAppendEntries(1288)) - omNode-1@group-523986131536: inconsistency entries. Reply:omNode-3<-omNode-1#1647:FAIL-t6,INCONSISTENCY,nextIndex=19,followerCommit=18
2022-03-14 12:20:18,456 [grpc-default-executor-7] INFO  leader.FollowerInfo (FollowerInfoImpl.java:lambda$new$0(47)) - omNode-3@group-523986131536->omNode-1: nextIndex: updateUnconditionally 29 -> 19
2022-03-14 12:20:18,958 [grpc-default-executor-7] INFO  server.RaftServer$Division (RaftServerImpl.java:checkInconsistentAppendEntries(1322)) - omNode-1@group-523986131536: Failed appendEntries as previous log entry ((t:6, i:28)) is not found
2022-03-14 12:20:18,958 [grpc-default-executor-7] INFO  server.RaftServer$Division (RaftServerImpl.java:checkInconsistentAppendEntries(1288)) - omNode-1@group-523986131536: inconsistency entries. Reply:omNode-3<-omNode-1#1698:FAIL-t6,INCONSISTENCY,nextIndex=19,followerCommit=18
2022-03-14 12:20:18,958 [grpc-default-executor-7] INFO  leader.FollowerInfo (FollowerInfoImpl.java:lambda$new$0(47)) - omNode-3@group-523986131536->omNode-1: nextIndex: updateUnconditionally 29 -> 19
2022-03-14 12:20:19,459 [grpc-default-executor-7] INFO  server.RaftServer$Division (RaftServerImpl.java:checkInconsistentAppendEntries(1322)) - omNode-1@group-523986131536: Failed appendEntries as previous log entry ((t:6, i:28)) is not found
2022-03-14 12:20:19,459 [grpc-default-executor-7] INFO  server.RaftServer$Division (RaftServerImpl.java:checkInconsistentAppendEntries(1288)) - omNode-1@group-523986131536: inconsistency entries. Reply:omNode-3<-omNode-1#1749:FAIL-t6,INCONSISTENCY,nextIndex=19,followerCommit=18
2022-03-14 12:20:19,460 [grpc-default-executor-7] INFO  leader.FollowerInfo (FollowerInfoImpl.java:lambda$new$0(47)) - omNode-3@group-523986131536->omNode-1: nextIndex: updateUnconditionally 29 -> 19
2022-03-14 12:20:19,960 [grpc-default-executor-7] INFO  server.RaftServer$Division (RaftServerImpl.java:checkInconsistentAppendEntries(1322)) - omNode-1@group-523986131536: Failed appendEntries as previous log entry ((t:6, i:28)) is not found
2022-03-14 12:20:19,960 [grpc-default-executor-7] INFO  server.RaftServer$Division (RaftServerImpl.java:checkInconsistentAppendEntries(1288)) - omNode-1@group-523986131536: inconsistency entries. Reply:omNode-3<-omNode-1#1800:FAIL-t6,INCONSISTENCY,nextIndex=19,followerCommit=18
2022-03-14 12:20:19,961 [grpc-default-executor-7] INFO  leader.FollowerInfo (FollowerInfoImpl.java:lambda$new$0(47)) - omNode-3@group-523986131536->omNode-1: nextIndex: updateUnconditionally 29 -> 19
2022-03-14 12:20:20,462 [grpc-default-executor-7] INFO  server.RaftServer$Division (RaftServerImpl.java:checkInconsistentAppendEntries(1322)) - omNode-1@group-523986131536: Failed appendEntries as previous log entry ((t:6, i:28)) is not found
2022-03-14 12:20:20,462 [grpc-default-executor-7] INFO  server.RaftServer$Division (RaftServerImpl.java:checkInconsistentAppendEntries(1288)) - omNode-1@group-523986131536: inconsistency entries. Reply:omNode-3<-omNode-1#1851:FAIL-t6,INCONSISTENCY,nextIndex=19,followerCommit=18
2022-03-14 12:20:20,462 [grpc-default-executor-7] INFO  leader.FollowerInfo (FollowerInfoImpl.java:lambda$new$0(47)) - omNode-3@group-523986131536->omNode-1: nextIndex: updateUnconditionally 29 -> 19
2022-03-14 12:20:20,964 [grpc-default-executor-1] INFO  server.RaftServer$Division (RaftServerImpl.java:checkInconsistentAppendEntries(1322)) - omNode-1@group-523986131536: Failed appendEntries as previous log entry ((t:6, i:28)) is not found
2022-03-14 12:20:20,965 [grpc-default-executor-1] INFO  server.RaftServer$Division (RaftServerImpl.java:checkInconsistentAppendEntries(1288)) - omNode-1@group-523986131536: inconsistency entries. Reply:omNode-3<-omNode-1#1902:FAIL-t6,INCONSISTENCY,nextIndex=19,followerCommit=18
2022-03-14 12:20:20,965 [grpc-default-executor-1] INFO  leader.FollowerInfo (FollowerInfoImpl.java:lambda$new$0(47)) - omNode-3@group-523986131536->omNode-1: nextIndex: updateUnconditionally 29 -> 19
2022-03-14 12:20:21,467 [grpc-default-executor-7] INFO  server.RaftServer$Division (RaftServerImpl.java:checkInconsistentAppendEntries(1322)) - omNode-1@group-523986131536: Failed appendEntries as previous log entry ((t:6, i:28)) is not found
2022-03-14 12:20:21,467 [grpc-default-executor-7] INFO  server.RaftServer$Division (RaftServerImpl.java:checkInconsistentAppendEntries(1288)) - omNode-1@group-523986131536: inconsistency entries. Reply:omNode-3<-omNode-1#1953:FAIL-t6,INCONSISTENCY,nextIndex=19,followerCommit=18
2022-03-14 12:20:21,467 [grpc-default-executor-7] INFO  leader.FollowerInfo (FollowerInfoImpl.java:lambda$new$0(47)) - omNode-3@group-523986131536->omNode-1: nextIndex: updateUnconditionally 29 -> 19
2022-03-14 12:20:21,969 [grpc-default-executor-1] INFO  server.RaftServer$Division (RaftServerImpl.java:checkInconsistentAppendEntries(1322)) - omNode-1@group-523986131536: Failed appendEntries as previous log entry ((t:6, i:28)) is not found
2022-03-14 12:20:21,969 [grpc-default-executor-1] INFO  server.RaftServer$Division (RaftServerImpl.java:checkInconsistentAppendEntries(1288)) - omNode-1@group-523986131536: inconsistency entries. Reply:omNode-3<-omNode-1#2004:FAIL-t6,INCONSISTENCY,nextIndex=19,followerCommit=18
2022-03-14 12:20:21,969 [grpc-default-executor-1] INFO  leader.FollowerInfo (FollowerInfoImpl.java:lambda$new$0(47)) - omNode-3@group-523986131536->omNode-1: nextIndex: updateUnconditionally 29 -> 19
2022-03-14 12:20:22,471 [grpc-default-executor-1] INFO  server.RaftServer$Division (RaftServerImpl.java:checkInconsistentAppendEntries(1322)) - omNode-1@group-523986131536: Failed appendEntries as previous log entry ((t:6, i:28)) is not found
2022-03-14 12:20:22,471 [grpc-default-executor-1] INFO  server.RaftServer$Division (RaftServerImpl.java:checkInconsistentAppendEntries(1288)) - omNode-1@group-523986131536: inconsistency entries. Reply:omNode-3<-omNode-1#2055:FAIL-t6,INCONSISTENCY,nextIndex=19,followerCommit=18
2022-03-14 12:20:22,471 [grpc-default-executor-1] INFO  leader.FollowerInfo (FollowerInfoImpl.java:lambda$new$0(47)) - omNode-3@group-523986131536->omNode-1: nextIndex: updateUnconditionally 29 -> 19
2022-03-14 12:20:22,973 [grpc-default-executor-7] INFO  server.RaftServer$Division (RaftServerImpl.java:checkInconsistentAppendEntries(1322)) - omNode-1@group-523986131536: Failed appendEntries as previous log entry ((t:6, i:28)) is not found
2022-03-14 12:20:22,973 [grpc-default-executor-7] INFO  server.RaftServer$Division (RaftServerImpl.java:checkInconsistentAppendEntries(1288)) - omNode-1@group-523986131536: inconsistency entries. Reply:omNode-3<-omNode-1#2106:FAIL-t6,INCONSISTENCY,nextIndex=19,followerCommit=18
2022-03-14 12:20:22,973 [grpc-default-executor-1] INFO  leader.FollowerInfo (FollowerInfoImpl.java:lambda$new$0(47)) - omNode-3@group-523986131536->omNode-1: nextIndex: updateUnconditionally 29 -> 19
2022-03-14 12:20:23,474 [grpc-default-executor-7] INFO  server.RaftServer$Division (RaftServerImpl.java:checkInconsistentAppendEntries(1322)) - omNode-1@group-523986131536: Failed appendEntries as previous log entry ((t:6, i:28)) is not found
2022-03-14 12:20:23,475 [grpc-default-executor-7] INFO  server.RaftServer$Division (RaftServerImpl.java:checkInconsistentAppendEntries(1288)) - omNode-1@group-523986131536: inconsistency entries. Reply:omNode-3<-omNode-1#2157:FAIL-t6,INCONSISTENCY,nextIndex=19,followerCommit=18
2022-03-14 12:20:23,475 [grpc-default-executor-1] INFO  leader.FollowerInfo (FollowerInfoImpl.java:lambda$new$0(47)) - omNode-3@group-523986131536->omNode-1: nextIndex: updateUnconditionally 29 -> 19
2022-03-14 12:20:23,976 [grpc-default-executor-7] INFO  server.RaftServer$Division (RaftServerImpl.java:checkInconsistentAppendEntries(1322)) - omNode-1@group-523986131536: Failed appendEntries as previous log entry ((t:6, i:28)) is not found
2022-03-14 12:20:23,977 [grpc-default-executor-7] INFO  server.RaftServer$Division (RaftServerImpl.java:checkInconsistentAppendEntries(1288)) - omNode-1@group-523986131536: inconsistency entries. Reply:omNode-3<-omNode-1#2208:FAIL-t6,INCONSISTENCY,nextIndex=19,followerCommit=18
2022-03-14 12:20:23,977 [grpc-default-executor-7] INFO  leader.FollowerInfo (FollowerInfoImpl.java:lambda$new$0(47)) - omNode-3@group-523986131536->omNode-1: nextIndex: updateUnconditionally 29 -> 19
2022-03-14 12:20:24,478 [grpc-default-executor-1] INFO  server.RaftServer$Division (RaftServerImpl.java:checkInconsistentAppendEntries(1322)) - omNode-1@group-523986131536: Failed appendEntries as previous log entry ((t:6, i:28)) is not found
2022-03-14 12:20:24,478 [grpc-default-executor-1] INFO  server.RaftServer$Division (RaftServerImpl.java:checkInconsistentAppendEntries(1288)) - omNode-1@group-523986131536: inconsistency entries. Reply:omNode-3<-omNode-1#2259:FAIL-t6,INCONSISTENCY,nextIndex=19,followerCommit=18
2022-03-14 12:20:24,479 [grpc-default-executor-1] INFO  leader.FollowerInfo (FollowerInfoImpl.java:lambda$new$0(47)) - omNode-3@group-523986131536->omNode-1: nextIndex: updateUnconditionally 29 -> 19
2022-03-14 12:20:24,980 [grpc-default-executor-7] INFO  server.RaftServer$Division (RaftServerImpl.java:checkInconsistentAppendEntries(1322)) - omNode-1@group-523986131536: Failed appendEntries as previous log entry ((t:6, i:28)) is not found
2022-03-14 12:20:24,981 [grpc-default-executor-7] INFO  server.RaftServer$Division (RaftServerImpl.java:checkInconsistentAppendEntries(1288)) - omNode-1@group-523986131536: inconsistency entries. Reply:omNode-3<-omNode-1#2310:FAIL-t6,INCONSISTENCY,nextIndex=19,followerCommit=18
2022-03-14 12:20:24,981 [grpc-default-executor-1] INFO  leader.FollowerInfo (FollowerInfoImpl.java:lambda$new$0(47)) - omNode-3@group-523986131536->omNode-1: nextIndex: updateUnconditionally 29 -> 19
2022-03-14 12:20:25,482 [grpc-default-executor-1] INFO  server.RaftServer$Division (RaftServerImpl.java:checkInconsistentAppendEntries(1322)) - omNode-1@group-523986131536: Failed appendEntries as previous log entry ((t:6, i:28)) is not found
2022-03-14 12:20:25,482 [grpc-default-executor-1] INFO  server.RaftServer$Division (RaftServerImpl.java:checkInconsistentAppendEntries(1288)) - omNode-1@group-523986131536: inconsistency entries. Reply:omNode-3<-omNode-1#2361:FAIL-t6,INCONSISTENCY,nextIndex=19,followerCommit=18
2022-03-14 12:20:25,483 [grpc-default-executor-7] INFO  leader.FollowerInfo (FollowerInfoImpl.java:lambda$new$0(47)) - omNode-3@group-523986131536->omNode-1: nextIndex: updateUnconditionally 29 -> 19
2022-03-14 12:20:25,984 [grpc-default-executor-1] INFO  server.RaftServer$Division (RaftServerImpl.java:checkInconsistentAppendEntries(1322)) - omNode-1@group-523986131536: Failed appendEntries as previous log entry ((t:6, i:28)) is not found
2022-03-14 12:20:25,984 [grpc-default-executor-1] INFO  server.RaftServer$Division (RaftServerImpl.java:checkInconsistentAppendEntries(1288)) - omNode-1@group-523986131536: inconsistency entries. Reply:omNode-3<-omNode-1#2412:FAIL-t6,INCONSISTENCY,nextIndex=19,followerCommit=18
2022-03-14 12:20:25,985 [grpc-default-executor-1] INFO  leader.FollowerInfo (FollowerInfoImpl.java:lambda$new$0(47)) - omNode-3@group-523986131536->omNode-1: nextIndex: updateUnconditionally 29 -> 19
2022-03-14 12:20:26,486 [grpc-default-executor-7] INFO  server.RaftServer$Division (RaftServerImpl.java:checkInconsistentAppendEntries(1322)) - omNode-1@group-523986131536: Failed appendEntries as previous log entry ((t:6, i:28)) is not found
2022-03-14 12:20:26,486 [grpc-default-executor-7] INFO  server.RaftServer$Division (RaftServerImpl.java:checkInconsistentAppendEntries(1288)) - omNode-1@group-523986131536: inconsistency entries. Reply:omNode-3<-omNode-1#2463:FAIL-t6,INCONSISTENCY,nextIndex=19,followerCommit=18
2022-03-14 12:20:26,486 [grpc-default-executor-7] INFO  leader.FollowerInfo (FollowerInfoImpl.java:lambda$new$0(47)) - omNode-3@group-523986131536->omNode-1: nextIndex: updateUnconditionally 29 -> 19
2022-03-14 12:20:26,988 [grpc-default-executor-1] INFO  server.RaftServer$Division (RaftServerImpl.java:checkInconsistentAppendEntries(1322)) - omNode-1@group-523986131536: Failed appendEntries as previous log entry ((t:6, i:28)) is not found
2022-03-14 12:20:26,988 [grpc-default-executor-1] INFO  server.RaftServer$Division (RaftServerImpl.java:checkInconsistentAppendEntries(1288)) - omNode-1@group-523986131536: inconsistency entries. Reply:omNode-3<-omNode-1#2514:FAIL-t6,INCONSISTENCY,nextIndex=19,followerCommit=18
2022-03-14 12:20:26,988 [grpc-default-executor-1] INFO  leader.FollowerInfo (FollowerInfoImpl.java:lambda$new$0(47)) - omNode-3@group-523986131536->omNode-1: nextIndex: updateUnconditionally 29 -> 19
2022-03-14 12:20:27,490 [grpc-default-executor-7] INFO  server.RaftServer$Division (RaftServerImpl.java:checkInconsistentAppendEntries(1322)) - omNode-1@group-523986131536: Failed appendEntries as previous log entry ((t:6, i:28)) is not found
2022-03-14 12:20:27,490 [grpc-default-executor-7] INFO  server.RaftServer$Division (RaftServerImpl.java:checkInconsistentAppendEntries(1288)) - omNode-1@group-523986131536: inconsistency entries. Reply:omNode-3<-omNode-1#2565:FAIL-t6,INCONSISTENCY,nextIndex=19,followerCommit=18
2022-03-14 12:20:27,490 [grpc-default-executor-7] INFO  leader.FollowerInfo (FollowerInfoImpl.java:lambda$new$0(47)) - omNode-3@group-523986131536->omNode-1: nextIndex: updateUnconditionally 29 -> 19
2022-03-14 12:20:27,992 [grpc-default-executor-7] INFO  server.RaftServer$Division (RaftServerImpl.java:checkInconsistentAppendEntries(1322)) - omNode-1@group-523986131536: Failed appendEntries as previous log entry ((t:6, i:28)) is not found
2022-03-14 12:20:27,992 [grpc-default-executor-7] INFO  server.RaftServer$Division (RaftServerImpl.java:checkInconsistentAppendEntries(1288)) - omNode-1@group-523986131536: inconsistency entries. Reply:omNode-3<-omNode-1#2616:FAIL-t6,INCONSISTENCY,nextIndex=19,followerCommit=18
2022-03-14 12:20:27,992 [grpc-default-executor-7] INFO  leader.FollowerInfo (FollowerInfoImpl.java:lambda$new$0(47)) - omNode-3@group-523986131536->omNode-1: nextIndex: updateUnconditionally 29 -> 19
2022-03-14 12:20:28,494 [grpc-default-executor-7] INFO  server.RaftServer$Division (RaftServerImpl.java:checkInconsistentAppendEntries(1322)) - omNode-1@group-523986131536: Failed appendEntries as previous log entry ((t:6, i:28)) is not found
2022-03-14 12:20:28,494 [grpc-default-executor-7] INFO  server.RaftServer$Division (RaftServerImpl.java:checkInconsistentAppendEntries(1288)) - omNode-1@group-523986131536: inconsistency entries. Reply:omNode-3<-omNode-1#2667:FAIL-t6,INCONSISTENCY,nextIndex=19,followerCommit=18
2022-03-14 12:20:28,494 [grpc-default-executor-1] INFO  leader.FollowerInfo (FollowerInfoImpl.java:lambda$new$0(47)) - omNode-3@group-523986131536->omNode-1: nextIndex: updateUnconditionally 29 -> 19
2022-03-14 12:20:28,996 [grpc-default-executor-7] INFO  server.RaftServer$Division (RaftServerImpl.java:checkInconsistentAppendEntries(1322)) - omNode-1@group-523986131536: Failed appendEntries as previous log entry ((t:6, i:28)) is not found
2022-03-14 12:20:28,996 [grpc-default-executor-7] INFO  server.RaftServer$Division (RaftServerImpl.java:checkInconsistentAppendEntries(1288)) - omNode-1@group-523986131536: inconsistency entries. Reply:omNode-3<-omNode-1#2718:FAIL-t6,INCONSISTENCY,nextIndex=19,followerCommit=18
2022-03-14 12:20:28,996 [grpc-default-executor-7] INFO  leader.FollowerInfo (FollowerInfoImpl.java:lambda$new$0(47)) - omNode-3@group-523986131536->omNode-1: nextIndex: updateUnconditionally 29 -> 19
2022-03-14 12:20:29,498 [grpc-default-executor-7] INFO  server.RaftServer$Division (RaftServerImpl.java:checkInconsistentAppendEntries(1322)) - omNode-1@group-523986131536: Failed appendEntries as previous log entry ((t:6, i:28)) is not found
2022-03-14 12:20:29,499 [grpc-default-executor-7] INFO  server.RaftServer$Division (RaftServerImpl.java:checkInconsistentAppendEntries(1288)) - omNode-1@group-523986131536: inconsistency entries. Reply:omNode-3<-omNode-1#2769:FAIL-t6,INCONSISTENCY,nextIndex=19,followerCommit=18
2022-03-14 12:20:29,499 [grpc-default-executor-7] INFO  leader.FollowerInfo (FollowerInfoImpl.java:lambda$new$0(47)) - omNode-3@group-523986131536->omNode-1: nextIndex: updateUnconditionally 29 -> 19
2022-03-14 12:20:30,000 [grpc-default-executor-1] INFO  server.RaftServer$Division (RaftServerImpl.java:checkInconsistentAppendEntries(1322)) - omNode-1@group-523986131536: Failed appendEntries as previous log entry ((t:6, i:28)) is not found
2022-03-14 12:20:30,001 [grpc-default-executor-1] INFO  server.RaftServer$Division (RaftServerImpl.java:checkInconsistentAppendEntries(1288)) - omNode-1@group-523986131536: inconsistency entries. Reply:omNode-3<-omNode-1#2820:FAIL-t6,INCONSISTENCY,nextIndex=19,followerCommit=18
2022-03-14 12:20:30,001 [grpc-default-executor-1] INFO  leader.FollowerInfo (FollowerInfoImpl.java:lambda$new$0(47)) - omNode-3@group-523986131536->omNode-1: nextIndex: updateUnconditionally 29 -> 19
2022-03-14 12:20:30,502 [grpc-default-executor-7] INFO  server.RaftServer$Division (RaftServerImpl.java:checkInconsistentAppendEntries(1322)) - omNode-1@group-523986131536: Failed appendEntries as previous log entry ((t:6, i:28)) is not found
2022-03-14 12:20:30,502 [grpc-default-executor-7] INFO  server.RaftServer$Division (RaftServerImpl.java:checkInconsistentAppendEntries(1288)) - omNode-1@group-523986131536: inconsistency entries. Reply:omNode-3<-omNode-1#2871:FAIL-t6,INCONSISTENCY,nextIndex=19,followerCommit=18
2022-03-14 12:20:30,503 [grpc-default-executor-7] INFO  leader.FollowerInfo (FollowerInfoImpl.java:lambda$new$0(47)) - omNode-3@group-523986131536->omNode-1: nextIndex: updateUnconditionally 29 -> 19
2022-03-14 12:20:31,003 [grpc-default-executor-7] INFO  server.RaftServer$Division (RaftServerImpl.java:checkInconsistentAppendEntries(1322)) - omNode-1@group-523986131536: Failed appendEntries as previous log entry ((t:6, i:28)) is not found
2022-03-14 12:20:31,004 [grpc-default-executor-7] INFO  server.RaftServer$Division (RaftServerImpl.java:checkInconsistentAppendEntries(1288)) - omNode-1@group-523986131536: inconsistency entries. Reply:omNode-3<-omNode-1#2922:FAIL-t6,INCONSISTENCY,nextIndex=19,followerCommit=18
2022-03-14 12:20:31,004 [grpc-default-executor-7] INFO  leader.FollowerInfo (FollowerInfoImpl.java:lambda$new$0(47)) - omNode-3@group-523986131536->omNode-1: nextIndex: updateUnconditionally 29 -> 19
2022-03-14 12:20:31,505 [grpc-default-executor-1] INFO  server.RaftServer$Division (RaftServerImpl.java:checkInconsistentAppendEntries(1322)) - omNode-1@group-523986131536: Failed appendEntries as previous log entry ((t:6, i:28)) is not found
2022-03-14 12:20:31,506 [grpc-default-executor-1] INFO  server.RaftServer$Division (RaftServerImpl.java:checkInconsistentAppendEntries(1288)) - omNode-1@group-523986131536: inconsistency entries. Reply:omNode-3<-omNode-1#2973:FAIL-t6,INCONSISTENCY,nextIndex=19,followerCommit=18
2022-03-14 12:20:31,506 [grpc-default-executor-7] INFO  leader.FollowerInfo (FollowerInfoImpl.java:lambda$new$0(47)) - omNode-3@group-523986131536->omNode-1: nextIndex: updateUnconditionally 29 -> 19
2022-03-14 12:20:32,008 [grpc-default-executor-1] INFO  server.RaftServer$Division (RaftServerImpl.java:checkInconsistentAppendEntries(1322)) - omNode-1@group-523986131536: Failed appendEntries as previous log entry ((t:6, i:28)) is not found
2022-03-14 12:20:32,008 [grpc-default-executor-1] INFO  server.RaftServer$Division (RaftServerImpl.java:checkInconsistentAppendEntries(1288)) - omNode-1@group-523986131536: inconsistency entries. Reply:omNode-3<-omNode-1#3024:FAIL-t6,INCONSISTENCY,nextIndex=19,followerCommit=18
2022-03-14 12:20:32,008 [grpc-default-executor-7] INFO  leader.FollowerInfo (FollowerInfoImpl.java:lambda$new$0(47)) - omNode-3@group-523986131536->omNode-1: nextIndex: updateUnconditionally 29 -> 19
2022-03-14 12:20:32,510 [grpc-default-executor-1] INFO  server.RaftServer$Division (RaftServerImpl.java:checkInconsistentAppendEntries(1322)) - omNode-1@group-523986131536: Failed appendEntries as previous log entry ((t:6, i:28)) is not found
2022-03-14 12:20:32,510 [grpc-default-executor-1] INFO  server.RaftServer$Division (RaftServerImpl.java:checkInconsistentAppendEntries(1288)) - omNode-1@group-523986131536: inconsistency entries. Reply:omNode-3<-omNode-1#3075:FAIL-t6,INCONSISTENCY,nextIndex=19,followerCommit=18
2022-03-14 12:20:32,511 [grpc-default-executor-1] INFO  leader.FollowerInfo (FollowerInfoImpl.java:lambda$new$0(47)) - omNode-3@group-523986131536->omNode-1: nextIndex: updateUnconditionally 29 -> 19
2022-03-14 12:20:33,011 [grpc-default-executor-7] INFO  server.RaftServer$Division (RaftServerImpl.java:checkInconsistentAppendEntries(1322)) - omNode-1@group-523986131536: Failed appendEntries as previous log entry ((t:6, i:28)) is not found
2022-03-14 12:20:33,012 [grpc-default-executor-7] INFO  server.RaftServer$Division (RaftServerImpl.java:checkInconsistentAppendEntries(1288)) - omNode-1@group-523986131536: inconsistency entries. Reply:omNode-3<-omNode-1#3126:FAIL-t6,INCONSISTENCY,nextIndex=19,followerCommit=18
2022-03-14 12:20:33,012 [grpc-default-executor-7] INFO  leader.FollowerInfo (FollowerInfoImpl.java:lambda$new$0(47)) - omNode-3@group-523986131536->omNode-1: nextIndex: updateUnconditionally 29 -> 19
2022-03-14 12:20:33,513 [grpc-default-executor-1] INFO  server.RaftServer$Division (RaftServerImpl.java:checkInconsistentAppendEntries(1322)) - omNode-1@group-523986131536: Failed appendEntries as previous log entry ((t:6, i:28)) is not found
2022-03-14 12:20:33,513 [grpc-default-executor-1] INFO  server.RaftServer$Division (RaftServerImpl.java:checkInconsistentAppendEntries(1288)) - omNode-1@group-523986131536: inconsistency entries. Reply:omNode-3<-omNode-1#3177:FAIL-t6,INCONSISTENCY,nextIndex=19,followerCommit=18
2022-03-14 12:20:33,514 [grpc-default-executor-7] INFO  leader.FollowerInfo (FollowerInfoImpl.java:lambda$new$0(47)) - omNode-3@group-523986131536->omNode-1: nextIndex: updateUnconditionally 29 -> 19
2022-03-14 12:20:34,015 [grpc-default-executor-7] INFO  server.RaftServer$Division (RaftServerImpl.java:checkInconsistentAppendEntries(1322)) - omNode-1@group-523986131536: Failed appendEntries as previous log entry ((t:6, i:28)) is not found
2022-03-14 12:20:34,016 [grpc-default-executor-7] INFO  server.RaftServer$Division (RaftServerImpl.java:checkInconsistentAppendEntries(1288)) - omNode-1@group-523986131536: inconsistency entries. Reply:omNode-3<-omNode-1#3228:FAIL-t6,INCONSISTENCY,nextIndex=19,followerCommit=18
2022-03-14 12:20:34,016 [grpc-default-executor-7] INFO  leader.FollowerInfo (FollowerInfoImpl.java:lambda$new$0(47)) - omNode-3@group-523986131536->omNode-1: nextIndex: updateUnconditionally 29 -> 19
2022-03-14 12:20:34,518 [grpc-default-executor-7] INFO  server.RaftServer$Division (RaftServerImpl.java:checkInconsistentAppendEntries(1322)) - omNode-1@group-523986131536: Failed appendEntries as previous log entry ((t:6, i:28)) is not found
2022-03-14 12:20:34,518 [grpc-default-executor-7] INFO  server.RaftServer$Division (RaftServerImpl.java:checkInconsistentAppendEntries(1288)) - omNode-1@group-523986131536: inconsistency entries. Reply:omNode-3<-omNode-1#3279:FAIL-t6,INCONSISTENCY,nextIndex=19,followerCommit=18
2022-03-14 12:20:34,519 [grpc-default-executor-7] INFO  leader.FollowerInfo (FollowerInfoImpl.java:lambda$new$0(47)) - omNode-3@group-523986131536->omNode-1: nextIndex: updateUnconditionally 29 -> 19
2022-03-14 12:20:35,020 [grpc-default-executor-7] INFO  server.RaftServer$Division (RaftServerImpl.java:checkInconsistentAppendEntries(1322)) - omNode-1@group-523986131536: Failed appendEntries as previous log entry ((t:6, i:28)) is not found
2022-03-14 12:20:35,020 [grpc-default-executor-7] INFO  server.RaftServer$Division (RaftServerImpl.java:checkInconsistentAppendEntries(1288)) - omNode-1@group-523986131536: inconsistency entries. Reply:omNode-3<-omNode-1#3330:FAIL-t6,INCONSISTENCY,nextIndex=19,followerCommit=18
2022-03-14 12:20:35,021 [grpc-default-executor-1] INFO  leader.FollowerInfo (FollowerInfoImpl.java:lambda$new$0(47)) - omNode-3@group-523986131536->omNode-1: nextIndex: updateUnconditionally 29 -> 19
2022-03-14 12:20:35,522 [grpc-default-executor-1] INFO  server.RaftServer$Division (RaftServerImpl.java:checkInconsistentAppendEntries(1322)) - omNode-1@group-523986131536: Failed appendEntries as previous log entry ((t:6, i:28)) is not found
2022-03-14 12:20:35,522 [grpc-default-executor-1] INFO  server.RaftServer$Division (RaftServerImpl.java:checkInconsistentAppendEntries(1288)) - omNode-1@group-523986131536: inconsistency entries. Reply:omNode-3<-omNode-1#3381:FAIL-t6,INCONSISTENCY,nextIndex=19,followerCommit=18
2022-03-14 12:20:35,522 [grpc-default-executor-1] INFO  leader.FollowerInfo (FollowerInfoImpl.java:lambda$new$0(47)) - omNode-3@group-523986131536->omNode-1: nextIndex: updateUnconditionally 29 -> 19
2022-03-14 12:20:36,023 [grpc-default-executor-7] INFO  server.RaftServer$Division (RaftServerImpl.java:checkInconsistentAppendEntries(1322)) - omNode-1@group-523986131536: Failed appendEntries as previous log entry ((t:6, i:28)) is not found
2022-03-14 12:20:36,024 [grpc-default-executor-7] INFO  server.RaftServer$Division (RaftServerImpl.java:checkInconsistentAppendEntries(1288)) - omNode-1@group-523986131536: inconsistency entries. Reply:omNode-3<-omNode-1#3432:FAIL-t6,INCONSISTENCY,nextIndex=19,followerCommit=18
2022-03-14 12:20:36,024 [grpc-default-executor-7] INFO  leader.FollowerInfo (FollowerInfoImpl.java:lambda$new$0(47)) - omNode-3@group-523986131536->omNode-1: nextIndex: updateUnconditionally 29 -> 19
2022-03-14 12:20:36,526 [grpc-default-executor-7] INFO  server.RaftServer$Division (RaftServerImpl.java:checkInconsistentAppendEntries(1322)) - omNode-1@group-523986131536: Failed appendEntries as previous log entry ((t:6, i:28)) is not found
2022-03-14 12:20:36,526 [grpc-default-executor-7] INFO  server.RaftServer$Division (RaftServerImpl.java:checkInconsistentAppendEntries(1288)) - omNode-1@group-523986131536: inconsistency entries. Reply:omNode-3<-omNode-1#3483:FAIL-t6,INCONSISTENCY,nextIndex=19,followerCommit=18
2022-03-14 12:20:36,527 [grpc-default-executor-1] INFO  leader.FollowerInfo (FollowerInfoImpl.java:lambda$new$0(47)) - omNode-3@group-523986131536->omNode-1: nextIndex: updateUnconditionally 29 -> 19
2022-03-14 12:20:37,029 [grpc-default-executor-1] INFO  server.RaftServer$Division (RaftServerImpl.java:checkInconsistentAppendEntries(1322)) - omNode-1@group-523986131536: Failed appendEntries as previous log entry ((t:6, i:28)) is not found
2022-03-14 12:20:37,030 [grpc-default-executor-1] INFO  server.RaftServer$Division (RaftServerImpl.java:checkInconsistentAppendEntries(1288)) - omNode-1@group-523986131536: inconsistency entries. Reply:omNode-3<-omNode-1#3534:FAIL-t6,INCONSISTENCY,nextIndex=19,followerCommit=18
2022-03-14 12:20:37,030 [grpc-default-executor-1] INFO  leader.FollowerInfo (FollowerInfoImpl.java:lambda$new$0(47)) - omNode-3@group-523986131536->omNode-1: nextIndex: updateUnconditionally 29 -> 19
2022-03-14 12:20:37,531 [grpc-default-executor-1] INFO  server.RaftServer$Division (RaftServerImpl.java:checkInconsistentAppendEntries(1322)) - omNode-1@group-523986131536: Failed appendEntries as previous log entry ((t:6, i:28)) is not found
2022-03-14 12:20:37,531 [grpc-default-executor-1] INFO  server.RaftServer$Division (RaftServerImpl.java:checkInconsistentAppendEntries(1288)) - omNode-1@group-523986131536: inconsistency entries. Reply:omNode-3<-omNode-1#3585:FAIL-t6,INCONSISTENCY,nextIndex=19,followerCommit=18
2022-03-14 12:20:37,532 [grpc-default-executor-1] INFO  leader.FollowerInfo (FollowerInfoImpl.java:lambda$new$0(47)) - omNode-3@group-523986131536->omNode-1: nextIndex: updateUnconditionally 29 -> 19
2022-03-14 12:20:38,033 [grpc-default-executor-7] INFO  server.RaftServer$Division (RaftServerImpl.java:checkInconsistentAppendEntries(1322)) - omNode-1@group-523986131536: Failed appendEntries as previous log entry ((t:6, i:28)) is not found
2022-03-14 12:20:38,033 [grpc-default-executor-7] INFO  server.RaftServer$Division (RaftServerImpl.java:checkInconsistentAppendEntries(1288)) - omNode-1@group-523986131536: inconsistency entries. Reply:omNode-3<-omNode-1#3636:FAIL-t6,INCONSISTENCY,nextIndex=19,followerCommit=18
2022-03-14 12:20:38,034 [grpc-default-executor-7] INFO  leader.FollowerInfo (FollowerInfoImpl.java:lambda$new$0(47)) - omNode-3@group-523986131536->omNode-1: nextIndex: updateUnconditionally 29 -> 19
2022-03-14 12:20:38,536 [grpc-default-executor-7] INFO  server.RaftServer$Division (RaftServerImpl.java:checkInconsistentAppendEntries(1322)) - omNode-1@group-523986131536: Failed appendEntries as previous log entry ((t:6, i:28)) is not found
2022-03-14 12:20:38,536 [grpc-default-executor-7] INFO  server.RaftServer$Division (RaftServerImpl.java:checkInconsistentAppendEntries(1288)) - omNode-1@group-523986131536: inconsistency entries. Reply:omNode-3<-omNode-1#3687:FAIL-t6,INCONSISTENCY,nextIndex=19,followerCommit=18
2022-03-14 12:20:38,536 [grpc-default-executor-7] INFO  leader.FollowerInfo (FollowerInfoImpl.java:lambda$new$0(47)) - omNode-3@group-523986131536->omNode-1: nextIndex: updateUnconditionally 29 -> 19
2022-03-14 12:20:39,037 [grpc-default-executor-7] INFO  server.RaftServer$Division (RaftServerImpl.java:checkInconsistentAppendEntries(1322)) - omNode-1@group-523986131536: Failed appendEntries as previous log entry ((t:6, i:28)) is not found
2022-03-14 12:20:39,038 [grpc-default-executor-7] INFO  server.RaftServer$Division (RaftServerImpl.java:checkInconsistentAppendEntries(1288)) - omNode-1@group-523986131536: inconsistency entries. Reply:omNode-3<-omNode-1#3738:FAIL-t6,INCONSISTENCY,nextIndex=19,followerCommit=18
2022-03-14 12:20:39,038 [grpc-default-executor-7] INFO  leader.FollowerInfo (FollowerInfoImpl.java:lambda$new$0(47)) - omNode-3@group-523986131536->omNode-1: nextIndex: updateUnconditionally 29 -> 19
2022-03-14 12:20:39,540 [grpc-default-executor-1] INFO  server.RaftServer$Division (RaftServerImpl.java:checkInconsistentAppendEntries(1322)) - omNode-1@group-523986131536: Failed appendEntries as previous log entry ((t:6, i:28)) is not found
2022-03-14 12:20:39,540 [grpc-default-executor-1] INFO  server.RaftServer$Division (RaftServerImpl.java:checkInconsistentAppendEntries(1288)) - omNode-1@group-523986131536: inconsistency entries. Reply:omNode-3<-omNode-1#3789:FAIL-t6,INCONSISTENCY,nextIndex=19,followerCommit=18
2022-03-14 12:20:39,540 [grpc-default-executor-1] INFO  leader.FollowerInfo (FollowerInfoImpl.java:lambda$new$0(47)) - omNode-3@group-523986131536->omNode-1: nextIndex: updateUnconditionally 29 -> 19
2022-03-14 12:20:40,041 [grpc-default-executor-7] INFO  server.RaftServer$Division (RaftServerImpl.java:checkInconsistentAppendEntries(1322)) - omNode-1@group-523986131536: Failed appendEntries as previous log entry ((t:6, i:28)) is not found
2022-03-14 12:20:40,041 [grpc-default-executor-7] INFO  server.RaftServer$Division (RaftServerImpl.java:checkInconsistentAppendEntries(1288)) - omNode-1@group-523986131536: inconsistency entries. Reply:omNode-3<-omNode-1#3840:FAIL-t6,INCONSISTENCY,nextIndex=19,followerCommit=18
2022-03-14 12:20:40,042 [grpc-default-executor-1] INFO  leader.FollowerInfo (FollowerInfoImpl.java:lambda$new$0(47)) - omNode-3@group-523986131536->omNode-1: nextIndex: updateUnconditionally 29 -> 19
2022-03-14 12:20:40,543 [grpc-default-executor-7] INFO  server.RaftServer$Division (RaftServerImpl.java:checkInconsistentAppendEntries(1322)) - omNode-1@group-523986131536: Failed appendEntries as previous log entry ((t:6, i:28)) is not found
2022-03-14 12:20:40,543 [grpc-default-executor-7] INFO  server.RaftServer$Division (RaftServerImpl.java:checkInconsistentAppendEntries(1288)) - omNode-1@group-523986131536: inconsistency entries. Reply:omNode-3<-omNode-1#3891:FAIL-t6,INCONSISTENCY,nextIndex=19,followerCommit=18
2022-03-14 12:20:40,544 [grpc-default-executor-7] INFO  leader.FollowerInfo (FollowerInfoImpl.java:lambda$new$0(47)) - omNode-3@group-523986131536->omNode-1: nextIndex: updateUnconditionally 29 -> 19
2022-03-14 12:20:41,045 [grpc-default-executor-7] INFO  server.RaftServer$Division (RaftServerImpl.java:checkInconsistentAppendEntries(1322)) - omNode-1@group-523986131536: Failed appendEntries as previous log entry ((t:6, i:28)) is not found
2022-03-14 12:20:41,045 [grpc-default-executor-7] INFO  server.RaftServer$Division (RaftServerImpl.java:checkInconsistentAppendEntries(1288)) - omNode-1@group-523986131536: inconsistency entries. Reply:omNode-3<-omNode-1#3942:FAIL-t6,INCONSISTENCY,nextIndex=19,followerCommit=18
2022-03-14 12:20:41,045 [grpc-default-executor-1] INFO  leader.FollowerInfo (FollowerInfoImpl.java:lambda$new$0(47)) - omNode-3@group-523986131536->omNode-1: nextIndex: updateUnconditionally 29 -> 19
2022-03-14 12:20:41,546 [grpc-default-executor-7] INFO  server.RaftServer$Division (RaftServerImpl.java:checkInconsistentAppendEntries(1322)) - omNode-1@group-523986131536: Failed appendEntries as previous log entry ((t:6, i:28)) is not found
2022-03-14 12:20:41,547 [grpc-default-executor-7] INFO  server.RaftServer$Division (RaftServerImpl.java:checkInconsistentAppendEntries(1288)) - omNode-1@group-523986131536: inconsistency entries. Reply:omNode-3<-omNode-1#3993:FAIL-t6,INCONSISTENCY,nextIndex=19,followerCommit=18
2022-03-14 12:20:41,547 [grpc-default-executor-1] INFO  leader.FollowerInfo (FollowerInfoImpl.java:lambda$new$0(47)) - omNode-3@group-523986131536->omNode-1: nextIndex: updateUnconditionally 29 -> 19
2022-03-14 12:20:42,049 [grpc-default-executor-1] INFO  server.RaftServer$Division (RaftServerImpl.java:checkInconsistentAppendEntries(1322)) - omNode-1@group-523986131536: Failed appendEntries as previous log entry ((t:6, i:28)) is not found
2022-03-14 12:20:42,049 [grpc-default-executor-1] INFO  server.RaftServer$Division (RaftServerImpl.java:checkInconsistentAppendEntries(1288)) - omNode-1@group-523986131536: inconsistency entries. Reply:omNode-3<-omNode-1#4044:FAIL-t6,INCONSISTENCY,nextIndex=19,followerCommit=18
2022-03-14 12:20:42,049 [grpc-default-executor-7] INFO  leader.FollowerInfo (FollowerInfoImpl.java:lambda$new$0(47)) - omNode-3@group-523986131536->omNode-1: nextIndex: updateUnconditionally 29 -> 19
2022-03-14 12:20:42,551 [grpc-default-executor-1] INFO  server.RaftServer$Division (RaftServerImpl.java:checkInconsistentAppendEntries(1322)) - omNode-1@group-523986131536: Failed appendEntries as previous log entry ((t:6, i:28)) is not found
2022-03-14 12:20:42,551 [grpc-default-executor-1] INFO  server.RaftServer$Division (RaftServerImpl.java:checkInconsistentAppendEntries(1288)) - omNode-1@group-523986131536: inconsistency entries. Reply:omNode-3<-omNode-1#4095:FAIL-t6,INCONSISTENCY,nextIndex=19,followerCommit=18
2022-03-14 12:20:42,551 [grpc-default-executor-1] INFO  leader.FollowerInfo (FollowerInfoImpl.java:lambda$new$0(47)) - omNode-3@group-523986131536->omNode-1: nextIndex: updateUnconditionally 29 -> 19
2022-03-14 12:20:43,053 [grpc-default-executor-7] INFO  server.RaftServer$Division (RaftServerImpl.java:checkInconsistentAppendEntries(1322)) - omNode-1@group-523986131536: Failed appendEntries as previous log entry ((t:6, i:28)) is not found
2022-03-14 12:20:43,053 [grpc-default-executor-7] INFO  server.RaftServer$Division (RaftServerImpl.java:checkInconsistentAppendEntries(1288)) - omNode-1@group-523986131536: inconsistency entries. Reply:omNode-3<-omNode-1#4146:FAIL-t6,INCONSISTENCY,nextIndex=19,followerCommit=18
2022-03-14 12:20:43,053 [grpc-default-executor-7] INFO  leader.FollowerInfo (FollowerInfoImpl.java:lambda$new$0(47)) - omNode-3@group-523986131536->omNode-1: nextIndex: updateUnconditionally 29 -> 19
2022-03-14 12:20:43,555 [grpc-default-executor-7] INFO  server.RaftServer$Division (RaftServerImpl.java:checkInconsistentAppendEntries(1322)) - omNode-1@group-523986131536: Failed appendEntries as previous log entry ((t:6, i:28)) is not found
2022-03-14 12:20:43,556 [grpc-default-executor-7] INFO  server.RaftServer$Division (RaftServerImpl.java:checkInconsistentAppendEntries(1288)) - omNode-1@group-523986131536: inconsistency entries. Reply:omNode-3<-omNode-1#4197:FAIL-t6,INCONSISTENCY,nextIndex=19,followerCommit=18
2022-03-14 12:20:43,556 [grpc-default-executor-7] INFO  leader.FollowerInfo (FollowerInfoImpl.java:lambda$new$0(47)) - omNode-3@group-523986131536->omNode-1: nextIndex: updateUnconditionally 29 -> 19
2022-03-14 12:20:44,057 [grpc-default-executor-7] INFO  server.RaftServer$Division (RaftServerImpl.java:checkInconsistentAppendEntries(1322)) - omNode-1@group-523986131536: Failed appendEntries as previous log entry ((t:6, i:28)) is not found
2022-03-14 12:20:44,058 [grpc-default-executor-7] INFO  server.RaftServer$Division (RaftServerImpl.java:checkInconsistentAppendEntries(1288)) - omNode-1@group-523986131536: inconsistency entries. Reply:omNode-3<-omNode-1#4248:FAIL-t6,INCONSISTENCY,nextIndex=19,followerCommit=18
2022-03-14 12:20:44,058 [grpc-default-executor-7] INFO  leader.FollowerInfo (FollowerInfoImpl.java:lambda$new$0(47)) - omNode-3@group-523986131536->omNode-1: nextIndex: updateUnconditionally 29 -> 19
2022-03-14 12:20:44,559 [grpc-default-executor-7] INFO  server.RaftServer$Division (RaftServerImpl.java:checkInconsistentAppendEntries(1322)) - omNode-1@group-523986131536: Failed appendEntries as previous log entry ((t:6, i:28)) is not found
2022-03-14 12:20:44,559 [grpc-default-executor-7] INFO  server.RaftServer$Division (RaftServerImpl.java:checkInconsistentAppendEntries(1288)) - omNode-1@group-523986131536: inconsistency entries. Reply:omNode-3<-omNode-1#4299:FAIL-t6,INCONSISTENCY,nextIndex=19,followerCommit=18
2022-03-14 12:20:44,561 [grpc-default-executor-1] INFO  leader.FollowerInfo (FollowerInfoImpl.java:lambda$new$0(47)) - omNode-3@group-523986131536->omNode-1: nextIndex: updateUnconditionally 29 -> 19
2022-03-14 12:20:45,062 [grpc-default-executor-1] INFO  server.RaftServer$Division (RaftServerImpl.java:checkInconsistentAppendEntries(1322)) - omNode-1@group-523986131536: Failed appendEntries as previous log entry ((t:6, i:28)) is not found
2022-03-14 12:20:45,063 [grpc-default-executor-1] INFO  server.RaftServer$Division (RaftServerImpl.java:checkInconsistentAppendEntries(1288)) - omNode-1@group-523986131536: inconsistency entries. Reply:omNode-3<-omNode-1#4350:FAIL-t6,INCONSISTENCY,nextIndex=19,followerCommit=18
2022-03-14 12:20:45,063 [grpc-default-executor-1] INFO  leader.FollowerInfo (FollowerInfoImpl.java:lambda$new$0(47)) - omNode-3@group-523986131536->omNode-1: nextIndex: updateUnconditionally 29 -> 19
2022-03-14 12:20:45,564 [grpc-default-executor-1] INFO  server.RaftServer$Division (RaftServerImpl.java:checkInconsistentAppendEntries(1322)) - omNode-1@group-523986131536: Failed appendEntries as previous log entry ((t:6, i:28)) is not found
2022-03-14 12:20:45,565 [grpc-default-executor-1] INFO  server.RaftServer$Division (RaftServerImpl.java:checkInconsistentAppendEntries(1288)) - omNode-1@group-523986131536: inconsistency entries. Reply:omNode-3<-omNode-1#4401:FAIL-t6,INCONSISTENCY,nextIndex=19,followerCommit=18
2022-03-14 12:20:45,565 [grpc-default-executor-7] INFO  leader.FollowerInfo (FollowerInfoImpl.java:lambda$new$0(47)) - omNode-3@group-523986131536->omNode-1: nextIndex: updateUnconditionally 29 -> 19
2022-03-14 12:20:46,066 [grpc-default-executor-1] INFO  server.RaftServer$Division (RaftServerImpl.java:checkInconsistentAppendEntries(1322)) - omNode-1@group-523986131536: Failed appendEntries as previous log entry ((t:6, i:28)) is not found
2022-03-14 12:20:46,066 [grpc-default-executor-1] INFO  server.RaftServer$Division (RaftServerImpl.java:checkInconsistentAppendEntries(1288)) - omNode-1@group-523986131536: inconsistency entries. Reply:omNode-3<-omNode-1#4452:FAIL-t6,INCONSISTENCY,nextIndex=19,followerCommit=18
2022-03-14 12:20:46,066 [grpc-default-executor-7] INFO  leader.FollowerInfo (FollowerInfoImpl.java:lambda$new$0(47)) - omNode-3@group-523986131536->omNode-1: nextIndex: updateUnconditionally 29 -> 19
2022-03-14 12:20:46,568 [grpc-default-executor-7] INFO  server.RaftServer$Division (RaftServerImpl.java:checkInconsistentAppendEntries(1322)) - omNode-1@group-523986131536: Failed appendEntries as previous log entry ((t:6, i:28)) is not found
2022-03-14 12:20:46,568 [grpc-default-executor-7] INFO  server.RaftServer$Division (RaftServerImpl.java:checkInconsistentAppendEntries(1288)) - omNode-1@group-523986131536: inconsistency entries. Reply:omNode-3<-omNode-1#4503:FAIL-t6,INCONSISTENCY,nextIndex=19,followerCommit=18
2022-03-14 12:20:46,568 [grpc-default-executor-1] INFO  leader.FollowerInfo (FollowerInfoImpl.java:lambda$new$0(47)) - omNode-3@group-523986131536->omNode-1: nextIndex: updateUnconditionally 29 -> 19
2022-03-14 12:20:47,070 [grpc-default-executor-7] INFO  server.RaftServer$Division (RaftServerImpl.java:checkInconsistentAppendEntries(1322)) - omNode-1@group-523986131536: Failed appendEntries as previous log entry ((t:6, i:28)) is not found
2022-03-14 12:20:47,070 [grpc-default-executor-7] INFO  server.RaftServer$Division (RaftServerImpl.java:checkInconsistentAppendEntries(1288)) - omNode-1@group-523986131536: inconsistency entries. Reply:omNode-3<-omNode-1#4554:FAIL-t6,INCONSISTENCY,nextIndex=19,followerCommit=18
2022-03-14 12:20:47,070 [grpc-default-executor-7] INFO  leader.FollowerInfo (FollowerInfoImpl.java:lambda$new$0(47)) - omNode-3@group-523986131536->omNode-1: nextIndex: updateUnconditionally 29 -> 19
2022-03-14 12:20:47,571 [grpc-default-executor-1] INFO  server.RaftServer$Division (RaftServerImpl.java:checkInconsistentAppendEntries(1322)) - omNode-1@group-523986131536: Failed appendEntries as previous log entry ((t:6, i:28)) is not found
2022-03-14 12:20:47,571 [grpc-default-executor-1] INFO  server.RaftServer$Division (RaftServerImpl.java:checkInconsistentAppendEntries(1288)) - omNode-1@group-523986131536: inconsistency entries. Reply:omNode-3<-omNode-1#4605:FAIL-t6,INCONSISTENCY,nextIndex=19,followerCommit=18
2022-03-14 12:20:47,572 [grpc-default-executor-1] INFO  leader.FollowerInfo (FollowerInfoImpl.java:lambda$new$0(47)) - omNode-3@group-523986131536->omNode-1: nextIndex: updateUnconditionally 29 -> 19
2022-03-14 12:20:48,073 [grpc-default-executor-7] INFO  server.RaftServer$Division (RaftServerImpl.java:checkInconsistentAppendEntries(1322)) - omNode-1@group-523986131536: Failed appendEntries as previous log entry ((t:6, i:28)) is not found
2022-03-14 12:20:48,074 [grpc-default-executor-7] INFO  server.RaftServer$Division (RaftServerImpl.java:checkInconsistentAppendEntries(1288)) - omNode-1@group-523986131536: inconsistency entries. Reply:omNode-3<-omNode-1#4656:FAIL-t6,INCONSISTENCY,nextIndex=19,followerCommit=18
2022-03-14 12:20:48,074 [grpc-default-executor-1] INFO  leader.FollowerInfo (FollowerInfoImpl.java:lambda$new$0(47)) - omNode-3@group-523986131536->omNode-1: nextIndex: updateUnconditionally 29 -> 19
2022-03-14 12:20:48,575 [grpc-default-executor-1] INFO  server.RaftServer$Division (RaftServerImpl.java:checkInconsistentAppendEntries(1322)) - omNode-1@group-523986131536: Failed appendEntries as previous log entry ((t:6, i:28)) is not found
2022-03-14 12:20:48,575 [grpc-default-executor-1] INFO  server.RaftServer$Division (RaftServerImpl.java:checkInconsistentAppendEntries(1288)) - omNode-1@group-523986131536: inconsistency entries. Reply:omNode-3<-omNode-1#4707:FAIL-t6,INCONSISTENCY,nextIndex=19,followerCommit=18
2022-03-14 12:20:48,576 [grpc-default-executor-1] INFO  leader.FollowerInfo (FollowerInfoImpl.java:lambda$new$0(47)) - omNode-3@group-523986131536->omNode-1: nextIndex: updateUnconditionally 29 -> 19
2022-03-14 12:20:49,077 [grpc-default-executor-1] INFO  server.RaftServer$Division (RaftServerImpl.java:checkInconsistentAppendEntries(1322)) - omNode-1@group-523986131536: Failed appendEntries as previous log entry ((t:6, i:28)) is not found
2022-03-14 12:20:49,077 [grpc-default-executor-1] INFO  server.RaftServer$Division (RaftServerImpl.java:checkInconsistentAppendEntries(1288)) - omNode-1@group-523986131536: inconsistency entries. Reply:omNode-3<-omNode-1#4758:FAIL-t6,INCONSISTENCY,nextIndex=19,followerCommit=18
2022-03-14 12:20:49,078 [grpc-default-executor-1] INFO  leader.FollowerInfo (FollowerInfoImpl.java:lambda$new$0(47)) - omNode-3@group-523986131536->omNode-1: nextIndex: updateUnconditionally 29 -> 19
2022-03-14 12:20:49,579 [grpc-default-executor-1] INFO  server.RaftServer$Division (RaftServerImpl.java:checkInconsistentAppendEntries(1322)) - omNode-1@group-523986131536: Failed appendEntries as previous log entry ((t:6, i:28)) is not found
2022-03-14 12:20:49,579 [grpc-default-executor-1] INFO  server.RaftServer$Division (RaftServerImpl.java:checkInconsistentAppendEntries(1288)) - omNode-1@group-523986131536: inconsistency entries. Reply:omNode-3<-omNode-1#4809:FAIL-t6,INCONSISTENCY,nextIndex=19,followerCommit=18
2022-03-14 12:20:49,580 [grpc-default-executor-1] INFO  leader.FollowerInfo (FollowerInfoImpl.java:lambda$new$0(47)) - omNode-3@group-523986131536->omNode-1: nextIndex: updateUnconditionally 29 -> 19
2022-03-14 12:20:50,081 [grpc-default-executor-1] INFO  server.RaftServer$Division (RaftServerImpl.java:checkInconsistentAppendEntries(1322)) - omNode-1@group-523986131536: Failed appendEntries as previous log entry ((t:6, i:28)) is not found
2022-03-14 12:20:50,081 [grpc-default-executor-1] INFO  server.RaftServer$Division (RaftServerImpl.java:checkInconsistentAppendEntries(1288)) - omNode-1@group-523986131536: inconsistency entries. Reply:omNode-3<-omNode-1#4860:FAIL-t6,INCONSISTENCY,nextIndex=19,followerCommit=18
2022-03-14 12:20:50,082 [grpc-default-executor-7] INFO  leader.FollowerInfo (FollowerInfoImpl.java:lambda$new$0(47)) - omNode-3@group-523986131536->omNode-1: nextIndex: updateUnconditionally 29 -> 19
2022-03-14 12:20:50,583 [grpc-default-executor-1] INFO  server.RaftServer$Division (RaftServerImpl.java:checkInconsistentAppendEntries(1322)) - omNode-1@group-523986131536: Failed appendEntries as previous log entry ((t:6, i:28)) is not found
2022-03-14 12:20:50,583 [grpc-default-executor-1] INFO  server.RaftServer$Division (RaftServerImpl.java:checkInconsistentAppendEntries(1288)) - omNode-1@group-523986131536: inconsistency entries. Reply:omNode-3<-omNode-1#4911:FAIL-t6,INCONSISTENCY,nextIndex=19,followerCommit=18
2022-03-14 12:20:50,584 [grpc-default-executor-1] INFO  leader.FollowerInfo (FollowerInfoImpl.java:lambda$new$0(47)) - omNode-3@group-523986131536->omNode-1: nextIndex: updateUnconditionally 29 -> 19
2022-03-14 12:20:51,086 [grpc-default-executor-1] INFO  server.RaftServer$Division (RaftServerImpl.java:checkInconsistentAppendEntries(1322)) - omNode-1@group-523986131536: Failed appendEntries as previous log entry ((t:6, i:28)) is not found
2022-03-14 12:20:51,086 [grpc-default-executor-1] INFO  server.RaftServer$Division (RaftServerImpl.java:checkInconsistentAppendEntries(1288)) - omNode-1@group-523986131536: inconsistency entries. Reply:omNode-3<-omNode-1#4962:FAIL-t6,INCONSISTENCY,nextIndex=19,followerCommit=18
2022-03-14 12:20:51,086 [grpc-default-executor-1] INFO  leader.FollowerInfo (FollowerInfoImpl.java:lambda$new$0(47)) - omNode-3@group-523986131536->omNode-1: nextIndex: updateUnconditionally 29 -> 19
2022-03-14 12:20:51,587 [grpc-default-executor-1] INFO  server.RaftServer$Division (RaftServerImpl.java:checkInconsistentAppendEntries(1322)) - omNode-1@group-523986131536: Failed appendEntries as previous log entry ((t:6, i:28)) is not found
2022-03-14 12:20:51,587 [grpc-default-executor-1] INFO  server.RaftServer$Division (RaftServerImpl.java:checkInconsistentAppendEntries(1288)) - omNode-1@group-523986131536: inconsistency entries. Reply:omNode-3<-omNode-1#5013:FAIL-t6,INCONSISTENCY,nextIndex=19,followerCommit=18
2022-03-14 12:20:51,588 [grpc-default-executor-1] INFO  leader.FollowerInfo (FollowerInfoImpl.java:lambda$new$0(47)) - omNode-3@group-523986131536->omNode-1: nextIndex: updateUnconditionally 29 -> 19
2022-03-14 12:20:52,089 [grpc-default-executor-1] INFO  server.RaftServer$Division (RaftServerImpl.java:checkInconsistentAppendEntries(1322)) - omNode-1@group-523986131536: Failed appendEntries as previous log entry ((t:6, i:28)) is not found
2022-03-14 12:20:52,089 [grpc-default-executor-1] INFO  server.RaftServer$Division (RaftServerImpl.java:checkInconsistentAppendEntries(1288)) - omNode-1@group-523986131536: inconsistency entries. Reply:omNode-3<-omNode-1#5064:FAIL-t6,INCONSISTENCY,nextIndex=19,followerCommit=18
2022-03-14 12:20:52,090 [grpc-default-executor-1] INFO  leader.FollowerInfo (FollowerInfoImpl.java:lambda$new$0(47)) - omNode-3@group-523986131536->omNode-1: nextIndex: updateUnconditionally 29 -> 19
2022-03-14 12:20:52,591 [grpc-default-executor-7] INFO  server.RaftServer$Division (RaftServerImpl.java:checkInconsistentAppendEntries(1322)) - omNode-1@group-523986131536: Failed appendEntries as previous log entry ((t:6, i:28)) is not found
2022-03-14 12:20:52,592 [grpc-default-executor-7] INFO  server.RaftServer$Division (RaftServerImpl.java:checkInconsistentAppendEntries(1288)) - omNode-1@group-523986131536: inconsistency entries. Reply:omNode-3<-omNode-1#5115:FAIL-t6,INCONSISTENCY,nextIndex=19,followerCommit=18
2022-03-14 12:20:52,592 [grpc-default-executor-7] INFO  leader.FollowerInfo (FollowerInfoImpl.java:lambda$new$0(47)) - omNode-3@group-523986131536->omNode-1: nextIndex: updateUnconditionally 29 -> 19
2022-03-14 12:20:53,093 [grpc-default-executor-7] INFO  server.RaftServer$Division (RaftServerImpl.java:checkInconsistentAppendEntries(1322)) - omNode-1@group-523986131536: Failed appendEntries as previous log entry ((t:6, i:28)) is not found
2022-03-14 12:20:53,093 [grpc-default-executor-7] INFO  server.RaftServer$Division (RaftServerImpl.java:checkInconsistentAppendEntries(1288)) - omNode-1@group-523986131536: inconsistency entries. Reply:omNode-3<-omNode-1#5166:FAIL-t6,INCONSISTENCY,nextIndex=19,followerCommit=18
2022-03-14 12:20:53,093 [grpc-default-executor-7] INFO  leader.FollowerInfo (FollowerInfoImpl.java:lambda$new$0(47)) - omNode-3@group-523986131536->omNode-1: nextIndex: updateUnconditionally 29 -> 19
2022-03-14 12:20:53,595 [grpc-default-executor-1] INFO  server.RaftServer$Division (RaftServerImpl.java:checkInconsistentAppendEntries(1322)) - omNode-1@group-523986131536: Failed appendEntries as previous log entry ((t:6, i:28)) is not found
2022-03-14 12:20:53,595 [grpc-default-executor-1] INFO  server.RaftServer$Division (RaftServerImpl.java:checkInconsistentAppendEntries(1288)) - omNode-1@group-523986131536: inconsistency entries. Reply:omNode-3<-omNode-1#5217:FAIL-t6,INCONSISTENCY,nextIndex=19,followerCommit=18
2022-03-14 12:20:53,595 [grpc-default-executor-1] INFO  leader.FollowerInfo (FollowerInfoImpl.java:lambda$new$0(47)) - omNode-3@group-523986131536->omNode-1: nextIndex: updateUnconditionally 29 -> 19
2022-03-14 12:20:54,097 [grpc-default-executor-1] INFO  server.RaftServer$Division (RaftServerImpl.java:checkInconsistentAppendEntries(1322)) - omNode-1@group-523986131536: Failed appendEntries as previous log entry ((t:6, i:28)) is not found
2022-03-14 12:20:54,097 [grpc-default-executor-1] INFO  server.RaftServer$Division (RaftServerImpl.java:checkInconsistentAppendEntries(1288)) - omNode-1@group-523986131536: inconsistency entries. Reply:omNode-3<-omNode-1#5268:FAIL-t6,INCONSISTENCY,nextIndex=19,followerCommit=18
2022-03-14 12:20:54,097 [grpc-default-executor-1] INFO  leader.FollowerInfo (FollowerInfoImpl.java:lambda$new$0(47)) - omNode-3@group-523986131536->omNode-1: nextIndex: updateUnconditionally 29 -> 19
2022-03-14 12:20:54,598 [grpc-default-executor-1] INFO  server.RaftServer$Division (RaftServerImpl.java:checkInconsistentAppendEntries(1322)) - omNode-1@group-523986131536: Failed appendEntries as previous log entry ((t:6, i:28)) is not found
2022-03-14 12:20:54,599 [grpc-default-executor-1] INFO  server.RaftServer$Division (RaftServerImpl.java:checkInconsistentAppendEntries(1288)) - omNode-1@group-523986131536: inconsistency entries. Reply:omNode-3<-omNode-1#5319:FAIL-t6,INCONSISTENCY,nextIndex=19,followerCommit=18
2022-03-14 12:20:54,599 [grpc-default-executor-1] INFO  leader.FollowerInfo (FollowerInfoImpl.java:lambda$new$0(47)) - omNode-3@group-523986131536->omNode-1: nextIndex: updateUnconditionally 29 -> 19
2022-03-14 12:20:55,100 [grpc-default-executor-7] INFO  server.RaftServer$Division (RaftServerImpl.java:checkInconsistentAppendEntries(1322)) - omNode-1@group-523986131536: Failed appendEntries as previous log entry ((t:6, i:28)) is not found
2022-03-14 12:20:55,100 [grpc-default-executor-7] INFO  server.RaftServer$Division (RaftServerImpl.java:checkInconsistentAppendEntries(1288)) - omNode-1@group-523986131536: inconsistency entries. Reply:omNode-3<-omNode-1#5370:FAIL-t6,INCONSISTENCY,nextIndex=19,followerCommit=18
2022-03-14 12:20:55,101 [grpc-default-executor-7] INFO  leader.FollowerInfo (FollowerInfoImpl.java:lambda$new$0(47)) - omNode-3@group-523986131536->omNode-1: nextIndex: updateUnconditionally 29 -> 19
2022-03-14 12:20:55,602 [grpc-default-executor-7] INFO  server.RaftServer$Division (RaftServerImpl.java:checkInconsistentAppendEntries(1322)) - omNode-1@group-523986131536: Failed appendEntries as previous log entry ((t:6, i:28)) is not found
2022-03-14 12:20:55,602 [grpc-default-executor-7] INFO  server.RaftServer$Division (RaftServerImpl.java:checkInconsistentAppendEntries(1288)) - omNode-1@group-523986131536: inconsistency entries. Reply:omNode-3<-omNode-1#5421:FAIL-t6,INCONSISTENCY,nextIndex=19,followerCommit=18
2022-03-14 12:20:55,602 [grpc-default-executor-7] INFO  leader.FollowerInfo (FollowerInfoImpl.java:lambda$new$0(47)) - omNode-3@group-523986131536->omNode-1: nextIndex: updateUnconditionally 29 -> 19
2022-03-14 12:20:56,103 [grpc-default-executor-7] INFO  server.RaftServer$Division (RaftServerImpl.java:checkInconsistentAppendEntries(1322)) - omNode-1@group-523986131536: Failed appendEntries as previous log entry ((t:6, i:28)) is not found
2022-03-14 12:20:56,104 [grpc-default-executor-7] INFO  server.RaftServer$Division (RaftServerImpl.java:checkInconsistentAppendEntries(1288)) - omNode-1@group-523986131536: inconsistency entries. Reply:omNode-3<-omNode-1#5472:FAIL-t6,INCONSISTENCY,nextIndex=19,followerCommit=18
2022-03-14 12:20:56,104 [grpc-default-executor-7] INFO  leader.FollowerInfo (FollowerInfoImpl.java:lambda$new$0(47)) - omNode-3@group-523986131536->omNode-1: nextIndex: updateUnconditionally 29 -> 19
2022-03-14 12:20:56,606 [grpc-default-executor-7] INFO  server.RaftServer$Division (RaftServerImpl.java:checkInconsistentAppendEntries(1322)) - omNode-1@group-523986131536: Failed appendEntries as previous log entry ((t:6, i:28)) is not found
2022-03-14 12:20:56,606 [grpc-default-executor-7] INFO  server.RaftServer$Division (RaftServerImpl.java:checkInconsistentAppendEntries(1288)) - omNode-1@group-523986131536: inconsistency entries. Reply:omNode-3<-omNode-1#5523:FAIL-t6,INCONSISTENCY,nextIndex=19,followerCommit=18
2022-03-14 12:20:56,606 [grpc-default-executor-7] INFO  leader.FollowerInfo (FollowerInfoImpl.java:lambda$new$0(47)) - omNode-3@group-523986131536->omNode-1: nextIndex: updateUnconditionally 29 -> 19
2022-03-14 12:20:57,108 [grpc-default-executor-7] INFO  server.RaftServer$Division (RaftServerImpl.java:checkInconsistentAppendEntries(1322)) - omNode-1@group-523986131536: Failed appendEntries as previous log entry ((t:6, i:28)) is not found
2022-03-14 12:20:57,108 [grpc-default-executor-7] INFO  server.RaftServer$Division (RaftServerImpl.java:checkInconsistentAppendEntries(1288)) - omNode-1@group-523986131536: inconsistency entries. Reply:omNode-3<-omNode-1#5574:FAIL-t6,INCONSISTENCY,nextIndex=19,followerCommit=18
2022-03-14 12:20:57,108 [grpc-default-executor-7] INFO  leader.FollowerInfo (FollowerInfoImpl.java:lambda$new$0(47)) - omNode-3@group-523986131536->omNode-1: nextIndex: updateUnconditionally 29 -> 19
2022-03-14 12:20:57,609 [grpc-default-executor-1] INFO  server.RaftServer$Division (RaftServerImpl.java:checkInconsistentAppendEntries(1322)) - omNode-1@group-523986131536: Failed appendEntries as previous log entry ((t:6, i:28)) is not found
2022-03-14 12:20:57,610 [grpc-default-executor-1] INFO  server.RaftServer$Division (RaftServerImpl.java:checkInconsistentAppendEntries(1288)) - omNode-1@group-523986131536: inconsistency entries. Reply:omNode-3<-omNode-1#5625:FAIL-t6,INCONSISTENCY,nextIndex=19,followerCommit=18
2022-03-14 12:20:57,610 [grpc-default-executor-1] INFO  leader.FollowerInfo (FollowerInfoImpl.java:lambda$new$0(47)) - omNode-3@group-523986131536->omNode-1: nextIndex: updateUnconditionally 29 -> 19
2022-03-14 12:20:58,111 [grpc-default-executor-1] INFO  server.RaftServer$Division (RaftServerImpl.java:checkInconsistentAppendEntries(1322)) - omNode-1@group-523986131536: Failed appendEntries as previous log entry ((t:6, i:28)) is not found
2022-03-14 12:20:58,111 [grpc-default-executor-1] INFO  server.RaftServer$Division (RaftServerImpl.java:checkInconsistentAppendEntries(1288)) - omNode-1@group-523986131536: inconsistency entries. Reply:omNode-3<-omNode-1#5676:FAIL-t6,INCONSISTENCY,nextIndex=19,followerCommit=18
2022-03-14 12:20:58,111 [grpc-default-executor-1] INFO  leader.FollowerInfo (FollowerInfoImpl.java:lambda$new$0(47)) - omNode-3@group-523986131536->omNode-1: nextIndex: updateUnconditionally 29 -> 19
2022-03-14 12:20:58,612 [grpc-default-executor-7] INFO  server.RaftServer$Division (RaftServerImpl.java:checkInconsistentAppendEntries(1322)) - omNode-1@group-523986131536: Failed appendEntries as previous log entry ((t:6, i:28)) is not found
2022-03-14 12:20:58,613 [grpc-default-executor-7] INFO  server.RaftServer$Division (RaftServerImpl.java:checkInconsistentAppendEntries(1288)) - omNode-1@group-523986131536: inconsistency entries. Reply:omNode-3<-omNode-1#5727:FAIL-t6,INCONSISTENCY,nextIndex=19,followerCommit=18
2022-03-14 12:20:58,613 [grpc-default-executor-7] INFO  leader.FollowerInfo (FollowerInfoImpl.java:lambda$new$0(47)) - omNode-3@group-523986131536->omNode-1: nextIndex: updateUnconditionally 29 -> 19
2022-03-14 12:20:59,114 [grpc-default-executor-1] INFO  server.RaftServer$Division (RaftServerImpl.java:checkInconsistentAppendEntries(1322)) - omNode-1@group-523986131536: Failed appendEntries as previous log entry ((t:6, i:28)) is not found
2022-03-14 12:20:59,114 [grpc-default-executor-1] INFO  server.RaftServer$Division (RaftServerImpl.java:checkInconsistentAppendEntries(1288)) - omNode-1@group-523986131536: inconsistency entries. Reply:omNode-3<-omNode-1#5778:FAIL-t6,INCONSISTENCY,nextIndex=19,followerCommit=18
2022-03-14 12:20:59,114 [grpc-default-executor-7] INFO  leader.FollowerInfo (FollowerInfoImpl.java:lambda$new$0(47)) - omNode-3@group-523986131536->omNode-1: nextIndex: updateUnconditionally 29 -> 19
2022-03-14 12:20:59,615 [grpc-default-executor-1] INFO  server.RaftServer$Division (RaftServerImpl.java:checkInconsistentAppendEntries(1322)) - omNode-1@group-523986131536: Failed appendEntries as previous log entry ((t:6, i:28)) is not found
2022-03-14 12:20:59,616 [grpc-default-executor-1] INFO  server.RaftServer$Division (RaftServerImpl.java:checkInconsistentAppendEntries(1288)) - omNode-1@group-523986131536: inconsistency entries. Reply:omNode-3<-omNode-1#5829:FAIL-t6,INCONSISTENCY,nextIndex=19,followerCommit=18
2022-03-14 12:20:59,616 [grpc-default-executor-1] INFO  leader.FollowerInfo (FollowerInfoImpl.java:lambda$new$0(47)) - omNode-3@group-523986131536->omNode-1: nextIndex: updateUnconditionally 29 -> 19
2022-03-14 12:21:00,117 [grpc-default-executor-1] INFO  server.RaftServer$Division (RaftServerImpl.java:checkInconsistentAppendEntries(1322)) - omNode-1@group-523986131536: Failed appendEntries as previous log entry ((t:6, i:28)) is not found
2022-03-14 12:21:00,118 [grpc-default-executor-1] INFO  server.RaftServer$Division (RaftServerImpl.java:checkInconsistentAppendEntries(1288)) - omNode-1@group-523986131536: inconsistency entries. Reply:omNode-3<-omNode-1#5880:FAIL-t6,INCONSISTENCY,nextIndex=19,followerCommit=18
2022-03-14 12:21:00,118 [grpc-default-executor-1] INFO  leader.FollowerInfo (FollowerInfoImpl.java:lambda$new$0(47)) - omNode-3@group-523986131536->omNode-1: nextIndex: updateUnconditionally 29 -> 19
2022-03-14 12:21:00,620 [grpc-default-executor-7] INFO  server.RaftServer$Division (RaftServerImpl.java:checkInconsistentAppendEntries(1322)) - omNode-1@group-523986131536: Failed appendEntries as previous log entry ((t:6, i:28)) is not found
2022-03-14 12:21:00,620 [grpc-default-executor-7] INFO  server.RaftServer$Division (RaftServerImpl.java:checkInconsistentAppendEntries(1288)) - omNode-1@group-523986131536: inconsistency entries. Reply:omNode-3<-omNode-1#5931:FAIL-t6,INCONSISTENCY,nextIndex=19,followerCommit=18
2022-03-14 12:21:00,620 [grpc-default-executor-1] INFO  leader.FollowerInfo (FollowerInfoImpl.java:lambda$new$0(47)) - omNode-3@group-523986131536->omNode-1: nextIndex: updateUnconditionally 29 -> 19
2022-03-14 12:21:01,122 [grpc-default-executor-7] INFO  server.RaftServer$Division (RaftServerImpl.java:checkInconsistentAppendEntries(1322)) - omNode-1@group-523986131536: Failed appendEntries as previous log entry ((t:6, i:28)) is not found
2022-03-14 12:21:01,122 [grpc-default-executor-7] INFO  server.RaftServer$Division (RaftServerImpl.java:checkInconsistentAppendEntries(1288)) - omNode-1@group-523986131536: inconsistency entries. Reply:omNode-3<-omNode-1#5982:FAIL-t6,INCONSISTENCY,nextIndex=19,followerCommit=18
2022-03-14 12:21:01,123 [grpc-default-executor-7] INFO  leader.FollowerInfo (FollowerInfoImpl.java:lambda$new$0(47)) - omNode-3@group-523986131536->omNode-1: nextIndex: updateUnconditionally 29 -> 19
2022-03-14 12:21:01,624 [grpc-default-executor-1] INFO  server.RaftServer$Division (RaftServerImpl.java:checkInconsistentAppendEntries(1322)) - omNode-1@group-523986131536: Failed appendEntries as previous log entry ((t:6, i:28)) is not found
2022-03-14 12:21:01,625 [grpc-default-executor-1] INFO  server.RaftServer$Division (RaftServerImpl.java:checkInconsistentAppendEntries(1288)) - omNode-1@group-523986131536: inconsistency entries. Reply:omNode-3<-omNode-1#6033:FAIL-t6,INCONSISTENCY,nextIndex=19,followerCommit=18
2022-03-14 12:21:01,625 [grpc-default-executor-7] INFO  leader.FollowerInfo (FollowerInfoImpl.java:lambda$new$0(47)) - omNode-3@group-523986131536->omNode-1: nextIndex: updateUnconditionally 29 -> 19
2022-03-14 12:21:02,127 [grpc-default-executor-7] INFO  server.RaftServer$Division (RaftServerImpl.java:checkInconsistentAppendEntries(1322)) - omNode-1@group-523986131536: Failed appendEntries as previous log entry ((t:6, i:28)) is not found
2022-03-14 12:21:02,127 [grpc-default-executor-7] INFO  server.RaftServer$Division (RaftServerImpl.java:checkInconsistentAppendEntries(1288)) - omNode-1@group-523986131536: inconsistency entries. Reply:omNode-3<-omNode-1#6084:FAIL-t6,INCONSISTENCY,nextIndex=19,followerCommit=18
2022-03-14 12:21:02,128 [grpc-default-executor-7] INFO  leader.FollowerInfo (FollowerInfoImpl.java:lambda$new$0(47)) - omNode-3@group-523986131536->omNode-1: nextIndex: updateUnconditionally 29 -> 19
2022-03-14 12:21:02,630 [grpc-default-executor-1] INFO  server.RaftServer$Division (RaftServerImpl.java:checkInconsistentAppendEntries(1322)) - omNode-1@group-523986131536: Failed appendEntries as previous log entry ((t:6, i:28)) is not found
2022-03-14 12:21:02,630 [grpc-default-executor-1] INFO  server.RaftServer$Division (RaftServerImpl.java:checkInconsistentAppendEntries(1288)) - omNode-1@group-523986131536: inconsistency entries. Reply:omNode-3<-omNode-1#6135:FAIL-t6,INCONSISTENCY,nextIndex=19,followerCommit=18
2022-03-14 12:21:02,630 [grpc-default-executor-1] INFO  leader.FollowerInfo (FollowerInfoImpl.java:lambda$new$0(47)) - omNode-3@group-523986131536->omNode-1: nextIndex: updateUnconditionally 29 -> 19
2022-03-14 12:21:03,132 [grpc-default-executor-7] INFO  server.RaftServer$Division (RaftServerImpl.java:checkInconsistentAppendEntries(1322)) - omNode-1@group-523986131536: Failed appendEntries as previous log entry ((t:6, i:28)) is not found
2022-03-14 12:21:03,132 [grpc-default-executor-7] INFO  server.RaftServer$Division (RaftServerImpl.java:checkInconsistentAppendEntries(1288)) - omNode-1@group-523986131536: inconsistency entries. Reply:omNode-3<-omNode-1#6186:FAIL-t6,INCONSISTENCY,nextIndex=19,followerCommit=18
2022-03-14 12:21:03,133 [grpc-default-executor-7] INFO  leader.FollowerInfo (FollowerInfoImpl.java:lambda$new$0(47)) - omNode-3@group-523986131536->omNode-1: nextIndex: updateUnconditionally 29 -> 19
2022-03-14 12:21:03,635 [grpc-default-executor-7] INFO  server.RaftServer$Division (RaftServerImpl.java:checkInconsistentAppendEntries(1322)) - omNode-1@group-523986131536: Failed appendEntries as previous log entry ((t:6, i:28)) is not found
2022-03-14 12:21:03,635 [grpc-default-executor-7] INFO  server.RaftServer$Division (RaftServerImpl.java:checkInconsistentAppendEntries(1288)) - omNode-1@group-523986131536: inconsistency entries. Reply:omNode-3<-omNode-1#6237:FAIL-t6,INCONSISTENCY,nextIndex=19,followerCommit=18
2022-03-14 12:21:03,635 [grpc-default-executor-1] INFO  leader.FollowerInfo (FollowerInfoImpl.java:lambda$new$0(47)) - omNode-3@group-523986131536->omNode-1: nextIndex: updateUnconditionally 29 -> 19
2022-03-14 12:21:04,136 [grpc-default-executor-1] INFO  server.RaftServer$Division (RaftServerImpl.java:checkInconsistentAppendEntries(1322)) - omNode-1@group-523986131536: Failed appendEntries as previous log entry ((t:6, i:28)) is not found
2022-03-14 12:21:04,136 [grpc-default-executor-1] INFO  server.RaftServer$Division (RaftServerImpl.java:checkInconsistentAppendEntries(1288)) - omNode-1@group-523986131536: inconsistency entries. Reply:omNode-3<-omNode-1#6288:FAIL-t6,INCONSISTENCY,nextIndex=19,followerCommit=18
2022-03-14 12:21:04,137 [grpc-default-executor-1] INFO  leader.FollowerInfo (FollowerInfoImpl.java:lambda$new$0(47)) - omNode-3@group-523986131536->omNode-1: nextIndex: updateUnconditionally 29 -> 19
2022-03-14 12:21:04,638 [grpc-default-executor-1] INFO  server.RaftServer$Division (RaftServerImpl.java:checkInconsistentAppendEntries(1322)) - omNode-1@group-523986131536: Failed appendEntries as previous log entry ((t:6, i:28)) is not found
2022-03-14 12:21:04,638 [grpc-default-executor-1] INFO  server.RaftServer$Division (RaftServerImpl.java:checkInconsistentAppendEntries(1288)) - omNode-1@group-523986131536: inconsistency entries. Reply:omNode-3<-omNode-1#6339:FAIL-t6,INCONSISTENCY,nextIndex=19,followerCommit=18
2022-03-14 12:21:04,639 [grpc-default-executor-7] INFO  leader.FollowerInfo (FollowerInfoImpl.java:lambda$new$0(47)) - omNode-3@group-523986131536->omNode-1: nextIndex: updateUnconditionally 29 -> 19
2022-03-14 12:21:05,140 [grpc-default-executor-1] INFO  server.RaftServer$Division (RaftServerImpl.java:checkInconsistentAppendEntries(1322)) - omNode-1@group-523986131536: Failed appendEntries as previous log entry ((t:6, i:28)) is not found
2022-03-14 12:21:05,140 [grpc-default-executor-1] INFO  server.RaftServer$Division (RaftServerImpl.java:checkInconsistentAppendEntries(1288)) - omNode-1@group-523986131536: inconsistency entries. Reply:omNode-3<-omNode-1#6390:FAIL-t6,INCONSISTENCY,nextIndex=19,followerCommit=18
2022-03-14 12:21:05,141 [grpc-default-executor-7] INFO  leader.FollowerInfo (FollowerInfoImpl.java:lambda$new$0(47)) - omNode-3@group-523986131536->omNode-1: nextIndex: updateUnconditionally 29 -> 19
2022-03-14 12:21:05,642 [grpc-default-executor-7] INFO  server.RaftServer$Division (RaftServerImpl.java:checkInconsistentAppendEntries(1322)) - omNode-1@group-523986131536: Failed appendEntries as previous log entry ((t:6, i:28)) is not found
2022-03-14 12:21:05,642 [grpc-default-executor-7] INFO  server.RaftServer$Division (RaftServerImpl.java:checkInconsistentAppendEntries(1288)) - omNode-1@group-523986131536: inconsistency entries. Reply:omNode-3<-omNode-1#6441:FAIL-t6,INCONSISTENCY,nextIndex=19,followerCommit=18
2022-03-14 12:21:05,642 [grpc-default-executor-7] INFO  leader.FollowerInfo (FollowerInfoImpl.java:lambda$new$0(47)) - omNode-3@group-523986131536->omNode-1: nextIndex: updateUnconditionally 29 -> 19
2022-03-14 12:21:06,144 [grpc-default-executor-7] INFO  server.RaftServer$Division (RaftServerImpl.java:checkInconsistentAppendEntries(1322)) - omNode-1@group-523986131536: Failed appendEntries as previous log entry ((t:6, i:28)) is not found
2022-03-14 12:21:06,144 [grpc-default-executor-7] INFO  server.RaftServer$Division (RaftServerImpl.java:checkInconsistentAppendEntries(1288)) - omNode-1@group-523986131536: inconsistency entries. Reply:omNode-3<-omNode-1#6492:FAIL-t6,INCONSISTENCY,nextIndex=19,followerCommit=18
2022-03-14 12:21:06,145 [grpc-default-executor-7] INFO  leader.FollowerInfo (FollowerInfoImpl.java:lambda$new$0(47)) - omNode-3@group-523986131536->omNode-1: nextIndex: updateUnconditionally 29 -> 19
2022-03-14 12:21:06,646 [grpc-default-executor-1] INFO  server.RaftServer$Division (RaftServerImpl.java:checkInconsistentAppendEntries(1322)) - omNode-1@group-523986131536: Failed appendEntries as previous log entry ((t:6, i:28)) is not found
2022-03-14 12:21:06,646 [grpc-default-executor-1] INFO  server.RaftServer$Division (RaftServerImpl.java:checkInconsistentAppendEntries(1288)) - omNode-1@group-523986131536: inconsistency entries. Reply:omNode-3<-omNode-1#6543:FAIL-t6,INCONSISTENCY,nextIndex=19,followerCommit=18
2022-03-14 12:21:06,646 [grpc-default-executor-1] INFO  leader.FollowerInfo (FollowerInfoImpl.java:lambda$new$0(47)) - omNode-3@group-523986131536->omNode-1: nextIndex: updateUnconditionally 29 -> 19
2022-03-14 12:21:07,148 [grpc-default-executor-1] INFO  server.RaftServer$Division (RaftServerImpl.java:checkInconsistentAppendEntries(1322)) - omNode-1@group-523986131536: Failed appendEntries as previous log entry ((t:6, i:28)) is not found
2022-03-14 12:21:07,148 [grpc-default-executor-1] INFO  server.RaftServer$Division (RaftServerImpl.java:checkInconsistentAppendEntries(1288)) - omNode-1@group-523986131536: inconsistency entries. Reply:omNode-3<-omNode-1#6594:FAIL-t6,INCONSISTENCY,nextIndex=19,followerCommit=18
2022-03-14 12:21:07,148 [grpc-default-executor-1] INFO  leader.FollowerInfo (FollowerInfoImpl.java:lambda$new$0(47)) - omNode-3@group-523986131536->omNode-1: nextIndex: updateUnconditionally 29 -> 19
2022-03-14 12:21:07,649 [grpc-default-executor-7] INFO  server.RaftServer$Division (RaftServerImpl.java:checkInconsistentAppendEntries(1322)) - omNode-1@group-523986131536: Failed appendEntries as previous log entry ((t:6, i:28)) is not found
2022-03-14 12:21:07,650 [grpc-default-executor-7] INFO  server.RaftServer$Division (RaftServerImpl.java:checkInconsistentAppendEntries(1288)) - omNode-1@group-523986131536: inconsistency entries. Reply:omNode-3<-omNode-1#6645:FAIL-t6,INCONSISTENCY,nextIndex=19,followerCommit=18
2022-03-14 12:21:07,650 [grpc-default-executor-7] INFO  leader.FollowerInfo (FollowerInfoImpl.java:lambda$new$0(47)) - omNode-3@group-523986131536->omNode-1: nextIndex: updateUnconditionally 29 -> 19
2022-03-14 12:21:08,151 [grpc-default-executor-7] INFO  server.RaftServer$Division (RaftServerImpl.java:checkInconsistentAppendEntries(1322)) - omNode-1@group-523986131536: Failed appendEntries as previous log entry ((t:6, i:28)) is not found
2022-03-14 12:21:08,152 [grpc-default-executor-7] INFO  server.RaftServer$Division (RaftServerImpl.java:checkInconsistentAppendEntries(1288)) - omNode-1@group-523986131536: inconsistency entries. Reply:omNode-3<-omNode-1#6696:FAIL-t6,INCONSISTENCY,nextIndex=19,followerCommit=18
2022-03-14 12:21:08,152 [grpc-default-executor-7] INFO  leader.FollowerInfo (FollowerInfoImpl.java:lambda$new$0(47)) - omNode-3@group-523986131536->omNode-1: nextIndex: updateUnconditionally 29 -> 19
2022-03-14 12:21:08,654 [grpc-default-executor-7] INFO  server.RaftServer$Division (RaftServerImpl.java:checkInconsistentAppendEntries(1322)) - omNode-1@group-523986131536: Failed appendEntries as previous log entry ((t:6, i:28)) is not found
2022-03-14 12:21:08,654 [grpc-default-executor-7] INFO  server.RaftServer$Division (RaftServerImpl.java:checkInconsistentAppendEntries(1288)) - omNode-1@group-523986131536: inconsistency entries. Reply:omNode-3<-omNode-1#6747:FAIL-t6,INCONSISTENCY,nextIndex=19,followerCommit=18
2022-03-14 12:21:08,654 [grpc-default-executor-7] INFO  leader.FollowerInfo (FollowerInfoImpl.java:lambda$new$0(47)) - omNode-3@group-523986131536->omNode-1: nextIndex: updateUnconditionally 29 -> 19
2022-03-14 12:21:09,156 [grpc-default-executor-1] INFO  server.RaftServer$Division (RaftServerImpl.java:checkInconsistentAppendEntries(1322)) - omNode-1@group-523986131536: Failed appendEntries as previous log entry ((t:6, i:28)) is not found
2022-03-14 12:21:09,156 [grpc-default-executor-1] INFO  server.RaftServer$Division (RaftServerImpl.java:checkInconsistentAppendEntries(1288)) - omNode-1@group-523986131536: inconsistency entries. Reply:omNode-3<-omNode-1#6798:FAIL-t6,INCONSISTENCY,nextIndex=19,followerCommit=18
2022-03-14 12:21:09,157 [grpc-default-executor-1] INFO  leader.FollowerInfo (FollowerInfoImpl.java:lambda$new$0(47)) - omNode-3@group-523986131536->omNode-1: nextIndex: updateUnconditionally 29 -> 19
2022-03-14 12:21:09,658 [grpc-default-executor-7] INFO  server.RaftServer$Division (RaftServerImpl.java:checkInconsistentAppendEntries(1322)) - omNode-1@group-523986131536: Failed appendEntries as previous log entry ((t:6, i:28)) is not found
2022-03-14 12:21:09,658 [grpc-default-executor-7] INFO  server.RaftServer$Division (RaftServerImpl.java:checkInconsistentAppendEntries(1288)) - omNode-1@group-523986131536: inconsistency entries. Reply:omNode-3<-omNode-1#6849:FAIL-t6,INCONSISTENCY,nextIndex=19,followerCommit=18
2022-03-14 12:21:09,659 [grpc-default-executor-1] INFO  leader.FollowerInfo (FollowerInfoImpl.java:lambda$new$0(47)) - omNode-3@group-523986131536->omNode-1: nextIndex: updateUnconditionally 29 -> 19
2022-03-14 12:21:10,160 [grpc-default-executor-7] INFO  server.RaftServer$Division (RaftServerImpl.java:checkInconsistentAppendEntries(1322)) - omNode-1@group-523986131536: Failed appendEntries as previous log entry ((t:6, i:28)) is not found
2022-03-14 12:21:10,161 [grpc-default-executor-7] INFO  server.RaftServer$Division (RaftServerImpl.java:checkInconsistentAppendEntries(1288)) - omNode-1@group-523986131536: inconsistency entries. Reply:omNode-3<-omNode-1#6900:FAIL-t6,INCONSISTENCY,nextIndex=19,followerCommit=18
2022-03-14 12:21:10,161 [grpc-default-executor-7] INFO  leader.FollowerInfo (FollowerInfoImpl.java:lambda$new$0(47)) - omNode-3@group-523986131536->omNode-1: nextIndex: updateUnconditionally 29 -> 19
2022-03-14 12:21:10,662 [grpc-default-executor-7] INFO  server.RaftServer$Division (RaftServerImpl.java:checkInconsistentAppendEntries(1322)) - omNode-1@group-523986131536: Failed appendEntries as previous log entry ((t:6, i:28)) is not found
2022-03-14 12:21:10,663 [grpc-default-executor-7] INFO  server.RaftServer$Division (RaftServerImpl.java:checkInconsistentAppendEntries(1288)) - omNode-1@group-523986131536: inconsistency entries. Reply:omNode-3<-omNode-1#6951:FAIL-t6,INCONSISTENCY,nextIndex=19,followerCommit=18
2022-03-14 12:21:10,663 [grpc-default-executor-7] INFO  leader.FollowerInfo (FollowerInfoImpl.java:lambda$new$0(47)) - omNode-3@group-523986131536->omNode-1: nextIndex: updateUnconditionally 29 -> 19
2022-03-14 12:21:11,164 [grpc-default-executor-1] INFO  server.RaftServer$Division (RaftServerImpl.java:checkInconsistentAppendEntries(1322)) - omNode-1@group-523986131536: Failed appendEntries as previous log entry ((t:6, i:28)) is not found
2022-03-14 12:21:11,164 [grpc-default-executor-1] INFO  server.RaftServer$Division (RaftServerImpl.java:checkInconsistentAppendEntries(1288)) - omNode-1@group-523986131536: inconsistency entries. Reply:omNode-3<-omNode-1#7002:FAIL-t6,INCONSISTENCY,nextIndex=19,followerCommit=18
2022-03-14 12:21:11,164 [grpc-default-executor-1] INFO  leader.FollowerInfo (FollowerInfoImpl.java:lambda$new$0(47)) - omNode-3@group-523986131536->omNode-1: nextIndex: updateUnconditionally 29 -> 19
2022-03-14 12:21:11,666 [grpc-default-executor-7] INFO  server.RaftServer$Division (RaftServerImpl.java:checkInconsistentAppendEntries(1322)) - omNode-1@group-523986131536: Failed appendEntries as previous log entry ((t:6, i:28)) is not found
2022-03-14 12:21:11,666 [grpc-default-executor-7] INFO  server.RaftServer$Division (RaftServerImpl.java:checkInconsistentAppendEntries(1288)) - omNode-1@group-523986131536: inconsistency entries. Reply:omNode-3<-omNode-1#7053:FAIL-t6,INCONSISTENCY,nextIndex=19,followerCommit=18
2022-03-14 12:21:11,667 [grpc-default-executor-7] INFO  leader.FollowerInfo (FollowerInfoImpl.java:lambda$new$0(47)) - omNode-3@group-523986131536->omNode-1: nextIndex: updateUnconditionally 29 -> 19
2022-03-14 12:21:12,168 [grpc-default-executor-7] INFO  server.RaftServer$Division (RaftServerImpl.java:checkInconsistentAppendEntries(1322)) - omNode-1@group-523986131536: Failed appendEntries as previous log entry ((t:6, i:28)) is not found
2022-03-14 12:21:12,168 [grpc-default-executor-7] INFO  server.RaftServer$Division (RaftServerImpl.java:checkInconsistentAppendEntries(1288)) - omNode-1@group-523986131536: inconsistency entries. Reply:omNode-3<-omNode-1#7104:FAIL-t6,INCONSISTENCY,nextIndex=19,followerCommit=18
2022-03-14 12:21:12,168 [grpc-default-executor-7] INFO  leader.FollowerInfo (FollowerInfoImpl.java:lambda$new$0(47)) - omNode-3@group-523986131536->omNode-1: nextIndex: updateUnconditionally 29 -> 19
2022-03-14 12:21:12,670 [grpc-default-executor-1] INFO  server.RaftServer$Division (RaftServerImpl.java:checkInconsistentAppendEntries(1322)) - omNode-1@group-523986131536: Failed appendEntries as previous log entry ((t:6, i:28)) is not found
2022-03-14 12:21:12,670 [grpc-default-executor-1] INFO  server.RaftServer$Division (RaftServerImpl.java:checkInconsistentAppendEntries(1288)) - omNode-1@group-523986131536: inconsistency entries. Reply:omNode-3<-omNode-1#7155:FAIL-t6,INCONSISTENCY,nextIndex=19,followerCommit=18
2022-03-14 12:21:12,670 [grpc-default-executor-1] INFO  leader.FollowerInfo (FollowerInfoImpl.java:lambda$new$0(47)) - omNode-3@group-523986131536->omNode-1: nextIndex: updateUnconditionally 29 -> 19
2022-03-14 12:21:13,171 [grpc-default-executor-1] INFO  server.RaftServer$Division (RaftServerImpl.java:checkInconsistentAppendEntries(1322)) - omNode-1@group-523986131536: Failed appendEntries as previous log entry ((t:6, i:28)) is not found
2022-03-14 12:21:13,172 [grpc-default-executor-1] INFO  server.RaftServer$Division (RaftServerImpl.java:checkInconsistentAppendEntries(1288)) - omNode-1@group-523986131536: inconsistency entries. Reply:omNode-3<-omNode-1#7206:FAIL-t6,INCONSISTENCY,nextIndex=19,followerCommit=18
2022-03-14 12:21:13,172 [grpc-default-executor-1] INFO  leader.FollowerInfo (FollowerInfoImpl.java:lambda$new$0(47)) - omNode-3@group-523986131536->omNode-1: nextIndex: updateUnconditionally 29 -> 19
2022-03-14 12:21:13,673 [grpc-default-executor-7] INFO  server.RaftServer$Division (RaftServerImpl.java:checkInconsistentAppendEntries(1322)) - omNode-1@group-523986131536: Failed appendEntries as previous log entry ((t:6, i:28)) is not found
2022-03-14 12:21:13,673 [grpc-default-executor-7] INFO  server.RaftServer$Division (RaftServerImpl.java:checkInconsistentAppendEntries(1288)) - omNode-1@group-523986131536: inconsistency entries. Reply:omNode-3<-omNode-1#7257:FAIL-t6,INCONSISTENCY,nextIndex=19,followerCommit=18
2022-03-14 12:21:13,673 [grpc-default-executor-7] INFO  leader.FollowerInfo (FollowerInfoImpl.java:lambda$new$0(47)) - omNode-3@group-523986131536->omNode-1: nextIndex: updateUnconditionally 29 -> 19
2022-03-14 12:21:14,174 [grpc-default-executor-1] INFO  server.RaftServer$Division (RaftServerImpl.java:checkInconsistentAppendEntries(1322)) - omNode-1@group-523986131536: Failed appendEntries as previous log entry ((t:6, i:28)) is not found
2022-03-14 12:21:14,175 [grpc-default-executor-1] INFO  server.RaftServer$Division (RaftServerImpl.java:checkInconsistentAppendEntries(1288)) - omNode-1@group-523986131536: inconsistency entries. Reply:omNode-3<-omNode-1#7308:FAIL-t6,INCONSISTENCY,nextIndex=19,followerCommit=18
2022-03-14 12:21:14,175 [grpc-default-executor-1] INFO  leader.FollowerInfo (FollowerInfoImpl.java:lambda$new$0(47)) - omNode-3@group-523986131536->omNode-1: nextIndex: updateUnconditionally 29 -> 19
2022-03-14 12:21:14,676 [grpc-default-executor-7] INFO  server.RaftServer$Division (RaftServerImpl.java:checkInconsistentAppendEntries(1322)) - omNode-1@group-523986131536: Failed appendEntries as previous log entry ((t:6, i:28)) is not found
2022-03-14 12:21:14,676 [grpc-default-executor-7] INFO  server.RaftServer$Division (RaftServerImpl.java:checkInconsistentAppendEntries(1288)) - omNode-1@group-523986131536: inconsistency entries. Reply:omNode-3<-omNode-1#7359:FAIL-t6,INCONSISTENCY,nextIndex=19,followerCommit=18
2022-03-14 12:21:14,677 [grpc-default-executor-1] INFO  leader.FollowerInfo (FollowerInfoImpl.java:lambda$new$0(47)) - omNode-3@group-523986131536->omNode-1: nextIndex: updateUnconditionally 29 -> 19
2022-03-14 12:21:15,178 [grpc-default-executor-7] INFO  server.RaftServer$Division (RaftServerImpl.java:checkInconsistentAppendEntries(1322)) - omNode-1@group-523986131536: Failed appendEntries as previous log entry ((t:6, i:28)) is not found
2022-03-14 12:21:15,178 [grpc-default-executor-7] INFO  server.RaftServer$Division (RaftServerImpl.java:checkInconsistentAppendEntries(1288)) - omNode-1@group-523986131536: inconsistency entries. Reply:omNode-3<-omNode-1#7410:FAIL-t6,INCONSISTENCY,nextIndex=19,followerCommit=18
2022-03-14 12:21:15,178 [grpc-default-executor-7] INFO  leader.FollowerInfo (FollowerInfoImpl.java:lambda$new$0(47)) - omNode-3@group-523986131536->omNode-1: nextIndex: updateUnconditionally 29 -> 19
2022-03-14 12:21:15,679 [grpc-default-executor-1] INFO  server.RaftServer$Division (RaftServerImpl.java:checkInconsistentAppendEntries(1322)) - omNode-1@group-523986131536: Failed appendEntries as previous log entry ((t:6, i:28)) is not found
2022-03-14 12:21:15,680 [grpc-default-executor-1] INFO  server.RaftServer$Division (RaftServerImpl.java:checkInconsistentAppendEntries(1288)) - omNode-1@group-523986131536: inconsistency entries. Reply:omNode-3<-omNode-1#7461:FAIL-t6,INCONSISTENCY,nextIndex=19,followerCommit=18
2022-03-14 12:21:15,680 [grpc-default-executor-1] INFO  leader.FollowerInfo (FollowerInfoImpl.java:lambda$new$0(47)) - omNode-3@group-523986131536->omNode-1: nextIndex: updateUnconditionally 29 -> 19
2022-03-14 12:21:16,181 [grpc-default-executor-7] INFO  server.RaftServer$Division (RaftServerImpl.java:checkInconsistentAppendEntries(1322)) - omNode-1@group-523986131536: Failed appendEntries as previous log entry ((t:6, i:28)) is not found
2022-03-14 12:21:16,182 [grpc-default-executor-7] INFO  server.RaftServer$Division (RaftServerImpl.java:checkInconsistentAppendEntries(1288)) - omNode-1@group-523986131536: inconsistency entries. Reply:omNode-3<-omNode-1#7511:FAIL-t6,INCONSISTENCY,nextIndex=19,followerCommit=18
2022-03-14 12:21:16,183 [grpc-default-executor-7] INFO  leader.FollowerInfo (FollowerInfoImpl.java:lambda$new$0(47)) - omNode-3@group-523986131536->omNode-1: nextIndex: updateUnconditionally 29 -> 19
2022-03-14 12:21:16,685 [grpc-default-executor-7] INFO  server.RaftServer$Division (RaftServerImpl.java:checkInconsistentAppendEntries(1322)) - omNode-1@group-523986131536: Failed appendEntries as previous log entry ((t:6, i:28)) is not found
2022-03-14 12:21:16,685 [grpc-default-executor-7] INFO  server.RaftServer$Division (RaftServerImpl.java:checkInconsistentAppendEntries(1288)) - omNode-1@group-523986131536: inconsistency entries. Reply:omNode-3<-omNode-1#7562:FAIL-t6,INCONSISTENCY,nextIndex=19,followerCommit=18
2022-03-14 12:21:16,685 [grpc-default-executor-7] INFO  leader.FollowerInfo (FollowerInfoImpl.java:lambda$new$0(47)) - omNode-3@group-523986131536->omNode-1: nextIndex: updateUnconditionally 29 -> 19
2022-03-14 12:21:17,186 [grpc-default-executor-7] INFO  server.RaftServer$Division (RaftServerImpl.java:checkInconsistentAppendEntries(1322)) - omNode-1@group-523986131536: Failed appendEntries as previous log entry ((t:6, i:28)) is not found
2022-03-14 12:21:17,186 [grpc-default-executor-7] INFO  server.RaftServer$Division (RaftServerImpl.java:checkInconsistentAppendEntries(1288)) - omNode-1@group-523986131536: inconsistency entries. Reply:omNode-3<-omNode-1#7613:FAIL-t6,INCONSISTENCY,nextIndex=19,followerCommit=18
2022-03-14 12:21:17,187 [grpc-default-executor-7] INFO  leader.FollowerInfo (FollowerInfoImpl.java:lambda$new$0(47)) - omNode-3@group-523986131536->omNode-1: nextIndex: updateUnconditionally 29 -> 19
2022-03-14 12:21:17,687 [grpc-default-executor-1] INFO  server.RaftServer$Division (RaftServerImpl.java:checkInconsistentAppendEntries(1322)) - omNode-1@group-523986131536: Failed appendEntries as previous log entry ((t:6, i:28)) is not found
2022-03-14 12:21:17,688 [grpc-default-executor-1] INFO  server.RaftServer$Division (RaftServerImpl.java:checkInconsistentAppendEntries(1288)) - omNode-1@group-523986131536: inconsistency entries. Reply:omNode-3<-omNode-1#7664:FAIL-t6,INCONSISTENCY,nextIndex=19,followerCommit=18
2022-03-14 12:21:17,688 [grpc-default-executor-1] INFO  leader.FollowerInfo (FollowerInfoImpl.java:lambda$new$0(47)) - omNode-3@group-523986131536->omNode-1: nextIndex: updateUnconditionally 29 -> 19
2022-03-14 12:21:18,189 [grpc-default-executor-1] INFO  server.RaftServer$Division (RaftServerImpl.java:checkInconsistentAppendEntries(1322)) - omNode-1@group-523986131536: Failed appendEntries as previous log entry ((t:6, i:28)) is not found
2022-03-14 12:21:18,189 [grpc-default-executor-1] INFO  server.RaftServer$Division (RaftServerImpl.java:checkInconsistentAppendEntries(1288)) - omNode-1@group-523986131536: inconsistency entries. Reply:omNode-3<-omNode-1#7715:FAIL-t6,INCONSISTENCY,nextIndex=19,followerCommit=18
2022-03-14 12:21:18,189 [grpc-default-executor-1] INFO  leader.FollowerInfo (FollowerInfoImpl.java:lambda$new$0(47)) - omNode-3@group-523986131536->omNode-1: nextIndex: updateUnconditionally 29 -> 19
2022-03-14 12:21:18,691 [grpc-default-executor-1] INFO  server.RaftServer$Division (RaftServerImpl.java:checkInconsistentAppendEntries(1322)) - omNode-1@group-523986131536: Failed appendEntries as previous log entry ((t:6, i:28)) is not found
2022-03-14 12:21:18,691 [grpc-default-executor-1] INFO  server.RaftServer$Division (RaftServerImpl.java:checkInconsistentAppendEntries(1288)) - omNode-1@group-523986131536: inconsistency entries. Reply:omNode-3<-omNode-1#7766:FAIL-t6,INCONSISTENCY,nextIndex=19,followerCommit=18
2022-03-14 12:21:18,692 [grpc-default-executor-7] INFO  leader.FollowerInfo (FollowerInfoImpl.java:lambda$new$0(47)) - omNode-3@group-523986131536->omNode-1: nextIndex: updateUnconditionally 29 -> 19
2022-03-14 12:21:19,193 [grpc-default-executor-1] INFO  server.RaftServer$Division (RaftServerImpl.java:checkInconsistentAppendEntries(1322)) - omNode-1@group-523986131536: Failed appendEntries as previous log entry ((t:6, i:28)) is not found
2022-03-14 12:21:19,193 [grpc-default-executor-1] INFO  server.RaftServer$Division (RaftServerImpl.java:checkInconsistentAppendEntries(1288)) - omNode-1@group-523986131536: inconsistency entries. Reply:omNode-3<-omNode-1#7817:FAIL-t6,INCONSISTENCY,nextIndex=19,followerCommit=18
2022-03-14 12:21:19,193 [grpc-default-executor-7] INFO  leader.FollowerInfo (FollowerInfoImpl.java:lambda$new$0(47)) - omNode-3@group-523986131536->omNode-1: nextIndex: updateUnconditionally 29 -> 19
2022-03-14 12:21:19,694 [grpc-default-executor-1] INFO  server.RaftServer$Division (RaftServerImpl.java:checkInconsistentAppendEntries(1322)) - omNode-1@group-523986131536: Failed appendEntries as previous log entry ((t:6, i:28)) is not found
2022-03-14 12:21:19,695 [grpc-default-executor-1] INFO  server.RaftServer$Division (RaftServerImpl.java:checkInconsistentAppendEntries(1288)) - omNode-1@group-523986131536: inconsistency entries. Reply:omNode-3<-omNode-1#7868:FAIL-t6,INCONSISTENCY,nextIndex=19,followerCommit=18
2022-03-14 12:21:19,695 [grpc-default-executor-1] INFO  leader.FollowerInfo (FollowerInfoImpl.java:lambda$new$0(47)) - omNode-3@group-523986131536->omNode-1: nextIndex: updateUnconditionally 29 -> 19
2022-03-14 12:21:20,196 [grpc-default-executor-1] INFO  server.RaftServer$Division (RaftServerImpl.java:checkInconsistentAppendEntries(1322)) - omNode-1@group-523986131536: Failed appendEntries as previous log entry ((t:6, i:28)) is not found
2022-03-14 12:21:20,196 [grpc-default-executor-1] INFO  server.RaftServer$Division (RaftServerImpl.java:checkInconsistentAppendEntries(1288)) - omNode-1@group-523986131536: inconsistency entries. Reply:omNode-3<-omNode-1#7919:FAIL-t6,INCONSISTENCY,nextIndex=19,followerCommit=18
2022-03-14 12:21:20,197 [grpc-default-executor-1] INFO  leader.FollowerInfo (FollowerInfoImpl.java:lambda$new$0(47)) - omNode-3@group-523986131536->omNode-1: nextIndex: updateUnconditionally 29 -> 19
2022-03-14 12:21:20,698 [grpc-default-executor-1] INFO  server.RaftServer$Division (RaftServerImpl.java:checkInconsistentAppendEntries(1322)) - omNode-1@group-523986131536: Failed appendEntries as previous log entry ((t:6, i:28)) is not found
2022-03-14 12:21:20,698 [grpc-default-executor-1] INFO  server.RaftServer$Division (RaftServerImpl.java:checkInconsistentAppendEntries(1288)) - omNode-1@group-523986131536: inconsistency entries. Reply:omNode-3<-omNode-1#7970:FAIL-t6,INCONSISTENCY,nextIndex=19,followerCommit=18
2022-03-14 12:21:20,698 [grpc-default-executor-1] INFO  leader.FollowerInfo (FollowerInfoImpl.java:lambda$new$0(47)) - omNode-3@group-523986131536->omNode-1: nextIndex: updateUnconditionally 29 -> 19
2022-03-14 12:21:21,200 [grpc-default-executor-7] INFO  server.RaftServer$Division (RaftServerImpl.java:checkInconsistentAppendEntries(1322)) - omNode-1@group-523986131536: Failed appendEntries as previous log entry ((t:6, i:28)) is not found
2022-03-14 12:21:21,200 [grpc-default-executor-7] INFO  server.RaftServer$Division (RaftServerImpl.java:checkInconsistentAppendEntries(1288)) - omNode-1@group-523986131536: inconsistency entries. Reply:omNode-3<-omNode-1#8021:FAIL-t6,INCONSISTENCY,nextIndex=19,followerCommit=18
2022-03-14 12:21:21,201 [grpc-default-executor-1] INFO  leader.FollowerInfo (FollowerInfoImpl.java:lambda$new$0(47)) - omNode-3@group-523986131536->omNode-1: nextIndex: updateUnconditionally 29 -> 19
2022-03-14 12:21:21,702 [grpc-default-executor-1] INFO  server.RaftServer$Division (RaftServerImpl.java:checkInconsistentAppendEntries(1322)) - omNode-1@group-523986131536: Failed appendEntries as previous log entry ((t:6, i:28)) is not found
2022-03-14 12:21:21,702 [grpc-default-executor-1] INFO  server.RaftServer$Division (RaftServerImpl.java:checkInconsistentAppendEntries(1288)) - omNode-1@group-523986131536: inconsistency entries. Reply:omNode-3<-omNode-1#8072:FAIL-t6,INCONSISTENCY,nextIndex=19,followerCommit=18
2022-03-14 12:21:21,702 [grpc-default-executor-1] INFO  leader.FollowerInfo (FollowerInfoImpl.java:lambda$new$0(47)) - omNode-3@group-523986131536->omNode-1: nextIndex: updateUnconditionally 29 -> 19
2022-03-14 12:21:22,203 [grpc-default-executor-1] INFO  server.RaftServer$Division (RaftServerImpl.java:checkInconsistentAppendEntries(1322)) - omNode-1@group-523986131536: Failed appendEntries as previous log entry ((t:6, i:28)) is not found
2022-03-14 12:21:22,204 [grpc-default-executor-1] INFO  server.RaftServer$Division (RaftServerImpl.java:checkInconsistentAppendEntries(1288)) - omNode-1@group-523986131536: inconsistency entries. Reply:omNode-3<-omNode-1#8123:FAIL-t6,INCONSISTENCY,nextIndex=19,followerCommit=18
2022-03-14 12:21:22,204 [grpc-default-executor-1] INFO  leader.FollowerInfo (FollowerInfoImpl.java:lambda$new$0(47)) - omNode-3@group-523986131536->omNode-1: nextIndex: updateUnconditionally 29 -> 19
2022-03-14 12:21:22,705 [grpc-default-executor-1] INFO  server.RaftServer$Division (RaftServerImpl.java:checkInconsistentAppendEntries(1322)) - omNode-1@group-523986131536: Failed appendEntries as previous log entry ((t:6, i:28)) is not found
2022-03-14 12:21:22,705 [grpc-default-executor-1] INFO  server.RaftServer$Division (RaftServerImpl.java:checkInconsistentAppendEntries(1288)) - omNode-1@group-523986131536: inconsistency entries. Reply:omNode-3<-omNode-1#8174:FAIL-t6,INCONSISTENCY,nextIndex=19,followerCommit=18
2022-03-14 12:21:22,705 [grpc-default-executor-1] INFO  leader.FollowerInfo (FollowerInfoImpl.java:lambda$new$0(47)) - omNode-3@group-523986131536->omNode-1: nextIndex: updateUnconditionally 29 -> 19
2022-03-14 12:21:23,207 [grpc-default-executor-1] INFO  server.RaftServer$Division (RaftServerImpl.java:checkInconsistentAppendEntries(1322)) - omNode-1@group-523986131536: Failed appendEntries as previous log entry ((t:6, i:28)) is not found
2022-03-14 12:21:23,207 [grpc-default-executor-1] INFO  server.RaftServer$Division (RaftServerImpl.java:checkInconsistentAppendEntries(1288)) - omNode-1@group-523986131536: inconsistency entries. Reply:omNode-3<-omNode-1#8225:FAIL-t6,INCONSISTENCY,nextIndex=19,followerCommit=18
2022-03-14 12:21:23,207 [grpc-default-executor-1] INFO  leader.FollowerInfo (FollowerInfoImpl.java:lambda$new$0(47)) - omNode-3@group-523986131536->omNode-1: nextIndex: updateUnconditionally 29 -> 19
2022-03-14 12:21:23,709 [grpc-default-executor-1] INFO  server.RaftServer$Division (RaftServerImpl.java:checkInconsistentAppendEntries(1322)) - omNode-1@group-523986131536: Failed appendEntries as previous log entry ((t:6, i:28)) is not found
2022-03-14 12:21:23,709 [grpc-default-executor-1] INFO  server.RaftServer$Division (RaftServerImpl.java:checkInconsistentAppendEntries(1288)) - omNode-1@group-523986131536: inconsistency entries. Reply:omNode-3<-omNode-1#8276:FAIL-t6,INCONSISTENCY,nextIndex=19,followerCommit=18
2022-03-14 12:21:23,709 [grpc-default-executor-1] INFO  leader.FollowerInfo (FollowerInfoImpl.java:lambda$new$0(47)) - omNode-3@group-523986131536->omNode-1: nextIndex: updateUnconditionally 29 -> 19
2022-03-14 12:21:24,211 [grpc-default-executor-1] INFO  server.RaftServer$Division (RaftServerImpl.java:checkInconsistentAppendEntries(1322)) - omNode-1@group-523986131536: Failed appendEntries as previous log entry ((t:6, i:28)) is not found
2022-03-14 12:21:24,211 [grpc-default-executor-1] INFO  server.RaftServer$Division (RaftServerImpl.java:checkInconsistentAppendEntries(1288)) - omNode-1@group-523986131536: inconsistency entries. Reply:omNode-3<-omNode-1#8327:FAIL-t6,INCONSISTENCY,nextIndex=19,followerCommit=18
2022-03-14 12:21:24,211 [grpc-default-executor-1] INFO  leader.FollowerInfo (FollowerInfoImpl.java:lambda$new$0(47)) - omNode-3@group-523986131536->omNode-1: nextIndex: updateUnconditionally 29 -> 19
2022-03-14 12:21:24,712 [grpc-default-executor-7] INFO  server.RaftServer$Division (RaftServerImpl.java:checkInconsistentAppendEntries(1322)) - omNode-1@group-523986131536: Failed appendEntries as previous log entry ((t:6, i:28)) is not found
2022-03-14 12:21:24,712 [grpc-default-executor-7] INFO  server.RaftServer$Division (RaftServerImpl.java:checkInconsistentAppendEntries(1288)) - omNode-1@group-523986131536: inconsistency entries. Reply:omNode-3<-omNode-1#8378:FAIL-t6,INCONSISTENCY,nextIndex=19,followerCommit=18
2022-03-14 12:21:24,713 [grpc-default-executor-1] INFO  leader.FollowerInfo (FollowerInfoImpl.java:lambda$new$0(47)) - omNode-3@group-523986131536->omNode-1: nextIndex: updateUnconditionally 29 -> 19
2022-03-14 12:21:25,214 [grpc-default-executor-1] INFO  server.RaftServer$Division (RaftServerImpl.java:checkInconsistentAppendEntries(1322)) - omNode-1@group-523986131536: Failed appendEntries as previous log entry ((t:6, i:28)) is not found
2022-03-14 12:21:25,214 [grpc-default-executor-1] INFO  server.RaftServer$Division (RaftServerImpl.java:checkInconsistentAppendEntries(1288)) - omNode-1@group-523986131536: inconsistency entries. Reply:omNode-3<-omNode-1#8429:FAIL-t6,INCONSISTENCY,nextIndex=19,followerCommit=18
2022-03-14 12:21:25,216 [grpc-default-executor-1] INFO  leader.FollowerInfo (FollowerInfoImpl.java:lambda$new$0(47)) - omNode-3@group-523986131536->omNode-1: nextIndex: updateUnconditionally 29 -> 19
2022-03-14 12:21:25,717 [grpc-default-executor-1] INFO  server.RaftServer$Division (RaftServerImpl.java:checkInconsistentAppendEntries(1322)) - omNode-1@group-523986131536: Failed appendEntries as previous log entry ((t:6, i:28)) is not found
2022-03-14 12:21:25,718 [grpc-default-executor-1] INFO  server.RaftServer$Division (RaftServerImpl.java:checkInconsistentAppendEntries(1288)) - omNode-1@group-523986131536: inconsistency entries. Reply:omNode-3<-omNode-1#8480:FAIL-t6,INCONSISTENCY,nextIndex=19,followerCommit=18
2022-03-14 12:21:25,718 [grpc-default-executor-7] INFO  leader.FollowerInfo (FollowerInfoImpl.java:lambda$new$0(47)) - omNode-3@group-523986131536->omNode-1: nextIndex: updateUnconditionally 29 -> 19
2022-03-14 12:21:26,219 [grpc-default-executor-1] INFO  server.RaftServer$Division (RaftServerImpl.java:checkInconsistentAppendEntries(1322)) - omNode-1@group-523986131536: Failed appendEntries as previous log entry ((t:6, i:28)) is not found
2022-03-14 12:21:26,220 [grpc-default-executor-1] INFO  server.RaftServer$Division (RaftServerImpl.java:checkInconsistentAppendEntries(1288)) - omNode-1@group-523986131536: inconsistency entries. Reply:omNode-3<-omNode-1#8531:FAIL-t6,INCONSISTENCY,nextIndex=19,followerCommit=18
2022-03-14 12:21:26,220 [grpc-default-executor-1] INFO  leader.FollowerInfo (FollowerInfoImpl.java:lambda$new$0(47)) - omNode-3@group-523986131536->omNode-1: nextIndex: updateUnconditionally 29 -> 19
2022-03-14 12:21:26,721 [grpc-default-executor-7] INFO  server.RaftServer$Division (RaftServerImpl.java:checkInconsistentAppendEntries(1322)) - omNode-1@group-523986131536: Failed appendEntries as previous log entry ((t:6, i:28)) is not found
2022-03-14 12:21:26,722 [grpc-default-executor-7] INFO  server.RaftServer$Division (RaftServerImpl.java:checkInconsistentAppendEntries(1288)) - omNode-1@group-523986131536: inconsistency entries. Reply:omNode-3<-omNode-1#8582:FAIL-t6,INCONSISTENCY,nextIndex=19,followerCommit=18
2022-03-14 12:21:26,722 [grpc-default-executor-1] INFO  leader.FollowerInfo (FollowerInfoImpl.java:lambda$new$0(47)) - omNode-3@group-523986131536->omNode-1: nextIndex: updateUnconditionally 29 -> 19
2022-03-14 12:21:27,223 [grpc-default-executor-7] INFO  server.RaftServer$Division (RaftServerImpl.java:checkInconsistentAppendEntries(1322)) - omNode-1@group-523986131536: Failed appendEntries as previous log entry ((t:6, i:28)) is not found
2022-03-14 12:21:27,223 [grpc-default-executor-7] INFO  server.RaftServer$Division (RaftServerImpl.java:checkInconsistentAppendEntries(1288)) - omNode-1@group-523986131536: inconsistency entries. Reply:omNode-3<-omNode-1#8633:FAIL-t6,INCONSISTENCY,nextIndex=19,followerCommit=18
2022-03-14 12:21:27,226 [grpc-default-executor-7] INFO  leader.FollowerInfo (FollowerInfoImpl.java:lambda$new$0(47)) - omNode-3@group-523986131536->omNode-1: nextIndex: updateUnconditionally 29 -> 19
2022-03-14 12:21:27,727 [grpc-default-executor-1] INFO  server.RaftServer$Division (RaftServerImpl.java:checkInconsistentAppendEntries(1322)) - omNode-1@group-523986131536: Failed appendEntries as previous log entry ((t:6, i:28)) is not found
2022-03-14 12:21:27,727 [grpc-default-executor-1] INFO  server.RaftServer$Division (RaftServerImpl.java:checkInconsistentAppendEntries(1288)) - omNode-1@group-523986131536: inconsistency entries. Reply:omNode-3<-omNode-1#8684:FAIL-t6,INCONSISTENCY,nextIndex=19,followerCommit=18
2022-03-14 12:21:27,727 [grpc-default-executor-1] INFO  leader.FollowerInfo (FollowerInfoImpl.java:lambda$new$0(47)) - omNode-3@group-523986131536->omNode-1: nextIndex: updateUnconditionally 29 -> 19
2022-03-14 12:21:28,228 [grpc-default-executor-1] INFO  server.RaftServer$Division (RaftServerImpl.java:checkInconsistentAppendEntries(1322)) - omNode-1@group-523986131536: Failed appendEntries as previous log entry ((t:6, i:28)) is not found
2022-03-14 12:21:28,229 [grpc-default-executor-1] INFO  server.RaftServer$Division (RaftServerImpl.java:checkInconsistentAppendEntries(1288)) - omNode-1@group-523986131536: inconsistency entries. Reply:omNode-3<-omNode-1#8735:FAIL-t6,INCONSISTENCY,nextIndex=19,followerCommit=18
2022-03-14 12:21:28,229 [grpc-default-executor-1] INFO  leader.FollowerInfo (FollowerInfoImpl.java:lambda$new$0(47)) - omNode-3@group-523986131536->omNode-1: nextIndex: updateUnconditionally 29 -> 19
2022-03-14 12:21:28,729 [grpc-default-executor-1] INFO  server.RaftServer$Division (RaftServerImpl.java:checkInconsistentAppendEntries(1322)) - omNode-1@group-523986131536: Failed appendEntries as previous log entry ((t:6, i:28)) is not found
2022-03-14 12:21:28,730 [grpc-default-executor-1] INFO  server.RaftServer$Division (RaftServerImpl.java:checkInconsistentAppendEntries(1288)) - omNode-1@group-523986131536: inconsistency entries. Reply:omNode-3<-omNode-1#8786:FAIL-t6,INCONSISTENCY,nextIndex=19,followerCommit=18
2022-03-14 12:21:28,730 [grpc-default-executor-1] INFO  leader.FollowerInfo (FollowerInfoImpl.java:lambda$new$0(47)) - omNode-3@group-523986131536->omNode-1: nextIndex: updateUnconditionally 29 -> 19
2022-03-14 12:21:29,231 [grpc-default-executor-1] INFO  server.RaftServer$Division (RaftServerImpl.java:checkInconsistentAppendEntries(1322)) - omNode-1@group-523986131536: Failed appendEntries as previous log entry ((t:6, i:28)) is not found
2022-03-14 12:21:29,232 [grpc-default-executor-1] INFO  server.RaftServer$Division (RaftServerImpl.java:checkInconsistentAppendEntries(1288)) - omNode-1@group-523986131536: inconsistency entries. Reply:omNode-3<-omNode-1#8837:FAIL-t6,INCONSISTENCY,nextIndex=19,followerCommit=18
2022-03-14 12:21:29,232 [grpc-default-executor-1] INFO  leader.FollowerInfo (FollowerInfoImpl.java:lambda$new$0(47)) - omNode-3@group-523986131536->omNode-1: nextIndex: updateUnconditionally 29 -> 19
2022-03-14 12:21:29,733 [grpc-default-executor-1] INFO  server.RaftServer$Division (RaftServerImpl.java:checkInconsistentAppendEntries(1322)) - omNode-1@group-523986131536: Failed appendEntries as previous log entry ((t:6, i:28)) is not found
2022-03-14 12:21:29,733 [grpc-default-executor-1] INFO  server.RaftServer$Division (RaftServerImpl.java:checkInconsistentAppendEntries(1288)) - omNode-1@group-523986131536: inconsistency entries. Reply:omNode-3<-omNode-1#8888:FAIL-t6,INCONSISTENCY,nextIndex=19,followerCommit=18
2022-03-14 12:21:29,733 [grpc-default-executor-1] INFO  leader.FollowerInfo (FollowerInfoImpl.java:lambda$new$0(47)) - omNode-3@group-523986131536->omNode-1: nextIndex: updateUnconditionally 29 -> 19
2022-03-14 12:21:30,234 [grpc-default-executor-1] INFO  server.RaftServer$Division (RaftServerImpl.java:checkInconsistentAppendEntries(1322)) - omNode-1@group-523986131536: Failed appendEntries as previous log entry ((t:6, i:28)) is not found
2022-03-14 12:21:30,234 [grpc-default-executor-1] INFO  server.RaftServer$Division (RaftServerImpl.java:checkInconsistentAppendEntries(1288)) - omNode-1@group-523986131536: inconsistency entries. Reply:omNode-3<-omNode-1#8939:FAIL-t6,INCONSISTENCY,nextIndex=19,followerCommit=18
2022-03-14 12:21:30,237 [grpc-default-executor-1] INFO  leader.FollowerInfo (FollowerInfoImpl.java:lambda$new$0(47)) - omNode-3@group-523986131536->omNode-1: nextIndex: updateUnconditionally 29 -> 19
2022-03-14 12:21:30,738 [grpc-default-executor-1] INFO  server.RaftServer$Division (RaftServerImpl.java:checkInconsistentAppendEntries(1322)) - omNode-1@group-523986131536: Failed appendEntries as previous log entry ((t:6, i:28)) is not found
2022-03-14 12:21:30,738 [grpc-default-executor-1] INFO  server.RaftServer$Division (RaftServerImpl.java:checkInconsistentAppendEntries(1288)) - omNode-1@group-523986131536: inconsistency entries. Reply:omNode-3<-omNode-1#8990:FAIL-t6,INCONSISTENCY,nextIndex=19,followerCommit=18
2022-03-14 12:21:30,738 [grpc-default-executor-1] INFO  leader.FollowerInfo (FollowerInfoImpl.java:lambda$new$0(47)) - omNode-3@group-523986131536->omNode-1: nextIndex: updateUnconditionally 29 -> 19
2022-03-14 12:21:31,239 [grpc-default-executor-1] INFO  server.RaftServer$Division (RaftServerImpl.java:checkInconsistentAppendEntries(1322)) - omNode-1@group-523986131536: Failed appendEntries as previous log entry ((t:6, i:28)) is not found
2022-03-14 12:21:31,240 [grpc-default-executor-1] INFO  server.RaftServer$Division (RaftServerImpl.java:checkInconsistentAppendEntries(1288)) - omNode-1@group-523986131536: inconsistency entries. Reply:omNode-3<-omNode-1#9041:FAIL-t6,INCONSISTENCY,nextIndex=19,followerCommit=18
2022-03-14 12:21:31,240 [grpc-default-executor-1] INFO  leader.FollowerInfo (FollowerInfoImpl.java:lambda$new$0(47)) - omNode-3@group-523986131536->omNode-1: nextIndex: updateUnconditionally 29 -> 19
2022-03-14 12:21:31,741 [grpc-default-executor-1] INFO  server.RaftServer$Division (RaftServerImpl.java:checkInconsistentAppendEntries(1322)) - omNode-1@group-523986131536: Failed appendEntries as previous log entry ((t:6, i:28)) is not found
2022-03-14 12:21:31,741 [grpc-default-executor-1] INFO  server.RaftServer$Division (RaftServerImpl.java:checkInconsistentAppendEntries(1288)) - omNode-1@group-523986131536: inconsistency entries. Reply:omNode-3<-omNode-1#9092:FAIL-t6,INCONSISTENCY,nextIndex=19,followerCommit=18
2022-03-14 12:21:31,742 [grpc-default-executor-1] INFO  leader.FollowerInfo (FollowerInfoImpl.java:lambda$new$0(47)) - omNode-3@group-523986131536->omNode-1: nextIndex: updateUnconditionally 29 -> 19
2022-03-14 12:21:32,243 [grpc-default-executor-1] INFO  server.RaftServer$Division (RaftServerImpl.java:checkInconsistentAppendEntries(1322)) - omNode-1@group-523986131536: Failed appendEntries as previous log entry ((t:6, i:28)) is not found
2022-03-14 12:21:32,244 [grpc-default-executor-1] INFO  server.RaftServer$Division (RaftServerImpl.java:checkInconsistentAppendEntries(1288)) - omNode-1@group-523986131536: inconsistency entries. Reply:omNode-3<-omNode-1#9143:FAIL-t6,INCONSISTENCY,nextIndex=19,followerCommit=18
2022-03-14 12:21:32,244 [grpc-default-executor-1] INFO  leader.FollowerInfo (FollowerInfoImpl.java:lambda$new$0(47)) - omNode-3@group-523986131536->omNode-1: nextIndex: updateUnconditionally 29 -> 19
2022-03-14 12:21:32,744 [grpc-default-executor-1] INFO  server.RaftServer$Division (RaftServerImpl.java:checkInconsistentAppendEntries(1322)) - omNode-1@group-523986131536: Failed appendEntries as previous log entry ((t:6, i:28)) is not found
2022-03-14 12:21:32,745 [grpc-default-executor-1] INFO  server.RaftServer$Division (RaftServerImpl.java:checkInconsistentAppendEntries(1288)) - omNode-1@group-523986131536: inconsistency entries. Reply:omNode-3<-omNode-1#9194:FAIL-t6,INCONSISTENCY,nextIndex=19,followerCommit=18
2022-03-14 12:21:32,745 [grpc-default-executor-1] INFO  leader.FollowerInfo (FollowerInfoImpl.java:lambda$new$0(47)) - omNode-3@group-523986131536->omNode-1: nextIndex: updateUnconditionally 29 -> 19
2022-03-14 12:21:33,246 [grpc-default-executor-1] INFO  server.RaftServer$Division (RaftServerImpl.java:checkInconsistentAppendEntries(1322)) - omNode-1@group-523986131536: Failed appendEntries as previous log entry ((t:6, i:28)) is not found
2022-03-14 12:21:33,246 [grpc-default-executor-1] INFO  server.RaftServer$Division (RaftServerImpl.java:checkInconsistentAppendEntries(1288)) - omNode-1@group-523986131536: inconsistency entries. Reply:omNode-3<-omNode-1#9245:FAIL-t6,INCONSISTENCY,nextIndex=19,followerCommit=18
2022-03-14 12:21:33,247 [grpc-default-executor-1] INFO  leader.FollowerInfo (FollowerInfoImpl.java:lambda$new$0(47)) - omNode-3@group-523986131536->omNode-1: nextIndex: updateUnconditionally 29 -> 19
2022-03-14 12:21:33,747 [grpc-default-executor-1] INFO  server.RaftServer$Division (RaftServerImpl.java:checkInconsistentAppendEntries(1322)) - omNode-1@group-523986131536: Failed appendEntries as previous log entry ((t:6, i:28)) is not found
2022-03-14 12:21:33,748 [grpc-default-executor-1] INFO  server.RaftServer$Division (RaftServerImpl.java:checkInconsistentAppendEntries(1288)) - omNode-1@group-523986131536: inconsistency entries. Reply:omNode-3<-omNode-1#9296:FAIL-t6,INCONSISTENCY,nextIndex=19,followerCommit=18
2022-03-14 12:21:33,748 [grpc-default-executor-1] INFO  leader.FollowerInfo (FollowerInfoImpl.java:lambda$new$0(47)) - omNode-3@group-523986131536->omNode-1: nextIndex: updateUnconditionally 29 -> 19
2022-03-14 12:21:34,569 [org.apache.ratis.util.JvmPauseMonitor$$Lambda$422/892611887@300b0b52] WARN  util.JvmPauseMonitor (JvmPauseMonitor.java:detectPause(124)) - JvmPauseMonitor-3d74c5ad-bb9c-4739-895f-0556a3b9901a: Detected pause in JVM or host machine (eg GC): pause of approximately 218917235ns.
GC pool 'PS MarkSweep' had collection(s): count=1 time=215ms
GC pool 'PS Scavenge' had collection(s): count=1 time=91ms
2022-03-14 12:21:34,570 [grpc-default-executor-1] INFO  server.RaftServer$Division (RaftServerImpl.java:checkInconsistentAppendEntries(1322)) - omNode-1@group-523986131536: Failed appendEntries as previous log entry ((t:6, i:28)) is not found
2022-03-14 12:21:34,570 [grpc-default-executor-1] INFO  server.RaftServer$Division (RaftServerImpl.java:checkInconsistentAppendEntries(1288)) - omNode-1@group-523986131536: inconsistency entries. Reply:omNode-3<-omNode-1#9347:FAIL-t6,INCONSISTENCY,nextIndex=19,followerCommit=18
2022-03-14 12:21:34,569 [org.apache.ratis.util.JvmPauseMonitor$$Lambda$422/892611887@31de8a79] WARN  util.JvmPauseMonitor (JvmPauseMonitor.java:detectPause(124)) - JvmPauseMonitor-omNode-2: Detected pause in JVM or host machine (eg GC): pause of approximately 218947536ns.
GC pool 'PS MarkSweep' had collection(s): count=1 time=215ms
GC pool 'PS Scavenge' had collection(s): count=1 time=91ms
2022-03-14 12:21:34,569 [org.apache.ratis.util.JvmPauseMonitor$$Lambda$422/892611887@7a600e21] WARN  util.JvmPauseMonitor (JvmPauseMonitor.java:detectPause(124)) - JvmPauseMonitor-abc8918d-16fb-4660-8109-f5bf0640b8c5: Detected pause in JVM or host machine (eg GC): pause of approximately 257985082ns.
GC pool 'PS MarkSweep' had collection(s): count=1 time=215ms
GC pool 'PS Scavenge' had collection(s): count=1 time=91ms
2022-03-14 12:21:34,569 [org.apache.ratis.util.JvmPauseMonitor$$Lambda$422/892611887@7aa8ff33] WARN  util.JvmPauseMonitor (JvmPauseMonitor.java:detectPause(124)) - JvmPauseMonitor-2f089a79-715b-4bd1-9f38-6af58c65be05: Detected pause in JVM or host machine (eg GC): pause of approximately 286918085ns.
GC pool 'PS MarkSweep' had collection(s): count=1 time=215ms
GC pool 'PS Scavenge' had collection(s): count=1 time=91ms
2022-03-14 12:21:34,570 [grpc-default-executor-1] INFO  leader.FollowerInfo (FollowerInfoImpl.java:lambda$new$0(47)) - omNode-3@group-523986131536->omNode-1: nextIndex: updateUnconditionally 29 -> 19
2022-03-14 12:21:35,072 [grpc-default-executor-7] INFO  server.RaftServer$Division (RaftServerImpl.java:checkInconsistentAppendEntries(1322)) - omNode-1@group-523986131536: Failed appendEntries as previous log entry ((t:6, i:28)) is not found
2022-03-14 12:21:35,072 [grpc-default-executor-7] INFO  server.RaftServer$Division (RaftServerImpl.java:checkInconsistentAppendEntries(1288)) - omNode-1@group-523986131536: inconsistency entries. Reply:omNode-3<-omNode-1#9398:FAIL-t6,INCONSISTENCY,nextIndex=19,followerCommit=18
2022-03-14 12:21:35,072 [grpc-default-executor-7] INFO  leader.FollowerInfo (FollowerInfoImpl.java:lambda$new$0(47)) - omNode-3@group-523986131536->omNode-1: nextIndex: updateUnconditionally 29 -> 19
2022-03-14 12:21:35,574 [grpc-default-executor-7] INFO  server.RaftServer$Division (RaftServerImpl.java:checkInconsistentAppendEntries(1322)) - omNode-1@group-523986131536: Failed appendEntries as previous log entry ((t:6, i:28)) is not found
2022-03-14 12:21:35,574 [grpc-default-executor-7] INFO  server.RaftServer$Division (RaftServerImpl.java:checkInconsistentAppendEntries(1288)) - omNode-1@group-523986131536: inconsistency entries. Reply:omNode-3<-omNode-1#9449:FAIL-t6,INCONSISTENCY,nextIndex=19,followerCommit=18
2022-03-14 12:21:35,574 [grpc-default-executor-7] INFO  leader.FollowerInfo (FollowerInfoImpl.java:lambda$new$0(47)) - omNode-3@group-523986131536->omNode-1: nextIndex: updateUnconditionally 29 -> 19
2022-03-14 12:21:36,076 [grpc-default-executor-7] INFO  server.RaftServer$Division (RaftServerImpl.java:checkInconsistentAppendEntries(1322)) - omNode-1@group-523986131536: Failed appendEntries as previous log entry ((t:6, i:28)) is not found
2022-03-14 12:21:36,076 [grpc-default-executor-7] INFO  server.RaftServer$Division (RaftServerImpl.java:checkInconsistentAppendEntries(1288)) - omNode-1@group-523986131536: inconsistency entries. Reply:omNode-3<-omNode-1#9500:FAIL-t6,INCONSISTENCY,nextIndex=19,followerCommit=18
2022-03-14 12:21:36,076 [grpc-default-executor-7] INFO  leader.FollowerInfo (FollowerInfoImpl.java:lambda$new$0(47)) - omNode-3@group-523986131536->omNode-1: nextIndex: updateUnconditionally 29 -> 19
2022-03-14 12:21:36,578 [grpc-default-executor-7] INFO  server.RaftServer$Division (RaftServerImpl.java:checkInconsistentAppendEntries(1322)) - omNode-1@group-523986131536: Failed appendEntries as previous log entry ((t:6, i:28)) is not found
2022-03-14 12:21:36,578 [grpc-default-executor-7] INFO  server.RaftServer$Division (RaftServerImpl.java:checkInconsistentAppendEntries(1288)) - omNode-1@group-523986131536: inconsistency entries. Reply:omNode-3<-omNode-1#9551:FAIL-t6,INCONSISTENCY,nextIndex=19,followerCommit=18
2022-03-14 12:21:36,578 [grpc-default-executor-7] INFO  leader.FollowerInfo (FollowerInfoImpl.java:lambda$new$0(47)) - omNode-3@group-523986131536->omNode-1: nextIndex: updateUnconditionally 29 -> 19
2022-03-14 12:21:37,079 [grpc-default-executor-7] INFO  server.RaftServer$Division (RaftServerImpl.java:checkInconsistentAppendEntries(1322)) - omNode-1@group-523986131536: Failed appendEntries as previous log entry ((t:6, i:28)) is not found
2022-03-14 12:21:37,079 [grpc-default-executor-7] INFO  server.RaftServer$Division (RaftServerImpl.java:checkInconsistentAppendEntries(1288)) - omNode-1@group-523986131536: inconsistency entries. Reply:omNode-3<-omNode-1#9602:FAIL-t6,INCONSISTENCY,nextIndex=19,followerCommit=18
2022-03-14 12:21:37,080 [grpc-default-executor-7] INFO  leader.FollowerInfo (FollowerInfoImpl.java:lambda$new$0(47)) - omNode-3@group-523986131536->omNode-1: nextIndex: updateUnconditionally 29 -> 19
2022-03-14 12:21:37,581 [grpc-default-executor-7] INFO  server.RaftServer$Division (RaftServerImpl.java:checkInconsistentAppendEntries(1322)) - omNode-1@group-523986131536: Failed appendEntries as previous log entry ((t:6, i:28)) is not found
2022-03-14 12:21:37,581 [grpc-default-executor-7] INFO  server.RaftServer$Division (RaftServerImpl.java:checkInconsistentAppendEntries(1288)) - omNode-1@group-523986131536: inconsistency entries. Reply:omNode-3<-omNode-1#9653:FAIL-t6,INCONSISTENCY,nextIndex=19,followerCommit=18
2022-03-14 12:21:37,581 [grpc-default-executor-7] INFO  leader.FollowerInfo (FollowerInfoImpl.java:lambda$new$0(47)) - omNode-3@group-523986131536->omNode-1: nextIndex: updateUnconditionally 29 -> 19
2022-03-14 12:21:38,082 [grpc-default-executor-7] INFO  server.RaftServer$Division (RaftServerImpl.java:checkInconsistentAppendEntries(1322)) - omNode-1@group-523986131536: Failed appendEntries as previous log entry ((t:6, i:28)) is not found
2022-03-14 12:21:38,082 [grpc-default-executor-7] INFO  server.RaftServer$Division (RaftServerImpl.java:checkInconsistentAppendEntries(1288)) - omNode-1@group-523986131536: inconsistency entries. Reply:omNode-3<-omNode-1#9704:FAIL-t6,INCONSISTENCY,nextIndex=19,followerCommit=18
2022-03-14 12:21:38,083 [grpc-default-executor-7] INFO  leader.FollowerInfo (FollowerInfoImpl.java:lambda$new$0(47)) - omNode-3@group-523986131536->omNode-1: nextIndex: updateUnconditionally 29 -> 19
2022-03-14 12:21:38,584 [grpc-default-executor-7] INFO  server.RaftServer$Division (RaftServerImpl.java:checkInconsistentAppendEntries(1322)) - omNode-1@group-523986131536: Failed appendEntries as previous log entry ((t:6, i:28)) is not found
2022-03-14 12:21:38,584 [grpc-default-executor-7] INFO  server.RaftServer$Division (RaftServerImpl.java:checkInconsistentAppendEntries(1288)) - omNode-1@group-523986131536: inconsistency entries. Reply:omNode-3<-omNode-1#9755:FAIL-t6,INCONSISTENCY,nextIndex=19,followerCommit=18
2022-03-14 12:21:38,584 [grpc-default-executor-7] INFO  leader.FollowerInfo (FollowerInfoImpl.java:lambda$new$0(47)) - omNode-3@group-523986131536->omNode-1: nextIndex: updateUnconditionally 29 -> 19
2022-03-14 12:21:39,086 [grpc-default-executor-7] INFO  server.RaftServer$Division (RaftServerImpl.java:checkInconsistentAppendEntries(1322)) - omNode-1@group-523986131536: Failed appendEntries as previous log entry ((t:6, i:28)) is not found
2022-03-14 12:21:39,086 [grpc-default-executor-7] INFO  server.RaftServer$Division (RaftServerImpl.java:checkInconsistentAppendEntries(1288)) - omNode-1@group-523986131536: inconsistency entries. Reply:omNode-3<-omNode-1#9806:FAIL-t6,INCONSISTENCY,nextIndex=19,followerCommit=18
2022-03-14 12:21:39,086 [grpc-default-executor-7] INFO  leader.FollowerInfo (FollowerInfoImpl.java:lambda$new$0(47)) - omNode-3@group-523986131536->omNode-1: nextIndex: updateUnconditionally 29 -> 19
2022-03-14 12:21:39,587 [grpc-default-executor-7] INFO  server.RaftServer$Division (RaftServerImpl.java:checkInconsistentAppendEntries(1322)) - omNode-1@group-523986131536: Failed appendEntries as previous log entry ((t:6, i:28)) is not found
2022-03-14 12:21:39,587 [grpc-default-executor-7] INFO  server.RaftServer$Division (RaftServerImpl.java:checkInconsistentAppendEntries(1288)) - omNode-1@group-523986131536: inconsistency entries. Reply:omNode-3<-omNode-1#9857:FAIL-t6,INCONSISTENCY,nextIndex=19,followerCommit=18
2022-03-14 12:21:39,587 [grpc-default-executor-7] INFO  leader.FollowerInfo (FollowerInfoImpl.java:lambda$new$0(47)) - omNode-3@group-523986131536->omNode-1: nextIndex: updateUnconditionally 29 -> 19
2022-03-14 12:21:40,089 [grpc-default-executor-1] INFO  server.RaftServer$Division (RaftServerImpl.java:checkInconsistentAppendEntries(1322)) - omNode-1@group-523986131536: Failed appendEntries as previous log entry ((t:6, i:28)) is not found
2022-03-14 12:21:40,089 [grpc-default-executor-1] INFO  server.RaftServer$Division (RaftServerImpl.java:checkInconsistentAppendEntries(1288)) - omNode-1@group-523986131536: inconsistency entries. Reply:omNode-3<-omNode-1#9908:FAIL-t6,INCONSISTENCY,nextIndex=19,followerCommit=18
2022-03-14 12:21:40,089 [grpc-default-executor-1] INFO  leader.FollowerInfo (FollowerInfoImpl.java:lambda$new$0(47)) - omNode-3@group-523986131536->omNode-1: nextIndex: updateUnconditionally 29 -> 19
2022-03-14 12:21:40,590 [grpc-default-executor-1] INFO  server.RaftServer$Division (RaftServerImpl.java:checkInconsistentAppendEntries(1322)) - omNode-1@group-523986131536: Failed appendEntries as previous log entry ((t:6, i:28)) is not found
2022-03-14 12:21:40,590 [grpc-default-executor-1] INFO  server.RaftServer$Division (RaftServerImpl.java:checkInconsistentAppendEntries(1288)) - omNode-1@group-523986131536: inconsistency entries. Reply:omNode-3<-omNode-1#9959:FAIL-t6,INCONSISTENCY,nextIndex=19,followerCommit=18
2022-03-14 12:21:40,594 [grpc-default-executor-1] INFO  leader.FollowerInfo (FollowerInfoImpl.java:lambda$new$0(47)) - omNode-3@group-523986131536->omNode-1: nextIndex: updateUnconditionally 29 -> 19
2022-03-14 12:21:41,095 [grpc-default-executor-1] INFO  server.RaftServer$Division (RaftServerImpl.java:checkInconsistentAppendEntries(1322)) - omNode-1@group-523986131536: Failed appendEntries as previous log entry ((t:6, i:28)) is not found
2022-03-14 12:21:41,095 [grpc-default-executor-1] INFO  server.RaftServer$Division (RaftServerImpl.java:checkInconsistentAppendEntries(1288)) - omNode-1@group-523986131536: inconsistency entries. Reply:omNode-3<-omNode-1#10010:FAIL-t6,INCONSISTENCY,nextIndex=19,followerCommit=18
2022-03-14 12:21:41,096 [grpc-default-executor-1] INFO  leader.FollowerInfo (FollowerInfoImpl.java:lambda$new$0(47)) - omNode-3@group-523986131536->omNode-1: nextIndex: updateUnconditionally 29 -> 19
2022-03-14 12:21:41,597 [grpc-default-executor-1] INFO  server.RaftServer$Division (RaftServerImpl.java:checkInconsistentAppendEntries(1322)) - omNode-1@group-523986131536: Failed appendEntries as previous log entry ((t:6, i:28)) is not found
2022-03-14 12:21:41,597 [grpc-default-executor-1] INFO  server.RaftServer$Division (RaftServerImpl.java:checkInconsistentAppendEntries(1288)) - omNode-1@group-523986131536: inconsistency entries. Reply:omNode-3<-omNode-1#10061:FAIL-t6,INCONSISTENCY,nextIndex=19,followerCommit=18
2022-03-14 12:21:41,597 [grpc-default-executor-1] INFO  leader.FollowerInfo (FollowerInfoImpl.java:lambda$new$0(47)) - omNode-3@group-523986131536->omNode-1: nextIndex: updateUnconditionally 29 -> 19
2022-03-14 12:21:42,098 [grpc-default-executor-1] INFO  server.RaftServer$Division (RaftServerImpl.java:checkInconsistentAppendEntries(1322)) - omNode-1@group-523986131536: Failed appendEntries as previous log entry ((t:6, i:28)) is not found
2022-03-14 12:21:42,098 [grpc-default-executor-1] INFO  server.RaftServer$Division (RaftServerImpl.java:checkInconsistentAppendEntries(1288)) - omNode-1@group-523986131536: inconsistency entries. Reply:omNode-3<-omNode-1#10112:FAIL-t6,INCONSISTENCY,nextIndex=19,followerCommit=18
2022-03-14 12:21:42,099 [grpc-default-executor-1] INFO  leader.FollowerInfo (FollowerInfoImpl.java:lambda$new$0(47)) - omNode-3@group-523986131536->omNode-1: nextIndex: updateUnconditionally 29 -> 19
2022-03-14 12:21:42,600 [grpc-default-executor-7] INFO  server.RaftServer$Division (RaftServerImpl.java:checkInconsistentAppendEntries(1322)) - omNode-1@group-523986131536: Failed appendEntries as previous log entry ((t:6, i:28)) is not found
2022-03-14 12:21:42,600 [grpc-default-executor-7] INFO  server.RaftServer$Division (RaftServerImpl.java:checkInconsistentAppendEntries(1288)) - omNode-1@group-523986131536: inconsistency entries. Reply:omNode-3<-omNode-1#10163:FAIL-t6,INCONSISTENCY,nextIndex=19,followerCommit=18
2022-03-14 12:21:42,601 [grpc-default-executor-7] INFO  leader.FollowerInfo (FollowerInfoImpl.java:lambda$new$0(47)) - omNode-3@group-523986131536->omNode-1: nextIndex: updateUnconditionally 29 -> 19
2022-03-14 12:21:43,102 [grpc-default-executor-7] INFO  server.RaftServer$Division (RaftServerImpl.java:checkInconsistentAppendEntries(1322)) - omNode-1@group-523986131536: Failed appendEntries as previous log entry ((t:6, i:28)) is not found
2022-03-14 12:21:43,103 [grpc-default-executor-7] INFO  server.RaftServer$Division (RaftServerImpl.java:checkInconsistentAppendEntries(1288)) - omNode-1@group-523986131536: inconsistency entries. Reply:omNode-3<-omNode-1#10214:FAIL-t6,INCONSISTENCY,nextIndex=19,followerCommit=18
2022-03-14 12:21:43,103 [grpc-default-executor-7] INFO  leader.FollowerInfo (FollowerInfoImpl.java:lambda$new$0(47)) - omNode-3@group-523986131536->omNode-1: nextIndex: updateUnconditionally 29 -> 19
2022-03-14 12:21:43,605 [grpc-default-executor-7] INFO  server.RaftServer$Division (RaftServerImpl.java:checkInconsistentAppendEntries(1322)) - omNode-1@group-523986131536: Failed appendEntries as previous log entry ((t:6, i:28)) is not found
2022-03-14 12:21:43,605 [grpc-default-executor-7] INFO  server.RaftServer$Division (RaftServerImpl.java:checkInconsistentAppendEntries(1288)) - omNode-1@group-523986131536: inconsistency entries. Reply:omNode-3<-omNode-1#10265:FAIL-t6,INCONSISTENCY,nextIndex=19,followerCommit=18
2022-03-14 12:21:43,605 [grpc-default-executor-7] INFO  leader.FollowerInfo (FollowerInfoImpl.java:lambda$new$0(47)) - omNode-3@group-523986131536->omNode-1: nextIndex: updateUnconditionally 29 -> 19
2022-03-14 12:21:44,106 [grpc-default-executor-7] INFO  server.RaftServer$Division (RaftServerImpl.java:checkInconsistentAppendEntries(1322)) - omNode-1@group-523986131536: Failed appendEntries as previous log entry ((t:6, i:28)) is not found
2022-03-14 12:21:44,107 [grpc-default-executor-7] INFO  server.RaftServer$Division (RaftServerImpl.java:checkInconsistentAppendEntries(1288)) - omNode-1@group-523986131536: inconsistency entries. Reply:omNode-3<-omNode-1#10316:FAIL-t6,INCONSISTENCY,nextIndex=19,followerCommit=18
2022-03-14 12:21:44,107 [grpc-default-executor-7] INFO  leader.FollowerInfo (FollowerInfoImpl.java:lambda$new$0(47)) - omNode-3@group-523986131536->omNode-1: nextIndex: updateUnconditionally 29 -> 19
2022-03-14 12:21:44,608 [grpc-default-executor-7] INFO  server.RaftServer$Division (RaftServerImpl.java:checkInconsistentAppendEntries(1322)) - omNode-1@group-523986131536: Failed appendEntries as previous log entry ((t:6, i:28)) is not found
2022-03-14 12:21:44,608 [grpc-default-executor-7] INFO  server.RaftServer$Division (RaftServerImpl.java:checkInconsistentAppendEntries(1288)) - omNode-1@group-523986131536: inconsistency entries. Reply:omNode-3<-omNode-1#10367:FAIL-t6,INCONSISTENCY,nextIndex=19,followerCommit=18
2022-03-14 12:21:44,608 [grpc-default-executor-7] INFO  leader.FollowerInfo (FollowerInfoImpl.java:lambda$new$0(47)) - omNode-3@group-523986131536->omNode-1: nextIndex: updateUnconditionally 29 -> 19
2022-03-14 12:21:45,109 [grpc-default-executor-1] INFO  server.RaftServer$Division (RaftServerImpl.java:checkInconsistentAppendEntries(1322)) - omNode-1@group-523986131536: Failed appendEntries as previous log entry ((t:6, i:28)) is not found
2022-03-14 12:21:45,110 [grpc-default-executor-1] INFO  server.RaftServer$Division (RaftServerImpl.java:checkInconsistentAppendEntries(1288)) - omNode-1@group-523986131536: inconsistency entries. Reply:omNode-3<-omNode-1#10418:FAIL-t6,INCONSISTENCY,nextIndex=19,followerCommit=18
2022-03-14 12:21:45,110 [grpc-default-executor-1] INFO  leader.FollowerInfo (FollowerInfoImpl.java:lambda$new$0(47)) - omNode-3@group-523986131536->omNode-1: nextIndex: updateUnconditionally 29 -> 19
2022-03-14 12:21:45,611 [grpc-default-executor-1] INFO  server.RaftServer$Division (RaftServerImpl.java:checkInconsistentAppendEntries(1322)) - omNode-1@group-523986131536: Failed appendEntries as previous log entry ((t:6, i:28)) is not found
2022-03-14 12:21:45,611 [grpc-default-executor-1] INFO  server.RaftServer$Division (RaftServerImpl.java:checkInconsistentAppendEntries(1288)) - omNode-1@group-523986131536: inconsistency entries. Reply:omNode-3<-omNode-1#10469:FAIL-t6,INCONSISTENCY,nextIndex=19,followerCommit=18
2022-03-14 12:21:45,611 [grpc-default-executor-1] INFO  leader.FollowerInfo (FollowerInfoImpl.java:lambda$new$0(47)) - omNode-3@group-523986131536->omNode-1: nextIndex: updateUnconditionally 29 -> 19
2022-03-14 12:21:46,112 [grpc-default-executor-1] INFO  server.RaftServer$Division (RaftServerImpl.java:checkInconsistentAppendEntries(1322)) - omNode-1@group-523986131536: Failed appendEntries as previous log entry ((t:6, i:28)) is not found
2022-03-14 12:21:46,113 [grpc-default-executor-1] INFO  server.RaftServer$Division (RaftServerImpl.java:checkInconsistentAppendEntries(1288)) - omNode-1@group-523986131536: inconsistency entries. Reply:omNode-3<-omNode-1#10520:FAIL-t6,INCONSISTENCY,nextIndex=19,followerCommit=18
2022-03-14 12:21:46,113 [grpc-default-executor-1] INFO  leader.FollowerInfo (FollowerInfoImpl.java:lambda$new$0(47)) - omNode-3@group-523986131536->omNode-1: nextIndex: updateUnconditionally 29 -> 19
2022-03-14 12:21:46,614 [grpc-default-executor-1] INFO  server.RaftServer$Division (RaftServerImpl.java:checkInconsistentAppendEntries(1322)) - omNode-1@group-523986131536: Failed appendEntries as previous log entry ((t:6, i:28)) is not found
2022-03-14 12:21:46,614 [grpc-default-executor-1] INFO  server.RaftServer$Division (RaftServerImpl.java:checkInconsistentAppendEntries(1288)) - omNode-1@group-523986131536: inconsistency entries. Reply:omNode-3<-omNode-1#10571:FAIL-t6,INCONSISTENCY,nextIndex=19,followerCommit=18
2022-03-14 12:21:46,615 [grpc-default-executor-1] INFO  leader.FollowerInfo (FollowerInfoImpl.java:lambda$new$0(47)) - omNode-3@group-523986131536->omNode-1: nextIndex: updateUnconditionally 29 -> 19
2022-03-14 12:21:47,116 [grpc-default-executor-1] INFO  server.RaftServer$Division (RaftServerImpl.java:checkInconsistentAppendEntries(1322)) - omNode-1@group-523986131536: Failed appendEntries as previous log entry ((t:6, i:28)) is not found
2022-03-14 12:21:47,116 [grpc-default-executor-1] INFO  server.RaftServer$Division (RaftServerImpl.java:checkInconsistentAppendEntries(1288)) - omNode-1@group-523986131536: inconsistency entries. Reply:omNode-3<-omNode-1#10622:FAIL-t6,INCONSISTENCY,nextIndex=19,followerCommit=18
2022-03-14 12:21:47,116 [grpc-default-executor-1] INFO  leader.FollowerInfo (FollowerInfoImpl.java:lambda$new$0(47)) - omNode-3@group-523986131536->omNode-1: nextIndex: updateUnconditionally 29 -> 19
2022-03-14 12:21:47,617 [grpc-default-executor-1] INFO  server.RaftServer$Division (RaftServerImpl.java:checkInconsistentAppendEntries(1322)) - omNode-1@group-523986131536: Failed appendEntries as previous log entry ((t:6, i:28)) is not found
2022-03-14 12:21:47,618 [grpc-default-executor-1] INFO  server.RaftServer$Division (RaftServerImpl.java:checkInconsistentAppendEntries(1288)) - omNode-1@group-523986131536: inconsistency entries. Reply:omNode-3<-omNode-1#10673:FAIL-t6,INCONSISTENCY,nextIndex=19,followerCommit=18
2022-03-14 12:21:47,618 [grpc-default-executor-1] INFO  leader.FollowerInfo (FollowerInfoImpl.java:lambda$new$0(47)) - omNode-3@group-523986131536->omNode-1: nextIndex: updateUnconditionally 29 -> 19
2022-03-14 12:21:48,120 [grpc-default-executor-1] INFO  server.RaftServer$Division (RaftServerImpl.java:checkInconsistentAppendEntries(1322)) - omNode-1@group-523986131536: Failed appendEntries as previous log entry ((t:6, i:28)) is not found
2022-03-14 12:21:48,120 [grpc-default-executor-1] INFO  server.RaftServer$Division (RaftServerImpl.java:checkInconsistentAppendEntries(1288)) - omNode-1@group-523986131536: inconsistency entries. Reply:omNode-3<-omNode-1#10724:FAIL-t6,INCONSISTENCY,nextIndex=19,followerCommit=18
2022-03-14 12:21:48,120 [grpc-default-executor-1] INFO  leader.FollowerInfo (FollowerInfoImpl.java:lambda$new$0(47)) - omNode-3@group-523986131536->omNode-1: nextIndex: updateUnconditionally 29 -> 19
2022-03-14 12:21:48,621 [grpc-default-executor-1] INFO  server.RaftServer$Division (RaftServerImpl.java:checkInconsistentAppendEntries(1322)) - omNode-1@group-523986131536: Failed appendEntries as previous log entry ((t:6, i:28)) is not found
2022-03-14 12:21:48,621 [grpc-default-executor-1] INFO  server.RaftServer$Division (RaftServerImpl.java:checkInconsistentAppendEntries(1288)) - omNode-1@group-523986131536: inconsistency entries. Reply:omNode-3<-omNode-1#10775:FAIL-t6,INCONSISTENCY,nextIndex=19,followerCommit=18
2022-03-14 12:21:48,622 [grpc-default-executor-1] INFO  leader.FollowerInfo (FollowerInfoImpl.java:lambda$new$0(47)) - omNode-3@group-523986131536->omNode-1: nextIndex: updateUnconditionally 29 -> 19
2022-03-14 12:21:49,123 [grpc-default-executor-1] INFO  server.RaftServer$Division (RaftServerImpl.java:checkInconsistentAppendEntries(1322)) - omNode-1@group-523986131536: Failed appendEntries as previous log entry ((t:6, i:28)) is not found
2022-03-14 12:21:49,123 [grpc-default-executor-1] INFO  server.RaftServer$Division (RaftServerImpl.java:checkInconsistentAppendEntries(1288)) - omNode-1@group-523986131536: inconsistency entries. Reply:omNode-3<-omNode-1#10826:FAIL-t6,INCONSISTENCY,nextIndex=19,followerCommit=18
2022-03-14 12:21:49,124 [grpc-default-executor-1] INFO  leader.FollowerInfo (FollowerInfoImpl.java:lambda$new$0(47)) - omNode-3@group-523986131536->omNode-1: nextIndex: updateUnconditionally 29 -> 19
2022-03-14 12:21:49,625 [grpc-default-executor-1] INFO  server.RaftServer$Division (RaftServerImpl.java:checkInconsistentAppendEntries(1322)) - omNode-1@group-523986131536: Failed appendEntries as previous log entry ((t:6, i:28)) is not found
2022-03-14 12:21:49,625 [grpc-default-executor-1] INFO  server.RaftServer$Division (RaftServerImpl.java:checkInconsistentAppendEntries(1288)) - omNode-1@group-523986131536: inconsistency entries. Reply:omNode-3<-omNode-1#10877:FAIL-t6,INCONSISTENCY,nextIndex=19,followerCommit=18
2022-03-14 12:21:49,625 [grpc-default-executor-1] INFO  leader.FollowerInfo (FollowerInfoImpl.java:lambda$new$0(47)) - omNode-3@group-523986131536->omNode-1: nextIndex: updateUnconditionally 29 -> 19
2022-03-14 12:21:50,127 [grpc-default-executor-1] INFO  server.RaftServer$Division (RaftServerImpl.java:checkInconsistentAppendEntries(1322)) - omNode-1@group-523986131536: Failed appendEntries as previous log entry ((t:6, i:28)) is not found
2022-03-14 12:21:50,127 [grpc-default-executor-1] INFO  server.RaftServer$Division (RaftServerImpl.java:checkInconsistentAppendEntries(1288)) - omNode-1@group-523986131536: inconsistency entries. Reply:omNode-3<-omNode-1#10928:FAIL-t6,INCONSISTENCY,nextIndex=19,followerCommit=18
2022-03-14 12:21:50,127 [grpc-default-executor-1] INFO  leader.FollowerInfo (FollowerInfoImpl.java:lambda$new$0(47)) - omNode-3@group-523986131536->omNode-1: nextIndex: updateUnconditionally 29 -> 19
2022-03-14 12:21:50,628 [grpc-default-executor-1] INFO  server.RaftServer$Division (RaftServerImpl.java:checkInconsistentAppendEntries(1322)) - omNode-1@group-523986131536: Failed appendEntries as previous log entry ((t:6, i:28)) is not found
2022-03-14 12:21:50,629 [grpc-default-executor-1] INFO  server.RaftServer$Division (RaftServerImpl.java:checkInconsistentAppendEntries(1288)) - omNode-1@group-523986131536: inconsistency entries. Reply:omNode-3<-omNode-1#10979:FAIL-t6,INCONSISTENCY,nextIndex=19,followerCommit=18
2022-03-14 12:21:50,629 [grpc-default-executor-1] INFO  leader.FollowerInfo (FollowerInfoImpl.java:lambda$new$0(47)) - omNode-3@group-523986131536->omNode-1: nextIndex: updateUnconditionally 29 -> 19
2022-03-14 12:21:51,130 [grpc-default-executor-1] INFO  server.RaftServer$Division (RaftServerImpl.java:checkInconsistentAppendEntries(1322)) - omNode-1@group-523986131536: Failed appendEntries as previous log entry ((t:6, i:28)) is not found
2022-03-14 12:21:51,130 [grpc-default-executor-1] INFO  server.RaftServer$Division (RaftServerImpl.java:checkInconsistentAppendEntries(1288)) - omNode-1@group-523986131536: inconsistency entries. Reply:omNode-3<-omNode-1#11030:FAIL-t6,INCONSISTENCY,nextIndex=19,followerCommit=18
2022-03-14 12:21:51,130 [grpc-default-executor-1] INFO  leader.FollowerInfo (FollowerInfoImpl.java:lambda$new$0(47)) - omNode-3@group-523986131536->omNode-1: nextIndex: updateUnconditionally 29 -> 19
2022-03-14 12:21:51,632 [grpc-default-executor-1] INFO  server.RaftServer$Division (RaftServerImpl.java:checkInconsistentAppendEntries(1322)) - omNode-1@group-523986131536: Failed appendEntries as previous log entry ((t:6, i:28)) is not found
2022-03-14 12:21:51,632 [grpc-default-executor-1] INFO  server.RaftServer$Division (RaftServerImpl.java:checkInconsistentAppendEntries(1288)) - omNode-1@group-523986131536: inconsistency entries. Reply:omNode-3<-omNode-1#11081:FAIL-t6,INCONSISTENCY,nextIndex=19,followerCommit=18
2022-03-14 12:21:51,632 [grpc-default-executor-1] INFO  leader.FollowerInfo (FollowerInfoImpl.java:lambda$new$0(47)) - omNode-3@group-523986131536->omNode-1: nextIndex: updateUnconditionally 29 -> 19
2022-03-14 12:21:52,134 [grpc-default-executor-1] INFO  server.RaftServer$Division (RaftServerImpl.java:checkInconsistentAppendEntries(1322)) - omNode-1@group-523986131536: Failed appendEntries as previous log entry ((t:6, i:28)) is not found
2022-03-14 12:21:52,134 [grpc-default-executor-1] INFO  server.RaftServer$Division (RaftServerImpl.java:checkInconsistentAppendEntries(1288)) - omNode-1@group-523986131536: inconsistency entries. Reply:omNode-3<-omNode-1#11132:FAIL-t6,INCONSISTENCY,nextIndex=19,followerCommit=18
2022-03-14 12:21:52,134 [grpc-default-executor-1] INFO  leader.FollowerInfo (FollowerInfoImpl.java:lambda$new$0(47)) - omNode-3@group-523986131536->omNode-1: nextIndex: updateUnconditionally 29 -> 19
2022-03-14 12:21:52,635 [grpc-default-executor-7] INFO  server.RaftServer$Division (RaftServerImpl.java:checkInconsistentAppendEntries(1322)) - omNode-1@group-523986131536: Failed appendEntries as previous log entry ((t:6, i:28)) is not found
2022-03-14 12:21:52,636 [grpc-default-executor-7] INFO  server.RaftServer$Division (RaftServerImpl.java:checkInconsistentAppendEntries(1288)) - omNode-1@group-523986131536: inconsistency entries. Reply:omNode-3<-omNode-1#11183:FAIL-t6,INCONSISTENCY,nextIndex=19,followerCommit=18
2022-03-14 12:21:52,636 [grpc-default-executor-7] INFO  leader.FollowerInfo (FollowerInfoImpl.java:lambda$new$0(47)) - omNode-3@group-523986131536->omNode-1: nextIndex: updateUnconditionally 29 -> 19
2022-03-14 12:21:53,138 [grpc-default-executor-7] INFO  server.RaftServer$Division (RaftServerImpl.java:checkInconsistentAppendEntries(1322)) - omNode-1@group-523986131536: Failed appendEntries as previous log entry ((t:6, i:28)) is not found
2022-03-14 12:21:53,138 [grpc-default-executor-7] INFO  server.RaftServer$Division (RaftServerImpl.java:checkInconsistentAppendEntries(1288)) - omNode-1@group-523986131536: inconsistency entries. Reply:omNode-3<-omNode-1#11234:FAIL-t6,INCONSISTENCY,nextIndex=19,followerCommit=18
2022-03-14 12:21:53,138 [grpc-default-executor-7] INFO  leader.FollowerInfo (FollowerInfoImpl.java:lambda$new$0(47)) - omNode-3@group-523986131536->omNode-1: nextIndex: updateUnconditionally 29 -> 19
2022-03-14 12:21:53,640 [grpc-default-executor-7] INFO  server.RaftServer$Division (RaftServerImpl.java:checkInconsistentAppendEntries(1322)) - omNode-1@group-523986131536: Failed appendEntries as previous log entry ((t:6, i:28)) is not found
2022-03-14 12:21:53,640 [grpc-default-executor-7] INFO  server.RaftServer$Division (RaftServerImpl.java:checkInconsistentAppendEntries(1288)) - omNode-1@group-523986131536: inconsistency entries. Reply:omNode-3<-omNode-1#11285:FAIL-t6,INCONSISTENCY,nextIndex=19,followerCommit=18
2022-03-14 12:21:53,640 [grpc-default-executor-7] INFO  leader.FollowerInfo (FollowerInfoImpl.java:lambda$new$0(47)) - omNode-3@group-523986131536->omNode-1: nextIndex: updateUnconditionally 29 -> 19
2022-03-14 12:21:54,141 [grpc-default-executor-7] INFO  server.RaftServer$Division (RaftServerImpl.java:checkInconsistentAppendEntries(1322)) - omNode-1@group-523986131536: Failed appendEntries as previous log entry ((t:6, i:28)) is not found
2022-03-14 12:21:54,142 [grpc-default-executor-7] INFO  server.RaftServer$Division (RaftServerImpl.java:checkInconsistentAppendEntries(1288)) - omNode-1@group-523986131536: inconsistency entries. Reply:omNode-3<-omNode-1#11336:FAIL-t6,INCONSISTENCY,nextIndex=19,followerCommit=18
2022-03-14 12:21:54,142 [grpc-default-executor-7] INFO  leader.FollowerInfo (FollowerInfoImpl.java:lambda$new$0(47)) - omNode-3@group-523986131536->omNode-1: nextIndex: updateUnconditionally 29 -> 19
2022-03-14 12:21:54,643 [grpc-default-executor-7] INFO  server.RaftServer$Division (RaftServerImpl.java:checkInconsistentAppendEntries(1322)) - omNode-1@group-523986131536: Failed appendEntries as previous log entry ((t:6, i:28)) is not found
2022-03-14 12:21:54,644 [grpc-default-executor-7] INFO  server.RaftServer$Division (RaftServerImpl.java:checkInconsistentAppendEntries(1288)) - omNode-1@group-523986131536: inconsistency entries. Reply:omNode-3<-omNode-1#11387:FAIL-t6,INCONSISTENCY,nextIndex=19,followerCommit=18
2022-03-14 12:21:54,644 [grpc-default-executor-7] INFO  leader.FollowerInfo (FollowerInfoImpl.java:lambda$new$0(47)) - omNode-3@group-523986131536->omNode-1: nextIndex: updateUnconditionally 29 -> 19
2022-03-14 12:21:55,146 [grpc-default-executor-1] INFO  server.RaftServer$Division (RaftServerImpl.java:checkInconsistentAppendEntries(1322)) - omNode-1@group-523986131536: Failed appendEntries as previous log entry ((t:6, i:28)) is not found
2022-03-14 12:21:55,146 [grpc-default-executor-1] INFO  server.RaftServer$Division (RaftServerImpl.java:checkInconsistentAppendEntries(1288)) - omNode-1@group-523986131536: inconsistency entries. Reply:omNode-3<-omNode-1#11438:FAIL-t6,INCONSISTENCY,nextIndex=19,followerCommit=18
2022-03-14 12:21:55,146 [grpc-default-executor-1] INFO  leader.FollowerInfo (FollowerInfoImpl.java:lambda$new$0(47)) - omNode-3@group-523986131536->omNode-1: nextIndex: updateUnconditionally 29 -> 19
2022-03-14 12:21:55,648 [grpc-default-executor-1] INFO  server.RaftServer$Division (RaftServerImpl.java:checkInconsistentAppendEntries(1322)) - omNode-1@group-523986131536: Failed appendEntries as previous log entry ((t:6, i:28)) is not found
2022-03-14 12:21:55,648 [grpc-default-executor-1] INFO  server.RaftServer$Division (RaftServerImpl.java:checkInconsistentAppendEntries(1288)) - omNode-1@group-523986131536: inconsistency entries. Reply:omNode-3<-omNode-1#11489:FAIL-t6,INCONSISTENCY,nextIndex=19,followerCommit=18
2022-03-14 12:21:55,648 [grpc-default-executor-1] INFO  leader.FollowerInfo (FollowerInfoImpl.java:lambda$new$0(47)) - omNode-3@group-523986131536->omNode-1: nextIndex: updateUnconditionally 29 -> 19
2022-03-14 12:21:56,150 [grpc-default-executor-1] INFO  server.RaftServer$Division (RaftServerImpl.java:checkInconsistentAppendEntries(1322)) - omNode-1@group-523986131536: Failed appendEntries as previous log entry ((t:6, i:28)) is not found
2022-03-14 12:21:56,150 [grpc-default-executor-1] INFO  server.RaftServer$Division (RaftServerImpl.java:checkInconsistentAppendEntries(1288)) - omNode-1@group-523986131536: inconsistency entries. Reply:omNode-3<-omNode-1#11540:FAIL-t6,INCONSISTENCY,nextIndex=19,followerCommit=18
2022-03-14 12:21:56,150 [grpc-default-executor-1] INFO  leader.FollowerInfo (FollowerInfoImpl.java:lambda$new$0(47)) - omNode-3@group-523986131536->omNode-1: nextIndex: updateUnconditionally 29 -> 19
2022-03-14 12:21:56,652 [grpc-default-executor-1] INFO  server.RaftServer$Division (RaftServerImpl.java:checkInconsistentAppendEntries(1322)) - omNode-1@group-523986131536: Failed appendEntries as previous log entry ((t:6, i:28)) is not found
2022-03-14 12:21:56,652 [grpc-default-executor-1] INFO  server.RaftServer$Division (RaftServerImpl.java:checkInconsistentAppendEntries(1288)) - omNode-1@group-523986131536: inconsistency entries. Reply:omNode-3<-omNode-1#11591:FAIL-t6,INCONSISTENCY,nextIndex=19,followerCommit=18
2022-03-14 12:21:56,652 [grpc-default-executor-1] INFO  leader.FollowerInfo (FollowerInfoImpl.java:lambda$new$0(47)) - omNode-3@group-523986131536->omNode-1: nextIndex: updateUnconditionally 29 -> 19
2022-03-14 12:21:57,154 [grpc-default-executor-1] INFO  server.RaftServer$Division (RaftServerImpl.java:checkInconsistentAppendEntries(1322)) - omNode-1@group-523986131536: Failed appendEntries as previous log entry ((t:6, i:28)) is not found
2022-03-14 12:21:57,154 [grpc-default-executor-1] INFO  server.RaftServer$Division (RaftServerImpl.java:checkInconsistentAppendEntries(1288)) - omNode-1@group-523986131536: inconsistency entries. Reply:omNode-3<-omNode-1#11642:FAIL-t6,INCONSISTENCY,nextIndex=19,followerCommit=18
2022-03-14 12:21:57,154 [grpc-default-executor-1] INFO  leader.FollowerInfo (FollowerInfoImpl.java:lambda$new$0(47)) - omNode-3@group-523986131536->omNode-1: nextIndex: updateUnconditionally 29 -> 19
2022-03-14 12:21:57,655 [grpc-default-executor-1] INFO  server.RaftServer$Division (RaftServerImpl.java:checkInconsistentAppendEntries(1322)) - omNode-1@group-523986131536: Failed appendEntries as previous log entry ((t:6, i:28)) is not found
2022-03-14 12:21:57,655 [grpc-default-executor-1] INFO  server.RaftServer$Division (RaftServerImpl.java:checkInconsistentAppendEntries(1288)) - omNode-1@group-523986131536: inconsistency entries. Reply:omNode-3<-omNode-1#11693:FAIL-t6,INCONSISTENCY,nextIndex=19,followerCommit=18
2022-03-14 12:21:57,655 [grpc-default-executor-1] INFO  leader.FollowerInfo (FollowerInfoImpl.java:lambda$new$0(47)) - omNode-3@group-523986131536->omNode-1: nextIndex: updateUnconditionally 29 -> 19
2022-03-14 12:21:58,156 [grpc-default-executor-1] INFO  server.RaftServer$Division (RaftServerImpl.java:checkInconsistentAppendEntries(1322)) - omNode-1@group-523986131536: Failed appendEntries as previous log entry ((t:6, i:28)) is not found
2022-03-14 12:21:58,156 [grpc-default-executor-1] INFO  server.RaftServer$Division (RaftServerImpl.java:checkInconsistentAppendEntries(1288)) - omNode-1@group-523986131536: inconsistency entries. Reply:omNode-3<-omNode-1#11744:FAIL-t6,INCONSISTENCY,nextIndex=19,followerCommit=18
2022-03-14 12:21:58,157 [grpc-default-executor-1] INFO  leader.FollowerInfo (FollowerInfoImpl.java:lambda$new$0(47)) - omNode-3@group-523986131536->omNode-1: nextIndex: updateUnconditionally 29 -> 19
2022-03-14 12:21:58,658 [grpc-default-executor-1] INFO  server.RaftServer$Division (RaftServerImpl.java:checkInconsistentAppendEntries(1322)) - omNode-1@group-523986131536: Failed appendEntries as previous log entry ((t:6, i:28)) is not found
2022-03-14 12:21:58,658 [grpc-default-executor-1] INFO  server.RaftServer$Division (RaftServerImpl.java:checkInconsistentAppendEntries(1288)) - omNode-1@group-523986131536: inconsistency entries. Reply:omNode-3<-omNode-1#11795:FAIL-t6,INCONSISTENCY,nextIndex=19,followerCommit=18
2022-03-14 12:21:58,658 [grpc-default-executor-1] INFO  leader.FollowerInfo (FollowerInfoImpl.java:lambda$new$0(47)) - omNode-3@group-523986131536->omNode-1: nextIndex: updateUnconditionally 29 -> 19
2022-03-14 12:21:59,160 [grpc-default-executor-1] INFO  server.RaftServer$Division (RaftServerImpl.java:checkInconsistentAppendEntries(1322)) - omNode-1@group-523986131536: Failed appendEntries as previous log entry ((t:6, i:28)) is not found
2022-03-14 12:21:59,160 [grpc-default-executor-1] INFO  server.RaftServer$Division (RaftServerImpl.java:checkInconsistentAppendEntries(1288)) - omNode-1@group-523986131536: inconsistency entries. Reply:omNode-3<-omNode-1#11846:FAIL-t6,INCONSISTENCY,nextIndex=19,followerCommit=18
2022-03-14 12:21:59,160 [grpc-default-executor-1] INFO  leader.FollowerInfo (FollowerInfoImpl.java:lambda$new$0(47)) - omNode-3@group-523986131536->omNode-1: nextIndex: updateUnconditionally 29 -> 19
2022-03-14 12:21:59,662 [grpc-default-executor-1] INFO  server.RaftServer$Division (RaftServerImpl.java:checkInconsistentAppendEntries(1322)) - omNode-1@group-523986131536: Failed appendEntries as previous log entry ((t:6, i:28)) is not found
2022-03-14 12:21:59,662 [grpc-default-executor-1] INFO  server.RaftServer$Division (RaftServerImpl.java:checkInconsistentAppendEntries(1288)) - omNode-1@group-523986131536: inconsistency entries. Reply:omNode-3<-omNode-1#11897:FAIL-t6,INCONSISTENCY,nextIndex=19,followerCommit=18
2022-03-14 12:21:59,662 [grpc-default-executor-1] INFO  leader.FollowerInfo (FollowerInfoImpl.java:lambda$new$0(47)) - omNode-3@group-523986131536->omNode-1: nextIndex: updateUnconditionally 29 -> 19
2022-03-14 12:22:00,163 [grpc-default-executor-7] INFO  server.RaftServer$Division (RaftServerImpl.java:checkInconsistentAppendEntries(1322)) - omNode-1@group-523986131536: Failed appendEntries as previous log entry ((t:6, i:28)) is not found
2022-03-14 12:22:00,164 [grpc-default-executor-7] INFO  server.RaftServer$Division (RaftServerImpl.java:checkInconsistentAppendEntries(1288)) - omNode-1@group-523986131536: inconsistency entries. Reply:omNode-3<-omNode-1#11948:FAIL-t6,INCONSISTENCY,nextIndex=19,followerCommit=18
2022-03-14 12:22:00,164 [grpc-default-executor-7] INFO  leader.FollowerInfo (FollowerInfoImpl.java:lambda$new$0(47)) - omNode-3@group-523986131536->omNode-1: nextIndex: updateUnconditionally 29 -> 19
2022-03-14 12:22:00,665 [grpc-default-executor-7] INFO  server.RaftServer$Division (RaftServerImpl.java:checkInconsistentAppendEntries(1322)) - omNode-1@group-523986131536: Failed appendEntries as previous log entry ((t:6, i:28)) is not found
2022-03-14 12:22:00,665 [grpc-default-executor-7] INFO  server.RaftServer$Division (RaftServerImpl.java:checkInconsistentAppendEntries(1288)) - omNode-1@group-523986131536: inconsistency entries. Reply:omNode-3<-omNode-1#11999:FAIL-t6,INCONSISTENCY,nextIndex=19,followerCommit=18
2022-03-14 12:22:00,666 [grpc-default-executor-7] INFO  leader.FollowerInfo (FollowerInfoImpl.java:lambda$new$0(47)) - omNode-3@group-523986131536->omNode-1: nextIndex: updateUnconditionally 29 -> 19
2022-03-14 12:22:01,167 [grpc-default-executor-7] INFO  server.RaftServer$Division (RaftServerImpl.java:checkInconsistentAppendEntries(1322)) - omNode-1@group-523986131536: Failed appendEntries as previous log entry ((t:6, i:28)) is not found
2022-03-14 12:22:01,167 [grpc-default-executor-7] INFO  server.RaftServer$Division (RaftServerImpl.java:checkInconsistentAppendEntries(1288)) - omNode-1@group-523986131536: inconsistency entries. Reply:omNode-3<-omNode-1#12050:FAIL-t6,INCONSISTENCY,nextIndex=19,followerCommit=18
2022-03-14 12:22:01,167 [grpc-default-executor-7] INFO  leader.FollowerInfo (FollowerInfoImpl.java:lambda$new$0(47)) - omNode-3@group-523986131536->omNode-1: nextIndex: updateUnconditionally 29 -> 19
2022-03-14 12:22:01,669 [grpc-default-executor-7] INFO  server.RaftServer$Division (RaftServerImpl.java:checkInconsistentAppendEntries(1322)) - omNode-1@group-523986131536: Failed appendEntries as previous log entry ((t:6, i:28)) is not found
2022-03-14 12:22:01,669 [grpc-default-executor-7] INFO  server.RaftServer$Division (RaftServerImpl.java:checkInconsistentAppendEntries(1288)) - omNode-1@group-523986131536: inconsistency entries. Reply:omNode-3<-omNode-1#12101:FAIL-t6,INCONSISTENCY,nextIndex=19,followerCommit=18
2022-03-14 12:22:01,669 [grpc-default-executor-7] INFO  leader.FollowerInfo (FollowerInfoImpl.java:lambda$new$0(47)) - omNode-3@group-523986131536->omNode-1: nextIndex: updateUnconditionally 29 -> 19
2022-03-14 12:22:02,170 [grpc-default-executor-7] INFO  server.RaftServer$Division (RaftServerImpl.java:checkInconsistentAppendEntries(1322)) - omNode-1@group-523986131536: Failed appendEntries as previous log entry ((t:6, i:28)) is not found
2022-03-14 12:22:02,171 [grpc-default-executor-7] INFO  server.RaftServer$Division (RaftServerImpl.java:checkInconsistentAppendEntries(1288)) - omNode-1@group-523986131536: inconsistency entries. Reply:omNode-3<-omNode-1#12152:FAIL-t6,INCONSISTENCY,nextIndex=19,followerCommit=18
2022-03-14 12:22:02,171 [grpc-default-executor-7] INFO  leader.FollowerInfo (FollowerInfoImpl.java:lambda$new$0(47)) - omNode-3@group-523986131536->omNode-1: nextIndex: updateUnconditionally 29 -> 19
2022-03-14 12:22:02,570 [Time-limited test] INFO  om.OzoneManager (OzoneManager.java:stop(1893)) - omNode-3[localhost:38867]: Stopping Ozone Manager
2022-03-14 12:22:02,570 [Time-limited test] INFO  ipc.Server (Server.java:stop(3414)) - Stopping server on 38867
2022-03-14 12:22:02,573 [IPC Server Responder] INFO  ipc.Server (Server.java:run(1512)) - Stopping IPC Server Responder
2022-03-14 12:22:02,574 [IPC Server listener on 38867] INFO  ipc.Server (Server.java:run(1376)) - Stopping IPC Server listener on 38867
2022-03-14 12:22:02,574 [Time-limited test] INFO  server.RaftServer (RaftServerProxy.java:lambda$close$6(391)) - omNode-3: close
2022-03-14 12:22:02,574 [Time-limited test] INFO  server.RaftServer$Division (RaftServerImpl.java:lambda$close$4(412)) - omNode-3@group-523986131536: shutdown
2022-03-14 12:22:02,574 [Time-limited test] INFO  util.JmxRegister (JmxRegister.java:unregister(73)) - Successfully un-registered JMX Bean with object name Ratis:service=RaftServer,group=group-523986131536,id=omNode-3
2022-03-14 12:22:02,575 [Time-limited test] INFO  impl.RoleInfo (RoleInfo.java:shutdownLeaderState(91)) - omNode-3: shutdown omNode-3@group-523986131536-LeaderStateImpl
2022-03-14 12:22:02,575 [omNode-3@group-523986131536->omNode-1-GrpcLogAppender-LogAppenderDaemon] WARN  server.GrpcLogAppender (GrpcLogAppender.java:mayWait(177)) - omNode-3@group-523986131536->omNode-1-GrpcLogAppender: Wait interrupted by java.lang.InterruptedException
2022-03-14 12:22:02,575 [Time-limited test] INFO  impl.PendingRequests (PendingRequests.java:sendNotLeaderResponses(282)) - omNode-3@group-523986131536-PendingRequests: sendNotLeaderResponses
2022-03-14 12:22:02,575 [omNode-3@group-523986131536->omNode-2-GrpcLogAppender-LogAppenderDaemon] WARN  server.GrpcLogAppender (GrpcLogAppender.java:mayWait(177)) - omNode-3@group-523986131536->omNode-2-GrpcLogAppender: Wait interrupted by java.lang.InterruptedException
2022-03-14 12:22:02,582 [grpc-default-executor-1] INFO  server.GrpcServerProtocolService (GrpcServerProtocolService.java:onCompleted(140)) - omNode-2: Completed APPEND_ENTRIES, lastRequest: omNode-3->omNode-2#13-t6,previous=(t:6, i:27),leaderCommit=27,initializing? true,entries: size=1, first=(t:6, i:28), METADATAENTRY(c:27)
2022-03-14 12:22:02,582 [grpc-default-executor-7] INFO  server.GrpcServerProtocolService (GrpcServerProtocolService.java:onCompleted(140)) - omNode-1: Completed APPEND_ENTRIES, lastRequest: omNode-3->omNode-1#12153-t6,previous=(t:0, i:0),leaderCommit=10,initializing? false,entries: size=10, first=(t:3, i:19), CONFIGURATIONENTRY
2022-03-14 12:22:02,585 [Time-limited test] INFO  impl.StateMachineUpdater (StateMachineUpdater.java:stopAndJoin(149)) - omNode-3@group-523986131536-StateMachineUpdater: set stopIndex = 28
2022-03-14 12:22:02,585 [omNode-3@group-523986131536-StateMachineUpdater] INFO  ratis.OzoneManagerStateMachine (OzoneManagerStateMachine.java:takeSnapshot(417)) - Current Snapshot Index (t:6, i:28)
2022-03-14 12:22:02,585 [omNode-3@group-523986131536-StateMachineUpdater] INFO  impl.StateMachineUpdater (StateMachineUpdater.java:takeSnapshot(281)) - omNode-3@group-523986131536-StateMachineUpdater: Took a snapshot at index 28
2022-03-14 12:22:02,585 [omNode-3@group-523986131536-StateMachineUpdater] INFO  impl.StateMachineUpdater (StateMachineUpdater.java:lambda$new$0(89)) - omNode-3@group-523986131536-StateMachineUpdater: snapshotIndex: updateIncreasingly 24 -> 28
2022-03-14 12:22:02,585 [omNode-3@group-523986131536-StateMachineUpdater] INFO  ratis.OzoneManagerStateMachine (OzoneManagerStateMachine.java:close(471)) - StateMachine has shutdown. Shutdown OzoneManager if not already shutdown.
2022-03-14 12:22:02,586 [grpc-default-executor-7] INFO  server.GrpcLogAppender (GrpcLogAppender.java:onCompleted(346)) - omNode-3@group-523986131536->omNode-2-AppendLogResponseHandler: follower responses appendEntries COMPLETED
2022-03-14 12:22:02,586 [Time-limited test] INFO  server.RaftServer$Division (ServerState.java:close(419)) - omNode-3@group-523986131536: closes. applyIndex: 28
2022-03-14 12:22:02,586 [grpc-default-executor-7] INFO  leader.FollowerInfo (FollowerInfoImpl.java:lambda$new$0(47)) - omNode-3@group-523986131536->omNode-2: nextIndex: updateUnconditionally 29 -> 28
2022-03-14 12:22:02,590 [omNode-3@group-523986131536-SegmentedRaftLogWorker] INFO  segmented.SegmentedRaftLogWorker (SegmentedRaftLogWorker.java:run(327)) - omNode-3@group-523986131536-SegmentedRaftLogWorker was interrupted, exiting. There are 0 tasks remaining in the queue.
2022-03-14 12:22:02,590 [grpc-default-executor-1] INFO  server.GrpcLogAppender (GrpcLogAppender.java:onCompleted(346)) - omNode-3@group-523986131536->omNode-1-AppendLogResponseHandler: follower responses appendEntries COMPLETED
2022-03-14 12:22:02,591 [grpc-default-executor-1] INFO  leader.FollowerInfo (FollowerInfoImpl.java:lambda$new$0(47)) - omNode-3@group-523986131536->omNode-1: nextIndex: updateUnconditionally 29 -> 19
2022-03-14 12:22:02,592 [Time-limited test] INFO  segmented.SegmentedRaftLogWorker (SegmentedRaftLogWorker.java:close(237)) - omNode-3@group-523986131536-SegmentedRaftLogWorker close()
2022-03-14 12:22:02,593 [Time-limited test] INFO  server.GrpcService (GrpcService.java:closeImpl(262)) - omNode-3: shutdown server with port 38427 now
2022-03-14 12:22:03,491 [omNode-2@group-523986131536-FollowerState] INFO  impl.FollowerState (FollowerState.java:run(134)) - omNode-2@group-523986131536-FollowerState: change to CANDIDATE, lastRpcElapsedTime:1346232443ns, electionTimeout:1184ms
2022-03-14 12:22:03,491 [omNode-2@group-523986131536-FollowerState] INFO  impl.RoleInfo (RoleInfo.java:shutdownFollowerState(108)) - omNode-2: shutdown omNode-2@group-523986131536-FollowerState
2022-03-14 12:22:03,491 [omNode-2@group-523986131536-FollowerState] INFO  server.RaftServer$Division (RaftServerImpl.java:setRole(290)) - omNode-2@group-523986131536: changes role from  FOLLOWER to CANDIDATE at term 6 for changeToCandidate
2022-03-14 12:22:03,491 [omNode-2@group-523986131536-FollowerState] INFO  server.RaftServerConfigKeys (ConfUtils.java:logGet(44)) - raft.server.leaderelection.pre-vote = false (custom)
2022-03-14 12:22:03,491 [omNode-2@group-523986131536-FollowerState] INFO  impl.RoleInfo (RoleInfo.java:updateAndGet(130)) - omNode-2: start omNode-2@group-523986131536-LeaderElection24
2022-03-14 12:22:03,494 [omNode-2@group-523986131536-LeaderElection24] INFO  server.RaftServer$Division (ServerState.java:setLeader(285)) - omNode-2@group-523986131536: change Leader from omNode-3 to null at term 6 for ELECTION
2022-03-14 12:22:03,495 [omNode-2@group-523986131536-LeaderElection24] INFO  impl.LeaderElection (LeaderElection.java:askForVotes(306)) - omNode-2@group-523986131536-LeaderElection24 ELECTION round 0: submit vote requests at term 7 for 25: [omNode-3|rpc:localhost:38427|admin:|client:|dataStream:|priority:0, omNode-1|rpc:localhost:41375|admin:|client:|dataStream:|priority:0, omNode-2|rpc:localhost:40735|admin:|client:|dataStream:|priority:0], old=null
2022-03-14 12:22:03,504 [omNode-2@group-523986131536-LeaderElection24] INFO  impl.LeaderElection (LogUtils.java:infoOrTrace(137)) - omNode-2@group-523986131536-LeaderElection24 got exception when requesting votes: java.util.concurrent.ExecutionException: org.apache.ratis.thirdparty.io.grpc.StatusRuntimeException: UNAVAILABLE: io exception
2022-03-14 12:22:03,509 [grpc-default-executor-8] INFO  server.RaftServer$Division (RaftServerImpl.java:requestVote(1046)) - omNode-1@group-523986131536: receive requestVote(ELECTION, omNode-2, group-523986131536, 7, (t:6, i:28))
2022-03-14 12:22:03,509 [grpc-default-executor-8] INFO  impl.VoteContext (VoteContext.java:log(48)) - omNode-1@group-523986131536-FOLLOWER: accept ELECTION from omNode-2: our last entry (t:2, i:18) < candidate's last entry (t:6, i:28)
2022-03-14 12:22:03,509 [grpc-default-executor-8] INFO  server.RaftServer$Division (ServerState.java:setLeader(285)) - omNode-1@group-523986131536: change Leader from omNode-3 to null at term 7 for updateCurrentTerm
2022-03-14 12:22:03,510 [grpc-default-executor-8] INFO  server.RaftServer$Division (RaftServerImpl.java:setRole(290)) - omNode-1@group-523986131536: changes role from  FOLLOWER to FOLLOWER at term 7 for candidate:omNode-2
2022-03-14 12:22:03,510 [grpc-default-executor-8] INFO  impl.RoleInfo (RoleInfo.java:shutdownFollowerState(108)) - omNode-1: shutdown omNode-1@group-523986131536-FollowerState
2022-03-14 12:22:03,510 [grpc-default-executor-8] INFO  impl.RoleInfo (RoleInfo.java:updateAndGet(130)) - omNode-1: start omNode-1@group-523986131536-FollowerState
2022-03-14 12:22:03,510 [omNode-1@group-523986131536-FollowerState] INFO  impl.FollowerState (FollowerState.java:run(143)) - omNode-1@group-523986131536-FollowerState was interrupted: {}
java.lang.InterruptedException: sleep interrupted
	at java.lang.Thread.sleep(Native Method)
	at java.lang.Thread.sleep(Thread.java:342)
	at java.util.concurrent.TimeUnit.sleep(TimeUnit.java:386)
	at org.apache.ratis.util.TimeDuration.sleep(TimeDuration.java:324)
	at org.apache.ratis.util.TimeDuration.sleep(TimeDuration.java:309)
	at org.apache.ratis.server.impl.FollowerState.run(FollowerState.java:118)
2022-03-14 12:22:03,514 [grpc-default-executor-8] INFO  server.RaftServer$Division (RaftServerImpl.java:requestVote(1078)) - omNode-1@group-523986131536 replies to ELECTION vote request: omNode-2<-omNode-1#0:OK-t7. Peer's state: omNode-1@group-523986131536:t7, leader=null, voted=omNode-2, raftlog=omNode-1@group-523986131536-SegmentedRaftLog:OPENED:c18, conf=25: [omNode-3|rpc:localhost:38427|admin:|client:|dataStream:|priority:0, omNode-1|rpc:localhost:41375|admin:|client:|dataStream:|priority:0, omNode-2|rpc:localhost:40735|admin:|client:|dataStream:|priority:0], old=null
2022-03-14 12:22:03,515 [omNode-2@group-523986131536-LeaderElection24] INFO  impl.LeaderElection (LeaderElection.java:logAndReturn(89)) - omNode-2@group-523986131536-LeaderElection24: ELECTION PASSED received 1 response(s) and 1 exception(s):
2022-03-14 12:22:03,515 [omNode-2@group-523986131536-LeaderElection24] INFO  impl.LeaderElection (LeaderElection.java:logAndReturn(93)) -   Response 0: omNode-2<-omNode-1#0:OK-t7
2022-03-14 12:22:03,515 [omNode-2@group-523986131536-LeaderElection24] INFO  impl.LeaderElection (LogUtils.java:infoOrTrace(137)) -   Exception 1: java.util.concurrent.ExecutionException: org.apache.ratis.thirdparty.io.grpc.StatusRuntimeException: UNAVAILABLE: io exception
2022-03-14 12:22:03,515 [omNode-2@group-523986131536-LeaderElection24] INFO  impl.LeaderElection (LeaderElection.java:askForVotes(308)) - omNode-2@group-523986131536-LeaderElection24 ELECTION round 0: result PASSED
2022-03-14 12:22:03,515 [omNode-2@group-523986131536-LeaderElection24] INFO  impl.RoleInfo (RoleInfo.java:shutdownLeaderElection(121)) - omNode-2: shutdown omNode-2@group-523986131536-LeaderElection24
2022-03-14 12:22:03,515 [omNode-2@group-523986131536-LeaderElection24] INFO  server.RaftServer$Division (RaftServerImpl.java:setRole(290)) - omNode-2@group-523986131536: changes role from CANDIDATE to LEADER at term 7 for changeToLeader
2022-03-14 12:22:03,515 [omNode-2@group-523986131536-LeaderElection24] INFO  server.RaftServer$Division (ServerState.java:setLeader(285)) - omNode-2@group-523986131536: change Leader from null to omNode-2 at term 7 for becomeLeader, leader elected after 21ms
2022-03-14 12:22:03,516 [omNode-2@group-523986131536-LeaderElection24] INFO  server.RaftServerConfigKeys (ConfUtils.java:logGet(44)) - raft.server.staging.catchup.gap = 1000 (default)
2022-03-14 12:22:03,516 [omNode-2@group-523986131536-LeaderElection24] INFO  server.RaftServerConfigKeys (ConfUtils.java:logGet(44)) - raft.server.write.element-limit = 4096 (default)
2022-03-14 12:22:03,516 [omNode-2@group-523986131536-LeaderElection24] INFO  server.RaftServerConfigKeys (ConfUtils.java:logGet(44)) - raft.server.write.byte-limit = 64MB (=67108864) (default)
2022-03-14 12:22:03,516 [omNode-2@group-523986131536-LeaderElection24] INFO  server.RaftServerConfigKeys (ConfUtils.java:logGet(44)) - raft.server.watch.timeout = 10s (default)
2022-03-14 12:22:03,516 [omNode-2@group-523986131536-LeaderElection24] INFO  server.RaftServerConfigKeys (ConfUtils.java:logGet(44)) - raft.server.watch.timeout.denomination = 1s (default)
2022-03-14 12:22:03,516 [omNode-2@group-523986131536-LeaderElection24] INFO  server.RaftServerConfigKeys (ConfUtils.java:logGet(44)) - raft.server.watch.element-limit = 65536 (default)
2022-03-14 12:22:03,516 [omNode-2@group-523986131536-LeaderElection24] INFO  server.RaftServerConfigKeys (ConfUtils.java:logGet(44)) - raft.server.write.element-limit = 4096 (default)
2022-03-14 12:22:03,516 [omNode-2@group-523986131536-LeaderElection24] INFO  server.RaftServerConfigKeys (ConfUtils.java:logGet(44)) - raft.server.write.follower.gap.ratio.max = -1.0 (default)
2022-03-14 12:22:03,516 [omNode-2@group-523986131536-LeaderElection24] INFO  server.RaftServerConfigKeys (ConfUtils.java:logGet(44)) - raft.server.log.appender.snapshot.chunk.size.max = 16MB (=16777216) (default)
2022-03-14 12:22:03,517 [omNode-2@group-523986131536-LeaderElection24] INFO  server.RaftServerConfigKeys (ConfUtils.java:logGet(44)) - raft.server.log.appender.buffer.byte-limit = 33554432 (custom)
2022-03-14 12:22:03,517 [omNode-2@group-523986131536-LeaderElection24] INFO  server.RaftServerConfigKeys (ConfUtils.java:logGet(44)) - raft.server.log.appender.buffer.element-limit = 1024 (custom)
2022-03-14 12:22:03,517 [omNode-2@group-523986131536-LeaderElection24] INFO  grpc.GrpcConfigKeys (ConfUtils.java:logGet(44)) - raft.grpc.server.leader.outstanding.appends.max = 128 (default)
2022-03-14 12:22:03,517 [omNode-2@group-523986131536-LeaderElection24] INFO  server.RaftServerConfigKeys (ConfUtils.java:logGet(44)) - raft.server.rpc.request.timeout = 3000ms (default)
2022-03-14 12:22:03,517 [omNode-2@group-523986131536-LeaderElection24] INFO  server.RaftServerConfigKeys (ConfUtils.java:logGet(44)) - raft.server.log.appender.install.snapshot.enabled = false (custom)
2022-03-14 12:22:03,517 [omNode-2@group-523986131536-LeaderElection24] INFO  server.RaftServerConfigKeys (ConfUtils.java:logGet(44)) - raft.server.log.appender.snapshot.chunk.size.max = 16MB (=16777216) (default)
2022-03-14 12:22:03,518 [omNode-2@group-523986131536-LeaderElection24] INFO  server.RaftServerConfigKeys (ConfUtils.java:logGet(44)) - raft.server.log.appender.buffer.byte-limit = 33554432 (custom)
2022-03-14 12:22:03,518 [omNode-2@group-523986131536-LeaderElection24] INFO  server.RaftServerConfigKeys (ConfUtils.java:logGet(44)) - raft.server.log.appender.buffer.element-limit = 1024 (custom)
2022-03-14 12:22:03,518 [omNode-2@group-523986131536-LeaderElection24] INFO  grpc.GrpcConfigKeys (ConfUtils.java:logGet(44)) - raft.grpc.server.leader.outstanding.appends.max = 128 (default)
2022-03-14 12:22:03,518 [omNode-2@group-523986131536-LeaderElection24] INFO  server.RaftServerConfigKeys (ConfUtils.java:logGet(44)) - raft.server.rpc.request.timeout = 3000ms (default)
2022-03-14 12:22:03,518 [omNode-2@group-523986131536-LeaderElection24] INFO  server.RaftServerConfigKeys (ConfUtils.java:logGet(44)) - raft.server.log.appender.install.snapshot.enabled = false (custom)
2022-03-14 12:22:03,518 [omNode-2@group-523986131536-LeaderElection24] INFO  impl.RoleInfo (RoleInfo.java:updateAndGet(130)) - omNode-2: start omNode-2@group-523986131536-LeaderStateImpl
2022-03-14 12:22:03,519 [omNode-2@group-523986131536-LeaderElection24] INFO  segmented.SegmentedRaftLogWorker (SegmentedRaftLogWorker.java:rollLogSegment(399)) - omNode-2@group-523986131536-SegmentedRaftLogWorker: Rolling segment log-25_28 to index:28
2022-03-14 12:22:03,520 [omNode-2@group-523986131536-SegmentedRaftLogWorker] INFO  segmented.SegmentedRaftLogWorker (SegmentedRaftLogWorker.java:execute(558)) - omNode-2@group-523986131536-SegmentedRaftLogWorker: Rolled log segment from /home/runner/work/ozone/ozone/hadoop-ozone/integration-test/target/test-dir/MiniOzoneClusterImpl-278953cb-1c57-4e8b-ba2f-5e3472d45912/omNode-2/ratis/c9bc4cf4-3bc3-3c60-a66b-523986131536/current/log_inprogress_25 to /home/runner/work/ozone/ozone/hadoop-ozone/integration-test/target/test-dir/MiniOzoneClusterImpl-278953cb-1c57-4e8b-ba2f-5e3472d45912/omNode-2/ratis/c9bc4cf4-3bc3-3c60-a66b-523986131536/current/log_25-28
2022-03-14 12:22:03,527 [omNode-2@group-523986131536-LeaderElection24] INFO  server.RaftServer$Division (ServerState.java:setRaftConf(387)) - omNode-2@group-523986131536: set configuration 29: [omNode-3|rpc:localhost:38427|admin:|client:|dataStream:|priority:0, omNode-1|rpc:localhost:41375|admin:|client:|dataStream:|priority:0, omNode-2|rpc:localhost:40735|admin:|client:|dataStream:|priority:0], old=null
2022-03-14 12:22:03,530 [grpc-default-executor-8] INFO  server.RaftServer$Division (ServerState.java:setLeader(285)) - omNode-1@group-523986131536: change Leader from null to omNode-2 at term 7 for appendEntries, leader elected after 20ms
2022-03-14 12:22:03,530 [grpc-default-executor-8] INFO  server.RaftServer$Division (RaftServerImpl.java:checkInconsistentAppendEntries(1322)) - omNode-1@group-523986131536: Failed appendEntries as previous log entry ((t:6, i:28)) is not found
2022-03-14 12:22:03,530 [grpc-default-executor-8] INFO  server.RaftServer$Division (RaftServerImpl.java:checkInconsistentAppendEntries(1288)) - omNode-1@group-523986131536: inconsistency entries. Reply:omNode-2<-omNode-1#0:FAIL-t7,INCONSISTENCY,nextIndex=19,followerCommit=18
2022-03-14 12:22:03,530 [grpc-default-executor-1] WARN  server.GrpcLogAppender (LogUtils.java:warn(122)) - omNode-2@group-523986131536->omNode-3-AppendLogResponseHandler: Failed appendEntries: org.apache.ratis.thirdparty.io.grpc.StatusRuntimeException: UNAVAILABLE: io exception
2022-03-14 12:22:03,530 [omNode-2@group-523986131536-SegmentedRaftLogWorker] INFO  segmented.SegmentedRaftLogWorker (SegmentedRaftLogWorker.java:execute(601)) - omNode-2@group-523986131536-SegmentedRaftLogWorker: created new log segment /home/runner/work/ozone/ozone/hadoop-ozone/integration-test/target/test-dir/MiniOzoneClusterImpl-278953cb-1c57-4e8b-ba2f-5e3472d45912/omNode-2/ratis/c9bc4cf4-3bc3-3c60-a66b-523986131536/current/log_inprogress_29
2022-03-14 12:22:03,531 [grpc-default-executor-8] INFO  server.RaftServer$Division (RaftServerImpl.java:checkInconsistentAppendEntries(1322)) - omNode-1@group-523986131536: Failed appendEntries as previous log entry ((t:6, i:28)) is not found
2022-03-14 12:22:03,531 [grpc-default-executor-7] INFO  leader.FollowerInfo (FollowerInfoImpl.java:lambda$new$0(47)) - omNode-2@group-523986131536->omNode-1: nextIndex: updateUnconditionally 30 -> 19
2022-03-14 12:22:03,531 [grpc-default-executor-8] INFO  server.RaftServer$Division (RaftServerImpl.java:checkInconsistentAppendEntries(1288)) - omNode-1@group-523986131536: inconsistency entries. Reply:omNode-2<-omNode-1#1:FAIL-t7,INCONSISTENCY,nextIndex=19,followerCommit=18
2022-03-14 12:22:03,531 [grpc-default-executor-8] INFO  leader.FollowerInfo (FollowerInfoImpl.java:lambda$new$0(47)) - omNode-2@group-523986131536->omNode-1: nextIndex: updateUnconditionally 19 -> 19
2022-03-14 12:22:03,532 [grpc-default-executor-1] WARN  server.GrpcLogAppender (GrpcLogAppender.java:resetClient(110)) - omNode-2@group-523986131536->omNode-3-GrpcLogAppender: Leader has not got in touch with Follower omNode-2@group-523986131536->omNode-3(c-1,m0,n29, attendVote=true, lastRpcSendTime=1215, lastRpcResponseTime=1215) yet, just keep nextIndex unchanged and retry.
2022-03-14 12:22:03,532 [grpc-default-executor-8] WARN  server.GrpcLogAppender (LogUtils.java:warn(122)) - omNode-2@group-523986131536->omNode-3-AppendLogResponseHandler: Failed appendEntries: org.apache.ratis.thirdparty.io.grpc.StatusRuntimeException: UNAVAILABLE: io exception
2022-03-14 12:22:03,533 [grpc-default-executor-8] WARN  server.GrpcLogAppender (GrpcLogAppender.java:resetClient(110)) - omNode-2@group-523986131536->omNode-3-GrpcLogAppender: Leader has not got in touch with Follower omNode-2@group-523986131536->omNode-3(c-1,m0,n30, attendVote=true, lastRpcSendTime=0, lastRpcResponseTime=1216) yet, just keep nextIndex unchanged and retry.
2022-03-14 12:22:03,534 [omNode-2@group-523986131536->omNode-1-GrpcLogAppender-LogAppenderDaemon] ERROR leader.LogAppenderDaemon (LogAppenderDaemon.java:run(86)) - omNode-2@group-523986131536->omNode-1-GrpcLogAppender-LogAppenderDaemon failed
java.lang.NullPointerException: omNode-2@group-523986131536->omNode-1: Previous TermIndex not found for firstIndex = 19
	at java.util.Objects.requireNonNull(Objects.java:290)
	at org.apache.ratis.server.leader.LogAppenderBase.assertProtos(LogAppenderBase.java:169)
	at org.apache.ratis.server.leader.LogAppenderBase.newAppendEntriesRequest(LogAppenderBase.java:154)
	at org.apache.ratis.grpc.server.GrpcLogAppender.appendLog(GrpcLogAppender.java:213)
	at org.apache.ratis.grpc.server.GrpcLogAppender.run(GrpcLogAppender.java:147)
	at org.apache.ratis.server.leader.LogAppenderDaemon.run(LogAppenderDaemon.java:77)
	at java.lang.Thread.run(Thread.java:750)
2022-03-14 12:22:03,534 [omNode-2@group-523986131536->omNode-1-GrpcLogAppender-LogAppenderDaemon] INFO  server.RaftServer$Division (LeaderStateImpl.java:restart(514)) - omNode-2@group-523986131536-LeaderStateImpl: Restarting GrpcLogAppender for omNode-2@group-523986131536->omNode-1
2022-03-14 12:22:03,535 [omNode-2@group-523986131536->omNode-1-GrpcLogAppender-LogAppenderDaemon] INFO  server.RaftServerConfigKeys (ConfUtils.java:logGet(44)) - raft.server.log.appender.snapshot.chunk.size.max = 16MB (=16777216) (default)
2022-03-14 12:22:03,535 [omNode-2@group-523986131536->omNode-1-GrpcLogAppender-LogAppenderDaemon] INFO  server.RaftServerConfigKeys (ConfUtils.java:logGet(44)) - raft.server.log.appender.buffer.byte-limit = 33554432 (custom)
2022-03-14 12:22:03,535 [omNode-2@group-523986131536->omNode-1-GrpcLogAppender-LogAppenderDaemon] INFO  server.RaftServerConfigKeys (ConfUtils.java:logGet(44)) - raft.server.log.appender.buffer.element-limit = 1024 (custom)
2022-03-14 12:22:03,535 [omNode-2@group-523986131536->omNode-1-GrpcLogAppender-LogAppenderDaemon] INFO  grpc.GrpcConfigKeys (ConfUtils.java:logGet(44)) - raft.grpc.server.leader.outstanding.appends.max = 128 (default)
2022-03-14 12:22:03,535 [omNode-2@group-523986131536->omNode-1-GrpcLogAppender-LogAppenderDaemon] INFO  server.RaftServerConfigKeys (ConfUtils.java:logGet(44)) - raft.server.rpc.request.timeout = 3000ms (default)
2022-03-14 12:22:03,535 [omNode-2@group-523986131536->omNode-1-GrpcLogAppender-LogAppenderDaemon] INFO  server.RaftServerConfigKeys (ConfUtils.java:logGet(44)) - raft.server.log.appender.install.snapshot.enabled = false (custom)
2022-03-14 12:22:03,535 [omNode-2@group-523986131536->omNode-1-GrpcLogAppender-LogAppenderDaemon] INFO  server.GrpcLogAppender (GrpcLogAppender.java:installSnapshot(550)) - omNode-2@group-523986131536->omNode-1-GrpcLogAppender: followerNextIndex = 0 but logStartIndex = 19, notify follower to install snapshot-(t:3, i:19)
2022-03-14 12:22:03,536 [omNode-2@group-523986131536->omNode-1-GrpcLogAppender-LogAppenderDaemon] INFO  server.GrpcLogAppender (GrpcLogAppender.java:installSnapshot(558)) - omNode-2@group-523986131536->omNode-1-GrpcLogAppender: send omNode-2->omNode-1#0-t7,notify:(t:3, i:19)
2022-03-14 12:22:03,538 [grpc-default-executor-1] INFO  server.RaftServer$Division (RaftServerImpl.java:installSnapshot(1332)) - omNode-1@group-523986131536: receive installSnapshot: omNode-2->omNode-1#0-t7,notify:(t:3, i:19)
2022-03-14 12:22:03,538 [grpc-default-executor-1] INFO  server.RaftServer$Division (RaftServerImpl.java:notifyStateMachineToInstallSnapshot(1551)) - omNode-1@group-523986131536: Received notification to install snapshot at index 19
2022-03-14 12:22:03,538 [grpc-default-executor-1] INFO  server.RaftServer$Division (RaftServerImpl.java:notifyStateMachineToInstallSnapshot(1559)) - omNode-1@group-523986131536: InstallSnapshot notification result: ALREADY_INSTALLED, current snapshot index: 18
2022-03-14 12:22:03,539 [grpc-default-executor-1] INFO  server.RaftServer$Division (RaftServerImpl.java:installSnapshotImpl(1462)) - omNode-1@group-523986131536: set new configuration index: 29
configurationEntry {
  peers {
    id: "omNode-3"
    address: "localhost:38427"
  }
  peers {
    id: "omNode-1"
    address: "localhost:41375"
  }
  peers {
    id: "omNode-2"
    address: "localhost:40735"
  }
}
 from snapshot
2022-03-14 12:22:03,539 [grpc-default-executor-1] INFO  server.RaftServer$Division (ServerState.java:setRaftConf(387)) - omNode-1@group-523986131536: set configuration 29: [omNode-3|rpc:localhost:38427|admin:|client:|dataStream:|priority:0, omNode-1|rpc:localhost:41375|admin:|client:|dataStream:|priority:0, omNode-2|rpc:localhost:40735|admin:|client:|dataStream:|priority:0], old=null
2022-03-14 12:22:03,539 [grpc-default-executor-1] INFO  ratis.OzoneManagerStateMachine (OzoneManagerStateMachine.java:notifyConfigurationChanged(188)) - Received Configuration change notification from Ratis. New Peer list:
[id: "omNode-3"
address: "localhost:38427"
, id: "omNode-1"
address: "localhost:41375"
, id: "omNode-2"
address: "localhost:40735"
]
2022-03-14 12:22:03,539 [grpc-default-executor-1] INFO  server.RaftServer$Division (RaftServerImpl.java:installSnapshot(1343)) - omNode-1@group-523986131536: reply installSnapshot: omNode-2<-omNode-1#0:FAIL-t7,ALREADY_INSTALLED,snapshotIndex=18
2022-03-14 12:22:03,539 [grpc-default-executor-1] INFO  server.GrpcServerProtocolService (GrpcServerProtocolService.java:onCompleted(140)) - omNode-1: Completed INSTALL_SNAPSHOT, lastRequest: omNode-2->omNode-1#0-t7,notify:(t:3, i:19)
2022-03-14 12:22:03,540 [grpc-default-executor-1] INFO  server.GrpcLogAppender (GrpcLogAppender.java:onNext(410)) - omNode-2@group-523986131536->omNode-1-InstallSnapshotResponseHandler: received the first reply omNode-2<-omNode-1#0:FAIL-t7,ALREADY_INSTALLED,snapshotIndex=18
2022-03-14 12:22:03,540 [grpc-default-executor-1] INFO  server.GrpcLogAppender (GrpcLogAppender.java:onNext(433)) - omNode-2@group-523986131536->omNode-1-InstallSnapshotResponseHandler: Follower snapshot is already at index 18.
2022-03-14 12:22:03,540 [grpc-default-executor-1] INFO  leader.FollowerInfo (FollowerInfoImpl.java:lambda$new$0(47)) - omNode-2@group-523986131536->omNode-1: snapshotIndex: setUnconditionally 0 -> 18
2022-03-14 12:22:03,540 [grpc-default-executor-1] INFO  leader.FollowerInfo (FollowerInfoImpl.java:lambda$new$0(47)) - omNode-2@group-523986131536->omNode-1: matchIndex: setUnconditionally 0 -> 18
2022-03-14 12:22:03,540 [grpc-default-executor-1] INFO  leader.FollowerInfo (FollowerInfoImpl.java:lambda$new$0(47)) - omNode-2@group-523986131536->omNode-1: nextIndex: setUnconditionally 0 -> 19
2022-03-14 12:22:03,540 [grpc-default-executor-1] INFO  leader.FollowerInfo (FollowerInfoImpl.java:setAttemptedToInstallSnapshot(116)) - Follower omNode-2@group-523986131536->omNode-1 acknowledged installing snapshot
2022-03-14 12:22:03,540 [grpc-default-executor-1] INFO  leader.FollowerInfo (FollowerInfoImpl.java:lambda$new$0(47)) - omNode-2@group-523986131536->omNode-1: nextIndex: updateToMax old=19, new=19, updated? false
2022-03-14 12:22:04,032 [grpc-default-executor-1] WARN  server.GrpcLogAppender (LogUtils.java:warn(122)) - omNode-2@group-523986131536->omNode-3-AppendLogResponseHandler: Failed appendEntries: org.apache.ratis.thirdparty.io.grpc.StatusRuntimeException: UNAVAILABLE: io exception
2022-03-14 12:22:04,033 [grpc-default-executor-1] WARN  server.GrpcLogAppender (GrpcLogAppender.java:resetClient(110)) - omNode-2@group-523986131536->omNode-3-GrpcLogAppender: Leader has not got in touch with Follower omNode-2@group-523986131536->omNode-3(c-1,m0,n30, attendVote=true, lastRpcSendTime=0, lastRpcResponseTime=1716) yet, just keep nextIndex unchanged and retry.
2022-03-14 12:22:04,050 [grpc-default-executor-1] INFO  server.RaftServer$Division (RaftServerImpl.java:checkInconsistentAppendEntries(1322)) - omNode-1@group-523986131536: Failed appendEntries as previous log entry ((t:7, i:29)) is not found
2022-03-14 12:22:04,050 [grpc-default-executor-1] INFO  server.RaftServer$Division (RaftServerImpl.java:checkInconsistentAppendEntries(1288)) - omNode-1@group-523986131536: inconsistency entries. Reply:omNode-2<-omNode-1#52:FAIL-t7,INCONSISTENCY,nextIndex=19,followerCommit=18
2022-03-14 12:22:04,051 [grpc-default-executor-1] INFO  leader.FollowerInfo (FollowerInfoImpl.java:lambda$new$0(47)) - omNode-2@group-523986131536->omNode-1: nextIndex: updateUnconditionally 30 -> 19
2022-03-14 12:22:04,533 [grpc-default-executor-1] WARN  server.GrpcLogAppender (LogUtils.java:warn(122)) - omNode-2@group-523986131536->omNode-3-AppendLogResponseHandler: Failed appendEntries: org.apache.ratis.thirdparty.io.grpc.StatusRuntimeException: UNAVAILABLE: io exception
2022-03-14 12:22:04,533 [grpc-default-executor-1] WARN  server.GrpcLogAppender (GrpcLogAppender.java:resetClient(110)) - omNode-2@group-523986131536->omNode-3-GrpcLogAppender: Leader has not got in touch with Follower omNode-2@group-523986131536->omNode-3(c-1,m0,n30, attendVote=true, lastRpcSendTime=0, lastRpcResponseTime=2216) yet, just keep nextIndex unchanged and retry.
2022-03-14 12:22:04,553 [grpc-default-executor-1] INFO  server.RaftServer$Division (RaftServerImpl.java:checkInconsistentAppendEntries(1322)) - omNode-1@group-523986131536: Failed appendEntries as previous log entry ((t:7, i:29)) is not found
2022-03-14 12:22:04,553 [grpc-default-executor-1] INFO  server.RaftServer$Division (RaftServerImpl.java:checkInconsistentAppendEntries(1288)) - omNode-1@group-523986131536: inconsistency entries. Reply:omNode-2<-omNode-1#100:FAIL-t7,INCONSISTENCY,nextIndex=19,followerCommit=18
2022-03-14 12:22:04,553 [grpc-default-executor-1] INFO  leader.FollowerInfo (FollowerInfoImpl.java:lambda$new$0(47)) - omNode-2@group-523986131536->omNode-1: nextIndex: updateUnconditionally 30 -> 19
2022-03-14 12:22:05,033 [grpc-default-executor-8] WARN  server.GrpcLogAppender (LogUtils.java:warn(122)) - omNode-2@group-523986131536->omNode-3-AppendLogResponseHandler: Failed appendEntries: org.apache.ratis.thirdparty.io.grpc.StatusRuntimeException: UNAVAILABLE: io exception
2022-03-14 12:22:05,034 [grpc-default-executor-8] WARN  server.GrpcLogAppender (GrpcLogAppender.java:resetClient(110)) - omNode-2@group-523986131536->omNode-3-GrpcLogAppender: Leader has not got in touch with Follower omNode-2@group-523986131536->omNode-3(c-1,m0,n30, attendVote=true, lastRpcSendTime=0, lastRpcResponseTime=2717) yet, just keep nextIndex unchanged and retry.
2022-03-14 12:22:05,054 [grpc-default-executor-8] INFO  server.RaftServer$Division (RaftServerImpl.java:checkInconsistentAppendEntries(1322)) - omNode-1@group-523986131536: Failed appendEntries as previous log entry ((t:7, i:29)) is not found
2022-03-14 12:22:05,054 [grpc-default-executor-8] INFO  server.RaftServer$Division (RaftServerImpl.java:checkInconsistentAppendEntries(1288)) - omNode-1@group-523986131536: inconsistency entries. Reply:omNode-2<-omNode-1#150:FAIL-t7,INCONSISTENCY,nextIndex=19,followerCommit=18
2022-03-14 12:22:05,055 [grpc-default-executor-8] INFO  leader.FollowerInfo (FollowerInfoImpl.java:lambda$new$0(47)) - omNode-2@group-523986131536->omNode-1: nextIndex: updateUnconditionally 30 -> 19
2022-03-14 12:22:05,533 [grpc-default-executor-8] WARN  server.GrpcLogAppender (LogUtils.java:warn(122)) - omNode-2@group-523986131536->omNode-3-AppendLogResponseHandler: Failed appendEntries: org.apache.ratis.thirdparty.io.grpc.StatusRuntimeException: UNAVAILABLE: io exception
2022-03-14 12:22:05,534 [grpc-default-executor-8] WARN  server.GrpcLogAppender (GrpcLogAppender.java:resetClient(110)) - omNode-2@group-523986131536->omNode-3-GrpcLogAppender: Leader has not got in touch with Follower omNode-2@group-523986131536->omNode-3(c-1,m0,n30, attendVote=true, lastRpcSendTime=0, lastRpcResponseTime=3217) yet, just keep nextIndex unchanged and retry.
2022-03-14 12:22:05,556 [grpc-default-executor-8] INFO  server.RaftServer$Division (RaftServerImpl.java:checkInconsistentAppendEntries(1322)) - omNode-1@group-523986131536: Failed appendEntries as previous log entry ((t:7, i:29)) is not found
2022-03-14 12:22:05,556 [grpc-default-executor-8] INFO  server.RaftServer$Division (RaftServerImpl.java:checkInconsistentAppendEntries(1288)) - omNode-1@group-523986131536: inconsistency entries. Reply:omNode-2<-omNode-1#200:FAIL-t7,INCONSISTENCY,nextIndex=19,followerCommit=18
2022-03-14 12:22:05,556 [grpc-default-executor-8] INFO  leader.FollowerInfo (FollowerInfoImpl.java:lambda$new$0(47)) - omNode-2@group-523986131536->omNode-1: nextIndex: updateUnconditionally 30 -> 19
2022-03-14 12:22:05,594 [Time-limited test] WARN  grpc.GrpcUtil (GrpcUtil.java:shutdownManagedChannel(216)) - Timed out gracefully shutting down connection: ManagedChannelOrphanWrapper{delegate=ManagedChannelImpl{logId=310, target=localhost:41375}}. 
2022-03-14 12:22:05,596 [grpc-default-executor-8] INFO  server.GrpcLogAppender (GrpcLogAppender.java:onError(335)) - omNode-3@group-523986131536->omNode-1-GrpcLogAppender is stopped
2022-03-14 12:22:05,597 [grpc-default-executor-1] WARN  server.GrpcServerProtocolService (LogUtils.java:warn(122)) - omNode-1: installSnapshot onError, lastRequest: null: org.apache.ratis.thirdparty.io.grpc.StatusRuntimeException: CANCELLED: client cancelled
2022-03-14 12:22:05,599 [Time-limited test] INFO  server.GrpcService (GrpcService.java:closeImpl(271)) - omNode-3: shutdown server with port 38427 successfully
2022-03-14 12:22:05,600 [org.apache.ratis.util.JvmPauseMonitor$$Lambda$422/892611887@254420ca] INFO  util.JvmPauseMonitor (JvmPauseMonitor.java:run(109)) - JvmPauseMonitor-omNode-3: Stopped
2022-03-14 12:22:05,600 [Time-limited test] INFO  ratis.OzoneManagerDoubleBuffer (OzoneManagerDoubleBuffer.java:stop(437)) - Stopping OMDoubleBuffer flush thread
2022-03-14 12:22:05,600 [OMDoubleBufferFlushThread] INFO  ratis.OzoneManagerDoubleBuffer (OzoneManagerDoubleBuffer.java:flushTransactions(356)) - OMDoubleBuffer flush thread OMDoubleBufferFlushThread is interrupted and will exit. OMDoubleBufferFlushThread
2022-03-14 12:22:05,602 [Time-limited test] INFO  handler.ContextHandler (ContextHandler.java:doStop(1153)) - Stopped o.e.j.w.WebAppContext@cbbd3{ozoneManager,/,null,STOPPED}{file:/home/runner/work/ozone/ozone/hadoop-ozone/integration-test/target/test-classes/webapps/ozoneManager}
2022-03-14 12:22:05,603 [Time-limited test] INFO  server.AbstractConnector (AbstractConnector.java:doStop(381)) - Stopped ServerConnector@159c77d5{HTTP/1.1, (http/1.1)}{0.0.0.0:44195}
2022-03-14 12:22:05,603 [Time-limited test] INFO  server.session (HouseKeeper.java:stopScavenging(149)) - node0 Stopped scavenging
2022-03-14 12:22:05,603 [Time-limited test] INFO  handler.ContextHandler (ContextHandler.java:doStop(1153)) - Stopped o.e.j.s.ServletContextHandler@688216ca{static,/static,file:///home/runner/work/ozone/ozone/hadoop-ozone/integration-test/target/test-classes/webapps/static,STOPPED}
2022-03-14 12:22:05,603 [Time-limited test] INFO  handler.ContextHandler (ContextHandler.java:doStop(1153)) - Stopped o.e.j.s.ServletContextHandler@5d2423da{logs,/logs,file:///home/runner/work/ozone/ozone/hadoop-ozone/integration-test/target/log,STOPPED}
2022-03-14 12:22:05,607 [Time-limited test] INFO  om.OzoneManager (OzoneManager.java:restart(1451)) - OzoneManager RPC server is listening at localhost/127.0.0.1:38867
2022-03-14 12:22:05,607 [Time-limited test] INFO  impl.MetricsSystemImpl (MetricsSystemImpl.java:init(158)) - OzoneManager metrics system started (again)
2022-03-14 12:22:05,632 [Time-limited test] WARN  server.ServerUtils (ServerUtils.java:getDBPath(225)) - ozone.om.db.dirs is not configured. We recommend adding this setting. Falling back to ozone.metadata.dirs instead.
2022-03-14 12:22:05,635 [Time-limited test] INFO  codec.OmKeyInfoCodec (OmKeyInfoCodec.java:<init>(49)) - OmKeyInfoCodec ignorePipeline = true
2022-03-14 12:22:05,635 [Time-limited test] INFO  codec.RepeatedOmKeyInfoCodec (RepeatedOmKeyInfoCodec.java:<init>(41)) - RepeatedOmKeyInfoCodec ignorePipeline = true
2022-03-14 12:22:05,689 [Time-limited test] WARN  impl.MetricRegistriesImpl (MetricRegistriesImpl.java:addReporterRegistration(111)) - New reporters are added after registries were created. Some metrics will be missing from the reporter. Please add reporter before adding any new registry.
2022-03-14 12:22:05,690 [Time-limited test] WARN  impl.MetricRegistriesImpl (MetricRegistriesImpl.java:addReporterRegistration(111)) - New reporters are added after registries were created. Some metrics will be missing from the reporter. Please add reporter before adding any new registry.
2022-03-14 12:22:05,690 [Time-limited test] WARN  server.ServerUtils (ServerUtils.java:getDefaultRatisDirectory(237)) - Storage directory for Ratis is not configured. It is a good idea to map this to an SSD disk. Falling back to ozone.metadata.dirs
2022-03-14 12:22:05,691 [Time-limited test] INFO  ratis.OzoneManagerRatisServer (OzoneManagerRatisServer.java:<init>(159)) - Instantiating OM Ratis server with groupID: om-service-test1 and peers: localhost:38427, localhost:41375, localhost:40735
2022-03-14 12:22:05,691 [Time-limited test] INFO  ratis.OzoneManagerStateMachine (OzoneManagerStateMachine.java:loadSnapshotInfoFromDB(605)) - LastAppliedIndex is set from TransactionInfo from OM DB as (t:6, i:28)
2022-03-14 12:22:05,694 [Time-limited test] INFO  server.RaftServer (ConfUtils.java:logGet(44)) - raft.rpc.type = GRPC (default)
2022-03-14 12:22:05,694 [Time-limited test] INFO  grpc.GrpcFactory (GrpcFactory.java:checkPooledByteBufAllocatorUseCacheForAllThreads(48)) - PERFORMANCE WARNING: useCacheForAllThreads is true that may cause Netty to create a lot garbage objects and, as a result, trigger GC.
	It is recommended to disable useCacheForAllThreads by setting -Dorg.apache.ratis.thirdparty.io.netty.allocator.useCacheForAllThreads=false in command line.
2022-03-14 12:22:05,694 [Time-limited test] INFO  grpc.GrpcConfigKeys (ConfUtils.java:logGet(44)) - raft.grpc.admin.port = -1 (default)
2022-03-14 12:22:05,694 [Time-limited test] INFO  grpc.GrpcConfigKeys (ConfUtils.java:logGet(44)) - raft.grpc.server.port = 38427 (custom)
2022-03-14 12:22:05,694 [Time-limited test] INFO  grpc.GrpcConfigKeys (ConfUtils.java:logGet(44)) - raft.grpc.client.port = -1 (default)
2022-03-14 12:22:05,694 [Time-limited test] INFO  grpc.GrpcConfigKeys (ConfUtils.java:logGet(44)) - raft.grpc.server.port = 38427 (custom)
2022-03-14 12:22:05,694 [Time-limited test] INFO  grpc.GrpcConfigKeys (ConfUtils.java:logGet(44)) - raft.grpc.server.port = 38427 (custom)
2022-03-14 12:22:05,694 [Time-limited test] INFO  server.GrpcService (ConfUtils.java:logGet(44)) - raft.grpc.message.size.max = 33554432 (custom)
2022-03-14 12:22:05,694 [Time-limited test] INFO  server.RaftServerConfigKeys (ConfUtils.java:logGet(44)) - raft.server.log.appender.buffer.byte-limit = 33554432 (custom)
2022-03-14 12:22:05,694 [Time-limited test] INFO  server.GrpcService (ConfUtils.java:logGet(44)) - raft.grpc.flow.control.window = 1MB (=1048576) (default)
2022-03-14 12:22:05,694 [Time-limited test] INFO  server.RaftServerConfigKeys (ConfUtils.java:logGet(44)) - raft.server.rpc.request.timeout = 3000ms (default)
2022-03-14 12:22:05,695 [Time-limited test] INFO  impl.DataStreamServerImpl (ConfUtils.java:logGet(44)) - raft.datastream.type = DISABLED (default)
2022-03-14 12:22:05,696 [Time-limited test] INFO  server.RaftServerConfigKeys (ConfUtils.java:logGet(44)) - raft.server.rpc.slowness.timeout = 2s (custom)
2022-03-14 12:22:05,696 [Time-limited test] INFO  server.RaftServerConfigKeys (ConfUtils.java:logGet(44)) - raft.server.leaderelection.leader.step-down.wait-time = 10s (default)
2022-03-14 12:22:05,696 [Time-limited test] INFO  server.RaftServerConfigKeys (ConfUtils.java:logGet(44)) - raft.server.storage.dir = [/home/runner/work/ozone/ozone/hadoop-ozone/integration-test/target/test-dir/MiniOzoneClusterImpl-278953cb-1c57-4e8b-ba2f-5e3472d45912/omNode-3/ratis] (custom)
2022-03-14 12:22:05,696 [Time-limited test] INFO  server.RaftServer (RaftServerProxy.java:lambda$null$1(235)) - omNode-3: found a subdirectory /home/runner/work/ozone/ozone/hadoop-ozone/integration-test/target/test-dir/MiniOzoneClusterImpl-278953cb-1c57-4e8b-ba2f-5e3472d45912/omNode-3/ratis/c9bc4cf4-3bc3-3c60-a66b-523986131536
2022-03-14 12:22:05,698 [Time-limited test] INFO  server.RaftServer (RaftServerProxy.java:addNew(95)) - omNode-3: addNew group-523986131536:[omNode-3|rpc:localhost:38427|priority:0, omNode-1|rpc:localhost:41375|priority:0, omNode-2|rpc:localhost:40735|priority:0] returns group-523986131536:java.util.concurrent.CompletableFuture@7b7d4aef[Not completed]
2022-03-14 12:22:05,698 [Time-limited test] INFO  om.OzoneManager (OzoneManager.java:initializeRatisServer(1834)) - OzoneManager Ratis server initialized at port 38427
2022-03-14 12:22:05,698 [Time-limited test] INFO  ratis.OzoneManagerRatisServer (OzoneManagerRatisServer.java:start(554)) - Starting OzoneManagerRatisServer omNode-3 at port 38427
2022-03-14 12:22:05,698 [pool-312-thread-1] INFO  server.RaftServer$Division (RaftServerImpl.java:<init>(184)) - omNode-3: new RaftServerImpl for group-523986131536:[omNode-3|rpc:localhost:38427|priority:0, omNode-1|rpc:localhost:41375|priority:0, omNode-2|rpc:localhost:40735|priority:0] with OzoneManagerStateMachine:uninitialized
2022-03-14 12:22:05,702 [pool-312-thread-1] INFO  server.RaftServerConfigKeys (ConfUtils.java:logGet(44)) - raft.server.rpc.timeout.min = 1s (custom)
2022-03-14 12:22:05,702 [pool-312-thread-1] INFO  server.RaftServerConfigKeys (ConfUtils.java:logGet(44)) - raft.server.rpc.timeout.max = 1200ms (custom)
2022-03-14 12:22:05,702 [pool-312-thread-1] INFO  server.RaftServerConfigKeys (ConfUtils.java:logGet(44)) - raft.server.rpc.sleep.time = 25ms (default)
2022-03-14 12:22:05,702 [pool-312-thread-1] INFO  server.RaftServerConfigKeys (ConfUtils.java:logGet(44)) - raft.server.rpc.slowness.timeout = 2s (custom)
2022-03-14 12:22:05,703 [pool-312-thread-1] INFO  server.RaftServerConfigKeys (ConfUtils.java:logGet(44)) - raft.server.leaderelection.leader.step-down.wait-time = 10s (default)
2022-03-14 12:22:05,703 [pool-312-thread-1] INFO  server.RaftServerConfigKeys (ConfUtils.java:logGet(44)) - raft.server.sleep.deviation.threshold = 300ms (default)
2022-03-14 12:22:05,703 [pool-312-thread-1] INFO  server.RaftServerConfigKeys (ConfUtils.java:logGet(44)) - raft.server.log.appender.install.snapshot.enabled = false (custom)
2022-03-14 12:22:05,703 [pool-312-thread-1] INFO  server.RaftServer$Division (ServerState.java:<init>(105)) - omNode-3@group-523986131536: ConfigurationManager, init=-1: [omNode-3|rpc:localhost:38427|priority:0, omNode-1|rpc:localhost:41375|priority:0, omNode-2|rpc:localhost:40735|priority:0], old=null, confs=<EMPTY_MAP>
2022-03-14 12:22:05,703 [pool-312-thread-1] INFO  server.RaftServerConfigKeys (ConfUtils.java:logGet(44)) - raft.server.storage.dir = [/home/runner/work/ozone/ozone/hadoop-ozone/integration-test/target/test-dir/MiniOzoneClusterImpl-278953cb-1c57-4e8b-ba2f-5e3472d45912/omNode-3/ratis] (custom)
2022-03-14 12:22:05,710 [pool-312-thread-1] INFO  server.RaftServerConfigKeys (ConfUtils.java:logGet(44)) - raft.server.log.corruption.policy = EXCEPTION (default)
2022-03-14 12:22:05,710 [pool-312-thread-1] INFO  server.RaftServerConfigKeys (ConfUtils.java:logGet(44)) - raft.server.storage.free-space.min = 0MB (=0) (default)
2022-03-14 12:22:05,712 [pool-312-thread-1] INFO  storage.RaftStorageDirectory (RaftStorageDirectoryImpl.java:tryLock(230)) - Lock on /home/runner/work/ozone/ozone/hadoop-ozone/integration-test/target/test-dir/MiniOzoneClusterImpl-278953cb-1c57-4e8b-ba2f-5e3472d45912/omNode-3/ratis/c9bc4cf4-3bc3-3c60-a66b-523986131536/in_use.lock acquired by nodename 10847@fv-az291-848
2022-03-14 12:22:05,712 [pool-312-thread-1] INFO  storage.RaftStorage (RaftStorageImpl.java:analyzeAndRecoverStorage(110)) - Read RaftStorageMetadata{term=6, votedFor=omNode-3} from /home/runner/work/ozone/ozone/hadoop-ozone/integration-test/target/test-dir/MiniOzoneClusterImpl-278953cb-1c57-4e8b-ba2f-5e3472d45912/omNode-3/ratis/c9bc4cf4-3bc3-3c60-a66b-523986131536/current/raft-meta
2022-03-14 12:22:05,712 [pool-312-thread-1] INFO  server.RaftServer$Division (ServerState.java:setRaftConf(387)) - omNode-3@group-523986131536: set configuration 25: [omNode-3|rpc:localhost:38427|admin:|client:|dataStream:|priority:0, omNode-1|rpc:localhost:41375|admin:|client:|dataStream:|priority:0, omNode-2|rpc:localhost:40735|admin:|client:|dataStream:|priority:0], old=null
2022-03-14 12:22:05,713 [pool-312-thread-1] INFO  server.RaftServerConfigKeys (ConfUtils.java:logGet(44)) - raft.server.notification.no-leader.timeout = 2s (custom)
2022-03-14 12:22:05,713 [pool-312-thread-1] INFO  server.RaftServerConfigKeys (ConfUtils.java:logGet(44)) - raft.server.log.use.memory = false (default)
2022-03-14 12:22:05,713 [pool-312-thread-1] INFO  server.RaftServerConfigKeys (ConfUtils.java:logGet(44)) - raft.server.log.purge.gap = 50 (custom)
2022-03-14 12:22:05,713 [pool-312-thread-1] INFO  server.RaftServerConfigKeys (ConfUtils.java:logGet(44)) - raft.server.log.appender.buffer.byte-limit = 33554432 (custom)
2022-03-14 12:22:05,713 [pool-312-thread-1] INFO  server.RaftServerConfigKeys (ConfUtils.java:logGet(44)) - raft.server.log.segment.size.max = 4194304 (custom)
2022-03-14 12:22:05,713 [pool-312-thread-1] INFO  server.RaftServerConfigKeys (ConfUtils.java:logGet(44)) - raft.server.log.segment.cache.num.max = 2 (custom)
2022-03-14 12:22:05,713 [pool-312-thread-1] INFO  server.RaftServerConfigKeys (ConfUtils.java:logGet(44)) - raft.server.log.segment.cache.size.max = 200MB (=209715200) (default)
2022-03-14 12:22:05,713 [pool-312-thread-1] INFO  segmented.SegmentedRaftLogWorker (SegmentedRaftLogWorker.java:<init>(182)) - new omNode-3@group-523986131536-SegmentedRaftLogWorker for RaftStorageImpl:Storage Directory /home/runner/work/ozone/ozone/hadoop-ozone/integration-test/target/test-dir/MiniOzoneClusterImpl-278953cb-1c57-4e8b-ba2f-5e3472d45912/omNode-3/ratis/c9bc4cf4-3bc3-3c60-a66b-523986131536
2022-03-14 12:22:05,713 [pool-312-thread-1] INFO  server.RaftServerConfigKeys (ConfUtils.java:logGet(44)) - raft.server.log.queue.byte-limit = 64MB (=67108864) (default)
2022-03-14 12:22:05,713 [pool-312-thread-1] INFO  server.RaftServerConfigKeys (ConfUtils.java:logGet(44)) - raft.server.log.queue.element-limit = 4096 (default)
2022-03-14 12:22:05,713 [pool-312-thread-1] INFO  server.RaftServerConfigKeys (ConfUtils.java:logGet(44)) - raft.server.log.segment.size.max = 4194304 (custom)
2022-03-14 12:22:05,713 [pool-312-thread-1] INFO  server.RaftServerConfigKeys (ConfUtils.java:logGet(44)) - raft.server.log.preallocated.size = 4194304 (custom)
2022-03-14 12:22:05,713 [pool-312-thread-1] INFO  server.RaftServerConfigKeys (ConfUtils.java:logGet(44)) - raft.server.log.force.sync.num = 128 (default)
2022-03-14 12:22:05,714 [pool-312-thread-1] INFO  server.RaftServerConfigKeys (ConfUtils.java:logGet(44)) - raft.server.log.statemachine.data.sync = true (default)
2022-03-14 12:22:05,714 [pool-312-thread-1] INFO  server.RaftServerConfigKeys (ConfUtils.java:logGet(44)) - raft.server.log.statemachine.data.sync.timeout = 10s (default)
2022-03-14 12:22:05,714 [pool-312-thread-1] INFO  server.RaftServerConfigKeys (ConfUtils.java:logGet(44)) - raft.server.log.statemachine.data.sync.timeout.retry = -1 (default)
2022-03-14 12:22:05,714 [pool-312-thread-1] INFO  server.RaftServerConfigKeys (ConfUtils.java:logGet(44)) - raft.server.log.write.buffer.size = 64KB (=65536) (default)
2022-03-14 12:22:05,714 [pool-312-thread-1] INFO  server.RaftServerConfigKeys (ConfUtils.java:logGet(44)) - raft.server.log.statemachine.data.caching.enabled = false (default)
2022-03-14 12:22:05,715 [pool-312-thread-1] INFO  server.RaftServer$Division (ServerState.java:setRaftConf(387)) - omNode-3@group-523986131536: set configuration 19: [omNode-3|rpc:localhost:38427|admin:|client:|dataStream:|priority:0, omNode-1|rpc:localhost:41375|admin:|client:|dataStream:|priority:0, omNode-2|rpc:localhost:40735|admin:|client:|dataStream:|priority:0], old=null
2022-03-14 12:22:05,715 [pool-312-thread-1] INFO  segmented.LogSegment (LogSegment.java:loadSegment(173)) - Successfully read 2 entries from segment file /home/runner/work/ozone/ozone/hadoop-ozone/integration-test/target/test-dir/MiniOzoneClusterImpl-278953cb-1c57-4e8b-ba2f-5e3472d45912/omNode-3/ratis/c9bc4cf4-3bc3-3c60-a66b-523986131536/current/log_19-20
2022-03-14 12:22:05,716 [pool-312-thread-1] INFO  server.RaftServer$Division (ServerState.java:setRaftConf(387)) - omNode-3@group-523986131536: set configuration 21: [omNode-3|rpc:localhost:38427|admin:|client:|dataStream:|priority:0, omNode-1|rpc:localhost:41375|admin:|client:|dataStream:|priority:0, omNode-2|rpc:localhost:40735|admin:|client:|dataStream:|priority:0], old=null
2022-03-14 12:22:05,716 [pool-312-thread-1] INFO  segmented.LogSegment (LogSegment.java:loadSegment(173)) - Successfully read 4 entries from segment file /home/runner/work/ozone/ozone/hadoop-ozone/integration-test/target/test-dir/MiniOzoneClusterImpl-278953cb-1c57-4e8b-ba2f-5e3472d45912/omNode-3/ratis/c9bc4cf4-3bc3-3c60-a66b-523986131536/current/log_21-24
2022-03-14 12:22:05,717 [pool-312-thread-1] INFO  server.RaftServer$Division (ServerState.java:setRaftConf(387)) - omNode-3@group-523986131536: set configuration 25: [omNode-3|rpc:localhost:38427|admin:|client:|dataStream:|priority:0, omNode-1|rpc:localhost:41375|admin:|client:|dataStream:|priority:0, omNode-2|rpc:localhost:40735|admin:|client:|dataStream:|priority:0], old=null
2022-03-14 12:22:05,717 [pool-312-thread-1] INFO  segmented.LogSegment (LogSegment.java:loadSegment(173)) - Successfully read 4 entries from segment file /home/runner/work/ozone/ozone/hadoop-ozone/integration-test/target/test-dir/MiniOzoneClusterImpl-278953cb-1c57-4e8b-ba2f-5e3472d45912/omNode-3/ratis/c9bc4cf4-3bc3-3c60-a66b-523986131536/current/log_inprogress_25
2022-03-14 12:22:05,717 [pool-312-thread-1] INFO  segmented.SegmentedRaftLogWorker (SegmentedRaftLogWorker.java:lambda$new$0(133)) - omNode-3@group-523986131536-SegmentedRaftLogWorker: flushIndex: setUnconditionally 0 -> 28
2022-03-14 12:22:05,717 [pool-312-thread-1] INFO  segmented.SegmentedRaftLogWorker (SegmentedRaftLogWorker.java:lambda$new$0(133)) - omNode-3@group-523986131536-SegmentedRaftLogWorker: safeCacheEvictIndex: setUnconditionally 0 -> 24
2022-03-14 12:22:05,717 [pool-312-thread-1] INFO  raftlog.RaftLog (RaftLogBase.java:lambda$new$0(53)) - omNode-3@group-523986131536-SegmentedRaftLog: commitIndex: updateToMax old=28, new=27, updated? false
2022-03-14 12:22:05,717 [pool-312-thread-1] INFO  raftlog.RaftLog (RaftLogBase.java:lambda$new$0(53)) - omNode-3@group-523986131536-SegmentedRaftLog: purgeIndex: updateIncreasingly -1 -> 18
2022-03-14 12:22:05,717 [pool-312-thread-1] INFO  server.RaftServerConfigKeys (ConfUtils.java:logGet(44)) - raft.server.snapshot.auto.trigger.enabled = true (custom)
2022-03-14 12:22:05,717 [pool-312-thread-1] INFO  server.RaftServerConfigKeys (ConfUtils.java:logGet(44)) - raft.server.snapshot.auto.trigger.threshold = 50 (custom)
2022-03-14 12:22:05,717 [pool-312-thread-1] INFO  server.RaftServerConfigKeys (ConfUtils.java:logGet(44)) - raft.server.snapshot.retention.file.num = -1 (default)
2022-03-14 12:22:05,717 [pool-312-thread-1] INFO  server.RaftServerConfigKeys (ConfUtils.java:logGet(44)) - raft.server.log.purge.upto.snapshot.index = true (custom)
2022-03-14 12:22:05,717 [pool-312-thread-1] INFO  server.RaftServerConfigKeys (ConfUtils.java:logGet(44)) - raft.server.retrycache.expirytime = 30000ms (custom)
2022-03-14 12:22:05,717 [pool-312-thread-1] INFO  server.RaftServerConfigKeys (ConfUtils.java:logGet(44)) - raft.server.retrycache.statistics.expirytime = 100μs (default)
2022-03-14 12:22:05,718 [Time-limited test] INFO  server.RaftServer$Division (RaftServerImpl.java:start(301)) - omNode-3@group-523986131536: start as a follower, conf=25: [omNode-3|rpc:localhost:38427|admin:|client:|dataStream:|priority:0, omNode-1|rpc:localhost:41375|admin:|client:|dataStream:|priority:0, omNode-2|rpc:localhost:40735|admin:|client:|dataStream:|priority:0], old=null
2022-03-14 12:22:05,719 [Time-limited test] INFO  server.RaftServer$Division (RaftServerImpl.java:setRole(290)) - omNode-3@group-523986131536: changes role from      null to FOLLOWER at term 6 for startAsFollower
2022-03-14 12:22:05,719 [Time-limited test] INFO  impl.RoleInfo (RoleInfo.java:updateAndGet(130)) - omNode-3: start omNode-3@group-523986131536-FollowerState
2022-03-14 12:22:05,727 [Time-limited test] INFO  util.JmxRegister (JmxRegister.java:tryRegister(44)) - Successfully registered JMX Bean with object name Ratis:service=RaftServer,group=group-523986131536,id=omNode-3
2022-03-14 12:22:05,730 [Time-limited test] INFO  server.RaftServer (RaftServerProxy.java:lambda$start$5(374)) - omNode-3: start RPC server
2022-03-14 12:22:05,730 [Time-limited test] INFO  server.GrpcService (GrpcService.java:startImpl(253)) - omNode-3: GrpcService started, listening on 38427
2022-03-14 12:22:05,741 [org.apache.ratis.util.JvmPauseMonitor$$Lambda$422/892611887@2e8751e] INFO  util.JvmPauseMonitor (JvmPauseMonitor.java:run(103)) - JvmPauseMonitor-omNode-3: Started
2022-03-14 12:22:05,741 [Time-limited test] INFO  ipc.CallQueueManager (CallQueueManager.java:<init>(90)) - Using callQueue: class java.util.concurrent.LinkedBlockingQueue, queueCapacity: 2000, scheduler: class org.apache.hadoop.ipc.DefaultRpcScheduler, ipcBackoff: false.
2022-03-14 12:22:05,750 [Socket Reader #1 for port 38867] INFO  ipc.Server (Server.java:run(1265)) - Starting Socket Reader #1 for port 38867
2022-03-14 12:22:05,767 [Listener at localhost/38867] INFO  http.BaseHttpServer (BaseHttpServer.java:newHttpServer2BuilderForOzone(209)) - Starting Web-server for ozoneManager at: http://0.0.0.0:44195
2022-03-14 12:22:05,768 [Listener at localhost/38867] INFO  http.BaseHttpServer (BaseHttpServer.java:<init>(107)) - Hadoop Security Enabled: false Ozone Security Enabled: false Ozone HTTP Security Enabled: false 
2022-03-14 12:22:05,768 [Listener at localhost/38867] INFO  server.AuthenticationFilter (AuthenticationFilter.java:constructSecretProvider(240)) - Unable to initialize FileSignerSecretProvider, falling back to use random secrets.
2022-03-14 12:22:05,769 [Listener at localhost/38867] WARN  http.HttpRequestLog (HttpRequestLog.java:getRequestLog(103)) - Jetty request log can only be enabled using Log4j
2022-03-14 12:22:05,770 [Listener at localhost/38867] INFO  http.HttpServer2 (HttpServer2.java:addGlobalFilter(1030)) - Added global filter 'safety' (class=org.apache.hadoop.hdds.server.http.HttpServer2$QuotingInputFilter)
2022-03-14 12:22:05,771 [Listener at localhost/38867] INFO  http.HttpServer2 (HttpServer2.java:addFilter(1006)) - Added filter static_user_filter (class=org.apache.hadoop.http.lib.StaticUserWebFilter$StaticUserFilter) to context ozoneManager
2022-03-14 12:22:05,771 [Listener at localhost/38867] INFO  http.HttpServer2 (HttpServer2.java:addFilter(1014)) - Added filter static_user_filter (class=org.apache.hadoop.http.lib.StaticUserWebFilter$StaticUserFilter) to context logs
2022-03-14 12:22:05,771 [Listener at localhost/38867] INFO  http.HttpServer2 (HttpServer2.java:addFilter(1014)) - Added filter static_user_filter (class=org.apache.hadoop.http.lib.StaticUserWebFilter$StaticUserFilter) to context static
2022-03-14 12:22:05,771 [Listener at localhost/38867] INFO  http.HttpServer2 (HttpServer2.java:bindListener(1249)) - Jetty bound to port 44195
2022-03-14 12:22:05,772 [Listener at localhost/38867] INFO  server.Server (Server.java:doStart(375)) - jetty-9.4.43.v20210629; built: 2021-06-30T11:07:22.254Z; git: 526006ecfa3af7f1a27ef3a288e2bef7ea9dd7e8; jvm 1.8.0_322-b06
2022-03-14 12:22:05,806 [Listener at localhost/38867] INFO  server.session (DefaultSessionIdManager.java:doStart(334)) - DefaultSessionIdManager workerName=node0
2022-03-14 12:22:05,806 [Listener at localhost/38867] INFO  server.session (DefaultSessionIdManager.java:doStart(339)) - No SessionScavenger set, using defaults
2022-03-14 12:22:05,806 [Listener at localhost/38867] INFO  server.session (HouseKeeper.java:startScavenging(132)) - node0 Scavenging every 660000ms
2022-03-14 12:22:05,809 [Listener at localhost/38867] INFO  handler.ContextHandler (ContextHandler.java:doStart(915)) - Started o.e.j.s.ServletContextHandler@3188fab9{logs,/logs,file:///home/runner/work/ozone/ozone/hadoop-ozone/integration-test/target/log,AVAILABLE}
2022-03-14 12:22:05,809 [Listener at localhost/38867] INFO  handler.ContextHandler (ContextHandler.java:doStart(915)) - Started o.e.j.s.ServletContextHandler@7ea427a5{static,/static,file:///home/runner/work/ozone/ozone/hadoop-ozone/integration-test/target/test-classes/webapps/static,AVAILABLE}
2022-03-14 12:22:05,824 [Listener at localhost/38867] INFO  handler.ContextHandler (ContextHandler.java:doStart(915)) - Started o.e.j.w.WebAppContext@273d3d16{ozoneManager,/,file:///home/runner/work/ozone/ozone/hadoop-ozone/integration-test/target/test-classes/webapps/ozoneManager/,AVAILABLE}{file:/home/runner/work/ozone/ozone/hadoop-ozone/integration-test/target/test-classes/webapps/ozoneManager}
2022-03-14 12:22:05,832 [Listener at localhost/38867] INFO  server.AbstractConnector (AbstractConnector.java:doStart(331)) - Started ServerConnector@11c4073e{HTTP/1.1, (http/1.1)}{0.0.0.0:44195}
2022-03-14 12:22:05,832 [Listener at localhost/38867] INFO  server.Server (Server.java:doStart(415)) - Started @290126ms
2022-03-14 12:22:05,832 [Listener at localhost/38867] WARN  impl.MetricsSystemImpl (MetricsSystemImpl.java:register(279)) - Sink prometheus already exists!
2022-03-14 12:22:05,833 [Listener at localhost/38867] INFO  http.BaseHttpServer (BaseHttpServer.java:updateConnectorAddress(329)) - HTTP server of ozoneManager listening at http://0.0.0.0:44195
2022-03-14 12:22:05,842 [IPC Server Responder] INFO  ipc.Server (Server.java:run(1507)) - IPC Server Responder: starting
2022-03-14 12:22:05,854 [IPC Server listener on 38867] INFO  ipc.Server (Server.java:run(1344)) - IPC Server listener on 38867: starting
2022-03-14 12:22:05,864 [Listener at localhost/38867] INFO  om.OzoneManager (OzoneManager.java:startTrashEmptier(1792)) - Trash Interval set to 0. Files deleted will not move to trash
2022-03-14 12:22:05,866 [Listener at localhost/38867] INFO  om.OzoneManager (OzoneManager.java:stop(1893)) - omNode-1[localhost:33717]: Stopping Ozone Manager
2022-03-14 12:22:05,866 [Listener at localhost/38867] INFO  ipc.Server (Server.java:stop(3414)) - Stopping server on 33717
2022-03-14 12:22:05,870 [IPC Server Responder] INFO  ipc.Server (Server.java:run(1512)) - Stopping IPC Server Responder
2022-03-14 12:22:05,870 [Listener at localhost/38867] INFO  server.RaftServer (RaftServerProxy.java:lambda$close$6(391)) - omNode-1: close
2022-03-14 12:22:05,870 [IPC Server listener on 33717] INFO  ipc.Server (Server.java:run(1376)) - Stopping IPC Server listener on 33717
2022-03-14 12:22:05,871 [Listener at localhost/38867] INFO  server.RaftServer$Division (RaftServerImpl.java:lambda$close$4(412)) - omNode-1@group-523986131536: shutdown
2022-03-14 12:22:05,871 [Listener at localhost/38867] INFO  util.JmxRegister (JmxRegister.java:unregister(73)) - Successfully un-registered JMX Bean with object name Ratis:service=RaftServer,group=group-523986131536,id=omNode-1
2022-03-14 12:22:05,871 [Listener at localhost/38867] INFO  impl.RoleInfo (RoleInfo.java:shutdownFollowerState(108)) - omNode-1: shutdown omNode-1@group-523986131536-FollowerState
2022-03-14 12:22:05,871 [Listener at localhost/38867] INFO  impl.StateMachineUpdater (StateMachineUpdater.java:stopAndJoin(149)) - omNode-1@group-523986131536-StateMachineUpdater: set stopIndex = 18
2022-03-14 12:22:05,871 [omNode-1@group-523986131536-FollowerState] INFO  impl.FollowerState (FollowerState.java:run(143)) - omNode-1@group-523986131536-FollowerState was interrupted: {}
java.lang.InterruptedException: sleep interrupted
	at java.lang.Thread.sleep(Native Method)
	at java.lang.Thread.sleep(Thread.java:342)
	at java.util.concurrent.TimeUnit.sleep(TimeUnit.java:386)
	at org.apache.ratis.util.TimeDuration.sleep(TimeDuration.java:324)
	at org.apache.ratis.util.TimeDuration.sleep(TimeDuration.java:309)
	at org.apache.ratis.server.impl.FollowerState.run(FollowerState.java:118)
2022-03-14 12:22:05,871 [omNode-1@group-523986131536-StateMachineUpdater] INFO  ratis.OzoneManagerStateMachine (OzoneManagerStateMachine.java:close(471)) - StateMachine has shutdown. Shutdown OzoneManager if not already shutdown.
2022-03-14 12:22:05,876 [Listener at localhost/38867] INFO  server.RaftServer$Division (ServerState.java:close(419)) - omNode-1@group-523986131536: closes. applyIndex: 18
2022-03-14 12:22:05,876 [org.apache.hadoop.util.JvmPauseMonitor$Monitor@6584f2be] INFO  util.JvmPauseMonitor (JvmPauseMonitor.java:run(188)) - Starting JVM pause monitor
2022-03-14 12:22:05,877 [omNode-1@group-523986131536-SegmentedRaftLogWorker] INFO  segmented.SegmentedRaftLogWorker (SegmentedRaftLogWorker.java:run(327)) - omNode-1@group-523986131536-SegmentedRaftLogWorker was interrupted, exiting. There are 0 tasks remaining in the queue.
2022-03-14 12:22:05,877 [Listener at localhost/38867] INFO  segmented.SegmentedRaftLogWorker (SegmentedRaftLogWorker.java:close(237)) - omNode-1@group-523986131536-SegmentedRaftLogWorker close()
2022-03-14 12:22:05,878 [Listener at localhost/38867] INFO  server.GrpcService (GrpcService.java:closeImpl(262)) - omNode-1: shutdown server with port 41375 now
2022-03-14 12:22:05,879 [grpc-default-executor-1] WARN  server.GrpcServerProtocolService (LogUtils.java:warn(122)) - omNode-1: installSnapshot onError, lastRequest: omNode-2->omNode-1#1-t7,previous=(t:6, i:28),leaderCommit=28,initializing? true,entries: size=1, first=(t:7, i:29), CONFIGURATIONENTRY: org.apache.ratis.thirdparty.io.grpc.StatusRuntimeException: CANCELLED: client cancelled
2022-03-14 12:22:05,887 [grpc-default-executor-7] WARN  server.GrpcLogAppender (LogUtils.java:warn(122)) - omNode-2@group-523986131536->omNode-1-AppendLogResponseHandler: Failed appendEntries: org.apache.ratis.thirdparty.io.grpc.StatusRuntimeException: CANCELLED: HTTP/2 error code: CANCEL
Received Rst Stream
2022-03-14 12:22:05,888 [grpc-default-executor-1] INFO  server.GrpcLogAppender (GrpcLogAppender.java:onError(335)) - omNode-2@group-523986131536->omNode-1-GrpcLogAppender is stopped
2022-03-14 12:22:05,888 [grpc-default-executor-7] INFO  leader.FollowerInfo (FollowerInfoImpl.java:lambda$new$0(47)) - omNode-2@group-523986131536->omNode-1: nextIndex: updateUnconditionally 30 -> 19
2022-03-14 12:22:05,892 [Listener at localhost/38867] INFO  server.GrpcService (GrpcService.java:closeImpl(271)) - omNode-1: shutdown server with port 41375 successfully
2022-03-14 12:22:05,892 [grpc-default-executor-9] WARN  server.GrpcServerProtocolService (LogUtils.java:warn(122)) - omNode-1: installSnapshot onError, lastRequest: omNode-2->omNode-1#201-t7,previous=(t:0, i:0),leaderCommit=11,initializing? false,entries: size=11, first=(t:3, i:19), CONFIGURATIONENTRY: org.apache.ratis.thirdparty.io.grpc.StatusRuntimeException: CANCELLED: client cancelled
2022-03-14 12:22:05,893 [org.apache.ratis.util.JvmPauseMonitor$$Lambda$422/892611887@609d87cc] INFO  util.JvmPauseMonitor (JvmPauseMonitor.java:run(109)) - JvmPauseMonitor-omNode-1: Stopped
2022-03-14 12:22:05,893 [Listener at localhost/38867] INFO  ratis.OzoneManagerDoubleBuffer (OzoneManagerDoubleBuffer.java:stop(437)) - Stopping OMDoubleBuffer flush thread
2022-03-14 12:22:05,893 [OMDoubleBufferFlushThread] INFO  ratis.OzoneManagerDoubleBuffer (OzoneManagerDoubleBuffer.java:flushTransactions(356)) - OMDoubleBuffer flush thread OMDoubleBufferFlushThread is interrupted and will exit. OMDoubleBufferFlushThread
2022-03-14 12:22:05,894 [Listener at localhost/38867] INFO  handler.ContextHandler (ContextHandler.java:doStop(1153)) - Stopped o.e.j.w.WebAppContext@6b8f67b5{ozoneManager,/,null,STOPPED}{file:/home/runner/work/ozone/ozone/hadoop-ozone/integration-test/target/test-classes/webapps/ozoneManager}
2022-03-14 12:22:05,895 [Listener at localhost/38867] INFO  server.AbstractConnector (AbstractConnector.java:doStop(381)) - Stopped ServerConnector@3196e0a6{HTTP/1.1, (http/1.1)}{0.0.0.0:46861}
2022-03-14 12:22:05,895 [Listener at localhost/38867] INFO  server.session (HouseKeeper.java:stopScavenging(149)) - node0 Stopped scavenging
2022-03-14 12:22:05,895 [Listener at localhost/38867] INFO  handler.ContextHandler (ContextHandler.java:doStop(1153)) - Stopped o.e.j.s.ServletContextHandler@3905da18{static,/static,file:///home/runner/work/ozone/ozone/hadoop-ozone/integration-test/target/test-classes/webapps/static,STOPPED}
2022-03-14 12:22:05,895 [Listener at localhost/38867] INFO  handler.ContextHandler (ContextHandler.java:doStop(1153)) - Stopped o.e.j.s.ServletContextHandler@4f146464{logs,/logs,file:///home/runner/work/ozone/ozone/hadoop-ozone/integration-test/target/log,STOPPED}
2022-03-14 12:22:05,901 [Listener at localhost/38867] INFO  om.OzoneManager (OzoneManager.java:restart(1451)) - OzoneManager RPC server is listening at localhost/127.0.0.1:33717
2022-03-14 12:22:05,901 [Listener at localhost/38867] INFO  impl.MetricsSystemImpl (MetricsSystemImpl.java:init(158)) - OzoneManager metrics system started (again)
2022-03-14 12:22:05,906 [grpc-default-executor-7] WARN  server.GrpcLogAppender (LogUtils.java:warn(122)) - omNode-2@group-523986131536->omNode-1-AppendLogResponseHandler: Failed appendEntries: org.apache.ratis.thirdparty.io.grpc.StatusRuntimeException: UNAVAILABLE: io exception
2022-03-14 12:22:05,906 [grpc-default-executor-7] INFO  leader.FollowerInfo (FollowerInfoImpl.java:lambda$new$0(47)) - omNode-2@group-523986131536->omNode-1: nextIndex: updateUnconditionally 30 -> 19
2022-03-14 12:22:05,912 [Listener at localhost/38867] WARN  server.ServerUtils (ServerUtils.java:getDBPath(225)) - ozone.om.db.dirs is not configured. We recommend adding this setting. Falling back to ozone.metadata.dirs instead.
2022-03-14 12:22:05,913 [Listener at localhost/38867] INFO  codec.OmKeyInfoCodec (OmKeyInfoCodec.java:<init>(49)) - OmKeyInfoCodec ignorePipeline = true
2022-03-14 12:22:05,913 [Listener at localhost/38867] INFO  codec.RepeatedOmKeyInfoCodec (RepeatedOmKeyInfoCodec.java:<init>(41)) - RepeatedOmKeyInfoCodec ignorePipeline = true
2022-03-14 12:22:05,959 [Listener at localhost/38867] WARN  om.OzoneManager (OzoneManager.java:instantiatePrepareStateOnStartup(3818)) - Prepare marker file index 18 does not match DB prepare index 15. Writing DB index to prepare file and maintaining prepared state.
2022-03-14 12:22:05,960 [Listener at localhost/38867] INFO  om.OzoneManagerPrepareState (OzoneManagerPrepareState.java:writePrepareMarkerFile(262)) - Prepare marker file written with log index 15 to file /home/runner/work/ozone/ozone/hadoop-ozone/integration-test/target/test-dir/MiniOzoneClusterImpl-278953cb-1c57-4e8b-ba2f-5e3472d45912/omNode-1/current/prepareMarker
2022-03-14 12:22:05,960 [Listener at localhost/38867] WARN  impl.MetricRegistriesImpl (MetricRegistriesImpl.java:addReporterRegistration(111)) - New reporters are added after registries were created. Some metrics will be missing from the reporter. Please add reporter before adding any new registry.
2022-03-14 12:22:05,961 [Listener at localhost/38867] WARN  impl.MetricRegistriesImpl (MetricRegistriesImpl.java:addReporterRegistration(111)) - New reporters are added after registries were created. Some metrics will be missing from the reporter. Please add reporter before adding any new registry.
2022-03-14 12:22:05,961 [Listener at localhost/38867] WARN  server.ServerUtils (ServerUtils.java:getDefaultRatisDirectory(237)) - Storage directory for Ratis is not configured. It is a good idea to map this to an SSD disk. Falling back to ozone.metadata.dirs
2022-03-14 12:22:05,961 [Listener at localhost/38867] INFO  ratis.OzoneManagerRatisServer (OzoneManagerRatisServer.java:<init>(159)) - Instantiating OM Ratis server with groupID: om-service-test1 and peers: localhost:41375, localhost:38427, localhost:40735
2022-03-14 12:22:05,962 [Listener at localhost/38867] INFO  ratis.OzoneManagerStateMachine (OzoneManagerStateMachine.java:loadSnapshotInfoFromDB(605)) - LastAppliedIndex is set from TransactionInfo from OM DB as (t:2, i:18)
2022-03-14 12:22:05,964 [Listener at localhost/38867] INFO  server.RaftServer (ConfUtils.java:logGet(44)) - raft.rpc.type = GRPC (default)
2022-03-14 12:22:05,964 [Listener at localhost/38867] INFO  grpc.GrpcFactory (GrpcFactory.java:checkPooledByteBufAllocatorUseCacheForAllThreads(48)) - PERFORMANCE WARNING: useCacheForAllThreads is true that may cause Netty to create a lot garbage objects and, as a result, trigger GC.
	It is recommended to disable useCacheForAllThreads by setting -Dorg.apache.ratis.thirdparty.io.netty.allocator.useCacheForAllThreads=false in command line.
2022-03-14 12:22:05,964 [Listener at localhost/38867] INFO  grpc.GrpcConfigKeys (ConfUtils.java:logGet(44)) - raft.grpc.admin.port = -1 (default)
2022-03-14 12:22:05,964 [Listener at localhost/38867] INFO  grpc.GrpcConfigKeys (ConfUtils.java:logGet(44)) - raft.grpc.server.port = 41375 (custom)
2022-03-14 12:22:05,965 [Listener at localhost/38867] INFO  grpc.GrpcConfigKeys (ConfUtils.java:logGet(44)) - raft.grpc.client.port = -1 (default)
2022-03-14 12:22:05,965 [Listener at localhost/38867] INFO  grpc.GrpcConfigKeys (ConfUtils.java:logGet(44)) - raft.grpc.server.port = 41375 (custom)
2022-03-14 12:22:05,965 [Listener at localhost/38867] INFO  grpc.GrpcConfigKeys (ConfUtils.java:logGet(44)) - raft.grpc.server.port = 41375 (custom)
2022-03-14 12:22:05,965 [Listener at localhost/38867] INFO  server.GrpcService (ConfUtils.java:logGet(44)) - raft.grpc.message.size.max = 33554432 (custom)
2022-03-14 12:22:05,965 [Listener at localhost/38867] INFO  server.RaftServerConfigKeys (ConfUtils.java:logGet(44)) - raft.server.log.appender.buffer.byte-limit = 33554432 (custom)
2022-03-14 12:22:05,965 [Listener at localhost/38867] INFO  server.GrpcService (ConfUtils.java:logGet(44)) - raft.grpc.flow.control.window = 1MB (=1048576) (default)
2022-03-14 12:22:05,965 [Listener at localhost/38867] INFO  server.RaftServerConfigKeys (ConfUtils.java:logGet(44)) - raft.server.rpc.request.timeout = 3000ms (default)
2022-03-14 12:22:05,966 [Listener at localhost/38867] INFO  impl.DataStreamServerImpl (ConfUtils.java:logGet(44)) - raft.datastream.type = DISABLED (default)
2022-03-14 12:22:05,966 [Listener at localhost/38867] INFO  server.RaftServerConfigKeys (ConfUtils.java:logGet(44)) - raft.server.rpc.slowness.timeout = 2s (custom)
2022-03-14 12:22:05,966 [Listener at localhost/38867] INFO  server.RaftServerConfigKeys (ConfUtils.java:logGet(44)) - raft.server.leaderelection.leader.step-down.wait-time = 10s (default)
2022-03-14 12:22:05,967 [Listener at localhost/38867] INFO  server.RaftServerConfigKeys (ConfUtils.java:logGet(44)) - raft.server.storage.dir = [/home/runner/work/ozone/ozone/hadoop-ozone/integration-test/target/test-dir/MiniOzoneClusterImpl-278953cb-1c57-4e8b-ba2f-5e3472d45912/omNode-1/ratis] (custom)
2022-03-14 12:22:05,967 [Listener at localhost/38867] INFO  server.RaftServer (RaftServerProxy.java:lambda$null$1(235)) - omNode-1: found a subdirectory /home/runner/work/ozone/ozone/hadoop-ozone/integration-test/target/test-dir/MiniOzoneClusterImpl-278953cb-1c57-4e8b-ba2f-5e3472d45912/omNode-1/ratis/c9bc4cf4-3bc3-3c60-a66b-523986131536
2022-03-14 12:22:05,969 [Listener at localhost/38867] INFO  server.RaftServer (RaftServerProxy.java:addNew(95)) - omNode-1: addNew group-523986131536:[omNode-3|rpc:localhost:38427|priority:0, omNode-1|rpc:localhost:41375|priority:0, omNode-2|rpc:localhost:40735|priority:0] returns group-523986131536:java.util.concurrent.CompletableFuture@59be55e2[Not completed]
2022-03-14 12:22:05,969 [Listener at localhost/38867] INFO  om.OzoneManager (OzoneManager.java:initializeRatisServer(1834)) - OzoneManager Ratis server initialized at port 41375
2022-03-14 12:22:05,969 [Listener at localhost/38867] INFO  ratis.OzoneManagerRatisServer (OzoneManagerRatisServer.java:start(554)) - Starting OzoneManagerRatisServer omNode-1 at port 41375
2022-03-14 12:22:05,970 [pool-332-thread-1] INFO  server.RaftServer$Division (RaftServerImpl.java:<init>(184)) - omNode-1: new RaftServerImpl for group-523986131536:[omNode-3|rpc:localhost:38427|priority:0, omNode-1|rpc:localhost:41375|priority:0, omNode-2|rpc:localhost:40735|priority:0] with OzoneManagerStateMachine:uninitialized
2022-03-14 12:22:05,971 [pool-332-thread-1] INFO  server.RaftServerConfigKeys (ConfUtils.java:logGet(44)) - raft.server.rpc.timeout.min = 1s (custom)
2022-03-14 12:22:05,971 [pool-332-thread-1] INFO  server.RaftServerConfigKeys (ConfUtils.java:logGet(44)) - raft.server.rpc.timeout.max = 1200ms (custom)
2022-03-14 12:22:05,971 [pool-332-thread-1] INFO  server.RaftServerConfigKeys (ConfUtils.java:logGet(44)) - raft.server.rpc.sleep.time = 25ms (default)
2022-03-14 12:22:05,971 [pool-332-thread-1] INFO  server.RaftServerConfigKeys (ConfUtils.java:logGet(44)) - raft.server.rpc.slowness.timeout = 2s (custom)
2022-03-14 12:22:05,971 [pool-332-thread-1] INFO  server.RaftServerConfigKeys (ConfUtils.java:logGet(44)) - raft.server.leaderelection.leader.step-down.wait-time = 10s (default)
2022-03-14 12:22:05,971 [pool-332-thread-1] INFO  server.RaftServerConfigKeys (ConfUtils.java:logGet(44)) - raft.server.sleep.deviation.threshold = 300ms (default)
2022-03-14 12:22:05,971 [pool-332-thread-1] INFO  server.RaftServerConfigKeys (ConfUtils.java:logGet(44)) - raft.server.log.appender.install.snapshot.enabled = false (custom)
2022-03-14 12:22:05,971 [pool-332-thread-1] INFO  server.RaftServer$Division (ServerState.java:<init>(105)) - omNode-1@group-523986131536: ConfigurationManager, init=-1: [omNode-3|rpc:localhost:38427|priority:0, omNode-1|rpc:localhost:41375|priority:0, omNode-2|rpc:localhost:40735|priority:0], old=null, confs=<EMPTY_MAP>
2022-03-14 12:22:05,971 [pool-332-thread-1] INFO  server.RaftServerConfigKeys (ConfUtils.java:logGet(44)) - raft.server.storage.dir = [/home/runner/work/ozone/ozone/hadoop-ozone/integration-test/target/test-dir/MiniOzoneClusterImpl-278953cb-1c57-4e8b-ba2f-5e3472d45912/omNode-1/ratis] (custom)
2022-03-14 12:22:05,971 [pool-332-thread-1] INFO  server.RaftServerConfigKeys (ConfUtils.java:logGet(44)) - raft.server.log.corruption.policy = EXCEPTION (default)
2022-03-14 12:22:05,972 [pool-332-thread-1] INFO  server.RaftServerConfigKeys (ConfUtils.java:logGet(44)) - raft.server.storage.free-space.min = 0MB (=0) (default)
2022-03-14 12:22:05,973 [pool-332-thread-1] INFO  storage.RaftStorageDirectory (RaftStorageDirectoryImpl.java:tryLock(230)) - Lock on /home/runner/work/ozone/ozone/hadoop-ozone/integration-test/target/test-dir/MiniOzoneClusterImpl-278953cb-1c57-4e8b-ba2f-5e3472d45912/omNode-1/ratis/c9bc4cf4-3bc3-3c60-a66b-523986131536/in_use.lock acquired by nodename 10847@fv-az291-848
2022-03-14 12:22:05,973 [pool-332-thread-1] INFO  storage.RaftStorage (RaftStorageImpl.java:analyzeAndRecoverStorage(110)) - Read RaftStorageMetadata{term=7, votedFor=omNode-2} from /home/runner/work/ozone/ozone/hadoop-ozone/integration-test/target/test-dir/MiniOzoneClusterImpl-278953cb-1c57-4e8b-ba2f-5e3472d45912/omNode-1/ratis/c9bc4cf4-3bc3-3c60-a66b-523986131536/current/raft-meta
2022-03-14 12:22:05,973 [pool-332-thread-1] INFO  server.RaftServer$Division (ServerState.java:setRaftConf(387)) - omNode-1@group-523986131536: set configuration 29: [omNode-3|rpc:localhost:38427|admin:|client:|dataStream:|priority:0, omNode-1|rpc:localhost:41375|admin:|client:|dataStream:|priority:0, omNode-2|rpc:localhost:40735|admin:|client:|dataStream:|priority:0], old=null
2022-03-14 12:22:05,973 [pool-332-thread-1] INFO  server.RaftServerConfigKeys (ConfUtils.java:logGet(44)) - raft.server.notification.no-leader.timeout = 2s (custom)
2022-03-14 12:22:05,973 [pool-332-thread-1] INFO  server.RaftServerConfigKeys (ConfUtils.java:logGet(44)) - raft.server.log.use.memory = false (default)
2022-03-14 12:22:05,973 [pool-332-thread-1] INFO  server.RaftServerConfigKeys (ConfUtils.java:logGet(44)) - raft.server.log.purge.gap = 50 (custom)
2022-03-14 12:22:05,973 [pool-332-thread-1] INFO  server.RaftServerConfigKeys (ConfUtils.java:logGet(44)) - raft.server.log.appender.buffer.byte-limit = 33554432 (custom)
2022-03-14 12:22:05,974 [pool-332-thread-1] INFO  server.RaftServerConfigKeys (ConfUtils.java:logGet(44)) - raft.server.log.segment.size.max = 4194304 (custom)
2022-03-14 12:22:05,974 [pool-332-thread-1] INFO  server.RaftServerConfigKeys (ConfUtils.java:logGet(44)) - raft.server.log.segment.cache.num.max = 2 (custom)
2022-03-14 12:22:05,974 [pool-332-thread-1] INFO  server.RaftServerConfigKeys (ConfUtils.java:logGet(44)) - raft.server.log.segment.cache.size.max = 200MB (=209715200) (default)
2022-03-14 12:22:05,974 [pool-332-thread-1] INFO  segmented.SegmentedRaftLogWorker (SegmentedRaftLogWorker.java:<init>(182)) - new omNode-1@group-523986131536-SegmentedRaftLogWorker for RaftStorageImpl:Storage Directory /home/runner/work/ozone/ozone/hadoop-ozone/integration-test/target/test-dir/MiniOzoneClusterImpl-278953cb-1c57-4e8b-ba2f-5e3472d45912/omNode-1/ratis/c9bc4cf4-3bc3-3c60-a66b-523986131536
2022-03-14 12:22:05,974 [pool-332-thread-1] INFO  server.RaftServerConfigKeys (ConfUtils.java:logGet(44)) - raft.server.log.queue.byte-limit = 64MB (=67108864) (default)
2022-03-14 12:22:05,974 [pool-332-thread-1] INFO  server.RaftServerConfigKeys (ConfUtils.java:logGet(44)) - raft.server.log.queue.element-limit = 4096 (default)
2022-03-14 12:22:05,974 [pool-332-thread-1] INFO  server.RaftServerConfigKeys (ConfUtils.java:logGet(44)) - raft.server.log.segment.size.max = 4194304 (custom)
2022-03-14 12:22:05,974 [pool-332-thread-1] INFO  server.RaftServerConfigKeys (ConfUtils.java:logGet(44)) - raft.server.log.preallocated.size = 4194304 (custom)
2022-03-14 12:22:05,974 [pool-332-thread-1] INFO  server.RaftServerConfigKeys (ConfUtils.java:logGet(44)) - raft.server.log.force.sync.num = 128 (default)
2022-03-14 12:22:05,974 [pool-332-thread-1] INFO  server.RaftServerConfigKeys (ConfUtils.java:logGet(44)) - raft.server.log.statemachine.data.sync = true (default)
2022-03-14 12:22:05,974 [pool-332-thread-1] INFO  server.RaftServerConfigKeys (ConfUtils.java:logGet(44)) - raft.server.log.statemachine.data.sync.timeout = 10s (default)
2022-03-14 12:22:05,975 [pool-332-thread-1] INFO  server.RaftServerConfigKeys (ConfUtils.java:logGet(44)) - raft.server.log.statemachine.data.sync.timeout.retry = -1 (default)
2022-03-14 12:22:05,975 [pool-332-thread-1] INFO  server.RaftServerConfigKeys (ConfUtils.java:logGet(44)) - raft.server.log.write.buffer.size = 64KB (=65536) (default)
2022-03-14 12:22:05,975 [pool-332-thread-1] INFO  server.RaftServerConfigKeys (ConfUtils.java:logGet(44)) - raft.server.log.statemachine.data.caching.enabled = false (default)
2022-03-14 12:22:05,976 [pool-332-thread-1] INFO  segmented.SegmentedRaftLogWorker (SegmentedRaftLogWorker.java:lambda$new$0(133)) - omNode-1@group-523986131536-SegmentedRaftLogWorker: flushIndex: setUnconditionally 0 -> 18
2022-03-14 12:22:05,976 [pool-332-thread-1] INFO  segmented.SegmentedRaftLogWorker (SegmentedRaftLogWorker.java:lambda$new$0(133)) - omNode-1@group-523986131536-SegmentedRaftLogWorker: safeCacheEvictIndex: setUnconditionally 0 -> -1
2022-03-14 12:22:05,982 [pool-332-thread-1] INFO  server.RaftServerConfigKeys (ConfUtils.java:logGet(44)) - raft.server.snapshot.auto.trigger.enabled = true (custom)
2022-03-14 12:22:05,982 [pool-332-thread-1] INFO  server.RaftServerConfigKeys (ConfUtils.java:logGet(44)) - raft.server.snapshot.auto.trigger.threshold = 50 (custom)
2022-03-14 12:22:05,982 [pool-332-thread-1] INFO  server.RaftServerConfigKeys (ConfUtils.java:logGet(44)) - raft.server.snapshot.retention.file.num = -1 (default)
2022-03-14 12:22:05,982 [pool-332-thread-1] INFO  server.RaftServerConfigKeys (ConfUtils.java:logGet(44)) - raft.server.log.purge.upto.snapshot.index = true (custom)
2022-03-14 12:22:05,982 [pool-332-thread-1] INFO  server.RaftServerConfigKeys (ConfUtils.java:logGet(44)) - raft.server.retrycache.expirytime = 30000ms (custom)
2022-03-14 12:22:05,982 [pool-332-thread-1] INFO  server.RaftServerConfigKeys (ConfUtils.java:logGet(44)) - raft.server.retrycache.statistics.expirytime = 100μs (default)
2022-03-14 12:22:05,985 [Listener at localhost/38867] INFO  server.RaftServer$Division (RaftServerImpl.java:start(301)) - omNode-1@group-523986131536: start as a follower, conf=29: [omNode-3|rpc:localhost:38427|admin:|client:|dataStream:|priority:0, omNode-1|rpc:localhost:41375|admin:|client:|dataStream:|priority:0, omNode-2|rpc:localhost:40735|admin:|client:|dataStream:|priority:0], old=null
2022-03-14 12:22:05,985 [Listener at localhost/38867] INFO  server.RaftServer$Division (RaftServerImpl.java:setRole(290)) - omNode-1@group-523986131536: changes role from      null to FOLLOWER at term 7 for startAsFollower
2022-03-14 12:22:05,985 [Listener at localhost/38867] INFO  impl.RoleInfo (RoleInfo.java:updateAndGet(130)) - omNode-1: start omNode-1@group-523986131536-FollowerState
2022-03-14 12:22:05,985 [Listener at localhost/38867] INFO  util.JmxRegister (JmxRegister.java:tryRegister(44)) - Successfully registered JMX Bean with object name Ratis:service=RaftServer,group=group-523986131536,id=omNode-1
2022-03-14 12:22:05,986 [Listener at localhost/38867] INFO  server.RaftServer (RaftServerProxy.java:lambda$start$5(374)) - omNode-1: start RPC server
2022-03-14 12:22:05,986 [Listener at localhost/38867] INFO  server.GrpcService (GrpcService.java:startImpl(253)) - omNode-1: GrpcService started, listening on 41375
2022-03-14 12:22:05,987 [Listener at localhost/38867] INFO  ipc.CallQueueManager (CallQueueManager.java:<init>(90)) - Using callQueue: class java.util.concurrent.LinkedBlockingQueue, queueCapacity: 2000, scheduler: class org.apache.hadoop.ipc.DefaultRpcScheduler, ipcBackoff: false.
2022-03-14 12:22:05,987 [org.apache.ratis.util.JvmPauseMonitor$$Lambda$422/892611887@15a386c7] INFO  util.JvmPauseMonitor (JvmPauseMonitor.java:run(103)) - JvmPauseMonitor-omNode-1: Started
2022-03-14 12:22:05,988 [Socket Reader #1 for port 33717] INFO  ipc.Server (Server.java:run(1265)) - Starting Socket Reader #1 for port 33717
2022-03-14 12:22:05,990 [Listener at localhost/33717] INFO  http.BaseHttpServer (BaseHttpServer.java:newHttpServer2BuilderForOzone(209)) - Starting Web-server for ozoneManager at: http://0.0.0.0:46861
2022-03-14 12:22:05,990 [Listener at localhost/33717] INFO  http.BaseHttpServer (BaseHttpServer.java:<init>(107)) - Hadoop Security Enabled: false Ozone Security Enabled: false Ozone HTTP Security Enabled: false 
2022-03-14 12:22:05,991 [Listener at localhost/33717] INFO  server.AuthenticationFilter (AuthenticationFilter.java:constructSecretProvider(240)) - Unable to initialize FileSignerSecretProvider, falling back to use random secrets.
2022-03-14 12:22:05,991 [Listener at localhost/33717] WARN  http.HttpRequestLog (HttpRequestLog.java:getRequestLog(103)) - Jetty request log can only be enabled using Log4j
2022-03-14 12:22:05,992 [Listener at localhost/33717] INFO  http.HttpServer2 (HttpServer2.java:addGlobalFilter(1030)) - Added global filter 'safety' (class=org.apache.hadoop.hdds.server.http.HttpServer2$QuotingInputFilter)
2022-03-14 12:22:05,993 [Listener at localhost/33717] INFO  http.HttpServer2 (HttpServer2.java:addFilter(1006)) - Added filter static_user_filter (class=org.apache.hadoop.http.lib.StaticUserWebFilter$StaticUserFilter) to context ozoneManager
2022-03-14 12:22:05,993 [Listener at localhost/33717] INFO  http.HttpServer2 (HttpServer2.java:addFilter(1014)) - Added filter static_user_filter (class=org.apache.hadoop.http.lib.StaticUserWebFilter$StaticUserFilter) to context static
2022-03-14 12:22:05,993 [Listener at localhost/33717] INFO  http.HttpServer2 (HttpServer2.java:addFilter(1014)) - Added filter static_user_filter (class=org.apache.hadoop.http.lib.StaticUserWebFilter$StaticUserFilter) to context logs
2022-03-14 12:22:05,993 [Listener at localhost/33717] INFO  http.HttpServer2 (HttpServer2.java:bindListener(1249)) - Jetty bound to port 46861
2022-03-14 12:22:05,993 [Listener at localhost/33717] INFO  server.Server (Server.java:doStart(375)) - jetty-9.4.43.v20210629; built: 2021-06-30T11:07:22.254Z; git: 526006ecfa3af7f1a27ef3a288e2bef7ea9dd7e8; jvm 1.8.0_322-b06
2022-03-14 12:22:05,995 [Listener at localhost/33717] INFO  server.session (DefaultSessionIdManager.java:doStart(334)) - DefaultSessionIdManager workerName=node0
2022-03-14 12:22:05,995 [Listener at localhost/33717] INFO  server.session (DefaultSessionIdManager.java:doStart(339)) - No SessionScavenger set, using defaults
2022-03-14 12:22:05,995 [Listener at localhost/33717] INFO  server.session (HouseKeeper.java:startScavenging(132)) - node0 Scavenging every 600000ms
2022-03-14 12:22:05,995 [Listener at localhost/33717] INFO  handler.ContextHandler (ContextHandler.java:doStart(915)) - Started o.e.j.s.ServletContextHandler@550495da{logs,/logs,file:///home/runner/work/ozone/ozone/hadoop-ozone/integration-test/target/log,AVAILABLE}
2022-03-14 12:22:05,996 [Listener at localhost/33717] INFO  handler.ContextHandler (ContextHandler.java:doStart(915)) - Started o.e.j.s.ServletContextHandler@3d6b961d{static,/static,file:///home/runner/work/ozone/ozone/hadoop-ozone/integration-test/target/test-classes/webapps/static,AVAILABLE}
2022-03-14 12:22:06,000 [Listener at localhost/33717] INFO  handler.ContextHandler (ContextHandler.java:doStart(915)) - Started o.e.j.w.WebAppContext@dcc8ba7{ozoneManager,/,file:///home/runner/work/ozone/ozone/hadoop-ozone/integration-test/target/test-classes/webapps/ozoneManager/,AVAILABLE}{file:/home/runner/work/ozone/ozone/hadoop-ozone/integration-test/target/test-classes/webapps/ozoneManager}
2022-03-14 12:22:06,003 [Listener at localhost/33717] INFO  server.AbstractConnector (AbstractConnector.java:doStart(331)) - Started ServerConnector@53bfd114{HTTP/1.1, (http/1.1)}{0.0.0.0:46861}
2022-03-14 12:22:06,003 [Listener at localhost/33717] INFO  server.Server (Server.java:doStart(415)) - Started @290297ms
2022-03-14 12:22:06,004 [Listener at localhost/33717] WARN  impl.MetricsSystemImpl (MetricsSystemImpl.java:register(279)) - Sink prometheus already exists!
2022-03-14 12:22:06,004 [Listener at localhost/33717] INFO  http.BaseHttpServer (BaseHttpServer.java:updateConnectorAddress(329)) - HTTP server of ozoneManager listening at http://0.0.0.0:46861
2022-03-14 12:22:06,006 [IPC Server Responder] INFO  ipc.Server (Server.java:run(1507)) - IPC Server Responder: starting
2022-03-14 12:22:06,006 [IPC Server listener on 33717] INFO  ipc.Server (Server.java:run(1344)) - IPC Server listener on 33717: starting
2022-03-14 12:22:06,007 [Listener at localhost/33717] INFO  om.OzoneManager (OzoneManager.java:startTrashEmptier(1792)) - Trash Interval set to 0. Files deleted will not move to trash
2022-03-14 12:22:06,008 [Listener at localhost/33717] INFO  om.OzoneManager (OzoneManager.java:stop(1893)) - omNode-2[localhost:44939]: Stopping Ozone Manager
2022-03-14 12:22:06,008 [Listener at localhost/33717] INFO  ipc.Server (Server.java:stop(3414)) - Stopping server on 44939
2022-03-14 12:22:06,018 [IPC Server listener on 44939] INFO  ipc.Server (Server.java:run(1376)) - Stopping IPC Server listener on 44939
2022-03-14 12:22:06,019 [org.apache.hadoop.util.JvmPauseMonitor$Monitor@df1bb0f] INFO  util.JvmPauseMonitor (JvmPauseMonitor.java:run(188)) - Starting JVM pause monitor
2022-03-14 12:22:06,019 [Listener at localhost/33717] INFO  server.RaftServer (RaftServerProxy.java:lambda$close$6(391)) - omNode-2: close
2022-03-14 12:22:06,019 [Listener at localhost/33717] INFO  server.RaftServer$Division (RaftServerImpl.java:lambda$close$4(412)) - omNode-2@group-523986131536: shutdown
2022-03-14 12:22:06,020 [Listener at localhost/33717] INFO  util.JmxRegister (JmxRegister.java:unregister(73)) - Successfully un-registered JMX Bean with object name Ratis:service=RaftServer,group=group-523986131536,id=omNode-2
2022-03-14 12:22:06,020 [Listener at localhost/33717] INFO  impl.RoleInfo (RoleInfo.java:shutdownLeaderState(91)) - omNode-2: shutdown omNode-2@group-523986131536-LeaderStateImpl
2022-03-14 12:22:06,020 [Listener at localhost/33717] INFO  impl.PendingRequests (PendingRequests.java:sendNotLeaderResponses(282)) - omNode-2@group-523986131536-PendingRequests: sendNotLeaderResponses
2022-03-14 12:22:06,019 [IPC Server Responder] INFO  ipc.Server (Server.java:run(1512)) - Stopping IPC Server Responder
2022-03-14 12:22:06,020 [omNode-2@group-523986131536->omNode-1-GrpcLogAppender-LogAppenderDaemon] WARN  server.GrpcLogAppender (GrpcLogAppender.java:mayWait(177)) - omNode-2@group-523986131536->omNode-1-GrpcLogAppender: Wait interrupted by java.lang.InterruptedException
2022-03-14 12:22:06,021 [Listener at localhost/33717] INFO  impl.StateMachineUpdater (StateMachineUpdater.java:stopAndJoin(149)) - omNode-2@group-523986131536-StateMachineUpdater: set stopIndex = 28
2022-03-14 12:22:06,021 [omNode-2@group-523986131536-StateMachineUpdater] INFO  ratis.OzoneManagerStateMachine (OzoneManagerStateMachine.java:takeSnapshot(417)) - Current Snapshot Index (t:6, i:28)
2022-03-14 12:22:06,022 [omNode-2@group-523986131536-StateMachineUpdater] INFO  impl.StateMachineUpdater (StateMachineUpdater.java:takeSnapshot(281)) - omNode-2@group-523986131536-StateMachineUpdater: Took a snapshot at index 28
2022-03-14 12:22:06,022 [omNode-2@group-523986131536-StateMachineUpdater] INFO  impl.StateMachineUpdater (StateMachineUpdater.java:lambda$new$0(89)) - omNode-2@group-523986131536-StateMachineUpdater: snapshotIndex: updateIncreasingly 24 -> 28
2022-03-14 12:22:06,022 [omNode-2@group-523986131536-StateMachineUpdater] INFO  ratis.OzoneManagerStateMachine (OzoneManagerStateMachine.java:close(471)) - StateMachine has shutdown. Shutdown OzoneManager if not already shutdown.
2022-03-14 12:22:06,022 [Listener at localhost/33717] INFO  server.RaftServer$Division (ServerState.java:close(419)) - omNode-2@group-523986131536: closes. applyIndex: 28
2022-03-14 12:22:06,023 [omNode-2@group-523986131536-SegmentedRaftLogWorker] INFO  segmented.SegmentedRaftLogWorker (SegmentedRaftLogWorker.java:run(327)) - omNode-2@group-523986131536-SegmentedRaftLogWorker was interrupted, exiting. There are 0 tasks remaining in the queue.
2022-03-14 12:22:06,024 [Listener at localhost/33717] INFO  segmented.SegmentedRaftLogWorker (SegmentedRaftLogWorker.java:close(237)) - omNode-2@group-523986131536-SegmentedRaftLogWorker close()
2022-03-14 12:22:06,025 [Listener at localhost/33717] INFO  server.GrpcService (GrpcService.java:closeImpl(262)) - omNode-2: shutdown server with port 40735 now
2022-03-14 12:22:06,030 [Listener at localhost/33717] INFO  server.GrpcService (GrpcService.java:closeImpl(271)) - omNode-2: shutdown server with port 40735 successfully
2022-03-14 12:22:06,030 [org.apache.ratis.util.JvmPauseMonitor$$Lambda$422/892611887@31de8a79] INFO  util.JvmPauseMonitor (JvmPauseMonitor.java:run(109)) - JvmPauseMonitor-omNode-2: Stopped
2022-03-14 12:22:06,030 [Listener at localhost/33717] INFO  ratis.OzoneManagerDoubleBuffer (OzoneManagerDoubleBuffer.java:stop(437)) - Stopping OMDoubleBuffer flush thread
2022-03-14 12:22:06,030 [OMDoubleBufferFlushThread] INFO  ratis.OzoneManagerDoubleBuffer (OzoneManagerDoubleBuffer.java:flushTransactions(356)) - OMDoubleBuffer flush thread OMDoubleBufferFlushThread is interrupted and will exit. OMDoubleBufferFlushThread
2022-03-14 12:22:06,031 [Listener at localhost/33717] INFO  handler.ContextHandler (ContextHandler.java:doStop(1153)) - Stopped o.e.j.w.WebAppContext@5c32c79{ozoneManager,/,null,STOPPED}{file:/home/runner/work/ozone/ozone/hadoop-ozone/integration-test/target/test-classes/webapps/ozoneManager}
2022-03-14 12:22:06,031 [Listener at localhost/33717] INFO  server.AbstractConnector (AbstractConnector.java:doStop(381)) - Stopped ServerConnector@432f02b{HTTP/1.1, (http/1.1)}{0.0.0.0:45729}
2022-03-14 12:22:06,031 [Listener at localhost/33717] INFO  server.session (HouseKeeper.java:stopScavenging(149)) - node0 Stopped scavenging
2022-03-14 12:22:06,031 [Listener at localhost/33717] INFO  handler.ContextHandler (ContextHandler.java:doStop(1153)) - Stopped o.e.j.s.ServletContextHandler@3e5759f2{static,/static,file:///home/runner/work/ozone/ozone/hadoop-ozone/integration-test/target/test-classes/webapps/static,STOPPED}
2022-03-14 12:22:06,031 [Listener at localhost/33717] INFO  handler.ContextHandler (ContextHandler.java:doStop(1153)) - Stopped o.e.j.s.ServletContextHandler@3dd983c2{logs,/logs,file:///home/runner/work/ozone/ozone/hadoop-ozone/integration-test/target/log,STOPPED}
2022-03-14 12:22:06,033 [Listener at localhost/33717] INFO  om.OzoneManager (OzoneManager.java:restart(1451)) - OzoneManager RPC server is listening at localhost/127.0.0.1:44939
2022-03-14 12:22:06,033 [Listener at localhost/33717] INFO  impl.MetricsSystemImpl (MetricsSystemImpl.java:init(158)) - OzoneManager metrics system started (again)
2022-03-14 12:22:06,045 [Listener at localhost/33717] WARN  server.ServerUtils (ServerUtils.java:getDBPath(225)) - ozone.om.db.dirs is not configured. We recommend adding this setting. Falling back to ozone.metadata.dirs instead.
2022-03-14 12:22:06,046 [Listener at localhost/33717] INFO  codec.OmKeyInfoCodec (OmKeyInfoCodec.java:<init>(49)) - OmKeyInfoCodec ignorePipeline = true
2022-03-14 12:22:06,046 [Listener at localhost/33717] INFO  codec.RepeatedOmKeyInfoCodec (RepeatedOmKeyInfoCodec.java:<init>(41)) - RepeatedOmKeyInfoCodec ignorePipeline = true
2022-03-14 12:22:06,075 [Listener at localhost/33717] WARN  impl.MetricRegistriesImpl (MetricRegistriesImpl.java:addReporterRegistration(111)) - New reporters are added after registries were created. Some metrics will be missing from the reporter. Please add reporter before adding any new registry.
2022-03-14 12:22:06,075 [Listener at localhost/33717] WARN  impl.MetricRegistriesImpl (MetricRegistriesImpl.java:addReporterRegistration(111)) - New reporters are added after registries were created. Some metrics will be missing from the reporter. Please add reporter before adding any new registry.
2022-03-14 12:22:06,075 [Listener at localhost/33717] WARN  server.ServerUtils (ServerUtils.java:getDefaultRatisDirectory(237)) - Storage directory for Ratis is not configured. It is a good idea to map this to an SSD disk. Falling back to ozone.metadata.dirs
2022-03-14 12:22:06,076 [Listener at localhost/33717] INFO  ratis.OzoneManagerRatisServer (OzoneManagerRatisServer.java:<init>(159)) - Instantiating OM Ratis server with groupID: om-service-test1 and peers: localhost:40735, localhost:38427, localhost:41375
2022-03-14 12:22:06,076 [Listener at localhost/33717] INFO  ratis.OzoneManagerStateMachine (OzoneManagerStateMachine.java:loadSnapshotInfoFromDB(605)) - LastAppliedIndex is set from TransactionInfo from OM DB as (t:6, i:28)
2022-03-14 12:22:06,077 [Listener at localhost/33717] INFO  server.RaftServer (ConfUtils.java:logGet(44)) - raft.rpc.type = GRPC (default)
2022-03-14 12:22:06,077 [Listener at localhost/33717] INFO  grpc.GrpcFactory (GrpcFactory.java:checkPooledByteBufAllocatorUseCacheForAllThreads(48)) - PERFORMANCE WARNING: useCacheForAllThreads is true that may cause Netty to create a lot garbage objects and, as a result, trigger GC.
	It is recommended to disable useCacheForAllThreads by setting -Dorg.apache.ratis.thirdparty.io.netty.allocator.useCacheForAllThreads=false in command line.
2022-03-14 12:22:06,077 [Listener at localhost/33717] INFO  grpc.GrpcConfigKeys (ConfUtils.java:logGet(44)) - raft.grpc.admin.port = -1 (default)
2022-03-14 12:22:06,077 [Listener at localhost/33717] INFO  grpc.GrpcConfigKeys (ConfUtils.java:logGet(44)) - raft.grpc.server.port = 40735 (custom)
2022-03-14 12:22:06,077 [Listener at localhost/33717] INFO  grpc.GrpcConfigKeys (ConfUtils.java:logGet(44)) - raft.grpc.client.port = -1 (default)
2022-03-14 12:22:06,077 [Listener at localhost/33717] INFO  grpc.GrpcConfigKeys (ConfUtils.java:logGet(44)) - raft.grpc.server.port = 40735 (custom)
2022-03-14 12:22:06,077 [Listener at localhost/33717] INFO  grpc.GrpcConfigKeys (ConfUtils.java:logGet(44)) - raft.grpc.server.port = 40735 (custom)
2022-03-14 12:22:06,077 [Listener at localhost/33717] INFO  server.GrpcService (ConfUtils.java:logGet(44)) - raft.grpc.message.size.max = 33554432 (custom)
2022-03-14 12:22:06,077 [Listener at localhost/33717] INFO  server.RaftServerConfigKeys (ConfUtils.java:logGet(44)) - raft.server.log.appender.buffer.byte-limit = 33554432 (custom)
2022-03-14 12:22:06,078 [Listener at localhost/33717] INFO  server.GrpcService (ConfUtils.java:logGet(44)) - raft.grpc.flow.control.window = 1MB (=1048576) (default)
2022-03-14 12:22:06,078 [Listener at localhost/33717] INFO  server.RaftServerConfigKeys (ConfUtils.java:logGet(44)) - raft.server.rpc.request.timeout = 3000ms (default)
2022-03-14 12:22:06,079 [Listener at localhost/33717] INFO  impl.DataStreamServerImpl (ConfUtils.java:logGet(44)) - raft.datastream.type = DISABLED (default)
2022-03-14 12:22:06,079 [Listener at localhost/33717] INFO  server.RaftServerConfigKeys (ConfUtils.java:logGet(44)) - raft.server.rpc.slowness.timeout = 2s (custom)
2022-03-14 12:22:06,079 [Listener at localhost/33717] INFO  server.RaftServerConfigKeys (ConfUtils.java:logGet(44)) - raft.server.leaderelection.leader.step-down.wait-time = 10s (default)
2022-03-14 12:22:06,079 [Listener at localhost/33717] INFO  server.RaftServerConfigKeys (ConfUtils.java:logGet(44)) - raft.server.storage.dir = [/home/runner/work/ozone/ozone/hadoop-ozone/integration-test/target/test-dir/MiniOzoneClusterImpl-278953cb-1c57-4e8b-ba2f-5e3472d45912/omNode-2/ratis] (custom)
2022-03-14 12:22:06,079 [Listener at localhost/33717] INFO  server.RaftServer (RaftServerProxy.java:lambda$null$1(235)) - omNode-2: found a subdirectory /home/runner/work/ozone/ozone/hadoop-ozone/integration-test/target/test-dir/MiniOzoneClusterImpl-278953cb-1c57-4e8b-ba2f-5e3472d45912/omNode-2/ratis/c9bc4cf4-3bc3-3c60-a66b-523986131536
2022-03-14 12:22:06,079 [Listener at localhost/33717] INFO  server.RaftServer (RaftServerProxy.java:addNew(95)) - omNode-2: addNew group-523986131536:[omNode-3|rpc:localhost:38427|priority:0, omNode-1|rpc:localhost:41375|priority:0, omNode-2|rpc:localhost:40735|priority:0] returns group-523986131536:java.util.concurrent.CompletableFuture@7faebba0[Not completed]
2022-03-14 12:22:06,080 [Listener at localhost/33717] INFO  om.OzoneManager (OzoneManager.java:initializeRatisServer(1834)) - OzoneManager Ratis server initialized at port 40735
2022-03-14 12:22:06,080 [Listener at localhost/33717] INFO  ratis.OzoneManagerRatisServer (OzoneManagerRatisServer.java:start(554)) - Starting OzoneManagerRatisServer omNode-2 at port 40735
2022-03-14 12:22:06,080 [pool-352-thread-1] INFO  server.RaftServer$Division (RaftServerImpl.java:<init>(184)) - omNode-2: new RaftServerImpl for group-523986131536:[omNode-3|rpc:localhost:38427|priority:0, omNode-1|rpc:localhost:41375|priority:0, omNode-2|rpc:localhost:40735|priority:0] with OzoneManagerStateMachine:uninitialized
2022-03-14 12:22:06,083 [pool-352-thread-1] INFO  server.RaftServerConfigKeys (ConfUtils.java:logGet(44)) - raft.server.rpc.timeout.min = 1s (custom)
2022-03-14 12:22:06,083 [pool-352-thread-1] INFO  server.RaftServerConfigKeys (ConfUtils.java:logGet(44)) - raft.server.rpc.timeout.max = 1200ms (custom)
2022-03-14 12:22:06,083 [pool-352-thread-1] INFO  server.RaftServerConfigKeys (ConfUtils.java:logGet(44)) - raft.server.rpc.sleep.time = 25ms (default)
2022-03-14 12:22:06,083 [pool-352-thread-1] INFO  server.RaftServerConfigKeys (ConfUtils.java:logGet(44)) - raft.server.rpc.slowness.timeout = 2s (custom)
2022-03-14 12:22:06,083 [pool-352-thread-1] INFO  server.RaftServerConfigKeys (ConfUtils.java:logGet(44)) - raft.server.leaderelection.leader.step-down.wait-time = 10s (default)
2022-03-14 12:22:06,083 [pool-352-thread-1] INFO  server.RaftServerConfigKeys (ConfUtils.java:logGet(44)) - raft.server.sleep.deviation.threshold = 300ms (default)
2022-03-14 12:22:06,083 [pool-352-thread-1] INFO  server.RaftServerConfigKeys (ConfUtils.java:logGet(44)) - raft.server.log.appender.install.snapshot.enabled = false (custom)
2022-03-14 12:22:06,083 [pool-352-thread-1] INFO  server.RaftServer$Division (ServerState.java:<init>(105)) - omNode-2@group-523986131536: ConfigurationManager, init=-1: [omNode-3|rpc:localhost:38427|priority:0, omNode-1|rpc:localhost:41375|priority:0, omNode-2|rpc:localhost:40735|priority:0], old=null, confs=<EMPTY_MAP>
2022-03-14 12:22:06,083 [pool-352-thread-1] INFO  server.RaftServerConfigKeys (ConfUtils.java:logGet(44)) - raft.server.storage.dir = [/home/runner/work/ozone/ozone/hadoop-ozone/integration-test/target/test-dir/MiniOzoneClusterImpl-278953cb-1c57-4e8b-ba2f-5e3472d45912/omNode-2/ratis] (custom)
2022-03-14 12:22:06,083 [pool-352-thread-1] INFO  server.RaftServerConfigKeys (ConfUtils.java:logGet(44)) - raft.server.log.corruption.policy = EXCEPTION (default)
2022-03-14 12:22:06,083 [pool-352-thread-1] INFO  server.RaftServerConfigKeys (ConfUtils.java:logGet(44)) - raft.server.storage.free-space.min = 0MB (=0) (default)
2022-03-14 12:22:06,084 [pool-352-thread-1] INFO  storage.RaftStorageDirectory (RaftStorageDirectoryImpl.java:tryLock(230)) - Lock on /home/runner/work/ozone/ozone/hadoop-ozone/integration-test/target/test-dir/MiniOzoneClusterImpl-278953cb-1c57-4e8b-ba2f-5e3472d45912/omNode-2/ratis/c9bc4cf4-3bc3-3c60-a66b-523986131536/in_use.lock acquired by nodename 10847@fv-az291-848
2022-03-14 12:22:06,084 [pool-352-thread-1] INFO  storage.RaftStorage (RaftStorageImpl.java:analyzeAndRecoverStorage(110)) - Read RaftStorageMetadata{term=7, votedFor=omNode-2} from /home/runner/work/ozone/ozone/hadoop-ozone/integration-test/target/test-dir/MiniOzoneClusterImpl-278953cb-1c57-4e8b-ba2f-5e3472d45912/omNode-2/ratis/c9bc4cf4-3bc3-3c60-a66b-523986131536/current/raft-meta
2022-03-14 12:22:06,085 [pool-352-thread-1] INFO  server.RaftServer$Division (ServerState.java:setRaftConf(387)) - omNode-2@group-523986131536: set configuration 25: [omNode-3|rpc:localhost:38427|admin:|client:|dataStream:|priority:0, omNode-1|rpc:localhost:41375|admin:|client:|dataStream:|priority:0, omNode-2|rpc:localhost:40735|admin:|client:|dataStream:|priority:0], old=null
2022-03-14 12:22:06,085 [pool-352-thread-1] INFO  server.RaftServerConfigKeys (ConfUtils.java:logGet(44)) - raft.server.notification.no-leader.timeout = 2s (custom)
2022-03-14 12:22:06,085 [pool-352-thread-1] INFO  server.RaftServerConfigKeys (ConfUtils.java:logGet(44)) - raft.server.log.use.memory = false (default)
2022-03-14 12:22:06,085 [pool-352-thread-1] INFO  server.RaftServerConfigKeys (ConfUtils.java:logGet(44)) - raft.server.log.purge.gap = 50 (custom)
2022-03-14 12:22:06,085 [pool-352-thread-1] INFO  server.RaftServerConfigKeys (ConfUtils.java:logGet(44)) - raft.server.log.appender.buffer.byte-limit = 33554432 (custom)
2022-03-14 12:22:06,085 [pool-352-thread-1] INFO  server.RaftServerConfigKeys (ConfUtils.java:logGet(44)) - raft.server.log.segment.size.max = 4194304 (custom)
2022-03-14 12:22:06,085 [pool-352-thread-1] INFO  server.RaftServerConfigKeys (ConfUtils.java:logGet(44)) - raft.server.log.segment.cache.num.max = 2 (custom)
2022-03-14 12:22:06,085 [pool-352-thread-1] INFO  server.RaftServerConfigKeys (ConfUtils.java:logGet(44)) - raft.server.log.segment.cache.size.max = 200MB (=209715200) (default)
2022-03-14 12:22:06,085 [pool-352-thread-1] INFO  segmented.SegmentedRaftLogWorker (SegmentedRaftLogWorker.java:<init>(182)) - new omNode-2@group-523986131536-SegmentedRaftLogWorker for RaftStorageImpl:Storage Directory /home/runner/work/ozone/ozone/hadoop-ozone/integration-test/target/test-dir/MiniOzoneClusterImpl-278953cb-1c57-4e8b-ba2f-5e3472d45912/omNode-2/ratis/c9bc4cf4-3bc3-3c60-a66b-523986131536
2022-03-14 12:22:06,085 [pool-352-thread-1] INFO  server.RaftServerConfigKeys (ConfUtils.java:logGet(44)) - raft.server.log.queue.byte-limit = 64MB (=67108864) (default)
2022-03-14 12:22:06,085 [pool-352-thread-1] INFO  server.RaftServerConfigKeys (ConfUtils.java:logGet(44)) - raft.server.log.queue.element-limit = 4096 (default)
2022-03-14 12:22:06,085 [pool-352-thread-1] INFO  server.RaftServerConfigKeys (ConfUtils.java:logGet(44)) - raft.server.log.segment.size.max = 4194304 (custom)
2022-03-14 12:22:06,085 [pool-352-thread-1] INFO  server.RaftServerConfigKeys (ConfUtils.java:logGet(44)) - raft.server.log.preallocated.size = 4194304 (custom)
2022-03-14 12:22:06,086 [pool-352-thread-1] INFO  server.RaftServerConfigKeys (ConfUtils.java:logGet(44)) - raft.server.log.force.sync.num = 128 (default)
2022-03-14 12:22:06,086 [pool-352-thread-1] INFO  server.RaftServerConfigKeys (ConfUtils.java:logGet(44)) - raft.server.log.statemachine.data.sync = true (default)
2022-03-14 12:22:06,086 [pool-352-thread-1] INFO  server.RaftServerConfigKeys (ConfUtils.java:logGet(44)) - raft.server.log.statemachine.data.sync.timeout = 10s (default)
2022-03-14 12:22:06,086 [pool-352-thread-1] INFO  server.RaftServerConfigKeys (ConfUtils.java:logGet(44)) - raft.server.log.statemachine.data.sync.timeout.retry = -1 (default)
2022-03-14 12:22:06,086 [pool-352-thread-1] INFO  server.RaftServerConfigKeys (ConfUtils.java:logGet(44)) - raft.server.log.write.buffer.size = 64KB (=65536) (default)
2022-03-14 12:22:06,086 [pool-352-thread-1] INFO  server.RaftServerConfigKeys (ConfUtils.java:logGet(44)) - raft.server.log.statemachine.data.caching.enabled = false (default)
2022-03-14 12:22:06,087 [pool-352-thread-1] INFO  server.RaftServer$Division (ServerState.java:setRaftConf(387)) - omNode-2@group-523986131536: set configuration 19: [omNode-3|rpc:localhost:38427|admin:|client:|dataStream:|priority:0, omNode-1|rpc:localhost:41375|admin:|client:|dataStream:|priority:0, omNode-2|rpc:localhost:40735|admin:|client:|dataStream:|priority:0], old=null
2022-03-14 12:22:06,087 [pool-352-thread-1] INFO  segmented.LogSegment (LogSegment.java:loadSegment(173)) - Successfully read 2 entries from segment file /home/runner/work/ozone/ozone/hadoop-ozone/integration-test/target/test-dir/MiniOzoneClusterImpl-278953cb-1c57-4e8b-ba2f-5e3472d45912/omNode-2/ratis/c9bc4cf4-3bc3-3c60-a66b-523986131536/current/log_19-20
2022-03-14 12:22:06,087 [pool-352-thread-1] INFO  server.RaftServer$Division (ServerState.java:setRaftConf(387)) - omNode-2@group-523986131536: set configuration 21: [omNode-3|rpc:localhost:38427|admin:|client:|dataStream:|priority:0, omNode-1|rpc:localhost:41375|admin:|client:|dataStream:|priority:0, omNode-2|rpc:localhost:40735|admin:|client:|dataStream:|priority:0], old=null
2022-03-14 12:22:06,087 [pool-352-thread-1] INFO  segmented.LogSegment (LogSegment.java:loadSegment(173)) - Successfully read 4 entries from segment file /home/runner/work/ozone/ozone/hadoop-ozone/integration-test/target/test-dir/MiniOzoneClusterImpl-278953cb-1c57-4e8b-ba2f-5e3472d45912/omNode-2/ratis/c9bc4cf4-3bc3-3c60-a66b-523986131536/current/log_21-24
2022-03-14 12:22:06,088 [pool-352-thread-1] INFO  server.RaftServer$Division (ServerState.java:setRaftConf(387)) - omNode-2@group-523986131536: set configuration 25: [omNode-3|rpc:localhost:38427|admin:|client:|dataStream:|priority:0, omNode-1|rpc:localhost:41375|admin:|client:|dataStream:|priority:0, omNode-2|rpc:localhost:40735|admin:|client:|dataStream:|priority:0], old=null
2022-03-14 12:22:06,088 [pool-352-thread-1] INFO  segmented.LogSegment (LogSegment.java:loadSegment(173)) - Successfully read 4 entries from segment file /home/runner/work/ozone/ozone/hadoop-ozone/integration-test/target/test-dir/MiniOzoneClusterImpl-278953cb-1c57-4e8b-ba2f-5e3472d45912/omNode-2/ratis/c9bc4cf4-3bc3-3c60-a66b-523986131536/current/log_25-28
2022-03-14 12:22:06,088 [pool-352-thread-1] INFO  server.RaftServer$Division (ServerState.java:setRaftConf(387)) - omNode-2@group-523986131536: set configuration 29: [omNode-3|rpc:localhost:38427|admin:|client:|dataStream:|priority:0, omNode-1|rpc:localhost:41375|admin:|client:|dataStream:|priority:0, omNode-2|rpc:localhost:40735|admin:|client:|dataStream:|priority:0], old=null
2022-03-14 12:22:06,088 [pool-352-thread-1] INFO  segmented.LogSegment (LogSegment.java:loadSegment(173)) - Successfully read 1 entries from segment file /home/runner/work/ozone/ozone/hadoop-ozone/integration-test/target/test-dir/MiniOzoneClusterImpl-278953cb-1c57-4e8b-ba2f-5e3472d45912/omNode-2/ratis/c9bc4cf4-3bc3-3c60-a66b-523986131536/current/log_inprogress_29
2022-03-14 12:22:06,088 [pool-352-thread-1] INFO  segmented.SegmentedRaftLogWorker (SegmentedRaftLogWorker.java:lambda$new$0(133)) - omNode-2@group-523986131536-SegmentedRaftLogWorker: flushIndex: setUnconditionally 0 -> 29
2022-03-14 12:22:06,088 [pool-352-thread-1] INFO  segmented.SegmentedRaftLogWorker (SegmentedRaftLogWorker.java:lambda$new$0(133)) - omNode-2@group-523986131536-SegmentedRaftLogWorker: safeCacheEvictIndex: setUnconditionally 0 -> 28
2022-03-14 12:22:06,088 [pool-352-thread-1] INFO  raftlog.RaftLog (RaftLogBase.java:lambda$new$0(53)) - omNode-2@group-523986131536-SegmentedRaftLog: commitIndex: updateToMax old=28, new=27, updated? false
2022-03-14 12:22:06,088 [pool-352-thread-1] INFO  raftlog.RaftLog (RaftLogBase.java:lambda$new$0(53)) - omNode-2@group-523986131536-SegmentedRaftLog: purgeIndex: updateIncreasingly -1 -> 18
2022-03-14 12:22:06,088 [pool-352-thread-1] INFO  server.RaftServerConfigKeys (ConfUtils.java:logGet(44)) - raft.server.snapshot.auto.trigger.enabled = true (custom)
2022-03-14 12:22:06,088 [pool-352-thread-1] INFO  server.RaftServerConfigKeys (ConfUtils.java:logGet(44)) - raft.server.snapshot.auto.trigger.threshold = 50 (custom)
2022-03-14 12:22:06,088 [pool-352-thread-1] INFO  server.RaftServerConfigKeys (ConfUtils.java:logGet(44)) - raft.server.snapshot.retention.file.num = -1 (default)
2022-03-14 12:22:06,089 [pool-352-thread-1] INFO  server.RaftServerConfigKeys (ConfUtils.java:logGet(44)) - raft.server.log.purge.upto.snapshot.index = true (custom)
2022-03-14 12:22:06,089 [pool-352-thread-1] INFO  server.RaftServerConfigKeys (ConfUtils.java:logGet(44)) - raft.server.retrycache.expirytime = 30000ms (custom)
2022-03-14 12:22:06,089 [pool-352-thread-1] INFO  server.RaftServerConfigKeys (ConfUtils.java:logGet(44)) - raft.server.retrycache.statistics.expirytime = 100μs (default)
2022-03-14 12:22:06,090 [Listener at localhost/33717] INFO  server.RaftServer$Division (RaftServerImpl.java:start(301)) - omNode-2@group-523986131536: start as a follower, conf=29: [omNode-3|rpc:localhost:38427|admin:|client:|dataStream:|priority:0, omNode-1|rpc:localhost:41375|admin:|client:|dataStream:|priority:0, omNode-2|rpc:localhost:40735|admin:|client:|dataStream:|priority:0], old=null
2022-03-14 12:22:06,090 [Listener at localhost/33717] INFO  server.RaftServer$Division (RaftServerImpl.java:setRole(290)) - omNode-2@group-523986131536: changes role from      null to FOLLOWER at term 7 for startAsFollower
2022-03-14 12:22:06,090 [Listener at localhost/33717] INFO  impl.RoleInfo (RoleInfo.java:updateAndGet(130)) - omNode-2: start omNode-2@group-523986131536-FollowerState
2022-03-14 12:22:06,091 [Listener at localhost/33717] INFO  util.JmxRegister (JmxRegister.java:tryRegister(44)) - Successfully registered JMX Bean with object name Ratis:service=RaftServer,group=group-523986131536,id=omNode-2
2022-03-14 12:22:06,094 [Listener at localhost/33717] INFO  server.RaftServer (RaftServerProxy.java:lambda$start$5(374)) - omNode-2: start RPC server
2022-03-14 12:22:06,094 [Listener at localhost/33717] INFO  server.GrpcService (GrpcService.java:startImpl(253)) - omNode-2: GrpcService started, listening on 40735
2022-03-14 12:22:06,098 [Listener at localhost/33717] INFO  ipc.CallQueueManager (CallQueueManager.java:<init>(90)) - Using callQueue: class java.util.concurrent.LinkedBlockingQueue, queueCapacity: 2000, scheduler: class org.apache.hadoop.ipc.DefaultRpcScheduler, ipcBackoff: false.
2022-03-14 12:22:06,098 [org.apache.ratis.util.JvmPauseMonitor$$Lambda$422/892611887@18ebf2ef] INFO  util.JvmPauseMonitor (JvmPauseMonitor.java:run(103)) - JvmPauseMonitor-omNode-2: Started
2022-03-14 12:22:06,099 [Socket Reader #1 for port 44939] INFO  ipc.Server (Server.java:run(1265)) - Starting Socket Reader #1 for port 44939
2022-03-14 12:22:06,107 [Listener at localhost/44939] INFO  http.BaseHttpServer (BaseHttpServer.java:newHttpServer2BuilderForOzone(209)) - Starting Web-server for ozoneManager at: http://0.0.0.0:45729
2022-03-14 12:22:06,107 [Listener at localhost/44939] INFO  http.BaseHttpServer (BaseHttpServer.java:<init>(107)) - Hadoop Security Enabled: false Ozone Security Enabled: false Ozone HTTP Security Enabled: false 
2022-03-14 12:22:06,108 [Listener at localhost/44939] INFO  server.AuthenticationFilter (AuthenticationFilter.java:constructSecretProvider(240)) - Unable to initialize FileSignerSecretProvider, falling back to use random secrets.
2022-03-14 12:22:06,108 [Listener at localhost/44939] WARN  http.HttpRequestLog (HttpRequestLog.java:getRequestLog(103)) - Jetty request log can only be enabled using Log4j
2022-03-14 12:22:06,109 [Listener at localhost/44939] INFO  http.HttpServer2 (HttpServer2.java:addGlobalFilter(1030)) - Added global filter 'safety' (class=org.apache.hadoop.hdds.server.http.HttpServer2$QuotingInputFilter)
2022-03-14 12:22:06,110 [Listener at localhost/44939] INFO  http.HttpServer2 (HttpServer2.java:addFilter(1006)) - Added filter static_user_filter (class=org.apache.hadoop.http.lib.StaticUserWebFilter$StaticUserFilter) to context ozoneManager
2022-03-14 12:22:06,110 [Listener at localhost/44939] INFO  http.HttpServer2 (HttpServer2.java:addFilter(1014)) - Added filter static_user_filter (class=org.apache.hadoop.http.lib.StaticUserWebFilter$StaticUserFilter) to context static
2022-03-14 12:22:06,110 [Listener at localhost/44939] INFO  http.HttpServer2 (HttpServer2.java:addFilter(1014)) - Added filter static_user_filter (class=org.apache.hadoop.http.lib.StaticUserWebFilter$StaticUserFilter) to context logs
2022-03-14 12:22:06,111 [Listener at localhost/44939] INFO  http.HttpServer2 (HttpServer2.java:bindListener(1249)) - Jetty bound to port 45729
2022-03-14 12:22:06,111 [Listener at localhost/44939] INFO  server.Server (Server.java:doStart(375)) - jetty-9.4.43.v20210629; built: 2021-06-30T11:07:22.254Z; git: 526006ecfa3af7f1a27ef3a288e2bef7ea9dd7e8; jvm 1.8.0_322-b06
2022-03-14 12:22:06,112 [Listener at localhost/44939] INFO  server.session (DefaultSessionIdManager.java:doStart(334)) - DefaultSessionIdManager workerName=node0
2022-03-14 12:22:06,112 [Listener at localhost/44939] INFO  server.session (DefaultSessionIdManager.java:doStart(339)) - No SessionScavenger set, using defaults
2022-03-14 12:22:06,112 [Listener at localhost/44939] INFO  server.session (HouseKeeper.java:startScavenging(132)) - node0 Scavenging every 660000ms
2022-03-14 12:22:06,113 [Listener at localhost/44939] INFO  handler.ContextHandler (ContextHandler.java:doStart(915)) - Started o.e.j.s.ServletContextHandler@6eaf6432{logs,/logs,file:///home/runner/work/ozone/ozone/hadoop-ozone/integration-test/target/log,AVAILABLE}
2022-03-14 12:22:06,114 [Listener at localhost/44939] INFO  handler.ContextHandler (ContextHandler.java:doStart(915)) - Started o.e.j.s.ServletContextHandler@69a806be{static,/static,file:///home/runner/work/ozone/ozone/hadoop-ozone/integration-test/target/test-classes/webapps/static,AVAILABLE}
2022-03-14 12:22:06,124 [Listener at localhost/44939] INFO  handler.ContextHandler (ContextHandler.java:doStart(915)) - Started o.e.j.w.WebAppContext@4dfa6507{ozoneManager,/,file:///home/runner/work/ozone/ozone/hadoop-ozone/integration-test/target/test-classes/webapps/ozoneManager/,AVAILABLE}{file:/home/runner/work/ozone/ozone/hadoop-ozone/integration-test/target/test-classes/webapps/ozoneManager}
2022-03-14 12:22:06,125 [Listener at localhost/44939] INFO  server.AbstractConnector (AbstractConnector.java:doStart(331)) - Started ServerConnector@5a8b0bd3{HTTP/1.1, (http/1.1)}{0.0.0.0:45729}
2022-03-14 12:22:06,125 [Listener at localhost/44939] INFO  server.Server (Server.java:doStart(415)) - Started @290419ms
2022-03-14 12:22:06,126 [Listener at localhost/44939] WARN  impl.MetricsSystemImpl (MetricsSystemImpl.java:register(279)) - Sink prometheus already exists!
2022-03-14 12:22:06,126 [Listener at localhost/44939] INFO  http.BaseHttpServer (BaseHttpServer.java:updateConnectorAddress(329)) - HTTP server of ozoneManager listening at http://0.0.0.0:45729
2022-03-14 12:22:06,128 [IPC Server Responder] INFO  ipc.Server (Server.java:run(1507)) - IPC Server Responder: starting
2022-03-14 12:22:06,128 [IPC Server listener on 44939] INFO  ipc.Server (Server.java:run(1344)) - IPC Server listener on 44939: starting
2022-03-14 12:22:06,138 [Listener at localhost/44939] INFO  om.OzoneManager (OzoneManager.java:startTrashEmptier(1792)) - Trash Interval set to 0. Files deleted will not move to trash
2022-03-14 12:22:06,149 [org.apache.hadoop.util.JvmPauseMonitor$Monitor@5215f291] INFO  util.JvmPauseMonitor (JvmPauseMonitor.java:run(188)) - Starting JVM pause monitor
]]></system-out>
  </testcase>
  <testcase name="testPrepareDownedOM" classname="org.apache.hadoop.ozone.om.TestOzoneManagerPrepare" time="124.436">
    <error message="timeout: after 120000 millis" type="java.util.concurrent.TimeoutException">java.util.concurrent.TimeoutException: timeout: after 120000 millis
	at org.apache.ozone.test.LambdaTestUtils$GenerateTimeout.evaluate(LambdaTestUtils.java:677)
	at org.apache.ozone.test.LambdaTestUtils.await(LambdaTestUtils.java:154)
	at org.apache.ozone.test.LambdaTestUtils.await(LambdaTestUtils.java:192)
	at org.apache.hadoop.ozone.om.TestOzoneManagerPrepare.assertClusterNotPrepared(TestOzoneManagerPrepare.java:484)
	at org.apache.hadoop.ozone.om.TestOzoneManagerPrepare.assertClusterNotPrepared(TestOzoneManagerPrepare.java:478)
	at org.apache.hadoop.ozone.om.TestOzoneManagerPrepare.initOM(TestOzoneManagerPrepare.java:91)
	at sun.reflect.NativeMethodAccessorImpl.invoke0(Native Method)
	at sun.reflect.NativeMethodAccessorImpl.invoke(NativeMethodAccessorImpl.java:62)
	at sun.reflect.DelegatingMethodAccessorImpl.invoke(DelegatingMethodAccessorImpl.java:43)
	at java.lang.reflect.Method.invoke(Method.java:498)
	at org.junit.runners.model.FrameworkMethod$1.runReflectiveCall(FrameworkMethod.java:59)
	at org.junit.internal.runners.model.ReflectiveCallable.run(ReflectiveCallable.java:12)
	at org.junit.runners.model.FrameworkMethod.invokeExplosively(FrameworkMethod.java:56)
	at org.junit.internal.runners.statements.RunBefores.invokeMethod(RunBefores.java:33)
	at org.junit.internal.runners.statements.RunBefores.evaluate(RunBefores.java:24)
	at org.junit.internal.runners.statements.RunAfters.evaluate(RunAfters.java:27)
	at org.junit.rules.ExpectedException$ExpectedExceptionStatement.evaluate(ExpectedException.java:258)
	at org.junit.internal.runners.statements.FailOnTimeout$CallableStatement.call(FailOnTimeout.java:288)
	at org.junit.internal.runners.statements.FailOnTimeout$CallableStatement.call(FailOnTimeout.java:282)
	at java.util.concurrent.FutureTask.run(FutureTask.java:266)
	at java.lang.Thread.run(Thread.java:750)
</error>
    <system-out><![CDATA[2022-03-14 12:22:06,161 [Time-limited test] INFO  retry.RetryInvocationHandler (RetryInvocationHandler.java:log(411)) - com.google.protobuf.ServiceException: org.apache.hadoop.ipc.RemoteException(org.apache.hadoop.ozone.om.exceptions.OMNotLeaderException): OM:omNode-3 is not the leader. Could not determine the leader node.
	at org.apache.hadoop.ozone.om.ratis.utils.OzoneManagerRatisUtils.createNotLeaderException(OzoneManagerRatisUtils.java:360)
	at org.apache.hadoop.ozone.om.ratis.utils.OzoneManagerRatisUtils.checkLeaderStatus(OzoneManagerRatisUtils.java:346)
	at org.apache.hadoop.ozone.protocolPB.OzoneManagerProtocolServerSideTranslatorPB.checkLeaderStatus(OzoneManagerProtocolServerSideTranslatorPB.java:279)
	at org.apache.hadoop.ozone.protocolPB.OzoneManagerProtocolServerSideTranslatorPB.processRequest(OzoneManagerProtocolServerSideTranslatorPB.java:158)
	at org.apache.hadoop.hdds.server.OzoneProtocolMessageDispatcher.processRequest(OzoneProtocolMessageDispatcher.java:87)
	at org.apache.hadoop.ozone.protocolPB.OzoneManagerProtocolServerSideTranslatorPB.submitRequest(OzoneManagerProtocolServerSideTranslatorPB.java:124)
	at org.apache.hadoop.ozone.protocol.proto.OzoneManagerProtocolProtos$OzoneManagerService$2.callBlockingMethod(OzoneManagerProtocolProtos.java)
	at org.apache.hadoop.ipc.ProtobufRpcEngine$Server.processCall(ProtobufRpcEngine.java:466)
	at org.apache.hadoop.ipc.ProtobufRpcEngine2$Server$ProtoBufRpcInvoker.call(ProtobufRpcEngine2.java:574)
	at org.apache.hadoop.ipc.ProtobufRpcEngine2$Server$ProtoBufRpcInvoker.call(ProtobufRpcEngine2.java:552)
	at org.apache.hadoop.ipc.RPC$Server.call(RPC.java:1093)
	at org.apache.hadoop.ipc.Server$RpcCall.run(Server.java:1035)
	at org.apache.hadoop.ipc.Server$RpcCall.run(Server.java:963)
	at java.security.AccessController.doPrivileged(Native Method)
	at javax.security.auth.Subject.doAs(Subject.java:422)
	at org.apache.hadoop.security.UserGroupInformation.doAs(UserGroupInformation.java:1878)
	at org.apache.hadoop.ipc.Server$Handler.run(Server.java:2966)
, while invoking $Proxy53.submitRequest over nodeId=omNode-3,nodeAddress=127.0.0.1:38867. Trying to failover after sleeping for 2000ms.
2022-03-14 12:22:06,926 [omNode-3@group-523986131536-FollowerState] INFO  impl.FollowerState (FollowerState.java:run(134)) - omNode-3@group-523986131536-FollowerState: change to CANDIDATE, lastRpcElapsedTime:1207895588ns, electionTimeout:1196ms
2022-03-14 12:22:06,927 [omNode-3@group-523986131536-FollowerState] INFO  impl.RoleInfo (RoleInfo.java:shutdownFollowerState(108)) - omNode-3: shutdown omNode-3@group-523986131536-FollowerState
2022-03-14 12:22:06,927 [omNode-3@group-523986131536-FollowerState] INFO  server.RaftServer$Division (RaftServerImpl.java:setRole(290)) - omNode-3@group-523986131536: changes role from  FOLLOWER to CANDIDATE at term 6 for changeToCandidate
2022-03-14 12:22:06,927 [omNode-3@group-523986131536-FollowerState] INFO  server.RaftServerConfigKeys (ConfUtils.java:logGet(44)) - raft.server.leaderelection.pre-vote = false (custom)
2022-03-14 12:22:06,927 [omNode-3@group-523986131536-FollowerState] INFO  impl.RoleInfo (RoleInfo.java:updateAndGet(130)) - omNode-3: start omNode-3@group-523986131536-LeaderElection25
2022-03-14 12:22:06,933 [omNode-3@group-523986131536-LeaderElection25] INFO  impl.LeaderElection (LeaderElection.java:askForVotes(306)) - omNode-3@group-523986131536-LeaderElection25 ELECTION round 0: submit vote requests at term 7 for 25: [omNode-3|rpc:localhost:38427|admin:|client:|dataStream:|priority:0, omNode-1|rpc:localhost:41375|admin:|client:|dataStream:|priority:0, omNode-2|rpc:localhost:40735|admin:|client:|dataStream:|priority:0], old=null
2022-03-14 12:22:06,942 [grpc-default-executor-7] INFO  server.RaftServer$Division (RaftServerImpl.java:requestVote(1046)) - omNode-1@group-523986131536: receive requestVote(ELECTION, omNode-3, group-523986131536, 7, (t:6, i:28))
2022-03-14 12:22:06,942 [grpc-default-executor-7] INFO  impl.VoteContext (VoteContext.java:log(48)) - omNode-1@group-523986131536-FOLLOWER: reject ELECTION from omNode-3: already has voted for omNode-2 at current term 7
2022-03-14 12:22:06,942 [grpc-default-executor-7] INFO  server.RaftServer$Division (RaftServerImpl.java:requestVote(1078)) - omNode-1@group-523986131536 replies to ELECTION vote request: omNode-3<-omNode-1#0:FAIL-t7. Peer's state: omNode-1@group-523986131536:t7, leader=null, voted=omNode-2, raftlog=omNode-1@group-523986131536-SegmentedRaftLog:OPENED:c18, conf=29: [omNode-3|rpc:localhost:38427|admin:|client:|dataStream:|priority:0, omNode-1|rpc:localhost:41375|admin:|client:|dataStream:|priority:0, omNode-2|rpc:localhost:40735|admin:|client:|dataStream:|priority:0], old=null
2022-03-14 12:22:06,944 [grpc-default-executor-9] INFO  server.RaftServer$Division (RaftServerImpl.java:requestVote(1046)) - omNode-2@group-523986131536: receive requestVote(ELECTION, omNode-3, group-523986131536, 7, (t:6, i:28))
2022-03-14 12:22:06,944 [grpc-default-executor-9] INFO  impl.VoteContext (VoteContext.java:log(48)) - omNode-2@group-523986131536-FOLLOWER: reject ELECTION from omNode-3: already has voted for omNode-2 at current term 7
2022-03-14 12:22:06,944 [grpc-default-executor-9] INFO  server.RaftServer$Division (RaftServerImpl.java:requestVote(1078)) - omNode-2@group-523986131536 replies to ELECTION vote request: omNode-3<-omNode-2#0:FAIL-t7. Peer's state: omNode-2@group-523986131536:t7, leader=null, voted=omNode-2, raftlog=omNode-2@group-523986131536-SegmentedRaftLog:OPENED:c28, conf=29: [omNode-3|rpc:localhost:38427|admin:|client:|dataStream:|priority:0, omNode-1|rpc:localhost:41375|admin:|client:|dataStream:|priority:0, omNode-2|rpc:localhost:40735|admin:|client:|dataStream:|priority:0], old=null
2022-03-14 12:22:06,945 [omNode-3@group-523986131536-LeaderElection25] INFO  impl.LeaderElection (LeaderElection.java:logAndReturn(89)) - omNode-3@group-523986131536-LeaderElection25: ELECTION REJECTED received 2 response(s) and 0 exception(s):
2022-03-14 12:22:06,945 [omNode-3@group-523986131536-LeaderElection25] INFO  impl.LeaderElection (LeaderElection.java:logAndReturn(93)) -   Response 0: omNode-3<-omNode-1#0:FAIL-t7
2022-03-14 12:22:06,945 [omNode-3@group-523986131536-LeaderElection25] INFO  impl.LeaderElection (LeaderElection.java:logAndReturn(93)) -   Response 1: omNode-3<-omNode-2#0:FAIL-t7
2022-03-14 12:22:06,945 [omNode-3@group-523986131536-LeaderElection25] INFO  impl.LeaderElection (LeaderElection.java:askForVotes(308)) - omNode-3@group-523986131536-LeaderElection25 ELECTION round 0: result REJECTED
2022-03-14 12:22:06,945 [omNode-3@group-523986131536-LeaderElection25] INFO  server.RaftServer$Division (RaftServerImpl.java:setRole(290)) - omNode-3@group-523986131536: changes role from CANDIDATE to FOLLOWER at term 7 for REJECTED
2022-03-14 12:22:06,945 [omNode-3@group-523986131536-LeaderElection25] INFO  impl.RoleInfo (RoleInfo.java:shutdownLeaderElection(121)) - omNode-3: shutdown omNode-3@group-523986131536-LeaderElection25
2022-03-14 12:22:06,945 [omNode-3@group-523986131536-LeaderElection25] INFO  impl.RoleInfo (RoleInfo.java:updateAndGet(130)) - omNode-3: start omNode-3@group-523986131536-FollowerState
2022-03-14 12:22:07,041 [omNode-1@group-523986131536-FollowerState] INFO  impl.FollowerState (FollowerState.java:run(134)) - omNode-1@group-523986131536-FollowerState: change to CANDIDATE, lastRpcElapsedTime:1056105479ns, electionTimeout:1054ms
2022-03-14 12:22:07,041 [omNode-1@group-523986131536-FollowerState] INFO  impl.RoleInfo (RoleInfo.java:shutdownFollowerState(108)) - omNode-1: shutdown omNode-1@group-523986131536-FollowerState
2022-03-14 12:22:07,041 [omNode-1@group-523986131536-FollowerState] INFO  server.RaftServer$Division (RaftServerImpl.java:setRole(290)) - omNode-1@group-523986131536: changes role from  FOLLOWER to CANDIDATE at term 7 for changeToCandidate
2022-03-14 12:22:07,042 [omNode-1@group-523986131536-FollowerState] INFO  server.RaftServerConfigKeys (ConfUtils.java:logGet(44)) - raft.server.leaderelection.pre-vote = false (custom)
2022-03-14 12:22:07,042 [omNode-1@group-523986131536-FollowerState] INFO  impl.RoleInfo (RoleInfo.java:updateAndGet(130)) - omNode-1: start omNode-1@group-523986131536-LeaderElection26
2022-03-14 12:22:07,045 [omNode-1@group-523986131536-LeaderElection26] INFO  impl.LeaderElection (LeaderElection.java:askForVotes(306)) - omNode-1@group-523986131536-LeaderElection26 ELECTION round 0: submit vote requests at term 8 for 29: [omNode-3|rpc:localhost:38427|admin:|client:|dataStream:|priority:0, omNode-1|rpc:localhost:41375|admin:|client:|dataStream:|priority:0, omNode-2|rpc:localhost:40735|admin:|client:|dataStream:|priority:0], old=null
2022-03-14 12:22:07,056 [grpc-default-executor-9] INFO  server.RaftServer$Division (RaftServerImpl.java:requestVote(1046)) - omNode-3@group-523986131536: receive requestVote(ELECTION, omNode-1, group-523986131536, 8, (t:2, i:18))
2022-03-14 12:22:07,056 [grpc-default-executor-9] INFO  impl.VoteContext (VoteContext.java:log(48)) - omNode-3@group-523986131536-FOLLOWER: reject ELECTION from omNode-1: our last entry (t:6, i:28) > candidate's last entry (t:2, i:18)
2022-03-14 12:22:07,056 [grpc-default-executor-9] INFO  server.RaftServer$Division (RaftServerImpl.java:setRole(290)) - omNode-3@group-523986131536: changes role from  FOLLOWER to FOLLOWER at term 8 for candidate:omNode-1
2022-03-14 12:22:07,056 [grpc-default-executor-9] INFO  impl.RoleInfo (RoleInfo.java:shutdownFollowerState(108)) - omNode-3: shutdown omNode-3@group-523986131536-FollowerState
2022-03-14 12:22:07,056 [grpc-default-executor-9] INFO  impl.RoleInfo (RoleInfo.java:updateAndGet(130)) - omNode-3: start omNode-3@group-523986131536-FollowerState
2022-03-14 12:22:07,057 [omNode-3@group-523986131536-FollowerState] INFO  impl.FollowerState (FollowerState.java:run(143)) - omNode-3@group-523986131536-FollowerState was interrupted: {}
java.lang.InterruptedException: sleep interrupted
	at java.lang.Thread.sleep(Native Method)
	at java.lang.Thread.sleep(Thread.java:342)
	at java.util.concurrent.TimeUnit.sleep(TimeUnit.java:386)
	at org.apache.ratis.util.TimeDuration.sleep(TimeDuration.java:324)
	at org.apache.ratis.util.TimeDuration.sleep(TimeDuration.java:309)
	at org.apache.ratis.server.impl.FollowerState.run(FollowerState.java:118)
2022-03-14 12:22:07,066 [grpc-default-executor-7] INFO  server.RaftServer$Division (RaftServerImpl.java:requestVote(1046)) - omNode-2@group-523986131536: receive requestVote(ELECTION, omNode-1, group-523986131536, 8, (t:2, i:18))
2022-03-14 12:22:07,066 [grpc-default-executor-7] INFO  impl.VoteContext (VoteContext.java:log(48)) - omNode-2@group-523986131536-FOLLOWER: reject ELECTION from omNode-1: our last entry (t:7, i:29) > candidate's last entry (t:2, i:18)
2022-03-14 12:22:07,066 [grpc-default-executor-7] INFO  server.RaftServer$Division (RaftServerImpl.java:setRole(290)) - omNode-2@group-523986131536: changes role from  FOLLOWER to FOLLOWER at term 8 for candidate:omNode-1
2022-03-14 12:22:07,067 [grpc-default-executor-7] INFO  impl.RoleInfo (RoleInfo.java:shutdownFollowerState(108)) - omNode-2: shutdown omNode-2@group-523986131536-FollowerState
2022-03-14 12:22:07,067 [grpc-default-executor-9] INFO  server.RaftServer$Division (RaftServerImpl.java:requestVote(1078)) - omNode-3@group-523986131536 replies to ELECTION vote request: omNode-1<-omNode-3#0:FAIL-t8. Peer's state: omNode-3@group-523986131536:t8, leader=null, voted=null, raftlog=omNode-3@group-523986131536-SegmentedRaftLog:OPENED:c28, conf=25: [omNode-3|rpc:localhost:38427|admin:|client:|dataStream:|priority:0, omNode-1|rpc:localhost:41375|admin:|client:|dataStream:|priority:0, omNode-2|rpc:localhost:40735|admin:|client:|dataStream:|priority:0], old=null
2022-03-14 12:22:07,067 [omNode-2@group-523986131536-FollowerState] INFO  impl.FollowerState (FollowerState.java:run(143)) - omNode-2@group-523986131536-FollowerState was interrupted: {}
java.lang.InterruptedException: sleep interrupted
	at java.lang.Thread.sleep(Native Method)
	at java.lang.Thread.sleep(Thread.java:342)
	at java.util.concurrent.TimeUnit.sleep(TimeUnit.java:386)
	at org.apache.ratis.util.TimeDuration.sleep(TimeDuration.java:324)
	at org.apache.ratis.util.TimeDuration.sleep(TimeDuration.java:309)
	at org.apache.ratis.server.impl.FollowerState.run(FollowerState.java:118)
2022-03-14 12:22:07,067 [grpc-default-executor-7] INFO  impl.RoleInfo (RoleInfo.java:updateAndGet(130)) - omNode-2: start omNode-2@group-523986131536-FollowerState
2022-03-14 12:22:07,068 [grpc-default-executor-7] INFO  server.RaftServer$Division (RaftServerImpl.java:requestVote(1078)) - omNode-2@group-523986131536 replies to ELECTION vote request: omNode-1<-omNode-2#0:FAIL-t8. Peer's state: omNode-2@group-523986131536:t8, leader=null, voted=null, raftlog=omNode-2@group-523986131536-SegmentedRaftLog:OPENED:c28, conf=29: [omNode-3|rpc:localhost:38427|admin:|client:|dataStream:|priority:0, omNode-1|rpc:localhost:41375|admin:|client:|dataStream:|priority:0, omNode-2|rpc:localhost:40735|admin:|client:|dataStream:|priority:0], old=null
2022-03-14 12:22:07,069 [omNode-1@group-523986131536-LeaderElection26] INFO  impl.LeaderElection (LeaderElection.java:logAndReturn(89)) - omNode-1@group-523986131536-LeaderElection26: ELECTION REJECTED received 2 response(s) and 0 exception(s):
2022-03-14 12:22:07,069 [omNode-1@group-523986131536-LeaderElection26] INFO  impl.LeaderElection (LeaderElection.java:logAndReturn(93)) -   Response 0: omNode-1<-omNode-3#0:FAIL-t8
2022-03-14 12:22:07,069 [omNode-1@group-523986131536-LeaderElection26] INFO  impl.LeaderElection (LeaderElection.java:logAndReturn(93)) -   Response 1: omNode-1<-omNode-2#0:FAIL-t8
2022-03-14 12:22:07,069 [omNode-1@group-523986131536-LeaderElection26] INFO  impl.LeaderElection (LeaderElection.java:askForVotes(308)) - omNode-1@group-523986131536-LeaderElection26 ELECTION round 0: result REJECTED
2022-03-14 12:22:07,070 [omNode-1@group-523986131536-LeaderElection26] INFO  server.RaftServer$Division (RaftServerImpl.java:setRole(290)) - omNode-1@group-523986131536: changes role from CANDIDATE to FOLLOWER at term 8 for REJECTED
2022-03-14 12:22:07,070 [omNode-1@group-523986131536-LeaderElection26] INFO  impl.RoleInfo (RoleInfo.java:shutdownLeaderElection(121)) - omNode-1: shutdown omNode-1@group-523986131536-LeaderElection26
2022-03-14 12:22:07,070 [omNode-1@group-523986131536-LeaderElection26] INFO  impl.RoleInfo (RoleInfo.java:updateAndGet(130)) - omNode-1: start omNode-1@group-523986131536-FollowerState
2022-03-14 12:22:08,159 [omNode-2@group-523986131536-FollowerState] INFO  impl.FollowerState (FollowerState.java:run(134)) - omNode-2@group-523986131536-FollowerState: change to CANDIDATE, lastRpcElapsedTime:1091979112ns, electionTimeout:1091ms
2022-03-14 12:22:08,159 [omNode-2@group-523986131536-FollowerState] INFO  impl.RoleInfo (RoleInfo.java:shutdownFollowerState(108)) - omNode-2: shutdown omNode-2@group-523986131536-FollowerState
2022-03-14 12:22:08,159 [omNode-2@group-523986131536-FollowerState] INFO  server.RaftServer$Division (RaftServerImpl.java:setRole(290)) - omNode-2@group-523986131536: changes role from  FOLLOWER to CANDIDATE at term 8 for changeToCandidate
2022-03-14 12:22:08,159 [omNode-2@group-523986131536-FollowerState] INFO  server.RaftServerConfigKeys (ConfUtils.java:logGet(44)) - raft.server.leaderelection.pre-vote = false (custom)
2022-03-14 12:22:08,159 [omNode-2@group-523986131536-FollowerState] INFO  impl.RoleInfo (RoleInfo.java:updateAndGet(130)) - omNode-2: start omNode-2@group-523986131536-LeaderElection27
2022-03-14 12:22:08,171 [omNode-2@group-523986131536-LeaderElection27] INFO  impl.LeaderElection (LeaderElection.java:askForVotes(306)) - omNode-2@group-523986131536-LeaderElection27 ELECTION round 0: submit vote requests at term 9 for 29: [omNode-3|rpc:localhost:38427|admin:|client:|dataStream:|priority:0, omNode-1|rpc:localhost:41375|admin:|client:|dataStream:|priority:0, omNode-2|rpc:localhost:40735|admin:|client:|dataStream:|priority:0], old=null
2022-03-14 12:22:08,176 [Time-limited test] INFO  retry.RetryInvocationHandler (RetryInvocationHandler.java:log(411)) - com.google.protobuf.ServiceException: org.apache.hadoop.ipc.RemoteException(org.apache.hadoop.ozone.om.exceptions.OMNotLeaderException): OM:omNode-1 is not the leader. Could not determine the leader node.
	at org.apache.hadoop.ozone.om.ratis.utils.OzoneManagerRatisUtils.createNotLeaderException(OzoneManagerRatisUtils.java:360)
	at org.apache.hadoop.ozone.om.ratis.utils.OzoneManagerRatisUtils.checkLeaderStatus(OzoneManagerRatisUtils.java:346)
	at org.apache.hadoop.ozone.protocolPB.OzoneManagerProtocolServerSideTranslatorPB.checkLeaderStatus(OzoneManagerProtocolServerSideTranslatorPB.java:279)
	at org.apache.hadoop.ozone.protocolPB.OzoneManagerProtocolServerSideTranslatorPB.processRequest(OzoneManagerProtocolServerSideTranslatorPB.java:158)
	at org.apache.hadoop.hdds.server.OzoneProtocolMessageDispatcher.processRequest(OzoneProtocolMessageDispatcher.java:87)
	at org.apache.hadoop.ozone.protocolPB.OzoneManagerProtocolServerSideTranslatorPB.submitRequest(OzoneManagerProtocolServerSideTranslatorPB.java:124)
	at org.apache.hadoop.ozone.protocol.proto.OzoneManagerProtocolProtos$OzoneManagerService$2.callBlockingMethod(OzoneManagerProtocolProtos.java)
	at org.apache.hadoop.ipc.ProtobufRpcEngine$Server.processCall(ProtobufRpcEngine.java:466)
	at org.apache.hadoop.ipc.ProtobufRpcEngine2$Server$ProtoBufRpcInvoker.call(ProtobufRpcEngine2.java:574)
	at org.apache.hadoop.ipc.ProtobufRpcEngine2$Server$ProtoBufRpcInvoker.call(ProtobufRpcEngine2.java:552)
	at org.apache.hadoop.ipc.RPC$Server.call(RPC.java:1093)
	at org.apache.hadoop.ipc.Server$RpcCall.run(Server.java:1035)
	at org.apache.hadoop.ipc.Server$RpcCall.run(Server.java:963)
	at java.security.AccessController.doPrivileged(Native Method)
	at javax.security.auth.Subject.doAs(Subject.java:422)
	at org.apache.hadoop.security.UserGroupInformation.doAs(UserGroupInformation.java:1878)
	at org.apache.hadoop.ipc.Server$Handler.run(Server.java:2966)
, while invoking $Proxy53.submitRequest over nodeId=omNode-1,nodeAddress=127.0.0.1:33717 after 1 failover attempts. Trying to failover immediately.
2022-03-14 12:22:08,181 [grpc-default-executor-7] INFO  server.RaftServer$Division (RaftServerImpl.java:requestVote(1046)) - omNode-3@group-523986131536: receive requestVote(ELECTION, omNode-2, group-523986131536, 9, (t:7, i:29))
2022-03-14 12:22:08,181 [grpc-default-executor-7] INFO  impl.VoteContext (VoteContext.java:log(48)) - omNode-3@group-523986131536-FOLLOWER: accept ELECTION from omNode-2: our last entry (t:6, i:28) < candidate's last entry (t:7, i:29)
2022-03-14 12:22:08,182 [grpc-default-executor-7] INFO  server.RaftServer$Division (RaftServerImpl.java:setRole(290)) - omNode-3@group-523986131536: changes role from  FOLLOWER to FOLLOWER at term 9 for candidate:omNode-2
2022-03-14 12:22:08,182 [grpc-default-executor-7] INFO  impl.RoleInfo (RoleInfo.java:shutdownFollowerState(108)) - omNode-3: shutdown omNode-3@group-523986131536-FollowerState
2022-03-14 12:22:08,182 [grpc-default-executor-7] INFO  impl.RoleInfo (RoleInfo.java:updateAndGet(130)) - omNode-3: start omNode-3@group-523986131536-FollowerState
2022-03-14 12:22:08,182 [omNode-3@group-523986131536-FollowerState] INFO  impl.FollowerState (FollowerState.java:run(143)) - omNode-3@group-523986131536-FollowerState was interrupted: {}
java.lang.InterruptedException: sleep interrupted
	at java.lang.Thread.sleep(Native Method)
	at java.lang.Thread.sleep(Thread.java:342)
	at java.util.concurrent.TimeUnit.sleep(TimeUnit.java:386)
	at org.apache.ratis.util.TimeDuration.sleep(TimeDuration.java:324)
	at org.apache.ratis.util.TimeDuration.sleep(TimeDuration.java:309)
	at org.apache.ratis.server.impl.FollowerState.run(FollowerState.java:118)
2022-03-14 12:22:08,190 [grpc-default-executor-9] INFO  server.RaftServer$Division (RaftServerImpl.java:requestVote(1046)) - omNode-1@group-523986131536: receive requestVote(ELECTION, omNode-2, group-523986131536, 9, (t:7, i:29))
2022-03-14 12:22:08,190 [grpc-default-executor-9] INFO  impl.VoteContext (VoteContext.java:log(48)) - omNode-1@group-523986131536-FOLLOWER: accept ELECTION from omNode-2: our last entry (t:2, i:18) < candidate's last entry (t:7, i:29)
2022-03-14 12:22:08,191 [grpc-default-executor-9] INFO  server.RaftServer$Division (RaftServerImpl.java:setRole(290)) - omNode-1@group-523986131536: changes role from  FOLLOWER to FOLLOWER at term 9 for candidate:omNode-2
2022-03-14 12:22:08,191 [grpc-default-executor-9] INFO  impl.RoleInfo (RoleInfo.java:shutdownFollowerState(108)) - omNode-1: shutdown omNode-1@group-523986131536-FollowerState
2022-03-14 12:22:08,191 [grpc-default-executor-9] INFO  impl.RoleInfo (RoleInfo.java:updateAndGet(130)) - omNode-1: start omNode-1@group-523986131536-FollowerState
2022-03-14 12:22:08,191 [omNode-1@group-523986131536-FollowerState] INFO  impl.FollowerState (FollowerState.java:run(143)) - omNode-1@group-523986131536-FollowerState was interrupted: {}
java.lang.InterruptedException: sleep interrupted
	at java.lang.Thread.sleep(Native Method)
	at java.lang.Thread.sleep(Thread.java:342)
	at java.util.concurrent.TimeUnit.sleep(TimeUnit.java:386)
	at org.apache.ratis.util.TimeDuration.sleep(TimeDuration.java:324)
	at org.apache.ratis.util.TimeDuration.sleep(TimeDuration.java:309)
	at org.apache.ratis.server.impl.FollowerState.run(FollowerState.java:118)
2022-03-14 12:22:08,191 [Time-limited test] INFO  retry.RetryInvocationHandler (RetryInvocationHandler.java:log(411)) - com.google.protobuf.ServiceException: org.apache.hadoop.ipc.RemoteException(org.apache.hadoop.ozone.om.exceptions.OMNotLeaderException): OM:omNode-2 is not the leader. Could not determine the leader node.
	at org.apache.hadoop.ozone.om.ratis.utils.OzoneManagerRatisUtils.createNotLeaderException(OzoneManagerRatisUtils.java:360)
	at org.apache.hadoop.ozone.om.ratis.utils.OzoneManagerRatisUtils.checkLeaderStatus(OzoneManagerRatisUtils.java:346)
	at org.apache.hadoop.ozone.protocolPB.OzoneManagerProtocolServerSideTranslatorPB.checkLeaderStatus(OzoneManagerProtocolServerSideTranslatorPB.java:279)
	at org.apache.hadoop.ozone.protocolPB.OzoneManagerProtocolServerSideTranslatorPB.processRequest(OzoneManagerProtocolServerSideTranslatorPB.java:158)
	at org.apache.hadoop.hdds.server.OzoneProtocolMessageDispatcher.processRequest(OzoneProtocolMessageDispatcher.java:87)
	at org.apache.hadoop.ozone.protocolPB.OzoneManagerProtocolServerSideTranslatorPB.submitRequest(OzoneManagerProtocolServerSideTranslatorPB.java:124)
	at org.apache.hadoop.ozone.protocol.proto.OzoneManagerProtocolProtos$OzoneManagerService$2.callBlockingMethod(OzoneManagerProtocolProtos.java)
	at org.apache.hadoop.ipc.ProtobufRpcEngine$Server.processCall(ProtobufRpcEngine.java:466)
	at org.apache.hadoop.ipc.ProtobufRpcEngine2$Server$ProtoBufRpcInvoker.call(ProtobufRpcEngine2.java:574)
	at org.apache.hadoop.ipc.ProtobufRpcEngine2$Server$ProtoBufRpcInvoker.call(ProtobufRpcEngine2.java:552)
	at org.apache.hadoop.ipc.RPC$Server.call(RPC.java:1093)
	at org.apache.hadoop.ipc.Server$RpcCall.run(Server.java:1035)
	at org.apache.hadoop.ipc.Server$RpcCall.run(Server.java:963)
	at java.security.AccessController.doPrivileged(Native Method)
	at javax.security.auth.Subject.doAs(Subject.java:422)
	at org.apache.hadoop.security.UserGroupInformation.doAs(UserGroupInformation.java:1878)
	at org.apache.hadoop.ipc.Server$Handler.run(Server.java:2966)
, while invoking $Proxy53.submitRequest over nodeId=omNode-2,nodeAddress=127.0.0.1:44939 after 2 failover attempts. Trying to failover immediately.
2022-03-14 12:22:08,192 [grpc-default-executor-7] INFO  server.RaftServer$Division (RaftServerImpl.java:requestVote(1078)) - omNode-3@group-523986131536 replies to ELECTION vote request: omNode-2<-omNode-3#0:OK-t9. Peer's state: omNode-3@group-523986131536:t9, leader=null, voted=omNode-2, raftlog=omNode-3@group-523986131536-SegmentedRaftLog:OPENED:c28, conf=25: [omNode-3|rpc:localhost:38427|admin:|client:|dataStream:|priority:0, omNode-1|rpc:localhost:41375|admin:|client:|dataStream:|priority:0, omNode-2|rpc:localhost:40735|admin:|client:|dataStream:|priority:0], old=null
2022-03-14 12:22:08,194 [grpc-default-executor-9] INFO  server.RaftServer$Division (RaftServerImpl.java:requestVote(1078)) - omNode-1@group-523986131536 replies to ELECTION vote request: omNode-2<-omNode-1#0:OK-t9. Peer's state: omNode-1@group-523986131536:t9, leader=null, voted=omNode-2, raftlog=omNode-1@group-523986131536-SegmentedRaftLog:OPENED:c18, conf=29: [omNode-3|rpc:localhost:38427|admin:|client:|dataStream:|priority:0, omNode-1|rpc:localhost:41375|admin:|client:|dataStream:|priority:0, omNode-2|rpc:localhost:40735|admin:|client:|dataStream:|priority:0], old=null
2022-03-14 12:22:08,197 [Time-limited test] INFO  retry.RetryInvocationHandler (RetryInvocationHandler.java:log(411)) - com.google.protobuf.ServiceException: org.apache.hadoop.ipc.RemoteException(org.apache.hadoop.ozone.om.exceptions.OMNotLeaderException): OM:omNode-3 is not the leader. Could not determine the leader node.
	at org.apache.hadoop.ozone.om.ratis.utils.OzoneManagerRatisUtils.createNotLeaderException(OzoneManagerRatisUtils.java:360)
	at org.apache.hadoop.ozone.om.ratis.utils.OzoneManagerRatisUtils.checkLeaderStatus(OzoneManagerRatisUtils.java:346)
	at org.apache.hadoop.ozone.protocolPB.OzoneManagerProtocolServerSideTranslatorPB.checkLeaderStatus(OzoneManagerProtocolServerSideTranslatorPB.java:279)
	at org.apache.hadoop.ozone.protocolPB.OzoneManagerProtocolServerSideTranslatorPB.processRequest(OzoneManagerProtocolServerSideTranslatorPB.java:158)
	at org.apache.hadoop.hdds.server.OzoneProtocolMessageDispatcher.processRequest(OzoneProtocolMessageDispatcher.java:87)
	at org.apache.hadoop.ozone.protocolPB.OzoneManagerProtocolServerSideTranslatorPB.submitRequest(OzoneManagerProtocolServerSideTranslatorPB.java:124)
	at org.apache.hadoop.ozone.protocol.proto.OzoneManagerProtocolProtos$OzoneManagerService$2.callBlockingMethod(OzoneManagerProtocolProtos.java)
	at org.apache.hadoop.ipc.ProtobufRpcEngine$Server.processCall(ProtobufRpcEngine.java:466)
	at org.apache.hadoop.ipc.ProtobufRpcEngine2$Server$ProtoBufRpcInvoker.call(ProtobufRpcEngine2.java:574)
	at org.apache.hadoop.ipc.ProtobufRpcEngine2$Server$ProtoBufRpcInvoker.call(ProtobufRpcEngine2.java:552)
	at org.apache.hadoop.ipc.RPC$Server.call(RPC.java:1093)
	at org.apache.hadoop.ipc.Server$RpcCall.run(Server.java:1035)
	at org.apache.hadoop.ipc.Server$RpcCall.run(Server.java:963)
	at java.security.AccessController.doPrivileged(Native Method)
	at javax.security.auth.Subject.doAs(Subject.java:422)
	at org.apache.hadoop.security.UserGroupInformation.doAs(UserGroupInformation.java:1878)
	at org.apache.hadoop.ipc.Server$Handler.run(Server.java:2966)
, while invoking $Proxy53.submitRequest over nodeId=omNode-3,nodeAddress=127.0.0.1:38867 after 3 failover attempts. Trying to failover after sleeping for 2000ms.
2022-03-14 12:22:08,197 [omNode-2@group-523986131536-LeaderElection27] INFO  impl.LeaderElection (LeaderElection.java:logAndReturn(89)) - omNode-2@group-523986131536-LeaderElection27: ELECTION PASSED received 1 response(s) and 0 exception(s):
2022-03-14 12:22:08,197 [omNode-2@group-523986131536-LeaderElection27] INFO  impl.LeaderElection (LeaderElection.java:logAndReturn(93)) -   Response 0: omNode-2<-omNode-3#0:OK-t9
2022-03-14 12:22:08,197 [omNode-2@group-523986131536-LeaderElection27] INFO  impl.LeaderElection (LeaderElection.java:askForVotes(308)) - omNode-2@group-523986131536-LeaderElection27 ELECTION round 0: result PASSED
2022-03-14 12:22:08,197 [omNode-2@group-523986131536-LeaderElection27] INFO  impl.RoleInfo (RoleInfo.java:shutdownLeaderElection(121)) - omNode-2: shutdown omNode-2@group-523986131536-LeaderElection27
2022-03-14 12:22:08,197 [omNode-2@group-523986131536-LeaderElection27] INFO  server.RaftServer$Division (RaftServerImpl.java:setRole(290)) - omNode-2@group-523986131536: changes role from CANDIDATE to LEADER at term 9 for changeToLeader
2022-03-14 12:22:08,197 [omNode-2@group-523986131536-LeaderElection27] INFO  server.RaftServer$Division (ServerState.java:setLeader(285)) - omNode-2@group-523986131536: change Leader from null to omNode-2 at term 9 for becomeLeader, leader elected after 2112ms
2022-03-14 12:22:08,197 [omNode-2@group-523986131536-LeaderElection27] INFO  server.RaftServerConfigKeys (ConfUtils.java:logGet(44)) - raft.server.staging.catchup.gap = 1000 (default)
2022-03-14 12:22:08,197 [omNode-2@group-523986131536-LeaderElection27] INFO  server.RaftServerConfigKeys (ConfUtils.java:logGet(44)) - raft.server.write.element-limit = 4096 (default)
2022-03-14 12:22:08,197 [omNode-2@group-523986131536-LeaderElection27] INFO  server.RaftServerConfigKeys (ConfUtils.java:logGet(44)) - raft.server.write.byte-limit = 64MB (=67108864) (default)
2022-03-14 12:22:08,198 [omNode-2@group-523986131536-LeaderElection27] INFO  server.RaftServerConfigKeys (ConfUtils.java:logGet(44)) - raft.server.watch.timeout = 10s (default)
2022-03-14 12:22:08,198 [omNode-2@group-523986131536-LeaderElection27] INFO  server.RaftServerConfigKeys (ConfUtils.java:logGet(44)) - raft.server.watch.timeout.denomination = 1s (default)
2022-03-14 12:22:08,198 [omNode-2@group-523986131536-LeaderElection27] INFO  server.RaftServerConfigKeys (ConfUtils.java:logGet(44)) - raft.server.watch.element-limit = 65536 (default)
2022-03-14 12:22:08,198 [omNode-2@group-523986131536-LeaderElection27] INFO  server.RaftServerConfigKeys (ConfUtils.java:logGet(44)) - raft.server.write.element-limit = 4096 (default)
2022-03-14 12:22:08,198 [omNode-2@group-523986131536-LeaderElection27] INFO  server.RaftServerConfigKeys (ConfUtils.java:logGet(44)) - raft.server.write.follower.gap.ratio.max = -1.0 (default)
2022-03-14 12:22:08,198 [omNode-2@group-523986131536-LeaderElection27] INFO  server.RaftServerConfigKeys (ConfUtils.java:logGet(44)) - raft.server.log.appender.snapshot.chunk.size.max = 16MB (=16777216) (default)
2022-03-14 12:22:08,198 [omNode-2@group-523986131536-LeaderElection27] INFO  server.RaftServerConfigKeys (ConfUtils.java:logGet(44)) - raft.server.log.appender.buffer.byte-limit = 33554432 (custom)
2022-03-14 12:22:08,198 [omNode-2@group-523986131536-LeaderElection27] INFO  server.RaftServerConfigKeys (ConfUtils.java:logGet(44)) - raft.server.log.appender.buffer.element-limit = 1024 (custom)
2022-03-14 12:22:08,198 [omNode-2@group-523986131536-LeaderElection27] INFO  grpc.GrpcConfigKeys (ConfUtils.java:logGet(44)) - raft.grpc.server.leader.outstanding.appends.max = 128 (default)
2022-03-14 12:22:08,198 [omNode-2@group-523986131536-LeaderElection27] INFO  server.RaftServerConfigKeys (ConfUtils.java:logGet(44)) - raft.server.rpc.request.timeout = 3000ms (default)
2022-03-14 12:22:08,198 [omNode-2@group-523986131536-LeaderElection27] INFO  server.RaftServerConfigKeys (ConfUtils.java:logGet(44)) - raft.server.log.appender.install.snapshot.enabled = false (custom)
2022-03-14 12:22:08,199 [omNode-2@group-523986131536-LeaderElection27] INFO  server.RaftServerConfigKeys (ConfUtils.java:logGet(44)) - raft.server.log.appender.snapshot.chunk.size.max = 16MB (=16777216) (default)
2022-03-14 12:22:08,199 [omNode-2@group-523986131536-LeaderElection27] INFO  server.RaftServerConfigKeys (ConfUtils.java:logGet(44)) - raft.server.log.appender.buffer.byte-limit = 33554432 (custom)
2022-03-14 12:22:08,199 [omNode-2@group-523986131536-LeaderElection27] INFO  server.RaftServerConfigKeys (ConfUtils.java:logGet(44)) - raft.server.log.appender.buffer.element-limit = 1024 (custom)
2022-03-14 12:22:08,199 [omNode-2@group-523986131536-LeaderElection27] INFO  grpc.GrpcConfigKeys (ConfUtils.java:logGet(44)) - raft.grpc.server.leader.outstanding.appends.max = 128 (default)
2022-03-14 12:22:08,199 [omNode-2@group-523986131536-LeaderElection27] INFO  server.RaftServerConfigKeys (ConfUtils.java:logGet(44)) - raft.server.rpc.request.timeout = 3000ms (default)
2022-03-14 12:22:08,199 [omNode-2@group-523986131536-LeaderElection27] INFO  server.RaftServerConfigKeys (ConfUtils.java:logGet(44)) - raft.server.log.appender.install.snapshot.enabled = false (custom)
2022-03-14 12:22:08,200 [omNode-2@group-523986131536-LeaderElection27] INFO  impl.RoleInfo (RoleInfo.java:updateAndGet(130)) - omNode-2: start omNode-2@group-523986131536-LeaderStateImpl
2022-03-14 12:22:08,200 [omNode-2@group-523986131536-LeaderElection27] INFO  segmented.SegmentedRaftLogWorker (SegmentedRaftLogWorker.java:rollLogSegment(399)) - omNode-2@group-523986131536-SegmentedRaftLogWorker: Rolling segment log-29_29 to index:29
2022-03-14 12:22:08,208 [omNode-2@group-523986131536-SegmentedRaftLogWorker] INFO  segmented.SegmentedRaftLogWorker (SegmentedRaftLogWorker.java:execute(558)) - omNode-2@group-523986131536-SegmentedRaftLogWorker: Rolled log segment from /home/runner/work/ozone/ozone/hadoop-ozone/integration-test/target/test-dir/MiniOzoneClusterImpl-278953cb-1c57-4e8b-ba2f-5e3472d45912/omNode-2/ratis/c9bc4cf4-3bc3-3c60-a66b-523986131536/current/log_inprogress_29 to /home/runner/work/ozone/ozone/hadoop-ozone/integration-test/target/test-dir/MiniOzoneClusterImpl-278953cb-1c57-4e8b-ba2f-5e3472d45912/omNode-2/ratis/c9bc4cf4-3bc3-3c60-a66b-523986131536/current/log_29-29
2022-03-14 12:22:08,213 [omNode-2@group-523986131536-LeaderElection27] INFO  server.RaftServer$Division (ServerState.java:setRaftConf(387)) - omNode-2@group-523986131536: set configuration 30: [omNode-3|rpc:localhost:38427|admin:|client:|dataStream:|priority:0, omNode-1|rpc:localhost:41375|admin:|client:|dataStream:|priority:0, omNode-2|rpc:localhost:40735|admin:|client:|dataStream:|priority:0], old=null
2022-03-14 12:22:08,219 [grpc-default-executor-9] INFO  server.RaftServer$Division (ServerState.java:setLeader(285)) - omNode-1@group-523986131536: change Leader from null to omNode-2 at term 9 for appendEntries, leader elected after 2246ms
2022-03-14 12:22:08,219 [grpc-default-executor-9] INFO  server.RaftServer$Division (RaftServerImpl.java:checkInconsistentAppendEntries(1322)) - omNode-1@group-523986131536: Failed appendEntries as previous log entry ((t:7, i:29)) is not found
2022-03-14 12:22:08,219 [grpc-default-executor-9] INFO  server.RaftServer$Division (RaftServerImpl.java:checkInconsistentAppendEntries(1288)) - omNode-1@group-523986131536: inconsistency entries. Reply:omNode-2<-omNode-1#0:FAIL-t9,INCONSISTENCY,nextIndex=19,followerCommit=18
2022-03-14 12:22:08,220 [grpc-default-executor-7] INFO  leader.FollowerInfo (FollowerInfoImpl.java:lambda$new$0(47)) - omNode-2@group-523986131536->omNode-1: nextIndex: updateUnconditionally 31 -> 19
2022-03-14 12:22:08,220 [grpc-default-executor-9] INFO  server.RaftServer$Division (RaftServerImpl.java:checkInconsistentAppendEntries(1322)) - omNode-1@group-523986131536: Failed appendEntries as previous log entry ((t:7, i:29)) is not found
2022-03-14 12:22:08,220 [grpc-default-executor-9] INFO  server.RaftServer$Division (RaftServerImpl.java:checkInconsistentAppendEntries(1288)) - omNode-1@group-523986131536: inconsistency entries. Reply:omNode-2<-omNode-1#1:FAIL-t9,INCONSISTENCY,nextIndex=19,followerCommit=18
2022-03-14 12:22:08,223 [grpc-default-executor-1] INFO  server.RaftServer$Division (ServerState.java:setLeader(285)) - omNode-3@group-523986131536: change Leader from null to omNode-2 at term 9 for appendEntries, leader elected after 2510ms
2022-03-14 12:22:08,223 [grpc-default-executor-1] INFO  server.RaftServer$Division (RaftServerImpl.java:checkInconsistentAppendEntries(1322)) - omNode-3@group-523986131536: Failed appendEntries as previous log entry ((t:7, i:29)) is not found
2022-03-14 12:22:08,223 [grpc-default-executor-1] INFO  server.RaftServer$Division (RaftServerImpl.java:checkInconsistentAppendEntries(1288)) - omNode-3@group-523986131536: inconsistency entries. Reply:omNode-2<-omNode-3#0:FAIL-t9,INCONSISTENCY,nextIndex=29,followerCommit=28
2022-03-14 12:22:08,224 [grpc-default-executor-1] INFO  server.RaftServer$Division (RaftServerImpl.java:checkInconsistentAppendEntries(1322)) - omNode-3@group-523986131536: Failed appendEntries as previous log entry ((t:7, i:29)) is not found
2022-03-14 12:22:08,224 [grpc-default-executor-1] INFO  server.RaftServer$Division (RaftServerImpl.java:checkInconsistentAppendEntries(1288)) - omNode-3@group-523986131536: inconsistency entries. Reply:omNode-2<-omNode-3#1:FAIL-t9,INCONSISTENCY,nextIndex=29,followerCommit=28
2022-03-14 12:22:08,224 [grpc-default-executor-9] INFO  leader.FollowerInfo (FollowerInfoImpl.java:lambda$new$0(47)) - omNode-2@group-523986131536->omNode-3: nextIndex: updateUnconditionally 31 -> 29
2022-03-14 12:22:08,224 [grpc-default-executor-9] INFO  leader.FollowerInfo (FollowerInfoImpl.java:lambda$new$0(47)) - omNode-2@group-523986131536->omNode-3: nextIndex: updateUnconditionally 29 -> 29
2022-03-14 12:22:08,225 [omNode-2@group-523986131536-SegmentedRaftLogWorker] INFO  segmented.SegmentedRaftLogWorker (SegmentedRaftLogWorker.java:execute(601)) - omNode-2@group-523986131536-SegmentedRaftLogWorker: created new log segment /home/runner/work/ozone/ozone/hadoop-ozone/integration-test/target/test-dir/MiniOzoneClusterImpl-278953cb-1c57-4e8b-ba2f-5e3472d45912/omNode-2/ratis/c9bc4cf4-3bc3-3c60-a66b-523986131536/current/log_inprogress_30
2022-03-14 12:22:08,230 [grpc-default-executor-9] INFO  server.RaftServer$Division (ServerState.java:setRaftConf(387)) - omNode-3@group-523986131536: set configuration 29: [omNode-3|rpc:localhost:38427|admin:|client:|dataStream:|priority:0, omNode-1|rpc:localhost:41375|admin:|client:|dataStream:|priority:0, omNode-2|rpc:localhost:40735|admin:|client:|dataStream:|priority:0], old=null
2022-03-14 12:22:08,230 [grpc-default-executor-9] INFO  server.RaftServer$Division (ServerState.java:setRaftConf(387)) - omNode-3@group-523986131536: set configuration 30: [omNode-3|rpc:localhost:38427|admin:|client:|dataStream:|priority:0, omNode-1|rpc:localhost:41375|admin:|client:|dataStream:|priority:0, omNode-2|rpc:localhost:40735|admin:|client:|dataStream:|priority:0], old=null
2022-03-14 12:22:08,230 [grpc-default-executor-9] INFO  segmented.SegmentedRaftLogWorker (SegmentedRaftLogWorker.java:rollLogSegment(399)) - omNode-3@group-523986131536-SegmentedRaftLogWorker: Rolling segment log-25_28 to index:28
2022-03-14 12:22:08,231 [grpc-default-executor-9] INFO  segmented.SegmentedRaftLogWorker (SegmentedRaftLogWorker.java:rollLogSegment(399)) - omNode-3@group-523986131536-SegmentedRaftLogWorker: Rolling segment log-29_29 to index:29
2022-03-14 12:22:08,231 [omNode-3@group-523986131536-SegmentedRaftLogWorker] INFO  segmented.SegmentedRaftLogWorker (SegmentedRaftLogWorker.java:execute(558)) - omNode-3@group-523986131536-SegmentedRaftLogWorker: Rolled log segment from /home/runner/work/ozone/ozone/hadoop-ozone/integration-test/target/test-dir/MiniOzoneClusterImpl-278953cb-1c57-4e8b-ba2f-5e3472d45912/omNode-3/ratis/c9bc4cf4-3bc3-3c60-a66b-523986131536/current/log_inprogress_25 to /home/runner/work/ozone/ozone/hadoop-ozone/integration-test/target/test-dir/MiniOzoneClusterImpl-278953cb-1c57-4e8b-ba2f-5e3472d45912/omNode-3/ratis/c9bc4cf4-3bc3-3c60-a66b-523986131536/current/log_25-28
2022-03-14 12:22:08,232 [grpc-default-executor-7] INFO  leader.FollowerInfo (FollowerInfoImpl.java:lambda$new$0(47)) - omNode-2@group-523986131536->omNode-1: nextIndex: updateUnconditionally 19 -> 19
2022-03-14 12:22:08,233 [omNode-2@group-523986131536->omNode-1-GrpcLogAppender-LogAppenderDaemon] ERROR leader.LogAppenderDaemon (LogAppenderDaemon.java:run(86)) - omNode-2@group-523986131536->omNode-1-GrpcLogAppender-LogAppenderDaemon failed
java.lang.NullPointerException: omNode-2@group-523986131536->omNode-1: Previous TermIndex not found for firstIndex = 19
	at java.util.Objects.requireNonNull(Objects.java:290)
	at org.apache.ratis.server.leader.LogAppenderBase.assertProtos(LogAppenderBase.java:169)
	at org.apache.ratis.server.leader.LogAppenderBase.newAppendEntriesRequest(LogAppenderBase.java:154)
	at org.apache.ratis.grpc.server.GrpcLogAppender.appendLog(GrpcLogAppender.java:213)
	at org.apache.ratis.grpc.server.GrpcLogAppender.run(GrpcLogAppender.java:147)
	at org.apache.ratis.server.leader.LogAppenderDaemon.run(LogAppenderDaemon.java:77)
	at java.lang.Thread.run(Thread.java:750)
2022-03-14 12:22:08,233 [omNode-2@group-523986131536->omNode-1-GrpcLogAppender-LogAppenderDaemon] INFO  server.RaftServer$Division (LeaderStateImpl.java:restart(514)) - omNode-2@group-523986131536-LeaderStateImpl: Restarting GrpcLogAppender for omNode-2@group-523986131536->omNode-1
2022-03-14 12:22:08,233 [omNode-2@group-523986131536->omNode-1-GrpcLogAppender-LogAppenderDaemon] INFO  server.RaftServerConfigKeys (ConfUtils.java:logGet(44)) - raft.server.log.appender.snapshot.chunk.size.max = 16MB (=16777216) (default)
2022-03-14 12:22:08,233 [omNode-2@group-523986131536->omNode-1-GrpcLogAppender-LogAppenderDaemon] INFO  server.RaftServerConfigKeys (ConfUtils.java:logGet(44)) - raft.server.log.appender.buffer.byte-limit = 33554432 (custom)
2022-03-14 12:22:08,233 [omNode-2@group-523986131536->omNode-1-GrpcLogAppender-LogAppenderDaemon] INFO  server.RaftServerConfigKeys (ConfUtils.java:logGet(44)) - raft.server.log.appender.buffer.element-limit = 1024 (custom)
2022-03-14 12:22:08,233 [omNode-2@group-523986131536->omNode-1-GrpcLogAppender-LogAppenderDaemon] INFO  grpc.GrpcConfigKeys (ConfUtils.java:logGet(44)) - raft.grpc.server.leader.outstanding.appends.max = 128 (default)
2022-03-14 12:22:08,233 [omNode-2@group-523986131536->omNode-1-GrpcLogAppender-LogAppenderDaemon] INFO  server.RaftServerConfigKeys (ConfUtils.java:logGet(44)) - raft.server.rpc.request.timeout = 3000ms (default)
2022-03-14 12:22:08,233 [omNode-2@group-523986131536->omNode-1-GrpcLogAppender-LogAppenderDaemon] INFO  server.RaftServerConfigKeys (ConfUtils.java:logGet(44)) - raft.server.log.appender.install.snapshot.enabled = false (custom)
2022-03-14 12:22:08,234 [omNode-2@group-523986131536->omNode-1-GrpcLogAppender-LogAppenderDaemon] INFO  server.GrpcLogAppender (GrpcLogAppender.java:installSnapshot(550)) - omNode-2@group-523986131536->omNode-1-GrpcLogAppender: followerNextIndex = 0 but logStartIndex = 19, notify follower to install snapshot-(t:3, i:19)
2022-03-14 12:22:08,234 [omNode-2@group-523986131536->omNode-1-GrpcLogAppender-LogAppenderDaemon] INFO  server.GrpcLogAppender (GrpcLogAppender.java:installSnapshot(558)) - omNode-2@group-523986131536->omNode-1-GrpcLogAppender: send omNode-2->omNode-1#0-t9,notify:(t:3, i:19)
2022-03-14 12:22:08,238 [grpc-default-executor-9] INFO  server.RaftServer$Division (RaftServerImpl.java:installSnapshot(1332)) - omNode-1@group-523986131536: receive installSnapshot: omNode-2->omNode-1#0-t9,notify:(t:3, i:19)
2022-03-14 12:22:08,238 [grpc-default-executor-9] INFO  server.RaftServer$Division (RaftServerImpl.java:notifyStateMachineToInstallSnapshot(1551)) - omNode-1@group-523986131536: Received notification to install snapshot at index 19
2022-03-14 12:22:08,238 [grpc-default-executor-9] INFO  server.RaftServer$Division (RaftServerImpl.java:notifyStateMachineToInstallSnapshot(1559)) - omNode-1@group-523986131536: InstallSnapshot notification result: ALREADY_INSTALLED, current snapshot index: 18
2022-03-14 12:22:08,238 [grpc-default-executor-9] INFO  server.RaftServer$Division (RaftServerImpl.java:installSnapshotImpl(1462)) - omNode-1@group-523986131536: set new configuration index: 30
configurationEntry {
  peers {
    id: "omNode-3"
    address: "localhost:38427"
  }
  peers {
    id: "omNode-1"
    address: "localhost:41375"
  }
  peers {
    id: "omNode-2"
    address: "localhost:40735"
  }
}
 from snapshot
2022-03-14 12:22:08,238 [grpc-default-executor-9] INFO  server.RaftServer$Division (ServerState.java:setRaftConf(387)) - omNode-1@group-523986131536: set configuration 30: [omNode-3|rpc:localhost:38427|admin:|client:|dataStream:|priority:0, omNode-1|rpc:localhost:41375|admin:|client:|dataStream:|priority:0, omNode-2|rpc:localhost:40735|admin:|client:|dataStream:|priority:0], old=null
2022-03-14 12:22:08,239 [grpc-default-executor-9] INFO  ratis.OzoneManagerStateMachine (OzoneManagerStateMachine.java:notifyConfigurationChanged(188)) - Received Configuration change notification from Ratis. New Peer list:
[id: "omNode-3"
address: "localhost:38427"
, id: "omNode-1"
address: "localhost:41375"
, id: "omNode-2"
address: "localhost:40735"
]
2022-03-14 12:22:08,239 [grpc-default-executor-9] INFO  server.RaftServer$Division (RaftServerImpl.java:installSnapshot(1343)) - omNode-1@group-523986131536: reply installSnapshot: omNode-2<-omNode-1#0:FAIL-t9,ALREADY_INSTALLED,snapshotIndex=18
2022-03-14 12:22:08,239 [grpc-default-executor-9] INFO  server.GrpcServerProtocolService (GrpcServerProtocolService.java:onCompleted(140)) - omNode-1: Completed INSTALL_SNAPSHOT, lastRequest: omNode-2->omNode-1#0-t9,notify:(t:3, i:19)
2022-03-14 12:22:08,240 [grpc-default-executor-7] INFO  server.GrpcLogAppender (GrpcLogAppender.java:onNext(410)) - omNode-2@group-523986131536->omNode-1-InstallSnapshotResponseHandler: received the first reply omNode-2<-omNode-1#0:FAIL-t9,ALREADY_INSTALLED,snapshotIndex=18
2022-03-14 12:22:08,240 [grpc-default-executor-7] INFO  server.GrpcLogAppender (GrpcLogAppender.java:onNext(433)) - omNode-2@group-523986131536->omNode-1-InstallSnapshotResponseHandler: Follower snapshot is already at index 18.
2022-03-14 12:22:08,240 [grpc-default-executor-7] INFO  leader.FollowerInfo (FollowerInfoImpl.java:lambda$new$0(47)) - omNode-2@group-523986131536->omNode-1: snapshotIndex: setUnconditionally 0 -> 18
2022-03-14 12:22:08,240 [grpc-default-executor-7] INFO  leader.FollowerInfo (FollowerInfoImpl.java:lambda$new$0(47)) - omNode-2@group-523986131536->omNode-1: matchIndex: setUnconditionally 0 -> 18
2022-03-14 12:22:08,240 [grpc-default-executor-7] INFO  leader.FollowerInfo (FollowerInfoImpl.java:lambda$new$0(47)) - omNode-2@group-523986131536->omNode-1: nextIndex: setUnconditionally 0 -> 19
2022-03-14 12:22:08,240 [grpc-default-executor-7] INFO  leader.FollowerInfo (FollowerInfoImpl.java:setAttemptedToInstallSnapshot(116)) - Follower omNode-2@group-523986131536->omNode-1 acknowledged installing snapshot
2022-03-14 12:22:08,241 [grpc-default-executor-7] INFO  leader.FollowerInfo (FollowerInfoImpl.java:lambda$new$0(47)) - omNode-2@group-523986131536->omNode-1: nextIndex: updateToMax old=19, new=19, updated? false
2022-03-14 12:22:08,242 [omNode-3@group-523986131536-SegmentedRaftLogWorker] INFO  segmented.SegmentedRaftLogWorker (SegmentedRaftLogWorker.java:execute(601)) - omNode-3@group-523986131536-SegmentedRaftLogWorker: created new log segment /home/runner/work/ozone/ozone/hadoop-ozone/integration-test/target/test-dir/MiniOzoneClusterImpl-278953cb-1c57-4e8b-ba2f-5e3472d45912/omNode-3/ratis/c9bc4cf4-3bc3-3c60-a66b-523986131536/current/log_inprogress_29
2022-03-14 12:22:08,245 [omNode-3@group-523986131536-SegmentedRaftLogWorker] INFO  segmented.SegmentedRaftLogWorker (SegmentedRaftLogWorker.java:execute(558)) - omNode-3@group-523986131536-SegmentedRaftLogWorker: Rolled log segment from /home/runner/work/ozone/ozone/hadoop-ozone/integration-test/target/test-dir/MiniOzoneClusterImpl-278953cb-1c57-4e8b-ba2f-5e3472d45912/omNode-3/ratis/c9bc4cf4-3bc3-3c60-a66b-523986131536/current/log_inprogress_29 to /home/runner/work/ozone/ozone/hadoop-ozone/integration-test/target/test-dir/MiniOzoneClusterImpl-278953cb-1c57-4e8b-ba2f-5e3472d45912/omNode-3/ratis/c9bc4cf4-3bc3-3c60-a66b-523986131536/current/log_29-29
2022-03-14 12:22:08,256 [omNode-3@group-523986131536-SegmentedRaftLogWorker] INFO  segmented.SegmentedRaftLogWorker (SegmentedRaftLogWorker.java:execute(601)) - omNode-3@group-523986131536-SegmentedRaftLogWorker: created new log segment /home/runner/work/ozone/ozone/hadoop-ozone/integration-test/target/test-dir/MiniOzoneClusterImpl-278953cb-1c57-4e8b-ba2f-5e3472d45912/omNode-3/ratis/c9bc4cf4-3bc3-3c60-a66b-523986131536/current/log_inprogress_30
2022-03-14 12:22:08,265 [omNode-2@group-523986131536-StateMachineUpdater] INFO  ratis.OzoneManagerStateMachine (OzoneManagerStateMachine.java:notifyConfigurationChanged(188)) - Received Configuration change notification from Ratis. New Peer list:
[id: "omNode-3"
address: "localhost:38427"
, id: "omNode-1"
address: "localhost:41375"
, id: "omNode-2"
address: "localhost:40735"
]
2022-03-14 12:22:08,265 [omNode-2@group-523986131536-StateMachineUpdater] INFO  ratis.OzoneManagerStateMachine (OzoneManagerStateMachine.java:notifyConfigurationChanged(188)) - Received Configuration change notification from Ratis. New Peer list:
[id: "omNode-3"
address: "localhost:38427"
, id: "omNode-1"
address: "localhost:41375"
, id: "omNode-2"
address: "localhost:40735"
]
2022-03-14 12:22:08,268 [grpc-default-executor-7] INFO  server.RaftServer$Division (RaftServerImpl.java:checkInconsistentAppendEntries(1322)) - omNode-1@group-523986131536: Failed appendEntries as previous log entry ((t:9, i:30)) is not found
2022-03-14 12:22:08,269 [grpc-default-executor-7] INFO  server.RaftServer$Division (RaftServerImpl.java:checkInconsistentAppendEntries(1288)) - omNode-1@group-523986131536: inconsistency entries. Reply:omNode-2<-omNode-1#3:FAIL-t9,INCONSISTENCY,nextIndex=19,followerCommit=18
2022-03-14 12:22:08,277 [omNode-3@group-523986131536-StateMachineUpdater] INFO  ratis.OzoneManagerStateMachine (OzoneManagerStateMachine.java:notifyConfigurationChanged(188)) - Received Configuration change notification from Ratis. New Peer list:
[id: "omNode-3"
address: "localhost:38427"
, id: "omNode-1"
address: "localhost:41375"
, id: "omNode-2"
address: "localhost:40735"
]
2022-03-14 12:22:08,278 [omNode-3@group-523986131536-StateMachineUpdater] INFO  ratis.OzoneManagerStateMachine (OzoneManagerStateMachine.java:notifyConfigurationChanged(188)) - Received Configuration change notification from Ratis. New Peer list:
[id: "omNode-3"
address: "localhost:38427"
, id: "omNode-1"
address: "localhost:41375"
, id: "omNode-2"
address: "localhost:40735"
]
2022-03-14 12:22:08,767 [grpc-default-executor-9] INFO  server.RaftServer$Division (RaftServerImpl.java:checkInconsistentAppendEntries(1322)) - omNode-1@group-523986131536: Failed appendEntries as previous log entry ((t:9, i:31)) is not found
2022-03-14 12:22:08,767 [grpc-default-executor-9] INFO  server.RaftServer$Division (RaftServerImpl.java:checkInconsistentAppendEntries(1288)) - omNode-1@group-523986131536: inconsistency entries. Reply:omNode-2<-omNode-1#55:FAIL-t9,INCONSISTENCY,nextIndex=19,followerCommit=18
2022-03-14 12:22:08,768 [grpc-default-executor-9] INFO  leader.FollowerInfo (FollowerInfoImpl.java:lambda$new$0(47)) - omNode-2@group-523986131536->omNode-1: nextIndex: updateUnconditionally 32 -> 19
2022-03-14 12:22:09,271 [grpc-default-executor-9] INFO  server.RaftServer$Division (RaftServerImpl.java:checkInconsistentAppendEntries(1322)) - omNode-1@group-523986131536: Failed appendEntries as previous log entry ((t:9, i:31)) is not found
2022-03-14 12:22:09,271 [grpc-default-executor-9] INFO  server.RaftServer$Division (RaftServerImpl.java:checkInconsistentAppendEntries(1288)) - omNode-1@group-523986131536: inconsistency entries. Reply:omNode-2<-omNode-1#106:FAIL-t9,INCONSISTENCY,nextIndex=19,followerCommit=18
2022-03-14 12:22:09,271 [grpc-default-executor-9] INFO  leader.FollowerInfo (FollowerInfoImpl.java:lambda$new$0(47)) - omNode-2@group-523986131536->omNode-1: nextIndex: updateUnconditionally 32 -> 19
2022-03-14 12:22:09,773 [grpc-default-executor-9] INFO  server.RaftServer$Division (RaftServerImpl.java:checkInconsistentAppendEntries(1322)) - omNode-1@group-523986131536: Failed appendEntries as previous log entry ((t:9, i:31)) is not found
2022-03-14 12:22:09,773 [grpc-default-executor-9] INFO  server.RaftServer$Division (RaftServerImpl.java:checkInconsistentAppendEntries(1288)) - omNode-1@group-523986131536: inconsistency entries. Reply:omNode-2<-omNode-1#157:FAIL-t9,INCONSISTENCY,nextIndex=19,followerCommit=18
2022-03-14 12:22:09,774 [grpc-default-executor-9] INFO  leader.FollowerInfo (FollowerInfoImpl.java:lambda$new$0(47)) - omNode-2@group-523986131536->omNode-1: nextIndex: updateUnconditionally 32 -> 19
2022-03-14 12:22:10,200 [Time-limited test] INFO  retry.RetryInvocationHandler (RetryInvocationHandler.java:log(411)) - com.google.protobuf.ServiceException: org.apache.hadoop.ipc.RemoteException(org.apache.hadoop.ozone.om.exceptions.OMNotLeaderException): OM:omNode-1 is not the leader. Could not determine the leader node.
	at org.apache.hadoop.ozone.om.ratis.utils.OzoneManagerRatisUtils.createNotLeaderException(OzoneManagerRatisUtils.java:360)
	at org.apache.hadoop.ozone.om.ratis.utils.OzoneManagerRatisUtils.checkLeaderStatus(OzoneManagerRatisUtils.java:346)
	at org.apache.hadoop.ozone.protocolPB.OzoneManagerProtocolServerSideTranslatorPB.checkLeaderStatus(OzoneManagerProtocolServerSideTranslatorPB.java:279)
	at org.apache.hadoop.ozone.protocolPB.OzoneManagerProtocolServerSideTranslatorPB.processRequest(OzoneManagerProtocolServerSideTranslatorPB.java:158)
	at org.apache.hadoop.hdds.server.OzoneProtocolMessageDispatcher.processRequest(OzoneProtocolMessageDispatcher.java:87)
	at org.apache.hadoop.ozone.protocolPB.OzoneManagerProtocolServerSideTranslatorPB.submitRequest(OzoneManagerProtocolServerSideTranslatorPB.java:124)
	at org.apache.hadoop.ozone.protocol.proto.OzoneManagerProtocolProtos$OzoneManagerService$2.callBlockingMethod(OzoneManagerProtocolProtos.java)
	at org.apache.hadoop.ipc.ProtobufRpcEngine$Server.processCall(ProtobufRpcEngine.java:466)
	at org.apache.hadoop.ipc.ProtobufRpcEngine2$Server$ProtoBufRpcInvoker.call(ProtobufRpcEngine2.java:574)
	at org.apache.hadoop.ipc.ProtobufRpcEngine2$Server$ProtoBufRpcInvoker.call(ProtobufRpcEngine2.java:552)
	at org.apache.hadoop.ipc.RPC$Server.call(RPC.java:1093)
	at org.apache.hadoop.ipc.Server$RpcCall.run(Server.java:1035)
	at org.apache.hadoop.ipc.Server$RpcCall.run(Server.java:963)
	at java.security.AccessController.doPrivileged(Native Method)
	at javax.security.auth.Subject.doAs(Subject.java:422)
	at org.apache.hadoop.security.UserGroupInformation.doAs(UserGroupInformation.java:1878)
	at org.apache.hadoop.ipc.Server$Handler.run(Server.java:2966)
, while invoking $Proxy53.submitRequest over nodeId=omNode-1,nodeAddress=127.0.0.1:33717 after 4 failover attempts. Trying to failover immediately.
2022-03-14 12:22:10,204 [grpc-default-executor-9] INFO  server.RaftServer$Division (RaftServerImpl.java:checkInconsistentAppendEntries(1322)) - omNode-1@group-523986131536: Failed appendEntries as previous log entry ((t:9, i:31)) is not found
2022-03-14 12:22:10,204 [grpc-default-executor-9] INFO  server.RaftServer$Division (RaftServerImpl.java:checkInconsistentAppendEntries(1288)) - omNode-1@group-523986131536: inconsistency entries. Reply:omNode-2<-omNode-1#201:FAIL-t9,INCONSISTENCY,nextIndex=19,followerCommit=18
2022-03-14 12:22:10,206 [grpc-default-executor-9] INFO  server.RaftServer$Division (RaftServerImpl.java:checkInconsistentAppendEntries(1322)) - omNode-1@group-523986131536: Failed appendEntries as previous log entry ((t:9, i:32)) is not found
2022-03-14 12:22:10,206 [grpc-default-executor-9] INFO  server.RaftServer$Division (RaftServerImpl.java:checkInconsistentAppendEntries(1288)) - omNode-1@group-523986131536: inconsistency entries. Reply:omNode-2<-omNode-1#202:FAIL-t9,INCONSISTENCY,nextIndex=19,followerCommit=18
2022-03-14 12:22:10,210 [OM StateMachine ApplyTransaction Thread - 0] INFO  upgrade.OMCancelPrepareRequest (OMCancelPrepareRequest.java:validateAndUpdateCache(55)) - OM omNode-2 Received cancel prepare request with log index 32
2022-03-14 12:22:10,210 [OM StateMachine ApplyTransaction Thread - 0] INFO  upgrade.OMCancelPrepareRequest (OMCancelPrepareRequest.java:validateAndUpdateCache(84)) - OM omNode-2 prepare state cancelled at log index 32. Returning response 
2022-03-14 12:22:10,211 [OM StateMachine ApplyTransaction Thread - 0] INFO  upgrade.OMCancelPrepareRequest (OMCancelPrepareRequest.java:validateAndUpdateCache(55)) - OM omNode-3 Received cancel prepare request with log index 32
2022-03-14 12:22:10,218 [OM StateMachine ApplyTransaction Thread - 0] INFO  upgrade.OMCancelPrepareRequest (OMCancelPrepareRequest.java:validateAndUpdateCache(84)) - OM omNode-3 prepare state cancelled at log index 32. Returning response 
2022-03-14 12:22:10,707 [grpc-default-executor-9] INFO  server.RaftServer$Division (RaftServerImpl.java:checkInconsistentAppendEntries(1322)) - omNode-1@group-523986131536: Failed appendEntries as previous log entry ((t:9, i:33)) is not found
2022-03-14 12:22:10,708 [grpc-default-executor-9] INFO  server.RaftServer$Division (RaftServerImpl.java:checkInconsistentAppendEntries(1288)) - omNode-1@group-523986131536: inconsistency entries. Reply:omNode-2<-omNode-1#254:FAIL-t9,INCONSISTENCY,nextIndex=19,followerCommit=18
2022-03-14 12:22:10,708 [grpc-default-executor-9] INFO  leader.FollowerInfo (FollowerInfoImpl.java:lambda$new$0(47)) - omNode-2@group-523986131536->omNode-1: nextIndex: updateUnconditionally 34 -> 19
2022-03-14 12:22:11,210 [grpc-default-executor-9] INFO  server.RaftServer$Division (RaftServerImpl.java:checkInconsistentAppendEntries(1322)) - omNode-1@group-523986131536: Failed appendEntries as previous log entry ((t:9, i:33)) is not found
2022-03-14 12:22:11,211 [grpc-default-executor-9] INFO  server.RaftServer$Division (RaftServerImpl.java:checkInconsistentAppendEntries(1288)) - omNode-1@group-523986131536: inconsistency entries. Reply:omNode-2<-omNode-1#305:FAIL-t9,INCONSISTENCY,nextIndex=19,followerCommit=18
2022-03-14 12:22:11,211 [grpc-default-executor-9] INFO  leader.FollowerInfo (FollowerInfoImpl.java:lambda$new$0(47)) - omNode-2@group-523986131536->omNode-1: nextIndex: updateUnconditionally 34 -> 19
2022-03-14 12:22:11,713 [grpc-default-executor-9] INFO  server.RaftServer$Division (RaftServerImpl.java:checkInconsistentAppendEntries(1322)) - omNode-1@group-523986131536: Failed appendEntries as previous log entry ((t:9, i:33)) is not found
2022-03-14 12:22:11,713 [grpc-default-executor-9] INFO  server.RaftServer$Division (RaftServerImpl.java:checkInconsistentAppendEntries(1288)) - omNode-1@group-523986131536: inconsistency entries. Reply:omNode-2<-omNode-1#356:FAIL-t9,INCONSISTENCY,nextIndex=19,followerCommit=18
2022-03-14 12:22:11,713 [grpc-default-executor-9] INFO  leader.FollowerInfo (FollowerInfoImpl.java:lambda$new$0(47)) - omNode-2@group-523986131536->omNode-1: nextIndex: updateUnconditionally 34 -> 19
2022-03-14 12:22:12,215 [grpc-default-executor-9] INFO  server.RaftServer$Division (RaftServerImpl.java:checkInconsistentAppendEntries(1322)) - omNode-1@group-523986131536: Failed appendEntries as previous log entry ((t:9, i:33)) is not found
2022-03-14 12:22:12,215 [grpc-default-executor-9] INFO  server.RaftServer$Division (RaftServerImpl.java:checkInconsistentAppendEntries(1288)) - omNode-1@group-523986131536: inconsistency entries. Reply:omNode-2<-omNode-1#407:FAIL-t9,INCONSISTENCY,nextIndex=19,followerCommit=18
2022-03-14 12:22:12,216 [grpc-default-executor-9] INFO  leader.FollowerInfo (FollowerInfoImpl.java:lambda$new$0(47)) - omNode-2@group-523986131536->omNode-1: nextIndex: updateUnconditionally 34 -> 19
2022-03-14 12:22:12,717 [grpc-default-executor-7] INFO  server.RaftServer$Division (RaftServerImpl.java:checkInconsistentAppendEntries(1322)) - omNode-1@group-523986131536: Failed appendEntries as previous log entry ((t:9, i:33)) is not found
2022-03-14 12:22:12,718 [grpc-default-executor-7] INFO  server.RaftServer$Division (RaftServerImpl.java:checkInconsistentAppendEntries(1288)) - omNode-1@group-523986131536: inconsistency entries. Reply:omNode-2<-omNode-1#458:FAIL-t9,INCONSISTENCY,nextIndex=19,followerCommit=18
2022-03-14 12:22:12,718 [grpc-default-executor-7] INFO  leader.FollowerInfo (FollowerInfoImpl.java:lambda$new$0(47)) - omNode-2@group-523986131536->omNode-1: nextIndex: updateUnconditionally 34 -> 19
2022-03-14 12:22:13,220 [grpc-default-executor-7] INFO  server.RaftServer$Division (RaftServerImpl.java:checkInconsistentAppendEntries(1322)) - omNode-1@group-523986131536: Failed appendEntries as previous log entry ((t:9, i:33)) is not found
2022-03-14 12:22:13,221 [grpc-default-executor-7] INFO  server.RaftServer$Division (RaftServerImpl.java:checkInconsistentAppendEntries(1288)) - omNode-1@group-523986131536: inconsistency entries. Reply:omNode-2<-omNode-1#509:FAIL-t9,INCONSISTENCY,nextIndex=19,followerCommit=18
2022-03-14 12:22:13,221 [grpc-default-executor-7] INFO  leader.FollowerInfo (FollowerInfoImpl.java:lambda$new$0(47)) - omNode-2@group-523986131536->omNode-1: nextIndex: updateUnconditionally 34 -> 19
2022-03-14 12:22:13,723 [grpc-default-executor-7] INFO  server.RaftServer$Division (RaftServerImpl.java:checkInconsistentAppendEntries(1322)) - omNode-1@group-523986131536: Failed appendEntries as previous log entry ((t:9, i:33)) is not found
2022-03-14 12:22:13,723 [grpc-default-executor-7] INFO  server.RaftServer$Division (RaftServerImpl.java:checkInconsistentAppendEntries(1288)) - omNode-1@group-523986131536: inconsistency entries. Reply:omNode-2<-omNode-1#560:FAIL-t9,INCONSISTENCY,nextIndex=19,followerCommit=18
2022-03-14 12:22:13,723 [grpc-default-executor-7] INFO  leader.FollowerInfo (FollowerInfoImpl.java:lambda$new$0(47)) - omNode-2@group-523986131536->omNode-1: nextIndex: updateUnconditionally 34 -> 19
2022-03-14 12:22:14,225 [grpc-default-executor-7] INFO  server.RaftServer$Division (RaftServerImpl.java:checkInconsistentAppendEntries(1322)) - omNode-1@group-523986131536: Failed appendEntries as previous log entry ((t:9, i:33)) is not found
2022-03-14 12:22:14,225 [grpc-default-executor-7] INFO  server.RaftServer$Division (RaftServerImpl.java:checkInconsistentAppendEntries(1288)) - omNode-1@group-523986131536: inconsistency entries. Reply:omNode-2<-omNode-1#611:FAIL-t9,INCONSISTENCY,nextIndex=19,followerCommit=18
2022-03-14 12:22:14,226 [grpc-default-executor-7] INFO  leader.FollowerInfo (FollowerInfoImpl.java:lambda$new$0(47)) - omNode-2@group-523986131536->omNode-1: nextIndex: updateUnconditionally 34 -> 19
2022-03-14 12:22:14,727 [grpc-default-executor-7] INFO  server.RaftServer$Division (RaftServerImpl.java:checkInconsistentAppendEntries(1322)) - omNode-1@group-523986131536: Failed appendEntries as previous log entry ((t:9, i:33)) is not found
2022-03-14 12:22:14,728 [grpc-default-executor-7] INFO  server.RaftServer$Division (RaftServerImpl.java:checkInconsistentAppendEntries(1288)) - omNode-1@group-523986131536: inconsistency entries. Reply:omNode-2<-omNode-1#662:FAIL-t9,INCONSISTENCY,nextIndex=19,followerCommit=18
2022-03-14 12:22:14,728 [grpc-default-executor-7] INFO  leader.FollowerInfo (FollowerInfoImpl.java:lambda$new$0(47)) - omNode-2@group-523986131536->omNode-1: nextIndex: updateUnconditionally 34 -> 19
2022-03-14 12:22:15,230 [grpc-default-executor-7] INFO  server.RaftServer$Division (RaftServerImpl.java:checkInconsistentAppendEntries(1322)) - omNode-1@group-523986131536: Failed appendEntries as previous log entry ((t:9, i:33)) is not found
2022-03-14 12:22:15,230 [grpc-default-executor-7] INFO  server.RaftServer$Division (RaftServerImpl.java:checkInconsistentAppendEntries(1288)) - omNode-1@group-523986131536: inconsistency entries. Reply:omNode-2<-omNode-1#713:FAIL-t9,INCONSISTENCY,nextIndex=19,followerCommit=18
2022-03-14 12:22:15,231 [grpc-default-executor-7] INFO  leader.FollowerInfo (FollowerInfoImpl.java:lambda$new$0(47)) - omNode-2@group-523986131536->omNode-1: nextIndex: updateUnconditionally 34 -> 19
2022-03-14 12:22:15,733 [grpc-default-executor-7] INFO  server.RaftServer$Division (RaftServerImpl.java:checkInconsistentAppendEntries(1322)) - omNode-1@group-523986131536: Failed appendEntries as previous log entry ((t:9, i:33)) is not found
2022-03-14 12:22:15,734 [grpc-default-executor-7] INFO  server.RaftServer$Division (RaftServerImpl.java:checkInconsistentAppendEntries(1288)) - omNode-1@group-523986131536: inconsistency entries. Reply:omNode-2<-omNode-1#764:FAIL-t9,INCONSISTENCY,nextIndex=19,followerCommit=18
2022-03-14 12:22:15,734 [grpc-default-executor-7] INFO  leader.FollowerInfo (FollowerInfoImpl.java:lambda$new$0(47)) - omNode-2@group-523986131536->omNode-1: nextIndex: updateUnconditionally 34 -> 19
2022-03-14 12:22:16,236 [grpc-default-executor-7] INFO  server.RaftServer$Division (RaftServerImpl.java:checkInconsistentAppendEntries(1322)) - omNode-1@group-523986131536: Failed appendEntries as previous log entry ((t:9, i:33)) is not found
2022-03-14 12:22:16,236 [grpc-default-executor-7] INFO  server.RaftServer$Division (RaftServerImpl.java:checkInconsistentAppendEntries(1288)) - omNode-1@group-523986131536: inconsistency entries. Reply:omNode-2<-omNode-1#815:FAIL-t9,INCONSISTENCY,nextIndex=19,followerCommit=18
2022-03-14 12:22:16,236 [grpc-default-executor-7] INFO  leader.FollowerInfo (FollowerInfoImpl.java:lambda$new$0(47)) - omNode-2@group-523986131536->omNode-1: nextIndex: updateUnconditionally 34 -> 19
2022-03-14 12:22:16,738 [grpc-default-executor-7] INFO  server.RaftServer$Division (RaftServerImpl.java:checkInconsistentAppendEntries(1322)) - omNode-1@group-523986131536: Failed appendEntries as previous log entry ((t:9, i:33)) is not found
2022-03-14 12:22:16,738 [grpc-default-executor-7] INFO  server.RaftServer$Division (RaftServerImpl.java:checkInconsistentAppendEntries(1288)) - omNode-1@group-523986131536: inconsistency entries. Reply:omNode-2<-omNode-1#866:FAIL-t9,INCONSISTENCY,nextIndex=19,followerCommit=18
2022-03-14 12:22:16,739 [grpc-default-executor-7] INFO  leader.FollowerInfo (FollowerInfoImpl.java:lambda$new$0(47)) - omNode-2@group-523986131536->omNode-1: nextIndex: updateUnconditionally 34 -> 19
2022-03-14 12:22:17,240 [grpc-default-executor-7] INFO  server.RaftServer$Division (RaftServerImpl.java:checkInconsistentAppendEntries(1322)) - omNode-1@group-523986131536: Failed appendEntries as previous log entry ((t:9, i:33)) is not found
2022-03-14 12:22:17,240 [grpc-default-executor-7] INFO  server.RaftServer$Division (RaftServerImpl.java:checkInconsistentAppendEntries(1288)) - omNode-1@group-523986131536: inconsistency entries. Reply:omNode-2<-omNode-1#917:FAIL-t9,INCONSISTENCY,nextIndex=19,followerCommit=18
2022-03-14 12:22:17,241 [grpc-default-executor-7] INFO  leader.FollowerInfo (FollowerInfoImpl.java:lambda$new$0(47)) - omNode-2@group-523986131536->omNode-1: nextIndex: updateUnconditionally 34 -> 19
2022-03-14 12:22:17,743 [grpc-default-executor-7] INFO  server.RaftServer$Division (RaftServerImpl.java:checkInconsistentAppendEntries(1322)) - omNode-1@group-523986131536: Failed appendEntries as previous log entry ((t:9, i:33)) is not found
2022-03-14 12:22:17,743 [grpc-default-executor-7] INFO  server.RaftServer$Division (RaftServerImpl.java:checkInconsistentAppendEntries(1288)) - omNode-1@group-523986131536: inconsistency entries. Reply:omNode-2<-omNode-1#968:FAIL-t9,INCONSISTENCY,nextIndex=19,followerCommit=18
2022-03-14 12:22:17,743 [grpc-default-executor-7] INFO  leader.FollowerInfo (FollowerInfoImpl.java:lambda$new$0(47)) - omNode-2@group-523986131536->omNode-1: nextIndex: updateUnconditionally 34 -> 19
2022-03-14 12:22:18,245 [grpc-default-executor-9] INFO  server.RaftServer$Division (RaftServerImpl.java:checkInconsistentAppendEntries(1322)) - omNode-1@group-523986131536: Failed appendEntries as previous log entry ((t:9, i:33)) is not found
2022-03-14 12:22:18,245 [grpc-default-executor-9] INFO  server.RaftServer$Division (RaftServerImpl.java:checkInconsistentAppendEntries(1288)) - omNode-1@group-523986131536: inconsistency entries. Reply:omNode-2<-omNode-1#1019:FAIL-t9,INCONSISTENCY,nextIndex=19,followerCommit=18
2022-03-14 12:22:18,246 [grpc-default-executor-9] INFO  leader.FollowerInfo (FollowerInfoImpl.java:lambda$new$0(47)) - omNode-2@group-523986131536->omNode-1: nextIndex: updateUnconditionally 34 -> 19
2022-03-14 12:22:18,748 [grpc-default-executor-9] INFO  server.RaftServer$Division (RaftServerImpl.java:checkInconsistentAppendEntries(1322)) - omNode-1@group-523986131536: Failed appendEntries as previous log entry ((t:9, i:33)) is not found
2022-03-14 12:22:18,748 [grpc-default-executor-9] INFO  server.RaftServer$Division (RaftServerImpl.java:checkInconsistentAppendEntries(1288)) - omNode-1@group-523986131536: inconsistency entries. Reply:omNode-2<-omNode-1#1070:FAIL-t9,INCONSISTENCY,nextIndex=19,followerCommit=18
2022-03-14 12:22:18,748 [grpc-default-executor-9] INFO  leader.FollowerInfo (FollowerInfoImpl.java:lambda$new$0(47)) - omNode-2@group-523986131536->omNode-1: nextIndex: updateUnconditionally 34 -> 19
2022-03-14 12:22:19,250 [grpc-default-executor-9] INFO  server.RaftServer$Division (RaftServerImpl.java:checkInconsistentAppendEntries(1322)) - omNode-1@group-523986131536: Failed appendEntries as previous log entry ((t:9, i:33)) is not found
2022-03-14 12:22:19,250 [grpc-default-executor-9] INFO  server.RaftServer$Division (RaftServerImpl.java:checkInconsistentAppendEntries(1288)) - omNode-1@group-523986131536: inconsistency entries. Reply:omNode-2<-omNode-1#1121:FAIL-t9,INCONSISTENCY,nextIndex=19,followerCommit=18
2022-03-14 12:22:19,250 [grpc-default-executor-9] INFO  leader.FollowerInfo (FollowerInfoImpl.java:lambda$new$0(47)) - omNode-2@group-523986131536->omNode-1: nextIndex: updateUnconditionally 34 -> 19
2022-03-14 12:22:19,752 [grpc-default-executor-9] INFO  server.RaftServer$Division (RaftServerImpl.java:checkInconsistentAppendEntries(1322)) - omNode-1@group-523986131536: Failed appendEntries as previous log entry ((t:9, i:33)) is not found
2022-03-14 12:22:19,752 [grpc-default-executor-9] INFO  server.RaftServer$Division (RaftServerImpl.java:checkInconsistentAppendEntries(1288)) - omNode-1@group-523986131536: inconsistency entries. Reply:omNode-2<-omNode-1#1172:FAIL-t9,INCONSISTENCY,nextIndex=19,followerCommit=18
2022-03-14 12:22:19,752 [grpc-default-executor-9] INFO  leader.FollowerInfo (FollowerInfoImpl.java:lambda$new$0(47)) - omNode-2@group-523986131536->omNode-1: nextIndex: updateUnconditionally 34 -> 19
2022-03-14 12:22:20,254 [grpc-default-executor-7] INFO  server.RaftServer$Division (RaftServerImpl.java:checkInconsistentAppendEntries(1322)) - omNode-1@group-523986131536: Failed appendEntries as previous log entry ((t:9, i:33)) is not found
2022-03-14 12:22:20,254 [grpc-default-executor-7] INFO  server.RaftServer$Division (RaftServerImpl.java:checkInconsistentAppendEntries(1288)) - omNode-1@group-523986131536: inconsistency entries. Reply:omNode-2<-omNode-1#1223:FAIL-t9,INCONSISTENCY,nextIndex=19,followerCommit=18
2022-03-14 12:22:20,255 [grpc-default-executor-7] INFO  leader.FollowerInfo (FollowerInfoImpl.java:lambda$new$0(47)) - omNode-2@group-523986131536->omNode-1: nextIndex: updateUnconditionally 34 -> 19
2022-03-14 12:22:20,756 [grpc-default-executor-7] INFO  server.RaftServer$Division (RaftServerImpl.java:checkInconsistentAppendEntries(1322)) - omNode-1@group-523986131536: Failed appendEntries as previous log entry ((t:9, i:33)) is not found
2022-03-14 12:22:20,756 [grpc-default-executor-7] INFO  server.RaftServer$Division (RaftServerImpl.java:checkInconsistentAppendEntries(1288)) - omNode-1@group-523986131536: inconsistency entries. Reply:omNode-2<-omNode-1#1274:FAIL-t9,INCONSISTENCY,nextIndex=19,followerCommit=18
2022-03-14 12:22:20,757 [grpc-default-executor-7] INFO  leader.FollowerInfo (FollowerInfoImpl.java:lambda$new$0(47)) - omNode-2@group-523986131536->omNode-1: nextIndex: updateUnconditionally 34 -> 19
2022-03-14 12:22:21,258 [grpc-default-executor-7] INFO  server.RaftServer$Division (RaftServerImpl.java:checkInconsistentAppendEntries(1322)) - omNode-1@group-523986131536: Failed appendEntries as previous log entry ((t:9, i:33)) is not found
2022-03-14 12:22:21,258 [grpc-default-executor-7] INFO  server.RaftServer$Division (RaftServerImpl.java:checkInconsistentAppendEntries(1288)) - omNode-1@group-523986131536: inconsistency entries. Reply:omNode-2<-omNode-1#1325:FAIL-t9,INCONSISTENCY,nextIndex=19,followerCommit=18
2022-03-14 12:22:21,258 [grpc-default-executor-7] INFO  leader.FollowerInfo (FollowerInfoImpl.java:lambda$new$0(47)) - omNode-2@group-523986131536->omNode-1: nextIndex: updateUnconditionally 34 -> 19
2022-03-14 12:22:21,760 [grpc-default-executor-7] INFO  server.RaftServer$Division (RaftServerImpl.java:checkInconsistentAppendEntries(1322)) - omNode-1@group-523986131536: Failed appendEntries as previous log entry ((t:9, i:33)) is not found
2022-03-14 12:22:21,760 [grpc-default-executor-7] INFO  server.RaftServer$Division (RaftServerImpl.java:checkInconsistentAppendEntries(1288)) - omNode-1@group-523986131536: inconsistency entries. Reply:omNode-2<-omNode-1#1376:FAIL-t9,INCONSISTENCY,nextIndex=19,followerCommit=18
2022-03-14 12:22:21,760 [grpc-default-executor-7] INFO  leader.FollowerInfo (FollowerInfoImpl.java:lambda$new$0(47)) - omNode-2@group-523986131536->omNode-1: nextIndex: updateUnconditionally 34 -> 19
2022-03-14 12:22:22,261 [grpc-default-executor-7] INFO  server.RaftServer$Division (RaftServerImpl.java:checkInconsistentAppendEntries(1322)) - omNode-1@group-523986131536: Failed appendEntries as previous log entry ((t:9, i:33)) is not found
2022-03-14 12:22:22,262 [grpc-default-executor-7] INFO  server.RaftServer$Division (RaftServerImpl.java:checkInconsistentAppendEntries(1288)) - omNode-1@group-523986131536: inconsistency entries. Reply:omNode-2<-omNode-1#1427:FAIL-t9,INCONSISTENCY,nextIndex=19,followerCommit=18
2022-03-14 12:22:22,262 [grpc-default-executor-7] INFO  leader.FollowerInfo (FollowerInfoImpl.java:lambda$new$0(47)) - omNode-2@group-523986131536->omNode-1: nextIndex: updateUnconditionally 34 -> 19
2022-03-14 12:22:22,764 [grpc-default-executor-7] INFO  server.RaftServer$Division (RaftServerImpl.java:checkInconsistentAppendEntries(1322)) - omNode-1@group-523986131536: Failed appendEntries as previous log entry ((t:9, i:33)) is not found
2022-03-14 12:22:22,764 [grpc-default-executor-7] INFO  server.RaftServer$Division (RaftServerImpl.java:checkInconsistentAppendEntries(1288)) - omNode-1@group-523986131536: inconsistency entries. Reply:omNode-2<-omNode-1#1478:FAIL-t9,INCONSISTENCY,nextIndex=19,followerCommit=18
2022-03-14 12:22:22,764 [grpc-default-executor-7] INFO  leader.FollowerInfo (FollowerInfoImpl.java:lambda$new$0(47)) - omNode-2@group-523986131536->omNode-1: nextIndex: updateUnconditionally 34 -> 19
2022-03-14 12:22:23,266 [grpc-default-executor-7] INFO  server.RaftServer$Division (RaftServerImpl.java:checkInconsistentAppendEntries(1322)) - omNode-1@group-523986131536: Failed appendEntries as previous log entry ((t:9, i:33)) is not found
2022-03-14 12:22:23,266 [grpc-default-executor-7] INFO  server.RaftServer$Division (RaftServerImpl.java:checkInconsistentAppendEntries(1288)) - omNode-1@group-523986131536: inconsistency entries. Reply:omNode-2<-omNode-1#1529:FAIL-t9,INCONSISTENCY,nextIndex=19,followerCommit=18
2022-03-14 12:22:23,266 [grpc-default-executor-7] INFO  leader.FollowerInfo (FollowerInfoImpl.java:lambda$new$0(47)) - omNode-2@group-523986131536->omNode-1: nextIndex: updateUnconditionally 34 -> 19
2022-03-14 12:22:23,768 [grpc-default-executor-7] INFO  server.RaftServer$Division (RaftServerImpl.java:checkInconsistentAppendEntries(1322)) - omNode-1@group-523986131536: Failed appendEntries as previous log entry ((t:9, i:33)) is not found
2022-03-14 12:22:23,768 [grpc-default-executor-7] INFO  server.RaftServer$Division (RaftServerImpl.java:checkInconsistentAppendEntries(1288)) - omNode-1@group-523986131536: inconsistency entries. Reply:omNode-2<-omNode-1#1580:FAIL-t9,INCONSISTENCY,nextIndex=19,followerCommit=18
2022-03-14 12:22:23,768 [grpc-default-executor-7] INFO  leader.FollowerInfo (FollowerInfoImpl.java:lambda$new$0(47)) - omNode-2@group-523986131536->omNode-1: nextIndex: updateUnconditionally 34 -> 19
2022-03-14 12:22:24,270 [grpc-default-executor-7] INFO  server.RaftServer$Division (RaftServerImpl.java:checkInconsistentAppendEntries(1322)) - omNode-1@group-523986131536: Failed appendEntries as previous log entry ((t:9, i:33)) is not found
2022-03-14 12:22:24,271 [grpc-default-executor-7] INFO  server.RaftServer$Division (RaftServerImpl.java:checkInconsistentAppendEntries(1288)) - omNode-1@group-523986131536: inconsistency entries. Reply:omNode-2<-omNode-1#1631:FAIL-t9,INCONSISTENCY,nextIndex=19,followerCommit=18
2022-03-14 12:22:24,271 [grpc-default-executor-7] INFO  leader.FollowerInfo (FollowerInfoImpl.java:lambda$new$0(47)) - omNode-2@group-523986131536->omNode-1: nextIndex: updateUnconditionally 34 -> 19
2022-03-14 12:22:24,773 [grpc-default-executor-7] INFO  server.RaftServer$Division (RaftServerImpl.java:checkInconsistentAppendEntries(1322)) - omNode-1@group-523986131536: Failed appendEntries as previous log entry ((t:9, i:33)) is not found
2022-03-14 12:22:24,773 [grpc-default-executor-7] INFO  server.RaftServer$Division (RaftServerImpl.java:checkInconsistentAppendEntries(1288)) - omNode-1@group-523986131536: inconsistency entries. Reply:omNode-2<-omNode-1#1682:FAIL-t9,INCONSISTENCY,nextIndex=19,followerCommit=18
2022-03-14 12:22:24,773 [grpc-default-executor-7] INFO  leader.FollowerInfo (FollowerInfoImpl.java:lambda$new$0(47)) - omNode-2@group-523986131536->omNode-1: nextIndex: updateUnconditionally 34 -> 19
2022-03-14 12:22:25,230 [ReplicationMonitor] INFO  container.ReplicationManager (ReplicationManager.java:processAll(387)) - Replication Monitor Thread took 0 milliseconds for processing 0 containers.
2022-03-14 12:22:25,275 [grpc-default-executor-9] INFO  server.RaftServer$Division (RaftServerImpl.java:checkInconsistentAppendEntries(1322)) - omNode-1@group-523986131536: Failed appendEntries as previous log entry ((t:9, i:33)) is not found
2022-03-14 12:22:25,275 [grpc-default-executor-9] INFO  server.RaftServer$Division (RaftServerImpl.java:checkInconsistentAppendEntries(1288)) - omNode-1@group-523986131536: inconsistency entries. Reply:omNode-2<-omNode-1#1733:FAIL-t9,INCONSISTENCY,nextIndex=19,followerCommit=18
2022-03-14 12:22:25,276 [grpc-default-executor-9] INFO  leader.FollowerInfo (FollowerInfoImpl.java:lambda$new$0(47)) - omNode-2@group-523986131536->omNode-1: nextIndex: updateUnconditionally 34 -> 19
2022-03-14 12:22:25,777 [grpc-default-executor-9] INFO  server.RaftServer$Division (RaftServerImpl.java:checkInconsistentAppendEntries(1322)) - omNode-1@group-523986131536: Failed appendEntries as previous log entry ((t:9, i:33)) is not found
2022-03-14 12:22:25,777 [grpc-default-executor-9] INFO  server.RaftServer$Division (RaftServerImpl.java:checkInconsistentAppendEntries(1288)) - omNode-1@group-523986131536: inconsistency entries. Reply:omNode-2<-omNode-1#1784:FAIL-t9,INCONSISTENCY,nextIndex=19,followerCommit=18
2022-03-14 12:22:25,778 [grpc-default-executor-9] INFO  leader.FollowerInfo (FollowerInfoImpl.java:lambda$new$0(47)) - omNode-2@group-523986131536->omNode-1: nextIndex: updateUnconditionally 34 -> 19
2022-03-14 12:22:26,279 [grpc-default-executor-9] INFO  server.RaftServer$Division (RaftServerImpl.java:checkInconsistentAppendEntries(1322)) - omNode-1@group-523986131536: Failed appendEntries as previous log entry ((t:9, i:33)) is not found
2022-03-14 12:22:26,279 [grpc-default-executor-9] INFO  server.RaftServer$Division (RaftServerImpl.java:checkInconsistentAppendEntries(1288)) - omNode-1@group-523986131536: inconsistency entries. Reply:omNode-2<-omNode-1#1835:FAIL-t9,INCONSISTENCY,nextIndex=19,followerCommit=18
2022-03-14 12:22:26,279 [grpc-default-executor-9] INFO  leader.FollowerInfo (FollowerInfoImpl.java:lambda$new$0(47)) - omNode-2@group-523986131536->omNode-1: nextIndex: updateUnconditionally 34 -> 19
2022-03-14 12:22:26,781 [grpc-default-executor-9] INFO  server.RaftServer$Division (RaftServerImpl.java:checkInconsistentAppendEntries(1322)) - omNode-1@group-523986131536: Failed appendEntries as previous log entry ((t:9, i:33)) is not found
2022-03-14 12:22:26,781 [grpc-default-executor-9] INFO  server.RaftServer$Division (RaftServerImpl.java:checkInconsistentAppendEntries(1288)) - omNode-1@group-523986131536: inconsistency entries. Reply:omNode-2<-omNode-1#1886:FAIL-t9,INCONSISTENCY,nextIndex=19,followerCommit=18
2022-03-14 12:22:26,781 [grpc-default-executor-9] INFO  leader.FollowerInfo (FollowerInfoImpl.java:lambda$new$0(47)) - omNode-2@group-523986131536->omNode-1: nextIndex: updateUnconditionally 34 -> 19
2022-03-14 12:22:27,283 [grpc-default-executor-9] INFO  server.RaftServer$Division (RaftServerImpl.java:checkInconsistentAppendEntries(1322)) - omNode-1@group-523986131536: Failed appendEntries as previous log entry ((t:9, i:33)) is not found
2022-03-14 12:22:27,283 [grpc-default-executor-9] INFO  server.RaftServer$Division (RaftServerImpl.java:checkInconsistentAppendEntries(1288)) - omNode-1@group-523986131536: inconsistency entries. Reply:omNode-2<-omNode-1#1937:FAIL-t9,INCONSISTENCY,nextIndex=19,followerCommit=18
2022-03-14 12:22:27,284 [grpc-default-executor-9] INFO  leader.FollowerInfo (FollowerInfoImpl.java:lambda$new$0(47)) - omNode-2@group-523986131536->omNode-1: nextIndex: updateUnconditionally 34 -> 19
2022-03-14 12:22:27,785 [grpc-default-executor-7] INFO  server.RaftServer$Division (RaftServerImpl.java:checkInconsistentAppendEntries(1322)) - omNode-1@group-523986131536: Failed appendEntries as previous log entry ((t:9, i:33)) is not found
2022-03-14 12:22:27,786 [grpc-default-executor-7] INFO  server.RaftServer$Division (RaftServerImpl.java:checkInconsistentAppendEntries(1288)) - omNode-1@group-523986131536: inconsistency entries. Reply:omNode-2<-omNode-1#1988:FAIL-t9,INCONSISTENCY,nextIndex=19,followerCommit=18
2022-03-14 12:22:27,786 [grpc-default-executor-7] INFO  leader.FollowerInfo (FollowerInfoImpl.java:lambda$new$0(47)) - omNode-2@group-523986131536->omNode-1: nextIndex: updateUnconditionally 34 -> 19
2022-03-14 12:22:28,288 [grpc-default-executor-7] INFO  server.RaftServer$Division (RaftServerImpl.java:checkInconsistentAppendEntries(1322)) - omNode-1@group-523986131536: Failed appendEntries as previous log entry ((t:9, i:33)) is not found
2022-03-14 12:22:28,288 [grpc-default-executor-7] INFO  server.RaftServer$Division (RaftServerImpl.java:checkInconsistentAppendEntries(1288)) - omNode-1@group-523986131536: inconsistency entries. Reply:omNode-2<-omNode-1#2039:FAIL-t9,INCONSISTENCY,nextIndex=19,followerCommit=18
2022-03-14 12:22:28,288 [grpc-default-executor-7] INFO  leader.FollowerInfo (FollowerInfoImpl.java:lambda$new$0(47)) - omNode-2@group-523986131536->omNode-1: nextIndex: updateUnconditionally 34 -> 19
2022-03-14 12:22:28,790 [grpc-default-executor-7] INFO  server.RaftServer$Division (RaftServerImpl.java:checkInconsistentAppendEntries(1322)) - omNode-1@group-523986131536: Failed appendEntries as previous log entry ((t:9, i:33)) is not found
2022-03-14 12:22:28,790 [grpc-default-executor-7] INFO  server.RaftServer$Division (RaftServerImpl.java:checkInconsistentAppendEntries(1288)) - omNode-1@group-523986131536: inconsistency entries. Reply:omNode-2<-omNode-1#2090:FAIL-t9,INCONSISTENCY,nextIndex=19,followerCommit=18
2022-03-14 12:22:28,790 [grpc-default-executor-7] INFO  leader.FollowerInfo (FollowerInfoImpl.java:lambda$new$0(47)) - omNode-2@group-523986131536->omNode-1: nextIndex: updateUnconditionally 34 -> 19
2022-03-14 12:22:29,292 [grpc-default-executor-7] INFO  server.RaftServer$Division (RaftServerImpl.java:checkInconsistentAppendEntries(1322)) - omNode-1@group-523986131536: Failed appendEntries as previous log entry ((t:9, i:33)) is not found
2022-03-14 12:22:29,293 [grpc-default-executor-7] INFO  server.RaftServer$Division (RaftServerImpl.java:checkInconsistentAppendEntries(1288)) - omNode-1@group-523986131536: inconsistency entries. Reply:omNode-2<-omNode-1#2141:FAIL-t9,INCONSISTENCY,nextIndex=19,followerCommit=18
2022-03-14 12:22:29,293 [grpc-default-executor-7] INFO  leader.FollowerInfo (FollowerInfoImpl.java:lambda$new$0(47)) - omNode-2@group-523986131536->omNode-1: nextIndex: updateUnconditionally 34 -> 19
2022-03-14 12:22:29,795 [grpc-default-executor-7] INFO  server.RaftServer$Division (RaftServerImpl.java:checkInconsistentAppendEntries(1322)) - omNode-1@group-523986131536: Failed appendEntries as previous log entry ((t:9, i:33)) is not found
2022-03-14 12:22:29,795 [grpc-default-executor-7] INFO  server.RaftServer$Division (RaftServerImpl.java:checkInconsistentAppendEntries(1288)) - omNode-1@group-523986131536: inconsistency entries. Reply:omNode-2<-omNode-1#2192:FAIL-t9,INCONSISTENCY,nextIndex=19,followerCommit=18
2022-03-14 12:22:29,795 [grpc-default-executor-7] INFO  leader.FollowerInfo (FollowerInfoImpl.java:lambda$new$0(47)) - omNode-2@group-523986131536->omNode-1: nextIndex: updateUnconditionally 34 -> 19
2022-03-14 12:22:30,297 [grpc-default-executor-9] INFO  server.RaftServer$Division (RaftServerImpl.java:checkInconsistentAppendEntries(1322)) - omNode-1@group-523986131536: Failed appendEntries as previous log entry ((t:9, i:33)) is not found
2022-03-14 12:22:30,297 [grpc-default-executor-9] INFO  server.RaftServer$Division (RaftServerImpl.java:checkInconsistentAppendEntries(1288)) - omNode-1@group-523986131536: inconsistency entries. Reply:omNode-2<-omNode-1#2243:FAIL-t9,INCONSISTENCY,nextIndex=19,followerCommit=18
2022-03-14 12:22:30,298 [grpc-default-executor-9] INFO  leader.FollowerInfo (FollowerInfoImpl.java:lambda$new$0(47)) - omNode-2@group-523986131536->omNode-1: nextIndex: updateUnconditionally 34 -> 19
2022-03-14 12:22:30,799 [grpc-default-executor-9] INFO  server.RaftServer$Division (RaftServerImpl.java:checkInconsistentAppendEntries(1322)) - omNode-1@group-523986131536: Failed appendEntries as previous log entry ((t:9, i:33)) is not found
2022-03-14 12:22:30,799 [grpc-default-executor-9] INFO  server.RaftServer$Division (RaftServerImpl.java:checkInconsistentAppendEntries(1288)) - omNode-1@group-523986131536: inconsistency entries. Reply:omNode-2<-omNode-1#2294:FAIL-t9,INCONSISTENCY,nextIndex=19,followerCommit=18
2022-03-14 12:22:30,799 [grpc-default-executor-9] INFO  leader.FollowerInfo (FollowerInfoImpl.java:lambda$new$0(47)) - omNode-2@group-523986131536->omNode-1: nextIndex: updateUnconditionally 34 -> 19
2022-03-14 12:22:31,301 [grpc-default-executor-9] INFO  server.RaftServer$Division (RaftServerImpl.java:checkInconsistentAppendEntries(1322)) - omNode-1@group-523986131536: Failed appendEntries as previous log entry ((t:9, i:33)) is not found
2022-03-14 12:22:31,301 [grpc-default-executor-9] INFO  server.RaftServer$Division (RaftServerImpl.java:checkInconsistentAppendEntries(1288)) - omNode-1@group-523986131536: inconsistency entries. Reply:omNode-2<-omNode-1#2345:FAIL-t9,INCONSISTENCY,nextIndex=19,followerCommit=18
2022-03-14 12:22:31,301 [grpc-default-executor-9] INFO  leader.FollowerInfo (FollowerInfoImpl.java:lambda$new$0(47)) - omNode-2@group-523986131536->omNode-1: nextIndex: updateUnconditionally 34 -> 19
2022-03-14 12:22:31,804 [grpc-default-executor-9] INFO  server.RaftServer$Division (RaftServerImpl.java:checkInconsistentAppendEntries(1322)) - omNode-1@group-523986131536: Failed appendEntries as previous log entry ((t:9, i:33)) is not found
2022-03-14 12:22:31,804 [grpc-default-executor-9] INFO  server.RaftServer$Division (RaftServerImpl.java:checkInconsistentAppendEntries(1288)) - omNode-1@group-523986131536: inconsistency entries. Reply:omNode-2<-omNode-1#2396:FAIL-t9,INCONSISTENCY,nextIndex=19,followerCommit=18
2022-03-14 12:22:31,804 [grpc-default-executor-9] INFO  leader.FollowerInfo (FollowerInfoImpl.java:lambda$new$0(47)) - omNode-2@group-523986131536->omNode-1: nextIndex: updateUnconditionally 34 -> 19
2022-03-14 12:22:32,305 [grpc-default-executor-9] INFO  server.RaftServer$Division (RaftServerImpl.java:checkInconsistentAppendEntries(1322)) - omNode-1@group-523986131536: Failed appendEntries as previous log entry ((t:9, i:33)) is not found
2022-03-14 12:22:32,305 [grpc-default-executor-9] INFO  server.RaftServer$Division (RaftServerImpl.java:checkInconsistentAppendEntries(1288)) - omNode-1@group-523986131536: inconsistency entries. Reply:omNode-2<-omNode-1#2447:FAIL-t9,INCONSISTENCY,nextIndex=19,followerCommit=18
2022-03-14 12:22:32,305 [grpc-default-executor-9] INFO  leader.FollowerInfo (FollowerInfoImpl.java:lambda$new$0(47)) - omNode-2@group-523986131536->omNode-1: nextIndex: updateUnconditionally 34 -> 19
2022-03-14 12:22:32,808 [grpc-default-executor-9] INFO  server.RaftServer$Division (RaftServerImpl.java:checkInconsistentAppendEntries(1322)) - omNode-1@group-523986131536: Failed appendEntries as previous log entry ((t:9, i:33)) is not found
2022-03-14 12:22:32,808 [grpc-default-executor-9] INFO  server.RaftServer$Division (RaftServerImpl.java:checkInconsistentAppendEntries(1288)) - omNode-1@group-523986131536: inconsistency entries. Reply:omNode-2<-omNode-1#2498:FAIL-t9,INCONSISTENCY,nextIndex=19,followerCommit=18
2022-03-14 12:22:32,808 [grpc-default-executor-9] INFO  leader.FollowerInfo (FollowerInfoImpl.java:lambda$new$0(47)) - omNode-2@group-523986131536->omNode-1: nextIndex: updateUnconditionally 34 -> 19
2022-03-14 12:22:33,310 [grpc-default-executor-9] INFO  server.RaftServer$Division (RaftServerImpl.java:checkInconsistentAppendEntries(1322)) - omNode-1@group-523986131536: Failed appendEntries as previous log entry ((t:9, i:33)) is not found
2022-03-14 12:22:33,310 [grpc-default-executor-9] INFO  server.RaftServer$Division (RaftServerImpl.java:checkInconsistentAppendEntries(1288)) - omNode-1@group-523986131536: inconsistency entries. Reply:omNode-2<-omNode-1#2549:FAIL-t9,INCONSISTENCY,nextIndex=19,followerCommit=18
2022-03-14 12:22:33,311 [grpc-default-executor-9] INFO  leader.FollowerInfo (FollowerInfoImpl.java:lambda$new$0(47)) - omNode-2@group-523986131536->omNode-1: nextIndex: updateUnconditionally 34 -> 19
2022-03-14 12:22:33,812 [grpc-default-executor-9] INFO  server.RaftServer$Division (RaftServerImpl.java:checkInconsistentAppendEntries(1322)) - omNode-1@group-523986131536: Failed appendEntries as previous log entry ((t:9, i:33)) is not found
2022-03-14 12:22:33,812 [grpc-default-executor-9] INFO  server.RaftServer$Division (RaftServerImpl.java:checkInconsistentAppendEntries(1288)) - omNode-1@group-523986131536: inconsistency entries. Reply:omNode-2<-omNode-1#2600:FAIL-t9,INCONSISTENCY,nextIndex=19,followerCommit=18
2022-03-14 12:22:33,812 [grpc-default-executor-9] INFO  leader.FollowerInfo (FollowerInfoImpl.java:lambda$new$0(47)) - omNode-2@group-523986131536->omNode-1: nextIndex: updateUnconditionally 34 -> 19
2022-03-14 12:22:34,314 [grpc-default-executor-9] INFO  server.RaftServer$Division (RaftServerImpl.java:checkInconsistentAppendEntries(1322)) - omNode-1@group-523986131536: Failed appendEntries as previous log entry ((t:9, i:33)) is not found
2022-03-14 12:22:34,314 [grpc-default-executor-9] INFO  server.RaftServer$Division (RaftServerImpl.java:checkInconsistentAppendEntries(1288)) - omNode-1@group-523986131536: inconsistency entries. Reply:omNode-2<-omNode-1#2651:FAIL-t9,INCONSISTENCY,nextIndex=19,followerCommit=18
2022-03-14 12:22:34,314 [grpc-default-executor-9] INFO  leader.FollowerInfo (FollowerInfoImpl.java:lambda$new$0(47)) - omNode-2@group-523986131536->omNode-1: nextIndex: updateUnconditionally 34 -> 19
2022-03-14 12:22:34,816 [grpc-default-executor-9] INFO  server.RaftServer$Division (RaftServerImpl.java:checkInconsistentAppendEntries(1322)) - omNode-1@group-523986131536: Failed appendEntries as previous log entry ((t:9, i:33)) is not found
2022-03-14 12:22:34,816 [grpc-default-executor-9] INFO  server.RaftServer$Division (RaftServerImpl.java:checkInconsistentAppendEntries(1288)) - omNode-1@group-523986131536: inconsistency entries. Reply:omNode-2<-omNode-1#2702:FAIL-t9,INCONSISTENCY,nextIndex=19,followerCommit=18
2022-03-14 12:22:34,816 [grpc-default-executor-9] INFO  leader.FollowerInfo (FollowerInfoImpl.java:lambda$new$0(47)) - omNode-2@group-523986131536->omNode-1: nextIndex: updateUnconditionally 34 -> 19
2022-03-14 12:22:35,318 [grpc-default-executor-7] INFO  server.RaftServer$Division (RaftServerImpl.java:checkInconsistentAppendEntries(1322)) - omNode-1@group-523986131536: Failed appendEntries as previous log entry ((t:9, i:33)) is not found
2022-03-14 12:22:35,318 [grpc-default-executor-7] INFO  server.RaftServer$Division (RaftServerImpl.java:checkInconsistentAppendEntries(1288)) - omNode-1@group-523986131536: inconsistency entries. Reply:omNode-2<-omNode-1#2753:FAIL-t9,INCONSISTENCY,nextIndex=19,followerCommit=18
2022-03-14 12:22:35,318 [grpc-default-executor-7] INFO  leader.FollowerInfo (FollowerInfoImpl.java:lambda$new$0(47)) - omNode-2@group-523986131536->omNode-1: nextIndex: updateUnconditionally 34 -> 19
2022-03-14 12:22:35,820 [grpc-default-executor-7] INFO  server.RaftServer$Division (RaftServerImpl.java:checkInconsistentAppendEntries(1322)) - omNode-1@group-523986131536: Failed appendEntries as previous log entry ((t:9, i:33)) is not found
2022-03-14 12:22:35,820 [grpc-default-executor-7] INFO  server.RaftServer$Division (RaftServerImpl.java:checkInconsistentAppendEntries(1288)) - omNode-1@group-523986131536: inconsistency entries. Reply:omNode-2<-omNode-1#2804:FAIL-t9,INCONSISTENCY,nextIndex=19,followerCommit=18
2022-03-14 12:22:35,820 [grpc-default-executor-7] INFO  leader.FollowerInfo (FollowerInfoImpl.java:lambda$new$0(47)) - omNode-2@group-523986131536->omNode-1: nextIndex: updateUnconditionally 34 -> 19
2022-03-14 12:22:36,322 [grpc-default-executor-7] INFO  server.RaftServer$Division (RaftServerImpl.java:checkInconsistentAppendEntries(1322)) - omNode-1@group-523986131536: Failed appendEntries as previous log entry ((t:9, i:33)) is not found
2022-03-14 12:22:36,322 [grpc-default-executor-7] INFO  server.RaftServer$Division (RaftServerImpl.java:checkInconsistentAppendEntries(1288)) - omNode-1@group-523986131536: inconsistency entries. Reply:omNode-2<-omNode-1#2855:FAIL-t9,INCONSISTENCY,nextIndex=19,followerCommit=18
2022-03-14 12:22:36,323 [grpc-default-executor-7] INFO  leader.FollowerInfo (FollowerInfoImpl.java:lambda$new$0(47)) - omNode-2@group-523986131536->omNode-1: nextIndex: updateUnconditionally 34 -> 19
2022-03-14 12:22:36,824 [grpc-default-executor-7] INFO  server.RaftServer$Division (RaftServerImpl.java:checkInconsistentAppendEntries(1322)) - omNode-1@group-523986131536: Failed appendEntries as previous log entry ((t:9, i:33)) is not found
2022-03-14 12:22:36,825 [grpc-default-executor-7] INFO  server.RaftServer$Division (RaftServerImpl.java:checkInconsistentAppendEntries(1288)) - omNode-1@group-523986131536: inconsistency entries. Reply:omNode-2<-omNode-1#2906:FAIL-t9,INCONSISTENCY,nextIndex=19,followerCommit=18
2022-03-14 12:22:36,825 [grpc-default-executor-7] INFO  leader.FollowerInfo (FollowerInfoImpl.java:lambda$new$0(47)) - omNode-2@group-523986131536->omNode-1: nextIndex: updateUnconditionally 34 -> 19
2022-03-14 12:22:37,330 [grpc-default-executor-7] INFO  server.RaftServer$Division (RaftServerImpl.java:checkInconsistentAppendEntries(1322)) - omNode-1@group-523986131536: Failed appendEntries as previous log entry ((t:9, i:33)) is not found
2022-03-14 12:22:37,330 [grpc-default-executor-7] INFO  server.RaftServer$Division (RaftServerImpl.java:checkInconsistentAppendEntries(1288)) - omNode-1@group-523986131536: inconsistency entries. Reply:omNode-2<-omNode-1#2957:FAIL-t9,INCONSISTENCY,nextIndex=19,followerCommit=18
2022-03-14 12:22:37,330 [grpc-default-executor-7] INFO  leader.FollowerInfo (FollowerInfoImpl.java:lambda$new$0(47)) - omNode-2@group-523986131536->omNode-1: nextIndex: updateUnconditionally 34 -> 19
2022-03-14 12:22:37,832 [grpc-default-executor-9] INFO  server.RaftServer$Division (RaftServerImpl.java:checkInconsistentAppendEntries(1322)) - omNode-1@group-523986131536: Failed appendEntries as previous log entry ((t:9, i:33)) is not found
2022-03-14 12:22:37,832 [grpc-default-executor-9] INFO  server.RaftServer$Division (RaftServerImpl.java:checkInconsistentAppendEntries(1288)) - omNode-1@group-523986131536: inconsistency entries. Reply:omNode-2<-omNode-1#3008:FAIL-t9,INCONSISTENCY,nextIndex=19,followerCommit=18
2022-03-14 12:22:37,833 [grpc-default-executor-9] INFO  leader.FollowerInfo (FollowerInfoImpl.java:lambda$new$0(47)) - omNode-2@group-523986131536->omNode-1: nextIndex: updateUnconditionally 34 -> 19
2022-03-14 12:22:38,334 [grpc-default-executor-9] INFO  server.RaftServer$Division (RaftServerImpl.java:checkInconsistentAppendEntries(1322)) - omNode-1@group-523986131536: Failed appendEntries as previous log entry ((t:9, i:33)) is not found
2022-03-14 12:22:38,335 [grpc-default-executor-9] INFO  server.RaftServer$Division (RaftServerImpl.java:checkInconsistentAppendEntries(1288)) - omNode-1@group-523986131536: inconsistency entries. Reply:omNode-2<-omNode-1#3059:FAIL-t9,INCONSISTENCY,nextIndex=19,followerCommit=18
2022-03-14 12:22:38,335 [grpc-default-executor-9] INFO  leader.FollowerInfo (FollowerInfoImpl.java:lambda$new$0(47)) - omNode-2@group-523986131536->omNode-1: nextIndex: updateUnconditionally 34 -> 19
2022-03-14 12:22:38,836 [grpc-default-executor-9] INFO  server.RaftServer$Division (RaftServerImpl.java:checkInconsistentAppendEntries(1322)) - omNode-1@group-523986131536: Failed appendEntries as previous log entry ((t:9, i:33)) is not found
2022-03-14 12:22:38,837 [grpc-default-executor-9] INFO  server.RaftServer$Division (RaftServerImpl.java:checkInconsistentAppendEntries(1288)) - omNode-1@group-523986131536: inconsistency entries. Reply:omNode-2<-omNode-1#3110:FAIL-t9,INCONSISTENCY,nextIndex=19,followerCommit=18
2022-03-14 12:22:38,837 [grpc-default-executor-9] INFO  leader.FollowerInfo (FollowerInfoImpl.java:lambda$new$0(47)) - omNode-2@group-523986131536->omNode-1: nextIndex: updateUnconditionally 34 -> 19
2022-03-14 12:22:39,338 [grpc-default-executor-9] INFO  server.RaftServer$Division (RaftServerImpl.java:checkInconsistentAppendEntries(1322)) - omNode-1@group-523986131536: Failed appendEntries as previous log entry ((t:9, i:33)) is not found
2022-03-14 12:22:39,338 [grpc-default-executor-9] INFO  server.RaftServer$Division (RaftServerImpl.java:checkInconsistentAppendEntries(1288)) - omNode-1@group-523986131536: inconsistency entries. Reply:omNode-2<-omNode-1#3161:FAIL-t9,INCONSISTENCY,nextIndex=19,followerCommit=18
2022-03-14 12:22:39,339 [grpc-default-executor-9] INFO  leader.FollowerInfo (FollowerInfoImpl.java:lambda$new$0(47)) - omNode-2@group-523986131536->omNode-1: nextIndex: updateUnconditionally 34 -> 19
2022-03-14 12:22:39,840 [grpc-default-executor-9] INFO  server.RaftServer$Division (RaftServerImpl.java:checkInconsistentAppendEntries(1322)) - omNode-1@group-523986131536: Failed appendEntries as previous log entry ((t:9, i:33)) is not found
2022-03-14 12:22:39,840 [grpc-default-executor-9] INFO  server.RaftServer$Division (RaftServerImpl.java:checkInconsistentAppendEntries(1288)) - omNode-1@group-523986131536: inconsistency entries. Reply:omNode-2<-omNode-1#3212:FAIL-t9,INCONSISTENCY,nextIndex=19,followerCommit=18
2022-03-14 12:22:39,840 [grpc-default-executor-9] INFO  leader.FollowerInfo (FollowerInfoImpl.java:lambda$new$0(47)) - omNode-2@group-523986131536->omNode-1: nextIndex: updateUnconditionally 34 -> 19
2022-03-14 12:22:40,343 [grpc-default-executor-7] INFO  server.RaftServer$Division (RaftServerImpl.java:checkInconsistentAppendEntries(1322)) - omNode-1@group-523986131536: Failed appendEntries as previous log entry ((t:9, i:33)) is not found
2022-03-14 12:22:40,343 [grpc-default-executor-7] INFO  server.RaftServer$Division (RaftServerImpl.java:checkInconsistentAppendEntries(1288)) - omNode-1@group-523986131536: inconsistency entries. Reply:omNode-2<-omNode-1#3263:FAIL-t9,INCONSISTENCY,nextIndex=19,followerCommit=18
2022-03-14 12:22:40,343 [grpc-default-executor-7] INFO  leader.FollowerInfo (FollowerInfoImpl.java:lambda$new$0(47)) - omNode-2@group-523986131536->omNode-1: nextIndex: updateUnconditionally 34 -> 19
2022-03-14 12:22:40,845 [grpc-default-executor-7] INFO  server.RaftServer$Division (RaftServerImpl.java:checkInconsistentAppendEntries(1322)) - omNode-1@group-523986131536: Failed appendEntries as previous log entry ((t:9, i:33)) is not found
2022-03-14 12:22:40,845 [grpc-default-executor-7] INFO  server.RaftServer$Division (RaftServerImpl.java:checkInconsistentAppendEntries(1288)) - omNode-1@group-523986131536: inconsistency entries. Reply:omNode-2<-omNode-1#3314:FAIL-t9,INCONSISTENCY,nextIndex=19,followerCommit=18
2022-03-14 12:22:40,845 [grpc-default-executor-7] INFO  leader.FollowerInfo (FollowerInfoImpl.java:lambda$new$0(47)) - omNode-2@group-523986131536->omNode-1: nextIndex: updateUnconditionally 34 -> 19
2022-03-14 12:22:41,347 [grpc-default-executor-7] INFO  server.RaftServer$Division (RaftServerImpl.java:checkInconsistentAppendEntries(1322)) - omNode-1@group-523986131536: Failed appendEntries as previous log entry ((t:9, i:33)) is not found
2022-03-14 12:22:41,347 [grpc-default-executor-7] INFO  server.RaftServer$Division (RaftServerImpl.java:checkInconsistentAppendEntries(1288)) - omNode-1@group-523986131536: inconsistency entries. Reply:omNode-2<-omNode-1#3365:FAIL-t9,INCONSISTENCY,nextIndex=19,followerCommit=18
2022-03-14 12:22:41,348 [grpc-default-executor-7] INFO  leader.FollowerInfo (FollowerInfoImpl.java:lambda$new$0(47)) - omNode-2@group-523986131536->omNode-1: nextIndex: updateUnconditionally 34 -> 19
2022-03-14 12:22:41,849 [grpc-default-executor-7] INFO  server.RaftServer$Division (RaftServerImpl.java:checkInconsistentAppendEntries(1322)) - omNode-1@group-523986131536: Failed appendEntries as previous log entry ((t:9, i:33)) is not found
2022-03-14 12:22:41,850 [grpc-default-executor-7] INFO  server.RaftServer$Division (RaftServerImpl.java:checkInconsistentAppendEntries(1288)) - omNode-1@group-523986131536: inconsistency entries. Reply:omNode-2<-omNode-1#3416:FAIL-t9,INCONSISTENCY,nextIndex=19,followerCommit=18
2022-03-14 12:22:41,850 [grpc-default-executor-7] INFO  leader.FollowerInfo (FollowerInfoImpl.java:lambda$new$0(47)) - omNode-2@group-523986131536->omNode-1: nextIndex: updateUnconditionally 34 -> 19
2022-03-14 12:22:42,351 [grpc-default-executor-7] INFO  server.RaftServer$Division (RaftServerImpl.java:checkInconsistentAppendEntries(1322)) - omNode-1@group-523986131536: Failed appendEntries as previous log entry ((t:9, i:33)) is not found
2022-03-14 12:22:42,351 [grpc-default-executor-7] INFO  server.RaftServer$Division (RaftServerImpl.java:checkInconsistentAppendEntries(1288)) - omNode-1@group-523986131536: inconsistency entries. Reply:omNode-2<-omNode-1#3467:FAIL-t9,INCONSISTENCY,nextIndex=19,followerCommit=18
2022-03-14 12:22:42,352 [grpc-default-executor-7] INFO  leader.FollowerInfo (FollowerInfoImpl.java:lambda$new$0(47)) - omNode-2@group-523986131536->omNode-1: nextIndex: updateUnconditionally 34 -> 19
2022-03-14 12:22:42,853 [grpc-default-executor-9] INFO  server.RaftServer$Division (RaftServerImpl.java:checkInconsistentAppendEntries(1322)) - omNode-1@group-523986131536: Failed appendEntries as previous log entry ((t:9, i:33)) is not found
2022-03-14 12:22:42,853 [grpc-default-executor-9] INFO  server.RaftServer$Division (RaftServerImpl.java:checkInconsistentAppendEntries(1288)) - omNode-1@group-523986131536: inconsistency entries. Reply:omNode-2<-omNode-1#3518:FAIL-t9,INCONSISTENCY,nextIndex=19,followerCommit=18
2022-03-14 12:22:42,855 [grpc-default-executor-9] INFO  leader.FollowerInfo (FollowerInfoImpl.java:lambda$new$0(47)) - omNode-2@group-523986131536->omNode-1: nextIndex: updateUnconditionally 34 -> 19
2022-03-14 12:22:43,356 [grpc-default-executor-9] INFO  server.RaftServer$Division (RaftServerImpl.java:checkInconsistentAppendEntries(1322)) - omNode-1@group-523986131536: Failed appendEntries as previous log entry ((t:9, i:33)) is not found
2022-03-14 12:22:43,357 [grpc-default-executor-9] INFO  server.RaftServer$Division (RaftServerImpl.java:checkInconsistentAppendEntries(1288)) - omNode-1@group-523986131536: inconsistency entries. Reply:omNode-2<-omNode-1#3569:FAIL-t9,INCONSISTENCY,nextIndex=19,followerCommit=18
2022-03-14 12:22:43,357 [grpc-default-executor-9] INFO  leader.FollowerInfo (FollowerInfoImpl.java:lambda$new$0(47)) - omNode-2@group-523986131536->omNode-1: nextIndex: updateUnconditionally 34 -> 19
2022-03-14 12:22:43,859 [grpc-default-executor-9] INFO  server.RaftServer$Division (RaftServerImpl.java:checkInconsistentAppendEntries(1322)) - omNode-1@group-523986131536: Failed appendEntries as previous log entry ((t:9, i:33)) is not found
2022-03-14 12:22:43,859 [grpc-default-executor-9] INFO  server.RaftServer$Division (RaftServerImpl.java:checkInconsistentAppendEntries(1288)) - omNode-1@group-523986131536: inconsistency entries. Reply:omNode-2<-omNode-1#3620:FAIL-t9,INCONSISTENCY,nextIndex=19,followerCommit=18
2022-03-14 12:22:43,860 [grpc-default-executor-9] INFO  leader.FollowerInfo (FollowerInfoImpl.java:lambda$new$0(47)) - omNode-2@group-523986131536->omNode-1: nextIndex: updateUnconditionally 34 -> 19
2022-03-14 12:22:44,361 [grpc-default-executor-9] INFO  server.RaftServer$Division (RaftServerImpl.java:checkInconsistentAppendEntries(1322)) - omNode-1@group-523986131536: Failed appendEntries as previous log entry ((t:9, i:33)) is not found
2022-03-14 12:22:44,361 [grpc-default-executor-9] INFO  server.RaftServer$Division (RaftServerImpl.java:checkInconsistentAppendEntries(1288)) - omNode-1@group-523986131536: inconsistency entries. Reply:omNode-2<-omNode-1#3671:FAIL-t9,INCONSISTENCY,nextIndex=19,followerCommit=18
2022-03-14 12:22:44,361 [grpc-default-executor-9] INFO  leader.FollowerInfo (FollowerInfoImpl.java:lambda$new$0(47)) - omNode-2@group-523986131536->omNode-1: nextIndex: updateUnconditionally 34 -> 19
2022-03-14 12:22:44,863 [grpc-default-executor-9] INFO  server.RaftServer$Division (RaftServerImpl.java:checkInconsistentAppendEntries(1322)) - omNode-1@group-523986131536: Failed appendEntries as previous log entry ((t:9, i:33)) is not found
2022-03-14 12:22:44,863 [grpc-default-executor-9] INFO  server.RaftServer$Division (RaftServerImpl.java:checkInconsistentAppendEntries(1288)) - omNode-1@group-523986131536: inconsistency entries. Reply:omNode-2<-omNode-1#3722:FAIL-t9,INCONSISTENCY,nextIndex=19,followerCommit=18
2022-03-14 12:22:44,863 [grpc-default-executor-9] INFO  leader.FollowerInfo (FollowerInfoImpl.java:lambda$new$0(47)) - omNode-2@group-523986131536->omNode-1: nextIndex: updateUnconditionally 34 -> 19
2022-03-14 12:22:45,365 [grpc-default-executor-7] INFO  server.RaftServer$Division (RaftServerImpl.java:checkInconsistentAppendEntries(1322)) - omNode-1@group-523986131536: Failed appendEntries as previous log entry ((t:9, i:33)) is not found
2022-03-14 12:22:45,365 [grpc-default-executor-7] INFO  server.RaftServer$Division (RaftServerImpl.java:checkInconsistentAppendEntries(1288)) - omNode-1@group-523986131536: inconsistency entries. Reply:omNode-2<-omNode-1#3773:FAIL-t9,INCONSISTENCY,nextIndex=19,followerCommit=18
2022-03-14 12:22:45,365 [grpc-default-executor-7] INFO  leader.FollowerInfo (FollowerInfoImpl.java:lambda$new$0(47)) - omNode-2@group-523986131536->omNode-1: nextIndex: updateUnconditionally 34 -> 19
2022-03-14 12:22:45,867 [grpc-default-executor-7] INFO  server.RaftServer$Division (RaftServerImpl.java:checkInconsistentAppendEntries(1322)) - omNode-1@group-523986131536: Failed appendEntries as previous log entry ((t:9, i:33)) is not found
2022-03-14 12:22:45,867 [grpc-default-executor-7] INFO  server.RaftServer$Division (RaftServerImpl.java:checkInconsistentAppendEntries(1288)) - omNode-1@group-523986131536: inconsistency entries. Reply:omNode-2<-omNode-1#3824:FAIL-t9,INCONSISTENCY,nextIndex=19,followerCommit=18
2022-03-14 12:22:45,867 [grpc-default-executor-7] INFO  leader.FollowerInfo (FollowerInfoImpl.java:lambda$new$0(47)) - omNode-2@group-523986131536->omNode-1: nextIndex: updateUnconditionally 34 -> 19
2022-03-14 12:22:46,369 [grpc-default-executor-7] INFO  server.RaftServer$Division (RaftServerImpl.java:checkInconsistentAppendEntries(1322)) - omNode-1@group-523986131536: Failed appendEntries as previous log entry ((t:9, i:33)) is not found
2022-03-14 12:22:46,369 [grpc-default-executor-7] INFO  server.RaftServer$Division (RaftServerImpl.java:checkInconsistentAppendEntries(1288)) - omNode-1@group-523986131536: inconsistency entries. Reply:omNode-2<-omNode-1#3875:FAIL-t9,INCONSISTENCY,nextIndex=19,followerCommit=18
2022-03-14 12:22:46,369 [grpc-default-executor-7] INFO  leader.FollowerInfo (FollowerInfoImpl.java:lambda$new$0(47)) - omNode-2@group-523986131536->omNode-1: nextIndex: updateUnconditionally 34 -> 19
2022-03-14 12:22:46,871 [grpc-default-executor-7] INFO  server.RaftServer$Division (RaftServerImpl.java:checkInconsistentAppendEntries(1322)) - omNode-1@group-523986131536: Failed appendEntries as previous log entry ((t:9, i:33)) is not found
2022-03-14 12:22:46,872 [grpc-default-executor-7] INFO  server.RaftServer$Division (RaftServerImpl.java:checkInconsistentAppendEntries(1288)) - omNode-1@group-523986131536: inconsistency entries. Reply:omNode-2<-omNode-1#3926:FAIL-t9,INCONSISTENCY,nextIndex=19,followerCommit=18
2022-03-14 12:22:46,872 [grpc-default-executor-7] INFO  leader.FollowerInfo (FollowerInfoImpl.java:lambda$new$0(47)) - omNode-2@group-523986131536->omNode-1: nextIndex: updateUnconditionally 34 -> 19
2022-03-14 12:22:47,373 [grpc-default-executor-7] INFO  server.RaftServer$Division (RaftServerImpl.java:checkInconsistentAppendEntries(1322)) - omNode-1@group-523986131536: Failed appendEntries as previous log entry ((t:9, i:33)) is not found
2022-03-14 12:22:47,373 [grpc-default-executor-7] INFO  server.RaftServer$Division (RaftServerImpl.java:checkInconsistentAppendEntries(1288)) - omNode-1@group-523986131536: inconsistency entries. Reply:omNode-2<-omNode-1#3977:FAIL-t9,INCONSISTENCY,nextIndex=19,followerCommit=18
2022-03-14 12:22:47,374 [grpc-default-executor-7] INFO  leader.FollowerInfo (FollowerInfoImpl.java:lambda$new$0(47)) - omNode-2@group-523986131536->omNode-1: nextIndex: updateUnconditionally 34 -> 19
2022-03-14 12:22:47,875 [grpc-default-executor-9] INFO  server.RaftServer$Division (RaftServerImpl.java:checkInconsistentAppendEntries(1322)) - omNode-1@group-523986131536: Failed appendEntries as previous log entry ((t:9, i:33)) is not found
2022-03-14 12:22:47,875 [grpc-default-executor-9] INFO  server.RaftServer$Division (RaftServerImpl.java:checkInconsistentAppendEntries(1288)) - omNode-1@group-523986131536: inconsistency entries. Reply:omNode-2<-omNode-1#4028:FAIL-t9,INCONSISTENCY,nextIndex=19,followerCommit=18
2022-03-14 12:22:47,876 [grpc-default-executor-9] INFO  leader.FollowerInfo (FollowerInfoImpl.java:lambda$new$0(47)) - omNode-2@group-523986131536->omNode-1: nextIndex: updateUnconditionally 34 -> 19
2022-03-14 12:22:48,378 [grpc-default-executor-9] INFO  server.RaftServer$Division (RaftServerImpl.java:checkInconsistentAppendEntries(1322)) - omNode-1@group-523986131536: Failed appendEntries as previous log entry ((t:9, i:33)) is not found
2022-03-14 12:22:48,378 [grpc-default-executor-9] INFO  server.RaftServer$Division (RaftServerImpl.java:checkInconsistentAppendEntries(1288)) - omNode-1@group-523986131536: inconsistency entries. Reply:omNode-2<-omNode-1#4079:FAIL-t9,INCONSISTENCY,nextIndex=19,followerCommit=18
2022-03-14 12:22:48,378 [grpc-default-executor-9] INFO  leader.FollowerInfo (FollowerInfoImpl.java:lambda$new$0(47)) - omNode-2@group-523986131536->omNode-1: nextIndex: updateUnconditionally 34 -> 19
2022-03-14 12:22:48,880 [grpc-default-executor-9] INFO  server.RaftServer$Division (RaftServerImpl.java:checkInconsistentAppendEntries(1322)) - omNode-1@group-523986131536: Failed appendEntries as previous log entry ((t:9, i:33)) is not found
2022-03-14 12:22:48,880 [grpc-default-executor-9] INFO  server.RaftServer$Division (RaftServerImpl.java:checkInconsistentAppendEntries(1288)) - omNode-1@group-523986131536: inconsistency entries. Reply:omNode-2<-omNode-1#4130:FAIL-t9,INCONSISTENCY,nextIndex=19,followerCommit=18
2022-03-14 12:22:48,880 [grpc-default-executor-9] INFO  leader.FollowerInfo (FollowerInfoImpl.java:lambda$new$0(47)) - omNode-2@group-523986131536->omNode-1: nextIndex: updateUnconditionally 34 -> 19
2022-03-14 12:22:49,382 [grpc-default-executor-9] INFO  server.RaftServer$Division (RaftServerImpl.java:checkInconsistentAppendEntries(1322)) - omNode-1@group-523986131536: Failed appendEntries as previous log entry ((t:9, i:33)) is not found
2022-03-14 12:22:49,383 [grpc-default-executor-9] INFO  server.RaftServer$Division (RaftServerImpl.java:checkInconsistentAppendEntries(1288)) - omNode-1@group-523986131536: inconsistency entries. Reply:omNode-2<-omNode-1#4181:FAIL-t9,INCONSISTENCY,nextIndex=19,followerCommit=18
2022-03-14 12:22:49,383 [grpc-default-executor-9] INFO  leader.FollowerInfo (FollowerInfoImpl.java:lambda$new$0(47)) - omNode-2@group-523986131536->omNode-1: nextIndex: updateUnconditionally 34 -> 19
2022-03-14 12:22:49,884 [grpc-default-executor-9] INFO  server.RaftServer$Division (RaftServerImpl.java:checkInconsistentAppendEntries(1322)) - omNode-1@group-523986131536: Failed appendEntries as previous log entry ((t:9, i:33)) is not found
2022-03-14 12:22:49,885 [grpc-default-executor-9] INFO  server.RaftServer$Division (RaftServerImpl.java:checkInconsistentAppendEntries(1288)) - omNode-1@group-523986131536: inconsistency entries. Reply:omNode-2<-omNode-1#4232:FAIL-t9,INCONSISTENCY,nextIndex=19,followerCommit=18
2022-03-14 12:22:49,885 [grpc-default-executor-9] INFO  leader.FollowerInfo (FollowerInfoImpl.java:lambda$new$0(47)) - omNode-2@group-523986131536->omNode-1: nextIndex: updateUnconditionally 34 -> 19
2022-03-14 12:22:50,386 [grpc-default-executor-7] INFO  server.RaftServer$Division (RaftServerImpl.java:checkInconsistentAppendEntries(1322)) - omNode-1@group-523986131536: Failed appendEntries as previous log entry ((t:9, i:33)) is not found
2022-03-14 12:22:50,387 [grpc-default-executor-7] INFO  server.RaftServer$Division (RaftServerImpl.java:checkInconsistentAppendEntries(1288)) - omNode-1@group-523986131536: inconsistency entries. Reply:omNode-2<-omNode-1#4283:FAIL-t9,INCONSISTENCY,nextIndex=19,followerCommit=18
2022-03-14 12:22:50,387 [grpc-default-executor-7] INFO  leader.FollowerInfo (FollowerInfoImpl.java:lambda$new$0(47)) - omNode-2@group-523986131536->omNode-1: nextIndex: updateUnconditionally 34 -> 19
2022-03-14 12:22:50,888 [grpc-default-executor-7] INFO  server.RaftServer$Division (RaftServerImpl.java:checkInconsistentAppendEntries(1322)) - omNode-1@group-523986131536: Failed appendEntries as previous log entry ((t:9, i:33)) is not found
2022-03-14 12:22:50,889 [grpc-default-executor-7] INFO  server.RaftServer$Division (RaftServerImpl.java:checkInconsistentAppendEntries(1288)) - omNode-1@group-523986131536: inconsistency entries. Reply:omNode-2<-omNode-1#4334:FAIL-t9,INCONSISTENCY,nextIndex=19,followerCommit=18
2022-03-14 12:22:50,889 [grpc-default-executor-7] INFO  leader.FollowerInfo (FollowerInfoImpl.java:lambda$new$0(47)) - omNode-2@group-523986131536->omNode-1: nextIndex: updateUnconditionally 34 -> 19
2022-03-14 12:22:51,390 [grpc-default-executor-7] INFO  server.RaftServer$Division (RaftServerImpl.java:checkInconsistentAppendEntries(1322)) - omNode-1@group-523986131536: Failed appendEntries as previous log entry ((t:9, i:33)) is not found
2022-03-14 12:22:51,391 [grpc-default-executor-7] INFO  server.RaftServer$Division (RaftServerImpl.java:checkInconsistentAppendEntries(1288)) - omNode-1@group-523986131536: inconsistency entries. Reply:omNode-2<-omNode-1#4385:FAIL-t9,INCONSISTENCY,nextIndex=19,followerCommit=18
2022-03-14 12:22:51,391 [grpc-default-executor-7] INFO  leader.FollowerInfo (FollowerInfoImpl.java:lambda$new$0(47)) - omNode-2@group-523986131536->omNode-1: nextIndex: updateUnconditionally 34 -> 19
2022-03-14 12:22:51,893 [grpc-default-executor-7] INFO  server.RaftServer$Division (RaftServerImpl.java:checkInconsistentAppendEntries(1322)) - omNode-1@group-523986131536: Failed appendEntries as previous log entry ((t:9, i:33)) is not found
2022-03-14 12:22:51,893 [grpc-default-executor-7] INFO  server.RaftServer$Division (RaftServerImpl.java:checkInconsistentAppendEntries(1288)) - omNode-1@group-523986131536: inconsistency entries. Reply:omNode-2<-omNode-1#4436:FAIL-t9,INCONSISTENCY,nextIndex=19,followerCommit=18
2022-03-14 12:22:51,893 [grpc-default-executor-7] INFO  leader.FollowerInfo (FollowerInfoImpl.java:lambda$new$0(47)) - omNode-2@group-523986131536->omNode-1: nextIndex: updateUnconditionally 34 -> 19
2022-03-14 12:22:52,395 [grpc-default-executor-9] INFO  server.RaftServer$Division (RaftServerImpl.java:checkInconsistentAppendEntries(1322)) - omNode-1@group-523986131536: Failed appendEntries as previous log entry ((t:9, i:33)) is not found
2022-03-14 12:22:52,395 [grpc-default-executor-9] INFO  server.RaftServer$Division (RaftServerImpl.java:checkInconsistentAppendEntries(1288)) - omNode-1@group-523986131536: inconsistency entries. Reply:omNode-2<-omNode-1#4487:FAIL-t9,INCONSISTENCY,nextIndex=19,followerCommit=18
2022-03-14 12:22:52,395 [grpc-default-executor-9] INFO  leader.FollowerInfo (FollowerInfoImpl.java:lambda$new$0(47)) - omNode-2@group-523986131536->omNode-1: nextIndex: updateUnconditionally 34 -> 19
2022-03-14 12:22:52,897 [grpc-default-executor-9] INFO  server.RaftServer$Division (RaftServerImpl.java:checkInconsistentAppendEntries(1322)) - omNode-1@group-523986131536: Failed appendEntries as previous log entry ((t:9, i:33)) is not found
2022-03-14 12:22:52,897 [grpc-default-executor-9] INFO  server.RaftServer$Division (RaftServerImpl.java:checkInconsistentAppendEntries(1288)) - omNode-1@group-523986131536: inconsistency entries. Reply:omNode-2<-omNode-1#4538:FAIL-t9,INCONSISTENCY,nextIndex=19,followerCommit=18
2022-03-14 12:22:52,897 [grpc-default-executor-9] INFO  leader.FollowerInfo (FollowerInfoImpl.java:lambda$new$0(47)) - omNode-2@group-523986131536->omNode-1: nextIndex: updateUnconditionally 34 -> 19
2022-03-14 12:22:53,399 [grpc-default-executor-9] INFO  server.RaftServer$Division (RaftServerImpl.java:checkInconsistentAppendEntries(1322)) - omNode-1@group-523986131536: Failed appendEntries as previous log entry ((t:9, i:33)) is not found
2022-03-14 12:22:53,399 [grpc-default-executor-9] INFO  server.RaftServer$Division (RaftServerImpl.java:checkInconsistentAppendEntries(1288)) - omNode-1@group-523986131536: inconsistency entries. Reply:omNode-2<-omNode-1#4589:FAIL-t9,INCONSISTENCY,nextIndex=19,followerCommit=18
2022-03-14 12:22:53,399 [grpc-default-executor-9] INFO  leader.FollowerInfo (FollowerInfoImpl.java:lambda$new$0(47)) - omNode-2@group-523986131536->omNode-1: nextIndex: updateUnconditionally 34 -> 19
2022-03-14 12:22:53,901 [grpc-default-executor-9] INFO  server.RaftServer$Division (RaftServerImpl.java:checkInconsistentAppendEntries(1322)) - omNode-1@group-523986131536: Failed appendEntries as previous log entry ((t:9, i:33)) is not found
2022-03-14 12:22:53,901 [grpc-default-executor-9] INFO  server.RaftServer$Division (RaftServerImpl.java:checkInconsistentAppendEntries(1288)) - omNode-1@group-523986131536: inconsistency entries. Reply:omNode-2<-omNode-1#4640:FAIL-t9,INCONSISTENCY,nextIndex=19,followerCommit=18
2022-03-14 12:22:53,901 [grpc-default-executor-9] INFO  leader.FollowerInfo (FollowerInfoImpl.java:lambda$new$0(47)) - omNode-2@group-523986131536->omNode-1: nextIndex: updateUnconditionally 34 -> 19
2022-03-14 12:22:54,403 [grpc-default-executor-9] INFO  server.RaftServer$Division (RaftServerImpl.java:checkInconsistentAppendEntries(1322)) - omNode-1@group-523986131536: Failed appendEntries as previous log entry ((t:9, i:33)) is not found
2022-03-14 12:22:54,403 [grpc-default-executor-9] INFO  server.RaftServer$Division (RaftServerImpl.java:checkInconsistentAppendEntries(1288)) - omNode-1@group-523986131536: inconsistency entries. Reply:omNode-2<-omNode-1#4691:FAIL-t9,INCONSISTENCY,nextIndex=19,followerCommit=18
2022-03-14 12:22:54,403 [grpc-default-executor-9] INFO  leader.FollowerInfo (FollowerInfoImpl.java:lambda$new$0(47)) - omNode-2@group-523986131536->omNode-1: nextIndex: updateUnconditionally 34 -> 19
2022-03-14 12:22:54,905 [grpc-default-executor-7] INFO  server.RaftServer$Division (RaftServerImpl.java:checkInconsistentAppendEntries(1322)) - omNode-1@group-523986131536: Failed appendEntries as previous log entry ((t:9, i:33)) is not found
2022-03-14 12:22:54,905 [grpc-default-executor-7] INFO  server.RaftServer$Division (RaftServerImpl.java:checkInconsistentAppendEntries(1288)) - omNode-1@group-523986131536: inconsistency entries. Reply:omNode-2<-omNode-1#4742:FAIL-t9,INCONSISTENCY,nextIndex=19,followerCommit=18
2022-03-14 12:22:54,906 [grpc-default-executor-7] INFO  leader.FollowerInfo (FollowerInfoImpl.java:lambda$new$0(47)) - omNode-2@group-523986131536->omNode-1: nextIndex: updateUnconditionally 34 -> 19
2022-03-14 12:22:55,433 [grpc-default-executor-7] INFO  server.RaftServer$Division (RaftServerImpl.java:checkInconsistentAppendEntries(1322)) - omNode-1@group-523986131536: Failed appendEntries as previous log entry ((t:9, i:33)) is not found
2022-03-14 12:22:55,433 [grpc-default-executor-7] INFO  server.RaftServer$Division (RaftServerImpl.java:checkInconsistentAppendEntries(1288)) - omNode-1@group-523986131536: inconsistency entries. Reply:omNode-2<-omNode-1#4793:FAIL-t9,INCONSISTENCY,nextIndex=19,followerCommit=18
2022-03-14 12:22:55,434 [grpc-default-executor-7] INFO  leader.FollowerInfo (FollowerInfoImpl.java:lambda$new$0(47)) - omNode-2@group-523986131536->omNode-1: nextIndex: updateUnconditionally 34 -> 19
2022-03-14 12:22:55,936 [grpc-default-executor-7] INFO  server.RaftServer$Division (RaftServerImpl.java:checkInconsistentAppendEntries(1322)) - omNode-1@group-523986131536: Failed appendEntries as previous log entry ((t:9, i:33)) is not found
2022-03-14 12:22:55,936 [grpc-default-executor-7] INFO  server.RaftServer$Division (RaftServerImpl.java:checkInconsistentAppendEntries(1288)) - omNode-1@group-523986131536: inconsistency entries. Reply:omNode-2<-omNode-1#4844:FAIL-t9,INCONSISTENCY,nextIndex=19,followerCommit=18
2022-03-14 12:22:55,937 [grpc-default-executor-7] INFO  leader.FollowerInfo (FollowerInfoImpl.java:lambda$new$0(47)) - omNode-2@group-523986131536->omNode-1: nextIndex: updateUnconditionally 34 -> 19
2022-03-14 12:22:56,439 [grpc-default-executor-7] INFO  server.RaftServer$Division (RaftServerImpl.java:checkInconsistentAppendEntries(1322)) - omNode-1@group-523986131536: Failed appendEntries as previous log entry ((t:9, i:33)) is not found
2022-03-14 12:22:56,439 [grpc-default-executor-7] INFO  server.RaftServer$Division (RaftServerImpl.java:checkInconsistentAppendEntries(1288)) - omNode-1@group-523986131536: inconsistency entries. Reply:omNode-2<-omNode-1#4895:FAIL-t9,INCONSISTENCY,nextIndex=19,followerCommit=18
2022-03-14 12:22:56,439 [grpc-default-executor-7] INFO  leader.FollowerInfo (FollowerInfoImpl.java:lambda$new$0(47)) - omNode-2@group-523986131536->omNode-1: nextIndex: updateUnconditionally 34 -> 19
2022-03-14 12:22:56,941 [grpc-default-executor-7] INFO  server.RaftServer$Division (RaftServerImpl.java:checkInconsistentAppendEntries(1322)) - omNode-1@group-523986131536: Failed appendEntries as previous log entry ((t:9, i:33)) is not found
2022-03-14 12:22:56,941 [grpc-default-executor-7] INFO  server.RaftServer$Division (RaftServerImpl.java:checkInconsistentAppendEntries(1288)) - omNode-1@group-523986131536: inconsistency entries. Reply:omNode-2<-omNode-1#4946:FAIL-t9,INCONSISTENCY,nextIndex=19,followerCommit=18
2022-03-14 12:22:56,941 [grpc-default-executor-7] INFO  leader.FollowerInfo (FollowerInfoImpl.java:lambda$new$0(47)) - omNode-2@group-523986131536->omNode-1: nextIndex: updateUnconditionally 34 -> 19
2022-03-14 12:22:57,443 [grpc-default-executor-7] INFO  server.RaftServer$Division (RaftServerImpl.java:checkInconsistentAppendEntries(1322)) - omNode-1@group-523986131536: Failed appendEntries as previous log entry ((t:9, i:33)) is not found
2022-03-14 12:22:57,444 [grpc-default-executor-7] INFO  server.RaftServer$Division (RaftServerImpl.java:checkInconsistentAppendEntries(1288)) - omNode-1@group-523986131536: inconsistency entries. Reply:omNode-2<-omNode-1#4997:FAIL-t9,INCONSISTENCY,nextIndex=19,followerCommit=18
2022-03-14 12:22:57,444 [grpc-default-executor-7] INFO  leader.FollowerInfo (FollowerInfoImpl.java:lambda$new$0(47)) - omNode-2@group-523986131536->omNode-1: nextIndex: updateUnconditionally 34 -> 19
2022-03-14 12:22:57,946 [grpc-default-executor-7] INFO  server.RaftServer$Division (RaftServerImpl.java:checkInconsistentAppendEntries(1322)) - omNode-1@group-523986131536: Failed appendEntries as previous log entry ((t:9, i:33)) is not found
2022-03-14 12:22:57,946 [grpc-default-executor-7] INFO  server.RaftServer$Division (RaftServerImpl.java:checkInconsistentAppendEntries(1288)) - omNode-1@group-523986131536: inconsistency entries. Reply:omNode-2<-omNode-1#5048:FAIL-t9,INCONSISTENCY,nextIndex=19,followerCommit=18
2022-03-14 12:22:57,946 [grpc-default-executor-7] INFO  leader.FollowerInfo (FollowerInfoImpl.java:lambda$new$0(47)) - omNode-2@group-523986131536->omNode-1: nextIndex: updateUnconditionally 34 -> 19
2022-03-14 12:22:58,447 [grpc-default-executor-7] INFO  server.RaftServer$Division (RaftServerImpl.java:checkInconsistentAppendEntries(1322)) - omNode-1@group-523986131536: Failed appendEntries as previous log entry ((t:9, i:33)) is not found
2022-03-14 12:22:58,448 [grpc-default-executor-7] INFO  server.RaftServer$Division (RaftServerImpl.java:checkInconsistentAppendEntries(1288)) - omNode-1@group-523986131536: inconsistency entries. Reply:omNode-2<-omNode-1#5099:FAIL-t9,INCONSISTENCY,nextIndex=19,followerCommit=18
2022-03-14 12:22:58,448 [grpc-default-executor-7] INFO  leader.FollowerInfo (FollowerInfoImpl.java:lambda$new$0(47)) - omNode-2@group-523986131536->omNode-1: nextIndex: updateUnconditionally 34 -> 19
2022-03-14 12:22:58,950 [grpc-default-executor-7] INFO  server.RaftServer$Division (RaftServerImpl.java:checkInconsistentAppendEntries(1322)) - omNode-1@group-523986131536: Failed appendEntries as previous log entry ((t:9, i:33)) is not found
2022-03-14 12:22:58,950 [grpc-default-executor-7] INFO  server.RaftServer$Division (RaftServerImpl.java:checkInconsistentAppendEntries(1288)) - omNode-1@group-523986131536: inconsistency entries. Reply:omNode-2<-omNode-1#5150:FAIL-t9,INCONSISTENCY,nextIndex=19,followerCommit=18
2022-03-14 12:22:58,950 [grpc-default-executor-7] INFO  leader.FollowerInfo (FollowerInfoImpl.java:lambda$new$0(47)) - omNode-2@group-523986131536->omNode-1: nextIndex: updateUnconditionally 34 -> 19
2022-03-14 12:22:59,452 [grpc-default-executor-7] INFO  server.RaftServer$Division (RaftServerImpl.java:checkInconsistentAppendEntries(1322)) - omNode-1@group-523986131536: Failed appendEntries as previous log entry ((t:9, i:33)) is not found
2022-03-14 12:22:59,452 [grpc-default-executor-7] INFO  server.RaftServer$Division (RaftServerImpl.java:checkInconsistentAppendEntries(1288)) - omNode-1@group-523986131536: inconsistency entries. Reply:omNode-2<-omNode-1#5201:FAIL-t9,INCONSISTENCY,nextIndex=19,followerCommit=18
2022-03-14 12:22:59,453 [grpc-default-executor-7] INFO  leader.FollowerInfo (FollowerInfoImpl.java:lambda$new$0(47)) - omNode-2@group-523986131536->omNode-1: nextIndex: updateUnconditionally 34 -> 19
2022-03-14 12:22:59,955 [grpc-default-executor-7] INFO  server.RaftServer$Division (RaftServerImpl.java:checkInconsistentAppendEntries(1322)) - omNode-1@group-523986131536: Failed appendEntries as previous log entry ((t:9, i:33)) is not found
2022-03-14 12:22:59,955 [grpc-default-executor-7] INFO  server.RaftServer$Division (RaftServerImpl.java:checkInconsistentAppendEntries(1288)) - omNode-1@group-523986131536: inconsistency entries. Reply:omNode-2<-omNode-1#5252:FAIL-t9,INCONSISTENCY,nextIndex=19,followerCommit=18
2022-03-14 12:22:59,955 [grpc-default-executor-7] INFO  leader.FollowerInfo (FollowerInfoImpl.java:lambda$new$0(47)) - omNode-2@group-523986131536->omNode-1: nextIndex: updateUnconditionally 34 -> 19
2022-03-14 12:23:00,457 [grpc-default-executor-9] INFO  server.RaftServer$Division (RaftServerImpl.java:checkInconsistentAppendEntries(1322)) - omNode-1@group-523986131536: Failed appendEntries as previous log entry ((t:9, i:33)) is not found
2022-03-14 12:23:00,457 [grpc-default-executor-9] INFO  server.RaftServer$Division (RaftServerImpl.java:checkInconsistentAppendEntries(1288)) - omNode-1@group-523986131536: inconsistency entries. Reply:omNode-2<-omNode-1#5303:FAIL-t9,INCONSISTENCY,nextIndex=19,followerCommit=18
2022-03-14 12:23:00,457 [grpc-default-executor-9] INFO  leader.FollowerInfo (FollowerInfoImpl.java:lambda$new$0(47)) - omNode-2@group-523986131536->omNode-1: nextIndex: updateUnconditionally 34 -> 19
2022-03-14 12:23:00,960 [grpc-default-executor-9] INFO  server.RaftServer$Division (RaftServerImpl.java:checkInconsistentAppendEntries(1322)) - omNode-1@group-523986131536: Failed appendEntries as previous log entry ((t:9, i:33)) is not found
2022-03-14 12:23:00,960 [grpc-default-executor-9] INFO  server.RaftServer$Division (RaftServerImpl.java:checkInconsistentAppendEntries(1288)) - omNode-1@group-523986131536: inconsistency entries. Reply:omNode-2<-omNode-1#5354:FAIL-t9,INCONSISTENCY,nextIndex=19,followerCommit=18
2022-03-14 12:23:00,960 [grpc-default-executor-9] INFO  leader.FollowerInfo (FollowerInfoImpl.java:lambda$new$0(47)) - omNode-2@group-523986131536->omNode-1: nextIndex: updateUnconditionally 34 -> 19
2022-03-14 12:23:01,462 [grpc-default-executor-9] INFO  server.RaftServer$Division (RaftServerImpl.java:checkInconsistentAppendEntries(1322)) - omNode-1@group-523986131536: Failed appendEntries as previous log entry ((t:9, i:33)) is not found
2022-03-14 12:23:01,462 [grpc-default-executor-9] INFO  server.RaftServer$Division (RaftServerImpl.java:checkInconsistentAppendEntries(1288)) - omNode-1@group-523986131536: inconsistency entries. Reply:omNode-2<-omNode-1#5405:FAIL-t9,INCONSISTENCY,nextIndex=19,followerCommit=18
2022-03-14 12:23:01,462 [grpc-default-executor-9] INFO  leader.FollowerInfo (FollowerInfoImpl.java:lambda$new$0(47)) - omNode-2@group-523986131536->omNode-1: nextIndex: updateUnconditionally 34 -> 19
2022-03-14 12:23:01,964 [grpc-default-executor-9] INFO  server.RaftServer$Division (RaftServerImpl.java:checkInconsistentAppendEntries(1322)) - omNode-1@group-523986131536: Failed appendEntries as previous log entry ((t:9, i:33)) is not found
2022-03-14 12:23:01,965 [grpc-default-executor-9] INFO  server.RaftServer$Division (RaftServerImpl.java:checkInconsistentAppendEntries(1288)) - omNode-1@group-523986131536: inconsistency entries. Reply:omNode-2<-omNode-1#5456:FAIL-t9,INCONSISTENCY,nextIndex=19,followerCommit=18
2022-03-14 12:23:01,965 [grpc-default-executor-9] INFO  leader.FollowerInfo (FollowerInfoImpl.java:lambda$new$0(47)) - omNode-2@group-523986131536->omNode-1: nextIndex: updateUnconditionally 34 -> 19
2022-03-14 12:23:02,467 [grpc-default-executor-7] INFO  server.RaftServer$Division (RaftServerImpl.java:checkInconsistentAppendEntries(1322)) - omNode-1@group-523986131536: Failed appendEntries as previous log entry ((t:9, i:33)) is not found
2022-03-14 12:23:02,467 [grpc-default-executor-7] INFO  server.RaftServer$Division (RaftServerImpl.java:checkInconsistentAppendEntries(1288)) - omNode-1@group-523986131536: inconsistency entries. Reply:omNode-2<-omNode-1#5507:FAIL-t9,INCONSISTENCY,nextIndex=19,followerCommit=18
2022-03-14 12:23:02,467 [grpc-default-executor-7] INFO  leader.FollowerInfo (FollowerInfoImpl.java:lambda$new$0(47)) - omNode-2@group-523986131536->omNode-1: nextIndex: updateUnconditionally 34 -> 19
2022-03-14 12:23:02,969 [grpc-default-executor-9] INFO  server.RaftServer$Division (RaftServerImpl.java:checkInconsistentAppendEntries(1322)) - omNode-1@group-523986131536: Failed appendEntries as previous log entry ((t:9, i:33)) is not found
2022-03-14 12:23:02,969 [grpc-default-executor-9] INFO  server.RaftServer$Division (RaftServerImpl.java:checkInconsistentAppendEntries(1288)) - omNode-1@group-523986131536: inconsistency entries. Reply:omNode-2<-omNode-1#5558:FAIL-t9,INCONSISTENCY,nextIndex=19,followerCommit=18
2022-03-14 12:23:02,970 [grpc-default-executor-9] INFO  leader.FollowerInfo (FollowerInfoImpl.java:lambda$new$0(47)) - omNode-2@group-523986131536->omNode-1: nextIndex: updateUnconditionally 34 -> 19
2022-03-14 12:23:03,471 [grpc-default-executor-9] INFO  server.RaftServer$Division (RaftServerImpl.java:checkInconsistentAppendEntries(1322)) - omNode-1@group-523986131536: Failed appendEntries as previous log entry ((t:9, i:33)) is not found
2022-03-14 12:23:03,471 [grpc-default-executor-9] INFO  server.RaftServer$Division (RaftServerImpl.java:checkInconsistentAppendEntries(1288)) - omNode-1@group-523986131536: inconsistency entries. Reply:omNode-2<-omNode-1#5609:FAIL-t9,INCONSISTENCY,nextIndex=19,followerCommit=18
2022-03-14 12:23:03,472 [grpc-default-executor-9] INFO  leader.FollowerInfo (FollowerInfoImpl.java:lambda$new$0(47)) - omNode-2@group-523986131536->omNode-1: nextIndex: updateUnconditionally 34 -> 19
2022-03-14 12:23:03,973 [grpc-default-executor-9] INFO  server.RaftServer$Division (RaftServerImpl.java:checkInconsistentAppendEntries(1322)) - omNode-1@group-523986131536: Failed appendEntries as previous log entry ((t:9, i:33)) is not found
2022-03-14 12:23:03,973 [grpc-default-executor-9] INFO  server.RaftServer$Division (RaftServerImpl.java:checkInconsistentAppendEntries(1288)) - omNode-1@group-523986131536: inconsistency entries. Reply:omNode-2<-omNode-1#5660:FAIL-t9,INCONSISTENCY,nextIndex=19,followerCommit=18
2022-03-14 12:23:03,973 [grpc-default-executor-9] INFO  leader.FollowerInfo (FollowerInfoImpl.java:lambda$new$0(47)) - omNode-2@group-523986131536->omNode-1: nextIndex: updateUnconditionally 34 -> 19
2022-03-14 12:23:04,475 [grpc-default-executor-9] INFO  server.RaftServer$Division (RaftServerImpl.java:checkInconsistentAppendEntries(1322)) - omNode-1@group-523986131536: Failed appendEntries as previous log entry ((t:9, i:33)) is not found
2022-03-14 12:23:04,475 [grpc-default-executor-9] INFO  server.RaftServer$Division (RaftServerImpl.java:checkInconsistentAppendEntries(1288)) - omNode-1@group-523986131536: inconsistency entries. Reply:omNode-2<-omNode-1#5711:FAIL-t9,INCONSISTENCY,nextIndex=19,followerCommit=18
2022-03-14 12:23:04,475 [grpc-default-executor-9] INFO  leader.FollowerInfo (FollowerInfoImpl.java:lambda$new$0(47)) - omNode-2@group-523986131536->omNode-1: nextIndex: updateUnconditionally 34 -> 19
2022-03-14 12:23:04,977 [grpc-default-executor-9] INFO  server.RaftServer$Division (RaftServerImpl.java:checkInconsistentAppendEntries(1322)) - omNode-1@group-523986131536: Failed appendEntries as previous log entry ((t:9, i:33)) is not found
2022-03-14 12:23:04,977 [grpc-default-executor-9] INFO  server.RaftServer$Division (RaftServerImpl.java:checkInconsistentAppendEntries(1288)) - omNode-1@group-523986131536: inconsistency entries. Reply:omNode-2<-omNode-1#5762:FAIL-t9,INCONSISTENCY,nextIndex=19,followerCommit=18
2022-03-14 12:23:04,978 [grpc-default-executor-9] INFO  leader.FollowerInfo (FollowerInfoImpl.java:lambda$new$0(47)) - omNode-2@group-523986131536->omNode-1: nextIndex: updateUnconditionally 34 -> 19
2022-03-14 12:23:05,480 [grpc-default-executor-9] INFO  server.RaftServer$Division (RaftServerImpl.java:checkInconsistentAppendEntries(1322)) - omNode-1@group-523986131536: Failed appendEntries as previous log entry ((t:9, i:33)) is not found
2022-03-14 12:23:05,480 [grpc-default-executor-9] INFO  server.RaftServer$Division (RaftServerImpl.java:checkInconsistentAppendEntries(1288)) - omNode-1@group-523986131536: inconsistency entries. Reply:omNode-2<-omNode-1#5813:FAIL-t9,INCONSISTENCY,nextIndex=19,followerCommit=18
2022-03-14 12:23:05,480 [grpc-default-executor-9] INFO  leader.FollowerInfo (FollowerInfoImpl.java:lambda$new$0(47)) - omNode-2@group-523986131536->omNode-1: nextIndex: updateUnconditionally 34 -> 19
2022-03-14 12:23:05,982 [grpc-default-executor-9] INFO  server.RaftServer$Division (RaftServerImpl.java:checkInconsistentAppendEntries(1322)) - omNode-1@group-523986131536: Failed appendEntries as previous log entry ((t:9, i:33)) is not found
2022-03-14 12:23:05,983 [grpc-default-executor-9] INFO  server.RaftServer$Division (RaftServerImpl.java:checkInconsistentAppendEntries(1288)) - omNode-1@group-523986131536: inconsistency entries. Reply:omNode-2<-omNode-1#5864:FAIL-t9,INCONSISTENCY,nextIndex=19,followerCommit=18
2022-03-14 12:23:05,983 [grpc-default-executor-9] INFO  leader.FollowerInfo (FollowerInfoImpl.java:lambda$new$0(47)) - omNode-2@group-523986131536->omNode-1: nextIndex: updateUnconditionally 34 -> 19
2022-03-14 12:23:06,484 [grpc-default-executor-9] INFO  server.RaftServer$Division (RaftServerImpl.java:checkInconsistentAppendEntries(1322)) - omNode-1@group-523986131536: Failed appendEntries as previous log entry ((t:9, i:33)) is not found
2022-03-14 12:23:06,485 [grpc-default-executor-9] INFO  server.RaftServer$Division (RaftServerImpl.java:checkInconsistentAppendEntries(1288)) - omNode-1@group-523986131536: inconsistency entries. Reply:omNode-2<-omNode-1#5915:FAIL-t9,INCONSISTENCY,nextIndex=19,followerCommit=18
2022-03-14 12:23:06,485 [grpc-default-executor-9] INFO  leader.FollowerInfo (FollowerInfoImpl.java:lambda$new$0(47)) - omNode-2@group-523986131536->omNode-1: nextIndex: updateUnconditionally 34 -> 19
2022-03-14 12:23:06,986 [grpc-default-executor-9] INFO  server.RaftServer$Division (RaftServerImpl.java:checkInconsistentAppendEntries(1322)) - omNode-1@group-523986131536: Failed appendEntries as previous log entry ((t:9, i:33)) is not found
2022-03-14 12:23:06,986 [grpc-default-executor-9] INFO  server.RaftServer$Division (RaftServerImpl.java:checkInconsistentAppendEntries(1288)) - omNode-1@group-523986131536: inconsistency entries. Reply:omNode-2<-omNode-1#5966:FAIL-t9,INCONSISTENCY,nextIndex=19,followerCommit=18
2022-03-14 12:23:06,987 [grpc-default-executor-9] INFO  leader.FollowerInfo (FollowerInfoImpl.java:lambda$new$0(47)) - omNode-2@group-523986131536->omNode-1: nextIndex: updateUnconditionally 34 -> 19
2022-03-14 12:23:07,490 [grpc-default-executor-9] INFO  server.RaftServer$Division (RaftServerImpl.java:checkInconsistentAppendEntries(1322)) - omNode-1@group-523986131536: Failed appendEntries as previous log entry ((t:9, i:33)) is not found
2022-03-14 12:23:07,490 [grpc-default-executor-9] INFO  server.RaftServer$Division (RaftServerImpl.java:checkInconsistentAppendEntries(1288)) - omNode-1@group-523986131536: inconsistency entries. Reply:omNode-2<-omNode-1#6017:FAIL-t9,INCONSISTENCY,nextIndex=19,followerCommit=18
2022-03-14 12:23:07,490 [grpc-default-executor-9] INFO  leader.FollowerInfo (FollowerInfoImpl.java:lambda$new$0(47)) - omNode-2@group-523986131536->omNode-1: nextIndex: updateUnconditionally 34 -> 19
2022-03-14 12:23:07,992 [grpc-default-executor-7] INFO  server.RaftServer$Division (RaftServerImpl.java:checkInconsistentAppendEntries(1322)) - omNode-1@group-523986131536: Failed appendEntries as previous log entry ((t:9, i:33)) is not found
2022-03-14 12:23:07,993 [grpc-default-executor-7] INFO  server.RaftServer$Division (RaftServerImpl.java:checkInconsistentAppendEntries(1288)) - omNode-1@group-523986131536: inconsistency entries. Reply:omNode-2<-omNode-1#6068:FAIL-t9,INCONSISTENCY,nextIndex=19,followerCommit=18
2022-03-14 12:23:07,993 [grpc-default-executor-7] INFO  leader.FollowerInfo (FollowerInfoImpl.java:lambda$new$0(47)) - omNode-2@group-523986131536->omNode-1: nextIndex: updateUnconditionally 34 -> 19
2022-03-14 12:23:08,495 [grpc-default-executor-7] INFO  server.RaftServer$Division (RaftServerImpl.java:checkInconsistentAppendEntries(1322)) - omNode-1@group-523986131536: Failed appendEntries as previous log entry ((t:9, i:33)) is not found
2022-03-14 12:23:08,495 [grpc-default-executor-7] INFO  server.RaftServer$Division (RaftServerImpl.java:checkInconsistentAppendEntries(1288)) - omNode-1@group-523986131536: inconsistency entries. Reply:omNode-2<-omNode-1#6119:FAIL-t9,INCONSISTENCY,nextIndex=19,followerCommit=18
2022-03-14 12:23:08,495 [grpc-default-executor-7] INFO  leader.FollowerInfo (FollowerInfoImpl.java:lambda$new$0(47)) - omNode-2@group-523986131536->omNode-1: nextIndex: updateUnconditionally 34 -> 19
2022-03-14 12:23:08,997 [grpc-default-executor-7] INFO  server.RaftServer$Division (RaftServerImpl.java:checkInconsistentAppendEntries(1322)) - omNode-1@group-523986131536: Failed appendEntries as previous log entry ((t:9, i:33)) is not found
2022-03-14 12:23:08,997 [grpc-default-executor-7] INFO  server.RaftServer$Division (RaftServerImpl.java:checkInconsistentAppendEntries(1288)) - omNode-1@group-523986131536: inconsistency entries. Reply:omNode-2<-omNode-1#6170:FAIL-t9,INCONSISTENCY,nextIndex=19,followerCommit=18
2022-03-14 12:23:08,997 [grpc-default-executor-7] INFO  leader.FollowerInfo (FollowerInfoImpl.java:lambda$new$0(47)) - omNode-2@group-523986131536->omNode-1: nextIndex: updateUnconditionally 34 -> 19
2022-03-14 12:23:09,499 [grpc-default-executor-7] INFO  server.RaftServer$Division (RaftServerImpl.java:checkInconsistentAppendEntries(1322)) - omNode-1@group-523986131536: Failed appendEntries as previous log entry ((t:9, i:33)) is not found
2022-03-14 12:23:09,500 [grpc-default-executor-7] INFO  server.RaftServer$Division (RaftServerImpl.java:checkInconsistentAppendEntries(1288)) - omNode-1@group-523986131536: inconsistency entries. Reply:omNode-2<-omNode-1#6221:FAIL-t9,INCONSISTENCY,nextIndex=19,followerCommit=18
2022-03-14 12:23:09,500 [grpc-default-executor-7] INFO  leader.FollowerInfo (FollowerInfoImpl.java:lambda$new$0(47)) - omNode-2@group-523986131536->omNode-1: nextIndex: updateUnconditionally 34 -> 19
2022-03-14 12:23:10,002 [grpc-default-executor-9] INFO  server.RaftServer$Division (RaftServerImpl.java:checkInconsistentAppendEntries(1322)) - omNode-1@group-523986131536: Failed appendEntries as previous log entry ((t:9, i:33)) is not found
2022-03-14 12:23:10,002 [grpc-default-executor-9] INFO  server.RaftServer$Division (RaftServerImpl.java:checkInconsistentAppendEntries(1288)) - omNode-1@group-523986131536: inconsistency entries. Reply:omNode-2<-omNode-1#6272:FAIL-t9,INCONSISTENCY,nextIndex=19,followerCommit=18
2022-03-14 12:23:10,003 [grpc-default-executor-9] INFO  leader.FollowerInfo (FollowerInfoImpl.java:lambda$new$0(47)) - omNode-2@group-523986131536->omNode-1: nextIndex: updateUnconditionally 34 -> 19
2022-03-14 12:23:10,504 [grpc-default-executor-7] INFO  server.RaftServer$Division (RaftServerImpl.java:checkInconsistentAppendEntries(1322)) - omNode-1@group-523986131536: Failed appendEntries as previous log entry ((t:9, i:33)) is not found
2022-03-14 12:23:10,504 [grpc-default-executor-7] INFO  server.RaftServer$Division (RaftServerImpl.java:checkInconsistentAppendEntries(1288)) - omNode-1@group-523986131536: inconsistency entries. Reply:omNode-2<-omNode-1#6323:FAIL-t9,INCONSISTENCY,nextIndex=19,followerCommit=18
2022-03-14 12:23:10,505 [grpc-default-executor-7] INFO  leader.FollowerInfo (FollowerInfoImpl.java:lambda$new$0(47)) - omNode-2@group-523986131536->omNode-1: nextIndex: updateUnconditionally 34 -> 19
2022-03-14 12:23:11,006 [grpc-default-executor-7] INFO  server.RaftServer$Division (RaftServerImpl.java:checkInconsistentAppendEntries(1322)) - omNode-1@group-523986131536: Failed appendEntries as previous log entry ((t:9, i:33)) is not found
2022-03-14 12:23:11,006 [grpc-default-executor-7] INFO  server.RaftServer$Division (RaftServerImpl.java:checkInconsistentAppendEntries(1288)) - omNode-1@group-523986131536: inconsistency entries. Reply:omNode-2<-omNode-1#6374:FAIL-t9,INCONSISTENCY,nextIndex=19,followerCommit=18
2022-03-14 12:23:11,007 [grpc-default-executor-7] INFO  leader.FollowerInfo (FollowerInfoImpl.java:lambda$new$0(47)) - omNode-2@group-523986131536->omNode-1: nextIndex: updateUnconditionally 34 -> 19
2022-03-14 12:23:11,509 [grpc-default-executor-7] INFO  server.RaftServer$Division (RaftServerImpl.java:checkInconsistentAppendEntries(1322)) - omNode-1@group-523986131536: Failed appendEntries as previous log entry ((t:9, i:33)) is not found
2022-03-14 12:23:11,509 [grpc-default-executor-7] INFO  server.RaftServer$Division (RaftServerImpl.java:checkInconsistentAppendEntries(1288)) - omNode-1@group-523986131536: inconsistency entries. Reply:omNode-2<-omNode-1#6425:FAIL-t9,INCONSISTENCY,nextIndex=19,followerCommit=18
2022-03-14 12:23:11,509 [grpc-default-executor-7] INFO  leader.FollowerInfo (FollowerInfoImpl.java:lambda$new$0(47)) - omNode-2@group-523986131536->omNode-1: nextIndex: updateUnconditionally 34 -> 19
2022-03-14 12:23:12,011 [grpc-default-executor-7] INFO  server.RaftServer$Division (RaftServerImpl.java:checkInconsistentAppendEntries(1322)) - omNode-1@group-523986131536: Failed appendEntries as previous log entry ((t:9, i:33)) is not found
2022-03-14 12:23:12,011 [grpc-default-executor-7] INFO  server.RaftServer$Division (RaftServerImpl.java:checkInconsistentAppendEntries(1288)) - omNode-1@group-523986131536: inconsistency entries. Reply:omNode-2<-omNode-1#6476:FAIL-t9,INCONSISTENCY,nextIndex=19,followerCommit=18
2022-03-14 12:23:12,011 [grpc-default-executor-7] INFO  leader.FollowerInfo (FollowerInfoImpl.java:lambda$new$0(47)) - omNode-2@group-523986131536->omNode-1: nextIndex: updateUnconditionally 34 -> 19
2022-03-14 12:23:12,513 [grpc-default-executor-9] INFO  server.RaftServer$Division (RaftServerImpl.java:checkInconsistentAppendEntries(1322)) - omNode-1@group-523986131536: Failed appendEntries as previous log entry ((t:9, i:33)) is not found
2022-03-14 12:23:12,513 [grpc-default-executor-9] INFO  server.RaftServer$Division (RaftServerImpl.java:checkInconsistentAppendEntries(1288)) - omNode-1@group-523986131536: inconsistency entries. Reply:omNode-2<-omNode-1#6527:FAIL-t9,INCONSISTENCY,nextIndex=19,followerCommit=18
2022-03-14 12:23:12,513 [grpc-default-executor-9] INFO  leader.FollowerInfo (FollowerInfoImpl.java:lambda$new$0(47)) - omNode-2@group-523986131536->omNode-1: nextIndex: updateUnconditionally 34 -> 19
2022-03-14 12:23:13,015 [grpc-default-executor-9] INFO  server.RaftServer$Division (RaftServerImpl.java:checkInconsistentAppendEntries(1322)) - omNode-1@group-523986131536: Failed appendEntries as previous log entry ((t:9, i:33)) is not found
2022-03-14 12:23:13,015 [grpc-default-executor-9] INFO  server.RaftServer$Division (RaftServerImpl.java:checkInconsistentAppendEntries(1288)) - omNode-1@group-523986131536: inconsistency entries. Reply:omNode-2<-omNode-1#6578:FAIL-t9,INCONSISTENCY,nextIndex=19,followerCommit=18
2022-03-14 12:23:13,015 [grpc-default-executor-9] INFO  leader.FollowerInfo (FollowerInfoImpl.java:lambda$new$0(47)) - omNode-2@group-523986131536->omNode-1: nextIndex: updateUnconditionally 34 -> 19
2022-03-14 12:23:13,517 [grpc-default-executor-9] INFO  server.RaftServer$Division (RaftServerImpl.java:checkInconsistentAppendEntries(1322)) - omNode-1@group-523986131536: Failed appendEntries as previous log entry ((t:9, i:33)) is not found
2022-03-14 12:23:13,517 [grpc-default-executor-9] INFO  server.RaftServer$Division (RaftServerImpl.java:checkInconsistentAppendEntries(1288)) - omNode-1@group-523986131536: inconsistency entries. Reply:omNode-2<-omNode-1#6629:FAIL-t9,INCONSISTENCY,nextIndex=19,followerCommit=18
2022-03-14 12:23:13,517 [grpc-default-executor-9] INFO  leader.FollowerInfo (FollowerInfoImpl.java:lambda$new$0(47)) - omNode-2@group-523986131536->omNode-1: nextIndex: updateUnconditionally 34 -> 19
2022-03-14 12:23:14,019 [grpc-default-executor-9] INFO  server.RaftServer$Division (RaftServerImpl.java:checkInconsistentAppendEntries(1322)) - omNode-1@group-523986131536: Failed appendEntries as previous log entry ((t:9, i:33)) is not found
2022-03-14 12:23:14,019 [grpc-default-executor-9] INFO  server.RaftServer$Division (RaftServerImpl.java:checkInconsistentAppendEntries(1288)) - omNode-1@group-523986131536: inconsistency entries. Reply:omNode-2<-omNode-1#6680:FAIL-t9,INCONSISTENCY,nextIndex=19,followerCommit=18
2022-03-14 12:23:14,020 [grpc-default-executor-9] INFO  leader.FollowerInfo (FollowerInfoImpl.java:lambda$new$0(47)) - omNode-2@group-523986131536->omNode-1: nextIndex: updateUnconditionally 34 -> 19
2022-03-14 12:23:14,521 [grpc-default-executor-9] INFO  server.RaftServer$Division (RaftServerImpl.java:checkInconsistentAppendEntries(1322)) - omNode-1@group-523986131536: Failed appendEntries as previous log entry ((t:9, i:33)) is not found
2022-03-14 12:23:14,522 [grpc-default-executor-9] INFO  server.RaftServer$Division (RaftServerImpl.java:checkInconsistentAppendEntries(1288)) - omNode-1@group-523986131536: inconsistency entries. Reply:omNode-2<-omNode-1#6731:FAIL-t9,INCONSISTENCY,nextIndex=19,followerCommit=18
2022-03-14 12:23:14,522 [grpc-default-executor-9] INFO  leader.FollowerInfo (FollowerInfoImpl.java:lambda$new$0(47)) - omNode-2@group-523986131536->omNode-1: nextIndex: updateUnconditionally 34 -> 19
2022-03-14 12:23:15,024 [grpc-default-executor-7] INFO  server.RaftServer$Division (RaftServerImpl.java:checkInconsistentAppendEntries(1322)) - omNode-1@group-523986131536: Failed appendEntries as previous log entry ((t:9, i:33)) is not found
2022-03-14 12:23:15,024 [grpc-default-executor-7] INFO  server.RaftServer$Division (RaftServerImpl.java:checkInconsistentAppendEntries(1288)) - omNode-1@group-523986131536: inconsistency entries. Reply:omNode-2<-omNode-1#6782:FAIL-t9,INCONSISTENCY,nextIndex=19,followerCommit=18
2022-03-14 12:23:15,024 [grpc-default-executor-7] INFO  leader.FollowerInfo (FollowerInfoImpl.java:lambda$new$0(47)) - omNode-2@group-523986131536->omNode-1: nextIndex: updateUnconditionally 34 -> 19
2022-03-14 12:23:15,526 [grpc-default-executor-9] INFO  server.RaftServer$Division (RaftServerImpl.java:checkInconsistentAppendEntries(1322)) - omNode-1@group-523986131536: Failed appendEntries as previous log entry ((t:9, i:33)) is not found
2022-03-14 12:23:15,526 [grpc-default-executor-9] INFO  server.RaftServer$Division (RaftServerImpl.java:checkInconsistentAppendEntries(1288)) - omNode-1@group-523986131536: inconsistency entries. Reply:omNode-2<-omNode-1#6833:FAIL-t9,INCONSISTENCY,nextIndex=19,followerCommit=18
2022-03-14 12:23:15,526 [grpc-default-executor-9] INFO  leader.FollowerInfo (FollowerInfoImpl.java:lambda$new$0(47)) - omNode-2@group-523986131536->omNode-1: nextIndex: updateUnconditionally 34 -> 19
2022-03-14 12:23:16,029 [grpc-default-executor-9] INFO  server.RaftServer$Division (RaftServerImpl.java:checkInconsistentAppendEntries(1322)) - omNode-1@group-523986131536: Failed appendEntries as previous log entry ((t:9, i:33)) is not found
2022-03-14 12:23:16,029 [grpc-default-executor-9] INFO  server.RaftServer$Division (RaftServerImpl.java:checkInconsistentAppendEntries(1288)) - omNode-1@group-523986131536: inconsistency entries. Reply:omNode-2<-omNode-1#6884:FAIL-t9,INCONSISTENCY,nextIndex=19,followerCommit=18
2022-03-14 12:23:16,029 [grpc-default-executor-9] INFO  leader.FollowerInfo (FollowerInfoImpl.java:lambda$new$0(47)) - omNode-2@group-523986131536->omNode-1: nextIndex: updateUnconditionally 34 -> 19
2022-03-14 12:23:16,530 [grpc-default-executor-9] INFO  server.RaftServer$Division (RaftServerImpl.java:checkInconsistentAppendEntries(1322)) - omNode-1@group-523986131536: Failed appendEntries as previous log entry ((t:9, i:33)) is not found
2022-03-14 12:23:16,531 [grpc-default-executor-9] INFO  server.RaftServer$Division (RaftServerImpl.java:checkInconsistentAppendEntries(1288)) - omNode-1@group-523986131536: inconsistency entries. Reply:omNode-2<-omNode-1#6935:FAIL-t9,INCONSISTENCY,nextIndex=19,followerCommit=18
2022-03-14 12:23:16,531 [grpc-default-executor-9] INFO  leader.FollowerInfo (FollowerInfoImpl.java:lambda$new$0(47)) - omNode-2@group-523986131536->omNode-1: nextIndex: updateUnconditionally 34 -> 19
2022-03-14 12:23:17,032 [grpc-default-executor-9] INFO  server.RaftServer$Division (RaftServerImpl.java:checkInconsistentAppendEntries(1322)) - omNode-1@group-523986131536: Failed appendEntries as previous log entry ((t:9, i:33)) is not found
2022-03-14 12:23:17,033 [grpc-default-executor-9] INFO  server.RaftServer$Division (RaftServerImpl.java:checkInconsistentAppendEntries(1288)) - omNode-1@group-523986131536: inconsistency entries. Reply:omNode-2<-omNode-1#6986:FAIL-t9,INCONSISTENCY,nextIndex=19,followerCommit=18
2022-03-14 12:23:17,033 [grpc-default-executor-9] INFO  leader.FollowerInfo (FollowerInfoImpl.java:lambda$new$0(47)) - omNode-2@group-523986131536->omNode-1: nextIndex: updateUnconditionally 34 -> 19
2022-03-14 12:23:17,534 [grpc-default-executor-9] INFO  server.RaftServer$Division (RaftServerImpl.java:checkInconsistentAppendEntries(1322)) - omNode-1@group-523986131536: Failed appendEntries as previous log entry ((t:9, i:33)) is not found
2022-03-14 12:23:17,535 [grpc-default-executor-9] INFO  server.RaftServer$Division (RaftServerImpl.java:checkInconsistentAppendEntries(1288)) - omNode-1@group-523986131536: inconsistency entries. Reply:omNode-2<-omNode-1#7037:FAIL-t9,INCONSISTENCY,nextIndex=19,followerCommit=18
2022-03-14 12:23:17,535 [grpc-default-executor-9] INFO  leader.FollowerInfo (FollowerInfoImpl.java:lambda$new$0(47)) - omNode-2@group-523986131536->omNode-1: nextIndex: updateUnconditionally 34 -> 19
2022-03-14 12:23:18,037 [grpc-default-executor-7] INFO  server.RaftServer$Division (RaftServerImpl.java:checkInconsistentAppendEntries(1322)) - omNode-1@group-523986131536: Failed appendEntries as previous log entry ((t:9, i:33)) is not found
2022-03-14 12:23:18,037 [grpc-default-executor-7] INFO  server.RaftServer$Division (RaftServerImpl.java:checkInconsistentAppendEntries(1288)) - omNode-1@group-523986131536: inconsistency entries. Reply:omNode-2<-omNode-1#7088:FAIL-t9,INCONSISTENCY,nextIndex=19,followerCommit=18
2022-03-14 12:23:18,037 [grpc-default-executor-7] INFO  leader.FollowerInfo (FollowerInfoImpl.java:lambda$new$0(47)) - omNode-2@group-523986131536->omNode-1: nextIndex: updateUnconditionally 34 -> 19
2022-03-14 12:23:18,539 [grpc-default-executor-7] INFO  server.RaftServer$Division (RaftServerImpl.java:checkInconsistentAppendEntries(1322)) - omNode-1@group-523986131536: Failed appendEntries as previous log entry ((t:9, i:33)) is not found
2022-03-14 12:23:18,539 [grpc-default-executor-7] INFO  server.RaftServer$Division (RaftServerImpl.java:checkInconsistentAppendEntries(1288)) - omNode-1@group-523986131536: inconsistency entries. Reply:omNode-2<-omNode-1#7139:FAIL-t9,INCONSISTENCY,nextIndex=19,followerCommit=18
2022-03-14 12:23:18,539 [grpc-default-executor-7] INFO  leader.FollowerInfo (FollowerInfoImpl.java:lambda$new$0(47)) - omNode-2@group-523986131536->omNode-1: nextIndex: updateUnconditionally 34 -> 19
2022-03-14 12:23:19,040 [grpc-default-executor-7] INFO  server.RaftServer$Division (RaftServerImpl.java:checkInconsistentAppendEntries(1322)) - omNode-1@group-523986131536: Failed appendEntries as previous log entry ((t:9, i:33)) is not found
2022-03-14 12:23:19,041 [grpc-default-executor-7] INFO  server.RaftServer$Division (RaftServerImpl.java:checkInconsistentAppendEntries(1288)) - omNode-1@group-523986131536: inconsistency entries. Reply:omNode-2<-omNode-1#7190:FAIL-t9,INCONSISTENCY,nextIndex=19,followerCommit=18
2022-03-14 12:23:19,041 [grpc-default-executor-7] INFO  leader.FollowerInfo (FollowerInfoImpl.java:lambda$new$0(47)) - omNode-2@group-523986131536->omNode-1: nextIndex: updateUnconditionally 34 -> 19
2022-03-14 12:23:19,543 [grpc-default-executor-7] INFO  server.RaftServer$Division (RaftServerImpl.java:checkInconsistentAppendEntries(1322)) - omNode-1@group-523986131536: Failed appendEntries as previous log entry ((t:9, i:33)) is not found
2022-03-14 12:23:19,543 [grpc-default-executor-7] INFO  server.RaftServer$Division (RaftServerImpl.java:checkInconsistentAppendEntries(1288)) - omNode-1@group-523986131536: inconsistency entries. Reply:omNode-2<-omNode-1#7241:FAIL-t9,INCONSISTENCY,nextIndex=19,followerCommit=18
2022-03-14 12:23:19,544 [grpc-default-executor-7] INFO  leader.FollowerInfo (FollowerInfoImpl.java:lambda$new$0(47)) - omNode-2@group-523986131536->omNode-1: nextIndex: updateUnconditionally 34 -> 19
2022-03-14 12:23:20,046 [grpc-default-executor-7] INFO  server.RaftServer$Division (RaftServerImpl.java:checkInconsistentAppendEntries(1322)) - omNode-1@group-523986131536: Failed appendEntries as previous log entry ((t:9, i:33)) is not found
2022-03-14 12:23:20,046 [grpc-default-executor-7] INFO  server.RaftServer$Division (RaftServerImpl.java:checkInconsistentAppendEntries(1288)) - omNode-1@group-523986131536: inconsistency entries. Reply:omNode-2<-omNode-1#7292:FAIL-t9,INCONSISTENCY,nextIndex=19,followerCommit=18
2022-03-14 12:23:20,047 [grpc-default-executor-7] INFO  leader.FollowerInfo (FollowerInfoImpl.java:lambda$new$0(47)) - omNode-2@group-523986131536->omNode-1: nextIndex: updateUnconditionally 34 -> 19
2022-03-14 12:23:20,549 [grpc-default-executor-9] INFO  server.RaftServer$Division (RaftServerImpl.java:checkInconsistentAppendEntries(1322)) - omNode-1@group-523986131536: Failed appendEntries as previous log entry ((t:9, i:33)) is not found
2022-03-14 12:23:20,550 [grpc-default-executor-9] INFO  server.RaftServer$Division (RaftServerImpl.java:checkInconsistentAppendEntries(1288)) - omNode-1@group-523986131536: inconsistency entries. Reply:omNode-2<-omNode-1#7343:FAIL-t9,INCONSISTENCY,nextIndex=19,followerCommit=18
2022-03-14 12:23:20,551 [grpc-default-executor-9] INFO  leader.FollowerInfo (FollowerInfoImpl.java:lambda$new$0(47)) - omNode-2@group-523986131536->omNode-1: nextIndex: updateUnconditionally 34 -> 19
2022-03-14 12:23:21,053 [grpc-default-executor-9] INFO  server.RaftServer$Division (RaftServerImpl.java:checkInconsistentAppendEntries(1322)) - omNode-1@group-523986131536: Failed appendEntries as previous log entry ((t:9, i:33)) is not found
2022-03-14 12:23:21,053 [grpc-default-executor-9] INFO  server.RaftServer$Division (RaftServerImpl.java:checkInconsistentAppendEntries(1288)) - omNode-1@group-523986131536: inconsistency entries. Reply:omNode-2<-omNode-1#7394:FAIL-t9,INCONSISTENCY,nextIndex=19,followerCommit=18
2022-03-14 12:23:21,054 [grpc-default-executor-9] INFO  leader.FollowerInfo (FollowerInfoImpl.java:lambda$new$0(47)) - omNode-2@group-523986131536->omNode-1: nextIndex: updateUnconditionally 34 -> 19
2022-03-14 12:23:21,555 [grpc-default-executor-9] INFO  server.RaftServer$Division (RaftServerImpl.java:checkInconsistentAppendEntries(1322)) - omNode-1@group-523986131536: Failed appendEntries as previous log entry ((t:9, i:33)) is not found
2022-03-14 12:23:21,555 [grpc-default-executor-9] INFO  server.RaftServer$Division (RaftServerImpl.java:checkInconsistentAppendEntries(1288)) - omNode-1@group-523986131536: inconsistency entries. Reply:omNode-2<-omNode-1#7445:FAIL-t9,INCONSISTENCY,nextIndex=19,followerCommit=18
2022-03-14 12:23:21,555 [grpc-default-executor-9] INFO  leader.FollowerInfo (FollowerInfoImpl.java:lambda$new$0(47)) - omNode-2@group-523986131536->omNode-1: nextIndex: updateUnconditionally 34 -> 19
2022-03-14 12:23:22,057 [grpc-default-executor-9] INFO  server.RaftServer$Division (RaftServerImpl.java:checkInconsistentAppendEntries(1322)) - omNode-1@group-523986131536: Failed appendEntries as previous log entry ((t:9, i:33)) is not found
2022-03-14 12:23:22,057 [grpc-default-executor-9] INFO  server.RaftServer$Division (RaftServerImpl.java:checkInconsistentAppendEntries(1288)) - omNode-1@group-523986131536: inconsistency entries. Reply:omNode-2<-omNode-1#7496:FAIL-t9,INCONSISTENCY,nextIndex=19,followerCommit=18
2022-03-14 12:23:22,057 [grpc-default-executor-9] INFO  leader.FollowerInfo (FollowerInfoImpl.java:lambda$new$0(47)) - omNode-2@group-523986131536->omNode-1: nextIndex: updateUnconditionally 34 -> 19
2022-03-14 12:23:22,559 [grpc-default-executor-9] INFO  server.RaftServer$Division (RaftServerImpl.java:checkInconsistentAppendEntries(1322)) - omNode-1@group-523986131536: Failed appendEntries as previous log entry ((t:9, i:33)) is not found
2022-03-14 12:23:22,559 [grpc-default-executor-9] INFO  server.RaftServer$Division (RaftServerImpl.java:checkInconsistentAppendEntries(1288)) - omNode-1@group-523986131536: inconsistency entries. Reply:omNode-2<-omNode-1#7547:FAIL-t9,INCONSISTENCY,nextIndex=19,followerCommit=18
2022-03-14 12:23:22,559 [grpc-default-executor-9] INFO  leader.FollowerInfo (FollowerInfoImpl.java:lambda$new$0(47)) - omNode-2@group-523986131536->omNode-1: nextIndex: updateUnconditionally 34 -> 19
2022-03-14 12:23:23,061 [grpc-default-executor-9] INFO  server.RaftServer$Division (RaftServerImpl.java:checkInconsistentAppendEntries(1322)) - omNode-1@group-523986131536: Failed appendEntries as previous log entry ((t:9, i:33)) is not found
2022-03-14 12:23:23,062 [grpc-default-executor-9] INFO  server.RaftServer$Division (RaftServerImpl.java:checkInconsistentAppendEntries(1288)) - omNode-1@group-523986131536: inconsistency entries. Reply:omNode-2<-omNode-1#7598:FAIL-t9,INCONSISTENCY,nextIndex=19,followerCommit=18
2022-03-14 12:23:23,062 [grpc-default-executor-9] INFO  leader.FollowerInfo (FollowerInfoImpl.java:lambda$new$0(47)) - omNode-2@group-523986131536->omNode-1: nextIndex: updateUnconditionally 34 -> 19
2022-03-14 12:23:23,564 [grpc-default-executor-9] INFO  server.RaftServer$Division (RaftServerImpl.java:checkInconsistentAppendEntries(1322)) - omNode-1@group-523986131536: Failed appendEntries as previous log entry ((t:9, i:33)) is not found
2022-03-14 12:23:23,564 [grpc-default-executor-9] INFO  server.RaftServer$Division (RaftServerImpl.java:checkInconsistentAppendEntries(1288)) - omNode-1@group-523986131536: inconsistency entries. Reply:omNode-2<-omNode-1#7649:FAIL-t9,INCONSISTENCY,nextIndex=19,followerCommit=18
2022-03-14 12:23:23,564 [grpc-default-executor-9] INFO  leader.FollowerInfo (FollowerInfoImpl.java:lambda$new$0(47)) - omNode-2@group-523986131536->omNode-1: nextIndex: updateUnconditionally 34 -> 19
2022-03-14 12:23:24,066 [grpc-default-executor-9] INFO  server.RaftServer$Division (RaftServerImpl.java:checkInconsistentAppendEntries(1322)) - omNode-1@group-523986131536: Failed appendEntries as previous log entry ((t:9, i:33)) is not found
2022-03-14 12:23:24,066 [grpc-default-executor-9] INFO  server.RaftServer$Division (RaftServerImpl.java:checkInconsistentAppendEntries(1288)) - omNode-1@group-523986131536: inconsistency entries. Reply:omNode-2<-omNode-1#7700:FAIL-t9,INCONSISTENCY,nextIndex=19,followerCommit=18
2022-03-14 12:23:24,067 [grpc-default-executor-9] INFO  leader.FollowerInfo (FollowerInfoImpl.java:lambda$new$0(47)) - omNode-2@group-523986131536->omNode-1: nextIndex: updateUnconditionally 34 -> 19
2022-03-14 12:23:24,568 [grpc-default-executor-9] INFO  server.RaftServer$Division (RaftServerImpl.java:checkInconsistentAppendEntries(1322)) - omNode-1@group-523986131536: Failed appendEntries as previous log entry ((t:9, i:33)) is not found
2022-03-14 12:23:24,569 [grpc-default-executor-9] INFO  server.RaftServer$Division (RaftServerImpl.java:checkInconsistentAppendEntries(1288)) - omNode-1@group-523986131536: inconsistency entries. Reply:omNode-2<-omNode-1#7751:FAIL-t9,INCONSISTENCY,nextIndex=19,followerCommit=18
2022-03-14 12:23:24,569 [grpc-default-executor-9] INFO  leader.FollowerInfo (FollowerInfoImpl.java:lambda$new$0(47)) - omNode-2@group-523986131536->omNode-1: nextIndex: updateUnconditionally 34 -> 19
2022-03-14 12:23:25,070 [grpc-default-executor-9] INFO  server.RaftServer$Division (RaftServerImpl.java:checkInconsistentAppendEntries(1322)) - omNode-1@group-523986131536: Failed appendEntries as previous log entry ((t:9, i:33)) is not found
2022-03-14 12:23:25,071 [grpc-default-executor-9] INFO  server.RaftServer$Division (RaftServerImpl.java:checkInconsistentAppendEntries(1288)) - omNode-1@group-523986131536: inconsistency entries. Reply:omNode-2<-omNode-1#7802:FAIL-t9,INCONSISTENCY,nextIndex=19,followerCommit=18
2022-03-14 12:23:25,071 [grpc-default-executor-9] INFO  leader.FollowerInfo (FollowerInfoImpl.java:lambda$new$0(47)) - omNode-2@group-523986131536->omNode-1: nextIndex: updateUnconditionally 34 -> 19
2022-03-14 12:23:25,573 [grpc-default-executor-7] INFO  server.RaftServer$Division (RaftServerImpl.java:checkInconsistentAppendEntries(1322)) - omNode-1@group-523986131536: Failed appendEntries as previous log entry ((t:9, i:33)) is not found
2022-03-14 12:23:25,573 [grpc-default-executor-7] INFO  server.RaftServer$Division (RaftServerImpl.java:checkInconsistentAppendEntries(1288)) - omNode-1@group-523986131536: inconsistency entries. Reply:omNode-2<-omNode-1#7853:FAIL-t9,INCONSISTENCY,nextIndex=19,followerCommit=18
2022-03-14 12:23:25,573 [grpc-default-executor-7] INFO  leader.FollowerInfo (FollowerInfoImpl.java:lambda$new$0(47)) - omNode-2@group-523986131536->omNode-1: nextIndex: updateUnconditionally 34 -> 19
2022-03-14 12:23:26,075 [grpc-default-executor-7] INFO  server.RaftServer$Division (RaftServerImpl.java:checkInconsistentAppendEntries(1322)) - omNode-1@group-523986131536: Failed appendEntries as previous log entry ((t:9, i:33)) is not found
2022-03-14 12:23:26,075 [grpc-default-executor-7] INFO  server.RaftServer$Division (RaftServerImpl.java:checkInconsistentAppendEntries(1288)) - omNode-1@group-523986131536: inconsistency entries. Reply:omNode-2<-omNode-1#7904:FAIL-t9,INCONSISTENCY,nextIndex=19,followerCommit=18
2022-03-14 12:23:26,075 [grpc-default-executor-7] INFO  leader.FollowerInfo (FollowerInfoImpl.java:lambda$new$0(47)) - omNode-2@group-523986131536->omNode-1: nextIndex: updateUnconditionally 34 -> 19
2022-03-14 12:23:26,577 [grpc-default-executor-7] INFO  server.RaftServer$Division (RaftServerImpl.java:checkInconsistentAppendEntries(1322)) - omNode-1@group-523986131536: Failed appendEntries as previous log entry ((t:9, i:33)) is not found
2022-03-14 12:23:26,577 [grpc-default-executor-7] INFO  server.RaftServer$Division (RaftServerImpl.java:checkInconsistentAppendEntries(1288)) - omNode-1@group-523986131536: inconsistency entries. Reply:omNode-2<-omNode-1#7955:FAIL-t9,INCONSISTENCY,nextIndex=19,followerCommit=18
2022-03-14 12:23:26,578 [grpc-default-executor-7] INFO  leader.FollowerInfo (FollowerInfoImpl.java:lambda$new$0(47)) - omNode-2@group-523986131536->omNode-1: nextIndex: updateUnconditionally 34 -> 19
2022-03-14 12:23:27,079 [grpc-default-executor-7] INFO  server.RaftServer$Division (RaftServerImpl.java:checkInconsistentAppendEntries(1322)) - omNode-1@group-523986131536: Failed appendEntries as previous log entry ((t:9, i:33)) is not found
2022-03-14 12:23:27,079 [grpc-default-executor-7] INFO  server.RaftServer$Division (RaftServerImpl.java:checkInconsistentAppendEntries(1288)) - omNode-1@group-523986131536: inconsistency entries. Reply:omNode-2<-omNode-1#8006:FAIL-t9,INCONSISTENCY,nextIndex=19,followerCommit=18
2022-03-14 12:23:27,079 [grpc-default-executor-7] INFO  leader.FollowerInfo (FollowerInfoImpl.java:lambda$new$0(47)) - omNode-2@group-523986131536->omNode-1: nextIndex: updateUnconditionally 34 -> 19
2022-03-14 12:23:27,581 [grpc-default-executor-9] INFO  server.RaftServer$Division (RaftServerImpl.java:checkInconsistentAppendEntries(1322)) - omNode-1@group-523986131536: Failed appendEntries as previous log entry ((t:9, i:33)) is not found
2022-03-14 12:23:27,581 [grpc-default-executor-9] INFO  server.RaftServer$Division (RaftServerImpl.java:checkInconsistentAppendEntries(1288)) - omNode-1@group-523986131536: inconsistency entries. Reply:omNode-2<-omNode-1#8057:FAIL-t9,INCONSISTENCY,nextIndex=19,followerCommit=18
2022-03-14 12:23:27,581 [grpc-default-executor-9] INFO  leader.FollowerInfo (FollowerInfoImpl.java:lambda$new$0(47)) - omNode-2@group-523986131536->omNode-1: nextIndex: updateUnconditionally 34 -> 19
2022-03-14 12:23:28,082 [grpc-default-executor-7] INFO  server.RaftServer$Division (RaftServerImpl.java:checkInconsistentAppendEntries(1322)) - omNode-1@group-523986131536: Failed appendEntries as previous log entry ((t:9, i:33)) is not found
2022-03-14 12:23:28,083 [grpc-default-executor-7] INFO  server.RaftServer$Division (RaftServerImpl.java:checkInconsistentAppendEntries(1288)) - omNode-1@group-523986131536: inconsistency entries. Reply:omNode-2<-omNode-1#8108:FAIL-t9,INCONSISTENCY,nextIndex=19,followerCommit=18
2022-03-14 12:23:28,083 [grpc-default-executor-7] INFO  leader.FollowerInfo (FollowerInfoImpl.java:lambda$new$0(47)) - omNode-2@group-523986131536->omNode-1: nextIndex: updateUnconditionally 34 -> 19
2022-03-14 12:23:28,585 [grpc-default-executor-7] INFO  server.RaftServer$Division (RaftServerImpl.java:checkInconsistentAppendEntries(1322)) - omNode-1@group-523986131536: Failed appendEntries as previous log entry ((t:9, i:33)) is not found
2022-03-14 12:23:28,585 [grpc-default-executor-7] INFO  server.RaftServer$Division (RaftServerImpl.java:checkInconsistentAppendEntries(1288)) - omNode-1@group-523986131536: inconsistency entries. Reply:omNode-2<-omNode-1#8159:FAIL-t9,INCONSISTENCY,nextIndex=19,followerCommit=18
2022-03-14 12:23:28,585 [grpc-default-executor-7] INFO  leader.FollowerInfo (FollowerInfoImpl.java:lambda$new$0(47)) - omNode-2@group-523986131536->omNode-1: nextIndex: updateUnconditionally 34 -> 19
2022-03-14 12:23:29,087 [grpc-default-executor-7] INFO  server.RaftServer$Division (RaftServerImpl.java:checkInconsistentAppendEntries(1322)) - omNode-1@group-523986131536: Failed appendEntries as previous log entry ((t:9, i:33)) is not found
2022-03-14 12:23:29,087 [grpc-default-executor-7] INFO  server.RaftServer$Division (RaftServerImpl.java:checkInconsistentAppendEntries(1288)) - omNode-1@group-523986131536: inconsistency entries. Reply:omNode-2<-omNode-1#8210:FAIL-t9,INCONSISTENCY,nextIndex=19,followerCommit=18
2022-03-14 12:23:29,087 [grpc-default-executor-7] INFO  leader.FollowerInfo (FollowerInfoImpl.java:lambda$new$0(47)) - omNode-2@group-523986131536->omNode-1: nextIndex: updateUnconditionally 34 -> 19
2022-03-14 12:23:29,589 [grpc-default-executor-7] INFO  server.RaftServer$Division (RaftServerImpl.java:checkInconsistentAppendEntries(1322)) - omNode-1@group-523986131536: Failed appendEntries as previous log entry ((t:9, i:33)) is not found
2022-03-14 12:23:29,589 [grpc-default-executor-7] INFO  server.RaftServer$Division (RaftServerImpl.java:checkInconsistentAppendEntries(1288)) - omNode-1@group-523986131536: inconsistency entries. Reply:omNode-2<-omNode-1#8261:FAIL-t9,INCONSISTENCY,nextIndex=19,followerCommit=18
2022-03-14 12:23:29,589 [grpc-default-executor-7] INFO  leader.FollowerInfo (FollowerInfoImpl.java:lambda$new$0(47)) - omNode-2@group-523986131536->omNode-1: nextIndex: updateUnconditionally 34 -> 19
2022-03-14 12:23:30,091 [grpc-default-executor-7] INFO  server.RaftServer$Division (RaftServerImpl.java:checkInconsistentAppendEntries(1322)) - omNode-1@group-523986131536: Failed appendEntries as previous log entry ((t:9, i:33)) is not found
2022-03-14 12:23:30,091 [grpc-default-executor-7] INFO  server.RaftServer$Division (RaftServerImpl.java:checkInconsistentAppendEntries(1288)) - omNode-1@group-523986131536: inconsistency entries. Reply:omNode-2<-omNode-1#8312:FAIL-t9,INCONSISTENCY,nextIndex=19,followerCommit=18
2022-03-14 12:23:30,091 [grpc-default-executor-7] INFO  leader.FollowerInfo (FollowerInfoImpl.java:lambda$new$0(47)) - omNode-2@group-523986131536->omNode-1: nextIndex: updateUnconditionally 34 -> 19
2022-03-14 12:23:30,593 [grpc-default-executor-9] INFO  server.RaftServer$Division (RaftServerImpl.java:checkInconsistentAppendEntries(1322)) - omNode-1@group-523986131536: Failed appendEntries as previous log entry ((t:9, i:33)) is not found
2022-03-14 12:23:30,593 [grpc-default-executor-9] INFO  server.RaftServer$Division (RaftServerImpl.java:checkInconsistentAppendEntries(1288)) - omNode-1@group-523986131536: inconsistency entries. Reply:omNode-2<-omNode-1#8363:FAIL-t9,INCONSISTENCY,nextIndex=19,followerCommit=18
2022-03-14 12:23:30,593 [grpc-default-executor-9] INFO  leader.FollowerInfo (FollowerInfoImpl.java:lambda$new$0(47)) - omNode-2@group-523986131536->omNode-1: nextIndex: updateUnconditionally 34 -> 19
2022-03-14 12:23:31,095 [grpc-default-executor-9] INFO  server.RaftServer$Division (RaftServerImpl.java:checkInconsistentAppendEntries(1322)) - omNode-1@group-523986131536: Failed appendEntries as previous log entry ((t:9, i:33)) is not found
2022-03-14 12:23:31,095 [grpc-default-executor-9] INFO  server.RaftServer$Division (RaftServerImpl.java:checkInconsistentAppendEntries(1288)) - omNode-1@group-523986131536: inconsistency entries. Reply:omNode-2<-omNode-1#8414:FAIL-t9,INCONSISTENCY,nextIndex=19,followerCommit=18
2022-03-14 12:23:31,096 [grpc-default-executor-9] INFO  leader.FollowerInfo (FollowerInfoImpl.java:lambda$new$0(47)) - omNode-2@group-523986131536->omNode-1: nextIndex: updateUnconditionally 34 -> 19
2022-03-14 12:23:31,597 [grpc-default-executor-9] INFO  server.RaftServer$Division (RaftServerImpl.java:checkInconsistentAppendEntries(1322)) - omNode-1@group-523986131536: Failed appendEntries as previous log entry ((t:9, i:33)) is not found
2022-03-14 12:23:31,597 [grpc-default-executor-9] INFO  server.RaftServer$Division (RaftServerImpl.java:checkInconsistentAppendEntries(1288)) - omNode-1@group-523986131536: inconsistency entries. Reply:omNode-2<-omNode-1#8465:FAIL-t9,INCONSISTENCY,nextIndex=19,followerCommit=18
2022-03-14 12:23:31,597 [grpc-default-executor-9] INFO  leader.FollowerInfo (FollowerInfoImpl.java:lambda$new$0(47)) - omNode-2@group-523986131536->omNode-1: nextIndex: updateUnconditionally 34 -> 19
2022-03-14 12:23:32,099 [grpc-default-executor-9] INFO  server.RaftServer$Division (RaftServerImpl.java:checkInconsistentAppendEntries(1322)) - omNode-1@group-523986131536: Failed appendEntries as previous log entry ((t:9, i:33)) is not found
2022-03-14 12:23:32,099 [grpc-default-executor-9] INFO  server.RaftServer$Division (RaftServerImpl.java:checkInconsistentAppendEntries(1288)) - omNode-1@group-523986131536: inconsistency entries. Reply:omNode-2<-omNode-1#8516:FAIL-t9,INCONSISTENCY,nextIndex=19,followerCommit=18
2022-03-14 12:23:32,099 [grpc-default-executor-9] INFO  leader.FollowerInfo (FollowerInfoImpl.java:lambda$new$0(47)) - omNode-2@group-523986131536->omNode-1: nextIndex: updateUnconditionally 34 -> 19
2022-03-14 12:23:32,601 [grpc-default-executor-9] INFO  server.RaftServer$Division (RaftServerImpl.java:checkInconsistentAppendEntries(1322)) - omNode-1@group-523986131536: Failed appendEntries as previous log entry ((t:9, i:33)) is not found
2022-03-14 12:23:32,601 [grpc-default-executor-9] INFO  server.RaftServer$Division (RaftServerImpl.java:checkInconsistentAppendEntries(1288)) - omNode-1@group-523986131536: inconsistency entries. Reply:omNode-2<-omNode-1#8567:FAIL-t9,INCONSISTENCY,nextIndex=19,followerCommit=18
2022-03-14 12:23:32,601 [grpc-default-executor-9] INFO  leader.FollowerInfo (FollowerInfoImpl.java:lambda$new$0(47)) - omNode-2@group-523986131536->omNode-1: nextIndex: updateUnconditionally 34 -> 19
2022-03-14 12:23:33,103 [grpc-default-executor-7] INFO  server.RaftServer$Division (RaftServerImpl.java:checkInconsistentAppendEntries(1322)) - omNode-1@group-523986131536: Failed appendEntries as previous log entry ((t:9, i:33)) is not found
2022-03-14 12:23:33,103 [grpc-default-executor-7] INFO  server.RaftServer$Division (RaftServerImpl.java:checkInconsistentAppendEntries(1288)) - omNode-1@group-523986131536: inconsistency entries. Reply:omNode-2<-omNode-1#8618:FAIL-t9,INCONSISTENCY,nextIndex=19,followerCommit=18
2022-03-14 12:23:33,103 [grpc-default-executor-7] INFO  leader.FollowerInfo (FollowerInfoImpl.java:lambda$new$0(47)) - omNode-2@group-523986131536->omNode-1: nextIndex: updateUnconditionally 34 -> 19
2022-03-14 12:23:33,604 [grpc-default-executor-7] INFO  server.RaftServer$Division (RaftServerImpl.java:checkInconsistentAppendEntries(1322)) - omNode-1@group-523986131536: Failed appendEntries as previous log entry ((t:9, i:33)) is not found
2022-03-14 12:23:33,605 [grpc-default-executor-7] INFO  server.RaftServer$Division (RaftServerImpl.java:checkInconsistentAppendEntries(1288)) - omNode-1@group-523986131536: inconsistency entries. Reply:omNode-2<-omNode-1#8669:FAIL-t9,INCONSISTENCY,nextIndex=19,followerCommit=18
2022-03-14 12:23:33,605 [grpc-default-executor-7] INFO  leader.FollowerInfo (FollowerInfoImpl.java:lambda$new$0(47)) - omNode-2@group-523986131536->omNode-1: nextIndex: updateUnconditionally 34 -> 19
2022-03-14 12:23:34,107 [grpc-default-executor-7] INFO  server.RaftServer$Division (RaftServerImpl.java:checkInconsistentAppendEntries(1322)) - omNode-1@group-523986131536: Failed appendEntries as previous log entry ((t:9, i:33)) is not found
2022-03-14 12:23:34,107 [grpc-default-executor-7] INFO  server.RaftServer$Division (RaftServerImpl.java:checkInconsistentAppendEntries(1288)) - omNode-1@group-523986131536: inconsistency entries. Reply:omNode-2<-omNode-1#8720:FAIL-t9,INCONSISTENCY,nextIndex=19,followerCommit=18
2022-03-14 12:23:34,107 [grpc-default-executor-7] INFO  leader.FollowerInfo (FollowerInfoImpl.java:lambda$new$0(47)) - omNode-2@group-523986131536->omNode-1: nextIndex: updateUnconditionally 34 -> 19
2022-03-14 12:23:34,609 [grpc-default-executor-7] INFO  server.RaftServer$Division (RaftServerImpl.java:checkInconsistentAppendEntries(1322)) - omNode-1@group-523986131536: Failed appendEntries as previous log entry ((t:9, i:33)) is not found
2022-03-14 12:23:34,609 [grpc-default-executor-7] INFO  server.RaftServer$Division (RaftServerImpl.java:checkInconsistentAppendEntries(1288)) - omNode-1@group-523986131536: inconsistency entries. Reply:omNode-2<-omNode-1#8771:FAIL-t9,INCONSISTENCY,nextIndex=19,followerCommit=18
2022-03-14 12:23:34,609 [grpc-default-executor-7] INFO  leader.FollowerInfo (FollowerInfoImpl.java:lambda$new$0(47)) - omNode-2@group-523986131536->omNode-1: nextIndex: updateUnconditionally 34 -> 19
2022-03-14 12:23:35,111 [grpc-default-executor-9] INFO  server.RaftServer$Division (RaftServerImpl.java:checkInconsistentAppendEntries(1322)) - omNode-1@group-523986131536: Failed appendEntries as previous log entry ((t:9, i:33)) is not found
2022-03-14 12:23:35,112 [grpc-default-executor-9] INFO  server.RaftServer$Division (RaftServerImpl.java:checkInconsistentAppendEntries(1288)) - omNode-1@group-523986131536: inconsistency entries. Reply:omNode-2<-omNode-1#8822:FAIL-t9,INCONSISTENCY,nextIndex=19,followerCommit=18
2022-03-14 12:23:35,112 [grpc-default-executor-9] INFO  leader.FollowerInfo (FollowerInfoImpl.java:lambda$new$0(47)) - omNode-2@group-523986131536->omNode-1: nextIndex: updateUnconditionally 34 -> 19
2022-03-14 12:23:35,614 [grpc-default-executor-9] INFO  server.RaftServer$Division (RaftServerImpl.java:checkInconsistentAppendEntries(1322)) - omNode-1@group-523986131536: Failed appendEntries as previous log entry ((t:9, i:33)) is not found
2022-03-14 12:23:35,614 [grpc-default-executor-9] INFO  server.RaftServer$Division (RaftServerImpl.java:checkInconsistentAppendEntries(1288)) - omNode-1@group-523986131536: inconsistency entries. Reply:omNode-2<-omNode-1#8873:FAIL-t9,INCONSISTENCY,nextIndex=19,followerCommit=18
2022-03-14 12:23:35,614 [grpc-default-executor-9] INFO  leader.FollowerInfo (FollowerInfoImpl.java:lambda$new$0(47)) - omNode-2@group-523986131536->omNode-1: nextIndex: updateUnconditionally 34 -> 19
2022-03-14 12:23:36,117 [grpc-default-executor-9] INFO  server.RaftServer$Division (RaftServerImpl.java:checkInconsistentAppendEntries(1322)) - omNode-1@group-523986131536: Failed appendEntries as previous log entry ((t:9, i:33)) is not found
2022-03-14 12:23:36,117 [grpc-default-executor-9] INFO  server.RaftServer$Division (RaftServerImpl.java:checkInconsistentAppendEntries(1288)) - omNode-1@group-523986131536: inconsistency entries. Reply:omNode-2<-omNode-1#8924:FAIL-t9,INCONSISTENCY,nextIndex=19,followerCommit=18
2022-03-14 12:23:36,117 [grpc-default-executor-9] INFO  leader.FollowerInfo (FollowerInfoImpl.java:lambda$new$0(47)) - omNode-2@group-523986131536->omNode-1: nextIndex: updateUnconditionally 34 -> 19
2022-03-14 12:23:36,619 [grpc-default-executor-9] INFO  server.RaftServer$Division (RaftServerImpl.java:checkInconsistentAppendEntries(1322)) - omNode-1@group-523986131536: Failed appendEntries as previous log entry ((t:9, i:33)) is not found
2022-03-14 12:23:36,619 [grpc-default-executor-9] INFO  server.RaftServer$Division (RaftServerImpl.java:checkInconsistentAppendEntries(1288)) - omNode-1@group-523986131536: inconsistency entries. Reply:omNode-2<-omNode-1#8975:FAIL-t9,INCONSISTENCY,nextIndex=19,followerCommit=18
2022-03-14 12:23:36,620 [grpc-default-executor-9] INFO  leader.FollowerInfo (FollowerInfoImpl.java:lambda$new$0(47)) - omNode-2@group-523986131536->omNode-1: nextIndex: updateUnconditionally 34 -> 19
2022-03-14 12:23:37,122 [grpc-default-executor-9] INFO  server.RaftServer$Division (RaftServerImpl.java:checkInconsistentAppendEntries(1322)) - omNode-1@group-523986131536: Failed appendEntries as previous log entry ((t:9, i:33)) is not found
2022-03-14 12:23:37,122 [grpc-default-executor-9] INFO  server.RaftServer$Division (RaftServerImpl.java:checkInconsistentAppendEntries(1288)) - omNode-1@group-523986131536: inconsistency entries. Reply:omNode-2<-omNode-1#9026:FAIL-t9,INCONSISTENCY,nextIndex=19,followerCommit=18
2022-03-14 12:23:37,122 [grpc-default-executor-9] INFO  leader.FollowerInfo (FollowerInfoImpl.java:lambda$new$0(47)) - omNode-2@group-523986131536->omNode-1: nextIndex: updateUnconditionally 34 -> 19
2022-03-14 12:23:37,624 [grpc-default-executor-7] INFO  server.RaftServer$Division (RaftServerImpl.java:checkInconsistentAppendEntries(1322)) - omNode-1@group-523986131536: Failed appendEntries as previous log entry ((t:9, i:33)) is not found
2022-03-14 12:23:37,624 [grpc-default-executor-7] INFO  server.RaftServer$Division (RaftServerImpl.java:checkInconsistentAppendEntries(1288)) - omNode-1@group-523986131536: inconsistency entries. Reply:omNode-2<-omNode-1#9077:FAIL-t9,INCONSISTENCY,nextIndex=19,followerCommit=18
2022-03-14 12:23:37,624 [grpc-default-executor-7] INFO  leader.FollowerInfo (FollowerInfoImpl.java:lambda$new$0(47)) - omNode-2@group-523986131536->omNode-1: nextIndex: updateUnconditionally 34 -> 19
2022-03-14 12:23:38,126 [grpc-default-executor-9] INFO  server.RaftServer$Division (RaftServerImpl.java:checkInconsistentAppendEntries(1322)) - omNode-1@group-523986131536: Failed appendEntries as previous log entry ((t:9, i:33)) is not found
2022-03-14 12:23:38,127 [grpc-default-executor-9] INFO  server.RaftServer$Division (RaftServerImpl.java:checkInconsistentAppendEntries(1288)) - omNode-1@group-523986131536: inconsistency entries. Reply:omNode-2<-omNode-1#9128:FAIL-t9,INCONSISTENCY,nextIndex=19,followerCommit=18
2022-03-14 12:23:38,127 [grpc-default-executor-9] INFO  leader.FollowerInfo (FollowerInfoImpl.java:lambda$new$0(47)) - omNode-2@group-523986131536->omNode-1: nextIndex: updateUnconditionally 34 -> 19
2022-03-14 12:23:38,629 [grpc-default-executor-9] INFO  server.RaftServer$Division (RaftServerImpl.java:checkInconsistentAppendEntries(1322)) - omNode-1@group-523986131536: Failed appendEntries as previous log entry ((t:9, i:33)) is not found
2022-03-14 12:23:38,629 [grpc-default-executor-9] INFO  server.RaftServer$Division (RaftServerImpl.java:checkInconsistentAppendEntries(1288)) - omNode-1@group-523986131536: inconsistency entries. Reply:omNode-2<-omNode-1#9179:FAIL-t9,INCONSISTENCY,nextIndex=19,followerCommit=18
2022-03-14 12:23:38,629 [grpc-default-executor-9] INFO  leader.FollowerInfo (FollowerInfoImpl.java:lambda$new$0(47)) - omNode-2@group-523986131536->omNode-1: nextIndex: updateUnconditionally 34 -> 19
2022-03-14 12:23:39,131 [grpc-default-executor-9] INFO  server.RaftServer$Division (RaftServerImpl.java:checkInconsistentAppendEntries(1322)) - omNode-1@group-523986131536: Failed appendEntries as previous log entry ((t:9, i:33)) is not found
2022-03-14 12:23:39,132 [grpc-default-executor-9] INFO  server.RaftServer$Division (RaftServerImpl.java:checkInconsistentAppendEntries(1288)) - omNode-1@group-523986131536: inconsistency entries. Reply:omNode-2<-omNode-1#9230:FAIL-t9,INCONSISTENCY,nextIndex=19,followerCommit=18
2022-03-14 12:23:39,132 [grpc-default-executor-9] INFO  leader.FollowerInfo (FollowerInfoImpl.java:lambda$new$0(47)) - omNode-2@group-523986131536->omNode-1: nextIndex: updateUnconditionally 34 -> 19
2022-03-14 12:23:39,634 [grpc-default-executor-9] INFO  server.RaftServer$Division (RaftServerImpl.java:checkInconsistentAppendEntries(1322)) - omNode-1@group-523986131536: Failed appendEntries as previous log entry ((t:9, i:33)) is not found
2022-03-14 12:23:39,634 [grpc-default-executor-9] INFO  server.RaftServer$Division (RaftServerImpl.java:checkInconsistentAppendEntries(1288)) - omNode-1@group-523986131536: inconsistency entries. Reply:omNode-2<-omNode-1#9281:FAIL-t9,INCONSISTENCY,nextIndex=19,followerCommit=18
2022-03-14 12:23:39,634 [grpc-default-executor-9] INFO  leader.FollowerInfo (FollowerInfoImpl.java:lambda$new$0(47)) - omNode-2@group-523986131536->omNode-1: nextIndex: updateUnconditionally 34 -> 19
2022-03-14 12:23:40,136 [grpc-default-executor-7] INFO  server.RaftServer$Division (RaftServerImpl.java:checkInconsistentAppendEntries(1322)) - omNode-1@group-523986131536: Failed appendEntries as previous log entry ((t:9, i:33)) is not found
2022-03-14 12:23:40,136 [grpc-default-executor-7] INFO  server.RaftServer$Division (RaftServerImpl.java:checkInconsistentAppendEntries(1288)) - omNode-1@group-523986131536: inconsistency entries. Reply:omNode-2<-omNode-1#9332:FAIL-t9,INCONSISTENCY,nextIndex=19,followerCommit=18
2022-03-14 12:23:40,137 [grpc-default-executor-7] INFO  leader.FollowerInfo (FollowerInfoImpl.java:lambda$new$0(47)) - omNode-2@group-523986131536->omNode-1: nextIndex: updateUnconditionally 34 -> 19
2022-03-14 12:23:40,638 [grpc-default-executor-9] INFO  server.RaftServer$Division (RaftServerImpl.java:checkInconsistentAppendEntries(1322)) - omNode-1@group-523986131536: Failed appendEntries as previous log entry ((t:9, i:33)) is not found
2022-03-14 12:23:40,639 [grpc-default-executor-9] INFO  server.RaftServer$Division (RaftServerImpl.java:checkInconsistentAppendEntries(1288)) - omNode-1@group-523986131536: inconsistency entries. Reply:omNode-2<-omNode-1#9383:FAIL-t9,INCONSISTENCY,nextIndex=19,followerCommit=18
2022-03-14 12:23:40,639 [grpc-default-executor-9] INFO  leader.FollowerInfo (FollowerInfoImpl.java:lambda$new$0(47)) - omNode-2@group-523986131536->omNode-1: nextIndex: updateUnconditionally 34 -> 19
2022-03-14 12:23:41,141 [grpc-default-executor-9] INFO  server.RaftServer$Division (RaftServerImpl.java:checkInconsistentAppendEntries(1322)) - omNode-1@group-523986131536: Failed appendEntries as previous log entry ((t:9, i:33)) is not found
2022-03-14 12:23:41,141 [grpc-default-executor-9] INFO  server.RaftServer$Division (RaftServerImpl.java:checkInconsistentAppendEntries(1288)) - omNode-1@group-523986131536: inconsistency entries. Reply:omNode-2<-omNode-1#9434:FAIL-t9,INCONSISTENCY,nextIndex=19,followerCommit=18
2022-03-14 12:23:41,141 [grpc-default-executor-9] INFO  leader.FollowerInfo (FollowerInfoImpl.java:lambda$new$0(47)) - omNode-2@group-523986131536->omNode-1: nextIndex: updateUnconditionally 34 -> 19
2022-03-14 12:23:41,643 [grpc-default-executor-9] INFO  server.RaftServer$Division (RaftServerImpl.java:checkInconsistentAppendEntries(1322)) - omNode-1@group-523986131536: Failed appendEntries as previous log entry ((t:9, i:33)) is not found
2022-03-14 12:23:41,643 [grpc-default-executor-9] INFO  server.RaftServer$Division (RaftServerImpl.java:checkInconsistentAppendEntries(1288)) - omNode-1@group-523986131536: inconsistency entries. Reply:omNode-2<-omNode-1#9485:FAIL-t9,INCONSISTENCY,nextIndex=19,followerCommit=18
2022-03-14 12:23:41,643 [grpc-default-executor-9] INFO  leader.FollowerInfo (FollowerInfoImpl.java:lambda$new$0(47)) - omNode-2@group-523986131536->omNode-1: nextIndex: updateUnconditionally 34 -> 19
2022-03-14 12:23:42,145 [grpc-default-executor-9] INFO  server.RaftServer$Division (RaftServerImpl.java:checkInconsistentAppendEntries(1322)) - omNode-1@group-523986131536: Failed appendEntries as previous log entry ((t:9, i:33)) is not found
2022-03-14 12:23:42,145 [grpc-default-executor-9] INFO  server.RaftServer$Division (RaftServerImpl.java:checkInconsistentAppendEntries(1288)) - omNode-1@group-523986131536: inconsistency entries. Reply:omNode-2<-omNode-1#9536:FAIL-t9,INCONSISTENCY,nextIndex=19,followerCommit=18
2022-03-14 12:23:42,145 [grpc-default-executor-9] INFO  leader.FollowerInfo (FollowerInfoImpl.java:lambda$new$0(47)) - omNode-2@group-523986131536->omNode-1: nextIndex: updateUnconditionally 34 -> 19
2022-03-14 12:23:42,647 [grpc-default-executor-7] INFO  server.RaftServer$Division (RaftServerImpl.java:checkInconsistentAppendEntries(1322)) - omNode-1@group-523986131536: Failed appendEntries as previous log entry ((t:9, i:33)) is not found
2022-03-14 12:23:42,647 [grpc-default-executor-7] INFO  server.RaftServer$Division (RaftServerImpl.java:checkInconsistentAppendEntries(1288)) - omNode-1@group-523986131536: inconsistency entries. Reply:omNode-2<-omNode-1#9587:FAIL-t9,INCONSISTENCY,nextIndex=19,followerCommit=18
2022-03-14 12:23:42,648 [grpc-default-executor-7] INFO  leader.FollowerInfo (FollowerInfoImpl.java:lambda$new$0(47)) - omNode-2@group-523986131536->omNode-1: nextIndex: updateUnconditionally 34 -> 19
2022-03-14 12:23:43,150 [grpc-default-executor-9] INFO  server.RaftServer$Division (RaftServerImpl.java:checkInconsistentAppendEntries(1322)) - omNode-1@group-523986131536: Failed appendEntries as previous log entry ((t:9, i:33)) is not found
2022-03-14 12:23:43,150 [grpc-default-executor-9] INFO  server.RaftServer$Division (RaftServerImpl.java:checkInconsistentAppendEntries(1288)) - omNode-1@group-523986131536: inconsistency entries. Reply:omNode-2<-omNode-1#9638:FAIL-t9,INCONSISTENCY,nextIndex=19,followerCommit=18
2022-03-14 12:23:43,151 [grpc-default-executor-9] INFO  leader.FollowerInfo (FollowerInfoImpl.java:lambda$new$0(47)) - omNode-2@group-523986131536->omNode-1: nextIndex: updateUnconditionally 34 -> 19
2022-03-14 12:23:43,652 [grpc-default-executor-9] INFO  server.RaftServer$Division (RaftServerImpl.java:checkInconsistentAppendEntries(1322)) - omNode-1@group-523986131536: Failed appendEntries as previous log entry ((t:9, i:33)) is not found
2022-03-14 12:23:43,652 [grpc-default-executor-9] INFO  server.RaftServer$Division (RaftServerImpl.java:checkInconsistentAppendEntries(1288)) - omNode-1@group-523986131536: inconsistency entries. Reply:omNode-2<-omNode-1#9689:FAIL-t9,INCONSISTENCY,nextIndex=19,followerCommit=18
2022-03-14 12:23:43,653 [grpc-default-executor-9] INFO  leader.FollowerInfo (FollowerInfoImpl.java:lambda$new$0(47)) - omNode-2@group-523986131536->omNode-1: nextIndex: updateUnconditionally 34 -> 19
2022-03-14 12:23:44,155 [grpc-default-executor-9] INFO  server.RaftServer$Division (RaftServerImpl.java:checkInconsistentAppendEntries(1322)) - omNode-1@group-523986131536: Failed appendEntries as previous log entry ((t:9, i:33)) is not found
2022-03-14 12:23:44,155 [grpc-default-executor-9] INFO  server.RaftServer$Division (RaftServerImpl.java:checkInconsistentAppendEntries(1288)) - omNode-1@group-523986131536: inconsistency entries. Reply:omNode-2<-omNode-1#9740:FAIL-t9,INCONSISTENCY,nextIndex=19,followerCommit=18
2022-03-14 12:23:44,155 [grpc-default-executor-9] INFO  leader.FollowerInfo (FollowerInfoImpl.java:lambda$new$0(47)) - omNode-2@group-523986131536->omNode-1: nextIndex: updateUnconditionally 34 -> 19
2022-03-14 12:23:44,657 [grpc-default-executor-9] INFO  server.RaftServer$Division (RaftServerImpl.java:checkInconsistentAppendEntries(1322)) - omNode-1@group-523986131536: Failed appendEntries as previous log entry ((t:9, i:33)) is not found
2022-03-14 12:23:44,657 [grpc-default-executor-9] INFO  server.RaftServer$Division (RaftServerImpl.java:checkInconsistentAppendEntries(1288)) - omNode-1@group-523986131536: inconsistency entries. Reply:omNode-2<-omNode-1#9791:FAIL-t9,INCONSISTENCY,nextIndex=19,followerCommit=18
2022-03-14 12:23:44,657 [grpc-default-executor-9] INFO  leader.FollowerInfo (FollowerInfoImpl.java:lambda$new$0(47)) - omNode-2@group-523986131536->omNode-1: nextIndex: updateUnconditionally 34 -> 19
2022-03-14 12:23:45,159 [grpc-default-executor-9] INFO  server.RaftServer$Division (RaftServerImpl.java:checkInconsistentAppendEntries(1322)) - omNode-1@group-523986131536: Failed appendEntries as previous log entry ((t:9, i:33)) is not found
2022-03-14 12:23:45,159 [grpc-default-executor-9] INFO  server.RaftServer$Division (RaftServerImpl.java:checkInconsistentAppendEntries(1288)) - omNode-1@group-523986131536: inconsistency entries. Reply:omNode-2<-omNode-1#9842:FAIL-t9,INCONSISTENCY,nextIndex=19,followerCommit=18
2022-03-14 12:23:45,160 [grpc-default-executor-9] INFO  leader.FollowerInfo (FollowerInfoImpl.java:lambda$new$0(47)) - omNode-2@group-523986131536->omNode-1: nextIndex: updateUnconditionally 34 -> 19
2022-03-14 12:23:45,662 [grpc-default-executor-7] INFO  server.RaftServer$Division (RaftServerImpl.java:checkInconsistentAppendEntries(1322)) - omNode-1@group-523986131536: Failed appendEntries as previous log entry ((t:9, i:33)) is not found
2022-03-14 12:23:45,662 [grpc-default-executor-7] INFO  server.RaftServer$Division (RaftServerImpl.java:checkInconsistentAppendEntries(1288)) - omNode-1@group-523986131536: inconsistency entries. Reply:omNode-2<-omNode-1#9893:FAIL-t9,INCONSISTENCY,nextIndex=19,followerCommit=18
2022-03-14 12:23:45,662 [grpc-default-executor-7] INFO  leader.FollowerInfo (FollowerInfoImpl.java:lambda$new$0(47)) - omNode-2@group-523986131536->omNode-1: nextIndex: updateUnconditionally 34 -> 19
2022-03-14 12:23:46,163 [grpc-default-executor-7] INFO  server.RaftServer$Division (RaftServerImpl.java:checkInconsistentAppendEntries(1322)) - omNode-1@group-523986131536: Failed appendEntries as previous log entry ((t:9, i:33)) is not found
2022-03-14 12:23:46,164 [grpc-default-executor-7] INFO  server.RaftServer$Division (RaftServerImpl.java:checkInconsistentAppendEntries(1288)) - omNode-1@group-523986131536: inconsistency entries. Reply:omNode-2<-omNode-1#9944:FAIL-t9,INCONSISTENCY,nextIndex=19,followerCommit=18
2022-03-14 12:23:46,164 [grpc-default-executor-7] INFO  leader.FollowerInfo (FollowerInfoImpl.java:lambda$new$0(47)) - omNode-2@group-523986131536->omNode-1: nextIndex: updateUnconditionally 34 -> 19
2022-03-14 12:23:46,665 [grpc-default-executor-7] INFO  server.RaftServer$Division (RaftServerImpl.java:checkInconsistentAppendEntries(1322)) - omNode-1@group-523986131536: Failed appendEntries as previous log entry ((t:9, i:33)) is not found
2022-03-14 12:23:46,665 [grpc-default-executor-7] INFO  server.RaftServer$Division (RaftServerImpl.java:checkInconsistentAppendEntries(1288)) - omNode-1@group-523986131536: inconsistency entries. Reply:omNode-2<-omNode-1#9995:FAIL-t9,INCONSISTENCY,nextIndex=19,followerCommit=18
2022-03-14 12:23:46,666 [grpc-default-executor-7] INFO  leader.FollowerInfo (FollowerInfoImpl.java:lambda$new$0(47)) - omNode-2@group-523986131536->omNode-1: nextIndex: updateUnconditionally 34 -> 19
2022-03-14 12:23:47,167 [grpc-default-executor-7] INFO  server.RaftServer$Division (RaftServerImpl.java:checkInconsistentAppendEntries(1322)) - omNode-1@group-523986131536: Failed appendEntries as previous log entry ((t:9, i:33)) is not found
2022-03-14 12:23:47,167 [grpc-default-executor-7] INFO  server.RaftServer$Division (RaftServerImpl.java:checkInconsistentAppendEntries(1288)) - omNode-1@group-523986131536: inconsistency entries. Reply:omNode-2<-omNode-1#10046:FAIL-t9,INCONSISTENCY,nextIndex=19,followerCommit=18
2022-03-14 12:23:47,168 [grpc-default-executor-7] INFO  leader.FollowerInfo (FollowerInfoImpl.java:lambda$new$0(47)) - omNode-2@group-523986131536->omNode-1: nextIndex: updateUnconditionally 34 -> 19
2022-03-14 12:23:47,669 [grpc-default-executor-7] INFO  server.RaftServer$Division (RaftServerImpl.java:checkInconsistentAppendEntries(1322)) - omNode-1@group-523986131536: Failed appendEntries as previous log entry ((t:9, i:33)) is not found
2022-03-14 12:23:47,670 [grpc-default-executor-7] INFO  server.RaftServer$Division (RaftServerImpl.java:checkInconsistentAppendEntries(1288)) - omNode-1@group-523986131536: inconsistency entries. Reply:omNode-2<-omNode-1#10097:FAIL-t9,INCONSISTENCY,nextIndex=19,followerCommit=18
2022-03-14 12:23:47,670 [grpc-default-executor-7] INFO  leader.FollowerInfo (FollowerInfoImpl.java:lambda$new$0(47)) - omNode-2@group-523986131536->omNode-1: nextIndex: updateUnconditionally 34 -> 19
2022-03-14 12:23:48,171 [grpc-default-executor-9] INFO  server.RaftServer$Division (RaftServerImpl.java:checkInconsistentAppendEntries(1322)) - omNode-1@group-523986131536: Failed appendEntries as previous log entry ((t:9, i:33)) is not found
2022-03-14 12:23:48,171 [grpc-default-executor-9] INFO  server.RaftServer$Division (RaftServerImpl.java:checkInconsistentAppendEntries(1288)) - omNode-1@group-523986131536: inconsistency entries. Reply:omNode-2<-omNode-1#10148:FAIL-t9,INCONSISTENCY,nextIndex=19,followerCommit=18
2022-03-14 12:23:48,172 [grpc-default-executor-9] INFO  leader.FollowerInfo (FollowerInfoImpl.java:lambda$new$0(47)) - omNode-2@group-523986131536->omNode-1: nextIndex: updateUnconditionally 34 -> 19
2022-03-14 12:23:48,673 [grpc-default-executor-9] INFO  server.RaftServer$Division (RaftServerImpl.java:checkInconsistentAppendEntries(1322)) - omNode-1@group-523986131536: Failed appendEntries as previous log entry ((t:9, i:33)) is not found
2022-03-14 12:23:48,673 [grpc-default-executor-9] INFO  server.RaftServer$Division (RaftServerImpl.java:checkInconsistentAppendEntries(1288)) - omNode-1@group-523986131536: inconsistency entries. Reply:omNode-2<-omNode-1#10199:FAIL-t9,INCONSISTENCY,nextIndex=19,followerCommit=18
2022-03-14 12:23:48,674 [grpc-default-executor-9] INFO  leader.FollowerInfo (FollowerInfoImpl.java:lambda$new$0(47)) - omNode-2@group-523986131536->omNode-1: nextIndex: updateUnconditionally 34 -> 19
2022-03-14 12:23:49,176 [grpc-default-executor-9] INFO  server.RaftServer$Division (RaftServerImpl.java:checkInconsistentAppendEntries(1322)) - omNode-1@group-523986131536: Failed appendEntries as previous log entry ((t:9, i:33)) is not found
2022-03-14 12:23:49,176 [grpc-default-executor-9] INFO  server.RaftServer$Division (RaftServerImpl.java:checkInconsistentAppendEntries(1288)) - omNode-1@group-523986131536: inconsistency entries. Reply:omNode-2<-omNode-1#10250:FAIL-t9,INCONSISTENCY,nextIndex=19,followerCommit=18
2022-03-14 12:23:49,176 [grpc-default-executor-9] INFO  leader.FollowerInfo (FollowerInfoImpl.java:lambda$new$0(47)) - omNode-2@group-523986131536->omNode-1: nextIndex: updateUnconditionally 34 -> 19
2022-03-14 12:23:49,677 [grpc-default-executor-9] INFO  server.RaftServer$Division (RaftServerImpl.java:checkInconsistentAppendEntries(1322)) - omNode-1@group-523986131536: Failed appendEntries as previous log entry ((t:9, i:33)) is not found
2022-03-14 12:23:49,678 [grpc-default-executor-9] INFO  server.RaftServer$Division (RaftServerImpl.java:checkInconsistentAppendEntries(1288)) - omNode-1@group-523986131536: inconsistency entries. Reply:omNode-2<-omNode-1#10301:FAIL-t9,INCONSISTENCY,nextIndex=19,followerCommit=18
2022-03-14 12:23:49,678 [grpc-default-executor-9] INFO  leader.FollowerInfo (FollowerInfoImpl.java:lambda$new$0(47)) - omNode-2@group-523986131536->omNode-1: nextIndex: updateUnconditionally 34 -> 19
2022-03-14 12:23:50,180 [grpc-default-executor-9] INFO  server.RaftServer$Division (RaftServerImpl.java:checkInconsistentAppendEntries(1322)) - omNode-1@group-523986131536: Failed appendEntries as previous log entry ((t:9, i:33)) is not found
2022-03-14 12:23:50,180 [grpc-default-executor-9] INFO  server.RaftServer$Division (RaftServerImpl.java:checkInconsistentAppendEntries(1288)) - omNode-1@group-523986131536: inconsistency entries. Reply:omNode-2<-omNode-1#10352:FAIL-t9,INCONSISTENCY,nextIndex=19,followerCommit=18
2022-03-14 12:23:50,180 [grpc-default-executor-9] INFO  leader.FollowerInfo (FollowerInfoImpl.java:lambda$new$0(47)) - omNode-2@group-523986131536->omNode-1: nextIndex: updateUnconditionally 34 -> 19
2022-03-14 12:23:50,682 [grpc-default-executor-7] INFO  server.RaftServer$Division (RaftServerImpl.java:checkInconsistentAppendEntries(1322)) - omNode-1@group-523986131536: Failed appendEntries as previous log entry ((t:9, i:33)) is not found
2022-03-14 12:23:50,682 [grpc-default-executor-7] INFO  server.RaftServer$Division (RaftServerImpl.java:checkInconsistentAppendEntries(1288)) - omNode-1@group-523986131536: inconsistency entries. Reply:omNode-2<-omNode-1#10403:FAIL-t9,INCONSISTENCY,nextIndex=19,followerCommit=18
2022-03-14 12:23:50,682 [grpc-default-executor-7] INFO  leader.FollowerInfo (FollowerInfoImpl.java:lambda$new$0(47)) - omNode-2@group-523986131536->omNode-1: nextIndex: updateUnconditionally 34 -> 19
2022-03-14 12:23:51,184 [grpc-default-executor-7] INFO  server.RaftServer$Division (RaftServerImpl.java:checkInconsistentAppendEntries(1322)) - omNode-1@group-523986131536: Failed appendEntries as previous log entry ((t:9, i:33)) is not found
2022-03-14 12:23:51,184 [grpc-default-executor-7] INFO  server.RaftServer$Division (RaftServerImpl.java:checkInconsistentAppendEntries(1288)) - omNode-1@group-523986131536: inconsistency entries. Reply:omNode-2<-omNode-1#10454:FAIL-t9,INCONSISTENCY,nextIndex=19,followerCommit=18
2022-03-14 12:23:51,185 [grpc-default-executor-7] INFO  leader.FollowerInfo (FollowerInfoImpl.java:lambda$new$0(47)) - omNode-2@group-523986131536->omNode-1: nextIndex: updateUnconditionally 34 -> 19
2022-03-14 12:23:51,686 [grpc-default-executor-7] INFO  server.RaftServer$Division (RaftServerImpl.java:checkInconsistentAppendEntries(1322)) - omNode-1@group-523986131536: Failed appendEntries as previous log entry ((t:9, i:33)) is not found
2022-03-14 12:23:51,686 [grpc-default-executor-7] INFO  server.RaftServer$Division (RaftServerImpl.java:checkInconsistentAppendEntries(1288)) - omNode-1@group-523986131536: inconsistency entries. Reply:omNode-2<-omNode-1#10505:FAIL-t9,INCONSISTENCY,nextIndex=19,followerCommit=18
2022-03-14 12:23:51,686 [grpc-default-executor-7] INFO  leader.FollowerInfo (FollowerInfoImpl.java:lambda$new$0(47)) - omNode-2@group-523986131536->omNode-1: nextIndex: updateUnconditionally 34 -> 19
2022-03-14 12:23:52,188 [grpc-default-executor-7] INFO  server.RaftServer$Division (RaftServerImpl.java:checkInconsistentAppendEntries(1322)) - omNode-1@group-523986131536: Failed appendEntries as previous log entry ((t:9, i:33)) is not found
2022-03-14 12:23:52,188 [grpc-default-executor-7] INFO  server.RaftServer$Division (RaftServerImpl.java:checkInconsistentAppendEntries(1288)) - omNode-1@group-523986131536: inconsistency entries. Reply:omNode-2<-omNode-1#10556:FAIL-t9,INCONSISTENCY,nextIndex=19,followerCommit=18
2022-03-14 12:23:52,189 [grpc-default-executor-7] INFO  leader.FollowerInfo (FollowerInfoImpl.java:lambda$new$0(47)) - omNode-2@group-523986131536->omNode-1: nextIndex: updateUnconditionally 34 -> 19
2022-03-14 12:23:52,691 [grpc-default-executor-9] INFO  server.RaftServer$Division (RaftServerImpl.java:checkInconsistentAppendEntries(1322)) - omNode-1@group-523986131536: Failed appendEntries as previous log entry ((t:9, i:33)) is not found
2022-03-14 12:23:52,691 [grpc-default-executor-9] INFO  server.RaftServer$Division (RaftServerImpl.java:checkInconsistentAppendEntries(1288)) - omNode-1@group-523986131536: inconsistency entries. Reply:omNode-2<-omNode-1#10607:FAIL-t9,INCONSISTENCY,nextIndex=19,followerCommit=18
2022-03-14 12:23:52,691 [grpc-default-executor-9] INFO  leader.FollowerInfo (FollowerInfoImpl.java:lambda$new$0(47)) - omNode-2@group-523986131536->omNode-1: nextIndex: updateUnconditionally 34 -> 19
2022-03-14 12:23:53,193 [grpc-default-executor-7] INFO  server.RaftServer$Division (RaftServerImpl.java:checkInconsistentAppendEntries(1322)) - omNode-1@group-523986131536: Failed appendEntries as previous log entry ((t:9, i:33)) is not found
2022-03-14 12:23:53,193 [grpc-default-executor-7] INFO  server.RaftServer$Division (RaftServerImpl.java:checkInconsistentAppendEntries(1288)) - omNode-1@group-523986131536: inconsistency entries. Reply:omNode-2<-omNode-1#10658:FAIL-t9,INCONSISTENCY,nextIndex=19,followerCommit=18
2022-03-14 12:23:53,193 [grpc-default-executor-7] INFO  leader.FollowerInfo (FollowerInfoImpl.java:lambda$new$0(47)) - omNode-2@group-523986131536->omNode-1: nextIndex: updateUnconditionally 34 -> 19
2022-03-14 12:23:53,695 [grpc-default-executor-7] INFO  server.RaftServer$Division (RaftServerImpl.java:checkInconsistentAppendEntries(1322)) - omNode-1@group-523986131536: Failed appendEntries as previous log entry ((t:9, i:33)) is not found
2022-03-14 12:23:53,695 [grpc-default-executor-7] INFO  server.RaftServer$Division (RaftServerImpl.java:checkInconsistentAppendEntries(1288)) - omNode-1@group-523986131536: inconsistency entries. Reply:omNode-2<-omNode-1#10709:FAIL-t9,INCONSISTENCY,nextIndex=19,followerCommit=18
2022-03-14 12:23:53,695 [grpc-default-executor-7] INFO  leader.FollowerInfo (FollowerInfoImpl.java:lambda$new$0(47)) - omNode-2@group-523986131536->omNode-1: nextIndex: updateUnconditionally 34 -> 19
2022-03-14 12:23:54,197 [grpc-default-executor-7] INFO  server.RaftServer$Division (RaftServerImpl.java:checkInconsistentAppendEntries(1322)) - omNode-1@group-523986131536: Failed appendEntries as previous log entry ((t:9, i:33)) is not found
2022-03-14 12:23:54,197 [grpc-default-executor-7] INFO  server.RaftServer$Division (RaftServerImpl.java:checkInconsistentAppendEntries(1288)) - omNode-1@group-523986131536: inconsistency entries. Reply:omNode-2<-omNode-1#10760:FAIL-t9,INCONSISTENCY,nextIndex=19,followerCommit=18
2022-03-14 12:23:54,197 [grpc-default-executor-7] INFO  leader.FollowerInfo (FollowerInfoImpl.java:lambda$new$0(47)) - omNode-2@group-523986131536->omNode-1: nextIndex: updateUnconditionally 34 -> 19
2022-03-14 12:23:54,699 [grpc-default-executor-7] INFO  server.RaftServer$Division (RaftServerImpl.java:checkInconsistentAppendEntries(1322)) - omNode-1@group-523986131536: Failed appendEntries as previous log entry ((t:9, i:33)) is not found
2022-03-14 12:23:54,700 [grpc-default-executor-7] INFO  server.RaftServer$Division (RaftServerImpl.java:checkInconsistentAppendEntries(1288)) - omNode-1@group-523986131536: inconsistency entries. Reply:omNode-2<-omNode-1#10811:FAIL-t9,INCONSISTENCY,nextIndex=19,followerCommit=18
2022-03-14 12:23:54,700 [grpc-default-executor-7] INFO  leader.FollowerInfo (FollowerInfoImpl.java:lambda$new$0(47)) - omNode-2@group-523986131536->omNode-1: nextIndex: updateUnconditionally 34 -> 19
2022-03-14 12:23:55,202 [grpc-default-executor-9] INFO  server.RaftServer$Division (RaftServerImpl.java:checkInconsistentAppendEntries(1322)) - omNode-1@group-523986131536: Failed appendEntries as previous log entry ((t:9, i:33)) is not found
2022-03-14 12:23:55,202 [grpc-default-executor-9] INFO  server.RaftServer$Division (RaftServerImpl.java:checkInconsistentAppendEntries(1288)) - omNode-1@group-523986131536: inconsistency entries. Reply:omNode-2<-omNode-1#10862:FAIL-t9,INCONSISTENCY,nextIndex=19,followerCommit=18
2022-03-14 12:23:55,202 [grpc-default-executor-9] INFO  leader.FollowerInfo (FollowerInfoImpl.java:lambda$new$0(47)) - omNode-2@group-523986131536->omNode-1: nextIndex: updateUnconditionally 34 -> 19
2022-03-14 12:23:55,704 [grpc-default-executor-7] INFO  server.RaftServer$Division (RaftServerImpl.java:checkInconsistentAppendEntries(1322)) - omNode-1@group-523986131536: Failed appendEntries as previous log entry ((t:9, i:33)) is not found
2022-03-14 12:23:55,704 [grpc-default-executor-7] INFO  server.RaftServer$Division (RaftServerImpl.java:checkInconsistentAppendEntries(1288)) - omNode-1@group-523986131536: inconsistency entries. Reply:omNode-2<-omNode-1#10913:FAIL-t9,INCONSISTENCY,nextIndex=19,followerCommit=18
2022-03-14 12:23:55,704 [grpc-default-executor-7] INFO  leader.FollowerInfo (FollowerInfoImpl.java:lambda$new$0(47)) - omNode-2@group-523986131536->omNode-1: nextIndex: updateUnconditionally 34 -> 19
2022-03-14 12:23:56,207 [grpc-default-executor-7] INFO  server.RaftServer$Division (RaftServerImpl.java:checkInconsistentAppendEntries(1322)) - omNode-1@group-523986131536: Failed appendEntries as previous log entry ((t:9, i:33)) is not found
2022-03-14 12:23:56,207 [grpc-default-executor-7] INFO  server.RaftServer$Division (RaftServerImpl.java:checkInconsistentAppendEntries(1288)) - omNode-1@group-523986131536: inconsistency entries. Reply:omNode-2<-omNode-1#10964:FAIL-t9,INCONSISTENCY,nextIndex=19,followerCommit=18
2022-03-14 12:23:56,207 [grpc-default-executor-7] INFO  leader.FollowerInfo (FollowerInfoImpl.java:lambda$new$0(47)) - omNode-2@group-523986131536->omNode-1: nextIndex: updateUnconditionally 34 -> 19
2022-03-14 12:23:56,709 [grpc-default-executor-7] INFO  server.RaftServer$Division (RaftServerImpl.java:checkInconsistentAppendEntries(1322)) - omNode-1@group-523986131536: Failed appendEntries as previous log entry ((t:9, i:33)) is not found
2022-03-14 12:23:56,709 [grpc-default-executor-7] INFO  server.RaftServer$Division (RaftServerImpl.java:checkInconsistentAppendEntries(1288)) - omNode-1@group-523986131536: inconsistency entries. Reply:omNode-2<-omNode-1#11015:FAIL-t9,INCONSISTENCY,nextIndex=19,followerCommit=18
2022-03-14 12:23:56,709 [grpc-default-executor-7] INFO  leader.FollowerInfo (FollowerInfoImpl.java:lambda$new$0(47)) - omNode-2@group-523986131536->omNode-1: nextIndex: updateUnconditionally 34 -> 19
2022-03-14 12:23:57,211 [grpc-default-executor-7] INFO  server.RaftServer$Division (RaftServerImpl.java:checkInconsistentAppendEntries(1322)) - omNode-1@group-523986131536: Failed appendEntries as previous log entry ((t:9, i:33)) is not found
2022-03-14 12:23:57,211 [grpc-default-executor-7] INFO  server.RaftServer$Division (RaftServerImpl.java:checkInconsistentAppendEntries(1288)) - omNode-1@group-523986131536: inconsistency entries. Reply:omNode-2<-omNode-1#11066:FAIL-t9,INCONSISTENCY,nextIndex=19,followerCommit=18
2022-03-14 12:23:57,212 [grpc-default-executor-7] INFO  leader.FollowerInfo (FollowerInfoImpl.java:lambda$new$0(47)) - omNode-2@group-523986131536->omNode-1: nextIndex: updateUnconditionally 34 -> 19
2022-03-14 12:23:57,714 [grpc-default-executor-9] INFO  server.RaftServer$Division (RaftServerImpl.java:checkInconsistentAppendEntries(1322)) - omNode-1@group-523986131536: Failed appendEntries as previous log entry ((t:9, i:33)) is not found
2022-03-14 12:23:57,714 [grpc-default-executor-9] INFO  server.RaftServer$Division (RaftServerImpl.java:checkInconsistentAppendEntries(1288)) - omNode-1@group-523986131536: inconsistency entries. Reply:omNode-2<-omNode-1#11117:FAIL-t9,INCONSISTENCY,nextIndex=19,followerCommit=18
2022-03-14 12:23:57,714 [grpc-default-executor-9] INFO  leader.FollowerInfo (FollowerInfoImpl.java:lambda$new$0(47)) - omNode-2@group-523986131536->omNode-1: nextIndex: updateUnconditionally 34 -> 19
2022-03-14 12:23:58,216 [grpc-default-executor-7] INFO  server.RaftServer$Division (RaftServerImpl.java:checkInconsistentAppendEntries(1322)) - omNode-1@group-523986131536: Failed appendEntries as previous log entry ((t:9, i:33)) is not found
2022-03-14 12:23:58,216 [grpc-default-executor-7] INFO  server.RaftServer$Division (RaftServerImpl.java:checkInconsistentAppendEntries(1288)) - omNode-1@group-523986131536: inconsistency entries. Reply:omNode-2<-omNode-1#11168:FAIL-t9,INCONSISTENCY,nextIndex=19,followerCommit=18
2022-03-14 12:23:58,216 [grpc-default-executor-7] INFO  leader.FollowerInfo (FollowerInfoImpl.java:lambda$new$0(47)) - omNode-2@group-523986131536->omNode-1: nextIndex: updateUnconditionally 34 -> 19
2022-03-14 12:23:58,718 [grpc-default-executor-7] INFO  server.RaftServer$Division (RaftServerImpl.java:checkInconsistentAppendEntries(1322)) - omNode-1@group-523986131536: Failed appendEntries as previous log entry ((t:9, i:33)) is not found
2022-03-14 12:23:58,718 [grpc-default-executor-7] INFO  server.RaftServer$Division (RaftServerImpl.java:checkInconsistentAppendEntries(1288)) - omNode-1@group-523986131536: inconsistency entries. Reply:omNode-2<-omNode-1#11219:FAIL-t9,INCONSISTENCY,nextIndex=19,followerCommit=18
2022-03-14 12:23:58,718 [grpc-default-executor-7] INFO  leader.FollowerInfo (FollowerInfoImpl.java:lambda$new$0(47)) - omNode-2@group-523986131536->omNode-1: nextIndex: updateUnconditionally 34 -> 19
2022-03-14 12:23:59,220 [grpc-default-executor-7] INFO  server.RaftServer$Division (RaftServerImpl.java:checkInconsistentAppendEntries(1322)) - omNode-1@group-523986131536: Failed appendEntries as previous log entry ((t:9, i:33)) is not found
2022-03-14 12:23:59,220 [grpc-default-executor-7] INFO  server.RaftServer$Division (RaftServerImpl.java:checkInconsistentAppendEntries(1288)) - omNode-1@group-523986131536: inconsistency entries. Reply:omNode-2<-omNode-1#11270:FAIL-t9,INCONSISTENCY,nextIndex=19,followerCommit=18
2022-03-14 12:23:59,220 [grpc-default-executor-7] INFO  leader.FollowerInfo (FollowerInfoImpl.java:lambda$new$0(47)) - omNode-2@group-523986131536->omNode-1: nextIndex: updateUnconditionally 34 -> 19
2022-03-14 12:23:59,723 [grpc-default-executor-7] INFO  server.RaftServer$Division (RaftServerImpl.java:checkInconsistentAppendEntries(1322)) - omNode-1@group-523986131536: Failed appendEntries as previous log entry ((t:9, i:33)) is not found
2022-03-14 12:23:59,723 [grpc-default-executor-7] INFO  server.RaftServer$Division (RaftServerImpl.java:checkInconsistentAppendEntries(1288)) - omNode-1@group-523986131536: inconsistency entries. Reply:omNode-2<-omNode-1#11321:FAIL-t9,INCONSISTENCY,nextIndex=19,followerCommit=18
2022-03-14 12:23:59,723 [grpc-default-executor-7] INFO  leader.FollowerInfo (FollowerInfoImpl.java:lambda$new$0(47)) - omNode-2@group-523986131536->omNode-1: nextIndex: updateUnconditionally 34 -> 19
2022-03-14 12:24:00,224 [grpc-default-executor-7] INFO  server.RaftServer$Division (RaftServerImpl.java:checkInconsistentAppendEntries(1322)) - omNode-1@group-523986131536: Failed appendEntries as previous log entry ((t:9, i:33)) is not found
2022-03-14 12:24:00,225 [grpc-default-executor-7] INFO  server.RaftServer$Division (RaftServerImpl.java:checkInconsistentAppendEntries(1288)) - omNode-1@group-523986131536: inconsistency entries. Reply:omNode-2<-omNode-1#11372:FAIL-t9,INCONSISTENCY,nextIndex=19,followerCommit=18
2022-03-14 12:24:00,225 [grpc-default-executor-7] INFO  leader.FollowerInfo (FollowerInfoImpl.java:lambda$new$0(47)) - omNode-2@group-523986131536->omNode-1: nextIndex: updateUnconditionally 34 -> 19
2022-03-14 12:24:00,726 [grpc-default-executor-9] INFO  server.RaftServer$Division (RaftServerImpl.java:checkInconsistentAppendEntries(1322)) - omNode-1@group-523986131536: Failed appendEntries as previous log entry ((t:9, i:33)) is not found
2022-03-14 12:24:00,726 [grpc-default-executor-9] INFO  server.RaftServer$Division (RaftServerImpl.java:checkInconsistentAppendEntries(1288)) - omNode-1@group-523986131536: inconsistency entries. Reply:omNode-2<-omNode-1#11423:FAIL-t9,INCONSISTENCY,nextIndex=19,followerCommit=18
2022-03-14 12:24:00,727 [grpc-default-executor-9] INFO  leader.FollowerInfo (FollowerInfoImpl.java:lambda$new$0(47)) - omNode-2@group-523986131536->omNode-1: nextIndex: updateUnconditionally 34 -> 19
2022-03-14 12:24:01,228 [grpc-default-executor-9] INFO  server.RaftServer$Division (RaftServerImpl.java:checkInconsistentAppendEntries(1322)) - omNode-1@group-523986131536: Failed appendEntries as previous log entry ((t:9, i:33)) is not found
2022-03-14 12:24:01,228 [grpc-default-executor-9] INFO  server.RaftServer$Division (RaftServerImpl.java:checkInconsistentAppendEntries(1288)) - omNode-1@group-523986131536: inconsistency entries. Reply:omNode-2<-omNode-1#11474:FAIL-t9,INCONSISTENCY,nextIndex=19,followerCommit=18
2022-03-14 12:24:01,228 [grpc-default-executor-9] INFO  leader.FollowerInfo (FollowerInfoImpl.java:lambda$new$0(47)) - omNode-2@group-523986131536->omNode-1: nextIndex: updateUnconditionally 34 -> 19
2022-03-14 12:24:01,730 [grpc-default-executor-9] INFO  server.RaftServer$Division (RaftServerImpl.java:checkInconsistentAppendEntries(1322)) - omNode-1@group-523986131536: Failed appendEntries as previous log entry ((t:9, i:33)) is not found
2022-03-14 12:24:01,730 [grpc-default-executor-9] INFO  server.RaftServer$Division (RaftServerImpl.java:checkInconsistentAppendEntries(1288)) - omNode-1@group-523986131536: inconsistency entries. Reply:omNode-2<-omNode-1#11525:FAIL-t9,INCONSISTENCY,nextIndex=19,followerCommit=18
2022-03-14 12:24:01,730 [grpc-default-executor-9] INFO  leader.FollowerInfo (FollowerInfoImpl.java:lambda$new$0(47)) - omNode-2@group-523986131536->omNode-1: nextIndex: updateUnconditionally 34 -> 19
2022-03-14 12:24:02,232 [grpc-default-executor-9] INFO  server.RaftServer$Division (RaftServerImpl.java:checkInconsistentAppendEntries(1322)) - omNode-1@group-523986131536: Failed appendEntries as previous log entry ((t:9, i:33)) is not found
2022-03-14 12:24:02,232 [grpc-default-executor-9] INFO  server.RaftServer$Division (RaftServerImpl.java:checkInconsistentAppendEntries(1288)) - omNode-1@group-523986131536: inconsistency entries. Reply:omNode-2<-omNode-1#11576:FAIL-t9,INCONSISTENCY,nextIndex=19,followerCommit=18
2022-03-14 12:24:02,232 [grpc-default-executor-9] INFO  leader.FollowerInfo (FollowerInfoImpl.java:lambda$new$0(47)) - omNode-2@group-523986131536->omNode-1: nextIndex: updateUnconditionally 34 -> 19
2022-03-14 12:24:02,734 [grpc-default-executor-9] INFO  server.RaftServer$Division (RaftServerImpl.java:checkInconsistentAppendEntries(1322)) - omNode-1@group-523986131536: Failed appendEntries as previous log entry ((t:9, i:33)) is not found
2022-03-14 12:24:02,734 [grpc-default-executor-9] INFO  server.RaftServer$Division (RaftServerImpl.java:checkInconsistentAppendEntries(1288)) - omNode-1@group-523986131536: inconsistency entries. Reply:omNode-2<-omNode-1#11627:FAIL-t9,INCONSISTENCY,nextIndex=19,followerCommit=18
2022-03-14 12:24:02,734 [grpc-default-executor-9] INFO  leader.FollowerInfo (FollowerInfoImpl.java:lambda$new$0(47)) - omNode-2@group-523986131536->omNode-1: nextIndex: updateUnconditionally 34 -> 19
2022-03-14 12:24:03,236 [grpc-default-executor-7] INFO  server.RaftServer$Division (RaftServerImpl.java:checkInconsistentAppendEntries(1322)) - omNode-1@group-523986131536: Failed appendEntries as previous log entry ((t:9, i:33)) is not found
2022-03-14 12:24:03,236 [grpc-default-executor-7] INFO  server.RaftServer$Division (RaftServerImpl.java:checkInconsistentAppendEntries(1288)) - omNode-1@group-523986131536: inconsistency entries. Reply:omNode-2<-omNode-1#11678:FAIL-t9,INCONSISTENCY,nextIndex=19,followerCommit=18
2022-03-14 12:24:03,237 [grpc-default-executor-7] INFO  leader.FollowerInfo (FollowerInfoImpl.java:lambda$new$0(47)) - omNode-2@group-523986131536->omNode-1: nextIndex: updateUnconditionally 34 -> 19
2022-03-14 12:24:03,739 [grpc-default-executor-7] INFO  server.RaftServer$Division (RaftServerImpl.java:checkInconsistentAppendEntries(1322)) - omNode-1@group-523986131536: Failed appendEntries as previous log entry ((t:9, i:33)) is not found
2022-03-14 12:24:03,739 [grpc-default-executor-7] INFO  server.RaftServer$Division (RaftServerImpl.java:checkInconsistentAppendEntries(1288)) - omNode-1@group-523986131536: inconsistency entries. Reply:omNode-2<-omNode-1#11729:FAIL-t9,INCONSISTENCY,nextIndex=19,followerCommit=18
2022-03-14 12:24:03,739 [grpc-default-executor-7] INFO  leader.FollowerInfo (FollowerInfoImpl.java:lambda$new$0(47)) - omNode-2@group-523986131536->omNode-1: nextIndex: updateUnconditionally 34 -> 19
2022-03-14 12:24:04,241 [grpc-default-executor-7] INFO  server.RaftServer$Division (RaftServerImpl.java:checkInconsistentAppendEntries(1322)) - omNode-1@group-523986131536: Failed appendEntries as previous log entry ((t:9, i:33)) is not found
2022-03-14 12:24:04,241 [grpc-default-executor-7] INFO  server.RaftServer$Division (RaftServerImpl.java:checkInconsistentAppendEntries(1288)) - omNode-1@group-523986131536: inconsistency entries. Reply:omNode-2<-omNode-1#11780:FAIL-t9,INCONSISTENCY,nextIndex=19,followerCommit=18
2022-03-14 12:24:04,241 [grpc-default-executor-7] INFO  leader.FollowerInfo (FollowerInfoImpl.java:lambda$new$0(47)) - omNode-2@group-523986131536->omNode-1: nextIndex: updateUnconditionally 34 -> 19
2022-03-14 12:24:04,743 [grpc-default-executor-7] INFO  server.RaftServer$Division (RaftServerImpl.java:checkInconsistentAppendEntries(1322)) - omNode-1@group-523986131536: Failed appendEntries as previous log entry ((t:9, i:33)) is not found
2022-03-14 12:24:04,743 [grpc-default-executor-7] INFO  server.RaftServer$Division (RaftServerImpl.java:checkInconsistentAppendEntries(1288)) - omNode-1@group-523986131536: inconsistency entries. Reply:omNode-2<-omNode-1#11831:FAIL-t9,INCONSISTENCY,nextIndex=19,followerCommit=18
2022-03-14 12:24:04,743 [grpc-default-executor-7] INFO  leader.FollowerInfo (FollowerInfoImpl.java:lambda$new$0(47)) - omNode-2@group-523986131536->omNode-1: nextIndex: updateUnconditionally 34 -> 19
2022-03-14 12:24:05,244 [grpc-default-executor-7] INFO  server.RaftServer$Division (RaftServerImpl.java:checkInconsistentAppendEntries(1322)) - omNode-1@group-523986131536: Failed appendEntries as previous log entry ((t:9, i:33)) is not found
2022-03-14 12:24:05,244 [grpc-default-executor-7] INFO  server.RaftServer$Division (RaftServerImpl.java:checkInconsistentAppendEntries(1288)) - omNode-1@group-523986131536: inconsistency entries. Reply:omNode-2<-omNode-1#11882:FAIL-t9,INCONSISTENCY,nextIndex=19,followerCommit=18
2022-03-14 12:24:05,245 [grpc-default-executor-9] INFO  leader.FollowerInfo (FollowerInfoImpl.java:lambda$new$0(47)) - omNode-2@group-523986131536->omNode-1: nextIndex: updateUnconditionally 34 -> 19
2022-03-14 12:24:05,747 [grpc-default-executor-9] INFO  server.RaftServer$Division (RaftServerImpl.java:checkInconsistentAppendEntries(1322)) - omNode-1@group-523986131536: Failed appendEntries as previous log entry ((t:9, i:33)) is not found
2022-03-14 12:24:05,747 [grpc-default-executor-9] INFO  server.RaftServer$Division (RaftServerImpl.java:checkInconsistentAppendEntries(1288)) - omNode-1@group-523986131536: inconsistency entries. Reply:omNode-2<-omNode-1#11933:FAIL-t9,INCONSISTENCY,nextIndex=19,followerCommit=18
2022-03-14 12:24:05,747 [grpc-default-executor-9] INFO  leader.FollowerInfo (FollowerInfoImpl.java:lambda$new$0(47)) - omNode-2@group-523986131536->omNode-1: nextIndex: updateUnconditionally 34 -> 19
2022-03-14 12:24:06,249 [grpc-default-executor-9] INFO  server.RaftServer$Division (RaftServerImpl.java:checkInconsistentAppendEntries(1322)) - omNode-1@group-523986131536: Failed appendEntries as previous log entry ((t:9, i:33)) is not found
2022-03-14 12:24:06,249 [grpc-default-executor-9] INFO  server.RaftServer$Division (RaftServerImpl.java:checkInconsistentAppendEntries(1288)) - omNode-1@group-523986131536: inconsistency entries. Reply:omNode-2<-omNode-1#11984:FAIL-t9,INCONSISTENCY,nextIndex=19,followerCommit=18
2022-03-14 12:24:06,250 [grpc-default-executor-9] INFO  leader.FollowerInfo (FollowerInfoImpl.java:lambda$new$0(47)) - omNode-2@group-523986131536->omNode-1: nextIndex: updateUnconditionally 34 -> 19
2022-03-14 12:24:06,752 [grpc-default-executor-9] INFO  server.RaftServer$Division (RaftServerImpl.java:checkInconsistentAppendEntries(1322)) - omNode-1@group-523986131536: Failed appendEntries as previous log entry ((t:9, i:33)) is not found
2022-03-14 12:24:06,752 [grpc-default-executor-9] INFO  server.RaftServer$Division (RaftServerImpl.java:checkInconsistentAppendEntries(1288)) - omNode-1@group-523986131536: inconsistency entries. Reply:omNode-2<-omNode-1#12035:FAIL-t9,INCONSISTENCY,nextIndex=19,followerCommit=18
2022-03-14 12:24:06,752 [grpc-default-executor-9] INFO  leader.FollowerInfo (FollowerInfoImpl.java:lambda$new$0(47)) - omNode-2@group-523986131536->omNode-1: nextIndex: updateUnconditionally 34 -> 19
2022-03-14 12:24:07,254 [grpc-default-executor-9] INFO  server.RaftServer$Division (RaftServerImpl.java:checkInconsistentAppendEntries(1322)) - omNode-1@group-523986131536: Failed appendEntries as previous log entry ((t:9, i:33)) is not found
2022-03-14 12:24:07,254 [grpc-default-executor-9] INFO  server.RaftServer$Division (RaftServerImpl.java:checkInconsistentAppendEntries(1288)) - omNode-1@group-523986131536: inconsistency entries. Reply:omNode-2<-omNode-1#12086:FAIL-t9,INCONSISTENCY,nextIndex=19,followerCommit=18
2022-03-14 12:24:07,255 [grpc-default-executor-9] INFO  leader.FollowerInfo (FollowerInfoImpl.java:lambda$new$0(47)) - omNode-2@group-523986131536->omNode-1: nextIndex: updateUnconditionally 34 -> 19
2022-03-14 12:24:07,756 [grpc-default-executor-7] INFO  server.RaftServer$Division (RaftServerImpl.java:checkInconsistentAppendEntries(1322)) - omNode-1@group-523986131536: Failed appendEntries as previous log entry ((t:9, i:33)) is not found
2022-03-14 12:24:07,756 [grpc-default-executor-7] INFO  server.RaftServer$Division (RaftServerImpl.java:checkInconsistentAppendEntries(1288)) - omNode-1@group-523986131536: inconsistency entries. Reply:omNode-2<-omNode-1#12137:FAIL-t9,INCONSISTENCY,nextIndex=19,followerCommit=18
2022-03-14 12:24:07,756 [grpc-default-executor-7] INFO  leader.FollowerInfo (FollowerInfoImpl.java:lambda$new$0(47)) - omNode-2@group-523986131536->omNode-1: nextIndex: updateUnconditionally 34 -> 19
2022-03-14 12:24:08,258 [grpc-default-executor-7] INFO  server.RaftServer$Division (RaftServerImpl.java:checkInconsistentAppendEntries(1322)) - omNode-1@group-523986131536: Failed appendEntries as previous log entry ((t:9, i:33)) is not found
2022-03-14 12:24:08,258 [grpc-default-executor-7] INFO  server.RaftServer$Division (RaftServerImpl.java:checkInconsistentAppendEntries(1288)) - omNode-1@group-523986131536: inconsistency entries. Reply:omNode-2<-omNode-1#12188:FAIL-t9,INCONSISTENCY,nextIndex=19,followerCommit=18
2022-03-14 12:24:08,258 [grpc-default-executor-7] INFO  leader.FollowerInfo (FollowerInfoImpl.java:lambda$new$0(47)) - omNode-2@group-523986131536->omNode-1: nextIndex: updateUnconditionally 34 -> 19
2022-03-14 12:24:08,760 [grpc-default-executor-7] INFO  server.RaftServer$Division (RaftServerImpl.java:checkInconsistentAppendEntries(1322)) - omNode-1@group-523986131536: Failed appendEntries as previous log entry ((t:9, i:33)) is not found
2022-03-14 12:24:08,760 [grpc-default-executor-7] INFO  server.RaftServer$Division (RaftServerImpl.java:checkInconsistentAppendEntries(1288)) - omNode-1@group-523986131536: inconsistency entries. Reply:omNode-2<-omNode-1#12239:FAIL-t9,INCONSISTENCY,nextIndex=19,followerCommit=18
2022-03-14 12:24:08,760 [grpc-default-executor-7] INFO  leader.FollowerInfo (FollowerInfoImpl.java:lambda$new$0(47)) - omNode-2@group-523986131536->omNode-1: nextIndex: updateUnconditionally 34 -> 19
2022-03-14 12:24:09,262 [grpc-default-executor-7] INFO  server.RaftServer$Division (RaftServerImpl.java:checkInconsistentAppendEntries(1322)) - omNode-1@group-523986131536: Failed appendEntries as previous log entry ((t:9, i:33)) is not found
2022-03-14 12:24:09,262 [grpc-default-executor-7] INFO  server.RaftServer$Division (RaftServerImpl.java:checkInconsistentAppendEntries(1288)) - omNode-1@group-523986131536: inconsistency entries. Reply:omNode-2<-omNode-1#12290:FAIL-t9,INCONSISTENCY,nextIndex=19,followerCommit=18
2022-03-14 12:24:09,263 [grpc-default-executor-7] INFO  leader.FollowerInfo (FollowerInfoImpl.java:lambda$new$0(47)) - omNode-2@group-523986131536->omNode-1: nextIndex: updateUnconditionally 34 -> 19
2022-03-14 12:24:09,764 [grpc-default-executor-7] INFO  server.RaftServer$Division (RaftServerImpl.java:checkInconsistentAppendEntries(1322)) - omNode-1@group-523986131536: Failed appendEntries as previous log entry ((t:9, i:33)) is not found
2022-03-14 12:24:09,765 [grpc-default-executor-7] INFO  server.RaftServer$Division (RaftServerImpl.java:checkInconsistentAppendEntries(1288)) - omNode-1@group-523986131536: inconsistency entries. Reply:omNode-2<-omNode-1#12341:FAIL-t9,INCONSISTENCY,nextIndex=19,followerCommit=18
2022-03-14 12:24:09,765 [grpc-default-executor-7] INFO  leader.FollowerInfo (FollowerInfoImpl.java:lambda$new$0(47)) - omNode-2@group-523986131536->omNode-1: nextIndex: updateUnconditionally 34 -> 19
2022-03-14 12:24:10,232 [Time-limited test] INFO  om.OzoneManager (OzoneManager.java:stop(1893)) - omNode-3[localhost:38867]: Stopping Ozone Manager
2022-03-14 12:24:10,232 [Time-limited test] INFO  ipc.Server (Server.java:stop(3414)) - Stopping server on 38867
2022-03-14 12:24:10,238 [IPC Server listener on 38867] INFO  ipc.Server (Server.java:run(1376)) - Stopping IPC Server listener on 38867
2022-03-14 12:24:10,238 [IPC Server Responder] INFO  ipc.Server (Server.java:run(1512)) - Stopping IPC Server Responder
2022-03-14 12:24:10,239 [Time-limited test] INFO  server.RaftServer (RaftServerProxy.java:lambda$close$6(391)) - omNode-3: close
2022-03-14 12:24:10,239 [Time-limited test] INFO  server.RaftServer$Division (RaftServerImpl.java:lambda$close$4(412)) - omNode-3@group-523986131536: shutdown
2022-03-14 12:24:10,239 [Time-limited test] INFO  util.JmxRegister (JmxRegister.java:unregister(73)) - Successfully un-registered JMX Bean with object name Ratis:service=RaftServer,group=group-523986131536,id=omNode-3
2022-03-14 12:24:10,239 [Time-limited test] INFO  impl.RoleInfo (RoleInfo.java:shutdownFollowerState(108)) - omNode-3: shutdown omNode-3@group-523986131536-FollowerState
2022-03-14 12:24:10,239 [Time-limited test] INFO  impl.StateMachineUpdater (StateMachineUpdater.java:stopAndJoin(149)) - omNode-3@group-523986131536-StateMachineUpdater: set stopIndex = 33
2022-03-14 12:24:10,239 [omNode-3@group-523986131536-FollowerState] INFO  impl.FollowerState (FollowerState.java:run(143)) - omNode-3@group-523986131536-FollowerState was interrupted: {}
java.lang.InterruptedException: sleep interrupted
	at java.lang.Thread.sleep(Native Method)
	at java.lang.Thread.sleep(Thread.java:342)
	at java.util.concurrent.TimeUnit.sleep(TimeUnit.java:386)
	at org.apache.ratis.util.TimeDuration.sleep(TimeDuration.java:324)
	at org.apache.ratis.util.TimeDuration.sleep(TimeDuration.java:309)
	at org.apache.ratis.server.impl.FollowerState.run(FollowerState.java:118)
2022-03-14 12:24:10,239 [omNode-3@group-523986131536-StateMachineUpdater] INFO  ratis.OzoneManagerStateMachine (OzoneManagerStateMachine.java:takeSnapshot(417)) - Current Snapshot Index (t:9, i:33)
2022-03-14 12:24:10,239 [omNode-3@group-523986131536-StateMachineUpdater] INFO  impl.StateMachineUpdater (StateMachineUpdater.java:takeSnapshot(281)) - omNode-3@group-523986131536-StateMachineUpdater: Took a snapshot at index 33
2022-03-14 12:24:10,240 [omNode-3@group-523986131536-StateMachineUpdater] INFO  impl.StateMachineUpdater (StateMachineUpdater.java:lambda$new$0(89)) - omNode-3@group-523986131536-StateMachineUpdater: snapshotIndex: updateIncreasingly 28 -> 33
2022-03-14 12:24:10,240 [omNode-3@group-523986131536-StateMachineUpdater] INFO  ratis.OzoneManagerStateMachine (OzoneManagerStateMachine.java:close(471)) - StateMachine has shutdown. Shutdown OzoneManager if not already shutdown.
2022-03-14 12:24:10,240 [Time-limited test] INFO  server.RaftServer$Division (ServerState.java:close(419)) - omNode-3@group-523986131536: closes. applyIndex: 33
2022-03-14 12:24:10,240 [omNode-3@group-523986131536-SegmentedRaftLogWorker] INFO  segmented.SegmentedRaftLogWorker (SegmentedRaftLogWorker.java:run(327)) - omNode-3@group-523986131536-SegmentedRaftLogWorker was interrupted, exiting. There are 0 tasks remaining in the queue.
2022-03-14 12:24:10,242 [Time-limited test] INFO  segmented.SegmentedRaftLogWorker (SegmentedRaftLogWorker.java:close(237)) - omNode-3@group-523986131536-SegmentedRaftLogWorker close()
2022-03-14 12:24:10,243 [Time-limited test] INFO  server.GrpcService (GrpcService.java:closeImpl(262)) - omNode-3: shutdown server with port 38427 now
2022-03-14 12:24:10,244 [grpc-default-executor-7] WARN  server.GrpcServerProtocolService (LogUtils.java:warn(122)) - omNode-3: installSnapshot onError, lastRequest: omNode-2->omNode-3#63-t9,previous=(t:9, i:32),leaderCommit=32,initializing? true,entries: size=1, first=(t:9, i:33), METADATAENTRY(c:32): org.apache.ratis.thirdparty.io.grpc.StatusRuntimeException: CANCELLED: client cancelled
2022-03-14 12:24:10,250 [grpc-default-executor-10] WARN  server.GrpcLogAppender (LogUtils.java:warn(122)) - omNode-2@group-523986131536->omNode-3-AppendLogResponseHandler: Failed appendEntries: org.apache.ratis.thirdparty.io.grpc.StatusRuntimeException: CANCELLED: HTTP/2 error code: CANCEL
Received Rst Stream
2022-03-14 12:24:10,251 [grpc-default-executor-10] INFO  leader.FollowerInfo (FollowerInfoImpl.java:lambda$new$0(47)) - omNode-2@group-523986131536->omNode-3: nextIndex: updateUnconditionally 34 -> 33
2022-03-14 12:24:10,255 [Time-limited test] INFO  server.GrpcService (GrpcService.java:closeImpl(271)) - omNode-3: shutdown server with port 38427 successfully
2022-03-14 12:24:10,255 [org.apache.ratis.util.JvmPauseMonitor$$Lambda$422/892611887@2e8751e] INFO  util.JvmPauseMonitor (JvmPauseMonitor.java:run(109)) - JvmPauseMonitor-omNode-3: Stopped
2022-03-14 12:24:10,256 [Time-limited test] INFO  ratis.OzoneManagerDoubleBuffer (OzoneManagerDoubleBuffer.java:stop(437)) - Stopping OMDoubleBuffer flush thread
2022-03-14 12:24:10,256 [OMDoubleBufferFlushThread] INFO  ratis.OzoneManagerDoubleBuffer (OzoneManagerDoubleBuffer.java:flushTransactions(356)) - OMDoubleBuffer flush thread OMDoubleBufferFlushThread is interrupted and will exit. OMDoubleBufferFlushThread
2022-03-14 12:24:10,256 [Time-limited test] INFO  handler.ContextHandler (ContextHandler.java:doStop(1153)) - Stopped o.e.j.w.WebAppContext@273d3d16{ozoneManager,/,null,STOPPED}{file:/home/runner/work/ozone/ozone/hadoop-ozone/integration-test/target/test-classes/webapps/ozoneManager}
2022-03-14 12:24:10,257 [Time-limited test] INFO  server.AbstractConnector (AbstractConnector.java:doStop(381)) - Stopped ServerConnector@11c4073e{HTTP/1.1, (http/1.1)}{0.0.0.0:44195}
2022-03-14 12:24:10,257 [Time-limited test] INFO  server.session (HouseKeeper.java:stopScavenging(149)) - node0 Stopped scavenging
2022-03-14 12:24:10,257 [Time-limited test] INFO  handler.ContextHandler (ContextHandler.java:doStop(1153)) - Stopped o.e.j.s.ServletContextHandler@7ea427a5{static,/static,file:///home/runner/work/ozone/ozone/hadoop-ozone/integration-test/target/test-classes/webapps/static,STOPPED}
2022-03-14 12:24:10,257 [Time-limited test] INFO  handler.ContextHandler (ContextHandler.java:doStop(1153)) - Stopped o.e.j.s.ServletContextHandler@3188fab9{logs,/logs,file:///home/runner/work/ozone/ozone/hadoop-ozone/integration-test/target/log,STOPPED}
2022-03-14 12:24:10,260 [grpc-default-executor-9] WARN  server.GrpcLogAppender (LogUtils.java:warn(122)) - omNode-2@group-523986131536->omNode-3-AppendLogResponseHandler: Failed appendEntries: org.apache.ratis.thirdparty.io.grpc.StatusRuntimeException: UNAVAILABLE: io exception
2022-03-14 12:24:10,260 [grpc-default-executor-9] INFO  leader.FollowerInfo (FollowerInfoImpl.java:lambda$new$0(47)) - omNode-2@group-523986131536->omNode-3: nextIndex: updateUnconditionally 34 -> 33
2022-03-14 12:24:10,262 [Time-limited test] INFO  om.OzoneManager (OzoneManager.java:restart(1451)) - OzoneManager RPC server is listening at localhost/127.0.0.1:38867
2022-03-14 12:24:10,262 [Time-limited test] INFO  impl.MetricsSystemImpl (MetricsSystemImpl.java:init(158)) - OzoneManager metrics system started (again)
2022-03-14 12:24:10,266 [grpc-default-executor-9] INFO  server.RaftServer$Division (RaftServerImpl.java:checkInconsistentAppendEntries(1322)) - omNode-1@group-523986131536: Failed appendEntries as previous log entry ((t:9, i:33)) is not found
2022-03-14 12:24:10,266 [grpc-default-executor-9] INFO  server.RaftServer$Division (RaftServerImpl.java:checkInconsistentAppendEntries(1288)) - omNode-1@group-523986131536: inconsistency entries. Reply:omNode-2<-omNode-1#12392:FAIL-t9,INCONSISTENCY,nextIndex=19,followerCommit=18
2022-03-14 12:24:10,267 [grpc-default-executor-9] INFO  leader.FollowerInfo (FollowerInfoImpl.java:lambda$new$0(47)) - omNode-2@group-523986131536->omNode-1: nextIndex: updateUnconditionally 34 -> 19
2022-03-14 12:24:10,274 [Time-limited test] WARN  server.ServerUtils (ServerUtils.java:getDBPath(225)) - ozone.om.db.dirs is not configured. We recommend adding this setting. Falling back to ozone.metadata.dirs instead.
2022-03-14 12:24:10,274 [Time-limited test] INFO  codec.OmKeyInfoCodec (OmKeyInfoCodec.java:<init>(49)) - OmKeyInfoCodec ignorePipeline = true
2022-03-14 12:24:10,275 [Time-limited test] INFO  codec.RepeatedOmKeyInfoCodec (RepeatedOmKeyInfoCodec.java:<init>(41)) - RepeatedOmKeyInfoCodec ignorePipeline = true
2022-03-14 12:24:10,302 [Time-limited test] WARN  impl.MetricRegistriesImpl (MetricRegistriesImpl.java:addReporterRegistration(111)) - New reporters are added after registries were created. Some metrics will be missing from the reporter. Please add reporter before adding any new registry.
2022-03-14 12:24:10,302 [Time-limited test] WARN  impl.MetricRegistriesImpl (MetricRegistriesImpl.java:addReporterRegistration(111)) - New reporters are added after registries were created. Some metrics will be missing from the reporter. Please add reporter before adding any new registry.
2022-03-14 12:24:10,302 [Time-limited test] WARN  server.ServerUtils (ServerUtils.java:getDefaultRatisDirectory(237)) - Storage directory for Ratis is not configured. It is a good idea to map this to an SSD disk. Falling back to ozone.metadata.dirs
2022-03-14 12:24:10,303 [Time-limited test] INFO  ratis.OzoneManagerRatisServer (OzoneManagerRatisServer.java:<init>(159)) - Instantiating OM Ratis server with groupID: om-service-test1 and peers: localhost:38427, localhost:41375, localhost:40735
2022-03-14 12:24:10,303 [Time-limited test] INFO  ratis.OzoneManagerStateMachine (OzoneManagerStateMachine.java:loadSnapshotInfoFromDB(605)) - LastAppliedIndex is set from TransactionInfo from OM DB as (t:9, i:33)
2022-03-14 12:24:10,304 [Time-limited test] INFO  server.RaftServer (ConfUtils.java:logGet(44)) - raft.rpc.type = GRPC (default)
2022-03-14 12:24:10,304 [Time-limited test] INFO  grpc.GrpcFactory (GrpcFactory.java:checkPooledByteBufAllocatorUseCacheForAllThreads(48)) - PERFORMANCE WARNING: useCacheForAllThreads is true that may cause Netty to create a lot garbage objects and, as a result, trigger GC.
	It is recommended to disable useCacheForAllThreads by setting -Dorg.apache.ratis.thirdparty.io.netty.allocator.useCacheForAllThreads=false in command line.
2022-03-14 12:24:10,304 [Time-limited test] INFO  grpc.GrpcConfigKeys (ConfUtils.java:logGet(44)) - raft.grpc.admin.port = -1 (default)
2022-03-14 12:24:10,304 [Time-limited test] INFO  grpc.GrpcConfigKeys (ConfUtils.java:logGet(44)) - raft.grpc.server.port = 38427 (custom)
2022-03-14 12:24:10,304 [Time-limited test] INFO  grpc.GrpcConfigKeys (ConfUtils.java:logGet(44)) - raft.grpc.client.port = -1 (default)
2022-03-14 12:24:10,304 [Time-limited test] INFO  grpc.GrpcConfigKeys (ConfUtils.java:logGet(44)) - raft.grpc.server.port = 38427 (custom)
2022-03-14 12:24:10,304 [Time-limited test] INFO  grpc.GrpcConfigKeys (ConfUtils.java:logGet(44)) - raft.grpc.server.port = 38427 (custom)
2022-03-14 12:24:10,304 [Time-limited test] INFO  server.GrpcService (ConfUtils.java:logGet(44)) - raft.grpc.message.size.max = 33554432 (custom)
2022-03-14 12:24:10,304 [Time-limited test] INFO  server.RaftServerConfigKeys (ConfUtils.java:logGet(44)) - raft.server.log.appender.buffer.byte-limit = 33554432 (custom)
2022-03-14 12:24:10,304 [Time-limited test] INFO  server.GrpcService (ConfUtils.java:logGet(44)) - raft.grpc.flow.control.window = 1MB (=1048576) (default)
2022-03-14 12:24:10,304 [Time-limited test] INFO  server.RaftServerConfigKeys (ConfUtils.java:logGet(44)) - raft.server.rpc.request.timeout = 3000ms (default)
2022-03-14 12:24:10,305 [Time-limited test] INFO  impl.DataStreamServerImpl (ConfUtils.java:logGet(44)) - raft.datastream.type = DISABLED (default)
2022-03-14 12:24:10,305 [Time-limited test] INFO  server.RaftServerConfigKeys (ConfUtils.java:logGet(44)) - raft.server.rpc.slowness.timeout = 2s (custom)
2022-03-14 12:24:10,305 [Time-limited test] INFO  server.RaftServerConfigKeys (ConfUtils.java:logGet(44)) - raft.server.leaderelection.leader.step-down.wait-time = 10s (default)
2022-03-14 12:24:10,306 [Time-limited test] INFO  server.RaftServerConfigKeys (ConfUtils.java:logGet(44)) - raft.server.storage.dir = [/home/runner/work/ozone/ozone/hadoop-ozone/integration-test/target/test-dir/MiniOzoneClusterImpl-278953cb-1c57-4e8b-ba2f-5e3472d45912/omNode-3/ratis] (custom)
2022-03-14 12:24:10,306 [Time-limited test] INFO  server.RaftServer (RaftServerProxy.java:lambda$null$1(235)) - omNode-3: found a subdirectory /home/runner/work/ozone/ozone/hadoop-ozone/integration-test/target/test-dir/MiniOzoneClusterImpl-278953cb-1c57-4e8b-ba2f-5e3472d45912/omNode-3/ratis/c9bc4cf4-3bc3-3c60-a66b-523986131536
2022-03-14 12:24:10,306 [Time-limited test] INFO  server.RaftServer (RaftServerProxy.java:addNew(95)) - omNode-3: addNew group-523986131536:[omNode-3|rpc:localhost:38427|priority:0, omNode-1|rpc:localhost:41375|priority:0, omNode-2|rpc:localhost:40735|priority:0] returns group-523986131536:java.util.concurrent.CompletableFuture@771a2027[Not completed]
2022-03-14 12:24:10,306 [pool-372-thread-1] INFO  server.RaftServer$Division (RaftServerImpl.java:<init>(184)) - omNode-3: new RaftServerImpl for group-523986131536:[omNode-3|rpc:localhost:38427|priority:0, omNode-1|rpc:localhost:41375|priority:0, omNode-2|rpc:localhost:40735|priority:0] with OzoneManagerStateMachine:uninitialized
2022-03-14 12:24:10,306 [Time-limited test] INFO  om.OzoneManager (OzoneManager.java:initializeRatisServer(1834)) - OzoneManager Ratis server initialized at port 38427
2022-03-14 12:24:10,306 [Time-limited test] INFO  ratis.OzoneManagerRatisServer (OzoneManagerRatisServer.java:start(554)) - Starting OzoneManagerRatisServer omNode-3 at port 38427
2022-03-14 12:24:10,307 [pool-372-thread-1] INFO  server.RaftServerConfigKeys (ConfUtils.java:logGet(44)) - raft.server.rpc.timeout.min = 1s (custom)
2022-03-14 12:24:10,307 [pool-372-thread-1] INFO  server.RaftServerConfigKeys (ConfUtils.java:logGet(44)) - raft.server.rpc.timeout.max = 1200ms (custom)
2022-03-14 12:24:10,307 [pool-372-thread-1] INFO  server.RaftServerConfigKeys (ConfUtils.java:logGet(44)) - raft.server.rpc.sleep.time = 25ms (default)
2022-03-14 12:24:10,307 [pool-372-thread-1] INFO  server.RaftServerConfigKeys (ConfUtils.java:logGet(44)) - raft.server.rpc.slowness.timeout = 2s (custom)
2022-03-14 12:24:10,308 [pool-372-thread-1] INFO  server.RaftServerConfigKeys (ConfUtils.java:logGet(44)) - raft.server.leaderelection.leader.step-down.wait-time = 10s (default)
2022-03-14 12:24:10,308 [pool-372-thread-1] INFO  server.RaftServerConfigKeys (ConfUtils.java:logGet(44)) - raft.server.sleep.deviation.threshold = 300ms (default)
2022-03-14 12:24:10,308 [pool-372-thread-1] INFO  server.RaftServerConfigKeys (ConfUtils.java:logGet(44)) - raft.server.log.appender.install.snapshot.enabled = false (custom)
2022-03-14 12:24:10,308 [pool-372-thread-1] INFO  server.RaftServer$Division (ServerState.java:<init>(105)) - omNode-3@group-523986131536: ConfigurationManager, init=-1: [omNode-3|rpc:localhost:38427|priority:0, omNode-1|rpc:localhost:41375|priority:0, omNode-2|rpc:localhost:40735|priority:0], old=null, confs=<EMPTY_MAP>
2022-03-14 12:24:10,308 [pool-372-thread-1] INFO  server.RaftServerConfigKeys (ConfUtils.java:logGet(44)) - raft.server.storage.dir = [/home/runner/work/ozone/ozone/hadoop-ozone/integration-test/target/test-dir/MiniOzoneClusterImpl-278953cb-1c57-4e8b-ba2f-5e3472d45912/omNode-3/ratis] (custom)
2022-03-14 12:24:10,308 [pool-372-thread-1] INFO  server.RaftServerConfigKeys (ConfUtils.java:logGet(44)) - raft.server.log.corruption.policy = EXCEPTION (default)
2022-03-14 12:24:10,308 [pool-372-thread-1] INFO  server.RaftServerConfigKeys (ConfUtils.java:logGet(44)) - raft.server.storage.free-space.min = 0MB (=0) (default)
2022-03-14 12:24:10,310 [pool-372-thread-1] INFO  storage.RaftStorageDirectory (RaftStorageDirectoryImpl.java:tryLock(230)) - Lock on /home/runner/work/ozone/ozone/hadoop-ozone/integration-test/target/test-dir/MiniOzoneClusterImpl-278953cb-1c57-4e8b-ba2f-5e3472d45912/omNode-3/ratis/c9bc4cf4-3bc3-3c60-a66b-523986131536/in_use.lock acquired by nodename 10847@fv-az291-848
2022-03-14 12:24:10,310 [pool-372-thread-1] INFO  storage.RaftStorage (RaftStorageImpl.java:analyzeAndRecoverStorage(110)) - Read RaftStorageMetadata{term=9, votedFor=omNode-2} from /home/runner/work/ozone/ozone/hadoop-ozone/integration-test/target/test-dir/MiniOzoneClusterImpl-278953cb-1c57-4e8b-ba2f-5e3472d45912/omNode-3/ratis/c9bc4cf4-3bc3-3c60-a66b-523986131536/current/raft-meta
2022-03-14 12:24:10,310 [pool-372-thread-1] INFO  server.RaftServer$Division (ServerState.java:setRaftConf(387)) - omNode-3@group-523986131536: set configuration 30: [omNode-3|rpc:localhost:38427|admin:|client:|dataStream:|priority:0, omNode-1|rpc:localhost:41375|admin:|client:|dataStream:|priority:0, omNode-2|rpc:localhost:40735|admin:|client:|dataStream:|priority:0], old=null
2022-03-14 12:24:10,310 [pool-372-thread-1] INFO  server.RaftServerConfigKeys (ConfUtils.java:logGet(44)) - raft.server.notification.no-leader.timeout = 2s (custom)
2022-03-14 12:24:10,310 [pool-372-thread-1] INFO  server.RaftServerConfigKeys (ConfUtils.java:logGet(44)) - raft.server.log.use.memory = false (default)
2022-03-14 12:24:10,311 [pool-372-thread-1] INFO  server.RaftServerConfigKeys (ConfUtils.java:logGet(44)) - raft.server.log.purge.gap = 50 (custom)
2022-03-14 12:24:10,311 [pool-372-thread-1] INFO  server.RaftServerConfigKeys (ConfUtils.java:logGet(44)) - raft.server.log.appender.buffer.byte-limit = 33554432 (custom)
2022-03-14 12:24:10,311 [pool-372-thread-1] INFO  server.RaftServerConfigKeys (ConfUtils.java:logGet(44)) - raft.server.log.segment.size.max = 4194304 (custom)
2022-03-14 12:24:10,311 [pool-372-thread-1] INFO  server.RaftServerConfigKeys (ConfUtils.java:logGet(44)) - raft.server.log.segment.cache.num.max = 2 (custom)
2022-03-14 12:24:10,311 [pool-372-thread-1] INFO  server.RaftServerConfigKeys (ConfUtils.java:logGet(44)) - raft.server.log.segment.cache.size.max = 200MB (=209715200) (default)
2022-03-14 12:24:10,311 [pool-372-thread-1] INFO  segmented.SegmentedRaftLogWorker (SegmentedRaftLogWorker.java:<init>(182)) - new omNode-3@group-523986131536-SegmentedRaftLogWorker for RaftStorageImpl:Storage Directory /home/runner/work/ozone/ozone/hadoop-ozone/integration-test/target/test-dir/MiniOzoneClusterImpl-278953cb-1c57-4e8b-ba2f-5e3472d45912/omNode-3/ratis/c9bc4cf4-3bc3-3c60-a66b-523986131536
2022-03-14 12:24:10,311 [pool-372-thread-1] INFO  server.RaftServerConfigKeys (ConfUtils.java:logGet(44)) - raft.server.log.queue.byte-limit = 64MB (=67108864) (default)
2022-03-14 12:24:10,311 [pool-372-thread-1] INFO  server.RaftServerConfigKeys (ConfUtils.java:logGet(44)) - raft.server.log.queue.element-limit = 4096 (default)
2022-03-14 12:24:10,311 [pool-372-thread-1] INFO  server.RaftServerConfigKeys (ConfUtils.java:logGet(44)) - raft.server.log.segment.size.max = 4194304 (custom)
2022-03-14 12:24:10,311 [pool-372-thread-1] INFO  server.RaftServerConfigKeys (ConfUtils.java:logGet(44)) - raft.server.log.preallocated.size = 4194304 (custom)
2022-03-14 12:24:10,311 [pool-372-thread-1] INFO  server.RaftServerConfigKeys (ConfUtils.java:logGet(44)) - raft.server.log.force.sync.num = 128 (default)
2022-03-14 12:24:10,311 [pool-372-thread-1] INFO  server.RaftServerConfigKeys (ConfUtils.java:logGet(44)) - raft.server.log.statemachine.data.sync = true (default)
2022-03-14 12:24:10,311 [pool-372-thread-1] INFO  server.RaftServerConfigKeys (ConfUtils.java:logGet(44)) - raft.server.log.statemachine.data.sync.timeout = 10s (default)
2022-03-14 12:24:10,311 [pool-372-thread-1] INFO  server.RaftServerConfigKeys (ConfUtils.java:logGet(44)) - raft.server.log.statemachine.data.sync.timeout.retry = -1 (default)
2022-03-14 12:24:10,312 [pool-372-thread-1] INFO  server.RaftServerConfigKeys (ConfUtils.java:logGet(44)) - raft.server.log.write.buffer.size = 64KB (=65536) (default)
2022-03-14 12:24:10,312 [pool-372-thread-1] INFO  server.RaftServerConfigKeys (ConfUtils.java:logGet(44)) - raft.server.log.statemachine.data.caching.enabled = false (default)
2022-03-14 12:24:10,313 [pool-372-thread-1] INFO  server.RaftServer$Division (ServerState.java:setRaftConf(387)) - omNode-3@group-523986131536: set configuration 19: [omNode-3|rpc:localhost:38427|admin:|client:|dataStream:|priority:0, omNode-1|rpc:localhost:41375|admin:|client:|dataStream:|priority:0, omNode-2|rpc:localhost:40735|admin:|client:|dataStream:|priority:0], old=null
2022-03-14 12:24:10,313 [pool-372-thread-1] INFO  segmented.LogSegment (LogSegment.java:loadSegment(173)) - Successfully read 2 entries from segment file /home/runner/work/ozone/ozone/hadoop-ozone/integration-test/target/test-dir/MiniOzoneClusterImpl-278953cb-1c57-4e8b-ba2f-5e3472d45912/omNode-3/ratis/c9bc4cf4-3bc3-3c60-a66b-523986131536/current/log_19-20
2022-03-14 12:24:10,313 [pool-372-thread-1] INFO  server.RaftServer$Division (ServerState.java:setRaftConf(387)) - omNode-3@group-523986131536: set configuration 21: [omNode-3|rpc:localhost:38427|admin:|client:|dataStream:|priority:0, omNode-1|rpc:localhost:41375|admin:|client:|dataStream:|priority:0, omNode-2|rpc:localhost:40735|admin:|client:|dataStream:|priority:0], old=null
2022-03-14 12:24:10,313 [pool-372-thread-1] INFO  segmented.LogSegment (LogSegment.java:loadSegment(173)) - Successfully read 4 entries from segment file /home/runner/work/ozone/ozone/hadoop-ozone/integration-test/target/test-dir/MiniOzoneClusterImpl-278953cb-1c57-4e8b-ba2f-5e3472d45912/omNode-3/ratis/c9bc4cf4-3bc3-3c60-a66b-523986131536/current/log_21-24
2022-03-14 12:24:10,313 [pool-372-thread-1] INFO  server.RaftServer$Division (ServerState.java:setRaftConf(387)) - omNode-3@group-523986131536: set configuration 25: [omNode-3|rpc:localhost:38427|admin:|client:|dataStream:|priority:0, omNode-1|rpc:localhost:41375|admin:|client:|dataStream:|priority:0, omNode-2|rpc:localhost:40735|admin:|client:|dataStream:|priority:0], old=null
2022-03-14 12:24:10,313 [pool-372-thread-1] INFO  segmented.LogSegment (LogSegment.java:loadSegment(173)) - Successfully read 4 entries from segment file /home/runner/work/ozone/ozone/hadoop-ozone/integration-test/target/test-dir/MiniOzoneClusterImpl-278953cb-1c57-4e8b-ba2f-5e3472d45912/omNode-3/ratis/c9bc4cf4-3bc3-3c60-a66b-523986131536/current/log_25-28
2022-03-14 12:24:10,314 [pool-372-thread-1] INFO  server.RaftServer$Division (ServerState.java:setRaftConf(387)) - omNode-3@group-523986131536: set configuration 29: [omNode-3|rpc:localhost:38427|admin:|client:|dataStream:|priority:0, omNode-1|rpc:localhost:41375|admin:|client:|dataStream:|priority:0, omNode-2|rpc:localhost:40735|admin:|client:|dataStream:|priority:0], old=null
2022-03-14 12:24:10,314 [pool-372-thread-1] INFO  segmented.LogSegment (LogSegment.java:loadSegment(173)) - Successfully read 1 entries from segment file /home/runner/work/ozone/ozone/hadoop-ozone/integration-test/target/test-dir/MiniOzoneClusterImpl-278953cb-1c57-4e8b-ba2f-5e3472d45912/omNode-3/ratis/c9bc4cf4-3bc3-3c60-a66b-523986131536/current/log_29-29
2022-03-14 12:24:10,314 [pool-372-thread-1] INFO  server.RaftServer$Division (ServerState.java:setRaftConf(387)) - omNode-3@group-523986131536: set configuration 30: [omNode-3|rpc:localhost:38427|admin:|client:|dataStream:|priority:0, omNode-1|rpc:localhost:41375|admin:|client:|dataStream:|priority:0, omNode-2|rpc:localhost:40735|admin:|client:|dataStream:|priority:0], old=null
2022-03-14 12:24:10,314 [pool-372-thread-1] INFO  segmented.LogSegment (LogSegment.java:loadSegment(173)) - Successfully read 4 entries from segment file /home/runner/work/ozone/ozone/hadoop-ozone/integration-test/target/test-dir/MiniOzoneClusterImpl-278953cb-1c57-4e8b-ba2f-5e3472d45912/omNode-3/ratis/c9bc4cf4-3bc3-3c60-a66b-523986131536/current/log_inprogress_30
2022-03-14 12:24:10,314 [pool-372-thread-1] INFO  segmented.SegmentedRaftLogWorker (SegmentedRaftLogWorker.java:lambda$new$0(133)) - omNode-3@group-523986131536-SegmentedRaftLogWorker: flushIndex: setUnconditionally 0 -> 33
2022-03-14 12:24:10,314 [pool-372-thread-1] INFO  segmented.SegmentedRaftLogWorker (SegmentedRaftLogWorker.java:lambda$new$0(133)) - omNode-3@group-523986131536-SegmentedRaftLogWorker: safeCacheEvictIndex: setUnconditionally 0 -> 29
2022-03-14 12:24:10,314 [pool-372-thread-1] INFO  raftlog.RaftLog (RaftLogBase.java:lambda$new$0(53)) - omNode-3@group-523986131536-SegmentedRaftLog: commitIndex: updateToMax old=33, new=32, updated? false
2022-03-14 12:24:10,314 [pool-372-thread-1] INFO  raftlog.RaftLog (RaftLogBase.java:lambda$new$0(53)) - omNode-3@group-523986131536-SegmentedRaftLog: purgeIndex: updateIncreasingly -1 -> 18
2022-03-14 12:24:10,314 [pool-372-thread-1] INFO  server.RaftServerConfigKeys (ConfUtils.java:logGet(44)) - raft.server.snapshot.auto.trigger.enabled = true (custom)
2022-03-14 12:24:10,314 [pool-372-thread-1] INFO  server.RaftServerConfigKeys (ConfUtils.java:logGet(44)) - raft.server.snapshot.auto.trigger.threshold = 50 (custom)
2022-03-14 12:24:10,314 [pool-372-thread-1] INFO  server.RaftServerConfigKeys (ConfUtils.java:logGet(44)) - raft.server.snapshot.retention.file.num = -1 (default)
2022-03-14 12:24:10,314 [pool-372-thread-1] INFO  server.RaftServerConfigKeys (ConfUtils.java:logGet(44)) - raft.server.log.purge.upto.snapshot.index = true (custom)
2022-03-14 12:24:10,314 [pool-372-thread-1] INFO  server.RaftServerConfigKeys (ConfUtils.java:logGet(44)) - raft.server.retrycache.expirytime = 30000ms (custom)
2022-03-14 12:24:10,315 [pool-372-thread-1] INFO  server.RaftServerConfigKeys (ConfUtils.java:logGet(44)) - raft.server.retrycache.statistics.expirytime = 100μs (default)
2022-03-14 12:24:10,315 [Time-limited test] INFO  server.RaftServer$Division (RaftServerImpl.java:start(301)) - omNode-3@group-523986131536: start as a follower, conf=30: [omNode-3|rpc:localhost:38427|admin:|client:|dataStream:|priority:0, omNode-1|rpc:localhost:41375|admin:|client:|dataStream:|priority:0, omNode-2|rpc:localhost:40735|admin:|client:|dataStream:|priority:0], old=null
2022-03-14 12:24:10,316 [Time-limited test] INFO  server.RaftServer$Division (RaftServerImpl.java:setRole(290)) - omNode-3@group-523986131536: changes role from      null to FOLLOWER at term 9 for startAsFollower
2022-03-14 12:24:10,316 [Time-limited test] INFO  impl.RoleInfo (RoleInfo.java:updateAndGet(130)) - omNode-3: start omNode-3@group-523986131536-FollowerState
2022-03-14 12:24:10,316 [Time-limited test] INFO  util.JmxRegister (JmxRegister.java:tryRegister(44)) - Successfully registered JMX Bean with object name Ratis:service=RaftServer,group=group-523986131536,id=omNode-3
2022-03-14 12:24:10,316 [Time-limited test] INFO  server.RaftServer (RaftServerProxy.java:lambda$start$5(374)) - omNode-3: start RPC server
2022-03-14 12:24:10,317 [Time-limited test] INFO  server.GrpcService (GrpcService.java:startImpl(253)) - omNode-3: GrpcService started, listening on 38427
2022-03-14 12:24:10,317 [org.apache.ratis.util.JvmPauseMonitor$$Lambda$422/892611887@64804ef8] INFO  util.JvmPauseMonitor (JvmPauseMonitor.java:run(103)) - JvmPauseMonitor-omNode-3: Started
2022-03-14 12:24:10,318 [Time-limited test] INFO  ipc.CallQueueManager (CallQueueManager.java:<init>(90)) - Using callQueue: class java.util.concurrent.LinkedBlockingQueue, queueCapacity: 2000, scheduler: class org.apache.hadoop.ipc.DefaultRpcScheduler, ipcBackoff: false.
2022-03-14 12:24:10,318 [Socket Reader #1 for port 38867] INFO  ipc.Server (Server.java:run(1265)) - Starting Socket Reader #1 for port 38867
2022-03-14 12:24:10,321 [Listener at localhost/38867] INFO  http.BaseHttpServer (BaseHttpServer.java:newHttpServer2BuilderForOzone(209)) - Starting Web-server for ozoneManager at: http://0.0.0.0:44195
2022-03-14 12:24:10,321 [Listener at localhost/38867] INFO  http.BaseHttpServer (BaseHttpServer.java:<init>(107)) - Hadoop Security Enabled: false Ozone Security Enabled: false Ozone HTTP Security Enabled: false 
2022-03-14 12:24:10,322 [Listener at localhost/38867] INFO  server.AuthenticationFilter (AuthenticationFilter.java:constructSecretProvider(240)) - Unable to initialize FileSignerSecretProvider, falling back to use random secrets.
2022-03-14 12:24:10,324 [Listener at localhost/38867] WARN  http.HttpRequestLog (HttpRequestLog.java:getRequestLog(103)) - Jetty request log can only be enabled using Log4j
2022-03-14 12:24:10,325 [Listener at localhost/38867] INFO  http.HttpServer2 (HttpServer2.java:addGlobalFilter(1030)) - Added global filter 'safety' (class=org.apache.hadoop.hdds.server.http.HttpServer2$QuotingInputFilter)
2022-03-14 12:24:10,325 [Listener at localhost/38867] INFO  http.HttpServer2 (HttpServer2.java:addFilter(1006)) - Added filter static_user_filter (class=org.apache.hadoop.http.lib.StaticUserWebFilter$StaticUserFilter) to context ozoneManager
2022-03-14 12:24:10,325 [Listener at localhost/38867] INFO  http.HttpServer2 (HttpServer2.java:addFilter(1014)) - Added filter static_user_filter (class=org.apache.hadoop.http.lib.StaticUserWebFilter$StaticUserFilter) to context logs
2022-03-14 12:24:10,325 [Listener at localhost/38867] INFO  http.HttpServer2 (HttpServer2.java:addFilter(1014)) - Added filter static_user_filter (class=org.apache.hadoop.http.lib.StaticUserWebFilter$StaticUserFilter) to context static
2022-03-14 12:24:10,326 [Listener at localhost/38867] INFO  http.HttpServer2 (HttpServer2.java:bindListener(1249)) - Jetty bound to port 44195
2022-03-14 12:24:10,326 [Listener at localhost/38867] INFO  server.Server (Server.java:doStart(375)) - jetty-9.4.43.v20210629; built: 2021-06-30T11:07:22.254Z; git: 526006ecfa3af7f1a27ef3a288e2bef7ea9dd7e8; jvm 1.8.0_322-b06
2022-03-14 12:24:10,330 [Listener at localhost/38867] INFO  server.session (DefaultSessionIdManager.java:doStart(334)) - DefaultSessionIdManager workerName=node0
2022-03-14 12:24:10,330 [Listener at localhost/38867] INFO  server.session (DefaultSessionIdManager.java:doStart(339)) - No SessionScavenger set, using defaults
2022-03-14 12:24:10,330 [Listener at localhost/38867] INFO  server.session (HouseKeeper.java:startScavenging(132)) - node0 Scavenging every 660000ms
2022-03-14 12:24:10,330 [Listener at localhost/38867] INFO  handler.ContextHandler (ContextHandler.java:doStart(915)) - Started o.e.j.s.ServletContextHandler@4e66e527{logs,/logs,file:///home/runner/work/ozone/ozone/hadoop-ozone/integration-test/target/log,AVAILABLE}
2022-03-14 12:24:10,331 [Listener at localhost/38867] INFO  handler.ContextHandler (ContextHandler.java:doStart(915)) - Started o.e.j.s.ServletContextHandler@72984691{static,/static,file:///home/runner/work/ozone/ozone/hadoop-ozone/integration-test/target/test-classes/webapps/static,AVAILABLE}
2022-03-14 12:24:10,333 [Listener at localhost/38867] INFO  handler.ContextHandler (ContextHandler.java:doStart(915)) - Started o.e.j.w.WebAppContext@5024fabc{ozoneManager,/,file:///home/runner/work/ozone/ozone/hadoop-ozone/integration-test/target/test-classes/webapps/ozoneManager/,AVAILABLE}{file:/home/runner/work/ozone/ozone/hadoop-ozone/integration-test/target/test-classes/webapps/ozoneManager}
2022-03-14 12:24:10,334 [Listener at localhost/38867] INFO  server.AbstractConnector (AbstractConnector.java:doStart(331)) - Started ServerConnector@780ef031{HTTP/1.1, (http/1.1)}{0.0.0.0:44195}
2022-03-14 12:24:10,335 [Listener at localhost/38867] INFO  server.Server (Server.java:doStart(415)) - Started @414629ms
2022-03-14 12:24:10,335 [Listener at localhost/38867] WARN  impl.MetricsSystemImpl (MetricsSystemImpl.java:register(279)) - Sink prometheus already exists!
2022-03-14 12:24:10,335 [Listener at localhost/38867] INFO  http.BaseHttpServer (BaseHttpServer.java:updateConnectorAddress(329)) - HTTP server of ozoneManager listening at http://0.0.0.0:44195
2022-03-14 12:24:10,335 [IPC Server Responder] INFO  ipc.Server (Server.java:run(1507)) - IPC Server Responder: starting
2022-03-14 12:24:10,336 [IPC Server listener on 38867] INFO  ipc.Server (Server.java:run(1344)) - IPC Server listener on 38867: starting
2022-03-14 12:24:10,346 [Listener at localhost/38867] INFO  om.OzoneManager (OzoneManager.java:startTrashEmptier(1792)) - Trash Interval set to 0. Files deleted will not move to trash
2022-03-14 12:24:10,346 [Listener at localhost/38867] INFO  om.OzoneManager (OzoneManager.java:stop(1893)) - omNode-1[localhost:33717]: Stopping Ozone Manager
2022-03-14 12:24:10,346 [Listener at localhost/38867] INFO  ipc.Server (Server.java:stop(3414)) - Stopping server on 33717
2022-03-14 12:24:10,349 [IPC Server listener on 33717] INFO  ipc.Server (Server.java:run(1376)) - Stopping IPC Server listener on 33717
2022-03-14 12:24:10,349 [org.apache.hadoop.util.JvmPauseMonitor$Monitor@76cc2949] INFO  util.JvmPauseMonitor (JvmPauseMonitor.java:run(188)) - Starting JVM pause monitor
2022-03-14 12:24:10,349 [IPC Server Responder] INFO  ipc.Server (Server.java:run(1512)) - Stopping IPC Server Responder
2022-03-14 12:24:10,349 [Listener at localhost/38867] INFO  server.RaftServer (RaftServerProxy.java:lambda$close$6(391)) - omNode-1: close
2022-03-14 12:24:10,349 [Listener at localhost/38867] INFO  server.RaftServer$Division (RaftServerImpl.java:lambda$close$4(412)) - omNode-1@group-523986131536: shutdown
2022-03-14 12:24:10,349 [Listener at localhost/38867] INFO  util.JmxRegister (JmxRegister.java:unregister(73)) - Successfully un-registered JMX Bean with object name Ratis:service=RaftServer,group=group-523986131536,id=omNode-1
2022-03-14 12:24:10,350 [Listener at localhost/38867] INFO  impl.RoleInfo (RoleInfo.java:shutdownFollowerState(108)) - omNode-1: shutdown omNode-1@group-523986131536-FollowerState
2022-03-14 12:24:10,350 [Listener at localhost/38867] INFO  impl.StateMachineUpdater (StateMachineUpdater.java:stopAndJoin(149)) - omNode-1@group-523986131536-StateMachineUpdater: set stopIndex = 18
2022-03-14 12:24:10,350 [omNode-1@group-523986131536-FollowerState] INFO  impl.FollowerState (FollowerState.java:run(143)) - omNode-1@group-523986131536-FollowerState was interrupted: {}
java.lang.InterruptedException: sleep interrupted
	at java.lang.Thread.sleep(Native Method)
	at java.lang.Thread.sleep(Thread.java:342)
	at java.util.concurrent.TimeUnit.sleep(TimeUnit.java:386)
	at org.apache.ratis.util.TimeDuration.sleep(TimeDuration.java:324)
	at org.apache.ratis.util.TimeDuration.sleep(TimeDuration.java:309)
	at org.apache.ratis.server.impl.FollowerState.run(FollowerState.java:118)
2022-03-14 12:24:10,350 [omNode-1@group-523986131536-StateMachineUpdater] INFO  ratis.OzoneManagerStateMachine (OzoneManagerStateMachine.java:close(471)) - StateMachine has shutdown. Shutdown OzoneManager if not already shutdown.
2022-03-14 12:24:10,352 [Listener at localhost/38867] INFO  server.RaftServer$Division (ServerState.java:close(419)) - omNode-1@group-523986131536: closes. applyIndex: 18
2022-03-14 12:24:10,352 [omNode-1@group-523986131536-SegmentedRaftLogWorker] INFO  segmented.SegmentedRaftLogWorker (SegmentedRaftLogWorker.java:run(327)) - omNode-1@group-523986131536-SegmentedRaftLogWorker was interrupted, exiting. There are 0 tasks remaining in the queue.
2022-03-14 12:24:10,352 [Listener at localhost/38867] INFO  segmented.SegmentedRaftLogWorker (SegmentedRaftLogWorker.java:close(237)) - omNode-1@group-523986131536-SegmentedRaftLogWorker close()
2022-03-14 12:24:10,353 [Listener at localhost/38867] INFO  server.GrpcService (GrpcService.java:closeImpl(262)) - omNode-1: shutdown server with port 41375 now
2022-03-14 12:24:10,354 [grpc-default-executor-7] WARN  server.GrpcServerProtocolService (LogUtils.java:warn(122)) - omNode-1: installSnapshot onError, lastRequest: omNode-2->omNode-1#12393-t9,previous=(t:0, i:0),leaderCommit=15,initializing? false,entries: size=15, first=(t:3, i:19), CONFIGURATIONENTRY: org.apache.ratis.thirdparty.io.grpc.StatusRuntimeException: CANCELLED: client cancelled
2022-03-14 12:24:10,357 [grpc-default-executor-9] INFO  server.GrpcLogAppender (GrpcLogAppender.java:onError(335)) - omNode-2@group-523986131536->omNode-1-GrpcLogAppender is stopped
2022-03-14 12:24:10,357 [grpc-default-executor-7] WARN  server.GrpcLogAppender (LogUtils.java:warn(122)) - omNode-2@group-523986131536->omNode-1-AppendLogResponseHandler: Failed appendEntries: org.apache.ratis.thirdparty.io.grpc.StatusRuntimeException: CANCELLED: HTTP/2 error code: CANCEL
Received Rst Stream
2022-03-14 12:24:10,357 [grpc-default-executor-7] INFO  leader.FollowerInfo (FollowerInfoImpl.java:lambda$new$0(47)) - omNode-2@group-523986131536->omNode-1: nextIndex: updateUnconditionally 34 -> 19
2022-03-14 12:24:10,358 [grpc-default-executor-11] WARN  server.GrpcServerProtocolService (LogUtils.java:warn(122)) - omNode-1: installSnapshot onError, lastRequest: omNode-2->omNode-1#1-t9,previous=(t:7, i:29),leaderCommit=28,initializing? true,entries: size=1, first=(t:9, i:30), CONFIGURATIONENTRY: org.apache.ratis.thirdparty.io.grpc.StatusRuntimeException: CANCELLED: client cancelled
2022-03-14 12:24:10,358 [Listener at localhost/38867] INFO  server.GrpcService (GrpcService.java:closeImpl(271)) - omNode-1: shutdown server with port 41375 successfully
2022-03-14 12:24:10,358 [org.apache.ratis.util.JvmPauseMonitor$$Lambda$422/892611887@15a386c7] INFO  util.JvmPauseMonitor (JvmPauseMonitor.java:run(109)) - JvmPauseMonitor-omNode-1: Stopped
2022-03-14 12:24:10,358 [Listener at localhost/38867] INFO  ratis.OzoneManagerDoubleBuffer (OzoneManagerDoubleBuffer.java:stop(437)) - Stopping OMDoubleBuffer flush thread
2022-03-14 12:24:10,358 [OMDoubleBufferFlushThread] INFO  ratis.OzoneManagerDoubleBuffer (OzoneManagerDoubleBuffer.java:flushTransactions(356)) - OMDoubleBuffer flush thread OMDoubleBufferFlushThread is interrupted and will exit. OMDoubleBufferFlushThread
2022-03-14 12:24:10,359 [Listener at localhost/38867] INFO  handler.ContextHandler (ContextHandler.java:doStop(1153)) - Stopped o.e.j.w.WebAppContext@dcc8ba7{ozoneManager,/,null,STOPPED}{file:/home/runner/work/ozone/ozone/hadoop-ozone/integration-test/target/test-classes/webapps/ozoneManager}
2022-03-14 12:24:10,360 [Listener at localhost/38867] INFO  server.AbstractConnector (AbstractConnector.java:doStop(381)) - Stopped ServerConnector@53bfd114{HTTP/1.1, (http/1.1)}{0.0.0.0:46861}
2022-03-14 12:24:10,360 [Listener at localhost/38867] INFO  server.session (HouseKeeper.java:stopScavenging(149)) - node0 Stopped scavenging
2022-03-14 12:24:10,360 [Listener at localhost/38867] INFO  handler.ContextHandler (ContextHandler.java:doStop(1153)) - Stopped o.e.j.s.ServletContextHandler@3d6b961d{static,/static,file:///home/runner/work/ozone/ozone/hadoop-ozone/integration-test/target/test-classes/webapps/static,STOPPED}
2022-03-14 12:24:10,360 [grpc-default-executor-9] WARN  server.GrpcLogAppender (LogUtils.java:warn(122)) - omNode-2@group-523986131536->omNode-1-AppendLogResponseHandler: Failed appendEntries: org.apache.ratis.thirdparty.io.grpc.StatusRuntimeException: UNAVAILABLE: io exception
2022-03-14 12:24:10,360 [Listener at localhost/38867] INFO  handler.ContextHandler (ContextHandler.java:doStop(1153)) - Stopped o.e.j.s.ServletContextHandler@550495da{logs,/logs,file:///home/runner/work/ozone/ozone/hadoop-ozone/integration-test/target/log,STOPPED}
2022-03-14 12:24:10,361 [grpc-default-executor-9] INFO  leader.FollowerInfo (FollowerInfoImpl.java:lambda$new$0(47)) - omNode-2@group-523986131536->omNode-1: nextIndex: updateUnconditionally 34 -> 19
2022-03-14 12:24:10,362 [Listener at localhost/38867] INFO  om.OzoneManager (OzoneManager.java:restart(1451)) - OzoneManager RPC server is listening at localhost/127.0.0.1:33717
2022-03-14 12:24:10,362 [Listener at localhost/38867] INFO  impl.MetricsSystemImpl (MetricsSystemImpl.java:init(158)) - OzoneManager metrics system started (again)
2022-03-14 12:24:10,376 [Listener at localhost/38867] WARN  server.ServerUtils (ServerUtils.java:getDBPath(225)) - ozone.om.db.dirs is not configured. We recommend adding this setting. Falling back to ozone.metadata.dirs instead.
2022-03-14 12:24:10,377 [Listener at localhost/38867] INFO  codec.OmKeyInfoCodec (OmKeyInfoCodec.java:<init>(49)) - OmKeyInfoCodec ignorePipeline = true
2022-03-14 12:24:10,377 [Listener at localhost/38867] INFO  codec.RepeatedOmKeyInfoCodec (RepeatedOmKeyInfoCodec.java:<init>(41)) - RepeatedOmKeyInfoCodec ignorePipeline = true
2022-03-14 12:24:10,404 [Listener at localhost/38867] WARN  om.OzoneManager (OzoneManager.java:instantiatePrepareStateOnStartup(3818)) - Prepare marker file index 18 does not match DB prepare index 15. Writing DB index to prepare file and maintaining prepared state.
2022-03-14 12:24:10,404 [Listener at localhost/38867] INFO  om.OzoneManagerPrepareState (OzoneManagerPrepareState.java:writePrepareMarkerFile(262)) - Prepare marker file written with log index 15 to file /home/runner/work/ozone/ozone/hadoop-ozone/integration-test/target/test-dir/MiniOzoneClusterImpl-278953cb-1c57-4e8b-ba2f-5e3472d45912/omNode-1/current/prepareMarker
2022-03-14 12:24:10,406 [Listener at localhost/38867] WARN  impl.MetricRegistriesImpl (MetricRegistriesImpl.java:addReporterRegistration(111)) - New reporters are added after registries were created. Some metrics will be missing from the reporter. Please add reporter before adding any new registry.
2022-03-14 12:24:10,406 [Listener at localhost/38867] WARN  impl.MetricRegistriesImpl (MetricRegistriesImpl.java:addReporterRegistration(111)) - New reporters are added after registries were created. Some metrics will be missing from the reporter. Please add reporter before adding any new registry.
2022-03-14 12:24:10,406 [Listener at localhost/38867] WARN  server.ServerUtils (ServerUtils.java:getDefaultRatisDirectory(237)) - Storage directory for Ratis is not configured. It is a good idea to map this to an SSD disk. Falling back to ozone.metadata.dirs
2022-03-14 12:24:10,407 [Listener at localhost/38867] INFO  ratis.OzoneManagerRatisServer (OzoneManagerRatisServer.java:<init>(159)) - Instantiating OM Ratis server with groupID: om-service-test1 and peers: localhost:41375, localhost:38427, localhost:40735
2022-03-14 12:24:10,407 [Listener at localhost/38867] INFO  ratis.OzoneManagerStateMachine (OzoneManagerStateMachine.java:loadSnapshotInfoFromDB(605)) - LastAppliedIndex is set from TransactionInfo from OM DB as (t:2, i:18)
2022-03-14 12:24:10,407 [Listener at localhost/38867] INFO  server.RaftServer (ConfUtils.java:logGet(44)) - raft.rpc.type = GRPC (default)
2022-03-14 12:24:10,407 [Listener at localhost/38867] INFO  grpc.GrpcFactory (GrpcFactory.java:checkPooledByteBufAllocatorUseCacheForAllThreads(48)) - PERFORMANCE WARNING: useCacheForAllThreads is true that may cause Netty to create a lot garbage objects and, as a result, trigger GC.
	It is recommended to disable useCacheForAllThreads by setting -Dorg.apache.ratis.thirdparty.io.netty.allocator.useCacheForAllThreads=false in command line.
2022-03-14 12:24:10,408 [Listener at localhost/38867] INFO  grpc.GrpcConfigKeys (ConfUtils.java:logGet(44)) - raft.grpc.admin.port = -1 (default)
2022-03-14 12:24:10,408 [Listener at localhost/38867] INFO  grpc.GrpcConfigKeys (ConfUtils.java:logGet(44)) - raft.grpc.server.port = 41375 (custom)
2022-03-14 12:24:10,408 [Listener at localhost/38867] INFO  grpc.GrpcConfigKeys (ConfUtils.java:logGet(44)) - raft.grpc.client.port = -1 (default)
2022-03-14 12:24:10,408 [Listener at localhost/38867] INFO  grpc.GrpcConfigKeys (ConfUtils.java:logGet(44)) - raft.grpc.server.port = 41375 (custom)
2022-03-14 12:24:10,408 [Listener at localhost/38867] INFO  grpc.GrpcConfigKeys (ConfUtils.java:logGet(44)) - raft.grpc.server.port = 41375 (custom)
2022-03-14 12:24:10,408 [Listener at localhost/38867] INFO  server.GrpcService (ConfUtils.java:logGet(44)) - raft.grpc.message.size.max = 33554432 (custom)
2022-03-14 12:24:10,408 [Listener at localhost/38867] INFO  server.RaftServerConfigKeys (ConfUtils.java:logGet(44)) - raft.server.log.appender.buffer.byte-limit = 33554432 (custom)
2022-03-14 12:24:10,408 [Listener at localhost/38867] INFO  server.GrpcService (ConfUtils.java:logGet(44)) - raft.grpc.flow.control.window = 1MB (=1048576) (default)
2022-03-14 12:24:10,408 [Listener at localhost/38867] INFO  server.RaftServerConfigKeys (ConfUtils.java:logGet(44)) - raft.server.rpc.request.timeout = 3000ms (default)
2022-03-14 12:24:10,409 [Listener at localhost/38867] INFO  impl.DataStreamServerImpl (ConfUtils.java:logGet(44)) - raft.datastream.type = DISABLED (default)
2022-03-14 12:24:10,409 [Listener at localhost/38867] INFO  server.RaftServerConfigKeys (ConfUtils.java:logGet(44)) - raft.server.rpc.slowness.timeout = 2s (custom)
2022-03-14 12:24:10,409 [Listener at localhost/38867] INFO  server.RaftServerConfigKeys (ConfUtils.java:logGet(44)) - raft.server.leaderelection.leader.step-down.wait-time = 10s (default)
2022-03-14 12:24:10,409 [Listener at localhost/38867] INFO  server.RaftServerConfigKeys (ConfUtils.java:logGet(44)) - raft.server.storage.dir = [/home/runner/work/ozone/ozone/hadoop-ozone/integration-test/target/test-dir/MiniOzoneClusterImpl-278953cb-1c57-4e8b-ba2f-5e3472d45912/omNode-1/ratis] (custom)
2022-03-14 12:24:10,410 [Listener at localhost/38867] INFO  server.RaftServer (RaftServerProxy.java:lambda$null$1(235)) - omNode-1: found a subdirectory /home/runner/work/ozone/ozone/hadoop-ozone/integration-test/target/test-dir/MiniOzoneClusterImpl-278953cb-1c57-4e8b-ba2f-5e3472d45912/omNode-1/ratis/c9bc4cf4-3bc3-3c60-a66b-523986131536
2022-03-14 12:24:10,410 [Listener at localhost/38867] INFO  server.RaftServer (RaftServerProxy.java:addNew(95)) - omNode-1: addNew group-523986131536:[omNode-3|rpc:localhost:38427|priority:0, omNode-1|rpc:localhost:41375|priority:0, omNode-2|rpc:localhost:40735|priority:0] returns group-523986131536:java.util.concurrent.CompletableFuture@6e964d71[Not completed]
2022-03-14 12:24:10,410 [pool-392-thread-1] INFO  server.RaftServer$Division (RaftServerImpl.java:<init>(184)) - omNode-1: new RaftServerImpl for group-523986131536:[omNode-3|rpc:localhost:38427|priority:0, omNode-1|rpc:localhost:41375|priority:0, omNode-2|rpc:localhost:40735|priority:0] with OzoneManagerStateMachine:uninitialized
2022-03-14 12:24:10,410 [Listener at localhost/38867] INFO  om.OzoneManager (OzoneManager.java:initializeRatisServer(1834)) - OzoneManager Ratis server initialized at port 41375
2022-03-14 12:24:10,410 [Listener at localhost/38867] INFO  ratis.OzoneManagerRatisServer (OzoneManagerRatisServer.java:start(554)) - Starting OzoneManagerRatisServer omNode-1 at port 41375
2022-03-14 12:24:10,411 [pool-392-thread-1] INFO  server.RaftServerConfigKeys (ConfUtils.java:logGet(44)) - raft.server.rpc.timeout.min = 1s (custom)
2022-03-14 12:24:10,412 [pool-392-thread-1] INFO  server.RaftServerConfigKeys (ConfUtils.java:logGet(44)) - raft.server.rpc.timeout.max = 1200ms (custom)
2022-03-14 12:24:10,412 [pool-392-thread-1] INFO  server.RaftServerConfigKeys (ConfUtils.java:logGet(44)) - raft.server.rpc.sleep.time = 25ms (default)
2022-03-14 12:24:10,412 [pool-392-thread-1] INFO  server.RaftServerConfigKeys (ConfUtils.java:logGet(44)) - raft.server.rpc.slowness.timeout = 2s (custom)
2022-03-14 12:24:10,412 [pool-392-thread-1] INFO  server.RaftServerConfigKeys (ConfUtils.java:logGet(44)) - raft.server.leaderelection.leader.step-down.wait-time = 10s (default)
2022-03-14 12:24:10,412 [pool-392-thread-1] INFO  server.RaftServerConfigKeys (ConfUtils.java:logGet(44)) - raft.server.sleep.deviation.threshold = 300ms (default)
2022-03-14 12:24:10,412 [pool-392-thread-1] INFO  server.RaftServerConfigKeys (ConfUtils.java:logGet(44)) - raft.server.log.appender.install.snapshot.enabled = false (custom)
2022-03-14 12:24:10,412 [pool-392-thread-1] INFO  server.RaftServer$Division (ServerState.java:<init>(105)) - omNode-1@group-523986131536: ConfigurationManager, init=-1: [omNode-3|rpc:localhost:38427|priority:0, omNode-1|rpc:localhost:41375|priority:0, omNode-2|rpc:localhost:40735|priority:0], old=null, confs=<EMPTY_MAP>
2022-03-14 12:24:10,412 [pool-392-thread-1] INFO  server.RaftServerConfigKeys (ConfUtils.java:logGet(44)) - raft.server.storage.dir = [/home/runner/work/ozone/ozone/hadoop-ozone/integration-test/target/test-dir/MiniOzoneClusterImpl-278953cb-1c57-4e8b-ba2f-5e3472d45912/omNode-1/ratis] (custom)
2022-03-14 12:24:10,412 [pool-392-thread-1] INFO  server.RaftServerConfigKeys (ConfUtils.java:logGet(44)) - raft.server.log.corruption.policy = EXCEPTION (default)
2022-03-14 12:24:10,412 [pool-392-thread-1] INFO  server.RaftServerConfigKeys (ConfUtils.java:logGet(44)) - raft.server.storage.free-space.min = 0MB (=0) (default)
2022-03-14 12:24:10,413 [pool-392-thread-1] INFO  storage.RaftStorageDirectory (RaftStorageDirectoryImpl.java:tryLock(230)) - Lock on /home/runner/work/ozone/ozone/hadoop-ozone/integration-test/target/test-dir/MiniOzoneClusterImpl-278953cb-1c57-4e8b-ba2f-5e3472d45912/omNode-1/ratis/c9bc4cf4-3bc3-3c60-a66b-523986131536/in_use.lock acquired by nodename 10847@fv-az291-848
2022-03-14 12:24:10,413 [pool-392-thread-1] INFO  storage.RaftStorage (RaftStorageImpl.java:analyzeAndRecoverStorage(110)) - Read RaftStorageMetadata{term=9, votedFor=omNode-2} from /home/runner/work/ozone/ozone/hadoop-ozone/integration-test/target/test-dir/MiniOzoneClusterImpl-278953cb-1c57-4e8b-ba2f-5e3472d45912/omNode-1/ratis/c9bc4cf4-3bc3-3c60-a66b-523986131536/current/raft-meta
2022-03-14 12:24:10,413 [pool-392-thread-1] INFO  server.RaftServer$Division (ServerState.java:setRaftConf(387)) - omNode-1@group-523986131536: set configuration 30: [omNode-3|rpc:localhost:38427|admin:|client:|dataStream:|priority:0, omNode-1|rpc:localhost:41375|admin:|client:|dataStream:|priority:0, omNode-2|rpc:localhost:40735|admin:|client:|dataStream:|priority:0], old=null
2022-03-14 12:24:10,413 [pool-392-thread-1] INFO  server.RaftServerConfigKeys (ConfUtils.java:logGet(44)) - raft.server.notification.no-leader.timeout = 2s (custom)
2022-03-14 12:24:10,413 [pool-392-thread-1] INFO  server.RaftServerConfigKeys (ConfUtils.java:logGet(44)) - raft.server.log.use.memory = false (default)
2022-03-14 12:24:10,414 [pool-392-thread-1] INFO  server.RaftServerConfigKeys (ConfUtils.java:logGet(44)) - raft.server.log.purge.gap = 50 (custom)
2022-03-14 12:24:10,414 [pool-392-thread-1] INFO  server.RaftServerConfigKeys (ConfUtils.java:logGet(44)) - raft.server.log.appender.buffer.byte-limit = 33554432 (custom)
2022-03-14 12:24:10,414 [pool-392-thread-1] INFO  server.RaftServerConfigKeys (ConfUtils.java:logGet(44)) - raft.server.log.segment.size.max = 4194304 (custom)
2022-03-14 12:24:10,414 [pool-392-thread-1] INFO  server.RaftServerConfigKeys (ConfUtils.java:logGet(44)) - raft.server.log.segment.cache.num.max = 2 (custom)
2022-03-14 12:24:10,414 [pool-392-thread-1] INFO  server.RaftServerConfigKeys (ConfUtils.java:logGet(44)) - raft.server.log.segment.cache.size.max = 200MB (=209715200) (default)
2022-03-14 12:24:10,414 [pool-392-thread-1] INFO  segmented.SegmentedRaftLogWorker (SegmentedRaftLogWorker.java:<init>(182)) - new omNode-1@group-523986131536-SegmentedRaftLogWorker for RaftStorageImpl:Storage Directory /home/runner/work/ozone/ozone/hadoop-ozone/integration-test/target/test-dir/MiniOzoneClusterImpl-278953cb-1c57-4e8b-ba2f-5e3472d45912/omNode-1/ratis/c9bc4cf4-3bc3-3c60-a66b-523986131536
2022-03-14 12:24:10,414 [pool-392-thread-1] INFO  server.RaftServerConfigKeys (ConfUtils.java:logGet(44)) - raft.server.log.queue.byte-limit = 64MB (=67108864) (default)
2022-03-14 12:24:10,414 [pool-392-thread-1] INFO  server.RaftServerConfigKeys (ConfUtils.java:logGet(44)) - raft.server.log.queue.element-limit = 4096 (default)
2022-03-14 12:24:10,414 [pool-392-thread-1] INFO  server.RaftServerConfigKeys (ConfUtils.java:logGet(44)) - raft.server.log.segment.size.max = 4194304 (custom)
2022-03-14 12:24:10,414 [pool-392-thread-1] INFO  server.RaftServerConfigKeys (ConfUtils.java:logGet(44)) - raft.server.log.preallocated.size = 4194304 (custom)
2022-03-14 12:24:10,414 [pool-392-thread-1] INFO  server.RaftServerConfigKeys (ConfUtils.java:logGet(44)) - raft.server.log.force.sync.num = 128 (default)
2022-03-14 12:24:10,414 [pool-392-thread-1] INFO  server.RaftServerConfigKeys (ConfUtils.java:logGet(44)) - raft.server.log.statemachine.data.sync = true (default)
2022-03-14 12:24:10,414 [pool-392-thread-1] INFO  server.RaftServerConfigKeys (ConfUtils.java:logGet(44)) - raft.server.log.statemachine.data.sync.timeout = 10s (default)
2022-03-14 12:24:10,414 [pool-392-thread-1] INFO  server.RaftServerConfigKeys (ConfUtils.java:logGet(44)) - raft.server.log.statemachine.data.sync.timeout.retry = -1 (default)
2022-03-14 12:24:10,415 [pool-392-thread-1] INFO  server.RaftServerConfigKeys (ConfUtils.java:logGet(44)) - raft.server.log.write.buffer.size = 64KB (=65536) (default)
2022-03-14 12:24:10,415 [pool-392-thread-1] INFO  server.RaftServerConfigKeys (ConfUtils.java:logGet(44)) - raft.server.log.statemachine.data.caching.enabled = false (default)
2022-03-14 12:24:10,415 [pool-392-thread-1] INFO  segmented.SegmentedRaftLogWorker (SegmentedRaftLogWorker.java:lambda$new$0(133)) - omNode-1@group-523986131536-SegmentedRaftLogWorker: flushIndex: setUnconditionally 0 -> 18
2022-03-14 12:24:10,415 [pool-392-thread-1] INFO  segmented.SegmentedRaftLogWorker (SegmentedRaftLogWorker.java:lambda$new$0(133)) - omNode-1@group-523986131536-SegmentedRaftLogWorker: safeCacheEvictIndex: setUnconditionally 0 -> -1
2022-03-14 12:24:10,416 [pool-392-thread-1] INFO  server.RaftServerConfigKeys (ConfUtils.java:logGet(44)) - raft.server.snapshot.auto.trigger.enabled = true (custom)
2022-03-14 12:24:10,416 [pool-392-thread-1] INFO  server.RaftServerConfigKeys (ConfUtils.java:logGet(44)) - raft.server.snapshot.auto.trigger.threshold = 50 (custom)
2022-03-14 12:24:10,416 [pool-392-thread-1] INFO  server.RaftServerConfigKeys (ConfUtils.java:logGet(44)) - raft.server.snapshot.retention.file.num = -1 (default)
2022-03-14 12:24:10,416 [pool-392-thread-1] INFO  server.RaftServerConfigKeys (ConfUtils.java:logGet(44)) - raft.server.log.purge.upto.snapshot.index = true (custom)
2022-03-14 12:24:10,416 [pool-392-thread-1] INFO  server.RaftServerConfigKeys (ConfUtils.java:logGet(44)) - raft.server.retrycache.expirytime = 30000ms (custom)
2022-03-14 12:24:10,416 [pool-392-thread-1] INFO  server.RaftServerConfigKeys (ConfUtils.java:logGet(44)) - raft.server.retrycache.statistics.expirytime = 100μs (default)
2022-03-14 12:24:10,418 [Listener at localhost/38867] INFO  server.RaftServer$Division (RaftServerImpl.java:start(301)) - omNode-1@group-523986131536: start as a follower, conf=30: [omNode-3|rpc:localhost:38427|admin:|client:|dataStream:|priority:0, omNode-1|rpc:localhost:41375|admin:|client:|dataStream:|priority:0, omNode-2|rpc:localhost:40735|admin:|client:|dataStream:|priority:0], old=null
2022-03-14 12:24:10,418 [Listener at localhost/38867] INFO  server.RaftServer$Division (RaftServerImpl.java:setRole(290)) - omNode-1@group-523986131536: changes role from      null to FOLLOWER at term 9 for startAsFollower
2022-03-14 12:24:10,418 [Listener at localhost/38867] INFO  impl.RoleInfo (RoleInfo.java:updateAndGet(130)) - omNode-1: start omNode-1@group-523986131536-FollowerState
2022-03-14 12:24:10,422 [Listener at localhost/38867] INFO  util.JmxRegister (JmxRegister.java:tryRegister(44)) - Successfully registered JMX Bean with object name Ratis:service=RaftServer,group=group-523986131536,id=omNode-1
2022-03-14 12:24:10,422 [Listener at localhost/38867] INFO  server.RaftServer (RaftServerProxy.java:lambda$start$5(374)) - omNode-1: start RPC server
2022-03-14 12:24:10,423 [Listener at localhost/38867] INFO  server.GrpcService (GrpcService.java:startImpl(253)) - omNode-1: GrpcService started, listening on 41375
2022-03-14 12:24:10,424 [Listener at localhost/38867] INFO  ipc.CallQueueManager (CallQueueManager.java:<init>(90)) - Using callQueue: class java.util.concurrent.LinkedBlockingQueue, queueCapacity: 2000, scheduler: class org.apache.hadoop.ipc.DefaultRpcScheduler, ipcBackoff: false.
2022-03-14 12:24:10,424 [org.apache.ratis.util.JvmPauseMonitor$$Lambda$422/892611887@6a25ea3b] INFO  util.JvmPauseMonitor (JvmPauseMonitor.java:run(103)) - JvmPauseMonitor-omNode-1: Started
2022-03-14 12:24:10,424 [Socket Reader #1 for port 33717] INFO  ipc.Server (Server.java:run(1265)) - Starting Socket Reader #1 for port 33717
2022-03-14 12:24:10,431 [Listener at localhost/33717] INFO  http.BaseHttpServer (BaseHttpServer.java:newHttpServer2BuilderForOzone(209)) - Starting Web-server for ozoneManager at: http://0.0.0.0:46861
2022-03-14 12:24:10,431 [Listener at localhost/33717] INFO  http.BaseHttpServer (BaseHttpServer.java:<init>(107)) - Hadoop Security Enabled: false Ozone Security Enabled: false Ozone HTTP Security Enabled: false 
2022-03-14 12:24:10,432 [Listener at localhost/33717] INFO  server.AuthenticationFilter (AuthenticationFilter.java:constructSecretProvider(240)) - Unable to initialize FileSignerSecretProvider, falling back to use random secrets.
2022-03-14 12:24:10,432 [Listener at localhost/33717] WARN  http.HttpRequestLog (HttpRequestLog.java:getRequestLog(103)) - Jetty request log can only be enabled using Log4j
2022-03-14 12:24:10,433 [Listener at localhost/33717] INFO  http.HttpServer2 (HttpServer2.java:addGlobalFilter(1030)) - Added global filter 'safety' (class=org.apache.hadoop.hdds.server.http.HttpServer2$QuotingInputFilter)
2022-03-14 12:24:10,433 [Listener at localhost/33717] INFO  http.HttpServer2 (HttpServer2.java:addFilter(1006)) - Added filter static_user_filter (class=org.apache.hadoop.http.lib.StaticUserWebFilter$StaticUserFilter) to context ozoneManager
2022-03-14 12:24:10,433 [Listener at localhost/33717] INFO  http.HttpServer2 (HttpServer2.java:addFilter(1014)) - Added filter static_user_filter (class=org.apache.hadoop.http.lib.StaticUserWebFilter$StaticUserFilter) to context logs
2022-03-14 12:24:10,433 [Listener at localhost/33717] INFO  http.HttpServer2 (HttpServer2.java:addFilter(1014)) - Added filter static_user_filter (class=org.apache.hadoop.http.lib.StaticUserWebFilter$StaticUserFilter) to context static
2022-03-14 12:24:10,434 [Listener at localhost/33717] INFO  http.HttpServer2 (HttpServer2.java:bindListener(1249)) - Jetty bound to port 46861
2022-03-14 12:24:10,434 [Listener at localhost/33717] INFO  server.Server (Server.java:doStart(375)) - jetty-9.4.43.v20210629; built: 2021-06-30T11:07:22.254Z; git: 526006ecfa3af7f1a27ef3a288e2bef7ea9dd7e8; jvm 1.8.0_322-b06
2022-03-14 12:24:10,435 [Listener at localhost/33717] INFO  server.session (DefaultSessionIdManager.java:doStart(334)) - DefaultSessionIdManager workerName=node0
2022-03-14 12:24:10,435 [Listener at localhost/33717] INFO  server.session (DefaultSessionIdManager.java:doStart(339)) - No SessionScavenger set, using defaults
2022-03-14 12:24:10,435 [Listener at localhost/33717] INFO  server.session (HouseKeeper.java:startScavenging(132)) - node0 Scavenging every 600000ms
2022-03-14 12:24:10,436 [Listener at localhost/33717] INFO  handler.ContextHandler (ContextHandler.java:doStart(915)) - Started o.e.j.s.ServletContextHandler@34ed0c3f{logs,/logs,file:///home/runner/work/ozone/ozone/hadoop-ozone/integration-test/target/log,AVAILABLE}
2022-03-14 12:24:10,436 [Listener at localhost/33717] INFO  handler.ContextHandler (ContextHandler.java:doStart(915)) - Started o.e.j.s.ServletContextHandler@7b44e106{static,/static,file:///home/runner/work/ozone/ozone/hadoop-ozone/integration-test/target/test-classes/webapps/static,AVAILABLE}
2022-03-14 12:24:10,439 [Listener at localhost/33717] INFO  handler.ContextHandler (ContextHandler.java:doStart(915)) - Started o.e.j.w.WebAppContext@6c60246d{ozoneManager,/,file:///home/runner/work/ozone/ozone/hadoop-ozone/integration-test/target/test-classes/webapps/ozoneManager/,AVAILABLE}{file:/home/runner/work/ozone/ozone/hadoop-ozone/integration-test/target/test-classes/webapps/ozoneManager}
2022-03-14 12:24:10,442 [Listener at localhost/33717] INFO  server.AbstractConnector (AbstractConnector.java:doStart(331)) - Started ServerConnector@1ab29829{HTTP/1.1, (http/1.1)}{0.0.0.0:46861}
2022-03-14 12:24:10,442 [Listener at localhost/33717] INFO  server.Server (Server.java:doStart(415)) - Started @414736ms
2022-03-14 12:24:10,443 [Listener at localhost/33717] WARN  impl.MetricsSystemImpl (MetricsSystemImpl.java:register(279)) - Sink prometheus already exists!
2022-03-14 12:24:10,443 [Listener at localhost/33717] INFO  http.BaseHttpServer (BaseHttpServer.java:updateConnectorAddress(329)) - HTTP server of ozoneManager listening at http://0.0.0.0:46861
2022-03-14 12:24:10,444 [IPC Server Responder] INFO  ipc.Server (Server.java:run(1507)) - IPC Server Responder: starting
2022-03-14 12:24:10,444 [IPC Server listener on 33717] INFO  ipc.Server (Server.java:run(1344)) - IPC Server listener on 33717: starting
2022-03-14 12:24:10,449 [Listener at localhost/33717] INFO  om.OzoneManager (OzoneManager.java:startTrashEmptier(1792)) - Trash Interval set to 0. Files deleted will not move to trash
2022-03-14 12:24:10,450 [Listener at localhost/33717] INFO  om.OzoneManager (OzoneManager.java:stop(1893)) - omNode-2[localhost:44939]: Stopping Ozone Manager
2022-03-14 12:24:10,450 [Listener at localhost/33717] INFO  ipc.Server (Server.java:stop(3414)) - Stopping server on 44939
2022-03-14 12:24:10,452 [IPC Server Responder] INFO  ipc.Server (Server.java:run(1512)) - Stopping IPC Server Responder
2022-03-14 12:24:10,453 [IPC Server listener on 44939] INFO  ipc.Server (Server.java:run(1376)) - Stopping IPC Server listener on 44939
2022-03-14 12:24:10,453 [Listener at localhost/33717] INFO  server.RaftServer (RaftServerProxy.java:lambda$close$6(391)) - omNode-2: close
2022-03-14 12:24:10,453 [Listener at localhost/33717] INFO  server.RaftServer$Division (RaftServerImpl.java:lambda$close$4(412)) - omNode-2@group-523986131536: shutdown
2022-03-14 12:24:10,453 [Listener at localhost/33717] INFO  util.JmxRegister (JmxRegister.java:unregister(73)) - Successfully un-registered JMX Bean with object name Ratis:service=RaftServer,group=group-523986131536,id=omNode-2
2022-03-14 12:24:10,453 [Listener at localhost/33717] INFO  impl.RoleInfo (RoleInfo.java:shutdownLeaderState(91)) - omNode-2: shutdown omNode-2@group-523986131536-LeaderStateImpl
2022-03-14 12:24:10,453 [omNode-2@group-523986131536->omNode-1-GrpcLogAppender-LogAppenderDaemon] WARN  server.GrpcLogAppender (GrpcLogAppender.java:mayWait(177)) - omNode-2@group-523986131536->omNode-1-GrpcLogAppender: Wait interrupted by java.lang.InterruptedException
2022-03-14 12:24:10,453 [omNode-2@group-523986131536->omNode-3-GrpcLogAppender-LogAppenderDaemon] WARN  server.GrpcLogAppender (GrpcLogAppender.java:mayWait(177)) - omNode-2@group-523986131536->omNode-3-GrpcLogAppender: Wait interrupted by java.lang.InterruptedException
2022-03-14 12:24:10,455 [Listener at localhost/33717] INFO  impl.PendingRequests (PendingRequests.java:sendNotLeaderResponses(282)) - omNode-2@group-523986131536-PendingRequests: sendNotLeaderResponses
2022-03-14 12:24:10,462 [org.apache.hadoop.util.JvmPauseMonitor$Monitor@57ce4479] INFO  util.JvmPauseMonitor (JvmPauseMonitor.java:run(188)) - Starting JVM pause monitor
2022-03-14 12:24:10,465 [Listener at localhost/33717] INFO  impl.StateMachineUpdater (StateMachineUpdater.java:stopAndJoin(149)) - omNode-2@group-523986131536-StateMachineUpdater: set stopIndex = 33
2022-03-14 12:24:10,465 [omNode-2@group-523986131536-StateMachineUpdater] INFO  ratis.OzoneManagerStateMachine (OzoneManagerStateMachine.java:takeSnapshot(417)) - Current Snapshot Index (t:9, i:33)
2022-03-14 12:24:10,465 [omNode-2@group-523986131536-StateMachineUpdater] INFO  impl.StateMachineUpdater (StateMachineUpdater.java:takeSnapshot(281)) - omNode-2@group-523986131536-StateMachineUpdater: Took a snapshot at index 33
2022-03-14 12:24:10,465 [omNode-2@group-523986131536-StateMachineUpdater] INFO  impl.StateMachineUpdater (StateMachineUpdater.java:lambda$new$0(89)) - omNode-2@group-523986131536-StateMachineUpdater: snapshotIndex: updateIncreasingly 28 -> 33
2022-03-14 12:24:10,465 [omNode-2@group-523986131536-StateMachineUpdater] INFO  ratis.OzoneManagerStateMachine (OzoneManagerStateMachine.java:close(471)) - StateMachine has shutdown. Shutdown OzoneManager if not already shutdown.
2022-03-14 12:24:10,465 [Listener at localhost/33717] INFO  server.RaftServer$Division (ServerState.java:close(419)) - omNode-2@group-523986131536: closes. applyIndex: 33
2022-03-14 12:24:10,466 [omNode-2@group-523986131536-SegmentedRaftLogWorker] INFO  segmented.SegmentedRaftLogWorker (SegmentedRaftLogWorker.java:run(327)) - omNode-2@group-523986131536-SegmentedRaftLogWorker was interrupted, exiting. There are 0 tasks remaining in the queue.
2022-03-14 12:24:10,467 [Listener at localhost/33717] INFO  segmented.SegmentedRaftLogWorker (SegmentedRaftLogWorker.java:close(237)) - omNode-2@group-523986131536-SegmentedRaftLogWorker close()
2022-03-14 12:24:10,468 [Listener at localhost/33717] INFO  server.GrpcService (GrpcService.java:closeImpl(262)) - omNode-2: shutdown server with port 40735 now
2022-03-14 12:24:10,469 [Listener at localhost/33717] INFO  server.GrpcService (GrpcService.java:closeImpl(271)) - omNode-2: shutdown server with port 40735 successfully
2022-03-14 12:24:10,470 [org.apache.ratis.util.JvmPauseMonitor$$Lambda$422/892611887@18ebf2ef] INFO  util.JvmPauseMonitor (JvmPauseMonitor.java:run(109)) - JvmPauseMonitor-omNode-2: Stopped
2022-03-14 12:24:10,471 [Listener at localhost/33717] INFO  ratis.OzoneManagerDoubleBuffer (OzoneManagerDoubleBuffer.java:stop(437)) - Stopping OMDoubleBuffer flush thread
2022-03-14 12:24:10,471 [OMDoubleBufferFlushThread] INFO  ratis.OzoneManagerDoubleBuffer (OzoneManagerDoubleBuffer.java:flushTransactions(356)) - OMDoubleBuffer flush thread OMDoubleBufferFlushThread is interrupted and will exit. OMDoubleBufferFlushThread
2022-03-14 12:24:10,471 [Listener at localhost/33717] INFO  handler.ContextHandler (ContextHandler.java:doStop(1153)) - Stopped o.e.j.w.WebAppContext@4dfa6507{ozoneManager,/,null,STOPPED}{file:/home/runner/work/ozone/ozone/hadoop-ozone/integration-test/target/test-classes/webapps/ozoneManager}
2022-03-14 12:24:10,472 [Listener at localhost/33717] INFO  server.AbstractConnector (AbstractConnector.java:doStop(381)) - Stopped ServerConnector@5a8b0bd3{HTTP/1.1, (http/1.1)}{0.0.0.0:45729}
2022-03-14 12:24:10,472 [Listener at localhost/33717] INFO  server.session (HouseKeeper.java:stopScavenging(149)) - node0 Stopped scavenging
2022-03-14 12:24:10,472 [Listener at localhost/33717] INFO  handler.ContextHandler (ContextHandler.java:doStop(1153)) - Stopped o.e.j.s.ServletContextHandler@69a806be{static,/static,file:///home/runner/work/ozone/ozone/hadoop-ozone/integration-test/target/test-classes/webapps/static,STOPPED}
2022-03-14 12:24:10,472 [Listener at localhost/33717] INFO  handler.ContextHandler (ContextHandler.java:doStop(1153)) - Stopped o.e.j.s.ServletContextHandler@6eaf6432{logs,/logs,file:///home/runner/work/ozone/ozone/hadoop-ozone/integration-test/target/log,STOPPED}
2022-03-14 12:24:10,474 [Listener at localhost/33717] INFO  om.OzoneManager (OzoneManager.java:restart(1451)) - OzoneManager RPC server is listening at localhost/127.0.0.1:44939
2022-03-14 12:24:10,475 [Listener at localhost/33717] INFO  impl.MetricsSystemImpl (MetricsSystemImpl.java:init(158)) - OzoneManager metrics system started (again)
2022-03-14 12:24:10,485 [Listener at localhost/33717] WARN  server.ServerUtils (ServerUtils.java:getDBPath(225)) - ozone.om.db.dirs is not configured. We recommend adding this setting. Falling back to ozone.metadata.dirs instead.
2022-03-14 12:24:10,486 [Listener at localhost/33717] INFO  codec.OmKeyInfoCodec (OmKeyInfoCodec.java:<init>(49)) - OmKeyInfoCodec ignorePipeline = true
2022-03-14 12:24:10,486 [Listener at localhost/33717] INFO  codec.RepeatedOmKeyInfoCodec (RepeatedOmKeyInfoCodec.java:<init>(41)) - RepeatedOmKeyInfoCodec ignorePipeline = true
2022-03-14 12:24:10,526 [Listener at localhost/33717] WARN  impl.MetricRegistriesImpl (MetricRegistriesImpl.java:addReporterRegistration(111)) - New reporters are added after registries were created. Some metrics will be missing from the reporter. Please add reporter before adding any new registry.
2022-03-14 12:24:10,526 [Listener at localhost/33717] WARN  impl.MetricRegistriesImpl (MetricRegistriesImpl.java:addReporterRegistration(111)) - New reporters are added after registries were created. Some metrics will be missing from the reporter. Please add reporter before adding any new registry.
2022-03-14 12:24:10,526 [Listener at localhost/33717] WARN  server.ServerUtils (ServerUtils.java:getDefaultRatisDirectory(237)) - Storage directory for Ratis is not configured. It is a good idea to map this to an SSD disk. Falling back to ozone.metadata.dirs
2022-03-14 12:24:10,527 [Listener at localhost/33717] INFO  ratis.OzoneManagerRatisServer (OzoneManagerRatisServer.java:<init>(159)) - Instantiating OM Ratis server with groupID: om-service-test1 and peers: localhost:40735, localhost:38427, localhost:41375
2022-03-14 12:24:10,527 [Listener at localhost/33717] INFO  ratis.OzoneManagerStateMachine (OzoneManagerStateMachine.java:loadSnapshotInfoFromDB(605)) - LastAppliedIndex is set from TransactionInfo from OM DB as (t:9, i:33)
2022-03-14 12:24:10,528 [Listener at localhost/33717] INFO  server.RaftServer (ConfUtils.java:logGet(44)) - raft.rpc.type = GRPC (default)
2022-03-14 12:24:10,528 [Listener at localhost/33717] INFO  grpc.GrpcFactory (GrpcFactory.java:checkPooledByteBufAllocatorUseCacheForAllThreads(48)) - PERFORMANCE WARNING: useCacheForAllThreads is true that may cause Netty to create a lot garbage objects and, as a result, trigger GC.
	It is recommended to disable useCacheForAllThreads by setting -Dorg.apache.ratis.thirdparty.io.netty.allocator.useCacheForAllThreads=false in command line.
2022-03-14 12:24:10,528 [Listener at localhost/33717] INFO  grpc.GrpcConfigKeys (ConfUtils.java:logGet(44)) - raft.grpc.admin.port = -1 (default)
2022-03-14 12:24:10,528 [Listener at localhost/33717] INFO  grpc.GrpcConfigKeys (ConfUtils.java:logGet(44)) - raft.grpc.server.port = 40735 (custom)
2022-03-14 12:24:10,528 [Listener at localhost/33717] INFO  grpc.GrpcConfigKeys (ConfUtils.java:logGet(44)) - raft.grpc.client.port = -1 (default)
2022-03-14 12:24:10,528 [Listener at localhost/33717] INFO  grpc.GrpcConfigKeys (ConfUtils.java:logGet(44)) - raft.grpc.server.port = 40735 (custom)
2022-03-14 12:24:10,528 [Listener at localhost/33717] INFO  grpc.GrpcConfigKeys (ConfUtils.java:logGet(44)) - raft.grpc.server.port = 40735 (custom)
2022-03-14 12:24:10,528 [Listener at localhost/33717] INFO  server.GrpcService (ConfUtils.java:logGet(44)) - raft.grpc.message.size.max = 33554432 (custom)
2022-03-14 12:24:10,528 [Listener at localhost/33717] INFO  server.RaftServerConfigKeys (ConfUtils.java:logGet(44)) - raft.server.log.appender.buffer.byte-limit = 33554432 (custom)
2022-03-14 12:24:10,528 [Listener at localhost/33717] INFO  server.GrpcService (ConfUtils.java:logGet(44)) - raft.grpc.flow.control.window = 1MB (=1048576) (default)
2022-03-14 12:24:10,528 [Listener at localhost/33717] INFO  server.RaftServerConfigKeys (ConfUtils.java:logGet(44)) - raft.server.rpc.request.timeout = 3000ms (default)
2022-03-14 12:24:10,530 [Listener at localhost/33717] INFO  impl.DataStreamServerImpl (ConfUtils.java:logGet(44)) - raft.datastream.type = DISABLED (default)
2022-03-14 12:24:10,530 [Listener at localhost/33717] INFO  server.RaftServerConfigKeys (ConfUtils.java:logGet(44)) - raft.server.rpc.slowness.timeout = 2s (custom)
2022-03-14 12:24:10,530 [Listener at localhost/33717] INFO  server.RaftServerConfigKeys (ConfUtils.java:logGet(44)) - raft.server.leaderelection.leader.step-down.wait-time = 10s (default)
2022-03-14 12:24:10,530 [Listener at localhost/33717] INFO  server.RaftServerConfigKeys (ConfUtils.java:logGet(44)) - raft.server.storage.dir = [/home/runner/work/ozone/ozone/hadoop-ozone/integration-test/target/test-dir/MiniOzoneClusterImpl-278953cb-1c57-4e8b-ba2f-5e3472d45912/omNode-2/ratis] (custom)
2022-03-14 12:24:10,530 [Listener at localhost/33717] INFO  server.RaftServer (RaftServerProxy.java:lambda$null$1(235)) - omNode-2: found a subdirectory /home/runner/work/ozone/ozone/hadoop-ozone/integration-test/target/test-dir/MiniOzoneClusterImpl-278953cb-1c57-4e8b-ba2f-5e3472d45912/omNode-2/ratis/c9bc4cf4-3bc3-3c60-a66b-523986131536
2022-03-14 12:24:10,530 [Listener at localhost/33717] INFO  server.RaftServer (RaftServerProxy.java:addNew(95)) - omNode-2: addNew group-523986131536:[omNode-3|rpc:localhost:38427|priority:0, omNode-1|rpc:localhost:41375|priority:0, omNode-2|rpc:localhost:40735|priority:0] returns group-523986131536:java.util.concurrent.CompletableFuture@6f920cc5[Not completed]
2022-03-14 12:24:10,530 [Listener at localhost/33717] INFO  om.OzoneManager (OzoneManager.java:initializeRatisServer(1834)) - OzoneManager Ratis server initialized at port 40735
2022-03-14 12:24:10,530 [Listener at localhost/33717] INFO  ratis.OzoneManagerRatisServer (OzoneManagerRatisServer.java:start(554)) - Starting OzoneManagerRatisServer omNode-2 at port 40735
2022-03-14 12:24:10,531 [pool-412-thread-1] INFO  server.RaftServer$Division (RaftServerImpl.java:<init>(184)) - omNode-2: new RaftServerImpl for group-523986131536:[omNode-3|rpc:localhost:38427|priority:0, omNode-1|rpc:localhost:41375|priority:0, omNode-2|rpc:localhost:40735|priority:0] with OzoneManagerStateMachine:uninitialized
2022-03-14 12:24:10,532 [pool-412-thread-1] INFO  server.RaftServerConfigKeys (ConfUtils.java:logGet(44)) - raft.server.rpc.timeout.min = 1s (custom)
2022-03-14 12:24:10,532 [pool-412-thread-1] INFO  server.RaftServerConfigKeys (ConfUtils.java:logGet(44)) - raft.server.rpc.timeout.max = 1200ms (custom)
2022-03-14 12:24:10,532 [pool-412-thread-1] INFO  server.RaftServerConfigKeys (ConfUtils.java:logGet(44)) - raft.server.rpc.sleep.time = 25ms (default)
2022-03-14 12:24:10,532 [pool-412-thread-1] INFO  server.RaftServerConfigKeys (ConfUtils.java:logGet(44)) - raft.server.rpc.slowness.timeout = 2s (custom)
2022-03-14 12:24:10,532 [pool-412-thread-1] INFO  server.RaftServerConfigKeys (ConfUtils.java:logGet(44)) - raft.server.leaderelection.leader.step-down.wait-time = 10s (default)
2022-03-14 12:24:10,532 [pool-412-thread-1] INFO  server.RaftServerConfigKeys (ConfUtils.java:logGet(44)) - raft.server.sleep.deviation.threshold = 300ms (default)
2022-03-14 12:24:10,532 [pool-412-thread-1] INFO  server.RaftServerConfigKeys (ConfUtils.java:logGet(44)) - raft.server.log.appender.install.snapshot.enabled = false (custom)
2022-03-14 12:24:10,532 [pool-412-thread-1] INFO  server.RaftServer$Division (ServerState.java:<init>(105)) - omNode-2@group-523986131536: ConfigurationManager, init=-1: [omNode-3|rpc:localhost:38427|priority:0, omNode-1|rpc:localhost:41375|priority:0, omNode-2|rpc:localhost:40735|priority:0], old=null, confs=<EMPTY_MAP>
2022-03-14 12:24:10,532 [pool-412-thread-1] INFO  server.RaftServerConfigKeys (ConfUtils.java:logGet(44)) - raft.server.storage.dir = [/home/runner/work/ozone/ozone/hadoop-ozone/integration-test/target/test-dir/MiniOzoneClusterImpl-278953cb-1c57-4e8b-ba2f-5e3472d45912/omNode-2/ratis] (custom)
2022-03-14 12:24:10,532 [pool-412-thread-1] INFO  server.RaftServerConfigKeys (ConfUtils.java:logGet(44)) - raft.server.log.corruption.policy = EXCEPTION (default)
2022-03-14 12:24:10,532 [pool-412-thread-1] INFO  server.RaftServerConfigKeys (ConfUtils.java:logGet(44)) - raft.server.storage.free-space.min = 0MB (=0) (default)
2022-03-14 12:24:10,533 [pool-412-thread-1] INFO  storage.RaftStorageDirectory (RaftStorageDirectoryImpl.java:tryLock(230)) - Lock on /home/runner/work/ozone/ozone/hadoop-ozone/integration-test/target/test-dir/MiniOzoneClusterImpl-278953cb-1c57-4e8b-ba2f-5e3472d45912/omNode-2/ratis/c9bc4cf4-3bc3-3c60-a66b-523986131536/in_use.lock acquired by nodename 10847@fv-az291-848
2022-03-14 12:24:10,534 [pool-412-thread-1] INFO  storage.RaftStorage (RaftStorageImpl.java:analyzeAndRecoverStorage(110)) - Read RaftStorageMetadata{term=9, votedFor=omNode-2} from /home/runner/work/ozone/ozone/hadoop-ozone/integration-test/target/test-dir/MiniOzoneClusterImpl-278953cb-1c57-4e8b-ba2f-5e3472d45912/omNode-2/ratis/c9bc4cf4-3bc3-3c60-a66b-523986131536/current/raft-meta
2022-03-14 12:24:10,534 [pool-412-thread-1] INFO  server.RaftServer$Division (ServerState.java:setRaftConf(387)) - omNode-2@group-523986131536: set configuration 30: [omNode-3|rpc:localhost:38427|admin:|client:|dataStream:|priority:0, omNode-1|rpc:localhost:41375|admin:|client:|dataStream:|priority:0, omNode-2|rpc:localhost:40735|admin:|client:|dataStream:|priority:0], old=null
2022-03-14 12:24:10,534 [pool-412-thread-1] INFO  server.RaftServerConfigKeys (ConfUtils.java:logGet(44)) - raft.server.notification.no-leader.timeout = 2s (custom)
2022-03-14 12:24:10,534 [pool-412-thread-1] INFO  server.RaftServerConfigKeys (ConfUtils.java:logGet(44)) - raft.server.log.use.memory = false (default)
2022-03-14 12:24:10,534 [pool-412-thread-1] INFO  server.RaftServerConfigKeys (ConfUtils.java:logGet(44)) - raft.server.log.purge.gap = 50 (custom)
2022-03-14 12:24:10,534 [pool-412-thread-1] INFO  server.RaftServerConfigKeys (ConfUtils.java:logGet(44)) - raft.server.log.appender.buffer.byte-limit = 33554432 (custom)
2022-03-14 12:24:10,535 [pool-412-thread-1] INFO  server.RaftServerConfigKeys (ConfUtils.java:logGet(44)) - raft.server.log.segment.size.max = 4194304 (custom)
2022-03-14 12:24:10,535 [pool-412-thread-1] INFO  server.RaftServerConfigKeys (ConfUtils.java:logGet(44)) - raft.server.log.segment.cache.num.max = 2 (custom)
2022-03-14 12:24:10,535 [pool-412-thread-1] INFO  server.RaftServerConfigKeys (ConfUtils.java:logGet(44)) - raft.server.log.segment.cache.size.max = 200MB (=209715200) (default)
2022-03-14 12:24:10,535 [pool-412-thread-1] INFO  segmented.SegmentedRaftLogWorker (SegmentedRaftLogWorker.java:<init>(182)) - new omNode-2@group-523986131536-SegmentedRaftLogWorker for RaftStorageImpl:Storage Directory /home/runner/work/ozone/ozone/hadoop-ozone/integration-test/target/test-dir/MiniOzoneClusterImpl-278953cb-1c57-4e8b-ba2f-5e3472d45912/omNode-2/ratis/c9bc4cf4-3bc3-3c60-a66b-523986131536
2022-03-14 12:24:10,535 [pool-412-thread-1] INFO  server.RaftServerConfigKeys (ConfUtils.java:logGet(44)) - raft.server.log.queue.byte-limit = 64MB (=67108864) (default)
2022-03-14 12:24:10,535 [pool-412-thread-1] INFO  server.RaftServerConfigKeys (ConfUtils.java:logGet(44)) - raft.server.log.queue.element-limit = 4096 (default)
2022-03-14 12:24:10,535 [pool-412-thread-1] INFO  server.RaftServerConfigKeys (ConfUtils.java:logGet(44)) - raft.server.log.segment.size.max = 4194304 (custom)
2022-03-14 12:24:10,535 [pool-412-thread-1] INFO  server.RaftServerConfigKeys (ConfUtils.java:logGet(44)) - raft.server.log.preallocated.size = 4194304 (custom)
2022-03-14 12:24:10,535 [pool-412-thread-1] INFO  server.RaftServerConfigKeys (ConfUtils.java:logGet(44)) - raft.server.log.force.sync.num = 128 (default)
2022-03-14 12:24:10,535 [pool-412-thread-1] INFO  server.RaftServerConfigKeys (ConfUtils.java:logGet(44)) - raft.server.log.statemachine.data.sync = true (default)
2022-03-14 12:24:10,535 [pool-412-thread-1] INFO  server.RaftServerConfigKeys (ConfUtils.java:logGet(44)) - raft.server.log.statemachine.data.sync.timeout = 10s (default)
2022-03-14 12:24:10,535 [pool-412-thread-1] INFO  server.RaftServerConfigKeys (ConfUtils.java:logGet(44)) - raft.server.log.statemachine.data.sync.timeout.retry = -1 (default)
2022-03-14 12:24:10,536 [pool-412-thread-1] INFO  server.RaftServerConfigKeys (ConfUtils.java:logGet(44)) - raft.server.log.write.buffer.size = 64KB (=65536) (default)
2022-03-14 12:24:10,536 [pool-412-thread-1] INFO  server.RaftServerConfigKeys (ConfUtils.java:logGet(44)) - raft.server.log.statemachine.data.caching.enabled = false (default)
2022-03-14 12:24:10,537 [pool-412-thread-1] INFO  server.RaftServer$Division (ServerState.java:setRaftConf(387)) - omNode-2@group-523986131536: set configuration 19: [omNode-3|rpc:localhost:38427|admin:|client:|dataStream:|priority:0, omNode-1|rpc:localhost:41375|admin:|client:|dataStream:|priority:0, omNode-2|rpc:localhost:40735|admin:|client:|dataStream:|priority:0], old=null
2022-03-14 12:24:10,537 [pool-412-thread-1] INFO  segmented.LogSegment (LogSegment.java:loadSegment(173)) - Successfully read 2 entries from segment file /home/runner/work/ozone/ozone/hadoop-ozone/integration-test/target/test-dir/MiniOzoneClusterImpl-278953cb-1c57-4e8b-ba2f-5e3472d45912/omNode-2/ratis/c9bc4cf4-3bc3-3c60-a66b-523986131536/current/log_19-20
2022-03-14 12:24:10,537 [pool-412-thread-1] INFO  server.RaftServer$Division (ServerState.java:setRaftConf(387)) - omNode-2@group-523986131536: set configuration 21: [omNode-3|rpc:localhost:38427|admin:|client:|dataStream:|priority:0, omNode-1|rpc:localhost:41375|admin:|client:|dataStream:|priority:0, omNode-2|rpc:localhost:40735|admin:|client:|dataStream:|priority:0], old=null
2022-03-14 12:24:10,537 [pool-412-thread-1] INFO  segmented.LogSegment (LogSegment.java:loadSegment(173)) - Successfully read 4 entries from segment file /home/runner/work/ozone/ozone/hadoop-ozone/integration-test/target/test-dir/MiniOzoneClusterImpl-278953cb-1c57-4e8b-ba2f-5e3472d45912/omNode-2/ratis/c9bc4cf4-3bc3-3c60-a66b-523986131536/current/log_21-24
2022-03-14 12:24:10,537 [pool-412-thread-1] INFO  server.RaftServer$Division (ServerState.java:setRaftConf(387)) - omNode-2@group-523986131536: set configuration 25: [omNode-3|rpc:localhost:38427|admin:|client:|dataStream:|priority:0, omNode-1|rpc:localhost:41375|admin:|client:|dataStream:|priority:0, omNode-2|rpc:localhost:40735|admin:|client:|dataStream:|priority:0], old=null
2022-03-14 12:24:10,538 [pool-412-thread-1] INFO  segmented.LogSegment (LogSegment.java:loadSegment(173)) - Successfully read 4 entries from segment file /home/runner/work/ozone/ozone/hadoop-ozone/integration-test/target/test-dir/MiniOzoneClusterImpl-278953cb-1c57-4e8b-ba2f-5e3472d45912/omNode-2/ratis/c9bc4cf4-3bc3-3c60-a66b-523986131536/current/log_25-28
2022-03-14 12:24:10,538 [pool-412-thread-1] INFO  server.RaftServer$Division (ServerState.java:setRaftConf(387)) - omNode-2@group-523986131536: set configuration 29: [omNode-3|rpc:localhost:38427|admin:|client:|dataStream:|priority:0, omNode-1|rpc:localhost:41375|admin:|client:|dataStream:|priority:0, omNode-2|rpc:localhost:40735|admin:|client:|dataStream:|priority:0], old=null
2022-03-14 12:24:10,538 [pool-412-thread-1] INFO  segmented.LogSegment (LogSegment.java:loadSegment(173)) - Successfully read 1 entries from segment file /home/runner/work/ozone/ozone/hadoop-ozone/integration-test/target/test-dir/MiniOzoneClusterImpl-278953cb-1c57-4e8b-ba2f-5e3472d45912/omNode-2/ratis/c9bc4cf4-3bc3-3c60-a66b-523986131536/current/log_29-29
2022-03-14 12:24:10,538 [pool-412-thread-1] INFO  server.RaftServer$Division (ServerState.java:setRaftConf(387)) - omNode-2@group-523986131536: set configuration 30: [omNode-3|rpc:localhost:38427|admin:|client:|dataStream:|priority:0, omNode-1|rpc:localhost:41375|admin:|client:|dataStream:|priority:0, omNode-2|rpc:localhost:40735|admin:|client:|dataStream:|priority:0], old=null
2022-03-14 12:24:10,538 [pool-412-thread-1] INFO  segmented.LogSegment (LogSegment.java:loadSegment(173)) - Successfully read 4 entries from segment file /home/runner/work/ozone/ozone/hadoop-ozone/integration-test/target/test-dir/MiniOzoneClusterImpl-278953cb-1c57-4e8b-ba2f-5e3472d45912/omNode-2/ratis/c9bc4cf4-3bc3-3c60-a66b-523986131536/current/log_inprogress_30
2022-03-14 12:24:10,538 [pool-412-thread-1] INFO  segmented.SegmentedRaftLogWorker (SegmentedRaftLogWorker.java:lambda$new$0(133)) - omNode-2@group-523986131536-SegmentedRaftLogWorker: flushIndex: setUnconditionally 0 -> 33
2022-03-14 12:24:10,538 [pool-412-thread-1] INFO  segmented.SegmentedRaftLogWorker (SegmentedRaftLogWorker.java:lambda$new$0(133)) - omNode-2@group-523986131536-SegmentedRaftLogWorker: safeCacheEvictIndex: setUnconditionally 0 -> 29
2022-03-14 12:24:10,543 [pool-412-thread-1] INFO  raftlog.RaftLog (RaftLogBase.java:lambda$new$0(53)) - omNode-2@group-523986131536-SegmentedRaftLog: commitIndex: updateToMax old=33, new=32, updated? false
2022-03-14 12:24:10,543 [pool-412-thread-1] INFO  raftlog.RaftLog (RaftLogBase.java:lambda$new$0(53)) - omNode-2@group-523986131536-SegmentedRaftLog: purgeIndex: updateIncreasingly -1 -> 18
2022-03-14 12:24:10,543 [pool-412-thread-1] INFO  server.RaftServerConfigKeys (ConfUtils.java:logGet(44)) - raft.server.snapshot.auto.trigger.enabled = true (custom)
2022-03-14 12:24:10,543 [pool-412-thread-1] INFO  server.RaftServerConfigKeys (ConfUtils.java:logGet(44)) - raft.server.snapshot.auto.trigger.threshold = 50 (custom)
2022-03-14 12:24:10,543 [pool-412-thread-1] INFO  server.RaftServerConfigKeys (ConfUtils.java:logGet(44)) - raft.server.snapshot.retention.file.num = -1 (default)
2022-03-14 12:24:10,543 [pool-412-thread-1] INFO  server.RaftServerConfigKeys (ConfUtils.java:logGet(44)) - raft.server.log.purge.upto.snapshot.index = true (custom)
2022-03-14 12:24:10,543 [pool-412-thread-1] INFO  server.RaftServerConfigKeys (ConfUtils.java:logGet(44)) - raft.server.retrycache.expirytime = 30000ms (custom)
2022-03-14 12:24:10,544 [pool-412-thread-1] INFO  server.RaftServerConfigKeys (ConfUtils.java:logGet(44)) - raft.server.retrycache.statistics.expirytime = 100μs (default)
2022-03-14 12:24:10,545 [Listener at localhost/33717] INFO  server.RaftServer$Division (RaftServerImpl.java:start(301)) - omNode-2@group-523986131536: start as a follower, conf=30: [omNode-3|rpc:localhost:38427|admin:|client:|dataStream:|priority:0, omNode-1|rpc:localhost:41375|admin:|client:|dataStream:|priority:0, omNode-2|rpc:localhost:40735|admin:|client:|dataStream:|priority:0], old=null
2022-03-14 12:24:10,545 [Listener at localhost/33717] INFO  server.RaftServer$Division (RaftServerImpl.java:setRole(290)) - omNode-2@group-523986131536: changes role from      null to FOLLOWER at term 9 for startAsFollower
2022-03-14 12:24:10,545 [Listener at localhost/33717] INFO  impl.RoleInfo (RoleInfo.java:updateAndGet(130)) - omNode-2: start omNode-2@group-523986131536-FollowerState
2022-03-14 12:24:10,545 [Listener at localhost/33717] INFO  util.JmxRegister (JmxRegister.java:tryRegister(44)) - Successfully registered JMX Bean with object name Ratis:service=RaftServer,group=group-523986131536,id=omNode-2
2022-03-14 12:24:10,546 [Listener at localhost/33717] INFO  server.RaftServer (RaftServerProxy.java:lambda$start$5(374)) - omNode-2: start RPC server
2022-03-14 12:24:10,546 [Listener at localhost/33717] INFO  server.GrpcService (GrpcService.java:startImpl(253)) - omNode-2: GrpcService started, listening on 40735
2022-03-14 12:24:10,546 [org.apache.ratis.util.JvmPauseMonitor$$Lambda$422/892611887@73a35ce8] INFO  util.JvmPauseMonitor (JvmPauseMonitor.java:run(103)) - JvmPauseMonitor-omNode-2: Started
2022-03-14 12:24:10,546 [Listener at localhost/33717] INFO  ipc.CallQueueManager (CallQueueManager.java:<init>(90)) - Using callQueue: class java.util.concurrent.LinkedBlockingQueue, queueCapacity: 2000, scheduler: class org.apache.hadoop.ipc.DefaultRpcScheduler, ipcBackoff: false.
2022-03-14 12:24:10,547 [Socket Reader #1 for port 44939] INFO  ipc.Server (Server.java:run(1265)) - Starting Socket Reader #1 for port 44939
2022-03-14 12:24:10,552 [Listener at localhost/44939] INFO  http.BaseHttpServer (BaseHttpServer.java:newHttpServer2BuilderForOzone(209)) - Starting Web-server for ozoneManager at: http://0.0.0.0:45729
2022-03-14 12:24:10,552 [Listener at localhost/44939] INFO  http.BaseHttpServer (BaseHttpServer.java:<init>(107)) - Hadoop Security Enabled: false Ozone Security Enabled: false Ozone HTTP Security Enabled: false 
2022-03-14 12:24:10,553 [Listener at localhost/44939] INFO  server.AuthenticationFilter (AuthenticationFilter.java:constructSecretProvider(240)) - Unable to initialize FileSignerSecretProvider, falling back to use random secrets.
2022-03-14 12:24:10,554 [Listener at localhost/44939] WARN  http.HttpRequestLog (HttpRequestLog.java:getRequestLog(103)) - Jetty request log can only be enabled using Log4j
2022-03-14 12:24:10,554 [Listener at localhost/44939] INFO  http.HttpServer2 (HttpServer2.java:addGlobalFilter(1030)) - Added global filter 'safety' (class=org.apache.hadoop.hdds.server.http.HttpServer2$QuotingInputFilter)
2022-03-14 12:24:10,555 [Listener at localhost/44939] INFO  http.HttpServer2 (HttpServer2.java:addFilter(1006)) - Added filter static_user_filter (class=org.apache.hadoop.http.lib.StaticUserWebFilter$StaticUserFilter) to context ozoneManager
2022-03-14 12:24:10,555 [Listener at localhost/44939] INFO  http.HttpServer2 (HttpServer2.java:addFilter(1014)) - Added filter static_user_filter (class=org.apache.hadoop.http.lib.StaticUserWebFilter$StaticUserFilter) to context static
2022-03-14 12:24:10,555 [Listener at localhost/44939] INFO  http.HttpServer2 (HttpServer2.java:addFilter(1014)) - Added filter static_user_filter (class=org.apache.hadoop.http.lib.StaticUserWebFilter$StaticUserFilter) to context logs
2022-03-14 12:24:10,556 [Listener at localhost/44939] INFO  http.HttpServer2 (HttpServer2.java:bindListener(1249)) - Jetty bound to port 45729
2022-03-14 12:24:10,556 [Listener at localhost/44939] INFO  server.Server (Server.java:doStart(375)) - jetty-9.4.43.v20210629; built: 2021-06-30T11:07:22.254Z; git: 526006ecfa3af7f1a27ef3a288e2bef7ea9dd7e8; jvm 1.8.0_322-b06
2022-03-14 12:24:10,557 [Listener at localhost/44939] INFO  server.session (DefaultSessionIdManager.java:doStart(334)) - DefaultSessionIdManager workerName=node0
2022-03-14 12:24:10,557 [Listener at localhost/44939] INFO  server.session (DefaultSessionIdManager.java:doStart(339)) - No SessionScavenger set, using defaults
2022-03-14 12:24:10,557 [Listener at localhost/44939] INFO  server.session (HouseKeeper.java:startScavenging(132)) - node0 Scavenging every 600000ms
2022-03-14 12:24:10,558 [Listener at localhost/44939] INFO  handler.ContextHandler (ContextHandler.java:doStart(915)) - Started o.e.j.s.ServletContextHandler@3f9a8ff1{logs,/logs,file:///home/runner/work/ozone/ozone/hadoop-ozone/integration-test/target/log,AVAILABLE}
2022-03-14 12:24:10,558 [Listener at localhost/44939] INFO  handler.ContextHandler (ContextHandler.java:doStart(915)) - Started o.e.j.s.ServletContextHandler@3cb17fc1{static,/static,file:///home/runner/work/ozone/ozone/hadoop-ozone/integration-test/target/test-classes/webapps/static,AVAILABLE}
2022-03-14 12:24:10,566 [Listener at localhost/44939] INFO  handler.ContextHandler (ContextHandler.java:doStart(915)) - Started o.e.j.w.WebAppContext@7334f8bd{ozoneManager,/,file:///home/runner/work/ozone/ozone/hadoop-ozone/integration-test/target/test-classes/webapps/ozoneManager/,AVAILABLE}{file:/home/runner/work/ozone/ozone/hadoop-ozone/integration-test/target/test-classes/webapps/ozoneManager}
2022-03-14 12:24:10,572 [Listener at localhost/44939] INFO  server.AbstractConnector (AbstractConnector.java:doStart(331)) - Started ServerConnector@3f6b814e{HTTP/1.1, (http/1.1)}{0.0.0.0:45729}
2022-03-14 12:24:10,572 [Listener at localhost/44939] INFO  server.Server (Server.java:doStart(415)) - Started @414866ms
2022-03-14 12:24:10,572 [Listener at localhost/44939] WARN  impl.MetricsSystemImpl (MetricsSystemImpl.java:register(279)) - Sink prometheus already exists!
2022-03-14 12:24:10,573 [Listener at localhost/44939] INFO  http.BaseHttpServer (BaseHttpServer.java:updateConnectorAddress(329)) - HTTP server of ozoneManager listening at http://0.0.0.0:45729
2022-03-14 12:24:10,573 [IPC Server Responder] INFO  ipc.Server (Server.java:run(1507)) - IPC Server Responder: starting
2022-03-14 12:24:10,577 [IPC Server listener on 44939] INFO  ipc.Server (Server.java:run(1344)) - IPC Server listener on 44939: starting
2022-03-14 12:24:10,585 [Listener at localhost/44939] INFO  om.OzoneManager (OzoneManager.java:startTrashEmptier(1792)) - Trash Interval set to 0. Files deleted will not move to trash
2022-03-14 12:24:10,585 [org.apache.hadoop.util.JvmPauseMonitor$Monitor@6b42e442] INFO  util.JvmPauseMonitor (JvmPauseMonitor.java:run(188)) - Starting JVM pause monitor
]]></system-out>
  </testcase>
  <testcase name="testPrepareWithRestart" classname="org.apache.hadoop.ozone.om.TestOzoneManagerPrepare" time="125.666">
    <error message="timeout: after 120000 millis" type="java.util.concurrent.TimeoutException">java.util.concurrent.TimeoutException: timeout: after 120000 millis
	at org.apache.ozone.test.LambdaTestUtils$GenerateTimeout.evaluate(LambdaTestUtils.java:677)
	at org.apache.ozone.test.LambdaTestUtils.await(LambdaTestUtils.java:154)
	at org.apache.ozone.test.LambdaTestUtils.await(LambdaTestUtils.java:192)
	at org.apache.hadoop.ozone.om.TestOzoneManagerPrepare.assertClusterNotPrepared(TestOzoneManagerPrepare.java:484)
	at org.apache.hadoop.ozone.om.TestOzoneManagerPrepare.assertClusterNotPrepared(TestOzoneManagerPrepare.java:478)
	at org.apache.hadoop.ozone.om.TestOzoneManagerPrepare.initOM(TestOzoneManagerPrepare.java:91)
	at sun.reflect.NativeMethodAccessorImpl.invoke0(Native Method)
	at sun.reflect.NativeMethodAccessorImpl.invoke(NativeMethodAccessorImpl.java:62)
	at sun.reflect.DelegatingMethodAccessorImpl.invoke(DelegatingMethodAccessorImpl.java:43)
	at java.lang.reflect.Method.invoke(Method.java:498)
	at org.junit.runners.model.FrameworkMethod$1.runReflectiveCall(FrameworkMethod.java:59)
	at org.junit.internal.runners.model.ReflectiveCallable.run(ReflectiveCallable.java:12)
	at org.junit.runners.model.FrameworkMethod.invokeExplosively(FrameworkMethod.java:56)
	at org.junit.internal.runners.statements.RunBefores.invokeMethod(RunBefores.java:33)
	at org.junit.internal.runners.statements.RunBefores.evaluate(RunBefores.java:24)
	at org.junit.internal.runners.statements.RunAfters.evaluate(RunAfters.java:27)
	at org.junit.rules.ExpectedException$ExpectedExceptionStatement.evaluate(ExpectedException.java:258)
	at org.junit.internal.runners.statements.FailOnTimeout$CallableStatement.call(FailOnTimeout.java:288)
	at org.junit.internal.runners.statements.FailOnTimeout$CallableStatement.call(FailOnTimeout.java:282)
	at java.util.concurrent.FutureTask.run(FutureTask.java:266)
	at java.lang.Thread.run(Thread.java:750)
</error>
    <system-out><![CDATA[2022-03-14 12:24:10,592 [Time-limited test] INFO  retry.RetryInvocationHandler (RetryInvocationHandler.java:log(411)) - com.google.protobuf.ServiceException: org.apache.hadoop.ipc.RemoteException(org.apache.hadoop.ozone.om.exceptions.OMNotLeaderException): OM:omNode-2 is not the leader. Could not determine the leader node.
	at org.apache.hadoop.ozone.om.ratis.utils.OzoneManagerRatisUtils.createNotLeaderException(OzoneManagerRatisUtils.java:360)
	at org.apache.hadoop.ozone.om.ratis.utils.OzoneManagerRatisUtils.checkLeaderStatus(OzoneManagerRatisUtils.java:346)
	at org.apache.hadoop.ozone.protocolPB.OzoneManagerProtocolServerSideTranslatorPB.checkLeaderStatus(OzoneManagerProtocolServerSideTranslatorPB.java:279)
	at org.apache.hadoop.ozone.protocolPB.OzoneManagerProtocolServerSideTranslatorPB.processRequest(OzoneManagerProtocolServerSideTranslatorPB.java:158)
	at org.apache.hadoop.hdds.server.OzoneProtocolMessageDispatcher.processRequest(OzoneProtocolMessageDispatcher.java:87)
	at org.apache.hadoop.ozone.protocolPB.OzoneManagerProtocolServerSideTranslatorPB.submitRequest(OzoneManagerProtocolServerSideTranslatorPB.java:124)
	at org.apache.hadoop.ozone.protocol.proto.OzoneManagerProtocolProtos$OzoneManagerService$2.callBlockingMethod(OzoneManagerProtocolProtos.java)
	at org.apache.hadoop.ipc.ProtobufRpcEngine$Server.processCall(ProtobufRpcEngine.java:466)
	at org.apache.hadoop.ipc.ProtobufRpcEngine2$Server$ProtoBufRpcInvoker.call(ProtobufRpcEngine2.java:574)
	at org.apache.hadoop.ipc.ProtobufRpcEngine2$Server$ProtoBufRpcInvoker.call(ProtobufRpcEngine2.java:552)
	at org.apache.hadoop.ipc.RPC$Server.call(RPC.java:1093)
	at org.apache.hadoop.ipc.Server$RpcCall.run(Server.java:1035)
	at org.apache.hadoop.ipc.Server$RpcCall.run(Server.java:963)
	at java.security.AccessController.doPrivileged(Native Method)
	at javax.security.auth.Subject.doAs(Subject.java:422)
	at org.apache.hadoop.security.UserGroupInformation.doAs(UserGroupInformation.java:1878)
	at org.apache.hadoop.ipc.Server$Handler.run(Server.java:2966)
, while invoking $Proxy53.submitRequest over nodeId=omNode-2,nodeAddress=127.0.0.1:44939. Trying to failover immediately.
2022-03-14 12:24:10,597 [Time-limited test] INFO  retry.RetryInvocationHandler (RetryInvocationHandler.java:log(411)) - com.google.protobuf.ServiceException: org.apache.hadoop.ipc.RemoteException(org.apache.hadoop.ozone.om.exceptions.OMNotLeaderException): OM:omNode-3 is not the leader. Could not determine the leader node.
	at org.apache.hadoop.ozone.om.ratis.utils.OzoneManagerRatisUtils.createNotLeaderException(OzoneManagerRatisUtils.java:360)
	at org.apache.hadoop.ozone.om.ratis.utils.OzoneManagerRatisUtils.checkLeaderStatus(OzoneManagerRatisUtils.java:346)
	at org.apache.hadoop.ozone.protocolPB.OzoneManagerProtocolServerSideTranslatorPB.checkLeaderStatus(OzoneManagerProtocolServerSideTranslatorPB.java:279)
	at org.apache.hadoop.ozone.protocolPB.OzoneManagerProtocolServerSideTranslatorPB.processRequest(OzoneManagerProtocolServerSideTranslatorPB.java:158)
	at org.apache.hadoop.hdds.server.OzoneProtocolMessageDispatcher.processRequest(OzoneProtocolMessageDispatcher.java:87)
	at org.apache.hadoop.ozone.protocolPB.OzoneManagerProtocolServerSideTranslatorPB.submitRequest(OzoneManagerProtocolServerSideTranslatorPB.java:124)
	at org.apache.hadoop.ozone.protocol.proto.OzoneManagerProtocolProtos$OzoneManagerService$2.callBlockingMethod(OzoneManagerProtocolProtos.java)
	at org.apache.hadoop.ipc.ProtobufRpcEngine$Server.processCall(ProtobufRpcEngine.java:466)
	at org.apache.hadoop.ipc.ProtobufRpcEngine2$Server$ProtoBufRpcInvoker.call(ProtobufRpcEngine2.java:574)
	at org.apache.hadoop.ipc.ProtobufRpcEngine2$Server$ProtoBufRpcInvoker.call(ProtobufRpcEngine2.java:552)
	at org.apache.hadoop.ipc.RPC$Server.call(RPC.java:1093)
	at org.apache.hadoop.ipc.Server$RpcCall.run(Server.java:1035)
	at org.apache.hadoop.ipc.Server$RpcCall.run(Server.java:963)
	at java.security.AccessController.doPrivileged(Native Method)
	at javax.security.auth.Subject.doAs(Subject.java:422)
	at org.apache.hadoop.security.UserGroupInformation.doAs(UserGroupInformation.java:1878)
	at org.apache.hadoop.ipc.Server$Handler.run(Server.java:2966)
, while invoking $Proxy53.submitRequest over nodeId=omNode-3,nodeAddress=127.0.0.1:38867 after 1 failover attempts. Trying to failover after sleeping for 2000ms.
2022-03-14 12:24:11,384 [omNode-3@group-523986131536-FollowerState] INFO  impl.FollowerState (FollowerState.java:run(134)) - omNode-3@group-523986131536-FollowerState: change to CANDIDATE, lastRpcElapsedTime:1068382480ns, electionTimeout:1068ms
2022-03-14 12:24:11,384 [omNode-3@group-523986131536-FollowerState] INFO  impl.RoleInfo (RoleInfo.java:shutdownFollowerState(108)) - omNode-3: shutdown omNode-3@group-523986131536-FollowerState
2022-03-14 12:24:11,384 [omNode-3@group-523986131536-FollowerState] INFO  server.RaftServer$Division (RaftServerImpl.java:setRole(290)) - omNode-3@group-523986131536: changes role from  FOLLOWER to CANDIDATE at term 9 for changeToCandidate
2022-03-14 12:24:11,385 [omNode-3@group-523986131536-FollowerState] INFO  server.RaftServerConfigKeys (ConfUtils.java:logGet(44)) - raft.server.leaderelection.pre-vote = false (custom)
2022-03-14 12:24:11,385 [omNode-3@group-523986131536-FollowerState] INFO  impl.RoleInfo (RoleInfo.java:updateAndGet(130)) - omNode-3: start omNode-3@group-523986131536-LeaderElection28
2022-03-14 12:24:11,388 [omNode-3@group-523986131536-LeaderElection28] INFO  impl.LeaderElection (LeaderElection.java:askForVotes(306)) - omNode-3@group-523986131536-LeaderElection28 ELECTION round 0: submit vote requests at term 10 for 30: [omNode-3|rpc:localhost:38427|admin:|client:|dataStream:|priority:0, omNode-1|rpc:localhost:41375|admin:|client:|dataStream:|priority:0, omNode-2|rpc:localhost:40735|admin:|client:|dataStream:|priority:0], old=null
2022-03-14 12:24:11,397 [grpc-default-executor-11] INFO  server.RaftServer$Division (RaftServerImpl.java:requestVote(1046)) - omNode-1@group-523986131536: receive requestVote(ELECTION, omNode-3, group-523986131536, 10, (t:9, i:33))
2022-03-14 12:24:11,397 [grpc-default-executor-11] INFO  impl.VoteContext (VoteContext.java:log(48)) - omNode-1@group-523986131536-FOLLOWER: accept ELECTION from omNode-3: our last entry (t:2, i:18) < candidate's last entry (t:9, i:33)
2022-03-14 12:24:11,398 [grpc-default-executor-11] INFO  server.RaftServer$Division (RaftServerImpl.java:setRole(290)) - omNode-1@group-523986131536: changes role from  FOLLOWER to FOLLOWER at term 10 for candidate:omNode-3
2022-03-14 12:24:11,398 [grpc-default-executor-11] INFO  impl.RoleInfo (RoleInfo.java:shutdownFollowerState(108)) - omNode-1: shutdown omNode-1@group-523986131536-FollowerState
2022-03-14 12:24:11,398 [grpc-default-executor-11] INFO  impl.RoleInfo (RoleInfo.java:updateAndGet(130)) - omNode-1: start omNode-1@group-523986131536-FollowerState
2022-03-14 12:24:11,400 [omNode-1@group-523986131536-FollowerState] INFO  impl.FollowerState (FollowerState.java:run(143)) - omNode-1@group-523986131536-FollowerState was interrupted: {}
java.lang.InterruptedException: sleep interrupted
	at java.lang.Thread.sleep(Native Method)
	at java.lang.Thread.sleep(Thread.java:342)
	at java.util.concurrent.TimeUnit.sleep(TimeUnit.java:386)
	at org.apache.ratis.util.TimeDuration.sleep(TimeDuration.java:324)
	at org.apache.ratis.util.TimeDuration.sleep(TimeDuration.java:309)
	at org.apache.ratis.server.impl.FollowerState.run(FollowerState.java:118)
2022-03-14 12:24:11,415 [grpc-default-executor-10] INFO  server.RaftServer$Division (RaftServerImpl.java:requestVote(1046)) - omNode-2@group-523986131536: receive requestVote(ELECTION, omNode-3, group-523986131536, 10, (t:9, i:33))
2022-03-14 12:24:11,416 [grpc-default-executor-10] INFO  impl.VoteContext (VoteContext.java:log(48)) - omNode-2@group-523986131536-FOLLOWER: accept ELECTION from omNode-3: our priority 0 <= candidate's priority 0
2022-03-14 12:24:11,416 [grpc-default-executor-10] INFO  server.RaftServer$Division (RaftServerImpl.java:setRole(290)) - omNode-2@group-523986131536: changes role from  FOLLOWER to FOLLOWER at term 10 for candidate:omNode-3
2022-03-14 12:24:11,416 [grpc-default-executor-10] INFO  impl.RoleInfo (RoleInfo.java:shutdownFollowerState(108)) - omNode-2: shutdown omNode-2@group-523986131536-FollowerState
2022-03-14 12:24:11,416 [grpc-default-executor-10] INFO  impl.RoleInfo (RoleInfo.java:updateAndGet(130)) - omNode-2: start omNode-2@group-523986131536-FollowerState
2022-03-14 12:24:11,415 [grpc-default-executor-11] INFO  server.RaftServer$Division (RaftServerImpl.java:requestVote(1078)) - omNode-1@group-523986131536 replies to ELECTION vote request: omNode-3<-omNode-1#0:OK-t10. Peer's state: omNode-1@group-523986131536:t10, leader=null, voted=omNode-3, raftlog=omNode-1@group-523986131536-SegmentedRaftLog:OPENED:c18, conf=30: [omNode-3|rpc:localhost:38427|admin:|client:|dataStream:|priority:0, omNode-1|rpc:localhost:41375|admin:|client:|dataStream:|priority:0, omNode-2|rpc:localhost:40735|admin:|client:|dataStream:|priority:0], old=null
2022-03-14 12:24:11,417 [omNode-2@group-523986131536-FollowerState] INFO  impl.FollowerState (FollowerState.java:run(143)) - omNode-2@group-523986131536-FollowerState was interrupted: {}
java.lang.InterruptedException: sleep interrupted
	at java.lang.Thread.sleep(Native Method)
	at java.lang.Thread.sleep(Thread.java:342)
	at java.util.concurrent.TimeUnit.sleep(TimeUnit.java:386)
	at org.apache.ratis.util.TimeDuration.sleep(TimeDuration.java:324)
	at org.apache.ratis.util.TimeDuration.sleep(TimeDuration.java:309)
	at org.apache.ratis.server.impl.FollowerState.run(FollowerState.java:118)
2022-03-14 12:24:11,417 [grpc-default-executor-10] INFO  server.RaftServer$Division (RaftServerImpl.java:requestVote(1078)) - omNode-2@group-523986131536 replies to ELECTION vote request: omNode-3<-omNode-2#0:OK-t10. Peer's state: omNode-2@group-523986131536:t10, leader=null, voted=omNode-3, raftlog=omNode-2@group-523986131536-SegmentedRaftLog:OPENED:c33, conf=30: [omNode-3|rpc:localhost:38427|admin:|client:|dataStream:|priority:0, omNode-1|rpc:localhost:41375|admin:|client:|dataStream:|priority:0, omNode-2|rpc:localhost:40735|admin:|client:|dataStream:|priority:0], old=null
2022-03-14 12:24:11,420 [omNode-3@group-523986131536-LeaderElection28] INFO  impl.LeaderElection (LeaderElection.java:logAndReturn(89)) - omNode-3@group-523986131536-LeaderElection28: ELECTION PASSED received 1 response(s) and 0 exception(s):
2022-03-14 12:24:11,420 [omNode-3@group-523986131536-LeaderElection28] INFO  impl.LeaderElection (LeaderElection.java:logAndReturn(93)) -   Response 0: omNode-3<-omNode-1#0:OK-t10
2022-03-14 12:24:11,420 [omNode-3@group-523986131536-LeaderElection28] INFO  impl.LeaderElection (LeaderElection.java:askForVotes(308)) - omNode-3@group-523986131536-LeaderElection28 ELECTION round 0: result PASSED
2022-03-14 12:24:11,420 [omNode-3@group-523986131536-LeaderElection28] INFO  impl.RoleInfo (RoleInfo.java:shutdownLeaderElection(121)) - omNode-3: shutdown omNode-3@group-523986131536-LeaderElection28
2022-03-14 12:24:11,420 [omNode-3@group-523986131536-LeaderElection28] INFO  server.RaftServer$Division (RaftServerImpl.java:setRole(290)) - omNode-3@group-523986131536: changes role from CANDIDATE to LEADER at term 10 for changeToLeader
2022-03-14 12:24:11,420 [omNode-3@group-523986131536-LeaderElection28] INFO  server.RaftServer$Division (ServerState.java:setLeader(285)) - omNode-3@group-523986131536: change Leader from null to omNode-3 at term 10 for becomeLeader, leader elected after 1109ms
2022-03-14 12:24:11,420 [omNode-3@group-523986131536-LeaderElection28] INFO  server.RaftServerConfigKeys (ConfUtils.java:logGet(44)) - raft.server.staging.catchup.gap = 1000 (default)
2022-03-14 12:24:11,421 [omNode-3@group-523986131536-LeaderElection28] INFO  server.RaftServerConfigKeys (ConfUtils.java:logGet(44)) - raft.server.write.element-limit = 4096 (default)
2022-03-14 12:24:11,421 [omNode-3@group-523986131536-LeaderElection28] INFO  server.RaftServerConfigKeys (ConfUtils.java:logGet(44)) - raft.server.write.byte-limit = 64MB (=67108864) (default)
2022-03-14 12:24:11,421 [omNode-3@group-523986131536-LeaderElection28] INFO  server.RaftServerConfigKeys (ConfUtils.java:logGet(44)) - raft.server.watch.timeout = 10s (default)
2022-03-14 12:24:11,421 [omNode-3@group-523986131536-LeaderElection28] INFO  server.RaftServerConfigKeys (ConfUtils.java:logGet(44)) - raft.server.watch.timeout.denomination = 1s (default)
2022-03-14 12:24:11,421 [omNode-3@group-523986131536-LeaderElection28] INFO  server.RaftServerConfigKeys (ConfUtils.java:logGet(44)) - raft.server.watch.element-limit = 65536 (default)
2022-03-14 12:24:11,421 [omNode-3@group-523986131536-LeaderElection28] INFO  server.RaftServerConfigKeys (ConfUtils.java:logGet(44)) - raft.server.write.element-limit = 4096 (default)
2022-03-14 12:24:11,421 [omNode-3@group-523986131536-LeaderElection28] INFO  server.RaftServerConfigKeys (ConfUtils.java:logGet(44)) - raft.server.write.follower.gap.ratio.max = -1.0 (default)
2022-03-14 12:24:11,421 [omNode-3@group-523986131536-LeaderElection28] INFO  server.RaftServerConfigKeys (ConfUtils.java:logGet(44)) - raft.server.log.appender.snapshot.chunk.size.max = 16MB (=16777216) (default)
2022-03-14 12:24:11,421 [omNode-3@group-523986131536-LeaderElection28] INFO  server.RaftServerConfigKeys (ConfUtils.java:logGet(44)) - raft.server.log.appender.buffer.byte-limit = 33554432 (custom)
2022-03-14 12:24:11,421 [omNode-3@group-523986131536-LeaderElection28] INFO  server.RaftServerConfigKeys (ConfUtils.java:logGet(44)) - raft.server.log.appender.buffer.element-limit = 1024 (custom)
2022-03-14 12:24:11,421 [omNode-3@group-523986131536-LeaderElection28] INFO  grpc.GrpcConfigKeys (ConfUtils.java:logGet(44)) - raft.grpc.server.leader.outstanding.appends.max = 128 (default)
2022-03-14 12:24:11,421 [omNode-3@group-523986131536-LeaderElection28] INFO  server.RaftServerConfigKeys (ConfUtils.java:logGet(44)) - raft.server.rpc.request.timeout = 3000ms (default)
2022-03-14 12:24:11,421 [omNode-3@group-523986131536-LeaderElection28] INFO  server.RaftServerConfigKeys (ConfUtils.java:logGet(44)) - raft.server.log.appender.install.snapshot.enabled = false (custom)
2022-03-14 12:24:11,422 [omNode-3@group-523986131536-LeaderElection28] INFO  server.RaftServerConfigKeys (ConfUtils.java:logGet(44)) - raft.server.log.appender.snapshot.chunk.size.max = 16MB (=16777216) (default)
2022-03-14 12:24:11,422 [omNode-3@group-523986131536-LeaderElection28] INFO  server.RaftServerConfigKeys (ConfUtils.java:logGet(44)) - raft.server.log.appender.buffer.byte-limit = 33554432 (custom)
2022-03-14 12:24:11,422 [omNode-3@group-523986131536-LeaderElection28] INFO  server.RaftServerConfigKeys (ConfUtils.java:logGet(44)) - raft.server.log.appender.buffer.element-limit = 1024 (custom)
2022-03-14 12:24:11,422 [omNode-3@group-523986131536-LeaderElection28] INFO  grpc.GrpcConfigKeys (ConfUtils.java:logGet(44)) - raft.grpc.server.leader.outstanding.appends.max = 128 (default)
2022-03-14 12:24:11,422 [omNode-3@group-523986131536-LeaderElection28] INFO  server.RaftServerConfigKeys (ConfUtils.java:logGet(44)) - raft.server.rpc.request.timeout = 3000ms (default)
2022-03-14 12:24:11,422 [omNode-3@group-523986131536-LeaderElection28] INFO  server.RaftServerConfigKeys (ConfUtils.java:logGet(44)) - raft.server.log.appender.install.snapshot.enabled = false (custom)
2022-03-14 12:24:11,423 [omNode-3@group-523986131536-LeaderElection28] INFO  impl.RoleInfo (RoleInfo.java:updateAndGet(130)) - omNode-3: start omNode-3@group-523986131536-LeaderStateImpl
2022-03-14 12:24:11,423 [omNode-3@group-523986131536-LeaderElection28] INFO  segmented.SegmentedRaftLogWorker (SegmentedRaftLogWorker.java:rollLogSegment(399)) - omNode-3@group-523986131536-SegmentedRaftLogWorker: Rolling segment log-30_33 to index:33
2022-03-14 12:24:11,425 [omNode-3@group-523986131536-SegmentedRaftLogWorker] INFO  segmented.SegmentedRaftLogWorker (SegmentedRaftLogWorker.java:execute(558)) - omNode-3@group-523986131536-SegmentedRaftLogWorker: Rolled log segment from /home/runner/work/ozone/ozone/hadoop-ozone/integration-test/target/test-dir/MiniOzoneClusterImpl-278953cb-1c57-4e8b-ba2f-5e3472d45912/omNode-3/ratis/c9bc4cf4-3bc3-3c60-a66b-523986131536/current/log_inprogress_30 to /home/runner/work/ozone/ozone/hadoop-ozone/integration-test/target/test-dir/MiniOzoneClusterImpl-278953cb-1c57-4e8b-ba2f-5e3472d45912/omNode-3/ratis/c9bc4cf4-3bc3-3c60-a66b-523986131536/current/log_30-33
2022-03-14 12:24:11,429 [grpc-default-executor-11] INFO  server.RaftServer$Division (ServerState.java:setLeader(285)) - omNode-1@group-523986131536: change Leader from null to omNode-3 at term 10 for appendEntries, leader elected after 1015ms
2022-03-14 12:24:11,429 [grpc-default-executor-11] INFO  server.RaftServer$Division (RaftServerImpl.java:checkInconsistentAppendEntries(1322)) - omNode-1@group-523986131536: Failed appendEntries as previous log entry ((t:9, i:33)) is not found
2022-03-14 12:24:11,430 [grpc-default-executor-11] INFO  server.RaftServer$Division (RaftServerImpl.java:checkInconsistentAppendEntries(1288)) - omNode-1@group-523986131536: inconsistency entries. Reply:omNode-3<-omNode-1#0:FAIL-t10,INCONSISTENCY,nextIndex=19,followerCommit=18
2022-03-14 12:24:11,430 [grpc-default-executor-11] INFO  leader.FollowerInfo (FollowerInfoImpl.java:lambda$new$0(47)) - omNode-3@group-523986131536->omNode-1: nextIndex: updateUnconditionally 34 -> 19
2022-03-14 12:24:11,432 [omNode-3@group-523986131536-LeaderElection28] INFO  server.RaftServer$Division (ServerState.java:setRaftConf(387)) - omNode-3@group-523986131536: set configuration 34: [omNode-3|rpc:localhost:38427|admin:|client:|dataStream:|priority:0, omNode-1|rpc:localhost:41375|admin:|client:|dataStream:|priority:0, omNode-2|rpc:localhost:40735|admin:|client:|dataStream:|priority:0], old=null
2022-03-14 12:24:11,433 [omNode-3@group-523986131536->omNode-1-GrpcLogAppender-LogAppenderDaemon] ERROR leader.LogAppenderDaemon (LogAppenderDaemon.java:run(86)) - omNode-3@group-523986131536->omNode-1-GrpcLogAppender-LogAppenderDaemon failed
java.lang.NullPointerException: omNode-3@group-523986131536->omNode-1: Previous TermIndex not found for firstIndex = 19
	at java.util.Objects.requireNonNull(Objects.java:290)
	at org.apache.ratis.server.leader.LogAppenderBase.assertProtos(LogAppenderBase.java:169)
	at org.apache.ratis.server.leader.LogAppenderBase.newAppendEntriesRequest(LogAppenderBase.java:154)
	at org.apache.ratis.grpc.server.GrpcLogAppender.appendLog(GrpcLogAppender.java:213)
	at org.apache.ratis.grpc.server.GrpcLogAppender.run(GrpcLogAppender.java:147)
	at org.apache.ratis.server.leader.LogAppenderDaemon.run(LogAppenderDaemon.java:77)
	at java.lang.Thread.run(Thread.java:750)
2022-03-14 12:24:11,435 [omNode-3@group-523986131536->omNode-1-GrpcLogAppender-LogAppenderDaemon] INFO  server.RaftServer$Division (LeaderStateImpl.java:restart(514)) - omNode-3@group-523986131536-LeaderStateImpl: Restarting GrpcLogAppender for omNode-3@group-523986131536->omNode-1
2022-03-14 12:24:11,435 [omNode-3@group-523986131536->omNode-1-GrpcLogAppender-LogAppenderDaemon] INFO  server.RaftServerConfigKeys (ConfUtils.java:logGet(44)) - raft.server.log.appender.snapshot.chunk.size.max = 16MB (=16777216) (default)
2022-03-14 12:24:11,435 [omNode-3@group-523986131536->omNode-1-GrpcLogAppender-LogAppenderDaemon] INFO  server.RaftServerConfigKeys (ConfUtils.java:logGet(44)) - raft.server.log.appender.buffer.byte-limit = 33554432 (custom)
2022-03-14 12:24:11,435 [omNode-3@group-523986131536->omNode-1-GrpcLogAppender-LogAppenderDaemon] INFO  server.RaftServerConfigKeys (ConfUtils.java:logGet(44)) - raft.server.log.appender.buffer.element-limit = 1024 (custom)
2022-03-14 12:24:11,435 [grpc-default-executor-10] INFO  server.RaftServer$Division (ServerState.java:setLeader(285)) - omNode-2@group-523986131536: change Leader from null to omNode-3 at term 10 for appendEntries, leader elected after 900ms
2022-03-14 12:24:11,436 [omNode-3@group-523986131536-SegmentedRaftLogWorker] INFO  segmented.SegmentedRaftLogWorker (SegmentedRaftLogWorker.java:execute(601)) - omNode-3@group-523986131536-SegmentedRaftLogWorker: created new log segment /home/runner/work/ozone/ozone/hadoop-ozone/integration-test/target/test-dir/MiniOzoneClusterImpl-278953cb-1c57-4e8b-ba2f-5e3472d45912/omNode-3/ratis/c9bc4cf4-3bc3-3c60-a66b-523986131536/current/log_inprogress_34
2022-03-14 12:24:11,438 [grpc-default-executor-10] INFO  server.RaftServer$Division (ServerState.java:setRaftConf(387)) - omNode-2@group-523986131536: set configuration 34: [omNode-3|rpc:localhost:38427|admin:|client:|dataStream:|priority:0, omNode-1|rpc:localhost:41375|admin:|client:|dataStream:|priority:0, omNode-2|rpc:localhost:40735|admin:|client:|dataStream:|priority:0], old=null
2022-03-14 12:24:11,439 [grpc-default-executor-10] INFO  segmented.SegmentedRaftLogWorker (SegmentedRaftLogWorker.java:rollLogSegment(399)) - omNode-2@group-523986131536-SegmentedRaftLogWorker: Rolling segment log-30_33 to index:33
2022-03-14 12:24:11,440 [omNode-2@group-523986131536-SegmentedRaftLogWorker] INFO  segmented.SegmentedRaftLogWorker (SegmentedRaftLogWorker.java:execute(558)) - omNode-2@group-523986131536-SegmentedRaftLogWorker: Rolled log segment from /home/runner/work/ozone/ozone/hadoop-ozone/integration-test/target/test-dir/MiniOzoneClusterImpl-278953cb-1c57-4e8b-ba2f-5e3472d45912/omNode-2/ratis/c9bc4cf4-3bc3-3c60-a66b-523986131536/current/log_inprogress_30 to /home/runner/work/ozone/ozone/hadoop-ozone/integration-test/target/test-dir/MiniOzoneClusterImpl-278953cb-1c57-4e8b-ba2f-5e3472d45912/omNode-2/ratis/c9bc4cf4-3bc3-3c60-a66b-523986131536/current/log_30-33
2022-03-14 12:24:11,442 [omNode-3@group-523986131536->omNode-1-GrpcLogAppender-LogAppenderDaemon] INFO  grpc.GrpcConfigKeys (ConfUtils.java:logGet(44)) - raft.grpc.server.leader.outstanding.appends.max = 128 (default)
2022-03-14 12:24:11,442 [omNode-3@group-523986131536->omNode-1-GrpcLogAppender-LogAppenderDaemon] INFO  server.RaftServerConfigKeys (ConfUtils.java:logGet(44)) - raft.server.rpc.request.timeout = 3000ms (default)
2022-03-14 12:24:11,442 [omNode-3@group-523986131536->omNode-1-GrpcLogAppender-LogAppenderDaemon] INFO  server.RaftServerConfigKeys (ConfUtils.java:logGet(44)) - raft.server.log.appender.install.snapshot.enabled = false (custom)
2022-03-14 12:24:11,443 [omNode-3@group-523986131536->omNode-1-GrpcLogAppender-LogAppenderDaemon] INFO  server.GrpcLogAppender (GrpcLogAppender.java:installSnapshot(550)) - omNode-3@group-523986131536->omNode-1-GrpcLogAppender: followerNextIndex = 0 but logStartIndex = 19, notify follower to install snapshot-(t:3, i:19)
2022-03-14 12:24:11,444 [omNode-3@group-523986131536->omNode-1-GrpcLogAppender-LogAppenderDaemon] INFO  server.GrpcLogAppender (GrpcLogAppender.java:installSnapshot(558)) - omNode-3@group-523986131536->omNode-1-GrpcLogAppender: send omNode-3->omNode-1#0-t10,notify:(t:3, i:19)
2022-03-14 12:24:11,449 [omNode-2@group-523986131536-SegmentedRaftLogWorker] INFO  segmented.SegmentedRaftLogWorker (SegmentedRaftLogWorker.java:execute(601)) - omNode-2@group-523986131536-SegmentedRaftLogWorker: created new log segment /home/runner/work/ozone/ozone/hadoop-ozone/integration-test/target/test-dir/MiniOzoneClusterImpl-278953cb-1c57-4e8b-ba2f-5e3472d45912/omNode-2/ratis/c9bc4cf4-3bc3-3c60-a66b-523986131536/current/log_inprogress_34
2022-03-14 12:24:11,453 [omNode-3@group-523986131536-StateMachineUpdater] INFO  ratis.OzoneManagerStateMachine (OzoneManagerStateMachine.java:notifyConfigurationChanged(188)) - Received Configuration change notification from Ratis. New Peer list:
[id: "omNode-3"
address: "localhost:38427"
, id: "omNode-1"
address: "localhost:41375"
, id: "omNode-2"
address: "localhost:40735"
]
2022-03-14 12:24:11,454 [grpc-default-executor-11] INFO  server.RaftServer$Division (RaftServerImpl.java:installSnapshot(1332)) - omNode-1@group-523986131536: receive installSnapshot: omNode-3->omNode-1#0-t10,notify:(t:3, i:19)
2022-03-14 12:24:11,454 [grpc-default-executor-11] INFO  server.RaftServer$Division (RaftServerImpl.java:notifyStateMachineToInstallSnapshot(1551)) - omNode-1@group-523986131536: Received notification to install snapshot at index 19
2022-03-14 12:24:11,454 [grpc-default-executor-11] INFO  server.RaftServer$Division (RaftServerImpl.java:notifyStateMachineToInstallSnapshot(1559)) - omNode-1@group-523986131536: InstallSnapshot notification result: ALREADY_INSTALLED, current snapshot index: 18
2022-03-14 12:24:11,454 [grpc-default-executor-11] INFO  server.RaftServer$Division (RaftServerImpl.java:installSnapshotImpl(1462)) - omNode-1@group-523986131536: set new configuration index: 34
configurationEntry {
  peers {
    id: "omNode-3"
    address: "localhost:38427"
  }
  peers {
    id: "omNode-1"
    address: "localhost:41375"
  }
  peers {
    id: "omNode-2"
    address: "localhost:40735"
  }
}
 from snapshot
2022-03-14 12:24:11,458 [grpc-default-executor-11] INFO  server.RaftServer$Division (ServerState.java:setRaftConf(387)) - omNode-1@group-523986131536: set configuration 34: [omNode-3|rpc:localhost:38427|admin:|client:|dataStream:|priority:0, omNode-1|rpc:localhost:41375|admin:|client:|dataStream:|priority:0, omNode-2|rpc:localhost:40735|admin:|client:|dataStream:|priority:0], old=null
2022-03-14 12:24:11,458 [grpc-default-executor-11] INFO  ratis.OzoneManagerStateMachine (OzoneManagerStateMachine.java:notifyConfigurationChanged(188)) - Received Configuration change notification from Ratis. New Peer list:
[id: "omNode-3"
address: "localhost:38427"
, id: "omNode-1"
address: "localhost:41375"
, id: "omNode-2"
address: "localhost:40735"
]
2022-03-14 12:24:11,458 [grpc-default-executor-11] INFO  server.RaftServer$Division (RaftServerImpl.java:installSnapshot(1343)) - omNode-1@group-523986131536: reply installSnapshot: omNode-3<-omNode-1#0:FAIL-t10,ALREADY_INSTALLED,snapshotIndex=18
2022-03-14 12:24:11,459 [grpc-default-executor-11] INFO  server.GrpcServerProtocolService (GrpcServerProtocolService.java:onCompleted(140)) - omNode-1: Completed INSTALL_SNAPSHOT, lastRequest: omNode-3->omNode-1#0-t10,notify:(t:3, i:19)
2022-03-14 12:24:11,459 [grpc-default-executor-10] INFO  server.GrpcLogAppender (GrpcLogAppender.java:onNext(410)) - omNode-3@group-523986131536->omNode-1-InstallSnapshotResponseHandler: received the first reply omNode-3<-omNode-1#0:FAIL-t10,ALREADY_INSTALLED,snapshotIndex=18
2022-03-14 12:24:11,459 [grpc-default-executor-10] INFO  server.GrpcLogAppender (GrpcLogAppender.java:onNext(433)) - omNode-3@group-523986131536->omNode-1-InstallSnapshotResponseHandler: Follower snapshot is already at index 18.
2022-03-14 12:24:11,459 [grpc-default-executor-10] INFO  leader.FollowerInfo (FollowerInfoImpl.java:lambda$new$0(47)) - omNode-3@group-523986131536->omNode-1: snapshotIndex: setUnconditionally 0 -> 18
2022-03-14 12:24:11,459 [grpc-default-executor-10] INFO  leader.FollowerInfo (FollowerInfoImpl.java:lambda$new$0(47)) - omNode-3@group-523986131536->omNode-1: matchIndex: setUnconditionally 0 -> 18
2022-03-14 12:24:11,459 [grpc-default-executor-10] INFO  leader.FollowerInfo (FollowerInfoImpl.java:lambda$new$0(47)) - omNode-3@group-523986131536->omNode-1: nextIndex: setUnconditionally 0 -> 19
2022-03-14 12:24:11,459 [grpc-default-executor-10] INFO  leader.FollowerInfo (FollowerInfoImpl.java:setAttemptedToInstallSnapshot(116)) - Follower omNode-3@group-523986131536->omNode-1 acknowledged installing snapshot
2022-03-14 12:24:11,459 [grpc-default-executor-10] INFO  leader.FollowerInfo (FollowerInfoImpl.java:lambda$new$0(47)) - omNode-3@group-523986131536->omNode-1: nextIndex: updateToMax old=19, new=19, updated? false
2022-03-14 12:24:11,460 [omNode-2@group-523986131536-StateMachineUpdater] INFO  ratis.OzoneManagerStateMachine (OzoneManagerStateMachine.java:notifyConfigurationChanged(188)) - Received Configuration change notification from Ratis. New Peer list:
[id: "omNode-3"
address: "localhost:38427"
, id: "omNode-1"
address: "localhost:41375"
, id: "omNode-2"
address: "localhost:40735"
]
2022-03-14 12:24:11,970 [grpc-default-executor-10] INFO  server.RaftServer$Division (RaftServerImpl.java:checkInconsistentAppendEntries(1322)) - omNode-1@group-523986131536: Failed appendEntries as previous log entry ((t:10, i:35)) is not found
2022-03-14 12:24:11,970 [grpc-default-executor-10] INFO  server.RaftServer$Division (RaftServerImpl.java:checkInconsistentAppendEntries(1288)) - omNode-1@group-523986131536: inconsistency entries. Reply:omNode-3<-omNode-1#52:FAIL-t10,INCONSISTENCY,nextIndex=19,followerCommit=18
2022-03-14 12:24:11,971 [grpc-default-executor-10] INFO  leader.FollowerInfo (FollowerInfoImpl.java:lambda$new$0(47)) - omNode-3@group-523986131536->omNode-1: nextIndex: updateUnconditionally 36 -> 19
2022-03-14 12:24:12,473 [grpc-default-executor-10] INFO  server.RaftServer$Division (RaftServerImpl.java:checkInconsistentAppendEntries(1322)) - omNode-1@group-523986131536: Failed appendEntries as previous log entry ((t:10, i:35)) is not found
2022-03-14 12:24:12,473 [grpc-default-executor-10] INFO  server.RaftServer$Division (RaftServerImpl.java:checkInconsistentAppendEntries(1288)) - omNode-1@group-523986131536: inconsistency entries. Reply:omNode-3<-omNode-1#103:FAIL-t10,INCONSISTENCY,nextIndex=19,followerCommit=18
2022-03-14 12:24:12,474 [grpc-default-executor-10] INFO  leader.FollowerInfo (FollowerInfoImpl.java:lambda$new$0(47)) - omNode-3@group-523986131536->omNode-1: nextIndex: updateUnconditionally 36 -> 19
2022-03-14 12:24:12,606 [Time-limited test] INFO  retry.RetryInvocationHandler (RetryInvocationHandler.java:log(411)) - com.google.protobuf.ServiceException: org.apache.hadoop.ipc.RemoteException(org.apache.hadoop.ozone.om.exceptions.OMNotLeaderException): OM:omNode-1 is not the leader. Could not determine the leader node.
	at org.apache.hadoop.ozone.om.ratis.utils.OzoneManagerRatisUtils.createNotLeaderException(OzoneManagerRatisUtils.java:360)
	at org.apache.hadoop.ozone.om.ratis.utils.OzoneManagerRatisUtils.checkLeaderStatus(OzoneManagerRatisUtils.java:346)
	at org.apache.hadoop.ozone.protocolPB.OzoneManagerProtocolServerSideTranslatorPB.checkLeaderStatus(OzoneManagerProtocolServerSideTranslatorPB.java:279)
	at org.apache.hadoop.ozone.protocolPB.OzoneManagerProtocolServerSideTranslatorPB.processRequest(OzoneManagerProtocolServerSideTranslatorPB.java:158)
	at org.apache.hadoop.hdds.server.OzoneProtocolMessageDispatcher.processRequest(OzoneProtocolMessageDispatcher.java:87)
	at org.apache.hadoop.ozone.protocolPB.OzoneManagerProtocolServerSideTranslatorPB.submitRequest(OzoneManagerProtocolServerSideTranslatorPB.java:124)
	at org.apache.hadoop.ozone.protocol.proto.OzoneManagerProtocolProtos$OzoneManagerService$2.callBlockingMethod(OzoneManagerProtocolProtos.java)
	at org.apache.hadoop.ipc.ProtobufRpcEngine$Server.processCall(ProtobufRpcEngine.java:466)
	at org.apache.hadoop.ipc.ProtobufRpcEngine2$Server$ProtoBufRpcInvoker.call(ProtobufRpcEngine2.java:574)
	at org.apache.hadoop.ipc.ProtobufRpcEngine2$Server$ProtoBufRpcInvoker.call(ProtobufRpcEngine2.java:552)
	at org.apache.hadoop.ipc.RPC$Server.call(RPC.java:1093)
	at org.apache.hadoop.ipc.Server$RpcCall.run(Server.java:1035)
	at org.apache.hadoop.ipc.Server$RpcCall.run(Server.java:963)
	at java.security.AccessController.doPrivileged(Native Method)
	at javax.security.auth.Subject.doAs(Subject.java:422)
	at org.apache.hadoop.security.UserGroupInformation.doAs(UserGroupInformation.java:1878)
	at org.apache.hadoop.ipc.Server$Handler.run(Server.java:2966)
, while invoking $Proxy53.submitRequest over nodeId=omNode-1,nodeAddress=127.0.0.1:33717 after 2 failover attempts. Trying to failover immediately.
2022-03-14 12:24:12,609 [Time-limited test] INFO  retry.RetryInvocationHandler (RetryInvocationHandler.java:log(411)) - com.google.protobuf.ServiceException: org.apache.hadoop.ipc.RemoteException(org.apache.hadoop.ozone.om.exceptions.OMNotLeaderException): OM:omNode-2 is not the leader. Could not determine the leader node.
	at org.apache.hadoop.ozone.om.ratis.utils.OzoneManagerRatisUtils.createNotLeaderException(OzoneManagerRatisUtils.java:360)
	at org.apache.hadoop.ozone.om.ratis.utils.OzoneManagerRatisUtils.checkLeaderStatus(OzoneManagerRatisUtils.java:346)
	at org.apache.hadoop.ozone.protocolPB.OzoneManagerProtocolServerSideTranslatorPB.checkLeaderStatus(OzoneManagerProtocolServerSideTranslatorPB.java:279)
	at org.apache.hadoop.ozone.protocolPB.OzoneManagerProtocolServerSideTranslatorPB.processRequest(OzoneManagerProtocolServerSideTranslatorPB.java:158)
	at org.apache.hadoop.hdds.server.OzoneProtocolMessageDispatcher.processRequest(OzoneProtocolMessageDispatcher.java:87)
	at org.apache.hadoop.ozone.protocolPB.OzoneManagerProtocolServerSideTranslatorPB.submitRequest(OzoneManagerProtocolServerSideTranslatorPB.java:124)
	at org.apache.hadoop.ozone.protocol.proto.OzoneManagerProtocolProtos$OzoneManagerService$2.callBlockingMethod(OzoneManagerProtocolProtos.java)
	at org.apache.hadoop.ipc.ProtobufRpcEngine$Server.processCall(ProtobufRpcEngine.java:466)
	at org.apache.hadoop.ipc.ProtobufRpcEngine2$Server$ProtoBufRpcInvoker.call(ProtobufRpcEngine2.java:574)
	at org.apache.hadoop.ipc.ProtobufRpcEngine2$Server$ProtoBufRpcInvoker.call(ProtobufRpcEngine2.java:552)
	at org.apache.hadoop.ipc.RPC$Server.call(RPC.java:1093)
	at org.apache.hadoop.ipc.Server$RpcCall.run(Server.java:1035)
	at org.apache.hadoop.ipc.Server$RpcCall.run(Server.java:963)
	at java.security.AccessController.doPrivileged(Native Method)
	at javax.security.auth.Subject.doAs(Subject.java:422)
	at org.apache.hadoop.security.UserGroupInformation.doAs(UserGroupInformation.java:1878)
	at org.apache.hadoop.ipc.Server$Handler.run(Server.java:2966)
, while invoking $Proxy53.submitRequest over nodeId=omNode-2,nodeAddress=127.0.0.1:44939 after 3 failover attempts. Trying to failover immediately.
2022-03-14 12:24:12,614 [grpc-default-executor-10] INFO  server.RaftServer$Division (RaftServerImpl.java:checkInconsistentAppendEntries(1322)) - omNode-1@group-523986131536: Failed appendEntries as previous log entry ((t:10, i:35)) is not found
2022-03-14 12:24:12,615 [grpc-default-executor-10] INFO  server.RaftServer$Division (RaftServerImpl.java:checkInconsistentAppendEntries(1288)) - omNode-1@group-523986131536: inconsistency entries. Reply:omNode-3<-omNode-1#118:FAIL-t10,INCONSISTENCY,nextIndex=19,followerCommit=18
2022-03-14 12:24:12,617 [grpc-default-executor-11] INFO  server.RaftServer$Division (RaftServerImpl.java:checkInconsistentAppendEntries(1322)) - omNode-1@group-523986131536: Failed appendEntries as previous log entry ((t:10, i:36)) is not found
2022-03-14 12:24:12,617 [grpc-default-executor-11] INFO  server.RaftServer$Division (RaftServerImpl.java:checkInconsistentAppendEntries(1288)) - omNode-1@group-523986131536: inconsistency entries. Reply:omNode-3<-omNode-1#119:FAIL-t10,INCONSISTENCY,nextIndex=19,followerCommit=18
2022-03-14 12:24:12,619 [OM StateMachine ApplyTransaction Thread - 0] INFO  upgrade.OMCancelPrepareRequest (OMCancelPrepareRequest.java:validateAndUpdateCache(55)) - OM omNode-3 Received cancel prepare request with log index 36
2022-03-14 12:24:12,619 [OM StateMachine ApplyTransaction Thread - 0] INFO  upgrade.OMCancelPrepareRequest (OMCancelPrepareRequest.java:validateAndUpdateCache(84)) - OM omNode-3 prepare state cancelled at log index 36. Returning response 
2022-03-14 12:24:12,630 [OM StateMachine ApplyTransaction Thread - 0] INFO  upgrade.OMCancelPrepareRequest (OMCancelPrepareRequest.java:validateAndUpdateCache(55)) - OM omNode-2 Received cancel prepare request with log index 36
2022-03-14 12:24:12,631 [OM StateMachine ApplyTransaction Thread - 0] INFO  upgrade.OMCancelPrepareRequest (OMCancelPrepareRequest.java:validateAndUpdateCache(84)) - OM omNode-2 prepare state cancelled at log index 36. Returning response 
2022-03-14 12:24:13,118 [grpc-default-executor-10] INFO  server.RaftServer$Division (RaftServerImpl.java:checkInconsistentAppendEntries(1322)) - omNode-1@group-523986131536: Failed appendEntries as previous log entry ((t:10, i:37)) is not found
2022-03-14 12:24:13,118 [grpc-default-executor-10] INFO  server.RaftServer$Division (RaftServerImpl.java:checkInconsistentAppendEntries(1288)) - omNode-1@group-523986131536: inconsistency entries. Reply:omNode-3<-omNode-1#172:FAIL-t10,INCONSISTENCY,nextIndex=19,followerCommit=18
2022-03-14 12:24:13,118 [grpc-default-executor-10] INFO  leader.FollowerInfo (FollowerInfoImpl.java:lambda$new$0(47)) - omNode-3@group-523986131536->omNode-1: nextIndex: updateUnconditionally 38 -> 19
2022-03-14 12:24:13,620 [grpc-default-executor-10] INFO  server.RaftServer$Division (RaftServerImpl.java:checkInconsistentAppendEntries(1322)) - omNode-1@group-523986131536: Failed appendEntries as previous log entry ((t:10, i:37)) is not found
2022-03-14 12:24:13,620 [grpc-default-executor-10] INFO  server.RaftServer$Division (RaftServerImpl.java:checkInconsistentAppendEntries(1288)) - omNode-1@group-523986131536: inconsistency entries. Reply:omNode-3<-omNode-1#224:FAIL-t10,INCONSISTENCY,nextIndex=19,followerCommit=18
2022-03-14 12:24:13,621 [grpc-default-executor-10] INFO  leader.FollowerInfo (FollowerInfoImpl.java:lambda$new$0(47)) - omNode-3@group-523986131536->omNode-1: nextIndex: updateUnconditionally 38 -> 19
2022-03-14 12:24:14,122 [grpc-default-executor-10] INFO  server.RaftServer$Division (RaftServerImpl.java:checkInconsistentAppendEntries(1322)) - omNode-1@group-523986131536: Failed appendEntries as previous log entry ((t:10, i:37)) is not found
2022-03-14 12:24:14,123 [grpc-default-executor-10] INFO  server.RaftServer$Division (RaftServerImpl.java:checkInconsistentAppendEntries(1288)) - omNode-1@group-523986131536: inconsistency entries. Reply:omNode-3<-omNode-1#275:FAIL-t10,INCONSISTENCY,nextIndex=19,followerCommit=18
2022-03-14 12:24:14,123 [grpc-default-executor-10] INFO  leader.FollowerInfo (FollowerInfoImpl.java:lambda$new$0(47)) - omNode-3@group-523986131536->omNode-1: nextIndex: updateUnconditionally 38 -> 19
2022-03-14 12:24:14,625 [grpc-default-executor-10] INFO  server.RaftServer$Division (RaftServerImpl.java:checkInconsistentAppendEntries(1322)) - omNode-1@group-523986131536: Failed appendEntries as previous log entry ((t:10, i:37)) is not found
2022-03-14 12:24:14,625 [grpc-default-executor-10] INFO  server.RaftServer$Division (RaftServerImpl.java:checkInconsistentAppendEntries(1288)) - omNode-1@group-523986131536: inconsistency entries. Reply:omNode-3<-omNode-1#326:FAIL-t10,INCONSISTENCY,nextIndex=19,followerCommit=18
2022-03-14 12:24:14,625 [grpc-default-executor-10] INFO  leader.FollowerInfo (FollowerInfoImpl.java:lambda$new$0(47)) - omNode-3@group-523986131536->omNode-1: nextIndex: updateUnconditionally 38 -> 19
2022-03-14 12:24:15,127 [grpc-default-executor-11] INFO  server.RaftServer$Division (RaftServerImpl.java:checkInconsistentAppendEntries(1322)) - omNode-1@group-523986131536: Failed appendEntries as previous log entry ((t:10, i:37)) is not found
2022-03-14 12:24:15,127 [grpc-default-executor-11] INFO  server.RaftServer$Division (RaftServerImpl.java:checkInconsistentAppendEntries(1288)) - omNode-1@group-523986131536: inconsistency entries. Reply:omNode-3<-omNode-1#377:FAIL-t10,INCONSISTENCY,nextIndex=19,followerCommit=18
2022-03-14 12:24:15,127 [grpc-default-executor-11] INFO  leader.FollowerInfo (FollowerInfoImpl.java:lambda$new$0(47)) - omNode-3@group-523986131536->omNode-1: nextIndex: updateUnconditionally 38 -> 19
2022-03-14 12:24:15,629 [grpc-default-executor-11] INFO  server.RaftServer$Division (RaftServerImpl.java:checkInconsistentAppendEntries(1322)) - omNode-1@group-523986131536: Failed appendEntries as previous log entry ((t:10, i:37)) is not found
2022-03-14 12:24:15,629 [grpc-default-executor-11] INFO  server.RaftServer$Division (RaftServerImpl.java:checkInconsistentAppendEntries(1288)) - omNode-1@group-523986131536: inconsistency entries. Reply:omNode-3<-omNode-1#428:FAIL-t10,INCONSISTENCY,nextIndex=19,followerCommit=18
2022-03-14 12:24:15,629 [grpc-default-executor-11] INFO  leader.FollowerInfo (FollowerInfoImpl.java:lambda$new$0(47)) - omNode-3@group-523986131536->omNode-1: nextIndex: updateUnconditionally 38 -> 19
2022-03-14 12:24:16,131 [grpc-default-executor-11] INFO  server.RaftServer$Division (RaftServerImpl.java:checkInconsistentAppendEntries(1322)) - omNode-1@group-523986131536: Failed appendEntries as previous log entry ((t:10, i:37)) is not found
2022-03-14 12:24:16,131 [grpc-default-executor-11] INFO  server.RaftServer$Division (RaftServerImpl.java:checkInconsistentAppendEntries(1288)) - omNode-1@group-523986131536: inconsistency entries. Reply:omNode-3<-omNode-1#479:FAIL-t10,INCONSISTENCY,nextIndex=19,followerCommit=18
2022-03-14 12:24:16,131 [grpc-default-executor-11] INFO  leader.FollowerInfo (FollowerInfoImpl.java:lambda$new$0(47)) - omNode-3@group-523986131536->omNode-1: nextIndex: updateUnconditionally 38 -> 19
2022-03-14 12:24:16,632 [grpc-default-executor-11] INFO  server.RaftServer$Division (RaftServerImpl.java:checkInconsistentAppendEntries(1322)) - omNode-1@group-523986131536: Failed appendEntries as previous log entry ((t:10, i:37)) is not found
2022-03-14 12:24:16,633 [grpc-default-executor-11] INFO  server.RaftServer$Division (RaftServerImpl.java:checkInconsistentAppendEntries(1288)) - omNode-1@group-523986131536: inconsistency entries. Reply:omNode-3<-omNode-1#530:FAIL-t10,INCONSISTENCY,nextIndex=19,followerCommit=18
2022-03-14 12:24:16,633 [grpc-default-executor-11] INFO  leader.FollowerInfo (FollowerInfoImpl.java:lambda$new$0(47)) - omNode-3@group-523986131536->omNode-1: nextIndex: updateUnconditionally 38 -> 19
2022-03-14 12:24:17,134 [grpc-default-executor-11] INFO  server.RaftServer$Division (RaftServerImpl.java:checkInconsistentAppendEntries(1322)) - omNode-1@group-523986131536: Failed appendEntries as previous log entry ((t:10, i:37)) is not found
2022-03-14 12:24:17,134 [grpc-default-executor-11] INFO  server.RaftServer$Division (RaftServerImpl.java:checkInconsistentAppendEntries(1288)) - omNode-1@group-523986131536: inconsistency entries. Reply:omNode-3<-omNode-1#581:FAIL-t10,INCONSISTENCY,nextIndex=19,followerCommit=18
2022-03-14 12:24:17,134 [grpc-default-executor-11] INFO  leader.FollowerInfo (FollowerInfoImpl.java:lambda$new$0(47)) - omNode-3@group-523986131536->omNode-1: nextIndex: updateUnconditionally 38 -> 19
2022-03-14 12:24:17,636 [grpc-default-executor-11] INFO  server.RaftServer$Division (RaftServerImpl.java:checkInconsistentAppendEntries(1322)) - omNode-1@group-523986131536: Failed appendEntries as previous log entry ((t:10, i:37)) is not found
2022-03-14 12:24:17,636 [grpc-default-executor-11] INFO  server.RaftServer$Division (RaftServerImpl.java:checkInconsistentAppendEntries(1288)) - omNode-1@group-523986131536: inconsistency entries. Reply:omNode-3<-omNode-1#632:FAIL-t10,INCONSISTENCY,nextIndex=19,followerCommit=18
2022-03-14 12:24:17,638 [grpc-default-executor-11] INFO  leader.FollowerInfo (FollowerInfoImpl.java:lambda$new$0(47)) - omNode-3@group-523986131536->omNode-1: nextIndex: updateUnconditionally 38 -> 19
2022-03-14 12:24:18,140 [grpc-default-executor-11] INFO  server.RaftServer$Division (RaftServerImpl.java:checkInconsistentAppendEntries(1322)) - omNode-1@group-523986131536: Failed appendEntries as previous log entry ((t:10, i:37)) is not found
2022-03-14 12:24:18,140 [grpc-default-executor-11] INFO  server.RaftServer$Division (RaftServerImpl.java:checkInconsistentAppendEntries(1288)) - omNode-1@group-523986131536: inconsistency entries. Reply:omNode-3<-omNode-1#683:FAIL-t10,INCONSISTENCY,nextIndex=19,followerCommit=18
2022-03-14 12:24:18,140 [grpc-default-executor-11] INFO  leader.FollowerInfo (FollowerInfoImpl.java:lambda$new$0(47)) - omNode-3@group-523986131536->omNode-1: nextIndex: updateUnconditionally 38 -> 19
2022-03-14 12:24:18,642 [grpc-default-executor-11] INFO  server.RaftServer$Division (RaftServerImpl.java:checkInconsistentAppendEntries(1322)) - omNode-1@group-523986131536: Failed appendEntries as previous log entry ((t:10, i:37)) is not found
2022-03-14 12:24:18,642 [grpc-default-executor-11] INFO  server.RaftServer$Division (RaftServerImpl.java:checkInconsistentAppendEntries(1288)) - omNode-1@group-523986131536: inconsistency entries. Reply:omNode-3<-omNode-1#734:FAIL-t10,INCONSISTENCY,nextIndex=19,followerCommit=18
2022-03-14 12:24:18,643 [grpc-default-executor-11] INFO  leader.FollowerInfo (FollowerInfoImpl.java:lambda$new$0(47)) - omNode-3@group-523986131536->omNode-1: nextIndex: updateUnconditionally 38 -> 19
2022-03-14 12:24:19,144 [grpc-default-executor-11] INFO  server.RaftServer$Division (RaftServerImpl.java:checkInconsistentAppendEntries(1322)) - omNode-1@group-523986131536: Failed appendEntries as previous log entry ((t:10, i:37)) is not found
2022-03-14 12:24:19,145 [grpc-default-executor-11] INFO  server.RaftServer$Division (RaftServerImpl.java:checkInconsistentAppendEntries(1288)) - omNode-1@group-523986131536: inconsistency entries. Reply:omNode-3<-omNode-1#785:FAIL-t10,INCONSISTENCY,nextIndex=19,followerCommit=18
2022-03-14 12:24:19,145 [grpc-default-executor-11] INFO  leader.FollowerInfo (FollowerInfoImpl.java:lambda$new$0(47)) - omNode-3@group-523986131536->omNode-1: nextIndex: updateUnconditionally 38 -> 19
2022-03-14 12:24:19,646 [grpc-default-executor-11] INFO  server.RaftServer$Division (RaftServerImpl.java:checkInconsistentAppendEntries(1322)) - omNode-1@group-523986131536: Failed appendEntries as previous log entry ((t:10, i:37)) is not found
2022-03-14 12:24:19,646 [grpc-default-executor-11] INFO  server.RaftServer$Division (RaftServerImpl.java:checkInconsistentAppendEntries(1288)) - omNode-1@group-523986131536: inconsistency entries. Reply:omNode-3<-omNode-1#836:FAIL-t10,INCONSISTENCY,nextIndex=19,followerCommit=18
2022-03-14 12:24:19,647 [grpc-default-executor-11] INFO  leader.FollowerInfo (FollowerInfoImpl.java:lambda$new$0(47)) - omNode-3@group-523986131536->omNode-1: nextIndex: updateUnconditionally 38 -> 19
2022-03-14 12:24:20,148 [grpc-default-executor-11] INFO  server.RaftServer$Division (RaftServerImpl.java:checkInconsistentAppendEntries(1322)) - omNode-1@group-523986131536: Failed appendEntries as previous log entry ((t:10, i:37)) is not found
2022-03-14 12:24:20,149 [grpc-default-executor-11] INFO  server.RaftServer$Division (RaftServerImpl.java:checkInconsistentAppendEntries(1288)) - omNode-1@group-523986131536: inconsistency entries. Reply:omNode-3<-omNode-1#887:FAIL-t10,INCONSISTENCY,nextIndex=19,followerCommit=18
2022-03-14 12:24:20,149 [grpc-default-executor-11] INFO  leader.FollowerInfo (FollowerInfoImpl.java:lambda$new$0(47)) - omNode-3@group-523986131536->omNode-1: nextIndex: updateUnconditionally 38 -> 19
2022-03-14 12:24:20,650 [grpc-default-executor-11] INFO  server.RaftServer$Division (RaftServerImpl.java:checkInconsistentAppendEntries(1322)) - omNode-1@group-523986131536: Failed appendEntries as previous log entry ((t:10, i:37)) is not found
2022-03-14 12:24:20,650 [grpc-default-executor-11] INFO  server.RaftServer$Division (RaftServerImpl.java:checkInconsistentAppendEntries(1288)) - omNode-1@group-523986131536: inconsistency entries. Reply:omNode-3<-omNode-1#938:FAIL-t10,INCONSISTENCY,nextIndex=19,followerCommit=18
2022-03-14 12:24:20,651 [grpc-default-executor-11] INFO  leader.FollowerInfo (FollowerInfoImpl.java:lambda$new$0(47)) - omNode-3@group-523986131536->omNode-1: nextIndex: updateUnconditionally 38 -> 19
2022-03-14 12:24:21,152 [grpc-default-executor-11] INFO  server.RaftServer$Division (RaftServerImpl.java:checkInconsistentAppendEntries(1322)) - omNode-1@group-523986131536: Failed appendEntries as previous log entry ((t:10, i:37)) is not found
2022-03-14 12:24:21,153 [grpc-default-executor-11] INFO  server.RaftServer$Division (RaftServerImpl.java:checkInconsistentAppendEntries(1288)) - omNode-1@group-523986131536: inconsistency entries. Reply:omNode-3<-omNode-1#989:FAIL-t10,INCONSISTENCY,nextIndex=19,followerCommit=18
2022-03-14 12:24:21,153 [grpc-default-executor-11] INFO  leader.FollowerInfo (FollowerInfoImpl.java:lambda$new$0(47)) - omNode-3@group-523986131536->omNode-1: nextIndex: updateUnconditionally 38 -> 19
2022-03-14 12:24:21,654 [grpc-default-executor-10] INFO  server.RaftServer$Division (RaftServerImpl.java:checkInconsistentAppendEntries(1322)) - omNode-1@group-523986131536: Failed appendEntries as previous log entry ((t:10, i:37)) is not found
2022-03-14 12:24:21,655 [grpc-default-executor-10] INFO  server.RaftServer$Division (RaftServerImpl.java:checkInconsistentAppendEntries(1288)) - omNode-1@group-523986131536: inconsistency entries. Reply:omNode-3<-omNode-1#1040:FAIL-t10,INCONSISTENCY,nextIndex=19,followerCommit=18
2022-03-14 12:24:21,655 [grpc-default-executor-10] INFO  leader.FollowerInfo (FollowerInfoImpl.java:lambda$new$0(47)) - omNode-3@group-523986131536->omNode-1: nextIndex: updateUnconditionally 38 -> 19
2022-03-14 12:24:22,157 [grpc-default-executor-11] INFO  server.RaftServer$Division (RaftServerImpl.java:checkInconsistentAppendEntries(1322)) - omNode-1@group-523986131536: Failed appendEntries as previous log entry ((t:10, i:37)) is not found
2022-03-14 12:24:22,157 [grpc-default-executor-11] INFO  server.RaftServer$Division (RaftServerImpl.java:checkInconsistentAppendEntries(1288)) - omNode-1@group-523986131536: inconsistency entries. Reply:omNode-3<-omNode-1#1091:FAIL-t10,INCONSISTENCY,nextIndex=19,followerCommit=18
2022-03-14 12:24:22,157 [grpc-default-executor-11] INFO  leader.FollowerInfo (FollowerInfoImpl.java:lambda$new$0(47)) - omNode-3@group-523986131536->omNode-1: nextIndex: updateUnconditionally 38 -> 19
2022-03-14 12:24:22,658 [grpc-default-executor-11] INFO  server.RaftServer$Division (RaftServerImpl.java:checkInconsistentAppendEntries(1322)) - omNode-1@group-523986131536: Failed appendEntries as previous log entry ((t:10, i:37)) is not found
2022-03-14 12:24:22,659 [grpc-default-executor-11] INFO  server.RaftServer$Division (RaftServerImpl.java:checkInconsistentAppendEntries(1288)) - omNode-1@group-523986131536: inconsistency entries. Reply:omNode-3<-omNode-1#1142:FAIL-t10,INCONSISTENCY,nextIndex=19,followerCommit=18
2022-03-14 12:24:22,661 [grpc-default-executor-11] INFO  leader.FollowerInfo (FollowerInfoImpl.java:lambda$new$0(47)) - omNode-3@group-523986131536->omNode-1: nextIndex: updateUnconditionally 38 -> 19
2022-03-14 12:24:23,162 [grpc-default-executor-10] INFO  server.RaftServer$Division (RaftServerImpl.java:checkInconsistentAppendEntries(1322)) - omNode-1@group-523986131536: Failed appendEntries as previous log entry ((t:10, i:37)) is not found
2022-03-14 12:24:23,162 [grpc-default-executor-10] INFO  server.RaftServer$Division (RaftServerImpl.java:checkInconsistentAppendEntries(1288)) - omNode-1@group-523986131536: inconsistency entries. Reply:omNode-3<-omNode-1#1193:FAIL-t10,INCONSISTENCY,nextIndex=19,followerCommit=18
2022-03-14 12:24:23,162 [grpc-default-executor-10] INFO  leader.FollowerInfo (FollowerInfoImpl.java:lambda$new$0(47)) - omNode-3@group-523986131536->omNode-1: nextIndex: updateUnconditionally 38 -> 19
2022-03-14 12:24:23,664 [grpc-default-executor-10] INFO  server.RaftServer$Division (RaftServerImpl.java:checkInconsistentAppendEntries(1322)) - omNode-1@group-523986131536: Failed appendEntries as previous log entry ((t:10, i:37)) is not found
2022-03-14 12:24:23,664 [grpc-default-executor-10] INFO  server.RaftServer$Division (RaftServerImpl.java:checkInconsistentAppendEntries(1288)) - omNode-1@group-523986131536: inconsistency entries. Reply:omNode-3<-omNode-1#1244:FAIL-t10,INCONSISTENCY,nextIndex=19,followerCommit=18
2022-03-14 12:24:23,666 [grpc-default-executor-10] INFO  leader.FollowerInfo (FollowerInfoImpl.java:lambda$new$0(47)) - omNode-3@group-523986131536->omNode-1: nextIndex: updateUnconditionally 38 -> 19
2022-03-14 12:24:24,167 [grpc-default-executor-10] INFO  server.RaftServer$Division (RaftServerImpl.java:checkInconsistentAppendEntries(1322)) - omNode-1@group-523986131536: Failed appendEntries as previous log entry ((t:10, i:37)) is not found
2022-03-14 12:24:24,167 [grpc-default-executor-10] INFO  server.RaftServer$Division (RaftServerImpl.java:checkInconsistentAppendEntries(1288)) - omNode-1@group-523986131536: inconsistency entries. Reply:omNode-3<-omNode-1#1295:FAIL-t10,INCONSISTENCY,nextIndex=19,followerCommit=18
2022-03-14 12:24:24,168 [grpc-default-executor-10] INFO  leader.FollowerInfo (FollowerInfoImpl.java:lambda$new$0(47)) - omNode-3@group-523986131536->omNode-1: nextIndex: updateUnconditionally 38 -> 19
2022-03-14 12:24:24,669 [grpc-default-executor-10] INFO  server.RaftServer$Division (RaftServerImpl.java:checkInconsistentAppendEntries(1322)) - omNode-1@group-523986131536: Failed appendEntries as previous log entry ((t:10, i:37)) is not found
2022-03-14 12:24:24,669 [grpc-default-executor-10] INFO  server.RaftServer$Division (RaftServerImpl.java:checkInconsistentAppendEntries(1288)) - omNode-1@group-523986131536: inconsistency entries. Reply:omNode-3<-omNode-1#1346:FAIL-t10,INCONSISTENCY,nextIndex=19,followerCommit=18
2022-03-14 12:24:24,670 [grpc-default-executor-10] INFO  leader.FollowerInfo (FollowerInfoImpl.java:lambda$new$0(47)) - omNode-3@group-523986131536->omNode-1: nextIndex: updateUnconditionally 38 -> 19
2022-03-14 12:24:25,171 [grpc-default-executor-11] INFO  server.RaftServer$Division (RaftServerImpl.java:checkInconsistentAppendEntries(1322)) - omNode-1@group-523986131536: Failed appendEntries as previous log entry ((t:10, i:37)) is not found
2022-03-14 12:24:25,171 [grpc-default-executor-11] INFO  server.RaftServer$Division (RaftServerImpl.java:checkInconsistentAppendEntries(1288)) - omNode-1@group-523986131536: inconsistency entries. Reply:omNode-3<-omNode-1#1397:FAIL-t10,INCONSISTENCY,nextIndex=19,followerCommit=18
2022-03-14 12:24:25,171 [grpc-default-executor-11] INFO  leader.FollowerInfo (FollowerInfoImpl.java:lambda$new$0(47)) - omNode-3@group-523986131536->omNode-1: nextIndex: updateUnconditionally 38 -> 19
2022-03-14 12:24:25,673 [grpc-default-executor-10] INFO  server.RaftServer$Division (RaftServerImpl.java:checkInconsistentAppendEntries(1322)) - omNode-1@group-523986131536: Failed appendEntries as previous log entry ((t:10, i:37)) is not found
2022-03-14 12:24:25,673 [grpc-default-executor-10] INFO  server.RaftServer$Division (RaftServerImpl.java:checkInconsistentAppendEntries(1288)) - omNode-1@group-523986131536: inconsistency entries. Reply:omNode-3<-omNode-1#1448:FAIL-t10,INCONSISTENCY,nextIndex=19,followerCommit=18
2022-03-14 12:24:25,677 [grpc-default-executor-10] INFO  leader.FollowerInfo (FollowerInfoImpl.java:lambda$new$0(47)) - omNode-3@group-523986131536->omNode-1: nextIndex: updateUnconditionally 38 -> 19
2022-03-14 12:24:26,178 [grpc-default-executor-10] INFO  server.RaftServer$Division (RaftServerImpl.java:checkInconsistentAppendEntries(1322)) - omNode-1@group-523986131536: Failed appendEntries as previous log entry ((t:10, i:37)) is not found
2022-03-14 12:24:26,178 [grpc-default-executor-10] INFO  server.RaftServer$Division (RaftServerImpl.java:checkInconsistentAppendEntries(1288)) - omNode-1@group-523986131536: inconsistency entries. Reply:omNode-3<-omNode-1#1499:FAIL-t10,INCONSISTENCY,nextIndex=19,followerCommit=18
2022-03-14 12:24:26,178 [grpc-default-executor-10] INFO  leader.FollowerInfo (FollowerInfoImpl.java:lambda$new$0(47)) - omNode-3@group-523986131536->omNode-1: nextIndex: updateUnconditionally 38 -> 19
2022-03-14 12:24:26,680 [grpc-default-executor-10] INFO  server.RaftServer$Division (RaftServerImpl.java:checkInconsistentAppendEntries(1322)) - omNode-1@group-523986131536: Failed appendEntries as previous log entry ((t:10, i:37)) is not found
2022-03-14 12:24:26,680 [grpc-default-executor-10] INFO  server.RaftServer$Division (RaftServerImpl.java:checkInconsistentAppendEntries(1288)) - omNode-1@group-523986131536: inconsistency entries. Reply:omNode-3<-omNode-1#1550:FAIL-t10,INCONSISTENCY,nextIndex=19,followerCommit=18
2022-03-14 12:24:26,681 [grpc-default-executor-10] INFO  leader.FollowerInfo (FollowerInfoImpl.java:lambda$new$0(47)) - omNode-3@group-523986131536->omNode-1: nextIndex: updateUnconditionally 38 -> 19
2022-03-14 12:24:27,182 [grpc-default-executor-10] INFO  server.RaftServer$Division (RaftServerImpl.java:checkInconsistentAppendEntries(1322)) - omNode-1@group-523986131536: Failed appendEntries as previous log entry ((t:10, i:37)) is not found
2022-03-14 12:24:27,182 [grpc-default-executor-10] INFO  server.RaftServer$Division (RaftServerImpl.java:checkInconsistentAppendEntries(1288)) - omNode-1@group-523986131536: inconsistency entries. Reply:omNode-3<-omNode-1#1601:FAIL-t10,INCONSISTENCY,nextIndex=19,followerCommit=18
2022-03-14 12:24:27,182 [grpc-default-executor-10] INFO  leader.FollowerInfo (FollowerInfoImpl.java:lambda$new$0(47)) - omNode-3@group-523986131536->omNode-1: nextIndex: updateUnconditionally 38 -> 19
2022-03-14 12:24:27,684 [grpc-default-executor-10] INFO  server.RaftServer$Division (RaftServerImpl.java:checkInconsistentAppendEntries(1322)) - omNode-1@group-523986131536: Failed appendEntries as previous log entry ((t:10, i:37)) is not found
2022-03-14 12:24:27,684 [grpc-default-executor-10] INFO  server.RaftServer$Division (RaftServerImpl.java:checkInconsistentAppendEntries(1288)) - omNode-1@group-523986131536: inconsistency entries. Reply:omNode-3<-omNode-1#1652:FAIL-t10,INCONSISTENCY,nextIndex=19,followerCommit=18
2022-03-14 12:24:27,684 [grpc-default-executor-10] INFO  leader.FollowerInfo (FollowerInfoImpl.java:lambda$new$0(47)) - omNode-3@group-523986131536->omNode-1: nextIndex: updateUnconditionally 38 -> 19
2022-03-14 12:24:28,185 [grpc-default-executor-10] INFO  server.RaftServer$Division (RaftServerImpl.java:checkInconsistentAppendEntries(1322)) - omNode-1@group-523986131536: Failed appendEntries as previous log entry ((t:10, i:37)) is not found
2022-03-14 12:24:28,186 [grpc-default-executor-10] INFO  server.RaftServer$Division (RaftServerImpl.java:checkInconsistentAppendEntries(1288)) - omNode-1@group-523986131536: inconsistency entries. Reply:omNode-3<-omNode-1#1703:FAIL-t10,INCONSISTENCY,nextIndex=19,followerCommit=18
2022-03-14 12:24:28,186 [grpc-default-executor-10] INFO  leader.FollowerInfo (FollowerInfoImpl.java:lambda$new$0(47)) - omNode-3@group-523986131536->omNode-1: nextIndex: updateUnconditionally 38 -> 19
2022-03-14 12:24:28,687 [grpc-default-executor-10] INFO  server.RaftServer$Division (RaftServerImpl.java:checkInconsistentAppendEntries(1322)) - omNode-1@group-523986131536: Failed appendEntries as previous log entry ((t:10, i:37)) is not found
2022-03-14 12:24:28,687 [grpc-default-executor-10] INFO  server.RaftServer$Division (RaftServerImpl.java:checkInconsistentAppendEntries(1288)) - omNode-1@group-523986131536: inconsistency entries. Reply:omNode-3<-omNode-1#1754:FAIL-t10,INCONSISTENCY,nextIndex=19,followerCommit=18
2022-03-14 12:24:28,688 [grpc-default-executor-10] INFO  leader.FollowerInfo (FollowerInfoImpl.java:lambda$new$0(47)) - omNode-3@group-523986131536->omNode-1: nextIndex: updateUnconditionally 38 -> 19
2022-03-14 12:24:29,190 [grpc-default-executor-10] INFO  server.RaftServer$Division (RaftServerImpl.java:checkInconsistentAppendEntries(1322)) - omNode-1@group-523986131536: Failed appendEntries as previous log entry ((t:10, i:37)) is not found
2022-03-14 12:24:29,190 [grpc-default-executor-10] INFO  server.RaftServer$Division (RaftServerImpl.java:checkInconsistentAppendEntries(1288)) - omNode-1@group-523986131536: inconsistency entries. Reply:omNode-3<-omNode-1#1805:FAIL-t10,INCONSISTENCY,nextIndex=19,followerCommit=18
2022-03-14 12:24:29,190 [grpc-default-executor-10] INFO  leader.FollowerInfo (FollowerInfoImpl.java:lambda$new$0(47)) - omNode-3@group-523986131536->omNode-1: nextIndex: updateUnconditionally 38 -> 19
2022-03-14 12:24:29,692 [grpc-default-executor-10] INFO  server.RaftServer$Division (RaftServerImpl.java:checkInconsistentAppendEntries(1322)) - omNode-1@group-523986131536: Failed appendEntries as previous log entry ((t:10, i:37)) is not found
2022-03-14 12:24:29,692 [grpc-default-executor-10] INFO  server.RaftServer$Division (RaftServerImpl.java:checkInconsistentAppendEntries(1288)) - omNode-1@group-523986131536: inconsistency entries. Reply:omNode-3<-omNode-1#1856:FAIL-t10,INCONSISTENCY,nextIndex=19,followerCommit=18
2022-03-14 12:24:29,694 [grpc-default-executor-10] INFO  leader.FollowerInfo (FollowerInfoImpl.java:lambda$new$0(47)) - omNode-3@group-523986131536->omNode-1: nextIndex: updateUnconditionally 38 -> 19
2022-03-14 12:24:30,196 [grpc-default-executor-10] INFO  server.RaftServer$Division (RaftServerImpl.java:checkInconsistentAppendEntries(1322)) - omNode-1@group-523986131536: Failed appendEntries as previous log entry ((t:10, i:37)) is not found
2022-03-14 12:24:30,196 [grpc-default-executor-10] INFO  server.RaftServer$Division (RaftServerImpl.java:checkInconsistentAppendEntries(1288)) - omNode-1@group-523986131536: inconsistency entries. Reply:omNode-3<-omNode-1#1907:FAIL-t10,INCONSISTENCY,nextIndex=19,followerCommit=18
2022-03-14 12:24:30,196 [grpc-default-executor-10] INFO  leader.FollowerInfo (FollowerInfoImpl.java:lambda$new$0(47)) - omNode-3@group-523986131536->omNode-1: nextIndex: updateUnconditionally 38 -> 19
2022-03-14 12:24:30,698 [grpc-default-executor-11] INFO  server.RaftServer$Division (RaftServerImpl.java:checkInconsistentAppendEntries(1322)) - omNode-1@group-523986131536: Failed appendEntries as previous log entry ((t:10, i:37)) is not found
2022-03-14 12:24:30,698 [grpc-default-executor-11] INFO  server.RaftServer$Division (RaftServerImpl.java:checkInconsistentAppendEntries(1288)) - omNode-1@group-523986131536: inconsistency entries. Reply:omNode-3<-omNode-1#1958:FAIL-t10,INCONSISTENCY,nextIndex=19,followerCommit=18
2022-03-14 12:24:30,698 [grpc-default-executor-11] INFO  leader.FollowerInfo (FollowerInfoImpl.java:lambda$new$0(47)) - omNode-3@group-523986131536->omNode-1: nextIndex: updateUnconditionally 38 -> 19
2022-03-14 12:24:31,201 [grpc-default-executor-11] INFO  server.RaftServer$Division (RaftServerImpl.java:checkInconsistentAppendEntries(1322)) - omNode-1@group-523986131536: Failed appendEntries as previous log entry ((t:10, i:37)) is not found
2022-03-14 12:24:31,201 [grpc-default-executor-11] INFO  server.RaftServer$Division (RaftServerImpl.java:checkInconsistentAppendEntries(1288)) - omNode-1@group-523986131536: inconsistency entries. Reply:omNode-3<-omNode-1#2009:FAIL-t10,INCONSISTENCY,nextIndex=19,followerCommit=18
2022-03-14 12:24:31,201 [grpc-default-executor-11] INFO  leader.FollowerInfo (FollowerInfoImpl.java:lambda$new$0(47)) - omNode-3@group-523986131536->omNode-1: nextIndex: updateUnconditionally 38 -> 19
2022-03-14 12:24:31,702 [grpc-default-executor-11] INFO  server.RaftServer$Division (RaftServerImpl.java:checkInconsistentAppendEntries(1322)) - omNode-1@group-523986131536: Failed appendEntries as previous log entry ((t:10, i:37)) is not found
2022-03-14 12:24:31,703 [grpc-default-executor-11] INFO  server.RaftServer$Division (RaftServerImpl.java:checkInconsistentAppendEntries(1288)) - omNode-1@group-523986131536: inconsistency entries. Reply:omNode-3<-omNode-1#2060:FAIL-t10,INCONSISTENCY,nextIndex=19,followerCommit=18
2022-03-14 12:24:31,703 [grpc-default-executor-11] INFO  leader.FollowerInfo (FollowerInfoImpl.java:lambda$new$0(47)) - omNode-3@group-523986131536->omNode-1: nextIndex: updateUnconditionally 38 -> 19
2022-03-14 12:24:32,204 [grpc-default-executor-11] INFO  server.RaftServer$Division (RaftServerImpl.java:checkInconsistentAppendEntries(1322)) - omNode-1@group-523986131536: Failed appendEntries as previous log entry ((t:10, i:37)) is not found
2022-03-14 12:24:32,204 [grpc-default-executor-11] INFO  server.RaftServer$Division (RaftServerImpl.java:checkInconsistentAppendEntries(1288)) - omNode-1@group-523986131536: inconsistency entries. Reply:omNode-3<-omNode-1#2111:FAIL-t10,INCONSISTENCY,nextIndex=19,followerCommit=18
2022-03-14 12:24:32,205 [grpc-default-executor-11] INFO  leader.FollowerInfo (FollowerInfoImpl.java:lambda$new$0(47)) - omNode-3@group-523986131536->omNode-1: nextIndex: updateUnconditionally 38 -> 19
2022-03-14 12:24:32,706 [grpc-default-executor-10] INFO  server.RaftServer$Division (RaftServerImpl.java:checkInconsistentAppendEntries(1322)) - omNode-1@group-523986131536: Failed appendEntries as previous log entry ((t:10, i:37)) is not found
2022-03-14 12:24:32,706 [grpc-default-executor-10] INFO  server.RaftServer$Division (RaftServerImpl.java:checkInconsistentAppendEntries(1288)) - omNode-1@group-523986131536: inconsistency entries. Reply:omNode-3<-omNode-1#2162:FAIL-t10,INCONSISTENCY,nextIndex=19,followerCommit=18
2022-03-14 12:24:32,707 [grpc-default-executor-10] INFO  leader.FollowerInfo (FollowerInfoImpl.java:lambda$new$0(47)) - omNode-3@group-523986131536->omNode-1: nextIndex: updateUnconditionally 38 -> 19
2022-03-14 12:24:33,208 [grpc-default-executor-10] INFO  server.RaftServer$Division (RaftServerImpl.java:checkInconsistentAppendEntries(1322)) - omNode-1@group-523986131536: Failed appendEntries as previous log entry ((t:10, i:37)) is not found
2022-03-14 12:24:33,208 [grpc-default-executor-10] INFO  server.RaftServer$Division (RaftServerImpl.java:checkInconsistentAppendEntries(1288)) - omNode-1@group-523986131536: inconsistency entries. Reply:omNode-3<-omNode-1#2213:FAIL-t10,INCONSISTENCY,nextIndex=19,followerCommit=18
2022-03-14 12:24:33,208 [grpc-default-executor-10] INFO  leader.FollowerInfo (FollowerInfoImpl.java:lambda$new$0(47)) - omNode-3@group-523986131536->omNode-1: nextIndex: updateUnconditionally 38 -> 19
2022-03-14 12:24:33,710 [grpc-default-executor-10] INFO  server.RaftServer$Division (RaftServerImpl.java:checkInconsistentAppendEntries(1322)) - omNode-1@group-523986131536: Failed appendEntries as previous log entry ((t:10, i:37)) is not found
2022-03-14 12:24:33,710 [grpc-default-executor-10] INFO  server.RaftServer$Division (RaftServerImpl.java:checkInconsistentAppendEntries(1288)) - omNode-1@group-523986131536: inconsistency entries. Reply:omNode-3<-omNode-1#2264:FAIL-t10,INCONSISTENCY,nextIndex=19,followerCommit=18
2022-03-14 12:24:33,710 [grpc-default-executor-10] INFO  leader.FollowerInfo (FollowerInfoImpl.java:lambda$new$0(47)) - omNode-3@group-523986131536->omNode-1: nextIndex: updateUnconditionally 38 -> 19
2022-03-14 12:24:34,211 [grpc-default-executor-10] INFO  server.RaftServer$Division (RaftServerImpl.java:checkInconsistentAppendEntries(1322)) - omNode-1@group-523986131536: Failed appendEntries as previous log entry ((t:10, i:37)) is not found
2022-03-14 12:24:34,212 [grpc-default-executor-10] INFO  server.RaftServer$Division (RaftServerImpl.java:checkInconsistentAppendEntries(1288)) - omNode-1@group-523986131536: inconsistency entries. Reply:omNode-3<-omNode-1#2315:FAIL-t10,INCONSISTENCY,nextIndex=19,followerCommit=18
2022-03-14 12:24:34,212 [grpc-default-executor-10] INFO  leader.FollowerInfo (FollowerInfoImpl.java:lambda$new$0(47)) - omNode-3@group-523986131536->omNode-1: nextIndex: updateUnconditionally 38 -> 19
2022-03-14 12:24:34,714 [grpc-default-executor-10] INFO  server.RaftServer$Division (RaftServerImpl.java:checkInconsistentAppendEntries(1322)) - omNode-1@group-523986131536: Failed appendEntries as previous log entry ((t:10, i:37)) is not found
2022-03-14 12:24:34,714 [grpc-default-executor-10] INFO  server.RaftServer$Division (RaftServerImpl.java:checkInconsistentAppendEntries(1288)) - omNode-1@group-523986131536: inconsistency entries. Reply:omNode-3<-omNode-1#2366:FAIL-t10,INCONSISTENCY,nextIndex=19,followerCommit=18
2022-03-14 12:24:34,714 [grpc-default-executor-10] INFO  leader.FollowerInfo (FollowerInfoImpl.java:lambda$new$0(47)) - omNode-3@group-523986131536->omNode-1: nextIndex: updateUnconditionally 38 -> 19
2022-03-14 12:24:35,216 [grpc-default-executor-11] INFO  server.RaftServer$Division (RaftServerImpl.java:checkInconsistentAppendEntries(1322)) - omNode-1@group-523986131536: Failed appendEntries as previous log entry ((t:10, i:37)) is not found
2022-03-14 12:24:35,216 [grpc-default-executor-11] INFO  server.RaftServer$Division (RaftServerImpl.java:checkInconsistentAppendEntries(1288)) - omNode-1@group-523986131536: inconsistency entries. Reply:omNode-3<-omNode-1#2417:FAIL-t10,INCONSISTENCY,nextIndex=19,followerCommit=18
2022-03-14 12:24:35,217 [grpc-default-executor-11] INFO  leader.FollowerInfo (FollowerInfoImpl.java:lambda$new$0(47)) - omNode-3@group-523986131536->omNode-1: nextIndex: updateUnconditionally 38 -> 19
2022-03-14 12:24:35,718 [grpc-default-executor-10] INFO  server.RaftServer$Division (RaftServerImpl.java:checkInconsistentAppendEntries(1322)) - omNode-1@group-523986131536: Failed appendEntries as previous log entry ((t:10, i:37)) is not found
2022-03-14 12:24:35,719 [grpc-default-executor-10] INFO  server.RaftServer$Division (RaftServerImpl.java:checkInconsistentAppendEntries(1288)) - omNode-1@group-523986131536: inconsistency entries. Reply:omNode-3<-omNode-1#2468:FAIL-t10,INCONSISTENCY,nextIndex=19,followerCommit=18
2022-03-14 12:24:35,719 [grpc-default-executor-10] INFO  leader.FollowerInfo (FollowerInfoImpl.java:lambda$new$0(47)) - omNode-3@group-523986131536->omNode-1: nextIndex: updateUnconditionally 38 -> 19
2022-03-14 12:24:36,220 [grpc-default-executor-10] INFO  server.RaftServer$Division (RaftServerImpl.java:checkInconsistentAppendEntries(1322)) - omNode-1@group-523986131536: Failed appendEntries as previous log entry ((t:10, i:37)) is not found
2022-03-14 12:24:36,220 [grpc-default-executor-10] INFO  server.RaftServer$Division (RaftServerImpl.java:checkInconsistentAppendEntries(1288)) - omNode-1@group-523986131536: inconsistency entries. Reply:omNode-3<-omNode-1#2519:FAIL-t10,INCONSISTENCY,nextIndex=19,followerCommit=18
2022-03-14 12:24:36,220 [grpc-default-executor-10] INFO  leader.FollowerInfo (FollowerInfoImpl.java:lambda$new$0(47)) - omNode-3@group-523986131536->omNode-1: nextIndex: updateUnconditionally 38 -> 19
2022-03-14 12:24:36,722 [grpc-default-executor-10] INFO  server.RaftServer$Division (RaftServerImpl.java:checkInconsistentAppendEntries(1322)) - omNode-1@group-523986131536: Failed appendEntries as previous log entry ((t:10, i:37)) is not found
2022-03-14 12:24:36,722 [grpc-default-executor-10] INFO  server.RaftServer$Division (RaftServerImpl.java:checkInconsistentAppendEntries(1288)) - omNode-1@group-523986131536: inconsistency entries. Reply:omNode-3<-omNode-1#2570:FAIL-t10,INCONSISTENCY,nextIndex=19,followerCommit=18
2022-03-14 12:24:36,723 [grpc-default-executor-10] INFO  leader.FollowerInfo (FollowerInfoImpl.java:lambda$new$0(47)) - omNode-3@group-523986131536->omNode-1: nextIndex: updateUnconditionally 38 -> 19
2022-03-14 12:24:37,224 [grpc-default-executor-10] INFO  server.RaftServer$Division (RaftServerImpl.java:checkInconsistentAppendEntries(1322)) - omNode-1@group-523986131536: Failed appendEntries as previous log entry ((t:10, i:37)) is not found
2022-03-14 12:24:37,225 [grpc-default-executor-10] INFO  server.RaftServer$Division (RaftServerImpl.java:checkInconsistentAppendEntries(1288)) - omNode-1@group-523986131536: inconsistency entries. Reply:omNode-3<-omNode-1#2621:FAIL-t10,INCONSISTENCY,nextIndex=19,followerCommit=18
2022-03-14 12:24:37,225 [grpc-default-executor-10] INFO  leader.FollowerInfo (FollowerInfoImpl.java:lambda$new$0(47)) - omNode-3@group-523986131536->omNode-1: nextIndex: updateUnconditionally 38 -> 19
2022-03-14 12:24:37,726 [grpc-default-executor-11] INFO  server.RaftServer$Division (RaftServerImpl.java:checkInconsistentAppendEntries(1322)) - omNode-1@group-523986131536: Failed appendEntries as previous log entry ((t:10, i:37)) is not found
2022-03-14 12:24:37,726 [grpc-default-executor-11] INFO  server.RaftServer$Division (RaftServerImpl.java:checkInconsistentAppendEntries(1288)) - omNode-1@group-523986131536: inconsistency entries. Reply:omNode-3<-omNode-1#2672:FAIL-t10,INCONSISTENCY,nextIndex=19,followerCommit=18
2022-03-14 12:24:37,726 [grpc-default-executor-11] INFO  leader.FollowerInfo (FollowerInfoImpl.java:lambda$new$0(47)) - omNode-3@group-523986131536->omNode-1: nextIndex: updateUnconditionally 38 -> 19
2022-03-14 12:24:38,228 [grpc-default-executor-11] INFO  server.RaftServer$Division (RaftServerImpl.java:checkInconsistentAppendEntries(1322)) - omNode-1@group-523986131536: Failed appendEntries as previous log entry ((t:10, i:37)) is not found
2022-03-14 12:24:38,228 [grpc-default-executor-11] INFO  server.RaftServer$Division (RaftServerImpl.java:checkInconsistentAppendEntries(1288)) - omNode-1@group-523986131536: inconsistency entries. Reply:omNode-3<-omNode-1#2723:FAIL-t10,INCONSISTENCY,nextIndex=19,followerCommit=18
2022-03-14 12:24:38,230 [grpc-default-executor-11] INFO  leader.FollowerInfo (FollowerInfoImpl.java:lambda$new$0(47)) - omNode-3@group-523986131536->omNode-1: nextIndex: updateUnconditionally 38 -> 19
2022-03-14 12:24:38,731 [grpc-default-executor-11] INFO  server.RaftServer$Division (RaftServerImpl.java:checkInconsistentAppendEntries(1322)) - omNode-1@group-523986131536: Failed appendEntries as previous log entry ((t:10, i:37)) is not found
2022-03-14 12:24:38,732 [grpc-default-executor-11] INFO  server.RaftServer$Division (RaftServerImpl.java:checkInconsistentAppendEntries(1288)) - omNode-1@group-523986131536: inconsistency entries. Reply:omNode-3<-omNode-1#2774:FAIL-t10,INCONSISTENCY,nextIndex=19,followerCommit=18
2022-03-14 12:24:38,732 [grpc-default-executor-11] INFO  leader.FollowerInfo (FollowerInfoImpl.java:lambda$new$0(47)) - omNode-3@group-523986131536->omNode-1: nextIndex: updateUnconditionally 38 -> 19
2022-03-14 12:24:39,233 [grpc-default-executor-11] INFO  server.RaftServer$Division (RaftServerImpl.java:checkInconsistentAppendEntries(1322)) - omNode-1@group-523986131536: Failed appendEntries as previous log entry ((t:10, i:37)) is not found
2022-03-14 12:24:39,234 [grpc-default-executor-11] INFO  server.RaftServer$Division (RaftServerImpl.java:checkInconsistentAppendEntries(1288)) - omNode-1@group-523986131536: inconsistency entries. Reply:omNode-3<-omNode-1#2825:FAIL-t10,INCONSISTENCY,nextIndex=19,followerCommit=18
2022-03-14 12:24:39,234 [grpc-default-executor-11] INFO  leader.FollowerInfo (FollowerInfoImpl.java:lambda$new$0(47)) - omNode-3@group-523986131536->omNode-1: nextIndex: updateUnconditionally 38 -> 19
2022-03-14 12:24:39,735 [grpc-default-executor-11] INFO  server.RaftServer$Division (RaftServerImpl.java:checkInconsistentAppendEntries(1322)) - omNode-1@group-523986131536: Failed appendEntries as previous log entry ((t:10, i:37)) is not found
2022-03-14 12:24:39,736 [grpc-default-executor-11] INFO  server.RaftServer$Division (RaftServerImpl.java:checkInconsistentAppendEntries(1288)) - omNode-1@group-523986131536: inconsistency entries. Reply:omNode-3<-omNode-1#2876:FAIL-t10,INCONSISTENCY,nextIndex=19,followerCommit=18
2022-03-14 12:24:39,736 [grpc-default-executor-11] INFO  leader.FollowerInfo (FollowerInfoImpl.java:lambda$new$0(47)) - omNode-3@group-523986131536->omNode-1: nextIndex: updateUnconditionally 38 -> 19
2022-03-14 12:24:40,237 [grpc-default-executor-11] INFO  server.RaftServer$Division (RaftServerImpl.java:checkInconsistentAppendEntries(1322)) - omNode-1@group-523986131536: Failed appendEntries as previous log entry ((t:10, i:37)) is not found
2022-03-14 12:24:40,237 [grpc-default-executor-11] INFO  server.RaftServer$Division (RaftServerImpl.java:checkInconsistentAppendEntries(1288)) - omNode-1@group-523986131536: inconsistency entries. Reply:omNode-3<-omNode-1#2927:FAIL-t10,INCONSISTENCY,nextIndex=19,followerCommit=18
2022-03-14 12:24:40,238 [grpc-default-executor-11] INFO  leader.FollowerInfo (FollowerInfoImpl.java:lambda$new$0(47)) - omNode-3@group-523986131536->omNode-1: nextIndex: updateUnconditionally 38 -> 19
2022-03-14 12:24:40,739 [grpc-default-executor-10] INFO  server.RaftServer$Division (RaftServerImpl.java:checkInconsistentAppendEntries(1322)) - omNode-1@group-523986131536: Failed appendEntries as previous log entry ((t:10, i:37)) is not found
2022-03-14 12:24:40,739 [grpc-default-executor-10] INFO  server.RaftServer$Division (RaftServerImpl.java:checkInconsistentAppendEntries(1288)) - omNode-1@group-523986131536: inconsistency entries. Reply:omNode-3<-omNode-1#2978:FAIL-t10,INCONSISTENCY,nextIndex=19,followerCommit=18
2022-03-14 12:24:40,739 [grpc-default-executor-10] INFO  leader.FollowerInfo (FollowerInfoImpl.java:lambda$new$0(47)) - omNode-3@group-523986131536->omNode-1: nextIndex: updateUnconditionally 38 -> 19
2022-03-14 12:24:41,241 [grpc-default-executor-10] INFO  server.RaftServer$Division (RaftServerImpl.java:checkInconsistentAppendEntries(1322)) - omNode-1@group-523986131536: Failed appendEntries as previous log entry ((t:10, i:37)) is not found
2022-03-14 12:24:41,241 [grpc-default-executor-10] INFO  server.RaftServer$Division (RaftServerImpl.java:checkInconsistentAppendEntries(1288)) - omNode-1@group-523986131536: inconsistency entries. Reply:omNode-3<-omNode-1#3029:FAIL-t10,INCONSISTENCY,nextIndex=19,followerCommit=18
2022-03-14 12:24:41,241 [grpc-default-executor-10] INFO  leader.FollowerInfo (FollowerInfoImpl.java:lambda$new$0(47)) - omNode-3@group-523986131536->omNode-1: nextIndex: updateUnconditionally 38 -> 19
2022-03-14 12:24:41,743 [grpc-default-executor-10] INFO  server.RaftServer$Division (RaftServerImpl.java:checkInconsistentAppendEntries(1322)) - omNode-1@group-523986131536: Failed appendEntries as previous log entry ((t:10, i:37)) is not found
2022-03-14 12:24:41,743 [grpc-default-executor-10] INFO  server.RaftServer$Division (RaftServerImpl.java:checkInconsistentAppendEntries(1288)) - omNode-1@group-523986131536: inconsistency entries. Reply:omNode-3<-omNode-1#3080:FAIL-t10,INCONSISTENCY,nextIndex=19,followerCommit=18
2022-03-14 12:24:41,743 [grpc-default-executor-10] INFO  leader.FollowerInfo (FollowerInfoImpl.java:lambda$new$0(47)) - omNode-3@group-523986131536->omNode-1: nextIndex: updateUnconditionally 38 -> 19
2022-03-14 12:24:42,244 [grpc-default-executor-10] INFO  server.RaftServer$Division (RaftServerImpl.java:checkInconsistentAppendEntries(1322)) - omNode-1@group-523986131536: Failed appendEntries as previous log entry ((t:10, i:37)) is not found
2022-03-14 12:24:42,245 [grpc-default-executor-10] INFO  server.RaftServer$Division (RaftServerImpl.java:checkInconsistentAppendEntries(1288)) - omNode-1@group-523986131536: inconsistency entries. Reply:omNode-3<-omNode-1#3131:FAIL-t10,INCONSISTENCY,nextIndex=19,followerCommit=18
2022-03-14 12:24:42,245 [grpc-default-executor-10] INFO  leader.FollowerInfo (FollowerInfoImpl.java:lambda$new$0(47)) - omNode-3@group-523986131536->omNode-1: nextIndex: updateUnconditionally 38 -> 19
2022-03-14 12:24:42,747 [grpc-default-executor-10] INFO  server.RaftServer$Division (RaftServerImpl.java:checkInconsistentAppendEntries(1322)) - omNode-1@group-523986131536: Failed appendEntries as previous log entry ((t:10, i:37)) is not found
2022-03-14 12:24:42,747 [grpc-default-executor-10] INFO  server.RaftServer$Division (RaftServerImpl.java:checkInconsistentAppendEntries(1288)) - omNode-1@group-523986131536: inconsistency entries. Reply:omNode-3<-omNode-1#3182:FAIL-t10,INCONSISTENCY,nextIndex=19,followerCommit=18
2022-03-14 12:24:42,747 [grpc-default-executor-10] INFO  leader.FollowerInfo (FollowerInfoImpl.java:lambda$new$0(47)) - omNode-3@group-523986131536->omNode-1: nextIndex: updateUnconditionally 38 -> 19
2022-03-14 12:24:43,249 [grpc-default-executor-10] INFO  server.RaftServer$Division (RaftServerImpl.java:checkInconsistentAppendEntries(1322)) - omNode-1@group-523986131536: Failed appendEntries as previous log entry ((t:10, i:37)) is not found
2022-03-14 12:24:43,249 [grpc-default-executor-10] INFO  server.RaftServer$Division (RaftServerImpl.java:checkInconsistentAppendEntries(1288)) - omNode-1@group-523986131536: inconsistency entries. Reply:omNode-3<-omNode-1#3233:FAIL-t10,INCONSISTENCY,nextIndex=19,followerCommit=18
2022-03-14 12:24:43,249 [grpc-default-executor-10] INFO  leader.FollowerInfo (FollowerInfoImpl.java:lambda$new$0(47)) - omNode-3@group-523986131536->omNode-1: nextIndex: updateUnconditionally 38 -> 19
2022-03-14 12:24:43,750 [grpc-default-executor-10] INFO  server.RaftServer$Division (RaftServerImpl.java:checkInconsistentAppendEntries(1322)) - omNode-1@group-523986131536: Failed appendEntries as previous log entry ((t:10, i:37)) is not found
2022-03-14 12:24:43,751 [grpc-default-executor-10] INFO  server.RaftServer$Division (RaftServerImpl.java:checkInconsistentAppendEntries(1288)) - omNode-1@group-523986131536: inconsistency entries. Reply:omNode-3<-omNode-1#3284:FAIL-t10,INCONSISTENCY,nextIndex=19,followerCommit=18
2022-03-14 12:24:43,751 [grpc-default-executor-10] INFO  leader.FollowerInfo (FollowerInfoImpl.java:lambda$new$0(47)) - omNode-3@group-523986131536->omNode-1: nextIndex: updateUnconditionally 38 -> 19
2022-03-14 12:24:44,252 [grpc-default-executor-10] INFO  server.RaftServer$Division (RaftServerImpl.java:checkInconsistentAppendEntries(1322)) - omNode-1@group-523986131536: Failed appendEntries as previous log entry ((t:10, i:37)) is not found
2022-03-14 12:24:44,253 [grpc-default-executor-10] INFO  server.RaftServer$Division (RaftServerImpl.java:checkInconsistentAppendEntries(1288)) - omNode-1@group-523986131536: inconsistency entries. Reply:omNode-3<-omNode-1#3335:FAIL-t10,INCONSISTENCY,nextIndex=19,followerCommit=18
2022-03-14 12:24:44,253 [grpc-default-executor-10] INFO  leader.FollowerInfo (FollowerInfoImpl.java:lambda$new$0(47)) - omNode-3@group-523986131536->omNode-1: nextIndex: updateUnconditionally 38 -> 19
2022-03-14 12:24:44,754 [grpc-default-executor-10] INFO  server.RaftServer$Division (RaftServerImpl.java:checkInconsistentAppendEntries(1322)) - omNode-1@group-523986131536: Failed appendEntries as previous log entry ((t:10, i:37)) is not found
2022-03-14 12:24:44,754 [grpc-default-executor-10] INFO  server.RaftServer$Division (RaftServerImpl.java:checkInconsistentAppendEntries(1288)) - omNode-1@group-523986131536: inconsistency entries. Reply:omNode-3<-omNode-1#3386:FAIL-t10,INCONSISTENCY,nextIndex=19,followerCommit=18
2022-03-14 12:24:44,754 [grpc-default-executor-10] INFO  leader.FollowerInfo (FollowerInfoImpl.java:lambda$new$0(47)) - omNode-3@group-523986131536->omNode-1: nextIndex: updateUnconditionally 38 -> 19
2022-03-14 12:24:45,255 [grpc-default-executor-10] INFO  server.RaftServer$Division (RaftServerImpl.java:checkInconsistentAppendEntries(1322)) - omNode-1@group-523986131536: Failed appendEntries as previous log entry ((t:10, i:37)) is not found
2022-03-14 12:24:45,256 [grpc-default-executor-10] INFO  server.RaftServer$Division (RaftServerImpl.java:checkInconsistentAppendEntries(1288)) - omNode-1@group-523986131536: inconsistency entries. Reply:omNode-3<-omNode-1#3437:FAIL-t10,INCONSISTENCY,nextIndex=19,followerCommit=18
2022-03-14 12:24:45,256 [grpc-default-executor-10] INFO  leader.FollowerInfo (FollowerInfoImpl.java:lambda$new$0(47)) - omNode-3@group-523986131536->omNode-1: nextIndex: updateUnconditionally 38 -> 19
2022-03-14 12:24:45,758 [grpc-default-executor-10] INFO  server.RaftServer$Division (RaftServerImpl.java:checkInconsistentAppendEntries(1322)) - omNode-1@group-523986131536: Failed appendEntries as previous log entry ((t:10, i:37)) is not found
2022-03-14 12:24:45,758 [grpc-default-executor-10] INFO  server.RaftServer$Division (RaftServerImpl.java:checkInconsistentAppendEntries(1288)) - omNode-1@group-523986131536: inconsistency entries. Reply:omNode-3<-omNode-1#3488:FAIL-t10,INCONSISTENCY,nextIndex=19,followerCommit=18
2022-03-14 12:24:45,758 [grpc-default-executor-10] INFO  leader.FollowerInfo (FollowerInfoImpl.java:lambda$new$0(47)) - omNode-3@group-523986131536->omNode-1: nextIndex: updateUnconditionally 38 -> 19
2022-03-14 12:24:46,260 [grpc-default-executor-10] INFO  server.RaftServer$Division (RaftServerImpl.java:checkInconsistentAppendEntries(1322)) - omNode-1@group-523986131536: Failed appendEntries as previous log entry ((t:10, i:37)) is not found
2022-03-14 12:24:46,260 [grpc-default-executor-10] INFO  server.RaftServer$Division (RaftServerImpl.java:checkInconsistentAppendEntries(1288)) - omNode-1@group-523986131536: inconsistency entries. Reply:omNode-3<-omNode-1#3539:FAIL-t10,INCONSISTENCY,nextIndex=19,followerCommit=18
2022-03-14 12:24:46,260 [grpc-default-executor-10] INFO  leader.FollowerInfo (FollowerInfoImpl.java:lambda$new$0(47)) - omNode-3@group-523986131536->omNode-1: nextIndex: updateUnconditionally 38 -> 19
2022-03-14 12:24:46,762 [grpc-default-executor-10] INFO  server.RaftServer$Division (RaftServerImpl.java:checkInconsistentAppendEntries(1322)) - omNode-1@group-523986131536: Failed appendEntries as previous log entry ((t:10, i:37)) is not found
2022-03-14 12:24:46,763 [grpc-default-executor-10] INFO  server.RaftServer$Division (RaftServerImpl.java:checkInconsistentAppendEntries(1288)) - omNode-1@group-523986131536: inconsistency entries. Reply:omNode-3<-omNode-1#3590:FAIL-t10,INCONSISTENCY,nextIndex=19,followerCommit=18
2022-03-14 12:24:46,763 [grpc-default-executor-10] INFO  leader.FollowerInfo (FollowerInfoImpl.java:lambda$new$0(47)) - omNode-3@group-523986131536->omNode-1: nextIndex: updateUnconditionally 38 -> 19
2022-03-14 12:24:47,265 [grpc-default-executor-10] INFO  server.RaftServer$Division (RaftServerImpl.java:checkInconsistentAppendEntries(1322)) - omNode-1@group-523986131536: Failed appendEntries as previous log entry ((t:10, i:37)) is not found
2022-03-14 12:24:47,265 [grpc-default-executor-10] INFO  server.RaftServer$Division (RaftServerImpl.java:checkInconsistentAppendEntries(1288)) - omNode-1@group-523986131536: inconsistency entries. Reply:omNode-3<-omNode-1#3641:FAIL-t10,INCONSISTENCY,nextIndex=19,followerCommit=18
2022-03-14 12:24:47,265 [grpc-default-executor-10] INFO  leader.FollowerInfo (FollowerInfoImpl.java:lambda$new$0(47)) - omNode-3@group-523986131536->omNode-1: nextIndex: updateUnconditionally 38 -> 19
2022-03-14 12:24:47,767 [grpc-default-executor-11] INFO  server.RaftServer$Division (RaftServerImpl.java:checkInconsistentAppendEntries(1322)) - omNode-1@group-523986131536: Failed appendEntries as previous log entry ((t:10, i:37)) is not found
2022-03-14 12:24:47,767 [grpc-default-executor-11] INFO  server.RaftServer$Division (RaftServerImpl.java:checkInconsistentAppendEntries(1288)) - omNode-1@group-523986131536: inconsistency entries. Reply:omNode-3<-omNode-1#3692:FAIL-t10,INCONSISTENCY,nextIndex=19,followerCommit=18
2022-03-14 12:24:47,767 [grpc-default-executor-11] INFO  leader.FollowerInfo (FollowerInfoImpl.java:lambda$new$0(47)) - omNode-3@group-523986131536->omNode-1: nextIndex: updateUnconditionally 38 -> 19
2022-03-14 12:24:48,268 [grpc-default-executor-10] INFO  server.RaftServer$Division (RaftServerImpl.java:checkInconsistentAppendEntries(1322)) - omNode-1@group-523986131536: Failed appendEntries as previous log entry ((t:10, i:37)) is not found
2022-03-14 12:24:48,268 [grpc-default-executor-10] INFO  server.RaftServer$Division (RaftServerImpl.java:checkInconsistentAppendEntries(1288)) - omNode-1@group-523986131536: inconsistency entries. Reply:omNode-3<-omNode-1#3743:FAIL-t10,INCONSISTENCY,nextIndex=19,followerCommit=18
2022-03-14 12:24:48,269 [grpc-default-executor-10] INFO  leader.FollowerInfo (FollowerInfoImpl.java:lambda$new$0(47)) - omNode-3@group-523986131536->omNode-1: nextIndex: updateUnconditionally 38 -> 19
2022-03-14 12:24:48,771 [grpc-default-executor-10] INFO  server.RaftServer$Division (RaftServerImpl.java:checkInconsistentAppendEntries(1322)) - omNode-1@group-523986131536: Failed appendEntries as previous log entry ((t:10, i:37)) is not found
2022-03-14 12:24:48,771 [grpc-default-executor-10] INFO  server.RaftServer$Division (RaftServerImpl.java:checkInconsistentAppendEntries(1288)) - omNode-1@group-523986131536: inconsistency entries. Reply:omNode-3<-omNode-1#3794:FAIL-t10,INCONSISTENCY,nextIndex=19,followerCommit=18
2022-03-14 12:24:48,771 [grpc-default-executor-10] INFO  leader.FollowerInfo (FollowerInfoImpl.java:lambda$new$0(47)) - omNode-3@group-523986131536->omNode-1: nextIndex: updateUnconditionally 38 -> 19
2022-03-14 12:24:49,273 [grpc-default-executor-10] INFO  server.RaftServer$Division (RaftServerImpl.java:checkInconsistentAppendEntries(1322)) - omNode-1@group-523986131536: Failed appendEntries as previous log entry ((t:10, i:37)) is not found
2022-03-14 12:24:49,273 [grpc-default-executor-10] INFO  server.RaftServer$Division (RaftServerImpl.java:checkInconsistentAppendEntries(1288)) - omNode-1@group-523986131536: inconsistency entries. Reply:omNode-3<-omNode-1#3845:FAIL-t10,INCONSISTENCY,nextIndex=19,followerCommit=18
2022-03-14 12:24:49,273 [grpc-default-executor-10] INFO  leader.FollowerInfo (FollowerInfoImpl.java:lambda$new$0(47)) - omNode-3@group-523986131536->omNode-1: nextIndex: updateUnconditionally 38 -> 19
2022-03-14 12:24:49,776 [grpc-default-executor-10] INFO  server.RaftServer$Division (RaftServerImpl.java:checkInconsistentAppendEntries(1322)) - omNode-1@group-523986131536: Failed appendEntries as previous log entry ((t:10, i:37)) is not found
2022-03-14 12:24:49,776 [grpc-default-executor-10] INFO  server.RaftServer$Division (RaftServerImpl.java:checkInconsistentAppendEntries(1288)) - omNode-1@group-523986131536: inconsistency entries. Reply:omNode-3<-omNode-1#3896:FAIL-t10,INCONSISTENCY,nextIndex=19,followerCommit=18
2022-03-14 12:24:49,776 [grpc-default-executor-10] INFO  leader.FollowerInfo (FollowerInfoImpl.java:lambda$new$0(47)) - omNode-3@group-523986131536->omNode-1: nextIndex: updateUnconditionally 38 -> 19
2022-03-14 12:24:50,278 [grpc-default-executor-11] INFO  server.RaftServer$Division (RaftServerImpl.java:checkInconsistentAppendEntries(1322)) - omNode-1@group-523986131536: Failed appendEntries as previous log entry ((t:10, i:37)) is not found
2022-03-14 12:24:50,278 [grpc-default-executor-11] INFO  server.RaftServer$Division (RaftServerImpl.java:checkInconsistentAppendEntries(1288)) - omNode-1@group-523986131536: inconsistency entries. Reply:omNode-3<-omNode-1#3947:FAIL-t10,INCONSISTENCY,nextIndex=19,followerCommit=18
2022-03-14 12:24:50,279 [grpc-default-executor-11] INFO  leader.FollowerInfo (FollowerInfoImpl.java:lambda$new$0(47)) - omNode-3@group-523986131536->omNode-1: nextIndex: updateUnconditionally 38 -> 19
2022-03-14 12:24:50,781 [grpc-default-executor-10] INFO  server.RaftServer$Division (RaftServerImpl.java:checkInconsistentAppendEntries(1322)) - omNode-1@group-523986131536: Failed appendEntries as previous log entry ((t:10, i:37)) is not found
2022-03-14 12:24:50,782 [grpc-default-executor-10] INFO  server.RaftServer$Division (RaftServerImpl.java:checkInconsistentAppendEntries(1288)) - omNode-1@group-523986131536: inconsistency entries. Reply:omNode-3<-omNode-1#3998:FAIL-t10,INCONSISTENCY,nextIndex=19,followerCommit=18
2022-03-14 12:24:50,782 [grpc-default-executor-10] INFO  leader.FollowerInfo (FollowerInfoImpl.java:lambda$new$0(47)) - omNode-3@group-523986131536->omNode-1: nextIndex: updateUnconditionally 38 -> 19
2022-03-14 12:24:51,284 [grpc-default-executor-10] INFO  server.RaftServer$Division (RaftServerImpl.java:checkInconsistentAppendEntries(1322)) - omNode-1@group-523986131536: Failed appendEntries as previous log entry ((t:10, i:37)) is not found
2022-03-14 12:24:51,285 [grpc-default-executor-10] INFO  server.RaftServer$Division (RaftServerImpl.java:checkInconsistentAppendEntries(1288)) - omNode-1@group-523986131536: inconsistency entries. Reply:omNode-3<-omNode-1#4049:FAIL-t10,INCONSISTENCY,nextIndex=19,followerCommit=18
2022-03-14 12:24:51,285 [grpc-default-executor-10] INFO  leader.FollowerInfo (FollowerInfoImpl.java:lambda$new$0(47)) - omNode-3@group-523986131536->omNode-1: nextIndex: updateUnconditionally 38 -> 19
2022-03-14 12:24:51,786 [grpc-default-executor-10] INFO  server.RaftServer$Division (RaftServerImpl.java:checkInconsistentAppendEntries(1322)) - omNode-1@group-523986131536: Failed appendEntries as previous log entry ((t:10, i:37)) is not found
2022-03-14 12:24:51,787 [grpc-default-executor-10] INFO  server.RaftServer$Division (RaftServerImpl.java:checkInconsistentAppendEntries(1288)) - omNode-1@group-523986131536: inconsistency entries. Reply:omNode-3<-omNode-1#4100:FAIL-t10,INCONSISTENCY,nextIndex=19,followerCommit=18
2022-03-14 12:24:51,787 [grpc-default-executor-10] INFO  leader.FollowerInfo (FollowerInfoImpl.java:lambda$new$0(47)) - omNode-3@group-523986131536->omNode-1: nextIndex: updateUnconditionally 38 -> 19
2022-03-14 12:24:52,288 [grpc-default-executor-10] INFO  server.RaftServer$Division (RaftServerImpl.java:checkInconsistentAppendEntries(1322)) - omNode-1@group-523986131536: Failed appendEntries as previous log entry ((t:10, i:37)) is not found
2022-03-14 12:24:52,288 [grpc-default-executor-10] INFO  server.RaftServer$Division (RaftServerImpl.java:checkInconsistentAppendEntries(1288)) - omNode-1@group-523986131536: inconsistency entries. Reply:omNode-3<-omNode-1#4151:FAIL-t10,INCONSISTENCY,nextIndex=19,followerCommit=18
2022-03-14 12:24:52,288 [grpc-default-executor-10] INFO  leader.FollowerInfo (FollowerInfoImpl.java:lambda$new$0(47)) - omNode-3@group-523986131536->omNode-1: nextIndex: updateUnconditionally 38 -> 19
2022-03-14 12:24:52,790 [grpc-default-executor-10] INFO  server.RaftServer$Division (RaftServerImpl.java:checkInconsistentAppendEntries(1322)) - omNode-1@group-523986131536: Failed appendEntries as previous log entry ((t:10, i:37)) is not found
2022-03-14 12:24:52,790 [grpc-default-executor-10] INFO  server.RaftServer$Division (RaftServerImpl.java:checkInconsistentAppendEntries(1288)) - omNode-1@group-523986131536: inconsistency entries. Reply:omNode-3<-omNode-1#4202:FAIL-t10,INCONSISTENCY,nextIndex=19,followerCommit=18
2022-03-14 12:24:52,790 [grpc-default-executor-10] INFO  leader.FollowerInfo (FollowerInfoImpl.java:lambda$new$0(47)) - omNode-3@group-523986131536->omNode-1: nextIndex: updateUnconditionally 38 -> 19
2022-03-14 12:24:53,292 [grpc-default-executor-10] INFO  server.RaftServer$Division (RaftServerImpl.java:checkInconsistentAppendEntries(1322)) - omNode-1@group-523986131536: Failed appendEntries as previous log entry ((t:10, i:37)) is not found
2022-03-14 12:24:53,292 [grpc-default-executor-10] INFO  server.RaftServer$Division (RaftServerImpl.java:checkInconsistentAppendEntries(1288)) - omNode-1@group-523986131536: inconsistency entries. Reply:omNode-3<-omNode-1#4253:FAIL-t10,INCONSISTENCY,nextIndex=19,followerCommit=18
2022-03-14 12:24:53,292 [grpc-default-executor-10] INFO  leader.FollowerInfo (FollowerInfoImpl.java:lambda$new$0(47)) - omNode-3@group-523986131536->omNode-1: nextIndex: updateUnconditionally 38 -> 19
2022-03-14 12:24:53,794 [grpc-default-executor-10] INFO  server.RaftServer$Division (RaftServerImpl.java:checkInconsistentAppendEntries(1322)) - omNode-1@group-523986131536: Failed appendEntries as previous log entry ((t:10, i:37)) is not found
2022-03-14 12:24:53,795 [grpc-default-executor-10] INFO  server.RaftServer$Division (RaftServerImpl.java:checkInconsistentAppendEntries(1288)) - omNode-1@group-523986131536: inconsistency entries. Reply:omNode-3<-omNode-1#4304:FAIL-t10,INCONSISTENCY,nextIndex=19,followerCommit=18
2022-03-14 12:24:53,795 [grpc-default-executor-10] INFO  leader.FollowerInfo (FollowerInfoImpl.java:lambda$new$0(47)) - omNode-3@group-523986131536->omNode-1: nextIndex: updateUnconditionally 38 -> 19
2022-03-14 12:24:54,297 [grpc-default-executor-10] INFO  server.RaftServer$Division (RaftServerImpl.java:checkInconsistentAppendEntries(1322)) - omNode-1@group-523986131536: Failed appendEntries as previous log entry ((t:10, i:37)) is not found
2022-03-14 12:24:54,297 [grpc-default-executor-10] INFO  server.RaftServer$Division (RaftServerImpl.java:checkInconsistentAppendEntries(1288)) - omNode-1@group-523986131536: inconsistency entries. Reply:omNode-3<-omNode-1#4355:FAIL-t10,INCONSISTENCY,nextIndex=19,followerCommit=18
2022-03-14 12:24:54,298 [grpc-default-executor-10] INFO  leader.FollowerInfo (FollowerInfoImpl.java:lambda$new$0(47)) - omNode-3@group-523986131536->omNode-1: nextIndex: updateUnconditionally 38 -> 19
2022-03-14 12:24:54,800 [grpc-default-executor-10] INFO  server.RaftServer$Division (RaftServerImpl.java:checkInconsistentAppendEntries(1322)) - omNode-1@group-523986131536: Failed appendEntries as previous log entry ((t:10, i:37)) is not found
2022-03-14 12:24:54,800 [grpc-default-executor-10] INFO  server.RaftServer$Division (RaftServerImpl.java:checkInconsistentAppendEntries(1288)) - omNode-1@group-523986131536: inconsistency entries. Reply:omNode-3<-omNode-1#4406:FAIL-t10,INCONSISTENCY,nextIndex=19,followerCommit=18
2022-03-14 12:24:54,800 [grpc-default-executor-10] INFO  leader.FollowerInfo (FollowerInfoImpl.java:lambda$new$0(47)) - omNode-3@group-523986131536->omNode-1: nextIndex: updateUnconditionally 38 -> 19
2022-03-14 12:24:55,302 [grpc-default-executor-11] INFO  server.RaftServer$Division (RaftServerImpl.java:checkInconsistentAppendEntries(1322)) - omNode-1@group-523986131536: Failed appendEntries as previous log entry ((t:10, i:37)) is not found
2022-03-14 12:24:55,302 [grpc-default-executor-11] INFO  server.RaftServer$Division (RaftServerImpl.java:checkInconsistentAppendEntries(1288)) - omNode-1@group-523986131536: inconsistency entries. Reply:omNode-3<-omNode-1#4457:FAIL-t10,INCONSISTENCY,nextIndex=19,followerCommit=18
2022-03-14 12:24:55,302 [grpc-default-executor-11] INFO  leader.FollowerInfo (FollowerInfoImpl.java:lambda$new$0(47)) - omNode-3@group-523986131536->omNode-1: nextIndex: updateUnconditionally 38 -> 19
2022-03-14 12:24:55,803 [grpc-default-executor-11] INFO  server.RaftServer$Division (RaftServerImpl.java:checkInconsistentAppendEntries(1322)) - omNode-1@group-523986131536: Failed appendEntries as previous log entry ((t:10, i:37)) is not found
2022-03-14 12:24:55,804 [grpc-default-executor-11] INFO  server.RaftServer$Division (RaftServerImpl.java:checkInconsistentAppendEntries(1288)) - omNode-1@group-523986131536: inconsistency entries. Reply:omNode-3<-omNode-1#4508:FAIL-t10,INCONSISTENCY,nextIndex=19,followerCommit=18
2022-03-14 12:24:55,804 [grpc-default-executor-11] INFO  leader.FollowerInfo (FollowerInfoImpl.java:lambda$new$0(47)) - omNode-3@group-523986131536->omNode-1: nextIndex: updateUnconditionally 38 -> 19
2022-03-14 12:24:56,305 [grpc-default-executor-11] INFO  server.RaftServer$Division (RaftServerImpl.java:checkInconsistentAppendEntries(1322)) - omNode-1@group-523986131536: Failed appendEntries as previous log entry ((t:10, i:37)) is not found
2022-03-14 12:24:56,306 [grpc-default-executor-11] INFO  server.RaftServer$Division (RaftServerImpl.java:checkInconsistentAppendEntries(1288)) - omNode-1@group-523986131536: inconsistency entries. Reply:omNode-3<-omNode-1#4559:FAIL-t10,INCONSISTENCY,nextIndex=19,followerCommit=18
2022-03-14 12:24:56,306 [grpc-default-executor-11] INFO  leader.FollowerInfo (FollowerInfoImpl.java:lambda$new$0(47)) - omNode-3@group-523986131536->omNode-1: nextIndex: updateUnconditionally 38 -> 19
2022-03-14 12:24:56,807 [grpc-default-executor-11] INFO  server.RaftServer$Division (RaftServerImpl.java:checkInconsistentAppendEntries(1322)) - omNode-1@group-523986131536: Failed appendEntries as previous log entry ((t:10, i:37)) is not found
2022-03-14 12:24:56,808 [grpc-default-executor-11] INFO  server.RaftServer$Division (RaftServerImpl.java:checkInconsistentAppendEntries(1288)) - omNode-1@group-523986131536: inconsistency entries. Reply:omNode-3<-omNode-1#4610:FAIL-t10,INCONSISTENCY,nextIndex=19,followerCommit=18
2022-03-14 12:24:56,808 [grpc-default-executor-11] INFO  leader.FollowerInfo (FollowerInfoImpl.java:lambda$new$0(47)) - omNode-3@group-523986131536->omNode-1: nextIndex: updateUnconditionally 38 -> 19
2022-03-14 12:24:57,309 [grpc-default-executor-11] INFO  server.RaftServer$Division (RaftServerImpl.java:checkInconsistentAppendEntries(1322)) - omNode-1@group-523986131536: Failed appendEntries as previous log entry ((t:10, i:37)) is not found
2022-03-14 12:24:57,310 [grpc-default-executor-11] INFO  server.RaftServer$Division (RaftServerImpl.java:checkInconsistentAppendEntries(1288)) - omNode-1@group-523986131536: inconsistency entries. Reply:omNode-3<-omNode-1#4661:FAIL-t10,INCONSISTENCY,nextIndex=19,followerCommit=18
2022-03-14 12:24:57,310 [grpc-default-executor-11] INFO  leader.FollowerInfo (FollowerInfoImpl.java:lambda$new$0(47)) - omNode-3@group-523986131536->omNode-1: nextIndex: updateUnconditionally 38 -> 19
2022-03-14 12:24:57,811 [grpc-default-executor-11] INFO  server.RaftServer$Division (RaftServerImpl.java:checkInconsistentAppendEntries(1322)) - omNode-1@group-523986131536: Failed appendEntries as previous log entry ((t:10, i:37)) is not found
2022-03-14 12:24:57,812 [grpc-default-executor-11] INFO  server.RaftServer$Division (RaftServerImpl.java:checkInconsistentAppendEntries(1288)) - omNode-1@group-523986131536: inconsistency entries. Reply:omNode-3<-omNode-1#4712:FAIL-t10,INCONSISTENCY,nextIndex=19,followerCommit=18
2022-03-14 12:24:57,812 [grpc-default-executor-11] INFO  leader.FollowerInfo (FollowerInfoImpl.java:lambda$new$0(47)) - omNode-3@group-523986131536->omNode-1: nextIndex: updateUnconditionally 38 -> 19
2022-03-14 12:24:58,313 [grpc-default-executor-11] INFO  server.RaftServer$Division (RaftServerImpl.java:checkInconsistentAppendEntries(1322)) - omNode-1@group-523986131536: Failed appendEntries as previous log entry ((t:10, i:37)) is not found
2022-03-14 12:24:58,313 [grpc-default-executor-11] INFO  server.RaftServer$Division (RaftServerImpl.java:checkInconsistentAppendEntries(1288)) - omNode-1@group-523986131536: inconsistency entries. Reply:omNode-3<-omNode-1#4763:FAIL-t10,INCONSISTENCY,nextIndex=19,followerCommit=18
2022-03-14 12:24:58,314 [grpc-default-executor-11] INFO  leader.FollowerInfo (FollowerInfoImpl.java:lambda$new$0(47)) - omNode-3@group-523986131536->omNode-1: nextIndex: updateUnconditionally 38 -> 19
2022-03-14 12:24:58,815 [grpc-default-executor-11] INFO  server.RaftServer$Division (RaftServerImpl.java:checkInconsistentAppendEntries(1322)) - omNode-1@group-523986131536: Failed appendEntries as previous log entry ((t:10, i:37)) is not found
2022-03-14 12:24:58,815 [grpc-default-executor-11] INFO  server.RaftServer$Division (RaftServerImpl.java:checkInconsistentAppendEntries(1288)) - omNode-1@group-523986131536: inconsistency entries. Reply:omNode-3<-omNode-1#4814:FAIL-t10,INCONSISTENCY,nextIndex=19,followerCommit=18
2022-03-14 12:24:58,815 [grpc-default-executor-11] INFO  leader.FollowerInfo (FollowerInfoImpl.java:lambda$new$0(47)) - omNode-3@group-523986131536->omNode-1: nextIndex: updateUnconditionally 38 -> 19
2022-03-14 12:24:59,317 [grpc-default-executor-11] INFO  server.RaftServer$Division (RaftServerImpl.java:checkInconsistentAppendEntries(1322)) - omNode-1@group-523986131536: Failed appendEntries as previous log entry ((t:10, i:37)) is not found
2022-03-14 12:24:59,317 [grpc-default-executor-11] INFO  server.RaftServer$Division (RaftServerImpl.java:checkInconsistentAppendEntries(1288)) - omNode-1@group-523986131536: inconsistency entries. Reply:omNode-3<-omNode-1#4865:FAIL-t10,INCONSISTENCY,nextIndex=19,followerCommit=18
2022-03-14 12:24:59,317 [grpc-default-executor-11] INFO  leader.FollowerInfo (FollowerInfoImpl.java:lambda$new$0(47)) - omNode-3@group-523986131536->omNode-1: nextIndex: updateUnconditionally 38 -> 19
2022-03-14 12:24:59,820 [grpc-default-executor-11] INFO  server.RaftServer$Division (RaftServerImpl.java:checkInconsistentAppendEntries(1322)) - omNode-1@group-523986131536: Failed appendEntries as previous log entry ((t:10, i:37)) is not found
2022-03-14 12:24:59,820 [grpc-default-executor-11] INFO  server.RaftServer$Division (RaftServerImpl.java:checkInconsistentAppendEntries(1288)) - omNode-1@group-523986131536: inconsistency entries. Reply:omNode-3<-omNode-1#4916:FAIL-t10,INCONSISTENCY,nextIndex=19,followerCommit=18
2022-03-14 12:24:59,820 [grpc-default-executor-11] INFO  leader.FollowerInfo (FollowerInfoImpl.java:lambda$new$0(47)) - omNode-3@group-523986131536->omNode-1: nextIndex: updateUnconditionally 38 -> 19
2022-03-14 12:25:00,322 [grpc-default-executor-10] INFO  server.RaftServer$Division (RaftServerImpl.java:checkInconsistentAppendEntries(1322)) - omNode-1@group-523986131536: Failed appendEntries as previous log entry ((t:10, i:37)) is not found
2022-03-14 12:25:00,322 [grpc-default-executor-10] INFO  server.RaftServer$Division (RaftServerImpl.java:checkInconsistentAppendEntries(1288)) - omNode-1@group-523986131536: inconsistency entries. Reply:omNode-3<-omNode-1#4967:FAIL-t10,INCONSISTENCY,nextIndex=19,followerCommit=18
2022-03-14 12:25:00,323 [grpc-default-executor-10] INFO  leader.FollowerInfo (FollowerInfoImpl.java:lambda$new$0(47)) - omNode-3@group-523986131536->omNode-1: nextIndex: updateUnconditionally 38 -> 19
2022-03-14 12:25:00,824 [grpc-default-executor-10] INFO  server.RaftServer$Division (RaftServerImpl.java:checkInconsistentAppendEntries(1322)) - omNode-1@group-523986131536: Failed appendEntries as previous log entry ((t:10, i:37)) is not found
2022-03-14 12:25:00,825 [grpc-default-executor-10] INFO  server.RaftServer$Division (RaftServerImpl.java:checkInconsistentAppendEntries(1288)) - omNode-1@group-523986131536: inconsistency entries. Reply:omNode-3<-omNode-1#5018:FAIL-t10,INCONSISTENCY,nextIndex=19,followerCommit=18
2022-03-14 12:25:00,825 [grpc-default-executor-10] INFO  leader.FollowerInfo (FollowerInfoImpl.java:lambda$new$0(47)) - omNode-3@group-523986131536->omNode-1: nextIndex: updateUnconditionally 38 -> 19
2022-03-14 12:25:01,326 [grpc-default-executor-10] INFO  server.RaftServer$Division (RaftServerImpl.java:checkInconsistentAppendEntries(1322)) - omNode-1@group-523986131536: Failed appendEntries as previous log entry ((t:10, i:37)) is not found
2022-03-14 12:25:01,326 [grpc-default-executor-10] INFO  server.RaftServer$Division (RaftServerImpl.java:checkInconsistentAppendEntries(1288)) - omNode-1@group-523986131536: inconsistency entries. Reply:omNode-3<-omNode-1#5069:FAIL-t10,INCONSISTENCY,nextIndex=19,followerCommit=18
2022-03-14 12:25:01,327 [grpc-default-executor-10] INFO  leader.FollowerInfo (FollowerInfoImpl.java:lambda$new$0(47)) - omNode-3@group-523986131536->omNode-1: nextIndex: updateUnconditionally 38 -> 19
2022-03-14 12:25:01,829 [grpc-default-executor-10] INFO  server.RaftServer$Division (RaftServerImpl.java:checkInconsistentAppendEntries(1322)) - omNode-1@group-523986131536: Failed appendEntries as previous log entry ((t:10, i:37)) is not found
2022-03-14 12:25:01,829 [grpc-default-executor-10] INFO  server.RaftServer$Division (RaftServerImpl.java:checkInconsistentAppendEntries(1288)) - omNode-1@group-523986131536: inconsistency entries. Reply:omNode-3<-omNode-1#5120:FAIL-t10,INCONSISTENCY,nextIndex=19,followerCommit=18
2022-03-14 12:25:01,829 [grpc-default-executor-10] INFO  leader.FollowerInfo (FollowerInfoImpl.java:lambda$new$0(47)) - omNode-3@group-523986131536->omNode-1: nextIndex: updateUnconditionally 38 -> 19
2022-03-14 12:25:02,331 [grpc-default-executor-10] INFO  server.RaftServer$Division (RaftServerImpl.java:checkInconsistentAppendEntries(1322)) - omNode-1@group-523986131536: Failed appendEntries as previous log entry ((t:10, i:37)) is not found
2022-03-14 12:25:02,331 [grpc-default-executor-10] INFO  server.RaftServer$Division (RaftServerImpl.java:checkInconsistentAppendEntries(1288)) - omNode-1@group-523986131536: inconsistency entries. Reply:omNode-3<-omNode-1#5171:FAIL-t10,INCONSISTENCY,nextIndex=19,followerCommit=18
2022-03-14 12:25:02,331 [grpc-default-executor-10] INFO  leader.FollowerInfo (FollowerInfoImpl.java:lambda$new$0(47)) - omNode-3@group-523986131536->omNode-1: nextIndex: updateUnconditionally 38 -> 19
2022-03-14 12:25:02,833 [grpc-default-executor-10] INFO  server.RaftServer$Division (RaftServerImpl.java:checkInconsistentAppendEntries(1322)) - omNode-1@group-523986131536: Failed appendEntries as previous log entry ((t:10, i:37)) is not found
2022-03-14 12:25:02,833 [grpc-default-executor-10] INFO  server.RaftServer$Division (RaftServerImpl.java:checkInconsistentAppendEntries(1288)) - omNode-1@group-523986131536: inconsistency entries. Reply:omNode-3<-omNode-1#5222:FAIL-t10,INCONSISTENCY,nextIndex=19,followerCommit=18
2022-03-14 12:25:02,834 [grpc-default-executor-10] INFO  leader.FollowerInfo (FollowerInfoImpl.java:lambda$new$0(47)) - omNode-3@group-523986131536->omNode-1: nextIndex: updateUnconditionally 38 -> 19
2022-03-14 12:25:03,335 [grpc-default-executor-10] INFO  server.RaftServer$Division (RaftServerImpl.java:checkInconsistentAppendEntries(1322)) - omNode-1@group-523986131536: Failed appendEntries as previous log entry ((t:10, i:37)) is not found
2022-03-14 12:25:03,335 [grpc-default-executor-10] INFO  server.RaftServer$Division (RaftServerImpl.java:checkInconsistentAppendEntries(1288)) - omNode-1@group-523986131536: inconsistency entries. Reply:omNode-3<-omNode-1#5273:FAIL-t10,INCONSISTENCY,nextIndex=19,followerCommit=18
2022-03-14 12:25:03,335 [grpc-default-executor-10] INFO  leader.FollowerInfo (FollowerInfoImpl.java:lambda$new$0(47)) - omNode-3@group-523986131536->omNode-1: nextIndex: updateUnconditionally 38 -> 19
2022-03-14 12:25:03,837 [grpc-default-executor-10] INFO  server.RaftServer$Division (RaftServerImpl.java:checkInconsistentAppendEntries(1322)) - omNode-1@group-523986131536: Failed appendEntries as previous log entry ((t:10, i:37)) is not found
2022-03-14 12:25:03,837 [grpc-default-executor-10] INFO  server.RaftServer$Division (RaftServerImpl.java:checkInconsistentAppendEntries(1288)) - omNode-1@group-523986131536: inconsistency entries. Reply:omNode-3<-omNode-1#5324:FAIL-t10,INCONSISTENCY,nextIndex=19,followerCommit=18
2022-03-14 12:25:03,838 [grpc-default-executor-10] INFO  leader.FollowerInfo (FollowerInfoImpl.java:lambda$new$0(47)) - omNode-3@group-523986131536->omNode-1: nextIndex: updateUnconditionally 38 -> 19
2022-03-14 12:25:04,339 [grpc-default-executor-10] INFO  server.RaftServer$Division (RaftServerImpl.java:checkInconsistentAppendEntries(1322)) - omNode-1@group-523986131536: Failed appendEntries as previous log entry ((t:10, i:37)) is not found
2022-03-14 12:25:04,339 [grpc-default-executor-10] INFO  server.RaftServer$Division (RaftServerImpl.java:checkInconsistentAppendEntries(1288)) - omNode-1@group-523986131536: inconsistency entries. Reply:omNode-3<-omNode-1#5375:FAIL-t10,INCONSISTENCY,nextIndex=19,followerCommit=18
2022-03-14 12:25:04,340 [grpc-default-executor-10] INFO  leader.FollowerInfo (FollowerInfoImpl.java:lambda$new$0(47)) - omNode-3@group-523986131536->omNode-1: nextIndex: updateUnconditionally 38 -> 19
2022-03-14 12:25:04,842 [grpc-default-executor-10] INFO  server.RaftServer$Division (RaftServerImpl.java:checkInconsistentAppendEntries(1322)) - omNode-1@group-523986131536: Failed appendEntries as previous log entry ((t:10, i:37)) is not found
2022-03-14 12:25:04,842 [grpc-default-executor-10] INFO  server.RaftServer$Division (RaftServerImpl.java:checkInconsistentAppendEntries(1288)) - omNode-1@group-523986131536: inconsistency entries. Reply:omNode-3<-omNode-1#5426:FAIL-t10,INCONSISTENCY,nextIndex=19,followerCommit=18
2022-03-14 12:25:04,842 [grpc-default-executor-10] INFO  leader.FollowerInfo (FollowerInfoImpl.java:lambda$new$0(47)) - omNode-3@group-523986131536->omNode-1: nextIndex: updateUnconditionally 38 -> 19
2022-03-14 12:25:05,343 [grpc-default-executor-10] INFO  server.RaftServer$Division (RaftServerImpl.java:checkInconsistentAppendEntries(1322)) - omNode-1@group-523986131536: Failed appendEntries as previous log entry ((t:10, i:37)) is not found
2022-03-14 12:25:05,344 [grpc-default-executor-10] INFO  server.RaftServer$Division (RaftServerImpl.java:checkInconsistentAppendEntries(1288)) - omNode-1@group-523986131536: inconsistency entries. Reply:omNode-3<-omNode-1#5477:FAIL-t10,INCONSISTENCY,nextIndex=19,followerCommit=18
2022-03-14 12:25:05,344 [grpc-default-executor-10] INFO  leader.FollowerInfo (FollowerInfoImpl.java:lambda$new$0(47)) - omNode-3@group-523986131536->omNode-1: nextIndex: updateUnconditionally 38 -> 19
2022-03-14 12:25:05,845 [grpc-default-executor-10] INFO  server.RaftServer$Division (RaftServerImpl.java:checkInconsistentAppendEntries(1322)) - omNode-1@group-523986131536: Failed appendEntries as previous log entry ((t:10, i:37)) is not found
2022-03-14 12:25:05,846 [grpc-default-executor-10] INFO  server.RaftServer$Division (RaftServerImpl.java:checkInconsistentAppendEntries(1288)) - omNode-1@group-523986131536: inconsistency entries. Reply:omNode-3<-omNode-1#5528:FAIL-t10,INCONSISTENCY,nextIndex=19,followerCommit=18
2022-03-14 12:25:05,846 [grpc-default-executor-10] INFO  leader.FollowerInfo (FollowerInfoImpl.java:lambda$new$0(47)) - omNode-3@group-523986131536->omNode-1: nextIndex: updateUnconditionally 38 -> 19
2022-03-14 12:25:06,347 [grpc-default-executor-10] INFO  server.RaftServer$Division (RaftServerImpl.java:checkInconsistentAppendEntries(1322)) - omNode-1@group-523986131536: Failed appendEntries as previous log entry ((t:10, i:37)) is not found
2022-03-14 12:25:06,347 [grpc-default-executor-10] INFO  server.RaftServer$Division (RaftServerImpl.java:checkInconsistentAppendEntries(1288)) - omNode-1@group-523986131536: inconsistency entries. Reply:omNode-3<-omNode-1#5579:FAIL-t10,INCONSISTENCY,nextIndex=19,followerCommit=18
2022-03-14 12:25:06,348 [grpc-default-executor-10] INFO  leader.FollowerInfo (FollowerInfoImpl.java:lambda$new$0(47)) - omNode-3@group-523986131536->omNode-1: nextIndex: updateUnconditionally 38 -> 19
2022-03-14 12:25:06,850 [grpc-default-executor-10] INFO  server.RaftServer$Division (RaftServerImpl.java:checkInconsistentAppendEntries(1322)) - omNode-1@group-523986131536: Failed appendEntries as previous log entry ((t:10, i:37)) is not found
2022-03-14 12:25:06,850 [grpc-default-executor-10] INFO  server.RaftServer$Division (RaftServerImpl.java:checkInconsistentAppendEntries(1288)) - omNode-1@group-523986131536: inconsistency entries. Reply:omNode-3<-omNode-1#5630:FAIL-t10,INCONSISTENCY,nextIndex=19,followerCommit=18
2022-03-14 12:25:06,850 [grpc-default-executor-10] INFO  leader.FollowerInfo (FollowerInfoImpl.java:lambda$new$0(47)) - omNode-3@group-523986131536->omNode-1: nextIndex: updateUnconditionally 38 -> 19
2022-03-14 12:25:07,351 [grpc-default-executor-10] INFO  server.RaftServer$Division (RaftServerImpl.java:checkInconsistentAppendEntries(1322)) - omNode-1@group-523986131536: Failed appendEntries as previous log entry ((t:10, i:37)) is not found
2022-03-14 12:25:07,351 [grpc-default-executor-10] INFO  server.RaftServer$Division (RaftServerImpl.java:checkInconsistentAppendEntries(1288)) - omNode-1@group-523986131536: inconsistency entries. Reply:omNode-3<-omNode-1#5681:FAIL-t10,INCONSISTENCY,nextIndex=19,followerCommit=18
2022-03-14 12:25:07,352 [grpc-default-executor-10] INFO  leader.FollowerInfo (FollowerInfoImpl.java:lambda$new$0(47)) - omNode-3@group-523986131536->omNode-1: nextIndex: updateUnconditionally 38 -> 19
2022-03-14 12:25:07,853 [grpc-default-executor-10] INFO  server.RaftServer$Division (RaftServerImpl.java:checkInconsistentAppendEntries(1322)) - omNode-1@group-523986131536: Failed appendEntries as previous log entry ((t:10, i:37)) is not found
2022-03-14 12:25:07,853 [grpc-default-executor-10] INFO  server.RaftServer$Division (RaftServerImpl.java:checkInconsistentAppendEntries(1288)) - omNode-1@group-523986131536: inconsistency entries. Reply:omNode-3<-omNode-1#5732:FAIL-t10,INCONSISTENCY,nextIndex=19,followerCommit=18
2022-03-14 12:25:07,853 [grpc-default-executor-10] INFO  leader.FollowerInfo (FollowerInfoImpl.java:lambda$new$0(47)) - omNode-3@group-523986131536->omNode-1: nextIndex: updateUnconditionally 38 -> 19
2022-03-14 12:25:08,355 [grpc-default-executor-10] INFO  server.RaftServer$Division (RaftServerImpl.java:checkInconsistentAppendEntries(1322)) - omNode-1@group-523986131536: Failed appendEntries as previous log entry ((t:10, i:37)) is not found
2022-03-14 12:25:08,355 [grpc-default-executor-10] INFO  server.RaftServer$Division (RaftServerImpl.java:checkInconsistentAppendEntries(1288)) - omNode-1@group-523986131536: inconsistency entries. Reply:omNode-3<-omNode-1#5783:FAIL-t10,INCONSISTENCY,nextIndex=19,followerCommit=18
2022-03-14 12:25:08,355 [grpc-default-executor-10] INFO  leader.FollowerInfo (FollowerInfoImpl.java:lambda$new$0(47)) - omNode-3@group-523986131536->omNode-1: nextIndex: updateUnconditionally 38 -> 19
2022-03-14 12:25:08,856 [grpc-default-executor-10] INFO  server.RaftServer$Division (RaftServerImpl.java:checkInconsistentAppendEntries(1322)) - omNode-1@group-523986131536: Failed appendEntries as previous log entry ((t:10, i:37)) is not found
2022-03-14 12:25:08,856 [grpc-default-executor-10] INFO  server.RaftServer$Division (RaftServerImpl.java:checkInconsistentAppendEntries(1288)) - omNode-1@group-523986131536: inconsistency entries. Reply:omNode-3<-omNode-1#5834:FAIL-t10,INCONSISTENCY,nextIndex=19,followerCommit=18
2022-03-14 12:25:08,856 [grpc-default-executor-10] INFO  leader.FollowerInfo (FollowerInfoImpl.java:lambda$new$0(47)) - omNode-3@group-523986131536->omNode-1: nextIndex: updateUnconditionally 38 -> 19
2022-03-14 12:25:09,358 [grpc-default-executor-10] INFO  server.RaftServer$Division (RaftServerImpl.java:checkInconsistentAppendEntries(1322)) - omNode-1@group-523986131536: Failed appendEntries as previous log entry ((t:10, i:37)) is not found
2022-03-14 12:25:09,358 [grpc-default-executor-10] INFO  server.RaftServer$Division (RaftServerImpl.java:checkInconsistentAppendEntries(1288)) - omNode-1@group-523986131536: inconsistency entries. Reply:omNode-3<-omNode-1#5885:FAIL-t10,INCONSISTENCY,nextIndex=19,followerCommit=18
2022-03-14 12:25:09,358 [grpc-default-executor-10] INFO  leader.FollowerInfo (FollowerInfoImpl.java:lambda$new$0(47)) - omNode-3@group-523986131536->omNode-1: nextIndex: updateUnconditionally 38 -> 19
2022-03-14 12:25:09,860 [grpc-default-executor-10] INFO  server.RaftServer$Division (RaftServerImpl.java:checkInconsistentAppendEntries(1322)) - omNode-1@group-523986131536: Failed appendEntries as previous log entry ((t:10, i:37)) is not found
2022-03-14 12:25:09,860 [grpc-default-executor-10] INFO  server.RaftServer$Division (RaftServerImpl.java:checkInconsistentAppendEntries(1288)) - omNode-1@group-523986131536: inconsistency entries. Reply:omNode-3<-omNode-1#5936:FAIL-t10,INCONSISTENCY,nextIndex=19,followerCommit=18
2022-03-14 12:25:09,860 [grpc-default-executor-10] INFO  leader.FollowerInfo (FollowerInfoImpl.java:lambda$new$0(47)) - omNode-3@group-523986131536->omNode-1: nextIndex: updateUnconditionally 38 -> 19
2022-03-14 12:25:10,362 [grpc-default-executor-11] INFO  server.RaftServer$Division (RaftServerImpl.java:checkInconsistentAppendEntries(1322)) - omNode-1@group-523986131536: Failed appendEntries as previous log entry ((t:10, i:37)) is not found
2022-03-14 12:25:10,362 [grpc-default-executor-11] INFO  server.RaftServer$Division (RaftServerImpl.java:checkInconsistentAppendEntries(1288)) - omNode-1@group-523986131536: inconsistency entries. Reply:omNode-3<-omNode-1#5987:FAIL-t10,INCONSISTENCY,nextIndex=19,followerCommit=18
2022-03-14 12:25:10,362 [grpc-default-executor-11] INFO  leader.FollowerInfo (FollowerInfoImpl.java:lambda$new$0(47)) - omNode-3@group-523986131536->omNode-1: nextIndex: updateUnconditionally 38 -> 19
2022-03-14 12:25:10,865 [grpc-default-executor-11] INFO  server.RaftServer$Division (RaftServerImpl.java:checkInconsistentAppendEntries(1322)) - omNode-1@group-523986131536: Failed appendEntries as previous log entry ((t:10, i:37)) is not found
2022-03-14 12:25:10,865 [grpc-default-executor-11] INFO  server.RaftServer$Division (RaftServerImpl.java:checkInconsistentAppendEntries(1288)) - omNode-1@group-523986131536: inconsistency entries. Reply:omNode-3<-omNode-1#6038:FAIL-t10,INCONSISTENCY,nextIndex=19,followerCommit=18
2022-03-14 12:25:10,865 [grpc-default-executor-11] INFO  leader.FollowerInfo (FollowerInfoImpl.java:lambda$new$0(47)) - omNode-3@group-523986131536->omNode-1: nextIndex: updateUnconditionally 38 -> 19
2022-03-14 12:25:11,367 [grpc-default-executor-11] INFO  server.RaftServer$Division (RaftServerImpl.java:checkInconsistentAppendEntries(1322)) - omNode-1@group-523986131536: Failed appendEntries as previous log entry ((t:10, i:37)) is not found
2022-03-14 12:25:11,367 [grpc-default-executor-11] INFO  server.RaftServer$Division (RaftServerImpl.java:checkInconsistentAppendEntries(1288)) - omNode-1@group-523986131536: inconsistency entries. Reply:omNode-3<-omNode-1#6089:FAIL-t10,INCONSISTENCY,nextIndex=19,followerCommit=18
2022-03-14 12:25:11,367 [grpc-default-executor-11] INFO  leader.FollowerInfo (FollowerInfoImpl.java:lambda$new$0(47)) - omNode-3@group-523986131536->omNode-1: nextIndex: updateUnconditionally 38 -> 19
2022-03-14 12:25:11,869 [grpc-default-executor-11] INFO  server.RaftServer$Division (RaftServerImpl.java:checkInconsistentAppendEntries(1322)) - omNode-1@group-523986131536: Failed appendEntries as previous log entry ((t:10, i:37)) is not found
2022-03-14 12:25:11,869 [grpc-default-executor-11] INFO  server.RaftServer$Division (RaftServerImpl.java:checkInconsistentAppendEntries(1288)) - omNode-1@group-523986131536: inconsistency entries. Reply:omNode-3<-omNode-1#6140:FAIL-t10,INCONSISTENCY,nextIndex=19,followerCommit=18
2022-03-14 12:25:11,870 [grpc-default-executor-11] INFO  leader.FollowerInfo (FollowerInfoImpl.java:lambda$new$0(47)) - omNode-3@group-523986131536->omNode-1: nextIndex: updateUnconditionally 38 -> 19
2022-03-14 12:25:12,372 [grpc-default-executor-11] INFO  server.RaftServer$Division (RaftServerImpl.java:checkInconsistentAppendEntries(1322)) - omNode-1@group-523986131536: Failed appendEntries as previous log entry ((t:10, i:37)) is not found
2022-03-14 12:25:12,372 [grpc-default-executor-11] INFO  server.RaftServer$Division (RaftServerImpl.java:checkInconsistentAppendEntries(1288)) - omNode-1@group-523986131536: inconsistency entries. Reply:omNode-3<-omNode-1#6191:FAIL-t10,INCONSISTENCY,nextIndex=19,followerCommit=18
2022-03-14 12:25:12,373 [grpc-default-executor-11] INFO  leader.FollowerInfo (FollowerInfoImpl.java:lambda$new$0(47)) - omNode-3@group-523986131536->omNode-1: nextIndex: updateUnconditionally 38 -> 19
2022-03-14 12:25:12,874 [grpc-default-executor-11] INFO  server.RaftServer$Division (RaftServerImpl.java:checkInconsistentAppendEntries(1322)) - omNode-1@group-523986131536: Failed appendEntries as previous log entry ((t:10, i:37)) is not found
2022-03-14 12:25:12,874 [grpc-default-executor-11] INFO  server.RaftServer$Division (RaftServerImpl.java:checkInconsistentAppendEntries(1288)) - omNode-1@group-523986131536: inconsistency entries. Reply:omNode-3<-omNode-1#6242:FAIL-t10,INCONSISTENCY,nextIndex=19,followerCommit=18
2022-03-14 12:25:12,874 [grpc-default-executor-11] INFO  leader.FollowerInfo (FollowerInfoImpl.java:lambda$new$0(47)) - omNode-3@group-523986131536->omNode-1: nextIndex: updateUnconditionally 38 -> 19
2022-03-14 12:25:13,376 [grpc-default-executor-11] INFO  server.RaftServer$Division (RaftServerImpl.java:checkInconsistentAppendEntries(1322)) - omNode-1@group-523986131536: Failed appendEntries as previous log entry ((t:10, i:37)) is not found
2022-03-14 12:25:13,376 [grpc-default-executor-11] INFO  server.RaftServer$Division (RaftServerImpl.java:checkInconsistentAppendEntries(1288)) - omNode-1@group-523986131536: inconsistency entries. Reply:omNode-3<-omNode-1#6293:FAIL-t10,INCONSISTENCY,nextIndex=19,followerCommit=18
2022-03-14 12:25:13,376 [grpc-default-executor-11] INFO  leader.FollowerInfo (FollowerInfoImpl.java:lambda$new$0(47)) - omNode-3@group-523986131536->omNode-1: nextIndex: updateUnconditionally 38 -> 19
2022-03-14 12:25:13,877 [grpc-default-executor-11] INFO  server.RaftServer$Division (RaftServerImpl.java:checkInconsistentAppendEntries(1322)) - omNode-1@group-523986131536: Failed appendEntries as previous log entry ((t:10, i:37)) is not found
2022-03-14 12:25:13,878 [grpc-default-executor-11] INFO  server.RaftServer$Division (RaftServerImpl.java:checkInconsistentAppendEntries(1288)) - omNode-1@group-523986131536: inconsistency entries. Reply:omNode-3<-omNode-1#6344:FAIL-t10,INCONSISTENCY,nextIndex=19,followerCommit=18
2022-03-14 12:25:13,878 [grpc-default-executor-11] INFO  leader.FollowerInfo (FollowerInfoImpl.java:lambda$new$0(47)) - omNode-3@group-523986131536->omNode-1: nextIndex: updateUnconditionally 38 -> 19
2022-03-14 12:25:14,379 [grpc-default-executor-11] INFO  server.RaftServer$Division (RaftServerImpl.java:checkInconsistentAppendEntries(1322)) - omNode-1@group-523986131536: Failed appendEntries as previous log entry ((t:10, i:37)) is not found
2022-03-14 12:25:14,380 [grpc-default-executor-11] INFO  server.RaftServer$Division (RaftServerImpl.java:checkInconsistentAppendEntries(1288)) - omNode-1@group-523986131536: inconsistency entries. Reply:omNode-3<-omNode-1#6395:FAIL-t10,INCONSISTENCY,nextIndex=19,followerCommit=18
2022-03-14 12:25:14,380 [grpc-default-executor-11] INFO  leader.FollowerInfo (FollowerInfoImpl.java:lambda$new$0(47)) - omNode-3@group-523986131536->omNode-1: nextIndex: updateUnconditionally 38 -> 19
2022-03-14 12:25:14,881 [grpc-default-executor-11] INFO  server.RaftServer$Division (RaftServerImpl.java:checkInconsistentAppendEntries(1322)) - omNode-1@group-523986131536: Failed appendEntries as previous log entry ((t:10, i:37)) is not found
2022-03-14 12:25:14,881 [grpc-default-executor-11] INFO  server.RaftServer$Division (RaftServerImpl.java:checkInconsistentAppendEntries(1288)) - omNode-1@group-523986131536: inconsistency entries. Reply:omNode-3<-omNode-1#6446:FAIL-t10,INCONSISTENCY,nextIndex=19,followerCommit=18
2022-03-14 12:25:14,881 [grpc-default-executor-11] INFO  leader.FollowerInfo (FollowerInfoImpl.java:lambda$new$0(47)) - omNode-3@group-523986131536->omNode-1: nextIndex: updateUnconditionally 38 -> 19
2022-03-14 12:25:15,383 [grpc-default-executor-11] INFO  server.RaftServer$Division (RaftServerImpl.java:checkInconsistentAppendEntries(1322)) - omNode-1@group-523986131536: Failed appendEntries as previous log entry ((t:10, i:37)) is not found
2022-03-14 12:25:15,384 [grpc-default-executor-11] INFO  server.RaftServer$Division (RaftServerImpl.java:checkInconsistentAppendEntries(1288)) - omNode-1@group-523986131536: inconsistency entries. Reply:omNode-3<-omNode-1#6497:FAIL-t10,INCONSISTENCY,nextIndex=19,followerCommit=18
2022-03-14 12:25:15,384 [grpc-default-executor-11] INFO  leader.FollowerInfo (FollowerInfoImpl.java:lambda$new$0(47)) - omNode-3@group-523986131536->omNode-1: nextIndex: updateUnconditionally 38 -> 19
2022-03-14 12:25:15,886 [grpc-default-executor-11] INFO  server.RaftServer$Division (RaftServerImpl.java:checkInconsistentAppendEntries(1322)) - omNode-1@group-523986131536: Failed appendEntries as previous log entry ((t:10, i:37)) is not found
2022-03-14 12:25:15,886 [grpc-default-executor-11] INFO  server.RaftServer$Division (RaftServerImpl.java:checkInconsistentAppendEntries(1288)) - omNode-1@group-523986131536: inconsistency entries. Reply:omNode-3<-omNode-1#6548:FAIL-t10,INCONSISTENCY,nextIndex=19,followerCommit=18
2022-03-14 12:25:15,886 [grpc-default-executor-11] INFO  leader.FollowerInfo (FollowerInfoImpl.java:lambda$new$0(47)) - omNode-3@group-523986131536->omNode-1: nextIndex: updateUnconditionally 38 -> 19
2022-03-14 12:25:16,387 [grpc-default-executor-11] INFO  server.RaftServer$Division (RaftServerImpl.java:checkInconsistentAppendEntries(1322)) - omNode-1@group-523986131536: Failed appendEntries as previous log entry ((t:10, i:37)) is not found
2022-03-14 12:25:16,388 [grpc-default-executor-11] INFO  server.RaftServer$Division (RaftServerImpl.java:checkInconsistentAppendEntries(1288)) - omNode-1@group-523986131536: inconsistency entries. Reply:omNode-3<-omNode-1#6599:FAIL-t10,INCONSISTENCY,nextIndex=19,followerCommit=18
2022-03-14 12:25:16,388 [grpc-default-executor-11] INFO  leader.FollowerInfo (FollowerInfoImpl.java:lambda$new$0(47)) - omNode-3@group-523986131536->omNode-1: nextIndex: updateUnconditionally 38 -> 19
2022-03-14 12:25:16,889 [grpc-default-executor-11] INFO  server.RaftServer$Division (RaftServerImpl.java:checkInconsistentAppendEntries(1322)) - omNode-1@group-523986131536: Failed appendEntries as previous log entry ((t:10, i:37)) is not found
2022-03-14 12:25:16,890 [grpc-default-executor-11] INFO  server.RaftServer$Division (RaftServerImpl.java:checkInconsistentAppendEntries(1288)) - omNode-1@group-523986131536: inconsistency entries. Reply:omNode-3<-omNode-1#6650:FAIL-t10,INCONSISTENCY,nextIndex=19,followerCommit=18
2022-03-14 12:25:16,890 [grpc-default-executor-11] INFO  leader.FollowerInfo (FollowerInfoImpl.java:lambda$new$0(47)) - omNode-3@group-523986131536->omNode-1: nextIndex: updateUnconditionally 38 -> 19
2022-03-14 12:25:17,392 [grpc-default-executor-11] INFO  server.RaftServer$Division (RaftServerImpl.java:checkInconsistentAppendEntries(1322)) - omNode-1@group-523986131536: Failed appendEntries as previous log entry ((t:10, i:37)) is not found
2022-03-14 12:25:17,392 [grpc-default-executor-11] INFO  server.RaftServer$Division (RaftServerImpl.java:checkInconsistentAppendEntries(1288)) - omNode-1@group-523986131536: inconsistency entries. Reply:omNode-3<-omNode-1#6701:FAIL-t10,INCONSISTENCY,nextIndex=19,followerCommit=18
2022-03-14 12:25:17,392 [grpc-default-executor-11] INFO  leader.FollowerInfo (FollowerInfoImpl.java:lambda$new$0(47)) - omNode-3@group-523986131536->omNode-1: nextIndex: updateUnconditionally 38 -> 19
2022-03-14 12:25:17,894 [grpc-default-executor-10] INFO  server.RaftServer$Division (RaftServerImpl.java:checkInconsistentAppendEntries(1322)) - omNode-1@group-523986131536: Failed appendEntries as previous log entry ((t:10, i:37)) is not found
2022-03-14 12:25:17,894 [grpc-default-executor-10] INFO  server.RaftServer$Division (RaftServerImpl.java:checkInconsistentAppendEntries(1288)) - omNode-1@group-523986131536: inconsistency entries. Reply:omNode-3<-omNode-1#6752:FAIL-t10,INCONSISTENCY,nextIndex=19,followerCommit=18
2022-03-14 12:25:17,894 [grpc-default-executor-10] INFO  leader.FollowerInfo (FollowerInfoImpl.java:lambda$new$0(47)) - omNode-3@group-523986131536->omNode-1: nextIndex: updateUnconditionally 38 -> 19
2022-03-14 12:25:18,396 [grpc-default-executor-10] INFO  server.RaftServer$Division (RaftServerImpl.java:checkInconsistentAppendEntries(1322)) - omNode-1@group-523986131536: Failed appendEntries as previous log entry ((t:10, i:37)) is not found
2022-03-14 12:25:18,397 [grpc-default-executor-10] INFO  server.RaftServer$Division (RaftServerImpl.java:checkInconsistentAppendEntries(1288)) - omNode-1@group-523986131536: inconsistency entries. Reply:omNode-3<-omNode-1#6803:FAIL-t10,INCONSISTENCY,nextIndex=19,followerCommit=18
2022-03-14 12:25:18,397 [grpc-default-executor-10] INFO  leader.FollowerInfo (FollowerInfoImpl.java:lambda$new$0(47)) - omNode-3@group-523986131536->omNode-1: nextIndex: updateUnconditionally 38 -> 19
2022-03-14 12:25:18,899 [grpc-default-executor-10] INFO  server.RaftServer$Division (RaftServerImpl.java:checkInconsistentAppendEntries(1322)) - omNode-1@group-523986131536: Failed appendEntries as previous log entry ((t:10, i:37)) is not found
2022-03-14 12:25:18,899 [grpc-default-executor-10] INFO  server.RaftServer$Division (RaftServerImpl.java:checkInconsistentAppendEntries(1288)) - omNode-1@group-523986131536: inconsistency entries. Reply:omNode-3<-omNode-1#6854:FAIL-t10,INCONSISTENCY,nextIndex=19,followerCommit=18
2022-03-14 12:25:18,899 [grpc-default-executor-10] INFO  leader.FollowerInfo (FollowerInfoImpl.java:lambda$new$0(47)) - omNode-3@group-523986131536->omNode-1: nextIndex: updateUnconditionally 38 -> 19
2022-03-14 12:25:19,401 [grpc-default-executor-10] INFO  server.RaftServer$Division (RaftServerImpl.java:checkInconsistentAppendEntries(1322)) - omNode-1@group-523986131536: Failed appendEntries as previous log entry ((t:10, i:37)) is not found
2022-03-14 12:25:19,401 [grpc-default-executor-10] INFO  server.RaftServer$Division (RaftServerImpl.java:checkInconsistentAppendEntries(1288)) - omNode-1@group-523986131536: inconsistency entries. Reply:omNode-3<-omNode-1#6905:FAIL-t10,INCONSISTENCY,nextIndex=19,followerCommit=18
2022-03-14 12:25:19,401 [grpc-default-executor-10] INFO  leader.FollowerInfo (FollowerInfoImpl.java:lambda$new$0(47)) - omNode-3@group-523986131536->omNode-1: nextIndex: updateUnconditionally 38 -> 19
2022-03-14 12:25:19,903 [grpc-default-executor-10] INFO  server.RaftServer$Division (RaftServerImpl.java:checkInconsistentAppendEntries(1322)) - omNode-1@group-523986131536: Failed appendEntries as previous log entry ((t:10, i:37)) is not found
2022-03-14 12:25:19,903 [grpc-default-executor-10] INFO  server.RaftServer$Division (RaftServerImpl.java:checkInconsistentAppendEntries(1288)) - omNode-1@group-523986131536: inconsistency entries. Reply:omNode-3<-omNode-1#6956:FAIL-t10,INCONSISTENCY,nextIndex=19,followerCommit=18
2022-03-14 12:25:19,903 [grpc-default-executor-10] INFO  leader.FollowerInfo (FollowerInfoImpl.java:lambda$new$0(47)) - omNode-3@group-523986131536->omNode-1: nextIndex: updateUnconditionally 38 -> 19
2022-03-14 12:25:20,405 [grpc-default-executor-10] INFO  server.RaftServer$Division (RaftServerImpl.java:checkInconsistentAppendEntries(1322)) - omNode-1@group-523986131536: Failed appendEntries as previous log entry ((t:10, i:37)) is not found
2022-03-14 12:25:20,405 [grpc-default-executor-10] INFO  server.RaftServer$Division (RaftServerImpl.java:checkInconsistentAppendEntries(1288)) - omNode-1@group-523986131536: inconsistency entries. Reply:omNode-3<-omNode-1#7007:FAIL-t10,INCONSISTENCY,nextIndex=19,followerCommit=18
2022-03-14 12:25:20,406 [grpc-default-executor-10] INFO  leader.FollowerInfo (FollowerInfoImpl.java:lambda$new$0(47)) - omNode-3@group-523986131536->omNode-1: nextIndex: updateUnconditionally 38 -> 19
2022-03-14 12:25:20,907 [grpc-default-executor-10] INFO  server.RaftServer$Division (RaftServerImpl.java:checkInconsistentAppendEntries(1322)) - omNode-1@group-523986131536: Failed appendEntries as previous log entry ((t:10, i:37)) is not found
2022-03-14 12:25:20,907 [grpc-default-executor-10] INFO  server.RaftServer$Division (RaftServerImpl.java:checkInconsistentAppendEntries(1288)) - omNode-1@group-523986131536: inconsistency entries. Reply:omNode-3<-omNode-1#7058:FAIL-t10,INCONSISTENCY,nextIndex=19,followerCommit=18
2022-03-14 12:25:20,908 [grpc-default-executor-10] INFO  leader.FollowerInfo (FollowerInfoImpl.java:lambda$new$0(47)) - omNode-3@group-523986131536->omNode-1: nextIndex: updateUnconditionally 38 -> 19
2022-03-14 12:25:21,409 [grpc-default-executor-10] INFO  server.RaftServer$Division (RaftServerImpl.java:checkInconsistentAppendEntries(1322)) - omNode-1@group-523986131536: Failed appendEntries as previous log entry ((t:10, i:37)) is not found
2022-03-14 12:25:21,410 [grpc-default-executor-10] INFO  server.RaftServer$Division (RaftServerImpl.java:checkInconsistentAppendEntries(1288)) - omNode-1@group-523986131536: inconsistency entries. Reply:omNode-3<-omNode-1#7109:FAIL-t10,INCONSISTENCY,nextIndex=19,followerCommit=18
2022-03-14 12:25:21,410 [grpc-default-executor-10] INFO  leader.FollowerInfo (FollowerInfoImpl.java:lambda$new$0(47)) - omNode-3@group-523986131536->omNode-1: nextIndex: updateUnconditionally 38 -> 19
2022-03-14 12:25:21,911 [grpc-default-executor-10] INFO  server.RaftServer$Division (RaftServerImpl.java:checkInconsistentAppendEntries(1322)) - omNode-1@group-523986131536: Failed appendEntries as previous log entry ((t:10, i:37)) is not found
2022-03-14 12:25:21,911 [grpc-default-executor-10] INFO  server.RaftServer$Division (RaftServerImpl.java:checkInconsistentAppendEntries(1288)) - omNode-1@group-523986131536: inconsistency entries. Reply:omNode-3<-omNode-1#7160:FAIL-t10,INCONSISTENCY,nextIndex=19,followerCommit=18
2022-03-14 12:25:21,911 [grpc-default-executor-10] INFO  leader.FollowerInfo (FollowerInfoImpl.java:lambda$new$0(47)) - omNode-3@group-523986131536->omNode-1: nextIndex: updateUnconditionally 38 -> 19
2022-03-14 12:25:22,413 [grpc-default-executor-10] INFO  server.RaftServer$Division (RaftServerImpl.java:checkInconsistentAppendEntries(1322)) - omNode-1@group-523986131536: Failed appendEntries as previous log entry ((t:10, i:37)) is not found
2022-03-14 12:25:22,413 [grpc-default-executor-10] INFO  server.RaftServer$Division (RaftServerImpl.java:checkInconsistentAppendEntries(1288)) - omNode-1@group-523986131536: inconsistency entries. Reply:omNode-3<-omNode-1#7211:FAIL-t10,INCONSISTENCY,nextIndex=19,followerCommit=18
2022-03-14 12:25:22,413 [grpc-default-executor-10] INFO  leader.FollowerInfo (FollowerInfoImpl.java:lambda$new$0(47)) - omNode-3@group-523986131536->omNode-1: nextIndex: updateUnconditionally 38 -> 19
2022-03-14 12:25:22,915 [grpc-default-executor-11] INFO  server.RaftServer$Division (RaftServerImpl.java:checkInconsistentAppendEntries(1322)) - omNode-1@group-523986131536: Failed appendEntries as previous log entry ((t:10, i:37)) is not found
2022-03-14 12:25:22,915 [grpc-default-executor-11] INFO  server.RaftServer$Division (RaftServerImpl.java:checkInconsistentAppendEntries(1288)) - omNode-1@group-523986131536: inconsistency entries. Reply:omNode-3<-omNode-1#7262:FAIL-t10,INCONSISTENCY,nextIndex=19,followerCommit=18
2022-03-14 12:25:22,915 [grpc-default-executor-11] INFO  leader.FollowerInfo (FollowerInfoImpl.java:lambda$new$0(47)) - omNode-3@group-523986131536->omNode-1: nextIndex: updateUnconditionally 38 -> 19
2022-03-14 12:25:23,417 [grpc-default-executor-11] INFO  server.RaftServer$Division (RaftServerImpl.java:checkInconsistentAppendEntries(1322)) - omNode-1@group-523986131536: Failed appendEntries as previous log entry ((t:10, i:37)) is not found
2022-03-14 12:25:23,417 [grpc-default-executor-11] INFO  server.RaftServer$Division (RaftServerImpl.java:checkInconsistentAppendEntries(1288)) - omNode-1@group-523986131536: inconsistency entries. Reply:omNode-3<-omNode-1#7313:FAIL-t10,INCONSISTENCY,nextIndex=19,followerCommit=18
2022-03-14 12:25:23,417 [grpc-default-executor-11] INFO  leader.FollowerInfo (FollowerInfoImpl.java:lambda$new$0(47)) - omNode-3@group-523986131536->omNode-1: nextIndex: updateUnconditionally 38 -> 19
2022-03-14 12:25:23,919 [grpc-default-executor-11] INFO  server.RaftServer$Division (RaftServerImpl.java:checkInconsistentAppendEntries(1322)) - omNode-1@group-523986131536: Failed appendEntries as previous log entry ((t:10, i:37)) is not found
2022-03-14 12:25:23,919 [grpc-default-executor-11] INFO  server.RaftServer$Division (RaftServerImpl.java:checkInconsistentAppendEntries(1288)) - omNode-1@group-523986131536: inconsistency entries. Reply:omNode-3<-omNode-1#7364:FAIL-t10,INCONSISTENCY,nextIndex=19,followerCommit=18
2022-03-14 12:25:23,919 [grpc-default-executor-11] INFO  leader.FollowerInfo (FollowerInfoImpl.java:lambda$new$0(47)) - omNode-3@group-523986131536->omNode-1: nextIndex: updateUnconditionally 38 -> 19
2022-03-14 12:25:24,420 [grpc-default-executor-11] INFO  server.RaftServer$Division (RaftServerImpl.java:checkInconsistentAppendEntries(1322)) - omNode-1@group-523986131536: Failed appendEntries as previous log entry ((t:10, i:37)) is not found
2022-03-14 12:25:24,421 [grpc-default-executor-11] INFO  server.RaftServer$Division (RaftServerImpl.java:checkInconsistentAppendEntries(1288)) - omNode-1@group-523986131536: inconsistency entries. Reply:omNode-3<-omNode-1#7415:FAIL-t10,INCONSISTENCY,nextIndex=19,followerCommit=18
2022-03-14 12:25:24,421 [grpc-default-executor-11] INFO  leader.FollowerInfo (FollowerInfoImpl.java:lambda$new$0(47)) - omNode-3@group-523986131536->omNode-1: nextIndex: updateUnconditionally 38 -> 19
2022-03-14 12:25:24,923 [grpc-default-executor-11] INFO  server.RaftServer$Division (RaftServerImpl.java:checkInconsistentAppendEntries(1322)) - omNode-1@group-523986131536: Failed appendEntries as previous log entry ((t:10, i:37)) is not found
2022-03-14 12:25:24,923 [grpc-default-executor-11] INFO  server.RaftServer$Division (RaftServerImpl.java:checkInconsistentAppendEntries(1288)) - omNode-1@group-523986131536: inconsistency entries. Reply:omNode-3<-omNode-1#7466:FAIL-t10,INCONSISTENCY,nextIndex=19,followerCommit=18
2022-03-14 12:25:24,923 [grpc-default-executor-11] INFO  leader.FollowerInfo (FollowerInfoImpl.java:lambda$new$0(47)) - omNode-3@group-523986131536->omNode-1: nextIndex: updateUnconditionally 38 -> 19
2022-03-14 12:25:25,425 [grpc-default-executor-11] INFO  server.RaftServer$Division (RaftServerImpl.java:checkInconsistentAppendEntries(1322)) - omNode-1@group-523986131536: Failed appendEntries as previous log entry ((t:10, i:37)) is not found
2022-03-14 12:25:25,425 [grpc-default-executor-11] INFO  server.RaftServer$Division (RaftServerImpl.java:checkInconsistentAppendEntries(1288)) - omNode-1@group-523986131536: inconsistency entries. Reply:omNode-3<-omNode-1#7517:FAIL-t10,INCONSISTENCY,nextIndex=19,followerCommit=18
2022-03-14 12:25:25,426 [grpc-default-executor-11] INFO  leader.FollowerInfo (FollowerInfoImpl.java:lambda$new$0(47)) - omNode-3@group-523986131536->omNode-1: nextIndex: updateUnconditionally 38 -> 19
2022-03-14 12:25:25,927 [grpc-default-executor-11] INFO  server.RaftServer$Division (RaftServerImpl.java:checkInconsistentAppendEntries(1322)) - omNode-1@group-523986131536: Failed appendEntries as previous log entry ((t:10, i:37)) is not found
2022-03-14 12:25:25,927 [grpc-default-executor-11] INFO  server.RaftServer$Division (RaftServerImpl.java:checkInconsistentAppendEntries(1288)) - omNode-1@group-523986131536: inconsistency entries. Reply:omNode-3<-omNode-1#7568:FAIL-t10,INCONSISTENCY,nextIndex=19,followerCommit=18
2022-03-14 12:25:25,928 [grpc-default-executor-11] INFO  leader.FollowerInfo (FollowerInfoImpl.java:lambda$new$0(47)) - omNode-3@group-523986131536->omNode-1: nextIndex: updateUnconditionally 38 -> 19
2022-03-14 12:25:26,430 [grpc-default-executor-11] INFO  server.RaftServer$Division (RaftServerImpl.java:checkInconsistentAppendEntries(1322)) - omNode-1@group-523986131536: Failed appendEntries as previous log entry ((t:10, i:37)) is not found
2022-03-14 12:25:26,430 [grpc-default-executor-11] INFO  server.RaftServer$Division (RaftServerImpl.java:checkInconsistentAppendEntries(1288)) - omNode-1@group-523986131536: inconsistency entries. Reply:omNode-3<-omNode-1#7619:FAIL-t10,INCONSISTENCY,nextIndex=19,followerCommit=18
2022-03-14 12:25:26,430 [grpc-default-executor-11] INFO  leader.FollowerInfo (FollowerInfoImpl.java:lambda$new$0(47)) - omNode-3@group-523986131536->omNode-1: nextIndex: updateUnconditionally 38 -> 19
2022-03-14 12:25:26,932 [grpc-default-executor-11] INFO  server.RaftServer$Division (RaftServerImpl.java:checkInconsistentAppendEntries(1322)) - omNode-1@group-523986131536: Failed appendEntries as previous log entry ((t:10, i:37)) is not found
2022-03-14 12:25:26,932 [grpc-default-executor-11] INFO  server.RaftServer$Division (RaftServerImpl.java:checkInconsistentAppendEntries(1288)) - omNode-1@group-523986131536: inconsistency entries. Reply:omNode-3<-omNode-1#7670:FAIL-t10,INCONSISTENCY,nextIndex=19,followerCommit=18
2022-03-14 12:25:26,933 [grpc-default-executor-11] INFO  leader.FollowerInfo (FollowerInfoImpl.java:lambda$new$0(47)) - omNode-3@group-523986131536->omNode-1: nextIndex: updateUnconditionally 38 -> 19
2022-03-14 12:25:27,434 [grpc-default-executor-11] INFO  server.RaftServer$Division (RaftServerImpl.java:checkInconsistentAppendEntries(1322)) - omNode-1@group-523986131536: Failed appendEntries as previous log entry ((t:10, i:37)) is not found
2022-03-14 12:25:27,435 [grpc-default-executor-11] INFO  server.RaftServer$Division (RaftServerImpl.java:checkInconsistentAppendEntries(1288)) - omNode-1@group-523986131536: inconsistency entries. Reply:omNode-3<-omNode-1#7721:FAIL-t10,INCONSISTENCY,nextIndex=19,followerCommit=18
2022-03-14 12:25:27,435 [grpc-default-executor-11] INFO  leader.FollowerInfo (FollowerInfoImpl.java:lambda$new$0(47)) - omNode-3@group-523986131536->omNode-1: nextIndex: updateUnconditionally 38 -> 19
2022-03-14 12:25:27,937 [grpc-default-executor-10] INFO  server.RaftServer$Division (RaftServerImpl.java:checkInconsistentAppendEntries(1322)) - omNode-1@group-523986131536: Failed appendEntries as previous log entry ((t:10, i:37)) is not found
2022-03-14 12:25:27,937 [grpc-default-executor-10] INFO  server.RaftServer$Division (RaftServerImpl.java:checkInconsistentAppendEntries(1288)) - omNode-1@group-523986131536: inconsistency entries. Reply:omNode-3<-omNode-1#7772:FAIL-t10,INCONSISTENCY,nextIndex=19,followerCommit=18
2022-03-14 12:25:27,937 [grpc-default-executor-10] INFO  leader.FollowerInfo (FollowerInfoImpl.java:lambda$new$0(47)) - omNode-3@group-523986131536->omNode-1: nextIndex: updateUnconditionally 38 -> 19
2022-03-14 12:25:28,439 [grpc-default-executor-10] INFO  server.RaftServer$Division (RaftServerImpl.java:checkInconsistentAppendEntries(1322)) - omNode-1@group-523986131536: Failed appendEntries as previous log entry ((t:10, i:37)) is not found
2022-03-14 12:25:28,439 [grpc-default-executor-10] INFO  server.RaftServer$Division (RaftServerImpl.java:checkInconsistentAppendEntries(1288)) - omNode-1@group-523986131536: inconsistency entries. Reply:omNode-3<-omNode-1#7823:FAIL-t10,INCONSISTENCY,nextIndex=19,followerCommit=18
2022-03-14 12:25:28,440 [grpc-default-executor-10] INFO  leader.FollowerInfo (FollowerInfoImpl.java:lambda$new$0(47)) - omNode-3@group-523986131536->omNode-1: nextIndex: updateUnconditionally 38 -> 19
2022-03-14 12:25:28,941 [grpc-default-executor-10] INFO  server.RaftServer$Division (RaftServerImpl.java:checkInconsistentAppendEntries(1322)) - omNode-1@group-523986131536: Failed appendEntries as previous log entry ((t:10, i:37)) is not found
2022-03-14 12:25:28,942 [grpc-default-executor-10] INFO  server.RaftServer$Division (RaftServerImpl.java:checkInconsistentAppendEntries(1288)) - omNode-1@group-523986131536: inconsistency entries. Reply:omNode-3<-omNode-1#7874:FAIL-t10,INCONSISTENCY,nextIndex=19,followerCommit=18
2022-03-14 12:25:28,942 [grpc-default-executor-10] INFO  leader.FollowerInfo (FollowerInfoImpl.java:lambda$new$0(47)) - omNode-3@group-523986131536->omNode-1: nextIndex: updateUnconditionally 38 -> 19
2022-03-14 12:25:29,444 [grpc-default-executor-10] INFO  server.RaftServer$Division (RaftServerImpl.java:checkInconsistentAppendEntries(1322)) - omNode-1@group-523986131536: Failed appendEntries as previous log entry ((t:10, i:37)) is not found
2022-03-14 12:25:29,444 [grpc-default-executor-10] INFO  server.RaftServer$Division (RaftServerImpl.java:checkInconsistentAppendEntries(1288)) - omNode-1@group-523986131536: inconsistency entries. Reply:omNode-3<-omNode-1#7925:FAIL-t10,INCONSISTENCY,nextIndex=19,followerCommit=18
2022-03-14 12:25:29,444 [grpc-default-executor-10] INFO  leader.FollowerInfo (FollowerInfoImpl.java:lambda$new$0(47)) - omNode-3@group-523986131536->omNode-1: nextIndex: updateUnconditionally 38 -> 19
2022-03-14 12:25:29,946 [grpc-default-executor-11] INFO  server.RaftServer$Division (RaftServerImpl.java:checkInconsistentAppendEntries(1322)) - omNode-1@group-523986131536: Failed appendEntries as previous log entry ((t:10, i:37)) is not found
2022-03-14 12:25:29,946 [grpc-default-executor-11] INFO  server.RaftServer$Division (RaftServerImpl.java:checkInconsistentAppendEntries(1288)) - omNode-1@group-523986131536: inconsistency entries. Reply:omNode-3<-omNode-1#7976:FAIL-t10,INCONSISTENCY,nextIndex=19,followerCommit=18
2022-03-14 12:25:29,946 [grpc-default-executor-11] INFO  leader.FollowerInfo (FollowerInfoImpl.java:lambda$new$0(47)) - omNode-3@group-523986131536->omNode-1: nextIndex: updateUnconditionally 38 -> 19
2022-03-14 12:25:30,448 [grpc-default-executor-11] INFO  server.RaftServer$Division (RaftServerImpl.java:checkInconsistentAppendEntries(1322)) - omNode-1@group-523986131536: Failed appendEntries as previous log entry ((t:10, i:37)) is not found
2022-03-14 12:25:30,449 [grpc-default-executor-11] INFO  server.RaftServer$Division (RaftServerImpl.java:checkInconsistentAppendEntries(1288)) - omNode-1@group-523986131536: inconsistency entries. Reply:omNode-3<-omNode-1#8027:FAIL-t10,INCONSISTENCY,nextIndex=19,followerCommit=18
2022-03-14 12:25:30,449 [grpc-default-executor-11] INFO  leader.FollowerInfo (FollowerInfoImpl.java:lambda$new$0(47)) - omNode-3@group-523986131536->omNode-1: nextIndex: updateUnconditionally 38 -> 19
2022-03-14 12:25:30,951 [grpc-default-executor-11] INFO  server.RaftServer$Division (RaftServerImpl.java:checkInconsistentAppendEntries(1322)) - omNode-1@group-523986131536: Failed appendEntries as previous log entry ((t:10, i:37)) is not found
2022-03-14 12:25:30,951 [grpc-default-executor-11] INFO  server.RaftServer$Division (RaftServerImpl.java:checkInconsistentAppendEntries(1288)) - omNode-1@group-523986131536: inconsistency entries. Reply:omNode-3<-omNode-1#8078:FAIL-t10,INCONSISTENCY,nextIndex=19,followerCommit=18
2022-03-14 12:25:30,951 [grpc-default-executor-11] INFO  leader.FollowerInfo (FollowerInfoImpl.java:lambda$new$0(47)) - omNode-3@group-523986131536->omNode-1: nextIndex: updateUnconditionally 38 -> 19
2022-03-14 12:25:31,453 [grpc-default-executor-11] INFO  server.RaftServer$Division (RaftServerImpl.java:checkInconsistentAppendEntries(1322)) - omNode-1@group-523986131536: Failed appendEntries as previous log entry ((t:10, i:37)) is not found
2022-03-14 12:25:31,453 [grpc-default-executor-11] INFO  server.RaftServer$Division (RaftServerImpl.java:checkInconsistentAppendEntries(1288)) - omNode-1@group-523986131536: inconsistency entries. Reply:omNode-3<-omNode-1#8129:FAIL-t10,INCONSISTENCY,nextIndex=19,followerCommit=18
2022-03-14 12:25:31,453 [grpc-default-executor-11] INFO  leader.FollowerInfo (FollowerInfoImpl.java:lambda$new$0(47)) - omNode-3@group-523986131536->omNode-1: nextIndex: updateUnconditionally 38 -> 19
2022-03-14 12:25:31,955 [grpc-default-executor-11] INFO  server.RaftServer$Division (RaftServerImpl.java:checkInconsistentAppendEntries(1322)) - omNode-1@group-523986131536: Failed appendEntries as previous log entry ((t:10, i:37)) is not found
2022-03-14 12:25:31,955 [grpc-default-executor-11] INFO  server.RaftServer$Division (RaftServerImpl.java:checkInconsistentAppendEntries(1288)) - omNode-1@group-523986131536: inconsistency entries. Reply:omNode-3<-omNode-1#8180:FAIL-t10,INCONSISTENCY,nextIndex=19,followerCommit=18
2022-03-14 12:25:31,956 [grpc-default-executor-11] INFO  leader.FollowerInfo (FollowerInfoImpl.java:lambda$new$0(47)) - omNode-3@group-523986131536->omNode-1: nextIndex: updateUnconditionally 38 -> 19
2022-03-14 12:25:32,458 [grpc-default-executor-10] INFO  server.RaftServer$Division (RaftServerImpl.java:checkInconsistentAppendEntries(1322)) - omNode-1@group-523986131536: Failed appendEntries as previous log entry ((t:10, i:37)) is not found
2022-03-14 12:25:32,458 [grpc-default-executor-10] INFO  server.RaftServer$Division (RaftServerImpl.java:checkInconsistentAppendEntries(1288)) - omNode-1@group-523986131536: inconsistency entries. Reply:omNode-3<-omNode-1#8231:FAIL-t10,INCONSISTENCY,nextIndex=19,followerCommit=18
2022-03-14 12:25:32,458 [grpc-default-executor-10] INFO  leader.FollowerInfo (FollowerInfoImpl.java:lambda$new$0(47)) - omNode-3@group-523986131536->omNode-1: nextIndex: updateUnconditionally 38 -> 19
2022-03-14 12:25:32,960 [grpc-default-executor-10] INFO  server.RaftServer$Division (RaftServerImpl.java:checkInconsistentAppendEntries(1322)) - omNode-1@group-523986131536: Failed appendEntries as previous log entry ((t:10, i:37)) is not found
2022-03-14 12:25:32,960 [grpc-default-executor-10] INFO  server.RaftServer$Division (RaftServerImpl.java:checkInconsistentAppendEntries(1288)) - omNode-1@group-523986131536: inconsistency entries. Reply:omNode-3<-omNode-1#8282:FAIL-t10,INCONSISTENCY,nextIndex=19,followerCommit=18
2022-03-14 12:25:32,960 [grpc-default-executor-10] INFO  leader.FollowerInfo (FollowerInfoImpl.java:lambda$new$0(47)) - omNode-3@group-523986131536->omNode-1: nextIndex: updateUnconditionally 38 -> 19
2022-03-14 12:25:33,462 [grpc-default-executor-10] INFO  server.RaftServer$Division (RaftServerImpl.java:checkInconsistentAppendEntries(1322)) - omNode-1@group-523986131536: Failed appendEntries as previous log entry ((t:10, i:37)) is not found
2022-03-14 12:25:33,462 [grpc-default-executor-10] INFO  server.RaftServer$Division (RaftServerImpl.java:checkInconsistentAppendEntries(1288)) - omNode-1@group-523986131536: inconsistency entries. Reply:omNode-3<-omNode-1#8333:FAIL-t10,INCONSISTENCY,nextIndex=19,followerCommit=18
2022-03-14 12:25:33,462 [grpc-default-executor-10] INFO  leader.FollowerInfo (FollowerInfoImpl.java:lambda$new$0(47)) - omNode-3@group-523986131536->omNode-1: nextIndex: updateUnconditionally 38 -> 19
2022-03-14 12:25:33,964 [grpc-default-executor-10] INFO  server.RaftServer$Division (RaftServerImpl.java:checkInconsistentAppendEntries(1322)) - omNode-1@group-523986131536: Failed appendEntries as previous log entry ((t:10, i:37)) is not found
2022-03-14 12:25:33,964 [grpc-default-executor-10] INFO  server.RaftServer$Division (RaftServerImpl.java:checkInconsistentAppendEntries(1288)) - omNode-1@group-523986131536: inconsistency entries. Reply:omNode-3<-omNode-1#8384:FAIL-t10,INCONSISTENCY,nextIndex=19,followerCommit=18
2022-03-14 12:25:33,964 [grpc-default-executor-10] INFO  leader.FollowerInfo (FollowerInfoImpl.java:lambda$new$0(47)) - omNode-3@group-523986131536->omNode-1: nextIndex: updateUnconditionally 38 -> 19
2022-03-14 12:25:34,467 [grpc-default-executor-10] INFO  server.RaftServer$Division (RaftServerImpl.java:checkInconsistentAppendEntries(1322)) - omNode-1@group-523986131536: Failed appendEntries as previous log entry ((t:10, i:37)) is not found
2022-03-14 12:25:34,467 [grpc-default-executor-10] INFO  server.RaftServer$Division (RaftServerImpl.java:checkInconsistentAppendEntries(1288)) - omNode-1@group-523986131536: inconsistency entries. Reply:omNode-3<-omNode-1#8435:FAIL-t10,INCONSISTENCY,nextIndex=19,followerCommit=18
2022-03-14 12:25:34,467 [grpc-default-executor-10] INFO  leader.FollowerInfo (FollowerInfoImpl.java:lambda$new$0(47)) - omNode-3@group-523986131536->omNode-1: nextIndex: updateUnconditionally 38 -> 19
2022-03-14 12:25:34,969 [grpc-default-executor-11] INFO  server.RaftServer$Division (RaftServerImpl.java:checkInconsistentAppendEntries(1322)) - omNode-1@group-523986131536: Failed appendEntries as previous log entry ((t:10, i:37)) is not found
2022-03-14 12:25:34,969 [grpc-default-executor-11] INFO  server.RaftServer$Division (RaftServerImpl.java:checkInconsistentAppendEntries(1288)) - omNode-1@group-523986131536: inconsistency entries. Reply:omNode-3<-omNode-1#8486:FAIL-t10,INCONSISTENCY,nextIndex=19,followerCommit=18
2022-03-14 12:25:34,969 [grpc-default-executor-11] INFO  leader.FollowerInfo (FollowerInfoImpl.java:lambda$new$0(47)) - omNode-3@group-523986131536->omNode-1: nextIndex: updateUnconditionally 38 -> 19
2022-03-14 12:25:35,470 [grpc-default-executor-10] INFO  server.RaftServer$Division (RaftServerImpl.java:checkInconsistentAppendEntries(1322)) - omNode-1@group-523986131536: Failed appendEntries as previous log entry ((t:10, i:37)) is not found
2022-03-14 12:25:35,471 [grpc-default-executor-10] INFO  server.RaftServer$Division (RaftServerImpl.java:checkInconsistentAppendEntries(1288)) - omNode-1@group-523986131536: inconsistency entries. Reply:omNode-3<-omNode-1#8537:FAIL-t10,INCONSISTENCY,nextIndex=19,followerCommit=18
2022-03-14 12:25:35,471 [grpc-default-executor-10] INFO  leader.FollowerInfo (FollowerInfoImpl.java:lambda$new$0(47)) - omNode-3@group-523986131536->omNode-1: nextIndex: updateUnconditionally 38 -> 19
2022-03-14 12:25:35,973 [grpc-default-executor-10] INFO  server.RaftServer$Division (RaftServerImpl.java:checkInconsistentAppendEntries(1322)) - omNode-1@group-523986131536: Failed appendEntries as previous log entry ((t:10, i:37)) is not found
2022-03-14 12:25:35,973 [grpc-default-executor-10] INFO  server.RaftServer$Division (RaftServerImpl.java:checkInconsistentAppendEntries(1288)) - omNode-1@group-523986131536: inconsistency entries. Reply:omNode-3<-omNode-1#8588:FAIL-t10,INCONSISTENCY,nextIndex=19,followerCommit=18
2022-03-14 12:25:35,973 [grpc-default-executor-10] INFO  leader.FollowerInfo (FollowerInfoImpl.java:lambda$new$0(47)) - omNode-3@group-523986131536->omNode-1: nextIndex: updateUnconditionally 38 -> 19
2022-03-14 12:25:36,474 [grpc-default-executor-10] INFO  server.RaftServer$Division (RaftServerImpl.java:checkInconsistentAppendEntries(1322)) - omNode-1@group-523986131536: Failed appendEntries as previous log entry ((t:10, i:37)) is not found
2022-03-14 12:25:36,475 [grpc-default-executor-10] INFO  server.RaftServer$Division (RaftServerImpl.java:checkInconsistentAppendEntries(1288)) - omNode-1@group-523986131536: inconsistency entries. Reply:omNode-3<-omNode-1#8639:FAIL-t10,INCONSISTENCY,nextIndex=19,followerCommit=18
2022-03-14 12:25:36,475 [grpc-default-executor-10] INFO  leader.FollowerInfo (FollowerInfoImpl.java:lambda$new$0(47)) - omNode-3@group-523986131536->omNode-1: nextIndex: updateUnconditionally 38 -> 19
2022-03-14 12:25:36,977 [grpc-default-executor-10] INFO  server.RaftServer$Division (RaftServerImpl.java:checkInconsistentAppendEntries(1322)) - omNode-1@group-523986131536: Failed appendEntries as previous log entry ((t:10, i:37)) is not found
2022-03-14 12:25:36,977 [grpc-default-executor-10] INFO  server.RaftServer$Division (RaftServerImpl.java:checkInconsistentAppendEntries(1288)) - omNode-1@group-523986131536: inconsistency entries. Reply:omNode-3<-omNode-1#8690:FAIL-t10,INCONSISTENCY,nextIndex=19,followerCommit=18
2022-03-14 12:25:36,977 [grpc-default-executor-10] INFO  leader.FollowerInfo (FollowerInfoImpl.java:lambda$new$0(47)) - omNode-3@group-523986131536->omNode-1: nextIndex: updateUnconditionally 38 -> 19
2022-03-14 12:25:37,478 [grpc-default-executor-10] INFO  server.RaftServer$Division (RaftServerImpl.java:checkInconsistentAppendEntries(1322)) - omNode-1@group-523986131536: Failed appendEntries as previous log entry ((t:10, i:37)) is not found
2022-03-14 12:25:37,479 [grpc-default-executor-10] INFO  server.RaftServer$Division (RaftServerImpl.java:checkInconsistentAppendEntries(1288)) - omNode-1@group-523986131536: inconsistency entries. Reply:omNode-3<-omNode-1#8741:FAIL-t10,INCONSISTENCY,nextIndex=19,followerCommit=18
2022-03-14 12:25:37,479 [grpc-default-executor-10] INFO  leader.FollowerInfo (FollowerInfoImpl.java:lambda$new$0(47)) - omNode-3@group-523986131536->omNode-1: nextIndex: updateUnconditionally 38 -> 19
2022-03-14 12:25:37,980 [grpc-default-executor-11] INFO  server.RaftServer$Division (RaftServerImpl.java:checkInconsistentAppendEntries(1322)) - omNode-1@group-523986131536: Failed appendEntries as previous log entry ((t:10, i:37)) is not found
2022-03-14 12:25:37,980 [grpc-default-executor-11] INFO  server.RaftServer$Division (RaftServerImpl.java:checkInconsistentAppendEntries(1288)) - omNode-1@group-523986131536: inconsistency entries. Reply:omNode-3<-omNode-1#8792:FAIL-t10,INCONSISTENCY,nextIndex=19,followerCommit=18
2022-03-14 12:25:37,980 [grpc-default-executor-11] INFO  leader.FollowerInfo (FollowerInfoImpl.java:lambda$new$0(47)) - omNode-3@group-523986131536->omNode-1: nextIndex: updateUnconditionally 38 -> 19
2022-03-14 12:25:38,482 [grpc-default-executor-11] INFO  server.RaftServer$Division (RaftServerImpl.java:checkInconsistentAppendEntries(1322)) - omNode-1@group-523986131536: Failed appendEntries as previous log entry ((t:10, i:37)) is not found
2022-03-14 12:25:38,482 [grpc-default-executor-11] INFO  server.RaftServer$Division (RaftServerImpl.java:checkInconsistentAppendEntries(1288)) - omNode-1@group-523986131536: inconsistency entries. Reply:omNode-3<-omNode-1#8843:FAIL-t10,INCONSISTENCY,nextIndex=19,followerCommit=18
2022-03-14 12:25:38,482 [grpc-default-executor-11] INFO  leader.FollowerInfo (FollowerInfoImpl.java:lambda$new$0(47)) - omNode-3@group-523986131536->omNode-1: nextIndex: updateUnconditionally 38 -> 19
2022-03-14 12:25:38,983 [grpc-default-executor-11] INFO  server.RaftServer$Division (RaftServerImpl.java:checkInconsistentAppendEntries(1322)) - omNode-1@group-523986131536: Failed appendEntries as previous log entry ((t:10, i:37)) is not found
2022-03-14 12:25:38,984 [grpc-default-executor-11] INFO  server.RaftServer$Division (RaftServerImpl.java:checkInconsistentAppendEntries(1288)) - omNode-1@group-523986131536: inconsistency entries. Reply:omNode-3<-omNode-1#8894:FAIL-t10,INCONSISTENCY,nextIndex=19,followerCommit=18
2022-03-14 12:25:38,984 [grpc-default-executor-11] INFO  leader.FollowerInfo (FollowerInfoImpl.java:lambda$new$0(47)) - omNode-3@group-523986131536->omNode-1: nextIndex: updateUnconditionally 38 -> 19
2022-03-14 12:25:39,486 [grpc-default-executor-11] INFO  server.RaftServer$Division (RaftServerImpl.java:checkInconsistentAppendEntries(1322)) - omNode-1@group-523986131536: Failed appendEntries as previous log entry ((t:10, i:37)) is not found
2022-03-14 12:25:39,486 [grpc-default-executor-11] INFO  server.RaftServer$Division (RaftServerImpl.java:checkInconsistentAppendEntries(1288)) - omNode-1@group-523986131536: inconsistency entries. Reply:omNode-3<-omNode-1#8945:FAIL-t10,INCONSISTENCY,nextIndex=19,followerCommit=18
2022-03-14 12:25:39,487 [grpc-default-executor-11] INFO  leader.FollowerInfo (FollowerInfoImpl.java:lambda$new$0(47)) - omNode-3@group-523986131536->omNode-1: nextIndex: updateUnconditionally 38 -> 19
2022-03-14 12:25:39,989 [grpc-default-executor-10] INFO  server.RaftServer$Division (RaftServerImpl.java:checkInconsistentAppendEntries(1322)) - omNode-1@group-523986131536: Failed appendEntries as previous log entry ((t:10, i:37)) is not found
2022-03-14 12:25:39,989 [grpc-default-executor-10] INFO  server.RaftServer$Division (RaftServerImpl.java:checkInconsistentAppendEntries(1288)) - omNode-1@group-523986131536: inconsistency entries. Reply:omNode-3<-omNode-1#8996:FAIL-t10,INCONSISTENCY,nextIndex=19,followerCommit=18
2022-03-14 12:25:39,989 [grpc-default-executor-10] INFO  leader.FollowerInfo (FollowerInfoImpl.java:lambda$new$0(47)) - omNode-3@group-523986131536->omNode-1: nextIndex: updateUnconditionally 38 -> 19
2022-03-14 12:25:40,491 [grpc-default-executor-10] INFO  server.RaftServer$Division (RaftServerImpl.java:checkInconsistentAppendEntries(1322)) - omNode-1@group-523986131536: Failed appendEntries as previous log entry ((t:10, i:37)) is not found
2022-03-14 12:25:40,491 [grpc-default-executor-10] INFO  server.RaftServer$Division (RaftServerImpl.java:checkInconsistentAppendEntries(1288)) - omNode-1@group-523986131536: inconsistency entries. Reply:omNode-3<-omNode-1#9047:FAIL-t10,INCONSISTENCY,nextIndex=19,followerCommit=18
2022-03-14 12:25:40,491 [grpc-default-executor-10] INFO  leader.FollowerInfo (FollowerInfoImpl.java:lambda$new$0(47)) - omNode-3@group-523986131536->omNode-1: nextIndex: updateUnconditionally 38 -> 19
2022-03-14 12:25:40,992 [grpc-default-executor-10] INFO  server.RaftServer$Division (RaftServerImpl.java:checkInconsistentAppendEntries(1322)) - omNode-1@group-523986131536: Failed appendEntries as previous log entry ((t:10, i:37)) is not found
2022-03-14 12:25:40,992 [grpc-default-executor-10] INFO  server.RaftServer$Division (RaftServerImpl.java:checkInconsistentAppendEntries(1288)) - omNode-1@group-523986131536: inconsistency entries. Reply:omNode-3<-omNode-1#9098:FAIL-t10,INCONSISTENCY,nextIndex=19,followerCommit=18
2022-03-14 12:25:40,993 [grpc-default-executor-10] INFO  leader.FollowerInfo (FollowerInfoImpl.java:lambda$new$0(47)) - omNode-3@group-523986131536->omNode-1: nextIndex: updateUnconditionally 38 -> 19
2022-03-14 12:25:41,495 [grpc-default-executor-10] INFO  server.RaftServer$Division (RaftServerImpl.java:checkInconsistentAppendEntries(1322)) - omNode-1@group-523986131536: Failed appendEntries as previous log entry ((t:10, i:37)) is not found
2022-03-14 12:25:41,495 [grpc-default-executor-10] INFO  server.RaftServer$Division (RaftServerImpl.java:checkInconsistentAppendEntries(1288)) - omNode-1@group-523986131536: inconsistency entries. Reply:omNode-3<-omNode-1#9149:FAIL-t10,INCONSISTENCY,nextIndex=19,followerCommit=18
2022-03-14 12:25:41,495 [grpc-default-executor-10] INFO  leader.FollowerInfo (FollowerInfoImpl.java:lambda$new$0(47)) - omNode-3@group-523986131536->omNode-1: nextIndex: updateUnconditionally 38 -> 19
2022-03-14 12:25:41,996 [grpc-default-executor-10] INFO  server.RaftServer$Division (RaftServerImpl.java:checkInconsistentAppendEntries(1322)) - omNode-1@group-523986131536: Failed appendEntries as previous log entry ((t:10, i:37)) is not found
2022-03-14 12:25:41,996 [grpc-default-executor-10] INFO  server.RaftServer$Division (RaftServerImpl.java:checkInconsistentAppendEntries(1288)) - omNode-1@group-523986131536: inconsistency entries. Reply:omNode-3<-omNode-1#9200:FAIL-t10,INCONSISTENCY,nextIndex=19,followerCommit=18
2022-03-14 12:25:41,997 [grpc-default-executor-10] INFO  leader.FollowerInfo (FollowerInfoImpl.java:lambda$new$0(47)) - omNode-3@group-523986131536->omNode-1: nextIndex: updateUnconditionally 38 -> 19
2022-03-14 12:25:42,499 [grpc-default-executor-10] INFO  server.RaftServer$Division (RaftServerImpl.java:checkInconsistentAppendEntries(1322)) - omNode-1@group-523986131536: Failed appendEntries as previous log entry ((t:10, i:37)) is not found
2022-03-14 12:25:42,499 [grpc-default-executor-10] INFO  server.RaftServer$Division (RaftServerImpl.java:checkInconsistentAppendEntries(1288)) - omNode-1@group-523986131536: inconsistency entries. Reply:omNode-3<-omNode-1#9251:FAIL-t10,INCONSISTENCY,nextIndex=19,followerCommit=18
2022-03-14 12:25:42,499 [grpc-default-executor-10] INFO  leader.FollowerInfo (FollowerInfoImpl.java:lambda$new$0(47)) - omNode-3@group-523986131536->omNode-1: nextIndex: updateUnconditionally 38 -> 19
2022-03-14 12:25:43,000 [grpc-default-executor-10] INFO  server.RaftServer$Division (RaftServerImpl.java:checkInconsistentAppendEntries(1322)) - omNode-1@group-523986131536: Failed appendEntries as previous log entry ((t:10, i:37)) is not found
2022-03-14 12:25:43,001 [grpc-default-executor-10] INFO  server.RaftServer$Division (RaftServerImpl.java:checkInconsistentAppendEntries(1288)) - omNode-1@group-523986131536: inconsistency entries. Reply:omNode-3<-omNode-1#9302:FAIL-t10,INCONSISTENCY,nextIndex=19,followerCommit=18
2022-03-14 12:25:43,001 [grpc-default-executor-10] INFO  leader.FollowerInfo (FollowerInfoImpl.java:lambda$new$0(47)) - omNode-3@group-523986131536->omNode-1: nextIndex: updateUnconditionally 38 -> 19
2022-03-14 12:25:43,502 [grpc-default-executor-10] INFO  server.RaftServer$Division (RaftServerImpl.java:checkInconsistentAppendEntries(1322)) - omNode-1@group-523986131536: Failed appendEntries as previous log entry ((t:10, i:37)) is not found
2022-03-14 12:25:43,502 [grpc-default-executor-10] INFO  server.RaftServer$Division (RaftServerImpl.java:checkInconsistentAppendEntries(1288)) - omNode-1@group-523986131536: inconsistency entries. Reply:omNode-3<-omNode-1#9353:FAIL-t10,INCONSISTENCY,nextIndex=19,followerCommit=18
2022-03-14 12:25:43,502 [grpc-default-executor-10] INFO  leader.FollowerInfo (FollowerInfoImpl.java:lambda$new$0(47)) - omNode-3@group-523986131536->omNode-1: nextIndex: updateUnconditionally 38 -> 19
2022-03-14 12:25:44,003 [grpc-default-executor-10] INFO  server.RaftServer$Division (RaftServerImpl.java:checkInconsistentAppendEntries(1322)) - omNode-1@group-523986131536: Failed appendEntries as previous log entry ((t:10, i:37)) is not found
2022-03-14 12:25:44,004 [grpc-default-executor-10] INFO  server.RaftServer$Division (RaftServerImpl.java:checkInconsistentAppendEntries(1288)) - omNode-1@group-523986131536: inconsistency entries. Reply:omNode-3<-omNode-1#9404:FAIL-t10,INCONSISTENCY,nextIndex=19,followerCommit=18
2022-03-14 12:25:44,004 [grpc-default-executor-10] INFO  leader.FollowerInfo (FollowerInfoImpl.java:lambda$new$0(47)) - omNode-3@group-523986131536->omNode-1: nextIndex: updateUnconditionally 38 -> 19
2022-03-14 12:25:44,505 [grpc-default-executor-10] INFO  server.RaftServer$Division (RaftServerImpl.java:checkInconsistentAppendEntries(1322)) - omNode-1@group-523986131536: Failed appendEntries as previous log entry ((t:10, i:37)) is not found
2022-03-14 12:25:44,506 [grpc-default-executor-10] INFO  server.RaftServer$Division (RaftServerImpl.java:checkInconsistentAppendEntries(1288)) - omNode-1@group-523986131536: inconsistency entries. Reply:omNode-3<-omNode-1#9455:FAIL-t10,INCONSISTENCY,nextIndex=19,followerCommit=18
2022-03-14 12:25:44,506 [grpc-default-executor-10] INFO  leader.FollowerInfo (FollowerInfoImpl.java:lambda$new$0(47)) - omNode-3@group-523986131536->omNode-1: nextIndex: updateUnconditionally 38 -> 19
2022-03-14 12:25:45,007 [grpc-default-executor-10] INFO  server.RaftServer$Division (RaftServerImpl.java:checkInconsistentAppendEntries(1322)) - omNode-1@group-523986131536: Failed appendEntries as previous log entry ((t:10, i:37)) is not found
2022-03-14 12:25:45,008 [grpc-default-executor-10] INFO  server.RaftServer$Division (RaftServerImpl.java:checkInconsistentAppendEntries(1288)) - omNode-1@group-523986131536: inconsistency entries. Reply:omNode-3<-omNode-1#9506:FAIL-t10,INCONSISTENCY,nextIndex=19,followerCommit=18
2022-03-14 12:25:45,008 [grpc-default-executor-10] INFO  leader.FollowerInfo (FollowerInfoImpl.java:lambda$new$0(47)) - omNode-3@group-523986131536->omNode-1: nextIndex: updateUnconditionally 38 -> 19
2022-03-14 12:25:45,510 [grpc-default-executor-11] INFO  server.RaftServer$Division (RaftServerImpl.java:checkInconsistentAppendEntries(1322)) - omNode-1@group-523986131536: Failed appendEntries as previous log entry ((t:10, i:37)) is not found
2022-03-14 12:25:45,510 [grpc-default-executor-11] INFO  server.RaftServer$Division (RaftServerImpl.java:checkInconsistentAppendEntries(1288)) - omNode-1@group-523986131536: inconsistency entries. Reply:omNode-3<-omNode-1#9557:FAIL-t10,INCONSISTENCY,nextIndex=19,followerCommit=18
2022-03-14 12:25:45,510 [grpc-default-executor-11] INFO  leader.FollowerInfo (FollowerInfoImpl.java:lambda$new$0(47)) - omNode-3@group-523986131536->omNode-1: nextIndex: updateUnconditionally 38 -> 19
2022-03-14 12:25:46,012 [grpc-default-executor-11] INFO  server.RaftServer$Division (RaftServerImpl.java:checkInconsistentAppendEntries(1322)) - omNode-1@group-523986131536: Failed appendEntries as previous log entry ((t:10, i:37)) is not found
2022-03-14 12:25:46,012 [grpc-default-executor-11] INFO  server.RaftServer$Division (RaftServerImpl.java:checkInconsistentAppendEntries(1288)) - omNode-1@group-523986131536: inconsistency entries. Reply:omNode-3<-omNode-1#9608:FAIL-t10,INCONSISTENCY,nextIndex=19,followerCommit=18
2022-03-14 12:25:46,012 [grpc-default-executor-11] INFO  leader.FollowerInfo (FollowerInfoImpl.java:lambda$new$0(47)) - omNode-3@group-523986131536->omNode-1: nextIndex: updateUnconditionally 38 -> 19
2022-03-14 12:25:46,514 [grpc-default-executor-11] INFO  server.RaftServer$Division (RaftServerImpl.java:checkInconsistentAppendEntries(1322)) - omNode-1@group-523986131536: Failed appendEntries as previous log entry ((t:10, i:37)) is not found
2022-03-14 12:25:46,514 [grpc-default-executor-11] INFO  server.RaftServer$Division (RaftServerImpl.java:checkInconsistentAppendEntries(1288)) - omNode-1@group-523986131536: inconsistency entries. Reply:omNode-3<-omNode-1#9659:FAIL-t10,INCONSISTENCY,nextIndex=19,followerCommit=18
2022-03-14 12:25:46,514 [grpc-default-executor-11] INFO  leader.FollowerInfo (FollowerInfoImpl.java:lambda$new$0(47)) - omNode-3@group-523986131536->omNode-1: nextIndex: updateUnconditionally 38 -> 19
2022-03-14 12:25:47,016 [grpc-default-executor-11] INFO  server.RaftServer$Division (RaftServerImpl.java:checkInconsistentAppendEntries(1322)) - omNode-1@group-523986131536: Failed appendEntries as previous log entry ((t:10, i:37)) is not found
2022-03-14 12:25:47,016 [grpc-default-executor-11] INFO  server.RaftServer$Division (RaftServerImpl.java:checkInconsistentAppendEntries(1288)) - omNode-1@group-523986131536: inconsistency entries. Reply:omNode-3<-omNode-1#9710:FAIL-t10,INCONSISTENCY,nextIndex=19,followerCommit=18
2022-03-14 12:25:47,017 [grpc-default-executor-11] INFO  leader.FollowerInfo (FollowerInfoImpl.java:lambda$new$0(47)) - omNode-3@group-523986131536->omNode-1: nextIndex: updateUnconditionally 38 -> 19
2022-03-14 12:25:47,518 [grpc-default-executor-10] INFO  server.RaftServer$Division (RaftServerImpl.java:checkInconsistentAppendEntries(1322)) - omNode-1@group-523986131536: Failed appendEntries as previous log entry ((t:10, i:37)) is not found
2022-03-14 12:25:47,518 [grpc-default-executor-10] INFO  server.RaftServer$Division (RaftServerImpl.java:checkInconsistentAppendEntries(1288)) - omNode-1@group-523986131536: inconsistency entries. Reply:omNode-3<-omNode-1#9761:FAIL-t10,INCONSISTENCY,nextIndex=19,followerCommit=18
2022-03-14 12:25:47,519 [grpc-default-executor-10] INFO  leader.FollowerInfo (FollowerInfoImpl.java:lambda$new$0(47)) - omNode-3@group-523986131536->omNode-1: nextIndex: updateUnconditionally 38 -> 19
2022-03-14 12:25:48,020 [grpc-default-executor-10] INFO  server.RaftServer$Division (RaftServerImpl.java:checkInconsistentAppendEntries(1322)) - omNode-1@group-523986131536: Failed appendEntries as previous log entry ((t:10, i:37)) is not found
2022-03-14 12:25:48,020 [grpc-default-executor-10] INFO  server.RaftServer$Division (RaftServerImpl.java:checkInconsistentAppendEntries(1288)) - omNode-1@group-523986131536: inconsistency entries. Reply:omNode-3<-omNode-1#9812:FAIL-t10,INCONSISTENCY,nextIndex=19,followerCommit=18
2022-03-14 12:25:48,020 [grpc-default-executor-10] INFO  leader.FollowerInfo (FollowerInfoImpl.java:lambda$new$0(47)) - omNode-3@group-523986131536->omNode-1: nextIndex: updateUnconditionally 38 -> 19
2022-03-14 12:25:48,522 [grpc-default-executor-10] INFO  server.RaftServer$Division (RaftServerImpl.java:checkInconsistentAppendEntries(1322)) - omNode-1@group-523986131536: Failed appendEntries as previous log entry ((t:10, i:37)) is not found
2022-03-14 12:25:48,522 [grpc-default-executor-10] INFO  server.RaftServer$Division (RaftServerImpl.java:checkInconsistentAppendEntries(1288)) - omNode-1@group-523986131536: inconsistency entries. Reply:omNode-3<-omNode-1#9863:FAIL-t10,INCONSISTENCY,nextIndex=19,followerCommit=18
2022-03-14 12:25:48,522 [grpc-default-executor-10] INFO  leader.FollowerInfo (FollowerInfoImpl.java:lambda$new$0(47)) - omNode-3@group-523986131536->omNode-1: nextIndex: updateUnconditionally 38 -> 19
2022-03-14 12:25:49,024 [grpc-default-executor-10] INFO  server.RaftServer$Division (RaftServerImpl.java:checkInconsistentAppendEntries(1322)) - omNode-1@group-523986131536: Failed appendEntries as previous log entry ((t:10, i:37)) is not found
2022-03-14 12:25:49,024 [grpc-default-executor-10] INFO  server.RaftServer$Division (RaftServerImpl.java:checkInconsistentAppendEntries(1288)) - omNode-1@group-523986131536: inconsistency entries. Reply:omNode-3<-omNode-1#9914:FAIL-t10,INCONSISTENCY,nextIndex=19,followerCommit=18
2022-03-14 12:25:49,024 [grpc-default-executor-10] INFO  leader.FollowerInfo (FollowerInfoImpl.java:lambda$new$0(47)) - omNode-3@group-523986131536->omNode-1: nextIndex: updateUnconditionally 38 -> 19
2022-03-14 12:25:49,526 [grpc-default-executor-10] INFO  server.RaftServer$Division (RaftServerImpl.java:checkInconsistentAppendEntries(1322)) - omNode-1@group-523986131536: Failed appendEntries as previous log entry ((t:10, i:37)) is not found
2022-03-14 12:25:49,526 [grpc-default-executor-10] INFO  server.RaftServer$Division (RaftServerImpl.java:checkInconsistentAppendEntries(1288)) - omNode-1@group-523986131536: inconsistency entries. Reply:omNode-3<-omNode-1#9965:FAIL-t10,INCONSISTENCY,nextIndex=19,followerCommit=18
2022-03-14 12:25:49,526 [grpc-default-executor-10] INFO  leader.FollowerInfo (FollowerInfoImpl.java:lambda$new$0(47)) - omNode-3@group-523986131536->omNode-1: nextIndex: updateUnconditionally 38 -> 19
2022-03-14 12:25:50,028 [grpc-default-executor-10] INFO  server.RaftServer$Division (RaftServerImpl.java:checkInconsistentAppendEntries(1322)) - omNode-1@group-523986131536: Failed appendEntries as previous log entry ((t:10, i:37)) is not found
2022-03-14 12:25:50,028 [grpc-default-executor-10] INFO  server.RaftServer$Division (RaftServerImpl.java:checkInconsistentAppendEntries(1288)) - omNode-1@group-523986131536: inconsistency entries. Reply:omNode-3<-omNode-1#10016:FAIL-t10,INCONSISTENCY,nextIndex=19,followerCommit=18
2022-03-14 12:25:50,028 [grpc-default-executor-10] INFO  leader.FollowerInfo (FollowerInfoImpl.java:lambda$new$0(47)) - omNode-3@group-523986131536->omNode-1: nextIndex: updateUnconditionally 38 -> 19
2022-03-14 12:25:50,529 [grpc-default-executor-10] INFO  server.RaftServer$Division (RaftServerImpl.java:checkInconsistentAppendEntries(1322)) - omNode-1@group-523986131536: Failed appendEntries as previous log entry ((t:10, i:37)) is not found
2022-03-14 12:25:50,529 [grpc-default-executor-10] INFO  server.RaftServer$Division (RaftServerImpl.java:checkInconsistentAppendEntries(1288)) - omNode-1@group-523986131536: inconsistency entries. Reply:omNode-3<-omNode-1#10067:FAIL-t10,INCONSISTENCY,nextIndex=19,followerCommit=18
2022-03-14 12:25:50,530 [grpc-default-executor-10] INFO  leader.FollowerInfo (FollowerInfoImpl.java:lambda$new$0(47)) - omNode-3@group-523986131536->omNode-1: nextIndex: updateUnconditionally 38 -> 19
2022-03-14 12:25:51,031 [grpc-default-executor-10] INFO  server.RaftServer$Division (RaftServerImpl.java:checkInconsistentAppendEntries(1322)) - omNode-1@group-523986131536: Failed appendEntries as previous log entry ((t:10, i:37)) is not found
2022-03-14 12:25:51,031 [grpc-default-executor-10] INFO  server.RaftServer$Division (RaftServerImpl.java:checkInconsistentAppendEntries(1288)) - omNode-1@group-523986131536: inconsistency entries. Reply:omNode-3<-omNode-1#10118:FAIL-t10,INCONSISTENCY,nextIndex=19,followerCommit=18
2022-03-14 12:25:51,032 [grpc-default-executor-10] INFO  leader.FollowerInfo (FollowerInfoImpl.java:lambda$new$0(47)) - omNode-3@group-523986131536->omNode-1: nextIndex: updateUnconditionally 38 -> 19
2022-03-14 12:25:51,533 [grpc-default-executor-10] INFO  server.RaftServer$Division (RaftServerImpl.java:checkInconsistentAppendEntries(1322)) - omNode-1@group-523986131536: Failed appendEntries as previous log entry ((t:10, i:37)) is not found
2022-03-14 12:25:51,533 [grpc-default-executor-10] INFO  server.RaftServer$Division (RaftServerImpl.java:checkInconsistentAppendEntries(1288)) - omNode-1@group-523986131536: inconsistency entries. Reply:omNode-3<-omNode-1#10169:FAIL-t10,INCONSISTENCY,nextIndex=19,followerCommit=18
2022-03-14 12:25:51,534 [grpc-default-executor-10] INFO  leader.FollowerInfo (FollowerInfoImpl.java:lambda$new$0(47)) - omNode-3@group-523986131536->omNode-1: nextIndex: updateUnconditionally 38 -> 19
2022-03-14 12:25:52,036 [grpc-default-executor-10] INFO  server.RaftServer$Division (RaftServerImpl.java:checkInconsistentAppendEntries(1322)) - omNode-1@group-523986131536: Failed appendEntries as previous log entry ((t:10, i:37)) is not found
2022-03-14 12:25:52,036 [grpc-default-executor-10] INFO  server.RaftServer$Division (RaftServerImpl.java:checkInconsistentAppendEntries(1288)) - omNode-1@group-523986131536: inconsistency entries. Reply:omNode-3<-omNode-1#10220:FAIL-t10,INCONSISTENCY,nextIndex=19,followerCommit=18
2022-03-14 12:25:52,036 [grpc-default-executor-10] INFO  leader.FollowerInfo (FollowerInfoImpl.java:lambda$new$0(47)) - omNode-3@group-523986131536->omNode-1: nextIndex: updateUnconditionally 38 -> 19
2022-03-14 12:25:52,538 [grpc-default-executor-10] INFO  server.RaftServer$Division (RaftServerImpl.java:checkInconsistentAppendEntries(1322)) - omNode-1@group-523986131536: Failed appendEntries as previous log entry ((t:10, i:37)) is not found
2022-03-14 12:25:52,538 [grpc-default-executor-10] INFO  server.RaftServer$Division (RaftServerImpl.java:checkInconsistentAppendEntries(1288)) - omNode-1@group-523986131536: inconsistency entries. Reply:omNode-3<-omNode-1#10271:FAIL-t10,INCONSISTENCY,nextIndex=19,followerCommit=18
2022-03-14 12:25:52,538 [grpc-default-executor-10] INFO  leader.FollowerInfo (FollowerInfoImpl.java:lambda$new$0(47)) - omNode-3@group-523986131536->omNode-1: nextIndex: updateUnconditionally 38 -> 19
2022-03-14 12:25:53,040 [grpc-default-executor-10] INFO  server.RaftServer$Division (RaftServerImpl.java:checkInconsistentAppendEntries(1322)) - omNode-1@group-523986131536: Failed appendEntries as previous log entry ((t:10, i:37)) is not found
2022-03-14 12:25:53,040 [grpc-default-executor-10] INFO  server.RaftServer$Division (RaftServerImpl.java:checkInconsistentAppendEntries(1288)) - omNode-1@group-523986131536: inconsistency entries. Reply:omNode-3<-omNode-1#10322:FAIL-t10,INCONSISTENCY,nextIndex=19,followerCommit=18
2022-03-14 12:25:53,040 [grpc-default-executor-10] INFO  leader.FollowerInfo (FollowerInfoImpl.java:lambda$new$0(47)) - omNode-3@group-523986131536->omNode-1: nextIndex: updateUnconditionally 38 -> 19
2022-03-14 12:25:53,541 [grpc-default-executor-10] INFO  server.RaftServer$Division (RaftServerImpl.java:checkInconsistentAppendEntries(1322)) - omNode-1@group-523986131536: Failed appendEntries as previous log entry ((t:10, i:37)) is not found
2022-03-14 12:25:53,542 [grpc-default-executor-10] INFO  server.RaftServer$Division (RaftServerImpl.java:checkInconsistentAppendEntries(1288)) - omNode-1@group-523986131536: inconsistency entries. Reply:omNode-3<-omNode-1#10373:FAIL-t10,INCONSISTENCY,nextIndex=19,followerCommit=18
2022-03-14 12:25:53,542 [grpc-default-executor-10] INFO  leader.FollowerInfo (FollowerInfoImpl.java:lambda$new$0(47)) - omNode-3@group-523986131536->omNode-1: nextIndex: updateUnconditionally 38 -> 19
2022-03-14 12:25:54,044 [grpc-default-executor-10] INFO  server.RaftServer$Division (RaftServerImpl.java:checkInconsistentAppendEntries(1322)) - omNode-1@group-523986131536: Failed appendEntries as previous log entry ((t:10, i:37)) is not found
2022-03-14 12:25:54,044 [grpc-default-executor-10] INFO  server.RaftServer$Division (RaftServerImpl.java:checkInconsistentAppendEntries(1288)) - omNode-1@group-523986131536: inconsistency entries. Reply:omNode-3<-omNode-1#10424:FAIL-t10,INCONSISTENCY,nextIndex=19,followerCommit=18
2022-03-14 12:25:54,044 [grpc-default-executor-10] INFO  leader.FollowerInfo (FollowerInfoImpl.java:lambda$new$0(47)) - omNode-3@group-523986131536->omNode-1: nextIndex: updateUnconditionally 38 -> 19
2022-03-14 12:25:54,546 [grpc-default-executor-10] INFO  server.RaftServer$Division (RaftServerImpl.java:checkInconsistentAppendEntries(1322)) - omNode-1@group-523986131536: Failed appendEntries as previous log entry ((t:10, i:37)) is not found
2022-03-14 12:25:54,546 [grpc-default-executor-10] INFO  server.RaftServer$Division (RaftServerImpl.java:checkInconsistentAppendEntries(1288)) - omNode-1@group-523986131536: inconsistency entries. Reply:omNode-3<-omNode-1#10475:FAIL-t10,INCONSISTENCY,nextIndex=19,followerCommit=18
2022-03-14 12:25:54,547 [grpc-default-executor-10] INFO  leader.FollowerInfo (FollowerInfoImpl.java:lambda$new$0(47)) - omNode-3@group-523986131536->omNode-1: nextIndex: updateUnconditionally 38 -> 19
2022-03-14 12:25:55,048 [grpc-default-executor-10] INFO  server.RaftServer$Division (RaftServerImpl.java:checkInconsistentAppendEntries(1322)) - omNode-1@group-523986131536: Failed appendEntries as previous log entry ((t:10, i:37)) is not found
2022-03-14 12:25:55,048 [grpc-default-executor-10] INFO  server.RaftServer$Division (RaftServerImpl.java:checkInconsistentAppendEntries(1288)) - omNode-1@group-523986131536: inconsistency entries. Reply:omNode-3<-omNode-1#10526:FAIL-t10,INCONSISTENCY,nextIndex=19,followerCommit=18
2022-03-14 12:25:55,048 [grpc-default-executor-10] INFO  leader.FollowerInfo (FollowerInfoImpl.java:lambda$new$0(47)) - omNode-3@group-523986131536->omNode-1: nextIndex: updateUnconditionally 38 -> 19
2022-03-14 12:25:55,550 [grpc-default-executor-11] INFO  server.RaftServer$Division (RaftServerImpl.java:checkInconsistentAppendEntries(1322)) - omNode-1@group-523986131536: Failed appendEntries as previous log entry ((t:10, i:37)) is not found
2022-03-14 12:25:55,550 [grpc-default-executor-11] INFO  server.RaftServer$Division (RaftServerImpl.java:checkInconsistentAppendEntries(1288)) - omNode-1@group-523986131536: inconsistency entries. Reply:omNode-3<-omNode-1#10577:FAIL-t10,INCONSISTENCY,nextIndex=19,followerCommit=18
2022-03-14 12:25:55,550 [grpc-default-executor-11] INFO  leader.FollowerInfo (FollowerInfoImpl.java:lambda$new$0(47)) - omNode-3@group-523986131536->omNode-1: nextIndex: updateUnconditionally 38 -> 19
2022-03-14 12:25:56,052 [grpc-default-executor-11] INFO  server.RaftServer$Division (RaftServerImpl.java:checkInconsistentAppendEntries(1322)) - omNode-1@group-523986131536: Failed appendEntries as previous log entry ((t:10, i:37)) is not found
2022-03-14 12:25:56,052 [grpc-default-executor-11] INFO  server.RaftServer$Division (RaftServerImpl.java:checkInconsistentAppendEntries(1288)) - omNode-1@group-523986131536: inconsistency entries. Reply:omNode-3<-omNode-1#10628:FAIL-t10,INCONSISTENCY,nextIndex=19,followerCommit=18
2022-03-14 12:25:56,052 [grpc-default-executor-11] INFO  leader.FollowerInfo (FollowerInfoImpl.java:lambda$new$0(47)) - omNode-3@group-523986131536->omNode-1: nextIndex: updateUnconditionally 38 -> 19
2022-03-14 12:25:56,554 [grpc-default-executor-11] INFO  server.RaftServer$Division (RaftServerImpl.java:checkInconsistentAppendEntries(1322)) - omNode-1@group-523986131536: Failed appendEntries as previous log entry ((t:10, i:37)) is not found
2022-03-14 12:25:56,554 [grpc-default-executor-11] INFO  server.RaftServer$Division (RaftServerImpl.java:checkInconsistentAppendEntries(1288)) - omNode-1@group-523986131536: inconsistency entries. Reply:omNode-3<-omNode-1#10679:FAIL-t10,INCONSISTENCY,nextIndex=19,followerCommit=18
2022-03-14 12:25:56,554 [grpc-default-executor-11] INFO  leader.FollowerInfo (FollowerInfoImpl.java:lambda$new$0(47)) - omNode-3@group-523986131536->omNode-1: nextIndex: updateUnconditionally 38 -> 19
2022-03-14 12:25:57,056 [grpc-default-executor-11] INFO  server.RaftServer$Division (RaftServerImpl.java:checkInconsistentAppendEntries(1322)) - omNode-1@group-523986131536: Failed appendEntries as previous log entry ((t:10, i:37)) is not found
2022-03-14 12:25:57,056 [grpc-default-executor-11] INFO  server.RaftServer$Division (RaftServerImpl.java:checkInconsistentAppendEntries(1288)) - omNode-1@group-523986131536: inconsistency entries. Reply:omNode-3<-omNode-1#10730:FAIL-t10,INCONSISTENCY,nextIndex=19,followerCommit=18
2022-03-14 12:25:57,056 [grpc-default-executor-11] INFO  leader.FollowerInfo (FollowerInfoImpl.java:lambda$new$0(47)) - omNode-3@group-523986131536->omNode-1: nextIndex: updateUnconditionally 38 -> 19
2022-03-14 12:25:57,558 [grpc-default-executor-10] INFO  server.RaftServer$Division (RaftServerImpl.java:checkInconsistentAppendEntries(1322)) - omNode-1@group-523986131536: Failed appendEntries as previous log entry ((t:10, i:37)) is not found
2022-03-14 12:25:57,558 [grpc-default-executor-10] INFO  server.RaftServer$Division (RaftServerImpl.java:checkInconsistentAppendEntries(1288)) - omNode-1@group-523986131536: inconsistency entries. Reply:omNode-3<-omNode-1#10781:FAIL-t10,INCONSISTENCY,nextIndex=19,followerCommit=18
2022-03-14 12:25:57,558 [grpc-default-executor-10] INFO  leader.FollowerInfo (FollowerInfoImpl.java:lambda$new$0(47)) - omNode-3@group-523986131536->omNode-1: nextIndex: updateUnconditionally 38 -> 19
2022-03-14 12:25:58,059 [grpc-default-executor-11] INFO  server.RaftServer$Division (RaftServerImpl.java:checkInconsistentAppendEntries(1322)) - omNode-1@group-523986131536: Failed appendEntries as previous log entry ((t:10, i:37)) is not found
2022-03-14 12:25:58,059 [grpc-default-executor-11] INFO  server.RaftServer$Division (RaftServerImpl.java:checkInconsistentAppendEntries(1288)) - omNode-1@group-523986131536: inconsistency entries. Reply:omNode-3<-omNode-1#10832:FAIL-t10,INCONSISTENCY,nextIndex=19,followerCommit=18
2022-03-14 12:25:58,059 [grpc-default-executor-11] INFO  leader.FollowerInfo (FollowerInfoImpl.java:lambda$new$0(47)) - omNode-3@group-523986131536->omNode-1: nextIndex: updateUnconditionally 38 -> 19
2022-03-14 12:25:58,561 [grpc-default-executor-11] INFO  server.RaftServer$Division (RaftServerImpl.java:checkInconsistentAppendEntries(1322)) - omNode-1@group-523986131536: Failed appendEntries as previous log entry ((t:10, i:37)) is not found
2022-03-14 12:25:58,561 [grpc-default-executor-11] INFO  server.RaftServer$Division (RaftServerImpl.java:checkInconsistentAppendEntries(1288)) - omNode-1@group-523986131536: inconsistency entries. Reply:omNode-3<-omNode-1#10883:FAIL-t10,INCONSISTENCY,nextIndex=19,followerCommit=18
2022-03-14 12:25:58,562 [grpc-default-executor-11] INFO  leader.FollowerInfo (FollowerInfoImpl.java:lambda$new$0(47)) - omNode-3@group-523986131536->omNode-1: nextIndex: updateUnconditionally 38 -> 19
2022-03-14 12:25:59,063 [grpc-default-executor-11] INFO  server.RaftServer$Division (RaftServerImpl.java:checkInconsistentAppendEntries(1322)) - omNode-1@group-523986131536: Failed appendEntries as previous log entry ((t:10, i:37)) is not found
2022-03-14 12:25:59,063 [grpc-default-executor-11] INFO  server.RaftServer$Division (RaftServerImpl.java:checkInconsistentAppendEntries(1288)) - omNode-1@group-523986131536: inconsistency entries. Reply:omNode-3<-omNode-1#10934:FAIL-t10,INCONSISTENCY,nextIndex=19,followerCommit=18
2022-03-14 12:25:59,063 [grpc-default-executor-11] INFO  leader.FollowerInfo (FollowerInfoImpl.java:lambda$new$0(47)) - omNode-3@group-523986131536->omNode-1: nextIndex: updateUnconditionally 38 -> 19
2022-03-14 12:25:59,565 [grpc-default-executor-11] INFO  server.RaftServer$Division (RaftServerImpl.java:checkInconsistentAppendEntries(1322)) - omNode-1@group-523986131536: Failed appendEntries as previous log entry ((t:10, i:37)) is not found
2022-03-14 12:25:59,565 [grpc-default-executor-11] INFO  server.RaftServer$Division (RaftServerImpl.java:checkInconsistentAppendEntries(1288)) - omNode-1@group-523986131536: inconsistency entries. Reply:omNode-3<-omNode-1#10985:FAIL-t10,INCONSISTENCY,nextIndex=19,followerCommit=18
2022-03-14 12:25:59,565 [grpc-default-executor-11] INFO  leader.FollowerInfo (FollowerInfoImpl.java:lambda$new$0(47)) - omNode-3@group-523986131536->omNode-1: nextIndex: updateUnconditionally 38 -> 19
2022-03-14 12:26:00,067 [grpc-default-executor-11] INFO  server.RaftServer$Division (RaftServerImpl.java:checkInconsistentAppendEntries(1322)) - omNode-1@group-523986131536: Failed appendEntries as previous log entry ((t:10, i:37)) is not found
2022-03-14 12:26:00,067 [grpc-default-executor-11] INFO  server.RaftServer$Division (RaftServerImpl.java:checkInconsistentAppendEntries(1288)) - omNode-1@group-523986131536: inconsistency entries. Reply:omNode-3<-omNode-1#11036:FAIL-t10,INCONSISTENCY,nextIndex=19,followerCommit=18
2022-03-14 12:26:00,067 [grpc-default-executor-11] INFO  leader.FollowerInfo (FollowerInfoImpl.java:lambda$new$0(47)) - omNode-3@group-523986131536->omNode-1: nextIndex: updateUnconditionally 38 -> 19
2022-03-14 12:26:00,569 [grpc-default-executor-11] INFO  server.RaftServer$Division (RaftServerImpl.java:checkInconsistentAppendEntries(1322)) - omNode-1@group-523986131536: Failed appendEntries as previous log entry ((t:10, i:37)) is not found
2022-03-14 12:26:00,569 [grpc-default-executor-11] INFO  server.RaftServer$Division (RaftServerImpl.java:checkInconsistentAppendEntries(1288)) - omNode-1@group-523986131536: inconsistency entries. Reply:omNode-3<-omNode-1#11087:FAIL-t10,INCONSISTENCY,nextIndex=19,followerCommit=18
2022-03-14 12:26:00,570 [grpc-default-executor-11] INFO  leader.FollowerInfo (FollowerInfoImpl.java:lambda$new$0(47)) - omNode-3@group-523986131536->omNode-1: nextIndex: updateUnconditionally 38 -> 19
2022-03-14 12:26:01,071 [grpc-default-executor-11] INFO  server.RaftServer$Division (RaftServerImpl.java:checkInconsistentAppendEntries(1322)) - omNode-1@group-523986131536: Failed appendEntries as previous log entry ((t:10, i:37)) is not found
2022-03-14 12:26:01,072 [grpc-default-executor-11] INFO  server.RaftServer$Division (RaftServerImpl.java:checkInconsistentAppendEntries(1288)) - omNode-1@group-523986131536: inconsistency entries. Reply:omNode-3<-omNode-1#11138:FAIL-t10,INCONSISTENCY,nextIndex=19,followerCommit=18
2022-03-14 12:26:01,072 [grpc-default-executor-11] INFO  leader.FollowerInfo (FollowerInfoImpl.java:lambda$new$0(47)) - omNode-3@group-523986131536->omNode-1: nextIndex: updateUnconditionally 38 -> 19
2022-03-14 12:26:01,573 [grpc-default-executor-11] INFO  server.RaftServer$Division (RaftServerImpl.java:checkInconsistentAppendEntries(1322)) - omNode-1@group-523986131536: Failed appendEntries as previous log entry ((t:10, i:37)) is not found
2022-03-14 12:26:01,574 [grpc-default-executor-11] INFO  server.RaftServer$Division (RaftServerImpl.java:checkInconsistentAppendEntries(1288)) - omNode-1@group-523986131536: inconsistency entries. Reply:omNode-3<-omNode-1#11189:FAIL-t10,INCONSISTENCY,nextIndex=19,followerCommit=18
2022-03-14 12:26:01,574 [grpc-default-executor-11] INFO  leader.FollowerInfo (FollowerInfoImpl.java:lambda$new$0(47)) - omNode-3@group-523986131536->omNode-1: nextIndex: updateUnconditionally 38 -> 19
2022-03-14 12:26:02,075 [grpc-default-executor-11] INFO  server.RaftServer$Division (RaftServerImpl.java:checkInconsistentAppendEntries(1322)) - omNode-1@group-523986131536: Failed appendEntries as previous log entry ((t:10, i:37)) is not found
2022-03-14 12:26:02,075 [grpc-default-executor-11] INFO  server.RaftServer$Division (RaftServerImpl.java:checkInconsistentAppendEntries(1288)) - omNode-1@group-523986131536: inconsistency entries. Reply:omNode-3<-omNode-1#11240:FAIL-t10,INCONSISTENCY,nextIndex=19,followerCommit=18
2022-03-14 12:26:02,076 [grpc-default-executor-11] INFO  leader.FollowerInfo (FollowerInfoImpl.java:lambda$new$0(47)) - omNode-3@group-523986131536->omNode-1: nextIndex: updateUnconditionally 38 -> 19
2022-03-14 12:26:02,577 [grpc-default-executor-11] INFO  server.RaftServer$Division (RaftServerImpl.java:checkInconsistentAppendEntries(1322)) - omNode-1@group-523986131536: Failed appendEntries as previous log entry ((t:10, i:37)) is not found
2022-03-14 12:26:02,578 [grpc-default-executor-11] INFO  server.RaftServer$Division (RaftServerImpl.java:checkInconsistentAppendEntries(1288)) - omNode-1@group-523986131536: inconsistency entries. Reply:omNode-3<-omNode-1#11291:FAIL-t10,INCONSISTENCY,nextIndex=19,followerCommit=18
2022-03-14 12:26:02,578 [grpc-default-executor-11] INFO  leader.FollowerInfo (FollowerInfoImpl.java:lambda$new$0(47)) - omNode-3@group-523986131536->omNode-1: nextIndex: updateUnconditionally 38 -> 19
2022-03-14 12:26:03,080 [grpc-default-executor-10] INFO  server.RaftServer$Division (RaftServerImpl.java:checkInconsistentAppendEntries(1322)) - omNode-1@group-523986131536: Failed appendEntries as previous log entry ((t:10, i:37)) is not found
2022-03-14 12:26:03,080 [grpc-default-executor-10] INFO  server.RaftServer$Division (RaftServerImpl.java:checkInconsistentAppendEntries(1288)) - omNode-1@group-523986131536: inconsistency entries. Reply:omNode-3<-omNode-1#11342:FAIL-t10,INCONSISTENCY,nextIndex=19,followerCommit=18
2022-03-14 12:26:03,080 [grpc-default-executor-10] INFO  leader.FollowerInfo (FollowerInfoImpl.java:lambda$new$0(47)) - omNode-3@group-523986131536->omNode-1: nextIndex: updateUnconditionally 38 -> 19
2022-03-14 12:26:03,581 [grpc-default-executor-10] INFO  server.RaftServer$Division (RaftServerImpl.java:checkInconsistentAppendEntries(1322)) - omNode-1@group-523986131536: Failed appendEntries as previous log entry ((t:10, i:37)) is not found
2022-03-14 12:26:03,581 [grpc-default-executor-10] INFO  server.RaftServer$Division (RaftServerImpl.java:checkInconsistentAppendEntries(1288)) - omNode-1@group-523986131536: inconsistency entries. Reply:omNode-3<-omNode-1#11393:FAIL-t10,INCONSISTENCY,nextIndex=19,followerCommit=18
2022-03-14 12:26:03,582 [grpc-default-executor-10] INFO  leader.FollowerInfo (FollowerInfoImpl.java:lambda$new$0(47)) - omNode-3@group-523986131536->omNode-1: nextIndex: updateUnconditionally 38 -> 19
2022-03-14 12:26:04,083 [grpc-default-executor-10] INFO  server.RaftServer$Division (RaftServerImpl.java:checkInconsistentAppendEntries(1322)) - omNode-1@group-523986131536: Failed appendEntries as previous log entry ((t:10, i:37)) is not found
2022-03-14 12:26:04,083 [grpc-default-executor-10] INFO  server.RaftServer$Division (RaftServerImpl.java:checkInconsistentAppendEntries(1288)) - omNode-1@group-523986131536: inconsistency entries. Reply:omNode-3<-omNode-1#11444:FAIL-t10,INCONSISTENCY,nextIndex=19,followerCommit=18
2022-03-14 12:26:04,083 [grpc-default-executor-10] INFO  leader.FollowerInfo (FollowerInfoImpl.java:lambda$new$0(47)) - omNode-3@group-523986131536->omNode-1: nextIndex: updateUnconditionally 38 -> 19
2022-03-14 12:26:04,584 [grpc-default-executor-10] INFO  server.RaftServer$Division (RaftServerImpl.java:checkInconsistentAppendEntries(1322)) - omNode-1@group-523986131536: Failed appendEntries as previous log entry ((t:10, i:37)) is not found
2022-03-14 12:26:04,585 [grpc-default-executor-10] INFO  server.RaftServer$Division (RaftServerImpl.java:checkInconsistentAppendEntries(1288)) - omNode-1@group-523986131536: inconsistency entries. Reply:omNode-3<-omNode-1#11495:FAIL-t10,INCONSISTENCY,nextIndex=19,followerCommit=18
2022-03-14 12:26:04,585 [grpc-default-executor-10] INFO  leader.FollowerInfo (FollowerInfoImpl.java:lambda$new$0(47)) - omNode-3@group-523986131536->omNode-1: nextIndex: updateUnconditionally 38 -> 19
2022-03-14 12:26:05,087 [grpc-default-executor-11] INFO  server.RaftServer$Division (RaftServerImpl.java:checkInconsistentAppendEntries(1322)) - omNode-1@group-523986131536: Failed appendEntries as previous log entry ((t:10, i:37)) is not found
2022-03-14 12:26:05,087 [grpc-default-executor-11] INFO  server.RaftServer$Division (RaftServerImpl.java:checkInconsistentAppendEntries(1288)) - omNode-1@group-523986131536: inconsistency entries. Reply:omNode-3<-omNode-1#11546:FAIL-t10,INCONSISTENCY,nextIndex=19,followerCommit=18
2022-03-14 12:26:05,087 [grpc-default-executor-11] INFO  leader.FollowerInfo (FollowerInfoImpl.java:lambda$new$0(47)) - omNode-3@group-523986131536->omNode-1: nextIndex: updateUnconditionally 38 -> 19
2022-03-14 12:26:05,589 [grpc-default-executor-10] INFO  server.RaftServer$Division (RaftServerImpl.java:checkInconsistentAppendEntries(1322)) - omNode-1@group-523986131536: Failed appendEntries as previous log entry ((t:10, i:37)) is not found
2022-03-14 12:26:05,589 [grpc-default-executor-10] INFO  server.RaftServer$Division (RaftServerImpl.java:checkInconsistentAppendEntries(1288)) - omNode-1@group-523986131536: inconsistency entries. Reply:omNode-3<-omNode-1#11597:FAIL-t10,INCONSISTENCY,nextIndex=19,followerCommit=18
2022-03-14 12:26:05,589 [grpc-default-executor-10] INFO  leader.FollowerInfo (FollowerInfoImpl.java:lambda$new$0(47)) - omNode-3@group-523986131536->omNode-1: nextIndex: updateUnconditionally 38 -> 19
2022-03-14 12:26:06,091 [grpc-default-executor-10] INFO  server.RaftServer$Division (RaftServerImpl.java:checkInconsistentAppendEntries(1322)) - omNode-1@group-523986131536: Failed appendEntries as previous log entry ((t:10, i:37)) is not found
2022-03-14 12:26:06,091 [grpc-default-executor-10] INFO  server.RaftServer$Division (RaftServerImpl.java:checkInconsistentAppendEntries(1288)) - omNode-1@group-523986131536: inconsistency entries. Reply:omNode-3<-omNode-1#11648:FAIL-t10,INCONSISTENCY,nextIndex=19,followerCommit=18
2022-03-14 12:26:06,091 [grpc-default-executor-10] INFO  leader.FollowerInfo (FollowerInfoImpl.java:lambda$new$0(47)) - omNode-3@group-523986131536->omNode-1: nextIndex: updateUnconditionally 38 -> 19
2022-03-14 12:26:06,593 [grpc-default-executor-10] INFO  server.RaftServer$Division (RaftServerImpl.java:checkInconsistentAppendEntries(1322)) - omNode-1@group-523986131536: Failed appendEntries as previous log entry ((t:10, i:37)) is not found
2022-03-14 12:26:06,593 [grpc-default-executor-10] INFO  server.RaftServer$Division (RaftServerImpl.java:checkInconsistentAppendEntries(1288)) - omNode-1@group-523986131536: inconsistency entries. Reply:omNode-3<-omNode-1#11699:FAIL-t10,INCONSISTENCY,nextIndex=19,followerCommit=18
2022-03-14 12:26:06,593 [grpc-default-executor-10] INFO  leader.FollowerInfo (FollowerInfoImpl.java:lambda$new$0(47)) - omNode-3@group-523986131536->omNode-1: nextIndex: updateUnconditionally 38 -> 19
2022-03-14 12:26:07,095 [grpc-default-executor-10] INFO  server.RaftServer$Division (RaftServerImpl.java:checkInconsistentAppendEntries(1322)) - omNode-1@group-523986131536: Failed appendEntries as previous log entry ((t:10, i:37)) is not found
2022-03-14 12:26:07,095 [grpc-default-executor-10] INFO  server.RaftServer$Division (RaftServerImpl.java:checkInconsistentAppendEntries(1288)) - omNode-1@group-523986131536: inconsistency entries. Reply:omNode-3<-omNode-1#11750:FAIL-t10,INCONSISTENCY,nextIndex=19,followerCommit=18
2022-03-14 12:26:07,095 [grpc-default-executor-10] INFO  leader.FollowerInfo (FollowerInfoImpl.java:lambda$new$0(47)) - omNode-3@group-523986131536->omNode-1: nextIndex: updateUnconditionally 38 -> 19
2022-03-14 12:26:07,597 [grpc-default-executor-10] INFO  server.RaftServer$Division (RaftServerImpl.java:checkInconsistentAppendEntries(1322)) - omNode-1@group-523986131536: Failed appendEntries as previous log entry ((t:10, i:37)) is not found
2022-03-14 12:26:07,597 [grpc-default-executor-10] INFO  server.RaftServer$Division (RaftServerImpl.java:checkInconsistentAppendEntries(1288)) - omNode-1@group-523986131536: inconsistency entries. Reply:omNode-3<-omNode-1#11801:FAIL-t10,INCONSISTENCY,nextIndex=19,followerCommit=18
2022-03-14 12:26:07,597 [grpc-default-executor-10] INFO  leader.FollowerInfo (FollowerInfoImpl.java:lambda$new$0(47)) - omNode-3@group-523986131536->omNode-1: nextIndex: updateUnconditionally 38 -> 19
2022-03-14 12:26:08,099 [grpc-default-executor-10] INFO  server.RaftServer$Division (RaftServerImpl.java:checkInconsistentAppendEntries(1322)) - omNode-1@group-523986131536: Failed appendEntries as previous log entry ((t:10, i:37)) is not found
2022-03-14 12:26:08,099 [grpc-default-executor-10] INFO  server.RaftServer$Division (RaftServerImpl.java:checkInconsistentAppendEntries(1288)) - omNode-1@group-523986131536: inconsistency entries. Reply:omNode-3<-omNode-1#11852:FAIL-t10,INCONSISTENCY,nextIndex=19,followerCommit=18
2022-03-14 12:26:08,099 [grpc-default-executor-10] INFO  leader.FollowerInfo (FollowerInfoImpl.java:lambda$new$0(47)) - omNode-3@group-523986131536->omNode-1: nextIndex: updateUnconditionally 38 -> 19
2022-03-14 12:26:08,601 [grpc-default-executor-10] INFO  server.RaftServer$Division (RaftServerImpl.java:checkInconsistentAppendEntries(1322)) - omNode-1@group-523986131536: Failed appendEntries as previous log entry ((t:10, i:37)) is not found
2022-03-14 12:26:08,601 [grpc-default-executor-10] INFO  server.RaftServer$Division (RaftServerImpl.java:checkInconsistentAppendEntries(1288)) - omNode-1@group-523986131536: inconsistency entries. Reply:omNode-3<-omNode-1#11903:FAIL-t10,INCONSISTENCY,nextIndex=19,followerCommit=18
2022-03-14 12:26:08,601 [grpc-default-executor-10] INFO  leader.FollowerInfo (FollowerInfoImpl.java:lambda$new$0(47)) - omNode-3@group-523986131536->omNode-1: nextIndex: updateUnconditionally 38 -> 19
2022-03-14 12:26:09,102 [grpc-default-executor-10] INFO  server.RaftServer$Division (RaftServerImpl.java:checkInconsistentAppendEntries(1322)) - omNode-1@group-523986131536: Failed appendEntries as previous log entry ((t:10, i:37)) is not found
2022-03-14 12:26:09,102 [grpc-default-executor-10] INFO  server.RaftServer$Division (RaftServerImpl.java:checkInconsistentAppendEntries(1288)) - omNode-1@group-523986131536: inconsistency entries. Reply:omNode-3<-omNode-1#11954:FAIL-t10,INCONSISTENCY,nextIndex=19,followerCommit=18
2022-03-14 12:26:09,103 [grpc-default-executor-10] INFO  leader.FollowerInfo (FollowerInfoImpl.java:lambda$new$0(47)) - omNode-3@group-523986131536->omNode-1: nextIndex: updateUnconditionally 38 -> 19
2022-03-14 12:26:09,604 [grpc-default-executor-10] INFO  server.RaftServer$Division (RaftServerImpl.java:checkInconsistentAppendEntries(1322)) - omNode-1@group-523986131536: Failed appendEntries as previous log entry ((t:10, i:37)) is not found
2022-03-14 12:26:09,605 [grpc-default-executor-10] INFO  server.RaftServer$Division (RaftServerImpl.java:checkInconsistentAppendEntries(1288)) - omNode-1@group-523986131536: inconsistency entries. Reply:omNode-3<-omNode-1#12005:FAIL-t10,INCONSISTENCY,nextIndex=19,followerCommit=18
2022-03-14 12:26:09,605 [grpc-default-executor-10] INFO  leader.FollowerInfo (FollowerInfoImpl.java:lambda$new$0(47)) - omNode-3@group-523986131536->omNode-1: nextIndex: updateUnconditionally 38 -> 19
2022-03-14 12:26:10,106 [grpc-default-executor-11] INFO  server.RaftServer$Division (RaftServerImpl.java:checkInconsistentAppendEntries(1322)) - omNode-1@group-523986131536: Failed appendEntries as previous log entry ((t:10, i:37)) is not found
2022-03-14 12:26:10,107 [grpc-default-executor-11] INFO  server.RaftServer$Division (RaftServerImpl.java:checkInconsistentAppendEntries(1288)) - omNode-1@group-523986131536: inconsistency entries. Reply:omNode-3<-omNode-1#12056:FAIL-t10,INCONSISTENCY,nextIndex=19,followerCommit=18
2022-03-14 12:26:10,107 [grpc-default-executor-11] INFO  leader.FollowerInfo (FollowerInfoImpl.java:lambda$new$0(47)) - omNode-3@group-523986131536->omNode-1: nextIndex: updateUnconditionally 38 -> 19
2022-03-14 12:26:10,608 [grpc-default-executor-11] INFO  server.RaftServer$Division (RaftServerImpl.java:checkInconsistentAppendEntries(1322)) - omNode-1@group-523986131536: Failed appendEntries as previous log entry ((t:10, i:37)) is not found
2022-03-14 12:26:10,609 [grpc-default-executor-11] INFO  server.RaftServer$Division (RaftServerImpl.java:checkInconsistentAppendEntries(1288)) - omNode-1@group-523986131536: inconsistency entries. Reply:omNode-3<-omNode-1#12107:FAIL-t10,INCONSISTENCY,nextIndex=19,followerCommit=18
2022-03-14 12:26:10,609 [grpc-default-executor-11] INFO  leader.FollowerInfo (FollowerInfoImpl.java:lambda$new$0(47)) - omNode-3@group-523986131536->omNode-1: nextIndex: updateUnconditionally 38 -> 19
2022-03-14 12:26:11,110 [grpc-default-executor-11] INFO  server.RaftServer$Division (RaftServerImpl.java:checkInconsistentAppendEntries(1322)) - omNode-1@group-523986131536: Failed appendEntries as previous log entry ((t:10, i:37)) is not found
2022-03-14 12:26:11,110 [grpc-default-executor-11] INFO  server.RaftServer$Division (RaftServerImpl.java:checkInconsistentAppendEntries(1288)) - omNode-1@group-523986131536: inconsistency entries. Reply:omNode-3<-omNode-1#12158:FAIL-t10,INCONSISTENCY,nextIndex=19,followerCommit=18
2022-03-14 12:26:11,111 [grpc-default-executor-11] INFO  leader.FollowerInfo (FollowerInfoImpl.java:lambda$new$0(47)) - omNode-3@group-523986131536->omNode-1: nextIndex: updateUnconditionally 38 -> 19
2022-03-14 12:26:11,612 [grpc-default-executor-11] INFO  server.RaftServer$Division (RaftServerImpl.java:checkInconsistentAppendEntries(1322)) - omNode-1@group-523986131536: Failed appendEntries as previous log entry ((t:10, i:37)) is not found
2022-03-14 12:26:11,612 [grpc-default-executor-11] INFO  server.RaftServer$Division (RaftServerImpl.java:checkInconsistentAppendEntries(1288)) - omNode-1@group-523986131536: inconsistency entries. Reply:omNode-3<-omNode-1#12209:FAIL-t10,INCONSISTENCY,nextIndex=19,followerCommit=18
2022-03-14 12:26:11,612 [grpc-default-executor-11] INFO  leader.FollowerInfo (FollowerInfoImpl.java:lambda$new$0(47)) - omNode-3@group-523986131536->omNode-1: nextIndex: updateUnconditionally 38 -> 19
2022-03-14 12:26:12,113 [grpc-default-executor-11] INFO  server.RaftServer$Division (RaftServerImpl.java:checkInconsistentAppendEntries(1322)) - omNode-1@group-523986131536: Failed appendEntries as previous log entry ((t:10, i:37)) is not found
2022-03-14 12:26:12,114 [grpc-default-executor-11] INFO  server.RaftServer$Division (RaftServerImpl.java:checkInconsistentAppendEntries(1288)) - omNode-1@group-523986131536: inconsistency entries. Reply:omNode-3<-omNode-1#12260:FAIL-t10,INCONSISTENCY,nextIndex=19,followerCommit=18
2022-03-14 12:26:12,114 [grpc-default-executor-11] INFO  leader.FollowerInfo (FollowerInfoImpl.java:lambda$new$0(47)) - omNode-3@group-523986131536->omNode-1: nextIndex: updateUnconditionally 38 -> 19
2022-03-14 12:26:12,616 [grpc-default-executor-10] INFO  server.RaftServer$Division (RaftServerImpl.java:checkInconsistentAppendEntries(1322)) - omNode-1@group-523986131536: Failed appendEntries as previous log entry ((t:10, i:37)) is not found
2022-03-14 12:26:12,616 [grpc-default-executor-10] INFO  server.RaftServer$Division (RaftServerImpl.java:checkInconsistentAppendEntries(1288)) - omNode-1@group-523986131536: inconsistency entries. Reply:omNode-3<-omNode-1#12311:FAIL-t10,INCONSISTENCY,nextIndex=19,followerCommit=18
2022-03-14 12:26:12,616 [grpc-default-executor-10] INFO  leader.FollowerInfo (FollowerInfoImpl.java:lambda$new$0(47)) - omNode-3@group-523986131536->omNode-1: nextIndex: updateUnconditionally 38 -> 19
2022-03-14 12:26:12,648 [Time-limited test] INFO  om.OzoneManager (OzoneManager.java:stop(1893)) - omNode-3[localhost:38867]: Stopping Ozone Manager
2022-03-14 12:26:12,649 [Time-limited test] INFO  ipc.Server (Server.java:stop(3414)) - Stopping server on 38867
2022-03-14 12:26:12,654 [IPC Server Responder] INFO  ipc.Server (Server.java:run(1512)) - Stopping IPC Server Responder
2022-03-14 12:26:12,654 [IPC Server listener on 38867] INFO  ipc.Server (Server.java:run(1376)) - Stopping IPC Server listener on 38867
2022-03-14 12:26:12,655 [Time-limited test] INFO  server.RaftServer (RaftServerProxy.java:lambda$close$6(391)) - omNode-3: close
2022-03-14 12:26:12,655 [Time-limited test] INFO  server.RaftServer$Division (RaftServerImpl.java:lambda$close$4(412)) - omNode-3@group-523986131536: shutdown
2022-03-14 12:26:12,655 [Time-limited test] INFO  util.JmxRegister (JmxRegister.java:unregister(73)) - Successfully un-registered JMX Bean with object name Ratis:service=RaftServer,group=group-523986131536,id=omNode-3
2022-03-14 12:26:12,655 [Time-limited test] INFO  impl.RoleInfo (RoleInfo.java:shutdownLeaderState(91)) - omNode-3: shutdown omNode-3@group-523986131536-LeaderStateImpl
2022-03-14 12:26:12,655 [omNode-3@group-523986131536->omNode-1-GrpcLogAppender-LogAppenderDaemon] WARN  server.GrpcLogAppender (GrpcLogAppender.java:mayWait(177)) - omNode-3@group-523986131536->omNode-1-GrpcLogAppender: Wait interrupted by java.lang.InterruptedException
2022-03-14 12:26:12,655 [Time-limited test] INFO  impl.PendingRequests (PendingRequests.java:sendNotLeaderResponses(282)) - omNode-3@group-523986131536-PendingRequests: sendNotLeaderResponses
2022-03-14 12:26:12,656 [omNode-3@group-523986131536->omNode-2-GrpcLogAppender-LogAppenderDaemon] WARN  server.GrpcLogAppender (GrpcLogAppender.java:mayWait(177)) - omNode-3@group-523986131536->omNode-2-GrpcLogAppender: Wait interrupted by java.lang.InterruptedException
2022-03-14 12:26:12,657 [grpc-default-executor-11] INFO  server.GrpcServerProtocolService (GrpcServerProtocolService.java:onCompleted(140)) - omNode-2: Completed APPEND_ENTRIES, lastRequest: omNode-3->omNode-2#58-t10,previous=(t:10, i:36),leaderCommit=36,initializing? true,entries: size=1, first=(t:10, i:37), METADATAENTRY(c:36)
2022-03-14 12:26:12,662 [grpc-default-executor-10] INFO  server.GrpcServerProtocolService (GrpcServerProtocolService.java:onCompleted(140)) - omNode-1: Completed APPEND_ENTRIES, lastRequest: omNode-3->omNode-1#12312-t10,previous=(t:0, i:0),leaderCommit=19,initializing? false,entries: size=19, first=(t:3, i:19), CONFIGURATIONENTRY
2022-03-14 12:26:12,662 [grpc-default-executor-12] INFO  server.GrpcLogAppender (GrpcLogAppender.java:onCompleted(346)) - omNode-3@group-523986131536->omNode-2-AppendLogResponseHandler: follower responses appendEntries COMPLETED
2022-03-14 12:26:12,662 [grpc-default-executor-12] INFO  leader.FollowerInfo (FollowerInfoImpl.java:lambda$new$0(47)) - omNode-3@group-523986131536->omNode-2: nextIndex: updateUnconditionally 38 -> 37
2022-03-14 12:26:12,665 [Time-limited test] INFO  impl.StateMachineUpdater (StateMachineUpdater.java:stopAndJoin(149)) - omNode-3@group-523986131536-StateMachineUpdater: set stopIndex = 37
2022-03-14 12:26:12,666 [omNode-3@group-523986131536-StateMachineUpdater] INFO  ratis.OzoneManagerStateMachine (OzoneManagerStateMachine.java:takeSnapshot(417)) - Current Snapshot Index (t:10, i:37)
2022-03-14 12:26:12,666 [omNode-3@group-523986131536-StateMachineUpdater] INFO  impl.StateMachineUpdater (StateMachineUpdater.java:takeSnapshot(281)) - omNode-3@group-523986131536-StateMachineUpdater: Took a snapshot at index 37
2022-03-14 12:26:12,666 [omNode-3@group-523986131536-StateMachineUpdater] INFO  impl.StateMachineUpdater (StateMachineUpdater.java:lambda$new$0(89)) - omNode-3@group-523986131536-StateMachineUpdater: snapshotIndex: updateIncreasingly 33 -> 37
2022-03-14 12:26:12,666 [omNode-3@group-523986131536-StateMachineUpdater] INFO  ratis.OzoneManagerStateMachine (OzoneManagerStateMachine.java:close(471)) - StateMachine has shutdown. Shutdown OzoneManager if not already shutdown.
2022-03-14 12:26:12,666 [Time-limited test] INFO  server.RaftServer$Division (ServerState.java:close(419)) - omNode-3@group-523986131536: closes. applyIndex: 37
2022-03-14 12:26:12,666 [grpc-default-executor-10] INFO  server.GrpcLogAppender (GrpcLogAppender.java:onCompleted(346)) - omNode-3@group-523986131536->omNode-1-AppendLogResponseHandler: follower responses appendEntries COMPLETED
2022-03-14 12:26:12,666 [grpc-default-executor-10] INFO  leader.FollowerInfo (FollowerInfoImpl.java:lambda$new$0(47)) - omNode-3@group-523986131536->omNode-1: nextIndex: updateUnconditionally 38 -> 19
2022-03-14 12:26:12,672 [omNode-3@group-523986131536-SegmentedRaftLogWorker] INFO  segmented.SegmentedRaftLogWorker (SegmentedRaftLogWorker.java:run(327)) - omNode-3@group-523986131536-SegmentedRaftLogWorker was interrupted, exiting. There are 0 tasks remaining in the queue.
2022-03-14 12:26:12,673 [Time-limited test] INFO  segmented.SegmentedRaftLogWorker (SegmentedRaftLogWorker.java:close(237)) - omNode-3@group-523986131536-SegmentedRaftLogWorker close()
2022-03-14 12:26:12,674 [Time-limited test] INFO  server.GrpcService (GrpcService.java:closeImpl(262)) - omNode-3: shutdown server with port 38427 now
2022-03-14 12:26:14,041 [omNode-2@group-523986131536-FollowerState] INFO  impl.FollowerState (FollowerState.java:run(134)) - omNode-2@group-523986131536-FollowerState: change to CANDIDATE, lastRpcElapsedTime:1536650525ns, electionTimeout:1018ms
2022-03-14 12:26:14,042 [omNode-2@group-523986131536-FollowerState] INFO  impl.RoleInfo (RoleInfo.java:shutdownFollowerState(108)) - omNode-2: shutdown omNode-2@group-523986131536-FollowerState
2022-03-14 12:26:14,042 [omNode-2@group-523986131536-FollowerState] INFO  server.RaftServer$Division (RaftServerImpl.java:setRole(290)) - omNode-2@group-523986131536: changes role from  FOLLOWER to CANDIDATE at term 10 for changeToCandidate
2022-03-14 12:26:14,042 [omNode-2@group-523986131536-FollowerState] INFO  server.RaftServerConfigKeys (ConfUtils.java:logGet(44)) - raft.server.leaderelection.pre-vote = false (custom)
2022-03-14 12:26:14,042 [omNode-2@group-523986131536-FollowerState] INFO  impl.RoleInfo (RoleInfo.java:updateAndGet(130)) - omNode-2: start omNode-2@group-523986131536-LeaderElection29
2022-03-14 12:26:14,047 [omNode-2@group-523986131536-LeaderElection29] INFO  server.RaftServer$Division (ServerState.java:setLeader(285)) - omNode-2@group-523986131536: change Leader from omNode-3 to null at term 10 for ELECTION
2022-03-14 12:26:14,048 [omNode-2@group-523986131536-LeaderElection29] INFO  impl.LeaderElection (LeaderElection.java:askForVotes(306)) - omNode-2@group-523986131536-LeaderElection29 ELECTION round 0: submit vote requests at term 11 for 34: [omNode-3|rpc:localhost:38427|admin:|client:|dataStream:|priority:0, omNode-1|rpc:localhost:41375|admin:|client:|dataStream:|priority:0, omNode-2|rpc:localhost:40735|admin:|client:|dataStream:|priority:0], old=null
2022-03-14 12:26:14,061 [grpc-default-executor-10] INFO  server.RaftServer$Division (RaftServerImpl.java:requestVote(1046)) - omNode-1@group-523986131536: receive requestVote(ELECTION, omNode-2, group-523986131536, 11, (t:10, i:37))
2022-03-14 12:26:14,062 [grpc-default-executor-10] INFO  impl.VoteContext (VoteContext.java:log(48)) - omNode-1@group-523986131536-FOLLOWER: accept ELECTION from omNode-2: our last entry (t:2, i:18) < candidate's last entry (t:10, i:37)
2022-03-14 12:26:14,062 [grpc-default-executor-10] INFO  server.RaftServer$Division (ServerState.java:setLeader(285)) - omNode-1@group-523986131536: change Leader from omNode-3 to null at term 11 for updateCurrentTerm
2022-03-14 12:26:14,062 [grpc-default-executor-10] INFO  server.RaftServer$Division (RaftServerImpl.java:setRole(290)) - omNode-1@group-523986131536: changes role from  FOLLOWER to FOLLOWER at term 11 for candidate:omNode-2
2022-03-14 12:26:14,062 [grpc-default-executor-10] INFO  impl.RoleInfo (RoleInfo.java:shutdownFollowerState(108)) - omNode-1: shutdown omNode-1@group-523986131536-FollowerState
2022-03-14 12:26:14,062 [grpc-default-executor-10] INFO  impl.RoleInfo (RoleInfo.java:updateAndGet(130)) - omNode-1: start omNode-1@group-523986131536-FollowerState
2022-03-14 12:26:14,062 [omNode-1@group-523986131536-FollowerState] INFO  impl.FollowerState (FollowerState.java:run(143)) - omNode-1@group-523986131536-FollowerState was interrupted: {}
java.lang.InterruptedException: sleep interrupted
	at java.lang.Thread.sleep(Native Method)
	at java.lang.Thread.sleep(Thread.java:342)
	at java.util.concurrent.TimeUnit.sleep(TimeUnit.java:386)
	at org.apache.ratis.util.TimeDuration.sleep(TimeDuration.java:324)
	at org.apache.ratis.util.TimeDuration.sleep(TimeDuration.java:309)
	at org.apache.ratis.server.impl.FollowerState.run(FollowerState.java:118)
2022-03-14 12:26:14,064 [grpc-default-executor-10] INFO  server.RaftServer$Division (RaftServerImpl.java:requestVote(1078)) - omNode-1@group-523986131536 replies to ELECTION vote request: omNode-2<-omNode-1#0:OK-t11. Peer's state: omNode-1@group-523986131536:t11, leader=null, voted=omNode-2, raftlog=omNode-1@group-523986131536-SegmentedRaftLog:OPENED:c18, conf=34: [omNode-3|rpc:localhost:38427|admin:|client:|dataStream:|priority:0, omNode-1|rpc:localhost:41375|admin:|client:|dataStream:|priority:0, omNode-2|rpc:localhost:40735|admin:|client:|dataStream:|priority:0], old=null
2022-03-14 12:26:14,069 [omNode-2@group-523986131536-LeaderElection29] INFO  impl.LeaderElection (LogUtils.java:infoOrTrace(137)) - omNode-2@group-523986131536-LeaderElection29 got exception when requesting votes: java.util.concurrent.ExecutionException: org.apache.ratis.thirdparty.io.grpc.StatusRuntimeException: UNAVAILABLE: io exception
2022-03-14 12:26:14,070 [omNode-2@group-523986131536-LeaderElection29] INFO  impl.LeaderElection (LeaderElection.java:logAndReturn(89)) - omNode-2@group-523986131536-LeaderElection29: ELECTION PASSED received 1 response(s) and 1 exception(s):
2022-03-14 12:26:14,070 [omNode-2@group-523986131536-LeaderElection29] INFO  impl.LeaderElection (LeaderElection.java:logAndReturn(93)) -   Response 0: omNode-2<-omNode-1#0:OK-t11
2022-03-14 12:26:14,070 [omNode-2@group-523986131536-LeaderElection29] INFO  impl.LeaderElection (LogUtils.java:infoOrTrace(137)) -   Exception 1: java.util.concurrent.ExecutionException: org.apache.ratis.thirdparty.io.grpc.StatusRuntimeException: UNAVAILABLE: io exception
2022-03-14 12:26:14,070 [omNode-2@group-523986131536-LeaderElection29] INFO  impl.LeaderElection (LeaderElection.java:askForVotes(308)) - omNode-2@group-523986131536-LeaderElection29 ELECTION round 0: result PASSED
2022-03-14 12:26:14,070 [omNode-2@group-523986131536-LeaderElection29] INFO  impl.RoleInfo (RoleInfo.java:shutdownLeaderElection(121)) - omNode-2: shutdown omNode-2@group-523986131536-LeaderElection29
2022-03-14 12:26:14,070 [omNode-2@group-523986131536-LeaderElection29] INFO  server.RaftServer$Division (RaftServerImpl.java:setRole(290)) - omNode-2@group-523986131536: changes role from CANDIDATE to LEADER at term 11 for changeToLeader
2022-03-14 12:26:14,070 [omNode-2@group-523986131536-LeaderElection29] INFO  server.RaftServer$Division (ServerState.java:setLeader(285)) - omNode-2@group-523986131536: change Leader from null to omNode-2 at term 11 for becomeLeader, leader elected after 22ms
2022-03-14 12:26:14,070 [omNode-2@group-523986131536-LeaderElection29] INFO  server.RaftServerConfigKeys (ConfUtils.java:logGet(44)) - raft.server.staging.catchup.gap = 1000 (default)
2022-03-14 12:26:14,070 [omNode-2@group-523986131536-LeaderElection29] INFO  server.RaftServerConfigKeys (ConfUtils.java:logGet(44)) - raft.server.write.element-limit = 4096 (default)
2022-03-14 12:26:14,070 [omNode-2@group-523986131536-LeaderElection29] INFO  server.RaftServerConfigKeys (ConfUtils.java:logGet(44)) - raft.server.write.byte-limit = 64MB (=67108864) (default)
2022-03-14 12:26:14,070 [omNode-2@group-523986131536-LeaderElection29] INFO  server.RaftServerConfigKeys (ConfUtils.java:logGet(44)) - raft.server.watch.timeout = 10s (default)
2022-03-14 12:26:14,070 [omNode-2@group-523986131536-LeaderElection29] INFO  server.RaftServerConfigKeys (ConfUtils.java:logGet(44)) - raft.server.watch.timeout.denomination = 1s (default)
2022-03-14 12:26:14,070 [omNode-2@group-523986131536-LeaderElection29] INFO  server.RaftServerConfigKeys (ConfUtils.java:logGet(44)) - raft.server.watch.element-limit = 65536 (default)
2022-03-14 12:26:14,070 [omNode-2@group-523986131536-LeaderElection29] INFO  server.RaftServerConfigKeys (ConfUtils.java:logGet(44)) - raft.server.write.element-limit = 4096 (default)
2022-03-14 12:26:14,070 [omNode-2@group-523986131536-LeaderElection29] INFO  server.RaftServerConfigKeys (ConfUtils.java:logGet(44)) - raft.server.write.follower.gap.ratio.max = -1.0 (default)
2022-03-14 12:26:14,071 [omNode-2@group-523986131536-LeaderElection29] INFO  server.RaftServerConfigKeys (ConfUtils.java:logGet(44)) - raft.server.log.appender.snapshot.chunk.size.max = 16MB (=16777216) (default)
2022-03-14 12:26:14,071 [omNode-2@group-523986131536-LeaderElection29] INFO  server.RaftServerConfigKeys (ConfUtils.java:logGet(44)) - raft.server.log.appender.buffer.byte-limit = 33554432 (custom)
2022-03-14 12:26:14,071 [omNode-2@group-523986131536-LeaderElection29] INFO  server.RaftServerConfigKeys (ConfUtils.java:logGet(44)) - raft.server.log.appender.buffer.element-limit = 1024 (custom)
2022-03-14 12:26:14,071 [omNode-2@group-523986131536-LeaderElection29] INFO  grpc.GrpcConfigKeys (ConfUtils.java:logGet(44)) - raft.grpc.server.leader.outstanding.appends.max = 128 (default)
2022-03-14 12:26:14,071 [omNode-2@group-523986131536-LeaderElection29] INFO  server.RaftServerConfigKeys (ConfUtils.java:logGet(44)) - raft.server.rpc.request.timeout = 3000ms (default)
2022-03-14 12:26:14,071 [omNode-2@group-523986131536-LeaderElection29] INFO  server.RaftServerConfigKeys (ConfUtils.java:logGet(44)) - raft.server.log.appender.install.snapshot.enabled = false (custom)
2022-03-14 12:26:14,072 [omNode-2@group-523986131536-LeaderElection29] INFO  server.RaftServerConfigKeys (ConfUtils.java:logGet(44)) - raft.server.log.appender.snapshot.chunk.size.max = 16MB (=16777216) (default)
2022-03-14 12:26:14,072 [omNode-2@group-523986131536-LeaderElection29] INFO  server.RaftServerConfigKeys (ConfUtils.java:logGet(44)) - raft.server.log.appender.buffer.byte-limit = 33554432 (custom)
2022-03-14 12:26:14,072 [omNode-2@group-523986131536-LeaderElection29] INFO  server.RaftServerConfigKeys (ConfUtils.java:logGet(44)) - raft.server.log.appender.buffer.element-limit = 1024 (custom)
2022-03-14 12:26:14,072 [omNode-2@group-523986131536-LeaderElection29] INFO  grpc.GrpcConfigKeys (ConfUtils.java:logGet(44)) - raft.grpc.server.leader.outstanding.appends.max = 128 (default)
2022-03-14 12:26:14,072 [omNode-2@group-523986131536-LeaderElection29] INFO  server.RaftServerConfigKeys (ConfUtils.java:logGet(44)) - raft.server.rpc.request.timeout = 3000ms (default)
2022-03-14 12:26:14,072 [omNode-2@group-523986131536-LeaderElection29] INFO  server.RaftServerConfigKeys (ConfUtils.java:logGet(44)) - raft.server.log.appender.install.snapshot.enabled = false (custom)
2022-03-14 12:26:14,072 [omNode-2@group-523986131536-LeaderElection29] INFO  impl.RoleInfo (RoleInfo.java:updateAndGet(130)) - omNode-2: start omNode-2@group-523986131536-LeaderStateImpl
2022-03-14 12:26:14,073 [omNode-2@group-523986131536-LeaderElection29] INFO  segmented.SegmentedRaftLogWorker (SegmentedRaftLogWorker.java:rollLogSegment(399)) - omNode-2@group-523986131536-SegmentedRaftLogWorker: Rolling segment log-34_37 to index:37
2022-03-14 12:26:14,073 [omNode-2@group-523986131536-SegmentedRaftLogWorker] INFO  segmented.SegmentedRaftLogWorker (SegmentedRaftLogWorker.java:execute(558)) - omNode-2@group-523986131536-SegmentedRaftLogWorker: Rolled log segment from /home/runner/work/ozone/ozone/hadoop-ozone/integration-test/target/test-dir/MiniOzoneClusterImpl-278953cb-1c57-4e8b-ba2f-5e3472d45912/omNode-2/ratis/c9bc4cf4-3bc3-3c60-a66b-523986131536/current/log_inprogress_34 to /home/runner/work/ozone/ozone/hadoop-ozone/integration-test/target/test-dir/MiniOzoneClusterImpl-278953cb-1c57-4e8b-ba2f-5e3472d45912/omNode-2/ratis/c9bc4cf4-3bc3-3c60-a66b-523986131536/current/log_34-37
2022-03-14 12:26:14,075 [omNode-2@group-523986131536-LeaderElection29] INFO  server.RaftServer$Division (ServerState.java:setRaftConf(387)) - omNode-2@group-523986131536: set configuration 38: [omNode-3|rpc:localhost:38427|admin:|client:|dataStream:|priority:0, omNode-1|rpc:localhost:41375|admin:|client:|dataStream:|priority:0, omNode-2|rpc:localhost:40735|admin:|client:|dataStream:|priority:0], old=null
2022-03-14 12:26:14,076 [grpc-default-executor-10] WARN  server.GrpcLogAppender (LogUtils.java:warn(122)) - omNode-2@group-523986131536->omNode-3-AppendLogResponseHandler: Failed appendEntries: org.apache.ratis.thirdparty.io.grpc.StatusRuntimeException: UNAVAILABLE: io exception
2022-03-14 12:26:14,076 [grpc-default-executor-10] WARN  server.GrpcLogAppender (GrpcLogAppender.java:resetClient(110)) - omNode-2@group-523986131536->omNode-3-GrpcLogAppender: Leader has not got in touch with Follower omNode-2@group-523986131536->omNode-3(c-1,m0,n38, attendVote=true, lastRpcSendTime=1206, lastRpcResponseTime=1206) yet, just keep nextIndex unchanged and retry.
2022-03-14 12:26:14,077 [grpc-default-executor-12] INFO  server.RaftServer$Division (ServerState.java:setLeader(285)) - omNode-1@group-523986131536: change Leader from null to omNode-2 at term 11 for appendEntries, leader elected after 15ms
2022-03-14 12:26:14,078 [grpc-default-executor-12] INFO  server.RaftServer$Division (RaftServerImpl.java:checkInconsistentAppendEntries(1322)) - omNode-1@group-523986131536: Failed appendEntries as previous log entry ((t:10, i:37)) is not found
2022-03-14 12:26:14,078 [grpc-default-executor-10] WARN  server.GrpcLogAppender (LogUtils.java:warn(122)) - omNode-2@group-523986131536->omNode-3-AppendLogResponseHandler: Failed appendEntries: org.apache.ratis.thirdparty.io.grpc.StatusRuntimeException: UNAVAILABLE: io exception
2022-03-14 12:26:14,078 [grpc-default-executor-12] INFO  server.RaftServer$Division (RaftServerImpl.java:checkInconsistentAppendEntries(1288)) - omNode-1@group-523986131536: inconsistency entries. Reply:omNode-2<-omNode-1#0:FAIL-t11,INCONSISTENCY,nextIndex=19,followerCommit=18
2022-03-14 12:26:14,078 [grpc-default-executor-10] WARN  server.GrpcLogAppender (GrpcLogAppender.java:resetClient(110)) - omNode-2@group-523986131536->omNode-3-GrpcLogAppender: Leader has not got in touch with Follower omNode-2@group-523986131536->omNode-3(c-1,m0,n39, attendVote=true, lastRpcSendTime=0, lastRpcResponseTime=1207) yet, just keep nextIndex unchanged and retry.
2022-03-14 12:26:14,079 [grpc-default-executor-12] INFO  leader.FollowerInfo (FollowerInfoImpl.java:lambda$new$0(47)) - omNode-2@group-523986131536->omNode-1: nextIndex: updateUnconditionally 39 -> 19
2022-03-14 12:26:14,079 [grpc-default-executor-10] INFO  server.RaftServer$Division (RaftServerImpl.java:checkInconsistentAppendEntries(1322)) - omNode-1@group-523986131536: Failed appendEntries as previous log entry ((t:10, i:37)) is not found
2022-03-14 12:26:14,079 [grpc-default-executor-10] INFO  server.RaftServer$Division (RaftServerImpl.java:checkInconsistentAppendEntries(1288)) - omNode-1@group-523986131536: inconsistency entries. Reply:omNode-2<-omNode-1#1:FAIL-t11,INCONSISTENCY,nextIndex=19,followerCommit=18
2022-03-14 12:26:14,080 [omNode-2@group-523986131536->omNode-1-GrpcLogAppender-LogAppenderDaemon] ERROR leader.LogAppenderDaemon (LogAppenderDaemon.java:run(86)) - omNode-2@group-523986131536->omNode-1-GrpcLogAppender-LogAppenderDaemon failed
java.lang.NullPointerException: omNode-2@group-523986131536->omNode-1: Previous TermIndex not found for firstIndex = 19
	at java.util.Objects.requireNonNull(Objects.java:290)
	at org.apache.ratis.server.leader.LogAppenderBase.assertProtos(LogAppenderBase.java:169)
	at org.apache.ratis.server.leader.LogAppenderBase.newAppendEntriesRequest(LogAppenderBase.java:154)
	at org.apache.ratis.grpc.server.GrpcLogAppender.appendLog(GrpcLogAppender.java:213)
	at org.apache.ratis.grpc.server.GrpcLogAppender.run(GrpcLogAppender.java:147)
	at org.apache.ratis.server.leader.LogAppenderDaemon.run(LogAppenderDaemon.java:77)
	at java.lang.Thread.run(Thread.java:750)
2022-03-14 12:26:14,081 [omNode-2@group-523986131536->omNode-1-GrpcLogAppender-LogAppenderDaemon] INFO  server.RaftServer$Division (LeaderStateImpl.java:restart(514)) - omNode-2@group-523986131536-LeaderStateImpl: Restarting GrpcLogAppender for omNode-2@group-523986131536->omNode-1
2022-03-14 12:26:14,081 [omNode-2@group-523986131536->omNode-1-GrpcLogAppender-LogAppenderDaemon] INFO  server.RaftServerConfigKeys (ConfUtils.java:logGet(44)) - raft.server.log.appender.snapshot.chunk.size.max = 16MB (=16777216) (default)
2022-03-14 12:26:14,081 [omNode-2@group-523986131536->omNode-1-GrpcLogAppender-LogAppenderDaemon] INFO  server.RaftServerConfigKeys (ConfUtils.java:logGet(44)) - raft.server.log.appender.buffer.byte-limit = 33554432 (custom)
2022-03-14 12:26:14,081 [omNode-2@group-523986131536->omNode-1-GrpcLogAppender-LogAppenderDaemon] INFO  server.RaftServerConfigKeys (ConfUtils.java:logGet(44)) - raft.server.log.appender.buffer.element-limit = 1024 (custom)
2022-03-14 12:26:14,081 [omNode-2@group-523986131536->omNode-1-GrpcLogAppender-LogAppenderDaemon] INFO  grpc.GrpcConfigKeys (ConfUtils.java:logGet(44)) - raft.grpc.server.leader.outstanding.appends.max = 128 (default)
2022-03-14 12:26:14,081 [omNode-2@group-523986131536->omNode-1-GrpcLogAppender-LogAppenderDaemon] INFO  server.RaftServerConfigKeys (ConfUtils.java:logGet(44)) - raft.server.rpc.request.timeout = 3000ms (default)
2022-03-14 12:26:14,081 [omNode-2@group-523986131536->omNode-1-GrpcLogAppender-LogAppenderDaemon] INFO  server.RaftServerConfigKeys (ConfUtils.java:logGet(44)) - raft.server.log.appender.install.snapshot.enabled = false (custom)
2022-03-14 12:26:14,083 [grpc-default-executor-10] INFO  leader.FollowerInfo (FollowerInfoImpl.java:lambda$new$0(47)) - omNode-2@group-523986131536->omNode-1: nextIndex: updateUnconditionally 19 -> 19
2022-03-14 12:26:14,087 [omNode-2@group-523986131536->omNode-1-GrpcLogAppender-LogAppenderDaemon] INFO  server.GrpcLogAppender (GrpcLogAppender.java:installSnapshot(550)) - omNode-2@group-523986131536->omNode-1-GrpcLogAppender: followerNextIndex = 0 but logStartIndex = 19, notify follower to install snapshot-(t:3, i:19)
2022-03-14 12:26:14,088 [omNode-2@group-523986131536->omNode-1-GrpcLogAppender-LogAppenderDaemon] INFO  server.GrpcLogAppender (GrpcLogAppender.java:installSnapshot(558)) - omNode-2@group-523986131536->omNode-1-GrpcLogAppender: send omNode-2->omNode-1#0-t11,notify:(t:3, i:19)
2022-03-14 12:26:14,093 [omNode-2@group-523986131536-SegmentedRaftLogWorker] INFO  segmented.SegmentedRaftLogWorker (SegmentedRaftLogWorker.java:execute(601)) - omNode-2@group-523986131536-SegmentedRaftLogWorker: created new log segment /home/runner/work/ozone/ozone/hadoop-ozone/integration-test/target/test-dir/MiniOzoneClusterImpl-278953cb-1c57-4e8b-ba2f-5e3472d45912/omNode-2/ratis/c9bc4cf4-3bc3-3c60-a66b-523986131536/current/log_inprogress_38
2022-03-14 12:26:14,095 [grpc-default-executor-12] INFO  server.RaftServer$Division (RaftServerImpl.java:installSnapshot(1332)) - omNode-1@group-523986131536: receive installSnapshot: omNode-2->omNode-1#0-t11,notify:(t:3, i:19)
2022-03-14 12:26:14,095 [grpc-default-executor-12] INFO  server.RaftServer$Division (RaftServerImpl.java:notifyStateMachineToInstallSnapshot(1551)) - omNode-1@group-523986131536: Received notification to install snapshot at index 19
2022-03-14 12:26:14,095 [grpc-default-executor-12] INFO  server.RaftServer$Division (RaftServerImpl.java:notifyStateMachineToInstallSnapshot(1559)) - omNode-1@group-523986131536: InstallSnapshot notification result: ALREADY_INSTALLED, current snapshot index: 18
2022-03-14 12:26:14,096 [grpc-default-executor-12] INFO  server.RaftServer$Division (RaftServerImpl.java:installSnapshotImpl(1462)) - omNode-1@group-523986131536: set new configuration index: 38
configurationEntry {
  peers {
    id: "omNode-3"
    address: "localhost:38427"
  }
  peers {
    id: "omNode-1"
    address: "localhost:41375"
  }
  peers {
    id: "omNode-2"
    address: "localhost:40735"
  }
}
 from snapshot
2022-03-14 12:26:14,096 [grpc-default-executor-12] INFO  server.RaftServer$Division (ServerState.java:setRaftConf(387)) - omNode-1@group-523986131536: set configuration 38: [omNode-3|rpc:localhost:38427|admin:|client:|dataStream:|priority:0, omNode-1|rpc:localhost:41375|admin:|client:|dataStream:|priority:0, omNode-2|rpc:localhost:40735|admin:|client:|dataStream:|priority:0], old=null
2022-03-14 12:26:14,096 [grpc-default-executor-12] INFO  ratis.OzoneManagerStateMachine (OzoneManagerStateMachine.java:notifyConfigurationChanged(188)) - Received Configuration change notification from Ratis. New Peer list:
[id: "omNode-3"
address: "localhost:38427"
, id: "omNode-1"
address: "localhost:41375"
, id: "omNode-2"
address: "localhost:40735"
]
2022-03-14 12:26:14,096 [grpc-default-executor-12] INFO  server.RaftServer$Division (RaftServerImpl.java:installSnapshot(1343)) - omNode-1@group-523986131536: reply installSnapshot: omNode-2<-omNode-1#0:FAIL-t11,ALREADY_INSTALLED,snapshotIndex=18
2022-03-14 12:26:14,096 [grpc-default-executor-12] INFO  server.GrpcServerProtocolService (GrpcServerProtocolService.java:onCompleted(140)) - omNode-1: Completed INSTALL_SNAPSHOT, lastRequest: omNode-2->omNode-1#0-t11,notify:(t:3, i:19)
2022-03-14 12:26:14,098 [grpc-default-executor-10] INFO  server.GrpcLogAppender (GrpcLogAppender.java:onNext(410)) - omNode-2@group-523986131536->omNode-1-InstallSnapshotResponseHandler: received the first reply omNode-2<-omNode-1#0:FAIL-t11,ALREADY_INSTALLED,snapshotIndex=18
2022-03-14 12:26:14,098 [grpc-default-executor-10] INFO  server.GrpcLogAppender (GrpcLogAppender.java:onNext(433)) - omNode-2@group-523986131536->omNode-1-InstallSnapshotResponseHandler: Follower snapshot is already at index 18.
2022-03-14 12:26:14,098 [grpc-default-executor-10] INFO  leader.FollowerInfo (FollowerInfoImpl.java:lambda$new$0(47)) - omNode-2@group-523986131536->omNode-1: snapshotIndex: setUnconditionally 0 -> 18
2022-03-14 12:26:14,098 [grpc-default-executor-10] INFO  leader.FollowerInfo (FollowerInfoImpl.java:lambda$new$0(47)) - omNode-2@group-523986131536->omNode-1: matchIndex: setUnconditionally 0 -> 18
2022-03-14 12:26:14,098 [grpc-default-executor-10] INFO  leader.FollowerInfo (FollowerInfoImpl.java:lambda$new$0(47)) - omNode-2@group-523986131536->omNode-1: nextIndex: setUnconditionally 0 -> 19
2022-03-14 12:26:14,098 [grpc-default-executor-10] INFO  leader.FollowerInfo (FollowerInfoImpl.java:setAttemptedToInstallSnapshot(116)) - Follower omNode-2@group-523986131536->omNode-1 acknowledged installing snapshot
2022-03-14 12:26:14,099 [grpc-default-executor-10] INFO  leader.FollowerInfo (FollowerInfoImpl.java:lambda$new$0(47)) - omNode-2@group-523986131536->omNode-1: nextIndex: updateToMax old=19, new=19, updated? false
2022-03-14 12:26:14,582 [grpc-default-executor-10] WARN  server.GrpcLogAppender (LogUtils.java:warn(122)) - omNode-2@group-523986131536->omNode-3-AppendLogResponseHandler: Failed appendEntries: org.apache.ratis.thirdparty.io.grpc.StatusRuntimeException: UNAVAILABLE: io exception
2022-03-14 12:26:14,582 [grpc-default-executor-10] WARN  server.GrpcLogAppender (GrpcLogAppender.java:resetClient(110)) - omNode-2@group-523986131536->omNode-3-GrpcLogAppender: Leader has not got in touch with Follower omNode-2@group-523986131536->omNode-3(c-1,m0,n39, attendVote=true, lastRpcSendTime=0, lastRpcResponseTime=1711) yet, just keep nextIndex unchanged and retry.
2022-03-14 12:26:14,611 [grpc-default-executor-10] INFO  server.RaftServer$Division (RaftServerImpl.java:checkInconsistentAppendEntries(1322)) - omNode-1@group-523986131536: Failed appendEntries as previous log entry ((t:11, i:38)) is not found
2022-03-14 12:26:14,611 [grpc-default-executor-10] INFO  server.RaftServer$Division (RaftServerImpl.java:checkInconsistentAppendEntries(1288)) - omNode-1@group-523986131536: inconsistency entries. Reply:omNode-2<-omNode-1#45:FAIL-t11,INCONSISTENCY,nextIndex=19,followerCommit=18
2022-03-14 12:26:14,613 [grpc-default-executor-10] INFO  leader.FollowerInfo (FollowerInfoImpl.java:lambda$new$0(47)) - omNode-2@group-523986131536->omNode-1: nextIndex: updateUnconditionally 39 -> 19
2022-03-14 12:26:15,082 [grpc-default-executor-12] WARN  server.GrpcLogAppender (LogUtils.java:warn(122)) - omNode-2@group-523986131536->omNode-3-AppendLogResponseHandler: Failed appendEntries: org.apache.ratis.thirdparty.io.grpc.StatusRuntimeException: UNAVAILABLE: io exception
2022-03-14 12:26:15,083 [grpc-default-executor-12] WARN  server.GrpcLogAppender (GrpcLogAppender.java:resetClient(110)) - omNode-2@group-523986131536->omNode-3-GrpcLogAppender: Leader has not got in touch with Follower omNode-2@group-523986131536->omNode-3(c-1,m0,n39, attendVote=true, lastRpcSendTime=0, lastRpcResponseTime=2212) yet, just keep nextIndex unchanged and retry.
2022-03-14 12:26:15,115 [grpc-default-executor-12] INFO  server.RaftServer$Division (RaftServerImpl.java:checkInconsistentAppendEntries(1322)) - omNode-1@group-523986131536: Failed appendEntries as previous log entry ((t:11, i:38)) is not found
2022-03-14 12:26:15,115 [grpc-default-executor-12] INFO  server.RaftServer$Division (RaftServerImpl.java:checkInconsistentAppendEntries(1288)) - omNode-1@group-523986131536: inconsistency entries. Reply:omNode-2<-omNode-1#96:FAIL-t11,INCONSISTENCY,nextIndex=19,followerCommit=18
2022-03-14 12:26:15,115 [grpc-default-executor-12] INFO  leader.FollowerInfo (FollowerInfoImpl.java:lambda$new$0(47)) - omNode-2@group-523986131536->omNode-1: nextIndex: updateUnconditionally 39 -> 19
2022-03-14 12:26:15,582 [grpc-default-executor-12] WARN  server.GrpcLogAppender (LogUtils.java:warn(122)) - omNode-2@group-523986131536->omNode-3-AppendLogResponseHandler: Failed appendEntries: org.apache.ratis.thirdparty.io.grpc.StatusRuntimeException: UNAVAILABLE: io exception
2022-03-14 12:26:15,583 [grpc-default-executor-12] WARN  server.GrpcLogAppender (GrpcLogAppender.java:resetClient(110)) - omNode-2@group-523986131536->omNode-3-GrpcLogAppender: Leader has not got in touch with Follower omNode-2@group-523986131536->omNode-3(c-1,m0,n39, attendVote=true, lastRpcSendTime=0, lastRpcResponseTime=2712) yet, just keep nextIndex unchanged and retry.
2022-03-14 12:26:15,617 [grpc-default-executor-12] INFO  server.RaftServer$Division (RaftServerImpl.java:checkInconsistentAppendEntries(1322)) - omNode-1@group-523986131536: Failed appendEntries as previous log entry ((t:11, i:38)) is not found
2022-03-14 12:26:15,617 [grpc-default-executor-12] INFO  server.RaftServer$Division (RaftServerImpl.java:checkInconsistentAppendEntries(1288)) - omNode-1@group-523986131536: inconsistency entries. Reply:omNode-2<-omNode-1#147:FAIL-t11,INCONSISTENCY,nextIndex=19,followerCommit=18
2022-03-14 12:26:15,618 [grpc-default-executor-12] INFO  leader.FollowerInfo (FollowerInfoImpl.java:lambda$new$0(47)) - omNode-2@group-523986131536->omNode-1: nextIndex: updateUnconditionally 39 -> 19
2022-03-14 12:26:15,675 [Time-limited test] WARN  grpc.GrpcUtil (GrpcUtil.java:shutdownManagedChannel(216)) - Timed out gracefully shutting down connection: ManagedChannelOrphanWrapper{delegate=ManagedChannelImpl{logId=402, target=localhost:41375}}. 
2022-03-14 12:26:15,676 [grpc-default-executor-12] INFO  server.GrpcLogAppender (GrpcLogAppender.java:onError(335)) - omNode-3@group-523986131536->omNode-1-GrpcLogAppender is stopped
2022-03-14 12:26:15,678 [grpc-default-executor-10] WARN  server.GrpcServerProtocolService (LogUtils.java:warn(122)) - omNode-1: installSnapshot onError, lastRequest: null: org.apache.ratis.thirdparty.io.grpc.StatusRuntimeException: CANCELLED: client cancelled
2022-03-14 12:26:15,682 [Time-limited test] INFO  server.GrpcService (GrpcService.java:closeImpl(271)) - omNode-3: shutdown server with port 38427 successfully
2022-03-14 12:26:15,682 [org.apache.ratis.util.JvmPauseMonitor$$Lambda$422/892611887@64804ef8] INFO  util.JvmPauseMonitor (JvmPauseMonitor.java:run(109)) - JvmPauseMonitor-omNode-3: Stopped
2022-03-14 12:26:15,682 [Time-limited test] INFO  ratis.OzoneManagerDoubleBuffer (OzoneManagerDoubleBuffer.java:stop(437)) - Stopping OMDoubleBuffer flush thread
2022-03-14 12:26:15,682 [OMDoubleBufferFlushThread] INFO  ratis.OzoneManagerDoubleBuffer (OzoneManagerDoubleBuffer.java:flushTransactions(356)) - OMDoubleBuffer flush thread OMDoubleBufferFlushThread is interrupted and will exit. OMDoubleBufferFlushThread
2022-03-14 12:26:15,683 [Time-limited test] INFO  handler.ContextHandler (ContextHandler.java:doStop(1153)) - Stopped o.e.j.w.WebAppContext@5024fabc{ozoneManager,/,null,STOPPED}{file:/home/runner/work/ozone/ozone/hadoop-ozone/integration-test/target/test-classes/webapps/ozoneManager}
2022-03-14 12:26:15,683 [Time-limited test] INFO  server.AbstractConnector (AbstractConnector.java:doStop(381)) - Stopped ServerConnector@780ef031{HTTP/1.1, (http/1.1)}{0.0.0.0:44195}
2022-03-14 12:26:15,684 [Time-limited test] INFO  server.session (HouseKeeper.java:stopScavenging(149)) - node0 Stopped scavenging
2022-03-14 12:26:15,684 [Time-limited test] INFO  handler.ContextHandler (ContextHandler.java:doStop(1153)) - Stopped o.e.j.s.ServletContextHandler@72984691{static,/static,file:///home/runner/work/ozone/ozone/hadoop-ozone/integration-test/target/test-classes/webapps/static,STOPPED}
2022-03-14 12:26:15,684 [Time-limited test] INFO  handler.ContextHandler (ContextHandler.java:doStop(1153)) - Stopped o.e.j.s.ServletContextHandler@4e66e527{logs,/logs,file:///home/runner/work/ozone/ozone/hadoop-ozone/integration-test/target/log,STOPPED}
2022-03-14 12:26:15,688 [Time-limited test] INFO  om.OzoneManager (OzoneManager.java:restart(1451)) - OzoneManager RPC server is listening at localhost/127.0.0.1:38867
2022-03-14 12:26:15,688 [Time-limited test] INFO  impl.MetricsSystemImpl (MetricsSystemImpl.java:init(158)) - OzoneManager metrics system started (again)
2022-03-14 12:26:15,711 [Time-limited test] WARN  server.ServerUtils (ServerUtils.java:getDBPath(225)) - ozone.om.db.dirs is not configured. We recommend adding this setting. Falling back to ozone.metadata.dirs instead.
2022-03-14 12:26:15,714 [Time-limited test] INFO  codec.OmKeyInfoCodec (OmKeyInfoCodec.java:<init>(49)) - OmKeyInfoCodec ignorePipeline = true
2022-03-14 12:26:15,714 [Time-limited test] INFO  codec.RepeatedOmKeyInfoCodec (RepeatedOmKeyInfoCodec.java:<init>(41)) - RepeatedOmKeyInfoCodec ignorePipeline = true
2022-03-14 12:26:15,773 [Time-limited test] WARN  impl.MetricRegistriesImpl (MetricRegistriesImpl.java:addReporterRegistration(111)) - New reporters are added after registries were created. Some metrics will be missing from the reporter. Please add reporter before adding any new registry.
2022-03-14 12:26:15,773 [Time-limited test] WARN  impl.MetricRegistriesImpl (MetricRegistriesImpl.java:addReporterRegistration(111)) - New reporters are added after registries were created. Some metrics will be missing from the reporter. Please add reporter before adding any new registry.
2022-03-14 12:26:15,773 [Time-limited test] WARN  server.ServerUtils (ServerUtils.java:getDefaultRatisDirectory(237)) - Storage directory for Ratis is not configured. It is a good idea to map this to an SSD disk. Falling back to ozone.metadata.dirs
2022-03-14 12:26:15,774 [Time-limited test] INFO  ratis.OzoneManagerRatisServer (OzoneManagerRatisServer.java:<init>(159)) - Instantiating OM Ratis server with groupID: om-service-test1 and peers: localhost:38427, localhost:41375, localhost:40735
2022-03-14 12:26:15,775 [Time-limited test] INFO  ratis.OzoneManagerStateMachine (OzoneManagerStateMachine.java:loadSnapshotInfoFromDB(605)) - LastAppliedIndex is set from TransactionInfo from OM DB as (t:10, i:37)
2022-03-14 12:26:15,778 [Time-limited test] INFO  server.RaftServer (ConfUtils.java:logGet(44)) - raft.rpc.type = GRPC (default)
2022-03-14 12:26:15,778 [Time-limited test] INFO  grpc.GrpcFactory (GrpcFactory.java:checkPooledByteBufAllocatorUseCacheForAllThreads(48)) - PERFORMANCE WARNING: useCacheForAllThreads is true that may cause Netty to create a lot garbage objects and, as a result, trigger GC.
	It is recommended to disable useCacheForAllThreads by setting -Dorg.apache.ratis.thirdparty.io.netty.allocator.useCacheForAllThreads=false in command line.
2022-03-14 12:26:15,778 [Time-limited test] INFO  grpc.GrpcConfigKeys (ConfUtils.java:logGet(44)) - raft.grpc.admin.port = -1 (default)
2022-03-14 12:26:15,778 [Time-limited test] INFO  grpc.GrpcConfigKeys (ConfUtils.java:logGet(44)) - raft.grpc.server.port = 38427 (custom)
2022-03-14 12:26:15,778 [Time-limited test] INFO  grpc.GrpcConfigKeys (ConfUtils.java:logGet(44)) - raft.grpc.client.port = -1 (default)
2022-03-14 12:26:15,778 [Time-limited test] INFO  grpc.GrpcConfigKeys (ConfUtils.java:logGet(44)) - raft.grpc.server.port = 38427 (custom)
2022-03-14 12:26:15,778 [Time-limited test] INFO  grpc.GrpcConfigKeys (ConfUtils.java:logGet(44)) - raft.grpc.server.port = 38427 (custom)
2022-03-14 12:26:15,778 [Time-limited test] INFO  server.GrpcService (ConfUtils.java:logGet(44)) - raft.grpc.message.size.max = 33554432 (custom)
2022-03-14 12:26:15,778 [Time-limited test] INFO  server.RaftServerConfigKeys (ConfUtils.java:logGet(44)) - raft.server.log.appender.buffer.byte-limit = 33554432 (custom)
2022-03-14 12:26:15,778 [Time-limited test] INFO  server.GrpcService (ConfUtils.java:logGet(44)) - raft.grpc.flow.control.window = 1MB (=1048576) (default)
2022-03-14 12:26:15,778 [Time-limited test] INFO  server.RaftServerConfigKeys (ConfUtils.java:logGet(44)) - raft.server.rpc.request.timeout = 3000ms (default)
2022-03-14 12:26:15,779 [Time-limited test] INFO  impl.DataStreamServerImpl (ConfUtils.java:logGet(44)) - raft.datastream.type = DISABLED (default)
2022-03-14 12:26:15,780 [Time-limited test] INFO  server.RaftServerConfigKeys (ConfUtils.java:logGet(44)) - raft.server.rpc.slowness.timeout = 2s (custom)
2022-03-14 12:26:15,780 [Time-limited test] INFO  server.RaftServerConfigKeys (ConfUtils.java:logGet(44)) - raft.server.leaderelection.leader.step-down.wait-time = 10s (default)
2022-03-14 12:26:15,780 [Time-limited test] INFO  server.RaftServerConfigKeys (ConfUtils.java:logGet(44)) - raft.server.storage.dir = [/home/runner/work/ozone/ozone/hadoop-ozone/integration-test/target/test-dir/MiniOzoneClusterImpl-278953cb-1c57-4e8b-ba2f-5e3472d45912/omNode-3/ratis] (custom)
2022-03-14 12:26:15,780 [Time-limited test] INFO  server.RaftServer (RaftServerProxy.java:lambda$null$1(235)) - omNode-3: found a subdirectory /home/runner/work/ozone/ozone/hadoop-ozone/integration-test/target/test-dir/MiniOzoneClusterImpl-278953cb-1c57-4e8b-ba2f-5e3472d45912/omNode-3/ratis/c9bc4cf4-3bc3-3c60-a66b-523986131536
2022-03-14 12:26:15,793 [Time-limited test] INFO  server.RaftServer (RaftServerProxy.java:addNew(95)) - omNode-3: addNew group-523986131536:[omNode-3|rpc:localhost:38427|priority:0, omNode-1|rpc:localhost:41375|priority:0, omNode-2|rpc:localhost:40735|priority:0] returns group-523986131536:java.util.concurrent.CompletableFuture@5987c258[Not completed]
2022-03-14 12:26:15,793 [Time-limited test] INFO  om.OzoneManager (OzoneManager.java:initializeRatisServer(1834)) - OzoneManager Ratis server initialized at port 38427
2022-03-14 12:26:15,793 [Time-limited test] INFO  ratis.OzoneManagerRatisServer (OzoneManagerRatisServer.java:start(554)) - Starting OzoneManagerRatisServer omNode-3 at port 38427
2022-03-14 12:26:15,802 [pool-432-thread-1] INFO  server.RaftServer$Division (RaftServerImpl.java:<init>(184)) - omNode-3: new RaftServerImpl for group-523986131536:[omNode-3|rpc:localhost:38427|priority:0, omNode-1|rpc:localhost:41375|priority:0, omNode-2|rpc:localhost:40735|priority:0] with OzoneManagerStateMachine:uninitialized
2022-03-14 12:26:15,807 [pool-432-thread-1] INFO  server.RaftServerConfigKeys (ConfUtils.java:logGet(44)) - raft.server.rpc.timeout.min = 1s (custom)
2022-03-14 12:26:15,807 [pool-432-thread-1] INFO  server.RaftServerConfigKeys (ConfUtils.java:logGet(44)) - raft.server.rpc.timeout.max = 1200ms (custom)
2022-03-14 12:26:15,807 [pool-432-thread-1] INFO  server.RaftServerConfigKeys (ConfUtils.java:logGet(44)) - raft.server.rpc.sleep.time = 25ms (default)
2022-03-14 12:26:15,807 [pool-432-thread-1] INFO  server.RaftServerConfigKeys (ConfUtils.java:logGet(44)) - raft.server.rpc.slowness.timeout = 2s (custom)
2022-03-14 12:26:15,807 [pool-432-thread-1] INFO  server.RaftServerConfigKeys (ConfUtils.java:logGet(44)) - raft.server.leaderelection.leader.step-down.wait-time = 10s (default)
2022-03-14 12:26:15,807 [pool-432-thread-1] INFO  server.RaftServerConfigKeys (ConfUtils.java:logGet(44)) - raft.server.sleep.deviation.threshold = 300ms (default)
2022-03-14 12:26:15,807 [pool-432-thread-1] INFO  server.RaftServerConfigKeys (ConfUtils.java:logGet(44)) - raft.server.log.appender.install.snapshot.enabled = false (custom)
2022-03-14 12:26:15,807 [pool-432-thread-1] INFO  server.RaftServer$Division (ServerState.java:<init>(105)) - omNode-3@group-523986131536: ConfigurationManager, init=-1: [omNode-3|rpc:localhost:38427|priority:0, omNode-1|rpc:localhost:41375|priority:0, omNode-2|rpc:localhost:40735|priority:0], old=null, confs=<EMPTY_MAP>
2022-03-14 12:26:15,807 [pool-432-thread-1] INFO  server.RaftServerConfigKeys (ConfUtils.java:logGet(44)) - raft.server.storage.dir = [/home/runner/work/ozone/ozone/hadoop-ozone/integration-test/target/test-dir/MiniOzoneClusterImpl-278953cb-1c57-4e8b-ba2f-5e3472d45912/omNode-3/ratis] (custom)
2022-03-14 12:26:15,807 [pool-432-thread-1] INFO  server.RaftServerConfigKeys (ConfUtils.java:logGet(44)) - raft.server.log.corruption.policy = EXCEPTION (default)
2022-03-14 12:26:15,807 [pool-432-thread-1] INFO  server.RaftServerConfigKeys (ConfUtils.java:logGet(44)) - raft.server.storage.free-space.min = 0MB (=0) (default)
2022-03-14 12:26:15,814 [pool-432-thread-1] INFO  storage.RaftStorageDirectory (RaftStorageDirectoryImpl.java:tryLock(230)) - Lock on /home/runner/work/ozone/ozone/hadoop-ozone/integration-test/target/test-dir/MiniOzoneClusterImpl-278953cb-1c57-4e8b-ba2f-5e3472d45912/omNode-3/ratis/c9bc4cf4-3bc3-3c60-a66b-523986131536/in_use.lock acquired by nodename 10847@fv-az291-848
2022-03-14 12:26:15,815 [pool-432-thread-1] INFO  storage.RaftStorage (RaftStorageImpl.java:analyzeAndRecoverStorage(110)) - Read RaftStorageMetadata{term=10, votedFor=omNode-3} from /home/runner/work/ozone/ozone/hadoop-ozone/integration-test/target/test-dir/MiniOzoneClusterImpl-278953cb-1c57-4e8b-ba2f-5e3472d45912/omNode-3/ratis/c9bc4cf4-3bc3-3c60-a66b-523986131536/current/raft-meta
2022-03-14 12:26:15,815 [pool-432-thread-1] INFO  server.RaftServer$Division (ServerState.java:setRaftConf(387)) - omNode-3@group-523986131536: set configuration 34: [omNode-3|rpc:localhost:38427|admin:|client:|dataStream:|priority:0, omNode-1|rpc:localhost:41375|admin:|client:|dataStream:|priority:0, omNode-2|rpc:localhost:40735|admin:|client:|dataStream:|priority:0], old=null
2022-03-14 12:26:15,815 [pool-432-thread-1] INFO  server.RaftServerConfigKeys (ConfUtils.java:logGet(44)) - raft.server.notification.no-leader.timeout = 2s (custom)
2022-03-14 12:26:15,815 [pool-432-thread-1] INFO  server.RaftServerConfigKeys (ConfUtils.java:logGet(44)) - raft.server.log.use.memory = false (default)
2022-03-14 12:26:15,815 [pool-432-thread-1] INFO  server.RaftServerConfigKeys (ConfUtils.java:logGet(44)) - raft.server.log.purge.gap = 50 (custom)
2022-03-14 12:26:15,815 [pool-432-thread-1] INFO  server.RaftServerConfigKeys (ConfUtils.java:logGet(44)) - raft.server.log.appender.buffer.byte-limit = 33554432 (custom)
2022-03-14 12:26:15,815 [pool-432-thread-1] INFO  server.RaftServerConfigKeys (ConfUtils.java:logGet(44)) - raft.server.log.segment.size.max = 4194304 (custom)
2022-03-14 12:26:15,816 [pool-432-thread-1] INFO  server.RaftServerConfigKeys (ConfUtils.java:logGet(44)) - raft.server.log.segment.cache.num.max = 2 (custom)
2022-03-14 12:26:15,816 [pool-432-thread-1] INFO  server.RaftServerConfigKeys (ConfUtils.java:logGet(44)) - raft.server.log.segment.cache.size.max = 200MB (=209715200) (default)
2022-03-14 12:26:15,816 [pool-432-thread-1] INFO  segmented.SegmentedRaftLogWorker (SegmentedRaftLogWorker.java:<init>(182)) - new omNode-3@group-523986131536-SegmentedRaftLogWorker for RaftStorageImpl:Storage Directory /home/runner/work/ozone/ozone/hadoop-ozone/integration-test/target/test-dir/MiniOzoneClusterImpl-278953cb-1c57-4e8b-ba2f-5e3472d45912/omNode-3/ratis/c9bc4cf4-3bc3-3c60-a66b-523986131536
2022-03-14 12:26:15,816 [pool-432-thread-1] INFO  server.RaftServerConfigKeys (ConfUtils.java:logGet(44)) - raft.server.log.queue.byte-limit = 64MB (=67108864) (default)
2022-03-14 12:26:15,816 [pool-432-thread-1] INFO  server.RaftServerConfigKeys (ConfUtils.java:logGet(44)) - raft.server.log.queue.element-limit = 4096 (default)
2022-03-14 12:26:15,816 [pool-432-thread-1] INFO  server.RaftServerConfigKeys (ConfUtils.java:logGet(44)) - raft.server.log.segment.size.max = 4194304 (custom)
2022-03-14 12:26:15,816 [pool-432-thread-1] INFO  server.RaftServerConfigKeys (ConfUtils.java:logGet(44)) - raft.server.log.preallocated.size = 4194304 (custom)
2022-03-14 12:26:15,816 [pool-432-thread-1] INFO  server.RaftServerConfigKeys (ConfUtils.java:logGet(44)) - raft.server.log.force.sync.num = 128 (default)
2022-03-14 12:26:15,816 [pool-432-thread-1] INFO  server.RaftServerConfigKeys (ConfUtils.java:logGet(44)) - raft.server.log.statemachine.data.sync = true (default)
2022-03-14 12:26:15,816 [pool-432-thread-1] INFO  server.RaftServerConfigKeys (ConfUtils.java:logGet(44)) - raft.server.log.statemachine.data.sync.timeout = 10s (default)
2022-03-14 12:26:15,816 [pool-432-thread-1] INFO  server.RaftServerConfigKeys (ConfUtils.java:logGet(44)) - raft.server.log.statemachine.data.sync.timeout.retry = -1 (default)
2022-03-14 12:26:15,817 [pool-432-thread-1] INFO  server.RaftServerConfigKeys (ConfUtils.java:logGet(44)) - raft.server.log.write.buffer.size = 64KB (=65536) (default)
2022-03-14 12:26:15,817 [pool-432-thread-1] INFO  server.RaftServerConfigKeys (ConfUtils.java:logGet(44)) - raft.server.log.statemachine.data.caching.enabled = false (default)
2022-03-14 12:26:15,818 [pool-432-thread-1] INFO  server.RaftServer$Division (ServerState.java:setRaftConf(387)) - omNode-3@group-523986131536: set configuration 19: [omNode-3|rpc:localhost:38427|admin:|client:|dataStream:|priority:0, omNode-1|rpc:localhost:41375|admin:|client:|dataStream:|priority:0, omNode-2|rpc:localhost:40735|admin:|client:|dataStream:|priority:0], old=null
2022-03-14 12:26:15,818 [pool-432-thread-1] INFO  segmented.LogSegment (LogSegment.java:loadSegment(173)) - Successfully read 2 entries from segment file /home/runner/work/ozone/ozone/hadoop-ozone/integration-test/target/test-dir/MiniOzoneClusterImpl-278953cb-1c57-4e8b-ba2f-5e3472d45912/omNode-3/ratis/c9bc4cf4-3bc3-3c60-a66b-523986131536/current/log_19-20
2022-03-14 12:26:15,819 [pool-432-thread-1] INFO  server.RaftServer$Division (ServerState.java:setRaftConf(387)) - omNode-3@group-523986131536: set configuration 21: [omNode-3|rpc:localhost:38427|admin:|client:|dataStream:|priority:0, omNode-1|rpc:localhost:41375|admin:|client:|dataStream:|priority:0, omNode-2|rpc:localhost:40735|admin:|client:|dataStream:|priority:0], old=null
2022-03-14 12:26:15,819 [pool-432-thread-1] INFO  segmented.LogSegment (LogSegment.java:loadSegment(173)) - Successfully read 4 entries from segment file /home/runner/work/ozone/ozone/hadoop-ozone/integration-test/target/test-dir/MiniOzoneClusterImpl-278953cb-1c57-4e8b-ba2f-5e3472d45912/omNode-3/ratis/c9bc4cf4-3bc3-3c60-a66b-523986131536/current/log_21-24
2022-03-14 12:26:15,819 [pool-432-thread-1] INFO  server.RaftServer$Division (ServerState.java:setRaftConf(387)) - omNode-3@group-523986131536: set configuration 25: [omNode-3|rpc:localhost:38427|admin:|client:|dataStream:|priority:0, omNode-1|rpc:localhost:41375|admin:|client:|dataStream:|priority:0, omNode-2|rpc:localhost:40735|admin:|client:|dataStream:|priority:0], old=null
2022-03-14 12:26:15,819 [pool-432-thread-1] INFO  segmented.LogSegment (LogSegment.java:loadSegment(173)) - Successfully read 4 entries from segment file /home/runner/work/ozone/ozone/hadoop-ozone/integration-test/target/test-dir/MiniOzoneClusterImpl-278953cb-1c57-4e8b-ba2f-5e3472d45912/omNode-3/ratis/c9bc4cf4-3bc3-3c60-a66b-523986131536/current/log_25-28
2022-03-14 12:26:15,819 [pool-432-thread-1] INFO  server.RaftServer$Division (ServerState.java:setRaftConf(387)) - omNode-3@group-523986131536: set configuration 29: [omNode-3|rpc:localhost:38427|admin:|client:|dataStream:|priority:0, omNode-1|rpc:localhost:41375|admin:|client:|dataStream:|priority:0, omNode-2|rpc:localhost:40735|admin:|client:|dataStream:|priority:0], old=null
2022-03-14 12:26:15,819 [pool-432-thread-1] INFO  segmented.LogSegment (LogSegment.java:loadSegment(173)) - Successfully read 1 entries from segment file /home/runner/work/ozone/ozone/hadoop-ozone/integration-test/target/test-dir/MiniOzoneClusterImpl-278953cb-1c57-4e8b-ba2f-5e3472d45912/omNode-3/ratis/c9bc4cf4-3bc3-3c60-a66b-523986131536/current/log_29-29
2022-03-14 12:26:15,819 [pool-432-thread-1] INFO  server.RaftServer$Division (ServerState.java:setRaftConf(387)) - omNode-3@group-523986131536: set configuration 30: [omNode-3|rpc:localhost:38427|admin:|client:|dataStream:|priority:0, omNode-1|rpc:localhost:41375|admin:|client:|dataStream:|priority:0, omNode-2|rpc:localhost:40735|admin:|client:|dataStream:|priority:0], old=null
2022-03-14 12:26:15,820 [pool-432-thread-1] INFO  segmented.LogSegment (LogSegment.java:loadSegment(173)) - Successfully read 4 entries from segment file /home/runner/work/ozone/ozone/hadoop-ozone/integration-test/target/test-dir/MiniOzoneClusterImpl-278953cb-1c57-4e8b-ba2f-5e3472d45912/omNode-3/ratis/c9bc4cf4-3bc3-3c60-a66b-523986131536/current/log_30-33
2022-03-14 12:26:15,820 [pool-432-thread-1] INFO  server.RaftServer$Division (ServerState.java:setRaftConf(387)) - omNode-3@group-523986131536: set configuration 34: [omNode-3|rpc:localhost:38427|admin:|client:|dataStream:|priority:0, omNode-1|rpc:localhost:41375|admin:|client:|dataStream:|priority:0, omNode-2|rpc:localhost:40735|admin:|client:|dataStream:|priority:0], old=null
2022-03-14 12:26:15,821 [pool-432-thread-1] INFO  segmented.LogSegment (LogSegment.java:loadSegment(173)) - Successfully read 4 entries from segment file /home/runner/work/ozone/ozone/hadoop-ozone/integration-test/target/test-dir/MiniOzoneClusterImpl-278953cb-1c57-4e8b-ba2f-5e3472d45912/omNode-3/ratis/c9bc4cf4-3bc3-3c60-a66b-523986131536/current/log_inprogress_34
2022-03-14 12:26:15,821 [pool-432-thread-1] INFO  segmented.SegmentedRaftLogWorker (SegmentedRaftLogWorker.java:lambda$new$0(133)) - omNode-3@group-523986131536-SegmentedRaftLogWorker: flushIndex: setUnconditionally 0 -> 37
2022-03-14 12:26:15,821 [pool-432-thread-1] INFO  segmented.SegmentedRaftLogWorker (SegmentedRaftLogWorker.java:lambda$new$0(133)) - omNode-3@group-523986131536-SegmentedRaftLogWorker: safeCacheEvictIndex: setUnconditionally 0 -> 33
2022-03-14 12:26:15,830 [pool-432-thread-1] INFO  raftlog.RaftLog (RaftLogBase.java:lambda$new$0(53)) - omNode-3@group-523986131536-SegmentedRaftLog: commitIndex: updateToMax old=37, new=36, updated? false
2022-03-14 12:26:15,830 [pool-432-thread-1] INFO  raftlog.RaftLog (RaftLogBase.java:lambda$new$0(53)) - omNode-3@group-523986131536-SegmentedRaftLog: purgeIndex: updateIncreasingly -1 -> 18
2022-03-14 12:26:15,830 [pool-432-thread-1] INFO  server.RaftServerConfigKeys (ConfUtils.java:logGet(44)) - raft.server.snapshot.auto.trigger.enabled = true (custom)
2022-03-14 12:26:15,830 [pool-432-thread-1] INFO  server.RaftServerConfigKeys (ConfUtils.java:logGet(44)) - raft.server.snapshot.auto.trigger.threshold = 50 (custom)
2022-03-14 12:26:15,830 [pool-432-thread-1] INFO  server.RaftServerConfigKeys (ConfUtils.java:logGet(44)) - raft.server.snapshot.retention.file.num = -1 (default)
2022-03-14 12:26:15,830 [pool-432-thread-1] INFO  server.RaftServerConfigKeys (ConfUtils.java:logGet(44)) - raft.server.log.purge.upto.snapshot.index = true (custom)
2022-03-14 12:26:15,830 [pool-432-thread-1] INFO  server.RaftServerConfigKeys (ConfUtils.java:logGet(44)) - raft.server.retrycache.expirytime = 30000ms (custom)
2022-03-14 12:26:15,830 [pool-432-thread-1] INFO  server.RaftServerConfigKeys (ConfUtils.java:logGet(44)) - raft.server.retrycache.statistics.expirytime = 100μs (default)
2022-03-14 12:26:15,831 [Time-limited test] INFO  server.RaftServer$Division (RaftServerImpl.java:start(301)) - omNode-3@group-523986131536: start as a follower, conf=34: [omNode-3|rpc:localhost:38427|admin:|client:|dataStream:|priority:0, omNode-1|rpc:localhost:41375|admin:|client:|dataStream:|priority:0, omNode-2|rpc:localhost:40735|admin:|client:|dataStream:|priority:0], old=null
2022-03-14 12:26:15,831 [Time-limited test] INFO  server.RaftServer$Division (RaftServerImpl.java:setRole(290)) - omNode-3@group-523986131536: changes role from      null to FOLLOWER at term 10 for startAsFollower
2022-03-14 12:26:15,831 [Time-limited test] INFO  impl.RoleInfo (RoleInfo.java:updateAndGet(130)) - omNode-3: start omNode-3@group-523986131536-FollowerState
2022-03-14 12:26:15,838 [Time-limited test] INFO  util.JmxRegister (JmxRegister.java:tryRegister(44)) - Successfully registered JMX Bean with object name Ratis:service=RaftServer,group=group-523986131536,id=omNode-3
2022-03-14 12:26:15,846 [Time-limited test] INFO  server.RaftServer (RaftServerProxy.java:lambda$start$5(374)) - omNode-3: start RPC server
2022-03-14 12:26:15,846 [Time-limited test] INFO  server.GrpcService (GrpcService.java:startImpl(253)) - omNode-3: GrpcService started, listening on 38427
2022-03-14 12:26:15,854 [Time-limited test] INFO  ipc.CallQueueManager (CallQueueManager.java:<init>(90)) - Using callQueue: class java.util.concurrent.LinkedBlockingQueue, queueCapacity: 2000, scheduler: class org.apache.hadoop.ipc.DefaultRpcScheduler, ipcBackoff: false.
2022-03-14 12:26:15,855 [org.apache.ratis.util.JvmPauseMonitor$$Lambda$422/892611887@3e3497c7] INFO  util.JvmPauseMonitor (JvmPauseMonitor.java:run(103)) - JvmPauseMonitor-omNode-3: Started
2022-03-14 12:26:15,861 [Socket Reader #1 for port 38867] INFO  ipc.Server (Server.java:run(1265)) - Starting Socket Reader #1 for port 38867
2022-03-14 12:26:15,876 [Listener at localhost/38867] INFO  http.BaseHttpServer (BaseHttpServer.java:newHttpServer2BuilderForOzone(209)) - Starting Web-server for ozoneManager at: http://0.0.0.0:44195
2022-03-14 12:26:15,876 [Listener at localhost/38867] INFO  http.BaseHttpServer (BaseHttpServer.java:<init>(107)) - Hadoop Security Enabled: false Ozone Security Enabled: false Ozone HTTP Security Enabled: false 
2022-03-14 12:26:15,879 [Listener at localhost/38867] INFO  server.AuthenticationFilter (AuthenticationFilter.java:constructSecretProvider(240)) - Unable to initialize FileSignerSecretProvider, falling back to use random secrets.
2022-03-14 12:26:15,879 [Listener at localhost/38867] WARN  http.HttpRequestLog (HttpRequestLog.java:getRequestLog(103)) - Jetty request log can only be enabled using Log4j
2022-03-14 12:26:15,880 [Listener at localhost/38867] INFO  http.HttpServer2 (HttpServer2.java:addGlobalFilter(1030)) - Added global filter 'safety' (class=org.apache.hadoop.hdds.server.http.HttpServer2$QuotingInputFilter)
2022-03-14 12:26:15,881 [Listener at localhost/38867] INFO  http.HttpServer2 (HttpServer2.java:addFilter(1006)) - Added filter static_user_filter (class=org.apache.hadoop.http.lib.StaticUserWebFilter$StaticUserFilter) to context ozoneManager
2022-03-14 12:26:15,881 [Listener at localhost/38867] INFO  http.HttpServer2 (HttpServer2.java:addFilter(1014)) - Added filter static_user_filter (class=org.apache.hadoop.http.lib.StaticUserWebFilter$StaticUserFilter) to context logs
2022-03-14 12:26:15,881 [Listener at localhost/38867] INFO  http.HttpServer2 (HttpServer2.java:addFilter(1014)) - Added filter static_user_filter (class=org.apache.hadoop.http.lib.StaticUserWebFilter$StaticUserFilter) to context static
2022-03-14 12:26:15,881 [Listener at localhost/38867] INFO  http.HttpServer2 (HttpServer2.java:bindListener(1249)) - Jetty bound to port 44195
2022-03-14 12:26:15,881 [Listener at localhost/38867] INFO  server.Server (Server.java:doStart(375)) - jetty-9.4.43.v20210629; built: 2021-06-30T11:07:22.254Z; git: 526006ecfa3af7f1a27ef3a288e2bef7ea9dd7e8; jvm 1.8.0_322-b06
2022-03-14 12:26:15,882 [Listener at localhost/38867] INFO  server.session (DefaultSessionIdManager.java:doStart(334)) - DefaultSessionIdManager workerName=node0
2022-03-14 12:26:15,883 [Listener at localhost/38867] INFO  server.session (DefaultSessionIdManager.java:doStart(339)) - No SessionScavenger set, using defaults
2022-03-14 12:26:15,887 [Listener at localhost/38867] INFO  server.session (HouseKeeper.java:startScavenging(132)) - node0 Scavenging every 600000ms
2022-03-14 12:26:15,888 [Listener at localhost/38867] INFO  handler.ContextHandler (ContextHandler.java:doStart(915)) - Started o.e.j.s.ServletContextHandler@711561ac{logs,/logs,file:///home/runner/work/ozone/ozone/hadoop-ozone/integration-test/target/log,AVAILABLE}
2022-03-14 12:26:15,888 [Listener at localhost/38867] INFO  handler.ContextHandler (ContextHandler.java:doStart(915)) - Started o.e.j.s.ServletContextHandler@6a052c6a{static,/static,file:///home/runner/work/ozone/ozone/hadoop-ozone/integration-test/target/test-classes/webapps/static,AVAILABLE}
2022-03-14 12:26:15,891 [Listener at localhost/38867] INFO  handler.ContextHandler (ContextHandler.java:doStart(915)) - Started o.e.j.w.WebAppContext@3668e2c1{ozoneManager,/,file:///home/runner/work/ozone/ozone/hadoop-ozone/integration-test/target/test-classes/webapps/ozoneManager/,AVAILABLE}{file:/home/runner/work/ozone/ozone/hadoop-ozone/integration-test/target/test-classes/webapps/ozoneManager}
2022-03-14 12:26:15,896 [Listener at localhost/38867] INFO  server.AbstractConnector (AbstractConnector.java:doStart(331)) - Started ServerConnector@6a5af6{HTTP/1.1, (http/1.1)}{0.0.0.0:44195}
2022-03-14 12:26:15,896 [Listener at localhost/38867] INFO  server.Server (Server.java:doStart(415)) - Started @540190ms
2022-03-14 12:26:15,896 [Listener at localhost/38867] WARN  impl.MetricsSystemImpl (MetricsSystemImpl.java:register(279)) - Sink prometheus already exists!
2022-03-14 12:26:15,897 [Listener at localhost/38867] INFO  http.BaseHttpServer (BaseHttpServer.java:updateConnectorAddress(329)) - HTTP server of ozoneManager listening at http://0.0.0.0:44195
2022-03-14 12:26:15,901 [IPC Server Responder] INFO  ipc.Server (Server.java:run(1507)) - IPC Server Responder: starting
2022-03-14 12:26:15,901 [IPC Server listener on 38867] INFO  ipc.Server (Server.java:run(1344)) - IPC Server listener on 38867: starting
2022-03-14 12:26:15,908 [Listener at localhost/38867] INFO  om.OzoneManager (OzoneManager.java:startTrashEmptier(1792)) - Trash Interval set to 0. Files deleted will not move to trash
2022-03-14 12:26:15,908 [Listener at localhost/38867] INFO  om.OzoneManager (OzoneManager.java:stop(1893)) - omNode-1[localhost:33717]: Stopping Ozone Manager
2022-03-14 12:26:15,909 [Listener at localhost/38867] INFO  ipc.Server (Server.java:stop(3414)) - Stopping server on 33717
2022-03-14 12:26:15,912 [org.apache.hadoop.util.JvmPauseMonitor$Monitor@264c020d] INFO  util.JvmPauseMonitor (JvmPauseMonitor.java:run(188)) - Starting JVM pause monitor
2022-03-14 12:26:15,912 [Listener at localhost/38867] INFO  server.RaftServer (RaftServerProxy.java:lambda$close$6(391)) - omNode-1: close
2022-03-14 12:26:15,912 [IPC Server Responder] INFO  ipc.Server (Server.java:run(1512)) - Stopping IPC Server Responder
2022-03-14 12:26:15,912 [IPC Server listener on 33717] INFO  ipc.Server (Server.java:run(1376)) - Stopping IPC Server listener on 33717
2022-03-14 12:26:15,914 [Listener at localhost/38867] INFO  server.RaftServer$Division (RaftServerImpl.java:lambda$close$4(412)) - omNode-1@group-523986131536: shutdown
2022-03-14 12:26:15,915 [Listener at localhost/38867] INFO  util.JmxRegister (JmxRegister.java:unregister(73)) - Successfully un-registered JMX Bean with object name Ratis:service=RaftServer,group=group-523986131536,id=omNode-1
2022-03-14 12:26:15,915 [Listener at localhost/38867] INFO  impl.RoleInfo (RoleInfo.java:shutdownFollowerState(108)) - omNode-1: shutdown omNode-1@group-523986131536-FollowerState
2022-03-14 12:26:15,915 [Listener at localhost/38867] INFO  impl.StateMachineUpdater (StateMachineUpdater.java:stopAndJoin(149)) - omNode-1@group-523986131536-StateMachineUpdater: set stopIndex = 18
2022-03-14 12:26:15,915 [omNode-1@group-523986131536-FollowerState] INFO  impl.FollowerState (FollowerState.java:run(143)) - omNode-1@group-523986131536-FollowerState was interrupted: {}
java.lang.InterruptedException: sleep interrupted
	at java.lang.Thread.sleep(Native Method)
	at java.lang.Thread.sleep(Thread.java:342)
	at java.util.concurrent.TimeUnit.sleep(TimeUnit.java:386)
	at org.apache.ratis.util.TimeDuration.sleep(TimeDuration.java:324)
	at org.apache.ratis.util.TimeDuration.sleep(TimeDuration.java:309)
	at org.apache.ratis.server.impl.FollowerState.run(FollowerState.java:118)
2022-03-14 12:26:15,915 [omNode-1@group-523986131536-StateMachineUpdater] INFO  ratis.OzoneManagerStateMachine (OzoneManagerStateMachine.java:close(471)) - StateMachine has shutdown. Shutdown OzoneManager if not already shutdown.
2022-03-14 12:26:15,918 [Listener at localhost/38867] INFO  server.RaftServer$Division (ServerState.java:close(419)) - omNode-1@group-523986131536: closes. applyIndex: 18
2022-03-14 12:26:15,918 [omNode-1@group-523986131536-SegmentedRaftLogWorker] INFO  segmented.SegmentedRaftLogWorker (SegmentedRaftLogWorker.java:run(327)) - omNode-1@group-523986131536-SegmentedRaftLogWorker was interrupted, exiting. There are 0 tasks remaining in the queue.
2022-03-14 12:26:15,919 [Listener at localhost/38867] INFO  segmented.SegmentedRaftLogWorker (SegmentedRaftLogWorker.java:close(237)) - omNode-1@group-523986131536-SegmentedRaftLogWorker close()
2022-03-14 12:26:15,923 [Listener at localhost/38867] INFO  server.GrpcService (GrpcService.java:closeImpl(262)) - omNode-1: shutdown server with port 41375 now
2022-03-14 12:26:15,924 [grpc-default-executor-10] WARN  server.GrpcServerProtocolService (LogUtils.java:warn(122)) - omNode-1: installSnapshot onError, lastRequest: omNode-2->omNode-1#1-t11,previous=(t:10, i:37),leaderCommit=37,initializing? true,entries: size=1, first=(t:11, i:38), CONFIGURATIONENTRY: org.apache.ratis.thirdparty.io.grpc.StatusRuntimeException: CANCELLED: client cancelled
2022-03-14 12:26:15,927 [grpc-default-executor-12] INFO  server.GrpcLogAppender (GrpcLogAppender.java:onError(335)) - omNode-2@group-523986131536->omNode-1-GrpcLogAppender is stopped
2022-03-14 12:26:15,927 [Listener at localhost/38867] INFO  server.GrpcService (GrpcService.java:closeImpl(271)) - omNode-1: shutdown server with port 41375 successfully
2022-03-14 12:26:15,929 [grpc-default-executor-13] WARN  server.GrpcServerProtocolService (LogUtils.java:warn(122)) - omNode-1: installSnapshot onError, lastRequest: omNode-2->omNode-1#148-t11,previous=(t:0, i:0),leaderCommit=20,initializing? false,entries: size=20, first=(t:3, i:19), CONFIGURATIONENTRY: org.apache.ratis.thirdparty.io.grpc.StatusRuntimeException: CANCELLED: client cancelled
2022-03-14 12:26:15,930 [org.apache.ratis.util.JvmPauseMonitor$$Lambda$422/892611887@6a25ea3b] INFO  util.JvmPauseMonitor (JvmPauseMonitor.java:run(109)) - JvmPauseMonitor-omNode-1: Stopped
2022-03-14 12:26:15,930 [Listener at localhost/38867] INFO  ratis.OzoneManagerDoubleBuffer (OzoneManagerDoubleBuffer.java:stop(437)) - Stopping OMDoubleBuffer flush thread
2022-03-14 12:26:15,930 [OMDoubleBufferFlushThread] INFO  ratis.OzoneManagerDoubleBuffer (OzoneManagerDoubleBuffer.java:flushTransactions(356)) - OMDoubleBuffer flush thread OMDoubleBufferFlushThread is interrupted and will exit. OMDoubleBufferFlushThread
2022-03-14 12:26:15,931 [grpc-default-executor-14] WARN  server.GrpcLogAppender (LogUtils.java:warn(122)) - omNode-2@group-523986131536->omNode-1-AppendLogResponseHandler: Failed appendEntries: org.apache.ratis.thirdparty.io.grpc.StatusRuntimeException: CANCELLED: HTTP/2 error code: CANCEL
Received Rst Stream
2022-03-14 12:26:15,931 [Listener at localhost/38867] INFO  handler.ContextHandler (ContextHandler.java:doStop(1153)) - Stopped o.e.j.w.WebAppContext@6c60246d{ozoneManager,/,null,STOPPED}{file:/home/runner/work/ozone/ozone/hadoop-ozone/integration-test/target/test-classes/webapps/ozoneManager}
2022-03-14 12:26:15,931 [grpc-default-executor-14] INFO  leader.FollowerInfo (FollowerInfoImpl.java:lambda$new$0(47)) - omNode-2@group-523986131536->omNode-1: nextIndex: updateUnconditionally 39 -> 19
2022-03-14 12:26:15,931 [Listener at localhost/38867] INFO  server.AbstractConnector (AbstractConnector.java:doStop(381)) - Stopped ServerConnector@1ab29829{HTTP/1.1, (http/1.1)}{0.0.0.0:46861}
2022-03-14 12:26:15,934 [Listener at localhost/38867] INFO  server.session (HouseKeeper.java:stopScavenging(149)) - node0 Stopped scavenging
2022-03-14 12:26:15,934 [Listener at localhost/38867] INFO  handler.ContextHandler (ContextHandler.java:doStop(1153)) - Stopped o.e.j.s.ServletContextHandler@7b44e106{static,/static,file:///home/runner/work/ozone/ozone/hadoop-ozone/integration-test/target/test-classes/webapps/static,STOPPED}
2022-03-14 12:26:15,934 [Listener at localhost/38867] INFO  handler.ContextHandler (ContextHandler.java:doStop(1153)) - Stopped o.e.j.s.ServletContextHandler@34ed0c3f{logs,/logs,file:///home/runner/work/ozone/ozone/hadoop-ozone/integration-test/target/log,STOPPED}
2022-03-14 12:26:15,936 [Listener at localhost/38867] INFO  om.OzoneManager (OzoneManager.java:restart(1451)) - OzoneManager RPC server is listening at localhost/127.0.0.1:33717
2022-03-14 12:26:15,936 [Listener at localhost/38867] INFO  impl.MetricsSystemImpl (MetricsSystemImpl.java:init(158)) - OzoneManager metrics system started (again)
2022-03-14 12:26:15,946 [grpc-default-executor-13] WARN  server.GrpcLogAppender (LogUtils.java:warn(122)) - omNode-2@group-523986131536->omNode-1-AppendLogResponseHandler: Failed appendEntries: org.apache.ratis.thirdparty.io.grpc.StatusRuntimeException: UNAVAILABLE: io exception
2022-03-14 12:26:15,950 [grpc-default-executor-13] INFO  leader.FollowerInfo (FollowerInfoImpl.java:lambda$new$0(47)) - omNode-2@group-523986131536->omNode-1: nextIndex: updateUnconditionally 39 -> 19
2022-03-14 12:26:15,965 [Listener at localhost/38867] WARN  server.ServerUtils (ServerUtils.java:getDBPath(225)) - ozone.om.db.dirs is not configured. We recommend adding this setting. Falling back to ozone.metadata.dirs instead.
2022-03-14 12:26:15,966 [Listener at localhost/38867] INFO  codec.OmKeyInfoCodec (OmKeyInfoCodec.java:<init>(49)) - OmKeyInfoCodec ignorePipeline = true
2022-03-14 12:26:15,966 [Listener at localhost/38867] INFO  codec.RepeatedOmKeyInfoCodec (RepeatedOmKeyInfoCodec.java:<init>(41)) - RepeatedOmKeyInfoCodec ignorePipeline = true
2022-03-14 12:26:16,014 [Listener at localhost/38867] WARN  om.OzoneManager (OzoneManager.java:instantiatePrepareStateOnStartup(3818)) - Prepare marker file index 18 does not match DB prepare index 15. Writing DB index to prepare file and maintaining prepared state.
2022-03-14 12:26:16,017 [Listener at localhost/38867] INFO  om.OzoneManagerPrepareState (OzoneManagerPrepareState.java:writePrepareMarkerFile(262)) - Prepare marker file written with log index 15 to file /home/runner/work/ozone/ozone/hadoop-ozone/integration-test/target/test-dir/MiniOzoneClusterImpl-278953cb-1c57-4e8b-ba2f-5e3472d45912/omNode-1/current/prepareMarker
2022-03-14 12:26:16,022 [Listener at localhost/38867] WARN  impl.MetricRegistriesImpl (MetricRegistriesImpl.java:addReporterRegistration(111)) - New reporters are added after registries were created. Some metrics will be missing from the reporter. Please add reporter before adding any new registry.
2022-03-14 12:26:16,022 [Listener at localhost/38867] WARN  impl.MetricRegistriesImpl (MetricRegistriesImpl.java:addReporterRegistration(111)) - New reporters are added after registries were created. Some metrics will be missing from the reporter. Please add reporter before adding any new registry.
2022-03-14 12:26:16,022 [Listener at localhost/38867] WARN  server.ServerUtils (ServerUtils.java:getDefaultRatisDirectory(237)) - Storage directory for Ratis is not configured. It is a good idea to map this to an SSD disk. Falling back to ozone.metadata.dirs
2022-03-14 12:26:16,030 [Listener at localhost/38867] INFO  ratis.OzoneManagerRatisServer (OzoneManagerRatisServer.java:<init>(159)) - Instantiating OM Ratis server with groupID: om-service-test1 and peers: localhost:41375, localhost:38427, localhost:40735
2022-03-14 12:26:16,030 [Listener at localhost/38867] INFO  ratis.OzoneManagerStateMachine (OzoneManagerStateMachine.java:loadSnapshotInfoFromDB(605)) - LastAppliedIndex is set from TransactionInfo from OM DB as (t:2, i:18)
2022-03-14 12:26:16,038 [Listener at localhost/38867] INFO  server.RaftServer (ConfUtils.java:logGet(44)) - raft.rpc.type = GRPC (default)
2022-03-14 12:26:16,038 [Listener at localhost/38867] INFO  grpc.GrpcFactory (GrpcFactory.java:checkPooledByteBufAllocatorUseCacheForAllThreads(48)) - PERFORMANCE WARNING: useCacheForAllThreads is true that may cause Netty to create a lot garbage objects and, as a result, trigger GC.
	It is recommended to disable useCacheForAllThreads by setting -Dorg.apache.ratis.thirdparty.io.netty.allocator.useCacheForAllThreads=false in command line.
2022-03-14 12:26:16,038 [Listener at localhost/38867] INFO  grpc.GrpcConfigKeys (ConfUtils.java:logGet(44)) - raft.grpc.admin.port = -1 (default)
2022-03-14 12:26:16,038 [Listener at localhost/38867] INFO  grpc.GrpcConfigKeys (ConfUtils.java:logGet(44)) - raft.grpc.server.port = 41375 (custom)
2022-03-14 12:26:16,038 [Listener at localhost/38867] INFO  grpc.GrpcConfigKeys (ConfUtils.java:logGet(44)) - raft.grpc.client.port = -1 (default)
2022-03-14 12:26:16,038 [Listener at localhost/38867] INFO  grpc.GrpcConfigKeys (ConfUtils.java:logGet(44)) - raft.grpc.server.port = 41375 (custom)
2022-03-14 12:26:16,038 [Listener at localhost/38867] INFO  grpc.GrpcConfigKeys (ConfUtils.java:logGet(44)) - raft.grpc.server.port = 41375 (custom)
2022-03-14 12:26:16,038 [Listener at localhost/38867] INFO  server.GrpcService (ConfUtils.java:logGet(44)) - raft.grpc.message.size.max = 33554432 (custom)
2022-03-14 12:26:16,038 [Listener at localhost/38867] INFO  server.RaftServerConfigKeys (ConfUtils.java:logGet(44)) - raft.server.log.appender.buffer.byte-limit = 33554432 (custom)
2022-03-14 12:26:16,038 [Listener at localhost/38867] INFO  server.GrpcService (ConfUtils.java:logGet(44)) - raft.grpc.flow.control.window = 1MB (=1048576) (default)
2022-03-14 12:26:16,039 [Listener at localhost/38867] INFO  server.RaftServerConfigKeys (ConfUtils.java:logGet(44)) - raft.server.rpc.request.timeout = 3000ms (default)
2022-03-14 12:26:16,040 [Listener at localhost/38867] INFO  impl.DataStreamServerImpl (ConfUtils.java:logGet(44)) - raft.datastream.type = DISABLED (default)
2022-03-14 12:26:16,040 [Listener at localhost/38867] INFO  server.RaftServerConfigKeys (ConfUtils.java:logGet(44)) - raft.server.rpc.slowness.timeout = 2s (custom)
2022-03-14 12:26:16,040 [Listener at localhost/38867] INFO  server.RaftServerConfigKeys (ConfUtils.java:logGet(44)) - raft.server.leaderelection.leader.step-down.wait-time = 10s (default)
2022-03-14 12:26:16,040 [Listener at localhost/38867] INFO  server.RaftServerConfigKeys (ConfUtils.java:logGet(44)) - raft.server.storage.dir = [/home/runner/work/ozone/ozone/hadoop-ozone/integration-test/target/test-dir/MiniOzoneClusterImpl-278953cb-1c57-4e8b-ba2f-5e3472d45912/omNode-1/ratis] (custom)
2022-03-14 12:26:16,040 [Listener at localhost/38867] INFO  server.RaftServer (RaftServerProxy.java:lambda$null$1(235)) - omNode-1: found a subdirectory /home/runner/work/ozone/ozone/hadoop-ozone/integration-test/target/test-dir/MiniOzoneClusterImpl-278953cb-1c57-4e8b-ba2f-5e3472d45912/omNode-1/ratis/c9bc4cf4-3bc3-3c60-a66b-523986131536
2022-03-14 12:26:16,050 [Listener at localhost/38867] INFO  server.RaftServer (RaftServerProxy.java:addNew(95)) - omNode-1: addNew group-523986131536:[omNode-3|rpc:localhost:38427|priority:0, omNode-1|rpc:localhost:41375|priority:0, omNode-2|rpc:localhost:40735|priority:0] returns group-523986131536:java.util.concurrent.CompletableFuture@18032cc8[Not completed]
2022-03-14 12:26:16,050 [pool-452-thread-1] INFO  server.RaftServer$Division (RaftServerImpl.java:<init>(184)) - omNode-1: new RaftServerImpl for group-523986131536:[omNode-3|rpc:localhost:38427|priority:0, omNode-1|rpc:localhost:41375|priority:0, omNode-2|rpc:localhost:40735|priority:0] with OzoneManagerStateMachine:uninitialized
2022-03-14 12:26:16,050 [Listener at localhost/38867] INFO  om.OzoneManager (OzoneManager.java:initializeRatisServer(1834)) - OzoneManager Ratis server initialized at port 41375
2022-03-14 12:26:16,055 [Listener at localhost/38867] INFO  ratis.OzoneManagerRatisServer (OzoneManagerRatisServer.java:start(554)) - Starting OzoneManagerRatisServer omNode-1 at port 41375
2022-03-14 12:26:16,055 [pool-452-thread-1] INFO  server.RaftServerConfigKeys (ConfUtils.java:logGet(44)) - raft.server.rpc.timeout.min = 1s (custom)
2022-03-14 12:26:16,055 [pool-452-thread-1] INFO  server.RaftServerConfigKeys (ConfUtils.java:logGet(44)) - raft.server.rpc.timeout.max = 1200ms (custom)
2022-03-14 12:26:16,055 [pool-452-thread-1] INFO  server.RaftServerConfigKeys (ConfUtils.java:logGet(44)) - raft.server.rpc.sleep.time = 25ms (default)
2022-03-14 12:26:16,055 [pool-452-thread-1] INFO  server.RaftServerConfigKeys (ConfUtils.java:logGet(44)) - raft.server.rpc.slowness.timeout = 2s (custom)
2022-03-14 12:26:16,055 [pool-452-thread-1] INFO  server.RaftServerConfigKeys (ConfUtils.java:logGet(44)) - raft.server.leaderelection.leader.step-down.wait-time = 10s (default)
2022-03-14 12:26:16,055 [pool-452-thread-1] INFO  server.RaftServerConfigKeys (ConfUtils.java:logGet(44)) - raft.server.sleep.deviation.threshold = 300ms (default)
2022-03-14 12:26:16,055 [pool-452-thread-1] INFO  server.RaftServerConfigKeys (ConfUtils.java:logGet(44)) - raft.server.log.appender.install.snapshot.enabled = false (custom)
2022-03-14 12:26:16,055 [pool-452-thread-1] INFO  server.RaftServer$Division (ServerState.java:<init>(105)) - omNode-1@group-523986131536: ConfigurationManager, init=-1: [omNode-3|rpc:localhost:38427|priority:0, omNode-1|rpc:localhost:41375|priority:0, omNode-2|rpc:localhost:40735|priority:0], old=null, confs=<EMPTY_MAP>
2022-03-14 12:26:16,055 [pool-452-thread-1] INFO  server.RaftServerConfigKeys (ConfUtils.java:logGet(44)) - raft.server.storage.dir = [/home/runner/work/ozone/ozone/hadoop-ozone/integration-test/target/test-dir/MiniOzoneClusterImpl-278953cb-1c57-4e8b-ba2f-5e3472d45912/omNode-1/ratis] (custom)
2022-03-14 12:26:16,055 [pool-452-thread-1] INFO  server.RaftServerConfigKeys (ConfUtils.java:logGet(44)) - raft.server.log.corruption.policy = EXCEPTION (default)
2022-03-14 12:26:16,055 [pool-452-thread-1] INFO  server.RaftServerConfigKeys (ConfUtils.java:logGet(44)) - raft.server.storage.free-space.min = 0MB (=0) (default)
2022-03-14 12:26:16,056 [pool-452-thread-1] INFO  storage.RaftStorageDirectory (RaftStorageDirectoryImpl.java:tryLock(230)) - Lock on /home/runner/work/ozone/ozone/hadoop-ozone/integration-test/target/test-dir/MiniOzoneClusterImpl-278953cb-1c57-4e8b-ba2f-5e3472d45912/omNode-1/ratis/c9bc4cf4-3bc3-3c60-a66b-523986131536/in_use.lock acquired by nodename 10847@fv-az291-848
2022-03-14 12:26:16,057 [pool-452-thread-1] INFO  storage.RaftStorage (RaftStorageImpl.java:analyzeAndRecoverStorage(110)) - Read RaftStorageMetadata{term=11, votedFor=omNode-2} from /home/runner/work/ozone/ozone/hadoop-ozone/integration-test/target/test-dir/MiniOzoneClusterImpl-278953cb-1c57-4e8b-ba2f-5e3472d45912/omNode-1/ratis/c9bc4cf4-3bc3-3c60-a66b-523986131536/current/raft-meta
2022-03-14 12:26:16,057 [pool-452-thread-1] INFO  server.RaftServer$Division (ServerState.java:setRaftConf(387)) - omNode-1@group-523986131536: set configuration 38: [omNode-3|rpc:localhost:38427|admin:|client:|dataStream:|priority:0, omNode-1|rpc:localhost:41375|admin:|client:|dataStream:|priority:0, omNode-2|rpc:localhost:40735|admin:|client:|dataStream:|priority:0], old=null
2022-03-14 12:26:16,057 [pool-452-thread-1] INFO  server.RaftServerConfigKeys (ConfUtils.java:logGet(44)) - raft.server.notification.no-leader.timeout = 2s (custom)
2022-03-14 12:26:16,057 [pool-452-thread-1] INFO  server.RaftServerConfigKeys (ConfUtils.java:logGet(44)) - raft.server.log.use.memory = false (default)
2022-03-14 12:26:16,057 [pool-452-thread-1] INFO  server.RaftServerConfigKeys (ConfUtils.java:logGet(44)) - raft.server.log.purge.gap = 50 (custom)
2022-03-14 12:26:16,057 [pool-452-thread-1] INFO  server.RaftServerConfigKeys (ConfUtils.java:logGet(44)) - raft.server.log.appender.buffer.byte-limit = 33554432 (custom)
2022-03-14 12:26:16,057 [pool-452-thread-1] INFO  server.RaftServerConfigKeys (ConfUtils.java:logGet(44)) - raft.server.log.segment.size.max = 4194304 (custom)
2022-03-14 12:26:16,058 [pool-452-thread-1] INFO  server.RaftServerConfigKeys (ConfUtils.java:logGet(44)) - raft.server.log.segment.cache.num.max = 2 (custom)
2022-03-14 12:26:16,058 [pool-452-thread-1] INFO  server.RaftServerConfigKeys (ConfUtils.java:logGet(44)) - raft.server.log.segment.cache.size.max = 200MB (=209715200) (default)
2022-03-14 12:26:16,058 [pool-452-thread-1] INFO  segmented.SegmentedRaftLogWorker (SegmentedRaftLogWorker.java:<init>(182)) - new omNode-1@group-523986131536-SegmentedRaftLogWorker for RaftStorageImpl:Storage Directory /home/runner/work/ozone/ozone/hadoop-ozone/integration-test/target/test-dir/MiniOzoneClusterImpl-278953cb-1c57-4e8b-ba2f-5e3472d45912/omNode-1/ratis/c9bc4cf4-3bc3-3c60-a66b-523986131536
2022-03-14 12:26:16,058 [pool-452-thread-1] INFO  server.RaftServerConfigKeys (ConfUtils.java:logGet(44)) - raft.server.log.queue.byte-limit = 64MB (=67108864) (default)
2022-03-14 12:26:16,058 [pool-452-thread-1] INFO  server.RaftServerConfigKeys (ConfUtils.java:logGet(44)) - raft.server.log.queue.element-limit = 4096 (default)
2022-03-14 12:26:16,058 [pool-452-thread-1] INFO  server.RaftServerConfigKeys (ConfUtils.java:logGet(44)) - raft.server.log.segment.size.max = 4194304 (custom)
2022-03-14 12:26:16,058 [pool-452-thread-1] INFO  server.RaftServerConfigKeys (ConfUtils.java:logGet(44)) - raft.server.log.preallocated.size = 4194304 (custom)
2022-03-14 12:26:16,058 [pool-452-thread-1] INFO  server.RaftServerConfigKeys (ConfUtils.java:logGet(44)) - raft.server.log.force.sync.num = 128 (default)
2022-03-14 12:26:16,058 [pool-452-thread-1] INFO  server.RaftServerConfigKeys (ConfUtils.java:logGet(44)) - raft.server.log.statemachine.data.sync = true (default)
2022-03-14 12:26:16,058 [pool-452-thread-1] INFO  server.RaftServerConfigKeys (ConfUtils.java:logGet(44)) - raft.server.log.statemachine.data.sync.timeout = 10s (default)
2022-03-14 12:26:16,058 [pool-452-thread-1] INFO  server.RaftServerConfigKeys (ConfUtils.java:logGet(44)) - raft.server.log.statemachine.data.sync.timeout.retry = -1 (default)
2022-03-14 12:26:16,059 [pool-452-thread-1] INFO  server.RaftServerConfigKeys (ConfUtils.java:logGet(44)) - raft.server.log.write.buffer.size = 64KB (=65536) (default)
2022-03-14 12:26:16,059 [pool-452-thread-1] INFO  server.RaftServerConfigKeys (ConfUtils.java:logGet(44)) - raft.server.log.statemachine.data.caching.enabled = false (default)
2022-03-14 12:26:16,059 [pool-452-thread-1] INFO  segmented.SegmentedRaftLogWorker (SegmentedRaftLogWorker.java:lambda$new$0(133)) - omNode-1@group-523986131536-SegmentedRaftLogWorker: flushIndex: setUnconditionally 0 -> 18
2022-03-14 12:26:16,059 [pool-452-thread-1] INFO  segmented.SegmentedRaftLogWorker (SegmentedRaftLogWorker.java:lambda$new$0(133)) - omNode-1@group-523986131536-SegmentedRaftLogWorker: safeCacheEvictIndex: setUnconditionally 0 -> -1
2022-03-14 12:26:16,060 [pool-452-thread-1] INFO  server.RaftServerConfigKeys (ConfUtils.java:logGet(44)) - raft.server.snapshot.auto.trigger.enabled = true (custom)
2022-03-14 12:26:16,060 [pool-452-thread-1] INFO  server.RaftServerConfigKeys (ConfUtils.java:logGet(44)) - raft.server.snapshot.auto.trigger.threshold = 50 (custom)
2022-03-14 12:26:16,060 [pool-452-thread-1] INFO  server.RaftServerConfigKeys (ConfUtils.java:logGet(44)) - raft.server.snapshot.retention.file.num = -1 (default)
2022-03-14 12:26:16,060 [pool-452-thread-1] INFO  server.RaftServerConfigKeys (ConfUtils.java:logGet(44)) - raft.server.log.purge.upto.snapshot.index = true (custom)
2022-03-14 12:26:16,060 [pool-452-thread-1] INFO  server.RaftServerConfigKeys (ConfUtils.java:logGet(44)) - raft.server.retrycache.expirytime = 30000ms (custom)
2022-03-14 12:26:16,060 [pool-452-thread-1] INFO  server.RaftServerConfigKeys (ConfUtils.java:logGet(44)) - raft.server.retrycache.statistics.expirytime = 100μs (default)
2022-03-14 12:26:16,061 [Listener at localhost/38867] INFO  server.RaftServer$Division (RaftServerImpl.java:start(301)) - omNode-1@group-523986131536: start as a follower, conf=38: [omNode-3|rpc:localhost:38427|admin:|client:|dataStream:|priority:0, omNode-1|rpc:localhost:41375|admin:|client:|dataStream:|priority:0, omNode-2|rpc:localhost:40735|admin:|client:|dataStream:|priority:0], old=null
2022-03-14 12:26:16,061 [Listener at localhost/38867] INFO  server.RaftServer$Division (RaftServerImpl.java:setRole(290)) - omNode-1@group-523986131536: changes role from      null to FOLLOWER at term 11 for startAsFollower
2022-03-14 12:26:16,062 [Listener at localhost/38867] INFO  impl.RoleInfo (RoleInfo.java:updateAndGet(130)) - omNode-1: start omNode-1@group-523986131536-FollowerState
2022-03-14 12:26:16,062 [Listener at localhost/38867] INFO  util.JmxRegister (JmxRegister.java:tryRegister(44)) - Successfully registered JMX Bean with object name Ratis:service=RaftServer,group=group-523986131536,id=omNode-1
2022-03-14 12:26:16,063 [Listener at localhost/38867] INFO  server.RaftServer (RaftServerProxy.java:lambda$start$5(374)) - omNode-1: start RPC server
2022-03-14 12:26:16,063 [Listener at localhost/38867] INFO  server.GrpcService (GrpcService.java:startImpl(253)) - omNode-1: GrpcService started, listening on 41375
2022-03-14 12:26:16,064 [Listener at localhost/38867] INFO  ipc.CallQueueManager (CallQueueManager.java:<init>(90)) - Using callQueue: class java.util.concurrent.LinkedBlockingQueue, queueCapacity: 2000, scheduler: class org.apache.hadoop.ipc.DefaultRpcScheduler, ipcBackoff: false.
2022-03-14 12:26:16,064 [org.apache.ratis.util.JvmPauseMonitor$$Lambda$422/892611887@65561c97] INFO  util.JvmPauseMonitor (JvmPauseMonitor.java:run(103)) - JvmPauseMonitor-omNode-1: Started
2022-03-14 12:26:16,064 [Socket Reader #1 for port 33717] INFO  ipc.Server (Server.java:run(1265)) - Starting Socket Reader #1 for port 33717
2022-03-14 12:26:16,081 [Listener at localhost/33717] INFO  http.BaseHttpServer (BaseHttpServer.java:newHttpServer2BuilderForOzone(209)) - Starting Web-server for ozoneManager at: http://0.0.0.0:46861
2022-03-14 12:26:16,081 [Listener at localhost/33717] INFO  http.BaseHttpServer (BaseHttpServer.java:<init>(107)) - Hadoop Security Enabled: false Ozone Security Enabled: false Ozone HTTP Security Enabled: false 
2022-03-14 12:26:16,082 [grpc-default-executor-14] WARN  server.GrpcLogAppender (LogUtils.java:warn(122)) - omNode-2@group-523986131536->omNode-3-AppendLogResponseHandler: Failed appendEntries: org.apache.ratis.thirdparty.io.grpc.StatusRuntimeException: UNAVAILABLE: io exception
2022-03-14 12:26:16,083 [grpc-default-executor-14] WARN  server.GrpcLogAppender (GrpcLogAppender.java:resetClient(110)) - omNode-2@group-523986131536->omNode-3-GrpcLogAppender: Leader has not got in touch with Follower omNode-2@group-523986131536->omNode-3(c-1,m0,n39, attendVote=true, lastRpcSendTime=0, lastRpcResponseTime=3212) yet, just keep nextIndex unchanged and retry.
2022-03-14 12:26:16,084 [Listener at localhost/33717] INFO  server.AuthenticationFilter (AuthenticationFilter.java:constructSecretProvider(240)) - Unable to initialize FileSignerSecretProvider, falling back to use random secrets.
2022-03-14 12:26:16,085 [Listener at localhost/33717] WARN  http.HttpRequestLog (HttpRequestLog.java:getRequestLog(103)) - Jetty request log can only be enabled using Log4j
2022-03-14 12:26:16,086 [Listener at localhost/33717] INFO  http.HttpServer2 (HttpServer2.java:addGlobalFilter(1030)) - Added global filter 'safety' (class=org.apache.hadoop.hdds.server.http.HttpServer2$QuotingInputFilter)
2022-03-14 12:26:16,086 [Listener at localhost/33717] INFO  http.HttpServer2 (HttpServer2.java:addFilter(1006)) - Added filter static_user_filter (class=org.apache.hadoop.http.lib.StaticUserWebFilter$StaticUserFilter) to context ozoneManager
2022-03-14 12:26:16,086 [Listener at localhost/33717] INFO  http.HttpServer2 (HttpServer2.java:addFilter(1014)) - Added filter static_user_filter (class=org.apache.hadoop.http.lib.StaticUserWebFilter$StaticUserFilter) to context static
2022-03-14 12:26:16,086 [Listener at localhost/33717] INFO  http.HttpServer2 (HttpServer2.java:addFilter(1014)) - Added filter static_user_filter (class=org.apache.hadoop.http.lib.StaticUserWebFilter$StaticUserFilter) to context logs
2022-03-14 12:26:16,087 [Listener at localhost/33717] INFO  http.HttpServer2 (HttpServer2.java:bindListener(1249)) - Jetty bound to port 46861
2022-03-14 12:26:16,087 [Listener at localhost/33717] INFO  server.Server (Server.java:doStart(375)) - jetty-9.4.43.v20210629; built: 2021-06-30T11:07:22.254Z; git: 526006ecfa3af7f1a27ef3a288e2bef7ea9dd7e8; jvm 1.8.0_322-b06
2022-03-14 12:26:16,125 [Listener at localhost/33717] INFO  server.session (DefaultSessionIdManager.java:doStart(334)) - DefaultSessionIdManager workerName=node0
2022-03-14 12:26:16,125 [Listener at localhost/33717] INFO  server.session (DefaultSessionIdManager.java:doStart(339)) - No SessionScavenger set, using defaults
2022-03-14 12:26:16,125 [Listener at localhost/33717] INFO  server.session (HouseKeeper.java:startScavenging(132)) - node0 Scavenging every 600000ms
2022-03-14 12:26:16,126 [Listener at localhost/33717] INFO  handler.ContextHandler (ContextHandler.java:doStart(915)) - Started o.e.j.s.ServletContextHandler@6ee96c42{logs,/logs,file:///home/runner/work/ozone/ozone/hadoop-ozone/integration-test/target/log,AVAILABLE}
2022-03-14 12:26:16,126 [Listener at localhost/33717] INFO  handler.ContextHandler (ContextHandler.java:doStart(915)) - Started o.e.j.s.ServletContextHandler@362a713{static,/static,file:///home/runner/work/ozone/ozone/hadoop-ozone/integration-test/target/test-classes/webapps/static,AVAILABLE}
2022-03-14 12:26:16,129 [Listener at localhost/33717] INFO  handler.ContextHandler (ContextHandler.java:doStart(915)) - Started o.e.j.w.WebAppContext@56a54dc0{ozoneManager,/,file:///home/runner/work/ozone/ozone/hadoop-ozone/integration-test/target/test-classes/webapps/ozoneManager/,AVAILABLE}{file:/home/runner/work/ozone/ozone/hadoop-ozone/integration-test/target/test-classes/webapps/ozoneManager}
2022-03-14 12:26:16,130 [Listener at localhost/33717] INFO  server.AbstractConnector (AbstractConnector.java:doStart(331)) - Started ServerConnector@12476120{HTTP/1.1, (http/1.1)}{0.0.0.0:46861}
2022-03-14 12:26:16,130 [Listener at localhost/33717] INFO  server.Server (Server.java:doStart(415)) - Started @540424ms
2022-03-14 12:26:16,130 [Listener at localhost/33717] WARN  impl.MetricsSystemImpl (MetricsSystemImpl.java:register(279)) - Sink prometheus already exists!
2022-03-14 12:26:16,131 [Listener at localhost/33717] INFO  http.BaseHttpServer (BaseHttpServer.java:updateConnectorAddress(329)) - HTTP server of ozoneManager listening at http://0.0.0.0:46861
2022-03-14 12:26:16,133 [IPC Server listener on 33717] INFO  ipc.Server (Server.java:run(1344)) - IPC Server listener on 33717: starting
2022-03-14 12:26:16,134 [IPC Server Responder] INFO  ipc.Server (Server.java:run(1507)) - IPC Server Responder: starting
2022-03-14 12:26:16,138 [Listener at localhost/33717] INFO  om.OzoneManager (OzoneManager.java:startTrashEmptier(1792)) - Trash Interval set to 0. Files deleted will not move to trash
2022-03-14 12:26:16,139 [Listener at localhost/33717] INFO  om.OzoneManager (OzoneManager.java:stop(1893)) - omNode-2[localhost:44939]: Stopping Ozone Manager
2022-03-14 12:26:16,139 [Listener at localhost/33717] INFO  ipc.Server (Server.java:stop(3414)) - Stopping server on 44939
2022-03-14 12:26:16,147 [IPC Server Responder] INFO  ipc.Server (Server.java:run(1512)) - Stopping IPC Server Responder
2022-03-14 12:26:16,147 [IPC Server listener on 44939] INFO  ipc.Server (Server.java:run(1376)) - Stopping IPC Server listener on 44939
2022-03-14 12:26:16,147 [Listener at localhost/33717] INFO  server.RaftServer (RaftServerProxy.java:lambda$close$6(391)) - omNode-2: close
2022-03-14 12:26:16,147 [Listener at localhost/33717] INFO  server.RaftServer$Division (RaftServerImpl.java:lambda$close$4(412)) - omNode-2@group-523986131536: shutdown
2022-03-14 12:26:16,147 [Listener at localhost/33717] INFO  util.JmxRegister (JmxRegister.java:unregister(73)) - Successfully un-registered JMX Bean with object name Ratis:service=RaftServer,group=group-523986131536,id=omNode-2
2022-03-14 12:26:16,147 [Listener at localhost/33717] INFO  impl.RoleInfo (RoleInfo.java:shutdownLeaderState(91)) - omNode-2: shutdown omNode-2@group-523986131536-LeaderStateImpl
2022-03-14 12:26:16,147 [Listener at localhost/33717] INFO  impl.PendingRequests (PendingRequests.java:sendNotLeaderResponses(282)) - omNode-2@group-523986131536-PendingRequests: sendNotLeaderResponses
2022-03-14 12:26:16,148 [omNode-2@group-523986131536->omNode-1-GrpcLogAppender-LogAppenderDaemon] WARN  server.GrpcLogAppender (GrpcLogAppender.java:mayWait(177)) - omNode-2@group-523986131536->omNode-1-GrpcLogAppender: Wait interrupted by java.lang.InterruptedException
2022-03-14 12:26:16,148 [org.apache.hadoop.util.JvmPauseMonitor$Monitor@2bf19163] INFO  util.JvmPauseMonitor (JvmPauseMonitor.java:run(188)) - Starting JVM pause monitor
2022-03-14 12:26:16,149 [Listener at localhost/33717] INFO  impl.StateMachineUpdater (StateMachineUpdater.java:stopAndJoin(149)) - omNode-2@group-523986131536-StateMachineUpdater: set stopIndex = 37
2022-03-14 12:26:16,150 [omNode-2@group-523986131536-StateMachineUpdater] INFO  ratis.OzoneManagerStateMachine (OzoneManagerStateMachine.java:takeSnapshot(417)) - Current Snapshot Index (t:10, i:37)
2022-03-14 12:26:16,150 [omNode-2@group-523986131536-StateMachineUpdater] INFO  impl.StateMachineUpdater (StateMachineUpdater.java:takeSnapshot(281)) - omNode-2@group-523986131536-StateMachineUpdater: Took a snapshot at index 37
2022-03-14 12:26:16,150 [omNode-2@group-523986131536-StateMachineUpdater] INFO  impl.StateMachineUpdater (StateMachineUpdater.java:lambda$new$0(89)) - omNode-2@group-523986131536-StateMachineUpdater: snapshotIndex: updateIncreasingly 33 -> 37
2022-03-14 12:26:16,150 [omNode-2@group-523986131536-StateMachineUpdater] INFO  ratis.OzoneManagerStateMachine (OzoneManagerStateMachine.java:close(471)) - StateMachine has shutdown. Shutdown OzoneManager if not already shutdown.
2022-03-14 12:26:16,150 [Listener at localhost/33717] INFO  server.RaftServer$Division (ServerState.java:close(419)) - omNode-2@group-523986131536: closes. applyIndex: 37
2022-03-14 12:26:16,151 [omNode-2@group-523986131536-SegmentedRaftLogWorker] INFO  segmented.SegmentedRaftLogWorker (SegmentedRaftLogWorker.java:run(327)) - omNode-2@group-523986131536-SegmentedRaftLogWorker was interrupted, exiting. There are 0 tasks remaining in the queue.
2022-03-14 12:26:16,152 [Listener at localhost/33717] INFO  segmented.SegmentedRaftLogWorker (SegmentedRaftLogWorker.java:close(237)) - omNode-2@group-523986131536-SegmentedRaftLogWorker close()
2022-03-14 12:26:16,153 [Listener at localhost/33717] INFO  server.GrpcService (GrpcService.java:closeImpl(262)) - omNode-2: shutdown server with port 40735 now
2022-03-14 12:26:16,157 [Listener at localhost/33717] INFO  server.GrpcService (GrpcService.java:closeImpl(271)) - omNode-2: shutdown server with port 40735 successfully
2022-03-14 12:26:16,158 [org.apache.ratis.util.JvmPauseMonitor$$Lambda$422/892611887@73a35ce8] INFO  util.JvmPauseMonitor (JvmPauseMonitor.java:run(109)) - JvmPauseMonitor-omNode-2: Stopped
2022-03-14 12:26:16,158 [Listener at localhost/33717] INFO  ratis.OzoneManagerDoubleBuffer (OzoneManagerDoubleBuffer.java:stop(437)) - Stopping OMDoubleBuffer flush thread
2022-03-14 12:26:16,158 [OMDoubleBufferFlushThread] INFO  ratis.OzoneManagerDoubleBuffer (OzoneManagerDoubleBuffer.java:flushTransactions(356)) - OMDoubleBuffer flush thread OMDoubleBufferFlushThread is interrupted and will exit. OMDoubleBufferFlushThread
2022-03-14 12:26:16,159 [Listener at localhost/33717] INFO  handler.ContextHandler (ContextHandler.java:doStop(1153)) - Stopped o.e.j.w.WebAppContext@7334f8bd{ozoneManager,/,null,STOPPED}{file:/home/runner/work/ozone/ozone/hadoop-ozone/integration-test/target/test-classes/webapps/ozoneManager}
2022-03-14 12:26:16,159 [Listener at localhost/33717] INFO  server.AbstractConnector (AbstractConnector.java:doStop(381)) - Stopped ServerConnector@3f6b814e{HTTP/1.1, (http/1.1)}{0.0.0.0:45729}
2022-03-14 12:26:16,159 [Listener at localhost/33717] INFO  server.session (HouseKeeper.java:stopScavenging(149)) - node0 Stopped scavenging
2022-03-14 12:26:16,160 [Listener at localhost/33717] INFO  handler.ContextHandler (ContextHandler.java:doStop(1153)) - Stopped o.e.j.s.ServletContextHandler@3cb17fc1{static,/static,file:///home/runner/work/ozone/ozone/hadoop-ozone/integration-test/target/test-classes/webapps/static,STOPPED}
2022-03-14 12:26:16,160 [Listener at localhost/33717] INFO  handler.ContextHandler (ContextHandler.java:doStop(1153)) - Stopped o.e.j.s.ServletContextHandler@3f9a8ff1{logs,/logs,file:///home/runner/work/ozone/ozone/hadoop-ozone/integration-test/target/log,STOPPED}
2022-03-14 12:26:16,163 [Listener at localhost/33717] INFO  om.OzoneManager (OzoneManager.java:restart(1451)) - OzoneManager RPC server is listening at localhost/127.0.0.1:44939
2022-03-14 12:26:16,163 [Listener at localhost/33717] INFO  impl.MetricsSystemImpl (MetricsSystemImpl.java:init(158)) - OzoneManager metrics system started (again)
2022-03-14 12:26:16,175 [Listener at localhost/33717] WARN  server.ServerUtils (ServerUtils.java:getDBPath(225)) - ozone.om.db.dirs is not configured. We recommend adding this setting. Falling back to ozone.metadata.dirs instead.
2022-03-14 12:26:16,176 [Listener at localhost/33717] INFO  codec.OmKeyInfoCodec (OmKeyInfoCodec.java:<init>(49)) - OmKeyInfoCodec ignorePipeline = true
2022-03-14 12:26:16,176 [Listener at localhost/33717] INFO  codec.RepeatedOmKeyInfoCodec (RepeatedOmKeyInfoCodec.java:<init>(41)) - RepeatedOmKeyInfoCodec ignorePipeline = true
2022-03-14 12:26:16,206 [Listener at localhost/33717] WARN  impl.MetricRegistriesImpl (MetricRegistriesImpl.java:addReporterRegistration(111)) - New reporters are added after registries were created. Some metrics will be missing from the reporter. Please add reporter before adding any new registry.
2022-03-14 12:26:16,206 [Listener at localhost/33717] WARN  impl.MetricRegistriesImpl (MetricRegistriesImpl.java:addReporterRegistration(111)) - New reporters are added after registries were created. Some metrics will be missing from the reporter. Please add reporter before adding any new registry.
2022-03-14 12:26:16,206 [Listener at localhost/33717] WARN  server.ServerUtils (ServerUtils.java:getDefaultRatisDirectory(237)) - Storage directory for Ratis is not configured. It is a good idea to map this to an SSD disk. Falling back to ozone.metadata.dirs
2022-03-14 12:26:16,207 [Listener at localhost/33717] INFO  ratis.OzoneManagerRatisServer (OzoneManagerRatisServer.java:<init>(159)) - Instantiating OM Ratis server with groupID: om-service-test1 and peers: localhost:40735, localhost:38427, localhost:41375
2022-03-14 12:26:16,207 [Listener at localhost/33717] INFO  ratis.OzoneManagerStateMachine (OzoneManagerStateMachine.java:loadSnapshotInfoFromDB(605)) - LastAppliedIndex is set from TransactionInfo from OM DB as (t:10, i:37)
2022-03-14 12:26:16,207 [Listener at localhost/33717] INFO  server.RaftServer (ConfUtils.java:logGet(44)) - raft.rpc.type = GRPC (default)
2022-03-14 12:26:16,207 [Listener at localhost/33717] INFO  grpc.GrpcFactory (GrpcFactory.java:checkPooledByteBufAllocatorUseCacheForAllThreads(48)) - PERFORMANCE WARNING: useCacheForAllThreads is true that may cause Netty to create a lot garbage objects and, as a result, trigger GC.
	It is recommended to disable useCacheForAllThreads by setting -Dorg.apache.ratis.thirdparty.io.netty.allocator.useCacheForAllThreads=false in command line.
2022-03-14 12:26:16,207 [Listener at localhost/33717] INFO  grpc.GrpcConfigKeys (ConfUtils.java:logGet(44)) - raft.grpc.admin.port = -1 (default)
2022-03-14 12:26:16,207 [Listener at localhost/33717] INFO  grpc.GrpcConfigKeys (ConfUtils.java:logGet(44)) - raft.grpc.server.port = 40735 (custom)
2022-03-14 12:26:16,207 [Listener at localhost/33717] INFO  grpc.GrpcConfigKeys (ConfUtils.java:logGet(44)) - raft.grpc.client.port = -1 (default)
2022-03-14 12:26:16,208 [Listener at localhost/33717] INFO  grpc.GrpcConfigKeys (ConfUtils.java:logGet(44)) - raft.grpc.server.port = 40735 (custom)
2022-03-14 12:26:16,208 [Listener at localhost/33717] INFO  grpc.GrpcConfigKeys (ConfUtils.java:logGet(44)) - raft.grpc.server.port = 40735 (custom)
2022-03-14 12:26:16,208 [Listener at localhost/33717] INFO  server.GrpcService (ConfUtils.java:logGet(44)) - raft.grpc.message.size.max = 33554432 (custom)
2022-03-14 12:26:16,208 [Listener at localhost/33717] INFO  server.RaftServerConfigKeys (ConfUtils.java:logGet(44)) - raft.server.log.appender.buffer.byte-limit = 33554432 (custom)
2022-03-14 12:26:16,208 [Listener at localhost/33717] INFO  server.GrpcService (ConfUtils.java:logGet(44)) - raft.grpc.flow.control.window = 1MB (=1048576) (default)
2022-03-14 12:26:16,208 [Listener at localhost/33717] INFO  server.RaftServerConfigKeys (ConfUtils.java:logGet(44)) - raft.server.rpc.request.timeout = 3000ms (default)
2022-03-14 12:26:16,209 [Listener at localhost/33717] INFO  impl.DataStreamServerImpl (ConfUtils.java:logGet(44)) - raft.datastream.type = DISABLED (default)
2022-03-14 12:26:16,209 [Listener at localhost/33717] INFO  server.RaftServerConfigKeys (ConfUtils.java:logGet(44)) - raft.server.rpc.slowness.timeout = 2s (custom)
2022-03-14 12:26:16,209 [Listener at localhost/33717] INFO  server.RaftServerConfigKeys (ConfUtils.java:logGet(44)) - raft.server.leaderelection.leader.step-down.wait-time = 10s (default)
2022-03-14 12:26:16,209 [Listener at localhost/33717] INFO  server.RaftServerConfigKeys (ConfUtils.java:logGet(44)) - raft.server.storage.dir = [/home/runner/work/ozone/ozone/hadoop-ozone/integration-test/target/test-dir/MiniOzoneClusterImpl-278953cb-1c57-4e8b-ba2f-5e3472d45912/omNode-2/ratis] (custom)
2022-03-14 12:26:16,209 [Listener at localhost/33717] INFO  server.RaftServer (RaftServerProxy.java:lambda$null$1(235)) - omNode-2: found a subdirectory /home/runner/work/ozone/ozone/hadoop-ozone/integration-test/target/test-dir/MiniOzoneClusterImpl-278953cb-1c57-4e8b-ba2f-5e3472d45912/omNode-2/ratis/c9bc4cf4-3bc3-3c60-a66b-523986131536
2022-03-14 12:26:16,210 [Listener at localhost/33717] INFO  server.RaftServer (RaftServerProxy.java:addNew(95)) - omNode-2: addNew group-523986131536:[omNode-3|rpc:localhost:38427|priority:0, omNode-1|rpc:localhost:41375|priority:0, omNode-2|rpc:localhost:40735|priority:0] returns group-523986131536:java.util.concurrent.CompletableFuture@25e720de[Not completed]
2022-03-14 12:26:16,210 [Listener at localhost/33717] INFO  om.OzoneManager (OzoneManager.java:initializeRatisServer(1834)) - OzoneManager Ratis server initialized at port 40735
2022-03-14 12:26:16,210 [Listener at localhost/33717] INFO  ratis.OzoneManagerRatisServer (OzoneManagerRatisServer.java:start(554)) - Starting OzoneManagerRatisServer omNode-2 at port 40735
2022-03-14 12:26:16,210 [pool-472-thread-1] INFO  server.RaftServer$Division (RaftServerImpl.java:<init>(184)) - omNode-2: new RaftServerImpl for group-523986131536:[omNode-3|rpc:localhost:38427|priority:0, omNode-1|rpc:localhost:41375|priority:0, omNode-2|rpc:localhost:40735|priority:0] with OzoneManagerStateMachine:uninitialized
2022-03-14 12:26:16,211 [pool-472-thread-1] INFO  server.RaftServerConfigKeys (ConfUtils.java:logGet(44)) - raft.server.rpc.timeout.min = 1s (custom)
2022-03-14 12:26:16,211 [pool-472-thread-1] INFO  server.RaftServerConfigKeys (ConfUtils.java:logGet(44)) - raft.server.rpc.timeout.max = 1200ms (custom)
2022-03-14 12:26:16,211 [pool-472-thread-1] INFO  server.RaftServerConfigKeys (ConfUtils.java:logGet(44)) - raft.server.rpc.sleep.time = 25ms (default)
2022-03-14 12:26:16,211 [pool-472-thread-1] INFO  server.RaftServerConfigKeys (ConfUtils.java:logGet(44)) - raft.server.rpc.slowness.timeout = 2s (custom)
2022-03-14 12:26:16,211 [pool-472-thread-1] INFO  server.RaftServerConfigKeys (ConfUtils.java:logGet(44)) - raft.server.leaderelection.leader.step-down.wait-time = 10s (default)
2022-03-14 12:26:16,211 [pool-472-thread-1] INFO  server.RaftServerConfigKeys (ConfUtils.java:logGet(44)) - raft.server.sleep.deviation.threshold = 300ms (default)
2022-03-14 12:26:16,211 [pool-472-thread-1] INFO  server.RaftServerConfigKeys (ConfUtils.java:logGet(44)) - raft.server.log.appender.install.snapshot.enabled = false (custom)
2022-03-14 12:26:16,211 [pool-472-thread-1] INFO  server.RaftServer$Division (ServerState.java:<init>(105)) - omNode-2@group-523986131536: ConfigurationManager, init=-1: [omNode-3|rpc:localhost:38427|priority:0, omNode-1|rpc:localhost:41375|priority:0, omNode-2|rpc:localhost:40735|priority:0], old=null, confs=<EMPTY_MAP>
2022-03-14 12:26:16,211 [pool-472-thread-1] INFO  server.RaftServerConfigKeys (ConfUtils.java:logGet(44)) - raft.server.storage.dir = [/home/runner/work/ozone/ozone/hadoop-ozone/integration-test/target/test-dir/MiniOzoneClusterImpl-278953cb-1c57-4e8b-ba2f-5e3472d45912/omNode-2/ratis] (custom)
2022-03-14 12:26:16,211 [pool-472-thread-1] INFO  server.RaftServerConfigKeys (ConfUtils.java:logGet(44)) - raft.server.log.corruption.policy = EXCEPTION (default)
2022-03-14 12:26:16,211 [pool-472-thread-1] INFO  server.RaftServerConfigKeys (ConfUtils.java:logGet(44)) - raft.server.storage.free-space.min = 0MB (=0) (default)
2022-03-14 12:26:16,212 [pool-472-thread-1] INFO  storage.RaftStorageDirectory (RaftStorageDirectoryImpl.java:tryLock(230)) - Lock on /home/runner/work/ozone/ozone/hadoop-ozone/integration-test/target/test-dir/MiniOzoneClusterImpl-278953cb-1c57-4e8b-ba2f-5e3472d45912/omNode-2/ratis/c9bc4cf4-3bc3-3c60-a66b-523986131536/in_use.lock acquired by nodename 10847@fv-az291-848
2022-03-14 12:26:16,212 [pool-472-thread-1] INFO  storage.RaftStorage (RaftStorageImpl.java:analyzeAndRecoverStorage(110)) - Read RaftStorageMetadata{term=11, votedFor=omNode-2} from /home/runner/work/ozone/ozone/hadoop-ozone/integration-test/target/test-dir/MiniOzoneClusterImpl-278953cb-1c57-4e8b-ba2f-5e3472d45912/omNode-2/ratis/c9bc4cf4-3bc3-3c60-a66b-523986131536/current/raft-meta
2022-03-14 12:26:16,213 [pool-472-thread-1] INFO  server.RaftServer$Division (ServerState.java:setRaftConf(387)) - omNode-2@group-523986131536: set configuration 34: [omNode-3|rpc:localhost:38427|admin:|client:|dataStream:|priority:0, omNode-1|rpc:localhost:41375|admin:|client:|dataStream:|priority:0, omNode-2|rpc:localhost:40735|admin:|client:|dataStream:|priority:0], old=null
2022-03-14 12:26:16,213 [pool-472-thread-1] INFO  server.RaftServerConfigKeys (ConfUtils.java:logGet(44)) - raft.server.notification.no-leader.timeout = 2s (custom)
2022-03-14 12:26:16,213 [pool-472-thread-1] INFO  server.RaftServerConfigKeys (ConfUtils.java:logGet(44)) - raft.server.log.use.memory = false (default)
2022-03-14 12:26:16,213 [pool-472-thread-1] INFO  server.RaftServerConfigKeys (ConfUtils.java:logGet(44)) - raft.server.log.purge.gap = 50 (custom)
2022-03-14 12:26:16,213 [pool-472-thread-1] INFO  server.RaftServerConfigKeys (ConfUtils.java:logGet(44)) - raft.server.log.appender.buffer.byte-limit = 33554432 (custom)
2022-03-14 12:26:16,213 [pool-472-thread-1] INFO  server.RaftServerConfigKeys (ConfUtils.java:logGet(44)) - raft.server.log.segment.size.max = 4194304 (custom)
2022-03-14 12:26:16,213 [pool-472-thread-1] INFO  server.RaftServerConfigKeys (ConfUtils.java:logGet(44)) - raft.server.log.segment.cache.num.max = 2 (custom)
2022-03-14 12:26:16,214 [pool-472-thread-1] INFO  server.RaftServerConfigKeys (ConfUtils.java:logGet(44)) - raft.server.log.segment.cache.size.max = 200MB (=209715200) (default)
2022-03-14 12:26:16,214 [pool-472-thread-1] INFO  segmented.SegmentedRaftLogWorker (SegmentedRaftLogWorker.java:<init>(182)) - new omNode-2@group-523986131536-SegmentedRaftLogWorker for RaftStorageImpl:Storage Directory /home/runner/work/ozone/ozone/hadoop-ozone/integration-test/target/test-dir/MiniOzoneClusterImpl-278953cb-1c57-4e8b-ba2f-5e3472d45912/omNode-2/ratis/c9bc4cf4-3bc3-3c60-a66b-523986131536
2022-03-14 12:26:16,214 [pool-472-thread-1] INFO  server.RaftServerConfigKeys (ConfUtils.java:logGet(44)) - raft.server.log.queue.byte-limit = 64MB (=67108864) (default)
2022-03-14 12:26:16,214 [pool-472-thread-1] INFO  server.RaftServerConfigKeys (ConfUtils.java:logGet(44)) - raft.server.log.queue.element-limit = 4096 (default)
2022-03-14 12:26:16,214 [pool-472-thread-1] INFO  server.RaftServerConfigKeys (ConfUtils.java:logGet(44)) - raft.server.log.segment.size.max = 4194304 (custom)
2022-03-14 12:26:16,214 [pool-472-thread-1] INFO  server.RaftServerConfigKeys (ConfUtils.java:logGet(44)) - raft.server.log.preallocated.size = 4194304 (custom)
2022-03-14 12:26:16,214 [pool-472-thread-1] INFO  server.RaftServerConfigKeys (ConfUtils.java:logGet(44)) - raft.server.log.force.sync.num = 128 (default)
2022-03-14 12:26:16,214 [pool-472-thread-1] INFO  server.RaftServerConfigKeys (ConfUtils.java:logGet(44)) - raft.server.log.statemachine.data.sync = true (default)
2022-03-14 12:26:16,214 [pool-472-thread-1] INFO  server.RaftServerConfigKeys (ConfUtils.java:logGet(44)) - raft.server.log.statemachine.data.sync.timeout = 10s (default)
2022-03-14 12:26:16,214 [pool-472-thread-1] INFO  server.RaftServerConfigKeys (ConfUtils.java:logGet(44)) - raft.server.log.statemachine.data.sync.timeout.retry = -1 (default)
2022-03-14 12:26:16,215 [pool-472-thread-1] INFO  server.RaftServerConfigKeys (ConfUtils.java:logGet(44)) - raft.server.log.write.buffer.size = 64KB (=65536) (default)
2022-03-14 12:26:16,215 [pool-472-thread-1] INFO  server.RaftServerConfigKeys (ConfUtils.java:logGet(44)) - raft.server.log.statemachine.data.caching.enabled = false (default)
2022-03-14 12:26:16,216 [pool-472-thread-1] INFO  server.RaftServer$Division (ServerState.java:setRaftConf(387)) - omNode-2@group-523986131536: set configuration 19: [omNode-3|rpc:localhost:38427|admin:|client:|dataStream:|priority:0, omNode-1|rpc:localhost:41375|admin:|client:|dataStream:|priority:0, omNode-2|rpc:localhost:40735|admin:|client:|dataStream:|priority:0], old=null
2022-03-14 12:26:16,216 [pool-472-thread-1] INFO  segmented.LogSegment (LogSegment.java:loadSegment(173)) - Successfully read 2 entries from segment file /home/runner/work/ozone/ozone/hadoop-ozone/integration-test/target/test-dir/MiniOzoneClusterImpl-278953cb-1c57-4e8b-ba2f-5e3472d45912/omNode-2/ratis/c9bc4cf4-3bc3-3c60-a66b-523986131536/current/log_19-20
2022-03-14 12:26:16,216 [pool-472-thread-1] INFO  server.RaftServer$Division (ServerState.java:setRaftConf(387)) - omNode-2@group-523986131536: set configuration 21: [omNode-3|rpc:localhost:38427|admin:|client:|dataStream:|priority:0, omNode-1|rpc:localhost:41375|admin:|client:|dataStream:|priority:0, omNode-2|rpc:localhost:40735|admin:|client:|dataStream:|priority:0], old=null
2022-03-14 12:26:16,216 [pool-472-thread-1] INFO  segmented.LogSegment (LogSegment.java:loadSegment(173)) - Successfully read 4 entries from segment file /home/runner/work/ozone/ozone/hadoop-ozone/integration-test/target/test-dir/MiniOzoneClusterImpl-278953cb-1c57-4e8b-ba2f-5e3472d45912/omNode-2/ratis/c9bc4cf4-3bc3-3c60-a66b-523986131536/current/log_21-24
2022-03-14 12:26:16,216 [pool-472-thread-1] INFO  server.RaftServer$Division (ServerState.java:setRaftConf(387)) - omNode-2@group-523986131536: set configuration 25: [omNode-3|rpc:localhost:38427|admin:|client:|dataStream:|priority:0, omNode-1|rpc:localhost:41375|admin:|client:|dataStream:|priority:0, omNode-2|rpc:localhost:40735|admin:|client:|dataStream:|priority:0], old=null
2022-03-14 12:26:16,216 [pool-472-thread-1] INFO  segmented.LogSegment (LogSegment.java:loadSegment(173)) - Successfully read 4 entries from segment file /home/runner/work/ozone/ozone/hadoop-ozone/integration-test/target/test-dir/MiniOzoneClusterImpl-278953cb-1c57-4e8b-ba2f-5e3472d45912/omNode-2/ratis/c9bc4cf4-3bc3-3c60-a66b-523986131536/current/log_25-28
2022-03-14 12:26:16,216 [pool-472-thread-1] INFO  server.RaftServer$Division (ServerState.java:setRaftConf(387)) - omNode-2@group-523986131536: set configuration 29: [omNode-3|rpc:localhost:38427|admin:|client:|dataStream:|priority:0, omNode-1|rpc:localhost:41375|admin:|client:|dataStream:|priority:0, omNode-2|rpc:localhost:40735|admin:|client:|dataStream:|priority:0], old=null
2022-03-14 12:26:16,217 [pool-472-thread-1] INFO  segmented.LogSegment (LogSegment.java:loadSegment(173)) - Successfully read 1 entries from segment file /home/runner/work/ozone/ozone/hadoop-ozone/integration-test/target/test-dir/MiniOzoneClusterImpl-278953cb-1c57-4e8b-ba2f-5e3472d45912/omNode-2/ratis/c9bc4cf4-3bc3-3c60-a66b-523986131536/current/log_29-29
2022-03-14 12:26:16,217 [pool-472-thread-1] INFO  server.RaftServer$Division (ServerState.java:setRaftConf(387)) - omNode-2@group-523986131536: set configuration 30: [omNode-3|rpc:localhost:38427|admin:|client:|dataStream:|priority:0, omNode-1|rpc:localhost:41375|admin:|client:|dataStream:|priority:0, omNode-2|rpc:localhost:40735|admin:|client:|dataStream:|priority:0], old=null
2022-03-14 12:26:16,217 [pool-472-thread-1] INFO  segmented.LogSegment (LogSegment.java:loadSegment(173)) - Successfully read 4 entries from segment file /home/runner/work/ozone/ozone/hadoop-ozone/integration-test/target/test-dir/MiniOzoneClusterImpl-278953cb-1c57-4e8b-ba2f-5e3472d45912/omNode-2/ratis/c9bc4cf4-3bc3-3c60-a66b-523986131536/current/log_30-33
2022-03-14 12:26:16,217 [pool-472-thread-1] INFO  server.RaftServer$Division (ServerState.java:setRaftConf(387)) - omNode-2@group-523986131536: set configuration 34: [omNode-3|rpc:localhost:38427|admin:|client:|dataStream:|priority:0, omNode-1|rpc:localhost:41375|admin:|client:|dataStream:|priority:0, omNode-2|rpc:localhost:40735|admin:|client:|dataStream:|priority:0], old=null
2022-03-14 12:26:16,217 [pool-472-thread-1] INFO  segmented.LogSegment (LogSegment.java:loadSegment(173)) - Successfully read 4 entries from segment file /home/runner/work/ozone/ozone/hadoop-ozone/integration-test/target/test-dir/MiniOzoneClusterImpl-278953cb-1c57-4e8b-ba2f-5e3472d45912/omNode-2/ratis/c9bc4cf4-3bc3-3c60-a66b-523986131536/current/log_34-37
2022-03-14 12:26:16,217 [pool-472-thread-1] INFO  server.RaftServer$Division (ServerState.java:setRaftConf(387)) - omNode-2@group-523986131536: set configuration 38: [omNode-3|rpc:localhost:38427|admin:|client:|dataStream:|priority:0, omNode-1|rpc:localhost:41375|admin:|client:|dataStream:|priority:0, omNode-2|rpc:localhost:40735|admin:|client:|dataStream:|priority:0], old=null
2022-03-14 12:26:16,217 [pool-472-thread-1] INFO  segmented.LogSegment (LogSegment.java:loadSegment(173)) - Successfully read 1 entries from segment file /home/runner/work/ozone/ozone/hadoop-ozone/integration-test/target/test-dir/MiniOzoneClusterImpl-278953cb-1c57-4e8b-ba2f-5e3472d45912/omNode-2/ratis/c9bc4cf4-3bc3-3c60-a66b-523986131536/current/log_inprogress_38
2022-03-14 12:26:16,217 [pool-472-thread-1] INFO  segmented.SegmentedRaftLogWorker (SegmentedRaftLogWorker.java:lambda$new$0(133)) - omNode-2@group-523986131536-SegmentedRaftLogWorker: flushIndex: setUnconditionally 0 -> 38
2022-03-14 12:26:16,217 [pool-472-thread-1] INFO  segmented.SegmentedRaftLogWorker (SegmentedRaftLogWorker.java:lambda$new$0(133)) - omNode-2@group-523986131536-SegmentedRaftLogWorker: safeCacheEvictIndex: setUnconditionally 0 -> 37
2022-03-14 12:26:16,217 [pool-472-thread-1] INFO  raftlog.RaftLog (RaftLogBase.java:lambda$new$0(53)) - omNode-2@group-523986131536-SegmentedRaftLog: commitIndex: updateToMax old=37, new=36, updated? false
2022-03-14 12:26:16,218 [pool-472-thread-1] INFO  raftlog.RaftLog (RaftLogBase.java:lambda$new$0(53)) - omNode-2@group-523986131536-SegmentedRaftLog: purgeIndex: updateIncreasingly -1 -> 18
2022-03-14 12:26:16,218 [pool-472-thread-1] INFO  server.RaftServerConfigKeys (ConfUtils.java:logGet(44)) - raft.server.snapshot.auto.trigger.enabled = true (custom)
2022-03-14 12:26:16,218 [pool-472-thread-1] INFO  server.RaftServerConfigKeys (ConfUtils.java:logGet(44)) - raft.server.snapshot.auto.trigger.threshold = 50 (custom)
2022-03-14 12:26:16,218 [pool-472-thread-1] INFO  server.RaftServerConfigKeys (ConfUtils.java:logGet(44)) - raft.server.snapshot.retention.file.num = -1 (default)
2022-03-14 12:26:16,218 [pool-472-thread-1] INFO  server.RaftServerConfigKeys (ConfUtils.java:logGet(44)) - raft.server.log.purge.upto.snapshot.index = true (custom)
2022-03-14 12:26:16,218 [pool-472-thread-1] INFO  server.RaftServerConfigKeys (ConfUtils.java:logGet(44)) - raft.server.retrycache.expirytime = 30000ms (custom)
2022-03-14 12:26:16,218 [pool-472-thread-1] INFO  server.RaftServerConfigKeys (ConfUtils.java:logGet(44)) - raft.server.retrycache.statistics.expirytime = 100μs (default)
2022-03-14 12:26:16,219 [Listener at localhost/33717] INFO  server.RaftServer$Division (RaftServerImpl.java:start(301)) - omNode-2@group-523986131536: start as a follower, conf=38: [omNode-3|rpc:localhost:38427|admin:|client:|dataStream:|priority:0, omNode-1|rpc:localhost:41375|admin:|client:|dataStream:|priority:0, omNode-2|rpc:localhost:40735|admin:|client:|dataStream:|priority:0], old=null
2022-03-14 12:26:16,219 [Listener at localhost/33717] INFO  server.RaftServer$Division (RaftServerImpl.java:setRole(290)) - omNode-2@group-523986131536: changes role from      null to FOLLOWER at term 11 for startAsFollower
2022-03-14 12:26:16,219 [Listener at localhost/33717] INFO  impl.RoleInfo (RoleInfo.java:updateAndGet(130)) - omNode-2: start omNode-2@group-523986131536-FollowerState
2022-03-14 12:26:16,219 [Listener at localhost/33717] INFO  util.JmxRegister (JmxRegister.java:tryRegister(44)) - Successfully registered JMX Bean with object name Ratis:service=RaftServer,group=group-523986131536,id=omNode-2
2022-03-14 12:26:16,220 [Listener at localhost/33717] INFO  server.RaftServer (RaftServerProxy.java:lambda$start$5(374)) - omNode-2: start RPC server
2022-03-14 12:26:16,220 [Listener at localhost/33717] INFO  server.GrpcService (GrpcService.java:startImpl(253)) - omNode-2: GrpcService started, listening on 40735
2022-03-14 12:26:16,221 [Listener at localhost/33717] INFO  ipc.CallQueueManager (CallQueueManager.java:<init>(90)) - Using callQueue: class java.util.concurrent.LinkedBlockingQueue, queueCapacity: 2000, scheduler: class org.apache.hadoop.ipc.DefaultRpcScheduler, ipcBackoff: false.
2022-03-14 12:26:16,221 [org.apache.ratis.util.JvmPauseMonitor$$Lambda$422/892611887@5d0854af] INFO  util.JvmPauseMonitor (JvmPauseMonitor.java:run(103)) - JvmPauseMonitor-omNode-2: Started
2022-03-14 12:26:16,221 [Socket Reader #1 for port 44939] INFO  ipc.Server (Server.java:run(1265)) - Starting Socket Reader #1 for port 44939
2022-03-14 12:26:16,224 [Listener at localhost/44939] INFO  http.BaseHttpServer (BaseHttpServer.java:newHttpServer2BuilderForOzone(209)) - Starting Web-server for ozoneManager at: http://0.0.0.0:45729
2022-03-14 12:26:16,224 [Listener at localhost/44939] INFO  http.BaseHttpServer (BaseHttpServer.java:<init>(107)) - Hadoop Security Enabled: false Ozone Security Enabled: false Ozone HTTP Security Enabled: false 
2022-03-14 12:26:16,225 [Listener at localhost/44939] INFO  server.AuthenticationFilter (AuthenticationFilter.java:constructSecretProvider(240)) - Unable to initialize FileSignerSecretProvider, falling back to use random secrets.
2022-03-14 12:26:16,225 [Listener at localhost/44939] WARN  http.HttpRequestLog (HttpRequestLog.java:getRequestLog(103)) - Jetty request log can only be enabled using Log4j
2022-03-14 12:26:16,226 [Listener at localhost/44939] INFO  http.HttpServer2 (HttpServer2.java:addGlobalFilter(1030)) - Added global filter 'safety' (class=org.apache.hadoop.hdds.server.http.HttpServer2$QuotingInputFilter)
2022-03-14 12:26:16,227 [Listener at localhost/44939] INFO  http.HttpServer2 (HttpServer2.java:addFilter(1006)) - Added filter static_user_filter (class=org.apache.hadoop.http.lib.StaticUserWebFilter$StaticUserFilter) to context ozoneManager
2022-03-14 12:26:16,227 [Listener at localhost/44939] INFO  http.HttpServer2 (HttpServer2.java:addFilter(1014)) - Added filter static_user_filter (class=org.apache.hadoop.http.lib.StaticUserWebFilter$StaticUserFilter) to context logs
2022-03-14 12:26:16,227 [Listener at localhost/44939] INFO  http.HttpServer2 (HttpServer2.java:addFilter(1014)) - Added filter static_user_filter (class=org.apache.hadoop.http.lib.StaticUserWebFilter$StaticUserFilter) to context static
2022-03-14 12:26:16,227 [Listener at localhost/44939] INFO  http.HttpServer2 (HttpServer2.java:bindListener(1249)) - Jetty bound to port 45729
2022-03-14 12:26:16,227 [Listener at localhost/44939] INFO  server.Server (Server.java:doStart(375)) - jetty-9.4.43.v20210629; built: 2021-06-30T11:07:22.254Z; git: 526006ecfa3af7f1a27ef3a288e2bef7ea9dd7e8; jvm 1.8.0_322-b06
2022-03-14 12:26:16,228 [Listener at localhost/44939] INFO  server.session (DefaultSessionIdManager.java:doStart(334)) - DefaultSessionIdManager workerName=node0
2022-03-14 12:26:16,228 [Listener at localhost/44939] INFO  server.session (DefaultSessionIdManager.java:doStart(339)) - No SessionScavenger set, using defaults
2022-03-14 12:26:16,229 [Listener at localhost/44939] INFO  server.session (HouseKeeper.java:startScavenging(132)) - node0 Scavenging every 600000ms
2022-03-14 12:26:16,229 [Listener at localhost/44939] INFO  handler.ContextHandler (ContextHandler.java:doStart(915)) - Started o.e.j.s.ServletContextHandler@460c3e5c{logs,/logs,file:///home/runner/work/ozone/ozone/hadoop-ozone/integration-test/target/log,AVAILABLE}
2022-03-14 12:26:16,229 [Listener at localhost/44939] INFO  handler.ContextHandler (ContextHandler.java:doStart(915)) - Started o.e.j.s.ServletContextHandler@4d7094be{static,/static,file:///home/runner/work/ozone/ozone/hadoop-ozone/integration-test/target/test-classes/webapps/static,AVAILABLE}
2022-03-14 12:26:16,233 [Listener at localhost/44939] INFO  handler.ContextHandler (ContextHandler.java:doStart(915)) - Started o.e.j.w.WebAppContext@444967f8{ozoneManager,/,file:///home/runner/work/ozone/ozone/hadoop-ozone/integration-test/target/test-classes/webapps/ozoneManager/,AVAILABLE}{file:/home/runner/work/ozone/ozone/hadoop-ozone/integration-test/target/test-classes/webapps/ozoneManager}
2022-03-14 12:26:16,234 [Listener at localhost/44939] INFO  server.AbstractConnector (AbstractConnector.java:doStart(331)) - Started ServerConnector@202ce932{HTTP/1.1, (http/1.1)}{0.0.0.0:45729}
2022-03-14 12:26:16,235 [Listener at localhost/44939] INFO  server.Server (Server.java:doStart(415)) - Started @540529ms
2022-03-14 12:26:16,235 [Listener at localhost/44939] WARN  impl.MetricsSystemImpl (MetricsSystemImpl.java:register(279)) - Sink prometheus already exists!
2022-03-14 12:26:16,235 [Listener at localhost/44939] INFO  http.BaseHttpServer (BaseHttpServer.java:updateConnectorAddress(329)) - HTTP server of ozoneManager listening at http://0.0.0.0:45729
2022-03-14 12:26:16,235 [IPC Server Responder] INFO  ipc.Server (Server.java:run(1507)) - IPC Server Responder: starting
2022-03-14 12:26:16,238 [IPC Server listener on 44939] INFO  ipc.Server (Server.java:run(1344)) - IPC Server listener on 44939: starting
2022-03-14 12:26:16,251 [Listener at localhost/44939] INFO  om.OzoneManager (OzoneManager.java:startTrashEmptier(1792)) - Trash Interval set to 0. Files deleted will not move to trash
2022-03-14 12:26:16,252 [org.apache.hadoop.util.JvmPauseMonitor$Monitor@2b3b9dfd] INFO  util.JvmPauseMonitor (JvmPauseMonitor.java:run(188)) - Starting JVM pause monitor
]]></system-out>
  </testcase>
</testsuite>