<?xml version="1.0" encoding="UTF-8"?>
<testsuite xmlns:xsi="http://www.w3.org/2001/XMLSchema-instance" xsi:noNamespaceSchemaLocation="https://maven.apache.org/surefire/maven-surefire-plugin/xsd/surefire-test-report-3.0.xsd" version="3.0" name="org.apache.hadoop.hdds.scm.container.balancer.TestContainerBalancerTask" time="7.616" tests="24" errors="1" skipped="0" failures="0">
  <properties>
    <property name="awt.toolkit" value="sun.awt.X11.XToolkit"/>
    <property name="file.encoding.pkg" value="sun.io"/>
    <property name="java.specification.version" value="1.8"/>
    <property name="sun.cpu.isalist" value=""/>
    <property name="sun.jnu.encoding" value="UTF-8"/>
    <property name="java.class.path" value="/home/runner/work/ozone/ozone/hadoop-hdds/server-scm/target/test-classes:/home/runner/work/ozone/ozone/hadoop-hdds/server-scm/target/classes:/home/runner/work/ozone/ozone/hadoop-hdds/test-utils/target/classes:/home/runner/.m2/repository/com/google/guava/guava/32.0.0-jre/guava-32.0.0-jre.jar:/home/runner/.m2/repository/com/google/guava/failureaccess/1.0.1/failureaccess-1.0.1.jar:/home/runner/.m2/repository/com/google/guava/listenablefuture/9999.0-empty-to-avoid-conflict-with-guava/listenablefuture-9999.0-empty-to-avoid-conflict-with-guava.jar:/home/runner/.m2/repository/org/checkerframework/checker-qual/3.33.0/checker-qual-3.33.0.jar:/home/runner/.m2/repository/com/google/errorprone/error_prone_annotations/2.2.0/error_prone_annotations-2.2.0.jar:/home/runner/.m2/repository/com/google/j2objc/j2objc-annotations/2.8/j2objc-annotations-2.8.jar:/home/runner/.m2/repository/commons-io/commons-io/2.11.0/commons-io-2.11.0.jar:/home/runner/.m2/repository/commons-logging/commons-logging/1.2/commons-logging-1.2.jar:/home/runner/.m2/repository/ch/qos/reload4j/reload4j/1.2.22/reload4j-1.2.22.jar:/home/runner/.m2/repository/org/apache/commons/commons-lang3/3.7/commons-lang3-3.7.jar:/home/runner/.m2/repository/org/slf4j/slf4j-api/1.7.36/slf4j-api-1.7.36.jar:/home/runner/.m2/repository/org/apache/logging/log4j/log4j-api/2.17.1/log4j-api-2.17.1.jar:/home/runner/work/ozone/ozone/hadoop-hdds/common/target/classes:/home/runner/work/ozone/ozone/hadoop-hdds/hadoop-dependency-client/target/classes:/home/runner/.m2/repository/info/picocli/picocli/4.6.1/picocli-4.6.1.jar:/home/runner/.m2/repository/com/fasterxml/jackson/core/jackson-annotations/2.13.4/jackson-annotations-2.13.4.jar:/home/runner/.m2/repository/com/fasterxml/jackson/datatype/jackson-datatype-jsr310/2.13.4/jackson-datatype-jsr310-2.13.4.jar:/home/runner/.m2/repository/com/fasterxml/jackson/core/jackson-core/2.13.4/jackson-core-2.13.4.jar:/home/runner/work/ozone/ozone/hadoop-hdds/annotations/target/classes:/home/runner/work/ozone/ozone/hadoop-hdds/config/target/classes:/home/runner/.m2/repository/javax/annotation/javax.annotation-api/1.2/javax.annotation-api-1.2.jar:/home/runner/.m2/repository/org/apache/ratis/ratis-server/2.5.1/ratis-server-2.5.1.jar:/home/runner/.m2/repository/org/apache/ratis/ratis-thirdparty-misc/1.0.4/ratis-thirdparty-misc-1.0.4.jar:/home/runner/.m2/repository/org/apache/ratis/ratis-proto/2.5.1/ratis-proto-2.5.1.jar:/home/runner/.m2/repository/org/apache/ratis/ratis-common/2.5.1/ratis-common-2.5.1.jar:/home/runner/.m2/repository/org/apache/ratis/ratis-client/2.5.1/ratis-client-2.5.1.jar:/home/runner/.m2/repository/org/apache/ratis/ratis-server-api/2.5.1/ratis-server-api-2.5.1.jar:/home/runner/.m2/repository/org/apache/ratis/ratis-metrics/2.5.1/ratis-metrics-2.5.1.jar:/home/runner/.m2/repository/org/apache/ratis/ratis-netty/2.5.1/ratis-netty-2.5.1.jar:/home/runner/.m2/repository/org/apache/ratis/ratis-grpc/2.5.1/ratis-grpc-2.5.1.jar:/home/runner/.m2/repository/org/apache/commons/commons-pool2/2.6.0/commons-pool2-2.6.0.jar:/home/runner/.m2/repository/org/bouncycastle/bcpkix-jdk15on/1.67/bcpkix-jdk15on-1.67.jar:/home/runner/.m2/repository/commons-validator/commons-validator/1.6/commons-validator-1.6.jar:/home/runner/.m2/repository/commons-beanutils/commons-beanutils/1.9.4/commons-beanutils-1.9.4.jar:/home/runner/.m2/repository/commons-digester/commons-digester/1.8.1/commons-digester-1.8.1.jar:/home/runner/.m2/repository/commons-collections/commons-collections/3.2.2/commons-collections-3.2.2.jar:/home/runner/.m2/repository/io/jaegertracing/jaeger-client/1.6.0/jaeger-client-1.6.0.jar:/home/runner/.m2/repository/io/jaegertracing/jaeger-thrift/1.6.0/jaeger-thrift-1.6.0.jar:/home/runner/.m2/repository/org/apache/thrift/libthrift/0.14.1/libthrift-0.14.1.jar:/home/runner/.m2/repository/io/jaegertracing/jaeger-core/1.6.0/jaeger-core-1.6.0.jar:/home/runner/.m2/repository/io/jaegertracing/jaeger-tracerresolver/1.6.0/jaeger-tracerresolver-1.6.0.jar:/home/runner/.m2/repository/io/opentracing/contrib/opentracing-tracerresolver/0.1.8/opentracing-tracerresolver-0.1.8.jar:/home/runner/.m2/repository/org/jetbrains/kotlin/kotlin-stdlib/1.6.21/kotlin-stdlib-1.6.21.jar:/home/runner/.m2/repository/org/jetbrains/annotations/13.0/annotations-13.0.jar:/home/runner/.m2/repository/io/opentracing/opentracing-util/0.33.0/opentracing-util-0.33.0.jar:/home/runner/.m2/repository/io/opentracing/opentracing-api/0.33.0/opentracing-api-0.33.0.jar:/home/runner/.m2/repository/io/opentracing/opentracing-noop/0.33.0/opentracing-noop-0.33.0.jar:/home/runner/.m2/repository/org/yaml/snakeyaml/2.0/snakeyaml-2.0.jar:/home/runner/.m2/repository/org/reflections/reflections/0.9.11/reflections-0.9.11.jar:/home/runner/.m2/repository/org/javassist/javassist/3.21.0-GA/javassist-3.21.0-GA.jar:/home/runner/work/ozone/ozone/hadoop-hdds/interface-client/target/classes:/home/runner/.m2/repository/org/apache/hadoop/thirdparty/hadoop-shaded-protobuf_3_7/1.1.1/hadoop-shaded-protobuf_3_7-1.1.1.jar:/home/runner/work/ozone/ozone/hadoop-hdds/interface-admin/target/classes:/home/runner/.m2/repository/io/grpc/grpc-api/1.51.1/grpc-api-1.51.1.jar:/home/runner/.m2/repository/io/grpc/grpc-context/1.51.1/grpc-context-1.51.1.jar:/home/runner/work/ozone/ozone/hadoop-hdds/container-service/target/classes:/home/runner/.m2/repository/org/apache/commons/commons-compress/1.21/commons-compress-1.21.jar:/home/runner/.m2/repository/com/github/luben/zstd-jni/1.5.2-5/zstd-jni-1.5.2-5.jar:/home/runner/.m2/repository/commons-codec/commons-codec/1.15/commons-codec-1.15.jar:/home/runner/.m2/repository/javax/xml/bind/jaxb-api/2.3.0/jaxb-api-2.3.0.jar:/home/runner/.m2/repository/org/glassfish/jaxb/jaxb-runtime/2.3.0.1/jaxb-runtime-2.3.0.1.jar:/home/runner/.m2/repository/org/glassfish/jaxb/jaxb-core/2.3.0.1/jaxb-core-2.3.0.1.jar:/home/runner/.m2/repository/org/glassfish/jaxb/txw2/2.3.0.1/txw2-2.3.0.1.jar:/home/runner/.m2/repository/com/sun/istack/istack-commons-runtime/3.0.5/istack-commons-runtime-3.0.5.jar:/home/runner/.m2/repository/org/jvnet/staxex/stax-ex/1.7.8/stax-ex-1.7.8.jar:/home/runner/.m2/repository/com/sun/xml/fastinfoset/FastInfoset/1.2.13/FastInfoset-1.2.13.jar:/home/runner/.m2/repository/io/netty/netty-transport/4.1.94.Final/netty-transport-4.1.94.Final.jar:/home/runner/.m2/repository/io/netty/netty-common/4.1.94.Final/netty-common-4.1.94.Final.jar:/home/runner/.m2/repository/io/netty/netty-buffer/4.1.94.Final/netty-buffer-4.1.94.Final.jar:/home/runner/.m2/repository/io/netty/netty-resolver/4.1.94.Final/netty-resolver-4.1.94.Final.jar:/home/runner/.m2/repository/io/netty/netty-codec/4.1.94.Final/netty-codec-4.1.94.Final.jar:/home/runner/.m2/repository/io/netty/netty-handler/4.1.94.Final/netty-handler-4.1.94.Final.jar:/home/runner/.m2/repository/io/netty/netty-transport-native-unix-common/4.1.94.Final/netty-transport-native-unix-common-4.1.94.Final.jar:/home/runner/work/ozone/ozone/hadoop-hdds/client/target/classes:/home/runner/work/ozone/ozone/hadoop-hdds/erasurecode/target/classes:/home/runner/work/ozone/ozone/hadoop-hdds/hadoop-dependency-server/target/classes:/home/runner/.m2/repository/org/apache/hadoop/hadoop-annotations/3.3.6/hadoop-annotations-3.3.6.jar:/usr/lib/jvm/temurin-8-jdk-amd64/jre/../lib/tools.jar:/home/runner/.m2/repository/org/apache/hadoop/hadoop-common/3.3.6/hadoop-common-3.3.6.jar:/home/runner/.m2/repository/org/apache/hadoop/thirdparty/hadoop-shaded-guava/1.1.1/hadoop-shaded-guava-1.1.1.jar:/home/runner/.m2/repository/org/apache/httpcomponents/httpclient/4.5.13/httpclient-4.5.13.jar:/home/runner/.m2/repository/org/apache/httpcomponents/httpcore/4.4.13/httpcore-4.4.13.jar:/home/runner/.m2/repository/commons-net/commons-net/3.9.0/commons-net-3.9.0.jar:/home/runner/.m2/repository/javax/servlet/javax.servlet-api/3.1.0/javax.servlet-api-3.1.0.jar:/home/runner/.m2/repository/jakarta/activation/jakarta.activation-api/1.2.2/jakarta.activation-api-1.2.2.jar:/home/runner/.m2/repository/javax/servlet/jsp/jsp-api/2.1/jsp-api-2.1.jar:/home/runner/.m2/repository/com/sun/jersey/jersey-core/1.19/jersey-core-1.19.jar:/home/runner/.m2/repository/javax/ws/rs/jsr311-api/1.1.1/jsr311-api-1.1.1.jar:/home/runner/.m2/repository/com/sun/jersey/jersey-servlet/1.19/jersey-servlet-1.19.jar:/home/runner/.m2/repository/com/sun/jersey/jersey-server/1.19/jersey-server-1.19.jar:/home/runner/.m2/repository/com/google/re2j/re2j/1.1/re2j-1.1.jar:/home/runner/.m2/repository/com/google/code/gson/gson/2.9.0/gson-2.9.0.jar:/home/runner/.m2/repository/org/apache/hadoop/hadoop-auth/3.3.6/hadoop-auth-3.3.6.jar:/home/runner/.m2/repository/com/nimbusds/nimbus-jose-jwt/9.8.1/nimbus-jose-jwt-9.8.1.jar:/home/runner/.m2/repository/com/github/stephenc/jcip/jcip-annotations/1.0-1/jcip-annotations-1.0-1.jar:/home/runner/.m2/repository/com/jcraft/jsch/0.1.54/jsch-0.1.54.jar:/home/runner/.m2/repository/org/apache/kerby/kerb-core/1.0.1/kerb-core-1.0.1.jar:/home/runner/.m2/repository/org/apache/kerby/kerby-pkix/1.0.1/kerby-pkix-1.0.1.jar:/home/runner/.m2/repository/org/apache/kerby/kerby-asn1/1.0.1/kerby-asn1-1.0.1.jar:/home/runner/.m2/repository/org/apache/kerby/kerby-util/1.0.1/kerby-util-1.0.1.jar:/home/runner/.m2/repository/org/codehaus/woodstox/stax2-api/4.2.1/stax2-api-4.2.1.jar:/home/runner/.m2/repository/com/fasterxml/woodstox/woodstox-core/5.4.0/woodstox-core-5.4.0.jar:/home/runner/.m2/repository/dnsjava/dnsjava/2.1.7/dnsjava-2.1.7.jar:/home/runner/.m2/repository/org/xerial/snappy/snappy-java/1.1.8.2/snappy-java-1.1.8.2.jar:/home/runner/.m2/repository/commons-cli/commons-cli/1.2/commons-cli-1.2.jar:/home/runner/.m2/repository/org/apache/hadoop/hadoop-hdfs/3.3.6/hadoop-hdfs-3.3.6.jar:/home/runner/.m2/repository/org/eclipse/jetty/jetty-util-ajax/9.4.51.v20230217/jetty-util-ajax-9.4.51.v20230217.jar:/home/runner/.m2/repository/commons-daemon/commons-daemon/1.0.13/commons-daemon-1.0.13.jar:/home/runner/work/ozone/ozone/hadoop-hdds/framework/target/classes:/home/runner/work/ozone/ozone/hadoop-hdds/interface-server/target/classes:/home/runner/work/ozone/ozone/hadoop-hdds/managed-rocksdb/target/classes:/home/runner/.m2/repository/org/rocksdb/rocksdbjni/7.7.3/rocksdbjni-7.7.3.jar:/home/runner/.m2/repository/org/slf4j/slf4j-reload4j/1.7.36/slf4j-reload4j-1.7.36.jar:/home/runner/.m2/repository/org/apache/commons/commons-configuration2/2.1.1/commons-configuration2-2.1.1.jar:/home/runner/.m2/repository/commons-fileupload/commons-fileupload/1.5/commons-fileupload-1.5.jar:/home/runner/.m2/repository/org/apache/logging/log4j/log4j-core/2.17.1/log4j-core-2.17.1.jar:/home/runner/.m2/repository/com/lmax/disruptor/3.4.2/disruptor-3.4.2.jar:/home/runner/.m2/repository/org/eclipse/jetty/jetty-util/9.4.51.v20230217/jetty-util-9.4.51.v20230217.jar:/home/runner/.m2/repository/org/eclipse/jetty/jetty-server/9.4.51.v20230217/jetty-server-9.4.51.v20230217.jar:/home/runner/.m2/repository/org/eclipse/jetty/jetty-http/9.4.51.v20230217/jetty-http-9.4.51.v20230217.jar:/home/runner/.m2/repository/org/eclipse/jetty/jetty-io/9.4.51.v20230217/jetty-io-9.4.51.v20230217.jar:/home/runner/.m2/repository/org/eclipse/jetty/jetty-servlet/9.4.51.v20230217/jetty-servlet-9.4.51.v20230217.jar:/home/runner/.m2/repository/org/eclipse/jetty/jetty-security/9.4.51.v20230217/jetty-security-9.4.51.v20230217.jar:/home/runner/.m2/repository/org/eclipse/jetty/jetty-webapp/9.4.51.v20230217/jetty-webapp-9.4.51.v20230217.jar:/home/runner/.m2/repository/org/eclipse/jetty/jetty-xml/9.4.51.v20230217/jetty-xml-9.4.51.v20230217.jar:/home/runner/.m2/repository/io/prometheus/simpleclient_dropwizard/0.7.0/simpleclient_dropwizard-0.7.0.jar:/home/runner/.m2/repository/io/prometheus/simpleclient/0.7.0/simpleclient-0.7.0.jar:/home/runner/.m2/repository/io/prometheus/simpleclient_common/0.7.0/simpleclient_common-0.7.0.jar:/home/runner/work/ozone/ozone/hadoop-hdds/rocksdb-checkpoint-differ/target/classes:/home/runner/work/ozone/ozone/hadoop-hdds/rocks-native/target/classes:/home/runner/.m2/repository/org/jgrapht/jgrapht-core/1.0.1/jgrapht-core-1.0.1.jar:/home/runner/.m2/repository/org/jgrapht/jgrapht-ext/1.0.1/jgrapht-ext-1.0.1.jar:/home/runner/.m2/repository/org/tinyjee/jgraphx/jgraphx/2.0.0.1/jgraphx-2.0.0.1.jar:/home/runner/.m2/repository/jgraph/jgraph/5.13.0.0/jgraph-5.13.0.0.jar:/home/runner/.m2/repository/org/antlr/antlr4-runtime/4.5.3/antlr4-runtime-4.5.3.jar:/home/runner/.m2/repository/org/awaitility/awaitility/4.2.0/awaitility-4.2.0.jar:/home/runner/.m2/repository/org/hamcrest/hamcrest/2.1/hamcrest-2.1.jar:/home/runner/work/ozone/ozone/hadoop-hdds/docs/target/classes:/home/runner/.m2/repository/io/dropwizard/metrics/metrics-core/3.2.4/metrics-core-3.2.4.jar:/home/runner/.m2/repository/com/github/spotbugs/spotbugs-annotations/3.1.12/spotbugs-annotations-3.1.12.jar:/home/runner/.m2/repository/com/google/code/findbugs/jsr305/3.0.0/jsr305-3.0.0.jar:/home/runner/.m2/repository/org/apache/commons/commons-math3/3.1.1/commons-math3-3.1.1.jar:/home/runner/.m2/repository/org/apache/commons/commons-text/1.10.0/commons-text-1.10.0.jar:/home/runner/.m2/repository/org/apache/hadoop/hadoop-hdfs-client/3.3.6/hadoop-hdfs-client-3.3.6.jar:/home/runner/.m2/repository/com/squareup/okhttp3/okhttp/4.9.3/okhttp-4.9.3.jar:/home/runner/.m2/repository/com/squareup/okio/okio/3.4.0/okio-3.4.0.jar:/home/runner/.m2/repository/com/squareup/okio/okio-jvm/3.4.0/okio-jvm-3.4.0.jar:/home/runner/.m2/repository/org/jetbrains/kotlin/kotlin-stdlib-jdk8/1.8.0/kotlin-stdlib-jdk8-1.8.0.jar:/home/runner/.m2/repository/org/jetbrains/kotlin/kotlin-stdlib-jdk7/1.8.0/kotlin-stdlib-jdk7-1.8.0.jar:/home/runner/.m2/repository/org/jetbrains/kotlin/kotlin-stdlib-common/1.6.21/kotlin-stdlib-common-1.6.21.jar:/home/runner/.m2/repository/com/fasterxml/jackson/core/jackson-databind/2.13.4.2/jackson-databind-2.13.4.2.jar:/home/runner/work/ozone/ozone/hadoop-hdds/container-service/target/test-classes:/home/runner/work/ozone/ozone/hadoop-hdds/common/target/test-classes:/home/runner/.m2/repository/org/hamcrest/hamcrest-core/1.3/hamcrest-core-1.3.jar:/home/runner/.m2/repository/org/assertj/assertj-core/3.12.2/assertj-core-3.12.2.jar:/home/runner/.m2/repository/org/mockito/mockito-core/3.5.9/mockito-core-3.5.9.jar:/home/runner/.m2/repository/net/bytebuddy/byte-buddy/1.10.13/byte-buddy-1.10.13.jar:/home/runner/.m2/repository/net/bytebuddy/byte-buddy-agent/1.10.13/byte-buddy-agent-1.10.13.jar:/home/runner/.m2/repository/org/objenesis/objenesis/1.0/objenesis-1.0.jar:/home/runner/.m2/repository/org/hamcrest/hamcrest-all/1.3/hamcrest-all-1.3.jar:/home/runner/.m2/repository/org/bouncycastle/bcprov-jdk15on/1.67/bcprov-jdk15on-1.67.jar:/home/runner/work/ozone/ozone/hadoop-hdds/hadoop-dependency-test/target/classes:/home/runner/.m2/repository/org/apache/hadoop/hadoop-common/3.3.6/hadoop-common-3.3.6-tests.jar:/home/runner/.m2/repository/org/apache/hadoop/hadoop-hdfs/3.3.6/hadoop-hdfs-3.3.6-tests.jar:/home/runner/.m2/repository/com/google/protobuf/protobuf-java/2.5.0/protobuf-java-2.5.0.jar:/home/runner/.m2/repository/org/junit/jupiter/junit-jupiter-api/5.8.2/junit-jupiter-api-5.8.2.jar:/home/runner/.m2/repository/org/opentest4j/opentest4j/1.2.0/opentest4j-1.2.0.jar:/home/runner/.m2/repository/org/junit/platform/junit-platform-commons/1.8.2/junit-platform-commons-1.8.2.jar:/home/runner/.m2/repository/org/apiguardian/apiguardian-api/1.1.2/apiguardian-api-1.1.2.jar:/home/runner/.m2/repository/org/junit/jupiter/junit-jupiter-engine/5.8.2/junit-jupiter-engine-5.8.2.jar:/home/runner/.m2/repository/org/junit/platform/junit-platform-engine/1.8.2/junit-platform-engine-1.8.2.jar:/home/runner/.m2/repository/org/junit/vintage/junit-vintage-engine/5.8.2/junit-vintage-engine-5.8.2.jar:/home/runner/.m2/repository/org/junit/platform/junit-platform-launcher/1.8.2/junit-platform-launcher-1.8.2.jar:/home/runner/.m2/repository/org/junit/jupiter/junit-jupiter-params/5.8.2/junit-jupiter-params-5.8.2.jar:/home/runner/.m2/repository/junit/junit/4.13.1/junit-4.13.1.jar:"/>
    <property name="java.vm.vendor" value="Temurin"/>
    <property name="sun.arch.data.model" value="64"/>
    <property name="test.build.dir" value="/home/runner/work/ozone/ozone/hadoop-hdds/server-scm/target/test-dir"/>
    <property name="test.cache.data" value=""/>
    <property name="java.vendor.url" value="https://adoptium.net/"/>
    <property name="user.timezone" value="Etc/UTC"/>
    <property name="java.vm.specification.version" value="1.8"/>
    <property name="os.name" value="Linux"/>
    <property name="test.build.data" value="/home/runner/work/ozone/ozone/hadoop-hdds/server-scm/target/test-dir"/>
    <property name="sun.java.launcher" value="SUN_STANDARD"/>
    <property name="sun.boot.library.path" value="/usr/lib/jvm/temurin-8-jdk-amd64/jre/lib/amd64"/>
    <property name="sun.java.command" value="/home/runner/work/ozone/ozone/hadoop-hdds/server-scm/target/surefire/surefirebooter2103791667435299453.jar /home/runner/work/ozone/ozone/hadoop-hdds/server-scm/target/surefire 2023-09-14T08-38-44_822-jvmRun1 surefire8273405668990972067tmp surefire_2702730454170911748474tmp"/>
    <property name="native.lib.tmp.dir" value="/tmp"/>
    <property name="surefire.test.class.path" value="/home/runner/work/ozone/ozone/hadoop-hdds/server-scm/target/test-classes:/home/runner/work/ozone/ozone/hadoop-hdds/server-scm/target/classes:/home/runner/work/ozone/ozone/hadoop-hdds/test-utils/target/classes:/home/runner/.m2/repository/com/google/guava/guava/32.0.0-jre/guava-32.0.0-jre.jar:/home/runner/.m2/repository/com/google/guava/failureaccess/1.0.1/failureaccess-1.0.1.jar:/home/runner/.m2/repository/com/google/guava/listenablefuture/9999.0-empty-to-avoid-conflict-with-guava/listenablefuture-9999.0-empty-to-avoid-conflict-with-guava.jar:/home/runner/.m2/repository/org/checkerframework/checker-qual/3.33.0/checker-qual-3.33.0.jar:/home/runner/.m2/repository/com/google/errorprone/error_prone_annotations/2.2.0/error_prone_annotations-2.2.0.jar:/home/runner/.m2/repository/com/google/j2objc/j2objc-annotations/2.8/j2objc-annotations-2.8.jar:/home/runner/.m2/repository/commons-io/commons-io/2.11.0/commons-io-2.11.0.jar:/home/runner/.m2/repository/commons-logging/commons-logging/1.2/commons-logging-1.2.jar:/home/runner/.m2/repository/ch/qos/reload4j/reload4j/1.2.22/reload4j-1.2.22.jar:/home/runner/.m2/repository/org/apache/commons/commons-lang3/3.7/commons-lang3-3.7.jar:/home/runner/.m2/repository/org/slf4j/slf4j-api/1.7.36/slf4j-api-1.7.36.jar:/home/runner/.m2/repository/org/apache/logging/log4j/log4j-api/2.17.1/log4j-api-2.17.1.jar:/home/runner/work/ozone/ozone/hadoop-hdds/common/target/classes:/home/runner/work/ozone/ozone/hadoop-hdds/hadoop-dependency-client/target/classes:/home/runner/.m2/repository/info/picocli/picocli/4.6.1/picocli-4.6.1.jar:/home/runner/.m2/repository/com/fasterxml/jackson/core/jackson-annotations/2.13.4/jackson-annotations-2.13.4.jar:/home/runner/.m2/repository/com/fasterxml/jackson/datatype/jackson-datatype-jsr310/2.13.4/jackson-datatype-jsr310-2.13.4.jar:/home/runner/.m2/repository/com/fasterxml/jackson/core/jackson-core/2.13.4/jackson-core-2.13.4.jar:/home/runner/work/ozone/ozone/hadoop-hdds/annotations/target/classes:/home/runner/work/ozone/ozone/hadoop-hdds/config/target/classes:/home/runner/.m2/repository/javax/annotation/javax.annotation-api/1.2/javax.annotation-api-1.2.jar:/home/runner/.m2/repository/org/apache/ratis/ratis-server/2.5.1/ratis-server-2.5.1.jar:/home/runner/.m2/repository/org/apache/ratis/ratis-thirdparty-misc/1.0.4/ratis-thirdparty-misc-1.0.4.jar:/home/runner/.m2/repository/org/apache/ratis/ratis-proto/2.5.1/ratis-proto-2.5.1.jar:/home/runner/.m2/repository/org/apache/ratis/ratis-common/2.5.1/ratis-common-2.5.1.jar:/home/runner/.m2/repository/org/apache/ratis/ratis-client/2.5.1/ratis-client-2.5.1.jar:/home/runner/.m2/repository/org/apache/ratis/ratis-server-api/2.5.1/ratis-server-api-2.5.1.jar:/home/runner/.m2/repository/org/apache/ratis/ratis-metrics/2.5.1/ratis-metrics-2.5.1.jar:/home/runner/.m2/repository/org/apache/ratis/ratis-netty/2.5.1/ratis-netty-2.5.1.jar:/home/runner/.m2/repository/org/apache/ratis/ratis-grpc/2.5.1/ratis-grpc-2.5.1.jar:/home/runner/.m2/repository/org/apache/commons/commons-pool2/2.6.0/commons-pool2-2.6.0.jar:/home/runner/.m2/repository/org/bouncycastle/bcpkix-jdk15on/1.67/bcpkix-jdk15on-1.67.jar:/home/runner/.m2/repository/commons-validator/commons-validator/1.6/commons-validator-1.6.jar:/home/runner/.m2/repository/commons-beanutils/commons-beanutils/1.9.4/commons-beanutils-1.9.4.jar:/home/runner/.m2/repository/commons-digester/commons-digester/1.8.1/commons-digester-1.8.1.jar:/home/runner/.m2/repository/commons-collections/commons-collections/3.2.2/commons-collections-3.2.2.jar:/home/runner/.m2/repository/io/jaegertracing/jaeger-client/1.6.0/jaeger-client-1.6.0.jar:/home/runner/.m2/repository/io/jaegertracing/jaeger-thrift/1.6.0/jaeger-thrift-1.6.0.jar:/home/runner/.m2/repository/org/apache/thrift/libthrift/0.14.1/libthrift-0.14.1.jar:/home/runner/.m2/repository/io/jaegertracing/jaeger-core/1.6.0/jaeger-core-1.6.0.jar:/home/runner/.m2/repository/io/jaegertracing/jaeger-tracerresolver/1.6.0/jaeger-tracerresolver-1.6.0.jar:/home/runner/.m2/repository/io/opentracing/contrib/opentracing-tracerresolver/0.1.8/opentracing-tracerresolver-0.1.8.jar:/home/runner/.m2/repository/org/jetbrains/kotlin/kotlin-stdlib/1.6.21/kotlin-stdlib-1.6.21.jar:/home/runner/.m2/repository/org/jetbrains/annotations/13.0/annotations-13.0.jar:/home/runner/.m2/repository/io/opentracing/opentracing-util/0.33.0/opentracing-util-0.33.0.jar:/home/runner/.m2/repository/io/opentracing/opentracing-api/0.33.0/opentracing-api-0.33.0.jar:/home/runner/.m2/repository/io/opentracing/opentracing-noop/0.33.0/opentracing-noop-0.33.0.jar:/home/runner/.m2/repository/org/yaml/snakeyaml/2.0/snakeyaml-2.0.jar:/home/runner/.m2/repository/org/reflections/reflections/0.9.11/reflections-0.9.11.jar:/home/runner/.m2/repository/org/javassist/javassist/3.21.0-GA/javassist-3.21.0-GA.jar:/home/runner/work/ozone/ozone/hadoop-hdds/interface-client/target/classes:/home/runner/.m2/repository/org/apache/hadoop/thirdparty/hadoop-shaded-protobuf_3_7/1.1.1/hadoop-shaded-protobuf_3_7-1.1.1.jar:/home/runner/work/ozone/ozone/hadoop-hdds/interface-admin/target/classes:/home/runner/.m2/repository/io/grpc/grpc-api/1.51.1/grpc-api-1.51.1.jar:/home/runner/.m2/repository/io/grpc/grpc-context/1.51.1/grpc-context-1.51.1.jar:/home/runner/work/ozone/ozone/hadoop-hdds/container-service/target/classes:/home/runner/.m2/repository/org/apache/commons/commons-compress/1.21/commons-compress-1.21.jar:/home/runner/.m2/repository/com/github/luben/zstd-jni/1.5.2-5/zstd-jni-1.5.2-5.jar:/home/runner/.m2/repository/commons-codec/commons-codec/1.15/commons-codec-1.15.jar:/home/runner/.m2/repository/javax/xml/bind/jaxb-api/2.3.0/jaxb-api-2.3.0.jar:/home/runner/.m2/repository/org/glassfish/jaxb/jaxb-runtime/2.3.0.1/jaxb-runtime-2.3.0.1.jar:/home/runner/.m2/repository/org/glassfish/jaxb/jaxb-core/2.3.0.1/jaxb-core-2.3.0.1.jar:/home/runner/.m2/repository/org/glassfish/jaxb/txw2/2.3.0.1/txw2-2.3.0.1.jar:/home/runner/.m2/repository/com/sun/istack/istack-commons-runtime/3.0.5/istack-commons-runtime-3.0.5.jar:/home/runner/.m2/repository/org/jvnet/staxex/stax-ex/1.7.8/stax-ex-1.7.8.jar:/home/runner/.m2/repository/com/sun/xml/fastinfoset/FastInfoset/1.2.13/FastInfoset-1.2.13.jar:/home/runner/.m2/repository/io/netty/netty-transport/4.1.94.Final/netty-transport-4.1.94.Final.jar:/home/runner/.m2/repository/io/netty/netty-common/4.1.94.Final/netty-common-4.1.94.Final.jar:/home/runner/.m2/repository/io/netty/netty-buffer/4.1.94.Final/netty-buffer-4.1.94.Final.jar:/home/runner/.m2/repository/io/netty/netty-resolver/4.1.94.Final/netty-resolver-4.1.94.Final.jar:/home/runner/.m2/repository/io/netty/netty-codec/4.1.94.Final/netty-codec-4.1.94.Final.jar:/home/runner/.m2/repository/io/netty/netty-handler/4.1.94.Final/netty-handler-4.1.94.Final.jar:/home/runner/.m2/repository/io/netty/netty-transport-native-unix-common/4.1.94.Final/netty-transport-native-unix-common-4.1.94.Final.jar:/home/runner/work/ozone/ozone/hadoop-hdds/client/target/classes:/home/runner/work/ozone/ozone/hadoop-hdds/erasurecode/target/classes:/home/runner/work/ozone/ozone/hadoop-hdds/hadoop-dependency-server/target/classes:/home/runner/.m2/repository/org/apache/hadoop/hadoop-annotations/3.3.6/hadoop-annotations-3.3.6.jar:/usr/lib/jvm/temurin-8-jdk-amd64/jre/../lib/tools.jar:/home/runner/.m2/repository/org/apache/hadoop/hadoop-common/3.3.6/hadoop-common-3.3.6.jar:/home/runner/.m2/repository/org/apache/hadoop/thirdparty/hadoop-shaded-guava/1.1.1/hadoop-shaded-guava-1.1.1.jar:/home/runner/.m2/repository/org/apache/httpcomponents/httpclient/4.5.13/httpclient-4.5.13.jar:/home/runner/.m2/repository/org/apache/httpcomponents/httpcore/4.4.13/httpcore-4.4.13.jar:/home/runner/.m2/repository/commons-net/commons-net/3.9.0/commons-net-3.9.0.jar:/home/runner/.m2/repository/javax/servlet/javax.servlet-api/3.1.0/javax.servlet-api-3.1.0.jar:/home/runner/.m2/repository/jakarta/activation/jakarta.activation-api/1.2.2/jakarta.activation-api-1.2.2.jar:/home/runner/.m2/repository/javax/servlet/jsp/jsp-api/2.1/jsp-api-2.1.jar:/home/runner/.m2/repository/com/sun/jersey/jersey-core/1.19/jersey-core-1.19.jar:/home/runner/.m2/repository/javax/ws/rs/jsr311-api/1.1.1/jsr311-api-1.1.1.jar:/home/runner/.m2/repository/com/sun/jersey/jersey-servlet/1.19/jersey-servlet-1.19.jar:/home/runner/.m2/repository/com/sun/jersey/jersey-server/1.19/jersey-server-1.19.jar:/home/runner/.m2/repository/com/google/re2j/re2j/1.1/re2j-1.1.jar:/home/runner/.m2/repository/com/google/code/gson/gson/2.9.0/gson-2.9.0.jar:/home/runner/.m2/repository/org/apache/hadoop/hadoop-auth/3.3.6/hadoop-auth-3.3.6.jar:/home/runner/.m2/repository/com/nimbusds/nimbus-jose-jwt/9.8.1/nimbus-jose-jwt-9.8.1.jar:/home/runner/.m2/repository/com/github/stephenc/jcip/jcip-annotations/1.0-1/jcip-annotations-1.0-1.jar:/home/runner/.m2/repository/com/jcraft/jsch/0.1.54/jsch-0.1.54.jar:/home/runner/.m2/repository/org/apache/kerby/kerb-core/1.0.1/kerb-core-1.0.1.jar:/home/runner/.m2/repository/org/apache/kerby/kerby-pkix/1.0.1/kerby-pkix-1.0.1.jar:/home/runner/.m2/repository/org/apache/kerby/kerby-asn1/1.0.1/kerby-asn1-1.0.1.jar:/home/runner/.m2/repository/org/apache/kerby/kerby-util/1.0.1/kerby-util-1.0.1.jar:/home/runner/.m2/repository/org/codehaus/woodstox/stax2-api/4.2.1/stax2-api-4.2.1.jar:/home/runner/.m2/repository/com/fasterxml/woodstox/woodstox-core/5.4.0/woodstox-core-5.4.0.jar:/home/runner/.m2/repository/dnsjava/dnsjava/2.1.7/dnsjava-2.1.7.jar:/home/runner/.m2/repository/org/xerial/snappy/snappy-java/1.1.8.2/snappy-java-1.1.8.2.jar:/home/runner/.m2/repository/commons-cli/commons-cli/1.2/commons-cli-1.2.jar:/home/runner/.m2/repository/org/apache/hadoop/hadoop-hdfs/3.3.6/hadoop-hdfs-3.3.6.jar:/home/runner/.m2/repository/org/eclipse/jetty/jetty-util-ajax/9.4.51.v20230217/jetty-util-ajax-9.4.51.v20230217.jar:/home/runner/.m2/repository/commons-daemon/commons-daemon/1.0.13/commons-daemon-1.0.13.jar:/home/runner/work/ozone/ozone/hadoop-hdds/framework/target/classes:/home/runner/work/ozone/ozone/hadoop-hdds/interface-server/target/classes:/home/runner/work/ozone/ozone/hadoop-hdds/managed-rocksdb/target/classes:/home/runner/.m2/repository/org/rocksdb/rocksdbjni/7.7.3/rocksdbjni-7.7.3.jar:/home/runner/.m2/repository/org/slf4j/slf4j-reload4j/1.7.36/slf4j-reload4j-1.7.36.jar:/home/runner/.m2/repository/org/apache/commons/commons-configuration2/2.1.1/commons-configuration2-2.1.1.jar:/home/runner/.m2/repository/commons-fileupload/commons-fileupload/1.5/commons-fileupload-1.5.jar:/home/runner/.m2/repository/org/apache/logging/log4j/log4j-core/2.17.1/log4j-core-2.17.1.jar:/home/runner/.m2/repository/com/lmax/disruptor/3.4.2/disruptor-3.4.2.jar:/home/runner/.m2/repository/org/eclipse/jetty/jetty-util/9.4.51.v20230217/jetty-util-9.4.51.v20230217.jar:/home/runner/.m2/repository/org/eclipse/jetty/jetty-server/9.4.51.v20230217/jetty-server-9.4.51.v20230217.jar:/home/runner/.m2/repository/org/eclipse/jetty/jetty-http/9.4.51.v20230217/jetty-http-9.4.51.v20230217.jar:/home/runner/.m2/repository/org/eclipse/jetty/jetty-io/9.4.51.v20230217/jetty-io-9.4.51.v20230217.jar:/home/runner/.m2/repository/org/eclipse/jetty/jetty-servlet/9.4.51.v20230217/jetty-servlet-9.4.51.v20230217.jar:/home/runner/.m2/repository/org/eclipse/jetty/jetty-security/9.4.51.v20230217/jetty-security-9.4.51.v20230217.jar:/home/runner/.m2/repository/org/eclipse/jetty/jetty-webapp/9.4.51.v20230217/jetty-webapp-9.4.51.v20230217.jar:/home/runner/.m2/repository/org/eclipse/jetty/jetty-xml/9.4.51.v20230217/jetty-xml-9.4.51.v20230217.jar:/home/runner/.m2/repository/io/prometheus/simpleclient_dropwizard/0.7.0/simpleclient_dropwizard-0.7.0.jar:/home/runner/.m2/repository/io/prometheus/simpleclient/0.7.0/simpleclient-0.7.0.jar:/home/runner/.m2/repository/io/prometheus/simpleclient_common/0.7.0/simpleclient_common-0.7.0.jar:/home/runner/work/ozone/ozone/hadoop-hdds/rocksdb-checkpoint-differ/target/classes:/home/runner/work/ozone/ozone/hadoop-hdds/rocks-native/target/classes:/home/runner/.m2/repository/org/jgrapht/jgrapht-core/1.0.1/jgrapht-core-1.0.1.jar:/home/runner/.m2/repository/org/jgrapht/jgrapht-ext/1.0.1/jgrapht-ext-1.0.1.jar:/home/runner/.m2/repository/org/tinyjee/jgraphx/jgraphx/2.0.0.1/jgraphx-2.0.0.1.jar:/home/runner/.m2/repository/jgraph/jgraph/5.13.0.0/jgraph-5.13.0.0.jar:/home/runner/.m2/repository/org/antlr/antlr4-runtime/4.5.3/antlr4-runtime-4.5.3.jar:/home/runner/.m2/repository/org/awaitility/awaitility/4.2.0/awaitility-4.2.0.jar:/home/runner/.m2/repository/org/hamcrest/hamcrest/2.1/hamcrest-2.1.jar:/home/runner/work/ozone/ozone/hadoop-hdds/docs/target/classes:/home/runner/.m2/repository/io/dropwizard/metrics/metrics-core/3.2.4/metrics-core-3.2.4.jar:/home/runner/.m2/repository/com/github/spotbugs/spotbugs-annotations/3.1.12/spotbugs-annotations-3.1.12.jar:/home/runner/.m2/repository/com/google/code/findbugs/jsr305/3.0.0/jsr305-3.0.0.jar:/home/runner/.m2/repository/org/apache/commons/commons-math3/3.1.1/commons-math3-3.1.1.jar:/home/runner/.m2/repository/org/apache/commons/commons-text/1.10.0/commons-text-1.10.0.jar:/home/runner/.m2/repository/org/apache/hadoop/hadoop-hdfs-client/3.3.6/hadoop-hdfs-client-3.3.6.jar:/home/runner/.m2/repository/com/squareup/okhttp3/okhttp/4.9.3/okhttp-4.9.3.jar:/home/runner/.m2/repository/com/squareup/okio/okio/3.4.0/okio-3.4.0.jar:/home/runner/.m2/repository/com/squareup/okio/okio-jvm/3.4.0/okio-jvm-3.4.0.jar:/home/runner/.m2/repository/org/jetbrains/kotlin/kotlin-stdlib-jdk8/1.8.0/kotlin-stdlib-jdk8-1.8.0.jar:/home/runner/.m2/repository/org/jetbrains/kotlin/kotlin-stdlib-jdk7/1.8.0/kotlin-stdlib-jdk7-1.8.0.jar:/home/runner/.m2/repository/org/jetbrains/kotlin/kotlin-stdlib-common/1.6.21/kotlin-stdlib-common-1.6.21.jar:/home/runner/.m2/repository/com/fasterxml/jackson/core/jackson-databind/2.13.4.2/jackson-databind-2.13.4.2.jar:/home/runner/work/ozone/ozone/hadoop-hdds/container-service/target/test-classes:/home/runner/work/ozone/ozone/hadoop-hdds/common/target/test-classes:/home/runner/.m2/repository/org/hamcrest/hamcrest-core/1.3/hamcrest-core-1.3.jar:/home/runner/.m2/repository/org/assertj/assertj-core/3.12.2/assertj-core-3.12.2.jar:/home/runner/.m2/repository/org/mockito/mockito-core/3.5.9/mockito-core-3.5.9.jar:/home/runner/.m2/repository/net/bytebuddy/byte-buddy/1.10.13/byte-buddy-1.10.13.jar:/home/runner/.m2/repository/net/bytebuddy/byte-buddy-agent/1.10.13/byte-buddy-agent-1.10.13.jar:/home/runner/.m2/repository/org/objenesis/objenesis/1.0/objenesis-1.0.jar:/home/runner/.m2/repository/org/hamcrest/hamcrest-all/1.3/hamcrest-all-1.3.jar:/home/runner/.m2/repository/org/bouncycastle/bcprov-jdk15on/1.67/bcprov-jdk15on-1.67.jar:/home/runner/work/ozone/ozone/hadoop-hdds/hadoop-dependency-test/target/classes:/home/runner/.m2/repository/org/apache/hadoop/hadoop-common/3.3.6/hadoop-common-3.3.6-tests.jar:/home/runner/.m2/repository/org/apache/hadoop/hadoop-hdfs/3.3.6/hadoop-hdfs-3.3.6-tests.jar:/home/runner/.m2/repository/com/google/protobuf/protobuf-java/2.5.0/protobuf-java-2.5.0.jar:/home/runner/.m2/repository/org/junit/jupiter/junit-jupiter-api/5.8.2/junit-jupiter-api-5.8.2.jar:/home/runner/.m2/repository/org/opentest4j/opentest4j/1.2.0/opentest4j-1.2.0.jar:/home/runner/.m2/repository/org/junit/platform/junit-platform-commons/1.8.2/junit-platform-commons-1.8.2.jar:/home/runner/.m2/repository/org/apiguardian/apiguardian-api/1.1.2/apiguardian-api-1.1.2.jar:/home/runner/.m2/repository/org/junit/jupiter/junit-jupiter-engine/5.8.2/junit-jupiter-engine-5.8.2.jar:/home/runner/.m2/repository/org/junit/platform/junit-platform-engine/1.8.2/junit-platform-engine-1.8.2.jar:/home/runner/.m2/repository/org/junit/vintage/junit-vintage-engine/5.8.2/junit-vintage-engine-5.8.2.jar:/home/runner/.m2/repository/org/junit/platform/junit-platform-launcher/1.8.2/junit-platform-launcher-1.8.2.jar:/home/runner/.m2/repository/org/junit/jupiter/junit-jupiter-params/5.8.2/junit-jupiter-params-5.8.2.jar:/home/runner/.m2/repository/junit/junit/4.13.1/junit-4.13.1.jar:"/>
    <property name="sun.cpu.endian" value="little"/>
    <property name="user.home" value="/home/runner"/>
    <property name="user.language" value="en"/>
    <property name="java.specification.vendor" value="Oracle Corporation"/>
    <property name="java.home" value="/usr/lib/jvm/temurin-8-jdk-amd64/jre"/>
    <property name="java.security.krb5.conf" value="/home/runner/work/ozone/ozone/hadoop-hdds/server-scm/target/test-classes/krb5.conf"/>
    <property name="basedir" value="/home/runner/work/ozone/ozone/hadoop-hdds/server-scm"/>
    <property name="file.separator" value="/"/>
    <property name="line.separator" value="&#10;"/>
    <property name="java.vm.specification.vendor" value="Oracle Corporation"/>
    <property name="java.specification.name" value="Java Platform API Specification"/>
    <property name="java.awt.graphicsenv" value="sun.awt.X11GraphicsEnvironment"/>
    <property name="skip.installnpx" value="true"/>
    <property name="surefire.real.class.path" value="/home/runner/work/ozone/ozone/hadoop-hdds/server-scm/target/surefire/surefirebooter2103791667435299453.jar:/home/runner/.m2/repository/org/jacoco/org.jacoco.agent/0.8.5/org.jacoco.agent-0.8.5-runtime.jar"/>
    <property name="hadoop.log.dir" value="/home/runner/work/ozone/ozone/hadoop-hdds/server-scm/target/log"/>
    <property name="sun.boot.class.path" value="/usr/lib/jvm/temurin-8-jdk-amd64/jre/lib/resources.jar:/usr/lib/jvm/temurin-8-jdk-amd64/jre/lib/rt.jar:/usr/lib/jvm/temurin-8-jdk-amd64/jre/lib/sunrsasign.jar:/usr/lib/jvm/temurin-8-jdk-amd64/jre/lib/jsse.jar:/usr/lib/jvm/temurin-8-jdk-amd64/jre/lib/jce.jar:/usr/lib/jvm/temurin-8-jdk-amd64/jre/lib/charsets.jar:/usr/lib/jvm/temurin-8-jdk-amd64/jre/lib/jfr.jar:/usr/lib/jvm/temurin-8-jdk-amd64/jre/classes"/>
    <property name="sun.management.compiler" value="HotSpot 64-Bit Tiered Compilers"/>
    <property name="skip.npx" value="true"/>
    <property name="java.runtime.version" value="1.8.0_382-b05"/>
    <property name="java.net.preferIPv4Stack" value="true"/>
    <property name="user.name" value="runner"/>
    <property name="path.separator" value=":"/>
    <property name="java.security.egd" value="file:///dev/urandom"/>
    <property name="os.version" value="5.15.0-1045-azure"/>
    <property name="java.endorsed.dirs" value="/usr/lib/jvm/temurin-8-jdk-amd64/jre/lib/endorsed"/>
    <property name="java.runtime.name" value="OpenJDK Runtime Environment"/>
    <property name="file.encoding" value="UTF-8"/>
    <property name="java.vm.name" value="OpenJDK 64-Bit Server VM"/>
    <property name="test.build.webapps" value=""/>
    <property name="localRepository" value="/home/runner/.m2/repository"/>
    <property name="java.vendor.url.bug" value="https://github.com/adoptium/adoptium-support/issues"/>
    <property name="java.io.tmpdir" value="/tmp"/>
    <property name="require.test.libhadoop" value=""/>
    <property name="java.version" value="1.8.0_382"/>
    <property name="user.dir" value="/home/runner/work/ozone/ozone/hadoop-hdds/server-scm"/>
    <property name="os.arch" value="amd64"/>
    <property name="java.vm.specification.name" value="Java Virtual Machine Specification"/>
    <property name="test.build.classes" value="/home/runner/work/ozone/ozone/hadoop-hdds/server-scm/target/test-classes"/>
    <property name="java.awt.printerjob" value="sun.print.PSPrinterJob"/>
    <property name="sun.os.patch.level" value="unknown"/>
    <property name="excludedGroups" value="native"/>
    <property name="hadoop.tmp.dir" value="/home/runner/work/ozone/ozone/hadoop-hdds/server-scm/target/tmp"/>
    <property name="java.library.path" value="/usr/java/packages/lib/amd64:/usr/lib64:/lib64:/lib:/usr/lib"/>
    <property name="java.vm.info" value="mixed mode"/>
    <property name="java.vendor" value="Temurin"/>
    <property name="java.vm.version" value="25.382-b05"/>
    <property name="java.specification.maintenance.version" value="5"/>
    <property name="java.ext.dirs" value="/usr/lib/jvm/temurin-8-jdk-amd64/jre/lib/ext:/usr/java/packages/lib/ext"/>
    <property name="sun.io.unicode.encoding" value="UnicodeLittle"/>
    <property name="java.class.version" value="52.0"/>
  </properties>
  <testcase name="containerBalancerShouldObeyMaxSizeToMoveLimit" classname="org.apache.hadoop.hdds.scm.container.balancer.TestContainerBalancerTask" time="2.989">
    <system-out><![CDATA[2023-09-14 09:00:47,739 [main] INFO  net.NodeSchemaLoader (NodeSchemaLoader.java:loadSchemaFromFile(129)) - Loading schema from [file:/home/runner/work/ozone/ozone/hadoop-hdds/common/target/classes/network-topology-default.xml]
2023-09-14 09:00:47,743 [main] INFO  net.NodeSchemaLoader (NodeSchemaLoader.java:loadSchema(176)) - Loading network topology layer schema file
2023-09-14 09:00:47,989 [main] INFO  reflections.Reflections (Reflections.java:scan(232)) - Reflections took 167 ms to scan 6 urls, producing 158 keys and 369 values 
2023-09-14 09:00:48,060 [main] INFO  net.NetworkTopologyImpl (NetworkTopologyImpl.java:add(112)) - Added a new node: /default-rack/2f1606ac-e2a6-406e-8b7f-30b56b8ce634
2023-09-14 09:00:48,063 [main] INFO  net.NetworkTopologyImpl (NetworkTopologyImpl.java:add(112)) - Added a new node: /default-rack/510a3d5e-c6ec-4103-885d-65598f4581ea
2023-09-14 09:00:48,063 [main] INFO  net.NetworkTopologyImpl (NetworkTopologyImpl.java:add(112)) - Added a new node: /default-rack/def85470-3b26-4b73-9f3f-e618d1b5497b
2023-09-14 09:00:48,064 [main] INFO  net.NetworkTopologyImpl (NetworkTopologyImpl.java:add(112)) - Added a new node: /default-rack/de83dc4c-6087-4cfe-b41c-08303e4a3eb4
2023-09-14 09:00:48,064 [main] INFO  net.NetworkTopologyImpl (NetworkTopologyImpl.java:add(112)) - Added a new node: /default-rack/48afc96e-d9c7-49a5-a6e7-fb0e1d8f9830
2023-09-14 09:00:48,064 [main] INFO  net.NetworkTopologyImpl (NetworkTopologyImpl.java:add(112)) - Added a new node: /default-rack/981a4589-cc36-48ca-aa35-1e914be36fff
2023-09-14 09:00:48,065 [main] INFO  net.NetworkTopologyImpl (NetworkTopologyImpl.java:add(112)) - Added a new node: /default-rack/a3b1ea49-8e0f-482a-99ab-a18aa3414cb4
2023-09-14 09:00:48,065 [main] INFO  net.NetworkTopologyImpl (NetworkTopologyImpl.java:add(112)) - Added a new node: /default-rack/1378000b-3acf-4ba6-80e9-ec4ccd1faee9
2023-09-14 09:00:48,065 [main] INFO  net.NetworkTopologyImpl (NetworkTopologyImpl.java:add(112)) - Added a new node: /default-rack/c6da9ab6-6e19-4466-8857-193a42cd88ae
2023-09-14 09:00:48,066 [main] INFO  net.NetworkTopologyImpl (NetworkTopologyImpl.java:add(112)) - Added a new node: /default-rack/3c8af1c2-0730-41c1-88dd-e94abc34c634
2023-09-14 09:00:48,080 [main] INFO  algorithms.ContainerPlacementPolicyFactory (ContainerPlacementPolicyFactory.java:getPolicyInternal(86)) - Create container placement policy of type org.apache.hadoop.hdds.scm.container.placement.algorithms.SCMContainerPlacementRackAware
2023-09-14 09:00:48,118 [main] INFO  algorithms.ContainerPlacementPolicyFactory (ContainerPlacementPolicyFactory.java:getPolicyInternal(86)) - Create container placement policy of type org.apache.hadoop.hdds.scm.container.placement.algorithms.SCMContainerPlacementRackScatter
2023-09-14 09:00:48,266 [main] DEBUG balancer.ContainerBalancerTask (ContainerBalancerTask.java:initializeIteration(374)) - Average utilization of the cluster is 0.3509420926120356
2023-09-14 09:00:48,266 [main] DEBUG balancer.ContainerBalancerTask (ContainerBalancerTask.java:initializeIteration(386)) - Lower limit for utilization is 0.3409420926120356 and Upper limit for utilization is 0.36094209261203564
2023-09-14 09:00:48,267 [main] DEBUG balancer.ContainerBalancerTask (ContainerBalancerTask.java:initializeIteration(398)) - Utilization for node 981a4589-cc36-48ca-aa35-1e914be36fff with capacity 77548020622B, used 69793218560B, and remaining 7754802062B is 0.9000000000025791
2023-09-14 09:00:48,267 [main] DEBUG balancer.ContainerBalancerTask (ContainerBalancerTask.java:initializeIteration(398)) - Utilization for node de83dc4c-6087-4cfe-b41c-08303e4a3eb4 with capacity 56371445760B, used 45097156608B, and remaining 11274289152B is 0.8
2023-09-14 09:00:48,267 [main] DEBUG balancer.ContainerBalancerTask (ContainerBalancerTask.java:initializeIteration(398)) - Utilization for node 510a3d5e-c6ec-4103-885d-65598f4581ea with capacity 56754924982B, used 39728447488B, and remaining 17026477494B is 0.7000000000105717
2023-09-14 09:00:48,267 [main] DEBUG balancer.ContainerBalancerTask (ContainerBalancerTask.java:initializeIteration(398)) - Utilization for node 1378000b-3acf-4ba6-80e9-ec4ccd1faee9 with capacity 91268055040B, used 54760833024B, and remaining 36507222016B is 0.6
2023-09-14 09:00:48,267 [main] DEBUG balancer.ContainerBalancerTask (ContainerBalancerTask.java:initializeIteration(398)) - Utilization for node c6da9ab6-6e19-4466-8857-193a42cd88ae with capacity 88046829568B, used 44023414784B, and remaining 44023414784B is 0.5
2023-09-14 09:00:48,268 [main] DEBUG balancer.ContainerBalancerTask (ContainerBalancerTask.java:initializeIteration(398)) - Utilization for node 2f1606ac-e2a6-406e-8b7f-30b56b8ce634 with capacity 115427246080B, used 46170898432B, and remaining 69256347648B is 0.4
2023-09-14 09:00:48,268 [main] DEBUG balancer.ContainerBalancerTask (ContainerBalancerTask.java:initializeIteration(398)) - Utilization for node 3c8af1c2-0730-41c1-88dd-e94abc34c634 with capacity 146744715946B, used 44023414784B, and remaining 102721301162B is 0.3000000000013629
2023-09-14 09:00:48,268 [main] DEBUG balancer.ContainerBalancerTask (ContainerBalancerTask.java:initializeIteration(398)) - Utilization for node def85470-3b26-4b73-9f3f-e618d1b5497b with capacity 187904819200B, used 37580963840B, and remaining 150323855360B is 0.2
2023-09-14 09:00:48,268 [main] DEBUG balancer.ContainerBalancerTask (ContainerBalancerTask.java:initializeIteration(398)) - Utilization for node a3b1ea49-8e0f-482a-99ab-a18aa3414cb4 with capacity 343597383680B, used 34359738368B, and remaining 309237645312B is 0.1
2023-09-14 09:00:48,268 [main] DEBUG balancer.ContainerBalancerTask (ContainerBalancerTask.java:initializeIteration(398)) - Utilization for node 48afc96e-d9c7-49a5-a6e7-fb0e1d8f9830 with capacity 20401094656B, used 0B, and remaining 20401094656B is 0.0
2023-09-14 09:00:48,269 [main] INFO  balancer.ContainerBalancerTask (ContainerBalancerTask.java:initializeIteration(447)) - Container Balancer has identified 6 Over-Utilized and 4 Under-Utilized Datanodes that need to be balanced.
2023-09-14 09:00:48,272 [main] DEBUG balancer.ContainerBalancerTask (ContainerBalancerTask.java:lambda$initializeIteration$1(453)) - Datanode localhost-30.128.45.181 981a4589-cc36-48ca-aa35-1e914be36fff is Over-Utilized.
2023-09-14 09:00:48,273 [main] DEBUG balancer.ContainerBalancerTask (ContainerBalancerTask.java:lambda$initializeIteration$1(453)) - Datanode localhost-155.122.56.8 de83dc4c-6087-4cfe-b41c-08303e4a3eb4 is Over-Utilized.
2023-09-14 09:00:48,273 [main] DEBUG balancer.ContainerBalancerTask (ContainerBalancerTask.java:lambda$initializeIteration$1(453)) - Datanode localhost-100.218.73.5 510a3d5e-c6ec-4103-885d-65598f4581ea is Over-Utilized.
2023-09-14 09:00:48,273 [main] DEBUG balancer.ContainerBalancerTask (ContainerBalancerTask.java:lambda$initializeIteration$1(453)) - Datanode localhost-219.14.213.138 1378000b-3acf-4ba6-80e9-ec4ccd1faee9 is Over-Utilized.
2023-09-14 09:00:48,276 [main] DEBUG balancer.ContainerBalancerTask (ContainerBalancerTask.java:lambda$initializeIteration$1(453)) - Datanode localhost-19.115.161.209 c6da9ab6-6e19-4466-8857-193a42cd88ae is Over-Utilized.
2023-09-14 09:00:48,276 [main] DEBUG balancer.ContainerBalancerTask (ContainerBalancerTask.java:lambda$initializeIteration$1(453)) - Datanode localhost-144.108.116.34 2f1606ac-e2a6-406e-8b7f-30b56b8ce634 is Over-Utilized.
2023-09-14 09:00:48,276 [main] DEBUG balancer.ContainerBalancerTask (ContainerBalancerTask.java:lambda$initializeIteration$2(459)) - Datanode localhost-25.5.110.92 48afc96e-d9c7-49a5-a6e7-fb0e1d8f9830 is Under-Utilized.
2023-09-14 09:00:48,277 [main] DEBUG balancer.ContainerBalancerTask (ContainerBalancerTask.java:lambda$initializeIteration$2(459)) - Datanode localhost-246.191.226.60 a3b1ea49-8e0f-482a-99ab-a18aa3414cb4 is Under-Utilized.
2023-09-14 09:00:48,277 [main] DEBUG balancer.ContainerBalancerTask (ContainerBalancerTask.java:lambda$initializeIteration$2(459)) - Datanode localhost-110.70.210.133 def85470-3b26-4b73-9f3f-e618d1b5497b is Under-Utilized.
2023-09-14 09:00:48,277 [main] DEBUG balancer.ContainerBalancerTask (ContainerBalancerTask.java:lambda$initializeIteration$2(459)) - Datanode localhost-201.99.32.192 3c8af1c2-0730-41c1-88dd-e94abc34c634 is Under-Utilized.
2023-09-14 09:00:48,310 [main] DEBUG balancer.ContainerBalancerTask (ContainerBalancerTask.java:matchSourceWithTarget(708)) - ContainerBalancer is finding suitable target for source datanode 981a4589-cc36-48ca-aa35-1e914be36fff
2023-09-14 09:00:48,322 [main] INFO  balancer.ContainerBalancerTask (ContainerBalancerTask.java:matchSourceWithTarget(722)) - ContainerBalancer matched source datanode 981a4589-cc36-48ca-aa35-1e914be36fff with target datanode 48afc96e-d9c7-49a5-a6e7-fb0e1d8f9830 for container move.
2023-09-14 09:00:48,322 [main] INFO  balancer.ContainerBalancerTask (ContainerBalancerTask.java:processMoveSelection(569)) - ContainerBalancer is trying to move container #85 with size 5368709120B from source datanode 981a4589-cc36-48ca-aa35-1e914be36fff to target datanode 48afc96e-d9c7-49a5-a6e7-fb0e1d8f9830
2023-09-14 09:00:48,324 [main] DEBUG balancer.ContainerBalancerTask (ContainerBalancerTask.java:lambda$moveContainer$3(837)) - Container move completed for container #85 from source 981a4589-cc36-48ca-aa35-1e914be36fff to target 48afc96e-d9c7-49a5-a6e7-fb0e1d8f9830
2023-09-14 09:00:48,332 [main] DEBUG balancer.ContainerBalancerTask (ContainerBalancerTask.java:matchSourceWithTarget(708)) - ContainerBalancer is finding suitable target for source datanode 981a4589-cc36-48ca-aa35-1e914be36fff
2023-09-14 09:00:48,332 [main] INFO  balancer.ContainerBalancerTask (ContainerBalancerTask.java:matchSourceWithTarget(722)) - ContainerBalancer matched source datanode 981a4589-cc36-48ca-aa35-1e914be36fff with target datanode a3b1ea49-8e0f-482a-99ab-a18aa3414cb4 for container move.
2023-09-14 09:00:48,333 [main] INFO  balancer.ContainerBalancerTask (ContainerBalancerTask.java:processMoveSelection(569)) - ContainerBalancer is trying to move container #68 with size 5368709120B from source datanode 981a4589-cc36-48ca-aa35-1e914be36fff to target datanode a3b1ea49-8e0f-482a-99ab-a18aa3414cb4
2023-09-14 09:00:48,333 [main] DEBUG balancer.ContainerBalancerTask (ContainerBalancerTask.java:lambda$moveContainer$3(837)) - Container move completed for container #68 from source 981a4589-cc36-48ca-aa35-1e914be36fff to target a3b1ea49-8e0f-482a-99ab-a18aa3414cb4
2023-09-14 09:00:48,333 [main] WARN  balancer.ContainerBalancerTask (ContainerBalancerTask.java:reachedMaxSizeToMovePerIteration(733)) - Reached max size to move limit. 10737418240 bytes have already been scheduled for balancing and the limit is 10737418240 bytes.
2023-09-14 09:00:48,334 [main] INFO  balancer.ContainerBalancerTask (ContainerBalancerTask.java:checkIterationMoveResults(642)) - Iteration Summary. Number of Datanodes involved: 3. Size moved: 10 GB (10737418240 Bytes). Number of Container moves completed: 2.
2023-09-14 09:00:48,335 [main] INFO  balancer.ContainerBalancerTask (ContainerBalancerTask.java:balance(259)) - Result of this iteration of Container Balancer: ITERATION_COMPLETED
2023-09-14 09:00:48,343 [main] INFO  balancer.ContainerBalancerTask (ContainerBalancerTask.java:tryStopWithSaveConfiguration(308)) - Save Configuration for stopping. Reason: Completed all iterations.
]]></system-out>
  </testcase>
  <testcase name="balancerShouldFollowExcludeAndIncludeDatanodesConfigurations" classname="org.apache.hadoop.hdds.scm.container.balancer.TestContainerBalancerTask" time="0.129">
    <system-out><![CDATA[2023-09-14 09:00:48,422 [main] INFO  net.NodeSchemaLoader (NodeSchemaLoader.java:loadSchemaFromFile(129)) - Loading schema from [file:/home/runner/work/ozone/ozone/hadoop-hdds/common/target/classes/network-topology-default.xml]
2023-09-14 09:00:48,422 [main] INFO  net.NodeSchemaLoader (NodeSchemaLoader.java:loadSchema(176)) - Loading network topology layer schema file
2023-09-14 09:00:48,427 [main] INFO  net.NetworkTopologyImpl (NetworkTopologyImpl.java:add(112)) - Added a new node: /default-rack/cdb3b206-1f0a-43fb-b213-7336928d57bc
2023-09-14 09:00:48,428 [main] INFO  net.NetworkTopologyImpl (NetworkTopologyImpl.java:add(112)) - Added a new node: /default-rack/09b8f83e-e369-4e7b-9595-0c351e928917
2023-09-14 09:00:48,429 [main] INFO  net.NetworkTopologyImpl (NetworkTopologyImpl.java:add(112)) - Added a new node: /default-rack/9fd58fcb-95f1-43f3-8207-9428f0d23010
2023-09-14 09:00:48,429 [main] INFO  net.NetworkTopologyImpl (NetworkTopologyImpl.java:add(112)) - Added a new node: /default-rack/ff44c7ac-8eb2-4d90-8e49-50ba7c8ddcd7
2023-09-14 09:00:48,429 [main] INFO  net.NetworkTopologyImpl (NetworkTopologyImpl.java:add(112)) - Added a new node: /default-rack/9bdd2886-054d-4dc3-8389-42e464cbf806
2023-09-14 09:00:48,430 [main] INFO  net.NetworkTopologyImpl (NetworkTopologyImpl.java:add(112)) - Added a new node: /default-rack/e3a3b419-b584-4064-b02e-79698215284f
2023-09-14 09:00:48,430 [main] INFO  net.NetworkTopologyImpl (NetworkTopologyImpl.java:add(112)) - Added a new node: /default-rack/b5581ca5-99bd-4def-bdd8-7af8b235a3e2
2023-09-14 09:00:48,431 [main] INFO  net.NetworkTopologyImpl (NetworkTopologyImpl.java:add(112)) - Added a new node: /default-rack/652f3516-ec78-4434-ba42-dc5d16264d04
2023-09-14 09:00:48,431 [main] INFO  net.NetworkTopologyImpl (NetworkTopologyImpl.java:add(112)) - Added a new node: /default-rack/cf14c7d6-d144-4eff-a670-9746f1845902
2023-09-14 09:00:48,431 [main] INFO  net.NetworkTopologyImpl (NetworkTopologyImpl.java:add(112)) - Added a new node: /default-rack/4afcc427-9c54-4148-a58b-7cf5a1e932cb
2023-09-14 09:00:48,431 [main] INFO  algorithms.ContainerPlacementPolicyFactory (ContainerPlacementPolicyFactory.java:getPolicyInternal(86)) - Create container placement policy of type org.apache.hadoop.hdds.scm.container.placement.algorithms.SCMContainerPlacementRackAware
2023-09-14 09:00:48,432 [main] INFO  algorithms.ContainerPlacementPolicyFactory (ContainerPlacementPolicyFactory.java:getPolicyInternal(86)) - Create container placement policy of type org.apache.hadoop.hdds.scm.container.placement.algorithms.SCMContainerPlacementRackScatter
2023-09-14 09:00:48,447 [main] DEBUG balancer.ContainerBalancerTask (ContainerBalancerTask.java:initializeIteration(374)) - Average utilization of the cluster is 0.22564102564102564
2023-09-14 09:00:48,447 [main] DEBUG balancer.ContainerBalancerTask (ContainerBalancerTask.java:initializeIteration(386)) - Lower limit for utilization is 0.12564102564102564 and Upper limit for utilization is 0.32564102564102565
2023-09-14 09:00:48,448 [main] DEBUG balancer.ContainerBalancerTask (ContainerBalancerTask.java:initializeIteration(398)) - Utilization for node cf14c7d6-d144-4eff-a670-9746f1845902 with capacity 75161927680B, used 60129542144B, and remaining 15032385536B is 0.8
2023-09-14 09:00:48,448 [main] DEBUG balancer.ContainerBalancerTask (ContainerBalancerTask.java:initializeIteration(398)) - Utilization for node 09b8f83e-e369-4e7b-9595-0c351e928917 with capacity 343597383680B, used 34359738368B, and remaining 309237645312B is 0.1
2023-09-14 09:00:48,448 [main] INFO  balancer.ContainerBalancerTask (ContainerBalancerTask.java:initializeIteration(447)) - Container Balancer has identified 1 Over-Utilized and 1 Under-Utilized Datanodes that need to be balanced.
2023-09-14 09:00:48,448 [main] DEBUG balancer.ContainerBalancerTask (ContainerBalancerTask.java:lambda$initializeIteration$1(453)) - Datanode localhost-98.162.179.64 cf14c7d6-d144-4eff-a670-9746f1845902 is Over-Utilized.
2023-09-14 09:00:48,448 [main] DEBUG balancer.ContainerBalancerTask (ContainerBalancerTask.java:lambda$initializeIteration$2(459)) - Datanode localhost-112.113.4.115 09b8f83e-e369-4e7b-9595-0c351e928917 is Under-Utilized.
2023-09-14 09:00:48,460 [main] DEBUG balancer.ContainerBalancerTask (ContainerBalancerTask.java:matchSourceWithTarget(708)) - ContainerBalancer is finding suitable target for source datanode cf14c7d6-d144-4eff-a670-9746f1845902
2023-09-14 09:00:48,460 [main] INFO  balancer.ContainerBalancerTask (ContainerBalancerTask.java:matchSourceWithTarget(722)) - ContainerBalancer matched source datanode cf14c7d6-d144-4eff-a670-9746f1845902 with target datanode 09b8f83e-e369-4e7b-9595-0c351e928917 for container move.
2023-09-14 09:00:48,463 [main] INFO  balancer.ContainerBalancerTask (ContainerBalancerTask.java:processMoveSelection(569)) - ContainerBalancer is trying to move container #68 with size 5368709120B from source datanode cf14c7d6-d144-4eff-a670-9746f1845902 to target datanode 09b8f83e-e369-4e7b-9595-0c351e928917
2023-09-14 09:00:48,463 [main] DEBUG balancer.ContainerBalancerTask (ContainerBalancerTask.java:lambda$moveContainer$3(837)) - Container move completed for container #68 from source cf14c7d6-d144-4eff-a670-9746f1845902 to target 09b8f83e-e369-4e7b-9595-0c351e928917
2023-09-14 09:00:48,465 [main] DEBUG balancer.ContainerBalancerTask (ContainerBalancerTask.java:adaptOnReachingIterationLimits(782)) - Reached max datanodes to involve limit. 2 datanodes have already been selected for balancing and the limit is 2. Only already selected sources and targets can be involved in balancing now.
2023-09-14 09:00:48,474 [main] DEBUG balancer.ContainerBalancerTask (ContainerBalancerTask.java:matchSourceWithTarget(708)) - ContainerBalancer is finding suitable target for source datanode cf14c7d6-d144-4eff-a670-9746f1845902
2023-09-14 09:00:48,474 [main] INFO  balancer.ContainerBalancerTask (ContainerBalancerTask.java:matchSourceWithTarget(722)) - ContainerBalancer matched source datanode cf14c7d6-d144-4eff-a670-9746f1845902 with target datanode 09b8f83e-e369-4e7b-9595-0c351e928917 for container move.
2023-09-14 09:00:48,475 [main] INFO  balancer.ContainerBalancerTask (ContainerBalancerTask.java:processMoveSelection(569)) - ContainerBalancer is trying to move container #40 with size 5368709120B from source datanode cf14c7d6-d144-4eff-a670-9746f1845902 to target datanode 09b8f83e-e369-4e7b-9595-0c351e928917
2023-09-14 09:00:48,475 [main] DEBUG balancer.ContainerBalancerTask (ContainerBalancerTask.java:lambda$moveContainer$3(837)) - Container move completed for container #40 from source cf14c7d6-d144-4eff-a670-9746f1845902 to target 09b8f83e-e369-4e7b-9595-0c351e928917
2023-09-14 09:00:48,486 [main] DEBUG balancer.ContainerBalancerTask (ContainerBalancerTask.java:matchSourceWithTarget(708)) - ContainerBalancer is finding suitable target for source datanode cf14c7d6-d144-4eff-a670-9746f1845902
2023-09-14 09:00:48,487 [main] INFO  balancer.FindTargetGreedyByUsageInfo (AbstractFindTargetGreedy.java:findTargetForContainerMove(133)) - Container Balancer could not find a target for source datanode cf14c7d6-d144-4eff-a670-9746f1845902
2023-09-14 09:00:48,487 [main] DEBUG balancer.ContainerBalancerTask (ContainerBalancerTask.java:matchSourceWithTarget(717)) - ContainerBalancer could not find a suitable target for source node cf14c7d6-d144-4eff-a670-9746f1845902.
2023-09-14 09:00:48,488 [main] INFO  balancer.FindSourceGreedy (FindSourceGreedy.java:getNextCandidateSourceDataNode(126)) - no more candidate source data node
2023-09-14 09:00:48,488 [main] INFO  balancer.ContainerBalancerTask (ContainerBalancerTask.java:checkIterationMoveResults(642)) - Iteration Summary. Number of Datanodes involved: 2. Size moved: 10 GB (10737418240 Bytes). Number of Container moves completed: 2.
2023-09-14 09:00:48,488 [main] INFO  balancer.ContainerBalancerTask (ContainerBalancerTask.java:balance(259)) - Result of this iteration of Container Balancer: ITERATION_COMPLETED
2023-09-14 09:00:48,489 [main] INFO  balancer.ContainerBalancerTask (ContainerBalancerTask.java:tryStopWithSaveConfiguration(308)) - Save Configuration for stopping. Reason: Completed all iterations.
]]></system-out>
  </testcase>
  <testcase name="unBalancedNodesListShouldBeEmptyWhenClusterIsBalanced" classname="org.apache.hadoop.hdds.scm.container.balancer.TestContainerBalancerTask" time="0.075">
    <system-out><![CDATA[2023-09-14 09:00:48,543 [main] INFO  net.NodeSchemaLoader (NodeSchemaLoader.java:loadSchemaFromFile(129)) - Loading schema from [file:/home/runner/work/ozone/ozone/hadoop-hdds/common/target/classes/network-topology-default.xml]
2023-09-14 09:00:48,543 [main] INFO  net.NodeSchemaLoader (NodeSchemaLoader.java:loadSchema(176)) - Loading network topology layer schema file
2023-09-14 09:00:48,551 [main] INFO  net.NetworkTopologyImpl (NetworkTopologyImpl.java:add(112)) - Added a new node: /default-rack/fc07d635-eeeb-4f89-87e1-37dc5089b2a4
2023-09-14 09:00:48,552 [main] INFO  net.NetworkTopologyImpl (NetworkTopologyImpl.java:add(112)) - Added a new node: /default-rack/5356ddc5-ac97-4a5d-8b8f-1ed8ccced5f1
2023-09-14 09:00:48,552 [main] INFO  net.NetworkTopologyImpl (NetworkTopologyImpl.java:add(112)) - Added a new node: /default-rack/86899608-09bb-437d-8340-753b92dadd04
2023-09-14 09:00:48,552 [main] INFO  net.NetworkTopologyImpl (NetworkTopologyImpl.java:add(112)) - Added a new node: /default-rack/a3e65d84-e30e-4f4f-b2fb-eb8242e56b0b
2023-09-14 09:00:48,552 [main] INFO  net.NetworkTopologyImpl (NetworkTopologyImpl.java:add(112)) - Added a new node: /default-rack/c3c28eee-1d80-48bd-9d01-0da823dbe106
2023-09-14 09:00:48,552 [main] INFO  net.NetworkTopologyImpl (NetworkTopologyImpl.java:add(112)) - Added a new node: /default-rack/b92c880c-3591-4af0-b845-b29cd89ce35d
2023-09-14 09:00:48,552 [main] INFO  net.NetworkTopologyImpl (NetworkTopologyImpl.java:add(112)) - Added a new node: /default-rack/071e0997-27b0-4a17-ad3a-e3890ccdd1fa
2023-09-14 09:00:48,553 [main] INFO  net.NetworkTopologyImpl (NetworkTopologyImpl.java:add(112)) - Added a new node: /default-rack/9e589513-5ed4-4919-bcbb-d4a9d4cc6642
2023-09-14 09:00:48,553 [main] INFO  net.NetworkTopologyImpl (NetworkTopologyImpl.java:add(112)) - Added a new node: /default-rack/93aa327d-0dc5-48df-8479-3d6ecb6cde79
2023-09-14 09:00:48,553 [main] INFO  net.NetworkTopologyImpl (NetworkTopologyImpl.java:add(112)) - Added a new node: /default-rack/e71723b2-b333-4623-82ad-894d3267592d
2023-09-14 09:00:48,553 [main] INFO  algorithms.ContainerPlacementPolicyFactory (ContainerPlacementPolicyFactory.java:getPolicyInternal(86)) - Create container placement policy of type org.apache.hadoop.hdds.scm.container.placement.algorithms.SCMContainerPlacementRackAware
2023-09-14 09:00:48,553 [main] INFO  algorithms.ContainerPlacementPolicyFactory (ContainerPlacementPolicyFactory.java:getPolicyInternal(86)) - Create container placement policy of type org.apache.hadoop.hdds.scm.container.placement.algorithms.SCMContainerPlacementRackScatter
2023-09-14 09:00:48,560 [main] DEBUG balancer.ContainerBalancerTask (ContainerBalancerTask.java:initializeIteration(374)) - Average utilization of the cluster is 0.3348423005567714
2023-09-14 09:00:48,561 [main] DEBUG balancer.ContainerBalancerTask (ContainerBalancerTask.java:initializeIteration(386)) - Lower limit for utilization is -0.6650576994432285 and Upper limit for utilization is 1.3347423005567713
2023-09-14 09:00:48,562 [main] DEBUG balancer.ContainerBalancerTask (ContainerBalancerTask.java:initializeIteration(398)) - Utilization for node fc07d635-eeeb-4f89-87e1-37dc5089b2a4 with capacity 57266230613B, used 51539607552B, and remaining 5726623061B is 0.9000000000052387
2023-09-14 09:00:48,562 [main] DEBUG balancer.ContainerBalancerTask (ContainerBalancerTask.java:initializeIteration(398)) - Utilization for node e71723b2-b333-4623-82ad-894d3267592d with capacity 71135395840B, used 56908316672B, and remaining 14227079168B is 0.8
2023-09-14 09:00:48,562 [main] DEBUG balancer.ContainerBalancerTask (ContainerBalancerTask.java:initializeIteration(398)) - Utilization for node 93aa327d-0dc5-48df-8479-3d6ecb6cde79 with capacity 75161927680B, used 52613349376B, and remaining 22548578304B is 0.7
2023-09-14 09:00:48,562 [main] DEBUG balancer.ContainerBalancerTask (ContainerBalancerTask.java:initializeIteration(398)) - Utilization for node c3c28eee-1d80-48bd-9d01-0da823dbe106 with capacity 64424509440B, used 38654705664B, and remaining 25769803776B is 0.6
2023-09-14 09:00:48,563 [main] DEBUG balancer.ContainerBalancerTask (ContainerBalancerTask.java:initializeIteration(398)) - Utilization for node 86899608-09bb-437d-8340-753b92dadd04 with capacity 100931731456B, used 50465865728B, and remaining 50465865728B is 0.5
2023-09-14 09:00:48,564 [main] DEBUG balancer.ContainerBalancerTask (ContainerBalancerTask.java:initializeIteration(398)) - Utilization for node 5356ddc5-ac97-4a5d-8b8f-1ed8ccced5f1 with capacity 91268055040B, used 36507222016B, and remaining 54760833024B is 0.4
2023-09-14 09:00:48,564 [main] DEBUG balancer.ContainerBalancerTask (ContainerBalancerTask.java:initializeIteration(398)) - Utilization for node a3e65d84-e30e-4f4f-b2fb-eb8242e56b0b with capacity 132428158293B, used 39728447488B, and remaining 92699710805B is 0.3000000000007551
2023-09-14 09:00:48,564 [main] DEBUG balancer.ContainerBalancerTask (ContainerBalancerTask.java:initializeIteration(398)) - Utilization for node 9e589513-5ed4-4919-bcbb-d4a9d4cc6642 with capacity 198642237440B, used 39728447488B, and remaining 158913789952B is 0.2
2023-09-14 09:00:48,564 [main] DEBUG balancer.ContainerBalancerTask (ContainerBalancerTask.java:initializeIteration(398)) - Utilization for node b92c880c-3591-4af0-b845-b29cd89ce35d with capacity 375809638400B, used 37580963840B, and remaining 338228674560B is 0.1
2023-09-14 09:00:48,565 [main] DEBUG balancer.ContainerBalancerTask (ContainerBalancerTask.java:initializeIteration(398)) - Utilization for node 071e0997-27b0-4a17-ad3a-e3890ccdd1fa with capacity 38654705664B, used 0B, and remaining 38654705664B is 0.0
2023-09-14 09:00:48,565 [main] INFO  balancer.ContainerBalancerTask (ContainerBalancerTask.java:initializeIteration(443)) - Did not find any unbalanced Datanodes.
2023-09-14 09:00:48,566 [main] INFO  balancer.ContainerBalancerTask (ContainerBalancerTask.java:tryStopWithSaveConfiguration(308)) - Save Configuration for stopping. Reason: Could not initialize ContainerBalancer's iteration number 0
]]></system-out>
  </testcase>
  <testcase name="containerMoveSelectionShouldFollowPlacementPolicy" classname="org.apache.hadoop.hdds.scm.container.balancer.TestContainerBalancerTask" time="0.145">
    <system-out><![CDATA[2023-09-14 09:00:48,622 [main] INFO  net.NodeSchemaLoader (NodeSchemaLoader.java:loadSchemaFromFile(129)) - Loading schema from [file:/home/runner/work/ozone/ozone/hadoop-hdds/common/target/classes/network-topology-default.xml]
2023-09-14 09:00:48,622 [main] INFO  net.NodeSchemaLoader (NodeSchemaLoader.java:loadSchema(176)) - Loading network topology layer schema file
2023-09-14 09:00:48,626 [main] INFO  net.NetworkTopologyImpl (NetworkTopologyImpl.java:add(112)) - Added a new node: /default-rack/927cd966-864c-42b8-a8f4-71c4a2f9ecd7
2023-09-14 09:00:48,627 [main] INFO  net.NetworkTopologyImpl (NetworkTopologyImpl.java:add(112)) - Added a new node: /default-rack/fae1615f-02db-45cb-8364-d7002c3512ed
2023-09-14 09:00:48,628 [main] INFO  net.NetworkTopologyImpl (NetworkTopologyImpl.java:add(112)) - Added a new node: /default-rack/f6888a34-8d6e-4b81-96ca-4015a02fc7c1
2023-09-14 09:00:48,630 [main] INFO  net.NetworkTopologyImpl (NetworkTopologyImpl.java:add(112)) - Added a new node: /default-rack/4f0f64f2-4c80-4979-b975-16356287da51
2023-09-14 09:00:48,630 [main] INFO  net.NetworkTopologyImpl (NetworkTopologyImpl.java:add(112)) - Added a new node: /default-rack/abc3a699-bcc5-4561-a244-88630c1c3fe6
2023-09-14 09:00:48,630 [main] INFO  net.NetworkTopologyImpl (NetworkTopologyImpl.java:add(112)) - Added a new node: /default-rack/7cf4d64f-f8d7-4425-bfec-ca88303e1b87
2023-09-14 09:00:48,631 [main] INFO  net.NetworkTopologyImpl (NetworkTopologyImpl.java:add(112)) - Added a new node: /default-rack/a858db7e-1c04-4da9-b35e-9dc9357e9a37
2023-09-14 09:00:48,631 [main] INFO  net.NetworkTopologyImpl (NetworkTopologyImpl.java:add(112)) - Added a new node: /default-rack/e35c3b9e-8d39-4fa0-a727-8d5f237b033e
2023-09-14 09:00:48,632 [main] INFO  net.NetworkTopologyImpl (NetworkTopologyImpl.java:add(112)) - Added a new node: /default-rack/59d504c0-01d2-4eb6-b7d0-988ea1f80fb0
2023-09-14 09:00:48,632 [main] INFO  net.NetworkTopologyImpl (NetworkTopologyImpl.java:add(112)) - Added a new node: /default-rack/d22630a9-1925-4754-907e-f8bb989347e2
2023-09-14 09:00:48,632 [main] INFO  algorithms.ContainerPlacementPolicyFactory (ContainerPlacementPolicyFactory.java:getPolicyInternal(86)) - Create container placement policy of type org.apache.hadoop.hdds.scm.container.placement.algorithms.SCMContainerPlacementRackAware
2023-09-14 09:00:48,633 [main] INFO  algorithms.ContainerPlacementPolicyFactory (ContainerPlacementPolicyFactory.java:getPolicyInternal(86)) - Create container placement policy of type org.apache.hadoop.hdds.scm.container.placement.algorithms.SCMContainerPlacementRackScatter
2023-09-14 09:00:48,640 [main] DEBUG balancer.ContainerBalancerTask (ContainerBalancerTask.java:initializeIteration(374)) - Average utilization of the cluster is 0.367953588063392
2023-09-14 09:00:48,640 [main] DEBUG balancer.ContainerBalancerTask (ContainerBalancerTask.java:initializeIteration(386)) - Lower limit for utilization is 0.267953588063392 and Upper limit for utilization is 0.46795358806339205
2023-09-14 09:00:48,640 [main] DEBUG balancer.ContainerBalancerTask (ContainerBalancerTask.java:initializeIteration(398)) - Utilization for node 927cd966-864c-42b8-a8f4-71c4a2f9ecd7 with capacity 58459277084B, used 52613349376B, and remaining 5845927708B is 0.9000000000068423
2023-09-14 09:00:48,640 [main] DEBUG balancer.ContainerBalancerTask (ContainerBalancerTask.java:initializeIteration(398)) - Utilization for node abc3a699-bcc5-4561-a244-88630c1c3fe6 with capacity 60397977600B, used 48318382080B, and remaining 12079595520B is 0.8
2023-09-14 09:00:48,641 [main] DEBUG balancer.ContainerBalancerTask (ContainerBalancerTask.java:initializeIteration(398)) - Utilization for node 4f0f64f2-4c80-4979-b975-16356287da51 with capacity 73628010788B, used 51539607552B, and remaining 22088403236B is 0.7000000000054327
2023-09-14 09:00:48,641 [main] DEBUG balancer.ContainerBalancerTask (ContainerBalancerTask.java:initializeIteration(398)) - Utilization for node f6888a34-8d6e-4b81-96ca-4015a02fc7c1 with capacity 110953321813B, used 66571993088B, and remaining 44381328725B is 0.6000000000018025
2023-09-14 09:00:48,641 [main] DEBUG balancer.ContainerBalancerTask (ContainerBalancerTask.java:initializeIteration(398)) - Utilization for node d22630a9-1925-4754-907e-f8bb989347e2 with capacity 90194313216B, used 45097156608B, and remaining 45097156608B is 0.5
2023-09-14 09:00:48,642 [main] DEBUG balancer.ContainerBalancerTask (ContainerBalancerTask.java:initializeIteration(398)) - Utilization for node e35c3b9e-8d39-4fa0-a727-8d5f237b033e with capacity 67108864000B, used 26843545600B, and remaining 40265318400B is 0.4
2023-09-14 09:00:48,643 [main] DEBUG balancer.ContainerBalancerTask (ContainerBalancerTask.java:initializeIteration(398)) - Utilization for node fae1615f-02db-45cb-8364-d7002c3512ed with capacity 153902994773B, used 46170898432B, and remaining 107732096341B is 0.30000000000064975
2023-09-14 09:00:48,643 [main] DEBUG balancer.ContainerBalancerTask (ContainerBalancerTask.java:initializeIteration(398)) - Utilization for node 59d504c0-01d2-4eb6-b7d0-988ea1f80fb0 with capacity 209379655680B, used 41875931136B, and remaining 167503724544B is 0.2
2023-09-14 09:00:48,643 [main] DEBUG balancer.ContainerBalancerTask (ContainerBalancerTask.java:initializeIteration(398)) - Utilization for node a858db7e-1c04-4da9-b35e-9dc9357e9a37 with capacity 225485783040B, used 22548578304B, and remaining 202937204736B is 0.1
2023-09-14 09:00:48,643 [main] DEBUG balancer.ContainerBalancerTask (ContainerBalancerTask.java:initializeIteration(398)) - Utilization for node 7cf4d64f-f8d7-4425-bfec-ca88303e1b87 with capacity 41875931136B, used 0B, and remaining 41875931136B is 0.0
2023-09-14 09:00:48,643 [main] INFO  balancer.ContainerBalancerTask (ContainerBalancerTask.java:initializeIteration(447)) - Container Balancer has identified 5 Over-Utilized and 3 Under-Utilized Datanodes that need to be balanced.
2023-09-14 09:00:48,643 [main] DEBUG balancer.ContainerBalancerTask (ContainerBalancerTask.java:lambda$initializeIteration$1(453)) - Datanode localhost-205.162.194.128 927cd966-864c-42b8-a8f4-71c4a2f9ecd7 is Over-Utilized.
2023-09-14 09:00:48,643 [main] DEBUG balancer.ContainerBalancerTask (ContainerBalancerTask.java:lambda$initializeIteration$1(453)) - Datanode localhost-199.106.151.249 abc3a699-bcc5-4561-a244-88630c1c3fe6 is Over-Utilized.
2023-09-14 09:00:48,644 [main] DEBUG balancer.ContainerBalancerTask (ContainerBalancerTask.java:lambda$initializeIteration$1(453)) - Datanode localhost-134.182.27.141 4f0f64f2-4c80-4979-b975-16356287da51 is Over-Utilized.
2023-09-14 09:00:48,644 [main] DEBUG balancer.ContainerBalancerTask (ContainerBalancerTask.java:lambda$initializeIteration$1(453)) - Datanode localhost-201.43.88.214 f6888a34-8d6e-4b81-96ca-4015a02fc7c1 is Over-Utilized.
2023-09-14 09:00:48,644 [main] DEBUG balancer.ContainerBalancerTask (ContainerBalancerTask.java:lambda$initializeIteration$1(453)) - Datanode localhost-87.109.76.112 d22630a9-1925-4754-907e-f8bb989347e2 is Over-Utilized.
2023-09-14 09:00:48,644 [main] DEBUG balancer.ContainerBalancerTask (ContainerBalancerTask.java:lambda$initializeIteration$2(459)) - Datanode localhost-94.184.85.151 7cf4d64f-f8d7-4425-bfec-ca88303e1b87 is Under-Utilized.
2023-09-14 09:00:48,644 [main] DEBUG balancer.ContainerBalancerTask (ContainerBalancerTask.java:lambda$initializeIteration$2(459)) - Datanode localhost-57.240.185.48 a858db7e-1c04-4da9-b35e-9dc9357e9a37 is Under-Utilized.
2023-09-14 09:00:48,644 [main] DEBUG balancer.ContainerBalancerTask (ContainerBalancerTask.java:lambda$initializeIteration$2(459)) - Datanode localhost-49.162.191.20 59d504c0-01d2-4eb6-b7d0-988ea1f80fb0 is Under-Utilized.
2023-09-14 09:00:48,650 [main] DEBUG balancer.ContainerBalancerTask (ContainerBalancerTask.java:matchSourceWithTarget(708)) - ContainerBalancer is finding suitable target for source datanode 927cd966-864c-42b8-a8f4-71c4a2f9ecd7
2023-09-14 09:00:48,650 [main] INFO  balancer.ContainerBalancerTask (ContainerBalancerTask.java:matchSourceWithTarget(722)) - ContainerBalancer matched source datanode 927cd966-864c-42b8-a8f4-71c4a2f9ecd7 with target datanode 7cf4d64f-f8d7-4425-bfec-ca88303e1b87 for container move.
2023-09-14 09:00:48,651 [main] INFO  balancer.ContainerBalancerTask (ContainerBalancerTask.java:processMoveSelection(569)) - ContainerBalancer is trying to move container #85 with size 5368709120B from source datanode 927cd966-864c-42b8-a8f4-71c4a2f9ecd7 to target datanode 7cf4d64f-f8d7-4425-bfec-ca88303e1b87
2023-09-14 09:00:48,651 [main] DEBUG balancer.ContainerBalancerTask (ContainerBalancerTask.java:lambda$moveContainer$3(837)) - Container move completed for container #85 from source 927cd966-864c-42b8-a8f4-71c4a2f9ecd7 to target 7cf4d64f-f8d7-4425-bfec-ca88303e1b87
2023-09-14 09:00:48,657 [main] DEBUG balancer.ContainerBalancerTask (ContainerBalancerTask.java:matchSourceWithTarget(708)) - ContainerBalancer is finding suitable target for source datanode 927cd966-864c-42b8-a8f4-71c4a2f9ecd7
2023-09-14 09:00:48,657 [main] INFO  balancer.ContainerBalancerTask (ContainerBalancerTask.java:matchSourceWithTarget(722)) - ContainerBalancer matched source datanode 927cd966-864c-42b8-a8f4-71c4a2f9ecd7 with target datanode a858db7e-1c04-4da9-b35e-9dc9357e9a37 for container move.
2023-09-14 09:00:48,658 [main] INFO  balancer.ContainerBalancerTask (ContainerBalancerTask.java:processMoveSelection(569)) - ContainerBalancer is trying to move container #53 with size 5368709120B from source datanode 927cd966-864c-42b8-a8f4-71c4a2f9ecd7 to target datanode a858db7e-1c04-4da9-b35e-9dc9357e9a37
2023-09-14 09:00:48,658 [main] DEBUG balancer.ContainerBalancerTask (ContainerBalancerTask.java:lambda$moveContainer$3(837)) - Container move completed for container #53 from source 927cd966-864c-42b8-a8f4-71c4a2f9ecd7 to target a858db7e-1c04-4da9-b35e-9dc9357e9a37
2023-09-14 09:00:48,662 [main] DEBUG balancer.ContainerBalancerTask (ContainerBalancerTask.java:matchSourceWithTarget(708)) - ContainerBalancer is finding suitable target for source datanode abc3a699-bcc5-4561-a244-88630c1c3fe6
2023-09-14 09:00:48,662 [main] INFO  balancer.ContainerBalancerTask (ContainerBalancerTask.java:matchSourceWithTarget(722)) - ContainerBalancer matched source datanode abc3a699-bcc5-4561-a244-88630c1c3fe6 with target datanode a858db7e-1c04-4da9-b35e-9dc9357e9a37 for container move.
2023-09-14 09:00:48,662 [main] INFO  balancer.ContainerBalancerTask (ContainerBalancerTask.java:processMoveSelection(569)) - ContainerBalancer is trying to move container #68 with size 5368709120B from source datanode abc3a699-bcc5-4561-a244-88630c1c3fe6 to target datanode a858db7e-1c04-4da9-b35e-9dc9357e9a37
2023-09-14 09:00:48,663 [main] DEBUG balancer.ContainerBalancerTask (ContainerBalancerTask.java:lambda$moveContainer$3(837)) - Container move completed for container #68 from source abc3a699-bcc5-4561-a244-88630c1c3fe6 to target a858db7e-1c04-4da9-b35e-9dc9357e9a37
2023-09-14 09:00:48,667 [main] DEBUG balancer.ContainerBalancerTask (ContainerBalancerTask.java:matchSourceWithTarget(708)) - ContainerBalancer is finding suitable target for source datanode 927cd966-864c-42b8-a8f4-71c4a2f9ecd7
2023-09-14 09:00:48,667 [main] INFO  balancer.ContainerBalancerTask (ContainerBalancerTask.java:matchSourceWithTarget(722)) - ContainerBalancer matched source datanode 927cd966-864c-42b8-a8f4-71c4a2f9ecd7 with target datanode 7cf4d64f-f8d7-4425-bfec-ca88303e1b87 for container move.
2023-09-14 09:00:48,668 [main] INFO  balancer.ContainerBalancerTask (ContainerBalancerTask.java:processMoveSelection(569)) - ContainerBalancer is trying to move container #29 with size 5368709120B from source datanode 927cd966-864c-42b8-a8f4-71c4a2f9ecd7 to target datanode 7cf4d64f-f8d7-4425-bfec-ca88303e1b87
2023-09-14 09:00:48,668 [main] DEBUG balancer.ContainerBalancerTask (ContainerBalancerTask.java:lambda$moveContainer$3(837)) - Container move completed for container #29 from source 927cd966-864c-42b8-a8f4-71c4a2f9ecd7 to target 7cf4d64f-f8d7-4425-bfec-ca88303e1b87
2023-09-14 09:00:48,672 [main] DEBUG balancer.ContainerBalancerTask (ContainerBalancerTask.java:matchSourceWithTarget(708)) - ContainerBalancer is finding suitable target for source datanode abc3a699-bcc5-4561-a244-88630c1c3fe6
2023-09-14 09:00:48,672 [main] INFO  balancer.ContainerBalancerTask (ContainerBalancerTask.java:matchSourceWithTarget(722)) - ContainerBalancer matched source datanode abc3a699-bcc5-4561-a244-88630c1c3fe6 with target datanode a858db7e-1c04-4da9-b35e-9dc9357e9a37 for container move.
2023-09-14 09:00:48,672 [main] INFO  balancer.ContainerBalancerTask (ContainerBalancerTask.java:processMoveSelection(569)) - ContainerBalancer is trying to move container #89 with size 4294967296B from source datanode abc3a699-bcc5-4561-a244-88630c1c3fe6 to target datanode a858db7e-1c04-4da9-b35e-9dc9357e9a37
2023-09-14 09:00:48,673 [main] DEBUG balancer.ContainerBalancerTask (ContainerBalancerTask.java:lambda$moveContainer$3(837)) - Container move completed for container #89 from source abc3a699-bcc5-4561-a244-88630c1c3fe6 to target a858db7e-1c04-4da9-b35e-9dc9357e9a37
2023-09-14 09:00:48,678 [main] DEBUG balancer.ContainerBalancerTask (ContainerBalancerTask.java:matchSourceWithTarget(708)) - ContainerBalancer is finding suitable target for source datanode 4f0f64f2-4c80-4979-b975-16356287da51
2023-09-14 09:00:48,679 [main] INFO  balancer.ContainerBalancerTask (ContainerBalancerTask.java:matchSourceWithTarget(722)) - ContainerBalancer matched source datanode 4f0f64f2-4c80-4979-b975-16356287da51 with target datanode a858db7e-1c04-4da9-b35e-9dc9357e9a37 for container move.
2023-09-14 09:00:48,679 [main] INFO  balancer.ContainerBalancerTask (ContainerBalancerTask.java:processMoveSelection(569)) - ContainerBalancer is trying to move container #40 with size 5368709120B from source datanode 4f0f64f2-4c80-4979-b975-16356287da51 to target datanode a858db7e-1c04-4da9-b35e-9dc9357e9a37
2023-09-14 09:00:48,679 [main] DEBUG balancer.ContainerBalancerTask (ContainerBalancerTask.java:lambda$moveContainer$3(837)) - Container move completed for container #40 from source 4f0f64f2-4c80-4979-b975-16356287da51 to target a858db7e-1c04-4da9-b35e-9dc9357e9a37
2023-09-14 09:00:48,683 [main] DEBUG balancer.ContainerBalancerTask (ContainerBalancerTask.java:matchSourceWithTarget(708)) - ContainerBalancer is finding suitable target for source datanode abc3a699-bcc5-4561-a244-88630c1c3fe6
2023-09-14 09:00:48,683 [main] INFO  balancer.ContainerBalancerTask (ContainerBalancerTask.java:matchSourceWithTarget(722)) - ContainerBalancer matched source datanode abc3a699-bcc5-4561-a244-88630c1c3fe6 with target datanode a858db7e-1c04-4da9-b35e-9dc9357e9a37 for container move.
2023-09-14 09:00:48,685 [main] INFO  balancer.ContainerBalancerTask (ContainerBalancerTask.java:processMoveSelection(569)) - ContainerBalancer is trying to move container #67 with size 4294967296B from source datanode abc3a699-bcc5-4561-a244-88630c1c3fe6 to target datanode a858db7e-1c04-4da9-b35e-9dc9357e9a37
2023-09-14 09:00:48,685 [main] DEBUG balancer.ContainerBalancerTask (ContainerBalancerTask.java:lambda$moveContainer$3(837)) - Container move completed for container #67 from source abc3a699-bcc5-4561-a244-88630c1c3fe6 to target a858db7e-1c04-4da9-b35e-9dc9357e9a37
2023-09-14 09:00:48,689 [main] DEBUG balancer.ContainerBalancerTask (ContainerBalancerTask.java:matchSourceWithTarget(708)) - ContainerBalancer is finding suitable target for source datanode 4f0f64f2-4c80-4979-b975-16356287da51
2023-09-14 09:00:48,689 [main] INFO  balancer.ContainerBalancerTask (ContainerBalancerTask.java:matchSourceWithTarget(722)) - ContainerBalancer matched source datanode 4f0f64f2-4c80-4979-b975-16356287da51 with target datanode 59d504c0-01d2-4eb6-b7d0-988ea1f80fb0 for container move.
2023-09-14 09:00:48,689 [main] INFO  balancer.ContainerBalancerTask (ContainerBalancerTask.java:processMoveSelection(569)) - ContainerBalancer is trying to move container #84 with size 4294967296B from source datanode 4f0f64f2-4c80-4979-b975-16356287da51 to target datanode 59d504c0-01d2-4eb6-b7d0-988ea1f80fb0
2023-09-14 09:00:48,690 [main] DEBUG balancer.ContainerBalancerTask (ContainerBalancerTask.java:lambda$moveContainer$3(837)) - Container move completed for container #84 from source 4f0f64f2-4c80-4979-b975-16356287da51 to target 59d504c0-01d2-4eb6-b7d0-988ea1f80fb0
2023-09-14 09:00:48,695 [main] DEBUG balancer.ContainerBalancerTask (ContainerBalancerTask.java:matchSourceWithTarget(708)) - ContainerBalancer is finding suitable target for source datanode 927cd966-864c-42b8-a8f4-71c4a2f9ecd7
2023-09-14 09:00:48,695 [main] INFO  balancer.ContainerBalancerTask (ContainerBalancerTask.java:matchSourceWithTarget(722)) - ContainerBalancer matched source datanode 927cd966-864c-42b8-a8f4-71c4a2f9ecd7 with target datanode a858db7e-1c04-4da9-b35e-9dc9357e9a37 for container move.
2023-09-14 09:00:48,696 [main] INFO  balancer.ContainerBalancerTask (ContainerBalancerTask.java:processMoveSelection(569)) - ContainerBalancer is trying to move container #28 with size 4294967296B from source datanode 927cd966-864c-42b8-a8f4-71c4a2f9ecd7 to target datanode a858db7e-1c04-4da9-b35e-9dc9357e9a37
2023-09-14 09:00:48,696 [main] DEBUG balancer.ContainerBalancerTask (ContainerBalancerTask.java:lambda$moveContainer$3(837)) - Container move completed for container #28 from source 927cd966-864c-42b8-a8f4-71c4a2f9ecd7 to target a858db7e-1c04-4da9-b35e-9dc9357e9a37
2023-09-14 09:00:48,704 [main] DEBUG balancer.ContainerBalancerTask (ContainerBalancerTask.java:matchSourceWithTarget(708)) - ContainerBalancer is finding suitable target for source datanode f6888a34-8d6e-4b81-96ca-4015a02fc7c1
2023-09-14 09:00:48,704 [main] INFO  balancer.ContainerBalancerTask (ContainerBalancerTask.java:matchSourceWithTarget(722)) - ContainerBalancer matched source datanode f6888a34-8d6e-4b81-96ca-4015a02fc7c1 with target datanode 59d504c0-01d2-4eb6-b7d0-988ea1f80fb0 for container move.
2023-09-14 09:00:48,705 [main] INFO  balancer.ContainerBalancerTask (ContainerBalancerTask.java:processMoveSelection(569)) - ContainerBalancer is trying to move container #39 with size 4294967296B from source datanode f6888a34-8d6e-4b81-96ca-4015a02fc7c1 to target datanode 59d504c0-01d2-4eb6-b7d0-988ea1f80fb0
2023-09-14 09:00:48,705 [main] DEBUG balancer.ContainerBalancerTask (ContainerBalancerTask.java:lambda$moveContainer$3(837)) - Container move completed for container #39 from source f6888a34-8d6e-4b81-96ca-4015a02fc7c1 to target 59d504c0-01d2-4eb6-b7d0-988ea1f80fb0
2023-09-14 09:00:48,708 [main] DEBUG balancer.ContainerBalancerTask (ContainerBalancerTask.java:matchSourceWithTarget(708)) - ContainerBalancer is finding suitable target for source datanode abc3a699-bcc5-4561-a244-88630c1c3fe6
2023-09-14 09:00:48,708 [main] INFO  balancer.ContainerBalancerTask (ContainerBalancerTask.java:matchSourceWithTarget(722)) - ContainerBalancer matched source datanode abc3a699-bcc5-4561-a244-88630c1c3fe6 with target datanode a858db7e-1c04-4da9-b35e-9dc9357e9a37 for container move.
2023-09-14 09:00:48,708 [main] INFO  balancer.ContainerBalancerTask (ContainerBalancerTask.java:processMoveSelection(569)) - ContainerBalancer is trying to move container #71 with size 3221225472B from source datanode abc3a699-bcc5-4561-a244-88630c1c3fe6 to target datanode a858db7e-1c04-4da9-b35e-9dc9357e9a37
2023-09-14 09:00:48,709 [main] DEBUG balancer.ContainerBalancerTask (ContainerBalancerTask.java:lambda$moveContainer$3(837)) - Container move completed for container #71 from source abc3a699-bcc5-4561-a244-88630c1c3fe6 to target a858db7e-1c04-4da9-b35e-9dc9357e9a37
2023-09-14 09:00:48,712 [main] DEBUG balancer.ContainerBalancerTask (ContainerBalancerTask.java:matchSourceWithTarget(708)) - ContainerBalancer is finding suitable target for source datanode 4f0f64f2-4c80-4979-b975-16356287da51
2023-09-14 09:00:48,713 [main] INFO  balancer.ContainerBalancerTask (ContainerBalancerTask.java:matchSourceWithTarget(722)) - ContainerBalancer matched source datanode 4f0f64f2-4c80-4979-b975-16356287da51 with target datanode 59d504c0-01d2-4eb6-b7d0-988ea1f80fb0 for container move.
2023-09-14 09:00:48,713 [main] INFO  balancer.ContainerBalancerTask (ContainerBalancerTask.java:processMoveSelection(569)) - ContainerBalancer is trying to move container #55 with size 2147483648B from source datanode 4f0f64f2-4c80-4979-b975-16356287da51 to target datanode 59d504c0-01d2-4eb6-b7d0-988ea1f80fb0
2023-09-14 09:00:48,713 [main] DEBUG balancer.ContainerBalancerTask (ContainerBalancerTask.java:lambda$moveContainer$3(837)) - Container move completed for container #55 from source 4f0f64f2-4c80-4979-b975-16356287da51 to target 59d504c0-01d2-4eb6-b7d0-988ea1f80fb0
2023-09-14 09:00:48,713 [main] WARN  balancer.ContainerBalancerTask (ContainerBalancerTask.java:reachedMaxSizeToMovePerIteration(733)) - Reached max size to move limit. 53687091200 bytes have already been scheduled for balancing and the limit is 53687091200 bytes.
2023-09-14 09:00:48,713 [main] INFO  balancer.ContainerBalancerTask (ContainerBalancerTask.java:checkIterationMoveResults(642)) - Iteration Summary. Number of Datanodes involved: 7. Size moved: 50 GB (53687091200 Bytes). Number of Container moves completed: 12.
2023-09-14 09:00:48,714 [main] INFO  balancer.ContainerBalancerTask (ContainerBalancerTask.java:balance(259)) - Result of this iteration of Container Balancer: ITERATION_COMPLETED
2023-09-14 09:00:48,714 [main] INFO  balancer.ContainerBalancerTask (ContainerBalancerTask.java:tryStopWithSaveConfiguration(308)) - Save Configuration for stopping. Reason: Completed all iterations.
]]></system-out>
  </testcase>
  <testcase name="testContainerBalancerConfiguration" classname="org.apache.hadoop.hdds.scm.container.balancer.TestContainerBalancerTask" time="0.074">
    <system-out><![CDATA[2023-09-14 09:00:48,759 [main] INFO  net.NodeSchemaLoader (NodeSchemaLoader.java:loadSchemaFromFile(129)) - Loading schema from [file:/home/runner/work/ozone/ozone/hadoop-hdds/common/target/classes/network-topology-default.xml]
2023-09-14 09:00:48,759 [main] INFO  net.NodeSchemaLoader (NodeSchemaLoader.java:loadSchema(176)) - Loading network topology layer schema file
2023-09-14 09:00:48,765 [main] INFO  net.NetworkTopologyImpl (NetworkTopologyImpl.java:add(112)) - Added a new node: /default-rack/18a9867c-2981-4689-ad1b-fce121ac87a9
2023-09-14 09:00:48,765 [main] INFO  net.NetworkTopologyImpl (NetworkTopologyImpl.java:add(112)) - Added a new node: /default-rack/743b83ac-84c0-44d4-934e-bd1cb3d2ac60
2023-09-14 09:00:48,766 [main] INFO  net.NetworkTopologyImpl (NetworkTopologyImpl.java:add(112)) - Added a new node: /default-rack/00cc28f8-1394-4ff3-889d-3ce9dde83579
2023-09-14 09:00:48,766 [main] INFO  net.NetworkTopologyImpl (NetworkTopologyImpl.java:add(112)) - Added a new node: /default-rack/2f353a61-ca7b-4ba5-92db-d953a974ec90
2023-09-14 09:00:48,766 [main] INFO  net.NetworkTopologyImpl (NetworkTopologyImpl.java:add(112)) - Added a new node: /default-rack/a16e773f-8c81-48a8-8883-3b83b39d2c7d
2023-09-14 09:00:48,766 [main] INFO  net.NetworkTopologyImpl (NetworkTopologyImpl.java:add(112)) - Added a new node: /default-rack/ed37c16d-1620-43e1-8be3-5f54d2b8428c
2023-09-14 09:00:48,767 [main] INFO  net.NetworkTopologyImpl (NetworkTopologyImpl.java:add(112)) - Added a new node: /default-rack/dab82212-c08e-49b1-9d28-d3bfe509cd13
2023-09-14 09:00:48,767 [main] INFO  net.NetworkTopologyImpl (NetworkTopologyImpl.java:add(112)) - Added a new node: /default-rack/4106b3e9-8449-41e0-a7a0-3214b20c24c7
2023-09-14 09:00:48,767 [main] INFO  net.NetworkTopologyImpl (NetworkTopologyImpl.java:add(112)) - Added a new node: /default-rack/51dd46dd-8f38-421d-b812-9881d9983e05
2023-09-14 09:00:48,768 [main] INFO  net.NetworkTopologyImpl (NetworkTopologyImpl.java:add(112)) - Added a new node: /default-rack/50ddc1c5-4da3-44e0-b027-2e94eb920186
2023-09-14 09:00:48,769 [main] INFO  algorithms.ContainerPlacementPolicyFactory (ContainerPlacementPolicyFactory.java:getPolicyInternal(86)) - Create container placement policy of type org.apache.hadoop.hdds.scm.container.placement.algorithms.SCMContainerPlacementRackAware
2023-09-14 09:00:48,769 [main] INFO  algorithms.ContainerPlacementPolicyFactory (ContainerPlacementPolicyFactory.java:getPolicyInternal(86)) - Create container placement policy of type org.apache.hadoop.hdds.scm.container.placement.algorithms.SCMContainerPlacementRackScatter
]]></system-out>
  </testcase>
  <testcase name="checkIterationResultTimeoutFromReplicationManager" classname="org.apache.hadoop.hdds.scm.container.balancer.TestContainerBalancerTask" time="0.108">
    <system-out><![CDATA[2023-09-14 09:00:48,831 [main] INFO  net.NodeSchemaLoader (NodeSchemaLoader.java:loadSchemaFromFile(129)) - Loading schema from [file:/home/runner/work/ozone/ozone/hadoop-hdds/common/target/classes/network-topology-default.xml]
2023-09-14 09:00:48,831 [main] INFO  net.NodeSchemaLoader (NodeSchemaLoader.java:loadSchema(176)) - Loading network topology layer schema file
2023-09-14 09:00:48,835 [main] INFO  net.NetworkTopologyImpl (NetworkTopologyImpl.java:add(112)) - Added a new node: /default-rack/a25689b0-acc5-4d5b-b676-7939b9160590
2023-09-14 09:00:48,836 [main] INFO  net.NetworkTopologyImpl (NetworkTopologyImpl.java:add(112)) - Added a new node: /default-rack/77f877f7-872a-4416-b0bc-32f38dc8a665
2023-09-14 09:00:48,836 [main] INFO  net.NetworkTopologyImpl (NetworkTopologyImpl.java:add(112)) - Added a new node: /default-rack/1c6ec807-8f7a-4dda-b38b-24cd01eaef36
2023-09-14 09:00:48,836 [main] INFO  net.NetworkTopologyImpl (NetworkTopologyImpl.java:add(112)) - Added a new node: /default-rack/fd7c76c6-0a99-4735-a8ba-881d05009052
2023-09-14 09:00:48,837 [main] INFO  net.NetworkTopologyImpl (NetworkTopologyImpl.java:add(112)) - Added a new node: /default-rack/7e916d39-bff4-4f25-82cc-2d2e273bad84
2023-09-14 09:00:48,837 [main] INFO  net.NetworkTopologyImpl (NetworkTopologyImpl.java:add(112)) - Added a new node: /default-rack/1f2cb3b1-5ba1-4ecb-8c80-bf00261a9ce8
2023-09-14 09:00:48,837 [main] INFO  net.NetworkTopologyImpl (NetworkTopologyImpl.java:add(112)) - Added a new node: /default-rack/797e69e7-695c-4777-bcb0-a5cf5aee6474
2023-09-14 09:00:48,837 [main] INFO  net.NetworkTopologyImpl (NetworkTopologyImpl.java:add(112)) - Added a new node: /default-rack/3e2796ed-1174-4bf6-b656-fe34d9a53e57
2023-09-14 09:00:48,838 [main] INFO  net.NetworkTopologyImpl (NetworkTopologyImpl.java:add(112)) - Added a new node: /default-rack/5b2e1329-23c5-4e7c-bf2d-a5acc8dc2258
2023-09-14 09:00:48,838 [main] INFO  net.NetworkTopologyImpl (NetworkTopologyImpl.java:add(112)) - Added a new node: /default-rack/5796cc46-5e7e-4308-85f8-3bbec962789c
2023-09-14 09:00:48,838 [main] INFO  algorithms.ContainerPlacementPolicyFactory (ContainerPlacementPolicyFactory.java:getPolicyInternal(86)) - Create container placement policy of type org.apache.hadoop.hdds.scm.container.placement.algorithms.SCMContainerPlacementRackAware
2023-09-14 09:00:48,839 [main] INFO  algorithms.ContainerPlacementPolicyFactory (ContainerPlacementPolicyFactory.java:getPolicyInternal(86)) - Create container placement policy of type org.apache.hadoop.hdds.scm.container.placement.algorithms.SCMContainerPlacementRackScatter
2023-09-14 09:00:48,848 [main] DEBUG balancer.ContainerBalancerTask (ContainerBalancerTask.java:initializeIteration(374)) - Average utilization of the cluster is 0.36309519110124183
2023-09-14 09:00:48,848 [main] DEBUG balancer.ContainerBalancerTask (ContainerBalancerTask.java:initializeIteration(386)) - Lower limit for utilization is 0.2630951911012418 and Upper limit for utilization is 0.46309519110124187
2023-09-14 09:00:48,848 [main] DEBUG balancer.ContainerBalancerTask (ContainerBalancerTask.java:initializeIteration(398)) - Utilization for node 1f2cb3b1-5ba1-4ecb-8c80-bf00261a9ce8 with capacity 59652323555B, used 53687091200B, and remaining 5965232355B is 0.9000000000083819
2023-09-14 09:00:48,848 [main] DEBUG balancer.ContainerBalancerTask (ContainerBalancerTask.java:initializeIteration(398)) - Utilization for node 7e916d39-bff4-4f25-82cc-2d2e273bad84 with capacity 67108864000B, used 53687091200B, and remaining 13421772800B is 0.8
2023-09-14 09:00:48,848 [main] DEBUG balancer.ContainerBalancerTask (ContainerBalancerTask.java:initializeIteration(398)) - Utilization for node 797e69e7-695c-4777-bcb0-a5cf5aee6474 with capacity 67492343222B, used 47244640256B, and remaining 20247702966B is 0.7000000000088898
2023-09-14 09:00:48,849 [main] DEBUG balancer.ContainerBalancerTask (ContainerBalancerTask.java:initializeIteration(398)) - Utilization for node 5b2e1329-23c5-4e7c-bf2d-a5acc8dc2258 with capacity 73372357973B, used 44023414784B, and remaining 29348943189B is 0.6000000000027258
2023-09-14 09:00:48,849 [main] DEBUG balancer.ContainerBalancerTask (ContainerBalancerTask.java:initializeIteration(398)) - Utilization for node 3e2796ed-1174-4bf6-b656-fe34d9a53e57 with capacity 103079215104B, used 51539607552B, and remaining 51539607552B is 0.5
2023-09-14 09:00:48,849 [main] DEBUG balancer.ContainerBalancerTask (ContainerBalancerTask.java:initializeIteration(398)) - Utilization for node 5796cc46-5e7e-4308-85f8-3bbec962789c with capacity 102005473280B, used 40802189312B, and remaining 61203283968B is 0.4
2023-09-14 09:00:48,849 [main] DEBUG balancer.ContainerBalancerTask (ContainerBalancerTask.java:initializeIteration(398)) - Utilization for node 77f877f7-872a-4416-b0bc-32f38dc8a665 with capacity 139586437120B, used 41875931136B, and remaining 97710505984B is 0.3
2023-09-14 09:00:48,849 [main] DEBUG balancer.ContainerBalancerTask (ContainerBalancerTask.java:initializeIteration(398)) - Utilization for node fd7c76c6-0a99-4735-a8ba-881d05009052 with capacity 161061273600B, used 32212254720B, and remaining 128849018880B is 0.2
2023-09-14 09:00:48,849 [main] DEBUG balancer.ContainerBalancerTask (ContainerBalancerTask.java:initializeIteration(398)) - Utilization for node 1c6ec807-8f7a-4dda-b38b-24cd01eaef36 with capacity 268435456000B, used 26843545600B, and remaining 241591910400B is 0.1
2023-09-14 09:00:48,849 [main] DEBUG balancer.ContainerBalancerTask (ContainerBalancerTask.java:initializeIteration(398)) - Utilization for node a25689b0-acc5-4d5b-b676-7939b9160590 with capacity 37580963840B, used 0B, and remaining 37580963840B is 0.0
2023-09-14 09:00:48,850 [main] INFO  balancer.ContainerBalancerTask (ContainerBalancerTask.java:initializeIteration(447)) - Container Balancer has identified 5 Over-Utilized and 3 Under-Utilized Datanodes that need to be balanced.
2023-09-14 09:00:48,850 [main] DEBUG balancer.ContainerBalancerTask (ContainerBalancerTask.java:lambda$initializeIteration$1(453)) - Datanode localhost-89.96.224.253 1f2cb3b1-5ba1-4ecb-8c80-bf00261a9ce8 is Over-Utilized.
2023-09-14 09:00:48,850 [main] DEBUG balancer.ContainerBalancerTask (ContainerBalancerTask.java:lambda$initializeIteration$1(453)) - Datanode localhost-67.62.52.184 7e916d39-bff4-4f25-82cc-2d2e273bad84 is Over-Utilized.
2023-09-14 09:00:48,850 [main] DEBUG balancer.ContainerBalancerTask (ContainerBalancerTask.java:lambda$initializeIteration$1(453)) - Datanode localhost-131.71.230.5 797e69e7-695c-4777-bcb0-a5cf5aee6474 is Over-Utilized.
2023-09-14 09:00:48,850 [main] DEBUG balancer.ContainerBalancerTask (ContainerBalancerTask.java:lambda$initializeIteration$1(453)) - Datanode localhost-136.217.184.69 5b2e1329-23c5-4e7c-bf2d-a5acc8dc2258 is Over-Utilized.
2023-09-14 09:00:48,850 [main] DEBUG balancer.ContainerBalancerTask (ContainerBalancerTask.java:lambda$initializeIteration$1(453)) - Datanode localhost-250.107.168.198 3e2796ed-1174-4bf6-b656-fe34d9a53e57 is Over-Utilized.
2023-09-14 09:00:48,850 [main] DEBUG balancer.ContainerBalancerTask (ContainerBalancerTask.java:lambda$initializeIteration$2(459)) - Datanode localhost-154.243.197.10 a25689b0-acc5-4d5b-b676-7939b9160590 is Under-Utilized.
2023-09-14 09:00:48,850 [main] DEBUG balancer.ContainerBalancerTask (ContainerBalancerTask.java:lambda$initializeIteration$2(459)) - Datanode localhost-203.149.52.21 1c6ec807-8f7a-4dda-b38b-24cd01eaef36 is Under-Utilized.
2023-09-14 09:00:48,850 [main] DEBUG balancer.ContainerBalancerTask (ContainerBalancerTask.java:lambda$initializeIteration$2(459)) - Datanode localhost-227.9.162.213 fd7c76c6-0a99-4735-a8ba-881d05009052 is Under-Utilized.
2023-09-14 09:00:48,859 [main] DEBUG balancer.ContainerBalancerTask (ContainerBalancerTask.java:matchSourceWithTarget(708)) - ContainerBalancer is finding suitable target for source datanode 1f2cb3b1-5ba1-4ecb-8c80-bf00261a9ce8
2023-09-14 09:00:48,860 [main] INFO  balancer.ContainerBalancerTask (ContainerBalancerTask.java:matchSourceWithTarget(722)) - ContainerBalancer matched source datanode 1f2cb3b1-5ba1-4ecb-8c80-bf00261a9ce8 with target datanode a25689b0-acc5-4d5b-b676-7939b9160590 for container move.
2023-09-14 09:00:48,860 [main] INFO  balancer.ContainerBalancerTask (ContainerBalancerTask.java:processMoveSelection(569)) - ContainerBalancer is trying to move container #84 with size 4294967296B from source datanode 1f2cb3b1-5ba1-4ecb-8c80-bf00261a9ce8 to target datanode a25689b0-acc5-4d5b-b676-7939b9160590
2023-09-14 09:00:48,860 [main] WARN  balancer.ContainerBalancerTask (ContainerBalancerTask.java:lambda$moveContainer$3(842)) - Container move for container #84 from source 1f2cb3b1-5ba1-4ecb-8c80-bf00261a9ce8 to target a25689b0-acc5-4d5b-b676-7939b9160590 failed: REPLICATION_FAIL_TIME_OUT
2023-09-14 09:00:48,863 [main] DEBUG balancer.ContainerBalancerTask (ContainerBalancerTask.java:matchSourceWithTarget(708)) - ContainerBalancer is finding suitable target for source datanode 7e916d39-bff4-4f25-82cc-2d2e273bad84
2023-09-14 09:00:48,864 [main] INFO  balancer.ContainerBalancerTask (ContainerBalancerTask.java:matchSourceWithTarget(722)) - ContainerBalancer matched source datanode 7e916d39-bff4-4f25-82cc-2d2e273bad84 with target datanode a25689b0-acc5-4d5b-b676-7939b9160590 for container move.
2023-09-14 09:00:48,864 [main] INFO  balancer.ContainerBalancerTask (ContainerBalancerTask.java:processMoveSelection(569)) - ContainerBalancer is trying to move container #68 with size 5368709120B from source datanode 7e916d39-bff4-4f25-82cc-2d2e273bad84 to target datanode a25689b0-acc5-4d5b-b676-7939b9160590
2023-09-14 09:00:48,864 [main] WARN  balancer.ContainerBalancerTask (ContainerBalancerTask.java:lambda$moveContainer$3(842)) - Container move for container #68 from source 7e916d39-bff4-4f25-82cc-2d2e273bad84 to target a25689b0-acc5-4d5b-b676-7939b9160590 failed: DELETION_FAIL_TIME_OUT
2023-09-14 09:00:48,868 [main] DEBUG balancer.ContainerBalancerTask (ContainerBalancerTask.java:matchSourceWithTarget(708)) - ContainerBalancer is finding suitable target for source datanode 797e69e7-695c-4777-bcb0-a5cf5aee6474
2023-09-14 09:00:48,872 [main] INFO  balancer.ContainerBalancerTask (ContainerBalancerTask.java:matchSourceWithTarget(722)) - ContainerBalancer matched source datanode 797e69e7-695c-4777-bcb0-a5cf5aee6474 with target datanode a25689b0-acc5-4d5b-b676-7939b9160590 for container move.
2023-09-14 09:00:48,872 [main] INFO  balancer.ContainerBalancerTask (ContainerBalancerTask.java:processMoveSelection(569)) - ContainerBalancer is trying to move container #84 with size 4294967296B from source datanode 797e69e7-695c-4777-bcb0-a5cf5aee6474 to target datanode a25689b0-acc5-4d5b-b676-7939b9160590
2023-09-14 09:00:48,872 [main] WARN  balancer.ContainerBalancerTask (ContainerBalancerTask.java:lambda$moveContainer$3(842)) - Container move for container #84 from source 797e69e7-695c-4777-bcb0-a5cf5aee6474 to target a25689b0-acc5-4d5b-b676-7939b9160590 failed: DELETION_FAIL_TIME_OUT
2023-09-14 09:00:48,875 [main] DEBUG balancer.ContainerBalancerTask (ContainerBalancerTask.java:matchSourceWithTarget(708)) - ContainerBalancer is finding suitable target for source datanode 5b2e1329-23c5-4e7c-bf2d-a5acc8dc2258
2023-09-14 09:00:48,875 [main] INFO  balancer.ContainerBalancerTask (ContainerBalancerTask.java:matchSourceWithTarget(722)) - ContainerBalancer matched source datanode 5b2e1329-23c5-4e7c-bf2d-a5acc8dc2258 with target datanode a25689b0-acc5-4d5b-b676-7939b9160590 for container move.
2023-09-14 09:00:48,875 [main] INFO  balancer.ContainerBalancerTask (ContainerBalancerTask.java:processMoveSelection(569)) - ContainerBalancer is trying to move container #40 with size 5368709120B from source datanode 5b2e1329-23c5-4e7c-bf2d-a5acc8dc2258 to target datanode a25689b0-acc5-4d5b-b676-7939b9160590
2023-09-14 09:00:48,875 [main] WARN  balancer.ContainerBalancerTask (ContainerBalancerTask.java:lambda$moveContainer$3(842)) - Container move for container #40 from source 5b2e1329-23c5-4e7c-bf2d-a5acc8dc2258 to target a25689b0-acc5-4d5b-b676-7939b9160590 failed: DELETION_FAIL_TIME_OUT
2023-09-14 09:00:48,878 [main] DEBUG balancer.ContainerBalancerTask (ContainerBalancerTask.java:matchSourceWithTarget(708)) - ContainerBalancer is finding suitable target for source datanode 3e2796ed-1174-4bf6-b656-fe34d9a53e57
2023-09-14 09:00:48,879 [main] INFO  balancer.ContainerBalancerTask (ContainerBalancerTask.java:matchSourceWithTarget(722)) - ContainerBalancer matched source datanode 3e2796ed-1174-4bf6-b656-fe34d9a53e57 with target datanode a25689b0-acc5-4d5b-b676-7939b9160590 for container move.
2023-09-14 09:00:48,879 [main] INFO  balancer.ContainerBalancerTask (ContainerBalancerTask.java:processMoveSelection(569)) - ContainerBalancer is trying to move container #28 with size 4294967296B from source datanode 3e2796ed-1174-4bf6-b656-fe34d9a53e57 to target datanode a25689b0-acc5-4d5b-b676-7939b9160590
2023-09-14 09:00:48,879 [main] WARN  balancer.ContainerBalancerTask (ContainerBalancerTask.java:lambda$moveContainer$3(842)) - Container move for container #28 from source 3e2796ed-1174-4bf6-b656-fe34d9a53e57 to target a25689b0-acc5-4d5b-b676-7939b9160590 failed: DELETION_FAIL_TIME_OUT
2023-09-14 09:00:48,879 [main] INFO  balancer.FindSourceGreedy (FindSourceGreedy.java:getNextCandidateSourceDataNode(126)) - no more candidate source data node
2023-09-14 09:00:48,879 [main] INFO  balancer.ContainerBalancerTask (ContainerBalancerTask.java:checkIterationMoveResults(642)) - Iteration Summary. Number of Datanodes involved: 0. Size moved: 0 B (0 Bytes). Number of Container moves completed: 0.
2023-09-14 09:00:48,879 [main] INFO  balancer.ContainerBalancerTask (ContainerBalancerTask.java:balance(259)) - Result of this iteration of Container Balancer: ITERATION_COMPLETED
2023-09-14 09:00:48,880 [main] INFO  balancer.ContainerBalancerTask (ContainerBalancerTask.java:tryStopWithSaveConfiguration(308)) - Save Configuration for stopping. Reason: Completed all iterations.
2023-09-14 09:00:48,881 [main] DEBUG balancer.ContainerBalancerTask (ContainerBalancerTask.java:initializeIteration(374)) - Average utilization of the cluster is 0.36309519110124183
2023-09-14 09:00:48,881 [main] DEBUG balancer.ContainerBalancerTask (ContainerBalancerTask.java:initializeIteration(386)) - Lower limit for utilization is 0.2630951911012418 and Upper limit for utilization is 0.46309519110124187
2023-09-14 09:00:48,882 [main] DEBUG balancer.ContainerBalancerTask (ContainerBalancerTask.java:initializeIteration(398)) - Utilization for node 1f2cb3b1-5ba1-4ecb-8c80-bf00261a9ce8 with capacity 59652323555B, used 53687091200B, and remaining 5965232355B is 0.9000000000083819
2023-09-14 09:00:48,882 [main] DEBUG balancer.ContainerBalancerTask (ContainerBalancerTask.java:initializeIteration(398)) - Utilization for node 7e916d39-bff4-4f25-82cc-2d2e273bad84 with capacity 67108864000B, used 53687091200B, and remaining 13421772800B is 0.8
2023-09-14 09:00:48,882 [main] DEBUG balancer.ContainerBalancerTask (ContainerBalancerTask.java:initializeIteration(398)) - Utilization for node 797e69e7-695c-4777-bcb0-a5cf5aee6474 with capacity 67492343222B, used 47244640256B, and remaining 20247702966B is 0.7000000000088898
2023-09-14 09:00:48,882 [main] DEBUG balancer.ContainerBalancerTask (ContainerBalancerTask.java:initializeIteration(398)) - Utilization for node 5b2e1329-23c5-4e7c-bf2d-a5acc8dc2258 with capacity 73372357973B, used 44023414784B, and remaining 29348943189B is 0.6000000000027258
2023-09-14 09:00:48,882 [main] DEBUG balancer.ContainerBalancerTask (ContainerBalancerTask.java:initializeIteration(398)) - Utilization for node 3e2796ed-1174-4bf6-b656-fe34d9a53e57 with capacity 103079215104B, used 51539607552B, and remaining 51539607552B is 0.5
2023-09-14 09:00:48,882 [main] DEBUG balancer.ContainerBalancerTask (ContainerBalancerTask.java:initializeIteration(398)) - Utilization for node 5796cc46-5e7e-4308-85f8-3bbec962789c with capacity 102005473280B, used 40802189312B, and remaining 61203283968B is 0.4
2023-09-14 09:00:48,882 [main] DEBUG balancer.ContainerBalancerTask (ContainerBalancerTask.java:initializeIteration(398)) - Utilization for node 77f877f7-872a-4416-b0bc-32f38dc8a665 with capacity 139586437120B, used 41875931136B, and remaining 97710505984B is 0.3
2023-09-14 09:00:48,883 [main] DEBUG balancer.ContainerBalancerTask (ContainerBalancerTask.java:initializeIteration(398)) - Utilization for node fd7c76c6-0a99-4735-a8ba-881d05009052 with capacity 161061273600B, used 32212254720B, and remaining 128849018880B is 0.2
2023-09-14 09:00:48,883 [main] DEBUG balancer.ContainerBalancerTask (ContainerBalancerTask.java:initializeIteration(398)) - Utilization for node 1c6ec807-8f7a-4dda-b38b-24cd01eaef36 with capacity 268435456000B, used 26843545600B, and remaining 241591910400B is 0.1
2023-09-14 09:00:48,883 [main] DEBUG balancer.ContainerBalancerTask (ContainerBalancerTask.java:initializeIteration(398)) - Utilization for node a25689b0-acc5-4d5b-b676-7939b9160590 with capacity 37580963840B, used 0B, and remaining 37580963840B is 0.0
2023-09-14 09:00:48,883 [main] INFO  balancer.ContainerBalancerTask (ContainerBalancerTask.java:initializeIteration(447)) - Container Balancer has identified 5 Over-Utilized and 3 Under-Utilized Datanodes that need to be balanced.
2023-09-14 09:00:48,883 [main] DEBUG balancer.ContainerBalancerTask (ContainerBalancerTask.java:lambda$initializeIteration$1(453)) - Datanode localhost-89.96.224.253 1f2cb3b1-5ba1-4ecb-8c80-bf00261a9ce8 is Over-Utilized.
2023-09-14 09:00:48,883 [main] DEBUG balancer.ContainerBalancerTask (ContainerBalancerTask.java:lambda$initializeIteration$1(453)) - Datanode localhost-67.62.52.184 7e916d39-bff4-4f25-82cc-2d2e273bad84 is Over-Utilized.
2023-09-14 09:00:48,883 [main] DEBUG balancer.ContainerBalancerTask (ContainerBalancerTask.java:lambda$initializeIteration$1(453)) - Datanode localhost-131.71.230.5 797e69e7-695c-4777-bcb0-a5cf5aee6474 is Over-Utilized.
2023-09-14 09:00:48,883 [main] DEBUG balancer.ContainerBalancerTask (ContainerBalancerTask.java:lambda$initializeIteration$1(453)) - Datanode localhost-136.217.184.69 5b2e1329-23c5-4e7c-bf2d-a5acc8dc2258 is Over-Utilized.
2023-09-14 09:00:48,883 [main] DEBUG balancer.ContainerBalancerTask (ContainerBalancerTask.java:lambda$initializeIteration$1(453)) - Datanode localhost-250.107.168.198 3e2796ed-1174-4bf6-b656-fe34d9a53e57 is Over-Utilized.
2023-09-14 09:00:48,884 [main] DEBUG balancer.ContainerBalancerTask (ContainerBalancerTask.java:lambda$initializeIteration$2(459)) - Datanode localhost-154.243.197.10 a25689b0-acc5-4d5b-b676-7939b9160590 is Under-Utilized.
2023-09-14 09:00:48,884 [main] DEBUG balancer.ContainerBalancerTask (ContainerBalancerTask.java:lambda$initializeIteration$2(459)) - Datanode localhost-203.149.52.21 1c6ec807-8f7a-4dda-b38b-24cd01eaef36 is Under-Utilized.
2023-09-14 09:00:48,884 [main] DEBUG balancer.ContainerBalancerTask (ContainerBalancerTask.java:lambda$initializeIteration$2(459)) - Datanode localhost-227.9.162.213 fd7c76c6-0a99-4735-a8ba-881d05009052 is Under-Utilized.
2023-09-14 09:00:48,887 [main] DEBUG balancer.ContainerBalancerTask (ContainerBalancerTask.java:matchSourceWithTarget(708)) - ContainerBalancer is finding suitable target for source datanode 1f2cb3b1-5ba1-4ecb-8c80-bf00261a9ce8
2023-09-14 09:00:48,887 [main] INFO  balancer.ContainerBalancerTask (ContainerBalancerTask.java:matchSourceWithTarget(722)) - ContainerBalancer matched source datanode 1f2cb3b1-5ba1-4ecb-8c80-bf00261a9ce8 with target datanode a25689b0-acc5-4d5b-b676-7939b9160590 for container move.
2023-09-14 09:00:48,888 [main] INFO  balancer.ContainerBalancerTask (ContainerBalancerTask.java:processMoveSelection(569)) - ContainerBalancer is trying to move container #85 with size 5368709120B from source datanode 1f2cb3b1-5ba1-4ecb-8c80-bf00261a9ce8 to target datanode a25689b0-acc5-4d5b-b676-7939b9160590
2023-09-14 09:00:48,888 [main] WARN  balancer.ContainerBalancerTask (ContainerBalancerTask.java:lambda$moveContainer$3(842)) - Container move for container #85 from source 1f2cb3b1-5ba1-4ecb-8c80-bf00261a9ce8 to target a25689b0-acc5-4d5b-b676-7939b9160590 failed: REPLICATION_FAIL_TIME_OUT
2023-09-14 09:00:48,891 [main] DEBUG balancer.ContainerBalancerTask (ContainerBalancerTask.java:matchSourceWithTarget(708)) - ContainerBalancer is finding suitable target for source datanode 7e916d39-bff4-4f25-82cc-2d2e273bad84
2023-09-14 09:00:48,891 [main] INFO  balancer.ContainerBalancerTask (ContainerBalancerTask.java:matchSourceWithTarget(722)) - ContainerBalancer matched source datanode 7e916d39-bff4-4f25-82cc-2d2e273bad84 with target datanode a25689b0-acc5-4d5b-b676-7939b9160590 for container move.
2023-09-14 09:00:48,891 [main] INFO  balancer.ContainerBalancerTask (ContainerBalancerTask.java:processMoveSelection(569)) - ContainerBalancer is trying to move container #68 with size 5368709120B from source datanode 7e916d39-bff4-4f25-82cc-2d2e273bad84 to target datanode a25689b0-acc5-4d5b-b676-7939b9160590
2023-09-14 09:00:48,892 [main] WARN  balancer.ContainerBalancerTask (ContainerBalancerTask.java:lambda$moveContainer$3(842)) - Container move for container #68 from source 7e916d39-bff4-4f25-82cc-2d2e273bad84 to target a25689b0-acc5-4d5b-b676-7939b9160590 failed: DELETION_FAIL_TIME_OUT
2023-09-14 09:00:48,894 [main] DEBUG balancer.ContainerBalancerTask (ContainerBalancerTask.java:matchSourceWithTarget(708)) - ContainerBalancer is finding suitable target for source datanode 797e69e7-695c-4777-bcb0-a5cf5aee6474
2023-09-14 09:00:48,895 [main] INFO  balancer.ContainerBalancerTask (ContainerBalancerTask.java:matchSourceWithTarget(722)) - ContainerBalancer matched source datanode 797e69e7-695c-4777-bcb0-a5cf5aee6474 with target datanode a25689b0-acc5-4d5b-b676-7939b9160590 for container move.
2023-09-14 09:00:48,895 [main] INFO  balancer.ContainerBalancerTask (ContainerBalancerTask.java:processMoveSelection(569)) - ContainerBalancer is trying to move container #85 with size 5368709120B from source datanode 797e69e7-695c-4777-bcb0-a5cf5aee6474 to target datanode a25689b0-acc5-4d5b-b676-7939b9160590
2023-09-14 09:00:48,895 [main] WARN  balancer.ContainerBalancerTask (ContainerBalancerTask.java:lambda$moveContainer$3(842)) - Container move for container #85 from source 797e69e7-695c-4777-bcb0-a5cf5aee6474 to target a25689b0-acc5-4d5b-b676-7939b9160590 failed: DELETION_FAIL_TIME_OUT
2023-09-14 09:00:48,897 [main] DEBUG balancer.ContainerBalancerTask (ContainerBalancerTask.java:matchSourceWithTarget(708)) - ContainerBalancer is finding suitable target for source datanode 5b2e1329-23c5-4e7c-bf2d-a5acc8dc2258
2023-09-14 09:00:48,898 [main] INFO  balancer.ContainerBalancerTask (ContainerBalancerTask.java:matchSourceWithTarget(722)) - ContainerBalancer matched source datanode 5b2e1329-23c5-4e7c-bf2d-a5acc8dc2258 with target datanode a25689b0-acc5-4d5b-b676-7939b9160590 for container move.
2023-09-14 09:00:48,898 [main] INFO  balancer.ContainerBalancerTask (ContainerBalancerTask.java:processMoveSelection(569)) - ContainerBalancer is trying to move container #53 with size 5368709120B from source datanode 5b2e1329-23c5-4e7c-bf2d-a5acc8dc2258 to target datanode a25689b0-acc5-4d5b-b676-7939b9160590
2023-09-14 09:00:48,898 [main] WARN  balancer.ContainerBalancerTask (ContainerBalancerTask.java:lambda$moveContainer$3(842)) - Container move for container #53 from source 5b2e1329-23c5-4e7c-bf2d-a5acc8dc2258 to target a25689b0-acc5-4d5b-b676-7939b9160590 failed: DELETION_FAIL_TIME_OUT
2023-09-14 09:00:48,901 [main] DEBUG balancer.ContainerBalancerTask (ContainerBalancerTask.java:matchSourceWithTarget(708)) - ContainerBalancer is finding suitable target for source datanode 3e2796ed-1174-4bf6-b656-fe34d9a53e57
2023-09-14 09:00:48,902 [main] INFO  balancer.ContainerBalancerTask (ContainerBalancerTask.java:matchSourceWithTarget(722)) - ContainerBalancer matched source datanode 3e2796ed-1174-4bf6-b656-fe34d9a53e57 with target datanode a25689b0-acc5-4d5b-b676-7939b9160590 for container move.
2023-09-14 09:00:48,902 [main] INFO  balancer.ContainerBalancerTask (ContainerBalancerTask.java:processMoveSelection(569)) - ContainerBalancer is trying to move container #29 with size 5368709120B from source datanode 3e2796ed-1174-4bf6-b656-fe34d9a53e57 to target datanode a25689b0-acc5-4d5b-b676-7939b9160590
2023-09-14 09:00:48,902 [main] WARN  balancer.ContainerBalancerTask (ContainerBalancerTask.java:lambda$moveContainer$3(842)) - Container move for container #29 from source 3e2796ed-1174-4bf6-b656-fe34d9a53e57 to target a25689b0-acc5-4d5b-b676-7939b9160590 failed: DELETION_FAIL_TIME_OUT
2023-09-14 09:00:48,902 [main] INFO  balancer.FindSourceGreedy (FindSourceGreedy.java:getNextCandidateSourceDataNode(126)) - no more candidate source data node
2023-09-14 09:00:48,902 [main] INFO  balancer.ContainerBalancerTask (ContainerBalancerTask.java:checkIterationMoveResults(642)) - Iteration Summary. Number of Datanodes involved: 0. Size moved: 0 B (0 Bytes). Number of Container moves completed: 0.
2023-09-14 09:00:48,903 [main] INFO  balancer.ContainerBalancerTask (ContainerBalancerTask.java:balance(259)) - Result of this iteration of Container Balancer: ITERATION_COMPLETED
2023-09-14 09:00:48,903 [main] INFO  balancer.ContainerBalancerTask (ContainerBalancerTask.java:tryStopWithSaveConfiguration(308)) - Save Configuration for stopping. Reason: Completed all iterations.
]]></system-out>
  </testcase>
  <testcase name="checkIterationResultTimeout" classname="org.apache.hadoop.hdds.scm.container.balancer.TestContainerBalancerTask" time="1.198">
    <system-out><![CDATA[2023-09-14 09:00:48,941 [main] INFO  net.NodeSchemaLoader (NodeSchemaLoader.java:loadSchemaFromFile(129)) - Loading schema from [file:/home/runner/work/ozone/ozone/hadoop-hdds/common/target/classes/network-topology-default.xml]
2023-09-14 09:00:48,941 [main] INFO  net.NodeSchemaLoader (NodeSchemaLoader.java:loadSchema(176)) - Loading network topology layer schema file
2023-09-14 09:00:48,943 [main] INFO  net.NetworkTopologyImpl (NetworkTopologyImpl.java:add(112)) - Added a new node: /default-rack/bc049791-ccaa-4b39-b036-406a98c553ee
2023-09-14 09:00:48,944 [main] INFO  net.NetworkTopologyImpl (NetworkTopologyImpl.java:add(112)) - Added a new node: /default-rack/dcf48d4f-f4e9-4042-9972-2dad17aa2c37
2023-09-14 09:00:48,944 [main] INFO  net.NetworkTopologyImpl (NetworkTopologyImpl.java:add(112)) - Added a new node: /default-rack/a73e9fc1-b0b0-42f0-b165-54cdf449ff4b
2023-09-14 09:00:48,944 [main] INFO  net.NetworkTopologyImpl (NetworkTopologyImpl.java:add(112)) - Added a new node: /default-rack/f618e336-fe34-4df4-89da-6455df6a53cc
2023-09-14 09:00:48,944 [main] INFO  net.NetworkTopologyImpl (NetworkTopologyImpl.java:add(112)) - Added a new node: /default-rack/cfeb0b52-844f-4374-b9b0-e831eafefb25
2023-09-14 09:00:48,944 [main] INFO  net.NetworkTopologyImpl (NetworkTopologyImpl.java:add(112)) - Added a new node: /default-rack/0a5e1324-67ee-4343-b126-b38771ffee53
2023-09-14 09:00:48,944 [main] INFO  net.NetworkTopologyImpl (NetworkTopologyImpl.java:add(112)) - Added a new node: /default-rack/4c88de24-96c0-4091-8aa3-164aa7f6b538
2023-09-14 09:00:48,944 [main] INFO  net.NetworkTopologyImpl (NetworkTopologyImpl.java:add(112)) - Added a new node: /default-rack/9c769287-196a-411a-ab7c-178603c4fa04
2023-09-14 09:00:48,945 [main] INFO  net.NetworkTopologyImpl (NetworkTopologyImpl.java:add(112)) - Added a new node: /default-rack/04232d2e-17b3-443e-ab7e-557d84476749
2023-09-14 09:00:48,945 [main] INFO  net.NetworkTopologyImpl (NetworkTopologyImpl.java:add(112)) - Added a new node: /default-rack/c3b2b67a-55c2-4dcf-9b54-8e1f640b892b
2023-09-14 09:00:48,945 [main] INFO  algorithms.ContainerPlacementPolicyFactory (ContainerPlacementPolicyFactory.java:getPolicyInternal(86)) - Create container placement policy of type org.apache.hadoop.hdds.scm.container.placement.algorithms.SCMContainerPlacementRackAware
2023-09-14 09:00:48,945 [main] INFO  algorithms.ContainerPlacementPolicyFactory (ContainerPlacementPolicyFactory.java:getPolicyInternal(86)) - Create container placement policy of type org.apache.hadoop.hdds.scm.container.placement.algorithms.SCMContainerPlacementRackScatter
2023-09-14 09:00:48,950 [main] DEBUG balancer.ContainerBalancerTask (ContainerBalancerTask.java:initializeIteration(374)) - Average utilization of the cluster is 0.3695770804918367
2023-09-14 09:00:48,950 [main] DEBUG balancer.ContainerBalancerTask (ContainerBalancerTask.java:initializeIteration(386)) - Lower limit for utilization is 0.2695770804918367 and Upper limit for utilization is 0.46957708049183666
2023-09-14 09:00:48,950 [main] DEBUG balancer.ContainerBalancerTask (ContainerBalancerTask.java:initializeIteration(398)) - Utilization for node 4c88de24-96c0-4091-8aa3-164aa7f6b538 with capacity 60845370026B, used 54760833024B, and remaining 6084537002B is 0.900000000009861
2023-09-14 09:00:48,950 [main] DEBUG balancer.ContainerBalancerTask (ContainerBalancerTask.java:initializeIteration(398)) - Utilization for node cfeb0b52-844f-4374-b9b0-e831eafefb25 with capacity 67108864000B, used 53687091200B, and remaining 13421772800B is 0.8
2023-09-14 09:00:48,950 [main] DEBUG balancer.ContainerBalancerTask (ContainerBalancerTask.java:initializeIteration(398)) - Utilization for node c3b2b67a-55c2-4dcf-9b54-8e1f640b892b with capacity 72094093897B, used 50465865728B, and remaining 21628228169B is 0.7000000000013871
2023-09-14 09:00:48,950 [main] DEBUG balancer.ContainerBalancerTask (ContainerBalancerTask.java:initializeIteration(398)) - Utilization for node f618e336-fe34-4df4-89da-6455df6a53cc with capacity 82320206506B, used 49392123904B, and remaining 32928082602B is 0.6000000000048591
2023-09-14 09:00:48,950 [main] DEBUG balancer.ContainerBalancerTask (ContainerBalancerTask.java:initializeIteration(398)) - Utilization for node 04232d2e-17b3-443e-ab7e-557d84476749 with capacity 113816633344B, used 56908316672B, and remaining 56908316672B is 0.5
2023-09-14 09:00:48,951 [main] DEBUG balancer.ContainerBalancerTask (ContainerBalancerTask.java:initializeIteration(398)) - Utilization for node 9c769287-196a-411a-ab7c-178603c4fa04 with capacity 120795955200B, used 48318382080B, and remaining 72477573120B is 0.4
2023-09-14 09:00:48,951 [main] DEBUG balancer.ContainerBalancerTask (ContainerBalancerTask.java:initializeIteration(398)) - Utilization for node a73e9fc1-b0b0-42f0-b165-54cdf449ff4b with capacity 157482134186B, used 47244640256B, and remaining 110237493930B is 0.30000000000127
2023-09-14 09:00:48,951 [main] DEBUG balancer.ContainerBalancerTask (ContainerBalancerTask.java:initializeIteration(398)) - Utilization for node bc049791-ccaa-4b39-b036-406a98c553ee with capacity 112742891520B, used 22548578304B, and remaining 90194313216B is 0.2
2023-09-14 09:00:48,951 [main] DEBUG balancer.ContainerBalancerTask (ContainerBalancerTask.java:initializeIteration(398)) - Utilization for node dcf48d4f-f4e9-4042-9972-2dad17aa2c37 with capacity 322122547200B, used 32212254720B, and remaining 289910292480B is 0.1
2023-09-14 09:00:48,951 [main] DEBUG balancer.ContainerBalancerTask (ContainerBalancerTask.java:initializeIteration(398)) - Utilization for node 0a5e1324-67ee-4343-b126-b38771ffee53 with capacity 15032385536B, used 0B, and remaining 15032385536B is 0.0
2023-09-14 09:00:48,951 [main] INFO  balancer.ContainerBalancerTask (ContainerBalancerTask.java:initializeIteration(447)) - Container Balancer has identified 5 Over-Utilized and 3 Under-Utilized Datanodes that need to be balanced.
2023-09-14 09:00:48,951 [main] DEBUG balancer.ContainerBalancerTask (ContainerBalancerTask.java:lambda$initializeIteration$1(453)) - Datanode localhost-144.85.207.89 4c88de24-96c0-4091-8aa3-164aa7f6b538 is Over-Utilized.
2023-09-14 09:00:48,951 [main] DEBUG balancer.ContainerBalancerTask (ContainerBalancerTask.java:lambda$initializeIteration$1(453)) - Datanode localhost-133.11.211.240 cfeb0b52-844f-4374-b9b0-e831eafefb25 is Over-Utilized.
2023-09-14 09:00:48,952 [main] DEBUG balancer.ContainerBalancerTask (ContainerBalancerTask.java:lambda$initializeIteration$1(453)) - Datanode localhost-64.236.248.117 c3b2b67a-55c2-4dcf-9b54-8e1f640b892b is Over-Utilized.
2023-09-14 09:00:48,952 [main] DEBUG balancer.ContainerBalancerTask (ContainerBalancerTask.java:lambda$initializeIteration$1(453)) - Datanode localhost-106.215.82.14 f618e336-fe34-4df4-89da-6455df6a53cc is Over-Utilized.
2023-09-14 09:00:48,952 [main] DEBUG balancer.ContainerBalancerTask (ContainerBalancerTask.java:lambda$initializeIteration$1(453)) - Datanode localhost-231.63.112.138 04232d2e-17b3-443e-ab7e-557d84476749 is Over-Utilized.
2023-09-14 09:00:48,952 [main] DEBUG balancer.ContainerBalancerTask (ContainerBalancerTask.java:lambda$initializeIteration$2(459)) - Datanode localhost-255.105.177.91 0a5e1324-67ee-4343-b126-b38771ffee53 is Under-Utilized.
2023-09-14 09:00:48,952 [main] DEBUG balancer.ContainerBalancerTask (ContainerBalancerTask.java:lambda$initializeIteration$2(459)) - Datanode localhost-74.173.255.35 dcf48d4f-f4e9-4042-9972-2dad17aa2c37 is Under-Utilized.
2023-09-14 09:00:48,952 [main] DEBUG balancer.ContainerBalancerTask (ContainerBalancerTask.java:lambda$initializeIteration$2(459)) - Datanode localhost-184.178.1.40 bc049791-ccaa-4b39-b036-406a98c553ee is Under-Utilized.
2023-09-14 09:00:48,955 [main] DEBUG balancer.ContainerBalancerTask (ContainerBalancerTask.java:matchSourceWithTarget(708)) - ContainerBalancer is finding suitable target for source datanode 4c88de24-96c0-4091-8aa3-164aa7f6b538
2023-09-14 09:00:48,956 [main] INFO  balancer.ContainerBalancerTask (ContainerBalancerTask.java:matchSourceWithTarget(722)) - ContainerBalancer matched source datanode 4c88de24-96c0-4091-8aa3-164aa7f6b538 with target datanode 0a5e1324-67ee-4343-b126-b38771ffee53 for container move.
2023-09-14 09:00:48,956 [main] INFO  balancer.ContainerBalancerTask (ContainerBalancerTask.java:processMoveSelection(569)) - ContainerBalancer is trying to move container #84 with size 4294967296B from source datanode 4c88de24-96c0-4091-8aa3-164aa7f6b538 to target datanode 0a5e1324-67ee-4343-b126-b38771ffee53
2023-09-14 09:00:48,956 [main] DEBUG balancer.ContainerBalancerTask (ContainerBalancerTask.java:lambda$moveContainer$3(837)) - Container move completed for container #84 from source 4c88de24-96c0-4091-8aa3-164aa7f6b538 to target 0a5e1324-67ee-4343-b126-b38771ffee53
2023-09-14 09:00:48,960 [main] DEBUG balancer.ContainerBalancerTask (ContainerBalancerTask.java:matchSourceWithTarget(708)) - ContainerBalancer is finding suitable target for source datanode 4c88de24-96c0-4091-8aa3-164aa7f6b538
2023-09-14 09:00:48,960 [main] INFO  balancer.ContainerBalancerTask (ContainerBalancerTask.java:matchSourceWithTarget(722)) - ContainerBalancer matched source datanode 4c88de24-96c0-4091-8aa3-164aa7f6b538 with target datanode dcf48d4f-f4e9-4042-9972-2dad17aa2c37 for container move.
2023-09-14 09:00:48,960 [main] INFO  balancer.ContainerBalancerTask (ContainerBalancerTask.java:processMoveSelection(569)) - ContainerBalancer is trying to move container #88 with size 3221225472B from source datanode 4c88de24-96c0-4091-8aa3-164aa7f6b538 to target datanode dcf48d4f-f4e9-4042-9972-2dad17aa2c37
2023-09-14 09:00:48,964 [main] DEBUG balancer.ContainerBalancerTask (ContainerBalancerTask.java:matchSourceWithTarget(708)) - ContainerBalancer is finding suitable target for source datanode cfeb0b52-844f-4374-b9b0-e831eafefb25
2023-09-14 09:00:48,965 [main] INFO  balancer.ContainerBalancerTask (ContainerBalancerTask.java:matchSourceWithTarget(722)) - ContainerBalancer matched source datanode cfeb0b52-844f-4374-b9b0-e831eafefb25 with target datanode dcf48d4f-f4e9-4042-9972-2dad17aa2c37 for container move.
2023-09-14 09:00:48,965 [main] INFO  balancer.ContainerBalancerTask (ContainerBalancerTask.java:processMoveSelection(569)) - ContainerBalancer is trying to move container #68 with size 5368709120B from source datanode cfeb0b52-844f-4374-b9b0-e831eafefb25 to target datanode dcf48d4f-f4e9-4042-9972-2dad17aa2c37
2023-09-14 09:00:48,972 [main] DEBUG balancer.ContainerBalancerTask (ContainerBalancerTask.java:matchSourceWithTarget(708)) - ContainerBalancer is finding suitable target for source datanode 4c88de24-96c0-4091-8aa3-164aa7f6b538
2023-09-14 09:00:48,972 [main] INFO  balancer.ContainerBalancerTask (ContainerBalancerTask.java:matchSourceWithTarget(722)) - ContainerBalancer matched source datanode 4c88de24-96c0-4091-8aa3-164aa7f6b538 with target datanode dcf48d4f-f4e9-4042-9972-2dad17aa2c37 for container move.
2023-09-14 09:00:48,973 [main] INFO  balancer.ContainerBalancerTask (ContainerBalancerTask.java:processMoveSelection(569)) - ContainerBalancer is trying to move container #26 with size 2147483648B from source datanode 4c88de24-96c0-4091-8aa3-164aa7f6b538 to target datanode dcf48d4f-f4e9-4042-9972-2dad17aa2c37
2023-09-14 09:00:48,976 [main] DEBUG balancer.ContainerBalancerTask (ContainerBalancerTask.java:matchSourceWithTarget(708)) - ContainerBalancer is finding suitable target for source datanode 4c88de24-96c0-4091-8aa3-164aa7f6b538
2023-09-14 09:00:48,977 [main] INFO  balancer.ContainerBalancerTask (ContainerBalancerTask.java:matchSourceWithTarget(722)) - ContainerBalancer matched source datanode 4c88de24-96c0-4091-8aa3-164aa7f6b538 with target datanode bc049791-ccaa-4b39-b036-406a98c553ee for container move.
2023-09-14 09:00:48,977 [main] INFO  balancer.ContainerBalancerTask (ContainerBalancerTask.java:processMoveSelection(569)) - ContainerBalancer is trying to move container #82 with size 2147483648B from source datanode 4c88de24-96c0-4091-8aa3-164aa7f6b538 to target datanode bc049791-ccaa-4b39-b036-406a98c553ee
2023-09-14 09:00:48,981 [main] DEBUG balancer.ContainerBalancerTask (ContainerBalancerTask.java:matchSourceWithTarget(708)) - ContainerBalancer is finding suitable target for source datanode cfeb0b52-844f-4374-b9b0-e831eafefb25
2023-09-14 09:00:48,981 [main] INFO  balancer.ContainerBalancerTask (ContainerBalancerTask.java:matchSourceWithTarget(722)) - ContainerBalancer matched source datanode cfeb0b52-844f-4374-b9b0-e831eafefb25 with target datanode bc049791-ccaa-4b39-b036-406a98c553ee for container move.
2023-09-14 09:00:48,981 [main] INFO  balancer.ContainerBalancerTask (ContainerBalancerTask.java:processMoveSelection(569)) - ContainerBalancer is trying to move container #66 with size 3221225472B from source datanode cfeb0b52-844f-4374-b9b0-e831eafefb25 to target datanode bc049791-ccaa-4b39-b036-406a98c553ee
2023-09-14 09:00:48,985 [main] DEBUG balancer.ContainerBalancerTask (ContainerBalancerTask.java:matchSourceWithTarget(708)) - ContainerBalancer is finding suitable target for source datanode 4c88de24-96c0-4091-8aa3-164aa7f6b538
2023-09-14 09:00:48,986 [main] INFO  balancer.ContainerBalancerTask (ContainerBalancerTask.java:matchSourceWithTarget(722)) - ContainerBalancer matched source datanode 4c88de24-96c0-4091-8aa3-164aa7f6b538 with target datanode bc049791-ccaa-4b39-b036-406a98c553ee for container move.
2023-09-14 09:00:48,986 [main] INFO  balancer.ContainerBalancerTask (ContainerBalancerTask.java:processMoveSelection(569)) - ContainerBalancer is trying to move container #16 with size 1073741824B from source datanode 4c88de24-96c0-4091-8aa3-164aa7f6b538 to target datanode bc049791-ccaa-4b39-b036-406a98c553ee
2023-09-14 09:00:48,990 [main] DEBUG balancer.ContainerBalancerTask (ContainerBalancerTask.java:matchSourceWithTarget(708)) - ContainerBalancer is finding suitable target for source datanode c3b2b67a-55c2-4dcf-9b54-8e1f640b892b
2023-09-14 09:00:48,990 [main] INFO  balancer.ContainerBalancerTask (ContainerBalancerTask.java:matchSourceWithTarget(722)) - ContainerBalancer matched source datanode c3b2b67a-55c2-4dcf-9b54-8e1f640b892b with target datanode bc049791-ccaa-4b39-b036-406a98c553ee for container move.
2023-09-14 09:00:48,990 [main] INFO  balancer.ContainerBalancerTask (ContainerBalancerTask.java:processMoveSelection(569)) - ContainerBalancer is trying to move container #52 with size 4294967296B from source datanode c3b2b67a-55c2-4dcf-9b54-8e1f640b892b to target datanode bc049791-ccaa-4b39-b036-406a98c553ee
2023-09-14 09:00:48,994 [main] DEBUG balancer.ContainerBalancerTask (ContainerBalancerTask.java:matchSourceWithTarget(708)) - ContainerBalancer is finding suitable target for source datanode 4c88de24-96c0-4091-8aa3-164aa7f6b538
2023-09-14 09:00:48,995 [main] INFO  balancer.ContainerBalancerTask (ContainerBalancerTask.java:matchSourceWithTarget(722)) - ContainerBalancer matched source datanode 4c88de24-96c0-4091-8aa3-164aa7f6b538 with target datanode 0a5e1324-67ee-4343-b126-b38771ffee53 for container move.
2023-09-14 09:00:48,995 [main] INFO  balancer.ContainerBalancerTask (ContainerBalancerTask.java:processMoveSelection(569)) - ContainerBalancer is trying to move container #86 with size 1073741824B from source datanode 4c88de24-96c0-4091-8aa3-164aa7f6b538 to target datanode 0a5e1324-67ee-4343-b126-b38771ffee53
2023-09-14 09:00:48,999 [main] DEBUG balancer.ContainerBalancerTask (ContainerBalancerTask.java:matchSourceWithTarget(708)) - ContainerBalancer is finding suitable target for source datanode cfeb0b52-844f-4374-b9b0-e831eafefb25
2023-09-14 09:00:49,000 [main] INFO  balancer.ContainerBalancerTask (ContainerBalancerTask.java:matchSourceWithTarget(722)) - ContainerBalancer matched source datanode cfeb0b52-844f-4374-b9b0-e831eafefb25 with target datanode 0a5e1324-67ee-4343-b126-b38771ffee53 for container move.
2023-09-14 09:00:49,000 [main] INFO  balancer.ContainerBalancerTask (ContainerBalancerTask.java:processMoveSelection(569)) - ContainerBalancer is trying to move container #64 with size 1073741824B from source datanode cfeb0b52-844f-4374-b9b0-e831eafefb25 to target datanode 0a5e1324-67ee-4343-b126-b38771ffee53
2023-09-14 09:00:49,007 [main] DEBUG balancer.ContainerBalancerTask (ContainerBalancerTask.java:matchSourceWithTarget(701)) - ContainerBalancer could not find any candidate containers for datanode 4c88de24-96c0-4091-8aa3-164aa7f6b538
2023-09-14 09:00:49,012 [main] DEBUG balancer.ContainerBalancerTask (ContainerBalancerTask.java:matchSourceWithTarget(708)) - ContainerBalancer is finding suitable target for source datanode cfeb0b52-844f-4374-b9b0-e831eafefb25
2023-09-14 09:00:49,012 [main] INFO  balancer.FindTargetGreedyByUsageInfo (AbstractFindTargetGreedy.java:findTargetForContainerMove(133)) - Container Balancer could not find a target for source datanode cfeb0b52-844f-4374-b9b0-e831eafefb25
2023-09-14 09:00:49,013 [main] DEBUG balancer.ContainerBalancerTask (ContainerBalancerTask.java:matchSourceWithTarget(717)) - ContainerBalancer could not find a suitable target for source node cfeb0b52-844f-4374-b9b0-e831eafefb25.
2023-09-14 09:00:49,016 [main] DEBUG balancer.ContainerBalancerTask (ContainerBalancerTask.java:matchSourceWithTarget(708)) - ContainerBalancer is finding suitable target for source datanode c3b2b67a-55c2-4dcf-9b54-8e1f640b892b
2023-09-14 09:00:49,022 [main] INFO  balancer.FindTargetGreedyByUsageInfo (AbstractFindTargetGreedy.java:findTargetForContainerMove(133)) - Container Balancer could not find a target for source datanode c3b2b67a-55c2-4dcf-9b54-8e1f640b892b
2023-09-14 09:00:49,023 [main] DEBUG balancer.ContainerBalancerTask (ContainerBalancerTask.java:matchSourceWithTarget(717)) - ContainerBalancer could not find a suitable target for source node c3b2b67a-55c2-4dcf-9b54-8e1f640b892b.
2023-09-14 09:00:49,026 [main] DEBUG balancer.ContainerBalancerTask (ContainerBalancerTask.java:matchSourceWithTarget(708)) - ContainerBalancer is finding suitable target for source datanode f618e336-fe34-4df4-89da-6455df6a53cc
2023-09-14 09:00:49,027 [main] INFO  balancer.FindTargetGreedyByUsageInfo (AbstractFindTargetGreedy.java:findTargetForContainerMove(133)) - Container Balancer could not find a target for source datanode f618e336-fe34-4df4-89da-6455df6a53cc
2023-09-14 09:00:49,027 [main] DEBUG balancer.ContainerBalancerTask (ContainerBalancerTask.java:matchSourceWithTarget(717)) - ContainerBalancer could not find a suitable target for source node f618e336-fe34-4df4-89da-6455df6a53cc.
2023-09-14 09:00:49,031 [main] DEBUG balancer.ContainerBalancerTask (ContainerBalancerTask.java:matchSourceWithTarget(708)) - ContainerBalancer is finding suitable target for source datanode 04232d2e-17b3-443e-ab7e-557d84476749
2023-09-14 09:00:49,032 [main] INFO  balancer.FindTargetGreedyByUsageInfo (AbstractFindTargetGreedy.java:findTargetForContainerMove(133)) - Container Balancer could not find a target for source datanode 04232d2e-17b3-443e-ab7e-557d84476749
2023-09-14 09:00:49,032 [main] DEBUG balancer.ContainerBalancerTask (ContainerBalancerTask.java:matchSourceWithTarget(717)) - ContainerBalancer could not find a suitable target for source node 04232d2e-17b3-443e-ab7e-557d84476749.
2023-09-14 09:00:49,032 [main] INFO  balancer.FindSourceGreedy (FindSourceGreedy.java:getNextCandidateSourceDataNode(126)) - no more candidate source data node
2023-09-14 09:00:49,533 [main] WARN  balancer.ContainerBalancerTask (ContainerBalancerTask.java:cancelMovesThatExceedTimeoutDuration(674)) - Container move timed out for container #52 from source c3b2b67a-55c2-4dcf-9b54-8e1f640b892b to target bc049791-ccaa-4b39-b036-406a98c553ee.
2023-09-14 09:00:49,533 [main] WARN  balancer.ContainerBalancerTask (ContainerBalancerTask.java:cancelMovesThatExceedTimeoutDuration(674)) - Container move timed out for container #86 from source 4c88de24-96c0-4091-8aa3-164aa7f6b538 to target 0a5e1324-67ee-4343-b126-b38771ffee53.
2023-09-14 09:00:49,534 [main] WARN  balancer.ContainerBalancerTask (ContainerBalancerTask.java:cancelMovesThatExceedTimeoutDuration(674)) - Container move timed out for container #66 from source cfeb0b52-844f-4374-b9b0-e831eafefb25 to target bc049791-ccaa-4b39-b036-406a98c553ee.
2023-09-14 09:00:49,534 [main] WARN  balancer.ContainerBalancerTask (ContainerBalancerTask.java:cancelMovesThatExceedTimeoutDuration(674)) - Container move timed out for container #82 from source 4c88de24-96c0-4091-8aa3-164aa7f6b538 to target bc049791-ccaa-4b39-b036-406a98c553ee.
2023-09-14 09:00:49,534 [main] WARN  balancer.ContainerBalancerTask (ContainerBalancerTask.java:cancelMovesThatExceedTimeoutDuration(674)) - Container move timed out for container #26 from source 4c88de24-96c0-4091-8aa3-164aa7f6b538 to target dcf48d4f-f4e9-4042-9972-2dad17aa2c37.
2023-09-14 09:00:49,534 [main] WARN  balancer.ContainerBalancerTask (ContainerBalancerTask.java:cancelMovesThatExceedTimeoutDuration(674)) - Container move timed out for container #88 from source 4c88de24-96c0-4091-8aa3-164aa7f6b538 to target dcf48d4f-f4e9-4042-9972-2dad17aa2c37.
2023-09-14 09:00:49,535 [main] WARN  balancer.ContainerBalancerTask (ContainerBalancerTask.java:cancelMovesThatExceedTimeoutDuration(674)) - Container move timed out for container #68 from source cfeb0b52-844f-4374-b9b0-e831eafefb25 to target dcf48d4f-f4e9-4042-9972-2dad17aa2c37.
2023-09-14 09:00:49,538 [main] WARN  balancer.ContainerBalancerTask (ContainerBalancerTask.java:cancelMovesThatExceedTimeoutDuration(674)) - Container move timed out for container #16 from source 4c88de24-96c0-4091-8aa3-164aa7f6b538 to target bc049791-ccaa-4b39-b036-406a98c553ee.
2023-09-14 09:00:49,539 [main] WARN  balancer.ContainerBalancerTask (ContainerBalancerTask.java:cancelMovesThatExceedTimeoutDuration(674)) - Container move timed out for container #64 from source cfeb0b52-844f-4374-b9b0-e831eafefb25 to target 0a5e1324-67ee-4343-b126-b38771ffee53.
2023-09-14 09:00:49,539 [main] WARN  balancer.ContainerBalancerTask (ContainerBalancerTask.java:checkIterationMoveResults(620)) - 9 Container moves are canceled.
2023-09-14 09:00:49,539 [main] INFO  balancer.ContainerBalancerTask (ContainerBalancerTask.java:checkIterationMoveResults(642)) - Iteration Summary. Number of Datanodes involved: 6. Size moved: 4 GB (4294967296 Bytes). Number of Container moves completed: 1.
2023-09-14 09:00:49,539 [main] INFO  balancer.ContainerBalancerTask (ContainerBalancerTask.java:balance(259)) - Result of this iteration of Container Balancer: ITERATION_COMPLETED
2023-09-14 09:00:49,540 [main] INFO  balancer.ContainerBalancerTask (ContainerBalancerTask.java:tryStopWithSaveConfiguration(308)) - Save Configuration for stopping. Reason: Completed all iterations.
2023-09-14 09:00:49,541 [main] DEBUG balancer.ContainerBalancerTask (ContainerBalancerTask.java:initializeIteration(374)) - Average utilization of the cluster is 0.3695770804918367
2023-09-14 09:00:49,542 [main] DEBUG balancer.ContainerBalancerTask (ContainerBalancerTask.java:initializeIteration(386)) - Lower limit for utilization is 0.2695770804918367 and Upper limit for utilization is 0.46957708049183666
2023-09-14 09:00:49,542 [main] DEBUG balancer.ContainerBalancerTask (ContainerBalancerTask.java:initializeIteration(398)) - Utilization for node 4c88de24-96c0-4091-8aa3-164aa7f6b538 with capacity 60845370026B, used 54760833024B, and remaining 6084537002B is 0.900000000009861
2023-09-14 09:00:49,542 [main] DEBUG balancer.ContainerBalancerTask (ContainerBalancerTask.java:initializeIteration(398)) - Utilization for node cfeb0b52-844f-4374-b9b0-e831eafefb25 with capacity 67108864000B, used 53687091200B, and remaining 13421772800B is 0.8
2023-09-14 09:00:49,542 [main] DEBUG balancer.ContainerBalancerTask (ContainerBalancerTask.java:initializeIteration(398)) - Utilization for node c3b2b67a-55c2-4dcf-9b54-8e1f640b892b with capacity 72094093897B, used 50465865728B, and remaining 21628228169B is 0.7000000000013871
2023-09-14 09:00:49,542 [main] DEBUG balancer.ContainerBalancerTask (ContainerBalancerTask.java:initializeIteration(398)) - Utilization for node f618e336-fe34-4df4-89da-6455df6a53cc with capacity 82320206506B, used 49392123904B, and remaining 32928082602B is 0.6000000000048591
2023-09-14 09:00:49,542 [main] DEBUG balancer.ContainerBalancerTask (ContainerBalancerTask.java:initializeIteration(398)) - Utilization for node 04232d2e-17b3-443e-ab7e-557d84476749 with capacity 113816633344B, used 56908316672B, and remaining 56908316672B is 0.5
2023-09-14 09:00:49,542 [main] DEBUG balancer.ContainerBalancerTask (ContainerBalancerTask.java:initializeIteration(398)) - Utilization for node 9c769287-196a-411a-ab7c-178603c4fa04 with capacity 120795955200B, used 48318382080B, and remaining 72477573120B is 0.4
2023-09-14 09:00:49,542 [main] DEBUG balancer.ContainerBalancerTask (ContainerBalancerTask.java:initializeIteration(398)) - Utilization for node a73e9fc1-b0b0-42f0-b165-54cdf449ff4b with capacity 157482134186B, used 47244640256B, and remaining 110237493930B is 0.30000000000127
2023-09-14 09:00:49,543 [main] DEBUG balancer.ContainerBalancerTask (ContainerBalancerTask.java:initializeIteration(398)) - Utilization for node bc049791-ccaa-4b39-b036-406a98c553ee with capacity 112742891520B, used 22548578304B, and remaining 90194313216B is 0.2
2023-09-14 09:00:49,543 [main] DEBUG balancer.ContainerBalancerTask (ContainerBalancerTask.java:initializeIteration(398)) - Utilization for node dcf48d4f-f4e9-4042-9972-2dad17aa2c37 with capacity 322122547200B, used 32212254720B, and remaining 289910292480B is 0.1
2023-09-14 09:00:49,543 [main] DEBUG balancer.ContainerBalancerTask (ContainerBalancerTask.java:initializeIteration(398)) - Utilization for node 0a5e1324-67ee-4343-b126-b38771ffee53 with capacity 15032385536B, used 0B, and remaining 15032385536B is 0.0
2023-09-14 09:00:49,543 [main] INFO  balancer.ContainerBalancerTask (ContainerBalancerTask.java:initializeIteration(447)) - Container Balancer has identified 5 Over-Utilized and 3 Under-Utilized Datanodes that need to be balanced.
2023-09-14 09:00:49,543 [main] DEBUG balancer.ContainerBalancerTask (ContainerBalancerTask.java:lambda$initializeIteration$1(453)) - Datanode localhost-144.85.207.89 4c88de24-96c0-4091-8aa3-164aa7f6b538 is Over-Utilized.
2023-09-14 09:00:49,543 [main] DEBUG balancer.ContainerBalancerTask (ContainerBalancerTask.java:lambda$initializeIteration$1(453)) - Datanode localhost-133.11.211.240 cfeb0b52-844f-4374-b9b0-e831eafefb25 is Over-Utilized.
2023-09-14 09:00:49,543 [main] DEBUG balancer.ContainerBalancerTask (ContainerBalancerTask.java:lambda$initializeIteration$1(453)) - Datanode localhost-64.236.248.117 c3b2b67a-55c2-4dcf-9b54-8e1f640b892b is Over-Utilized.
2023-09-14 09:00:49,543 [main] DEBUG balancer.ContainerBalancerTask (ContainerBalancerTask.java:lambda$initializeIteration$1(453)) - Datanode localhost-106.215.82.14 f618e336-fe34-4df4-89da-6455df6a53cc is Over-Utilized.
2023-09-14 09:00:49,543 [main] DEBUG balancer.ContainerBalancerTask (ContainerBalancerTask.java:lambda$initializeIteration$1(453)) - Datanode localhost-231.63.112.138 04232d2e-17b3-443e-ab7e-557d84476749 is Over-Utilized.
2023-09-14 09:00:49,544 [main] DEBUG balancer.ContainerBalancerTask (ContainerBalancerTask.java:lambda$initializeIteration$2(459)) - Datanode localhost-255.105.177.91 0a5e1324-67ee-4343-b126-b38771ffee53 is Under-Utilized.
2023-09-14 09:00:49,544 [main] DEBUG balancer.ContainerBalancerTask (ContainerBalancerTask.java:lambda$initializeIteration$2(459)) - Datanode localhost-74.173.255.35 dcf48d4f-f4e9-4042-9972-2dad17aa2c37 is Under-Utilized.
2023-09-14 09:00:49,544 [main] DEBUG balancer.ContainerBalancerTask (ContainerBalancerTask.java:lambda$initializeIteration$2(459)) - Datanode localhost-184.178.1.40 bc049791-ccaa-4b39-b036-406a98c553ee is Under-Utilized.
2023-09-14 09:00:49,547 [main] DEBUG balancer.ContainerBalancerTask (ContainerBalancerTask.java:matchSourceWithTarget(708)) - ContainerBalancer is finding suitable target for source datanode 4c88de24-96c0-4091-8aa3-164aa7f6b538
2023-09-14 09:00:49,547 [main] INFO  balancer.ContainerBalancerTask (ContainerBalancerTask.java:matchSourceWithTarget(722)) - ContainerBalancer matched source datanode 4c88de24-96c0-4091-8aa3-164aa7f6b538 with target datanode 0a5e1324-67ee-4343-b126-b38771ffee53 for container move.
2023-09-14 09:00:49,547 [main] INFO  balancer.ContainerBalancerTask (ContainerBalancerTask.java:processMoveSelection(569)) - ContainerBalancer is trying to move container #85 with size 5368709120B from source datanode 4c88de24-96c0-4091-8aa3-164aa7f6b538 to target datanode 0a5e1324-67ee-4343-b126-b38771ffee53
2023-09-14 09:00:49,548 [main] DEBUG balancer.ContainerBalancerTask (ContainerBalancerTask.java:lambda$moveContainer$3(837)) - Container move completed for container #85 from source 4c88de24-96c0-4091-8aa3-164aa7f6b538 to target 0a5e1324-67ee-4343-b126-b38771ffee53
2023-09-14 09:00:49,551 [main] DEBUG balancer.ContainerBalancerTask (ContainerBalancerTask.java:matchSourceWithTarget(708)) - ContainerBalancer is finding suitable target for source datanode 4c88de24-96c0-4091-8aa3-164aa7f6b538
2023-09-14 09:00:49,551 [main] INFO  balancer.ContainerBalancerTask (ContainerBalancerTask.java:matchSourceWithTarget(722)) - ContainerBalancer matched source datanode 4c88de24-96c0-4091-8aa3-164aa7f6b538 with target datanode dcf48d4f-f4e9-4042-9972-2dad17aa2c37 for container move.
2023-09-14 09:00:49,551 [main] INFO  balancer.ContainerBalancerTask (ContainerBalancerTask.java:processMoveSelection(569)) - ContainerBalancer is trying to move container #89 with size 4294967296B from source datanode 4c88de24-96c0-4091-8aa3-164aa7f6b538 to target datanode dcf48d4f-f4e9-4042-9972-2dad17aa2c37
2023-09-14 09:00:49,555 [main] DEBUG balancer.ContainerBalancerTask (ContainerBalancerTask.java:matchSourceWithTarget(708)) - ContainerBalancer is finding suitable target for source datanode cfeb0b52-844f-4374-b9b0-e831eafefb25
2023-09-14 09:00:49,555 [main] INFO  balancer.ContainerBalancerTask (ContainerBalancerTask.java:matchSourceWithTarget(722)) - ContainerBalancer matched source datanode cfeb0b52-844f-4374-b9b0-e831eafefb25 with target datanode dcf48d4f-f4e9-4042-9972-2dad17aa2c37 for container move.
2023-09-14 09:00:49,555 [main] INFO  balancer.ContainerBalancerTask (ContainerBalancerTask.java:processMoveSelection(569)) - ContainerBalancer is trying to move container #68 with size 5368709120B from source datanode cfeb0b52-844f-4374-b9b0-e831eafefb25 to target datanode dcf48d4f-f4e9-4042-9972-2dad17aa2c37
2023-09-14 09:00:49,558 [main] DEBUG balancer.ContainerBalancerTask (ContainerBalancerTask.java:matchSourceWithTarget(708)) - ContainerBalancer is finding suitable target for source datanode 4c88de24-96c0-4091-8aa3-164aa7f6b538
2023-09-14 09:00:49,559 [main] INFO  balancer.ContainerBalancerTask (ContainerBalancerTask.java:matchSourceWithTarget(722)) - ContainerBalancer matched source datanode 4c88de24-96c0-4091-8aa3-164aa7f6b538 with target datanode dcf48d4f-f4e9-4042-9972-2dad17aa2c37 for container move.
2023-09-14 09:00:49,560 [main] INFO  balancer.ContainerBalancerTask (ContainerBalancerTask.java:processMoveSelection(569)) - ContainerBalancer is trying to move container #86 with size 1073741824B from source datanode 4c88de24-96c0-4091-8aa3-164aa7f6b538 to target datanode dcf48d4f-f4e9-4042-9972-2dad17aa2c37
2023-09-14 09:00:49,563 [main] DEBUG balancer.ContainerBalancerTask (ContainerBalancerTask.java:matchSourceWithTarget(708)) - ContainerBalancer is finding suitable target for source datanode 4c88de24-96c0-4091-8aa3-164aa7f6b538
2023-09-14 09:00:49,563 [main] INFO  balancer.ContainerBalancerTask (ContainerBalancerTask.java:matchSourceWithTarget(722)) - ContainerBalancer matched source datanode 4c88de24-96c0-4091-8aa3-164aa7f6b538 with target datanode bc049791-ccaa-4b39-b036-406a98c553ee for container move.
2023-09-14 09:00:49,563 [main] INFO  balancer.ContainerBalancerTask (ContainerBalancerTask.java:processMoveSelection(569)) - ContainerBalancer is trying to move container #84 with size 4294967296B from source datanode 4c88de24-96c0-4091-8aa3-164aa7f6b538 to target datanode bc049791-ccaa-4b39-b036-406a98c553ee
2023-09-14 09:00:49,567 [main] DEBUG balancer.ContainerBalancerTask (ContainerBalancerTask.java:matchSourceWithTarget(708)) - ContainerBalancer is finding suitable target for source datanode cfeb0b52-844f-4374-b9b0-e831eafefb25
2023-09-14 09:00:49,567 [main] INFO  balancer.ContainerBalancerTask (ContainerBalancerTask.java:matchSourceWithTarget(722)) - ContainerBalancer matched source datanode cfeb0b52-844f-4374-b9b0-e831eafefb25 with target datanode bc049791-ccaa-4b39-b036-406a98c553ee for container move.
2023-09-14 09:00:49,567 [main] INFO  balancer.ContainerBalancerTask (ContainerBalancerTask.java:processMoveSelection(569)) - ContainerBalancer is trying to move container #67 with size 4294967296B from source datanode cfeb0b52-844f-4374-b9b0-e831eafefb25 to target datanode bc049791-ccaa-4b39-b036-406a98c553ee
2023-09-14 09:00:49,571 [main] DEBUG balancer.ContainerBalancerTask (ContainerBalancerTask.java:matchSourceWithTarget(708)) - ContainerBalancer is finding suitable target for source datanode c3b2b67a-55c2-4dcf-9b54-8e1f640b892b
2023-09-14 09:00:49,571 [main] INFO  balancer.ContainerBalancerTask (ContainerBalancerTask.java:matchSourceWithTarget(722)) - ContainerBalancer matched source datanode c3b2b67a-55c2-4dcf-9b54-8e1f640b892b with target datanode bc049791-ccaa-4b39-b036-406a98c553ee for container move.
2023-09-14 09:00:49,571 [main] INFO  balancer.ContainerBalancerTask (ContainerBalancerTask.java:processMoveSelection(569)) - ContainerBalancer is trying to move container #65 with size 2147483648B from source datanode c3b2b67a-55c2-4dcf-9b54-8e1f640b892b to target datanode bc049791-ccaa-4b39-b036-406a98c553ee
2023-09-14 09:00:49,575 [main] DEBUG balancer.ContainerBalancerTask (ContainerBalancerTask.java:matchSourceWithTarget(708)) - ContainerBalancer is finding suitable target for source datanode c3b2b67a-55c2-4dcf-9b54-8e1f640b892b
2023-09-14 09:00:49,575 [main] INFO  balancer.ContainerBalancerTask (ContainerBalancerTask.java:matchSourceWithTarget(722)) - ContainerBalancer matched source datanode c3b2b67a-55c2-4dcf-9b54-8e1f640b892b with target datanode 0a5e1324-67ee-4343-b126-b38771ffee53 for container move.
2023-09-14 09:00:49,576 [main] INFO  balancer.ContainerBalancerTask (ContainerBalancerTask.java:processMoveSelection(569)) - ContainerBalancer is trying to move container #54 with size 1073741824B from source datanode c3b2b67a-55c2-4dcf-9b54-8e1f640b892b to target datanode 0a5e1324-67ee-4343-b126-b38771ffee53
2023-09-14 09:00:49,579 [main] DEBUG balancer.ContainerBalancerTask (ContainerBalancerTask.java:matchSourceWithTarget(708)) - ContainerBalancer is finding suitable target for source datanode cfeb0b52-844f-4374-b9b0-e831eafefb25
2023-09-14 09:00:49,580 [main] INFO  balancer.FindTargetGreedyByUsageInfo (AbstractFindTargetGreedy.java:findTargetForContainerMove(133)) - Container Balancer could not find a target for source datanode cfeb0b52-844f-4374-b9b0-e831eafefb25
2023-09-14 09:00:49,580 [main] DEBUG balancer.ContainerBalancerTask (ContainerBalancerTask.java:matchSourceWithTarget(717)) - ContainerBalancer could not find a suitable target for source node cfeb0b52-844f-4374-b9b0-e831eafefb25.
2023-09-14 09:00:49,583 [main] DEBUG balancer.ContainerBalancerTask (ContainerBalancerTask.java:matchSourceWithTarget(708)) - ContainerBalancer is finding suitable target for source datanode c3b2b67a-55c2-4dcf-9b54-8e1f640b892b
2023-09-14 09:00:49,584 [main] INFO  balancer.FindTargetGreedyByUsageInfo (AbstractFindTargetGreedy.java:findTargetForContainerMove(133)) - Container Balancer could not find a target for source datanode c3b2b67a-55c2-4dcf-9b54-8e1f640b892b
2023-09-14 09:00:49,584 [main] DEBUG balancer.ContainerBalancerTask (ContainerBalancerTask.java:matchSourceWithTarget(717)) - ContainerBalancer could not find a suitable target for source node c3b2b67a-55c2-4dcf-9b54-8e1f640b892b.
2023-09-14 09:00:49,588 [main] DEBUG balancer.ContainerBalancerTask (ContainerBalancerTask.java:matchSourceWithTarget(708)) - ContainerBalancer is finding suitable target for source datanode 4c88de24-96c0-4091-8aa3-164aa7f6b538
2023-09-14 09:00:49,590 [main] INFO  balancer.FindTargetGreedyByUsageInfo (AbstractFindTargetGreedy.java:findTargetForContainerMove(133)) - Container Balancer could not find a target for source datanode 4c88de24-96c0-4091-8aa3-164aa7f6b538
2023-09-14 09:00:49,590 [main] DEBUG balancer.ContainerBalancerTask (ContainerBalancerTask.java:matchSourceWithTarget(717)) - ContainerBalancer could not find a suitable target for source node 4c88de24-96c0-4091-8aa3-164aa7f6b538.
2023-09-14 09:00:49,593 [main] DEBUG balancer.ContainerBalancerTask (ContainerBalancerTask.java:matchSourceWithTarget(708)) - ContainerBalancer is finding suitable target for source datanode f618e336-fe34-4df4-89da-6455df6a53cc
2023-09-14 09:00:49,594 [main] INFO  balancer.FindTargetGreedyByUsageInfo (AbstractFindTargetGreedy.java:findTargetForContainerMove(133)) - Container Balancer could not find a target for source datanode f618e336-fe34-4df4-89da-6455df6a53cc
2023-09-14 09:00:49,594 [main] DEBUG balancer.ContainerBalancerTask (ContainerBalancerTask.java:matchSourceWithTarget(717)) - ContainerBalancer could not find a suitable target for source node f618e336-fe34-4df4-89da-6455df6a53cc.
2023-09-14 09:00:49,598 [main] DEBUG balancer.ContainerBalancerTask (ContainerBalancerTask.java:matchSourceWithTarget(708)) - ContainerBalancer is finding suitable target for source datanode 04232d2e-17b3-443e-ab7e-557d84476749
2023-09-14 09:00:49,599 [main] INFO  balancer.FindTargetGreedyByUsageInfo (AbstractFindTargetGreedy.java:findTargetForContainerMove(133)) - Container Balancer could not find a target for source datanode 04232d2e-17b3-443e-ab7e-557d84476749
2023-09-14 09:00:49,599 [main] DEBUG balancer.ContainerBalancerTask (ContainerBalancerTask.java:matchSourceWithTarget(717)) - ContainerBalancer could not find a suitable target for source node 04232d2e-17b3-443e-ab7e-557d84476749.
2023-09-14 09:00:49,599 [main] INFO  balancer.FindSourceGreedy (FindSourceGreedy.java:getNextCandidateSourceDataNode(126)) - no more candidate source data node
2023-09-14 09:00:50,100 [main] WARN  balancer.ContainerBalancerTask (ContainerBalancerTask.java:cancelMovesThatExceedTimeoutDuration(674)) - Container move timed out for container #65 from source c3b2b67a-55c2-4dcf-9b54-8e1f640b892b to target bc049791-ccaa-4b39-b036-406a98c553ee.
2023-09-14 09:00:50,100 [main] WARN  balancer.ContainerBalancerTask (ContainerBalancerTask.java:cancelMovesThatExceedTimeoutDuration(674)) - Container move timed out for container #67 from source cfeb0b52-844f-4374-b9b0-e831eafefb25 to target bc049791-ccaa-4b39-b036-406a98c553ee.
2023-09-14 09:00:50,100 [main] WARN  balancer.ContainerBalancerTask (ContainerBalancerTask.java:cancelMovesThatExceedTimeoutDuration(674)) - Container move timed out for container #89 from source 4c88de24-96c0-4091-8aa3-164aa7f6b538 to target dcf48d4f-f4e9-4042-9972-2dad17aa2c37.
2023-09-14 09:00:50,101 [main] WARN  balancer.ContainerBalancerTask (ContainerBalancerTask.java:cancelMovesThatExceedTimeoutDuration(674)) - Container move timed out for container #84 from source 4c88de24-96c0-4091-8aa3-164aa7f6b538 to target bc049791-ccaa-4b39-b036-406a98c553ee.
2023-09-14 09:00:50,101 [main] WARN  balancer.ContainerBalancerTask (ContainerBalancerTask.java:cancelMovesThatExceedTimeoutDuration(674)) - Container move timed out for container #86 from source 4c88de24-96c0-4091-8aa3-164aa7f6b538 to target dcf48d4f-f4e9-4042-9972-2dad17aa2c37.
2023-09-14 09:00:50,101 [main] WARN  balancer.ContainerBalancerTask (ContainerBalancerTask.java:cancelMovesThatExceedTimeoutDuration(674)) - Container move timed out for container #68 from source cfeb0b52-844f-4374-b9b0-e831eafefb25 to target dcf48d4f-f4e9-4042-9972-2dad17aa2c37.
2023-09-14 09:00:50,101 [main] WARN  balancer.ContainerBalancerTask (ContainerBalancerTask.java:cancelMovesThatExceedTimeoutDuration(674)) - Container move timed out for container #54 from source c3b2b67a-55c2-4dcf-9b54-8e1f640b892b to target 0a5e1324-67ee-4343-b126-b38771ffee53.
2023-09-14 09:00:50,101 [main] WARN  balancer.ContainerBalancerTask (ContainerBalancerTask.java:checkIterationMoveResults(620)) - 7 Container moves are canceled.
2023-09-14 09:00:50,101 [main] INFO  balancer.ContainerBalancerTask (ContainerBalancerTask.java:checkIterationMoveResults(642)) - Iteration Summary. Number of Datanodes involved: 6. Size moved: 5 GB (5368709120 Bytes). Number of Container moves completed: 1.
2023-09-14 09:00:50,101 [main] INFO  balancer.ContainerBalancerTask (ContainerBalancerTask.java:balance(259)) - Result of this iteration of Container Balancer: ITERATION_COMPLETED
2023-09-14 09:00:50,102 [main] INFO  balancer.ContainerBalancerTask (ContainerBalancerTask.java:tryStopWithSaveConfiguration(308)) - Save Configuration for stopping. Reason: Completed all iterations.
]]></system-out>
  </testcase>
  <testcase name="targetDatanodeShouldNotAlreadyContainSelectedContainer" classname="org.apache.hadoop.hdds.scm.container.balancer.TestContainerBalancerTask" time="0.158">
    <system-out><![CDATA[2023-09-14 09:00:50,130 [main] INFO  net.NodeSchemaLoader (NodeSchemaLoader.java:loadSchemaFromFile(129)) - Loading schema from [file:/home/runner/work/ozone/ozone/hadoop-hdds/common/target/classes/network-topology-default.xml]
2023-09-14 09:00:50,130 [main] INFO  net.NodeSchemaLoader (NodeSchemaLoader.java:loadSchema(176)) - Loading network topology layer schema file
2023-09-14 09:00:50,132 [main] INFO  net.NetworkTopologyImpl (NetworkTopologyImpl.java:add(112)) - Added a new node: /default-rack/4e9a8104-9e8d-46a5-bdcf-e83506f5b2dd
2023-09-14 09:00:50,132 [main] INFO  net.NetworkTopologyImpl (NetworkTopologyImpl.java:add(112)) - Added a new node: /default-rack/79e01e7b-945a-436a-af8e-e6ebcd97970c
2023-09-14 09:00:50,132 [main] INFO  net.NetworkTopologyImpl (NetworkTopologyImpl.java:add(112)) - Added a new node: /default-rack/2c939685-5522-4b04-973e-8ef61741f63f
2023-09-14 09:00:50,132 [main] INFO  net.NetworkTopologyImpl (NetworkTopologyImpl.java:add(112)) - Added a new node: /default-rack/2085df28-5090-4903-ab7d-efdf9a3e79cb
2023-09-14 09:00:50,133 [main] INFO  net.NetworkTopologyImpl (NetworkTopologyImpl.java:add(112)) - Added a new node: /default-rack/532a6514-e98e-4346-873a-9eb98bc2652e
2023-09-14 09:00:50,133 [main] INFO  net.NetworkTopologyImpl (NetworkTopologyImpl.java:add(112)) - Added a new node: /default-rack/31bdc775-6c1f-45a4-ac1f-d14668cb28ea
2023-09-14 09:00:50,133 [main] INFO  net.NetworkTopologyImpl (NetworkTopologyImpl.java:add(112)) - Added a new node: /default-rack/54ce6bb1-4c95-4dc8-8712-bdc000deba43
2023-09-14 09:00:50,133 [main] INFO  net.NetworkTopologyImpl (NetworkTopologyImpl.java:add(112)) - Added a new node: /default-rack/09d4c364-f8fe-4d8c-b800-ec6182176abb
2023-09-14 09:00:50,133 [main] INFO  net.NetworkTopologyImpl (NetworkTopologyImpl.java:add(112)) - Added a new node: /default-rack/793d7bd3-4558-4f31-ae57-e700bb41fb0e
2023-09-14 09:00:50,133 [main] INFO  net.NetworkTopologyImpl (NetworkTopologyImpl.java:add(112)) - Added a new node: /default-rack/59929441-40ce-4874-9739-e5c44aba0b91
2023-09-14 09:00:50,133 [main] INFO  algorithms.ContainerPlacementPolicyFactory (ContainerPlacementPolicyFactory.java:getPolicyInternal(86)) - Create container placement policy of type org.apache.hadoop.hdds.scm.container.placement.algorithms.SCMContainerPlacementRackAware
2023-09-14 09:00:50,134 [main] INFO  algorithms.ContainerPlacementPolicyFactory (ContainerPlacementPolicyFactory.java:getPolicyInternal(86)) - Create container placement policy of type org.apache.hadoop.hdds.scm.container.placement.algorithms.SCMContainerPlacementRackScatter
2023-09-14 09:00:50,137 [main] DEBUG balancer.ContainerBalancerTask (ContainerBalancerTask.java:initializeIteration(374)) - Average utilization of the cluster is 0.305691994721839
2023-09-14 09:00:50,137 [main] DEBUG balancer.ContainerBalancerTask (ContainerBalancerTask.java:initializeIteration(386)) - Lower limit for utilization is 0.205691994721839 and Upper limit for utilization is 0.40569199472183903
2023-09-14 09:00:50,138 [main] DEBUG balancer.ContainerBalancerTask (ContainerBalancerTask.java:initializeIteration(398)) - Utilization for node 532a6514-e98e-4346-873a-9eb98bc2652e with capacity 51300998257B, used 46170898432B, and remaining 5130099825B is 0.900000000013645
2023-09-14 09:00:50,138 [main] DEBUG balancer.ContainerBalancerTask (ContainerBalancerTask.java:initializeIteration(398)) - Utilization for node 31bdc775-6c1f-45a4-ac1f-d14668cb28ea with capacity 68451041280B, used 54760833024B, and remaining 13690208256B is 0.8
2023-09-14 09:00:50,138 [main] DEBUG balancer.ContainerBalancerTask (ContainerBalancerTask.java:initializeIteration(398)) - Utilization for node 59929441-40ce-4874-9739-e5c44aba0b91 with capacity 69026260114B, used 48318382080B, and remaining 20707878034B is 0.7000000000028974
2023-09-14 09:00:50,138 [main] DEBUG balancer.ContainerBalancerTask (ContainerBalancerTask.java:initializeIteration(398)) - Utilization for node 79e01e7b-945a-436a-af8e-e6ebcd97970c with capacity 82320206506B, used 49392123904B, and remaining 32928082602B is 0.6000000000048591
2023-09-14 09:00:50,138 [main] DEBUG balancer.ContainerBalancerTask (ContainerBalancerTask.java:initializeIteration(398)) - Utilization for node 2c939685-5522-4b04-973e-8ef61741f63f with capacity 77309411328B, used 38654705664B, and remaining 38654705664B is 0.5
2023-09-14 09:00:50,138 [main] DEBUG balancer.ContainerBalancerTask (ContainerBalancerTask.java:initializeIteration(398)) - Utilization for node 54ce6bb1-4c95-4dc8-8712-bdc000deba43 with capacity 104689827840B, used 41875931136B, and remaining 62813896704B is 0.4
2023-09-14 09:00:50,138 [main] DEBUG balancer.ContainerBalancerTask (ContainerBalancerTask.java:initializeIteration(398)) - Utilization for node 2085df28-5090-4903-ab7d-efdf9a3e79cb with capacity 139586437120B, used 41875931136B, and remaining 97710505984B is 0.3
2023-09-14 09:00:50,138 [main] DEBUG balancer.ContainerBalancerTask (ContainerBalancerTask.java:initializeIteration(398)) - Utilization for node 793d7bd3-4558-4f31-ae57-e700bb41fb0e with capacity 241591910400B, used 48318382080B, and remaining 193273528320B is 0.2
2023-09-14 09:00:50,138 [main] DEBUG balancer.ContainerBalancerTask (ContainerBalancerTask.java:initializeIteration(398)) - Utilization for node 4e9a8104-9e8d-46a5-bdcf-e83506f5b2dd with capacity 461708984320B, used 46170898432B, and remaining 415538085888B is 0.1
2023-09-14 09:00:50,138 [main] DEBUG balancer.ContainerBalancerTask (ContainerBalancerTask.java:initializeIteration(398)) - Utilization for node 09d4c364-f8fe-4d8c-b800-ec6182176abb with capacity 63350767616B, used 0B, and remaining 63350767616B is 0.0
2023-09-14 09:00:50,139 [main] INFO  balancer.ContainerBalancerTask (ContainerBalancerTask.java:initializeIteration(447)) - Container Balancer has identified 5 Over-Utilized and 3 Under-Utilized Datanodes that need to be balanced.
2023-09-14 09:00:50,139 [main] DEBUG balancer.ContainerBalancerTask (ContainerBalancerTask.java:lambda$initializeIteration$1(453)) - Datanode localhost-15.195.246.195 532a6514-e98e-4346-873a-9eb98bc2652e is Over-Utilized.
2023-09-14 09:00:50,139 [main] DEBUG balancer.ContainerBalancerTask (ContainerBalancerTask.java:lambda$initializeIteration$1(453)) - Datanode localhost-67.77.40.220 31bdc775-6c1f-45a4-ac1f-d14668cb28ea is Over-Utilized.
2023-09-14 09:00:50,139 [main] DEBUG balancer.ContainerBalancerTask (ContainerBalancerTask.java:lambda$initializeIteration$1(453)) - Datanode localhost-161.237.120.192 59929441-40ce-4874-9739-e5c44aba0b91 is Over-Utilized.
2023-09-14 09:00:50,139 [main] DEBUG balancer.ContainerBalancerTask (ContainerBalancerTask.java:lambda$initializeIteration$1(453)) - Datanode localhost-238.8.152.72 79e01e7b-945a-436a-af8e-e6ebcd97970c is Over-Utilized.
2023-09-14 09:00:50,139 [main] DEBUG balancer.ContainerBalancerTask (ContainerBalancerTask.java:lambda$initializeIteration$1(453)) - Datanode localhost-6.159.240.88 2c939685-5522-4b04-973e-8ef61741f63f is Over-Utilized.
2023-09-14 09:00:50,139 [main] DEBUG balancer.ContainerBalancerTask (ContainerBalancerTask.java:lambda$initializeIteration$2(459)) - Datanode localhost-126.41.199.132 09d4c364-f8fe-4d8c-b800-ec6182176abb is Under-Utilized.
2023-09-14 09:00:50,139 [main] DEBUG balancer.ContainerBalancerTask (ContainerBalancerTask.java:lambda$initializeIteration$2(459)) - Datanode localhost-211.102.118.75 4e9a8104-9e8d-46a5-bdcf-e83506f5b2dd is Under-Utilized.
2023-09-14 09:00:50,139 [main] DEBUG balancer.ContainerBalancerTask (ContainerBalancerTask.java:lambda$initializeIteration$2(459)) - Datanode localhost-76.83.228.47 793d7bd3-4558-4f31-ae57-e700bb41fb0e is Under-Utilized.
2023-09-14 09:00:50,142 [main] DEBUG balancer.ContainerBalancerTask (ContainerBalancerTask.java:matchSourceWithTarget(708)) - ContainerBalancer is finding suitable target for source datanode 532a6514-e98e-4346-873a-9eb98bc2652e
2023-09-14 09:00:50,142 [main] INFO  balancer.ContainerBalancerTask (ContainerBalancerTask.java:matchSourceWithTarget(722)) - ContainerBalancer matched source datanode 532a6514-e98e-4346-873a-9eb98bc2652e with target datanode 09d4c364-f8fe-4d8c-b800-ec6182176abb for container move.
2023-09-14 09:00:50,142 [main] INFO  balancer.ContainerBalancerTask (ContainerBalancerTask.java:processMoveSelection(569)) - ContainerBalancer is trying to move container #85 with size 5368709120B from source datanode 532a6514-e98e-4346-873a-9eb98bc2652e to target datanode 09d4c364-f8fe-4d8c-b800-ec6182176abb
2023-09-14 09:00:50,143 [main] DEBUG balancer.ContainerBalancerTask (ContainerBalancerTask.java:lambda$moveContainer$3(837)) - Container move completed for container #85 from source 532a6514-e98e-4346-873a-9eb98bc2652e to target 09d4c364-f8fe-4d8c-b800-ec6182176abb
2023-09-14 09:00:50,145 [main] DEBUG balancer.ContainerBalancerTask (ContainerBalancerTask.java:matchSourceWithTarget(708)) - ContainerBalancer is finding suitable target for source datanode 31bdc775-6c1f-45a4-ac1f-d14668cb28ea
2023-09-14 09:00:50,146 [main] INFO  balancer.ContainerBalancerTask (ContainerBalancerTask.java:matchSourceWithTarget(722)) - ContainerBalancer matched source datanode 31bdc775-6c1f-45a4-ac1f-d14668cb28ea with target datanode 09d4c364-f8fe-4d8c-b800-ec6182176abb for container move.
2023-09-14 09:00:50,146 [main] INFO  balancer.ContainerBalancerTask (ContainerBalancerTask.java:processMoveSelection(569)) - ContainerBalancer is trying to move container #68 with size 5368709120B from source datanode 31bdc775-6c1f-45a4-ac1f-d14668cb28ea to target datanode 09d4c364-f8fe-4d8c-b800-ec6182176abb
2023-09-14 09:00:50,146 [main] DEBUG balancer.ContainerBalancerTask (ContainerBalancerTask.java:lambda$moveContainer$3(837)) - Container move completed for container #68 from source 31bdc775-6c1f-45a4-ac1f-d14668cb28ea to target 09d4c364-f8fe-4d8c-b800-ec6182176abb
2023-09-14 09:00:50,148 [main] DEBUG balancer.ContainerBalancerTask (ContainerBalancerTask.java:matchSourceWithTarget(708)) - ContainerBalancer is finding suitable target for source datanode 532a6514-e98e-4346-873a-9eb98bc2652e
2023-09-14 09:00:50,149 [main] INFO  balancer.ContainerBalancerTask (ContainerBalancerTask.java:matchSourceWithTarget(722)) - ContainerBalancer matched source datanode 532a6514-e98e-4346-873a-9eb98bc2652e with target datanode 4e9a8104-9e8d-46a5-bdcf-e83506f5b2dd for container move.
2023-09-14 09:00:50,149 [main] INFO  balancer.ContainerBalancerTask (ContainerBalancerTask.java:processMoveSelection(569)) - ContainerBalancer is trying to move container #84 with size 4294967296B from source datanode 532a6514-e98e-4346-873a-9eb98bc2652e to target datanode 4e9a8104-9e8d-46a5-bdcf-e83506f5b2dd
2023-09-14 09:00:50,149 [main] DEBUG balancer.ContainerBalancerTask (ContainerBalancerTask.java:lambda$moveContainer$3(837)) - Container move completed for container #84 from source 532a6514-e98e-4346-873a-9eb98bc2652e to target 4e9a8104-9e8d-46a5-bdcf-e83506f5b2dd
2023-09-14 09:00:50,152 [main] DEBUG balancer.ContainerBalancerTask (ContainerBalancerTask.java:matchSourceWithTarget(708)) - ContainerBalancer is finding suitable target for source datanode 31bdc775-6c1f-45a4-ac1f-d14668cb28ea
2023-09-14 09:00:50,152 [main] INFO  balancer.ContainerBalancerTask (ContainerBalancerTask.java:matchSourceWithTarget(722)) - ContainerBalancer matched source datanode 31bdc775-6c1f-45a4-ac1f-d14668cb28ea with target datanode 4e9a8104-9e8d-46a5-bdcf-e83506f5b2dd for container move.
2023-09-14 09:00:50,152 [main] INFO  balancer.ContainerBalancerTask (ContainerBalancerTask.java:processMoveSelection(569)) - ContainerBalancer is trying to move container #40 with size 5368709120B from source datanode 31bdc775-6c1f-45a4-ac1f-d14668cb28ea to target datanode 4e9a8104-9e8d-46a5-bdcf-e83506f5b2dd
2023-09-14 09:00:50,152 [main] DEBUG balancer.ContainerBalancerTask (ContainerBalancerTask.java:lambda$moveContainer$3(837)) - Container move completed for container #40 from source 31bdc775-6c1f-45a4-ac1f-d14668cb28ea to target 4e9a8104-9e8d-46a5-bdcf-e83506f5b2dd
2023-09-14 09:00:50,155 [main] DEBUG balancer.ContainerBalancerTask (ContainerBalancerTask.java:matchSourceWithTarget(708)) - ContainerBalancer is finding suitable target for source datanode 532a6514-e98e-4346-873a-9eb98bc2652e
2023-09-14 09:00:50,155 [main] INFO  balancer.ContainerBalancerTask (ContainerBalancerTask.java:matchSourceWithTarget(722)) - ContainerBalancer matched source datanode 532a6514-e98e-4346-873a-9eb98bc2652e with target datanode 4e9a8104-9e8d-46a5-bdcf-e83506f5b2dd for container move.
2023-09-14 09:00:50,155 [main] INFO  balancer.ContainerBalancerTask (ContainerBalancerTask.java:processMoveSelection(569)) - ContainerBalancer is trying to move container #88 with size 3221225472B from source datanode 532a6514-e98e-4346-873a-9eb98bc2652e to target datanode 4e9a8104-9e8d-46a5-bdcf-e83506f5b2dd
2023-09-14 09:00:50,155 [main] DEBUG balancer.ContainerBalancerTask (ContainerBalancerTask.java:lambda$moveContainer$3(837)) - Container move completed for container #88 from source 532a6514-e98e-4346-873a-9eb98bc2652e to target 4e9a8104-9e8d-46a5-bdcf-e83506f5b2dd
2023-09-14 09:00:50,158 [main] DEBUG balancer.ContainerBalancerTask (ContainerBalancerTask.java:matchSourceWithTarget(708)) - ContainerBalancer is finding suitable target for source datanode 59929441-40ce-4874-9739-e5c44aba0b91
2023-09-14 09:00:50,158 [main] INFO  balancer.ContainerBalancerTask (ContainerBalancerTask.java:matchSourceWithTarget(722)) - ContainerBalancer matched source datanode 59929441-40ce-4874-9739-e5c44aba0b91 with target datanode 4e9a8104-9e8d-46a5-bdcf-e83506f5b2dd for container move.
2023-09-14 09:00:50,159 [main] INFO  balancer.ContainerBalancerTask (ContainerBalancerTask.java:processMoveSelection(569)) - ContainerBalancer is trying to move container #29 with size 5368709120B from source datanode 59929441-40ce-4874-9739-e5c44aba0b91 to target datanode 4e9a8104-9e8d-46a5-bdcf-e83506f5b2dd
2023-09-14 09:00:50,159 [main] DEBUG balancer.ContainerBalancerTask (ContainerBalancerTask.java:lambda$moveContainer$3(837)) - Container move completed for container #29 from source 59929441-40ce-4874-9739-e5c44aba0b91 to target 4e9a8104-9e8d-46a5-bdcf-e83506f5b2dd
2023-09-14 09:00:50,162 [main] DEBUG balancer.ContainerBalancerTask (ContainerBalancerTask.java:matchSourceWithTarget(708)) - ContainerBalancer is finding suitable target for source datanode 532a6514-e98e-4346-873a-9eb98bc2652e
2023-09-14 09:00:50,162 [main] INFO  balancer.ContainerBalancerTask (ContainerBalancerTask.java:matchSourceWithTarget(722)) - ContainerBalancer matched source datanode 532a6514-e98e-4346-873a-9eb98bc2652e with target datanode 4e9a8104-9e8d-46a5-bdcf-e83506f5b2dd for container move.
2023-09-14 09:00:50,162 [main] INFO  balancer.ContainerBalancerTask (ContainerBalancerTask.java:processMoveSelection(569)) - ContainerBalancer is trying to move container #71 with size 3221225472B from source datanode 532a6514-e98e-4346-873a-9eb98bc2652e to target datanode 4e9a8104-9e8d-46a5-bdcf-e83506f5b2dd
2023-09-14 09:00:50,162 [main] DEBUG balancer.ContainerBalancerTask (ContainerBalancerTask.java:lambda$moveContainer$3(837)) - Container move completed for container #71 from source 532a6514-e98e-4346-873a-9eb98bc2652e to target 4e9a8104-9e8d-46a5-bdcf-e83506f5b2dd
2023-09-14 09:00:50,165 [main] DEBUG balancer.ContainerBalancerTask (ContainerBalancerTask.java:matchSourceWithTarget(708)) - ContainerBalancer is finding suitable target for source datanode 31bdc775-6c1f-45a4-ac1f-d14668cb28ea
2023-09-14 09:00:50,166 [main] INFO  balancer.ContainerBalancerTask (ContainerBalancerTask.java:matchSourceWithTarget(722)) - ContainerBalancer matched source datanode 31bdc775-6c1f-45a4-ac1f-d14668cb28ea with target datanode 4e9a8104-9e8d-46a5-bdcf-e83506f5b2dd for container move.
2023-09-14 09:00:50,166 [main] INFO  balancer.ContainerBalancerTask (ContainerBalancerTask.java:processMoveSelection(569)) - ContainerBalancer is trying to move container #66 with size 3221225472B from source datanode 31bdc775-6c1f-45a4-ac1f-d14668cb28ea to target datanode 4e9a8104-9e8d-46a5-bdcf-e83506f5b2dd
2023-09-14 09:00:50,166 [main] DEBUG balancer.ContainerBalancerTask (ContainerBalancerTask.java:lambda$moveContainer$3(837)) - Container move completed for container #66 from source 31bdc775-6c1f-45a4-ac1f-d14668cb28ea to target 4e9a8104-9e8d-46a5-bdcf-e83506f5b2dd
2023-09-14 09:00:50,169 [main] DEBUG balancer.ContainerBalancerTask (ContainerBalancerTask.java:matchSourceWithTarget(708)) - ContainerBalancer is finding suitable target for source datanode 59929441-40ce-4874-9739-e5c44aba0b91
2023-09-14 09:00:50,169 [main] INFO  balancer.ContainerBalancerTask (ContainerBalancerTask.java:matchSourceWithTarget(722)) - ContainerBalancer matched source datanode 59929441-40ce-4874-9739-e5c44aba0b91 with target datanode 4e9a8104-9e8d-46a5-bdcf-e83506f5b2dd for container move.
2023-09-14 09:00:50,169 [main] INFO  balancer.ContainerBalancerTask (ContainerBalancerTask.java:processMoveSelection(569)) - ContainerBalancer is trying to move container #52 with size 4294967296B from source datanode 59929441-40ce-4874-9739-e5c44aba0b91 to target datanode 4e9a8104-9e8d-46a5-bdcf-e83506f5b2dd
2023-09-14 09:00:50,169 [main] DEBUG balancer.ContainerBalancerTask (ContainerBalancerTask.java:lambda$moveContainer$3(837)) - Container move completed for container #52 from source 59929441-40ce-4874-9739-e5c44aba0b91 to target 4e9a8104-9e8d-46a5-bdcf-e83506f5b2dd
2023-09-14 09:00:50,172 [main] DEBUG balancer.ContainerBalancerTask (ContainerBalancerTask.java:matchSourceWithTarget(708)) - ContainerBalancer is finding suitable target for source datanode 79e01e7b-945a-436a-af8e-e6ebcd97970c
2023-09-14 09:00:50,173 [main] INFO  balancer.ContainerBalancerTask (ContainerBalancerTask.java:matchSourceWithTarget(722)) - ContainerBalancer matched source datanode 79e01e7b-945a-436a-af8e-e6ebcd97970c with target datanode 4e9a8104-9e8d-46a5-bdcf-e83506f5b2dd for container move.
2023-09-14 09:00:50,173 [main] INFO  balancer.ContainerBalancerTask (ContainerBalancerTask.java:processMoveSelection(569)) - ContainerBalancer is trying to move container #39 with size 4294967296B from source datanode 79e01e7b-945a-436a-af8e-e6ebcd97970c to target datanode 4e9a8104-9e8d-46a5-bdcf-e83506f5b2dd
2023-09-14 09:00:50,173 [main] DEBUG balancer.ContainerBalancerTask (ContainerBalancerTask.java:lambda$moveContainer$3(837)) - Container move completed for container #39 from source 79e01e7b-945a-436a-af8e-e6ebcd97970c to target 4e9a8104-9e8d-46a5-bdcf-e83506f5b2dd
2023-09-14 09:00:50,176 [main] DEBUG balancer.ContainerBalancerTask (ContainerBalancerTask.java:matchSourceWithTarget(708)) - ContainerBalancer is finding suitable target for source datanode 31bdc775-6c1f-45a4-ac1f-d14668cb28ea
2023-09-14 09:00:50,177 [main] INFO  balancer.ContainerBalancerTask (ContainerBalancerTask.java:matchSourceWithTarget(722)) - ContainerBalancer matched source datanode 31bdc775-6c1f-45a4-ac1f-d14668cb28ea with target datanode 09d4c364-f8fe-4d8c-b800-ec6182176abb for container move.
2023-09-14 09:00:50,177 [main] INFO  balancer.ContainerBalancerTask (ContainerBalancerTask.java:processMoveSelection(569)) - ContainerBalancer is trying to move container #67 with size 4294967296B from source datanode 31bdc775-6c1f-45a4-ac1f-d14668cb28ea to target datanode 09d4c364-f8fe-4d8c-b800-ec6182176abb
2023-09-14 09:00:50,177 [main] DEBUG balancer.ContainerBalancerTask (ContainerBalancerTask.java:lambda$moveContainer$3(837)) - Container move completed for container #67 from source 31bdc775-6c1f-45a4-ac1f-d14668cb28ea to target 09d4c364-f8fe-4d8c-b800-ec6182176abb
2023-09-14 09:00:50,180 [main] DEBUG balancer.ContainerBalancerTask (ContainerBalancerTask.java:matchSourceWithTarget(708)) - ContainerBalancer is finding suitable target for source datanode 532a6514-e98e-4346-873a-9eb98bc2652e
2023-09-14 09:00:50,180 [main] INFO  balancer.ContainerBalancerTask (ContainerBalancerTask.java:matchSourceWithTarget(722)) - ContainerBalancer matched source datanode 532a6514-e98e-4346-873a-9eb98bc2652e with target datanode 4e9a8104-9e8d-46a5-bdcf-e83506f5b2dd for container move.
2023-09-14 09:00:50,180 [main] INFO  balancer.ContainerBalancerTask (ContainerBalancerTask.java:processMoveSelection(569)) - ContainerBalancer is trying to move container #51 with size 3221225472B from source datanode 532a6514-e98e-4346-873a-9eb98bc2652e to target datanode 4e9a8104-9e8d-46a5-bdcf-e83506f5b2dd
2023-09-14 09:00:50,180 [main] DEBUG balancer.ContainerBalancerTask (ContainerBalancerTask.java:lambda$moveContainer$3(837)) - Container move completed for container #51 from source 532a6514-e98e-4346-873a-9eb98bc2652e to target 4e9a8104-9e8d-46a5-bdcf-e83506f5b2dd
2023-09-14 09:00:50,183 [main] DEBUG balancer.ContainerBalancerTask (ContainerBalancerTask.java:matchSourceWithTarget(708)) - ContainerBalancer is finding suitable target for source datanode 59929441-40ce-4874-9739-e5c44aba0b91
2023-09-14 09:00:50,184 [main] INFO  balancer.ContainerBalancerTask (ContainerBalancerTask.java:matchSourceWithTarget(722)) - ContainerBalancer matched source datanode 59929441-40ce-4874-9739-e5c44aba0b91 with target datanode 4e9a8104-9e8d-46a5-bdcf-e83506f5b2dd for container move.
2023-09-14 09:00:50,184 [main] INFO  balancer.ContainerBalancerTask (ContainerBalancerTask.java:processMoveSelection(569)) - ContainerBalancer is trying to move container #27 with size 3221225472B from source datanode 59929441-40ce-4874-9739-e5c44aba0b91 to target datanode 4e9a8104-9e8d-46a5-bdcf-e83506f5b2dd
2023-09-14 09:00:50,184 [main] DEBUG balancer.ContainerBalancerTask (ContainerBalancerTask.java:lambda$moveContainer$3(837)) - Container move completed for container #27 from source 59929441-40ce-4874-9739-e5c44aba0b91 to target 4e9a8104-9e8d-46a5-bdcf-e83506f5b2dd
2023-09-14 09:00:50,187 [main] DEBUG balancer.ContainerBalancerTask (ContainerBalancerTask.java:matchSourceWithTarget(708)) - ContainerBalancer is finding suitable target for source datanode 79e01e7b-945a-436a-af8e-e6ebcd97970c
2023-09-14 09:00:50,188 [main] INFO  balancer.ContainerBalancerTask (ContainerBalancerTask.java:matchSourceWithTarget(722)) - ContainerBalancer matched source datanode 79e01e7b-945a-436a-af8e-e6ebcd97970c with target datanode 4e9a8104-9e8d-46a5-bdcf-e83506f5b2dd for container move.
2023-09-14 09:00:50,188 [main] INFO  balancer.ContainerBalancerTask (ContainerBalancerTask.java:processMoveSelection(569)) - ContainerBalancer is trying to move container #65 with size 2147483648B from source datanode 79e01e7b-945a-436a-af8e-e6ebcd97970c to target datanode 4e9a8104-9e8d-46a5-bdcf-e83506f5b2dd
2023-09-14 09:00:50,188 [main] DEBUG balancer.ContainerBalancerTask (ContainerBalancerTask.java:lambda$moveContainer$3(837)) - Container move completed for container #65 from source 79e01e7b-945a-436a-af8e-e6ebcd97970c to target 4e9a8104-9e8d-46a5-bdcf-e83506f5b2dd
2023-09-14 09:00:50,191 [main] DEBUG balancer.ContainerBalancerTask (ContainerBalancerTask.java:matchSourceWithTarget(708)) - ContainerBalancer is finding suitable target for source datanode 31bdc775-6c1f-45a4-ac1f-d14668cb28ea
2023-09-14 09:00:50,191 [main] INFO  balancer.ContainerBalancerTask (ContainerBalancerTask.java:matchSourceWithTarget(722)) - ContainerBalancer matched source datanode 31bdc775-6c1f-45a4-ac1f-d14668cb28ea with target datanode 4e9a8104-9e8d-46a5-bdcf-e83506f5b2dd for container move.
2023-09-14 09:00:50,192 [main] INFO  balancer.ContainerBalancerTask (ContainerBalancerTask.java:processMoveSelection(569)) - ContainerBalancer is trying to move container #55 with size 2147483648B from source datanode 31bdc775-6c1f-45a4-ac1f-d14668cb28ea to target datanode 4e9a8104-9e8d-46a5-bdcf-e83506f5b2dd
2023-09-14 09:00:50,192 [main] DEBUG balancer.ContainerBalancerTask (ContainerBalancerTask.java:lambda$moveContainer$3(837)) - Container move completed for container #55 from source 31bdc775-6c1f-45a4-ac1f-d14668cb28ea to target 4e9a8104-9e8d-46a5-bdcf-e83506f5b2dd
2023-09-14 09:00:50,195 [main] DEBUG balancer.ContainerBalancerTask (ContainerBalancerTask.java:matchSourceWithTarget(708)) - ContainerBalancer is finding suitable target for source datanode 532a6514-e98e-4346-873a-9eb98bc2652e
2023-09-14 09:00:50,196 [main] INFO  balancer.ContainerBalancerTask (ContainerBalancerTask.java:matchSourceWithTarget(722)) - ContainerBalancer matched source datanode 532a6514-e98e-4346-873a-9eb98bc2652e with target datanode 4e9a8104-9e8d-46a5-bdcf-e83506f5b2dd for container move.
2023-09-14 09:00:50,196 [main] INFO  balancer.ContainerBalancerTask (ContainerBalancerTask.java:processMoveSelection(569)) - ContainerBalancer is trying to move container #87 with size 2147483648B from source datanode 532a6514-e98e-4346-873a-9eb98bc2652e to target datanode 4e9a8104-9e8d-46a5-bdcf-e83506f5b2dd
2023-09-14 09:00:50,196 [main] DEBUG balancer.ContainerBalancerTask (ContainerBalancerTask.java:lambda$moveContainer$3(837)) - Container move completed for container #87 from source 532a6514-e98e-4346-873a-9eb98bc2652e to target 4e9a8104-9e8d-46a5-bdcf-e83506f5b2dd
2023-09-14 09:00:50,199 [main] DEBUG balancer.ContainerBalancerTask (ContainerBalancerTask.java:matchSourceWithTarget(708)) - ContainerBalancer is finding suitable target for source datanode 79e01e7b-945a-436a-af8e-e6ebcd97970c
2023-09-14 09:00:50,200 [main] INFO  balancer.ContainerBalancerTask (ContainerBalancerTask.java:matchSourceWithTarget(722)) - ContainerBalancer matched source datanode 79e01e7b-945a-436a-af8e-e6ebcd97970c with target datanode 4e9a8104-9e8d-46a5-bdcf-e83506f5b2dd for container move.
2023-09-14 09:00:50,200 [main] INFO  balancer.ContainerBalancerTask (ContainerBalancerTask.java:processMoveSelection(569)) - ContainerBalancer is trying to move container #81 with size 1073741824B from source datanode 79e01e7b-945a-436a-af8e-e6ebcd97970c to target datanode 4e9a8104-9e8d-46a5-bdcf-e83506f5b2dd
2023-09-14 09:00:50,200 [main] DEBUG balancer.ContainerBalancerTask (ContainerBalancerTask.java:lambda$moveContainer$3(837)) - Container move completed for container #81 from source 79e01e7b-945a-436a-af8e-e6ebcd97970c to target 4e9a8104-9e8d-46a5-bdcf-e83506f5b2dd
2023-09-14 09:00:50,202 [main] DEBUG balancer.ContainerBalancerTask (ContainerBalancerTask.java:matchSourceWithTarget(708)) - ContainerBalancer is finding suitable target for source datanode 59929441-40ce-4874-9739-e5c44aba0b91
2023-09-14 09:00:50,202 [main] INFO  balancer.ContainerBalancerTask (ContainerBalancerTask.java:matchSourceWithTarget(722)) - ContainerBalancer matched source datanode 59929441-40ce-4874-9739-e5c44aba0b91 with target datanode 793d7bd3-4558-4f31-ae57-e700bb41fb0e for container move.
2023-09-14 09:00:50,202 [main] INFO  balancer.ContainerBalancerTask (ContainerBalancerTask.java:processMoveSelection(569)) - ContainerBalancer is trying to move container #50 with size 2147483648B from source datanode 59929441-40ce-4874-9739-e5c44aba0b91 to target datanode 793d7bd3-4558-4f31-ae57-e700bb41fb0e
2023-09-14 09:00:50,202 [main] DEBUG balancer.ContainerBalancerTask (ContainerBalancerTask.java:lambda$moveContainer$3(837)) - Container move completed for container #50 from source 59929441-40ce-4874-9739-e5c44aba0b91 to target 793d7bd3-4558-4f31-ae57-e700bb41fb0e
2023-09-14 09:00:50,204 [main] DEBUG balancer.ContainerBalancerTask (ContainerBalancerTask.java:matchSourceWithTarget(708)) - ContainerBalancer is finding suitable target for source datanode 79e01e7b-945a-436a-af8e-e6ebcd97970c
2023-09-14 09:00:50,205 [main] INFO  balancer.ContainerBalancerTask (ContainerBalancerTask.java:matchSourceWithTarget(722)) - ContainerBalancer matched source datanode 79e01e7b-945a-436a-af8e-e6ebcd97970c with target datanode 4e9a8104-9e8d-46a5-bdcf-e83506f5b2dd for container move.
2023-09-14 09:00:50,205 [main] INFO  balancer.ContainerBalancerTask (ContainerBalancerTask.java:processMoveSelection(569)) - ContainerBalancer is trying to move container #69 with size 1073741824B from source datanode 79e01e7b-945a-436a-af8e-e6ebcd97970c to target datanode 4e9a8104-9e8d-46a5-bdcf-e83506f5b2dd
2023-09-14 09:00:50,205 [main] DEBUG balancer.ContainerBalancerTask (ContainerBalancerTask.java:lambda$moveContainer$3(837)) - Container move completed for container #69 from source 79e01e7b-945a-436a-af8e-e6ebcd97970c to target 4e9a8104-9e8d-46a5-bdcf-e83506f5b2dd
2023-09-14 09:00:50,208 [main] DEBUG balancer.ContainerBalancerTask (ContainerBalancerTask.java:matchSourceWithTarget(708)) - ContainerBalancer is finding suitable target for source datanode 31bdc775-6c1f-45a4-ac1f-d14668cb28ea
2023-09-14 09:00:50,209 [main] INFO  balancer.ContainerBalancerTask (ContainerBalancerTask.java:matchSourceWithTarget(722)) - ContainerBalancer matched source datanode 31bdc775-6c1f-45a4-ac1f-d14668cb28ea with target datanode 4e9a8104-9e8d-46a5-bdcf-e83506f5b2dd for container move.
2023-09-14 09:00:50,209 [main] INFO  balancer.ContainerBalancerTask (ContainerBalancerTask.java:processMoveSelection(569)) - ContainerBalancer is trying to move container #26 with size 2147483648B from source datanode 31bdc775-6c1f-45a4-ac1f-d14668cb28ea to target datanode 4e9a8104-9e8d-46a5-bdcf-e83506f5b2dd
2023-09-14 09:00:50,209 [main] DEBUG balancer.ContainerBalancerTask (ContainerBalancerTask.java:lambda$moveContainer$3(837)) - Container move completed for container #26 from source 31bdc775-6c1f-45a4-ac1f-d14668cb28ea to target 4e9a8104-9e8d-46a5-bdcf-e83506f5b2dd
2023-09-14 09:00:50,210 [main] DEBUG balancer.ContainerBalancerTask (ContainerBalancerTask.java:matchSourceWithTarget(708)) - ContainerBalancer is finding suitable target for source datanode 2c939685-5522-4b04-973e-8ef61741f63f
2023-09-14 09:00:50,211 [main] INFO  balancer.ContainerBalancerTask (ContainerBalancerTask.java:matchSourceWithTarget(722)) - ContainerBalancer matched source datanode 2c939685-5522-4b04-973e-8ef61741f63f with target datanode 793d7bd3-4558-4f31-ae57-e700bb41fb0e for container move.
2023-09-14 09:00:50,211 [main] INFO  balancer.ContainerBalancerTask (ContainerBalancerTask.java:processMoveSelection(569)) - ContainerBalancer is trying to move container #28 with size 4294967296B from source datanode 2c939685-5522-4b04-973e-8ef61741f63f to target datanode 793d7bd3-4558-4f31-ae57-e700bb41fb0e
2023-09-14 09:00:50,211 [main] DEBUG balancer.ContainerBalancerTask (ContainerBalancerTask.java:lambda$moveContainer$3(837)) - Container move completed for container #28 from source 2c939685-5522-4b04-973e-8ef61741f63f to target 793d7bd3-4558-4f31-ae57-e700bb41fb0e
2023-09-14 09:00:50,215 [main] DEBUG balancer.ContainerBalancerTask (ContainerBalancerTask.java:matchSourceWithTarget(708)) - ContainerBalancer is finding suitable target for source datanode 79e01e7b-945a-436a-af8e-e6ebcd97970c
2023-09-14 09:00:50,215 [main] INFO  balancer.ContainerBalancerTask (ContainerBalancerTask.java:matchSourceWithTarget(722)) - ContainerBalancer matched source datanode 79e01e7b-945a-436a-af8e-e6ebcd97970c with target datanode 4e9a8104-9e8d-46a5-bdcf-e83506f5b2dd for container move.
2023-09-14 09:00:50,215 [main] INFO  balancer.ContainerBalancerTask (ContainerBalancerTask.java:processMoveSelection(569)) - ContainerBalancer is trying to move container #36 with size 1073741824B from source datanode 79e01e7b-945a-436a-af8e-e6ebcd97970c to target datanode 4e9a8104-9e8d-46a5-bdcf-e83506f5b2dd
2023-09-14 09:00:50,216 [main] DEBUG balancer.ContainerBalancerTask (ContainerBalancerTask.java:lambda$moveContainer$3(837)) - Container move completed for container #36 from source 79e01e7b-945a-436a-af8e-e6ebcd97970c to target 4e9a8104-9e8d-46a5-bdcf-e83506f5b2dd
2023-09-14 09:00:50,218 [main] DEBUG balancer.ContainerBalancerTask (ContainerBalancerTask.java:matchSourceWithTarget(708)) - ContainerBalancer is finding suitable target for source datanode 79e01e7b-945a-436a-af8e-e6ebcd97970c
2023-09-14 09:00:50,218 [main] INFO  balancer.ContainerBalancerTask (ContainerBalancerTask.java:matchSourceWithTarget(722)) - ContainerBalancer matched source datanode 79e01e7b-945a-436a-af8e-e6ebcd97970c with target datanode 4e9a8104-9e8d-46a5-bdcf-e83506f5b2dd for container move.
2023-09-14 09:00:50,218 [main] INFO  balancer.ContainerBalancerTask (ContainerBalancerTask.java:processMoveSelection(569)) - ContainerBalancer is trying to move container #25 with size 1073741824B from source datanode 79e01e7b-945a-436a-af8e-e6ebcd97970c to target datanode 4e9a8104-9e8d-46a5-bdcf-e83506f5b2dd
2023-09-14 09:00:50,218 [main] DEBUG balancer.ContainerBalancerTask (ContainerBalancerTask.java:lambda$moveContainer$3(837)) - Container move completed for container #25 from source 79e01e7b-945a-436a-af8e-e6ebcd97970c to target 4e9a8104-9e8d-46a5-bdcf-e83506f5b2dd
2023-09-14 09:00:50,220 [main] DEBUG balancer.ContainerBalancerTask (ContainerBalancerTask.java:matchSourceWithTarget(708)) - ContainerBalancer is finding suitable target for source datanode 59929441-40ce-4874-9739-e5c44aba0b91
2023-09-14 09:00:50,221 [main] INFO  balancer.ContainerBalancerTask (ContainerBalancerTask.java:matchSourceWithTarget(722)) - ContainerBalancer matched source datanode 59929441-40ce-4874-9739-e5c44aba0b91 with target datanode 793d7bd3-4558-4f31-ae57-e700bb41fb0e for container move.
2023-09-14 09:00:50,221 [main] INFO  balancer.ContainerBalancerTask (ContainerBalancerTask.java:processMoveSelection(569)) - ContainerBalancer is trying to move container #54 with size 1073741824B from source datanode 59929441-40ce-4874-9739-e5c44aba0b91 to target datanode 793d7bd3-4558-4f31-ae57-e700bb41fb0e
2023-09-14 09:00:50,221 [main] DEBUG balancer.ContainerBalancerTask (ContainerBalancerTask.java:lambda$moveContainer$3(837)) - Container move completed for container #54 from source 59929441-40ce-4874-9739-e5c44aba0b91 to target 793d7bd3-4558-4f31-ae57-e700bb41fb0e
2023-09-14 09:00:50,223 [main] DEBUG balancer.ContainerBalancerTask (ContainerBalancerTask.java:matchSourceWithTarget(708)) - ContainerBalancer is finding suitable target for source datanode 532a6514-e98e-4346-873a-9eb98bc2652e
2023-09-14 09:00:50,224 [main] INFO  balancer.ContainerBalancerTask (ContainerBalancerTask.java:matchSourceWithTarget(722)) - ContainerBalancer matched source datanode 532a6514-e98e-4346-873a-9eb98bc2652e with target datanode 793d7bd3-4558-4f31-ae57-e700bb41fb0e for container move.
2023-09-14 09:00:50,224 [main] INFO  balancer.ContainerBalancerTask (ContainerBalancerTask.java:processMoveSelection(569)) - ContainerBalancer is trying to move container #89 with size 4294967296B from source datanode 532a6514-e98e-4346-873a-9eb98bc2652e to target datanode 793d7bd3-4558-4f31-ae57-e700bb41fb0e
2023-09-14 09:00:50,224 [main] DEBUG balancer.ContainerBalancerTask (ContainerBalancerTask.java:lambda$moveContainer$3(837)) - Container move completed for container #89 from source 532a6514-e98e-4346-873a-9eb98bc2652e to target 793d7bd3-4558-4f31-ae57-e700bb41fb0e
2023-09-14 09:00:50,226 [main] DEBUG balancer.ContainerBalancerTask (ContainerBalancerTask.java:matchSourceWithTarget(708)) - ContainerBalancer is finding suitable target for source datanode 31bdc775-6c1f-45a4-ac1f-d14668cb28ea
2023-09-14 09:00:50,226 [main] INFO  balancer.ContainerBalancerTask (ContainerBalancerTask.java:matchSourceWithTarget(722)) - ContainerBalancer matched source datanode 31bdc775-6c1f-45a4-ac1f-d14668cb28ea with target datanode 4e9a8104-9e8d-46a5-bdcf-e83506f5b2dd for container move.
2023-09-14 09:00:50,227 [main] INFO  balancer.ContainerBalancerTask (ContainerBalancerTask.java:processMoveSelection(569)) - ContainerBalancer is trying to move container #64 with size 1073741824B from source datanode 31bdc775-6c1f-45a4-ac1f-d14668cb28ea to target datanode 4e9a8104-9e8d-46a5-bdcf-e83506f5b2dd
2023-09-14 09:00:50,227 [main] DEBUG balancer.ContainerBalancerTask (ContainerBalancerTask.java:lambda$moveContainer$3(837)) - Container move completed for container #64 from source 31bdc775-6c1f-45a4-ac1f-d14668cb28ea to target 4e9a8104-9e8d-46a5-bdcf-e83506f5b2dd
2023-09-14 09:00:50,229 [main] DEBUG balancer.ContainerBalancerTask (ContainerBalancerTask.java:matchSourceWithTarget(708)) - ContainerBalancer is finding suitable target for source datanode 79e01e7b-945a-436a-af8e-e6ebcd97970c
2023-09-14 09:00:50,229 [main] INFO  balancer.ContainerBalancerTask (ContainerBalancerTask.java:matchSourceWithTarget(722)) - ContainerBalancer matched source datanode 79e01e7b-945a-436a-af8e-e6ebcd97970c with target datanode 09d4c364-f8fe-4d8c-b800-ec6182176abb for container move.
2023-09-14 09:00:50,229 [main] INFO  balancer.ContainerBalancerTask (ContainerBalancerTask.java:processMoveSelection(569)) - ContainerBalancer is trying to move container #53 with size 5368709120B from source datanode 79e01e7b-945a-436a-af8e-e6ebcd97970c to target datanode 09d4c364-f8fe-4d8c-b800-ec6182176abb
2023-09-14 09:00:50,229 [main] DEBUG balancer.ContainerBalancerTask (ContainerBalancerTask.java:lambda$moveContainer$3(837)) - Container move completed for container #53 from source 79e01e7b-945a-436a-af8e-e6ebcd97970c to target 09d4c364-f8fe-4d8c-b800-ec6182176abb
2023-09-14 09:00:50,231 [main] DEBUG balancer.ContainerBalancerTask (ContainerBalancerTask.java:matchSourceWithTarget(708)) - ContainerBalancer is finding suitable target for source datanode 59929441-40ce-4874-9739-e5c44aba0b91
2023-09-14 09:00:50,231 [main] INFO  balancer.ContainerBalancerTask (ContainerBalancerTask.java:matchSourceWithTarget(722)) - ContainerBalancer matched source datanode 59929441-40ce-4874-9739-e5c44aba0b91 with target datanode 793d7bd3-4558-4f31-ae57-e700bb41fb0e for container move.
2023-09-14 09:00:50,231 [main] INFO  balancer.ContainerBalancerTask (ContainerBalancerTask.java:processMoveSelection(569)) - ContainerBalancer is trying to move container #49 with size 1073741824B from source datanode 59929441-40ce-4874-9739-e5c44aba0b91 to target datanode 793d7bd3-4558-4f31-ae57-e700bb41fb0e
2023-09-14 09:00:50,232 [main] DEBUG balancer.ContainerBalancerTask (ContainerBalancerTask.java:lambda$moveContainer$3(837)) - Container move completed for container #49 from source 59929441-40ce-4874-9739-e5c44aba0b91 to target 793d7bd3-4558-4f31-ae57-e700bb41fb0e
2023-09-14 09:00:50,234 [main] DEBUG balancer.ContainerBalancerTask (ContainerBalancerTask.java:matchSourceWithTarget(708)) - ContainerBalancer is finding suitable target for source datanode 31bdc775-6c1f-45a4-ac1f-d14668cb28ea
2023-09-14 09:00:50,234 [main] INFO  balancer.ContainerBalancerTask (ContainerBalancerTask.java:matchSourceWithTarget(722)) - ContainerBalancer matched source datanode 31bdc775-6c1f-45a4-ac1f-d14668cb28ea with target datanode 793d7bd3-4558-4f31-ae57-e700bb41fb0e for container move.
2023-09-14 09:00:50,234 [main] INFO  balancer.ContainerBalancerTask (ContainerBalancerTask.java:processMoveSelection(569)) - ContainerBalancer is trying to move container #19 with size 4294967296B from source datanode 31bdc775-6c1f-45a4-ac1f-d14668cb28ea to target datanode 793d7bd3-4558-4f31-ae57-e700bb41fb0e
2023-09-14 09:00:50,234 [main] DEBUG balancer.ContainerBalancerTask (ContainerBalancerTask.java:lambda$moveContainer$3(837)) - Container move completed for container #19 from source 31bdc775-6c1f-45a4-ac1f-d14668cb28ea to target 793d7bd3-4558-4f31-ae57-e700bb41fb0e
2023-09-14 09:00:50,236 [main] DEBUG balancer.ContainerBalancerTask (ContainerBalancerTask.java:matchSourceWithTarget(708)) - ContainerBalancer is finding suitable target for source datanode 59929441-40ce-4874-9739-e5c44aba0b91
2023-09-14 09:00:50,236 [main] INFO  balancer.ContainerBalancerTask (ContainerBalancerTask.java:matchSourceWithTarget(722)) - ContainerBalancer matched source datanode 59929441-40ce-4874-9739-e5c44aba0b91 with target datanode 793d7bd3-4558-4f31-ae57-e700bb41fb0e for container move.
2023-09-14 09:00:50,236 [main] INFO  balancer.ContainerBalancerTask (ContainerBalancerTask.java:processMoveSelection(569)) - ContainerBalancer is trying to move container #41 with size 1073741824B from source datanode 59929441-40ce-4874-9739-e5c44aba0b91 to target datanode 793d7bd3-4558-4f31-ae57-e700bb41fb0e
2023-09-14 09:00:50,237 [main] DEBUG balancer.ContainerBalancerTask (ContainerBalancerTask.java:lambda$moveContainer$3(837)) - Container move completed for container #41 from source 59929441-40ce-4874-9739-e5c44aba0b91 to target 793d7bd3-4558-4f31-ae57-e700bb41fb0e
2023-09-14 09:00:50,238 [main] DEBUG balancer.ContainerBalancerTask (ContainerBalancerTask.java:matchSourceWithTarget(708)) - ContainerBalancer is finding suitable target for source datanode 2c939685-5522-4b04-973e-8ef61741f63f
2023-09-14 09:00:50,238 [main] INFO  balancer.ContainerBalancerTask (ContainerBalancerTask.java:matchSourceWithTarget(722)) - ContainerBalancer matched source datanode 2c939685-5522-4b04-973e-8ef61741f63f with target datanode 793d7bd3-4558-4f31-ae57-e700bb41fb0e for container move.
2023-09-14 09:00:50,238 [main] INFO  balancer.ContainerBalancerTask (ContainerBalancerTask.java:processMoveSelection(569)) - ContainerBalancer is trying to move container #82 with size 2147483648B from source datanode 2c939685-5522-4b04-973e-8ef61741f63f to target datanode 793d7bd3-4558-4f31-ae57-e700bb41fb0e
2023-09-14 09:00:50,238 [main] DEBUG balancer.ContainerBalancerTask (ContainerBalancerTask.java:lambda$moveContainer$3(837)) - Container move completed for container #82 from source 2c939685-5522-4b04-973e-8ef61741f63f to target 793d7bd3-4558-4f31-ae57-e700bb41fb0e
2023-09-14 09:00:50,240 [main] DEBUG balancer.ContainerBalancerTask (ContainerBalancerTask.java:matchSourceWithTarget(708)) - ContainerBalancer is finding suitable target for source datanode 59929441-40ce-4874-9739-e5c44aba0b91
2023-09-14 09:00:50,240 [main] INFO  balancer.ContainerBalancerTask (ContainerBalancerTask.java:matchSourceWithTarget(722)) - ContainerBalancer matched source datanode 59929441-40ce-4874-9739-e5c44aba0b91 with target datanode 793d7bd3-4558-4f31-ae57-e700bb41fb0e for container move.
2023-09-14 09:00:50,240 [main] INFO  balancer.ContainerBalancerTask (ContainerBalancerTask.java:processMoveSelection(569)) - ContainerBalancer is trying to move container #1 with size 1073741824B from source datanode 59929441-40ce-4874-9739-e5c44aba0b91 to target datanode 793d7bd3-4558-4f31-ae57-e700bb41fb0e
2023-09-14 09:00:50,243 [main] DEBUG balancer.ContainerBalancerTask (ContainerBalancerTask.java:lambda$moveContainer$3(837)) - Container move completed for container #1 from source 59929441-40ce-4874-9739-e5c44aba0b91 to target 793d7bd3-4558-4f31-ae57-e700bb41fb0e
2023-09-14 09:00:50,244 [main] DEBUG balancer.ContainerBalancerTask (ContainerBalancerTask.java:matchSourceWithTarget(708)) - ContainerBalancer is finding suitable target for source datanode 59929441-40ce-4874-9739-e5c44aba0b91
2023-09-14 09:00:50,244 [main] INFO  balancer.ContainerBalancerTask (ContainerBalancerTask.java:matchSourceWithTarget(722)) - ContainerBalancer matched source datanode 59929441-40ce-4874-9739-e5c44aba0b91 with target datanode 09d4c364-f8fe-4d8c-b800-ec6182176abb for container move.
2023-09-14 09:00:50,245 [main] INFO  balancer.ContainerBalancerTask (ContainerBalancerTask.java:processMoveSelection(569)) - ContainerBalancer is trying to move container #37 with size 2147483648B from source datanode 59929441-40ce-4874-9739-e5c44aba0b91 to target datanode 09d4c364-f8fe-4d8c-b800-ec6182176abb
2023-09-14 09:00:50,245 [main] DEBUG balancer.ContainerBalancerTask (ContainerBalancerTask.java:lambda$moveContainer$3(837)) - Container move completed for container #37 from source 59929441-40ce-4874-9739-e5c44aba0b91 to target 09d4c364-f8fe-4d8c-b800-ec6182176abb
2023-09-14 09:00:50,246 [main] DEBUG balancer.ContainerBalancerTask (ContainerBalancerTask.java:matchSourceWithTarget(701)) - ContainerBalancer could not find any candidate containers for datanode 2c939685-5522-4b04-973e-8ef61741f63f
2023-09-14 09:00:50,247 [main] DEBUG balancer.ContainerBalancerTask (ContainerBalancerTask.java:matchSourceWithTarget(708)) - ContainerBalancer is finding suitable target for source datanode 79e01e7b-945a-436a-af8e-e6ebcd97970c
2023-09-14 09:00:50,248 [main] INFO  balancer.ContainerBalancerTask (ContainerBalancerTask.java:matchSourceWithTarget(722)) - ContainerBalancer matched source datanode 79e01e7b-945a-436a-af8e-e6ebcd97970c with target datanode 793d7bd3-4558-4f31-ae57-e700bb41fb0e for container move.
2023-09-14 09:00:50,248 [main] INFO  balancer.ContainerBalancerTask (ContainerBalancerTask.java:processMoveSelection(569)) - ContainerBalancer is trying to move container #38 with size 3221225472B from source datanode 79e01e7b-945a-436a-af8e-e6ebcd97970c to target datanode 793d7bd3-4558-4f31-ae57-e700bb41fb0e
2023-09-14 09:00:50,248 [main] DEBUG balancer.ContainerBalancerTask (ContainerBalancerTask.java:lambda$moveContainer$3(837)) - Container move completed for container #38 from source 79e01e7b-945a-436a-af8e-e6ebcd97970c to target 793d7bd3-4558-4f31-ae57-e700bb41fb0e
2023-09-14 09:00:50,250 [main] DEBUG balancer.ContainerBalancerTask (ContainerBalancerTask.java:matchSourceWithTarget(708)) - ContainerBalancer is finding suitable target for source datanode 532a6514-e98e-4346-873a-9eb98bc2652e
2023-09-14 09:00:50,250 [main] INFO  balancer.ContainerBalancerTask (ContainerBalancerTask.java:matchSourceWithTarget(722)) - ContainerBalancer matched source datanode 532a6514-e98e-4346-873a-9eb98bc2652e with target datanode 793d7bd3-4558-4f31-ae57-e700bb41fb0e for container move.
2023-09-14 09:00:50,250 [main] INFO  balancer.ContainerBalancerTask (ContainerBalancerTask.java:processMoveSelection(569)) - ContainerBalancer is trying to move container #17 with size 2147483648B from source datanode 532a6514-e98e-4346-873a-9eb98bc2652e to target datanode 793d7bd3-4558-4f31-ae57-e700bb41fb0e
2023-09-14 09:00:50,250 [main] DEBUG balancer.ContainerBalancerTask (ContainerBalancerTask.java:lambda$moveContainer$3(837)) - Container move completed for container #17 from source 532a6514-e98e-4346-873a-9eb98bc2652e to target 793d7bd3-4558-4f31-ae57-e700bb41fb0e
2023-09-14 09:00:50,252 [main] DEBUG balancer.ContainerBalancerTask (ContainerBalancerTask.java:matchSourceWithTarget(701)) - ContainerBalancer could not find any candidate containers for datanode 31bdc775-6c1f-45a4-ac1f-d14668cb28ea
2023-09-14 09:00:50,253 [main] DEBUG balancer.ContainerBalancerTask (ContainerBalancerTask.java:matchSourceWithTarget(708)) - ContainerBalancer is finding suitable target for source datanode 59929441-40ce-4874-9739-e5c44aba0b91
2023-09-14 09:00:50,254 [main] INFO  balancer.ContainerBalancerTask (ContainerBalancerTask.java:matchSourceWithTarget(722)) - ContainerBalancer matched source datanode 59929441-40ce-4874-9739-e5c44aba0b91 with target datanode 09d4c364-f8fe-4d8c-b800-ec6182176abb for container move.
2023-09-14 09:00:50,254 [main] INFO  balancer.ContainerBalancerTask (ContainerBalancerTask.java:processMoveSelection(569)) - ContainerBalancer is trying to move container #5 with size 2147483648B from source datanode 59929441-40ce-4874-9739-e5c44aba0b91 to target datanode 09d4c364-f8fe-4d8c-b800-ec6182176abb
2023-09-14 09:00:50,254 [main] DEBUG balancer.ContainerBalancerTask (ContainerBalancerTask.java:lambda$moveContainer$3(837)) - Container move completed for container #5 from source 59929441-40ce-4874-9739-e5c44aba0b91 to target 09d4c364-f8fe-4d8c-b800-ec6182176abb
2023-09-14 09:00:50,255 [main] DEBUG balancer.ContainerBalancerTask (ContainerBalancerTask.java:matchSourceWithTarget(701)) - ContainerBalancer could not find any candidate containers for datanode 79e01e7b-945a-436a-af8e-e6ebcd97970c
2023-09-14 09:00:50,257 [main] DEBUG balancer.ContainerBalancerTask (ContainerBalancerTask.java:matchSourceWithTarget(701)) - ContainerBalancer could not find any candidate containers for datanode 59929441-40ce-4874-9739-e5c44aba0b91
2023-09-14 09:00:50,258 [main] DEBUG balancer.ContainerBalancerTask (ContainerBalancerTask.java:matchSourceWithTarget(701)) - ContainerBalancer could not find any candidate containers for datanode 532a6514-e98e-4346-873a-9eb98bc2652e
2023-09-14 09:00:50,259 [main] INFO  balancer.FindSourceGreedy (FindSourceGreedy.java:getNextCandidateSourceDataNode(126)) - no more candidate source data node
2023-09-14 09:00:50,259 [main] INFO  balancer.ContainerBalancerTask (ContainerBalancerTask.java:checkIterationMoveResults(642)) - Iteration Summary. Number of Datanodes involved: 8. Size moved: 98 GB (105226698752 Bytes). Number of Container moves completed: 36.
2023-09-14 09:00:50,259 [main] INFO  balancer.ContainerBalancerTask (ContainerBalancerTask.java:balance(259)) - Result of this iteration of Container Balancer: ITERATION_COMPLETED
2023-09-14 09:00:50,259 [main] INFO  balancer.ContainerBalancerTask (ContainerBalancerTask.java:tryStopWithSaveConfiguration(308)) - Save Configuration for stopping. Reason: Completed all iterations.
]]></system-out>
  </testcase>
  <testcase name="balancerShouldNotSelectNonClosedContainerReplicas" classname="org.apache.hadoop.hdds.scm.container.balancer.TestContainerBalancerTask" time="0.045">
    <system-out><![CDATA[2023-09-14 09:00:50,287 [main] INFO  net.NodeSchemaLoader (NodeSchemaLoader.java:loadSchemaFromFile(129)) - Loading schema from [file:/home/runner/work/ozone/ozone/hadoop-hdds/common/target/classes/network-topology-default.xml]
2023-09-14 09:00:50,287 [main] INFO  net.NodeSchemaLoader (NodeSchemaLoader.java:loadSchema(176)) - Loading network topology layer schema file
2023-09-14 09:00:50,289 [main] INFO  net.NetworkTopologyImpl (NetworkTopologyImpl.java:add(112)) - Added a new node: /default-rack/874c8a35-d27b-4675-ae3f-22156658d734
2023-09-14 09:00:50,289 [main] INFO  net.NetworkTopologyImpl (NetworkTopologyImpl.java:add(112)) - Added a new node: /default-rack/8e33ac1a-79e9-4fce-bcaa-78d4f6878b16
2023-09-14 09:00:50,289 [main] INFO  net.NetworkTopologyImpl (NetworkTopologyImpl.java:add(112)) - Added a new node: /default-rack/d5d26fd7-0072-4e70-9112-5f316230bbf7
2023-09-14 09:00:50,289 [main] INFO  net.NetworkTopologyImpl (NetworkTopologyImpl.java:add(112)) - Added a new node: /default-rack/12d7b8f7-5776-4ed9-8013-f6142a61d7dc
2023-09-14 09:00:50,289 [main] INFO  net.NetworkTopologyImpl (NetworkTopologyImpl.java:add(112)) - Added a new node: /default-rack/c798ad41-28e7-4f65-8d2d-43cbc037d6a2
2023-09-14 09:00:50,289 [main] INFO  net.NetworkTopologyImpl (NetworkTopologyImpl.java:add(112)) - Added a new node: /default-rack/feedc29e-aec4-46a8-a326-4a37c560cc27
2023-09-14 09:00:50,289 [main] INFO  net.NetworkTopologyImpl (NetworkTopologyImpl.java:add(112)) - Added a new node: /default-rack/0204caaf-9426-43a2-85b8-6f8ecc264f76
2023-09-14 09:00:50,290 [main] INFO  net.NetworkTopologyImpl (NetworkTopologyImpl.java:add(112)) - Added a new node: /default-rack/d5893571-2cc8-40d4-bc92-9ea115b6e7f8
2023-09-14 09:00:50,290 [main] INFO  net.NetworkTopologyImpl (NetworkTopologyImpl.java:add(112)) - Added a new node: /default-rack/e4b6fd44-8c7b-4325-9f79-d195e9413cea
2023-09-14 09:00:50,290 [main] INFO  net.NetworkTopologyImpl (NetworkTopologyImpl.java:add(112)) - Added a new node: /default-rack/4ff155c2-c34c-4a76-9c29-c5788a409bd7
2023-09-14 09:00:50,290 [main] INFO  algorithms.ContainerPlacementPolicyFactory (ContainerPlacementPolicyFactory.java:getPolicyInternal(86)) - Create container placement policy of type org.apache.hadoop.hdds.scm.container.placement.algorithms.SCMContainerPlacementRackAware
2023-09-14 09:00:50,290 [main] INFO  algorithms.ContainerPlacementPolicyFactory (ContainerPlacementPolicyFactory.java:getPolicyInternal(86)) - Create container placement policy of type org.apache.hadoop.hdds.scm.container.placement.algorithms.SCMContainerPlacementRackScatter
2023-09-14 09:00:50,295 [main] DEBUG balancer.ContainerBalancerTask (ContainerBalancerTask.java:initializeIteration(374)) - Average utilization of the cluster is 0.33256469019008766
2023-09-14 09:00:50,295 [main] DEBUG balancer.ContainerBalancerTask (ContainerBalancerTask.java:initializeIteration(386)) - Lower limit for utilization is 0.23256469019008766 and Upper limit for utilization is 0.4325646901900877
2023-09-14 09:00:50,295 [main] DEBUG balancer.ContainerBalancerTask (ContainerBalancerTask.java:initializeIteration(398)) - Utilization for node 4ff155c2-c34c-4a76-9c29-c5788a409bd7 with capacity 45335765902B, used 40802189312B, and remaining 4533576590B is 0.9000000000044115
2023-09-14 09:00:50,295 [main] DEBUG balancer.ContainerBalancerTask (ContainerBalancerTask.java:initializeIteration(398)) - Utilization for node 12d7b8f7-5776-4ed9-8013-f6142a61d7dc with capacity 72477573120B, used 57982058496B, and remaining 14495514624B is 0.8
2023-09-14 09:00:50,295 [main] DEBUG balancer.ContainerBalancerTask (ContainerBalancerTask.java:initializeIteration(398)) - Utilization for node e4b6fd44-8c7b-4325-9f79-d195e9413cea with capacity 56754924982B, used 39728447488B, and remaining 17026477494B is 0.7000000000105717
2023-09-14 09:00:50,295 [main] DEBUG balancer.ContainerBalancerTask (ContainerBalancerTask.java:initializeIteration(398)) - Utilization for node d5893571-2cc8-40d4-bc92-9ea115b6e7f8 with capacity 73372357973B, used 44023414784B, and remaining 29348943189B is 0.6000000000027258
2023-09-14 09:00:50,295 [main] DEBUG balancer.ContainerBalancerTask (ContainerBalancerTask.java:initializeIteration(398)) - Utilization for node c798ad41-28e7-4f65-8d2d-43cbc037d6a2 with capacity 124554051584B, used 62277025792B, and remaining 62277025792B is 0.5
2023-09-14 09:00:50,295 [main] DEBUG balancer.ContainerBalancerTask (ContainerBalancerTask.java:initializeIteration(398)) - Utilization for node 8e33ac1a-79e9-4fce-bcaa-78d4f6878b16 with capacity 123480309760B, used 49392123904B, and remaining 74088185856B is 0.4
2023-09-14 09:00:50,295 [main] DEBUG balancer.ContainerBalancerTask (ContainerBalancerTask.java:initializeIteration(398)) - Utilization for node d5d26fd7-0072-4e70-9112-5f316230bbf7 with capacity 114532461226B, used 34359738368B, and remaining 80172722858B is 0.3000000000017462
2023-09-14 09:00:50,296 [main] DEBUG balancer.ContainerBalancerTask (ContainerBalancerTask.java:initializeIteration(398)) - Utilization for node 0204caaf-9426-43a2-85b8-6f8ecc264f76 with capacity 177167400960B, used 35433480192B, and remaining 141733920768B is 0.2
2023-09-14 09:00:50,296 [main] DEBUG balancer.ContainerBalancerTask (ContainerBalancerTask.java:initializeIteration(398)) - Utilization for node feedc29e-aec4-46a8-a326-4a37c560cc27 with capacity 354334801920B, used 35433480192B, and remaining 318901321728B is 0.1
2023-09-14 09:00:50,296 [main] DEBUG balancer.ContainerBalancerTask (ContainerBalancerTask.java:initializeIteration(398)) - Utilization for node 874c8a35-d27b-4675-ae3f-22156658d734 with capacity 59055800320B, used 0B, and remaining 59055800320B is 0.0
2023-09-14 09:00:50,296 [main] INFO  balancer.ContainerBalancerTask (ContainerBalancerTask.java:initializeIteration(447)) - Container Balancer has identified 5 Over-Utilized and 3 Under-Utilized Datanodes that need to be balanced.
2023-09-14 09:00:50,296 [main] DEBUG balancer.ContainerBalancerTask (ContainerBalancerTask.java:lambda$initializeIteration$1(453)) - Datanode localhost-111.41.149.162 4ff155c2-c34c-4a76-9c29-c5788a409bd7 is Over-Utilized.
2023-09-14 09:00:50,296 [main] DEBUG balancer.ContainerBalancerTask (ContainerBalancerTask.java:lambda$initializeIteration$1(453)) - Datanode localhost-238.196.212.138 12d7b8f7-5776-4ed9-8013-f6142a61d7dc is Over-Utilized.
2023-09-14 09:00:50,296 [main] DEBUG balancer.ContainerBalancerTask (ContainerBalancerTask.java:lambda$initializeIteration$1(453)) - Datanode localhost-226.16.117.221 e4b6fd44-8c7b-4325-9f79-d195e9413cea is Over-Utilized.
2023-09-14 09:00:50,296 [main] DEBUG balancer.ContainerBalancerTask (ContainerBalancerTask.java:lambda$initializeIteration$1(453)) - Datanode localhost-105.65.178.136 d5893571-2cc8-40d4-bc92-9ea115b6e7f8 is Over-Utilized.
2023-09-14 09:00:50,296 [main] DEBUG balancer.ContainerBalancerTask (ContainerBalancerTask.java:lambda$initializeIteration$1(453)) - Datanode localhost-78.53.14.197 c798ad41-28e7-4f65-8d2d-43cbc037d6a2 is Over-Utilized.
2023-09-14 09:00:50,296 [main] DEBUG balancer.ContainerBalancerTask (ContainerBalancerTask.java:lambda$initializeIteration$2(459)) - Datanode localhost-188.169.108.54 874c8a35-d27b-4675-ae3f-22156658d734 is Under-Utilized.
2023-09-14 09:00:50,296 [main] DEBUG balancer.ContainerBalancerTask (ContainerBalancerTask.java:lambda$initializeIteration$2(459)) - Datanode localhost-17.196.143.162 feedc29e-aec4-46a8-a326-4a37c560cc27 is Under-Utilized.
2023-09-14 09:00:50,297 [main] DEBUG balancer.ContainerBalancerTask (ContainerBalancerTask.java:lambda$initializeIteration$2(459)) - Datanode localhost-78.174.91.137 0204caaf-9426-43a2-85b8-6f8ecc264f76 is Under-Utilized.
2023-09-14 09:00:50,298 [main] DEBUG balancer.ContainerBalancerTask (ContainerBalancerTask.java:matchSourceWithTarget(701)) - ContainerBalancer could not find any candidate containers for datanode 4ff155c2-c34c-4a76-9c29-c5788a409bd7
2023-09-14 09:00:50,300 [main] DEBUG balancer.ContainerBalancerTask (ContainerBalancerTask.java:matchSourceWithTarget(701)) - ContainerBalancer could not find any candidate containers for datanode 12d7b8f7-5776-4ed9-8013-f6142a61d7dc
2023-09-14 09:00:50,302 [main] DEBUG balancer.ContainerBalancerTask (ContainerBalancerTask.java:matchSourceWithTarget(701)) - ContainerBalancer could not find any candidate containers for datanode e4b6fd44-8c7b-4325-9f79-d195e9413cea
2023-09-14 09:00:50,304 [main] DEBUG balancer.ContainerBalancerTask (ContainerBalancerTask.java:matchSourceWithTarget(701)) - ContainerBalancer could not find any candidate containers for datanode d5893571-2cc8-40d4-bc92-9ea115b6e7f8
2023-09-14 09:00:50,306 [main] DEBUG balancer.ContainerBalancerTask (ContainerBalancerTask.java:matchSourceWithTarget(701)) - ContainerBalancer could not find any candidate containers for datanode c798ad41-28e7-4f65-8d2d-43cbc037d6a2
2023-09-14 09:00:50,306 [main] INFO  balancer.FindSourceGreedy (FindSourceGreedy.java:getNextCandidateSourceDataNode(126)) - no more candidate source data node
2023-09-14 09:00:50,306 [main] INFO  balancer.ContainerBalancerTask (ContainerBalancerTask.java:balance(259)) - Result of this iteration of Container Balancer: CAN_NOT_BALANCE_ANY_MORE
2023-09-14 09:00:50,306 [main] INFO  balancer.ContainerBalancerTask (ContainerBalancerTask.java:tryStopWithSaveConfiguration(308)) - Save Configuration for stopping. Reason: CAN_NOT_BALANCE_ANY_MORE
]]></system-out>
  </testcase>
  <testcase name="testDelayedStart" classname="org.apache.hadoop.hdds.scm.container.balancer.TestContainerBalancerTask" time="0.075">
    <error type="java.util.concurrent.TimeoutException"><![CDATA[java.util.concurrent.TimeoutException: 
Timed out waiting for condition. Thread diagnostics:
Timestamp: 2023-09-14 09:00:50,367

"Thread-10"  prio=5 tid=21 timed_waiting
java.lang.Thread.State: TIMED_WAITING
        at java.lang.Thread.sleep(Native Method)
        at org.apache.hadoop.hdds.scm.container.balancer.TestContainerBalancerTask.lambda$genCompletableFuture$15(TestContainerBalancerTask.java:1332)
        at org.apache.hadoop.hdds.scm.container.balancer.TestContainerBalancerTask$$Lambda$437/347766549.get(Unknown Source)
        at java.util.concurrent.CompletableFuture$AsyncSupply.run(CompletableFuture.java:1604)
        at java.lang.Thread.run(Thread.java:750)
"Thread-13"  prio=5 tid=24 timed_waiting
java.lang.Thread.State: TIMED_WAITING
        at java.lang.Thread.sleep(Native Method)
        at org.apache.hadoop.hdds.scm.container.balancer.TestContainerBalancerTask.lambda$genCompletableFuture$15(TestContainerBalancerTask.java:1332)
        at org.apache.hadoop.hdds.scm.container.balancer.TestContainerBalancerTask$$Lambda$437/347766549.get(Unknown Source)
        at java.util.concurrent.CompletableFuture$AsyncSupply.run(CompletableFuture.java:1604)
        at java.lang.Thread.run(Thread.java:750)
"Thread-16"  prio=5 tid=27 timed_waiting
java.lang.Thread.State: TIMED_WAITING
        at java.lang.Thread.sleep(Native Method)
        at org.apache.hadoop.hdds.scm.container.balancer.TestContainerBalancerTask.lambda$genCompletableFuture$15(TestContainerBalancerTask.java:1332)
        at org.apache.hadoop.hdds.scm.container.balancer.TestContainerBalancerTask$$Lambda$437/347766549.get(Unknown Source)
        at java.util.concurrent.CompletableFuture$AsyncSupply.run(CompletableFuture.java:1604)
        at java.lang.Thread.run(Thread.java:750)
"Finalizer" daemon prio=8 tid=3 runnable
java.lang.Thread.State: RUNNABLE
        at java.lang.Object.wait(Native Method)
        at java.lang.ref.ReferenceQueue.remove(ReferenceQueue.java:144)
        at java.lang.ref.ReferenceQueue.remove(ReferenceQueue.java:165)
        at java.lang.ref.Finalizer$FinalizerThread.run(Finalizer.java:188)
"Thread-19"  prio=5 tid=30 timed_waiting
java.lang.Thread.State: TIMED_WAITING
        at java.lang.Thread.sleep(Native Method)
        at org.apache.hadoop.hdds.scm.container.balancer.TestContainerBalancerTask.lambda$genCompletableFuture$15(TestContainerBalancerTask.java:1332)
        at org.apache.hadoop.hdds.scm.container.balancer.TestContainerBalancerTask$$Lambda$437/347766549.get(Unknown Source)
        at java.util.concurrent.CompletableFuture$AsyncSupply.run(CompletableFuture.java:1604)
        at java.lang.Thread.run(Thread.java:750)
"Thread-15"  prio=5 tid=26 timed_waiting
java.lang.Thread.State: TIMED_WAITING
        at java.lang.Thread.sleep(Native Method)
        at org.apache.hadoop.hdds.scm.container.balancer.TestContainerBalancerTask.lambda$genCompletableFuture$15(TestContainerBalancerTask.java:1332)
        at org.apache.hadoop.hdds.scm.container.balancer.TestContainerBalancerTask$$Lambda$437/347766549.get(Unknown Source)
        at java.util.concurrent.CompletableFuture$AsyncSupply.run(CompletableFuture.java:1604)
        at java.lang.Thread.run(Thread.java:750)
"Thread-9"  prio=5 tid=20 timed_waiting
java.lang.Thread.State: TIMED_WAITING
        at java.lang.Thread.sleep(Native Method)
        at org.apache.hadoop.hdds.scm.container.balancer.TestContainerBalancerTask.lambda$genCompletableFuture$15(TestContainerBalancerTask.java:1332)
        at org.apache.hadoop.hdds.scm.container.balancer.TestContainerBalancerTask$$Lambda$437/347766549.get(Unknown Source)
        at java.util.concurrent.CompletableFuture$AsyncSupply.run(CompletableFuture.java:1604)
        at java.lang.Thread.run(Thread.java:750)
"Attach Listener" daemon prio=9 tid=12 runnable
java.lang.Thread.State: RUNNABLE
"Thread-12"  prio=5 tid=23 timed_waiting
java.lang.Thread.State: TIMED_WAITING
        at java.lang.Thread.sleep(Native Method)
        at org.apache.hadoop.hdds.scm.container.balancer.TestContainerBalancerTask.lambda$genCompletableFuture$15(TestContainerBalancerTask.java:1332)
        at org.apache.hadoop.hdds.scm.container.balancer.TestContainerBalancerTask$$Lambda$437/347766549.get(Unknown Source)
        at java.util.concurrent.CompletableFuture$AsyncSupply.run(CompletableFuture.java:1604)
        at java.lang.Thread.run(Thread.java:750)
"Thread-20"  prio=5 tid=31 timed_waiting
java.lang.Thread.State: TIMED_WAITING
        at java.lang.Thread.sleep(Native Method)
        at org.apache.hadoop.hdds.scm.container.balancer.TestContainerBalancerTask.lambda$genCompletableFuture$15(TestContainerBalancerTask.java:1332)
        at org.apache.hadoop.hdds.scm.container.balancer.TestContainerBalancerTask$$Lambda$437/347766549.get(Unknown Source)
        at java.util.concurrent.CompletableFuture$AsyncSupply.run(CompletableFuture.java:1604)
        at java.lang.Thread.run(Thread.java:750)
"Thread-18"  prio=5 tid=29 timed_waiting
java.lang.Thread.State: TIMED_WAITING
        at java.lang.Thread.sleep(Native Method)
        at org.apache.hadoop.hdds.scm.container.balancer.TestContainerBalancerTask.lambda$genCompletableFuture$15(TestContainerBalancerTask.java:1332)
        at org.apache.hadoop.hdds.scm.container.balancer.TestContainerBalancerTask$$Lambda$437/347766549.get(Unknown Source)
        at java.util.concurrent.CompletableFuture$AsyncSupply.run(CompletableFuture.java:1604)
        at java.lang.Thread.run(Thread.java:750)
"process reaper" daemon prio=10 tid=13 timed_waiting
java.lang.Thread.State: TIMED_WAITING
        at sun.misc.Unsafe.park(Native Method)
        at java.util.concurrent.locks.LockSupport.parkNanos(LockSupport.java:215)
        at java.util.concurrent.SynchronousQueue$TransferStack.awaitFulfill(SynchronousQueue.java:460)
        at java.util.concurrent.SynchronousQueue$TransferStack.transfer(SynchronousQueue.java:362)
        at java.util.concurrent.SynchronousQueue.poll(SynchronousQueue.java:941)
        at java.util.concurrent.ThreadPoolExecutor.getTask(ThreadPoolExecutor.java:1073)
        at java.util.concurrent.ThreadPoolExecutor.runWorker(ThreadPoolExecutor.java:1134)
        at java.util.concurrent.ThreadPoolExecutor$Worker.run(ThreadPoolExecutor.java:624)
        at java.lang.Thread.run(Thread.java:750)
"main"  prio=5 tid=1 runnable
java.lang.Thread.State: RUNNABLE
        at java.lang.Thread.dumpThreads(Native Method)
        at java.lang.Thread.getAllStackTraces(Thread.java:1615)
        at org.apache.ozone.test.TimedOutTestsListener.buildThreadDump(TimedOutTestsListener.java:93)
        at org.apache.ozone.test.TimedOutTestsListener.buildThreadDiagnosticString(TimedOutTestsListener.java:79)
        at org.apache.ozone.test.GenericTestUtils.waitFor(GenericTestUtils.java:231)
        at org.apache.hadoop.hdds.scm.container.balancer.TestContainerBalancerTask.testDelayedStart(TestContainerBalancerTask.java:1078)
        at sun.reflect.NativeMethodAccessorImpl.invoke0(Native Method)
        at sun.reflect.NativeMethodAccessorImpl.invoke(NativeMethodAccessorImpl.java:62)
        at sun.reflect.DelegatingMethodAccessorImpl.invoke(DelegatingMethodAccessorImpl.java:43)
        at java.lang.reflect.Method.invoke(Method.java:498)
        at org.junit.platform.commons.util.ReflectionUtils.invokeMethod(ReflectionUtils.java:725)
        at org.junit.jupiter.engine.execution.MethodInvocation.proceed(MethodInvocation.java:60)
        at org.junit.jupiter.engine.execution.InvocationInterceptorChain$ValidatingInvocation.proceed(InvocationInterceptorChain.java:131)
        at org.junit.jupiter.engine.extension.TimeoutExtension.intercept(TimeoutExtension.java:149)
        at org.junit.jupiter.engine.extension.TimeoutExtension.interceptTestableMethod(TimeoutExtension.java:140)
        at org.junit.jupiter.engine.extension.TimeoutExtension.interceptTestMethod(TimeoutExtension.java:84)
        at org.junit.jupiter.engine.descriptor.TestMethodTestDescriptor$$Lambda$158/1954471782.apply(Unknown Source)
        at org.junit.jupiter.engine.execution.ExecutableInvoker$ReflectiveInterceptorCall.lambda$ofVoidMethod$0(ExecutableInvoker.java:115)
        at org.junit.jupiter.engine.execution.ExecutableInvoker$ReflectiveInterceptorCall$$Lambda$159/1950701640.apply(Unknown Source)
        at org.junit.jupiter.engine.execution.ExecutableInvoker.lambda$invoke$0(ExecutableInvoker.java:105)
        at org.junit.jupiter.engine.execution.ExecutableInvoker$$Lambda$317/295180183.apply(Unknown Source)
        at org.junit.jupiter.engine.execution.InvocationInterceptorChain$InterceptedInvocation.proceed(InvocationInterceptorChain.java:106)
        at org.junit.jupiter.engine.execution.InvocationInterceptorChain.proceed(InvocationInterceptorChain.java:64)
        at org.junit.jupiter.engine.execution.InvocationInterceptorChain.chainAndInvoke(InvocationInterceptorChain.java:45)
        at org.junit.jupiter.engine.execution.InvocationInterceptorChain.invoke(InvocationInterceptorChain.java:37)
        at org.junit.jupiter.engine.execution.ExecutableInvoker.invoke(ExecutableInvoker.java:104)
        at org.junit.jupiter.engine.execution.ExecutableInvoker.invoke(ExecutableInvoker.java:98)
        at org.junit.jupiter.engine.descriptor.TestMethodTestDescriptor.lambda$invokeTestMethod$7(TestMethodTestDescriptor.java:214)
        at org.junit.jupiter.engine.descriptor.TestMethodTestDescriptor$$Lambda$379/876029877.execute(Unknown Source)
        at org.junit.platform.engine.support.hierarchical.ThrowableCollector.execute(ThrowableCollector.java:73)
        at org.junit.jupiter.engine.descriptor.TestMethodTestDescriptor.invokeTestMethod(TestMethodTestDescriptor.java:210)
        at org.junit.jupiter.engine.descriptor.TestMethodTestDescriptor.execute(TestMethodTestDescriptor.java:135)
        at org.junit.jupiter.engine.descriptor.TestMethodTestDescriptor.execute(TestMethodTestDescriptor.java:66)
        at org.junit.platform.engine.support.hierarchical.NodeTestTask.lambda$executeRecursively$6(NodeTestTask.java:151)
        at org.junit.platform.engine.support.hierarchical.NodeTestTask$$Lambda$258/1579957528.execute(Unknown Source)
        at org.junit.platform.engine.support.hierarchical.ThrowableCollector.execute(ThrowableCollector.java:73)
        at org.junit.platform.engine.support.hierarchical.NodeTestTask.lambda$executeRecursively$8(NodeTestTask.java:141)
        at org.junit.platform.engine.support.hierarchical.NodeTestTask$$Lambda$257/2050339061.invoke(Unknown Source)
        at org.junit.platform.engine.support.hierarchical.Node.around(Node.java:137)
        at org.junit.platform.engine.support.hierarchical.NodeTestTask.lambda$executeRecursively$9(NodeTestTask.java:139)
        at org.junit.platform.engine.support.hierarchical.NodeTestTask$$Lambda$256/405215542.execute(Unknown Source)
        at org.junit.platform.engine.support.hierarchical.ThrowableCollector.execute(ThrowableCollector.java:73)
        at org.junit.platform.engine.support.hierarchical.NodeTestTask.executeRecursively(NodeTestTask.java:138)
        at org.junit.platform.engine.support.hierarchical.NodeTestTask.execute(NodeTestTask.java:95)
        at org.junit.platform.engine.support.hierarchical.SameThreadHierarchicalTestExecutorService$$Lambda$262/384515747.accept(Unknown Source)
        at java.util.ArrayList.forEach(ArrayList.java:1259)
        at org.junit.platform.engine.support.hierarchical.SameThreadHierarchicalTestExecutorService.invokeAll(SameThreadHierarchicalTestExecutorService.java:41)
        at org.junit.platform.engine.support.hierarchical.NodeTestTask.lambda$executeRecursively$6(NodeTestTask.java:155)
        at org.junit.platform.engine.support.hierarchical.NodeTestTask$$Lambda$258/1579957528.execute(Unknown Source)
        at org.junit.platform.engine.support.hierarchical.ThrowableCollector.execute(ThrowableCollector.java:73)
        at org.junit.platform.engine.support.hierarchical.NodeTestTask.lambda$executeRecursively$8(NodeTestTask.java:141)
        at org.junit.platform.engine.support.hierarchical.NodeTestTask$$Lambda$257/2050339061.invoke(Unknown Source)
        at org.junit.platform.engine.support.hierarchical.Node.around(Node.java:137)
        at org.junit.platform.engine.support.hierarchical.NodeTestTask.lambda$executeRecursively$9(NodeTestTask.java:139)
        at org.junit.platform.engine.support.hierarchical.NodeTestTask$$Lambda$256/405215542.execute(Unknown Source)
        at org.junit.platform.engine.support.hierarchical.ThrowableCollector.execute(ThrowableCollector.java:73)
        at org.junit.platform.engine.support.hierarchical.NodeTestTask.executeRecursively(NodeTestTask.java:138)
        at org.junit.platform.engine.support.hierarchical.NodeTestTask.execute(NodeTestTask.java:95)
        at org.junit.platform.engine.support.hierarchical.SameThreadHierarchicalTestExecutorService$$Lambda$262/384515747.accept(Unknown Source)
        at java.util.ArrayList.forEach(ArrayList.java:1259)
        at org.junit.platform.engine.support.hierarchical.SameThreadHierarchicalTestExecutorService.invokeAll(SameThreadHierarchicalTestExecutorService.java:41)
        at org.junit.platform.engine.support.hierarchical.NodeTestTask.lambda$executeRecursively$6(NodeTestTask.java:155)
        at org.junit.platform.engine.support.hierarchical.NodeTestTask$$Lambda$258/1579957528.execute(Unknown Source)
        at org.junit.platform.engine.support.hierarchical.ThrowableCollector.execute(ThrowableCollector.java:73)
        at org.junit.platform.engine.support.hierarchical.NodeTestTask.lambda$executeRecursively$8(NodeTestTask.java:141)
        at org.junit.platform.engine.support.hierarchical.NodeTestTask$$Lambda$257/2050339061.invoke(Unknown Source)
        at org.junit.platform.engine.support.hierarchical.Node.around(Node.java:137)
        at org.junit.platform.engine.support.hierarchical.NodeTestTask.lambda$executeRecursively$9(NodeTestTask.java:139)
        at org.junit.platform.engine.support.hierarchical.NodeTestTask$$Lambda$256/405215542.execute(Unknown Source)
        at org.junit.platform.engine.support.hierarchical.ThrowableCollector.execute(ThrowableCollector.java:73)
        at org.junit.platform.engine.support.hierarchical.NodeTestTask.executeRecursively(NodeTestTask.java:138)
        at org.junit.platform.engine.support.hierarchical.NodeTestTask.execute(NodeTestTask.java:95)
        at org.junit.platform.engine.support.hierarchical.SameThreadHierarchicalTestExecutorService.submit(SameThreadHierarchicalTestExecutorService.java:35)
        at org.junit.platform.engine.support.hierarchical.HierarchicalTestExecutor.execute(HierarchicalTestExecutor.java:57)
        at org.junit.platform.engine.support.hierarchical.HierarchicalTestEngine.execute(HierarchicalTestEngine.java:54)
        at org.junit.platform.launcher.core.EngineExecutionOrchestrator.execute(EngineExecutionOrchestrator.java:107)
        at org.junit.platform.launcher.core.EngineExecutionOrchestrator.execute(EngineExecutionOrchestrator.java:88)
        at org.junit.platform.launcher.core.EngineExecutionOrchestrator.lambda$execute$0(EngineExecutionOrchestrator.java:54)
        at org.junit.platform.launcher.core.EngineExecutionOrchestrator$$Lambda$214/1906879951.accept(Unknown Source)
        at org.junit.platform.launcher.core.EngineExecutionOrchestrator.withInterceptedStreams(EngineExecutionOrchestrator.java:67)
        at org.junit.platform.launcher.core.EngineExecutionOrchestrator.execute(EngineExecutionOrchestrator.java:52)
        at org.junit.platform.launcher.core.DefaultLauncher.execute(DefaultLauncher.java:114)
        at org.junit.platform.launcher.core.DefaultLauncher.execute(DefaultLauncher.java:86)
        at org.junit.platform.launcher.core.DefaultLauncherSession$DelegatingLauncher.execute(DefaultLauncherSession.java:86)
        at org.junit.platform.launcher.core.SessionPerRequestLauncher.execute(SessionPerRequestLauncher.java:53)
        at org.apache.maven.surefire.junitplatform.JUnitPlatformProvider.execute(JUnitPlatformProvider.java:188)
        at org.apache.maven.surefire.junitplatform.JUnitPlatformProvider.invokeAllTests(JUnitPlatformProvider.java:154)
        at org.apache.maven.surefire.junitplatform.JUnitPlatformProvider.invoke(JUnitPlatformProvider.java:124)
        at org.apache.maven.surefire.booter.ForkedBooter.runSuitesInProcess(ForkedBooter.java:428)
        at org.apache.maven.surefire.booter.ForkedBooter.execute(ForkedBooter.java:162)
        at org.apache.maven.surefire.booter.ForkedBooter.run(ForkedBooter.java:562)
        at org.apache.maven.surefire.booter.ForkedBooter.main(ForkedBooter.java:548)
"surefire-forkedjvm-command-thread" daemon prio=5 tid=10 runnable
java.lang.Thread.State: RUNNABLE
        at java.io.FileInputStream.readBytes(Native Method)
        at java.io.FileInputStream.read(FileInputStream.java:255)
        at java.io.BufferedInputStream.read1(BufferedInputStream.java:284)
        at java.io.BufferedInputStream.read(BufferedInputStream.java:345)
        at java.io.BufferedInputStream.fill(BufferedInputStream.java:246)
        at java.io.BufferedInputStream.read1(BufferedInputStream.java:286)
        at java.io.BufferedInputStream.read(BufferedInputStream.java:345)
        at org.apache.maven.surefire.api.util.internal.Channels$3.readImpl(Channels.java:214)
        at org.apache.maven.surefire.api.util.internal.AbstractNoninterruptibleReadableChannel.read(AbstractNoninterruptibleReadableChannel.java:54)
        at org.apache.maven.surefire.booter.spi.LegacyMasterProcessChannelDecoder.decode(LegacyMasterProcessChannelDecoder.java:80)
        at org.apache.maven.surefire.booter.CommandReader$CommandRunnable.run(CommandReader.java:343)
        at java.lang.Thread.run(Thread.java:750)
"Thread-21"  prio=5 tid=32 timed_waiting
java.lang.Thread.State: TIMED_WAITING
        at java.lang.Thread.sleep(Native Method)
        at org.apache.hadoop.hdds.scm.container.balancer.TestContainerBalancerTask.lambda$genCompletableFuture$15(TestContainerBalancerTask.java:1332)
        at org.apache.hadoop.hdds.scm.container.balancer.TestContainerBalancerTask$$Lambda$437/347766549.get(Unknown Source)
        at java.util.concurrent.CompletableFuture$AsyncSupply.run(CompletableFuture.java:1604)
        at java.lang.Thread.run(Thread.java:750)
"Thread-17"  prio=5 tid=28 timed_waiting
java.lang.Thread.State: TIMED_WAITING
        at java.lang.Thread.sleep(Native Method)
        at org.apache.hadoop.hdds.scm.container.balancer.TestContainerBalancerTask.lambda$genCompletableFuture$15(TestContainerBalancerTask.java:1332)
        at org.apache.hadoop.hdds.scm.container.balancer.TestContainerBalancerTask$$Lambda$437/347766549.get(Unknown Source)
        at java.util.concurrent.CompletableFuture$AsyncSupply.run(CompletableFuture.java:1604)
        at java.lang.Thread.run(Thread.java:750)
"Thread-14"  prio=5 tid=25 timed_waiting
java.lang.Thread.State: TIMED_WAITING
        at java.lang.Thread.sleep(Native Method)
        at org.apache.hadoop.hdds.scm.container.balancer.TestContainerBalancerTask.lambda$genCompletableFuture$15(TestContainerBalancerTask.java:1332)
        at org.apache.hadoop.hdds.scm.container.balancer.TestContainerBalancerTask$$Lambda$437/347766549.get(Unknown Source)
        at java.util.concurrent.CompletableFuture$AsyncSupply.run(CompletableFuture.java:1604)
        at java.lang.Thread.run(Thread.java:750)
"Thread-7"  prio=5 tid=18 timed_waiting
java.lang.Thread.State: TIMED_WAITING
        at java.lang.Thread.sleep(Native Method)
        at org.apache.hadoop.hdds.scm.container.balancer.TestContainerBalancerTask.lambda$genCompletableFuture$15(TestContainerBalancerTask.java:1332)
        at org.apache.hadoop.hdds.scm.container.balancer.TestContainerBalancerTask$$Lambda$437/347766549.get(Unknown Source)
        at java.util.concurrent.CompletableFuture$AsyncSupply.run(CompletableFuture.java:1604)
        at java.lang.Thread.run(Thread.java:750)
"Reference Handler" daemon prio=10 tid=2 in Object.wait()
java.lang.Thread.State: WAITING (on object monitor)
        at java.lang.Object.wait(Native Method)
        at java.lang.Object.wait(Object.java:502)
        at java.lang.ref.Reference.tryHandlePending(Reference.java:191)
        at java.lang.ref.Reference$ReferenceHandler.run(Reference.java:153)
"Thread-11"  prio=5 tid=22 timed_waiting
java.lang.Thread.State: TIMED_WAITING
        at java.lang.Thread.sleep(Native Method)
        at org.apache.hadoop.hdds.scm.container.balancer.TestContainerBalancerTask.lambda$genCompletableFuture$15(TestContainerBalancerTask.java:1332)
        at org.apache.hadoop.hdds.scm.container.balancer.TestContainerBalancerTask$$Lambda$437/347766549.get(Unknown Source)
        at java.util.concurrent.CompletableFuture$AsyncSupply.run(CompletableFuture.java:1604)
        at java.lang.Thread.run(Thread.java:750)
"Thread-6"  prio=5 tid=17 timed_waiting
java.lang.Thread.State: TIMED_WAITING
        at java.lang.Thread.sleep(Native Method)
        at org.apache.hadoop.hdds.scm.container.balancer.TestContainerBalancerTask.lambda$genCompletableFuture$15(TestContainerBalancerTask.java:1332)
        at org.apache.hadoop.hdds.scm.container.balancer.TestContainerBalancerTask$$Lambda$437/347766549.get(Unknown Source)
        at java.util.concurrent.CompletableFuture$AsyncSupply.run(CompletableFuture.java:1604)
        at java.lang.Thread.run(Thread.java:750)
"Signal Dispatcher" daemon prio=9 tid=4 runnable
java.lang.Thread.State: RUNNABLE
"Thread-8"  prio=5 tid=19 timed_waiting
java.lang.Thread.State: TIMED_WAITING
        at java.lang.Thread.sleep(Native Method)
        at org.apache.hadoop.hdds.scm.container.balancer.TestContainerBalancerTask.lambda$genCompletableFuture$15(TestContainerBalancerTask.java:1332)
        at org.apache.hadoop.hdds.scm.container.balancer.TestContainerBalancerTask$$Lambda$437/347766549.get(Unknown Source)
        at java.util.concurrent.CompletableFuture$AsyncSupply.run(CompletableFuture.java:1604)
        at java.lang.Thread.run(Thread.java:750)
"Thread-22"  prio=5 tid=33 timed_waiting
java.lang.Thread.State: TIMED_WAITING
        at org.apache.hadoop.conf.Configuration.handleDeprecation(Configuration.java:728)
        at org.apache.hadoop.conf.Configuration.get(Configuration.java:1244)
        at org.apache.hadoop.conf.Configuration.getTimeDuration(Configuration.java:1874)
        at org.apache.hadoop.conf.Configuration.getTimeDuration(Configuration.java:1845)
        at org.apache.hadoop.hdds.scm.container.balancer.ContainerBalancerTask.run(ContainerBalancerTask.java:171)
        at java.lang.Thread.run(Thread.java:750)


	at org.apache.ozone.test.GenericTestUtils.waitFor(GenericTestUtils.java:231)
	at org.apache.hadoop.hdds.scm.container.balancer.TestContainerBalancerTask.testDelayedStart(TestContainerBalancerTask.java:1078)
	at sun.reflect.NativeMethodAccessorImpl.invoke0(Native Method)
	at sun.reflect.NativeMethodAccessorImpl.invoke(NativeMethodAccessorImpl.java:62)
	at sun.reflect.DelegatingMethodAccessorImpl.invoke(DelegatingMethodAccessorImpl.java:43)
	at java.lang.reflect.Method.invoke(Method.java:498)
	at org.junit.platform.commons.util.ReflectionUtils.invokeMethod(ReflectionUtils.java:725)
	at org.junit.jupiter.engine.execution.MethodInvocation.proceed(MethodInvocation.java:60)
	at org.junit.jupiter.engine.execution.InvocationInterceptorChain$ValidatingInvocation.proceed(InvocationInterceptorChain.java:131)
	at org.junit.jupiter.engine.extension.TimeoutExtension.intercept(TimeoutExtension.java:149)
	at org.junit.jupiter.engine.extension.TimeoutExtension.interceptTestableMethod(TimeoutExtension.java:140)
	at org.junit.jupiter.engine.extension.TimeoutExtension.interceptTestMethod(TimeoutExtension.java:84)
	at org.junit.jupiter.engine.execution.ExecutableInvoker$ReflectiveInterceptorCall.lambda$ofVoidMethod$0(ExecutableInvoker.java:115)
	at org.junit.jupiter.engine.execution.ExecutableInvoker.lambda$invoke$0(ExecutableInvoker.java:105)
	at org.junit.jupiter.engine.execution.InvocationInterceptorChain$InterceptedInvocation.proceed(InvocationInterceptorChain.java:106)
	at org.junit.jupiter.engine.execution.InvocationInterceptorChain.proceed(InvocationInterceptorChain.java:64)
	at org.junit.jupiter.engine.execution.InvocationInterceptorChain.chainAndInvoke(InvocationInterceptorChain.java:45)
	at org.junit.jupiter.engine.execution.InvocationInterceptorChain.invoke(InvocationInterceptorChain.java:37)
	at org.junit.jupiter.engine.execution.ExecutableInvoker.invoke(ExecutableInvoker.java:104)
	at org.junit.jupiter.engine.execution.ExecutableInvoker.invoke(ExecutableInvoker.java:98)
	at org.junit.jupiter.engine.descriptor.TestMethodTestDescriptor.lambda$invokeTestMethod$7(TestMethodTestDescriptor.java:214)
	at org.junit.platform.engine.support.hierarchical.ThrowableCollector.execute(ThrowableCollector.java:73)
	at org.junit.jupiter.engine.descriptor.TestMethodTestDescriptor.invokeTestMethod(TestMethodTestDescriptor.java:210)
	at org.junit.jupiter.engine.descriptor.TestMethodTestDescriptor.execute(TestMethodTestDescriptor.java:135)
	at org.junit.jupiter.engine.descriptor.TestMethodTestDescriptor.execute(TestMethodTestDescriptor.java:66)
	at org.junit.platform.engine.support.hierarchical.NodeTestTask.lambda$executeRecursively$6(NodeTestTask.java:151)
	at org.junit.platform.engine.support.hierarchical.ThrowableCollector.execute(ThrowableCollector.java:73)
	at org.junit.platform.engine.support.hierarchical.NodeTestTask.lambda$executeRecursively$8(NodeTestTask.java:141)
	at org.junit.platform.engine.support.hierarchical.Node.around(Node.java:137)
	at org.junit.platform.engine.support.hierarchical.NodeTestTask.lambda$executeRecursively$9(NodeTestTask.java:139)
	at org.junit.platform.engine.support.hierarchical.ThrowableCollector.execute(ThrowableCollector.java:73)
	at org.junit.platform.engine.support.hierarchical.NodeTestTask.executeRecursively(NodeTestTask.java:138)
	at org.junit.platform.engine.support.hierarchical.NodeTestTask.execute(NodeTestTask.java:95)
	at java.util.ArrayList.forEach(ArrayList.java:1259)
	at org.junit.platform.engine.support.hierarchical.SameThreadHierarchicalTestExecutorService.invokeAll(SameThreadHierarchicalTestExecutorService.java:41)
	at org.junit.platform.engine.support.hierarchical.NodeTestTask.lambda$executeRecursively$6(NodeTestTask.java:155)
	at org.junit.platform.engine.support.hierarchical.ThrowableCollector.execute(ThrowableCollector.java:73)
	at org.junit.platform.engine.support.hierarchical.NodeTestTask.lambda$executeRecursively$8(NodeTestTask.java:141)
	at org.junit.platform.engine.support.hierarchical.Node.around(Node.java:137)
	at org.junit.platform.engine.support.hierarchical.NodeTestTask.lambda$executeRecursively$9(NodeTestTask.java:139)
	at org.junit.platform.engine.support.hierarchical.ThrowableCollector.execute(ThrowableCollector.java:73)
	at org.junit.platform.engine.support.hierarchical.NodeTestTask.executeRecursively(NodeTestTask.java:138)
	at org.junit.platform.engine.support.hierarchical.NodeTestTask.execute(NodeTestTask.java:95)
	at java.util.ArrayList.forEach(ArrayList.java:1259)
	at org.junit.platform.engine.support.hierarchical.SameThreadHierarchicalTestExecutorService.invokeAll(SameThreadHierarchicalTestExecutorService.java:41)
	at org.junit.platform.engine.support.hierarchical.NodeTestTask.lambda$executeRecursively$6(NodeTestTask.java:155)
	at org.junit.platform.engine.support.hierarchical.ThrowableCollector.execute(ThrowableCollector.java:73)
	at org.junit.platform.engine.support.hierarchical.NodeTestTask.lambda$executeRecursively$8(NodeTestTask.java:141)
	at org.junit.platform.engine.support.hierarchical.Node.around(Node.java:137)
	at org.junit.platform.engine.support.hierarchical.NodeTestTask.lambda$executeRecursively$9(NodeTestTask.java:139)
	at org.junit.platform.engine.support.hierarchical.ThrowableCollector.execute(ThrowableCollector.java:73)
	at org.junit.platform.engine.support.hierarchical.NodeTestTask.executeRecursively(NodeTestTask.java:138)
	at org.junit.platform.engine.support.hierarchical.NodeTestTask.execute(NodeTestTask.java:95)
	at org.junit.platform.engine.support.hierarchical.SameThreadHierarchicalTestExecutorService.submit(SameThreadHierarchicalTestExecutorService.java:35)
	at org.junit.platform.engine.support.hierarchical.HierarchicalTestExecutor.execute(HierarchicalTestExecutor.java:57)
	at org.junit.platform.engine.support.hierarchical.HierarchicalTestEngine.execute(HierarchicalTestEngine.java:54)
	at org.junit.platform.launcher.core.EngineExecutionOrchestrator.execute(EngineExecutionOrchestrator.java:107)
	at org.junit.platform.launcher.core.EngineExecutionOrchestrator.execute(EngineExecutionOrchestrator.java:88)
	at org.junit.platform.launcher.core.EngineExecutionOrchestrator.lambda$execute$0(EngineExecutionOrchestrator.java:54)
	at org.junit.platform.launcher.core.EngineExecutionOrchestrator.withInterceptedStreams(EngineExecutionOrchestrator.java:67)
	at org.junit.platform.launcher.core.EngineExecutionOrchestrator.execute(EngineExecutionOrchestrator.java:52)
	at org.junit.platform.launcher.core.DefaultLauncher.execute(DefaultLauncher.java:114)
	at org.junit.platform.launcher.core.DefaultLauncher.execute(DefaultLauncher.java:86)
	at org.junit.platform.launcher.core.DefaultLauncherSession$DelegatingLauncher.execute(DefaultLauncherSession.java:86)
	at org.junit.platform.launcher.core.SessionPerRequestLauncher.execute(SessionPerRequestLauncher.java:53)
	at org.apache.maven.surefire.junitplatform.JUnitPlatformProvider.execute(JUnitPlatformProvider.java:188)
	at org.apache.maven.surefire.junitplatform.JUnitPlatformProvider.invokeAllTests(JUnitPlatformProvider.java:154)
	at org.apache.maven.surefire.junitplatform.JUnitPlatformProvider.invoke(JUnitPlatformProvider.java:124)
	at org.apache.maven.surefire.booter.ForkedBooter.runSuitesInProcess(ForkedBooter.java:428)
	at org.apache.maven.surefire.booter.ForkedBooter.execute(ForkedBooter.java:162)
	at org.apache.maven.surefire.booter.ForkedBooter.run(ForkedBooter.java:562)
	at org.apache.maven.surefire.booter.ForkedBooter.main(ForkedBooter.java:548)
]]></error>
    <system-out><![CDATA[2023-09-14 09:00:50,331 [main] INFO  net.NodeSchemaLoader (NodeSchemaLoader.java:loadSchemaFromFile(129)) - Loading schema from [file:/home/runner/work/ozone/ozone/hadoop-hdds/common/target/classes/network-topology-default.xml]
2023-09-14 09:00:50,332 [main] INFO  net.NodeSchemaLoader (NodeSchemaLoader.java:loadSchema(176)) - Loading network topology layer schema file
2023-09-14 09:00:50,333 [main] INFO  net.NetworkTopologyImpl (NetworkTopologyImpl.java:add(112)) - Added a new node: /default-rack/18301b68-e556-409f-924c-470162cbc777
2023-09-14 09:00:50,333 [main] INFO  net.NetworkTopologyImpl (NetworkTopologyImpl.java:add(112)) - Added a new node: /default-rack/7b34c3f9-2be7-428c-9bea-d8702036df0a
2023-09-14 09:00:50,334 [main] INFO  net.NetworkTopologyImpl (NetworkTopologyImpl.java:add(112)) - Added a new node: /default-rack/10290da6-d6a1-4557-9e9b-d607d7b8de19
2023-09-14 09:00:50,334 [main] INFO  net.NetworkTopologyImpl (NetworkTopologyImpl.java:add(112)) - Added a new node: /default-rack/e3784680-31e2-40c5-8e44-278614f202c8
2023-09-14 09:00:50,334 [main] INFO  net.NetworkTopologyImpl (NetworkTopologyImpl.java:add(112)) - Added a new node: /default-rack/878944b1-0f0c-4e0f-ac67-7c6382a7dee2
2023-09-14 09:00:50,334 [main] INFO  net.NetworkTopologyImpl (NetworkTopologyImpl.java:add(112)) - Added a new node: /default-rack/e7c342bd-d256-4046-b5ff-0fb185266ebd
2023-09-14 09:00:50,334 [main] INFO  net.NetworkTopologyImpl (NetworkTopologyImpl.java:add(112)) - Added a new node: /default-rack/0c8cbfe7-ccec-4b58-8f57-b5e30f234543
2023-09-14 09:00:50,334 [main] INFO  net.NetworkTopologyImpl (NetworkTopologyImpl.java:add(112)) - Added a new node: /default-rack/8d91a394-5617-4171-960d-93ca8ec7d8b8
2023-09-14 09:00:50,334 [main] INFO  net.NetworkTopologyImpl (NetworkTopologyImpl.java:add(112)) - Added a new node: /default-rack/4127b59e-6e42-45a1-8dd5-49ed573a2c55
2023-09-14 09:00:50,334 [main] INFO  net.NetworkTopologyImpl (NetworkTopologyImpl.java:add(112)) - Added a new node: /default-rack/c58b24a9-ef75-4f34-bf29-47bd9ce44ecd
2023-09-14 09:00:50,334 [main] INFO  algorithms.ContainerPlacementPolicyFactory (ContainerPlacementPolicyFactory.java:getPolicyInternal(86)) - Create container placement policy of type org.apache.hadoop.hdds.scm.container.placement.algorithms.SCMContainerPlacementRackAware
2023-09-14 09:00:50,335 [main] INFO  algorithms.ContainerPlacementPolicyFactory (ContainerPlacementPolicyFactory.java:getPolicyInternal(86)) - Create container placement policy of type org.apache.hadoop.hdds.scm.container.placement.algorithms.SCMContainerPlacementRackScatter
2023-09-14 09:00:50,373 [Thread-22] INFO  balancer.ContainerBalancerTask (ContainerBalancerTask.java:run(175)) - ContainerBalancer will sleep for 10 seconds before starting balancing.
]]></system-out>
  </testcase>
  <testcase name="checkIterationResultException" classname="org.apache.hadoop.hdds.scm.container.balancer.TestContainerBalancerTask" time="0.102">
    <system-out><![CDATA[2023-09-14 09:00:50,420 [main] INFO  net.NodeSchemaLoader (NodeSchemaLoader.java:loadSchemaFromFile(129)) - Loading schema from [file:/home/runner/work/ozone/ozone/hadoop-hdds/common/target/classes/network-topology-default.xml]
2023-09-14 09:00:50,420 [main] INFO  net.NodeSchemaLoader (NodeSchemaLoader.java:loadSchema(176)) - Loading network topology layer schema file
2023-09-14 09:00:50,424 [main] INFO  net.NetworkTopologyImpl (NetworkTopologyImpl.java:add(112)) - Added a new node: /default-rack/e27524e9-9705-4d6f-ad34-6501498c3a5b
2023-09-14 09:00:50,424 [main] INFO  net.NetworkTopologyImpl (NetworkTopologyImpl.java:add(112)) - Added a new node: /default-rack/af3fd79a-9c7f-45de-9e92-b67d8b0bd147
2023-09-14 09:00:50,424 [main] INFO  net.NetworkTopologyImpl (NetworkTopologyImpl.java:add(112)) - Added a new node: /default-rack/2aa500bc-7077-4fe2-bb50-06d23114896d
2023-09-14 09:00:50,425 [main] INFO  net.NetworkTopologyImpl (NetworkTopologyImpl.java:add(112)) - Added a new node: /default-rack/c05b57ab-c356-4f39-afe6-9b7463d4fc70
2023-09-14 09:00:50,425 [main] INFO  net.NetworkTopologyImpl (NetworkTopologyImpl.java:add(112)) - Added a new node: /default-rack/8c77efc4-1214-460e-adc2-a4ed6a624b1e
2023-09-14 09:00:50,425 [main] INFO  net.NetworkTopologyImpl (NetworkTopologyImpl.java:add(112)) - Added a new node: /default-rack/98d7ebe5-7576-4882-8f36-ae40ff1a9ba1
2023-09-14 09:00:50,425 [main] INFO  net.NetworkTopologyImpl (NetworkTopologyImpl.java:add(112)) - Added a new node: /default-rack/59e4ad72-a58e-4ec8-bbb8-aa6ee3f6cccc
2023-09-14 09:00:50,425 [main] INFO  net.NetworkTopologyImpl (NetworkTopologyImpl.java:add(112)) - Added a new node: /default-rack/fe324c6d-e85c-4f71-8f79-9a2da848e272
2023-09-14 09:00:50,425 [main] INFO  net.NetworkTopologyImpl (NetworkTopologyImpl.java:add(112)) - Added a new node: /default-rack/da544afb-7eaf-43b5-ab5b-25f9edd40e4d
2023-09-14 09:00:50,425 [main] INFO  net.NetworkTopologyImpl (NetworkTopologyImpl.java:add(112)) - Added a new node: /default-rack/6999fc12-c289-4868-b489-c687d2b6eb1c
2023-09-14 09:00:50,425 [main] INFO  algorithms.ContainerPlacementPolicyFactory (ContainerPlacementPolicyFactory.java:getPolicyInternal(86)) - Create container placement policy of type org.apache.hadoop.hdds.scm.container.placement.algorithms.SCMContainerPlacementRackAware
2023-09-14 09:00:50,426 [main] INFO  algorithms.ContainerPlacementPolicyFactory (ContainerPlacementPolicyFactory.java:getPolicyInternal(86)) - Create container placement policy of type org.apache.hadoop.hdds.scm.container.placement.algorithms.SCMContainerPlacementRackScatter
2023-09-14 09:00:50,437 [main] DEBUG balancer.ContainerBalancerTask (ContainerBalancerTask.java:initializeIteration(374)) - Average utilization of the cluster is 0.31820353559503817
2023-09-14 09:00:50,437 [main] DEBUG balancer.ContainerBalancerTask (ContainerBalancerTask.java:initializeIteration(386)) - Lower limit for utilization is 0.21820353559503816 and Upper limit for utilization is 0.4182035355950382
2023-09-14 09:00:50,438 [main] DEBUG balancer.ContainerBalancerTask (ContainerBalancerTask.java:initializeIteration(398)) - Utilization for node fe324c6d-e85c-4f71-8f79-9a2da848e272 with capacity 51300998257B, used 46170898432B, and remaining 5130099825B is 0.900000000013645
2023-09-14 09:00:50,438 [main] DEBUG balancer.ContainerBalancerTask (ContainerBalancerTask.java:initializeIteration(398)) - Utilization for node 2aa500bc-7077-4fe2-bb50-06d23114896d with capacity 64424509440B, used 51539607552B, and remaining 12884901888B is 0.8
2023-09-14 09:00:50,438 [main] DEBUG balancer.ContainerBalancerTask (ContainerBalancerTask.java:initializeIteration(398)) - Utilization for node 98d7ebe5-7576-4882-8f36-ae40ff1a9ba1 with capacity 64424509440B, used 45097156608B, and remaining 19327352832B is 0.7
2023-09-14 09:00:50,438 [main] DEBUG balancer.ContainerBalancerTask (ContainerBalancerTask.java:initializeIteration(398)) - Utilization for node 6999fc12-c289-4868-b489-c687d2b6eb1c with capacity 59055800320B, used 35433480192B, and remaining 23622320128B is 0.6
2023-09-14 09:00:50,438 [main] DEBUG balancer.ContainerBalancerTask (ContainerBalancerTask.java:initializeIteration(398)) - Utilization for node c05b57ab-c356-4f39-afe6-9b7463d4fc70 with capacity 107374182400B, used 53687091200B, and remaining 53687091200B is 0.5
2023-09-14 09:00:50,438 [main] DEBUG balancer.ContainerBalancerTask (ContainerBalancerTask.java:initializeIteration(398)) - Utilization for node 59e4ad72-a58e-4ec8-bbb8-aa6ee3f6cccc with capacity 96636764160B, used 38654705664B, and remaining 57982058496B is 0.4
2023-09-14 09:00:50,438 [main] DEBUG balancer.ContainerBalancerTask (ContainerBalancerTask.java:initializeIteration(398)) - Utilization for node 8c77efc4-1214-460e-adc2-a4ed6a624b1e with capacity 150323855360B, used 45097156608B, and remaining 105226698752B is 0.3
2023-09-14 09:00:50,438 [main] DEBUG balancer.ContainerBalancerTask (ContainerBalancerTask.java:initializeIteration(398)) - Utilization for node e27524e9-9705-4d6f-ad34-6501498c3a5b with capacity 198642237440B, used 39728447488B, and remaining 158913789952B is 0.2
2023-09-14 09:00:50,438 [main] DEBUG balancer.ContainerBalancerTask (ContainerBalancerTask.java:initializeIteration(398)) - Utilization for node da544afb-7eaf-43b5-ab5b-25f9edd40e4d with capacity 418759311360B, used 41875931136B, and remaining 376883380224B is 0.1
2023-09-14 09:00:50,438 [main] DEBUG balancer.ContainerBalancerTask (ContainerBalancerTask.java:initializeIteration(398)) - Utilization for node af3fd79a-9c7f-45de-9e92-b67d8b0bd147 with capacity 37580963840B, used 0B, and remaining 37580963840B is 0.0
2023-09-14 09:00:50,439 [main] INFO  balancer.ContainerBalancerTask (ContainerBalancerTask.java:initializeIteration(447)) - Container Balancer has identified 5 Over-Utilized and 3 Under-Utilized Datanodes that need to be balanced.
2023-09-14 09:00:50,439 [main] DEBUG balancer.ContainerBalancerTask (ContainerBalancerTask.java:lambda$initializeIteration$1(453)) - Datanode localhost-231.136.209.84 fe324c6d-e85c-4f71-8f79-9a2da848e272 is Over-Utilized.
2023-09-14 09:00:50,439 [main] DEBUG balancer.ContainerBalancerTask (ContainerBalancerTask.java:lambda$initializeIteration$1(453)) - Datanode localhost-181.20.150.85 2aa500bc-7077-4fe2-bb50-06d23114896d is Over-Utilized.
2023-09-14 09:00:50,439 [main] DEBUG balancer.ContainerBalancerTask (ContainerBalancerTask.java:lambda$initializeIteration$1(453)) - Datanode localhost-223.166.44.25 98d7ebe5-7576-4882-8f36-ae40ff1a9ba1 is Over-Utilized.
2023-09-14 09:00:50,439 [main] DEBUG balancer.ContainerBalancerTask (ContainerBalancerTask.java:lambda$initializeIteration$1(453)) - Datanode localhost-31.66.32.207 6999fc12-c289-4868-b489-c687d2b6eb1c is Over-Utilized.
2023-09-14 09:00:50,439 [main] DEBUG balancer.ContainerBalancerTask (ContainerBalancerTask.java:lambda$initializeIteration$1(453)) - Datanode localhost-50.17.203.153 c05b57ab-c356-4f39-afe6-9b7463d4fc70 is Over-Utilized.
2023-09-14 09:00:50,439 [main] DEBUG balancer.ContainerBalancerTask (ContainerBalancerTask.java:lambda$initializeIteration$2(459)) - Datanode localhost-226.24.160.77 af3fd79a-9c7f-45de-9e92-b67d8b0bd147 is Under-Utilized.
2023-09-14 09:00:50,439 [main] DEBUG balancer.ContainerBalancerTask (ContainerBalancerTask.java:lambda$initializeIteration$2(459)) - Datanode localhost-112.193.144.158 da544afb-7eaf-43b5-ab5b-25f9edd40e4d is Under-Utilized.
2023-09-14 09:00:50,439 [main] DEBUG balancer.ContainerBalancerTask (ContainerBalancerTask.java:lambda$initializeIteration$2(459)) - Datanode localhost-58.125.254.179 e27524e9-9705-4d6f-ad34-6501498c3a5b is Under-Utilized.
2023-09-14 09:00:50,442 [main] DEBUG balancer.ContainerBalancerTask (ContainerBalancerTask.java:matchSourceWithTarget(708)) - ContainerBalancer is finding suitable target for source datanode fe324c6d-e85c-4f71-8f79-9a2da848e272
2023-09-14 09:00:50,444 [main] INFO  balancer.ContainerBalancerTask (ContainerBalancerTask.java:matchSourceWithTarget(722)) - ContainerBalancer matched source datanode fe324c6d-e85c-4f71-8f79-9a2da848e272 with target datanode af3fd79a-9c7f-45de-9e92-b67d8b0bd147 for container move.
2023-09-14 09:00:50,444 [main] INFO  balancer.ContainerBalancerTask (ContainerBalancerTask.java:processMoveSelection(569)) - ContainerBalancer is trying to move container #84 with size 4294967296B from source datanode fe324c6d-e85c-4f71-8f79-9a2da848e272 to target datanode af3fd79a-9c7f-45de-9e92-b67d8b0bd147
2023-09-14 09:00:50,445 [main] INFO  balancer.ContainerBalancerTask (ContainerBalancerTask.java:lambda$moveContainer$3(827)) - Container move for container #84 from source fe324c6d-e85c-4f71-8f79-9a2da848e272 to target af3fd79a-9c7f-45de-9e92-b67d8b0bd147 failed with exceptions.
java.util.concurrent.CompletionException: java.lang.RuntimeException: Runtime Exception after doing work
	at java.util.concurrent.CompletableFuture.encodeThrowable(CompletableFuture.java:273)
	at java.util.concurrent.CompletableFuture.completeThrowable(CompletableFuture.java:280)
	at java.util.concurrent.CompletableFuture$AsyncSupply.run(CompletableFuture.java:1606)
	at java.lang.Thread.run(Thread.java:750)
Caused by: java.lang.RuntimeException: Runtime Exception after doing work
	at org.apache.hadoop.hdds.scm.container.balancer.TestContainerBalancerTask.lambda$checkIterationResultException$10(TestContainerBalancerTask.java:1011)
	at java.util.concurrent.CompletableFuture$AsyncSupply.run(CompletableFuture.java:1604)
	... 1 more
2023-09-14 09:00:50,449 [main] DEBUG balancer.ContainerBalancerTask (ContainerBalancerTask.java:matchSourceWithTarget(708)) - ContainerBalancer is finding suitable target for source datanode 2aa500bc-7077-4fe2-bb50-06d23114896d
2023-09-14 09:00:50,449 [main] INFO  balancer.ContainerBalancerTask (ContainerBalancerTask.java:matchSourceWithTarget(722)) - ContainerBalancer matched source datanode 2aa500bc-7077-4fe2-bb50-06d23114896d with target datanode af3fd79a-9c7f-45de-9e92-b67d8b0bd147 for container move.
2023-09-14 09:00:50,449 [main] INFO  balancer.ContainerBalancerTask (ContainerBalancerTask.java:processMoveSelection(569)) - ContainerBalancer is trying to move container #68 with size 5368709120B from source datanode 2aa500bc-7077-4fe2-bb50-06d23114896d to target datanode af3fd79a-9c7f-45de-9e92-b67d8b0bd147
2023-09-14 09:00:50,450 [main] WARN  balancer.ContainerBalancerTask (ContainerBalancerTask.java:moveContainer(851)) - Could not find Container #68 for container move
org.apache.hadoop.hdds.scm.container.ContainerNotFoundException: Test Container not found
	at org.apache.hadoop.hdds.scm.container.replication.ReplicationManager.move(ReplicationManager.java:1431)
	at org.apache.hadoop.hdds.scm.container.balancer.ContainerBalancerTask.moveContainer(ContainerBalancerTask.java:817)
	at org.apache.hadoop.hdds.scm.container.balancer.ContainerBalancerTask.processMoveSelection(ContainerBalancerTask.java:576)
	at org.apache.hadoop.hdds.scm.container.balancer.ContainerBalancerTask.doIteration(ContainerBalancerTask.java:534)
	at org.apache.hadoop.hdds.scm.container.balancer.ContainerBalancerTask.balance(ContainerBalancerTask.java:257)
	at org.apache.hadoop.hdds.scm.container.balancer.ContainerBalancerTask.run(ContainerBalancerTask.java:179)
	at org.apache.hadoop.hdds.scm.container.balancer.TestContainerBalancerTask.startBalancer(TestContainerBalancerTask.java:1321)
	at org.apache.hadoop.hdds.scm.container.balancer.TestContainerBalancerTask.checkIterationResultException(TestContainerBalancerTask.java:1024)
	at sun.reflect.NativeMethodAccessorImpl.invoke0(Native Method)
	at sun.reflect.NativeMethodAccessorImpl.invoke(NativeMethodAccessorImpl.java:62)
	at sun.reflect.DelegatingMethodAccessorImpl.invoke(DelegatingMethodAccessorImpl.java:43)
	at java.lang.reflect.Method.invoke(Method.java:498)
	at org.junit.platform.commons.util.ReflectionUtils.invokeMethod(ReflectionUtils.java:725)
	at org.junit.jupiter.engine.execution.MethodInvocation.proceed(MethodInvocation.java:60)
	at org.junit.jupiter.engine.execution.InvocationInterceptorChain$ValidatingInvocation.proceed(InvocationInterceptorChain.java:131)
	at org.junit.jupiter.engine.extension.TimeoutExtension.intercept(TimeoutExtension.java:149)
	at org.junit.jupiter.engine.extension.TimeoutExtension.interceptTestableMethod(TimeoutExtension.java:140)
	at org.junit.jupiter.engine.extension.TimeoutExtension.interceptTestMethod(TimeoutExtension.java:84)
	at org.junit.jupiter.engine.execution.ExecutableInvoker$ReflectiveInterceptorCall.lambda$ofVoidMethod$0(ExecutableInvoker.java:115)
	at org.junit.jupiter.engine.execution.ExecutableInvoker.lambda$invoke$0(ExecutableInvoker.java:105)
	at org.junit.jupiter.engine.execution.InvocationInterceptorChain$InterceptedInvocation.proceed(InvocationInterceptorChain.java:106)
	at org.junit.jupiter.engine.execution.InvocationInterceptorChain.proceed(InvocationInterceptorChain.java:64)
	at org.junit.jupiter.engine.execution.InvocationInterceptorChain.chainAndInvoke(InvocationInterceptorChain.java:45)
	at org.junit.jupiter.engine.execution.InvocationInterceptorChain.invoke(InvocationInterceptorChain.java:37)
	at org.junit.jupiter.engine.execution.ExecutableInvoker.invoke(ExecutableInvoker.java:104)
	at org.junit.jupiter.engine.execution.ExecutableInvoker.invoke(ExecutableInvoker.java:98)
	at org.junit.jupiter.engine.descriptor.TestMethodTestDescriptor.lambda$invokeTestMethod$7(TestMethodTestDescriptor.java:214)
	at org.junit.platform.engine.support.hierarchical.ThrowableCollector.execute(ThrowableCollector.java:73)
	at org.junit.jupiter.engine.descriptor.TestMethodTestDescriptor.invokeTestMethod(TestMethodTestDescriptor.java:210)
	at org.junit.jupiter.engine.descriptor.TestMethodTestDescriptor.execute(TestMethodTestDescriptor.java:135)
	at org.junit.jupiter.engine.descriptor.TestMethodTestDescriptor.execute(TestMethodTestDescriptor.java:66)
	at org.junit.platform.engine.support.hierarchical.NodeTestTask.lambda$executeRecursively$6(NodeTestTask.java:151)
	at org.junit.platform.engine.support.hierarchical.ThrowableCollector.execute(ThrowableCollector.java:73)
	at org.junit.platform.engine.support.hierarchical.NodeTestTask.lambda$executeRecursively$8(NodeTestTask.java:141)
	at org.junit.platform.engine.support.hierarchical.Node.around(Node.java:137)
	at org.junit.platform.engine.support.hierarchical.NodeTestTask.lambda$executeRecursively$9(NodeTestTask.java:139)
	at org.junit.platform.engine.support.hierarchical.ThrowableCollector.execute(ThrowableCollector.java:73)
	at org.junit.platform.engine.support.hierarchical.NodeTestTask.executeRecursively(NodeTestTask.java:138)
	at org.junit.platform.engine.support.hierarchical.NodeTestTask.execute(NodeTestTask.java:95)
	at java.util.ArrayList.forEach(ArrayList.java:1259)
	at org.junit.platform.engine.support.hierarchical.SameThreadHierarchicalTestExecutorService.invokeAll(SameThreadHierarchicalTestExecutorService.java:41)
	at org.junit.platform.engine.support.hierarchical.NodeTestTask.lambda$executeRecursively$6(NodeTestTask.java:155)
	at org.junit.platform.engine.support.hierarchical.ThrowableCollector.execute(ThrowableCollector.java:73)
	at org.junit.platform.engine.support.hierarchical.NodeTestTask.lambda$executeRecursively$8(NodeTestTask.java:141)
	at org.junit.platform.engine.support.hierarchical.Node.around(Node.java:137)
	at org.junit.platform.engine.support.hierarchical.NodeTestTask.lambda$executeRecursively$9(NodeTestTask.java:139)
	at org.junit.platform.engine.support.hierarchical.ThrowableCollector.execute(ThrowableCollector.java:73)
	at org.junit.platform.engine.support.hierarchical.NodeTestTask.executeRecursively(NodeTestTask.java:138)
	at org.junit.platform.engine.support.hierarchical.NodeTestTask.execute(NodeTestTask.java:95)
	at java.util.ArrayList.forEach(ArrayList.java:1259)
	at org.junit.platform.engine.support.hierarchical.SameThreadHierarchicalTestExecutorService.invokeAll(SameThreadHierarchicalTestExecutorService.java:41)
	at org.junit.platform.engine.support.hierarchical.NodeTestTask.lambda$executeRecursively$6(NodeTestTask.java:155)
	at org.junit.platform.engine.support.hierarchical.ThrowableCollector.execute(ThrowableCollector.java:73)
	at org.junit.platform.engine.support.hierarchical.NodeTestTask.lambda$executeRecursively$8(NodeTestTask.java:141)
	at org.junit.platform.engine.support.hierarchical.Node.around(Node.java:137)
	at org.junit.platform.engine.support.hierarchical.NodeTestTask.lambda$executeRecursively$9(NodeTestTask.java:139)
	at org.junit.platform.engine.support.hierarchical.ThrowableCollector.execute(ThrowableCollector.java:73)
	at org.junit.platform.engine.support.hierarchical.NodeTestTask.executeRecursively(NodeTestTask.java:138)
	at org.junit.platform.engine.support.hierarchical.NodeTestTask.execute(NodeTestTask.java:95)
	at org.junit.platform.engine.support.hierarchical.SameThreadHierarchicalTestExecutorService.submit(SameThreadHierarchicalTestExecutorService.java:35)
	at org.junit.platform.engine.support.hierarchical.HierarchicalTestExecutor.execute(HierarchicalTestExecutor.java:57)
	at org.junit.platform.engine.support.hierarchical.HierarchicalTestEngine.execute(HierarchicalTestEngine.java:54)
	at org.junit.platform.launcher.core.EngineExecutionOrchestrator.execute(EngineExecutionOrchestrator.java:107)
	at org.junit.platform.launcher.core.EngineExecutionOrchestrator.execute(EngineExecutionOrchestrator.java:88)
	at org.junit.platform.launcher.core.EngineExecutionOrchestrator.lambda$execute$0(EngineExecutionOrchestrator.java:54)
	at org.junit.platform.launcher.core.EngineExecutionOrchestrator.withInterceptedStreams(EngineExecutionOrchestrator.java:67)
	at org.junit.platform.launcher.core.EngineExecutionOrchestrator.execute(EngineExecutionOrchestrator.java:52)
	at org.junit.platform.launcher.core.DefaultLauncher.execute(DefaultLauncher.java:114)
	at org.junit.platform.launcher.core.DefaultLauncher.execute(DefaultLauncher.java:86)
	at org.junit.platform.launcher.core.DefaultLauncherSession$DelegatingLauncher.execute(DefaultLauncherSession.java:86)
	at org.junit.platform.launcher.core.SessionPerRequestLauncher.execute(SessionPerRequestLauncher.java:53)
	at org.apache.maven.surefire.junitplatform.JUnitPlatformProvider.execute(JUnitPlatformProvider.java:188)
	at org.apache.maven.surefire.junitplatform.JUnitPlatformProvider.invokeAllTests(JUnitPlatformProvider.java:154)
	at org.apache.maven.surefire.junitplatform.JUnitPlatformProvider.invoke(JUnitPlatformProvider.java:124)
	at org.apache.maven.surefire.booter.ForkedBooter.runSuitesInProcess(ForkedBooter.java:428)
	at org.apache.maven.surefire.booter.ForkedBooter.execute(ForkedBooter.java:162)
	at org.apache.maven.surefire.booter.ForkedBooter.run(ForkedBooter.java:562)
	at org.apache.maven.surefire.booter.ForkedBooter.main(ForkedBooter.java:548)
2023-09-14 09:00:50,453 [main] DEBUG balancer.ContainerBalancerTask (ContainerBalancerTask.java:matchSourceWithTarget(708)) - ContainerBalancer is finding suitable target for source datanode 98d7ebe5-7576-4882-8f36-ae40ff1a9ba1
2023-09-14 09:00:50,454 [main] INFO  balancer.ContainerBalancerTask (ContainerBalancerTask.java:matchSourceWithTarget(722)) - ContainerBalancer matched source datanode 98d7ebe5-7576-4882-8f36-ae40ff1a9ba1 with target datanode af3fd79a-9c7f-45de-9e92-b67d8b0bd147 for container move.
2023-09-14 09:00:50,454 [main] INFO  balancer.ContainerBalancerTask (ContainerBalancerTask.java:processMoveSelection(569)) - ContainerBalancer is trying to move container #40 with size 5368709120B from source datanode 98d7ebe5-7576-4882-8f36-ae40ff1a9ba1 to target datanode af3fd79a-9c7f-45de-9e92-b67d8b0bd147
2023-09-14 09:00:50,456 [main] INFO  balancer.ContainerBalancerTask (ContainerBalancerTask.java:lambda$moveContainer$3(827)) - Container move for container #40 from source 98d7ebe5-7576-4882-8f36-ae40ff1a9ba1 to target af3fd79a-9c7f-45de-9e92-b67d8b0bd147 failed with exceptions.
java.lang.RuntimeException: Runtime Exception
	at org.apache.hadoop.hdds.scm.container.balancer.TestContainerBalancerTask.checkIterationResultException(TestContainerBalancerTask.java:1002)
	at sun.reflect.NativeMethodAccessorImpl.invoke0(Native Method)
	at sun.reflect.NativeMethodAccessorImpl.invoke(NativeMethodAccessorImpl.java:62)
	at sun.reflect.DelegatingMethodAccessorImpl.invoke(DelegatingMethodAccessorImpl.java:43)
	at java.lang.reflect.Method.invoke(Method.java:498)
	at org.junit.platform.commons.util.ReflectionUtils.invokeMethod(ReflectionUtils.java:725)
	at org.junit.jupiter.engine.execution.MethodInvocation.proceed(MethodInvocation.java:60)
	at org.junit.jupiter.engine.execution.InvocationInterceptorChain$ValidatingInvocation.proceed(InvocationInterceptorChain.java:131)
	at org.junit.jupiter.engine.extension.TimeoutExtension.intercept(TimeoutExtension.java:149)
	at org.junit.jupiter.engine.extension.TimeoutExtension.interceptTestableMethod(TimeoutExtension.java:140)
	at org.junit.jupiter.engine.extension.TimeoutExtension.interceptTestMethod(TimeoutExtension.java:84)
	at org.junit.jupiter.engine.execution.ExecutableInvoker$ReflectiveInterceptorCall.lambda$ofVoidMethod$0(ExecutableInvoker.java:115)
	at org.junit.jupiter.engine.execution.ExecutableInvoker.lambda$invoke$0(ExecutableInvoker.java:105)
	at org.junit.jupiter.engine.execution.InvocationInterceptorChain$InterceptedInvocation.proceed(InvocationInterceptorChain.java:106)
	at org.junit.jupiter.engine.execution.InvocationInterceptorChain.proceed(InvocationInterceptorChain.java:64)
	at org.junit.jupiter.engine.execution.InvocationInterceptorChain.chainAndInvoke(InvocationInterceptorChain.java:45)
	at org.junit.jupiter.engine.execution.InvocationInterceptorChain.invoke(InvocationInterceptorChain.java:37)
	at org.junit.jupiter.engine.execution.ExecutableInvoker.invoke(ExecutableInvoker.java:104)
	at org.junit.jupiter.engine.execution.ExecutableInvoker.invoke(ExecutableInvoker.java:98)
	at org.junit.jupiter.engine.descriptor.TestMethodTestDescriptor.lambda$invokeTestMethod$7(TestMethodTestDescriptor.java:214)
	at org.junit.platform.engine.support.hierarchical.ThrowableCollector.execute(ThrowableCollector.java:73)
	at org.junit.jupiter.engine.descriptor.TestMethodTestDescriptor.invokeTestMethod(TestMethodTestDescriptor.java:210)
	at org.junit.jupiter.engine.descriptor.TestMethodTestDescriptor.execute(TestMethodTestDescriptor.java:135)
	at org.junit.jupiter.engine.descriptor.TestMethodTestDescriptor.execute(TestMethodTestDescriptor.java:66)
	at org.junit.platform.engine.support.hierarchical.NodeTestTask.lambda$executeRecursively$6(NodeTestTask.java:151)
	at org.junit.platform.engine.support.hierarchical.ThrowableCollector.execute(ThrowableCollector.java:73)
	at org.junit.platform.engine.support.hierarchical.NodeTestTask.lambda$executeRecursively$8(NodeTestTask.java:141)
	at org.junit.platform.engine.support.hierarchical.Node.around(Node.java:137)
	at org.junit.platform.engine.support.hierarchical.NodeTestTask.lambda$executeRecursively$9(NodeTestTask.java:139)
	at org.junit.platform.engine.support.hierarchical.ThrowableCollector.execute(ThrowableCollector.java:73)
	at org.junit.platform.engine.support.hierarchical.NodeTestTask.executeRecursively(NodeTestTask.java:138)
	at org.junit.platform.engine.support.hierarchical.NodeTestTask.execute(NodeTestTask.java:95)
	at java.util.ArrayList.forEach(ArrayList.java:1259)
	at org.junit.platform.engine.support.hierarchical.SameThreadHierarchicalTestExecutorService.invokeAll(SameThreadHierarchicalTestExecutorService.java:41)
	at org.junit.platform.engine.support.hierarchical.NodeTestTask.lambda$executeRecursively$6(NodeTestTask.java:155)
	at org.junit.platform.engine.support.hierarchical.ThrowableCollector.execute(ThrowableCollector.java:73)
	at org.junit.platform.engine.support.hierarchical.NodeTestTask.lambda$executeRecursively$8(NodeTestTask.java:141)
	at org.junit.platform.engine.support.hierarchical.Node.around(Node.java:137)
	at org.junit.platform.engine.support.hierarchical.NodeTestTask.lambda$executeRecursively$9(NodeTestTask.java:139)
	at org.junit.platform.engine.support.hierarchical.ThrowableCollector.execute(ThrowableCollector.java:73)
	at org.junit.platform.engine.support.hierarchical.NodeTestTask.executeRecursively(NodeTestTask.java:138)
	at org.junit.platform.engine.support.hierarchical.NodeTestTask.execute(NodeTestTask.java:95)
	at java.util.ArrayList.forEach(ArrayList.java:1259)
	at org.junit.platform.engine.support.hierarchical.SameThreadHierarchicalTestExecutorService.invokeAll(SameThreadHierarchicalTestExecutorService.java:41)
	at org.junit.platform.engine.support.hierarchical.NodeTestTask.lambda$executeRecursively$6(NodeTestTask.java:155)
	at org.junit.platform.engine.support.hierarchical.ThrowableCollector.execute(ThrowableCollector.java:73)
	at org.junit.platform.engine.support.hierarchical.NodeTestTask.lambda$executeRecursively$8(NodeTestTask.java:141)
	at org.junit.platform.engine.support.hierarchical.Node.around(Node.java:137)
	at org.junit.platform.engine.support.hierarchical.NodeTestTask.lambda$executeRecursively$9(NodeTestTask.java:139)
	at org.junit.platform.engine.support.hierarchical.ThrowableCollector.execute(ThrowableCollector.java:73)
	at org.junit.platform.engine.support.hierarchical.NodeTestTask.executeRecursively(NodeTestTask.java:138)
	at org.junit.platform.engine.support.hierarchical.NodeTestTask.execute(NodeTestTask.java:95)
	at org.junit.platform.engine.support.hierarchical.SameThreadHierarchicalTestExecutorService.submit(SameThreadHierarchicalTestExecutorService.java:35)
	at org.junit.platform.engine.support.hierarchical.HierarchicalTestExecutor.execute(HierarchicalTestExecutor.java:57)
	at org.junit.platform.engine.support.hierarchical.HierarchicalTestEngine.execute(HierarchicalTestEngine.java:54)
	at org.junit.platform.launcher.core.EngineExecutionOrchestrator.execute(EngineExecutionOrchestrator.java:107)
	at org.junit.platform.launcher.core.EngineExecutionOrchestrator.execute(EngineExecutionOrchestrator.java:88)
	at org.junit.platform.launcher.core.EngineExecutionOrchestrator.lambda$execute$0(EngineExecutionOrchestrator.java:54)
	at org.junit.platform.launcher.core.EngineExecutionOrchestrator.withInterceptedStreams(EngineExecutionOrchestrator.java:67)
	at org.junit.platform.launcher.core.EngineExecutionOrchestrator.execute(EngineExecutionOrchestrator.java:52)
	at org.junit.platform.launcher.core.DefaultLauncher.execute(DefaultLauncher.java:114)
	at org.junit.platform.launcher.core.DefaultLauncher.execute(DefaultLauncher.java:86)
	at org.junit.platform.launcher.core.DefaultLauncherSession$DelegatingLauncher.execute(DefaultLauncherSession.java:86)
	at org.junit.platform.launcher.core.SessionPerRequestLauncher.execute(SessionPerRequestLauncher.java:53)
	at org.apache.maven.surefire.junitplatform.JUnitPlatformProvider.execute(JUnitPlatformProvider.java:188)
	at org.apache.maven.surefire.junitplatform.JUnitPlatformProvider.invokeAllTests(JUnitPlatformProvider.java:154)
	at org.apache.maven.surefire.junitplatform.JUnitPlatformProvider.invoke(JUnitPlatformProvider.java:124)
	at org.apache.maven.surefire.booter.ForkedBooter.runSuitesInProcess(ForkedBooter.java:428)
	at org.apache.maven.surefire.booter.ForkedBooter.execute(ForkedBooter.java:162)
	at org.apache.maven.surefire.booter.ForkedBooter.run(ForkedBooter.java:562)
	at org.apache.maven.surefire.booter.ForkedBooter.main(ForkedBooter.java:548)
2023-09-14 09:00:50,461 [main] DEBUG balancer.ContainerBalancerTask (ContainerBalancerTask.java:matchSourceWithTarget(708)) - ContainerBalancer is finding suitable target for source datanode 6999fc12-c289-4868-b489-c687d2b6eb1c
2023-09-14 09:00:50,461 [main] INFO  balancer.ContainerBalancerTask (ContainerBalancerTask.java:matchSourceWithTarget(722)) - ContainerBalancer matched source datanode 6999fc12-c289-4868-b489-c687d2b6eb1c with target datanode af3fd79a-9c7f-45de-9e92-b67d8b0bd147 for container move.
2023-09-14 09:00:50,461 [main] INFO  balancer.ContainerBalancerTask (ContainerBalancerTask.java:processMoveSelection(569)) - ContainerBalancer is trying to move container #40 with size 5368709120B from source datanode 6999fc12-c289-4868-b489-c687d2b6eb1c to target datanode af3fd79a-9c7f-45de-9e92-b67d8b0bd147
2023-09-14 09:00:50,461 [main] INFO  balancer.ContainerBalancerTask (ContainerBalancerTask.java:lambda$moveContainer$3(827)) - Container move for container #40 from source 6999fc12-c289-4868-b489-c687d2b6eb1c to target af3fd79a-9c7f-45de-9e92-b67d8b0bd147 failed with exceptions.
java.lang.RuntimeException: Runtime Exception
	at org.apache.hadoop.hdds.scm.container.balancer.TestContainerBalancerTask.checkIterationResultException(TestContainerBalancerTask.java:1002)
	at sun.reflect.NativeMethodAccessorImpl.invoke0(Native Method)
	at sun.reflect.NativeMethodAccessorImpl.invoke(NativeMethodAccessorImpl.java:62)
	at sun.reflect.DelegatingMethodAccessorImpl.invoke(DelegatingMethodAccessorImpl.java:43)
	at java.lang.reflect.Method.invoke(Method.java:498)
	at org.junit.platform.commons.util.ReflectionUtils.invokeMethod(ReflectionUtils.java:725)
	at org.junit.jupiter.engine.execution.MethodInvocation.proceed(MethodInvocation.java:60)
	at org.junit.jupiter.engine.execution.InvocationInterceptorChain$ValidatingInvocation.proceed(InvocationInterceptorChain.java:131)
	at org.junit.jupiter.engine.extension.TimeoutExtension.intercept(TimeoutExtension.java:149)
	at org.junit.jupiter.engine.extension.TimeoutExtension.interceptTestableMethod(TimeoutExtension.java:140)
	at org.junit.jupiter.engine.extension.TimeoutExtension.interceptTestMethod(TimeoutExtension.java:84)
	at org.junit.jupiter.engine.execution.ExecutableInvoker$ReflectiveInterceptorCall.lambda$ofVoidMethod$0(ExecutableInvoker.java:115)
	at org.junit.jupiter.engine.execution.ExecutableInvoker.lambda$invoke$0(ExecutableInvoker.java:105)
	at org.junit.jupiter.engine.execution.InvocationInterceptorChain$InterceptedInvocation.proceed(InvocationInterceptorChain.java:106)
	at org.junit.jupiter.engine.execution.InvocationInterceptorChain.proceed(InvocationInterceptorChain.java:64)
	at org.junit.jupiter.engine.execution.InvocationInterceptorChain.chainAndInvoke(InvocationInterceptorChain.java:45)
	at org.junit.jupiter.engine.execution.InvocationInterceptorChain.invoke(InvocationInterceptorChain.java:37)
	at org.junit.jupiter.engine.execution.ExecutableInvoker.invoke(ExecutableInvoker.java:104)
	at org.junit.jupiter.engine.execution.ExecutableInvoker.invoke(ExecutableInvoker.java:98)
	at org.junit.jupiter.engine.descriptor.TestMethodTestDescriptor.lambda$invokeTestMethod$7(TestMethodTestDescriptor.java:214)
	at org.junit.platform.engine.support.hierarchical.ThrowableCollector.execute(ThrowableCollector.java:73)
	at org.junit.jupiter.engine.descriptor.TestMethodTestDescriptor.invokeTestMethod(TestMethodTestDescriptor.java:210)
	at org.junit.jupiter.engine.descriptor.TestMethodTestDescriptor.execute(TestMethodTestDescriptor.java:135)
	at org.junit.jupiter.engine.descriptor.TestMethodTestDescriptor.execute(TestMethodTestDescriptor.java:66)
	at org.junit.platform.engine.support.hierarchical.NodeTestTask.lambda$executeRecursively$6(NodeTestTask.java:151)
	at org.junit.platform.engine.support.hierarchical.ThrowableCollector.execute(ThrowableCollector.java:73)
	at org.junit.platform.engine.support.hierarchical.NodeTestTask.lambda$executeRecursively$8(NodeTestTask.java:141)
	at org.junit.platform.engine.support.hierarchical.Node.around(Node.java:137)
	at org.junit.platform.engine.support.hierarchical.NodeTestTask.lambda$executeRecursively$9(NodeTestTask.java:139)
	at org.junit.platform.engine.support.hierarchical.ThrowableCollector.execute(ThrowableCollector.java:73)
	at org.junit.platform.engine.support.hierarchical.NodeTestTask.executeRecursively(NodeTestTask.java:138)
	at org.junit.platform.engine.support.hierarchical.NodeTestTask.execute(NodeTestTask.java:95)
	at java.util.ArrayList.forEach(ArrayList.java:1259)
	at org.junit.platform.engine.support.hierarchical.SameThreadHierarchicalTestExecutorService.invokeAll(SameThreadHierarchicalTestExecutorService.java:41)
	at org.junit.platform.engine.support.hierarchical.NodeTestTask.lambda$executeRecursively$6(NodeTestTask.java:155)
	at org.junit.platform.engine.support.hierarchical.ThrowableCollector.execute(ThrowableCollector.java:73)
	at org.junit.platform.engine.support.hierarchical.NodeTestTask.lambda$executeRecursively$8(NodeTestTask.java:141)
	at org.junit.platform.engine.support.hierarchical.Node.around(Node.java:137)
	at org.junit.platform.engine.support.hierarchical.NodeTestTask.lambda$executeRecursively$9(NodeTestTask.java:139)
	at org.junit.platform.engine.support.hierarchical.ThrowableCollector.execute(ThrowableCollector.java:73)
	at org.junit.platform.engine.support.hierarchical.NodeTestTask.executeRecursively(NodeTestTask.java:138)
	at org.junit.platform.engine.support.hierarchical.NodeTestTask.execute(NodeTestTask.java:95)
	at java.util.ArrayList.forEach(ArrayList.java:1259)
	at org.junit.platform.engine.support.hierarchical.SameThreadHierarchicalTestExecutorService.invokeAll(SameThreadHierarchicalTestExecutorService.java:41)
	at org.junit.platform.engine.support.hierarchical.NodeTestTask.lambda$executeRecursively$6(NodeTestTask.java:155)
	at org.junit.platform.engine.support.hierarchical.ThrowableCollector.execute(ThrowableCollector.java:73)
	at org.junit.platform.engine.support.hierarchical.NodeTestTask.lambda$executeRecursively$8(NodeTestTask.java:141)
	at org.junit.platform.engine.support.hierarchical.Node.around(Node.java:137)
	at org.junit.platform.engine.support.hierarchical.NodeTestTask.lambda$executeRecursively$9(NodeTestTask.java:139)
	at org.junit.platform.engine.support.hierarchical.ThrowableCollector.execute(ThrowableCollector.java:73)
	at org.junit.platform.engine.support.hierarchical.NodeTestTask.executeRecursively(NodeTestTask.java:138)
	at org.junit.platform.engine.support.hierarchical.NodeTestTask.execute(NodeTestTask.java:95)
	at org.junit.platform.engine.support.hierarchical.SameThreadHierarchicalTestExecutorService.submit(SameThreadHierarchicalTestExecutorService.java:35)
	at org.junit.platform.engine.support.hierarchical.HierarchicalTestExecutor.execute(HierarchicalTestExecutor.java:57)
	at org.junit.platform.engine.support.hierarchical.HierarchicalTestEngine.execute(HierarchicalTestEngine.java:54)
	at org.junit.platform.launcher.core.EngineExecutionOrchestrator.execute(EngineExecutionOrchestrator.java:107)
	at org.junit.platform.launcher.core.EngineExecutionOrchestrator.execute(EngineExecutionOrchestrator.java:88)
	at org.junit.platform.launcher.core.EngineExecutionOrchestrator.lambda$execute$0(EngineExecutionOrchestrator.java:54)
	at org.junit.platform.launcher.core.EngineExecutionOrchestrator.withInterceptedStreams(EngineExecutionOrchestrator.java:67)
	at org.junit.platform.launcher.core.EngineExecutionOrchestrator.execute(EngineExecutionOrchestrator.java:52)
	at org.junit.platform.launcher.core.DefaultLauncher.execute(DefaultLauncher.java:114)
	at org.junit.platform.launcher.core.DefaultLauncher.execute(DefaultLauncher.java:86)
	at org.junit.platform.launcher.core.DefaultLauncherSession$DelegatingLauncher.execute(DefaultLauncherSession.java:86)
	at org.junit.platform.launcher.core.SessionPerRequestLauncher.execute(SessionPerRequestLauncher.java:53)
	at org.apache.maven.surefire.junitplatform.JUnitPlatformProvider.execute(JUnitPlatformProvider.java:188)
	at org.apache.maven.surefire.junitplatform.JUnitPlatformProvider.invokeAllTests(JUnitPlatformProvider.java:154)
	at org.apache.maven.surefire.junitplatform.JUnitPlatformProvider.invoke(JUnitPlatformProvider.java:124)
	at org.apache.maven.surefire.booter.ForkedBooter.runSuitesInProcess(ForkedBooter.java:428)
	at org.apache.maven.surefire.booter.ForkedBooter.execute(ForkedBooter.java:162)
	at org.apache.maven.surefire.booter.ForkedBooter.run(ForkedBooter.java:562)
	at org.apache.maven.surefire.booter.ForkedBooter.main(ForkedBooter.java:548)
2023-09-14 09:00:50,465 [main] DEBUG balancer.ContainerBalancerTask (ContainerBalancerTask.java:matchSourceWithTarget(708)) - ContainerBalancer is finding suitable target for source datanode c05b57ab-c356-4f39-afe6-9b7463d4fc70
2023-09-14 09:00:50,465 [main] INFO  balancer.ContainerBalancerTask (ContainerBalancerTask.java:matchSourceWithTarget(722)) - ContainerBalancer matched source datanode c05b57ab-c356-4f39-afe6-9b7463d4fc70 with target datanode af3fd79a-9c7f-45de-9e92-b67d8b0bd147 for container move.
2023-09-14 09:00:50,465 [main] INFO  balancer.ContainerBalancerTask (ContainerBalancerTask.java:processMoveSelection(569)) - ContainerBalancer is trying to move container #68 with size 5368709120B from source datanode c05b57ab-c356-4f39-afe6-9b7463d4fc70 to target datanode af3fd79a-9c7f-45de-9e92-b67d8b0bd147
2023-09-14 09:00:50,466 [main] INFO  balancer.ContainerBalancerTask (ContainerBalancerTask.java:lambda$moveContainer$3(827)) - Container move for container #68 from source c05b57ab-c356-4f39-afe6-9b7463d4fc70 to target af3fd79a-9c7f-45de-9e92-b67d8b0bd147 failed with exceptions.
java.lang.RuntimeException: Runtime Exception
	at org.apache.hadoop.hdds.scm.container.balancer.TestContainerBalancerTask.checkIterationResultException(TestContainerBalancerTask.java:1002)
	at sun.reflect.NativeMethodAccessorImpl.invoke0(Native Method)
	at sun.reflect.NativeMethodAccessorImpl.invoke(NativeMethodAccessorImpl.java:62)
	at sun.reflect.DelegatingMethodAccessorImpl.invoke(DelegatingMethodAccessorImpl.java:43)
	at java.lang.reflect.Method.invoke(Method.java:498)
	at org.junit.platform.commons.util.ReflectionUtils.invokeMethod(ReflectionUtils.java:725)
	at org.junit.jupiter.engine.execution.MethodInvocation.proceed(MethodInvocation.java:60)
	at org.junit.jupiter.engine.execution.InvocationInterceptorChain$ValidatingInvocation.proceed(InvocationInterceptorChain.java:131)
	at org.junit.jupiter.engine.extension.TimeoutExtension.intercept(TimeoutExtension.java:149)
	at org.junit.jupiter.engine.extension.TimeoutExtension.interceptTestableMethod(TimeoutExtension.java:140)
	at org.junit.jupiter.engine.extension.TimeoutExtension.interceptTestMethod(TimeoutExtension.java:84)
	at org.junit.jupiter.engine.execution.ExecutableInvoker$ReflectiveInterceptorCall.lambda$ofVoidMethod$0(ExecutableInvoker.java:115)
	at org.junit.jupiter.engine.execution.ExecutableInvoker.lambda$invoke$0(ExecutableInvoker.java:105)
	at org.junit.jupiter.engine.execution.InvocationInterceptorChain$InterceptedInvocation.proceed(InvocationInterceptorChain.java:106)
	at org.junit.jupiter.engine.execution.InvocationInterceptorChain.proceed(InvocationInterceptorChain.java:64)
	at org.junit.jupiter.engine.execution.InvocationInterceptorChain.chainAndInvoke(InvocationInterceptorChain.java:45)
	at org.junit.jupiter.engine.execution.InvocationInterceptorChain.invoke(InvocationInterceptorChain.java:37)
	at org.junit.jupiter.engine.execution.ExecutableInvoker.invoke(ExecutableInvoker.java:104)
	at org.junit.jupiter.engine.execution.ExecutableInvoker.invoke(ExecutableInvoker.java:98)
	at org.junit.jupiter.engine.descriptor.TestMethodTestDescriptor.lambda$invokeTestMethod$7(TestMethodTestDescriptor.java:214)
	at org.junit.platform.engine.support.hierarchical.ThrowableCollector.execute(ThrowableCollector.java:73)
	at org.junit.jupiter.engine.descriptor.TestMethodTestDescriptor.invokeTestMethod(TestMethodTestDescriptor.java:210)
	at org.junit.jupiter.engine.descriptor.TestMethodTestDescriptor.execute(TestMethodTestDescriptor.java:135)
	at org.junit.jupiter.engine.descriptor.TestMethodTestDescriptor.execute(TestMethodTestDescriptor.java:66)
	at org.junit.platform.engine.support.hierarchical.NodeTestTask.lambda$executeRecursively$6(NodeTestTask.java:151)
	at org.junit.platform.engine.support.hierarchical.ThrowableCollector.execute(ThrowableCollector.java:73)
	at org.junit.platform.engine.support.hierarchical.NodeTestTask.lambda$executeRecursively$8(NodeTestTask.java:141)
	at org.junit.platform.engine.support.hierarchical.Node.around(Node.java:137)
	at org.junit.platform.engine.support.hierarchical.NodeTestTask.lambda$executeRecursively$9(NodeTestTask.java:139)
	at org.junit.platform.engine.support.hierarchical.ThrowableCollector.execute(ThrowableCollector.java:73)
	at org.junit.platform.engine.support.hierarchical.NodeTestTask.executeRecursively(NodeTestTask.java:138)
	at org.junit.platform.engine.support.hierarchical.NodeTestTask.execute(NodeTestTask.java:95)
	at java.util.ArrayList.forEach(ArrayList.java:1259)
	at org.junit.platform.engine.support.hierarchical.SameThreadHierarchicalTestExecutorService.invokeAll(SameThreadHierarchicalTestExecutorService.java:41)
	at org.junit.platform.engine.support.hierarchical.NodeTestTask.lambda$executeRecursively$6(NodeTestTask.java:155)
	at org.junit.platform.engine.support.hierarchical.ThrowableCollector.execute(ThrowableCollector.java:73)
	at org.junit.platform.engine.support.hierarchical.NodeTestTask.lambda$executeRecursively$8(NodeTestTask.java:141)
	at org.junit.platform.engine.support.hierarchical.Node.around(Node.java:137)
	at org.junit.platform.engine.support.hierarchical.NodeTestTask.lambda$executeRecursively$9(NodeTestTask.java:139)
	at org.junit.platform.engine.support.hierarchical.ThrowableCollector.execute(ThrowableCollector.java:73)
	at org.junit.platform.engine.support.hierarchical.NodeTestTask.executeRecursively(NodeTestTask.java:138)
	at org.junit.platform.engine.support.hierarchical.NodeTestTask.execute(NodeTestTask.java:95)
	at java.util.ArrayList.forEach(ArrayList.java:1259)
	at org.junit.platform.engine.support.hierarchical.SameThreadHierarchicalTestExecutorService.invokeAll(SameThreadHierarchicalTestExecutorService.java:41)
	at org.junit.platform.engine.support.hierarchical.NodeTestTask.lambda$executeRecursively$6(NodeTestTask.java:155)
	at org.junit.platform.engine.support.hierarchical.ThrowableCollector.execute(ThrowableCollector.java:73)
	at org.junit.platform.engine.support.hierarchical.NodeTestTask.lambda$executeRecursively$8(NodeTestTask.java:141)
	at org.junit.platform.engine.support.hierarchical.Node.around(Node.java:137)
	at org.junit.platform.engine.support.hierarchical.NodeTestTask.lambda$executeRecursively$9(NodeTestTask.java:139)
	at org.junit.platform.engine.support.hierarchical.ThrowableCollector.execute(ThrowableCollector.java:73)
	at org.junit.platform.engine.support.hierarchical.NodeTestTask.executeRecursively(NodeTestTask.java:138)
	at org.junit.platform.engine.support.hierarchical.NodeTestTask.execute(NodeTestTask.java:95)
	at org.junit.platform.engine.support.hierarchical.SameThreadHierarchicalTestExecutorService.submit(SameThreadHierarchicalTestExecutorService.java:35)
	at org.junit.platform.engine.support.hierarchical.HierarchicalTestExecutor.execute(HierarchicalTestExecutor.java:57)
	at org.junit.platform.engine.support.hierarchical.HierarchicalTestEngine.execute(HierarchicalTestEngine.java:54)
	at org.junit.platform.launcher.core.EngineExecutionOrchestrator.execute(EngineExecutionOrchestrator.java:107)
	at org.junit.platform.launcher.core.EngineExecutionOrchestrator.execute(EngineExecutionOrchestrator.java:88)
	at org.junit.platform.launcher.core.EngineExecutionOrchestrator.lambda$execute$0(EngineExecutionOrchestrator.java:54)
	at org.junit.platform.launcher.core.EngineExecutionOrchestrator.withInterceptedStreams(EngineExecutionOrchestrator.java:67)
	at org.junit.platform.launcher.core.EngineExecutionOrchestrator.execute(EngineExecutionOrchestrator.java:52)
	at org.junit.platform.launcher.core.DefaultLauncher.execute(DefaultLauncher.java:114)
	at org.junit.platform.launcher.core.DefaultLauncher.execute(DefaultLauncher.java:86)
	at org.junit.platform.launcher.core.DefaultLauncherSession$DelegatingLauncher.execute(DefaultLauncherSession.java:86)
	at org.junit.platform.launcher.core.SessionPerRequestLauncher.execute(SessionPerRequestLauncher.java:53)
	at org.apache.maven.surefire.junitplatform.JUnitPlatformProvider.execute(JUnitPlatformProvider.java:188)
	at org.apache.maven.surefire.junitplatform.JUnitPlatformProvider.invokeAllTests(JUnitPlatformProvider.java:154)
	at org.apache.maven.surefire.junitplatform.JUnitPlatformProvider.invoke(JUnitPlatformProvider.java:124)
	at org.apache.maven.surefire.booter.ForkedBooter.runSuitesInProcess(ForkedBooter.java:428)
	at org.apache.maven.surefire.booter.ForkedBooter.execute(ForkedBooter.java:162)
	at org.apache.maven.surefire.booter.ForkedBooter.run(ForkedBooter.java:562)
	at org.apache.maven.surefire.booter.ForkedBooter.main(ForkedBooter.java:548)
2023-09-14 09:00:50,467 [main] INFO  balancer.FindSourceGreedy (FindSourceGreedy.java:getNextCandidateSourceDataNode(126)) - no more candidate source data node
2023-09-14 09:00:50,467 [main] INFO  balancer.ContainerBalancerTask (ContainerBalancerTask.java:checkIterationMoveResults(642)) - Iteration Summary. Number of Datanodes involved: 0. Size moved: 0 B (0 Bytes). Number of Container moves completed: 0.
2023-09-14 09:00:50,467 [main] INFO  balancer.ContainerBalancerTask (ContainerBalancerTask.java:balance(259)) - Result of this iteration of Container Balancer: ITERATION_COMPLETED
2023-09-14 09:00:50,467 [main] INFO  balancer.ContainerBalancerTask (ContainerBalancerTask.java:tryStopWithSaveConfiguration(308)) - Save Configuration for stopping. Reason: Completed all iterations.
2023-09-14 09:00:50,469 [main] DEBUG balancer.ContainerBalancerTask (ContainerBalancerTask.java:initializeIteration(374)) - Average utilization of the cluster is 0.31820353559503817
2023-09-14 09:00:50,469 [main] DEBUG balancer.ContainerBalancerTask (ContainerBalancerTask.java:initializeIteration(386)) - Lower limit for utilization is 0.21820353559503816 and Upper limit for utilization is 0.4182035355950382
2023-09-14 09:00:50,469 [main] DEBUG balancer.ContainerBalancerTask (ContainerBalancerTask.java:initializeIteration(398)) - Utilization for node fe324c6d-e85c-4f71-8f79-9a2da848e272 with capacity 51300998257B, used 46170898432B, and remaining 5130099825B is 0.900000000013645
2023-09-14 09:00:50,469 [main] DEBUG balancer.ContainerBalancerTask (ContainerBalancerTask.java:initializeIteration(398)) - Utilization for node 2aa500bc-7077-4fe2-bb50-06d23114896d with capacity 64424509440B, used 51539607552B, and remaining 12884901888B is 0.8
2023-09-14 09:00:50,469 [main] DEBUG balancer.ContainerBalancerTask (ContainerBalancerTask.java:initializeIteration(398)) - Utilization for node 98d7ebe5-7576-4882-8f36-ae40ff1a9ba1 with capacity 64424509440B, used 45097156608B, and remaining 19327352832B is 0.7
2023-09-14 09:00:50,469 [main] DEBUG balancer.ContainerBalancerTask (ContainerBalancerTask.java:initializeIteration(398)) - Utilization for node 6999fc12-c289-4868-b489-c687d2b6eb1c with capacity 59055800320B, used 35433480192B, and remaining 23622320128B is 0.6
2023-09-14 09:00:50,470 [main] DEBUG balancer.ContainerBalancerTask (ContainerBalancerTask.java:initializeIteration(398)) - Utilization for node c05b57ab-c356-4f39-afe6-9b7463d4fc70 with capacity 107374182400B, used 53687091200B, and remaining 53687091200B is 0.5
2023-09-14 09:00:50,470 [main] DEBUG balancer.ContainerBalancerTask (ContainerBalancerTask.java:initializeIteration(398)) - Utilization for node 59e4ad72-a58e-4ec8-bbb8-aa6ee3f6cccc with capacity 96636764160B, used 38654705664B, and remaining 57982058496B is 0.4
2023-09-14 09:00:50,470 [main] DEBUG balancer.ContainerBalancerTask (ContainerBalancerTask.java:initializeIteration(398)) - Utilization for node 8c77efc4-1214-460e-adc2-a4ed6a624b1e with capacity 150323855360B, used 45097156608B, and remaining 105226698752B is 0.3
2023-09-14 09:00:50,470 [main] DEBUG balancer.ContainerBalancerTask (ContainerBalancerTask.java:initializeIteration(398)) - Utilization for node e27524e9-9705-4d6f-ad34-6501498c3a5b with capacity 198642237440B, used 39728447488B, and remaining 158913789952B is 0.2
2023-09-14 09:00:50,470 [main] DEBUG balancer.ContainerBalancerTask (ContainerBalancerTask.java:initializeIteration(398)) - Utilization for node da544afb-7eaf-43b5-ab5b-25f9edd40e4d with capacity 418759311360B, used 41875931136B, and remaining 376883380224B is 0.1
2023-09-14 09:00:50,470 [main] DEBUG balancer.ContainerBalancerTask (ContainerBalancerTask.java:initializeIteration(398)) - Utilization for node af3fd79a-9c7f-45de-9e92-b67d8b0bd147 with capacity 37580963840B, used 0B, and remaining 37580963840B is 0.0
2023-09-14 09:00:50,470 [main] INFO  balancer.ContainerBalancerTask (ContainerBalancerTask.java:initializeIteration(447)) - Container Balancer has identified 5 Over-Utilized and 3 Under-Utilized Datanodes that need to be balanced.
2023-09-14 09:00:50,470 [main] DEBUG balancer.ContainerBalancerTask (ContainerBalancerTask.java:lambda$initializeIteration$1(453)) - Datanode localhost-231.136.209.84 fe324c6d-e85c-4f71-8f79-9a2da848e272 is Over-Utilized.
2023-09-14 09:00:50,470 [main] DEBUG balancer.ContainerBalancerTask (ContainerBalancerTask.java:lambda$initializeIteration$1(453)) - Datanode localhost-181.20.150.85 2aa500bc-7077-4fe2-bb50-06d23114896d is Over-Utilized.
2023-09-14 09:00:50,470 [main] DEBUG balancer.ContainerBalancerTask (ContainerBalancerTask.java:lambda$initializeIteration$1(453)) - Datanode localhost-223.166.44.25 98d7ebe5-7576-4882-8f36-ae40ff1a9ba1 is Over-Utilized.
2023-09-14 09:00:50,470 [main] DEBUG balancer.ContainerBalancerTask (ContainerBalancerTask.java:lambda$initializeIteration$1(453)) - Datanode localhost-31.66.32.207 6999fc12-c289-4868-b489-c687d2b6eb1c is Over-Utilized.
2023-09-14 09:00:50,471 [main] DEBUG balancer.ContainerBalancerTask (ContainerBalancerTask.java:lambda$initializeIteration$1(453)) - Datanode localhost-50.17.203.153 c05b57ab-c356-4f39-afe6-9b7463d4fc70 is Over-Utilized.
2023-09-14 09:00:50,471 [main] DEBUG balancer.ContainerBalancerTask (ContainerBalancerTask.java:lambda$initializeIteration$2(459)) - Datanode localhost-226.24.160.77 af3fd79a-9c7f-45de-9e92-b67d8b0bd147 is Under-Utilized.
2023-09-14 09:00:50,471 [main] DEBUG balancer.ContainerBalancerTask (ContainerBalancerTask.java:lambda$initializeIteration$2(459)) - Datanode localhost-112.193.144.158 da544afb-7eaf-43b5-ab5b-25f9edd40e4d is Under-Utilized.
2023-09-14 09:00:50,471 [main] DEBUG balancer.ContainerBalancerTask (ContainerBalancerTask.java:lambda$initializeIteration$2(459)) - Datanode localhost-58.125.254.179 e27524e9-9705-4d6f-ad34-6501498c3a5b is Under-Utilized.
2023-09-14 09:00:50,473 [main] DEBUG balancer.ContainerBalancerTask (ContainerBalancerTask.java:matchSourceWithTarget(708)) - ContainerBalancer is finding suitable target for source datanode fe324c6d-e85c-4f71-8f79-9a2da848e272
2023-09-14 09:00:50,473 [main] INFO  balancer.ContainerBalancerTask (ContainerBalancerTask.java:matchSourceWithTarget(722)) - ContainerBalancer matched source datanode fe324c6d-e85c-4f71-8f79-9a2da848e272 with target datanode af3fd79a-9c7f-45de-9e92-b67d8b0bd147 for container move.
2023-09-14 09:00:50,473 [main] INFO  balancer.ContainerBalancerTask (ContainerBalancerTask.java:processMoveSelection(569)) - ContainerBalancer is trying to move container #85 with size 5368709120B from source datanode fe324c6d-e85c-4f71-8f79-9a2da848e272 to target datanode af3fd79a-9c7f-45de-9e92-b67d8b0bd147
2023-09-14 09:00:50,476 [main] DEBUG balancer.ContainerBalancerTask (ContainerBalancerTask.java:matchSourceWithTarget(708)) - ContainerBalancer is finding suitable target for source datanode 2aa500bc-7077-4fe2-bb50-06d23114896d
2023-09-14 09:00:50,476 [main] INFO  balancer.ContainerBalancerTask (ContainerBalancerTask.java:matchSourceWithTarget(722)) - ContainerBalancer matched source datanode 2aa500bc-7077-4fe2-bb50-06d23114896d with target datanode da544afb-7eaf-43b5-ab5b-25f9edd40e4d for container move.
2023-09-14 09:00:50,476 [main] INFO  balancer.ContainerBalancerTask (ContainerBalancerTask.java:processMoveSelection(569)) - ContainerBalancer is trying to move container #68 with size 5368709120B from source datanode 2aa500bc-7077-4fe2-bb50-06d23114896d to target datanode da544afb-7eaf-43b5-ab5b-25f9edd40e4d
2023-09-14 09:00:50,477 [main] WARN  balancer.ContainerBalancerTask (ContainerBalancerTask.java:moveContainer(851)) - Could not find Container #68 for container move
org.apache.hadoop.hdds.scm.container.ContainerNotFoundException: Test Container not found
	at org.apache.hadoop.hdds.scm.container.balancer.MoveManager.move(MoveManager.java:212)
	at org.apache.hadoop.hdds.scm.container.balancer.ContainerBalancerTask.moveContainer(ContainerBalancerTask.java:819)
	at org.apache.hadoop.hdds.scm.container.balancer.ContainerBalancerTask.processMoveSelection(ContainerBalancerTask.java:576)
	at org.apache.hadoop.hdds.scm.container.balancer.ContainerBalancerTask.doIteration(ContainerBalancerTask.java:534)
	at org.apache.hadoop.hdds.scm.container.balancer.ContainerBalancerTask.balance(ContainerBalancerTask.java:257)
	at org.apache.hadoop.hdds.scm.container.balancer.ContainerBalancerTask.run(ContainerBalancerTask.java:179)
	at org.apache.hadoop.hdds.scm.container.balancer.TestContainerBalancerTask.startBalancer(TestContainerBalancerTask.java:1321)
	at org.apache.hadoop.hdds.scm.container.balancer.TestContainerBalancerTask.checkIterationResultException(TestContainerBalancerTask.java:1051)
	at sun.reflect.NativeMethodAccessorImpl.invoke0(Native Method)
	at sun.reflect.NativeMethodAccessorImpl.invoke(NativeMethodAccessorImpl.java:62)
	at sun.reflect.DelegatingMethodAccessorImpl.invoke(DelegatingMethodAccessorImpl.java:43)
	at java.lang.reflect.Method.invoke(Method.java:498)
	at org.junit.platform.commons.util.ReflectionUtils.invokeMethod(ReflectionUtils.java:725)
	at org.junit.jupiter.engine.execution.MethodInvocation.proceed(MethodInvocation.java:60)
	at org.junit.jupiter.engine.execution.InvocationInterceptorChain$ValidatingInvocation.proceed(InvocationInterceptorChain.java:131)
	at org.junit.jupiter.engine.extension.TimeoutExtension.intercept(TimeoutExtension.java:149)
	at org.junit.jupiter.engine.extension.TimeoutExtension.interceptTestableMethod(TimeoutExtension.java:140)
	at org.junit.jupiter.engine.extension.TimeoutExtension.interceptTestMethod(TimeoutExtension.java:84)
	at org.junit.jupiter.engine.execution.ExecutableInvoker$ReflectiveInterceptorCall.lambda$ofVoidMethod$0(ExecutableInvoker.java:115)
	at org.junit.jupiter.engine.execution.ExecutableInvoker.lambda$invoke$0(ExecutableInvoker.java:105)
	at org.junit.jupiter.engine.execution.InvocationInterceptorChain$InterceptedInvocation.proceed(InvocationInterceptorChain.java:106)
	at org.junit.jupiter.engine.execution.InvocationInterceptorChain.proceed(InvocationInterceptorChain.java:64)
	at org.junit.jupiter.engine.execution.InvocationInterceptorChain.chainAndInvoke(InvocationInterceptorChain.java:45)
	at org.junit.jupiter.engine.execution.InvocationInterceptorChain.invoke(InvocationInterceptorChain.java:37)
	at org.junit.jupiter.engine.execution.ExecutableInvoker.invoke(ExecutableInvoker.java:104)
	at org.junit.jupiter.engine.execution.ExecutableInvoker.invoke(ExecutableInvoker.java:98)
	at org.junit.jupiter.engine.descriptor.TestMethodTestDescriptor.lambda$invokeTestMethod$7(TestMethodTestDescriptor.java:214)
	at org.junit.platform.engine.support.hierarchical.ThrowableCollector.execute(ThrowableCollector.java:73)
	at org.junit.jupiter.engine.descriptor.TestMethodTestDescriptor.invokeTestMethod(TestMethodTestDescriptor.java:210)
	at org.junit.jupiter.engine.descriptor.TestMethodTestDescriptor.execute(TestMethodTestDescriptor.java:135)
	at org.junit.jupiter.engine.descriptor.TestMethodTestDescriptor.execute(TestMethodTestDescriptor.java:66)
	at org.junit.platform.engine.support.hierarchical.NodeTestTask.lambda$executeRecursively$6(NodeTestTask.java:151)
	at org.junit.platform.engine.support.hierarchical.ThrowableCollector.execute(ThrowableCollector.java:73)
	at org.junit.platform.engine.support.hierarchical.NodeTestTask.lambda$executeRecursively$8(NodeTestTask.java:141)
	at org.junit.platform.engine.support.hierarchical.Node.around(Node.java:137)
	at org.junit.platform.engine.support.hierarchical.NodeTestTask.lambda$executeRecursively$9(NodeTestTask.java:139)
	at org.junit.platform.engine.support.hierarchical.ThrowableCollector.execute(ThrowableCollector.java:73)
	at org.junit.platform.engine.support.hierarchical.NodeTestTask.executeRecursively(NodeTestTask.java:138)
	at org.junit.platform.engine.support.hierarchical.NodeTestTask.execute(NodeTestTask.java:95)
	at java.util.ArrayList.forEach(ArrayList.java:1259)
	at org.junit.platform.engine.support.hierarchical.SameThreadHierarchicalTestExecutorService.invokeAll(SameThreadHierarchicalTestExecutorService.java:41)
	at org.junit.platform.engine.support.hierarchical.NodeTestTask.lambda$executeRecursively$6(NodeTestTask.java:155)
	at org.junit.platform.engine.support.hierarchical.ThrowableCollector.execute(ThrowableCollector.java:73)
	at org.junit.platform.engine.support.hierarchical.NodeTestTask.lambda$executeRecursively$8(NodeTestTask.java:141)
	at org.junit.platform.engine.support.hierarchical.Node.around(Node.java:137)
	at org.junit.platform.engine.support.hierarchical.NodeTestTask.lambda$executeRecursively$9(NodeTestTask.java:139)
	at org.junit.platform.engine.support.hierarchical.ThrowableCollector.execute(ThrowableCollector.java:73)
	at org.junit.platform.engine.support.hierarchical.NodeTestTask.executeRecursively(NodeTestTask.java:138)
	at org.junit.platform.engine.support.hierarchical.NodeTestTask.execute(NodeTestTask.java:95)
	at java.util.ArrayList.forEach(ArrayList.java:1259)
	at org.junit.platform.engine.support.hierarchical.SameThreadHierarchicalTestExecutorService.invokeAll(SameThreadHierarchicalTestExecutorService.java:41)
	at org.junit.platform.engine.support.hierarchical.NodeTestTask.lambda$executeRecursively$6(NodeTestTask.java:155)
	at org.junit.platform.engine.support.hierarchical.ThrowableCollector.execute(ThrowableCollector.java:73)
	at org.junit.platform.engine.support.hierarchical.NodeTestTask.lambda$executeRecursively$8(NodeTestTask.java:141)
	at org.junit.platform.engine.support.hierarchical.Node.around(Node.java:137)
	at org.junit.platform.engine.support.hierarchical.NodeTestTask.lambda$executeRecursively$9(NodeTestTask.java:139)
	at org.junit.platform.engine.support.hierarchical.ThrowableCollector.execute(ThrowableCollector.java:73)
	at org.junit.platform.engine.support.hierarchical.NodeTestTask.executeRecursively(NodeTestTask.java:138)
	at org.junit.platform.engine.support.hierarchical.NodeTestTask.execute(NodeTestTask.java:95)
	at org.junit.platform.engine.support.hierarchical.SameThreadHierarchicalTestExecutorService.submit(SameThreadHierarchicalTestExecutorService.java:35)
	at org.junit.platform.engine.support.hierarchical.HierarchicalTestExecutor.execute(HierarchicalTestExecutor.java:57)
	at org.junit.platform.engine.support.hierarchical.HierarchicalTestEngine.execute(HierarchicalTestEngine.java:54)
	at org.junit.platform.launcher.core.EngineExecutionOrchestrator.execute(EngineExecutionOrchestrator.java:107)
	at org.junit.platform.launcher.core.EngineExecutionOrchestrator.execute(EngineExecutionOrchestrator.java:88)
	at org.junit.platform.launcher.core.EngineExecutionOrchestrator.lambda$execute$0(EngineExecutionOrchestrator.java:54)
	at org.junit.platform.launcher.core.EngineExecutionOrchestrator.withInterceptedStreams(EngineExecutionOrchestrator.java:67)
	at org.junit.platform.launcher.core.EngineExecutionOrchestrator.execute(EngineExecutionOrchestrator.java:52)
	at org.junit.platform.launcher.core.DefaultLauncher.execute(DefaultLauncher.java:114)
	at org.junit.platform.launcher.core.DefaultLauncher.execute(DefaultLauncher.java:86)
	at org.junit.platform.launcher.core.DefaultLauncherSession$DelegatingLauncher.execute(DefaultLauncherSession.java:86)
	at org.junit.platform.launcher.core.SessionPerRequestLauncher.execute(SessionPerRequestLauncher.java:53)
	at org.apache.maven.surefire.junitplatform.JUnitPlatformProvider.execute(JUnitPlatformProvider.java:188)
	at org.apache.maven.surefire.junitplatform.JUnitPlatformProvider.invokeAllTests(JUnitPlatformProvider.java:154)
	at org.apache.maven.surefire.junitplatform.JUnitPlatformProvider.invoke(JUnitPlatformProvider.java:124)
	at org.apache.maven.surefire.booter.ForkedBooter.runSuitesInProcess(ForkedBooter.java:428)
	at org.apache.maven.surefire.booter.ForkedBooter.execute(ForkedBooter.java:162)
	at org.apache.maven.surefire.booter.ForkedBooter.run(ForkedBooter.java:562)
	at org.apache.maven.surefire.booter.ForkedBooter.main(ForkedBooter.java:548)
2023-09-14 09:00:50,477 [Thread-24] INFO  balancer.ContainerBalancerTask (ContainerBalancerTask.java:lambda$moveContainer$3(827)) - Container move for container #85 from source fe324c6d-e85c-4f71-8f79-9a2da848e272 to target af3fd79a-9c7f-45de-9e92-b67d8b0bd147 failed with exceptions.
java.util.concurrent.CompletionException: java.lang.RuntimeException: Runtime Exception after doing work
	at java.util.concurrent.CompletableFuture.encodeThrowable(CompletableFuture.java:273)
	at java.util.concurrent.CompletableFuture.completeThrowable(CompletableFuture.java:280)
	at java.util.concurrent.CompletableFuture$AsyncSupply.run(CompletableFuture.java:1606)
	at java.lang.Thread.run(Thread.java:750)
Caused by: java.lang.RuntimeException: Runtime Exception after doing work
	at org.apache.hadoop.hdds.scm.container.balancer.TestContainerBalancerTask.lambda$checkIterationResultException$11(TestContainerBalancerTask.java:1045)
	at java.util.concurrent.CompletableFuture$AsyncSupply.run(CompletableFuture.java:1604)
	... 1 more
2023-09-14 09:00:50,483 [main] DEBUG balancer.ContainerBalancerTask (ContainerBalancerTask.java:matchSourceWithTarget(708)) - ContainerBalancer is finding suitable target for source datanode fe324c6d-e85c-4f71-8f79-9a2da848e272
2023-09-14 09:00:50,483 [main] INFO  balancer.ContainerBalancerTask (ContainerBalancerTask.java:matchSourceWithTarget(722)) - ContainerBalancer matched source datanode fe324c6d-e85c-4f71-8f79-9a2da848e272 with target datanode da544afb-7eaf-43b5-ab5b-25f9edd40e4d for container move.
2023-09-14 09:00:50,483 [main] INFO  balancer.ContainerBalancerTask (ContainerBalancerTask.java:processMoveSelection(569)) - ContainerBalancer is trying to move container #89 with size 4294967296B from source datanode fe324c6d-e85c-4f71-8f79-9a2da848e272 to target datanode da544afb-7eaf-43b5-ab5b-25f9edd40e4d
2023-09-14 09:00:50,484 [main] INFO  balancer.ContainerBalancerTask (ContainerBalancerTask.java:lambda$moveContainer$3(827)) - Container move for container #89 from source fe324c6d-e85c-4f71-8f79-9a2da848e272 to target da544afb-7eaf-43b5-ab5b-25f9edd40e4d failed with exceptions.
java.lang.RuntimeException: Runtime Exception
	at org.apache.hadoop.hdds.scm.container.balancer.TestContainerBalancerTask.checkIterationResultException(TestContainerBalancerTask.java:1002)
	at sun.reflect.NativeMethodAccessorImpl.invoke0(Native Method)
	at sun.reflect.NativeMethodAccessorImpl.invoke(NativeMethodAccessorImpl.java:62)
	at sun.reflect.DelegatingMethodAccessorImpl.invoke(DelegatingMethodAccessorImpl.java:43)
	at java.lang.reflect.Method.invoke(Method.java:498)
	at org.junit.platform.commons.util.ReflectionUtils.invokeMethod(ReflectionUtils.java:725)
	at org.junit.jupiter.engine.execution.MethodInvocation.proceed(MethodInvocation.java:60)
	at org.junit.jupiter.engine.execution.InvocationInterceptorChain$ValidatingInvocation.proceed(InvocationInterceptorChain.java:131)
	at org.junit.jupiter.engine.extension.TimeoutExtension.intercept(TimeoutExtension.java:149)
	at org.junit.jupiter.engine.extension.TimeoutExtension.interceptTestableMethod(TimeoutExtension.java:140)
	at org.junit.jupiter.engine.extension.TimeoutExtension.interceptTestMethod(TimeoutExtension.java:84)
	at org.junit.jupiter.engine.execution.ExecutableInvoker$ReflectiveInterceptorCall.lambda$ofVoidMethod$0(ExecutableInvoker.java:115)
	at org.junit.jupiter.engine.execution.ExecutableInvoker.lambda$invoke$0(ExecutableInvoker.java:105)
	at org.junit.jupiter.engine.execution.InvocationInterceptorChain$InterceptedInvocation.proceed(InvocationInterceptorChain.java:106)
	at org.junit.jupiter.engine.execution.InvocationInterceptorChain.proceed(InvocationInterceptorChain.java:64)
	at org.junit.jupiter.engine.execution.InvocationInterceptorChain.chainAndInvoke(InvocationInterceptorChain.java:45)
	at org.junit.jupiter.engine.execution.InvocationInterceptorChain.invoke(InvocationInterceptorChain.java:37)
	at org.junit.jupiter.engine.execution.ExecutableInvoker.invoke(ExecutableInvoker.java:104)
	at org.junit.jupiter.engine.execution.ExecutableInvoker.invoke(ExecutableInvoker.java:98)
	at org.junit.jupiter.engine.descriptor.TestMethodTestDescriptor.lambda$invokeTestMethod$7(TestMethodTestDescriptor.java:214)
	at org.junit.platform.engine.support.hierarchical.ThrowableCollector.execute(ThrowableCollector.java:73)
	at org.junit.jupiter.engine.descriptor.TestMethodTestDescriptor.invokeTestMethod(TestMethodTestDescriptor.java:210)
	at org.junit.jupiter.engine.descriptor.TestMethodTestDescriptor.execute(TestMethodTestDescriptor.java:135)
	at org.junit.jupiter.engine.descriptor.TestMethodTestDescriptor.execute(TestMethodTestDescriptor.java:66)
	at org.junit.platform.engine.support.hierarchical.NodeTestTask.lambda$executeRecursively$6(NodeTestTask.java:151)
	at org.junit.platform.engine.support.hierarchical.ThrowableCollector.execute(ThrowableCollector.java:73)
	at org.junit.platform.engine.support.hierarchical.NodeTestTask.lambda$executeRecursively$8(NodeTestTask.java:141)
	at org.junit.platform.engine.support.hierarchical.Node.around(Node.java:137)
	at org.junit.platform.engine.support.hierarchical.NodeTestTask.lambda$executeRecursively$9(NodeTestTask.java:139)
	at org.junit.platform.engine.support.hierarchical.ThrowableCollector.execute(ThrowableCollector.java:73)
	at org.junit.platform.engine.support.hierarchical.NodeTestTask.executeRecursively(NodeTestTask.java:138)
	at org.junit.platform.engine.support.hierarchical.NodeTestTask.execute(NodeTestTask.java:95)
	at java.util.ArrayList.forEach(ArrayList.java:1259)
	at org.junit.platform.engine.support.hierarchical.SameThreadHierarchicalTestExecutorService.invokeAll(SameThreadHierarchicalTestExecutorService.java:41)
	at org.junit.platform.engine.support.hierarchical.NodeTestTask.lambda$executeRecursively$6(NodeTestTask.java:155)
	at org.junit.platform.engine.support.hierarchical.ThrowableCollector.execute(ThrowableCollector.java:73)
	at org.junit.platform.engine.support.hierarchical.NodeTestTask.lambda$executeRecursively$8(NodeTestTask.java:141)
	at org.junit.platform.engine.support.hierarchical.Node.around(Node.java:137)
	at org.junit.platform.engine.support.hierarchical.NodeTestTask.lambda$executeRecursively$9(NodeTestTask.java:139)
	at org.junit.platform.engine.support.hierarchical.ThrowableCollector.execute(ThrowableCollector.java:73)
	at org.junit.platform.engine.support.hierarchical.NodeTestTask.executeRecursively(NodeTestTask.java:138)
	at org.junit.platform.engine.support.hierarchical.NodeTestTask.execute(NodeTestTask.java:95)
	at java.util.ArrayList.forEach(ArrayList.java:1259)
	at org.junit.platform.engine.support.hierarchical.SameThreadHierarchicalTestExecutorService.invokeAll(SameThreadHierarchicalTestExecutorService.java:41)
	at org.junit.platform.engine.support.hierarchical.NodeTestTask.lambda$executeRecursively$6(NodeTestTask.java:155)
	at org.junit.platform.engine.support.hierarchical.ThrowableCollector.execute(ThrowableCollector.java:73)
	at org.junit.platform.engine.support.hierarchical.NodeTestTask.lambda$executeRecursively$8(NodeTestTask.java:141)
	at org.junit.platform.engine.support.hierarchical.Node.around(Node.java:137)
	at org.junit.platform.engine.support.hierarchical.NodeTestTask.lambda$executeRecursively$9(NodeTestTask.java:139)
	at org.junit.platform.engine.support.hierarchical.ThrowableCollector.execute(ThrowableCollector.java:73)
	at org.junit.platform.engine.support.hierarchical.NodeTestTask.executeRecursively(NodeTestTask.java:138)
	at org.junit.platform.engine.support.hierarchical.NodeTestTask.execute(NodeTestTask.java:95)
	at org.junit.platform.engine.support.hierarchical.SameThreadHierarchicalTestExecutorService.submit(SameThreadHierarchicalTestExecutorService.java:35)
	at org.junit.platform.engine.support.hierarchical.HierarchicalTestExecutor.execute(HierarchicalTestExecutor.java:57)
	at org.junit.platform.engine.support.hierarchical.HierarchicalTestEngine.execute(HierarchicalTestEngine.java:54)
	at org.junit.platform.launcher.core.EngineExecutionOrchestrator.execute(EngineExecutionOrchestrator.java:107)
	at org.junit.platform.launcher.core.EngineExecutionOrchestrator.execute(EngineExecutionOrchestrator.java:88)
	at org.junit.platform.launcher.core.EngineExecutionOrchestrator.lambda$execute$0(EngineExecutionOrchestrator.java:54)
	at org.junit.platform.launcher.core.EngineExecutionOrchestrator.withInterceptedStreams(EngineExecutionOrchestrator.java:67)
	at org.junit.platform.launcher.core.EngineExecutionOrchestrator.execute(EngineExecutionOrchestrator.java:52)
	at org.junit.platform.launcher.core.DefaultLauncher.execute(DefaultLauncher.java:114)
	at org.junit.platform.launcher.core.DefaultLauncher.execute(DefaultLauncher.java:86)
	at org.junit.platform.launcher.core.DefaultLauncherSession$DelegatingLauncher.execute(DefaultLauncherSession.java:86)
	at org.junit.platform.launcher.core.SessionPerRequestLauncher.execute(SessionPerRequestLauncher.java:53)
	at org.apache.maven.surefire.junitplatform.JUnitPlatformProvider.execute(JUnitPlatformProvider.java:188)
	at org.apache.maven.surefire.junitplatform.JUnitPlatformProvider.invokeAllTests(JUnitPlatformProvider.java:154)
	at org.apache.maven.surefire.junitplatform.JUnitPlatformProvider.invoke(JUnitPlatformProvider.java:124)
	at org.apache.maven.surefire.booter.ForkedBooter.runSuitesInProcess(ForkedBooter.java:428)
	at org.apache.maven.surefire.booter.ForkedBooter.execute(ForkedBooter.java:162)
	at org.apache.maven.surefire.booter.ForkedBooter.run(ForkedBooter.java:562)
	at org.apache.maven.surefire.booter.ForkedBooter.main(ForkedBooter.java:548)
2023-09-14 09:00:50,486 [main] DEBUG balancer.ContainerBalancerTask (ContainerBalancerTask.java:matchSourceWithTarget(708)) - ContainerBalancer is finding suitable target for source datanode 98d7ebe5-7576-4882-8f36-ae40ff1a9ba1
2023-09-14 09:00:50,486 [main] INFO  balancer.ContainerBalancerTask (ContainerBalancerTask.java:matchSourceWithTarget(722)) - ContainerBalancer matched source datanode 98d7ebe5-7576-4882-8f36-ae40ff1a9ba1 with target datanode da544afb-7eaf-43b5-ab5b-25f9edd40e4d for container move.
2023-09-14 09:00:50,486 [main] INFO  balancer.ContainerBalancerTask (ContainerBalancerTask.java:processMoveSelection(569)) - ContainerBalancer is trying to move container #53 with size 5368709120B from source datanode 98d7ebe5-7576-4882-8f36-ae40ff1a9ba1 to target datanode da544afb-7eaf-43b5-ab5b-25f9edd40e4d
2023-09-14 09:00:50,487 [main] INFO  balancer.ContainerBalancerTask (ContainerBalancerTask.java:lambda$moveContainer$3(827)) - Container move for container #53 from source 98d7ebe5-7576-4882-8f36-ae40ff1a9ba1 to target da544afb-7eaf-43b5-ab5b-25f9edd40e4d failed with exceptions.
java.lang.RuntimeException: Runtime Exception
	at org.apache.hadoop.hdds.scm.container.balancer.TestContainerBalancerTask.checkIterationResultException(TestContainerBalancerTask.java:1002)
	at sun.reflect.NativeMethodAccessorImpl.invoke0(Native Method)
	at sun.reflect.NativeMethodAccessorImpl.invoke(NativeMethodAccessorImpl.java:62)
	at sun.reflect.DelegatingMethodAccessorImpl.invoke(DelegatingMethodAccessorImpl.java:43)
	at java.lang.reflect.Method.invoke(Method.java:498)
	at org.junit.platform.commons.util.ReflectionUtils.invokeMethod(ReflectionUtils.java:725)
	at org.junit.jupiter.engine.execution.MethodInvocation.proceed(MethodInvocation.java:60)
	at org.junit.jupiter.engine.execution.InvocationInterceptorChain$ValidatingInvocation.proceed(InvocationInterceptorChain.java:131)
	at org.junit.jupiter.engine.extension.TimeoutExtension.intercept(TimeoutExtension.java:149)
	at org.junit.jupiter.engine.extension.TimeoutExtension.interceptTestableMethod(TimeoutExtension.java:140)
	at org.junit.jupiter.engine.extension.TimeoutExtension.interceptTestMethod(TimeoutExtension.java:84)
	at org.junit.jupiter.engine.execution.ExecutableInvoker$ReflectiveInterceptorCall.lambda$ofVoidMethod$0(ExecutableInvoker.java:115)
	at org.junit.jupiter.engine.execution.ExecutableInvoker.lambda$invoke$0(ExecutableInvoker.java:105)
	at org.junit.jupiter.engine.execution.InvocationInterceptorChain$InterceptedInvocation.proceed(InvocationInterceptorChain.java:106)
	at org.junit.jupiter.engine.execution.InvocationInterceptorChain.proceed(InvocationInterceptorChain.java:64)
	at org.junit.jupiter.engine.execution.InvocationInterceptorChain.chainAndInvoke(InvocationInterceptorChain.java:45)
	at org.junit.jupiter.engine.execution.InvocationInterceptorChain.invoke(InvocationInterceptorChain.java:37)
	at org.junit.jupiter.engine.execution.ExecutableInvoker.invoke(ExecutableInvoker.java:104)
	at org.junit.jupiter.engine.execution.ExecutableInvoker.invoke(ExecutableInvoker.java:98)
	at org.junit.jupiter.engine.descriptor.TestMethodTestDescriptor.lambda$invokeTestMethod$7(TestMethodTestDescriptor.java:214)
	at org.junit.platform.engine.support.hierarchical.ThrowableCollector.execute(ThrowableCollector.java:73)
	at org.junit.jupiter.engine.descriptor.TestMethodTestDescriptor.invokeTestMethod(TestMethodTestDescriptor.java:210)
	at org.junit.jupiter.engine.descriptor.TestMethodTestDescriptor.execute(TestMethodTestDescriptor.java:135)
	at org.junit.jupiter.engine.descriptor.TestMethodTestDescriptor.execute(TestMethodTestDescriptor.java:66)
	at org.junit.platform.engine.support.hierarchical.NodeTestTask.lambda$executeRecursively$6(NodeTestTask.java:151)
	at org.junit.platform.engine.support.hierarchical.ThrowableCollector.execute(ThrowableCollector.java:73)
	at org.junit.platform.engine.support.hierarchical.NodeTestTask.lambda$executeRecursively$8(NodeTestTask.java:141)
	at org.junit.platform.engine.support.hierarchical.Node.around(Node.java:137)
	at org.junit.platform.engine.support.hierarchical.NodeTestTask.lambda$executeRecursively$9(NodeTestTask.java:139)
	at org.junit.platform.engine.support.hierarchical.ThrowableCollector.execute(ThrowableCollector.java:73)
	at org.junit.platform.engine.support.hierarchical.NodeTestTask.executeRecursively(NodeTestTask.java:138)
	at org.junit.platform.engine.support.hierarchical.NodeTestTask.execute(NodeTestTask.java:95)
	at java.util.ArrayList.forEach(ArrayList.java:1259)
	at org.junit.platform.engine.support.hierarchical.SameThreadHierarchicalTestExecutorService.invokeAll(SameThreadHierarchicalTestExecutorService.java:41)
	at org.junit.platform.engine.support.hierarchical.NodeTestTask.lambda$executeRecursively$6(NodeTestTask.java:155)
	at org.junit.platform.engine.support.hierarchical.ThrowableCollector.execute(ThrowableCollector.java:73)
	at org.junit.platform.engine.support.hierarchical.NodeTestTask.lambda$executeRecursively$8(NodeTestTask.java:141)
	at org.junit.platform.engine.support.hierarchical.Node.around(Node.java:137)
	at org.junit.platform.engine.support.hierarchical.NodeTestTask.lambda$executeRecursively$9(NodeTestTask.java:139)
	at org.junit.platform.engine.support.hierarchical.ThrowableCollector.execute(ThrowableCollector.java:73)
	at org.junit.platform.engine.support.hierarchical.NodeTestTask.executeRecursively(NodeTestTask.java:138)
	at org.junit.platform.engine.support.hierarchical.NodeTestTask.execute(NodeTestTask.java:95)
	at java.util.ArrayList.forEach(ArrayList.java:1259)
	at org.junit.platform.engine.support.hierarchical.SameThreadHierarchicalTestExecutorService.invokeAll(SameThreadHierarchicalTestExecutorService.java:41)
	at org.junit.platform.engine.support.hierarchical.NodeTestTask.lambda$executeRecursively$6(NodeTestTask.java:155)
	at org.junit.platform.engine.support.hierarchical.ThrowableCollector.execute(ThrowableCollector.java:73)
	at org.junit.platform.engine.support.hierarchical.NodeTestTask.lambda$executeRecursively$8(NodeTestTask.java:141)
	at org.junit.platform.engine.support.hierarchical.Node.around(Node.java:137)
	at org.junit.platform.engine.support.hierarchical.NodeTestTask.lambda$executeRecursively$9(NodeTestTask.java:139)
	at org.junit.platform.engine.support.hierarchical.ThrowableCollector.execute(ThrowableCollector.java:73)
	at org.junit.platform.engine.support.hierarchical.NodeTestTask.executeRecursively(NodeTestTask.java:138)
	at org.junit.platform.engine.support.hierarchical.NodeTestTask.execute(NodeTestTask.java:95)
	at org.junit.platform.engine.support.hierarchical.SameThreadHierarchicalTestExecutorService.submit(SameThreadHierarchicalTestExecutorService.java:35)
	at org.junit.platform.engine.support.hierarchical.HierarchicalTestExecutor.execute(HierarchicalTestExecutor.java:57)
	at org.junit.platform.engine.support.hierarchical.HierarchicalTestEngine.execute(HierarchicalTestEngine.java:54)
	at org.junit.platform.launcher.core.EngineExecutionOrchestrator.execute(EngineExecutionOrchestrator.java:107)
	at org.junit.platform.launcher.core.EngineExecutionOrchestrator.execute(EngineExecutionOrchestrator.java:88)
	at org.junit.platform.launcher.core.EngineExecutionOrchestrator.lambda$execute$0(EngineExecutionOrchestrator.java:54)
	at org.junit.platform.launcher.core.EngineExecutionOrchestrator.withInterceptedStreams(EngineExecutionOrchestrator.java:67)
	at org.junit.platform.launcher.core.EngineExecutionOrchestrator.execute(EngineExecutionOrchestrator.java:52)
	at org.junit.platform.launcher.core.DefaultLauncher.execute(DefaultLauncher.java:114)
	at org.junit.platform.launcher.core.DefaultLauncher.execute(DefaultLauncher.java:86)
	at org.junit.platform.launcher.core.DefaultLauncherSession$DelegatingLauncher.execute(DefaultLauncherSession.java:86)
	at org.junit.platform.launcher.core.SessionPerRequestLauncher.execute(SessionPerRequestLauncher.java:53)
	at org.apache.maven.surefire.junitplatform.JUnitPlatformProvider.execute(JUnitPlatformProvider.java:188)
	at org.apache.maven.surefire.junitplatform.JUnitPlatformProvider.invokeAllTests(JUnitPlatformProvider.java:154)
	at org.apache.maven.surefire.junitplatform.JUnitPlatformProvider.invoke(JUnitPlatformProvider.java:124)
	at org.apache.maven.surefire.booter.ForkedBooter.runSuitesInProcess(ForkedBooter.java:428)
	at org.apache.maven.surefire.booter.ForkedBooter.execute(ForkedBooter.java:162)
	at org.apache.maven.surefire.booter.ForkedBooter.run(ForkedBooter.java:562)
	at org.apache.maven.surefire.booter.ForkedBooter.main(ForkedBooter.java:548)
2023-09-14 09:00:50,489 [main] DEBUG balancer.ContainerBalancerTask (ContainerBalancerTask.java:matchSourceWithTarget(708)) - ContainerBalancer is finding suitable target for source datanode 6999fc12-c289-4868-b489-c687d2b6eb1c
2023-09-14 09:00:50,489 [main] INFO  balancer.ContainerBalancerTask (ContainerBalancerTask.java:matchSourceWithTarget(722)) - ContainerBalancer matched source datanode 6999fc12-c289-4868-b489-c687d2b6eb1c with target datanode da544afb-7eaf-43b5-ab5b-25f9edd40e4d for container move.
2023-09-14 09:00:50,489 [main] INFO  balancer.ContainerBalancerTask (ContainerBalancerTask.java:processMoveSelection(569)) - ContainerBalancer is trying to move container #40 with size 5368709120B from source datanode 6999fc12-c289-4868-b489-c687d2b6eb1c to target datanode da544afb-7eaf-43b5-ab5b-25f9edd40e4d
2023-09-14 09:00:50,490 [main] INFO  balancer.ContainerBalancerTask (ContainerBalancerTask.java:lambda$moveContainer$3(827)) - Container move for container #40 from source 6999fc12-c289-4868-b489-c687d2b6eb1c to target da544afb-7eaf-43b5-ab5b-25f9edd40e4d failed with exceptions.
java.lang.RuntimeException: Runtime Exception
	at org.apache.hadoop.hdds.scm.container.balancer.TestContainerBalancerTask.checkIterationResultException(TestContainerBalancerTask.java:1002)
	at sun.reflect.NativeMethodAccessorImpl.invoke0(Native Method)
	at sun.reflect.NativeMethodAccessorImpl.invoke(NativeMethodAccessorImpl.java:62)
	at sun.reflect.DelegatingMethodAccessorImpl.invoke(DelegatingMethodAccessorImpl.java:43)
	at java.lang.reflect.Method.invoke(Method.java:498)
	at org.junit.platform.commons.util.ReflectionUtils.invokeMethod(ReflectionUtils.java:725)
	at org.junit.jupiter.engine.execution.MethodInvocation.proceed(MethodInvocation.java:60)
	at org.junit.jupiter.engine.execution.InvocationInterceptorChain$ValidatingInvocation.proceed(InvocationInterceptorChain.java:131)
	at org.junit.jupiter.engine.extension.TimeoutExtension.intercept(TimeoutExtension.java:149)
	at org.junit.jupiter.engine.extension.TimeoutExtension.interceptTestableMethod(TimeoutExtension.java:140)
	at org.junit.jupiter.engine.extension.TimeoutExtension.interceptTestMethod(TimeoutExtension.java:84)
	at org.junit.jupiter.engine.execution.ExecutableInvoker$ReflectiveInterceptorCall.lambda$ofVoidMethod$0(ExecutableInvoker.java:115)
	at org.junit.jupiter.engine.execution.ExecutableInvoker.lambda$invoke$0(ExecutableInvoker.java:105)
	at org.junit.jupiter.engine.execution.InvocationInterceptorChain$InterceptedInvocation.proceed(InvocationInterceptorChain.java:106)
	at org.junit.jupiter.engine.execution.InvocationInterceptorChain.proceed(InvocationInterceptorChain.java:64)
	at org.junit.jupiter.engine.execution.InvocationInterceptorChain.chainAndInvoke(InvocationInterceptorChain.java:45)
	at org.junit.jupiter.engine.execution.InvocationInterceptorChain.invoke(InvocationInterceptorChain.java:37)
	at org.junit.jupiter.engine.execution.ExecutableInvoker.invoke(ExecutableInvoker.java:104)
	at org.junit.jupiter.engine.execution.ExecutableInvoker.invoke(ExecutableInvoker.java:98)
	at org.junit.jupiter.engine.descriptor.TestMethodTestDescriptor.lambda$invokeTestMethod$7(TestMethodTestDescriptor.java:214)
	at org.junit.platform.engine.support.hierarchical.ThrowableCollector.execute(ThrowableCollector.java:73)
	at org.junit.jupiter.engine.descriptor.TestMethodTestDescriptor.invokeTestMethod(TestMethodTestDescriptor.java:210)
	at org.junit.jupiter.engine.descriptor.TestMethodTestDescriptor.execute(TestMethodTestDescriptor.java:135)
	at org.junit.jupiter.engine.descriptor.TestMethodTestDescriptor.execute(TestMethodTestDescriptor.java:66)
	at org.junit.platform.engine.support.hierarchical.NodeTestTask.lambda$executeRecursively$6(NodeTestTask.java:151)
	at org.junit.platform.engine.support.hierarchical.ThrowableCollector.execute(ThrowableCollector.java:73)
	at org.junit.platform.engine.support.hierarchical.NodeTestTask.lambda$executeRecursively$8(NodeTestTask.java:141)
	at org.junit.platform.engine.support.hierarchical.Node.around(Node.java:137)
	at org.junit.platform.engine.support.hierarchical.NodeTestTask.lambda$executeRecursively$9(NodeTestTask.java:139)
	at org.junit.platform.engine.support.hierarchical.ThrowableCollector.execute(ThrowableCollector.java:73)
	at org.junit.platform.engine.support.hierarchical.NodeTestTask.executeRecursively(NodeTestTask.java:138)
	at org.junit.platform.engine.support.hierarchical.NodeTestTask.execute(NodeTestTask.java:95)
	at java.util.ArrayList.forEach(ArrayList.java:1259)
	at org.junit.platform.engine.support.hierarchical.SameThreadHierarchicalTestExecutorService.invokeAll(SameThreadHierarchicalTestExecutorService.java:41)
	at org.junit.platform.engine.support.hierarchical.NodeTestTask.lambda$executeRecursively$6(NodeTestTask.java:155)
	at org.junit.platform.engine.support.hierarchical.ThrowableCollector.execute(ThrowableCollector.java:73)
	at org.junit.platform.engine.support.hierarchical.NodeTestTask.lambda$executeRecursively$8(NodeTestTask.java:141)
	at org.junit.platform.engine.support.hierarchical.Node.around(Node.java:137)
	at org.junit.platform.engine.support.hierarchical.NodeTestTask.lambda$executeRecursively$9(NodeTestTask.java:139)
	at org.junit.platform.engine.support.hierarchical.ThrowableCollector.execute(ThrowableCollector.java:73)
	at org.junit.platform.engine.support.hierarchical.NodeTestTask.executeRecursively(NodeTestTask.java:138)
	at org.junit.platform.engine.support.hierarchical.NodeTestTask.execute(NodeTestTask.java:95)
	at java.util.ArrayList.forEach(ArrayList.java:1259)
	at org.junit.platform.engine.support.hierarchical.SameThreadHierarchicalTestExecutorService.invokeAll(SameThreadHierarchicalTestExecutorService.java:41)
	at org.junit.platform.engine.support.hierarchical.NodeTestTask.lambda$executeRecursively$6(NodeTestTask.java:155)
	at org.junit.platform.engine.support.hierarchical.ThrowableCollector.execute(ThrowableCollector.java:73)
	at org.junit.platform.engine.support.hierarchical.NodeTestTask.lambda$executeRecursively$8(NodeTestTask.java:141)
	at org.junit.platform.engine.support.hierarchical.Node.around(Node.java:137)
	at org.junit.platform.engine.support.hierarchical.NodeTestTask.lambda$executeRecursively$9(NodeTestTask.java:139)
	at org.junit.platform.engine.support.hierarchical.ThrowableCollector.execute(ThrowableCollector.java:73)
	at org.junit.platform.engine.support.hierarchical.NodeTestTask.executeRecursively(NodeTestTask.java:138)
	at org.junit.platform.engine.support.hierarchical.NodeTestTask.execute(NodeTestTask.java:95)
	at org.junit.platform.engine.support.hierarchical.SameThreadHierarchicalTestExecutorService.submit(SameThreadHierarchicalTestExecutorService.java:35)
	at org.junit.platform.engine.support.hierarchical.HierarchicalTestExecutor.execute(HierarchicalTestExecutor.java:57)
	at org.junit.platform.engine.support.hierarchical.HierarchicalTestEngine.execute(HierarchicalTestEngine.java:54)
	at org.junit.platform.launcher.core.EngineExecutionOrchestrator.execute(EngineExecutionOrchestrator.java:107)
	at org.junit.platform.launcher.core.EngineExecutionOrchestrator.execute(EngineExecutionOrchestrator.java:88)
	at org.junit.platform.launcher.core.EngineExecutionOrchestrator.lambda$execute$0(EngineExecutionOrchestrator.java:54)
	at org.junit.platform.launcher.core.EngineExecutionOrchestrator.withInterceptedStreams(EngineExecutionOrchestrator.java:67)
	at org.junit.platform.launcher.core.EngineExecutionOrchestrator.execute(EngineExecutionOrchestrator.java:52)
	at org.junit.platform.launcher.core.DefaultLauncher.execute(DefaultLauncher.java:114)
	at org.junit.platform.launcher.core.DefaultLauncher.execute(DefaultLauncher.java:86)
	at org.junit.platform.launcher.core.DefaultLauncherSession$DelegatingLauncher.execute(DefaultLauncherSession.java:86)
	at org.junit.platform.launcher.core.SessionPerRequestLauncher.execute(SessionPerRequestLauncher.java:53)
	at org.apache.maven.surefire.junitplatform.JUnitPlatformProvider.execute(JUnitPlatformProvider.java:188)
	at org.apache.maven.surefire.junitplatform.JUnitPlatformProvider.invokeAllTests(JUnitPlatformProvider.java:154)
	at org.apache.maven.surefire.junitplatform.JUnitPlatformProvider.invoke(JUnitPlatformProvider.java:124)
	at org.apache.maven.surefire.booter.ForkedBooter.runSuitesInProcess(ForkedBooter.java:428)
	at org.apache.maven.surefire.booter.ForkedBooter.execute(ForkedBooter.java:162)
	at org.apache.maven.surefire.booter.ForkedBooter.run(ForkedBooter.java:562)
	at org.apache.maven.surefire.booter.ForkedBooter.main(ForkedBooter.java:548)
2023-09-14 09:00:50,493 [main] DEBUG balancer.ContainerBalancerTask (ContainerBalancerTask.java:matchSourceWithTarget(708)) - ContainerBalancer is finding suitable target for source datanode c05b57ab-c356-4f39-afe6-9b7463d4fc70
2023-09-14 09:00:50,493 [main] INFO  balancer.ContainerBalancerTask (ContainerBalancerTask.java:matchSourceWithTarget(722)) - ContainerBalancer matched source datanode c05b57ab-c356-4f39-afe6-9b7463d4fc70 with target datanode da544afb-7eaf-43b5-ab5b-25f9edd40e4d for container move.
2023-09-14 09:00:50,493 [main] INFO  balancer.ContainerBalancerTask (ContainerBalancerTask.java:processMoveSelection(569)) - ContainerBalancer is trying to move container #68 with size 5368709120B from source datanode c05b57ab-c356-4f39-afe6-9b7463d4fc70 to target datanode da544afb-7eaf-43b5-ab5b-25f9edd40e4d
2023-09-14 09:00:50,493 [main] INFO  balancer.ContainerBalancerTask (ContainerBalancerTask.java:lambda$moveContainer$3(827)) - Container move for container #68 from source c05b57ab-c356-4f39-afe6-9b7463d4fc70 to target da544afb-7eaf-43b5-ab5b-25f9edd40e4d failed with exceptions.
java.lang.RuntimeException: Runtime Exception
	at org.apache.hadoop.hdds.scm.container.balancer.TestContainerBalancerTask.checkIterationResultException(TestContainerBalancerTask.java:1002)
	at sun.reflect.NativeMethodAccessorImpl.invoke0(Native Method)
	at sun.reflect.NativeMethodAccessorImpl.invoke(NativeMethodAccessorImpl.java:62)
	at sun.reflect.DelegatingMethodAccessorImpl.invoke(DelegatingMethodAccessorImpl.java:43)
	at java.lang.reflect.Method.invoke(Method.java:498)
	at org.junit.platform.commons.util.ReflectionUtils.invokeMethod(ReflectionUtils.java:725)
	at org.junit.jupiter.engine.execution.MethodInvocation.proceed(MethodInvocation.java:60)
	at org.junit.jupiter.engine.execution.InvocationInterceptorChain$ValidatingInvocation.proceed(InvocationInterceptorChain.java:131)
	at org.junit.jupiter.engine.extension.TimeoutExtension.intercept(TimeoutExtension.java:149)
	at org.junit.jupiter.engine.extension.TimeoutExtension.interceptTestableMethod(TimeoutExtension.java:140)
	at org.junit.jupiter.engine.extension.TimeoutExtension.interceptTestMethod(TimeoutExtension.java:84)
	at org.junit.jupiter.engine.execution.ExecutableInvoker$ReflectiveInterceptorCall.lambda$ofVoidMethod$0(ExecutableInvoker.java:115)
	at org.junit.jupiter.engine.execution.ExecutableInvoker.lambda$invoke$0(ExecutableInvoker.java:105)
	at org.junit.jupiter.engine.execution.InvocationInterceptorChain$InterceptedInvocation.proceed(InvocationInterceptorChain.java:106)
	at org.junit.jupiter.engine.execution.InvocationInterceptorChain.proceed(InvocationInterceptorChain.java:64)
	at org.junit.jupiter.engine.execution.InvocationInterceptorChain.chainAndInvoke(InvocationInterceptorChain.java:45)
	at org.junit.jupiter.engine.execution.InvocationInterceptorChain.invoke(InvocationInterceptorChain.java:37)
	at org.junit.jupiter.engine.execution.ExecutableInvoker.invoke(ExecutableInvoker.java:104)
	at org.junit.jupiter.engine.execution.ExecutableInvoker.invoke(ExecutableInvoker.java:98)
	at org.junit.jupiter.engine.descriptor.TestMethodTestDescriptor.lambda$invokeTestMethod$7(TestMethodTestDescriptor.java:214)
	at org.junit.platform.engine.support.hierarchical.ThrowableCollector.execute(ThrowableCollector.java:73)
	at org.junit.jupiter.engine.descriptor.TestMethodTestDescriptor.invokeTestMethod(TestMethodTestDescriptor.java:210)
	at org.junit.jupiter.engine.descriptor.TestMethodTestDescriptor.execute(TestMethodTestDescriptor.java:135)
	at org.junit.jupiter.engine.descriptor.TestMethodTestDescriptor.execute(TestMethodTestDescriptor.java:66)
	at org.junit.platform.engine.support.hierarchical.NodeTestTask.lambda$executeRecursively$6(NodeTestTask.java:151)
	at org.junit.platform.engine.support.hierarchical.ThrowableCollector.execute(ThrowableCollector.java:73)
	at org.junit.platform.engine.support.hierarchical.NodeTestTask.lambda$executeRecursively$8(NodeTestTask.java:141)
	at org.junit.platform.engine.support.hierarchical.Node.around(Node.java:137)
	at org.junit.platform.engine.support.hierarchical.NodeTestTask.lambda$executeRecursively$9(NodeTestTask.java:139)
	at org.junit.platform.engine.support.hierarchical.ThrowableCollector.execute(ThrowableCollector.java:73)
	at org.junit.platform.engine.support.hierarchical.NodeTestTask.executeRecursively(NodeTestTask.java:138)
	at org.junit.platform.engine.support.hierarchical.NodeTestTask.execute(NodeTestTask.java:95)
	at java.util.ArrayList.forEach(ArrayList.java:1259)
	at org.junit.platform.engine.support.hierarchical.SameThreadHierarchicalTestExecutorService.invokeAll(SameThreadHierarchicalTestExecutorService.java:41)
	at org.junit.platform.engine.support.hierarchical.NodeTestTask.lambda$executeRecursively$6(NodeTestTask.java:155)
	at org.junit.platform.engine.support.hierarchical.ThrowableCollector.execute(ThrowableCollector.java:73)
	at org.junit.platform.engine.support.hierarchical.NodeTestTask.lambda$executeRecursively$8(NodeTestTask.java:141)
	at org.junit.platform.engine.support.hierarchical.Node.around(Node.java:137)
	at org.junit.platform.engine.support.hierarchical.NodeTestTask.lambda$executeRecursively$9(NodeTestTask.java:139)
	at org.junit.platform.engine.support.hierarchical.ThrowableCollector.execute(ThrowableCollector.java:73)
	at org.junit.platform.engine.support.hierarchical.NodeTestTask.executeRecursively(NodeTestTask.java:138)
	at org.junit.platform.engine.support.hierarchical.NodeTestTask.execute(NodeTestTask.java:95)
	at java.util.ArrayList.forEach(ArrayList.java:1259)
	at org.junit.platform.engine.support.hierarchical.SameThreadHierarchicalTestExecutorService.invokeAll(SameThreadHierarchicalTestExecutorService.java:41)
	at org.junit.platform.engine.support.hierarchical.NodeTestTask.lambda$executeRecursively$6(NodeTestTask.java:155)
	at org.junit.platform.engine.support.hierarchical.ThrowableCollector.execute(ThrowableCollector.java:73)
	at org.junit.platform.engine.support.hierarchical.NodeTestTask.lambda$executeRecursively$8(NodeTestTask.java:141)
	at org.junit.platform.engine.support.hierarchical.Node.around(Node.java:137)
	at org.junit.platform.engine.support.hierarchical.NodeTestTask.lambda$executeRecursively$9(NodeTestTask.java:139)
	at org.junit.platform.engine.support.hierarchical.ThrowableCollector.execute(ThrowableCollector.java:73)
	at org.junit.platform.engine.support.hierarchical.NodeTestTask.executeRecursively(NodeTestTask.java:138)
	at org.junit.platform.engine.support.hierarchical.NodeTestTask.execute(NodeTestTask.java:95)
	at org.junit.platform.engine.support.hierarchical.SameThreadHierarchicalTestExecutorService.submit(SameThreadHierarchicalTestExecutorService.java:35)
	at org.junit.platform.engine.support.hierarchical.HierarchicalTestExecutor.execute(HierarchicalTestExecutor.java:57)
	at org.junit.platform.engine.support.hierarchical.HierarchicalTestEngine.execute(HierarchicalTestEngine.java:54)
	at org.junit.platform.launcher.core.EngineExecutionOrchestrator.execute(EngineExecutionOrchestrator.java:107)
	at org.junit.platform.launcher.core.EngineExecutionOrchestrator.execute(EngineExecutionOrchestrator.java:88)
	at org.junit.platform.launcher.core.EngineExecutionOrchestrator.lambda$execute$0(EngineExecutionOrchestrator.java:54)
	at org.junit.platform.launcher.core.EngineExecutionOrchestrator.withInterceptedStreams(EngineExecutionOrchestrator.java:67)
	at org.junit.platform.launcher.core.EngineExecutionOrchestrator.execute(EngineExecutionOrchestrator.java:52)
	at org.junit.platform.launcher.core.DefaultLauncher.execute(DefaultLauncher.java:114)
	at org.junit.platform.launcher.core.DefaultLauncher.execute(DefaultLauncher.java:86)
	at org.junit.platform.launcher.core.DefaultLauncherSession$DelegatingLauncher.execute(DefaultLauncherSession.java:86)
	at org.junit.platform.launcher.core.SessionPerRequestLauncher.execute(SessionPerRequestLauncher.java:53)
	at org.apache.maven.surefire.junitplatform.JUnitPlatformProvider.execute(JUnitPlatformProvider.java:188)
	at org.apache.maven.surefire.junitplatform.JUnitPlatformProvider.invokeAllTests(JUnitPlatformProvider.java:154)
	at org.apache.maven.surefire.junitplatform.JUnitPlatformProvider.invoke(JUnitPlatformProvider.java:124)
	at org.apache.maven.surefire.booter.ForkedBooter.runSuitesInProcess(ForkedBooter.java:428)
	at org.apache.maven.surefire.booter.ForkedBooter.execute(ForkedBooter.java:162)
	at org.apache.maven.surefire.booter.ForkedBooter.run(ForkedBooter.java:562)
	at org.apache.maven.surefire.booter.ForkedBooter.main(ForkedBooter.java:548)
2023-09-14 09:00:50,495 [main] INFO  balancer.FindSourceGreedy (FindSourceGreedy.java:getNextCandidateSourceDataNode(126)) - no more candidate source data node
2023-09-14 09:00:50,495 [main] ERROR balancer.ContainerBalancerTask (ContainerBalancerTask.java:checkIterationMoveResults(623)) - Got exception while checkIterationMoveResults
java.util.concurrent.ExecutionException: java.lang.RuntimeException: Runtime Exception after doing work
	at java.util.concurrent.CompletableFuture.reportGet(CompletableFuture.java:357)
	at java.util.concurrent.CompletableFuture.get(CompletableFuture.java:1928)
	at org.apache.hadoop.hdds.scm.container.balancer.ContainerBalancerTask.checkIterationMoveResults(ContainerBalancerTask.java:613)
	at org.apache.hadoop.hdds.scm.container.balancer.ContainerBalancerTask.checkIterationResults(ContainerBalancerTask.java:600)
	at org.apache.hadoop.hdds.scm.container.balancer.ContainerBalancerTask.doIteration(ContainerBalancerTask.java:543)
	at org.apache.hadoop.hdds.scm.container.balancer.ContainerBalancerTask.balance(ContainerBalancerTask.java:257)
	at org.apache.hadoop.hdds.scm.container.balancer.ContainerBalancerTask.run(ContainerBalancerTask.java:179)
	at org.apache.hadoop.hdds.scm.container.balancer.TestContainerBalancerTask.startBalancer(TestContainerBalancerTask.java:1321)
	at org.apache.hadoop.hdds.scm.container.balancer.TestContainerBalancerTask.checkIterationResultException(TestContainerBalancerTask.java:1051)
	at sun.reflect.NativeMethodAccessorImpl.invoke0(Native Method)
	at sun.reflect.NativeMethodAccessorImpl.invoke(NativeMethodAccessorImpl.java:62)
	at sun.reflect.DelegatingMethodAccessorImpl.invoke(DelegatingMethodAccessorImpl.java:43)
	at java.lang.reflect.Method.invoke(Method.java:498)
	at org.junit.platform.commons.util.ReflectionUtils.invokeMethod(ReflectionUtils.java:725)
	at org.junit.jupiter.engine.execution.MethodInvocation.proceed(MethodInvocation.java:60)
	at org.junit.jupiter.engine.execution.InvocationInterceptorChain$ValidatingInvocation.proceed(InvocationInterceptorChain.java:131)
	at org.junit.jupiter.engine.extension.TimeoutExtension.intercept(TimeoutExtension.java:149)
	at org.junit.jupiter.engine.extension.TimeoutExtension.interceptTestableMethod(TimeoutExtension.java:140)
	at org.junit.jupiter.engine.extension.TimeoutExtension.interceptTestMethod(TimeoutExtension.java:84)
	at org.junit.jupiter.engine.execution.ExecutableInvoker$ReflectiveInterceptorCall.lambda$ofVoidMethod$0(ExecutableInvoker.java:115)
	at org.junit.jupiter.engine.execution.ExecutableInvoker.lambda$invoke$0(ExecutableInvoker.java:105)
	at org.junit.jupiter.engine.execution.InvocationInterceptorChain$InterceptedInvocation.proceed(InvocationInterceptorChain.java:106)
	at org.junit.jupiter.engine.execution.InvocationInterceptorChain.proceed(InvocationInterceptorChain.java:64)
	at org.junit.jupiter.engine.execution.InvocationInterceptorChain.chainAndInvoke(InvocationInterceptorChain.java:45)
	at org.junit.jupiter.engine.execution.InvocationInterceptorChain.invoke(InvocationInterceptorChain.java:37)
	at org.junit.jupiter.engine.execution.ExecutableInvoker.invoke(ExecutableInvoker.java:104)
	at org.junit.jupiter.engine.execution.ExecutableInvoker.invoke(ExecutableInvoker.java:98)
	at org.junit.jupiter.engine.descriptor.TestMethodTestDescriptor.lambda$invokeTestMethod$7(TestMethodTestDescriptor.java:214)
	at org.junit.platform.engine.support.hierarchical.ThrowableCollector.execute(ThrowableCollector.java:73)
	at org.junit.jupiter.engine.descriptor.TestMethodTestDescriptor.invokeTestMethod(TestMethodTestDescriptor.java:210)
	at org.junit.jupiter.engine.descriptor.TestMethodTestDescriptor.execute(TestMethodTestDescriptor.java:135)
	at org.junit.jupiter.engine.descriptor.TestMethodTestDescriptor.execute(TestMethodTestDescriptor.java:66)
	at org.junit.platform.engine.support.hierarchical.NodeTestTask.lambda$executeRecursively$6(NodeTestTask.java:151)
	at org.junit.platform.engine.support.hierarchical.ThrowableCollector.execute(ThrowableCollector.java:73)
	at org.junit.platform.engine.support.hierarchical.NodeTestTask.lambda$executeRecursively$8(NodeTestTask.java:141)
	at org.junit.platform.engine.support.hierarchical.Node.around(Node.java:137)
	at org.junit.platform.engine.support.hierarchical.NodeTestTask.lambda$executeRecursively$9(NodeTestTask.java:139)
	at org.junit.platform.engine.support.hierarchical.ThrowableCollector.execute(ThrowableCollector.java:73)
	at org.junit.platform.engine.support.hierarchical.NodeTestTask.executeRecursively(NodeTestTask.java:138)
	at org.junit.platform.engine.support.hierarchical.NodeTestTask.execute(NodeTestTask.java:95)
	at java.util.ArrayList.forEach(ArrayList.java:1259)
	at org.junit.platform.engine.support.hierarchical.SameThreadHierarchicalTestExecutorService.invokeAll(SameThreadHierarchicalTestExecutorService.java:41)
	at org.junit.platform.engine.support.hierarchical.NodeTestTask.lambda$executeRecursively$6(NodeTestTask.java:155)
	at org.junit.platform.engine.support.hierarchical.ThrowableCollector.execute(ThrowableCollector.java:73)
	at org.junit.platform.engine.support.hierarchical.NodeTestTask.lambda$executeRecursively$8(NodeTestTask.java:141)
	at org.junit.platform.engine.support.hierarchical.Node.around(Node.java:137)
	at org.junit.platform.engine.support.hierarchical.NodeTestTask.lambda$executeRecursively$9(NodeTestTask.java:139)
	at org.junit.platform.engine.support.hierarchical.ThrowableCollector.execute(ThrowableCollector.java:73)
	at org.junit.platform.engine.support.hierarchical.NodeTestTask.executeRecursively(NodeTestTask.java:138)
	at org.junit.platform.engine.support.hierarchical.NodeTestTask.execute(NodeTestTask.java:95)
	at java.util.ArrayList.forEach(ArrayList.java:1259)
	at org.junit.platform.engine.support.hierarchical.SameThreadHierarchicalTestExecutorService.invokeAll(SameThreadHierarchicalTestExecutorService.java:41)
	at org.junit.platform.engine.support.hierarchical.NodeTestTask.lambda$executeRecursively$6(NodeTestTask.java:155)
	at org.junit.platform.engine.support.hierarchical.ThrowableCollector.execute(ThrowableCollector.java:73)
	at org.junit.platform.engine.support.hierarchical.NodeTestTask.lambda$executeRecursively$8(NodeTestTask.java:141)
	at org.junit.platform.engine.support.hierarchical.Node.around(Node.java:137)
	at org.junit.platform.engine.support.hierarchical.NodeTestTask.lambda$executeRecursively$9(NodeTestTask.java:139)
	at org.junit.platform.engine.support.hierarchical.ThrowableCollector.execute(ThrowableCollector.java:73)
	at org.junit.platform.engine.support.hierarchical.NodeTestTask.executeRecursively(NodeTestTask.java:138)
	at org.junit.platform.engine.support.hierarchical.NodeTestTask.execute(NodeTestTask.java:95)
	at org.junit.platform.engine.support.hierarchical.SameThreadHierarchicalTestExecutorService.submit(SameThreadHierarchicalTestExecutorService.java:35)
	at org.junit.platform.engine.support.hierarchical.HierarchicalTestExecutor.execute(HierarchicalTestExecutor.java:57)
	at org.junit.platform.engine.support.hierarchical.HierarchicalTestEngine.execute(HierarchicalTestEngine.java:54)
	at org.junit.platform.launcher.core.EngineExecutionOrchestrator.execute(EngineExecutionOrchestrator.java:107)
	at org.junit.platform.launcher.core.EngineExecutionOrchestrator.execute(EngineExecutionOrchestrator.java:88)
	at org.junit.platform.launcher.core.EngineExecutionOrchestrator.lambda$execute$0(EngineExecutionOrchestrator.java:54)
	at org.junit.platform.launcher.core.EngineExecutionOrchestrator.withInterceptedStreams(EngineExecutionOrchestrator.java:67)
	at org.junit.platform.launcher.core.EngineExecutionOrchestrator.execute(EngineExecutionOrchestrator.java:52)
	at org.junit.platform.launcher.core.DefaultLauncher.execute(DefaultLauncher.java:114)
	at org.junit.platform.launcher.core.DefaultLauncher.execute(DefaultLauncher.java:86)
	at org.junit.platform.launcher.core.DefaultLauncherSession$DelegatingLauncher.execute(DefaultLauncherSession.java:86)
	at org.junit.platform.launcher.core.SessionPerRequestLauncher.execute(SessionPerRequestLauncher.java:53)
	at org.apache.maven.surefire.junitplatform.JUnitPlatformProvider.execute(JUnitPlatformProvider.java:188)
	at org.apache.maven.surefire.junitplatform.JUnitPlatformProvider.invokeAllTests(JUnitPlatformProvider.java:154)
	at org.apache.maven.surefire.junitplatform.JUnitPlatformProvider.invoke(JUnitPlatformProvider.java:124)
	at org.apache.maven.surefire.booter.ForkedBooter.runSuitesInProcess(ForkedBooter.java:428)
	at org.apache.maven.surefire.booter.ForkedBooter.execute(ForkedBooter.java:162)
	at org.apache.maven.surefire.booter.ForkedBooter.run(ForkedBooter.java:562)
	at org.apache.maven.surefire.booter.ForkedBooter.main(ForkedBooter.java:548)
Caused by: java.lang.RuntimeException: Runtime Exception after doing work
	at org.apache.hadoop.hdds.scm.container.balancer.TestContainerBalancerTask.lambda$checkIterationResultException$11(TestContainerBalancerTask.java:1045)
	at java.util.concurrent.CompletableFuture$AsyncSupply.run(CompletableFuture.java:1604)
	at java.lang.Thread.run(Thread.java:750)
2023-09-14 09:00:50,496 [main] INFO  balancer.ContainerBalancerTask (ContainerBalancerTask.java:checkIterationMoveResults(642)) - Iteration Summary. Number of Datanodes involved: 2. Size moved: 0 B (0 Bytes). Number of Container moves completed: 0.
2023-09-14 09:00:50,496 [main] INFO  balancer.ContainerBalancerTask (ContainerBalancerTask.java:balance(259)) - Result of this iteration of Container Balancer: ITERATION_COMPLETED
2023-09-14 09:00:50,497 [main] INFO  balancer.ContainerBalancerTask (ContainerBalancerTask.java:tryStopWithSaveConfiguration(308)) - Save Configuration for stopping. Reason: Completed all iterations.
]]></system-out>
  </testcase>
  <testcase name="balancerShouldObeyMaxSizeLeavingSourceLimit" classname="org.apache.hadoop.hdds.scm.container.balancer.TestContainerBalancerTask" time="0.246">
    <system-out><![CDATA[2023-09-14 09:00:50,521 [main] INFO  net.NodeSchemaLoader (NodeSchemaLoader.java:loadSchemaFromFile(129)) - Loading schema from [file:/home/runner/work/ozone/ozone/hadoop-hdds/common/target/classes/network-topology-default.xml]
2023-09-14 09:00:50,522 [main] INFO  net.NodeSchemaLoader (NodeSchemaLoader.java:loadSchema(176)) - Loading network topology layer schema file
2023-09-14 09:00:50,523 [main] INFO  net.NetworkTopologyImpl (NetworkTopologyImpl.java:add(112)) - Added a new node: /default-rack/3adb28f5-7000-4310-882e-ffbd38d7034a
2023-09-14 09:00:50,524 [main] INFO  net.NetworkTopologyImpl (NetworkTopologyImpl.java:add(112)) - Added a new node: /default-rack/84bef8cf-e5f0-47f1-a3ac-7aac0a9f913f
2023-09-14 09:00:50,524 [main] INFO  net.NetworkTopologyImpl (NetworkTopologyImpl.java:add(112)) - Added a new node: /default-rack/80d8fe13-9c64-4d04-820a-66962fe1a275
2023-09-14 09:00:50,524 [main] INFO  net.NetworkTopologyImpl (NetworkTopologyImpl.java:add(112)) - Added a new node: /default-rack/e2c5f05b-4060-494d-be35-365dc639c0b6
2023-09-14 09:00:50,524 [main] INFO  net.NetworkTopologyImpl (NetworkTopologyImpl.java:add(112)) - Added a new node: /default-rack/2721ea07-3ab1-43bf-8a8e-775daff080ce
2023-09-14 09:00:50,524 [main] INFO  net.NetworkTopologyImpl (NetworkTopologyImpl.java:add(112)) - Added a new node: /default-rack/7dd0d23e-67e2-4c36-b935-22cf72fde4db
2023-09-14 09:00:50,524 [main] INFO  net.NetworkTopologyImpl (NetworkTopologyImpl.java:add(112)) - Added a new node: /default-rack/a7321054-7dd6-4f6d-a0ab-8b948caf4075
2023-09-14 09:00:50,524 [main] INFO  net.NetworkTopologyImpl (NetworkTopologyImpl.java:add(112)) - Added a new node: /default-rack/3c4e1369-086c-4bf4-ab34-3e3da2ce28e2
2023-09-14 09:00:50,524 [main] INFO  net.NetworkTopologyImpl (NetworkTopologyImpl.java:add(112)) - Added a new node: /default-rack/dc63b21d-ea67-41ce-888b-0b579884c304
2023-09-14 09:00:50,525 [main] INFO  net.NetworkTopologyImpl (NetworkTopologyImpl.java:add(112)) - Added a new node: /default-rack/9186cce1-be2c-4b9e-ba11-7cf1c48de544
2023-09-14 09:00:50,525 [main] INFO  algorithms.ContainerPlacementPolicyFactory (ContainerPlacementPolicyFactory.java:getPolicyInternal(86)) - Create container placement policy of type org.apache.hadoop.hdds.scm.container.placement.algorithms.SCMContainerPlacementRackAware
2023-09-14 09:00:50,525 [main] INFO  algorithms.ContainerPlacementPolicyFactory (ContainerPlacementPolicyFactory.java:getPolicyInternal(86)) - Create container placement policy of type org.apache.hadoop.hdds.scm.container.placement.algorithms.SCMContainerPlacementRackScatter
2023-09-14 09:00:50,528 [main] DEBUG balancer.ContainerBalancerTask (ContainerBalancerTask.java:initializeIteration(374)) - Average utilization of the cluster is 0.3240792415552922
2023-09-14 09:00:50,528 [main] DEBUG balancer.ContainerBalancerTask (ContainerBalancerTask.java:initializeIteration(386)) - Lower limit for utilization is 0.2240792415552922 and Upper limit for utilization is 0.4240792415552922
2023-09-14 09:00:50,528 [main] DEBUG balancer.ContainerBalancerTask (ContainerBalancerTask.java:initializeIteration(398)) - Utilization for node 2721ea07-3ab1-43bf-8a8e-775daff080ce with capacity 45335765902B, used 40802189312B, and remaining 4533576590B is 0.9000000000044115
2023-09-14 09:00:50,528 [main] DEBUG balancer.ContainerBalancerTask (ContainerBalancerTask.java:initializeIteration(398)) - Utilization for node e2c5f05b-4060-494d-be35-365dc639c0b6 with capacity 76504104960B, used 61203283968B, and remaining 15300820992B is 0.8
2023-09-14 09:00:50,528 [main] DEBUG balancer.ContainerBalancerTask (ContainerBalancerTask.java:initializeIteration(398)) - Utilization for node 9186cce1-be2c-4b9e-ba11-7cf1c48de544 with capacity 50619257417B, used 35433480192B, and remaining 15185777225B is 0.7000000000019755
2023-09-14 09:00:50,529 [main] DEBUG balancer.ContainerBalancerTask (ContainerBalancerTask.java:initializeIteration(398)) - Utilization for node a7321054-7dd6-4f6d-a0ab-8b948caf4075 with capacity 71582788266B, used 42949672960B, and remaining 28633115306B is 0.600000000005588
2023-09-14 09:00:50,529 [main] DEBUG balancer.ContainerBalancerTask (ContainerBalancerTask.java:initializeIteration(398)) - Utilization for node dc63b21d-ea67-41ce-888b-0b579884c304 with capacity 96636764160B, used 48318382080B, and remaining 48318382080B is 0.5
2023-09-14 09:00:50,529 [main] DEBUG balancer.ContainerBalancerTask (ContainerBalancerTask.java:initializeIteration(398)) - Utilization for node 84bef8cf-e5f0-47f1-a3ac-7aac0a9f913f with capacity 110058536960B, used 44023414784B, and remaining 66035122176B is 0.4
2023-09-14 09:00:50,529 [main] DEBUG balancer.ContainerBalancerTask (ContainerBalancerTask.java:initializeIteration(398)) - Utilization for node 80d8fe13-9c64-4d04-820a-66962fe1a275 with capacity 193273528320B, used 57982058496B, and remaining 135291469824B is 0.3
2023-09-14 09:00:50,529 [main] DEBUG balancer.ContainerBalancerTask (ContainerBalancerTask.java:initializeIteration(398)) - Utilization for node 3adb28f5-7000-4310-882e-ffbd38d7034a with capacity 139586437120B, used 27917287424B, and remaining 111669149696B is 0.2
2023-09-14 09:00:50,529 [main] DEBUG balancer.ContainerBalancerTask (ContainerBalancerTask.java:initializeIteration(398)) - Utilization for node 7dd0d23e-67e2-4c36-b935-22cf72fde4db with capacity 397284474880B, used 39728447488B, and remaining 357556027392B is 0.1
2023-09-14 09:00:50,529 [main] DEBUG balancer.ContainerBalancerTask (ContainerBalancerTask.java:initializeIteration(398)) - Utilization for node 3c4e1369-086c-4bf4-ab34-3e3da2ce28e2 with capacity 48318382080B, used 0B, and remaining 48318382080B is 0.0
2023-09-14 09:00:50,529 [main] INFO  balancer.ContainerBalancerTask (ContainerBalancerTask.java:initializeIteration(447)) - Container Balancer has identified 5 Over-Utilized and 3 Under-Utilized Datanodes that need to be balanced.
2023-09-14 09:00:50,529 [main] DEBUG balancer.ContainerBalancerTask (ContainerBalancerTask.java:lambda$initializeIteration$1(453)) - Datanode localhost-63.49.76.12 2721ea07-3ab1-43bf-8a8e-775daff080ce is Over-Utilized.
2023-09-14 09:00:50,529 [main] DEBUG balancer.ContainerBalancerTask (ContainerBalancerTask.java:lambda$initializeIteration$1(453)) - Datanode localhost-230.71.72.233 e2c5f05b-4060-494d-be35-365dc639c0b6 is Over-Utilized.
2023-09-14 09:00:50,530 [main] DEBUG balancer.ContainerBalancerTask (ContainerBalancerTask.java:lambda$initializeIteration$1(453)) - Datanode localhost-137.117.127.213 9186cce1-be2c-4b9e-ba11-7cf1c48de544 is Over-Utilized.
2023-09-14 09:00:50,530 [main] DEBUG balancer.ContainerBalancerTask (ContainerBalancerTask.java:lambda$initializeIteration$1(453)) - Datanode localhost-43.170.129.140 a7321054-7dd6-4f6d-a0ab-8b948caf4075 is Over-Utilized.
2023-09-14 09:00:50,530 [main] DEBUG balancer.ContainerBalancerTask (ContainerBalancerTask.java:lambda$initializeIteration$1(453)) - Datanode localhost-156.208.130.153 dc63b21d-ea67-41ce-888b-0b579884c304 is Over-Utilized.
2023-09-14 09:00:50,530 [main] DEBUG balancer.ContainerBalancerTask (ContainerBalancerTask.java:lambda$initializeIteration$2(459)) - Datanode localhost-41.167.236.255 3c4e1369-086c-4bf4-ab34-3e3da2ce28e2 is Under-Utilized.
2023-09-14 09:00:50,530 [main] DEBUG balancer.ContainerBalancerTask (ContainerBalancerTask.java:lambda$initializeIteration$2(459)) - Datanode localhost-82.22.182.30 7dd0d23e-67e2-4c36-b935-22cf72fde4db is Under-Utilized.
2023-09-14 09:00:50,530 [main] DEBUG balancer.ContainerBalancerTask (ContainerBalancerTask.java:lambda$initializeIteration$2(459)) - Datanode localhost-163.207.68.229 3adb28f5-7000-4310-882e-ffbd38d7034a is Under-Utilized.
2023-09-14 09:00:50,532 [main] DEBUG balancer.ContainerBalancerTask (ContainerBalancerTask.java:matchSourceWithTarget(701)) - ContainerBalancer could not find any candidate containers for datanode 2721ea07-3ab1-43bf-8a8e-775daff080ce
2023-09-14 09:00:50,535 [main] DEBUG balancer.ContainerBalancerTask (ContainerBalancerTask.java:matchSourceWithTarget(701)) - ContainerBalancer could not find any candidate containers for datanode e2c5f05b-4060-494d-be35-365dc639c0b6
2023-09-14 09:00:50,536 [main] DEBUG balancer.ContainerBalancerTask (ContainerBalancerTask.java:matchSourceWithTarget(701)) - ContainerBalancer could not find any candidate containers for datanode 9186cce1-be2c-4b9e-ba11-7cf1c48de544
2023-09-14 09:00:50,538 [main] DEBUG balancer.ContainerBalancerTask (ContainerBalancerTask.java:matchSourceWithTarget(701)) - ContainerBalancer could not find any candidate containers for datanode a7321054-7dd6-4f6d-a0ab-8b948caf4075
2023-09-14 09:00:50,540 [main] DEBUG balancer.ContainerBalancerTask (ContainerBalancerTask.java:matchSourceWithTarget(701)) - ContainerBalancer could not find any candidate containers for datanode dc63b21d-ea67-41ce-888b-0b579884c304
2023-09-14 09:00:50,540 [main] INFO  balancer.FindSourceGreedy (FindSourceGreedy.java:getNextCandidateSourceDataNode(126)) - no more candidate source data node
2023-09-14 09:00:50,540 [main] INFO  balancer.ContainerBalancerTask (ContainerBalancerTask.java:balance(259)) - Result of this iteration of Container Balancer: CAN_NOT_BALANCE_ANY_MORE
2023-09-14 09:00:50,541 [main] INFO  balancer.ContainerBalancerTask (ContainerBalancerTask.java:tryStopWithSaveConfiguration(308)) - Save Configuration for stopping. Reason: CAN_NOT_BALANCE_ANY_MORE
2023-09-14 09:00:50,552 [main] DEBUG balancer.ContainerBalancerTask (ContainerBalancerTask.java:initializeIteration(374)) - Average utilization of the cluster is 0.3240792415552922
2023-09-14 09:00:50,552 [main] DEBUG balancer.ContainerBalancerTask (ContainerBalancerTask.java:initializeIteration(386)) - Lower limit for utilization is 0.2240792415552922 and Upper limit for utilization is 0.4240792415552922
2023-09-14 09:00:50,552 [main] DEBUG balancer.ContainerBalancerTask (ContainerBalancerTask.java:initializeIteration(398)) - Utilization for node 2721ea07-3ab1-43bf-8a8e-775daff080ce with capacity 45335765902B, used 40802189312B, and remaining 4533576590B is 0.9000000000044115
2023-09-14 09:00:50,552 [main] DEBUG balancer.ContainerBalancerTask (ContainerBalancerTask.java:initializeIteration(398)) - Utilization for node e2c5f05b-4060-494d-be35-365dc639c0b6 with capacity 76504104960B, used 61203283968B, and remaining 15300820992B is 0.8
2023-09-14 09:00:50,552 [main] DEBUG balancer.ContainerBalancerTask (ContainerBalancerTask.java:initializeIteration(398)) - Utilization for node 9186cce1-be2c-4b9e-ba11-7cf1c48de544 with capacity 50619257417B, used 35433480192B, and remaining 15185777225B is 0.7000000000019755
2023-09-14 09:00:50,553 [main] DEBUG balancer.ContainerBalancerTask (ContainerBalancerTask.java:initializeIteration(398)) - Utilization for node a7321054-7dd6-4f6d-a0ab-8b948caf4075 with capacity 71582788266B, used 42949672960B, and remaining 28633115306B is 0.600000000005588
2023-09-14 09:00:50,553 [main] DEBUG balancer.ContainerBalancerTask (ContainerBalancerTask.java:initializeIteration(398)) - Utilization for node dc63b21d-ea67-41ce-888b-0b579884c304 with capacity 96636764160B, used 48318382080B, and remaining 48318382080B is 0.5
2023-09-14 09:00:50,553 [main] DEBUG balancer.ContainerBalancerTask (ContainerBalancerTask.java:initializeIteration(398)) - Utilization for node 84bef8cf-e5f0-47f1-a3ac-7aac0a9f913f with capacity 110058536960B, used 44023414784B, and remaining 66035122176B is 0.4
2023-09-14 09:00:50,553 [main] DEBUG balancer.ContainerBalancerTask (ContainerBalancerTask.java:initializeIteration(398)) - Utilization for node 80d8fe13-9c64-4d04-820a-66962fe1a275 with capacity 193273528320B, used 57982058496B, and remaining 135291469824B is 0.3
2023-09-14 09:00:50,553 [main] DEBUG balancer.ContainerBalancerTask (ContainerBalancerTask.java:initializeIteration(398)) - Utilization for node 3adb28f5-7000-4310-882e-ffbd38d7034a with capacity 139586437120B, used 27917287424B, and remaining 111669149696B is 0.2
2023-09-14 09:00:50,553 [main] DEBUG balancer.ContainerBalancerTask (ContainerBalancerTask.java:initializeIteration(398)) - Utilization for node 7dd0d23e-67e2-4c36-b935-22cf72fde4db with capacity 397284474880B, used 39728447488B, and remaining 357556027392B is 0.1
2023-09-14 09:00:50,553 [main] DEBUG balancer.ContainerBalancerTask (ContainerBalancerTask.java:initializeIteration(398)) - Utilization for node 3c4e1369-086c-4bf4-ab34-3e3da2ce28e2 with capacity 48318382080B, used 0B, and remaining 48318382080B is 0.0
2023-09-14 09:00:50,553 [main] INFO  balancer.ContainerBalancerTask (ContainerBalancerTask.java:initializeIteration(447)) - Container Balancer has identified 5 Over-Utilized and 3 Under-Utilized Datanodes that need to be balanced.
2023-09-14 09:00:50,553 [main] DEBUG balancer.ContainerBalancerTask (ContainerBalancerTask.java:lambda$initializeIteration$1(453)) - Datanode localhost-63.49.76.12 2721ea07-3ab1-43bf-8a8e-775daff080ce is Over-Utilized.
2023-09-14 09:00:50,553 [main] DEBUG balancer.ContainerBalancerTask (ContainerBalancerTask.java:lambda$initializeIteration$1(453)) - Datanode localhost-230.71.72.233 e2c5f05b-4060-494d-be35-365dc639c0b6 is Over-Utilized.
2023-09-14 09:00:50,554 [main] DEBUG balancer.ContainerBalancerTask (ContainerBalancerTask.java:lambda$initializeIteration$1(453)) - Datanode localhost-137.117.127.213 9186cce1-be2c-4b9e-ba11-7cf1c48de544 is Over-Utilized.
2023-09-14 09:00:50,554 [main] DEBUG balancer.ContainerBalancerTask (ContainerBalancerTask.java:lambda$initializeIteration$1(453)) - Datanode localhost-43.170.129.140 a7321054-7dd6-4f6d-a0ab-8b948caf4075 is Over-Utilized.
2023-09-14 09:00:50,554 [main] DEBUG balancer.ContainerBalancerTask (ContainerBalancerTask.java:lambda$initializeIteration$1(453)) - Datanode localhost-156.208.130.153 dc63b21d-ea67-41ce-888b-0b579884c304 is Over-Utilized.
2023-09-14 09:00:50,554 [main] DEBUG balancer.ContainerBalancerTask (ContainerBalancerTask.java:lambda$initializeIteration$2(459)) - Datanode localhost-41.167.236.255 3c4e1369-086c-4bf4-ab34-3e3da2ce28e2 is Under-Utilized.
2023-09-14 09:00:50,554 [main] DEBUG balancer.ContainerBalancerTask (ContainerBalancerTask.java:lambda$initializeIteration$2(459)) - Datanode localhost-82.22.182.30 7dd0d23e-67e2-4c36-b935-22cf72fde4db is Under-Utilized.
2023-09-14 09:00:50,554 [main] DEBUG balancer.ContainerBalancerTask (ContainerBalancerTask.java:lambda$initializeIteration$2(459)) - Datanode localhost-163.207.68.229 3adb28f5-7000-4310-882e-ffbd38d7034a is Under-Utilized.
2023-09-14 09:00:50,556 [main] DEBUG balancer.ContainerBalancerTask (ContainerBalancerTask.java:matchSourceWithTarget(708)) - ContainerBalancer is finding suitable target for source datanode 2721ea07-3ab1-43bf-8a8e-775daff080ce
2023-09-14 09:00:50,556 [main] INFO  balancer.ContainerBalancerTask (ContainerBalancerTask.java:matchSourceWithTarget(722)) - ContainerBalancer matched source datanode 2721ea07-3ab1-43bf-8a8e-775daff080ce with target datanode 3c4e1369-086c-4bf4-ab34-3e3da2ce28e2 for container move.
2023-09-14 09:00:50,556 [main] INFO  balancer.ContainerBalancerTask (ContainerBalancerTask.java:processMoveSelection(569)) - ContainerBalancer is trying to move container #85 with size 5368709120B from source datanode 2721ea07-3ab1-43bf-8a8e-775daff080ce to target datanode 3c4e1369-086c-4bf4-ab34-3e3da2ce28e2
2023-09-14 09:00:50,556 [main] DEBUG balancer.ContainerBalancerTask (ContainerBalancerTask.java:lambda$moveContainer$3(837)) - Container move completed for container #85 from source 2721ea07-3ab1-43bf-8a8e-775daff080ce to target 3c4e1369-086c-4bf4-ab34-3e3da2ce28e2
2023-09-14 09:00:50,557 [main] DEBUG balancer.ContainerBalancerTask (ContainerBalancerTask.java:adaptOnReachingIterationLimits(782)) - Reached max datanodes to involve limit. 2 datanodes have already been selected for balancing and the limit is 2. Only already selected sources and targets can be involved in balancing now.
2023-09-14 09:00:50,558 [main] DEBUG balancer.ContainerBalancerTask (ContainerBalancerTask.java:matchSourceWithTarget(708)) - ContainerBalancer is finding suitable target for source datanode 2721ea07-3ab1-43bf-8a8e-775daff080ce
2023-09-14 09:00:50,559 [main] INFO  balancer.ContainerBalancerTask (ContainerBalancerTask.java:matchSourceWithTarget(722)) - ContainerBalancer matched source datanode 2721ea07-3ab1-43bf-8a8e-775daff080ce with target datanode 3c4e1369-086c-4bf4-ab34-3e3da2ce28e2 for container move.
2023-09-14 09:00:50,559 [main] INFO  balancer.ContainerBalancerTask (ContainerBalancerTask.java:processMoveSelection(569)) - ContainerBalancer is trying to move container #89 with size 4294967296B from source datanode 2721ea07-3ab1-43bf-8a8e-775daff080ce to target datanode 3c4e1369-086c-4bf4-ab34-3e3da2ce28e2
2023-09-14 09:00:50,559 [main] DEBUG balancer.ContainerBalancerTask (ContainerBalancerTask.java:lambda$moveContainer$3(837)) - Container move completed for container #89 from source 2721ea07-3ab1-43bf-8a8e-775daff080ce to target 3c4e1369-086c-4bf4-ab34-3e3da2ce28e2
2023-09-14 09:00:50,561 [main] DEBUG balancer.ContainerBalancerTask (ContainerBalancerTask.java:matchSourceWithTarget(708)) - ContainerBalancer is finding suitable target for source datanode 2721ea07-3ab1-43bf-8a8e-775daff080ce
2023-09-14 09:00:50,561 [main] INFO  balancer.ContainerBalancerTask (ContainerBalancerTask.java:matchSourceWithTarget(722)) - ContainerBalancer matched source datanode 2721ea07-3ab1-43bf-8a8e-775daff080ce with target datanode 3c4e1369-086c-4bf4-ab34-3e3da2ce28e2 for container move.
2023-09-14 09:00:50,561 [main] INFO  balancer.ContainerBalancerTask (ContainerBalancerTask.java:processMoveSelection(569)) - ContainerBalancer is trying to move container #84 with size 4294967296B from source datanode 2721ea07-3ab1-43bf-8a8e-775daff080ce to target datanode 3c4e1369-086c-4bf4-ab34-3e3da2ce28e2
2023-09-14 09:00:50,561 [main] DEBUG balancer.ContainerBalancerTask (ContainerBalancerTask.java:lambda$moveContainer$3(837)) - Container move completed for container #84 from source 2721ea07-3ab1-43bf-8a8e-775daff080ce to target 3c4e1369-086c-4bf4-ab34-3e3da2ce28e2
2023-09-14 09:00:50,563 [main] DEBUG balancer.ContainerBalancerTask (ContainerBalancerTask.java:matchSourceWithTarget(708)) - ContainerBalancer is finding suitable target for source datanode 2721ea07-3ab1-43bf-8a8e-775daff080ce
2023-09-14 09:00:50,563 [main] INFO  balancer.ContainerBalancerTask (ContainerBalancerTask.java:matchSourceWithTarget(722)) - ContainerBalancer matched source datanode 2721ea07-3ab1-43bf-8a8e-775daff080ce with target datanode 3c4e1369-086c-4bf4-ab34-3e3da2ce28e2 for container move.
2023-09-14 09:00:50,563 [main] INFO  balancer.ContainerBalancerTask (ContainerBalancerTask.java:processMoveSelection(569)) - ContainerBalancer is trying to move container #19 with size 4294967296B from source datanode 2721ea07-3ab1-43bf-8a8e-775daff080ce to target datanode 3c4e1369-086c-4bf4-ab34-3e3da2ce28e2
2023-09-14 09:00:50,564 [main] DEBUG balancer.ContainerBalancerTask (ContainerBalancerTask.java:lambda$moveContainer$3(837)) - Container move completed for container #19 from source 2721ea07-3ab1-43bf-8a8e-775daff080ce to target 3c4e1369-086c-4bf4-ab34-3e3da2ce28e2
2023-09-14 09:00:50,565 [main] DEBUG balancer.ContainerBalancerTask (ContainerBalancerTask.java:matchSourceWithTarget(708)) - ContainerBalancer is finding suitable target for source datanode 2721ea07-3ab1-43bf-8a8e-775daff080ce
2023-09-14 09:00:50,566 [main] INFO  balancer.ContainerBalancerTask (ContainerBalancerTask.java:matchSourceWithTarget(722)) - ContainerBalancer matched source datanode 2721ea07-3ab1-43bf-8a8e-775daff080ce with target datanode 3c4e1369-086c-4bf4-ab34-3e3da2ce28e2 for container move.
2023-09-14 09:00:50,566 [main] INFO  balancer.ContainerBalancerTask (ContainerBalancerTask.java:processMoveSelection(569)) - ContainerBalancer is trying to move container #87 with size 2147483648B from source datanode 2721ea07-3ab1-43bf-8a8e-775daff080ce to target datanode 3c4e1369-086c-4bf4-ab34-3e3da2ce28e2
2023-09-14 09:00:50,566 [main] DEBUG balancer.ContainerBalancerTask (ContainerBalancerTask.java:lambda$moveContainer$3(837)) - Container move completed for container #87 from source 2721ea07-3ab1-43bf-8a8e-775daff080ce to target 3c4e1369-086c-4bf4-ab34-3e3da2ce28e2
2023-09-14 09:00:50,568 [main] DEBUG balancer.ContainerBalancerTask (ContainerBalancerTask.java:matchSourceWithTarget(708)) - ContainerBalancer is finding suitable target for source datanode 2721ea07-3ab1-43bf-8a8e-775daff080ce
2023-09-14 09:00:50,569 [main] INFO  balancer.FindTargetGreedyByUsageInfo (AbstractFindTargetGreedy.java:findTargetForContainerMove(133)) - Container Balancer could not find a target for source datanode 2721ea07-3ab1-43bf-8a8e-775daff080ce
2023-09-14 09:00:50,569 [main] DEBUG balancer.ContainerBalancerTask (ContainerBalancerTask.java:matchSourceWithTarget(717)) - ContainerBalancer could not find a suitable target for source node 2721ea07-3ab1-43bf-8a8e-775daff080ce.
2023-09-14 09:00:50,569 [main] INFO  balancer.FindSourceGreedy (FindSourceGreedy.java:getNextCandidateSourceDataNode(126)) - no more candidate source data node
2023-09-14 09:00:50,569 [main] INFO  balancer.ContainerBalancerTask (ContainerBalancerTask.java:checkIterationMoveResults(642)) - Iteration Summary. Number of Datanodes involved: 2. Size moved: 19 GB (20401094656 Bytes). Number of Container moves completed: 5.
2023-09-14 09:00:50,569 [main] INFO  balancer.ContainerBalancerTask (ContainerBalancerTask.java:balance(259)) - Result of this iteration of Container Balancer: ITERATION_COMPLETED
2023-09-14 09:00:50,571 [main] DEBUG balancer.ContainerBalancerTask (ContainerBalancerTask.java:initializeIteration(374)) - Average utilization of the cluster is 0.3240792415552922
2023-09-14 09:00:50,571 [main] DEBUG balancer.ContainerBalancerTask (ContainerBalancerTask.java:initializeIteration(386)) - Lower limit for utilization is 0.2240792415552922 and Upper limit for utilization is 0.4240792415552922
2023-09-14 09:00:50,571 [main] DEBUG balancer.ContainerBalancerTask (ContainerBalancerTask.java:initializeIteration(398)) - Utilization for node 2721ea07-3ab1-43bf-8a8e-775daff080ce with capacity 45335765902B, used 40802189312B, and remaining 4533576590B is 0.9000000000044115
2023-09-14 09:00:50,571 [main] DEBUG balancer.ContainerBalancerTask (ContainerBalancerTask.java:initializeIteration(398)) - Utilization for node e2c5f05b-4060-494d-be35-365dc639c0b6 with capacity 76504104960B, used 61203283968B, and remaining 15300820992B is 0.8
2023-09-14 09:00:50,571 [main] DEBUG balancer.ContainerBalancerTask (ContainerBalancerTask.java:initializeIteration(398)) - Utilization for node 9186cce1-be2c-4b9e-ba11-7cf1c48de544 with capacity 50619257417B, used 35433480192B, and remaining 15185777225B is 0.7000000000019755
2023-09-14 09:00:50,572 [main] DEBUG balancer.ContainerBalancerTask (ContainerBalancerTask.java:initializeIteration(398)) - Utilization for node a7321054-7dd6-4f6d-a0ab-8b948caf4075 with capacity 71582788266B, used 42949672960B, and remaining 28633115306B is 0.600000000005588
2023-09-14 09:00:50,572 [main] DEBUG balancer.ContainerBalancerTask (ContainerBalancerTask.java:initializeIteration(398)) - Utilization for node dc63b21d-ea67-41ce-888b-0b579884c304 with capacity 96636764160B, used 48318382080B, and remaining 48318382080B is 0.5
2023-09-14 09:00:50,572 [main] DEBUG balancer.ContainerBalancerTask (ContainerBalancerTask.java:initializeIteration(398)) - Utilization for node 84bef8cf-e5f0-47f1-a3ac-7aac0a9f913f with capacity 110058536960B, used 44023414784B, and remaining 66035122176B is 0.4
2023-09-14 09:00:50,572 [main] DEBUG balancer.ContainerBalancerTask (ContainerBalancerTask.java:initializeIteration(398)) - Utilization for node 80d8fe13-9c64-4d04-820a-66962fe1a275 with capacity 193273528320B, used 57982058496B, and remaining 135291469824B is 0.3
2023-09-14 09:00:50,572 [main] DEBUG balancer.ContainerBalancerTask (ContainerBalancerTask.java:initializeIteration(398)) - Utilization for node 3adb28f5-7000-4310-882e-ffbd38d7034a with capacity 139586437120B, used 27917287424B, and remaining 111669149696B is 0.2
2023-09-14 09:00:50,572 [main] DEBUG balancer.ContainerBalancerTask (ContainerBalancerTask.java:initializeIteration(398)) - Utilization for node 7dd0d23e-67e2-4c36-b935-22cf72fde4db with capacity 397284474880B, used 39728447488B, and remaining 357556027392B is 0.1
2023-09-14 09:00:50,572 [main] DEBUG balancer.ContainerBalancerTask (ContainerBalancerTask.java:initializeIteration(398)) - Utilization for node 3c4e1369-086c-4bf4-ab34-3e3da2ce28e2 with capacity 48318382080B, used 0B, and remaining 48318382080B is 0.0
2023-09-14 09:00:50,572 [main] INFO  balancer.ContainerBalancerTask (ContainerBalancerTask.java:initializeIteration(447)) - Container Balancer has identified 5 Over-Utilized and 3 Under-Utilized Datanodes that need to be balanced.
2023-09-14 09:00:50,572 [main] DEBUG balancer.ContainerBalancerTask (ContainerBalancerTask.java:lambda$initializeIteration$1(453)) - Datanode localhost-63.49.76.12 2721ea07-3ab1-43bf-8a8e-775daff080ce is Over-Utilized.
2023-09-14 09:00:50,572 [main] DEBUG balancer.ContainerBalancerTask (ContainerBalancerTask.java:lambda$initializeIteration$1(453)) - Datanode localhost-230.71.72.233 e2c5f05b-4060-494d-be35-365dc639c0b6 is Over-Utilized.
2023-09-14 09:00:50,573 [main] DEBUG balancer.ContainerBalancerTask (ContainerBalancerTask.java:lambda$initializeIteration$1(453)) - Datanode localhost-137.117.127.213 9186cce1-be2c-4b9e-ba11-7cf1c48de544 is Over-Utilized.
2023-09-14 09:00:50,573 [main] DEBUG balancer.ContainerBalancerTask (ContainerBalancerTask.java:lambda$initializeIteration$1(453)) - Datanode localhost-43.170.129.140 a7321054-7dd6-4f6d-a0ab-8b948caf4075 is Over-Utilized.
2023-09-14 09:00:50,573 [main] DEBUG balancer.ContainerBalancerTask (ContainerBalancerTask.java:lambda$initializeIteration$1(453)) - Datanode localhost-156.208.130.153 dc63b21d-ea67-41ce-888b-0b579884c304 is Over-Utilized.
2023-09-14 09:00:50,573 [main] DEBUG balancer.ContainerBalancerTask (ContainerBalancerTask.java:lambda$initializeIteration$2(459)) - Datanode localhost-41.167.236.255 3c4e1369-086c-4bf4-ab34-3e3da2ce28e2 is Under-Utilized.
2023-09-14 09:00:50,573 [main] DEBUG balancer.ContainerBalancerTask (ContainerBalancerTask.java:lambda$initializeIteration$2(459)) - Datanode localhost-82.22.182.30 7dd0d23e-67e2-4c36-b935-22cf72fde4db is Under-Utilized.
2023-09-14 09:00:50,573 [main] DEBUG balancer.ContainerBalancerTask (ContainerBalancerTask.java:lambda$initializeIteration$2(459)) - Datanode localhost-163.207.68.229 3adb28f5-7000-4310-882e-ffbd38d7034a is Under-Utilized.
2023-09-14 09:00:50,575 [main] DEBUG balancer.ContainerBalancerTask (ContainerBalancerTask.java:matchSourceWithTarget(708)) - ContainerBalancer is finding suitable target for source datanode 2721ea07-3ab1-43bf-8a8e-775daff080ce
2023-09-14 09:00:50,575 [main] INFO  balancer.ContainerBalancerTask (ContainerBalancerTask.java:matchSourceWithTarget(722)) - ContainerBalancer matched source datanode 2721ea07-3ab1-43bf-8a8e-775daff080ce with target datanode 3c4e1369-086c-4bf4-ab34-3e3da2ce28e2 for container move.
2023-09-14 09:00:50,575 [main] INFO  balancer.ContainerBalancerTask (ContainerBalancerTask.java:processMoveSelection(569)) - ContainerBalancer is trying to move container #85 with size 5368709120B from source datanode 2721ea07-3ab1-43bf-8a8e-775daff080ce to target datanode 3c4e1369-086c-4bf4-ab34-3e3da2ce28e2
2023-09-14 09:00:50,575 [main] DEBUG balancer.ContainerBalancerTask (ContainerBalancerTask.java:lambda$moveContainer$3(837)) - Container move completed for container #85 from source 2721ea07-3ab1-43bf-8a8e-775daff080ce to target 3c4e1369-086c-4bf4-ab34-3e3da2ce28e2
2023-09-14 09:00:50,575 [main] DEBUG balancer.ContainerBalancerTask (ContainerBalancerTask.java:adaptOnReachingIterationLimits(782)) - Reached max datanodes to involve limit. 2 datanodes have already been selected for balancing and the limit is 2. Only already selected sources and targets can be involved in balancing now.
2023-09-14 09:00:50,577 [main] DEBUG balancer.ContainerBalancerTask (ContainerBalancerTask.java:matchSourceWithTarget(708)) - ContainerBalancer is finding suitable target for source datanode 2721ea07-3ab1-43bf-8a8e-775daff080ce
2023-09-14 09:00:50,577 [main] INFO  balancer.ContainerBalancerTask (ContainerBalancerTask.java:matchSourceWithTarget(722)) - ContainerBalancer matched source datanode 2721ea07-3ab1-43bf-8a8e-775daff080ce with target datanode 3c4e1369-086c-4bf4-ab34-3e3da2ce28e2 for container move.
2023-09-14 09:00:50,578 [main] INFO  balancer.ContainerBalancerTask (ContainerBalancerTask.java:processMoveSelection(569)) - ContainerBalancer is trying to move container #89 with size 4294967296B from source datanode 2721ea07-3ab1-43bf-8a8e-775daff080ce to target datanode 3c4e1369-086c-4bf4-ab34-3e3da2ce28e2
2023-09-14 09:00:50,578 [main] DEBUG balancer.ContainerBalancerTask (ContainerBalancerTask.java:lambda$moveContainer$3(837)) - Container move completed for container #89 from source 2721ea07-3ab1-43bf-8a8e-775daff080ce to target 3c4e1369-086c-4bf4-ab34-3e3da2ce28e2
2023-09-14 09:00:50,580 [main] DEBUG balancer.ContainerBalancerTask (ContainerBalancerTask.java:matchSourceWithTarget(708)) - ContainerBalancer is finding suitable target for source datanode 2721ea07-3ab1-43bf-8a8e-775daff080ce
2023-09-14 09:00:50,580 [main] INFO  balancer.ContainerBalancerTask (ContainerBalancerTask.java:matchSourceWithTarget(722)) - ContainerBalancer matched source datanode 2721ea07-3ab1-43bf-8a8e-775daff080ce with target datanode 3c4e1369-086c-4bf4-ab34-3e3da2ce28e2 for container move.
2023-09-14 09:00:50,580 [main] INFO  balancer.ContainerBalancerTask (ContainerBalancerTask.java:processMoveSelection(569)) - ContainerBalancer is trying to move container #84 with size 4294967296B from source datanode 2721ea07-3ab1-43bf-8a8e-775daff080ce to target datanode 3c4e1369-086c-4bf4-ab34-3e3da2ce28e2
2023-09-14 09:00:50,580 [main] DEBUG balancer.ContainerBalancerTask (ContainerBalancerTask.java:lambda$moveContainer$3(837)) - Container move completed for container #84 from source 2721ea07-3ab1-43bf-8a8e-775daff080ce to target 3c4e1369-086c-4bf4-ab34-3e3da2ce28e2
2023-09-14 09:00:50,582 [main] DEBUG balancer.ContainerBalancerTask (ContainerBalancerTask.java:matchSourceWithTarget(708)) - ContainerBalancer is finding suitable target for source datanode 2721ea07-3ab1-43bf-8a8e-775daff080ce
2023-09-14 09:00:50,582 [main] INFO  balancer.ContainerBalancerTask (ContainerBalancerTask.java:matchSourceWithTarget(722)) - ContainerBalancer matched source datanode 2721ea07-3ab1-43bf-8a8e-775daff080ce with target datanode 3c4e1369-086c-4bf4-ab34-3e3da2ce28e2 for container move.
2023-09-14 09:00:50,582 [main] INFO  balancer.ContainerBalancerTask (ContainerBalancerTask.java:processMoveSelection(569)) - ContainerBalancer is trying to move container #19 with size 4294967296B from source datanode 2721ea07-3ab1-43bf-8a8e-775daff080ce to target datanode 3c4e1369-086c-4bf4-ab34-3e3da2ce28e2
2023-09-14 09:00:50,582 [main] DEBUG balancer.ContainerBalancerTask (ContainerBalancerTask.java:lambda$moveContainer$3(837)) - Container move completed for container #19 from source 2721ea07-3ab1-43bf-8a8e-775daff080ce to target 3c4e1369-086c-4bf4-ab34-3e3da2ce28e2
2023-09-14 09:00:50,584 [main] DEBUG balancer.ContainerBalancerTask (ContainerBalancerTask.java:matchSourceWithTarget(708)) - ContainerBalancer is finding suitable target for source datanode 2721ea07-3ab1-43bf-8a8e-775daff080ce
2023-09-14 09:00:50,585 [main] INFO  balancer.ContainerBalancerTask (ContainerBalancerTask.java:matchSourceWithTarget(722)) - ContainerBalancer matched source datanode 2721ea07-3ab1-43bf-8a8e-775daff080ce with target datanode 3c4e1369-086c-4bf4-ab34-3e3da2ce28e2 for container move.
2023-09-14 09:00:50,585 [main] INFO  balancer.ContainerBalancerTask (ContainerBalancerTask.java:processMoveSelection(569)) - ContainerBalancer is trying to move container #87 with size 2147483648B from source datanode 2721ea07-3ab1-43bf-8a8e-775daff080ce to target datanode 3c4e1369-086c-4bf4-ab34-3e3da2ce28e2
2023-09-14 09:00:50,585 [main] DEBUG balancer.ContainerBalancerTask (ContainerBalancerTask.java:lambda$moveContainer$3(837)) - Container move completed for container #87 from source 2721ea07-3ab1-43bf-8a8e-775daff080ce to target 3c4e1369-086c-4bf4-ab34-3e3da2ce28e2
2023-09-14 09:00:50,587 [main] DEBUG balancer.ContainerBalancerTask (ContainerBalancerTask.java:matchSourceWithTarget(708)) - ContainerBalancer is finding suitable target for source datanode 2721ea07-3ab1-43bf-8a8e-775daff080ce
2023-09-14 09:00:50,587 [main] INFO  balancer.FindTargetGreedyByUsageInfo (AbstractFindTargetGreedy.java:findTargetForContainerMove(133)) - Container Balancer could not find a target for source datanode 2721ea07-3ab1-43bf-8a8e-775daff080ce
2023-09-14 09:00:50,587 [main] DEBUG balancer.ContainerBalancerTask (ContainerBalancerTask.java:matchSourceWithTarget(717)) - ContainerBalancer could not find a suitable target for source node 2721ea07-3ab1-43bf-8a8e-775daff080ce.
2023-09-14 09:00:50,588 [main] INFO  balancer.FindSourceGreedy (FindSourceGreedy.java:getNextCandidateSourceDataNode(126)) - no more candidate source data node
2023-09-14 09:00:50,588 [main] INFO  balancer.ContainerBalancerTask (ContainerBalancerTask.java:checkIterationMoveResults(642)) - Iteration Summary. Number of Datanodes involved: 2. Size moved: 19 GB (20401094656 Bytes). Number of Container moves completed: 5.
2023-09-14 09:00:50,588 [main] INFO  balancer.ContainerBalancerTask (ContainerBalancerTask.java:balance(259)) - Result of this iteration of Container Balancer: ITERATION_COMPLETED
2023-09-14 09:00:50,590 [main] DEBUG balancer.ContainerBalancerTask (ContainerBalancerTask.java:initializeIteration(374)) - Average utilization of the cluster is 0.3240792415552922
2023-09-14 09:00:50,590 [main] DEBUG balancer.ContainerBalancerTask (ContainerBalancerTask.java:initializeIteration(386)) - Lower limit for utilization is 0.2240792415552922 and Upper limit for utilization is 0.4240792415552922
2023-09-14 09:00:50,590 [main] DEBUG balancer.ContainerBalancerTask (ContainerBalancerTask.java:initializeIteration(398)) - Utilization for node 2721ea07-3ab1-43bf-8a8e-775daff080ce with capacity 45335765902B, used 40802189312B, and remaining 4533576590B is 0.9000000000044115
2023-09-14 09:00:50,590 [main] DEBUG balancer.ContainerBalancerTask (ContainerBalancerTask.java:initializeIteration(398)) - Utilization for node e2c5f05b-4060-494d-be35-365dc639c0b6 with capacity 76504104960B, used 61203283968B, and remaining 15300820992B is 0.8
2023-09-14 09:00:50,590 [main] DEBUG balancer.ContainerBalancerTask (ContainerBalancerTask.java:initializeIteration(398)) - Utilization for node 9186cce1-be2c-4b9e-ba11-7cf1c48de544 with capacity 50619257417B, used 35433480192B, and remaining 15185777225B is 0.7000000000019755
2023-09-14 09:00:50,590 [main] DEBUG balancer.ContainerBalancerTask (ContainerBalancerTask.java:initializeIteration(398)) - Utilization for node a7321054-7dd6-4f6d-a0ab-8b948caf4075 with capacity 71582788266B, used 42949672960B, and remaining 28633115306B is 0.600000000005588
2023-09-14 09:00:50,590 [main] DEBUG balancer.ContainerBalancerTask (ContainerBalancerTask.java:initializeIteration(398)) - Utilization for node dc63b21d-ea67-41ce-888b-0b579884c304 with capacity 96636764160B, used 48318382080B, and remaining 48318382080B is 0.5
2023-09-14 09:00:50,590 [main] DEBUG balancer.ContainerBalancerTask (ContainerBalancerTask.java:initializeIteration(398)) - Utilization for node 84bef8cf-e5f0-47f1-a3ac-7aac0a9f913f with capacity 110058536960B, used 44023414784B, and remaining 66035122176B is 0.4
2023-09-14 09:00:50,590 [main] DEBUG balancer.ContainerBalancerTask (ContainerBalancerTask.java:initializeIteration(398)) - Utilization for node 80d8fe13-9c64-4d04-820a-66962fe1a275 with capacity 193273528320B, used 57982058496B, and remaining 135291469824B is 0.3
2023-09-14 09:00:50,591 [main] DEBUG balancer.ContainerBalancerTask (ContainerBalancerTask.java:initializeIteration(398)) - Utilization for node 3adb28f5-7000-4310-882e-ffbd38d7034a with capacity 139586437120B, used 27917287424B, and remaining 111669149696B is 0.2
2023-09-14 09:00:50,591 [main] DEBUG balancer.ContainerBalancerTask (ContainerBalancerTask.java:initializeIteration(398)) - Utilization for node 7dd0d23e-67e2-4c36-b935-22cf72fde4db with capacity 397284474880B, used 39728447488B, and remaining 357556027392B is 0.1
2023-09-14 09:00:50,591 [main] DEBUG balancer.ContainerBalancerTask (ContainerBalancerTask.java:initializeIteration(398)) - Utilization for node 3c4e1369-086c-4bf4-ab34-3e3da2ce28e2 with capacity 48318382080B, used 0B, and remaining 48318382080B is 0.0
2023-09-14 09:00:50,591 [main] INFO  balancer.ContainerBalancerTask (ContainerBalancerTask.java:initializeIteration(447)) - Container Balancer has identified 5 Over-Utilized and 3 Under-Utilized Datanodes that need to be balanced.
2023-09-14 09:00:50,591 [main] DEBUG balancer.ContainerBalancerTask (ContainerBalancerTask.java:lambda$initializeIteration$1(453)) - Datanode localhost-63.49.76.12 2721ea07-3ab1-43bf-8a8e-775daff080ce is Over-Utilized.
2023-09-14 09:00:50,591 [main] DEBUG balancer.ContainerBalancerTask (ContainerBalancerTask.java:lambda$initializeIteration$1(453)) - Datanode localhost-230.71.72.233 e2c5f05b-4060-494d-be35-365dc639c0b6 is Over-Utilized.
2023-09-14 09:00:50,591 [main] DEBUG balancer.ContainerBalancerTask (ContainerBalancerTask.java:lambda$initializeIteration$1(453)) - Datanode localhost-137.117.127.213 9186cce1-be2c-4b9e-ba11-7cf1c48de544 is Over-Utilized.
2023-09-14 09:00:50,591 [main] DEBUG balancer.ContainerBalancerTask (ContainerBalancerTask.java:lambda$initializeIteration$1(453)) - Datanode localhost-43.170.129.140 a7321054-7dd6-4f6d-a0ab-8b948caf4075 is Over-Utilized.
2023-09-14 09:00:50,591 [main] DEBUG balancer.ContainerBalancerTask (ContainerBalancerTask.java:lambda$initializeIteration$1(453)) - Datanode localhost-156.208.130.153 dc63b21d-ea67-41ce-888b-0b579884c304 is Over-Utilized.
2023-09-14 09:00:50,591 [main] DEBUG balancer.ContainerBalancerTask (ContainerBalancerTask.java:lambda$initializeIteration$2(459)) - Datanode localhost-41.167.236.255 3c4e1369-086c-4bf4-ab34-3e3da2ce28e2 is Under-Utilized.
2023-09-14 09:00:50,591 [main] DEBUG balancer.ContainerBalancerTask (ContainerBalancerTask.java:lambda$initializeIteration$2(459)) - Datanode localhost-82.22.182.30 7dd0d23e-67e2-4c36-b935-22cf72fde4db is Under-Utilized.
2023-09-14 09:00:50,592 [main] DEBUG balancer.ContainerBalancerTask (ContainerBalancerTask.java:lambda$initializeIteration$2(459)) - Datanode localhost-163.207.68.229 3adb28f5-7000-4310-882e-ffbd38d7034a is Under-Utilized.
2023-09-14 09:00:50,593 [main] DEBUG balancer.ContainerBalancerTask (ContainerBalancerTask.java:matchSourceWithTarget(708)) - ContainerBalancer is finding suitable target for source datanode 2721ea07-3ab1-43bf-8a8e-775daff080ce
2023-09-14 09:00:50,594 [main] INFO  balancer.ContainerBalancerTask (ContainerBalancerTask.java:matchSourceWithTarget(722)) - ContainerBalancer matched source datanode 2721ea07-3ab1-43bf-8a8e-775daff080ce with target datanode 3c4e1369-086c-4bf4-ab34-3e3da2ce28e2 for container move.
2023-09-14 09:00:50,594 [main] INFO  balancer.ContainerBalancerTask (ContainerBalancerTask.java:processMoveSelection(569)) - ContainerBalancer is trying to move container #85 with size 5368709120B from source datanode 2721ea07-3ab1-43bf-8a8e-775daff080ce to target datanode 3c4e1369-086c-4bf4-ab34-3e3da2ce28e2
2023-09-14 09:00:50,594 [main] DEBUG balancer.ContainerBalancerTask (ContainerBalancerTask.java:lambda$moveContainer$3(837)) - Container move completed for container #85 from source 2721ea07-3ab1-43bf-8a8e-775daff080ce to target 3c4e1369-086c-4bf4-ab34-3e3da2ce28e2
2023-09-14 09:00:50,594 [main] DEBUG balancer.ContainerBalancerTask (ContainerBalancerTask.java:adaptOnReachingIterationLimits(782)) - Reached max datanodes to involve limit. 2 datanodes have already been selected for balancing and the limit is 2. Only already selected sources and targets can be involved in balancing now.
2023-09-14 09:00:50,596 [main] DEBUG balancer.ContainerBalancerTask (ContainerBalancerTask.java:matchSourceWithTarget(708)) - ContainerBalancer is finding suitable target for source datanode 2721ea07-3ab1-43bf-8a8e-775daff080ce
2023-09-14 09:00:50,596 [main] INFO  balancer.ContainerBalancerTask (ContainerBalancerTask.java:matchSourceWithTarget(722)) - ContainerBalancer matched source datanode 2721ea07-3ab1-43bf-8a8e-775daff080ce with target datanode 3c4e1369-086c-4bf4-ab34-3e3da2ce28e2 for container move.
2023-09-14 09:00:50,596 [main] INFO  balancer.ContainerBalancerTask (ContainerBalancerTask.java:processMoveSelection(569)) - ContainerBalancer is trying to move container #89 with size 4294967296B from source datanode 2721ea07-3ab1-43bf-8a8e-775daff080ce to target datanode 3c4e1369-086c-4bf4-ab34-3e3da2ce28e2
2023-09-14 09:00:50,596 [main] DEBUG balancer.ContainerBalancerTask (ContainerBalancerTask.java:lambda$moveContainer$3(837)) - Container move completed for container #89 from source 2721ea07-3ab1-43bf-8a8e-775daff080ce to target 3c4e1369-086c-4bf4-ab34-3e3da2ce28e2
2023-09-14 09:00:50,598 [main] DEBUG balancer.ContainerBalancerTask (ContainerBalancerTask.java:matchSourceWithTarget(708)) - ContainerBalancer is finding suitable target for source datanode 2721ea07-3ab1-43bf-8a8e-775daff080ce
2023-09-14 09:00:50,598 [main] INFO  balancer.ContainerBalancerTask (ContainerBalancerTask.java:matchSourceWithTarget(722)) - ContainerBalancer matched source datanode 2721ea07-3ab1-43bf-8a8e-775daff080ce with target datanode 3c4e1369-086c-4bf4-ab34-3e3da2ce28e2 for container move.
2023-09-14 09:00:50,599 [main] INFO  balancer.ContainerBalancerTask (ContainerBalancerTask.java:processMoveSelection(569)) - ContainerBalancer is trying to move container #84 with size 4294967296B from source datanode 2721ea07-3ab1-43bf-8a8e-775daff080ce to target datanode 3c4e1369-086c-4bf4-ab34-3e3da2ce28e2
2023-09-14 09:00:50,601 [main] DEBUG balancer.ContainerBalancerTask (ContainerBalancerTask.java:lambda$moveContainer$3(837)) - Container move completed for container #84 from source 2721ea07-3ab1-43bf-8a8e-775daff080ce to target 3c4e1369-086c-4bf4-ab34-3e3da2ce28e2
2023-09-14 09:00:50,602 [main] DEBUG balancer.ContainerBalancerTask (ContainerBalancerTask.java:matchSourceWithTarget(708)) - ContainerBalancer is finding suitable target for source datanode 2721ea07-3ab1-43bf-8a8e-775daff080ce
2023-09-14 09:00:50,603 [main] INFO  balancer.ContainerBalancerTask (ContainerBalancerTask.java:matchSourceWithTarget(722)) - ContainerBalancer matched source datanode 2721ea07-3ab1-43bf-8a8e-775daff080ce with target datanode 3c4e1369-086c-4bf4-ab34-3e3da2ce28e2 for container move.
2023-09-14 09:00:50,603 [main] INFO  balancer.ContainerBalancerTask (ContainerBalancerTask.java:processMoveSelection(569)) - ContainerBalancer is trying to move container #19 with size 4294967296B from source datanode 2721ea07-3ab1-43bf-8a8e-775daff080ce to target datanode 3c4e1369-086c-4bf4-ab34-3e3da2ce28e2
2023-09-14 09:00:50,603 [main] DEBUG balancer.ContainerBalancerTask (ContainerBalancerTask.java:lambda$moveContainer$3(837)) - Container move completed for container #19 from source 2721ea07-3ab1-43bf-8a8e-775daff080ce to target 3c4e1369-086c-4bf4-ab34-3e3da2ce28e2
2023-09-14 09:00:50,605 [main] DEBUG balancer.ContainerBalancerTask (ContainerBalancerTask.java:matchSourceWithTarget(708)) - ContainerBalancer is finding suitable target for source datanode 2721ea07-3ab1-43bf-8a8e-775daff080ce
2023-09-14 09:00:50,605 [main] INFO  balancer.ContainerBalancerTask (ContainerBalancerTask.java:matchSourceWithTarget(722)) - ContainerBalancer matched source datanode 2721ea07-3ab1-43bf-8a8e-775daff080ce with target datanode 3c4e1369-086c-4bf4-ab34-3e3da2ce28e2 for container move.
2023-09-14 09:00:50,605 [main] INFO  balancer.ContainerBalancerTask (ContainerBalancerTask.java:processMoveSelection(569)) - ContainerBalancer is trying to move container #87 with size 2147483648B from source datanode 2721ea07-3ab1-43bf-8a8e-775daff080ce to target datanode 3c4e1369-086c-4bf4-ab34-3e3da2ce28e2
2023-09-14 09:00:50,605 [main] DEBUG balancer.ContainerBalancerTask (ContainerBalancerTask.java:lambda$moveContainer$3(837)) - Container move completed for container #87 from source 2721ea07-3ab1-43bf-8a8e-775daff080ce to target 3c4e1369-086c-4bf4-ab34-3e3da2ce28e2
2023-09-14 09:00:50,607 [main] DEBUG balancer.ContainerBalancerTask (ContainerBalancerTask.java:matchSourceWithTarget(708)) - ContainerBalancer is finding suitable target for source datanode 2721ea07-3ab1-43bf-8a8e-775daff080ce
2023-09-14 09:00:50,608 [main] INFO  balancer.FindTargetGreedyByUsageInfo (AbstractFindTargetGreedy.java:findTargetForContainerMove(133)) - Container Balancer could not find a target for source datanode 2721ea07-3ab1-43bf-8a8e-775daff080ce
2023-09-14 09:00:50,608 [main] DEBUG balancer.ContainerBalancerTask (ContainerBalancerTask.java:matchSourceWithTarget(717)) - ContainerBalancer could not find a suitable target for source node 2721ea07-3ab1-43bf-8a8e-775daff080ce.
2023-09-14 09:00:50,608 [main] INFO  balancer.FindSourceGreedy (FindSourceGreedy.java:getNextCandidateSourceDataNode(126)) - no more candidate source data node
2023-09-14 09:00:50,608 [main] INFO  balancer.ContainerBalancerTask (ContainerBalancerTask.java:checkIterationMoveResults(642)) - Iteration Summary. Number of Datanodes involved: 2. Size moved: 19 GB (20401094656 Bytes). Number of Container moves completed: 5.
2023-09-14 09:00:50,609 [main] INFO  balancer.ContainerBalancerTask (ContainerBalancerTask.java:balance(259)) - Result of this iteration of Container Balancer: ITERATION_COMPLETED
2023-09-14 09:00:50,610 [main] DEBUG balancer.ContainerBalancerTask (ContainerBalancerTask.java:initializeIteration(374)) - Average utilization of the cluster is 0.3240792415552922
2023-09-14 09:00:50,611 [main] DEBUG balancer.ContainerBalancerTask (ContainerBalancerTask.java:initializeIteration(386)) - Lower limit for utilization is 0.2240792415552922 and Upper limit for utilization is 0.4240792415552922
2023-09-14 09:00:50,611 [main] DEBUG balancer.ContainerBalancerTask (ContainerBalancerTask.java:initializeIteration(398)) - Utilization for node 2721ea07-3ab1-43bf-8a8e-775daff080ce with capacity 45335765902B, used 40802189312B, and remaining 4533576590B is 0.9000000000044115
2023-09-14 09:00:50,611 [main] DEBUG balancer.ContainerBalancerTask (ContainerBalancerTask.java:initializeIteration(398)) - Utilization for node e2c5f05b-4060-494d-be35-365dc639c0b6 with capacity 76504104960B, used 61203283968B, and remaining 15300820992B is 0.8
2023-09-14 09:00:50,611 [main] DEBUG balancer.ContainerBalancerTask (ContainerBalancerTask.java:initializeIteration(398)) - Utilization for node 9186cce1-be2c-4b9e-ba11-7cf1c48de544 with capacity 50619257417B, used 35433480192B, and remaining 15185777225B is 0.7000000000019755
2023-09-14 09:00:50,611 [main] DEBUG balancer.ContainerBalancerTask (ContainerBalancerTask.java:initializeIteration(398)) - Utilization for node a7321054-7dd6-4f6d-a0ab-8b948caf4075 with capacity 71582788266B, used 42949672960B, and remaining 28633115306B is 0.600000000005588
2023-09-14 09:00:50,611 [main] DEBUG balancer.ContainerBalancerTask (ContainerBalancerTask.java:initializeIteration(398)) - Utilization for node dc63b21d-ea67-41ce-888b-0b579884c304 with capacity 96636764160B, used 48318382080B, and remaining 48318382080B is 0.5
2023-09-14 09:00:50,611 [main] DEBUG balancer.ContainerBalancerTask (ContainerBalancerTask.java:initializeIteration(398)) - Utilization for node 84bef8cf-e5f0-47f1-a3ac-7aac0a9f913f with capacity 110058536960B, used 44023414784B, and remaining 66035122176B is 0.4
2023-09-14 09:00:50,611 [main] DEBUG balancer.ContainerBalancerTask (ContainerBalancerTask.java:initializeIteration(398)) - Utilization for node 80d8fe13-9c64-4d04-820a-66962fe1a275 with capacity 193273528320B, used 57982058496B, and remaining 135291469824B is 0.3
2023-09-14 09:00:50,611 [main] DEBUG balancer.ContainerBalancerTask (ContainerBalancerTask.java:initializeIteration(398)) - Utilization for node 3adb28f5-7000-4310-882e-ffbd38d7034a with capacity 139586437120B, used 27917287424B, and remaining 111669149696B is 0.2
2023-09-14 09:00:50,612 [main] DEBUG balancer.ContainerBalancerTask (ContainerBalancerTask.java:initializeIteration(398)) - Utilization for node 7dd0d23e-67e2-4c36-b935-22cf72fde4db with capacity 397284474880B, used 39728447488B, and remaining 357556027392B is 0.1
2023-09-14 09:00:50,612 [main] DEBUG balancer.ContainerBalancerTask (ContainerBalancerTask.java:initializeIteration(398)) - Utilization for node 3c4e1369-086c-4bf4-ab34-3e3da2ce28e2 with capacity 48318382080B, used 0B, and remaining 48318382080B is 0.0
2023-09-14 09:00:50,612 [main] INFO  balancer.ContainerBalancerTask (ContainerBalancerTask.java:initializeIteration(447)) - Container Balancer has identified 5 Over-Utilized and 3 Under-Utilized Datanodes that need to be balanced.
2023-09-14 09:00:50,612 [main] DEBUG balancer.ContainerBalancerTask (ContainerBalancerTask.java:lambda$initializeIteration$1(453)) - Datanode localhost-63.49.76.12 2721ea07-3ab1-43bf-8a8e-775daff080ce is Over-Utilized.
2023-09-14 09:00:50,612 [main] DEBUG balancer.ContainerBalancerTask (ContainerBalancerTask.java:lambda$initializeIteration$1(453)) - Datanode localhost-230.71.72.233 e2c5f05b-4060-494d-be35-365dc639c0b6 is Over-Utilized.
2023-09-14 09:00:50,612 [main] DEBUG balancer.ContainerBalancerTask (ContainerBalancerTask.java:lambda$initializeIteration$1(453)) - Datanode localhost-137.117.127.213 9186cce1-be2c-4b9e-ba11-7cf1c48de544 is Over-Utilized.
2023-09-14 09:00:50,612 [main] DEBUG balancer.ContainerBalancerTask (ContainerBalancerTask.java:lambda$initializeIteration$1(453)) - Datanode localhost-43.170.129.140 a7321054-7dd6-4f6d-a0ab-8b948caf4075 is Over-Utilized.
2023-09-14 09:00:50,612 [main] DEBUG balancer.ContainerBalancerTask (ContainerBalancerTask.java:lambda$initializeIteration$1(453)) - Datanode localhost-156.208.130.153 dc63b21d-ea67-41ce-888b-0b579884c304 is Over-Utilized.
2023-09-14 09:00:50,612 [main] DEBUG balancer.ContainerBalancerTask (ContainerBalancerTask.java:lambda$initializeIteration$2(459)) - Datanode localhost-41.167.236.255 3c4e1369-086c-4bf4-ab34-3e3da2ce28e2 is Under-Utilized.
2023-09-14 09:00:50,612 [main] DEBUG balancer.ContainerBalancerTask (ContainerBalancerTask.java:lambda$initializeIteration$2(459)) - Datanode localhost-82.22.182.30 7dd0d23e-67e2-4c36-b935-22cf72fde4db is Under-Utilized.
2023-09-14 09:00:50,612 [main] DEBUG balancer.ContainerBalancerTask (ContainerBalancerTask.java:lambda$initializeIteration$2(459)) - Datanode localhost-163.207.68.229 3adb28f5-7000-4310-882e-ffbd38d7034a is Under-Utilized.
2023-09-14 09:00:50,614 [main] DEBUG balancer.ContainerBalancerTask (ContainerBalancerTask.java:matchSourceWithTarget(708)) - ContainerBalancer is finding suitable target for source datanode 2721ea07-3ab1-43bf-8a8e-775daff080ce
2023-09-14 09:00:50,615 [main] INFO  balancer.ContainerBalancerTask (ContainerBalancerTask.java:matchSourceWithTarget(722)) - ContainerBalancer matched source datanode 2721ea07-3ab1-43bf-8a8e-775daff080ce with target datanode 3c4e1369-086c-4bf4-ab34-3e3da2ce28e2 for container move.
2023-09-14 09:00:50,615 [main] INFO  balancer.ContainerBalancerTask (ContainerBalancerTask.java:processMoveSelection(569)) - ContainerBalancer is trying to move container #85 with size 5368709120B from source datanode 2721ea07-3ab1-43bf-8a8e-775daff080ce to target datanode 3c4e1369-086c-4bf4-ab34-3e3da2ce28e2
2023-09-14 09:00:50,615 [main] DEBUG balancer.ContainerBalancerTask (ContainerBalancerTask.java:lambda$moveContainer$3(837)) - Container move completed for container #85 from source 2721ea07-3ab1-43bf-8a8e-775daff080ce to target 3c4e1369-086c-4bf4-ab34-3e3da2ce28e2
2023-09-14 09:00:50,615 [main] DEBUG balancer.ContainerBalancerTask (ContainerBalancerTask.java:adaptOnReachingIterationLimits(782)) - Reached max datanodes to involve limit. 2 datanodes have already been selected for balancing and the limit is 2. Only already selected sources and targets can be involved in balancing now.
2023-09-14 09:00:50,617 [main] DEBUG balancer.ContainerBalancerTask (ContainerBalancerTask.java:matchSourceWithTarget(708)) - ContainerBalancer is finding suitable target for source datanode 2721ea07-3ab1-43bf-8a8e-775daff080ce
2023-09-14 09:00:50,617 [main] INFO  balancer.ContainerBalancerTask (ContainerBalancerTask.java:matchSourceWithTarget(722)) - ContainerBalancer matched source datanode 2721ea07-3ab1-43bf-8a8e-775daff080ce with target datanode 3c4e1369-086c-4bf4-ab34-3e3da2ce28e2 for container move.
2023-09-14 09:00:50,617 [main] INFO  balancer.ContainerBalancerTask (ContainerBalancerTask.java:processMoveSelection(569)) - ContainerBalancer is trying to move container #89 with size 4294967296B from source datanode 2721ea07-3ab1-43bf-8a8e-775daff080ce to target datanode 3c4e1369-086c-4bf4-ab34-3e3da2ce28e2
2023-09-14 09:00:50,617 [main] DEBUG balancer.ContainerBalancerTask (ContainerBalancerTask.java:lambda$moveContainer$3(837)) - Container move completed for container #89 from source 2721ea07-3ab1-43bf-8a8e-775daff080ce to target 3c4e1369-086c-4bf4-ab34-3e3da2ce28e2
2023-09-14 09:00:50,619 [main] DEBUG balancer.ContainerBalancerTask (ContainerBalancerTask.java:matchSourceWithTarget(708)) - ContainerBalancer is finding suitable target for source datanode 2721ea07-3ab1-43bf-8a8e-775daff080ce
2023-09-14 09:00:50,619 [main] INFO  balancer.ContainerBalancerTask (ContainerBalancerTask.java:matchSourceWithTarget(722)) - ContainerBalancer matched source datanode 2721ea07-3ab1-43bf-8a8e-775daff080ce with target datanode 3c4e1369-086c-4bf4-ab34-3e3da2ce28e2 for container move.
2023-09-14 09:00:50,620 [main] INFO  balancer.ContainerBalancerTask (ContainerBalancerTask.java:processMoveSelection(569)) - ContainerBalancer is trying to move container #84 with size 4294967296B from source datanode 2721ea07-3ab1-43bf-8a8e-775daff080ce to target datanode 3c4e1369-086c-4bf4-ab34-3e3da2ce28e2
2023-09-14 09:00:50,620 [main] DEBUG balancer.ContainerBalancerTask (ContainerBalancerTask.java:lambda$moveContainer$3(837)) - Container move completed for container #84 from source 2721ea07-3ab1-43bf-8a8e-775daff080ce to target 3c4e1369-086c-4bf4-ab34-3e3da2ce28e2
2023-09-14 09:00:50,622 [main] DEBUG balancer.ContainerBalancerTask (ContainerBalancerTask.java:matchSourceWithTarget(708)) - ContainerBalancer is finding suitable target for source datanode 2721ea07-3ab1-43bf-8a8e-775daff080ce
2023-09-14 09:00:50,622 [main] INFO  balancer.ContainerBalancerTask (ContainerBalancerTask.java:matchSourceWithTarget(722)) - ContainerBalancer matched source datanode 2721ea07-3ab1-43bf-8a8e-775daff080ce with target datanode 3c4e1369-086c-4bf4-ab34-3e3da2ce28e2 for container move.
2023-09-14 09:00:50,622 [main] INFO  balancer.ContainerBalancerTask (ContainerBalancerTask.java:processMoveSelection(569)) - ContainerBalancer is trying to move container #19 with size 4294967296B from source datanode 2721ea07-3ab1-43bf-8a8e-775daff080ce to target datanode 3c4e1369-086c-4bf4-ab34-3e3da2ce28e2
2023-09-14 09:00:50,622 [main] DEBUG balancer.ContainerBalancerTask (ContainerBalancerTask.java:lambda$moveContainer$3(837)) - Container move completed for container #19 from source 2721ea07-3ab1-43bf-8a8e-775daff080ce to target 3c4e1369-086c-4bf4-ab34-3e3da2ce28e2
2023-09-14 09:00:50,624 [main] DEBUG balancer.ContainerBalancerTask (ContainerBalancerTask.java:matchSourceWithTarget(708)) - ContainerBalancer is finding suitable target for source datanode 2721ea07-3ab1-43bf-8a8e-775daff080ce
2023-09-14 09:00:50,624 [main] INFO  balancer.ContainerBalancerTask (ContainerBalancerTask.java:matchSourceWithTarget(722)) - ContainerBalancer matched source datanode 2721ea07-3ab1-43bf-8a8e-775daff080ce with target datanode 3c4e1369-086c-4bf4-ab34-3e3da2ce28e2 for container move.
2023-09-14 09:00:50,624 [main] INFO  balancer.ContainerBalancerTask (ContainerBalancerTask.java:processMoveSelection(569)) - ContainerBalancer is trying to move container #87 with size 2147483648B from source datanode 2721ea07-3ab1-43bf-8a8e-775daff080ce to target datanode 3c4e1369-086c-4bf4-ab34-3e3da2ce28e2
2023-09-14 09:00:50,624 [main] DEBUG balancer.ContainerBalancerTask (ContainerBalancerTask.java:lambda$moveContainer$3(837)) - Container move completed for container #87 from source 2721ea07-3ab1-43bf-8a8e-775daff080ce to target 3c4e1369-086c-4bf4-ab34-3e3da2ce28e2
2023-09-14 09:00:50,626 [main] DEBUG balancer.ContainerBalancerTask (ContainerBalancerTask.java:matchSourceWithTarget(708)) - ContainerBalancer is finding suitable target for source datanode 2721ea07-3ab1-43bf-8a8e-775daff080ce
2023-09-14 09:00:50,627 [main] INFO  balancer.FindTargetGreedyByUsageInfo (AbstractFindTargetGreedy.java:findTargetForContainerMove(133)) - Container Balancer could not find a target for source datanode 2721ea07-3ab1-43bf-8a8e-775daff080ce
2023-09-14 09:00:50,627 [main] DEBUG balancer.ContainerBalancerTask (ContainerBalancerTask.java:matchSourceWithTarget(717)) - ContainerBalancer could not find a suitable target for source node 2721ea07-3ab1-43bf-8a8e-775daff080ce.
2023-09-14 09:00:50,627 [main] INFO  balancer.FindSourceGreedy (FindSourceGreedy.java:getNextCandidateSourceDataNode(126)) - no more candidate source data node
2023-09-14 09:00:50,627 [main] INFO  balancer.ContainerBalancerTask (ContainerBalancerTask.java:checkIterationMoveResults(642)) - Iteration Summary. Number of Datanodes involved: 2. Size moved: 19 GB (20401094656 Bytes). Number of Container moves completed: 5.
2023-09-14 09:00:50,627 [main] INFO  balancer.ContainerBalancerTask (ContainerBalancerTask.java:balance(259)) - Result of this iteration of Container Balancer: ITERATION_COMPLETED
2023-09-14 09:00:50,629 [main] DEBUG balancer.ContainerBalancerTask (ContainerBalancerTask.java:initializeIteration(374)) - Average utilization of the cluster is 0.3240792415552922
2023-09-14 09:00:50,630 [main] DEBUG balancer.ContainerBalancerTask (ContainerBalancerTask.java:initializeIteration(386)) - Lower limit for utilization is 0.2240792415552922 and Upper limit for utilization is 0.4240792415552922
2023-09-14 09:00:50,630 [main] DEBUG balancer.ContainerBalancerTask (ContainerBalancerTask.java:initializeIteration(398)) - Utilization for node 2721ea07-3ab1-43bf-8a8e-775daff080ce with capacity 45335765902B, used 40802189312B, and remaining 4533576590B is 0.9000000000044115
2023-09-14 09:00:50,630 [main] DEBUG balancer.ContainerBalancerTask (ContainerBalancerTask.java:initializeIteration(398)) - Utilization for node e2c5f05b-4060-494d-be35-365dc639c0b6 with capacity 76504104960B, used 61203283968B, and remaining 15300820992B is 0.8
2023-09-14 09:00:50,630 [main] DEBUG balancer.ContainerBalancerTask (ContainerBalancerTask.java:initializeIteration(398)) - Utilization for node 9186cce1-be2c-4b9e-ba11-7cf1c48de544 with capacity 50619257417B, used 35433480192B, and remaining 15185777225B is 0.7000000000019755
2023-09-14 09:00:50,630 [main] DEBUG balancer.ContainerBalancerTask (ContainerBalancerTask.java:initializeIteration(398)) - Utilization for node a7321054-7dd6-4f6d-a0ab-8b948caf4075 with capacity 71582788266B, used 42949672960B, and remaining 28633115306B is 0.600000000005588
2023-09-14 09:00:50,630 [main] DEBUG balancer.ContainerBalancerTask (ContainerBalancerTask.java:initializeIteration(398)) - Utilization for node dc63b21d-ea67-41ce-888b-0b579884c304 with capacity 96636764160B, used 48318382080B, and remaining 48318382080B is 0.5
2023-09-14 09:00:50,630 [main] DEBUG balancer.ContainerBalancerTask (ContainerBalancerTask.java:initializeIteration(398)) - Utilization for node 84bef8cf-e5f0-47f1-a3ac-7aac0a9f913f with capacity 110058536960B, used 44023414784B, and remaining 66035122176B is 0.4
2023-09-14 09:00:50,630 [main] DEBUG balancer.ContainerBalancerTask (ContainerBalancerTask.java:initializeIteration(398)) - Utilization for node 80d8fe13-9c64-4d04-820a-66962fe1a275 with capacity 193273528320B, used 57982058496B, and remaining 135291469824B is 0.3
2023-09-14 09:00:50,630 [main] DEBUG balancer.ContainerBalancerTask (ContainerBalancerTask.java:initializeIteration(398)) - Utilization for node 3adb28f5-7000-4310-882e-ffbd38d7034a with capacity 139586437120B, used 27917287424B, and remaining 111669149696B is 0.2
2023-09-14 09:00:50,631 [main] DEBUG balancer.ContainerBalancerTask (ContainerBalancerTask.java:initializeIteration(398)) - Utilization for node 7dd0d23e-67e2-4c36-b935-22cf72fde4db with capacity 397284474880B, used 39728447488B, and remaining 357556027392B is 0.1
2023-09-14 09:00:50,631 [main] DEBUG balancer.ContainerBalancerTask (ContainerBalancerTask.java:initializeIteration(398)) - Utilization for node 3c4e1369-086c-4bf4-ab34-3e3da2ce28e2 with capacity 48318382080B, used 0B, and remaining 48318382080B is 0.0
2023-09-14 09:00:50,631 [main] INFO  balancer.ContainerBalancerTask (ContainerBalancerTask.java:initializeIteration(447)) - Container Balancer has identified 5 Over-Utilized and 3 Under-Utilized Datanodes that need to be balanced.
2023-09-14 09:00:50,631 [main] DEBUG balancer.ContainerBalancerTask (ContainerBalancerTask.java:lambda$initializeIteration$1(453)) - Datanode localhost-63.49.76.12 2721ea07-3ab1-43bf-8a8e-775daff080ce is Over-Utilized.
2023-09-14 09:00:50,631 [main] DEBUG balancer.ContainerBalancerTask (ContainerBalancerTask.java:lambda$initializeIteration$1(453)) - Datanode localhost-230.71.72.233 e2c5f05b-4060-494d-be35-365dc639c0b6 is Over-Utilized.
2023-09-14 09:00:50,631 [main] DEBUG balancer.ContainerBalancerTask (ContainerBalancerTask.java:lambda$initializeIteration$1(453)) - Datanode localhost-137.117.127.213 9186cce1-be2c-4b9e-ba11-7cf1c48de544 is Over-Utilized.
2023-09-14 09:00:50,631 [main] DEBUG balancer.ContainerBalancerTask (ContainerBalancerTask.java:lambda$initializeIteration$1(453)) - Datanode localhost-43.170.129.140 a7321054-7dd6-4f6d-a0ab-8b948caf4075 is Over-Utilized.
2023-09-14 09:00:50,631 [main] DEBUG balancer.ContainerBalancerTask (ContainerBalancerTask.java:lambda$initializeIteration$1(453)) - Datanode localhost-156.208.130.153 dc63b21d-ea67-41ce-888b-0b579884c304 is Over-Utilized.
2023-09-14 09:00:50,631 [main] DEBUG balancer.ContainerBalancerTask (ContainerBalancerTask.java:lambda$initializeIteration$2(459)) - Datanode localhost-41.167.236.255 3c4e1369-086c-4bf4-ab34-3e3da2ce28e2 is Under-Utilized.
2023-09-14 09:00:50,631 [main] DEBUG balancer.ContainerBalancerTask (ContainerBalancerTask.java:lambda$initializeIteration$2(459)) - Datanode localhost-82.22.182.30 7dd0d23e-67e2-4c36-b935-22cf72fde4db is Under-Utilized.
2023-09-14 09:00:50,631 [main] DEBUG balancer.ContainerBalancerTask (ContainerBalancerTask.java:lambda$initializeIteration$2(459)) - Datanode localhost-163.207.68.229 3adb28f5-7000-4310-882e-ffbd38d7034a is Under-Utilized.
2023-09-14 09:00:50,633 [main] DEBUG balancer.ContainerBalancerTask (ContainerBalancerTask.java:matchSourceWithTarget(708)) - ContainerBalancer is finding suitable target for source datanode 2721ea07-3ab1-43bf-8a8e-775daff080ce
2023-09-14 09:00:50,633 [main] INFO  balancer.ContainerBalancerTask (ContainerBalancerTask.java:matchSourceWithTarget(722)) - ContainerBalancer matched source datanode 2721ea07-3ab1-43bf-8a8e-775daff080ce with target datanode 3c4e1369-086c-4bf4-ab34-3e3da2ce28e2 for container move.
2023-09-14 09:00:50,634 [main] INFO  balancer.ContainerBalancerTask (ContainerBalancerTask.java:processMoveSelection(569)) - ContainerBalancer is trying to move container #85 with size 5368709120B from source datanode 2721ea07-3ab1-43bf-8a8e-775daff080ce to target datanode 3c4e1369-086c-4bf4-ab34-3e3da2ce28e2
2023-09-14 09:00:50,634 [main] DEBUG balancer.ContainerBalancerTask (ContainerBalancerTask.java:lambda$moveContainer$3(837)) - Container move completed for container #85 from source 2721ea07-3ab1-43bf-8a8e-775daff080ce to target 3c4e1369-086c-4bf4-ab34-3e3da2ce28e2
2023-09-14 09:00:50,634 [main] DEBUG balancer.ContainerBalancerTask (ContainerBalancerTask.java:adaptOnReachingIterationLimits(782)) - Reached max datanodes to involve limit. 2 datanodes have already been selected for balancing and the limit is 2. Only already selected sources and targets can be involved in balancing now.
2023-09-14 09:00:50,636 [main] DEBUG balancer.ContainerBalancerTask (ContainerBalancerTask.java:matchSourceWithTarget(708)) - ContainerBalancer is finding suitable target for source datanode 2721ea07-3ab1-43bf-8a8e-775daff080ce
2023-09-14 09:00:50,636 [main] INFO  balancer.ContainerBalancerTask (ContainerBalancerTask.java:matchSourceWithTarget(722)) - ContainerBalancer matched source datanode 2721ea07-3ab1-43bf-8a8e-775daff080ce with target datanode 3c4e1369-086c-4bf4-ab34-3e3da2ce28e2 for container move.
2023-09-14 09:00:50,636 [main] INFO  balancer.ContainerBalancerTask (ContainerBalancerTask.java:processMoveSelection(569)) - ContainerBalancer is trying to move container #89 with size 4294967296B from source datanode 2721ea07-3ab1-43bf-8a8e-775daff080ce to target datanode 3c4e1369-086c-4bf4-ab34-3e3da2ce28e2
2023-09-14 09:00:50,636 [main] DEBUG balancer.ContainerBalancerTask (ContainerBalancerTask.java:lambda$moveContainer$3(837)) - Container move completed for container #89 from source 2721ea07-3ab1-43bf-8a8e-775daff080ce to target 3c4e1369-086c-4bf4-ab34-3e3da2ce28e2
2023-09-14 09:00:50,638 [main] DEBUG balancer.ContainerBalancerTask (ContainerBalancerTask.java:matchSourceWithTarget(708)) - ContainerBalancer is finding suitable target for source datanode 2721ea07-3ab1-43bf-8a8e-775daff080ce
2023-09-14 09:00:50,638 [main] INFO  balancer.ContainerBalancerTask (ContainerBalancerTask.java:matchSourceWithTarget(722)) - ContainerBalancer matched source datanode 2721ea07-3ab1-43bf-8a8e-775daff080ce with target datanode 3c4e1369-086c-4bf4-ab34-3e3da2ce28e2 for container move.
2023-09-14 09:00:50,638 [main] INFO  balancer.ContainerBalancerTask (ContainerBalancerTask.java:processMoveSelection(569)) - ContainerBalancer is trying to move container #84 with size 4294967296B from source datanode 2721ea07-3ab1-43bf-8a8e-775daff080ce to target datanode 3c4e1369-086c-4bf4-ab34-3e3da2ce28e2
2023-09-14 09:00:50,638 [main] DEBUG balancer.ContainerBalancerTask (ContainerBalancerTask.java:lambda$moveContainer$3(837)) - Container move completed for container #84 from source 2721ea07-3ab1-43bf-8a8e-775daff080ce to target 3c4e1369-086c-4bf4-ab34-3e3da2ce28e2
2023-09-14 09:00:50,640 [main] DEBUG balancer.ContainerBalancerTask (ContainerBalancerTask.java:matchSourceWithTarget(708)) - ContainerBalancer is finding suitable target for source datanode 2721ea07-3ab1-43bf-8a8e-775daff080ce
2023-09-14 09:00:50,640 [main] INFO  balancer.ContainerBalancerTask (ContainerBalancerTask.java:matchSourceWithTarget(722)) - ContainerBalancer matched source datanode 2721ea07-3ab1-43bf-8a8e-775daff080ce with target datanode 3c4e1369-086c-4bf4-ab34-3e3da2ce28e2 for container move.
2023-09-14 09:00:50,641 [main] INFO  balancer.ContainerBalancerTask (ContainerBalancerTask.java:processMoveSelection(569)) - ContainerBalancer is trying to move container #19 with size 4294967296B from source datanode 2721ea07-3ab1-43bf-8a8e-775daff080ce to target datanode 3c4e1369-086c-4bf4-ab34-3e3da2ce28e2
2023-09-14 09:00:50,641 [main] DEBUG balancer.ContainerBalancerTask (ContainerBalancerTask.java:lambda$moveContainer$3(837)) - Container move completed for container #19 from source 2721ea07-3ab1-43bf-8a8e-775daff080ce to target 3c4e1369-086c-4bf4-ab34-3e3da2ce28e2
2023-09-14 09:00:50,643 [main] DEBUG balancer.ContainerBalancerTask (ContainerBalancerTask.java:matchSourceWithTarget(708)) - ContainerBalancer is finding suitable target for source datanode 2721ea07-3ab1-43bf-8a8e-775daff080ce
2023-09-14 09:00:50,643 [main] INFO  balancer.ContainerBalancerTask (ContainerBalancerTask.java:matchSourceWithTarget(722)) - ContainerBalancer matched source datanode 2721ea07-3ab1-43bf-8a8e-775daff080ce with target datanode 3c4e1369-086c-4bf4-ab34-3e3da2ce28e2 for container move.
2023-09-14 09:00:50,643 [main] INFO  balancer.ContainerBalancerTask (ContainerBalancerTask.java:processMoveSelection(569)) - ContainerBalancer is trying to move container #87 with size 2147483648B from source datanode 2721ea07-3ab1-43bf-8a8e-775daff080ce to target datanode 3c4e1369-086c-4bf4-ab34-3e3da2ce28e2
2023-09-14 09:00:50,643 [main] DEBUG balancer.ContainerBalancerTask (ContainerBalancerTask.java:lambda$moveContainer$3(837)) - Container move completed for container #87 from source 2721ea07-3ab1-43bf-8a8e-775daff080ce to target 3c4e1369-086c-4bf4-ab34-3e3da2ce28e2
2023-09-14 09:00:50,645 [main] DEBUG balancer.ContainerBalancerTask (ContainerBalancerTask.java:matchSourceWithTarget(708)) - ContainerBalancer is finding suitable target for source datanode 2721ea07-3ab1-43bf-8a8e-775daff080ce
2023-09-14 09:00:50,646 [main] INFO  balancer.FindTargetGreedyByUsageInfo (AbstractFindTargetGreedy.java:findTargetForContainerMove(133)) - Container Balancer could not find a target for source datanode 2721ea07-3ab1-43bf-8a8e-775daff080ce
2023-09-14 09:00:50,646 [main] DEBUG balancer.ContainerBalancerTask (ContainerBalancerTask.java:matchSourceWithTarget(717)) - ContainerBalancer could not find a suitable target for source node 2721ea07-3ab1-43bf-8a8e-775daff080ce.
2023-09-14 09:00:50,646 [main] INFO  balancer.FindSourceGreedy (FindSourceGreedy.java:getNextCandidateSourceDataNode(126)) - no more candidate source data node
2023-09-14 09:00:50,646 [main] INFO  balancer.ContainerBalancerTask (ContainerBalancerTask.java:checkIterationMoveResults(642)) - Iteration Summary. Number of Datanodes involved: 2. Size moved: 19 GB (20401094656 Bytes). Number of Container moves completed: 5.
2023-09-14 09:00:50,646 [main] INFO  balancer.ContainerBalancerTask (ContainerBalancerTask.java:balance(259)) - Result of this iteration of Container Balancer: ITERATION_COMPLETED
2023-09-14 09:00:50,648 [main] DEBUG balancer.ContainerBalancerTask (ContainerBalancerTask.java:initializeIteration(374)) - Average utilization of the cluster is 0.3240792415552922
2023-09-14 09:00:50,648 [main] DEBUG balancer.ContainerBalancerTask (ContainerBalancerTask.java:initializeIteration(386)) - Lower limit for utilization is 0.2240792415552922 and Upper limit for utilization is 0.4240792415552922
2023-09-14 09:00:50,648 [main] DEBUG balancer.ContainerBalancerTask (ContainerBalancerTask.java:initializeIteration(398)) - Utilization for node 2721ea07-3ab1-43bf-8a8e-775daff080ce with capacity 45335765902B, used 40802189312B, and remaining 4533576590B is 0.9000000000044115
2023-09-14 09:00:50,648 [main] DEBUG balancer.ContainerBalancerTask (ContainerBalancerTask.java:initializeIteration(398)) - Utilization for node e2c5f05b-4060-494d-be35-365dc639c0b6 with capacity 76504104960B, used 61203283968B, and remaining 15300820992B is 0.8
2023-09-14 09:00:50,648 [main] DEBUG balancer.ContainerBalancerTask (ContainerBalancerTask.java:initializeIteration(398)) - Utilization for node 9186cce1-be2c-4b9e-ba11-7cf1c48de544 with capacity 50619257417B, used 35433480192B, and remaining 15185777225B is 0.7000000000019755
2023-09-14 09:00:50,648 [main] DEBUG balancer.ContainerBalancerTask (ContainerBalancerTask.java:initializeIteration(398)) - Utilization for node a7321054-7dd6-4f6d-a0ab-8b948caf4075 with capacity 71582788266B, used 42949672960B, and remaining 28633115306B is 0.600000000005588
2023-09-14 09:00:50,648 [main] DEBUG balancer.ContainerBalancerTask (ContainerBalancerTask.java:initializeIteration(398)) - Utilization for node dc63b21d-ea67-41ce-888b-0b579884c304 with capacity 96636764160B, used 48318382080B, and remaining 48318382080B is 0.5
2023-09-14 09:00:50,649 [main] DEBUG balancer.ContainerBalancerTask (ContainerBalancerTask.java:initializeIteration(398)) - Utilization for node 84bef8cf-e5f0-47f1-a3ac-7aac0a9f913f with capacity 110058536960B, used 44023414784B, and remaining 66035122176B is 0.4
2023-09-14 09:00:50,649 [main] DEBUG balancer.ContainerBalancerTask (ContainerBalancerTask.java:initializeIteration(398)) - Utilization for node 80d8fe13-9c64-4d04-820a-66962fe1a275 with capacity 193273528320B, used 57982058496B, and remaining 135291469824B is 0.3
2023-09-14 09:00:50,649 [main] DEBUG balancer.ContainerBalancerTask (ContainerBalancerTask.java:initializeIteration(398)) - Utilization for node 3adb28f5-7000-4310-882e-ffbd38d7034a with capacity 139586437120B, used 27917287424B, and remaining 111669149696B is 0.2
2023-09-14 09:00:50,649 [main] DEBUG balancer.ContainerBalancerTask (ContainerBalancerTask.java:initializeIteration(398)) - Utilization for node 7dd0d23e-67e2-4c36-b935-22cf72fde4db with capacity 397284474880B, used 39728447488B, and remaining 357556027392B is 0.1
2023-09-14 09:00:50,649 [main] DEBUG balancer.ContainerBalancerTask (ContainerBalancerTask.java:initializeIteration(398)) - Utilization for node 3c4e1369-086c-4bf4-ab34-3e3da2ce28e2 with capacity 48318382080B, used 0B, and remaining 48318382080B is 0.0
2023-09-14 09:00:50,649 [main] INFO  balancer.ContainerBalancerTask (ContainerBalancerTask.java:initializeIteration(447)) - Container Balancer has identified 5 Over-Utilized and 3 Under-Utilized Datanodes that need to be balanced.
2023-09-14 09:00:50,649 [main] DEBUG balancer.ContainerBalancerTask (ContainerBalancerTask.java:lambda$initializeIteration$1(453)) - Datanode localhost-63.49.76.12 2721ea07-3ab1-43bf-8a8e-775daff080ce is Over-Utilized.
2023-09-14 09:00:50,649 [main] DEBUG balancer.ContainerBalancerTask (ContainerBalancerTask.java:lambda$initializeIteration$1(453)) - Datanode localhost-230.71.72.233 e2c5f05b-4060-494d-be35-365dc639c0b6 is Over-Utilized.
2023-09-14 09:00:50,649 [main] DEBUG balancer.ContainerBalancerTask (ContainerBalancerTask.java:lambda$initializeIteration$1(453)) - Datanode localhost-137.117.127.213 9186cce1-be2c-4b9e-ba11-7cf1c48de544 is Over-Utilized.
2023-09-14 09:00:50,649 [main] DEBUG balancer.ContainerBalancerTask (ContainerBalancerTask.java:lambda$initializeIteration$1(453)) - Datanode localhost-43.170.129.140 a7321054-7dd6-4f6d-a0ab-8b948caf4075 is Over-Utilized.
2023-09-14 09:00:50,650 [main] DEBUG balancer.ContainerBalancerTask (ContainerBalancerTask.java:lambda$initializeIteration$1(453)) - Datanode localhost-156.208.130.153 dc63b21d-ea67-41ce-888b-0b579884c304 is Over-Utilized.
2023-09-14 09:00:50,650 [main] DEBUG balancer.ContainerBalancerTask (ContainerBalancerTask.java:lambda$initializeIteration$2(459)) - Datanode localhost-41.167.236.255 3c4e1369-086c-4bf4-ab34-3e3da2ce28e2 is Under-Utilized.
2023-09-14 09:00:50,650 [main] DEBUG balancer.ContainerBalancerTask (ContainerBalancerTask.java:lambda$initializeIteration$2(459)) - Datanode localhost-82.22.182.30 7dd0d23e-67e2-4c36-b935-22cf72fde4db is Under-Utilized.
2023-09-14 09:00:50,650 [main] DEBUG balancer.ContainerBalancerTask (ContainerBalancerTask.java:lambda$initializeIteration$2(459)) - Datanode localhost-163.207.68.229 3adb28f5-7000-4310-882e-ffbd38d7034a is Under-Utilized.
2023-09-14 09:00:50,652 [main] DEBUG balancer.ContainerBalancerTask (ContainerBalancerTask.java:matchSourceWithTarget(708)) - ContainerBalancer is finding suitable target for source datanode 2721ea07-3ab1-43bf-8a8e-775daff080ce
2023-09-14 09:00:50,652 [main] INFO  balancer.ContainerBalancerTask (ContainerBalancerTask.java:matchSourceWithTarget(722)) - ContainerBalancer matched source datanode 2721ea07-3ab1-43bf-8a8e-775daff080ce with target datanode 3c4e1369-086c-4bf4-ab34-3e3da2ce28e2 for container move.
2023-09-14 09:00:50,652 [main] INFO  balancer.ContainerBalancerTask (ContainerBalancerTask.java:processMoveSelection(569)) - ContainerBalancer is trying to move container #85 with size 5368709120B from source datanode 2721ea07-3ab1-43bf-8a8e-775daff080ce to target datanode 3c4e1369-086c-4bf4-ab34-3e3da2ce28e2
2023-09-14 09:00:50,652 [main] DEBUG balancer.ContainerBalancerTask (ContainerBalancerTask.java:lambda$moveContainer$3(837)) - Container move completed for container #85 from source 2721ea07-3ab1-43bf-8a8e-775daff080ce to target 3c4e1369-086c-4bf4-ab34-3e3da2ce28e2
2023-09-14 09:00:50,652 [main] DEBUG balancer.ContainerBalancerTask (ContainerBalancerTask.java:adaptOnReachingIterationLimits(782)) - Reached max datanodes to involve limit. 2 datanodes have already been selected for balancing and the limit is 2. Only already selected sources and targets can be involved in balancing now.
2023-09-14 09:00:50,654 [main] DEBUG balancer.ContainerBalancerTask (ContainerBalancerTask.java:matchSourceWithTarget(708)) - ContainerBalancer is finding suitable target for source datanode 2721ea07-3ab1-43bf-8a8e-775daff080ce
2023-09-14 09:00:50,654 [main] INFO  balancer.ContainerBalancerTask (ContainerBalancerTask.java:matchSourceWithTarget(722)) - ContainerBalancer matched source datanode 2721ea07-3ab1-43bf-8a8e-775daff080ce with target datanode 3c4e1369-086c-4bf4-ab34-3e3da2ce28e2 for container move.
2023-09-14 09:00:50,654 [main] INFO  balancer.ContainerBalancerTask (ContainerBalancerTask.java:processMoveSelection(569)) - ContainerBalancer is trying to move container #89 with size 4294967296B from source datanode 2721ea07-3ab1-43bf-8a8e-775daff080ce to target datanode 3c4e1369-086c-4bf4-ab34-3e3da2ce28e2
2023-09-14 09:00:50,655 [main] DEBUG balancer.ContainerBalancerTask (ContainerBalancerTask.java:lambda$moveContainer$3(837)) - Container move completed for container #89 from source 2721ea07-3ab1-43bf-8a8e-775daff080ce to target 3c4e1369-086c-4bf4-ab34-3e3da2ce28e2
2023-09-14 09:00:50,656 [main] DEBUG balancer.ContainerBalancerTask (ContainerBalancerTask.java:matchSourceWithTarget(708)) - ContainerBalancer is finding suitable target for source datanode 2721ea07-3ab1-43bf-8a8e-775daff080ce
2023-09-14 09:00:50,657 [main] INFO  balancer.ContainerBalancerTask (ContainerBalancerTask.java:matchSourceWithTarget(722)) - ContainerBalancer matched source datanode 2721ea07-3ab1-43bf-8a8e-775daff080ce with target datanode 3c4e1369-086c-4bf4-ab34-3e3da2ce28e2 for container move.
2023-09-14 09:00:50,657 [main] INFO  balancer.ContainerBalancerTask (ContainerBalancerTask.java:processMoveSelection(569)) - ContainerBalancer is trying to move container #84 with size 4294967296B from source datanode 2721ea07-3ab1-43bf-8a8e-775daff080ce to target datanode 3c4e1369-086c-4bf4-ab34-3e3da2ce28e2
2023-09-14 09:00:50,657 [main] DEBUG balancer.ContainerBalancerTask (ContainerBalancerTask.java:lambda$moveContainer$3(837)) - Container move completed for container #84 from source 2721ea07-3ab1-43bf-8a8e-775daff080ce to target 3c4e1369-086c-4bf4-ab34-3e3da2ce28e2
2023-09-14 09:00:50,659 [main] DEBUG balancer.ContainerBalancerTask (ContainerBalancerTask.java:matchSourceWithTarget(708)) - ContainerBalancer is finding suitable target for source datanode 2721ea07-3ab1-43bf-8a8e-775daff080ce
2023-09-14 09:00:50,659 [main] INFO  balancer.ContainerBalancerTask (ContainerBalancerTask.java:matchSourceWithTarget(722)) - ContainerBalancer matched source datanode 2721ea07-3ab1-43bf-8a8e-775daff080ce with target datanode 3c4e1369-086c-4bf4-ab34-3e3da2ce28e2 for container move.
2023-09-14 09:00:50,659 [main] INFO  balancer.ContainerBalancerTask (ContainerBalancerTask.java:processMoveSelection(569)) - ContainerBalancer is trying to move container #19 with size 4294967296B from source datanode 2721ea07-3ab1-43bf-8a8e-775daff080ce to target datanode 3c4e1369-086c-4bf4-ab34-3e3da2ce28e2
2023-09-14 09:00:50,659 [main] DEBUG balancer.ContainerBalancerTask (ContainerBalancerTask.java:lambda$moveContainer$3(837)) - Container move completed for container #19 from source 2721ea07-3ab1-43bf-8a8e-775daff080ce to target 3c4e1369-086c-4bf4-ab34-3e3da2ce28e2
2023-09-14 09:00:50,661 [main] DEBUG balancer.ContainerBalancerTask (ContainerBalancerTask.java:matchSourceWithTarget(708)) - ContainerBalancer is finding suitable target for source datanode 2721ea07-3ab1-43bf-8a8e-775daff080ce
2023-09-14 09:00:50,661 [main] INFO  balancer.ContainerBalancerTask (ContainerBalancerTask.java:matchSourceWithTarget(722)) - ContainerBalancer matched source datanode 2721ea07-3ab1-43bf-8a8e-775daff080ce with target datanode 3c4e1369-086c-4bf4-ab34-3e3da2ce28e2 for container move.
2023-09-14 09:00:50,661 [main] INFO  balancer.ContainerBalancerTask (ContainerBalancerTask.java:processMoveSelection(569)) - ContainerBalancer is trying to move container #87 with size 2147483648B from source datanode 2721ea07-3ab1-43bf-8a8e-775daff080ce to target datanode 3c4e1369-086c-4bf4-ab34-3e3da2ce28e2
2023-09-14 09:00:50,662 [main] DEBUG balancer.ContainerBalancerTask (ContainerBalancerTask.java:lambda$moveContainer$3(837)) - Container move completed for container #87 from source 2721ea07-3ab1-43bf-8a8e-775daff080ce to target 3c4e1369-086c-4bf4-ab34-3e3da2ce28e2
2023-09-14 09:00:50,663 [main] DEBUG balancer.ContainerBalancerTask (ContainerBalancerTask.java:matchSourceWithTarget(708)) - ContainerBalancer is finding suitable target for source datanode 2721ea07-3ab1-43bf-8a8e-775daff080ce
2023-09-14 09:00:50,664 [main] INFO  balancer.FindTargetGreedyByUsageInfo (AbstractFindTargetGreedy.java:findTargetForContainerMove(133)) - Container Balancer could not find a target for source datanode 2721ea07-3ab1-43bf-8a8e-775daff080ce
2023-09-14 09:00:50,664 [main] DEBUG balancer.ContainerBalancerTask (ContainerBalancerTask.java:matchSourceWithTarget(717)) - ContainerBalancer could not find a suitable target for source node 2721ea07-3ab1-43bf-8a8e-775daff080ce.
2023-09-14 09:00:50,664 [main] INFO  balancer.FindSourceGreedy (FindSourceGreedy.java:getNextCandidateSourceDataNode(126)) - no more candidate source data node
2023-09-14 09:00:50,664 [main] INFO  balancer.ContainerBalancerTask (ContainerBalancerTask.java:checkIterationMoveResults(642)) - Iteration Summary. Number of Datanodes involved: 2. Size moved: 19 GB (20401094656 Bytes). Number of Container moves completed: 5.
2023-09-14 09:00:50,664 [main] INFO  balancer.ContainerBalancerTask (ContainerBalancerTask.java:balance(259)) - Result of this iteration of Container Balancer: ITERATION_COMPLETED
2023-09-14 09:00:50,666 [main] DEBUG balancer.ContainerBalancerTask (ContainerBalancerTask.java:initializeIteration(374)) - Average utilization of the cluster is 0.3240792415552922
2023-09-14 09:00:50,666 [main] DEBUG balancer.ContainerBalancerTask (ContainerBalancerTask.java:initializeIteration(386)) - Lower limit for utilization is 0.2240792415552922 and Upper limit for utilization is 0.4240792415552922
2023-09-14 09:00:50,667 [main] DEBUG balancer.ContainerBalancerTask (ContainerBalancerTask.java:initializeIteration(398)) - Utilization for node 2721ea07-3ab1-43bf-8a8e-775daff080ce with capacity 45335765902B, used 40802189312B, and remaining 4533576590B is 0.9000000000044115
2023-09-14 09:00:50,667 [main] DEBUG balancer.ContainerBalancerTask (ContainerBalancerTask.java:initializeIteration(398)) - Utilization for node e2c5f05b-4060-494d-be35-365dc639c0b6 with capacity 76504104960B, used 61203283968B, and remaining 15300820992B is 0.8
2023-09-14 09:00:50,667 [main] DEBUG balancer.ContainerBalancerTask (ContainerBalancerTask.java:initializeIteration(398)) - Utilization for node 9186cce1-be2c-4b9e-ba11-7cf1c48de544 with capacity 50619257417B, used 35433480192B, and remaining 15185777225B is 0.7000000000019755
2023-09-14 09:00:50,667 [main] DEBUG balancer.ContainerBalancerTask (ContainerBalancerTask.java:initializeIteration(398)) - Utilization for node a7321054-7dd6-4f6d-a0ab-8b948caf4075 with capacity 71582788266B, used 42949672960B, and remaining 28633115306B is 0.600000000005588
2023-09-14 09:00:50,667 [main] DEBUG balancer.ContainerBalancerTask (ContainerBalancerTask.java:initializeIteration(398)) - Utilization for node dc63b21d-ea67-41ce-888b-0b579884c304 with capacity 96636764160B, used 48318382080B, and remaining 48318382080B is 0.5
2023-09-14 09:00:50,669 [main] DEBUG balancer.ContainerBalancerTask (ContainerBalancerTask.java:initializeIteration(398)) - Utilization for node 84bef8cf-e5f0-47f1-a3ac-7aac0a9f913f with capacity 110058536960B, used 44023414784B, and remaining 66035122176B is 0.4
2023-09-14 09:00:50,669 [main] DEBUG balancer.ContainerBalancerTask (ContainerBalancerTask.java:initializeIteration(398)) - Utilization for node 80d8fe13-9c64-4d04-820a-66962fe1a275 with capacity 193273528320B, used 57982058496B, and remaining 135291469824B is 0.3
2023-09-14 09:00:50,669 [main] DEBUG balancer.ContainerBalancerTask (ContainerBalancerTask.java:initializeIteration(398)) - Utilization for node 3adb28f5-7000-4310-882e-ffbd38d7034a with capacity 139586437120B, used 27917287424B, and remaining 111669149696B is 0.2
2023-09-14 09:00:50,669 [main] DEBUG balancer.ContainerBalancerTask (ContainerBalancerTask.java:initializeIteration(398)) - Utilization for node 7dd0d23e-67e2-4c36-b935-22cf72fde4db with capacity 397284474880B, used 39728447488B, and remaining 357556027392B is 0.1
2023-09-14 09:00:50,669 [main] DEBUG balancer.ContainerBalancerTask (ContainerBalancerTask.java:initializeIteration(398)) - Utilization for node 3c4e1369-086c-4bf4-ab34-3e3da2ce28e2 with capacity 48318382080B, used 0B, and remaining 48318382080B is 0.0
2023-09-14 09:00:50,669 [main] INFO  balancer.ContainerBalancerTask (ContainerBalancerTask.java:initializeIteration(447)) - Container Balancer has identified 5 Over-Utilized and 3 Under-Utilized Datanodes that need to be balanced.
2023-09-14 09:00:50,670 [main] DEBUG balancer.ContainerBalancerTask (ContainerBalancerTask.java:lambda$initializeIteration$1(453)) - Datanode localhost-63.49.76.12 2721ea07-3ab1-43bf-8a8e-775daff080ce is Over-Utilized.
2023-09-14 09:00:50,670 [main] DEBUG balancer.ContainerBalancerTask (ContainerBalancerTask.java:lambda$initializeIteration$1(453)) - Datanode localhost-230.71.72.233 e2c5f05b-4060-494d-be35-365dc639c0b6 is Over-Utilized.
2023-09-14 09:00:50,670 [main] DEBUG balancer.ContainerBalancerTask (ContainerBalancerTask.java:lambda$initializeIteration$1(453)) - Datanode localhost-137.117.127.213 9186cce1-be2c-4b9e-ba11-7cf1c48de544 is Over-Utilized.
2023-09-14 09:00:50,670 [main] DEBUG balancer.ContainerBalancerTask (ContainerBalancerTask.java:lambda$initializeIteration$1(453)) - Datanode localhost-43.170.129.140 a7321054-7dd6-4f6d-a0ab-8b948caf4075 is Over-Utilized.
2023-09-14 09:00:50,670 [main] DEBUG balancer.ContainerBalancerTask (ContainerBalancerTask.java:lambda$initializeIteration$1(453)) - Datanode localhost-156.208.130.153 dc63b21d-ea67-41ce-888b-0b579884c304 is Over-Utilized.
2023-09-14 09:00:50,670 [main] DEBUG balancer.ContainerBalancerTask (ContainerBalancerTask.java:lambda$initializeIteration$2(459)) - Datanode localhost-41.167.236.255 3c4e1369-086c-4bf4-ab34-3e3da2ce28e2 is Under-Utilized.
2023-09-14 09:00:50,670 [main] DEBUG balancer.ContainerBalancerTask (ContainerBalancerTask.java:lambda$initializeIteration$2(459)) - Datanode localhost-82.22.182.30 7dd0d23e-67e2-4c36-b935-22cf72fde4db is Under-Utilized.
2023-09-14 09:00:50,670 [main] DEBUG balancer.ContainerBalancerTask (ContainerBalancerTask.java:lambda$initializeIteration$2(459)) - Datanode localhost-163.207.68.229 3adb28f5-7000-4310-882e-ffbd38d7034a is Under-Utilized.
2023-09-14 09:00:50,672 [main] DEBUG balancer.ContainerBalancerTask (ContainerBalancerTask.java:matchSourceWithTarget(708)) - ContainerBalancer is finding suitable target for source datanode 2721ea07-3ab1-43bf-8a8e-775daff080ce
2023-09-14 09:00:50,672 [main] INFO  balancer.ContainerBalancerTask (ContainerBalancerTask.java:matchSourceWithTarget(722)) - ContainerBalancer matched source datanode 2721ea07-3ab1-43bf-8a8e-775daff080ce with target datanode 3c4e1369-086c-4bf4-ab34-3e3da2ce28e2 for container move.
2023-09-14 09:00:50,672 [main] INFO  balancer.ContainerBalancerTask (ContainerBalancerTask.java:processMoveSelection(569)) - ContainerBalancer is trying to move container #85 with size 5368709120B from source datanode 2721ea07-3ab1-43bf-8a8e-775daff080ce to target datanode 3c4e1369-086c-4bf4-ab34-3e3da2ce28e2
2023-09-14 09:00:50,673 [main] DEBUG balancer.ContainerBalancerTask (ContainerBalancerTask.java:lambda$moveContainer$3(837)) - Container move completed for container #85 from source 2721ea07-3ab1-43bf-8a8e-775daff080ce to target 3c4e1369-086c-4bf4-ab34-3e3da2ce28e2
2023-09-14 09:00:50,673 [main] DEBUG balancer.ContainerBalancerTask (ContainerBalancerTask.java:adaptOnReachingIterationLimits(782)) - Reached max datanodes to involve limit. 2 datanodes have already been selected for balancing and the limit is 2. Only already selected sources and targets can be involved in balancing now.
2023-09-14 09:00:50,675 [main] DEBUG balancer.ContainerBalancerTask (ContainerBalancerTask.java:matchSourceWithTarget(708)) - ContainerBalancer is finding suitable target for source datanode 2721ea07-3ab1-43bf-8a8e-775daff080ce
2023-09-14 09:00:50,675 [main] INFO  balancer.ContainerBalancerTask (ContainerBalancerTask.java:matchSourceWithTarget(722)) - ContainerBalancer matched source datanode 2721ea07-3ab1-43bf-8a8e-775daff080ce with target datanode 3c4e1369-086c-4bf4-ab34-3e3da2ce28e2 for container move.
2023-09-14 09:00:50,675 [main] INFO  balancer.ContainerBalancerTask (ContainerBalancerTask.java:processMoveSelection(569)) - ContainerBalancer is trying to move container #89 with size 4294967296B from source datanode 2721ea07-3ab1-43bf-8a8e-775daff080ce to target datanode 3c4e1369-086c-4bf4-ab34-3e3da2ce28e2
2023-09-14 09:00:50,675 [main] DEBUG balancer.ContainerBalancerTask (ContainerBalancerTask.java:lambda$moveContainer$3(837)) - Container move completed for container #89 from source 2721ea07-3ab1-43bf-8a8e-775daff080ce to target 3c4e1369-086c-4bf4-ab34-3e3da2ce28e2
2023-09-14 09:00:50,677 [main] DEBUG balancer.ContainerBalancerTask (ContainerBalancerTask.java:matchSourceWithTarget(708)) - ContainerBalancer is finding suitable target for source datanode 2721ea07-3ab1-43bf-8a8e-775daff080ce
2023-09-14 09:00:50,677 [main] INFO  balancer.ContainerBalancerTask (ContainerBalancerTask.java:matchSourceWithTarget(722)) - ContainerBalancer matched source datanode 2721ea07-3ab1-43bf-8a8e-775daff080ce with target datanode 3c4e1369-086c-4bf4-ab34-3e3da2ce28e2 for container move.
2023-09-14 09:00:50,677 [main] INFO  balancer.ContainerBalancerTask (ContainerBalancerTask.java:processMoveSelection(569)) - ContainerBalancer is trying to move container #84 with size 4294967296B from source datanode 2721ea07-3ab1-43bf-8a8e-775daff080ce to target datanode 3c4e1369-086c-4bf4-ab34-3e3da2ce28e2
2023-09-14 09:00:50,677 [main] DEBUG balancer.ContainerBalancerTask (ContainerBalancerTask.java:lambda$moveContainer$3(837)) - Container move completed for container #84 from source 2721ea07-3ab1-43bf-8a8e-775daff080ce to target 3c4e1369-086c-4bf4-ab34-3e3da2ce28e2
2023-09-14 09:00:50,679 [main] DEBUG balancer.ContainerBalancerTask (ContainerBalancerTask.java:matchSourceWithTarget(708)) - ContainerBalancer is finding suitable target for source datanode 2721ea07-3ab1-43bf-8a8e-775daff080ce
2023-09-14 09:00:50,679 [main] INFO  balancer.ContainerBalancerTask (ContainerBalancerTask.java:matchSourceWithTarget(722)) - ContainerBalancer matched source datanode 2721ea07-3ab1-43bf-8a8e-775daff080ce with target datanode 3c4e1369-086c-4bf4-ab34-3e3da2ce28e2 for container move.
2023-09-14 09:00:50,680 [main] INFO  balancer.ContainerBalancerTask (ContainerBalancerTask.java:processMoveSelection(569)) - ContainerBalancer is trying to move container #19 with size 4294967296B from source datanode 2721ea07-3ab1-43bf-8a8e-775daff080ce to target datanode 3c4e1369-086c-4bf4-ab34-3e3da2ce28e2
2023-09-14 09:00:50,680 [main] DEBUG balancer.ContainerBalancerTask (ContainerBalancerTask.java:lambda$moveContainer$3(837)) - Container move completed for container #19 from source 2721ea07-3ab1-43bf-8a8e-775daff080ce to target 3c4e1369-086c-4bf4-ab34-3e3da2ce28e2
2023-09-14 09:00:50,682 [main] DEBUG balancer.ContainerBalancerTask (ContainerBalancerTask.java:matchSourceWithTarget(708)) - ContainerBalancer is finding suitable target for source datanode 2721ea07-3ab1-43bf-8a8e-775daff080ce
2023-09-14 09:00:50,682 [main] INFO  balancer.ContainerBalancerTask (ContainerBalancerTask.java:matchSourceWithTarget(722)) - ContainerBalancer matched source datanode 2721ea07-3ab1-43bf-8a8e-775daff080ce with target datanode 3c4e1369-086c-4bf4-ab34-3e3da2ce28e2 for container move.
2023-09-14 09:00:50,682 [main] INFO  balancer.ContainerBalancerTask (ContainerBalancerTask.java:processMoveSelection(569)) - ContainerBalancer is trying to move container #87 with size 2147483648B from source datanode 2721ea07-3ab1-43bf-8a8e-775daff080ce to target datanode 3c4e1369-086c-4bf4-ab34-3e3da2ce28e2
2023-09-14 09:00:50,682 [main] DEBUG balancer.ContainerBalancerTask (ContainerBalancerTask.java:lambda$moveContainer$3(837)) - Container move completed for container #87 from source 2721ea07-3ab1-43bf-8a8e-775daff080ce to target 3c4e1369-086c-4bf4-ab34-3e3da2ce28e2
2023-09-14 09:00:50,684 [main] DEBUG balancer.ContainerBalancerTask (ContainerBalancerTask.java:matchSourceWithTarget(708)) - ContainerBalancer is finding suitable target for source datanode 2721ea07-3ab1-43bf-8a8e-775daff080ce
2023-09-14 09:00:50,685 [main] INFO  balancer.FindTargetGreedyByUsageInfo (AbstractFindTargetGreedy.java:findTargetForContainerMove(133)) - Container Balancer could not find a target for source datanode 2721ea07-3ab1-43bf-8a8e-775daff080ce
2023-09-14 09:00:50,685 [main] DEBUG balancer.ContainerBalancerTask (ContainerBalancerTask.java:matchSourceWithTarget(717)) - ContainerBalancer could not find a suitable target for source node 2721ea07-3ab1-43bf-8a8e-775daff080ce.
2023-09-14 09:00:50,685 [main] INFO  balancer.FindSourceGreedy (FindSourceGreedy.java:getNextCandidateSourceDataNode(126)) - no more candidate source data node
2023-09-14 09:00:50,685 [main] INFO  balancer.ContainerBalancerTask (ContainerBalancerTask.java:checkIterationMoveResults(642)) - Iteration Summary. Number of Datanodes involved: 2. Size moved: 19 GB (20401094656 Bytes). Number of Container moves completed: 5.
2023-09-14 09:00:50,685 [main] INFO  balancer.ContainerBalancerTask (ContainerBalancerTask.java:balance(259)) - Result of this iteration of Container Balancer: ITERATION_COMPLETED
2023-09-14 09:00:50,687 [main] DEBUG balancer.ContainerBalancerTask (ContainerBalancerTask.java:initializeIteration(374)) - Average utilization of the cluster is 0.3240792415552922
2023-09-14 09:00:50,687 [main] DEBUG balancer.ContainerBalancerTask (ContainerBalancerTask.java:initializeIteration(386)) - Lower limit for utilization is 0.2240792415552922 and Upper limit for utilization is 0.4240792415552922
2023-09-14 09:00:50,687 [main] DEBUG balancer.ContainerBalancerTask (ContainerBalancerTask.java:initializeIteration(398)) - Utilization for node 2721ea07-3ab1-43bf-8a8e-775daff080ce with capacity 45335765902B, used 40802189312B, and remaining 4533576590B is 0.9000000000044115
2023-09-14 09:00:50,687 [main] DEBUG balancer.ContainerBalancerTask (ContainerBalancerTask.java:initializeIteration(398)) - Utilization for node e2c5f05b-4060-494d-be35-365dc639c0b6 with capacity 76504104960B, used 61203283968B, and remaining 15300820992B is 0.8
2023-09-14 09:00:50,687 [main] DEBUG balancer.ContainerBalancerTask (ContainerBalancerTask.java:initializeIteration(398)) - Utilization for node 9186cce1-be2c-4b9e-ba11-7cf1c48de544 with capacity 50619257417B, used 35433480192B, and remaining 15185777225B is 0.7000000000019755
2023-09-14 09:00:50,687 [main] DEBUG balancer.ContainerBalancerTask (ContainerBalancerTask.java:initializeIteration(398)) - Utilization for node a7321054-7dd6-4f6d-a0ab-8b948caf4075 with capacity 71582788266B, used 42949672960B, and remaining 28633115306B is 0.600000000005588
2023-09-14 09:00:50,688 [main] DEBUG balancer.ContainerBalancerTask (ContainerBalancerTask.java:initializeIteration(398)) - Utilization for node dc63b21d-ea67-41ce-888b-0b579884c304 with capacity 96636764160B, used 48318382080B, and remaining 48318382080B is 0.5
2023-09-14 09:00:50,688 [main] DEBUG balancer.ContainerBalancerTask (ContainerBalancerTask.java:initializeIteration(398)) - Utilization for node 84bef8cf-e5f0-47f1-a3ac-7aac0a9f913f with capacity 110058536960B, used 44023414784B, and remaining 66035122176B is 0.4
2023-09-14 09:00:50,688 [main] DEBUG balancer.ContainerBalancerTask (ContainerBalancerTask.java:initializeIteration(398)) - Utilization for node 80d8fe13-9c64-4d04-820a-66962fe1a275 with capacity 193273528320B, used 57982058496B, and remaining 135291469824B is 0.3
2023-09-14 09:00:50,688 [main] DEBUG balancer.ContainerBalancerTask (ContainerBalancerTask.java:initializeIteration(398)) - Utilization for node 3adb28f5-7000-4310-882e-ffbd38d7034a with capacity 139586437120B, used 27917287424B, and remaining 111669149696B is 0.2
2023-09-14 09:00:50,688 [main] DEBUG balancer.ContainerBalancerTask (ContainerBalancerTask.java:initializeIteration(398)) - Utilization for node 7dd0d23e-67e2-4c36-b935-22cf72fde4db with capacity 397284474880B, used 39728447488B, and remaining 357556027392B is 0.1
2023-09-14 09:00:50,688 [main] DEBUG balancer.ContainerBalancerTask (ContainerBalancerTask.java:initializeIteration(398)) - Utilization for node 3c4e1369-086c-4bf4-ab34-3e3da2ce28e2 with capacity 48318382080B, used 0B, and remaining 48318382080B is 0.0
2023-09-14 09:00:50,688 [main] INFO  balancer.ContainerBalancerTask (ContainerBalancerTask.java:initializeIteration(447)) - Container Balancer has identified 5 Over-Utilized and 3 Under-Utilized Datanodes that need to be balanced.
2023-09-14 09:00:50,688 [main] DEBUG balancer.ContainerBalancerTask (ContainerBalancerTask.java:lambda$initializeIteration$1(453)) - Datanode localhost-63.49.76.12 2721ea07-3ab1-43bf-8a8e-775daff080ce is Over-Utilized.
2023-09-14 09:00:50,688 [main] DEBUG balancer.ContainerBalancerTask (ContainerBalancerTask.java:lambda$initializeIteration$1(453)) - Datanode localhost-230.71.72.233 e2c5f05b-4060-494d-be35-365dc639c0b6 is Over-Utilized.
2023-09-14 09:00:50,688 [main] DEBUG balancer.ContainerBalancerTask (ContainerBalancerTask.java:lambda$initializeIteration$1(453)) - Datanode localhost-137.117.127.213 9186cce1-be2c-4b9e-ba11-7cf1c48de544 is Over-Utilized.
2023-09-14 09:00:50,688 [main] DEBUG balancer.ContainerBalancerTask (ContainerBalancerTask.java:lambda$initializeIteration$1(453)) - Datanode localhost-43.170.129.140 a7321054-7dd6-4f6d-a0ab-8b948caf4075 is Over-Utilized.
2023-09-14 09:00:50,689 [main] DEBUG balancer.ContainerBalancerTask (ContainerBalancerTask.java:lambda$initializeIteration$1(453)) - Datanode localhost-156.208.130.153 dc63b21d-ea67-41ce-888b-0b579884c304 is Over-Utilized.
2023-09-14 09:00:50,689 [main] DEBUG balancer.ContainerBalancerTask (ContainerBalancerTask.java:lambda$initializeIteration$2(459)) - Datanode localhost-41.167.236.255 3c4e1369-086c-4bf4-ab34-3e3da2ce28e2 is Under-Utilized.
2023-09-14 09:00:50,689 [main] DEBUG balancer.ContainerBalancerTask (ContainerBalancerTask.java:lambda$initializeIteration$2(459)) - Datanode localhost-82.22.182.30 7dd0d23e-67e2-4c36-b935-22cf72fde4db is Under-Utilized.
2023-09-14 09:00:50,689 [main] DEBUG balancer.ContainerBalancerTask (ContainerBalancerTask.java:lambda$initializeIteration$2(459)) - Datanode localhost-163.207.68.229 3adb28f5-7000-4310-882e-ffbd38d7034a is Under-Utilized.
2023-09-14 09:00:50,691 [main] DEBUG balancer.ContainerBalancerTask (ContainerBalancerTask.java:matchSourceWithTarget(708)) - ContainerBalancer is finding suitable target for source datanode 2721ea07-3ab1-43bf-8a8e-775daff080ce
2023-09-14 09:00:50,691 [main] INFO  balancer.ContainerBalancerTask (ContainerBalancerTask.java:matchSourceWithTarget(722)) - ContainerBalancer matched source datanode 2721ea07-3ab1-43bf-8a8e-775daff080ce with target datanode 3c4e1369-086c-4bf4-ab34-3e3da2ce28e2 for container move.
2023-09-14 09:00:50,691 [main] INFO  balancer.ContainerBalancerTask (ContainerBalancerTask.java:processMoveSelection(569)) - ContainerBalancer is trying to move container #85 with size 5368709120B from source datanode 2721ea07-3ab1-43bf-8a8e-775daff080ce to target datanode 3c4e1369-086c-4bf4-ab34-3e3da2ce28e2
2023-09-14 09:00:50,691 [main] DEBUG balancer.ContainerBalancerTask (ContainerBalancerTask.java:lambda$moveContainer$3(837)) - Container move completed for container #85 from source 2721ea07-3ab1-43bf-8a8e-775daff080ce to target 3c4e1369-086c-4bf4-ab34-3e3da2ce28e2
2023-09-14 09:00:50,691 [main] DEBUG balancer.ContainerBalancerTask (ContainerBalancerTask.java:adaptOnReachingIterationLimits(782)) - Reached max datanodes to involve limit. 2 datanodes have already been selected for balancing and the limit is 2. Only already selected sources and targets can be involved in balancing now.
2023-09-14 09:00:50,693 [main] DEBUG balancer.ContainerBalancerTask (ContainerBalancerTask.java:matchSourceWithTarget(708)) - ContainerBalancer is finding suitable target for source datanode 2721ea07-3ab1-43bf-8a8e-775daff080ce
2023-09-14 09:00:50,693 [main] INFO  balancer.ContainerBalancerTask (ContainerBalancerTask.java:matchSourceWithTarget(722)) - ContainerBalancer matched source datanode 2721ea07-3ab1-43bf-8a8e-775daff080ce with target datanode 3c4e1369-086c-4bf4-ab34-3e3da2ce28e2 for container move.
2023-09-14 09:00:50,693 [main] INFO  balancer.ContainerBalancerTask (ContainerBalancerTask.java:processMoveSelection(569)) - ContainerBalancer is trying to move container #89 with size 4294967296B from source datanode 2721ea07-3ab1-43bf-8a8e-775daff080ce to target datanode 3c4e1369-086c-4bf4-ab34-3e3da2ce28e2
2023-09-14 09:00:50,694 [main] DEBUG balancer.ContainerBalancerTask (ContainerBalancerTask.java:lambda$moveContainer$3(837)) - Container move completed for container #89 from source 2721ea07-3ab1-43bf-8a8e-775daff080ce to target 3c4e1369-086c-4bf4-ab34-3e3da2ce28e2
2023-09-14 09:00:50,695 [main] DEBUG balancer.ContainerBalancerTask (ContainerBalancerTask.java:matchSourceWithTarget(708)) - ContainerBalancer is finding suitable target for source datanode 2721ea07-3ab1-43bf-8a8e-775daff080ce
2023-09-14 09:00:50,696 [main] INFO  balancer.ContainerBalancerTask (ContainerBalancerTask.java:matchSourceWithTarget(722)) - ContainerBalancer matched source datanode 2721ea07-3ab1-43bf-8a8e-775daff080ce with target datanode 3c4e1369-086c-4bf4-ab34-3e3da2ce28e2 for container move.
2023-09-14 09:00:50,696 [main] INFO  balancer.ContainerBalancerTask (ContainerBalancerTask.java:processMoveSelection(569)) - ContainerBalancer is trying to move container #84 with size 4294967296B from source datanode 2721ea07-3ab1-43bf-8a8e-775daff080ce to target datanode 3c4e1369-086c-4bf4-ab34-3e3da2ce28e2
2023-09-14 09:00:50,696 [main] DEBUG balancer.ContainerBalancerTask (ContainerBalancerTask.java:lambda$moveContainer$3(837)) - Container move completed for container #84 from source 2721ea07-3ab1-43bf-8a8e-775daff080ce to target 3c4e1369-086c-4bf4-ab34-3e3da2ce28e2
2023-09-14 09:00:50,698 [main] DEBUG balancer.ContainerBalancerTask (ContainerBalancerTask.java:matchSourceWithTarget(708)) - ContainerBalancer is finding suitable target for source datanode 2721ea07-3ab1-43bf-8a8e-775daff080ce
2023-09-14 09:00:50,698 [main] INFO  balancer.ContainerBalancerTask (ContainerBalancerTask.java:matchSourceWithTarget(722)) - ContainerBalancer matched source datanode 2721ea07-3ab1-43bf-8a8e-775daff080ce with target datanode 3c4e1369-086c-4bf4-ab34-3e3da2ce28e2 for container move.
2023-09-14 09:00:50,698 [main] INFO  balancer.ContainerBalancerTask (ContainerBalancerTask.java:processMoveSelection(569)) - ContainerBalancer is trying to move container #19 with size 4294967296B from source datanode 2721ea07-3ab1-43bf-8a8e-775daff080ce to target datanode 3c4e1369-086c-4bf4-ab34-3e3da2ce28e2
2023-09-14 09:00:50,698 [main] DEBUG balancer.ContainerBalancerTask (ContainerBalancerTask.java:lambda$moveContainer$3(837)) - Container move completed for container #19 from source 2721ea07-3ab1-43bf-8a8e-775daff080ce to target 3c4e1369-086c-4bf4-ab34-3e3da2ce28e2
2023-09-14 09:00:50,700 [main] DEBUG balancer.ContainerBalancerTask (ContainerBalancerTask.java:matchSourceWithTarget(708)) - ContainerBalancer is finding suitable target for source datanode 2721ea07-3ab1-43bf-8a8e-775daff080ce
2023-09-14 09:00:50,700 [main] INFO  balancer.ContainerBalancerTask (ContainerBalancerTask.java:matchSourceWithTarget(722)) - ContainerBalancer matched source datanode 2721ea07-3ab1-43bf-8a8e-775daff080ce with target datanode 3c4e1369-086c-4bf4-ab34-3e3da2ce28e2 for container move.
2023-09-14 09:00:50,701 [main] INFO  balancer.ContainerBalancerTask (ContainerBalancerTask.java:processMoveSelection(569)) - ContainerBalancer is trying to move container #87 with size 2147483648B from source datanode 2721ea07-3ab1-43bf-8a8e-775daff080ce to target datanode 3c4e1369-086c-4bf4-ab34-3e3da2ce28e2
2023-09-14 09:00:50,701 [main] DEBUG balancer.ContainerBalancerTask (ContainerBalancerTask.java:lambda$moveContainer$3(837)) - Container move completed for container #87 from source 2721ea07-3ab1-43bf-8a8e-775daff080ce to target 3c4e1369-086c-4bf4-ab34-3e3da2ce28e2
2023-09-14 09:00:50,702 [main] DEBUG balancer.ContainerBalancerTask (ContainerBalancerTask.java:matchSourceWithTarget(708)) - ContainerBalancer is finding suitable target for source datanode 2721ea07-3ab1-43bf-8a8e-775daff080ce
2023-09-14 09:00:50,703 [main] INFO  balancer.FindTargetGreedyByUsageInfo (AbstractFindTargetGreedy.java:findTargetForContainerMove(133)) - Container Balancer could not find a target for source datanode 2721ea07-3ab1-43bf-8a8e-775daff080ce
2023-09-14 09:00:50,703 [main] DEBUG balancer.ContainerBalancerTask (ContainerBalancerTask.java:matchSourceWithTarget(717)) - ContainerBalancer could not find a suitable target for source node 2721ea07-3ab1-43bf-8a8e-775daff080ce.
2023-09-14 09:00:50,703 [main] INFO  balancer.FindSourceGreedy (FindSourceGreedy.java:getNextCandidateSourceDataNode(126)) - no more candidate source data node
2023-09-14 09:00:50,703 [main] INFO  balancer.ContainerBalancerTask (ContainerBalancerTask.java:checkIterationMoveResults(642)) - Iteration Summary. Number of Datanodes involved: 2. Size moved: 19 GB (20401094656 Bytes). Number of Container moves completed: 5.
2023-09-14 09:00:50,704 [main] INFO  balancer.ContainerBalancerTask (ContainerBalancerTask.java:balance(259)) - Result of this iteration of Container Balancer: ITERATION_COMPLETED
2023-09-14 09:00:50,705 [main] DEBUG balancer.ContainerBalancerTask (ContainerBalancerTask.java:initializeIteration(374)) - Average utilization of the cluster is 0.3240792415552922
2023-09-14 09:00:50,705 [main] DEBUG balancer.ContainerBalancerTask (ContainerBalancerTask.java:initializeIteration(386)) - Lower limit for utilization is 0.2240792415552922 and Upper limit for utilization is 0.4240792415552922
2023-09-14 09:00:50,706 [main] DEBUG balancer.ContainerBalancerTask (ContainerBalancerTask.java:initializeIteration(398)) - Utilization for node 2721ea07-3ab1-43bf-8a8e-775daff080ce with capacity 45335765902B, used 40802189312B, and remaining 4533576590B is 0.9000000000044115
2023-09-14 09:00:50,706 [main] DEBUG balancer.ContainerBalancerTask (ContainerBalancerTask.java:initializeIteration(398)) - Utilization for node e2c5f05b-4060-494d-be35-365dc639c0b6 with capacity 76504104960B, used 61203283968B, and remaining 15300820992B is 0.8
2023-09-14 09:00:50,706 [main] DEBUG balancer.ContainerBalancerTask (ContainerBalancerTask.java:initializeIteration(398)) - Utilization for node 9186cce1-be2c-4b9e-ba11-7cf1c48de544 with capacity 50619257417B, used 35433480192B, and remaining 15185777225B is 0.7000000000019755
2023-09-14 09:00:50,706 [main] DEBUG balancer.ContainerBalancerTask (ContainerBalancerTask.java:initializeIteration(398)) - Utilization for node a7321054-7dd6-4f6d-a0ab-8b948caf4075 with capacity 71582788266B, used 42949672960B, and remaining 28633115306B is 0.600000000005588
2023-09-14 09:00:50,706 [main] DEBUG balancer.ContainerBalancerTask (ContainerBalancerTask.java:initializeIteration(398)) - Utilization for node dc63b21d-ea67-41ce-888b-0b579884c304 with capacity 96636764160B, used 48318382080B, and remaining 48318382080B is 0.5
2023-09-14 09:00:50,706 [main] DEBUG balancer.ContainerBalancerTask (ContainerBalancerTask.java:initializeIteration(398)) - Utilization for node 84bef8cf-e5f0-47f1-a3ac-7aac0a9f913f with capacity 110058536960B, used 44023414784B, and remaining 66035122176B is 0.4
2023-09-14 09:00:50,706 [main] DEBUG balancer.ContainerBalancerTask (ContainerBalancerTask.java:initializeIteration(398)) - Utilization for node 80d8fe13-9c64-4d04-820a-66962fe1a275 with capacity 193273528320B, used 57982058496B, and remaining 135291469824B is 0.3
2023-09-14 09:00:50,706 [main] DEBUG balancer.ContainerBalancerTask (ContainerBalancerTask.java:initializeIteration(398)) - Utilization for node 3adb28f5-7000-4310-882e-ffbd38d7034a with capacity 139586437120B, used 27917287424B, and remaining 111669149696B is 0.2
2023-09-14 09:00:50,706 [main] DEBUG balancer.ContainerBalancerTask (ContainerBalancerTask.java:initializeIteration(398)) - Utilization for node 7dd0d23e-67e2-4c36-b935-22cf72fde4db with capacity 397284474880B, used 39728447488B, and remaining 357556027392B is 0.1
2023-09-14 09:00:50,706 [main] DEBUG balancer.ContainerBalancerTask (ContainerBalancerTask.java:initializeIteration(398)) - Utilization for node 3c4e1369-086c-4bf4-ab34-3e3da2ce28e2 with capacity 48318382080B, used 0B, and remaining 48318382080B is 0.0
2023-09-14 09:00:50,707 [main] INFO  balancer.ContainerBalancerTask (ContainerBalancerTask.java:initializeIteration(447)) - Container Balancer has identified 5 Over-Utilized and 3 Under-Utilized Datanodes that need to be balanced.
2023-09-14 09:00:50,707 [main] DEBUG balancer.ContainerBalancerTask (ContainerBalancerTask.java:lambda$initializeIteration$1(453)) - Datanode localhost-63.49.76.12 2721ea07-3ab1-43bf-8a8e-775daff080ce is Over-Utilized.
2023-09-14 09:00:50,707 [main] DEBUG balancer.ContainerBalancerTask (ContainerBalancerTask.java:lambda$initializeIteration$1(453)) - Datanode localhost-230.71.72.233 e2c5f05b-4060-494d-be35-365dc639c0b6 is Over-Utilized.
2023-09-14 09:00:50,707 [main] DEBUG balancer.ContainerBalancerTask (ContainerBalancerTask.java:lambda$initializeIteration$1(453)) - Datanode localhost-137.117.127.213 9186cce1-be2c-4b9e-ba11-7cf1c48de544 is Over-Utilized.
2023-09-14 09:00:50,707 [main] DEBUG balancer.ContainerBalancerTask (ContainerBalancerTask.java:lambda$initializeIteration$1(453)) - Datanode localhost-43.170.129.140 a7321054-7dd6-4f6d-a0ab-8b948caf4075 is Over-Utilized.
2023-09-14 09:00:50,707 [main] DEBUG balancer.ContainerBalancerTask (ContainerBalancerTask.java:lambda$initializeIteration$1(453)) - Datanode localhost-156.208.130.153 dc63b21d-ea67-41ce-888b-0b579884c304 is Over-Utilized.
2023-09-14 09:00:50,707 [main] DEBUG balancer.ContainerBalancerTask (ContainerBalancerTask.java:lambda$initializeIteration$2(459)) - Datanode localhost-41.167.236.255 3c4e1369-086c-4bf4-ab34-3e3da2ce28e2 is Under-Utilized.
2023-09-14 09:00:50,707 [main] DEBUG balancer.ContainerBalancerTask (ContainerBalancerTask.java:lambda$initializeIteration$2(459)) - Datanode localhost-82.22.182.30 7dd0d23e-67e2-4c36-b935-22cf72fde4db is Under-Utilized.
2023-09-14 09:00:50,707 [main] DEBUG balancer.ContainerBalancerTask (ContainerBalancerTask.java:lambda$initializeIteration$2(459)) - Datanode localhost-163.207.68.229 3adb28f5-7000-4310-882e-ffbd38d7034a is Under-Utilized.
2023-09-14 09:00:50,709 [main] DEBUG balancer.ContainerBalancerTask (ContainerBalancerTask.java:matchSourceWithTarget(708)) - ContainerBalancer is finding suitable target for source datanode 2721ea07-3ab1-43bf-8a8e-775daff080ce
2023-09-14 09:00:50,709 [main] INFO  balancer.ContainerBalancerTask (ContainerBalancerTask.java:matchSourceWithTarget(722)) - ContainerBalancer matched source datanode 2721ea07-3ab1-43bf-8a8e-775daff080ce with target datanode 3c4e1369-086c-4bf4-ab34-3e3da2ce28e2 for container move.
2023-09-14 09:00:50,710 [main] INFO  balancer.ContainerBalancerTask (ContainerBalancerTask.java:processMoveSelection(569)) - ContainerBalancer is trying to move container #85 with size 5368709120B from source datanode 2721ea07-3ab1-43bf-8a8e-775daff080ce to target datanode 3c4e1369-086c-4bf4-ab34-3e3da2ce28e2
2023-09-14 09:00:50,710 [main] DEBUG balancer.ContainerBalancerTask (ContainerBalancerTask.java:lambda$moveContainer$3(837)) - Container move completed for container #85 from source 2721ea07-3ab1-43bf-8a8e-775daff080ce to target 3c4e1369-086c-4bf4-ab34-3e3da2ce28e2
2023-09-14 09:00:50,710 [main] DEBUG balancer.ContainerBalancerTask (ContainerBalancerTask.java:adaptOnReachingIterationLimits(782)) - Reached max datanodes to involve limit. 2 datanodes have already been selected for balancing and the limit is 2. Only already selected sources and targets can be involved in balancing now.
2023-09-14 09:00:50,712 [main] DEBUG balancer.ContainerBalancerTask (ContainerBalancerTask.java:matchSourceWithTarget(708)) - ContainerBalancer is finding suitable target for source datanode 2721ea07-3ab1-43bf-8a8e-775daff080ce
2023-09-14 09:00:50,712 [main] INFO  balancer.ContainerBalancerTask (ContainerBalancerTask.java:matchSourceWithTarget(722)) - ContainerBalancer matched source datanode 2721ea07-3ab1-43bf-8a8e-775daff080ce with target datanode 3c4e1369-086c-4bf4-ab34-3e3da2ce28e2 for container move.
2023-09-14 09:00:50,712 [main] INFO  balancer.ContainerBalancerTask (ContainerBalancerTask.java:processMoveSelection(569)) - ContainerBalancer is trying to move container #89 with size 4294967296B from source datanode 2721ea07-3ab1-43bf-8a8e-775daff080ce to target datanode 3c4e1369-086c-4bf4-ab34-3e3da2ce28e2
2023-09-14 09:00:50,712 [main] DEBUG balancer.ContainerBalancerTask (ContainerBalancerTask.java:lambda$moveContainer$3(837)) - Container move completed for container #89 from source 2721ea07-3ab1-43bf-8a8e-775daff080ce to target 3c4e1369-086c-4bf4-ab34-3e3da2ce28e2
2023-09-14 09:00:50,714 [main] DEBUG balancer.ContainerBalancerTask (ContainerBalancerTask.java:matchSourceWithTarget(708)) - ContainerBalancer is finding suitable target for source datanode 2721ea07-3ab1-43bf-8a8e-775daff080ce
2023-09-14 09:00:50,714 [main] INFO  balancer.ContainerBalancerTask (ContainerBalancerTask.java:matchSourceWithTarget(722)) - ContainerBalancer matched source datanode 2721ea07-3ab1-43bf-8a8e-775daff080ce with target datanode 3c4e1369-086c-4bf4-ab34-3e3da2ce28e2 for container move.
2023-09-14 09:00:50,714 [main] INFO  balancer.ContainerBalancerTask (ContainerBalancerTask.java:processMoveSelection(569)) - ContainerBalancer is trying to move container #84 with size 4294967296B from source datanode 2721ea07-3ab1-43bf-8a8e-775daff080ce to target datanode 3c4e1369-086c-4bf4-ab34-3e3da2ce28e2
2023-09-14 09:00:50,714 [main] DEBUG balancer.ContainerBalancerTask (ContainerBalancerTask.java:lambda$moveContainer$3(837)) - Container move completed for container #84 from source 2721ea07-3ab1-43bf-8a8e-775daff080ce to target 3c4e1369-086c-4bf4-ab34-3e3da2ce28e2
2023-09-14 09:00:50,716 [main] DEBUG balancer.ContainerBalancerTask (ContainerBalancerTask.java:matchSourceWithTarget(708)) - ContainerBalancer is finding suitable target for source datanode 2721ea07-3ab1-43bf-8a8e-775daff080ce
2023-09-14 09:00:50,716 [main] INFO  balancer.ContainerBalancerTask (ContainerBalancerTask.java:matchSourceWithTarget(722)) - ContainerBalancer matched source datanode 2721ea07-3ab1-43bf-8a8e-775daff080ce with target datanode 3c4e1369-086c-4bf4-ab34-3e3da2ce28e2 for container move.
2023-09-14 09:00:50,717 [main] INFO  balancer.ContainerBalancerTask (ContainerBalancerTask.java:processMoveSelection(569)) - ContainerBalancer is trying to move container #19 with size 4294967296B from source datanode 2721ea07-3ab1-43bf-8a8e-775daff080ce to target datanode 3c4e1369-086c-4bf4-ab34-3e3da2ce28e2
2023-09-14 09:00:50,717 [main] DEBUG balancer.ContainerBalancerTask (ContainerBalancerTask.java:lambda$moveContainer$3(837)) - Container move completed for container #19 from source 2721ea07-3ab1-43bf-8a8e-775daff080ce to target 3c4e1369-086c-4bf4-ab34-3e3da2ce28e2
2023-09-14 09:00:50,719 [main] DEBUG balancer.ContainerBalancerTask (ContainerBalancerTask.java:matchSourceWithTarget(708)) - ContainerBalancer is finding suitable target for source datanode 2721ea07-3ab1-43bf-8a8e-775daff080ce
2023-09-14 09:00:50,719 [main] INFO  balancer.ContainerBalancerTask (ContainerBalancerTask.java:matchSourceWithTarget(722)) - ContainerBalancer matched source datanode 2721ea07-3ab1-43bf-8a8e-775daff080ce with target datanode 3c4e1369-086c-4bf4-ab34-3e3da2ce28e2 for container move.
2023-09-14 09:00:50,719 [main] INFO  balancer.ContainerBalancerTask (ContainerBalancerTask.java:processMoveSelection(569)) - ContainerBalancer is trying to move container #87 with size 2147483648B from source datanode 2721ea07-3ab1-43bf-8a8e-775daff080ce to target datanode 3c4e1369-086c-4bf4-ab34-3e3da2ce28e2
2023-09-14 09:00:50,719 [main] DEBUG balancer.ContainerBalancerTask (ContainerBalancerTask.java:lambda$moveContainer$3(837)) - Container move completed for container #87 from source 2721ea07-3ab1-43bf-8a8e-775daff080ce to target 3c4e1369-086c-4bf4-ab34-3e3da2ce28e2
2023-09-14 09:00:50,721 [main] DEBUG balancer.ContainerBalancerTask (ContainerBalancerTask.java:matchSourceWithTarget(708)) - ContainerBalancer is finding suitable target for source datanode 2721ea07-3ab1-43bf-8a8e-775daff080ce
2023-09-14 09:00:50,722 [main] INFO  balancer.FindTargetGreedyByUsageInfo (AbstractFindTargetGreedy.java:findTargetForContainerMove(133)) - Container Balancer could not find a target for source datanode 2721ea07-3ab1-43bf-8a8e-775daff080ce
2023-09-14 09:00:50,722 [main] DEBUG balancer.ContainerBalancerTask (ContainerBalancerTask.java:matchSourceWithTarget(717)) - ContainerBalancer could not find a suitable target for source node 2721ea07-3ab1-43bf-8a8e-775daff080ce.
2023-09-14 09:00:50,722 [main] INFO  balancer.FindSourceGreedy (FindSourceGreedy.java:getNextCandidateSourceDataNode(126)) - no more candidate source data node
2023-09-14 09:00:50,722 [main] INFO  balancer.ContainerBalancerTask (ContainerBalancerTask.java:checkIterationMoveResults(642)) - Iteration Summary. Number of Datanodes involved: 2. Size moved: 19 GB (20401094656 Bytes). Number of Container moves completed: 5.
2023-09-14 09:00:50,722 [main] INFO  balancer.ContainerBalancerTask (ContainerBalancerTask.java:balance(259)) - Result of this iteration of Container Balancer: ITERATION_COMPLETED
2023-09-14 09:00:50,724 [main] DEBUG balancer.ContainerBalancerTask (ContainerBalancerTask.java:initializeIteration(374)) - Average utilization of the cluster is 0.3240792415552922
2023-09-14 09:00:50,724 [main] DEBUG balancer.ContainerBalancerTask (ContainerBalancerTask.java:initializeIteration(386)) - Lower limit for utilization is 0.2240792415552922 and Upper limit for utilization is 0.4240792415552922
2023-09-14 09:00:50,724 [main] DEBUG balancer.ContainerBalancerTask (ContainerBalancerTask.java:initializeIteration(398)) - Utilization for node 2721ea07-3ab1-43bf-8a8e-775daff080ce with capacity 45335765902B, used 40802189312B, and remaining 4533576590B is 0.9000000000044115
2023-09-14 09:00:50,724 [main] DEBUG balancer.ContainerBalancerTask (ContainerBalancerTask.java:initializeIteration(398)) - Utilization for node e2c5f05b-4060-494d-be35-365dc639c0b6 with capacity 76504104960B, used 61203283968B, and remaining 15300820992B is 0.8
2023-09-14 09:00:50,725 [main] DEBUG balancer.ContainerBalancerTask (ContainerBalancerTask.java:initializeIteration(398)) - Utilization for node 9186cce1-be2c-4b9e-ba11-7cf1c48de544 with capacity 50619257417B, used 35433480192B, and remaining 15185777225B is 0.7000000000019755
2023-09-14 09:00:50,725 [main] DEBUG balancer.ContainerBalancerTask (ContainerBalancerTask.java:initializeIteration(398)) - Utilization for node a7321054-7dd6-4f6d-a0ab-8b948caf4075 with capacity 71582788266B, used 42949672960B, and remaining 28633115306B is 0.600000000005588
2023-09-14 09:00:50,725 [main] DEBUG balancer.ContainerBalancerTask (ContainerBalancerTask.java:initializeIteration(398)) - Utilization for node dc63b21d-ea67-41ce-888b-0b579884c304 with capacity 96636764160B, used 48318382080B, and remaining 48318382080B is 0.5
2023-09-14 09:00:50,725 [main] DEBUG balancer.ContainerBalancerTask (ContainerBalancerTask.java:initializeIteration(398)) - Utilization for node 84bef8cf-e5f0-47f1-a3ac-7aac0a9f913f with capacity 110058536960B, used 44023414784B, and remaining 66035122176B is 0.4
2023-09-14 09:00:50,725 [main] DEBUG balancer.ContainerBalancerTask (ContainerBalancerTask.java:initializeIteration(398)) - Utilization for node 80d8fe13-9c64-4d04-820a-66962fe1a275 with capacity 193273528320B, used 57982058496B, and remaining 135291469824B is 0.3
2023-09-14 09:00:50,725 [main] DEBUG balancer.ContainerBalancerTask (ContainerBalancerTask.java:initializeIteration(398)) - Utilization for node 3adb28f5-7000-4310-882e-ffbd38d7034a with capacity 139586437120B, used 27917287424B, and remaining 111669149696B is 0.2
2023-09-14 09:00:50,725 [main] DEBUG balancer.ContainerBalancerTask (ContainerBalancerTask.java:initializeIteration(398)) - Utilization for node 7dd0d23e-67e2-4c36-b935-22cf72fde4db with capacity 397284474880B, used 39728447488B, and remaining 357556027392B is 0.1
2023-09-14 09:00:50,725 [main] DEBUG balancer.ContainerBalancerTask (ContainerBalancerTask.java:initializeIteration(398)) - Utilization for node 3c4e1369-086c-4bf4-ab34-3e3da2ce28e2 with capacity 48318382080B, used 0B, and remaining 48318382080B is 0.0
2023-09-14 09:00:50,725 [main] INFO  balancer.ContainerBalancerTask (ContainerBalancerTask.java:initializeIteration(447)) - Container Balancer has identified 5 Over-Utilized and 3 Under-Utilized Datanodes that need to be balanced.
2023-09-14 09:00:50,725 [main] DEBUG balancer.ContainerBalancerTask (ContainerBalancerTask.java:lambda$initializeIteration$1(453)) - Datanode localhost-63.49.76.12 2721ea07-3ab1-43bf-8a8e-775daff080ce is Over-Utilized.
2023-09-14 09:00:50,725 [main] DEBUG balancer.ContainerBalancerTask (ContainerBalancerTask.java:lambda$initializeIteration$1(453)) - Datanode localhost-230.71.72.233 e2c5f05b-4060-494d-be35-365dc639c0b6 is Over-Utilized.
2023-09-14 09:00:50,726 [main] DEBUG balancer.ContainerBalancerTask (ContainerBalancerTask.java:lambda$initializeIteration$1(453)) - Datanode localhost-137.117.127.213 9186cce1-be2c-4b9e-ba11-7cf1c48de544 is Over-Utilized.
2023-09-14 09:00:50,726 [main] DEBUG balancer.ContainerBalancerTask (ContainerBalancerTask.java:lambda$initializeIteration$1(453)) - Datanode localhost-43.170.129.140 a7321054-7dd6-4f6d-a0ab-8b948caf4075 is Over-Utilized.
2023-09-14 09:00:50,726 [main] DEBUG balancer.ContainerBalancerTask (ContainerBalancerTask.java:lambda$initializeIteration$1(453)) - Datanode localhost-156.208.130.153 dc63b21d-ea67-41ce-888b-0b579884c304 is Over-Utilized.
2023-09-14 09:00:50,726 [main] DEBUG balancer.ContainerBalancerTask (ContainerBalancerTask.java:lambda$initializeIteration$2(459)) - Datanode localhost-41.167.236.255 3c4e1369-086c-4bf4-ab34-3e3da2ce28e2 is Under-Utilized.
2023-09-14 09:00:50,726 [main] DEBUG balancer.ContainerBalancerTask (ContainerBalancerTask.java:lambda$initializeIteration$2(459)) - Datanode localhost-82.22.182.30 7dd0d23e-67e2-4c36-b935-22cf72fde4db is Under-Utilized.
2023-09-14 09:00:50,726 [main] DEBUG balancer.ContainerBalancerTask (ContainerBalancerTask.java:lambda$initializeIteration$2(459)) - Datanode localhost-163.207.68.229 3adb28f5-7000-4310-882e-ffbd38d7034a is Under-Utilized.
2023-09-14 09:00:50,728 [main] DEBUG balancer.ContainerBalancerTask (ContainerBalancerTask.java:matchSourceWithTarget(708)) - ContainerBalancer is finding suitable target for source datanode 2721ea07-3ab1-43bf-8a8e-775daff080ce
2023-09-14 09:00:50,728 [main] INFO  balancer.ContainerBalancerTask (ContainerBalancerTask.java:matchSourceWithTarget(722)) - ContainerBalancer matched source datanode 2721ea07-3ab1-43bf-8a8e-775daff080ce with target datanode 3c4e1369-086c-4bf4-ab34-3e3da2ce28e2 for container move.
2023-09-14 09:00:50,728 [main] INFO  balancer.ContainerBalancerTask (ContainerBalancerTask.java:processMoveSelection(569)) - ContainerBalancer is trying to move container #85 with size 5368709120B from source datanode 2721ea07-3ab1-43bf-8a8e-775daff080ce to target datanode 3c4e1369-086c-4bf4-ab34-3e3da2ce28e2
2023-09-14 09:00:50,728 [main] DEBUG balancer.ContainerBalancerTask (ContainerBalancerTask.java:lambda$moveContainer$3(837)) - Container move completed for container #85 from source 2721ea07-3ab1-43bf-8a8e-775daff080ce to target 3c4e1369-086c-4bf4-ab34-3e3da2ce28e2
2023-09-14 09:00:50,728 [main] DEBUG balancer.ContainerBalancerTask (ContainerBalancerTask.java:adaptOnReachingIterationLimits(782)) - Reached max datanodes to involve limit. 2 datanodes have already been selected for balancing and the limit is 2. Only already selected sources and targets can be involved in balancing now.
2023-09-14 09:00:50,730 [main] DEBUG balancer.ContainerBalancerTask (ContainerBalancerTask.java:matchSourceWithTarget(708)) - ContainerBalancer is finding suitable target for source datanode 2721ea07-3ab1-43bf-8a8e-775daff080ce
2023-09-14 09:00:50,730 [main] INFO  balancer.ContainerBalancerTask (ContainerBalancerTask.java:matchSourceWithTarget(722)) - ContainerBalancer matched source datanode 2721ea07-3ab1-43bf-8a8e-775daff080ce with target datanode 3c4e1369-086c-4bf4-ab34-3e3da2ce28e2 for container move.
2023-09-14 09:00:50,731 [main] INFO  balancer.ContainerBalancerTask (ContainerBalancerTask.java:processMoveSelection(569)) - ContainerBalancer is trying to move container #89 with size 4294967296B from source datanode 2721ea07-3ab1-43bf-8a8e-775daff080ce to target datanode 3c4e1369-086c-4bf4-ab34-3e3da2ce28e2
2023-09-14 09:00:50,733 [main] DEBUG balancer.ContainerBalancerTask (ContainerBalancerTask.java:lambda$moveContainer$3(837)) - Container move completed for container #89 from source 2721ea07-3ab1-43bf-8a8e-775daff080ce to target 3c4e1369-086c-4bf4-ab34-3e3da2ce28e2
2023-09-14 09:00:50,735 [main] DEBUG balancer.ContainerBalancerTask (ContainerBalancerTask.java:matchSourceWithTarget(708)) - ContainerBalancer is finding suitable target for source datanode 2721ea07-3ab1-43bf-8a8e-775daff080ce
2023-09-14 09:00:50,735 [main] INFO  balancer.ContainerBalancerTask (ContainerBalancerTask.java:matchSourceWithTarget(722)) - ContainerBalancer matched source datanode 2721ea07-3ab1-43bf-8a8e-775daff080ce with target datanode 3c4e1369-086c-4bf4-ab34-3e3da2ce28e2 for container move.
2023-09-14 09:00:50,735 [main] INFO  balancer.ContainerBalancerTask (ContainerBalancerTask.java:processMoveSelection(569)) - ContainerBalancer is trying to move container #84 with size 4294967296B from source datanode 2721ea07-3ab1-43bf-8a8e-775daff080ce to target datanode 3c4e1369-086c-4bf4-ab34-3e3da2ce28e2
2023-09-14 09:00:50,735 [main] DEBUG balancer.ContainerBalancerTask (ContainerBalancerTask.java:lambda$moveContainer$3(837)) - Container move completed for container #84 from source 2721ea07-3ab1-43bf-8a8e-775daff080ce to target 3c4e1369-086c-4bf4-ab34-3e3da2ce28e2
2023-09-14 09:00:50,737 [main] DEBUG balancer.ContainerBalancerTask (ContainerBalancerTask.java:matchSourceWithTarget(708)) - ContainerBalancer is finding suitable target for source datanode 2721ea07-3ab1-43bf-8a8e-775daff080ce
2023-09-14 09:00:50,738 [main] INFO  balancer.ContainerBalancerTask (ContainerBalancerTask.java:matchSourceWithTarget(722)) - ContainerBalancer matched source datanode 2721ea07-3ab1-43bf-8a8e-775daff080ce with target datanode 3c4e1369-086c-4bf4-ab34-3e3da2ce28e2 for container move.
2023-09-14 09:00:50,738 [main] INFO  balancer.ContainerBalancerTask (ContainerBalancerTask.java:processMoveSelection(569)) - ContainerBalancer is trying to move container #19 with size 4294967296B from source datanode 2721ea07-3ab1-43bf-8a8e-775daff080ce to target datanode 3c4e1369-086c-4bf4-ab34-3e3da2ce28e2
2023-09-14 09:00:50,738 [main] DEBUG balancer.ContainerBalancerTask (ContainerBalancerTask.java:lambda$moveContainer$3(837)) - Container move completed for container #19 from source 2721ea07-3ab1-43bf-8a8e-775daff080ce to target 3c4e1369-086c-4bf4-ab34-3e3da2ce28e2
2023-09-14 09:00:50,740 [main] DEBUG balancer.ContainerBalancerTask (ContainerBalancerTask.java:matchSourceWithTarget(708)) - ContainerBalancer is finding suitable target for source datanode 2721ea07-3ab1-43bf-8a8e-775daff080ce
2023-09-14 09:00:50,740 [main] INFO  balancer.ContainerBalancerTask (ContainerBalancerTask.java:matchSourceWithTarget(722)) - ContainerBalancer matched source datanode 2721ea07-3ab1-43bf-8a8e-775daff080ce with target datanode 3c4e1369-086c-4bf4-ab34-3e3da2ce28e2 for container move.
2023-09-14 09:00:50,740 [main] INFO  balancer.ContainerBalancerTask (ContainerBalancerTask.java:processMoveSelection(569)) - ContainerBalancer is trying to move container #87 with size 2147483648B from source datanode 2721ea07-3ab1-43bf-8a8e-775daff080ce to target datanode 3c4e1369-086c-4bf4-ab34-3e3da2ce28e2
2023-09-14 09:00:50,740 [main] DEBUG balancer.ContainerBalancerTask (ContainerBalancerTask.java:lambda$moveContainer$3(837)) - Container move completed for container #87 from source 2721ea07-3ab1-43bf-8a8e-775daff080ce to target 3c4e1369-086c-4bf4-ab34-3e3da2ce28e2
2023-09-14 09:00:50,742 [main] DEBUG balancer.ContainerBalancerTask (ContainerBalancerTask.java:matchSourceWithTarget(708)) - ContainerBalancer is finding suitable target for source datanode 2721ea07-3ab1-43bf-8a8e-775daff080ce
2023-09-14 09:00:50,743 [main] INFO  balancer.FindTargetGreedyByUsageInfo (AbstractFindTargetGreedy.java:findTargetForContainerMove(133)) - Container Balancer could not find a target for source datanode 2721ea07-3ab1-43bf-8a8e-775daff080ce
2023-09-14 09:00:50,743 [main] DEBUG balancer.ContainerBalancerTask (ContainerBalancerTask.java:matchSourceWithTarget(717)) - ContainerBalancer could not find a suitable target for source node 2721ea07-3ab1-43bf-8a8e-775daff080ce.
2023-09-14 09:00:50,743 [main] INFO  balancer.FindSourceGreedy (FindSourceGreedy.java:getNextCandidateSourceDataNode(126)) - no more candidate source data node
2023-09-14 09:00:50,743 [main] INFO  balancer.ContainerBalancerTask (ContainerBalancerTask.java:checkIterationMoveResults(642)) - Iteration Summary. Number of Datanodes involved: 2. Size moved: 19 GB (20401094656 Bytes). Number of Container moves completed: 5.
2023-09-14 09:00:50,743 [main] INFO  balancer.ContainerBalancerTask (ContainerBalancerTask.java:balance(259)) - Result of this iteration of Container Balancer: ITERATION_COMPLETED
2023-09-14 09:00:50,743 [main] INFO  balancer.ContainerBalancerTask (ContainerBalancerTask.java:tryStopWithSaveConfiguration(308)) - Save Configuration for stopping. Reason: Completed all iterations.
]]></system-out>
  </testcase>
  <testcase name="checkIterationResult" classname="org.apache.hadoop.hdds.scm.container.balancer.TestContainerBalancerTask" time="0.096">
    <system-out><![CDATA[2023-09-14 09:00:50,767 [main] INFO  net.NodeSchemaLoader (NodeSchemaLoader.java:loadSchemaFromFile(129)) - Loading schema from [file:/home/runner/work/ozone/ozone/hadoop-hdds/common/target/classes/network-topology-default.xml]
2023-09-14 09:00:50,768 [main] INFO  net.NodeSchemaLoader (NodeSchemaLoader.java:loadSchema(176)) - Loading network topology layer schema file
2023-09-14 09:00:50,769 [main] INFO  net.NetworkTopologyImpl (NetworkTopologyImpl.java:add(112)) - Added a new node: /default-rack/60b524c7-eae7-404e-b2a4-5fed84974235
2023-09-14 09:00:50,769 [main] INFO  net.NetworkTopologyImpl (NetworkTopologyImpl.java:add(112)) - Added a new node: /default-rack/9ffba6ec-3c44-466f-b989-32b2732546f1
2023-09-14 09:00:50,770 [main] INFO  net.NetworkTopologyImpl (NetworkTopologyImpl.java:add(112)) - Added a new node: /default-rack/53a0e30a-3910-43a7-bd79-913b2c012e2a
2023-09-14 09:00:50,770 [main] INFO  net.NetworkTopologyImpl (NetworkTopologyImpl.java:add(112)) - Added a new node: /default-rack/6fa5ab41-6392-4c96-90b4-13d97eb6677f
2023-09-14 09:00:50,770 [main] INFO  net.NetworkTopologyImpl (NetworkTopologyImpl.java:add(112)) - Added a new node: /default-rack/95f4c49b-4b15-4158-ade5-84d7b03ab5dc
2023-09-14 09:00:50,770 [main] INFO  net.NetworkTopologyImpl (NetworkTopologyImpl.java:add(112)) - Added a new node: /default-rack/bff39bf2-ab4d-46c3-8328-a35f4c9ac785
2023-09-14 09:00:50,770 [main] INFO  net.NetworkTopologyImpl (NetworkTopologyImpl.java:add(112)) - Added a new node: /default-rack/11ee1485-428e-422b-8ba5-b60b930ace91
2023-09-14 09:00:50,770 [main] INFO  net.NetworkTopologyImpl (NetworkTopologyImpl.java:add(112)) - Added a new node: /default-rack/fee0a8d0-5f13-4f72-bb64-23f08f43c2aa
2023-09-14 09:00:50,770 [main] INFO  net.NetworkTopologyImpl (NetworkTopologyImpl.java:add(112)) - Added a new node: /default-rack/979da1d0-bdd3-4c74-9001-2c4c2bbc47e5
2023-09-14 09:00:50,770 [main] INFO  net.NetworkTopologyImpl (NetworkTopologyImpl.java:add(112)) - Added a new node: /default-rack/97a428ba-7691-4fd5-9e8b-0650bd5320dd
2023-09-14 09:00:50,770 [main] INFO  algorithms.ContainerPlacementPolicyFactory (ContainerPlacementPolicyFactory.java:getPolicyInternal(86)) - Create container placement policy of type org.apache.hadoop.hdds.scm.container.placement.algorithms.SCMContainerPlacementRackAware
2023-09-14 09:00:50,771 [main] INFO  algorithms.ContainerPlacementPolicyFactory (ContainerPlacementPolicyFactory.java:getPolicyInternal(86)) - Create container placement policy of type org.apache.hadoop.hdds.scm.container.placement.algorithms.SCMContainerPlacementRackScatter
2023-09-14 09:00:50,774 [main] DEBUG balancer.ContainerBalancerTask (ContainerBalancerTask.java:initializeIteration(374)) - Average utilization of the cluster is 0.35763017771459854
2023-09-14 09:00:50,774 [main] DEBUG balancer.ContainerBalancerTask (ContainerBalancerTask.java:initializeIteration(386)) - Lower limit for utilization is 0.2576301777145985 and Upper limit for utilization is 0.4576301777145986
2023-09-14 09:00:50,774 [main] DEBUG balancer.ContainerBalancerTask (ContainerBalancerTask.java:initializeIteration(398)) - Utilization for node 60b524c7-eae7-404e-b2a4-5fed84974235 with capacity 47721858844B, used 42949672960B, and remaining 4772185884B is 0.9000000000083819
2023-09-14 09:00:50,774 [main] DEBUG balancer.ContainerBalancerTask (ContainerBalancerTask.java:initializeIteration(398)) - Utilization for node 97a428ba-7691-4fd5-9e8b-0650bd5320dd with capacity 53687091200B, used 42949672960B, and remaining 10737418240B is 0.8
2023-09-14 09:00:50,774 [main] DEBUG balancer.ContainerBalancerTask (ContainerBalancerTask.java:initializeIteration(398)) - Utilization for node 6fa5ab41-6392-4c96-90b4-13d97eb6677f with capacity 82831512137B, used 57982058496B, and remaining 24849453641B is 0.7000000000012073
2023-09-14 09:00:50,774 [main] DEBUG balancer.ContainerBalancerTask (ContainerBalancerTask.java:initializeIteration(398)) - Utilization for node 53a0e30a-3910-43a7-bd79-913b2c012e2a with capacity 73372357973B, used 44023414784B, and remaining 29348943189B is 0.6000000000027258
2023-09-14 09:00:50,774 [main] DEBUG balancer.ContainerBalancerTask (ContainerBalancerTask.java:initializeIteration(398)) - Utilization for node 9ffba6ec-3c44-466f-b989-32b2732546f1 with capacity 98784247808B, used 49392123904B, and remaining 49392123904B is 0.5
2023-09-14 09:00:50,774 [main] DEBUG balancer.ContainerBalancerTask (ContainerBalancerTask.java:initializeIteration(398)) - Utilization for node 979da1d0-bdd3-4c74-9001-2c4c2bbc47e5 with capacity 126164664320B, used 50465865728B, and remaining 75698798592B is 0.4
2023-09-14 09:00:50,774 [main] DEBUG balancer.ContainerBalancerTask (ContainerBalancerTask.java:initializeIteration(398)) - Utilization for node fee0a8d0-5f13-4f72-bb64-23f08f43c2aa with capacity 175377831253B, used 52613349376B, and remaining 122764481877B is 0.3000000000005702
2023-09-14 09:00:50,775 [main] DEBUG balancer.ContainerBalancerTask (ContainerBalancerTask.java:initializeIteration(398)) - Utilization for node 11ee1485-428e-422b-8ba5-b60b930ace91 with capacity 204010946560B, used 40802189312B, and remaining 163208757248B is 0.2
2023-09-14 09:00:50,775 [main] DEBUG balancer.ContainerBalancerTask (ContainerBalancerTask.java:initializeIteration(398)) - Utilization for node 95f4c49b-4b15-4158-ade5-84d7b03ab5dc with capacity 257698037760B, used 25769803776B, and remaining 231928233984B is 0.1
2023-09-14 09:00:50,775 [main] DEBUG balancer.ContainerBalancerTask (ContainerBalancerTask.java:initializeIteration(398)) - Utilization for node bff39bf2-ab4d-46c3-8328-a35f4c9ac785 with capacity 18253611008B, used 0B, and remaining 18253611008B is 0.0
2023-09-14 09:00:50,775 [main] INFO  balancer.ContainerBalancerTask (ContainerBalancerTask.java:initializeIteration(447)) - Container Balancer has identified 5 Over-Utilized and 3 Under-Utilized Datanodes that need to be balanced.
2023-09-14 09:00:50,775 [main] DEBUG balancer.ContainerBalancerTask (ContainerBalancerTask.java:lambda$initializeIteration$1(453)) - Datanode localhost-233.143.32.231 60b524c7-eae7-404e-b2a4-5fed84974235 is Over-Utilized.
2023-09-14 09:00:50,775 [main] DEBUG balancer.ContainerBalancerTask (ContainerBalancerTask.java:lambda$initializeIteration$1(453)) - Datanode localhost-210.245.193.75 97a428ba-7691-4fd5-9e8b-0650bd5320dd is Over-Utilized.
2023-09-14 09:00:50,775 [main] DEBUG balancer.ContainerBalancerTask (ContainerBalancerTask.java:lambda$initializeIteration$1(453)) - Datanode localhost-107.119.144.105 6fa5ab41-6392-4c96-90b4-13d97eb6677f is Over-Utilized.
2023-09-14 09:00:50,775 [main] DEBUG balancer.ContainerBalancerTask (ContainerBalancerTask.java:lambda$initializeIteration$1(453)) - Datanode localhost-217.187.186.158 53a0e30a-3910-43a7-bd79-913b2c012e2a is Over-Utilized.
2023-09-14 09:00:50,775 [main] DEBUG balancer.ContainerBalancerTask (ContainerBalancerTask.java:lambda$initializeIteration$1(453)) - Datanode localhost-226.103.68.74 9ffba6ec-3c44-466f-b989-32b2732546f1 is Over-Utilized.
2023-09-14 09:00:50,775 [main] DEBUG balancer.ContainerBalancerTask (ContainerBalancerTask.java:lambda$initializeIteration$2(459)) - Datanode localhost-245.51.215.64 bff39bf2-ab4d-46c3-8328-a35f4c9ac785 is Under-Utilized.
2023-09-14 09:00:50,775 [main] DEBUG balancer.ContainerBalancerTask (ContainerBalancerTask.java:lambda$initializeIteration$2(459)) - Datanode localhost-200.210.119.67 95f4c49b-4b15-4158-ade5-84d7b03ab5dc is Under-Utilized.
2023-09-14 09:00:50,776 [main] DEBUG balancer.ContainerBalancerTask (ContainerBalancerTask.java:lambda$initializeIteration$2(459)) - Datanode localhost-172.164.130.99 11ee1485-428e-422b-8ba5-b60b930ace91 is Under-Utilized.
2023-09-14 09:00:50,778 [main] DEBUG balancer.ContainerBalancerTask (ContainerBalancerTask.java:matchSourceWithTarget(708)) - ContainerBalancer is finding suitable target for source datanode 60b524c7-eae7-404e-b2a4-5fed84974235
2023-09-14 09:00:50,778 [main] INFO  balancer.ContainerBalancerTask (ContainerBalancerTask.java:matchSourceWithTarget(722)) - ContainerBalancer matched source datanode 60b524c7-eae7-404e-b2a4-5fed84974235 with target datanode bff39bf2-ab4d-46c3-8328-a35f4c9ac785 for container move.
2023-09-14 09:00:50,778 [main] INFO  balancer.ContainerBalancerTask (ContainerBalancerTask.java:processMoveSelection(569)) - ContainerBalancer is trying to move container #84 with size 4294967296B from source datanode 60b524c7-eae7-404e-b2a4-5fed84974235 to target datanode bff39bf2-ab4d-46c3-8328-a35f4c9ac785
2023-09-14 09:00:50,778 [main] DEBUG balancer.ContainerBalancerTask (ContainerBalancerTask.java:lambda$moveContainer$3(837)) - Container move completed for container #84 from source 60b524c7-eae7-404e-b2a4-5fed84974235 to target bff39bf2-ab4d-46c3-8328-a35f4c9ac785
2023-09-14 09:00:50,780 [main] DEBUG balancer.ContainerBalancerTask (ContainerBalancerTask.java:matchSourceWithTarget(708)) - ContainerBalancer is finding suitable target for source datanode 60b524c7-eae7-404e-b2a4-5fed84974235
2023-09-14 09:00:50,780 [main] INFO  balancer.ContainerBalancerTask (ContainerBalancerTask.java:matchSourceWithTarget(722)) - ContainerBalancer matched source datanode 60b524c7-eae7-404e-b2a4-5fed84974235 with target datanode 95f4c49b-4b15-4158-ade5-84d7b03ab5dc for container move.
2023-09-14 09:00:50,781 [main] INFO  balancer.ContainerBalancerTask (ContainerBalancerTask.java:processMoveSelection(569)) - ContainerBalancer is trying to move container #88 with size 3221225472B from source datanode 60b524c7-eae7-404e-b2a4-5fed84974235 to target datanode 95f4c49b-4b15-4158-ade5-84d7b03ab5dc
2023-09-14 09:00:50,781 [main] DEBUG balancer.ContainerBalancerTask (ContainerBalancerTask.java:lambda$moveContainer$3(837)) - Container move completed for container #88 from source 60b524c7-eae7-404e-b2a4-5fed84974235 to target 95f4c49b-4b15-4158-ade5-84d7b03ab5dc
2023-09-14 09:00:50,783 [main] DEBUG balancer.ContainerBalancerTask (ContainerBalancerTask.java:matchSourceWithTarget(708)) - ContainerBalancer is finding suitable target for source datanode 97a428ba-7691-4fd5-9e8b-0650bd5320dd
2023-09-14 09:00:50,783 [main] INFO  balancer.ContainerBalancerTask (ContainerBalancerTask.java:matchSourceWithTarget(722)) - ContainerBalancer matched source datanode 97a428ba-7691-4fd5-9e8b-0650bd5320dd with target datanode 95f4c49b-4b15-4158-ade5-84d7b03ab5dc for container move.
2023-09-14 09:00:50,783 [main] INFO  balancer.ContainerBalancerTask (ContainerBalancerTask.java:processMoveSelection(569)) - ContainerBalancer is trying to move container #68 with size 5368709120B from source datanode 97a428ba-7691-4fd5-9e8b-0650bd5320dd to target datanode 95f4c49b-4b15-4158-ade5-84d7b03ab5dc
2023-09-14 09:00:50,783 [main] DEBUG balancer.ContainerBalancerTask (ContainerBalancerTask.java:lambda$moveContainer$3(837)) - Container move completed for container #68 from source 97a428ba-7691-4fd5-9e8b-0650bd5320dd to target 95f4c49b-4b15-4158-ade5-84d7b03ab5dc
2023-09-14 09:00:50,785 [main] DEBUG balancer.ContainerBalancerTask (ContainerBalancerTask.java:matchSourceWithTarget(708)) - ContainerBalancer is finding suitable target for source datanode 60b524c7-eae7-404e-b2a4-5fed84974235
2023-09-14 09:00:50,786 [main] INFO  balancer.ContainerBalancerTask (ContainerBalancerTask.java:matchSourceWithTarget(722)) - ContainerBalancer matched source datanode 60b524c7-eae7-404e-b2a4-5fed84974235 with target datanode 95f4c49b-4b15-4158-ade5-84d7b03ab5dc for container move.
2023-09-14 09:00:50,786 [main] INFO  balancer.ContainerBalancerTask (ContainerBalancerTask.java:processMoveSelection(569)) - ContainerBalancer is trying to move container #82 with size 2147483648B from source datanode 60b524c7-eae7-404e-b2a4-5fed84974235 to target datanode 95f4c49b-4b15-4158-ade5-84d7b03ab5dc
2023-09-14 09:00:50,786 [main] DEBUG balancer.ContainerBalancerTask (ContainerBalancerTask.java:lambda$moveContainer$3(837)) - Container move completed for container #82 from source 60b524c7-eae7-404e-b2a4-5fed84974235 to target 95f4c49b-4b15-4158-ade5-84d7b03ab5dc
2023-09-14 09:00:50,789 [main] DEBUG balancer.ContainerBalancerTask (ContainerBalancerTask.java:matchSourceWithTarget(708)) - ContainerBalancer is finding suitable target for source datanode 6fa5ab41-6392-4c96-90b4-13d97eb6677f
2023-09-14 09:00:50,789 [main] INFO  balancer.ContainerBalancerTask (ContainerBalancerTask.java:matchSourceWithTarget(722)) - ContainerBalancer matched source datanode 6fa5ab41-6392-4c96-90b4-13d97eb6677f with target datanode 11ee1485-428e-422b-8ba5-b60b930ace91 for container move.
2023-09-14 09:00:50,789 [main] INFO  balancer.ContainerBalancerTask (ContainerBalancerTask.java:processMoveSelection(569)) - ContainerBalancer is trying to move container #52 with size 4294967296B from source datanode 6fa5ab41-6392-4c96-90b4-13d97eb6677f to target datanode 11ee1485-428e-422b-8ba5-b60b930ace91
2023-09-14 09:00:50,789 [main] DEBUG balancer.ContainerBalancerTask (ContainerBalancerTask.java:lambda$moveContainer$3(837)) - Container move completed for container #52 from source 6fa5ab41-6392-4c96-90b4-13d97eb6677f to target 11ee1485-428e-422b-8ba5-b60b930ace91
2023-09-14 09:00:50,791 [main] DEBUG balancer.ContainerBalancerTask (ContainerBalancerTask.java:matchSourceWithTarget(708)) - ContainerBalancer is finding suitable target for source datanode 97a428ba-7691-4fd5-9e8b-0650bd5320dd
2023-09-14 09:00:50,792 [main] INFO  balancer.ContainerBalancerTask (ContainerBalancerTask.java:matchSourceWithTarget(722)) - ContainerBalancer matched source datanode 97a428ba-7691-4fd5-9e8b-0650bd5320dd with target datanode 11ee1485-428e-422b-8ba5-b60b930ace91 for container move.
2023-09-14 09:00:50,792 [main] INFO  balancer.ContainerBalancerTask (ContainerBalancerTask.java:processMoveSelection(569)) - ContainerBalancer is trying to move container #66 with size 3221225472B from source datanode 97a428ba-7691-4fd5-9e8b-0650bd5320dd to target datanode 11ee1485-428e-422b-8ba5-b60b930ace91
2023-09-14 09:00:50,792 [main] DEBUG balancer.ContainerBalancerTask (ContainerBalancerTask.java:lambda$moveContainer$3(837)) - Container move completed for container #66 from source 97a428ba-7691-4fd5-9e8b-0650bd5320dd to target 11ee1485-428e-422b-8ba5-b60b930ace91
2023-09-14 09:00:50,794 [main] DEBUG balancer.ContainerBalancerTask (ContainerBalancerTask.java:matchSourceWithTarget(708)) - ContainerBalancer is finding suitable target for source datanode 60b524c7-eae7-404e-b2a4-5fed84974235
2023-09-14 09:00:50,794 [main] INFO  balancer.ContainerBalancerTask (ContainerBalancerTask.java:matchSourceWithTarget(722)) - ContainerBalancer matched source datanode 60b524c7-eae7-404e-b2a4-5fed84974235 with target datanode bff39bf2-ab4d-46c3-8328-a35f4c9ac785 for container move.
2023-09-14 09:00:50,795 [main] INFO  balancer.ContainerBalancerTask (ContainerBalancerTask.java:processMoveSelection(569)) - ContainerBalancer is trying to move container #38 with size 3221225472B from source datanode 60b524c7-eae7-404e-b2a4-5fed84974235 to target datanode bff39bf2-ab4d-46c3-8328-a35f4c9ac785
2023-09-14 09:00:50,795 [main] DEBUG balancer.ContainerBalancerTask (ContainerBalancerTask.java:lambda$moveContainer$3(837)) - Container move completed for container #38 from source 60b524c7-eae7-404e-b2a4-5fed84974235 to target bff39bf2-ab4d-46c3-8328-a35f4c9ac785
2023-09-14 09:00:50,798 [main] DEBUG balancer.ContainerBalancerTask (ContainerBalancerTask.java:matchSourceWithTarget(708)) - ContainerBalancer is finding suitable target for source datanode 6fa5ab41-6392-4c96-90b4-13d97eb6677f
2023-09-14 09:00:50,798 [main] INFO  balancer.ContainerBalancerTask (ContainerBalancerTask.java:matchSourceWithTarget(722)) - ContainerBalancer matched source datanode 6fa5ab41-6392-4c96-90b4-13d97eb6677f with target datanode 11ee1485-428e-422b-8ba5-b60b930ace91 for container move.
2023-09-14 09:00:50,798 [main] INFO  balancer.ContainerBalancerTask (ContainerBalancerTask.java:processMoveSelection(569)) - ContainerBalancer is trying to move container #70 with size 2147483648B from source datanode 6fa5ab41-6392-4c96-90b4-13d97eb6677f to target datanode 11ee1485-428e-422b-8ba5-b60b930ace91
2023-09-14 09:00:50,798 [main] DEBUG balancer.ContainerBalancerTask (ContainerBalancerTask.java:lambda$moveContainer$3(837)) - Container move completed for container #70 from source 6fa5ab41-6392-4c96-90b4-13d97eb6677f to target 11ee1485-428e-422b-8ba5-b60b930ace91
2023-09-14 09:00:50,801 [main] DEBUG balancer.ContainerBalancerTask (ContainerBalancerTask.java:matchSourceWithTarget(708)) - ContainerBalancer is finding suitable target for source datanode 97a428ba-7691-4fd5-9e8b-0650bd5320dd
2023-09-14 09:00:50,801 [main] INFO  balancer.ContainerBalancerTask (ContainerBalancerTask.java:matchSourceWithTarget(722)) - ContainerBalancer matched source datanode 97a428ba-7691-4fd5-9e8b-0650bd5320dd with target datanode 11ee1485-428e-422b-8ba5-b60b930ace91 for container move.
2023-09-14 09:00:50,801 [main] INFO  balancer.ContainerBalancerTask (ContainerBalancerTask.java:processMoveSelection(569)) - ContainerBalancer is trying to move container #86 with size 1073741824B from source datanode 97a428ba-7691-4fd5-9e8b-0650bd5320dd to target datanode 11ee1485-428e-422b-8ba5-b60b930ace91
2023-09-14 09:00:50,801 [main] DEBUG balancer.ContainerBalancerTask (ContainerBalancerTask.java:lambda$moveContainer$3(837)) - Container move completed for container #86 from source 97a428ba-7691-4fd5-9e8b-0650bd5320dd to target 11ee1485-428e-422b-8ba5-b60b930ace91
2023-09-14 09:00:50,804 [main] DEBUG balancer.ContainerBalancerTask (ContainerBalancerTask.java:matchSourceWithTarget(708)) - ContainerBalancer is finding suitable target for source datanode 60b524c7-eae7-404e-b2a4-5fed84974235
2023-09-14 09:00:50,804 [main] INFO  balancer.FindTargetGreedyByUsageInfo (AbstractFindTargetGreedy.java:findTargetForContainerMove(133)) - Container Balancer could not find a target for source datanode 60b524c7-eae7-404e-b2a4-5fed84974235
2023-09-14 09:00:50,804 [main] DEBUG balancer.ContainerBalancerTask (ContainerBalancerTask.java:matchSourceWithTarget(717)) - ContainerBalancer could not find a suitable target for source node 60b524c7-eae7-404e-b2a4-5fed84974235.
2023-09-14 09:00:50,807 [main] DEBUG balancer.ContainerBalancerTask (ContainerBalancerTask.java:matchSourceWithTarget(708)) - ContainerBalancer is finding suitable target for source datanode 6fa5ab41-6392-4c96-90b4-13d97eb6677f
2023-09-14 09:00:50,807 [main] INFO  balancer.FindTargetGreedyByUsageInfo (AbstractFindTargetGreedy.java:findTargetForContainerMove(133)) - Container Balancer could not find a target for source datanode 6fa5ab41-6392-4c96-90b4-13d97eb6677f
2023-09-14 09:00:50,807 [main] DEBUG balancer.ContainerBalancerTask (ContainerBalancerTask.java:matchSourceWithTarget(717)) - ContainerBalancer could not find a suitable target for source node 6fa5ab41-6392-4c96-90b4-13d97eb6677f.
2023-09-14 09:00:50,810 [main] DEBUG balancer.ContainerBalancerTask (ContainerBalancerTask.java:matchSourceWithTarget(708)) - ContainerBalancer is finding suitable target for source datanode 97a428ba-7691-4fd5-9e8b-0650bd5320dd
2023-09-14 09:00:50,810 [main] INFO  balancer.FindTargetGreedyByUsageInfo (AbstractFindTargetGreedy.java:findTargetForContainerMove(133)) - Container Balancer could not find a target for source datanode 97a428ba-7691-4fd5-9e8b-0650bd5320dd
2023-09-14 09:00:50,810 [main] DEBUG balancer.ContainerBalancerTask (ContainerBalancerTask.java:matchSourceWithTarget(717)) - ContainerBalancer could not find a suitable target for source node 97a428ba-7691-4fd5-9e8b-0650bd5320dd.
2023-09-14 09:00:50,812 [main] DEBUG balancer.ContainerBalancerTask (ContainerBalancerTask.java:matchSourceWithTarget(708)) - ContainerBalancer is finding suitable target for source datanode 53a0e30a-3910-43a7-bd79-913b2c012e2a
2023-09-14 09:00:50,813 [main] INFO  balancer.FindTargetGreedyByUsageInfo (AbstractFindTargetGreedy.java:findTargetForContainerMove(133)) - Container Balancer could not find a target for source datanode 53a0e30a-3910-43a7-bd79-913b2c012e2a
2023-09-14 09:00:50,813 [main] DEBUG balancer.ContainerBalancerTask (ContainerBalancerTask.java:matchSourceWithTarget(717)) - ContainerBalancer could not find a suitable target for source node 53a0e30a-3910-43a7-bd79-913b2c012e2a.
2023-09-14 09:00:50,816 [main] DEBUG balancer.ContainerBalancerTask (ContainerBalancerTask.java:matchSourceWithTarget(708)) - ContainerBalancer is finding suitable target for source datanode 9ffba6ec-3c44-466f-b989-32b2732546f1
2023-09-14 09:00:50,816 [main] INFO  balancer.FindTargetGreedyByUsageInfo (AbstractFindTargetGreedy.java:findTargetForContainerMove(133)) - Container Balancer could not find a target for source datanode 9ffba6ec-3c44-466f-b989-32b2732546f1
2023-09-14 09:00:50,816 [main] DEBUG balancer.ContainerBalancerTask (ContainerBalancerTask.java:matchSourceWithTarget(717)) - ContainerBalancer could not find a suitable target for source node 9ffba6ec-3c44-466f-b989-32b2732546f1.
2023-09-14 09:00:50,816 [main] INFO  balancer.FindSourceGreedy (FindSourceGreedy.java:getNextCandidateSourceDataNode(126)) - no more candidate source data node
2023-09-14 09:00:50,816 [main] INFO  balancer.ContainerBalancerTask (ContainerBalancerTask.java:checkIterationMoveResults(642)) - Iteration Summary. Number of Datanodes involved: 6. Size moved: 27 GB (28991029248 Bytes). Number of Container moves completed: 9.
2023-09-14 09:00:50,816 [main] INFO  balancer.ContainerBalancerTask (ContainerBalancerTask.java:balance(259)) - Result of this iteration of Container Balancer: ITERATION_COMPLETED
2023-09-14 09:00:50,816 [main] INFO  balancer.ContainerBalancerTask (ContainerBalancerTask.java:tryStopWithSaveConfiguration(308)) - Save Configuration for stopping. Reason: Completed all iterations.
2023-09-14 09:00:50,817 [main] DEBUG balancer.ContainerBalancerTask (ContainerBalancerTask.java:initializeIteration(374)) - Average utilization of the cluster is 0.35763017771459854
2023-09-14 09:00:50,818 [main] DEBUG balancer.ContainerBalancerTask (ContainerBalancerTask.java:initializeIteration(386)) - Lower limit for utilization is 0.2576301777145985 and Upper limit for utilization is 0.4576301777145986
2023-09-14 09:00:50,818 [main] DEBUG balancer.ContainerBalancerTask (ContainerBalancerTask.java:initializeIteration(398)) - Utilization for node 60b524c7-eae7-404e-b2a4-5fed84974235 with capacity 47721858844B, used 42949672960B, and remaining 4772185884B is 0.9000000000083819
2023-09-14 09:00:50,818 [main] DEBUG balancer.ContainerBalancerTask (ContainerBalancerTask.java:initializeIteration(398)) - Utilization for node 97a428ba-7691-4fd5-9e8b-0650bd5320dd with capacity 53687091200B, used 42949672960B, and remaining 10737418240B is 0.8
2023-09-14 09:00:50,818 [main] DEBUG balancer.ContainerBalancerTask (ContainerBalancerTask.java:initializeIteration(398)) - Utilization for node 6fa5ab41-6392-4c96-90b4-13d97eb6677f with capacity 82831512137B, used 57982058496B, and remaining 24849453641B is 0.7000000000012073
2023-09-14 09:00:50,818 [main] DEBUG balancer.ContainerBalancerTask (ContainerBalancerTask.java:initializeIteration(398)) - Utilization for node 53a0e30a-3910-43a7-bd79-913b2c012e2a with capacity 73372357973B, used 44023414784B, and remaining 29348943189B is 0.6000000000027258
2023-09-14 09:00:50,818 [main] DEBUG balancer.ContainerBalancerTask (ContainerBalancerTask.java:initializeIteration(398)) - Utilization for node 9ffba6ec-3c44-466f-b989-32b2732546f1 with capacity 98784247808B, used 49392123904B, and remaining 49392123904B is 0.5
2023-09-14 09:00:50,818 [main] DEBUG balancer.ContainerBalancerTask (ContainerBalancerTask.java:initializeIteration(398)) - Utilization for node 979da1d0-bdd3-4c74-9001-2c4c2bbc47e5 with capacity 126164664320B, used 50465865728B, and remaining 75698798592B is 0.4
2023-09-14 09:00:50,818 [main] DEBUG balancer.ContainerBalancerTask (ContainerBalancerTask.java:initializeIteration(398)) - Utilization for node fee0a8d0-5f13-4f72-bb64-23f08f43c2aa with capacity 175377831253B, used 52613349376B, and remaining 122764481877B is 0.3000000000005702
2023-09-14 09:00:50,818 [main] DEBUG balancer.ContainerBalancerTask (ContainerBalancerTask.java:initializeIteration(398)) - Utilization for node 11ee1485-428e-422b-8ba5-b60b930ace91 with capacity 204010946560B, used 40802189312B, and remaining 163208757248B is 0.2
2023-09-14 09:00:50,818 [main] DEBUG balancer.ContainerBalancerTask (ContainerBalancerTask.java:initializeIteration(398)) - Utilization for node 95f4c49b-4b15-4158-ade5-84d7b03ab5dc with capacity 257698037760B, used 25769803776B, and remaining 231928233984B is 0.1
2023-09-14 09:00:50,819 [main] DEBUG balancer.ContainerBalancerTask (ContainerBalancerTask.java:initializeIteration(398)) - Utilization for node bff39bf2-ab4d-46c3-8328-a35f4c9ac785 with capacity 18253611008B, used 0B, and remaining 18253611008B is 0.0
2023-09-14 09:00:50,819 [main] INFO  balancer.ContainerBalancerTask (ContainerBalancerTask.java:initializeIteration(447)) - Container Balancer has identified 5 Over-Utilized and 3 Under-Utilized Datanodes that need to be balanced.
2023-09-14 09:00:50,819 [main] DEBUG balancer.ContainerBalancerTask (ContainerBalancerTask.java:lambda$initializeIteration$1(453)) - Datanode localhost-233.143.32.231 60b524c7-eae7-404e-b2a4-5fed84974235 is Over-Utilized.
2023-09-14 09:00:50,819 [main] DEBUG balancer.ContainerBalancerTask (ContainerBalancerTask.java:lambda$initializeIteration$1(453)) - Datanode localhost-210.245.193.75 97a428ba-7691-4fd5-9e8b-0650bd5320dd is Over-Utilized.
2023-09-14 09:00:50,819 [main] DEBUG balancer.ContainerBalancerTask (ContainerBalancerTask.java:lambda$initializeIteration$1(453)) - Datanode localhost-107.119.144.105 6fa5ab41-6392-4c96-90b4-13d97eb6677f is Over-Utilized.
2023-09-14 09:00:50,819 [main] DEBUG balancer.ContainerBalancerTask (ContainerBalancerTask.java:lambda$initializeIteration$1(453)) - Datanode localhost-217.187.186.158 53a0e30a-3910-43a7-bd79-913b2c012e2a is Over-Utilized.
2023-09-14 09:00:50,819 [main] DEBUG balancer.ContainerBalancerTask (ContainerBalancerTask.java:lambda$initializeIteration$1(453)) - Datanode localhost-226.103.68.74 9ffba6ec-3c44-466f-b989-32b2732546f1 is Over-Utilized.
2023-09-14 09:00:50,819 [main] DEBUG balancer.ContainerBalancerTask (ContainerBalancerTask.java:lambda$initializeIteration$2(459)) - Datanode localhost-245.51.215.64 bff39bf2-ab4d-46c3-8328-a35f4c9ac785 is Under-Utilized.
2023-09-14 09:00:50,819 [main] DEBUG balancer.ContainerBalancerTask (ContainerBalancerTask.java:lambda$initializeIteration$2(459)) - Datanode localhost-200.210.119.67 95f4c49b-4b15-4158-ade5-84d7b03ab5dc is Under-Utilized.
2023-09-14 09:00:50,820 [main] DEBUG balancer.ContainerBalancerTask (ContainerBalancerTask.java:lambda$initializeIteration$2(459)) - Datanode localhost-172.164.130.99 11ee1485-428e-422b-8ba5-b60b930ace91 is Under-Utilized.
2023-09-14 09:00:50,822 [main] DEBUG balancer.ContainerBalancerTask (ContainerBalancerTask.java:matchSourceWithTarget(708)) - ContainerBalancer is finding suitable target for source datanode 60b524c7-eae7-404e-b2a4-5fed84974235
2023-09-14 09:00:50,822 [main] INFO  balancer.ContainerBalancerTask (ContainerBalancerTask.java:matchSourceWithTarget(722)) - ContainerBalancer matched source datanode 60b524c7-eae7-404e-b2a4-5fed84974235 with target datanode bff39bf2-ab4d-46c3-8328-a35f4c9ac785 for container move.
2023-09-14 09:00:50,822 [main] INFO  balancer.ContainerBalancerTask (ContainerBalancerTask.java:processMoveSelection(569)) - ContainerBalancer is trying to move container #84 with size 4294967296B from source datanode 60b524c7-eae7-404e-b2a4-5fed84974235 to target datanode bff39bf2-ab4d-46c3-8328-a35f4c9ac785
2023-09-14 09:00:50,822 [main] WARN  balancer.ContainerBalancerTask (ContainerBalancerTask.java:lambda$moveContainer$3(842)) - Container move for container #84 from source 60b524c7-eae7-404e-b2a4-5fed84974235 to target bff39bf2-ab4d-46c3-8328-a35f4c9ac785 failed: REPLICATION_FAIL_NODE_UNHEALTHY
2023-09-14 09:00:50,824 [main] DEBUG balancer.ContainerBalancerTask (ContainerBalancerTask.java:matchSourceWithTarget(708)) - ContainerBalancer is finding suitable target for source datanode 97a428ba-7691-4fd5-9e8b-0650bd5320dd
2023-09-14 09:00:50,824 [main] INFO  balancer.ContainerBalancerTask (ContainerBalancerTask.java:matchSourceWithTarget(722)) - ContainerBalancer matched source datanode 97a428ba-7691-4fd5-9e8b-0650bd5320dd with target datanode bff39bf2-ab4d-46c3-8328-a35f4c9ac785 for container move.
2023-09-14 09:00:50,824 [main] INFO  balancer.ContainerBalancerTask (ContainerBalancerTask.java:processMoveSelection(569)) - ContainerBalancer is trying to move container #68 with size 5368709120B from source datanode 97a428ba-7691-4fd5-9e8b-0650bd5320dd to target datanode bff39bf2-ab4d-46c3-8328-a35f4c9ac785
2023-09-14 09:00:50,824 [main] WARN  balancer.ContainerBalancerTask (ContainerBalancerTask.java:lambda$moveContainer$3(842)) - Container move for container #68 from source 97a428ba-7691-4fd5-9e8b-0650bd5320dd to target bff39bf2-ab4d-46c3-8328-a35f4c9ac785 failed: REPLICATION_FAIL_NODE_UNHEALTHY
2023-09-14 09:00:50,827 [main] DEBUG balancer.ContainerBalancerTask (ContainerBalancerTask.java:matchSourceWithTarget(708)) - ContainerBalancer is finding suitable target for source datanode 6fa5ab41-6392-4c96-90b4-13d97eb6677f
2023-09-14 09:00:50,827 [main] INFO  balancer.ContainerBalancerTask (ContainerBalancerTask.java:matchSourceWithTarget(722)) - ContainerBalancer matched source datanode 6fa5ab41-6392-4c96-90b4-13d97eb6677f with target datanode bff39bf2-ab4d-46c3-8328-a35f4c9ac785 for container move.
2023-09-14 09:00:50,827 [main] INFO  balancer.ContainerBalancerTask (ContainerBalancerTask.java:processMoveSelection(569)) - ContainerBalancer is trying to move container #68 with size 5368709120B from source datanode 6fa5ab41-6392-4c96-90b4-13d97eb6677f to target datanode bff39bf2-ab4d-46c3-8328-a35f4c9ac785
2023-09-14 09:00:50,827 [main] WARN  balancer.ContainerBalancerTask (ContainerBalancerTask.java:lambda$moveContainer$3(842)) - Container move for container #68 from source 6fa5ab41-6392-4c96-90b4-13d97eb6677f to target bff39bf2-ab4d-46c3-8328-a35f4c9ac785 failed: REPLICATION_FAIL_NODE_UNHEALTHY
2023-09-14 09:00:50,829 [main] DEBUG balancer.ContainerBalancerTask (ContainerBalancerTask.java:matchSourceWithTarget(708)) - ContainerBalancer is finding suitable target for source datanode 53a0e30a-3910-43a7-bd79-913b2c012e2a
2023-09-14 09:00:50,829 [main] INFO  balancer.ContainerBalancerTask (ContainerBalancerTask.java:matchSourceWithTarget(722)) - ContainerBalancer matched source datanode 53a0e30a-3910-43a7-bd79-913b2c012e2a with target datanode bff39bf2-ab4d-46c3-8328-a35f4c9ac785 for container move.
2023-09-14 09:00:50,829 [main] INFO  balancer.ContainerBalancerTask (ContainerBalancerTask.java:processMoveSelection(569)) - ContainerBalancer is trying to move container #40 with size 5368709120B from source datanode 53a0e30a-3910-43a7-bd79-913b2c012e2a to target datanode bff39bf2-ab4d-46c3-8328-a35f4c9ac785
2023-09-14 09:00:50,829 [main] WARN  balancer.ContainerBalancerTask (ContainerBalancerTask.java:lambda$moveContainer$3(842)) - Container move for container #40 from source 53a0e30a-3910-43a7-bd79-913b2c012e2a to target bff39bf2-ab4d-46c3-8328-a35f4c9ac785 failed: REPLICATION_FAIL_NODE_UNHEALTHY
2023-09-14 09:00:50,831 [main] DEBUG balancer.ContainerBalancerTask (ContainerBalancerTask.java:matchSourceWithTarget(708)) - ContainerBalancer is finding suitable target for source datanode 9ffba6ec-3c44-466f-b989-32b2732546f1
2023-09-14 09:00:50,831 [main] INFO  balancer.ContainerBalancerTask (ContainerBalancerTask.java:matchSourceWithTarget(722)) - ContainerBalancer matched source datanode 9ffba6ec-3c44-466f-b989-32b2732546f1 with target datanode bff39bf2-ab4d-46c3-8328-a35f4c9ac785 for container move.
2023-09-14 09:00:50,831 [main] INFO  balancer.ContainerBalancerTask (ContainerBalancerTask.java:processMoveSelection(569)) - ContainerBalancer is trying to move container #28 with size 4294967296B from source datanode 9ffba6ec-3c44-466f-b989-32b2732546f1 to target datanode bff39bf2-ab4d-46c3-8328-a35f4c9ac785
2023-09-14 09:00:50,832 [main] WARN  balancer.ContainerBalancerTask (ContainerBalancerTask.java:lambda$moveContainer$3(842)) - Container move for container #28 from source 9ffba6ec-3c44-466f-b989-32b2732546f1 to target bff39bf2-ab4d-46c3-8328-a35f4c9ac785 failed: REPLICATION_FAIL_NODE_UNHEALTHY
2023-09-14 09:00:50,832 [main] INFO  balancer.FindSourceGreedy (FindSourceGreedy.java:getNextCandidateSourceDataNode(126)) - no more candidate source data node
2023-09-14 09:00:50,832 [main] INFO  balancer.ContainerBalancerTask (ContainerBalancerTask.java:checkIterationMoveResults(642)) - Iteration Summary. Number of Datanodes involved: 0. Size moved: 0 B (0 Bytes). Number of Container moves completed: 0.
2023-09-14 09:00:50,832 [main] INFO  balancer.ContainerBalancerTask (ContainerBalancerTask.java:balance(259)) - Result of this iteration of Container Balancer: ITERATION_COMPLETED
2023-09-14 09:00:50,832 [main] INFO  balancer.ContainerBalancerTask (ContainerBalancerTask.java:tryStopWithSaveConfiguration(308)) - Save Configuration for stopping. Reason: Completed all iterations.
2023-09-14 09:00:50,833 [main] DEBUG balancer.ContainerBalancerTask (ContainerBalancerTask.java:initializeIteration(374)) - Average utilization of the cluster is 0.35763017771459854
2023-09-14 09:00:50,833 [main] DEBUG balancer.ContainerBalancerTask (ContainerBalancerTask.java:initializeIteration(386)) - Lower limit for utilization is 0.2576301777145985 and Upper limit for utilization is 0.4576301777145986
2023-09-14 09:00:50,833 [main] DEBUG balancer.ContainerBalancerTask (ContainerBalancerTask.java:initializeIteration(398)) - Utilization for node 60b524c7-eae7-404e-b2a4-5fed84974235 with capacity 47721858844B, used 42949672960B, and remaining 4772185884B is 0.9000000000083819
2023-09-14 09:00:50,833 [main] DEBUG balancer.ContainerBalancerTask (ContainerBalancerTask.java:initializeIteration(398)) - Utilization for node 97a428ba-7691-4fd5-9e8b-0650bd5320dd with capacity 53687091200B, used 42949672960B, and remaining 10737418240B is 0.8
2023-09-14 09:00:50,833 [main] DEBUG balancer.ContainerBalancerTask (ContainerBalancerTask.java:initializeIteration(398)) - Utilization for node 6fa5ab41-6392-4c96-90b4-13d97eb6677f with capacity 82831512137B, used 57982058496B, and remaining 24849453641B is 0.7000000000012073
2023-09-14 09:00:50,833 [main] DEBUG balancer.ContainerBalancerTask (ContainerBalancerTask.java:initializeIteration(398)) - Utilization for node 53a0e30a-3910-43a7-bd79-913b2c012e2a with capacity 73372357973B, used 44023414784B, and remaining 29348943189B is 0.6000000000027258
2023-09-14 09:00:50,833 [main] DEBUG balancer.ContainerBalancerTask (ContainerBalancerTask.java:initializeIteration(398)) - Utilization for node 9ffba6ec-3c44-466f-b989-32b2732546f1 with capacity 98784247808B, used 49392123904B, and remaining 49392123904B is 0.5
2023-09-14 09:00:50,833 [main] DEBUG balancer.ContainerBalancerTask (ContainerBalancerTask.java:initializeIteration(398)) - Utilization for node 979da1d0-bdd3-4c74-9001-2c4c2bbc47e5 with capacity 126164664320B, used 50465865728B, and remaining 75698798592B is 0.4
2023-09-14 09:00:50,834 [main] DEBUG balancer.ContainerBalancerTask (ContainerBalancerTask.java:initializeIteration(398)) - Utilization for node fee0a8d0-5f13-4f72-bb64-23f08f43c2aa with capacity 175377831253B, used 52613349376B, and remaining 122764481877B is 0.3000000000005702
2023-09-14 09:00:50,834 [main] DEBUG balancer.ContainerBalancerTask (ContainerBalancerTask.java:initializeIteration(398)) - Utilization for node 11ee1485-428e-422b-8ba5-b60b930ace91 with capacity 204010946560B, used 40802189312B, and remaining 163208757248B is 0.2
2023-09-14 09:00:50,834 [main] DEBUG balancer.ContainerBalancerTask (ContainerBalancerTask.java:initializeIteration(398)) - Utilization for node 95f4c49b-4b15-4158-ade5-84d7b03ab5dc with capacity 257698037760B, used 25769803776B, and remaining 231928233984B is 0.1
2023-09-14 09:00:50,834 [main] DEBUG balancer.ContainerBalancerTask (ContainerBalancerTask.java:initializeIteration(398)) - Utilization for node bff39bf2-ab4d-46c3-8328-a35f4c9ac785 with capacity 18253611008B, used 0B, and remaining 18253611008B is 0.0
2023-09-14 09:00:50,834 [main] INFO  balancer.ContainerBalancerTask (ContainerBalancerTask.java:initializeIteration(447)) - Container Balancer has identified 5 Over-Utilized and 3 Under-Utilized Datanodes that need to be balanced.
2023-09-14 09:00:50,834 [main] DEBUG balancer.ContainerBalancerTask (ContainerBalancerTask.java:lambda$initializeIteration$1(453)) - Datanode localhost-233.143.32.231 60b524c7-eae7-404e-b2a4-5fed84974235 is Over-Utilized.
2023-09-14 09:00:50,834 [main] DEBUG balancer.ContainerBalancerTask (ContainerBalancerTask.java:lambda$initializeIteration$1(453)) - Datanode localhost-210.245.193.75 97a428ba-7691-4fd5-9e8b-0650bd5320dd is Over-Utilized.
2023-09-14 09:00:50,834 [main] DEBUG balancer.ContainerBalancerTask (ContainerBalancerTask.java:lambda$initializeIteration$1(453)) - Datanode localhost-107.119.144.105 6fa5ab41-6392-4c96-90b4-13d97eb6677f is Over-Utilized.
2023-09-14 09:00:50,834 [main] DEBUG balancer.ContainerBalancerTask (ContainerBalancerTask.java:lambda$initializeIteration$1(453)) - Datanode localhost-217.187.186.158 53a0e30a-3910-43a7-bd79-913b2c012e2a is Over-Utilized.
2023-09-14 09:00:50,834 [main] DEBUG balancer.ContainerBalancerTask (ContainerBalancerTask.java:lambda$initializeIteration$1(453)) - Datanode localhost-226.103.68.74 9ffba6ec-3c44-466f-b989-32b2732546f1 is Over-Utilized.
2023-09-14 09:00:50,834 [main] DEBUG balancer.ContainerBalancerTask (ContainerBalancerTask.java:lambda$initializeIteration$2(459)) - Datanode localhost-245.51.215.64 bff39bf2-ab4d-46c3-8328-a35f4c9ac785 is Under-Utilized.
2023-09-14 09:00:50,835 [main] DEBUG balancer.ContainerBalancerTask (ContainerBalancerTask.java:lambda$initializeIteration$2(459)) - Datanode localhost-200.210.119.67 95f4c49b-4b15-4158-ade5-84d7b03ab5dc is Under-Utilized.
2023-09-14 09:00:50,835 [main] DEBUG balancer.ContainerBalancerTask (ContainerBalancerTask.java:lambda$initializeIteration$2(459)) - Datanode localhost-172.164.130.99 11ee1485-428e-422b-8ba5-b60b930ace91 is Under-Utilized.
2023-09-14 09:00:50,837 [main] DEBUG balancer.ContainerBalancerTask (ContainerBalancerTask.java:matchSourceWithTarget(708)) - ContainerBalancer is finding suitable target for source datanode 60b524c7-eae7-404e-b2a4-5fed84974235
2023-09-14 09:00:50,837 [main] INFO  balancer.ContainerBalancerTask (ContainerBalancerTask.java:matchSourceWithTarget(722)) - ContainerBalancer matched source datanode 60b524c7-eae7-404e-b2a4-5fed84974235 with target datanode bff39bf2-ab4d-46c3-8328-a35f4c9ac785 for container move.
2023-09-14 09:00:50,837 [main] INFO  balancer.ContainerBalancerTask (ContainerBalancerTask.java:processMoveSelection(569)) - ContainerBalancer is trying to move container #85 with size 5368709120B from source datanode 60b524c7-eae7-404e-b2a4-5fed84974235 to target datanode bff39bf2-ab4d-46c3-8328-a35f4c9ac785
2023-09-14 09:00:50,837 [main] DEBUG balancer.ContainerBalancerTask (ContainerBalancerTask.java:lambda$moveContainer$3(837)) - Container move completed for container #85 from source 60b524c7-eae7-404e-b2a4-5fed84974235 to target bff39bf2-ab4d-46c3-8328-a35f4c9ac785
2023-09-14 09:00:50,839 [main] DEBUG balancer.ContainerBalancerTask (ContainerBalancerTask.java:matchSourceWithTarget(708)) - ContainerBalancer is finding suitable target for source datanode 97a428ba-7691-4fd5-9e8b-0650bd5320dd
2023-09-14 09:00:50,840 [main] INFO  balancer.ContainerBalancerTask (ContainerBalancerTask.java:matchSourceWithTarget(722)) - ContainerBalancer matched source datanode 97a428ba-7691-4fd5-9e8b-0650bd5320dd with target datanode 95f4c49b-4b15-4158-ade5-84d7b03ab5dc for container move.
2023-09-14 09:00:50,840 [main] INFO  balancer.ContainerBalancerTask (ContainerBalancerTask.java:processMoveSelection(569)) - ContainerBalancer is trying to move container #68 with size 5368709120B from source datanode 97a428ba-7691-4fd5-9e8b-0650bd5320dd to target datanode 95f4c49b-4b15-4158-ade5-84d7b03ab5dc
2023-09-14 09:00:50,840 [main] DEBUG balancer.ContainerBalancerTask (ContainerBalancerTask.java:lambda$moveContainer$3(837)) - Container move completed for container #68 from source 97a428ba-7691-4fd5-9e8b-0650bd5320dd to target 95f4c49b-4b15-4158-ade5-84d7b03ab5dc
2023-09-14 09:00:50,840 [main] WARN  balancer.ContainerBalancerTask (ContainerBalancerTask.java:reachedMaxSizeToMovePerIteration(733)) - Reached max size to move limit. 10737418240 bytes have already been scheduled for balancing and the limit is 10737418240 bytes.
2023-09-14 09:00:50,840 [main] INFO  balancer.ContainerBalancerTask (ContainerBalancerTask.java:checkIterationMoveResults(642)) - Iteration Summary. Number of Datanodes involved: 4. Size moved: 10 GB (10737418240 Bytes). Number of Container moves completed: 2.
2023-09-14 09:00:50,840 [main] INFO  balancer.ContainerBalancerTask (ContainerBalancerTask.java:balance(259)) - Result of this iteration of Container Balancer: ITERATION_COMPLETED
2023-09-14 09:00:50,841 [main] INFO  balancer.ContainerBalancerTask (ContainerBalancerTask.java:tryStopWithSaveConfiguration(308)) - Save Configuration for stopping. Reason: Completed all iterations.
]]></system-out>
  </testcase>
  <testcase name="targetDatanodeShouldBeInServiceHealthy" classname="org.apache.hadoop.hdds.scm.container.balancer.TestContainerBalancerTask" time="0.081">
    <system-out><![CDATA[2023-09-14 09:00:50,866 [main] INFO  net.NodeSchemaLoader (NodeSchemaLoader.java:loadSchemaFromFile(129)) - Loading schema from [file:/home/runner/work/ozone/ozone/hadoop-hdds/common/target/classes/network-topology-default.xml]
2023-09-14 09:00:50,866 [main] INFO  net.NodeSchemaLoader (NodeSchemaLoader.java:loadSchema(176)) - Loading network topology layer schema file
2023-09-14 09:00:50,874 [main] INFO  net.NetworkTopologyImpl (NetworkTopologyImpl.java:add(112)) - Added a new node: /default-rack/fad5f924-43b2-4cbf-a4a2-e6e4d4f3bbb9
2023-09-14 09:00:50,874 [main] INFO  net.NetworkTopologyImpl (NetworkTopologyImpl.java:add(112)) - Added a new node: /default-rack/10ac8704-c21e-49be-8ee0-d8a2bb13d11b
2023-09-14 09:00:50,874 [main] INFO  net.NetworkTopologyImpl (NetworkTopologyImpl.java:add(112)) - Added a new node: /default-rack/00256ea1-e32f-45d4-a6cd-76600351d111
2023-09-14 09:00:50,874 [main] INFO  net.NetworkTopologyImpl (NetworkTopologyImpl.java:add(112)) - Added a new node: /default-rack/15e37456-2089-42fc-b47a-495d5fe01473
2023-09-14 09:00:50,874 [main] INFO  net.NetworkTopologyImpl (NetworkTopologyImpl.java:add(112)) - Added a new node: /default-rack/7a8f3bd8-fe35-4742-b9ac-1dcf11d2e099
2023-09-14 09:00:50,875 [main] INFO  net.NetworkTopologyImpl (NetworkTopologyImpl.java:add(112)) - Added a new node: /default-rack/222a4b6a-7881-4f13-ae57-0f12c437be3d
2023-09-14 09:00:50,875 [main] INFO  net.NetworkTopologyImpl (NetworkTopologyImpl.java:add(112)) - Added a new node: /default-rack/fafff482-07d0-4c67-9b8d-211de1660d41
2023-09-14 09:00:50,875 [main] INFO  net.NetworkTopologyImpl (NetworkTopologyImpl.java:add(112)) - Added a new node: /default-rack/0df9773c-5b00-4419-81de-ef78695ef269
2023-09-14 09:00:50,875 [main] INFO  net.NetworkTopologyImpl (NetworkTopologyImpl.java:add(112)) - Added a new node: /default-rack/56015ab8-2253-4244-9411-aecbd15d4474
2023-09-14 09:00:50,875 [main] INFO  net.NetworkTopologyImpl (NetworkTopologyImpl.java:add(112)) - Added a new node: /default-rack/c9c42e47-a695-4d19-ba97-465473d0abe3
2023-09-14 09:00:50,875 [main] INFO  algorithms.ContainerPlacementPolicyFactory (ContainerPlacementPolicyFactory.java:getPolicyInternal(86)) - Create container placement policy of type org.apache.hadoop.hdds.scm.container.placement.algorithms.SCMContainerPlacementRackAware
2023-09-14 09:00:50,875 [main] INFO  algorithms.ContainerPlacementPolicyFactory (ContainerPlacementPolicyFactory.java:getPolicyInternal(86)) - Create container placement policy of type org.apache.hadoop.hdds.scm.container.placement.algorithms.SCMContainerPlacementRackScatter
2023-09-14 09:00:50,878 [main] DEBUG balancer.ContainerBalancerTask (ContainerBalancerTask.java:initializeIteration(374)) - Average utilization of the cluster is 0.33341406721694133
2023-09-14 09:00:50,878 [main] DEBUG balancer.ContainerBalancerTask (ContainerBalancerTask.java:initializeIteration(386)) - Lower limit for utilization is 0.23341406721694133 and Upper limit for utilization is 0.4334140672169413
2023-09-14 09:00:50,878 [main] DEBUG balancer.ContainerBalancerTask (ContainerBalancerTask.java:initializeIteration(398)) - Utilization for node 00256ea1-e32f-45d4-a6cd-76600351d111 with capacity 52494044728B, used 47244640256B, and remaining 5249404472B is 0.9000000000152398
2023-09-14 09:00:50,878 [main] DEBUG balancer.ContainerBalancerTask (ContainerBalancerTask.java:initializeIteration(398)) - Utilization for node 56015ab8-2253-4244-9411-aecbd15d4474 with capacity 55029268480B, used 44023414784B, and remaining 11005853696B is 0.8
2023-09-14 09:00:50,879 [main] DEBUG balancer.ContainerBalancerTask (ContainerBalancerTask.java:initializeIteration(398)) - Utilization for node fad5f924-43b2-4cbf-a4a2-e6e4d4f3bbb9 with capacity 76695844571B, used 53687091200B, and remaining 23008753371B is 0.7000000000039116
2023-09-14 09:00:50,879 [main] DEBUG balancer.ContainerBalancerTask (ContainerBalancerTask.java:initializeIteration(398)) - Utilization for node 0df9773c-5b00-4419-81de-ef78695ef269 with capacity 96636764160B, used 57982058496B, and remaining 38654705664B is 0.6
2023-09-14 09:00:50,879 [main] DEBUG balancer.ContainerBalancerTask (ContainerBalancerTask.java:initializeIteration(398)) - Utilization for node 15e37456-2089-42fc-b47a-495d5fe01473 with capacity 75161927680B, used 37580963840B, and remaining 37580963840B is 0.5
2023-09-14 09:00:50,879 [main] DEBUG balancer.ContainerBalancerTask (ContainerBalancerTask.java:initializeIteration(398)) - Utilization for node c9c42e47-a695-4d19-ba97-465473d0abe3 with capacity 77846282240B, used 31138512896B, and remaining 46707769344B is 0.4
2023-09-14 09:00:50,879 [main] DEBUG balancer.ContainerBalancerTask (ContainerBalancerTask.java:initializeIteration(398)) - Utilization for node fafff482-07d0-4c67-9b8d-211de1660d41 with capacity 146744715946B, used 44023414784B, and remaining 102721301162B is 0.3000000000013629
2023-09-14 09:00:50,879 [main] DEBUG balancer.ContainerBalancerTask (ContainerBalancerTask.java:initializeIteration(398)) - Utilization for node 7a8f3bd8-fe35-4742-b9ac-1dcf11d2e099 with capacity 214748364800B, used 42949672960B, and remaining 171798691840B is 0.2
2023-09-14 09:00:50,879 [main] DEBUG balancer.ContainerBalancerTask (ContainerBalancerTask.java:initializeIteration(398)) - Utilization for node 10ac8704-c21e-49be-8ee0-d8a2bb13d11b with capacity 343597383680B, used 34359738368B, and remaining 309237645312B is 0.1
2023-09-14 09:00:50,879 [main] DEBUG balancer.ContainerBalancerTask (ContainerBalancerTask.java:initializeIteration(398)) - Utilization for node 222a4b6a-7881-4f13-ae57-0f12c437be3d with capacity 39728447488B, used 0B, and remaining 39728447488B is 0.0
2023-09-14 09:00:50,879 [main] INFO  balancer.ContainerBalancerTask (ContainerBalancerTask.java:initializeIteration(447)) - Container Balancer has identified 5 Over-Utilized and 3 Under-Utilized Datanodes that need to be balanced.
2023-09-14 09:00:50,879 [main] DEBUG balancer.ContainerBalancerTask (ContainerBalancerTask.java:lambda$initializeIteration$1(453)) - Datanode localhost-84.115.171.31 00256ea1-e32f-45d4-a6cd-76600351d111 is Over-Utilized.
2023-09-14 09:00:50,879 [main] DEBUG balancer.ContainerBalancerTask (ContainerBalancerTask.java:lambda$initializeIteration$1(453)) - Datanode localhost-192.77.213.13 56015ab8-2253-4244-9411-aecbd15d4474 is Over-Utilized.
2023-09-14 09:00:50,880 [main] DEBUG balancer.ContainerBalancerTask (ContainerBalancerTask.java:lambda$initializeIteration$1(453)) - Datanode localhost-230.177.36.91 fad5f924-43b2-4cbf-a4a2-e6e4d4f3bbb9 is Over-Utilized.
2023-09-14 09:00:50,880 [main] DEBUG balancer.ContainerBalancerTask (ContainerBalancerTask.java:lambda$initializeIteration$1(453)) - Datanode localhost-196.127.73.203 0df9773c-5b00-4419-81de-ef78695ef269 is Over-Utilized.
2023-09-14 09:00:50,880 [main] DEBUG balancer.ContainerBalancerTask (ContainerBalancerTask.java:lambda$initializeIteration$1(453)) - Datanode localhost-172.247.144.122 15e37456-2089-42fc-b47a-495d5fe01473 is Over-Utilized.
2023-09-14 09:00:50,880 [main] DEBUG balancer.ContainerBalancerTask (ContainerBalancerTask.java:lambda$initializeIteration$2(459)) - Datanode localhost-248.118.70.118 222a4b6a-7881-4f13-ae57-0f12c437be3d is Under-Utilized.
2023-09-14 09:00:50,880 [main] DEBUG balancer.ContainerBalancerTask (ContainerBalancerTask.java:lambda$initializeIteration$2(459)) - Datanode localhost-230.216.238.234 10ac8704-c21e-49be-8ee0-d8a2bb13d11b is Under-Utilized.
2023-09-14 09:00:50,880 [main] DEBUG balancer.ContainerBalancerTask (ContainerBalancerTask.java:lambda$initializeIteration$2(459)) - Datanode localhost-24.5.79.168 7a8f3bd8-fe35-4742-b9ac-1dcf11d2e099 is Under-Utilized.
2023-09-14 09:00:50,886 [main] DEBUG balancer.ContainerBalancerTask (ContainerBalancerTask.java:matchSourceWithTarget(708)) - ContainerBalancer is finding suitable target for source datanode 00256ea1-e32f-45d4-a6cd-76600351d111
2023-09-14 09:00:50,886 [main] INFO  balancer.ContainerBalancerTask (ContainerBalancerTask.java:matchSourceWithTarget(722)) - ContainerBalancer matched source datanode 00256ea1-e32f-45d4-a6cd-76600351d111 with target datanode 222a4b6a-7881-4f13-ae57-0f12c437be3d for container move.
2023-09-14 09:00:50,886 [main] INFO  balancer.ContainerBalancerTask (ContainerBalancerTask.java:processMoveSelection(569)) - ContainerBalancer is trying to move container #85 with size 5368709120B from source datanode 00256ea1-e32f-45d4-a6cd-76600351d111 to target datanode 222a4b6a-7881-4f13-ae57-0f12c437be3d
2023-09-14 09:00:50,886 [main] DEBUG balancer.ContainerBalancerTask (ContainerBalancerTask.java:lambda$moveContainer$3(837)) - Container move completed for container #85 from source 00256ea1-e32f-45d4-a6cd-76600351d111 to target 222a4b6a-7881-4f13-ae57-0f12c437be3d
2023-09-14 09:00:50,888 [main] DEBUG balancer.ContainerBalancerTask (ContainerBalancerTask.java:matchSourceWithTarget(708)) - ContainerBalancer is finding suitable target for source datanode 56015ab8-2253-4244-9411-aecbd15d4474
2023-09-14 09:00:50,889 [main] INFO  balancer.ContainerBalancerTask (ContainerBalancerTask.java:matchSourceWithTarget(722)) - ContainerBalancer matched source datanode 56015ab8-2253-4244-9411-aecbd15d4474 with target datanode 10ac8704-c21e-49be-8ee0-d8a2bb13d11b for container move.
2023-09-14 09:00:50,889 [main] INFO  balancer.ContainerBalancerTask (ContainerBalancerTask.java:processMoveSelection(569)) - ContainerBalancer is trying to move container #68 with size 5368709120B from source datanode 56015ab8-2253-4244-9411-aecbd15d4474 to target datanode 10ac8704-c21e-49be-8ee0-d8a2bb13d11b
2023-09-14 09:00:50,889 [main] DEBUG balancer.ContainerBalancerTask (ContainerBalancerTask.java:lambda$moveContainer$3(837)) - Container move completed for container #68 from source 56015ab8-2253-4244-9411-aecbd15d4474 to target 10ac8704-c21e-49be-8ee0-d8a2bb13d11b
2023-09-14 09:00:50,891 [main] DEBUG balancer.ContainerBalancerTask (ContainerBalancerTask.java:matchSourceWithTarget(708)) - ContainerBalancer is finding suitable target for source datanode 00256ea1-e32f-45d4-a6cd-76600351d111
2023-09-14 09:00:50,891 [main] INFO  balancer.ContainerBalancerTask (ContainerBalancerTask.java:matchSourceWithTarget(722)) - ContainerBalancer matched source datanode 00256ea1-e32f-45d4-a6cd-76600351d111 with target datanode 10ac8704-c21e-49be-8ee0-d8a2bb13d11b for container move.
2023-09-14 09:00:50,891 [main] INFO  balancer.ContainerBalancerTask (ContainerBalancerTask.java:processMoveSelection(569)) - ContainerBalancer is trying to move container #89 with size 4294967296B from source datanode 00256ea1-e32f-45d4-a6cd-76600351d111 to target datanode 10ac8704-c21e-49be-8ee0-d8a2bb13d11b
2023-09-14 09:00:50,892 [main] DEBUG balancer.ContainerBalancerTask (ContainerBalancerTask.java:lambda$moveContainer$3(837)) - Container move completed for container #89 from source 00256ea1-e32f-45d4-a6cd-76600351d111 to target 10ac8704-c21e-49be-8ee0-d8a2bb13d11b
2023-09-14 09:00:50,894 [main] DEBUG balancer.ContainerBalancerTask (ContainerBalancerTask.java:matchSourceWithTarget(708)) - ContainerBalancer is finding suitable target for source datanode 00256ea1-e32f-45d4-a6cd-76600351d111
2023-09-14 09:00:50,894 [main] INFO  balancer.ContainerBalancerTask (ContainerBalancerTask.java:matchSourceWithTarget(722)) - ContainerBalancer matched source datanode 00256ea1-e32f-45d4-a6cd-76600351d111 with target datanode 10ac8704-c21e-49be-8ee0-d8a2bb13d11b for container move.
2023-09-14 09:00:50,894 [main] INFO  balancer.ContainerBalancerTask (ContainerBalancerTask.java:processMoveSelection(569)) - ContainerBalancer is trying to move container #84 with size 4294967296B from source datanode 00256ea1-e32f-45d4-a6cd-76600351d111 to target datanode 10ac8704-c21e-49be-8ee0-d8a2bb13d11b
2023-09-14 09:00:50,894 [main] DEBUG balancer.ContainerBalancerTask (ContainerBalancerTask.java:lambda$moveContainer$3(837)) - Container move completed for container #84 from source 00256ea1-e32f-45d4-a6cd-76600351d111 to target 10ac8704-c21e-49be-8ee0-d8a2bb13d11b
2023-09-14 09:00:50,897 [main] DEBUG balancer.ContainerBalancerTask (ContainerBalancerTask.java:matchSourceWithTarget(708)) - ContainerBalancer is finding suitable target for source datanode 56015ab8-2253-4244-9411-aecbd15d4474
2023-09-14 09:00:50,897 [main] INFO  balancer.ContainerBalancerTask (ContainerBalancerTask.java:matchSourceWithTarget(722)) - ContainerBalancer matched source datanode 56015ab8-2253-4244-9411-aecbd15d4474 with target datanode 222a4b6a-7881-4f13-ae57-0f12c437be3d for container move.
2023-09-14 09:00:50,897 [main] INFO  balancer.ContainerBalancerTask (ContainerBalancerTask.java:processMoveSelection(569)) - ContainerBalancer is trying to move container #53 with size 5368709120B from source datanode 56015ab8-2253-4244-9411-aecbd15d4474 to target datanode 222a4b6a-7881-4f13-ae57-0f12c437be3d
2023-09-14 09:00:50,897 [main] DEBUG balancer.ContainerBalancerTask (ContainerBalancerTask.java:lambda$moveContainer$3(837)) - Container move completed for container #53 from source 56015ab8-2253-4244-9411-aecbd15d4474 to target 222a4b6a-7881-4f13-ae57-0f12c437be3d
2023-09-14 09:00:50,900 [main] DEBUG balancer.ContainerBalancerTask (ContainerBalancerTask.java:matchSourceWithTarget(708)) - ContainerBalancer is finding suitable target for source datanode fad5f924-43b2-4cbf-a4a2-e6e4d4f3bbb9
2023-09-14 09:00:50,900 [main] INFO  balancer.ContainerBalancerTask (ContainerBalancerTask.java:matchSourceWithTarget(722)) - ContainerBalancer matched source datanode fad5f924-43b2-4cbf-a4a2-e6e4d4f3bbb9 with target datanode 10ac8704-c21e-49be-8ee0-d8a2bb13d11b for container move.
2023-09-14 09:00:50,900 [main] INFO  balancer.ContainerBalancerTask (ContainerBalancerTask.java:processMoveSelection(569)) - ContainerBalancer is trying to move container #67 with size 4294967296B from source datanode fad5f924-43b2-4cbf-a4a2-e6e4d4f3bbb9 to target datanode 10ac8704-c21e-49be-8ee0-d8a2bb13d11b
2023-09-14 09:00:50,900 [main] DEBUG balancer.ContainerBalancerTask (ContainerBalancerTask.java:lambda$moveContainer$3(837)) - Container move completed for container #67 from source fad5f924-43b2-4cbf-a4a2-e6e4d4f3bbb9 to target 10ac8704-c21e-49be-8ee0-d8a2bb13d11b
2023-09-14 09:00:50,903 [main] DEBUG balancer.ContainerBalancerTask (ContainerBalancerTask.java:matchSourceWithTarget(708)) - ContainerBalancer is finding suitable target for source datanode fad5f924-43b2-4cbf-a4a2-e6e4d4f3bbb9
2023-09-14 09:00:50,903 [main] INFO  balancer.ContainerBalancerTask (ContainerBalancerTask.java:matchSourceWithTarget(722)) - ContainerBalancer matched source datanode fad5f924-43b2-4cbf-a4a2-e6e4d4f3bbb9 with target datanode 10ac8704-c21e-49be-8ee0-d8a2bb13d11b for container move.
2023-09-14 09:00:50,903 [main] INFO  balancer.ContainerBalancerTask (ContainerBalancerTask.java:processMoveSelection(569)) - ContainerBalancer is trying to move container #52 with size 4294967296B from source datanode fad5f924-43b2-4cbf-a4a2-e6e4d4f3bbb9 to target datanode 10ac8704-c21e-49be-8ee0-d8a2bb13d11b
2023-09-14 09:00:50,903 [main] DEBUG balancer.ContainerBalancerTask (ContainerBalancerTask.java:lambda$moveContainer$3(837)) - Container move completed for container #52 from source fad5f924-43b2-4cbf-a4a2-e6e4d4f3bbb9 to target 10ac8704-c21e-49be-8ee0-d8a2bb13d11b
2023-09-14 09:00:50,906 [main] DEBUG balancer.ContainerBalancerTask (ContainerBalancerTask.java:matchSourceWithTarget(708)) - ContainerBalancer is finding suitable target for source datanode 00256ea1-e32f-45d4-a6cd-76600351d111
2023-09-14 09:00:50,906 [main] INFO  balancer.ContainerBalancerTask (ContainerBalancerTask.java:matchSourceWithTarget(722)) - ContainerBalancer matched source datanode 00256ea1-e32f-45d4-a6cd-76600351d111 with target datanode 10ac8704-c21e-49be-8ee0-d8a2bb13d11b for container move.
2023-09-14 09:00:50,906 [main] INFO  balancer.ContainerBalancerTask (ContainerBalancerTask.java:processMoveSelection(569)) - ContainerBalancer is trying to move container #88 with size 3221225472B from source datanode 00256ea1-e32f-45d4-a6cd-76600351d111 to target datanode 10ac8704-c21e-49be-8ee0-d8a2bb13d11b
2023-09-14 09:00:50,906 [main] DEBUG balancer.ContainerBalancerTask (ContainerBalancerTask.java:lambda$moveContainer$3(837)) - Container move completed for container #88 from source 00256ea1-e32f-45d4-a6cd-76600351d111 to target 10ac8704-c21e-49be-8ee0-d8a2bb13d11b
2023-09-14 09:00:50,909 [main] DEBUG balancer.ContainerBalancerTask (ContainerBalancerTask.java:matchSourceWithTarget(708)) - ContainerBalancer is finding suitable target for source datanode 56015ab8-2253-4244-9411-aecbd15d4474
2023-09-14 09:00:50,909 [main] INFO  balancer.ContainerBalancerTask (ContainerBalancerTask.java:matchSourceWithTarget(722)) - ContainerBalancer matched source datanode 56015ab8-2253-4244-9411-aecbd15d4474 with target datanode 10ac8704-c21e-49be-8ee0-d8a2bb13d11b for container move.
2023-09-14 09:00:50,909 [main] INFO  balancer.ContainerBalancerTask (ContainerBalancerTask.java:processMoveSelection(569)) - ContainerBalancer is trying to move container #66 with size 3221225472B from source datanode 56015ab8-2253-4244-9411-aecbd15d4474 to target datanode 10ac8704-c21e-49be-8ee0-d8a2bb13d11b
2023-09-14 09:00:50,909 [main] DEBUG balancer.ContainerBalancerTask (ContainerBalancerTask.java:lambda$moveContainer$3(837)) - Container move completed for container #66 from source 56015ab8-2253-4244-9411-aecbd15d4474 to target 10ac8704-c21e-49be-8ee0-d8a2bb13d11b
2023-09-14 09:00:50,912 [main] DEBUG balancer.ContainerBalancerTask (ContainerBalancerTask.java:matchSourceWithTarget(708)) - ContainerBalancer is finding suitable target for source datanode 0df9773c-5b00-4419-81de-ef78695ef269
2023-09-14 09:00:50,913 [main] INFO  balancer.ContainerBalancerTask (ContainerBalancerTask.java:matchSourceWithTarget(722)) - ContainerBalancer matched source datanode 0df9773c-5b00-4419-81de-ef78695ef269 with target datanode 10ac8704-c21e-49be-8ee0-d8a2bb13d11b for container move.
2023-09-14 09:00:50,913 [main] INFO  balancer.ContainerBalancerTask (ContainerBalancerTask.java:processMoveSelection(569)) - ContainerBalancer is trying to move container #28 with size 4294967296B from source datanode 0df9773c-5b00-4419-81de-ef78695ef269 to target datanode 10ac8704-c21e-49be-8ee0-d8a2bb13d11b
2023-09-14 09:00:50,913 [main] DEBUG balancer.ContainerBalancerTask (ContainerBalancerTask.java:lambda$moveContainer$3(837)) - Container move completed for container #28 from source 0df9773c-5b00-4419-81de-ef78695ef269 to target 10ac8704-c21e-49be-8ee0-d8a2bb13d11b
2023-09-14 09:00:50,916 [main] DEBUG balancer.ContainerBalancerTask (ContainerBalancerTask.java:matchSourceWithTarget(708)) - ContainerBalancer is finding suitable target for source datanode fad5f924-43b2-4cbf-a4a2-e6e4d4f3bbb9
2023-09-14 09:00:50,916 [main] INFO  balancer.ContainerBalancerTask (ContainerBalancerTask.java:matchSourceWithTarget(722)) - ContainerBalancer matched source datanode fad5f924-43b2-4cbf-a4a2-e6e4d4f3bbb9 with target datanode 10ac8704-c21e-49be-8ee0-d8a2bb13d11b for container move.
2023-09-14 09:00:50,916 [main] INFO  balancer.ContainerBalancerTask (ContainerBalancerTask.java:processMoveSelection(569)) - ContainerBalancer is trying to move container #19 with size 4294967296B from source datanode fad5f924-43b2-4cbf-a4a2-e6e4d4f3bbb9 to target datanode 10ac8704-c21e-49be-8ee0-d8a2bb13d11b
2023-09-14 09:00:50,916 [main] DEBUG balancer.ContainerBalancerTask (ContainerBalancerTask.java:lambda$moveContainer$3(837)) - Container move completed for container #19 from source fad5f924-43b2-4cbf-a4a2-e6e4d4f3bbb9 to target 10ac8704-c21e-49be-8ee0-d8a2bb13d11b
2023-09-14 09:00:50,919 [main] DEBUG balancer.ContainerBalancerTask (ContainerBalancerTask.java:matchSourceWithTarget(708)) - ContainerBalancer is finding suitable target for source datanode 00256ea1-e32f-45d4-a6cd-76600351d111
2023-09-14 09:00:50,919 [main] INFO  balancer.ContainerBalancerTask (ContainerBalancerTask.java:matchSourceWithTarget(722)) - ContainerBalancer matched source datanode 00256ea1-e32f-45d4-a6cd-76600351d111 with target datanode 7a8f3bd8-fe35-4742-b9ac-1dcf11d2e099 for container move.
2023-09-14 09:00:50,919 [main] INFO  balancer.ContainerBalancerTask (ContainerBalancerTask.java:processMoveSelection(569)) - ContainerBalancer is trying to move container #83 with size 3221225472B from source datanode 00256ea1-e32f-45d4-a6cd-76600351d111 to target datanode 7a8f3bd8-fe35-4742-b9ac-1dcf11d2e099
2023-09-14 09:00:50,919 [main] DEBUG balancer.ContainerBalancerTask (ContainerBalancerTask.java:lambda$moveContainer$3(837)) - Container move completed for container #83 from source 00256ea1-e32f-45d4-a6cd-76600351d111 to target 7a8f3bd8-fe35-4742-b9ac-1dcf11d2e099
2023-09-14 09:00:50,923 [main] DEBUG balancer.ContainerBalancerTask (ContainerBalancerTask.java:matchSourceWithTarget(708)) - ContainerBalancer is finding suitable target for source datanode 0df9773c-5b00-4419-81de-ef78695ef269
2023-09-14 09:00:50,923 [main] INFO  balancer.ContainerBalancerTask (ContainerBalancerTask.java:matchSourceWithTarget(722)) - ContainerBalancer matched source datanode 0df9773c-5b00-4419-81de-ef78695ef269 with target datanode 10ac8704-c21e-49be-8ee0-d8a2bb13d11b for container move.
2023-09-14 09:00:50,923 [main] INFO  balancer.ContainerBalancerTask (ContainerBalancerTask.java:processMoveSelection(569)) - ContainerBalancer is trying to move container #87 with size 2147483648B from source datanode 0df9773c-5b00-4419-81de-ef78695ef269 to target datanode 10ac8704-c21e-49be-8ee0-d8a2bb13d11b
2023-09-14 09:00:50,923 [main] DEBUG balancer.ContainerBalancerTask (ContainerBalancerTask.java:lambda$moveContainer$3(837)) - Container move completed for container #87 from source 0df9773c-5b00-4419-81de-ef78695ef269 to target 10ac8704-c21e-49be-8ee0-d8a2bb13d11b
2023-09-14 09:00:50,924 [main] WARN  balancer.ContainerBalancerTask (ContainerBalancerTask.java:reachedMaxSizeToMovePerIteration(733)) - Reached max size to move limit. 53687091200 bytes have already been scheduled for balancing and the limit is 53687091200 bytes.
2023-09-14 09:00:50,924 [main] INFO  balancer.ContainerBalancerTask (ContainerBalancerTask.java:checkIterationMoveResults(642)) - Iteration Summary. Number of Datanodes involved: 7. Size moved: 50 GB (53687091200 Bytes). Number of Container moves completed: 13.
2023-09-14 09:00:50,924 [main] INFO  balancer.ContainerBalancerTask (ContainerBalancerTask.java:balance(259)) - Result of this iteration of Container Balancer: ITERATION_COMPLETED
2023-09-14 09:00:50,924 [main] INFO  balancer.ContainerBalancerTask (ContainerBalancerTask.java:tryStopWithSaveConfiguration(308)) - Save Configuration for stopping. Reason: Completed all iterations.
]]></system-out>
  </testcase>
  <testcase name="containerBalancerShouldObeyMaxDatanodesToInvolveLimit" classname="org.apache.hadoop.hdds.scm.container.balancer.TestContainerBalancerTask" time="0.09">
    <system-out><![CDATA[2023-09-14 09:00:50,953 [main] INFO  net.NodeSchemaLoader (NodeSchemaLoader.java:loadSchemaFromFile(129)) - Loading schema from [file:/home/runner/work/ozone/ozone/hadoop-hdds/common/target/classes/network-topology-default.xml]
2023-09-14 09:00:50,954 [main] INFO  net.NodeSchemaLoader (NodeSchemaLoader.java:loadSchema(176)) - Loading network topology layer schema file
2023-09-14 09:00:50,957 [main] INFO  net.NetworkTopologyImpl (NetworkTopologyImpl.java:add(112)) - Added a new node: /default-rack/2fa55d91-6ed6-4dac-a24f-4aa08b38566b
2023-09-14 09:00:50,958 [main] INFO  net.NetworkTopologyImpl (NetworkTopologyImpl.java:add(112)) - Added a new node: /default-rack/4c7cbbeb-d330-4b8f-a06f-2d9da1ce1a27
2023-09-14 09:00:50,958 [main] INFO  net.NetworkTopologyImpl (NetworkTopologyImpl.java:add(112)) - Added a new node: /default-rack/1de9a46e-da37-456f-8c41-9c7758ecc811
2023-09-14 09:00:50,958 [main] INFO  net.NetworkTopologyImpl (NetworkTopologyImpl.java:add(112)) - Added a new node: /default-rack/c4b6ab0d-29e0-4234-9c60-d38b4f7bb289
2023-09-14 09:00:50,959 [main] INFO  net.NetworkTopologyImpl (NetworkTopologyImpl.java:add(112)) - Added a new node: /default-rack/77300992-d8ea-44ff-b60b-1e0b13608e80
2023-09-14 09:00:50,959 [main] INFO  net.NetworkTopologyImpl (NetworkTopologyImpl.java:add(112)) - Added a new node: /default-rack/1ea31a44-fa61-438c-b245-560cb374ca30
2023-09-14 09:00:50,959 [main] INFO  net.NetworkTopologyImpl (NetworkTopologyImpl.java:add(112)) - Added a new node: /default-rack/c5358bca-cebb-4ece-a302-275863021df8
2023-09-14 09:00:50,959 [main] INFO  net.NetworkTopologyImpl (NetworkTopologyImpl.java:add(112)) - Added a new node: /default-rack/bf277653-118d-41e1-a367-308c9d0dd363
2023-09-14 09:00:50,959 [main] INFO  net.NetworkTopologyImpl (NetworkTopologyImpl.java:add(112)) - Added a new node: /default-rack/de18924e-b2b2-4488-b15a-3589461f9ccd
2023-09-14 09:00:50,959 [main] INFO  net.NetworkTopologyImpl (NetworkTopologyImpl.java:add(112)) - Added a new node: /default-rack/d5d7c5a4-0235-4b5e-83fa-e5e30ee54cfa
2023-09-14 09:00:50,959 [main] INFO  algorithms.ContainerPlacementPolicyFactory (ContainerPlacementPolicyFactory.java:getPolicyInternal(86)) - Create container placement policy of type org.apache.hadoop.hdds.scm.container.placement.algorithms.SCMContainerPlacementRackAware
2023-09-14 09:00:50,959 [main] INFO  algorithms.ContainerPlacementPolicyFactory (ContainerPlacementPolicyFactory.java:getPolicyInternal(86)) - Create container placement policy of type org.apache.hadoop.hdds.scm.container.placement.algorithms.SCMContainerPlacementRackScatter
2023-09-14 09:00:50,965 [main] DEBUG balancer.ContainerBalancerTask (ContainerBalancerTask.java:initializeIteration(374)) - Average utilization of the cluster is 0.35074771800404564
2023-09-14 09:00:50,965 [main] DEBUG balancer.ContainerBalancerTask (ContainerBalancerTask.java:initializeIteration(386)) - Lower limit for utilization is 0.34074771800404563 and Upper limit for utilization is 0.36074771800404565
2023-09-14 09:00:50,965 [main] DEBUG balancer.ContainerBalancerTask (ContainerBalancerTask.java:initializeIteration(398)) - Utilization for node 1ea31a44-fa61-438c-b245-560cb374ca30 with capacity 71582788266B, used 64424509440B, and remaining 7158278826B is 0.9000000000083819
2023-09-14 09:00:50,965 [main] DEBUG balancer.ContainerBalancerTask (ContainerBalancerTask.java:initializeIteration(398)) - Utilization for node d5d7c5a4-0235-4b5e-83fa-e5e30ee54cfa with capacity 67108864000B, used 53687091200B, and remaining 13421772800B is 0.8
2023-09-14 09:00:50,965 [main] DEBUG balancer.ContainerBalancerTask (ContainerBalancerTask.java:initializeIteration(398)) - Utilization for node c4b6ab0d-29e0-4234-9c60-d38b4f7bb289 with capacity 56754924982B, used 39728447488B, and remaining 17026477494B is 0.7000000000105717
2023-09-14 09:00:50,965 [main] DEBUG balancer.ContainerBalancerTask (ContainerBalancerTask.java:initializeIteration(398)) - Utilization for node de18924e-b2b2-4488-b15a-3589461f9ccd with capacity 94847194453B, used 56908316672B, and remaining 37938877781B is 0.6000000000021086
2023-09-14 09:00:50,965 [main] DEBUG balancer.ContainerBalancerTask (ContainerBalancerTask.java:initializeIteration(398)) - Utilization for node 77300992-d8ea-44ff-b60b-1e0b13608e80 with capacity 83751862272B, used 41875931136B, and remaining 41875931136B is 0.5
2023-09-14 09:00:50,965 [main] DEBUG balancer.ContainerBalancerTask (ContainerBalancerTask.java:initializeIteration(398)) - Utilization for node c5358bca-cebb-4ece-a302-275863021df8 with capacity 118111600640B, used 47244640256B, and remaining 70866960384B is 0.4
2023-09-14 09:00:50,965 [main] DEBUG balancer.ContainerBalancerTask (ContainerBalancerTask.java:initializeIteration(398)) - Utilization for node 2fa55d91-6ed6-4dac-a24f-4aa08b38566b with capacity 150323855360B, used 45097156608B, and remaining 105226698752B is 0.3
2023-09-14 09:00:50,965 [main] DEBUG balancer.ContainerBalancerTask (ContainerBalancerTask.java:initializeIteration(398)) - Utilization for node bf277653-118d-41e1-a367-308c9d0dd363 with capacity 166429982720B, used 33285996544B, and remaining 133143986176B is 0.2
2023-09-14 09:00:50,966 [main] DEBUG balancer.ContainerBalancerTask (ContainerBalancerTask.java:initializeIteration(398)) - Utilization for node 4c7cbbeb-d330-4b8f-a06f-2d9da1ce1a27 with capacity 332859965440B, used 33285996544B, and remaining 299573968896B is 0.1
2023-09-14 09:00:50,966 [main] DEBUG balancer.ContainerBalancerTask (ContainerBalancerTask.java:initializeIteration(398)) - Utilization for node 1de9a46e-da37-456f-8c41-9c7758ecc811 with capacity 42949672960B, used 0B, and remaining 42949672960B is 0.0
2023-09-14 09:00:50,966 [main] INFO  balancer.ContainerBalancerTask (ContainerBalancerTask.java:initializeIteration(447)) - Container Balancer has identified 6 Over-Utilized and 4 Under-Utilized Datanodes that need to be balanced.
2023-09-14 09:00:50,966 [main] DEBUG balancer.ContainerBalancerTask (ContainerBalancerTask.java:lambda$initializeIteration$1(453)) - Datanode localhost-180.63.97.21 1ea31a44-fa61-438c-b245-560cb374ca30 is Over-Utilized.
2023-09-14 09:00:50,966 [main] DEBUG balancer.ContainerBalancerTask (ContainerBalancerTask.java:lambda$initializeIteration$1(453)) - Datanode localhost-226.188.221.131 d5d7c5a4-0235-4b5e-83fa-e5e30ee54cfa is Over-Utilized.
2023-09-14 09:00:50,966 [main] DEBUG balancer.ContainerBalancerTask (ContainerBalancerTask.java:lambda$initializeIteration$1(453)) - Datanode localhost-143.99.115.250 c4b6ab0d-29e0-4234-9c60-d38b4f7bb289 is Over-Utilized.
2023-09-14 09:00:50,966 [main] DEBUG balancer.ContainerBalancerTask (ContainerBalancerTask.java:lambda$initializeIteration$1(453)) - Datanode localhost-152.203.101.121 de18924e-b2b2-4488-b15a-3589461f9ccd is Over-Utilized.
2023-09-14 09:00:50,966 [main] DEBUG balancer.ContainerBalancerTask (ContainerBalancerTask.java:lambda$initializeIteration$1(453)) - Datanode localhost-87.230.118.76 77300992-d8ea-44ff-b60b-1e0b13608e80 is Over-Utilized.
2023-09-14 09:00:50,966 [main] DEBUG balancer.ContainerBalancerTask (ContainerBalancerTask.java:lambda$initializeIteration$1(453)) - Datanode localhost-23.53.226.172 c5358bca-cebb-4ece-a302-275863021df8 is Over-Utilized.
2023-09-14 09:00:50,966 [main] DEBUG balancer.ContainerBalancerTask (ContainerBalancerTask.java:lambda$initializeIteration$2(459)) - Datanode localhost-120.120.15.98 1de9a46e-da37-456f-8c41-9c7758ecc811 is Under-Utilized.
2023-09-14 09:00:50,966 [main] DEBUG balancer.ContainerBalancerTask (ContainerBalancerTask.java:lambda$initializeIteration$2(459)) - Datanode localhost-247.153.81.124 4c7cbbeb-d330-4b8f-a06f-2d9da1ce1a27 is Under-Utilized.
2023-09-14 09:00:50,967 [main] DEBUG balancer.ContainerBalancerTask (ContainerBalancerTask.java:lambda$initializeIteration$2(459)) - Datanode localhost-246.28.32.127 bf277653-118d-41e1-a367-308c9d0dd363 is Under-Utilized.
2023-09-14 09:00:50,967 [main] DEBUG balancer.ContainerBalancerTask (ContainerBalancerTask.java:lambda$initializeIteration$2(459)) - Datanode localhost-169.79.90.124 2fa55d91-6ed6-4dac-a24f-4aa08b38566b is Under-Utilized.
2023-09-14 09:00:50,969 [main] DEBUG balancer.ContainerBalancerTask (ContainerBalancerTask.java:matchSourceWithTarget(708)) - ContainerBalancer is finding suitable target for source datanode 1ea31a44-fa61-438c-b245-560cb374ca30
2023-09-14 09:00:50,970 [main] INFO  balancer.ContainerBalancerTask (ContainerBalancerTask.java:matchSourceWithTarget(722)) - ContainerBalancer matched source datanode 1ea31a44-fa61-438c-b245-560cb374ca30 with target datanode 1de9a46e-da37-456f-8c41-9c7758ecc811 for container move.
2023-09-14 09:00:50,970 [main] INFO  balancer.ContainerBalancerTask (ContainerBalancerTask.java:processMoveSelection(569)) - ContainerBalancer is trying to move container #85 with size 5368709120B from source datanode 1ea31a44-fa61-438c-b245-560cb374ca30 to target datanode 1de9a46e-da37-456f-8c41-9c7758ecc811
2023-09-14 09:00:50,970 [main] DEBUG balancer.ContainerBalancerTask (ContainerBalancerTask.java:lambda$moveContainer$3(837)) - Container move completed for container #85 from source 1ea31a44-fa61-438c-b245-560cb374ca30 to target 1de9a46e-da37-456f-8c41-9c7758ecc811
2023-09-14 09:00:50,973 [main] DEBUG balancer.ContainerBalancerTask (ContainerBalancerTask.java:matchSourceWithTarget(708)) - ContainerBalancer is finding suitable target for source datanode 1ea31a44-fa61-438c-b245-560cb374ca30
2023-09-14 09:00:50,973 [main] INFO  balancer.ContainerBalancerTask (ContainerBalancerTask.java:matchSourceWithTarget(722)) - ContainerBalancer matched source datanode 1ea31a44-fa61-438c-b245-560cb374ca30 with target datanode 4c7cbbeb-d330-4b8f-a06f-2d9da1ce1a27 for container move.
2023-09-14 09:00:50,973 [main] INFO  balancer.ContainerBalancerTask (ContainerBalancerTask.java:processMoveSelection(569)) - ContainerBalancer is trying to move container #89 with size 4294967296B from source datanode 1ea31a44-fa61-438c-b245-560cb374ca30 to target datanode 4c7cbbeb-d330-4b8f-a06f-2d9da1ce1a27
2023-09-14 09:00:50,973 [main] DEBUG balancer.ContainerBalancerTask (ContainerBalancerTask.java:lambda$moveContainer$3(837)) - Container move completed for container #89 from source 1ea31a44-fa61-438c-b245-560cb374ca30 to target 4c7cbbeb-d330-4b8f-a06f-2d9da1ce1a27
2023-09-14 09:00:50,974 [main] DEBUG balancer.ContainerBalancerTask (ContainerBalancerTask.java:adaptWhenNearingIterationLimits(756)) - Approaching max datanodes to involve limit. 3 datanodes have already been selected for balancing and the limit is 4. Only already selected targets can be selected as targets now.
2023-09-14 09:00:50,976 [main] DEBUG balancer.ContainerBalancerTask (ContainerBalancerTask.java:matchSourceWithTarget(708)) - ContainerBalancer is finding suitable target for source datanode d5d7c5a4-0235-4b5e-83fa-e5e30ee54cfa
2023-09-14 09:00:50,976 [main] INFO  balancer.ContainerBalancerTask (ContainerBalancerTask.java:matchSourceWithTarget(722)) - ContainerBalancer matched source datanode d5d7c5a4-0235-4b5e-83fa-e5e30ee54cfa with target datanode 4c7cbbeb-d330-4b8f-a06f-2d9da1ce1a27 for container move.
2023-09-14 09:00:50,976 [main] INFO  balancer.ContainerBalancerTask (ContainerBalancerTask.java:processMoveSelection(569)) - ContainerBalancer is trying to move container #68 with size 5368709120B from source datanode d5d7c5a4-0235-4b5e-83fa-e5e30ee54cfa to target datanode 4c7cbbeb-d330-4b8f-a06f-2d9da1ce1a27
2023-09-14 09:00:50,976 [main] DEBUG balancer.ContainerBalancerTask (ContainerBalancerTask.java:lambda$moveContainer$3(837)) - Container move completed for container #68 from source d5d7c5a4-0235-4b5e-83fa-e5e30ee54cfa to target 4c7cbbeb-d330-4b8f-a06f-2d9da1ce1a27
2023-09-14 09:00:50,977 [main] DEBUG balancer.ContainerBalancerTask (ContainerBalancerTask.java:adaptOnReachingIterationLimits(782)) - Reached max datanodes to involve limit. 4 datanodes have already been selected for balancing and the limit is 4. Only already selected sources and targets can be involved in balancing now.
2023-09-14 09:00:50,979 [main] DEBUG balancer.ContainerBalancerTask (ContainerBalancerTask.java:matchSourceWithTarget(708)) - ContainerBalancer is finding suitable target for source datanode 1ea31a44-fa61-438c-b245-560cb374ca30
2023-09-14 09:00:50,980 [main] INFO  balancer.ContainerBalancerTask (ContainerBalancerTask.java:matchSourceWithTarget(722)) - ContainerBalancer matched source datanode 1ea31a44-fa61-438c-b245-560cb374ca30 with target datanode 1de9a46e-da37-456f-8c41-9c7758ecc811 for container move.
2023-09-14 09:00:50,980 [main] INFO  balancer.ContainerBalancerTask (ContainerBalancerTask.java:processMoveSelection(569)) - ContainerBalancer is trying to move container #40 with size 5368709120B from source datanode 1ea31a44-fa61-438c-b245-560cb374ca30 to target datanode 1de9a46e-da37-456f-8c41-9c7758ecc811
2023-09-14 09:00:50,980 [main] DEBUG balancer.ContainerBalancerTask (ContainerBalancerTask.java:lambda$moveContainer$3(837)) - Container move completed for container #40 from source 1ea31a44-fa61-438c-b245-560cb374ca30 to target 1de9a46e-da37-456f-8c41-9c7758ecc811
2023-09-14 09:00:50,982 [main] DEBUG balancer.ContainerBalancerTask (ContainerBalancerTask.java:matchSourceWithTarget(708)) - ContainerBalancer is finding suitable target for source datanode d5d7c5a4-0235-4b5e-83fa-e5e30ee54cfa
2023-09-14 09:00:50,983 [main] INFO  balancer.ContainerBalancerTask (ContainerBalancerTask.java:matchSourceWithTarget(722)) - ContainerBalancer matched source datanode d5d7c5a4-0235-4b5e-83fa-e5e30ee54cfa with target datanode 4c7cbbeb-d330-4b8f-a06f-2d9da1ce1a27 for container move.
2023-09-14 09:00:50,983 [main] INFO  balancer.ContainerBalancerTask (ContainerBalancerTask.java:processMoveSelection(569)) - ContainerBalancer is trying to move container #53 with size 5368709120B from source datanode d5d7c5a4-0235-4b5e-83fa-e5e30ee54cfa to target datanode 4c7cbbeb-d330-4b8f-a06f-2d9da1ce1a27
2023-09-14 09:00:50,983 [main] DEBUG balancer.ContainerBalancerTask (ContainerBalancerTask.java:lambda$moveContainer$3(837)) - Container move completed for container #53 from source d5d7c5a4-0235-4b5e-83fa-e5e30ee54cfa to target 4c7cbbeb-d330-4b8f-a06f-2d9da1ce1a27
2023-09-14 09:00:50,986 [main] DEBUG balancer.ContainerBalancerTask (ContainerBalancerTask.java:matchSourceWithTarget(708)) - ContainerBalancer is finding suitable target for source datanode 1ea31a44-fa61-438c-b245-560cb374ca30
2023-09-14 09:00:50,986 [main] INFO  balancer.ContainerBalancerTask (ContainerBalancerTask.java:matchSourceWithTarget(722)) - ContainerBalancer matched source datanode 1ea31a44-fa61-438c-b245-560cb374ca30 with target datanode 4c7cbbeb-d330-4b8f-a06f-2d9da1ce1a27 for container move.
2023-09-14 09:00:50,986 [main] INFO  balancer.ContainerBalancerTask (ContainerBalancerTask.java:processMoveSelection(569)) - ContainerBalancer is trying to move container #84 with size 4294967296B from source datanode 1ea31a44-fa61-438c-b245-560cb374ca30 to target datanode 4c7cbbeb-d330-4b8f-a06f-2d9da1ce1a27
2023-09-14 09:00:50,986 [main] DEBUG balancer.ContainerBalancerTask (ContainerBalancerTask.java:lambda$moveContainer$3(837)) - Container move completed for container #84 from source 1ea31a44-fa61-438c-b245-560cb374ca30 to target 4c7cbbeb-d330-4b8f-a06f-2d9da1ce1a27
2023-09-14 09:00:50,989 [main] DEBUG balancer.ContainerBalancerTask (ContainerBalancerTask.java:matchSourceWithTarget(708)) - ContainerBalancer is finding suitable target for source datanode d5d7c5a4-0235-4b5e-83fa-e5e30ee54cfa
2023-09-14 09:00:50,989 [main] INFO  balancer.ContainerBalancerTask (ContainerBalancerTask.java:matchSourceWithTarget(722)) - ContainerBalancer matched source datanode d5d7c5a4-0235-4b5e-83fa-e5e30ee54cfa with target datanode 4c7cbbeb-d330-4b8f-a06f-2d9da1ce1a27 for container move.
2023-09-14 09:00:50,989 [main] INFO  balancer.ContainerBalancerTask (ContainerBalancerTask.java:processMoveSelection(569)) - ContainerBalancer is trying to move container #67 with size 4294967296B from source datanode d5d7c5a4-0235-4b5e-83fa-e5e30ee54cfa to target datanode 4c7cbbeb-d330-4b8f-a06f-2d9da1ce1a27
2023-09-14 09:00:50,990 [main] DEBUG balancer.ContainerBalancerTask (ContainerBalancerTask.java:lambda$moveContainer$3(837)) - Container move completed for container #67 from source d5d7c5a4-0235-4b5e-83fa-e5e30ee54cfa to target 4c7cbbeb-d330-4b8f-a06f-2d9da1ce1a27
2023-09-14 09:00:50,993 [main] DEBUG balancer.ContainerBalancerTask (ContainerBalancerTask.java:matchSourceWithTarget(708)) - ContainerBalancer is finding suitable target for source datanode 1ea31a44-fa61-438c-b245-560cb374ca30
2023-09-14 09:00:50,993 [main] INFO  balancer.ContainerBalancerTask (ContainerBalancerTask.java:matchSourceWithTarget(722)) - ContainerBalancer matched source datanode 1ea31a44-fa61-438c-b245-560cb374ca30 with target datanode 4c7cbbeb-d330-4b8f-a06f-2d9da1ce1a27 for container move.
2023-09-14 09:00:50,993 [main] INFO  balancer.ContainerBalancerTask (ContainerBalancerTask.java:processMoveSelection(569)) - ContainerBalancer is trying to move container #52 with size 4294967296B from source datanode 1ea31a44-fa61-438c-b245-560cb374ca30 to target datanode 4c7cbbeb-d330-4b8f-a06f-2d9da1ce1a27
2023-09-14 09:00:50,993 [main] DEBUG balancer.ContainerBalancerTask (ContainerBalancerTask.java:lambda$moveContainer$3(837)) - Container move completed for container #52 from source 1ea31a44-fa61-438c-b245-560cb374ca30 to target 4c7cbbeb-d330-4b8f-a06f-2d9da1ce1a27
2023-09-14 09:00:50,996 [main] DEBUG balancer.ContainerBalancerTask (ContainerBalancerTask.java:matchSourceWithTarget(708)) - ContainerBalancer is finding suitable target for source datanode d5d7c5a4-0235-4b5e-83fa-e5e30ee54cfa
2023-09-14 09:00:50,996 [main] INFO  balancer.ContainerBalancerTask (ContainerBalancerTask.java:matchSourceWithTarget(722)) - ContainerBalancer matched source datanode d5d7c5a4-0235-4b5e-83fa-e5e30ee54cfa with target datanode 4c7cbbeb-d330-4b8f-a06f-2d9da1ce1a27 for container move.
2023-09-14 09:00:50,996 [main] INFO  balancer.ContainerBalancerTask (ContainerBalancerTask.java:processMoveSelection(569)) - ContainerBalancer is trying to move container #28 with size 4294967296B from source datanode d5d7c5a4-0235-4b5e-83fa-e5e30ee54cfa to target datanode 4c7cbbeb-d330-4b8f-a06f-2d9da1ce1a27
2023-09-14 09:00:50,996 [main] DEBUG balancer.ContainerBalancerTask (ContainerBalancerTask.java:lambda$moveContainer$3(837)) - Container move completed for container #28 from source d5d7c5a4-0235-4b5e-83fa-e5e30ee54cfa to target 4c7cbbeb-d330-4b8f-a06f-2d9da1ce1a27
2023-09-14 09:00:51,000 [main] DEBUG balancer.ContainerBalancerTask (ContainerBalancerTask.java:matchSourceWithTarget(708)) - ContainerBalancer is finding suitable target for source datanode 1ea31a44-fa61-438c-b245-560cb374ca30
2023-09-14 09:00:51,000 [main] INFO  balancer.ContainerBalancerTask (ContainerBalancerTask.java:matchSourceWithTarget(722)) - ContainerBalancer matched source datanode 1ea31a44-fa61-438c-b245-560cb374ca30 with target datanode 4c7cbbeb-d330-4b8f-a06f-2d9da1ce1a27 for container move.
2023-09-14 09:00:51,000 [main] INFO  balancer.ContainerBalancerTask (ContainerBalancerTask.java:processMoveSelection(569)) - ContainerBalancer is trying to move container #19 with size 4294967296B from source datanode 1ea31a44-fa61-438c-b245-560cb374ca30 to target datanode 4c7cbbeb-d330-4b8f-a06f-2d9da1ce1a27
2023-09-14 09:00:51,000 [main] DEBUG balancer.ContainerBalancerTask (ContainerBalancerTask.java:lambda$moveContainer$3(837)) - Container move completed for container #19 from source 1ea31a44-fa61-438c-b245-560cb374ca30 to target 4c7cbbeb-d330-4b8f-a06f-2d9da1ce1a27
2023-09-14 09:00:51,003 [main] DEBUG balancer.ContainerBalancerTask (ContainerBalancerTask.java:matchSourceWithTarget(708)) - ContainerBalancer is finding suitable target for source datanode d5d7c5a4-0235-4b5e-83fa-e5e30ee54cfa
2023-09-14 09:00:51,003 [main] INFO  balancer.ContainerBalancerTask (ContainerBalancerTask.java:matchSourceWithTarget(722)) - ContainerBalancer matched source datanode d5d7c5a4-0235-4b5e-83fa-e5e30ee54cfa with target datanode 4c7cbbeb-d330-4b8f-a06f-2d9da1ce1a27 for container move.
2023-09-14 09:00:51,003 [main] INFO  balancer.ContainerBalancerTask (ContainerBalancerTask.java:processMoveSelection(569)) - ContainerBalancer is trying to move container #83 with size 3221225472B from source datanode d5d7c5a4-0235-4b5e-83fa-e5e30ee54cfa to target datanode 4c7cbbeb-d330-4b8f-a06f-2d9da1ce1a27
2023-09-14 09:00:51,003 [main] DEBUG balancer.ContainerBalancerTask (ContainerBalancerTask.java:lambda$moveContainer$3(837)) - Container move completed for container #83 from source d5d7c5a4-0235-4b5e-83fa-e5e30ee54cfa to target 4c7cbbeb-d330-4b8f-a06f-2d9da1ce1a27
2023-09-14 09:00:51,007 [main] DEBUG balancer.ContainerBalancerTask (ContainerBalancerTask.java:matchSourceWithTarget(701)) - ContainerBalancer could not find any candidate containers for datanode 1ea31a44-fa61-438c-b245-560cb374ca30
2023-09-14 09:00:51,009 [main] DEBUG balancer.ContainerBalancerTask (ContainerBalancerTask.java:matchSourceWithTarget(708)) - ContainerBalancer is finding suitable target for source datanode d5d7c5a4-0235-4b5e-83fa-e5e30ee54cfa
2023-09-14 09:00:51,010 [main] INFO  balancer.ContainerBalancerTask (ContainerBalancerTask.java:matchSourceWithTarget(722)) - ContainerBalancer matched source datanode d5d7c5a4-0235-4b5e-83fa-e5e30ee54cfa with target datanode 4c7cbbeb-d330-4b8f-a06f-2d9da1ce1a27 for container move.
2023-09-14 09:00:51,010 [main] INFO  balancer.ContainerBalancerTask (ContainerBalancerTask.java:processMoveSelection(569)) - ContainerBalancer is trying to move container #71 with size 3221225472B from source datanode d5d7c5a4-0235-4b5e-83fa-e5e30ee54cfa to target datanode 4c7cbbeb-d330-4b8f-a06f-2d9da1ce1a27
2023-09-14 09:00:51,010 [main] DEBUG balancer.ContainerBalancerTask (ContainerBalancerTask.java:lambda$moveContainer$3(837)) - Container move completed for container #71 from source d5d7c5a4-0235-4b5e-83fa-e5e30ee54cfa to target 4c7cbbeb-d330-4b8f-a06f-2d9da1ce1a27
2023-09-14 09:00:51,013 [main] DEBUG balancer.ContainerBalancerTask (ContainerBalancerTask.java:matchSourceWithTarget(708)) - ContainerBalancer is finding suitable target for source datanode d5d7c5a4-0235-4b5e-83fa-e5e30ee54cfa
2023-09-14 09:00:51,013 [main] INFO  balancer.ContainerBalancerTask (ContainerBalancerTask.java:matchSourceWithTarget(722)) - ContainerBalancer matched source datanode d5d7c5a4-0235-4b5e-83fa-e5e30ee54cfa with target datanode 4c7cbbeb-d330-4b8f-a06f-2d9da1ce1a27 for container move.
2023-09-14 09:00:51,013 [main] INFO  balancer.ContainerBalancerTask (ContainerBalancerTask.java:processMoveSelection(569)) - ContainerBalancer is trying to move container #87 with size 2147483648B from source datanode d5d7c5a4-0235-4b5e-83fa-e5e30ee54cfa to target datanode 4c7cbbeb-d330-4b8f-a06f-2d9da1ce1a27
2023-09-14 09:00:51,013 [main] DEBUG balancer.ContainerBalancerTask (ContainerBalancerTask.java:lambda$moveContainer$3(837)) - Container move completed for container #87 from source d5d7c5a4-0235-4b5e-83fa-e5e30ee54cfa to target 4c7cbbeb-d330-4b8f-a06f-2d9da1ce1a27
2023-09-14 09:00:51,016 [main] DEBUG balancer.ContainerBalancerTask (ContainerBalancerTask.java:matchSourceWithTarget(701)) - ContainerBalancer could not find any candidate containers for datanode d5d7c5a4-0235-4b5e-83fa-e5e30ee54cfa
2023-09-14 09:00:51,016 [main] INFO  balancer.FindSourceGreedy (FindSourceGreedy.java:getNextCandidateSourceDataNode(126)) - no more candidate source data node
2023-09-14 09:00:51,016 [main] INFO  balancer.ContainerBalancerTask (ContainerBalancerTask.java:checkIterationMoveResults(642)) - Iteration Summary. Number of Datanodes involved: 4. Size moved: 52 GB (55834574848 Bytes). Number of Container moves completed: 13.
2023-09-14 09:00:51,016 [main] INFO  balancer.ContainerBalancerTask (ContainerBalancerTask.java:balance(259)) - Result of this iteration of Container Balancer: ITERATION_COMPLETED
2023-09-14 09:00:51,017 [main] INFO  balancer.ContainerBalancerTask (ContainerBalancerTask.java:tryStopWithSaveConfiguration(308)) - Save Configuration for stopping. Reason: Completed all iterations.
]]></system-out>
  </testcase>
  <testcase name="testBalancerWithMoveManager" classname="org.apache.hadoop.hdds.scm.container.balancer.TestContainerBalancerTask" time="0.09">
    <system-out><![CDATA[2023-09-14 09:00:51,048 [main] INFO  net.NodeSchemaLoader (NodeSchemaLoader.java:loadSchemaFromFile(129)) - Loading schema from [file:/home/runner/work/ozone/ozone/hadoop-hdds/common/target/classes/network-topology-default.xml]
2023-09-14 09:00:51,048 [main] INFO  net.NodeSchemaLoader (NodeSchemaLoader.java:loadSchema(176)) - Loading network topology layer schema file
2023-09-14 09:00:51,050 [main] INFO  net.NetworkTopologyImpl (NetworkTopologyImpl.java:add(112)) - Added a new node: /default-rack/0caa41c1-090d-454f-85a5-22d4e54b15e2
2023-09-14 09:00:51,050 [main] INFO  net.NetworkTopologyImpl (NetworkTopologyImpl.java:add(112)) - Added a new node: /default-rack/d42a4a5c-6897-4b89-98f2-da67272f7890
2023-09-14 09:00:51,050 [main] INFO  net.NetworkTopologyImpl (NetworkTopologyImpl.java:add(112)) - Added a new node: /default-rack/e6bce855-0126-430d-83a5-997907ef4cf2
2023-09-14 09:00:51,050 [main] INFO  net.NetworkTopologyImpl (NetworkTopologyImpl.java:add(112)) - Added a new node: /default-rack/146d3a3e-254e-40ef-a277-270fa34971b7
2023-09-14 09:00:51,050 [main] INFO  net.NetworkTopologyImpl (NetworkTopologyImpl.java:add(112)) - Added a new node: /default-rack/dccac18a-3738-42ca-ab95-09b28ceb0676
2023-09-14 09:00:51,051 [main] INFO  net.NetworkTopologyImpl (NetworkTopologyImpl.java:add(112)) - Added a new node: /default-rack/131e65f5-25fe-4250-be1c-c63ee4cb65d6
2023-09-14 09:00:51,051 [main] INFO  net.NetworkTopologyImpl (NetworkTopologyImpl.java:add(112)) - Added a new node: /default-rack/3e9034ce-302c-4f47-aa7d-73c1d94babdc
2023-09-14 09:00:51,051 [main] INFO  net.NetworkTopologyImpl (NetworkTopologyImpl.java:add(112)) - Added a new node: /default-rack/b621092d-3727-48f0-b71d-a6924e8b1750
2023-09-14 09:00:51,051 [main] INFO  net.NetworkTopologyImpl (NetworkTopologyImpl.java:add(112)) - Added a new node: /default-rack/9b080203-a088-4376-bee4-c4d4d30aa1d0
2023-09-14 09:00:51,051 [main] INFO  net.NetworkTopologyImpl (NetworkTopologyImpl.java:add(112)) - Added a new node: /default-rack/0cd45298-3d57-467b-848a-80a30ee54893
2023-09-14 09:00:51,051 [main] INFO  algorithms.ContainerPlacementPolicyFactory (ContainerPlacementPolicyFactory.java:getPolicyInternal(86)) - Create container placement policy of type org.apache.hadoop.hdds.scm.container.placement.algorithms.SCMContainerPlacementRackAware
2023-09-14 09:00:51,052 [main] INFO  algorithms.ContainerPlacementPolicyFactory (ContainerPlacementPolicyFactory.java:getPolicyInternal(86)) - Create container placement policy of type org.apache.hadoop.hdds.scm.container.placement.algorithms.SCMContainerPlacementRackScatter
2023-09-14 09:00:51,055 [main] DEBUG balancer.ContainerBalancerTask (ContainerBalancerTask.java:initializeIteration(374)) - Average utilization of the cluster is 0.3205978064363851
2023-09-14 09:00:51,055 [main] DEBUG balancer.ContainerBalancerTask (ContainerBalancerTask.java:initializeIteration(386)) - Lower limit for utilization is 0.22059780643638507 and Upper limit for utilization is 0.4205978064363851
2023-09-14 09:00:51,055 [main] DEBUG balancer.ContainerBalancerTask (ContainerBalancerTask.java:initializeIteration(398)) - Utilization for node 131e65f5-25fe-4250-be1c-c63ee4cb65d6 with capacity 68003648853B, used 61203283968B, and remaining 6800364885B is 0.9000000000044115
2023-09-14 09:00:51,055 [main] DEBUG balancer.ContainerBalancerTask (ContainerBalancerTask.java:initializeIteration(398)) - Utilization for node 0cd45298-3d57-467b-848a-80a30ee54893 with capacity 40265318400B, used 32212254720B, and remaining 8053063680B is 0.8
2023-09-14 09:00:51,056 [main] DEBUG balancer.ContainerBalancerTask (ContainerBalancerTask.java:initializeIteration(398)) - Utilization for node e6bce855-0126-430d-83a5-997907ef4cf2 with capacity 90501096594B, used 63350767616B, and remaining 27150328978B is 0.70000000000221
2023-09-14 09:00:51,056 [main] DEBUG balancer.ContainerBalancerTask (ContainerBalancerTask.java:initializeIteration(398)) - Utilization for node dccac18a-3738-42ca-ab95-09b28ceb0676 with capacity 71582788266B, used 42949672960B, and remaining 28633115306B is 0.600000000005588
2023-09-14 09:00:51,056 [main] DEBUG balancer.ContainerBalancerTask (ContainerBalancerTask.java:initializeIteration(398)) - Utilization for node 3e9034ce-302c-4f47-aa7d-73c1d94babdc with capacity 96636764160B, used 48318382080B, and remaining 48318382080B is 0.5
2023-09-14 09:00:51,056 [main] DEBUG balancer.ContainerBalancerTask (ContainerBalancerTask.java:initializeIteration(398)) - Utilization for node 0caa41c1-090d-454f-85a5-22d4e54b15e2 with capacity 99321118720B, used 39728447488B, and remaining 59592671232B is 0.4
2023-09-14 09:00:51,056 [main] DEBUG balancer.ContainerBalancerTask (ContainerBalancerTask.java:initializeIteration(398)) - Utilization for node 146d3a3e-254e-40ef-a277-270fa34971b7 with capacity 128849018880B, used 38654705664B, and remaining 90194313216B is 0.3
2023-09-14 09:00:51,056 [main] DEBUG balancer.ContainerBalancerTask (ContainerBalancerTask.java:initializeIteration(398)) - Utilization for node 9b080203-a088-4376-bee4-c4d4d30aa1d0 with capacity 198642237440B, used 39728447488B, and remaining 158913789952B is 0.2
2023-09-14 09:00:51,056 [main] DEBUG balancer.ContainerBalancerTask (ContainerBalancerTask.java:initializeIteration(398)) - Utilization for node b621092d-3727-48f0-b71d-a6924e8b1750 with capacity 418759311360B, used 41875931136B, and remaining 376883380224B is 0.1
2023-09-14 09:00:51,056 [main] DEBUG balancer.ContainerBalancerTask (ContainerBalancerTask.java:initializeIteration(398)) - Utilization for node d42a4a5c-6897-4b89-98f2-da67272f7890 with capacity 60129542144B, used 0B, and remaining 60129542144B is 0.0
2023-09-14 09:00:51,056 [main] INFO  balancer.ContainerBalancerTask (ContainerBalancerTask.java:initializeIteration(447)) - Container Balancer has identified 5 Over-Utilized and 3 Under-Utilized Datanodes that need to be balanced.
2023-09-14 09:00:51,056 [main] DEBUG balancer.ContainerBalancerTask (ContainerBalancerTask.java:lambda$initializeIteration$1(453)) - Datanode localhost-77.214.236.9 131e65f5-25fe-4250-be1c-c63ee4cb65d6 is Over-Utilized.
2023-09-14 09:00:51,056 [main] DEBUG balancer.ContainerBalancerTask (ContainerBalancerTask.java:lambda$initializeIteration$1(453)) - Datanode localhost-99.45.55.108 0cd45298-3d57-467b-848a-80a30ee54893 is Over-Utilized.
2023-09-14 09:00:51,056 [main] DEBUG balancer.ContainerBalancerTask (ContainerBalancerTask.java:lambda$initializeIteration$1(453)) - Datanode localhost-197.235.128.192 e6bce855-0126-430d-83a5-997907ef4cf2 is Over-Utilized.
2023-09-14 09:00:51,057 [main] DEBUG balancer.ContainerBalancerTask (ContainerBalancerTask.java:lambda$initializeIteration$1(453)) - Datanode localhost-203.212.33.184 dccac18a-3738-42ca-ab95-09b28ceb0676 is Over-Utilized.
2023-09-14 09:00:51,057 [main] DEBUG balancer.ContainerBalancerTask (ContainerBalancerTask.java:lambda$initializeIteration$1(453)) - Datanode localhost-1.148.58.154 3e9034ce-302c-4f47-aa7d-73c1d94babdc is Over-Utilized.
2023-09-14 09:00:51,057 [main] DEBUG balancer.ContainerBalancerTask (ContainerBalancerTask.java:lambda$initializeIteration$2(459)) - Datanode localhost-207.110.101.90 d42a4a5c-6897-4b89-98f2-da67272f7890 is Under-Utilized.
2023-09-14 09:00:51,057 [main] DEBUG balancer.ContainerBalancerTask (ContainerBalancerTask.java:lambda$initializeIteration$2(459)) - Datanode localhost-224.197.216.144 b621092d-3727-48f0-b71d-a6924e8b1750 is Under-Utilized.
2023-09-14 09:00:51,057 [main] DEBUG balancer.ContainerBalancerTask (ContainerBalancerTask.java:lambda$initializeIteration$2(459)) - Datanode localhost-16.135.250.184 9b080203-a088-4376-bee4-c4d4d30aa1d0 is Under-Utilized.
2023-09-14 09:00:51,060 [main] DEBUG balancer.ContainerBalancerTask (ContainerBalancerTask.java:matchSourceWithTarget(708)) - ContainerBalancer is finding suitable target for source datanode 131e65f5-25fe-4250-be1c-c63ee4cb65d6
2023-09-14 09:00:51,060 [main] INFO  balancer.ContainerBalancerTask (ContainerBalancerTask.java:matchSourceWithTarget(722)) - ContainerBalancer matched source datanode 131e65f5-25fe-4250-be1c-c63ee4cb65d6 with target datanode d42a4a5c-6897-4b89-98f2-da67272f7890 for container move.
2023-09-14 09:00:51,060 [main] INFO  balancer.ContainerBalancerTask (ContainerBalancerTask.java:processMoveSelection(569)) - ContainerBalancer is trying to move container #85 with size 5368709120B from source datanode 131e65f5-25fe-4250-be1c-c63ee4cb65d6 to target datanode d42a4a5c-6897-4b89-98f2-da67272f7890
2023-09-14 09:00:51,061 [main] DEBUG balancer.ContainerBalancerTask (ContainerBalancerTask.java:lambda$moveContainer$3(837)) - Container move completed for container #85 from source 131e65f5-25fe-4250-be1c-c63ee4cb65d6 to target d42a4a5c-6897-4b89-98f2-da67272f7890
2023-09-14 09:00:51,063 [main] DEBUG balancer.ContainerBalancerTask (ContainerBalancerTask.java:matchSourceWithTarget(708)) - ContainerBalancer is finding suitable target for source datanode 131e65f5-25fe-4250-be1c-c63ee4cb65d6
2023-09-14 09:00:51,064 [main] INFO  balancer.ContainerBalancerTask (ContainerBalancerTask.java:matchSourceWithTarget(722)) - ContainerBalancer matched source datanode 131e65f5-25fe-4250-be1c-c63ee4cb65d6 with target datanode d42a4a5c-6897-4b89-98f2-da67272f7890 for container move.
2023-09-14 09:00:51,064 [main] INFO  balancer.ContainerBalancerTask (ContainerBalancerTask.java:processMoveSelection(569)) - ContainerBalancer is trying to move container #29 with size 5368709120B from source datanode 131e65f5-25fe-4250-be1c-c63ee4cb65d6 to target datanode d42a4a5c-6897-4b89-98f2-da67272f7890
2023-09-14 09:00:51,064 [main] DEBUG balancer.ContainerBalancerTask (ContainerBalancerTask.java:lambda$moveContainer$3(837)) - Container move completed for container #29 from source 131e65f5-25fe-4250-be1c-c63ee4cb65d6 to target d42a4a5c-6897-4b89-98f2-da67272f7890
2023-09-14 09:00:51,066 [main] DEBUG balancer.ContainerBalancerTask (ContainerBalancerTask.java:matchSourceWithTarget(708)) - ContainerBalancer is finding suitable target for source datanode 0cd45298-3d57-467b-848a-80a30ee54893
2023-09-14 09:00:51,066 [main] INFO  balancer.ContainerBalancerTask (ContainerBalancerTask.java:matchSourceWithTarget(722)) - ContainerBalancer matched source datanode 0cd45298-3d57-467b-848a-80a30ee54893 with target datanode b621092d-3727-48f0-b71d-a6924e8b1750 for container move.
2023-09-14 09:00:51,066 [main] INFO  balancer.ContainerBalancerTask (ContainerBalancerTask.java:processMoveSelection(569)) - ContainerBalancer is trying to move container #68 with size 5368709120B from source datanode 0cd45298-3d57-467b-848a-80a30ee54893 to target datanode b621092d-3727-48f0-b71d-a6924e8b1750
2023-09-14 09:00:51,066 [main] DEBUG balancer.ContainerBalancerTask (ContainerBalancerTask.java:lambda$moveContainer$3(837)) - Container move completed for container #68 from source 0cd45298-3d57-467b-848a-80a30ee54893 to target b621092d-3727-48f0-b71d-a6924e8b1750
2023-09-14 09:00:51,069 [main] DEBUG balancer.ContainerBalancerTask (ContainerBalancerTask.java:matchSourceWithTarget(708)) - ContainerBalancer is finding suitable target for source datanode 131e65f5-25fe-4250-be1c-c63ee4cb65d6
2023-09-14 09:00:51,069 [main] INFO  balancer.ContainerBalancerTask (ContainerBalancerTask.java:matchSourceWithTarget(722)) - ContainerBalancer matched source datanode 131e65f5-25fe-4250-be1c-c63ee4cb65d6 with target datanode b621092d-3727-48f0-b71d-a6924e8b1750 for container move.
2023-09-14 09:00:51,070 [main] INFO  balancer.ContainerBalancerTask (ContainerBalancerTask.java:processMoveSelection(569)) - ContainerBalancer is trying to move container #89 with size 4294967296B from source datanode 131e65f5-25fe-4250-be1c-c63ee4cb65d6 to target datanode b621092d-3727-48f0-b71d-a6924e8b1750
2023-09-14 09:00:51,070 [main] DEBUG balancer.ContainerBalancerTask (ContainerBalancerTask.java:lambda$moveContainer$3(837)) - Container move completed for container #89 from source 131e65f5-25fe-4250-be1c-c63ee4cb65d6 to target b621092d-3727-48f0-b71d-a6924e8b1750
2023-09-14 09:00:51,073 [main] DEBUG balancer.ContainerBalancerTask (ContainerBalancerTask.java:matchSourceWithTarget(708)) - ContainerBalancer is finding suitable target for source datanode e6bce855-0126-430d-83a5-997907ef4cf2
2023-09-14 09:00:51,073 [main] INFO  balancer.ContainerBalancerTask (ContainerBalancerTask.java:matchSourceWithTarget(722)) - ContainerBalancer matched source datanode e6bce855-0126-430d-83a5-997907ef4cf2 with target datanode b621092d-3727-48f0-b71d-a6924e8b1750 for container move.
2023-09-14 09:00:51,073 [main] INFO  balancer.ContainerBalancerTask (ContainerBalancerTask.java:processMoveSelection(569)) - ContainerBalancer is trying to move container #53 with size 5368709120B from source datanode e6bce855-0126-430d-83a5-997907ef4cf2 to target datanode b621092d-3727-48f0-b71d-a6924e8b1750
2023-09-14 09:00:51,073 [main] DEBUG balancer.ContainerBalancerTask (ContainerBalancerTask.java:lambda$moveContainer$3(837)) - Container move completed for container #53 from source e6bce855-0126-430d-83a5-997907ef4cf2 to target b621092d-3727-48f0-b71d-a6924e8b1750
2023-09-14 09:00:51,076 [main] DEBUG balancer.ContainerBalancerTask (ContainerBalancerTask.java:matchSourceWithTarget(708)) - ContainerBalancer is finding suitable target for source datanode 131e65f5-25fe-4250-be1c-c63ee4cb65d6
2023-09-14 09:00:51,077 [main] INFO  balancer.ContainerBalancerTask (ContainerBalancerTask.java:matchSourceWithTarget(722)) - ContainerBalancer matched source datanode 131e65f5-25fe-4250-be1c-c63ee4cb65d6 with target datanode b621092d-3727-48f0-b71d-a6924e8b1750 for container move.
2023-09-14 09:00:51,077 [main] INFO  balancer.ContainerBalancerTask (ContainerBalancerTask.java:processMoveSelection(569)) - ContainerBalancer is trying to move container #52 with size 4294967296B from source datanode 131e65f5-25fe-4250-be1c-c63ee4cb65d6 to target datanode b621092d-3727-48f0-b71d-a6924e8b1750
2023-09-14 09:00:51,077 [main] DEBUG balancer.ContainerBalancerTask (ContainerBalancerTask.java:lambda$moveContainer$3(837)) - Container move completed for container #52 from source 131e65f5-25fe-4250-be1c-c63ee4cb65d6 to target b621092d-3727-48f0-b71d-a6924e8b1750
2023-09-14 09:00:51,079 [main] DEBUG balancer.ContainerBalancerTask (ContainerBalancerTask.java:matchSourceWithTarget(708)) - ContainerBalancer is finding suitable target for source datanode 0cd45298-3d57-467b-848a-80a30ee54893
2023-09-14 09:00:51,079 [main] INFO  balancer.ContainerBalancerTask (ContainerBalancerTask.java:matchSourceWithTarget(722)) - ContainerBalancer matched source datanode 0cd45298-3d57-467b-848a-80a30ee54893 with target datanode b621092d-3727-48f0-b71d-a6924e8b1750 for container move.
2023-09-14 09:00:51,079 [main] INFO  balancer.ContainerBalancerTask (ContainerBalancerTask.java:processMoveSelection(569)) - ContainerBalancer is trying to move container #67 with size 4294967296B from source datanode 0cd45298-3d57-467b-848a-80a30ee54893 to target datanode b621092d-3727-48f0-b71d-a6924e8b1750
2023-09-14 09:00:51,080 [main] DEBUG balancer.ContainerBalancerTask (ContainerBalancerTask.java:lambda$moveContainer$3(837)) - Container move completed for container #67 from source 0cd45298-3d57-467b-848a-80a30ee54893 to target b621092d-3727-48f0-b71d-a6924e8b1750
2023-09-14 09:00:51,083 [main] DEBUG balancer.ContainerBalancerTask (ContainerBalancerTask.java:matchSourceWithTarget(708)) - ContainerBalancer is finding suitable target for source datanode e6bce855-0126-430d-83a5-997907ef4cf2
2023-09-14 09:00:51,083 [main] INFO  balancer.ContainerBalancerTask (ContainerBalancerTask.java:matchSourceWithTarget(722)) - ContainerBalancer matched source datanode e6bce855-0126-430d-83a5-997907ef4cf2 with target datanode b621092d-3727-48f0-b71d-a6924e8b1750 for container move.
2023-09-14 09:00:51,083 [main] INFO  balancer.ContainerBalancerTask (ContainerBalancerTask.java:processMoveSelection(569)) - ContainerBalancer is trying to move container #19 with size 4294967296B from source datanode e6bce855-0126-430d-83a5-997907ef4cf2 to target datanode b621092d-3727-48f0-b71d-a6924e8b1750
2023-09-14 09:00:51,083 [main] DEBUG balancer.ContainerBalancerTask (ContainerBalancerTask.java:lambda$moveContainer$3(837)) - Container move completed for container #19 from source e6bce855-0126-430d-83a5-997907ef4cf2 to target b621092d-3727-48f0-b71d-a6924e8b1750
2023-09-14 09:00:51,086 [main] DEBUG balancer.ContainerBalancerTask (ContainerBalancerTask.java:matchSourceWithTarget(708)) - ContainerBalancer is finding suitable target for source datanode 131e65f5-25fe-4250-be1c-c63ee4cb65d6
2023-09-14 09:00:51,087 [main] INFO  balancer.ContainerBalancerTask (ContainerBalancerTask.java:matchSourceWithTarget(722)) - ContainerBalancer matched source datanode 131e65f5-25fe-4250-be1c-c63ee4cb65d6 with target datanode b621092d-3727-48f0-b71d-a6924e8b1750 for container move.
2023-09-14 09:00:51,087 [main] INFO  balancer.ContainerBalancerTask (ContainerBalancerTask.java:processMoveSelection(569)) - ContainerBalancer is trying to move container #88 with size 3221225472B from source datanode 131e65f5-25fe-4250-be1c-c63ee4cb65d6 to target datanode b621092d-3727-48f0-b71d-a6924e8b1750
2023-09-14 09:00:51,087 [main] DEBUG balancer.ContainerBalancerTask (ContainerBalancerTask.java:lambda$moveContainer$3(837)) - Container move completed for container #88 from source 131e65f5-25fe-4250-be1c-c63ee4cb65d6 to target b621092d-3727-48f0-b71d-a6924e8b1750
2023-09-14 09:00:51,089 [main] DEBUG balancer.ContainerBalancerTask (ContainerBalancerTask.java:matchSourceWithTarget(708)) - ContainerBalancer is finding suitable target for source datanode dccac18a-3738-42ca-ab95-09b28ceb0676
2023-09-14 09:00:51,089 [main] INFO  balancer.ContainerBalancerTask (ContainerBalancerTask.java:matchSourceWithTarget(722)) - ContainerBalancer matched source datanode dccac18a-3738-42ca-ab95-09b28ceb0676 with target datanode b621092d-3727-48f0-b71d-a6924e8b1750 for container move.
2023-09-14 09:00:51,089 [main] INFO  balancer.ContainerBalancerTask (ContainerBalancerTask.java:processMoveSelection(569)) - ContainerBalancer is trying to move container #40 with size 5368709120B from source datanode dccac18a-3738-42ca-ab95-09b28ceb0676 to target datanode b621092d-3727-48f0-b71d-a6924e8b1750
2023-09-14 09:00:51,090 [main] DEBUG balancer.ContainerBalancerTask (ContainerBalancerTask.java:lambda$moveContainer$3(837)) - Container move completed for container #40 from source dccac18a-3738-42ca-ab95-09b28ceb0676 to target b621092d-3727-48f0-b71d-a6924e8b1750
2023-09-14 09:00:51,093 [main] DEBUG balancer.ContainerBalancerTask (ContainerBalancerTask.java:matchSourceWithTarget(708)) - ContainerBalancer is finding suitable target for source datanode e6bce855-0126-430d-83a5-997907ef4cf2
2023-09-14 09:00:51,093 [main] INFO  balancer.ContainerBalancerTask (ContainerBalancerTask.java:matchSourceWithTarget(722)) - ContainerBalancer matched source datanode e6bce855-0126-430d-83a5-997907ef4cf2 with target datanode d42a4a5c-6897-4b89-98f2-da67272f7890 for container move.
2023-09-14 09:00:51,093 [main] INFO  balancer.ContainerBalancerTask (ContainerBalancerTask.java:processMoveSelection(569)) - ContainerBalancer is trying to move container #39 with size 4294967296B from source datanode e6bce855-0126-430d-83a5-997907ef4cf2 to target datanode d42a4a5c-6897-4b89-98f2-da67272f7890
2023-09-14 09:00:51,093 [main] DEBUG balancer.ContainerBalancerTask (ContainerBalancerTask.java:lambda$moveContainer$3(837)) - Container move completed for container #39 from source e6bce855-0126-430d-83a5-997907ef4cf2 to target d42a4a5c-6897-4b89-98f2-da67272f7890
2023-09-14 09:00:51,097 [main] DEBUG balancer.ContainerBalancerTask (ContainerBalancerTask.java:matchSourceWithTarget(708)) - ContainerBalancer is finding suitable target for source datanode 131e65f5-25fe-4250-be1c-c63ee4cb65d6
2023-09-14 09:00:51,097 [main] INFO  balancer.ContainerBalancerTask (ContainerBalancerTask.java:matchSourceWithTarget(722)) - ContainerBalancer matched source datanode 131e65f5-25fe-4250-be1c-c63ee4cb65d6 with target datanode b621092d-3727-48f0-b71d-a6924e8b1750 for container move.
2023-09-14 09:00:51,097 [main] INFO  balancer.ContainerBalancerTask (ContainerBalancerTask.java:processMoveSelection(569)) - ContainerBalancer is trying to move container #87 with size 2147483648B from source datanode 131e65f5-25fe-4250-be1c-c63ee4cb65d6 to target datanode b621092d-3727-48f0-b71d-a6924e8b1750
2023-09-14 09:00:51,097 [main] DEBUG balancer.ContainerBalancerTask (ContainerBalancerTask.java:lambda$moveContainer$3(837)) - Container move completed for container #87 from source 131e65f5-25fe-4250-be1c-c63ee4cb65d6 to target b621092d-3727-48f0-b71d-a6924e8b1750
2023-09-14 09:00:51,097 [main] WARN  balancer.ContainerBalancerTask (ContainerBalancerTask.java:reachedMaxSizeToMovePerIteration(733)) - Reached max size to move limit. 53687091200 bytes have already been scheduled for balancing and the limit is 53687091200 bytes.
2023-09-14 09:00:51,098 [main] INFO  balancer.ContainerBalancerTask (ContainerBalancerTask.java:checkIterationMoveResults(642)) - Iteration Summary. Number of Datanodes involved: 6. Size moved: 50 GB (53687091200 Bytes). Number of Container moves completed: 12.
2023-09-14 09:00:51,098 [main] INFO  balancer.ContainerBalancerTask (ContainerBalancerTask.java:balance(259)) - Result of this iteration of Container Balancer: ITERATION_COMPLETED
2023-09-14 09:00:51,098 [main] INFO  balancer.ContainerBalancerTask (ContainerBalancerTask.java:tryStopWithSaveConfiguration(308)) - Save Configuration for stopping. Reason: Completed all iterations.
]]></system-out>
  </testcase>
  <testcase name="balancerShouldExcludeECContainersWhenLegacyRmIsEnabled" classname="org.apache.hadoop.hdds.scm.container.balancer.TestContainerBalancerTask" time="0.079">
    <system-out><![CDATA[2023-09-14 09:00:51,133 [main] INFO  net.NodeSchemaLoader (NodeSchemaLoader.java:loadSchemaFromFile(129)) - Loading schema from [file:/home/runner/work/ozone/ozone/hadoop-hdds/common/target/classes/network-topology-default.xml]
2023-09-14 09:00:51,133 [main] INFO  net.NodeSchemaLoader (NodeSchemaLoader.java:loadSchema(176)) - Loading network topology layer schema file
2023-09-14 09:00:51,135 [main] INFO  net.NetworkTopologyImpl (NetworkTopologyImpl.java:add(112)) - Added a new node: /default-rack/328d5b30-1155-4977-95b6-ea853b86c62a
2023-09-14 09:00:51,135 [main] INFO  net.NetworkTopologyImpl (NetworkTopologyImpl.java:add(112)) - Added a new node: /default-rack/542c9d33-c654-4e16-bdfe-bb7288c0e9a0
2023-09-14 09:00:51,135 [main] INFO  net.NetworkTopologyImpl (NetworkTopologyImpl.java:add(112)) - Added a new node: /default-rack/a48678d5-57e5-472c-a112-6cfd64103a64
2023-09-14 09:00:51,135 [main] INFO  net.NetworkTopologyImpl (NetworkTopologyImpl.java:add(112)) - Added a new node: /default-rack/91bb5685-cbe7-4695-8ddd-69798518cd63
2023-09-14 09:00:51,135 [main] INFO  net.NetworkTopologyImpl (NetworkTopologyImpl.java:add(112)) - Added a new node: /default-rack/23ed9c25-ce8a-4b50-b197-be3b19d67ead
2023-09-14 09:00:51,135 [main] INFO  net.NetworkTopologyImpl (NetworkTopologyImpl.java:add(112)) - Added a new node: /default-rack/021faa68-3c04-423e-97d3-d9609ff665b3
2023-09-14 09:00:51,136 [main] INFO  net.NetworkTopologyImpl (NetworkTopologyImpl.java:add(112)) - Added a new node: /default-rack/26a09639-4a68-4ab6-9119-01f3ef8687c5
2023-09-14 09:00:51,136 [main] INFO  net.NetworkTopologyImpl (NetworkTopologyImpl.java:add(112)) - Added a new node: /default-rack/72e06762-7700-48fe-a49a-87637363cc18
2023-09-14 09:00:51,136 [main] INFO  net.NetworkTopologyImpl (NetworkTopologyImpl.java:add(112)) - Added a new node: /default-rack/636e8b1e-197b-4bc5-bb5f-17014b32599d
2023-09-14 09:00:51,136 [main] INFO  net.NetworkTopologyImpl (NetworkTopologyImpl.java:add(112)) - Added a new node: /default-rack/547cfc65-ae09-4791-8d21-c5ecc7bce38f
2023-09-14 09:00:51,136 [main] INFO  algorithms.ContainerPlacementPolicyFactory (ContainerPlacementPolicyFactory.java:getPolicyInternal(86)) - Create container placement policy of type org.apache.hadoop.hdds.scm.container.placement.algorithms.SCMContainerPlacementRackAware
2023-09-14 09:00:51,136 [main] INFO  algorithms.ContainerPlacementPolicyFactory (ContainerPlacementPolicyFactory.java:getPolicyInternal(86)) - Create container placement policy of type org.apache.hadoop.hdds.scm.container.placement.algorithms.SCMContainerPlacementRackScatter
2023-09-14 09:00:51,139 [main] DEBUG balancer.ContainerBalancerTask (ContainerBalancerTask.java:initializeIteration(374)) - Average utilization of the cluster is 0.3469537815128426
2023-09-14 09:00:51,139 [main] DEBUG balancer.ContainerBalancerTask (ContainerBalancerTask.java:initializeIteration(386)) - Lower limit for utilization is 0.2469537815128426 and Upper limit for utilization is 0.4469537815128426
2023-09-14 09:00:51,139 [main] DEBUG balancer.ContainerBalancerTask (ContainerBalancerTask.java:initializeIteration(398)) - Utilization for node 021faa68-3c04-423e-97d3-d9609ff665b3 with capacity 54880137671B, used 49392123904B, and remaining 5488013767B is 0.9000000000018221
2023-09-14 09:00:51,139 [main] DEBUG balancer.ContainerBalancerTask (ContainerBalancerTask.java:initializeIteration(398)) - Utilization for node 547cfc65-ae09-4791-8d21-c5ecc7bce38f with capacity 59055800320B, used 47244640256B, and remaining 11811160064B is 0.8
2023-09-14 09:00:51,139 [main] DEBUG balancer.ContainerBalancerTask (ContainerBalancerTask.java:initializeIteration(398)) - Utilization for node a48678d5-57e5-472c-a112-6cfd64103a64 with capacity 64424509440B, used 45097156608B, and remaining 19327352832B is 0.7
2023-09-14 09:00:51,139 [main] DEBUG balancer.ContainerBalancerTask (ContainerBalancerTask.java:initializeIteration(398)) - Utilization for node 72e06762-7700-48fe-a49a-87637363cc18 with capacity 76951497386B, used 46170898432B, and remaining 30780598954B is 0.600000000005198
2023-09-14 09:00:51,139 [main] DEBUG balancer.ContainerBalancerTask (ContainerBalancerTask.java:initializeIteration(398)) - Utilization for node 636e8b1e-197b-4bc5-bb5f-17014b32599d with capacity 96636764160B, used 48318382080B, and remaining 48318382080B is 0.5
2023-09-14 09:00:51,140 [main] DEBUG balancer.ContainerBalancerTask (ContainerBalancerTask.java:initializeIteration(398)) - Utilization for node 23ed9c25-ce8a-4b50-b197-be3b19d67ead with capacity 134217728000B, used 53687091200B, and remaining 80530636800B is 0.4
2023-09-14 09:00:51,140 [main] DEBUG balancer.ContainerBalancerTask (ContainerBalancerTask.java:initializeIteration(398)) - Utilization for node 328d5b30-1155-4977-95b6-ea853b86c62a with capacity 150323855360B, used 45097156608B, and remaining 105226698752B is 0.3
2023-09-14 09:00:51,140 [main] DEBUG balancer.ContainerBalancerTask (ContainerBalancerTask.java:initializeIteration(398)) - Utilization for node 26a09639-4a68-4ab6-9119-01f3ef8687c5 with capacity 107374182400B, used 21474836480B, and remaining 85899345920B is 0.2
2023-09-14 09:00:51,140 [main] DEBUG balancer.ContainerBalancerTask (ContainerBalancerTask.java:initializeIteration(398)) - Utilization for node 91bb5685-cbe7-4695-8ddd-69798518cd63 with capacity 375809638400B, used 37580963840B, and remaining 338228674560B is 0.1
2023-09-14 09:00:51,140 [main] DEBUG balancer.ContainerBalancerTask (ContainerBalancerTask.java:initializeIteration(398)) - Utilization for node 542c9d33-c654-4e16-bdfe-bb7288c0e9a0 with capacity 16106127360B, used 0B, and remaining 16106127360B is 0.0
2023-09-14 09:00:51,140 [main] INFO  balancer.ContainerBalancerTask (ContainerBalancerTask.java:initializeIteration(447)) - Container Balancer has identified 5 Over-Utilized and 3 Under-Utilized Datanodes that need to be balanced.
2023-09-14 09:00:51,140 [main] DEBUG balancer.ContainerBalancerTask (ContainerBalancerTask.java:lambda$initializeIteration$1(453)) - Datanode localhost-171.103.175.220 021faa68-3c04-423e-97d3-d9609ff665b3 is Over-Utilized.
2023-09-14 09:00:51,140 [main] DEBUG balancer.ContainerBalancerTask (ContainerBalancerTask.java:lambda$initializeIteration$1(453)) - Datanode localhost-222.187.234.116 547cfc65-ae09-4791-8d21-c5ecc7bce38f is Over-Utilized.
2023-09-14 09:00:51,140 [main] DEBUG balancer.ContainerBalancerTask (ContainerBalancerTask.java:lambda$initializeIteration$1(453)) - Datanode localhost-76.185.99.199 a48678d5-57e5-472c-a112-6cfd64103a64 is Over-Utilized.
2023-09-14 09:00:51,140 [main] DEBUG balancer.ContainerBalancerTask (ContainerBalancerTask.java:lambda$initializeIteration$1(453)) - Datanode localhost-153.48.224.139 72e06762-7700-48fe-a49a-87637363cc18 is Over-Utilized.
2023-09-14 09:00:51,140 [main] DEBUG balancer.ContainerBalancerTask (ContainerBalancerTask.java:lambda$initializeIteration$1(453)) - Datanode localhost-251.125.86.124 636e8b1e-197b-4bc5-bb5f-17014b32599d is Over-Utilized.
2023-09-14 09:00:51,140 [main] DEBUG balancer.ContainerBalancerTask (ContainerBalancerTask.java:lambda$initializeIteration$2(459)) - Datanode localhost-227.81.75.60 542c9d33-c654-4e16-bdfe-bb7288c0e9a0 is Under-Utilized.
2023-09-14 09:00:51,141 [main] DEBUG balancer.ContainerBalancerTask (ContainerBalancerTask.java:lambda$initializeIteration$2(459)) - Datanode localhost-166.46.118.109 91bb5685-cbe7-4695-8ddd-69798518cd63 is Under-Utilized.
2023-09-14 09:00:51,141 [main] DEBUG balancer.ContainerBalancerTask (ContainerBalancerTask.java:lambda$initializeIteration$2(459)) - Datanode localhost-51.179.92.167 26a09639-4a68-4ab6-9119-01f3ef8687c5 is Under-Utilized.
2023-09-14 09:00:51,143 [main] DEBUG balancer.ContainerBalancerTask (ContainerBalancerTask.java:matchSourceWithTarget(708)) - ContainerBalancer is finding suitable target for source datanode 021faa68-3c04-423e-97d3-d9609ff665b3
2023-09-14 09:00:51,143 [main] INFO  balancer.ContainerBalancerTask (ContainerBalancerTask.java:matchSourceWithTarget(722)) - ContainerBalancer matched source datanode 021faa68-3c04-423e-97d3-d9609ff665b3 with target datanode 542c9d33-c654-4e16-bdfe-bb7288c0e9a0 for container move.
2023-09-14 09:00:51,143 [main] INFO  balancer.ContainerBalancerTask (ContainerBalancerTask.java:processMoveSelection(569)) - ContainerBalancer is trying to move container #68 with size 5368709120B from source datanode 021faa68-3c04-423e-97d3-d9609ff665b3 to target datanode 542c9d33-c654-4e16-bdfe-bb7288c0e9a0
2023-09-14 09:00:51,143 [main] DEBUG balancer.ContainerBalancerTask (ContainerBalancerTask.java:lambda$moveContainer$3(837)) - Container move completed for container #68 from source 021faa68-3c04-423e-97d3-d9609ff665b3 to target 542c9d33-c654-4e16-bdfe-bb7288c0e9a0
2023-09-14 09:00:51,145 [main] DEBUG balancer.ContainerBalancerTask (ContainerBalancerTask.java:matchSourceWithTarget(708)) - ContainerBalancer is finding suitable target for source datanode 021faa68-3c04-423e-97d3-d9609ff665b3
2023-09-14 09:00:51,145 [main] INFO  balancer.ContainerBalancerTask (ContainerBalancerTask.java:matchSourceWithTarget(722)) - ContainerBalancer matched source datanode 021faa68-3c04-423e-97d3-d9609ff665b3 with target datanode 91bb5685-cbe7-4695-8ddd-69798518cd63 for container move.
2023-09-14 09:00:51,146 [main] INFO  balancer.ContainerBalancerTask (ContainerBalancerTask.java:processMoveSelection(569)) - ContainerBalancer is trying to move container #84 with size 4294967296B from source datanode 021faa68-3c04-423e-97d3-d9609ff665b3 to target datanode 91bb5685-cbe7-4695-8ddd-69798518cd63
2023-09-14 09:00:51,146 [main] DEBUG balancer.ContainerBalancerTask (ContainerBalancerTask.java:lambda$moveContainer$3(837)) - Container move completed for container #84 from source 021faa68-3c04-423e-97d3-d9609ff665b3 to target 91bb5685-cbe7-4695-8ddd-69798518cd63
2023-09-14 09:00:51,148 [main] DEBUG balancer.ContainerBalancerTask (ContainerBalancerTask.java:matchSourceWithTarget(708)) - ContainerBalancer is finding suitable target for source datanode 547cfc65-ae09-4791-8d21-c5ecc7bce38f
2023-09-14 09:00:51,149 [main] INFO  balancer.ContainerBalancerTask (ContainerBalancerTask.java:matchSourceWithTarget(722)) - ContainerBalancer matched source datanode 547cfc65-ae09-4791-8d21-c5ecc7bce38f with target datanode 91bb5685-cbe7-4695-8ddd-69798518cd63 for container move.
2023-09-14 09:00:51,149 [main] INFO  balancer.ContainerBalancerTask (ContainerBalancerTask.java:processMoveSelection(569)) - ContainerBalancer is trying to move container #66 with size 3221225472B from source datanode 547cfc65-ae09-4791-8d21-c5ecc7bce38f to target datanode 91bb5685-cbe7-4695-8ddd-69798518cd63
2023-09-14 09:00:51,149 [main] DEBUG balancer.ContainerBalancerTask (ContainerBalancerTask.java:lambda$moveContainer$3(837)) - Container move completed for container #66 from source 547cfc65-ae09-4791-8d21-c5ecc7bce38f to target 91bb5685-cbe7-4695-8ddd-69798518cd63
2023-09-14 09:00:51,151 [main] DEBUG balancer.ContainerBalancerTask (ContainerBalancerTask.java:matchSourceWithTarget(708)) - ContainerBalancer is finding suitable target for source datanode 547cfc65-ae09-4791-8d21-c5ecc7bce38f
2023-09-14 09:00:51,152 [main] INFO  balancer.ContainerBalancerTask (ContainerBalancerTask.java:matchSourceWithTarget(722)) - ContainerBalancer matched source datanode 547cfc65-ae09-4791-8d21-c5ecc7bce38f with target datanode 91bb5685-cbe7-4695-8ddd-69798518cd63 for container move.
2023-09-14 09:00:51,152 [main] INFO  balancer.ContainerBalancerTask (ContainerBalancerTask.java:processMoveSelection(569)) - ContainerBalancer is trying to move container #82 with size 2147483648B from source datanode 547cfc65-ae09-4791-8d21-c5ecc7bce38f to target datanode 91bb5685-cbe7-4695-8ddd-69798518cd63
2023-09-14 09:00:51,152 [main] DEBUG balancer.ContainerBalancerTask (ContainerBalancerTask.java:lambda$moveContainer$3(837)) - Container move completed for container #82 from source 547cfc65-ae09-4791-8d21-c5ecc7bce38f to target 91bb5685-cbe7-4695-8ddd-69798518cd63
2023-09-14 09:00:51,154 [main] DEBUG balancer.ContainerBalancerTask (ContainerBalancerTask.java:matchSourceWithTarget(708)) - ContainerBalancer is finding suitable target for source datanode 021faa68-3c04-423e-97d3-d9609ff665b3
2023-09-14 09:00:51,154 [main] INFO  balancer.ContainerBalancerTask (ContainerBalancerTask.java:matchSourceWithTarget(722)) - ContainerBalancer matched source datanode 021faa68-3c04-423e-97d3-d9609ff665b3 with target datanode 91bb5685-cbe7-4695-8ddd-69798518cd63 for container move.
2023-09-14 09:00:51,154 [main] INFO  balancer.ContainerBalancerTask (ContainerBalancerTask.java:processMoveSelection(569)) - ContainerBalancer is trying to move container #86 with size 1073741824B from source datanode 021faa68-3c04-423e-97d3-d9609ff665b3 to target datanode 91bb5685-cbe7-4695-8ddd-69798518cd63
2023-09-14 09:00:51,155 [main] DEBUG balancer.ContainerBalancerTask (ContainerBalancerTask.java:lambda$moveContainer$3(837)) - Container move completed for container #86 from source 021faa68-3c04-423e-97d3-d9609ff665b3 to target 91bb5685-cbe7-4695-8ddd-69798518cd63
2023-09-14 09:00:51,158 [main] DEBUG balancer.ContainerBalancerTask (ContainerBalancerTask.java:matchSourceWithTarget(708)) - ContainerBalancer is finding suitable target for source datanode 547cfc65-ae09-4791-8d21-c5ecc7bce38f
2023-09-14 09:00:51,158 [main] INFO  balancer.ContainerBalancerTask (ContainerBalancerTask.java:matchSourceWithTarget(722)) - ContainerBalancer matched source datanode 547cfc65-ae09-4791-8d21-c5ecc7bce38f with target datanode 26a09639-4a68-4ab6-9119-01f3ef8687c5 for container move.
2023-09-14 09:00:51,158 [main] INFO  balancer.ContainerBalancerTask (ContainerBalancerTask.java:processMoveSelection(569)) - ContainerBalancer is trying to move container #70 with size 2147483648B from source datanode 547cfc65-ae09-4791-8d21-c5ecc7bce38f to target datanode 26a09639-4a68-4ab6-9119-01f3ef8687c5
2023-09-14 09:00:51,158 [main] DEBUG balancer.ContainerBalancerTask (ContainerBalancerTask.java:lambda$moveContainer$3(837)) - Container move completed for container #70 from source 547cfc65-ae09-4791-8d21-c5ecc7bce38f to target 26a09639-4a68-4ab6-9119-01f3ef8687c5
2023-09-14 09:00:51,160 [main] DEBUG balancer.ContainerBalancerTask (ContainerBalancerTask.java:matchSourceWithTarget(708)) - ContainerBalancer is finding suitable target for source datanode 021faa68-3c04-423e-97d3-d9609ff665b3
2023-09-14 09:00:51,161 [main] INFO  balancer.ContainerBalancerTask (ContainerBalancerTask.java:matchSourceWithTarget(722)) - ContainerBalancer matched source datanode 021faa68-3c04-423e-97d3-d9609ff665b3 with target datanode 26a09639-4a68-4ab6-9119-01f3ef8687c5 for container move.
2023-09-14 09:00:51,161 [main] INFO  balancer.ContainerBalancerTask (ContainerBalancerTask.java:processMoveSelection(569)) - ContainerBalancer is trying to move container #52 with size 4294967296B from source datanode 021faa68-3c04-423e-97d3-d9609ff665b3 to target datanode 26a09639-4a68-4ab6-9119-01f3ef8687c5
2023-09-14 09:00:51,161 [main] DEBUG balancer.ContainerBalancerTask (ContainerBalancerTask.java:lambda$moveContainer$3(837)) - Container move completed for container #52 from source 021faa68-3c04-423e-97d3-d9609ff665b3 to target 26a09639-4a68-4ab6-9119-01f3ef8687c5
2023-09-14 09:00:51,164 [main] DEBUG balancer.ContainerBalancerTask (ContainerBalancerTask.java:matchSourceWithTarget(708)) - ContainerBalancer is finding suitable target for source datanode a48678d5-57e5-472c-a112-6cfd64103a64
2023-09-14 09:00:51,164 [main] INFO  balancer.ContainerBalancerTask (ContainerBalancerTask.java:matchSourceWithTarget(722)) - ContainerBalancer matched source datanode a48678d5-57e5-472c-a112-6cfd64103a64 with target datanode 26a09639-4a68-4ab6-9119-01f3ef8687c5 for container move.
2023-09-14 09:00:51,164 [main] INFO  balancer.ContainerBalancerTask (ContainerBalancerTask.java:processMoveSelection(569)) - ContainerBalancer is trying to move container #50 with size 2147483648B from source datanode a48678d5-57e5-472c-a112-6cfd64103a64 to target datanode 26a09639-4a68-4ab6-9119-01f3ef8687c5
2023-09-14 09:00:51,164 [main] DEBUG balancer.ContainerBalancerTask (ContainerBalancerTask.java:lambda$moveContainer$3(837)) - Container move completed for container #50 from source a48678d5-57e5-472c-a112-6cfd64103a64 to target 26a09639-4a68-4ab6-9119-01f3ef8687c5
2023-09-14 09:00:51,167 [main] DEBUG balancer.ContainerBalancerTask (ContainerBalancerTask.java:matchSourceWithTarget(708)) - ContainerBalancer is finding suitable target for source datanode 547cfc65-ae09-4791-8d21-c5ecc7bce38f
2023-09-14 09:00:51,168 [main] INFO  balancer.ContainerBalancerTask (ContainerBalancerTask.java:matchSourceWithTarget(722)) - ContainerBalancer matched source datanode 547cfc65-ae09-4791-8d21-c5ecc7bce38f with target datanode 26a09639-4a68-4ab6-9119-01f3ef8687c5 for container move.
2023-09-14 09:00:51,168 [main] INFO  balancer.ContainerBalancerTask (ContainerBalancerTask.java:processMoveSelection(569)) - ContainerBalancer is trying to move container #26 with size 2147483648B from source datanode 547cfc65-ae09-4791-8d21-c5ecc7bce38f to target datanode 26a09639-4a68-4ab6-9119-01f3ef8687c5
2023-09-14 09:00:51,168 [main] DEBUG balancer.ContainerBalancerTask (ContainerBalancerTask.java:lambda$moveContainer$3(837)) - Container move completed for container #26 from source 547cfc65-ae09-4791-8d21-c5ecc7bce38f to target 26a09639-4a68-4ab6-9119-01f3ef8687c5
2023-09-14 09:00:51,171 [main] DEBUG balancer.ContainerBalancerTask (ContainerBalancerTask.java:matchSourceWithTarget(708)) - ContainerBalancer is finding suitable target for source datanode a48678d5-57e5-472c-a112-6cfd64103a64
2023-09-14 09:00:51,171 [main] INFO  balancer.ContainerBalancerTask (ContainerBalancerTask.java:matchSourceWithTarget(722)) - ContainerBalancer matched source datanode a48678d5-57e5-472c-a112-6cfd64103a64 with target datanode 542c9d33-c654-4e16-bdfe-bb7288c0e9a0 for container move.
2023-09-14 09:00:51,171 [main] INFO  balancer.ContainerBalancerTask (ContainerBalancerTask.java:processMoveSelection(569)) - ContainerBalancer is trying to move container #54 with size 1073741824B from source datanode a48678d5-57e5-472c-a112-6cfd64103a64 to target datanode 542c9d33-c654-4e16-bdfe-bb7288c0e9a0
2023-09-14 09:00:51,172 [main] DEBUG balancer.ContainerBalancerTask (ContainerBalancerTask.java:lambda$moveContainer$3(837)) - Container move completed for container #54 from source a48678d5-57e5-472c-a112-6cfd64103a64 to target 542c9d33-c654-4e16-bdfe-bb7288c0e9a0
2023-09-14 09:00:51,175 [main] DEBUG balancer.ContainerBalancerTask (ContainerBalancerTask.java:matchSourceWithTarget(708)) - ContainerBalancer is finding suitable target for source datanode a48678d5-57e5-472c-a112-6cfd64103a64
2023-09-14 09:00:51,175 [main] INFO  balancer.FindTargetGreedyByUsageInfo (AbstractFindTargetGreedy.java:findTargetForContainerMove(133)) - Container Balancer could not find a target for source datanode a48678d5-57e5-472c-a112-6cfd64103a64
2023-09-14 09:00:51,175 [main] DEBUG balancer.ContainerBalancerTask (ContainerBalancerTask.java:matchSourceWithTarget(717)) - ContainerBalancer could not find a suitable target for source node a48678d5-57e5-472c-a112-6cfd64103a64.
2023-09-14 09:00:51,178 [main] DEBUG balancer.ContainerBalancerTask (ContainerBalancerTask.java:matchSourceWithTarget(708)) - ContainerBalancer is finding suitable target for source datanode 547cfc65-ae09-4791-8d21-c5ecc7bce38f
2023-09-14 09:00:51,178 [main] INFO  balancer.FindTargetGreedyByUsageInfo (AbstractFindTargetGreedy.java:findTargetForContainerMove(133)) - Container Balancer could not find a target for source datanode 547cfc65-ae09-4791-8d21-c5ecc7bce38f
2023-09-14 09:00:51,178 [main] DEBUG balancer.ContainerBalancerTask (ContainerBalancerTask.java:matchSourceWithTarget(717)) - ContainerBalancer could not find a suitable target for source node 547cfc65-ae09-4791-8d21-c5ecc7bce38f.
2023-09-14 09:00:51,181 [main] DEBUG balancer.ContainerBalancerTask (ContainerBalancerTask.java:matchSourceWithTarget(708)) - ContainerBalancer is finding suitable target for source datanode 021faa68-3c04-423e-97d3-d9609ff665b3
2023-09-14 09:00:51,181 [main] INFO  balancer.FindTargetGreedyByUsageInfo (AbstractFindTargetGreedy.java:findTargetForContainerMove(133)) - Container Balancer could not find a target for source datanode 021faa68-3c04-423e-97d3-d9609ff665b3
2023-09-14 09:00:51,181 [main] DEBUG balancer.ContainerBalancerTask (ContainerBalancerTask.java:matchSourceWithTarget(717)) - ContainerBalancer could not find a suitable target for source node 021faa68-3c04-423e-97d3-d9609ff665b3.
2023-09-14 09:00:51,185 [main] DEBUG balancer.ContainerBalancerTask (ContainerBalancerTask.java:matchSourceWithTarget(708)) - ContainerBalancer is finding suitable target for source datanode 72e06762-7700-48fe-a49a-87637363cc18
2023-09-14 09:00:51,186 [main] INFO  balancer.FindTargetGreedyByUsageInfo (AbstractFindTargetGreedy.java:findTargetForContainerMove(133)) - Container Balancer could not find a target for source datanode 72e06762-7700-48fe-a49a-87637363cc18
2023-09-14 09:00:51,186 [main] DEBUG balancer.ContainerBalancerTask (ContainerBalancerTask.java:matchSourceWithTarget(717)) - ContainerBalancer could not find a suitable target for source node 72e06762-7700-48fe-a49a-87637363cc18.
2023-09-14 09:00:51,188 [main] DEBUG balancer.ContainerBalancerTask (ContainerBalancerTask.java:matchSourceWithTarget(708)) - ContainerBalancer is finding suitable target for source datanode 636e8b1e-197b-4bc5-bb5f-17014b32599d
2023-09-14 09:00:51,188 [main] INFO  balancer.FindTargetGreedyByUsageInfo (AbstractFindTargetGreedy.java:findTargetForContainerMove(133)) - Container Balancer could not find a target for source datanode 636e8b1e-197b-4bc5-bb5f-17014b32599d
2023-09-14 09:00:51,188 [main] DEBUG balancer.ContainerBalancerTask (ContainerBalancerTask.java:matchSourceWithTarget(717)) - ContainerBalancer could not find a suitable target for source node 636e8b1e-197b-4bc5-bb5f-17014b32599d.
2023-09-14 09:00:51,188 [main] INFO  balancer.FindSourceGreedy (FindSourceGreedy.java:getNextCandidateSourceDataNode(126)) - no more candidate source data node
2023-09-14 09:00:51,189 [main] INFO  balancer.ContainerBalancerTask (ContainerBalancerTask.java:checkIterationMoveResults(642)) - Iteration Summary. Number of Datanodes involved: 6. Size moved: 26 GB (27917287424 Bytes). Number of Container moves completed: 10.
2023-09-14 09:00:51,189 [main] INFO  balancer.ContainerBalancerTask (ContainerBalancerTask.java:balance(259)) - Result of this iteration of Container Balancer: ITERATION_COMPLETED
2023-09-14 09:00:51,189 [main] INFO  balancer.ContainerBalancerTask (ContainerBalancerTask.java:tryStopWithSaveConfiguration(308)) - Save Configuration for stopping. Reason: Completed all iterations.
]]></system-out>
  </testcase>
  <testcase name="testMetrics" classname="org.apache.hadoop.hdds.scm.container.balancer.TestContainerBalancerTask" time="0.044">
    <system-out><![CDATA[2023-09-14 09:00:51,215 [main] INFO  net.NodeSchemaLoader (NodeSchemaLoader.java:loadSchemaFromFile(129)) - Loading schema from [file:/home/runner/work/ozone/ozone/hadoop-hdds/common/target/classes/network-topology-default.xml]
2023-09-14 09:00:51,215 [main] INFO  net.NodeSchemaLoader (NodeSchemaLoader.java:loadSchema(176)) - Loading network topology layer schema file
2023-09-14 09:00:51,217 [main] INFO  net.NetworkTopologyImpl (NetworkTopologyImpl.java:add(112)) - Added a new node: /default-rack/adb134a9-04c8-4871-972f-31d494b77e2d
2023-09-14 09:00:51,218 [main] INFO  net.NetworkTopologyImpl (NetworkTopologyImpl.java:add(112)) - Added a new node: /default-rack/692a7598-d295-4ba2-ae41-e2f81cb3bd9e
2023-09-14 09:00:51,218 [main] INFO  net.NetworkTopologyImpl (NetworkTopologyImpl.java:add(112)) - Added a new node: /default-rack/1aba584e-9e10-4422-86a5-7628bef7582d
2023-09-14 09:00:51,218 [main] INFO  net.NetworkTopologyImpl (NetworkTopologyImpl.java:add(112)) - Added a new node: /default-rack/53ca755f-1286-4075-a9b6-9424c987b000
2023-09-14 09:00:51,218 [main] INFO  net.NetworkTopologyImpl (NetworkTopologyImpl.java:add(112)) - Added a new node: /default-rack/478e49c9-154f-4948-89b6-c324e2ce0fa9
2023-09-14 09:00:51,218 [main] INFO  net.NetworkTopologyImpl (NetworkTopologyImpl.java:add(112)) - Added a new node: /default-rack/cda59968-0ede-4ec9-b11a-8050f6ef7a78
2023-09-14 09:00:51,218 [main] INFO  net.NetworkTopologyImpl (NetworkTopologyImpl.java:add(112)) - Added a new node: /default-rack/20090b0f-f8c4-4588-aa96-971840145149
2023-09-14 09:00:51,218 [main] INFO  net.NetworkTopologyImpl (NetworkTopologyImpl.java:add(112)) - Added a new node: /default-rack/9cc883a3-27be-490c-b916-a3f0a366ab83
2023-09-14 09:00:51,218 [main] INFO  net.NetworkTopologyImpl (NetworkTopologyImpl.java:add(112)) - Added a new node: /default-rack/91fc0d26-19ea-4f29-ada2-7372043c8f6f
2023-09-14 09:00:51,218 [main] INFO  net.NetworkTopologyImpl (NetworkTopologyImpl.java:add(112)) - Added a new node: /default-rack/3a3b8db7-a8f2-4c81-852b-f4682658a0c9
2023-09-14 09:00:51,219 [main] INFO  algorithms.ContainerPlacementPolicyFactory (ContainerPlacementPolicyFactory.java:getPolicyInternal(86)) - Create container placement policy of type org.apache.hadoop.hdds.scm.container.placement.algorithms.SCMContainerPlacementRackAware
2023-09-14 09:00:51,219 [main] INFO  algorithms.ContainerPlacementPolicyFactory (ContainerPlacementPolicyFactory.java:getPolicyInternal(86)) - Create container placement policy of type org.apache.hadoop.hdds.scm.container.placement.algorithms.SCMContainerPlacementRackScatter
2023-09-14 09:00:51,222 [main] DEBUG balancer.ContainerBalancerTask (ContainerBalancerTask.java:initializeIteration(374)) - Average utilization of the cluster is 0.3174357587607173
2023-09-14 09:00:51,222 [main] DEBUG balancer.ContainerBalancerTask (ContainerBalancerTask.java:initializeIteration(386)) - Lower limit for utilization is 0.21743575876071727 and Upper limit for utilization is 0.41743575876071726
2023-09-14 09:00:51,222 [main] DEBUG balancer.ContainerBalancerTask (ContainerBalancerTask.java:initializeIteration(398)) - Utilization for node adb134a9-04c8-4871-972f-31d494b77e2d with capacity 69196695324B, used 62277025792B, and remaining 6919669532B is 0.9000000000057806
2023-09-14 09:00:51,222 [main] DEBUG balancer.ContainerBalancerTask (ContainerBalancerTask.java:initializeIteration(398)) - Utilization for node 91fc0d26-19ea-4f29-ada2-7372043c8f6f with capacity 52344913920B, used 41875931136B, and remaining 10468982784B is 0.8
2023-09-14 09:00:51,223 [main] DEBUG balancer.ContainerBalancerTask (ContainerBalancerTask.java:initializeIteration(398)) - Utilization for node 53ca755f-1286-4075-a9b6-9424c987b000 with capacity 55221008091B, used 38654705664B, and remaining 16566302427B is 0.7000000000054327
2023-09-14 09:00:51,223 [main] DEBUG balancer.ContainerBalancerTask (ContainerBalancerTask.java:initializeIteration(398)) - Utilization for node cda59968-0ede-4ec9-b11a-8050f6ef7a78 with capacity 78741067093B, used 47244640256B, and remaining 31496426837B is 0.60000000000254
2023-09-14 09:00:51,223 [main] DEBUG balancer.ContainerBalancerTask (ContainerBalancerTask.java:initializeIteration(398)) - Utilization for node 1aba584e-9e10-4422-86a5-7628bef7582d with capacity 105226698752B, used 52613349376B, and remaining 52613349376B is 0.5
2023-09-14 09:00:51,223 [main] DEBUG balancer.ContainerBalancerTask (ContainerBalancerTask.java:initializeIteration(398)) - Utilization for node 20090b0f-f8c4-4588-aa96-971840145149 with capacity 69793218560B, used 27917287424B, and remaining 41875931136B is 0.4
2023-09-14 09:00:51,223 [main] DEBUG balancer.ContainerBalancerTask (ContainerBalancerTask.java:initializeIteration(398)) - Utilization for node 478e49c9-154f-4948-89b6-c324e2ce0fa9 with capacity 153902994773B, used 46170898432B, and remaining 107732096341B is 0.30000000000064975
2023-09-14 09:00:51,223 [main] DEBUG balancer.ContainerBalancerTask (ContainerBalancerTask.java:initializeIteration(398)) - Utilization for node 692a7598-d295-4ba2-ae41-e2f81cb3bd9e with capacity 177167400960B, used 35433480192B, and remaining 141733920768B is 0.2
2023-09-14 09:00:51,223 [main] DEBUG balancer.ContainerBalancerTask (ContainerBalancerTask.java:initializeIteration(398)) - Utilization for node 3a3b8db7-a8f2-4c81-852b-f4682658a0c9 with capacity 429496729600B, used 42949672960B, and remaining 386547056640B is 0.1
2023-09-14 09:00:51,223 [main] DEBUG balancer.ContainerBalancerTask (ContainerBalancerTask.java:initializeIteration(398)) - Utilization for node 9cc883a3-27be-490c-b916-a3f0a366ab83 with capacity 53687091200B, used 0B, and remaining 53687091200B is 0.0
2023-09-14 09:00:51,223 [main] INFO  balancer.ContainerBalancerTask (ContainerBalancerTask.java:initializeIteration(447)) - Container Balancer has identified 5 Over-Utilized and 3 Under-Utilized Datanodes that need to be balanced.
2023-09-14 09:00:51,223 [main] DEBUG balancer.ContainerBalancerTask (ContainerBalancerTask.java:lambda$initializeIteration$1(453)) - Datanode localhost-230.69.92.105 adb134a9-04c8-4871-972f-31d494b77e2d is Over-Utilized.
2023-09-14 09:00:51,223 [main] DEBUG balancer.ContainerBalancerTask (ContainerBalancerTask.java:lambda$initializeIteration$1(453)) - Datanode localhost-247.66.189.3 91fc0d26-19ea-4f29-ada2-7372043c8f6f is Over-Utilized.
2023-09-14 09:00:51,223 [main] DEBUG balancer.ContainerBalancerTask (ContainerBalancerTask.java:lambda$initializeIteration$1(453)) - Datanode localhost-223.16.208.54 53ca755f-1286-4075-a9b6-9424c987b000 is Over-Utilized.
2023-09-14 09:00:51,224 [main] DEBUG balancer.ContainerBalancerTask (ContainerBalancerTask.java:lambda$initializeIteration$1(453)) - Datanode localhost-81.121.151.8 cda59968-0ede-4ec9-b11a-8050f6ef7a78 is Over-Utilized.
2023-09-14 09:00:51,224 [main] DEBUG balancer.ContainerBalancerTask (ContainerBalancerTask.java:lambda$initializeIteration$1(453)) - Datanode localhost-130.33.93.88 1aba584e-9e10-4422-86a5-7628bef7582d is Over-Utilized.
2023-09-14 09:00:51,224 [main] DEBUG balancer.ContainerBalancerTask (ContainerBalancerTask.java:lambda$initializeIteration$2(459)) - Datanode localhost-3.12.44.148 9cc883a3-27be-490c-b916-a3f0a366ab83 is Under-Utilized.
2023-09-14 09:00:51,224 [main] DEBUG balancer.ContainerBalancerTask (ContainerBalancerTask.java:lambda$initializeIteration$2(459)) - Datanode localhost-137.216.73.30 3a3b8db7-a8f2-4c81-852b-f4682658a0c9 is Under-Utilized.
2023-09-14 09:00:51,224 [main] DEBUG balancer.ContainerBalancerTask (ContainerBalancerTask.java:lambda$initializeIteration$2(459)) - Datanode localhost-121.223.80.63 692a7598-d295-4ba2-ae41-e2f81cb3bd9e is Under-Utilized.
2023-09-14 09:00:51,227 [main] DEBUG balancer.ContainerBalancerTask (ContainerBalancerTask.java:matchSourceWithTarget(708)) - ContainerBalancer is finding suitable target for source datanode adb134a9-04c8-4871-972f-31d494b77e2d
2023-09-14 09:00:51,228 [main] INFO  balancer.ContainerBalancerTask (ContainerBalancerTask.java:matchSourceWithTarget(722)) - ContainerBalancer matched source datanode adb134a9-04c8-4871-972f-31d494b77e2d with target datanode 9cc883a3-27be-490c-b916-a3f0a366ab83 for container move.
2023-09-14 09:00:51,228 [main] INFO  balancer.ContainerBalancerTask (ContainerBalancerTask.java:processMoveSelection(569)) - ContainerBalancer is trying to move container #85 with size 5368709120B from source datanode adb134a9-04c8-4871-972f-31d494b77e2d to target datanode 9cc883a3-27be-490c-b916-a3f0a366ab83
2023-09-14 09:00:51,228 [main] WARN  balancer.ContainerBalancerTask (ContainerBalancerTask.java:lambda$moveContainer$3(842)) - Container move for container #85 from source adb134a9-04c8-4871-972f-31d494b77e2d to target 9cc883a3-27be-490c-b916-a3f0a366ab83 failed: REPLICATION_FAIL_NODE_UNHEALTHY
2023-09-14 09:00:51,230 [main] DEBUG balancer.ContainerBalancerTask (ContainerBalancerTask.java:matchSourceWithTarget(708)) - ContainerBalancer is finding suitable target for source datanode 91fc0d26-19ea-4f29-ada2-7372043c8f6f
2023-09-14 09:00:51,231 [main] INFO  balancer.ContainerBalancerTask (ContainerBalancerTask.java:matchSourceWithTarget(722)) - ContainerBalancer matched source datanode 91fc0d26-19ea-4f29-ada2-7372043c8f6f with target datanode 9cc883a3-27be-490c-b916-a3f0a366ab83 for container move.
2023-09-14 09:00:51,231 [main] INFO  balancer.ContainerBalancerTask (ContainerBalancerTask.java:processMoveSelection(569)) - ContainerBalancer is trying to move container #68 with size 5368709120B from source datanode 91fc0d26-19ea-4f29-ada2-7372043c8f6f to target datanode 9cc883a3-27be-490c-b916-a3f0a366ab83
2023-09-14 09:00:51,231 [main] DEBUG balancer.ContainerBalancerTask (ContainerBalancerTask.java:lambda$moveContainer$3(837)) - Container move completed for container #68 from source 91fc0d26-19ea-4f29-ada2-7372043c8f6f to target 9cc883a3-27be-490c-b916-a3f0a366ab83
2023-09-14 09:00:51,234 [main] DEBUG balancer.ContainerBalancerTask (ContainerBalancerTask.java:matchSourceWithTarget(708)) - ContainerBalancer is finding suitable target for source datanode 53ca755f-1286-4075-a9b6-9424c987b000
2023-09-14 09:00:51,234 [main] INFO  balancer.ContainerBalancerTask (ContainerBalancerTask.java:matchSourceWithTarget(722)) - ContainerBalancer matched source datanode 53ca755f-1286-4075-a9b6-9424c987b000 with target datanode 9cc883a3-27be-490c-b916-a3f0a366ab83 for container move.
2023-09-14 09:00:51,234 [main] INFO  balancer.ContainerBalancerTask (ContainerBalancerTask.java:processMoveSelection(569)) - ContainerBalancer is trying to move container #81 with size 1073741824B from source datanode 53ca755f-1286-4075-a9b6-9424c987b000 to target datanode 9cc883a3-27be-490c-b916-a3f0a366ab83
2023-09-14 09:00:51,234 [main] DEBUG balancer.ContainerBalancerTask (ContainerBalancerTask.java:lambda$moveContainer$3(837)) - Container move completed for container #81 from source 53ca755f-1286-4075-a9b6-9424c987b000 to target 9cc883a3-27be-490c-b916-a3f0a366ab83
2023-09-14 09:00:51,234 [main] WARN  balancer.ContainerBalancerTask (ContainerBalancerTask.java:reachedMaxSizeToMovePerIteration(733)) - Reached max size to move limit. 6442450944 bytes have already been scheduled for balancing and the limit is 6442450944 bytes.
2023-09-14 09:00:51,234 [main] INFO  balancer.ContainerBalancerTask (ContainerBalancerTask.java:checkIterationMoveResults(642)) - Iteration Summary. Number of Datanodes involved: 3. Size moved: 6 GB (6442450944 Bytes). Number of Container moves completed: 2.
2023-09-14 09:00:51,234 [main] INFO  balancer.ContainerBalancerTask (ContainerBalancerTask.java:balance(259)) - Result of this iteration of Container Balancer: ITERATION_COMPLETED
2023-09-14 09:00:51,235 [main] INFO  balancer.ContainerBalancerTask (ContainerBalancerTask.java:tryStopWithSaveConfiguration(308)) - Save Configuration for stopping. Reason: Completed all iterations.
]]></system-out>
  </testcase>
  <testcase name="balancerShouldNotSelectConfiguredExcludeContainers" classname="org.apache.hadoop.hdds.scm.container.balancer.TestContainerBalancerTask" time="0.083">
    <system-out><![CDATA[2023-09-14 09:00:51,260 [main] INFO  net.NodeSchemaLoader (NodeSchemaLoader.java:loadSchemaFromFile(129)) - Loading schema from [file:/home/runner/work/ozone/ozone/hadoop-hdds/common/target/classes/network-topology-default.xml]
2023-09-14 09:00:51,260 [main] INFO  net.NodeSchemaLoader (NodeSchemaLoader.java:loadSchema(176)) - Loading network topology layer schema file
2023-09-14 09:00:51,262 [main] INFO  net.NetworkTopologyImpl (NetworkTopologyImpl.java:add(112)) - Added a new node: /default-rack/c8d4a321-29c3-4112-a81b-8d9bc0a8dcad
2023-09-14 09:00:51,262 [main] INFO  net.NetworkTopologyImpl (NetworkTopologyImpl.java:add(112)) - Added a new node: /default-rack/53272f28-f5da-4336-bcea-f8b352997aa0
2023-09-14 09:00:51,262 [main] INFO  net.NetworkTopologyImpl (NetworkTopologyImpl.java:add(112)) - Added a new node: /default-rack/e8c8d503-8c50-41c1-a060-9bc44a805bbd
2023-09-14 09:00:51,262 [main] INFO  net.NetworkTopologyImpl (NetworkTopologyImpl.java:add(112)) - Added a new node: /default-rack/5ebe33b1-4f94-48d5-8b49-a8b6da58dbbd
2023-09-14 09:00:51,262 [main] INFO  net.NetworkTopologyImpl (NetworkTopologyImpl.java:add(112)) - Added a new node: /default-rack/00c43776-c6c5-4598-9685-ae5c209663c9
2023-09-14 09:00:51,262 [main] INFO  net.NetworkTopologyImpl (NetworkTopologyImpl.java:add(112)) - Added a new node: /default-rack/358efa86-d946-4570-a532-a1d403bd099f
2023-09-14 09:00:51,262 [main] INFO  net.NetworkTopologyImpl (NetworkTopologyImpl.java:add(112)) - Added a new node: /default-rack/013ad116-6a8d-469d-989b-af7a0dff46b9
2023-09-14 09:00:51,262 [main] INFO  net.NetworkTopologyImpl (NetworkTopologyImpl.java:add(112)) - Added a new node: /default-rack/5e585b6e-12be-46a0-bb5e-024b6c977e77
2023-09-14 09:00:51,262 [main] INFO  net.NetworkTopologyImpl (NetworkTopologyImpl.java:add(112)) - Added a new node: /default-rack/7692343f-7e9c-4b34-b3ab-55b4cb8bbf7e
2023-09-14 09:00:51,263 [main] INFO  net.NetworkTopologyImpl (NetworkTopologyImpl.java:add(112)) - Added a new node: /default-rack/4be24436-d5c8-47de-8e6d-e2b084e1f271
2023-09-14 09:00:51,263 [main] INFO  algorithms.ContainerPlacementPolicyFactory (ContainerPlacementPolicyFactory.java:getPolicyInternal(86)) - Create container placement policy of type org.apache.hadoop.hdds.scm.container.placement.algorithms.SCMContainerPlacementRackAware
2023-09-14 09:00:51,263 [main] INFO  algorithms.ContainerPlacementPolicyFactory (ContainerPlacementPolicyFactory.java:getPolicyInternal(86)) - Create container placement policy of type org.apache.hadoop.hdds.scm.container.placement.algorithms.SCMContainerPlacementRackScatter
2023-09-14 09:00:51,265 [main] DEBUG balancer.ContainerBalancerTask (ContainerBalancerTask.java:initializeIteration(374)) - Average utilization of the cluster is 0.3332019243856614
2023-09-14 09:00:51,266 [main] DEBUG balancer.ContainerBalancerTask (ContainerBalancerTask.java:initializeIteration(386)) - Lower limit for utilization is 0.23320192438566137 and Upper limit for utilization is 0.4332019243856614
2023-09-14 09:00:51,266 [main] DEBUG balancer.ContainerBalancerTask (ContainerBalancerTask.java:initializeIteration(398)) - Utilization for node e8c8d503-8c50-41c1-a060-9bc44a805bbd with capacity 56073184142B, used 50465865728B, and remaining 5607318414B is 0.9000000000035667
2023-09-14 09:00:51,266 [main] DEBUG balancer.ContainerBalancerTask (ContainerBalancerTask.java:initializeIteration(398)) - Utilization for node 358efa86-d946-4570-a532-a1d403bd099f with capacity 71135395840B, used 56908316672B, and remaining 14227079168B is 0.8
2023-09-14 09:00:51,266 [main] DEBUG balancer.ContainerBalancerTask (ContainerBalancerTask.java:initializeIteration(398)) - Utilization for node 53272f28-f5da-4336-bcea-f8b352997aa0 with capacity 61356675657B, used 42949672960B, and remaining 18407002697B is 0.7000000000016298
2023-09-14 09:00:51,266 [main] DEBUG balancer.ContainerBalancerTask (ContainerBalancerTask.java:initializeIteration(398)) - Utilization for node 5e585b6e-12be-46a0-bb5e-024b6c977e77 with capacity 93057624746B, used 55834574848B, and remaining 37223049898B is 0.6000000000042984
2023-09-14 09:00:51,266 [main] DEBUG balancer.ContainerBalancerTask (ContainerBalancerTask.java:initializeIteration(398)) - Utilization for node 4be24436-d5c8-47de-8e6d-e2b084e1f271 with capacity 70866960384B, used 35433480192B, and remaining 35433480192B is 0.5
2023-09-14 09:00:51,266 [main] DEBUG balancer.ContainerBalancerTask (ContainerBalancerTask.java:initializeIteration(398)) - Utilization for node 5ebe33b1-4f94-48d5-8b49-a8b6da58dbbd with capacity 115427246080B, used 46170898432B, and remaining 69256347648B is 0.4
2023-09-14 09:00:51,266 [main] DEBUG balancer.ContainerBalancerTask (ContainerBalancerTask.java:initializeIteration(398)) - Utilization for node 00c43776-c6c5-4598-9685-ae5c209663c9 with capacity 125269879466B, used 37580963840B, and remaining 87688915626B is 0.30000000000159655
2023-09-14 09:00:51,266 [main] DEBUG balancer.ContainerBalancerTask (ContainerBalancerTask.java:initializeIteration(398)) - Utilization for node 7692343f-7e9c-4b34-b3ab-55b4cb8bbf7e with capacity 225485783040B, used 45097156608B, and remaining 180388626432B is 0.2
2023-09-14 09:00:51,266 [main] DEBUG balancer.ContainerBalancerTask (ContainerBalancerTask.java:initializeIteration(398)) - Utilization for node c8d4a321-29c3-4112-a81b-8d9bc0a8dcad with capacity 365072220160B, used 36507222016B, and remaining 328564998144B is 0.1
2023-09-14 09:00:51,266 [main] DEBUG balancer.ContainerBalancerTask (ContainerBalancerTask.java:initializeIteration(398)) - Utilization for node 013ad116-6a8d-469d-989b-af7a0dff46b9 with capacity 37580963840B, used 0B, and remaining 37580963840B is 0.0
2023-09-14 09:00:51,266 [main] INFO  balancer.ContainerBalancerTask (ContainerBalancerTask.java:initializeIteration(447)) - Container Balancer has identified 5 Over-Utilized and 3 Under-Utilized Datanodes that need to be balanced.
2023-09-14 09:00:51,267 [main] DEBUG balancer.ContainerBalancerTask (ContainerBalancerTask.java:lambda$initializeIteration$1(453)) - Datanode localhost-5.170.188.95 e8c8d503-8c50-41c1-a060-9bc44a805bbd is Over-Utilized.
2023-09-14 09:00:51,267 [main] DEBUG balancer.ContainerBalancerTask (ContainerBalancerTask.java:lambda$initializeIteration$1(453)) - Datanode localhost-139.234.102.23 358efa86-d946-4570-a532-a1d403bd099f is Over-Utilized.
2023-09-14 09:00:51,267 [main] DEBUG balancer.ContainerBalancerTask (ContainerBalancerTask.java:lambda$initializeIteration$1(453)) - Datanode localhost-100.35.246.61 53272f28-f5da-4336-bcea-f8b352997aa0 is Over-Utilized.
2023-09-14 09:00:51,267 [main] DEBUG balancer.ContainerBalancerTask (ContainerBalancerTask.java:lambda$initializeIteration$1(453)) - Datanode localhost-166.240.19.183 5e585b6e-12be-46a0-bb5e-024b6c977e77 is Over-Utilized.
2023-09-14 09:00:51,267 [main] DEBUG balancer.ContainerBalancerTask (ContainerBalancerTask.java:lambda$initializeIteration$1(453)) - Datanode localhost-24.43.78.119 4be24436-d5c8-47de-8e6d-e2b084e1f271 is Over-Utilized.
2023-09-14 09:00:51,267 [main] DEBUG balancer.ContainerBalancerTask (ContainerBalancerTask.java:lambda$initializeIteration$2(459)) - Datanode localhost-222.246.103.78 013ad116-6a8d-469d-989b-af7a0dff46b9 is Under-Utilized.
2023-09-14 09:00:51,267 [main] DEBUG balancer.ContainerBalancerTask (ContainerBalancerTask.java:lambda$initializeIteration$2(459)) - Datanode localhost-79.43.162.46 c8d4a321-29c3-4112-a81b-8d9bc0a8dcad is Under-Utilized.
2023-09-14 09:00:51,268 [main] DEBUG balancer.ContainerBalancerTask (ContainerBalancerTask.java:lambda$initializeIteration$2(459)) - Datanode localhost-247.141.24.96 7692343f-7e9c-4b34-b3ab-55b4cb8bbf7e is Under-Utilized.
2023-09-14 09:00:51,271 [main] DEBUG balancer.ContainerBalancerTask (ContainerBalancerTask.java:matchSourceWithTarget(708)) - ContainerBalancer is finding suitable target for source datanode e8c8d503-8c50-41c1-a060-9bc44a805bbd
2023-09-14 09:00:51,271 [main] INFO  balancer.ContainerBalancerTask (ContainerBalancerTask.java:matchSourceWithTarget(722)) - ContainerBalancer matched source datanode e8c8d503-8c50-41c1-a060-9bc44a805bbd with target datanode 013ad116-6a8d-469d-989b-af7a0dff46b9 for container move.
2023-09-14 09:00:51,271 [main] INFO  balancer.ContainerBalancerTask (ContainerBalancerTask.java:processMoveSelection(569)) - ContainerBalancer is trying to move container #85 with size 5368709120B from source datanode e8c8d503-8c50-41c1-a060-9bc44a805bbd to target datanode 013ad116-6a8d-469d-989b-af7a0dff46b9
2023-09-14 09:00:51,271 [main] DEBUG balancer.ContainerBalancerTask (ContainerBalancerTask.java:lambda$moveContainer$3(837)) - Container move completed for container #85 from source e8c8d503-8c50-41c1-a060-9bc44a805bbd to target 013ad116-6a8d-469d-989b-af7a0dff46b9
2023-09-14 09:00:51,274 [main] DEBUG balancer.ContainerBalancerTask (ContainerBalancerTask.java:matchSourceWithTarget(708)) - ContainerBalancer is finding suitable target for source datanode e8c8d503-8c50-41c1-a060-9bc44a805bbd
2023-09-14 09:00:51,275 [main] INFO  balancer.ContainerBalancerTask (ContainerBalancerTask.java:matchSourceWithTarget(722)) - ContainerBalancer matched source datanode e8c8d503-8c50-41c1-a060-9bc44a805bbd with target datanode c8d4a321-29c3-4112-a81b-8d9bc0a8dcad for container move.
2023-09-14 09:00:51,275 [main] INFO  balancer.ContainerBalancerTask (ContainerBalancerTask.java:processMoveSelection(569)) - ContainerBalancer is trying to move container #53 with size 5368709120B from source datanode e8c8d503-8c50-41c1-a060-9bc44a805bbd to target datanode c8d4a321-29c3-4112-a81b-8d9bc0a8dcad
2023-09-14 09:00:51,275 [main] DEBUG balancer.ContainerBalancerTask (ContainerBalancerTask.java:lambda$moveContainer$3(837)) - Container move completed for container #53 from source e8c8d503-8c50-41c1-a060-9bc44a805bbd to target c8d4a321-29c3-4112-a81b-8d9bc0a8dcad
2023-09-14 09:00:51,278 [main] DEBUG balancer.ContainerBalancerTask (ContainerBalancerTask.java:matchSourceWithTarget(708)) - ContainerBalancer is finding suitable target for source datanode 358efa86-d946-4570-a532-a1d403bd099f
2023-09-14 09:00:51,278 [main] INFO  balancer.ContainerBalancerTask (ContainerBalancerTask.java:matchSourceWithTarget(722)) - ContainerBalancer matched source datanode 358efa86-d946-4570-a532-a1d403bd099f with target datanode c8d4a321-29c3-4112-a81b-8d9bc0a8dcad for container move.
2023-09-14 09:00:51,278 [main] INFO  balancer.ContainerBalancerTask (ContainerBalancerTask.java:processMoveSelection(569)) - ContainerBalancer is trying to move container #40 with size 5368709120B from source datanode 358efa86-d946-4570-a532-a1d403bd099f to target datanode c8d4a321-29c3-4112-a81b-8d9bc0a8dcad
2023-09-14 09:00:51,279 [main] DEBUG balancer.ContainerBalancerTask (ContainerBalancerTask.java:lambda$moveContainer$3(837)) - Container move completed for container #40 from source 358efa86-d946-4570-a532-a1d403bd099f to target c8d4a321-29c3-4112-a81b-8d9bc0a8dcad
2023-09-14 09:00:51,282 [main] DEBUG balancer.ContainerBalancerTask (ContainerBalancerTask.java:matchSourceWithTarget(708)) - ContainerBalancer is finding suitable target for source datanode 358efa86-d946-4570-a532-a1d403bd099f
2023-09-14 09:00:51,283 [main] INFO  balancer.ContainerBalancerTask (ContainerBalancerTask.java:matchSourceWithTarget(722)) - ContainerBalancer matched source datanode 358efa86-d946-4570-a532-a1d403bd099f with target datanode c8d4a321-29c3-4112-a81b-8d9bc0a8dcad for container move.
2023-09-14 09:00:51,283 [main] INFO  balancer.ContainerBalancerTask (ContainerBalancerTask.java:processMoveSelection(569)) - ContainerBalancer is trying to move container #67 with size 4294967296B from source datanode 358efa86-d946-4570-a532-a1d403bd099f to target datanode c8d4a321-29c3-4112-a81b-8d9bc0a8dcad
2023-09-14 09:00:51,283 [main] DEBUG balancer.ContainerBalancerTask (ContainerBalancerTask.java:lambda$moveContainer$3(837)) - Container move completed for container #67 from source 358efa86-d946-4570-a532-a1d403bd099f to target c8d4a321-29c3-4112-a81b-8d9bc0a8dcad
2023-09-14 09:00:51,285 [main] DEBUG balancer.ContainerBalancerTask (ContainerBalancerTask.java:matchSourceWithTarget(708)) - ContainerBalancer is finding suitable target for source datanode e8c8d503-8c50-41c1-a060-9bc44a805bbd
2023-09-14 09:00:51,286 [main] INFO  balancer.ContainerBalancerTask (ContainerBalancerTask.java:matchSourceWithTarget(722)) - ContainerBalancer matched source datanode e8c8d503-8c50-41c1-a060-9bc44a805bbd with target datanode c8d4a321-29c3-4112-a81b-8d9bc0a8dcad for container move.
2023-09-14 09:00:51,286 [main] INFO  balancer.ContainerBalancerTask (ContainerBalancerTask.java:processMoveSelection(569)) - ContainerBalancer is trying to move container #89 with size 4294967296B from source datanode e8c8d503-8c50-41c1-a060-9bc44a805bbd to target datanode c8d4a321-29c3-4112-a81b-8d9bc0a8dcad
2023-09-14 09:00:51,286 [main] DEBUG balancer.ContainerBalancerTask (ContainerBalancerTask.java:lambda$moveContainer$3(837)) - Container move completed for container #89 from source e8c8d503-8c50-41c1-a060-9bc44a805bbd to target c8d4a321-29c3-4112-a81b-8d9bc0a8dcad
2023-09-14 09:00:51,289 [main] DEBUG balancer.ContainerBalancerTask (ContainerBalancerTask.java:matchSourceWithTarget(708)) - ContainerBalancer is finding suitable target for source datanode 53272f28-f5da-4336-bcea-f8b352997aa0
2023-09-14 09:00:51,289 [main] INFO  balancer.ContainerBalancerTask (ContainerBalancerTask.java:matchSourceWithTarget(722)) - ContainerBalancer matched source datanode 53272f28-f5da-4336-bcea-f8b352997aa0 with target datanode 013ad116-6a8d-469d-989b-af7a0dff46b9 for container move.
2023-09-14 09:00:51,289 [main] INFO  balancer.ContainerBalancerTask (ContainerBalancerTask.java:processMoveSelection(569)) - ContainerBalancer is trying to move container #68 with size 5368709120B from source datanode 53272f28-f5da-4336-bcea-f8b352997aa0 to target datanode 013ad116-6a8d-469d-989b-af7a0dff46b9
2023-09-14 09:00:51,289 [main] DEBUG balancer.ContainerBalancerTask (ContainerBalancerTask.java:lambda$moveContainer$3(837)) - Container move completed for container #68 from source 53272f28-f5da-4336-bcea-f8b352997aa0 to target 013ad116-6a8d-469d-989b-af7a0dff46b9
2023-09-14 09:00:51,293 [main] DEBUG balancer.ContainerBalancerTask (ContainerBalancerTask.java:matchSourceWithTarget(708)) - ContainerBalancer is finding suitable target for source datanode 358efa86-d946-4570-a532-a1d403bd099f
2023-09-14 09:00:51,293 [main] INFO  balancer.ContainerBalancerTask (ContainerBalancerTask.java:matchSourceWithTarget(722)) - ContainerBalancer matched source datanode 358efa86-d946-4570-a532-a1d403bd099f with target datanode c8d4a321-29c3-4112-a81b-8d9bc0a8dcad for container move.
2023-09-14 09:00:51,293 [main] INFO  balancer.ContainerBalancerTask (ContainerBalancerTask.java:processMoveSelection(569)) - ContainerBalancer is trying to move container #71 with size 3221225472B from source datanode 358efa86-d946-4570-a532-a1d403bd099f to target datanode c8d4a321-29c3-4112-a81b-8d9bc0a8dcad
2023-09-14 09:00:51,293 [main] DEBUG balancer.ContainerBalancerTask (ContainerBalancerTask.java:lambda$moveContainer$3(837)) - Container move completed for container #71 from source 358efa86-d946-4570-a532-a1d403bd099f to target c8d4a321-29c3-4112-a81b-8d9bc0a8dcad
2023-09-14 09:00:51,296 [main] DEBUG balancer.ContainerBalancerTask (ContainerBalancerTask.java:matchSourceWithTarget(708)) - ContainerBalancer is finding suitable target for source datanode e8c8d503-8c50-41c1-a060-9bc44a805bbd
2023-09-14 09:00:51,296 [main] INFO  balancer.ContainerBalancerTask (ContainerBalancerTask.java:matchSourceWithTarget(722)) - ContainerBalancer matched source datanode e8c8d503-8c50-41c1-a060-9bc44a805bbd with target datanode c8d4a321-29c3-4112-a81b-8d9bc0a8dcad for container move.
2023-09-14 09:00:51,296 [main] INFO  balancer.ContainerBalancerTask (ContainerBalancerTask.java:processMoveSelection(569)) - ContainerBalancer is trying to move container #84 with size 4294967296B from source datanode e8c8d503-8c50-41c1-a060-9bc44a805bbd to target datanode c8d4a321-29c3-4112-a81b-8d9bc0a8dcad
2023-09-14 09:00:51,297 [main] DEBUG balancer.ContainerBalancerTask (ContainerBalancerTask.java:lambda$moveContainer$3(837)) - Container move completed for container #84 from source e8c8d503-8c50-41c1-a060-9bc44a805bbd to target c8d4a321-29c3-4112-a81b-8d9bc0a8dcad
2023-09-14 09:00:51,300 [main] DEBUG balancer.ContainerBalancerTask (ContainerBalancerTask.java:matchSourceWithTarget(708)) - ContainerBalancer is finding suitable target for source datanode 358efa86-d946-4570-a532-a1d403bd099f
2023-09-14 09:00:51,301 [main] INFO  balancer.ContainerBalancerTask (ContainerBalancerTask.java:matchSourceWithTarget(722)) - ContainerBalancer matched source datanode 358efa86-d946-4570-a532-a1d403bd099f with target datanode c8d4a321-29c3-4112-a81b-8d9bc0a8dcad for container move.
2023-09-14 09:00:51,301 [main] INFO  balancer.ContainerBalancerTask (ContainerBalancerTask.java:processMoveSelection(569)) - ContainerBalancer is trying to move container #66 with size 3221225472B from source datanode 358efa86-d946-4570-a532-a1d403bd099f to target datanode c8d4a321-29c3-4112-a81b-8d9bc0a8dcad
2023-09-14 09:00:51,301 [main] DEBUG balancer.ContainerBalancerTask (ContainerBalancerTask.java:lambda$moveContainer$3(837)) - Container move completed for container #66 from source 358efa86-d946-4570-a532-a1d403bd099f to target c8d4a321-29c3-4112-a81b-8d9bc0a8dcad
2023-09-14 09:00:51,303 [main] DEBUG balancer.ContainerBalancerTask (ContainerBalancerTask.java:matchSourceWithTarget(708)) - ContainerBalancer is finding suitable target for source datanode 53272f28-f5da-4336-bcea-f8b352997aa0
2023-09-14 09:00:51,304 [main] INFO  balancer.ContainerBalancerTask (ContainerBalancerTask.java:matchSourceWithTarget(722)) - ContainerBalancer matched source datanode 53272f28-f5da-4336-bcea-f8b352997aa0 with target datanode c8d4a321-29c3-4112-a81b-8d9bc0a8dcad for container move.
2023-09-14 09:00:51,304 [main] INFO  balancer.ContainerBalancerTask (ContainerBalancerTask.java:processMoveSelection(569)) - ContainerBalancer is trying to move container #52 with size 4294967296B from source datanode 53272f28-f5da-4336-bcea-f8b352997aa0 to target datanode c8d4a321-29c3-4112-a81b-8d9bc0a8dcad
2023-09-14 09:00:51,304 [main] DEBUG balancer.ContainerBalancerTask (ContainerBalancerTask.java:lambda$moveContainer$3(837)) - Container move completed for container #52 from source 53272f28-f5da-4336-bcea-f8b352997aa0 to target c8d4a321-29c3-4112-a81b-8d9bc0a8dcad
2023-09-14 09:00:51,308 [main] DEBUG balancer.ContainerBalancerTask (ContainerBalancerTask.java:matchSourceWithTarget(708)) - ContainerBalancer is finding suitable target for source datanode 5e585b6e-12be-46a0-bb5e-024b6c977e77
2023-09-14 09:00:51,308 [main] INFO  balancer.ContainerBalancerTask (ContainerBalancerTask.java:matchSourceWithTarget(722)) - ContainerBalancer matched source datanode 5e585b6e-12be-46a0-bb5e-024b6c977e77 with target datanode c8d4a321-29c3-4112-a81b-8d9bc0a8dcad for container move.
2023-09-14 09:00:51,308 [main] INFO  balancer.ContainerBalancerTask (ContainerBalancerTask.java:processMoveSelection(569)) - ContainerBalancer is trying to move container #88 with size 3221225472B from source datanode 5e585b6e-12be-46a0-bb5e-024b6c977e77 to target datanode c8d4a321-29c3-4112-a81b-8d9bc0a8dcad
2023-09-14 09:00:51,308 [main] DEBUG balancer.ContainerBalancerTask (ContainerBalancerTask.java:lambda$moveContainer$3(837)) - Container move completed for container #88 from source 5e585b6e-12be-46a0-bb5e-024b6c977e77 to target c8d4a321-29c3-4112-a81b-8d9bc0a8dcad
2023-09-14 09:00:51,314 [main] DEBUG balancer.ContainerBalancerTask (ContainerBalancerTask.java:matchSourceWithTarget(708)) - ContainerBalancer is finding suitable target for source datanode 358efa86-d946-4570-a532-a1d403bd099f
2023-09-14 09:00:51,314 [main] INFO  balancer.ContainerBalancerTask (ContainerBalancerTask.java:matchSourceWithTarget(722)) - ContainerBalancer matched source datanode 358efa86-d946-4570-a532-a1d403bd099f with target datanode 7692343f-7e9c-4b34-b3ab-55b4cb8bbf7e for container move.
2023-09-14 09:00:51,314 [main] INFO  balancer.ContainerBalancerTask (ContainerBalancerTask.java:processMoveSelection(569)) - ContainerBalancer is trying to move container #39 with size 4294967296B from source datanode 358efa86-d946-4570-a532-a1d403bd099f to target datanode 7692343f-7e9c-4b34-b3ab-55b4cb8bbf7e
2023-09-14 09:00:51,315 [main] DEBUG balancer.ContainerBalancerTask (ContainerBalancerTask.java:lambda$moveContainer$3(837)) - Container move completed for container #39 from source 358efa86-d946-4570-a532-a1d403bd099f to target 7692343f-7e9c-4b34-b3ab-55b4cb8bbf7e
2023-09-14 09:00:51,318 [main] DEBUG balancer.ContainerBalancerTask (ContainerBalancerTask.java:matchSourceWithTarget(708)) - ContainerBalancer is finding suitable target for source datanode 5e585b6e-12be-46a0-bb5e-024b6c977e77
2023-09-14 09:00:51,319 [main] INFO  balancer.ContainerBalancerTask (ContainerBalancerTask.java:matchSourceWithTarget(722)) - ContainerBalancer matched source datanode 5e585b6e-12be-46a0-bb5e-024b6c977e77 with target datanode c8d4a321-29c3-4112-a81b-8d9bc0a8dcad for container move.
2023-09-14 09:00:51,319 [main] INFO  balancer.ContainerBalancerTask (ContainerBalancerTask.java:processMoveSelection(569)) - ContainerBalancer is trying to move container #54 with size 1073741824B from source datanode 5e585b6e-12be-46a0-bb5e-024b6c977e77 to target datanode c8d4a321-29c3-4112-a81b-8d9bc0a8dcad
2023-09-14 09:00:51,319 [main] DEBUG balancer.ContainerBalancerTask (ContainerBalancerTask.java:lambda$moveContainer$3(837)) - Container move completed for container #54 from source 5e585b6e-12be-46a0-bb5e-024b6c977e77 to target c8d4a321-29c3-4112-a81b-8d9bc0a8dcad
2023-09-14 09:00:51,319 [main] WARN  balancer.ContainerBalancerTask (ContainerBalancerTask.java:reachedMaxSizeToMovePerIteration(733)) - Reached max size to move limit. 53687091200 bytes have already been scheduled for balancing and the limit is 53687091200 bytes.
2023-09-14 09:00:51,319 [main] INFO  balancer.ContainerBalancerTask (ContainerBalancerTask.java:checkIterationMoveResults(642)) - Iteration Summary. Number of Datanodes involved: 7. Size moved: 50 GB (53687091200 Bytes). Number of Container moves completed: 13.
2023-09-14 09:00:51,319 [main] INFO  balancer.ContainerBalancerTask (ContainerBalancerTask.java:balance(259)) - Result of this iteration of Container Balancer: ITERATION_COMPLETED
2023-09-14 09:00:51,319 [main] INFO  balancer.ContainerBalancerTask (ContainerBalancerTask.java:tryStopWithSaveConfiguration(308)) - Save Configuration for stopping. Reason: Completed all iterations.
]]></system-out>
  </testcase>
  <testcase name="testCalculationOfUtilization" classname="org.apache.hadoop.hdds.scm.container.balancer.TestContainerBalancerTask" time="0.028">
    <system-out><![CDATA[2023-09-14 09:00:51,345 [main] INFO  net.NodeSchemaLoader (NodeSchemaLoader.java:loadSchemaFromFile(129)) - Loading schema from [file:/home/runner/work/ozone/ozone/hadoop-hdds/common/target/classes/network-topology-default.xml]
2023-09-14 09:00:51,345 [main] INFO  net.NodeSchemaLoader (NodeSchemaLoader.java:loadSchema(176)) - Loading network topology layer schema file
2023-09-14 09:00:51,347 [main] INFO  net.NetworkTopologyImpl (NetworkTopologyImpl.java:add(112)) - Added a new node: /default-rack/8351e2f6-2dd8-48af-80b5-a86c76e7f60c
2023-09-14 09:00:51,347 [main] INFO  net.NetworkTopologyImpl (NetworkTopologyImpl.java:add(112)) - Added a new node: /default-rack/ba4eb21a-92bb-4adb-9a5c-f4d2bdc0d9f9
2023-09-14 09:00:51,347 [main] INFO  net.NetworkTopologyImpl (NetworkTopologyImpl.java:add(112)) - Added a new node: /default-rack/39676dee-40c2-4cf3-9ee2-f774ad5f7f95
2023-09-14 09:00:51,347 [main] INFO  net.NetworkTopologyImpl (NetworkTopologyImpl.java:add(112)) - Added a new node: /default-rack/91686751-2132-40fb-8593-7d05625642d9
2023-09-14 09:00:51,347 [main] INFO  net.NetworkTopologyImpl (NetworkTopologyImpl.java:add(112)) - Added a new node: /default-rack/cada53f1-07bb-4ca4-a120-046bd70abc4c
2023-09-14 09:00:51,347 [main] INFO  net.NetworkTopologyImpl (NetworkTopologyImpl.java:add(112)) - Added a new node: /default-rack/a00d2224-d54e-4ffb-bf9a-fcf099316ace
2023-09-14 09:00:51,347 [main] INFO  net.NetworkTopologyImpl (NetworkTopologyImpl.java:add(112)) - Added a new node: /default-rack/70761c6f-62f8-4656-ab7f-833cf9baec94
2023-09-14 09:00:51,347 [main] INFO  net.NetworkTopologyImpl (NetworkTopologyImpl.java:add(112)) - Added a new node: /default-rack/eae9e54c-5527-47a9-b40e-fb9203efa3a6
2023-09-14 09:00:51,347 [main] INFO  net.NetworkTopologyImpl (NetworkTopologyImpl.java:add(112)) - Added a new node: /default-rack/3008a0bd-9a39-4385-a580-8c4505a35c51
2023-09-14 09:00:51,348 [main] INFO  net.NetworkTopologyImpl (NetworkTopologyImpl.java:add(112)) - Added a new node: /default-rack/227ff6d1-b192-4636-9b89-a12c0b0f17fe
2023-09-14 09:00:51,348 [main] INFO  algorithms.ContainerPlacementPolicyFactory (ContainerPlacementPolicyFactory.java:getPolicyInternal(86)) - Create container placement policy of type org.apache.hadoop.hdds.scm.container.placement.algorithms.SCMContainerPlacementRackAware
2023-09-14 09:00:51,348 [main] INFO  algorithms.ContainerPlacementPolicyFactory (ContainerPlacementPolicyFactory.java:getPolicyInternal(86)) - Create container placement policy of type org.apache.hadoop.hdds.scm.container.placement.algorithms.SCMContainerPlacementRackScatter
]]></system-out>
  </testcase>
  <testcase name="initializeIterationShouldUpdateUnBalancedNodesWhenThresholdChanges" classname="org.apache.hadoop.hdds.scm.container.balancer.TestContainerBalancerTask" time="0.686">
    <system-out><![CDATA[2023-09-14 09:00:51,373 [main] INFO  net.NodeSchemaLoader (NodeSchemaLoader.java:loadSchemaFromFile(129)) - Loading schema from [file:/home/runner/work/ozone/ozone/hadoop-hdds/common/target/classes/network-topology-default.xml]
2023-09-14 09:00:51,373 [main] INFO  net.NodeSchemaLoader (NodeSchemaLoader.java:loadSchema(176)) - Loading network topology layer schema file
2023-09-14 09:00:51,375 [main] INFO  net.NetworkTopologyImpl (NetworkTopologyImpl.java:add(112)) - Added a new node: /default-rack/f566b4e4-cbfe-4faf-a56a-ea8079f0a6aa
2023-09-14 09:00:51,375 [main] INFO  net.NetworkTopologyImpl (NetworkTopologyImpl.java:add(112)) - Added a new node: /default-rack/250eb2c8-682b-4b3a-a83a-e00ac03e249d
2023-09-14 09:00:51,375 [main] INFO  net.NetworkTopologyImpl (NetworkTopologyImpl.java:add(112)) - Added a new node: /default-rack/af525658-3b6e-4170-aa4a-4569182def5e
2023-09-14 09:00:51,375 [main] INFO  net.NetworkTopologyImpl (NetworkTopologyImpl.java:add(112)) - Added a new node: /default-rack/590d5e92-d535-41c5-a6c4-4c98d164c5ff
2023-09-14 09:00:51,375 [main] INFO  net.NetworkTopologyImpl (NetworkTopologyImpl.java:add(112)) - Added a new node: /default-rack/b2410ec6-bcc1-4c4b-b620-7ec872c2fe8e
2023-09-14 09:00:51,423 [main] INFO  net.NetworkTopologyImpl (NetworkTopologyImpl.java:add(112)) - Added a new node: /default-rack/91d2078e-5a22-4e36-bbfb-501cc119c99c
2023-09-14 09:00:51,424 [main] INFO  net.NetworkTopologyImpl (NetworkTopologyImpl.java:add(112)) - Added a new node: /default-rack/1900701f-e253-4cdd-ab6a-c712c592a450
2023-09-14 09:00:51,424 [main] INFO  net.NetworkTopologyImpl (NetworkTopologyImpl.java:add(112)) - Added a new node: /default-rack/86b781ac-681d-4737-af9f-2dbbe676040f
2023-09-14 09:00:51,424 [main] INFO  net.NetworkTopologyImpl (NetworkTopologyImpl.java:add(112)) - Added a new node: /default-rack/c3dbb107-9225-42c7-bd9d-68a8fe900965
2023-09-14 09:00:51,424 [main] INFO  net.NetworkTopologyImpl (NetworkTopologyImpl.java:add(112)) - Added a new node: /default-rack/86ea1744-2c30-43c3-bbe6-07005c6b0bce
2023-09-14 09:00:51,424 [main] INFO  algorithms.ContainerPlacementPolicyFactory (ContainerPlacementPolicyFactory.java:getPolicyInternal(86)) - Create container placement policy of type org.apache.hadoop.hdds.scm.container.placement.algorithms.SCMContainerPlacementRackAware
2023-09-14 09:00:51,424 [main] INFO  algorithms.ContainerPlacementPolicyFactory (ContainerPlacementPolicyFactory.java:getPolicyInternal(86)) - Create container placement policy of type org.apache.hadoop.hdds.scm.container.placement.algorithms.SCMContainerPlacementRackScatter
2023-09-14 09:00:51,428 [main] DEBUG balancer.ContainerBalancerTask (ContainerBalancerTask.java:initializeIteration(374)) - Average utilization of the cluster is 0.3407892738599359
2023-09-14 09:00:51,428 [main] DEBUG balancer.ContainerBalancerTask (ContainerBalancerTask.java:initializeIteration(386)) - Lower limit for utilization is -0.6139218620654339 and Upper limit for utilization is 1.2955004097853056
2023-09-14 09:00:51,428 [main] DEBUG balancer.ContainerBalancerTask (ContainerBalancerTask.java:initializeIteration(398)) - Utilization for node 1900701f-e253-4cdd-ab6a-c712c592a450 with capacity 57266230613B, used 51539607552B, and remaining 5726623061B is 0.9000000000052387
2023-09-14 09:00:51,428 [main] DEBUG balancer.ContainerBalancerTask (ContainerBalancerTask.java:initializeIteration(398)) - Utilization for node b2410ec6-bcc1-4c4b-b620-7ec872c2fe8e with capacity 45634027520B, used 36507222016B, and remaining 9126805504B is 0.8
2023-09-14 09:00:51,428 [main] DEBUG balancer.ContainerBalancerTask (ContainerBalancerTask.java:initializeIteration(398)) - Utilization for node 91d2078e-5a22-4e36-bbfb-501cc119c99c with capacity 69026260114B, used 48318382080B, and remaining 20707878034B is 0.7000000000028974
2023-09-14 09:00:51,428 [main] DEBUG balancer.ContainerBalancerTask (ContainerBalancerTask.java:initializeIteration(398)) - Utilization for node f566b4e4-cbfe-4faf-a56a-ea8079f0a6aa with capacity 76951497386B, used 46170898432B, and remaining 30780598954B is 0.600000000005198
2023-09-14 09:00:51,428 [main] DEBUG balancer.ContainerBalancerTask (ContainerBalancerTask.java:initializeIteration(398)) - Utilization for node 590d5e92-d535-41c5-a6c4-4c98d164c5ff with capacity 115964116992B, used 57982058496B, and remaining 57982058496B is 0.5
2023-09-14 09:00:51,428 [main] DEBUG balancer.ContainerBalancerTask (ContainerBalancerTask.java:initializeIteration(398)) - Utilization for node af525658-3b6e-4170-aa4a-4569182def5e with capacity 134217728000B, used 53687091200B, and remaining 80530636800B is 0.4
2023-09-14 09:00:51,428 [main] DEBUG balancer.ContainerBalancerTask (ContainerBalancerTask.java:initializeIteration(398)) - Utilization for node 86ea1744-2c30-43c3-bbe6-07005c6b0bce with capacity 114532461226B, used 34359738368B, and remaining 80172722858B is 0.3000000000017462
2023-09-14 09:00:51,428 [main] DEBUG balancer.ContainerBalancerTask (ContainerBalancerTask.java:initializeIteration(398)) - Utilization for node c3dbb107-9225-42c7-bd9d-68a8fe900965 with capacity 187904819200B, used 37580963840B, and remaining 150323855360B is 0.2
2023-09-14 09:00:51,429 [main] DEBUG balancer.ContainerBalancerTask (ContainerBalancerTask.java:initializeIteration(398)) - Utilization for node 250eb2c8-682b-4b3a-a83a-e00ac03e249d with capacity 354334801920B, used 35433480192B, and remaining 318901321728B is 0.1
2023-09-14 09:00:51,429 [main] DEBUG balancer.ContainerBalancerTask (ContainerBalancerTask.java:initializeIteration(398)) - Utilization for node 86b781ac-681d-4737-af9f-2dbbe676040f with capacity 22548578304B, used 0B, and remaining 22548578304B is 0.0
2023-09-14 09:00:51,429 [main] INFO  balancer.ContainerBalancerTask (ContainerBalancerTask.java:initializeIteration(443)) - Did not find any unbalanced Datanodes.
2023-09-14 09:00:51,429 [main] INFO  balancer.ContainerBalancerTask (ContainerBalancerTask.java:tryStopWithSaveConfiguration(308)) - Save Configuration for stopping. Reason: Could not initialize ContainerBalancer's iteration number 0
2023-09-14 09:00:51,430 [main] DEBUG balancer.ContainerBalancerTask (ContainerBalancerTask.java:initializeIteration(374)) - Average utilization of the cluster is 0.3407892738599359
2023-09-14 09:00:51,430 [main] DEBUG balancer.ContainerBalancerTask (ContainerBalancerTask.java:initializeIteration(386)) - Lower limit for utilization is 0.08526239772450689 and Upper limit for utilization is 0.5963161499953649
2023-09-14 09:00:51,430 [main] DEBUG balancer.ContainerBalancerTask (ContainerBalancerTask.java:initializeIteration(398)) - Utilization for node 1900701f-e253-4cdd-ab6a-c712c592a450 with capacity 57266230613B, used 51539607552B, and remaining 5726623061B is 0.9000000000052387
2023-09-14 09:00:51,430 [main] DEBUG balancer.ContainerBalancerTask (ContainerBalancerTask.java:initializeIteration(398)) - Utilization for node b2410ec6-bcc1-4c4b-b620-7ec872c2fe8e with capacity 45634027520B, used 36507222016B, and remaining 9126805504B is 0.8
2023-09-14 09:00:51,431 [main] DEBUG balancer.ContainerBalancerTask (ContainerBalancerTask.java:initializeIteration(398)) - Utilization for node 91d2078e-5a22-4e36-bbfb-501cc119c99c with capacity 69026260114B, used 48318382080B, and remaining 20707878034B is 0.7000000000028974
2023-09-14 09:00:51,431 [main] DEBUG balancer.ContainerBalancerTask (ContainerBalancerTask.java:initializeIteration(398)) - Utilization for node f566b4e4-cbfe-4faf-a56a-ea8079f0a6aa with capacity 76951497386B, used 46170898432B, and remaining 30780598954B is 0.600000000005198
2023-09-14 09:00:51,431 [main] DEBUG balancer.ContainerBalancerTask (ContainerBalancerTask.java:initializeIteration(398)) - Utilization for node 590d5e92-d535-41c5-a6c4-4c98d164c5ff with capacity 115964116992B, used 57982058496B, and remaining 57982058496B is 0.5
2023-09-14 09:00:51,431 [main] DEBUG balancer.ContainerBalancerTask (ContainerBalancerTask.java:initializeIteration(398)) - Utilization for node af525658-3b6e-4170-aa4a-4569182def5e with capacity 134217728000B, used 53687091200B, and remaining 80530636800B is 0.4
2023-09-14 09:00:51,431 [main] DEBUG balancer.ContainerBalancerTask (ContainerBalancerTask.java:initializeIteration(398)) - Utilization for node 86ea1744-2c30-43c3-bbe6-07005c6b0bce with capacity 114532461226B, used 34359738368B, and remaining 80172722858B is 0.3000000000017462
2023-09-14 09:00:51,431 [main] DEBUG balancer.ContainerBalancerTask (ContainerBalancerTask.java:initializeIteration(398)) - Utilization for node c3dbb107-9225-42c7-bd9d-68a8fe900965 with capacity 187904819200B, used 37580963840B, and remaining 150323855360B is 0.2
2023-09-14 09:00:51,431 [main] DEBUG balancer.ContainerBalancerTask (ContainerBalancerTask.java:initializeIteration(398)) - Utilization for node 250eb2c8-682b-4b3a-a83a-e00ac03e249d with capacity 354334801920B, used 35433480192B, and remaining 318901321728B is 0.1
2023-09-14 09:00:51,431 [main] DEBUG balancer.ContainerBalancerTask (ContainerBalancerTask.java:initializeIteration(398)) - Utilization for node 86b781ac-681d-4737-af9f-2dbbe676040f with capacity 22548578304B, used 0B, and remaining 22548578304B is 0.0
2023-09-14 09:00:51,431 [main] INFO  balancer.ContainerBalancerTask (ContainerBalancerTask.java:initializeIteration(447)) - Container Balancer has identified 4 Over-Utilized and 1 Under-Utilized Datanodes that need to be balanced.
2023-09-14 09:00:51,431 [main] DEBUG balancer.ContainerBalancerTask (ContainerBalancerTask.java:lambda$initializeIteration$1(453)) - Datanode localhost-192.57.233.171 1900701f-e253-4cdd-ab6a-c712c592a450 is Over-Utilized.
2023-09-14 09:00:51,431 [main] DEBUG balancer.ContainerBalancerTask (ContainerBalancerTask.java:lambda$initializeIteration$1(453)) - Datanode localhost-219.238.93.19 b2410ec6-bcc1-4c4b-b620-7ec872c2fe8e is Over-Utilized.
2023-09-14 09:00:51,431 [main] DEBUG balancer.ContainerBalancerTask (ContainerBalancerTask.java:lambda$initializeIteration$1(453)) - Datanode localhost-99.121.120.236 91d2078e-5a22-4e36-bbfb-501cc119c99c is Over-Utilized.
2023-09-14 09:00:51,432 [main] DEBUG balancer.ContainerBalancerTask (ContainerBalancerTask.java:lambda$initializeIteration$1(453)) - Datanode localhost-146.28.35.242 f566b4e4-cbfe-4faf-a56a-ea8079f0a6aa is Over-Utilized.
2023-09-14 09:00:51,435 [main] DEBUG balancer.ContainerBalancerTask (ContainerBalancerTask.java:lambda$initializeIteration$2(459)) - Datanode localhost-87.39.252.231 86b781ac-681d-4737-af9f-2dbbe676040f is Under-Utilized.
2023-09-14 09:00:51,440 [main] DEBUG balancer.ContainerBalancerTask (ContainerBalancerTask.java:matchSourceWithTarget(708)) - ContainerBalancer is finding suitable target for source datanode 1900701f-e253-4cdd-ab6a-c712c592a450
2023-09-14 09:00:51,440 [main] INFO  balancer.ContainerBalancerTask (ContainerBalancerTask.java:matchSourceWithTarget(722)) - ContainerBalancer matched source datanode 1900701f-e253-4cdd-ab6a-c712c592a450 with target datanode 86b781ac-681d-4737-af9f-2dbbe676040f for container move.
2023-09-14 09:00:51,441 [main] INFO  balancer.ContainerBalancerTask (ContainerBalancerTask.java:processMoveSelection(569)) - ContainerBalancer is trying to move container #85 with size 5368709120B from source datanode 1900701f-e253-4cdd-ab6a-c712c592a450 to target datanode 86b781ac-681d-4737-af9f-2dbbe676040f
2023-09-14 09:00:51,441 [main] DEBUG balancer.ContainerBalancerTask (ContainerBalancerTask.java:lambda$moveContainer$3(837)) - Container move completed for container #85 from source 1900701f-e253-4cdd-ab6a-c712c592a450 to target 86b781ac-681d-4737-af9f-2dbbe676040f
2023-09-14 09:00:51,443 [main] DEBUG balancer.ContainerBalancerTask (ContainerBalancerTask.java:matchSourceWithTarget(708)) - ContainerBalancer is finding suitable target for source datanode 1900701f-e253-4cdd-ab6a-c712c592a450
2023-09-14 09:00:51,447 [main] INFO  balancer.ContainerBalancerTask (ContainerBalancerTask.java:matchSourceWithTarget(722)) - ContainerBalancer matched source datanode 1900701f-e253-4cdd-ab6a-c712c592a450 with target datanode 86b781ac-681d-4737-af9f-2dbbe676040f for container move.
2023-09-14 09:00:51,448 [main] INFO  balancer.ContainerBalancerTask (ContainerBalancerTask.java:processMoveSelection(569)) - ContainerBalancer is trying to move container #68 with size 5368709120B from source datanode 1900701f-e253-4cdd-ab6a-c712c592a450 to target datanode 86b781ac-681d-4737-af9f-2dbbe676040f
2023-09-14 09:00:51,448 [main] DEBUG balancer.ContainerBalancerTask (ContainerBalancerTask.java:lambda$moveContainer$3(837)) - Container move completed for container #68 from source 1900701f-e253-4cdd-ab6a-c712c592a450 to target 86b781ac-681d-4737-af9f-2dbbe676040f
2023-09-14 09:00:51,450 [main] DEBUG balancer.ContainerBalancerTask (ContainerBalancerTask.java:matchSourceWithTarget(708)) - ContainerBalancer is finding suitable target for source datanode b2410ec6-bcc1-4c4b-b620-7ec872c2fe8e
2023-09-14 09:00:51,450 [main] INFO  balancer.ContainerBalancerTask (ContainerBalancerTask.java:matchSourceWithTarget(722)) - ContainerBalancer matched source datanode b2410ec6-bcc1-4c4b-b620-7ec872c2fe8e with target datanode 86b781ac-681d-4737-af9f-2dbbe676040f for container move.
2023-09-14 09:00:51,450 [main] INFO  balancer.ContainerBalancerTask (ContainerBalancerTask.java:processMoveSelection(569)) - ContainerBalancer is trying to move container #87 with size 2147483648B from source datanode b2410ec6-bcc1-4c4b-b620-7ec872c2fe8e to target datanode 86b781ac-681d-4737-af9f-2dbbe676040f
2023-09-14 09:00:51,451 [main] DEBUG balancer.ContainerBalancerTask (ContainerBalancerTask.java:lambda$moveContainer$3(837)) - Container move completed for container #87 from source b2410ec6-bcc1-4c4b-b620-7ec872c2fe8e to target 86b781ac-681d-4737-af9f-2dbbe676040f
2023-09-14 09:00:51,452 [main] DEBUG balancer.ContainerBalancerTask (ContainerBalancerTask.java:matchSourceWithTarget(708)) - ContainerBalancer is finding suitable target for source datanode b2410ec6-bcc1-4c4b-b620-7ec872c2fe8e
2023-09-14 09:00:51,454 [main] INFO  balancer.FindTargetGreedyByUsageInfo (AbstractFindTargetGreedy.java:findTargetForContainerMove(133)) - Container Balancer could not find a target for source datanode b2410ec6-bcc1-4c4b-b620-7ec872c2fe8e
2023-09-14 09:00:51,454 [main] DEBUG balancer.ContainerBalancerTask (ContainerBalancerTask.java:matchSourceWithTarget(717)) - ContainerBalancer could not find a suitable target for source node b2410ec6-bcc1-4c4b-b620-7ec872c2fe8e.
2023-09-14 09:00:51,456 [main] DEBUG balancer.ContainerBalancerTask (ContainerBalancerTask.java:matchSourceWithTarget(708)) - ContainerBalancer is finding suitable target for source datanode 1900701f-e253-4cdd-ab6a-c712c592a450
2023-09-14 09:00:51,457 [main] INFO  balancer.FindTargetGreedyByUsageInfo (AbstractFindTargetGreedy.java:findTargetForContainerMove(133)) - Container Balancer could not find a target for source datanode 1900701f-e253-4cdd-ab6a-c712c592a450
2023-09-14 09:00:51,457 [main] DEBUG balancer.ContainerBalancerTask (ContainerBalancerTask.java:matchSourceWithTarget(717)) - ContainerBalancer could not find a suitable target for source node 1900701f-e253-4cdd-ab6a-c712c592a450.
2023-09-14 09:00:51,460 [main] DEBUG balancer.ContainerBalancerTask (ContainerBalancerTask.java:matchSourceWithTarget(708)) - ContainerBalancer is finding suitable target for source datanode 91d2078e-5a22-4e36-bbfb-501cc119c99c
2023-09-14 09:00:51,461 [main] INFO  balancer.FindTargetGreedyByUsageInfo (AbstractFindTargetGreedy.java:findTargetForContainerMove(133)) - Container Balancer could not find a target for source datanode 91d2078e-5a22-4e36-bbfb-501cc119c99c
2023-09-14 09:00:51,461 [main] DEBUG balancer.ContainerBalancerTask (ContainerBalancerTask.java:matchSourceWithTarget(717)) - ContainerBalancer could not find a suitable target for source node 91d2078e-5a22-4e36-bbfb-501cc119c99c.
2023-09-14 09:00:51,466 [main] DEBUG balancer.ContainerBalancerTask (ContainerBalancerTask.java:matchSourceWithTarget(708)) - ContainerBalancer is finding suitable target for source datanode f566b4e4-cbfe-4faf-a56a-ea8079f0a6aa
2023-09-14 09:00:51,467 [main] INFO  balancer.FindTargetGreedyByUsageInfo (AbstractFindTargetGreedy.java:findTargetForContainerMove(133)) - Container Balancer could not find a target for source datanode f566b4e4-cbfe-4faf-a56a-ea8079f0a6aa
2023-09-14 09:00:51,467 [main] DEBUG balancer.ContainerBalancerTask (ContainerBalancerTask.java:matchSourceWithTarget(717)) - ContainerBalancer could not find a suitable target for source node f566b4e4-cbfe-4faf-a56a-ea8079f0a6aa.
2023-09-14 09:00:51,467 [main] INFO  balancer.FindSourceGreedy (FindSourceGreedy.java:getNextCandidateSourceDataNode(126)) - no more candidate source data node
2023-09-14 09:00:51,467 [main] INFO  balancer.ContainerBalancerTask (ContainerBalancerTask.java:checkIterationMoveResults(642)) - Iteration Summary. Number of Datanodes involved: 3. Size moved: 12 GB (12884901888 Bytes). Number of Container moves completed: 3.
2023-09-14 09:00:51,467 [main] INFO  balancer.ContainerBalancerTask (ContainerBalancerTask.java:balance(259)) - Result of this iteration of Container Balancer: ITERATION_COMPLETED
2023-09-14 09:00:51,467 [main] INFO  balancer.ContainerBalancerTask (ContainerBalancerTask.java:tryStopWithSaveConfiguration(308)) - Save Configuration for stopping. Reason: Completed all iterations.
2023-09-14 09:00:51,468 [main] DEBUG balancer.ContainerBalancerTask (ContainerBalancerTask.java:initializeIteration(374)) - Average utilization of the cluster is 0.3407892738599359
2023-09-14 09:00:51,468 [main] DEBUG balancer.ContainerBalancerTask (ContainerBalancerTask.java:initializeIteration(386)) - Lower limit for utilization is -0.38297211261018654 and Upper limit for utilization is 1.0645506603300583
2023-09-14 09:00:51,468 [main] DEBUG balancer.ContainerBalancerTask (ContainerBalancerTask.java:initializeIteration(398)) - Utilization for node 1900701f-e253-4cdd-ab6a-c712c592a450 with capacity 57266230613B, used 51539607552B, and remaining 5726623061B is 0.9000000000052387
2023-09-14 09:00:51,468 [main] DEBUG balancer.ContainerBalancerTask (ContainerBalancerTask.java:initializeIteration(398)) - Utilization for node b2410ec6-bcc1-4c4b-b620-7ec872c2fe8e with capacity 45634027520B, used 36507222016B, and remaining 9126805504B is 0.8
2023-09-14 09:00:51,470 [main] DEBUG balancer.ContainerBalancerTask (ContainerBalancerTask.java:initializeIteration(398)) - Utilization for node 91d2078e-5a22-4e36-bbfb-501cc119c99c with capacity 69026260114B, used 48318382080B, and remaining 20707878034B is 0.7000000000028974
2023-09-14 09:00:51,470 [main] DEBUG balancer.ContainerBalancerTask (ContainerBalancerTask.java:initializeIteration(398)) - Utilization for node f566b4e4-cbfe-4faf-a56a-ea8079f0a6aa with capacity 76951497386B, used 46170898432B, and remaining 30780598954B is 0.600000000005198
2023-09-14 09:00:51,470 [main] DEBUG balancer.ContainerBalancerTask (ContainerBalancerTask.java:initializeIteration(398)) - Utilization for node 590d5e92-d535-41c5-a6c4-4c98d164c5ff with capacity 115964116992B, used 57982058496B, and remaining 57982058496B is 0.5
2023-09-14 09:00:51,470 [main] DEBUG balancer.ContainerBalancerTask (ContainerBalancerTask.java:initializeIteration(398)) - Utilization for node af525658-3b6e-4170-aa4a-4569182def5e with capacity 134217728000B, used 53687091200B, and remaining 80530636800B is 0.4
2023-09-14 09:00:51,470 [main] DEBUG balancer.ContainerBalancerTask (ContainerBalancerTask.java:initializeIteration(398)) - Utilization for node 86ea1744-2c30-43c3-bbe6-07005c6b0bce with capacity 114532461226B, used 34359738368B, and remaining 80172722858B is 0.3000000000017462
2023-09-14 09:00:51,470 [main] DEBUG balancer.ContainerBalancerTask (ContainerBalancerTask.java:initializeIteration(398)) - Utilization for node c3dbb107-9225-42c7-bd9d-68a8fe900965 with capacity 187904819200B, used 37580963840B, and remaining 150323855360B is 0.2
2023-09-14 09:00:51,470 [main] DEBUG balancer.ContainerBalancerTask (ContainerBalancerTask.java:initializeIteration(398)) - Utilization for node 250eb2c8-682b-4b3a-a83a-e00ac03e249d with capacity 354334801920B, used 35433480192B, and remaining 318901321728B is 0.1
2023-09-14 09:00:51,470 [main] DEBUG balancer.ContainerBalancerTask (ContainerBalancerTask.java:initializeIteration(398)) - Utilization for node 86b781ac-681d-4737-af9f-2dbbe676040f with capacity 22548578304B, used 0B, and remaining 22548578304B is 0.0
2023-09-14 09:00:51,470 [main] INFO  balancer.ContainerBalancerTask (ContainerBalancerTask.java:initializeIteration(443)) - Did not find any unbalanced Datanodes.
2023-09-14 09:00:51,471 [main] INFO  balancer.ContainerBalancerTask (ContainerBalancerTask.java:tryStopWithSaveConfiguration(308)) - Save Configuration for stopping. Reason: Could not initialize ContainerBalancer's iteration number 0
2023-09-14 09:00:51,472 [main] DEBUG balancer.ContainerBalancerTask (ContainerBalancerTask.java:initializeIteration(374)) - Average utilization of the cluster is 0.3407892738599359
2023-09-14 09:00:51,472 [main] DEBUG balancer.ContainerBalancerTask (ContainerBalancerTask.java:initializeIteration(386)) - Lower limit for utilization is -0.25442271162242663 and Upper limit for utilization is 0.9360012593422984
2023-09-14 09:00:51,472 [main] DEBUG balancer.ContainerBalancerTask (ContainerBalancerTask.java:initializeIteration(398)) - Utilization for node 1900701f-e253-4cdd-ab6a-c712c592a450 with capacity 57266230613B, used 51539607552B, and remaining 5726623061B is 0.9000000000052387
2023-09-14 09:00:51,472 [main] DEBUG balancer.ContainerBalancerTask (ContainerBalancerTask.java:initializeIteration(398)) - Utilization for node b2410ec6-bcc1-4c4b-b620-7ec872c2fe8e with capacity 45634027520B, used 36507222016B, and remaining 9126805504B is 0.8
2023-09-14 09:00:51,473 [main] DEBUG balancer.ContainerBalancerTask (ContainerBalancerTask.java:initializeIteration(398)) - Utilization for node 91d2078e-5a22-4e36-bbfb-501cc119c99c with capacity 69026260114B, used 48318382080B, and remaining 20707878034B is 0.7000000000028974
2023-09-14 09:00:51,473 [main] DEBUG balancer.ContainerBalancerTask (ContainerBalancerTask.java:initializeIteration(398)) - Utilization for node f566b4e4-cbfe-4faf-a56a-ea8079f0a6aa with capacity 76951497386B, used 46170898432B, and remaining 30780598954B is 0.600000000005198
2023-09-14 09:00:51,473 [main] DEBUG balancer.ContainerBalancerTask (ContainerBalancerTask.java:initializeIteration(398)) - Utilization for node 590d5e92-d535-41c5-a6c4-4c98d164c5ff with capacity 115964116992B, used 57982058496B, and remaining 57982058496B is 0.5
2023-09-14 09:00:51,473 [main] DEBUG balancer.ContainerBalancerTask (ContainerBalancerTask.java:initializeIteration(398)) - Utilization for node af525658-3b6e-4170-aa4a-4569182def5e with capacity 134217728000B, used 53687091200B, and remaining 80530636800B is 0.4
2023-09-14 09:00:51,473 [main] DEBUG balancer.ContainerBalancerTask (ContainerBalancerTask.java:initializeIteration(398)) - Utilization for node 86ea1744-2c30-43c3-bbe6-07005c6b0bce with capacity 114532461226B, used 34359738368B, and remaining 80172722858B is 0.3000000000017462
2023-09-14 09:00:51,473 [main] DEBUG balancer.ContainerBalancerTask (ContainerBalancerTask.java:initializeIteration(398)) - Utilization for node c3dbb107-9225-42c7-bd9d-68a8fe900965 with capacity 187904819200B, used 37580963840B, and remaining 150323855360B is 0.2
2023-09-14 09:00:51,473 [main] DEBUG balancer.ContainerBalancerTask (ContainerBalancerTask.java:initializeIteration(398)) - Utilization for node 250eb2c8-682b-4b3a-a83a-e00ac03e249d with capacity 354334801920B, used 35433480192B, and remaining 318901321728B is 0.1
2023-09-14 09:00:51,473 [main] DEBUG balancer.ContainerBalancerTask (ContainerBalancerTask.java:initializeIteration(398)) - Utilization for node 86b781ac-681d-4737-af9f-2dbbe676040f with capacity 22548578304B, used 0B, and remaining 22548578304B is 0.0
2023-09-14 09:00:51,473 [main] INFO  balancer.ContainerBalancerTask (ContainerBalancerTask.java:initializeIteration(443)) - Did not find any unbalanced Datanodes.
2023-09-14 09:00:51,473 [main] INFO  balancer.ContainerBalancerTask (ContainerBalancerTask.java:tryStopWithSaveConfiguration(308)) - Save Configuration for stopping. Reason: Could not initialize ContainerBalancer's iteration number 0
2023-09-14 09:00:51,474 [main] DEBUG balancer.ContainerBalancerTask (ContainerBalancerTask.java:initializeIteration(374)) - Average utilization of the cluster is 0.3407892738599359
2023-09-14 09:00:51,474 [main] DEBUG balancer.ContainerBalancerTask (ContainerBalancerTask.java:initializeIteration(386)) - Lower limit for utilization is -0.10476285404963465 and Upper limit for utilization is 0.7863414017695065
2023-09-14 09:00:51,474 [main] DEBUG balancer.ContainerBalancerTask (ContainerBalancerTask.java:initializeIteration(398)) - Utilization for node 1900701f-e253-4cdd-ab6a-c712c592a450 with capacity 57266230613B, used 51539607552B, and remaining 5726623061B is 0.9000000000052387
2023-09-14 09:00:51,474 [main] DEBUG balancer.ContainerBalancerTask (ContainerBalancerTask.java:initializeIteration(398)) - Utilization for node b2410ec6-bcc1-4c4b-b620-7ec872c2fe8e with capacity 45634027520B, used 36507222016B, and remaining 9126805504B is 0.8
2023-09-14 09:00:51,474 [main] DEBUG balancer.ContainerBalancerTask (ContainerBalancerTask.java:initializeIteration(398)) - Utilization for node 91d2078e-5a22-4e36-bbfb-501cc119c99c with capacity 69026260114B, used 48318382080B, and remaining 20707878034B is 0.7000000000028974
2023-09-14 09:00:51,474 [main] DEBUG balancer.ContainerBalancerTask (ContainerBalancerTask.java:initializeIteration(398)) - Utilization for node f566b4e4-cbfe-4faf-a56a-ea8079f0a6aa with capacity 76951497386B, used 46170898432B, and remaining 30780598954B is 0.600000000005198
2023-09-14 09:00:51,475 [main] DEBUG balancer.ContainerBalancerTask (ContainerBalancerTask.java:initializeIteration(398)) - Utilization for node 590d5e92-d535-41c5-a6c4-4c98d164c5ff with capacity 115964116992B, used 57982058496B, and remaining 57982058496B is 0.5
2023-09-14 09:00:51,475 [main] DEBUG balancer.ContainerBalancerTask (ContainerBalancerTask.java:initializeIteration(398)) - Utilization for node af525658-3b6e-4170-aa4a-4569182def5e with capacity 134217728000B, used 53687091200B, and remaining 80530636800B is 0.4
2023-09-14 09:00:51,475 [main] DEBUG balancer.ContainerBalancerTask (ContainerBalancerTask.java:initializeIteration(398)) - Utilization for node 86ea1744-2c30-43c3-bbe6-07005c6b0bce with capacity 114532461226B, used 34359738368B, and remaining 80172722858B is 0.3000000000017462
2023-09-14 09:00:51,475 [main] DEBUG balancer.ContainerBalancerTask (ContainerBalancerTask.java:initializeIteration(398)) - Utilization for node c3dbb107-9225-42c7-bd9d-68a8fe900965 with capacity 187904819200B, used 37580963840B, and remaining 150323855360B is 0.2
2023-09-14 09:00:51,475 [main] DEBUG balancer.ContainerBalancerTask (ContainerBalancerTask.java:initializeIteration(398)) - Utilization for node 250eb2c8-682b-4b3a-a83a-e00ac03e249d with capacity 354334801920B, used 35433480192B, and remaining 318901321728B is 0.1
2023-09-14 09:00:51,475 [main] DEBUG balancer.ContainerBalancerTask (ContainerBalancerTask.java:initializeIteration(398)) - Utilization for node 86b781ac-681d-4737-af9f-2dbbe676040f with capacity 22548578304B, used 0B, and remaining 22548578304B is 0.0
2023-09-14 09:00:51,475 [main] INFO  balancer.ContainerBalancerTask (ContainerBalancerTask.java:initializeIteration(447)) - Container Balancer has identified 2 Over-Utilized and 0 Under-Utilized Datanodes that need to be balanced.
2023-09-14 09:00:51,475 [main] DEBUG balancer.ContainerBalancerTask (ContainerBalancerTask.java:lambda$initializeIteration$1(453)) - Datanode localhost-192.57.233.171 1900701f-e253-4cdd-ab6a-c712c592a450 is Over-Utilized.
2023-09-14 09:00:51,475 [main] DEBUG balancer.ContainerBalancerTask (ContainerBalancerTask.java:lambda$initializeIteration$1(453)) - Datanode localhost-219.238.93.19 b2410ec6-bcc1-4c4b-b620-7ec872c2fe8e is Over-Utilized.
2023-09-14 09:00:51,478 [main] DEBUG balancer.ContainerBalancerTask (ContainerBalancerTask.java:matchSourceWithTarget(708)) - ContainerBalancer is finding suitable target for source datanode 1900701f-e253-4cdd-ab6a-c712c592a450
2023-09-14 09:00:51,478 [main] INFO  balancer.FindTargetGreedyByUsageInfo (AbstractFindTargetGreedy.java:findTargetForContainerMove(133)) - Container Balancer could not find a target for source datanode 1900701f-e253-4cdd-ab6a-c712c592a450
2023-09-14 09:00:51,478 [main] DEBUG balancer.ContainerBalancerTask (ContainerBalancerTask.java:matchSourceWithTarget(717)) - ContainerBalancer could not find a suitable target for source node 1900701f-e253-4cdd-ab6a-c712c592a450.
2023-09-14 09:00:51,480 [main] DEBUG balancer.ContainerBalancerTask (ContainerBalancerTask.java:matchSourceWithTarget(708)) - ContainerBalancer is finding suitable target for source datanode b2410ec6-bcc1-4c4b-b620-7ec872c2fe8e
2023-09-14 09:00:51,480 [main] INFO  balancer.FindTargetGreedyByUsageInfo (AbstractFindTargetGreedy.java:findTargetForContainerMove(133)) - Container Balancer could not find a target for source datanode b2410ec6-bcc1-4c4b-b620-7ec872c2fe8e
2023-09-14 09:00:51,480 [main] DEBUG balancer.ContainerBalancerTask (ContainerBalancerTask.java:matchSourceWithTarget(717)) - ContainerBalancer could not find a suitable target for source node b2410ec6-bcc1-4c4b-b620-7ec872c2fe8e.
2023-09-14 09:00:51,480 [main] INFO  balancer.FindSourceGreedy (FindSourceGreedy.java:getNextCandidateSourceDataNode(126)) - no more candidate source data node
2023-09-14 09:00:51,480 [main] INFO  balancer.ContainerBalancerTask (ContainerBalancerTask.java:balance(259)) - Result of this iteration of Container Balancer: CAN_NOT_BALANCE_ANY_MORE
2023-09-14 09:00:51,480 [main] INFO  balancer.ContainerBalancerTask (ContainerBalancerTask.java:tryStopWithSaveConfiguration(308)) - Save Configuration for stopping. Reason: CAN_NOT_BALANCE_ANY_MORE
2023-09-14 09:00:51,481 [main] DEBUG balancer.ContainerBalancerTask (ContainerBalancerTask.java:initializeIteration(374)) - Average utilization of the cluster is 0.3407892738599359
2023-09-14 09:00:51,481 [main] DEBUG balancer.ContainerBalancerTask (ContainerBalancerTask.java:initializeIteration(386)) - Lower limit for utilization is -0.5946749034769234 and Upper limit for utilization is 1.2762534511967953
2023-09-14 09:00:51,481 [main] DEBUG balancer.ContainerBalancerTask (ContainerBalancerTask.java:initializeIteration(398)) - Utilization for node 1900701f-e253-4cdd-ab6a-c712c592a450 with capacity 57266230613B, used 51539607552B, and remaining 5726623061B is 0.9000000000052387
2023-09-14 09:00:51,481 [main] DEBUG balancer.ContainerBalancerTask (ContainerBalancerTask.java:initializeIteration(398)) - Utilization for node b2410ec6-bcc1-4c4b-b620-7ec872c2fe8e with capacity 45634027520B, used 36507222016B, and remaining 9126805504B is 0.8
2023-09-14 09:00:51,481 [main] DEBUG balancer.ContainerBalancerTask (ContainerBalancerTask.java:initializeIteration(398)) - Utilization for node 91d2078e-5a22-4e36-bbfb-501cc119c99c with capacity 69026260114B, used 48318382080B, and remaining 20707878034B is 0.7000000000028974
2023-09-14 09:00:51,481 [main] DEBUG balancer.ContainerBalancerTask (ContainerBalancerTask.java:initializeIteration(398)) - Utilization for node f566b4e4-cbfe-4faf-a56a-ea8079f0a6aa with capacity 76951497386B, used 46170898432B, and remaining 30780598954B is 0.600000000005198
2023-09-14 09:00:51,481 [main] DEBUG balancer.ContainerBalancerTask (ContainerBalancerTask.java:initializeIteration(398)) - Utilization for node 590d5e92-d535-41c5-a6c4-4c98d164c5ff with capacity 115964116992B, used 57982058496B, and remaining 57982058496B is 0.5
2023-09-14 09:00:51,481 [main] DEBUG balancer.ContainerBalancerTask (ContainerBalancerTask.java:initializeIteration(398)) - Utilization for node af525658-3b6e-4170-aa4a-4569182def5e with capacity 134217728000B, used 53687091200B, and remaining 80530636800B is 0.4
2023-09-14 09:00:51,481 [main] DEBUG balancer.ContainerBalancerTask (ContainerBalancerTask.java:initializeIteration(398)) - Utilization for node 86ea1744-2c30-43c3-bbe6-07005c6b0bce with capacity 114532461226B, used 34359738368B, and remaining 80172722858B is 0.3000000000017462
2023-09-14 09:00:51,481 [main] DEBUG balancer.ContainerBalancerTask (ContainerBalancerTask.java:initializeIteration(398)) - Utilization for node c3dbb107-9225-42c7-bd9d-68a8fe900965 with capacity 187904819200B, used 37580963840B, and remaining 150323855360B is 0.2
2023-09-14 09:00:51,482 [main] DEBUG balancer.ContainerBalancerTask (ContainerBalancerTask.java:initializeIteration(398)) - Utilization for node 250eb2c8-682b-4b3a-a83a-e00ac03e249d with capacity 354334801920B, used 35433480192B, and remaining 318901321728B is 0.1
2023-09-14 09:00:51,482 [main] DEBUG balancer.ContainerBalancerTask (ContainerBalancerTask.java:initializeIteration(398)) - Utilization for node 86b781ac-681d-4737-af9f-2dbbe676040f with capacity 22548578304B, used 0B, and remaining 22548578304B is 0.0
2023-09-14 09:00:51,482 [main] INFO  balancer.ContainerBalancerTask (ContainerBalancerTask.java:initializeIteration(443)) - Did not find any unbalanced Datanodes.
2023-09-14 09:00:51,482 [main] INFO  balancer.ContainerBalancerTask (ContainerBalancerTask.java:tryStopWithSaveConfiguration(308)) - Save Configuration for stopping. Reason: Could not initialize ContainerBalancer's iteration number 0
2023-09-14 09:00:51,483 [main] DEBUG balancer.ContainerBalancerTask (ContainerBalancerTask.java:initializeIteration(374)) - Average utilization of the cluster is 0.3407892738599359
2023-09-14 09:00:51,483 [main] DEBUG balancer.ContainerBalancerTask (ContainerBalancerTask.java:initializeIteration(386)) - Lower limit for utilization is -0.3405296891993493 and Upper limit for utilization is 1.0221082369192211
2023-09-14 09:00:51,483 [main] DEBUG balancer.ContainerBalancerTask (ContainerBalancerTask.java:initializeIteration(398)) - Utilization for node 1900701f-e253-4cdd-ab6a-c712c592a450 with capacity 57266230613B, used 51539607552B, and remaining 5726623061B is 0.9000000000052387
2023-09-14 09:00:51,483 [main] DEBUG balancer.ContainerBalancerTask (ContainerBalancerTask.java:initializeIteration(398)) - Utilization for node b2410ec6-bcc1-4c4b-b620-7ec872c2fe8e with capacity 45634027520B, used 36507222016B, and remaining 9126805504B is 0.8
2023-09-14 09:00:51,483 [main] DEBUG balancer.ContainerBalancerTask (ContainerBalancerTask.java:initializeIteration(398)) - Utilization for node 91d2078e-5a22-4e36-bbfb-501cc119c99c with capacity 69026260114B, used 48318382080B, and remaining 20707878034B is 0.7000000000028974
2023-09-14 09:00:51,483 [main] DEBUG balancer.ContainerBalancerTask (ContainerBalancerTask.java:initializeIteration(398)) - Utilization for node f566b4e4-cbfe-4faf-a56a-ea8079f0a6aa with capacity 76951497386B, used 46170898432B, and remaining 30780598954B is 0.600000000005198
2023-09-14 09:00:51,483 [main] DEBUG balancer.ContainerBalancerTask (ContainerBalancerTask.java:initializeIteration(398)) - Utilization for node 590d5e92-d535-41c5-a6c4-4c98d164c5ff with capacity 115964116992B, used 57982058496B, and remaining 57982058496B is 0.5
2023-09-14 09:00:51,483 [main] DEBUG balancer.ContainerBalancerTask (ContainerBalancerTask.java:initializeIteration(398)) - Utilization for node af525658-3b6e-4170-aa4a-4569182def5e with capacity 134217728000B, used 53687091200B, and remaining 80530636800B is 0.4
2023-09-14 09:00:51,483 [main] DEBUG balancer.ContainerBalancerTask (ContainerBalancerTask.java:initializeIteration(398)) - Utilization for node 86ea1744-2c30-43c3-bbe6-07005c6b0bce with capacity 114532461226B, used 34359738368B, and remaining 80172722858B is 0.3000000000017462
2023-09-14 09:00:51,483 [main] DEBUG balancer.ContainerBalancerTask (ContainerBalancerTask.java:initializeIteration(398)) - Utilization for node c3dbb107-9225-42c7-bd9d-68a8fe900965 with capacity 187904819200B, used 37580963840B, and remaining 150323855360B is 0.2
2023-09-14 09:00:51,483 [main] DEBUG balancer.ContainerBalancerTask (ContainerBalancerTask.java:initializeIteration(398)) - Utilization for node 250eb2c8-682b-4b3a-a83a-e00ac03e249d with capacity 354334801920B, used 35433480192B, and remaining 318901321728B is 0.1
2023-09-14 09:00:51,483 [main] DEBUG balancer.ContainerBalancerTask (ContainerBalancerTask.java:initializeIteration(398)) - Utilization for node 86b781ac-681d-4737-af9f-2dbbe676040f with capacity 22548578304B, used 0B, and remaining 22548578304B is 0.0
2023-09-14 09:00:51,484 [main] INFO  balancer.ContainerBalancerTask (ContainerBalancerTask.java:initializeIteration(443)) - Did not find any unbalanced Datanodes.
2023-09-14 09:00:51,484 [main] INFO  balancer.ContainerBalancerTask (ContainerBalancerTask.java:tryStopWithSaveConfiguration(308)) - Save Configuration for stopping. Reason: Could not initialize ContainerBalancer's iteration number 0
2023-09-14 09:00:51,484 [main] DEBUG balancer.ContainerBalancerTask (ContainerBalancerTask.java:initializeIteration(374)) - Average utilization of the cluster is 0.3407892738599359
2023-09-14 09:00:51,484 [main] DEBUG balancer.ContainerBalancerTask (ContainerBalancerTask.java:initializeIteration(386)) - Lower limit for utilization is 0.31141425846751986 and Upper limit for utilization is 0.37016428925235195
2023-09-14 09:00:51,485 [main] DEBUG balancer.ContainerBalancerTask (ContainerBalancerTask.java:initializeIteration(398)) - Utilization for node 1900701f-e253-4cdd-ab6a-c712c592a450 with capacity 57266230613B, used 51539607552B, and remaining 5726623061B is 0.9000000000052387
2023-09-14 09:00:51,485 [main] DEBUG balancer.ContainerBalancerTask (ContainerBalancerTask.java:initializeIteration(398)) - Utilization for node b2410ec6-bcc1-4c4b-b620-7ec872c2fe8e with capacity 45634027520B, used 36507222016B, and remaining 9126805504B is 0.8
2023-09-14 09:00:51,485 [main] DEBUG balancer.ContainerBalancerTask (ContainerBalancerTask.java:initializeIteration(398)) - Utilization for node 91d2078e-5a22-4e36-bbfb-501cc119c99c with capacity 69026260114B, used 48318382080B, and remaining 20707878034B is 0.7000000000028974
2023-09-14 09:00:51,485 [main] DEBUG balancer.ContainerBalancerTask (ContainerBalancerTask.java:initializeIteration(398)) - Utilization for node f566b4e4-cbfe-4faf-a56a-ea8079f0a6aa with capacity 76951497386B, used 46170898432B, and remaining 30780598954B is 0.600000000005198
2023-09-14 09:00:51,485 [main] DEBUG balancer.ContainerBalancerTask (ContainerBalancerTask.java:initializeIteration(398)) - Utilization for node 590d5e92-d535-41c5-a6c4-4c98d164c5ff with capacity 115964116992B, used 57982058496B, and remaining 57982058496B is 0.5
2023-09-14 09:00:51,485 [main] DEBUG balancer.ContainerBalancerTask (ContainerBalancerTask.java:initializeIteration(398)) - Utilization for node af525658-3b6e-4170-aa4a-4569182def5e with capacity 134217728000B, used 53687091200B, and remaining 80530636800B is 0.4
2023-09-14 09:00:51,485 [main] DEBUG balancer.ContainerBalancerTask (ContainerBalancerTask.java:initializeIteration(398)) - Utilization for node 86ea1744-2c30-43c3-bbe6-07005c6b0bce with capacity 114532461226B, used 34359738368B, and remaining 80172722858B is 0.3000000000017462
2023-09-14 09:00:51,485 [main] DEBUG balancer.ContainerBalancerTask (ContainerBalancerTask.java:initializeIteration(398)) - Utilization for node c3dbb107-9225-42c7-bd9d-68a8fe900965 with capacity 187904819200B, used 37580963840B, and remaining 150323855360B is 0.2
2023-09-14 09:00:51,485 [main] DEBUG balancer.ContainerBalancerTask (ContainerBalancerTask.java:initializeIteration(398)) - Utilization for node 250eb2c8-682b-4b3a-a83a-e00ac03e249d with capacity 354334801920B, used 35433480192B, and remaining 318901321728B is 0.1
2023-09-14 09:00:51,485 [main] DEBUG balancer.ContainerBalancerTask (ContainerBalancerTask.java:initializeIteration(398)) - Utilization for node 86b781ac-681d-4737-af9f-2dbbe676040f with capacity 22548578304B, used 0B, and remaining 22548578304B is 0.0
2023-09-14 09:00:51,485 [main] INFO  balancer.ContainerBalancerTask (ContainerBalancerTask.java:initializeIteration(447)) - Container Balancer has identified 6 Over-Utilized and 4 Under-Utilized Datanodes that need to be balanced.
2023-09-14 09:00:51,486 [main] DEBUG balancer.ContainerBalancerTask (ContainerBalancerTask.java:lambda$initializeIteration$1(453)) - Datanode localhost-192.57.233.171 1900701f-e253-4cdd-ab6a-c712c592a450 is Over-Utilized.
2023-09-14 09:00:51,486 [main] DEBUG balancer.ContainerBalancerTask (ContainerBalancerTask.java:lambda$initializeIteration$1(453)) - Datanode localhost-219.238.93.19 b2410ec6-bcc1-4c4b-b620-7ec872c2fe8e is Over-Utilized.
2023-09-14 09:00:51,486 [main] DEBUG balancer.ContainerBalancerTask (ContainerBalancerTask.java:lambda$initializeIteration$1(453)) - Datanode localhost-99.121.120.236 91d2078e-5a22-4e36-bbfb-501cc119c99c is Over-Utilized.
2023-09-14 09:00:51,486 [main] DEBUG balancer.ContainerBalancerTask (ContainerBalancerTask.java:lambda$initializeIteration$1(453)) - Datanode localhost-146.28.35.242 f566b4e4-cbfe-4faf-a56a-ea8079f0a6aa is Over-Utilized.
2023-09-14 09:00:51,486 [main] DEBUG balancer.ContainerBalancerTask (ContainerBalancerTask.java:lambda$initializeIteration$1(453)) - Datanode localhost-90.110.176.165 590d5e92-d535-41c5-a6c4-4c98d164c5ff is Over-Utilized.
2023-09-14 09:00:51,486 [main] DEBUG balancer.ContainerBalancerTask (ContainerBalancerTask.java:lambda$initializeIteration$1(453)) - Datanode localhost-224.196.46.114 af525658-3b6e-4170-aa4a-4569182def5e is Over-Utilized.
2023-09-14 09:00:51,486 [main] DEBUG balancer.ContainerBalancerTask (ContainerBalancerTask.java:lambda$initializeIteration$2(459)) - Datanode localhost-87.39.252.231 86b781ac-681d-4737-af9f-2dbbe676040f is Under-Utilized.
2023-09-14 09:00:51,486 [main] DEBUG balancer.ContainerBalancerTask (ContainerBalancerTask.java:lambda$initializeIteration$2(459)) - Datanode localhost-159.229.126.231 250eb2c8-682b-4b3a-a83a-e00ac03e249d is Under-Utilized.
2023-09-14 09:00:51,486 [main] DEBUG balancer.ContainerBalancerTask (ContainerBalancerTask.java:lambda$initializeIteration$2(459)) - Datanode localhost-177.109.90.208 c3dbb107-9225-42c7-bd9d-68a8fe900965 is Under-Utilized.
2023-09-14 09:00:51,486 [main] DEBUG balancer.ContainerBalancerTask (ContainerBalancerTask.java:lambda$initializeIteration$2(459)) - Datanode localhost-91.247.106.85 86ea1744-2c30-43c3-bbe6-07005c6b0bce is Under-Utilized.
2023-09-14 09:00:51,489 [main] DEBUG balancer.ContainerBalancerTask (ContainerBalancerTask.java:matchSourceWithTarget(708)) - ContainerBalancer is finding suitable target for source datanode 1900701f-e253-4cdd-ab6a-c712c592a450
2023-09-14 09:00:51,489 [main] INFO  balancer.ContainerBalancerTask (ContainerBalancerTask.java:matchSourceWithTarget(722)) - ContainerBalancer matched source datanode 1900701f-e253-4cdd-ab6a-c712c592a450 with target datanode 86b781ac-681d-4737-af9f-2dbbe676040f for container move.
2023-09-14 09:00:51,489 [main] INFO  balancer.ContainerBalancerTask (ContainerBalancerTask.java:processMoveSelection(569)) - ContainerBalancer is trying to move container #85 with size 5368709120B from source datanode 1900701f-e253-4cdd-ab6a-c712c592a450 to target datanode 86b781ac-681d-4737-af9f-2dbbe676040f
2023-09-14 09:00:51,489 [main] DEBUG balancer.ContainerBalancerTask (ContainerBalancerTask.java:lambda$moveContainer$3(837)) - Container move completed for container #85 from source 1900701f-e253-4cdd-ab6a-c712c592a450 to target 86b781ac-681d-4737-af9f-2dbbe676040f
2023-09-14 09:00:51,491 [main] DEBUG balancer.ContainerBalancerTask (ContainerBalancerTask.java:matchSourceWithTarget(708)) - ContainerBalancer is finding suitable target for source datanode 1900701f-e253-4cdd-ab6a-c712c592a450
2023-09-14 09:00:51,492 [main] INFO  balancer.ContainerBalancerTask (ContainerBalancerTask.java:matchSourceWithTarget(722)) - ContainerBalancer matched source datanode 1900701f-e253-4cdd-ab6a-c712c592a450 with target datanode 250eb2c8-682b-4b3a-a83a-e00ac03e249d for container move.
2023-09-14 09:00:51,492 [main] INFO  balancer.ContainerBalancerTask (ContainerBalancerTask.java:processMoveSelection(569)) - ContainerBalancer is trying to move container #68 with size 5368709120B from source datanode 1900701f-e253-4cdd-ab6a-c712c592a450 to target datanode 250eb2c8-682b-4b3a-a83a-e00ac03e249d
2023-09-14 09:00:51,492 [main] DEBUG balancer.ContainerBalancerTask (ContainerBalancerTask.java:lambda$moveContainer$3(837)) - Container move completed for container #68 from source 1900701f-e253-4cdd-ab6a-c712c592a450 to target 250eb2c8-682b-4b3a-a83a-e00ac03e249d
2023-09-14 09:00:51,494 [main] DEBUG balancer.ContainerBalancerTask (ContainerBalancerTask.java:matchSourceWithTarget(708)) - ContainerBalancer is finding suitable target for source datanode b2410ec6-bcc1-4c4b-b620-7ec872c2fe8e
2023-09-14 09:00:51,494 [main] INFO  balancer.ContainerBalancerTask (ContainerBalancerTask.java:matchSourceWithTarget(722)) - ContainerBalancer matched source datanode b2410ec6-bcc1-4c4b-b620-7ec872c2fe8e with target datanode 250eb2c8-682b-4b3a-a83a-e00ac03e249d for container move.
2023-09-14 09:00:51,494 [main] INFO  balancer.ContainerBalancerTask (ContainerBalancerTask.java:processMoveSelection(569)) - ContainerBalancer is trying to move container #71 with size 3221225472B from source datanode b2410ec6-bcc1-4c4b-b620-7ec872c2fe8e to target datanode 250eb2c8-682b-4b3a-a83a-e00ac03e249d
2023-09-14 09:00:51,494 [main] DEBUG balancer.ContainerBalancerTask (ContainerBalancerTask.java:lambda$moveContainer$3(837)) - Container move completed for container #71 from source b2410ec6-bcc1-4c4b-b620-7ec872c2fe8e to target 250eb2c8-682b-4b3a-a83a-e00ac03e249d
2023-09-14 09:00:51,496 [main] DEBUG balancer.ContainerBalancerTask (ContainerBalancerTask.java:matchSourceWithTarget(708)) - ContainerBalancer is finding suitable target for source datanode b2410ec6-bcc1-4c4b-b620-7ec872c2fe8e
2023-09-14 09:00:51,496 [main] INFO  balancer.ContainerBalancerTask (ContainerBalancerTask.java:matchSourceWithTarget(722)) - ContainerBalancer matched source datanode b2410ec6-bcc1-4c4b-b620-7ec872c2fe8e with target datanode 250eb2c8-682b-4b3a-a83a-e00ac03e249d for container move.
2023-09-14 09:00:51,497 [main] INFO  balancer.ContainerBalancerTask (ContainerBalancerTask.java:processMoveSelection(569)) - ContainerBalancer is trying to move container #66 with size 3221225472B from source datanode b2410ec6-bcc1-4c4b-b620-7ec872c2fe8e to target datanode 250eb2c8-682b-4b3a-a83a-e00ac03e249d
2023-09-14 09:00:51,497 [main] DEBUG balancer.ContainerBalancerTask (ContainerBalancerTask.java:lambda$moveContainer$3(837)) - Container move completed for container #66 from source b2410ec6-bcc1-4c4b-b620-7ec872c2fe8e to target 250eb2c8-682b-4b3a-a83a-e00ac03e249d
2023-09-14 09:00:51,499 [main] DEBUG balancer.ContainerBalancerTask (ContainerBalancerTask.java:matchSourceWithTarget(708)) - ContainerBalancer is finding suitable target for source datanode 1900701f-e253-4cdd-ab6a-c712c592a450
2023-09-14 09:00:51,499 [main] INFO  balancer.ContainerBalancerTask (ContainerBalancerTask.java:matchSourceWithTarget(722)) - ContainerBalancer matched source datanode 1900701f-e253-4cdd-ab6a-c712c592a450 with target datanode 250eb2c8-682b-4b3a-a83a-e00ac03e249d for container move.
2023-09-14 09:00:51,500 [main] INFO  balancer.ContainerBalancerTask (ContainerBalancerTask.java:processMoveSelection(569)) - ContainerBalancer is trying to move container #84 with size 4294967296B from source datanode 1900701f-e253-4cdd-ab6a-c712c592a450 to target datanode 250eb2c8-682b-4b3a-a83a-e00ac03e249d
2023-09-14 09:00:51,500 [main] DEBUG balancer.ContainerBalancerTask (ContainerBalancerTask.java:lambda$moveContainer$3(837)) - Container move completed for container #84 from source 1900701f-e253-4cdd-ab6a-c712c592a450 to target 250eb2c8-682b-4b3a-a83a-e00ac03e249d
2023-09-14 09:00:51,502 [main] DEBUG balancer.ContainerBalancerTask (ContainerBalancerTask.java:matchSourceWithTarget(708)) - ContainerBalancer is finding suitable target for source datanode 91d2078e-5a22-4e36-bbfb-501cc119c99c
2023-09-14 09:00:51,503 [main] INFO  balancer.ContainerBalancerTask (ContainerBalancerTask.java:matchSourceWithTarget(722)) - ContainerBalancer matched source datanode 91d2078e-5a22-4e36-bbfb-501cc119c99c with target datanode 250eb2c8-682b-4b3a-a83a-e00ac03e249d for container move.
2023-09-14 09:00:51,503 [main] INFO  balancer.ContainerBalancerTask (ContainerBalancerTask.java:processMoveSelection(569)) - ContainerBalancer is trying to move container #29 with size 5368709120B from source datanode 91d2078e-5a22-4e36-bbfb-501cc119c99c to target datanode 250eb2c8-682b-4b3a-a83a-e00ac03e249d
2023-09-14 09:00:51,503 [main] DEBUG balancer.ContainerBalancerTask (ContainerBalancerTask.java:lambda$moveContainer$3(837)) - Container move completed for container #29 from source 91d2078e-5a22-4e36-bbfb-501cc119c99c to target 250eb2c8-682b-4b3a-a83a-e00ac03e249d
2023-09-14 09:00:51,505 [main] DEBUG balancer.ContainerBalancerTask (ContainerBalancerTask.java:matchSourceWithTarget(708)) - ContainerBalancer is finding suitable target for source datanode b2410ec6-bcc1-4c4b-b620-7ec872c2fe8e
2023-09-14 09:00:51,505 [main] INFO  balancer.ContainerBalancerTask (ContainerBalancerTask.java:matchSourceWithTarget(722)) - ContainerBalancer matched source datanode b2410ec6-bcc1-4c4b-b620-7ec872c2fe8e with target datanode 250eb2c8-682b-4b3a-a83a-e00ac03e249d for container move.
2023-09-14 09:00:51,505 [main] INFO  balancer.ContainerBalancerTask (ContainerBalancerTask.java:processMoveSelection(569)) - ContainerBalancer is trying to move container #51 with size 3221225472B from source datanode b2410ec6-bcc1-4c4b-b620-7ec872c2fe8e to target datanode 250eb2c8-682b-4b3a-a83a-e00ac03e249d
2023-09-14 09:00:51,506 [main] DEBUG balancer.ContainerBalancerTask (ContainerBalancerTask.java:lambda$moveContainer$3(837)) - Container move completed for container #51 from source b2410ec6-bcc1-4c4b-b620-7ec872c2fe8e to target 250eb2c8-682b-4b3a-a83a-e00ac03e249d
2023-09-14 09:00:51,508 [main] DEBUG balancer.ContainerBalancerTask (ContainerBalancerTask.java:matchSourceWithTarget(708)) - ContainerBalancer is finding suitable target for source datanode 1900701f-e253-4cdd-ab6a-c712c592a450
2023-09-14 09:00:51,508 [main] INFO  balancer.ContainerBalancerTask (ContainerBalancerTask.java:matchSourceWithTarget(722)) - ContainerBalancer matched source datanode 1900701f-e253-4cdd-ab6a-c712c592a450 with target datanode 250eb2c8-682b-4b3a-a83a-e00ac03e249d for container move.
2023-09-14 09:00:51,508 [main] INFO  balancer.ContainerBalancerTask (ContainerBalancerTask.java:processMoveSelection(569)) - ContainerBalancer is trying to move container #39 with size 4294967296B from source datanode 1900701f-e253-4cdd-ab6a-c712c592a450 to target datanode 250eb2c8-682b-4b3a-a83a-e00ac03e249d
2023-09-14 09:00:51,509 [main] DEBUG balancer.ContainerBalancerTask (ContainerBalancerTask.java:lambda$moveContainer$3(837)) - Container move completed for container #39 from source 1900701f-e253-4cdd-ab6a-c712c592a450 to target 250eb2c8-682b-4b3a-a83a-e00ac03e249d
2023-09-14 09:00:51,511 [main] DEBUG balancer.ContainerBalancerTask (ContainerBalancerTask.java:matchSourceWithTarget(708)) - ContainerBalancer is finding suitable target for source datanode 91d2078e-5a22-4e36-bbfb-501cc119c99c
2023-09-14 09:00:51,512 [main] INFO  balancer.ContainerBalancerTask (ContainerBalancerTask.java:matchSourceWithTarget(722)) - ContainerBalancer matched source datanode 91d2078e-5a22-4e36-bbfb-501cc119c99c with target datanode 250eb2c8-682b-4b3a-a83a-e00ac03e249d for container move.
2023-09-14 09:00:51,512 [main] INFO  balancer.ContainerBalancerTask (ContainerBalancerTask.java:processMoveSelection(569)) - ContainerBalancer is trying to move container #52 with size 4294967296B from source datanode 91d2078e-5a22-4e36-bbfb-501cc119c99c to target datanode 250eb2c8-682b-4b3a-a83a-e00ac03e249d
2023-09-14 09:00:51,512 [main] DEBUG balancer.ContainerBalancerTask (ContainerBalancerTask.java:lambda$moveContainer$3(837)) - Container move completed for container #52 from source 91d2078e-5a22-4e36-bbfb-501cc119c99c to target 250eb2c8-682b-4b3a-a83a-e00ac03e249d
2023-09-14 09:00:51,515 [main] DEBUG balancer.ContainerBalancerTask (ContainerBalancerTask.java:matchSourceWithTarget(708)) - ContainerBalancer is finding suitable target for source datanode f566b4e4-cbfe-4faf-a56a-ea8079f0a6aa
2023-09-14 09:00:51,515 [main] INFO  balancer.ContainerBalancerTask (ContainerBalancerTask.java:matchSourceWithTarget(722)) - ContainerBalancer matched source datanode f566b4e4-cbfe-4faf-a56a-ea8079f0a6aa with target datanode 250eb2c8-682b-4b3a-a83a-e00ac03e249d for container move.
2023-09-14 09:00:51,515 [main] INFO  balancer.ContainerBalancerTask (ContainerBalancerTask.java:processMoveSelection(569)) - ContainerBalancer is trying to move container #40 with size 5368709120B from source datanode f566b4e4-cbfe-4faf-a56a-ea8079f0a6aa to target datanode 250eb2c8-682b-4b3a-a83a-e00ac03e249d
2023-09-14 09:00:51,515 [main] DEBUG balancer.ContainerBalancerTask (ContainerBalancerTask.java:lambda$moveContainer$3(837)) - Container move completed for container #40 from source f566b4e4-cbfe-4faf-a56a-ea8079f0a6aa to target 250eb2c8-682b-4b3a-a83a-e00ac03e249d
2023-09-14 09:00:51,518 [main] DEBUG balancer.ContainerBalancerTask (ContainerBalancerTask.java:matchSourceWithTarget(708)) - ContainerBalancer is finding suitable target for source datanode b2410ec6-bcc1-4c4b-b620-7ec872c2fe8e
2023-09-14 09:00:51,518 [main] INFO  balancer.ContainerBalancerTask (ContainerBalancerTask.java:matchSourceWithTarget(722)) - ContainerBalancer matched source datanode b2410ec6-bcc1-4c4b-b620-7ec872c2fe8e with target datanode c3dbb107-9225-42c7-bd9d-68a8fe900965 for container move.
2023-09-14 09:00:51,518 [main] INFO  balancer.ContainerBalancerTask (ContainerBalancerTask.java:processMoveSelection(569)) - ContainerBalancer is trying to move container #87 with size 2147483648B from source datanode b2410ec6-bcc1-4c4b-b620-7ec872c2fe8e to target datanode c3dbb107-9225-42c7-bd9d-68a8fe900965
2023-09-14 09:00:51,518 [main] DEBUG balancer.ContainerBalancerTask (ContainerBalancerTask.java:lambda$moveContainer$3(837)) - Container move completed for container #87 from source b2410ec6-bcc1-4c4b-b620-7ec872c2fe8e to target c3dbb107-9225-42c7-bd9d-68a8fe900965
2023-09-14 09:00:51,521 [main] DEBUG balancer.ContainerBalancerTask (ContainerBalancerTask.java:matchSourceWithTarget(708)) - ContainerBalancer is finding suitable target for source datanode 1900701f-e253-4cdd-ab6a-c712c592a450
2023-09-14 09:00:51,521 [main] INFO  balancer.ContainerBalancerTask (ContainerBalancerTask.java:matchSourceWithTarget(722)) - ContainerBalancer matched source datanode 1900701f-e253-4cdd-ab6a-c712c592a450 with target datanode 250eb2c8-682b-4b3a-a83a-e00ac03e249d for container move.
2023-09-14 09:00:51,521 [main] INFO  balancer.ContainerBalancerTask (ContainerBalancerTask.java:processMoveSelection(569)) - ContainerBalancer is trying to move container #28 with size 4294967296B from source datanode 1900701f-e253-4cdd-ab6a-c712c592a450 to target datanode 250eb2c8-682b-4b3a-a83a-e00ac03e249d
2023-09-14 09:00:51,521 [main] DEBUG balancer.ContainerBalancerTask (ContainerBalancerTask.java:lambda$moveContainer$3(837)) - Container move completed for container #28 from source 1900701f-e253-4cdd-ab6a-c712c592a450 to target 250eb2c8-682b-4b3a-a83a-e00ac03e249d
2023-09-14 09:00:51,524 [main] DEBUG balancer.ContainerBalancerTask (ContainerBalancerTask.java:matchSourceWithTarget(708)) - ContainerBalancer is finding suitable target for source datanode 91d2078e-5a22-4e36-bbfb-501cc119c99c
2023-09-14 09:00:51,525 [main] INFO  balancer.ContainerBalancerTask (ContainerBalancerTask.java:matchSourceWithTarget(722)) - ContainerBalancer matched source datanode 91d2078e-5a22-4e36-bbfb-501cc119c99c with target datanode c3dbb107-9225-42c7-bd9d-68a8fe900965 for container move.
2023-09-14 09:00:51,525 [main] INFO  balancer.ContainerBalancerTask (ContainerBalancerTask.java:processMoveSelection(569)) - ContainerBalancer is trying to move container #27 with size 3221225472B from source datanode 91d2078e-5a22-4e36-bbfb-501cc119c99c to target datanode c3dbb107-9225-42c7-bd9d-68a8fe900965
2023-09-14 09:00:51,525 [main] DEBUG balancer.ContainerBalancerTask (ContainerBalancerTask.java:lambda$moveContainer$3(837)) - Container move completed for container #27 from source 91d2078e-5a22-4e36-bbfb-501cc119c99c to target c3dbb107-9225-42c7-bd9d-68a8fe900965
2023-09-14 09:00:51,525 [main] WARN  balancer.ContainerBalancerTask (ContainerBalancerTask.java:reachedMaxSizeToMovePerIteration(733)) - Reached max size to move limit. 53687091200 bytes have already been scheduled for balancing and the limit is 53687091200 bytes.
2023-09-14 09:00:51,525 [main] INFO  balancer.ContainerBalancerTask (ContainerBalancerTask.java:checkIterationMoveResults(642)) - Iteration Summary. Number of Datanodes involved: 7. Size moved: 50 GB (53687091200 Bytes). Number of Container moves completed: 13.
2023-09-14 09:00:51,525 [main] INFO  balancer.ContainerBalancerTask (ContainerBalancerTask.java:balance(259)) - Result of this iteration of Container Balancer: ITERATION_COMPLETED
2023-09-14 09:00:51,525 [main] INFO  balancer.ContainerBalancerTask (ContainerBalancerTask.java:tryStopWithSaveConfiguration(308)) - Save Configuration for stopping. Reason: Completed all iterations.
2023-09-14 09:00:51,526 [main] DEBUG balancer.ContainerBalancerTask (ContainerBalancerTask.java:initializeIteration(374)) - Average utilization of the cluster is 0.3407892738599359
2023-09-14 09:00:51,526 [main] DEBUG balancer.ContainerBalancerTask (ContainerBalancerTask.java:initializeIteration(386)) - Lower limit for utilization is -0.031110574097990895 and Upper limit for utilization is 0.7126891218178627
2023-09-14 09:00:51,526 [main] DEBUG balancer.ContainerBalancerTask (ContainerBalancerTask.java:initializeIteration(398)) - Utilization for node 1900701f-e253-4cdd-ab6a-c712c592a450 with capacity 57266230613B, used 51539607552B, and remaining 5726623061B is 0.9000000000052387
2023-09-14 09:00:51,527 [main] DEBUG balancer.ContainerBalancerTask (ContainerBalancerTask.java:initializeIteration(398)) - Utilization for node b2410ec6-bcc1-4c4b-b620-7ec872c2fe8e with capacity 45634027520B, used 36507222016B, and remaining 9126805504B is 0.8
2023-09-14 09:00:51,527 [main] DEBUG balancer.ContainerBalancerTask (ContainerBalancerTask.java:initializeIteration(398)) - Utilization for node 91d2078e-5a22-4e36-bbfb-501cc119c99c with capacity 69026260114B, used 48318382080B, and remaining 20707878034B is 0.7000000000028974
2023-09-14 09:00:51,527 [main] DEBUG balancer.ContainerBalancerTask (ContainerBalancerTask.java:initializeIteration(398)) - Utilization for node f566b4e4-cbfe-4faf-a56a-ea8079f0a6aa with capacity 76951497386B, used 46170898432B, and remaining 30780598954B is 0.600000000005198
2023-09-14 09:00:51,527 [main] DEBUG balancer.ContainerBalancerTask (ContainerBalancerTask.java:initializeIteration(398)) - Utilization for node 590d5e92-d535-41c5-a6c4-4c98d164c5ff with capacity 115964116992B, used 57982058496B, and remaining 57982058496B is 0.5
2023-09-14 09:00:51,527 [main] DEBUG balancer.ContainerBalancerTask (ContainerBalancerTask.java:initializeIteration(398)) - Utilization for node af525658-3b6e-4170-aa4a-4569182def5e with capacity 134217728000B, used 53687091200B, and remaining 80530636800B is 0.4
2023-09-14 09:00:51,527 [main] DEBUG balancer.ContainerBalancerTask (ContainerBalancerTask.java:initializeIteration(398)) - Utilization for node 86ea1744-2c30-43c3-bbe6-07005c6b0bce with capacity 114532461226B, used 34359738368B, and remaining 80172722858B is 0.3000000000017462
2023-09-14 09:00:51,527 [main] DEBUG balancer.ContainerBalancerTask (ContainerBalancerTask.java:initializeIteration(398)) - Utilization for node c3dbb107-9225-42c7-bd9d-68a8fe900965 with capacity 187904819200B, used 37580963840B, and remaining 150323855360B is 0.2
2023-09-14 09:00:51,527 [main] DEBUG balancer.ContainerBalancerTask (ContainerBalancerTask.java:initializeIteration(398)) - Utilization for node 250eb2c8-682b-4b3a-a83a-e00ac03e249d with capacity 354334801920B, used 35433480192B, and remaining 318901321728B is 0.1
2023-09-14 09:00:51,527 [main] DEBUG balancer.ContainerBalancerTask (ContainerBalancerTask.java:initializeIteration(398)) - Utilization for node 86b781ac-681d-4737-af9f-2dbbe676040f with capacity 22548578304B, used 0B, and remaining 22548578304B is 0.0
2023-09-14 09:00:51,527 [main] INFO  balancer.ContainerBalancerTask (ContainerBalancerTask.java:initializeIteration(447)) - Container Balancer has identified 2 Over-Utilized and 0 Under-Utilized Datanodes that need to be balanced.
2023-09-14 09:00:51,527 [main] DEBUG balancer.ContainerBalancerTask (ContainerBalancerTask.java:lambda$initializeIteration$1(453)) - Datanode localhost-192.57.233.171 1900701f-e253-4cdd-ab6a-c712c592a450 is Over-Utilized.
2023-09-14 09:00:51,527 [main] DEBUG balancer.ContainerBalancerTask (ContainerBalancerTask.java:lambda$initializeIteration$1(453)) - Datanode localhost-219.238.93.19 b2410ec6-bcc1-4c4b-b620-7ec872c2fe8e is Over-Utilized.
2023-09-14 09:00:51,530 [main] DEBUG balancer.ContainerBalancerTask (ContainerBalancerTask.java:matchSourceWithTarget(708)) - ContainerBalancer is finding suitable target for source datanode 1900701f-e253-4cdd-ab6a-c712c592a450
2023-09-14 09:00:51,530 [main] INFO  balancer.FindTargetGreedyByUsageInfo (AbstractFindTargetGreedy.java:findTargetForContainerMove(133)) - Container Balancer could not find a target for source datanode 1900701f-e253-4cdd-ab6a-c712c592a450
2023-09-14 09:00:51,530 [main] DEBUG balancer.ContainerBalancerTask (ContainerBalancerTask.java:matchSourceWithTarget(717)) - ContainerBalancer could not find a suitable target for source node 1900701f-e253-4cdd-ab6a-c712c592a450.
2023-09-14 09:00:51,532 [main] DEBUG balancer.ContainerBalancerTask (ContainerBalancerTask.java:matchSourceWithTarget(708)) - ContainerBalancer is finding suitable target for source datanode b2410ec6-bcc1-4c4b-b620-7ec872c2fe8e
2023-09-14 09:00:51,532 [main] INFO  balancer.FindTargetGreedyByUsageInfo (AbstractFindTargetGreedy.java:findTargetForContainerMove(133)) - Container Balancer could not find a target for source datanode b2410ec6-bcc1-4c4b-b620-7ec872c2fe8e
2023-09-14 09:00:51,532 [main] DEBUG balancer.ContainerBalancerTask (ContainerBalancerTask.java:matchSourceWithTarget(717)) - ContainerBalancer could not find a suitable target for source node b2410ec6-bcc1-4c4b-b620-7ec872c2fe8e.
2023-09-14 09:00:51,532 [main] INFO  balancer.FindSourceGreedy (FindSourceGreedy.java:getNextCandidateSourceDataNode(126)) - no more candidate source data node
2023-09-14 09:00:51,532 [main] INFO  balancer.ContainerBalancerTask (ContainerBalancerTask.java:balance(259)) - Result of this iteration of Container Balancer: CAN_NOT_BALANCE_ANY_MORE
2023-09-14 09:00:51,532 [main] INFO  balancer.ContainerBalancerTask (ContainerBalancerTask.java:tryStopWithSaveConfiguration(308)) - Save Configuration for stopping. Reason: CAN_NOT_BALANCE_ANY_MORE
2023-09-14 09:00:51,533 [main] DEBUG balancer.ContainerBalancerTask (ContainerBalancerTask.java:initializeIteration(374)) - Average utilization of the cluster is 0.3407892738599359
2023-09-14 09:00:51,533 [main] DEBUG balancer.ContainerBalancerTask (ContainerBalancerTask.java:initializeIteration(386)) - Lower limit for utilization is -0.6530555024810882 and Upper limit for utilization is 1.3346340502009602
2023-09-14 09:00:51,533 [main] DEBUG balancer.ContainerBalancerTask (ContainerBalancerTask.java:initializeIteration(398)) - Utilization for node 1900701f-e253-4cdd-ab6a-c712c592a450 with capacity 57266230613B, used 51539607552B, and remaining 5726623061B is 0.9000000000052387
2023-09-14 09:00:51,533 [main] DEBUG balancer.ContainerBalancerTask (ContainerBalancerTask.java:initializeIteration(398)) - Utilization for node b2410ec6-bcc1-4c4b-b620-7ec872c2fe8e with capacity 45634027520B, used 36507222016B, and remaining 9126805504B is 0.8
2023-09-14 09:00:51,533 [main] DEBUG balancer.ContainerBalancerTask (ContainerBalancerTask.java:initializeIteration(398)) - Utilization for node 91d2078e-5a22-4e36-bbfb-501cc119c99c with capacity 69026260114B, used 48318382080B, and remaining 20707878034B is 0.7000000000028974
2023-09-14 09:00:51,533 [main] DEBUG balancer.ContainerBalancerTask (ContainerBalancerTask.java:initializeIteration(398)) - Utilization for node f566b4e4-cbfe-4faf-a56a-ea8079f0a6aa with capacity 76951497386B, used 46170898432B, and remaining 30780598954B is 0.600000000005198
2023-09-14 09:00:51,533 [main] DEBUG balancer.ContainerBalancerTask (ContainerBalancerTask.java:initializeIteration(398)) - Utilization for node 590d5e92-d535-41c5-a6c4-4c98d164c5ff with capacity 115964116992B, used 57982058496B, and remaining 57982058496B is 0.5
2023-09-14 09:00:51,534 [main] DEBUG balancer.ContainerBalancerTask (ContainerBalancerTask.java:initializeIteration(398)) - Utilization for node af525658-3b6e-4170-aa4a-4569182def5e with capacity 134217728000B, used 53687091200B, and remaining 80530636800B is 0.4
2023-09-14 09:00:51,534 [main] DEBUG balancer.ContainerBalancerTask (ContainerBalancerTask.java:initializeIteration(398)) - Utilization for node 86ea1744-2c30-43c3-bbe6-07005c6b0bce with capacity 114532461226B, used 34359738368B, and remaining 80172722858B is 0.3000000000017462
2023-09-14 09:00:51,534 [main] DEBUG balancer.ContainerBalancerTask (ContainerBalancerTask.java:initializeIteration(398)) - Utilization for node c3dbb107-9225-42c7-bd9d-68a8fe900965 with capacity 187904819200B, used 37580963840B, and remaining 150323855360B is 0.2
2023-09-14 09:00:51,534 [main] DEBUG balancer.ContainerBalancerTask (ContainerBalancerTask.java:initializeIteration(398)) - Utilization for node 250eb2c8-682b-4b3a-a83a-e00ac03e249d with capacity 354334801920B, used 35433480192B, and remaining 318901321728B is 0.1
2023-09-14 09:00:51,534 [main] DEBUG balancer.ContainerBalancerTask (ContainerBalancerTask.java:initializeIteration(398)) - Utilization for node 86b781ac-681d-4737-af9f-2dbbe676040f with capacity 22548578304B, used 0B, and remaining 22548578304B is 0.0
2023-09-14 09:00:51,534 [main] INFO  balancer.ContainerBalancerTask (ContainerBalancerTask.java:initializeIteration(443)) - Did not find any unbalanced Datanodes.
2023-09-14 09:00:51,534 [main] INFO  balancer.ContainerBalancerTask (ContainerBalancerTask.java:tryStopWithSaveConfiguration(308)) - Save Configuration for stopping. Reason: Could not initialize ContainerBalancer's iteration number 0
2023-09-14 09:00:51,535 [main] DEBUG balancer.ContainerBalancerTask (ContainerBalancerTask.java:initializeIteration(374)) - Average utilization of the cluster is 0.3407892738599359
2023-09-14 09:00:51,535 [main] DEBUG balancer.ContainerBalancerTask (ContainerBalancerTask.java:initializeIteration(386)) - Lower limit for utilization is -0.3569870994019058 and Upper limit for utilization is 1.0385656471217777
2023-09-14 09:00:51,535 [main] DEBUG balancer.ContainerBalancerTask (ContainerBalancerTask.java:initializeIteration(398)) - Utilization for node 1900701f-e253-4cdd-ab6a-c712c592a450 with capacity 57266230613B, used 51539607552B, and remaining 5726623061B is 0.9000000000052387
2023-09-14 09:00:51,535 [main] DEBUG balancer.ContainerBalancerTask (ContainerBalancerTask.java:initializeIteration(398)) - Utilization for node b2410ec6-bcc1-4c4b-b620-7ec872c2fe8e with capacity 45634027520B, used 36507222016B, and remaining 9126805504B is 0.8
2023-09-14 09:00:51,535 [main] DEBUG balancer.ContainerBalancerTask (ContainerBalancerTask.java:initializeIteration(398)) - Utilization for node 91d2078e-5a22-4e36-bbfb-501cc119c99c with capacity 69026260114B, used 48318382080B, and remaining 20707878034B is 0.7000000000028974
2023-09-14 09:00:51,535 [main] DEBUG balancer.ContainerBalancerTask (ContainerBalancerTask.java:initializeIteration(398)) - Utilization for node f566b4e4-cbfe-4faf-a56a-ea8079f0a6aa with capacity 76951497386B, used 46170898432B, and remaining 30780598954B is 0.600000000005198
2023-09-14 09:00:51,535 [main] DEBUG balancer.ContainerBalancerTask (ContainerBalancerTask.java:initializeIteration(398)) - Utilization for node 590d5e92-d535-41c5-a6c4-4c98d164c5ff with capacity 115964116992B, used 57982058496B, and remaining 57982058496B is 0.5
2023-09-14 09:00:51,535 [main] DEBUG balancer.ContainerBalancerTask (ContainerBalancerTask.java:initializeIteration(398)) - Utilization for node af525658-3b6e-4170-aa4a-4569182def5e with capacity 134217728000B, used 53687091200B, and remaining 80530636800B is 0.4
2023-09-14 09:00:51,535 [main] DEBUG balancer.ContainerBalancerTask (ContainerBalancerTask.java:initializeIteration(398)) - Utilization for node 86ea1744-2c30-43c3-bbe6-07005c6b0bce with capacity 114532461226B, used 34359738368B, and remaining 80172722858B is 0.3000000000017462
2023-09-14 09:00:51,536 [main] DEBUG balancer.ContainerBalancerTask (ContainerBalancerTask.java:initializeIteration(398)) - Utilization for node c3dbb107-9225-42c7-bd9d-68a8fe900965 with capacity 187904819200B, used 37580963840B, and remaining 150323855360B is 0.2
2023-09-14 09:00:51,536 [main] DEBUG balancer.ContainerBalancerTask (ContainerBalancerTask.java:initializeIteration(398)) - Utilization for node 250eb2c8-682b-4b3a-a83a-e00ac03e249d with capacity 354334801920B, used 35433480192B, and remaining 318901321728B is 0.1
2023-09-14 09:00:51,536 [main] DEBUG balancer.ContainerBalancerTask (ContainerBalancerTask.java:initializeIteration(398)) - Utilization for node 86b781ac-681d-4737-af9f-2dbbe676040f with capacity 22548578304B, used 0B, and remaining 22548578304B is 0.0
2023-09-14 09:00:51,536 [main] INFO  balancer.ContainerBalancerTask (ContainerBalancerTask.java:initializeIteration(443)) - Did not find any unbalanced Datanodes.
2023-09-14 09:00:51,536 [main] INFO  balancer.ContainerBalancerTask (ContainerBalancerTask.java:tryStopWithSaveConfiguration(308)) - Save Configuration for stopping. Reason: Could not initialize ContainerBalancer's iteration number 0
2023-09-14 09:00:51,537 [main] DEBUG balancer.ContainerBalancerTask (ContainerBalancerTask.java:initializeIteration(374)) - Average utilization of the cluster is 0.3407892738599359
2023-09-14 09:00:51,537 [main] DEBUG balancer.ContainerBalancerTask (ContainerBalancerTask.java:initializeIteration(386)) - Lower limit for utilization is -0.32985508047583184 and Upper limit for utilization is 1.0114336281957037
2023-09-14 09:00:51,537 [main] DEBUG balancer.ContainerBalancerTask (ContainerBalancerTask.java:initializeIteration(398)) - Utilization for node 1900701f-e253-4cdd-ab6a-c712c592a450 with capacity 57266230613B, used 51539607552B, and remaining 5726623061B is 0.9000000000052387
2023-09-14 09:00:51,537 [main] DEBUG balancer.ContainerBalancerTask (ContainerBalancerTask.java:initializeIteration(398)) - Utilization for node b2410ec6-bcc1-4c4b-b620-7ec872c2fe8e with capacity 45634027520B, used 36507222016B, and remaining 9126805504B is 0.8
2023-09-14 09:00:51,537 [main] DEBUG balancer.ContainerBalancerTask (ContainerBalancerTask.java:initializeIteration(398)) - Utilization for node 91d2078e-5a22-4e36-bbfb-501cc119c99c with capacity 69026260114B, used 48318382080B, and remaining 20707878034B is 0.7000000000028974
2023-09-14 09:00:51,537 [main] DEBUG balancer.ContainerBalancerTask (ContainerBalancerTask.java:initializeIteration(398)) - Utilization for node f566b4e4-cbfe-4faf-a56a-ea8079f0a6aa with capacity 76951497386B, used 46170898432B, and remaining 30780598954B is 0.600000000005198
2023-09-14 09:00:51,537 [main] DEBUG balancer.ContainerBalancerTask (ContainerBalancerTask.java:initializeIteration(398)) - Utilization for node 590d5e92-d535-41c5-a6c4-4c98d164c5ff with capacity 115964116992B, used 57982058496B, and remaining 57982058496B is 0.5
2023-09-14 09:00:51,537 [main] DEBUG balancer.ContainerBalancerTask (ContainerBalancerTask.java:initializeIteration(398)) - Utilization for node af525658-3b6e-4170-aa4a-4569182def5e with capacity 134217728000B, used 53687091200B, and remaining 80530636800B is 0.4
2023-09-14 09:00:51,537 [main] DEBUG balancer.ContainerBalancerTask (ContainerBalancerTask.java:initializeIteration(398)) - Utilization for node 86ea1744-2c30-43c3-bbe6-07005c6b0bce with capacity 114532461226B, used 34359738368B, and remaining 80172722858B is 0.3000000000017462
2023-09-14 09:00:51,537 [main] DEBUG balancer.ContainerBalancerTask (ContainerBalancerTask.java:initializeIteration(398)) - Utilization for node c3dbb107-9225-42c7-bd9d-68a8fe900965 with capacity 187904819200B, used 37580963840B, and remaining 150323855360B is 0.2
2023-09-14 09:00:51,537 [main] DEBUG balancer.ContainerBalancerTask (ContainerBalancerTask.java:initializeIteration(398)) - Utilization for node 250eb2c8-682b-4b3a-a83a-e00ac03e249d with capacity 354334801920B, used 35433480192B, and remaining 318901321728B is 0.1
2023-09-14 09:00:51,538 [main] DEBUG balancer.ContainerBalancerTask (ContainerBalancerTask.java:initializeIteration(398)) - Utilization for node 86b781ac-681d-4737-af9f-2dbbe676040f with capacity 22548578304B, used 0B, and remaining 22548578304B is 0.0
2023-09-14 09:00:51,538 [main] INFO  balancer.ContainerBalancerTask (ContainerBalancerTask.java:initializeIteration(443)) - Did not find any unbalanced Datanodes.
2023-09-14 09:00:51,538 [main] INFO  balancer.ContainerBalancerTask (ContainerBalancerTask.java:tryStopWithSaveConfiguration(308)) - Save Configuration for stopping. Reason: Could not initialize ContainerBalancer's iteration number 0
2023-09-14 09:00:51,538 [main] DEBUG balancer.ContainerBalancerTask (ContainerBalancerTask.java:initializeIteration(374)) - Average utilization of the cluster is 0.3407892738599359
2023-09-14 09:00:51,538 [main] DEBUG balancer.ContainerBalancerTask (ContainerBalancerTask.java:initializeIteration(386)) - Lower limit for utilization is 0.0789286974262326 and Upper limit for utilization is 0.6026498502936393
2023-09-14 09:00:51,539 [main] DEBUG balancer.ContainerBalancerTask (ContainerBalancerTask.java:initializeIteration(398)) - Utilization for node 1900701f-e253-4cdd-ab6a-c712c592a450 with capacity 57266230613B, used 51539607552B, and remaining 5726623061B is 0.9000000000052387
2023-09-14 09:00:51,539 [main] DEBUG balancer.ContainerBalancerTask (ContainerBalancerTask.java:initializeIteration(398)) - Utilization for node b2410ec6-bcc1-4c4b-b620-7ec872c2fe8e with capacity 45634027520B, used 36507222016B, and remaining 9126805504B is 0.8
2023-09-14 09:00:51,539 [main] DEBUG balancer.ContainerBalancerTask (ContainerBalancerTask.java:initializeIteration(398)) - Utilization for node 91d2078e-5a22-4e36-bbfb-501cc119c99c with capacity 69026260114B, used 48318382080B, and remaining 20707878034B is 0.7000000000028974
2023-09-14 09:00:51,539 [main] DEBUG balancer.ContainerBalancerTask (ContainerBalancerTask.java:initializeIteration(398)) - Utilization for node f566b4e4-cbfe-4faf-a56a-ea8079f0a6aa with capacity 76951497386B, used 46170898432B, and remaining 30780598954B is 0.600000000005198
2023-09-14 09:00:51,539 [main] DEBUG balancer.ContainerBalancerTask (ContainerBalancerTask.java:initializeIteration(398)) - Utilization for node 590d5e92-d535-41c5-a6c4-4c98d164c5ff with capacity 115964116992B, used 57982058496B, and remaining 57982058496B is 0.5
2023-09-14 09:00:51,539 [main] DEBUG balancer.ContainerBalancerTask (ContainerBalancerTask.java:initializeIteration(398)) - Utilization for node af525658-3b6e-4170-aa4a-4569182def5e with capacity 134217728000B, used 53687091200B, and remaining 80530636800B is 0.4
2023-09-14 09:00:51,539 [main] DEBUG balancer.ContainerBalancerTask (ContainerBalancerTask.java:initializeIteration(398)) - Utilization for node 86ea1744-2c30-43c3-bbe6-07005c6b0bce with capacity 114532461226B, used 34359738368B, and remaining 80172722858B is 0.3000000000017462
2023-09-14 09:00:51,539 [main] DEBUG balancer.ContainerBalancerTask (ContainerBalancerTask.java:initializeIteration(398)) - Utilization for node c3dbb107-9225-42c7-bd9d-68a8fe900965 with capacity 187904819200B, used 37580963840B, and remaining 150323855360B is 0.2
2023-09-14 09:00:51,539 [main] DEBUG balancer.ContainerBalancerTask (ContainerBalancerTask.java:initializeIteration(398)) - Utilization for node 250eb2c8-682b-4b3a-a83a-e00ac03e249d with capacity 354334801920B, used 35433480192B, and remaining 318901321728B is 0.1
2023-09-14 09:00:51,539 [main] DEBUG balancer.ContainerBalancerTask (ContainerBalancerTask.java:initializeIteration(398)) - Utilization for node 86b781ac-681d-4737-af9f-2dbbe676040f with capacity 22548578304B, used 0B, and remaining 22548578304B is 0.0
2023-09-14 09:00:51,539 [main] INFO  balancer.ContainerBalancerTask (ContainerBalancerTask.java:initializeIteration(447)) - Container Balancer has identified 3 Over-Utilized and 1 Under-Utilized Datanodes that need to be balanced.
2023-09-14 09:00:51,539 [main] DEBUG balancer.ContainerBalancerTask (ContainerBalancerTask.java:lambda$initializeIteration$1(453)) - Datanode localhost-192.57.233.171 1900701f-e253-4cdd-ab6a-c712c592a450 is Over-Utilized.
2023-09-14 09:00:51,540 [main] DEBUG balancer.ContainerBalancerTask (ContainerBalancerTask.java:lambda$initializeIteration$1(453)) - Datanode localhost-219.238.93.19 b2410ec6-bcc1-4c4b-b620-7ec872c2fe8e is Over-Utilized.
2023-09-14 09:00:51,540 [main] DEBUG balancer.ContainerBalancerTask (ContainerBalancerTask.java:lambda$initializeIteration$1(453)) - Datanode localhost-99.121.120.236 91d2078e-5a22-4e36-bbfb-501cc119c99c is Over-Utilized.
2023-09-14 09:00:51,540 [main] DEBUG balancer.ContainerBalancerTask (ContainerBalancerTask.java:lambda$initializeIteration$2(459)) - Datanode localhost-87.39.252.231 86b781ac-681d-4737-af9f-2dbbe676040f is Under-Utilized.
2023-09-14 09:00:51,542 [main] DEBUG balancer.ContainerBalancerTask (ContainerBalancerTask.java:matchSourceWithTarget(708)) - ContainerBalancer is finding suitable target for source datanode 1900701f-e253-4cdd-ab6a-c712c592a450
2023-09-14 09:00:51,542 [main] INFO  balancer.ContainerBalancerTask (ContainerBalancerTask.java:matchSourceWithTarget(722)) - ContainerBalancer matched source datanode 1900701f-e253-4cdd-ab6a-c712c592a450 with target datanode 86b781ac-681d-4737-af9f-2dbbe676040f for container move.
2023-09-14 09:00:51,542 [main] INFO  balancer.ContainerBalancerTask (ContainerBalancerTask.java:processMoveSelection(569)) - ContainerBalancer is trying to move container #85 with size 5368709120B from source datanode 1900701f-e253-4cdd-ab6a-c712c592a450 to target datanode 86b781ac-681d-4737-af9f-2dbbe676040f
2023-09-14 09:00:51,543 [main] DEBUG balancer.ContainerBalancerTask (ContainerBalancerTask.java:lambda$moveContainer$3(837)) - Container move completed for container #85 from source 1900701f-e253-4cdd-ab6a-c712c592a450 to target 86b781ac-681d-4737-af9f-2dbbe676040f
2023-09-14 09:00:51,545 [main] DEBUG balancer.ContainerBalancerTask (ContainerBalancerTask.java:matchSourceWithTarget(708)) - ContainerBalancer is finding suitable target for source datanode 1900701f-e253-4cdd-ab6a-c712c592a450
2023-09-14 09:00:51,545 [main] INFO  balancer.ContainerBalancerTask (ContainerBalancerTask.java:matchSourceWithTarget(722)) - ContainerBalancer matched source datanode 1900701f-e253-4cdd-ab6a-c712c592a450 with target datanode 86b781ac-681d-4737-af9f-2dbbe676040f for container move.
2023-09-14 09:00:51,545 [main] INFO  balancer.ContainerBalancerTask (ContainerBalancerTask.java:processMoveSelection(569)) - ContainerBalancer is trying to move container #68 with size 5368709120B from source datanode 1900701f-e253-4cdd-ab6a-c712c592a450 to target datanode 86b781ac-681d-4737-af9f-2dbbe676040f
2023-09-14 09:00:51,545 [main] DEBUG balancer.ContainerBalancerTask (ContainerBalancerTask.java:lambda$moveContainer$3(837)) - Container move completed for container #68 from source 1900701f-e253-4cdd-ab6a-c712c592a450 to target 86b781ac-681d-4737-af9f-2dbbe676040f
2023-09-14 09:00:51,547 [main] DEBUG balancer.ContainerBalancerTask (ContainerBalancerTask.java:matchSourceWithTarget(708)) - ContainerBalancer is finding suitable target for source datanode b2410ec6-bcc1-4c4b-b620-7ec872c2fe8e
2023-09-14 09:00:51,548 [main] INFO  balancer.ContainerBalancerTask (ContainerBalancerTask.java:matchSourceWithTarget(722)) - ContainerBalancer matched source datanode b2410ec6-bcc1-4c4b-b620-7ec872c2fe8e with target datanode 86b781ac-681d-4737-af9f-2dbbe676040f for container move.
2023-09-14 09:00:51,548 [main] INFO  balancer.ContainerBalancerTask (ContainerBalancerTask.java:processMoveSelection(569)) - ContainerBalancer is trying to move container #87 with size 2147483648B from source datanode b2410ec6-bcc1-4c4b-b620-7ec872c2fe8e to target datanode 86b781ac-681d-4737-af9f-2dbbe676040f
2023-09-14 09:00:51,548 [main] DEBUG balancer.ContainerBalancerTask (ContainerBalancerTask.java:lambda$moveContainer$3(837)) - Container move completed for container #87 from source b2410ec6-bcc1-4c4b-b620-7ec872c2fe8e to target 86b781ac-681d-4737-af9f-2dbbe676040f
2023-09-14 09:00:51,550 [main] DEBUG balancer.ContainerBalancerTask (ContainerBalancerTask.java:matchSourceWithTarget(708)) - ContainerBalancer is finding suitable target for source datanode b2410ec6-bcc1-4c4b-b620-7ec872c2fe8e
2023-09-14 09:00:51,550 [main] INFO  balancer.FindTargetGreedyByUsageInfo (AbstractFindTargetGreedy.java:findTargetForContainerMove(133)) - Container Balancer could not find a target for source datanode b2410ec6-bcc1-4c4b-b620-7ec872c2fe8e
2023-09-14 09:00:51,550 [main] DEBUG balancer.ContainerBalancerTask (ContainerBalancerTask.java:matchSourceWithTarget(717)) - ContainerBalancer could not find a suitable target for source node b2410ec6-bcc1-4c4b-b620-7ec872c2fe8e.
2023-09-14 09:00:51,553 [main] DEBUG balancer.ContainerBalancerTask (ContainerBalancerTask.java:matchSourceWithTarget(708)) - ContainerBalancer is finding suitable target for source datanode 1900701f-e253-4cdd-ab6a-c712c592a450
2023-09-14 09:00:51,553 [main] INFO  balancer.FindTargetGreedyByUsageInfo (AbstractFindTargetGreedy.java:findTargetForContainerMove(133)) - Container Balancer could not find a target for source datanode 1900701f-e253-4cdd-ab6a-c712c592a450
2023-09-14 09:00:51,553 [main] DEBUG balancer.ContainerBalancerTask (ContainerBalancerTask.java:matchSourceWithTarget(717)) - ContainerBalancer could not find a suitable target for source node 1900701f-e253-4cdd-ab6a-c712c592a450.
2023-09-14 09:00:51,556 [main] DEBUG balancer.ContainerBalancerTask (ContainerBalancerTask.java:matchSourceWithTarget(708)) - ContainerBalancer is finding suitable target for source datanode 91d2078e-5a22-4e36-bbfb-501cc119c99c
2023-09-14 09:00:51,557 [main] INFO  balancer.FindTargetGreedyByUsageInfo (AbstractFindTargetGreedy.java:findTargetForContainerMove(133)) - Container Balancer could not find a target for source datanode 91d2078e-5a22-4e36-bbfb-501cc119c99c
2023-09-14 09:00:51,557 [main] DEBUG balancer.ContainerBalancerTask (ContainerBalancerTask.java:matchSourceWithTarget(717)) - ContainerBalancer could not find a suitable target for source node 91d2078e-5a22-4e36-bbfb-501cc119c99c.
2023-09-14 09:00:51,557 [main] INFO  balancer.FindSourceGreedy (FindSourceGreedy.java:getNextCandidateSourceDataNode(126)) - no more candidate source data node
2023-09-14 09:00:51,558 [main] INFO  balancer.ContainerBalancerTask (ContainerBalancerTask.java:checkIterationMoveResults(642)) - Iteration Summary. Number of Datanodes involved: 3. Size moved: 12 GB (12884901888 Bytes). Number of Container moves completed: 3.
2023-09-14 09:00:51,558 [main] INFO  balancer.ContainerBalancerTask (ContainerBalancerTask.java:balance(259)) - Result of this iteration of Container Balancer: ITERATION_COMPLETED
2023-09-14 09:00:51,558 [main] INFO  balancer.ContainerBalancerTask (ContainerBalancerTask.java:tryStopWithSaveConfiguration(308)) - Save Configuration for stopping. Reason: Completed all iterations.
2023-09-14 09:00:51,559 [main] DEBUG balancer.ContainerBalancerTask (ContainerBalancerTask.java:initializeIteration(374)) - Average utilization of the cluster is 0.3407892738599359
2023-09-14 09:00:51,559 [main] DEBUG balancer.ContainerBalancerTask (ContainerBalancerTask.java:initializeIteration(386)) - Lower limit for utilization is -0.2996269082571629 and Upper limit for utilization is 0.9812054559770347
2023-09-14 09:00:51,559 [main] DEBUG balancer.ContainerBalancerTask (ContainerBalancerTask.java:initializeIteration(398)) - Utilization for node 1900701f-e253-4cdd-ab6a-c712c592a450 with capacity 57266230613B, used 51539607552B, and remaining 5726623061B is 0.9000000000052387
2023-09-14 09:00:51,559 [main] DEBUG balancer.ContainerBalancerTask (ContainerBalancerTask.java:initializeIteration(398)) - Utilization for node b2410ec6-bcc1-4c4b-b620-7ec872c2fe8e with capacity 45634027520B, used 36507222016B, and remaining 9126805504B is 0.8
2023-09-14 09:00:51,559 [main] DEBUG balancer.ContainerBalancerTask (ContainerBalancerTask.java:initializeIteration(398)) - Utilization for node 91d2078e-5a22-4e36-bbfb-501cc119c99c with capacity 69026260114B, used 48318382080B, and remaining 20707878034B is 0.7000000000028974
2023-09-14 09:00:51,559 [main] DEBUG balancer.ContainerBalancerTask (ContainerBalancerTask.java:initializeIteration(398)) - Utilization for node f566b4e4-cbfe-4faf-a56a-ea8079f0a6aa with capacity 76951497386B, used 46170898432B, and remaining 30780598954B is 0.600000000005198
2023-09-14 09:00:51,559 [main] DEBUG balancer.ContainerBalancerTask (ContainerBalancerTask.java:initializeIteration(398)) - Utilization for node 590d5e92-d535-41c5-a6c4-4c98d164c5ff with capacity 115964116992B, used 57982058496B, and remaining 57982058496B is 0.5
2023-09-14 09:00:51,559 [main] DEBUG balancer.ContainerBalancerTask (ContainerBalancerTask.java:initializeIteration(398)) - Utilization for node af525658-3b6e-4170-aa4a-4569182def5e with capacity 134217728000B, used 53687091200B, and remaining 80530636800B is 0.4
2023-09-14 09:00:51,559 [main] DEBUG balancer.ContainerBalancerTask (ContainerBalancerTask.java:initializeIteration(398)) - Utilization for node 86ea1744-2c30-43c3-bbe6-07005c6b0bce with capacity 114532461226B, used 34359738368B, and remaining 80172722858B is 0.3000000000017462
2023-09-14 09:00:51,559 [main] DEBUG balancer.ContainerBalancerTask (ContainerBalancerTask.java:initializeIteration(398)) - Utilization for node c3dbb107-9225-42c7-bd9d-68a8fe900965 with capacity 187904819200B, used 37580963840B, and remaining 150323855360B is 0.2
2023-09-14 09:00:51,559 [main] DEBUG balancer.ContainerBalancerTask (ContainerBalancerTask.java:initializeIteration(398)) - Utilization for node 250eb2c8-682b-4b3a-a83a-e00ac03e249d with capacity 354334801920B, used 35433480192B, and remaining 318901321728B is 0.1
2023-09-14 09:00:51,560 [main] DEBUG balancer.ContainerBalancerTask (ContainerBalancerTask.java:initializeIteration(398)) - Utilization for node 86b781ac-681d-4737-af9f-2dbbe676040f with capacity 22548578304B, used 0B, and remaining 22548578304B is 0.0
2023-09-14 09:00:51,560 [main] INFO  balancer.ContainerBalancerTask (ContainerBalancerTask.java:initializeIteration(443)) - Did not find any unbalanced Datanodes.
2023-09-14 09:00:51,560 [main] INFO  balancer.ContainerBalancerTask (ContainerBalancerTask.java:tryStopWithSaveConfiguration(308)) - Save Configuration for stopping. Reason: Could not initialize ContainerBalancer's iteration number 0
2023-09-14 09:00:51,560 [main] DEBUG balancer.ContainerBalancerTask (ContainerBalancerTask.java:initializeIteration(374)) - Average utilization of the cluster is 0.3407892738599359
2023-09-14 09:00:51,561 [main] DEBUG balancer.ContainerBalancerTask (ContainerBalancerTask.java:initializeIteration(386)) - Lower limit for utilization is -0.1751758636935768 and Upper limit for utilization is 0.8567544114134487
2023-09-14 09:00:51,561 [main] DEBUG balancer.ContainerBalancerTask (ContainerBalancerTask.java:initializeIteration(398)) - Utilization for node 1900701f-e253-4cdd-ab6a-c712c592a450 with capacity 57266230613B, used 51539607552B, and remaining 5726623061B is 0.9000000000052387
2023-09-14 09:00:51,561 [main] DEBUG balancer.ContainerBalancerTask (ContainerBalancerTask.java:initializeIteration(398)) - Utilization for node b2410ec6-bcc1-4c4b-b620-7ec872c2fe8e with capacity 45634027520B, used 36507222016B, and remaining 9126805504B is 0.8
2023-09-14 09:00:51,561 [main] DEBUG balancer.ContainerBalancerTask (ContainerBalancerTask.java:initializeIteration(398)) - Utilization for node 91d2078e-5a22-4e36-bbfb-501cc119c99c with capacity 69026260114B, used 48318382080B, and remaining 20707878034B is 0.7000000000028974
2023-09-14 09:00:51,561 [main] DEBUG balancer.ContainerBalancerTask (ContainerBalancerTask.java:initializeIteration(398)) - Utilization for node f566b4e4-cbfe-4faf-a56a-ea8079f0a6aa with capacity 76951497386B, used 46170898432B, and remaining 30780598954B is 0.600000000005198
2023-09-14 09:00:51,561 [main] DEBUG balancer.ContainerBalancerTask (ContainerBalancerTask.java:initializeIteration(398)) - Utilization for node 590d5e92-d535-41c5-a6c4-4c98d164c5ff with capacity 115964116992B, used 57982058496B, and remaining 57982058496B is 0.5
2023-09-14 09:00:51,561 [main] DEBUG balancer.ContainerBalancerTask (ContainerBalancerTask.java:initializeIteration(398)) - Utilization for node af525658-3b6e-4170-aa4a-4569182def5e with capacity 134217728000B, used 53687091200B, and remaining 80530636800B is 0.4
2023-09-14 09:00:51,561 [main] DEBUG balancer.ContainerBalancerTask (ContainerBalancerTask.java:initializeIteration(398)) - Utilization for node 86ea1744-2c30-43c3-bbe6-07005c6b0bce with capacity 114532461226B, used 34359738368B, and remaining 80172722858B is 0.3000000000017462
2023-09-14 09:00:51,561 [main] DEBUG balancer.ContainerBalancerTask (ContainerBalancerTask.java:initializeIteration(398)) - Utilization for node c3dbb107-9225-42c7-bd9d-68a8fe900965 with capacity 187904819200B, used 37580963840B, and remaining 150323855360B is 0.2
2023-09-14 09:00:51,561 [main] DEBUG balancer.ContainerBalancerTask (ContainerBalancerTask.java:initializeIteration(398)) - Utilization for node 250eb2c8-682b-4b3a-a83a-e00ac03e249d with capacity 354334801920B, used 35433480192B, and remaining 318901321728B is 0.1
2023-09-14 09:00:51,561 [main] DEBUG balancer.ContainerBalancerTask (ContainerBalancerTask.java:initializeIteration(398)) - Utilization for node 86b781ac-681d-4737-af9f-2dbbe676040f with capacity 22548578304B, used 0B, and remaining 22548578304B is 0.0
2023-09-14 09:00:51,562 [main] INFO  balancer.ContainerBalancerTask (ContainerBalancerTask.java:initializeIteration(447)) - Container Balancer has identified 1 Over-Utilized and 0 Under-Utilized Datanodes that need to be balanced.
2023-09-14 09:00:51,562 [main] DEBUG balancer.ContainerBalancerTask (ContainerBalancerTask.java:lambda$initializeIteration$1(453)) - Datanode localhost-192.57.233.171 1900701f-e253-4cdd-ab6a-c712c592a450 is Over-Utilized.
2023-09-14 09:00:51,564 [main] DEBUG balancer.ContainerBalancerTask (ContainerBalancerTask.java:matchSourceWithTarget(708)) - ContainerBalancer is finding suitable target for source datanode 1900701f-e253-4cdd-ab6a-c712c592a450
2023-09-14 09:00:51,564 [main] INFO  balancer.FindTargetGreedyByUsageInfo (AbstractFindTargetGreedy.java:findTargetForContainerMove(133)) - Container Balancer could not find a target for source datanode 1900701f-e253-4cdd-ab6a-c712c592a450
2023-09-14 09:00:51,564 [main] DEBUG balancer.ContainerBalancerTask (ContainerBalancerTask.java:matchSourceWithTarget(717)) - ContainerBalancer could not find a suitable target for source node 1900701f-e253-4cdd-ab6a-c712c592a450.
2023-09-14 09:00:51,564 [main] INFO  balancer.FindSourceGreedy (FindSourceGreedy.java:getNextCandidateSourceDataNode(126)) - no more candidate source data node
2023-09-14 09:00:51,564 [main] INFO  balancer.ContainerBalancerTask (ContainerBalancerTask.java:balance(259)) - Result of this iteration of Container Balancer: CAN_NOT_BALANCE_ANY_MORE
2023-09-14 09:00:51,564 [main] INFO  balancer.ContainerBalancerTask (ContainerBalancerTask.java:tryStopWithSaveConfiguration(308)) - Save Configuration for stopping. Reason: CAN_NOT_BALANCE_ANY_MORE
2023-09-14 09:00:51,565 [main] DEBUG balancer.ContainerBalancerTask (ContainerBalancerTask.java:initializeIteration(374)) - Average utilization of the cluster is 0.3407892738599359
2023-09-14 09:00:51,565 [main] DEBUG balancer.ContainerBalancerTask (ContainerBalancerTask.java:initializeIteration(386)) - Lower limit for utilization is -0.2887643146135496 and Upper limit for utilization is 0.9703428623334214
2023-09-14 09:00:51,565 [main] DEBUG balancer.ContainerBalancerTask (ContainerBalancerTask.java:initializeIteration(398)) - Utilization for node 1900701f-e253-4cdd-ab6a-c712c592a450 with capacity 57266230613B, used 51539607552B, and remaining 5726623061B is 0.9000000000052387
2023-09-14 09:00:51,565 [main] DEBUG balancer.ContainerBalancerTask (ContainerBalancerTask.java:initializeIteration(398)) - Utilization for node b2410ec6-bcc1-4c4b-b620-7ec872c2fe8e with capacity 45634027520B, used 36507222016B, and remaining 9126805504B is 0.8
2023-09-14 09:00:51,566 [main] DEBUG balancer.ContainerBalancerTask (ContainerBalancerTask.java:initializeIteration(398)) - Utilization for node 91d2078e-5a22-4e36-bbfb-501cc119c99c with capacity 69026260114B, used 48318382080B, and remaining 20707878034B is 0.7000000000028974
2023-09-14 09:00:51,566 [main] DEBUG balancer.ContainerBalancerTask (ContainerBalancerTask.java:initializeIteration(398)) - Utilization for node f566b4e4-cbfe-4faf-a56a-ea8079f0a6aa with capacity 76951497386B, used 46170898432B, and remaining 30780598954B is 0.600000000005198
2023-09-14 09:00:51,566 [main] DEBUG balancer.ContainerBalancerTask (ContainerBalancerTask.java:initializeIteration(398)) - Utilization for node 590d5e92-d535-41c5-a6c4-4c98d164c5ff with capacity 115964116992B, used 57982058496B, and remaining 57982058496B is 0.5
2023-09-14 09:00:51,566 [main] DEBUG balancer.ContainerBalancerTask (ContainerBalancerTask.java:initializeIteration(398)) - Utilization for node af525658-3b6e-4170-aa4a-4569182def5e with capacity 134217728000B, used 53687091200B, and remaining 80530636800B is 0.4
2023-09-14 09:00:51,566 [main] DEBUG balancer.ContainerBalancerTask (ContainerBalancerTask.java:initializeIteration(398)) - Utilization for node 86ea1744-2c30-43c3-bbe6-07005c6b0bce with capacity 114532461226B, used 34359738368B, and remaining 80172722858B is 0.3000000000017462
2023-09-14 09:00:51,566 [main] DEBUG balancer.ContainerBalancerTask (ContainerBalancerTask.java:initializeIteration(398)) - Utilization for node c3dbb107-9225-42c7-bd9d-68a8fe900965 with capacity 187904819200B, used 37580963840B, and remaining 150323855360B is 0.2
2023-09-14 09:00:51,566 [main] DEBUG balancer.ContainerBalancerTask (ContainerBalancerTask.java:initializeIteration(398)) - Utilization for node 250eb2c8-682b-4b3a-a83a-e00ac03e249d with capacity 354334801920B, used 35433480192B, and remaining 318901321728B is 0.1
2023-09-14 09:00:51,566 [main] DEBUG balancer.ContainerBalancerTask (ContainerBalancerTask.java:initializeIteration(398)) - Utilization for node 86b781ac-681d-4737-af9f-2dbbe676040f with capacity 22548578304B, used 0B, and remaining 22548578304B is 0.0
2023-09-14 09:00:51,566 [main] INFO  balancer.ContainerBalancerTask (ContainerBalancerTask.java:initializeIteration(443)) - Did not find any unbalanced Datanodes.
2023-09-14 09:00:51,566 [main] INFO  balancer.ContainerBalancerTask (ContainerBalancerTask.java:tryStopWithSaveConfiguration(308)) - Save Configuration for stopping. Reason: Could not initialize ContainerBalancer's iteration number 0
2023-09-14 09:00:51,567 [main] DEBUG balancer.ContainerBalancerTask (ContainerBalancerTask.java:initializeIteration(374)) - Average utilization of the cluster is 0.3407892738599359
2023-09-14 09:00:51,567 [main] DEBUG balancer.ContainerBalancerTask (ContainerBalancerTask.java:initializeIteration(386)) - Lower limit for utilization is -0.14176529624781892 and Upper limit for utilization is 0.8233438439676908
2023-09-14 09:00:51,567 [main] DEBUG balancer.ContainerBalancerTask (ContainerBalancerTask.java:initializeIteration(398)) - Utilization for node 1900701f-e253-4cdd-ab6a-c712c592a450 with capacity 57266230613B, used 51539607552B, and remaining 5726623061B is 0.9000000000052387
2023-09-14 09:00:51,567 [main] DEBUG balancer.ContainerBalancerTask (ContainerBalancerTask.java:initializeIteration(398)) - Utilization for node b2410ec6-bcc1-4c4b-b620-7ec872c2fe8e with capacity 45634027520B, used 36507222016B, and remaining 9126805504B is 0.8
2023-09-14 09:00:51,567 [main] DEBUG balancer.ContainerBalancerTask (ContainerBalancerTask.java:initializeIteration(398)) - Utilization for node 91d2078e-5a22-4e36-bbfb-501cc119c99c with capacity 69026260114B, used 48318382080B, and remaining 20707878034B is 0.7000000000028974
2023-09-14 09:00:51,567 [main] DEBUG balancer.ContainerBalancerTask (ContainerBalancerTask.java:initializeIteration(398)) - Utilization for node f566b4e4-cbfe-4faf-a56a-ea8079f0a6aa with capacity 76951497386B, used 46170898432B, and remaining 30780598954B is 0.600000000005198
2023-09-14 09:00:51,567 [main] DEBUG balancer.ContainerBalancerTask (ContainerBalancerTask.java:initializeIteration(398)) - Utilization for node 590d5e92-d535-41c5-a6c4-4c98d164c5ff with capacity 115964116992B, used 57982058496B, and remaining 57982058496B is 0.5
2023-09-14 09:00:51,567 [main] DEBUG balancer.ContainerBalancerTask (ContainerBalancerTask.java:initializeIteration(398)) - Utilization for node af525658-3b6e-4170-aa4a-4569182def5e with capacity 134217728000B, used 53687091200B, and remaining 80530636800B is 0.4
2023-09-14 09:00:51,568 [main] DEBUG balancer.ContainerBalancerTask (ContainerBalancerTask.java:initializeIteration(398)) - Utilization for node 86ea1744-2c30-43c3-bbe6-07005c6b0bce with capacity 114532461226B, used 34359738368B, and remaining 80172722858B is 0.3000000000017462
2023-09-14 09:00:51,568 [main] DEBUG balancer.ContainerBalancerTask (ContainerBalancerTask.java:initializeIteration(398)) - Utilization for node c3dbb107-9225-42c7-bd9d-68a8fe900965 with capacity 187904819200B, used 37580963840B, and remaining 150323855360B is 0.2
2023-09-14 09:00:51,568 [main] DEBUG balancer.ContainerBalancerTask (ContainerBalancerTask.java:initializeIteration(398)) - Utilization for node 250eb2c8-682b-4b3a-a83a-e00ac03e249d with capacity 354334801920B, used 35433480192B, and remaining 318901321728B is 0.1
2023-09-14 09:00:51,568 [main] DEBUG balancer.ContainerBalancerTask (ContainerBalancerTask.java:initializeIteration(398)) - Utilization for node 86b781ac-681d-4737-af9f-2dbbe676040f with capacity 22548578304B, used 0B, and remaining 22548578304B is 0.0
2023-09-14 09:00:51,568 [main] INFO  balancer.ContainerBalancerTask (ContainerBalancerTask.java:initializeIteration(447)) - Container Balancer has identified 1 Over-Utilized and 0 Under-Utilized Datanodes that need to be balanced.
2023-09-14 09:00:51,568 [main] DEBUG balancer.ContainerBalancerTask (ContainerBalancerTask.java:lambda$initializeIteration$1(453)) - Datanode localhost-192.57.233.171 1900701f-e253-4cdd-ab6a-c712c592a450 is Over-Utilized.
2023-09-14 09:00:51,570 [main] DEBUG balancer.ContainerBalancerTask (ContainerBalancerTask.java:matchSourceWithTarget(708)) - ContainerBalancer is finding suitable target for source datanode 1900701f-e253-4cdd-ab6a-c712c592a450
2023-09-14 09:00:51,570 [main] INFO  balancer.FindTargetGreedyByUsageInfo (AbstractFindTargetGreedy.java:findTargetForContainerMove(133)) - Container Balancer could not find a target for source datanode 1900701f-e253-4cdd-ab6a-c712c592a450
2023-09-14 09:00:51,571 [main] DEBUG balancer.ContainerBalancerTask (ContainerBalancerTask.java:matchSourceWithTarget(717)) - ContainerBalancer could not find a suitable target for source node 1900701f-e253-4cdd-ab6a-c712c592a450.
2023-09-14 09:00:51,571 [main] INFO  balancer.FindSourceGreedy (FindSourceGreedy.java:getNextCandidateSourceDataNode(126)) - no more candidate source data node
2023-09-14 09:00:51,571 [main] INFO  balancer.ContainerBalancerTask (ContainerBalancerTask.java:balance(259)) - Result of this iteration of Container Balancer: CAN_NOT_BALANCE_ANY_MORE
2023-09-14 09:00:51,571 [main] INFO  balancer.ContainerBalancerTask (ContainerBalancerTask.java:tryStopWithSaveConfiguration(308)) - Save Configuration for stopping. Reason: CAN_NOT_BALANCE_ANY_MORE
2023-09-14 09:00:51,571 [main] DEBUG balancer.ContainerBalancerTask (ContainerBalancerTask.java:initializeIteration(374)) - Average utilization of the cluster is 0.3407892738599359
2023-09-14 09:00:51,572 [main] DEBUG balancer.ContainerBalancerTask (ContainerBalancerTask.java:initializeIteration(386)) - Lower limit for utilization is -0.20182781667441912 and Upper limit for utilization is 0.8834063643942909
2023-09-14 09:00:51,572 [main] DEBUG balancer.ContainerBalancerTask (ContainerBalancerTask.java:initializeIteration(398)) - Utilization for node 1900701f-e253-4cdd-ab6a-c712c592a450 with capacity 57266230613B, used 51539607552B, and remaining 5726623061B is 0.9000000000052387
2023-09-14 09:00:51,572 [main] DEBUG balancer.ContainerBalancerTask (ContainerBalancerTask.java:initializeIteration(398)) - Utilization for node b2410ec6-bcc1-4c4b-b620-7ec872c2fe8e with capacity 45634027520B, used 36507222016B, and remaining 9126805504B is 0.8
2023-09-14 09:00:51,572 [main] DEBUG balancer.ContainerBalancerTask (ContainerBalancerTask.java:initializeIteration(398)) - Utilization for node 91d2078e-5a22-4e36-bbfb-501cc119c99c with capacity 69026260114B, used 48318382080B, and remaining 20707878034B is 0.7000000000028974
2023-09-14 09:00:51,572 [main] DEBUG balancer.ContainerBalancerTask (ContainerBalancerTask.java:initializeIteration(398)) - Utilization for node f566b4e4-cbfe-4faf-a56a-ea8079f0a6aa with capacity 76951497386B, used 46170898432B, and remaining 30780598954B is 0.600000000005198
2023-09-14 09:00:51,572 [main] DEBUG balancer.ContainerBalancerTask (ContainerBalancerTask.java:initializeIteration(398)) - Utilization for node 590d5e92-d535-41c5-a6c4-4c98d164c5ff with capacity 115964116992B, used 57982058496B, and remaining 57982058496B is 0.5
2023-09-14 09:00:51,572 [main] DEBUG balancer.ContainerBalancerTask (ContainerBalancerTask.java:initializeIteration(398)) - Utilization for node af525658-3b6e-4170-aa4a-4569182def5e with capacity 134217728000B, used 53687091200B, and remaining 80530636800B is 0.4
2023-09-14 09:00:51,572 [main] DEBUG balancer.ContainerBalancerTask (ContainerBalancerTask.java:initializeIteration(398)) - Utilization for node 86ea1744-2c30-43c3-bbe6-07005c6b0bce with capacity 114532461226B, used 34359738368B, and remaining 80172722858B is 0.3000000000017462
2023-09-14 09:00:51,572 [main] DEBUG balancer.ContainerBalancerTask (ContainerBalancerTask.java:initializeIteration(398)) - Utilization for node c3dbb107-9225-42c7-bd9d-68a8fe900965 with capacity 187904819200B, used 37580963840B, and remaining 150323855360B is 0.2
2023-09-14 09:00:51,572 [main] DEBUG balancer.ContainerBalancerTask (ContainerBalancerTask.java:initializeIteration(398)) - Utilization for node 250eb2c8-682b-4b3a-a83a-e00ac03e249d with capacity 354334801920B, used 35433480192B, and remaining 318901321728B is 0.1
2023-09-14 09:00:51,572 [main] DEBUG balancer.ContainerBalancerTask (ContainerBalancerTask.java:initializeIteration(398)) - Utilization for node 86b781ac-681d-4737-af9f-2dbbe676040f with capacity 22548578304B, used 0B, and remaining 22548578304B is 0.0
2023-09-14 09:00:51,573 [main] INFO  balancer.ContainerBalancerTask (ContainerBalancerTask.java:initializeIteration(447)) - Container Balancer has identified 1 Over-Utilized and 0 Under-Utilized Datanodes that need to be balanced.
2023-09-14 09:00:51,573 [main] DEBUG balancer.ContainerBalancerTask (ContainerBalancerTask.java:lambda$initializeIteration$1(453)) - Datanode localhost-192.57.233.171 1900701f-e253-4cdd-ab6a-c712c592a450 is Over-Utilized.
2023-09-14 09:00:51,575 [main] DEBUG balancer.ContainerBalancerTask (ContainerBalancerTask.java:matchSourceWithTarget(708)) - ContainerBalancer is finding suitable target for source datanode 1900701f-e253-4cdd-ab6a-c712c592a450
2023-09-14 09:00:51,575 [main] INFO  balancer.FindTargetGreedyByUsageInfo (AbstractFindTargetGreedy.java:findTargetForContainerMove(133)) - Container Balancer could not find a target for source datanode 1900701f-e253-4cdd-ab6a-c712c592a450
2023-09-14 09:00:51,575 [main] DEBUG balancer.ContainerBalancerTask (ContainerBalancerTask.java:matchSourceWithTarget(717)) - ContainerBalancer could not find a suitable target for source node 1900701f-e253-4cdd-ab6a-c712c592a450.
2023-09-14 09:00:51,575 [main] INFO  balancer.FindSourceGreedy (FindSourceGreedy.java:getNextCandidateSourceDataNode(126)) - no more candidate source data node
2023-09-14 09:00:51,575 [main] INFO  balancer.ContainerBalancerTask (ContainerBalancerTask.java:balance(259)) - Result of this iteration of Container Balancer: CAN_NOT_BALANCE_ANY_MORE
2023-09-14 09:00:51,575 [main] INFO  balancer.ContainerBalancerTask (ContainerBalancerTask.java:tryStopWithSaveConfiguration(308)) - Save Configuration for stopping. Reason: CAN_NOT_BALANCE_ANY_MORE
2023-09-14 09:00:51,576 [main] DEBUG balancer.ContainerBalancerTask (ContainerBalancerTask.java:initializeIteration(374)) - Average utilization of the cluster is 0.3407892738599359
2023-09-14 09:00:51,576 [main] DEBUG balancer.ContainerBalancerTask (ContainerBalancerTask.java:initializeIteration(386)) - Lower limit for utilization is -0.6263304900655811 and Upper limit for utilization is 1.3079090377854528
2023-09-14 09:00:51,576 [main] DEBUG balancer.ContainerBalancerTask (ContainerBalancerTask.java:initializeIteration(398)) - Utilization for node 1900701f-e253-4cdd-ab6a-c712c592a450 with capacity 57266230613B, used 51539607552B, and remaining 5726623061B is 0.9000000000052387
2023-09-14 09:00:51,576 [main] DEBUG balancer.ContainerBalancerTask (ContainerBalancerTask.java:initializeIteration(398)) - Utilization for node b2410ec6-bcc1-4c4b-b620-7ec872c2fe8e with capacity 45634027520B, used 36507222016B, and remaining 9126805504B is 0.8
2023-09-14 09:00:51,577 [main] DEBUG balancer.ContainerBalancerTask (ContainerBalancerTask.java:initializeIteration(398)) - Utilization for node 91d2078e-5a22-4e36-bbfb-501cc119c99c with capacity 69026260114B, used 48318382080B, and remaining 20707878034B is 0.7000000000028974
2023-09-14 09:00:51,577 [main] DEBUG balancer.ContainerBalancerTask (ContainerBalancerTask.java:initializeIteration(398)) - Utilization for node f566b4e4-cbfe-4faf-a56a-ea8079f0a6aa with capacity 76951497386B, used 46170898432B, and remaining 30780598954B is 0.600000000005198
2023-09-14 09:00:51,577 [main] DEBUG balancer.ContainerBalancerTask (ContainerBalancerTask.java:initializeIteration(398)) - Utilization for node 590d5e92-d535-41c5-a6c4-4c98d164c5ff with capacity 115964116992B, used 57982058496B, and remaining 57982058496B is 0.5
2023-09-14 09:00:51,577 [main] DEBUG balancer.ContainerBalancerTask (ContainerBalancerTask.java:initializeIteration(398)) - Utilization for node af525658-3b6e-4170-aa4a-4569182def5e with capacity 134217728000B, used 53687091200B, and remaining 80530636800B is 0.4
2023-09-14 09:00:51,577 [main] DEBUG balancer.ContainerBalancerTask (ContainerBalancerTask.java:initializeIteration(398)) - Utilization for node 86ea1744-2c30-43c3-bbe6-07005c6b0bce with capacity 114532461226B, used 34359738368B, and remaining 80172722858B is 0.3000000000017462
2023-09-14 09:00:51,577 [main] DEBUG balancer.ContainerBalancerTask (ContainerBalancerTask.java:initializeIteration(398)) - Utilization for node c3dbb107-9225-42c7-bd9d-68a8fe900965 with capacity 187904819200B, used 37580963840B, and remaining 150323855360B is 0.2
2023-09-14 09:00:51,577 [main] DEBUG balancer.ContainerBalancerTask (ContainerBalancerTask.java:initializeIteration(398)) - Utilization for node 250eb2c8-682b-4b3a-a83a-e00ac03e249d with capacity 354334801920B, used 35433480192B, and remaining 318901321728B is 0.1
2023-09-14 09:00:51,577 [main] DEBUG balancer.ContainerBalancerTask (ContainerBalancerTask.java:initializeIteration(398)) - Utilization for node 86b781ac-681d-4737-af9f-2dbbe676040f with capacity 22548578304B, used 0B, and remaining 22548578304B is 0.0
2023-09-14 09:00:51,577 [main] INFO  balancer.ContainerBalancerTask (ContainerBalancerTask.java:initializeIteration(443)) - Did not find any unbalanced Datanodes.
2023-09-14 09:00:51,577 [main] INFO  balancer.ContainerBalancerTask (ContainerBalancerTask.java:tryStopWithSaveConfiguration(308)) - Save Configuration for stopping. Reason: Could not initialize ContainerBalancer's iteration number 0
2023-09-14 09:00:51,578 [main] DEBUG balancer.ContainerBalancerTask (ContainerBalancerTask.java:initializeIteration(374)) - Average utilization of the cluster is 0.3407892738599359
2023-09-14 09:00:51,578 [main] DEBUG balancer.ContainerBalancerTask (ContainerBalancerTask.java:initializeIteration(386)) - Lower limit for utilization is -0.11889543934955954 and Upper limit for utilization is 0.8004739870694313
2023-09-14 09:00:51,579 [main] DEBUG balancer.ContainerBalancerTask (ContainerBalancerTask.java:initializeIteration(398)) - Utilization for node 1900701f-e253-4cdd-ab6a-c712c592a450 with capacity 57266230613B, used 51539607552B, and remaining 5726623061B is 0.9000000000052387
2023-09-14 09:00:51,579 [main] DEBUG balancer.ContainerBalancerTask (ContainerBalancerTask.java:initializeIteration(398)) - Utilization for node b2410ec6-bcc1-4c4b-b620-7ec872c2fe8e with capacity 45634027520B, used 36507222016B, and remaining 9126805504B is 0.8
2023-09-14 09:00:51,579 [main] DEBUG balancer.ContainerBalancerTask (ContainerBalancerTask.java:initializeIteration(398)) - Utilization for node 91d2078e-5a22-4e36-bbfb-501cc119c99c with capacity 69026260114B, used 48318382080B, and remaining 20707878034B is 0.7000000000028974
2023-09-14 09:00:51,579 [main] DEBUG balancer.ContainerBalancerTask (ContainerBalancerTask.java:initializeIteration(398)) - Utilization for node f566b4e4-cbfe-4faf-a56a-ea8079f0a6aa with capacity 76951497386B, used 46170898432B, and remaining 30780598954B is 0.600000000005198
2023-09-14 09:00:51,579 [main] DEBUG balancer.ContainerBalancerTask (ContainerBalancerTask.java:initializeIteration(398)) - Utilization for node 590d5e92-d535-41c5-a6c4-4c98d164c5ff with capacity 115964116992B, used 57982058496B, and remaining 57982058496B is 0.5
2023-09-14 09:00:51,579 [main] DEBUG balancer.ContainerBalancerTask (ContainerBalancerTask.java:initializeIteration(398)) - Utilization for node af525658-3b6e-4170-aa4a-4569182def5e with capacity 134217728000B, used 53687091200B, and remaining 80530636800B is 0.4
2023-09-14 09:00:51,579 [main] DEBUG balancer.ContainerBalancerTask (ContainerBalancerTask.java:initializeIteration(398)) - Utilization for node 86ea1744-2c30-43c3-bbe6-07005c6b0bce with capacity 114532461226B, used 34359738368B, and remaining 80172722858B is 0.3000000000017462
2023-09-14 09:00:51,579 [main] DEBUG balancer.ContainerBalancerTask (ContainerBalancerTask.java:initializeIteration(398)) - Utilization for node c3dbb107-9225-42c7-bd9d-68a8fe900965 with capacity 187904819200B, used 37580963840B, and remaining 150323855360B is 0.2
2023-09-14 09:00:51,579 [main] DEBUG balancer.ContainerBalancerTask (ContainerBalancerTask.java:initializeIteration(398)) - Utilization for node 250eb2c8-682b-4b3a-a83a-e00ac03e249d with capacity 354334801920B, used 35433480192B, and remaining 318901321728B is 0.1
2023-09-14 09:00:51,579 [main] DEBUG balancer.ContainerBalancerTask (ContainerBalancerTask.java:initializeIteration(398)) - Utilization for node 86b781ac-681d-4737-af9f-2dbbe676040f with capacity 22548578304B, used 0B, and remaining 22548578304B is 0.0
2023-09-14 09:00:51,579 [main] INFO  balancer.ContainerBalancerTask (ContainerBalancerTask.java:initializeIteration(447)) - Container Balancer has identified 1 Over-Utilized and 0 Under-Utilized Datanodes that need to be balanced.
2023-09-14 09:00:51,579 [main] DEBUG balancer.ContainerBalancerTask (ContainerBalancerTask.java:lambda$initializeIteration$1(453)) - Datanode localhost-192.57.233.171 1900701f-e253-4cdd-ab6a-c712c592a450 is Over-Utilized.
2023-09-14 09:00:51,582 [main] DEBUG balancer.ContainerBalancerTask (ContainerBalancerTask.java:matchSourceWithTarget(708)) - ContainerBalancer is finding suitable target for source datanode 1900701f-e253-4cdd-ab6a-c712c592a450
2023-09-14 09:00:51,582 [main] INFO  balancer.FindTargetGreedyByUsageInfo (AbstractFindTargetGreedy.java:findTargetForContainerMove(133)) - Container Balancer could not find a target for source datanode 1900701f-e253-4cdd-ab6a-c712c592a450
2023-09-14 09:00:51,582 [main] DEBUG balancer.ContainerBalancerTask (ContainerBalancerTask.java:matchSourceWithTarget(717)) - ContainerBalancer could not find a suitable target for source node 1900701f-e253-4cdd-ab6a-c712c592a450.
2023-09-14 09:00:51,582 [main] INFO  balancer.FindSourceGreedy (FindSourceGreedy.java:getNextCandidateSourceDataNode(126)) - no more candidate source data node
2023-09-14 09:00:51,582 [main] INFO  balancer.ContainerBalancerTask (ContainerBalancerTask.java:balance(259)) - Result of this iteration of Container Balancer: CAN_NOT_BALANCE_ANY_MORE
2023-09-14 09:00:51,582 [main] INFO  balancer.ContainerBalancerTask (ContainerBalancerTask.java:tryStopWithSaveConfiguration(308)) - Save Configuration for stopping. Reason: CAN_NOT_BALANCE_ANY_MORE
2023-09-14 09:00:51,583 [main] DEBUG balancer.ContainerBalancerTask (ContainerBalancerTask.java:initializeIteration(374)) - Average utilization of the cluster is 0.3407892738599359
2023-09-14 09:00:51,583 [main] DEBUG balancer.ContainerBalancerTask (ContainerBalancerTask.java:initializeIteration(386)) - Lower limit for utilization is 0.11661041061831828 and Upper limit for utilization is 0.5649681371015536
2023-09-14 09:00:51,583 [main] DEBUG balancer.ContainerBalancerTask (ContainerBalancerTask.java:initializeIteration(398)) - Utilization for node 1900701f-e253-4cdd-ab6a-c712c592a450 with capacity 57266230613B, used 51539607552B, and remaining 5726623061B is 0.9000000000052387
2023-09-14 09:00:51,583 [main] DEBUG balancer.ContainerBalancerTask (ContainerBalancerTask.java:initializeIteration(398)) - Utilization for node b2410ec6-bcc1-4c4b-b620-7ec872c2fe8e with capacity 45634027520B, used 36507222016B, and remaining 9126805504B is 0.8
2023-09-14 09:00:51,583 [main] DEBUG balancer.ContainerBalancerTask (ContainerBalancerTask.java:initializeIteration(398)) - Utilization for node 91d2078e-5a22-4e36-bbfb-501cc119c99c with capacity 69026260114B, used 48318382080B, and remaining 20707878034B is 0.7000000000028974
2023-09-14 09:00:51,583 [main] DEBUG balancer.ContainerBalancerTask (ContainerBalancerTask.java:initializeIteration(398)) - Utilization for node f566b4e4-cbfe-4faf-a56a-ea8079f0a6aa with capacity 76951497386B, used 46170898432B, and remaining 30780598954B is 0.600000000005198
2023-09-14 09:00:51,583 [main] DEBUG balancer.ContainerBalancerTask (ContainerBalancerTask.java:initializeIteration(398)) - Utilization for node 590d5e92-d535-41c5-a6c4-4c98d164c5ff with capacity 115964116992B, used 57982058496B, and remaining 57982058496B is 0.5
2023-09-14 09:00:51,584 [main] DEBUG balancer.ContainerBalancerTask (ContainerBalancerTask.java:initializeIteration(398)) - Utilization for node af525658-3b6e-4170-aa4a-4569182def5e with capacity 134217728000B, used 53687091200B, and remaining 80530636800B is 0.4
2023-09-14 09:00:51,584 [main] DEBUG balancer.ContainerBalancerTask (ContainerBalancerTask.java:initializeIteration(398)) - Utilization for node 86ea1744-2c30-43c3-bbe6-07005c6b0bce with capacity 114532461226B, used 34359738368B, and remaining 80172722858B is 0.3000000000017462
2023-09-14 09:00:51,584 [main] DEBUG balancer.ContainerBalancerTask (ContainerBalancerTask.java:initializeIteration(398)) - Utilization for node c3dbb107-9225-42c7-bd9d-68a8fe900965 with capacity 187904819200B, used 37580963840B, and remaining 150323855360B is 0.2
2023-09-14 09:00:51,584 [main] DEBUG balancer.ContainerBalancerTask (ContainerBalancerTask.java:initializeIteration(398)) - Utilization for node 250eb2c8-682b-4b3a-a83a-e00ac03e249d with capacity 354334801920B, used 35433480192B, and remaining 318901321728B is 0.1
2023-09-14 09:00:51,584 [main] DEBUG balancer.ContainerBalancerTask (ContainerBalancerTask.java:initializeIteration(398)) - Utilization for node 86b781ac-681d-4737-af9f-2dbbe676040f with capacity 22548578304B, used 0B, and remaining 22548578304B is 0.0
2023-09-14 09:00:51,584 [main] INFO  balancer.ContainerBalancerTask (ContainerBalancerTask.java:initializeIteration(447)) - Container Balancer has identified 4 Over-Utilized and 2 Under-Utilized Datanodes that need to be balanced.
2023-09-14 09:00:51,584 [main] DEBUG balancer.ContainerBalancerTask (ContainerBalancerTask.java:lambda$initializeIteration$1(453)) - Datanode localhost-192.57.233.171 1900701f-e253-4cdd-ab6a-c712c592a450 is Over-Utilized.
2023-09-14 09:00:51,584 [main] DEBUG balancer.ContainerBalancerTask (ContainerBalancerTask.java:lambda$initializeIteration$1(453)) - Datanode localhost-219.238.93.19 b2410ec6-bcc1-4c4b-b620-7ec872c2fe8e is Over-Utilized.
2023-09-14 09:00:51,584 [main] DEBUG balancer.ContainerBalancerTask (ContainerBalancerTask.java:lambda$initializeIteration$1(453)) - Datanode localhost-99.121.120.236 91d2078e-5a22-4e36-bbfb-501cc119c99c is Over-Utilized.
2023-09-14 09:00:51,584 [main] DEBUG balancer.ContainerBalancerTask (ContainerBalancerTask.java:lambda$initializeIteration$1(453)) - Datanode localhost-146.28.35.242 f566b4e4-cbfe-4faf-a56a-ea8079f0a6aa is Over-Utilized.
2023-09-14 09:00:51,584 [main] DEBUG balancer.ContainerBalancerTask (ContainerBalancerTask.java:lambda$initializeIteration$2(459)) - Datanode localhost-87.39.252.231 86b781ac-681d-4737-af9f-2dbbe676040f is Under-Utilized.
2023-09-14 09:00:51,584 [main] DEBUG balancer.ContainerBalancerTask (ContainerBalancerTask.java:lambda$initializeIteration$2(459)) - Datanode localhost-159.229.126.231 250eb2c8-682b-4b3a-a83a-e00ac03e249d is Under-Utilized.
2023-09-14 09:00:51,587 [main] DEBUG balancer.ContainerBalancerTask (ContainerBalancerTask.java:matchSourceWithTarget(708)) - ContainerBalancer is finding suitable target for source datanode 1900701f-e253-4cdd-ab6a-c712c592a450
2023-09-14 09:00:51,587 [main] INFO  balancer.ContainerBalancerTask (ContainerBalancerTask.java:matchSourceWithTarget(722)) - ContainerBalancer matched source datanode 1900701f-e253-4cdd-ab6a-c712c592a450 with target datanode 86b781ac-681d-4737-af9f-2dbbe676040f for container move.
2023-09-14 09:00:51,587 [main] INFO  balancer.ContainerBalancerTask (ContainerBalancerTask.java:processMoveSelection(569)) - ContainerBalancer is trying to move container #85 with size 5368709120B from source datanode 1900701f-e253-4cdd-ab6a-c712c592a450 to target datanode 86b781ac-681d-4737-af9f-2dbbe676040f
2023-09-14 09:00:51,587 [main] DEBUG balancer.ContainerBalancerTask (ContainerBalancerTask.java:lambda$moveContainer$3(837)) - Container move completed for container #85 from source 1900701f-e253-4cdd-ab6a-c712c592a450 to target 86b781ac-681d-4737-af9f-2dbbe676040f
2023-09-14 09:00:51,590 [main] DEBUG balancer.ContainerBalancerTask (ContainerBalancerTask.java:matchSourceWithTarget(708)) - ContainerBalancer is finding suitable target for source datanode 1900701f-e253-4cdd-ab6a-c712c592a450
2023-09-14 09:00:51,590 [main] INFO  balancer.ContainerBalancerTask (ContainerBalancerTask.java:matchSourceWithTarget(722)) - ContainerBalancer matched source datanode 1900701f-e253-4cdd-ab6a-c712c592a450 with target datanode 250eb2c8-682b-4b3a-a83a-e00ac03e249d for container move.
2023-09-14 09:00:51,590 [main] INFO  balancer.ContainerBalancerTask (ContainerBalancerTask.java:processMoveSelection(569)) - ContainerBalancer is trying to move container #68 with size 5368709120B from source datanode 1900701f-e253-4cdd-ab6a-c712c592a450 to target datanode 250eb2c8-682b-4b3a-a83a-e00ac03e249d
2023-09-14 09:00:51,590 [main] DEBUG balancer.ContainerBalancerTask (ContainerBalancerTask.java:lambda$moveContainer$3(837)) - Container move completed for container #68 from source 1900701f-e253-4cdd-ab6a-c712c592a450 to target 250eb2c8-682b-4b3a-a83a-e00ac03e249d
2023-09-14 09:00:51,592 [main] DEBUG balancer.ContainerBalancerTask (ContainerBalancerTask.java:matchSourceWithTarget(708)) - ContainerBalancer is finding suitable target for source datanode b2410ec6-bcc1-4c4b-b620-7ec872c2fe8e
2023-09-14 09:00:51,592 [main] INFO  balancer.ContainerBalancerTask (ContainerBalancerTask.java:matchSourceWithTarget(722)) - ContainerBalancer matched source datanode b2410ec6-bcc1-4c4b-b620-7ec872c2fe8e with target datanode 250eb2c8-682b-4b3a-a83a-e00ac03e249d for container move.
2023-09-14 09:00:51,592 [main] INFO  balancer.ContainerBalancerTask (ContainerBalancerTask.java:processMoveSelection(569)) - ContainerBalancer is trying to move container #71 with size 3221225472B from source datanode b2410ec6-bcc1-4c4b-b620-7ec872c2fe8e to target datanode 250eb2c8-682b-4b3a-a83a-e00ac03e249d
2023-09-14 09:00:51,592 [main] DEBUG balancer.ContainerBalancerTask (ContainerBalancerTask.java:lambda$moveContainer$3(837)) - Container move completed for container #71 from source b2410ec6-bcc1-4c4b-b620-7ec872c2fe8e to target 250eb2c8-682b-4b3a-a83a-e00ac03e249d
2023-09-14 09:00:51,594 [main] DEBUG balancer.ContainerBalancerTask (ContainerBalancerTask.java:matchSourceWithTarget(708)) - ContainerBalancer is finding suitable target for source datanode b2410ec6-bcc1-4c4b-b620-7ec872c2fe8e
2023-09-14 09:00:51,595 [main] INFO  balancer.ContainerBalancerTask (ContainerBalancerTask.java:matchSourceWithTarget(722)) - ContainerBalancer matched source datanode b2410ec6-bcc1-4c4b-b620-7ec872c2fe8e with target datanode 250eb2c8-682b-4b3a-a83a-e00ac03e249d for container move.
2023-09-14 09:00:51,595 [main] INFO  balancer.ContainerBalancerTask (ContainerBalancerTask.java:processMoveSelection(569)) - ContainerBalancer is trying to move container #66 with size 3221225472B from source datanode b2410ec6-bcc1-4c4b-b620-7ec872c2fe8e to target datanode 250eb2c8-682b-4b3a-a83a-e00ac03e249d
2023-09-14 09:00:51,595 [main] DEBUG balancer.ContainerBalancerTask (ContainerBalancerTask.java:lambda$moveContainer$3(837)) - Container move completed for container #66 from source b2410ec6-bcc1-4c4b-b620-7ec872c2fe8e to target 250eb2c8-682b-4b3a-a83a-e00ac03e249d
2023-09-14 09:00:51,597 [main] DEBUG balancer.ContainerBalancerTask (ContainerBalancerTask.java:matchSourceWithTarget(708)) - ContainerBalancer is finding suitable target for source datanode 1900701f-e253-4cdd-ab6a-c712c592a450
2023-09-14 09:00:51,597 [main] INFO  balancer.ContainerBalancerTask (ContainerBalancerTask.java:matchSourceWithTarget(722)) - ContainerBalancer matched source datanode 1900701f-e253-4cdd-ab6a-c712c592a450 with target datanode 250eb2c8-682b-4b3a-a83a-e00ac03e249d for container move.
2023-09-14 09:00:51,598 [main] INFO  balancer.ContainerBalancerTask (ContainerBalancerTask.java:processMoveSelection(569)) - ContainerBalancer is trying to move container #84 with size 4294967296B from source datanode 1900701f-e253-4cdd-ab6a-c712c592a450 to target datanode 250eb2c8-682b-4b3a-a83a-e00ac03e249d
2023-09-14 09:00:51,598 [main] DEBUG balancer.ContainerBalancerTask (ContainerBalancerTask.java:lambda$moveContainer$3(837)) - Container move completed for container #84 from source 1900701f-e253-4cdd-ab6a-c712c592a450 to target 250eb2c8-682b-4b3a-a83a-e00ac03e249d
2023-09-14 09:00:51,600 [main] DEBUG balancer.ContainerBalancerTask (ContainerBalancerTask.java:matchSourceWithTarget(708)) - ContainerBalancer is finding suitable target for source datanode 91d2078e-5a22-4e36-bbfb-501cc119c99c
2023-09-14 09:00:51,601 [main] INFO  balancer.ContainerBalancerTask (ContainerBalancerTask.java:matchSourceWithTarget(722)) - ContainerBalancer matched source datanode 91d2078e-5a22-4e36-bbfb-501cc119c99c with target datanode 250eb2c8-682b-4b3a-a83a-e00ac03e249d for container move.
2023-09-14 09:00:51,601 [main] INFO  balancer.ContainerBalancerTask (ContainerBalancerTask.java:processMoveSelection(569)) - ContainerBalancer is trying to move container #29 with size 5368709120B from source datanode 91d2078e-5a22-4e36-bbfb-501cc119c99c to target datanode 250eb2c8-682b-4b3a-a83a-e00ac03e249d
2023-09-14 09:00:51,601 [main] DEBUG balancer.ContainerBalancerTask (ContainerBalancerTask.java:lambda$moveContainer$3(837)) - Container move completed for container #29 from source 91d2078e-5a22-4e36-bbfb-501cc119c99c to target 250eb2c8-682b-4b3a-a83a-e00ac03e249d
2023-09-14 09:00:51,603 [main] DEBUG balancer.ContainerBalancerTask (ContainerBalancerTask.java:matchSourceWithTarget(708)) - ContainerBalancer is finding suitable target for source datanode b2410ec6-bcc1-4c4b-b620-7ec872c2fe8e
2023-09-14 09:00:51,603 [main] INFO  balancer.ContainerBalancerTask (ContainerBalancerTask.java:matchSourceWithTarget(722)) - ContainerBalancer matched source datanode b2410ec6-bcc1-4c4b-b620-7ec872c2fe8e with target datanode 250eb2c8-682b-4b3a-a83a-e00ac03e249d for container move.
2023-09-14 09:00:51,603 [main] INFO  balancer.ContainerBalancerTask (ContainerBalancerTask.java:processMoveSelection(569)) - ContainerBalancer is trying to move container #51 with size 3221225472B from source datanode b2410ec6-bcc1-4c4b-b620-7ec872c2fe8e to target datanode 250eb2c8-682b-4b3a-a83a-e00ac03e249d
2023-09-14 09:00:51,604 [main] DEBUG balancer.ContainerBalancerTask (ContainerBalancerTask.java:lambda$moveContainer$3(837)) - Container move completed for container #51 from source b2410ec6-bcc1-4c4b-b620-7ec872c2fe8e to target 250eb2c8-682b-4b3a-a83a-e00ac03e249d
2023-09-14 09:00:51,606 [main] DEBUG balancer.ContainerBalancerTask (ContainerBalancerTask.java:matchSourceWithTarget(708)) - ContainerBalancer is finding suitable target for source datanode 1900701f-e253-4cdd-ab6a-c712c592a450
2023-09-14 09:00:51,606 [main] INFO  balancer.ContainerBalancerTask (ContainerBalancerTask.java:matchSourceWithTarget(722)) - ContainerBalancer matched source datanode 1900701f-e253-4cdd-ab6a-c712c592a450 with target datanode 250eb2c8-682b-4b3a-a83a-e00ac03e249d for container move.
2023-09-14 09:00:51,607 [main] INFO  balancer.ContainerBalancerTask (ContainerBalancerTask.java:processMoveSelection(569)) - ContainerBalancer is trying to move container #39 with size 4294967296B from source datanode 1900701f-e253-4cdd-ab6a-c712c592a450 to target datanode 250eb2c8-682b-4b3a-a83a-e00ac03e249d
2023-09-14 09:00:51,607 [main] DEBUG balancer.ContainerBalancerTask (ContainerBalancerTask.java:lambda$moveContainer$3(837)) - Container move completed for container #39 from source 1900701f-e253-4cdd-ab6a-c712c592a450 to target 250eb2c8-682b-4b3a-a83a-e00ac03e249d
2023-09-14 09:00:51,610 [main] DEBUG balancer.ContainerBalancerTask (ContainerBalancerTask.java:matchSourceWithTarget(708)) - ContainerBalancer is finding suitable target for source datanode 91d2078e-5a22-4e36-bbfb-501cc119c99c
2023-09-14 09:00:51,610 [main] INFO  balancer.ContainerBalancerTask (ContainerBalancerTask.java:matchSourceWithTarget(722)) - ContainerBalancer matched source datanode 91d2078e-5a22-4e36-bbfb-501cc119c99c with target datanode 250eb2c8-682b-4b3a-a83a-e00ac03e249d for container move.
2023-09-14 09:00:51,610 [main] INFO  balancer.ContainerBalancerTask (ContainerBalancerTask.java:processMoveSelection(569)) - ContainerBalancer is trying to move container #52 with size 4294967296B from source datanode 91d2078e-5a22-4e36-bbfb-501cc119c99c to target datanode 250eb2c8-682b-4b3a-a83a-e00ac03e249d
2023-09-14 09:00:51,610 [main] DEBUG balancer.ContainerBalancerTask (ContainerBalancerTask.java:lambda$moveContainer$3(837)) - Container move completed for container #52 from source 91d2078e-5a22-4e36-bbfb-501cc119c99c to target 250eb2c8-682b-4b3a-a83a-e00ac03e249d
2023-09-14 09:00:51,613 [main] DEBUG balancer.ContainerBalancerTask (ContainerBalancerTask.java:matchSourceWithTarget(708)) - ContainerBalancer is finding suitable target for source datanode f566b4e4-cbfe-4faf-a56a-ea8079f0a6aa
2023-09-14 09:00:51,613 [main] INFO  balancer.ContainerBalancerTask (ContainerBalancerTask.java:matchSourceWithTarget(722)) - ContainerBalancer matched source datanode f566b4e4-cbfe-4faf-a56a-ea8079f0a6aa with target datanode 250eb2c8-682b-4b3a-a83a-e00ac03e249d for container move.
2023-09-14 09:00:51,613 [main] INFO  balancer.ContainerBalancerTask (ContainerBalancerTask.java:processMoveSelection(569)) - ContainerBalancer is trying to move container #40 with size 5368709120B from source datanode f566b4e4-cbfe-4faf-a56a-ea8079f0a6aa to target datanode 250eb2c8-682b-4b3a-a83a-e00ac03e249d
2023-09-14 09:00:51,613 [main] DEBUG balancer.ContainerBalancerTask (ContainerBalancerTask.java:lambda$moveContainer$3(837)) - Container move completed for container #40 from source f566b4e4-cbfe-4faf-a56a-ea8079f0a6aa to target 250eb2c8-682b-4b3a-a83a-e00ac03e249d
2023-09-14 09:00:51,616 [main] DEBUG balancer.ContainerBalancerTask (ContainerBalancerTask.java:matchSourceWithTarget(708)) - ContainerBalancer is finding suitable target for source datanode b2410ec6-bcc1-4c4b-b620-7ec872c2fe8e
2023-09-14 09:00:51,616 [main] INFO  balancer.ContainerBalancerTask (ContainerBalancerTask.java:matchSourceWithTarget(722)) - ContainerBalancer matched source datanode b2410ec6-bcc1-4c4b-b620-7ec872c2fe8e with target datanode 250eb2c8-682b-4b3a-a83a-e00ac03e249d for container move.
2023-09-14 09:00:51,616 [main] INFO  balancer.ContainerBalancerTask (ContainerBalancerTask.java:processMoveSelection(569)) - ContainerBalancer is trying to move container #18 with size 3221225472B from source datanode b2410ec6-bcc1-4c4b-b620-7ec872c2fe8e to target datanode 250eb2c8-682b-4b3a-a83a-e00ac03e249d
2023-09-14 09:00:51,616 [main] DEBUG balancer.ContainerBalancerTask (ContainerBalancerTask.java:lambda$moveContainer$3(837)) - Container move completed for container #18 from source b2410ec6-bcc1-4c4b-b620-7ec872c2fe8e to target 250eb2c8-682b-4b3a-a83a-e00ac03e249d
2023-09-14 09:00:51,619 [main] DEBUG balancer.ContainerBalancerTask (ContainerBalancerTask.java:matchSourceWithTarget(708)) - ContainerBalancer is finding suitable target for source datanode 1900701f-e253-4cdd-ab6a-c712c592a450
2023-09-14 09:00:51,619 [main] INFO  balancer.ContainerBalancerTask (ContainerBalancerTask.java:matchSourceWithTarget(722)) - ContainerBalancer matched source datanode 1900701f-e253-4cdd-ab6a-c712c592a450 with target datanode 250eb2c8-682b-4b3a-a83a-e00ac03e249d for container move.
2023-09-14 09:00:51,619 [main] INFO  balancer.ContainerBalancerTask (ContainerBalancerTask.java:processMoveSelection(569)) - ContainerBalancer is trying to move container #28 with size 4294967296B from source datanode 1900701f-e253-4cdd-ab6a-c712c592a450 to target datanode 250eb2c8-682b-4b3a-a83a-e00ac03e249d
2023-09-14 09:00:51,620 [main] DEBUG balancer.ContainerBalancerTask (ContainerBalancerTask.java:lambda$moveContainer$3(837)) - Container move completed for container #28 from source 1900701f-e253-4cdd-ab6a-c712c592a450 to target 250eb2c8-682b-4b3a-a83a-e00ac03e249d
2023-09-14 09:00:51,623 [main] DEBUG balancer.ContainerBalancerTask (ContainerBalancerTask.java:matchSourceWithTarget(708)) - ContainerBalancer is finding suitable target for source datanode 91d2078e-5a22-4e36-bbfb-501cc119c99c
2023-09-14 09:00:51,623 [main] INFO  balancer.ContainerBalancerTask (ContainerBalancerTask.java:matchSourceWithTarget(722)) - ContainerBalancer matched source datanode 91d2078e-5a22-4e36-bbfb-501cc119c99c with target datanode 250eb2c8-682b-4b3a-a83a-e00ac03e249d for container move.
2023-09-14 09:00:51,623 [main] INFO  balancer.ContainerBalancerTask (ContainerBalancerTask.java:processMoveSelection(569)) - ContainerBalancer is trying to move container #55 with size 2147483648B from source datanode 91d2078e-5a22-4e36-bbfb-501cc119c99c to target datanode 250eb2c8-682b-4b3a-a83a-e00ac03e249d
2023-09-14 09:00:51,623 [main] DEBUG balancer.ContainerBalancerTask (ContainerBalancerTask.java:lambda$moveContainer$3(837)) - Container move completed for container #55 from source 91d2078e-5a22-4e36-bbfb-501cc119c99c to target 250eb2c8-682b-4b3a-a83a-e00ac03e249d
2023-09-14 09:00:51,623 [main] WARN  balancer.ContainerBalancerTask (ContainerBalancerTask.java:reachedMaxSizeToMovePerIteration(733)) - Reached max size to move limit. 53687091200 bytes have already been scheduled for balancing and the limit is 53687091200 bytes.
2023-09-14 09:00:51,624 [main] INFO  balancer.ContainerBalancerTask (ContainerBalancerTask.java:checkIterationMoveResults(642)) - Iteration Summary. Number of Datanodes involved: 6. Size moved: 50 GB (53687091200 Bytes). Number of Container moves completed: 13.
2023-09-14 09:00:51,624 [main] INFO  balancer.ContainerBalancerTask (ContainerBalancerTask.java:balance(259)) - Result of this iteration of Container Balancer: ITERATION_COMPLETED
2023-09-14 09:00:51,624 [main] INFO  balancer.ContainerBalancerTask (ContainerBalancerTask.java:tryStopWithSaveConfiguration(308)) - Save Configuration for stopping. Reason: Completed all iterations.
2023-09-14 09:00:51,625 [main] DEBUG balancer.ContainerBalancerTask (ContainerBalancerTask.java:initializeIteration(374)) - Average utilization of the cluster is 0.3407892738599359
2023-09-14 09:00:51,625 [main] DEBUG balancer.ContainerBalancerTask (ContainerBalancerTask.java:initializeIteration(386)) - Lower limit for utilization is -0.5671907112260395 and Upper limit for utilization is 1.2487692589459114
2023-09-14 09:00:51,625 [main] DEBUG balancer.ContainerBalancerTask (ContainerBalancerTask.java:initializeIteration(398)) - Utilization for node 1900701f-e253-4cdd-ab6a-c712c592a450 with capacity 57266230613B, used 51539607552B, and remaining 5726623061B is 0.9000000000052387
2023-09-14 09:00:51,625 [main] DEBUG balancer.ContainerBalancerTask (ContainerBalancerTask.java:initializeIteration(398)) - Utilization for node b2410ec6-bcc1-4c4b-b620-7ec872c2fe8e with capacity 45634027520B, used 36507222016B, and remaining 9126805504B is 0.8
2023-09-14 09:00:51,625 [main] DEBUG balancer.ContainerBalancerTask (ContainerBalancerTask.java:initializeIteration(398)) - Utilization for node 91d2078e-5a22-4e36-bbfb-501cc119c99c with capacity 69026260114B, used 48318382080B, and remaining 20707878034B is 0.7000000000028974
2023-09-14 09:00:51,625 [main] DEBUG balancer.ContainerBalancerTask (ContainerBalancerTask.java:initializeIteration(398)) - Utilization for node f566b4e4-cbfe-4faf-a56a-ea8079f0a6aa with capacity 76951497386B, used 46170898432B, and remaining 30780598954B is 0.600000000005198
2023-09-14 09:00:51,625 [main] DEBUG balancer.ContainerBalancerTask (ContainerBalancerTask.java:initializeIteration(398)) - Utilization for node 590d5e92-d535-41c5-a6c4-4c98d164c5ff with capacity 115964116992B, used 57982058496B, and remaining 57982058496B is 0.5
2023-09-14 09:00:51,625 [main] DEBUG balancer.ContainerBalancerTask (ContainerBalancerTask.java:initializeIteration(398)) - Utilization for node af525658-3b6e-4170-aa4a-4569182def5e with capacity 134217728000B, used 53687091200B, and remaining 80530636800B is 0.4
2023-09-14 09:00:51,625 [main] DEBUG balancer.ContainerBalancerTask (ContainerBalancerTask.java:initializeIteration(398)) - Utilization for node 86ea1744-2c30-43c3-bbe6-07005c6b0bce with capacity 114532461226B, used 34359738368B, and remaining 80172722858B is 0.3000000000017462
2023-09-14 09:00:51,625 [main] DEBUG balancer.ContainerBalancerTask (ContainerBalancerTask.java:initializeIteration(398)) - Utilization for node c3dbb107-9225-42c7-bd9d-68a8fe900965 with capacity 187904819200B, used 37580963840B, and remaining 150323855360B is 0.2
2023-09-14 09:00:51,626 [main] DEBUG balancer.ContainerBalancerTask (ContainerBalancerTask.java:initializeIteration(398)) - Utilization for node 250eb2c8-682b-4b3a-a83a-e00ac03e249d with capacity 354334801920B, used 35433480192B, and remaining 318901321728B is 0.1
2023-09-14 09:00:51,626 [main] DEBUG balancer.ContainerBalancerTask (ContainerBalancerTask.java:initializeIteration(398)) - Utilization for node 86b781ac-681d-4737-af9f-2dbbe676040f with capacity 22548578304B, used 0B, and remaining 22548578304B is 0.0
2023-09-14 09:00:51,626 [main] INFO  balancer.ContainerBalancerTask (ContainerBalancerTask.java:initializeIteration(443)) - Did not find any unbalanced Datanodes.
2023-09-14 09:00:51,626 [main] INFO  balancer.ContainerBalancerTask (ContainerBalancerTask.java:tryStopWithSaveConfiguration(308)) - Save Configuration for stopping. Reason: Could not initialize ContainerBalancer's iteration number 0
2023-09-14 09:00:51,626 [main] DEBUG balancer.ContainerBalancerTask (ContainerBalancerTask.java:initializeIteration(374)) - Average utilization of the cluster is 0.3407892738599359
2023-09-14 09:00:51,627 [main] DEBUG balancer.ContainerBalancerTask (ContainerBalancerTask.java:initializeIteration(386)) - Lower limit for utilization is -0.3923830160712281 and Upper limit for utilization is 1.0739615637911
2023-09-14 09:00:51,627 [main] DEBUG balancer.ContainerBalancerTask (ContainerBalancerTask.java:initializeIteration(398)) - Utilization for node 1900701f-e253-4cdd-ab6a-c712c592a450 with capacity 57266230613B, used 51539607552B, and remaining 5726623061B is 0.9000000000052387
2023-09-14 09:00:51,627 [main] DEBUG balancer.ContainerBalancerTask (ContainerBalancerTask.java:initializeIteration(398)) - Utilization for node b2410ec6-bcc1-4c4b-b620-7ec872c2fe8e with capacity 45634027520B, used 36507222016B, and remaining 9126805504B is 0.8
2023-09-14 09:00:51,627 [main] DEBUG balancer.ContainerBalancerTask (ContainerBalancerTask.java:initializeIteration(398)) - Utilization for node 91d2078e-5a22-4e36-bbfb-501cc119c99c with capacity 69026260114B, used 48318382080B, and remaining 20707878034B is 0.7000000000028974
2023-09-14 09:00:51,627 [main] DEBUG balancer.ContainerBalancerTask (ContainerBalancerTask.java:initializeIteration(398)) - Utilization for node f566b4e4-cbfe-4faf-a56a-ea8079f0a6aa with capacity 76951497386B, used 46170898432B, and remaining 30780598954B is 0.600000000005198
2023-09-14 09:00:51,627 [main] DEBUG balancer.ContainerBalancerTask (ContainerBalancerTask.java:initializeIteration(398)) - Utilization for node 590d5e92-d535-41c5-a6c4-4c98d164c5ff with capacity 115964116992B, used 57982058496B, and remaining 57982058496B is 0.5
2023-09-14 09:00:51,627 [main] DEBUG balancer.ContainerBalancerTask (ContainerBalancerTask.java:initializeIteration(398)) - Utilization for node af525658-3b6e-4170-aa4a-4569182def5e with capacity 134217728000B, used 53687091200B, and remaining 80530636800B is 0.4
2023-09-14 09:00:51,627 [main] DEBUG balancer.ContainerBalancerTask (ContainerBalancerTask.java:initializeIteration(398)) - Utilization for node 86ea1744-2c30-43c3-bbe6-07005c6b0bce with capacity 114532461226B, used 34359738368B, and remaining 80172722858B is 0.3000000000017462
2023-09-14 09:00:51,627 [main] DEBUG balancer.ContainerBalancerTask (ContainerBalancerTask.java:initializeIteration(398)) - Utilization for node c3dbb107-9225-42c7-bd9d-68a8fe900965 with capacity 187904819200B, used 37580963840B, and remaining 150323855360B is 0.2
2023-09-14 09:00:51,627 [main] DEBUG balancer.ContainerBalancerTask (ContainerBalancerTask.java:initializeIteration(398)) - Utilization for node 250eb2c8-682b-4b3a-a83a-e00ac03e249d with capacity 354334801920B, used 35433480192B, and remaining 318901321728B is 0.1
2023-09-14 09:00:51,627 [main] DEBUG balancer.ContainerBalancerTask (ContainerBalancerTask.java:initializeIteration(398)) - Utilization for node 86b781ac-681d-4737-af9f-2dbbe676040f with capacity 22548578304B, used 0B, and remaining 22548578304B is 0.0
2023-09-14 09:00:51,628 [main] INFO  balancer.ContainerBalancerTask (ContainerBalancerTask.java:initializeIteration(443)) - Did not find any unbalanced Datanodes.
2023-09-14 09:00:51,628 [main] INFO  balancer.ContainerBalancerTask (ContainerBalancerTask.java:tryStopWithSaveConfiguration(308)) - Save Configuration for stopping. Reason: Could not initialize ContainerBalancer's iteration number 0
2023-09-14 09:00:51,628 [main] DEBUG balancer.ContainerBalancerTask (ContainerBalancerTask.java:initializeIteration(374)) - Average utilization of the cluster is 0.3407892738599359
2023-09-14 09:00:51,628 [main] DEBUG balancer.ContainerBalancerTask (ContainerBalancerTask.java:initializeIteration(386)) - Lower limit for utilization is 0.21481676629824792 and Upper limit for utilization is 0.4667617814216239
2023-09-14 09:00:51,628 [main] DEBUG balancer.ContainerBalancerTask (ContainerBalancerTask.java:initializeIteration(398)) - Utilization for node 1900701f-e253-4cdd-ab6a-c712c592a450 with capacity 57266230613B, used 51539607552B, and remaining 5726623061B is 0.9000000000052387
2023-09-14 09:00:51,629 [main] DEBUG balancer.ContainerBalancerTask (ContainerBalancerTask.java:initializeIteration(398)) - Utilization for node b2410ec6-bcc1-4c4b-b620-7ec872c2fe8e with capacity 45634027520B, used 36507222016B, and remaining 9126805504B is 0.8
2023-09-14 09:00:51,629 [main] DEBUG balancer.ContainerBalancerTask (ContainerBalancerTask.java:initializeIteration(398)) - Utilization for node 91d2078e-5a22-4e36-bbfb-501cc119c99c with capacity 69026260114B, used 48318382080B, and remaining 20707878034B is 0.7000000000028974
2023-09-14 09:00:51,629 [main] DEBUG balancer.ContainerBalancerTask (ContainerBalancerTask.java:initializeIteration(398)) - Utilization for node f566b4e4-cbfe-4faf-a56a-ea8079f0a6aa with capacity 76951497386B, used 46170898432B, and remaining 30780598954B is 0.600000000005198
2023-09-14 09:00:51,629 [main] DEBUG balancer.ContainerBalancerTask (ContainerBalancerTask.java:initializeIteration(398)) - Utilization for node 590d5e92-d535-41c5-a6c4-4c98d164c5ff with capacity 115964116992B, used 57982058496B, and remaining 57982058496B is 0.5
2023-09-14 09:00:51,629 [main] DEBUG balancer.ContainerBalancerTask (ContainerBalancerTask.java:initializeIteration(398)) - Utilization for node af525658-3b6e-4170-aa4a-4569182def5e with capacity 134217728000B, used 53687091200B, and remaining 80530636800B is 0.4
2023-09-14 09:00:51,629 [main] DEBUG balancer.ContainerBalancerTask (ContainerBalancerTask.java:initializeIteration(398)) - Utilization for node 86ea1744-2c30-43c3-bbe6-07005c6b0bce with capacity 114532461226B, used 34359738368B, and remaining 80172722858B is 0.3000000000017462
2023-09-14 09:00:51,629 [main] DEBUG balancer.ContainerBalancerTask (ContainerBalancerTask.java:initializeIteration(398)) - Utilization for node c3dbb107-9225-42c7-bd9d-68a8fe900965 with capacity 187904819200B, used 37580963840B, and remaining 150323855360B is 0.2
2023-09-14 09:00:51,629 [main] DEBUG balancer.ContainerBalancerTask (ContainerBalancerTask.java:initializeIteration(398)) - Utilization for node 250eb2c8-682b-4b3a-a83a-e00ac03e249d with capacity 354334801920B, used 35433480192B, and remaining 318901321728B is 0.1
2023-09-14 09:00:51,629 [main] DEBUG balancer.ContainerBalancerTask (ContainerBalancerTask.java:initializeIteration(398)) - Utilization for node 86b781ac-681d-4737-af9f-2dbbe676040f with capacity 22548578304B, used 0B, and remaining 22548578304B is 0.0
2023-09-14 09:00:51,629 [main] INFO  balancer.ContainerBalancerTask (ContainerBalancerTask.java:initializeIteration(447)) - Container Balancer has identified 5 Over-Utilized and 3 Under-Utilized Datanodes that need to be balanced.
2023-09-14 09:00:51,629 [main] DEBUG balancer.ContainerBalancerTask (ContainerBalancerTask.java:lambda$initializeIteration$1(453)) - Datanode localhost-192.57.233.171 1900701f-e253-4cdd-ab6a-c712c592a450 is Over-Utilized.
2023-09-14 09:00:51,630 [main] DEBUG balancer.ContainerBalancerTask (ContainerBalancerTask.java:lambda$initializeIteration$1(453)) - Datanode localhost-219.238.93.19 b2410ec6-bcc1-4c4b-b620-7ec872c2fe8e is Over-Utilized.
2023-09-14 09:00:51,630 [main] DEBUG balancer.ContainerBalancerTask (ContainerBalancerTask.java:lambda$initializeIteration$1(453)) - Datanode localhost-99.121.120.236 91d2078e-5a22-4e36-bbfb-501cc119c99c is Over-Utilized.
2023-09-14 09:00:51,630 [main] DEBUG balancer.ContainerBalancerTask (ContainerBalancerTask.java:lambda$initializeIteration$1(453)) - Datanode localhost-146.28.35.242 f566b4e4-cbfe-4faf-a56a-ea8079f0a6aa is Over-Utilized.
2023-09-14 09:00:51,630 [main] DEBUG balancer.ContainerBalancerTask (ContainerBalancerTask.java:lambda$initializeIteration$1(453)) - Datanode localhost-90.110.176.165 590d5e92-d535-41c5-a6c4-4c98d164c5ff is Over-Utilized.
2023-09-14 09:00:51,630 [main] DEBUG balancer.ContainerBalancerTask (ContainerBalancerTask.java:lambda$initializeIteration$2(459)) - Datanode localhost-87.39.252.231 86b781ac-681d-4737-af9f-2dbbe676040f is Under-Utilized.
2023-09-14 09:00:51,630 [main] DEBUG balancer.ContainerBalancerTask (ContainerBalancerTask.java:lambda$initializeIteration$2(459)) - Datanode localhost-159.229.126.231 250eb2c8-682b-4b3a-a83a-e00ac03e249d is Under-Utilized.
2023-09-14 09:00:51,630 [main] DEBUG balancer.ContainerBalancerTask (ContainerBalancerTask.java:lambda$initializeIteration$2(459)) - Datanode localhost-177.109.90.208 c3dbb107-9225-42c7-bd9d-68a8fe900965 is Under-Utilized.
2023-09-14 09:00:51,632 [main] DEBUG balancer.ContainerBalancerTask (ContainerBalancerTask.java:matchSourceWithTarget(708)) - ContainerBalancer is finding suitable target for source datanode 1900701f-e253-4cdd-ab6a-c712c592a450
2023-09-14 09:00:51,633 [main] INFO  balancer.ContainerBalancerTask (ContainerBalancerTask.java:matchSourceWithTarget(722)) - ContainerBalancer matched source datanode 1900701f-e253-4cdd-ab6a-c712c592a450 with target datanode 86b781ac-681d-4737-af9f-2dbbe676040f for container move.
2023-09-14 09:00:51,633 [main] INFO  balancer.ContainerBalancerTask (ContainerBalancerTask.java:processMoveSelection(569)) - ContainerBalancer is trying to move container #85 with size 5368709120B from source datanode 1900701f-e253-4cdd-ab6a-c712c592a450 to target datanode 86b781ac-681d-4737-af9f-2dbbe676040f
2023-09-14 09:00:51,633 [main] DEBUG balancer.ContainerBalancerTask (ContainerBalancerTask.java:lambda$moveContainer$3(837)) - Container move completed for container #85 from source 1900701f-e253-4cdd-ab6a-c712c592a450 to target 86b781ac-681d-4737-af9f-2dbbe676040f
2023-09-14 09:00:51,635 [main] DEBUG balancer.ContainerBalancerTask (ContainerBalancerTask.java:matchSourceWithTarget(708)) - ContainerBalancer is finding suitable target for source datanode 1900701f-e253-4cdd-ab6a-c712c592a450
2023-09-14 09:00:51,635 [main] INFO  balancer.ContainerBalancerTask (ContainerBalancerTask.java:matchSourceWithTarget(722)) - ContainerBalancer matched source datanode 1900701f-e253-4cdd-ab6a-c712c592a450 with target datanode 250eb2c8-682b-4b3a-a83a-e00ac03e249d for container move.
2023-09-14 09:00:51,635 [main] INFO  balancer.ContainerBalancerTask (ContainerBalancerTask.java:processMoveSelection(569)) - ContainerBalancer is trying to move container #68 with size 5368709120B from source datanode 1900701f-e253-4cdd-ab6a-c712c592a450 to target datanode 250eb2c8-682b-4b3a-a83a-e00ac03e249d
2023-09-14 09:00:51,636 [main] DEBUG balancer.ContainerBalancerTask (ContainerBalancerTask.java:lambda$moveContainer$3(837)) - Container move completed for container #68 from source 1900701f-e253-4cdd-ab6a-c712c592a450 to target 250eb2c8-682b-4b3a-a83a-e00ac03e249d
2023-09-14 09:00:51,637 [main] DEBUG balancer.ContainerBalancerTask (ContainerBalancerTask.java:matchSourceWithTarget(708)) - ContainerBalancer is finding suitable target for source datanode b2410ec6-bcc1-4c4b-b620-7ec872c2fe8e
2023-09-14 09:00:51,638 [main] INFO  balancer.ContainerBalancerTask (ContainerBalancerTask.java:matchSourceWithTarget(722)) - ContainerBalancer matched source datanode b2410ec6-bcc1-4c4b-b620-7ec872c2fe8e with target datanode 250eb2c8-682b-4b3a-a83a-e00ac03e249d for container move.
2023-09-14 09:00:51,638 [main] INFO  balancer.ContainerBalancerTask (ContainerBalancerTask.java:processMoveSelection(569)) - ContainerBalancer is trying to move container #71 with size 3221225472B from source datanode b2410ec6-bcc1-4c4b-b620-7ec872c2fe8e to target datanode 250eb2c8-682b-4b3a-a83a-e00ac03e249d
2023-09-14 09:00:51,638 [main] DEBUG balancer.ContainerBalancerTask (ContainerBalancerTask.java:lambda$moveContainer$3(837)) - Container move completed for container #71 from source b2410ec6-bcc1-4c4b-b620-7ec872c2fe8e to target 250eb2c8-682b-4b3a-a83a-e00ac03e249d
2023-09-14 09:00:51,640 [main] DEBUG balancer.ContainerBalancerTask (ContainerBalancerTask.java:matchSourceWithTarget(708)) - ContainerBalancer is finding suitable target for source datanode b2410ec6-bcc1-4c4b-b620-7ec872c2fe8e
2023-09-14 09:00:51,640 [main] INFO  balancer.ContainerBalancerTask (ContainerBalancerTask.java:matchSourceWithTarget(722)) - ContainerBalancer matched source datanode b2410ec6-bcc1-4c4b-b620-7ec872c2fe8e with target datanode 250eb2c8-682b-4b3a-a83a-e00ac03e249d for container move.
2023-09-14 09:00:51,640 [main] INFO  balancer.ContainerBalancerTask (ContainerBalancerTask.java:processMoveSelection(569)) - ContainerBalancer is trying to move container #66 with size 3221225472B from source datanode b2410ec6-bcc1-4c4b-b620-7ec872c2fe8e to target datanode 250eb2c8-682b-4b3a-a83a-e00ac03e249d
2023-09-14 09:00:51,640 [main] DEBUG balancer.ContainerBalancerTask (ContainerBalancerTask.java:lambda$moveContainer$3(837)) - Container move completed for container #66 from source b2410ec6-bcc1-4c4b-b620-7ec872c2fe8e to target 250eb2c8-682b-4b3a-a83a-e00ac03e249d
2023-09-14 09:00:51,643 [main] DEBUG balancer.ContainerBalancerTask (ContainerBalancerTask.java:matchSourceWithTarget(708)) - ContainerBalancer is finding suitable target for source datanode 1900701f-e253-4cdd-ab6a-c712c592a450
2023-09-14 09:00:51,643 [main] INFO  balancer.ContainerBalancerTask (ContainerBalancerTask.java:matchSourceWithTarget(722)) - ContainerBalancer matched source datanode 1900701f-e253-4cdd-ab6a-c712c592a450 with target datanode 250eb2c8-682b-4b3a-a83a-e00ac03e249d for container move.
2023-09-14 09:00:51,643 [main] INFO  balancer.ContainerBalancerTask (ContainerBalancerTask.java:processMoveSelection(569)) - ContainerBalancer is trying to move container #84 with size 4294967296B from source datanode 1900701f-e253-4cdd-ab6a-c712c592a450 to target datanode 250eb2c8-682b-4b3a-a83a-e00ac03e249d
2023-09-14 09:00:51,643 [main] DEBUG balancer.ContainerBalancerTask (ContainerBalancerTask.java:lambda$moveContainer$3(837)) - Container move completed for container #84 from source 1900701f-e253-4cdd-ab6a-c712c592a450 to target 250eb2c8-682b-4b3a-a83a-e00ac03e249d
2023-09-14 09:00:51,646 [main] DEBUG balancer.ContainerBalancerTask (ContainerBalancerTask.java:matchSourceWithTarget(708)) - ContainerBalancer is finding suitable target for source datanode 91d2078e-5a22-4e36-bbfb-501cc119c99c
2023-09-14 09:00:51,646 [main] INFO  balancer.ContainerBalancerTask (ContainerBalancerTask.java:matchSourceWithTarget(722)) - ContainerBalancer matched source datanode 91d2078e-5a22-4e36-bbfb-501cc119c99c with target datanode 250eb2c8-682b-4b3a-a83a-e00ac03e249d for container move.
2023-09-14 09:00:51,646 [main] INFO  balancer.ContainerBalancerTask (ContainerBalancerTask.java:processMoveSelection(569)) - ContainerBalancer is trying to move container #29 with size 5368709120B from source datanode 91d2078e-5a22-4e36-bbfb-501cc119c99c to target datanode 250eb2c8-682b-4b3a-a83a-e00ac03e249d
2023-09-14 09:00:51,647 [main] DEBUG balancer.ContainerBalancerTask (ContainerBalancerTask.java:lambda$moveContainer$3(837)) - Container move completed for container #29 from source 91d2078e-5a22-4e36-bbfb-501cc119c99c to target 250eb2c8-682b-4b3a-a83a-e00ac03e249d
2023-09-14 09:00:51,649 [main] DEBUG balancer.ContainerBalancerTask (ContainerBalancerTask.java:matchSourceWithTarget(708)) - ContainerBalancer is finding suitable target for source datanode b2410ec6-bcc1-4c4b-b620-7ec872c2fe8e
2023-09-14 09:00:51,649 [main] INFO  balancer.ContainerBalancerTask (ContainerBalancerTask.java:matchSourceWithTarget(722)) - ContainerBalancer matched source datanode b2410ec6-bcc1-4c4b-b620-7ec872c2fe8e with target datanode 250eb2c8-682b-4b3a-a83a-e00ac03e249d for container move.
2023-09-14 09:00:51,649 [main] INFO  balancer.ContainerBalancerTask (ContainerBalancerTask.java:processMoveSelection(569)) - ContainerBalancer is trying to move container #51 with size 3221225472B from source datanode b2410ec6-bcc1-4c4b-b620-7ec872c2fe8e to target datanode 250eb2c8-682b-4b3a-a83a-e00ac03e249d
2023-09-14 09:00:51,649 [main] DEBUG balancer.ContainerBalancerTask (ContainerBalancerTask.java:lambda$moveContainer$3(837)) - Container move completed for container #51 from source b2410ec6-bcc1-4c4b-b620-7ec872c2fe8e to target 250eb2c8-682b-4b3a-a83a-e00ac03e249d
2023-09-14 09:00:51,652 [main] DEBUG balancer.ContainerBalancerTask (ContainerBalancerTask.java:matchSourceWithTarget(708)) - ContainerBalancer is finding suitable target for source datanode 1900701f-e253-4cdd-ab6a-c712c592a450
2023-09-14 09:00:51,652 [main] INFO  balancer.ContainerBalancerTask (ContainerBalancerTask.java:matchSourceWithTarget(722)) - ContainerBalancer matched source datanode 1900701f-e253-4cdd-ab6a-c712c592a450 with target datanode 250eb2c8-682b-4b3a-a83a-e00ac03e249d for container move.
2023-09-14 09:00:51,652 [main] INFO  balancer.ContainerBalancerTask (ContainerBalancerTask.java:processMoveSelection(569)) - ContainerBalancer is trying to move container #39 with size 4294967296B from source datanode 1900701f-e253-4cdd-ab6a-c712c592a450 to target datanode 250eb2c8-682b-4b3a-a83a-e00ac03e249d
2023-09-14 09:00:51,652 [main] DEBUG balancer.ContainerBalancerTask (ContainerBalancerTask.java:lambda$moveContainer$3(837)) - Container move completed for container #39 from source 1900701f-e253-4cdd-ab6a-c712c592a450 to target 250eb2c8-682b-4b3a-a83a-e00ac03e249d
2023-09-14 09:00:51,655 [main] DEBUG balancer.ContainerBalancerTask (ContainerBalancerTask.java:matchSourceWithTarget(708)) - ContainerBalancer is finding suitable target for source datanode 91d2078e-5a22-4e36-bbfb-501cc119c99c
2023-09-14 09:00:51,656 [main] INFO  balancer.ContainerBalancerTask (ContainerBalancerTask.java:matchSourceWithTarget(722)) - ContainerBalancer matched source datanode 91d2078e-5a22-4e36-bbfb-501cc119c99c with target datanode 250eb2c8-682b-4b3a-a83a-e00ac03e249d for container move.
2023-09-14 09:00:51,656 [main] INFO  balancer.ContainerBalancerTask (ContainerBalancerTask.java:processMoveSelection(569)) - ContainerBalancer is trying to move container #52 with size 4294967296B from source datanode 91d2078e-5a22-4e36-bbfb-501cc119c99c to target datanode 250eb2c8-682b-4b3a-a83a-e00ac03e249d
2023-09-14 09:00:51,656 [main] DEBUG balancer.ContainerBalancerTask (ContainerBalancerTask.java:lambda$moveContainer$3(837)) - Container move completed for container #52 from source 91d2078e-5a22-4e36-bbfb-501cc119c99c to target 250eb2c8-682b-4b3a-a83a-e00ac03e249d
2023-09-14 09:00:51,659 [main] DEBUG balancer.ContainerBalancerTask (ContainerBalancerTask.java:matchSourceWithTarget(708)) - ContainerBalancer is finding suitable target for source datanode f566b4e4-cbfe-4faf-a56a-ea8079f0a6aa
2023-09-14 09:00:51,659 [main] INFO  balancer.ContainerBalancerTask (ContainerBalancerTask.java:matchSourceWithTarget(722)) - ContainerBalancer matched source datanode f566b4e4-cbfe-4faf-a56a-ea8079f0a6aa with target datanode 250eb2c8-682b-4b3a-a83a-e00ac03e249d for container move.
2023-09-14 09:00:51,659 [main] INFO  balancer.ContainerBalancerTask (ContainerBalancerTask.java:processMoveSelection(569)) - ContainerBalancer is trying to move container #40 with size 5368709120B from source datanode f566b4e4-cbfe-4faf-a56a-ea8079f0a6aa to target datanode 250eb2c8-682b-4b3a-a83a-e00ac03e249d
2023-09-14 09:00:51,659 [main] DEBUG balancer.ContainerBalancerTask (ContainerBalancerTask.java:lambda$moveContainer$3(837)) - Container move completed for container #40 from source f566b4e4-cbfe-4faf-a56a-ea8079f0a6aa to target 250eb2c8-682b-4b3a-a83a-e00ac03e249d
2023-09-14 09:00:51,662 [main] DEBUG balancer.ContainerBalancerTask (ContainerBalancerTask.java:matchSourceWithTarget(708)) - ContainerBalancer is finding suitable target for source datanode b2410ec6-bcc1-4c4b-b620-7ec872c2fe8e
2023-09-14 09:00:51,662 [main] INFO  balancer.ContainerBalancerTask (ContainerBalancerTask.java:matchSourceWithTarget(722)) - ContainerBalancer matched source datanode b2410ec6-bcc1-4c4b-b620-7ec872c2fe8e with target datanode c3dbb107-9225-42c7-bd9d-68a8fe900965 for container move.
2023-09-14 09:00:51,662 [main] INFO  balancer.ContainerBalancerTask (ContainerBalancerTask.java:processMoveSelection(569)) - ContainerBalancer is trying to move container #87 with size 2147483648B from source datanode b2410ec6-bcc1-4c4b-b620-7ec872c2fe8e to target datanode c3dbb107-9225-42c7-bd9d-68a8fe900965
2023-09-14 09:00:51,662 [main] DEBUG balancer.ContainerBalancerTask (ContainerBalancerTask.java:lambda$moveContainer$3(837)) - Container move completed for container #87 from source b2410ec6-bcc1-4c4b-b620-7ec872c2fe8e to target c3dbb107-9225-42c7-bd9d-68a8fe900965
2023-09-14 09:00:51,665 [main] DEBUG balancer.ContainerBalancerTask (ContainerBalancerTask.java:matchSourceWithTarget(708)) - ContainerBalancer is finding suitable target for source datanode 1900701f-e253-4cdd-ab6a-c712c592a450
2023-09-14 09:00:51,665 [main] INFO  balancer.ContainerBalancerTask (ContainerBalancerTask.java:matchSourceWithTarget(722)) - ContainerBalancer matched source datanode 1900701f-e253-4cdd-ab6a-c712c592a450 with target datanode 250eb2c8-682b-4b3a-a83a-e00ac03e249d for container move.
2023-09-14 09:00:51,665 [main] INFO  balancer.ContainerBalancerTask (ContainerBalancerTask.java:processMoveSelection(569)) - ContainerBalancer is trying to move container #28 with size 4294967296B from source datanode 1900701f-e253-4cdd-ab6a-c712c592a450 to target datanode 250eb2c8-682b-4b3a-a83a-e00ac03e249d
2023-09-14 09:00:51,665 [main] DEBUG balancer.ContainerBalancerTask (ContainerBalancerTask.java:lambda$moveContainer$3(837)) - Container move completed for container #28 from source 1900701f-e253-4cdd-ab6a-c712c592a450 to target 250eb2c8-682b-4b3a-a83a-e00ac03e249d
2023-09-14 09:00:51,669 [main] DEBUG balancer.ContainerBalancerTask (ContainerBalancerTask.java:matchSourceWithTarget(708)) - ContainerBalancer is finding suitable target for source datanode 91d2078e-5a22-4e36-bbfb-501cc119c99c
2023-09-14 09:00:51,669 [main] INFO  balancer.ContainerBalancerTask (ContainerBalancerTask.java:matchSourceWithTarget(722)) - ContainerBalancer matched source datanode 91d2078e-5a22-4e36-bbfb-501cc119c99c with target datanode c3dbb107-9225-42c7-bd9d-68a8fe900965 for container move.
2023-09-14 09:00:51,669 [main] INFO  balancer.ContainerBalancerTask (ContainerBalancerTask.java:processMoveSelection(569)) - ContainerBalancer is trying to move container #27 with size 3221225472B from source datanode 91d2078e-5a22-4e36-bbfb-501cc119c99c to target datanode c3dbb107-9225-42c7-bd9d-68a8fe900965
2023-09-14 09:00:51,669 [main] DEBUG balancer.ContainerBalancerTask (ContainerBalancerTask.java:lambda$moveContainer$3(837)) - Container move completed for container #27 from source 91d2078e-5a22-4e36-bbfb-501cc119c99c to target c3dbb107-9225-42c7-bd9d-68a8fe900965
2023-09-14 09:00:51,669 [main] WARN  balancer.ContainerBalancerTask (ContainerBalancerTask.java:reachedMaxSizeToMovePerIteration(733)) - Reached max size to move limit. 53687091200 bytes have already been scheduled for balancing and the limit is 53687091200 bytes.
2023-09-14 09:00:51,669 [main] INFO  balancer.ContainerBalancerTask (ContainerBalancerTask.java:checkIterationMoveResults(642)) - Iteration Summary. Number of Datanodes involved: 7. Size moved: 50 GB (53687091200 Bytes). Number of Container moves completed: 13.
2023-09-14 09:00:51,669 [main] INFO  balancer.ContainerBalancerTask (ContainerBalancerTask.java:balance(259)) - Result of this iteration of Container Balancer: ITERATION_COMPLETED
2023-09-14 09:00:51,670 [main] INFO  balancer.ContainerBalancerTask (ContainerBalancerTask.java:tryStopWithSaveConfiguration(308)) - Save Configuration for stopping. Reason: Completed all iterations.
2023-09-14 09:00:51,670 [main] DEBUG balancer.ContainerBalancerTask (ContainerBalancerTask.java:initializeIteration(374)) - Average utilization of the cluster is 0.3407892738599359
2023-09-14 09:00:51,670 [main] DEBUG balancer.ContainerBalancerTask (ContainerBalancerTask.java:initializeIteration(386)) - Lower limit for utilization is 0.2529088624145796 and Upper limit for utilization is 0.4286696853052922
2023-09-14 09:00:51,671 [main] DEBUG balancer.ContainerBalancerTask (ContainerBalancerTask.java:initializeIteration(398)) - Utilization for node 1900701f-e253-4cdd-ab6a-c712c592a450 with capacity 57266230613B, used 51539607552B, and remaining 5726623061B is 0.9000000000052387
2023-09-14 09:00:51,671 [main] DEBUG balancer.ContainerBalancerTask (ContainerBalancerTask.java:initializeIteration(398)) - Utilization for node b2410ec6-bcc1-4c4b-b620-7ec872c2fe8e with capacity 45634027520B, used 36507222016B, and remaining 9126805504B is 0.8
2023-09-14 09:00:51,671 [main] DEBUG balancer.ContainerBalancerTask (ContainerBalancerTask.java:initializeIteration(398)) - Utilization for node 91d2078e-5a22-4e36-bbfb-501cc119c99c with capacity 69026260114B, used 48318382080B, and remaining 20707878034B is 0.7000000000028974
2023-09-14 09:00:51,671 [main] DEBUG balancer.ContainerBalancerTask (ContainerBalancerTask.java:initializeIteration(398)) - Utilization for node f566b4e4-cbfe-4faf-a56a-ea8079f0a6aa with capacity 76951497386B, used 46170898432B, and remaining 30780598954B is 0.600000000005198
2023-09-14 09:00:51,671 [main] DEBUG balancer.ContainerBalancerTask (ContainerBalancerTask.java:initializeIteration(398)) - Utilization for node 590d5e92-d535-41c5-a6c4-4c98d164c5ff with capacity 115964116992B, used 57982058496B, and remaining 57982058496B is 0.5
2023-09-14 09:00:51,671 [main] DEBUG balancer.ContainerBalancerTask (ContainerBalancerTask.java:initializeIteration(398)) - Utilization for node af525658-3b6e-4170-aa4a-4569182def5e with capacity 134217728000B, used 53687091200B, and remaining 80530636800B is 0.4
2023-09-14 09:00:51,671 [main] DEBUG balancer.ContainerBalancerTask (ContainerBalancerTask.java:initializeIteration(398)) - Utilization for node 86ea1744-2c30-43c3-bbe6-07005c6b0bce with capacity 114532461226B, used 34359738368B, and remaining 80172722858B is 0.3000000000017462
2023-09-14 09:00:51,671 [main] DEBUG balancer.ContainerBalancerTask (ContainerBalancerTask.java:initializeIteration(398)) - Utilization for node c3dbb107-9225-42c7-bd9d-68a8fe900965 with capacity 187904819200B, used 37580963840B, and remaining 150323855360B is 0.2
2023-09-14 09:00:51,671 [main] DEBUG balancer.ContainerBalancerTask (ContainerBalancerTask.java:initializeIteration(398)) - Utilization for node 250eb2c8-682b-4b3a-a83a-e00ac03e249d with capacity 354334801920B, used 35433480192B, and remaining 318901321728B is 0.1
2023-09-14 09:00:51,671 [main] DEBUG balancer.ContainerBalancerTask (ContainerBalancerTask.java:initializeIteration(398)) - Utilization for node 86b781ac-681d-4737-af9f-2dbbe676040f with capacity 22548578304B, used 0B, and remaining 22548578304B is 0.0
2023-09-14 09:00:51,671 [main] INFO  balancer.ContainerBalancerTask (ContainerBalancerTask.java:initializeIteration(447)) - Container Balancer has identified 5 Over-Utilized and 3 Under-Utilized Datanodes that need to be balanced.
2023-09-14 09:00:51,671 [main] DEBUG balancer.ContainerBalancerTask (ContainerBalancerTask.java:lambda$initializeIteration$1(453)) - Datanode localhost-192.57.233.171 1900701f-e253-4cdd-ab6a-c712c592a450 is Over-Utilized.
2023-09-14 09:00:51,672 [main] DEBUG balancer.ContainerBalancerTask (ContainerBalancerTask.java:lambda$initializeIteration$1(453)) - Datanode localhost-219.238.93.19 b2410ec6-bcc1-4c4b-b620-7ec872c2fe8e is Over-Utilized.
2023-09-14 09:00:51,672 [main] DEBUG balancer.ContainerBalancerTask (ContainerBalancerTask.java:lambda$initializeIteration$1(453)) - Datanode localhost-99.121.120.236 91d2078e-5a22-4e36-bbfb-501cc119c99c is Over-Utilized.
2023-09-14 09:00:51,672 [main] DEBUG balancer.ContainerBalancerTask (ContainerBalancerTask.java:lambda$initializeIteration$1(453)) - Datanode localhost-146.28.35.242 f566b4e4-cbfe-4faf-a56a-ea8079f0a6aa is Over-Utilized.
2023-09-14 09:00:51,672 [main] DEBUG balancer.ContainerBalancerTask (ContainerBalancerTask.java:lambda$initializeIteration$1(453)) - Datanode localhost-90.110.176.165 590d5e92-d535-41c5-a6c4-4c98d164c5ff is Over-Utilized.
2023-09-14 09:00:51,672 [main] DEBUG balancer.ContainerBalancerTask (ContainerBalancerTask.java:lambda$initializeIteration$2(459)) - Datanode localhost-87.39.252.231 86b781ac-681d-4737-af9f-2dbbe676040f is Under-Utilized.
2023-09-14 09:00:51,672 [main] DEBUG balancer.ContainerBalancerTask (ContainerBalancerTask.java:lambda$initializeIteration$2(459)) - Datanode localhost-159.229.126.231 250eb2c8-682b-4b3a-a83a-e00ac03e249d is Under-Utilized.
2023-09-14 09:00:51,672 [main] DEBUG balancer.ContainerBalancerTask (ContainerBalancerTask.java:lambda$initializeIteration$2(459)) - Datanode localhost-177.109.90.208 c3dbb107-9225-42c7-bd9d-68a8fe900965 is Under-Utilized.
2023-09-14 09:00:51,674 [main] DEBUG balancer.ContainerBalancerTask (ContainerBalancerTask.java:matchSourceWithTarget(708)) - ContainerBalancer is finding suitable target for source datanode 1900701f-e253-4cdd-ab6a-c712c592a450
2023-09-14 09:00:51,675 [main] INFO  balancer.ContainerBalancerTask (ContainerBalancerTask.java:matchSourceWithTarget(722)) - ContainerBalancer matched source datanode 1900701f-e253-4cdd-ab6a-c712c592a450 with target datanode 86b781ac-681d-4737-af9f-2dbbe676040f for container move.
2023-09-14 09:00:51,675 [main] INFO  balancer.ContainerBalancerTask (ContainerBalancerTask.java:processMoveSelection(569)) - ContainerBalancer is trying to move container #85 with size 5368709120B from source datanode 1900701f-e253-4cdd-ab6a-c712c592a450 to target datanode 86b781ac-681d-4737-af9f-2dbbe676040f
2023-09-14 09:00:51,675 [main] DEBUG balancer.ContainerBalancerTask (ContainerBalancerTask.java:lambda$moveContainer$3(837)) - Container move completed for container #85 from source 1900701f-e253-4cdd-ab6a-c712c592a450 to target 86b781ac-681d-4737-af9f-2dbbe676040f
2023-09-14 09:00:51,677 [main] DEBUG balancer.ContainerBalancerTask (ContainerBalancerTask.java:matchSourceWithTarget(708)) - ContainerBalancer is finding suitable target for source datanode 1900701f-e253-4cdd-ab6a-c712c592a450
2023-09-14 09:00:51,677 [main] INFO  balancer.ContainerBalancerTask (ContainerBalancerTask.java:matchSourceWithTarget(722)) - ContainerBalancer matched source datanode 1900701f-e253-4cdd-ab6a-c712c592a450 with target datanode 250eb2c8-682b-4b3a-a83a-e00ac03e249d for container move.
2023-09-14 09:00:51,677 [main] INFO  balancer.ContainerBalancerTask (ContainerBalancerTask.java:processMoveSelection(569)) - ContainerBalancer is trying to move container #68 with size 5368709120B from source datanode 1900701f-e253-4cdd-ab6a-c712c592a450 to target datanode 250eb2c8-682b-4b3a-a83a-e00ac03e249d
2023-09-14 09:00:51,678 [main] DEBUG balancer.ContainerBalancerTask (ContainerBalancerTask.java:lambda$moveContainer$3(837)) - Container move completed for container #68 from source 1900701f-e253-4cdd-ab6a-c712c592a450 to target 250eb2c8-682b-4b3a-a83a-e00ac03e249d
2023-09-14 09:00:51,680 [main] DEBUG balancer.ContainerBalancerTask (ContainerBalancerTask.java:matchSourceWithTarget(708)) - ContainerBalancer is finding suitable target for source datanode b2410ec6-bcc1-4c4b-b620-7ec872c2fe8e
2023-09-14 09:00:51,680 [main] INFO  balancer.ContainerBalancerTask (ContainerBalancerTask.java:matchSourceWithTarget(722)) - ContainerBalancer matched source datanode b2410ec6-bcc1-4c4b-b620-7ec872c2fe8e with target datanode 250eb2c8-682b-4b3a-a83a-e00ac03e249d for container move.
2023-09-14 09:00:51,680 [main] INFO  balancer.ContainerBalancerTask (ContainerBalancerTask.java:processMoveSelection(569)) - ContainerBalancer is trying to move container #71 with size 3221225472B from source datanode b2410ec6-bcc1-4c4b-b620-7ec872c2fe8e to target datanode 250eb2c8-682b-4b3a-a83a-e00ac03e249d
2023-09-14 09:00:51,680 [main] DEBUG balancer.ContainerBalancerTask (ContainerBalancerTask.java:lambda$moveContainer$3(837)) - Container move completed for container #71 from source b2410ec6-bcc1-4c4b-b620-7ec872c2fe8e to target 250eb2c8-682b-4b3a-a83a-e00ac03e249d
2023-09-14 09:00:51,682 [main] DEBUG balancer.ContainerBalancerTask (ContainerBalancerTask.java:matchSourceWithTarget(708)) - ContainerBalancer is finding suitable target for source datanode b2410ec6-bcc1-4c4b-b620-7ec872c2fe8e
2023-09-14 09:00:51,682 [main] INFO  balancer.ContainerBalancerTask (ContainerBalancerTask.java:matchSourceWithTarget(722)) - ContainerBalancer matched source datanode b2410ec6-bcc1-4c4b-b620-7ec872c2fe8e with target datanode 250eb2c8-682b-4b3a-a83a-e00ac03e249d for container move.
2023-09-14 09:00:51,682 [main] INFO  balancer.ContainerBalancerTask (ContainerBalancerTask.java:processMoveSelection(569)) - ContainerBalancer is trying to move container #66 with size 3221225472B from source datanode b2410ec6-bcc1-4c4b-b620-7ec872c2fe8e to target datanode 250eb2c8-682b-4b3a-a83a-e00ac03e249d
2023-09-14 09:00:51,682 [main] DEBUG balancer.ContainerBalancerTask (ContainerBalancerTask.java:lambda$moveContainer$3(837)) - Container move completed for container #66 from source b2410ec6-bcc1-4c4b-b620-7ec872c2fe8e to target 250eb2c8-682b-4b3a-a83a-e00ac03e249d
2023-09-14 09:00:51,685 [main] DEBUG balancer.ContainerBalancerTask (ContainerBalancerTask.java:matchSourceWithTarget(708)) - ContainerBalancer is finding suitable target for source datanode 1900701f-e253-4cdd-ab6a-c712c592a450
2023-09-14 09:00:51,685 [main] INFO  balancer.ContainerBalancerTask (ContainerBalancerTask.java:matchSourceWithTarget(722)) - ContainerBalancer matched source datanode 1900701f-e253-4cdd-ab6a-c712c592a450 with target datanode 250eb2c8-682b-4b3a-a83a-e00ac03e249d for container move.
2023-09-14 09:00:51,685 [main] INFO  balancer.ContainerBalancerTask (ContainerBalancerTask.java:processMoveSelection(569)) - ContainerBalancer is trying to move container #84 with size 4294967296B from source datanode 1900701f-e253-4cdd-ab6a-c712c592a450 to target datanode 250eb2c8-682b-4b3a-a83a-e00ac03e249d
2023-09-14 09:00:51,685 [main] DEBUG balancer.ContainerBalancerTask (ContainerBalancerTask.java:lambda$moveContainer$3(837)) - Container move completed for container #84 from source 1900701f-e253-4cdd-ab6a-c712c592a450 to target 250eb2c8-682b-4b3a-a83a-e00ac03e249d
2023-09-14 09:00:51,688 [main] DEBUG balancer.ContainerBalancerTask (ContainerBalancerTask.java:matchSourceWithTarget(708)) - ContainerBalancer is finding suitable target for source datanode 91d2078e-5a22-4e36-bbfb-501cc119c99c
2023-09-14 09:00:51,688 [main] INFO  balancer.ContainerBalancerTask (ContainerBalancerTask.java:matchSourceWithTarget(722)) - ContainerBalancer matched source datanode 91d2078e-5a22-4e36-bbfb-501cc119c99c with target datanode 250eb2c8-682b-4b3a-a83a-e00ac03e249d for container move.
2023-09-14 09:00:51,688 [main] INFO  balancer.ContainerBalancerTask (ContainerBalancerTask.java:processMoveSelection(569)) - ContainerBalancer is trying to move container #29 with size 5368709120B from source datanode 91d2078e-5a22-4e36-bbfb-501cc119c99c to target datanode 250eb2c8-682b-4b3a-a83a-e00ac03e249d
2023-09-14 09:00:51,689 [main] DEBUG balancer.ContainerBalancerTask (ContainerBalancerTask.java:lambda$moveContainer$3(837)) - Container move completed for container #29 from source 91d2078e-5a22-4e36-bbfb-501cc119c99c to target 250eb2c8-682b-4b3a-a83a-e00ac03e249d
2023-09-14 09:00:51,691 [main] DEBUG balancer.ContainerBalancerTask (ContainerBalancerTask.java:matchSourceWithTarget(708)) - ContainerBalancer is finding suitable target for source datanode b2410ec6-bcc1-4c4b-b620-7ec872c2fe8e
2023-09-14 09:00:51,691 [main] INFO  balancer.ContainerBalancerTask (ContainerBalancerTask.java:matchSourceWithTarget(722)) - ContainerBalancer matched source datanode b2410ec6-bcc1-4c4b-b620-7ec872c2fe8e with target datanode 250eb2c8-682b-4b3a-a83a-e00ac03e249d for container move.
2023-09-14 09:00:51,691 [main] INFO  balancer.ContainerBalancerTask (ContainerBalancerTask.java:processMoveSelection(569)) - ContainerBalancer is trying to move container #51 with size 3221225472B from source datanode b2410ec6-bcc1-4c4b-b620-7ec872c2fe8e to target datanode 250eb2c8-682b-4b3a-a83a-e00ac03e249d
2023-09-14 09:00:51,691 [main] DEBUG balancer.ContainerBalancerTask (ContainerBalancerTask.java:lambda$moveContainer$3(837)) - Container move completed for container #51 from source b2410ec6-bcc1-4c4b-b620-7ec872c2fe8e to target 250eb2c8-682b-4b3a-a83a-e00ac03e249d
2023-09-14 09:00:51,694 [main] DEBUG balancer.ContainerBalancerTask (ContainerBalancerTask.java:matchSourceWithTarget(708)) - ContainerBalancer is finding suitable target for source datanode 1900701f-e253-4cdd-ab6a-c712c592a450
2023-09-14 09:00:51,694 [main] INFO  balancer.ContainerBalancerTask (ContainerBalancerTask.java:matchSourceWithTarget(722)) - ContainerBalancer matched source datanode 1900701f-e253-4cdd-ab6a-c712c592a450 with target datanode 250eb2c8-682b-4b3a-a83a-e00ac03e249d for container move.
2023-09-14 09:00:51,694 [main] INFO  balancer.ContainerBalancerTask (ContainerBalancerTask.java:processMoveSelection(569)) - ContainerBalancer is trying to move container #39 with size 4294967296B from source datanode 1900701f-e253-4cdd-ab6a-c712c592a450 to target datanode 250eb2c8-682b-4b3a-a83a-e00ac03e249d
2023-09-14 09:00:51,694 [main] DEBUG balancer.ContainerBalancerTask (ContainerBalancerTask.java:lambda$moveContainer$3(837)) - Container move completed for container #39 from source 1900701f-e253-4cdd-ab6a-c712c592a450 to target 250eb2c8-682b-4b3a-a83a-e00ac03e249d
2023-09-14 09:00:51,697 [main] DEBUG balancer.ContainerBalancerTask (ContainerBalancerTask.java:matchSourceWithTarget(708)) - ContainerBalancer is finding suitable target for source datanode 91d2078e-5a22-4e36-bbfb-501cc119c99c
2023-09-14 09:00:51,697 [main] INFO  balancer.ContainerBalancerTask (ContainerBalancerTask.java:matchSourceWithTarget(722)) - ContainerBalancer matched source datanode 91d2078e-5a22-4e36-bbfb-501cc119c99c with target datanode 250eb2c8-682b-4b3a-a83a-e00ac03e249d for container move.
2023-09-14 09:00:51,697 [main] INFO  balancer.ContainerBalancerTask (ContainerBalancerTask.java:processMoveSelection(569)) - ContainerBalancer is trying to move container #52 with size 4294967296B from source datanode 91d2078e-5a22-4e36-bbfb-501cc119c99c to target datanode 250eb2c8-682b-4b3a-a83a-e00ac03e249d
2023-09-14 09:00:51,698 [main] DEBUG balancer.ContainerBalancerTask (ContainerBalancerTask.java:lambda$moveContainer$3(837)) - Container move completed for container #52 from source 91d2078e-5a22-4e36-bbfb-501cc119c99c to target 250eb2c8-682b-4b3a-a83a-e00ac03e249d
2023-09-14 09:00:51,700 [main] DEBUG balancer.ContainerBalancerTask (ContainerBalancerTask.java:matchSourceWithTarget(708)) - ContainerBalancer is finding suitable target for source datanode f566b4e4-cbfe-4faf-a56a-ea8079f0a6aa
2023-09-14 09:00:51,701 [main] INFO  balancer.ContainerBalancerTask (ContainerBalancerTask.java:matchSourceWithTarget(722)) - ContainerBalancer matched source datanode f566b4e4-cbfe-4faf-a56a-ea8079f0a6aa with target datanode 250eb2c8-682b-4b3a-a83a-e00ac03e249d for container move.
2023-09-14 09:00:51,701 [main] INFO  balancer.ContainerBalancerTask (ContainerBalancerTask.java:processMoveSelection(569)) - ContainerBalancer is trying to move container #40 with size 5368709120B from source datanode f566b4e4-cbfe-4faf-a56a-ea8079f0a6aa to target datanode 250eb2c8-682b-4b3a-a83a-e00ac03e249d
2023-09-14 09:00:51,701 [main] DEBUG balancer.ContainerBalancerTask (ContainerBalancerTask.java:lambda$moveContainer$3(837)) - Container move completed for container #40 from source f566b4e4-cbfe-4faf-a56a-ea8079f0a6aa to target 250eb2c8-682b-4b3a-a83a-e00ac03e249d
2023-09-14 09:00:51,703 [main] DEBUG balancer.ContainerBalancerTask (ContainerBalancerTask.java:matchSourceWithTarget(708)) - ContainerBalancer is finding suitable target for source datanode b2410ec6-bcc1-4c4b-b620-7ec872c2fe8e
2023-09-14 09:00:51,703 [main] INFO  balancer.ContainerBalancerTask (ContainerBalancerTask.java:matchSourceWithTarget(722)) - ContainerBalancer matched source datanode b2410ec6-bcc1-4c4b-b620-7ec872c2fe8e with target datanode c3dbb107-9225-42c7-bd9d-68a8fe900965 for container move.
2023-09-14 09:00:51,703 [main] INFO  balancer.ContainerBalancerTask (ContainerBalancerTask.java:processMoveSelection(569)) - ContainerBalancer is trying to move container #87 with size 2147483648B from source datanode b2410ec6-bcc1-4c4b-b620-7ec872c2fe8e to target datanode c3dbb107-9225-42c7-bd9d-68a8fe900965
2023-09-14 09:00:51,704 [main] DEBUG balancer.ContainerBalancerTask (ContainerBalancerTask.java:lambda$moveContainer$3(837)) - Container move completed for container #87 from source b2410ec6-bcc1-4c4b-b620-7ec872c2fe8e to target c3dbb107-9225-42c7-bd9d-68a8fe900965
2023-09-14 09:00:51,706 [main] DEBUG balancer.ContainerBalancerTask (ContainerBalancerTask.java:matchSourceWithTarget(708)) - ContainerBalancer is finding suitable target for source datanode 1900701f-e253-4cdd-ab6a-c712c592a450
2023-09-14 09:00:51,706 [main] INFO  balancer.ContainerBalancerTask (ContainerBalancerTask.java:matchSourceWithTarget(722)) - ContainerBalancer matched source datanode 1900701f-e253-4cdd-ab6a-c712c592a450 with target datanode 250eb2c8-682b-4b3a-a83a-e00ac03e249d for container move.
2023-09-14 09:00:51,707 [main] INFO  balancer.ContainerBalancerTask (ContainerBalancerTask.java:processMoveSelection(569)) - ContainerBalancer is trying to move container #28 with size 4294967296B from source datanode 1900701f-e253-4cdd-ab6a-c712c592a450 to target datanode 250eb2c8-682b-4b3a-a83a-e00ac03e249d
2023-09-14 09:00:51,707 [main] DEBUG balancer.ContainerBalancerTask (ContainerBalancerTask.java:lambda$moveContainer$3(837)) - Container move completed for container #28 from source 1900701f-e253-4cdd-ab6a-c712c592a450 to target 250eb2c8-682b-4b3a-a83a-e00ac03e249d
2023-09-14 09:00:51,710 [main] DEBUG balancer.ContainerBalancerTask (ContainerBalancerTask.java:matchSourceWithTarget(708)) - ContainerBalancer is finding suitable target for source datanode 91d2078e-5a22-4e36-bbfb-501cc119c99c
2023-09-14 09:00:51,710 [main] INFO  balancer.ContainerBalancerTask (ContainerBalancerTask.java:matchSourceWithTarget(722)) - ContainerBalancer matched source datanode 91d2078e-5a22-4e36-bbfb-501cc119c99c with target datanode c3dbb107-9225-42c7-bd9d-68a8fe900965 for container move.
2023-09-14 09:00:51,710 [main] INFO  balancer.ContainerBalancerTask (ContainerBalancerTask.java:processMoveSelection(569)) - ContainerBalancer is trying to move container #27 with size 3221225472B from source datanode 91d2078e-5a22-4e36-bbfb-501cc119c99c to target datanode c3dbb107-9225-42c7-bd9d-68a8fe900965
2023-09-14 09:00:51,710 [main] DEBUG balancer.ContainerBalancerTask (ContainerBalancerTask.java:lambda$moveContainer$3(837)) - Container move completed for container #27 from source 91d2078e-5a22-4e36-bbfb-501cc119c99c to target c3dbb107-9225-42c7-bd9d-68a8fe900965
2023-09-14 09:00:51,710 [main] WARN  balancer.ContainerBalancerTask (ContainerBalancerTask.java:reachedMaxSizeToMovePerIteration(733)) - Reached max size to move limit. 53687091200 bytes have already been scheduled for balancing and the limit is 53687091200 bytes.
2023-09-14 09:00:51,710 [main] INFO  balancer.ContainerBalancerTask (ContainerBalancerTask.java:checkIterationMoveResults(642)) - Iteration Summary. Number of Datanodes involved: 7. Size moved: 50 GB (53687091200 Bytes). Number of Container moves completed: 13.
2023-09-14 09:00:51,711 [main] INFO  balancer.ContainerBalancerTask (ContainerBalancerTask.java:balance(259)) - Result of this iteration of Container Balancer: ITERATION_COMPLETED
2023-09-14 09:00:51,711 [main] INFO  balancer.ContainerBalancerTask (ContainerBalancerTask.java:tryStopWithSaveConfiguration(308)) - Save Configuration for stopping. Reason: Completed all iterations.
2023-09-14 09:00:51,711 [main] DEBUG balancer.ContainerBalancerTask (ContainerBalancerTask.java:initializeIteration(374)) - Average utilization of the cluster is 0.3407892738599359
2023-09-14 09:00:51,712 [main] DEBUG balancer.ContainerBalancerTask (ContainerBalancerTask.java:initializeIteration(386)) - Lower limit for utilization is -0.16064642611718066 and Upper limit for utilization is 0.8422249738370524
2023-09-14 09:00:51,712 [main] DEBUG balancer.ContainerBalancerTask (ContainerBalancerTask.java:initializeIteration(398)) - Utilization for node 1900701f-e253-4cdd-ab6a-c712c592a450 with capacity 57266230613B, used 51539607552B, and remaining 5726623061B is 0.9000000000052387
2023-09-14 09:00:51,712 [main] DEBUG balancer.ContainerBalancerTask (ContainerBalancerTask.java:initializeIteration(398)) - Utilization for node b2410ec6-bcc1-4c4b-b620-7ec872c2fe8e with capacity 45634027520B, used 36507222016B, and remaining 9126805504B is 0.8
2023-09-14 09:00:51,712 [main] DEBUG balancer.ContainerBalancerTask (ContainerBalancerTask.java:initializeIteration(398)) - Utilization for node 91d2078e-5a22-4e36-bbfb-501cc119c99c with capacity 69026260114B, used 48318382080B, and remaining 20707878034B is 0.7000000000028974
2023-09-14 09:00:51,712 [main] DEBUG balancer.ContainerBalancerTask (ContainerBalancerTask.java:initializeIteration(398)) - Utilization for node f566b4e4-cbfe-4faf-a56a-ea8079f0a6aa with capacity 76951497386B, used 46170898432B, and remaining 30780598954B is 0.600000000005198
2023-09-14 09:00:51,712 [main] DEBUG balancer.ContainerBalancerTask (ContainerBalancerTask.java:initializeIteration(398)) - Utilization for node 590d5e92-d535-41c5-a6c4-4c98d164c5ff with capacity 115964116992B, used 57982058496B, and remaining 57982058496B is 0.5
2023-09-14 09:00:51,712 [main] DEBUG balancer.ContainerBalancerTask (ContainerBalancerTask.java:initializeIteration(398)) - Utilization for node af525658-3b6e-4170-aa4a-4569182def5e with capacity 134217728000B, used 53687091200B, and remaining 80530636800B is 0.4
2023-09-14 09:00:51,712 [main] DEBUG balancer.ContainerBalancerTask (ContainerBalancerTask.java:initializeIteration(398)) - Utilization for node 86ea1744-2c30-43c3-bbe6-07005c6b0bce with capacity 114532461226B, used 34359738368B, and remaining 80172722858B is 0.3000000000017462
2023-09-14 09:00:51,712 [main] DEBUG balancer.ContainerBalancerTask (ContainerBalancerTask.java:initializeIteration(398)) - Utilization for node c3dbb107-9225-42c7-bd9d-68a8fe900965 with capacity 187904819200B, used 37580963840B, and remaining 150323855360B is 0.2
2023-09-14 09:00:51,712 [main] DEBUG balancer.ContainerBalancerTask (ContainerBalancerTask.java:initializeIteration(398)) - Utilization for node 250eb2c8-682b-4b3a-a83a-e00ac03e249d with capacity 354334801920B, used 35433480192B, and remaining 318901321728B is 0.1
2023-09-14 09:00:51,712 [main] DEBUG balancer.ContainerBalancerTask (ContainerBalancerTask.java:initializeIteration(398)) - Utilization for node 86b781ac-681d-4737-af9f-2dbbe676040f with capacity 22548578304B, used 0B, and remaining 22548578304B is 0.0
2023-09-14 09:00:51,713 [main] INFO  balancer.ContainerBalancerTask (ContainerBalancerTask.java:initializeIteration(447)) - Container Balancer has identified 1 Over-Utilized and 0 Under-Utilized Datanodes that need to be balanced.
2023-09-14 09:00:51,713 [main] DEBUG balancer.ContainerBalancerTask (ContainerBalancerTask.java:lambda$initializeIteration$1(453)) - Datanode localhost-192.57.233.171 1900701f-e253-4cdd-ab6a-c712c592a450 is Over-Utilized.
2023-09-14 09:00:51,715 [main] DEBUG balancer.ContainerBalancerTask (ContainerBalancerTask.java:matchSourceWithTarget(708)) - ContainerBalancer is finding suitable target for source datanode 1900701f-e253-4cdd-ab6a-c712c592a450
2023-09-14 09:00:51,715 [main] INFO  balancer.FindTargetGreedyByUsageInfo (AbstractFindTargetGreedy.java:findTargetForContainerMove(133)) - Container Balancer could not find a target for source datanode 1900701f-e253-4cdd-ab6a-c712c592a450
2023-09-14 09:00:51,715 [main] DEBUG balancer.ContainerBalancerTask (ContainerBalancerTask.java:matchSourceWithTarget(717)) - ContainerBalancer could not find a suitable target for source node 1900701f-e253-4cdd-ab6a-c712c592a450.
2023-09-14 09:00:51,715 [main] INFO  balancer.FindSourceGreedy (FindSourceGreedy.java:getNextCandidateSourceDataNode(126)) - no more candidate source data node
2023-09-14 09:00:51,715 [main] INFO  balancer.ContainerBalancerTask (ContainerBalancerTask.java:balance(259)) - Result of this iteration of Container Balancer: CAN_NOT_BALANCE_ANY_MORE
2023-09-14 09:00:51,715 [main] INFO  balancer.ContainerBalancerTask (ContainerBalancerTask.java:tryStopWithSaveConfiguration(308)) - Save Configuration for stopping. Reason: CAN_NOT_BALANCE_ANY_MORE
2023-09-14 09:00:51,716 [main] DEBUG balancer.ContainerBalancerTask (ContainerBalancerTask.java:initializeIteration(374)) - Average utilization of the cluster is 0.3407892738599359
2023-09-14 09:00:51,716 [main] DEBUG balancer.ContainerBalancerTask (ContainerBalancerTask.java:initializeIteration(386)) - Lower limit for utilization is 0.14057792200491132 and Upper limit for utilization is 0.5410006257149604
2023-09-14 09:00:51,716 [main] DEBUG balancer.ContainerBalancerTask (ContainerBalancerTask.java:initializeIteration(398)) - Utilization for node 1900701f-e253-4cdd-ab6a-c712c592a450 with capacity 57266230613B, used 51539607552B, and remaining 5726623061B is 0.9000000000052387
2023-09-14 09:00:51,716 [main] DEBUG balancer.ContainerBalancerTask (ContainerBalancerTask.java:initializeIteration(398)) - Utilization for node b2410ec6-bcc1-4c4b-b620-7ec872c2fe8e with capacity 45634027520B, used 36507222016B, and remaining 9126805504B is 0.8
2023-09-14 09:00:51,716 [main] DEBUG balancer.ContainerBalancerTask (ContainerBalancerTask.java:initializeIteration(398)) - Utilization for node 91d2078e-5a22-4e36-bbfb-501cc119c99c with capacity 69026260114B, used 48318382080B, and remaining 20707878034B is 0.7000000000028974
2023-09-14 09:00:51,717 [main] DEBUG balancer.ContainerBalancerTask (ContainerBalancerTask.java:initializeIteration(398)) - Utilization for node f566b4e4-cbfe-4faf-a56a-ea8079f0a6aa with capacity 76951497386B, used 46170898432B, and remaining 30780598954B is 0.600000000005198
2023-09-14 09:00:51,717 [main] DEBUG balancer.ContainerBalancerTask (ContainerBalancerTask.java:initializeIteration(398)) - Utilization for node 590d5e92-d535-41c5-a6c4-4c98d164c5ff with capacity 115964116992B, used 57982058496B, and remaining 57982058496B is 0.5
2023-09-14 09:00:51,717 [main] DEBUG balancer.ContainerBalancerTask (ContainerBalancerTask.java:initializeIteration(398)) - Utilization for node af525658-3b6e-4170-aa4a-4569182def5e with capacity 134217728000B, used 53687091200B, and remaining 80530636800B is 0.4
2023-09-14 09:00:51,717 [main] DEBUG balancer.ContainerBalancerTask (ContainerBalancerTask.java:initializeIteration(398)) - Utilization for node 86ea1744-2c30-43c3-bbe6-07005c6b0bce with capacity 114532461226B, used 34359738368B, and remaining 80172722858B is 0.3000000000017462
2023-09-14 09:00:51,717 [main] DEBUG balancer.ContainerBalancerTask (ContainerBalancerTask.java:initializeIteration(398)) - Utilization for node c3dbb107-9225-42c7-bd9d-68a8fe900965 with capacity 187904819200B, used 37580963840B, and remaining 150323855360B is 0.2
2023-09-14 09:00:51,717 [main] DEBUG balancer.ContainerBalancerTask (ContainerBalancerTask.java:initializeIteration(398)) - Utilization for node 250eb2c8-682b-4b3a-a83a-e00ac03e249d with capacity 354334801920B, used 35433480192B, and remaining 318901321728B is 0.1
2023-09-14 09:00:51,717 [main] DEBUG balancer.ContainerBalancerTask (ContainerBalancerTask.java:initializeIteration(398)) - Utilization for node 86b781ac-681d-4737-af9f-2dbbe676040f with capacity 22548578304B, used 0B, and remaining 22548578304B is 0.0
2023-09-14 09:00:51,717 [main] INFO  balancer.ContainerBalancerTask (ContainerBalancerTask.java:initializeIteration(447)) - Container Balancer has identified 4 Over-Utilized and 2 Under-Utilized Datanodes that need to be balanced.
2023-09-14 09:00:51,717 [main] DEBUG balancer.ContainerBalancerTask (ContainerBalancerTask.java:lambda$initializeIteration$1(453)) - Datanode localhost-192.57.233.171 1900701f-e253-4cdd-ab6a-c712c592a450 is Over-Utilized.
2023-09-14 09:00:51,717 [main] DEBUG balancer.ContainerBalancerTask (ContainerBalancerTask.java:lambda$initializeIteration$1(453)) - Datanode localhost-219.238.93.19 b2410ec6-bcc1-4c4b-b620-7ec872c2fe8e is Over-Utilized.
2023-09-14 09:00:51,717 [main] DEBUG balancer.ContainerBalancerTask (ContainerBalancerTask.java:lambda$initializeIteration$1(453)) - Datanode localhost-99.121.120.236 91d2078e-5a22-4e36-bbfb-501cc119c99c is Over-Utilized.
2023-09-14 09:00:51,717 [main] DEBUG balancer.ContainerBalancerTask (ContainerBalancerTask.java:lambda$initializeIteration$1(453)) - Datanode localhost-146.28.35.242 f566b4e4-cbfe-4faf-a56a-ea8079f0a6aa is Over-Utilized.
2023-09-14 09:00:51,718 [main] DEBUG balancer.ContainerBalancerTask (ContainerBalancerTask.java:lambda$initializeIteration$2(459)) - Datanode localhost-87.39.252.231 86b781ac-681d-4737-af9f-2dbbe676040f is Under-Utilized.
2023-09-14 09:00:51,718 [main] DEBUG balancer.ContainerBalancerTask (ContainerBalancerTask.java:lambda$initializeIteration$2(459)) - Datanode localhost-159.229.126.231 250eb2c8-682b-4b3a-a83a-e00ac03e249d is Under-Utilized.
2023-09-14 09:00:51,720 [main] DEBUG balancer.ContainerBalancerTask (ContainerBalancerTask.java:matchSourceWithTarget(708)) - ContainerBalancer is finding suitable target for source datanode 1900701f-e253-4cdd-ab6a-c712c592a450
2023-09-14 09:00:51,720 [main] INFO  balancer.ContainerBalancerTask (ContainerBalancerTask.java:matchSourceWithTarget(722)) - ContainerBalancer matched source datanode 1900701f-e253-4cdd-ab6a-c712c592a450 with target datanode 86b781ac-681d-4737-af9f-2dbbe676040f for container move.
2023-09-14 09:00:51,720 [main] INFO  balancer.ContainerBalancerTask (ContainerBalancerTask.java:processMoveSelection(569)) - ContainerBalancer is trying to move container #85 with size 5368709120B from source datanode 1900701f-e253-4cdd-ab6a-c712c592a450 to target datanode 86b781ac-681d-4737-af9f-2dbbe676040f
2023-09-14 09:00:51,720 [main] DEBUG balancer.ContainerBalancerTask (ContainerBalancerTask.java:lambda$moveContainer$3(837)) - Container move completed for container #85 from source 1900701f-e253-4cdd-ab6a-c712c592a450 to target 86b781ac-681d-4737-af9f-2dbbe676040f
2023-09-14 09:00:51,723 [main] DEBUG balancer.ContainerBalancerTask (ContainerBalancerTask.java:matchSourceWithTarget(708)) - ContainerBalancer is finding suitable target for source datanode 1900701f-e253-4cdd-ab6a-c712c592a450
2023-09-14 09:00:51,723 [main] INFO  balancer.ContainerBalancerTask (ContainerBalancerTask.java:matchSourceWithTarget(722)) - ContainerBalancer matched source datanode 1900701f-e253-4cdd-ab6a-c712c592a450 with target datanode 250eb2c8-682b-4b3a-a83a-e00ac03e249d for container move.
2023-09-14 09:00:51,723 [main] INFO  balancer.ContainerBalancerTask (ContainerBalancerTask.java:processMoveSelection(569)) - ContainerBalancer is trying to move container #68 with size 5368709120B from source datanode 1900701f-e253-4cdd-ab6a-c712c592a450 to target datanode 250eb2c8-682b-4b3a-a83a-e00ac03e249d
2023-09-14 09:00:51,723 [main] DEBUG balancer.ContainerBalancerTask (ContainerBalancerTask.java:lambda$moveContainer$3(837)) - Container move completed for container #68 from source 1900701f-e253-4cdd-ab6a-c712c592a450 to target 250eb2c8-682b-4b3a-a83a-e00ac03e249d
2023-09-14 09:00:51,725 [main] DEBUG balancer.ContainerBalancerTask (ContainerBalancerTask.java:matchSourceWithTarget(708)) - ContainerBalancer is finding suitable target for source datanode b2410ec6-bcc1-4c4b-b620-7ec872c2fe8e
2023-09-14 09:00:51,725 [main] INFO  balancer.ContainerBalancerTask (ContainerBalancerTask.java:matchSourceWithTarget(722)) - ContainerBalancer matched source datanode b2410ec6-bcc1-4c4b-b620-7ec872c2fe8e with target datanode 250eb2c8-682b-4b3a-a83a-e00ac03e249d for container move.
2023-09-14 09:00:51,725 [main] INFO  balancer.ContainerBalancerTask (ContainerBalancerTask.java:processMoveSelection(569)) - ContainerBalancer is trying to move container #71 with size 3221225472B from source datanode b2410ec6-bcc1-4c4b-b620-7ec872c2fe8e to target datanode 250eb2c8-682b-4b3a-a83a-e00ac03e249d
2023-09-14 09:00:51,725 [main] DEBUG balancer.ContainerBalancerTask (ContainerBalancerTask.java:lambda$moveContainer$3(837)) - Container move completed for container #71 from source b2410ec6-bcc1-4c4b-b620-7ec872c2fe8e to target 250eb2c8-682b-4b3a-a83a-e00ac03e249d
2023-09-14 09:00:51,727 [main] DEBUG balancer.ContainerBalancerTask (ContainerBalancerTask.java:matchSourceWithTarget(708)) - ContainerBalancer is finding suitable target for source datanode b2410ec6-bcc1-4c4b-b620-7ec872c2fe8e
2023-09-14 09:00:51,727 [main] INFO  balancer.ContainerBalancerTask (ContainerBalancerTask.java:matchSourceWithTarget(722)) - ContainerBalancer matched source datanode b2410ec6-bcc1-4c4b-b620-7ec872c2fe8e with target datanode 250eb2c8-682b-4b3a-a83a-e00ac03e249d for container move.
2023-09-14 09:00:51,727 [main] INFO  balancer.ContainerBalancerTask (ContainerBalancerTask.java:processMoveSelection(569)) - ContainerBalancer is trying to move container #66 with size 3221225472B from source datanode b2410ec6-bcc1-4c4b-b620-7ec872c2fe8e to target datanode 250eb2c8-682b-4b3a-a83a-e00ac03e249d
2023-09-14 09:00:51,728 [main] DEBUG balancer.ContainerBalancerTask (ContainerBalancerTask.java:lambda$moveContainer$3(837)) - Container move completed for container #66 from source b2410ec6-bcc1-4c4b-b620-7ec872c2fe8e to target 250eb2c8-682b-4b3a-a83a-e00ac03e249d
2023-09-14 09:00:51,730 [main] DEBUG balancer.ContainerBalancerTask (ContainerBalancerTask.java:matchSourceWithTarget(708)) - ContainerBalancer is finding suitable target for source datanode 1900701f-e253-4cdd-ab6a-c712c592a450
2023-09-14 09:00:51,730 [main] INFO  balancer.ContainerBalancerTask (ContainerBalancerTask.java:matchSourceWithTarget(722)) - ContainerBalancer matched source datanode 1900701f-e253-4cdd-ab6a-c712c592a450 with target datanode 250eb2c8-682b-4b3a-a83a-e00ac03e249d for container move.
2023-09-14 09:00:51,730 [main] INFO  balancer.ContainerBalancerTask (ContainerBalancerTask.java:processMoveSelection(569)) - ContainerBalancer is trying to move container #84 with size 4294967296B from source datanode 1900701f-e253-4cdd-ab6a-c712c592a450 to target datanode 250eb2c8-682b-4b3a-a83a-e00ac03e249d
2023-09-14 09:00:51,731 [main] DEBUG balancer.ContainerBalancerTask (ContainerBalancerTask.java:lambda$moveContainer$3(837)) - Container move completed for container #84 from source 1900701f-e253-4cdd-ab6a-c712c592a450 to target 250eb2c8-682b-4b3a-a83a-e00ac03e249d
2023-09-14 09:00:51,733 [main] DEBUG balancer.ContainerBalancerTask (ContainerBalancerTask.java:matchSourceWithTarget(708)) - ContainerBalancer is finding suitable target for source datanode 91d2078e-5a22-4e36-bbfb-501cc119c99c
2023-09-14 09:00:51,733 [main] INFO  balancer.ContainerBalancerTask (ContainerBalancerTask.java:matchSourceWithTarget(722)) - ContainerBalancer matched source datanode 91d2078e-5a22-4e36-bbfb-501cc119c99c with target datanode 250eb2c8-682b-4b3a-a83a-e00ac03e249d for container move.
2023-09-14 09:00:51,734 [main] INFO  balancer.ContainerBalancerTask (ContainerBalancerTask.java:processMoveSelection(569)) - ContainerBalancer is trying to move container #29 with size 5368709120B from source datanode 91d2078e-5a22-4e36-bbfb-501cc119c99c to target datanode 250eb2c8-682b-4b3a-a83a-e00ac03e249d
2023-09-14 09:00:51,734 [main] DEBUG balancer.ContainerBalancerTask (ContainerBalancerTask.java:lambda$moveContainer$3(837)) - Container move completed for container #29 from source 91d2078e-5a22-4e36-bbfb-501cc119c99c to target 250eb2c8-682b-4b3a-a83a-e00ac03e249d
2023-09-14 09:00:51,736 [main] DEBUG balancer.ContainerBalancerTask (ContainerBalancerTask.java:matchSourceWithTarget(708)) - ContainerBalancer is finding suitable target for source datanode b2410ec6-bcc1-4c4b-b620-7ec872c2fe8e
2023-09-14 09:00:51,736 [main] INFO  balancer.ContainerBalancerTask (ContainerBalancerTask.java:matchSourceWithTarget(722)) - ContainerBalancer matched source datanode b2410ec6-bcc1-4c4b-b620-7ec872c2fe8e with target datanode 250eb2c8-682b-4b3a-a83a-e00ac03e249d for container move.
2023-09-14 09:00:51,736 [main] INFO  balancer.ContainerBalancerTask (ContainerBalancerTask.java:processMoveSelection(569)) - ContainerBalancer is trying to move container #51 with size 3221225472B from source datanode b2410ec6-bcc1-4c4b-b620-7ec872c2fe8e to target datanode 250eb2c8-682b-4b3a-a83a-e00ac03e249d
2023-09-14 09:00:51,736 [main] DEBUG balancer.ContainerBalancerTask (ContainerBalancerTask.java:lambda$moveContainer$3(837)) - Container move completed for container #51 from source b2410ec6-bcc1-4c4b-b620-7ec872c2fe8e to target 250eb2c8-682b-4b3a-a83a-e00ac03e249d
2023-09-14 09:00:51,739 [main] DEBUG balancer.ContainerBalancerTask (ContainerBalancerTask.java:matchSourceWithTarget(708)) - ContainerBalancer is finding suitable target for source datanode 1900701f-e253-4cdd-ab6a-c712c592a450
2023-09-14 09:00:51,739 [main] INFO  balancer.ContainerBalancerTask (ContainerBalancerTask.java:matchSourceWithTarget(722)) - ContainerBalancer matched source datanode 1900701f-e253-4cdd-ab6a-c712c592a450 with target datanode 250eb2c8-682b-4b3a-a83a-e00ac03e249d for container move.
2023-09-14 09:00:51,739 [main] INFO  balancer.ContainerBalancerTask (ContainerBalancerTask.java:processMoveSelection(569)) - ContainerBalancer is trying to move container #39 with size 4294967296B from source datanode 1900701f-e253-4cdd-ab6a-c712c592a450 to target datanode 250eb2c8-682b-4b3a-a83a-e00ac03e249d
2023-09-14 09:00:51,739 [main] DEBUG balancer.ContainerBalancerTask (ContainerBalancerTask.java:lambda$moveContainer$3(837)) - Container move completed for container #39 from source 1900701f-e253-4cdd-ab6a-c712c592a450 to target 250eb2c8-682b-4b3a-a83a-e00ac03e249d
2023-09-14 09:00:51,742 [main] DEBUG balancer.ContainerBalancerTask (ContainerBalancerTask.java:matchSourceWithTarget(708)) - ContainerBalancer is finding suitable target for source datanode 91d2078e-5a22-4e36-bbfb-501cc119c99c
2023-09-14 09:00:51,742 [main] INFO  balancer.ContainerBalancerTask (ContainerBalancerTask.java:matchSourceWithTarget(722)) - ContainerBalancer matched source datanode 91d2078e-5a22-4e36-bbfb-501cc119c99c with target datanode 250eb2c8-682b-4b3a-a83a-e00ac03e249d for container move.
2023-09-14 09:00:51,743 [main] INFO  balancer.ContainerBalancerTask (ContainerBalancerTask.java:processMoveSelection(569)) - ContainerBalancer is trying to move container #52 with size 4294967296B from source datanode 91d2078e-5a22-4e36-bbfb-501cc119c99c to target datanode 250eb2c8-682b-4b3a-a83a-e00ac03e249d
2023-09-14 09:00:51,743 [main] DEBUG balancer.ContainerBalancerTask (ContainerBalancerTask.java:lambda$moveContainer$3(837)) - Container move completed for container #52 from source 91d2078e-5a22-4e36-bbfb-501cc119c99c to target 250eb2c8-682b-4b3a-a83a-e00ac03e249d
2023-09-14 09:00:51,746 [main] DEBUG balancer.ContainerBalancerTask (ContainerBalancerTask.java:matchSourceWithTarget(708)) - ContainerBalancer is finding suitable target for source datanode f566b4e4-cbfe-4faf-a56a-ea8079f0a6aa
2023-09-14 09:00:51,746 [main] INFO  balancer.ContainerBalancerTask (ContainerBalancerTask.java:matchSourceWithTarget(722)) - ContainerBalancer matched source datanode f566b4e4-cbfe-4faf-a56a-ea8079f0a6aa with target datanode 250eb2c8-682b-4b3a-a83a-e00ac03e249d for container move.
2023-09-14 09:00:51,746 [main] INFO  balancer.ContainerBalancerTask (ContainerBalancerTask.java:processMoveSelection(569)) - ContainerBalancer is trying to move container #40 with size 5368709120B from source datanode f566b4e4-cbfe-4faf-a56a-ea8079f0a6aa to target datanode 250eb2c8-682b-4b3a-a83a-e00ac03e249d
2023-09-14 09:00:51,746 [main] DEBUG balancer.ContainerBalancerTask (ContainerBalancerTask.java:lambda$moveContainer$3(837)) - Container move completed for container #40 from source f566b4e4-cbfe-4faf-a56a-ea8079f0a6aa to target 250eb2c8-682b-4b3a-a83a-e00ac03e249d
2023-09-14 09:00:51,748 [main] DEBUG balancer.ContainerBalancerTask (ContainerBalancerTask.java:matchSourceWithTarget(708)) - ContainerBalancer is finding suitable target for source datanode b2410ec6-bcc1-4c4b-b620-7ec872c2fe8e
2023-09-14 09:00:51,748 [main] INFO  balancer.ContainerBalancerTask (ContainerBalancerTask.java:matchSourceWithTarget(722)) - ContainerBalancer matched source datanode b2410ec6-bcc1-4c4b-b620-7ec872c2fe8e with target datanode 250eb2c8-682b-4b3a-a83a-e00ac03e249d for container move.
2023-09-14 09:00:51,748 [main] INFO  balancer.ContainerBalancerTask (ContainerBalancerTask.java:processMoveSelection(569)) - ContainerBalancer is trying to move container #18 with size 3221225472B from source datanode b2410ec6-bcc1-4c4b-b620-7ec872c2fe8e to target datanode 250eb2c8-682b-4b3a-a83a-e00ac03e249d
2023-09-14 09:00:51,749 [main] DEBUG balancer.ContainerBalancerTask (ContainerBalancerTask.java:lambda$moveContainer$3(837)) - Container move completed for container #18 from source b2410ec6-bcc1-4c4b-b620-7ec872c2fe8e to target 250eb2c8-682b-4b3a-a83a-e00ac03e249d
2023-09-14 09:00:51,751 [main] DEBUG balancer.ContainerBalancerTask (ContainerBalancerTask.java:matchSourceWithTarget(708)) - ContainerBalancer is finding suitable target for source datanode 1900701f-e253-4cdd-ab6a-c712c592a450
2023-09-14 09:00:51,752 [main] INFO  balancer.ContainerBalancerTask (ContainerBalancerTask.java:matchSourceWithTarget(722)) - ContainerBalancer matched source datanode 1900701f-e253-4cdd-ab6a-c712c592a450 with target datanode 250eb2c8-682b-4b3a-a83a-e00ac03e249d for container move.
2023-09-14 09:00:51,752 [main] INFO  balancer.ContainerBalancerTask (ContainerBalancerTask.java:processMoveSelection(569)) - ContainerBalancer is trying to move container #28 with size 4294967296B from source datanode 1900701f-e253-4cdd-ab6a-c712c592a450 to target datanode 250eb2c8-682b-4b3a-a83a-e00ac03e249d
2023-09-14 09:00:51,752 [main] DEBUG balancer.ContainerBalancerTask (ContainerBalancerTask.java:lambda$moveContainer$3(837)) - Container move completed for container #28 from source 1900701f-e253-4cdd-ab6a-c712c592a450 to target 250eb2c8-682b-4b3a-a83a-e00ac03e249d
2023-09-14 09:00:51,755 [main] DEBUG balancer.ContainerBalancerTask (ContainerBalancerTask.java:matchSourceWithTarget(708)) - ContainerBalancer is finding suitable target for source datanode 91d2078e-5a22-4e36-bbfb-501cc119c99c
2023-09-14 09:00:51,755 [main] INFO  balancer.ContainerBalancerTask (ContainerBalancerTask.java:matchSourceWithTarget(722)) - ContainerBalancer matched source datanode 91d2078e-5a22-4e36-bbfb-501cc119c99c with target datanode 250eb2c8-682b-4b3a-a83a-e00ac03e249d for container move.
2023-09-14 09:00:51,755 [main] INFO  balancer.ContainerBalancerTask (ContainerBalancerTask.java:processMoveSelection(569)) - ContainerBalancer is trying to move container #55 with size 2147483648B from source datanode 91d2078e-5a22-4e36-bbfb-501cc119c99c to target datanode 250eb2c8-682b-4b3a-a83a-e00ac03e249d
2023-09-14 09:00:51,755 [main] DEBUG balancer.ContainerBalancerTask (ContainerBalancerTask.java:lambda$moveContainer$3(837)) - Container move completed for container #55 from source 91d2078e-5a22-4e36-bbfb-501cc119c99c to target 250eb2c8-682b-4b3a-a83a-e00ac03e249d
2023-09-14 09:00:51,756 [main] WARN  balancer.ContainerBalancerTask (ContainerBalancerTask.java:reachedMaxSizeToMovePerIteration(733)) - Reached max size to move limit. 53687091200 bytes have already been scheduled for balancing and the limit is 53687091200 bytes.
2023-09-14 09:00:51,756 [main] INFO  balancer.ContainerBalancerTask (ContainerBalancerTask.java:checkIterationMoveResults(642)) - Iteration Summary. Number of Datanodes involved: 6. Size moved: 50 GB (53687091200 Bytes). Number of Container moves completed: 13.
2023-09-14 09:00:51,756 [main] INFO  balancer.ContainerBalancerTask (ContainerBalancerTask.java:balance(259)) - Result of this iteration of Container Balancer: ITERATION_COMPLETED
2023-09-14 09:00:51,756 [main] INFO  balancer.ContainerBalancerTask (ContainerBalancerTask.java:tryStopWithSaveConfiguration(308)) - Save Configuration for stopping. Reason: Completed all iterations.
2023-09-14 09:00:51,757 [main] DEBUG balancer.ContainerBalancerTask (ContainerBalancerTask.java:initializeIteration(374)) - Average utilization of the cluster is 0.3407892738599359
2023-09-14 09:00:51,757 [main] DEBUG balancer.ContainerBalancerTask (ContainerBalancerTask.java:initializeIteration(386)) - Lower limit for utilization is 0.19426071474368883 and Upper limit for utilization is 0.487317832976183
2023-09-14 09:00:51,757 [main] DEBUG balancer.ContainerBalancerTask (ContainerBalancerTask.java:initializeIteration(398)) - Utilization for node 1900701f-e253-4cdd-ab6a-c712c592a450 with capacity 57266230613B, used 51539607552B, and remaining 5726623061B is 0.9000000000052387
2023-09-14 09:00:51,757 [main] DEBUG balancer.ContainerBalancerTask (ContainerBalancerTask.java:initializeIteration(398)) - Utilization for node b2410ec6-bcc1-4c4b-b620-7ec872c2fe8e with capacity 45634027520B, used 36507222016B, and remaining 9126805504B is 0.8
2023-09-14 09:00:51,757 [main] DEBUG balancer.ContainerBalancerTask (ContainerBalancerTask.java:initializeIteration(398)) - Utilization for node 91d2078e-5a22-4e36-bbfb-501cc119c99c with capacity 69026260114B, used 48318382080B, and remaining 20707878034B is 0.7000000000028974
2023-09-14 09:00:51,757 [main] DEBUG balancer.ContainerBalancerTask (ContainerBalancerTask.java:initializeIteration(398)) - Utilization for node f566b4e4-cbfe-4faf-a56a-ea8079f0a6aa with capacity 76951497386B, used 46170898432B, and remaining 30780598954B is 0.600000000005198
2023-09-14 09:00:51,757 [main] DEBUG balancer.ContainerBalancerTask (ContainerBalancerTask.java:initializeIteration(398)) - Utilization for node 590d5e92-d535-41c5-a6c4-4c98d164c5ff with capacity 115964116992B, used 57982058496B, and remaining 57982058496B is 0.5
2023-09-14 09:00:51,757 [main] DEBUG balancer.ContainerBalancerTask (ContainerBalancerTask.java:initializeIteration(398)) - Utilization for node af525658-3b6e-4170-aa4a-4569182def5e with capacity 134217728000B, used 53687091200B, and remaining 80530636800B is 0.4
2023-09-14 09:00:51,758 [main] DEBUG balancer.ContainerBalancerTask (ContainerBalancerTask.java:initializeIteration(398)) - Utilization for node 86ea1744-2c30-43c3-bbe6-07005c6b0bce with capacity 114532461226B, used 34359738368B, and remaining 80172722858B is 0.3000000000017462
2023-09-14 09:00:51,758 [main] DEBUG balancer.ContainerBalancerTask (ContainerBalancerTask.java:initializeIteration(398)) - Utilization for node c3dbb107-9225-42c7-bd9d-68a8fe900965 with capacity 187904819200B, used 37580963840B, and remaining 150323855360B is 0.2
2023-09-14 09:00:51,758 [main] DEBUG balancer.ContainerBalancerTask (ContainerBalancerTask.java:initializeIteration(398)) - Utilization for node 250eb2c8-682b-4b3a-a83a-e00ac03e249d with capacity 354334801920B, used 35433480192B, and remaining 318901321728B is 0.1
2023-09-14 09:00:51,758 [main] DEBUG balancer.ContainerBalancerTask (ContainerBalancerTask.java:initializeIteration(398)) - Utilization for node 86b781ac-681d-4737-af9f-2dbbe676040f with capacity 22548578304B, used 0B, and remaining 22548578304B is 0.0
2023-09-14 09:00:51,758 [main] INFO  balancer.ContainerBalancerTask (ContainerBalancerTask.java:initializeIteration(447)) - Container Balancer has identified 5 Over-Utilized and 2 Under-Utilized Datanodes that need to be balanced.
2023-09-14 09:00:51,758 [main] DEBUG balancer.ContainerBalancerTask (ContainerBalancerTask.java:lambda$initializeIteration$1(453)) - Datanode localhost-192.57.233.171 1900701f-e253-4cdd-ab6a-c712c592a450 is Over-Utilized.
2023-09-14 09:00:51,758 [main] DEBUG balancer.ContainerBalancerTask (ContainerBalancerTask.java:lambda$initializeIteration$1(453)) - Datanode localhost-219.238.93.19 b2410ec6-bcc1-4c4b-b620-7ec872c2fe8e is Over-Utilized.
2023-09-14 09:00:51,758 [main] DEBUG balancer.ContainerBalancerTask (ContainerBalancerTask.java:lambda$initializeIteration$1(453)) - Datanode localhost-99.121.120.236 91d2078e-5a22-4e36-bbfb-501cc119c99c is Over-Utilized.
2023-09-14 09:00:51,758 [main] DEBUG balancer.ContainerBalancerTask (ContainerBalancerTask.java:lambda$initializeIteration$1(453)) - Datanode localhost-146.28.35.242 f566b4e4-cbfe-4faf-a56a-ea8079f0a6aa is Over-Utilized.
2023-09-14 09:00:51,758 [main] DEBUG balancer.ContainerBalancerTask (ContainerBalancerTask.java:lambda$initializeIteration$1(453)) - Datanode localhost-90.110.176.165 590d5e92-d535-41c5-a6c4-4c98d164c5ff is Over-Utilized.
2023-09-14 09:00:51,758 [main] DEBUG balancer.ContainerBalancerTask (ContainerBalancerTask.java:lambda$initializeIteration$2(459)) - Datanode localhost-87.39.252.231 86b781ac-681d-4737-af9f-2dbbe676040f is Under-Utilized.
2023-09-14 09:00:51,759 [main] DEBUG balancer.ContainerBalancerTask (ContainerBalancerTask.java:lambda$initializeIteration$2(459)) - Datanode localhost-159.229.126.231 250eb2c8-682b-4b3a-a83a-e00ac03e249d is Under-Utilized.
2023-09-14 09:00:51,761 [main] DEBUG balancer.ContainerBalancerTask (ContainerBalancerTask.java:matchSourceWithTarget(708)) - ContainerBalancer is finding suitable target for source datanode 1900701f-e253-4cdd-ab6a-c712c592a450
2023-09-14 09:00:51,761 [main] INFO  balancer.ContainerBalancerTask (ContainerBalancerTask.java:matchSourceWithTarget(722)) - ContainerBalancer matched source datanode 1900701f-e253-4cdd-ab6a-c712c592a450 with target datanode 86b781ac-681d-4737-af9f-2dbbe676040f for container move.
2023-09-14 09:00:51,761 [main] INFO  balancer.ContainerBalancerTask (ContainerBalancerTask.java:processMoveSelection(569)) - ContainerBalancer is trying to move container #85 with size 5368709120B from source datanode 1900701f-e253-4cdd-ab6a-c712c592a450 to target datanode 86b781ac-681d-4737-af9f-2dbbe676040f
2023-09-14 09:00:51,761 [main] DEBUG balancer.ContainerBalancerTask (ContainerBalancerTask.java:lambda$moveContainer$3(837)) - Container move completed for container #85 from source 1900701f-e253-4cdd-ab6a-c712c592a450 to target 86b781ac-681d-4737-af9f-2dbbe676040f
2023-09-14 09:00:51,763 [main] DEBUG balancer.ContainerBalancerTask (ContainerBalancerTask.java:matchSourceWithTarget(708)) - ContainerBalancer is finding suitable target for source datanode 1900701f-e253-4cdd-ab6a-c712c592a450
2023-09-14 09:00:51,764 [main] INFO  balancer.ContainerBalancerTask (ContainerBalancerTask.java:matchSourceWithTarget(722)) - ContainerBalancer matched source datanode 1900701f-e253-4cdd-ab6a-c712c592a450 with target datanode 250eb2c8-682b-4b3a-a83a-e00ac03e249d for container move.
2023-09-14 09:00:51,764 [main] INFO  balancer.ContainerBalancerTask (ContainerBalancerTask.java:processMoveSelection(569)) - ContainerBalancer is trying to move container #68 with size 5368709120B from source datanode 1900701f-e253-4cdd-ab6a-c712c592a450 to target datanode 250eb2c8-682b-4b3a-a83a-e00ac03e249d
2023-09-14 09:00:51,764 [main] DEBUG balancer.ContainerBalancerTask (ContainerBalancerTask.java:lambda$moveContainer$3(837)) - Container move completed for container #68 from source 1900701f-e253-4cdd-ab6a-c712c592a450 to target 250eb2c8-682b-4b3a-a83a-e00ac03e249d
2023-09-14 09:00:51,766 [main] DEBUG balancer.ContainerBalancerTask (ContainerBalancerTask.java:matchSourceWithTarget(708)) - ContainerBalancer is finding suitable target for source datanode b2410ec6-bcc1-4c4b-b620-7ec872c2fe8e
2023-09-14 09:00:51,766 [main] INFO  balancer.ContainerBalancerTask (ContainerBalancerTask.java:matchSourceWithTarget(722)) - ContainerBalancer matched source datanode b2410ec6-bcc1-4c4b-b620-7ec872c2fe8e with target datanode 250eb2c8-682b-4b3a-a83a-e00ac03e249d for container move.
2023-09-14 09:00:51,766 [main] INFO  balancer.ContainerBalancerTask (ContainerBalancerTask.java:processMoveSelection(569)) - ContainerBalancer is trying to move container #71 with size 3221225472B from source datanode b2410ec6-bcc1-4c4b-b620-7ec872c2fe8e to target datanode 250eb2c8-682b-4b3a-a83a-e00ac03e249d
2023-09-14 09:00:51,766 [main] DEBUG balancer.ContainerBalancerTask (ContainerBalancerTask.java:lambda$moveContainer$3(837)) - Container move completed for container #71 from source b2410ec6-bcc1-4c4b-b620-7ec872c2fe8e to target 250eb2c8-682b-4b3a-a83a-e00ac03e249d
2023-09-14 09:00:51,768 [main] DEBUG balancer.ContainerBalancerTask (ContainerBalancerTask.java:matchSourceWithTarget(708)) - ContainerBalancer is finding suitable target for source datanode b2410ec6-bcc1-4c4b-b620-7ec872c2fe8e
2023-09-14 09:00:51,768 [main] INFO  balancer.ContainerBalancerTask (ContainerBalancerTask.java:matchSourceWithTarget(722)) - ContainerBalancer matched source datanode b2410ec6-bcc1-4c4b-b620-7ec872c2fe8e with target datanode 250eb2c8-682b-4b3a-a83a-e00ac03e249d for container move.
2023-09-14 09:00:51,768 [main] INFO  balancer.ContainerBalancerTask (ContainerBalancerTask.java:processMoveSelection(569)) - ContainerBalancer is trying to move container #66 with size 3221225472B from source datanode b2410ec6-bcc1-4c4b-b620-7ec872c2fe8e to target datanode 250eb2c8-682b-4b3a-a83a-e00ac03e249d
2023-09-14 09:00:51,768 [main] DEBUG balancer.ContainerBalancerTask (ContainerBalancerTask.java:lambda$moveContainer$3(837)) - Container move completed for container #66 from source b2410ec6-bcc1-4c4b-b620-7ec872c2fe8e to target 250eb2c8-682b-4b3a-a83a-e00ac03e249d
2023-09-14 09:00:51,771 [main] DEBUG balancer.ContainerBalancerTask (ContainerBalancerTask.java:matchSourceWithTarget(708)) - ContainerBalancer is finding suitable target for source datanode 1900701f-e253-4cdd-ab6a-c712c592a450
2023-09-14 09:00:51,771 [main] INFO  balancer.ContainerBalancerTask (ContainerBalancerTask.java:matchSourceWithTarget(722)) - ContainerBalancer matched source datanode 1900701f-e253-4cdd-ab6a-c712c592a450 with target datanode 250eb2c8-682b-4b3a-a83a-e00ac03e249d for container move.
2023-09-14 09:00:51,771 [main] INFO  balancer.ContainerBalancerTask (ContainerBalancerTask.java:processMoveSelection(569)) - ContainerBalancer is trying to move container #84 with size 4294967296B from source datanode 1900701f-e253-4cdd-ab6a-c712c592a450 to target datanode 250eb2c8-682b-4b3a-a83a-e00ac03e249d
2023-09-14 09:00:51,771 [main] DEBUG balancer.ContainerBalancerTask (ContainerBalancerTask.java:lambda$moveContainer$3(837)) - Container move completed for container #84 from source 1900701f-e253-4cdd-ab6a-c712c592a450 to target 250eb2c8-682b-4b3a-a83a-e00ac03e249d
2023-09-14 09:00:51,774 [main] DEBUG balancer.ContainerBalancerTask (ContainerBalancerTask.java:matchSourceWithTarget(708)) - ContainerBalancer is finding suitable target for source datanode 91d2078e-5a22-4e36-bbfb-501cc119c99c
2023-09-14 09:00:51,774 [main] INFO  balancer.ContainerBalancerTask (ContainerBalancerTask.java:matchSourceWithTarget(722)) - ContainerBalancer matched source datanode 91d2078e-5a22-4e36-bbfb-501cc119c99c with target datanode 250eb2c8-682b-4b3a-a83a-e00ac03e249d for container move.
2023-09-14 09:00:51,774 [main] INFO  balancer.ContainerBalancerTask (ContainerBalancerTask.java:processMoveSelection(569)) - ContainerBalancer is trying to move container #29 with size 5368709120B from source datanode 91d2078e-5a22-4e36-bbfb-501cc119c99c to target datanode 250eb2c8-682b-4b3a-a83a-e00ac03e249d
2023-09-14 09:00:51,774 [main] DEBUG balancer.ContainerBalancerTask (ContainerBalancerTask.java:lambda$moveContainer$3(837)) - Container move completed for container #29 from source 91d2078e-5a22-4e36-bbfb-501cc119c99c to target 250eb2c8-682b-4b3a-a83a-e00ac03e249d
2023-09-14 09:00:51,776 [main] DEBUG balancer.ContainerBalancerTask (ContainerBalancerTask.java:matchSourceWithTarget(708)) - ContainerBalancer is finding suitable target for source datanode b2410ec6-bcc1-4c4b-b620-7ec872c2fe8e
2023-09-14 09:00:51,777 [main] INFO  balancer.ContainerBalancerTask (ContainerBalancerTask.java:matchSourceWithTarget(722)) - ContainerBalancer matched source datanode b2410ec6-bcc1-4c4b-b620-7ec872c2fe8e with target datanode 250eb2c8-682b-4b3a-a83a-e00ac03e249d for container move.
2023-09-14 09:00:51,777 [main] INFO  balancer.ContainerBalancerTask (ContainerBalancerTask.java:processMoveSelection(569)) - ContainerBalancer is trying to move container #51 with size 3221225472B from source datanode b2410ec6-bcc1-4c4b-b620-7ec872c2fe8e to target datanode 250eb2c8-682b-4b3a-a83a-e00ac03e249d
2023-09-14 09:00:51,777 [main] DEBUG balancer.ContainerBalancerTask (ContainerBalancerTask.java:lambda$moveContainer$3(837)) - Container move completed for container #51 from source b2410ec6-bcc1-4c4b-b620-7ec872c2fe8e to target 250eb2c8-682b-4b3a-a83a-e00ac03e249d
2023-09-14 09:00:51,779 [main] DEBUG balancer.ContainerBalancerTask (ContainerBalancerTask.java:matchSourceWithTarget(708)) - ContainerBalancer is finding suitable target for source datanode 1900701f-e253-4cdd-ab6a-c712c592a450
2023-09-14 09:00:51,780 [main] INFO  balancer.ContainerBalancerTask (ContainerBalancerTask.java:matchSourceWithTarget(722)) - ContainerBalancer matched source datanode 1900701f-e253-4cdd-ab6a-c712c592a450 with target datanode 250eb2c8-682b-4b3a-a83a-e00ac03e249d for container move.
2023-09-14 09:00:51,780 [main] INFO  balancer.ContainerBalancerTask (ContainerBalancerTask.java:processMoveSelection(569)) - ContainerBalancer is trying to move container #39 with size 4294967296B from source datanode 1900701f-e253-4cdd-ab6a-c712c592a450 to target datanode 250eb2c8-682b-4b3a-a83a-e00ac03e249d
2023-09-14 09:00:51,780 [main] DEBUG balancer.ContainerBalancerTask (ContainerBalancerTask.java:lambda$moveContainer$3(837)) - Container move completed for container #39 from source 1900701f-e253-4cdd-ab6a-c712c592a450 to target 250eb2c8-682b-4b3a-a83a-e00ac03e249d
2023-09-14 09:00:51,783 [main] DEBUG balancer.ContainerBalancerTask (ContainerBalancerTask.java:matchSourceWithTarget(708)) - ContainerBalancer is finding suitable target for source datanode 91d2078e-5a22-4e36-bbfb-501cc119c99c
2023-09-14 09:00:51,783 [main] INFO  balancer.ContainerBalancerTask (ContainerBalancerTask.java:matchSourceWithTarget(722)) - ContainerBalancer matched source datanode 91d2078e-5a22-4e36-bbfb-501cc119c99c with target datanode 250eb2c8-682b-4b3a-a83a-e00ac03e249d for container move.
2023-09-14 09:00:51,783 [main] INFO  balancer.ContainerBalancerTask (ContainerBalancerTask.java:processMoveSelection(569)) - ContainerBalancer is trying to move container #52 with size 4294967296B from source datanode 91d2078e-5a22-4e36-bbfb-501cc119c99c to target datanode 250eb2c8-682b-4b3a-a83a-e00ac03e249d
2023-09-14 09:00:51,783 [main] DEBUG balancer.ContainerBalancerTask (ContainerBalancerTask.java:lambda$moveContainer$3(837)) - Container move completed for container #52 from source 91d2078e-5a22-4e36-bbfb-501cc119c99c to target 250eb2c8-682b-4b3a-a83a-e00ac03e249d
2023-09-14 09:00:51,786 [main] DEBUG balancer.ContainerBalancerTask (ContainerBalancerTask.java:matchSourceWithTarget(708)) - ContainerBalancer is finding suitable target for source datanode f566b4e4-cbfe-4faf-a56a-ea8079f0a6aa
2023-09-14 09:00:51,786 [main] INFO  balancer.ContainerBalancerTask (ContainerBalancerTask.java:matchSourceWithTarget(722)) - ContainerBalancer matched source datanode f566b4e4-cbfe-4faf-a56a-ea8079f0a6aa with target datanode 250eb2c8-682b-4b3a-a83a-e00ac03e249d for container move.
2023-09-14 09:00:51,786 [main] INFO  balancer.ContainerBalancerTask (ContainerBalancerTask.java:processMoveSelection(569)) - ContainerBalancer is trying to move container #40 with size 5368709120B from source datanode f566b4e4-cbfe-4faf-a56a-ea8079f0a6aa to target datanode 250eb2c8-682b-4b3a-a83a-e00ac03e249d
2023-09-14 09:00:51,787 [main] DEBUG balancer.ContainerBalancerTask (ContainerBalancerTask.java:lambda$moveContainer$3(837)) - Container move completed for container #40 from source f566b4e4-cbfe-4faf-a56a-ea8079f0a6aa to target 250eb2c8-682b-4b3a-a83a-e00ac03e249d
2023-09-14 09:00:51,789 [main] DEBUG balancer.ContainerBalancerTask (ContainerBalancerTask.java:matchSourceWithTarget(708)) - ContainerBalancer is finding suitable target for source datanode b2410ec6-bcc1-4c4b-b620-7ec872c2fe8e
2023-09-14 09:00:51,789 [main] INFO  balancer.ContainerBalancerTask (ContainerBalancerTask.java:matchSourceWithTarget(722)) - ContainerBalancer matched source datanode b2410ec6-bcc1-4c4b-b620-7ec872c2fe8e with target datanode 250eb2c8-682b-4b3a-a83a-e00ac03e249d for container move.
2023-09-14 09:00:51,789 [main] INFO  balancer.ContainerBalancerTask (ContainerBalancerTask.java:processMoveSelection(569)) - ContainerBalancer is trying to move container #18 with size 3221225472B from source datanode b2410ec6-bcc1-4c4b-b620-7ec872c2fe8e to target datanode 250eb2c8-682b-4b3a-a83a-e00ac03e249d
2023-09-14 09:00:51,789 [main] DEBUG balancer.ContainerBalancerTask (ContainerBalancerTask.java:lambda$moveContainer$3(837)) - Container move completed for container #18 from source b2410ec6-bcc1-4c4b-b620-7ec872c2fe8e to target 250eb2c8-682b-4b3a-a83a-e00ac03e249d
2023-09-14 09:00:51,792 [main] DEBUG balancer.ContainerBalancerTask (ContainerBalancerTask.java:matchSourceWithTarget(708)) - ContainerBalancer is finding suitable target for source datanode 1900701f-e253-4cdd-ab6a-c712c592a450
2023-09-14 09:00:51,792 [main] INFO  balancer.ContainerBalancerTask (ContainerBalancerTask.java:matchSourceWithTarget(722)) - ContainerBalancer matched source datanode 1900701f-e253-4cdd-ab6a-c712c592a450 with target datanode 250eb2c8-682b-4b3a-a83a-e00ac03e249d for container move.
2023-09-14 09:00:51,792 [main] INFO  balancer.ContainerBalancerTask (ContainerBalancerTask.java:processMoveSelection(569)) - ContainerBalancer is trying to move container #28 with size 4294967296B from source datanode 1900701f-e253-4cdd-ab6a-c712c592a450 to target datanode 250eb2c8-682b-4b3a-a83a-e00ac03e249d
2023-09-14 09:00:51,792 [main] DEBUG balancer.ContainerBalancerTask (ContainerBalancerTask.java:lambda$moveContainer$3(837)) - Container move completed for container #28 from source 1900701f-e253-4cdd-ab6a-c712c592a450 to target 250eb2c8-682b-4b3a-a83a-e00ac03e249d
2023-09-14 09:00:51,796 [main] DEBUG balancer.ContainerBalancerTask (ContainerBalancerTask.java:matchSourceWithTarget(708)) - ContainerBalancer is finding suitable target for source datanode 91d2078e-5a22-4e36-bbfb-501cc119c99c
2023-09-14 09:00:51,796 [main] INFO  balancer.ContainerBalancerTask (ContainerBalancerTask.java:matchSourceWithTarget(722)) - ContainerBalancer matched source datanode 91d2078e-5a22-4e36-bbfb-501cc119c99c with target datanode 250eb2c8-682b-4b3a-a83a-e00ac03e249d for container move.
2023-09-14 09:00:51,796 [main] INFO  balancer.ContainerBalancerTask (ContainerBalancerTask.java:processMoveSelection(569)) - ContainerBalancer is trying to move container #55 with size 2147483648B from source datanode 91d2078e-5a22-4e36-bbfb-501cc119c99c to target datanode 250eb2c8-682b-4b3a-a83a-e00ac03e249d
2023-09-14 09:00:51,796 [main] DEBUG balancer.ContainerBalancerTask (ContainerBalancerTask.java:lambda$moveContainer$3(837)) - Container move completed for container #55 from source 91d2078e-5a22-4e36-bbfb-501cc119c99c to target 250eb2c8-682b-4b3a-a83a-e00ac03e249d
2023-09-14 09:00:51,796 [main] WARN  balancer.ContainerBalancerTask (ContainerBalancerTask.java:reachedMaxSizeToMovePerIteration(733)) - Reached max size to move limit. 53687091200 bytes have already been scheduled for balancing and the limit is 53687091200 bytes.
2023-09-14 09:00:51,796 [main] INFO  balancer.ContainerBalancerTask (ContainerBalancerTask.java:checkIterationMoveResults(642)) - Iteration Summary. Number of Datanodes involved: 6. Size moved: 50 GB (53687091200 Bytes). Number of Container moves completed: 13.
2023-09-14 09:00:51,796 [main] INFO  balancer.ContainerBalancerTask (ContainerBalancerTask.java:balance(259)) - Result of this iteration of Container Balancer: ITERATION_COMPLETED
2023-09-14 09:00:51,797 [main] INFO  balancer.ContainerBalancerTask (ContainerBalancerTask.java:tryStopWithSaveConfiguration(308)) - Save Configuration for stopping. Reason: Completed all iterations.
2023-09-14 09:00:51,797 [main] DEBUG balancer.ContainerBalancerTask (ContainerBalancerTask.java:initializeIteration(374)) - Average utilization of the cluster is 0.3407892738599359
2023-09-14 09:00:51,797 [main] DEBUG balancer.ContainerBalancerTask (ContainerBalancerTask.java:initializeIteration(386)) - Lower limit for utilization is -0.22089903691986074 and Upper limit for utilization is 0.9024775846397326
2023-09-14 09:00:51,798 [main] DEBUG balancer.ContainerBalancerTask (ContainerBalancerTask.java:initializeIteration(398)) - Utilization for node 1900701f-e253-4cdd-ab6a-c712c592a450 with capacity 57266230613B, used 51539607552B, and remaining 5726623061B is 0.9000000000052387
2023-09-14 09:00:51,798 [main] DEBUG balancer.ContainerBalancerTask (ContainerBalancerTask.java:initializeIteration(398)) - Utilization for node b2410ec6-bcc1-4c4b-b620-7ec872c2fe8e with capacity 45634027520B, used 36507222016B, and remaining 9126805504B is 0.8
2023-09-14 09:00:51,798 [main] DEBUG balancer.ContainerBalancerTask (ContainerBalancerTask.java:initializeIteration(398)) - Utilization for node 91d2078e-5a22-4e36-bbfb-501cc119c99c with capacity 69026260114B, used 48318382080B, and remaining 20707878034B is 0.7000000000028974
2023-09-14 09:00:51,798 [main] DEBUG balancer.ContainerBalancerTask (ContainerBalancerTask.java:initializeIteration(398)) - Utilization for node f566b4e4-cbfe-4faf-a56a-ea8079f0a6aa with capacity 76951497386B, used 46170898432B, and remaining 30780598954B is 0.600000000005198
2023-09-14 09:00:51,798 [main] DEBUG balancer.ContainerBalancerTask (ContainerBalancerTask.java:initializeIteration(398)) - Utilization for node 590d5e92-d535-41c5-a6c4-4c98d164c5ff with capacity 115964116992B, used 57982058496B, and remaining 57982058496B is 0.5
2023-09-14 09:00:51,798 [main] DEBUG balancer.ContainerBalancerTask (ContainerBalancerTask.java:initializeIteration(398)) - Utilization for node af525658-3b6e-4170-aa4a-4569182def5e with capacity 134217728000B, used 53687091200B, and remaining 80530636800B is 0.4
2023-09-14 09:00:51,798 [main] DEBUG balancer.ContainerBalancerTask (ContainerBalancerTask.java:initializeIteration(398)) - Utilization for node 86ea1744-2c30-43c3-bbe6-07005c6b0bce with capacity 114532461226B, used 34359738368B, and remaining 80172722858B is 0.3000000000017462
2023-09-14 09:00:51,798 [main] DEBUG balancer.ContainerBalancerTask (ContainerBalancerTask.java:initializeIteration(398)) - Utilization for node c3dbb107-9225-42c7-bd9d-68a8fe900965 with capacity 187904819200B, used 37580963840B, and remaining 150323855360B is 0.2
2023-09-14 09:00:51,798 [main] DEBUG balancer.ContainerBalancerTask (ContainerBalancerTask.java:initializeIteration(398)) - Utilization for node 250eb2c8-682b-4b3a-a83a-e00ac03e249d with capacity 354334801920B, used 35433480192B, and remaining 318901321728B is 0.1
2023-09-14 09:00:51,798 [main] DEBUG balancer.ContainerBalancerTask (ContainerBalancerTask.java:initializeIteration(398)) - Utilization for node 86b781ac-681d-4737-af9f-2dbbe676040f with capacity 22548578304B, used 0B, and remaining 22548578304B is 0.0
2023-09-14 09:00:51,798 [main] INFO  balancer.ContainerBalancerTask (ContainerBalancerTask.java:initializeIteration(443)) - Did not find any unbalanced Datanodes.
2023-09-14 09:00:51,799 [main] INFO  balancer.ContainerBalancerTask (ContainerBalancerTask.java:tryStopWithSaveConfiguration(308)) - Save Configuration for stopping. Reason: Could not initialize ContainerBalancer's iteration number 0
2023-09-14 09:00:51,800 [main] DEBUG balancer.ContainerBalancerTask (ContainerBalancerTask.java:initializeIteration(374)) - Average utilization of the cluster is 0.3407892738599359
2023-09-14 09:00:51,800 [main] DEBUG balancer.ContainerBalancerTask (ContainerBalancerTask.java:initializeIteration(386)) - Lower limit for utilization is 0.24740376435350858 and Upper limit for utilization is 0.4341747833663632
2023-09-14 09:00:51,800 [main] DEBUG balancer.ContainerBalancerTask (ContainerBalancerTask.java:initializeIteration(398)) - Utilization for node 1900701f-e253-4cdd-ab6a-c712c592a450 with capacity 57266230613B, used 51539607552B, and remaining 5726623061B is 0.9000000000052387
2023-09-14 09:00:51,800 [main] DEBUG balancer.ContainerBalancerTask (ContainerBalancerTask.java:initializeIteration(398)) - Utilization for node b2410ec6-bcc1-4c4b-b620-7ec872c2fe8e with capacity 45634027520B, used 36507222016B, and remaining 9126805504B is 0.8
2023-09-14 09:00:51,800 [main] DEBUG balancer.ContainerBalancerTask (ContainerBalancerTask.java:initializeIteration(398)) - Utilization for node 91d2078e-5a22-4e36-bbfb-501cc119c99c with capacity 69026260114B, used 48318382080B, and remaining 20707878034B is 0.7000000000028974
2023-09-14 09:00:51,800 [main] DEBUG balancer.ContainerBalancerTask (ContainerBalancerTask.java:initializeIteration(398)) - Utilization for node f566b4e4-cbfe-4faf-a56a-ea8079f0a6aa with capacity 76951497386B, used 46170898432B, and remaining 30780598954B is 0.600000000005198
2023-09-14 09:00:51,800 [main] DEBUG balancer.ContainerBalancerTask (ContainerBalancerTask.java:initializeIteration(398)) - Utilization for node 590d5e92-d535-41c5-a6c4-4c98d164c5ff with capacity 115964116992B, used 57982058496B, and remaining 57982058496B is 0.5
2023-09-14 09:00:51,800 [main] DEBUG balancer.ContainerBalancerTask (ContainerBalancerTask.java:initializeIteration(398)) - Utilization for node af525658-3b6e-4170-aa4a-4569182def5e with capacity 134217728000B, used 53687091200B, and remaining 80530636800B is 0.4
2023-09-14 09:00:51,800 [main] DEBUG balancer.ContainerBalancerTask (ContainerBalancerTask.java:initializeIteration(398)) - Utilization for node 86ea1744-2c30-43c3-bbe6-07005c6b0bce with capacity 114532461226B, used 34359738368B, and remaining 80172722858B is 0.3000000000017462
2023-09-14 09:00:51,800 [main] DEBUG balancer.ContainerBalancerTask (ContainerBalancerTask.java:initializeIteration(398)) - Utilization for node c3dbb107-9225-42c7-bd9d-68a8fe900965 with capacity 187904819200B, used 37580963840B, and remaining 150323855360B is 0.2
2023-09-14 09:00:51,800 [main] DEBUG balancer.ContainerBalancerTask (ContainerBalancerTask.java:initializeIteration(398)) - Utilization for node 250eb2c8-682b-4b3a-a83a-e00ac03e249d with capacity 354334801920B, used 35433480192B, and remaining 318901321728B is 0.1
2023-09-14 09:00:51,801 [main] DEBUG balancer.ContainerBalancerTask (ContainerBalancerTask.java:initializeIteration(398)) - Utilization for node 86b781ac-681d-4737-af9f-2dbbe676040f with capacity 22548578304B, used 0B, and remaining 22548578304B is 0.0
2023-09-14 09:00:51,801 [main] INFO  balancer.ContainerBalancerTask (ContainerBalancerTask.java:initializeIteration(447)) - Container Balancer has identified 5 Over-Utilized and 3 Under-Utilized Datanodes that need to be balanced.
2023-09-14 09:00:51,801 [main] DEBUG balancer.ContainerBalancerTask (ContainerBalancerTask.java:lambda$initializeIteration$1(453)) - Datanode localhost-192.57.233.171 1900701f-e253-4cdd-ab6a-c712c592a450 is Over-Utilized.
2023-09-14 09:00:51,801 [main] DEBUG balancer.ContainerBalancerTask (ContainerBalancerTask.java:lambda$initializeIteration$1(453)) - Datanode localhost-219.238.93.19 b2410ec6-bcc1-4c4b-b620-7ec872c2fe8e is Over-Utilized.
2023-09-14 09:00:51,801 [main] DEBUG balancer.ContainerBalancerTask (ContainerBalancerTask.java:lambda$initializeIteration$1(453)) - Datanode localhost-99.121.120.236 91d2078e-5a22-4e36-bbfb-501cc119c99c is Over-Utilized.
2023-09-14 09:00:51,801 [main] DEBUG balancer.ContainerBalancerTask (ContainerBalancerTask.java:lambda$initializeIteration$1(453)) - Datanode localhost-146.28.35.242 f566b4e4-cbfe-4faf-a56a-ea8079f0a6aa is Over-Utilized.
2023-09-14 09:00:51,801 [main] DEBUG balancer.ContainerBalancerTask (ContainerBalancerTask.java:lambda$initializeIteration$1(453)) - Datanode localhost-90.110.176.165 590d5e92-d535-41c5-a6c4-4c98d164c5ff is Over-Utilized.
2023-09-14 09:00:51,801 [main] DEBUG balancer.ContainerBalancerTask (ContainerBalancerTask.java:lambda$initializeIteration$2(459)) - Datanode localhost-87.39.252.231 86b781ac-681d-4737-af9f-2dbbe676040f is Under-Utilized.
2023-09-14 09:00:51,801 [main] DEBUG balancer.ContainerBalancerTask (ContainerBalancerTask.java:lambda$initializeIteration$2(459)) - Datanode localhost-159.229.126.231 250eb2c8-682b-4b3a-a83a-e00ac03e249d is Under-Utilized.
2023-09-14 09:00:51,801 [main] DEBUG balancer.ContainerBalancerTask (ContainerBalancerTask.java:lambda$initializeIteration$2(459)) - Datanode localhost-177.109.90.208 c3dbb107-9225-42c7-bd9d-68a8fe900965 is Under-Utilized.
2023-09-14 09:00:51,804 [main] DEBUG balancer.ContainerBalancerTask (ContainerBalancerTask.java:matchSourceWithTarget(708)) - ContainerBalancer is finding suitable target for source datanode 1900701f-e253-4cdd-ab6a-c712c592a450
2023-09-14 09:00:51,804 [main] INFO  balancer.ContainerBalancerTask (ContainerBalancerTask.java:matchSourceWithTarget(722)) - ContainerBalancer matched source datanode 1900701f-e253-4cdd-ab6a-c712c592a450 with target datanode 86b781ac-681d-4737-af9f-2dbbe676040f for container move.
2023-09-14 09:00:51,804 [main] INFO  balancer.ContainerBalancerTask (ContainerBalancerTask.java:processMoveSelection(569)) - ContainerBalancer is trying to move container #85 with size 5368709120B from source datanode 1900701f-e253-4cdd-ab6a-c712c592a450 to target datanode 86b781ac-681d-4737-af9f-2dbbe676040f
2023-09-14 09:00:51,804 [main] DEBUG balancer.ContainerBalancerTask (ContainerBalancerTask.java:lambda$moveContainer$3(837)) - Container move completed for container #85 from source 1900701f-e253-4cdd-ab6a-c712c592a450 to target 86b781ac-681d-4737-af9f-2dbbe676040f
2023-09-14 09:00:51,806 [main] DEBUG balancer.ContainerBalancerTask (ContainerBalancerTask.java:matchSourceWithTarget(708)) - ContainerBalancer is finding suitable target for source datanode 1900701f-e253-4cdd-ab6a-c712c592a450
2023-09-14 09:00:51,807 [main] INFO  balancer.ContainerBalancerTask (ContainerBalancerTask.java:matchSourceWithTarget(722)) - ContainerBalancer matched source datanode 1900701f-e253-4cdd-ab6a-c712c592a450 with target datanode 250eb2c8-682b-4b3a-a83a-e00ac03e249d for container move.
2023-09-14 09:00:51,807 [main] INFO  balancer.ContainerBalancerTask (ContainerBalancerTask.java:processMoveSelection(569)) - ContainerBalancer is trying to move container #68 with size 5368709120B from source datanode 1900701f-e253-4cdd-ab6a-c712c592a450 to target datanode 250eb2c8-682b-4b3a-a83a-e00ac03e249d
2023-09-14 09:00:51,807 [main] DEBUG balancer.ContainerBalancerTask (ContainerBalancerTask.java:lambda$moveContainer$3(837)) - Container move completed for container #68 from source 1900701f-e253-4cdd-ab6a-c712c592a450 to target 250eb2c8-682b-4b3a-a83a-e00ac03e249d
2023-09-14 09:00:51,809 [main] DEBUG balancer.ContainerBalancerTask (ContainerBalancerTask.java:matchSourceWithTarget(708)) - ContainerBalancer is finding suitable target for source datanode b2410ec6-bcc1-4c4b-b620-7ec872c2fe8e
2023-09-14 09:00:51,809 [main] INFO  balancer.ContainerBalancerTask (ContainerBalancerTask.java:matchSourceWithTarget(722)) - ContainerBalancer matched source datanode b2410ec6-bcc1-4c4b-b620-7ec872c2fe8e with target datanode 250eb2c8-682b-4b3a-a83a-e00ac03e249d for container move.
2023-09-14 09:00:51,809 [main] INFO  balancer.ContainerBalancerTask (ContainerBalancerTask.java:processMoveSelection(569)) - ContainerBalancer is trying to move container #71 with size 3221225472B from source datanode b2410ec6-bcc1-4c4b-b620-7ec872c2fe8e to target datanode 250eb2c8-682b-4b3a-a83a-e00ac03e249d
2023-09-14 09:00:51,809 [main] DEBUG balancer.ContainerBalancerTask (ContainerBalancerTask.java:lambda$moveContainer$3(837)) - Container move completed for container #71 from source b2410ec6-bcc1-4c4b-b620-7ec872c2fe8e to target 250eb2c8-682b-4b3a-a83a-e00ac03e249d
2023-09-14 09:00:51,811 [main] DEBUG balancer.ContainerBalancerTask (ContainerBalancerTask.java:matchSourceWithTarget(708)) - ContainerBalancer is finding suitable target for source datanode b2410ec6-bcc1-4c4b-b620-7ec872c2fe8e
2023-09-14 09:00:51,811 [main] INFO  balancer.ContainerBalancerTask (ContainerBalancerTask.java:matchSourceWithTarget(722)) - ContainerBalancer matched source datanode b2410ec6-bcc1-4c4b-b620-7ec872c2fe8e with target datanode 250eb2c8-682b-4b3a-a83a-e00ac03e249d for container move.
2023-09-14 09:00:51,811 [main] INFO  balancer.ContainerBalancerTask (ContainerBalancerTask.java:processMoveSelection(569)) - ContainerBalancer is trying to move container #66 with size 3221225472B from source datanode b2410ec6-bcc1-4c4b-b620-7ec872c2fe8e to target datanode 250eb2c8-682b-4b3a-a83a-e00ac03e249d
2023-09-14 09:00:51,811 [main] DEBUG balancer.ContainerBalancerTask (ContainerBalancerTask.java:lambda$moveContainer$3(837)) - Container move completed for container #66 from source b2410ec6-bcc1-4c4b-b620-7ec872c2fe8e to target 250eb2c8-682b-4b3a-a83a-e00ac03e249d
2023-09-14 09:00:51,814 [main] DEBUG balancer.ContainerBalancerTask (ContainerBalancerTask.java:matchSourceWithTarget(708)) - ContainerBalancer is finding suitable target for source datanode 1900701f-e253-4cdd-ab6a-c712c592a450
2023-09-14 09:00:51,814 [main] INFO  balancer.ContainerBalancerTask (ContainerBalancerTask.java:matchSourceWithTarget(722)) - ContainerBalancer matched source datanode 1900701f-e253-4cdd-ab6a-c712c592a450 with target datanode 250eb2c8-682b-4b3a-a83a-e00ac03e249d for container move.
2023-09-14 09:00:51,814 [main] INFO  balancer.ContainerBalancerTask (ContainerBalancerTask.java:processMoveSelection(569)) - ContainerBalancer is trying to move container #84 with size 4294967296B from source datanode 1900701f-e253-4cdd-ab6a-c712c592a450 to target datanode 250eb2c8-682b-4b3a-a83a-e00ac03e249d
2023-09-14 09:00:51,814 [main] DEBUG balancer.ContainerBalancerTask (ContainerBalancerTask.java:lambda$moveContainer$3(837)) - Container move completed for container #84 from source 1900701f-e253-4cdd-ab6a-c712c592a450 to target 250eb2c8-682b-4b3a-a83a-e00ac03e249d
2023-09-14 09:00:51,817 [main] DEBUG balancer.ContainerBalancerTask (ContainerBalancerTask.java:matchSourceWithTarget(708)) - ContainerBalancer is finding suitable target for source datanode 91d2078e-5a22-4e36-bbfb-501cc119c99c
2023-09-14 09:00:51,817 [main] INFO  balancer.ContainerBalancerTask (ContainerBalancerTask.java:matchSourceWithTarget(722)) - ContainerBalancer matched source datanode 91d2078e-5a22-4e36-bbfb-501cc119c99c with target datanode 250eb2c8-682b-4b3a-a83a-e00ac03e249d for container move.
2023-09-14 09:00:51,817 [main] INFO  balancer.ContainerBalancerTask (ContainerBalancerTask.java:processMoveSelection(569)) - ContainerBalancer is trying to move container #29 with size 5368709120B from source datanode 91d2078e-5a22-4e36-bbfb-501cc119c99c to target datanode 250eb2c8-682b-4b3a-a83a-e00ac03e249d
2023-09-14 09:00:51,817 [main] DEBUG balancer.ContainerBalancerTask (ContainerBalancerTask.java:lambda$moveContainer$3(837)) - Container move completed for container #29 from source 91d2078e-5a22-4e36-bbfb-501cc119c99c to target 250eb2c8-682b-4b3a-a83a-e00ac03e249d
2023-09-14 09:00:51,819 [main] DEBUG balancer.ContainerBalancerTask (ContainerBalancerTask.java:matchSourceWithTarget(708)) - ContainerBalancer is finding suitable target for source datanode b2410ec6-bcc1-4c4b-b620-7ec872c2fe8e
2023-09-14 09:00:51,820 [main] INFO  balancer.ContainerBalancerTask (ContainerBalancerTask.java:matchSourceWithTarget(722)) - ContainerBalancer matched source datanode b2410ec6-bcc1-4c4b-b620-7ec872c2fe8e with target datanode 250eb2c8-682b-4b3a-a83a-e00ac03e249d for container move.
2023-09-14 09:00:51,820 [main] INFO  balancer.ContainerBalancerTask (ContainerBalancerTask.java:processMoveSelection(569)) - ContainerBalancer is trying to move container #51 with size 3221225472B from source datanode b2410ec6-bcc1-4c4b-b620-7ec872c2fe8e to target datanode 250eb2c8-682b-4b3a-a83a-e00ac03e249d
2023-09-14 09:00:51,820 [main] DEBUG balancer.ContainerBalancerTask (ContainerBalancerTask.java:lambda$moveContainer$3(837)) - Container move completed for container #51 from source b2410ec6-bcc1-4c4b-b620-7ec872c2fe8e to target 250eb2c8-682b-4b3a-a83a-e00ac03e249d
2023-09-14 09:00:51,822 [main] DEBUG balancer.ContainerBalancerTask (ContainerBalancerTask.java:matchSourceWithTarget(708)) - ContainerBalancer is finding suitable target for source datanode 1900701f-e253-4cdd-ab6a-c712c592a450
2023-09-14 09:00:51,823 [main] INFO  balancer.ContainerBalancerTask (ContainerBalancerTask.java:matchSourceWithTarget(722)) - ContainerBalancer matched source datanode 1900701f-e253-4cdd-ab6a-c712c592a450 with target datanode 250eb2c8-682b-4b3a-a83a-e00ac03e249d for container move.
2023-09-14 09:00:51,823 [main] INFO  balancer.ContainerBalancerTask (ContainerBalancerTask.java:processMoveSelection(569)) - ContainerBalancer is trying to move container #39 with size 4294967296B from source datanode 1900701f-e253-4cdd-ab6a-c712c592a450 to target datanode 250eb2c8-682b-4b3a-a83a-e00ac03e249d
2023-09-14 09:00:51,823 [main] DEBUG balancer.ContainerBalancerTask (ContainerBalancerTask.java:lambda$moveContainer$3(837)) - Container move completed for container #39 from source 1900701f-e253-4cdd-ab6a-c712c592a450 to target 250eb2c8-682b-4b3a-a83a-e00ac03e249d
2023-09-14 09:00:51,826 [main] DEBUG balancer.ContainerBalancerTask (ContainerBalancerTask.java:matchSourceWithTarget(708)) - ContainerBalancer is finding suitable target for source datanode 91d2078e-5a22-4e36-bbfb-501cc119c99c
2023-09-14 09:00:51,826 [main] INFO  balancer.ContainerBalancerTask (ContainerBalancerTask.java:matchSourceWithTarget(722)) - ContainerBalancer matched source datanode 91d2078e-5a22-4e36-bbfb-501cc119c99c with target datanode 250eb2c8-682b-4b3a-a83a-e00ac03e249d for container move.
2023-09-14 09:00:51,826 [main] INFO  balancer.ContainerBalancerTask (ContainerBalancerTask.java:processMoveSelection(569)) - ContainerBalancer is trying to move container #52 with size 4294967296B from source datanode 91d2078e-5a22-4e36-bbfb-501cc119c99c to target datanode 250eb2c8-682b-4b3a-a83a-e00ac03e249d
2023-09-14 09:00:51,826 [main] DEBUG balancer.ContainerBalancerTask (ContainerBalancerTask.java:lambda$moveContainer$3(837)) - Container move completed for container #52 from source 91d2078e-5a22-4e36-bbfb-501cc119c99c to target 250eb2c8-682b-4b3a-a83a-e00ac03e249d
2023-09-14 09:00:51,829 [main] DEBUG balancer.ContainerBalancerTask (ContainerBalancerTask.java:matchSourceWithTarget(708)) - ContainerBalancer is finding suitable target for source datanode f566b4e4-cbfe-4faf-a56a-ea8079f0a6aa
2023-09-14 09:00:51,829 [main] INFO  balancer.ContainerBalancerTask (ContainerBalancerTask.java:matchSourceWithTarget(722)) - ContainerBalancer matched source datanode f566b4e4-cbfe-4faf-a56a-ea8079f0a6aa with target datanode 250eb2c8-682b-4b3a-a83a-e00ac03e249d for container move.
2023-09-14 09:00:51,829 [main] INFO  balancer.ContainerBalancerTask (ContainerBalancerTask.java:processMoveSelection(569)) - ContainerBalancer is trying to move container #40 with size 5368709120B from source datanode f566b4e4-cbfe-4faf-a56a-ea8079f0a6aa to target datanode 250eb2c8-682b-4b3a-a83a-e00ac03e249d
2023-09-14 09:00:51,829 [main] DEBUG balancer.ContainerBalancerTask (ContainerBalancerTask.java:lambda$moveContainer$3(837)) - Container move completed for container #40 from source f566b4e4-cbfe-4faf-a56a-ea8079f0a6aa to target 250eb2c8-682b-4b3a-a83a-e00ac03e249d
2023-09-14 09:00:51,831 [main] DEBUG balancer.ContainerBalancerTask (ContainerBalancerTask.java:matchSourceWithTarget(708)) - ContainerBalancer is finding suitable target for source datanode b2410ec6-bcc1-4c4b-b620-7ec872c2fe8e
2023-09-14 09:00:51,832 [main] INFO  balancer.ContainerBalancerTask (ContainerBalancerTask.java:matchSourceWithTarget(722)) - ContainerBalancer matched source datanode b2410ec6-bcc1-4c4b-b620-7ec872c2fe8e with target datanode c3dbb107-9225-42c7-bd9d-68a8fe900965 for container move.
2023-09-14 09:00:51,832 [main] INFO  balancer.ContainerBalancerTask (ContainerBalancerTask.java:processMoveSelection(569)) - ContainerBalancer is trying to move container #87 with size 2147483648B from source datanode b2410ec6-bcc1-4c4b-b620-7ec872c2fe8e to target datanode c3dbb107-9225-42c7-bd9d-68a8fe900965
2023-09-14 09:00:51,832 [main] DEBUG balancer.ContainerBalancerTask (ContainerBalancerTask.java:lambda$moveContainer$3(837)) - Container move completed for container #87 from source b2410ec6-bcc1-4c4b-b620-7ec872c2fe8e to target c3dbb107-9225-42c7-bd9d-68a8fe900965
2023-09-14 09:00:51,835 [main] DEBUG balancer.ContainerBalancerTask (ContainerBalancerTask.java:matchSourceWithTarget(708)) - ContainerBalancer is finding suitable target for source datanode 1900701f-e253-4cdd-ab6a-c712c592a450
2023-09-14 09:00:51,835 [main] INFO  balancer.ContainerBalancerTask (ContainerBalancerTask.java:matchSourceWithTarget(722)) - ContainerBalancer matched source datanode 1900701f-e253-4cdd-ab6a-c712c592a450 with target datanode 250eb2c8-682b-4b3a-a83a-e00ac03e249d for container move.
2023-09-14 09:00:51,835 [main] INFO  balancer.ContainerBalancerTask (ContainerBalancerTask.java:processMoveSelection(569)) - ContainerBalancer is trying to move container #28 with size 4294967296B from source datanode 1900701f-e253-4cdd-ab6a-c712c592a450 to target datanode 250eb2c8-682b-4b3a-a83a-e00ac03e249d
2023-09-14 09:00:51,835 [main] DEBUG balancer.ContainerBalancerTask (ContainerBalancerTask.java:lambda$moveContainer$3(837)) - Container move completed for container #28 from source 1900701f-e253-4cdd-ab6a-c712c592a450 to target 250eb2c8-682b-4b3a-a83a-e00ac03e249d
2023-09-14 09:00:51,838 [main] DEBUG balancer.ContainerBalancerTask (ContainerBalancerTask.java:matchSourceWithTarget(708)) - ContainerBalancer is finding suitable target for source datanode 91d2078e-5a22-4e36-bbfb-501cc119c99c
2023-09-14 09:00:51,838 [main] INFO  balancer.ContainerBalancerTask (ContainerBalancerTask.java:matchSourceWithTarget(722)) - ContainerBalancer matched source datanode 91d2078e-5a22-4e36-bbfb-501cc119c99c with target datanode c3dbb107-9225-42c7-bd9d-68a8fe900965 for container move.
2023-09-14 09:00:51,838 [main] INFO  balancer.ContainerBalancerTask (ContainerBalancerTask.java:processMoveSelection(569)) - ContainerBalancer is trying to move container #27 with size 3221225472B from source datanode 91d2078e-5a22-4e36-bbfb-501cc119c99c to target datanode c3dbb107-9225-42c7-bd9d-68a8fe900965
2023-09-14 09:00:51,839 [main] DEBUG balancer.ContainerBalancerTask (ContainerBalancerTask.java:lambda$moveContainer$3(837)) - Container move completed for container #27 from source 91d2078e-5a22-4e36-bbfb-501cc119c99c to target c3dbb107-9225-42c7-bd9d-68a8fe900965
2023-09-14 09:00:51,839 [main] WARN  balancer.ContainerBalancerTask (ContainerBalancerTask.java:reachedMaxSizeToMovePerIteration(733)) - Reached max size to move limit. 53687091200 bytes have already been scheduled for balancing and the limit is 53687091200 bytes.
2023-09-14 09:00:51,839 [main] INFO  balancer.ContainerBalancerTask (ContainerBalancerTask.java:checkIterationMoveResults(642)) - Iteration Summary. Number of Datanodes involved: 7. Size moved: 50 GB (53687091200 Bytes). Number of Container moves completed: 13.
2023-09-14 09:00:51,839 [main] INFO  balancer.ContainerBalancerTask (ContainerBalancerTask.java:balance(259)) - Result of this iteration of Container Balancer: ITERATION_COMPLETED
2023-09-14 09:00:51,839 [main] INFO  balancer.ContainerBalancerTask (ContainerBalancerTask.java:tryStopWithSaveConfiguration(308)) - Save Configuration for stopping. Reason: Completed all iterations.
2023-09-14 09:00:51,840 [main] DEBUG balancer.ContainerBalancerTask (ContainerBalancerTask.java:initializeIteration(374)) - Average utilization of the cluster is 0.3407892738599359
2023-09-14 09:00:51,840 [main] DEBUG balancer.ContainerBalancerTask (ContainerBalancerTask.java:initializeIteration(386)) - Lower limit for utilization is -0.27243695501094894 and Upper limit for utilization is 0.9540155027308208
2023-09-14 09:00:51,840 [main] DEBUG balancer.ContainerBalancerTask (ContainerBalancerTask.java:initializeIteration(398)) - Utilization for node 1900701f-e253-4cdd-ab6a-c712c592a450 with capacity 57266230613B, used 51539607552B, and remaining 5726623061B is 0.9000000000052387
2023-09-14 09:00:51,840 [main] DEBUG balancer.ContainerBalancerTask (ContainerBalancerTask.java:initializeIteration(398)) - Utilization for node b2410ec6-bcc1-4c4b-b620-7ec872c2fe8e with capacity 45634027520B, used 36507222016B, and remaining 9126805504B is 0.8
2023-09-14 09:00:51,840 [main] DEBUG balancer.ContainerBalancerTask (ContainerBalancerTask.java:initializeIteration(398)) - Utilization for node 91d2078e-5a22-4e36-bbfb-501cc119c99c with capacity 69026260114B, used 48318382080B, and remaining 20707878034B is 0.7000000000028974
2023-09-14 09:00:51,840 [main] DEBUG balancer.ContainerBalancerTask (ContainerBalancerTask.java:initializeIteration(398)) - Utilization for node f566b4e4-cbfe-4faf-a56a-ea8079f0a6aa with capacity 76951497386B, used 46170898432B, and remaining 30780598954B is 0.600000000005198
2023-09-14 09:00:51,840 [main] DEBUG balancer.ContainerBalancerTask (ContainerBalancerTask.java:initializeIteration(398)) - Utilization for node 590d5e92-d535-41c5-a6c4-4c98d164c5ff with capacity 115964116992B, used 57982058496B, and remaining 57982058496B is 0.5
2023-09-14 09:00:51,840 [main] DEBUG balancer.ContainerBalancerTask (ContainerBalancerTask.java:initializeIteration(398)) - Utilization for node af525658-3b6e-4170-aa4a-4569182def5e with capacity 134217728000B, used 53687091200B, and remaining 80530636800B is 0.4
2023-09-14 09:00:51,840 [main] DEBUG balancer.ContainerBalancerTask (ContainerBalancerTask.java:initializeIteration(398)) - Utilization for node 86ea1744-2c30-43c3-bbe6-07005c6b0bce with capacity 114532461226B, used 34359738368B, and remaining 80172722858B is 0.3000000000017462
2023-09-14 09:00:51,841 [main] DEBUG balancer.ContainerBalancerTask (ContainerBalancerTask.java:initializeIteration(398)) - Utilization for node c3dbb107-9225-42c7-bd9d-68a8fe900965 with capacity 187904819200B, used 37580963840B, and remaining 150323855360B is 0.2
2023-09-14 09:00:51,841 [main] DEBUG balancer.ContainerBalancerTask (ContainerBalancerTask.java:initializeIteration(398)) - Utilization for node 250eb2c8-682b-4b3a-a83a-e00ac03e249d with capacity 354334801920B, used 35433480192B, and remaining 318901321728B is 0.1
2023-09-14 09:00:51,841 [main] DEBUG balancer.ContainerBalancerTask (ContainerBalancerTask.java:initializeIteration(398)) - Utilization for node 86b781ac-681d-4737-af9f-2dbbe676040f with capacity 22548578304B, used 0B, and remaining 22548578304B is 0.0
2023-09-14 09:00:51,841 [main] INFO  balancer.ContainerBalancerTask (ContainerBalancerTask.java:initializeIteration(443)) - Did not find any unbalanced Datanodes.
2023-09-14 09:00:51,841 [main] INFO  balancer.ContainerBalancerTask (ContainerBalancerTask.java:tryStopWithSaveConfiguration(308)) - Save Configuration for stopping. Reason: Could not initialize ContainerBalancer's iteration number 0
2023-09-14 09:00:51,842 [main] DEBUG balancer.ContainerBalancerTask (ContainerBalancerTask.java:initializeIteration(374)) - Average utilization of the cluster is 0.3407892738599359
2023-09-14 09:00:51,842 [main] DEBUG balancer.ContainerBalancerTask (ContainerBalancerTask.java:initializeIteration(386)) - Lower limit for utilization is -0.23546140764157503 and Upper limit for utilization is 0.9170399553614468
2023-09-14 09:00:51,842 [main] DEBUG balancer.ContainerBalancerTask (ContainerBalancerTask.java:initializeIteration(398)) - Utilization for node 1900701f-e253-4cdd-ab6a-c712c592a450 with capacity 57266230613B, used 51539607552B, and remaining 5726623061B is 0.9000000000052387
2023-09-14 09:00:51,842 [main] DEBUG balancer.ContainerBalancerTask (ContainerBalancerTask.java:initializeIteration(398)) - Utilization for node b2410ec6-bcc1-4c4b-b620-7ec872c2fe8e with capacity 45634027520B, used 36507222016B, and remaining 9126805504B is 0.8
2023-09-14 09:00:51,842 [main] DEBUG balancer.ContainerBalancerTask (ContainerBalancerTask.java:initializeIteration(398)) - Utilization for node 91d2078e-5a22-4e36-bbfb-501cc119c99c with capacity 69026260114B, used 48318382080B, and remaining 20707878034B is 0.7000000000028974
2023-09-14 09:00:51,842 [main] DEBUG balancer.ContainerBalancerTask (ContainerBalancerTask.java:initializeIteration(398)) - Utilization for node f566b4e4-cbfe-4faf-a56a-ea8079f0a6aa with capacity 76951497386B, used 46170898432B, and remaining 30780598954B is 0.600000000005198
2023-09-14 09:00:51,842 [main] DEBUG balancer.ContainerBalancerTask (ContainerBalancerTask.java:initializeIteration(398)) - Utilization for node 590d5e92-d535-41c5-a6c4-4c98d164c5ff with capacity 115964116992B, used 57982058496B, and remaining 57982058496B is 0.5
2023-09-14 09:00:51,842 [main] DEBUG balancer.ContainerBalancerTask (ContainerBalancerTask.java:initializeIteration(398)) - Utilization for node af525658-3b6e-4170-aa4a-4569182def5e with capacity 134217728000B, used 53687091200B, and remaining 80530636800B is 0.4
2023-09-14 09:00:51,842 [main] DEBUG balancer.ContainerBalancerTask (ContainerBalancerTask.java:initializeIteration(398)) - Utilization for node 86ea1744-2c30-43c3-bbe6-07005c6b0bce with capacity 114532461226B, used 34359738368B, and remaining 80172722858B is 0.3000000000017462
2023-09-14 09:00:51,842 [main] DEBUG balancer.ContainerBalancerTask (ContainerBalancerTask.java:initializeIteration(398)) - Utilization for node c3dbb107-9225-42c7-bd9d-68a8fe900965 with capacity 187904819200B, used 37580963840B, and remaining 150323855360B is 0.2
2023-09-14 09:00:51,843 [main] DEBUG balancer.ContainerBalancerTask (ContainerBalancerTask.java:initializeIteration(398)) - Utilization for node 250eb2c8-682b-4b3a-a83a-e00ac03e249d with capacity 354334801920B, used 35433480192B, and remaining 318901321728B is 0.1
2023-09-14 09:00:51,843 [main] DEBUG balancer.ContainerBalancerTask (ContainerBalancerTask.java:initializeIteration(398)) - Utilization for node 86b781ac-681d-4737-af9f-2dbbe676040f with capacity 22548578304B, used 0B, and remaining 22548578304B is 0.0
2023-09-14 09:00:51,843 [main] INFO  balancer.ContainerBalancerTask (ContainerBalancerTask.java:initializeIteration(443)) - Did not find any unbalanced Datanodes.
2023-09-14 09:00:51,843 [main] INFO  balancer.ContainerBalancerTask (ContainerBalancerTask.java:tryStopWithSaveConfiguration(308)) - Save Configuration for stopping. Reason: Could not initialize ContainerBalancer's iteration number 0
2023-09-14 09:00:51,843 [main] DEBUG balancer.ContainerBalancerTask (ContainerBalancerTask.java:initializeIteration(374)) - Average utilization of the cluster is 0.3407892738599359
2023-09-14 09:00:51,844 [main] DEBUG balancer.ContainerBalancerTask (ContainerBalancerTask.java:initializeIteration(386)) - Lower limit for utilization is -0.4223879288882742 and Upper limit for utilization is 1.103966476608146
2023-09-14 09:00:51,844 [main] DEBUG balancer.ContainerBalancerTask (ContainerBalancerTask.java:initializeIteration(398)) - Utilization for node 1900701f-e253-4cdd-ab6a-c712c592a450 with capacity 57266230613B, used 51539607552B, and remaining 5726623061B is 0.9000000000052387
2023-09-14 09:00:51,844 [main] DEBUG balancer.ContainerBalancerTask (ContainerBalancerTask.java:initializeIteration(398)) - Utilization for node b2410ec6-bcc1-4c4b-b620-7ec872c2fe8e with capacity 45634027520B, used 36507222016B, and remaining 9126805504B is 0.8
2023-09-14 09:00:51,844 [main] DEBUG balancer.ContainerBalancerTask (ContainerBalancerTask.java:initializeIteration(398)) - Utilization for node 91d2078e-5a22-4e36-bbfb-501cc119c99c with capacity 69026260114B, used 48318382080B, and remaining 20707878034B is 0.7000000000028974
2023-09-14 09:00:51,844 [main] DEBUG balancer.ContainerBalancerTask (ContainerBalancerTask.java:initializeIteration(398)) - Utilization for node f566b4e4-cbfe-4faf-a56a-ea8079f0a6aa with capacity 76951497386B, used 46170898432B, and remaining 30780598954B is 0.600000000005198
2023-09-14 09:00:51,844 [main] DEBUG balancer.ContainerBalancerTask (ContainerBalancerTask.java:initializeIteration(398)) - Utilization for node 590d5e92-d535-41c5-a6c4-4c98d164c5ff with capacity 115964116992B, used 57982058496B, and remaining 57982058496B is 0.5
2023-09-14 09:00:51,844 [main] DEBUG balancer.ContainerBalancerTask (ContainerBalancerTask.java:initializeIteration(398)) - Utilization for node af525658-3b6e-4170-aa4a-4569182def5e with capacity 134217728000B, used 53687091200B, and remaining 80530636800B is 0.4
2023-09-14 09:00:51,844 [main] DEBUG balancer.ContainerBalancerTask (ContainerBalancerTask.java:initializeIteration(398)) - Utilization for node 86ea1744-2c30-43c3-bbe6-07005c6b0bce with capacity 114532461226B, used 34359738368B, and remaining 80172722858B is 0.3000000000017462
2023-09-14 09:00:51,844 [main] DEBUG balancer.ContainerBalancerTask (ContainerBalancerTask.java:initializeIteration(398)) - Utilization for node c3dbb107-9225-42c7-bd9d-68a8fe900965 with capacity 187904819200B, used 37580963840B, and remaining 150323855360B is 0.2
2023-09-14 09:00:51,844 [main] DEBUG balancer.ContainerBalancerTask (ContainerBalancerTask.java:initializeIteration(398)) - Utilization for node 250eb2c8-682b-4b3a-a83a-e00ac03e249d with capacity 354334801920B, used 35433480192B, and remaining 318901321728B is 0.1
2023-09-14 09:00:51,844 [main] DEBUG balancer.ContainerBalancerTask (ContainerBalancerTask.java:initializeIteration(398)) - Utilization for node 86b781ac-681d-4737-af9f-2dbbe676040f with capacity 22548578304B, used 0B, and remaining 22548578304B is 0.0
2023-09-14 09:00:51,844 [main] INFO  balancer.ContainerBalancerTask (ContainerBalancerTask.java:initializeIteration(443)) - Did not find any unbalanced Datanodes.
2023-09-14 09:00:51,845 [main] INFO  balancer.ContainerBalancerTask (ContainerBalancerTask.java:tryStopWithSaveConfiguration(308)) - Save Configuration for stopping. Reason: Could not initialize ContainerBalancer's iteration number 0
2023-09-14 09:00:51,845 [main] DEBUG balancer.ContainerBalancerTask (ContainerBalancerTask.java:initializeIteration(374)) - Average utilization of the cluster is 0.3407892738599359
2023-09-14 09:00:51,845 [main] DEBUG balancer.ContainerBalancerTask (ContainerBalancerTask.java:initializeIteration(386)) - Lower limit for utilization is -0.03269740842284469 and Upper limit for utilization is 0.7142759561427166
2023-09-14 09:00:51,846 [main] DEBUG balancer.ContainerBalancerTask (ContainerBalancerTask.java:initializeIteration(398)) - Utilization for node 1900701f-e253-4cdd-ab6a-c712c592a450 with capacity 57266230613B, used 51539607552B, and remaining 5726623061B is 0.9000000000052387
2023-09-14 09:00:51,846 [main] DEBUG balancer.ContainerBalancerTask (ContainerBalancerTask.java:initializeIteration(398)) - Utilization for node b2410ec6-bcc1-4c4b-b620-7ec872c2fe8e with capacity 45634027520B, used 36507222016B, and remaining 9126805504B is 0.8
2023-09-14 09:00:51,846 [main] DEBUG balancer.ContainerBalancerTask (ContainerBalancerTask.java:initializeIteration(398)) - Utilization for node 91d2078e-5a22-4e36-bbfb-501cc119c99c with capacity 69026260114B, used 48318382080B, and remaining 20707878034B is 0.7000000000028974
2023-09-14 09:00:51,846 [main] DEBUG balancer.ContainerBalancerTask (ContainerBalancerTask.java:initializeIteration(398)) - Utilization for node f566b4e4-cbfe-4faf-a56a-ea8079f0a6aa with capacity 76951497386B, used 46170898432B, and remaining 30780598954B is 0.600000000005198
2023-09-14 09:00:51,846 [main] DEBUG balancer.ContainerBalancerTask (ContainerBalancerTask.java:initializeIteration(398)) - Utilization for node 590d5e92-d535-41c5-a6c4-4c98d164c5ff with capacity 115964116992B, used 57982058496B, and remaining 57982058496B is 0.5
2023-09-14 09:00:51,846 [main] DEBUG balancer.ContainerBalancerTask (ContainerBalancerTask.java:initializeIteration(398)) - Utilization for node af525658-3b6e-4170-aa4a-4569182def5e with capacity 134217728000B, used 53687091200B, and remaining 80530636800B is 0.4
2023-09-14 09:00:51,846 [main] DEBUG balancer.ContainerBalancerTask (ContainerBalancerTask.java:initializeIteration(398)) - Utilization for node 86ea1744-2c30-43c3-bbe6-07005c6b0bce with capacity 114532461226B, used 34359738368B, and remaining 80172722858B is 0.3000000000017462
2023-09-14 09:00:51,846 [main] DEBUG balancer.ContainerBalancerTask (ContainerBalancerTask.java:initializeIteration(398)) - Utilization for node c3dbb107-9225-42c7-bd9d-68a8fe900965 with capacity 187904819200B, used 37580963840B, and remaining 150323855360B is 0.2
2023-09-14 09:00:51,846 [main] DEBUG balancer.ContainerBalancerTask (ContainerBalancerTask.java:initializeIteration(398)) - Utilization for node 250eb2c8-682b-4b3a-a83a-e00ac03e249d with capacity 354334801920B, used 35433480192B, and remaining 318901321728B is 0.1
2023-09-14 09:00:51,846 [main] DEBUG balancer.ContainerBalancerTask (ContainerBalancerTask.java:initializeIteration(398)) - Utilization for node 86b781ac-681d-4737-af9f-2dbbe676040f with capacity 22548578304B, used 0B, and remaining 22548578304B is 0.0
2023-09-14 09:00:51,846 [main] INFO  balancer.ContainerBalancerTask (ContainerBalancerTask.java:initializeIteration(447)) - Container Balancer has identified 2 Over-Utilized and 0 Under-Utilized Datanodes that need to be balanced.
2023-09-14 09:00:51,846 [main] DEBUG balancer.ContainerBalancerTask (ContainerBalancerTask.java:lambda$initializeIteration$1(453)) - Datanode localhost-192.57.233.171 1900701f-e253-4cdd-ab6a-c712c592a450 is Over-Utilized.
2023-09-14 09:00:51,847 [main] DEBUG balancer.ContainerBalancerTask (ContainerBalancerTask.java:lambda$initializeIteration$1(453)) - Datanode localhost-219.238.93.19 b2410ec6-bcc1-4c4b-b620-7ec872c2fe8e is Over-Utilized.
2023-09-14 09:00:51,849 [main] DEBUG balancer.ContainerBalancerTask (ContainerBalancerTask.java:matchSourceWithTarget(708)) - ContainerBalancer is finding suitable target for source datanode 1900701f-e253-4cdd-ab6a-c712c592a450
2023-09-14 09:00:51,849 [main] INFO  balancer.FindTargetGreedyByUsageInfo (AbstractFindTargetGreedy.java:findTargetForContainerMove(133)) - Container Balancer could not find a target for source datanode 1900701f-e253-4cdd-ab6a-c712c592a450
2023-09-14 09:00:51,849 [main] DEBUG balancer.ContainerBalancerTask (ContainerBalancerTask.java:matchSourceWithTarget(717)) - ContainerBalancer could not find a suitable target for source node 1900701f-e253-4cdd-ab6a-c712c592a450.
2023-09-14 09:00:51,851 [main] DEBUG balancer.ContainerBalancerTask (ContainerBalancerTask.java:matchSourceWithTarget(708)) - ContainerBalancer is finding suitable target for source datanode b2410ec6-bcc1-4c4b-b620-7ec872c2fe8e
2023-09-14 09:00:51,851 [main] INFO  balancer.FindTargetGreedyByUsageInfo (AbstractFindTargetGreedy.java:findTargetForContainerMove(133)) - Container Balancer could not find a target for source datanode b2410ec6-bcc1-4c4b-b620-7ec872c2fe8e
2023-09-14 09:00:51,851 [main] DEBUG balancer.ContainerBalancerTask (ContainerBalancerTask.java:matchSourceWithTarget(717)) - ContainerBalancer could not find a suitable target for source node b2410ec6-bcc1-4c4b-b620-7ec872c2fe8e.
2023-09-14 09:00:51,851 [main] INFO  balancer.FindSourceGreedy (FindSourceGreedy.java:getNextCandidateSourceDataNode(126)) - no more candidate source data node
2023-09-14 09:00:51,851 [main] INFO  balancer.ContainerBalancerTask (ContainerBalancerTask.java:balance(259)) - Result of this iteration of Container Balancer: CAN_NOT_BALANCE_ANY_MORE
2023-09-14 09:00:51,851 [main] INFO  balancer.ContainerBalancerTask (ContainerBalancerTask.java:tryStopWithSaveConfiguration(308)) - Save Configuration for stopping. Reason: CAN_NOT_BALANCE_ANY_MORE
2023-09-14 09:00:51,852 [main] DEBUG balancer.ContainerBalancerTask (ContainerBalancerTask.java:initializeIteration(374)) - Average utilization of the cluster is 0.3407892738599359
2023-09-14 09:00:51,852 [main] DEBUG balancer.ContainerBalancerTask (ContainerBalancerTask.java:initializeIteration(386)) - Lower limit for utilization is -0.21029977556093765 and Upper limit for utilization is 0.8918783232808094
2023-09-14 09:00:51,852 [main] DEBUG balancer.ContainerBalancerTask (ContainerBalancerTask.java:initializeIteration(398)) - Utilization for node 1900701f-e253-4cdd-ab6a-c712c592a450 with capacity 57266230613B, used 51539607552B, and remaining 5726623061B is 0.9000000000052387
2023-09-14 09:00:51,852 [main] DEBUG balancer.ContainerBalancerTask (ContainerBalancerTask.java:initializeIteration(398)) - Utilization for node b2410ec6-bcc1-4c4b-b620-7ec872c2fe8e with capacity 45634027520B, used 36507222016B, and remaining 9126805504B is 0.8
2023-09-14 09:00:51,852 [main] DEBUG balancer.ContainerBalancerTask (ContainerBalancerTask.java:initializeIteration(398)) - Utilization for node 91d2078e-5a22-4e36-bbfb-501cc119c99c with capacity 69026260114B, used 48318382080B, and remaining 20707878034B is 0.7000000000028974
2023-09-14 09:00:51,852 [main] DEBUG balancer.ContainerBalancerTask (ContainerBalancerTask.java:initializeIteration(398)) - Utilization for node f566b4e4-cbfe-4faf-a56a-ea8079f0a6aa with capacity 76951497386B, used 46170898432B, and remaining 30780598954B is 0.600000000005198
2023-09-14 09:00:51,852 [main] DEBUG balancer.ContainerBalancerTask (ContainerBalancerTask.java:initializeIteration(398)) - Utilization for node 590d5e92-d535-41c5-a6c4-4c98d164c5ff with capacity 115964116992B, used 57982058496B, and remaining 57982058496B is 0.5
2023-09-14 09:00:51,853 [main] DEBUG balancer.ContainerBalancerTask (ContainerBalancerTask.java:initializeIteration(398)) - Utilization for node af525658-3b6e-4170-aa4a-4569182def5e with capacity 134217728000B, used 53687091200B, and remaining 80530636800B is 0.4
2023-09-14 09:00:51,853 [main] DEBUG balancer.ContainerBalancerTask (ContainerBalancerTask.java:initializeIteration(398)) - Utilization for node 86ea1744-2c30-43c3-bbe6-07005c6b0bce with capacity 114532461226B, used 34359738368B, and remaining 80172722858B is 0.3000000000017462
2023-09-14 09:00:51,853 [main] DEBUG balancer.ContainerBalancerTask (ContainerBalancerTask.java:initializeIteration(398)) - Utilization for node c3dbb107-9225-42c7-bd9d-68a8fe900965 with capacity 187904819200B, used 37580963840B, and remaining 150323855360B is 0.2
2023-09-14 09:00:51,853 [main] DEBUG balancer.ContainerBalancerTask (ContainerBalancerTask.java:initializeIteration(398)) - Utilization for node 250eb2c8-682b-4b3a-a83a-e00ac03e249d with capacity 354334801920B, used 35433480192B, and remaining 318901321728B is 0.1
2023-09-14 09:00:51,853 [main] DEBUG balancer.ContainerBalancerTask (ContainerBalancerTask.java:initializeIteration(398)) - Utilization for node 86b781ac-681d-4737-af9f-2dbbe676040f with capacity 22548578304B, used 0B, and remaining 22548578304B is 0.0
2023-09-14 09:00:51,853 [main] INFO  balancer.ContainerBalancerTask (ContainerBalancerTask.java:initializeIteration(447)) - Container Balancer has identified 1 Over-Utilized and 0 Under-Utilized Datanodes that need to be balanced.
2023-09-14 09:00:51,853 [main] DEBUG balancer.ContainerBalancerTask (ContainerBalancerTask.java:lambda$initializeIteration$1(453)) - Datanode localhost-192.57.233.171 1900701f-e253-4cdd-ab6a-c712c592a450 is Over-Utilized.
2023-09-14 09:00:51,855 [main] DEBUG balancer.ContainerBalancerTask (ContainerBalancerTask.java:matchSourceWithTarget(708)) - ContainerBalancer is finding suitable target for source datanode 1900701f-e253-4cdd-ab6a-c712c592a450
2023-09-14 09:00:51,855 [main] INFO  balancer.FindTargetGreedyByUsageInfo (AbstractFindTargetGreedy.java:findTargetForContainerMove(133)) - Container Balancer could not find a target for source datanode 1900701f-e253-4cdd-ab6a-c712c592a450
2023-09-14 09:00:51,856 [main] DEBUG balancer.ContainerBalancerTask (ContainerBalancerTask.java:matchSourceWithTarget(717)) - ContainerBalancer could not find a suitable target for source node 1900701f-e253-4cdd-ab6a-c712c592a450.
2023-09-14 09:00:51,856 [main] INFO  balancer.FindSourceGreedy (FindSourceGreedy.java:getNextCandidateSourceDataNode(126)) - no more candidate source data node
2023-09-14 09:00:51,856 [main] INFO  balancer.ContainerBalancerTask (ContainerBalancerTask.java:balance(259)) - Result of this iteration of Container Balancer: CAN_NOT_BALANCE_ANY_MORE
2023-09-14 09:00:51,856 [main] INFO  balancer.ContainerBalancerTask (ContainerBalancerTask.java:tryStopWithSaveConfiguration(308)) - Save Configuration for stopping. Reason: CAN_NOT_BALANCE_ANY_MORE
2023-09-14 09:00:51,856 [main] DEBUG balancer.ContainerBalancerTask (ContainerBalancerTask.java:initializeIteration(374)) - Average utilization of the cluster is 0.3407892738599359
2023-09-14 09:00:51,857 [main] DEBUG balancer.ContainerBalancerTask (ContainerBalancerTask.java:initializeIteration(386)) - Lower limit for utilization is -0.3520466081240056 and Upper limit for utilization is 1.0336251558438774
2023-09-14 09:00:51,857 [main] DEBUG balancer.ContainerBalancerTask (ContainerBalancerTask.java:initializeIteration(398)) - Utilization for node 1900701f-e253-4cdd-ab6a-c712c592a450 with capacity 57266230613B, used 51539607552B, and remaining 5726623061B is 0.9000000000052387
2023-09-14 09:00:51,857 [main] DEBUG balancer.ContainerBalancerTask (ContainerBalancerTask.java:initializeIteration(398)) - Utilization for node b2410ec6-bcc1-4c4b-b620-7ec872c2fe8e with capacity 45634027520B, used 36507222016B, and remaining 9126805504B is 0.8
2023-09-14 09:00:51,857 [main] DEBUG balancer.ContainerBalancerTask (ContainerBalancerTask.java:initializeIteration(398)) - Utilization for node 91d2078e-5a22-4e36-bbfb-501cc119c99c with capacity 69026260114B, used 48318382080B, and remaining 20707878034B is 0.7000000000028974
2023-09-14 09:00:51,857 [main] DEBUG balancer.ContainerBalancerTask (ContainerBalancerTask.java:initializeIteration(398)) - Utilization for node f566b4e4-cbfe-4faf-a56a-ea8079f0a6aa with capacity 76951497386B, used 46170898432B, and remaining 30780598954B is 0.600000000005198
2023-09-14 09:00:51,857 [main] DEBUG balancer.ContainerBalancerTask (ContainerBalancerTask.java:initializeIteration(398)) - Utilization for node 590d5e92-d535-41c5-a6c4-4c98d164c5ff with capacity 115964116992B, used 57982058496B, and remaining 57982058496B is 0.5
2023-09-14 09:00:51,857 [main] DEBUG balancer.ContainerBalancerTask (ContainerBalancerTask.java:initializeIteration(398)) - Utilization for node af525658-3b6e-4170-aa4a-4569182def5e with capacity 134217728000B, used 53687091200B, and remaining 80530636800B is 0.4
2023-09-14 09:00:51,857 [main] DEBUG balancer.ContainerBalancerTask (ContainerBalancerTask.java:initializeIteration(398)) - Utilization for node 86ea1744-2c30-43c3-bbe6-07005c6b0bce with capacity 114532461226B, used 34359738368B, and remaining 80172722858B is 0.3000000000017462
2023-09-14 09:00:51,857 [main] DEBUG balancer.ContainerBalancerTask (ContainerBalancerTask.java:initializeIteration(398)) - Utilization for node c3dbb107-9225-42c7-bd9d-68a8fe900965 with capacity 187904819200B, used 37580963840B, and remaining 150323855360B is 0.2
2023-09-14 09:00:51,857 [main] DEBUG balancer.ContainerBalancerTask (ContainerBalancerTask.java:initializeIteration(398)) - Utilization for node 250eb2c8-682b-4b3a-a83a-e00ac03e249d with capacity 354334801920B, used 35433480192B, and remaining 318901321728B is 0.1
2023-09-14 09:00:51,857 [main] DEBUG balancer.ContainerBalancerTask (ContainerBalancerTask.java:initializeIteration(398)) - Utilization for node 86b781ac-681d-4737-af9f-2dbbe676040f with capacity 22548578304B, used 0B, and remaining 22548578304B is 0.0
2023-09-14 09:00:51,857 [main] INFO  balancer.ContainerBalancerTask (ContainerBalancerTask.java:initializeIteration(443)) - Did not find any unbalanced Datanodes.
2023-09-14 09:00:51,858 [main] INFO  balancer.ContainerBalancerTask (ContainerBalancerTask.java:tryStopWithSaveConfiguration(308)) - Save Configuration for stopping. Reason: Could not initialize ContainerBalancer's iteration number 0
2023-09-14 09:00:51,859 [main] DEBUG balancer.ContainerBalancerTask (ContainerBalancerTask.java:initializeIteration(374)) - Average utilization of the cluster is 0.3407892738599359
2023-09-14 09:00:51,859 [main] DEBUG balancer.ContainerBalancerTask (ContainerBalancerTask.java:initializeIteration(386)) - Lower limit for utilization is -0.5899092625850413 and Upper limit for utilization is 1.271487810304913
2023-09-14 09:00:51,859 [main] DEBUG balancer.ContainerBalancerTask (ContainerBalancerTask.java:initializeIteration(398)) - Utilization for node 1900701f-e253-4cdd-ab6a-c712c592a450 with capacity 57266230613B, used 51539607552B, and remaining 5726623061B is 0.9000000000052387
2023-09-14 09:00:51,859 [main] DEBUG balancer.ContainerBalancerTask (ContainerBalancerTask.java:initializeIteration(398)) - Utilization for node b2410ec6-bcc1-4c4b-b620-7ec872c2fe8e with capacity 45634027520B, used 36507222016B, and remaining 9126805504B is 0.8
2023-09-14 09:00:51,859 [main] DEBUG balancer.ContainerBalancerTask (ContainerBalancerTask.java:initializeIteration(398)) - Utilization for node 91d2078e-5a22-4e36-bbfb-501cc119c99c with capacity 69026260114B, used 48318382080B, and remaining 20707878034B is 0.7000000000028974
2023-09-14 09:00:51,859 [main] DEBUG balancer.ContainerBalancerTask (ContainerBalancerTask.java:initializeIteration(398)) - Utilization for node f566b4e4-cbfe-4faf-a56a-ea8079f0a6aa with capacity 76951497386B, used 46170898432B, and remaining 30780598954B is 0.600000000005198
2023-09-14 09:00:51,859 [main] DEBUG balancer.ContainerBalancerTask (ContainerBalancerTask.java:initializeIteration(398)) - Utilization for node 590d5e92-d535-41c5-a6c4-4c98d164c5ff with capacity 115964116992B, used 57982058496B, and remaining 57982058496B is 0.5
2023-09-14 09:00:51,860 [main] DEBUG balancer.ContainerBalancerTask (ContainerBalancerTask.java:initializeIteration(398)) - Utilization for node af525658-3b6e-4170-aa4a-4569182def5e with capacity 134217728000B, used 53687091200B, and remaining 80530636800B is 0.4
2023-09-14 09:00:51,860 [main] DEBUG balancer.ContainerBalancerTask (ContainerBalancerTask.java:initializeIteration(398)) - Utilization for node 86ea1744-2c30-43c3-bbe6-07005c6b0bce with capacity 114532461226B, used 34359738368B, and remaining 80172722858B is 0.3000000000017462
2023-09-14 09:00:51,860 [main] DEBUG balancer.ContainerBalancerTask (ContainerBalancerTask.java:initializeIteration(398)) - Utilization for node c3dbb107-9225-42c7-bd9d-68a8fe900965 with capacity 187904819200B, used 37580963840B, and remaining 150323855360B is 0.2
2023-09-14 09:00:51,860 [main] DEBUG balancer.ContainerBalancerTask (ContainerBalancerTask.java:initializeIteration(398)) - Utilization for node 250eb2c8-682b-4b3a-a83a-e00ac03e249d with capacity 354334801920B, used 35433480192B, and remaining 318901321728B is 0.1
2023-09-14 09:00:51,860 [main] DEBUG balancer.ContainerBalancerTask (ContainerBalancerTask.java:initializeIteration(398)) - Utilization for node 86b781ac-681d-4737-af9f-2dbbe676040f with capacity 22548578304B, used 0B, and remaining 22548578304B is 0.0
2023-09-14 09:00:51,860 [main] INFO  balancer.ContainerBalancerTask (ContainerBalancerTask.java:initializeIteration(443)) - Did not find any unbalanced Datanodes.
2023-09-14 09:00:51,860 [main] INFO  balancer.ContainerBalancerTask (ContainerBalancerTask.java:tryStopWithSaveConfiguration(308)) - Save Configuration for stopping. Reason: Could not initialize ContainerBalancer's iteration number 0
2023-09-14 09:00:51,861 [main] DEBUG balancer.ContainerBalancerTask (ContainerBalancerTask.java:initializeIteration(374)) - Average utilization of the cluster is 0.3407892738599359
2023-09-14 09:00:51,861 [main] DEBUG balancer.ContainerBalancerTask (ContainerBalancerTask.java:initializeIteration(386)) - Lower limit for utilization is -0.20830193255426094 and Upper limit for utilization is 0.8898804802741327
2023-09-14 09:00:51,861 [main] DEBUG balancer.ContainerBalancerTask (ContainerBalancerTask.java:initializeIteration(398)) - Utilization for node 1900701f-e253-4cdd-ab6a-c712c592a450 with capacity 57266230613B, used 51539607552B, and remaining 5726623061B is 0.9000000000052387
2023-09-14 09:00:51,861 [main] DEBUG balancer.ContainerBalancerTask (ContainerBalancerTask.java:initializeIteration(398)) - Utilization for node b2410ec6-bcc1-4c4b-b620-7ec872c2fe8e with capacity 45634027520B, used 36507222016B, and remaining 9126805504B is 0.8
2023-09-14 09:00:51,861 [main] DEBUG balancer.ContainerBalancerTask (ContainerBalancerTask.java:initializeIteration(398)) - Utilization for node 91d2078e-5a22-4e36-bbfb-501cc119c99c with capacity 69026260114B, used 48318382080B, and remaining 20707878034B is 0.7000000000028974
2023-09-14 09:00:51,861 [main] DEBUG balancer.ContainerBalancerTask (ContainerBalancerTask.java:initializeIteration(398)) - Utilization for node f566b4e4-cbfe-4faf-a56a-ea8079f0a6aa with capacity 76951497386B, used 46170898432B, and remaining 30780598954B is 0.600000000005198
2023-09-14 09:00:51,861 [main] DEBUG balancer.ContainerBalancerTask (ContainerBalancerTask.java:initializeIteration(398)) - Utilization for node 590d5e92-d535-41c5-a6c4-4c98d164c5ff with capacity 115964116992B, used 57982058496B, and remaining 57982058496B is 0.5
2023-09-14 09:00:51,861 [main] DEBUG balancer.ContainerBalancerTask (ContainerBalancerTask.java:initializeIteration(398)) - Utilization for node af525658-3b6e-4170-aa4a-4569182def5e with capacity 134217728000B, used 53687091200B, and remaining 80530636800B is 0.4
2023-09-14 09:00:51,861 [main] DEBUG balancer.ContainerBalancerTask (ContainerBalancerTask.java:initializeIteration(398)) - Utilization for node 86ea1744-2c30-43c3-bbe6-07005c6b0bce with capacity 114532461226B, used 34359738368B, and remaining 80172722858B is 0.3000000000017462
2023-09-14 09:00:51,861 [main] DEBUG balancer.ContainerBalancerTask (ContainerBalancerTask.java:initializeIteration(398)) - Utilization for node c3dbb107-9225-42c7-bd9d-68a8fe900965 with capacity 187904819200B, used 37580963840B, and remaining 150323855360B is 0.2
2023-09-14 09:00:51,862 [main] DEBUG balancer.ContainerBalancerTask (ContainerBalancerTask.java:initializeIteration(398)) - Utilization for node 250eb2c8-682b-4b3a-a83a-e00ac03e249d with capacity 354334801920B, used 35433480192B, and remaining 318901321728B is 0.1
2023-09-14 09:00:51,862 [main] DEBUG balancer.ContainerBalancerTask (ContainerBalancerTask.java:initializeIteration(398)) - Utilization for node 86b781ac-681d-4737-af9f-2dbbe676040f with capacity 22548578304B, used 0B, and remaining 22548578304B is 0.0
2023-09-14 09:00:51,862 [main] INFO  balancer.ContainerBalancerTask (ContainerBalancerTask.java:initializeIteration(447)) - Container Balancer has identified 1 Over-Utilized and 0 Under-Utilized Datanodes that need to be balanced.
2023-09-14 09:00:51,862 [main] DEBUG balancer.ContainerBalancerTask (ContainerBalancerTask.java:lambda$initializeIteration$1(453)) - Datanode localhost-192.57.233.171 1900701f-e253-4cdd-ab6a-c712c592a450 is Over-Utilized.
2023-09-14 09:00:51,864 [main] DEBUG balancer.ContainerBalancerTask (ContainerBalancerTask.java:matchSourceWithTarget(708)) - ContainerBalancer is finding suitable target for source datanode 1900701f-e253-4cdd-ab6a-c712c592a450
2023-09-14 09:00:51,864 [main] INFO  balancer.FindTargetGreedyByUsageInfo (AbstractFindTargetGreedy.java:findTargetForContainerMove(133)) - Container Balancer could not find a target for source datanode 1900701f-e253-4cdd-ab6a-c712c592a450
2023-09-14 09:00:51,864 [main] DEBUG balancer.ContainerBalancerTask (ContainerBalancerTask.java:matchSourceWithTarget(717)) - ContainerBalancer could not find a suitable target for source node 1900701f-e253-4cdd-ab6a-c712c592a450.
2023-09-14 09:00:51,864 [main] INFO  balancer.FindSourceGreedy (FindSourceGreedy.java:getNextCandidateSourceDataNode(126)) - no more candidate source data node
2023-09-14 09:00:51,864 [main] INFO  balancer.ContainerBalancerTask (ContainerBalancerTask.java:balance(259)) - Result of this iteration of Container Balancer: CAN_NOT_BALANCE_ANY_MORE
2023-09-14 09:00:51,865 [main] INFO  balancer.ContainerBalancerTask (ContainerBalancerTask.java:tryStopWithSaveConfiguration(308)) - Save Configuration for stopping. Reason: CAN_NOT_BALANCE_ANY_MORE
2023-09-14 09:00:51,865 [main] DEBUG balancer.ContainerBalancerTask (ContainerBalancerTask.java:initializeIteration(374)) - Average utilization of the cluster is 0.3407892738599359
2023-09-14 09:00:51,865 [main] DEBUG balancer.ContainerBalancerTask (ContainerBalancerTask.java:initializeIteration(386)) - Lower limit for utilization is -0.17263420172492078 and Upper limit for utilization is 0.8542127494447926
2023-09-14 09:00:51,865 [main] DEBUG balancer.ContainerBalancerTask (ContainerBalancerTask.java:initializeIteration(398)) - Utilization for node 1900701f-e253-4cdd-ab6a-c712c592a450 with capacity 57266230613B, used 51539607552B, and remaining 5726623061B is 0.9000000000052387
2023-09-14 09:00:51,865 [main] DEBUG balancer.ContainerBalancerTask (ContainerBalancerTask.java:initializeIteration(398)) - Utilization for node b2410ec6-bcc1-4c4b-b620-7ec872c2fe8e with capacity 45634027520B, used 36507222016B, and remaining 9126805504B is 0.8
2023-09-14 09:00:51,866 [main] DEBUG balancer.ContainerBalancerTask (ContainerBalancerTask.java:initializeIteration(398)) - Utilization for node 91d2078e-5a22-4e36-bbfb-501cc119c99c with capacity 69026260114B, used 48318382080B, and remaining 20707878034B is 0.7000000000028974
2023-09-14 09:00:51,866 [main] DEBUG balancer.ContainerBalancerTask (ContainerBalancerTask.java:initializeIteration(398)) - Utilization for node f566b4e4-cbfe-4faf-a56a-ea8079f0a6aa with capacity 76951497386B, used 46170898432B, and remaining 30780598954B is 0.600000000005198
2023-09-14 09:00:51,866 [main] DEBUG balancer.ContainerBalancerTask (ContainerBalancerTask.java:initializeIteration(398)) - Utilization for node 590d5e92-d535-41c5-a6c4-4c98d164c5ff with capacity 115964116992B, used 57982058496B, and remaining 57982058496B is 0.5
2023-09-14 09:00:51,866 [main] DEBUG balancer.ContainerBalancerTask (ContainerBalancerTask.java:initializeIteration(398)) - Utilization for node af525658-3b6e-4170-aa4a-4569182def5e with capacity 134217728000B, used 53687091200B, and remaining 80530636800B is 0.4
2023-09-14 09:00:51,866 [main] DEBUG balancer.ContainerBalancerTask (ContainerBalancerTask.java:initializeIteration(398)) - Utilization for node 86ea1744-2c30-43c3-bbe6-07005c6b0bce with capacity 114532461226B, used 34359738368B, and remaining 80172722858B is 0.3000000000017462
2023-09-14 09:00:51,866 [main] DEBUG balancer.ContainerBalancerTask (ContainerBalancerTask.java:initializeIteration(398)) - Utilization for node c3dbb107-9225-42c7-bd9d-68a8fe900965 with capacity 187904819200B, used 37580963840B, and remaining 150323855360B is 0.2
2023-09-14 09:00:51,866 [main] DEBUG balancer.ContainerBalancerTask (ContainerBalancerTask.java:initializeIteration(398)) - Utilization for node 250eb2c8-682b-4b3a-a83a-e00ac03e249d with capacity 354334801920B, used 35433480192B, and remaining 318901321728B is 0.1
2023-09-14 09:00:51,866 [main] DEBUG balancer.ContainerBalancerTask (ContainerBalancerTask.java:initializeIteration(398)) - Utilization for node 86b781ac-681d-4737-af9f-2dbbe676040f with capacity 22548578304B, used 0B, and remaining 22548578304B is 0.0
2023-09-14 09:00:51,866 [main] INFO  balancer.ContainerBalancerTask (ContainerBalancerTask.java:initializeIteration(447)) - Container Balancer has identified 1 Over-Utilized and 0 Under-Utilized Datanodes that need to be balanced.
2023-09-14 09:00:51,866 [main] DEBUG balancer.ContainerBalancerTask (ContainerBalancerTask.java:lambda$initializeIteration$1(453)) - Datanode localhost-192.57.233.171 1900701f-e253-4cdd-ab6a-c712c592a450 is Over-Utilized.
2023-09-14 09:00:51,869 [main] DEBUG balancer.ContainerBalancerTask (ContainerBalancerTask.java:matchSourceWithTarget(708)) - ContainerBalancer is finding suitable target for source datanode 1900701f-e253-4cdd-ab6a-c712c592a450
2023-09-14 09:00:51,869 [main] INFO  balancer.FindTargetGreedyByUsageInfo (AbstractFindTargetGreedy.java:findTargetForContainerMove(133)) - Container Balancer could not find a target for source datanode 1900701f-e253-4cdd-ab6a-c712c592a450
2023-09-14 09:00:51,869 [main] DEBUG balancer.ContainerBalancerTask (ContainerBalancerTask.java:matchSourceWithTarget(717)) - ContainerBalancer could not find a suitable target for source node 1900701f-e253-4cdd-ab6a-c712c592a450.
2023-09-14 09:00:51,869 [main] INFO  balancer.FindSourceGreedy (FindSourceGreedy.java:getNextCandidateSourceDataNode(126)) - no more candidate source data node
2023-09-14 09:00:51,869 [main] INFO  balancer.ContainerBalancerTask (ContainerBalancerTask.java:balance(259)) - Result of this iteration of Container Balancer: CAN_NOT_BALANCE_ANY_MORE
2023-09-14 09:00:51,869 [main] INFO  balancer.ContainerBalancerTask (ContainerBalancerTask.java:tryStopWithSaveConfiguration(308)) - Save Configuration for stopping. Reason: CAN_NOT_BALANCE_ANY_MORE
2023-09-14 09:00:51,870 [main] DEBUG balancer.ContainerBalancerTask (ContainerBalancerTask.java:initializeIteration(374)) - Average utilization of the cluster is 0.3407892738599359
2023-09-14 09:00:51,870 [main] DEBUG balancer.ContainerBalancerTask (ContainerBalancerTask.java:initializeIteration(386)) - Lower limit for utilization is -0.4309782320056231 and Upper limit for utilization is 1.112556779725495
2023-09-14 09:00:51,870 [main] DEBUG balancer.ContainerBalancerTask (ContainerBalancerTask.java:initializeIteration(398)) - Utilization for node 1900701f-e253-4cdd-ab6a-c712c592a450 with capacity 57266230613B, used 51539607552B, and remaining 5726623061B is 0.9000000000052387
2023-09-14 09:00:51,870 [main] DEBUG balancer.ContainerBalancerTask (ContainerBalancerTask.java:initializeIteration(398)) - Utilization for node b2410ec6-bcc1-4c4b-b620-7ec872c2fe8e with capacity 45634027520B, used 36507222016B, and remaining 9126805504B is 0.8
2023-09-14 09:00:51,870 [main] DEBUG balancer.ContainerBalancerTask (ContainerBalancerTask.java:initializeIteration(398)) - Utilization for node 91d2078e-5a22-4e36-bbfb-501cc119c99c with capacity 69026260114B, used 48318382080B, and remaining 20707878034B is 0.7000000000028974
2023-09-14 09:00:51,870 [main] DEBUG balancer.ContainerBalancerTask (ContainerBalancerTask.java:initializeIteration(398)) - Utilization for node f566b4e4-cbfe-4faf-a56a-ea8079f0a6aa with capacity 76951497386B, used 46170898432B, and remaining 30780598954B is 0.600000000005198
2023-09-14 09:00:51,870 [main] DEBUG balancer.ContainerBalancerTask (ContainerBalancerTask.java:initializeIteration(398)) - Utilization for node 590d5e92-d535-41c5-a6c4-4c98d164c5ff with capacity 115964116992B, used 57982058496B, and remaining 57982058496B is 0.5
2023-09-14 09:00:51,870 [main] DEBUG balancer.ContainerBalancerTask (ContainerBalancerTask.java:initializeIteration(398)) - Utilization for node af525658-3b6e-4170-aa4a-4569182def5e with capacity 134217728000B, used 53687091200B, and remaining 80530636800B is 0.4
2023-09-14 09:00:51,870 [main] DEBUG balancer.ContainerBalancerTask (ContainerBalancerTask.java:initializeIteration(398)) - Utilization for node 86ea1744-2c30-43c3-bbe6-07005c6b0bce with capacity 114532461226B, used 34359738368B, and remaining 80172722858B is 0.3000000000017462
2023-09-14 09:00:51,870 [main] DEBUG balancer.ContainerBalancerTask (ContainerBalancerTask.java:initializeIteration(398)) - Utilization for node c3dbb107-9225-42c7-bd9d-68a8fe900965 with capacity 187904819200B, used 37580963840B, and remaining 150323855360B is 0.2
2023-09-14 09:00:51,870 [main] DEBUG balancer.ContainerBalancerTask (ContainerBalancerTask.java:initializeIteration(398)) - Utilization for node 250eb2c8-682b-4b3a-a83a-e00ac03e249d with capacity 354334801920B, used 35433480192B, and remaining 318901321728B is 0.1
2023-09-14 09:00:51,871 [main] DEBUG balancer.ContainerBalancerTask (ContainerBalancerTask.java:initializeIteration(398)) - Utilization for node 86b781ac-681d-4737-af9f-2dbbe676040f with capacity 22548578304B, used 0B, and remaining 22548578304B is 0.0
2023-09-14 09:00:51,871 [main] INFO  balancer.ContainerBalancerTask (ContainerBalancerTask.java:initializeIteration(443)) - Did not find any unbalanced Datanodes.
2023-09-14 09:00:51,871 [main] INFO  balancer.ContainerBalancerTask (ContainerBalancerTask.java:tryStopWithSaveConfiguration(308)) - Save Configuration for stopping. Reason: Could not initialize ContainerBalancer's iteration number 0
2023-09-14 09:00:51,871 [main] DEBUG balancer.ContainerBalancerTask (ContainerBalancerTask.java:initializeIteration(374)) - Average utilization of the cluster is 0.3407892738599359
2023-09-14 09:00:51,871 [main] DEBUG balancer.ContainerBalancerTask (ContainerBalancerTask.java:initializeIteration(386)) - Lower limit for utilization is -0.4785764415456684 and Upper limit for utilization is 1.1601549892655403
2023-09-14 09:00:51,872 [main] DEBUG balancer.ContainerBalancerTask (ContainerBalancerTask.java:initializeIteration(398)) - Utilization for node 1900701f-e253-4cdd-ab6a-c712c592a450 with capacity 57266230613B, used 51539607552B, and remaining 5726623061B is 0.9000000000052387
2023-09-14 09:00:51,872 [main] DEBUG balancer.ContainerBalancerTask (ContainerBalancerTask.java:initializeIteration(398)) - Utilization for node b2410ec6-bcc1-4c4b-b620-7ec872c2fe8e with capacity 45634027520B, used 36507222016B, and remaining 9126805504B is 0.8
2023-09-14 09:00:51,872 [main] DEBUG balancer.ContainerBalancerTask (ContainerBalancerTask.java:initializeIteration(398)) - Utilization for node 91d2078e-5a22-4e36-bbfb-501cc119c99c with capacity 69026260114B, used 48318382080B, and remaining 20707878034B is 0.7000000000028974
2023-09-14 09:00:51,872 [main] DEBUG balancer.ContainerBalancerTask (ContainerBalancerTask.java:initializeIteration(398)) - Utilization for node f566b4e4-cbfe-4faf-a56a-ea8079f0a6aa with capacity 76951497386B, used 46170898432B, and remaining 30780598954B is 0.600000000005198
2023-09-14 09:00:51,872 [main] DEBUG balancer.ContainerBalancerTask (ContainerBalancerTask.java:initializeIteration(398)) - Utilization for node 590d5e92-d535-41c5-a6c4-4c98d164c5ff with capacity 115964116992B, used 57982058496B, and remaining 57982058496B is 0.5
2023-09-14 09:00:51,872 [main] DEBUG balancer.ContainerBalancerTask (ContainerBalancerTask.java:initializeIteration(398)) - Utilization for node af525658-3b6e-4170-aa4a-4569182def5e with capacity 134217728000B, used 53687091200B, and remaining 80530636800B is 0.4
2023-09-14 09:00:51,872 [main] DEBUG balancer.ContainerBalancerTask (ContainerBalancerTask.java:initializeIteration(398)) - Utilization for node 86ea1744-2c30-43c3-bbe6-07005c6b0bce with capacity 114532461226B, used 34359738368B, and remaining 80172722858B is 0.3000000000017462
2023-09-14 09:00:51,872 [main] DEBUG balancer.ContainerBalancerTask (ContainerBalancerTask.java:initializeIteration(398)) - Utilization for node c3dbb107-9225-42c7-bd9d-68a8fe900965 with capacity 187904819200B, used 37580963840B, and remaining 150323855360B is 0.2
2023-09-14 09:00:51,872 [main] DEBUG balancer.ContainerBalancerTask (ContainerBalancerTask.java:initializeIteration(398)) - Utilization for node 250eb2c8-682b-4b3a-a83a-e00ac03e249d with capacity 354334801920B, used 35433480192B, and remaining 318901321728B is 0.1
2023-09-14 09:00:51,872 [main] DEBUG balancer.ContainerBalancerTask (ContainerBalancerTask.java:initializeIteration(398)) - Utilization for node 86b781ac-681d-4737-af9f-2dbbe676040f with capacity 22548578304B, used 0B, and remaining 22548578304B is 0.0
2023-09-14 09:00:51,872 [main] INFO  balancer.ContainerBalancerTask (ContainerBalancerTask.java:initializeIteration(443)) - Did not find any unbalanced Datanodes.
2023-09-14 09:00:51,873 [main] INFO  balancer.ContainerBalancerTask (ContainerBalancerTask.java:tryStopWithSaveConfiguration(308)) - Save Configuration for stopping. Reason: Could not initialize ContainerBalancer's iteration number 0
2023-09-14 09:00:51,873 [main] DEBUG balancer.ContainerBalancerTask (ContainerBalancerTask.java:initializeIteration(374)) - Average utilization of the cluster is 0.3407892738599359
2023-09-14 09:00:51,873 [main] DEBUG balancer.ContainerBalancerTask (ContainerBalancerTask.java:initializeIteration(386)) - Lower limit for utilization is 0.08918050180383325 and Upper limit for utilization is 0.5923980459160385
2023-09-14 09:00:51,873 [main] DEBUG balancer.ContainerBalancerTask (ContainerBalancerTask.java:initializeIteration(398)) - Utilization for node 1900701f-e253-4cdd-ab6a-c712c592a450 with capacity 57266230613B, used 51539607552B, and remaining 5726623061B is 0.9000000000052387
2023-09-14 09:00:51,873 [main] DEBUG balancer.ContainerBalancerTask (ContainerBalancerTask.java:initializeIteration(398)) - Utilization for node b2410ec6-bcc1-4c4b-b620-7ec872c2fe8e with capacity 45634027520B, used 36507222016B, and remaining 9126805504B is 0.8
2023-09-14 09:00:51,873 [main] DEBUG balancer.ContainerBalancerTask (ContainerBalancerTask.java:initializeIteration(398)) - Utilization for node 91d2078e-5a22-4e36-bbfb-501cc119c99c with capacity 69026260114B, used 48318382080B, and remaining 20707878034B is 0.7000000000028974
2023-09-14 09:00:51,874 [main] DEBUG balancer.ContainerBalancerTask (ContainerBalancerTask.java:initializeIteration(398)) - Utilization for node f566b4e4-cbfe-4faf-a56a-ea8079f0a6aa with capacity 76951497386B, used 46170898432B, and remaining 30780598954B is 0.600000000005198
2023-09-14 09:00:51,874 [main] DEBUG balancer.ContainerBalancerTask (ContainerBalancerTask.java:initializeIteration(398)) - Utilization for node 590d5e92-d535-41c5-a6c4-4c98d164c5ff with capacity 115964116992B, used 57982058496B, and remaining 57982058496B is 0.5
2023-09-14 09:00:51,874 [main] DEBUG balancer.ContainerBalancerTask (ContainerBalancerTask.java:initializeIteration(398)) - Utilization for node af525658-3b6e-4170-aa4a-4569182def5e with capacity 134217728000B, used 53687091200B, and remaining 80530636800B is 0.4
2023-09-14 09:00:51,874 [main] DEBUG balancer.ContainerBalancerTask (ContainerBalancerTask.java:initializeIteration(398)) - Utilization for node 86ea1744-2c30-43c3-bbe6-07005c6b0bce with capacity 114532461226B, used 34359738368B, and remaining 80172722858B is 0.3000000000017462
2023-09-14 09:00:51,874 [main] DEBUG balancer.ContainerBalancerTask (ContainerBalancerTask.java:initializeIteration(398)) - Utilization for node c3dbb107-9225-42c7-bd9d-68a8fe900965 with capacity 187904819200B, used 37580963840B, and remaining 150323855360B is 0.2
2023-09-14 09:00:51,874 [main] DEBUG balancer.ContainerBalancerTask (ContainerBalancerTask.java:initializeIteration(398)) - Utilization for node 250eb2c8-682b-4b3a-a83a-e00ac03e249d with capacity 354334801920B, used 35433480192B, and remaining 318901321728B is 0.1
2023-09-14 09:00:51,874 [main] DEBUG balancer.ContainerBalancerTask (ContainerBalancerTask.java:initializeIteration(398)) - Utilization for node 86b781ac-681d-4737-af9f-2dbbe676040f with capacity 22548578304B, used 0B, and remaining 22548578304B is 0.0
2023-09-14 09:00:51,874 [main] INFO  balancer.ContainerBalancerTask (ContainerBalancerTask.java:initializeIteration(447)) - Container Balancer has identified 4 Over-Utilized and 1 Under-Utilized Datanodes that need to be balanced.
2023-09-14 09:00:51,874 [main] DEBUG balancer.ContainerBalancerTask (ContainerBalancerTask.java:lambda$initializeIteration$1(453)) - Datanode localhost-192.57.233.171 1900701f-e253-4cdd-ab6a-c712c592a450 is Over-Utilized.
2023-09-14 09:00:51,874 [main] DEBUG balancer.ContainerBalancerTask (ContainerBalancerTask.java:lambda$initializeIteration$1(453)) - Datanode localhost-219.238.93.19 b2410ec6-bcc1-4c4b-b620-7ec872c2fe8e is Over-Utilized.
2023-09-14 09:00:51,874 [main] DEBUG balancer.ContainerBalancerTask (ContainerBalancerTask.java:lambda$initializeIteration$1(453)) - Datanode localhost-99.121.120.236 91d2078e-5a22-4e36-bbfb-501cc119c99c is Over-Utilized.
2023-09-14 09:00:51,875 [main] DEBUG balancer.ContainerBalancerTask (ContainerBalancerTask.java:lambda$initializeIteration$1(453)) - Datanode localhost-146.28.35.242 f566b4e4-cbfe-4faf-a56a-ea8079f0a6aa is Over-Utilized.
2023-09-14 09:00:51,875 [main] DEBUG balancer.ContainerBalancerTask (ContainerBalancerTask.java:lambda$initializeIteration$2(459)) - Datanode localhost-87.39.252.231 86b781ac-681d-4737-af9f-2dbbe676040f is Under-Utilized.
2023-09-14 09:00:51,877 [main] DEBUG balancer.ContainerBalancerTask (ContainerBalancerTask.java:matchSourceWithTarget(708)) - ContainerBalancer is finding suitable target for source datanode 1900701f-e253-4cdd-ab6a-c712c592a450
2023-09-14 09:00:51,877 [main] INFO  balancer.ContainerBalancerTask (ContainerBalancerTask.java:matchSourceWithTarget(722)) - ContainerBalancer matched source datanode 1900701f-e253-4cdd-ab6a-c712c592a450 with target datanode 86b781ac-681d-4737-af9f-2dbbe676040f for container move.
2023-09-14 09:00:51,877 [main] INFO  balancer.ContainerBalancerTask (ContainerBalancerTask.java:processMoveSelection(569)) - ContainerBalancer is trying to move container #85 with size 5368709120B from source datanode 1900701f-e253-4cdd-ab6a-c712c592a450 to target datanode 86b781ac-681d-4737-af9f-2dbbe676040f
2023-09-14 09:00:51,877 [main] DEBUG balancer.ContainerBalancerTask (ContainerBalancerTask.java:lambda$moveContainer$3(837)) - Container move completed for container #85 from source 1900701f-e253-4cdd-ab6a-c712c592a450 to target 86b781ac-681d-4737-af9f-2dbbe676040f
2023-09-14 09:00:51,880 [main] DEBUG balancer.ContainerBalancerTask (ContainerBalancerTask.java:matchSourceWithTarget(708)) - ContainerBalancer is finding suitable target for source datanode 1900701f-e253-4cdd-ab6a-c712c592a450
2023-09-14 09:00:51,880 [main] INFO  balancer.ContainerBalancerTask (ContainerBalancerTask.java:matchSourceWithTarget(722)) - ContainerBalancer matched source datanode 1900701f-e253-4cdd-ab6a-c712c592a450 with target datanode 86b781ac-681d-4737-af9f-2dbbe676040f for container move.
2023-09-14 09:00:51,880 [main] INFO  balancer.ContainerBalancerTask (ContainerBalancerTask.java:processMoveSelection(569)) - ContainerBalancer is trying to move container #68 with size 5368709120B from source datanode 1900701f-e253-4cdd-ab6a-c712c592a450 to target datanode 86b781ac-681d-4737-af9f-2dbbe676040f
2023-09-14 09:00:51,880 [main] DEBUG balancer.ContainerBalancerTask (ContainerBalancerTask.java:lambda$moveContainer$3(837)) - Container move completed for container #68 from source 1900701f-e253-4cdd-ab6a-c712c592a450 to target 86b781ac-681d-4737-af9f-2dbbe676040f
2023-09-14 09:00:51,882 [main] DEBUG balancer.ContainerBalancerTask (ContainerBalancerTask.java:matchSourceWithTarget(708)) - ContainerBalancer is finding suitable target for source datanode b2410ec6-bcc1-4c4b-b620-7ec872c2fe8e
2023-09-14 09:00:51,882 [main] INFO  balancer.ContainerBalancerTask (ContainerBalancerTask.java:matchSourceWithTarget(722)) - ContainerBalancer matched source datanode b2410ec6-bcc1-4c4b-b620-7ec872c2fe8e with target datanode 86b781ac-681d-4737-af9f-2dbbe676040f for container move.
2023-09-14 09:00:51,882 [main] INFO  balancer.ContainerBalancerTask (ContainerBalancerTask.java:processMoveSelection(569)) - ContainerBalancer is trying to move container #87 with size 2147483648B from source datanode b2410ec6-bcc1-4c4b-b620-7ec872c2fe8e to target datanode 86b781ac-681d-4737-af9f-2dbbe676040f
2023-09-14 09:00:51,883 [main] DEBUG balancer.ContainerBalancerTask (ContainerBalancerTask.java:lambda$moveContainer$3(837)) - Container move completed for container #87 from source b2410ec6-bcc1-4c4b-b620-7ec872c2fe8e to target 86b781ac-681d-4737-af9f-2dbbe676040f
2023-09-14 09:00:51,884 [main] DEBUG balancer.ContainerBalancerTask (ContainerBalancerTask.java:matchSourceWithTarget(708)) - ContainerBalancer is finding suitable target for source datanode b2410ec6-bcc1-4c4b-b620-7ec872c2fe8e
2023-09-14 09:00:51,885 [main] INFO  balancer.FindTargetGreedyByUsageInfo (AbstractFindTargetGreedy.java:findTargetForContainerMove(133)) - Container Balancer could not find a target for source datanode b2410ec6-bcc1-4c4b-b620-7ec872c2fe8e
2023-09-14 09:00:51,885 [main] DEBUG balancer.ContainerBalancerTask (ContainerBalancerTask.java:matchSourceWithTarget(717)) - ContainerBalancer could not find a suitable target for source node b2410ec6-bcc1-4c4b-b620-7ec872c2fe8e.
2023-09-14 09:00:51,887 [main] DEBUG balancer.ContainerBalancerTask (ContainerBalancerTask.java:matchSourceWithTarget(708)) - ContainerBalancer is finding suitable target for source datanode 1900701f-e253-4cdd-ab6a-c712c592a450
2023-09-14 09:00:51,888 [main] INFO  balancer.FindTargetGreedyByUsageInfo (AbstractFindTargetGreedy.java:findTargetForContainerMove(133)) - Container Balancer could not find a target for source datanode 1900701f-e253-4cdd-ab6a-c712c592a450
2023-09-14 09:00:51,888 [main] DEBUG balancer.ContainerBalancerTask (ContainerBalancerTask.java:matchSourceWithTarget(717)) - ContainerBalancer could not find a suitable target for source node 1900701f-e253-4cdd-ab6a-c712c592a450.
2023-09-14 09:00:51,891 [main] DEBUG balancer.ContainerBalancerTask (ContainerBalancerTask.java:matchSourceWithTarget(708)) - ContainerBalancer is finding suitable target for source datanode 91d2078e-5a22-4e36-bbfb-501cc119c99c
2023-09-14 09:00:51,891 [main] INFO  balancer.FindTargetGreedyByUsageInfo (AbstractFindTargetGreedy.java:findTargetForContainerMove(133)) - Container Balancer could not find a target for source datanode 91d2078e-5a22-4e36-bbfb-501cc119c99c
2023-09-14 09:00:51,892 [main] DEBUG balancer.ContainerBalancerTask (ContainerBalancerTask.java:matchSourceWithTarget(717)) - ContainerBalancer could not find a suitable target for source node 91d2078e-5a22-4e36-bbfb-501cc119c99c.
2023-09-14 09:00:51,894 [main] DEBUG balancer.ContainerBalancerTask (ContainerBalancerTask.java:matchSourceWithTarget(708)) - ContainerBalancer is finding suitable target for source datanode f566b4e4-cbfe-4faf-a56a-ea8079f0a6aa
2023-09-14 09:00:51,895 [main] INFO  balancer.FindTargetGreedyByUsageInfo (AbstractFindTargetGreedy.java:findTargetForContainerMove(133)) - Container Balancer could not find a target for source datanode f566b4e4-cbfe-4faf-a56a-ea8079f0a6aa
2023-09-14 09:00:51,895 [main] DEBUG balancer.ContainerBalancerTask (ContainerBalancerTask.java:matchSourceWithTarget(717)) - ContainerBalancer could not find a suitable target for source node f566b4e4-cbfe-4faf-a56a-ea8079f0a6aa.
2023-09-14 09:00:51,895 [main] INFO  balancer.FindSourceGreedy (FindSourceGreedy.java:getNextCandidateSourceDataNode(126)) - no more candidate source data node
2023-09-14 09:00:51,895 [main] INFO  balancer.ContainerBalancerTask (ContainerBalancerTask.java:checkIterationMoveResults(642)) - Iteration Summary. Number of Datanodes involved: 3. Size moved: 12 GB (12884901888 Bytes). Number of Container moves completed: 3.
2023-09-14 09:00:51,895 [main] INFO  balancer.ContainerBalancerTask (ContainerBalancerTask.java:balance(259)) - Result of this iteration of Container Balancer: ITERATION_COMPLETED
2023-09-14 09:00:51,895 [main] INFO  balancer.ContainerBalancerTask (ContainerBalancerTask.java:tryStopWithSaveConfiguration(308)) - Save Configuration for stopping. Reason: Completed all iterations.
2023-09-14 09:00:51,896 [main] DEBUG balancer.ContainerBalancerTask (ContainerBalancerTask.java:initializeIteration(374)) - Average utilization of the cluster is 0.3407892738599359
2023-09-14 09:00:51,896 [main] DEBUG balancer.ContainerBalancerTask (ContainerBalancerTask.java:initializeIteration(386)) - Lower limit for utilization is 0.2748061319416059 and Upper limit for utilization is 0.4067724157782659
2023-09-14 09:00:51,896 [main] DEBUG balancer.ContainerBalancerTask (ContainerBalancerTask.java:initializeIteration(398)) - Utilization for node 1900701f-e253-4cdd-ab6a-c712c592a450 with capacity 57266230613B, used 51539607552B, and remaining 5726623061B is 0.9000000000052387
2023-09-14 09:00:51,896 [main] DEBUG balancer.ContainerBalancerTask (ContainerBalancerTask.java:initializeIteration(398)) - Utilization for node b2410ec6-bcc1-4c4b-b620-7ec872c2fe8e with capacity 45634027520B, used 36507222016B, and remaining 9126805504B is 0.8
2023-09-14 09:00:51,896 [main] DEBUG balancer.ContainerBalancerTask (ContainerBalancerTask.java:initializeIteration(398)) - Utilization for node 91d2078e-5a22-4e36-bbfb-501cc119c99c with capacity 69026260114B, used 48318382080B, and remaining 20707878034B is 0.7000000000028974
2023-09-14 09:00:51,896 [main] DEBUG balancer.ContainerBalancerTask (ContainerBalancerTask.java:initializeIteration(398)) - Utilization for node f566b4e4-cbfe-4faf-a56a-ea8079f0a6aa with capacity 76951497386B, used 46170898432B, and remaining 30780598954B is 0.600000000005198
2023-09-14 09:00:51,897 [main] DEBUG balancer.ContainerBalancerTask (ContainerBalancerTask.java:initializeIteration(398)) - Utilization for node 590d5e92-d535-41c5-a6c4-4c98d164c5ff with capacity 115964116992B, used 57982058496B, and remaining 57982058496B is 0.5
2023-09-14 09:00:51,897 [main] DEBUG balancer.ContainerBalancerTask (ContainerBalancerTask.java:initializeIteration(398)) - Utilization for node af525658-3b6e-4170-aa4a-4569182def5e with capacity 134217728000B, used 53687091200B, and remaining 80530636800B is 0.4
2023-09-14 09:00:51,897 [main] DEBUG balancer.ContainerBalancerTask (ContainerBalancerTask.java:initializeIteration(398)) - Utilization for node 86ea1744-2c30-43c3-bbe6-07005c6b0bce with capacity 114532461226B, used 34359738368B, and remaining 80172722858B is 0.3000000000017462
2023-09-14 09:00:51,897 [main] DEBUG balancer.ContainerBalancerTask (ContainerBalancerTask.java:initializeIteration(398)) - Utilization for node c3dbb107-9225-42c7-bd9d-68a8fe900965 with capacity 187904819200B, used 37580963840B, and remaining 150323855360B is 0.2
2023-09-14 09:00:51,897 [main] DEBUG balancer.ContainerBalancerTask (ContainerBalancerTask.java:initializeIteration(398)) - Utilization for node 250eb2c8-682b-4b3a-a83a-e00ac03e249d with capacity 354334801920B, used 35433480192B, and remaining 318901321728B is 0.1
2023-09-14 09:00:51,897 [main] DEBUG balancer.ContainerBalancerTask (ContainerBalancerTask.java:initializeIteration(398)) - Utilization for node 86b781ac-681d-4737-af9f-2dbbe676040f with capacity 22548578304B, used 0B, and remaining 22548578304B is 0.0
2023-09-14 09:00:51,897 [main] INFO  balancer.ContainerBalancerTask (ContainerBalancerTask.java:initializeIteration(447)) - Container Balancer has identified 5 Over-Utilized and 3 Under-Utilized Datanodes that need to be balanced.
2023-09-14 09:00:51,897 [main] DEBUG balancer.ContainerBalancerTask (ContainerBalancerTask.java:lambda$initializeIteration$1(453)) - Datanode localhost-192.57.233.171 1900701f-e253-4cdd-ab6a-c712c592a450 is Over-Utilized.
2023-09-14 09:00:51,897 [main] DEBUG balancer.ContainerBalancerTask (ContainerBalancerTask.java:lambda$initializeIteration$1(453)) - Datanode localhost-219.238.93.19 b2410ec6-bcc1-4c4b-b620-7ec872c2fe8e is Over-Utilized.
2023-09-14 09:00:51,897 [main] DEBUG balancer.ContainerBalancerTask (ContainerBalancerTask.java:lambda$initializeIteration$1(453)) - Datanode localhost-99.121.120.236 91d2078e-5a22-4e36-bbfb-501cc119c99c is Over-Utilized.
2023-09-14 09:00:51,897 [main] DEBUG balancer.ContainerBalancerTask (ContainerBalancerTask.java:lambda$initializeIteration$1(453)) - Datanode localhost-146.28.35.242 f566b4e4-cbfe-4faf-a56a-ea8079f0a6aa is Over-Utilized.
2023-09-14 09:00:51,897 [main] DEBUG balancer.ContainerBalancerTask (ContainerBalancerTask.java:lambda$initializeIteration$1(453)) - Datanode localhost-90.110.176.165 590d5e92-d535-41c5-a6c4-4c98d164c5ff is Over-Utilized.
2023-09-14 09:00:51,898 [main] DEBUG balancer.ContainerBalancerTask (ContainerBalancerTask.java:lambda$initializeIteration$2(459)) - Datanode localhost-87.39.252.231 86b781ac-681d-4737-af9f-2dbbe676040f is Under-Utilized.
2023-09-14 09:00:51,898 [main] DEBUG balancer.ContainerBalancerTask (ContainerBalancerTask.java:lambda$initializeIteration$2(459)) - Datanode localhost-159.229.126.231 250eb2c8-682b-4b3a-a83a-e00ac03e249d is Under-Utilized.
2023-09-14 09:00:51,898 [main] DEBUG balancer.ContainerBalancerTask (ContainerBalancerTask.java:lambda$initializeIteration$2(459)) - Datanode localhost-177.109.90.208 c3dbb107-9225-42c7-bd9d-68a8fe900965 is Under-Utilized.
2023-09-14 09:00:51,900 [main] DEBUG balancer.ContainerBalancerTask (ContainerBalancerTask.java:matchSourceWithTarget(708)) - ContainerBalancer is finding suitable target for source datanode 1900701f-e253-4cdd-ab6a-c712c592a450
2023-09-14 09:00:51,900 [main] INFO  balancer.ContainerBalancerTask (ContainerBalancerTask.java:matchSourceWithTarget(722)) - ContainerBalancer matched source datanode 1900701f-e253-4cdd-ab6a-c712c592a450 with target datanode 86b781ac-681d-4737-af9f-2dbbe676040f for container move.
2023-09-14 09:00:51,900 [main] INFO  balancer.ContainerBalancerTask (ContainerBalancerTask.java:processMoveSelection(569)) - ContainerBalancer is trying to move container #85 with size 5368709120B from source datanode 1900701f-e253-4cdd-ab6a-c712c592a450 to target datanode 86b781ac-681d-4737-af9f-2dbbe676040f
2023-09-14 09:00:51,900 [main] DEBUG balancer.ContainerBalancerTask (ContainerBalancerTask.java:lambda$moveContainer$3(837)) - Container move completed for container #85 from source 1900701f-e253-4cdd-ab6a-c712c592a450 to target 86b781ac-681d-4737-af9f-2dbbe676040f
2023-09-14 09:00:51,903 [main] DEBUG balancer.ContainerBalancerTask (ContainerBalancerTask.java:matchSourceWithTarget(708)) - ContainerBalancer is finding suitable target for source datanode 1900701f-e253-4cdd-ab6a-c712c592a450
2023-09-14 09:00:51,903 [main] INFO  balancer.ContainerBalancerTask (ContainerBalancerTask.java:matchSourceWithTarget(722)) - ContainerBalancer matched source datanode 1900701f-e253-4cdd-ab6a-c712c592a450 with target datanode 250eb2c8-682b-4b3a-a83a-e00ac03e249d for container move.
2023-09-14 09:00:51,903 [main] INFO  balancer.ContainerBalancerTask (ContainerBalancerTask.java:processMoveSelection(569)) - ContainerBalancer is trying to move container #68 with size 5368709120B from source datanode 1900701f-e253-4cdd-ab6a-c712c592a450 to target datanode 250eb2c8-682b-4b3a-a83a-e00ac03e249d
2023-09-14 09:00:51,903 [main] DEBUG balancer.ContainerBalancerTask (ContainerBalancerTask.java:lambda$moveContainer$3(837)) - Container move completed for container #68 from source 1900701f-e253-4cdd-ab6a-c712c592a450 to target 250eb2c8-682b-4b3a-a83a-e00ac03e249d
2023-09-14 09:00:51,905 [main] DEBUG balancer.ContainerBalancerTask (ContainerBalancerTask.java:matchSourceWithTarget(708)) - ContainerBalancer is finding suitable target for source datanode b2410ec6-bcc1-4c4b-b620-7ec872c2fe8e
2023-09-14 09:00:51,905 [main] INFO  balancer.ContainerBalancerTask (ContainerBalancerTask.java:matchSourceWithTarget(722)) - ContainerBalancer matched source datanode b2410ec6-bcc1-4c4b-b620-7ec872c2fe8e with target datanode 250eb2c8-682b-4b3a-a83a-e00ac03e249d for container move.
2023-09-14 09:00:51,905 [main] INFO  balancer.ContainerBalancerTask (ContainerBalancerTask.java:processMoveSelection(569)) - ContainerBalancer is trying to move container #71 with size 3221225472B from source datanode b2410ec6-bcc1-4c4b-b620-7ec872c2fe8e to target datanode 250eb2c8-682b-4b3a-a83a-e00ac03e249d
2023-09-14 09:00:51,905 [main] DEBUG balancer.ContainerBalancerTask (ContainerBalancerTask.java:lambda$moveContainer$3(837)) - Container move completed for container #71 from source b2410ec6-bcc1-4c4b-b620-7ec872c2fe8e to target 250eb2c8-682b-4b3a-a83a-e00ac03e249d
2023-09-14 09:00:51,907 [main] DEBUG balancer.ContainerBalancerTask (ContainerBalancerTask.java:matchSourceWithTarget(708)) - ContainerBalancer is finding suitable target for source datanode b2410ec6-bcc1-4c4b-b620-7ec872c2fe8e
2023-09-14 09:00:51,907 [main] INFO  balancer.ContainerBalancerTask (ContainerBalancerTask.java:matchSourceWithTarget(722)) - ContainerBalancer matched source datanode b2410ec6-bcc1-4c4b-b620-7ec872c2fe8e with target datanode 250eb2c8-682b-4b3a-a83a-e00ac03e249d for container move.
2023-09-14 09:00:51,908 [main] INFO  balancer.ContainerBalancerTask (ContainerBalancerTask.java:processMoveSelection(569)) - ContainerBalancer is trying to move container #66 with size 3221225472B from source datanode b2410ec6-bcc1-4c4b-b620-7ec872c2fe8e to target datanode 250eb2c8-682b-4b3a-a83a-e00ac03e249d
2023-09-14 09:00:51,908 [main] DEBUG balancer.ContainerBalancerTask (ContainerBalancerTask.java:lambda$moveContainer$3(837)) - Container move completed for container #66 from source b2410ec6-bcc1-4c4b-b620-7ec872c2fe8e to target 250eb2c8-682b-4b3a-a83a-e00ac03e249d
2023-09-14 09:00:51,910 [main] DEBUG balancer.ContainerBalancerTask (ContainerBalancerTask.java:matchSourceWithTarget(708)) - ContainerBalancer is finding suitable target for source datanode 1900701f-e253-4cdd-ab6a-c712c592a450
2023-09-14 09:00:51,910 [main] INFO  balancer.ContainerBalancerTask (ContainerBalancerTask.java:matchSourceWithTarget(722)) - ContainerBalancer matched source datanode 1900701f-e253-4cdd-ab6a-c712c592a450 with target datanode 250eb2c8-682b-4b3a-a83a-e00ac03e249d for container move.
2023-09-14 09:00:51,910 [main] INFO  balancer.ContainerBalancerTask (ContainerBalancerTask.java:processMoveSelection(569)) - ContainerBalancer is trying to move container #84 with size 4294967296B from source datanode 1900701f-e253-4cdd-ab6a-c712c592a450 to target datanode 250eb2c8-682b-4b3a-a83a-e00ac03e249d
2023-09-14 09:00:51,911 [main] DEBUG balancer.ContainerBalancerTask (ContainerBalancerTask.java:lambda$moveContainer$3(837)) - Container move completed for container #84 from source 1900701f-e253-4cdd-ab6a-c712c592a450 to target 250eb2c8-682b-4b3a-a83a-e00ac03e249d
2023-09-14 09:00:51,914 [main] DEBUG balancer.ContainerBalancerTask (ContainerBalancerTask.java:matchSourceWithTarget(708)) - ContainerBalancer is finding suitable target for source datanode 91d2078e-5a22-4e36-bbfb-501cc119c99c
2023-09-14 09:00:51,914 [main] INFO  balancer.ContainerBalancerTask (ContainerBalancerTask.java:matchSourceWithTarget(722)) - ContainerBalancer matched source datanode 91d2078e-5a22-4e36-bbfb-501cc119c99c with target datanode 250eb2c8-682b-4b3a-a83a-e00ac03e249d for container move.
2023-09-14 09:00:51,914 [main] INFO  balancer.ContainerBalancerTask (ContainerBalancerTask.java:processMoveSelection(569)) - ContainerBalancer is trying to move container #29 with size 5368709120B from source datanode 91d2078e-5a22-4e36-bbfb-501cc119c99c to target datanode 250eb2c8-682b-4b3a-a83a-e00ac03e249d
2023-09-14 09:00:51,914 [main] DEBUG balancer.ContainerBalancerTask (ContainerBalancerTask.java:lambda$moveContainer$3(837)) - Container move completed for container #29 from source 91d2078e-5a22-4e36-bbfb-501cc119c99c to target 250eb2c8-682b-4b3a-a83a-e00ac03e249d
2023-09-14 09:00:51,916 [main] DEBUG balancer.ContainerBalancerTask (ContainerBalancerTask.java:matchSourceWithTarget(708)) - ContainerBalancer is finding suitable target for source datanode b2410ec6-bcc1-4c4b-b620-7ec872c2fe8e
2023-09-14 09:00:51,916 [main] INFO  balancer.ContainerBalancerTask (ContainerBalancerTask.java:matchSourceWithTarget(722)) - ContainerBalancer matched source datanode b2410ec6-bcc1-4c4b-b620-7ec872c2fe8e with target datanode 250eb2c8-682b-4b3a-a83a-e00ac03e249d for container move.
2023-09-14 09:00:51,916 [main] INFO  balancer.ContainerBalancerTask (ContainerBalancerTask.java:processMoveSelection(569)) - ContainerBalancer is trying to move container #51 with size 3221225472B from source datanode b2410ec6-bcc1-4c4b-b620-7ec872c2fe8e to target datanode 250eb2c8-682b-4b3a-a83a-e00ac03e249d
2023-09-14 09:00:51,916 [main] DEBUG balancer.ContainerBalancerTask (ContainerBalancerTask.java:lambda$moveContainer$3(837)) - Container move completed for container #51 from source b2410ec6-bcc1-4c4b-b620-7ec872c2fe8e to target 250eb2c8-682b-4b3a-a83a-e00ac03e249d
2023-09-14 09:00:51,919 [main] DEBUG balancer.ContainerBalancerTask (ContainerBalancerTask.java:matchSourceWithTarget(708)) - ContainerBalancer is finding suitable target for source datanode 1900701f-e253-4cdd-ab6a-c712c592a450
2023-09-14 09:00:51,919 [main] INFO  balancer.ContainerBalancerTask (ContainerBalancerTask.java:matchSourceWithTarget(722)) - ContainerBalancer matched source datanode 1900701f-e253-4cdd-ab6a-c712c592a450 with target datanode 250eb2c8-682b-4b3a-a83a-e00ac03e249d for container move.
2023-09-14 09:00:51,919 [main] INFO  balancer.ContainerBalancerTask (ContainerBalancerTask.java:processMoveSelection(569)) - ContainerBalancer is trying to move container #39 with size 4294967296B from source datanode 1900701f-e253-4cdd-ab6a-c712c592a450 to target datanode 250eb2c8-682b-4b3a-a83a-e00ac03e249d
2023-09-14 09:00:51,919 [main] DEBUG balancer.ContainerBalancerTask (ContainerBalancerTask.java:lambda$moveContainer$3(837)) - Container move completed for container #39 from source 1900701f-e253-4cdd-ab6a-c712c592a450 to target 250eb2c8-682b-4b3a-a83a-e00ac03e249d
2023-09-14 09:00:51,922 [main] DEBUG balancer.ContainerBalancerTask (ContainerBalancerTask.java:matchSourceWithTarget(708)) - ContainerBalancer is finding suitable target for source datanode 91d2078e-5a22-4e36-bbfb-501cc119c99c
2023-09-14 09:00:51,922 [main] INFO  balancer.ContainerBalancerTask (ContainerBalancerTask.java:matchSourceWithTarget(722)) - ContainerBalancer matched source datanode 91d2078e-5a22-4e36-bbfb-501cc119c99c with target datanode 250eb2c8-682b-4b3a-a83a-e00ac03e249d for container move.
2023-09-14 09:00:51,922 [main] INFO  balancer.ContainerBalancerTask (ContainerBalancerTask.java:processMoveSelection(569)) - ContainerBalancer is trying to move container #52 with size 4294967296B from source datanode 91d2078e-5a22-4e36-bbfb-501cc119c99c to target datanode 250eb2c8-682b-4b3a-a83a-e00ac03e249d
2023-09-14 09:00:51,923 [main] DEBUG balancer.ContainerBalancerTask (ContainerBalancerTask.java:lambda$moveContainer$3(837)) - Container move completed for container #52 from source 91d2078e-5a22-4e36-bbfb-501cc119c99c to target 250eb2c8-682b-4b3a-a83a-e00ac03e249d
2023-09-14 09:00:51,925 [main] DEBUG balancer.ContainerBalancerTask (ContainerBalancerTask.java:matchSourceWithTarget(708)) - ContainerBalancer is finding suitable target for source datanode f566b4e4-cbfe-4faf-a56a-ea8079f0a6aa
2023-09-14 09:00:51,926 [main] INFO  balancer.ContainerBalancerTask (ContainerBalancerTask.java:matchSourceWithTarget(722)) - ContainerBalancer matched source datanode f566b4e4-cbfe-4faf-a56a-ea8079f0a6aa with target datanode 250eb2c8-682b-4b3a-a83a-e00ac03e249d for container move.
2023-09-14 09:00:51,926 [main] INFO  balancer.ContainerBalancerTask (ContainerBalancerTask.java:processMoveSelection(569)) - ContainerBalancer is trying to move container #40 with size 5368709120B from source datanode f566b4e4-cbfe-4faf-a56a-ea8079f0a6aa to target datanode 250eb2c8-682b-4b3a-a83a-e00ac03e249d
2023-09-14 09:00:51,926 [main] DEBUG balancer.ContainerBalancerTask (ContainerBalancerTask.java:lambda$moveContainer$3(837)) - Container move completed for container #40 from source f566b4e4-cbfe-4faf-a56a-ea8079f0a6aa to target 250eb2c8-682b-4b3a-a83a-e00ac03e249d
2023-09-14 09:00:51,928 [main] DEBUG balancer.ContainerBalancerTask (ContainerBalancerTask.java:matchSourceWithTarget(708)) - ContainerBalancer is finding suitable target for source datanode b2410ec6-bcc1-4c4b-b620-7ec872c2fe8e
2023-09-14 09:00:51,928 [main] INFO  balancer.ContainerBalancerTask (ContainerBalancerTask.java:matchSourceWithTarget(722)) - ContainerBalancer matched source datanode b2410ec6-bcc1-4c4b-b620-7ec872c2fe8e with target datanode c3dbb107-9225-42c7-bd9d-68a8fe900965 for container move.
2023-09-14 09:00:51,928 [main] INFO  balancer.ContainerBalancerTask (ContainerBalancerTask.java:processMoveSelection(569)) - ContainerBalancer is trying to move container #87 with size 2147483648B from source datanode b2410ec6-bcc1-4c4b-b620-7ec872c2fe8e to target datanode c3dbb107-9225-42c7-bd9d-68a8fe900965
2023-09-14 09:00:51,928 [main] DEBUG balancer.ContainerBalancerTask (ContainerBalancerTask.java:lambda$moveContainer$3(837)) - Container move completed for container #87 from source b2410ec6-bcc1-4c4b-b620-7ec872c2fe8e to target c3dbb107-9225-42c7-bd9d-68a8fe900965
2023-09-14 09:00:51,931 [main] DEBUG balancer.ContainerBalancerTask (ContainerBalancerTask.java:matchSourceWithTarget(708)) - ContainerBalancer is finding suitable target for source datanode 1900701f-e253-4cdd-ab6a-c712c592a450
2023-09-14 09:00:51,931 [main] INFO  balancer.ContainerBalancerTask (ContainerBalancerTask.java:matchSourceWithTarget(722)) - ContainerBalancer matched source datanode 1900701f-e253-4cdd-ab6a-c712c592a450 with target datanode 250eb2c8-682b-4b3a-a83a-e00ac03e249d for container move.
2023-09-14 09:00:51,931 [main] INFO  balancer.ContainerBalancerTask (ContainerBalancerTask.java:processMoveSelection(569)) - ContainerBalancer is trying to move container #28 with size 4294967296B from source datanode 1900701f-e253-4cdd-ab6a-c712c592a450 to target datanode 250eb2c8-682b-4b3a-a83a-e00ac03e249d
2023-09-14 09:00:51,932 [main] DEBUG balancer.ContainerBalancerTask (ContainerBalancerTask.java:lambda$moveContainer$3(837)) - Container move completed for container #28 from source 1900701f-e253-4cdd-ab6a-c712c592a450 to target 250eb2c8-682b-4b3a-a83a-e00ac03e249d
2023-09-14 09:00:51,935 [main] DEBUG balancer.ContainerBalancerTask (ContainerBalancerTask.java:matchSourceWithTarget(708)) - ContainerBalancer is finding suitable target for source datanode 91d2078e-5a22-4e36-bbfb-501cc119c99c
2023-09-14 09:00:51,935 [main] INFO  balancer.ContainerBalancerTask (ContainerBalancerTask.java:matchSourceWithTarget(722)) - ContainerBalancer matched source datanode 91d2078e-5a22-4e36-bbfb-501cc119c99c with target datanode c3dbb107-9225-42c7-bd9d-68a8fe900965 for container move.
2023-09-14 09:00:51,935 [main] INFO  balancer.ContainerBalancerTask (ContainerBalancerTask.java:processMoveSelection(569)) - ContainerBalancer is trying to move container #27 with size 3221225472B from source datanode 91d2078e-5a22-4e36-bbfb-501cc119c99c to target datanode c3dbb107-9225-42c7-bd9d-68a8fe900965
2023-09-14 09:00:51,935 [main] DEBUG balancer.ContainerBalancerTask (ContainerBalancerTask.java:lambda$moveContainer$3(837)) - Container move completed for container #27 from source 91d2078e-5a22-4e36-bbfb-501cc119c99c to target c3dbb107-9225-42c7-bd9d-68a8fe900965
2023-09-14 09:00:51,935 [main] WARN  balancer.ContainerBalancerTask (ContainerBalancerTask.java:reachedMaxSizeToMovePerIteration(733)) - Reached max size to move limit. 53687091200 bytes have already been scheduled for balancing and the limit is 53687091200 bytes.
2023-09-14 09:00:51,935 [main] INFO  balancer.ContainerBalancerTask (ContainerBalancerTask.java:checkIterationMoveResults(642)) - Iteration Summary. Number of Datanodes involved: 7. Size moved: 50 GB (53687091200 Bytes). Number of Container moves completed: 13.
2023-09-14 09:00:51,935 [main] INFO  balancer.ContainerBalancerTask (ContainerBalancerTask.java:balance(259)) - Result of this iteration of Container Balancer: ITERATION_COMPLETED
2023-09-14 09:00:51,936 [main] INFO  balancer.ContainerBalancerTask (ContainerBalancerTask.java:tryStopWithSaveConfiguration(308)) - Save Configuration for stopping. Reason: Completed all iterations.
2023-09-14 09:00:51,936 [main] DEBUG balancer.ContainerBalancerTask (ContainerBalancerTask.java:initializeIteration(374)) - Average utilization of the cluster is 0.3407892738599359
2023-09-14 09:00:51,936 [main] DEBUG balancer.ContainerBalancerTask (ContainerBalancerTask.java:initializeIteration(386)) - Lower limit for utilization is -3.892378974199029E-4 and Upper limit for utilization is 0.6819677856172917
2023-09-14 09:00:51,937 [main] DEBUG balancer.ContainerBalancerTask (ContainerBalancerTask.java:initializeIteration(398)) - Utilization for node 1900701f-e253-4cdd-ab6a-c712c592a450 with capacity 57266230613B, used 51539607552B, and remaining 5726623061B is 0.9000000000052387
2023-09-14 09:00:51,937 [main] DEBUG balancer.ContainerBalancerTask (ContainerBalancerTask.java:initializeIteration(398)) - Utilization for node b2410ec6-bcc1-4c4b-b620-7ec872c2fe8e with capacity 45634027520B, used 36507222016B, and remaining 9126805504B is 0.8
2023-09-14 09:00:51,937 [main] DEBUG balancer.ContainerBalancerTask (ContainerBalancerTask.java:initializeIteration(398)) - Utilization for node 91d2078e-5a22-4e36-bbfb-501cc119c99c with capacity 69026260114B, used 48318382080B, and remaining 20707878034B is 0.7000000000028974
2023-09-14 09:00:51,937 [main] DEBUG balancer.ContainerBalancerTask (ContainerBalancerTask.java:initializeIteration(398)) - Utilization for node f566b4e4-cbfe-4faf-a56a-ea8079f0a6aa with capacity 76951497386B, used 46170898432B, and remaining 30780598954B is 0.600000000005198
2023-09-14 09:00:51,937 [main] DEBUG balancer.ContainerBalancerTask (ContainerBalancerTask.java:initializeIteration(398)) - Utilization for node 590d5e92-d535-41c5-a6c4-4c98d164c5ff with capacity 115964116992B, used 57982058496B, and remaining 57982058496B is 0.5
2023-09-14 09:00:51,937 [main] DEBUG balancer.ContainerBalancerTask (ContainerBalancerTask.java:initializeIteration(398)) - Utilization for node af525658-3b6e-4170-aa4a-4569182def5e with capacity 134217728000B, used 53687091200B, and remaining 80530636800B is 0.4
2023-09-14 09:00:51,937 [main] DEBUG balancer.ContainerBalancerTask (ContainerBalancerTask.java:initializeIteration(398)) - Utilization for node 86ea1744-2c30-43c3-bbe6-07005c6b0bce with capacity 114532461226B, used 34359738368B, and remaining 80172722858B is 0.3000000000017462
2023-09-14 09:00:51,937 [main] DEBUG balancer.ContainerBalancerTask (ContainerBalancerTask.java:initializeIteration(398)) - Utilization for node c3dbb107-9225-42c7-bd9d-68a8fe900965 with capacity 187904819200B, used 37580963840B, and remaining 150323855360B is 0.2
2023-09-14 09:00:51,937 [main] DEBUG balancer.ContainerBalancerTask (ContainerBalancerTask.java:initializeIteration(398)) - Utilization for node 250eb2c8-682b-4b3a-a83a-e00ac03e249d with capacity 354334801920B, used 35433480192B, and remaining 318901321728B is 0.1
2023-09-14 09:00:51,937 [main] DEBUG balancer.ContainerBalancerTask (ContainerBalancerTask.java:initializeIteration(398)) - Utilization for node 86b781ac-681d-4737-af9f-2dbbe676040f with capacity 22548578304B, used 0B, and remaining 22548578304B is 0.0
2023-09-14 09:00:51,937 [main] INFO  balancer.ContainerBalancerTask (ContainerBalancerTask.java:initializeIteration(447)) - Container Balancer has identified 3 Over-Utilized and 0 Under-Utilized Datanodes that need to be balanced.
2023-09-14 09:00:51,938 [main] DEBUG balancer.ContainerBalancerTask (ContainerBalancerTask.java:lambda$initializeIteration$1(453)) - Datanode localhost-192.57.233.171 1900701f-e253-4cdd-ab6a-c712c592a450 is Over-Utilized.
2023-09-14 09:00:51,938 [main] DEBUG balancer.ContainerBalancerTask (ContainerBalancerTask.java:lambda$initializeIteration$1(453)) - Datanode localhost-219.238.93.19 b2410ec6-bcc1-4c4b-b620-7ec872c2fe8e is Over-Utilized.
2023-09-14 09:00:51,938 [main] DEBUG balancer.ContainerBalancerTask (ContainerBalancerTask.java:lambda$initializeIteration$1(453)) - Datanode localhost-99.121.120.236 91d2078e-5a22-4e36-bbfb-501cc119c99c is Over-Utilized.
2023-09-14 09:00:51,940 [main] DEBUG balancer.ContainerBalancerTask (ContainerBalancerTask.java:matchSourceWithTarget(708)) - ContainerBalancer is finding suitable target for source datanode 1900701f-e253-4cdd-ab6a-c712c592a450
2023-09-14 09:00:51,940 [main] INFO  balancer.FindTargetGreedyByUsageInfo (AbstractFindTargetGreedy.java:findTargetForContainerMove(133)) - Container Balancer could not find a target for source datanode 1900701f-e253-4cdd-ab6a-c712c592a450
2023-09-14 09:00:51,940 [main] DEBUG balancer.ContainerBalancerTask (ContainerBalancerTask.java:matchSourceWithTarget(717)) - ContainerBalancer could not find a suitable target for source node 1900701f-e253-4cdd-ab6a-c712c592a450.
2023-09-14 09:00:51,942 [main] DEBUG balancer.ContainerBalancerTask (ContainerBalancerTask.java:matchSourceWithTarget(708)) - ContainerBalancer is finding suitable target for source datanode b2410ec6-bcc1-4c4b-b620-7ec872c2fe8e
2023-09-14 09:00:51,942 [main] INFO  balancer.FindTargetGreedyByUsageInfo (AbstractFindTargetGreedy.java:findTargetForContainerMove(133)) - Container Balancer could not find a target for source datanode b2410ec6-bcc1-4c4b-b620-7ec872c2fe8e
2023-09-14 09:00:51,942 [main] DEBUG balancer.ContainerBalancerTask (ContainerBalancerTask.java:matchSourceWithTarget(717)) - ContainerBalancer could not find a suitable target for source node b2410ec6-bcc1-4c4b-b620-7ec872c2fe8e.
2023-09-14 09:00:51,944 [main] DEBUG balancer.ContainerBalancerTask (ContainerBalancerTask.java:matchSourceWithTarget(708)) - ContainerBalancer is finding suitable target for source datanode 91d2078e-5a22-4e36-bbfb-501cc119c99c
2023-09-14 09:00:51,944 [main] INFO  balancer.FindTargetGreedyByUsageInfo (AbstractFindTargetGreedy.java:findTargetForContainerMove(133)) - Container Balancer could not find a target for source datanode 91d2078e-5a22-4e36-bbfb-501cc119c99c
2023-09-14 09:00:51,945 [main] DEBUG balancer.ContainerBalancerTask (ContainerBalancerTask.java:matchSourceWithTarget(717)) - ContainerBalancer could not find a suitable target for source node 91d2078e-5a22-4e36-bbfb-501cc119c99c.
2023-09-14 09:00:51,945 [main] INFO  balancer.FindSourceGreedy (FindSourceGreedy.java:getNextCandidateSourceDataNode(126)) - no more candidate source data node
2023-09-14 09:00:51,945 [main] INFO  balancer.ContainerBalancerTask (ContainerBalancerTask.java:balance(259)) - Result of this iteration of Container Balancer: CAN_NOT_BALANCE_ANY_MORE
2023-09-14 09:00:51,945 [main] INFO  balancer.ContainerBalancerTask (ContainerBalancerTask.java:tryStopWithSaveConfiguration(308)) - Save Configuration for stopping. Reason: CAN_NOT_BALANCE_ANY_MORE
2023-09-14 09:00:51,945 [main] DEBUG balancer.ContainerBalancerTask (ContainerBalancerTask.java:initializeIteration(374)) - Average utilization of the cluster is 0.3407892738599359
2023-09-14 09:00:51,946 [main] DEBUG balancer.ContainerBalancerTask (ContainerBalancerTask.java:initializeIteration(386)) - Lower limit for utilization is -0.36436508778261717 and Upper limit for utilization is 1.045943635502489
2023-09-14 09:00:51,946 [main] DEBUG balancer.ContainerBalancerTask (ContainerBalancerTask.java:initializeIteration(398)) - Utilization for node 1900701f-e253-4cdd-ab6a-c712c592a450 with capacity 57266230613B, used 51539607552B, and remaining 5726623061B is 0.9000000000052387
2023-09-14 09:00:51,946 [main] DEBUG balancer.ContainerBalancerTask (ContainerBalancerTask.java:initializeIteration(398)) - Utilization for node b2410ec6-bcc1-4c4b-b620-7ec872c2fe8e with capacity 45634027520B, used 36507222016B, and remaining 9126805504B is 0.8
2023-09-14 09:00:51,946 [main] DEBUG balancer.ContainerBalancerTask (ContainerBalancerTask.java:initializeIteration(398)) - Utilization for node 91d2078e-5a22-4e36-bbfb-501cc119c99c with capacity 69026260114B, used 48318382080B, and remaining 20707878034B is 0.7000000000028974
2023-09-14 09:00:51,946 [main] DEBUG balancer.ContainerBalancerTask (ContainerBalancerTask.java:initializeIteration(398)) - Utilization for node f566b4e4-cbfe-4faf-a56a-ea8079f0a6aa with capacity 76951497386B, used 46170898432B, and remaining 30780598954B is 0.600000000005198
2023-09-14 09:00:51,946 [main] DEBUG balancer.ContainerBalancerTask (ContainerBalancerTask.java:initializeIteration(398)) - Utilization for node 590d5e92-d535-41c5-a6c4-4c98d164c5ff with capacity 115964116992B, used 57982058496B, and remaining 57982058496B is 0.5
2023-09-14 09:00:51,946 [main] DEBUG balancer.ContainerBalancerTask (ContainerBalancerTask.java:initializeIteration(398)) - Utilization for node af525658-3b6e-4170-aa4a-4569182def5e with capacity 134217728000B, used 53687091200B, and remaining 80530636800B is 0.4
2023-09-14 09:00:51,946 [main] DEBUG balancer.ContainerBalancerTask (ContainerBalancerTask.java:initializeIteration(398)) - Utilization for node 86ea1744-2c30-43c3-bbe6-07005c6b0bce with capacity 114532461226B, used 34359738368B, and remaining 80172722858B is 0.3000000000017462
2023-09-14 09:00:51,946 [main] DEBUG balancer.ContainerBalancerTask (ContainerBalancerTask.java:initializeIteration(398)) - Utilization for node c3dbb107-9225-42c7-bd9d-68a8fe900965 with capacity 187904819200B, used 37580963840B, and remaining 150323855360B is 0.2
2023-09-14 09:00:51,946 [main] DEBUG balancer.ContainerBalancerTask (ContainerBalancerTask.java:initializeIteration(398)) - Utilization for node 250eb2c8-682b-4b3a-a83a-e00ac03e249d with capacity 354334801920B, used 35433480192B, and remaining 318901321728B is 0.1
2023-09-14 09:00:51,946 [main] DEBUG balancer.ContainerBalancerTask (ContainerBalancerTask.java:initializeIteration(398)) - Utilization for node 86b781ac-681d-4737-af9f-2dbbe676040f with capacity 22548578304B, used 0B, and remaining 22548578304B is 0.0
2023-09-14 09:00:51,947 [main] INFO  balancer.ContainerBalancerTask (ContainerBalancerTask.java:initializeIteration(443)) - Did not find any unbalanced Datanodes.
2023-09-14 09:00:51,947 [main] INFO  balancer.ContainerBalancerTask (ContainerBalancerTask.java:tryStopWithSaveConfiguration(308)) - Save Configuration for stopping. Reason: Could not initialize ContainerBalancer's iteration number 0
2023-09-14 09:00:51,947 [main] DEBUG balancer.ContainerBalancerTask (ContainerBalancerTask.java:initializeIteration(374)) - Average utilization of the cluster is 0.3407892738599359
2023-09-14 09:00:51,947 [main] DEBUG balancer.ContainerBalancerTask (ContainerBalancerTask.java:initializeIteration(386)) - Lower limit for utilization is 0.1322152131015623 and Upper limit for utilization is 0.5493633346183096
2023-09-14 09:00:51,947 [main] DEBUG balancer.ContainerBalancerTask (ContainerBalancerTask.java:initializeIteration(398)) - Utilization for node 1900701f-e253-4cdd-ab6a-c712c592a450 with capacity 57266230613B, used 51539607552B, and remaining 5726623061B is 0.9000000000052387
2023-09-14 09:00:51,948 [main] DEBUG balancer.ContainerBalancerTask (ContainerBalancerTask.java:initializeIteration(398)) - Utilization for node b2410ec6-bcc1-4c4b-b620-7ec872c2fe8e with capacity 45634027520B, used 36507222016B, and remaining 9126805504B is 0.8
2023-09-14 09:00:51,948 [main] DEBUG balancer.ContainerBalancerTask (ContainerBalancerTask.java:initializeIteration(398)) - Utilization for node 91d2078e-5a22-4e36-bbfb-501cc119c99c with capacity 69026260114B, used 48318382080B, and remaining 20707878034B is 0.7000000000028974
2023-09-14 09:00:51,948 [main] DEBUG balancer.ContainerBalancerTask (ContainerBalancerTask.java:initializeIteration(398)) - Utilization for node f566b4e4-cbfe-4faf-a56a-ea8079f0a6aa with capacity 76951497386B, used 46170898432B, and remaining 30780598954B is 0.600000000005198
2023-09-14 09:00:51,948 [main] DEBUG balancer.ContainerBalancerTask (ContainerBalancerTask.java:initializeIteration(398)) - Utilization for node 590d5e92-d535-41c5-a6c4-4c98d164c5ff with capacity 115964116992B, used 57982058496B, and remaining 57982058496B is 0.5
2023-09-14 09:00:51,948 [main] DEBUG balancer.ContainerBalancerTask (ContainerBalancerTask.java:initializeIteration(398)) - Utilization for node af525658-3b6e-4170-aa4a-4569182def5e with capacity 134217728000B, used 53687091200B, and remaining 80530636800B is 0.4
2023-09-14 09:00:51,948 [main] DEBUG balancer.ContainerBalancerTask (ContainerBalancerTask.java:initializeIteration(398)) - Utilization for node 86ea1744-2c30-43c3-bbe6-07005c6b0bce with capacity 114532461226B, used 34359738368B, and remaining 80172722858B is 0.3000000000017462
2023-09-14 09:00:51,948 [main] DEBUG balancer.ContainerBalancerTask (ContainerBalancerTask.java:initializeIteration(398)) - Utilization for node c3dbb107-9225-42c7-bd9d-68a8fe900965 with capacity 187904819200B, used 37580963840B, and remaining 150323855360B is 0.2
2023-09-14 09:00:51,948 [main] DEBUG balancer.ContainerBalancerTask (ContainerBalancerTask.java:initializeIteration(398)) - Utilization for node 250eb2c8-682b-4b3a-a83a-e00ac03e249d with capacity 354334801920B, used 35433480192B, and remaining 318901321728B is 0.1
2023-09-14 09:00:51,948 [main] DEBUG balancer.ContainerBalancerTask (ContainerBalancerTask.java:initializeIteration(398)) - Utilization for node 86b781ac-681d-4737-af9f-2dbbe676040f with capacity 22548578304B, used 0B, and remaining 22548578304B is 0.0
2023-09-14 09:00:51,948 [main] INFO  balancer.ContainerBalancerTask (ContainerBalancerTask.java:initializeIteration(447)) - Container Balancer has identified 4 Over-Utilized and 2 Under-Utilized Datanodes that need to be balanced.
2023-09-14 09:00:51,948 [main] DEBUG balancer.ContainerBalancerTask (ContainerBalancerTask.java:lambda$initializeIteration$1(453)) - Datanode localhost-192.57.233.171 1900701f-e253-4cdd-ab6a-c712c592a450 is Over-Utilized.
2023-09-14 09:00:51,948 [main] DEBUG balancer.ContainerBalancerTask (ContainerBalancerTask.java:lambda$initializeIteration$1(453)) - Datanode localhost-219.238.93.19 b2410ec6-bcc1-4c4b-b620-7ec872c2fe8e is Over-Utilized.
2023-09-14 09:00:51,949 [main] DEBUG balancer.ContainerBalancerTask (ContainerBalancerTask.java:lambda$initializeIteration$1(453)) - Datanode localhost-99.121.120.236 91d2078e-5a22-4e36-bbfb-501cc119c99c is Over-Utilized.
2023-09-14 09:00:51,949 [main] DEBUG balancer.ContainerBalancerTask (ContainerBalancerTask.java:lambda$initializeIteration$1(453)) - Datanode localhost-146.28.35.242 f566b4e4-cbfe-4faf-a56a-ea8079f0a6aa is Over-Utilized.
2023-09-14 09:00:51,949 [main] DEBUG balancer.ContainerBalancerTask (ContainerBalancerTask.java:lambda$initializeIteration$2(459)) - Datanode localhost-87.39.252.231 86b781ac-681d-4737-af9f-2dbbe676040f is Under-Utilized.
2023-09-14 09:00:51,949 [main] DEBUG balancer.ContainerBalancerTask (ContainerBalancerTask.java:lambda$initializeIteration$2(459)) - Datanode localhost-159.229.126.231 250eb2c8-682b-4b3a-a83a-e00ac03e249d is Under-Utilized.
2023-09-14 09:00:51,951 [main] DEBUG balancer.ContainerBalancerTask (ContainerBalancerTask.java:matchSourceWithTarget(708)) - ContainerBalancer is finding suitable target for source datanode 1900701f-e253-4cdd-ab6a-c712c592a450
2023-09-14 09:00:51,951 [main] INFO  balancer.ContainerBalancerTask (ContainerBalancerTask.java:matchSourceWithTarget(722)) - ContainerBalancer matched source datanode 1900701f-e253-4cdd-ab6a-c712c592a450 with target datanode 86b781ac-681d-4737-af9f-2dbbe676040f for container move.
2023-09-14 09:00:51,951 [main] INFO  balancer.ContainerBalancerTask (ContainerBalancerTask.java:processMoveSelection(569)) - ContainerBalancer is trying to move container #85 with size 5368709120B from source datanode 1900701f-e253-4cdd-ab6a-c712c592a450 to target datanode 86b781ac-681d-4737-af9f-2dbbe676040f
2023-09-14 09:00:51,952 [main] DEBUG balancer.ContainerBalancerTask (ContainerBalancerTask.java:lambda$moveContainer$3(837)) - Container move completed for container #85 from source 1900701f-e253-4cdd-ab6a-c712c592a450 to target 86b781ac-681d-4737-af9f-2dbbe676040f
2023-09-14 09:00:51,954 [main] DEBUG balancer.ContainerBalancerTask (ContainerBalancerTask.java:matchSourceWithTarget(708)) - ContainerBalancer is finding suitable target for source datanode 1900701f-e253-4cdd-ab6a-c712c592a450
2023-09-14 09:00:51,954 [main] INFO  balancer.ContainerBalancerTask (ContainerBalancerTask.java:matchSourceWithTarget(722)) - ContainerBalancer matched source datanode 1900701f-e253-4cdd-ab6a-c712c592a450 with target datanode 250eb2c8-682b-4b3a-a83a-e00ac03e249d for container move.
2023-09-14 09:00:51,954 [main] INFO  balancer.ContainerBalancerTask (ContainerBalancerTask.java:processMoveSelection(569)) - ContainerBalancer is trying to move container #68 with size 5368709120B from source datanode 1900701f-e253-4cdd-ab6a-c712c592a450 to target datanode 250eb2c8-682b-4b3a-a83a-e00ac03e249d
2023-09-14 09:00:51,954 [main] DEBUG balancer.ContainerBalancerTask (ContainerBalancerTask.java:lambda$moveContainer$3(837)) - Container move completed for container #68 from source 1900701f-e253-4cdd-ab6a-c712c592a450 to target 250eb2c8-682b-4b3a-a83a-e00ac03e249d
2023-09-14 09:00:51,956 [main] DEBUG balancer.ContainerBalancerTask (ContainerBalancerTask.java:matchSourceWithTarget(708)) - ContainerBalancer is finding suitable target for source datanode b2410ec6-bcc1-4c4b-b620-7ec872c2fe8e
2023-09-14 09:00:51,956 [main] INFO  balancer.ContainerBalancerTask (ContainerBalancerTask.java:matchSourceWithTarget(722)) - ContainerBalancer matched source datanode b2410ec6-bcc1-4c4b-b620-7ec872c2fe8e with target datanode 250eb2c8-682b-4b3a-a83a-e00ac03e249d for container move.
2023-09-14 09:00:51,956 [main] INFO  balancer.ContainerBalancerTask (ContainerBalancerTask.java:processMoveSelection(569)) - ContainerBalancer is trying to move container #71 with size 3221225472B from source datanode b2410ec6-bcc1-4c4b-b620-7ec872c2fe8e to target datanode 250eb2c8-682b-4b3a-a83a-e00ac03e249d
2023-09-14 09:00:51,956 [main] DEBUG balancer.ContainerBalancerTask (ContainerBalancerTask.java:lambda$moveContainer$3(837)) - Container move completed for container #71 from source b2410ec6-bcc1-4c4b-b620-7ec872c2fe8e to target 250eb2c8-682b-4b3a-a83a-e00ac03e249d
2023-09-14 09:00:51,958 [main] DEBUG balancer.ContainerBalancerTask (ContainerBalancerTask.java:matchSourceWithTarget(708)) - ContainerBalancer is finding suitable target for source datanode b2410ec6-bcc1-4c4b-b620-7ec872c2fe8e
2023-09-14 09:00:51,958 [main] INFO  balancer.ContainerBalancerTask (ContainerBalancerTask.java:matchSourceWithTarget(722)) - ContainerBalancer matched source datanode b2410ec6-bcc1-4c4b-b620-7ec872c2fe8e with target datanode 250eb2c8-682b-4b3a-a83a-e00ac03e249d for container move.
2023-09-14 09:00:51,959 [main] INFO  balancer.ContainerBalancerTask (ContainerBalancerTask.java:processMoveSelection(569)) - ContainerBalancer is trying to move container #66 with size 3221225472B from source datanode b2410ec6-bcc1-4c4b-b620-7ec872c2fe8e to target datanode 250eb2c8-682b-4b3a-a83a-e00ac03e249d
2023-09-14 09:00:51,959 [main] DEBUG balancer.ContainerBalancerTask (ContainerBalancerTask.java:lambda$moveContainer$3(837)) - Container move completed for container #66 from source b2410ec6-bcc1-4c4b-b620-7ec872c2fe8e to target 250eb2c8-682b-4b3a-a83a-e00ac03e249d
2023-09-14 09:00:51,961 [main] DEBUG balancer.ContainerBalancerTask (ContainerBalancerTask.java:matchSourceWithTarget(708)) - ContainerBalancer is finding suitable target for source datanode 1900701f-e253-4cdd-ab6a-c712c592a450
2023-09-14 09:00:51,961 [main] INFO  balancer.ContainerBalancerTask (ContainerBalancerTask.java:matchSourceWithTarget(722)) - ContainerBalancer matched source datanode 1900701f-e253-4cdd-ab6a-c712c592a450 with target datanode 250eb2c8-682b-4b3a-a83a-e00ac03e249d for container move.
2023-09-14 09:00:51,961 [main] INFO  balancer.ContainerBalancerTask (ContainerBalancerTask.java:processMoveSelection(569)) - ContainerBalancer is trying to move container #84 with size 4294967296B from source datanode 1900701f-e253-4cdd-ab6a-c712c592a450 to target datanode 250eb2c8-682b-4b3a-a83a-e00ac03e249d
2023-09-14 09:00:51,962 [main] DEBUG balancer.ContainerBalancerTask (ContainerBalancerTask.java:lambda$moveContainer$3(837)) - Container move completed for container #84 from source 1900701f-e253-4cdd-ab6a-c712c592a450 to target 250eb2c8-682b-4b3a-a83a-e00ac03e249d
2023-09-14 09:00:51,964 [main] DEBUG balancer.ContainerBalancerTask (ContainerBalancerTask.java:matchSourceWithTarget(708)) - ContainerBalancer is finding suitable target for source datanode 91d2078e-5a22-4e36-bbfb-501cc119c99c
2023-09-14 09:00:51,964 [main] INFO  balancer.ContainerBalancerTask (ContainerBalancerTask.java:matchSourceWithTarget(722)) - ContainerBalancer matched source datanode 91d2078e-5a22-4e36-bbfb-501cc119c99c with target datanode 250eb2c8-682b-4b3a-a83a-e00ac03e249d for container move.
2023-09-14 09:00:51,964 [main] INFO  balancer.ContainerBalancerTask (ContainerBalancerTask.java:processMoveSelection(569)) - ContainerBalancer is trying to move container #29 with size 5368709120B from source datanode 91d2078e-5a22-4e36-bbfb-501cc119c99c to target datanode 250eb2c8-682b-4b3a-a83a-e00ac03e249d
2023-09-14 09:00:51,965 [main] DEBUG balancer.ContainerBalancerTask (ContainerBalancerTask.java:lambda$moveContainer$3(837)) - Container move completed for container #29 from source 91d2078e-5a22-4e36-bbfb-501cc119c99c to target 250eb2c8-682b-4b3a-a83a-e00ac03e249d
2023-09-14 09:00:51,967 [main] DEBUG balancer.ContainerBalancerTask (ContainerBalancerTask.java:matchSourceWithTarget(708)) - ContainerBalancer is finding suitable target for source datanode b2410ec6-bcc1-4c4b-b620-7ec872c2fe8e
2023-09-14 09:00:51,967 [main] INFO  balancer.ContainerBalancerTask (ContainerBalancerTask.java:matchSourceWithTarget(722)) - ContainerBalancer matched source datanode b2410ec6-bcc1-4c4b-b620-7ec872c2fe8e with target datanode 250eb2c8-682b-4b3a-a83a-e00ac03e249d for container move.
2023-09-14 09:00:51,967 [main] INFO  balancer.ContainerBalancerTask (ContainerBalancerTask.java:processMoveSelection(569)) - ContainerBalancer is trying to move container #51 with size 3221225472B from source datanode b2410ec6-bcc1-4c4b-b620-7ec872c2fe8e to target datanode 250eb2c8-682b-4b3a-a83a-e00ac03e249d
2023-09-14 09:00:51,967 [main] DEBUG balancer.ContainerBalancerTask (ContainerBalancerTask.java:lambda$moveContainer$3(837)) - Container move completed for container #51 from source b2410ec6-bcc1-4c4b-b620-7ec872c2fe8e to target 250eb2c8-682b-4b3a-a83a-e00ac03e249d
2023-09-14 09:00:51,970 [main] DEBUG balancer.ContainerBalancerTask (ContainerBalancerTask.java:matchSourceWithTarget(708)) - ContainerBalancer is finding suitable target for source datanode 1900701f-e253-4cdd-ab6a-c712c592a450
2023-09-14 09:00:51,970 [main] INFO  balancer.ContainerBalancerTask (ContainerBalancerTask.java:matchSourceWithTarget(722)) - ContainerBalancer matched source datanode 1900701f-e253-4cdd-ab6a-c712c592a450 with target datanode 250eb2c8-682b-4b3a-a83a-e00ac03e249d for container move.
2023-09-14 09:00:51,970 [main] INFO  balancer.ContainerBalancerTask (ContainerBalancerTask.java:processMoveSelection(569)) - ContainerBalancer is trying to move container #39 with size 4294967296B from source datanode 1900701f-e253-4cdd-ab6a-c712c592a450 to target datanode 250eb2c8-682b-4b3a-a83a-e00ac03e249d
2023-09-14 09:00:51,970 [main] DEBUG balancer.ContainerBalancerTask (ContainerBalancerTask.java:lambda$moveContainer$3(837)) - Container move completed for container #39 from source 1900701f-e253-4cdd-ab6a-c712c592a450 to target 250eb2c8-682b-4b3a-a83a-e00ac03e249d
2023-09-14 09:00:51,973 [main] DEBUG balancer.ContainerBalancerTask (ContainerBalancerTask.java:matchSourceWithTarget(708)) - ContainerBalancer is finding suitable target for source datanode 91d2078e-5a22-4e36-bbfb-501cc119c99c
2023-09-14 09:00:51,973 [main] INFO  balancer.ContainerBalancerTask (ContainerBalancerTask.java:matchSourceWithTarget(722)) - ContainerBalancer matched source datanode 91d2078e-5a22-4e36-bbfb-501cc119c99c with target datanode 250eb2c8-682b-4b3a-a83a-e00ac03e249d for container move.
2023-09-14 09:00:51,973 [main] INFO  balancer.ContainerBalancerTask (ContainerBalancerTask.java:processMoveSelection(569)) - ContainerBalancer is trying to move container #52 with size 4294967296B from source datanode 91d2078e-5a22-4e36-bbfb-501cc119c99c to target datanode 250eb2c8-682b-4b3a-a83a-e00ac03e249d
2023-09-14 09:00:51,973 [main] DEBUG balancer.ContainerBalancerTask (ContainerBalancerTask.java:lambda$moveContainer$3(837)) - Container move completed for container #52 from source 91d2078e-5a22-4e36-bbfb-501cc119c99c to target 250eb2c8-682b-4b3a-a83a-e00ac03e249d
2023-09-14 09:00:51,976 [main] DEBUG balancer.ContainerBalancerTask (ContainerBalancerTask.java:matchSourceWithTarget(708)) - ContainerBalancer is finding suitable target for source datanode f566b4e4-cbfe-4faf-a56a-ea8079f0a6aa
2023-09-14 09:00:51,976 [main] INFO  balancer.ContainerBalancerTask (ContainerBalancerTask.java:matchSourceWithTarget(722)) - ContainerBalancer matched source datanode f566b4e4-cbfe-4faf-a56a-ea8079f0a6aa with target datanode 250eb2c8-682b-4b3a-a83a-e00ac03e249d for container move.
2023-09-14 09:00:51,976 [main] INFO  balancer.ContainerBalancerTask (ContainerBalancerTask.java:processMoveSelection(569)) - ContainerBalancer is trying to move container #40 with size 5368709120B from source datanode f566b4e4-cbfe-4faf-a56a-ea8079f0a6aa to target datanode 250eb2c8-682b-4b3a-a83a-e00ac03e249d
2023-09-14 09:00:51,976 [main] DEBUG balancer.ContainerBalancerTask (ContainerBalancerTask.java:lambda$moveContainer$3(837)) - Container move completed for container #40 from source f566b4e4-cbfe-4faf-a56a-ea8079f0a6aa to target 250eb2c8-682b-4b3a-a83a-e00ac03e249d
2023-09-14 09:00:51,979 [main] DEBUG balancer.ContainerBalancerTask (ContainerBalancerTask.java:matchSourceWithTarget(708)) - ContainerBalancer is finding suitable target for source datanode b2410ec6-bcc1-4c4b-b620-7ec872c2fe8e
2023-09-14 09:00:51,979 [main] INFO  balancer.ContainerBalancerTask (ContainerBalancerTask.java:matchSourceWithTarget(722)) - ContainerBalancer matched source datanode b2410ec6-bcc1-4c4b-b620-7ec872c2fe8e with target datanode 250eb2c8-682b-4b3a-a83a-e00ac03e249d for container move.
2023-09-14 09:00:51,979 [main] INFO  balancer.ContainerBalancerTask (ContainerBalancerTask.java:processMoveSelection(569)) - ContainerBalancer is trying to move container #18 with size 3221225472B from source datanode b2410ec6-bcc1-4c4b-b620-7ec872c2fe8e to target datanode 250eb2c8-682b-4b3a-a83a-e00ac03e249d
2023-09-14 09:00:51,979 [main] DEBUG balancer.ContainerBalancerTask (ContainerBalancerTask.java:lambda$moveContainer$3(837)) - Container move completed for container #18 from source b2410ec6-bcc1-4c4b-b620-7ec872c2fe8e to target 250eb2c8-682b-4b3a-a83a-e00ac03e249d
2023-09-14 09:00:51,982 [main] DEBUG balancer.ContainerBalancerTask (ContainerBalancerTask.java:matchSourceWithTarget(708)) - ContainerBalancer is finding suitable target for source datanode 1900701f-e253-4cdd-ab6a-c712c592a450
2023-09-14 09:00:51,982 [main] INFO  balancer.ContainerBalancerTask (ContainerBalancerTask.java:matchSourceWithTarget(722)) - ContainerBalancer matched source datanode 1900701f-e253-4cdd-ab6a-c712c592a450 with target datanode 250eb2c8-682b-4b3a-a83a-e00ac03e249d for container move.
2023-09-14 09:00:51,982 [main] INFO  balancer.ContainerBalancerTask (ContainerBalancerTask.java:processMoveSelection(569)) - ContainerBalancer is trying to move container #28 with size 4294967296B from source datanode 1900701f-e253-4cdd-ab6a-c712c592a450 to target datanode 250eb2c8-682b-4b3a-a83a-e00ac03e249d
2023-09-14 09:00:51,982 [main] DEBUG balancer.ContainerBalancerTask (ContainerBalancerTask.java:lambda$moveContainer$3(837)) - Container move completed for container #28 from source 1900701f-e253-4cdd-ab6a-c712c592a450 to target 250eb2c8-682b-4b3a-a83a-e00ac03e249d
2023-09-14 09:00:51,985 [main] DEBUG balancer.ContainerBalancerTask (ContainerBalancerTask.java:matchSourceWithTarget(708)) - ContainerBalancer is finding suitable target for source datanode 91d2078e-5a22-4e36-bbfb-501cc119c99c
2023-09-14 09:00:51,986 [main] INFO  balancer.ContainerBalancerTask (ContainerBalancerTask.java:matchSourceWithTarget(722)) - ContainerBalancer matched source datanode 91d2078e-5a22-4e36-bbfb-501cc119c99c with target datanode 250eb2c8-682b-4b3a-a83a-e00ac03e249d for container move.
2023-09-14 09:00:51,986 [main] INFO  balancer.ContainerBalancerTask (ContainerBalancerTask.java:processMoveSelection(569)) - ContainerBalancer is trying to move container #55 with size 2147483648B from source datanode 91d2078e-5a22-4e36-bbfb-501cc119c99c to target datanode 250eb2c8-682b-4b3a-a83a-e00ac03e249d
2023-09-14 09:00:51,986 [main] DEBUG balancer.ContainerBalancerTask (ContainerBalancerTask.java:lambda$moveContainer$3(837)) - Container move completed for container #55 from source 91d2078e-5a22-4e36-bbfb-501cc119c99c to target 250eb2c8-682b-4b3a-a83a-e00ac03e249d
2023-09-14 09:00:51,986 [main] WARN  balancer.ContainerBalancerTask (ContainerBalancerTask.java:reachedMaxSizeToMovePerIteration(733)) - Reached max size to move limit. 53687091200 bytes have already been scheduled for balancing and the limit is 53687091200 bytes.
2023-09-14 09:00:51,986 [main] INFO  balancer.ContainerBalancerTask (ContainerBalancerTask.java:checkIterationMoveResults(642)) - Iteration Summary. Number of Datanodes involved: 6. Size moved: 50 GB (53687091200 Bytes). Number of Container moves completed: 13.
2023-09-14 09:00:51,986 [main] INFO  balancer.ContainerBalancerTask (ContainerBalancerTask.java:balance(259)) - Result of this iteration of Container Balancer: ITERATION_COMPLETED
2023-09-14 09:00:51,986 [main] INFO  balancer.ContainerBalancerTask (ContainerBalancerTask.java:tryStopWithSaveConfiguration(308)) - Save Configuration for stopping. Reason: Completed all iterations.
2023-09-14 09:00:51,987 [main] DEBUG balancer.ContainerBalancerTask (ContainerBalancerTask.java:initializeIteration(374)) - Average utilization of the cluster is 0.3407892738599359
2023-09-14 09:00:51,987 [main] DEBUG balancer.ContainerBalancerTask (ContainerBalancerTask.java:initializeIteration(386)) - Lower limit for utilization is -0.1171920336817242 and Upper limit for utilization is 0.798770581401596
2023-09-14 09:00:51,987 [main] DEBUG balancer.ContainerBalancerTask (ContainerBalancerTask.java:initializeIteration(398)) - Utilization for node 1900701f-e253-4cdd-ab6a-c712c592a450 with capacity 57266230613B, used 51539607552B, and remaining 5726623061B is 0.9000000000052387
2023-09-14 09:00:51,987 [main] DEBUG balancer.ContainerBalancerTask (ContainerBalancerTask.java:initializeIteration(398)) - Utilization for node b2410ec6-bcc1-4c4b-b620-7ec872c2fe8e with capacity 45634027520B, used 36507222016B, and remaining 9126805504B is 0.8
2023-09-14 09:00:51,988 [main] DEBUG balancer.ContainerBalancerTask (ContainerBalancerTask.java:initializeIteration(398)) - Utilization for node 91d2078e-5a22-4e36-bbfb-501cc119c99c with capacity 69026260114B, used 48318382080B, and remaining 20707878034B is 0.7000000000028974
2023-09-14 09:00:51,988 [main] DEBUG balancer.ContainerBalancerTask (ContainerBalancerTask.java:initializeIteration(398)) - Utilization for node f566b4e4-cbfe-4faf-a56a-ea8079f0a6aa with capacity 76951497386B, used 46170898432B, and remaining 30780598954B is 0.600000000005198
2023-09-14 09:00:51,988 [main] DEBUG balancer.ContainerBalancerTask (ContainerBalancerTask.java:initializeIteration(398)) - Utilization for node 590d5e92-d535-41c5-a6c4-4c98d164c5ff with capacity 115964116992B, used 57982058496B, and remaining 57982058496B is 0.5
2023-09-14 09:00:51,988 [main] DEBUG balancer.ContainerBalancerTask (ContainerBalancerTask.java:initializeIteration(398)) - Utilization for node af525658-3b6e-4170-aa4a-4569182def5e with capacity 134217728000B, used 53687091200B, and remaining 80530636800B is 0.4
2023-09-14 09:00:51,988 [main] DEBUG balancer.ContainerBalancerTask (ContainerBalancerTask.java:initializeIteration(398)) - Utilization for node 86ea1744-2c30-43c3-bbe6-07005c6b0bce with capacity 114532461226B, used 34359738368B, and remaining 80172722858B is 0.3000000000017462
2023-09-14 09:00:51,988 [main] DEBUG balancer.ContainerBalancerTask (ContainerBalancerTask.java:initializeIteration(398)) - Utilization for node c3dbb107-9225-42c7-bd9d-68a8fe900965 with capacity 187904819200B, used 37580963840B, and remaining 150323855360B is 0.2
2023-09-14 09:00:51,988 [main] DEBUG balancer.ContainerBalancerTask (ContainerBalancerTask.java:initializeIteration(398)) - Utilization for node 250eb2c8-682b-4b3a-a83a-e00ac03e249d with capacity 354334801920B, used 35433480192B, and remaining 318901321728B is 0.1
2023-09-14 09:00:51,988 [main] DEBUG balancer.ContainerBalancerTask (ContainerBalancerTask.java:initializeIteration(398)) - Utilization for node 86b781ac-681d-4737-af9f-2dbbe676040f with capacity 22548578304B, used 0B, and remaining 22548578304B is 0.0
2023-09-14 09:00:51,988 [main] INFO  balancer.ContainerBalancerTask (ContainerBalancerTask.java:initializeIteration(447)) - Container Balancer has identified 2 Over-Utilized and 0 Under-Utilized Datanodes that need to be balanced.
2023-09-14 09:00:51,988 [main] DEBUG balancer.ContainerBalancerTask (ContainerBalancerTask.java:lambda$initializeIteration$1(453)) - Datanode localhost-192.57.233.171 1900701f-e253-4cdd-ab6a-c712c592a450 is Over-Utilized.
2023-09-14 09:00:51,988 [main] DEBUG balancer.ContainerBalancerTask (ContainerBalancerTask.java:lambda$initializeIteration$1(453)) - Datanode localhost-219.238.93.19 b2410ec6-bcc1-4c4b-b620-7ec872c2fe8e is Over-Utilized.
2023-09-14 09:00:51,991 [main] DEBUG balancer.ContainerBalancerTask (ContainerBalancerTask.java:matchSourceWithTarget(708)) - ContainerBalancer is finding suitable target for source datanode 1900701f-e253-4cdd-ab6a-c712c592a450
2023-09-14 09:00:51,991 [main] INFO  balancer.FindTargetGreedyByUsageInfo (AbstractFindTargetGreedy.java:findTargetForContainerMove(133)) - Container Balancer could not find a target for source datanode 1900701f-e253-4cdd-ab6a-c712c592a450
2023-09-14 09:00:51,991 [main] DEBUG balancer.ContainerBalancerTask (ContainerBalancerTask.java:matchSourceWithTarget(717)) - ContainerBalancer could not find a suitable target for source node 1900701f-e253-4cdd-ab6a-c712c592a450.
2023-09-14 09:00:51,993 [main] DEBUG balancer.ContainerBalancerTask (ContainerBalancerTask.java:matchSourceWithTarget(708)) - ContainerBalancer is finding suitable target for source datanode b2410ec6-bcc1-4c4b-b620-7ec872c2fe8e
2023-09-14 09:00:51,993 [main] INFO  balancer.FindTargetGreedyByUsageInfo (AbstractFindTargetGreedy.java:findTargetForContainerMove(133)) - Container Balancer could not find a target for source datanode b2410ec6-bcc1-4c4b-b620-7ec872c2fe8e
2023-09-14 09:00:51,993 [main] DEBUG balancer.ContainerBalancerTask (ContainerBalancerTask.java:matchSourceWithTarget(717)) - ContainerBalancer could not find a suitable target for source node b2410ec6-bcc1-4c4b-b620-7ec872c2fe8e.
2023-09-14 09:00:51,993 [main] INFO  balancer.FindSourceGreedy (FindSourceGreedy.java:getNextCandidateSourceDataNode(126)) - no more candidate source data node
2023-09-14 09:00:51,993 [main] INFO  balancer.ContainerBalancerTask (ContainerBalancerTask.java:balance(259)) - Result of this iteration of Container Balancer: CAN_NOT_BALANCE_ANY_MORE
2023-09-14 09:00:51,993 [main] INFO  balancer.ContainerBalancerTask (ContainerBalancerTask.java:tryStopWithSaveConfiguration(308)) - Save Configuration for stopping. Reason: CAN_NOT_BALANCE_ANY_MORE
2023-09-14 09:00:51,994 [main] DEBUG balancer.ContainerBalancerTask (ContainerBalancerTask.java:initializeIteration(374)) - Average utilization of the cluster is 0.3407892738599359
2023-09-14 09:00:51,994 [main] DEBUG balancer.ContainerBalancerTask (ContainerBalancerTask.java:initializeIteration(386)) - Lower limit for utilization is 0.2689545731240342 and Upper limit for utilization is 0.4126239745958376
2023-09-14 09:00:51,994 [main] DEBUG balancer.ContainerBalancerTask (ContainerBalancerTask.java:initializeIteration(398)) - Utilization for node 1900701f-e253-4cdd-ab6a-c712c592a450 with capacity 57266230613B, used 51539607552B, and remaining 5726623061B is 0.9000000000052387
2023-09-14 09:00:51,994 [main] DEBUG balancer.ContainerBalancerTask (ContainerBalancerTask.java:initializeIteration(398)) - Utilization for node b2410ec6-bcc1-4c4b-b620-7ec872c2fe8e with capacity 45634027520B, used 36507222016B, and remaining 9126805504B is 0.8
2023-09-14 09:00:51,994 [main] DEBUG balancer.ContainerBalancerTask (ContainerBalancerTask.java:initializeIteration(398)) - Utilization for node 91d2078e-5a22-4e36-bbfb-501cc119c99c with capacity 69026260114B, used 48318382080B, and remaining 20707878034B is 0.7000000000028974
2023-09-14 09:00:51,994 [main] DEBUG balancer.ContainerBalancerTask (ContainerBalancerTask.java:initializeIteration(398)) - Utilization for node f566b4e4-cbfe-4faf-a56a-ea8079f0a6aa with capacity 76951497386B, used 46170898432B, and remaining 30780598954B is 0.600000000005198
2023-09-14 09:00:51,994 [main] DEBUG balancer.ContainerBalancerTask (ContainerBalancerTask.java:initializeIteration(398)) - Utilization for node 590d5e92-d535-41c5-a6c4-4c98d164c5ff with capacity 115964116992B, used 57982058496B, and remaining 57982058496B is 0.5
2023-09-14 09:00:51,994 [main] DEBUG balancer.ContainerBalancerTask (ContainerBalancerTask.java:initializeIteration(398)) - Utilization for node af525658-3b6e-4170-aa4a-4569182def5e with capacity 134217728000B, used 53687091200B, and remaining 80530636800B is 0.4
2023-09-14 09:00:51,994 [main] DEBUG balancer.ContainerBalancerTask (ContainerBalancerTask.java:initializeIteration(398)) - Utilization for node 86ea1744-2c30-43c3-bbe6-07005c6b0bce with capacity 114532461226B, used 34359738368B, and remaining 80172722858B is 0.3000000000017462
2023-09-14 09:00:51,995 [main] DEBUG balancer.ContainerBalancerTask (ContainerBalancerTask.java:initializeIteration(398)) - Utilization for node c3dbb107-9225-42c7-bd9d-68a8fe900965 with capacity 187904819200B, used 37580963840B, and remaining 150323855360B is 0.2
2023-09-14 09:00:51,995 [main] DEBUG balancer.ContainerBalancerTask (ContainerBalancerTask.java:initializeIteration(398)) - Utilization for node 250eb2c8-682b-4b3a-a83a-e00ac03e249d with capacity 354334801920B, used 35433480192B, and remaining 318901321728B is 0.1
2023-09-14 09:00:51,995 [main] DEBUG balancer.ContainerBalancerTask (ContainerBalancerTask.java:initializeIteration(398)) - Utilization for node 86b781ac-681d-4737-af9f-2dbbe676040f with capacity 22548578304B, used 0B, and remaining 22548578304B is 0.0
2023-09-14 09:00:51,995 [main] INFO  balancer.ContainerBalancerTask (ContainerBalancerTask.java:initializeIteration(447)) - Container Balancer has identified 5 Over-Utilized and 3 Under-Utilized Datanodes that need to be balanced.
2023-09-14 09:00:51,995 [main] DEBUG balancer.ContainerBalancerTask (ContainerBalancerTask.java:lambda$initializeIteration$1(453)) - Datanode localhost-192.57.233.171 1900701f-e253-4cdd-ab6a-c712c592a450 is Over-Utilized.
2023-09-14 09:00:51,995 [main] DEBUG balancer.ContainerBalancerTask (ContainerBalancerTask.java:lambda$initializeIteration$1(453)) - Datanode localhost-219.238.93.19 b2410ec6-bcc1-4c4b-b620-7ec872c2fe8e is Over-Utilized.
2023-09-14 09:00:51,995 [main] DEBUG balancer.ContainerBalancerTask (ContainerBalancerTask.java:lambda$initializeIteration$1(453)) - Datanode localhost-99.121.120.236 91d2078e-5a22-4e36-bbfb-501cc119c99c is Over-Utilized.
2023-09-14 09:00:51,995 [main] DEBUG balancer.ContainerBalancerTask (ContainerBalancerTask.java:lambda$initializeIteration$1(453)) - Datanode localhost-146.28.35.242 f566b4e4-cbfe-4faf-a56a-ea8079f0a6aa is Over-Utilized.
2023-09-14 09:00:51,995 [main] DEBUG balancer.ContainerBalancerTask (ContainerBalancerTask.java:lambda$initializeIteration$1(453)) - Datanode localhost-90.110.176.165 590d5e92-d535-41c5-a6c4-4c98d164c5ff is Over-Utilized.
2023-09-14 09:00:51,995 [main] DEBUG balancer.ContainerBalancerTask (ContainerBalancerTask.java:lambda$initializeIteration$2(459)) - Datanode localhost-87.39.252.231 86b781ac-681d-4737-af9f-2dbbe676040f is Under-Utilized.
2023-09-14 09:00:51,995 [main] DEBUG balancer.ContainerBalancerTask (ContainerBalancerTask.java:lambda$initializeIteration$2(459)) - Datanode localhost-159.229.126.231 250eb2c8-682b-4b3a-a83a-e00ac03e249d is Under-Utilized.
2023-09-14 09:00:51,995 [main] DEBUG balancer.ContainerBalancerTask (ContainerBalancerTask.java:lambda$initializeIteration$2(459)) - Datanode localhost-177.109.90.208 c3dbb107-9225-42c7-bd9d-68a8fe900965 is Under-Utilized.
2023-09-14 09:00:51,998 [main] DEBUG balancer.ContainerBalancerTask (ContainerBalancerTask.java:matchSourceWithTarget(708)) - ContainerBalancer is finding suitable target for source datanode 1900701f-e253-4cdd-ab6a-c712c592a450
2023-09-14 09:00:51,998 [main] INFO  balancer.ContainerBalancerTask (ContainerBalancerTask.java:matchSourceWithTarget(722)) - ContainerBalancer matched source datanode 1900701f-e253-4cdd-ab6a-c712c592a450 with target datanode 86b781ac-681d-4737-af9f-2dbbe676040f for container move.
2023-09-14 09:00:51,998 [main] INFO  balancer.ContainerBalancerTask (ContainerBalancerTask.java:processMoveSelection(569)) - ContainerBalancer is trying to move container #85 with size 5368709120B from source datanode 1900701f-e253-4cdd-ab6a-c712c592a450 to target datanode 86b781ac-681d-4737-af9f-2dbbe676040f
2023-09-14 09:00:51,998 [main] DEBUG balancer.ContainerBalancerTask (ContainerBalancerTask.java:lambda$moveContainer$3(837)) - Container move completed for container #85 from source 1900701f-e253-4cdd-ab6a-c712c592a450 to target 86b781ac-681d-4737-af9f-2dbbe676040f
2023-09-14 09:00:52,000 [main] DEBUG balancer.ContainerBalancerTask (ContainerBalancerTask.java:matchSourceWithTarget(708)) - ContainerBalancer is finding suitable target for source datanode 1900701f-e253-4cdd-ab6a-c712c592a450
2023-09-14 09:00:52,001 [main] INFO  balancer.ContainerBalancerTask (ContainerBalancerTask.java:matchSourceWithTarget(722)) - ContainerBalancer matched source datanode 1900701f-e253-4cdd-ab6a-c712c592a450 with target datanode 250eb2c8-682b-4b3a-a83a-e00ac03e249d for container move.
2023-09-14 09:00:52,001 [main] INFO  balancer.ContainerBalancerTask (ContainerBalancerTask.java:processMoveSelection(569)) - ContainerBalancer is trying to move container #68 with size 5368709120B from source datanode 1900701f-e253-4cdd-ab6a-c712c592a450 to target datanode 250eb2c8-682b-4b3a-a83a-e00ac03e249d
2023-09-14 09:00:52,001 [main] DEBUG balancer.ContainerBalancerTask (ContainerBalancerTask.java:lambda$moveContainer$3(837)) - Container move completed for container #68 from source 1900701f-e253-4cdd-ab6a-c712c592a450 to target 250eb2c8-682b-4b3a-a83a-e00ac03e249d
2023-09-14 09:00:52,003 [main] DEBUG balancer.ContainerBalancerTask (ContainerBalancerTask.java:matchSourceWithTarget(708)) - ContainerBalancer is finding suitable target for source datanode b2410ec6-bcc1-4c4b-b620-7ec872c2fe8e
2023-09-14 09:00:52,003 [main] INFO  balancer.ContainerBalancerTask (ContainerBalancerTask.java:matchSourceWithTarget(722)) - ContainerBalancer matched source datanode b2410ec6-bcc1-4c4b-b620-7ec872c2fe8e with target datanode 250eb2c8-682b-4b3a-a83a-e00ac03e249d for container move.
2023-09-14 09:00:52,003 [main] INFO  balancer.ContainerBalancerTask (ContainerBalancerTask.java:processMoveSelection(569)) - ContainerBalancer is trying to move container #71 with size 3221225472B from source datanode b2410ec6-bcc1-4c4b-b620-7ec872c2fe8e to target datanode 250eb2c8-682b-4b3a-a83a-e00ac03e249d
2023-09-14 09:00:52,003 [main] DEBUG balancer.ContainerBalancerTask (ContainerBalancerTask.java:lambda$moveContainer$3(837)) - Container move completed for container #71 from source b2410ec6-bcc1-4c4b-b620-7ec872c2fe8e to target 250eb2c8-682b-4b3a-a83a-e00ac03e249d
2023-09-14 09:00:52,005 [main] DEBUG balancer.ContainerBalancerTask (ContainerBalancerTask.java:matchSourceWithTarget(708)) - ContainerBalancer is finding suitable target for source datanode b2410ec6-bcc1-4c4b-b620-7ec872c2fe8e
2023-09-14 09:00:52,005 [main] INFO  balancer.ContainerBalancerTask (ContainerBalancerTask.java:matchSourceWithTarget(722)) - ContainerBalancer matched source datanode b2410ec6-bcc1-4c4b-b620-7ec872c2fe8e with target datanode 250eb2c8-682b-4b3a-a83a-e00ac03e249d for container move.
2023-09-14 09:00:52,005 [main] INFO  balancer.ContainerBalancerTask (ContainerBalancerTask.java:processMoveSelection(569)) - ContainerBalancer is trying to move container #66 with size 3221225472B from source datanode b2410ec6-bcc1-4c4b-b620-7ec872c2fe8e to target datanode 250eb2c8-682b-4b3a-a83a-e00ac03e249d
2023-09-14 09:00:52,005 [main] DEBUG balancer.ContainerBalancerTask (ContainerBalancerTask.java:lambda$moveContainer$3(837)) - Container move completed for container #66 from source b2410ec6-bcc1-4c4b-b620-7ec872c2fe8e to target 250eb2c8-682b-4b3a-a83a-e00ac03e249d
2023-09-14 09:00:52,008 [main] DEBUG balancer.ContainerBalancerTask (ContainerBalancerTask.java:matchSourceWithTarget(708)) - ContainerBalancer is finding suitable target for source datanode 1900701f-e253-4cdd-ab6a-c712c592a450
2023-09-14 09:00:52,008 [main] INFO  balancer.ContainerBalancerTask (ContainerBalancerTask.java:matchSourceWithTarget(722)) - ContainerBalancer matched source datanode 1900701f-e253-4cdd-ab6a-c712c592a450 with target datanode 250eb2c8-682b-4b3a-a83a-e00ac03e249d for container move.
2023-09-14 09:00:52,008 [main] INFO  balancer.ContainerBalancerTask (ContainerBalancerTask.java:processMoveSelection(569)) - ContainerBalancer is trying to move container #84 with size 4294967296B from source datanode 1900701f-e253-4cdd-ab6a-c712c592a450 to target datanode 250eb2c8-682b-4b3a-a83a-e00ac03e249d
2023-09-14 09:00:52,008 [main] DEBUG balancer.ContainerBalancerTask (ContainerBalancerTask.java:lambda$moveContainer$3(837)) - Container move completed for container #84 from source 1900701f-e253-4cdd-ab6a-c712c592a450 to target 250eb2c8-682b-4b3a-a83a-e00ac03e249d
2023-09-14 09:00:52,011 [main] DEBUG balancer.ContainerBalancerTask (ContainerBalancerTask.java:matchSourceWithTarget(708)) - ContainerBalancer is finding suitable target for source datanode 91d2078e-5a22-4e36-bbfb-501cc119c99c
2023-09-14 09:00:52,011 [main] INFO  balancer.ContainerBalancerTask (ContainerBalancerTask.java:matchSourceWithTarget(722)) - ContainerBalancer matched source datanode 91d2078e-5a22-4e36-bbfb-501cc119c99c with target datanode 250eb2c8-682b-4b3a-a83a-e00ac03e249d for container move.
2023-09-14 09:00:52,011 [main] INFO  balancer.ContainerBalancerTask (ContainerBalancerTask.java:processMoveSelection(569)) - ContainerBalancer is trying to move container #29 with size 5368709120B from source datanode 91d2078e-5a22-4e36-bbfb-501cc119c99c to target datanode 250eb2c8-682b-4b3a-a83a-e00ac03e249d
2023-09-14 09:00:52,011 [main] DEBUG balancer.ContainerBalancerTask (ContainerBalancerTask.java:lambda$moveContainer$3(837)) - Container move completed for container #29 from source 91d2078e-5a22-4e36-bbfb-501cc119c99c to target 250eb2c8-682b-4b3a-a83a-e00ac03e249d
2023-09-14 09:00:52,013 [main] DEBUG balancer.ContainerBalancerTask (ContainerBalancerTask.java:matchSourceWithTarget(708)) - ContainerBalancer is finding suitable target for source datanode b2410ec6-bcc1-4c4b-b620-7ec872c2fe8e
2023-09-14 09:00:52,014 [main] INFO  balancer.ContainerBalancerTask (ContainerBalancerTask.java:matchSourceWithTarget(722)) - ContainerBalancer matched source datanode b2410ec6-bcc1-4c4b-b620-7ec872c2fe8e with target datanode 250eb2c8-682b-4b3a-a83a-e00ac03e249d for container move.
2023-09-14 09:00:52,014 [main] INFO  balancer.ContainerBalancerTask (ContainerBalancerTask.java:processMoveSelection(569)) - ContainerBalancer is trying to move container #51 with size 3221225472B from source datanode b2410ec6-bcc1-4c4b-b620-7ec872c2fe8e to target datanode 250eb2c8-682b-4b3a-a83a-e00ac03e249d
2023-09-14 09:00:52,014 [main] DEBUG balancer.ContainerBalancerTask (ContainerBalancerTask.java:lambda$moveContainer$3(837)) - Container move completed for container #51 from source b2410ec6-bcc1-4c4b-b620-7ec872c2fe8e to target 250eb2c8-682b-4b3a-a83a-e00ac03e249d
2023-09-14 09:00:52,016 [main] DEBUG balancer.ContainerBalancerTask (ContainerBalancerTask.java:matchSourceWithTarget(708)) - ContainerBalancer is finding suitable target for source datanode 1900701f-e253-4cdd-ab6a-c712c592a450
2023-09-14 09:00:52,016 [main] INFO  balancer.ContainerBalancerTask (ContainerBalancerTask.java:matchSourceWithTarget(722)) - ContainerBalancer matched source datanode 1900701f-e253-4cdd-ab6a-c712c592a450 with target datanode 250eb2c8-682b-4b3a-a83a-e00ac03e249d for container move.
2023-09-14 09:00:52,017 [main] INFO  balancer.ContainerBalancerTask (ContainerBalancerTask.java:processMoveSelection(569)) - ContainerBalancer is trying to move container #39 with size 4294967296B from source datanode 1900701f-e253-4cdd-ab6a-c712c592a450 to target datanode 250eb2c8-682b-4b3a-a83a-e00ac03e249d
2023-09-14 09:00:52,017 [main] DEBUG balancer.ContainerBalancerTask (ContainerBalancerTask.java:lambda$moveContainer$3(837)) - Container move completed for container #39 from source 1900701f-e253-4cdd-ab6a-c712c592a450 to target 250eb2c8-682b-4b3a-a83a-e00ac03e249d
2023-09-14 09:00:52,020 [main] DEBUG balancer.ContainerBalancerTask (ContainerBalancerTask.java:matchSourceWithTarget(708)) - ContainerBalancer is finding suitable target for source datanode 91d2078e-5a22-4e36-bbfb-501cc119c99c
2023-09-14 09:00:52,020 [main] INFO  balancer.ContainerBalancerTask (ContainerBalancerTask.java:matchSourceWithTarget(722)) - ContainerBalancer matched source datanode 91d2078e-5a22-4e36-bbfb-501cc119c99c with target datanode 250eb2c8-682b-4b3a-a83a-e00ac03e249d for container move.
2023-09-14 09:00:52,020 [main] INFO  balancer.ContainerBalancerTask (ContainerBalancerTask.java:processMoveSelection(569)) - ContainerBalancer is trying to move container #52 with size 4294967296B from source datanode 91d2078e-5a22-4e36-bbfb-501cc119c99c to target datanode 250eb2c8-682b-4b3a-a83a-e00ac03e249d
2023-09-14 09:00:52,020 [main] DEBUG balancer.ContainerBalancerTask (ContainerBalancerTask.java:lambda$moveContainer$3(837)) - Container move completed for container #52 from source 91d2078e-5a22-4e36-bbfb-501cc119c99c to target 250eb2c8-682b-4b3a-a83a-e00ac03e249d
2023-09-14 09:00:52,023 [main] DEBUG balancer.ContainerBalancerTask (ContainerBalancerTask.java:matchSourceWithTarget(708)) - ContainerBalancer is finding suitable target for source datanode f566b4e4-cbfe-4faf-a56a-ea8079f0a6aa
2023-09-14 09:00:52,023 [main] INFO  balancer.ContainerBalancerTask (ContainerBalancerTask.java:matchSourceWithTarget(722)) - ContainerBalancer matched source datanode f566b4e4-cbfe-4faf-a56a-ea8079f0a6aa with target datanode 250eb2c8-682b-4b3a-a83a-e00ac03e249d for container move.
2023-09-14 09:00:52,023 [main] INFO  balancer.ContainerBalancerTask (ContainerBalancerTask.java:processMoveSelection(569)) - ContainerBalancer is trying to move container #40 with size 5368709120B from source datanode f566b4e4-cbfe-4faf-a56a-ea8079f0a6aa to target datanode 250eb2c8-682b-4b3a-a83a-e00ac03e249d
2023-09-14 09:00:52,023 [main] DEBUG balancer.ContainerBalancerTask (ContainerBalancerTask.java:lambda$moveContainer$3(837)) - Container move completed for container #40 from source f566b4e4-cbfe-4faf-a56a-ea8079f0a6aa to target 250eb2c8-682b-4b3a-a83a-e00ac03e249d
2023-09-14 09:00:52,025 [main] DEBUG balancer.ContainerBalancerTask (ContainerBalancerTask.java:matchSourceWithTarget(708)) - ContainerBalancer is finding suitable target for source datanode b2410ec6-bcc1-4c4b-b620-7ec872c2fe8e
2023-09-14 09:00:52,026 [main] INFO  balancer.ContainerBalancerTask (ContainerBalancerTask.java:matchSourceWithTarget(722)) - ContainerBalancer matched source datanode b2410ec6-bcc1-4c4b-b620-7ec872c2fe8e with target datanode c3dbb107-9225-42c7-bd9d-68a8fe900965 for container move.
2023-09-14 09:00:52,026 [main] INFO  balancer.ContainerBalancerTask (ContainerBalancerTask.java:processMoveSelection(569)) - ContainerBalancer is trying to move container #87 with size 2147483648B from source datanode b2410ec6-bcc1-4c4b-b620-7ec872c2fe8e to target datanode c3dbb107-9225-42c7-bd9d-68a8fe900965
2023-09-14 09:00:52,026 [main] DEBUG balancer.ContainerBalancerTask (ContainerBalancerTask.java:lambda$moveContainer$3(837)) - Container move completed for container #87 from source b2410ec6-bcc1-4c4b-b620-7ec872c2fe8e to target c3dbb107-9225-42c7-bd9d-68a8fe900965
2023-09-14 09:00:52,029 [main] DEBUG balancer.ContainerBalancerTask (ContainerBalancerTask.java:matchSourceWithTarget(708)) - ContainerBalancer is finding suitable target for source datanode 1900701f-e253-4cdd-ab6a-c712c592a450
2023-09-14 09:00:52,029 [main] INFO  balancer.ContainerBalancerTask (ContainerBalancerTask.java:matchSourceWithTarget(722)) - ContainerBalancer matched source datanode 1900701f-e253-4cdd-ab6a-c712c592a450 with target datanode 250eb2c8-682b-4b3a-a83a-e00ac03e249d for container move.
2023-09-14 09:00:52,029 [main] INFO  balancer.ContainerBalancerTask (ContainerBalancerTask.java:processMoveSelection(569)) - ContainerBalancer is trying to move container #28 with size 4294967296B from source datanode 1900701f-e253-4cdd-ab6a-c712c592a450 to target datanode 250eb2c8-682b-4b3a-a83a-e00ac03e249d
2023-09-14 09:00:52,029 [main] DEBUG balancer.ContainerBalancerTask (ContainerBalancerTask.java:lambda$moveContainer$3(837)) - Container move completed for container #28 from source 1900701f-e253-4cdd-ab6a-c712c592a450 to target 250eb2c8-682b-4b3a-a83a-e00ac03e249d
2023-09-14 09:00:52,032 [main] DEBUG balancer.ContainerBalancerTask (ContainerBalancerTask.java:matchSourceWithTarget(708)) - ContainerBalancer is finding suitable target for source datanode 91d2078e-5a22-4e36-bbfb-501cc119c99c
2023-09-14 09:00:52,032 [main] INFO  balancer.ContainerBalancerTask (ContainerBalancerTask.java:matchSourceWithTarget(722)) - ContainerBalancer matched source datanode 91d2078e-5a22-4e36-bbfb-501cc119c99c with target datanode c3dbb107-9225-42c7-bd9d-68a8fe900965 for container move.
2023-09-14 09:00:52,033 [main] INFO  balancer.ContainerBalancerTask (ContainerBalancerTask.java:processMoveSelection(569)) - ContainerBalancer is trying to move container #27 with size 3221225472B from source datanode 91d2078e-5a22-4e36-bbfb-501cc119c99c to target datanode c3dbb107-9225-42c7-bd9d-68a8fe900965
2023-09-14 09:00:52,033 [main] DEBUG balancer.ContainerBalancerTask (ContainerBalancerTask.java:lambda$moveContainer$3(837)) - Container move completed for container #27 from source 91d2078e-5a22-4e36-bbfb-501cc119c99c to target c3dbb107-9225-42c7-bd9d-68a8fe900965
2023-09-14 09:00:52,033 [main] WARN  balancer.ContainerBalancerTask (ContainerBalancerTask.java:reachedMaxSizeToMovePerIteration(733)) - Reached max size to move limit. 53687091200 bytes have already been scheduled for balancing and the limit is 53687091200 bytes.
2023-09-14 09:00:52,033 [main] INFO  balancer.ContainerBalancerTask (ContainerBalancerTask.java:checkIterationMoveResults(642)) - Iteration Summary. Number of Datanodes involved: 7. Size moved: 50 GB (53687091200 Bytes). Number of Container moves completed: 13.
2023-09-14 09:00:52,033 [main] INFO  balancer.ContainerBalancerTask (ContainerBalancerTask.java:balance(259)) - Result of this iteration of Container Balancer: ITERATION_COMPLETED
2023-09-14 09:00:52,033 [main] INFO  balancer.ContainerBalancerTask (ContainerBalancerTask.java:tryStopWithSaveConfiguration(308)) - Save Configuration for stopping. Reason: Completed all iterations.
2023-09-14 09:00:52,034 [main] DEBUG balancer.ContainerBalancerTask (ContainerBalancerTask.java:initializeIteration(374)) - Average utilization of the cluster is 0.3407892738599359
2023-09-14 09:00:52,034 [main] DEBUG balancer.ContainerBalancerTask (ContainerBalancerTask.java:initializeIteration(386)) - Lower limit for utilization is -0.5918583904767454 and Upper limit for utilization is 1.2734369381966173
2023-09-14 09:00:52,034 [main] DEBUG balancer.ContainerBalancerTask (ContainerBalancerTask.java:initializeIteration(398)) - Utilization for node 1900701f-e253-4cdd-ab6a-c712c592a450 with capacity 57266230613B, used 51539607552B, and remaining 5726623061B is 0.9000000000052387
2023-09-14 09:00:52,034 [main] DEBUG balancer.ContainerBalancerTask (ContainerBalancerTask.java:initializeIteration(398)) - Utilization for node b2410ec6-bcc1-4c4b-b620-7ec872c2fe8e with capacity 45634027520B, used 36507222016B, and remaining 9126805504B is 0.8
2023-09-14 09:00:52,034 [main] DEBUG balancer.ContainerBalancerTask (ContainerBalancerTask.java:initializeIteration(398)) - Utilization for node 91d2078e-5a22-4e36-bbfb-501cc119c99c with capacity 69026260114B, used 48318382080B, and remaining 20707878034B is 0.7000000000028974
2023-09-14 09:00:52,034 [main] DEBUG balancer.ContainerBalancerTask (ContainerBalancerTask.java:initializeIteration(398)) - Utilization for node f566b4e4-cbfe-4faf-a56a-ea8079f0a6aa with capacity 76951497386B, used 46170898432B, and remaining 30780598954B is 0.600000000005198
2023-09-14 09:00:52,035 [main] DEBUG balancer.ContainerBalancerTask (ContainerBalancerTask.java:initializeIteration(398)) - Utilization for node 590d5e92-d535-41c5-a6c4-4c98d164c5ff with capacity 115964116992B, used 57982058496B, and remaining 57982058496B is 0.5
2023-09-14 09:00:52,035 [main] DEBUG balancer.ContainerBalancerTask (ContainerBalancerTask.java:initializeIteration(398)) - Utilization for node af525658-3b6e-4170-aa4a-4569182def5e with capacity 134217728000B, used 53687091200B, and remaining 80530636800B is 0.4
2023-09-14 09:00:52,035 [main] DEBUG balancer.ContainerBalancerTask (ContainerBalancerTask.java:initializeIteration(398)) - Utilization for node 86ea1744-2c30-43c3-bbe6-07005c6b0bce with capacity 114532461226B, used 34359738368B, and remaining 80172722858B is 0.3000000000017462
2023-09-14 09:00:52,035 [main] DEBUG balancer.ContainerBalancerTask (ContainerBalancerTask.java:initializeIteration(398)) - Utilization for node c3dbb107-9225-42c7-bd9d-68a8fe900965 with capacity 187904819200B, used 37580963840B, and remaining 150323855360B is 0.2
2023-09-14 09:00:52,035 [main] DEBUG balancer.ContainerBalancerTask (ContainerBalancerTask.java:initializeIteration(398)) - Utilization for node 250eb2c8-682b-4b3a-a83a-e00ac03e249d with capacity 354334801920B, used 35433480192B, and remaining 318901321728B is 0.1
2023-09-14 09:00:52,035 [main] DEBUG balancer.ContainerBalancerTask (ContainerBalancerTask.java:initializeIteration(398)) - Utilization for node 86b781ac-681d-4737-af9f-2dbbe676040f with capacity 22548578304B, used 0B, and remaining 22548578304B is 0.0
2023-09-14 09:00:52,035 [main] INFO  balancer.ContainerBalancerTask (ContainerBalancerTask.java:initializeIteration(443)) - Did not find any unbalanced Datanodes.
2023-09-14 09:00:52,035 [main] INFO  balancer.ContainerBalancerTask (ContainerBalancerTask.java:tryStopWithSaveConfiguration(308)) - Save Configuration for stopping. Reason: Could not initialize ContainerBalancer's iteration number 0
2023-09-14 09:00:52,036 [main] DEBUG balancer.ContainerBalancerTask (ContainerBalancerTask.java:initializeIteration(374)) - Average utilization of the cluster is 0.3407892738599359
2023-09-14 09:00:52,036 [main] DEBUG balancer.ContainerBalancerTask (ContainerBalancerTask.java:initializeIteration(386)) - Lower limit for utilization is -0.6560265504103377 and Upper limit for utilization is 1.3376050981302094
2023-09-14 09:00:52,036 [main] DEBUG balancer.ContainerBalancerTask (ContainerBalancerTask.java:initializeIteration(398)) - Utilization for node 1900701f-e253-4cdd-ab6a-c712c592a450 with capacity 57266230613B, used 51539607552B, and remaining 5726623061B is 0.9000000000052387
2023-09-14 09:00:52,036 [main] DEBUG balancer.ContainerBalancerTask (ContainerBalancerTask.java:initializeIteration(398)) - Utilization for node b2410ec6-bcc1-4c4b-b620-7ec872c2fe8e with capacity 45634027520B, used 36507222016B, and remaining 9126805504B is 0.8
2023-09-14 09:00:52,036 [main] DEBUG balancer.ContainerBalancerTask (ContainerBalancerTask.java:initializeIteration(398)) - Utilization for node 91d2078e-5a22-4e36-bbfb-501cc119c99c with capacity 69026260114B, used 48318382080B, and remaining 20707878034B is 0.7000000000028974
2023-09-14 09:00:52,036 [main] DEBUG balancer.ContainerBalancerTask (ContainerBalancerTask.java:initializeIteration(398)) - Utilization for node f566b4e4-cbfe-4faf-a56a-ea8079f0a6aa with capacity 76951497386B, used 46170898432B, and remaining 30780598954B is 0.600000000005198
2023-09-14 09:00:52,036 [main] DEBUG balancer.ContainerBalancerTask (ContainerBalancerTask.java:initializeIteration(398)) - Utilization for node 590d5e92-d535-41c5-a6c4-4c98d164c5ff with capacity 115964116992B, used 57982058496B, and remaining 57982058496B is 0.5
2023-09-14 09:00:52,036 [main] DEBUG balancer.ContainerBalancerTask (ContainerBalancerTask.java:initializeIteration(398)) - Utilization for node af525658-3b6e-4170-aa4a-4569182def5e with capacity 134217728000B, used 53687091200B, and remaining 80530636800B is 0.4
2023-09-14 09:00:52,036 [main] DEBUG balancer.ContainerBalancerTask (ContainerBalancerTask.java:initializeIteration(398)) - Utilization for node 86ea1744-2c30-43c3-bbe6-07005c6b0bce with capacity 114532461226B, used 34359738368B, and remaining 80172722858B is 0.3000000000017462
2023-09-14 09:00:52,037 [main] DEBUG balancer.ContainerBalancerTask (ContainerBalancerTask.java:initializeIteration(398)) - Utilization for node c3dbb107-9225-42c7-bd9d-68a8fe900965 with capacity 187904819200B, used 37580963840B, and remaining 150323855360B is 0.2
2023-09-14 09:00:52,037 [main] DEBUG balancer.ContainerBalancerTask (ContainerBalancerTask.java:initializeIteration(398)) - Utilization for node 250eb2c8-682b-4b3a-a83a-e00ac03e249d with capacity 354334801920B, used 35433480192B, and remaining 318901321728B is 0.1
2023-09-14 09:00:52,037 [main] DEBUG balancer.ContainerBalancerTask (ContainerBalancerTask.java:initializeIteration(398)) - Utilization for node 86b781ac-681d-4737-af9f-2dbbe676040f with capacity 22548578304B, used 0B, and remaining 22548578304B is 0.0
2023-09-14 09:00:52,037 [main] INFO  balancer.ContainerBalancerTask (ContainerBalancerTask.java:initializeIteration(443)) - Did not find any unbalanced Datanodes.
2023-09-14 09:00:52,037 [main] INFO  balancer.ContainerBalancerTask (ContainerBalancerTask.java:tryStopWithSaveConfiguration(308)) - Save Configuration for stopping. Reason: Could not initialize ContainerBalancer's iteration number 0
]]></system-out>
  </testcase>
  <testcase name="balancerShouldObeyMaxSizeEnteringTargetLimit" classname="org.apache.hadoop.hdds.scm.container.balancer.TestContainerBalancerTask" time="0.657">
    <system-out><![CDATA[2023-09-14 09:00:52,060 [main] INFO  net.NodeSchemaLoader (NodeSchemaLoader.java:loadSchemaFromFile(129)) - Loading schema from [file:/home/runner/work/ozone/ozone/hadoop-hdds/common/target/classes/network-topology-default.xml]
2023-09-14 09:00:52,060 [main] INFO  net.NodeSchemaLoader (NodeSchemaLoader.java:loadSchema(176)) - Loading network topology layer schema file
2023-09-14 09:00:52,062 [main] INFO  net.NetworkTopologyImpl (NetworkTopologyImpl.java:add(112)) - Added a new node: /default-rack/c4ba3aa7-9a53-4112-b0b0-f92b042cdc8b
2023-09-14 09:00:52,062 [main] INFO  net.NetworkTopologyImpl (NetworkTopologyImpl.java:add(112)) - Added a new node: /default-rack/424ef200-68da-4938-8d54-8e40d015626d
2023-09-14 09:00:52,062 [main] INFO  net.NetworkTopologyImpl (NetworkTopologyImpl.java:add(112)) - Added a new node: /default-rack/68a645fb-4702-4f55-9661-548ce24b255d
2023-09-14 09:00:52,062 [main] INFO  net.NetworkTopologyImpl (NetworkTopologyImpl.java:add(112)) - Added a new node: /default-rack/3aaa2eff-8ae3-483d-81ee-4920587e6eb8
2023-09-14 09:00:52,062 [main] INFO  net.NetworkTopologyImpl (NetworkTopologyImpl.java:add(112)) - Added a new node: /default-rack/274d117b-6284-43ec-b0ec-3b0c0021d47c
2023-09-14 09:00:52,062 [main] INFO  net.NetworkTopologyImpl (NetworkTopologyImpl.java:add(112)) - Added a new node: /default-rack/9ed2a680-c9df-4964-b972-4d18dae999ce
2023-09-14 09:00:52,062 [main] INFO  net.NetworkTopologyImpl (NetworkTopologyImpl.java:add(112)) - Added a new node: /default-rack/0683cb73-921b-4122-b2de-e782c251f59d
2023-09-14 09:00:52,062 [main] INFO  net.NetworkTopologyImpl (NetworkTopologyImpl.java:add(112)) - Added a new node: /default-rack/38e45923-82a7-4aab-881f-aa2666ef6ff7
2023-09-14 09:00:52,062 [main] INFO  net.NetworkTopologyImpl (NetworkTopologyImpl.java:add(112)) - Added a new node: /default-rack/1f5c195a-a496-47b0-9977-d2e5478cb940
2023-09-14 09:00:52,063 [main] INFO  net.NetworkTopologyImpl (NetworkTopologyImpl.java:add(112)) - Added a new node: /default-rack/fa505834-1b79-430c-895f-b43e4fff5880
2023-09-14 09:00:52,063 [main] INFO  algorithms.ContainerPlacementPolicyFactory (ContainerPlacementPolicyFactory.java:getPolicyInternal(86)) - Create container placement policy of type org.apache.hadoop.hdds.scm.container.placement.algorithms.SCMContainerPlacementRackAware
2023-09-14 09:00:52,063 [main] INFO  algorithms.ContainerPlacementPolicyFactory (ContainerPlacementPolicyFactory.java:getPolicyInternal(86)) - Create container placement policy of type org.apache.hadoop.hdds.scm.container.placement.algorithms.SCMContainerPlacementRackScatter
2023-09-14 09:00:52,066 [main] DEBUG balancer.ContainerBalancerTask (ContainerBalancerTask.java:initializeIteration(374)) - Average utilization of the cluster is 0.36256473348440693
2023-09-14 09:00:52,066 [main] DEBUG balancer.ContainerBalancerTask (ContainerBalancerTask.java:initializeIteration(386)) - Lower limit for utilization is 0.2625647334844069 and Upper limit for utilization is 0.46256473348440696
2023-09-14 09:00:52,066 [main] DEBUG balancer.ContainerBalancerTask (ContainerBalancerTask.java:initializeIteration(398)) - Utilization for node 38e45923-82a7-4aab-881f-aa2666ef6ff7 with capacity 65617555911B, used 59055800320B, and remaining 6561755591B is 0.900000000001524
2023-09-14 09:00:52,066 [main] DEBUG balancer.ContainerBalancerTask (ContainerBalancerTask.java:initializeIteration(398)) - Utilization for node 9ed2a680-c9df-4964-b972-4d18dae999ce with capacity 71135395840B, used 56908316672B, and remaining 14227079168B is 0.8
2023-09-14 09:00:52,066 [main] DEBUG balancer.ContainerBalancerTask (ContainerBalancerTask.java:initializeIteration(398)) - Utilization for node fa505834-1b79-430c-895f-b43e4fff5880 with capacity 53687091200B, used 37580963840B, and remaining 16106127360B is 0.7
2023-09-14 09:00:52,066 [main] DEBUG balancer.ContainerBalancerTask (ContainerBalancerTask.java:initializeIteration(398)) - Utilization for node 68a645fb-4702-4f55-9661-548ce24b255d with capacity 87688915626B, used 52613349376B, and remaining 35075566250B is 0.6000000000045616
2023-09-14 09:00:52,066 [main] DEBUG balancer.ContainerBalancerTask (ContainerBalancerTask.java:initializeIteration(398)) - Utilization for node 0683cb73-921b-4122-b2de-e782c251f59d with capacity 100931731456B, used 50465865728B, and remaining 50465865728B is 0.5
2023-09-14 09:00:52,066 [main] DEBUG balancer.ContainerBalancerTask (ContainerBalancerTask.java:initializeIteration(398)) - Utilization for node 1f5c195a-a496-47b0-9977-d2e5478cb940 with capacity 77846282240B, used 31138512896B, and remaining 46707769344B is 0.4
2023-09-14 09:00:52,066 [main] DEBUG balancer.ContainerBalancerTask (ContainerBalancerTask.java:initializeIteration(398)) - Utilization for node 274d117b-6284-43ec-b0ec-3b0c0021d47c with capacity 132428158293B, used 39728447488B, and remaining 92699710805B is 0.3000000000007551
2023-09-14 09:00:52,066 [main] DEBUG balancer.ContainerBalancerTask (ContainerBalancerTask.java:initializeIteration(398)) - Utilization for node 424ef200-68da-4938-8d54-8e40d015626d with capacity 102005473280B, used 20401094656B, and remaining 81604378624B is 0.2
2023-09-14 09:00:52,066 [main] DEBUG balancer.ContainerBalancerTask (ContainerBalancerTask.java:initializeIteration(398)) - Utilization for node 3aaa2eff-8ae3-483d-81ee-4920587e6eb8 with capacity 300647710720B, used 30064771072B, and remaining 270582939648B is 0.1
2023-09-14 09:00:52,067 [main] DEBUG balancer.ContainerBalancerTask (ContainerBalancerTask.java:initializeIteration(398)) - Utilization for node c4ba3aa7-9a53-4112-b0b0-f92b042cdc8b with capacity 50465865728B, used 0B, and remaining 50465865728B is 0.0
2023-09-14 09:00:52,067 [main] INFO  balancer.ContainerBalancerTask (ContainerBalancerTask.java:initializeIteration(447)) - Container Balancer has identified 5 Over-Utilized and 3 Under-Utilized Datanodes that need to be balanced.
2023-09-14 09:00:52,067 [main] DEBUG balancer.ContainerBalancerTask (ContainerBalancerTask.java:lambda$initializeIteration$1(453)) - Datanode localhost-166.146.114.123 38e45923-82a7-4aab-881f-aa2666ef6ff7 is Over-Utilized.
2023-09-14 09:00:52,067 [main] DEBUG balancer.ContainerBalancerTask (ContainerBalancerTask.java:lambda$initializeIteration$1(453)) - Datanode localhost-215.139.46.47 9ed2a680-c9df-4964-b972-4d18dae999ce is Over-Utilized.
2023-09-14 09:00:52,067 [main] DEBUG balancer.ContainerBalancerTask (ContainerBalancerTask.java:lambda$initializeIteration$1(453)) - Datanode localhost-196.233.143.196 fa505834-1b79-430c-895f-b43e4fff5880 is Over-Utilized.
2023-09-14 09:00:52,067 [main] DEBUG balancer.ContainerBalancerTask (ContainerBalancerTask.java:lambda$initializeIteration$1(453)) - Datanode localhost-20.21.207.182 68a645fb-4702-4f55-9661-548ce24b255d is Over-Utilized.
2023-09-14 09:00:52,067 [main] DEBUG balancer.ContainerBalancerTask (ContainerBalancerTask.java:lambda$initializeIteration$1(453)) - Datanode localhost-64.50.37.13 0683cb73-921b-4122-b2de-e782c251f59d is Over-Utilized.
2023-09-14 09:00:52,067 [main] DEBUG balancer.ContainerBalancerTask (ContainerBalancerTask.java:lambda$initializeIteration$2(459)) - Datanode localhost-56.71.248.178 c4ba3aa7-9a53-4112-b0b0-f92b042cdc8b is Under-Utilized.
2023-09-14 09:00:52,067 [main] DEBUG balancer.ContainerBalancerTask (ContainerBalancerTask.java:lambda$initializeIteration$2(459)) - Datanode localhost-121.197.119.221 3aaa2eff-8ae3-483d-81ee-4920587e6eb8 is Under-Utilized.
2023-09-14 09:00:52,067 [main] DEBUG balancer.ContainerBalancerTask (ContainerBalancerTask.java:lambda$initializeIteration$2(459)) - Datanode localhost-170.104.138.103 424ef200-68da-4938-8d54-8e40d015626d is Under-Utilized.
2023-09-14 09:00:52,070 [main] DEBUG balancer.ContainerBalancerTask (ContainerBalancerTask.java:matchSourceWithTarget(708)) - ContainerBalancer is finding suitable target for source datanode 38e45923-82a7-4aab-881f-aa2666ef6ff7
2023-09-14 09:00:52,072 [main] INFO  balancer.FindTargetGreedyByUsageInfo (AbstractFindTargetGreedy.java:findTargetForContainerMove(133)) - Container Balancer could not find a target for source datanode 38e45923-82a7-4aab-881f-aa2666ef6ff7
2023-09-14 09:00:52,073 [main] DEBUG balancer.ContainerBalancerTask (ContainerBalancerTask.java:matchSourceWithTarget(717)) - ContainerBalancer could not find a suitable target for source node 38e45923-82a7-4aab-881f-aa2666ef6ff7.
2023-09-14 09:00:52,075 [main] DEBUG balancer.ContainerBalancerTask (ContainerBalancerTask.java:matchSourceWithTarget(708)) - ContainerBalancer is finding suitable target for source datanode 9ed2a680-c9df-4964-b972-4d18dae999ce
2023-09-14 09:00:52,078 [main] INFO  balancer.FindTargetGreedyByUsageInfo (AbstractFindTargetGreedy.java:findTargetForContainerMove(133)) - Container Balancer could not find a target for source datanode 9ed2a680-c9df-4964-b972-4d18dae999ce
2023-09-14 09:00:52,078 [main] DEBUG balancer.ContainerBalancerTask (ContainerBalancerTask.java:matchSourceWithTarget(717)) - ContainerBalancer could not find a suitable target for source node 9ed2a680-c9df-4964-b972-4d18dae999ce.
2023-09-14 09:00:52,080 [main] DEBUG balancer.ContainerBalancerTask (ContainerBalancerTask.java:matchSourceWithTarget(708)) - ContainerBalancer is finding suitable target for source datanode fa505834-1b79-430c-895f-b43e4fff5880
2023-09-14 09:00:52,081 [main] INFO  balancer.FindTargetGreedyByUsageInfo (AbstractFindTargetGreedy.java:findTargetForContainerMove(133)) - Container Balancer could not find a target for source datanode fa505834-1b79-430c-895f-b43e4fff5880
2023-09-14 09:00:52,081 [main] DEBUG balancer.ContainerBalancerTask (ContainerBalancerTask.java:matchSourceWithTarget(717)) - ContainerBalancer could not find a suitable target for source node fa505834-1b79-430c-895f-b43e4fff5880.
2023-09-14 09:00:52,084 [main] DEBUG balancer.ContainerBalancerTask (ContainerBalancerTask.java:matchSourceWithTarget(708)) - ContainerBalancer is finding suitable target for source datanode 68a645fb-4702-4f55-9661-548ce24b255d
2023-09-14 09:00:52,086 [main] INFO  balancer.FindTargetGreedyByUsageInfo (AbstractFindTargetGreedy.java:findTargetForContainerMove(133)) - Container Balancer could not find a target for source datanode 68a645fb-4702-4f55-9661-548ce24b255d
2023-09-14 09:00:52,086 [main] DEBUG balancer.ContainerBalancerTask (ContainerBalancerTask.java:matchSourceWithTarget(717)) - ContainerBalancer could not find a suitable target for source node 68a645fb-4702-4f55-9661-548ce24b255d.
2023-09-14 09:00:52,088 [main] DEBUG balancer.ContainerBalancerTask (ContainerBalancerTask.java:matchSourceWithTarget(708)) - ContainerBalancer is finding suitable target for source datanode 0683cb73-921b-4122-b2de-e782c251f59d
2023-09-14 09:00:52,090 [main] INFO  balancer.FindTargetGreedyByUsageInfo (AbstractFindTargetGreedy.java:findTargetForContainerMove(133)) - Container Balancer could not find a target for source datanode 0683cb73-921b-4122-b2de-e782c251f59d
2023-09-14 09:00:52,090 [main] DEBUG balancer.ContainerBalancerTask (ContainerBalancerTask.java:matchSourceWithTarget(717)) - ContainerBalancer could not find a suitable target for source node 0683cb73-921b-4122-b2de-e782c251f59d.
2023-09-14 09:00:52,090 [main] INFO  balancer.FindSourceGreedy (FindSourceGreedy.java:getNextCandidateSourceDataNode(126)) - no more candidate source data node
2023-09-14 09:00:52,090 [main] INFO  balancer.ContainerBalancerTask (ContainerBalancerTask.java:balance(259)) - Result of this iteration of Container Balancer: CAN_NOT_BALANCE_ANY_MORE
2023-09-14 09:00:52,090 [main] INFO  balancer.ContainerBalancerTask (ContainerBalancerTask.java:tryStopWithSaveConfiguration(308)) - Save Configuration for stopping. Reason: CAN_NOT_BALANCE_ANY_MORE
2023-09-14 09:00:52,102 [main] DEBUG balancer.ContainerBalancerTask (ContainerBalancerTask.java:initializeIteration(374)) - Average utilization of the cluster is 0.36256473348440693
2023-09-14 09:00:52,102 [main] DEBUG balancer.ContainerBalancerTask (ContainerBalancerTask.java:initializeIteration(386)) - Lower limit for utilization is 0.2625647334844069 and Upper limit for utilization is 0.46256473348440696
2023-09-14 09:00:52,102 [main] DEBUG balancer.ContainerBalancerTask (ContainerBalancerTask.java:initializeIteration(398)) - Utilization for node 38e45923-82a7-4aab-881f-aa2666ef6ff7 with capacity 65617555911B, used 59055800320B, and remaining 6561755591B is 0.900000000001524
2023-09-14 09:00:52,102 [main] DEBUG balancer.ContainerBalancerTask (ContainerBalancerTask.java:initializeIteration(398)) - Utilization for node 9ed2a680-c9df-4964-b972-4d18dae999ce with capacity 71135395840B, used 56908316672B, and remaining 14227079168B is 0.8
2023-09-14 09:00:52,102 [main] DEBUG balancer.ContainerBalancerTask (ContainerBalancerTask.java:initializeIteration(398)) - Utilization for node fa505834-1b79-430c-895f-b43e4fff5880 with capacity 53687091200B, used 37580963840B, and remaining 16106127360B is 0.7
2023-09-14 09:00:52,102 [main] DEBUG balancer.ContainerBalancerTask (ContainerBalancerTask.java:initializeIteration(398)) - Utilization for node 68a645fb-4702-4f55-9661-548ce24b255d with capacity 87688915626B, used 52613349376B, and remaining 35075566250B is 0.6000000000045616
2023-09-14 09:00:52,102 [main] DEBUG balancer.ContainerBalancerTask (ContainerBalancerTask.java:initializeIteration(398)) - Utilization for node 0683cb73-921b-4122-b2de-e782c251f59d with capacity 100931731456B, used 50465865728B, and remaining 50465865728B is 0.5
2023-09-14 09:00:52,102 [main] DEBUG balancer.ContainerBalancerTask (ContainerBalancerTask.java:initializeIteration(398)) - Utilization for node 1f5c195a-a496-47b0-9977-d2e5478cb940 with capacity 77846282240B, used 31138512896B, and remaining 46707769344B is 0.4
2023-09-14 09:00:52,103 [main] DEBUG balancer.ContainerBalancerTask (ContainerBalancerTask.java:initializeIteration(398)) - Utilization for node 274d117b-6284-43ec-b0ec-3b0c0021d47c with capacity 132428158293B, used 39728447488B, and remaining 92699710805B is 0.3000000000007551
2023-09-14 09:00:52,103 [main] DEBUG balancer.ContainerBalancerTask (ContainerBalancerTask.java:initializeIteration(398)) - Utilization for node 424ef200-68da-4938-8d54-8e40d015626d with capacity 102005473280B, used 20401094656B, and remaining 81604378624B is 0.2
2023-09-14 09:00:52,103 [main] DEBUG balancer.ContainerBalancerTask (ContainerBalancerTask.java:initializeIteration(398)) - Utilization for node 3aaa2eff-8ae3-483d-81ee-4920587e6eb8 with capacity 300647710720B, used 30064771072B, and remaining 270582939648B is 0.1
2023-09-14 09:00:52,103 [main] DEBUG balancer.ContainerBalancerTask (ContainerBalancerTask.java:initializeIteration(398)) - Utilization for node c4ba3aa7-9a53-4112-b0b0-f92b042cdc8b with capacity 50465865728B, used 0B, and remaining 50465865728B is 0.0
2023-09-14 09:00:52,103 [main] INFO  balancer.ContainerBalancerTask (ContainerBalancerTask.java:initializeIteration(447)) - Container Balancer has identified 5 Over-Utilized and 3 Under-Utilized Datanodes that need to be balanced.
2023-09-14 09:00:52,103 [main] DEBUG balancer.ContainerBalancerTask (ContainerBalancerTask.java:lambda$initializeIteration$1(453)) - Datanode localhost-166.146.114.123 38e45923-82a7-4aab-881f-aa2666ef6ff7 is Over-Utilized.
2023-09-14 09:00:52,103 [main] DEBUG balancer.ContainerBalancerTask (ContainerBalancerTask.java:lambda$initializeIteration$1(453)) - Datanode localhost-215.139.46.47 9ed2a680-c9df-4964-b972-4d18dae999ce is Over-Utilized.
2023-09-14 09:00:52,103 [main] DEBUG balancer.ContainerBalancerTask (ContainerBalancerTask.java:lambda$initializeIteration$1(453)) - Datanode localhost-196.233.143.196 fa505834-1b79-430c-895f-b43e4fff5880 is Over-Utilized.
2023-09-14 09:00:52,103 [main] DEBUG balancer.ContainerBalancerTask (ContainerBalancerTask.java:lambda$initializeIteration$1(453)) - Datanode localhost-20.21.207.182 68a645fb-4702-4f55-9661-548ce24b255d is Over-Utilized.
2023-09-14 09:00:52,103 [main] DEBUG balancer.ContainerBalancerTask (ContainerBalancerTask.java:lambda$initializeIteration$1(453)) - Datanode localhost-64.50.37.13 0683cb73-921b-4122-b2de-e782c251f59d is Over-Utilized.
2023-09-14 09:00:52,103 [main] DEBUG balancer.ContainerBalancerTask (ContainerBalancerTask.java:lambda$initializeIteration$2(459)) - Datanode localhost-56.71.248.178 c4ba3aa7-9a53-4112-b0b0-f92b042cdc8b is Under-Utilized.
2023-09-14 09:00:52,103 [main] DEBUG balancer.ContainerBalancerTask (ContainerBalancerTask.java:lambda$initializeIteration$2(459)) - Datanode localhost-121.197.119.221 3aaa2eff-8ae3-483d-81ee-4920587e6eb8 is Under-Utilized.
2023-09-14 09:00:52,104 [main] DEBUG balancer.ContainerBalancerTask (ContainerBalancerTask.java:lambda$initializeIteration$2(459)) - Datanode localhost-170.104.138.103 424ef200-68da-4938-8d54-8e40d015626d is Under-Utilized.
2023-09-14 09:00:52,106 [main] DEBUG balancer.ContainerBalancerTask (ContainerBalancerTask.java:matchSourceWithTarget(708)) - ContainerBalancer is finding suitable target for source datanode 38e45923-82a7-4aab-881f-aa2666ef6ff7
2023-09-14 09:00:52,106 [main] INFO  balancer.ContainerBalancerTask (ContainerBalancerTask.java:matchSourceWithTarget(722)) - ContainerBalancer matched source datanode 38e45923-82a7-4aab-881f-aa2666ef6ff7 with target datanode c4ba3aa7-9a53-4112-b0b0-f92b042cdc8b for container move.
2023-09-14 09:00:52,106 [main] INFO  balancer.ContainerBalancerTask (ContainerBalancerTask.java:processMoveSelection(569)) - ContainerBalancer is trying to move container #85 with size 5368709120B from source datanode 38e45923-82a7-4aab-881f-aa2666ef6ff7 to target datanode c4ba3aa7-9a53-4112-b0b0-f92b042cdc8b
2023-09-14 09:00:52,107 [main] DEBUG balancer.ContainerBalancerTask (ContainerBalancerTask.java:lambda$moveContainer$3(837)) - Container move completed for container #85 from source 38e45923-82a7-4aab-881f-aa2666ef6ff7 to target c4ba3aa7-9a53-4112-b0b0-f92b042cdc8b
2023-09-14 09:00:52,107 [main] DEBUG balancer.ContainerBalancerTask (ContainerBalancerTask.java:adaptOnReachingIterationLimits(782)) - Reached max datanodes to involve limit. 2 datanodes have already been selected for balancing and the limit is 2. Only already selected sources and targets can be involved in balancing now.
2023-09-14 09:00:52,109 [main] DEBUG balancer.ContainerBalancerTask (ContainerBalancerTask.java:matchSourceWithTarget(708)) - ContainerBalancer is finding suitable target for source datanode 38e45923-82a7-4aab-881f-aa2666ef6ff7
2023-09-14 09:00:52,110 [main] INFO  balancer.ContainerBalancerTask (ContainerBalancerTask.java:matchSourceWithTarget(722)) - ContainerBalancer matched source datanode 38e45923-82a7-4aab-881f-aa2666ef6ff7 with target datanode c4ba3aa7-9a53-4112-b0b0-f92b042cdc8b for container move.
2023-09-14 09:00:52,110 [main] INFO  balancer.ContainerBalancerTask (ContainerBalancerTask.java:processMoveSelection(569)) - ContainerBalancer is trying to move container #53 with size 5368709120B from source datanode 38e45923-82a7-4aab-881f-aa2666ef6ff7 to target datanode c4ba3aa7-9a53-4112-b0b0-f92b042cdc8b
2023-09-14 09:00:52,110 [main] DEBUG balancer.ContainerBalancerTask (ContainerBalancerTask.java:lambda$moveContainer$3(837)) - Container move completed for container #53 from source 38e45923-82a7-4aab-881f-aa2666ef6ff7 to target c4ba3aa7-9a53-4112-b0b0-f92b042cdc8b
2023-09-14 09:00:52,112 [main] DEBUG balancer.ContainerBalancerTask (ContainerBalancerTask.java:matchSourceWithTarget(708)) - ContainerBalancer is finding suitable target for source datanode 38e45923-82a7-4aab-881f-aa2666ef6ff7
2023-09-14 09:00:52,113 [main] INFO  balancer.ContainerBalancerTask (ContainerBalancerTask.java:matchSourceWithTarget(722)) - ContainerBalancer matched source datanode 38e45923-82a7-4aab-881f-aa2666ef6ff7 with target datanode c4ba3aa7-9a53-4112-b0b0-f92b042cdc8b for container move.
2023-09-14 09:00:52,113 [main] INFO  balancer.ContainerBalancerTask (ContainerBalancerTask.java:processMoveSelection(569)) - ContainerBalancer is trying to move container #40 with size 5368709120B from source datanode 38e45923-82a7-4aab-881f-aa2666ef6ff7 to target datanode c4ba3aa7-9a53-4112-b0b0-f92b042cdc8b
2023-09-14 09:00:52,113 [main] DEBUG balancer.ContainerBalancerTask (ContainerBalancerTask.java:lambda$moveContainer$3(837)) - Container move completed for container #40 from source 38e45923-82a7-4aab-881f-aa2666ef6ff7 to target c4ba3aa7-9a53-4112-b0b0-f92b042cdc8b
2023-09-14 09:00:52,115 [main] DEBUG balancer.ContainerBalancerTask (ContainerBalancerTask.java:matchSourceWithTarget(708)) - ContainerBalancer is finding suitable target for source datanode 38e45923-82a7-4aab-881f-aa2666ef6ff7
2023-09-14 09:00:52,116 [main] INFO  balancer.ContainerBalancerTask (ContainerBalancerTask.java:matchSourceWithTarget(722)) - ContainerBalancer matched source datanode 38e45923-82a7-4aab-881f-aa2666ef6ff7 with target datanode c4ba3aa7-9a53-4112-b0b0-f92b042cdc8b for container move.
2023-09-14 09:00:52,116 [main] INFO  balancer.ContainerBalancerTask (ContainerBalancerTask.java:processMoveSelection(569)) - ContainerBalancer is trying to move container #89 with size 4294967296B from source datanode 38e45923-82a7-4aab-881f-aa2666ef6ff7 to target datanode c4ba3aa7-9a53-4112-b0b0-f92b042cdc8b
2023-09-14 09:00:52,116 [main] DEBUG balancer.ContainerBalancerTask (ContainerBalancerTask.java:lambda$moveContainer$3(837)) - Container move completed for container #89 from source 38e45923-82a7-4aab-881f-aa2666ef6ff7 to target c4ba3aa7-9a53-4112-b0b0-f92b042cdc8b
2023-09-14 09:00:52,118 [main] DEBUG balancer.ContainerBalancerTask (ContainerBalancerTask.java:matchSourceWithTarget(708)) - ContainerBalancer is finding suitable target for source datanode 38e45923-82a7-4aab-881f-aa2666ef6ff7
2023-09-14 09:00:52,119 [main] INFO  balancer.ContainerBalancerTask (ContainerBalancerTask.java:matchSourceWithTarget(722)) - ContainerBalancer matched source datanode 38e45923-82a7-4aab-881f-aa2666ef6ff7 with target datanode c4ba3aa7-9a53-4112-b0b0-f92b042cdc8b for container move.
2023-09-14 09:00:52,119 [main] INFO  balancer.ContainerBalancerTask (ContainerBalancerTask.java:processMoveSelection(569)) - ContainerBalancer is trying to move container #87 with size 2147483648B from source datanode 38e45923-82a7-4aab-881f-aa2666ef6ff7 to target datanode c4ba3aa7-9a53-4112-b0b0-f92b042cdc8b
2023-09-14 09:00:52,119 [main] DEBUG balancer.ContainerBalancerTask (ContainerBalancerTask.java:lambda$moveContainer$3(837)) - Container move completed for container #87 from source 38e45923-82a7-4aab-881f-aa2666ef6ff7 to target c4ba3aa7-9a53-4112-b0b0-f92b042cdc8b
2023-09-14 09:00:52,122 [main] DEBUG balancer.ContainerBalancerTask (ContainerBalancerTask.java:matchSourceWithTarget(708)) - ContainerBalancer is finding suitable target for source datanode 38e45923-82a7-4aab-881f-aa2666ef6ff7
2023-09-14 09:00:52,122 [main] INFO  balancer.FindTargetGreedyByUsageInfo (AbstractFindTargetGreedy.java:findTargetForContainerMove(133)) - Container Balancer could not find a target for source datanode 38e45923-82a7-4aab-881f-aa2666ef6ff7
2023-09-14 09:00:52,122 [main] DEBUG balancer.ContainerBalancerTask (ContainerBalancerTask.java:matchSourceWithTarget(717)) - ContainerBalancer could not find a suitable target for source node 38e45923-82a7-4aab-881f-aa2666ef6ff7.
2023-09-14 09:00:52,123 [main] INFO  balancer.FindSourceGreedy (FindSourceGreedy.java:getNextCandidateSourceDataNode(126)) - no more candidate source data node
2023-09-14 09:00:52,123 [main] INFO  balancer.ContainerBalancerTask (ContainerBalancerTask.java:checkIterationMoveResults(642)) - Iteration Summary. Number of Datanodes involved: 2. Size moved: 21 GB (22548578304 Bytes). Number of Container moves completed: 5.
2023-09-14 09:00:52,123 [main] INFO  balancer.ContainerBalancerTask (ContainerBalancerTask.java:balance(259)) - Result of this iteration of Container Balancer: ITERATION_COMPLETED
2023-09-14 09:00:52,124 [main] DEBUG balancer.ContainerBalancerTask (ContainerBalancerTask.java:initializeIteration(374)) - Average utilization of the cluster is 0.36256473348440693
2023-09-14 09:00:52,125 [main] DEBUG balancer.ContainerBalancerTask (ContainerBalancerTask.java:initializeIteration(386)) - Lower limit for utilization is 0.2625647334844069 and Upper limit for utilization is 0.46256473348440696
2023-09-14 09:00:52,125 [main] DEBUG balancer.ContainerBalancerTask (ContainerBalancerTask.java:initializeIteration(398)) - Utilization for node 38e45923-82a7-4aab-881f-aa2666ef6ff7 with capacity 65617555911B, used 59055800320B, and remaining 6561755591B is 0.900000000001524
2023-09-14 09:00:52,125 [main] DEBUG balancer.ContainerBalancerTask (ContainerBalancerTask.java:initializeIteration(398)) - Utilization for node 9ed2a680-c9df-4964-b972-4d18dae999ce with capacity 71135395840B, used 56908316672B, and remaining 14227079168B is 0.8
2023-09-14 09:00:52,125 [main] DEBUG balancer.ContainerBalancerTask (ContainerBalancerTask.java:initializeIteration(398)) - Utilization for node fa505834-1b79-430c-895f-b43e4fff5880 with capacity 53687091200B, used 37580963840B, and remaining 16106127360B is 0.7
2023-09-14 09:00:52,125 [main] DEBUG balancer.ContainerBalancerTask (ContainerBalancerTask.java:initializeIteration(398)) - Utilization for node 68a645fb-4702-4f55-9661-548ce24b255d with capacity 87688915626B, used 52613349376B, and remaining 35075566250B is 0.6000000000045616
2023-09-14 09:00:52,125 [main] DEBUG balancer.ContainerBalancerTask (ContainerBalancerTask.java:initializeIteration(398)) - Utilization for node 0683cb73-921b-4122-b2de-e782c251f59d with capacity 100931731456B, used 50465865728B, and remaining 50465865728B is 0.5
2023-09-14 09:00:52,125 [main] DEBUG balancer.ContainerBalancerTask (ContainerBalancerTask.java:initializeIteration(398)) - Utilization for node 1f5c195a-a496-47b0-9977-d2e5478cb940 with capacity 77846282240B, used 31138512896B, and remaining 46707769344B is 0.4
2023-09-14 09:00:52,125 [main] DEBUG balancer.ContainerBalancerTask (ContainerBalancerTask.java:initializeIteration(398)) - Utilization for node 274d117b-6284-43ec-b0ec-3b0c0021d47c with capacity 132428158293B, used 39728447488B, and remaining 92699710805B is 0.3000000000007551
2023-09-14 09:00:52,125 [main] DEBUG balancer.ContainerBalancerTask (ContainerBalancerTask.java:initializeIteration(398)) - Utilization for node 424ef200-68da-4938-8d54-8e40d015626d with capacity 102005473280B, used 20401094656B, and remaining 81604378624B is 0.2
2023-09-14 09:00:52,125 [main] DEBUG balancer.ContainerBalancerTask (ContainerBalancerTask.java:initializeIteration(398)) - Utilization for node 3aaa2eff-8ae3-483d-81ee-4920587e6eb8 with capacity 300647710720B, used 30064771072B, and remaining 270582939648B is 0.1
2023-09-14 09:00:52,125 [main] DEBUG balancer.ContainerBalancerTask (ContainerBalancerTask.java:initializeIteration(398)) - Utilization for node c4ba3aa7-9a53-4112-b0b0-f92b042cdc8b with capacity 50465865728B, used 0B, and remaining 50465865728B is 0.0
2023-09-14 09:00:52,125 [main] INFO  balancer.ContainerBalancerTask (ContainerBalancerTask.java:initializeIteration(447)) - Container Balancer has identified 5 Over-Utilized and 3 Under-Utilized Datanodes that need to be balanced.
2023-09-14 09:00:52,126 [main] DEBUG balancer.ContainerBalancerTask (ContainerBalancerTask.java:lambda$initializeIteration$1(453)) - Datanode localhost-166.146.114.123 38e45923-82a7-4aab-881f-aa2666ef6ff7 is Over-Utilized.
2023-09-14 09:00:52,126 [main] DEBUG balancer.ContainerBalancerTask (ContainerBalancerTask.java:lambda$initializeIteration$1(453)) - Datanode localhost-215.139.46.47 9ed2a680-c9df-4964-b972-4d18dae999ce is Over-Utilized.
2023-09-14 09:00:52,126 [main] DEBUG balancer.ContainerBalancerTask (ContainerBalancerTask.java:lambda$initializeIteration$1(453)) - Datanode localhost-196.233.143.196 fa505834-1b79-430c-895f-b43e4fff5880 is Over-Utilized.
2023-09-14 09:00:52,126 [main] DEBUG balancer.ContainerBalancerTask (ContainerBalancerTask.java:lambda$initializeIteration$1(453)) - Datanode localhost-20.21.207.182 68a645fb-4702-4f55-9661-548ce24b255d is Over-Utilized.
2023-09-14 09:00:52,126 [main] DEBUG balancer.ContainerBalancerTask (ContainerBalancerTask.java:lambda$initializeIteration$1(453)) - Datanode localhost-64.50.37.13 0683cb73-921b-4122-b2de-e782c251f59d is Over-Utilized.
2023-09-14 09:00:52,126 [main] DEBUG balancer.ContainerBalancerTask (ContainerBalancerTask.java:lambda$initializeIteration$2(459)) - Datanode localhost-56.71.248.178 c4ba3aa7-9a53-4112-b0b0-f92b042cdc8b is Under-Utilized.
2023-09-14 09:00:52,126 [main] DEBUG balancer.ContainerBalancerTask (ContainerBalancerTask.java:lambda$initializeIteration$2(459)) - Datanode localhost-121.197.119.221 3aaa2eff-8ae3-483d-81ee-4920587e6eb8 is Under-Utilized.
2023-09-14 09:00:52,126 [main] DEBUG balancer.ContainerBalancerTask (ContainerBalancerTask.java:lambda$initializeIteration$2(459)) - Datanode localhost-170.104.138.103 424ef200-68da-4938-8d54-8e40d015626d is Under-Utilized.
2023-09-14 09:00:52,129 [main] DEBUG balancer.ContainerBalancerTask (ContainerBalancerTask.java:matchSourceWithTarget(708)) - ContainerBalancer is finding suitable target for source datanode 38e45923-82a7-4aab-881f-aa2666ef6ff7
2023-09-14 09:00:52,129 [main] INFO  balancer.ContainerBalancerTask (ContainerBalancerTask.java:matchSourceWithTarget(722)) - ContainerBalancer matched source datanode 38e45923-82a7-4aab-881f-aa2666ef6ff7 with target datanode c4ba3aa7-9a53-4112-b0b0-f92b042cdc8b for container move.
2023-09-14 09:00:52,129 [main] INFO  balancer.ContainerBalancerTask (ContainerBalancerTask.java:processMoveSelection(569)) - ContainerBalancer is trying to move container #85 with size 5368709120B from source datanode 38e45923-82a7-4aab-881f-aa2666ef6ff7 to target datanode c4ba3aa7-9a53-4112-b0b0-f92b042cdc8b
2023-09-14 09:00:52,129 [main] DEBUG balancer.ContainerBalancerTask (ContainerBalancerTask.java:lambda$moveContainer$3(837)) - Container move completed for container #85 from source 38e45923-82a7-4aab-881f-aa2666ef6ff7 to target c4ba3aa7-9a53-4112-b0b0-f92b042cdc8b
2023-09-14 09:00:52,129 [main] DEBUG balancer.ContainerBalancerTask (ContainerBalancerTask.java:adaptOnReachingIterationLimits(782)) - Reached max datanodes to involve limit. 2 datanodes have already been selected for balancing and the limit is 2. Only already selected sources and targets can be involved in balancing now.
2023-09-14 09:00:52,132 [main] DEBUG balancer.ContainerBalancerTask (ContainerBalancerTask.java:matchSourceWithTarget(708)) - ContainerBalancer is finding suitable target for source datanode 38e45923-82a7-4aab-881f-aa2666ef6ff7
2023-09-14 09:00:52,132 [main] INFO  balancer.ContainerBalancerTask (ContainerBalancerTask.java:matchSourceWithTarget(722)) - ContainerBalancer matched source datanode 38e45923-82a7-4aab-881f-aa2666ef6ff7 with target datanode c4ba3aa7-9a53-4112-b0b0-f92b042cdc8b for container move.
2023-09-14 09:00:52,132 [main] INFO  balancer.ContainerBalancerTask (ContainerBalancerTask.java:processMoveSelection(569)) - ContainerBalancer is trying to move container #53 with size 5368709120B from source datanode 38e45923-82a7-4aab-881f-aa2666ef6ff7 to target datanode c4ba3aa7-9a53-4112-b0b0-f92b042cdc8b
2023-09-14 09:00:52,132 [main] DEBUG balancer.ContainerBalancerTask (ContainerBalancerTask.java:lambda$moveContainer$3(837)) - Container move completed for container #53 from source 38e45923-82a7-4aab-881f-aa2666ef6ff7 to target c4ba3aa7-9a53-4112-b0b0-f92b042cdc8b
2023-09-14 09:00:52,135 [main] DEBUG balancer.ContainerBalancerTask (ContainerBalancerTask.java:matchSourceWithTarget(708)) - ContainerBalancer is finding suitable target for source datanode 38e45923-82a7-4aab-881f-aa2666ef6ff7
2023-09-14 09:00:52,135 [main] INFO  balancer.ContainerBalancerTask (ContainerBalancerTask.java:matchSourceWithTarget(722)) - ContainerBalancer matched source datanode 38e45923-82a7-4aab-881f-aa2666ef6ff7 with target datanode c4ba3aa7-9a53-4112-b0b0-f92b042cdc8b for container move.
2023-09-14 09:00:52,135 [main] INFO  balancer.ContainerBalancerTask (ContainerBalancerTask.java:processMoveSelection(569)) - ContainerBalancer is trying to move container #40 with size 5368709120B from source datanode 38e45923-82a7-4aab-881f-aa2666ef6ff7 to target datanode c4ba3aa7-9a53-4112-b0b0-f92b042cdc8b
2023-09-14 09:00:52,135 [main] DEBUG balancer.ContainerBalancerTask (ContainerBalancerTask.java:lambda$moveContainer$3(837)) - Container move completed for container #40 from source 38e45923-82a7-4aab-881f-aa2666ef6ff7 to target c4ba3aa7-9a53-4112-b0b0-f92b042cdc8b
2023-09-14 09:00:52,138 [main] DEBUG balancer.ContainerBalancerTask (ContainerBalancerTask.java:matchSourceWithTarget(708)) - ContainerBalancer is finding suitable target for source datanode 38e45923-82a7-4aab-881f-aa2666ef6ff7
2023-09-14 09:00:52,138 [main] INFO  balancer.ContainerBalancerTask (ContainerBalancerTask.java:matchSourceWithTarget(722)) - ContainerBalancer matched source datanode 38e45923-82a7-4aab-881f-aa2666ef6ff7 with target datanode c4ba3aa7-9a53-4112-b0b0-f92b042cdc8b for container move.
2023-09-14 09:00:52,138 [main] INFO  balancer.ContainerBalancerTask (ContainerBalancerTask.java:processMoveSelection(569)) - ContainerBalancer is trying to move container #89 with size 4294967296B from source datanode 38e45923-82a7-4aab-881f-aa2666ef6ff7 to target datanode c4ba3aa7-9a53-4112-b0b0-f92b042cdc8b
2023-09-14 09:00:52,138 [main] DEBUG balancer.ContainerBalancerTask (ContainerBalancerTask.java:lambda$moveContainer$3(837)) - Container move completed for container #89 from source 38e45923-82a7-4aab-881f-aa2666ef6ff7 to target c4ba3aa7-9a53-4112-b0b0-f92b042cdc8b
2023-09-14 09:00:52,141 [main] DEBUG balancer.ContainerBalancerTask (ContainerBalancerTask.java:matchSourceWithTarget(708)) - ContainerBalancer is finding suitable target for source datanode 38e45923-82a7-4aab-881f-aa2666ef6ff7
2023-09-14 09:00:52,141 [main] INFO  balancer.ContainerBalancerTask (ContainerBalancerTask.java:matchSourceWithTarget(722)) - ContainerBalancer matched source datanode 38e45923-82a7-4aab-881f-aa2666ef6ff7 with target datanode c4ba3aa7-9a53-4112-b0b0-f92b042cdc8b for container move.
2023-09-14 09:00:52,141 [main] INFO  balancer.ContainerBalancerTask (ContainerBalancerTask.java:processMoveSelection(569)) - ContainerBalancer is trying to move container #87 with size 2147483648B from source datanode 38e45923-82a7-4aab-881f-aa2666ef6ff7 to target datanode c4ba3aa7-9a53-4112-b0b0-f92b042cdc8b
2023-09-14 09:00:52,142 [main] DEBUG balancer.ContainerBalancerTask (ContainerBalancerTask.java:lambda$moveContainer$3(837)) - Container move completed for container #87 from source 38e45923-82a7-4aab-881f-aa2666ef6ff7 to target c4ba3aa7-9a53-4112-b0b0-f92b042cdc8b
2023-09-14 09:00:52,144 [main] DEBUG balancer.ContainerBalancerTask (ContainerBalancerTask.java:matchSourceWithTarget(708)) - ContainerBalancer is finding suitable target for source datanode 38e45923-82a7-4aab-881f-aa2666ef6ff7
2023-09-14 09:00:52,145 [main] INFO  balancer.FindTargetGreedyByUsageInfo (AbstractFindTargetGreedy.java:findTargetForContainerMove(133)) - Container Balancer could not find a target for source datanode 38e45923-82a7-4aab-881f-aa2666ef6ff7
2023-09-14 09:00:52,145 [main] DEBUG balancer.ContainerBalancerTask (ContainerBalancerTask.java:matchSourceWithTarget(717)) - ContainerBalancer could not find a suitable target for source node 38e45923-82a7-4aab-881f-aa2666ef6ff7.
2023-09-14 09:00:52,145 [main] INFO  balancer.FindSourceGreedy (FindSourceGreedy.java:getNextCandidateSourceDataNode(126)) - no more candidate source data node
2023-09-14 09:00:52,145 [main] INFO  balancer.ContainerBalancerTask (ContainerBalancerTask.java:checkIterationMoveResults(642)) - Iteration Summary. Number of Datanodes involved: 2. Size moved: 21 GB (22548578304 Bytes). Number of Container moves completed: 5.
2023-09-14 09:00:52,145 [main] INFO  balancer.ContainerBalancerTask (ContainerBalancerTask.java:balance(259)) - Result of this iteration of Container Balancer: ITERATION_COMPLETED
2023-09-14 09:00:52,147 [main] DEBUG balancer.ContainerBalancerTask (ContainerBalancerTask.java:initializeIteration(374)) - Average utilization of the cluster is 0.36256473348440693
2023-09-14 09:00:52,147 [main] DEBUG balancer.ContainerBalancerTask (ContainerBalancerTask.java:initializeIteration(386)) - Lower limit for utilization is 0.2625647334844069 and Upper limit for utilization is 0.46256473348440696
2023-09-14 09:00:52,147 [main] DEBUG balancer.ContainerBalancerTask (ContainerBalancerTask.java:initializeIteration(398)) - Utilization for node 38e45923-82a7-4aab-881f-aa2666ef6ff7 with capacity 65617555911B, used 59055800320B, and remaining 6561755591B is 0.900000000001524
2023-09-14 09:00:52,147 [main] DEBUG balancer.ContainerBalancerTask (ContainerBalancerTask.java:initializeIteration(398)) - Utilization for node 9ed2a680-c9df-4964-b972-4d18dae999ce with capacity 71135395840B, used 56908316672B, and remaining 14227079168B is 0.8
2023-09-14 09:00:52,147 [main] DEBUG balancer.ContainerBalancerTask (ContainerBalancerTask.java:initializeIteration(398)) - Utilization for node fa505834-1b79-430c-895f-b43e4fff5880 with capacity 53687091200B, used 37580963840B, and remaining 16106127360B is 0.7
2023-09-14 09:00:52,147 [main] DEBUG balancer.ContainerBalancerTask (ContainerBalancerTask.java:initializeIteration(398)) - Utilization for node 68a645fb-4702-4f55-9661-548ce24b255d with capacity 87688915626B, used 52613349376B, and remaining 35075566250B is 0.6000000000045616
2023-09-14 09:00:52,147 [main] DEBUG balancer.ContainerBalancerTask (ContainerBalancerTask.java:initializeIteration(398)) - Utilization for node 0683cb73-921b-4122-b2de-e782c251f59d with capacity 100931731456B, used 50465865728B, and remaining 50465865728B is 0.5
2023-09-14 09:00:52,148 [main] DEBUG balancer.ContainerBalancerTask (ContainerBalancerTask.java:initializeIteration(398)) - Utilization for node 1f5c195a-a496-47b0-9977-d2e5478cb940 with capacity 77846282240B, used 31138512896B, and remaining 46707769344B is 0.4
2023-09-14 09:00:52,148 [main] DEBUG balancer.ContainerBalancerTask (ContainerBalancerTask.java:initializeIteration(398)) - Utilization for node 274d117b-6284-43ec-b0ec-3b0c0021d47c with capacity 132428158293B, used 39728447488B, and remaining 92699710805B is 0.3000000000007551
2023-09-14 09:00:52,148 [main] DEBUG balancer.ContainerBalancerTask (ContainerBalancerTask.java:initializeIteration(398)) - Utilization for node 424ef200-68da-4938-8d54-8e40d015626d with capacity 102005473280B, used 20401094656B, and remaining 81604378624B is 0.2
2023-09-14 09:00:52,148 [main] DEBUG balancer.ContainerBalancerTask (ContainerBalancerTask.java:initializeIteration(398)) - Utilization for node 3aaa2eff-8ae3-483d-81ee-4920587e6eb8 with capacity 300647710720B, used 30064771072B, and remaining 270582939648B is 0.1
2023-09-14 09:00:52,148 [main] DEBUG balancer.ContainerBalancerTask (ContainerBalancerTask.java:initializeIteration(398)) - Utilization for node c4ba3aa7-9a53-4112-b0b0-f92b042cdc8b with capacity 50465865728B, used 0B, and remaining 50465865728B is 0.0
2023-09-14 09:00:52,148 [main] INFO  balancer.ContainerBalancerTask (ContainerBalancerTask.java:initializeIteration(447)) - Container Balancer has identified 5 Over-Utilized and 3 Under-Utilized Datanodes that need to be balanced.
2023-09-14 09:00:52,148 [main] DEBUG balancer.ContainerBalancerTask (ContainerBalancerTask.java:lambda$initializeIteration$1(453)) - Datanode localhost-166.146.114.123 38e45923-82a7-4aab-881f-aa2666ef6ff7 is Over-Utilized.
2023-09-14 09:00:52,148 [main] DEBUG balancer.ContainerBalancerTask (ContainerBalancerTask.java:lambda$initializeIteration$1(453)) - Datanode localhost-215.139.46.47 9ed2a680-c9df-4964-b972-4d18dae999ce is Over-Utilized.
2023-09-14 09:00:52,148 [main] DEBUG balancer.ContainerBalancerTask (ContainerBalancerTask.java:lambda$initializeIteration$1(453)) - Datanode localhost-196.233.143.196 fa505834-1b79-430c-895f-b43e4fff5880 is Over-Utilized.
2023-09-14 09:00:52,148 [main] DEBUG balancer.ContainerBalancerTask (ContainerBalancerTask.java:lambda$initializeIteration$1(453)) - Datanode localhost-20.21.207.182 68a645fb-4702-4f55-9661-548ce24b255d is Over-Utilized.
2023-09-14 09:00:52,148 [main] DEBUG balancer.ContainerBalancerTask (ContainerBalancerTask.java:lambda$initializeIteration$1(453)) - Datanode localhost-64.50.37.13 0683cb73-921b-4122-b2de-e782c251f59d is Over-Utilized.
2023-09-14 09:00:52,148 [main] DEBUG balancer.ContainerBalancerTask (ContainerBalancerTask.java:lambda$initializeIteration$2(459)) - Datanode localhost-56.71.248.178 c4ba3aa7-9a53-4112-b0b0-f92b042cdc8b is Under-Utilized.
2023-09-14 09:00:52,149 [main] DEBUG balancer.ContainerBalancerTask (ContainerBalancerTask.java:lambda$initializeIteration$2(459)) - Datanode localhost-121.197.119.221 3aaa2eff-8ae3-483d-81ee-4920587e6eb8 is Under-Utilized.
2023-09-14 09:00:52,149 [main] DEBUG balancer.ContainerBalancerTask (ContainerBalancerTask.java:lambda$initializeIteration$2(459)) - Datanode localhost-170.104.138.103 424ef200-68da-4938-8d54-8e40d015626d is Under-Utilized.
2023-09-14 09:00:52,151 [main] DEBUG balancer.ContainerBalancerTask (ContainerBalancerTask.java:matchSourceWithTarget(708)) - ContainerBalancer is finding suitable target for source datanode 38e45923-82a7-4aab-881f-aa2666ef6ff7
2023-09-14 09:00:52,151 [main] INFO  balancer.ContainerBalancerTask (ContainerBalancerTask.java:matchSourceWithTarget(722)) - ContainerBalancer matched source datanode 38e45923-82a7-4aab-881f-aa2666ef6ff7 with target datanode c4ba3aa7-9a53-4112-b0b0-f92b042cdc8b for container move.
2023-09-14 09:00:52,151 [main] INFO  balancer.ContainerBalancerTask (ContainerBalancerTask.java:processMoveSelection(569)) - ContainerBalancer is trying to move container #85 with size 5368709120B from source datanode 38e45923-82a7-4aab-881f-aa2666ef6ff7 to target datanode c4ba3aa7-9a53-4112-b0b0-f92b042cdc8b
2023-09-14 09:00:52,152 [main] DEBUG balancer.ContainerBalancerTask (ContainerBalancerTask.java:lambda$moveContainer$3(837)) - Container move completed for container #85 from source 38e45923-82a7-4aab-881f-aa2666ef6ff7 to target c4ba3aa7-9a53-4112-b0b0-f92b042cdc8b
2023-09-14 09:00:52,152 [main] DEBUG balancer.ContainerBalancerTask (ContainerBalancerTask.java:adaptOnReachingIterationLimits(782)) - Reached max datanodes to involve limit. 2 datanodes have already been selected for balancing and the limit is 2. Only already selected sources and targets can be involved in balancing now.
2023-09-14 09:00:52,154 [main] DEBUG balancer.ContainerBalancerTask (ContainerBalancerTask.java:matchSourceWithTarget(708)) - ContainerBalancer is finding suitable target for source datanode 38e45923-82a7-4aab-881f-aa2666ef6ff7
2023-09-14 09:00:52,155 [main] INFO  balancer.ContainerBalancerTask (ContainerBalancerTask.java:matchSourceWithTarget(722)) - ContainerBalancer matched source datanode 38e45923-82a7-4aab-881f-aa2666ef6ff7 with target datanode c4ba3aa7-9a53-4112-b0b0-f92b042cdc8b for container move.
2023-09-14 09:00:52,155 [main] INFO  balancer.ContainerBalancerTask (ContainerBalancerTask.java:processMoveSelection(569)) - ContainerBalancer is trying to move container #53 with size 5368709120B from source datanode 38e45923-82a7-4aab-881f-aa2666ef6ff7 to target datanode c4ba3aa7-9a53-4112-b0b0-f92b042cdc8b
2023-09-14 09:00:52,155 [main] DEBUG balancer.ContainerBalancerTask (ContainerBalancerTask.java:lambda$moveContainer$3(837)) - Container move completed for container #53 from source 38e45923-82a7-4aab-881f-aa2666ef6ff7 to target c4ba3aa7-9a53-4112-b0b0-f92b042cdc8b
2023-09-14 09:00:52,157 [main] DEBUG balancer.ContainerBalancerTask (ContainerBalancerTask.java:matchSourceWithTarget(708)) - ContainerBalancer is finding suitable target for source datanode 38e45923-82a7-4aab-881f-aa2666ef6ff7
2023-09-14 09:00:52,157 [main] INFO  balancer.ContainerBalancerTask (ContainerBalancerTask.java:matchSourceWithTarget(722)) - ContainerBalancer matched source datanode 38e45923-82a7-4aab-881f-aa2666ef6ff7 with target datanode c4ba3aa7-9a53-4112-b0b0-f92b042cdc8b for container move.
2023-09-14 09:00:52,158 [main] INFO  balancer.ContainerBalancerTask (ContainerBalancerTask.java:processMoveSelection(569)) - ContainerBalancer is trying to move container #40 with size 5368709120B from source datanode 38e45923-82a7-4aab-881f-aa2666ef6ff7 to target datanode c4ba3aa7-9a53-4112-b0b0-f92b042cdc8b
2023-09-14 09:00:52,158 [main] DEBUG balancer.ContainerBalancerTask (ContainerBalancerTask.java:lambda$moveContainer$3(837)) - Container move completed for container #40 from source 38e45923-82a7-4aab-881f-aa2666ef6ff7 to target c4ba3aa7-9a53-4112-b0b0-f92b042cdc8b
2023-09-14 09:00:52,160 [main] DEBUG balancer.ContainerBalancerTask (ContainerBalancerTask.java:matchSourceWithTarget(708)) - ContainerBalancer is finding suitable target for source datanode 38e45923-82a7-4aab-881f-aa2666ef6ff7
2023-09-14 09:00:52,160 [main] INFO  balancer.ContainerBalancerTask (ContainerBalancerTask.java:matchSourceWithTarget(722)) - ContainerBalancer matched source datanode 38e45923-82a7-4aab-881f-aa2666ef6ff7 with target datanode c4ba3aa7-9a53-4112-b0b0-f92b042cdc8b for container move.
2023-09-14 09:00:52,161 [main] INFO  balancer.ContainerBalancerTask (ContainerBalancerTask.java:processMoveSelection(569)) - ContainerBalancer is trying to move container #89 with size 4294967296B from source datanode 38e45923-82a7-4aab-881f-aa2666ef6ff7 to target datanode c4ba3aa7-9a53-4112-b0b0-f92b042cdc8b
2023-09-14 09:00:52,161 [main] DEBUG balancer.ContainerBalancerTask (ContainerBalancerTask.java:lambda$moveContainer$3(837)) - Container move completed for container #89 from source 38e45923-82a7-4aab-881f-aa2666ef6ff7 to target c4ba3aa7-9a53-4112-b0b0-f92b042cdc8b
2023-09-14 09:00:52,163 [main] DEBUG balancer.ContainerBalancerTask (ContainerBalancerTask.java:matchSourceWithTarget(708)) - ContainerBalancer is finding suitable target for source datanode 38e45923-82a7-4aab-881f-aa2666ef6ff7
2023-09-14 09:00:52,164 [main] INFO  balancer.ContainerBalancerTask (ContainerBalancerTask.java:matchSourceWithTarget(722)) - ContainerBalancer matched source datanode 38e45923-82a7-4aab-881f-aa2666ef6ff7 with target datanode c4ba3aa7-9a53-4112-b0b0-f92b042cdc8b for container move.
2023-09-14 09:00:52,164 [main] INFO  balancer.ContainerBalancerTask (ContainerBalancerTask.java:processMoveSelection(569)) - ContainerBalancer is trying to move container #87 with size 2147483648B from source datanode 38e45923-82a7-4aab-881f-aa2666ef6ff7 to target datanode c4ba3aa7-9a53-4112-b0b0-f92b042cdc8b
2023-09-14 09:00:52,164 [main] DEBUG balancer.ContainerBalancerTask (ContainerBalancerTask.java:lambda$moveContainer$3(837)) - Container move completed for container #87 from source 38e45923-82a7-4aab-881f-aa2666ef6ff7 to target c4ba3aa7-9a53-4112-b0b0-f92b042cdc8b
2023-09-14 09:00:52,167 [main] DEBUG balancer.ContainerBalancerTask (ContainerBalancerTask.java:matchSourceWithTarget(708)) - ContainerBalancer is finding suitable target for source datanode 38e45923-82a7-4aab-881f-aa2666ef6ff7
2023-09-14 09:00:52,167 [main] INFO  balancer.FindTargetGreedyByUsageInfo (AbstractFindTargetGreedy.java:findTargetForContainerMove(133)) - Container Balancer could not find a target for source datanode 38e45923-82a7-4aab-881f-aa2666ef6ff7
2023-09-14 09:00:52,167 [main] DEBUG balancer.ContainerBalancerTask (ContainerBalancerTask.java:matchSourceWithTarget(717)) - ContainerBalancer could not find a suitable target for source node 38e45923-82a7-4aab-881f-aa2666ef6ff7.
2023-09-14 09:00:52,167 [main] INFO  balancer.FindSourceGreedy (FindSourceGreedy.java:getNextCandidateSourceDataNode(126)) - no more candidate source data node
2023-09-14 09:00:52,168 [main] INFO  balancer.ContainerBalancerTask (ContainerBalancerTask.java:checkIterationMoveResults(642)) - Iteration Summary. Number of Datanodes involved: 2. Size moved: 21 GB (22548578304 Bytes). Number of Container moves completed: 5.
2023-09-14 09:00:52,168 [main] INFO  balancer.ContainerBalancerTask (ContainerBalancerTask.java:balance(259)) - Result of this iteration of Container Balancer: ITERATION_COMPLETED
2023-09-14 09:00:52,169 [main] DEBUG balancer.ContainerBalancerTask (ContainerBalancerTask.java:initializeIteration(374)) - Average utilization of the cluster is 0.36256473348440693
2023-09-14 09:00:52,169 [main] DEBUG balancer.ContainerBalancerTask (ContainerBalancerTask.java:initializeIteration(386)) - Lower limit for utilization is 0.2625647334844069 and Upper limit for utilization is 0.46256473348440696
2023-09-14 09:00:52,169 [main] DEBUG balancer.ContainerBalancerTask (ContainerBalancerTask.java:initializeIteration(398)) - Utilization for node 38e45923-82a7-4aab-881f-aa2666ef6ff7 with capacity 65617555911B, used 59055800320B, and remaining 6561755591B is 0.900000000001524
2023-09-14 09:00:52,170 [main] DEBUG balancer.ContainerBalancerTask (ContainerBalancerTask.java:initializeIteration(398)) - Utilization for node 9ed2a680-c9df-4964-b972-4d18dae999ce with capacity 71135395840B, used 56908316672B, and remaining 14227079168B is 0.8
2023-09-14 09:00:52,170 [main] DEBUG balancer.ContainerBalancerTask (ContainerBalancerTask.java:initializeIteration(398)) - Utilization for node fa505834-1b79-430c-895f-b43e4fff5880 with capacity 53687091200B, used 37580963840B, and remaining 16106127360B is 0.7
2023-09-14 09:00:52,170 [main] DEBUG balancer.ContainerBalancerTask (ContainerBalancerTask.java:initializeIteration(398)) - Utilization for node 68a645fb-4702-4f55-9661-548ce24b255d with capacity 87688915626B, used 52613349376B, and remaining 35075566250B is 0.6000000000045616
2023-09-14 09:00:52,170 [main] DEBUG balancer.ContainerBalancerTask (ContainerBalancerTask.java:initializeIteration(398)) - Utilization for node 0683cb73-921b-4122-b2de-e782c251f59d with capacity 100931731456B, used 50465865728B, and remaining 50465865728B is 0.5
2023-09-14 09:00:52,170 [main] DEBUG balancer.ContainerBalancerTask (ContainerBalancerTask.java:initializeIteration(398)) - Utilization for node 1f5c195a-a496-47b0-9977-d2e5478cb940 with capacity 77846282240B, used 31138512896B, and remaining 46707769344B is 0.4
2023-09-14 09:00:52,170 [main] DEBUG balancer.ContainerBalancerTask (ContainerBalancerTask.java:initializeIteration(398)) - Utilization for node 274d117b-6284-43ec-b0ec-3b0c0021d47c with capacity 132428158293B, used 39728447488B, and remaining 92699710805B is 0.3000000000007551
2023-09-14 09:00:52,170 [main] DEBUG balancer.ContainerBalancerTask (ContainerBalancerTask.java:initializeIteration(398)) - Utilization for node 424ef200-68da-4938-8d54-8e40d015626d with capacity 102005473280B, used 20401094656B, and remaining 81604378624B is 0.2
2023-09-14 09:00:52,170 [main] DEBUG balancer.ContainerBalancerTask (ContainerBalancerTask.java:initializeIteration(398)) - Utilization for node 3aaa2eff-8ae3-483d-81ee-4920587e6eb8 with capacity 300647710720B, used 30064771072B, and remaining 270582939648B is 0.1
2023-09-14 09:00:52,170 [main] DEBUG balancer.ContainerBalancerTask (ContainerBalancerTask.java:initializeIteration(398)) - Utilization for node c4ba3aa7-9a53-4112-b0b0-f92b042cdc8b with capacity 50465865728B, used 0B, and remaining 50465865728B is 0.0
2023-09-14 09:00:52,170 [main] INFO  balancer.ContainerBalancerTask (ContainerBalancerTask.java:initializeIteration(447)) - Container Balancer has identified 5 Over-Utilized and 3 Under-Utilized Datanodes that need to be balanced.
2023-09-14 09:00:52,170 [main] DEBUG balancer.ContainerBalancerTask (ContainerBalancerTask.java:lambda$initializeIteration$1(453)) - Datanode localhost-166.146.114.123 38e45923-82a7-4aab-881f-aa2666ef6ff7 is Over-Utilized.
2023-09-14 09:00:52,170 [main] DEBUG balancer.ContainerBalancerTask (ContainerBalancerTask.java:lambda$initializeIteration$1(453)) - Datanode localhost-215.139.46.47 9ed2a680-c9df-4964-b972-4d18dae999ce is Over-Utilized.
2023-09-14 09:00:52,171 [main] DEBUG balancer.ContainerBalancerTask (ContainerBalancerTask.java:lambda$initializeIteration$1(453)) - Datanode localhost-196.233.143.196 fa505834-1b79-430c-895f-b43e4fff5880 is Over-Utilized.
2023-09-14 09:00:52,171 [main] DEBUG balancer.ContainerBalancerTask (ContainerBalancerTask.java:lambda$initializeIteration$1(453)) - Datanode localhost-20.21.207.182 68a645fb-4702-4f55-9661-548ce24b255d is Over-Utilized.
2023-09-14 09:00:52,171 [main] DEBUG balancer.ContainerBalancerTask (ContainerBalancerTask.java:lambda$initializeIteration$1(453)) - Datanode localhost-64.50.37.13 0683cb73-921b-4122-b2de-e782c251f59d is Over-Utilized.
2023-09-14 09:00:52,171 [main] DEBUG balancer.ContainerBalancerTask (ContainerBalancerTask.java:lambda$initializeIteration$2(459)) - Datanode localhost-56.71.248.178 c4ba3aa7-9a53-4112-b0b0-f92b042cdc8b is Under-Utilized.
2023-09-14 09:00:52,171 [main] DEBUG balancer.ContainerBalancerTask (ContainerBalancerTask.java:lambda$initializeIteration$2(459)) - Datanode localhost-121.197.119.221 3aaa2eff-8ae3-483d-81ee-4920587e6eb8 is Under-Utilized.
2023-09-14 09:00:52,171 [main] DEBUG balancer.ContainerBalancerTask (ContainerBalancerTask.java:lambda$initializeIteration$2(459)) - Datanode localhost-170.104.138.103 424ef200-68da-4938-8d54-8e40d015626d is Under-Utilized.
2023-09-14 09:00:52,174 [main] DEBUG balancer.ContainerBalancerTask (ContainerBalancerTask.java:matchSourceWithTarget(708)) - ContainerBalancer is finding suitable target for source datanode 38e45923-82a7-4aab-881f-aa2666ef6ff7
2023-09-14 09:00:52,174 [main] INFO  balancer.ContainerBalancerTask (ContainerBalancerTask.java:matchSourceWithTarget(722)) - ContainerBalancer matched source datanode 38e45923-82a7-4aab-881f-aa2666ef6ff7 with target datanode c4ba3aa7-9a53-4112-b0b0-f92b042cdc8b for container move.
2023-09-14 09:00:52,174 [main] INFO  balancer.ContainerBalancerTask (ContainerBalancerTask.java:processMoveSelection(569)) - ContainerBalancer is trying to move container #85 with size 5368709120B from source datanode 38e45923-82a7-4aab-881f-aa2666ef6ff7 to target datanode c4ba3aa7-9a53-4112-b0b0-f92b042cdc8b
2023-09-14 09:00:52,174 [main] DEBUG balancer.ContainerBalancerTask (ContainerBalancerTask.java:lambda$moveContainer$3(837)) - Container move completed for container #85 from source 38e45923-82a7-4aab-881f-aa2666ef6ff7 to target c4ba3aa7-9a53-4112-b0b0-f92b042cdc8b
2023-09-14 09:00:52,174 [main] DEBUG balancer.ContainerBalancerTask (ContainerBalancerTask.java:adaptOnReachingIterationLimits(782)) - Reached max datanodes to involve limit. 2 datanodes have already been selected for balancing and the limit is 2. Only already selected sources and targets can be involved in balancing now.
2023-09-14 09:00:52,177 [main] DEBUG balancer.ContainerBalancerTask (ContainerBalancerTask.java:matchSourceWithTarget(708)) - ContainerBalancer is finding suitable target for source datanode 38e45923-82a7-4aab-881f-aa2666ef6ff7
2023-09-14 09:00:52,178 [main] INFO  balancer.ContainerBalancerTask (ContainerBalancerTask.java:matchSourceWithTarget(722)) - ContainerBalancer matched source datanode 38e45923-82a7-4aab-881f-aa2666ef6ff7 with target datanode c4ba3aa7-9a53-4112-b0b0-f92b042cdc8b for container move.
2023-09-14 09:00:52,178 [main] INFO  balancer.ContainerBalancerTask (ContainerBalancerTask.java:processMoveSelection(569)) - ContainerBalancer is trying to move container #53 with size 5368709120B from source datanode 38e45923-82a7-4aab-881f-aa2666ef6ff7 to target datanode c4ba3aa7-9a53-4112-b0b0-f92b042cdc8b
2023-09-14 09:00:52,178 [main] DEBUG balancer.ContainerBalancerTask (ContainerBalancerTask.java:lambda$moveContainer$3(837)) - Container move completed for container #53 from source 38e45923-82a7-4aab-881f-aa2666ef6ff7 to target c4ba3aa7-9a53-4112-b0b0-f92b042cdc8b
2023-09-14 09:00:52,180 [main] DEBUG balancer.ContainerBalancerTask (ContainerBalancerTask.java:matchSourceWithTarget(708)) - ContainerBalancer is finding suitable target for source datanode 38e45923-82a7-4aab-881f-aa2666ef6ff7
2023-09-14 09:00:52,181 [main] INFO  balancer.ContainerBalancerTask (ContainerBalancerTask.java:matchSourceWithTarget(722)) - ContainerBalancer matched source datanode 38e45923-82a7-4aab-881f-aa2666ef6ff7 with target datanode c4ba3aa7-9a53-4112-b0b0-f92b042cdc8b for container move.
2023-09-14 09:00:52,181 [main] INFO  balancer.ContainerBalancerTask (ContainerBalancerTask.java:processMoveSelection(569)) - ContainerBalancer is trying to move container #40 with size 5368709120B from source datanode 38e45923-82a7-4aab-881f-aa2666ef6ff7 to target datanode c4ba3aa7-9a53-4112-b0b0-f92b042cdc8b
2023-09-14 09:00:52,181 [main] DEBUG balancer.ContainerBalancerTask (ContainerBalancerTask.java:lambda$moveContainer$3(837)) - Container move completed for container #40 from source 38e45923-82a7-4aab-881f-aa2666ef6ff7 to target c4ba3aa7-9a53-4112-b0b0-f92b042cdc8b
2023-09-14 09:00:52,183 [main] DEBUG balancer.ContainerBalancerTask (ContainerBalancerTask.java:matchSourceWithTarget(708)) - ContainerBalancer is finding suitable target for source datanode 38e45923-82a7-4aab-881f-aa2666ef6ff7
2023-09-14 09:00:52,184 [main] INFO  balancer.ContainerBalancerTask (ContainerBalancerTask.java:matchSourceWithTarget(722)) - ContainerBalancer matched source datanode 38e45923-82a7-4aab-881f-aa2666ef6ff7 with target datanode c4ba3aa7-9a53-4112-b0b0-f92b042cdc8b for container move.
2023-09-14 09:00:52,184 [main] INFO  balancer.ContainerBalancerTask (ContainerBalancerTask.java:processMoveSelection(569)) - ContainerBalancer is trying to move container #89 with size 4294967296B from source datanode 38e45923-82a7-4aab-881f-aa2666ef6ff7 to target datanode c4ba3aa7-9a53-4112-b0b0-f92b042cdc8b
2023-09-14 09:00:52,184 [main] DEBUG balancer.ContainerBalancerTask (ContainerBalancerTask.java:lambda$moveContainer$3(837)) - Container move completed for container #89 from source 38e45923-82a7-4aab-881f-aa2666ef6ff7 to target c4ba3aa7-9a53-4112-b0b0-f92b042cdc8b
2023-09-14 09:00:52,187 [main] DEBUG balancer.ContainerBalancerTask (ContainerBalancerTask.java:matchSourceWithTarget(708)) - ContainerBalancer is finding suitable target for source datanode 38e45923-82a7-4aab-881f-aa2666ef6ff7
2023-09-14 09:00:52,187 [main] INFO  balancer.ContainerBalancerTask (ContainerBalancerTask.java:matchSourceWithTarget(722)) - ContainerBalancer matched source datanode 38e45923-82a7-4aab-881f-aa2666ef6ff7 with target datanode c4ba3aa7-9a53-4112-b0b0-f92b042cdc8b for container move.
2023-09-14 09:00:52,187 [main] INFO  balancer.ContainerBalancerTask (ContainerBalancerTask.java:processMoveSelection(569)) - ContainerBalancer is trying to move container #87 with size 2147483648B from source datanode 38e45923-82a7-4aab-881f-aa2666ef6ff7 to target datanode c4ba3aa7-9a53-4112-b0b0-f92b042cdc8b
2023-09-14 09:00:52,187 [main] DEBUG balancer.ContainerBalancerTask (ContainerBalancerTask.java:lambda$moveContainer$3(837)) - Container move completed for container #87 from source 38e45923-82a7-4aab-881f-aa2666ef6ff7 to target c4ba3aa7-9a53-4112-b0b0-f92b042cdc8b
2023-09-14 09:00:52,190 [main] DEBUG balancer.ContainerBalancerTask (ContainerBalancerTask.java:matchSourceWithTarget(708)) - ContainerBalancer is finding suitable target for source datanode 38e45923-82a7-4aab-881f-aa2666ef6ff7
2023-09-14 09:00:52,191 [main] INFO  balancer.FindTargetGreedyByUsageInfo (AbstractFindTargetGreedy.java:findTargetForContainerMove(133)) - Container Balancer could not find a target for source datanode 38e45923-82a7-4aab-881f-aa2666ef6ff7
2023-09-14 09:00:52,191 [main] DEBUG balancer.ContainerBalancerTask (ContainerBalancerTask.java:matchSourceWithTarget(717)) - ContainerBalancer could not find a suitable target for source node 38e45923-82a7-4aab-881f-aa2666ef6ff7.
2023-09-14 09:00:52,191 [main] INFO  balancer.FindSourceGreedy (FindSourceGreedy.java:getNextCandidateSourceDataNode(126)) - no more candidate source data node
2023-09-14 09:00:52,191 [main] INFO  balancer.ContainerBalancerTask (ContainerBalancerTask.java:checkIterationMoveResults(642)) - Iteration Summary. Number of Datanodes involved: 2. Size moved: 21 GB (22548578304 Bytes). Number of Container moves completed: 5.
2023-09-14 09:00:52,191 [main] INFO  balancer.ContainerBalancerTask (ContainerBalancerTask.java:balance(259)) - Result of this iteration of Container Balancer: ITERATION_COMPLETED
2023-09-14 09:00:52,193 [main] DEBUG balancer.ContainerBalancerTask (ContainerBalancerTask.java:initializeIteration(374)) - Average utilization of the cluster is 0.36256473348440693
2023-09-14 09:00:52,193 [main] DEBUG balancer.ContainerBalancerTask (ContainerBalancerTask.java:initializeIteration(386)) - Lower limit for utilization is 0.2625647334844069 and Upper limit for utilization is 0.46256473348440696
2023-09-14 09:00:52,193 [main] DEBUG balancer.ContainerBalancerTask (ContainerBalancerTask.java:initializeIteration(398)) - Utilization for node 38e45923-82a7-4aab-881f-aa2666ef6ff7 with capacity 65617555911B, used 59055800320B, and remaining 6561755591B is 0.900000000001524
2023-09-14 09:00:52,193 [main] DEBUG balancer.ContainerBalancerTask (ContainerBalancerTask.java:initializeIteration(398)) - Utilization for node 9ed2a680-c9df-4964-b972-4d18dae999ce with capacity 71135395840B, used 56908316672B, and remaining 14227079168B is 0.8
2023-09-14 09:00:52,193 [main] DEBUG balancer.ContainerBalancerTask (ContainerBalancerTask.java:initializeIteration(398)) - Utilization for node fa505834-1b79-430c-895f-b43e4fff5880 with capacity 53687091200B, used 37580963840B, and remaining 16106127360B is 0.7
2023-09-14 09:00:52,193 [main] DEBUG balancer.ContainerBalancerTask (ContainerBalancerTask.java:initializeIteration(398)) - Utilization for node 68a645fb-4702-4f55-9661-548ce24b255d with capacity 87688915626B, used 52613349376B, and remaining 35075566250B is 0.6000000000045616
2023-09-14 09:00:52,193 [main] DEBUG balancer.ContainerBalancerTask (ContainerBalancerTask.java:initializeIteration(398)) - Utilization for node 0683cb73-921b-4122-b2de-e782c251f59d with capacity 100931731456B, used 50465865728B, and remaining 50465865728B is 0.5
2023-09-14 09:00:52,193 [main] DEBUG balancer.ContainerBalancerTask (ContainerBalancerTask.java:initializeIteration(398)) - Utilization for node 1f5c195a-a496-47b0-9977-d2e5478cb940 with capacity 77846282240B, used 31138512896B, and remaining 46707769344B is 0.4
2023-09-14 09:00:52,194 [main] DEBUG balancer.ContainerBalancerTask (ContainerBalancerTask.java:initializeIteration(398)) - Utilization for node 274d117b-6284-43ec-b0ec-3b0c0021d47c with capacity 132428158293B, used 39728447488B, and remaining 92699710805B is 0.3000000000007551
2023-09-14 09:00:52,194 [main] DEBUG balancer.ContainerBalancerTask (ContainerBalancerTask.java:initializeIteration(398)) - Utilization for node 424ef200-68da-4938-8d54-8e40d015626d with capacity 102005473280B, used 20401094656B, and remaining 81604378624B is 0.2
2023-09-14 09:00:52,194 [main] DEBUG balancer.ContainerBalancerTask (ContainerBalancerTask.java:initializeIteration(398)) - Utilization for node 3aaa2eff-8ae3-483d-81ee-4920587e6eb8 with capacity 300647710720B, used 30064771072B, and remaining 270582939648B is 0.1
2023-09-14 09:00:52,194 [main] DEBUG balancer.ContainerBalancerTask (ContainerBalancerTask.java:initializeIteration(398)) - Utilization for node c4ba3aa7-9a53-4112-b0b0-f92b042cdc8b with capacity 50465865728B, used 0B, and remaining 50465865728B is 0.0
2023-09-14 09:00:52,194 [main] INFO  balancer.ContainerBalancerTask (ContainerBalancerTask.java:initializeIteration(447)) - Container Balancer has identified 5 Over-Utilized and 3 Under-Utilized Datanodes that need to be balanced.
2023-09-14 09:00:52,194 [main] DEBUG balancer.ContainerBalancerTask (ContainerBalancerTask.java:lambda$initializeIteration$1(453)) - Datanode localhost-166.146.114.123 38e45923-82a7-4aab-881f-aa2666ef6ff7 is Over-Utilized.
2023-09-14 09:00:52,194 [main] DEBUG balancer.ContainerBalancerTask (ContainerBalancerTask.java:lambda$initializeIteration$1(453)) - Datanode localhost-215.139.46.47 9ed2a680-c9df-4964-b972-4d18dae999ce is Over-Utilized.
2023-09-14 09:00:52,194 [main] DEBUG balancer.ContainerBalancerTask (ContainerBalancerTask.java:lambda$initializeIteration$1(453)) - Datanode localhost-196.233.143.196 fa505834-1b79-430c-895f-b43e4fff5880 is Over-Utilized.
2023-09-14 09:00:52,194 [main] DEBUG balancer.ContainerBalancerTask (ContainerBalancerTask.java:lambda$initializeIteration$1(453)) - Datanode localhost-20.21.207.182 68a645fb-4702-4f55-9661-548ce24b255d is Over-Utilized.
2023-09-14 09:00:52,194 [main] DEBUG balancer.ContainerBalancerTask (ContainerBalancerTask.java:lambda$initializeIteration$1(453)) - Datanode localhost-64.50.37.13 0683cb73-921b-4122-b2de-e782c251f59d is Over-Utilized.
2023-09-14 09:00:52,194 [main] DEBUG balancer.ContainerBalancerTask (ContainerBalancerTask.java:lambda$initializeIteration$2(459)) - Datanode localhost-56.71.248.178 c4ba3aa7-9a53-4112-b0b0-f92b042cdc8b is Under-Utilized.
2023-09-14 09:00:52,194 [main] DEBUG balancer.ContainerBalancerTask (ContainerBalancerTask.java:lambda$initializeIteration$2(459)) - Datanode localhost-121.197.119.221 3aaa2eff-8ae3-483d-81ee-4920587e6eb8 is Under-Utilized.
2023-09-14 09:00:52,195 [main] DEBUG balancer.ContainerBalancerTask (ContainerBalancerTask.java:lambda$initializeIteration$2(459)) - Datanode localhost-170.104.138.103 424ef200-68da-4938-8d54-8e40d015626d is Under-Utilized.
2023-09-14 09:00:52,197 [main] DEBUG balancer.ContainerBalancerTask (ContainerBalancerTask.java:matchSourceWithTarget(708)) - ContainerBalancer is finding suitable target for source datanode 38e45923-82a7-4aab-881f-aa2666ef6ff7
2023-09-14 09:00:52,197 [main] INFO  balancer.ContainerBalancerTask (ContainerBalancerTask.java:matchSourceWithTarget(722)) - ContainerBalancer matched source datanode 38e45923-82a7-4aab-881f-aa2666ef6ff7 with target datanode c4ba3aa7-9a53-4112-b0b0-f92b042cdc8b for container move.
2023-09-14 09:00:52,197 [main] INFO  balancer.ContainerBalancerTask (ContainerBalancerTask.java:processMoveSelection(569)) - ContainerBalancer is trying to move container #85 with size 5368709120B from source datanode 38e45923-82a7-4aab-881f-aa2666ef6ff7 to target datanode c4ba3aa7-9a53-4112-b0b0-f92b042cdc8b
2023-09-14 09:00:52,198 [main] DEBUG balancer.ContainerBalancerTask (ContainerBalancerTask.java:lambda$moveContainer$3(837)) - Container move completed for container #85 from source 38e45923-82a7-4aab-881f-aa2666ef6ff7 to target c4ba3aa7-9a53-4112-b0b0-f92b042cdc8b
2023-09-14 09:00:52,198 [main] DEBUG balancer.ContainerBalancerTask (ContainerBalancerTask.java:adaptOnReachingIterationLimits(782)) - Reached max datanodes to involve limit. 2 datanodes have already been selected for balancing and the limit is 2. Only already selected sources and targets can be involved in balancing now.
2023-09-14 09:00:52,200 [main] DEBUG balancer.ContainerBalancerTask (ContainerBalancerTask.java:matchSourceWithTarget(708)) - ContainerBalancer is finding suitable target for source datanode 38e45923-82a7-4aab-881f-aa2666ef6ff7
2023-09-14 09:00:52,200 [main] INFO  balancer.ContainerBalancerTask (ContainerBalancerTask.java:matchSourceWithTarget(722)) - ContainerBalancer matched source datanode 38e45923-82a7-4aab-881f-aa2666ef6ff7 with target datanode c4ba3aa7-9a53-4112-b0b0-f92b042cdc8b for container move.
2023-09-14 09:00:52,200 [main] INFO  balancer.ContainerBalancerTask (ContainerBalancerTask.java:processMoveSelection(569)) - ContainerBalancer is trying to move container #53 with size 5368709120B from source datanode 38e45923-82a7-4aab-881f-aa2666ef6ff7 to target datanode c4ba3aa7-9a53-4112-b0b0-f92b042cdc8b
2023-09-14 09:00:52,201 [main] DEBUG balancer.ContainerBalancerTask (ContainerBalancerTask.java:lambda$moveContainer$3(837)) - Container move completed for container #53 from source 38e45923-82a7-4aab-881f-aa2666ef6ff7 to target c4ba3aa7-9a53-4112-b0b0-f92b042cdc8b
2023-09-14 09:00:52,203 [main] DEBUG balancer.ContainerBalancerTask (ContainerBalancerTask.java:matchSourceWithTarget(708)) - ContainerBalancer is finding suitable target for source datanode 38e45923-82a7-4aab-881f-aa2666ef6ff7
2023-09-14 09:00:52,203 [main] INFO  balancer.ContainerBalancerTask (ContainerBalancerTask.java:matchSourceWithTarget(722)) - ContainerBalancer matched source datanode 38e45923-82a7-4aab-881f-aa2666ef6ff7 with target datanode c4ba3aa7-9a53-4112-b0b0-f92b042cdc8b for container move.
2023-09-14 09:00:52,203 [main] INFO  balancer.ContainerBalancerTask (ContainerBalancerTask.java:processMoveSelection(569)) - ContainerBalancer is trying to move container #40 with size 5368709120B from source datanode 38e45923-82a7-4aab-881f-aa2666ef6ff7 to target datanode c4ba3aa7-9a53-4112-b0b0-f92b042cdc8b
2023-09-14 09:00:52,204 [main] DEBUG balancer.ContainerBalancerTask (ContainerBalancerTask.java:lambda$moveContainer$3(837)) - Container move completed for container #40 from source 38e45923-82a7-4aab-881f-aa2666ef6ff7 to target c4ba3aa7-9a53-4112-b0b0-f92b042cdc8b
2023-09-14 09:00:52,206 [main] DEBUG balancer.ContainerBalancerTask (ContainerBalancerTask.java:matchSourceWithTarget(708)) - ContainerBalancer is finding suitable target for source datanode 38e45923-82a7-4aab-881f-aa2666ef6ff7
2023-09-14 09:00:52,206 [main] INFO  balancer.ContainerBalancerTask (ContainerBalancerTask.java:matchSourceWithTarget(722)) - ContainerBalancer matched source datanode 38e45923-82a7-4aab-881f-aa2666ef6ff7 with target datanode c4ba3aa7-9a53-4112-b0b0-f92b042cdc8b for container move.
2023-09-14 09:00:52,206 [main] INFO  balancer.ContainerBalancerTask (ContainerBalancerTask.java:processMoveSelection(569)) - ContainerBalancer is trying to move container #89 with size 4294967296B from source datanode 38e45923-82a7-4aab-881f-aa2666ef6ff7 to target datanode c4ba3aa7-9a53-4112-b0b0-f92b042cdc8b
2023-09-14 09:00:52,207 [main] DEBUG balancer.ContainerBalancerTask (ContainerBalancerTask.java:lambda$moveContainer$3(837)) - Container move completed for container #89 from source 38e45923-82a7-4aab-881f-aa2666ef6ff7 to target c4ba3aa7-9a53-4112-b0b0-f92b042cdc8b
2023-09-14 09:00:52,209 [main] DEBUG balancer.ContainerBalancerTask (ContainerBalancerTask.java:matchSourceWithTarget(708)) - ContainerBalancer is finding suitable target for source datanode 38e45923-82a7-4aab-881f-aa2666ef6ff7
2023-09-14 09:00:52,210 [main] INFO  balancer.ContainerBalancerTask (ContainerBalancerTask.java:matchSourceWithTarget(722)) - ContainerBalancer matched source datanode 38e45923-82a7-4aab-881f-aa2666ef6ff7 with target datanode c4ba3aa7-9a53-4112-b0b0-f92b042cdc8b for container move.
2023-09-14 09:00:52,210 [main] INFO  balancer.ContainerBalancerTask (ContainerBalancerTask.java:processMoveSelection(569)) - ContainerBalancer is trying to move container #87 with size 2147483648B from source datanode 38e45923-82a7-4aab-881f-aa2666ef6ff7 to target datanode c4ba3aa7-9a53-4112-b0b0-f92b042cdc8b
2023-09-14 09:00:52,210 [main] DEBUG balancer.ContainerBalancerTask (ContainerBalancerTask.java:lambda$moveContainer$3(837)) - Container move completed for container #87 from source 38e45923-82a7-4aab-881f-aa2666ef6ff7 to target c4ba3aa7-9a53-4112-b0b0-f92b042cdc8b
2023-09-14 09:00:52,212 [main] DEBUG balancer.ContainerBalancerTask (ContainerBalancerTask.java:matchSourceWithTarget(708)) - ContainerBalancer is finding suitable target for source datanode 38e45923-82a7-4aab-881f-aa2666ef6ff7
2023-09-14 09:00:52,213 [main] INFO  balancer.FindTargetGreedyByUsageInfo (AbstractFindTargetGreedy.java:findTargetForContainerMove(133)) - Container Balancer could not find a target for source datanode 38e45923-82a7-4aab-881f-aa2666ef6ff7
2023-09-14 09:00:52,213 [main] DEBUG balancer.ContainerBalancerTask (ContainerBalancerTask.java:matchSourceWithTarget(717)) - ContainerBalancer could not find a suitable target for source node 38e45923-82a7-4aab-881f-aa2666ef6ff7.
2023-09-14 09:00:52,213 [main] INFO  balancer.FindSourceGreedy (FindSourceGreedy.java:getNextCandidateSourceDataNode(126)) - no more candidate source data node
2023-09-14 09:00:52,213 [main] INFO  balancer.ContainerBalancerTask (ContainerBalancerTask.java:checkIterationMoveResults(642)) - Iteration Summary. Number of Datanodes involved: 2. Size moved: 21 GB (22548578304 Bytes). Number of Container moves completed: 5.
2023-09-14 09:00:52,214 [main] INFO  balancer.ContainerBalancerTask (ContainerBalancerTask.java:balance(259)) - Result of this iteration of Container Balancer: ITERATION_COMPLETED
2023-09-14 09:00:52,215 [main] DEBUG balancer.ContainerBalancerTask (ContainerBalancerTask.java:initializeIteration(374)) - Average utilization of the cluster is 0.36256473348440693
2023-09-14 09:00:52,215 [main] DEBUG balancer.ContainerBalancerTask (ContainerBalancerTask.java:initializeIteration(386)) - Lower limit for utilization is 0.2625647334844069 and Upper limit for utilization is 0.46256473348440696
2023-09-14 09:00:52,215 [main] DEBUG balancer.ContainerBalancerTask (ContainerBalancerTask.java:initializeIteration(398)) - Utilization for node 38e45923-82a7-4aab-881f-aa2666ef6ff7 with capacity 65617555911B, used 59055800320B, and remaining 6561755591B is 0.900000000001524
2023-09-14 09:00:52,215 [main] DEBUG balancer.ContainerBalancerTask (ContainerBalancerTask.java:initializeIteration(398)) - Utilization for node 9ed2a680-c9df-4964-b972-4d18dae999ce with capacity 71135395840B, used 56908316672B, and remaining 14227079168B is 0.8
2023-09-14 09:00:52,216 [main] DEBUG balancer.ContainerBalancerTask (ContainerBalancerTask.java:initializeIteration(398)) - Utilization for node fa505834-1b79-430c-895f-b43e4fff5880 with capacity 53687091200B, used 37580963840B, and remaining 16106127360B is 0.7
2023-09-14 09:00:52,216 [main] DEBUG balancer.ContainerBalancerTask (ContainerBalancerTask.java:initializeIteration(398)) - Utilization for node 68a645fb-4702-4f55-9661-548ce24b255d with capacity 87688915626B, used 52613349376B, and remaining 35075566250B is 0.6000000000045616
2023-09-14 09:00:52,216 [main] DEBUG balancer.ContainerBalancerTask (ContainerBalancerTask.java:initializeIteration(398)) - Utilization for node 0683cb73-921b-4122-b2de-e782c251f59d with capacity 100931731456B, used 50465865728B, and remaining 50465865728B is 0.5
2023-09-14 09:00:52,216 [main] DEBUG balancer.ContainerBalancerTask (ContainerBalancerTask.java:initializeIteration(398)) - Utilization for node 1f5c195a-a496-47b0-9977-d2e5478cb940 with capacity 77846282240B, used 31138512896B, and remaining 46707769344B is 0.4
2023-09-14 09:00:52,216 [main] DEBUG balancer.ContainerBalancerTask (ContainerBalancerTask.java:initializeIteration(398)) - Utilization for node 274d117b-6284-43ec-b0ec-3b0c0021d47c with capacity 132428158293B, used 39728447488B, and remaining 92699710805B is 0.3000000000007551
2023-09-14 09:00:52,216 [main] DEBUG balancer.ContainerBalancerTask (ContainerBalancerTask.java:initializeIteration(398)) - Utilization for node 424ef200-68da-4938-8d54-8e40d015626d with capacity 102005473280B, used 20401094656B, and remaining 81604378624B is 0.2
2023-09-14 09:00:52,216 [main] DEBUG balancer.ContainerBalancerTask (ContainerBalancerTask.java:initializeIteration(398)) - Utilization for node 3aaa2eff-8ae3-483d-81ee-4920587e6eb8 with capacity 300647710720B, used 30064771072B, and remaining 270582939648B is 0.1
2023-09-14 09:00:52,216 [main] DEBUG balancer.ContainerBalancerTask (ContainerBalancerTask.java:initializeIteration(398)) - Utilization for node c4ba3aa7-9a53-4112-b0b0-f92b042cdc8b with capacity 50465865728B, used 0B, and remaining 50465865728B is 0.0
2023-09-14 09:00:52,216 [main] INFO  balancer.ContainerBalancerTask (ContainerBalancerTask.java:initializeIteration(447)) - Container Balancer has identified 5 Over-Utilized and 3 Under-Utilized Datanodes that need to be balanced.
2023-09-14 09:00:52,216 [main] DEBUG balancer.ContainerBalancerTask (ContainerBalancerTask.java:lambda$initializeIteration$1(453)) - Datanode localhost-166.146.114.123 38e45923-82a7-4aab-881f-aa2666ef6ff7 is Over-Utilized.
2023-09-14 09:00:52,216 [main] DEBUG balancer.ContainerBalancerTask (ContainerBalancerTask.java:lambda$initializeIteration$1(453)) - Datanode localhost-215.139.46.47 9ed2a680-c9df-4964-b972-4d18dae999ce is Over-Utilized.
2023-09-14 09:00:52,216 [main] DEBUG balancer.ContainerBalancerTask (ContainerBalancerTask.java:lambda$initializeIteration$1(453)) - Datanode localhost-196.233.143.196 fa505834-1b79-430c-895f-b43e4fff5880 is Over-Utilized.
2023-09-14 09:00:52,217 [main] DEBUG balancer.ContainerBalancerTask (ContainerBalancerTask.java:lambda$initializeIteration$1(453)) - Datanode localhost-20.21.207.182 68a645fb-4702-4f55-9661-548ce24b255d is Over-Utilized.
2023-09-14 09:00:52,217 [main] DEBUG balancer.ContainerBalancerTask (ContainerBalancerTask.java:lambda$initializeIteration$1(453)) - Datanode localhost-64.50.37.13 0683cb73-921b-4122-b2de-e782c251f59d is Over-Utilized.
2023-09-14 09:00:52,217 [main] DEBUG balancer.ContainerBalancerTask (ContainerBalancerTask.java:lambda$initializeIteration$2(459)) - Datanode localhost-56.71.248.178 c4ba3aa7-9a53-4112-b0b0-f92b042cdc8b is Under-Utilized.
2023-09-14 09:00:52,217 [main] DEBUG balancer.ContainerBalancerTask (ContainerBalancerTask.java:lambda$initializeIteration$2(459)) - Datanode localhost-121.197.119.221 3aaa2eff-8ae3-483d-81ee-4920587e6eb8 is Under-Utilized.
2023-09-14 09:00:52,217 [main] DEBUG balancer.ContainerBalancerTask (ContainerBalancerTask.java:lambda$initializeIteration$2(459)) - Datanode localhost-170.104.138.103 424ef200-68da-4938-8d54-8e40d015626d is Under-Utilized.
2023-09-14 09:00:52,220 [main] DEBUG balancer.ContainerBalancerTask (ContainerBalancerTask.java:matchSourceWithTarget(708)) - ContainerBalancer is finding suitable target for source datanode 38e45923-82a7-4aab-881f-aa2666ef6ff7
2023-09-14 09:00:52,220 [main] INFO  balancer.ContainerBalancerTask (ContainerBalancerTask.java:matchSourceWithTarget(722)) - ContainerBalancer matched source datanode 38e45923-82a7-4aab-881f-aa2666ef6ff7 with target datanode c4ba3aa7-9a53-4112-b0b0-f92b042cdc8b for container move.
2023-09-14 09:00:52,220 [main] INFO  balancer.ContainerBalancerTask (ContainerBalancerTask.java:processMoveSelection(569)) - ContainerBalancer is trying to move container #85 with size 5368709120B from source datanode 38e45923-82a7-4aab-881f-aa2666ef6ff7 to target datanode c4ba3aa7-9a53-4112-b0b0-f92b042cdc8b
2023-09-14 09:00:52,220 [main] DEBUG balancer.ContainerBalancerTask (ContainerBalancerTask.java:lambda$moveContainer$3(837)) - Container move completed for container #85 from source 38e45923-82a7-4aab-881f-aa2666ef6ff7 to target c4ba3aa7-9a53-4112-b0b0-f92b042cdc8b
2023-09-14 09:00:52,221 [main] DEBUG balancer.ContainerBalancerTask (ContainerBalancerTask.java:adaptOnReachingIterationLimits(782)) - Reached max datanodes to involve limit. 2 datanodes have already been selected for balancing and the limit is 2. Only already selected sources and targets can be involved in balancing now.
2023-09-14 09:00:52,223 [main] DEBUG balancer.ContainerBalancerTask (ContainerBalancerTask.java:matchSourceWithTarget(708)) - ContainerBalancer is finding suitable target for source datanode 38e45923-82a7-4aab-881f-aa2666ef6ff7
2023-09-14 09:00:52,223 [main] INFO  balancer.ContainerBalancerTask (ContainerBalancerTask.java:matchSourceWithTarget(722)) - ContainerBalancer matched source datanode 38e45923-82a7-4aab-881f-aa2666ef6ff7 with target datanode c4ba3aa7-9a53-4112-b0b0-f92b042cdc8b for container move.
2023-09-14 09:00:52,223 [main] INFO  balancer.ContainerBalancerTask (ContainerBalancerTask.java:processMoveSelection(569)) - ContainerBalancer is trying to move container #53 with size 5368709120B from source datanode 38e45923-82a7-4aab-881f-aa2666ef6ff7 to target datanode c4ba3aa7-9a53-4112-b0b0-f92b042cdc8b
2023-09-14 09:00:52,224 [main] DEBUG balancer.ContainerBalancerTask (ContainerBalancerTask.java:lambda$moveContainer$3(837)) - Container move completed for container #53 from source 38e45923-82a7-4aab-881f-aa2666ef6ff7 to target c4ba3aa7-9a53-4112-b0b0-f92b042cdc8b
2023-09-14 09:00:52,227 [main] DEBUG balancer.ContainerBalancerTask (ContainerBalancerTask.java:matchSourceWithTarget(708)) - ContainerBalancer is finding suitable target for source datanode 38e45923-82a7-4aab-881f-aa2666ef6ff7
2023-09-14 09:00:52,227 [main] INFO  balancer.ContainerBalancerTask (ContainerBalancerTask.java:matchSourceWithTarget(722)) - ContainerBalancer matched source datanode 38e45923-82a7-4aab-881f-aa2666ef6ff7 with target datanode c4ba3aa7-9a53-4112-b0b0-f92b042cdc8b for container move.
2023-09-14 09:00:52,227 [main] INFO  balancer.ContainerBalancerTask (ContainerBalancerTask.java:processMoveSelection(569)) - ContainerBalancer is trying to move container #40 with size 5368709120B from source datanode 38e45923-82a7-4aab-881f-aa2666ef6ff7 to target datanode c4ba3aa7-9a53-4112-b0b0-f92b042cdc8b
2023-09-14 09:00:52,227 [main] DEBUG balancer.ContainerBalancerTask (ContainerBalancerTask.java:lambda$moveContainer$3(837)) - Container move completed for container #40 from source 38e45923-82a7-4aab-881f-aa2666ef6ff7 to target c4ba3aa7-9a53-4112-b0b0-f92b042cdc8b
2023-09-14 09:00:52,230 [main] DEBUG balancer.ContainerBalancerTask (ContainerBalancerTask.java:matchSourceWithTarget(708)) - ContainerBalancer is finding suitable target for source datanode 38e45923-82a7-4aab-881f-aa2666ef6ff7
2023-09-14 09:00:52,230 [main] INFO  balancer.ContainerBalancerTask (ContainerBalancerTask.java:matchSourceWithTarget(722)) - ContainerBalancer matched source datanode 38e45923-82a7-4aab-881f-aa2666ef6ff7 with target datanode c4ba3aa7-9a53-4112-b0b0-f92b042cdc8b for container move.
2023-09-14 09:00:52,230 [main] INFO  balancer.ContainerBalancerTask (ContainerBalancerTask.java:processMoveSelection(569)) - ContainerBalancer is trying to move container #89 with size 4294967296B from source datanode 38e45923-82a7-4aab-881f-aa2666ef6ff7 to target datanode c4ba3aa7-9a53-4112-b0b0-f92b042cdc8b
2023-09-14 09:00:52,230 [main] DEBUG balancer.ContainerBalancerTask (ContainerBalancerTask.java:lambda$moveContainer$3(837)) - Container move completed for container #89 from source 38e45923-82a7-4aab-881f-aa2666ef6ff7 to target c4ba3aa7-9a53-4112-b0b0-f92b042cdc8b
2023-09-14 09:00:52,232 [main] DEBUG balancer.ContainerBalancerTask (ContainerBalancerTask.java:matchSourceWithTarget(708)) - ContainerBalancer is finding suitable target for source datanode 38e45923-82a7-4aab-881f-aa2666ef6ff7
2023-09-14 09:00:52,233 [main] INFO  balancer.ContainerBalancerTask (ContainerBalancerTask.java:matchSourceWithTarget(722)) - ContainerBalancer matched source datanode 38e45923-82a7-4aab-881f-aa2666ef6ff7 with target datanode c4ba3aa7-9a53-4112-b0b0-f92b042cdc8b for container move.
2023-09-14 09:00:52,233 [main] INFO  balancer.ContainerBalancerTask (ContainerBalancerTask.java:processMoveSelection(569)) - ContainerBalancer is trying to move container #87 with size 2147483648B from source datanode 38e45923-82a7-4aab-881f-aa2666ef6ff7 to target datanode c4ba3aa7-9a53-4112-b0b0-f92b042cdc8b
2023-09-14 09:00:52,233 [main] DEBUG balancer.ContainerBalancerTask (ContainerBalancerTask.java:lambda$moveContainer$3(837)) - Container move completed for container #87 from source 38e45923-82a7-4aab-881f-aa2666ef6ff7 to target c4ba3aa7-9a53-4112-b0b0-f92b042cdc8b
2023-09-14 09:00:52,236 [main] DEBUG balancer.ContainerBalancerTask (ContainerBalancerTask.java:matchSourceWithTarget(708)) - ContainerBalancer is finding suitable target for source datanode 38e45923-82a7-4aab-881f-aa2666ef6ff7
2023-09-14 09:00:52,236 [main] INFO  balancer.FindTargetGreedyByUsageInfo (AbstractFindTargetGreedy.java:findTargetForContainerMove(133)) - Container Balancer could not find a target for source datanode 38e45923-82a7-4aab-881f-aa2666ef6ff7
2023-09-14 09:00:52,237 [main] DEBUG balancer.ContainerBalancerTask (ContainerBalancerTask.java:matchSourceWithTarget(717)) - ContainerBalancer could not find a suitable target for source node 38e45923-82a7-4aab-881f-aa2666ef6ff7.
2023-09-14 09:00:52,237 [main] INFO  balancer.FindSourceGreedy (FindSourceGreedy.java:getNextCandidateSourceDataNode(126)) - no more candidate source data node
2023-09-14 09:00:52,237 [main] INFO  balancer.ContainerBalancerTask (ContainerBalancerTask.java:checkIterationMoveResults(642)) - Iteration Summary. Number of Datanodes involved: 2. Size moved: 21 GB (22548578304 Bytes). Number of Container moves completed: 5.
2023-09-14 09:00:52,237 [main] INFO  balancer.ContainerBalancerTask (ContainerBalancerTask.java:balance(259)) - Result of this iteration of Container Balancer: ITERATION_COMPLETED
2023-09-14 09:00:52,239 [main] DEBUG balancer.ContainerBalancerTask (ContainerBalancerTask.java:initializeIteration(374)) - Average utilization of the cluster is 0.36256473348440693
2023-09-14 09:00:52,239 [main] DEBUG balancer.ContainerBalancerTask (ContainerBalancerTask.java:initializeIteration(386)) - Lower limit for utilization is 0.2625647334844069 and Upper limit for utilization is 0.46256473348440696
2023-09-14 09:00:52,239 [main] DEBUG balancer.ContainerBalancerTask (ContainerBalancerTask.java:initializeIteration(398)) - Utilization for node 38e45923-82a7-4aab-881f-aa2666ef6ff7 with capacity 65617555911B, used 59055800320B, and remaining 6561755591B is 0.900000000001524
2023-09-14 09:00:52,239 [main] DEBUG balancer.ContainerBalancerTask (ContainerBalancerTask.java:initializeIteration(398)) - Utilization for node 9ed2a680-c9df-4964-b972-4d18dae999ce with capacity 71135395840B, used 56908316672B, and remaining 14227079168B is 0.8
2023-09-14 09:00:52,239 [main] DEBUG balancer.ContainerBalancerTask (ContainerBalancerTask.java:initializeIteration(398)) - Utilization for node fa505834-1b79-430c-895f-b43e4fff5880 with capacity 53687091200B, used 37580963840B, and remaining 16106127360B is 0.7
2023-09-14 09:00:52,239 [main] DEBUG balancer.ContainerBalancerTask (ContainerBalancerTask.java:initializeIteration(398)) - Utilization for node 68a645fb-4702-4f55-9661-548ce24b255d with capacity 87688915626B, used 52613349376B, and remaining 35075566250B is 0.6000000000045616
2023-09-14 09:00:52,239 [main] DEBUG balancer.ContainerBalancerTask (ContainerBalancerTask.java:initializeIteration(398)) - Utilization for node 0683cb73-921b-4122-b2de-e782c251f59d with capacity 100931731456B, used 50465865728B, and remaining 50465865728B is 0.5
2023-09-14 09:00:52,239 [main] DEBUG balancer.ContainerBalancerTask (ContainerBalancerTask.java:initializeIteration(398)) - Utilization for node 1f5c195a-a496-47b0-9977-d2e5478cb940 with capacity 77846282240B, used 31138512896B, and remaining 46707769344B is 0.4
2023-09-14 09:00:52,240 [main] DEBUG balancer.ContainerBalancerTask (ContainerBalancerTask.java:initializeIteration(398)) - Utilization for node 274d117b-6284-43ec-b0ec-3b0c0021d47c with capacity 132428158293B, used 39728447488B, and remaining 92699710805B is 0.3000000000007551
2023-09-14 09:00:52,240 [main] DEBUG balancer.ContainerBalancerTask (ContainerBalancerTask.java:initializeIteration(398)) - Utilization for node 424ef200-68da-4938-8d54-8e40d015626d with capacity 102005473280B, used 20401094656B, and remaining 81604378624B is 0.2
2023-09-14 09:00:52,240 [main] DEBUG balancer.ContainerBalancerTask (ContainerBalancerTask.java:initializeIteration(398)) - Utilization for node 3aaa2eff-8ae3-483d-81ee-4920587e6eb8 with capacity 300647710720B, used 30064771072B, and remaining 270582939648B is 0.1
2023-09-14 09:00:52,240 [main] DEBUG balancer.ContainerBalancerTask (ContainerBalancerTask.java:initializeIteration(398)) - Utilization for node c4ba3aa7-9a53-4112-b0b0-f92b042cdc8b with capacity 50465865728B, used 0B, and remaining 50465865728B is 0.0
2023-09-14 09:00:52,240 [main] INFO  balancer.ContainerBalancerTask (ContainerBalancerTask.java:initializeIteration(447)) - Container Balancer has identified 5 Over-Utilized and 3 Under-Utilized Datanodes that need to be balanced.
2023-09-14 09:00:52,240 [main] DEBUG balancer.ContainerBalancerTask (ContainerBalancerTask.java:lambda$initializeIteration$1(453)) - Datanode localhost-166.146.114.123 38e45923-82a7-4aab-881f-aa2666ef6ff7 is Over-Utilized.
2023-09-14 09:00:52,240 [main] DEBUG balancer.ContainerBalancerTask (ContainerBalancerTask.java:lambda$initializeIteration$1(453)) - Datanode localhost-215.139.46.47 9ed2a680-c9df-4964-b972-4d18dae999ce is Over-Utilized.
2023-09-14 09:00:52,240 [main] DEBUG balancer.ContainerBalancerTask (ContainerBalancerTask.java:lambda$initializeIteration$1(453)) - Datanode localhost-196.233.143.196 fa505834-1b79-430c-895f-b43e4fff5880 is Over-Utilized.
2023-09-14 09:00:52,240 [main] DEBUG balancer.ContainerBalancerTask (ContainerBalancerTask.java:lambda$initializeIteration$1(453)) - Datanode localhost-20.21.207.182 68a645fb-4702-4f55-9661-548ce24b255d is Over-Utilized.
2023-09-14 09:00:52,240 [main] DEBUG balancer.ContainerBalancerTask (ContainerBalancerTask.java:lambda$initializeIteration$1(453)) - Datanode localhost-64.50.37.13 0683cb73-921b-4122-b2de-e782c251f59d is Over-Utilized.
2023-09-14 09:00:52,240 [main] DEBUG balancer.ContainerBalancerTask (ContainerBalancerTask.java:lambda$initializeIteration$2(459)) - Datanode localhost-56.71.248.178 c4ba3aa7-9a53-4112-b0b0-f92b042cdc8b is Under-Utilized.
2023-09-14 09:00:52,240 [main] DEBUG balancer.ContainerBalancerTask (ContainerBalancerTask.java:lambda$initializeIteration$2(459)) - Datanode localhost-121.197.119.221 3aaa2eff-8ae3-483d-81ee-4920587e6eb8 is Under-Utilized.
2023-09-14 09:00:52,241 [main] DEBUG balancer.ContainerBalancerTask (ContainerBalancerTask.java:lambda$initializeIteration$2(459)) - Datanode localhost-170.104.138.103 424ef200-68da-4938-8d54-8e40d015626d is Under-Utilized.
2023-09-14 09:00:52,248 [main] DEBUG balancer.ContainerBalancerTask (ContainerBalancerTask.java:matchSourceWithTarget(708)) - ContainerBalancer is finding suitable target for source datanode 38e45923-82a7-4aab-881f-aa2666ef6ff7
2023-09-14 09:00:52,248 [main] INFO  balancer.ContainerBalancerTask (ContainerBalancerTask.java:matchSourceWithTarget(722)) - ContainerBalancer matched source datanode 38e45923-82a7-4aab-881f-aa2666ef6ff7 with target datanode c4ba3aa7-9a53-4112-b0b0-f92b042cdc8b for container move.
2023-09-14 09:00:52,248 [main] INFO  balancer.ContainerBalancerTask (ContainerBalancerTask.java:processMoveSelection(569)) - ContainerBalancer is trying to move container #85 with size 5368709120B from source datanode 38e45923-82a7-4aab-881f-aa2666ef6ff7 to target datanode c4ba3aa7-9a53-4112-b0b0-f92b042cdc8b
2023-09-14 09:00:52,248 [main] DEBUG balancer.ContainerBalancerTask (ContainerBalancerTask.java:lambda$moveContainer$3(837)) - Container move completed for container #85 from source 38e45923-82a7-4aab-881f-aa2666ef6ff7 to target c4ba3aa7-9a53-4112-b0b0-f92b042cdc8b
2023-09-14 09:00:52,248 [main] DEBUG balancer.ContainerBalancerTask (ContainerBalancerTask.java:adaptOnReachingIterationLimits(782)) - Reached max datanodes to involve limit. 2 datanodes have already been selected for balancing and the limit is 2. Only already selected sources and targets can be involved in balancing now.
2023-09-14 09:00:52,251 [main] DEBUG balancer.ContainerBalancerTask (ContainerBalancerTask.java:matchSourceWithTarget(708)) - ContainerBalancer is finding suitable target for source datanode 38e45923-82a7-4aab-881f-aa2666ef6ff7
2023-09-14 09:00:52,251 [main] INFO  balancer.ContainerBalancerTask (ContainerBalancerTask.java:matchSourceWithTarget(722)) - ContainerBalancer matched source datanode 38e45923-82a7-4aab-881f-aa2666ef6ff7 with target datanode c4ba3aa7-9a53-4112-b0b0-f92b042cdc8b for container move.
2023-09-14 09:00:52,251 [main] INFO  balancer.ContainerBalancerTask (ContainerBalancerTask.java:processMoveSelection(569)) - ContainerBalancer is trying to move container #53 with size 5368709120B from source datanode 38e45923-82a7-4aab-881f-aa2666ef6ff7 to target datanode c4ba3aa7-9a53-4112-b0b0-f92b042cdc8b
2023-09-14 09:00:52,251 [main] DEBUG balancer.ContainerBalancerTask (ContainerBalancerTask.java:lambda$moveContainer$3(837)) - Container move completed for container #53 from source 38e45923-82a7-4aab-881f-aa2666ef6ff7 to target c4ba3aa7-9a53-4112-b0b0-f92b042cdc8b
2023-09-14 09:00:52,254 [main] DEBUG balancer.ContainerBalancerTask (ContainerBalancerTask.java:matchSourceWithTarget(708)) - ContainerBalancer is finding suitable target for source datanode 38e45923-82a7-4aab-881f-aa2666ef6ff7
2023-09-14 09:00:52,254 [main] INFO  balancer.ContainerBalancerTask (ContainerBalancerTask.java:matchSourceWithTarget(722)) - ContainerBalancer matched source datanode 38e45923-82a7-4aab-881f-aa2666ef6ff7 with target datanode c4ba3aa7-9a53-4112-b0b0-f92b042cdc8b for container move.
2023-09-14 09:00:52,254 [main] INFO  balancer.ContainerBalancerTask (ContainerBalancerTask.java:processMoveSelection(569)) - ContainerBalancer is trying to move container #40 with size 5368709120B from source datanode 38e45923-82a7-4aab-881f-aa2666ef6ff7 to target datanode c4ba3aa7-9a53-4112-b0b0-f92b042cdc8b
2023-09-14 09:00:52,254 [main] DEBUG balancer.ContainerBalancerTask (ContainerBalancerTask.java:lambda$moveContainer$3(837)) - Container move completed for container #40 from source 38e45923-82a7-4aab-881f-aa2666ef6ff7 to target c4ba3aa7-9a53-4112-b0b0-f92b042cdc8b
2023-09-14 09:00:52,257 [main] DEBUG balancer.ContainerBalancerTask (ContainerBalancerTask.java:matchSourceWithTarget(708)) - ContainerBalancer is finding suitable target for source datanode 38e45923-82a7-4aab-881f-aa2666ef6ff7
2023-09-14 09:00:52,257 [main] INFO  balancer.ContainerBalancerTask (ContainerBalancerTask.java:matchSourceWithTarget(722)) - ContainerBalancer matched source datanode 38e45923-82a7-4aab-881f-aa2666ef6ff7 with target datanode c4ba3aa7-9a53-4112-b0b0-f92b042cdc8b for container move.
2023-09-14 09:00:52,257 [main] INFO  balancer.ContainerBalancerTask (ContainerBalancerTask.java:processMoveSelection(569)) - ContainerBalancer is trying to move container #89 with size 4294967296B from source datanode 38e45923-82a7-4aab-881f-aa2666ef6ff7 to target datanode c4ba3aa7-9a53-4112-b0b0-f92b042cdc8b
2023-09-14 09:00:52,257 [main] DEBUG balancer.ContainerBalancerTask (ContainerBalancerTask.java:lambda$moveContainer$3(837)) - Container move completed for container #89 from source 38e45923-82a7-4aab-881f-aa2666ef6ff7 to target c4ba3aa7-9a53-4112-b0b0-f92b042cdc8b
2023-09-14 09:00:52,260 [main] DEBUG balancer.ContainerBalancerTask (ContainerBalancerTask.java:matchSourceWithTarget(708)) - ContainerBalancer is finding suitable target for source datanode 38e45923-82a7-4aab-881f-aa2666ef6ff7
2023-09-14 09:00:52,260 [main] INFO  balancer.ContainerBalancerTask (ContainerBalancerTask.java:matchSourceWithTarget(722)) - ContainerBalancer matched source datanode 38e45923-82a7-4aab-881f-aa2666ef6ff7 with target datanode c4ba3aa7-9a53-4112-b0b0-f92b042cdc8b for container move.
2023-09-14 09:00:52,260 [main] INFO  balancer.ContainerBalancerTask (ContainerBalancerTask.java:processMoveSelection(569)) - ContainerBalancer is trying to move container #87 with size 2147483648B from source datanode 38e45923-82a7-4aab-881f-aa2666ef6ff7 to target datanode c4ba3aa7-9a53-4112-b0b0-f92b042cdc8b
2023-09-14 09:00:52,260 [main] DEBUG balancer.ContainerBalancerTask (ContainerBalancerTask.java:lambda$moveContainer$3(837)) - Container move completed for container #87 from source 38e45923-82a7-4aab-881f-aa2666ef6ff7 to target c4ba3aa7-9a53-4112-b0b0-f92b042cdc8b
2023-09-14 09:00:52,263 [main] DEBUG balancer.ContainerBalancerTask (ContainerBalancerTask.java:matchSourceWithTarget(708)) - ContainerBalancer is finding suitable target for source datanode 38e45923-82a7-4aab-881f-aa2666ef6ff7
2023-09-14 09:00:52,263 [main] INFO  balancer.FindTargetGreedyByUsageInfo (AbstractFindTargetGreedy.java:findTargetForContainerMove(133)) - Container Balancer could not find a target for source datanode 38e45923-82a7-4aab-881f-aa2666ef6ff7
2023-09-14 09:00:52,264 [main] DEBUG balancer.ContainerBalancerTask (ContainerBalancerTask.java:matchSourceWithTarget(717)) - ContainerBalancer could not find a suitable target for source node 38e45923-82a7-4aab-881f-aa2666ef6ff7.
2023-09-14 09:00:52,264 [main] INFO  balancer.FindSourceGreedy (FindSourceGreedy.java:getNextCandidateSourceDataNode(126)) - no more candidate source data node
2023-09-14 09:00:52,264 [main] INFO  balancer.ContainerBalancerTask (ContainerBalancerTask.java:checkIterationMoveResults(642)) - Iteration Summary. Number of Datanodes involved: 2. Size moved: 21 GB (22548578304 Bytes). Number of Container moves completed: 5.
2023-09-14 09:00:52,264 [main] INFO  balancer.ContainerBalancerTask (ContainerBalancerTask.java:balance(259)) - Result of this iteration of Container Balancer: ITERATION_COMPLETED
2023-09-14 09:00:52,266 [main] DEBUG balancer.ContainerBalancerTask (ContainerBalancerTask.java:initializeIteration(374)) - Average utilization of the cluster is 0.36256473348440693
2023-09-14 09:00:52,266 [main] DEBUG balancer.ContainerBalancerTask (ContainerBalancerTask.java:initializeIteration(386)) - Lower limit for utilization is 0.2625647334844069 and Upper limit for utilization is 0.46256473348440696
2023-09-14 09:00:52,266 [main] DEBUG balancer.ContainerBalancerTask (ContainerBalancerTask.java:initializeIteration(398)) - Utilization for node 38e45923-82a7-4aab-881f-aa2666ef6ff7 with capacity 65617555911B, used 59055800320B, and remaining 6561755591B is 0.900000000001524
2023-09-14 09:00:52,266 [main] DEBUG balancer.ContainerBalancerTask (ContainerBalancerTask.java:initializeIteration(398)) - Utilization for node 9ed2a680-c9df-4964-b972-4d18dae999ce with capacity 71135395840B, used 56908316672B, and remaining 14227079168B is 0.8
2023-09-14 09:00:52,266 [main] DEBUG balancer.ContainerBalancerTask (ContainerBalancerTask.java:initializeIteration(398)) - Utilization for node fa505834-1b79-430c-895f-b43e4fff5880 with capacity 53687091200B, used 37580963840B, and remaining 16106127360B is 0.7
2023-09-14 09:00:52,266 [main] DEBUG balancer.ContainerBalancerTask (ContainerBalancerTask.java:initializeIteration(398)) - Utilization for node 68a645fb-4702-4f55-9661-548ce24b255d with capacity 87688915626B, used 52613349376B, and remaining 35075566250B is 0.6000000000045616
2023-09-14 09:00:52,266 [main] DEBUG balancer.ContainerBalancerTask (ContainerBalancerTask.java:initializeIteration(398)) - Utilization for node 0683cb73-921b-4122-b2de-e782c251f59d with capacity 100931731456B, used 50465865728B, and remaining 50465865728B is 0.5
2023-09-14 09:00:52,266 [main] DEBUG balancer.ContainerBalancerTask (ContainerBalancerTask.java:initializeIteration(398)) - Utilization for node 1f5c195a-a496-47b0-9977-d2e5478cb940 with capacity 77846282240B, used 31138512896B, and remaining 46707769344B is 0.4
2023-09-14 09:00:52,266 [main] DEBUG balancer.ContainerBalancerTask (ContainerBalancerTask.java:initializeIteration(398)) - Utilization for node 274d117b-6284-43ec-b0ec-3b0c0021d47c with capacity 132428158293B, used 39728447488B, and remaining 92699710805B is 0.3000000000007551
2023-09-14 09:00:52,266 [main] DEBUG balancer.ContainerBalancerTask (ContainerBalancerTask.java:initializeIteration(398)) - Utilization for node 424ef200-68da-4938-8d54-8e40d015626d with capacity 102005473280B, used 20401094656B, and remaining 81604378624B is 0.2
2023-09-14 09:00:52,266 [main] DEBUG balancer.ContainerBalancerTask (ContainerBalancerTask.java:initializeIteration(398)) - Utilization for node 3aaa2eff-8ae3-483d-81ee-4920587e6eb8 with capacity 300647710720B, used 30064771072B, and remaining 270582939648B is 0.1
2023-09-14 09:00:52,267 [main] DEBUG balancer.ContainerBalancerTask (ContainerBalancerTask.java:initializeIteration(398)) - Utilization for node c4ba3aa7-9a53-4112-b0b0-f92b042cdc8b with capacity 50465865728B, used 0B, and remaining 50465865728B is 0.0
2023-09-14 09:00:52,267 [main] INFO  balancer.ContainerBalancerTask (ContainerBalancerTask.java:initializeIteration(447)) - Container Balancer has identified 5 Over-Utilized and 3 Under-Utilized Datanodes that need to be balanced.
2023-09-14 09:00:52,267 [main] DEBUG balancer.ContainerBalancerTask (ContainerBalancerTask.java:lambda$initializeIteration$1(453)) - Datanode localhost-166.146.114.123 38e45923-82a7-4aab-881f-aa2666ef6ff7 is Over-Utilized.
2023-09-14 09:00:52,267 [main] DEBUG balancer.ContainerBalancerTask (ContainerBalancerTask.java:lambda$initializeIteration$1(453)) - Datanode localhost-215.139.46.47 9ed2a680-c9df-4964-b972-4d18dae999ce is Over-Utilized.
2023-09-14 09:00:52,267 [main] DEBUG balancer.ContainerBalancerTask (ContainerBalancerTask.java:lambda$initializeIteration$1(453)) - Datanode localhost-196.233.143.196 fa505834-1b79-430c-895f-b43e4fff5880 is Over-Utilized.
2023-09-14 09:00:52,267 [main] DEBUG balancer.ContainerBalancerTask (ContainerBalancerTask.java:lambda$initializeIteration$1(453)) - Datanode localhost-20.21.207.182 68a645fb-4702-4f55-9661-548ce24b255d is Over-Utilized.
2023-09-14 09:00:52,267 [main] DEBUG balancer.ContainerBalancerTask (ContainerBalancerTask.java:lambda$initializeIteration$1(453)) - Datanode localhost-64.50.37.13 0683cb73-921b-4122-b2de-e782c251f59d is Over-Utilized.
2023-09-14 09:00:52,267 [main] DEBUG balancer.ContainerBalancerTask (ContainerBalancerTask.java:lambda$initializeIteration$2(459)) - Datanode localhost-56.71.248.178 c4ba3aa7-9a53-4112-b0b0-f92b042cdc8b is Under-Utilized.
2023-09-14 09:00:52,267 [main] DEBUG balancer.ContainerBalancerTask (ContainerBalancerTask.java:lambda$initializeIteration$2(459)) - Datanode localhost-121.197.119.221 3aaa2eff-8ae3-483d-81ee-4920587e6eb8 is Under-Utilized.
2023-09-14 09:00:52,267 [main] DEBUG balancer.ContainerBalancerTask (ContainerBalancerTask.java:lambda$initializeIteration$2(459)) - Datanode localhost-170.104.138.103 424ef200-68da-4938-8d54-8e40d015626d is Under-Utilized.
2023-09-14 09:00:52,629 [main] DEBUG balancer.ContainerBalancerTask (ContainerBalancerTask.java:matchSourceWithTarget(708)) - ContainerBalancer is finding suitable target for source datanode 38e45923-82a7-4aab-881f-aa2666ef6ff7
2023-09-14 09:00:52,630 [main] INFO  balancer.ContainerBalancerTask (ContainerBalancerTask.java:matchSourceWithTarget(722)) - ContainerBalancer matched source datanode 38e45923-82a7-4aab-881f-aa2666ef6ff7 with target datanode c4ba3aa7-9a53-4112-b0b0-f92b042cdc8b for container move.
2023-09-14 09:00:52,630 [main] INFO  balancer.ContainerBalancerTask (ContainerBalancerTask.java:processMoveSelection(569)) - ContainerBalancer is trying to move container #85 with size 5368709120B from source datanode 38e45923-82a7-4aab-881f-aa2666ef6ff7 to target datanode c4ba3aa7-9a53-4112-b0b0-f92b042cdc8b
2023-09-14 09:00:52,630 [main] DEBUG balancer.ContainerBalancerTask (ContainerBalancerTask.java:lambda$moveContainer$3(837)) - Container move completed for container #85 from source 38e45923-82a7-4aab-881f-aa2666ef6ff7 to target c4ba3aa7-9a53-4112-b0b0-f92b042cdc8b
2023-09-14 09:00:52,630 [main] DEBUG balancer.ContainerBalancerTask (ContainerBalancerTask.java:adaptOnReachingIterationLimits(782)) - Reached max datanodes to involve limit. 2 datanodes have already been selected for balancing and the limit is 2. Only already selected sources and targets can be involved in balancing now.
2023-09-14 09:00:52,633 [main] DEBUG balancer.ContainerBalancerTask (ContainerBalancerTask.java:matchSourceWithTarget(708)) - ContainerBalancer is finding suitable target for source datanode 38e45923-82a7-4aab-881f-aa2666ef6ff7
2023-09-14 09:00:52,633 [main] INFO  balancer.ContainerBalancerTask (ContainerBalancerTask.java:matchSourceWithTarget(722)) - ContainerBalancer matched source datanode 38e45923-82a7-4aab-881f-aa2666ef6ff7 with target datanode c4ba3aa7-9a53-4112-b0b0-f92b042cdc8b for container move.
2023-09-14 09:00:52,633 [main] INFO  balancer.ContainerBalancerTask (ContainerBalancerTask.java:processMoveSelection(569)) - ContainerBalancer is trying to move container #53 with size 5368709120B from source datanode 38e45923-82a7-4aab-881f-aa2666ef6ff7 to target datanode c4ba3aa7-9a53-4112-b0b0-f92b042cdc8b
2023-09-14 09:00:52,633 [main] DEBUG balancer.ContainerBalancerTask (ContainerBalancerTask.java:lambda$moveContainer$3(837)) - Container move completed for container #53 from source 38e45923-82a7-4aab-881f-aa2666ef6ff7 to target c4ba3aa7-9a53-4112-b0b0-f92b042cdc8b
2023-09-14 09:00:52,636 [main] DEBUG balancer.ContainerBalancerTask (ContainerBalancerTask.java:matchSourceWithTarget(708)) - ContainerBalancer is finding suitable target for source datanode 38e45923-82a7-4aab-881f-aa2666ef6ff7
2023-09-14 09:00:52,636 [main] INFO  balancer.ContainerBalancerTask (ContainerBalancerTask.java:matchSourceWithTarget(722)) - ContainerBalancer matched source datanode 38e45923-82a7-4aab-881f-aa2666ef6ff7 with target datanode c4ba3aa7-9a53-4112-b0b0-f92b042cdc8b for container move.
2023-09-14 09:00:52,636 [main] INFO  balancer.ContainerBalancerTask (ContainerBalancerTask.java:processMoveSelection(569)) - ContainerBalancer is trying to move container #40 with size 5368709120B from source datanode 38e45923-82a7-4aab-881f-aa2666ef6ff7 to target datanode c4ba3aa7-9a53-4112-b0b0-f92b042cdc8b
2023-09-14 09:00:52,636 [main] DEBUG balancer.ContainerBalancerTask (ContainerBalancerTask.java:lambda$moveContainer$3(837)) - Container move completed for container #40 from source 38e45923-82a7-4aab-881f-aa2666ef6ff7 to target c4ba3aa7-9a53-4112-b0b0-f92b042cdc8b
2023-09-14 09:00:52,639 [main] DEBUG balancer.ContainerBalancerTask (ContainerBalancerTask.java:matchSourceWithTarget(708)) - ContainerBalancer is finding suitable target for source datanode 38e45923-82a7-4aab-881f-aa2666ef6ff7
2023-09-14 09:00:52,639 [main] INFO  balancer.ContainerBalancerTask (ContainerBalancerTask.java:matchSourceWithTarget(722)) - ContainerBalancer matched source datanode 38e45923-82a7-4aab-881f-aa2666ef6ff7 with target datanode c4ba3aa7-9a53-4112-b0b0-f92b042cdc8b for container move.
2023-09-14 09:00:52,639 [main] INFO  balancer.ContainerBalancerTask (ContainerBalancerTask.java:processMoveSelection(569)) - ContainerBalancer is trying to move container #89 with size 4294967296B from source datanode 38e45923-82a7-4aab-881f-aa2666ef6ff7 to target datanode c4ba3aa7-9a53-4112-b0b0-f92b042cdc8b
2023-09-14 09:00:52,639 [main] DEBUG balancer.ContainerBalancerTask (ContainerBalancerTask.java:lambda$moveContainer$3(837)) - Container move completed for container #89 from source 38e45923-82a7-4aab-881f-aa2666ef6ff7 to target c4ba3aa7-9a53-4112-b0b0-f92b042cdc8b
2023-09-14 09:00:52,642 [main] DEBUG balancer.ContainerBalancerTask (ContainerBalancerTask.java:matchSourceWithTarget(708)) - ContainerBalancer is finding suitable target for source datanode 38e45923-82a7-4aab-881f-aa2666ef6ff7
2023-09-14 09:00:52,643 [main] INFO  balancer.ContainerBalancerTask (ContainerBalancerTask.java:matchSourceWithTarget(722)) - ContainerBalancer matched source datanode 38e45923-82a7-4aab-881f-aa2666ef6ff7 with target datanode c4ba3aa7-9a53-4112-b0b0-f92b042cdc8b for container move.
2023-09-14 09:00:52,643 [main] INFO  balancer.ContainerBalancerTask (ContainerBalancerTask.java:processMoveSelection(569)) - ContainerBalancer is trying to move container #87 with size 2147483648B from source datanode 38e45923-82a7-4aab-881f-aa2666ef6ff7 to target datanode c4ba3aa7-9a53-4112-b0b0-f92b042cdc8b
2023-09-14 09:00:52,643 [main] DEBUG balancer.ContainerBalancerTask (ContainerBalancerTask.java:lambda$moveContainer$3(837)) - Container move completed for container #87 from source 38e45923-82a7-4aab-881f-aa2666ef6ff7 to target c4ba3aa7-9a53-4112-b0b0-f92b042cdc8b
2023-09-14 09:00:52,645 [main] DEBUG balancer.ContainerBalancerTask (ContainerBalancerTask.java:matchSourceWithTarget(708)) - ContainerBalancer is finding suitable target for source datanode 38e45923-82a7-4aab-881f-aa2666ef6ff7
2023-09-14 09:00:52,646 [main] INFO  balancer.FindTargetGreedyByUsageInfo (AbstractFindTargetGreedy.java:findTargetForContainerMove(133)) - Container Balancer could not find a target for source datanode 38e45923-82a7-4aab-881f-aa2666ef6ff7
2023-09-14 09:00:52,646 [main] DEBUG balancer.ContainerBalancerTask (ContainerBalancerTask.java:matchSourceWithTarget(717)) - ContainerBalancer could not find a suitable target for source node 38e45923-82a7-4aab-881f-aa2666ef6ff7.
2023-09-14 09:00:52,646 [main] INFO  balancer.FindSourceGreedy (FindSourceGreedy.java:getNextCandidateSourceDataNode(126)) - no more candidate source data node
2023-09-14 09:00:52,646 [main] INFO  balancer.ContainerBalancerTask (ContainerBalancerTask.java:checkIterationMoveResults(642)) - Iteration Summary. Number of Datanodes involved: 2. Size moved: 21 GB (22548578304 Bytes). Number of Container moves completed: 5.
2023-09-14 09:00:52,647 [main] INFO  balancer.ContainerBalancerTask (ContainerBalancerTask.java:balance(259)) - Result of this iteration of Container Balancer: ITERATION_COMPLETED
2023-09-14 09:00:52,648 [main] DEBUG balancer.ContainerBalancerTask (ContainerBalancerTask.java:initializeIteration(374)) - Average utilization of the cluster is 0.36256473348440693
2023-09-14 09:00:52,649 [main] DEBUG balancer.ContainerBalancerTask (ContainerBalancerTask.java:initializeIteration(386)) - Lower limit for utilization is 0.2625647334844069 and Upper limit for utilization is 0.46256473348440696
2023-09-14 09:00:52,649 [main] DEBUG balancer.ContainerBalancerTask (ContainerBalancerTask.java:initializeIteration(398)) - Utilization for node 38e45923-82a7-4aab-881f-aa2666ef6ff7 with capacity 65617555911B, used 59055800320B, and remaining 6561755591B is 0.900000000001524
2023-09-14 09:00:52,649 [main] DEBUG balancer.ContainerBalancerTask (ContainerBalancerTask.java:initializeIteration(398)) - Utilization for node 9ed2a680-c9df-4964-b972-4d18dae999ce with capacity 71135395840B, used 56908316672B, and remaining 14227079168B is 0.8
2023-09-14 09:00:52,649 [main] DEBUG balancer.ContainerBalancerTask (ContainerBalancerTask.java:initializeIteration(398)) - Utilization for node fa505834-1b79-430c-895f-b43e4fff5880 with capacity 53687091200B, used 37580963840B, and remaining 16106127360B is 0.7
2023-09-14 09:00:52,649 [main] DEBUG balancer.ContainerBalancerTask (ContainerBalancerTask.java:initializeIteration(398)) - Utilization for node 68a645fb-4702-4f55-9661-548ce24b255d with capacity 87688915626B, used 52613349376B, and remaining 35075566250B is 0.6000000000045616
2023-09-14 09:00:52,649 [main] DEBUG balancer.ContainerBalancerTask (ContainerBalancerTask.java:initializeIteration(398)) - Utilization for node 0683cb73-921b-4122-b2de-e782c251f59d with capacity 100931731456B, used 50465865728B, and remaining 50465865728B is 0.5
2023-09-14 09:00:52,649 [main] DEBUG balancer.ContainerBalancerTask (ContainerBalancerTask.java:initializeIteration(398)) - Utilization for node 1f5c195a-a496-47b0-9977-d2e5478cb940 with capacity 77846282240B, used 31138512896B, and remaining 46707769344B is 0.4
2023-09-14 09:00:52,649 [main] DEBUG balancer.ContainerBalancerTask (ContainerBalancerTask.java:initializeIteration(398)) - Utilization for node 274d117b-6284-43ec-b0ec-3b0c0021d47c with capacity 132428158293B, used 39728447488B, and remaining 92699710805B is 0.3000000000007551
2023-09-14 09:00:52,649 [main] DEBUG balancer.ContainerBalancerTask (ContainerBalancerTask.java:initializeIteration(398)) - Utilization for node 424ef200-68da-4938-8d54-8e40d015626d with capacity 102005473280B, used 20401094656B, and remaining 81604378624B is 0.2
2023-09-14 09:00:52,649 [main] DEBUG balancer.ContainerBalancerTask (ContainerBalancerTask.java:initializeIteration(398)) - Utilization for node 3aaa2eff-8ae3-483d-81ee-4920587e6eb8 with capacity 300647710720B, used 30064771072B, and remaining 270582939648B is 0.1
2023-09-14 09:00:52,649 [main] DEBUG balancer.ContainerBalancerTask (ContainerBalancerTask.java:initializeIteration(398)) - Utilization for node c4ba3aa7-9a53-4112-b0b0-f92b042cdc8b with capacity 50465865728B, used 0B, and remaining 50465865728B is 0.0
2023-09-14 09:00:52,650 [main] INFO  balancer.ContainerBalancerTask (ContainerBalancerTask.java:initializeIteration(447)) - Container Balancer has identified 5 Over-Utilized and 3 Under-Utilized Datanodes that need to be balanced.
2023-09-14 09:00:52,650 [main] DEBUG balancer.ContainerBalancerTask (ContainerBalancerTask.java:lambda$initializeIteration$1(453)) - Datanode localhost-166.146.114.123 38e45923-82a7-4aab-881f-aa2666ef6ff7 is Over-Utilized.
2023-09-14 09:00:52,650 [main] DEBUG balancer.ContainerBalancerTask (ContainerBalancerTask.java:lambda$initializeIteration$1(453)) - Datanode localhost-215.139.46.47 9ed2a680-c9df-4964-b972-4d18dae999ce is Over-Utilized.
2023-09-14 09:00:52,650 [main] DEBUG balancer.ContainerBalancerTask (ContainerBalancerTask.java:lambda$initializeIteration$1(453)) - Datanode localhost-196.233.143.196 fa505834-1b79-430c-895f-b43e4fff5880 is Over-Utilized.
2023-09-14 09:00:52,650 [main] DEBUG balancer.ContainerBalancerTask (ContainerBalancerTask.java:lambda$initializeIteration$1(453)) - Datanode localhost-20.21.207.182 68a645fb-4702-4f55-9661-548ce24b255d is Over-Utilized.
2023-09-14 09:00:52,650 [main] DEBUG balancer.ContainerBalancerTask (ContainerBalancerTask.java:lambda$initializeIteration$1(453)) - Datanode localhost-64.50.37.13 0683cb73-921b-4122-b2de-e782c251f59d is Over-Utilized.
2023-09-14 09:00:52,650 [main] DEBUG balancer.ContainerBalancerTask (ContainerBalancerTask.java:lambda$initializeIteration$2(459)) - Datanode localhost-56.71.248.178 c4ba3aa7-9a53-4112-b0b0-f92b042cdc8b is Under-Utilized.
2023-09-14 09:00:52,650 [main] DEBUG balancer.ContainerBalancerTask (ContainerBalancerTask.java:lambda$initializeIteration$2(459)) - Datanode localhost-121.197.119.221 3aaa2eff-8ae3-483d-81ee-4920587e6eb8 is Under-Utilized.
2023-09-14 09:00:52,650 [main] DEBUG balancer.ContainerBalancerTask (ContainerBalancerTask.java:lambda$initializeIteration$2(459)) - Datanode localhost-170.104.138.103 424ef200-68da-4938-8d54-8e40d015626d is Under-Utilized.
2023-09-14 09:00:52,653 [main] DEBUG balancer.ContainerBalancerTask (ContainerBalancerTask.java:matchSourceWithTarget(708)) - ContainerBalancer is finding suitable target for source datanode 38e45923-82a7-4aab-881f-aa2666ef6ff7
2023-09-14 09:00:52,653 [main] INFO  balancer.ContainerBalancerTask (ContainerBalancerTask.java:matchSourceWithTarget(722)) - ContainerBalancer matched source datanode 38e45923-82a7-4aab-881f-aa2666ef6ff7 with target datanode c4ba3aa7-9a53-4112-b0b0-f92b042cdc8b for container move.
2023-09-14 09:00:52,653 [main] INFO  balancer.ContainerBalancerTask (ContainerBalancerTask.java:processMoveSelection(569)) - ContainerBalancer is trying to move container #85 with size 5368709120B from source datanode 38e45923-82a7-4aab-881f-aa2666ef6ff7 to target datanode c4ba3aa7-9a53-4112-b0b0-f92b042cdc8b
2023-09-14 09:00:52,653 [main] DEBUG balancer.ContainerBalancerTask (ContainerBalancerTask.java:lambda$moveContainer$3(837)) - Container move completed for container #85 from source 38e45923-82a7-4aab-881f-aa2666ef6ff7 to target c4ba3aa7-9a53-4112-b0b0-f92b042cdc8b
2023-09-14 09:00:52,654 [main] DEBUG balancer.ContainerBalancerTask (ContainerBalancerTask.java:adaptOnReachingIterationLimits(782)) - Reached max datanodes to involve limit. 2 datanodes have already been selected for balancing and the limit is 2. Only already selected sources and targets can be involved in balancing now.
2023-09-14 09:00:52,656 [main] DEBUG balancer.ContainerBalancerTask (ContainerBalancerTask.java:matchSourceWithTarget(708)) - ContainerBalancer is finding suitable target for source datanode 38e45923-82a7-4aab-881f-aa2666ef6ff7
2023-09-14 09:00:52,656 [main] INFO  balancer.ContainerBalancerTask (ContainerBalancerTask.java:matchSourceWithTarget(722)) - ContainerBalancer matched source datanode 38e45923-82a7-4aab-881f-aa2666ef6ff7 with target datanode c4ba3aa7-9a53-4112-b0b0-f92b042cdc8b for container move.
2023-09-14 09:00:52,656 [main] INFO  balancer.ContainerBalancerTask (ContainerBalancerTask.java:processMoveSelection(569)) - ContainerBalancer is trying to move container #53 with size 5368709120B from source datanode 38e45923-82a7-4aab-881f-aa2666ef6ff7 to target datanode c4ba3aa7-9a53-4112-b0b0-f92b042cdc8b
2023-09-14 09:00:52,657 [main] DEBUG balancer.ContainerBalancerTask (ContainerBalancerTask.java:lambda$moveContainer$3(837)) - Container move completed for container #53 from source 38e45923-82a7-4aab-881f-aa2666ef6ff7 to target c4ba3aa7-9a53-4112-b0b0-f92b042cdc8b
2023-09-14 09:00:52,659 [main] DEBUG balancer.ContainerBalancerTask (ContainerBalancerTask.java:matchSourceWithTarget(708)) - ContainerBalancer is finding suitable target for source datanode 38e45923-82a7-4aab-881f-aa2666ef6ff7
2023-09-14 09:00:52,659 [main] INFO  balancer.ContainerBalancerTask (ContainerBalancerTask.java:matchSourceWithTarget(722)) - ContainerBalancer matched source datanode 38e45923-82a7-4aab-881f-aa2666ef6ff7 with target datanode c4ba3aa7-9a53-4112-b0b0-f92b042cdc8b for container move.
2023-09-14 09:00:52,659 [main] INFO  balancer.ContainerBalancerTask (ContainerBalancerTask.java:processMoveSelection(569)) - ContainerBalancer is trying to move container #40 with size 5368709120B from source datanode 38e45923-82a7-4aab-881f-aa2666ef6ff7 to target datanode c4ba3aa7-9a53-4112-b0b0-f92b042cdc8b
2023-09-14 09:00:52,660 [main] DEBUG balancer.ContainerBalancerTask (ContainerBalancerTask.java:lambda$moveContainer$3(837)) - Container move completed for container #40 from source 38e45923-82a7-4aab-881f-aa2666ef6ff7 to target c4ba3aa7-9a53-4112-b0b0-f92b042cdc8b
2023-09-14 09:00:52,662 [main] DEBUG balancer.ContainerBalancerTask (ContainerBalancerTask.java:matchSourceWithTarget(708)) - ContainerBalancer is finding suitable target for source datanode 38e45923-82a7-4aab-881f-aa2666ef6ff7
2023-09-14 09:00:52,662 [main] INFO  balancer.ContainerBalancerTask (ContainerBalancerTask.java:matchSourceWithTarget(722)) - ContainerBalancer matched source datanode 38e45923-82a7-4aab-881f-aa2666ef6ff7 with target datanode c4ba3aa7-9a53-4112-b0b0-f92b042cdc8b for container move.
2023-09-14 09:00:52,662 [main] INFO  balancer.ContainerBalancerTask (ContainerBalancerTask.java:processMoveSelection(569)) - ContainerBalancer is trying to move container #89 with size 4294967296B from source datanode 38e45923-82a7-4aab-881f-aa2666ef6ff7 to target datanode c4ba3aa7-9a53-4112-b0b0-f92b042cdc8b
2023-09-14 09:00:52,663 [main] DEBUG balancer.ContainerBalancerTask (ContainerBalancerTask.java:lambda$moveContainer$3(837)) - Container move completed for container #89 from source 38e45923-82a7-4aab-881f-aa2666ef6ff7 to target c4ba3aa7-9a53-4112-b0b0-f92b042cdc8b
2023-09-14 09:00:52,665 [main] DEBUG balancer.ContainerBalancerTask (ContainerBalancerTask.java:matchSourceWithTarget(708)) - ContainerBalancer is finding suitable target for source datanode 38e45923-82a7-4aab-881f-aa2666ef6ff7
2023-09-14 09:00:52,666 [main] INFO  balancer.ContainerBalancerTask (ContainerBalancerTask.java:matchSourceWithTarget(722)) - ContainerBalancer matched source datanode 38e45923-82a7-4aab-881f-aa2666ef6ff7 with target datanode c4ba3aa7-9a53-4112-b0b0-f92b042cdc8b for container move.
2023-09-14 09:00:52,666 [main] INFO  balancer.ContainerBalancerTask (ContainerBalancerTask.java:processMoveSelection(569)) - ContainerBalancer is trying to move container #87 with size 2147483648B from source datanode 38e45923-82a7-4aab-881f-aa2666ef6ff7 to target datanode c4ba3aa7-9a53-4112-b0b0-f92b042cdc8b
2023-09-14 09:00:52,666 [main] DEBUG balancer.ContainerBalancerTask (ContainerBalancerTask.java:lambda$moveContainer$3(837)) - Container move completed for container #87 from source 38e45923-82a7-4aab-881f-aa2666ef6ff7 to target c4ba3aa7-9a53-4112-b0b0-f92b042cdc8b
2023-09-14 09:00:52,668 [main] DEBUG balancer.ContainerBalancerTask (ContainerBalancerTask.java:matchSourceWithTarget(708)) - ContainerBalancer is finding suitable target for source datanode 38e45923-82a7-4aab-881f-aa2666ef6ff7
2023-09-14 09:00:52,669 [main] INFO  balancer.FindTargetGreedyByUsageInfo (AbstractFindTargetGreedy.java:findTargetForContainerMove(133)) - Container Balancer could not find a target for source datanode 38e45923-82a7-4aab-881f-aa2666ef6ff7
2023-09-14 09:00:52,669 [main] DEBUG balancer.ContainerBalancerTask (ContainerBalancerTask.java:matchSourceWithTarget(717)) - ContainerBalancer could not find a suitable target for source node 38e45923-82a7-4aab-881f-aa2666ef6ff7.
2023-09-14 09:00:52,669 [main] INFO  balancer.FindSourceGreedy (FindSourceGreedy.java:getNextCandidateSourceDataNode(126)) - no more candidate source data node
2023-09-14 09:00:52,669 [main] INFO  balancer.ContainerBalancerTask (ContainerBalancerTask.java:checkIterationMoveResults(642)) - Iteration Summary. Number of Datanodes involved: 2. Size moved: 21 GB (22548578304 Bytes). Number of Container moves completed: 5.
2023-09-14 09:00:52,669 [main] INFO  balancer.ContainerBalancerTask (ContainerBalancerTask.java:balance(259)) - Result of this iteration of Container Balancer: ITERATION_COMPLETED
2023-09-14 09:00:52,671 [main] DEBUG balancer.ContainerBalancerTask (ContainerBalancerTask.java:initializeIteration(374)) - Average utilization of the cluster is 0.36256473348440693
2023-09-14 09:00:52,671 [main] DEBUG balancer.ContainerBalancerTask (ContainerBalancerTask.java:initializeIteration(386)) - Lower limit for utilization is 0.2625647334844069 and Upper limit for utilization is 0.46256473348440696
2023-09-14 09:00:52,671 [main] DEBUG balancer.ContainerBalancerTask (ContainerBalancerTask.java:initializeIteration(398)) - Utilization for node 38e45923-82a7-4aab-881f-aa2666ef6ff7 with capacity 65617555911B, used 59055800320B, and remaining 6561755591B is 0.900000000001524
2023-09-14 09:00:52,671 [main] DEBUG balancer.ContainerBalancerTask (ContainerBalancerTask.java:initializeIteration(398)) - Utilization for node 9ed2a680-c9df-4964-b972-4d18dae999ce with capacity 71135395840B, used 56908316672B, and remaining 14227079168B is 0.8
2023-09-14 09:00:52,672 [main] DEBUG balancer.ContainerBalancerTask (ContainerBalancerTask.java:initializeIteration(398)) - Utilization for node fa505834-1b79-430c-895f-b43e4fff5880 with capacity 53687091200B, used 37580963840B, and remaining 16106127360B is 0.7
2023-09-14 09:00:52,672 [main] DEBUG balancer.ContainerBalancerTask (ContainerBalancerTask.java:initializeIteration(398)) - Utilization for node 68a645fb-4702-4f55-9661-548ce24b255d with capacity 87688915626B, used 52613349376B, and remaining 35075566250B is 0.6000000000045616
2023-09-14 09:00:52,672 [main] DEBUG balancer.ContainerBalancerTask (ContainerBalancerTask.java:initializeIteration(398)) - Utilization for node 0683cb73-921b-4122-b2de-e782c251f59d with capacity 100931731456B, used 50465865728B, and remaining 50465865728B is 0.5
2023-09-14 09:00:52,672 [main] DEBUG balancer.ContainerBalancerTask (ContainerBalancerTask.java:initializeIteration(398)) - Utilization for node 1f5c195a-a496-47b0-9977-d2e5478cb940 with capacity 77846282240B, used 31138512896B, and remaining 46707769344B is 0.4
2023-09-14 09:00:52,672 [main] DEBUG balancer.ContainerBalancerTask (ContainerBalancerTask.java:initializeIteration(398)) - Utilization for node 274d117b-6284-43ec-b0ec-3b0c0021d47c with capacity 132428158293B, used 39728447488B, and remaining 92699710805B is 0.3000000000007551
2023-09-14 09:00:52,672 [main] DEBUG balancer.ContainerBalancerTask (ContainerBalancerTask.java:initializeIteration(398)) - Utilization for node 424ef200-68da-4938-8d54-8e40d015626d with capacity 102005473280B, used 20401094656B, and remaining 81604378624B is 0.2
2023-09-14 09:00:52,672 [main] DEBUG balancer.ContainerBalancerTask (ContainerBalancerTask.java:initializeIteration(398)) - Utilization for node 3aaa2eff-8ae3-483d-81ee-4920587e6eb8 with capacity 300647710720B, used 30064771072B, and remaining 270582939648B is 0.1
2023-09-14 09:00:52,672 [main] DEBUG balancer.ContainerBalancerTask (ContainerBalancerTask.java:initializeIteration(398)) - Utilization for node c4ba3aa7-9a53-4112-b0b0-f92b042cdc8b with capacity 50465865728B, used 0B, and remaining 50465865728B is 0.0
2023-09-14 09:00:52,672 [main] INFO  balancer.ContainerBalancerTask (ContainerBalancerTask.java:initializeIteration(447)) - Container Balancer has identified 5 Over-Utilized and 3 Under-Utilized Datanodes that need to be balanced.
2023-09-14 09:00:52,672 [main] DEBUG balancer.ContainerBalancerTask (ContainerBalancerTask.java:lambda$initializeIteration$1(453)) - Datanode localhost-166.146.114.123 38e45923-82a7-4aab-881f-aa2666ef6ff7 is Over-Utilized.
2023-09-14 09:00:52,672 [main] DEBUG balancer.ContainerBalancerTask (ContainerBalancerTask.java:lambda$initializeIteration$1(453)) - Datanode localhost-215.139.46.47 9ed2a680-c9df-4964-b972-4d18dae999ce is Over-Utilized.
2023-09-14 09:00:52,672 [main] DEBUG balancer.ContainerBalancerTask (ContainerBalancerTask.java:lambda$initializeIteration$1(453)) - Datanode localhost-196.233.143.196 fa505834-1b79-430c-895f-b43e4fff5880 is Over-Utilized.
2023-09-14 09:00:52,673 [main] DEBUG balancer.ContainerBalancerTask (ContainerBalancerTask.java:lambda$initializeIteration$1(453)) - Datanode localhost-20.21.207.182 68a645fb-4702-4f55-9661-548ce24b255d is Over-Utilized.
2023-09-14 09:00:52,673 [main] DEBUG balancer.ContainerBalancerTask (ContainerBalancerTask.java:lambda$initializeIteration$1(453)) - Datanode localhost-64.50.37.13 0683cb73-921b-4122-b2de-e782c251f59d is Over-Utilized.
2023-09-14 09:00:52,673 [main] DEBUG balancer.ContainerBalancerTask (ContainerBalancerTask.java:lambda$initializeIteration$2(459)) - Datanode localhost-56.71.248.178 c4ba3aa7-9a53-4112-b0b0-f92b042cdc8b is Under-Utilized.
2023-09-14 09:00:52,675 [main] DEBUG balancer.ContainerBalancerTask (ContainerBalancerTask.java:lambda$initializeIteration$2(459)) - Datanode localhost-121.197.119.221 3aaa2eff-8ae3-483d-81ee-4920587e6eb8 is Under-Utilized.
2023-09-14 09:00:52,675 [main] DEBUG balancer.ContainerBalancerTask (ContainerBalancerTask.java:lambda$initializeIteration$2(459)) - Datanode localhost-170.104.138.103 424ef200-68da-4938-8d54-8e40d015626d is Under-Utilized.
2023-09-14 09:00:52,678 [main] DEBUG balancer.ContainerBalancerTask (ContainerBalancerTask.java:matchSourceWithTarget(708)) - ContainerBalancer is finding suitable target for source datanode 38e45923-82a7-4aab-881f-aa2666ef6ff7
2023-09-14 09:00:52,678 [main] INFO  balancer.ContainerBalancerTask (ContainerBalancerTask.java:matchSourceWithTarget(722)) - ContainerBalancer matched source datanode 38e45923-82a7-4aab-881f-aa2666ef6ff7 with target datanode c4ba3aa7-9a53-4112-b0b0-f92b042cdc8b for container move.
2023-09-14 09:00:52,678 [main] INFO  balancer.ContainerBalancerTask (ContainerBalancerTask.java:processMoveSelection(569)) - ContainerBalancer is trying to move container #85 with size 5368709120B from source datanode 38e45923-82a7-4aab-881f-aa2666ef6ff7 to target datanode c4ba3aa7-9a53-4112-b0b0-f92b042cdc8b
2023-09-14 09:00:52,678 [main] DEBUG balancer.ContainerBalancerTask (ContainerBalancerTask.java:lambda$moveContainer$3(837)) - Container move completed for container #85 from source 38e45923-82a7-4aab-881f-aa2666ef6ff7 to target c4ba3aa7-9a53-4112-b0b0-f92b042cdc8b
2023-09-14 09:00:52,678 [main] DEBUG balancer.ContainerBalancerTask (ContainerBalancerTask.java:adaptOnReachingIterationLimits(782)) - Reached max datanodes to involve limit. 2 datanodes have already been selected for balancing and the limit is 2. Only already selected sources and targets can be involved in balancing now.
2023-09-14 09:00:52,681 [main] DEBUG balancer.ContainerBalancerTask (ContainerBalancerTask.java:matchSourceWithTarget(708)) - ContainerBalancer is finding suitable target for source datanode 38e45923-82a7-4aab-881f-aa2666ef6ff7
2023-09-14 09:00:52,681 [main] INFO  balancer.ContainerBalancerTask (ContainerBalancerTask.java:matchSourceWithTarget(722)) - ContainerBalancer matched source datanode 38e45923-82a7-4aab-881f-aa2666ef6ff7 with target datanode c4ba3aa7-9a53-4112-b0b0-f92b042cdc8b for container move.
2023-09-14 09:00:52,681 [main] INFO  balancer.ContainerBalancerTask (ContainerBalancerTask.java:processMoveSelection(569)) - ContainerBalancer is trying to move container #53 with size 5368709120B from source datanode 38e45923-82a7-4aab-881f-aa2666ef6ff7 to target datanode c4ba3aa7-9a53-4112-b0b0-f92b042cdc8b
2023-09-14 09:00:52,682 [main] DEBUG balancer.ContainerBalancerTask (ContainerBalancerTask.java:lambda$moveContainer$3(837)) - Container move completed for container #53 from source 38e45923-82a7-4aab-881f-aa2666ef6ff7 to target c4ba3aa7-9a53-4112-b0b0-f92b042cdc8b
2023-09-14 09:00:52,684 [main] DEBUG balancer.ContainerBalancerTask (ContainerBalancerTask.java:matchSourceWithTarget(708)) - ContainerBalancer is finding suitable target for source datanode 38e45923-82a7-4aab-881f-aa2666ef6ff7
2023-09-14 09:00:52,684 [main] INFO  balancer.ContainerBalancerTask (ContainerBalancerTask.java:matchSourceWithTarget(722)) - ContainerBalancer matched source datanode 38e45923-82a7-4aab-881f-aa2666ef6ff7 with target datanode c4ba3aa7-9a53-4112-b0b0-f92b042cdc8b for container move.
2023-09-14 09:00:52,685 [main] INFO  balancer.ContainerBalancerTask (ContainerBalancerTask.java:processMoveSelection(569)) - ContainerBalancer is trying to move container #40 with size 5368709120B from source datanode 38e45923-82a7-4aab-881f-aa2666ef6ff7 to target datanode c4ba3aa7-9a53-4112-b0b0-f92b042cdc8b
2023-09-14 09:00:52,685 [main] DEBUG balancer.ContainerBalancerTask (ContainerBalancerTask.java:lambda$moveContainer$3(837)) - Container move completed for container #40 from source 38e45923-82a7-4aab-881f-aa2666ef6ff7 to target c4ba3aa7-9a53-4112-b0b0-f92b042cdc8b
2023-09-14 09:00:52,687 [main] DEBUG balancer.ContainerBalancerTask (ContainerBalancerTask.java:matchSourceWithTarget(708)) - ContainerBalancer is finding suitable target for source datanode 38e45923-82a7-4aab-881f-aa2666ef6ff7
2023-09-14 09:00:52,687 [main] INFO  balancer.ContainerBalancerTask (ContainerBalancerTask.java:matchSourceWithTarget(722)) - ContainerBalancer matched source datanode 38e45923-82a7-4aab-881f-aa2666ef6ff7 with target datanode c4ba3aa7-9a53-4112-b0b0-f92b042cdc8b for container move.
2023-09-14 09:00:52,687 [main] INFO  balancer.ContainerBalancerTask (ContainerBalancerTask.java:processMoveSelection(569)) - ContainerBalancer is trying to move container #89 with size 4294967296B from source datanode 38e45923-82a7-4aab-881f-aa2666ef6ff7 to target datanode c4ba3aa7-9a53-4112-b0b0-f92b042cdc8b
2023-09-14 09:00:52,688 [main] DEBUG balancer.ContainerBalancerTask (ContainerBalancerTask.java:lambda$moveContainer$3(837)) - Container move completed for container #89 from source 38e45923-82a7-4aab-881f-aa2666ef6ff7 to target c4ba3aa7-9a53-4112-b0b0-f92b042cdc8b
2023-09-14 09:00:52,690 [main] DEBUG balancer.ContainerBalancerTask (ContainerBalancerTask.java:matchSourceWithTarget(708)) - ContainerBalancer is finding suitable target for source datanode 38e45923-82a7-4aab-881f-aa2666ef6ff7
2023-09-14 09:00:52,691 [main] INFO  balancer.ContainerBalancerTask (ContainerBalancerTask.java:matchSourceWithTarget(722)) - ContainerBalancer matched source datanode 38e45923-82a7-4aab-881f-aa2666ef6ff7 with target datanode c4ba3aa7-9a53-4112-b0b0-f92b042cdc8b for container move.
2023-09-14 09:00:52,691 [main] INFO  balancer.ContainerBalancerTask (ContainerBalancerTask.java:processMoveSelection(569)) - ContainerBalancer is trying to move container #87 with size 2147483648B from source datanode 38e45923-82a7-4aab-881f-aa2666ef6ff7 to target datanode c4ba3aa7-9a53-4112-b0b0-f92b042cdc8b
2023-09-14 09:00:52,691 [main] DEBUG balancer.ContainerBalancerTask (ContainerBalancerTask.java:lambda$moveContainer$3(837)) - Container move completed for container #87 from source 38e45923-82a7-4aab-881f-aa2666ef6ff7 to target c4ba3aa7-9a53-4112-b0b0-f92b042cdc8b
2023-09-14 09:00:52,693 [main] DEBUG balancer.ContainerBalancerTask (ContainerBalancerTask.java:matchSourceWithTarget(708)) - ContainerBalancer is finding suitable target for source datanode 38e45923-82a7-4aab-881f-aa2666ef6ff7
2023-09-14 09:00:52,694 [main] INFO  balancer.FindTargetGreedyByUsageInfo (AbstractFindTargetGreedy.java:findTargetForContainerMove(133)) - Container Balancer could not find a target for source datanode 38e45923-82a7-4aab-881f-aa2666ef6ff7
2023-09-14 09:00:52,694 [main] DEBUG balancer.ContainerBalancerTask (ContainerBalancerTask.java:matchSourceWithTarget(717)) - ContainerBalancer could not find a suitable target for source node 38e45923-82a7-4aab-881f-aa2666ef6ff7.
2023-09-14 09:00:52,694 [main] INFO  balancer.FindSourceGreedy (FindSourceGreedy.java:getNextCandidateSourceDataNode(126)) - no more candidate source data node
2023-09-14 09:00:52,694 [main] INFO  balancer.ContainerBalancerTask (ContainerBalancerTask.java:checkIterationMoveResults(642)) - Iteration Summary. Number of Datanodes involved: 2. Size moved: 21 GB (22548578304 Bytes). Number of Container moves completed: 5.
2023-09-14 09:00:52,695 [main] INFO  balancer.ContainerBalancerTask (ContainerBalancerTask.java:balance(259)) - Result of this iteration of Container Balancer: ITERATION_COMPLETED
2023-09-14 09:00:52,695 [main] INFO  balancer.ContainerBalancerTask (ContainerBalancerTask.java:tryStopWithSaveConfiguration(308)) - Save Configuration for stopping. Reason: Completed all iterations.
]]></system-out>
  </testcase>
  <testcase name="selectedContainerShouldNotAlreadyHaveBeenSelected" classname="org.apache.hadoop.hdds.scm.container.balancer.TestContainerBalancerTask" time="0.147">
    <system-out><![CDATA[2023-09-14 09:00:52,718 [main] INFO  net.NodeSchemaLoader (NodeSchemaLoader.java:loadSchemaFromFile(129)) - Loading schema from [file:/home/runner/work/ozone/ozone/hadoop-hdds/common/target/classes/network-topology-default.xml]
2023-09-14 09:00:52,718 [main] INFO  net.NodeSchemaLoader (NodeSchemaLoader.java:loadSchema(176)) - Loading network topology layer schema file
2023-09-14 09:00:52,720 [main] INFO  net.NetworkTopologyImpl (NetworkTopologyImpl.java:add(112)) - Added a new node: /default-rack/d34f97b7-ea22-425d-884c-082e14cd0dbb
2023-09-14 09:00:52,720 [main] INFO  net.NetworkTopologyImpl (NetworkTopologyImpl.java:add(112)) - Added a new node: /default-rack/ef29a27d-528c-46c4-9139-036c2f32bcef
2023-09-14 09:00:52,720 [main] INFO  net.NetworkTopologyImpl (NetworkTopologyImpl.java:add(112)) - Added a new node: /default-rack/c951db30-3f13-4743-87b2-de3340a400d2
2023-09-14 09:00:52,720 [main] INFO  net.NetworkTopologyImpl (NetworkTopologyImpl.java:add(112)) - Added a new node: /default-rack/d2009a1a-33d0-4a46-9659-febd16cbd7b4
2023-09-14 09:00:52,720 [main] INFO  net.NetworkTopologyImpl (NetworkTopologyImpl.java:add(112)) - Added a new node: /default-rack/1197414b-2137-45a4-aee5-b87d4c71644e
2023-09-14 09:00:52,720 [main] INFO  net.NetworkTopologyImpl (NetworkTopologyImpl.java:add(112)) - Added a new node: /default-rack/4a7b43c3-3fbc-41a4-934d-5217ccbdd20e
2023-09-14 09:00:52,720 [main] INFO  net.NetworkTopologyImpl (NetworkTopologyImpl.java:add(112)) - Added a new node: /default-rack/6c23fcd0-b5c1-454b-af4e-50ddcd42d3e1
2023-09-14 09:00:52,721 [main] INFO  net.NetworkTopologyImpl (NetworkTopologyImpl.java:add(112)) - Added a new node: /default-rack/5e5a4986-74e5-4890-bad9-876398fcf103
2023-09-14 09:00:52,721 [main] INFO  net.NetworkTopologyImpl (NetworkTopologyImpl.java:add(112)) - Added a new node: /default-rack/10a56413-49d5-4816-a797-a86f236f248f
2023-09-14 09:00:52,721 [main] INFO  net.NetworkTopologyImpl (NetworkTopologyImpl.java:add(112)) - Added a new node: /default-rack/94e9aeda-1ed3-4ea9-b83a-3a3d2381dd70
2023-09-14 09:00:52,721 [main] INFO  algorithms.ContainerPlacementPolicyFactory (ContainerPlacementPolicyFactory.java:getPolicyInternal(86)) - Create container placement policy of type org.apache.hadoop.hdds.scm.container.placement.algorithms.SCMContainerPlacementRackAware
2023-09-14 09:00:52,721 [main] INFO  algorithms.ContainerPlacementPolicyFactory (ContainerPlacementPolicyFactory.java:getPolicyInternal(86)) - Create container placement policy of type org.apache.hadoop.hdds.scm.container.placement.algorithms.SCMContainerPlacementRackScatter
2023-09-14 09:00:52,724 [main] DEBUG balancer.ContainerBalancerTask (ContainerBalancerTask.java:initializeIteration(374)) - Average utilization of the cluster is 0.3454778006699303
2023-09-14 09:00:52,724 [main] DEBUG balancer.ContainerBalancerTask (ContainerBalancerTask.java:initializeIteration(386)) - Lower limit for utilization is 0.24547780066993027 and Upper limit for utilization is 0.44547780066993026
2023-09-14 09:00:52,724 [main] DEBUG balancer.ContainerBalancerTask (ContainerBalancerTask.java:initializeIteration(398)) - Utilization for node 6c23fcd0-b5c1-454b-af4e-50ddcd42d3e1 with capacity 70389741795B, used 63350767616B, and remaining 7038974179B is 0.9000000000071033
2023-09-14 09:00:52,724 [main] DEBUG balancer.ContainerBalancerTask (ContainerBalancerTask.java:initializeIteration(398)) - Utilization for node d2009a1a-33d0-4a46-9659-febd16cbd7b4 with capacity 51002736640B, used 40802189312B, and remaining 10200547328B is 0.8
2023-09-14 09:00:52,725 [main] DEBUG balancer.ContainerBalancerTask (ContainerBalancerTask.java:initializeIteration(398)) - Utilization for node 5e5a4986-74e5-4890-bad9-876398fcf103 with capacity 56754924982B, used 39728447488B, and remaining 17026477494B is 0.7000000000105717
2023-09-14 09:00:52,725 [main] DEBUG balancer.ContainerBalancerTask (ContainerBalancerTask.java:initializeIteration(398)) - Utilization for node 1197414b-2137-45a4-aee5-b87d4c71644e with capacity 64424509440B, used 38654705664B, and remaining 25769803776B is 0.6
2023-09-14 09:00:52,725 [main] DEBUG balancer.ContainerBalancerTask (ContainerBalancerTask.java:initializeIteration(398)) - Utilization for node 4a7b43c3-3fbc-41a4-934d-5217ccbdd20e with capacity 126701535232B, used 63350767616B, and remaining 63350767616B is 0.5
2023-09-14 09:00:52,725 [main] DEBUG balancer.ContainerBalancerTask (ContainerBalancerTask.java:initializeIteration(398)) - Utilization for node c951db30-3f13-4743-87b2-de3340a400d2 with capacity 134217728000B, used 53687091200B, and remaining 80530636800B is 0.4
2023-09-14 09:00:52,725 [main] DEBUG balancer.ContainerBalancerTask (ContainerBalancerTask.java:initializeIteration(398)) - Utilization for node 94e9aeda-1ed3-4ea9-b83a-3a3d2381dd70 with capacity 78741067093B, used 23622320128B, and remaining 55118746965B is 0.30000000000127
2023-09-14 09:00:52,725 [main] DEBUG balancer.ContainerBalancerTask (ContainerBalancerTask.java:initializeIteration(398)) - Utilization for node d34f97b7-ea22-425d-884c-082e14cd0dbb with capacity 144955146240B, used 28991029248B, and remaining 115964116992B is 0.2
2023-09-14 09:00:52,725 [main] DEBUG balancer.ContainerBalancerTask (ContainerBalancerTask.java:initializeIteration(398)) - Utilization for node 10a56413-49d5-4816-a797-a86f236f248f with capacity 322122547200B, used 32212254720B, and remaining 289910292480B is 0.1
2023-09-14 09:00:52,725 [main] DEBUG balancer.ContainerBalancerTask (ContainerBalancerTask.java:initializeIteration(398)) - Utilization for node ef29a27d-528c-46c4-9139-036c2f32bcef with capacity 63350767616B, used 0B, and remaining 63350767616B is 0.0
2023-09-14 09:00:52,725 [main] INFO  balancer.ContainerBalancerTask (ContainerBalancerTask.java:initializeIteration(447)) - Container Balancer has identified 5 Over-Utilized and 3 Under-Utilized Datanodes that need to be balanced.
2023-09-14 09:00:52,725 [main] DEBUG balancer.ContainerBalancerTask (ContainerBalancerTask.java:lambda$initializeIteration$1(453)) - Datanode localhost-114.22.90.140 6c23fcd0-b5c1-454b-af4e-50ddcd42d3e1 is Over-Utilized.
2023-09-14 09:00:52,725 [main] DEBUG balancer.ContainerBalancerTask (ContainerBalancerTask.java:lambda$initializeIteration$1(453)) - Datanode localhost-23.4.45.63 d2009a1a-33d0-4a46-9659-febd16cbd7b4 is Over-Utilized.
2023-09-14 09:00:52,726 [main] DEBUG balancer.ContainerBalancerTask (ContainerBalancerTask.java:lambda$initializeIteration$1(453)) - Datanode localhost-123.236.92.205 5e5a4986-74e5-4890-bad9-876398fcf103 is Over-Utilized.
2023-09-14 09:00:52,726 [main] DEBUG balancer.ContainerBalancerTask (ContainerBalancerTask.java:lambda$initializeIteration$1(453)) - Datanode localhost-199.216.188.239 1197414b-2137-45a4-aee5-b87d4c71644e is Over-Utilized.
2023-09-14 09:00:52,726 [main] DEBUG balancer.ContainerBalancerTask (ContainerBalancerTask.java:lambda$initializeIteration$1(453)) - Datanode localhost-90.159.165.63 4a7b43c3-3fbc-41a4-934d-5217ccbdd20e is Over-Utilized.
2023-09-14 09:00:52,726 [main] DEBUG balancer.ContainerBalancerTask (ContainerBalancerTask.java:lambda$initializeIteration$2(459)) - Datanode localhost-196.4.65.181 ef29a27d-528c-46c4-9139-036c2f32bcef is Under-Utilized.
2023-09-14 09:00:52,726 [main] DEBUG balancer.ContainerBalancerTask (ContainerBalancerTask.java:lambda$initializeIteration$2(459)) - Datanode localhost-150.119.190.231 10a56413-49d5-4816-a797-a86f236f248f is Under-Utilized.
2023-09-14 09:00:52,726 [main] DEBUG balancer.ContainerBalancerTask (ContainerBalancerTask.java:lambda$initializeIteration$2(459)) - Datanode localhost-151.59.81.168 d34f97b7-ea22-425d-884c-082e14cd0dbb is Under-Utilized.
2023-09-14 09:00:52,729 [main] DEBUG balancer.ContainerBalancerTask (ContainerBalancerTask.java:matchSourceWithTarget(708)) - ContainerBalancer is finding suitable target for source datanode 6c23fcd0-b5c1-454b-af4e-50ddcd42d3e1
2023-09-14 09:00:52,729 [main] INFO  balancer.ContainerBalancerTask (ContainerBalancerTask.java:matchSourceWithTarget(722)) - ContainerBalancer matched source datanode 6c23fcd0-b5c1-454b-af4e-50ddcd42d3e1 with target datanode ef29a27d-528c-46c4-9139-036c2f32bcef for container move.
2023-09-14 09:00:52,729 [main] INFO  balancer.ContainerBalancerTask (ContainerBalancerTask.java:processMoveSelection(569)) - ContainerBalancer is trying to move container #68 with size 5368709120B from source datanode 6c23fcd0-b5c1-454b-af4e-50ddcd42d3e1 to target datanode ef29a27d-528c-46c4-9139-036c2f32bcef
2023-09-14 09:00:52,729 [main] DEBUG balancer.ContainerBalancerTask (ContainerBalancerTask.java:lambda$moveContainer$3(837)) - Container move completed for container #68 from source 6c23fcd0-b5c1-454b-af4e-50ddcd42d3e1 to target ef29a27d-528c-46c4-9139-036c2f32bcef
2023-09-14 09:00:52,732 [main] DEBUG balancer.ContainerBalancerTask (ContainerBalancerTask.java:matchSourceWithTarget(708)) - ContainerBalancer is finding suitable target for source datanode 6c23fcd0-b5c1-454b-af4e-50ddcd42d3e1
2023-09-14 09:00:52,732 [main] INFO  balancer.ContainerBalancerTask (ContainerBalancerTask.java:matchSourceWithTarget(722)) - ContainerBalancer matched source datanode 6c23fcd0-b5c1-454b-af4e-50ddcd42d3e1 with target datanode ef29a27d-528c-46c4-9139-036c2f32bcef for container move.
2023-09-14 09:00:52,732 [main] INFO  balancer.ContainerBalancerTask (ContainerBalancerTask.java:processMoveSelection(569)) - ContainerBalancer is trying to move container #40 with size 5368709120B from source datanode 6c23fcd0-b5c1-454b-af4e-50ddcd42d3e1 to target datanode ef29a27d-528c-46c4-9139-036c2f32bcef
2023-09-14 09:00:52,733 [main] DEBUG balancer.ContainerBalancerTask (ContainerBalancerTask.java:lambda$moveContainer$3(837)) - Container move completed for container #40 from source 6c23fcd0-b5c1-454b-af4e-50ddcd42d3e1 to target ef29a27d-528c-46c4-9139-036c2f32bcef
2023-09-14 09:00:52,735 [main] DEBUG balancer.ContainerBalancerTask (ContainerBalancerTask.java:matchSourceWithTarget(708)) - ContainerBalancer is finding suitable target for source datanode d2009a1a-33d0-4a46-9659-febd16cbd7b4
2023-09-14 09:00:52,735 [main] INFO  balancer.ContainerBalancerTask (ContainerBalancerTask.java:matchSourceWithTarget(722)) - ContainerBalancer matched source datanode d2009a1a-33d0-4a46-9659-febd16cbd7b4 with target datanode 10a56413-49d5-4816-a797-a86f236f248f for container move.
2023-09-14 09:00:52,735 [main] INFO  balancer.ContainerBalancerTask (ContainerBalancerTask.java:processMoveSelection(569)) - ContainerBalancer is trying to move container #66 with size 3221225472B from source datanode d2009a1a-33d0-4a46-9659-febd16cbd7b4 to target datanode 10a56413-49d5-4816-a797-a86f236f248f
2023-09-14 09:00:52,735 [main] DEBUG balancer.ContainerBalancerTask (ContainerBalancerTask.java:lambda$moveContainer$3(837)) - Container move completed for container #66 from source d2009a1a-33d0-4a46-9659-febd16cbd7b4 to target 10a56413-49d5-4816-a797-a86f236f248f
2023-09-14 09:00:52,738 [main] DEBUG balancer.ContainerBalancerTask (ContainerBalancerTask.java:matchSourceWithTarget(708)) - ContainerBalancer is finding suitable target for source datanode 6c23fcd0-b5c1-454b-af4e-50ddcd42d3e1
2023-09-14 09:00:52,738 [main] INFO  balancer.ContainerBalancerTask (ContainerBalancerTask.java:matchSourceWithTarget(722)) - ContainerBalancer matched source datanode 6c23fcd0-b5c1-454b-af4e-50ddcd42d3e1 with target datanode 10a56413-49d5-4816-a797-a86f236f248f for container move.
2023-09-14 09:00:52,738 [main] INFO  balancer.ContainerBalancerTask (ContainerBalancerTask.java:processMoveSelection(569)) - ContainerBalancer is trying to move container #84 with size 4294967296B from source datanode 6c23fcd0-b5c1-454b-af4e-50ddcd42d3e1 to target datanode 10a56413-49d5-4816-a797-a86f236f248f
2023-09-14 09:00:52,739 [main] DEBUG balancer.ContainerBalancerTask (ContainerBalancerTask.java:lambda$moveContainer$3(837)) - Container move completed for container #84 from source 6c23fcd0-b5c1-454b-af4e-50ddcd42d3e1 to target 10a56413-49d5-4816-a797-a86f236f248f
2023-09-14 09:00:52,741 [main] DEBUG balancer.ContainerBalancerTask (ContainerBalancerTask.java:matchSourceWithTarget(708)) - ContainerBalancer is finding suitable target for source datanode d2009a1a-33d0-4a46-9659-febd16cbd7b4
2023-09-14 09:00:52,741 [main] INFO  balancer.ContainerBalancerTask (ContainerBalancerTask.java:matchSourceWithTarget(722)) - ContainerBalancer matched source datanode d2009a1a-33d0-4a46-9659-febd16cbd7b4 with target datanode 10a56413-49d5-4816-a797-a86f236f248f for container move.
2023-09-14 09:00:52,741 [main] INFO  balancer.ContainerBalancerTask (ContainerBalancerTask.java:processMoveSelection(569)) - ContainerBalancer is trying to move container #70 with size 2147483648B from source datanode d2009a1a-33d0-4a46-9659-febd16cbd7b4 to target datanode 10a56413-49d5-4816-a797-a86f236f248f
2023-09-14 09:00:52,741 [main] DEBUG balancer.ContainerBalancerTask (ContainerBalancerTask.java:lambda$moveContainer$3(837)) - Container move completed for container #70 from source d2009a1a-33d0-4a46-9659-febd16cbd7b4 to target 10a56413-49d5-4816-a797-a86f236f248f
2023-09-14 09:00:52,743 [main] DEBUG balancer.ContainerBalancerTask (ContainerBalancerTask.java:matchSourceWithTarget(708)) - ContainerBalancer is finding suitable target for source datanode 5e5a4986-74e5-4890-bad9-876398fcf103
2023-09-14 09:00:52,743 [main] INFO  balancer.ContainerBalancerTask (ContainerBalancerTask.java:matchSourceWithTarget(722)) - ContainerBalancer matched source datanode 5e5a4986-74e5-4890-bad9-876398fcf103 with target datanode 10a56413-49d5-4816-a797-a86f236f248f for container move.
2023-09-14 09:00:52,743 [main] INFO  balancer.ContainerBalancerTask (ContainerBalancerTask.java:processMoveSelection(569)) - ContainerBalancer is trying to move container #52 with size 4294967296B from source datanode 5e5a4986-74e5-4890-bad9-876398fcf103 to target datanode 10a56413-49d5-4816-a797-a86f236f248f
2023-09-14 09:00:52,744 [main] DEBUG balancer.ContainerBalancerTask (ContainerBalancerTask.java:lambda$moveContainer$3(837)) - Container move completed for container #52 from source 5e5a4986-74e5-4890-bad9-876398fcf103 to target 10a56413-49d5-4816-a797-a86f236f248f
2023-09-14 09:00:52,746 [main] DEBUG balancer.ContainerBalancerTask (ContainerBalancerTask.java:matchSourceWithTarget(708)) - ContainerBalancer is finding suitable target for source datanode d2009a1a-33d0-4a46-9659-febd16cbd7b4
2023-09-14 09:00:52,746 [main] INFO  balancer.ContainerBalancerTask (ContainerBalancerTask.java:matchSourceWithTarget(722)) - ContainerBalancer matched source datanode d2009a1a-33d0-4a46-9659-febd16cbd7b4 with target datanode 10a56413-49d5-4816-a797-a86f236f248f for container move.
2023-09-14 09:00:52,746 [main] INFO  balancer.ContainerBalancerTask (ContainerBalancerTask.java:processMoveSelection(569)) - ContainerBalancer is trying to move container #10 with size 2147483648B from source datanode d2009a1a-33d0-4a46-9659-febd16cbd7b4 to target datanode 10a56413-49d5-4816-a797-a86f236f248f
2023-09-14 09:00:52,746 [main] DEBUG balancer.ContainerBalancerTask (ContainerBalancerTask.java:lambda$moveContainer$3(837)) - Container move completed for container #10 from source d2009a1a-33d0-4a46-9659-febd16cbd7b4 to target 10a56413-49d5-4816-a797-a86f236f248f
2023-09-14 09:00:52,749 [main] DEBUG balancer.ContainerBalancerTask (ContainerBalancerTask.java:matchSourceWithTarget(708)) - ContainerBalancer is finding suitable target for source datanode 6c23fcd0-b5c1-454b-af4e-50ddcd42d3e1
2023-09-14 09:00:52,749 [main] INFO  balancer.ContainerBalancerTask (ContainerBalancerTask.java:matchSourceWithTarget(722)) - ContainerBalancer matched source datanode 6c23fcd0-b5c1-454b-af4e-50ddcd42d3e1 with target datanode 10a56413-49d5-4816-a797-a86f236f248f for container move.
2023-09-14 09:00:52,750 [main] INFO  balancer.ContainerBalancerTask (ContainerBalancerTask.java:processMoveSelection(569)) - ContainerBalancer is trying to move container #88 with size 3221225472B from source datanode 6c23fcd0-b5c1-454b-af4e-50ddcd42d3e1 to target datanode 10a56413-49d5-4816-a797-a86f236f248f
2023-09-14 09:00:52,750 [main] DEBUG balancer.ContainerBalancerTask (ContainerBalancerTask.java:lambda$moveContainer$3(837)) - Container move completed for container #88 from source 6c23fcd0-b5c1-454b-af4e-50ddcd42d3e1 to target 10a56413-49d5-4816-a797-a86f236f248f
2023-09-14 09:00:52,752 [main] DEBUG balancer.ContainerBalancerTask (ContainerBalancerTask.java:matchSourceWithTarget(708)) - ContainerBalancer is finding suitable target for source datanode d2009a1a-33d0-4a46-9659-febd16cbd7b4
2023-09-14 09:00:52,752 [main] INFO  balancer.ContainerBalancerTask (ContainerBalancerTask.java:matchSourceWithTarget(722)) - ContainerBalancer matched source datanode d2009a1a-33d0-4a46-9659-febd16cbd7b4 with target datanode 10a56413-49d5-4816-a797-a86f236f248f for container move.
2023-09-14 09:00:52,752 [main] INFO  balancer.ContainerBalancerTask (ContainerBalancerTask.java:processMoveSelection(569)) - ContainerBalancer is trying to move container #54 with size 1073741824B from source datanode d2009a1a-33d0-4a46-9659-febd16cbd7b4 to target datanode 10a56413-49d5-4816-a797-a86f236f248f
2023-09-14 09:00:52,752 [main] DEBUG balancer.ContainerBalancerTask (ContainerBalancerTask.java:lambda$moveContainer$3(837)) - Container move completed for container #54 from source d2009a1a-33d0-4a46-9659-febd16cbd7b4 to target 10a56413-49d5-4816-a797-a86f236f248f
2023-09-14 09:00:52,756 [main] DEBUG balancer.ContainerBalancerTask (ContainerBalancerTask.java:matchSourceWithTarget(708)) - ContainerBalancer is finding suitable target for source datanode 6c23fcd0-b5c1-454b-af4e-50ddcd42d3e1
2023-09-14 09:00:52,756 [main] INFO  balancer.ContainerBalancerTask (ContainerBalancerTask.java:matchSourceWithTarget(722)) - ContainerBalancer matched source datanode 6c23fcd0-b5c1-454b-af4e-50ddcd42d3e1 with target datanode 10a56413-49d5-4816-a797-a86f236f248f for container move.
2023-09-14 09:00:52,756 [main] INFO  balancer.ContainerBalancerTask (ContainerBalancerTask.java:processMoveSelection(569)) - ContainerBalancer is trying to move container #82 with size 2147483648B from source datanode 6c23fcd0-b5c1-454b-af4e-50ddcd42d3e1 to target datanode 10a56413-49d5-4816-a797-a86f236f248f
2023-09-14 09:00:52,756 [main] DEBUG balancer.ContainerBalancerTask (ContainerBalancerTask.java:lambda$moveContainer$3(837)) - Container move completed for container #82 from source 6c23fcd0-b5c1-454b-af4e-50ddcd42d3e1 to target 10a56413-49d5-4816-a797-a86f236f248f
2023-09-14 09:00:52,759 [main] DEBUG balancer.ContainerBalancerTask (ContainerBalancerTask.java:matchSourceWithTarget(708)) - ContainerBalancer is finding suitable target for source datanode d2009a1a-33d0-4a46-9659-febd16cbd7b4
2023-09-14 09:00:52,759 [main] INFO  balancer.ContainerBalancerTask (ContainerBalancerTask.java:matchSourceWithTarget(722)) - ContainerBalancer matched source datanode d2009a1a-33d0-4a46-9659-febd16cbd7b4 with target datanode ef29a27d-528c-46c4-9139-036c2f32bcef for container move.
2023-09-14 09:00:52,759 [main] INFO  balancer.ContainerBalancerTask (ContainerBalancerTask.java:processMoveSelection(569)) - ContainerBalancer is trying to move container #64 with size 1073741824B from source datanode d2009a1a-33d0-4a46-9659-febd16cbd7b4 to target datanode ef29a27d-528c-46c4-9139-036c2f32bcef
2023-09-14 09:00:52,759 [main] DEBUG balancer.ContainerBalancerTask (ContainerBalancerTask.java:lambda$moveContainer$3(837)) - Container move completed for container #64 from source d2009a1a-33d0-4a46-9659-febd16cbd7b4 to target ef29a27d-528c-46c4-9139-036c2f32bcef
2023-09-14 09:00:52,761 [main] DEBUG balancer.ContainerBalancerTask (ContainerBalancerTask.java:matchSourceWithTarget(708)) - ContainerBalancer is finding suitable target for source datanode 5e5a4986-74e5-4890-bad9-876398fcf103
2023-09-14 09:00:52,762 [main] INFO  balancer.ContainerBalancerTask (ContainerBalancerTask.java:matchSourceWithTarget(722)) - ContainerBalancer matched source datanode 5e5a4986-74e5-4890-bad9-876398fcf103 with target datanode 10a56413-49d5-4816-a797-a86f236f248f for container move.
2023-09-14 09:00:52,762 [main] INFO  balancer.ContainerBalancerTask (ContainerBalancerTask.java:processMoveSelection(569)) - ContainerBalancer is trying to move container #28 with size 4294967296B from source datanode 5e5a4986-74e5-4890-bad9-876398fcf103 to target datanode 10a56413-49d5-4816-a797-a86f236f248f
2023-09-14 09:00:52,762 [main] DEBUG balancer.ContainerBalancerTask (ContainerBalancerTask.java:lambda$moveContainer$3(837)) - Container move completed for container #28 from source 5e5a4986-74e5-4890-bad9-876398fcf103 to target 10a56413-49d5-4816-a797-a86f236f248f
2023-09-14 09:00:52,764 [main] DEBUG balancer.ContainerBalancerTask (ContainerBalancerTask.java:matchSourceWithTarget(701)) - ContainerBalancer could not find any candidate containers for datanode d2009a1a-33d0-4a46-9659-febd16cbd7b4
2023-09-14 09:00:52,768 [main] DEBUG balancer.ContainerBalancerTask (ContainerBalancerTask.java:matchSourceWithTarget(708)) - ContainerBalancer is finding suitable target for source datanode 6c23fcd0-b5c1-454b-af4e-50ddcd42d3e1
2023-09-14 09:00:52,768 [main] INFO  balancer.ContainerBalancerTask (ContainerBalancerTask.java:matchSourceWithTarget(722)) - ContainerBalancer matched source datanode 6c23fcd0-b5c1-454b-af4e-50ddcd42d3e1 with target datanode 10a56413-49d5-4816-a797-a86f236f248f for container move.
2023-09-14 09:00:52,768 [main] INFO  balancer.ContainerBalancerTask (ContainerBalancerTask.java:processMoveSelection(569)) - ContainerBalancer is trying to move container #50 with size 2147483648B from source datanode 6c23fcd0-b5c1-454b-af4e-50ddcd42d3e1 to target datanode 10a56413-49d5-4816-a797-a86f236f248f
2023-09-14 09:00:52,768 [main] DEBUG balancer.ContainerBalancerTask (ContainerBalancerTask.java:lambda$moveContainer$3(837)) - Container move completed for container #50 from source 6c23fcd0-b5c1-454b-af4e-50ddcd42d3e1 to target 10a56413-49d5-4816-a797-a86f236f248f
2023-09-14 09:00:52,771 [main] DEBUG balancer.ContainerBalancerTask (ContainerBalancerTask.java:matchSourceWithTarget(708)) - ContainerBalancer is finding suitable target for source datanode 1197414b-2137-45a4-aee5-b87d4c71644e
2023-09-14 09:00:52,771 [main] INFO  balancer.ContainerBalancerTask (ContainerBalancerTask.java:matchSourceWithTarget(722)) - ContainerBalancer matched source datanode 1197414b-2137-45a4-aee5-b87d4c71644e with target datanode ef29a27d-528c-46c4-9139-036c2f32bcef for container move.
2023-09-14 09:00:52,771 [main] INFO  balancer.ContainerBalancerTask (ContainerBalancerTask.java:processMoveSelection(569)) - ContainerBalancer is trying to move container #38 with size 3221225472B from source datanode 1197414b-2137-45a4-aee5-b87d4c71644e to target datanode ef29a27d-528c-46c4-9139-036c2f32bcef
2023-09-14 09:00:52,771 [main] DEBUG balancer.ContainerBalancerTask (ContainerBalancerTask.java:lambda$moveContainer$3(837)) - Container move completed for container #38 from source 1197414b-2137-45a4-aee5-b87d4c71644e to target ef29a27d-528c-46c4-9139-036c2f32bcef
2023-09-14 09:00:52,775 [main] DEBUG balancer.ContainerBalancerTask (ContainerBalancerTask.java:matchSourceWithTarget(708)) - ContainerBalancer is finding suitable target for source datanode 6c23fcd0-b5c1-454b-af4e-50ddcd42d3e1
2023-09-14 09:00:52,775 [main] INFO  balancer.ContainerBalancerTask (ContainerBalancerTask.java:matchSourceWithTarget(722)) - ContainerBalancer matched source datanode 6c23fcd0-b5c1-454b-af4e-50ddcd42d3e1 with target datanode 10a56413-49d5-4816-a797-a86f236f248f for container move.
2023-09-14 09:00:52,775 [main] INFO  balancer.ContainerBalancerTask (ContainerBalancerTask.java:processMoveSelection(569)) - ContainerBalancer is trying to move container #36 with size 1073741824B from source datanode 6c23fcd0-b5c1-454b-af4e-50ddcd42d3e1 to target datanode 10a56413-49d5-4816-a797-a86f236f248f
2023-09-14 09:00:52,775 [main] DEBUG balancer.ContainerBalancerTask (ContainerBalancerTask.java:lambda$moveContainer$3(837)) - Container move completed for container #36 from source 6c23fcd0-b5c1-454b-af4e-50ddcd42d3e1 to target 10a56413-49d5-4816-a797-a86f236f248f
2023-09-14 09:00:52,779 [main] DEBUG balancer.ContainerBalancerTask (ContainerBalancerTask.java:matchSourceWithTarget(708)) - ContainerBalancer is finding suitable target for source datanode 6c23fcd0-b5c1-454b-af4e-50ddcd42d3e1
2023-09-14 09:00:52,779 [main] INFO  balancer.ContainerBalancerTask (ContainerBalancerTask.java:matchSourceWithTarget(722)) - ContainerBalancer matched source datanode 6c23fcd0-b5c1-454b-af4e-50ddcd42d3e1 with target datanode 10a56413-49d5-4816-a797-a86f236f248f for container move.
2023-09-14 09:00:52,779 [main] INFO  balancer.ContainerBalancerTask (ContainerBalancerTask.java:processMoveSelection(569)) - ContainerBalancer is trying to move container #16 with size 1073741824B from source datanode 6c23fcd0-b5c1-454b-af4e-50ddcd42d3e1 to target datanode 10a56413-49d5-4816-a797-a86f236f248f
2023-09-14 09:00:52,780 [main] DEBUG balancer.ContainerBalancerTask (ContainerBalancerTask.java:lambda$moveContainer$3(837)) - Container move completed for container #16 from source 6c23fcd0-b5c1-454b-af4e-50ddcd42d3e1 to target 10a56413-49d5-4816-a797-a86f236f248f
2023-09-14 09:00:52,781 [main] DEBUG balancer.ContainerBalancerTask (ContainerBalancerTask.java:matchSourceWithTarget(701)) - ContainerBalancer could not find any candidate containers for datanode 1197414b-2137-45a4-aee5-b87d4c71644e
2023-09-14 09:00:52,785 [main] DEBUG balancer.ContainerBalancerTask (ContainerBalancerTask.java:matchSourceWithTarget(708)) - ContainerBalancer is finding suitable target for source datanode 6c23fcd0-b5c1-454b-af4e-50ddcd42d3e1
2023-09-14 09:00:52,785 [main] INFO  balancer.ContainerBalancerTask (ContainerBalancerTask.java:matchSourceWithTarget(722)) - ContainerBalancer matched source datanode 6c23fcd0-b5c1-454b-af4e-50ddcd42d3e1 with target datanode d34f97b7-ea22-425d-884c-082e14cd0dbb for container move.
2023-09-14 09:00:52,785 [main] INFO  balancer.ContainerBalancerTask (ContainerBalancerTask.java:processMoveSelection(569)) - ContainerBalancer is trying to move container #18 with size 3221225472B from source datanode 6c23fcd0-b5c1-454b-af4e-50ddcd42d3e1 to target datanode d34f97b7-ea22-425d-884c-082e14cd0dbb
2023-09-14 09:00:52,786 [main] DEBUG balancer.ContainerBalancerTask (ContainerBalancerTask.java:lambda$moveContainer$3(837)) - Container move completed for container #18 from source 6c23fcd0-b5c1-454b-af4e-50ddcd42d3e1 to target d34f97b7-ea22-425d-884c-082e14cd0dbb
2023-09-14 09:00:52,787 [main] DEBUG balancer.ContainerBalancerTask (ContainerBalancerTask.java:matchSourceWithTarget(701)) - ContainerBalancer could not find any candidate containers for datanode 5e5a4986-74e5-4890-bad9-876398fcf103
2023-09-14 09:00:52,791 [main] DEBUG balancer.ContainerBalancerTask (ContainerBalancerTask.java:matchSourceWithTarget(701)) - ContainerBalancer could not find any candidate containers for datanode 6c23fcd0-b5c1-454b-af4e-50ddcd42d3e1
2023-09-14 09:00:52,795 [main] DEBUG balancer.ContainerBalancerTask (ContainerBalancerTask.java:matchSourceWithTarget(708)) - ContainerBalancer is finding suitable target for source datanode 4a7b43c3-3fbc-41a4-934d-5217ccbdd20e
2023-09-14 09:00:52,795 [main] INFO  balancer.ContainerBalancerTask (ContainerBalancerTask.java:matchSourceWithTarget(722)) - ContainerBalancer matched source datanode 4a7b43c3-3fbc-41a4-934d-5217ccbdd20e with target datanode d34f97b7-ea22-425d-884c-082e14cd0dbb for container move.
2023-09-14 09:00:52,795 [main] INFO  balancer.ContainerBalancerTask (ContainerBalancerTask.java:processMoveSelection(569)) - ContainerBalancer is trying to move container #26 with size 2147483648B from source datanode 4a7b43c3-3fbc-41a4-934d-5217ccbdd20e to target datanode d34f97b7-ea22-425d-884c-082e14cd0dbb
2023-09-14 09:00:52,795 [main] DEBUG balancer.ContainerBalancerTask (ContainerBalancerTask.java:lambda$moveContainer$3(837)) - Container move completed for container #26 from source 4a7b43c3-3fbc-41a4-934d-5217ccbdd20e to target d34f97b7-ea22-425d-884c-082e14cd0dbb
2023-09-14 09:00:52,799 [main] DEBUG balancer.ContainerBalancerTask (ContainerBalancerTask.java:matchSourceWithTarget(701)) - ContainerBalancer could not find any candidate containers for datanode 4a7b43c3-3fbc-41a4-934d-5217ccbdd20e
2023-09-14 09:00:52,799 [main] INFO  balancer.FindSourceGreedy (FindSourceGreedy.java:getNextCandidateSourceDataNode(126)) - no more candidate source data node
2023-09-14 09:00:52,800 [main] INFO  balancer.ContainerBalancerTask (ContainerBalancerTask.java:checkIterationMoveResults(642)) - Iteration Summary. Number of Datanodes involved: 8. Size moved: 48 GB (51539607552 Bytes). Number of Container moves completed: 18.
2023-09-14 09:00:52,800 [main] INFO  balancer.ContainerBalancerTask (ContainerBalancerTask.java:balance(259)) - Result of this iteration of Container Balancer: ITERATION_COMPLETED
2023-09-14 09:00:52,800 [main] INFO  balancer.ContainerBalancerTask (ContainerBalancerTask.java:tryStopWithSaveConfiguration(308)) - Save Configuration for stopping. Reason: Completed all iterations.
2023-09-14 09:00:52,801 [main] DEBUG balancer.ContainerBalancerTask (ContainerBalancerTask.java:initializeIteration(374)) - Average utilization of the cluster is 0.3454778006699303
2023-09-14 09:00:52,801 [main] DEBUG balancer.ContainerBalancerTask (ContainerBalancerTask.java:initializeIteration(386)) - Lower limit for utilization is 0.24547780066993027 and Upper limit for utilization is 0.44547780066993026
2023-09-14 09:00:52,801 [main] DEBUG balancer.ContainerBalancerTask (ContainerBalancerTask.java:initializeIteration(398)) - Utilization for node 6c23fcd0-b5c1-454b-af4e-50ddcd42d3e1 with capacity 70389741795B, used 63350767616B, and remaining 7038974179B is 0.9000000000071033
2023-09-14 09:00:52,801 [main] DEBUG balancer.ContainerBalancerTask (ContainerBalancerTask.java:initializeIteration(398)) - Utilization for node d2009a1a-33d0-4a46-9659-febd16cbd7b4 with capacity 51002736640B, used 40802189312B, and remaining 10200547328B is 0.8
2023-09-14 09:00:52,801 [main] DEBUG balancer.ContainerBalancerTask (ContainerBalancerTask.java:initializeIteration(398)) - Utilization for node 5e5a4986-74e5-4890-bad9-876398fcf103 with capacity 56754924982B, used 39728447488B, and remaining 17026477494B is 0.7000000000105717
2023-09-14 09:00:52,802 [main] DEBUG balancer.ContainerBalancerTask (ContainerBalancerTask.java:initializeIteration(398)) - Utilization for node 1197414b-2137-45a4-aee5-b87d4c71644e with capacity 64424509440B, used 38654705664B, and remaining 25769803776B is 0.6
2023-09-14 09:00:52,802 [main] DEBUG balancer.ContainerBalancerTask (ContainerBalancerTask.java:initializeIteration(398)) - Utilization for node 4a7b43c3-3fbc-41a4-934d-5217ccbdd20e with capacity 126701535232B, used 63350767616B, and remaining 63350767616B is 0.5
2023-09-14 09:00:52,802 [main] DEBUG balancer.ContainerBalancerTask (ContainerBalancerTask.java:initializeIteration(398)) - Utilization for node c951db30-3f13-4743-87b2-de3340a400d2 with capacity 134217728000B, used 53687091200B, and remaining 80530636800B is 0.4
2023-09-14 09:00:52,802 [main] DEBUG balancer.ContainerBalancerTask (ContainerBalancerTask.java:initializeIteration(398)) - Utilization for node 94e9aeda-1ed3-4ea9-b83a-3a3d2381dd70 with capacity 78741067093B, used 23622320128B, and remaining 55118746965B is 0.30000000000127
2023-09-14 09:00:52,802 [main] DEBUG balancer.ContainerBalancerTask (ContainerBalancerTask.java:initializeIteration(398)) - Utilization for node d34f97b7-ea22-425d-884c-082e14cd0dbb with capacity 144955146240B, used 28991029248B, and remaining 115964116992B is 0.2
2023-09-14 09:00:52,802 [main] DEBUG balancer.ContainerBalancerTask (ContainerBalancerTask.java:initializeIteration(398)) - Utilization for node 10a56413-49d5-4816-a797-a86f236f248f with capacity 322122547200B, used 32212254720B, and remaining 289910292480B is 0.1
2023-09-14 09:00:52,802 [main] DEBUG balancer.ContainerBalancerTask (ContainerBalancerTask.java:initializeIteration(398)) - Utilization for node ef29a27d-528c-46c4-9139-036c2f32bcef with capacity 63350767616B, used 0B, and remaining 63350767616B is 0.0
2023-09-14 09:00:52,802 [main] INFO  balancer.ContainerBalancerTask (ContainerBalancerTask.java:initializeIteration(447)) - Container Balancer has identified 5 Over-Utilized and 3 Under-Utilized Datanodes that need to be balanced.
2023-09-14 09:00:52,802 [main] DEBUG balancer.ContainerBalancerTask (ContainerBalancerTask.java:lambda$initializeIteration$1(453)) - Datanode localhost-114.22.90.140 6c23fcd0-b5c1-454b-af4e-50ddcd42d3e1 is Over-Utilized.
2023-09-14 09:00:52,802 [main] DEBUG balancer.ContainerBalancerTask (ContainerBalancerTask.java:lambda$initializeIteration$1(453)) - Datanode localhost-23.4.45.63 d2009a1a-33d0-4a46-9659-febd16cbd7b4 is Over-Utilized.
2023-09-14 09:00:52,802 [main] DEBUG balancer.ContainerBalancerTask (ContainerBalancerTask.java:lambda$initializeIteration$1(453)) - Datanode localhost-123.236.92.205 5e5a4986-74e5-4890-bad9-876398fcf103 is Over-Utilized.
2023-09-14 09:00:52,802 [main] DEBUG balancer.ContainerBalancerTask (ContainerBalancerTask.java:lambda$initializeIteration$1(453)) - Datanode localhost-199.216.188.239 1197414b-2137-45a4-aee5-b87d4c71644e is Over-Utilized.
2023-09-14 09:00:52,803 [main] DEBUG balancer.ContainerBalancerTask (ContainerBalancerTask.java:lambda$initializeIteration$1(453)) - Datanode localhost-90.159.165.63 4a7b43c3-3fbc-41a4-934d-5217ccbdd20e is Over-Utilized.
2023-09-14 09:00:52,803 [main] DEBUG balancer.ContainerBalancerTask (ContainerBalancerTask.java:lambda$initializeIteration$2(459)) - Datanode localhost-196.4.65.181 ef29a27d-528c-46c4-9139-036c2f32bcef is Under-Utilized.
2023-09-14 09:00:52,803 [main] DEBUG balancer.ContainerBalancerTask (ContainerBalancerTask.java:lambda$initializeIteration$2(459)) - Datanode localhost-150.119.190.231 10a56413-49d5-4816-a797-a86f236f248f is Under-Utilized.
2023-09-14 09:00:52,803 [main] DEBUG balancer.ContainerBalancerTask (ContainerBalancerTask.java:lambda$initializeIteration$2(459)) - Datanode localhost-151.59.81.168 d34f97b7-ea22-425d-884c-082e14cd0dbb is Under-Utilized.
2023-09-14 09:00:52,806 [main] DEBUG balancer.ContainerBalancerTask (ContainerBalancerTask.java:matchSourceWithTarget(708)) - ContainerBalancer is finding suitable target for source datanode 6c23fcd0-b5c1-454b-af4e-50ddcd42d3e1
2023-09-14 09:00:52,806 [main] INFO  balancer.ContainerBalancerTask (ContainerBalancerTask.java:matchSourceWithTarget(722)) - ContainerBalancer matched source datanode 6c23fcd0-b5c1-454b-af4e-50ddcd42d3e1 with target datanode ef29a27d-528c-46c4-9139-036c2f32bcef for container move.
2023-09-14 09:00:52,806 [main] INFO  balancer.ContainerBalancerTask (ContainerBalancerTask.java:processMoveSelection(569)) - ContainerBalancer is trying to move container #85 with size 5368709120B from source datanode 6c23fcd0-b5c1-454b-af4e-50ddcd42d3e1 to target datanode ef29a27d-528c-46c4-9139-036c2f32bcef
2023-09-14 09:00:52,806 [main] DEBUG balancer.ContainerBalancerTask (ContainerBalancerTask.java:lambda$moveContainer$3(837)) - Container move completed for container #85 from source 6c23fcd0-b5c1-454b-af4e-50ddcd42d3e1 to target ef29a27d-528c-46c4-9139-036c2f32bcef
2023-09-14 09:00:52,809 [main] DEBUG balancer.ContainerBalancerTask (ContainerBalancerTask.java:matchSourceWithTarget(708)) - ContainerBalancer is finding suitable target for source datanode 6c23fcd0-b5c1-454b-af4e-50ddcd42d3e1
2023-09-14 09:00:52,809 [main] INFO  balancer.ContainerBalancerTask (ContainerBalancerTask.java:matchSourceWithTarget(722)) - ContainerBalancer matched source datanode 6c23fcd0-b5c1-454b-af4e-50ddcd42d3e1 with target datanode ef29a27d-528c-46c4-9139-036c2f32bcef for container move.
2023-09-14 09:00:52,809 [main] INFO  balancer.ContainerBalancerTask (ContainerBalancerTask.java:processMoveSelection(569)) - ContainerBalancer is trying to move container #68 with size 5368709120B from source datanode 6c23fcd0-b5c1-454b-af4e-50ddcd42d3e1 to target datanode ef29a27d-528c-46c4-9139-036c2f32bcef
2023-09-14 09:00:52,809 [main] DEBUG balancer.ContainerBalancerTask (ContainerBalancerTask.java:lambda$moveContainer$3(837)) - Container move completed for container #68 from source 6c23fcd0-b5c1-454b-af4e-50ddcd42d3e1 to target ef29a27d-528c-46c4-9139-036c2f32bcef
2023-09-14 09:00:52,811 [main] DEBUG balancer.ContainerBalancerTask (ContainerBalancerTask.java:matchSourceWithTarget(708)) - ContainerBalancer is finding suitable target for source datanode d2009a1a-33d0-4a46-9659-febd16cbd7b4
2023-09-14 09:00:52,811 [main] INFO  balancer.ContainerBalancerTask (ContainerBalancerTask.java:matchSourceWithTarget(722)) - ContainerBalancer matched source datanode d2009a1a-33d0-4a46-9659-febd16cbd7b4 with target datanode 10a56413-49d5-4816-a797-a86f236f248f for container move.
2023-09-14 09:00:52,812 [main] INFO  balancer.ContainerBalancerTask (ContainerBalancerTask.java:processMoveSelection(569)) - ContainerBalancer is trying to move container #39 with size 4294967296B from source datanode d2009a1a-33d0-4a46-9659-febd16cbd7b4 to target datanode 10a56413-49d5-4816-a797-a86f236f248f
2023-09-14 09:00:52,812 [main] DEBUG balancer.ContainerBalancerTask (ContainerBalancerTask.java:lambda$moveContainer$3(837)) - Container move completed for container #39 from source d2009a1a-33d0-4a46-9659-febd16cbd7b4 to target 10a56413-49d5-4816-a797-a86f236f248f
2023-09-14 09:00:52,815 [main] DEBUG balancer.ContainerBalancerTask (ContainerBalancerTask.java:matchSourceWithTarget(708)) - ContainerBalancer is finding suitable target for source datanode 6c23fcd0-b5c1-454b-af4e-50ddcd42d3e1
2023-09-14 09:00:52,815 [main] INFO  balancer.ContainerBalancerTask (ContainerBalancerTask.java:matchSourceWithTarget(722)) - ContainerBalancer matched source datanode 6c23fcd0-b5c1-454b-af4e-50ddcd42d3e1 with target datanode 10a56413-49d5-4816-a797-a86f236f248f for container move.
2023-09-14 09:00:52,815 [main] INFO  balancer.ContainerBalancerTask (ContainerBalancerTask.java:processMoveSelection(569)) - ContainerBalancer is trying to move container #40 with size 5368709120B from source datanode 6c23fcd0-b5c1-454b-af4e-50ddcd42d3e1 to target datanode 10a56413-49d5-4816-a797-a86f236f248f
2023-09-14 09:00:52,815 [main] DEBUG balancer.ContainerBalancerTask (ContainerBalancerTask.java:lambda$moveContainer$3(837)) - Container move completed for container #40 from source 6c23fcd0-b5c1-454b-af4e-50ddcd42d3e1 to target 10a56413-49d5-4816-a797-a86f236f248f
2023-09-14 09:00:52,817 [main] DEBUG balancer.ContainerBalancerTask (ContainerBalancerTask.java:matchSourceWithTarget(708)) - ContainerBalancer is finding suitable target for source datanode d2009a1a-33d0-4a46-9659-febd16cbd7b4
2023-09-14 09:00:52,817 [main] INFO  balancer.ContainerBalancerTask (ContainerBalancerTask.java:matchSourceWithTarget(722)) - ContainerBalancer matched source datanode d2009a1a-33d0-4a46-9659-febd16cbd7b4 with target datanode 10a56413-49d5-4816-a797-a86f236f248f for container move.
2023-09-14 09:00:52,817 [main] INFO  balancer.ContainerBalancerTask (ContainerBalancerTask.java:processMoveSelection(569)) - ContainerBalancer is trying to move container #83 with size 3221225472B from source datanode d2009a1a-33d0-4a46-9659-febd16cbd7b4 to target datanode 10a56413-49d5-4816-a797-a86f236f248f
2023-09-14 09:00:52,818 [main] DEBUG balancer.ContainerBalancerTask (ContainerBalancerTask.java:lambda$moveContainer$3(837)) - Container move completed for container #83 from source d2009a1a-33d0-4a46-9659-febd16cbd7b4 to target 10a56413-49d5-4816-a797-a86f236f248f
2023-09-14 09:00:52,820 [main] DEBUG balancer.ContainerBalancerTask (ContainerBalancerTask.java:matchSourceWithTarget(708)) - ContainerBalancer is finding suitable target for source datanode 5e5a4986-74e5-4890-bad9-876398fcf103
2023-09-14 09:00:52,820 [main] INFO  balancer.ContainerBalancerTask (ContainerBalancerTask.java:matchSourceWithTarget(722)) - ContainerBalancer matched source datanode 5e5a4986-74e5-4890-bad9-876398fcf103 with target datanode 10a56413-49d5-4816-a797-a86f236f248f for container move.
2023-09-14 09:00:52,820 [main] INFO  balancer.ContainerBalancerTask (ContainerBalancerTask.java:processMoveSelection(569)) - ContainerBalancer is trying to move container #52 with size 4294967296B from source datanode 5e5a4986-74e5-4890-bad9-876398fcf103 to target datanode 10a56413-49d5-4816-a797-a86f236f248f
2023-09-14 09:00:52,820 [main] DEBUG balancer.ContainerBalancerTask (ContainerBalancerTask.java:lambda$moveContainer$3(837)) - Container move completed for container #52 from source 5e5a4986-74e5-4890-bad9-876398fcf103 to target 10a56413-49d5-4816-a797-a86f236f248f
2023-09-14 09:00:52,823 [main] DEBUG balancer.ContainerBalancerTask (ContainerBalancerTask.java:matchSourceWithTarget(708)) - ContainerBalancer is finding suitable target for source datanode 6c23fcd0-b5c1-454b-af4e-50ddcd42d3e1
2023-09-14 09:00:52,824 [main] INFO  balancer.ContainerBalancerTask (ContainerBalancerTask.java:matchSourceWithTarget(722)) - ContainerBalancer matched source datanode 6c23fcd0-b5c1-454b-af4e-50ddcd42d3e1 with target datanode 10a56413-49d5-4816-a797-a86f236f248f for container move.
2023-09-14 09:00:52,824 [main] INFO  balancer.ContainerBalancerTask (ContainerBalancerTask.java:processMoveSelection(569)) - ContainerBalancer is trying to move container #29 with size 5368709120B from source datanode 6c23fcd0-b5c1-454b-af4e-50ddcd42d3e1 to target datanode 10a56413-49d5-4816-a797-a86f236f248f
2023-09-14 09:00:52,824 [main] DEBUG balancer.ContainerBalancerTask (ContainerBalancerTask.java:lambda$moveContainer$3(837)) - Container move completed for container #29 from source 6c23fcd0-b5c1-454b-af4e-50ddcd42d3e1 to target 10a56413-49d5-4816-a797-a86f236f248f
2023-09-14 09:00:52,826 [main] DEBUG balancer.ContainerBalancerTask (ContainerBalancerTask.java:matchSourceWithTarget(708)) - ContainerBalancer is finding suitable target for source datanode d2009a1a-33d0-4a46-9659-febd16cbd7b4
2023-09-14 09:00:52,828 [main] INFO  balancer.ContainerBalancerTask (ContainerBalancerTask.java:matchSourceWithTarget(722)) - ContainerBalancer matched source datanode d2009a1a-33d0-4a46-9659-febd16cbd7b4 with target datanode ef29a27d-528c-46c4-9139-036c2f32bcef for container move.
2023-09-14 09:00:52,828 [main] INFO  balancer.ContainerBalancerTask (ContainerBalancerTask.java:processMoveSelection(569)) - ContainerBalancer is trying to move container #67 with size 4294967296B from source datanode d2009a1a-33d0-4a46-9659-febd16cbd7b4 to target datanode ef29a27d-528c-46c4-9139-036c2f32bcef
2023-09-14 09:00:52,828 [main] DEBUG balancer.ContainerBalancerTask (ContainerBalancerTask.java:lambda$moveContainer$3(837)) - Container move completed for container #67 from source d2009a1a-33d0-4a46-9659-febd16cbd7b4 to target ef29a27d-528c-46c4-9139-036c2f32bcef
2023-09-14 09:00:52,831 [main] DEBUG balancer.ContainerBalancerTask (ContainerBalancerTask.java:matchSourceWithTarget(708)) - ContainerBalancer is finding suitable target for source datanode 5e5a4986-74e5-4890-bad9-876398fcf103
2023-09-14 09:00:52,831 [main] INFO  balancer.ContainerBalancerTask (ContainerBalancerTask.java:matchSourceWithTarget(722)) - ContainerBalancer matched source datanode 5e5a4986-74e5-4890-bad9-876398fcf103 with target datanode 10a56413-49d5-4816-a797-a86f236f248f for container move.
2023-09-14 09:00:52,831 [main] INFO  balancer.ContainerBalancerTask (ContainerBalancerTask.java:processMoveSelection(569)) - ContainerBalancer is trying to move container #28 with size 4294967296B from source datanode 5e5a4986-74e5-4890-bad9-876398fcf103 to target datanode 10a56413-49d5-4816-a797-a86f236f248f
2023-09-14 09:00:52,831 [main] DEBUG balancer.ContainerBalancerTask (ContainerBalancerTask.java:lambda$moveContainer$3(837)) - Container move completed for container #28 from source 5e5a4986-74e5-4890-bad9-876398fcf103 to target 10a56413-49d5-4816-a797-a86f236f248f
2023-09-14 09:00:52,833 [main] DEBUG balancer.ContainerBalancerTask (ContainerBalancerTask.java:matchSourceWithTarget(708)) - ContainerBalancer is finding suitable target for source datanode 1197414b-2137-45a4-aee5-b87d4c71644e
2023-09-14 09:00:52,834 [main] INFO  balancer.ContainerBalancerTask (ContainerBalancerTask.java:matchSourceWithTarget(722)) - ContainerBalancer matched source datanode 1197414b-2137-45a4-aee5-b87d4c71644e with target datanode 10a56413-49d5-4816-a797-a86f236f248f for container move.
2023-09-14 09:00:52,834 [main] INFO  balancer.ContainerBalancerTask (ContainerBalancerTask.java:processMoveSelection(569)) - ContainerBalancer is trying to move container #51 with size 3221225472B from source datanode 1197414b-2137-45a4-aee5-b87d4c71644e to target datanode 10a56413-49d5-4816-a797-a86f236f248f
2023-09-14 09:00:52,834 [main] DEBUG balancer.ContainerBalancerTask (ContainerBalancerTask.java:lambda$moveContainer$3(837)) - Container move completed for container #51 from source 1197414b-2137-45a4-aee5-b87d4c71644e to target 10a56413-49d5-4816-a797-a86f236f248f
2023-09-14 09:00:52,837 [main] DEBUG balancer.ContainerBalancerTask (ContainerBalancerTask.java:matchSourceWithTarget(708)) - ContainerBalancer is finding suitable target for source datanode 6c23fcd0-b5c1-454b-af4e-50ddcd42d3e1
2023-09-14 09:00:52,837 [main] INFO  balancer.ContainerBalancerTask (ContainerBalancerTask.java:matchSourceWithTarget(722)) - ContainerBalancer matched source datanode 6c23fcd0-b5c1-454b-af4e-50ddcd42d3e1 with target datanode 10a56413-49d5-4816-a797-a86f236f248f for container move.
2023-09-14 09:00:52,837 [main] INFO  balancer.ContainerBalancerTask (ContainerBalancerTask.java:processMoveSelection(569)) - ContainerBalancer is trying to move container #89 with size 4294967296B from source datanode 6c23fcd0-b5c1-454b-af4e-50ddcd42d3e1 to target datanode 10a56413-49d5-4816-a797-a86f236f248f
2023-09-14 09:00:52,837 [main] DEBUG balancer.ContainerBalancerTask (ContainerBalancerTask.java:lambda$moveContainer$3(837)) - Container move completed for container #89 from source 6c23fcd0-b5c1-454b-af4e-50ddcd42d3e1 to target 10a56413-49d5-4816-a797-a86f236f248f
2023-09-14 09:00:52,840 [main] DEBUG balancer.ContainerBalancerTask (ContainerBalancerTask.java:matchSourceWithTarget(708)) - ContainerBalancer is finding suitable target for source datanode d2009a1a-33d0-4a46-9659-febd16cbd7b4
2023-09-14 09:00:52,840 [main] INFO  balancer.ContainerBalancerTask (ContainerBalancerTask.java:matchSourceWithTarget(722)) - ContainerBalancer matched source datanode d2009a1a-33d0-4a46-9659-febd16cbd7b4 with target datanode d34f97b7-ea22-425d-884c-082e14cd0dbb for container move.
2023-09-14 09:00:52,840 [main] INFO  balancer.ContainerBalancerTask (ContainerBalancerTask.java:processMoveSelection(569)) - ContainerBalancer is trying to move container #71 with size 3221225472B from source datanode d2009a1a-33d0-4a46-9659-febd16cbd7b4 to target datanode d34f97b7-ea22-425d-884c-082e14cd0dbb
2023-09-14 09:00:52,840 [main] DEBUG balancer.ContainerBalancerTask (ContainerBalancerTask.java:lambda$moveContainer$3(837)) - Container move completed for container #71 from source d2009a1a-33d0-4a46-9659-febd16cbd7b4 to target d34f97b7-ea22-425d-884c-082e14cd0dbb
2023-09-14 09:00:52,843 [main] DEBUG balancer.ContainerBalancerTask (ContainerBalancerTask.java:matchSourceWithTarget(708)) - ContainerBalancer is finding suitable target for source datanode 1197414b-2137-45a4-aee5-b87d4c71644e
2023-09-14 09:00:52,843 [main] INFO  balancer.ContainerBalancerTask (ContainerBalancerTask.java:matchSourceWithTarget(722)) - ContainerBalancer matched source datanode 1197414b-2137-45a4-aee5-b87d4c71644e with target datanode 10a56413-49d5-4816-a797-a86f236f248f for container move.
2023-09-14 09:00:52,843 [main] INFO  balancer.ContainerBalancerTask (ContainerBalancerTask.java:processMoveSelection(569)) - ContainerBalancer is trying to move container #41 with size 1073741824B from source datanode 1197414b-2137-45a4-aee5-b87d4c71644e to target datanode 10a56413-49d5-4816-a797-a86f236f248f
2023-09-14 09:00:52,843 [main] DEBUG balancer.ContainerBalancerTask (ContainerBalancerTask.java:lambda$moveContainer$3(837)) - Container move completed for container #41 from source 1197414b-2137-45a4-aee5-b87d4c71644e to target 10a56413-49d5-4816-a797-a86f236f248f
2023-09-14 09:00:52,843 [main] WARN  balancer.ContainerBalancerTask (ContainerBalancerTask.java:reachedMaxSizeToMovePerIteration(733)) - Reached max size to move limit. 53687091200 bytes have already been scheduled for balancing and the limit is 53687091200 bytes.
2023-09-14 09:00:52,843 [main] INFO  balancer.ContainerBalancerTask (ContainerBalancerTask.java:checkIterationMoveResults(642)) - Iteration Summary. Number of Datanodes involved: 7. Size moved: 50 GB (53687091200 Bytes). Number of Container moves completed: 13.
2023-09-14 09:00:52,844 [main] INFO  balancer.ContainerBalancerTask (ContainerBalancerTask.java:balance(259)) - Result of this iteration of Container Balancer: ITERATION_COMPLETED
2023-09-14 09:00:52,844 [main] INFO  balancer.ContainerBalancerTask (ContainerBalancerTask.java:tryStopWithSaveConfiguration(308)) - Save Configuration for stopping. Reason: Completed all iterations.
]]></system-out>
  </testcase>
  <testcase name="containerBalancerShouldSelectOnlyClosedContainers" classname="org.apache.hadoop.hdds.scm.container.balancer.TestContainerBalancerTask" time="0.078">
    <system-out><![CDATA[2023-09-14 09:00:52,868 [main] INFO  net.NodeSchemaLoader (NodeSchemaLoader.java:loadSchemaFromFile(129)) - Loading schema from [file:/home/runner/work/ozone/ozone/hadoop-hdds/common/target/classes/network-topology-default.xml]
2023-09-14 09:00:52,868 [main] INFO  net.NodeSchemaLoader (NodeSchemaLoader.java:loadSchema(176)) - Loading network topology layer schema file
2023-09-14 09:00:52,869 [main] INFO  net.NetworkTopologyImpl (NetworkTopologyImpl.java:add(112)) - Added a new node: /default-rack/ad4ac5b5-f7dd-4ae2-8407-1bb47ebffacc
2023-09-14 09:00:52,869 [main] INFO  net.NetworkTopologyImpl (NetworkTopologyImpl.java:add(112)) - Added a new node: /default-rack/7c00a126-5d57-4004-a86a-14a9db11c7f7
2023-09-14 09:00:52,870 [main] INFO  net.NetworkTopologyImpl (NetworkTopologyImpl.java:add(112)) - Added a new node: /default-rack/6680a3d2-7444-497d-9543-3dd1ec2a9833
2023-09-14 09:00:52,870 [main] INFO  net.NetworkTopologyImpl (NetworkTopologyImpl.java:add(112)) - Added a new node: /default-rack/95972b7a-9abe-45e2-8d23-716e2fe7267b
2023-09-14 09:00:52,870 [main] INFO  net.NetworkTopologyImpl (NetworkTopologyImpl.java:add(112)) - Added a new node: /default-rack/1de68c60-ff14-41e3-a0e0-aa537b8192e6
2023-09-14 09:00:52,870 [main] INFO  net.NetworkTopologyImpl (NetworkTopologyImpl.java:add(112)) - Added a new node: /default-rack/8c70f735-3e83-49c7-8d90-4f7aee7e5bfd
2023-09-14 09:00:52,870 [main] INFO  net.NetworkTopologyImpl (NetworkTopologyImpl.java:add(112)) - Added a new node: /default-rack/9e79a03c-23fc-47e6-92e6-e6da361a7660
2023-09-14 09:00:52,870 [main] INFO  net.NetworkTopologyImpl (NetworkTopologyImpl.java:add(112)) - Added a new node: /default-rack/9c69a516-b2d4-4799-a02a-51f69dab9c2c
2023-09-14 09:00:52,870 [main] INFO  net.NetworkTopologyImpl (NetworkTopologyImpl.java:add(112)) - Added a new node: /default-rack/22152696-1b71-44fa-af05-7d196ee0aea8
2023-09-14 09:00:52,870 [main] INFO  net.NetworkTopologyImpl (NetworkTopologyImpl.java:add(112)) - Added a new node: /default-rack/e6e2ee21-32ed-418f-852b-325a438fbb02
2023-09-14 09:00:52,870 [main] INFO  algorithms.ContainerPlacementPolicyFactory (ContainerPlacementPolicyFactory.java:getPolicyInternal(86)) - Create container placement policy of type org.apache.hadoop.hdds.scm.container.placement.algorithms.SCMContainerPlacementRackAware
2023-09-14 09:00:52,871 [main] INFO  algorithms.ContainerPlacementPolicyFactory (ContainerPlacementPolicyFactory.java:getPolicyInternal(86)) - Create container placement policy of type org.apache.hadoop.hdds.scm.container.placement.algorithms.SCMContainerPlacementRackScatter
2023-09-14 09:00:52,873 [main] DEBUG balancer.ContainerBalancerTask (ContainerBalancerTask.java:initializeIteration(374)) - Average utilization of the cluster is 0.33511383083567753
2023-09-14 09:00:52,873 [main] DEBUG balancer.ContainerBalancerTask (ContainerBalancerTask.java:initializeIteration(386)) - Lower limit for utilization is 0.23511383083567752 and Upper limit for utilization is 0.43511383083567756
2023-09-14 09:00:52,873 [main] DEBUG balancer.ContainerBalancerTask (ContainerBalancerTask.java:initializeIteration(398)) - Utilization for node 95972b7a-9abe-45e2-8d23-716e2fe7267b with capacity 65617555911B, used 59055800320B, and remaining 6561755591B is 0.900000000001524
2023-09-14 09:00:52,873 [main] DEBUG balancer.ContainerBalancerTask (ContainerBalancerTask.java:initializeIteration(398)) - Utilization for node 6680a3d2-7444-497d-9543-3dd1ec2a9833 with capacity 67108864000B, used 53687091200B, and remaining 13421772800B is 0.8
2023-09-14 09:00:52,873 [main] DEBUG balancer.ContainerBalancerTask (ContainerBalancerTask.java:initializeIteration(398)) - Utilization for node e6e2ee21-32ed-418f-852b-325a438fbb02 with capacity 53687091200B, used 37580963840B, and remaining 16106127360B is 0.7
2023-09-14 09:00:52,873 [main] DEBUG balancer.ContainerBalancerTask (ContainerBalancerTask.java:initializeIteration(398)) - Utilization for node 7c00a126-5d57-4004-a86a-14a9db11c7f7 with capacity 87688915626B, used 52613349376B, and remaining 35075566250B is 0.6000000000045616
2023-09-14 09:00:52,873 [main] DEBUG balancer.ContainerBalancerTask (ContainerBalancerTask.java:initializeIteration(398)) - Utilization for node 9c69a516-b2d4-4799-a02a-51f69dab9c2c with capacity 77309411328B, used 38654705664B, and remaining 38654705664B is 0.5
2023-09-14 09:00:52,874 [main] DEBUG balancer.ContainerBalancerTask (ContainerBalancerTask.java:initializeIteration(398)) - Utilization for node 1de68c60-ff14-41e3-a0e0-aa537b8192e6 with capacity 75161927680B, used 30064771072B, and remaining 45097156608B is 0.4
2023-09-14 09:00:52,874 [main] DEBUG balancer.ContainerBalancerTask (ContainerBalancerTask.java:initializeIteration(398)) - Utilization for node 22152696-1b71-44fa-af05-7d196ee0aea8 with capacity 150323855360B, used 45097156608B, and remaining 105226698752B is 0.3
2023-09-14 09:00:52,874 [main] DEBUG balancer.ContainerBalancerTask (ContainerBalancerTask.java:initializeIteration(398)) - Utilization for node 8c70f735-3e83-49c7-8d90-4f7aee7e5bfd with capacity 177167400960B, used 35433480192B, and remaining 141733920768B is 0.2
2023-09-14 09:00:52,874 [main] DEBUG balancer.ContainerBalancerTask (ContainerBalancerTask.java:initializeIteration(398)) - Utilization for node 9e79a03c-23fc-47e6-92e6-e6da361a7660 with capacity 332859965440B, used 33285996544B, and remaining 299573968896B is 0.1
2023-09-14 09:00:52,874 [main] DEBUG balancer.ContainerBalancerTask (ContainerBalancerTask.java:initializeIteration(398)) - Utilization for node ad4ac5b5-f7dd-4ae2-8407-1bb47ebffacc with capacity 63350767616B, used 0B, and remaining 63350767616B is 0.0
2023-09-14 09:00:52,874 [main] INFO  balancer.ContainerBalancerTask (ContainerBalancerTask.java:initializeIteration(447)) - Container Balancer has identified 5 Over-Utilized and 3 Under-Utilized Datanodes that need to be balanced.
2023-09-14 09:00:52,874 [main] DEBUG balancer.ContainerBalancerTask (ContainerBalancerTask.java:lambda$initializeIteration$1(453)) - Datanode localhost-88.170.97.243 95972b7a-9abe-45e2-8d23-716e2fe7267b is Over-Utilized.
2023-09-14 09:00:52,874 [main] DEBUG balancer.ContainerBalancerTask (ContainerBalancerTask.java:lambda$initializeIteration$1(453)) - Datanode localhost-24.186.239.144 6680a3d2-7444-497d-9543-3dd1ec2a9833 is Over-Utilized.
2023-09-14 09:00:52,874 [main] DEBUG balancer.ContainerBalancerTask (ContainerBalancerTask.java:lambda$initializeIteration$1(453)) - Datanode localhost-104.97.101.213 e6e2ee21-32ed-418f-852b-325a438fbb02 is Over-Utilized.
2023-09-14 09:00:52,874 [main] DEBUG balancer.ContainerBalancerTask (ContainerBalancerTask.java:lambda$initializeIteration$1(453)) - Datanode localhost-86.92.211.133 7c00a126-5d57-4004-a86a-14a9db11c7f7 is Over-Utilized.
2023-09-14 09:00:52,874 [main] DEBUG balancer.ContainerBalancerTask (ContainerBalancerTask.java:lambda$initializeIteration$1(453)) - Datanode localhost-196.189.107.169 9c69a516-b2d4-4799-a02a-51f69dab9c2c is Over-Utilized.
2023-09-14 09:00:52,874 [main] DEBUG balancer.ContainerBalancerTask (ContainerBalancerTask.java:lambda$initializeIteration$2(459)) - Datanode localhost-144.249.14.219 ad4ac5b5-f7dd-4ae2-8407-1bb47ebffacc is Under-Utilized.
2023-09-14 09:00:52,875 [main] DEBUG balancer.ContainerBalancerTask (ContainerBalancerTask.java:lambda$initializeIteration$2(459)) - Datanode localhost-236.170.203.73 9e79a03c-23fc-47e6-92e6-e6da361a7660 is Under-Utilized.
2023-09-14 09:00:52,875 [main] DEBUG balancer.ContainerBalancerTask (ContainerBalancerTask.java:lambda$initializeIteration$2(459)) - Datanode localhost-131.70.15.208 8c70f735-3e83-49c7-8d90-4f7aee7e5bfd is Under-Utilized.
2023-09-14 09:00:52,877 [main] DEBUG balancer.ContainerBalancerTask (ContainerBalancerTask.java:matchSourceWithTarget(701)) - ContainerBalancer could not find any candidate containers for datanode 95972b7a-9abe-45e2-8d23-716e2fe7267b
2023-09-14 09:00:52,879 [main] DEBUG balancer.ContainerBalancerTask (ContainerBalancerTask.java:matchSourceWithTarget(701)) - ContainerBalancer could not find any candidate containers for datanode 6680a3d2-7444-497d-9543-3dd1ec2a9833
2023-09-14 09:00:52,880 [main] DEBUG balancer.ContainerBalancerTask (ContainerBalancerTask.java:matchSourceWithTarget(701)) - ContainerBalancer could not find any candidate containers for datanode e6e2ee21-32ed-418f-852b-325a438fbb02
2023-09-14 09:00:52,881 [main] DEBUG balancer.ContainerBalancerTask (ContainerBalancerTask.java:matchSourceWithTarget(701)) - ContainerBalancer could not find any candidate containers for datanode 7c00a126-5d57-4004-a86a-14a9db11c7f7
2023-09-14 09:00:52,882 [main] DEBUG balancer.ContainerBalancerTask (ContainerBalancerTask.java:matchSourceWithTarget(701)) - ContainerBalancer could not find any candidate containers for datanode 9c69a516-b2d4-4799-a02a-51f69dab9c2c
2023-09-14 09:00:52,882 [main] INFO  balancer.FindSourceGreedy (FindSourceGreedy.java:getNextCandidateSourceDataNode(126)) - no more candidate source data node
2023-09-14 09:00:52,882 [main] INFO  balancer.ContainerBalancerTask (ContainerBalancerTask.java:balance(259)) - Result of this iteration of Container Balancer: CAN_NOT_BALANCE_ANY_MORE
2023-09-14 09:00:52,883 [main] INFO  balancer.ContainerBalancerTask (ContainerBalancerTask.java:tryStopWithSaveConfiguration(308)) - Save Configuration for stopping. Reason: CAN_NOT_BALANCE_ANY_MORE
2023-09-14 09:00:52,883 [main] DEBUG balancer.ContainerBalancerTask (ContainerBalancerTask.java:initializeIteration(374)) - Average utilization of the cluster is 0.33511383083567753
2023-09-14 09:00:52,883 [main] DEBUG balancer.ContainerBalancerTask (ContainerBalancerTask.java:initializeIteration(386)) - Lower limit for utilization is 0.23511383083567752 and Upper limit for utilization is 0.43511383083567756
2023-09-14 09:00:52,883 [main] DEBUG balancer.ContainerBalancerTask (ContainerBalancerTask.java:initializeIteration(398)) - Utilization for node 95972b7a-9abe-45e2-8d23-716e2fe7267b with capacity 65617555911B, used 59055800320B, and remaining 6561755591B is 0.900000000001524
2023-09-14 09:00:52,883 [main] DEBUG balancer.ContainerBalancerTask (ContainerBalancerTask.java:initializeIteration(398)) - Utilization for node 6680a3d2-7444-497d-9543-3dd1ec2a9833 with capacity 67108864000B, used 53687091200B, and remaining 13421772800B is 0.8
2023-09-14 09:00:52,883 [main] DEBUG balancer.ContainerBalancerTask (ContainerBalancerTask.java:initializeIteration(398)) - Utilization for node e6e2ee21-32ed-418f-852b-325a438fbb02 with capacity 53687091200B, used 37580963840B, and remaining 16106127360B is 0.7
2023-09-14 09:00:52,884 [main] DEBUG balancer.ContainerBalancerTask (ContainerBalancerTask.java:initializeIteration(398)) - Utilization for node 7c00a126-5d57-4004-a86a-14a9db11c7f7 with capacity 87688915626B, used 52613349376B, and remaining 35075566250B is 0.6000000000045616
2023-09-14 09:00:52,884 [main] DEBUG balancer.ContainerBalancerTask (ContainerBalancerTask.java:initializeIteration(398)) - Utilization for node 9c69a516-b2d4-4799-a02a-51f69dab9c2c with capacity 77309411328B, used 38654705664B, and remaining 38654705664B is 0.5
2023-09-14 09:00:52,884 [main] DEBUG balancer.ContainerBalancerTask (ContainerBalancerTask.java:initializeIteration(398)) - Utilization for node 1de68c60-ff14-41e3-a0e0-aa537b8192e6 with capacity 75161927680B, used 30064771072B, and remaining 45097156608B is 0.4
2023-09-14 09:00:52,884 [main] DEBUG balancer.ContainerBalancerTask (ContainerBalancerTask.java:initializeIteration(398)) - Utilization for node 22152696-1b71-44fa-af05-7d196ee0aea8 with capacity 150323855360B, used 45097156608B, and remaining 105226698752B is 0.3
2023-09-14 09:00:52,884 [main] DEBUG balancer.ContainerBalancerTask (ContainerBalancerTask.java:initializeIteration(398)) - Utilization for node 8c70f735-3e83-49c7-8d90-4f7aee7e5bfd with capacity 177167400960B, used 35433480192B, and remaining 141733920768B is 0.2
2023-09-14 09:00:52,884 [main] DEBUG balancer.ContainerBalancerTask (ContainerBalancerTask.java:initializeIteration(398)) - Utilization for node 9e79a03c-23fc-47e6-92e6-e6da361a7660 with capacity 332859965440B, used 33285996544B, and remaining 299573968896B is 0.1
2023-09-14 09:00:52,884 [main] DEBUG balancer.ContainerBalancerTask (ContainerBalancerTask.java:initializeIteration(398)) - Utilization for node ad4ac5b5-f7dd-4ae2-8407-1bb47ebffacc with capacity 63350767616B, used 0B, and remaining 63350767616B is 0.0
2023-09-14 09:00:52,884 [main] INFO  balancer.ContainerBalancerTask (ContainerBalancerTask.java:initializeIteration(447)) - Container Balancer has identified 5 Over-Utilized and 3 Under-Utilized Datanodes that need to be balanced.
2023-09-14 09:00:52,884 [main] DEBUG balancer.ContainerBalancerTask (ContainerBalancerTask.java:lambda$initializeIteration$1(453)) - Datanode localhost-88.170.97.243 95972b7a-9abe-45e2-8d23-716e2fe7267b is Over-Utilized.
2023-09-14 09:00:52,884 [main] DEBUG balancer.ContainerBalancerTask (ContainerBalancerTask.java:lambda$initializeIteration$1(453)) - Datanode localhost-24.186.239.144 6680a3d2-7444-497d-9543-3dd1ec2a9833 is Over-Utilized.
2023-09-14 09:00:52,884 [main] DEBUG balancer.ContainerBalancerTask (ContainerBalancerTask.java:lambda$initializeIteration$1(453)) - Datanode localhost-104.97.101.213 e6e2ee21-32ed-418f-852b-325a438fbb02 is Over-Utilized.
2023-09-14 09:00:52,885 [main] DEBUG balancer.ContainerBalancerTask (ContainerBalancerTask.java:lambda$initializeIteration$1(453)) - Datanode localhost-86.92.211.133 7c00a126-5d57-4004-a86a-14a9db11c7f7 is Over-Utilized.
2023-09-14 09:00:52,885 [main] DEBUG balancer.ContainerBalancerTask (ContainerBalancerTask.java:lambda$initializeIteration$1(453)) - Datanode localhost-196.189.107.169 9c69a516-b2d4-4799-a02a-51f69dab9c2c is Over-Utilized.
2023-09-14 09:00:52,885 [main] DEBUG balancer.ContainerBalancerTask (ContainerBalancerTask.java:lambda$initializeIteration$2(459)) - Datanode localhost-144.249.14.219 ad4ac5b5-f7dd-4ae2-8407-1bb47ebffacc is Under-Utilized.
2023-09-14 09:00:52,885 [main] DEBUG balancer.ContainerBalancerTask (ContainerBalancerTask.java:lambda$initializeIteration$2(459)) - Datanode localhost-236.170.203.73 9e79a03c-23fc-47e6-92e6-e6da361a7660 is Under-Utilized.
2023-09-14 09:00:52,885 [main] DEBUG balancer.ContainerBalancerTask (ContainerBalancerTask.java:lambda$initializeIteration$2(459)) - Datanode localhost-131.70.15.208 8c70f735-3e83-49c7-8d90-4f7aee7e5bfd is Under-Utilized.
2023-09-14 09:00:52,887 [main] DEBUG balancer.ContainerBalancerTask (ContainerBalancerTask.java:matchSourceWithTarget(708)) - ContainerBalancer is finding suitable target for source datanode 95972b7a-9abe-45e2-8d23-716e2fe7267b
2023-09-14 09:00:52,888 [main] INFO  balancer.ContainerBalancerTask (ContainerBalancerTask.java:matchSourceWithTarget(722)) - ContainerBalancer matched source datanode 95972b7a-9abe-45e2-8d23-716e2fe7267b with target datanode ad4ac5b5-f7dd-4ae2-8407-1bb47ebffacc for container move.
2023-09-14 09:00:52,888 [main] INFO  balancer.ContainerBalancerTask (ContainerBalancerTask.java:processMoveSelection(569)) - ContainerBalancer is trying to move container #85 with size 5368709120B from source datanode 95972b7a-9abe-45e2-8d23-716e2fe7267b to target datanode ad4ac5b5-f7dd-4ae2-8407-1bb47ebffacc
2023-09-14 09:00:52,888 [main] DEBUG balancer.ContainerBalancerTask (ContainerBalancerTask.java:lambda$moveContainer$3(837)) - Container move completed for container #85 from source 95972b7a-9abe-45e2-8d23-716e2fe7267b to target ad4ac5b5-f7dd-4ae2-8407-1bb47ebffacc
2023-09-14 09:00:52,891 [main] DEBUG balancer.ContainerBalancerTask (ContainerBalancerTask.java:matchSourceWithTarget(708)) - ContainerBalancer is finding suitable target for source datanode 95972b7a-9abe-45e2-8d23-716e2fe7267b
2023-09-14 09:00:52,891 [main] INFO  balancer.ContainerBalancerTask (ContainerBalancerTask.java:matchSourceWithTarget(722)) - ContainerBalancer matched source datanode 95972b7a-9abe-45e2-8d23-716e2fe7267b with target datanode ad4ac5b5-f7dd-4ae2-8407-1bb47ebffacc for container move.
2023-09-14 09:00:52,891 [main] INFO  balancer.ContainerBalancerTask (ContainerBalancerTask.java:processMoveSelection(569)) - ContainerBalancer is trying to move container #29 with size 5368709120B from source datanode 95972b7a-9abe-45e2-8d23-716e2fe7267b to target datanode ad4ac5b5-f7dd-4ae2-8407-1bb47ebffacc
2023-09-14 09:00:52,891 [main] DEBUG balancer.ContainerBalancerTask (ContainerBalancerTask.java:lambda$moveContainer$3(837)) - Container move completed for container #29 from source 95972b7a-9abe-45e2-8d23-716e2fe7267b to target ad4ac5b5-f7dd-4ae2-8407-1bb47ebffacc
2023-09-14 09:00:52,894 [main] DEBUG balancer.ContainerBalancerTask (ContainerBalancerTask.java:matchSourceWithTarget(708)) - ContainerBalancer is finding suitable target for source datanode 6680a3d2-7444-497d-9543-3dd1ec2a9833
2023-09-14 09:00:52,894 [main] INFO  balancer.ContainerBalancerTask (ContainerBalancerTask.java:matchSourceWithTarget(722)) - ContainerBalancer matched source datanode 6680a3d2-7444-497d-9543-3dd1ec2a9833 with target datanode 9e79a03c-23fc-47e6-92e6-e6da361a7660 for container move.
2023-09-14 09:00:52,894 [main] INFO  balancer.ContainerBalancerTask (ContainerBalancerTask.java:processMoveSelection(569)) - ContainerBalancer is trying to move container #68 with size 5368709120B from source datanode 6680a3d2-7444-497d-9543-3dd1ec2a9833 to target datanode 9e79a03c-23fc-47e6-92e6-e6da361a7660
2023-09-14 09:00:52,894 [main] DEBUG balancer.ContainerBalancerTask (ContainerBalancerTask.java:lambda$moveContainer$3(837)) - Container move completed for container #68 from source 6680a3d2-7444-497d-9543-3dd1ec2a9833 to target 9e79a03c-23fc-47e6-92e6-e6da361a7660
2023-09-14 09:00:52,897 [main] DEBUG balancer.ContainerBalancerTask (ContainerBalancerTask.java:matchSourceWithTarget(708)) - ContainerBalancer is finding suitable target for source datanode 95972b7a-9abe-45e2-8d23-716e2fe7267b
2023-09-14 09:00:52,897 [main] INFO  balancer.ContainerBalancerTask (ContainerBalancerTask.java:matchSourceWithTarget(722)) - ContainerBalancer matched source datanode 95972b7a-9abe-45e2-8d23-716e2fe7267b with target datanode 9e79a03c-23fc-47e6-92e6-e6da361a7660 for container move.
2023-09-14 09:00:52,897 [main] INFO  balancer.ContainerBalancerTask (ContainerBalancerTask.java:processMoveSelection(569)) - ContainerBalancer is trying to move container #89 with size 4294967296B from source datanode 95972b7a-9abe-45e2-8d23-716e2fe7267b to target datanode 9e79a03c-23fc-47e6-92e6-e6da361a7660
2023-09-14 09:00:52,897 [main] DEBUG balancer.ContainerBalancerTask (ContainerBalancerTask.java:lambda$moveContainer$3(837)) - Container move completed for container #89 from source 95972b7a-9abe-45e2-8d23-716e2fe7267b to target 9e79a03c-23fc-47e6-92e6-e6da361a7660
2023-09-14 09:00:52,900 [main] DEBUG balancer.ContainerBalancerTask (ContainerBalancerTask.java:matchSourceWithTarget(708)) - ContainerBalancer is finding suitable target for source datanode 6680a3d2-7444-497d-9543-3dd1ec2a9833
2023-09-14 09:00:52,901 [main] INFO  balancer.ContainerBalancerTask (ContainerBalancerTask.java:matchSourceWithTarget(722)) - ContainerBalancer matched source datanode 6680a3d2-7444-497d-9543-3dd1ec2a9833 with target datanode 9e79a03c-23fc-47e6-92e6-e6da361a7660 for container move.
2023-09-14 09:00:52,901 [main] INFO  balancer.ContainerBalancerTask (ContainerBalancerTask.java:processMoveSelection(569)) - ContainerBalancer is trying to move container #40 with size 5368709120B from source datanode 6680a3d2-7444-497d-9543-3dd1ec2a9833 to target datanode 9e79a03c-23fc-47e6-92e6-e6da361a7660
2023-09-14 09:00:52,901 [main] DEBUG balancer.ContainerBalancerTask (ContainerBalancerTask.java:lambda$moveContainer$3(837)) - Container move completed for container #40 from source 6680a3d2-7444-497d-9543-3dd1ec2a9833 to target 9e79a03c-23fc-47e6-92e6-e6da361a7660
2023-09-14 09:00:52,903 [main] DEBUG balancer.ContainerBalancerTask (ContainerBalancerTask.java:matchSourceWithTarget(708)) - ContainerBalancer is finding suitable target for source datanode e6e2ee21-32ed-418f-852b-325a438fbb02
2023-09-14 09:00:52,903 [main] INFO  balancer.ContainerBalancerTask (ContainerBalancerTask.java:matchSourceWithTarget(722)) - ContainerBalancer matched source datanode e6e2ee21-32ed-418f-852b-325a438fbb02 with target datanode 9e79a03c-23fc-47e6-92e6-e6da361a7660 for container move.
2023-09-14 09:00:52,903 [main] INFO  balancer.ContainerBalancerTask (ContainerBalancerTask.java:processMoveSelection(569)) - ContainerBalancer is trying to move container #53 with size 5368709120B from source datanode e6e2ee21-32ed-418f-852b-325a438fbb02 to target datanode 9e79a03c-23fc-47e6-92e6-e6da361a7660
2023-09-14 09:00:52,903 [main] DEBUG balancer.ContainerBalancerTask (ContainerBalancerTask.java:lambda$moveContainer$3(837)) - Container move completed for container #53 from source e6e2ee21-32ed-418f-852b-325a438fbb02 to target 9e79a03c-23fc-47e6-92e6-e6da361a7660
2023-09-14 09:00:52,906 [main] DEBUG balancer.ContainerBalancerTask (ContainerBalancerTask.java:matchSourceWithTarget(708)) - ContainerBalancer is finding suitable target for source datanode 95972b7a-9abe-45e2-8d23-716e2fe7267b
2023-09-14 09:00:52,906 [main] INFO  balancer.ContainerBalancerTask (ContainerBalancerTask.java:matchSourceWithTarget(722)) - ContainerBalancer matched source datanode 95972b7a-9abe-45e2-8d23-716e2fe7267b with target datanode 9e79a03c-23fc-47e6-92e6-e6da361a7660 for container move.
2023-09-14 09:00:52,906 [main] INFO  balancer.ContainerBalancerTask (ContainerBalancerTask.java:processMoveSelection(569)) - ContainerBalancer is trying to move container #84 with size 4294967296B from source datanode 95972b7a-9abe-45e2-8d23-716e2fe7267b to target datanode 9e79a03c-23fc-47e6-92e6-e6da361a7660
2023-09-14 09:00:52,907 [main] DEBUG balancer.ContainerBalancerTask (ContainerBalancerTask.java:lambda$moveContainer$3(837)) - Container move completed for container #84 from source 95972b7a-9abe-45e2-8d23-716e2fe7267b to target 9e79a03c-23fc-47e6-92e6-e6da361a7660
2023-09-14 09:00:52,910 [main] DEBUG balancer.ContainerBalancerTask (ContainerBalancerTask.java:matchSourceWithTarget(708)) - ContainerBalancer is finding suitable target for source datanode 6680a3d2-7444-497d-9543-3dd1ec2a9833
2023-09-14 09:00:52,910 [main] INFO  balancer.ContainerBalancerTask (ContainerBalancerTask.java:matchSourceWithTarget(722)) - ContainerBalancer matched source datanode 6680a3d2-7444-497d-9543-3dd1ec2a9833 with target datanode ad4ac5b5-f7dd-4ae2-8407-1bb47ebffacc for container move.
2023-09-14 09:00:52,910 [main] INFO  balancer.ContainerBalancerTask (ContainerBalancerTask.java:processMoveSelection(569)) - ContainerBalancer is trying to move container #67 with size 4294967296B from source datanode 6680a3d2-7444-497d-9543-3dd1ec2a9833 to target datanode ad4ac5b5-f7dd-4ae2-8407-1bb47ebffacc
2023-09-14 09:00:52,910 [main] DEBUG balancer.ContainerBalancerTask (ContainerBalancerTask.java:lambda$moveContainer$3(837)) - Container move completed for container #67 from source 6680a3d2-7444-497d-9543-3dd1ec2a9833 to target ad4ac5b5-f7dd-4ae2-8407-1bb47ebffacc
2023-09-14 09:00:52,913 [main] DEBUG balancer.ContainerBalancerTask (ContainerBalancerTask.java:matchSourceWithTarget(708)) - ContainerBalancer is finding suitable target for source datanode 95972b7a-9abe-45e2-8d23-716e2fe7267b
2023-09-14 09:00:52,913 [main] INFO  balancer.ContainerBalancerTask (ContainerBalancerTask.java:matchSourceWithTarget(722)) - ContainerBalancer matched source datanode 95972b7a-9abe-45e2-8d23-716e2fe7267b with target datanode 9e79a03c-23fc-47e6-92e6-e6da361a7660 for container move.
2023-09-14 09:00:52,913 [main] INFO  balancer.ContainerBalancerTask (ContainerBalancerTask.java:processMoveSelection(569)) - ContainerBalancer is trying to move container #28 with size 4294967296B from source datanode 95972b7a-9abe-45e2-8d23-716e2fe7267b to target datanode 9e79a03c-23fc-47e6-92e6-e6da361a7660
2023-09-14 09:00:52,913 [main] DEBUG balancer.ContainerBalancerTask (ContainerBalancerTask.java:lambda$moveContainer$3(837)) - Container move completed for container #28 from source 95972b7a-9abe-45e2-8d23-716e2fe7267b to target 9e79a03c-23fc-47e6-92e6-e6da361a7660
2023-09-14 09:00:52,916 [main] DEBUG balancer.ContainerBalancerTask (ContainerBalancerTask.java:matchSourceWithTarget(708)) - ContainerBalancer is finding suitable target for source datanode 7c00a126-5d57-4004-a86a-14a9db11c7f7
2023-09-14 09:00:52,916 [main] INFO  balancer.ContainerBalancerTask (ContainerBalancerTask.java:matchSourceWithTarget(722)) - ContainerBalancer matched source datanode 7c00a126-5d57-4004-a86a-14a9db11c7f7 with target datanode 9e79a03c-23fc-47e6-92e6-e6da361a7660 for container move.
2023-09-14 09:00:52,916 [main] INFO  balancer.ContainerBalancerTask (ContainerBalancerTask.java:processMoveSelection(569)) - ContainerBalancer is trying to move container #38 with size 3221225472B from source datanode 7c00a126-5d57-4004-a86a-14a9db11c7f7 to target datanode 9e79a03c-23fc-47e6-92e6-e6da361a7660
2023-09-14 09:00:52,917 [main] DEBUG balancer.ContainerBalancerTask (ContainerBalancerTask.java:lambda$moveContainer$3(837)) - Container move completed for container #38 from source 7c00a126-5d57-4004-a86a-14a9db11c7f7 to target 9e79a03c-23fc-47e6-92e6-e6da361a7660
2023-09-14 09:00:52,919 [main] DEBUG balancer.ContainerBalancerTask (ContainerBalancerTask.java:matchSourceWithTarget(708)) - ContainerBalancer is finding suitable target for source datanode e6e2ee21-32ed-418f-852b-325a438fbb02
2023-09-14 09:00:52,919 [main] INFO  balancer.ContainerBalancerTask (ContainerBalancerTask.java:matchSourceWithTarget(722)) - ContainerBalancer matched source datanode e6e2ee21-32ed-418f-852b-325a438fbb02 with target datanode 9e79a03c-23fc-47e6-92e6-e6da361a7660 for container move.
2023-09-14 09:00:52,919 [main] INFO  balancer.ContainerBalancerTask (ContainerBalancerTask.java:processMoveSelection(569)) - ContainerBalancer is trying to move container #52 with size 4294967296B from source datanode e6e2ee21-32ed-418f-852b-325a438fbb02 to target datanode 9e79a03c-23fc-47e6-92e6-e6da361a7660
2023-09-14 09:00:52,919 [main] DEBUG balancer.ContainerBalancerTask (ContainerBalancerTask.java:lambda$moveContainer$3(837)) - Container move completed for container #52 from source e6e2ee21-32ed-418f-852b-325a438fbb02 to target 9e79a03c-23fc-47e6-92e6-e6da361a7660
2023-09-14 09:00:52,923 [main] DEBUG balancer.ContainerBalancerTask (ContainerBalancerTask.java:matchSourceWithTarget(708)) - ContainerBalancer is finding suitable target for source datanode 6680a3d2-7444-497d-9543-3dd1ec2a9833
2023-09-14 09:00:52,923 [main] INFO  balancer.ContainerBalancerTask (ContainerBalancerTask.java:matchSourceWithTarget(722)) - ContainerBalancer matched source datanode 6680a3d2-7444-497d-9543-3dd1ec2a9833 with target datanode 8c70f735-3e83-49c7-8d90-4f7aee7e5bfd for container move.
2023-09-14 09:00:52,923 [main] INFO  balancer.ContainerBalancerTask (ContainerBalancerTask.java:processMoveSelection(569)) - ContainerBalancer is trying to move container #70 with size 2147483648B from source datanode 6680a3d2-7444-497d-9543-3dd1ec2a9833 to target datanode 8c70f735-3e83-49c7-8d90-4f7aee7e5bfd
2023-09-14 09:00:52,923 [main] DEBUG balancer.ContainerBalancerTask (ContainerBalancerTask.java:lambda$moveContainer$3(837)) - Container move completed for container #70 from source 6680a3d2-7444-497d-9543-3dd1ec2a9833 to target 8c70f735-3e83-49c7-8d90-4f7aee7e5bfd
2023-09-14 09:00:52,923 [main] WARN  balancer.ContainerBalancerTask (ContainerBalancerTask.java:reachedMaxSizeToMovePerIteration(733)) - Reached max size to move limit. 53687091200 bytes have already been scheduled for balancing and the limit is 53687091200 bytes.
2023-09-14 09:00:52,923 [main] INFO  balancer.ContainerBalancerTask (ContainerBalancerTask.java:checkIterationMoveResults(642)) - Iteration Summary. Number of Datanodes involved: 7. Size moved: 50 GB (53687091200 Bytes). Number of Container moves completed: 12.
2023-09-14 09:00:52,924 [main] INFO  balancer.ContainerBalancerTask (ContainerBalancerTask.java:balance(259)) - Result of this iteration of Container Balancer: ITERATION_COMPLETED
2023-09-14 09:00:52,924 [main] INFO  balancer.ContainerBalancerTask (ContainerBalancerTask.java:tryStopWithSaveConfiguration(308)) - Save Configuration for stopping. Reason: Completed all iterations.
]]></system-out>
  </testcase>
</testsuite>