<?xml version="1.0" encoding="UTF-8"?>
<testsuite xmlns:xsi="http://www.w3.org/2001/XMLSchema-instance" xsi:noNamespaceSchemaLocation="https://maven.apache.org/surefire/maven-surefire-plugin/xsd/surefire-test-report.xsd" name="org.apache.hadoop.ozone.scm.TestSCMInstallSnapshotWithHA" time="200.5" tests="3" errors="0" skipped="0" failures="1">
  <properties>
    <property name="awt.toolkit" value="sun.awt.X11.XToolkit"/>
    <property name="file.encoding.pkg" value="sun.io"/>
    <property name="java.specification.version" value="1.8"/>
    <property name="sun.cpu.isalist" value=""/>
    <property name="sun.jnu.encoding" value="UTF-8"/>
    <property name="java.class.path" value="/home/runner/work/ozone/ozone/hadoop-ozone/integration-test/target/test-classes:/home/runner/work/ozone/ozone/hadoop-ozone/integration-test/target/classes:/home/runner/.m2/repository/org/apache/ozone/ozone-common/1.3.0-SNAPSHOT/ozone-common-1.3.0-SNAPSHOT.jar:/home/runner/.m2/repository/org/apache/commons/commons-compress/1.21/commons-compress-1.21.jar:/home/runner/.m2/repository/org/apache/ozone/hdds-common/1.3.0-SNAPSHOT/hdds-common-1.3.0-SNAPSHOT.jar:/home/runner/.m2/repository/org/apache/ozone/hdds-client/1.3.0-SNAPSHOT/hdds-client-1.3.0-SNAPSHOT.jar:/home/runner/.m2/repository/org/apache/ozone/ozone-interface-client/1.3.0-SNAPSHOT/ozone-interface-client-1.3.0-SNAPSHOT.jar:/home/runner/.m2/repository/org/apache/ozone/hdds-test-utils/1.3.0-SNAPSHOT/hdds-test-utils-1.3.0-SNAPSHOT.jar:/home/runner/.m2/repository/com/google/guava/guava/30.1.1-jre/guava-30.1.1-jre.jar:/home/runner/.m2/repository/com/google/guava/failureaccess/1.0.1/failureaccess-1.0.1.jar:/home/runner/.m2/repository/com/google/guava/listenablefuture/9999.0-empty-to-avoid-conflict-with-guava/listenablefuture-9999.0-empty-to-avoid-conflict-with-guava.jar:/home/runner/.m2/repository/com/google/code/findbugs/jsr305/3.0.0/jsr305-3.0.0.jar:/home/runner/.m2/repository/org/checkerframework/checker-qual/3.8.0/checker-qual-3.8.0.jar:/home/runner/.m2/repository/com/google/errorprone/error_prone_annotations/2.2.0/error_prone_annotations-2.2.0.jar:/home/runner/.m2/repository/com/google/j2objc/j2objc-annotations/1.3/j2objc-annotations-1.3.jar:/home/runner/.m2/repository/commons-io/commons-io/2.11.0/commons-io-2.11.0.jar:/home/runner/.m2/repository/commons-logging/commons-logging/1.2/commons-logging-1.2.jar:/home/runner/.m2/repository/log4j/log4j/1.2.17/log4j-1.2.17.jar:/home/runner/.m2/repository/org/slf4j/slf4j-api/1.7.30/slf4j-api-1.7.30.jar:/home/runner/.m2/repository/org/apache/ozone/hdds-server-scm/1.3.0-SNAPSHOT/hdds-server-scm-1.3.0-SNAPSHOT.jar:/home/runner/.m2/repository/org/apache/ozone/hdds-container-service/1.3.0-SNAPSHOT/hdds-container-service-1.3.0-SNAPSHOT.jar:/home/runner/.m2/repository/org/apache/ozone/hdds-hadoop-dependency-server/1.3.0-SNAPSHOT/hdds-hadoop-dependency-server-1.3.0-SNAPSHOT.jar:/home/runner/.m2/repository/org/apache/hadoop/hadoop-hdfs/3.3.1/hadoop-hdfs-3.3.1.jar:/home/runner/.m2/repository/org/apache/ozone/hdds-server-framework/1.3.0-SNAPSHOT/hdds-server-framework-1.3.0-SNAPSHOT.jar:/home/runner/.m2/repository/org/apache/ozone/hdds-interface-server/1.3.0-SNAPSHOT/hdds-interface-server-1.3.0-SNAPSHOT.jar:/home/runner/.m2/repository/org/eclipse/jetty/jetty-servlet/9.4.43.v20210629/jetty-servlet-9.4.43.v20210629.jar:/home/runner/.m2/repository/org/eclipse/jetty/jetty-security/9.4.43.v20210629/jetty-security-9.4.43.v20210629.jar:/home/runner/.m2/repository/org/rocksdb/rocksdbjni/6.25.3/rocksdbjni-6.25.3.jar:/home/runner/.m2/repository/io/prometheus/simpleclient_dropwizard/0.7.0/simpleclient_dropwizard-0.7.0.jar:/home/runner/.m2/repository/io/prometheus/simpleclient/0.7.0/simpleclient-0.7.0.jar:/home/runner/.m2/repository/io/prometheus/simpleclient_common/0.7.0/simpleclient_common-0.7.0.jar:/home/runner/.m2/repository/com/fasterxml/jackson/datatype/jackson-datatype-jsr310/2.12.1/jackson-datatype-jsr310-2.12.1.jar:/home/runner/.m2/repository/io/dropwizard/metrics/metrics-core/3.2.4/metrics-core-3.2.4.jar:/home/runner/.m2/repository/org/apache/hadoop/hadoop-hdfs-client/3.3.1/hadoop-hdfs-client-3.3.1.jar:/home/runner/.m2/repository/org/bouncycastle/bcprov-jdk15on/1.67/bcprov-jdk15on-1.67.jar:/home/runner/.m2/repository/com/google/protobuf/protobuf-java/2.5.0/protobuf-java-2.5.0.jar:/home/runner/.m2/repository/org/apache/ozone/ozone-manager/1.3.0-SNAPSHOT/ozone-manager-1.3.0-SNAPSHOT.jar:/home/runner/.m2/repository/org/aspectj/aspectjrt/1.9.7/aspectjrt-1.9.7.jar:/home/runner/.m2/repository/org/aspectj/aspectjweaver/1.9.7/aspectjweaver-1.9.7.jar:/home/runner/.m2/repository/org/apache/ozone/hdds-interface-client/1.3.0-SNAPSHOT/hdds-interface-client-1.3.0-SNAPSHOT.jar:/home/runner/.m2/repository/org/apache/hadoop/thirdparty/hadoop-shaded-protobuf_3_7/1.1.1/hadoop-shaded-protobuf_3_7-1.1.1.jar:/home/runner/.m2/repository/org/apache/ozone/ozone-interface-storage/1.3.0-SNAPSHOT/ozone-interface-storage-1.3.0-SNAPSHOT.jar:/home/runner/.m2/repository/org/reflections/reflections/0.9.11/reflections-0.9.11.jar:/home/runner/.m2/repository/org/apache/hadoop/hadoop-minikdc/3.3.1/hadoop-minikdc-3.3.1.jar:/home/runner/.m2/repository/org/apache/kerby/kerb-simplekdc/1.0.1/kerb-simplekdc-1.0.1.jar:/home/runner/.m2/repository/org/apache/kerby/kerb-client/1.0.1/kerb-client-1.0.1.jar:/home/runner/.m2/repository/org/apache/kerby/kerby-config/1.0.1/kerby-config-1.0.1.jar:/home/runner/.m2/repository/org/apache/kerby/kerb-common/1.0.1/kerb-common-1.0.1.jar:/home/runner/.m2/repository/org/apache/kerby/kerb-crypto/1.0.1/kerb-crypto-1.0.1.jar:/home/runner/.m2/repository/org/apache/kerby/kerb-util/1.0.1/kerb-util-1.0.1.jar:/home/runner/.m2/repository/org/apache/kerby/token-provider/1.0.1/token-provider-1.0.1.jar:/home/runner/.m2/repository/org/apache/kerby/kerb-admin/1.0.1/kerb-admin-1.0.1.jar:/home/runner/.m2/repository/org/apache/kerby/kerb-server/1.0.1/kerb-server-1.0.1.jar:/home/runner/.m2/repository/org/apache/kerby/kerb-identity/1.0.1/kerb-identity-1.0.1.jar:/home/runner/.m2/repository/org/apache/kerby/kerby-xdr/1.0.1/kerby-xdr-1.0.1.jar:/home/runner/.m2/repository/org/slf4j/slf4j-log4j12/1.7.30/slf4j-log4j12-1.7.30.jar:/home/runner/.m2/repository/org/apache/ozone/ozone-s3gateway/1.3.0-SNAPSHOT/ozone-s3gateway-1.3.0-SNAPSHOT.jar:/home/runner/.m2/repository/org/javassist/javassist/3.21.0-GA/javassist-3.21.0-GA.jar:/home/runner/.m2/repository/org/jboss/weld/servlet/weld-servlet/2.4.7.Final/weld-servlet-2.4.7.Final.jar:/home/runner/.m2/repository/org/glassfish/jersey/containers/jersey-container-servlet-core/2.33/jersey-container-servlet-core-2.33.jar:/home/runner/.m2/repository/org/glassfish/hk2/external/jakarta.inject/2.6.1/jakarta.inject-2.6.1.jar:/home/runner/.m2/repository/org/glassfish/jersey/core/jersey-common/2.33/jersey-common-2.33.jar:/home/runner/.m2/repository/jakarta/ws/rs/jakarta.ws.rs-api/2.1.6/jakarta.ws.rs-api-2.1.6.jar:/home/runner/.m2/repository/org/glassfish/jersey/ext/cdi/jersey-cdi1x/2.33/jersey-cdi1x-2.33.jar:/home/runner/.m2/repository/org/glassfish/jersey/inject/jersey-hk2/2.33/jersey-hk2-2.33.jar:/home/runner/.m2/repository/org/glassfish/hk2/hk2-locator/2.6.1/hk2-locator-2.6.1.jar:/home/runner/.m2/repository/org/glassfish/jersey/media/jersey-media-jaxb/2.33/jersey-media-jaxb-2.33.jar:/home/runner/.m2/repository/org/glassfish/hk2/osgi-resource-locator/1.0.3/osgi-resource-locator-1.0.3.jar:/home/runner/.m2/repository/org/glassfish/hk2/hk2-api/2.5.0/hk2-api-2.5.0.jar:/home/runner/.m2/repository/org/glassfish/hk2/hk2-utils/2.5.0/hk2-utils-2.5.0.jar:/home/runner/.m2/repository/org/glassfish/hk2/external/aopalliance-repackaged/2.5.0/aopalliance-repackaged-2.5.0.jar:/home/runner/.m2/repository/com/fasterxml/jackson/dataformat/jackson-dataformat-xml/2.12.1/jackson-dataformat-xml-2.12.1.jar:/home/runner/.m2/repository/com/fasterxml/jackson/core/jackson-core/2.12.1/jackson-core-2.12.1.jar:/home/runner/.m2/repository/com/fasterxml/jackson/module/jackson-module-jaxb-annotations/2.12.1/jackson-module-jaxb-annotations-2.12.1.jar:/home/runner/.m2/repository/jakarta/xml/bind/jakarta.xml.bind-api/2.3.2/jakarta.xml.bind-api-2.3.2.jar:/home/runner/.m2/repository/org/codehaus/woodstox/stax2-api/3.1.4/stax2-api-3.1.4.jar:/home/runner/.m2/repository/com/fasterxml/woodstox/woodstox-core/5.0.3/woodstox-core-5.0.3.jar:/home/runner/.m2/repository/javax/enterprise/cdi-api/1.2/cdi-api-1.2.jar:/home/runner/.m2/repository/javax/el/javax.el-api/3.0.0/javax.el-api-3.0.0.jar:/home/runner/.m2/repository/javax/interceptor/javax.interceptor-api/1.2/javax.interceptor-api-1.2.jar:/home/runner/.m2/repository/javax/inject/javax.inject/1/javax.inject-1.jar:/home/runner/.m2/repository/javax/xml/bind/jaxb-api/2.3.0/jaxb-api-2.3.0.jar:/home/runner/.m2/repository/org/glassfish/jaxb/jaxb-runtime/2.3.0.1/jaxb-runtime-2.3.0.1.jar:/home/runner/.m2/repository/org/glassfish/jaxb/jaxb-core/2.3.0.1/jaxb-core-2.3.0.1.jar:/home/runner/.m2/repository/org/glassfish/jaxb/txw2/2.3.0.1/txw2-2.3.0.1.jar:/home/runner/.m2/repository/com/sun/istack/istack-commons-runtime/3.0.5/istack-commons-runtime-3.0.5.jar:/home/runner/.m2/repository/org/jvnet/staxex/stax-ex/1.7.8/stax-ex-1.7.8.jar:/home/runner/.m2/repository/com/sun/xml/fastinfoset/FastInfoset/1.2.13/FastInfoset-1.2.13.jar:/home/runner/.m2/repository/javax/activation/activation/1.1.1/activation-1.1.1.jar:/home/runner/.m2/repository/org/apache/ozone/ozone-csi/1.3.0-SNAPSHOT/ozone-csi-1.3.0-SNAPSHOT.jar:/home/runner/.m2/repository/com/google/protobuf/protobuf-java-util/3.12.0/protobuf-java-util-3.12.0.jar:/home/runner/.m2/repository/com/google/code/gson/gson/2.2.4/gson-2.2.4.jar:/home/runner/.m2/repository/org/apache/ozone/hdds-config/1.3.0-SNAPSHOT/hdds-config-1.3.0-SNAPSHOT.jar:/home/runner/.m2/repository/io/grpc/grpc-netty/1.33.0/grpc-netty-1.33.0.jar:/home/runner/.m2/repository/io/grpc/grpc-core/1.33.0/grpc-core-1.33.0.jar:/home/runner/.m2/repository/com/google/android/annotations/4.1.1.4/annotations-4.1.1.4.jar:/home/runner/.m2/repository/io/netty/netty-codec-http2/4.1.63.Final/netty-codec-http2-4.1.63.Final.jar:/home/runner/.m2/repository/io/netty/netty-codec-http/4.1.63.Final/netty-codec-http-4.1.63.Final.jar:/home/runner/.m2/repository/io/netty/netty-handler-proxy/4.1.63.Final/netty-handler-proxy-4.1.63.Final.jar:/home/runner/.m2/repository/io/netty/netty-codec-socks/4.1.63.Final/netty-codec-socks-4.1.63.Final.jar:/home/runner/.m2/repository/io/perfmark/perfmark-api/0.19.0/perfmark-api-0.19.0.jar:/home/runner/.m2/repository/org/codehaus/mojo/animal-sniffer-annotations/1.18/animal-sniffer-annotations-1.18.jar:/home/runner/.m2/repository/io/netty/netty-transport-native-epoll/4.1.63.Final/netty-transport-native-epoll-4.1.63.Final.jar:/home/runner/.m2/repository/io/netty/netty-common/4.1.63.Final/netty-common-4.1.63.Final.jar:/home/runner/.m2/repository/io/netty/netty-buffer/4.1.63.Final/netty-buffer-4.1.63.Final.jar:/home/runner/.m2/repository/io/netty/netty-transport-native-unix-common/4.1.63.Final/netty-transport-native-unix-common-4.1.63.Final.jar:/home/runner/.m2/repository/io/grpc/grpc-protobuf/1.33.0/grpc-protobuf-1.33.0.jar:/home/runner/.m2/repository/io/grpc/grpc-api/1.33.0/grpc-api-1.33.0.jar:/home/runner/.m2/repository/io/grpc/grpc-context/1.33.0/grpc-context-1.33.0.jar:/home/runner/.m2/repository/com/google/api/grpc/proto-google-common-protos/1.17.0/proto-google-common-protos-1.17.0.jar:/home/runner/.m2/repository/io/grpc/grpc-protobuf-lite/1.33.0/grpc-protobuf-lite-1.33.0.jar:/home/runner/.m2/repository/io/grpc/grpc-stub/1.33.0/grpc-stub-1.33.0.jar:/home/runner/.m2/repository/org/apache/ozone/ozone-recon/1.3.0-SNAPSHOT/ozone-recon-1.3.0-SNAPSHOT.jar:/home/runner/.m2/repository/org/apache/ozone/ozone-reconcodegen/1.3.0-SNAPSHOT/ozone-reconcodegen-1.3.0-SNAPSHOT.jar:/home/runner/.m2/repository/com/google/inject/extensions/guice-multibindings/4.0/guice-multibindings-4.0.jar:/home/runner/.m2/repository/com/google/inject/guice/4.0/guice-4.0.jar:/home/runner/.m2/repository/aopalliance/aopalliance/1.0/aopalliance-1.0.jar:/home/runner/.m2/repository/com/google/inject/extensions/guice-assistedinject/4.0/guice-assistedinject-4.0.jar:/home/runner/.m2/repository/com/google/inject/extensions/guice-servlet/4.0/guice-servlet-4.0.jar:/home/runner/.m2/repository/org/glassfish/jersey/containers/jersey-container-servlet/2.33/jersey-container-servlet-2.33.jar:/home/runner/.m2/repository/org/glassfish/hk2/guice-bridge/2.5.0/guice-bridge-2.5.0.jar:/home/runner/.m2/repository/org/glassfish/jersey/core/jersey-server/2.33/jersey-server-2.33.jar:/home/runner/.m2/repository/org/glassfish/jersey/core/jersey-client/2.33/jersey-client-2.33.jar:/home/runner/.m2/repository/jakarta/annotation/jakarta.annotation-api/1.3.5/jakarta.annotation-api-1.3.5.jar:/home/runner/.m2/repository/jakarta/validation/jakarta.validation-api/2.0.2/jakarta.validation-api-2.0.2.jar:/home/runner/.m2/repository/org/glassfish/jersey/media/jersey-media-json-jackson/2.33/jersey-media-json-jackson-2.33.jar:/home/runner/.m2/repository/org/glassfish/jersey/ext/jersey-entity-filtering/2.33/jersey-entity-filtering-2.33.jar:/home/runner/.m2/repository/org/jooq/jooq/3.11.10/jooq-3.11.10.jar:/home/runner/.m2/repository/org/jooq/jooq-meta/3.11.10/jooq-meta-3.11.10.jar:/home/runner/.m2/repository/org/jooq/jooq-codegen/3.11.10/jooq-codegen-3.11.10.jar:/home/runner/.m2/repository/com/jolbox/bonecp/0.8.0.RELEASE/bonecp-0.8.0.RELEASE.jar:/home/runner/.m2/repository/org/apache/derby/derby/10.14.2.0/derby-10.14.2.0.jar:/home/runner/.m2/repository/org/xerial/sqlite-jdbc/3.25.2/sqlite-jdbc-3.25.2.jar:/home/runner/.m2/repository/org/springframework/spring-jdbc/5.2.18.RELEASE/spring-jdbc-5.2.18.RELEASE.jar:/home/runner/.m2/repository/org/springframework/spring-beans/5.2.18.RELEASE/spring-beans-5.2.18.RELEASE.jar:/home/runner/.m2/repository/org/springframework/spring-core/5.2.18.RELEASE/spring-core-5.2.18.RELEASE.jar:/home/runner/.m2/repository/org/springframework/spring-jcl/5.2.18.RELEASE/spring-jcl-5.2.18.RELEASE.jar:/home/runner/.m2/repository/org/springframework/spring-tx/5.2.18.RELEASE/spring-tx-5.2.18.RELEASE.jar:/home/runner/.m2/repository/org/apache/ozone/ozone-client/1.3.0-SNAPSHOT/ozone-client-1.3.0-SNAPSHOT.jar:/home/runner/.m2/repository/org/apache/ozone/ozone-filesystem/1.3.0-SNAPSHOT/ozone-filesystem-1.3.0-SNAPSHOT.jar:/home/runner/.m2/repository/org/apache/ozone/ozone-filesystem-common/1.3.0-SNAPSHOT/ozone-filesystem-common-1.3.0-SNAPSHOT.jar:/home/runner/.m2/repository/org/apache/ozone/ozone-tools/1.3.0-SNAPSHOT/ozone-tools-1.3.0-SNAPSHOT.jar:/home/runner/.m2/repository/org/apache/ratis/ratis-tools/2.2.0/ratis-tools-2.2.0.jar:/home/runner/.m2/repository/com/amazonaws/aws-java-sdk-core/1.12.124/aws-java-sdk-core-1.12.124.jar:/home/runner/.m2/repository/org/apache/httpcomponents/httpclient/4.5.13/httpclient-4.5.13.jar:/home/runner/.m2/repository/org/apache/httpcomponents/httpcore/4.4.13/httpcore-4.4.13.jar:/home/runner/.m2/repository/software/amazon/ion/ion-java/1.0.2/ion-java-1.0.2.jar:/home/runner/.m2/repository/com/fasterxml/jackson/dataformat/jackson-dataformat-cbor/2.12.1/jackson-dataformat-cbor-2.12.1.jar:/home/runner/.m2/repository/joda-time/joda-time/2.8.1/joda-time-2.8.1.jar:/home/runner/.m2/repository/com/amazonaws/aws-java-sdk-s3/1.12.124/aws-java-sdk-s3-1.12.124.jar:/home/runner/.m2/repository/com/amazonaws/aws-java-sdk-kms/1.12.124/aws-java-sdk-kms-1.12.124.jar:/home/runner/.m2/repository/com/amazonaws/jmespath-java/1.12.124/jmespath-java-1.12.124.jar:/home/runner/.m2/repository/org/kohsuke/metainf-services/metainf-services/1.8/metainf-services-1.8.jar:/home/runner/.m2/repository/org/apache/ozone/hdds-tools/1.3.0-SNAPSHOT/hdds-tools-1.3.0-SNAPSHOT.jar:/home/runner/.m2/repository/commons-cli/commons-cli/1.2/commons-cli-1.2.jar:/home/runner/.m2/repository/org/apache/commons/commons-lang3/3.7/commons-lang3-3.7.jar:/home/runner/.m2/repository/org/apache/ozone/ozone-manager/1.3.0-SNAPSHOT/ozone-manager-1.3.0-SNAPSHOT-tests.jar:/home/runner/.m2/repository/org/apache/ozone/hdds-common/1.3.0-SNAPSHOT/hdds-common-1.3.0-SNAPSHOT-tests.jar:/home/runner/.m2/repository/org/apache/ozone/hdds-hadoop-dependency-client/1.3.0-SNAPSHOT/hdds-hadoop-dependency-client-1.3.0-SNAPSHOT.jar:/home/runner/.m2/repository/info/picocli/picocli/4.6.1/picocli-4.6.1.jar:/home/runner/.m2/repository/com/fasterxml/jackson/core/jackson-annotations/2.12.1/jackson-annotations-2.12.1.jar:/home/runner/.m2/repository/javax/annotation/javax.annotation-api/1.2/javax.annotation-api-1.2.jar:/home/runner/.m2/repository/org/apache/ratis/ratis-server/2.2.0/ratis-server-2.2.0.jar:/home/runner/.m2/repository/org/apache/ratis/ratis-client/2.2.0/ratis-client-2.2.0.jar:/home/runner/.m2/repository/org/apache/ratis/ratis-server-api/2.2.0/ratis-server-api-2.2.0.jar:/home/runner/.m2/repository/org/apache/ratis/ratis-metrics/2.2.0/ratis-metrics-2.2.0.jar:/home/runner/.m2/repository/org/apache/ratis/ratis-netty/2.2.0/ratis-netty-2.2.0.jar:/home/runner/.m2/repository/org/apache/ratis/ratis-grpc/2.2.0/ratis-grpc-2.2.0.jar:/home/runner/.m2/repository/org/apache/logging/log4j/log4j-api/2.17.1/log4j-api-2.17.1.jar:/home/runner/.m2/repository/org/apache/logging/log4j/log4j-core/2.17.1/log4j-core-2.17.1.jar:/home/runner/.m2/repository/com/lmax/disruptor/3.4.2/disruptor-3.4.2.jar:/home/runner/.m2/repository/org/apache/commons/commons-pool2/2.6.0/commons-pool2-2.6.0.jar:/home/runner/.m2/repository/org/bouncycastle/bcpkix-jdk15on/1.67/bcpkix-jdk15on-1.67.jar:/home/runner/.m2/repository/commons-validator/commons-validator/1.6/commons-validator-1.6.jar:/home/runner/.m2/repository/commons-beanutils/commons-beanutils/1.9.4/commons-beanutils-1.9.4.jar:/home/runner/.m2/repository/commons-digester/commons-digester/1.8.1/commons-digester-1.8.1.jar:/home/runner/.m2/repository/commons-collections/commons-collections/3.2.2/commons-collections-3.2.2.jar:/home/runner/.m2/repository/io/jaegertracing/jaeger-client/1.6.0/jaeger-client-1.6.0.jar:/home/runner/.m2/repository/io/jaegertracing/jaeger-thrift/1.6.0/jaeger-thrift-1.6.0.jar:/home/runner/.m2/repository/org/apache/thrift/libthrift/0.14.1/libthrift-0.14.1.jar:/home/runner/.m2/repository/com/squareup/okhttp3/okhttp/4.9.0/okhttp-4.9.0.jar:/home/runner/.m2/repository/com/squareup/okio/okio/2.8.0/okio-2.8.0.jar:/home/runner/.m2/repository/io/jaegertracing/jaeger-core/1.6.0/jaeger-core-1.6.0.jar:/home/runner/.m2/repository/io/jaegertracing/jaeger-tracerresolver/1.6.0/jaeger-tracerresolver-1.6.0.jar:/home/runner/.m2/repository/io/opentracing/contrib/opentracing-tracerresolver/0.1.8/opentracing-tracerresolver-0.1.8.jar:/home/runner/.m2/repository/org/jetbrains/kotlin/kotlin-stdlib/1.4.31/kotlin-stdlib-1.4.31.jar:/home/runner/.m2/repository/org/jetbrains/kotlin/kotlin-stdlib-common/1.4.31/kotlin-stdlib-common-1.4.31.jar:/home/runner/.m2/repository/org/jetbrains/annotations/13.0/annotations-13.0.jar:/home/runner/.m2/repository/io/opentracing/opentracing-util/0.33.0/opentracing-util-0.33.0.jar:/home/runner/.m2/repository/io/opentracing/opentracing-api/0.33.0/opentracing-api-0.33.0.jar:/home/runner/.m2/repository/io/opentracing/opentracing-noop/0.33.0/opentracing-noop-0.33.0.jar:/home/runner/.m2/repository/org/yaml/snakeyaml/1.26/snakeyaml-1.26.jar:/home/runner/.m2/repository/org/apache/ozone/hdds-interface-admin/1.3.0-SNAPSHOT/hdds-interface-admin-1.3.0-SNAPSHOT.jar:/home/runner/.m2/repository/junit/junit/4.13.1/junit-4.13.1.jar:/home/runner/.m2/repository/org/hamcrest/hamcrest-core/1.3/hamcrest-core-1.3.jar:/home/runner/.m2/repository/org/junit/jupiter/junit-jupiter-api/5.7.0/junit-jupiter-api-5.7.0.jar:/home/runner/.m2/repository/org/apiguardian/apiguardian-api/1.1.0/apiguardian-api-1.1.0.jar:/home/runner/.m2/repository/org/opentest4j/opentest4j/1.2.0/opentest4j-1.2.0.jar:/home/runner/.m2/repository/org/junit/platform/junit-platform-commons/1.7.0/junit-platform-commons-1.7.0.jar:/home/runner/.m2/repository/org/junit/jupiter/junit-jupiter-engine/5.7.0/junit-jupiter-engine-5.7.0.jar:/home/runner/.m2/repository/org/junit/platform/junit-platform-engine/1.7.0/junit-platform-engine-1.7.0.jar:/home/runner/.m2/repository/org/junit/vintage/junit-vintage-engine/5.7.0/junit-vintage-engine-5.7.0.jar:/home/runner/.m2/repository/org/junit/platform/junit-platform-launcher/1.7.0/junit-platform-launcher-1.7.0.jar:/home/runner/.m2/repository/org/openjdk/jmh/jmh-core/1.19/jmh-core-1.19.jar:/home/runner/.m2/repository/net/sf/jopt-simple/jopt-simple/4.6/jopt-simple-4.6.jar:/home/runner/.m2/repository/org/apache/commons/commons-math3/3.1.1/commons-math3-3.1.1.jar:/home/runner/.m2/repository/org/openjdk/jmh/jmh-generator-annprocess/1.19/jmh-generator-annprocess-1.19.jar:/home/runner/.m2/repository/org/mockito/mockito-core/2.28.2/mockito-core-2.28.2.jar:/home/runner/.m2/repository/net/bytebuddy/byte-buddy/1.9.10/byte-buddy-1.9.10.jar:/home/runner/.m2/repository/net/bytebuddy/byte-buddy-agent/1.9.10/byte-buddy-agent-1.9.10.jar:/home/runner/.m2/repository/org/objenesis/objenesis/1.0/objenesis-1.0.jar:/home/runner/.m2/repository/org/apache/hadoop/hadoop-kms/3.3.1/hadoop-kms-3.3.1.jar:/home/runner/.m2/repository/org/apache/hadoop/hadoop-auth/3.3.1/hadoop-auth-3.3.1.jar:/home/runner/.m2/repository/com/nimbusds/nimbus-jose-jwt/7.9/nimbus-jose-jwt-7.9.jar:/home/runner/.m2/repository/com/github/stephenc/jcip/jcip-annotations/1.0-1/jcip-annotations-1.0-1.jar:/home/runner/.m2/repository/net/minidev/json-smart/2.3.1/json-smart-2.3.1.jar:/home/runner/.m2/repository/net/minidev/accessors-smart/2.3.1/accessors-smart-2.3.1.jar:/home/runner/.m2/repository/org/ow2/asm/asm/5.0.4/asm-5.0.4.jar:/home/runner/.m2/repository/org/apache/zookeeper/zookeeper/3.5.6/zookeeper-3.5.6.jar:/home/runner/.m2/repository/org/apache/zookeeper/zookeeper-jute/3.5.6/zookeeper-jute-3.5.6.jar:/home/runner/.m2/repository/org/apache/yetus/audience-annotations/0.5.0/audience-annotations-0.5.0.jar:/home/runner/.m2/repository/org/apache/curator/curator-framework/4.2.0/curator-framework-4.2.0.jar:/home/runner/.m2/repository/org/apache/hadoop/thirdparty/hadoop-shaded-guava/1.1.1/hadoop-shaded-guava-1.1.1.jar:/home/runner/.m2/repository/com/sun/jersey/jersey-core/1.19/jersey-core-1.19.jar:/home/runner/.m2/repository/javax/ws/rs/jsr311-api/1.1.1/jsr311-api-1.1.1.jar:/home/runner/.m2/repository/com/sun/jersey/jersey-server/1.19/jersey-server-1.19.jar:/home/runner/.m2/repository/javax/servlet/javax.servlet-api/3.1.0/javax.servlet-api-3.1.0.jar:/home/runner/.m2/repository/org/eclipse/jetty/jetty-server/9.4.43.v20210629/jetty-server-9.4.43.v20210629.jar:/home/runner/.m2/repository/org/eclipse/jetty/jetty-http/9.4.43.v20210629/jetty-http-9.4.43.v20210629.jar:/home/runner/.m2/repository/org/eclipse/jetty/jetty-io/9.4.43.v20210629/jetty-io-9.4.43.v20210629.jar:/home/runner/.m2/repository/org/eclipse/jetty/jetty-webapp/9.4.43.v20210629/jetty-webapp-9.4.43.v20210629.jar:/home/runner/.m2/repository/org/eclipse/jetty/jetty-xml/9.4.43.v20210629/jetty-xml-9.4.43.v20210629.jar:/home/runner/.m2/repository/org/apache/hadoop/hadoop-common/3.3.1/hadoop-common-3.3.1.jar:/home/runner/.m2/repository/commons-net/commons-net/3.6/commons-net-3.6.jar:/home/runner/.m2/repository/jakarta/activation/jakarta.activation-api/1.2.1/jakarta.activation-api-1.2.1.jar:/home/runner/.m2/repository/com/sun/jersey/jersey-servlet/1.19/jersey-servlet-1.19.jar:/home/runner/.m2/repository/com/sun/jersey/jersey-json/1.19/jersey-json-1.19.jar:/home/runner/.m2/repository/org/codehaus/jettison/jettison/1.1/jettison-1.1.jar:/home/runner/.m2/repository/com/sun/xml/bind/jaxb-impl/2.2.3-1/jaxb-impl-2.2.3-1.jar:/home/runner/.m2/repository/org/codehaus/jackson/jackson-jaxrs/1.9.2/jackson-jaxrs-1.9.2.jar:/home/runner/.m2/repository/org/codehaus/jackson/jackson-xc/1.9.2/jackson-xc-1.9.2.jar:/home/runner/.m2/repository/org/apache/commons/commons-configuration2/2.1.1/commons-configuration2-2.1.1.jar:/home/runner/.m2/repository/org/apache/commons/commons-text/1.4/commons-text-1.4.jar:/home/runner/.m2/repository/com/google/re2j/re2j/1.1/re2j-1.1.jar:/home/runner/.m2/repository/com/jcraft/jsch/0.1.54/jsch-0.1.54.jar:/home/runner/.m2/repository/org/apache/curator/curator-client/4.2.0/curator-client-4.2.0.jar:/home/runner/.m2/repository/org/apache/curator/curator-recipes/4.2.0/curator-recipes-4.2.0.jar:/home/runner/.m2/repository/org/apache/kerby/kerb-core/1.0.1/kerb-core-1.0.1.jar:/home/runner/.m2/repository/org/apache/kerby/kerby-pkix/1.0.1/kerby-pkix-1.0.1.jar:/home/runner/.m2/repository/org/apache/kerby/kerby-asn1/1.0.1/kerby-asn1-1.0.1.jar:/home/runner/.m2/repository/org/apache/kerby/kerby-util/1.0.1/kerby-util-1.0.1.jar:/home/runner/.m2/repository/dnsjava/dnsjava/2.1.7/dnsjava-2.1.7.jar:/home/runner/.m2/repository/org/xerial/snappy/snappy-java/1.1.8.2/snappy-java-1.1.8.2.jar:/home/runner/.m2/repository/org/slf4j/jul-to-slf4j/1.7.30/jul-to-slf4j-1.7.30.jar:/home/runner/.m2/repository/org/eclipse/jetty/jetty-util/9.4.43.v20210629/jetty-util-9.4.43.v20210629.jar:/home/runner/.m2/repository/com/fasterxml/jackson/core/jackson-databind/2.12.1/jackson-databind-2.12.1.jar:/home/runner/.m2/repository/org/apache/hadoop/hadoop-kms/3.3.1/hadoop-kms-3.3.1-tests.jar:/home/runner/.m2/repository/org/apache/ozone/hdds-server-scm/1.3.0-SNAPSHOT/hdds-server-scm-1.3.0-SNAPSHOT-tests.jar:/home/runner/.m2/repository/org/apache/ozone/hdds-container-service/1.3.0-SNAPSHOT/hdds-container-service-1.3.0-SNAPSHOT-tests.jar:/home/runner/.m2/repository/commons-codec/commons-codec/1.11/commons-codec-1.11.jar:/home/runner/.m2/repository/io/netty/netty-transport/4.1.63.Final/netty-transport-4.1.63.Final.jar:/home/runner/.m2/repository/io/netty/netty-resolver/4.1.63.Final/netty-resolver-4.1.63.Final.jar:/home/runner/.m2/repository/io/netty/netty-codec/4.1.63.Final/netty-codec-4.1.63.Final.jar:/home/runner/.m2/repository/io/netty/netty-handler/4.1.63.Final/netty-handler-4.1.63.Final.jar:/home/runner/.m2/repository/org/apache/ozone/hdds-hadoop-dependency-test/1.3.0-SNAPSHOT/hdds-hadoop-dependency-test-1.3.0-SNAPSHOT.jar:/home/runner/.m2/repository/org/apache/hadoop/hadoop-common/3.3.1/hadoop-common-3.3.1-tests.jar:/home/runner/.m2/repository/org/assertj/assertj-core/3.12.2/assertj-core-3.12.2.jar:/home/runner/.m2/repository/org/apache/hadoop/hadoop-hdfs/3.3.1/hadoop-hdfs-3.3.1-tests.jar:/home/runner/.m2/repository/org/eclipse/jetty/jetty-util-ajax/9.4.43.v20210629/jetty-util-ajax-9.4.43.v20210629.jar:/home/runner/.m2/repository/commons-daemon/commons-daemon/1.0.13/commons-daemon-1.0.13.jar:/home/runner/.m2/repository/io/netty/netty/3.10.6.Final/netty-3.10.6.Final.jar:/home/runner/.m2/repository/io/netty/netty-all/4.1.63.Final/netty-all-4.1.63.Final.jar:/home/runner/.m2/repository/org/apache/htrace/htrace-core4/4.1.0-incubating/htrace-core4-4.1.0-incubating.jar:/home/runner/.m2/repository/org/fusesource/leveldbjni/leveldbjni-all/1.8/leveldbjni-all-1.8.jar:/home/runner/.m2/repository/org/apache/hadoop/hadoop-distcp/3.3.1/hadoop-distcp-3.3.1.jar:/home/runner/.m2/repository/org/apache/hadoop/hadoop-mapreduce-client-jobclient/3.3.1/hadoop-mapreduce-client-jobclient-3.3.1.jar:/home/runner/.m2/repository/org/apache/hadoop/hadoop-mapreduce-client-common/3.3.1/hadoop-mapreduce-client-common-3.3.1.jar:/home/runner/.m2/repository/org/apache/hadoop/hadoop-yarn-common/3.3.1/hadoop-yarn-common-3.3.1.jar:/home/runner/.m2/repository/org/apache/hadoop/hadoop-yarn-api/3.3.1/hadoop-yarn-api-3.3.1.jar:/home/runner/.m2/repository/com/sun/jersey/jersey-client/1.19/jersey-client-1.19.jar:/home/runner/.m2/repository/com/sun/jersey/contribs/jersey-guice/1.19/jersey-guice-1.19.jar:/home/runner/.m2/repository/com/fasterxml/jackson/jaxrs/jackson-jaxrs-json-provider/2.12.1/jackson-jaxrs-json-provider-2.12.1.jar:/home/runner/.m2/repository/com/fasterxml/jackson/jaxrs/jackson-jaxrs-base/2.12.1/jackson-jaxrs-base-2.12.1.jar:/home/runner/.m2/repository/org/apache/hadoop/hadoop-yarn-client/3.3.1/hadoop-yarn-client-3.3.1.jar:/home/runner/.m2/repository/org/eclipse/jetty/websocket/websocket-client/9.4.40.v20210413/websocket-client-9.4.40.v20210413.jar:/home/runner/.m2/repository/org/eclipse/jetty/jetty-client/9.4.40.v20210413/jetty-client-9.4.40.v20210413.jar:/home/runner/.m2/repository/org/eclipse/jetty/websocket/websocket-common/9.4.40.v20210413/websocket-common-9.4.40.v20210413.jar:/home/runner/.m2/repository/org/eclipse/jetty/websocket/websocket-api/9.4.40.v20210413/websocket-api-9.4.40.v20210413.jar:/home/runner/.m2/repository/org/jline/jline/3.9.0/jline-3.9.0.jar:/home/runner/.m2/repository/org/apache/hadoop/hadoop-mapreduce-client-core/3.3.1/hadoop-mapreduce-client-core-3.3.1.jar:/home/runner/.m2/repository/org/apache/avro/avro/1.7.7/avro-1.7.7.jar:/home/runner/.m2/repository/org/codehaus/jackson/jackson-core-asl/1.9.13/jackson-core-asl-1.9.13.jar:/home/runner/.m2/repository/org/codehaus/jackson/jackson-mapper-asl/1.9.13/jackson-mapper-asl-1.9.13.jar:/home/runner/.m2/repository/com/thoughtworks/paranamer/paranamer/2.3/paranamer-2.3.jar:/home/runner/.m2/repository/org/apache/hadoop/hadoop-annotations/3.3.1/hadoop-annotations-3.3.1.jar:/usr/lib/jvm/adoptopenjdk-8-hotspot-amd64/jre/../lib/tools.jar:/home/runner/.m2/repository/org/apache/hadoop/hadoop-distcp/3.3.1/hadoop-distcp-3.3.1-tests.jar:/home/runner/.m2/repository/org/apache/ratis/ratis-common/2.2.0/ratis-common-2.2.0.jar:/home/runner/.m2/repository/org/apache/ratis/ratis-thirdparty-misc/0.7.0/ratis-thirdparty-misc-0.7.0.jar:/home/runner/.m2/repository/org/apache/ratis/ratis-proto/2.2.0/ratis-proto-2.2.0.jar:"/>
    <property name="java.vm.vendor" value="AdoptOpenJDK"/>
    <property name="sun.arch.data.model" value="64"/>
    <property name="test.build.dir" value="/home/runner/work/ozone/ozone/hadoop-ozone/integration-test/target/test-dir"/>
    <property name="test.cache.data" value=""/>
    <property name="java.vendor.url" value="https://adoptopenjdk.net/"/>
    <property name="user.timezone" value=""/>
    <property name="java.vm.specification.version" value="1.8"/>
    <property name="os.name" value="Linux"/>
    <property name="test.build.data" value="/home/runner/work/ozone/ozone/hadoop-ozone/integration-test/target/test-dir"/>
    <property name="sun.java.launcher" value="SUN_STANDARD"/>
    <property name="sun.boot.library.path" value="/usr/lib/jvm/adoptopenjdk-8-hotspot-amd64/jre/lib/amd64"/>
    <property name="sun.java.command" value="/home/runner/work/ozone/ozone/hadoop-ozone/integration-test/target/surefire/surefirebooter7927976698742913666.jar /home/runner/work/ozone/ozone/hadoop-ozone/integration-test/target/surefire 2022-01-10T12-54-52_378-jvmRun1 surefire5781876673425171811tmp surefire_24700602663484488777tmp"/>
    <property name="surefire.test.class.path" value="/home/runner/work/ozone/ozone/hadoop-ozone/integration-test/target/test-classes:/home/runner/work/ozone/ozone/hadoop-ozone/integration-test/target/classes:/home/runner/.m2/repository/org/apache/ozone/ozone-common/1.3.0-SNAPSHOT/ozone-common-1.3.0-SNAPSHOT.jar:/home/runner/.m2/repository/org/apache/commons/commons-compress/1.21/commons-compress-1.21.jar:/home/runner/.m2/repository/org/apache/ozone/hdds-common/1.3.0-SNAPSHOT/hdds-common-1.3.0-SNAPSHOT.jar:/home/runner/.m2/repository/org/apache/ozone/hdds-client/1.3.0-SNAPSHOT/hdds-client-1.3.0-SNAPSHOT.jar:/home/runner/.m2/repository/org/apache/ozone/ozone-interface-client/1.3.0-SNAPSHOT/ozone-interface-client-1.3.0-SNAPSHOT.jar:/home/runner/.m2/repository/org/apache/ozone/hdds-test-utils/1.3.0-SNAPSHOT/hdds-test-utils-1.3.0-SNAPSHOT.jar:/home/runner/.m2/repository/com/google/guava/guava/30.1.1-jre/guava-30.1.1-jre.jar:/home/runner/.m2/repository/com/google/guava/failureaccess/1.0.1/failureaccess-1.0.1.jar:/home/runner/.m2/repository/com/google/guava/listenablefuture/9999.0-empty-to-avoid-conflict-with-guava/listenablefuture-9999.0-empty-to-avoid-conflict-with-guava.jar:/home/runner/.m2/repository/com/google/code/findbugs/jsr305/3.0.0/jsr305-3.0.0.jar:/home/runner/.m2/repository/org/checkerframework/checker-qual/3.8.0/checker-qual-3.8.0.jar:/home/runner/.m2/repository/com/google/errorprone/error_prone_annotations/2.2.0/error_prone_annotations-2.2.0.jar:/home/runner/.m2/repository/com/google/j2objc/j2objc-annotations/1.3/j2objc-annotations-1.3.jar:/home/runner/.m2/repository/commons-io/commons-io/2.11.0/commons-io-2.11.0.jar:/home/runner/.m2/repository/commons-logging/commons-logging/1.2/commons-logging-1.2.jar:/home/runner/.m2/repository/log4j/log4j/1.2.17/log4j-1.2.17.jar:/home/runner/.m2/repository/org/slf4j/slf4j-api/1.7.30/slf4j-api-1.7.30.jar:/home/runner/.m2/repository/org/apache/ozone/hdds-server-scm/1.3.0-SNAPSHOT/hdds-server-scm-1.3.0-SNAPSHOT.jar:/home/runner/.m2/repository/org/apache/ozone/hdds-container-service/1.3.0-SNAPSHOT/hdds-container-service-1.3.0-SNAPSHOT.jar:/home/runner/.m2/repository/org/apache/ozone/hdds-hadoop-dependency-server/1.3.0-SNAPSHOT/hdds-hadoop-dependency-server-1.3.0-SNAPSHOT.jar:/home/runner/.m2/repository/org/apache/hadoop/hadoop-hdfs/3.3.1/hadoop-hdfs-3.3.1.jar:/home/runner/.m2/repository/org/apache/ozone/hdds-server-framework/1.3.0-SNAPSHOT/hdds-server-framework-1.3.0-SNAPSHOT.jar:/home/runner/.m2/repository/org/apache/ozone/hdds-interface-server/1.3.0-SNAPSHOT/hdds-interface-server-1.3.0-SNAPSHOT.jar:/home/runner/.m2/repository/org/eclipse/jetty/jetty-servlet/9.4.43.v20210629/jetty-servlet-9.4.43.v20210629.jar:/home/runner/.m2/repository/org/eclipse/jetty/jetty-security/9.4.43.v20210629/jetty-security-9.4.43.v20210629.jar:/home/runner/.m2/repository/org/rocksdb/rocksdbjni/6.25.3/rocksdbjni-6.25.3.jar:/home/runner/.m2/repository/io/prometheus/simpleclient_dropwizard/0.7.0/simpleclient_dropwizard-0.7.0.jar:/home/runner/.m2/repository/io/prometheus/simpleclient/0.7.0/simpleclient-0.7.0.jar:/home/runner/.m2/repository/io/prometheus/simpleclient_common/0.7.0/simpleclient_common-0.7.0.jar:/home/runner/.m2/repository/com/fasterxml/jackson/datatype/jackson-datatype-jsr310/2.12.1/jackson-datatype-jsr310-2.12.1.jar:/home/runner/.m2/repository/io/dropwizard/metrics/metrics-core/3.2.4/metrics-core-3.2.4.jar:/home/runner/.m2/repository/org/apache/hadoop/hadoop-hdfs-client/3.3.1/hadoop-hdfs-client-3.3.1.jar:/home/runner/.m2/repository/org/bouncycastle/bcprov-jdk15on/1.67/bcprov-jdk15on-1.67.jar:/home/runner/.m2/repository/com/google/protobuf/protobuf-java/2.5.0/protobuf-java-2.5.0.jar:/home/runner/.m2/repository/org/apache/ozone/ozone-manager/1.3.0-SNAPSHOT/ozone-manager-1.3.0-SNAPSHOT.jar:/home/runner/.m2/repository/org/aspectj/aspectjrt/1.9.7/aspectjrt-1.9.7.jar:/home/runner/.m2/repository/org/aspectj/aspectjweaver/1.9.7/aspectjweaver-1.9.7.jar:/home/runner/.m2/repository/org/apache/ozone/hdds-interface-client/1.3.0-SNAPSHOT/hdds-interface-client-1.3.0-SNAPSHOT.jar:/home/runner/.m2/repository/org/apache/hadoop/thirdparty/hadoop-shaded-protobuf_3_7/1.1.1/hadoop-shaded-protobuf_3_7-1.1.1.jar:/home/runner/.m2/repository/org/apache/ozone/ozone-interface-storage/1.3.0-SNAPSHOT/ozone-interface-storage-1.3.0-SNAPSHOT.jar:/home/runner/.m2/repository/org/reflections/reflections/0.9.11/reflections-0.9.11.jar:/home/runner/.m2/repository/org/apache/hadoop/hadoop-minikdc/3.3.1/hadoop-minikdc-3.3.1.jar:/home/runner/.m2/repository/org/apache/kerby/kerb-simplekdc/1.0.1/kerb-simplekdc-1.0.1.jar:/home/runner/.m2/repository/org/apache/kerby/kerb-client/1.0.1/kerb-client-1.0.1.jar:/home/runner/.m2/repository/org/apache/kerby/kerby-config/1.0.1/kerby-config-1.0.1.jar:/home/runner/.m2/repository/org/apache/kerby/kerb-common/1.0.1/kerb-common-1.0.1.jar:/home/runner/.m2/repository/org/apache/kerby/kerb-crypto/1.0.1/kerb-crypto-1.0.1.jar:/home/runner/.m2/repository/org/apache/kerby/kerb-util/1.0.1/kerb-util-1.0.1.jar:/home/runner/.m2/repository/org/apache/kerby/token-provider/1.0.1/token-provider-1.0.1.jar:/home/runner/.m2/repository/org/apache/kerby/kerb-admin/1.0.1/kerb-admin-1.0.1.jar:/home/runner/.m2/repository/org/apache/kerby/kerb-server/1.0.1/kerb-server-1.0.1.jar:/home/runner/.m2/repository/org/apache/kerby/kerb-identity/1.0.1/kerb-identity-1.0.1.jar:/home/runner/.m2/repository/org/apache/kerby/kerby-xdr/1.0.1/kerby-xdr-1.0.1.jar:/home/runner/.m2/repository/org/slf4j/slf4j-log4j12/1.7.30/slf4j-log4j12-1.7.30.jar:/home/runner/.m2/repository/org/apache/ozone/ozone-s3gateway/1.3.0-SNAPSHOT/ozone-s3gateway-1.3.0-SNAPSHOT.jar:/home/runner/.m2/repository/org/javassist/javassist/3.21.0-GA/javassist-3.21.0-GA.jar:/home/runner/.m2/repository/org/jboss/weld/servlet/weld-servlet/2.4.7.Final/weld-servlet-2.4.7.Final.jar:/home/runner/.m2/repository/org/glassfish/jersey/containers/jersey-container-servlet-core/2.33/jersey-container-servlet-core-2.33.jar:/home/runner/.m2/repository/org/glassfish/hk2/external/jakarta.inject/2.6.1/jakarta.inject-2.6.1.jar:/home/runner/.m2/repository/org/glassfish/jersey/core/jersey-common/2.33/jersey-common-2.33.jar:/home/runner/.m2/repository/jakarta/ws/rs/jakarta.ws.rs-api/2.1.6/jakarta.ws.rs-api-2.1.6.jar:/home/runner/.m2/repository/org/glassfish/jersey/ext/cdi/jersey-cdi1x/2.33/jersey-cdi1x-2.33.jar:/home/runner/.m2/repository/org/glassfish/jersey/inject/jersey-hk2/2.33/jersey-hk2-2.33.jar:/home/runner/.m2/repository/org/glassfish/hk2/hk2-locator/2.6.1/hk2-locator-2.6.1.jar:/home/runner/.m2/repository/org/glassfish/jersey/media/jersey-media-jaxb/2.33/jersey-media-jaxb-2.33.jar:/home/runner/.m2/repository/org/glassfish/hk2/osgi-resource-locator/1.0.3/osgi-resource-locator-1.0.3.jar:/home/runner/.m2/repository/org/glassfish/hk2/hk2-api/2.5.0/hk2-api-2.5.0.jar:/home/runner/.m2/repository/org/glassfish/hk2/hk2-utils/2.5.0/hk2-utils-2.5.0.jar:/home/runner/.m2/repository/org/glassfish/hk2/external/aopalliance-repackaged/2.5.0/aopalliance-repackaged-2.5.0.jar:/home/runner/.m2/repository/com/fasterxml/jackson/dataformat/jackson-dataformat-xml/2.12.1/jackson-dataformat-xml-2.12.1.jar:/home/runner/.m2/repository/com/fasterxml/jackson/core/jackson-core/2.12.1/jackson-core-2.12.1.jar:/home/runner/.m2/repository/com/fasterxml/jackson/module/jackson-module-jaxb-annotations/2.12.1/jackson-module-jaxb-annotations-2.12.1.jar:/home/runner/.m2/repository/jakarta/xml/bind/jakarta.xml.bind-api/2.3.2/jakarta.xml.bind-api-2.3.2.jar:/home/runner/.m2/repository/org/codehaus/woodstox/stax2-api/3.1.4/stax2-api-3.1.4.jar:/home/runner/.m2/repository/com/fasterxml/woodstox/woodstox-core/5.0.3/woodstox-core-5.0.3.jar:/home/runner/.m2/repository/javax/enterprise/cdi-api/1.2/cdi-api-1.2.jar:/home/runner/.m2/repository/javax/el/javax.el-api/3.0.0/javax.el-api-3.0.0.jar:/home/runner/.m2/repository/javax/interceptor/javax.interceptor-api/1.2/javax.interceptor-api-1.2.jar:/home/runner/.m2/repository/javax/inject/javax.inject/1/javax.inject-1.jar:/home/runner/.m2/repository/javax/xml/bind/jaxb-api/2.3.0/jaxb-api-2.3.0.jar:/home/runner/.m2/repository/org/glassfish/jaxb/jaxb-runtime/2.3.0.1/jaxb-runtime-2.3.0.1.jar:/home/runner/.m2/repository/org/glassfish/jaxb/jaxb-core/2.3.0.1/jaxb-core-2.3.0.1.jar:/home/runner/.m2/repository/org/glassfish/jaxb/txw2/2.3.0.1/txw2-2.3.0.1.jar:/home/runner/.m2/repository/com/sun/istack/istack-commons-runtime/3.0.5/istack-commons-runtime-3.0.5.jar:/home/runner/.m2/repository/org/jvnet/staxex/stax-ex/1.7.8/stax-ex-1.7.8.jar:/home/runner/.m2/repository/com/sun/xml/fastinfoset/FastInfoset/1.2.13/FastInfoset-1.2.13.jar:/home/runner/.m2/repository/javax/activation/activation/1.1.1/activation-1.1.1.jar:/home/runner/.m2/repository/org/apache/ozone/ozone-csi/1.3.0-SNAPSHOT/ozone-csi-1.3.0-SNAPSHOT.jar:/home/runner/.m2/repository/com/google/protobuf/protobuf-java-util/3.12.0/protobuf-java-util-3.12.0.jar:/home/runner/.m2/repository/com/google/code/gson/gson/2.2.4/gson-2.2.4.jar:/home/runner/.m2/repository/org/apache/ozone/hdds-config/1.3.0-SNAPSHOT/hdds-config-1.3.0-SNAPSHOT.jar:/home/runner/.m2/repository/io/grpc/grpc-netty/1.33.0/grpc-netty-1.33.0.jar:/home/runner/.m2/repository/io/grpc/grpc-core/1.33.0/grpc-core-1.33.0.jar:/home/runner/.m2/repository/com/google/android/annotations/4.1.1.4/annotations-4.1.1.4.jar:/home/runner/.m2/repository/io/netty/netty-codec-http2/4.1.63.Final/netty-codec-http2-4.1.63.Final.jar:/home/runner/.m2/repository/io/netty/netty-codec-http/4.1.63.Final/netty-codec-http-4.1.63.Final.jar:/home/runner/.m2/repository/io/netty/netty-handler-proxy/4.1.63.Final/netty-handler-proxy-4.1.63.Final.jar:/home/runner/.m2/repository/io/netty/netty-codec-socks/4.1.63.Final/netty-codec-socks-4.1.63.Final.jar:/home/runner/.m2/repository/io/perfmark/perfmark-api/0.19.0/perfmark-api-0.19.0.jar:/home/runner/.m2/repository/org/codehaus/mojo/animal-sniffer-annotations/1.18/animal-sniffer-annotations-1.18.jar:/home/runner/.m2/repository/io/netty/netty-transport-native-epoll/4.1.63.Final/netty-transport-native-epoll-4.1.63.Final.jar:/home/runner/.m2/repository/io/netty/netty-common/4.1.63.Final/netty-common-4.1.63.Final.jar:/home/runner/.m2/repository/io/netty/netty-buffer/4.1.63.Final/netty-buffer-4.1.63.Final.jar:/home/runner/.m2/repository/io/netty/netty-transport-native-unix-common/4.1.63.Final/netty-transport-native-unix-common-4.1.63.Final.jar:/home/runner/.m2/repository/io/grpc/grpc-protobuf/1.33.0/grpc-protobuf-1.33.0.jar:/home/runner/.m2/repository/io/grpc/grpc-api/1.33.0/grpc-api-1.33.0.jar:/home/runner/.m2/repository/io/grpc/grpc-context/1.33.0/grpc-context-1.33.0.jar:/home/runner/.m2/repository/com/google/api/grpc/proto-google-common-protos/1.17.0/proto-google-common-protos-1.17.0.jar:/home/runner/.m2/repository/io/grpc/grpc-protobuf-lite/1.33.0/grpc-protobuf-lite-1.33.0.jar:/home/runner/.m2/repository/io/grpc/grpc-stub/1.33.0/grpc-stub-1.33.0.jar:/home/runner/.m2/repository/org/apache/ozone/ozone-recon/1.3.0-SNAPSHOT/ozone-recon-1.3.0-SNAPSHOT.jar:/home/runner/.m2/repository/org/apache/ozone/ozone-reconcodegen/1.3.0-SNAPSHOT/ozone-reconcodegen-1.3.0-SNAPSHOT.jar:/home/runner/.m2/repository/com/google/inject/extensions/guice-multibindings/4.0/guice-multibindings-4.0.jar:/home/runner/.m2/repository/com/google/inject/guice/4.0/guice-4.0.jar:/home/runner/.m2/repository/aopalliance/aopalliance/1.0/aopalliance-1.0.jar:/home/runner/.m2/repository/com/google/inject/extensions/guice-assistedinject/4.0/guice-assistedinject-4.0.jar:/home/runner/.m2/repository/com/google/inject/extensions/guice-servlet/4.0/guice-servlet-4.0.jar:/home/runner/.m2/repository/org/glassfish/jersey/containers/jersey-container-servlet/2.33/jersey-container-servlet-2.33.jar:/home/runner/.m2/repository/org/glassfish/hk2/guice-bridge/2.5.0/guice-bridge-2.5.0.jar:/home/runner/.m2/repository/org/glassfish/jersey/core/jersey-server/2.33/jersey-server-2.33.jar:/home/runner/.m2/repository/org/glassfish/jersey/core/jersey-client/2.33/jersey-client-2.33.jar:/home/runner/.m2/repository/jakarta/annotation/jakarta.annotation-api/1.3.5/jakarta.annotation-api-1.3.5.jar:/home/runner/.m2/repository/jakarta/validation/jakarta.validation-api/2.0.2/jakarta.validation-api-2.0.2.jar:/home/runner/.m2/repository/org/glassfish/jersey/media/jersey-media-json-jackson/2.33/jersey-media-json-jackson-2.33.jar:/home/runner/.m2/repository/org/glassfish/jersey/ext/jersey-entity-filtering/2.33/jersey-entity-filtering-2.33.jar:/home/runner/.m2/repository/org/jooq/jooq/3.11.10/jooq-3.11.10.jar:/home/runner/.m2/repository/org/jooq/jooq-meta/3.11.10/jooq-meta-3.11.10.jar:/home/runner/.m2/repository/org/jooq/jooq-codegen/3.11.10/jooq-codegen-3.11.10.jar:/home/runner/.m2/repository/com/jolbox/bonecp/0.8.0.RELEASE/bonecp-0.8.0.RELEASE.jar:/home/runner/.m2/repository/org/apache/derby/derby/10.14.2.0/derby-10.14.2.0.jar:/home/runner/.m2/repository/org/xerial/sqlite-jdbc/3.25.2/sqlite-jdbc-3.25.2.jar:/home/runner/.m2/repository/org/springframework/spring-jdbc/5.2.18.RELEASE/spring-jdbc-5.2.18.RELEASE.jar:/home/runner/.m2/repository/org/springframework/spring-beans/5.2.18.RELEASE/spring-beans-5.2.18.RELEASE.jar:/home/runner/.m2/repository/org/springframework/spring-core/5.2.18.RELEASE/spring-core-5.2.18.RELEASE.jar:/home/runner/.m2/repository/org/springframework/spring-jcl/5.2.18.RELEASE/spring-jcl-5.2.18.RELEASE.jar:/home/runner/.m2/repository/org/springframework/spring-tx/5.2.18.RELEASE/spring-tx-5.2.18.RELEASE.jar:/home/runner/.m2/repository/org/apache/ozone/ozone-client/1.3.0-SNAPSHOT/ozone-client-1.3.0-SNAPSHOT.jar:/home/runner/.m2/repository/org/apache/ozone/ozone-filesystem/1.3.0-SNAPSHOT/ozone-filesystem-1.3.0-SNAPSHOT.jar:/home/runner/.m2/repository/org/apache/ozone/ozone-filesystem-common/1.3.0-SNAPSHOT/ozone-filesystem-common-1.3.0-SNAPSHOT.jar:/home/runner/.m2/repository/org/apache/ozone/ozone-tools/1.3.0-SNAPSHOT/ozone-tools-1.3.0-SNAPSHOT.jar:/home/runner/.m2/repository/org/apache/ratis/ratis-tools/2.2.0/ratis-tools-2.2.0.jar:/home/runner/.m2/repository/com/amazonaws/aws-java-sdk-core/1.12.124/aws-java-sdk-core-1.12.124.jar:/home/runner/.m2/repository/org/apache/httpcomponents/httpclient/4.5.13/httpclient-4.5.13.jar:/home/runner/.m2/repository/org/apache/httpcomponents/httpcore/4.4.13/httpcore-4.4.13.jar:/home/runner/.m2/repository/software/amazon/ion/ion-java/1.0.2/ion-java-1.0.2.jar:/home/runner/.m2/repository/com/fasterxml/jackson/dataformat/jackson-dataformat-cbor/2.12.1/jackson-dataformat-cbor-2.12.1.jar:/home/runner/.m2/repository/joda-time/joda-time/2.8.1/joda-time-2.8.1.jar:/home/runner/.m2/repository/com/amazonaws/aws-java-sdk-s3/1.12.124/aws-java-sdk-s3-1.12.124.jar:/home/runner/.m2/repository/com/amazonaws/aws-java-sdk-kms/1.12.124/aws-java-sdk-kms-1.12.124.jar:/home/runner/.m2/repository/com/amazonaws/jmespath-java/1.12.124/jmespath-java-1.12.124.jar:/home/runner/.m2/repository/org/kohsuke/metainf-services/metainf-services/1.8/metainf-services-1.8.jar:/home/runner/.m2/repository/org/apache/ozone/hdds-tools/1.3.0-SNAPSHOT/hdds-tools-1.3.0-SNAPSHOT.jar:/home/runner/.m2/repository/commons-cli/commons-cli/1.2/commons-cli-1.2.jar:/home/runner/.m2/repository/org/apache/commons/commons-lang3/3.7/commons-lang3-3.7.jar:/home/runner/.m2/repository/org/apache/ozone/ozone-manager/1.3.0-SNAPSHOT/ozone-manager-1.3.0-SNAPSHOT-tests.jar:/home/runner/.m2/repository/org/apache/ozone/hdds-common/1.3.0-SNAPSHOT/hdds-common-1.3.0-SNAPSHOT-tests.jar:/home/runner/.m2/repository/org/apache/ozone/hdds-hadoop-dependency-client/1.3.0-SNAPSHOT/hdds-hadoop-dependency-client-1.3.0-SNAPSHOT.jar:/home/runner/.m2/repository/info/picocli/picocli/4.6.1/picocli-4.6.1.jar:/home/runner/.m2/repository/com/fasterxml/jackson/core/jackson-annotations/2.12.1/jackson-annotations-2.12.1.jar:/home/runner/.m2/repository/javax/annotation/javax.annotation-api/1.2/javax.annotation-api-1.2.jar:/home/runner/.m2/repository/org/apache/ratis/ratis-server/2.2.0/ratis-server-2.2.0.jar:/home/runner/.m2/repository/org/apache/ratis/ratis-client/2.2.0/ratis-client-2.2.0.jar:/home/runner/.m2/repository/org/apache/ratis/ratis-server-api/2.2.0/ratis-server-api-2.2.0.jar:/home/runner/.m2/repository/org/apache/ratis/ratis-metrics/2.2.0/ratis-metrics-2.2.0.jar:/home/runner/.m2/repository/org/apache/ratis/ratis-netty/2.2.0/ratis-netty-2.2.0.jar:/home/runner/.m2/repository/org/apache/ratis/ratis-grpc/2.2.0/ratis-grpc-2.2.0.jar:/home/runner/.m2/repository/org/apache/logging/log4j/log4j-api/2.17.1/log4j-api-2.17.1.jar:/home/runner/.m2/repository/org/apache/logging/log4j/log4j-core/2.17.1/log4j-core-2.17.1.jar:/home/runner/.m2/repository/com/lmax/disruptor/3.4.2/disruptor-3.4.2.jar:/home/runner/.m2/repository/org/apache/commons/commons-pool2/2.6.0/commons-pool2-2.6.0.jar:/home/runner/.m2/repository/org/bouncycastle/bcpkix-jdk15on/1.67/bcpkix-jdk15on-1.67.jar:/home/runner/.m2/repository/commons-validator/commons-validator/1.6/commons-validator-1.6.jar:/home/runner/.m2/repository/commons-beanutils/commons-beanutils/1.9.4/commons-beanutils-1.9.4.jar:/home/runner/.m2/repository/commons-digester/commons-digester/1.8.1/commons-digester-1.8.1.jar:/home/runner/.m2/repository/commons-collections/commons-collections/3.2.2/commons-collections-3.2.2.jar:/home/runner/.m2/repository/io/jaegertracing/jaeger-client/1.6.0/jaeger-client-1.6.0.jar:/home/runner/.m2/repository/io/jaegertracing/jaeger-thrift/1.6.0/jaeger-thrift-1.6.0.jar:/home/runner/.m2/repository/org/apache/thrift/libthrift/0.14.1/libthrift-0.14.1.jar:/home/runner/.m2/repository/com/squareup/okhttp3/okhttp/4.9.0/okhttp-4.9.0.jar:/home/runner/.m2/repository/com/squareup/okio/okio/2.8.0/okio-2.8.0.jar:/home/runner/.m2/repository/io/jaegertracing/jaeger-core/1.6.0/jaeger-core-1.6.0.jar:/home/runner/.m2/repository/io/jaegertracing/jaeger-tracerresolver/1.6.0/jaeger-tracerresolver-1.6.0.jar:/home/runner/.m2/repository/io/opentracing/contrib/opentracing-tracerresolver/0.1.8/opentracing-tracerresolver-0.1.8.jar:/home/runner/.m2/repository/org/jetbrains/kotlin/kotlin-stdlib/1.4.31/kotlin-stdlib-1.4.31.jar:/home/runner/.m2/repository/org/jetbrains/kotlin/kotlin-stdlib-common/1.4.31/kotlin-stdlib-common-1.4.31.jar:/home/runner/.m2/repository/org/jetbrains/annotations/13.0/annotations-13.0.jar:/home/runner/.m2/repository/io/opentracing/opentracing-util/0.33.0/opentracing-util-0.33.0.jar:/home/runner/.m2/repository/io/opentracing/opentracing-api/0.33.0/opentracing-api-0.33.0.jar:/home/runner/.m2/repository/io/opentracing/opentracing-noop/0.33.0/opentracing-noop-0.33.0.jar:/home/runner/.m2/repository/org/yaml/snakeyaml/1.26/snakeyaml-1.26.jar:/home/runner/.m2/repository/org/apache/ozone/hdds-interface-admin/1.3.0-SNAPSHOT/hdds-interface-admin-1.3.0-SNAPSHOT.jar:/home/runner/.m2/repository/junit/junit/4.13.1/junit-4.13.1.jar:/home/runner/.m2/repository/org/hamcrest/hamcrest-core/1.3/hamcrest-core-1.3.jar:/home/runner/.m2/repository/org/junit/jupiter/junit-jupiter-api/5.7.0/junit-jupiter-api-5.7.0.jar:/home/runner/.m2/repository/org/apiguardian/apiguardian-api/1.1.0/apiguardian-api-1.1.0.jar:/home/runner/.m2/repository/org/opentest4j/opentest4j/1.2.0/opentest4j-1.2.0.jar:/home/runner/.m2/repository/org/junit/platform/junit-platform-commons/1.7.0/junit-platform-commons-1.7.0.jar:/home/runner/.m2/repository/org/junit/jupiter/junit-jupiter-engine/5.7.0/junit-jupiter-engine-5.7.0.jar:/home/runner/.m2/repository/org/junit/platform/junit-platform-engine/1.7.0/junit-platform-engine-1.7.0.jar:/home/runner/.m2/repository/org/junit/vintage/junit-vintage-engine/5.7.0/junit-vintage-engine-5.7.0.jar:/home/runner/.m2/repository/org/junit/platform/junit-platform-launcher/1.7.0/junit-platform-launcher-1.7.0.jar:/home/runner/.m2/repository/org/openjdk/jmh/jmh-core/1.19/jmh-core-1.19.jar:/home/runner/.m2/repository/net/sf/jopt-simple/jopt-simple/4.6/jopt-simple-4.6.jar:/home/runner/.m2/repository/org/apache/commons/commons-math3/3.1.1/commons-math3-3.1.1.jar:/home/runner/.m2/repository/org/openjdk/jmh/jmh-generator-annprocess/1.19/jmh-generator-annprocess-1.19.jar:/home/runner/.m2/repository/org/mockito/mockito-core/2.28.2/mockito-core-2.28.2.jar:/home/runner/.m2/repository/net/bytebuddy/byte-buddy/1.9.10/byte-buddy-1.9.10.jar:/home/runner/.m2/repository/net/bytebuddy/byte-buddy-agent/1.9.10/byte-buddy-agent-1.9.10.jar:/home/runner/.m2/repository/org/objenesis/objenesis/1.0/objenesis-1.0.jar:/home/runner/.m2/repository/org/apache/hadoop/hadoop-kms/3.3.1/hadoop-kms-3.3.1.jar:/home/runner/.m2/repository/org/apache/hadoop/hadoop-auth/3.3.1/hadoop-auth-3.3.1.jar:/home/runner/.m2/repository/com/nimbusds/nimbus-jose-jwt/7.9/nimbus-jose-jwt-7.9.jar:/home/runner/.m2/repository/com/github/stephenc/jcip/jcip-annotations/1.0-1/jcip-annotations-1.0-1.jar:/home/runner/.m2/repository/net/minidev/json-smart/2.3.1/json-smart-2.3.1.jar:/home/runner/.m2/repository/net/minidev/accessors-smart/2.3.1/accessors-smart-2.3.1.jar:/home/runner/.m2/repository/org/ow2/asm/asm/5.0.4/asm-5.0.4.jar:/home/runner/.m2/repository/org/apache/zookeeper/zookeeper/3.5.6/zookeeper-3.5.6.jar:/home/runner/.m2/repository/org/apache/zookeeper/zookeeper-jute/3.5.6/zookeeper-jute-3.5.6.jar:/home/runner/.m2/repository/org/apache/yetus/audience-annotations/0.5.0/audience-annotations-0.5.0.jar:/home/runner/.m2/repository/org/apache/curator/curator-framework/4.2.0/curator-framework-4.2.0.jar:/home/runner/.m2/repository/org/apache/hadoop/thirdparty/hadoop-shaded-guava/1.1.1/hadoop-shaded-guava-1.1.1.jar:/home/runner/.m2/repository/com/sun/jersey/jersey-core/1.19/jersey-core-1.19.jar:/home/runner/.m2/repository/javax/ws/rs/jsr311-api/1.1.1/jsr311-api-1.1.1.jar:/home/runner/.m2/repository/com/sun/jersey/jersey-server/1.19/jersey-server-1.19.jar:/home/runner/.m2/repository/javax/servlet/javax.servlet-api/3.1.0/javax.servlet-api-3.1.0.jar:/home/runner/.m2/repository/org/eclipse/jetty/jetty-server/9.4.43.v20210629/jetty-server-9.4.43.v20210629.jar:/home/runner/.m2/repository/org/eclipse/jetty/jetty-http/9.4.43.v20210629/jetty-http-9.4.43.v20210629.jar:/home/runner/.m2/repository/org/eclipse/jetty/jetty-io/9.4.43.v20210629/jetty-io-9.4.43.v20210629.jar:/home/runner/.m2/repository/org/eclipse/jetty/jetty-webapp/9.4.43.v20210629/jetty-webapp-9.4.43.v20210629.jar:/home/runner/.m2/repository/org/eclipse/jetty/jetty-xml/9.4.43.v20210629/jetty-xml-9.4.43.v20210629.jar:/home/runner/.m2/repository/org/apache/hadoop/hadoop-common/3.3.1/hadoop-common-3.3.1.jar:/home/runner/.m2/repository/commons-net/commons-net/3.6/commons-net-3.6.jar:/home/runner/.m2/repository/jakarta/activation/jakarta.activation-api/1.2.1/jakarta.activation-api-1.2.1.jar:/home/runner/.m2/repository/com/sun/jersey/jersey-servlet/1.19/jersey-servlet-1.19.jar:/home/runner/.m2/repository/com/sun/jersey/jersey-json/1.19/jersey-json-1.19.jar:/home/runner/.m2/repository/org/codehaus/jettison/jettison/1.1/jettison-1.1.jar:/home/runner/.m2/repository/com/sun/xml/bind/jaxb-impl/2.2.3-1/jaxb-impl-2.2.3-1.jar:/home/runner/.m2/repository/org/codehaus/jackson/jackson-jaxrs/1.9.2/jackson-jaxrs-1.9.2.jar:/home/runner/.m2/repository/org/codehaus/jackson/jackson-xc/1.9.2/jackson-xc-1.9.2.jar:/home/runner/.m2/repository/org/apache/commons/commons-configuration2/2.1.1/commons-configuration2-2.1.1.jar:/home/runner/.m2/repository/org/apache/commons/commons-text/1.4/commons-text-1.4.jar:/home/runner/.m2/repository/com/google/re2j/re2j/1.1/re2j-1.1.jar:/home/runner/.m2/repository/com/jcraft/jsch/0.1.54/jsch-0.1.54.jar:/home/runner/.m2/repository/org/apache/curator/curator-client/4.2.0/curator-client-4.2.0.jar:/home/runner/.m2/repository/org/apache/curator/curator-recipes/4.2.0/curator-recipes-4.2.0.jar:/home/runner/.m2/repository/org/apache/kerby/kerb-core/1.0.1/kerb-core-1.0.1.jar:/home/runner/.m2/repository/org/apache/kerby/kerby-pkix/1.0.1/kerby-pkix-1.0.1.jar:/home/runner/.m2/repository/org/apache/kerby/kerby-asn1/1.0.1/kerby-asn1-1.0.1.jar:/home/runner/.m2/repository/org/apache/kerby/kerby-util/1.0.1/kerby-util-1.0.1.jar:/home/runner/.m2/repository/dnsjava/dnsjava/2.1.7/dnsjava-2.1.7.jar:/home/runner/.m2/repository/org/xerial/snappy/snappy-java/1.1.8.2/snappy-java-1.1.8.2.jar:/home/runner/.m2/repository/org/slf4j/jul-to-slf4j/1.7.30/jul-to-slf4j-1.7.30.jar:/home/runner/.m2/repository/org/eclipse/jetty/jetty-util/9.4.43.v20210629/jetty-util-9.4.43.v20210629.jar:/home/runner/.m2/repository/com/fasterxml/jackson/core/jackson-databind/2.12.1/jackson-databind-2.12.1.jar:/home/runner/.m2/repository/org/apache/hadoop/hadoop-kms/3.3.1/hadoop-kms-3.3.1-tests.jar:/home/runner/.m2/repository/org/apache/ozone/hdds-server-scm/1.3.0-SNAPSHOT/hdds-server-scm-1.3.0-SNAPSHOT-tests.jar:/home/runner/.m2/repository/org/apache/ozone/hdds-container-service/1.3.0-SNAPSHOT/hdds-container-service-1.3.0-SNAPSHOT-tests.jar:/home/runner/.m2/repository/commons-codec/commons-codec/1.11/commons-codec-1.11.jar:/home/runner/.m2/repository/io/netty/netty-transport/4.1.63.Final/netty-transport-4.1.63.Final.jar:/home/runner/.m2/repository/io/netty/netty-resolver/4.1.63.Final/netty-resolver-4.1.63.Final.jar:/home/runner/.m2/repository/io/netty/netty-codec/4.1.63.Final/netty-codec-4.1.63.Final.jar:/home/runner/.m2/repository/io/netty/netty-handler/4.1.63.Final/netty-handler-4.1.63.Final.jar:/home/runner/.m2/repository/org/apache/ozone/hdds-hadoop-dependency-test/1.3.0-SNAPSHOT/hdds-hadoop-dependency-test-1.3.0-SNAPSHOT.jar:/home/runner/.m2/repository/org/apache/hadoop/hadoop-common/3.3.1/hadoop-common-3.3.1-tests.jar:/home/runner/.m2/repository/org/assertj/assertj-core/3.12.2/assertj-core-3.12.2.jar:/home/runner/.m2/repository/org/apache/hadoop/hadoop-hdfs/3.3.1/hadoop-hdfs-3.3.1-tests.jar:/home/runner/.m2/repository/org/eclipse/jetty/jetty-util-ajax/9.4.43.v20210629/jetty-util-ajax-9.4.43.v20210629.jar:/home/runner/.m2/repository/commons-daemon/commons-daemon/1.0.13/commons-daemon-1.0.13.jar:/home/runner/.m2/repository/io/netty/netty/3.10.6.Final/netty-3.10.6.Final.jar:/home/runner/.m2/repository/io/netty/netty-all/4.1.63.Final/netty-all-4.1.63.Final.jar:/home/runner/.m2/repository/org/apache/htrace/htrace-core4/4.1.0-incubating/htrace-core4-4.1.0-incubating.jar:/home/runner/.m2/repository/org/fusesource/leveldbjni/leveldbjni-all/1.8/leveldbjni-all-1.8.jar:/home/runner/.m2/repository/org/apache/hadoop/hadoop-distcp/3.3.1/hadoop-distcp-3.3.1.jar:/home/runner/.m2/repository/org/apache/hadoop/hadoop-mapreduce-client-jobclient/3.3.1/hadoop-mapreduce-client-jobclient-3.3.1.jar:/home/runner/.m2/repository/org/apache/hadoop/hadoop-mapreduce-client-common/3.3.1/hadoop-mapreduce-client-common-3.3.1.jar:/home/runner/.m2/repository/org/apache/hadoop/hadoop-yarn-common/3.3.1/hadoop-yarn-common-3.3.1.jar:/home/runner/.m2/repository/org/apache/hadoop/hadoop-yarn-api/3.3.1/hadoop-yarn-api-3.3.1.jar:/home/runner/.m2/repository/com/sun/jersey/jersey-client/1.19/jersey-client-1.19.jar:/home/runner/.m2/repository/com/sun/jersey/contribs/jersey-guice/1.19/jersey-guice-1.19.jar:/home/runner/.m2/repository/com/fasterxml/jackson/jaxrs/jackson-jaxrs-json-provider/2.12.1/jackson-jaxrs-json-provider-2.12.1.jar:/home/runner/.m2/repository/com/fasterxml/jackson/jaxrs/jackson-jaxrs-base/2.12.1/jackson-jaxrs-base-2.12.1.jar:/home/runner/.m2/repository/org/apache/hadoop/hadoop-yarn-client/3.3.1/hadoop-yarn-client-3.3.1.jar:/home/runner/.m2/repository/org/eclipse/jetty/websocket/websocket-client/9.4.40.v20210413/websocket-client-9.4.40.v20210413.jar:/home/runner/.m2/repository/org/eclipse/jetty/jetty-client/9.4.40.v20210413/jetty-client-9.4.40.v20210413.jar:/home/runner/.m2/repository/org/eclipse/jetty/websocket/websocket-common/9.4.40.v20210413/websocket-common-9.4.40.v20210413.jar:/home/runner/.m2/repository/org/eclipse/jetty/websocket/websocket-api/9.4.40.v20210413/websocket-api-9.4.40.v20210413.jar:/home/runner/.m2/repository/org/jline/jline/3.9.0/jline-3.9.0.jar:/home/runner/.m2/repository/org/apache/hadoop/hadoop-mapreduce-client-core/3.3.1/hadoop-mapreduce-client-core-3.3.1.jar:/home/runner/.m2/repository/org/apache/avro/avro/1.7.7/avro-1.7.7.jar:/home/runner/.m2/repository/org/codehaus/jackson/jackson-core-asl/1.9.13/jackson-core-asl-1.9.13.jar:/home/runner/.m2/repository/org/codehaus/jackson/jackson-mapper-asl/1.9.13/jackson-mapper-asl-1.9.13.jar:/home/runner/.m2/repository/com/thoughtworks/paranamer/paranamer/2.3/paranamer-2.3.jar:/home/runner/.m2/repository/org/apache/hadoop/hadoop-annotations/3.3.1/hadoop-annotations-3.3.1.jar:/usr/lib/jvm/adoptopenjdk-8-hotspot-amd64/jre/../lib/tools.jar:/home/runner/.m2/repository/org/apache/hadoop/hadoop-distcp/3.3.1/hadoop-distcp-3.3.1-tests.jar:/home/runner/.m2/repository/org/apache/ratis/ratis-common/2.2.0/ratis-common-2.2.0.jar:/home/runner/.m2/repository/org/apache/ratis/ratis-thirdparty-misc/0.7.0/ratis-thirdparty-misc-0.7.0.jar:/home/runner/.m2/repository/org/apache/ratis/ratis-proto/2.2.0/ratis-proto-2.2.0.jar:"/>
    <property name="sun.cpu.endian" value="little"/>
    <property name="user.home" value="/home/runner"/>
    <property name="user.language" value="en"/>
    <property name="java.specification.vendor" value="Oracle Corporation"/>
    <property name="java.home" value="/usr/lib/jvm/adoptopenjdk-8-hotspot-amd64/jre"/>
    <property name="java.security.krb5.conf" value="/home/runner/work/ozone/ozone/hadoop-ozone/integration-test/target/test-classes/krb5.conf"/>
    <property name="basedir" value="/home/runner/work/ozone/ozone/hadoop-ozone/integration-test"/>
    <property name="file.separator" value="/"/>
    <property name="line.separator" value="&#10;"/>
    <property name="java.vm.specification.vendor" value="Oracle Corporation"/>
    <property name="java.specification.name" value="Java Platform API Specification"/>
    <property name="java.awt.graphicsenv" value="sun.awt.X11GraphicsEnvironment"/>
    <property name="skip.installnpx" value="true"/>
    <property name="surefire.real.class.path" value="/home/runner/work/ozone/ozone/hadoop-ozone/integration-test/target/surefire/surefirebooter7927976698742913666.jar:/home/runner/.m2/repository/org/jacoco/org.jacoco.agent/0.8.5/org.jacoco.agent-0.8.5-runtime.jar"/>
    <property name="hadoop.log.dir" value="/home/runner/work/ozone/ozone/hadoop-ozone/integration-test/target/log"/>
    <property name="sun.boot.class.path" value="/usr/lib/jvm/adoptopenjdk-8-hotspot-amd64/jre/lib/resources.jar:/usr/lib/jvm/adoptopenjdk-8-hotspot-amd64/jre/lib/rt.jar:/usr/lib/jvm/adoptopenjdk-8-hotspot-amd64/jre/lib/sunrsasign.jar:/usr/lib/jvm/adoptopenjdk-8-hotspot-amd64/jre/lib/jsse.jar:/usr/lib/jvm/adoptopenjdk-8-hotspot-amd64/jre/lib/jce.jar:/usr/lib/jvm/adoptopenjdk-8-hotspot-amd64/jre/lib/charsets.jar:/usr/lib/jvm/adoptopenjdk-8-hotspot-amd64/jre/lib/jfr.jar:/usr/lib/jvm/adoptopenjdk-8-hotspot-amd64/jre/classes"/>
    <property name="sun.management.compiler" value="HotSpot 64-Bit Tiered Compilers"/>
    <property name="skip.npx" value="true"/>
    <property name="java.runtime.version" value="1.8.0_292-b10"/>
    <property name="java.net.preferIPv4Stack" value="true"/>
    <property name="user.name" value="runner"/>
    <property name="path.separator" value=":"/>
    <property name="java.security.egd" value="file:///dev/urandom"/>
    <property name="os.version" value="5.4.0-1064-azure"/>
    <property name="java.endorsed.dirs" value="/usr/lib/jvm/adoptopenjdk-8-hotspot-amd64/jre/lib/endorsed"/>
    <property name="java.runtime.name" value="OpenJDK Runtime Environment"/>
    <property name="file.encoding" value="UTF-8"/>
    <property name="java.vm.name" value="OpenJDK 64-Bit Server VM"/>
    <property name="test.build.webapps" value=""/>
    <property name="localRepository" value="/home/runner/.m2/repository"/>
    <property name="java.vendor.url.bug" value="https://github.com/AdoptOpenJDK/openjdk-support/issues"/>
    <property name="java.io.tmpdir" value="/tmp"/>
    <property name="require.test.libhadoop" value=""/>
    <property name="java.version" value="1.8.0_292"/>
    <property name="user.dir" value="/home/runner/work/ozone/ozone/hadoop-ozone/integration-test"/>
    <property name="os.arch" value="amd64"/>
    <property name="java.vm.specification.name" value="Java Virtual Machine Specification"/>
    <property name="test.build.classes" value="/home/runner/work/ozone/ozone/hadoop-ozone/integration-test/target/test-classes"/>
    <property name="java.awt.printerjob" value="sun.print.PSPrinterJob"/>
    <property name="sun.os.patch.level" value="unknown"/>
    <property name="hadoop.tmp.dir" value="/home/runner/work/ozone/ozone/hadoop-ozone/integration-test/target/tmp"/>
    <property name="java.library.path" value="/usr/java/packages/lib/amd64:/usr/lib64:/lib64:/lib:/usr/lib"/>
    <property name="java.vm.info" value="mixed mode"/>
    <property name="java.vendor" value="AdoptOpenJDK"/>
    <property name="java.vm.version" value="25.292-b10"/>
    <property name="java.ext.dirs" value="/usr/lib/jvm/adoptopenjdk-8-hotspot-amd64/jre/lib/ext:/usr/java/packages/lib/ext"/>
    <property name="sun.io.unicode.encoding" value="UnicodeLittle"/>
    <property name="java.class.version" value="52.0"/>
  </properties>
  <testcase name="testInstallSnapshot" classname="org.apache.hadoop.ozone.scm.TestSCMInstallSnapshotWithHA" time="71.026"/>
  <testcase name="testInstallOldCheckpointFailure" classname="org.apache.hadoop.ozone.scm.TestSCMInstallSnapshotWithHA" time="69.098">
    <failure message="expected:&lt;(t:2, i:128)&gt; but was:&lt;(t:2, i:28)&gt;" type="java.lang.AssertionError"><![CDATA[java.lang.AssertionError: expected:<(t:2, i:128)> but was:<(t:2, i:28)>
	at org.junit.Assert.fail(Assert.java:89)
	at org.junit.Assert.failNotEquals(Assert.java:835)
	at org.junit.Assert.assertEquals(Assert.java:120)
	at org.junit.Assert.assertEquals(Assert.java:146)
	at org.apache.hadoop.ozone.scm.TestSCMInstallSnapshotWithHA.testInstallOldCheckpointFailure(TestSCMInstallSnapshotWithHA.java:207)
	at sun.reflect.NativeMethodAccessorImpl.invoke0(Native Method)
	at sun.reflect.NativeMethodAccessorImpl.invoke(NativeMethodAccessorImpl.java:62)
	at sun.reflect.DelegatingMethodAccessorImpl.invoke(DelegatingMethodAccessorImpl.java:43)
	at java.lang.reflect.Method.invoke(Method.java:498)
	at org.junit.platform.commons.util.ReflectionUtils.invokeMethod(ReflectionUtils.java:688)
	at org.junit.jupiter.engine.execution.MethodInvocation.proceed(MethodInvocation.java:60)
	at org.junit.jupiter.engine.execution.InvocationInterceptorChain$ValidatingInvocation.proceed(InvocationInterceptorChain.java:131)
	at org.junit.jupiter.engine.extension.TimeoutInvocation.proceed(TimeoutInvocation.java:46)
	at org.junit.jupiter.engine.extension.TimeoutExtension.intercept(TimeoutExtension.java:149)
	at org.junit.jupiter.engine.extension.TimeoutExtension.interceptTestableMethod(TimeoutExtension.java:140)
	at org.junit.jupiter.engine.extension.TimeoutExtension.interceptTestMethod(TimeoutExtension.java:84)
	at org.junit.jupiter.engine.execution.ExecutableInvoker$ReflectiveInterceptorCall.lambda$ofVoidMethod$0(ExecutableInvoker.java:115)
	at org.junit.jupiter.engine.execution.ExecutableInvoker.lambda$invoke$0(ExecutableInvoker.java:105)
	at org.junit.jupiter.engine.execution.InvocationInterceptorChain$InterceptedInvocation.proceed(InvocationInterceptorChain.java:106)
	at org.junit.jupiter.engine.execution.InvocationInterceptorChain.proceed(InvocationInterceptorChain.java:64)
	at org.junit.jupiter.engine.execution.InvocationInterceptorChain.chainAndInvoke(InvocationInterceptorChain.java:45)
	at org.junit.jupiter.engine.execution.InvocationInterceptorChain.invoke(InvocationInterceptorChain.java:37)
	at org.junit.jupiter.engine.execution.ExecutableInvoker.invoke(ExecutableInvoker.java:104)
	at org.junit.jupiter.engine.execution.ExecutableInvoker.invoke(ExecutableInvoker.java:98)
	at org.junit.jupiter.engine.descriptor.TestMethodTestDescriptor.lambda$invokeTestMethod$6(TestMethodTestDescriptor.java:210)
	at org.junit.platform.engine.support.hierarchical.ThrowableCollector.execute(ThrowableCollector.java:73)
	at org.junit.jupiter.engine.descriptor.TestMethodTestDescriptor.invokeTestMethod(TestMethodTestDescriptor.java:206)
	at org.junit.jupiter.engine.descriptor.TestMethodTestDescriptor.execute(TestMethodTestDescriptor.java:131)
	at org.junit.jupiter.engine.descriptor.TestMethodTestDescriptor.execute(TestMethodTestDescriptor.java:65)
	at org.junit.platform.engine.support.hierarchical.NodeTestTask.lambda$executeRecursively$5(NodeTestTask.java:139)
	at org.junit.platform.engine.support.hierarchical.ThrowableCollector.execute(ThrowableCollector.java:73)
	at org.junit.platform.engine.support.hierarchical.NodeTestTask.lambda$executeRecursively$7(NodeTestTask.java:129)
	at org.junit.platform.engine.support.hierarchical.Node.around(Node.java:137)
	at org.junit.platform.engine.support.hierarchical.NodeTestTask.lambda$executeRecursively$8(NodeTestTask.java:127)
	at org.junit.platform.engine.support.hierarchical.ThrowableCollector.execute(ThrowableCollector.java:73)
	at org.junit.platform.engine.support.hierarchical.NodeTestTask.executeRecursively(NodeTestTask.java:126)
	at org.junit.platform.engine.support.hierarchical.NodeTestTask.execute(NodeTestTask.java:84)
	at java.util.ArrayList.forEach(ArrayList.java:1259)
	at org.junit.platform.engine.support.hierarchical.SameThreadHierarchicalTestExecutorService.invokeAll(SameThreadHierarchicalTestExecutorService.java:38)
	at org.junit.platform.engine.support.hierarchical.NodeTestTask.lambda$executeRecursively$5(NodeTestTask.java:143)
	at org.junit.platform.engine.support.hierarchical.ThrowableCollector.execute(ThrowableCollector.java:73)
	at org.junit.platform.engine.support.hierarchical.NodeTestTask.lambda$executeRecursively$7(NodeTestTask.java:129)
	at org.junit.platform.engine.support.hierarchical.Node.around(Node.java:137)
	at org.junit.platform.engine.support.hierarchical.NodeTestTask.lambda$executeRecursively$8(NodeTestTask.java:127)
	at org.junit.platform.engine.support.hierarchical.ThrowableCollector.execute(ThrowableCollector.java:73)
	at org.junit.platform.engine.support.hierarchical.NodeTestTask.executeRecursively(NodeTestTask.java:126)
	at org.junit.platform.engine.support.hierarchical.NodeTestTask.execute(NodeTestTask.java:84)
	at java.util.ArrayList.forEach(ArrayList.java:1259)
	at org.junit.platform.engine.support.hierarchical.SameThreadHierarchicalTestExecutorService.invokeAll(SameThreadHierarchicalTestExecutorService.java:38)
	at org.junit.platform.engine.support.hierarchical.NodeTestTask.lambda$executeRecursively$5(NodeTestTask.java:143)
	at org.junit.platform.engine.support.hierarchical.ThrowableCollector.execute(ThrowableCollector.java:73)
	at org.junit.platform.engine.support.hierarchical.NodeTestTask.lambda$executeRecursively$7(NodeTestTask.java:129)
	at org.junit.platform.engine.support.hierarchical.Node.around(Node.java:137)
	at org.junit.platform.engine.support.hierarchical.NodeTestTask.lambda$executeRecursively$8(NodeTestTask.java:127)
	at org.junit.platform.engine.support.hierarchical.ThrowableCollector.execute(ThrowableCollector.java:73)
	at org.junit.platform.engine.support.hierarchical.NodeTestTask.executeRecursively(NodeTestTask.java:126)
	at org.junit.platform.engine.support.hierarchical.NodeTestTask.execute(NodeTestTask.java:84)
	at org.junit.platform.engine.support.hierarchical.SameThreadHierarchicalTestExecutorService.submit(SameThreadHierarchicalTestExecutorService.java:32)
	at org.junit.platform.engine.support.hierarchical.HierarchicalTestExecutor.execute(HierarchicalTestExecutor.java:57)
	at org.junit.platform.engine.support.hierarchical.HierarchicalTestEngine.execute(HierarchicalTestEngine.java:51)
	at org.junit.platform.launcher.core.EngineExecutionOrchestrator.execute(EngineExecutionOrchestrator.java:108)
	at org.junit.platform.launcher.core.EngineExecutionOrchestrator.execute(EngineExecutionOrchestrator.java:88)
	at org.junit.platform.launcher.core.EngineExecutionOrchestrator.lambda$execute$0(EngineExecutionOrchestrator.java:54)
	at org.junit.platform.launcher.core.EngineExecutionOrchestrator.withInterceptedStreams(EngineExecutionOrchestrator.java:67)
	at org.junit.platform.launcher.core.EngineExecutionOrchestrator.execute(EngineExecutionOrchestrator.java:52)
	at org.junit.platform.launcher.core.DefaultLauncher.execute(DefaultLauncher.java:96)
	at org.junit.platform.launcher.core.DefaultLauncher.execute(DefaultLauncher.java:75)
	at org.apache.maven.surefire.junitplatform.JUnitPlatformProvider.invokeAllTests(JUnitPlatformProvider.java:142)
	at org.apache.maven.surefire.junitplatform.JUnitPlatformProvider.invoke(JUnitPlatformProvider.java:113)
	at org.apache.maven.surefire.booter.ForkedBooter.invokeProviderInSameClassLoader(ForkedBooter.java:384)
	at org.apache.maven.surefire.booter.ForkedBooter.runSuitesInProcess(ForkedBooter.java:345)
	at org.apache.maven.surefire.booter.ForkedBooter.execute(ForkedBooter.java:126)
	at org.apache.maven.surefire.booter.ForkedBooter.main(ForkedBooter.java:418)
]]></failure>
    <system-out><![CDATA[2022-01-10 13:23:36,554 [EndpointStateMachine task thread for /127.0.0.1:14609 - 0 ] INFO  ipc.Client (Client.java:handleConnectionFailure(977)) - Retrying connect to server: localhost/127.0.0.1:14609. Already tried 6 time(s); retry policy is RetryUpToMaximumCountWithFixedSleep(maxRetries=15, sleepTime=1000 MILLISECONDS)
2022-01-10 13:23:36,554 [EndpointStateMachine task thread for /127.0.0.1:14629 - 0 ] INFO  ipc.Client (Client.java:handleConnectionFailure(977)) - Retrying connect to server: localhost/127.0.0.1:14629. Already tried 3 time(s); retry policy is RetryUpToMaximumCountWithFixedSleep(maxRetries=15, sleepTime=1000 MILLISECONDS)
2022-01-10 13:23:36,555 [EndpointStateMachine task thread for /127.0.0.1:14619 - 0 ] INFO  ipc.Client (Client.java:handleConnectionFailure(977)) - Retrying connect to server: localhost/127.0.0.1:14619. Already tried 3 time(s); retry policy is RetryUpToMaximumCountWithFixedSleep(maxRetries=15, sleepTime=1000 MILLISECONDS)
2022-01-10 13:23:36,578 [Listener at 127.0.0.1/10060] WARN  server.ServerUtils (ServerUtils.java:getScmDbDir(148)) - ozone.scm.db.dirs is not configured. We recommend adding this setting. Falling back to ozone.metadata.dirs instead.
2022-01-10 13:23:36,579 [Listener at 127.0.0.1/10060] INFO  ha.SCMHANodeDetails (SCMHANodeDetails.java:loadSCMHAConfig(157)) - ServiceID for StorageContainerManager is scm-service-test1
2022-01-10 13:23:36,579 [Listener at 127.0.0.1/10060] INFO  ha.SCMHANodeDetails (SCMHANodeDetails.java:loadSCMHAConfig(168)) - ServiceID for StorageContainerManager is scm-service-test1
2022-01-10 13:23:36,579 [Listener at 127.0.0.1/10060] WARN  scm.ScmUtils (ScmUtils.java:logWarn(179)) - ConfigKey ozone.scm.block.client.address is deprecated, For configuring different ports for each SCM use PortConfigKey ozone.scm.block.client.port appended with serviceId and nodeId. If want to configure same port configure ozone.scm.block.client.port
2022-01-10 13:23:36,579 [Listener at 127.0.0.1/10060] WARN  scm.ScmUtils (ScmUtils.java:logWarn(179)) - ConfigKey ozone.scm.client.address is deprecated, For configuring different ports for each SCM use PortConfigKey ozone.scm.client.port appended with serviceId and nodeId. If want to configure same port configure ozone.scm.client.port
2022-01-10 13:23:36,581 [Listener at 127.0.0.1/10060] WARN  scm.ScmUtils (ScmUtils.java:logWarn(179)) - ConfigKey ozone.scm.datanode.address is deprecated, For configuring different ports for each SCM use PortConfigKey ozone.scm.datanode.port appended with serviceId and nodeId. If want to configure same port configure ozone.scm.datanode.port
2022-01-10 13:23:36,581 [Listener at 127.0.0.1/10060] WARN  scm.ScmUtils (ScmUtils.java:logWarn(179)) - ConfigKey ozone.scm.block.client.address is deprecated, For configuring different ports for each SCM use PortConfigKey ozone.scm.block.client.port appended with serviceId and nodeId. If want to configure same port configure ozone.scm.block.client.port
2022-01-10 13:23:36,582 [Listener at 127.0.0.1/10060] WARN  scm.ScmUtils (ScmUtils.java:logWarn(179)) - ConfigKey ozone.scm.client.address is deprecated, For configuring different ports for each SCM use PortConfigKey ozone.scm.client.port appended with serviceId and nodeId. If want to configure same port configure ozone.scm.client.port
2022-01-10 13:23:36,582 [Listener at 127.0.0.1/10060] WARN  scm.ScmUtils (ScmUtils.java:logWarn(179)) - ConfigKey ozone.scm.datanode.address is deprecated, For configuring different ports for each SCM use PortConfigKey ozone.scm.datanode.port appended with serviceId and nodeId. If want to configure same port configure ozone.scm.datanode.port
2022-01-10 13:23:36,582 [Listener at 127.0.0.1/10060] INFO  ha.SCMHANodeDetails (SCMHANodeDetails.java:loadSCMHAConfig(250)) - Found matching SCM address with SCMServiceId: scm-service-test1, SCMNodeId: scmNode-1, RPC Address: localhost:12876 and Ratis port: 12876
2022-01-10 13:23:36,583 [Listener at 127.0.0.1/10060] INFO  ha.SCMHANodeDetails (ConfUtils.java:setNodeSpecificConfigs(108)) - Setting configuration key ozone.scm.datanode.address with value of key ozone.scm.datanode.address.scm-service-test1.scmNode-1: 127.0.0.1:12877
2022-01-10 13:23:36,583 [Listener at 127.0.0.1/10060] INFO  ha.SCMHANodeDetails (ConfUtils.java:setNodeSpecificConfigs(108)) - Setting configuration key ozone.scm.block.client.address with value of key ozone.scm.block.client.address.scm-service-test1.scmNode-1: 127.0.0.1:12878
2022-01-10 13:23:36,583 [Listener at 127.0.0.1/10060] INFO  ha.SCMHANodeDetails (ConfUtils.java:setNodeSpecificConfigs(108)) - Setting configuration key ozone.scm.client.address with value of key ozone.scm.client.address.scm-service-test1.scmNode-1: 127.0.0.1:12879
2022-01-10 13:23:36,583 [Listener at 127.0.0.1/10060] INFO  ha.SCMHANodeDetails (ConfUtils.java:setNodeSpecificConfigs(108)) - Setting configuration key ozone.scm.ratis.port with value of key ozone.scm.ratis.port.scm-service-test1.scmNode-1: 12876
2022-01-10 13:23:36,583 [Listener at 127.0.0.1/10060] INFO  ha.SCMHANodeDetails (ConfUtils.java:setNodeSpecificConfigs(108)) - Setting configuration key ozone.scm.grpc.port with value of key ozone.scm.grpc.port.scm-service-test1.scmNode-1: 12880
2022-01-10 13:23:36,583 [Listener at 127.0.0.1/10060] INFO  ha.SCMHANodeDetails (ConfUtils.java:setNodeSpecificConfigs(108)) - Setting configuration key ozone.scm.http-address with value of key ozone.scm.http-address.scm-service-test1.scmNode-1: 127.0.0.1:12874
2022-01-10 13:23:36,583 [Listener at 127.0.0.1/10060] INFO  ha.SCMHANodeDetails (ConfUtils.java:setNodeSpecificConfigs(108)) - Setting configuration key ozone.scm.https-address with value of key ozone.scm.https-address.scm-service-test1.scmNode-1: 127.0.0.1:12875
2022-01-10 13:23:36,583 [Listener at 127.0.0.1/10060] INFO  ha.SCMHANodeDetails (ConfUtils.java:setNodeSpecificConfigs(108)) - Setting configuration key ozone.scm.address with value of key ozone.scm.address.scm-service-test1.scmNode-1: 127.0.0.1
2022-01-10 13:23:36,583 [Listener at 127.0.0.1/10060] WARN  scm.ScmUtils (ScmUtils.java:logWarn(179)) - ConfigKey ozone.scm.block.client.address is deprecated, For configuring different ports for each SCM use PortConfigKey ozone.scm.block.client.port appended with serviceId and nodeId. If want to configure same port configure ozone.scm.block.client.port
2022-01-10 13:23:36,584 [Listener at 127.0.0.1/10060] WARN  scm.ScmUtils (ScmUtils.java:logWarn(179)) - ConfigKey ozone.scm.client.address is deprecated, For configuring different ports for each SCM use PortConfigKey ozone.scm.client.port appended with serviceId and nodeId. If want to configure same port configure ozone.scm.client.port
2022-01-10 13:23:36,584 [Listener at 127.0.0.1/10060] WARN  scm.ScmUtils (ScmUtils.java:logWarn(179)) - ConfigKey ozone.scm.datanode.address is deprecated, For configuring different ports for each SCM use PortConfigKey ozone.scm.datanode.port appended with serviceId and nodeId. If want to configure same port configure ozone.scm.datanode.port
2022-01-10 13:23:36,593 [Listener at 127.0.0.1/10060] INFO  server.RaftServer (ConfUtils.java:logGet(44)) - raft.rpc.type = GRPC (default)
2022-01-10 13:23:36,593 [Listener at 127.0.0.1/10060] INFO  grpc.GrpcFactory (GrpcFactory.java:checkPooledByteBufAllocatorUseCacheForAllThreads(48)) - PERFORMANCE WARNING: useCacheForAllThreads is true that may cause Netty to create a lot garbage objects and, as a result, trigger GC.
	It is recommended to disable useCacheForAllThreads by setting -Dorg.apache.ratis.thirdparty.io.netty.allocator.useCacheForAllThreads=false in command line.
2022-01-10 13:23:36,593 [Listener at 127.0.0.1/10060] INFO  grpc.GrpcConfigKeys (ConfUtils.java:logGet(44)) - raft.grpc.admin.port = -1 (default)
2022-01-10 13:23:36,594 [Listener at 127.0.0.1/10060] INFO  grpc.GrpcConfigKeys (ConfUtils.java:logGet(44)) - raft.grpc.server.port = 12876 (custom)
2022-01-10 13:23:36,594 [Listener at 127.0.0.1/10060] INFO  grpc.GrpcConfigKeys (ConfUtils.java:logGet(44)) - raft.grpc.client.port = -1 (default)
2022-01-10 13:23:36,594 [Listener at 127.0.0.1/10060] INFO  grpc.GrpcConfigKeys (ConfUtils.java:logGet(44)) - raft.grpc.server.port = 12876 (custom)
2022-01-10 13:23:36,594 [Listener at 127.0.0.1/10060] INFO  grpc.GrpcConfigKeys (ConfUtils.java:logGet(44)) - raft.grpc.server.port = 12876 (custom)
2022-01-10 13:23:36,594 [Listener at 127.0.0.1/10060] INFO  server.GrpcService (ConfUtils.java:logGet(44)) - raft.grpc.message.size.max = 32m (=33554432) (custom)
2022-01-10 13:23:36,594 [Listener at 127.0.0.1/10060] INFO  server.RaftServerConfigKeys (ConfUtils.java:logGet(44)) - raft.server.log.appender.buffer.byte-limit = 33554432 (custom)
2022-01-10 13:23:36,595 [Listener at 127.0.0.1/10060] INFO  server.GrpcService (ConfUtils.java:logGet(44)) - raft.grpc.flow.control.window = 1MB (=1048576) (default)
2022-01-10 13:23:36,595 [Listener at 127.0.0.1/10060] INFO  server.RaftServerConfigKeys (ConfUtils.java:logGet(44)) - raft.server.rpc.request.timeout = 30000ms (custom)
2022-01-10 13:23:36,603 [Listener at 127.0.0.1/10060] INFO  impl.DataStreamServerImpl (ConfUtils.java:logGet(44)) - raft.datastream.type = DISABLED (default)
2022-01-10 13:23:36,603 [Listener at 127.0.0.1/10060] INFO  server.RaftServerConfigKeys (ConfUtils.java:logGet(44)) - raft.server.rpc.slowness.timeout = 120000ms (custom)
2022-01-10 13:23:36,604 [Listener at 127.0.0.1/10060] INFO  server.RaftServerConfigKeys (ConfUtils.java:logGet(44)) - raft.server.leaderelection.leader.step-down.wait-time = 10s (default)
2022-01-10 13:23:36,604 [Listener at 127.0.0.1/10060] INFO  server.RaftServerConfigKeys (ConfUtils.java:logGet(44)) - raft.server.storage.dir = [/home/runner/work/ozone/ozone/hadoop-ozone/integration-test/target/test-dir/MiniOzoneClusterImpl-4961146f-9f28-4cba-af76-74f7029fd382/scmNode-1/scm-ha] (custom)
2022-01-10 13:23:36,605 [Listener at 127.0.0.1/10060] INFO  server.RaftServer (RaftServerProxy.java:addNew(95)) - 7fcd8313-8ccc-4d12-b0b9-018c7cf319d8: addNew group-74F7029FD382:[7fcd8313-8ccc-4d12-b0b9-018c7cf319d8|rpc:localhost:12876|priority:0] returns group-74F7029FD382:java.util.concurrent.CompletableFuture@11084cb5[Not completed]
2022-01-10 13:23:36,614 [pool-195-thread-1] INFO  server.RaftServer$Division (RaftServerImpl.java:<init>(184)) - 7fcd8313-8ccc-4d12-b0b9-018c7cf319d8: new RaftServerImpl for group-74F7029FD382:[7fcd8313-8ccc-4d12-b0b9-018c7cf319d8|rpc:localhost:12876|priority:0] with SCMStateMachine:uninitialized
2022-01-10 13:23:36,617 [pool-195-thread-1] INFO  server.RaftServerConfigKeys (ConfUtils.java:logGet(44)) - raft.server.rpc.timeout.min = 5000ms (custom)
2022-01-10 13:23:36,617 [pool-195-thread-1] INFO  server.RaftServerConfigKeys (ConfUtils.java:logGet(44)) - raft.server.rpc.timeout.max = 5200ms (custom)
2022-01-10 13:23:36,617 [pool-195-thread-1] INFO  server.RaftServerConfigKeys (ConfUtils.java:logGet(44)) - raft.server.rpc.sleep.time = 25ms (default)
2022-01-10 13:23:36,617 [pool-195-thread-1] INFO  server.RaftServerConfigKeys (ConfUtils.java:logGet(44)) - raft.server.rpc.slowness.timeout = 120000ms (custom)
2022-01-10 13:23:36,617 [pool-195-thread-1] INFO  server.RaftServerConfigKeys (ConfUtils.java:logGet(44)) - raft.server.leaderelection.leader.step-down.wait-time = 10s (default)
2022-01-10 13:23:36,618 [pool-195-thread-1] INFO  server.RaftServerConfigKeys (ConfUtils.java:logGet(44)) - raft.server.sleep.deviation.threshold = 300ms (default)
2022-01-10 13:23:36,618 [pool-195-thread-1] INFO  server.RaftServerConfigKeys (ConfUtils.java:logGet(44)) - raft.server.log.appender.install.snapshot.enabled = false (custom)
2022-01-10 13:23:36,618 [pool-195-thread-1] INFO  server.RaftServer$Division (ServerState.java:<init>(105)) - 7fcd8313-8ccc-4d12-b0b9-018c7cf319d8@group-74F7029FD382: ConfigurationManager, init=-1: [7fcd8313-8ccc-4d12-b0b9-018c7cf319d8|rpc:localhost:12876|priority:0], old=null, confs=<EMPTY_MAP>
2022-01-10 13:23:36,618 [pool-195-thread-1] INFO  server.RaftServerConfigKeys (ConfUtils.java:logGet(44)) - raft.server.storage.dir = [/home/runner/work/ozone/ozone/hadoop-ozone/integration-test/target/test-dir/MiniOzoneClusterImpl-4961146f-9f28-4cba-af76-74f7029fd382/scmNode-1/scm-ha] (custom)
2022-01-10 13:23:36,618 [pool-195-thread-1] INFO  server.RaftServerConfigKeys (ConfUtils.java:logGet(44)) - raft.server.log.corruption.policy = EXCEPTION (default)
2022-01-10 13:23:36,618 [pool-195-thread-1] INFO  server.RaftServerConfigKeys (ConfUtils.java:logGet(44)) - raft.server.storage.free-space.min = 0MB (=0) (default)
2022-01-10 13:23:36,618 [pool-195-thread-1] INFO  storage.RaftStorageDirectory (RaftStorageDirectoryImpl.java:analyzeStorage(135)) - The storage directory /home/runner/work/ozone/ozone/hadoop-ozone/integration-test/target/test-dir/MiniOzoneClusterImpl-4961146f-9f28-4cba-af76-74f7029fd382/scmNode-1/scm-ha/4961146f-9f28-4cba-af76-74f7029fd382 does not exist. Creating ...
2022-01-10 13:23:36,619 [pool-195-thread-1] INFO  storage.RaftStorageDirectory (RaftStorageDirectoryImpl.java:tryLock(230)) - Lock on /home/runner/work/ozone/ozone/hadoop-ozone/integration-test/target/test-dir/MiniOzoneClusterImpl-4961146f-9f28-4cba-af76-74f7029fd382/scmNode-1/scm-ha/4961146f-9f28-4cba-af76-74f7029fd382/in_use.lock acquired by nodename 8207@fv-az12-360
2022-01-10 13:23:36,621 [pool-195-thread-1] INFO  storage.RaftStorage (RaftStorageImpl.java:format(89)) - Storage directory /home/runner/work/ozone/ozone/hadoop-ozone/integration-test/target/test-dir/MiniOzoneClusterImpl-4961146f-9f28-4cba-af76-74f7029fd382/scmNode-1/scm-ha/4961146f-9f28-4cba-af76-74f7029fd382 has been successfully formatted.
2022-01-10 13:23:36,621 [pool-195-thread-1] INFO  server.RaftServerConfigKeys (ConfUtils.java:logGet(44)) - raft.server.notification.no-leader.timeout = 60s (default)
2022-01-10 13:23:36,621 [pool-195-thread-1] INFO  server.RaftServerConfigKeys (ConfUtils.java:logGet(44)) - raft.server.log.use.memory = false (default)
2022-01-10 13:23:36,621 [pool-195-thread-1] INFO  server.RaftServerConfigKeys (ConfUtils.java:logGet(44)) - raft.server.log.purge.gap = 5 (custom)
2022-01-10 13:23:36,621 [pool-195-thread-1] INFO  server.RaftServerConfigKeys (ConfUtils.java:logGet(44)) - raft.server.log.appender.buffer.byte-limit = 33554432 (custom)
2022-01-10 13:23:36,621 [pool-195-thread-1] INFO  server.RaftServerConfigKeys (ConfUtils.java:logGet(44)) - raft.server.log.segment.size.max = 4194304 (custom)
2022-01-10 13:23:36,622 [pool-195-thread-1] INFO  server.RaftServerConfigKeys (ConfUtils.java:logGet(44)) - raft.server.log.segment.cache.num.max = 2 (custom)
2022-01-10 13:23:36,622 [pool-195-thread-1] INFO  server.RaftServerConfigKeys (ConfUtils.java:logGet(44)) - raft.server.log.segment.cache.size.max = 200MB (=209715200) (default)
2022-01-10 13:23:36,622 [pool-195-thread-1] INFO  segmented.SegmentedRaftLogWorker (SegmentedRaftLogWorker.java:<init>(182)) - new 7fcd8313-8ccc-4d12-b0b9-018c7cf319d8@group-74F7029FD382-SegmentedRaftLogWorker for RaftStorageImpl:Storage Directory /home/runner/work/ozone/ozone/hadoop-ozone/integration-test/target/test-dir/MiniOzoneClusterImpl-4961146f-9f28-4cba-af76-74f7029fd382/scmNode-1/scm-ha/4961146f-9f28-4cba-af76-74f7029fd382
2022-01-10 13:23:36,622 [pool-195-thread-1] INFO  server.RaftServerConfigKeys (ConfUtils.java:logGet(44)) - raft.server.log.queue.byte-limit = 64MB (=67108864) (default)
2022-01-10 13:23:36,622 [pool-195-thread-1] INFO  server.RaftServerConfigKeys (ConfUtils.java:logGet(44)) - raft.server.log.queue.element-limit = 4096 (default)
2022-01-10 13:23:36,622 [pool-195-thread-1] INFO  server.RaftServerConfigKeys (ConfUtils.java:logGet(44)) - raft.server.log.segment.size.max = 4194304 (custom)
2022-01-10 13:23:36,622 [pool-195-thread-1] INFO  server.RaftServerConfigKeys (ConfUtils.java:logGet(44)) - raft.server.log.preallocated.size = 4194304 (custom)
2022-01-10 13:23:36,622 [pool-195-thread-1] INFO  server.RaftServerConfigKeys (ConfUtils.java:logGet(44)) - raft.server.log.force.sync.num = 128 (default)
2022-01-10 13:23:36,622 [pool-195-thread-1] INFO  server.RaftServerConfigKeys (ConfUtils.java:logGet(44)) - raft.server.log.statemachine.data.sync = true (default)
2022-01-10 13:23:36,622 [pool-195-thread-1] INFO  server.RaftServerConfigKeys (ConfUtils.java:logGet(44)) - raft.server.log.statemachine.data.sync.timeout = 10s (default)
2022-01-10 13:23:36,622 [pool-195-thread-1] INFO  server.RaftServerConfigKeys (ConfUtils.java:logGet(44)) - raft.server.log.statemachine.data.sync.timeout.retry = -1 (default)
2022-01-10 13:23:36,623 [pool-195-thread-1] INFO  server.RaftServerConfigKeys (ConfUtils.java:logGet(44)) - raft.server.log.write.buffer.size = 64KB (=65536) (default)
2022-01-10 13:23:36,623 [pool-195-thread-1] INFO  server.RaftServerConfigKeys (ConfUtils.java:logGet(44)) - raft.server.log.statemachine.data.caching.enabled = false (default)
2022-01-10 13:23:36,623 [pool-195-thread-1] INFO  segmented.SegmentedRaftLogWorker (SegmentedRaftLogWorker.java:lambda$new$0(133)) - 7fcd8313-8ccc-4d12-b0b9-018c7cf319d8@group-74F7029FD382-SegmentedRaftLogWorker: flushIndex: setUnconditionally 0 -> -1
2022-01-10 13:23:36,623 [pool-195-thread-1] INFO  segmented.SegmentedRaftLogWorker (SegmentedRaftLogWorker.java:lambda$new$0(133)) - 7fcd8313-8ccc-4d12-b0b9-018c7cf319d8@group-74F7029FD382-SegmentedRaftLogWorker: safeCacheEvictIndex: setUnconditionally 0 -> -1
2022-01-10 13:23:36,629 [pool-195-thread-1] INFO  server.RaftServerConfigKeys (ConfUtils.java:logGet(44)) - raft.server.snapshot.auto.trigger.enabled = true (custom)
2022-01-10 13:23:36,629 [pool-195-thread-1] INFO  server.RaftServerConfigKeys (ConfUtils.java:logGet(44)) - raft.server.snapshot.auto.trigger.threshold = 5 (custom)
2022-01-10 13:23:36,629 [pool-195-thread-1] INFO  server.RaftServerConfigKeys (ConfUtils.java:logGet(44)) - raft.server.snapshot.retention.file.num = -1 (default)
2022-01-10 13:23:36,629 [pool-195-thread-1] INFO  server.RaftServerConfigKeys (ConfUtils.java:logGet(44)) - raft.server.log.purge.upto.snapshot.index = true (custom)
2022-01-10 13:23:36,629 [pool-195-thread-1] INFO  server.RaftServerConfigKeys (ConfUtils.java:logGet(44)) - raft.server.retrycache.expirytime = 60000ms (default)
2022-01-10 13:23:36,629 [pool-195-thread-1] INFO  server.RaftServerConfigKeys (ConfUtils.java:logGet(44)) - raft.server.retrycache.statistics.expirytime = 100μs (default)
2022-01-10 13:23:36,630 [Listener at 127.0.0.1/10060] INFO  server.RaftServer$Division (RaftServerImpl.java:start(301)) - 7fcd8313-8ccc-4d12-b0b9-018c7cf319d8@group-74F7029FD382: start as a follower, conf=-1: [7fcd8313-8ccc-4d12-b0b9-018c7cf319d8|rpc:localhost:12876|priority:0], old=null
2022-01-10 13:23:36,630 [Listener at 127.0.0.1/10060] INFO  server.RaftServer$Division (RaftServerImpl.java:setRole(290)) - 7fcd8313-8ccc-4d12-b0b9-018c7cf319d8@group-74F7029FD382: changes role from      null to FOLLOWER at term 0 for startAsFollower
2022-01-10 13:23:36,630 [Listener at 127.0.0.1/10060] INFO  impl.RoleInfo (RoleInfo.java:updateAndGet(130)) - 7fcd8313-8ccc-4d12-b0b9-018c7cf319d8: start 7fcd8313-8ccc-4d12-b0b9-018c7cf319d8@group-74F7029FD382-FollowerState
2022-01-10 13:23:36,635 [Listener at 127.0.0.1/10060] INFO  util.JmxRegister (JmxRegister.java:tryRegister(44)) - Successfully registered JMX Bean with object name Ratis:service=RaftServer,group=group-74F7029FD382,id=7fcd8313-8ccc-4d12-b0b9-018c7cf319d8
2022-01-10 13:23:36,636 [Listener at 127.0.0.1/10060] INFO  server.RaftServer (RaftServerProxy.java:lambda$start$5(374)) - 7fcd8313-8ccc-4d12-b0b9-018c7cf319d8: start RPC server
2022-01-10 13:23:36,647 [Listener at 127.0.0.1/10060] INFO  server.GrpcService (GrpcService.java:startImpl(253)) - 7fcd8313-8ccc-4d12-b0b9-018c7cf319d8: GrpcService started, listening on 12876
2022-01-10 13:23:36,650 [org.apache.ratis.util.JvmPauseMonitor$$Lambda$500/2122256138@3cb4e32b] INFO  util.JvmPauseMonitor (JvmPauseMonitor.java:run(103)) - JvmPauseMonitor-7fcd8313-8ccc-4d12-b0b9-018c7cf319d8: Started
2022-01-10 13:23:37,554 [EndpointStateMachine task thread for /127.0.0.1:14609 - 0 ] INFO  ipc.Client (Client.java:handleConnectionFailure(977)) - Retrying connect to server: localhost/127.0.0.1:14609. Already tried 7 time(s); retry policy is RetryUpToMaximumCountWithFixedSleep(maxRetries=15, sleepTime=1000 MILLISECONDS)
2022-01-10 13:23:37,554 [EndpointStateMachine task thread for /127.0.0.1:14629 - 0 ] INFO  ipc.Client (Client.java:handleConnectionFailure(977)) - Retrying connect to server: localhost/127.0.0.1:14629. Already tried 4 time(s); retry policy is RetryUpToMaximumCountWithFixedSleep(maxRetries=15, sleepTime=1000 MILLISECONDS)
2022-01-10 13:23:37,555 [EndpointStateMachine task thread for /127.0.0.1:14619 - 0 ] INFO  ipc.Client (Client.java:handleConnectionFailure(977)) - Retrying connect to server: localhost/127.0.0.1:14619. Already tried 4 time(s); retry policy is RetryUpToMaximumCountWithFixedSleep(maxRetries=15, sleepTime=1000 MILLISECONDS)
2022-01-10 13:23:38,555 [EndpointStateMachine task thread for /127.0.0.1:14629 - 0 ] INFO  ipc.Client (Client.java:handleConnectionFailure(977)) - Retrying connect to server: localhost/127.0.0.1:14629. Already tried 5 time(s); retry policy is RetryUpToMaximumCountWithFixedSleep(maxRetries=15, sleepTime=1000 MILLISECONDS)
2022-01-10 13:23:38,561 [EndpointStateMachine task thread for /127.0.0.1:14609 - 0 ] INFO  ipc.Client (Client.java:handleConnectionFailure(977)) - Retrying connect to server: localhost/127.0.0.1:14609. Already tried 8 time(s); retry policy is RetryUpToMaximumCountWithFixedSleep(maxRetries=15, sleepTime=1000 MILLISECONDS)
2022-01-10 13:23:38,561 [EndpointStateMachine task thread for /127.0.0.1:14619 - 0 ] INFO  ipc.Client (Client.java:handleConnectionFailure(977)) - Retrying connect to server: localhost/127.0.0.1:14619. Already tried 5 time(s); retry policy is RetryUpToMaximumCountWithFixedSleep(maxRetries=15, sleepTime=1000 MILLISECONDS)
2022-01-10 13:23:39,556 [EndpointStateMachine task thread for /127.0.0.1:14629 - 0 ] INFO  ipc.Client (Client.java:handleConnectionFailure(977)) - Retrying connect to server: localhost/127.0.0.1:14629. Already tried 6 time(s); retry policy is RetryUpToMaximumCountWithFixedSleep(maxRetries=15, sleepTime=1000 MILLISECONDS)
2022-01-10 13:23:39,561 [EndpointStateMachine task thread for /127.0.0.1:14609 - 0 ] INFO  ipc.Client (Client.java:handleConnectionFailure(977)) - Retrying connect to server: localhost/127.0.0.1:14609. Already tried 9 time(s); retry policy is RetryUpToMaximumCountWithFixedSleep(maxRetries=15, sleepTime=1000 MILLISECONDS)
2022-01-10 13:23:39,562 [EndpointStateMachine task thread for /127.0.0.1:14619 - 0 ] INFO  ipc.Client (Client.java:handleConnectionFailure(977)) - Retrying connect to server: localhost/127.0.0.1:14619. Already tried 6 time(s); retry policy is RetryUpToMaximumCountWithFixedSleep(maxRetries=15, sleepTime=1000 MILLISECONDS)
2022-01-10 13:23:40,557 [EndpointStateMachine task thread for /127.0.0.1:14629 - 0 ] INFO  ipc.Client (Client.java:handleConnectionFailure(977)) - Retrying connect to server: localhost/127.0.0.1:14629. Already tried 7 time(s); retry policy is RetryUpToMaximumCountWithFixedSleep(maxRetries=15, sleepTime=1000 MILLISECONDS)
2022-01-10 13:23:40,562 [EndpointStateMachine task thread for /127.0.0.1:14609 - 0 ] INFO  ipc.Client (Client.java:handleConnectionFailure(977)) - Retrying connect to server: localhost/127.0.0.1:14609. Already tried 10 time(s); retry policy is RetryUpToMaximumCountWithFixedSleep(maxRetries=15, sleepTime=1000 MILLISECONDS)
2022-01-10 13:23:40,562 [EndpointStateMachine task thread for /127.0.0.1:14619 - 0 ] INFO  ipc.Client (Client.java:handleConnectionFailure(977)) - Retrying connect to server: localhost/127.0.0.1:14619. Already tried 7 time(s); retry policy is RetryUpToMaximumCountWithFixedSleep(maxRetries=15, sleepTime=1000 MILLISECONDS)
2022-01-10 13:23:41,559 [EndpointStateMachine task thread for /127.0.0.1:14629 - 0 ] INFO  ipc.Client (Client.java:handleConnectionFailure(977)) - Retrying connect to server: localhost/127.0.0.1:14629. Already tried 8 time(s); retry policy is RetryUpToMaximumCountWithFixedSleep(maxRetries=15, sleepTime=1000 MILLISECONDS)
2022-01-10 13:23:41,562 [EndpointStateMachine task thread for /127.0.0.1:14609 - 0 ] INFO  ipc.Client (Client.java:handleConnectionFailure(977)) - Retrying connect to server: localhost/127.0.0.1:14609. Already tried 11 time(s); retry policy is RetryUpToMaximumCountWithFixedSleep(maxRetries=15, sleepTime=1000 MILLISECONDS)
2022-01-10 13:23:41,563 [EndpointStateMachine task thread for /127.0.0.1:14619 - 0 ] INFO  ipc.Client (Client.java:handleConnectionFailure(977)) - Retrying connect to server: localhost/127.0.0.1:14619. Already tried 8 time(s); retry policy is RetryUpToMaximumCountWithFixedSleep(maxRetries=15, sleepTime=1000 MILLISECONDS)
2022-01-10 13:23:41,656 [7fcd8313-8ccc-4d12-b0b9-018c7cf319d8@group-74F7029FD382-FollowerState] INFO  impl.FollowerState (FollowerState.java:run(134)) - 7fcd8313-8ccc-4d12-b0b9-018c7cf319d8@group-74F7029FD382-FollowerState: change to CANDIDATE, lastRpcElapsedTime:5025666885ns, electionTimeout:5020ms
2022-01-10 13:23:41,656 [7fcd8313-8ccc-4d12-b0b9-018c7cf319d8@group-74F7029FD382-FollowerState] INFO  impl.RoleInfo (RoleInfo.java:shutdownFollowerState(108)) - 7fcd8313-8ccc-4d12-b0b9-018c7cf319d8: shutdown 7fcd8313-8ccc-4d12-b0b9-018c7cf319d8@group-74F7029FD382-FollowerState
2022-01-10 13:23:41,656 [7fcd8313-8ccc-4d12-b0b9-018c7cf319d8@group-74F7029FD382-FollowerState] INFO  server.RaftServer$Division (RaftServerImpl.java:setRole(290)) - 7fcd8313-8ccc-4d12-b0b9-018c7cf319d8@group-74F7029FD382: changes role from  FOLLOWER to CANDIDATE at term 0 for changeToCandidate
2022-01-10 13:23:41,656 [7fcd8313-8ccc-4d12-b0b9-018c7cf319d8@group-74F7029FD382-FollowerState] INFO  server.RaftServerConfigKeys (ConfUtils.java:logGet(44)) - raft.server.leaderelection.pre-vote = false (custom)
2022-01-10 13:23:41,656 [7fcd8313-8ccc-4d12-b0b9-018c7cf319d8@group-74F7029FD382-FollowerState] INFO  impl.RoleInfo (RoleInfo.java:updateAndGet(130)) - 7fcd8313-8ccc-4d12-b0b9-018c7cf319d8: start 7fcd8313-8ccc-4d12-b0b9-018c7cf319d8@group-74F7029FD382-LeaderElection13
2022-01-10 13:23:41,677 [7fcd8313-8ccc-4d12-b0b9-018c7cf319d8@group-74F7029FD382-LeaderElection13] INFO  impl.LeaderElection (LeaderElection.java:askForVotes(306)) - 7fcd8313-8ccc-4d12-b0b9-018c7cf319d8@group-74F7029FD382-LeaderElection13 ELECTION round 0: submit vote requests at term 1 for -1: [7fcd8313-8ccc-4d12-b0b9-018c7cf319d8|rpc:localhost:12876|priority:0], old=null
2022-01-10 13:23:41,677 [7fcd8313-8ccc-4d12-b0b9-018c7cf319d8@group-74F7029FD382-LeaderElection13] INFO  impl.LeaderElection (LeaderElection.java:askForVotes(308)) - 7fcd8313-8ccc-4d12-b0b9-018c7cf319d8@group-74F7029FD382-LeaderElection13 ELECTION round 0: result PASSED (term=1)
2022-01-10 13:23:41,677 [7fcd8313-8ccc-4d12-b0b9-018c7cf319d8@group-74F7029FD382-LeaderElection13] INFO  impl.RoleInfo (RoleInfo.java:shutdownLeaderElection(121)) - 7fcd8313-8ccc-4d12-b0b9-018c7cf319d8: shutdown 7fcd8313-8ccc-4d12-b0b9-018c7cf319d8@group-74F7029FD382-LeaderElection13
2022-01-10 13:23:41,677 [7fcd8313-8ccc-4d12-b0b9-018c7cf319d8@group-74F7029FD382-LeaderElection13] INFO  server.RaftServer$Division (RaftServerImpl.java:setRole(290)) - 7fcd8313-8ccc-4d12-b0b9-018c7cf319d8@group-74F7029FD382: changes role from CANDIDATE to LEADER at term 1 for changeToLeader
2022-01-10 13:23:41,677 [7fcd8313-8ccc-4d12-b0b9-018c7cf319d8@group-74F7029FD382-LeaderElection13] INFO  server.RaftServer$Division (ServerState.java:setLeader(285)) - 7fcd8313-8ccc-4d12-b0b9-018c7cf319d8@group-74F7029FD382: change Leader from null to 7fcd8313-8ccc-4d12-b0b9-018c7cf319d8 at term 1 for becomeLeader, leader elected after 5056ms
2022-01-10 13:23:41,677 [7fcd8313-8ccc-4d12-b0b9-018c7cf319d8@group-74F7029FD382-LeaderElection13] INFO  server.RaftServerConfigKeys (ConfUtils.java:logGet(44)) - raft.server.staging.catchup.gap = 1000 (default)
2022-01-10 13:23:41,677 [7fcd8313-8ccc-4d12-b0b9-018c7cf319d8@group-74F7029FD382-LeaderElection13] INFO  server.RaftServerConfigKeys (ConfUtils.java:logGet(44)) - raft.server.write.element-limit = 4096 (default)
2022-01-10 13:23:41,677 [7fcd8313-8ccc-4d12-b0b9-018c7cf319d8@group-74F7029FD382-LeaderElection13] INFO  server.RaftServerConfigKeys (ConfUtils.java:logGet(44)) - raft.server.write.byte-limit = 64MB (=67108864) (default)
2022-01-10 13:23:41,678 [7fcd8313-8ccc-4d12-b0b9-018c7cf319d8@group-74F7029FD382-LeaderElection13] INFO  server.RaftServerConfigKeys (ConfUtils.java:logGet(44)) - raft.server.watch.timeout = 10s (default)
2022-01-10 13:23:41,678 [7fcd8313-8ccc-4d12-b0b9-018c7cf319d8@group-74F7029FD382-LeaderElection13] INFO  server.RaftServerConfigKeys (ConfUtils.java:logGet(44)) - raft.server.watch.timeout.denomination = 1s (default)
2022-01-10 13:23:41,678 [7fcd8313-8ccc-4d12-b0b9-018c7cf319d8@group-74F7029FD382-LeaderElection13] INFO  server.RaftServerConfigKeys (ConfUtils.java:logGet(44)) - raft.server.watch.element-limit = 65536 (default)
2022-01-10 13:23:41,678 [7fcd8313-8ccc-4d12-b0b9-018c7cf319d8@group-74F7029FD382-LeaderElection13] INFO  server.RaftServerConfigKeys (ConfUtils.java:logGet(44)) - raft.server.write.element-limit = 4096 (default)
2022-01-10 13:23:41,678 [7fcd8313-8ccc-4d12-b0b9-018c7cf319d8@group-74F7029FD382-LeaderElection13] INFO  server.RaftServerConfigKeys (ConfUtils.java:logGet(44)) - raft.server.write.follower.gap.ratio.max = -1.0 (default)
2022-01-10 13:23:41,678 [7fcd8313-8ccc-4d12-b0b9-018c7cf319d8@group-74F7029FD382-LeaderElection13] INFO  impl.RoleInfo (RoleInfo.java:updateAndGet(130)) - 7fcd8313-8ccc-4d12-b0b9-018c7cf319d8: start 7fcd8313-8ccc-4d12-b0b9-018c7cf319d8@group-74F7029FD382-LeaderStateImpl
2022-01-10 13:23:41,678 [7fcd8313-8ccc-4d12-b0b9-018c7cf319d8@group-74F7029FD382-LeaderElection13] INFO  segmented.SegmentedRaftLogWorker (SegmentedRaftLogWorker.java:startLogSegment(394)) - 7fcd8313-8ccc-4d12-b0b9-018c7cf319d8@group-74F7029FD382-SegmentedRaftLogWorker: Starting segment from index:0
2022-01-10 13:23:41,690 [7fcd8313-8ccc-4d12-b0b9-018c7cf319d8@group-74F7029FD382-LeaderElection13] INFO  server.RaftServer$Division (ServerState.java:setRaftConf(387)) - 7fcd8313-8ccc-4d12-b0b9-018c7cf319d8@group-74F7029FD382: set configuration 0: [7fcd8313-8ccc-4d12-b0b9-018c7cf319d8|rpc:localhost:12876|admin:|client:|dataStream:|priority:0], old=null
2022-01-10 13:23:41,690 [7fcd8313-8ccc-4d12-b0b9-018c7cf319d8@group-74F7029FD382-SegmentedRaftLogWorker] INFO  segmented.SegmentedRaftLogWorker (SegmentedRaftLogWorker.java:execute(601)) - 7fcd8313-8ccc-4d12-b0b9-018c7cf319d8@group-74F7029FD382-SegmentedRaftLogWorker: created new log segment /home/runner/work/ozone/ozone/hadoop-ozone/integration-test/target/test-dir/MiniOzoneClusterImpl-4961146f-9f28-4cba-af76-74f7029fd382/scmNode-1/scm-ha/4961146f-9f28-4cba-af76-74f7029fd382/current/log_inprogress_0
2022-01-10 13:23:42,560 [EndpointStateMachine task thread for /127.0.0.1:14629 - 0 ] INFO  ipc.Client (Client.java:handleConnectionFailure(977)) - Retrying connect to server: localhost/127.0.0.1:14629. Already tried 9 time(s); retry policy is RetryUpToMaximumCountWithFixedSleep(maxRetries=15, sleepTime=1000 MILLISECONDS)
2022-01-10 13:23:42,563 [EndpointStateMachine task thread for /127.0.0.1:14609 - 0 ] INFO  ipc.Client (Client.java:handleConnectionFailure(977)) - Retrying connect to server: localhost/127.0.0.1:14609. Already tried 12 time(s); retry policy is RetryUpToMaximumCountWithFixedSleep(maxRetries=15, sleepTime=1000 MILLISECONDS)
2022-01-10 13:23:42,563 [EndpointStateMachine task thread for /127.0.0.1:14619 - 0 ] INFO  ipc.Client (Client.java:handleConnectionFailure(977)) - Retrying connect to server: localhost/127.0.0.1:14619. Already tried 9 time(s); retry policy is RetryUpToMaximumCountWithFixedSleep(maxRetries=15, sleepTime=1000 MILLISECONDS)
2022-01-10 13:23:42,651 [Listener at 127.0.0.1/10060] INFO  server.RaftServer (RaftServerProxy.java:lambda$close$6(391)) - 7fcd8313-8ccc-4d12-b0b9-018c7cf319d8: close
2022-01-10 13:23:42,651 [Listener at 127.0.0.1/10060] INFO  server.RaftServer$Division (RaftServerImpl.java:lambda$close$4(412)) - 7fcd8313-8ccc-4d12-b0b9-018c7cf319d8@group-74F7029FD382: shutdown
2022-01-10 13:23:42,651 [Listener at 127.0.0.1/10060] INFO  util.JmxRegister (JmxRegister.java:unregister(73)) - Successfully un-registered JMX Bean with object name Ratis:service=RaftServer,group=group-74F7029FD382,id=7fcd8313-8ccc-4d12-b0b9-018c7cf319d8
2022-01-10 13:23:42,651 [Listener at 127.0.0.1/10060] INFO  impl.RoleInfo (RoleInfo.java:shutdownLeaderState(91)) - 7fcd8313-8ccc-4d12-b0b9-018c7cf319d8: shutdown 7fcd8313-8ccc-4d12-b0b9-018c7cf319d8@group-74F7029FD382-LeaderStateImpl
2022-01-10 13:23:42,652 [Listener at 127.0.0.1/10060] INFO  impl.PendingRequests (PendingRequests.java:sendNotLeaderResponses(282)) - 7fcd8313-8ccc-4d12-b0b9-018c7cf319d8@group-74F7029FD382-PendingRequests: sendNotLeaderResponses
2022-01-10 13:23:42,652 [Listener at 127.0.0.1/10060] INFO  impl.StateMachineUpdater (StateMachineUpdater.java:stopAndJoin(149)) - 7fcd8313-8ccc-4d12-b0b9-018c7cf319d8@group-74F7029FD382-StateMachineUpdater: set stopIndex = 0
2022-01-10 13:23:42,653 [7fcd8313-8ccc-4d12-b0b9-018c7cf319d8@group-74F7029FD382-StateMachineUpdater] INFO  impl.StateMachineUpdater (StateMachineUpdater.java:takeSnapshot(281)) - 7fcd8313-8ccc-4d12-b0b9-018c7cf319d8@group-74F7029FD382-StateMachineUpdater: Took a snapshot at index 0
2022-01-10 13:23:42,653 [7fcd8313-8ccc-4d12-b0b9-018c7cf319d8@group-74F7029FD382-StateMachineUpdater] INFO  impl.StateMachineUpdater (StateMachineUpdater.java:lambda$new$0(89)) - 7fcd8313-8ccc-4d12-b0b9-018c7cf319d8@group-74F7029FD382-StateMachineUpdater: snapshotIndex: updateIncreasingly -1 -> 0
2022-01-10 13:23:42,653 [Listener at 127.0.0.1/10060] INFO  server.RaftServer$Division (ServerState.java:close(419)) - 7fcd8313-8ccc-4d12-b0b9-018c7cf319d8@group-74F7029FD382: closes. applyIndex: 0
2022-01-10 13:23:42,654 [7fcd8313-8ccc-4d12-b0b9-018c7cf319d8@group-74F7029FD382-SegmentedRaftLogWorker] INFO  segmented.SegmentedRaftLogWorker (SegmentedRaftLogWorker.java:run(327)) - 7fcd8313-8ccc-4d12-b0b9-018c7cf319d8@group-74F7029FD382-SegmentedRaftLogWorker was interrupted, exiting. There are 0 tasks remaining in the queue.
2022-01-10 13:23:42,655 [Listener at 127.0.0.1/10060] INFO  segmented.SegmentedRaftLogWorker (SegmentedRaftLogWorker.java:close(237)) - 7fcd8313-8ccc-4d12-b0b9-018c7cf319d8@group-74F7029FD382-SegmentedRaftLogWorker close()
2022-01-10 13:23:42,656 [Listener at 127.0.0.1/10060] INFO  server.GrpcService (GrpcService.java:closeImpl(262)) - 7fcd8313-8ccc-4d12-b0b9-018c7cf319d8: shutdown server with port 12876 now
2022-01-10 13:23:42,661 [Listener at 127.0.0.1/10060] INFO  server.GrpcService (GrpcService.java:closeImpl(271)) - 7fcd8313-8ccc-4d12-b0b9-018c7cf319d8: shutdown server with port 12876 successfully
2022-01-10 13:23:42,661 [org.apache.ratis.util.JvmPauseMonitor$$Lambda$500/2122256138@3cb4e32b] INFO  util.JvmPauseMonitor (JvmPauseMonitor.java:run(109)) - JvmPauseMonitor-7fcd8313-8ccc-4d12-b0b9-018c7cf319d8: Stopped
2022-01-10 13:23:42,661 [Listener at 127.0.0.1/10060] WARN  server.ServerUtils (ServerUtils.java:getScmDbDir(148)) - ozone.scm.db.dirs is not configured. We recommend adding this setting. Falling back to ozone.metadata.dirs instead.
2022-01-10 13:23:42,663 [Listener at 127.0.0.1/10060] INFO  server.StorageContainerManager (StorageContainerManager.java:scmInit(1083)) - SCM initialization succeeded. Current cluster id for sd=/home/runner/work/ozone/ozone/hadoop-ozone/integration-test/target/test-dir/MiniOzoneClusterImpl-4961146f-9f28-4cba-af76-74f7029fd382/scmNode-1/scm; cid=4961146f-9f28-4cba-af76-74f7029fd382; layoutVersion=2; scmId=7fcd8313-8ccc-4d12-b0b9-018c7cf319d8
2022-01-10 13:23:42,663 [Listener at 127.0.0.1/10060] INFO  ha.SCMHANodeDetails (SCMHANodeDetails.java:loadSCMHAConfig(157)) - ServiceID for StorageContainerManager is scm-service-test1
2022-01-10 13:23:42,663 [Listener at 127.0.0.1/10060] INFO  ha.SCMHANodeDetails (SCMHANodeDetails.java:loadSCMHAConfig(168)) - ServiceID for StorageContainerManager is scm-service-test1
2022-01-10 13:23:42,663 [Listener at 127.0.0.1/10060] WARN  scm.ScmUtils (ScmUtils.java:logWarn(179)) - ConfigKey ozone.scm.block.client.address is deprecated, For configuring different ports for each SCM use PortConfigKey ozone.scm.block.client.port appended with serviceId and nodeId. If want to configure same port configure ozone.scm.block.client.port
2022-01-10 13:23:42,663 [Listener at 127.0.0.1/10060] WARN  scm.ScmUtils (ScmUtils.java:logWarn(179)) - ConfigKey ozone.scm.client.address is deprecated, For configuring different ports for each SCM use PortConfigKey ozone.scm.client.port appended with serviceId and nodeId. If want to configure same port configure ozone.scm.client.port
2022-01-10 13:23:42,664 [Listener at 127.0.0.1/10060] WARN  scm.ScmUtils (ScmUtils.java:logWarn(179)) - ConfigKey ozone.scm.datanode.address is deprecated, For configuring different ports for each SCM use PortConfigKey ozone.scm.datanode.port appended with serviceId and nodeId. If want to configure same port configure ozone.scm.datanode.port
2022-01-10 13:23:42,664 [Listener at 127.0.0.1/10060] WARN  scm.ScmUtils (ScmUtils.java:logWarn(179)) - ConfigKey ozone.scm.block.client.address is deprecated, For configuring different ports for each SCM use PortConfigKey ozone.scm.block.client.port appended with serviceId and nodeId. If want to configure same port configure ozone.scm.block.client.port
2022-01-10 13:23:42,664 [Listener at 127.0.0.1/10060] WARN  scm.ScmUtils (ScmUtils.java:logWarn(179)) - ConfigKey ozone.scm.client.address is deprecated, For configuring different ports for each SCM use PortConfigKey ozone.scm.client.port appended with serviceId and nodeId. If want to configure same port configure ozone.scm.client.port
2022-01-10 13:23:42,664 [Listener at 127.0.0.1/10060] WARN  scm.ScmUtils (ScmUtils.java:logWarn(179)) - ConfigKey ozone.scm.datanode.address is deprecated, For configuring different ports for each SCM use PortConfigKey ozone.scm.datanode.port appended with serviceId and nodeId. If want to configure same port configure ozone.scm.datanode.port
2022-01-10 13:23:42,664 [Listener at 127.0.0.1/10060] INFO  ha.SCMHANodeDetails (SCMHANodeDetails.java:loadSCMHAConfig(250)) - Found matching SCM address with SCMServiceId: scm-service-test1, SCMNodeId: scmNode-1, RPC Address: localhost:12876 and Ratis port: 12876
2022-01-10 13:23:42,664 [Listener at 127.0.0.1/10060] INFO  ha.SCMHANodeDetails (ConfUtils.java:setNodeSpecificConfigs(108)) - Setting configuration key ozone.scm.datanode.address with value of key ozone.scm.datanode.address.scm-service-test1.scmNode-1: 127.0.0.1:12877
2022-01-10 13:23:42,664 [Listener at 127.0.0.1/10060] INFO  ha.SCMHANodeDetails (ConfUtils.java:setNodeSpecificConfigs(108)) - Setting configuration key ozone.scm.block.client.address with value of key ozone.scm.block.client.address.scm-service-test1.scmNode-1: 127.0.0.1:12878
2022-01-10 13:23:42,664 [Listener at 127.0.0.1/10060] INFO  ha.SCMHANodeDetails (ConfUtils.java:setNodeSpecificConfigs(108)) - Setting configuration key ozone.scm.client.address with value of key ozone.scm.client.address.scm-service-test1.scmNode-1: 127.0.0.1:12879
2022-01-10 13:23:42,665 [Listener at 127.0.0.1/10060] INFO  ha.SCMHANodeDetails (ConfUtils.java:setNodeSpecificConfigs(108)) - Setting configuration key ozone.scm.ratis.port with value of key ozone.scm.ratis.port.scm-service-test1.scmNode-1: 12876
2022-01-10 13:23:42,665 [Listener at 127.0.0.1/10060] INFO  ha.SCMHANodeDetails (ConfUtils.java:setNodeSpecificConfigs(108)) - Setting configuration key ozone.scm.grpc.port with value of key ozone.scm.grpc.port.scm-service-test1.scmNode-1: 12880
2022-01-10 13:23:42,665 [Listener at 127.0.0.1/10060] INFO  ha.SCMHANodeDetails (ConfUtils.java:setNodeSpecificConfigs(108)) - Setting configuration key ozone.scm.http-address with value of key ozone.scm.http-address.scm-service-test1.scmNode-1: 127.0.0.1:12874
2022-01-10 13:23:42,665 [Listener at 127.0.0.1/10060] INFO  ha.SCMHANodeDetails (ConfUtils.java:setNodeSpecificConfigs(108)) - Setting configuration key ozone.scm.https-address with value of key ozone.scm.https-address.scm-service-test1.scmNode-1: 127.0.0.1:12875
2022-01-10 13:23:42,665 [Listener at 127.0.0.1/10060] INFO  ha.SCMHANodeDetails (ConfUtils.java:setNodeSpecificConfigs(108)) - Setting configuration key ozone.scm.address with value of key ozone.scm.address.scm-service-test1.scmNode-1: 127.0.0.1
2022-01-10 13:23:42,665 [Listener at 127.0.0.1/10060] WARN  scm.ScmUtils (ScmUtils.java:logWarn(179)) - ConfigKey ozone.scm.block.client.address is deprecated, For configuring different ports for each SCM use PortConfigKey ozone.scm.block.client.port appended with serviceId and nodeId. If want to configure same port configure ozone.scm.block.client.port
2022-01-10 13:23:42,665 [Listener at 127.0.0.1/10060] WARN  scm.ScmUtils (ScmUtils.java:logWarn(179)) - ConfigKey ozone.scm.client.address is deprecated, For configuring different ports for each SCM use PortConfigKey ozone.scm.client.port appended with serviceId and nodeId. If want to configure same port configure ozone.scm.client.port
2022-01-10 13:23:42,665 [Listener at 127.0.0.1/10060] WARN  scm.ScmUtils (ScmUtils.java:logWarn(179)) - ConfigKey ozone.scm.datanode.address is deprecated, For configuring different ports for each SCM use PortConfigKey ozone.scm.datanode.port appended with serviceId and nodeId. If want to configure same port configure ozone.scm.datanode.port
2022-01-10 13:23:42,666 [Listener at 127.0.0.1/10060] WARN  server.ServerUtils (ServerUtils.java:getScmDbDir(148)) - ozone.scm.db.dirs is not configured. We recommend adding this setting. Falling back to ozone.metadata.dirs instead.
2022-01-10 13:23:42,666 [Listener at 127.0.0.1/10060] INFO  upgrade.AbstractLayoutVersionManager (AbstractLayoutVersionManager.java:init(79)) - Initializing Layout version manager with metadata layout = SCM_HA (version = 2), software layout = SCM_HA (version = 2)
2022-01-10 13:23:42,759 [Listener at 127.0.0.1/10060] INFO  reflections.Reflections (Reflections.java:scan(232)) - Reflections took 92 ms to scan 7 urls, producing 119 keys and 279 values 
2022-01-10 13:23:42,763 [Listener at 127.0.0.1/10060] WARN  utils.HAUtils (HAUtils.java:getMetaDir(342)) - ozone.scm.db.dirs is not configured. We recommend adding this setting. Falling back to ozone.metadata.dirs instead.
2022-01-10 13:23:42,769 [Listener at 127.0.0.1/10060] WARN  db.DBStoreBuilder (DBStoreBuilder.java:applyDBDefinition(145)) - ozone.scm.db.dirs is not configured. We recommend adding this setting. Falling back to ozone.metadata.dirs instead.
2022-01-10 13:23:42,913 [Listener at 127.0.0.1/10060] INFO  net.NodeSchemaLoader (NodeSchemaLoader.java:loadSchemaFromFile(129)) - Loading schema from [jar:file:/home/runner/.m2/repository/org/apache/ozone/hdds-common/1.3.0-SNAPSHOT/hdds-common-1.3.0-SNAPSHOT.jar!/network-topology-default.xml]
2022-01-10 13:23:42,913 [Listener at 127.0.0.1/10060] INFO  net.NodeSchemaLoader (NodeSchemaLoader.java:loadSchema(176)) - Loading network topology layer schema file
2022-01-10 13:23:42,919 [Listener at 127.0.0.1/10060] INFO  ha.SCMRatisServerImpl (SCMRatisServerImpl.java:<init>(87)) - starting Raft server for scm:7fcd8313-8ccc-4d12-b0b9-018c7cf319d8
2022-01-10 13:23:42,922 [Listener at 127.0.0.1/10060] INFO  server.RaftServer (ConfUtils.java:logGet(44)) - raft.rpc.type = GRPC (default)
2022-01-10 13:23:42,923 [Listener at 127.0.0.1/10060] INFO  grpc.GrpcFactory (GrpcFactory.java:checkPooledByteBufAllocatorUseCacheForAllThreads(48)) - PERFORMANCE WARNING: useCacheForAllThreads is true that may cause Netty to create a lot garbage objects and, as a result, trigger GC.
	It is recommended to disable useCacheForAllThreads by setting -Dorg.apache.ratis.thirdparty.io.netty.allocator.useCacheForAllThreads=false in command line.
2022-01-10 13:23:42,923 [Listener at 127.0.0.1/10060] INFO  grpc.GrpcConfigKeys (ConfUtils.java:logGet(44)) - raft.grpc.admin.port = -1 (default)
2022-01-10 13:23:42,923 [Listener at 127.0.0.1/10060] INFO  grpc.GrpcConfigKeys (ConfUtils.java:logGet(44)) - raft.grpc.server.port = 12876 (custom)
2022-01-10 13:23:42,923 [Listener at 127.0.0.1/10060] INFO  grpc.GrpcConfigKeys (ConfUtils.java:logGet(44)) - raft.grpc.client.port = -1 (default)
2022-01-10 13:23:42,924 [Listener at 127.0.0.1/10060] INFO  grpc.GrpcConfigKeys (ConfUtils.java:logGet(44)) - raft.grpc.server.port = 12876 (custom)
2022-01-10 13:23:42,924 [Listener at 127.0.0.1/10060] INFO  grpc.GrpcConfigKeys (ConfUtils.java:logGet(44)) - raft.grpc.server.port = 12876 (custom)
2022-01-10 13:23:42,924 [Listener at 127.0.0.1/10060] INFO  server.GrpcService (ConfUtils.java:logGet(44)) - raft.grpc.message.size.max = 32m (=33554432) (custom)
2022-01-10 13:23:42,924 [Listener at 127.0.0.1/10060] INFO  server.RaftServerConfigKeys (ConfUtils.java:logGet(44)) - raft.server.log.appender.buffer.byte-limit = 33554432 (custom)
2022-01-10 13:23:42,924 [Listener at 127.0.0.1/10060] INFO  server.GrpcService (ConfUtils.java:logGet(44)) - raft.grpc.flow.control.window = 1MB (=1048576) (default)
2022-01-10 13:23:42,925 [Listener at 127.0.0.1/10060] INFO  server.RaftServerConfigKeys (ConfUtils.java:logGet(44)) - raft.server.rpc.request.timeout = 30000ms (custom)
2022-01-10 13:23:42,926 [Listener at 127.0.0.1/10060] INFO  impl.DataStreamServerImpl (ConfUtils.java:logGet(44)) - raft.datastream.type = DISABLED (default)
2022-01-10 13:23:42,927 [Listener at 127.0.0.1/10060] INFO  server.RaftServerConfigKeys (ConfUtils.java:logGet(44)) - raft.server.rpc.slowness.timeout = 120000ms (custom)
2022-01-10 13:23:42,928 [Listener at 127.0.0.1/10060] INFO  server.RaftServerConfigKeys (ConfUtils.java:logGet(44)) - raft.server.leaderelection.leader.step-down.wait-time = 10s (default)
2022-01-10 13:23:42,928 [Listener at 127.0.0.1/10060] INFO  server.RaftServerConfigKeys (ConfUtils.java:logGet(44)) - raft.server.storage.dir = [/home/runner/work/ozone/ozone/hadoop-ozone/integration-test/target/test-dir/MiniOzoneClusterImpl-4961146f-9f28-4cba-af76-74f7029fd382/scmNode-1/scm-ha] (custom)
2022-01-10 13:23:42,928 [Listener at 127.0.0.1/10060] INFO  server.RaftServer (RaftServerProxy.java:lambda$null$1(235)) - 7fcd8313-8ccc-4d12-b0b9-018c7cf319d8: found a subdirectory /home/runner/work/ozone/ozone/hadoop-ozone/integration-test/target/test-dir/MiniOzoneClusterImpl-4961146f-9f28-4cba-af76-74f7029fd382/scmNode-1/scm-ha/4961146f-9f28-4cba-af76-74f7029fd382
2022-01-10 13:23:42,929 [Listener at 127.0.0.1/10060] INFO  server.RaftServer (RaftServerProxy.java:addNew(95)) - 7fcd8313-8ccc-4d12-b0b9-018c7cf319d8: addNew group-74F7029FD382:[] returns group-74F7029FD382:java.util.concurrent.CompletableFuture@1e92420f[Not completed]
2022-01-10 13:23:42,929 [pool-210-thread-1] INFO  server.RaftServer$Division (RaftServerImpl.java:<init>(184)) - 7fcd8313-8ccc-4d12-b0b9-018c7cf319d8: new RaftServerImpl for group-74F7029FD382:[] with SCMStateMachine:uninitialized
2022-01-10 13:23:42,938 [pool-210-thread-1] INFO  server.RaftServerConfigKeys (ConfUtils.java:logGet(44)) - raft.server.rpc.timeout.min = 5000ms (custom)
2022-01-10 13:23:42,938 [pool-210-thread-1] INFO  server.RaftServerConfigKeys (ConfUtils.java:logGet(44)) - raft.server.rpc.timeout.max = 5200ms (custom)
2022-01-10 13:23:42,938 [pool-210-thread-1] INFO  server.RaftServerConfigKeys (ConfUtils.java:logGet(44)) - raft.server.rpc.sleep.time = 25ms (default)
2022-01-10 13:23:42,938 [pool-210-thread-1] INFO  server.RaftServerConfigKeys (ConfUtils.java:logGet(44)) - raft.server.rpc.slowness.timeout = 120000ms (custom)
2022-01-10 13:23:42,938 [pool-210-thread-1] INFO  server.RaftServerConfigKeys (ConfUtils.java:logGet(44)) - raft.server.leaderelection.leader.step-down.wait-time = 10s (default)
2022-01-10 13:23:42,938 [pool-210-thread-1] INFO  server.RaftServerConfigKeys (ConfUtils.java:logGet(44)) - raft.server.sleep.deviation.threshold = 300ms (default)
2022-01-10 13:23:42,938 [pool-210-thread-1] INFO  server.RaftServerConfigKeys (ConfUtils.java:logGet(44)) - raft.server.log.appender.install.snapshot.enabled = false (custom)
2022-01-10 13:23:42,938 [pool-210-thread-1] INFO  server.RaftServer$Division (ServerState.java:<init>(105)) - 7fcd8313-8ccc-4d12-b0b9-018c7cf319d8@group-74F7029FD382: ConfigurationManager, init=-1: [], old=null, confs=<EMPTY_MAP>
2022-01-10 13:23:42,939 [pool-210-thread-1] INFO  server.RaftServerConfigKeys (ConfUtils.java:logGet(44)) - raft.server.storage.dir = [/home/runner/work/ozone/ozone/hadoop-ozone/integration-test/target/test-dir/MiniOzoneClusterImpl-4961146f-9f28-4cba-af76-74f7029fd382/scmNode-1/scm-ha] (custom)
2022-01-10 13:23:42,939 [pool-210-thread-1] INFO  server.RaftServerConfigKeys (ConfUtils.java:logGet(44)) - raft.server.log.corruption.policy = EXCEPTION (default)
2022-01-10 13:23:42,939 [pool-210-thread-1] INFO  server.RaftServerConfigKeys (ConfUtils.java:logGet(44)) - raft.server.storage.free-space.min = 0MB (=0) (default)
2022-01-10 13:23:42,940 [pool-210-thread-1] INFO  storage.RaftStorageDirectory (RaftStorageDirectoryImpl.java:tryLock(230)) - Lock on /home/runner/work/ozone/ozone/hadoop-ozone/integration-test/target/test-dir/MiniOzoneClusterImpl-4961146f-9f28-4cba-af76-74f7029fd382/scmNode-1/scm-ha/4961146f-9f28-4cba-af76-74f7029fd382/in_use.lock acquired by nodename 8207@fv-az12-360
2022-01-10 13:23:42,940 [pool-210-thread-1] INFO  storage.RaftStorage (RaftStorageImpl.java:analyzeAndRecoverStorage(110)) - Read RaftStorageMetadata{term=1, votedFor=7fcd8313-8ccc-4d12-b0b9-018c7cf319d8} from /home/runner/work/ozone/ozone/hadoop-ozone/integration-test/target/test-dir/MiniOzoneClusterImpl-4961146f-9f28-4cba-af76-74f7029fd382/scmNode-1/scm-ha/4961146f-9f28-4cba-af76-74f7029fd382/current/raft-meta
2022-01-10 13:23:42,941 [pool-210-thread-1] INFO  server.RaftServer$Division (ServerState.java:setRaftConf(387)) - 7fcd8313-8ccc-4d12-b0b9-018c7cf319d8@group-74F7029FD382: set configuration 0: [7fcd8313-8ccc-4d12-b0b9-018c7cf319d8|rpc:localhost:12876|admin:|client:|dataStream:|priority:0], old=null
2022-01-10 13:23:42,941 [pool-210-thread-1] INFO  server.RaftServerConfigKeys (ConfUtils.java:logGet(44)) - raft.server.notification.no-leader.timeout = 60s (default)
2022-01-10 13:23:42,941 [pool-210-thread-1] INFO  server.RaftServerConfigKeys (ConfUtils.java:logGet(44)) - raft.server.log.use.memory = false (default)
2022-01-10 13:23:42,941 [pool-210-thread-1] INFO  server.RaftServerConfigKeys (ConfUtils.java:logGet(44)) - raft.server.log.purge.gap = 5 (custom)
2022-01-10 13:23:42,941 [pool-210-thread-1] INFO  server.RaftServerConfigKeys (ConfUtils.java:logGet(44)) - raft.server.log.appender.buffer.byte-limit = 33554432 (custom)
2022-01-10 13:23:42,941 [pool-210-thread-1] INFO  server.RaftServerConfigKeys (ConfUtils.java:logGet(44)) - raft.server.log.segment.size.max = 4194304 (custom)
2022-01-10 13:23:42,942 [pool-210-thread-1] INFO  server.RaftServerConfigKeys (ConfUtils.java:logGet(44)) - raft.server.log.segment.cache.num.max = 2 (custom)
2022-01-10 13:23:42,942 [pool-210-thread-1] INFO  server.RaftServerConfigKeys (ConfUtils.java:logGet(44)) - raft.server.log.segment.cache.size.max = 200MB (=209715200) (default)
2022-01-10 13:23:42,942 [pool-210-thread-1] INFO  segmented.SegmentedRaftLogWorker (SegmentedRaftLogWorker.java:<init>(182)) - new 7fcd8313-8ccc-4d12-b0b9-018c7cf319d8@group-74F7029FD382-SegmentedRaftLogWorker for RaftStorageImpl:Storage Directory /home/runner/work/ozone/ozone/hadoop-ozone/integration-test/target/test-dir/MiniOzoneClusterImpl-4961146f-9f28-4cba-af76-74f7029fd382/scmNode-1/scm-ha/4961146f-9f28-4cba-af76-74f7029fd382
2022-01-10 13:23:42,942 [pool-210-thread-1] INFO  server.RaftServerConfigKeys (ConfUtils.java:logGet(44)) - raft.server.log.queue.byte-limit = 64MB (=67108864) (default)
2022-01-10 13:23:42,942 [pool-210-thread-1] INFO  server.RaftServerConfigKeys (ConfUtils.java:logGet(44)) - raft.server.log.queue.element-limit = 4096 (default)
2022-01-10 13:23:42,942 [pool-210-thread-1] INFO  server.RaftServerConfigKeys (ConfUtils.java:logGet(44)) - raft.server.log.segment.size.max = 4194304 (custom)
2022-01-10 13:23:42,942 [pool-210-thread-1] INFO  server.RaftServerConfigKeys (ConfUtils.java:logGet(44)) - raft.server.log.preallocated.size = 4194304 (custom)
2022-01-10 13:23:42,942 [pool-210-thread-1] INFO  server.RaftServerConfigKeys (ConfUtils.java:logGet(44)) - raft.server.log.force.sync.num = 128 (default)
2022-01-10 13:23:42,942 [pool-210-thread-1] INFO  server.RaftServerConfigKeys (ConfUtils.java:logGet(44)) - raft.server.log.statemachine.data.sync = true (default)
2022-01-10 13:23:42,942 [pool-210-thread-1] INFO  server.RaftServerConfigKeys (ConfUtils.java:logGet(44)) - raft.server.log.statemachine.data.sync.timeout = 10s (default)
2022-01-10 13:23:42,942 [pool-210-thread-1] INFO  server.RaftServerConfigKeys (ConfUtils.java:logGet(44)) - raft.server.log.statemachine.data.sync.timeout.retry = -1 (default)
2022-01-10 13:23:42,944 [pool-210-thread-1] INFO  server.RaftServerConfigKeys (ConfUtils.java:logGet(44)) - raft.server.log.write.buffer.size = 64KB (=65536) (default)
2022-01-10 13:23:42,944 [pool-210-thread-1] INFO  server.RaftServerConfigKeys (ConfUtils.java:logGet(44)) - raft.server.log.statemachine.data.caching.enabled = false (default)
2022-01-10 13:23:42,945 [pool-210-thread-1] INFO  server.RaftServer$Division (ServerState.java:setRaftConf(387)) - 7fcd8313-8ccc-4d12-b0b9-018c7cf319d8@group-74F7029FD382: set configuration 0: [7fcd8313-8ccc-4d12-b0b9-018c7cf319d8|rpc:localhost:12876|admin:|client:|dataStream:|priority:0], old=null
2022-01-10 13:23:42,945 [pool-210-thread-1] INFO  segmented.LogSegment (LogSegment.java:loadSegment(173)) - Successfully read 1 entries from segment file /home/runner/work/ozone/ozone/hadoop-ozone/integration-test/target/test-dir/MiniOzoneClusterImpl-4961146f-9f28-4cba-af76-74f7029fd382/scmNode-1/scm-ha/4961146f-9f28-4cba-af76-74f7029fd382/current/log_inprogress_0
2022-01-10 13:23:42,945 [pool-210-thread-1] INFO  segmented.SegmentedRaftLogWorker (SegmentedRaftLogWorker.java:lambda$new$0(133)) - 7fcd8313-8ccc-4d12-b0b9-018c7cf319d8@group-74F7029FD382-SegmentedRaftLogWorker: flushIndex: setUnconditionally 0 -> 0
2022-01-10 13:23:42,945 [pool-210-thread-1] INFO  segmented.SegmentedRaftLogWorker (SegmentedRaftLogWorker.java:lambda$new$0(133)) - 7fcd8313-8ccc-4d12-b0b9-018c7cf319d8@group-74F7029FD382-SegmentedRaftLogWorker: safeCacheEvictIndex: setUnconditionally 0 -> -1
2022-01-10 13:23:42,957 [pool-210-thread-1] INFO  server.RaftServerConfigKeys (ConfUtils.java:logGet(44)) - raft.server.snapshot.auto.trigger.enabled = true (custom)
2022-01-10 13:23:42,957 [pool-210-thread-1] INFO  server.RaftServerConfigKeys (ConfUtils.java:logGet(44)) - raft.server.snapshot.auto.trigger.threshold = 5 (custom)
2022-01-10 13:23:42,957 [pool-210-thread-1] INFO  server.RaftServerConfigKeys (ConfUtils.java:logGet(44)) - raft.server.snapshot.retention.file.num = -1 (default)
2022-01-10 13:23:42,957 [pool-210-thread-1] INFO  server.RaftServerConfigKeys (ConfUtils.java:logGet(44)) - raft.server.log.purge.upto.snapshot.index = true (custom)
2022-01-10 13:23:42,957 [pool-210-thread-1] INFO  server.RaftServerConfigKeys (ConfUtils.java:logGet(44)) - raft.server.retrycache.expirytime = 60000ms (default)
2022-01-10 13:23:42,957 [pool-210-thread-1] INFO  server.RaftServerConfigKeys (ConfUtils.java:logGet(44)) - raft.server.retrycache.statistics.expirytime = 100μs (default)
2022-01-10 13:23:42,958 [Listener at 127.0.0.1/10060] INFO  ha.SCMSnapshotProvider (SCMSnapshotProvider.java:<init>(66)) - Initializing SCM Snapshot Provider
2022-01-10 13:23:42,958 [Listener at 127.0.0.1/10060] WARN  server.ServerUtils (ServerUtils.java:getDefaultRatisDirectory(237)) - Storage directory for Ratis is not configured. It is a good idea to map this to an SSD disk. Falling back to ozone.metadata.dirs
2022-01-10 13:23:42,958 [Listener at 127.0.0.1/10060] WARN  ha.SCMHAUtils (SCMHAUtils.java:getSCMRatisSnapshotDirectory(146)) - SCM snapshot dir is not configured. Falling back to ozone.metadata.dirs config
2022-01-10 13:23:42,960 [Listener at 127.0.0.1/10060] INFO  ha.SequenceIdGenerator (SequenceIdGenerator.java:upgradeToSequenceId(347)) - upgrade localId to 109611004723200000
2022-01-10 13:23:42,960 [Listener at 127.0.0.1/10060] INFO  ha.SequenceIdGenerator (SequenceIdGenerator.java:upgradeToSequenceId(357)) - upgrade delTxnId to 0
2022-01-10 13:23:42,960 [Listener at 127.0.0.1/10060] INFO  ha.SequenceIdGenerator (SequenceIdGenerator.java:upgradeToSequenceId(371)) - upgrade containerId to 0
2022-01-10 13:23:42,960 [Listener at 127.0.0.1/10060] INFO  ha.SequenceIdGenerator (SequenceIdGenerator.java:<init>(218)) - Init the HA SequenceIdGenerator.
2022-01-10 13:23:42,964 [Listener at 127.0.0.1/10060] INFO  node.SCMNodeManager (SCMNodeManager.java:<init>(144)) - Entering startup safe mode.
2022-01-10 13:23:42,965 [Listener at 127.0.0.1/10060] INFO  algorithms.ContainerPlacementPolicyFactory (ContainerPlacementPolicyFactory.java:getPolicy(60)) - Create container placement policy of type org.apache.hadoop.hdds.scm.container.placement.algorithms.SCMContainerPlacementRandom
2022-01-10 13:23:42,965 [Listener at 127.0.0.1/10060] INFO  pipeline.PipelineStateManagerImpl (PipelineStateManagerImpl.java:initialize(78)) - No pipeline exists in current db
2022-01-10 13:23:42,965 [Listener at 127.0.0.1/10060] INFO  algorithms.LeaderChoosePolicyFactory (LeaderChoosePolicyFactory.java:getPolicy(57)) - Create leader choose policy of type org.apache.hadoop.hdds.scm.pipeline.leader.choose.algorithms.MinLeaderCountChoosePolicy
2022-01-10 13:23:42,966 [Listener at 127.0.0.1/10060] INFO  ha.SCMServiceManager (SCMServiceManager.java:register(43)) - Registering service BackgroundPipelineCreator.
2022-01-10 13:23:42,966 [Listener at 127.0.0.1/10060] INFO  pipeline.BackgroundPipelineCreator (BackgroundPipelineCreator.java:start(130)) - Starting RatisPipelineUtilsThread.
2022-01-10 13:23:42,977 [Listener at 127.0.0.1/10060] INFO  algorithms.PipelineChoosePolicyFactory (PipelineChoosePolicyFactory.java:createPipelineChoosePolicyFromClass(73)) - Create pipeline choose policy of type org.apache.hadoop.hdds.scm.pipeline.choose.algorithms.RandomPipelineChoosePolicy
2022-01-10 13:23:42,978 [Listener at 127.0.0.1/10060] INFO  ha.SCMServiceManager (SCMServiceManager.java:register(43)) - Registering service SCMBlockDeletingService.
2022-01-10 13:23:42,978 [Listener at 127.0.0.1/10060] INFO  ha.SCMServiceManager (SCMServiceManager.java:register(43)) - Registering service ReplicationManager.
2022-01-10 13:23:42,978 [Listener at 127.0.0.1/10060] INFO  container.ReplicationManager (ReplicationManager.java:start(319)) - Starting Replication Monitor Thread.
2022-01-10 13:23:42,985 [Listener at 127.0.0.1/10060] INFO  safemode.ContainerSafeModeRule (ContainerSafeModeRule.java:<init>(89)) - containers with one replica threshold count 0
2022-01-10 13:23:42,985 [Listener at 127.0.0.1/10060] INFO  safemode.HealthyPipelineSafeModeRule (HealthyPipelineSafeModeRule.java:initializeRule(156)) - Total pipeline count is 0, healthy pipeline threshold count is 1
2022-01-10 13:23:42,985 [Listener at 127.0.0.1/10060] INFO  safemode.OneReplicaPipelineSafeModeRule (OneReplicaPipelineSafeModeRule.java:initializeRule(180)) - Total pipeline count is 0, pipeline's with at least one datanode reported threshold count is 0
2022-01-10 13:23:42,997 [Listener at 127.0.0.1/10060] INFO  ipc.CallQueueManager (CallQueueManager.java:<init>(90)) - Using callQueue: class java.util.concurrent.LinkedBlockingQueue, queueCapacity: 10000, scheduler: class org.apache.hadoop.ipc.DefaultRpcScheduler, ipcBackoff: false.
2022-01-10 13:23:43,012 [Socket Reader #1 for port 12877] INFO  ipc.Server (Server.java:run(1265)) - Starting Socket Reader #1 for port 12877
2022-01-10 13:23:43,017 [Listener at 0.0.0.0/12877] INFO  ipc.CallQueueManager (CallQueueManager.java:<init>(90)) - Using callQueue: class java.util.concurrent.LinkedBlockingQueue, queueCapacity: 10000, scheduler: class org.apache.hadoop.ipc.DefaultRpcScheduler, ipcBackoff: false.
2022-01-10 13:23:43,025 [Socket Reader #1 for port 12878] INFO  ipc.Server (Server.java:run(1265)) - Starting Socket Reader #1 for port 12878
2022-01-10 13:23:43,029 [Listener at 0.0.0.0/12878] INFO  ipc.CallQueueManager (CallQueueManager.java:<init>(90)) - Using callQueue: class java.util.concurrent.LinkedBlockingQueue, queueCapacity: 10000, scheduler: class org.apache.hadoop.ipc.DefaultRpcScheduler, ipcBackoff: false.
2022-01-10 13:23:43,036 [Socket Reader #1 for port 12879] INFO  ipc.Server (Server.java:run(1265)) - Starting Socket Reader #1 for port 12879
2022-01-10 13:23:43,038 [ReplicationMonitor] INFO  container.ReplicationManager (ReplicationManager.java:processAll(371)) - Replication Monitor Thread took 0 milliseconds for processing 0 containers.
2022-01-10 13:23:43,073 [Listener at 0.0.0.0/12879] INFO  algorithms.ContainerPlacementPolicyFactory (ContainerPlacementPolicyFactory.java:getPolicy(60)) - Create container placement policy of type org.apache.hadoop.hdds.scm.container.placement.algorithms.SCMContainerPlacementRandom
2022-01-10 13:23:43,076 [Listener at 0.0.0.0/12879] INFO  server.StorageContainerManager (StorageContainerManager.java:<init>(388)) - 
Container Balancer status:
Key                            Value
Running                        false
Container Balancer Configuration values:
Key                                                Value
Threshold                                          0.1
Max Datanodes to Involve per Iteration(ratio)      0.2
Max Size to Move per Iteration                     30GB
Max Size Entering Target per Iteration             26GB
Max Size Leaving Source per Iteration              26GB

2022-01-10 13:23:43,077 [Listener at 0.0.0.0/12879] WARN  events.EventQueue (EventQueue.java:fireEvent(194)) - No event handler registered for event TypedEvent{payloadType=SafeModeStatus, name='Safe mode status'}
2022-01-10 13:23:43,077 [Listener at 0.0.0.0/12879] INFO  ha.SCMContext (SCMContext.java:updateSafeModeStatus(211)) - Update SafeModeStatus from SafeModeStatus{safeModeStatus=true, preCheckPassed=false} to SafeModeStatus{safeModeStatus=true, preCheckPassed=false}.
2022-01-10 13:23:43,077 [Listener at 0.0.0.0/12879] INFO  server.StorageContainerManager (StorageContainerManager.java:start(1303)) - StorageContainerLocationProtocol RPC server is listening at /0.0.0.0:12879
2022-01-10 13:23:43,077 [Listener at 0.0.0.0/12879] INFO  ha.SCMRatisServerImpl (SCMRatisServerImpl.java:start(177)) - starting ratis server 0.0.0.0:12876
2022-01-10 13:23:43,078 [Listener at 0.0.0.0/12879] INFO  server.RaftServer$Division (RaftServerImpl.java:start(301)) - 7fcd8313-8ccc-4d12-b0b9-018c7cf319d8@group-74F7029FD382: start as a follower, conf=0: [7fcd8313-8ccc-4d12-b0b9-018c7cf319d8|rpc:localhost:12876|admin:|client:|dataStream:|priority:0], old=null
2022-01-10 13:23:43,078 [Listener at 0.0.0.0/12879] INFO  server.RaftServer$Division (RaftServerImpl.java:setRole(290)) - 7fcd8313-8ccc-4d12-b0b9-018c7cf319d8@group-74F7029FD382: changes role from      null to FOLLOWER at term 1 for startAsFollower
2022-01-10 13:23:43,078 [Listener at 0.0.0.0/12879] INFO  impl.RoleInfo (RoleInfo.java:updateAndGet(130)) - 7fcd8313-8ccc-4d12-b0b9-018c7cf319d8: start 7fcd8313-8ccc-4d12-b0b9-018c7cf319d8@group-74F7029FD382-FollowerState
2022-01-10 13:23:43,089 [Listener at 0.0.0.0/12879] INFO  util.JmxRegister (JmxRegister.java:tryRegister(44)) - Successfully registered JMX Bean with object name Ratis:service=RaftServer,group=group-74F7029FD382,id=7fcd8313-8ccc-4d12-b0b9-018c7cf319d8
2022-01-10 13:23:43,090 [Listener at 0.0.0.0/12879] INFO  server.RaftServer (RaftServerProxy.java:lambda$start$5(374)) - 7fcd8313-8ccc-4d12-b0b9-018c7cf319d8: start RPC server
2022-01-10 13:23:43,091 [Listener at 0.0.0.0/12879] INFO  server.GrpcService (GrpcService.java:startImpl(253)) - 7fcd8313-8ccc-4d12-b0b9-018c7cf319d8: GrpcService started, listening on 12876
2022-01-10 13:23:43,092 [Listener at 0.0.0.0/12879] INFO  ha.SCMHAManagerImpl (SCMHAManagerImpl.java:start(120)) -  scm role is FOLLOWER peers [7fcd8313-8ccc-4d12-b0b9-018c7cf319d8|rpc:localhost:12876|admin:|client:|dataStream:|priority:0]
2022-01-10 13:23:43,092 [Listener at 0.0.0.0/12879] INFO  ha.InterSCMGrpcService (InterSCMGrpcProtocolService.java:start(94)) - Starting SCM Grpc Service at port 12880
2022-01-10 13:23:43,094 [Listener at 0.0.0.0/12879] WARN  impl.MetricsConfig (MetricsConfig.java:loadFirst(136)) - Cannot locate configuration: tried hadoop-metrics2-storagecontainermanager.properties,hadoop-metrics2.properties
2022-01-10 13:23:43,100 [org.apache.ratis.util.JvmPauseMonitor$$Lambda$500/2122256138@55f20d7e] INFO  util.JvmPauseMonitor (JvmPauseMonitor.java:run(103)) - JvmPauseMonitor-7fcd8313-8ccc-4d12-b0b9-018c7cf319d8: Started
2022-01-10 13:23:43,104 [Listener at 0.0.0.0/12879] INFO  impl.MetricsSystemImpl (MetricsSystemImpl.java:startTimer(378)) - Scheduled Metric snapshot period at 10 second(s).
2022-01-10 13:23:43,105 [Listener at 0.0.0.0/12879] INFO  impl.MetricsSystemImpl (MetricsSystemImpl.java:start(191)) - StorageContainerManager metrics system started
2022-01-10 13:23:43,130 [Listener at 0.0.0.0/12879] INFO  impl.MetricsSinkAdapter (MetricsSinkAdapter.java:start(204)) - Sink prometheus started
2022-01-10 13:23:43,131 [Listener at 0.0.0.0/12879] INFO  impl.MetricsSystemImpl (MetricsSystemImpl.java:registerSink(305)) - Registered sink prometheus
2022-01-10 13:23:43,163 [Listener at 0.0.0.0/12879] INFO  server.SCMClientProtocolServer (SCMClientProtocolServer.java:start(164)) - RPC server for Client  is listening at /0.0.0.0:12879
2022-01-10 13:23:43,171 [IPC Server Responder] INFO  ipc.Server (Server.java:run(1507)) - IPC Server Responder: starting
2022-01-10 13:23:43,172 [IPC Server listener on 12879] INFO  ipc.Server (Server.java:run(1344)) - IPC Server listener on 12879: starting
2022-01-10 13:23:43,332 [Listener at 0.0.0.0/12879] INFO  server.StorageContainerManager (StorageContainerManager.java:start(1318)) - ScmBlockLocationProtocol RPC server is listening at /0.0.0.0:12878
2022-01-10 13:23:43,333 [Listener at 0.0.0.0/12879] INFO  server.SCMBlockProtocolServer (SCMBlockProtocolServer.java:start(151)) - RPC server for Block Protocol is listening at /0.0.0.0:12878
2022-01-10 13:23:43,337 [IPC Server Responder] INFO  ipc.Server (Server.java:run(1507)) - IPC Server Responder: starting
2022-01-10 13:23:43,337 [IPC Server listener on 12878] INFO  ipc.Server (Server.java:run(1344)) - IPC Server listener on 12878: starting
2022-01-10 13:23:43,415 [Listener at 0.0.0.0/12879] INFO  http.BaseHttpServer (BaseHttpServer.java:newHttpServer2BuilderForOzone(209)) - Starting Web-server for scm at: http://0.0.0.0:12874
2022-01-10 13:23:43,416 [Listener at 0.0.0.0/12879] INFO  http.BaseHttpServer (BaseHttpServer.java:<init>(107)) - Hadoop Security Enabled: false Ozone Security Enabled: false Ozone HTTP Security Enabled: false 
2022-01-10 13:23:43,417 [Listener at 0.0.0.0/12879] INFO  server.AuthenticationFilter (AuthenticationFilter.java:constructSecretProvider(240)) - Unable to initialize FileSignerSecretProvider, falling back to use random secrets.
2022-01-10 13:23:43,425 [org.apache.hadoop.util.JvmPauseMonitor$Monitor@2603ad0a] INFO  util.JvmPauseMonitor (JvmPauseMonitor.java:run(188)) - Starting JVM pause monitor
2022-01-10 13:23:43,431 [Listener at 0.0.0.0/12879] WARN  http.HttpRequestLog (HttpRequestLog.java:getRequestLog(103)) - Jetty request log can only be enabled using Log4j
2022-01-10 13:23:43,433 [Listener at 0.0.0.0/12879] INFO  http.HttpServer2 (HttpServer2.java:addGlobalFilter(1030)) - Added global filter 'safety' (class=org.apache.hadoop.hdds.server.http.HttpServer2$QuotingInputFilter)
2022-01-10 13:23:43,434 [Listener at 0.0.0.0/12879] INFO  http.HttpServer2 (HttpServer2.java:addFilter(1006)) - Added filter static_user_filter (class=org.apache.hadoop.http.lib.StaticUserWebFilter$StaticUserFilter) to context scm
2022-01-10 13:23:43,434 [Listener at 0.0.0.0/12879] INFO  http.HttpServer2 (HttpServer2.java:addFilter(1014)) - Added filter static_user_filter (class=org.apache.hadoop.http.lib.StaticUserWebFilter$StaticUserFilter) to context logs
2022-01-10 13:23:43,434 [Listener at 0.0.0.0/12879] INFO  http.HttpServer2 (HttpServer2.java:addFilter(1014)) - Added filter static_user_filter (class=org.apache.hadoop.http.lib.StaticUserWebFilter$StaticUserFilter) to context static
2022-01-10 13:23:43,435 [Listener at 0.0.0.0/12879] INFO  http.HttpServer2 (HttpServer2.java:bindListener(1249)) - Jetty bound to port 12874
2022-01-10 13:23:43,435 [Listener at 0.0.0.0/12879] INFO  server.Server (Server.java:doStart(375)) - jetty-9.4.43.v20210629; built: 2021-06-30T11:07:22.254Z; git: 526006ecfa3af7f1a27ef3a288e2bef7ea9dd7e8; jvm 1.8.0_292-b10
2022-01-10 13:23:43,454 [Listener at 0.0.0.0/12879] INFO  server.session (DefaultSessionIdManager.java:doStart(334)) - DefaultSessionIdManager workerName=node0
2022-01-10 13:23:43,454 [Listener at 0.0.0.0/12879] INFO  server.session (DefaultSessionIdManager.java:doStart(339)) - No SessionScavenger set, using defaults
2022-01-10 13:23:43,454 [Listener at 0.0.0.0/12879] INFO  server.session (HouseKeeper.java:startScavenging(132)) - node0 Scavenging every 660000ms
2022-01-10 13:23:43,455 [Listener at 0.0.0.0/12879] INFO  handler.ContextHandler (ContextHandler.java:doStart(915)) - Started o.e.j.s.ServletContextHandler@78b9ef0c{logs,/logs,file:///home/runner/work/ozone/ozone/hadoop-ozone/integration-test/target/log,AVAILABLE}
2022-01-10 13:23:43,456 [Listener at 0.0.0.0/12879] INFO  handler.ContextHandler (ContextHandler.java:doStart(915)) - Started o.e.j.s.ServletContextHandler@4aaa6e62{static,/static,file:///home/runner/work/ozone/ozone/hadoop-ozone/integration-test/target/test-classes/webapps/static,AVAILABLE}
2022-01-10 13:23:43,459 [Listener at 0.0.0.0/12879] INFO  handler.ContextHandler (ContextHandler.java:doStart(915)) - Started o.e.j.w.WebAppContext@2dfecd52{scm,/,file:///home/runner/work/ozone/ozone/hadoop-ozone/integration-test/target/test-classes/webapps/scm/,AVAILABLE}{file:/home/runner/work/ozone/ozone/hadoop-ozone/integration-test/target/test-classes/webapps/scm}
2022-01-10 13:23:43,465 [Listener at 0.0.0.0/12879] INFO  server.AbstractConnector (AbstractConnector.java:doStart(331)) - Started ServerConnector@6169de0c{HTTP/1.1, (http/1.1)}{0.0.0.0:12874}
2022-01-10 13:23:43,465 [Listener at 0.0.0.0/12879] INFO  server.Server (Server.java:doStart(415)) - Started @78890ms
2022-01-10 13:23:43,465 [Listener at 0.0.0.0/12879] WARN  impl.MetricsSystemImpl (MetricsSystemImpl.java:register(279)) - Sink prometheus already exists!
2022-01-10 13:23:43,466 [Listener at 0.0.0.0/12879] INFO  http.BaseHttpServer (BaseHttpServer.java:updateConnectorAddress(329)) - HTTP server of scm listening at http://0.0.0.0:12874
2022-01-10 13:23:43,466 [Listener at 0.0.0.0/12879] INFO  ozone.MiniOzoneHAClusterImpl (MiniOzoneHAClusterImpl.java:createSCMService(577)) - Started SCM RPC server at org.apache.hadoop.hdds.scm.server.SCMClientProtocolServer@71374a2b
2022-01-10 13:23:43,473 [Listener at 0.0.0.0/12879] INFO  ha.SCMHANodeDetails (SCMHANodeDetails.java:loadSCMHAConfig(157)) - ServiceID for StorageContainerManager is scm-service-test1
2022-01-10 13:23:43,473 [Listener at 0.0.0.0/12879] INFO  ha.SCMHANodeDetails (SCMHANodeDetails.java:loadSCMHAConfig(168)) - ServiceID for StorageContainerManager is scm-service-test1
2022-01-10 13:23:43,473 [Listener at 0.0.0.0/12879] WARN  scm.ScmUtils (ScmUtils.java:logWarn(179)) - ConfigKey ozone.scm.block.client.address is deprecated, For configuring different ports for each SCM use PortConfigKey ozone.scm.block.client.port appended with serviceId and nodeId. If want to configure same port configure ozone.scm.block.client.port
2022-01-10 13:23:43,473 [Listener at 0.0.0.0/12879] WARN  scm.ScmUtils (ScmUtils.java:logWarn(179)) - ConfigKey ozone.scm.client.address is deprecated, For configuring different ports for each SCM use PortConfigKey ozone.scm.client.port appended with serviceId and nodeId. If want to configure same port configure ozone.scm.client.port
2022-01-10 13:23:43,473 [Listener at 0.0.0.0/12879] WARN  scm.ScmUtils (ScmUtils.java:logWarn(179)) - ConfigKey ozone.scm.datanode.address is deprecated, For configuring different ports for each SCM use PortConfigKey ozone.scm.datanode.port appended with serviceId and nodeId. If want to configure same port configure ozone.scm.datanode.port
2022-01-10 13:23:43,474 [Listener at 0.0.0.0/12879] WARN  scm.ScmUtils (ScmUtils.java:logWarn(179)) - ConfigKey ozone.scm.block.client.address is deprecated, For configuring different ports for each SCM use PortConfigKey ozone.scm.block.client.port appended with serviceId and nodeId. If want to configure same port configure ozone.scm.block.client.port
2022-01-10 13:23:43,474 [Listener at 0.0.0.0/12879] WARN  scm.ScmUtils (ScmUtils.java:logWarn(179)) - ConfigKey ozone.scm.client.address is deprecated, For configuring different ports for each SCM use PortConfigKey ozone.scm.client.port appended with serviceId and nodeId. If want to configure same port configure ozone.scm.client.port
2022-01-10 13:23:43,474 [Listener at 0.0.0.0/12879] WARN  scm.ScmUtils (ScmUtils.java:logWarn(179)) - ConfigKey ozone.scm.datanode.address is deprecated, For configuring different ports for each SCM use PortConfigKey ozone.scm.datanode.port appended with serviceId and nodeId. If want to configure same port configure ozone.scm.datanode.port
2022-01-10 13:23:43,474 [Listener at 0.0.0.0/12879] INFO  ha.SCMHANodeDetails (SCMHANodeDetails.java:loadSCMHAConfig(250)) - Found matching SCM address with SCMServiceId: scm-service-test1, SCMNodeId: scmNode-2, RPC Address: localhost:12886 and Ratis port: 12886
2022-01-10 13:23:43,480 [Listener at 0.0.0.0/12879] INFO  ha.SCMHANodeDetails (ConfUtils.java:setNodeSpecificConfigs(108)) - Setting configuration key ozone.scm.datanode.address with value of key ozone.scm.datanode.address.scm-service-test1.scmNode-2: 127.0.0.1:12887
2022-01-10 13:23:43,481 [Listener at 0.0.0.0/12879] INFO  ha.SCMHANodeDetails (ConfUtils.java:setNodeSpecificConfigs(108)) - Setting configuration key ozone.scm.block.client.address with value of key ozone.scm.block.client.address.scm-service-test1.scmNode-2: 127.0.0.1:12888
2022-01-10 13:23:43,481 [Listener at 0.0.0.0/12879] INFO  ha.SCMHANodeDetails (ConfUtils.java:setNodeSpecificConfigs(108)) - Setting configuration key ozone.scm.client.address with value of key ozone.scm.client.address.scm-service-test1.scmNode-2: 127.0.0.1:12889
2022-01-10 13:23:43,488 [Listener at 0.0.0.0/12879] INFO  ha.SCMHANodeDetails (ConfUtils.java:setNodeSpecificConfigs(108)) - Setting configuration key ozone.scm.ratis.port with value of key ozone.scm.ratis.port.scm-service-test1.scmNode-2: 12886
2022-01-10 13:23:43,489 [Listener at 0.0.0.0/12879] INFO  ha.SCMHANodeDetails (ConfUtils.java:setNodeSpecificConfigs(108)) - Setting configuration key ozone.scm.grpc.port with value of key ozone.scm.grpc.port.scm-service-test1.scmNode-2: 12890
2022-01-10 13:23:43,491 [Listener at 0.0.0.0/12879] INFO  ha.SCMHANodeDetails (ConfUtils.java:setNodeSpecificConfigs(108)) - Setting configuration key ozone.scm.http-address with value of key ozone.scm.http-address.scm-service-test1.scmNode-2: 127.0.0.1:12884
2022-01-10 13:23:43,491 [Listener at 0.0.0.0/12879] INFO  ha.SCMHANodeDetails (ConfUtils.java:setNodeSpecificConfigs(108)) - Setting configuration key ozone.scm.https-address with value of key ozone.scm.https-address.scm-service-test1.scmNode-2: 127.0.0.1:12885
2022-01-10 13:23:43,491 [Listener at 0.0.0.0/12879] INFO  ha.SCMHANodeDetails (ConfUtils.java:setNodeSpecificConfigs(108)) - Setting configuration key ozone.scm.address with value of key ozone.scm.address.scm-service-test1.scmNode-2: 127.0.0.1
2022-01-10 13:23:43,491 [Listener at 0.0.0.0/12879] WARN  scm.ScmUtils (ScmUtils.java:logWarn(179)) - ConfigKey ozone.scm.block.client.address is deprecated, For configuring different ports for each SCM use PortConfigKey ozone.scm.block.client.port appended with serviceId and nodeId. If want to configure same port configure ozone.scm.block.client.port
2022-01-10 13:23:43,491 [Listener at 0.0.0.0/12879] WARN  scm.ScmUtils (ScmUtils.java:logWarn(179)) - ConfigKey ozone.scm.client.address is deprecated, For configuring different ports for each SCM use PortConfigKey ozone.scm.client.port appended with serviceId and nodeId. If want to configure same port configure ozone.scm.client.port
2022-01-10 13:23:43,491 [Listener at 0.0.0.0/12879] WARN  scm.ScmUtils (ScmUtils.java:logWarn(179)) - ConfigKey ozone.scm.datanode.address is deprecated, For configuring different ports for each SCM use PortConfigKey ozone.scm.datanode.port appended with serviceId and nodeId. If want to configure same port configure ozone.scm.datanode.port
2022-01-10 13:23:43,492 [Listener at 0.0.0.0/12879] WARN  server.ServerUtils (ServerUtils.java:getScmDbDir(148)) - ozone.scm.db.dirs is not configured. We recommend adding this setting. Falling back to ozone.metadata.dirs instead.
2022-01-10 13:23:43,501 [Listener at 0.0.0.0/12879] INFO  ha.SCMNodeInfo (SCMNodeInfo.java:getPort(197)) - ConfigKey ozone.scm.client.address is deprecated, For configuring different ports for each SCM use PortConfigKey ozone.scm.client.port appended with serviceId and nodeId
2022-01-10 13:23:43,501 [Listener at 0.0.0.0/12879] INFO  ha.SCMNodeInfo (SCMNodeInfo.java:getPort(197)) - ConfigKey ozone.scm.block.client.address is deprecated, For configuring different ports for each SCM use PortConfigKey ozone.scm.block.client.port appended with serviceId and nodeId
2022-01-10 13:23:43,502 [Listener at 0.0.0.0/12879] INFO  ha.SCMNodeInfo (SCMNodeInfo.java:getPort(197)) - ConfigKey ozone.scm.datanode.address is deprecated, For configuring different ports for each SCM use PortConfigKey ozone.scm.datanode.port appended with serviceId and nodeId
2022-01-10 13:23:43,502 [Listener at 0.0.0.0/12879] INFO  ha.SCMNodeInfo (SCMNodeInfo.java:getPort(197)) - ConfigKey ozone.scm.client.address is deprecated, For configuring different ports for each SCM use PortConfigKey ozone.scm.client.port appended with serviceId and nodeId
2022-01-10 13:23:43,502 [Listener at 0.0.0.0/12879] INFO  ha.SCMNodeInfo (SCMNodeInfo.java:getPort(197)) - ConfigKey ozone.scm.block.client.address is deprecated, For configuring different ports for each SCM use PortConfigKey ozone.scm.block.client.port appended with serviceId and nodeId
2022-01-10 13:23:43,502 [Listener at 0.0.0.0/12879] INFO  ha.SCMNodeInfo (SCMNodeInfo.java:getPort(197)) - ConfigKey ozone.scm.datanode.address is deprecated, For configuring different ports for each SCM use PortConfigKey ozone.scm.datanode.port appended with serviceId and nodeId
2022-01-10 13:23:43,502 [Listener at 0.0.0.0/12879] INFO  ha.SCMNodeInfo (SCMNodeInfo.java:getPort(197)) - ConfigKey ozone.scm.client.address is deprecated, For configuring different ports for each SCM use PortConfigKey ozone.scm.client.port appended with serviceId and nodeId
2022-01-10 13:23:43,502 [Listener at 0.0.0.0/12879] INFO  ha.SCMNodeInfo (SCMNodeInfo.java:getPort(197)) - ConfigKey ozone.scm.block.client.address is deprecated, For configuring different ports for each SCM use PortConfigKey ozone.scm.block.client.port appended with serviceId and nodeId
2022-01-10 13:23:43,502 [Listener at 0.0.0.0/12879] INFO  ha.SCMNodeInfo (SCMNodeInfo.java:getPort(197)) - ConfigKey ozone.scm.datanode.address is deprecated, For configuring different ports for each SCM use PortConfigKey ozone.scm.datanode.port appended with serviceId and nodeId
2022-01-10 13:23:43,560 [EndpointStateMachine task thread for /127.0.0.1:14629 - 0 ] INFO  ipc.Client (Client.java:handleConnectionFailure(977)) - Retrying connect to server: localhost/127.0.0.1:14629. Already tried 10 time(s); retry policy is RetryUpToMaximumCountWithFixedSleep(maxRetries=15, sleepTime=1000 MILLISECONDS)
2022-01-10 13:23:43,563 [EndpointStateMachine task thread for /127.0.0.1:14609 - 0 ] INFO  ipc.Client (Client.java:handleConnectionFailure(977)) - Retrying connect to server: localhost/127.0.0.1:14609. Already tried 13 time(s); retry policy is RetryUpToMaximumCountWithFixedSleep(maxRetries=15, sleepTime=1000 MILLISECONDS)
2022-01-10 13:23:43,564 [EndpointStateMachine task thread for /127.0.0.1:14619 - 0 ] INFO  ipc.Client (Client.java:handleConnectionFailure(977)) - Retrying connect to server: localhost/127.0.0.1:14619. Already tried 10 time(s); retry policy is RetryUpToMaximumCountWithFixedSleep(maxRetries=15, sleepTime=1000 MILLISECONDS)
2022-01-10 13:23:44,561 [EndpointStateMachine task thread for /127.0.0.1:14629 - 0 ] INFO  ipc.Client (Client.java:handleConnectionFailure(977)) - Retrying connect to server: localhost/127.0.0.1:14629. Already tried 11 time(s); retry policy is RetryUpToMaximumCountWithFixedSleep(maxRetries=15, sleepTime=1000 MILLISECONDS)
2022-01-10 13:23:44,564 [EndpointStateMachine task thread for /127.0.0.1:14609 - 0 ] INFO  ipc.Client (Client.java:handleConnectionFailure(977)) - Retrying connect to server: localhost/127.0.0.1:14609. Already tried 14 time(s); retry policy is RetryUpToMaximumCountWithFixedSleep(maxRetries=15, sleepTime=1000 MILLISECONDS)
2022-01-10 13:23:44,565 [EndpointStateMachine task thread for /127.0.0.1:14619 - 0 ] INFO  ipc.Client (Client.java:handleConnectionFailure(977)) - Retrying connect to server: localhost/127.0.0.1:14619. Already tried 11 time(s); retry policy is RetryUpToMaximumCountWithFixedSleep(maxRetries=15, sleepTime=1000 MILLISECONDS)
2022-01-10 13:23:45,531 [Listener at 0.0.0.0/12879] INFO  retry.RetryInvocationHandler (RetryInvocationHandler.java:log(411)) - com.google.protobuf.ServiceException: java.net.ConnectException: Call From fv-az12-360/10.1.0.41 to localhost:12888 failed on connection exception: java.net.ConnectException: Connection refused; For more details see:  http://wiki.apache.org/hadoop/ConnectionRefused, while invoking $Proxy39.send over nodeId=scmNode-2,nodeAddress=/127.0.0.1:12888 after 1 failover attempts. Trying to failover after sleeping for 2000ms.
2022-01-10 13:23:45,562 [EndpointStateMachine task thread for /127.0.0.1:14629 - 0 ] INFO  ipc.Client (Client.java:handleConnectionFailure(977)) - Retrying connect to server: localhost/127.0.0.1:14629. Already tried 12 time(s); retry policy is RetryUpToMaximumCountWithFixedSleep(maxRetries=15, sleepTime=1000 MILLISECONDS)
2022-01-10 13:23:45,565 [EndpointStateMachine task thread for /127.0.0.1:14609 - 0 ] INFO  ipc.Client (Client.java:handleConnectionFailure(977)) - Retrying connect to server: localhost/127.0.0.1:14609. Already tried 0 time(s); retry policy is RetryUpToMaximumCountWithFixedSleep(maxRetries=15, sleepTime=1000 MILLISECONDS)
2022-01-10 13:23:45,566 [EndpointStateMachine task thread for /127.0.0.1:14619 - 0 ] INFO  ipc.Client (Client.java:handleConnectionFailure(977)) - Retrying connect to server: localhost/127.0.0.1:14619. Already tried 12 time(s); retry policy is RetryUpToMaximumCountWithFixedSleep(maxRetries=15, sleepTime=1000 MILLISECONDS)
2022-01-10 13:23:46,563 [EndpointStateMachine task thread for /127.0.0.1:14629 - 0 ] INFO  ipc.Client (Client.java:handleConnectionFailure(977)) - Retrying connect to server: localhost/127.0.0.1:14629. Already tried 13 time(s); retry policy is RetryUpToMaximumCountWithFixedSleep(maxRetries=15, sleepTime=1000 MILLISECONDS)
2022-01-10 13:23:46,566 [EndpointStateMachine task thread for /127.0.0.1:14609 - 0 ] INFO  ipc.Client (Client.java:handleConnectionFailure(977)) - Retrying connect to server: localhost/127.0.0.1:14609. Already tried 1 time(s); retry policy is RetryUpToMaximumCountWithFixedSleep(maxRetries=15, sleepTime=1000 MILLISECONDS)
2022-01-10 13:23:46,566 [EndpointStateMachine task thread for /127.0.0.1:14619 - 0 ] INFO  ipc.Client (Client.java:handleConnectionFailure(977)) - Retrying connect to server: localhost/127.0.0.1:14619. Already tried 13 time(s); retry policy is RetryUpToMaximumCountWithFixedSleep(maxRetries=15, sleepTime=1000 MILLISECONDS)
2022-01-10 13:23:47,532 [Listener at 0.0.0.0/12879] INFO  retry.RetryInvocationHandler (RetryInvocationHandler.java:log(411)) - com.google.protobuf.ServiceException: java.net.ConnectException: Call From fv-az12-360/10.1.0.41 to localhost:12898 failed on connection exception: java.net.ConnectException: Connection refused; For more details see:  http://wiki.apache.org/hadoop/ConnectionRefused, while invoking $Proxy39.send over nodeId=scmNode-3,nodeAddress=/127.0.0.1:12898 after 2 failover attempts. Trying to failover after sleeping for 2000ms.
2022-01-10 13:23:47,563 [EndpointStateMachine task thread for /127.0.0.1:14629 - 0 ] INFO  ipc.Client (Client.java:handleConnectionFailure(977)) - Retrying connect to server: localhost/127.0.0.1:14629. Already tried 14 time(s); retry policy is RetryUpToMaximumCountWithFixedSleep(maxRetries=15, sleepTime=1000 MILLISECONDS)
2022-01-10 13:23:47,570 [EndpointStateMachine task thread for /127.0.0.1:14619 - 0 ] INFO  ipc.Client (Client.java:handleConnectionFailure(977)) - Retrying connect to server: localhost/127.0.0.1:14619. Already tried 14 time(s); retry policy is RetryUpToMaximumCountWithFixedSleep(maxRetries=15, sleepTime=1000 MILLISECONDS)
2022-01-10 13:23:47,570 [EndpointStateMachine task thread for /127.0.0.1:14609 - 0 ] INFO  ipc.Client (Client.java:handleConnectionFailure(977)) - Retrying connect to server: localhost/127.0.0.1:14609. Already tried 2 time(s); retry policy is RetryUpToMaximumCountWithFixedSleep(maxRetries=15, sleepTime=1000 MILLISECONDS)
2022-01-10 13:23:48,180 [7fcd8313-8ccc-4d12-b0b9-018c7cf319d8@group-74F7029FD382-FollowerState] INFO  impl.FollowerState (FollowerState.java:run(134)) - 7fcd8313-8ccc-4d12-b0b9-018c7cf319d8@group-74F7029FD382-FollowerState: change to CANDIDATE, lastRpcElapsedTime:5101632718ns, electionTimeout:5083ms
2022-01-10 13:23:48,180 [7fcd8313-8ccc-4d12-b0b9-018c7cf319d8@group-74F7029FD382-FollowerState] INFO  impl.RoleInfo (RoleInfo.java:shutdownFollowerState(108)) - 7fcd8313-8ccc-4d12-b0b9-018c7cf319d8: shutdown 7fcd8313-8ccc-4d12-b0b9-018c7cf319d8@group-74F7029FD382-FollowerState
2022-01-10 13:23:48,180 [7fcd8313-8ccc-4d12-b0b9-018c7cf319d8@group-74F7029FD382-FollowerState] INFO  server.RaftServer$Division (RaftServerImpl.java:setRole(290)) - 7fcd8313-8ccc-4d12-b0b9-018c7cf319d8@group-74F7029FD382: changes role from  FOLLOWER to CANDIDATE at term 1 for changeToCandidate
2022-01-10 13:23:48,180 [7fcd8313-8ccc-4d12-b0b9-018c7cf319d8@group-74F7029FD382-FollowerState] INFO  server.RaftServerConfigKeys (ConfUtils.java:logGet(44)) - raft.server.leaderelection.pre-vote = false (custom)
2022-01-10 13:23:48,180 [7fcd8313-8ccc-4d12-b0b9-018c7cf319d8@group-74F7029FD382-FollowerState] INFO  impl.RoleInfo (RoleInfo.java:updateAndGet(130)) - 7fcd8313-8ccc-4d12-b0b9-018c7cf319d8: start 7fcd8313-8ccc-4d12-b0b9-018c7cf319d8@group-74F7029FD382-LeaderElection14
2022-01-10 13:23:48,193 [7fcd8313-8ccc-4d12-b0b9-018c7cf319d8@group-74F7029FD382-LeaderElection14] INFO  impl.LeaderElection (LeaderElection.java:askForVotes(306)) - 7fcd8313-8ccc-4d12-b0b9-018c7cf319d8@group-74F7029FD382-LeaderElection14 ELECTION round 0: submit vote requests at term 2 for 0: [7fcd8313-8ccc-4d12-b0b9-018c7cf319d8|rpc:localhost:12876|admin:|client:|dataStream:|priority:0], old=null
2022-01-10 13:23:48,193 [7fcd8313-8ccc-4d12-b0b9-018c7cf319d8@group-74F7029FD382-LeaderElection14] INFO  impl.LeaderElection (LeaderElection.java:askForVotes(308)) - 7fcd8313-8ccc-4d12-b0b9-018c7cf319d8@group-74F7029FD382-LeaderElection14 ELECTION round 0: result PASSED (term=2)
2022-01-10 13:23:48,193 [7fcd8313-8ccc-4d12-b0b9-018c7cf319d8@group-74F7029FD382-LeaderElection14] INFO  impl.RoleInfo (RoleInfo.java:shutdownLeaderElection(121)) - 7fcd8313-8ccc-4d12-b0b9-018c7cf319d8: shutdown 7fcd8313-8ccc-4d12-b0b9-018c7cf319d8@group-74F7029FD382-LeaderElection14
2022-01-10 13:23:48,193 [7fcd8313-8ccc-4d12-b0b9-018c7cf319d8@group-74F7029FD382-LeaderElection14] INFO  server.RaftServer$Division (RaftServerImpl.java:setRole(290)) - 7fcd8313-8ccc-4d12-b0b9-018c7cf319d8@group-74F7029FD382: changes role from CANDIDATE to LEADER at term 2 for changeToLeader
2022-01-10 13:23:48,193 [7fcd8313-8ccc-4d12-b0b9-018c7cf319d8@group-74F7029FD382-LeaderElection14] INFO  ha.SCMStateMachine (SCMStateMachine.java:notifyLeaderChanged(259)) - current SCM becomes leader of term 2.
2022-01-10 13:23:48,193 [7fcd8313-8ccc-4d12-b0b9-018c7cf319d8@group-74F7029FD382-LeaderElection14] INFO  ha.SCMContext (SCMContext.java:updateLeaderAndTerm(90)) - update <isLeader,term> from <false,0> to <true,2>
2022-01-10 13:23:48,193 [7fcd8313-8ccc-4d12-b0b9-018c7cf319d8@group-74F7029FD382-LeaderElection14] INFO  server.RaftServer$Division (ServerState.java:setLeader(285)) - 7fcd8313-8ccc-4d12-b0b9-018c7cf319d8@group-74F7029FD382: change Leader from null to 7fcd8313-8ccc-4d12-b0b9-018c7cf319d8 at term 2 for becomeLeader, leader elected after 5252ms
2022-01-10 13:23:48,194 [7fcd8313-8ccc-4d12-b0b9-018c7cf319d8@group-74F7029FD382-LeaderElection14] INFO  server.RaftServerConfigKeys (ConfUtils.java:logGet(44)) - raft.server.staging.catchup.gap = 1000 (default)
2022-01-10 13:23:48,198 [7fcd8313-8ccc-4d12-b0b9-018c7cf319d8@group-74F7029FD382-LeaderElection14] INFO  server.RaftServerConfigKeys (ConfUtils.java:logGet(44)) - raft.server.write.element-limit = 4096 (default)
2022-01-10 13:23:48,198 [7fcd8313-8ccc-4d12-b0b9-018c7cf319d8@group-74F7029FD382-LeaderElection14] INFO  server.RaftServerConfigKeys (ConfUtils.java:logGet(44)) - raft.server.write.byte-limit = 64MB (=67108864) (default)
2022-01-10 13:23:48,198 [7fcd8313-8ccc-4d12-b0b9-018c7cf319d8@group-74F7029FD382-LeaderElection14] INFO  server.RaftServerConfigKeys (ConfUtils.java:logGet(44)) - raft.server.watch.timeout = 10s (default)
2022-01-10 13:23:48,198 [7fcd8313-8ccc-4d12-b0b9-018c7cf319d8@group-74F7029FD382-LeaderElection14] INFO  server.RaftServerConfigKeys (ConfUtils.java:logGet(44)) - raft.server.watch.timeout.denomination = 1s (default)
2022-01-10 13:23:48,199 [7fcd8313-8ccc-4d12-b0b9-018c7cf319d8@group-74F7029FD382-LeaderElection14] INFO  server.RaftServerConfigKeys (ConfUtils.java:logGet(44)) - raft.server.watch.element-limit = 65536 (default)
2022-01-10 13:23:48,199 [7fcd8313-8ccc-4d12-b0b9-018c7cf319d8@group-74F7029FD382-LeaderElection14] INFO  server.RaftServerConfigKeys (ConfUtils.java:logGet(44)) - raft.server.write.element-limit = 4096 (default)
2022-01-10 13:23:48,199 [7fcd8313-8ccc-4d12-b0b9-018c7cf319d8@group-74F7029FD382-LeaderElection14] INFO  server.RaftServerConfigKeys (ConfUtils.java:logGet(44)) - raft.server.write.follower.gap.ratio.max = -1.0 (default)
2022-01-10 13:23:48,199 [7fcd8313-8ccc-4d12-b0b9-018c7cf319d8@group-74F7029FD382-LeaderElection14] INFO  impl.RoleInfo (RoleInfo.java:updateAndGet(130)) - 7fcd8313-8ccc-4d12-b0b9-018c7cf319d8: start 7fcd8313-8ccc-4d12-b0b9-018c7cf319d8@group-74F7029FD382-LeaderStateImpl
2022-01-10 13:23:48,199 [7fcd8313-8ccc-4d12-b0b9-018c7cf319d8@group-74F7029FD382-LeaderElection14] INFO  segmented.SegmentedRaftLogWorker (SegmentedRaftLogWorker.java:rollLogSegment(399)) - 7fcd8313-8ccc-4d12-b0b9-018c7cf319d8@group-74F7029FD382-SegmentedRaftLogWorker: Rolling segment log-0_0 to index:0
2022-01-10 13:23:48,200 [7fcd8313-8ccc-4d12-b0b9-018c7cf319d8@group-74F7029FD382-SegmentedRaftLogWorker] INFO  segmented.SegmentedRaftLogWorker (SegmentedRaftLogWorker.java:execute(558)) - 7fcd8313-8ccc-4d12-b0b9-018c7cf319d8@group-74F7029FD382-SegmentedRaftLogWorker: Rolled log segment from /home/runner/work/ozone/ozone/hadoop-ozone/integration-test/target/test-dir/MiniOzoneClusterImpl-4961146f-9f28-4cba-af76-74f7029fd382/scmNode-1/scm-ha/4961146f-9f28-4cba-af76-74f7029fd382/current/log_inprogress_0 to /home/runner/work/ozone/ozone/hadoop-ozone/integration-test/target/test-dir/MiniOzoneClusterImpl-4961146f-9f28-4cba-af76-74f7029fd382/scmNode-1/scm-ha/4961146f-9f28-4cba-af76-74f7029fd382/current/log_0-0
2022-01-10 13:23:48,202 [7fcd8313-8ccc-4d12-b0b9-018c7cf319d8@group-74F7029FD382-LeaderElection14] INFO  server.RaftServer$Division (ServerState.java:setRaftConf(387)) - 7fcd8313-8ccc-4d12-b0b9-018c7cf319d8@group-74F7029FD382: set configuration 1: [7fcd8313-8ccc-4d12-b0b9-018c7cf319d8|rpc:localhost:12876|admin:|client:|dataStream:|priority:0], old=null
2022-01-10 13:23:48,217 [7fcd8313-8ccc-4d12-b0b9-018c7cf319d8@group-74F7029FD382-SegmentedRaftLogWorker] INFO  segmented.SegmentedRaftLogWorker (SegmentedRaftLogWorker.java:execute(601)) - 7fcd8313-8ccc-4d12-b0b9-018c7cf319d8@group-74F7029FD382-SegmentedRaftLogWorker: created new log segment /home/runner/work/ozone/ozone/hadoop-ozone/integration-test/target/test-dir/MiniOzoneClusterImpl-4961146f-9f28-4cba-af76-74f7029fd382/scmNode-1/scm-ha/4961146f-9f28-4cba-af76-74f7029fd382/current/log_inprogress_1
2022-01-10 13:23:48,219 [7fcd8313-8ccc-4d12-b0b9-018c7cf319d8@group-74F7029FD382-StateMachineUpdater] INFO  ha.SCMContext (SCMContext.java:setLeaderReady(117)) - update <isLeaderReady> from <false> to <true>
2022-01-10 13:23:48,220 [7fcd8313-8ccc-4d12-b0b9-018c7cf319d8@group-74F7029FD382-StateMachineUpdater] INFO  pipeline.BackgroundPipelineCreator (BackgroundPipelineCreator.java:notifyStatusChanged(264)) - Service BackgroundPipelineCreator transitions to RUNNING.
2022-01-10 13:23:48,221 [7fcd8313-8ccc-4d12-b0b9-018c7cf319d8@group-74F7029FD382-StateMachineUpdater] INFO  safemode.HealthyPipelineSafeModeRule (HealthyPipelineSafeModeRule.java:initializeRule(152)) - Refreshed total pipeline count is 0, healthy pipeline threshold count is 1
2022-01-10 13:23:48,221 [7fcd8313-8ccc-4d12-b0b9-018c7cf319d8@group-74F7029FD382-StateMachineUpdater] INFO  safemode.ContainerSafeModeRule (ContainerSafeModeRule.java:reInitializeRule(177)) - Refreshed one replica container threshold 0, currentThreshold 0
2022-01-10 13:23:48,221 [7fcd8313-8ccc-4d12-b0b9-018c7cf319d8@group-74F7029FD382-StateMachineUpdater] INFO  safemode.OneReplicaPipelineSafeModeRule (OneReplicaPipelineSafeModeRule.java:initializeRule(176)) - Refreshed Total pipeline count is 0, pipeline's with at least one datanode reported threshold count is 0
2022-01-10 13:23:48,221 [7fcd8313-8ccc-4d12-b0b9-018c7cf319d8@group-74F7029FD382-StateMachineUpdater] INFO  server.SCMDatanodeProtocolServer (SCMDatanodeProtocolServer.java:start(181)) - ScmDatanodeProtocol RPC server for DataNodes is listening at /0.0.0.0:12877
2022-01-10 13:23:48,233 [IPC Server listener on 12877] INFO  ipc.Server (Server.java:run(1344)) - IPC Server listener on 12877: starting
2022-01-10 13:23:48,236 [IPC Server Responder] INFO  ipc.Server (Server.java:run(1507)) - IPC Server Responder: starting
2022-01-10 13:23:48,565 [EndpointStateMachine task thread for /127.0.0.1:14629 - 0 ] INFO  ipc.Client (Client.java:handleConnectionFailure(977)) - Retrying connect to server: localhost/127.0.0.1:14629. Already tried 0 time(s); retry policy is RetryUpToMaximumCountWithFixedSleep(maxRetries=15, sleepTime=1000 MILLISECONDS)
2022-01-10 13:23:48,572 [EndpointStateMachine task thread for /127.0.0.1:14619 - 0 ] INFO  ipc.Client (Client.java:handleConnectionFailure(977)) - Retrying connect to server: localhost/127.0.0.1:14619. Already tried 0 time(s); retry policy is RetryUpToMaximumCountWithFixedSleep(maxRetries=15, sleepTime=1000 MILLISECONDS)
2022-01-10 13:23:48,572 [EndpointStateMachine task thread for /127.0.0.1:14609 - 0 ] INFO  ipc.Client (Client.java:handleConnectionFailure(977)) - Retrying connect to server: localhost/127.0.0.1:14609. Already tried 3 time(s); retry policy is RetryUpToMaximumCountWithFixedSleep(maxRetries=15, sleepTime=1000 MILLISECONDS)
2022-01-10 13:23:49,537 [Listener at 0.0.0.0/12879] INFO  server.StorageContainerManager (StorageContainerManager.java:scmBootstrap(987)) - SCM BootStrap  is successful for ClusterID 4961146f-9f28-4cba-af76-74f7029fd382, SCMID 494c7a1b-9442-431c-b450-0b8d0617d867
2022-01-10 13:23:49,538 [Listener at 0.0.0.0/12879] INFO  server.StorageContainerManager (StorageContainerManager.java:scmBootstrap(989)) - Primary SCM Node ID 7fcd8313-8ccc-4d12-b0b9-018c7cf319d8
2022-01-10 13:23:49,538 [Listener at 0.0.0.0/12879] INFO  ha.SCMHANodeDetails (SCMHANodeDetails.java:loadSCMHAConfig(157)) - ServiceID for StorageContainerManager is scm-service-test1
2022-01-10 13:23:49,538 [Listener at 0.0.0.0/12879] INFO  ha.SCMHANodeDetails (SCMHANodeDetails.java:loadSCMHAConfig(168)) - ServiceID for StorageContainerManager is scm-service-test1
2022-01-10 13:23:49,538 [Listener at 0.0.0.0/12879] WARN  scm.ScmUtils (ScmUtils.java:logWarn(179)) - ConfigKey ozone.scm.block.client.address is deprecated, For configuring different ports for each SCM use PortConfigKey ozone.scm.block.client.port appended with serviceId and nodeId. If want to configure same port configure ozone.scm.block.client.port
2022-01-10 13:23:49,538 [Listener at 0.0.0.0/12879] WARN  scm.ScmUtils (ScmUtils.java:logWarn(179)) - ConfigKey ozone.scm.client.address is deprecated, For configuring different ports for each SCM use PortConfigKey ozone.scm.client.port appended with serviceId and nodeId. If want to configure same port configure ozone.scm.client.port
2022-01-10 13:23:49,538 [Listener at 0.0.0.0/12879] WARN  scm.ScmUtils (ScmUtils.java:logWarn(179)) - ConfigKey ozone.scm.datanode.address is deprecated, For configuring different ports for each SCM use PortConfigKey ozone.scm.datanode.port appended with serviceId and nodeId. If want to configure same port configure ozone.scm.datanode.port
2022-01-10 13:23:49,538 [Listener at 0.0.0.0/12879] WARN  scm.ScmUtils (ScmUtils.java:logWarn(179)) - ConfigKey ozone.scm.block.client.address is deprecated, For configuring different ports for each SCM use PortConfigKey ozone.scm.block.client.port appended with serviceId and nodeId. If want to configure same port configure ozone.scm.block.client.port
2022-01-10 13:23:49,539 [Listener at 0.0.0.0/12879] WARN  scm.ScmUtils (ScmUtils.java:logWarn(179)) - ConfigKey ozone.scm.client.address is deprecated, For configuring different ports for each SCM use PortConfigKey ozone.scm.client.port appended with serviceId and nodeId. If want to configure same port configure ozone.scm.client.port
2022-01-10 13:23:49,539 [Listener at 0.0.0.0/12879] WARN  scm.ScmUtils (ScmUtils.java:logWarn(179)) - ConfigKey ozone.scm.datanode.address is deprecated, For configuring different ports for each SCM use PortConfigKey ozone.scm.datanode.port appended with serviceId and nodeId. If want to configure same port configure ozone.scm.datanode.port
2022-01-10 13:23:49,539 [Listener at 0.0.0.0/12879] INFO  ha.SCMHANodeDetails (SCMHANodeDetails.java:loadSCMHAConfig(250)) - Found matching SCM address with SCMServiceId: scm-service-test1, SCMNodeId: scmNode-2, RPC Address: localhost:12886 and Ratis port: 12886
2022-01-10 13:23:49,539 [Listener at 0.0.0.0/12879] INFO  ha.SCMHANodeDetails (ConfUtils.java:setNodeSpecificConfigs(108)) - Setting configuration key ozone.scm.datanode.address with value of key ozone.scm.datanode.address.scm-service-test1.scmNode-2: 127.0.0.1:12887
2022-01-10 13:23:49,539 [Listener at 0.0.0.0/12879] INFO  ha.SCMHANodeDetails (ConfUtils.java:setNodeSpecificConfigs(108)) - Setting configuration key ozone.scm.block.client.address with value of key ozone.scm.block.client.address.scm-service-test1.scmNode-2: 127.0.0.1:12888
2022-01-10 13:23:49,539 [Listener at 0.0.0.0/12879] INFO  ha.SCMHANodeDetails (ConfUtils.java:setNodeSpecificConfigs(108)) - Setting configuration key ozone.scm.client.address with value of key ozone.scm.client.address.scm-service-test1.scmNode-2: 127.0.0.1:12889
2022-01-10 13:23:49,540 [Listener at 0.0.0.0/12879] INFO  ha.SCMHANodeDetails (ConfUtils.java:setNodeSpecificConfigs(108)) - Setting configuration key ozone.scm.ratis.port with value of key ozone.scm.ratis.port.scm-service-test1.scmNode-2: 12886
2022-01-10 13:23:49,540 [Listener at 0.0.0.0/12879] INFO  ha.SCMHANodeDetails (ConfUtils.java:setNodeSpecificConfigs(108)) - Setting configuration key ozone.scm.grpc.port with value of key ozone.scm.grpc.port.scm-service-test1.scmNode-2: 12890
2022-01-10 13:23:49,540 [Listener at 0.0.0.0/12879] INFO  ha.SCMHANodeDetails (ConfUtils.java:setNodeSpecificConfigs(108)) - Setting configuration key ozone.scm.http-address with value of key ozone.scm.http-address.scm-service-test1.scmNode-2: 127.0.0.1:12884
2022-01-10 13:23:49,540 [Listener at 0.0.0.0/12879] INFO  ha.SCMHANodeDetails (ConfUtils.java:setNodeSpecificConfigs(108)) - Setting configuration key ozone.scm.https-address with value of key ozone.scm.https-address.scm-service-test1.scmNode-2: 127.0.0.1:12885
2022-01-10 13:23:49,540 [Listener at 0.0.0.0/12879] INFO  ha.SCMHANodeDetails (ConfUtils.java:setNodeSpecificConfigs(108)) - Setting configuration key ozone.scm.address with value of key ozone.scm.address.scm-service-test1.scmNode-2: 127.0.0.1
2022-01-10 13:23:49,541 [Listener at 0.0.0.0/12879] WARN  scm.ScmUtils (ScmUtils.java:logWarn(179)) - ConfigKey ozone.scm.block.client.address is deprecated, For configuring different ports for each SCM use PortConfigKey ozone.scm.block.client.port appended with serviceId and nodeId. If want to configure same port configure ozone.scm.block.client.port
2022-01-10 13:23:49,541 [Listener at 0.0.0.0/12879] WARN  scm.ScmUtils (ScmUtils.java:logWarn(179)) - ConfigKey ozone.scm.client.address is deprecated, For configuring different ports for each SCM use PortConfigKey ozone.scm.client.port appended with serviceId and nodeId. If want to configure same port configure ozone.scm.client.port
2022-01-10 13:23:49,541 [Listener at 0.0.0.0/12879] WARN  scm.ScmUtils (ScmUtils.java:logWarn(179)) - ConfigKey ozone.scm.datanode.address is deprecated, For configuring different ports for each SCM use PortConfigKey ozone.scm.datanode.port appended with serviceId and nodeId. If want to configure same port configure ozone.scm.datanode.port
2022-01-10 13:23:49,542 [Listener at 0.0.0.0/12879] WARN  server.ServerUtils (ServerUtils.java:getScmDbDir(148)) - ozone.scm.db.dirs is not configured. We recommend adding this setting. Falling back to ozone.metadata.dirs instead.
2022-01-10 13:23:49,542 [Listener at 0.0.0.0/12879] INFO  upgrade.AbstractLayoutVersionManager (AbstractLayoutVersionManager.java:init(79)) - Initializing Layout version manager with metadata layout = SCM_HA (version = 2), software layout = SCM_HA (version = 2)
2022-01-10 13:23:49,565 [EndpointStateMachine task thread for /127.0.0.1:14629 - 0 ] INFO  ipc.Client (Client.java:handleConnectionFailure(977)) - Retrying connect to server: localhost/127.0.0.1:14629. Already tried 1 time(s); retry policy is RetryUpToMaximumCountWithFixedSleep(maxRetries=15, sleepTime=1000 MILLISECONDS)
2022-01-10 13:23:49,572 [EndpointStateMachine task thread for /127.0.0.1:14619 - 0 ] INFO  ipc.Client (Client.java:handleConnectionFailure(977)) - Retrying connect to server: localhost/127.0.0.1:14619. Already tried 1 time(s); retry policy is RetryUpToMaximumCountWithFixedSleep(maxRetries=15, sleepTime=1000 MILLISECONDS)
2022-01-10 13:23:49,573 [EndpointStateMachine task thread for /127.0.0.1:14609 - 0 ] INFO  ipc.Client (Client.java:handleConnectionFailure(977)) - Retrying connect to server: localhost/127.0.0.1:14609. Already tried 4 time(s); retry policy is RetryUpToMaximumCountWithFixedSleep(maxRetries=15, sleepTime=1000 MILLISECONDS)
2022-01-10 13:23:49,635 [Listener at 0.0.0.0/12879] INFO  reflections.Reflections (Reflections.java:scan(232)) - Reflections took 89 ms to scan 7 urls, producing 119 keys and 279 values 
2022-01-10 13:23:49,652 [Listener at 0.0.0.0/12879] WARN  utils.HAUtils (HAUtils.java:getMetaDir(342)) - ozone.scm.db.dirs is not configured. We recommend adding this setting. Falling back to ozone.metadata.dirs instead.
2022-01-10 13:23:49,654 [Listener at 0.0.0.0/12879] WARN  db.DBStoreBuilder (DBStoreBuilder.java:applyDBDefinition(145)) - ozone.scm.db.dirs is not configured. We recommend adding this setting. Falling back to ozone.metadata.dirs instead.
2022-01-10 13:23:49,774 [Listener at 0.0.0.0/12879] INFO  net.NodeSchemaLoader (NodeSchemaLoader.java:loadSchemaFromFile(129)) - Loading schema from [jar:file:/home/runner/.m2/repository/org/apache/ozone/hdds-common/1.3.0-SNAPSHOT/hdds-common-1.3.0-SNAPSHOT.jar!/network-topology-default.xml]
2022-01-10 13:23:49,775 [Listener at 0.0.0.0/12879] INFO  net.NodeSchemaLoader (NodeSchemaLoader.java:loadSchema(176)) - Loading network topology layer schema file
2022-01-10 13:23:49,785 [Listener at 0.0.0.0/12879] WARN  impl.MetricRegistriesImpl (MetricRegistriesImpl.java:addReporterRegistration(111)) - New reporters are added after registries were created. Some metrics will be missing from the reporter. Please add reporter before adding any new registry.
2022-01-10 13:23:49,785 [Listener at 0.0.0.0/12879] WARN  impl.MetricRegistriesImpl (MetricRegistriesImpl.java:addReporterRegistration(111)) - New reporters are added after registries were created. Some metrics will be missing from the reporter. Please add reporter before adding any new registry.
2022-01-10 13:23:49,786 [Listener at 0.0.0.0/12879] INFO  ha.SCMRatisServerImpl (SCMRatisServerImpl.java:<init>(87)) - starting Raft server for scm:494c7a1b-9442-431c-b450-0b8d0617d867
2022-01-10 13:23:49,787 [Listener at 0.0.0.0/12879] INFO  server.RaftServer (ConfUtils.java:logGet(44)) - raft.rpc.type = GRPC (default)
2022-01-10 13:23:49,787 [Listener at 0.0.0.0/12879] INFO  grpc.GrpcFactory (GrpcFactory.java:checkPooledByteBufAllocatorUseCacheForAllThreads(48)) - PERFORMANCE WARNING: useCacheForAllThreads is true that may cause Netty to create a lot garbage objects and, as a result, trigger GC.
	It is recommended to disable useCacheForAllThreads by setting -Dorg.apache.ratis.thirdparty.io.netty.allocator.useCacheForAllThreads=false in command line.
2022-01-10 13:23:49,787 [Listener at 0.0.0.0/12879] INFO  grpc.GrpcConfigKeys (ConfUtils.java:logGet(44)) - raft.grpc.admin.port = -1 (default)
2022-01-10 13:23:49,787 [Listener at 0.0.0.0/12879] INFO  grpc.GrpcConfigKeys (ConfUtils.java:logGet(44)) - raft.grpc.server.port = 12886 (custom)
2022-01-10 13:23:49,787 [Listener at 0.0.0.0/12879] INFO  grpc.GrpcConfigKeys (ConfUtils.java:logGet(44)) - raft.grpc.client.port = -1 (default)
2022-01-10 13:23:49,788 [Listener at 0.0.0.0/12879] INFO  grpc.GrpcConfigKeys (ConfUtils.java:logGet(44)) - raft.grpc.server.port = 12886 (custom)
2022-01-10 13:23:49,788 [Listener at 0.0.0.0/12879] INFO  grpc.GrpcConfigKeys (ConfUtils.java:logGet(44)) - raft.grpc.server.port = 12886 (custom)
2022-01-10 13:23:49,788 [Listener at 0.0.0.0/12879] INFO  server.GrpcService (ConfUtils.java:logGet(44)) - raft.grpc.message.size.max = 32m (=33554432) (custom)
2022-01-10 13:23:49,788 [Listener at 0.0.0.0/12879] INFO  server.RaftServerConfigKeys (ConfUtils.java:logGet(44)) - raft.server.log.appender.buffer.byte-limit = 33554432 (custom)
2022-01-10 13:23:49,788 [Listener at 0.0.0.0/12879] INFO  server.GrpcService (ConfUtils.java:logGet(44)) - raft.grpc.flow.control.window = 1MB (=1048576) (default)
2022-01-10 13:23:49,788 [Listener at 0.0.0.0/12879] INFO  server.RaftServerConfigKeys (ConfUtils.java:logGet(44)) - raft.server.rpc.request.timeout = 30000ms (custom)
2022-01-10 13:23:49,790 [Listener at 0.0.0.0/12879] INFO  impl.DataStreamServerImpl (ConfUtils.java:logGet(44)) - raft.datastream.type = DISABLED (default)
2022-01-10 13:23:49,790 [Listener at 0.0.0.0/12879] INFO  server.RaftServerConfigKeys (ConfUtils.java:logGet(44)) - raft.server.rpc.slowness.timeout = 120000ms (custom)
2022-01-10 13:23:49,790 [Listener at 0.0.0.0/12879] INFO  server.RaftServerConfigKeys (ConfUtils.java:logGet(44)) - raft.server.leaderelection.leader.step-down.wait-time = 10s (default)
2022-01-10 13:23:49,791 [Listener at 0.0.0.0/12879] INFO  server.RaftServerConfigKeys (ConfUtils.java:logGet(44)) - raft.server.storage.dir = [/home/runner/work/ozone/ozone/hadoop-ozone/integration-test/target/test-dir/MiniOzoneClusterImpl-4961146f-9f28-4cba-af76-74f7029fd382/scmNode-2/scm-ha] (custom)
2022-01-10 13:23:49,793 [Listener at 0.0.0.0/12879] INFO  server.RaftServer (RaftServerProxy.java:addNew(95)) - 494c7a1b-9442-431c-b450-0b8d0617d867: addNew group-74F7029FD382:[] returns group-74F7029FD382:java.util.concurrent.CompletableFuture@68f253a9[Not completed]
2022-01-10 13:23:49,793 [pool-229-thread-1] INFO  server.RaftServer$Division (RaftServerImpl.java:<init>(184)) - 494c7a1b-9442-431c-b450-0b8d0617d867: new RaftServerImpl for group-74F7029FD382:[] with SCMStateMachine:uninitialized
2022-01-10 13:23:49,801 [pool-229-thread-1] INFO  server.RaftServerConfigKeys (ConfUtils.java:logGet(44)) - raft.server.rpc.timeout.min = 5000ms (custom)
2022-01-10 13:23:49,801 [pool-229-thread-1] INFO  server.RaftServerConfigKeys (ConfUtils.java:logGet(44)) - raft.server.rpc.timeout.max = 5200ms (custom)
2022-01-10 13:23:49,801 [pool-229-thread-1] INFO  server.RaftServerConfigKeys (ConfUtils.java:logGet(44)) - raft.server.rpc.sleep.time = 25ms (default)
2022-01-10 13:23:49,801 [pool-229-thread-1] INFO  server.RaftServerConfigKeys (ConfUtils.java:logGet(44)) - raft.server.rpc.slowness.timeout = 120000ms (custom)
2022-01-10 13:23:49,801 [pool-229-thread-1] INFO  server.RaftServerConfigKeys (ConfUtils.java:logGet(44)) - raft.server.leaderelection.leader.step-down.wait-time = 10s (default)
2022-01-10 13:23:49,801 [pool-229-thread-1] INFO  server.RaftServerConfigKeys (ConfUtils.java:logGet(44)) - raft.server.sleep.deviation.threshold = 300ms (default)
2022-01-10 13:23:49,801 [pool-229-thread-1] INFO  server.RaftServerConfigKeys (ConfUtils.java:logGet(44)) - raft.server.log.appender.install.snapshot.enabled = false (custom)
2022-01-10 13:23:49,801 [pool-229-thread-1] INFO  server.RaftServer$Division (ServerState.java:<init>(105)) - 494c7a1b-9442-431c-b450-0b8d0617d867@group-74F7029FD382: ConfigurationManager, init=-1: [], old=null, confs=<EMPTY_MAP>
2022-01-10 13:23:49,801 [pool-229-thread-1] INFO  server.RaftServerConfigKeys (ConfUtils.java:logGet(44)) - raft.server.storage.dir = [/home/runner/work/ozone/ozone/hadoop-ozone/integration-test/target/test-dir/MiniOzoneClusterImpl-4961146f-9f28-4cba-af76-74f7029fd382/scmNode-2/scm-ha] (custom)
2022-01-10 13:23:49,801 [pool-229-thread-1] INFO  server.RaftServerConfigKeys (ConfUtils.java:logGet(44)) - raft.server.log.corruption.policy = EXCEPTION (default)
2022-01-10 13:23:49,801 [pool-229-thread-1] INFO  server.RaftServerConfigKeys (ConfUtils.java:logGet(44)) - raft.server.storage.free-space.min = 0MB (=0) (default)
2022-01-10 13:23:49,801 [pool-229-thread-1] INFO  storage.RaftStorageDirectory (RaftStorageDirectoryImpl.java:analyzeStorage(135)) - The storage directory /home/runner/work/ozone/ozone/hadoop-ozone/integration-test/target/test-dir/MiniOzoneClusterImpl-4961146f-9f28-4cba-af76-74f7029fd382/scmNode-2/scm-ha/4961146f-9f28-4cba-af76-74f7029fd382 does not exist. Creating ...
2022-01-10 13:23:49,803 [pool-229-thread-1] INFO  storage.RaftStorageDirectory (RaftStorageDirectoryImpl.java:tryLock(230)) - Lock on /home/runner/work/ozone/ozone/hadoop-ozone/integration-test/target/test-dir/MiniOzoneClusterImpl-4961146f-9f28-4cba-af76-74f7029fd382/scmNode-2/scm-ha/4961146f-9f28-4cba-af76-74f7029fd382/in_use.lock acquired by nodename 8207@fv-az12-360
2022-01-10 13:23:49,804 [pool-229-thread-1] INFO  storage.RaftStorage (RaftStorageImpl.java:format(89)) - Storage directory /home/runner/work/ozone/ozone/hadoop-ozone/integration-test/target/test-dir/MiniOzoneClusterImpl-4961146f-9f28-4cba-af76-74f7029fd382/scmNode-2/scm-ha/4961146f-9f28-4cba-af76-74f7029fd382 has been successfully formatted.
2022-01-10 13:23:49,805 [pool-229-thread-1] INFO  server.RaftServerConfigKeys (ConfUtils.java:logGet(44)) - raft.server.notification.no-leader.timeout = 60s (default)
2022-01-10 13:23:49,805 [pool-229-thread-1] INFO  server.RaftServerConfigKeys (ConfUtils.java:logGet(44)) - raft.server.log.use.memory = false (default)
2022-01-10 13:23:49,805 [pool-229-thread-1] INFO  server.RaftServerConfigKeys (ConfUtils.java:logGet(44)) - raft.server.log.purge.gap = 5 (custom)
2022-01-10 13:23:49,805 [pool-229-thread-1] INFO  server.RaftServerConfigKeys (ConfUtils.java:logGet(44)) - raft.server.log.appender.buffer.byte-limit = 33554432 (custom)
2022-01-10 13:23:49,805 [pool-229-thread-1] INFO  server.RaftServerConfigKeys (ConfUtils.java:logGet(44)) - raft.server.log.segment.size.max = 4194304 (custom)
2022-01-10 13:23:49,805 [pool-229-thread-1] INFO  server.RaftServerConfigKeys (ConfUtils.java:logGet(44)) - raft.server.log.segment.cache.num.max = 2 (custom)
2022-01-10 13:23:49,805 [pool-229-thread-1] INFO  server.RaftServerConfigKeys (ConfUtils.java:logGet(44)) - raft.server.log.segment.cache.size.max = 200MB (=209715200) (default)
2022-01-10 13:23:49,805 [pool-229-thread-1] INFO  segmented.SegmentedRaftLogWorker (SegmentedRaftLogWorker.java:<init>(182)) - new 494c7a1b-9442-431c-b450-0b8d0617d867@group-74F7029FD382-SegmentedRaftLogWorker for RaftStorageImpl:Storage Directory /home/runner/work/ozone/ozone/hadoop-ozone/integration-test/target/test-dir/MiniOzoneClusterImpl-4961146f-9f28-4cba-af76-74f7029fd382/scmNode-2/scm-ha/4961146f-9f28-4cba-af76-74f7029fd382
2022-01-10 13:23:49,805 [pool-229-thread-1] INFO  server.RaftServerConfigKeys (ConfUtils.java:logGet(44)) - raft.server.log.queue.byte-limit = 64MB (=67108864) (default)
2022-01-10 13:23:49,806 [pool-229-thread-1] INFO  server.RaftServerConfigKeys (ConfUtils.java:logGet(44)) - raft.server.log.queue.element-limit = 4096 (default)
2022-01-10 13:23:49,806 [pool-229-thread-1] INFO  server.RaftServerConfigKeys (ConfUtils.java:logGet(44)) - raft.server.log.segment.size.max = 4194304 (custom)
2022-01-10 13:23:49,806 [pool-229-thread-1] INFO  server.RaftServerConfigKeys (ConfUtils.java:logGet(44)) - raft.server.log.preallocated.size = 4194304 (custom)
2022-01-10 13:23:49,806 [pool-229-thread-1] INFO  server.RaftServerConfigKeys (ConfUtils.java:logGet(44)) - raft.server.log.force.sync.num = 128 (default)
2022-01-10 13:23:49,806 [pool-229-thread-1] INFO  server.RaftServerConfigKeys (ConfUtils.java:logGet(44)) - raft.server.log.statemachine.data.sync = true (default)
2022-01-10 13:23:49,806 [pool-229-thread-1] INFO  server.RaftServerConfigKeys (ConfUtils.java:logGet(44)) - raft.server.log.statemachine.data.sync.timeout = 10s (default)
2022-01-10 13:23:49,806 [pool-229-thread-1] INFO  server.RaftServerConfigKeys (ConfUtils.java:logGet(44)) - raft.server.log.statemachine.data.sync.timeout.retry = -1 (default)
2022-01-10 13:23:49,806 [pool-229-thread-1] INFO  server.RaftServerConfigKeys (ConfUtils.java:logGet(44)) - raft.server.log.write.buffer.size = 64KB (=65536) (default)
2022-01-10 13:23:49,806 [pool-229-thread-1] INFO  server.RaftServerConfigKeys (ConfUtils.java:logGet(44)) - raft.server.log.statemachine.data.caching.enabled = false (default)
2022-01-10 13:23:49,807 [pool-229-thread-1] INFO  segmented.SegmentedRaftLogWorker (SegmentedRaftLogWorker.java:lambda$new$0(133)) - 494c7a1b-9442-431c-b450-0b8d0617d867@group-74F7029FD382-SegmentedRaftLogWorker: flushIndex: setUnconditionally 0 -> -1
2022-01-10 13:23:49,807 [pool-229-thread-1] INFO  segmented.SegmentedRaftLogWorker (SegmentedRaftLogWorker.java:lambda$new$0(133)) - 494c7a1b-9442-431c-b450-0b8d0617d867@group-74F7029FD382-SegmentedRaftLogWorker: safeCacheEvictIndex: setUnconditionally 0 -> -1
2022-01-10 13:23:49,813 [pool-229-thread-1] INFO  server.RaftServerConfigKeys (ConfUtils.java:logGet(44)) - raft.server.snapshot.auto.trigger.enabled = true (custom)
2022-01-10 13:23:49,813 [pool-229-thread-1] INFO  server.RaftServerConfigKeys (ConfUtils.java:logGet(44)) - raft.server.snapshot.auto.trigger.threshold = 5 (custom)
2022-01-10 13:23:49,813 [pool-229-thread-1] INFO  server.RaftServerConfigKeys (ConfUtils.java:logGet(44)) - raft.server.snapshot.retention.file.num = -1 (default)
2022-01-10 13:23:49,813 [pool-229-thread-1] INFO  server.RaftServerConfigKeys (ConfUtils.java:logGet(44)) - raft.server.log.purge.upto.snapshot.index = true (custom)
2022-01-10 13:23:49,813 [pool-229-thread-1] INFO  server.RaftServerConfigKeys (ConfUtils.java:logGet(44)) - raft.server.retrycache.expirytime = 60000ms (default)
2022-01-10 13:23:49,813 [pool-229-thread-1] INFO  server.RaftServerConfigKeys (ConfUtils.java:logGet(44)) - raft.server.retrycache.statistics.expirytime = 100μs (default)
2022-01-10 13:23:49,815 [Listener at 0.0.0.0/12879] INFO  ha.SCMSnapshotProvider (SCMSnapshotProvider.java:<init>(66)) - Initializing SCM Snapshot Provider
2022-01-10 13:23:49,815 [Listener at 0.0.0.0/12879] WARN  server.ServerUtils (ServerUtils.java:getDefaultRatisDirectory(237)) - Storage directory for Ratis is not configured. It is a good idea to map this to an SSD disk. Falling back to ozone.metadata.dirs
2022-01-10 13:23:49,816 [Listener at 0.0.0.0/12879] WARN  ha.SCMHAUtils (SCMHAUtils.java:getSCMRatisSnapshotDirectory(146)) - SCM snapshot dir is not configured. Falling back to ozone.metadata.dirs config
2022-01-10 13:23:49,817 [Listener at 0.0.0.0/12879] INFO  ha.SequenceIdGenerator (SequenceIdGenerator.java:upgradeToSequenceId(347)) - upgrade localId to 109611004723200000
2022-01-10 13:23:49,817 [Listener at 0.0.0.0/12879] INFO  ha.SequenceIdGenerator (SequenceIdGenerator.java:upgradeToSequenceId(357)) - upgrade delTxnId to 0
2022-01-10 13:23:49,818 [Listener at 0.0.0.0/12879] INFO  ha.SequenceIdGenerator (SequenceIdGenerator.java:upgradeToSequenceId(371)) - upgrade containerId to 0
2022-01-10 13:23:49,818 [Listener at 0.0.0.0/12879] INFO  ha.SequenceIdGenerator (SequenceIdGenerator.java:<init>(218)) - Init the HA SequenceIdGenerator.
2022-01-10 13:23:49,818 [Listener at 0.0.0.0/12879] WARN  server.ServerUtils (ServerUtils.java:sanitizeUserArgs(73)) - ozone.scm.stale.node.interval value = 300000 is larger than max = 100000 based on the key value of ozone.scm.heartbeat.thread.interval, reset to the max value 100000.
2022-01-10 13:23:49,818 [Listener at 0.0.0.0/12879] WARN  server.ServerUtils (ServerUtils.java:sanitizeUserArgs(73)) - ozone.scm.stale.node.interval value = 300000 is larger than max = 100000 based on the key value of ozone.scm.heartbeat.thread.interval, reset to the max value 100000.
2022-01-10 13:23:49,820 [Listener at 0.0.0.0/12879] INFO  node.SCMNodeManager (SCMNodeManager.java:<init>(144)) - Entering startup safe mode.
2022-01-10 13:23:49,821 [Listener at 0.0.0.0/12879] INFO  algorithms.ContainerPlacementPolicyFactory (ContainerPlacementPolicyFactory.java:getPolicy(60)) - Create container placement policy of type org.apache.hadoop.hdds.scm.container.placement.algorithms.SCMContainerPlacementRandom
2022-01-10 13:23:49,822 [Listener at 0.0.0.0/12879] INFO  pipeline.PipelineStateManagerImpl (PipelineStateManagerImpl.java:initialize(78)) - No pipeline exists in current db
2022-01-10 13:23:49,822 [Listener at 0.0.0.0/12879] INFO  algorithms.LeaderChoosePolicyFactory (LeaderChoosePolicyFactory.java:getPolicy(57)) - Create leader choose policy of type org.apache.hadoop.hdds.scm.pipeline.leader.choose.algorithms.MinLeaderCountChoosePolicy
2022-01-10 13:23:49,822 [Listener at 0.0.0.0/12879] INFO  ha.SCMServiceManager (SCMServiceManager.java:register(43)) - Registering service BackgroundPipelineCreator.
2022-01-10 13:23:49,822 [Listener at 0.0.0.0/12879] INFO  pipeline.BackgroundPipelineCreator (BackgroundPipelineCreator.java:start(130)) - Starting RatisPipelineUtilsThread.
2022-01-10 13:23:49,829 [Listener at 0.0.0.0/12879] INFO  algorithms.PipelineChoosePolicyFactory (PipelineChoosePolicyFactory.java:createPipelineChoosePolicyFromClass(73)) - Create pipeline choose policy of type org.apache.hadoop.hdds.scm.pipeline.choose.algorithms.RandomPipelineChoosePolicy
2022-01-10 13:23:49,830 [Listener at 0.0.0.0/12879] INFO  ha.SCMServiceManager (SCMServiceManager.java:register(43)) - Registering service SCMBlockDeletingService.
2022-01-10 13:23:49,830 [Listener at 0.0.0.0/12879] INFO  ha.SCMServiceManager (SCMServiceManager.java:register(43)) - Registering service ReplicationManager.
2022-01-10 13:23:49,830 [Listener at 0.0.0.0/12879] INFO  container.ReplicationManager (ReplicationManager.java:start(319)) - Starting Replication Monitor Thread.
2022-01-10 13:23:49,838 [Listener at 0.0.0.0/12879] INFO  safemode.ContainerSafeModeRule (ContainerSafeModeRule.java:<init>(89)) - containers with one replica threshold count 0
2022-01-10 13:23:49,838 [Listener at 0.0.0.0/12879] INFO  safemode.HealthyPipelineSafeModeRule (HealthyPipelineSafeModeRule.java:initializeRule(156)) - Total pipeline count is 0, healthy pipeline threshold count is 1
2022-01-10 13:23:49,838 [Listener at 0.0.0.0/12879] INFO  safemode.OneReplicaPipelineSafeModeRule (OneReplicaPipelineSafeModeRule.java:initializeRule(180)) - Total pipeline count is 0, pipeline's with at least one datanode reported threshold count is 0
2022-01-10 13:23:49,848 [Listener at 0.0.0.0/12879] INFO  ipc.CallQueueManager (CallQueueManager.java:<init>(90)) - Using callQueue: class java.util.concurrent.LinkedBlockingQueue, queueCapacity: 2000, scheduler: class org.apache.hadoop.ipc.DefaultRpcScheduler, ipcBackoff: false.
2022-01-10 13:23:49,852 [ReplicationMonitor] INFO  container.ReplicationManager (ReplicationManager.java:processAll(371)) - Replication Monitor Thread took 1 milliseconds for processing 0 containers.
2022-01-10 13:23:49,861 [Socket Reader #1 for port 12887] INFO  ipc.Server (Server.java:run(1265)) - Starting Socket Reader #1 for port 12887
2022-01-10 13:23:49,866 [Listener at 0.0.0.0/12887] INFO  ipc.CallQueueManager (CallQueueManager.java:<init>(90)) - Using callQueue: class java.util.concurrent.LinkedBlockingQueue, queueCapacity: 2000, scheduler: class org.apache.hadoop.ipc.DefaultRpcScheduler, ipcBackoff: false.
2022-01-10 13:23:49,869 [Socket Reader #1 for port 12888] INFO  ipc.Server (Server.java:run(1265)) - Starting Socket Reader #1 for port 12888
2022-01-10 13:23:49,871 [Listener at 0.0.0.0/12888] INFO  ipc.CallQueueManager (CallQueueManager.java:<init>(90)) - Using callQueue: class java.util.concurrent.LinkedBlockingQueue, queueCapacity: 2000, scheduler: class org.apache.hadoop.ipc.DefaultRpcScheduler, ipcBackoff: false.
2022-01-10 13:23:49,871 [Socket Reader #1 for port 12889] INFO  ipc.Server (Server.java:run(1265)) - Starting Socket Reader #1 for port 12889
2022-01-10 13:23:49,911 [Listener at 0.0.0.0/12889] INFO  algorithms.ContainerPlacementPolicyFactory (ContainerPlacementPolicyFactory.java:getPolicy(60)) - Create container placement policy of type org.apache.hadoop.hdds.scm.container.placement.algorithms.SCMContainerPlacementRandom
2022-01-10 13:23:49,928 [Listener at 0.0.0.0/12889] INFO  server.StorageContainerManager (StorageContainerManager.java:<init>(388)) - 
Container Balancer status:
Key                            Value
Running                        false
Container Balancer Configuration values:
Key                                                Value
Threshold                                          0.1
Max Datanodes to Involve per Iteration(ratio)      0.2
Max Size to Move per Iteration                     30GB
Max Size Entering Target per Iteration             26GB
Max Size Leaving Source per Iteration              26GB

2022-01-10 13:23:49,940 [Listener at 0.0.0.0/12889] WARN  events.EventQueue (EventQueue.java:fireEvent(194)) - No event handler registered for event TypedEvent{payloadType=SafeModeStatus, name='Safe mode status'}
2022-01-10 13:23:49,941 [Listener at 0.0.0.0/12889] INFO  ha.SCMContext (SCMContext.java:updateSafeModeStatus(211)) - Update SafeModeStatus from SafeModeStatus{safeModeStatus=true, preCheckPassed=false} to SafeModeStatus{safeModeStatus=true, preCheckPassed=false}.
2022-01-10 13:23:49,942 [Listener at 0.0.0.0/12889] INFO  server.StorageContainerManager (StorageContainerManager.java:start(1303)) - StorageContainerLocationProtocol RPC server is listening at /0.0.0.0:12889
2022-01-10 13:23:49,942 [Listener at 0.0.0.0/12889] INFO  ha.SCMRatisServerImpl (SCMRatisServerImpl.java:start(177)) - starting ratis server 0.0.0.0:12886
2022-01-10 13:23:49,942 [Listener at 0.0.0.0/12889] INFO  server.RaftServer$Division (RaftServerImpl.java:start(304)) - 494c7a1b-9442-431c-b450-0b8d0617d867@group-74F7029FD382: start with initializing state, conf=-1: [], old=null
2022-01-10 13:23:49,942 [Listener at 0.0.0.0/12889] INFO  server.RaftServer$Division (RaftServerImpl.java:setRole(290)) - 494c7a1b-9442-431c-b450-0b8d0617d867@group-74F7029FD382: changes role from      null to FOLLOWER at term 0 for startInitializing
2022-01-10 13:23:49,942 [Listener at 0.0.0.0/12889] INFO  util.JmxRegister (JmxRegister.java:tryRegister(44)) - Successfully registered JMX Bean with object name Ratis:service=RaftServer,group=group-74F7029FD382,id=494c7a1b-9442-431c-b450-0b8d0617d867
2022-01-10 13:23:49,944 [Listener at 0.0.0.0/12889] INFO  server.RaftServer (RaftServerProxy.java:lambda$start$5(374)) - 494c7a1b-9442-431c-b450-0b8d0617d867: start RPC server
2022-01-10 13:23:49,960 [Listener at 0.0.0.0/12889] INFO  server.GrpcService (GrpcService.java:startImpl(253)) - 494c7a1b-9442-431c-b450-0b8d0617d867: GrpcService started, listening on 12886
2022-01-10 13:23:49,962 [Listener at 0.0.0.0/12889] INFO  ha.SCMNodeInfo (SCMNodeInfo.java:getPort(197)) - ConfigKey ozone.scm.client.address is deprecated, For configuring different ports for each SCM use PortConfigKey ozone.scm.client.port appended with serviceId and nodeId
2022-01-10 13:23:49,962 [Listener at 0.0.0.0/12889] INFO  ha.SCMNodeInfo (SCMNodeInfo.java:getPort(197)) - ConfigKey ozone.scm.block.client.address is deprecated, For configuring different ports for each SCM use PortConfigKey ozone.scm.block.client.port appended with serviceId and nodeId
2022-01-10 13:23:49,962 [Listener at 0.0.0.0/12889] INFO  ha.SCMNodeInfo (SCMNodeInfo.java:getPort(197)) - ConfigKey ozone.scm.datanode.address is deprecated, For configuring different ports for each SCM use PortConfigKey ozone.scm.datanode.port appended with serviceId and nodeId
2022-01-10 13:23:49,962 [Listener at 0.0.0.0/12889] INFO  ha.SCMNodeInfo (SCMNodeInfo.java:getPort(197)) - ConfigKey ozone.scm.client.address is deprecated, For configuring different ports for each SCM use PortConfigKey ozone.scm.client.port appended with serviceId and nodeId
2022-01-10 13:23:49,962 [Listener at 0.0.0.0/12889] INFO  ha.SCMNodeInfo (SCMNodeInfo.java:getPort(197)) - ConfigKey ozone.scm.block.client.address is deprecated, For configuring different ports for each SCM use PortConfigKey ozone.scm.block.client.port appended with serviceId and nodeId
2022-01-10 13:23:49,962 [Listener at 0.0.0.0/12889] INFO  ha.SCMNodeInfo (SCMNodeInfo.java:getPort(197)) - ConfigKey ozone.scm.datanode.address is deprecated, For configuring different ports for each SCM use PortConfigKey ozone.scm.datanode.port appended with serviceId and nodeId
2022-01-10 13:23:49,962 [Listener at 0.0.0.0/12889] INFO  ha.SCMNodeInfo (SCMNodeInfo.java:getPort(197)) - ConfigKey ozone.scm.client.address is deprecated, For configuring different ports for each SCM use PortConfigKey ozone.scm.client.port appended with serviceId and nodeId
2022-01-10 13:23:49,963 [Listener at 0.0.0.0/12889] INFO  ha.SCMNodeInfo (SCMNodeInfo.java:getPort(197)) - ConfigKey ozone.scm.block.client.address is deprecated, For configuring different ports for each SCM use PortConfigKey ozone.scm.block.client.port appended with serviceId and nodeId
2022-01-10 13:23:49,963 [Listener at 0.0.0.0/12889] INFO  ha.SCMNodeInfo (SCMNodeInfo.java:getPort(197)) - ConfigKey ozone.scm.datanode.address is deprecated, For configuring different ports for each SCM use PortConfigKey ozone.scm.datanode.port appended with serviceId and nodeId
2022-01-10 13:23:49,970 [org.apache.ratis.util.JvmPauseMonitor$$Lambda$500/2122256138@3770938d] INFO  util.JvmPauseMonitor (JvmPauseMonitor.java:run(103)) - JvmPauseMonitor-494c7a1b-9442-431c-b450-0b8d0617d867: Started
2022-01-10 13:23:49,974 [IPC Server handler 3 on default port 12878] INFO  ha.SCMRatisServerImpl (SCMRatisServerImpl.java:addSCM(291)) - 7fcd8313-8ccc-4d12-b0b9-018c7cf319d8: Submitting SetConfiguration request to Ratis server with new SCM peers list: [7fcd8313-8ccc-4d12-b0b9-018c7cf319d8|rpc:localhost:12876|admin:|client:|dataStream:|priority:0, 494c7a1b-9442-431c-b450-0b8d0617d867|rpc:localhost:12886|priority:0]
2022-01-10 13:23:49,974 [IPC Server handler 3 on default port 12878] INFO  server.RaftServer$Division (RaftServerImpl.java:setConfigurationAsync(974)) - 7fcd8313-8ccc-4d12-b0b9-018c7cf319d8@group-74F7029FD382: receive setConfiguration SetConfigurationRequest:client-92F825A17E84->7fcd8313-8ccc-4d12-b0b9-018c7cf319d8@group-74F7029FD382, cid=0, seq=0, RW, null, peers:[7fcd8313-8ccc-4d12-b0b9-018c7cf319d8|rpc:localhost:12876|admin:|client:|dataStream:|priority:0, 494c7a1b-9442-431c-b450-0b8d0617d867|rpc:localhost:12886|priority:0]
2022-01-10 13:23:49,974 [IPC Server handler 3 on default port 12878] INFO  server.RaftServer$Division (LeaderStateImpl.java:startSetConfiguration(358)) - 7fcd8313-8ccc-4d12-b0b9-018c7cf319d8@group-74F7029FD382-LeaderStateImpl: startSetConfiguration SetConfigurationRequest:client-92F825A17E84->7fcd8313-8ccc-4d12-b0b9-018c7cf319d8@group-74F7029FD382, cid=0, seq=0, RW, null, peers:[7fcd8313-8ccc-4d12-b0b9-018c7cf319d8|rpc:localhost:12876|admin:|client:|dataStream:|priority:0, 494c7a1b-9442-431c-b450-0b8d0617d867|rpc:localhost:12886|priority:0]
2022-01-10 13:23:49,974 [IPC Server handler 3 on default port 12878] INFO  server.RaftServerConfigKeys (ConfUtils.java:logGet(44)) - raft.server.log.appender.snapshot.chunk.size.max = 16MB (=16777216) (default)
2022-01-10 13:23:49,975 [IPC Server handler 3 on default port 12878] INFO  server.RaftServerConfigKeys (ConfUtils.java:logGet(44)) - raft.server.log.appender.buffer.byte-limit = 33554432 (custom)
2022-01-10 13:23:49,975 [IPC Server handler 3 on default port 12878] INFO  server.RaftServerConfigKeys (ConfUtils.java:logGet(44)) - raft.server.log.appender.buffer.element-limit = 1024 (custom)
2022-01-10 13:23:49,975 [IPC Server handler 3 on default port 12878] INFO  grpc.GrpcConfigKeys (ConfUtils.java:logGet(44)) - raft.grpc.server.leader.outstanding.appends.max = 128 (default)
2022-01-10 13:23:49,976 [IPC Server handler 3 on default port 12878] INFO  server.RaftServerConfigKeys (ConfUtils.java:logGet(44)) - raft.server.rpc.request.timeout = 30000ms (custom)
2022-01-10 13:23:49,976 [IPC Server handler 3 on default port 12878] INFO  server.RaftServerConfigKeys (ConfUtils.java:logGet(44)) - raft.server.log.appender.install.snapshot.enabled = false (custom)
2022-01-10 13:23:49,986 [7fcd8313-8ccc-4d12-b0b9-018c7cf319d8@group-74F7029FD382->494c7a1b-9442-431c-b450-0b8d0617d867-GrpcLogAppender-LogAppenderDaemon] INFO  server.GrpcLogAppender (GrpcLogAppender.java:installSnapshot(550)) - 7fcd8313-8ccc-4d12-b0b9-018c7cf319d8@group-74F7029FD382->494c7a1b-9442-431c-b450-0b8d0617d867-GrpcLogAppender: followerNextIndex = 0 but logStartIndex = 0, notify follower to install snapshot-(t:2, i:2)
2022-01-10 13:23:49,991 [7fcd8313-8ccc-4d12-b0b9-018c7cf319d8@group-74F7029FD382->494c7a1b-9442-431c-b450-0b8d0617d867-GrpcLogAppender-LogAppenderDaemon] INFO  server.GrpcLogAppender (GrpcLogAppender.java:installSnapshot(558)) - 7fcd8313-8ccc-4d12-b0b9-018c7cf319d8@group-74F7029FD382->494c7a1b-9442-431c-b450-0b8d0617d867-GrpcLogAppender: send 7fcd8313-8ccc-4d12-b0b9-018c7cf319d8->494c7a1b-9442-431c-b450-0b8d0617d867#0-t2,notify:(t:2, i:2)
2022-01-10 13:23:50,040 [grpc-default-executor-1] INFO  server.RaftServer$Division (RaftServerImpl.java:installSnapshot(1332)) - 494c7a1b-9442-431c-b450-0b8d0617d867@group-74F7029FD382: receive installSnapshot: 7fcd8313-8ccc-4d12-b0b9-018c7cf319d8->494c7a1b-9442-431c-b450-0b8d0617d867#0-t2,notify:(t:2, i:2)
2022-01-10 13:23:50,041 [grpc-default-executor-1] INFO  ha.SCMStateMachine (SCMStateMachine.java:notifyLeaderChanged(255)) - leader changed, yet current SCM is still follower.
2022-01-10 13:23:50,041 [grpc-default-executor-1] INFO  server.RaftServer$Division (ServerState.java:setLeader(285)) - 494c7a1b-9442-431c-b450-0b8d0617d867@group-74F7029FD382: change Leader from null to 7fcd8313-8ccc-4d12-b0b9-018c7cf319d8 at term 2 for installSnapshot, leader elected after 236ms
2022-01-10 13:23:50,041 [grpc-default-executor-1] INFO  server.RaftServer$Division (RaftServerImpl.java:notifyStateMachineToInstallSnapshot(1551)) - 494c7a1b-9442-431c-b450-0b8d0617d867@group-74F7029FD382: Received notification to install snapshot at index 2
2022-01-10 13:23:50,042 [grpc-default-executor-1] INFO  server.RaftServer$Division (RaftServerImpl.java:notifyStateMachineToInstallSnapshot(1582)) - 494c7a1b-9442-431c-b450-0b8d0617d867@group-74F7029FD382: notifyInstallSnapshot: nextIndex is 0 but the leader's first available index is 2.
2022-01-10 13:23:50,042 [grpc-default-executor-1] INFO  ha.SCMStateMachine (SCMStateMachine.java:notifyInstallSnapshotFromLeader(219)) - Received install snapshot notification from SCM leader: localhost:12876 with term index: (t:2, i:2)
2022-01-10 13:23:50,042 [pool-230-thread-1] INFO  ha.SCMHAManagerImpl (SCMHAManagerImpl.java:getDBCheckpointFromLeader(206)) - Downloading checkpoint from leader SCM scmNode-1 and reloading state from the checkpoint.
2022-01-10 13:23:50,066 [grpc-default-executor-0] INFO  ha.SCMDBCheckpointProvider (SCMDBCheckpointProvider.java:writeDBCheckPointToSream(48)) - Received request to obtain SCM DB checkpoint snapshot
2022-01-10 13:23:50,072 [grpc-default-executor-0] INFO  db.RDBCheckpointManager (RDBCheckpointManager.java:createCheckpoint(86)) - Created checkpoint at /home/runner/work/ozone/ozone/hadoop-ozone/integration-test/target/test-dir/MiniOzoneClusterImpl-4961146f-9f28-4cba-af76-74f7029fd382/scmNode-1/db.checkpoints/scm.db_checkpoint_1641821030066 in 6 milliseconds
2022-01-10 13:23:50,079 [grpc-default-executor-0] INFO  ha.SCMGrpcOutputStream (SCMGrpcOutputStream.java:close(111)) - Sent 4420 bytes for cluster 4961146f-9f28-4cba-af76-74f7029fd382
2022-01-10 13:23:50,079 [grpc-default-executor-0] INFO  ha.SCMDBCheckpointProvider (SCMDBCheckpointProvider.java:writeDBCheckPointToSream(73)) - Time taken to write the checkpoint to response output stream: 6 milliseconds
2022-01-10 13:23:50,079 [grpc-default-executor-0] INFO  db.RocksDBCheckpoint (RocksDBCheckpoint.java:cleanupCheckpoint(78)) - Cleaning up RocksDB checkpoint at /home/runner/work/ozone/ozone/hadoop-ozone/integration-test/target/test-dir/MiniOzoneClusterImpl-4961146f-9f28-4cba-af76-74f7029fd382/scmNode-1/db.checkpoints/scm.db_checkpoint_1641821030066
2022-01-10 13:23:50,085 [grpc-default-executor-2] INFO  ha.InterSCMGrpcClient (InterSCMGrpcClient.java:onCompleted(173)) - Checkpoint is downloaded to /home/runner/work/ozone/ozone/hadoop-ozone/integration-test/target/test-dir/MiniOzoneClusterImpl-4961146f-9f28-4cba-af76-74f7029fd382/scmNode-2/snapshot/scm.db-scmNode-1-1641821030044.tar.gz
2022-01-10 13:23:50,153 [pool-230-thread-1] INFO  ha.SCMSnapshotProvider (SCMSnapshotProvider.java:getSCMDBSnapshot(131)) - Successfully downloaded latest checkpoint from leader SCM: scmNode-1 path /home/runner/work/ozone/ozone/hadoop-ozone/integration-test/target/test-dir/MiniOzoneClusterImpl-4961146f-9f28-4cba-af76-74f7029fd382/scmNode-2/snapshot/scm.db-scmNode-1-1641821030044
2022-01-10 13:23:50,153 [pool-230-thread-1] INFO  ha.SCMHAManagerImpl (SCMHAManagerImpl.java:downloadCheckpointFromLeader(158)) - Downloaded checkpoint from Leader scmNode-1 to the location /home/runner/work/ozone/ozone/hadoop-ozone/integration-test/target/test-dir/MiniOzoneClusterImpl-4961146f-9f28-4cba-af76-74f7029fd382/scmNode-2/snapshot/scm.db-scmNode-1-1641821030044
2022-01-10 13:23:50,218 [pool-230-thread-1] INFO  ha.SCMHAManagerImpl (SCMHAManagerImpl.java:verifyCheckpointFromLeader(172)) - Installing checkpoint with SCMTransactionInfo 2#2
2022-01-10 13:23:50,218 [pool-230-thread-1] INFO  server.RaftServer$Division (RaftServerImpl.java:lambda$notifyStateMachineToInstallSnapshot$30(1595)) - 494c7a1b-9442-431c-b450-0b8d0617d867@group-74F7029FD382: StateMachine successfully installed snapshot index 2. Reloading the StateMachine.
2022-01-10 13:23:50,218 [pool-230-thread-1] INFO  segmented.SegmentedRaftLogWorker (SegmentedRaftLogWorker.java:lambda$new$0(133)) - 494c7a1b-9442-431c-b450-0b8d0617d867@group-74F7029FD382-SegmentedRaftLogWorker: flushIndex: setUnconditionally -1 -> 2
2022-01-10 13:23:50,218 [pool-230-thread-1] INFO  segmented.SegmentedRaftLogWorker (SegmentedRaftLogWorker.java:lambda$new$0(133)) - 494c7a1b-9442-431c-b450-0b8d0617d867@group-74F7029FD382-SegmentedRaftLogWorker: safeCacheEvictIndex: setUnconditionally -1 -> 2
2022-01-10 13:23:50,218 [pool-230-thread-1] INFO  raftlog.RaftLog (RaftLogBase.java:lambda$new$0(53)) - 494c7a1b-9442-431c-b450-0b8d0617d867@group-74F7029FD382-SegmentedRaftLog: snapshotIndex: updateIncreasingly -1 -> 2
2022-01-10 13:23:50,222 [grpc-default-executor-1] INFO  server.RaftServer$Division (RaftServerImpl.java:notifyStateMachineToInstallSnapshot(1638)) - 494c7a1b-9442-431c-b450-0b8d0617d867@group-74F7029FD382: InstallSnapshot notification result: SNAPSHOT_INSTALLED, at index: 2
2022-01-10 13:23:50,222 [grpc-default-executor-1] INFO  server.RaftServer$Division (RaftServerImpl.java:installSnapshotImpl(1462)) - 494c7a1b-9442-431c-b450-0b8d0617d867@group-74F7029FD382: set new configuration index: 1
configurationEntry {
  peers {
    id: "7fcd8313-8ccc-4d12-b0b9-018c7cf319d8"
    address: "localhost:12876"
  }
}
 from snapshot
2022-01-10 13:23:50,225 [grpc-default-executor-1] INFO  server.RaftServer$Division (ServerState.java:setRaftConf(387)) - 494c7a1b-9442-431c-b450-0b8d0617d867@group-74F7029FD382: set configuration 1: [7fcd8313-8ccc-4d12-b0b9-018c7cf319d8|rpc:localhost:12876|admin:|client:|dataStream:|priority:0], old=null
2022-01-10 13:23:50,225 [grpc-default-executor-1] INFO  server.RaftServer$Division (RaftServerImpl.java:installSnapshot(1343)) - 494c7a1b-9442-431c-b450-0b8d0617d867@group-74F7029FD382: reply installSnapshot: 7fcd8313-8ccc-4d12-b0b9-018c7cf319d8<-494c7a1b-9442-431c-b450-0b8d0617d867#0:FAIL-t0,SNAPSHOT_INSTALLED,snapshotIndex=2
2022-01-10 13:23:50,225 [grpc-default-executor-1] INFO  server.GrpcServerProtocolService (GrpcServerProtocolService.java:onCompleted(140)) - 494c7a1b-9442-431c-b450-0b8d0617d867: Completed INSTALL_SNAPSHOT, lastRequest: 7fcd8313-8ccc-4d12-b0b9-018c7cf319d8->494c7a1b-9442-431c-b450-0b8d0617d867#0-t2,notify:(t:2, i:2)
2022-01-10 13:23:50,228 [grpc-default-executor-0] INFO  server.GrpcLogAppender (GrpcLogAppender.java:onNext(410)) - 7fcd8313-8ccc-4d12-b0b9-018c7cf319d8@group-74F7029FD382->494c7a1b-9442-431c-b450-0b8d0617d867-InstallSnapshotResponseHandler: received the first reply 7fcd8313-8ccc-4d12-b0b9-018c7cf319d8<-494c7a1b-9442-431c-b450-0b8d0617d867#0:FAIL-t0,SNAPSHOT_INSTALLED,snapshotIndex=2
2022-01-10 13:23:50,228 [grpc-default-executor-0] INFO  server.GrpcLogAppender (GrpcLogAppender.java:onNext(450)) - 7fcd8313-8ccc-4d12-b0b9-018c7cf319d8@group-74F7029FD382->494c7a1b-9442-431c-b450-0b8d0617d867-InstallSnapshotResponseHandler: Follower installed snapshot at index 2
2022-01-10 13:23:50,228 [grpc-default-executor-0] INFO  leader.FollowerInfo (FollowerInfoImpl.java:lambda$new$0(47)) - 7fcd8313-8ccc-4d12-b0b9-018c7cf319d8@group-74F7029FD382->494c7a1b-9442-431c-b450-0b8d0617d867: snapshotIndex: setUnconditionally 0 -> 2
2022-01-10 13:23:50,228 [grpc-default-executor-0] INFO  leader.FollowerInfo (FollowerInfoImpl.java:lambda$new$0(47)) - 7fcd8313-8ccc-4d12-b0b9-018c7cf319d8@group-74F7029FD382->494c7a1b-9442-431c-b450-0b8d0617d867: matchIndex: setUnconditionally 0 -> 2
2022-01-10 13:23:50,228 [grpc-default-executor-0] INFO  leader.FollowerInfo (FollowerInfoImpl.java:lambda$new$0(47)) - 7fcd8313-8ccc-4d12-b0b9-018c7cf319d8@group-74F7029FD382->494c7a1b-9442-431c-b450-0b8d0617d867: nextIndex: setUnconditionally 0 -> 3
2022-01-10 13:23:50,228 [grpc-default-executor-0] INFO  leader.FollowerInfo (FollowerInfoImpl.java:setAttemptedToInstallSnapshot(116)) - Follower 7fcd8313-8ccc-4d12-b0b9-018c7cf319d8@group-74F7029FD382->494c7a1b-9442-431c-b450-0b8d0617d867 acknowledged installing snapshot
2022-01-10 13:23:50,228 [grpc-default-executor-0] INFO  leader.FollowerInfo (FollowerInfoImpl.java:lambda$new$0(47)) - 7fcd8313-8ccc-4d12-b0b9-018c7cf319d8@group-74F7029FD382->494c7a1b-9442-431c-b450-0b8d0617d867: nextIndex: updateToMax old=3, new=3, updated? false
2022-01-10 13:23:50,232 [grpc-default-executor-0] INFO  impl.RoleInfo (RoleInfo.java:updateAndGet(130)) - 494c7a1b-9442-431c-b450-0b8d0617d867: start 494c7a1b-9442-431c-b450-0b8d0617d867@group-74F7029FD382-FollowerState
2022-01-10 13:23:50,297 [494c7a1b-9442-431c-b450-0b8d0617d867@group-74F7029FD382-StateMachineUpdater] INFO  ha.SCMHAManagerImpl (SCMHAManagerImpl.java:installCheckpoint(227)) - Installing checkpoint with SCMTransactionInfo 2#2
2022-01-10 13:23:50,299 [494c7a1b-9442-431c-b450-0b8d0617d867@group-74F7029FD382-StateMachineUpdater] INFO  ha.SCMHAManagerImpl (SCMHAManagerImpl.java:installCheckpoint(266)) - Replaced DB with checkpoint, term: 2, index: 2
2022-01-10 13:23:50,299 [494c7a1b-9442-431c-b450-0b8d0617d867@group-74F7029FD382-StateMachineUpdater] WARN  utils.HAUtils (HAUtils.java:getMetaDir(342)) - ozone.scm.db.dirs is not configured. We recommend adding this setting. Falling back to ozone.metadata.dirs instead.
2022-01-10 13:23:50,300 [494c7a1b-9442-431c-b450-0b8d0617d867@group-74F7029FD382-StateMachineUpdater] WARN  db.DBStoreBuilder (DBStoreBuilder.java:applyDBDefinition(145)) - ozone.scm.db.dirs is not configured. We recommend adding this setting. Falling back to ozone.metadata.dirs instead.
2022-01-10 13:23:50,371 [494c7a1b-9442-431c-b450-0b8d0617d867@group-74F7029FD382-StateMachineUpdater] INFO  ha.SequenceIdGenerator (SequenceIdGenerator.java:reinitialize(166)) - reinitialize SequenceIdGenerator.
2022-01-10 13:23:50,372 [494c7a1b-9442-431c-b450-0b8d0617d867@group-74F7029FD382-StateMachineUpdater] INFO  pipeline.PipelineStateManagerImpl (PipelineStateManagerImpl.java:initialize(78)) - No pipeline exists in current db
2022-01-10 13:23:50,372 [494c7a1b-9442-431c-b450-0b8d0617d867@group-74F7029FD382-StateMachineUpdater] INFO  ha.SCMHAManagerImpl (SCMHAManagerImpl.java:installCheckpoint(277)) - Reloaded SCM state with Term: 2 and Index: 2
2022-01-10 13:23:50,376 [494c7a1b-9442-431c-b450-0b8d0617d867@group-74F7029FD382-StateMachineUpdater] INFO  impl.StateMachineUpdater (StateMachineUpdater.java:lambda$new$0(89)) - 494c7a1b-9442-431c-b450-0b8d0617d867@group-74F7029FD382-StateMachineUpdater: snapshotIndex: setUnconditionally -1 -> 2
2022-01-10 13:23:50,376 [494c7a1b-9442-431c-b450-0b8d0617d867@group-74F7029FD382-StateMachineUpdater] INFO  impl.StateMachineUpdater (StateMachineUpdater.java:lambda$new$0(89)) - 494c7a1b-9442-431c-b450-0b8d0617d867@group-74F7029FD382-StateMachineUpdater: appliedIndex: setUnconditionally -1 -> 2
2022-01-10 13:23:50,566 [EndpointStateMachine task thread for /127.0.0.1:14629 - 0 ] INFO  ipc.Client (Client.java:handleConnectionFailure(977)) - Retrying connect to server: localhost/127.0.0.1:14629. Already tried 2 time(s); retry policy is RetryUpToMaximumCountWithFixedSleep(maxRetries=15, sleepTime=1000 MILLISECONDS)
2022-01-10 13:23:50,573 [EndpointStateMachine task thread for /127.0.0.1:14619 - 0 ] INFO  ipc.Client (Client.java:handleConnectionFailure(977)) - Retrying connect to server: localhost/127.0.0.1:14619. Already tried 2 time(s); retry policy is RetryUpToMaximumCountWithFixedSleep(maxRetries=15, sleepTime=1000 MILLISECONDS)
2022-01-10 13:23:50,574 [EndpointStateMachine task thread for /127.0.0.1:14609 - 0 ] INFO  ipc.Client (Client.java:handleConnectionFailure(977)) - Retrying connect to server: localhost/127.0.0.1:14609. Already tried 5 time(s); retry policy is RetryUpToMaximumCountWithFixedSleep(maxRetries=15, sleepTime=1000 MILLISECONDS)
2022-01-10 13:23:51,567 [EndpointStateMachine task thread for /127.0.0.1:14629 - 0 ] INFO  ipc.Client (Client.java:handleConnectionFailure(977)) - Retrying connect to server: localhost/127.0.0.1:14629. Already tried 3 time(s); retry policy is RetryUpToMaximumCountWithFixedSleep(maxRetries=15, sleepTime=1000 MILLISECONDS)
2022-01-10 13:23:51,574 [EndpointStateMachine task thread for /127.0.0.1:14619 - 0 ] INFO  ipc.Client (Client.java:handleConnectionFailure(977)) - Retrying connect to server: localhost/127.0.0.1:14619. Already tried 3 time(s); retry policy is RetryUpToMaximumCountWithFixedSleep(maxRetries=15, sleepTime=1000 MILLISECONDS)
2022-01-10 13:23:51,574 [EndpointStateMachine task thread for /127.0.0.1:14609 - 0 ] INFO  ipc.Client (Client.java:handleConnectionFailure(977)) - Retrying connect to server: localhost/127.0.0.1:14609. Already tried 6 time(s); retry policy is RetryUpToMaximumCountWithFixedSleep(maxRetries=15, sleepTime=1000 MILLISECONDS)
2022-01-10 13:23:52,568 [EndpointStateMachine task thread for /127.0.0.1:14629 - 0 ] INFO  ipc.Client (Client.java:handleConnectionFailure(977)) - Retrying connect to server: localhost/127.0.0.1:14629. Already tried 4 time(s); retry policy is RetryUpToMaximumCountWithFixedSleep(maxRetries=15, sleepTime=1000 MILLISECONDS)
2022-01-10 13:23:52,574 [EndpointStateMachine task thread for /127.0.0.1:14619 - 0 ] INFO  ipc.Client (Client.java:handleConnectionFailure(977)) - Retrying connect to server: localhost/127.0.0.1:14619. Already tried 4 time(s); retry policy is RetryUpToMaximumCountWithFixedSleep(maxRetries=15, sleepTime=1000 MILLISECONDS)
2022-01-10 13:23:52,575 [EndpointStateMachine task thread for /127.0.0.1:14609 - 0 ] INFO  ipc.Client (Client.java:handleConnectionFailure(977)) - Retrying connect to server: localhost/127.0.0.1:14609. Already tried 7 time(s); retry policy is RetryUpToMaximumCountWithFixedSleep(maxRetries=15, sleepTime=1000 MILLISECONDS)
2022-01-10 13:23:53,434 [7fcd8313-8ccc-4d12-b0b9-018c7cf319d8@group-74F7029FD382-LeaderStateImpl] INFO  server.RaftServer$Division (ServerState.java:setRaftConf(387)) - 7fcd8313-8ccc-4d12-b0b9-018c7cf319d8@group-74F7029FD382: set configuration 3: [7fcd8313-8ccc-4d12-b0b9-018c7cf319d8|rpc:localhost:12876|admin:|client:|dataStream:|priority:0, 494c7a1b-9442-431c-b450-0b8d0617d867|rpc:localhost:12886|priority:0], old=[7fcd8313-8ccc-4d12-b0b9-018c7cf319d8|rpc:localhost:12876|admin:|client:|dataStream:|priority:0]
2022-01-10 13:23:53,436 [grpc-default-executor-1] INFO  server.RaftServer$Division (ServerState.java:setRaftConf(387)) - 494c7a1b-9442-431c-b450-0b8d0617d867@group-74F7029FD382: set configuration 3: [7fcd8313-8ccc-4d12-b0b9-018c7cf319d8|rpc:localhost:12876|admin:|client:|dataStream:|priority:0, 494c7a1b-9442-431c-b450-0b8d0617d867|rpc:localhost:12886|admin:|client:|dataStream:|priority:0], old=[7fcd8313-8ccc-4d12-b0b9-018c7cf319d8|rpc:localhost:12876|admin:|client:|dataStream:|priority:0]
2022-01-10 13:23:53,437 [grpc-default-executor-1] INFO  segmented.SegmentedRaftLogWorker (SegmentedRaftLogWorker.java:startLogSegment(394)) - 494c7a1b-9442-431c-b450-0b8d0617d867@group-74F7029FD382-SegmentedRaftLogWorker: Starting segment from index:3
2022-01-10 13:23:53,449 [494c7a1b-9442-431c-b450-0b8d0617d867@group-74F7029FD382-SegmentedRaftLogWorker] INFO  segmented.SegmentedRaftLogWorker (SegmentedRaftLogWorker.java:execute(601)) - 494c7a1b-9442-431c-b450-0b8d0617d867@group-74F7029FD382-SegmentedRaftLogWorker: created new log segment /home/runner/work/ozone/ozone/hadoop-ozone/integration-test/target/test-dir/MiniOzoneClusterImpl-4961146f-9f28-4cba-af76-74f7029fd382/scmNode-2/scm-ha/4961146f-9f28-4cba-af76-74f7029fd382/current/log_inprogress_3
2022-01-10 13:23:53,458 [7fcd8313-8ccc-4d12-b0b9-018c7cf319d8@group-74F7029FD382-LeaderStateImpl] INFO  server.RaftServer$Division (ServerState.java:setRaftConf(387)) - 7fcd8313-8ccc-4d12-b0b9-018c7cf319d8@group-74F7029FD382: set configuration 5: [7fcd8313-8ccc-4d12-b0b9-018c7cf319d8|rpc:localhost:12876|admin:|client:|dataStream:|priority:0, 494c7a1b-9442-431c-b450-0b8d0617d867|rpc:localhost:12886|priority:0], old=null
2022-01-10 13:23:53,459 [grpc-default-executor-1] INFO  server.RaftServer$Division (ServerState.java:setRaftConf(387)) - 494c7a1b-9442-431c-b450-0b8d0617d867@group-74F7029FD382: set configuration 5: [7fcd8313-8ccc-4d12-b0b9-018c7cf319d8|rpc:localhost:12876|admin:|client:|dataStream:|priority:0, 494c7a1b-9442-431c-b450-0b8d0617d867|rpc:localhost:12886|admin:|client:|dataStream:|priority:0], old=null
2022-01-10 13:23:53,469 [494c7a1b-9442-431c-b450-0b8d0617d867@group-74F7029FD382-StateMachineUpdater] INFO  safemode.HealthyPipelineSafeModeRule (HealthyPipelineSafeModeRule.java:initializeRule(152)) - Refreshed total pipeline count is 0, healthy pipeline threshold count is 1
2022-01-10 13:23:53,470 [494c7a1b-9442-431c-b450-0b8d0617d867@group-74F7029FD382-StateMachineUpdater] INFO  safemode.ContainerSafeModeRule (ContainerSafeModeRule.java:reInitializeRule(177)) - Refreshed one replica container threshold 0, currentThreshold 0
2022-01-10 13:23:53,470 [494c7a1b-9442-431c-b450-0b8d0617d867@group-74F7029FD382-StateMachineUpdater] INFO  safemode.OneReplicaPipelineSafeModeRule (OneReplicaPipelineSafeModeRule.java:initializeRule(176)) - Refreshed Total pipeline count is 0, pipeline's with at least one datanode reported threshold count is 0
2022-01-10 13:23:53,470 [494c7a1b-9442-431c-b450-0b8d0617d867@group-74F7029FD382-StateMachineUpdater] INFO  server.SCMDatanodeProtocolServer (SCMDatanodeProtocolServer.java:start(181)) - ScmDatanodeProtocol RPC server for DataNodes is listening at /0.0.0.0:12887
2022-01-10 13:23:53,479 [7fcd8313-8ccc-4d12-b0b9-018c7cf319d8@group-74F7029FD382-StateMachineUpdater] INFO  ha.SCMStateMachine (SCMStateMachine.java:takeSnapshot(297)) - Current Snapshot Index 5, takeSnapshot took 0 ms
2022-01-10 13:23:53,479 [7fcd8313-8ccc-4d12-b0b9-018c7cf319d8@group-74F7029FD382-StateMachineUpdater] INFO  impl.StateMachineUpdater (StateMachineUpdater.java:takeSnapshot(281)) - 7fcd8313-8ccc-4d12-b0b9-018c7cf319d8@group-74F7029FD382-StateMachineUpdater: Took a snapshot at index 5
2022-01-10 13:23:53,479 [7fcd8313-8ccc-4d12-b0b9-018c7cf319d8@group-74F7029FD382-StateMachineUpdater] INFO  impl.StateMachineUpdater (StateMachineUpdater.java:lambda$new$0(89)) - 7fcd8313-8ccc-4d12-b0b9-018c7cf319d8@group-74F7029FD382-StateMachineUpdater: snapshotIndex: updateIncreasingly -1 -> 5
2022-01-10 13:23:53,479 [7fcd8313-8ccc-4d12-b0b9-018c7cf319d8@group-74F7029FD382-StateMachineUpdater] INFO  raftlog.RaftLog (RaftLogBase.java:purge(306)) - 7fcd8313-8ccc-4d12-b0b9-018c7cf319d8@group-74F7029FD382-SegmentedRaftLog: purge 5
2022-01-10 13:23:53,480 [7fcd8313-8ccc-4d12-b0b9-018c7cf319d8@group-74F7029FD382-StateMachineUpdater] INFO  raftlog.RaftLog (RaftLogBase.java:lambda$new$0(53)) - 7fcd8313-8ccc-4d12-b0b9-018c7cf319d8@group-74F7029FD382-SegmentedRaftLog: snapshotIndex: updateIncreasingly -1 -> 5
2022-01-10 13:23:53,480 [IPC Server handler 3 on default port 12878] INFO  ha.SCMRatisServerImpl (SCMRatisServerImpl.java:addSCM(302)) - Successfully added new SCM: 494c7a1b-9442-431c-b450-0b8d0617d867.
2022-01-10 13:23:53,480 [7fcd8313-8ccc-4d12-b0b9-018c7cf319d8@group-74F7029FD382-SegmentedRaftLogWorker] INFO  raftlog.RaftLog (RaftLogBase.java:lambda$new$0(53)) - 7fcd8313-8ccc-4d12-b0b9-018c7cf319d8@group-74F7029FD382-SegmentedRaftLog: purgeIndex: updateToMax old=-1, new=0, updated? true
2022-01-10 13:23:53,481 [Listener at 0.0.0.0/12889] INFO  ha.SCMHAManagerImpl (SCMHAManagerImpl.java:start(116)) - Successfully added SCM scmNode-2 to group group-74F7029FD382:[7fcd8313-8ccc-4d12-b0b9-018c7cf319d8|rpc:localhost:12876|admin:|client:|dataStream:|priority:0, 494c7a1b-9442-431c-b450-0b8d0617d867|rpc:localhost:12886|admin:|client:|dataStream:|priority:0]
2022-01-10 13:23:53,481 [Listener at 0.0.0.0/12889] INFO  ha.InterSCMGrpcService (InterSCMGrpcProtocolService.java:start(94)) - Starting SCM Grpc Service at port 12890
2022-01-10 13:23:53,482 [Listener at 0.0.0.0/12889] INFO  impl.MetricsSystemImpl (MetricsSystemImpl.java:init(158)) - StorageContainerManager metrics system started (again)
2022-01-10 13:23:53,484 [IPC Server listener on 12887] INFO  ipc.Server (Server.java:run(1344)) - IPC Server listener on 12887: starting
2022-01-10 13:23:53,500 [IPC Server Responder] INFO  ipc.Server (Server.java:run(1507)) - IPC Server Responder: starting
2022-01-10 13:23:53,535 [Listener at 0.0.0.0/12889] INFO  server.SCMClientProtocolServer (SCMClientProtocolServer.java:start(164)) - RPC server for Client  is listening at /0.0.0.0:12889
2022-01-10 13:23:53,536 [IPC Server Responder] INFO  ipc.Server (Server.java:run(1507)) - IPC Server Responder: starting
2022-01-10 13:23:53,536 [IPC Server listener on 12889] INFO  ipc.Server (Server.java:run(1344)) - IPC Server listener on 12889: starting
2022-01-10 13:23:53,538 [Listener at 0.0.0.0/12889] INFO  server.StorageContainerManager (StorageContainerManager.java:start(1318)) - ScmBlockLocationProtocol RPC server is listening at /0.0.0.0:12888
2022-01-10 13:23:53,538 [Listener at 0.0.0.0/12889] INFO  server.SCMBlockProtocolServer (SCMBlockProtocolServer.java:start(151)) - RPC server for Block Protocol is listening at /0.0.0.0:12888
2022-01-10 13:23:53,538 [IPC Server Responder] INFO  ipc.Server (Server.java:run(1507)) - IPC Server Responder: starting
2022-01-10 13:23:53,539 [IPC Server listener on 12888] INFO  ipc.Server (Server.java:run(1344)) - IPC Server listener on 12888: starting
2022-01-10 13:23:53,553 [Listener at 0.0.0.0/12889] INFO  http.BaseHttpServer (BaseHttpServer.java:newHttpServer2BuilderForOzone(209)) - Starting Web-server for scm at: http://0.0.0.0:12884
2022-01-10 13:23:53,553 [Listener at 0.0.0.0/12889] INFO  http.BaseHttpServer (BaseHttpServer.java:<init>(107)) - Hadoop Security Enabled: false Ozone Security Enabled: false Ozone HTTP Security Enabled: false 
2022-01-10 13:23:53,554 [Listener at 0.0.0.0/12889] INFO  server.AuthenticationFilter (AuthenticationFilter.java:constructSecretProvider(240)) - Unable to initialize FileSignerSecretProvider, falling back to use random secrets.
2022-01-10 13:23:53,555 [org.apache.hadoop.util.JvmPauseMonitor$Monitor@1d8f923f] INFO  util.JvmPauseMonitor (JvmPauseMonitor.java:run(188)) - Starting JVM pause monitor
2022-01-10 13:23:53,565 [Listener at 0.0.0.0/12889] WARN  http.HttpRequestLog (HttpRequestLog.java:getRequestLog(103)) - Jetty request log can only be enabled using Log4j
2022-01-10 13:23:53,566 [Listener at 0.0.0.0/12889] INFO  http.HttpServer2 (HttpServer2.java:addGlobalFilter(1030)) - Added global filter 'safety' (class=org.apache.hadoop.hdds.server.http.HttpServer2$QuotingInputFilter)
2022-01-10 13:23:53,567 [Listener at 0.0.0.0/12889] INFO  http.HttpServer2 (HttpServer2.java:addFilter(1006)) - Added filter static_user_filter (class=org.apache.hadoop.http.lib.StaticUserWebFilter$StaticUserFilter) to context scm
2022-01-10 13:23:53,567 [Listener at 0.0.0.0/12889] INFO  http.HttpServer2 (HttpServer2.java:addFilter(1014)) - Added filter static_user_filter (class=org.apache.hadoop.http.lib.StaticUserWebFilter$StaticUserFilter) to context static
2022-01-10 13:23:53,568 [Listener at 0.0.0.0/12889] INFO  http.HttpServer2 (HttpServer2.java:addFilter(1014)) - Added filter static_user_filter (class=org.apache.hadoop.http.lib.StaticUserWebFilter$StaticUserFilter) to context logs
2022-01-10 13:23:53,568 [Listener at 0.0.0.0/12889] INFO  http.HttpServer2 (HttpServer2.java:bindListener(1249)) - Jetty bound to port 12884
2022-01-10 13:23:53,568 [EndpointStateMachine task thread for /127.0.0.1:14629 - 0 ] INFO  ipc.Client (Client.java:handleConnectionFailure(977)) - Retrying connect to server: localhost/127.0.0.1:14629. Already tried 5 time(s); retry policy is RetryUpToMaximumCountWithFixedSleep(maxRetries=15, sleepTime=1000 MILLISECONDS)
2022-01-10 13:23:53,569 [Listener at 0.0.0.0/12889] INFO  server.Server (Server.java:doStart(375)) - jetty-9.4.43.v20210629; built: 2021-06-30T11:07:22.254Z; git: 526006ecfa3af7f1a27ef3a288e2bef7ea9dd7e8; jvm 1.8.0_292-b10
2022-01-10 13:23:53,575 [EndpointStateMachine task thread for /127.0.0.1:14619 - 0 ] INFO  ipc.Client (Client.java:handleConnectionFailure(977)) - Retrying connect to server: localhost/127.0.0.1:14619. Already tried 5 time(s); retry policy is RetryUpToMaximumCountWithFixedSleep(maxRetries=15, sleepTime=1000 MILLISECONDS)
2022-01-10 13:23:53,575 [EndpointStateMachine task thread for /127.0.0.1:14609 - 0 ] INFO  ipc.Client (Client.java:handleConnectionFailure(977)) - Retrying connect to server: localhost/127.0.0.1:14609. Already tried 8 time(s); retry policy is RetryUpToMaximumCountWithFixedSleep(maxRetries=15, sleepTime=1000 MILLISECONDS)
2022-01-10 13:23:53,576 [Listener at 0.0.0.0/12889] INFO  server.session (DefaultSessionIdManager.java:doStart(334)) - DefaultSessionIdManager workerName=node0
2022-01-10 13:23:53,576 [Listener at 0.0.0.0/12889] INFO  server.session (DefaultSessionIdManager.java:doStart(339)) - No SessionScavenger set, using defaults
2022-01-10 13:23:53,581 [Listener at 0.0.0.0/12889] INFO  server.session (HouseKeeper.java:startScavenging(132)) - node0 Scavenging every 600000ms
2022-01-10 13:23:53,586 [Listener at 0.0.0.0/12889] INFO  handler.ContextHandler (ContextHandler.java:doStart(915)) - Started o.e.j.s.ServletContextHandler@2943c93d{logs,/logs,file:///home/runner/work/ozone/ozone/hadoop-ozone/integration-test/target/log,AVAILABLE}
2022-01-10 13:23:53,587 [Listener at 0.0.0.0/12889] INFO  handler.ContextHandler (ContextHandler.java:doStart(915)) - Started o.e.j.s.ServletContextHandler@26dc0c5{static,/static,file:///home/runner/work/ozone/ozone/hadoop-ozone/integration-test/target/test-classes/webapps/static,AVAILABLE}
2022-01-10 13:23:53,590 [Listener at 0.0.0.0/12889] INFO  handler.ContextHandler (ContextHandler.java:doStart(915)) - Started o.e.j.w.WebAppContext@7484236d{scm,/,file:///home/runner/work/ozone/ozone/hadoop-ozone/integration-test/target/test-classes/webapps/scm/,AVAILABLE}{file:/home/runner/work/ozone/ozone/hadoop-ozone/integration-test/target/test-classes/webapps/scm}
2022-01-10 13:23:53,603 [Listener at 0.0.0.0/12889] INFO  server.AbstractConnector (AbstractConnector.java:doStart(331)) - Started ServerConnector@33c440bb{HTTP/1.1, (http/1.1)}{0.0.0.0:12884}
2022-01-10 13:23:53,603 [Listener at 0.0.0.0/12889] INFO  server.Server (Server.java:doStart(415)) - Started @89028ms
2022-01-10 13:23:53,603 [Listener at 0.0.0.0/12889] WARN  impl.MetricsSystemImpl (MetricsSystemImpl.java:register(279)) - Sink prometheus already exists!
2022-01-10 13:23:53,604 [Listener at 0.0.0.0/12889] INFO  http.BaseHttpServer (BaseHttpServer.java:updateConnectorAddress(329)) - HTTP server of scm listening at http://0.0.0.0:12884
2022-01-10 13:23:53,604 [Listener at 0.0.0.0/12889] INFO  ozone.MiniOzoneHAClusterImpl (MiniOzoneHAClusterImpl.java:createSCMService(577)) - Started SCM RPC server at org.apache.hadoop.hdds.scm.server.SCMClientProtocolServer@52b8633c
2022-01-10 13:23:53,605 [Listener at 0.0.0.0/12889] INFO  ha.SCMHANodeDetails (SCMHANodeDetails.java:loadSCMHAConfig(157)) - ServiceID for StorageContainerManager is scm-service-test1
2022-01-10 13:23:53,605 [Listener at 0.0.0.0/12889] INFO  ha.SCMHANodeDetails (SCMHANodeDetails.java:loadSCMHAConfig(168)) - ServiceID for StorageContainerManager is scm-service-test1
2022-01-10 13:23:53,605 [Listener at 0.0.0.0/12889] WARN  scm.ScmUtils (ScmUtils.java:logWarn(179)) - ConfigKey ozone.scm.block.client.address is deprecated, For configuring different ports for each SCM use PortConfigKey ozone.scm.block.client.port appended with serviceId and nodeId. If want to configure same port configure ozone.scm.block.client.port
2022-01-10 13:23:53,605 [Listener at 0.0.0.0/12889] WARN  scm.ScmUtils (ScmUtils.java:logWarn(179)) - ConfigKey ozone.scm.client.address is deprecated, For configuring different ports for each SCM use PortConfigKey ozone.scm.client.port appended with serviceId and nodeId. If want to configure same port configure ozone.scm.client.port
2022-01-10 13:23:53,605 [Listener at 0.0.0.0/12889] WARN  scm.ScmUtils (ScmUtils.java:logWarn(179)) - ConfigKey ozone.scm.datanode.address is deprecated, For configuring different ports for each SCM use PortConfigKey ozone.scm.datanode.port appended with serviceId and nodeId. If want to configure same port configure ozone.scm.datanode.port
2022-01-10 13:23:53,606 [Listener at 0.0.0.0/12889] WARN  scm.ScmUtils (ScmUtils.java:logWarn(179)) - ConfigKey ozone.scm.block.client.address is deprecated, For configuring different ports for each SCM use PortConfigKey ozone.scm.block.client.port appended with serviceId and nodeId. If want to configure same port configure ozone.scm.block.client.port
2022-01-10 13:23:53,606 [Listener at 0.0.0.0/12889] WARN  scm.ScmUtils (ScmUtils.java:logWarn(179)) - ConfigKey ozone.scm.client.address is deprecated, For configuring different ports for each SCM use PortConfigKey ozone.scm.client.port appended with serviceId and nodeId. If want to configure same port configure ozone.scm.client.port
2022-01-10 13:23:53,608 [Listener at 0.0.0.0/12889] WARN  scm.ScmUtils (ScmUtils.java:logWarn(179)) - ConfigKey ozone.scm.datanode.address is deprecated, For configuring different ports for each SCM use PortConfigKey ozone.scm.datanode.port appended with serviceId and nodeId. If want to configure same port configure ozone.scm.datanode.port
2022-01-10 13:23:53,609 [Listener at 0.0.0.0/12889] INFO  ha.SCMHANodeDetails (SCMHANodeDetails.java:loadSCMHAConfig(250)) - Found matching SCM address with SCMServiceId: scm-service-test1, SCMNodeId: scmNode-3, RPC Address: localhost:12896 and Ratis port: 12896
2022-01-10 13:23:53,609 [Listener at 0.0.0.0/12889] INFO  ha.SCMHANodeDetails (ConfUtils.java:setNodeSpecificConfigs(108)) - Setting configuration key ozone.scm.datanode.address with value of key ozone.scm.datanode.address.scm-service-test1.scmNode-3: 127.0.0.1:12897
2022-01-10 13:23:53,609 [Listener at 0.0.0.0/12889] INFO  ha.SCMHANodeDetails (ConfUtils.java:setNodeSpecificConfigs(108)) - Setting configuration key ozone.scm.block.client.address with value of key ozone.scm.block.client.address.scm-service-test1.scmNode-3: 127.0.0.1:12898
2022-01-10 13:23:53,609 [Listener at 0.0.0.0/12889] INFO  ha.SCMHANodeDetails (ConfUtils.java:setNodeSpecificConfigs(108)) - Setting configuration key ozone.scm.client.address with value of key ozone.scm.client.address.scm-service-test1.scmNode-3: 127.0.0.1:12899
2022-01-10 13:23:53,609 [Listener at 0.0.0.0/12889] INFO  ha.SCMHANodeDetails (ConfUtils.java:setNodeSpecificConfigs(108)) - Setting configuration key ozone.scm.ratis.port with value of key ozone.scm.ratis.port.scm-service-test1.scmNode-3: 12896
2022-01-10 13:23:53,609 [Listener at 0.0.0.0/12889] INFO  ha.SCMHANodeDetails (ConfUtils.java:setNodeSpecificConfigs(108)) - Setting configuration key ozone.scm.grpc.port with value of key ozone.scm.grpc.port.scm-service-test1.scmNode-3: 12900
2022-01-10 13:23:53,609 [Listener at 0.0.0.0/12889] INFO  ha.SCMHANodeDetails (ConfUtils.java:setNodeSpecificConfigs(108)) - Setting configuration key ozone.scm.http-address with value of key ozone.scm.http-address.scm-service-test1.scmNode-3: 127.0.0.1:12894
2022-01-10 13:23:53,609 [Listener at 0.0.0.0/12889] INFO  ha.SCMHANodeDetails (ConfUtils.java:setNodeSpecificConfigs(108)) - Setting configuration key ozone.scm.https-address with value of key ozone.scm.https-address.scm-service-test1.scmNode-3: 127.0.0.1:12895
2022-01-10 13:23:53,609 [Listener at 0.0.0.0/12889] INFO  ha.SCMHANodeDetails (ConfUtils.java:setNodeSpecificConfigs(108)) - Setting configuration key ozone.scm.address with value of key ozone.scm.address.scm-service-test1.scmNode-3: 127.0.0.1
2022-01-10 13:23:53,609 [Listener at 0.0.0.0/12889] WARN  scm.ScmUtils (ScmUtils.java:logWarn(179)) - ConfigKey ozone.scm.block.client.address is deprecated, For configuring different ports for each SCM use PortConfigKey ozone.scm.block.client.port appended with serviceId and nodeId. If want to configure same port configure ozone.scm.block.client.port
2022-01-10 13:23:53,610 [Listener at 0.0.0.0/12889] WARN  scm.ScmUtils (ScmUtils.java:logWarn(179)) - ConfigKey ozone.scm.client.address is deprecated, For configuring different ports for each SCM use PortConfigKey ozone.scm.client.port appended with serviceId and nodeId. If want to configure same port configure ozone.scm.client.port
2022-01-10 13:23:53,610 [Listener at 0.0.0.0/12889] WARN  scm.ScmUtils (ScmUtils.java:logWarn(179)) - ConfigKey ozone.scm.datanode.address is deprecated, For configuring different ports for each SCM use PortConfigKey ozone.scm.datanode.port appended with serviceId and nodeId. If want to configure same port configure ozone.scm.datanode.port
2022-01-10 13:23:53,610 [Listener at 0.0.0.0/12889] WARN  server.ServerUtils (ServerUtils.java:getScmDbDir(148)) - ozone.scm.db.dirs is not configured. We recommend adding this setting. Falling back to ozone.metadata.dirs instead.
2022-01-10 13:23:53,611 [Listener at 0.0.0.0/12889] INFO  ha.SCMNodeInfo (SCMNodeInfo.java:getPort(197)) - ConfigKey ozone.scm.client.address is deprecated, For configuring different ports for each SCM use PortConfigKey ozone.scm.client.port appended with serviceId and nodeId
2022-01-10 13:23:53,611 [Listener at 0.0.0.0/12889] INFO  ha.SCMNodeInfo (SCMNodeInfo.java:getPort(197)) - ConfigKey ozone.scm.block.client.address is deprecated, For configuring different ports for each SCM use PortConfigKey ozone.scm.block.client.port appended with serviceId and nodeId
2022-01-10 13:23:53,611 [Listener at 0.0.0.0/12889] INFO  ha.SCMNodeInfo (SCMNodeInfo.java:getPort(197)) - ConfigKey ozone.scm.datanode.address is deprecated, For configuring different ports for each SCM use PortConfigKey ozone.scm.datanode.port appended with serviceId and nodeId
2022-01-10 13:23:53,612 [Listener at 0.0.0.0/12889] INFO  ha.SCMNodeInfo (SCMNodeInfo.java:getPort(197)) - ConfigKey ozone.scm.client.address is deprecated, For configuring different ports for each SCM use PortConfigKey ozone.scm.client.port appended with serviceId and nodeId
2022-01-10 13:23:53,612 [Listener at 0.0.0.0/12889] INFO  ha.SCMNodeInfo (SCMNodeInfo.java:getPort(197)) - ConfigKey ozone.scm.block.client.address is deprecated, For configuring different ports for each SCM use PortConfigKey ozone.scm.block.client.port appended with serviceId and nodeId
2022-01-10 13:23:53,612 [Listener at 0.0.0.0/12889] INFO  ha.SCMNodeInfo (SCMNodeInfo.java:getPort(197)) - ConfigKey ozone.scm.datanode.address is deprecated, For configuring different ports for each SCM use PortConfigKey ozone.scm.datanode.port appended with serviceId and nodeId
2022-01-10 13:23:53,612 [Listener at 0.0.0.0/12889] INFO  ha.SCMNodeInfo (SCMNodeInfo.java:getPort(197)) - ConfigKey ozone.scm.client.address is deprecated, For configuring different ports for each SCM use PortConfigKey ozone.scm.client.port appended with serviceId and nodeId
2022-01-10 13:23:53,612 [Listener at 0.0.0.0/12889] INFO  ha.SCMNodeInfo (SCMNodeInfo.java:getPort(197)) - ConfigKey ozone.scm.block.client.address is deprecated, For configuring different ports for each SCM use PortConfigKey ozone.scm.block.client.port appended with serviceId and nodeId
2022-01-10 13:23:53,612 [Listener at 0.0.0.0/12889] INFO  ha.SCMNodeInfo (SCMNodeInfo.java:getPort(197)) - ConfigKey ozone.scm.datanode.address is deprecated, For configuring different ports for each SCM use PortConfigKey ozone.scm.datanode.port appended with serviceId and nodeId
2022-01-10 13:23:53,638 [Listener at 0.0.0.0/12889] INFO  server.StorageContainerManager (StorageContainerManager.java:scmBootstrap(987)) - SCM BootStrap  is successful for ClusterID 4961146f-9f28-4cba-af76-74f7029fd382, SCMID 3cceec15-32e1-41e4-89f4-0cb3bb7604e2
2022-01-10 13:23:53,639 [Listener at 0.0.0.0/12889] INFO  server.StorageContainerManager (StorageContainerManager.java:scmBootstrap(989)) - Primary SCM Node ID 7fcd8313-8ccc-4d12-b0b9-018c7cf319d8
2022-01-10 13:23:53,639 [Listener at 0.0.0.0/12889] INFO  ha.SCMHANodeDetails (SCMHANodeDetails.java:loadSCMHAConfig(157)) - ServiceID for StorageContainerManager is scm-service-test1
2022-01-10 13:23:53,639 [Listener at 0.0.0.0/12889] INFO  ha.SCMHANodeDetails (SCMHANodeDetails.java:loadSCMHAConfig(168)) - ServiceID for StorageContainerManager is scm-service-test1
2022-01-10 13:23:53,639 [Listener at 0.0.0.0/12889] WARN  scm.ScmUtils (ScmUtils.java:logWarn(179)) - ConfigKey ozone.scm.block.client.address is deprecated, For configuring different ports for each SCM use PortConfigKey ozone.scm.block.client.port appended with serviceId and nodeId. If want to configure same port configure ozone.scm.block.client.port
2022-01-10 13:23:53,639 [Listener at 0.0.0.0/12889] WARN  scm.ScmUtils (ScmUtils.java:logWarn(179)) - ConfigKey ozone.scm.client.address is deprecated, For configuring different ports for each SCM use PortConfigKey ozone.scm.client.port appended with serviceId and nodeId. If want to configure same port configure ozone.scm.client.port
2022-01-10 13:23:53,639 [Listener at 0.0.0.0/12889] WARN  scm.ScmUtils (ScmUtils.java:logWarn(179)) - ConfigKey ozone.scm.datanode.address is deprecated, For configuring different ports for each SCM use PortConfigKey ozone.scm.datanode.port appended with serviceId and nodeId. If want to configure same port configure ozone.scm.datanode.port
2022-01-10 13:23:53,640 [Listener at 0.0.0.0/12889] WARN  scm.ScmUtils (ScmUtils.java:logWarn(179)) - ConfigKey ozone.scm.block.client.address is deprecated, For configuring different ports for each SCM use PortConfigKey ozone.scm.block.client.port appended with serviceId and nodeId. If want to configure same port configure ozone.scm.block.client.port
2022-01-10 13:23:53,640 [Listener at 0.0.0.0/12889] WARN  scm.ScmUtils (ScmUtils.java:logWarn(179)) - ConfigKey ozone.scm.client.address is deprecated, For configuring different ports for each SCM use PortConfigKey ozone.scm.client.port appended with serviceId and nodeId. If want to configure same port configure ozone.scm.client.port
2022-01-10 13:23:53,640 [Listener at 0.0.0.0/12889] WARN  scm.ScmUtils (ScmUtils.java:logWarn(179)) - ConfigKey ozone.scm.datanode.address is deprecated, For configuring different ports for each SCM use PortConfigKey ozone.scm.datanode.port appended with serviceId and nodeId. If want to configure same port configure ozone.scm.datanode.port
2022-01-10 13:23:53,640 [Listener at 0.0.0.0/12889] INFO  ha.SCMHANodeDetails (SCMHANodeDetails.java:loadSCMHAConfig(250)) - Found matching SCM address with SCMServiceId: scm-service-test1, SCMNodeId: scmNode-3, RPC Address: localhost:12896 and Ratis port: 12896
2022-01-10 13:23:53,640 [Listener at 0.0.0.0/12889] INFO  ha.SCMHANodeDetails (ConfUtils.java:setNodeSpecificConfigs(108)) - Setting configuration key ozone.scm.datanode.address with value of key ozone.scm.datanode.address.scm-service-test1.scmNode-3: 127.0.0.1:12897
2022-01-10 13:23:53,640 [Listener at 0.0.0.0/12889] INFO  ha.SCMHANodeDetails (ConfUtils.java:setNodeSpecificConfigs(108)) - Setting configuration key ozone.scm.block.client.address with value of key ozone.scm.block.client.address.scm-service-test1.scmNode-3: 127.0.0.1:12898
2022-01-10 13:23:53,640 [Listener at 0.0.0.0/12889] INFO  ha.SCMHANodeDetails (ConfUtils.java:setNodeSpecificConfigs(108)) - Setting configuration key ozone.scm.client.address with value of key ozone.scm.client.address.scm-service-test1.scmNode-3: 127.0.0.1:12899
2022-01-10 13:23:53,640 [Listener at 0.0.0.0/12889] INFO  ha.SCMHANodeDetails (ConfUtils.java:setNodeSpecificConfigs(108)) - Setting configuration key ozone.scm.ratis.port with value of key ozone.scm.ratis.port.scm-service-test1.scmNode-3: 12896
2022-01-10 13:23:53,641 [Listener at 0.0.0.0/12889] INFO  ha.SCMHANodeDetails (ConfUtils.java:setNodeSpecificConfigs(108)) - Setting configuration key ozone.scm.grpc.port with value of key ozone.scm.grpc.port.scm-service-test1.scmNode-3: 12900
2022-01-10 13:23:53,641 [Listener at 0.0.0.0/12889] INFO  ha.SCMHANodeDetails (ConfUtils.java:setNodeSpecificConfigs(108)) - Setting configuration key ozone.scm.http-address with value of key ozone.scm.http-address.scm-service-test1.scmNode-3: 127.0.0.1:12894
2022-01-10 13:23:53,641 [Listener at 0.0.0.0/12889] INFO  ha.SCMHANodeDetails (ConfUtils.java:setNodeSpecificConfigs(108)) - Setting configuration key ozone.scm.https-address with value of key ozone.scm.https-address.scm-service-test1.scmNode-3: 127.0.0.1:12895
2022-01-10 13:23:53,641 [Listener at 0.0.0.0/12889] INFO  ha.SCMHANodeDetails (ConfUtils.java:setNodeSpecificConfigs(108)) - Setting configuration key ozone.scm.address with value of key ozone.scm.address.scm-service-test1.scmNode-3: 127.0.0.1
2022-01-10 13:23:53,641 [Listener at 0.0.0.0/12889] WARN  scm.ScmUtils (ScmUtils.java:logWarn(179)) - ConfigKey ozone.scm.block.client.address is deprecated, For configuring different ports for each SCM use PortConfigKey ozone.scm.block.client.port appended with serviceId and nodeId. If want to configure same port configure ozone.scm.block.client.port
2022-01-10 13:23:53,641 [Listener at 0.0.0.0/12889] WARN  scm.ScmUtils (ScmUtils.java:logWarn(179)) - ConfigKey ozone.scm.client.address is deprecated, For configuring different ports for each SCM use PortConfigKey ozone.scm.client.port appended with serviceId and nodeId. If want to configure same port configure ozone.scm.client.port
2022-01-10 13:23:53,641 [Listener at 0.0.0.0/12889] WARN  scm.ScmUtils (ScmUtils.java:logWarn(179)) - ConfigKey ozone.scm.datanode.address is deprecated, For configuring different ports for each SCM use PortConfigKey ozone.scm.datanode.port appended with serviceId and nodeId. If want to configure same port configure ozone.scm.datanode.port
2022-01-10 13:23:53,642 [Listener at 0.0.0.0/12889] WARN  server.ServerUtils (ServerUtils.java:getScmDbDir(148)) - ozone.scm.db.dirs is not configured. We recommend adding this setting. Falling back to ozone.metadata.dirs instead.
2022-01-10 13:23:53,642 [Listener at 0.0.0.0/12889] INFO  upgrade.AbstractLayoutVersionManager (AbstractLayoutVersionManager.java:init(79)) - Initializing Layout version manager with metadata layout = SCM_HA (version = 2), software layout = SCM_HA (version = 2)
2022-01-10 13:23:53,722 [Listener at 0.0.0.0/12889] INFO  reflections.Reflections (Reflections.java:scan(232)) - Reflections took 73 ms to scan 7 urls, producing 119 keys and 279 values 
2022-01-10 13:23:53,725 [Listener at 0.0.0.0/12889] WARN  utils.HAUtils (HAUtils.java:getMetaDir(342)) - ozone.scm.db.dirs is not configured. We recommend adding this setting. Falling back to ozone.metadata.dirs instead.
2022-01-10 13:23:53,726 [Listener at 0.0.0.0/12889] WARN  db.DBStoreBuilder (DBStoreBuilder.java:applyDBDefinition(145)) - ozone.scm.db.dirs is not configured. We recommend adding this setting. Falling back to ozone.metadata.dirs instead.
2022-01-10 13:23:53,823 [Listener at 0.0.0.0/12889] INFO  net.NodeSchemaLoader (NodeSchemaLoader.java:loadSchemaFromFile(129)) - Loading schema from [jar:file:/home/runner/.m2/repository/org/apache/ozone/hdds-common/1.3.0-SNAPSHOT/hdds-common-1.3.0-SNAPSHOT.jar!/network-topology-default.xml]
2022-01-10 13:23:53,823 [Listener at 0.0.0.0/12889] INFO  net.NodeSchemaLoader (NodeSchemaLoader.java:loadSchema(176)) - Loading network topology layer schema file
2022-01-10 13:23:53,832 [Listener at 0.0.0.0/12889] WARN  impl.MetricRegistriesImpl (MetricRegistriesImpl.java:addReporterRegistration(111)) - New reporters are added after registries were created. Some metrics will be missing from the reporter. Please add reporter before adding any new registry.
2022-01-10 13:23:53,833 [Listener at 0.0.0.0/12889] WARN  impl.MetricRegistriesImpl (MetricRegistriesImpl.java:addReporterRegistration(111)) - New reporters are added after registries were created. Some metrics will be missing from the reporter. Please add reporter before adding any new registry.
2022-01-10 13:23:53,834 [Listener at 0.0.0.0/12889] INFO  ha.SCMRatisServerImpl (SCMRatisServerImpl.java:<init>(87)) - starting Raft server for scm:3cceec15-32e1-41e4-89f4-0cb3bb7604e2
2022-01-10 13:23:53,835 [Listener at 0.0.0.0/12889] INFO  server.RaftServer (ConfUtils.java:logGet(44)) - raft.rpc.type = GRPC (default)
2022-01-10 13:23:53,836 [Listener at 0.0.0.0/12889] INFO  grpc.GrpcFactory (GrpcFactory.java:checkPooledByteBufAllocatorUseCacheForAllThreads(48)) - PERFORMANCE WARNING: useCacheForAllThreads is true that may cause Netty to create a lot garbage objects and, as a result, trigger GC.
	It is recommended to disable useCacheForAllThreads by setting -Dorg.apache.ratis.thirdparty.io.netty.allocator.useCacheForAllThreads=false in command line.
2022-01-10 13:23:53,836 [Listener at 0.0.0.0/12889] INFO  grpc.GrpcConfigKeys (ConfUtils.java:logGet(44)) - raft.grpc.admin.port = -1 (default)
2022-01-10 13:23:53,836 [Listener at 0.0.0.0/12889] INFO  grpc.GrpcConfigKeys (ConfUtils.java:logGet(44)) - raft.grpc.server.port = 12896 (custom)
2022-01-10 13:23:53,836 [Listener at 0.0.0.0/12889] INFO  grpc.GrpcConfigKeys (ConfUtils.java:logGet(44)) - raft.grpc.client.port = -1 (default)
2022-01-10 13:23:53,836 [Listener at 0.0.0.0/12889] INFO  grpc.GrpcConfigKeys (ConfUtils.java:logGet(44)) - raft.grpc.server.port = 12896 (custom)
2022-01-10 13:23:53,837 [Listener at 0.0.0.0/12889] INFO  grpc.GrpcConfigKeys (ConfUtils.java:logGet(44)) - raft.grpc.server.port = 12896 (custom)
2022-01-10 13:23:53,837 [Listener at 0.0.0.0/12889] INFO  server.GrpcService (ConfUtils.java:logGet(44)) - raft.grpc.message.size.max = 32m (=33554432) (custom)
2022-01-10 13:23:53,837 [Listener at 0.0.0.0/12889] INFO  server.RaftServerConfigKeys (ConfUtils.java:logGet(44)) - raft.server.log.appender.buffer.byte-limit = 33554432 (custom)
2022-01-10 13:23:53,837 [Listener at 0.0.0.0/12889] INFO  server.GrpcService (ConfUtils.java:logGet(44)) - raft.grpc.flow.control.window = 1MB (=1048576) (default)
2022-01-10 13:23:53,837 [Listener at 0.0.0.0/12889] INFO  server.RaftServerConfigKeys (ConfUtils.java:logGet(44)) - raft.server.rpc.request.timeout = 30000ms (custom)
2022-01-10 13:23:53,839 [Listener at 0.0.0.0/12889] INFO  impl.DataStreamServerImpl (ConfUtils.java:logGet(44)) - raft.datastream.type = DISABLED (default)
2022-01-10 13:23:53,839 [Listener at 0.0.0.0/12889] INFO  server.RaftServerConfigKeys (ConfUtils.java:logGet(44)) - raft.server.rpc.slowness.timeout = 120000ms (custom)
2022-01-10 13:23:53,839 [Listener at 0.0.0.0/12889] INFO  server.RaftServerConfigKeys (ConfUtils.java:logGet(44)) - raft.server.leaderelection.leader.step-down.wait-time = 10s (default)
2022-01-10 13:23:53,839 [Listener at 0.0.0.0/12889] INFO  server.RaftServerConfigKeys (ConfUtils.java:logGet(44)) - raft.server.storage.dir = [/home/runner/work/ozone/ozone/hadoop-ozone/integration-test/target/test-dir/MiniOzoneClusterImpl-4961146f-9f28-4cba-af76-74f7029fd382/scmNode-3/scm-ha] (custom)
2022-01-10 13:23:53,840 [Listener at 0.0.0.0/12889] INFO  server.RaftServer (RaftServerProxy.java:addNew(95)) - 3cceec15-32e1-41e4-89f4-0cb3bb7604e2: addNew group-74F7029FD382:[] returns group-74F7029FD382:java.util.concurrent.CompletableFuture@7f9c249c[Not completed]
2022-01-10 13:23:53,840 [pool-263-thread-1] INFO  server.RaftServer$Division (RaftServerImpl.java:<init>(184)) - 3cceec15-32e1-41e4-89f4-0cb3bb7604e2: new RaftServerImpl for group-74F7029FD382:[] with SCMStateMachine:uninitialized
2022-01-10 13:23:53,850 [pool-263-thread-1] INFO  server.RaftServerConfigKeys (ConfUtils.java:logGet(44)) - raft.server.rpc.timeout.min = 5000ms (custom)
2022-01-10 13:23:53,850 [pool-263-thread-1] INFO  server.RaftServerConfigKeys (ConfUtils.java:logGet(44)) - raft.server.rpc.timeout.max = 5200ms (custom)
2022-01-10 13:23:53,850 [pool-263-thread-1] INFO  server.RaftServerConfigKeys (ConfUtils.java:logGet(44)) - raft.server.rpc.sleep.time = 25ms (default)
2022-01-10 13:23:53,850 [pool-263-thread-1] INFO  server.RaftServerConfigKeys (ConfUtils.java:logGet(44)) - raft.server.rpc.slowness.timeout = 120000ms (custom)
2022-01-10 13:23:53,851 [pool-263-thread-1] INFO  server.RaftServerConfigKeys (ConfUtils.java:logGet(44)) - raft.server.leaderelection.leader.step-down.wait-time = 10s (default)
2022-01-10 13:23:53,851 [pool-263-thread-1] INFO  server.RaftServerConfigKeys (ConfUtils.java:logGet(44)) - raft.server.sleep.deviation.threshold = 300ms (default)
2022-01-10 13:23:53,851 [pool-263-thread-1] INFO  server.RaftServerConfigKeys (ConfUtils.java:logGet(44)) - raft.server.log.appender.install.snapshot.enabled = false (custom)
2022-01-10 13:23:53,851 [pool-263-thread-1] INFO  server.RaftServer$Division (ServerState.java:<init>(105)) - 3cceec15-32e1-41e4-89f4-0cb3bb7604e2@group-74F7029FD382: ConfigurationManager, init=-1: [], old=null, confs=<EMPTY_MAP>
2022-01-10 13:23:53,851 [pool-263-thread-1] INFO  server.RaftServerConfigKeys (ConfUtils.java:logGet(44)) - raft.server.storage.dir = [/home/runner/work/ozone/ozone/hadoop-ozone/integration-test/target/test-dir/MiniOzoneClusterImpl-4961146f-9f28-4cba-af76-74f7029fd382/scmNode-3/scm-ha] (custom)
2022-01-10 13:23:53,851 [pool-263-thread-1] INFO  server.RaftServerConfigKeys (ConfUtils.java:logGet(44)) - raft.server.log.corruption.policy = EXCEPTION (default)
2022-01-10 13:23:53,851 [pool-263-thread-1] INFO  server.RaftServerConfigKeys (ConfUtils.java:logGet(44)) - raft.server.storage.free-space.min = 0MB (=0) (default)
2022-01-10 13:23:53,851 [pool-263-thread-1] INFO  storage.RaftStorageDirectory (RaftStorageDirectoryImpl.java:analyzeStorage(135)) - The storage directory /home/runner/work/ozone/ozone/hadoop-ozone/integration-test/target/test-dir/MiniOzoneClusterImpl-4961146f-9f28-4cba-af76-74f7029fd382/scmNode-3/scm-ha/4961146f-9f28-4cba-af76-74f7029fd382 does not exist. Creating ...
2022-01-10 13:23:53,853 [pool-263-thread-1] INFO  storage.RaftStorageDirectory (RaftStorageDirectoryImpl.java:tryLock(230)) - Lock on /home/runner/work/ozone/ozone/hadoop-ozone/integration-test/target/test-dir/MiniOzoneClusterImpl-4961146f-9f28-4cba-af76-74f7029fd382/scmNode-3/scm-ha/4961146f-9f28-4cba-af76-74f7029fd382/in_use.lock acquired by nodename 8207@fv-az12-360
2022-01-10 13:23:53,854 [pool-263-thread-1] INFO  storage.RaftStorage (RaftStorageImpl.java:format(89)) - Storage directory /home/runner/work/ozone/ozone/hadoop-ozone/integration-test/target/test-dir/MiniOzoneClusterImpl-4961146f-9f28-4cba-af76-74f7029fd382/scmNode-3/scm-ha/4961146f-9f28-4cba-af76-74f7029fd382 has been successfully formatted.
2022-01-10 13:23:53,854 [pool-263-thread-1] INFO  server.RaftServerConfigKeys (ConfUtils.java:logGet(44)) - raft.server.notification.no-leader.timeout = 60s (default)
2022-01-10 13:23:53,854 [pool-263-thread-1] INFO  server.RaftServerConfigKeys (ConfUtils.java:logGet(44)) - raft.server.log.use.memory = false (default)
2022-01-10 13:23:53,854 [pool-263-thread-1] INFO  server.RaftServerConfigKeys (ConfUtils.java:logGet(44)) - raft.server.log.purge.gap = 5 (custom)
2022-01-10 13:23:53,854 [pool-263-thread-1] INFO  server.RaftServerConfigKeys (ConfUtils.java:logGet(44)) - raft.server.log.appender.buffer.byte-limit = 33554432 (custom)
2022-01-10 13:23:53,855 [pool-263-thread-1] INFO  server.RaftServerConfigKeys (ConfUtils.java:logGet(44)) - raft.server.log.segment.size.max = 4194304 (custom)
2022-01-10 13:23:53,859 [pool-263-thread-1] INFO  server.RaftServerConfigKeys (ConfUtils.java:logGet(44)) - raft.server.log.segment.cache.num.max = 2 (custom)
2022-01-10 13:23:53,859 [pool-263-thread-1] INFO  server.RaftServerConfigKeys (ConfUtils.java:logGet(44)) - raft.server.log.segment.cache.size.max = 200MB (=209715200) (default)
2022-01-10 13:23:53,860 [pool-263-thread-1] INFO  segmented.SegmentedRaftLogWorker (SegmentedRaftLogWorker.java:<init>(182)) - new 3cceec15-32e1-41e4-89f4-0cb3bb7604e2@group-74F7029FD382-SegmentedRaftLogWorker for RaftStorageImpl:Storage Directory /home/runner/work/ozone/ozone/hadoop-ozone/integration-test/target/test-dir/MiniOzoneClusterImpl-4961146f-9f28-4cba-af76-74f7029fd382/scmNode-3/scm-ha/4961146f-9f28-4cba-af76-74f7029fd382
2022-01-10 13:23:53,860 [pool-263-thread-1] INFO  server.RaftServerConfigKeys (ConfUtils.java:logGet(44)) - raft.server.log.queue.byte-limit = 64MB (=67108864) (default)
2022-01-10 13:23:53,860 [pool-263-thread-1] INFO  server.RaftServerConfigKeys (ConfUtils.java:logGet(44)) - raft.server.log.queue.element-limit = 4096 (default)
2022-01-10 13:23:53,860 [pool-263-thread-1] INFO  server.RaftServerConfigKeys (ConfUtils.java:logGet(44)) - raft.server.log.segment.size.max = 4194304 (custom)
2022-01-10 13:23:53,860 [pool-263-thread-1] INFO  server.RaftServerConfigKeys (ConfUtils.java:logGet(44)) - raft.server.log.preallocated.size = 4194304 (custom)
2022-01-10 13:23:53,860 [pool-263-thread-1] INFO  server.RaftServerConfigKeys (ConfUtils.java:logGet(44)) - raft.server.log.force.sync.num = 128 (default)
2022-01-10 13:23:53,860 [pool-263-thread-1] INFO  server.RaftServerConfigKeys (ConfUtils.java:logGet(44)) - raft.server.log.statemachine.data.sync = true (default)
2022-01-10 13:23:53,860 [pool-263-thread-1] INFO  server.RaftServerConfigKeys (ConfUtils.java:logGet(44)) - raft.server.log.statemachine.data.sync.timeout = 10s (default)
2022-01-10 13:23:53,860 [pool-263-thread-1] INFO  server.RaftServerConfigKeys (ConfUtils.java:logGet(44)) - raft.server.log.statemachine.data.sync.timeout.retry = -1 (default)
2022-01-10 13:23:53,861 [pool-263-thread-1] INFO  server.RaftServerConfigKeys (ConfUtils.java:logGet(44)) - raft.server.log.write.buffer.size = 64KB (=65536) (default)
2022-01-10 13:23:53,862 [pool-263-thread-1] INFO  server.RaftServerConfigKeys (ConfUtils.java:logGet(44)) - raft.server.log.statemachine.data.caching.enabled = false (default)
2022-01-10 13:23:53,862 [pool-263-thread-1] INFO  segmented.SegmentedRaftLogWorker (SegmentedRaftLogWorker.java:lambda$new$0(133)) - 3cceec15-32e1-41e4-89f4-0cb3bb7604e2@group-74F7029FD382-SegmentedRaftLogWorker: flushIndex: setUnconditionally 0 -> -1
2022-01-10 13:23:53,862 [pool-263-thread-1] INFO  segmented.SegmentedRaftLogWorker (SegmentedRaftLogWorker.java:lambda$new$0(133)) - 3cceec15-32e1-41e4-89f4-0cb3bb7604e2@group-74F7029FD382-SegmentedRaftLogWorker: safeCacheEvictIndex: setUnconditionally 0 -> -1
2022-01-10 13:23:53,870 [pool-263-thread-1] INFO  server.RaftServerConfigKeys (ConfUtils.java:logGet(44)) - raft.server.snapshot.auto.trigger.enabled = true (custom)
2022-01-10 13:23:53,871 [pool-263-thread-1] INFO  server.RaftServerConfigKeys (ConfUtils.java:logGet(44)) - raft.server.snapshot.auto.trigger.threshold = 5 (custom)
2022-01-10 13:23:53,871 [pool-263-thread-1] INFO  server.RaftServerConfigKeys (ConfUtils.java:logGet(44)) - raft.server.snapshot.retention.file.num = -1 (default)
2022-01-10 13:23:53,871 [pool-263-thread-1] INFO  server.RaftServerConfigKeys (ConfUtils.java:logGet(44)) - raft.server.log.purge.upto.snapshot.index = true (custom)
2022-01-10 13:23:53,871 [pool-263-thread-1] INFO  server.RaftServerConfigKeys (ConfUtils.java:logGet(44)) - raft.server.retrycache.expirytime = 60000ms (default)
2022-01-10 13:23:53,871 [pool-263-thread-1] INFO  server.RaftServerConfigKeys (ConfUtils.java:logGet(44)) - raft.server.retrycache.statistics.expirytime = 100μs (default)
2022-01-10 13:23:53,879 [Listener at 0.0.0.0/12889] INFO  ha.SCMSnapshotProvider (SCMSnapshotProvider.java:<init>(66)) - Initializing SCM Snapshot Provider
2022-01-10 13:23:53,880 [Listener at 0.0.0.0/12889] WARN  server.ServerUtils (ServerUtils.java:getDefaultRatisDirectory(237)) - Storage directory for Ratis is not configured. It is a good idea to map this to an SSD disk. Falling back to ozone.metadata.dirs
2022-01-10 13:23:53,880 [Listener at 0.0.0.0/12889] WARN  ha.SCMHAUtils (SCMHAUtils.java:getSCMRatisSnapshotDirectory(146)) - SCM snapshot dir is not configured. Falling back to ozone.metadata.dirs config
2022-01-10 13:23:53,882 [Listener at 0.0.0.0/12889] INFO  ha.SequenceIdGenerator (SequenceIdGenerator.java:upgradeToSequenceId(347)) - upgrade localId to 109611004723200000
2022-01-10 13:23:53,882 [Listener at 0.0.0.0/12889] INFO  ha.SequenceIdGenerator (SequenceIdGenerator.java:upgradeToSequenceId(357)) - upgrade delTxnId to 0
2022-01-10 13:23:53,882 [Listener at 0.0.0.0/12889] INFO  ha.SequenceIdGenerator (SequenceIdGenerator.java:upgradeToSequenceId(371)) - upgrade containerId to 0
2022-01-10 13:23:53,882 [Listener at 0.0.0.0/12889] INFO  ha.SequenceIdGenerator (SequenceIdGenerator.java:<init>(218)) - Init the HA SequenceIdGenerator.
2022-01-10 13:23:53,882 [Listener at 0.0.0.0/12889] WARN  server.ServerUtils (ServerUtils.java:sanitizeUserArgs(73)) - ozone.scm.stale.node.interval value = 300000 is larger than max = 100000 based on the key value of ozone.scm.heartbeat.thread.interval, reset to the max value 100000.
2022-01-10 13:23:53,883 [Listener at 0.0.0.0/12889] WARN  server.ServerUtils (ServerUtils.java:sanitizeUserArgs(73)) - ozone.scm.stale.node.interval value = 300000 is larger than max = 100000 based on the key value of ozone.scm.heartbeat.thread.interval, reset to the max value 100000.
2022-01-10 13:23:53,886 [Listener at 0.0.0.0/12889] INFO  node.SCMNodeManager (SCMNodeManager.java:<init>(144)) - Entering startup safe mode.
2022-01-10 13:23:53,887 [Listener at 0.0.0.0/12889] INFO  algorithms.ContainerPlacementPolicyFactory (ContainerPlacementPolicyFactory.java:getPolicy(60)) - Create container placement policy of type org.apache.hadoop.hdds.scm.container.placement.algorithms.SCMContainerPlacementRandom
2022-01-10 13:23:53,887 [Listener at 0.0.0.0/12889] INFO  pipeline.PipelineStateManagerImpl (PipelineStateManagerImpl.java:initialize(78)) - No pipeline exists in current db
2022-01-10 13:23:53,888 [Listener at 0.0.0.0/12889] INFO  algorithms.LeaderChoosePolicyFactory (LeaderChoosePolicyFactory.java:getPolicy(57)) - Create leader choose policy of type org.apache.hadoop.hdds.scm.pipeline.leader.choose.algorithms.MinLeaderCountChoosePolicy
2022-01-10 13:23:53,888 [Listener at 0.0.0.0/12889] INFO  ha.SCMServiceManager (SCMServiceManager.java:register(43)) - Registering service BackgroundPipelineCreator.
2022-01-10 13:23:53,888 [Listener at 0.0.0.0/12889] INFO  pipeline.BackgroundPipelineCreator (BackgroundPipelineCreator.java:start(130)) - Starting RatisPipelineUtilsThread.
2022-01-10 13:23:53,897 [Listener at 0.0.0.0/12889] INFO  algorithms.PipelineChoosePolicyFactory (PipelineChoosePolicyFactory.java:createPipelineChoosePolicyFromClass(73)) - Create pipeline choose policy of type org.apache.hadoop.hdds.scm.pipeline.choose.algorithms.RandomPipelineChoosePolicy
2022-01-10 13:23:53,898 [Listener at 0.0.0.0/12889] INFO  ha.SCMServiceManager (SCMServiceManager.java:register(43)) - Registering service SCMBlockDeletingService.
2022-01-10 13:23:53,899 [Listener at 0.0.0.0/12889] INFO  ha.SCMServiceManager (SCMServiceManager.java:register(43)) - Registering service ReplicationManager.
2022-01-10 13:23:53,899 [Listener at 0.0.0.0/12889] INFO  container.ReplicationManager (ReplicationManager.java:start(319)) - Starting Replication Monitor Thread.
2022-01-10 13:23:53,902 [Listener at 0.0.0.0/12889] INFO  safemode.ContainerSafeModeRule (ContainerSafeModeRule.java:<init>(89)) - containers with one replica threshold count 0
2022-01-10 13:23:53,903 [Listener at 0.0.0.0/12889] INFO  safemode.HealthyPipelineSafeModeRule (HealthyPipelineSafeModeRule.java:initializeRule(156)) - Total pipeline count is 0, healthy pipeline threshold count is 1
2022-01-10 13:23:53,903 [Listener at 0.0.0.0/12889] INFO  safemode.OneReplicaPipelineSafeModeRule (OneReplicaPipelineSafeModeRule.java:initializeRule(180)) - Total pipeline count is 0, pipeline's with at least one datanode reported threshold count is 0
2022-01-10 13:23:53,904 [Listener at 0.0.0.0/12889] INFO  ipc.CallQueueManager (CallQueueManager.java:<init>(90)) - Using callQueue: class java.util.concurrent.LinkedBlockingQueue, queueCapacity: 2000, scheduler: class org.apache.hadoop.ipc.DefaultRpcScheduler, ipcBackoff: false.
2022-01-10 13:23:53,905 [Socket Reader #1 for port 12897] INFO  ipc.Server (Server.java:run(1265)) - Starting Socket Reader #1 for port 12897
2022-01-10 13:23:53,906 [Listener at 0.0.0.0/12897] INFO  ipc.CallQueueManager (CallQueueManager.java:<init>(90)) - Using callQueue: class java.util.concurrent.LinkedBlockingQueue, queueCapacity: 2000, scheduler: class org.apache.hadoop.ipc.DefaultRpcScheduler, ipcBackoff: false.
2022-01-10 13:23:53,908 [Socket Reader #1 for port 12898] INFO  ipc.Server (Server.java:run(1265)) - Starting Socket Reader #1 for port 12898
2022-01-10 13:23:53,909 [Listener at 0.0.0.0/12898] INFO  ipc.CallQueueManager (CallQueueManager.java:<init>(90)) - Using callQueue: class java.util.concurrent.LinkedBlockingQueue, queueCapacity: 2000, scheduler: class org.apache.hadoop.ipc.DefaultRpcScheduler, ipcBackoff: false.
2022-01-10 13:23:53,913 [Socket Reader #1 for port 12899] INFO  ipc.Server (Server.java:run(1265)) - Starting Socket Reader #1 for port 12899
2022-01-10 13:23:53,918 [ReplicationMonitor] INFO  container.ReplicationManager (ReplicationManager.java:processAll(371)) - Replication Monitor Thread took 1 milliseconds for processing 0 containers.
2022-01-10 13:23:53,955 [Listener at 0.0.0.0/12899] INFO  algorithms.ContainerPlacementPolicyFactory (ContainerPlacementPolicyFactory.java:getPolicy(60)) - Create container placement policy of type org.apache.hadoop.hdds.scm.container.placement.algorithms.SCMContainerPlacementRandom
2022-01-10 13:23:53,956 [Listener at 0.0.0.0/12899] INFO  server.StorageContainerManager (StorageContainerManager.java:<init>(388)) - 
Container Balancer status:
Key                            Value
Running                        false
Container Balancer Configuration values:
Key                                                Value
Threshold                                          0.1
Max Datanodes to Involve per Iteration(ratio)      0.2
Max Size to Move per Iteration                     30GB
Max Size Entering Target per Iteration             26GB
Max Size Leaving Source per Iteration              26GB

2022-01-10 13:23:53,956 [Listener at 0.0.0.0/12899] WARN  events.EventQueue (EventQueue.java:fireEvent(194)) - No event handler registered for event TypedEvent{payloadType=SafeModeStatus, name='Safe mode status'}
2022-01-10 13:23:53,956 [Listener at 0.0.0.0/12899] INFO  ha.SCMContext (SCMContext.java:updateSafeModeStatus(211)) - Update SafeModeStatus from SafeModeStatus{safeModeStatus=true, preCheckPassed=false} to SafeModeStatus{safeModeStatus=true, preCheckPassed=false}.
2022-01-10 13:23:53,963 [Listener at 0.0.0.0/12899] INFO  ozone.MiniOzoneHAClusterImpl (MiniOzoneHAClusterImpl.java:createSCMService(581)) - Intialized SCM at org.apache.hadoop.hdds.scm.server.SCMClientProtocolServer@73eb026f. This SCM is currently inactive (not running).
2022-01-10 13:23:53,964 [Listener at 0.0.0.0/12899] INFO  ha.OMHANodeDetails (OMHANodeDetails.java:loadOMHAConfig(118)) - ServiceID for OzoneManager is om-service-test1
2022-01-10 13:23:53,967 [Listener at 0.0.0.0/12899] INFO  ha.OMHANodeDetails (OMHANodeDetails.java:loadOMHAConfig(193)) - Found matching OM address with OMServiceId: om-service-test1, OMNodeId: omNode-1, RPC Address: localhost:11264 and Ratis port: 11268
2022-01-10 13:23:53,967 [Listener at 0.0.0.0/12899] INFO  ha.OMHANodeDetails (ConfUtils.java:setNodeSpecificConfigs(108)) - Setting configuration key ozone.om.http-address with value of key ozone.om.http-address.om-service-test1.omNode-1: 127.0.0.1:11266
2022-01-10 13:23:53,967 [Listener at 0.0.0.0/12899] INFO  ha.OMHANodeDetails (ConfUtils.java:setNodeSpecificConfigs(108)) - Setting configuration key ozone.om.https-address with value of key ozone.om.https-address.om-service-test1.omNode-1: 127.0.0.1:11267
2022-01-10 13:23:53,967 [Listener at 0.0.0.0/12899] INFO  ha.OMHANodeDetails (ConfUtils.java:setNodeSpecificConfigs(108)) - Setting configuration key ozone.om.address with value of key ozone.om.address.om-service-test1.omNode-1: 127.0.0.1:11264
2022-01-10 13:23:53,967 [Listener at 0.0.0.0/12899] WARN  server.ServerUtils (ServerUtils.java:getDBPath(225)) - ozone.om.db.dirs is not configured. We recommend adding this setting. Falling back to ozone.metadata.dirs instead.
2022-01-10 13:23:53,969 [Listener at 0.0.0.0/12899] INFO  ha.SCMNodeInfo (SCMNodeInfo.java:getPort(197)) - ConfigKey ozone.scm.client.address is deprecated, For configuring different ports for each SCM use PortConfigKey ozone.scm.client.port appended with serviceId and nodeId
2022-01-10 13:23:53,969 [Listener at 0.0.0.0/12899] INFO  ha.SCMNodeInfo (SCMNodeInfo.java:getPort(197)) - ConfigKey ozone.scm.block.client.address is deprecated, For configuring different ports for each SCM use PortConfigKey ozone.scm.block.client.port appended with serviceId and nodeId
2022-01-10 13:23:53,969 [Listener at 0.0.0.0/12899] INFO  ha.SCMNodeInfo (SCMNodeInfo.java:getPort(197)) - ConfigKey ozone.scm.datanode.address is deprecated, For configuring different ports for each SCM use PortConfigKey ozone.scm.datanode.port appended with serviceId and nodeId
2022-01-10 13:23:53,969 [Listener at 0.0.0.0/12899] INFO  ha.SCMNodeInfo (SCMNodeInfo.java:getPort(197)) - ConfigKey ozone.scm.client.address is deprecated, For configuring different ports for each SCM use PortConfigKey ozone.scm.client.port appended with serviceId and nodeId
2022-01-10 13:23:53,969 [Listener at 0.0.0.0/12899] INFO  ha.SCMNodeInfo (SCMNodeInfo.java:getPort(197)) - ConfigKey ozone.scm.block.client.address is deprecated, For configuring different ports for each SCM use PortConfigKey ozone.scm.block.client.port appended with serviceId and nodeId
2022-01-10 13:23:53,969 [Listener at 0.0.0.0/12899] INFO  ha.SCMNodeInfo (SCMNodeInfo.java:getPort(197)) - ConfigKey ozone.scm.datanode.address is deprecated, For configuring different ports for each SCM use PortConfigKey ozone.scm.datanode.port appended with serviceId and nodeId
2022-01-10 13:23:53,969 [Listener at 0.0.0.0/12899] INFO  ha.SCMNodeInfo (SCMNodeInfo.java:getPort(197)) - ConfigKey ozone.scm.client.address is deprecated, For configuring different ports for each SCM use PortConfigKey ozone.scm.client.port appended with serviceId and nodeId
2022-01-10 13:23:53,970 [Listener at 0.0.0.0/12899] INFO  ha.SCMNodeInfo (SCMNodeInfo.java:getPort(197)) - ConfigKey ozone.scm.block.client.address is deprecated, For configuring different ports for each SCM use PortConfigKey ozone.scm.block.client.port appended with serviceId and nodeId
2022-01-10 13:23:53,970 [Listener at 0.0.0.0/12899] INFO  ha.SCMNodeInfo (SCMNodeInfo.java:getPort(197)) - ConfigKey ozone.scm.datanode.address is deprecated, For configuring different ports for each SCM use PortConfigKey ozone.scm.datanode.port appended with serviceId and nodeId
OM initialization succeeded.Current cluster id for sd=/home/runner/work/ozone/ozone/hadoop-ozone/integration-test/target/test-dir/MiniOzoneClusterImpl-4961146f-9f28-4cba-af76-74f7029fd382/omNode-1/om;cid=4961146f-9f28-4cba-af76-74f7029fd382;layoutVersion=0
2022-01-10 13:23:53,982 [Listener at 0.0.0.0/12899] INFO  ha.OMHANodeDetails (OMHANodeDetails.java:loadOMHAConfig(118)) - ServiceID for OzoneManager is om-service-test1
2022-01-10 13:23:53,982 [Listener at 0.0.0.0/12899] INFO  ha.OMHANodeDetails (OMHANodeDetails.java:loadOMHAConfig(193)) - Found matching OM address with OMServiceId: om-service-test1, OMNodeId: omNode-1, RPC Address: localhost:11264 and Ratis port: 11268
2022-01-10 13:23:53,982 [Listener at 0.0.0.0/12899] INFO  ha.OMHANodeDetails (ConfUtils.java:setNodeSpecificConfigs(108)) - Setting configuration key ozone.om.http-address with value of key ozone.om.http-address.om-service-test1.omNode-1: 127.0.0.1:11266
2022-01-10 13:23:53,982 [Listener at 0.0.0.0/12899] INFO  ha.OMHANodeDetails (ConfUtils.java:setNodeSpecificConfigs(108)) - Setting configuration key ozone.om.https-address with value of key ozone.om.https-address.om-service-test1.omNode-1: 127.0.0.1:11267
2022-01-10 13:23:53,983 [Listener at 0.0.0.0/12899] INFO  ha.OMHANodeDetails (ConfUtils.java:setNodeSpecificConfigs(108)) - Setting configuration key ozone.om.address with value of key ozone.om.address.om-service-test1.omNode-1: 127.0.0.1:11264
2022-01-10 13:23:53,983 [Listener at 0.0.0.0/12899] WARN  server.ServerUtils (ServerUtils.java:getDBPath(225)) - ozone.om.db.dirs is not configured. We recommend adding this setting. Falling back to ozone.metadata.dirs instead.
2022-01-10 13:23:53,983 [Listener at 0.0.0.0/12899] INFO  upgrade.AbstractLayoutVersionManager (AbstractLayoutVersionManager.java:init(79)) - Initializing Layout version manager with metadata layout = INITIAL_VERSION (version = 0), software layout = INITIAL_VERSION (version = 0)
2022-01-10 13:23:54,061 [Listener at 0.0.0.0/12899] INFO  reflections.Reflections (Reflections.java:scan(232)) - Reflections took 77 ms to scan 2 urls, producing 133 keys and 345 values [using 2 cores]
2022-01-10 13:23:54,061 [Listener at 0.0.0.0/12899] INFO  upgrade.OMLayoutVersionManager (OMLayoutVersionManager.java:lambda$0(115)) - Skipping Upgrade Action MockOmUpgradeAction since it has been finalized.
2022-01-10 13:23:54,062 [Listener at 0.0.0.0/12899] WARN  server.ServerUtils (ServerUtils.java:getDBPath(225)) - ozone.om.db.dirs is not configured. We recommend adding this setting. Falling back to ozone.metadata.dirs instead.
2022-01-10 13:23:54,062 [Listener at 0.0.0.0/12899] INFO  ha.SCMNodeInfo (SCMNodeInfo.java:getPort(197)) - ConfigKey ozone.scm.client.address is deprecated, For configuring different ports for each SCM use PortConfigKey ozone.scm.client.port appended with serviceId and nodeId
2022-01-10 13:23:54,062 [Listener at 0.0.0.0/12899] INFO  ha.SCMNodeInfo (SCMNodeInfo.java:getPort(197)) - ConfigKey ozone.scm.block.client.address is deprecated, For configuring different ports for each SCM use PortConfigKey ozone.scm.block.client.port appended with serviceId and nodeId
2022-01-10 13:23:54,062 [Listener at 0.0.0.0/12899] INFO  ha.SCMNodeInfo (SCMNodeInfo.java:getPort(197)) - ConfigKey ozone.scm.datanode.address is deprecated, For configuring different ports for each SCM use PortConfigKey ozone.scm.datanode.port appended with serviceId and nodeId
2022-01-10 13:23:54,062 [Listener at 0.0.0.0/12899] INFO  ha.SCMNodeInfo (SCMNodeInfo.java:getPort(197)) - ConfigKey ozone.scm.client.address is deprecated, For configuring different ports for each SCM use PortConfigKey ozone.scm.client.port appended with serviceId and nodeId
2022-01-10 13:23:54,062 [Listener at 0.0.0.0/12899] INFO  ha.SCMNodeInfo (SCMNodeInfo.java:getPort(197)) - ConfigKey ozone.scm.block.client.address is deprecated, For configuring different ports for each SCM use PortConfigKey ozone.scm.block.client.port appended with serviceId and nodeId
2022-01-10 13:23:54,062 [Listener at 0.0.0.0/12899] INFO  ha.SCMNodeInfo (SCMNodeInfo.java:getPort(197)) - ConfigKey ozone.scm.datanode.address is deprecated, For configuring different ports for each SCM use PortConfigKey ozone.scm.datanode.port appended with serviceId and nodeId
2022-01-10 13:23:54,063 [Listener at 0.0.0.0/12899] INFO  ha.SCMNodeInfo (SCMNodeInfo.java:getPort(197)) - ConfigKey ozone.scm.client.address is deprecated, For configuring different ports for each SCM use PortConfigKey ozone.scm.client.port appended with serviceId and nodeId
2022-01-10 13:23:54,063 [Listener at 0.0.0.0/12899] INFO  ha.SCMNodeInfo (SCMNodeInfo.java:getPort(197)) - ConfigKey ozone.scm.block.client.address is deprecated, For configuring different ports for each SCM use PortConfigKey ozone.scm.block.client.port appended with serviceId and nodeId
2022-01-10 13:23:54,063 [Listener at 0.0.0.0/12899] INFO  ha.SCMNodeInfo (SCMNodeInfo.java:getPort(197)) - ConfigKey ozone.scm.datanode.address is deprecated, For configuring different ports for each SCM use PortConfigKey ozone.scm.datanode.port appended with serviceId and nodeId
2022-01-10 13:23:54,063 [Listener at 0.0.0.0/12899] INFO  ha.SCMNodeInfo (SCMNodeInfo.java:getPort(197)) - ConfigKey ozone.scm.client.address is deprecated, For configuring different ports for each SCM use PortConfigKey ozone.scm.client.port appended with serviceId and nodeId
2022-01-10 13:23:54,063 [Listener at 0.0.0.0/12899] INFO  ha.SCMNodeInfo (SCMNodeInfo.java:getPort(197)) - ConfigKey ozone.scm.block.client.address is deprecated, For configuring different ports for each SCM use PortConfigKey ozone.scm.block.client.port appended with serviceId and nodeId
2022-01-10 13:23:54,063 [Listener at 0.0.0.0/12899] INFO  ha.SCMNodeInfo (SCMNodeInfo.java:getPort(197)) - ConfigKey ozone.scm.datanode.address is deprecated, For configuring different ports for each SCM use PortConfigKey ozone.scm.datanode.port appended with serviceId and nodeId
2022-01-10 13:23:54,063 [Listener at 0.0.0.0/12899] INFO  ha.SCMNodeInfo (SCMNodeInfo.java:getPort(197)) - ConfigKey ozone.scm.client.address is deprecated, For configuring different ports for each SCM use PortConfigKey ozone.scm.client.port appended with serviceId and nodeId
2022-01-10 13:23:54,064 [Listener at 0.0.0.0/12899] INFO  ha.SCMNodeInfo (SCMNodeInfo.java:getPort(197)) - ConfigKey ozone.scm.block.client.address is deprecated, For configuring different ports for each SCM use PortConfigKey ozone.scm.block.client.port appended with serviceId and nodeId
2022-01-10 13:23:54,064 [Listener at 0.0.0.0/12899] INFO  ha.SCMNodeInfo (SCMNodeInfo.java:getPort(197)) - ConfigKey ozone.scm.datanode.address is deprecated, For configuring different ports for each SCM use PortConfigKey ozone.scm.datanode.port appended with serviceId and nodeId
2022-01-10 13:23:54,064 [Listener at 0.0.0.0/12899] INFO  ha.SCMNodeInfo (SCMNodeInfo.java:getPort(197)) - ConfigKey ozone.scm.client.address is deprecated, For configuring different ports for each SCM use PortConfigKey ozone.scm.client.port appended with serviceId and nodeId
2022-01-10 13:23:54,064 [Listener at 0.0.0.0/12899] INFO  ha.SCMNodeInfo (SCMNodeInfo.java:getPort(197)) - ConfigKey ozone.scm.block.client.address is deprecated, For configuring different ports for each SCM use PortConfigKey ozone.scm.block.client.port appended with serviceId and nodeId
2022-01-10 13:23:54,064 [Listener at 0.0.0.0/12899] INFO  ha.SCMNodeInfo (SCMNodeInfo.java:getPort(197)) - ConfigKey ozone.scm.datanode.address is deprecated, For configuring different ports for each SCM use PortConfigKey ozone.scm.datanode.port appended with serviceId and nodeId
2022-01-10 13:23:54,065 [Listener at 0.0.0.0/12899] INFO  ha.SCMNodeInfo (SCMNodeInfo.java:getPort(197)) - ConfigKey ozone.scm.client.address is deprecated, For configuring different ports for each SCM use PortConfigKey ozone.scm.client.port appended with serviceId and nodeId
2022-01-10 13:23:54,065 [Listener at 0.0.0.0/12899] INFO  ha.SCMNodeInfo (SCMNodeInfo.java:getPort(197)) - ConfigKey ozone.scm.block.client.address is deprecated, For configuring different ports for each SCM use PortConfigKey ozone.scm.block.client.port appended with serviceId and nodeId
2022-01-10 13:23:54,065 [Listener at 0.0.0.0/12899] INFO  ha.SCMNodeInfo (SCMNodeInfo.java:getPort(197)) - ConfigKey ozone.scm.datanode.address is deprecated, For configuring different ports for each SCM use PortConfigKey ozone.scm.datanode.port appended with serviceId and nodeId
2022-01-10 13:23:54,065 [Listener at 0.0.0.0/12899] INFO  ha.SCMNodeInfo (SCMNodeInfo.java:getPort(197)) - ConfigKey ozone.scm.client.address is deprecated, For configuring different ports for each SCM use PortConfigKey ozone.scm.client.port appended with serviceId and nodeId
2022-01-10 13:23:54,066 [Listener at 0.0.0.0/12899] INFO  ha.SCMNodeInfo (SCMNodeInfo.java:getPort(197)) - ConfigKey ozone.scm.block.client.address is deprecated, For configuring different ports for each SCM use PortConfigKey ozone.scm.block.client.port appended with serviceId and nodeId
2022-01-10 13:23:54,066 [Listener at 0.0.0.0/12899] INFO  ha.SCMNodeInfo (SCMNodeInfo.java:getPort(197)) - ConfigKey ozone.scm.datanode.address is deprecated, For configuring different ports for each SCM use PortConfigKey ozone.scm.datanode.port appended with serviceId and nodeId
2022-01-10 13:23:54,066 [Listener at 0.0.0.0/12899] INFO  ha.SCMNodeInfo (SCMNodeInfo.java:getPort(197)) - ConfigKey ozone.scm.client.address is deprecated, For configuring different ports for each SCM use PortConfigKey ozone.scm.client.port appended with serviceId and nodeId
2022-01-10 13:23:54,066 [Listener at 0.0.0.0/12899] INFO  ha.SCMNodeInfo (SCMNodeInfo.java:getPort(197)) - ConfigKey ozone.scm.block.client.address is deprecated, For configuring different ports for each SCM use PortConfigKey ozone.scm.block.client.port appended with serviceId and nodeId
2022-01-10 13:23:54,066 [Listener at 0.0.0.0/12899] INFO  ha.SCMNodeInfo (SCMNodeInfo.java:getPort(197)) - ConfigKey ozone.scm.datanode.address is deprecated, For configuring different ports for each SCM use PortConfigKey ozone.scm.datanode.port appended with serviceId and nodeId
2022-01-10 13:23:54,079 [Listener at 0.0.0.0/12899] WARN  server.ServerUtils (ServerUtils.java:getDBPath(225)) - ozone.om.db.dirs is not configured. We recommend adding this setting. Falling back to ozone.metadata.dirs instead.
2022-01-10 13:23:54,080 [Listener at 0.0.0.0/12899] INFO  codec.OmKeyInfoCodec (OmKeyInfoCodec.java:<init>(50)) - OmKeyInfoCodec ignorePipeline = true
2022-01-10 13:23:54,080 [Listener at 0.0.0.0/12899] INFO  codec.RepeatedOmKeyInfoCodec (RepeatedOmKeyInfoCodec.java:<init>(42)) - RepeatedOmKeyInfoCodec ignorePipeline = true
2022-01-10 13:23:54,263 [Listener at 0.0.0.0/12899] INFO  om.OzoneManager (OzoneManager.java:addS3GVolumeToDB(3728)) - Created Volume s3v With Owner runner required for S3Gateway operations.
2022-01-10 13:23:54,264 [Listener at 0.0.0.0/12899] WARN  server.ServerUtils (ServerUtils.java:getDefaultRatisDirectory(237)) - Storage directory for Ratis is not configured. It is a good idea to map this to an SSD disk. Falling back to ozone.metadata.dirs
2022-01-10 13:23:54,265 [Listener at 0.0.0.0/12899] WARN  utils.OzoneManagerRatisUtils (OzoneManagerRatisUtils.java:getOMRatisSnapshotDirectory(323)) - ozone.om.ratis.snapshot.dir is not configured. Falling back to ozone.metadata.dirs config
2022-01-10 13:23:54,265 [Listener at 0.0.0.0/12899] WARN  impl.MetricRegistriesImpl (MetricRegistriesImpl.java:addReporterRegistration(111)) - New reporters are added after registries were created. Some metrics will be missing from the reporter. Please add reporter before adding any new registry.
2022-01-10 13:23:54,265 [Listener at 0.0.0.0/12899] WARN  impl.MetricRegistriesImpl (MetricRegistriesImpl.java:addReporterRegistration(111)) - New reporters are added after registries were created. Some metrics will be missing from the reporter. Please add reporter before adding any new registry.
2022-01-10 13:23:54,265 [Listener at 0.0.0.0/12899] WARN  server.ServerUtils (ServerUtils.java:getDefaultRatisDirectory(237)) - Storage directory for Ratis is not configured. It is a good idea to map this to an SSD disk. Falling back to ozone.metadata.dirs
2022-01-10 13:23:54,267 [Listener at 0.0.0.0/12899] INFO  ratis.OzoneManagerRatisServer (OzoneManagerRatisServer.java:<init>(159)) - Instantiating OM Ratis server with groupID: om-service-test1 and peers: localhost:11268
2022-01-10 13:23:54,267 [Listener at 0.0.0.0/12899] INFO  ratis.OzoneManagerStateMachine (OzoneManagerStateMachine.java:loadSnapshotInfoFromDB(605)) - LastAppliedIndex is set from TransactionInfo from OM DB as (t:0, i:~)
2022-01-10 13:23:54,267 [Listener at 0.0.0.0/12899] INFO  server.RaftServer (ConfUtils.java:logGet(44)) - raft.rpc.type = GRPC (default)
2022-01-10 13:23:54,268 [Listener at 0.0.0.0/12899] INFO  grpc.GrpcFactory (GrpcFactory.java:checkPooledByteBufAllocatorUseCacheForAllThreads(48)) - PERFORMANCE WARNING: useCacheForAllThreads is true that may cause Netty to create a lot garbage objects and, as a result, trigger GC.
	It is recommended to disable useCacheForAllThreads by setting -Dorg.apache.ratis.thirdparty.io.netty.allocator.useCacheForAllThreads=false in command line.
2022-01-10 13:23:54,268 [Listener at 0.0.0.0/12899] INFO  grpc.GrpcConfigKeys (ConfUtils.java:logGet(44)) - raft.grpc.admin.port = -1 (default)
2022-01-10 13:23:54,268 [Listener at 0.0.0.0/12899] INFO  grpc.GrpcConfigKeys (ConfUtils.java:logGet(44)) - raft.grpc.server.port = 11268 (custom)
2022-01-10 13:23:54,268 [Listener at 0.0.0.0/12899] INFO  grpc.GrpcConfigKeys (ConfUtils.java:logGet(44)) - raft.grpc.client.port = -1 (default)
2022-01-10 13:23:54,268 [Listener at 0.0.0.0/12899] INFO  grpc.GrpcConfigKeys (ConfUtils.java:logGet(44)) - raft.grpc.server.port = 11268 (custom)
2022-01-10 13:23:54,268 [Listener at 0.0.0.0/12899] INFO  grpc.GrpcConfigKeys (ConfUtils.java:logGet(44)) - raft.grpc.server.port = 11268 (custom)
2022-01-10 13:23:54,268 [Listener at 0.0.0.0/12899] INFO  server.GrpcService (ConfUtils.java:logGet(44)) - raft.grpc.message.size.max = 33554432 (custom)
2022-01-10 13:23:54,269 [Listener at 0.0.0.0/12899] INFO  server.RaftServerConfigKeys (ConfUtils.java:logGet(44)) - raft.server.log.appender.buffer.byte-limit = 33554432 (custom)
2022-01-10 13:23:54,269 [Listener at 0.0.0.0/12899] INFO  server.GrpcService (ConfUtils.java:logGet(44)) - raft.grpc.flow.control.window = 1MB (=1048576) (default)
2022-01-10 13:23:54,269 [Listener at 0.0.0.0/12899] INFO  server.RaftServerConfigKeys (ConfUtils.java:logGet(44)) - raft.server.rpc.request.timeout = 3000ms (default)
2022-01-10 13:23:54,270 [Listener at 0.0.0.0/12899] INFO  impl.DataStreamServerImpl (ConfUtils.java:logGet(44)) - raft.datastream.type = DISABLED (default)
2022-01-10 13:23:54,275 [Listener at 0.0.0.0/12899] INFO  server.RaftServerConfigKeys (ConfUtils.java:logGet(44)) - raft.server.rpc.slowness.timeout = 2s (custom)
2022-01-10 13:23:54,275 [Listener at 0.0.0.0/12899] INFO  server.RaftServerConfigKeys (ConfUtils.java:logGet(44)) - raft.server.leaderelection.leader.step-down.wait-time = 10s (default)
2022-01-10 13:23:54,275 [Listener at 0.0.0.0/12899] INFO  server.RaftServerConfigKeys (ConfUtils.java:logGet(44)) - raft.server.storage.dir = [/home/runner/work/ozone/ozone/hadoop-ozone/integration-test/target/test-dir/MiniOzoneClusterImpl-4961146f-9f28-4cba-af76-74f7029fd382/omNode-1/ratis] (custom)
2022-01-10 13:23:54,278 [Listener at 0.0.0.0/12899] INFO  server.RaftServer (RaftServerProxy.java:addNew(95)) - omNode-1: addNew group-523986131536:[omNode-1|rpc:localhost:11268|priority:0] returns group-523986131536:java.util.concurrent.CompletableFuture@632d04d[Not completed]
2022-01-10 13:23:54,278 [Listener at 0.0.0.0/12899] INFO  om.OzoneManager (OzoneManager.java:initializeRatisServer(1834)) - OzoneManager Ratis server initialized at port 11268
2022-01-10 13:23:54,282 [Listener at 0.0.0.0/12899] INFO  ipc.CallQueueManager (CallQueueManager.java:<init>(90)) - Using callQueue: class java.util.concurrent.LinkedBlockingQueue, queueCapacity: 2000, scheduler: class org.apache.hadoop.ipc.DefaultRpcScheduler, ipcBackoff: false.
2022-01-10 13:23:54,283 [pool-287-thread-1] INFO  server.RaftServer$Division (RaftServerImpl.java:<init>(184)) - omNode-1: new RaftServerImpl for group-523986131536:[omNode-1|rpc:localhost:11268|priority:0] with OzoneManagerStateMachine:uninitialized
2022-01-10 13:23:54,291 [pool-287-thread-1] INFO  server.RaftServerConfigKeys (ConfUtils.java:logGet(44)) - raft.server.rpc.timeout.min = 1s (custom)
2022-01-10 13:23:54,291 [pool-287-thread-1] INFO  server.RaftServerConfigKeys (ConfUtils.java:logGet(44)) - raft.server.rpc.timeout.max = 1200ms (custom)
2022-01-10 13:23:54,292 [pool-287-thread-1] INFO  server.RaftServerConfigKeys (ConfUtils.java:logGet(44)) - raft.server.rpc.sleep.time = 25ms (default)
2022-01-10 13:23:54,292 [pool-287-thread-1] INFO  server.RaftServerConfigKeys (ConfUtils.java:logGet(44)) - raft.server.rpc.slowness.timeout = 2s (custom)
2022-01-10 13:23:54,292 [pool-287-thread-1] INFO  server.RaftServerConfigKeys (ConfUtils.java:logGet(44)) - raft.server.leaderelection.leader.step-down.wait-time = 10s (default)
2022-01-10 13:23:54,292 [pool-287-thread-1] INFO  server.RaftServerConfigKeys (ConfUtils.java:logGet(44)) - raft.server.sleep.deviation.threshold = 300ms (default)
2022-01-10 13:23:54,292 [pool-287-thread-1] INFO  server.RaftServerConfigKeys (ConfUtils.java:logGet(44)) - raft.server.log.appender.install.snapshot.enabled = false (custom)
2022-01-10 13:23:54,292 [pool-287-thread-1] INFO  server.RaftServer$Division (ServerState.java:<init>(105)) - omNode-1@group-523986131536: ConfigurationManager, init=-1: [omNode-1|rpc:localhost:11268|priority:0], old=null, confs=<EMPTY_MAP>
2022-01-10 13:23:54,292 [pool-287-thread-1] INFO  server.RaftServerConfigKeys (ConfUtils.java:logGet(44)) - raft.server.storage.dir = [/home/runner/work/ozone/ozone/hadoop-ozone/integration-test/target/test-dir/MiniOzoneClusterImpl-4961146f-9f28-4cba-af76-74f7029fd382/omNode-1/ratis] (custom)
2022-01-10 13:23:54,292 [pool-287-thread-1] INFO  server.RaftServerConfigKeys (ConfUtils.java:logGet(44)) - raft.server.log.corruption.policy = EXCEPTION (default)
2022-01-10 13:23:54,292 [pool-287-thread-1] INFO  server.RaftServerConfigKeys (ConfUtils.java:logGet(44)) - raft.server.storage.free-space.min = 0MB (=0) (default)
2022-01-10 13:23:54,293 [pool-287-thread-1] INFO  storage.RaftStorageDirectory (RaftStorageDirectoryImpl.java:analyzeStorage(135)) - The storage directory /home/runner/work/ozone/ozone/hadoop-ozone/integration-test/target/test-dir/MiniOzoneClusterImpl-4961146f-9f28-4cba-af76-74f7029fd382/omNode-1/ratis/c9bc4cf4-3bc3-3c60-a66b-523986131536 does not exist. Creating ...
2022-01-10 13:23:54,297 [Socket Reader #1 for port 11264] INFO  ipc.Server (Server.java:run(1265)) - Starting Socket Reader #1 for port 11264
2022-01-10 13:23:54,297 [pool-287-thread-1] INFO  storage.RaftStorageDirectory (RaftStorageDirectoryImpl.java:tryLock(230)) - Lock on /home/runner/work/ozone/ozone/hadoop-ozone/integration-test/target/test-dir/MiniOzoneClusterImpl-4961146f-9f28-4cba-af76-74f7029fd382/omNode-1/ratis/c9bc4cf4-3bc3-3c60-a66b-523986131536/in_use.lock acquired by nodename 8207@fv-az12-360
2022-01-10 13:23:54,313 [pool-287-thread-1] INFO  storage.RaftStorage (RaftStorageImpl.java:format(89)) - Storage directory /home/runner/work/ozone/ozone/hadoop-ozone/integration-test/target/test-dir/MiniOzoneClusterImpl-4961146f-9f28-4cba-af76-74f7029fd382/omNode-1/ratis/c9bc4cf4-3bc3-3c60-a66b-523986131536 has been successfully formatted.
2022-01-10 13:23:54,313 [pool-287-thread-1] INFO  server.RaftServerConfigKeys (ConfUtils.java:logGet(44)) - raft.server.notification.no-leader.timeout = 2s (custom)
2022-01-10 13:23:54,313 [pool-287-thread-1] INFO  server.RaftServerConfigKeys (ConfUtils.java:logGet(44)) - raft.server.log.use.memory = false (default)
2022-01-10 13:23:54,313 [pool-287-thread-1] INFO  server.RaftServerConfigKeys (ConfUtils.java:logGet(44)) - raft.server.log.purge.gap = 1000000 (custom)
2022-01-10 13:23:54,313 [pool-287-thread-1] INFO  server.RaftServerConfigKeys (ConfUtils.java:logGet(44)) - raft.server.log.appender.buffer.byte-limit = 33554432 (custom)
2022-01-10 13:23:54,313 [pool-287-thread-1] INFO  server.RaftServerConfigKeys (ConfUtils.java:logGet(44)) - raft.server.log.segment.size.max = 4194304 (custom)
2022-01-10 13:23:54,314 [pool-287-thread-1] INFO  server.RaftServerConfigKeys (ConfUtils.java:logGet(44)) - raft.server.log.segment.cache.num.max = 2 (custom)
2022-01-10 13:23:54,314 [pool-287-thread-1] INFO  server.RaftServerConfigKeys (ConfUtils.java:logGet(44)) - raft.server.log.segment.cache.size.max = 200MB (=209715200) (default)
2022-01-10 13:23:54,314 [pool-287-thread-1] INFO  segmented.SegmentedRaftLogWorker (SegmentedRaftLogWorker.java:<init>(182)) - new omNode-1@group-523986131536-SegmentedRaftLogWorker for RaftStorageImpl:Storage Directory /home/runner/work/ozone/ozone/hadoop-ozone/integration-test/target/test-dir/MiniOzoneClusterImpl-4961146f-9f28-4cba-af76-74f7029fd382/omNode-1/ratis/c9bc4cf4-3bc3-3c60-a66b-523986131536
2022-01-10 13:23:54,314 [pool-287-thread-1] INFO  server.RaftServerConfigKeys (ConfUtils.java:logGet(44)) - raft.server.log.queue.byte-limit = 64MB (=67108864) (default)
2022-01-10 13:23:54,314 [pool-287-thread-1] INFO  server.RaftServerConfigKeys (ConfUtils.java:logGet(44)) - raft.server.log.queue.element-limit = 4096 (default)
2022-01-10 13:23:54,314 [pool-287-thread-1] INFO  server.RaftServerConfigKeys (ConfUtils.java:logGet(44)) - raft.server.log.segment.size.max = 4194304 (custom)
2022-01-10 13:23:54,314 [pool-287-thread-1] INFO  server.RaftServerConfigKeys (ConfUtils.java:logGet(44)) - raft.server.log.preallocated.size = 4194304 (custom)
2022-01-10 13:23:54,314 [pool-287-thread-1] INFO  server.RaftServerConfigKeys (ConfUtils.java:logGet(44)) - raft.server.log.force.sync.num = 128 (default)
2022-01-10 13:23:54,314 [pool-287-thread-1] INFO  server.RaftServerConfigKeys (ConfUtils.java:logGet(44)) - raft.server.log.statemachine.data.sync = true (default)
2022-01-10 13:23:54,314 [pool-287-thread-1] INFO  server.RaftServerConfigKeys (ConfUtils.java:logGet(44)) - raft.server.log.statemachine.data.sync.timeout = 10s (default)
2022-01-10 13:23:54,314 [pool-287-thread-1] INFO  server.RaftServerConfigKeys (ConfUtils.java:logGet(44)) - raft.server.log.statemachine.data.sync.timeout.retry = -1 (default)
2022-01-10 13:23:54,321 [pool-287-thread-1] INFO  server.RaftServerConfigKeys (ConfUtils.java:logGet(44)) - raft.server.log.write.buffer.size = 64KB (=65536) (default)
2022-01-10 13:23:54,321 [pool-287-thread-1] INFO  server.RaftServerConfigKeys (ConfUtils.java:logGet(44)) - raft.server.log.statemachine.data.caching.enabled = false (default)
2022-01-10 13:23:54,322 [pool-287-thread-1] INFO  segmented.SegmentedRaftLogWorker (SegmentedRaftLogWorker.java:lambda$new$0(133)) - omNode-1@group-523986131536-SegmentedRaftLogWorker: flushIndex: setUnconditionally 0 -> -1
2022-01-10 13:23:54,322 [pool-287-thread-1] INFO  segmented.SegmentedRaftLogWorker (SegmentedRaftLogWorker.java:lambda$new$0(133)) - omNode-1@group-523986131536-SegmentedRaftLogWorker: safeCacheEvictIndex: setUnconditionally 0 -> -1
2022-01-10 13:23:54,327 [pool-287-thread-1] INFO  server.RaftServerConfigKeys (ConfUtils.java:logGet(44)) - raft.server.snapshot.auto.trigger.enabled = true (custom)
2022-01-10 13:23:54,327 [pool-287-thread-1] INFO  server.RaftServerConfigKeys (ConfUtils.java:logGet(44)) - raft.server.snapshot.auto.trigger.threshold = 400000 (default)
2022-01-10 13:23:54,327 [pool-287-thread-1] INFO  server.RaftServerConfigKeys (ConfUtils.java:logGet(44)) - raft.server.snapshot.retention.file.num = -1 (default)
2022-01-10 13:23:54,327 [pool-287-thread-1] INFO  server.RaftServerConfigKeys (ConfUtils.java:logGet(44)) - raft.server.log.purge.upto.snapshot.index = true (custom)
2022-01-10 13:23:54,327 [pool-287-thread-1] INFO  server.RaftServerConfigKeys (ConfUtils.java:logGet(44)) - raft.server.retrycache.expirytime = 300s (custom)
2022-01-10 13:23:54,327 [pool-287-thread-1] INFO  server.RaftServerConfigKeys (ConfUtils.java:logGet(44)) - raft.server.retrycache.statistics.expirytime = 100μs (default)
2022-01-10 13:23:54,367 [Listener at 127.0.0.1/11264] INFO  impl.MetricsSystemImpl (MetricsSystemImpl.java:init(158)) - OzoneManager metrics system started (again)
2022-01-10 13:23:54,400 [Listener at 127.0.0.1/11264] INFO  om.OzoneManager (OzoneManager.java:start(1365)) - OzoneManager RPC server is listening at localhost/127.0.0.1:11264
2022-01-10 13:23:54,401 [Listener at 127.0.0.1/11264] INFO  ratis.OzoneManagerRatisServer (OzoneManagerRatisServer.java:start(554)) - Starting OzoneManagerRatisServer omNode-1 at port 11268
2022-01-10 13:23:54,402 [Listener at 127.0.0.1/11264] INFO  server.RaftServer$Division (RaftServerImpl.java:start(301)) - omNode-1@group-523986131536: start as a follower, conf=-1: [omNode-1|rpc:localhost:11268|priority:0], old=null
2022-01-10 13:23:54,402 [Listener at 127.0.0.1/11264] INFO  server.RaftServer$Division (RaftServerImpl.java:setRole(290)) - omNode-1@group-523986131536: changes role from      null to FOLLOWER at term 0 for startAsFollower
2022-01-10 13:23:54,402 [Listener at 127.0.0.1/11264] INFO  impl.RoleInfo (RoleInfo.java:updateAndGet(130)) - omNode-1: start omNode-1@group-523986131536-FollowerState
2022-01-10 13:23:54,415 [Listener at 127.0.0.1/11264] INFO  util.JmxRegister (JmxRegister.java:tryRegister(44)) - Successfully registered JMX Bean with object name Ratis:service=RaftServer,group=group-523986131536,id=omNode-1
2022-01-10 13:23:54,421 [Listener at 127.0.0.1/11264] INFO  server.RaftServer (RaftServerProxy.java:lambda$start$5(374)) - omNode-1: start RPC server
2022-01-10 13:23:54,424 [Listener at 127.0.0.1/11264] INFO  server.GrpcService (GrpcService.java:startImpl(253)) - omNode-1: GrpcService started, listening on 11268
2022-01-10 13:23:54,436 [Listener at 127.0.0.1/11264] INFO  om.OzoneManager (OzoneManager.java:start(1381)) - Version File has different layout version (0) than OM DB (null). That is expected if this OM has never been finalized to a newer layout version.
2022-01-10 13:23:54,436 [org.apache.ratis.util.JvmPauseMonitor$$Lambda$500/2122256138@7d131ef1] INFO  util.JvmPauseMonitor (JvmPauseMonitor.java:run(103)) - JvmPauseMonitor-omNode-1: Started
2022-01-10 13:23:54,478 [Listener at 127.0.0.1/11264] INFO  http.BaseHttpServer (BaseHttpServer.java:newHttpServer2BuilderForOzone(209)) - Starting Web-server for ozoneManager at: http://0.0.0.0:11266
2022-01-10 13:23:54,478 [Listener at 127.0.0.1/11264] INFO  http.BaseHttpServer (BaseHttpServer.java:<init>(107)) - Hadoop Security Enabled: false Ozone Security Enabled: false Ozone HTTP Security Enabled: false 
2022-01-10 13:23:54,480 [Listener at 127.0.0.1/11264] INFO  server.AuthenticationFilter (AuthenticationFilter.java:constructSecretProvider(240)) - Unable to initialize FileSignerSecretProvider, falling back to use random secrets.
2022-01-10 13:23:54,486 [Listener at 127.0.0.1/11264] WARN  http.HttpRequestLog (HttpRequestLog.java:getRequestLog(103)) - Jetty request log can only be enabled using Log4j
2022-01-10 13:23:54,487 [Listener at 127.0.0.1/11264] INFO  http.HttpServer2 (HttpServer2.java:addGlobalFilter(1030)) - Added global filter 'safety' (class=org.apache.hadoop.hdds.server.http.HttpServer2$QuotingInputFilter)
2022-01-10 13:23:54,488 [Listener at 127.0.0.1/11264] INFO  http.HttpServer2 (HttpServer2.java:addFilter(1006)) - Added filter static_user_filter (class=org.apache.hadoop.http.lib.StaticUserWebFilter$StaticUserFilter) to context ozoneManager
2022-01-10 13:23:54,489 [Listener at 127.0.0.1/11264] INFO  http.HttpServer2 (HttpServer2.java:addFilter(1014)) - Added filter static_user_filter (class=org.apache.hadoop.http.lib.StaticUserWebFilter$StaticUserFilter) to context static
2022-01-10 13:23:54,489 [Listener at 127.0.0.1/11264] INFO  http.HttpServer2 (HttpServer2.java:addFilter(1014)) - Added filter static_user_filter (class=org.apache.hadoop.http.lib.StaticUserWebFilter$StaticUserFilter) to context logs
2022-01-10 13:23:54,489 [Listener at 127.0.0.1/11264] INFO  http.HttpServer2 (HttpServer2.java:bindListener(1249)) - Jetty bound to port 11266
2022-01-10 13:23:54,489 [Listener at 127.0.0.1/11264] INFO  server.Server (Server.java:doStart(375)) - jetty-9.4.43.v20210629; built: 2021-06-30T11:07:22.254Z; git: 526006ecfa3af7f1a27ef3a288e2bef7ea9dd7e8; jvm 1.8.0_292-b10
2022-01-10 13:23:54,501 [Listener at 127.0.0.1/11264] INFO  server.session (DefaultSessionIdManager.java:doStart(334)) - DefaultSessionIdManager workerName=node0
2022-01-10 13:23:54,501 [Listener at 127.0.0.1/11264] INFO  server.session (DefaultSessionIdManager.java:doStart(339)) - No SessionScavenger set, using defaults
2022-01-10 13:23:54,501 [Listener at 127.0.0.1/11264] INFO  server.session (HouseKeeper.java:startScavenging(132)) - node0 Scavenging every 600000ms
2022-01-10 13:23:54,509 [Listener at 127.0.0.1/11264] INFO  handler.ContextHandler (ContextHandler.java:doStart(915)) - Started o.e.j.s.ServletContextHandler@2325b28f{logs,/logs,file:///home/runner/work/ozone/ozone/hadoop-ozone/integration-test/target/log,AVAILABLE}
2022-01-10 13:23:54,509 [Listener at 127.0.0.1/11264] INFO  handler.ContextHandler (ContextHandler.java:doStart(915)) - Started o.e.j.s.ServletContextHandler@3c1c984f{static,/static,file:///home/runner/work/ozone/ozone/hadoop-ozone/integration-test/target/test-classes/webapps/static,AVAILABLE}
2022-01-10 13:23:54,513 [Listener at 127.0.0.1/11264] INFO  handler.ContextHandler (ContextHandler.java:doStart(915)) - Started o.e.j.w.WebAppContext@5df0e5f0{ozoneManager,/,file:///home/runner/work/ozone/ozone/hadoop-ozone/integration-test/target/test-classes/webapps/ozoneManager/,AVAILABLE}{file:/home/runner/work/ozone/ozone/hadoop-ozone/integration-test/target/test-classes/webapps/ozoneManager}
2022-01-10 13:23:54,530 [Listener at 127.0.0.1/11264] INFO  server.AbstractConnector (AbstractConnector.java:doStart(331)) - Started ServerConnector@1efdefcc{HTTP/1.1, (http/1.1)}{0.0.0.0:11266}
2022-01-10 13:23:54,530 [Listener at 127.0.0.1/11264] INFO  server.Server (Server.java:doStart(415)) - Started @89955ms
2022-01-10 13:23:54,531 [Listener at 127.0.0.1/11264] WARN  impl.MetricsSystemImpl (MetricsSystemImpl.java:register(279)) - Sink prometheus already exists!
2022-01-10 13:23:54,531 [Listener at 127.0.0.1/11264] INFO  http.BaseHttpServer (BaseHttpServer.java:updateConnectorAddress(329)) - HTTP server of ozoneManager listening at http://0.0.0.0:11266
2022-01-10 13:23:54,541 [IPC Server Responder] INFO  ipc.Server (Server.java:run(1507)) - IPC Server Responder: starting
2022-01-10 13:23:54,565 [IPC Server listener on 11264] INFO  ipc.Server (Server.java:run(1344)) - IPC Server listener on 11264: starting
2022-01-10 13:23:54,572 [EndpointStateMachine task thread for /127.0.0.1:14629 - 0 ] INFO  ipc.Client (Client.java:handleConnectionFailure(977)) - Retrying connect to server: localhost/127.0.0.1:14629. Already tried 6 time(s); retry policy is RetryUpToMaximumCountWithFixedSleep(maxRetries=15, sleepTime=1000 MILLISECONDS)
2022-01-10 13:23:54,575 [EndpointStateMachine task thread for /127.0.0.1:14619 - 0 ] INFO  ipc.Client (Client.java:handleConnectionFailure(977)) - Retrying connect to server: localhost/127.0.0.1:14619. Already tried 6 time(s); retry policy is RetryUpToMaximumCountWithFixedSleep(maxRetries=15, sleepTime=1000 MILLISECONDS)
2022-01-10 13:23:54,576 [EndpointStateMachine task thread for /127.0.0.1:14609 - 0 ] INFO  ipc.Client (Client.java:handleConnectionFailure(977)) - Retrying connect to server: localhost/127.0.0.1:14609. Already tried 9 time(s); retry policy is RetryUpToMaximumCountWithFixedSleep(maxRetries=15, sleepTime=1000 MILLISECONDS)
2022-01-10 13:23:54,664 [Listener at 127.0.0.1/11264] INFO  om.OzoneManager (OzoneManager.java:startTrashEmptier(1792)) - Trash Interval set to 0. Files deleted will not move to trash
2022-01-10 13:23:54,665 [Listener at 127.0.0.1/11264] INFO  ozone.MiniOzoneHAClusterImpl (MiniOzoneHAClusterImpl.java:createOMService(503)) - Started OzoneManager omNode-1 RPC server at localhost/127.0.0.1:11264
2022-01-10 13:23:54,681 [org.apache.hadoop.util.JvmPauseMonitor$Monitor@7aba206b] INFO  util.JvmPauseMonitor (JvmPauseMonitor.java:run(188)) - Starting JVM pause monitor
2022-01-10 13:23:54,681 [Listener at 127.0.0.1/11264] WARN  impl.MetricRegistriesImpl (MetricRegistriesImpl.java:addReporterRegistration(111)) - New reporters are added after registries were created. Some metrics will be missing from the reporter. Please add reporter before adding any new registry.
2022-01-10 13:23:54,681 [Listener at 127.0.0.1/11264] WARN  impl.MetricRegistriesImpl (MetricRegistriesImpl.java:addReporterRegistration(111)) - New reporters are added after registries were created. Some metrics will be missing from the reporter. Please add reporter before adding any new registry.
2022-01-10 13:23:54,681 [Listener at 127.0.0.1/11264] INFO  impl.MetricsSystemImpl (MetricsSystemImpl.java:init(158)) - HddsDatanode metrics system started (again)
2022-01-10 13:23:54,723 [Listener at 127.0.0.1/11264] INFO  ozone.HddsDatanodeService (HddsDatanodeService.java:start(234)) - HddsDatanodeService host:fv-az12-360.exdb2aeach2ezidoxz41lk3bwg.cx.internal.cloudapp.net ip:10.1.0.41
2022-01-10 13:23:54,756 [Listener at 127.0.0.1/11264] INFO  upgrade.AbstractLayoutVersionManager (AbstractLayoutVersionManager.java:init(79)) - Initializing Layout version manager with metadata layout = SCM_HA (version = 2), software layout = SCM_HA (version = 2)
2022-01-10 13:23:54,850 [Listener at 127.0.0.1/11264] INFO  reflections.Reflections (Reflections.java:scan(232)) - Reflections took 93 ms to scan 7 urls, producing 119 keys and 279 values 
2022-01-10 13:23:54,855 [Listener at 127.0.0.1/11264] INFO  ha.SCMNodeInfo (SCMNodeInfo.java:getPort(197)) - ConfigKey ozone.scm.client.address is deprecated, For configuring different ports for each SCM use PortConfigKey ozone.scm.client.port appended with serviceId and nodeId
2022-01-10 13:23:54,855 [Listener at 127.0.0.1/11264] INFO  ha.SCMNodeInfo (SCMNodeInfo.java:getPort(197)) - ConfigKey ozone.scm.block.client.address is deprecated, For configuring different ports for each SCM use PortConfigKey ozone.scm.block.client.port appended with serviceId and nodeId
2022-01-10 13:23:54,881 [Listener at 127.0.0.1/11264] INFO  ha.SCMNodeInfo (SCMNodeInfo.java:getPort(197)) - ConfigKey ozone.scm.datanode.address is deprecated, For configuring different ports for each SCM use PortConfigKey ozone.scm.datanode.port appended with serviceId and nodeId
2022-01-10 13:23:54,882 [Listener at 127.0.0.1/11264] INFO  ha.SCMNodeInfo (SCMNodeInfo.java:getPort(197)) - ConfigKey ozone.scm.client.address is deprecated, For configuring different ports for each SCM use PortConfigKey ozone.scm.client.port appended with serviceId and nodeId
2022-01-10 13:23:54,882 [Listener at 127.0.0.1/11264] INFO  ha.SCMNodeInfo (SCMNodeInfo.java:getPort(197)) - ConfigKey ozone.scm.block.client.address is deprecated, For configuring different ports for each SCM use PortConfigKey ozone.scm.block.client.port appended with serviceId and nodeId
2022-01-10 13:23:54,882 [Listener at 127.0.0.1/11264] INFO  ha.SCMNodeInfo (SCMNodeInfo.java:getPort(197)) - ConfigKey ozone.scm.datanode.address is deprecated, For configuring different ports for each SCM use PortConfigKey ozone.scm.datanode.port appended with serviceId and nodeId
2022-01-10 13:23:54,882 [Listener at 127.0.0.1/11264] INFO  ha.SCMNodeInfo (SCMNodeInfo.java:getPort(197)) - ConfigKey ozone.scm.client.address is deprecated, For configuring different ports for each SCM use PortConfigKey ozone.scm.client.port appended with serviceId and nodeId
2022-01-10 13:23:54,882 [Listener at 127.0.0.1/11264] INFO  ha.SCMNodeInfo (SCMNodeInfo.java:getPort(197)) - ConfigKey ozone.scm.block.client.address is deprecated, For configuring different ports for each SCM use PortConfigKey ozone.scm.block.client.port appended with serviceId and nodeId
2022-01-10 13:23:54,882 [Listener at 127.0.0.1/11264] INFO  ha.SCMNodeInfo (SCMNodeInfo.java:getPort(197)) - ConfigKey ozone.scm.datanode.address is deprecated, For configuring different ports for each SCM use PortConfigKey ozone.scm.datanode.port appended with serviceId and nodeId
2022-01-10 13:23:54,883 [Listener at 127.0.0.1/11264] INFO  statemachine.DatanodeStateMachine (DatanodeStateMachine.java:getEndPointTaskThreadPoolSize(219)) - Datanode State Machine Task Thread Pool size 4
2022-01-10 13:23:54,889 [Listener at 127.0.0.1/11264] INFO  volume.HddsVolume (HddsVolume.java:<init>(120)) - Creating HddsVolume: /home/runner/work/ozone/ozone/hadoop-ozone/integration-test/target/test-dir/MiniOzoneClusterImpl-4961146f-9f28-4cba-af76-74f7029fd382/datanode-0/data-0/containers/hdds of storage type : DISK capacity : 9223372036854775807
2022-01-10 13:23:54,889 [Listener at 127.0.0.1/11264] INFO  volume.MutableVolumeSet (MutableVolumeSet.java:initializeVolumeSet(168)) - Added Volume : /home/runner/work/ozone/ozone/hadoop-ozone/integration-test/target/test-dir/MiniOzoneClusterImpl-4961146f-9f28-4cba-af76-74f7029fd382/datanode-0/data-0/containers/hdds to VolumeSet
2022-01-10 13:23:54,889 [Listener at 127.0.0.1/11264] INFO  volume.ThrottledAsyncChecker (ThrottledAsyncChecker.java:schedule(141)) - Scheduling a check for /home/runner/work/ozone/ozone/hadoop-ozone/integration-test/target/test-dir/MiniOzoneClusterImpl-4961146f-9f28-4cba-af76-74f7029fd382/datanode-0/data-0/containers/hdds
2022-01-10 13:23:54,911 [Listener at 127.0.0.1/11264] INFO  volume.StorageVolumeChecker (StorageVolumeChecker.java:checkAllVolumes(202)) - Scheduled health check for volume /home/runner/work/ozone/ozone/hadoop-ozone/integration-test/target/test-dir/MiniOzoneClusterImpl-4961146f-9f28-4cba-af76-74f7029fd382/datanode-0/data-0/containers/hdds
2022-01-10 13:23:54,922 [Listener at 127.0.0.1/11264] INFO  volume.MutableVolumeSet (MutableVolumeSet.java:initializeVolumeSet(168)) - Added Volume : /home/runner/work/ozone/ozone/hadoop-ozone/integration-test/target/test-dir/MiniOzoneClusterImpl-4961146f-9f28-4cba-af76-74f7029fd382/datanode-0/data/ratis to VolumeSet
2022-01-10 13:23:54,923 [Listener at 127.0.0.1/11264] INFO  volume.ThrottledAsyncChecker (ThrottledAsyncChecker.java:schedule(141)) - Scheduling a check for /home/runner/work/ozone/ozone/hadoop-ozone/integration-test/target/test-dir/MiniOzoneClusterImpl-4961146f-9f28-4cba-af76-74f7029fd382/datanode-0/data/ratis
2022-01-10 13:23:54,924 [Listener at 127.0.0.1/11264] INFO  volume.StorageVolumeChecker (StorageVolumeChecker.java:checkAllVolumes(202)) - Scheduled health check for volume /home/runner/work/ozone/ozone/hadoop-ozone/integration-test/target/test-dir/MiniOzoneClusterImpl-4961146f-9f28-4cba-af76-74f7029fd382/datanode-0/data/ratis
2022-01-10 13:23:54,934 [Thread-1450] INFO  ozoneimpl.ContainerReader (ContainerReader.java:readVolume(172)) - Finish verifying containers on volume /home/runner/work/ozone/ozone/hadoop-ozone/integration-test/target/test-dir/MiniOzoneClusterImpl-4961146f-9f28-4cba-af76-74f7029fd382/datanode-0/data-0/containers/hdds
2022-01-10 13:23:54,934 [Listener at 127.0.0.1/11264] INFO  ozoneimpl.OzoneContainer (OzoneContainer.java:buildContainerSet(237)) - Build ContainerSet costs 0s
2022-01-10 13:23:54,936 [Listener at 127.0.0.1/11264] INFO  server.RaftServer (ConfUtils.java:logGet(44)) - raft.rpc.type = GRPC (default)
2022-01-10 13:23:54,938 [Listener at 127.0.0.1/11264] INFO  grpc.GrpcFactory (GrpcFactory.java:checkPooledByteBufAllocatorUseCacheForAllThreads(48)) - PERFORMANCE WARNING: useCacheForAllThreads is true that may cause Netty to create a lot garbage objects and, as a result, trigger GC.
	It is recommended to disable useCacheForAllThreads by setting -Dorg.apache.ratis.thirdparty.io.netty.allocator.useCacheForAllThreads=false in command line.
2022-01-10 13:23:54,938 [Listener at 127.0.0.1/11264] INFO  grpc.GrpcConfigKeys (ConfUtils.java:logGet(44)) - raft.grpc.admin.port = 0 (custom)
2022-01-10 13:23:54,938 [Listener at 127.0.0.1/11264] INFO  grpc.GrpcConfigKeys (ConfUtils.java:logGet(44)) - raft.grpc.client.port = 0 (custom)
2022-01-10 13:23:54,938 [Listener at 127.0.0.1/11264] INFO  grpc.GrpcConfigKeys (ConfUtils.java:logGet(44)) - raft.grpc.server.port = 0 (default)
2022-01-10 13:23:54,938 [Listener at 127.0.0.1/11264] INFO  server.GrpcService (ConfUtils.java:logGet(44)) - raft.grpc.message.size.max = 32MB (=33554432) (custom)
2022-01-10 13:23:54,939 [Listener at 127.0.0.1/11264] INFO  server.RaftServerConfigKeys (ConfUtils.java:logGet(44)) - raft.server.log.appender.buffer.byte-limit = 33554432 (custom)
2022-01-10 13:23:54,939 [Listener at 127.0.0.1/11264] INFO  server.GrpcService (ConfUtils.java:logGet(44)) - raft.grpc.flow.control.window = 5MB (=5242880) (custom)
2022-01-10 13:23:54,939 [Listener at 127.0.0.1/11264] INFO  server.RaftServerConfigKeys (ConfUtils.java:logGet(44)) - raft.server.rpc.request.timeout = 60s (custom)
2022-01-10 13:23:54,940 [Listener at 127.0.0.1/11264] INFO  impl.DataStreamServerImpl (ConfUtils.java:logGet(44)) - raft.datastream.type = DISABLED (default)
2022-01-10 13:23:54,940 [Listener at 127.0.0.1/11264] INFO  server.RaftServerConfigKeys (ConfUtils.java:logGet(44)) - raft.server.rpc.slowness.timeout = 300s (custom)
2022-01-10 13:23:54,940 [Listener at 127.0.0.1/11264] INFO  server.RaftServerConfigKeys (ConfUtils.java:logGet(44)) - raft.server.leaderelection.leader.step-down.wait-time = 10s (default)
2022-01-10 13:23:54,941 [Listener at 127.0.0.1/11264] INFO  server.RaftServerConfigKeys (ConfUtils.java:logGet(44)) - raft.server.storage.dir = [/home/runner/work/ozone/ozone/hadoop-ozone/integration-test/target/test-dir/MiniOzoneClusterImpl-4961146f-9f28-4cba-af76-74f7029fd382/datanode-0/data/ratis] (custom)
2022-01-10 13:23:54,942 [Listener at 127.0.0.1/11264] INFO  server.XceiverServerGrpc (XceiverServerGrpc.java:<init>(132)) - GrpcServer channel type EpollServerSocketChannel
2022-01-10 13:23:54,970 [Listener at 127.0.0.1/11264] INFO  http.BaseHttpServer (BaseHttpServer.java:newHttpServer2BuilderForOzone(209)) - Starting Web-server for hddsDatanode at: http://0.0.0.0:0
2022-01-10 13:23:54,970 [Listener at 127.0.0.1/11264] INFO  http.BaseHttpServer (BaseHttpServer.java:<init>(107)) - Hadoop Security Enabled: false Ozone Security Enabled: false Ozone HTTP Security Enabled: false 
2022-01-10 13:23:54,972 [Listener at 127.0.0.1/11264] INFO  server.AuthenticationFilter (AuthenticationFilter.java:constructSecretProvider(240)) - Unable to initialize FileSignerSecretProvider, falling back to use random secrets.
2022-01-10 13:23:54,980 [Listener at 127.0.0.1/11264] WARN  http.HttpRequestLog (HttpRequestLog.java:getRequestLog(103)) - Jetty request log can only be enabled using Log4j
2022-01-10 13:23:54,981 [Listener at 127.0.0.1/11264] INFO  http.HttpServer2 (HttpServer2.java:addGlobalFilter(1030)) - Added global filter 'safety' (class=org.apache.hadoop.hdds.server.http.HttpServer2$QuotingInputFilter)
2022-01-10 13:23:54,990 [Listener at 127.0.0.1/11264] INFO  http.HttpServer2 (HttpServer2.java:addFilter(1006)) - Added filter static_user_filter (class=org.apache.hadoop.http.lib.StaticUserWebFilter$StaticUserFilter) to context hddsDatanode
2022-01-10 13:23:54,991 [Listener at 127.0.0.1/11264] INFO  http.HttpServer2 (HttpServer2.java:addFilter(1014)) - Added filter static_user_filter (class=org.apache.hadoop.http.lib.StaticUserWebFilter$StaticUserFilter) to context logs
2022-01-10 13:23:54,991 [Listener at 127.0.0.1/11264] INFO  http.HttpServer2 (HttpServer2.java:addFilter(1014)) - Added filter static_user_filter (class=org.apache.hadoop.http.lib.StaticUserWebFilter$StaticUserFilter) to context static
2022-01-10 13:23:54,992 [Listener at 127.0.0.1/11264] INFO  http.HttpServer2 (HttpServer2.java:bindListener(1249)) - Jetty bound to port 37131
2022-01-10 13:23:54,993 [Listener at 127.0.0.1/11264] INFO  server.Server (Server.java:doStart(375)) - jetty-9.4.43.v20210629; built: 2021-06-30T11:07:22.254Z; git: 526006ecfa3af7f1a27ef3a288e2bef7ea9dd7e8; jvm 1.8.0_292-b10
2022-01-10 13:23:54,995 [Listener at 127.0.0.1/11264] INFO  server.session (DefaultSessionIdManager.java:doStart(334)) - DefaultSessionIdManager workerName=node0
2022-01-10 13:23:54,995 [Listener at 127.0.0.1/11264] INFO  server.session (DefaultSessionIdManager.java:doStart(339)) - No SessionScavenger set, using defaults
2022-01-10 13:23:54,995 [Listener at 127.0.0.1/11264] INFO  server.session (HouseKeeper.java:startScavenging(132)) - node0 Scavenging every 600000ms
2022-01-10 13:23:54,998 [Listener at 127.0.0.1/11264] INFO  handler.ContextHandler (ContextHandler.java:doStart(915)) - Started o.e.j.s.ServletContextHandler@5bcaebdb{logs,/logs,file:///home/runner/work/ozone/ozone/hadoop-ozone/integration-test/target/log,AVAILABLE}
2022-01-10 13:23:54,998 [Listener at 127.0.0.1/11264] INFO  handler.ContextHandler (ContextHandler.java:doStart(915)) - Started o.e.j.s.ServletContextHandler@5464a18{static,/static,jar:file:/home/runner/.m2/repository/org/apache/ozone/hdds-container-service/1.3.0-SNAPSHOT/hdds-container-service-1.3.0-SNAPSHOT.jar!/webapps/static,AVAILABLE}
2022-01-10 13:23:55,074 [Listener at 127.0.0.1/11264] INFO  handler.ContextHandler (ContextHandler.java:doStart(915)) - Started o.e.j.w.WebAppContext@7883c414{hddsDatanode,/,file:///tmp/jetty-0_0_0_0-37131-hdds-container-service-1_3_0-SNAPSHOT_jar-_-any-3914723832221677410/webapp/,AVAILABLE}{jar:file:/home/runner/.m2/repository/org/apache/ozone/hdds-container-service/1.3.0-SNAPSHOT/hdds-container-service-1.3.0-SNAPSHOT.jar!/webapps/hddsDatanode}
2022-01-10 13:23:55,080 [Listener at 127.0.0.1/11264] INFO  server.AbstractConnector (AbstractConnector.java:doStart(331)) - Started ServerConnector@6d0c2990{HTTP/1.1, (http/1.1)}{0.0.0.0:37131}
2022-01-10 13:23:55,081 [Listener at 127.0.0.1/11264] INFO  server.Server (Server.java:doStart(415)) - Started @90505ms
2022-01-10 13:23:55,081 [Listener at 127.0.0.1/11264] WARN  impl.MetricsSystemImpl (MetricsSystemImpl.java:register(279)) - Sink prometheus already exists!
2022-01-10 13:23:55,081 [Listener at 127.0.0.1/11264] INFO  http.BaseHttpServer (BaseHttpServer.java:updateConnectorAddress(329)) - HTTP server of hddsDatanode listening at http://0.0.0.0:37131
2022-01-10 13:23:55,082 [Listener at 127.0.0.1/11264] WARN  impl.MetricRegistriesImpl (MetricRegistriesImpl.java:addReporterRegistration(111)) - New reporters are added after registries were created. Some metrics will be missing from the reporter. Please add reporter before adding any new registry.
2022-01-10 13:23:55,082 [Listener at 127.0.0.1/11264] WARN  impl.MetricRegistriesImpl (MetricRegistriesImpl.java:addReporterRegistration(111)) - New reporters are added after registries were created. Some metrics will be missing from the reporter. Please add reporter before adding any new registry.
2022-01-10 13:23:55,082 [Listener at 127.0.0.1/11264] INFO  impl.MetricsSystemImpl (MetricsSystemImpl.java:init(158)) - HddsDatanode metrics system started (again)
2022-01-10 13:23:55,091 [Datanode State Machine Daemon Thread] INFO  statemachine.DatanodeStateMachine (DatanodeStateMachine.java:lambda$startDaemon$0(467)) - Ozone container server started.
2022-01-10 13:23:55,107 [org.apache.hadoop.util.JvmPauseMonitor$Monitor@2add3f63] INFO  util.JvmPauseMonitor (JvmPauseMonitor.java:run(188)) - Starting JVM pause monitor
2022-01-10 13:23:55,114 [Datanode State Machine Task Thread - 0] INFO  ha.SCMNodeInfo (SCMNodeInfo.java:getPort(197)) - ConfigKey ozone.scm.client.address is deprecated, For configuring different ports for each SCM use PortConfigKey ozone.scm.client.port appended with serviceId and nodeId
2022-01-10 13:23:55,120 [Listener at 127.0.0.1/11264] INFO  ozone.HddsDatanodeService (HddsDatanodeService.java:start(234)) - HddsDatanodeService host:fv-az12-360.exdb2aeach2ezidoxz41lk3bwg.cx.internal.cloudapp.net ip:10.1.0.41
2022-01-10 13:23:55,120 [Datanode State Machine Task Thread - 0] INFO  ha.SCMNodeInfo (SCMNodeInfo.java:getPort(197)) - ConfigKey ozone.scm.block.client.address is deprecated, For configuring different ports for each SCM use PortConfigKey ozone.scm.block.client.port appended with serviceId and nodeId
2022-01-10 13:23:55,121 [Datanode State Machine Task Thread - 0] INFO  ha.SCMNodeInfo (SCMNodeInfo.java:getPort(197)) - ConfigKey ozone.scm.datanode.address is deprecated, For configuring different ports for each SCM use PortConfigKey ozone.scm.datanode.port appended with serviceId and nodeId
2022-01-10 13:23:55,121 [Datanode State Machine Task Thread - 0] INFO  ha.SCMNodeInfo (SCMNodeInfo.java:getPort(197)) - ConfigKey ozone.scm.client.address is deprecated, For configuring different ports for each SCM use PortConfigKey ozone.scm.client.port appended with serviceId and nodeId
2022-01-10 13:23:55,121 [Datanode State Machine Task Thread - 0] INFO  ha.SCMNodeInfo (SCMNodeInfo.java:getPort(197)) - ConfigKey ozone.scm.block.client.address is deprecated, For configuring different ports for each SCM use PortConfigKey ozone.scm.block.client.port appended with serviceId and nodeId
2022-01-10 13:23:55,121 [Datanode State Machine Task Thread - 0] INFO  ha.SCMNodeInfo (SCMNodeInfo.java:getPort(197)) - ConfigKey ozone.scm.datanode.address is deprecated, For configuring different ports for each SCM use PortConfigKey ozone.scm.datanode.port appended with serviceId and nodeId
2022-01-10 13:23:55,121 [Datanode State Machine Task Thread - 0] INFO  ha.SCMNodeInfo (SCMNodeInfo.java:getPort(197)) - ConfigKey ozone.scm.client.address is deprecated, For configuring different ports for each SCM use PortConfigKey ozone.scm.client.port appended with serviceId and nodeId
2022-01-10 13:23:55,123 [Datanode State Machine Task Thread - 0] INFO  ha.SCMNodeInfo (SCMNodeInfo.java:getPort(197)) - ConfigKey ozone.scm.block.client.address is deprecated, For configuring different ports for each SCM use PortConfigKey ozone.scm.block.client.port appended with serviceId and nodeId
2022-01-10 13:23:55,123 [Datanode State Machine Task Thread - 0] INFO  ha.SCMNodeInfo (SCMNodeInfo.java:getPort(197)) - ConfigKey ozone.scm.datanode.address is deprecated, For configuring different ports for each SCM use PortConfigKey ozone.scm.datanode.port appended with serviceId and nodeId
2022-01-10 13:23:55,125 [Datanode State Machine Task Thread - 0] INFO  datanode.InitDatanodeState (InitDatanodeState.java:persistContainerDatanodeDetails(145)) - DatanodeDetails is persisted to /home/runner/work/ozone/ozone/hadoop-ozone/integration-test/target/test-dir/MiniOzoneClusterImpl-4961146f-9f28-4cba-af76-74f7029fd382/datanode-0/meta/datanode.id
2022-01-10 13:23:55,157 [Listener at 127.0.0.1/11264] INFO  upgrade.AbstractLayoutVersionManager (AbstractLayoutVersionManager.java:init(79)) - Initializing Layout version manager with metadata layout = SCM_HA (version = 2), software layout = SCM_HA (version = 2)
2022-01-10 13:23:55,192 [Listener at 127.0.0.1/11264] INFO  reflections.Reflections (Reflections.java:scan(232)) - Reflections took 34 ms to scan 7 urls, producing 119 keys and 279 values 
2022-01-10 13:23:55,194 [Listener at 127.0.0.1/11264] INFO  ha.SCMNodeInfo (SCMNodeInfo.java:getPort(197)) - ConfigKey ozone.scm.client.address is deprecated, For configuring different ports for each SCM use PortConfigKey ozone.scm.client.port appended with serviceId and nodeId
2022-01-10 13:23:55,194 [Listener at 127.0.0.1/11264] INFO  ha.SCMNodeInfo (SCMNodeInfo.java:getPort(197)) - ConfigKey ozone.scm.block.client.address is deprecated, For configuring different ports for each SCM use PortConfigKey ozone.scm.block.client.port appended with serviceId and nodeId
2022-01-10 13:23:55,194 [Listener at 127.0.0.1/11264] INFO  ha.SCMNodeInfo (SCMNodeInfo.java:getPort(197)) - ConfigKey ozone.scm.datanode.address is deprecated, For configuring different ports for each SCM use PortConfigKey ozone.scm.datanode.port appended with serviceId and nodeId
2022-01-10 13:23:55,194 [Listener at 127.0.0.1/11264] INFO  ha.SCMNodeInfo (SCMNodeInfo.java:getPort(197)) - ConfigKey ozone.scm.client.address is deprecated, For configuring different ports for each SCM use PortConfigKey ozone.scm.client.port appended with serviceId and nodeId
2022-01-10 13:23:55,194 [Listener at 127.0.0.1/11264] INFO  ha.SCMNodeInfo (SCMNodeInfo.java:getPort(197)) - ConfigKey ozone.scm.block.client.address is deprecated, For configuring different ports for each SCM use PortConfigKey ozone.scm.block.client.port appended with serviceId and nodeId
2022-01-10 13:23:55,194 [Listener at 127.0.0.1/11264] INFO  ha.SCMNodeInfo (SCMNodeInfo.java:getPort(197)) - ConfigKey ozone.scm.datanode.address is deprecated, For configuring different ports for each SCM use PortConfigKey ozone.scm.datanode.port appended with serviceId and nodeId
2022-01-10 13:23:55,194 [Listener at 127.0.0.1/11264] INFO  ha.SCMNodeInfo (SCMNodeInfo.java:getPort(197)) - ConfigKey ozone.scm.client.address is deprecated, For configuring different ports for each SCM use PortConfigKey ozone.scm.client.port appended with serviceId and nodeId
2022-01-10 13:23:55,194 [Listener at 127.0.0.1/11264] INFO  ha.SCMNodeInfo (SCMNodeInfo.java:getPort(197)) - ConfigKey ozone.scm.block.client.address is deprecated, For configuring different ports for each SCM use PortConfigKey ozone.scm.block.client.port appended with serviceId and nodeId
2022-01-10 13:23:55,195 [Listener at 127.0.0.1/11264] INFO  ha.SCMNodeInfo (SCMNodeInfo.java:getPort(197)) - ConfigKey ozone.scm.datanode.address is deprecated, For configuring different ports for each SCM use PortConfigKey ozone.scm.datanode.port appended with serviceId and nodeId
2022-01-10 13:23:55,195 [Listener at 127.0.0.1/11264] INFO  statemachine.DatanodeStateMachine (DatanodeStateMachine.java:getEndPointTaskThreadPoolSize(219)) - Datanode State Machine Task Thread Pool size 4
2022-01-10 13:23:55,196 [Listener at 127.0.0.1/11264] INFO  volume.HddsVolume (HddsVolume.java:<init>(120)) - Creating HddsVolume: /home/runner/work/ozone/ozone/hadoop-ozone/integration-test/target/test-dir/MiniOzoneClusterImpl-4961146f-9f28-4cba-af76-74f7029fd382/datanode-1/data-0/containers/hdds of storage type : DISK capacity : 9223372036854775807
2022-01-10 13:23:55,197 [Listener at 127.0.0.1/11264] INFO  volume.MutableVolumeSet (MutableVolumeSet.java:initializeVolumeSet(168)) - Added Volume : /home/runner/work/ozone/ozone/hadoop-ozone/integration-test/target/test-dir/MiniOzoneClusterImpl-4961146f-9f28-4cba-af76-74f7029fd382/datanode-1/data-0/containers/hdds to VolumeSet
2022-01-10 13:23:55,197 [Listener at 127.0.0.1/11264] INFO  volume.ThrottledAsyncChecker (ThrottledAsyncChecker.java:schedule(141)) - Scheduling a check for /home/runner/work/ozone/ozone/hadoop-ozone/integration-test/target/test-dir/MiniOzoneClusterImpl-4961146f-9f28-4cba-af76-74f7029fd382/datanode-1/data-0/containers/hdds
2022-01-10 13:23:55,205 [Listener at 127.0.0.1/11264] INFO  volume.StorageVolumeChecker (StorageVolumeChecker.java:checkAllVolumes(202)) - Scheduled health check for volume /home/runner/work/ozone/ozone/hadoop-ozone/integration-test/target/test-dir/MiniOzoneClusterImpl-4961146f-9f28-4cba-af76-74f7029fd382/datanode-1/data-0/containers/hdds
2022-01-10 13:23:55,225 [Listener at 127.0.0.1/11264] INFO  volume.MutableVolumeSet (MutableVolumeSet.java:initializeVolumeSet(168)) - Added Volume : /home/runner/work/ozone/ozone/hadoop-ozone/integration-test/target/test-dir/MiniOzoneClusterImpl-4961146f-9f28-4cba-af76-74f7029fd382/datanode-1/data/ratis to VolumeSet
2022-01-10 13:23:55,225 [Listener at 127.0.0.1/11264] INFO  volume.ThrottledAsyncChecker (ThrottledAsyncChecker.java:schedule(141)) - Scheduling a check for /home/runner/work/ozone/ozone/hadoop-ozone/integration-test/target/test-dir/MiniOzoneClusterImpl-4961146f-9f28-4cba-af76-74f7029fd382/datanode-1/data/ratis
2022-01-10 13:23:55,226 [Listener at 127.0.0.1/11264] INFO  volume.StorageVolumeChecker (StorageVolumeChecker.java:checkAllVolumes(202)) - Scheduled health check for volume /home/runner/work/ozone/ozone/hadoop-ozone/integration-test/target/test-dir/MiniOzoneClusterImpl-4961146f-9f28-4cba-af76-74f7029fd382/datanode-1/data/ratis
2022-01-10 13:23:55,242 [Thread-1462] INFO  ozoneimpl.ContainerReader (ContainerReader.java:readVolume(172)) - Finish verifying containers on volume /home/runner/work/ozone/ozone/hadoop-ozone/integration-test/target/test-dir/MiniOzoneClusterImpl-4961146f-9f28-4cba-af76-74f7029fd382/datanode-1/data-0/containers/hdds
2022-01-10 13:23:55,242 [Listener at 127.0.0.1/11264] INFO  ozoneimpl.OzoneContainer (OzoneContainer.java:buildContainerSet(237)) - Build ContainerSet costs 0s
2022-01-10 13:23:55,244 [Listener at 127.0.0.1/11264] INFO  server.RaftServer (ConfUtils.java:logGet(44)) - raft.rpc.type = GRPC (default)
2022-01-10 13:23:55,244 [Listener at 127.0.0.1/11264] INFO  grpc.GrpcFactory (GrpcFactory.java:checkPooledByteBufAllocatorUseCacheForAllThreads(48)) - PERFORMANCE WARNING: useCacheForAllThreads is true that may cause Netty to create a lot garbage objects and, as a result, trigger GC.
	It is recommended to disable useCacheForAllThreads by setting -Dorg.apache.ratis.thirdparty.io.netty.allocator.useCacheForAllThreads=false in command line.
2022-01-10 13:23:55,246 [Listener at 127.0.0.1/11264] INFO  grpc.GrpcConfigKeys (ConfUtils.java:logGet(44)) - raft.grpc.admin.port = 0 (custom)
2022-01-10 13:23:55,246 [Listener at 127.0.0.1/11264] INFO  grpc.GrpcConfigKeys (ConfUtils.java:logGet(44)) - raft.grpc.client.port = 0 (custom)
2022-01-10 13:23:55,246 [Listener at 127.0.0.1/11264] INFO  grpc.GrpcConfigKeys (ConfUtils.java:logGet(44)) - raft.grpc.server.port = 0 (default)
2022-01-10 13:23:55,247 [Listener at 127.0.0.1/11264] INFO  server.GrpcService (ConfUtils.java:logGet(44)) - raft.grpc.message.size.max = 32MB (=33554432) (custom)
2022-01-10 13:23:55,247 [Listener at 127.0.0.1/11264] INFO  server.RaftServerConfigKeys (ConfUtils.java:logGet(44)) - raft.server.log.appender.buffer.byte-limit = 33554432 (custom)
2022-01-10 13:23:55,247 [Listener at 127.0.0.1/11264] INFO  server.GrpcService (ConfUtils.java:logGet(44)) - raft.grpc.flow.control.window = 5MB (=5242880) (custom)
2022-01-10 13:23:55,247 [Listener at 127.0.0.1/11264] INFO  server.RaftServerConfigKeys (ConfUtils.java:logGet(44)) - raft.server.rpc.request.timeout = 60s (custom)
2022-01-10 13:23:55,248 [Listener at 127.0.0.1/11264] INFO  impl.DataStreamServerImpl (ConfUtils.java:logGet(44)) - raft.datastream.type = DISABLED (default)
2022-01-10 13:23:55,248 [Listener at 127.0.0.1/11264] INFO  server.RaftServerConfigKeys (ConfUtils.java:logGet(44)) - raft.server.rpc.slowness.timeout = 300s (custom)
2022-01-10 13:23:55,249 [Listener at 127.0.0.1/11264] INFO  server.RaftServerConfigKeys (ConfUtils.java:logGet(44)) - raft.server.leaderelection.leader.step-down.wait-time = 10s (default)
2022-01-10 13:23:55,249 [Listener at 127.0.0.1/11264] INFO  server.RaftServerConfigKeys (ConfUtils.java:logGet(44)) - raft.server.storage.dir = [/home/runner/work/ozone/ozone/hadoop-ozone/integration-test/target/test-dir/MiniOzoneClusterImpl-4961146f-9f28-4cba-af76-74f7029fd382/datanode-1/data/ratis] (custom)
2022-01-10 13:23:55,250 [Listener at 127.0.0.1/11264] INFO  server.XceiverServerGrpc (XceiverServerGrpc.java:<init>(132)) - GrpcServer channel type EpollServerSocketChannel
2022-01-10 13:23:55,254 [Listener at 127.0.0.1/11264] INFO  http.BaseHttpServer (BaseHttpServer.java:newHttpServer2BuilderForOzone(209)) - Starting Web-server for hddsDatanode at: http://0.0.0.0:0
2022-01-10 13:23:55,254 [Listener at 127.0.0.1/11264] INFO  http.BaseHttpServer (BaseHttpServer.java:<init>(107)) - Hadoop Security Enabled: false Ozone Security Enabled: false Ozone HTTP Security Enabled: false 
2022-01-10 13:23:55,255 [Listener at 127.0.0.1/11264] INFO  server.AuthenticationFilter (AuthenticationFilter.java:constructSecretProvider(240)) - Unable to initialize FileSignerSecretProvider, falling back to use random secrets.
2022-01-10 13:23:55,256 [Listener at 127.0.0.1/11264] WARN  http.HttpRequestLog (HttpRequestLog.java:getRequestLog(103)) - Jetty request log can only be enabled using Log4j
2022-01-10 13:23:55,257 [Listener at 127.0.0.1/11264] INFO  http.HttpServer2 (HttpServer2.java:addGlobalFilter(1030)) - Added global filter 'safety' (class=org.apache.hadoop.hdds.server.http.HttpServer2$QuotingInputFilter)
2022-01-10 13:23:55,257 [Listener at 127.0.0.1/11264] INFO  http.HttpServer2 (HttpServer2.java:addFilter(1006)) - Added filter static_user_filter (class=org.apache.hadoop.http.lib.StaticUserWebFilter$StaticUserFilter) to context hddsDatanode
2022-01-10 13:23:55,257 [Listener at 127.0.0.1/11264] INFO  http.HttpServer2 (HttpServer2.java:addFilter(1014)) - Added filter static_user_filter (class=org.apache.hadoop.http.lib.StaticUserWebFilter$StaticUserFilter) to context logs
2022-01-10 13:23:55,257 [Listener at 127.0.0.1/11264] INFO  http.HttpServer2 (HttpServer2.java:addFilter(1014)) - Added filter static_user_filter (class=org.apache.hadoop.http.lib.StaticUserWebFilter$StaticUserFilter) to context static
2022-01-10 13:23:55,258 [Listener at 127.0.0.1/11264] INFO  http.HttpServer2 (HttpServer2.java:bindListener(1249)) - Jetty bound to port 37603
2022-01-10 13:23:55,258 [Listener at 127.0.0.1/11264] INFO  server.Server (Server.java:doStart(375)) - jetty-9.4.43.v20210629; built: 2021-06-30T11:07:22.254Z; git: 526006ecfa3af7f1a27ef3a288e2bef7ea9dd7e8; jvm 1.8.0_292-b10
2022-01-10 13:23:55,260 [Listener at 127.0.0.1/11264] INFO  server.session (DefaultSessionIdManager.java:doStart(334)) - DefaultSessionIdManager workerName=node0
2022-01-10 13:23:55,260 [Listener at 127.0.0.1/11264] INFO  server.session (DefaultSessionIdManager.java:doStart(339)) - No SessionScavenger set, using defaults
2022-01-10 13:23:55,260 [Listener at 127.0.0.1/11264] INFO  server.session (HouseKeeper.java:startScavenging(132)) - node0 Scavenging every 660000ms
2022-01-10 13:23:55,264 [Listener at 127.0.0.1/11264] INFO  handler.ContextHandler (ContextHandler.java:doStart(915)) - Started o.e.j.s.ServletContextHandler@5234f6c5{logs,/logs,file:///home/runner/work/ozone/ozone/hadoop-ozone/integration-test/target/log,AVAILABLE}
2022-01-10 13:23:55,265 [Listener at 127.0.0.1/11264] INFO  handler.ContextHandler (ContextHandler.java:doStart(915)) - Started o.e.j.s.ServletContextHandler@366558a2{static,/static,jar:file:/home/runner/.m2/repository/org/apache/ozone/hdds-container-service/1.3.0-SNAPSHOT/hdds-container-service-1.3.0-SNAPSHOT.jar!/webapps/static,AVAILABLE}
2022-01-10 13:23:55,355 [Listener at 127.0.0.1/11264] INFO  handler.ContextHandler (ContextHandler.java:doStart(915)) - Started o.e.j.w.WebAppContext@3ecf69eb{hddsDatanode,/,file:///tmp/jetty-0_0_0_0-37603-hdds-container-service-1_3_0-SNAPSHOT_jar-_-any-4706171592218763267/webapp/,AVAILABLE}{jar:file:/home/runner/.m2/repository/org/apache/ozone/hdds-container-service/1.3.0-SNAPSHOT/hdds-container-service-1.3.0-SNAPSHOT.jar!/webapps/hddsDatanode}
2022-01-10 13:23:55,358 [Listener at 127.0.0.1/11264] INFO  server.AbstractConnector (AbstractConnector.java:doStart(331)) - Started ServerConnector@2259490{HTTP/1.1, (http/1.1)}{0.0.0.0:37603}
2022-01-10 13:23:55,358 [Listener at 127.0.0.1/11264] INFO  server.Server (Server.java:doStart(415)) - Started @90783ms
2022-01-10 13:23:55,358 [Listener at 127.0.0.1/11264] WARN  impl.MetricsSystemImpl (MetricsSystemImpl.java:register(279)) - Sink prometheus already exists!
2022-01-10 13:23:55,359 [Listener at 127.0.0.1/11264] INFO  http.BaseHttpServer (BaseHttpServer.java:updateConnectorAddress(329)) - HTTP server of hddsDatanode listening at http://0.0.0.0:37603
2022-01-10 13:23:55,369 [Listener at 127.0.0.1/11264] WARN  impl.MetricRegistriesImpl (MetricRegistriesImpl.java:addReporterRegistration(111)) - New reporters are added after registries were created. Some metrics will be missing from the reporter. Please add reporter before adding any new registry.
2022-01-10 13:23:55,369 [Listener at 127.0.0.1/11264] WARN  impl.MetricRegistriesImpl (MetricRegistriesImpl.java:addReporterRegistration(111)) - New reporters are added after registries were created. Some metrics will be missing from the reporter. Please add reporter before adding any new registry.
2022-01-10 13:23:55,369 [Listener at 127.0.0.1/11264] INFO  impl.MetricsSystemImpl (MetricsSystemImpl.java:init(158)) - HddsDatanode metrics system started (again)
2022-01-10 13:23:55,382 [Datanode State Machine Daemon Thread] INFO  statemachine.DatanodeStateMachine (DatanodeStateMachine.java:lambda$startDaemon$0(467)) - Ozone container server started.
2022-01-10 13:23:55,397 [org.apache.hadoop.util.JvmPauseMonitor$Monitor@5674d4bb] INFO  util.JvmPauseMonitor (JvmPauseMonitor.java:run(188)) - Starting JVM pause monitor
2022-01-10 13:23:55,397 [Datanode State Machine Task Thread - 0] INFO  ha.SCMNodeInfo (SCMNodeInfo.java:getPort(197)) - ConfigKey ozone.scm.client.address is deprecated, For configuring different ports for each SCM use PortConfigKey ozone.scm.client.port appended with serviceId and nodeId
2022-01-10 13:23:55,398 [Datanode State Machine Task Thread - 0] INFO  ha.SCMNodeInfo (SCMNodeInfo.java:getPort(197)) - ConfigKey ozone.scm.block.client.address is deprecated, For configuring different ports for each SCM use PortConfigKey ozone.scm.block.client.port appended with serviceId and nodeId
2022-01-10 13:23:55,398 [Datanode State Machine Task Thread - 0] INFO  ha.SCMNodeInfo (SCMNodeInfo.java:getPort(197)) - ConfigKey ozone.scm.datanode.address is deprecated, For configuring different ports for each SCM use PortConfigKey ozone.scm.datanode.port appended with serviceId and nodeId
2022-01-10 13:23:55,398 [Datanode State Machine Task Thread - 0] INFO  ha.SCMNodeInfo (SCMNodeInfo.java:getPort(197)) - ConfigKey ozone.scm.client.address is deprecated, For configuring different ports for each SCM use PortConfigKey ozone.scm.client.port appended with serviceId and nodeId
2022-01-10 13:23:55,398 [Datanode State Machine Task Thread - 0] INFO  ha.SCMNodeInfo (SCMNodeInfo.java:getPort(197)) - ConfigKey ozone.scm.block.client.address is deprecated, For configuring different ports for each SCM use PortConfigKey ozone.scm.block.client.port appended with serviceId and nodeId
2022-01-10 13:23:55,398 [Datanode State Machine Task Thread - 0] INFO  ha.SCMNodeInfo (SCMNodeInfo.java:getPort(197)) - ConfigKey ozone.scm.datanode.address is deprecated, For configuring different ports for each SCM use PortConfigKey ozone.scm.datanode.port appended with serviceId and nodeId
2022-01-10 13:23:55,398 [Datanode State Machine Task Thread - 0] INFO  ha.SCMNodeInfo (SCMNodeInfo.java:getPort(197)) - ConfigKey ozone.scm.client.address is deprecated, For configuring different ports for each SCM use PortConfigKey ozone.scm.client.port appended with serviceId and nodeId
2022-01-10 13:23:55,398 [Datanode State Machine Task Thread - 0] INFO  ha.SCMNodeInfo (SCMNodeInfo.java:getPort(197)) - ConfigKey ozone.scm.block.client.address is deprecated, For configuring different ports for each SCM use PortConfigKey ozone.scm.block.client.port appended with serviceId and nodeId
2022-01-10 13:23:55,398 [Datanode State Machine Task Thread - 0] INFO  ha.SCMNodeInfo (SCMNodeInfo.java:getPort(197)) - ConfigKey ozone.scm.datanode.address is deprecated, For configuring different ports for each SCM use PortConfigKey ozone.scm.datanode.port appended with serviceId and nodeId
2022-01-10 13:23:55,402 [Datanode State Machine Task Thread - 0] INFO  datanode.InitDatanodeState (InitDatanodeState.java:persistContainerDatanodeDetails(145)) - DatanodeDetails is persisted to /home/runner/work/ozone/ozone/hadoop-ozone/integration-test/target/test-dir/MiniOzoneClusterImpl-4961146f-9f28-4cba-af76-74f7029fd382/datanode-1/meta/datanode.id
2022-01-10 13:23:55,406 [Listener at 127.0.0.1/11264] INFO  ozone.HddsDatanodeService (HddsDatanodeService.java:start(234)) - HddsDatanodeService host:fv-az12-360.exdb2aeach2ezidoxz41lk3bwg.cx.internal.cloudapp.net ip:10.1.0.41
2022-01-10 13:23:55,436 [Listener at 127.0.0.1/11264] INFO  upgrade.AbstractLayoutVersionManager (AbstractLayoutVersionManager.java:init(79)) - Initializing Layout version manager with metadata layout = SCM_HA (version = 2), software layout = SCM_HA (version = 2)
2022-01-10 13:23:55,503 [omNode-1@group-523986131536-FollowerState] INFO  impl.FollowerState (FollowerState.java:run(134)) - omNode-1@group-523986131536-FollowerState: change to CANDIDATE, lastRpcElapsedTime:1100668667ns, electionTimeout:1088ms
2022-01-10 13:23:55,503 [omNode-1@group-523986131536-FollowerState] INFO  impl.RoleInfo (RoleInfo.java:shutdownFollowerState(108)) - omNode-1: shutdown omNode-1@group-523986131536-FollowerState
2022-01-10 13:23:55,503 [omNode-1@group-523986131536-FollowerState] INFO  server.RaftServer$Division (RaftServerImpl.java:setRole(290)) - omNode-1@group-523986131536: changes role from  FOLLOWER to CANDIDATE at term 0 for changeToCandidate
2022-01-10 13:23:55,503 [omNode-1@group-523986131536-FollowerState] INFO  server.RaftServerConfigKeys (ConfUtils.java:logGet(44)) - raft.server.leaderelection.pre-vote = false (custom)
2022-01-10 13:23:55,504 [omNode-1@group-523986131536-FollowerState] INFO  impl.RoleInfo (RoleInfo.java:updateAndGet(130)) - omNode-1: start omNode-1@group-523986131536-LeaderElection15
2022-01-10 13:23:55,510 [Listener at 127.0.0.1/11264] INFO  reflections.Reflections (Reflections.java:scan(232)) - Reflections took 72 ms to scan 7 urls, producing 119 keys and 279 values 
2022-01-10 13:23:55,526 [Listener at 127.0.0.1/11264] INFO  ha.SCMNodeInfo (SCMNodeInfo.java:getPort(197)) - ConfigKey ozone.scm.client.address is deprecated, For configuring different ports for each SCM use PortConfigKey ozone.scm.client.port appended with serviceId and nodeId
2022-01-10 13:23:55,526 [Listener at 127.0.0.1/11264] INFO  ha.SCMNodeInfo (SCMNodeInfo.java:getPort(197)) - ConfigKey ozone.scm.block.client.address is deprecated, For configuring different ports for each SCM use PortConfigKey ozone.scm.block.client.port appended with serviceId and nodeId
2022-01-10 13:23:55,526 [Listener at 127.0.0.1/11264] INFO  ha.SCMNodeInfo (SCMNodeInfo.java:getPort(197)) - ConfigKey ozone.scm.datanode.address is deprecated, For configuring different ports for each SCM use PortConfigKey ozone.scm.datanode.port appended with serviceId and nodeId
2022-01-10 13:23:55,526 [Listener at 127.0.0.1/11264] INFO  ha.SCMNodeInfo (SCMNodeInfo.java:getPort(197)) - ConfigKey ozone.scm.client.address is deprecated, For configuring different ports for each SCM use PortConfigKey ozone.scm.client.port appended with serviceId and nodeId
2022-01-10 13:23:55,526 [Listener at 127.0.0.1/11264] INFO  ha.SCMNodeInfo (SCMNodeInfo.java:getPort(197)) - ConfigKey ozone.scm.block.client.address is deprecated, For configuring different ports for each SCM use PortConfigKey ozone.scm.block.client.port appended with serviceId and nodeId
2022-01-10 13:23:55,526 [Listener at 127.0.0.1/11264] INFO  ha.SCMNodeInfo (SCMNodeInfo.java:getPort(197)) - ConfigKey ozone.scm.datanode.address is deprecated, For configuring different ports for each SCM use PortConfigKey ozone.scm.datanode.port appended with serviceId and nodeId
2022-01-10 13:23:55,527 [Listener at 127.0.0.1/11264] INFO  ha.SCMNodeInfo (SCMNodeInfo.java:getPort(197)) - ConfigKey ozone.scm.client.address is deprecated, For configuring different ports for each SCM use PortConfigKey ozone.scm.client.port appended with serviceId and nodeId
2022-01-10 13:23:55,527 [Listener at 127.0.0.1/11264] INFO  ha.SCMNodeInfo (SCMNodeInfo.java:getPort(197)) - ConfigKey ozone.scm.block.client.address is deprecated, For configuring different ports for each SCM use PortConfigKey ozone.scm.block.client.port appended with serviceId and nodeId
2022-01-10 13:23:55,527 [Listener at 127.0.0.1/11264] INFO  ha.SCMNodeInfo (SCMNodeInfo.java:getPort(197)) - ConfigKey ozone.scm.datanode.address is deprecated, For configuring different ports for each SCM use PortConfigKey ozone.scm.datanode.port appended with serviceId and nodeId
2022-01-10 13:23:55,527 [Listener at 127.0.0.1/11264] INFO  statemachine.DatanodeStateMachine (DatanodeStateMachine.java:getEndPointTaskThreadPoolSize(219)) - Datanode State Machine Task Thread Pool size 4
2022-01-10 13:23:55,538 [Listener at 127.0.0.1/11264] INFO  volume.HddsVolume (HddsVolume.java:<init>(120)) - Creating HddsVolume: /home/runner/work/ozone/ozone/hadoop-ozone/integration-test/target/test-dir/MiniOzoneClusterImpl-4961146f-9f28-4cba-af76-74f7029fd382/datanode-2/data-0/containers/hdds of storage type : DISK capacity : 9223372036854775807
2022-01-10 13:23:55,539 [Listener at 127.0.0.1/11264] INFO  volume.MutableVolumeSet (MutableVolumeSet.java:initializeVolumeSet(168)) - Added Volume : /home/runner/work/ozone/ozone/hadoop-ozone/integration-test/target/test-dir/MiniOzoneClusterImpl-4961146f-9f28-4cba-af76-74f7029fd382/datanode-2/data-0/containers/hdds to VolumeSet
2022-01-10 13:23:55,539 [Listener at 127.0.0.1/11264] INFO  volume.ThrottledAsyncChecker (ThrottledAsyncChecker.java:schedule(141)) - Scheduling a check for /home/runner/work/ozone/ozone/hadoop-ozone/integration-test/target/test-dir/MiniOzoneClusterImpl-4961146f-9f28-4cba-af76-74f7029fd382/datanode-2/data-0/containers/hdds
2022-01-10 13:23:55,561 [Listener at 127.0.0.1/11264] INFO  volume.StorageVolumeChecker (StorageVolumeChecker.java:checkAllVolumes(202)) - Scheduled health check for volume /home/runner/work/ozone/ozone/hadoop-ozone/integration-test/target/test-dir/MiniOzoneClusterImpl-4961146f-9f28-4cba-af76-74f7029fd382/datanode-2/data-0/containers/hdds
2022-01-10 13:23:55,576 [EndpointStateMachine task thread for /127.0.0.1:14619 - 0 ] INFO  ipc.Client (Client.java:handleConnectionFailure(977)) - Retrying connect to server: localhost/127.0.0.1:14619. Already tried 7 time(s); retry policy is RetryUpToMaximumCountWithFixedSleep(maxRetries=15, sleepTime=1000 MILLISECONDS)
2022-01-10 13:23:55,576 [EndpointStateMachine task thread for /127.0.0.1:14609 - 0 ] INFO  ipc.Client (Client.java:handleConnectionFailure(977)) - Retrying connect to server: localhost/127.0.0.1:14609. Already tried 10 time(s); retry policy is RetryUpToMaximumCountWithFixedSleep(maxRetries=15, sleepTime=1000 MILLISECONDS)
2022-01-10 13:23:55,577 [omNode-1@group-523986131536-LeaderElection15] INFO  impl.LeaderElection (LeaderElection.java:askForVotes(306)) - omNode-1@group-523986131536-LeaderElection15 ELECTION round 0: submit vote requests at term 1 for -1: [omNode-1|rpc:localhost:11268|priority:0], old=null
2022-01-10 13:23:55,577 [omNode-1@group-523986131536-LeaderElection15] INFO  impl.LeaderElection (LeaderElection.java:askForVotes(308)) - omNode-1@group-523986131536-LeaderElection15 ELECTION round 0: result PASSED (term=1)
2022-01-10 13:23:55,577 [omNode-1@group-523986131536-LeaderElection15] INFO  impl.RoleInfo (RoleInfo.java:shutdownLeaderElection(121)) - omNode-1: shutdown omNode-1@group-523986131536-LeaderElection15
2022-01-10 13:23:55,577 [omNode-1@group-523986131536-LeaderElection15] INFO  server.RaftServer$Division (RaftServerImpl.java:setRole(290)) - omNode-1@group-523986131536: changes role from CANDIDATE to LEADER at term 1 for changeToLeader
2022-01-10 13:23:55,577 [omNode-1@group-523986131536-LeaderElection15] INFO  server.RaftServer$Division (ServerState.java:setLeader(285)) - omNode-1@group-523986131536: change Leader from null to omNode-1 at term 1 for becomeLeader, leader elected after 1264ms
2022-01-10 13:23:55,577 [omNode-1@group-523986131536-LeaderElection15] INFO  server.RaftServerConfigKeys (ConfUtils.java:logGet(44)) - raft.server.staging.catchup.gap = 1000 (default)
2022-01-10 13:23:55,582 [Listener at 127.0.0.1/11264] INFO  volume.MutableVolumeSet (MutableVolumeSet.java:initializeVolumeSet(168)) - Added Volume : /home/runner/work/ozone/ozone/hadoop-ozone/integration-test/target/test-dir/MiniOzoneClusterImpl-4961146f-9f28-4cba-af76-74f7029fd382/datanode-2/data/ratis to VolumeSet
2022-01-10 13:23:55,585 [omNode-1@group-523986131536-LeaderElection15] INFO  server.RaftServerConfigKeys (ConfUtils.java:logGet(44)) - raft.server.write.element-limit = 4096 (default)
2022-01-10 13:23:55,594 [omNode-1@group-523986131536-LeaderElection15] INFO  server.RaftServerConfigKeys (ConfUtils.java:logGet(44)) - raft.server.write.byte-limit = 64MB (=67108864) (default)
2022-01-10 13:23:55,594 [omNode-1@group-523986131536-LeaderElection15] INFO  server.RaftServerConfigKeys (ConfUtils.java:logGet(44)) - raft.server.watch.timeout = 10s (default)
2022-01-10 13:23:55,594 [omNode-1@group-523986131536-LeaderElection15] INFO  server.RaftServerConfigKeys (ConfUtils.java:logGet(44)) - raft.server.watch.timeout.denomination = 1s (default)
2022-01-10 13:23:55,594 [omNode-1@group-523986131536-LeaderElection15] INFO  server.RaftServerConfigKeys (ConfUtils.java:logGet(44)) - raft.server.watch.element-limit = 65536 (default)
2022-01-10 13:23:55,594 [omNode-1@group-523986131536-LeaderElection15] INFO  server.RaftServerConfigKeys (ConfUtils.java:logGet(44)) - raft.server.write.element-limit = 4096 (default)
2022-01-10 13:23:55,594 [omNode-1@group-523986131536-LeaderElection15] INFO  server.RaftServerConfigKeys (ConfUtils.java:logGet(44)) - raft.server.write.follower.gap.ratio.max = -1.0 (default)
2022-01-10 13:23:55,594 [omNode-1@group-523986131536-LeaderElection15] INFO  impl.RoleInfo (RoleInfo.java:updateAndGet(130)) - omNode-1: start omNode-1@group-523986131536-LeaderStateImpl
2022-01-10 13:23:55,595 [omNode-1@group-523986131536-LeaderElection15] INFO  segmented.SegmentedRaftLogWorker (SegmentedRaftLogWorker.java:startLogSegment(394)) - omNode-1@group-523986131536-SegmentedRaftLogWorker: Starting segment from index:0
2022-01-10 13:23:55,585 [EndpointStateMachine task thread for /127.0.0.1:14629 - 0 ] INFO  ipc.Client (Client.java:handleConnectionFailure(977)) - Retrying connect to server: localhost/127.0.0.1:14629. Already tried 7 time(s); retry policy is RetryUpToMaximumCountWithFixedSleep(maxRetries=15, sleepTime=1000 MILLISECONDS)
2022-01-10 13:23:55,606 [Listener at 127.0.0.1/11264] INFO  volume.ThrottledAsyncChecker (ThrottledAsyncChecker.java:schedule(141)) - Scheduling a check for /home/runner/work/ozone/ozone/hadoop-ozone/integration-test/target/test-dir/MiniOzoneClusterImpl-4961146f-9f28-4cba-af76-74f7029fd382/datanode-2/data/ratis
2022-01-10 13:23:55,606 [Listener at 127.0.0.1/11264] INFO  volume.StorageVolumeChecker (StorageVolumeChecker.java:checkAllVolumes(202)) - Scheduled health check for volume /home/runner/work/ozone/ozone/hadoop-ozone/integration-test/target/test-dir/MiniOzoneClusterImpl-4961146f-9f28-4cba-af76-74f7029fd382/datanode-2/data/ratis
2022-01-10 13:23:55,611 [omNode-1@group-523986131536-LeaderElection15] INFO  server.RaftServer$Division (ServerState.java:setRaftConf(387)) - omNode-1@group-523986131536: set configuration 0: [omNode-1|rpc:localhost:11268|admin:|client:|dataStream:|priority:0], old=null
2022-01-10 13:23:55,616 [omNode-1@group-523986131536-SegmentedRaftLogWorker] INFO  segmented.SegmentedRaftLogWorker (SegmentedRaftLogWorker.java:execute(601)) - omNode-1@group-523986131536-SegmentedRaftLogWorker: created new log segment /home/runner/work/ozone/ozone/hadoop-ozone/integration-test/target/test-dir/MiniOzoneClusterImpl-4961146f-9f28-4cba-af76-74f7029fd382/omNode-1/ratis/c9bc4cf4-3bc3-3c60-a66b-523986131536/current/log_inprogress_0
2022-01-10 13:23:55,617 [omNode-1@group-523986131536-StateMachineUpdater] INFO  ratis.OzoneManagerStateMachine (OzoneManagerStateMachine.java:notifyConfigurationChanged(188)) - Received Configuration change notification from Ratis. New Peer list:
[id: "omNode-1"
address: "localhost:11268"
]
2022-01-10 13:23:55,661 [Thread-1476] INFO  ozoneimpl.ContainerReader (ContainerReader.java:readVolume(172)) - Finish verifying containers on volume /home/runner/work/ozone/ozone/hadoop-ozone/integration-test/target/test-dir/MiniOzoneClusterImpl-4961146f-9f28-4cba-af76-74f7029fd382/datanode-2/data-0/containers/hdds
2022-01-10 13:23:55,661 [Listener at 127.0.0.1/11264] INFO  ozoneimpl.OzoneContainer (OzoneContainer.java:buildContainerSet(237)) - Build ContainerSet costs 0s
2022-01-10 13:23:55,664 [Listener at 127.0.0.1/11264] INFO  server.RaftServer (ConfUtils.java:logGet(44)) - raft.rpc.type = GRPC (default)
2022-01-10 13:23:55,664 [Listener at 127.0.0.1/11264] INFO  grpc.GrpcFactory (GrpcFactory.java:checkPooledByteBufAllocatorUseCacheForAllThreads(48)) - PERFORMANCE WARNING: useCacheForAllThreads is true that may cause Netty to create a lot garbage objects and, as a result, trigger GC.
	It is recommended to disable useCacheForAllThreads by setting -Dorg.apache.ratis.thirdparty.io.netty.allocator.useCacheForAllThreads=false in command line.
2022-01-10 13:23:55,664 [Listener at 127.0.0.1/11264] INFO  grpc.GrpcConfigKeys (ConfUtils.java:logGet(44)) - raft.grpc.admin.port = 0 (custom)
2022-01-10 13:23:55,664 [Listener at 127.0.0.1/11264] INFO  grpc.GrpcConfigKeys (ConfUtils.java:logGet(44)) - raft.grpc.client.port = 0 (custom)
2022-01-10 13:23:55,669 [Listener at 127.0.0.1/11264] INFO  grpc.GrpcConfigKeys (ConfUtils.java:logGet(44)) - raft.grpc.server.port = 0 (default)
2022-01-10 13:23:55,669 [Listener at 127.0.0.1/11264] INFO  server.GrpcService (ConfUtils.java:logGet(44)) - raft.grpc.message.size.max = 32MB (=33554432) (custom)
2022-01-10 13:23:55,669 [Listener at 127.0.0.1/11264] INFO  server.RaftServerConfigKeys (ConfUtils.java:logGet(44)) - raft.server.log.appender.buffer.byte-limit = 33554432 (custom)
2022-01-10 13:23:55,669 [Listener at 127.0.0.1/11264] INFO  server.GrpcService (ConfUtils.java:logGet(44)) - raft.grpc.flow.control.window = 5MB (=5242880) (custom)
2022-01-10 13:23:55,670 [Listener at 127.0.0.1/11264] INFO  server.RaftServerConfigKeys (ConfUtils.java:logGet(44)) - raft.server.rpc.request.timeout = 60s (custom)
2022-01-10 13:23:55,671 [Listener at 127.0.0.1/11264] INFO  impl.DataStreamServerImpl (ConfUtils.java:logGet(44)) - raft.datastream.type = DISABLED (default)
2022-01-10 13:23:55,671 [Listener at 127.0.0.1/11264] INFO  server.RaftServerConfigKeys (ConfUtils.java:logGet(44)) - raft.server.rpc.slowness.timeout = 300s (custom)
2022-01-10 13:23:55,672 [Listener at 127.0.0.1/11264] INFO  server.RaftServerConfigKeys (ConfUtils.java:logGet(44)) - raft.server.leaderelection.leader.step-down.wait-time = 10s (default)
2022-01-10 13:23:55,672 [Listener at 127.0.0.1/11264] INFO  server.RaftServerConfigKeys (ConfUtils.java:logGet(44)) - raft.server.storage.dir = [/home/runner/work/ozone/ozone/hadoop-ozone/integration-test/target/test-dir/MiniOzoneClusterImpl-4961146f-9f28-4cba-af76-74f7029fd382/datanode-2/data/ratis] (custom)
2022-01-10 13:23:55,673 [Listener at 127.0.0.1/11264] INFO  server.XceiverServerGrpc (XceiverServerGrpc.java:<init>(132)) - GrpcServer channel type EpollServerSocketChannel
2022-01-10 13:23:55,699 [Listener at 127.0.0.1/11264] INFO  http.BaseHttpServer (BaseHttpServer.java:newHttpServer2BuilderForOzone(209)) - Starting Web-server for hddsDatanode at: http://0.0.0.0:0
2022-01-10 13:23:55,699 [Listener at 127.0.0.1/11264] INFO  http.BaseHttpServer (BaseHttpServer.java:<init>(107)) - Hadoop Security Enabled: false Ozone Security Enabled: false Ozone HTTP Security Enabled: false 
2022-01-10 13:23:55,701 [Listener at 127.0.0.1/11264] INFO  server.AuthenticationFilter (AuthenticationFilter.java:constructSecretProvider(240)) - Unable to initialize FileSignerSecretProvider, falling back to use random secrets.
2022-01-10 13:23:55,717 [Listener at 127.0.0.1/11264] WARN  http.HttpRequestLog (HttpRequestLog.java:getRequestLog(103)) - Jetty request log can only be enabled using Log4j
2022-01-10 13:23:55,717 [Listener at 127.0.0.1/11264] INFO  http.HttpServer2 (HttpServer2.java:addGlobalFilter(1030)) - Added global filter 'safety' (class=org.apache.hadoop.hdds.server.http.HttpServer2$QuotingInputFilter)
2022-01-10 13:23:55,718 [Listener at 127.0.0.1/11264] INFO  http.HttpServer2 (HttpServer2.java:addFilter(1006)) - Added filter static_user_filter (class=org.apache.hadoop.http.lib.StaticUserWebFilter$StaticUserFilter) to context hddsDatanode
2022-01-10 13:23:55,718 [Listener at 127.0.0.1/11264] INFO  http.HttpServer2 (HttpServer2.java:addFilter(1014)) - Added filter static_user_filter (class=org.apache.hadoop.http.lib.StaticUserWebFilter$StaticUserFilter) to context logs
2022-01-10 13:23:55,718 [Listener at 127.0.0.1/11264] INFO  http.HttpServer2 (HttpServer2.java:addFilter(1014)) - Added filter static_user_filter (class=org.apache.hadoop.http.lib.StaticUserWebFilter$StaticUserFilter) to context static
2022-01-10 13:23:55,719 [Listener at 127.0.0.1/11264] INFO  http.HttpServer2 (HttpServer2.java:bindListener(1249)) - Jetty bound to port 42305
2022-01-10 13:23:55,720 [Listener at 127.0.0.1/11264] INFO  server.Server (Server.java:doStart(375)) - jetty-9.4.43.v20210629; built: 2021-06-30T11:07:22.254Z; git: 526006ecfa3af7f1a27ef3a288e2bef7ea9dd7e8; jvm 1.8.0_292-b10
2022-01-10 13:23:55,810 [Listener at 127.0.0.1/11264] INFO  server.session (DefaultSessionIdManager.java:doStart(334)) - DefaultSessionIdManager workerName=node0
2022-01-10 13:23:55,810 [Listener at 127.0.0.1/11264] INFO  server.session (DefaultSessionIdManager.java:doStart(339)) - No SessionScavenger set, using defaults
2022-01-10 13:23:55,811 [Listener at 127.0.0.1/11264] INFO  server.session (HouseKeeper.java:startScavenging(132)) - node0 Scavenging every 600000ms
2022-01-10 13:23:55,817 [Listener at 127.0.0.1/11264] INFO  handler.ContextHandler (ContextHandler.java:doStart(915)) - Started o.e.j.s.ServletContextHandler@3ffac12a{logs,/logs,file:///home/runner/work/ozone/ozone/hadoop-ozone/integration-test/target/log,AVAILABLE}
2022-01-10 13:23:55,817 [Listener at 127.0.0.1/11264] INFO  handler.ContextHandler (ContextHandler.java:doStart(915)) - Started o.e.j.s.ServletContextHandler@20ca1a05{static,/static,jar:file:/home/runner/.m2/repository/org/apache/ozone/hdds-container-service/1.3.0-SNAPSHOT/hdds-container-service-1.3.0-SNAPSHOT.jar!/webapps/static,AVAILABLE}
2022-01-10 13:23:55,896 [Listener at 127.0.0.1/11264] INFO  handler.ContextHandler (ContextHandler.java:doStart(915)) - Started o.e.j.w.WebAppContext@1bd7762f{hddsDatanode,/,file:///tmp/jetty-0_0_0_0-42305-hdds-container-service-1_3_0-SNAPSHOT_jar-_-any-5529174946195587260/webapp/,AVAILABLE}{jar:file:/home/runner/.m2/repository/org/apache/ozone/hdds-container-service/1.3.0-SNAPSHOT/hdds-container-service-1.3.0-SNAPSHOT.jar!/webapps/hddsDatanode}
2022-01-10 13:23:55,901 [Listener at 127.0.0.1/11264] INFO  server.AbstractConnector (AbstractConnector.java:doStart(331)) - Started ServerConnector@6e0d5fd3{HTTP/1.1, (http/1.1)}{0.0.0.0:42305}
2022-01-10 13:23:55,901 [Listener at 127.0.0.1/11264] INFO  server.Server (Server.java:doStart(415)) - Started @91326ms
2022-01-10 13:23:55,901 [Listener at 127.0.0.1/11264] WARN  impl.MetricsSystemImpl (MetricsSystemImpl.java:register(279)) - Sink prometheus already exists!
2022-01-10 13:23:55,902 [Listener at 127.0.0.1/11264] INFO  http.BaseHttpServer (BaseHttpServer.java:updateConnectorAddress(329)) - HTTP server of hddsDatanode listening at http://0.0.0.0:42305
2022-01-10 13:23:55,921 [Datanode State Machine Daemon Thread] INFO  statemachine.DatanodeStateMachine (DatanodeStateMachine.java:lambda$startDaemon$0(467)) - Ozone container server started.
2022-01-10 13:23:55,921 [Listener at 127.0.0.1/11264] INFO  ozone.MiniOzoneClusterImpl (MiniOzoneClusterImpl.java:lambda$waitForClusterToBeReady$0(235)) - Waiting for nodes to be ready. Got 0 of 3 DN Heartbeats.
2022-01-10 13:23:55,921 [Listener at 127.0.0.1/11264] INFO  ozone.MiniOzoneClusterImpl (MiniOzoneClusterImpl.java:lambda$waitForClusterToBeReady$0(238)) - Waiting for cluster to exit safe mode
2022-01-10 13:23:55,921 [Listener at 127.0.0.1/11264] INFO  ozone.MiniOzoneClusterImpl (MiniOzoneClusterImpl.java:lambda$waitForClusterToBeReady$0(240)) - SCM became leader
2022-01-10 13:23:55,997 [org.apache.hadoop.util.JvmPauseMonitor$Monitor@787c5335] INFO  util.JvmPauseMonitor (JvmPauseMonitor.java:run(188)) - Starting JVM pause monitor
2022-01-10 13:23:56,001 [Datanode State Machine Task Thread - 0] INFO  ha.SCMNodeInfo (SCMNodeInfo.java:getPort(197)) - ConfigKey ozone.scm.client.address is deprecated, For configuring different ports for each SCM use PortConfigKey ozone.scm.client.port appended with serviceId and nodeId
2022-01-10 13:23:56,001 [Datanode State Machine Task Thread - 0] INFO  ha.SCMNodeInfo (SCMNodeInfo.java:getPort(197)) - ConfigKey ozone.scm.block.client.address is deprecated, For configuring different ports for each SCM use PortConfigKey ozone.scm.block.client.port appended with serviceId and nodeId
2022-01-10 13:23:56,001 [Datanode State Machine Task Thread - 0] INFO  ha.SCMNodeInfo (SCMNodeInfo.java:getPort(197)) - ConfigKey ozone.scm.datanode.address is deprecated, For configuring different ports for each SCM use PortConfigKey ozone.scm.datanode.port appended with serviceId and nodeId
2022-01-10 13:23:56,001 [Datanode State Machine Task Thread - 0] INFO  ha.SCMNodeInfo (SCMNodeInfo.java:getPort(197)) - ConfigKey ozone.scm.client.address is deprecated, For configuring different ports for each SCM use PortConfigKey ozone.scm.client.port appended with serviceId and nodeId
2022-01-10 13:23:56,001 [Datanode State Machine Task Thread - 0] INFO  ha.SCMNodeInfo (SCMNodeInfo.java:getPort(197)) - ConfigKey ozone.scm.block.client.address is deprecated, For configuring different ports for each SCM use PortConfigKey ozone.scm.block.client.port appended with serviceId and nodeId
2022-01-10 13:23:56,001 [Datanode State Machine Task Thread - 0] INFO  ha.SCMNodeInfo (SCMNodeInfo.java:getPort(197)) - ConfigKey ozone.scm.datanode.address is deprecated, For configuring different ports for each SCM use PortConfigKey ozone.scm.datanode.port appended with serviceId and nodeId
2022-01-10 13:23:56,002 [Datanode State Machine Task Thread - 0] INFO  ha.SCMNodeInfo (SCMNodeInfo.java:getPort(197)) - ConfigKey ozone.scm.client.address is deprecated, For configuring different ports for each SCM use PortConfigKey ozone.scm.client.port appended with serviceId and nodeId
2022-01-10 13:23:56,002 [Datanode State Machine Task Thread - 0] INFO  ha.SCMNodeInfo (SCMNodeInfo.java:getPort(197)) - ConfigKey ozone.scm.block.client.address is deprecated, For configuring different ports for each SCM use PortConfigKey ozone.scm.block.client.port appended with serviceId and nodeId
2022-01-10 13:23:56,002 [Datanode State Machine Task Thread - 0] INFO  ha.SCMNodeInfo (SCMNodeInfo.java:getPort(197)) - ConfigKey ozone.scm.datanode.address is deprecated, For configuring different ports for each SCM use PortConfigKey ozone.scm.datanode.port appended with serviceId and nodeId
2022-01-10 13:23:56,004 [Datanode State Machine Task Thread - 0] INFO  datanode.InitDatanodeState (InitDatanodeState.java:persistContainerDatanodeDetails(145)) - DatanodeDetails is persisted to /home/runner/work/ozone/ozone/hadoop-ozone/integration-test/target/test-dir/MiniOzoneClusterImpl-4961146f-9f28-4cba-af76-74f7029fd382/datanode-2/meta/datanode.id
2022-01-10 13:23:56,577 [EndpointStateMachine task thread for /127.0.0.1:14619 - 0 ] INFO  ipc.Client (Client.java:handleConnectionFailure(977)) - Retrying connect to server: localhost/127.0.0.1:14619. Already tried 8 time(s); retry policy is RetryUpToMaximumCountWithFixedSleep(maxRetries=15, sleepTime=1000 MILLISECONDS)
2022-01-10 13:23:56,578 [EndpointStateMachine task thread for /127.0.0.1:14609 - 0 ] INFO  ipc.Client (Client.java:handleConnectionFailure(977)) - Retrying connect to server: localhost/127.0.0.1:14609. Already tried 11 time(s); retry policy is RetryUpToMaximumCountWithFixedSleep(maxRetries=15, sleepTime=1000 MILLISECONDS)
2022-01-10 13:23:56,606 [EndpointStateMachine task thread for /127.0.0.1:14629 - 0 ] INFO  ipc.Client (Client.java:handleConnectionFailure(977)) - Retrying connect to server: localhost/127.0.0.1:14629. Already tried 8 time(s); retry policy is RetryUpToMaximumCountWithFixedSleep(maxRetries=15, sleepTime=1000 MILLISECONDS)
2022-01-10 13:23:56,922 [Listener at 127.0.0.1/11264] INFO  ozone.MiniOzoneClusterImpl (MiniOzoneClusterImpl.java:lambda$waitForClusterToBeReady$0(235)) - Waiting for nodes to be ready. Got 0 of 3 DN Heartbeats.
2022-01-10 13:23:56,922 [Listener at 127.0.0.1/11264] INFO  ozone.MiniOzoneClusterImpl (MiniOzoneClusterImpl.java:lambda$waitForClusterToBeReady$0(238)) - Waiting for cluster to exit safe mode
2022-01-10 13:23:56,922 [Listener at 127.0.0.1/11264] INFO  ozone.MiniOzoneClusterImpl (MiniOzoneClusterImpl.java:lambda$waitForClusterToBeReady$0(240)) - SCM became leader
2022-01-10 13:23:57,153 [EndpointStateMachine task thread for /127.0.0.1:12877 - 0 ] INFO  ozoneimpl.OzoneContainer (OzoneContainer.java:start(315)) - Attempting to start container services.
2022-01-10 13:23:57,154 [EndpointStateMachine task thread for /127.0.0.1:12877 - 0 ] INFO  ozoneimpl.OzoneContainer (OzoneContainer.java:startContainerScrub(250)) - Background container scanner has been disabled.
2022-01-10 13:23:57,154 [EndpointStateMachine task thread for /127.0.0.1:12877 - 0 ] INFO  replication.ReplicationServer (ReplicationServer.java:start(107)) - ReplicationServer is started using port 44073
2022-01-10 13:23:57,161 [EndpointStateMachine task thread for /127.0.0.1:12877 - 0 ] INFO  ratis.XceiverServerRatis (XceiverServerRatis.java:start(484)) - Starting XceiverServerRatis 4b3c65cf-387e-4213-93df-57198a9c946a
2022-01-10 13:23:57,165 [EndpointStateMachine task thread for /127.0.0.1:12877 - 0 ] INFO  server.RaftServer (RaftServerProxy.java:lambda$start$5(374)) - 4b3c65cf-387e-4213-93df-57198a9c946a: start RPC server
2022-01-10 13:23:57,172 [EndpointStateMachine task thread for /127.0.0.1:12877 - 0 ] INFO  server.GrpcService (GrpcService.java:startImpl(253)) - 4b3c65cf-387e-4213-93df-57198a9c946a: GrpcService started, listening on 38165
2022-01-10 13:23:57,175 [EndpointStateMachine task thread for /127.0.0.1:12877 - 0 ] INFO  ratis.XceiverServerRatis (XceiverServerRatis.java:getRealPort(505)) - XceiverServerRatis 4b3c65cf-387e-4213-93df-57198a9c946a is started using port 38165 for RATIS
2022-01-10 13:23:57,175 [EndpointStateMachine task thread for /127.0.0.1:12877 - 0 ] INFO  ratis.XceiverServerRatis (XceiverServerRatis.java:getRealPort(505)) - XceiverServerRatis 4b3c65cf-387e-4213-93df-57198a9c946a is started using port 38165 for RATIS_ADMIN
2022-01-10 13:23:57,175 [EndpointStateMachine task thread for /127.0.0.1:12877 - 0 ] INFO  ratis.XceiverServerRatis (XceiverServerRatis.java:getRealPort(505)) - XceiverServerRatis 4b3c65cf-387e-4213-93df-57198a9c946a is started using port 38165 for RATIS_SERVER
2022-01-10 13:23:57,175 [org.apache.ratis.util.JvmPauseMonitor$$Lambda$500/2122256138@28f46098] INFO  util.JvmPauseMonitor (JvmPauseMonitor.java:run(103)) - JvmPauseMonitor-4b3c65cf-387e-4213-93df-57198a9c946a: Started
2022-01-10 13:23:57,179 [EndpointStateMachine task thread for /127.0.0.1:12877 - 0 ] INFO  server.XceiverServerGrpc (XceiverServerGrpc.java:start(180)) - XceiverServerGrpc 4b3c65cf-387e-4213-93df-57198a9c946a is started using port 45653
2022-01-10 13:23:57,180 [EndpointStateMachine task thread for /127.0.0.1:12887 - 0 ] INFO  ozoneimpl.OzoneContainer (OzoneContainer.java:start(311)) - Ignore. OzoneContainer already started.
2022-01-10 13:23:57,435 [EndpointStateMachine task thread for /127.0.0.1:12887 - 0 ] INFO  ozoneimpl.OzoneContainer (OzoneContainer.java:start(315)) - Attempting to start container services.
2022-01-10 13:23:57,435 [EndpointStateMachine task thread for /127.0.0.1:12887 - 0 ] INFO  ozoneimpl.OzoneContainer (OzoneContainer.java:startContainerScrub(250)) - Background container scanner has been disabled.
2022-01-10 13:23:57,436 [EndpointStateMachine task thread for /127.0.0.1:12887 - 0 ] INFO  replication.ReplicationServer (ReplicationServer.java:start(107)) - ReplicationServer is started using port 36991
2022-01-10 13:23:57,437 [EndpointStateMachine task thread for /127.0.0.1:12887 - 0 ] INFO  ratis.XceiverServerRatis (XceiverServerRatis.java:start(484)) - Starting XceiverServerRatis cd4304a5-ad25-4184-aa9b-9d5680dbb42f
2022-01-10 13:23:57,438 [EndpointStateMachine task thread for /127.0.0.1:12887 - 0 ] INFO  server.RaftServer (RaftServerProxy.java:lambda$start$5(374)) - cd4304a5-ad25-4184-aa9b-9d5680dbb42f: start RPC server
2022-01-10 13:23:57,440 [EndpointStateMachine task thread for /127.0.0.1:12887 - 0 ] INFO  server.GrpcService (GrpcService.java:startImpl(253)) - cd4304a5-ad25-4184-aa9b-9d5680dbb42f: GrpcService started, listening on 44433
2022-01-10 13:23:57,452 [EndpointStateMachine task thread for /127.0.0.1:12887 - 0 ] INFO  ratis.XceiverServerRatis (XceiverServerRatis.java:getRealPort(505)) - XceiverServerRatis cd4304a5-ad25-4184-aa9b-9d5680dbb42f is started using port 44433 for RATIS
2022-01-10 13:23:57,476 [org.apache.ratis.util.JvmPauseMonitor$$Lambda$500/2122256138@da33142] INFO  util.JvmPauseMonitor (JvmPauseMonitor.java:run(103)) - JvmPauseMonitor-cd4304a5-ad25-4184-aa9b-9d5680dbb42f: Started
2022-01-10 13:23:57,476 [EndpointStateMachine task thread for /127.0.0.1:12887 - 0 ] INFO  ratis.XceiverServerRatis (XceiverServerRatis.java:getRealPort(505)) - XceiverServerRatis cd4304a5-ad25-4184-aa9b-9d5680dbb42f is started using port 44433 for RATIS_ADMIN
2022-01-10 13:23:57,476 [EndpointStateMachine task thread for /127.0.0.1:12887 - 0 ] INFO  ratis.XceiverServerRatis (XceiverServerRatis.java:getRealPort(505)) - XceiverServerRatis cd4304a5-ad25-4184-aa9b-9d5680dbb42f is started using port 44433 for RATIS_SERVER
2022-01-10 13:23:57,489 [EndpointStateMachine task thread for /127.0.0.1:12887 - 0 ] INFO  server.XceiverServerGrpc (XceiverServerGrpc.java:start(180)) - XceiverServerGrpc cd4304a5-ad25-4184-aa9b-9d5680dbb42f is started using port 35009
2022-01-10 13:23:57,492 [EndpointStateMachine task thread for /127.0.0.1:12877 - 0 ] INFO  ozoneimpl.OzoneContainer (OzoneContainer.java:start(311)) - Ignore. OzoneContainer already started.
2022-01-10 13:23:57,578 [EndpointStateMachine task thread for /127.0.0.1:14619 - 0 ] INFO  ipc.Client (Client.java:handleConnectionFailure(977)) - Retrying connect to server: localhost/127.0.0.1:14619. Already tried 9 time(s); retry policy is RetryUpToMaximumCountWithFixedSleep(maxRetries=15, sleepTime=1000 MILLISECONDS)
2022-01-10 13:23:57,578 [EndpointStateMachine task thread for /127.0.0.1:14609 - 0 ] INFO  ipc.Client (Client.java:handleConnectionFailure(977)) - Retrying connect to server: localhost/127.0.0.1:14609. Already tried 12 time(s); retry policy is RetryUpToMaximumCountWithFixedSleep(maxRetries=15, sleepTime=1000 MILLISECONDS)
2022-01-10 13:23:57,607 [EndpointStateMachine task thread for /127.0.0.1:14629 - 0 ] INFO  ipc.Client (Client.java:handleConnectionFailure(977)) - Retrying connect to server: localhost/127.0.0.1:14629. Already tried 9 time(s); retry policy is RetryUpToMaximumCountWithFixedSleep(maxRetries=15, sleepTime=1000 MILLISECONDS)
2022-01-10 13:23:57,922 [Listener at 127.0.0.1/11264] INFO  ozone.MiniOzoneClusterImpl (MiniOzoneClusterImpl.java:lambda$waitForClusterToBeReady$0(235)) - Waiting for nodes to be ready. Got 0 of 3 DN Heartbeats.
2022-01-10 13:23:57,923 [Listener at 127.0.0.1/11264] INFO  ozone.MiniOzoneClusterImpl (MiniOzoneClusterImpl.java:lambda$waitForClusterToBeReady$0(238)) - Waiting for cluster to exit safe mode
2022-01-10 13:23:57,923 [Listener at 127.0.0.1/11264] INFO  ozone.MiniOzoneClusterImpl (MiniOzoneClusterImpl.java:lambda$waitForClusterToBeReady$0(240)) - SCM became leader
2022-01-10 13:23:58,031 [EndpointStateMachine task thread for /127.0.0.1:12887 - 0 ] INFO  ozoneimpl.OzoneContainer (OzoneContainer.java:start(315)) - Attempting to start container services.
2022-01-10 13:23:58,032 [EndpointStateMachine task thread for /127.0.0.1:12887 - 0 ] INFO  ozoneimpl.OzoneContainer (OzoneContainer.java:startContainerScrub(250)) - Background container scanner has been disabled.
2022-01-10 13:23:58,041 [EndpointStateMachine task thread for /127.0.0.1:12887 - 0 ] INFO  replication.ReplicationServer (ReplicationServer.java:start(107)) - ReplicationServer is started using port 37635
2022-01-10 13:23:58,051 [EndpointStateMachine task thread for /127.0.0.1:12887 - 0 ] INFO  ratis.XceiverServerRatis (XceiverServerRatis.java:start(484)) - Starting XceiverServerRatis 9ca66d1e-a818-43c9-bf62-5187506efa35
2022-01-10 13:23:58,052 [EndpointStateMachine task thread for /127.0.0.1:12887 - 0 ] INFO  server.RaftServer (RaftServerProxy.java:lambda$start$5(374)) - 9ca66d1e-a818-43c9-bf62-5187506efa35: start RPC server
2022-01-10 13:23:58,057 [EndpointStateMachine task thread for /127.0.0.1:12887 - 0 ] INFO  server.GrpcService (GrpcService.java:startImpl(253)) - 9ca66d1e-a818-43c9-bf62-5187506efa35: GrpcService started, listening on 42475
2022-01-10 13:23:58,057 [EndpointStateMachine task thread for /127.0.0.1:12887 - 0 ] INFO  ratis.XceiverServerRatis (XceiverServerRatis.java:getRealPort(505)) - XceiverServerRatis 9ca66d1e-a818-43c9-bf62-5187506efa35 is started using port 42475 for RATIS
2022-01-10 13:23:58,057 [EndpointStateMachine task thread for /127.0.0.1:12887 - 0 ] INFO  ratis.XceiverServerRatis (XceiverServerRatis.java:getRealPort(505)) - XceiverServerRatis 9ca66d1e-a818-43c9-bf62-5187506efa35 is started using port 42475 for RATIS_ADMIN
2022-01-10 13:23:58,057 [EndpointStateMachine task thread for /127.0.0.1:12887 - 0 ] INFO  ratis.XceiverServerRatis (XceiverServerRatis.java:getRealPort(505)) - XceiverServerRatis 9ca66d1e-a818-43c9-bf62-5187506efa35 is started using port 42475 for RATIS_SERVER
2022-01-10 13:23:58,058 [org.apache.ratis.util.JvmPauseMonitor$$Lambda$500/2122256138@52d4a799] INFO  util.JvmPauseMonitor (JvmPauseMonitor.java:run(103)) - JvmPauseMonitor-9ca66d1e-a818-43c9-bf62-5187506efa35: Started
2022-01-10 13:23:58,058 [EndpointStateMachine task thread for /127.0.0.1:12887 - 0 ] INFO  server.XceiverServerGrpc (XceiverServerGrpc.java:start(180)) - XceiverServerGrpc 9ca66d1e-a818-43c9-bf62-5187506efa35 is started using port 35603
2022-01-10 13:23:58,059 [EndpointStateMachine task thread for /127.0.0.1:12877 - 0 ] INFO  ozoneimpl.OzoneContainer (OzoneContainer.java:start(311)) - Ignore. OzoneContainer already started.
2022-01-10 13:23:58,578 [EndpointStateMachine task thread for /127.0.0.1:14619 - 0 ] INFO  ipc.Client (Client.java:handleConnectionFailure(977)) - Retrying connect to server: localhost/127.0.0.1:14619. Already tried 10 time(s); retry policy is RetryUpToMaximumCountWithFixedSleep(maxRetries=15, sleepTime=1000 MILLISECONDS)
2022-01-10 13:23:58,579 [EndpointStateMachine task thread for /127.0.0.1:14609 - 0 ] INFO  ipc.Client (Client.java:handleConnectionFailure(977)) - Retrying connect to server: localhost/127.0.0.1:14609. Already tried 13 time(s); retry policy is RetryUpToMaximumCountWithFixedSleep(maxRetries=15, sleepTime=1000 MILLISECONDS)
2022-01-10 13:23:58,608 [EndpointStateMachine task thread for /127.0.0.1:14629 - 0 ] INFO  ipc.Client (Client.java:handleConnectionFailure(977)) - Retrying connect to server: localhost/127.0.0.1:14629. Already tried 10 time(s); retry policy is RetryUpToMaximumCountWithFixedSleep(maxRetries=15, sleepTime=1000 MILLISECONDS)
2022-01-10 13:23:58,923 [Listener at 127.0.0.1/11264] INFO  ozone.MiniOzoneClusterImpl (MiniOzoneClusterImpl.java:lambda$waitForClusterToBeReady$0(235)) - Waiting for nodes to be ready. Got 0 of 3 DN Heartbeats.
2022-01-10 13:23:58,923 [Listener at 127.0.0.1/11264] INFO  ozone.MiniOzoneClusterImpl (MiniOzoneClusterImpl.java:lambda$waitForClusterToBeReady$0(238)) - Waiting for cluster to exit safe mode
2022-01-10 13:23:58,923 [Listener at 127.0.0.1/11264] INFO  ozone.MiniOzoneClusterImpl (MiniOzoneClusterImpl.java:lambda$waitForClusterToBeReady$0(240)) - SCM became leader
2022-01-10 13:23:59,108 [Datanode State Machine Daemon Thread] ERROR datanode.RunningDatanodeState (RunningDatanodeState.java:computeNextContainerState(199)) - Error in executing end point task.
java.util.concurrent.ExecutionException: java.util.concurrent.TimeoutException
	at java.util.concurrent.FutureTask.report(FutureTask.java:122)
	at java.util.concurrent.FutureTask.get(FutureTask.java:192)
	at org.apache.hadoop.ozone.container.common.states.datanode.RunningDatanodeState.computeNextContainerState(RunningDatanodeState.java:191)
	at org.apache.hadoop.ozone.container.common.states.datanode.RunningDatanodeState.await(RunningDatanodeState.java:231)
	at org.apache.hadoop.ozone.container.common.states.datanode.RunningDatanodeState.await(RunningDatanodeState.java:50)
	at org.apache.hadoop.ozone.container.common.statemachine.StateContext.execute(StateContext.java:633)
	at org.apache.hadoop.ozone.container.common.statemachine.DatanodeStateMachine.start(DatanodeStateMachine.java:280)
	at org.apache.hadoop.ozone.container.common.statemachine.DatanodeStateMachine.lambda$startDaemon$0(DatanodeStateMachine.java:468)
	at java.lang.Thread.run(Thread.java:748)
Caused by: java.util.concurrent.TimeoutException
	at java.util.concurrent.FutureTask.get(FutureTask.java:205)
	at org.apache.hadoop.ozone.container.common.states.datanode.RunningDatanodeState.lambda$execute$0(RunningDatanodeState.java:149)
	at java.util.concurrent.FutureTask.run(FutureTask.java:266)
	at java.util.concurrent.Executors$RunnableAdapter.call(Executors.java:511)
	at java.util.concurrent.FutureTask.run(FutureTask.java:266)
	at java.util.concurrent.ThreadPoolExecutor.runWorker(ThreadPoolExecutor.java:1149)
	at java.util.concurrent.ThreadPoolExecutor$Worker.run(ThreadPoolExecutor.java:624)
	... 1 more
2022-01-10 13:23:59,115 [IPC Server handler 3 on default port 12877] INFO  net.NetworkTopologyImpl (NetworkTopologyImpl.java:add(112)) - Added a new node: /default-rack/4b3c65cf-387e-4213-93df-57198a9c946a
2022-01-10 13:23:59,115 [IPC Server handler 3 on default port 12877] INFO  node.SCMNodeManager (SCMNodeManager.java:register(389)) - Registered Data node : 4b3c65cf-387e-4213-93df-57198a9c946a{ip: 127.0.0.1, host: localhost, ports: [REPLICATION=44073, RATIS=38165, RATIS_ADMIN=38165, RATIS_SERVER=38165, STANDALONE=45653], networkLocation: /default-rack, certSerialId: null, persistedOpState: null, persistedOpStateExpiryEpochSec: 0}
2022-01-10 13:23:59,118 [IPC Server handler 1 on default port 12887] INFO  net.NetworkTopologyImpl (NetworkTopologyImpl.java:add(112)) - Added a new node: /default-rack/4b3c65cf-387e-4213-93df-57198a9c946a
2022-01-10 13:23:59,118 [IPC Server handler 1 on default port 12887] INFO  node.SCMNodeManager (SCMNodeManager.java:register(389)) - Registered Data node : 4b3c65cf-387e-4213-93df-57198a9c946a{ip: 127.0.0.1, host: localhost, ports: [REPLICATION=44073, RATIS=38165, RATIS_ADMIN=38165, RATIS_SERVER=38165, STANDALONE=45653], networkLocation: /default-rack, certSerialId: null, persistedOpState: null, persistedOpStateExpiryEpochSec: 0}
2022-01-10 13:23:59,119 [EventQueue-NewNodeForNewNodeHandler] INFO  pipeline.BackgroundPipelineCreator (BackgroundPipelineCreator.java:notifyEventTriggered(285)) - trigger a one-shot run on RatisPipelineUtilsThread.
2022-01-10 13:23:59,120 [RatisPipelineUtilsThread - 0] INFO  pipeline.RatisPipelineProvider (RatisPipelineProvider.java:lambda$create$0(183)) - Sending CreatePipelineCommand for pipeline:PipelineID=76d50db2-0651-4aaf-958e-80b97fc4288a to datanode:4b3c65cf-387e-4213-93df-57198a9c946a
2022-01-10 13:23:59,121 [EventQueue-NodeRegistrationContainerReportForDataNodeSafeModeRule] INFO  safemode.SCMSafeModeManager (DataNodeSafeModeRule.java:process(71)) - SCM in safe mode. 1 DataNodes registered, 3 required.
2022-01-10 13:23:59,132 [EventQueue-NodeRegistrationContainerReportForContainerSafeModeRule] INFO  safemode.SCMSafeModeManager (SCMSafeModeManager.java:validateSafeModeExitRules(204)) - ContainerSafeModeRule rule is successfully validated
2022-01-10 13:23:59,142 [EventQueue-NodeRegistrationContainerReportForDataNodeSafeModeRule] INFO  safemode.SCMSafeModeManager (DataNodeSafeModeRule.java:process(71)) - SCM in safe mode. 1 DataNodes registered, 3 required.
2022-01-10 13:23:59,164 [EventQueue-PipelineReportForOneReplicaPipelineSafeModeRule] INFO  safemode.SCMSafeModeManager (SCMSafeModeManager.java:validateSafeModeExitRules(204)) - AtleastOneDatanodeReportedRule rule is successfully validated
2022-01-10 13:23:59,164 [EventQueue-NodeRegistrationContainerReportForContainerSafeModeRule] INFO  safemode.SCMSafeModeManager (SCMSafeModeManager.java:validateSafeModeExitRules(204)) - ContainerSafeModeRule rule is successfully validated
2022-01-10 13:23:59,164 [EventQueue-NewNodeForNewNodeHandler] INFO  pipeline.BackgroundPipelineCreator (BackgroundPipelineCreator.java:notifyEventTriggered(279)) - ignore, not leader SCM.
2022-01-10 13:23:59,177 [EventQueue-PipelineReportForOneReplicaPipelineSafeModeRule] INFO  safemode.SCMSafeModeManager (SCMSafeModeManager.java:validateSafeModeExitRules(204)) - AtleastOneDatanodeReportedRule rule is successfully validated
2022-01-10 13:23:59,195 [7fcd8313-8ccc-4d12-b0b9-018c7cf319d8@group-74F7029FD382-StateMachineUpdater] INFO  pipeline.PipelineStateManagerImpl (PipelineStateManagerImpl.java:addPipeline(101)) - Created pipeline Pipeline[ Id: 76d50db2-0651-4aaf-958e-80b97fc4288a, Nodes: 4b3c65cf-387e-4213-93df-57198a9c946a{ip: 127.0.0.1, host: localhost, ports: [REPLICATION=44073, RATIS=38165, RATIS_ADMIN=38165, RATIS_SERVER=38165, STANDALONE=45653], networkLocation: /default-rack, certSerialId: null, persistedOpState: IN_SERVICE, persistedOpStateExpiryEpochSec: 0}, ReplicationConfig: RATIS/ONE, State:ALLOCATED, leaderId:, CreationTimestamp2022-01-10T13:23:59.120Z[Etc/UTC]].
2022-01-10 13:23:59,195 [7fcd8313-8ccc-4d12-b0b9-018c7cf319d8@group-74F7029FD382-StateMachineUpdater] INFO  safemode.HealthyPipelineSafeModeRule (HealthyPipelineSafeModeRule.java:initializeRule(152)) - Refreshed total pipeline count is 0, healthy pipeline threshold count is 1
2022-01-10 13:23:59,195 [RatisPipelineUtilsThread - 0] INFO  ha.SCMHAInvocationHandler (SCMHAInvocationHandler.java:invokeRatis(113)) - Invoking method public abstract void org.apache.hadoop.hdds.scm.pipeline.PipelineStateManager.addPipeline(org.apache.hadoop.hdds.protocol.proto.HddsProtos$Pipeline) throws java.io.IOException on target org.apache.hadoop.hdds.scm.ha.SCMRatisServerImpl@716fa625, cost 72901.272us
2022-01-10 13:23:59,210 [494c7a1b-9442-431c-b450-0b8d0617d867@group-74F7029FD382-StateMachineUpdater] INFO  pipeline.PipelineStateManagerImpl (PipelineStateManagerImpl.java:addPipeline(101)) - Created pipeline Pipeline[ Id: 76d50db2-0651-4aaf-958e-80b97fc4288a, Nodes: 4b3c65cf-387e-4213-93df-57198a9c946a{ip: 127.0.0.1, host: localhost, ports: [REPLICATION=44073, RATIS=38165, RATIS_ADMIN=38165, RATIS_SERVER=38165, STANDALONE=45653], networkLocation: /default-rack, certSerialId: null, persistedOpState: IN_SERVICE, persistedOpStateExpiryEpochSec: 0}, ReplicationConfig: RATIS/ONE, State:ALLOCATED, leaderId:, CreationTimestamp2022-01-10T13:23:59.120Z[Etc/UTC]].
2022-01-10 13:23:59,211 [494c7a1b-9442-431c-b450-0b8d0617d867@group-74F7029FD382-StateMachineUpdater] INFO  safemode.HealthyPipelineSafeModeRule (HealthyPipelineSafeModeRule.java:initializeRule(152)) - Refreshed total pipeline count is 0, healthy pipeline threshold count is 1
2022-01-10 13:23:59,211 [494c7a1b-9442-431c-b450-0b8d0617d867@group-74F7029FD382-StateMachineUpdater] INFO  ha.SCMStateMachine (SCMStateMachine.java:takeSnapshot(297)) - Current Snapshot Index 7, takeSnapshot took 0 ms
2022-01-10 13:23:59,211 [494c7a1b-9442-431c-b450-0b8d0617d867@group-74F7029FD382-StateMachineUpdater] INFO  impl.StateMachineUpdater (StateMachineUpdater.java:takeSnapshot(281)) - 494c7a1b-9442-431c-b450-0b8d0617d867@group-74F7029FD382-StateMachineUpdater: Took a snapshot at index 7
2022-01-10 13:23:59,211 [494c7a1b-9442-431c-b450-0b8d0617d867@group-74F7029FD382-StateMachineUpdater] INFO  impl.StateMachineUpdater (StateMachineUpdater.java:lambda$new$0(89)) - 494c7a1b-9442-431c-b450-0b8d0617d867@group-74F7029FD382-StateMachineUpdater: snapshotIndex: updateIncreasingly 2 -> 7
2022-01-10 13:23:59,211 [494c7a1b-9442-431c-b450-0b8d0617d867@group-74F7029FD382-StateMachineUpdater] INFO  raftlog.RaftLog (RaftLogBase.java:purge(306)) - 494c7a1b-9442-431c-b450-0b8d0617d867@group-74F7029FD382-SegmentedRaftLog: purge 7
2022-01-10 13:23:59,211 [494c7a1b-9442-431c-b450-0b8d0617d867@group-74F7029FD382-StateMachineUpdater] INFO  raftlog.RaftLog (RaftLogBase.java:lambda$new$0(53)) - 494c7a1b-9442-431c-b450-0b8d0617d867@group-74F7029FD382-SegmentedRaftLog: snapshotIndex: updateIncreasingly 2 -> 7
2022-01-10 13:23:59,211 [494c7a1b-9442-431c-b450-0b8d0617d867@group-74F7029FD382-StateMachineUpdater] INFO  raftlog.RaftLog (RaftLogBase.java:lambda$new$0(53)) - 494c7a1b-9442-431c-b450-0b8d0617d867@group-74F7029FD382-SegmentedRaftLog: purgeIndex: updateToMax old=-1, new=7, updated? true
2022-01-10 13:23:59,416 [IPC Server handler 0 on default port 12877] INFO  net.NetworkTopologyImpl (NetworkTopologyImpl.java:add(112)) - Added a new node: /default-rack/cd4304a5-ad25-4184-aa9b-9d5680dbb42f
2022-01-10 13:23:59,418 [IPC Server handler 0 on default port 12877] INFO  node.SCMNodeManager (SCMNodeManager.java:register(389)) - Registered Data node : cd4304a5-ad25-4184-aa9b-9d5680dbb42f{ip: 127.0.0.1, host: localhost, ports: [REPLICATION=36991, RATIS=44433, RATIS_ADMIN=44433, RATIS_SERVER=44433, STANDALONE=35009], networkLocation: /default-rack, certSerialId: null, persistedOpState: null, persistedOpStateExpiryEpochSec: 0}
2022-01-10 13:23:59,418 [EventQueue-NewNodeForNewNodeHandler] INFO  pipeline.BackgroundPipelineCreator (BackgroundPipelineCreator.java:notifyEventTriggered(285)) - trigger a one-shot run on RatisPipelineUtilsThread.
2022-01-10 13:23:59,416 [IPC Server handler 2 on default port 12887] INFO  net.NetworkTopologyImpl (NetworkTopologyImpl.java:add(112)) - Added a new node: /default-rack/cd4304a5-ad25-4184-aa9b-9d5680dbb42f
2022-01-10 13:23:59,418 [IPC Server handler 2 on default port 12887] INFO  node.SCMNodeManager (SCMNodeManager.java:register(389)) - Registered Data node : cd4304a5-ad25-4184-aa9b-9d5680dbb42f{ip: 127.0.0.1, host: localhost, ports: [REPLICATION=36991, RATIS=44433, RATIS_ADMIN=44433, RATIS_SERVER=44433, STANDALONE=35009], networkLocation: /default-rack, certSerialId: null, persistedOpState: null, persistedOpStateExpiryEpochSec: 0}
2022-01-10 13:23:59,418 [EventQueue-NodeRegistrationContainerReportForDataNodeSafeModeRule] INFO  safemode.SCMSafeModeManager (DataNodeSafeModeRule.java:process(71)) - SCM in safe mode. 2 DataNodes registered, 3 required.
2022-01-10 13:23:59,418 [RatisPipelineUtilsThread - 0] INFO  pipeline.RatisPipelineProvider (RatisPipelineProvider.java:lambda$create$0(183)) - Sending CreatePipelineCommand for pipeline:PipelineID=829003a7-cb35-431b-8dc7-14c834867eca to datanode:cd4304a5-ad25-4184-aa9b-9d5680dbb42f
2022-01-10 13:23:59,419 [EventQueue-NewNodeForNewNodeHandler] INFO  pipeline.BackgroundPipelineCreator (BackgroundPipelineCreator.java:notifyEventTriggered(279)) - ignore, not leader SCM.
2022-01-10 13:23:59,420 [EventQueue-NodeRegistrationContainerReportForDataNodeSafeModeRule] INFO  safemode.SCMSafeModeManager (DataNodeSafeModeRule.java:process(71)) - SCM in safe mode. 2 DataNodes registered, 3 required.
2022-01-10 13:23:59,422 [7fcd8313-8ccc-4d12-b0b9-018c7cf319d8@group-74F7029FD382-StateMachineUpdater] INFO  pipeline.PipelineStateManagerImpl (PipelineStateManagerImpl.java:addPipeline(101)) - Created pipeline Pipeline[ Id: 829003a7-cb35-431b-8dc7-14c834867eca, Nodes: cd4304a5-ad25-4184-aa9b-9d5680dbb42f{ip: 127.0.0.1, host: localhost, ports: [REPLICATION=36991, RATIS=44433, RATIS_ADMIN=44433, RATIS_SERVER=44433, STANDALONE=35009], networkLocation: /default-rack, certSerialId: null, persistedOpState: IN_SERVICE, persistedOpStateExpiryEpochSec: 0}, ReplicationConfig: RATIS/ONE, State:ALLOCATED, leaderId:, CreationTimestamp2022-01-10T13:23:59.418Z[Etc/UTC]].
2022-01-10 13:23:59,423 [7fcd8313-8ccc-4d12-b0b9-018c7cf319d8@group-74F7029FD382-StateMachineUpdater] INFO  safemode.HealthyPipelineSafeModeRule (HealthyPipelineSafeModeRule.java:initializeRule(152)) - Refreshed total pipeline count is 0, healthy pipeline threshold count is 1
2022-01-10 13:23:59,425 [RatisPipelineUtilsThread - 0] INFO  ha.SCMHAInvocationHandler (SCMHAInvocationHandler.java:invokeRatis(113)) - Invoking method public abstract void org.apache.hadoop.hdds.scm.pipeline.PipelineStateManager.addPipeline(org.apache.hadoop.hdds.protocol.proto.HddsProtos$Pipeline) throws java.io.IOException on target org.apache.hadoop.hdds.scm.ha.SCMRatisServerImpl@716fa625, cost 5891.246us
2022-01-10 13:23:59,438 [494c7a1b-9442-431c-b450-0b8d0617d867@group-74F7029FD382-StateMachineUpdater] INFO  pipeline.PipelineStateManagerImpl (PipelineStateManagerImpl.java:addPipeline(101)) - Created pipeline Pipeline[ Id: 829003a7-cb35-431b-8dc7-14c834867eca, Nodes: cd4304a5-ad25-4184-aa9b-9d5680dbb42f{ip: 127.0.0.1, host: localhost, ports: [REPLICATION=36991, RATIS=44433, RATIS_ADMIN=44433, RATIS_SERVER=44433, STANDALONE=35009], networkLocation: /default-rack, certSerialId: null, persistedOpState: IN_SERVICE, persistedOpStateExpiryEpochSec: 0}, ReplicationConfig: RATIS/ONE, State:ALLOCATED, leaderId:, CreationTimestamp2022-01-10T13:23:59.418Z[Etc/UTC]].
2022-01-10 13:23:59,438 [494c7a1b-9442-431c-b450-0b8d0617d867@group-74F7029FD382-StateMachineUpdater] INFO  safemode.HealthyPipelineSafeModeRule (HealthyPipelineSafeModeRule.java:initializeRule(152)) - Refreshed total pipeline count is 0, healthy pipeline threshold count is 1
2022-01-10 13:23:59,439 [7fcd8313-8ccc-4d12-b0b9-018c7cf319d8@group-74F7029FD382-StateMachineUpdater] INFO  ha.SCMStateMachine (SCMStateMachine.java:takeSnapshot(297)) - Current Snapshot Index 10, takeSnapshot took 0 ms
2022-01-10 13:23:59,442 [7fcd8313-8ccc-4d12-b0b9-018c7cf319d8@group-74F7029FD382-StateMachineUpdater] INFO  impl.StateMachineUpdater (StateMachineUpdater.java:takeSnapshot(281)) - 7fcd8313-8ccc-4d12-b0b9-018c7cf319d8@group-74F7029FD382-StateMachineUpdater: Took a snapshot at index 10
2022-01-10 13:23:59,442 [7fcd8313-8ccc-4d12-b0b9-018c7cf319d8@group-74F7029FD382-StateMachineUpdater] INFO  impl.StateMachineUpdater (StateMachineUpdater.java:lambda$new$0(89)) - 7fcd8313-8ccc-4d12-b0b9-018c7cf319d8@group-74F7029FD382-StateMachineUpdater: snapshotIndex: updateIncreasingly 5 -> 10
2022-01-10 13:23:59,442 [7fcd8313-8ccc-4d12-b0b9-018c7cf319d8@group-74F7029FD382-StateMachineUpdater] INFO  raftlog.RaftLog (RaftLogBase.java:purge(306)) - 7fcd8313-8ccc-4d12-b0b9-018c7cf319d8@group-74F7029FD382-SegmentedRaftLog: purge 10
2022-01-10 13:23:59,442 [7fcd8313-8ccc-4d12-b0b9-018c7cf319d8@group-74F7029FD382-StateMachineUpdater] INFO  raftlog.RaftLog (RaftLogBase.java:lambda$new$0(53)) - 7fcd8313-8ccc-4d12-b0b9-018c7cf319d8@group-74F7029FD382-SegmentedRaftLog: snapshotIndex: updateIncreasingly 5 -> 10
2022-01-10 13:23:59,442 [7fcd8313-8ccc-4d12-b0b9-018c7cf319d8@group-74F7029FD382-StateMachineUpdater] INFO  raftlog.RaftLog (RaftLogBase.java:lambda$new$0(53)) - 7fcd8313-8ccc-4d12-b0b9-018c7cf319d8@group-74F7029FD382-SegmentedRaftLog: purgeIndex: updateToMax old=0, new=10, updated? true
2022-01-10 13:23:59,579 [EndpointStateMachine task thread for /127.0.0.1:14619 - 0 ] INFO  ipc.Client (Client.java:handleConnectionFailure(977)) - Retrying connect to server: localhost/127.0.0.1:14619. Already tried 11 time(s); retry policy is RetryUpToMaximumCountWithFixedSleep(maxRetries=15, sleepTime=1000 MILLISECONDS)
2022-01-10 13:23:59,580 [EndpointStateMachine task thread for /127.0.0.1:14609 - 0 ] INFO  ipc.Client (Client.java:handleConnectionFailure(977)) - Retrying connect to server: localhost/127.0.0.1:14609. Already tried 14 time(s); retry policy is RetryUpToMaximumCountWithFixedSleep(maxRetries=15, sleepTime=1000 MILLISECONDS)
2022-01-10 13:23:59,608 [EndpointStateMachine task thread for /127.0.0.1:14629 - 0 ] INFO  ipc.Client (Client.java:handleConnectionFailure(977)) - Retrying connect to server: localhost/127.0.0.1:14629. Already tried 11 time(s); retry policy is RetryUpToMaximumCountWithFixedSleep(maxRetries=15, sleepTime=1000 MILLISECONDS)
2022-01-10 13:23:59,924 [Listener at 127.0.0.1/11264] INFO  ozone.MiniOzoneClusterImpl (MiniOzoneClusterImpl.java:lambda$waitForClusterToBeReady$0(235)) - Waiting for nodes to be ready. Got 2 of 3 DN Heartbeats.
2022-01-10 13:23:59,924 [Listener at 127.0.0.1/11264] INFO  ozone.MiniOzoneClusterImpl (MiniOzoneClusterImpl.java:lambda$waitForClusterToBeReady$0(238)) - Waiting for cluster to exit safe mode
2022-01-10 13:23:59,924 [Listener at 127.0.0.1/11264] INFO  ozone.MiniOzoneClusterImpl (MiniOzoneClusterImpl.java:lambda$waitForClusterToBeReady$0(240)) - SCM became leader
2022-01-10 13:24:00,025 [IPC Server handler 1 on default port 12877] INFO  net.NetworkTopologyImpl (NetworkTopologyImpl.java:add(112)) - Added a new node: /default-rack/9ca66d1e-a818-43c9-bf62-5187506efa35
2022-01-10 13:24:00,025 [IPC Server handler 1 on default port 12877] INFO  node.SCMNodeManager (SCMNodeManager.java:register(389)) - Registered Data node : 9ca66d1e-a818-43c9-bf62-5187506efa35{ip: 127.0.0.1, host: localhost, ports: [REPLICATION=37635, RATIS=42475, RATIS_ADMIN=42475, RATIS_SERVER=42475, STANDALONE=35603], networkLocation: /default-rack, certSerialId: null, persistedOpState: null, persistedOpStateExpiryEpochSec: 0}
2022-01-10 13:24:00,025 [EventQueue-NewNodeForNewNodeHandler] INFO  pipeline.BackgroundPipelineCreator (BackgroundPipelineCreator.java:notifyEventTriggered(285)) - trigger a one-shot run on RatisPipelineUtilsThread.
2022-01-10 13:24:00,026 [RatisPipelineUtilsThread - 0] INFO  pipeline.RatisPipelineProvider (RatisPipelineProvider.java:lambda$create$0(183)) - Sending CreatePipelineCommand for pipeline:PipelineID=9caceafe-914c-4b3a-b4f1-684f79557ae4 to datanode:9ca66d1e-a818-43c9-bf62-5187506efa35
2022-01-10 13:24:00,029 [EventQueue-NodeRegistrationContainerReportForDataNodeSafeModeRule] INFO  safemode.SCMSafeModeManager (DataNodeSafeModeRule.java:process(71)) - SCM in safe mode. 3 DataNodes registered, 3 required.
2022-01-10 13:24:00,029 [EventQueue-NodeRegistrationContainerReportForDataNodeSafeModeRule] INFO  safemode.SCMSafeModeManager (SCMSafeModeManager.java:validateSafeModeExitRules(204)) - DataNodeSafeModeRule rule is successfully validated
2022-01-10 13:24:00,029 [EventQueue-NodeRegistrationContainerReportForDataNodeSafeModeRule] INFO  safemode.SCMSafeModeManager (SCMSafeModeManager.java:completePreCheck(233)) - All SCM safe mode pre check rules have passed
2022-01-10 13:24:00,029 [EventQueue-NodeRegistrationContainerReportForDataNodeSafeModeRule] WARN  events.EventQueue (EventQueue.java:fireEvent(194)) - No event handler registered for event TypedEvent{payloadType=SafeModeStatus, name='Safe mode status'}
2022-01-10 13:24:00,030 [EventQueue-NodeRegistrationContainerReportForDataNodeSafeModeRule] INFO  ha.SCMContext (SCMContext.java:updateSafeModeStatus(211)) - Update SafeModeStatus from SafeModeStatus{safeModeStatus=true, preCheckPassed=false} to SafeModeStatus{safeModeStatus=true, preCheckPassed=true}.
2022-01-10 13:24:00,030 [EventQueue-NodeRegistrationContainerReportForDataNodeSafeModeRule] INFO  pipeline.BackgroundPipelineCreator (BackgroundPipelineCreator.java:notifyEventTriggered(285)) - trigger a one-shot run on RatisPipelineUtilsThread.
2022-01-10 13:24:00,032 [IPC Server handler 1 on default port 12887] INFO  net.NetworkTopologyImpl (NetworkTopologyImpl.java:add(112)) - Added a new node: /default-rack/9ca66d1e-a818-43c9-bf62-5187506efa35
2022-01-10 13:24:00,032 [IPC Server handler 1 on default port 12887] INFO  node.SCMNodeManager (SCMNodeManager.java:register(389)) - Registered Data node : 9ca66d1e-a818-43c9-bf62-5187506efa35{ip: 127.0.0.1, host: localhost, ports: [REPLICATION=37635, RATIS=42475, RATIS_ADMIN=42475, RATIS_SERVER=42475, STANDALONE=35603], networkLocation: /default-rack, certSerialId: null, persistedOpState: null, persistedOpStateExpiryEpochSec: 0}
2022-01-10 13:24:00,032 [EventQueue-NewNodeForNewNodeHandler] INFO  pipeline.BackgroundPipelineCreator (BackgroundPipelineCreator.java:notifyEventTriggered(279)) - ignore, not leader SCM.
2022-01-10 13:24:00,039 [EventQueue-NodeRegistrationContainerReportForDataNodeSafeModeRule] INFO  safemode.SCMSafeModeManager (DataNodeSafeModeRule.java:process(71)) - SCM in safe mode. 3 DataNodes registered, 3 required.
2022-01-10 13:24:00,039 [EventQueue-NodeRegistrationContainerReportForDataNodeSafeModeRule] INFO  safemode.SCMSafeModeManager (SCMSafeModeManager.java:validateSafeModeExitRules(204)) - DataNodeSafeModeRule rule is successfully validated
2022-01-10 13:24:00,039 [EventQueue-NodeRegistrationContainerReportForDataNodeSafeModeRule] INFO  safemode.SCMSafeModeManager (SCMSafeModeManager.java:completePreCheck(233)) - All SCM safe mode pre check rules have passed
2022-01-10 13:24:00,039 [EventQueue-NodeRegistrationContainerReportForDataNodeSafeModeRule] WARN  events.EventQueue (EventQueue.java:fireEvent(194)) - No event handler registered for event TypedEvent{payloadType=SafeModeStatus, name='Safe mode status'}
2022-01-10 13:24:00,039 [EventQueue-NodeRegistrationContainerReportForDataNodeSafeModeRule] INFO  ha.SCMContext (SCMContext.java:updateSafeModeStatus(211)) - Update SafeModeStatus from SafeModeStatus{safeModeStatus=true, preCheckPassed=false} to SafeModeStatus{safeModeStatus=true, preCheckPassed=true}.
2022-01-10 13:24:00,039 [EventQueue-NodeRegistrationContainerReportForDataNodeSafeModeRule] INFO  pipeline.BackgroundPipelineCreator (BackgroundPipelineCreator.java:notifyEventTriggered(279)) - ignore, not leader SCM.
2022-01-10 13:24:00,041 [7fcd8313-8ccc-4d12-b0b9-018c7cf319d8@group-74F7029FD382-StateMachineUpdater] INFO  pipeline.PipelineStateManagerImpl (PipelineStateManagerImpl.java:addPipeline(101)) - Created pipeline Pipeline[ Id: 9caceafe-914c-4b3a-b4f1-684f79557ae4, Nodes: 9ca66d1e-a818-43c9-bf62-5187506efa35{ip: 127.0.0.1, host: localhost, ports: [REPLICATION=37635, RATIS=42475, RATIS_ADMIN=42475, RATIS_SERVER=42475, STANDALONE=35603], networkLocation: /default-rack, certSerialId: null, persistedOpState: IN_SERVICE, persistedOpStateExpiryEpochSec: 0}, ReplicationConfig: RATIS/ONE, State:ALLOCATED, leaderId:, CreationTimestamp2022-01-10T13:24:00.026Z[Etc/UTC]].
2022-01-10 13:24:00,041 [7fcd8313-8ccc-4d12-b0b9-018c7cf319d8@group-74F7029FD382-StateMachineUpdater] INFO  safemode.HealthyPipelineSafeModeRule (HealthyPipelineSafeModeRule.java:initializeRule(152)) - Refreshed total pipeline count is 0, healthy pipeline threshold count is 1
2022-01-10 13:24:00,042 [RatisPipelineUtilsThread - 0] INFO  ha.SCMHAInvocationHandler (SCMHAInvocationHandler.java:invokeRatis(113)) - Invoking method public abstract void org.apache.hadoop.hdds.scm.pipeline.PipelineStateManager.addPipeline(org.apache.hadoop.hdds.protocol.proto.HddsProtos$Pipeline) throws java.io.IOException on target org.apache.hadoop.hdds.scm.ha.SCMRatisServerImpl@716fa625, cost 15528.722us
2022-01-10 13:24:00,044 [RatisPipelineUtilsThread - 0] INFO  pipeline.RatisPipelineProvider (RatisPipelineProvider.java:lambda$create$0(183)) - Sending CreatePipelineCommand for pipeline:PipelineID=55485618-4610-47ca-b09d-e5a0c3de471e to datanode:cd4304a5-ad25-4184-aa9b-9d5680dbb42f
2022-01-10 13:24:00,044 [RatisPipelineUtilsThread - 0] INFO  pipeline.RatisPipelineProvider (RatisPipelineProvider.java:lambda$create$0(183)) - Sending CreatePipelineCommand for pipeline:PipelineID=55485618-4610-47ca-b09d-e5a0c3de471e to datanode:9ca66d1e-a818-43c9-bf62-5187506efa35
2022-01-10 13:24:00,044 [RatisPipelineUtilsThread - 0] INFO  pipeline.RatisPipelineProvider (RatisPipelineProvider.java:lambda$create$0(183)) - Sending CreatePipelineCommand for pipeline:PipelineID=55485618-4610-47ca-b09d-e5a0c3de471e to datanode:4b3c65cf-387e-4213-93df-57198a9c946a
2022-01-10 13:24:00,053 [494c7a1b-9442-431c-b450-0b8d0617d867@group-74F7029FD382-StateMachineUpdater] INFO  pipeline.PipelineStateManagerImpl (PipelineStateManagerImpl.java:addPipeline(101)) - Created pipeline Pipeline[ Id: 9caceafe-914c-4b3a-b4f1-684f79557ae4, Nodes: 9ca66d1e-a818-43c9-bf62-5187506efa35{ip: 127.0.0.1, host: localhost, ports: [REPLICATION=37635, RATIS=42475, RATIS_ADMIN=42475, RATIS_SERVER=42475, STANDALONE=35603], networkLocation: /default-rack, certSerialId: null, persistedOpState: IN_SERVICE, persistedOpStateExpiryEpochSec: 0}, ReplicationConfig: RATIS/ONE, State:ALLOCATED, leaderId:, CreationTimestamp2022-01-10T13:24:00.026Z[Etc/UTC]].
2022-01-10 13:24:00,053 [494c7a1b-9442-431c-b450-0b8d0617d867@group-74F7029FD382-StateMachineUpdater] INFO  safemode.HealthyPipelineSafeModeRule (HealthyPipelineSafeModeRule.java:initializeRule(152)) - Refreshed total pipeline count is 0, healthy pipeline threshold count is 1
2022-01-10 13:24:00,059 [7fcd8313-8ccc-4d12-b0b9-018c7cf319d8@group-74F7029FD382-StateMachineUpdater] INFO  pipeline.PipelineStateManagerImpl (PipelineStateManagerImpl.java:addPipeline(101)) - Created pipeline Pipeline[ Id: 55485618-4610-47ca-b09d-e5a0c3de471e, Nodes: cd4304a5-ad25-4184-aa9b-9d5680dbb42f{ip: 127.0.0.1, host: localhost, ports: [REPLICATION=36991, RATIS=44433, RATIS_ADMIN=44433, RATIS_SERVER=44433, STANDALONE=35009], networkLocation: /default-rack, certSerialId: null, persistedOpState: IN_SERVICE, persistedOpStateExpiryEpochSec: 0}9ca66d1e-a818-43c9-bf62-5187506efa35{ip: 127.0.0.1, host: localhost, ports: [REPLICATION=37635, RATIS=42475, RATIS_ADMIN=42475, RATIS_SERVER=42475, STANDALONE=35603], networkLocation: /default-rack, certSerialId: null, persistedOpState: IN_SERVICE, persistedOpStateExpiryEpochSec: 0}4b3c65cf-387e-4213-93df-57198a9c946a{ip: 127.0.0.1, host: localhost, ports: [REPLICATION=44073, RATIS=38165, RATIS_ADMIN=38165, RATIS_SERVER=38165, STANDALONE=45653], networkLocation: /default-rack, certSerialId: null, persistedOpState: IN_SERVICE, persistedOpStateExpiryEpochSec: 0}, ReplicationConfig: RATIS/THREE, State:ALLOCATED, leaderId:, CreationTimestamp2022-01-10T13:24:00.044Z[Etc/UTC]].
2022-01-10 13:24:00,060 [7fcd8313-8ccc-4d12-b0b9-018c7cf319d8@group-74F7029FD382-StateMachineUpdater] INFO  safemode.HealthyPipelineSafeModeRule (HealthyPipelineSafeModeRule.java:initializeRule(152)) - Refreshed total pipeline count is 0, healthy pipeline threshold count is 1
2022-01-10 13:24:00,060 [RatisPipelineUtilsThread - 0] INFO  ha.SCMHAInvocationHandler (SCMHAInvocationHandler.java:invokeRatis(113)) - Invoking method public abstract void org.apache.hadoop.hdds.scm.pipeline.PipelineStateManager.addPipeline(org.apache.hadoop.hdds.protocol.proto.HddsProtos$Pipeline) throws java.io.IOException on target org.apache.hadoop.hdds.scm.ha.SCMRatisServerImpl@716fa625, cost 16434.129us
2022-01-10 13:24:00,069 [RatisPipelineUtilsThread - 0] INFO  pipeline.RatisPipelineProvider (RatisPipelineProvider.java:lambda$create$0(183)) - Sending CreatePipelineCommand for pipeline:PipelineID=85deabe5-ad07-422e-babd-a4d2df4c4470 to datanode:9ca66d1e-a818-43c9-bf62-5187506efa35
2022-01-10 13:24:00,069 [RatisPipelineUtilsThread - 0] INFO  pipeline.RatisPipelineProvider (RatisPipelineProvider.java:lambda$create$0(183)) - Sending CreatePipelineCommand for pipeline:PipelineID=85deabe5-ad07-422e-babd-a4d2df4c4470 to datanode:cd4304a5-ad25-4184-aa9b-9d5680dbb42f
2022-01-10 13:24:00,069 [RatisPipelineUtilsThread - 0] INFO  pipeline.RatisPipelineProvider (RatisPipelineProvider.java:lambda$create$0(183)) - Sending CreatePipelineCommand for pipeline:PipelineID=85deabe5-ad07-422e-babd-a4d2df4c4470 to datanode:4b3c65cf-387e-4213-93df-57198a9c946a
2022-01-10 13:24:00,076 [494c7a1b-9442-431c-b450-0b8d0617d867@group-74F7029FD382-StateMachineUpdater] INFO  pipeline.PipelineStateManagerImpl (PipelineStateManagerImpl.java:addPipeline(101)) - Created pipeline Pipeline[ Id: 55485618-4610-47ca-b09d-e5a0c3de471e, Nodes: cd4304a5-ad25-4184-aa9b-9d5680dbb42f{ip: 127.0.0.1, host: localhost, ports: [REPLICATION=36991, RATIS=44433, RATIS_ADMIN=44433, RATIS_SERVER=44433, STANDALONE=35009], networkLocation: /default-rack, certSerialId: null, persistedOpState: IN_SERVICE, persistedOpStateExpiryEpochSec: 0}9ca66d1e-a818-43c9-bf62-5187506efa35{ip: 127.0.0.1, host: localhost, ports: [REPLICATION=37635, RATIS=42475, RATIS_ADMIN=42475, RATIS_SERVER=42475, STANDALONE=35603], networkLocation: /default-rack, certSerialId: null, persistedOpState: IN_SERVICE, persistedOpStateExpiryEpochSec: 0}4b3c65cf-387e-4213-93df-57198a9c946a{ip: 127.0.0.1, host: localhost, ports: [REPLICATION=44073, RATIS=38165, RATIS_ADMIN=38165, RATIS_SERVER=38165, STANDALONE=45653], networkLocation: /default-rack, certSerialId: null, persistedOpState: IN_SERVICE, persistedOpStateExpiryEpochSec: 0}, ReplicationConfig: RATIS/THREE, State:ALLOCATED, leaderId:, CreationTimestamp2022-01-10T13:24:00.044Z[Etc/UTC]].
2022-01-10 13:24:00,077 [494c7a1b-9442-431c-b450-0b8d0617d867@group-74F7029FD382-StateMachineUpdater] INFO  safemode.HealthyPipelineSafeModeRule (HealthyPipelineSafeModeRule.java:initializeRule(152)) - Refreshed total pipeline count is 0, healthy pipeline threshold count is 1
2022-01-10 13:24:00,077 [494c7a1b-9442-431c-b450-0b8d0617d867@group-74F7029FD382-StateMachineUpdater] INFO  ha.SCMStateMachine (SCMStateMachine.java:takeSnapshot(297)) - Current Snapshot Index 13, takeSnapshot took 0 ms
2022-01-10 13:24:00,077 [494c7a1b-9442-431c-b450-0b8d0617d867@group-74F7029FD382-StateMachineUpdater] INFO  impl.StateMachineUpdater (StateMachineUpdater.java:takeSnapshot(281)) - 494c7a1b-9442-431c-b450-0b8d0617d867@group-74F7029FD382-StateMachineUpdater: Took a snapshot at index 13
2022-01-10 13:24:00,077 [494c7a1b-9442-431c-b450-0b8d0617d867@group-74F7029FD382-StateMachineUpdater] INFO  impl.StateMachineUpdater (StateMachineUpdater.java:lambda$new$0(89)) - 494c7a1b-9442-431c-b450-0b8d0617d867@group-74F7029FD382-StateMachineUpdater: snapshotIndex: updateIncreasingly 7 -> 13
2022-01-10 13:24:00,077 [494c7a1b-9442-431c-b450-0b8d0617d867@group-74F7029FD382-StateMachineUpdater] INFO  raftlog.RaftLog (RaftLogBase.java:purge(306)) - 494c7a1b-9442-431c-b450-0b8d0617d867@group-74F7029FD382-SegmentedRaftLog: purge 13
2022-01-10 13:24:00,077 [494c7a1b-9442-431c-b450-0b8d0617d867@group-74F7029FD382-StateMachineUpdater] INFO  raftlog.RaftLog (RaftLogBase.java:lambda$new$0(53)) - 494c7a1b-9442-431c-b450-0b8d0617d867@group-74F7029FD382-SegmentedRaftLog: snapshotIndex: updateIncreasingly 7 -> 13
2022-01-10 13:24:00,077 [494c7a1b-9442-431c-b450-0b8d0617d867@group-74F7029FD382-StateMachineUpdater] INFO  raftlog.RaftLog (RaftLogBase.java:lambda$new$0(53)) - 494c7a1b-9442-431c-b450-0b8d0617d867@group-74F7029FD382-SegmentedRaftLog: purgeIndex: updateToMax old=7, new=13, updated? true
2022-01-10 13:24:00,091 [7fcd8313-8ccc-4d12-b0b9-018c7cf319d8@group-74F7029FD382-StateMachineUpdater] INFO  pipeline.PipelineStateManagerImpl (PipelineStateManagerImpl.java:addPipeline(101)) - Created pipeline Pipeline[ Id: 85deabe5-ad07-422e-babd-a4d2df4c4470, Nodes: 9ca66d1e-a818-43c9-bf62-5187506efa35{ip: 127.0.0.1, host: localhost, ports: [REPLICATION=37635, RATIS=42475, RATIS_ADMIN=42475, RATIS_SERVER=42475, STANDALONE=35603], networkLocation: /default-rack, certSerialId: null, persistedOpState: IN_SERVICE, persistedOpStateExpiryEpochSec: 0}cd4304a5-ad25-4184-aa9b-9d5680dbb42f{ip: 127.0.0.1, host: localhost, ports: [REPLICATION=36991, RATIS=44433, RATIS_ADMIN=44433, RATIS_SERVER=44433, STANDALONE=35009], networkLocation: /default-rack, certSerialId: null, persistedOpState: IN_SERVICE, persistedOpStateExpiryEpochSec: 0}4b3c65cf-387e-4213-93df-57198a9c946a{ip: 127.0.0.1, host: localhost, ports: [REPLICATION=44073, RATIS=38165, RATIS_ADMIN=38165, RATIS_SERVER=38165, STANDALONE=45653], networkLocation: /default-rack, certSerialId: null, persistedOpState: IN_SERVICE, persistedOpStateExpiryEpochSec: 0}, ReplicationConfig: RATIS/THREE, State:ALLOCATED, leaderId:, CreationTimestamp2022-01-10T13:24:00.069Z[Etc/UTC]].
2022-01-10 13:24:00,093 [7fcd8313-8ccc-4d12-b0b9-018c7cf319d8@group-74F7029FD382-StateMachineUpdater] INFO  safemode.HealthyPipelineSafeModeRule (HealthyPipelineSafeModeRule.java:initializeRule(152)) - Refreshed total pipeline count is 0, healthy pipeline threshold count is 1
2022-01-10 13:24:00,093 [RatisPipelineUtilsThread - 0] INFO  ha.SCMHAInvocationHandler (SCMHAInvocationHandler.java:invokeRatis(113)) - Invoking method public abstract void org.apache.hadoop.hdds.scm.pipeline.PipelineStateManager.addPipeline(org.apache.hadoop.hdds.protocol.proto.HddsProtos$Pipeline) throws java.io.IOException on target org.apache.hadoop.hdds.scm.ha.SCMRatisServerImpl@716fa625, cost 23713.286us
2022-01-10 13:24:00,093 [7fcd8313-8ccc-4d12-b0b9-018c7cf319d8@group-74F7029FD382-StateMachineUpdater] INFO  ha.SCMStateMachine (SCMStateMachine.java:takeSnapshot(297)) - Current Snapshot Index 15, takeSnapshot took 0 ms
2022-01-10 13:24:00,097 [7fcd8313-8ccc-4d12-b0b9-018c7cf319d8@group-74F7029FD382-StateMachineUpdater] INFO  impl.StateMachineUpdater (StateMachineUpdater.java:takeSnapshot(281)) - 7fcd8313-8ccc-4d12-b0b9-018c7cf319d8@group-74F7029FD382-StateMachineUpdater: Took a snapshot at index 15
2022-01-10 13:24:00,097 [7fcd8313-8ccc-4d12-b0b9-018c7cf319d8@group-74F7029FD382-StateMachineUpdater] INFO  impl.StateMachineUpdater (StateMachineUpdater.java:lambda$new$0(89)) - 7fcd8313-8ccc-4d12-b0b9-018c7cf319d8@group-74F7029FD382-StateMachineUpdater: snapshotIndex: updateIncreasingly 10 -> 15
2022-01-10 13:24:00,097 [7fcd8313-8ccc-4d12-b0b9-018c7cf319d8@group-74F7029FD382-StateMachineUpdater] INFO  raftlog.RaftLog (RaftLogBase.java:purge(306)) - 7fcd8313-8ccc-4d12-b0b9-018c7cf319d8@group-74F7029FD382-SegmentedRaftLog: purge 15
2022-01-10 13:24:00,097 [7fcd8313-8ccc-4d12-b0b9-018c7cf319d8@group-74F7029FD382-StateMachineUpdater] INFO  raftlog.RaftLog (RaftLogBase.java:lambda$new$0(53)) - 7fcd8313-8ccc-4d12-b0b9-018c7cf319d8@group-74F7029FD382-SegmentedRaftLog: snapshotIndex: updateIncreasingly 10 -> 15
2022-01-10 13:24:00,097 [7fcd8313-8ccc-4d12-b0b9-018c7cf319d8@group-74F7029FD382-StateMachineUpdater] INFO  raftlog.RaftLog (RaftLogBase.java:lambda$new$0(53)) - 7fcd8313-8ccc-4d12-b0b9-018c7cf319d8@group-74F7029FD382-SegmentedRaftLog: purgeIndex: updateToMax old=10, new=15, updated? true
2022-01-10 13:24:00,098 [RatisPipelineUtilsThread - 0] INFO  pipeline.PipelineManagerImpl (PipelineManagerImpl.java:recordMetricsForPipeline(639)) - Pipeline: PipelineID=85deabe5-ad07-422e-babd-a4d2df4c4470 contains same datanodes as previous pipelines: PipelineID=55485618-4610-47ca-b09d-e5a0c3de471e nodeIds: 9ca66d1e-a818-43c9-bf62-5187506efa35, cd4304a5-ad25-4184-aa9b-9d5680dbb42f, 4b3c65cf-387e-4213-93df-57198a9c946a
2022-01-10 13:24:00,102 [494c7a1b-9442-431c-b450-0b8d0617d867@group-74F7029FD382-StateMachineUpdater] INFO  pipeline.PipelineStateManagerImpl (PipelineStateManagerImpl.java:addPipeline(101)) - Created pipeline Pipeline[ Id: 85deabe5-ad07-422e-babd-a4d2df4c4470, Nodes: 9ca66d1e-a818-43c9-bf62-5187506efa35{ip: 127.0.0.1, host: localhost, ports: [REPLICATION=37635, RATIS=42475, RATIS_ADMIN=42475, RATIS_SERVER=42475, STANDALONE=35603], networkLocation: /default-rack, certSerialId: null, persistedOpState: IN_SERVICE, persistedOpStateExpiryEpochSec: 0}cd4304a5-ad25-4184-aa9b-9d5680dbb42f{ip: 127.0.0.1, host: localhost, ports: [REPLICATION=36991, RATIS=44433, RATIS_ADMIN=44433, RATIS_SERVER=44433, STANDALONE=35009], networkLocation: /default-rack, certSerialId: null, persistedOpState: IN_SERVICE, persistedOpStateExpiryEpochSec: 0}4b3c65cf-387e-4213-93df-57198a9c946a{ip: 127.0.0.1, host: localhost, ports: [REPLICATION=44073, RATIS=38165, RATIS_ADMIN=38165, RATIS_SERVER=38165, STANDALONE=45653], networkLocation: /default-rack, certSerialId: null, persistedOpState: IN_SERVICE, persistedOpStateExpiryEpochSec: 0}, ReplicationConfig: RATIS/THREE, State:ALLOCATED, leaderId:, CreationTimestamp2022-01-10T13:24:00.069Z[Etc/UTC]].
2022-01-10 13:24:00,102 [494c7a1b-9442-431c-b450-0b8d0617d867@group-74F7029FD382-StateMachineUpdater] INFO  safemode.HealthyPipelineSafeModeRule (HealthyPipelineSafeModeRule.java:initializeRule(152)) - Refreshed total pipeline count is 0, healthy pipeline threshold count is 1
2022-01-10 13:24:00,580 [EndpointStateMachine task thread for /127.0.0.1:14619 - 0 ] INFO  ipc.Client (Client.java:handleConnectionFailure(977)) - Retrying connect to server: localhost/127.0.0.1:14619. Already tried 12 time(s); retry policy is RetryUpToMaximumCountWithFixedSleep(maxRetries=15, sleepTime=1000 MILLISECONDS)
2022-01-10 13:24:00,582 [EndpointStateMachine task thread for /127.0.0.1:14609 - 0 ] INFO  ipc.Client (Client.java:handleConnectionFailure(977)) - Retrying connect to server: localhost/127.0.0.1:14609. Already tried 0 time(s); retry policy is RetryUpToMaximumCountWithFixedSleep(maxRetries=15, sleepTime=1000 MILLISECONDS)
2022-01-10 13:24:00,609 [EndpointStateMachine task thread for /127.0.0.1:14629 - 0 ] INFO  ipc.Client (Client.java:handleConnectionFailure(977)) - Retrying connect to server: localhost/127.0.0.1:14629. Already tried 12 time(s); retry policy is RetryUpToMaximumCountWithFixedSleep(maxRetries=15, sleepTime=1000 MILLISECONDS)
2022-01-10 13:24:00,924 [Listener at 127.0.0.1/11264] INFO  ozone.MiniOzoneClusterImpl (MiniOzoneClusterImpl.java:lambda$waitForClusterToBeReady$0(235)) - Nodes are ready. Got 3 of 3 DN Heartbeats.
2022-01-10 13:24:00,925 [Listener at 127.0.0.1/11264] INFO  ozone.MiniOzoneClusterImpl (MiniOzoneClusterImpl.java:lambda$waitForClusterToBeReady$0(238)) - Waiting for cluster to exit safe mode
2022-01-10 13:24:00,925 [Listener at 127.0.0.1/11264] INFO  ozone.MiniOzoneClusterImpl (MiniOzoneClusterImpl.java:lambda$waitForClusterToBeReady$0(240)) - SCM became leader
2022-01-10 13:24:01,412 [Datanode State Machine Daemon Thread] ERROR datanode.RunningDatanodeState (RunningDatanodeState.java:computeNextContainerState(199)) - Error in executing end point task.
java.util.concurrent.ExecutionException: java.util.concurrent.TimeoutException
	at java.util.concurrent.FutureTask.report(FutureTask.java:122)
	at java.util.concurrent.FutureTask.get(FutureTask.java:192)
	at org.apache.hadoop.ozone.container.common.states.datanode.RunningDatanodeState.computeNextContainerState(RunningDatanodeState.java:191)
	at org.apache.hadoop.ozone.container.common.states.datanode.RunningDatanodeState.await(RunningDatanodeState.java:231)
	at org.apache.hadoop.ozone.container.common.states.datanode.RunningDatanodeState.await(RunningDatanodeState.java:50)
	at org.apache.hadoop.ozone.container.common.statemachine.StateContext.execute(StateContext.java:633)
	at org.apache.hadoop.ozone.container.common.statemachine.DatanodeStateMachine.start(DatanodeStateMachine.java:280)
	at org.apache.hadoop.ozone.container.common.statemachine.DatanodeStateMachine.lambda$startDaemon$0(DatanodeStateMachine.java:468)
	at java.lang.Thread.run(Thread.java:748)
Caused by: java.util.concurrent.TimeoutException
	at java.util.concurrent.FutureTask.get(FutureTask.java:205)
	at org.apache.hadoop.ozone.container.common.states.datanode.RunningDatanodeState.lambda$execute$0(RunningDatanodeState.java:149)
	at java.util.concurrent.FutureTask.run(FutureTask.java:266)
	at java.util.concurrent.Executors$RunnableAdapter.call(Executors.java:511)
	at java.util.concurrent.FutureTask.run(FutureTask.java:266)
	at java.util.concurrent.ThreadPoolExecutor.runWorker(ThreadPoolExecutor.java:1149)
	at java.util.concurrent.ThreadPoolExecutor$Worker.run(ThreadPoolExecutor.java:624)
	... 1 more
2022-01-10 13:24:01,582 [EndpointStateMachine task thread for /127.0.0.1:14619 - 0 ] INFO  ipc.Client (Client.java:handleConnectionFailure(977)) - Retrying connect to server: localhost/127.0.0.1:14619. Already tried 13 time(s); retry policy is RetryUpToMaximumCountWithFixedSleep(maxRetries=15, sleepTime=1000 MILLISECONDS)
2022-01-10 13:24:01,583 [EndpointStateMachine task thread for /127.0.0.1:14609 - 0 ] INFO  ipc.Client (Client.java:handleConnectionFailure(977)) - Retrying connect to server: localhost/127.0.0.1:14609. Already tried 1 time(s); retry policy is RetryUpToMaximumCountWithFixedSleep(maxRetries=15, sleepTime=1000 MILLISECONDS)
2022-01-10 13:24:01,610 [EndpointStateMachine task thread for /127.0.0.1:14629 - 0 ] INFO  ipc.Client (Client.java:handleConnectionFailure(977)) - Retrying connect to server: localhost/127.0.0.1:14629. Already tried 13 time(s); retry policy is RetryUpToMaximumCountWithFixedSleep(maxRetries=15, sleepTime=1000 MILLISECONDS)
2022-01-10 13:24:01,925 [Listener at 127.0.0.1/11264] INFO  ozone.MiniOzoneClusterImpl (MiniOzoneClusterImpl.java:lambda$waitForClusterToBeReady$0(235)) - Nodes are ready. Got 3 of 3 DN Heartbeats.
2022-01-10 13:24:01,925 [Listener at 127.0.0.1/11264] INFO  ozone.MiniOzoneClusterImpl (MiniOzoneClusterImpl.java:lambda$waitForClusterToBeReady$0(238)) - Waiting for cluster to exit safe mode
2022-01-10 13:24:01,925 [Listener at 127.0.0.1/11264] INFO  ozone.MiniOzoneClusterImpl (MiniOzoneClusterImpl.java:lambda$waitForClusterToBeReady$0(240)) - SCM became leader
2022-01-10 13:24:02,119 [Command processor thread] INFO  server.RaftServer (RaftServerProxy.java:addNew(95)) - 4b3c65cf-387e-4213-93df-57198a9c946a: addNew group-80B97FC4288A:[4b3c65cf-387e-4213-93df-57198a9c946a|rpc:127.0.0.1:38165|priority:1] returns group-80B97FC4288A:java.util.concurrent.CompletableFuture@50ab897[Not completed]
2022-01-10 13:24:02,121 [pool-300-thread-1] INFO  server.RaftServer$Division (RaftServerImpl.java:<init>(184)) - 4b3c65cf-387e-4213-93df-57198a9c946a: new RaftServerImpl for group-80B97FC4288A:[4b3c65cf-387e-4213-93df-57198a9c946a|rpc:127.0.0.1:38165|priority:1] with ContainerStateMachine:uninitialized
2022-01-10 13:24:02,124 [pool-300-thread-1] INFO  server.RaftServerConfigKeys (ConfUtils.java:logGet(44)) - raft.server.rpc.timeout.min = 5s (custom)
2022-01-10 13:24:02,125 [pool-300-thread-1] INFO  server.RaftServerConfigKeys (ConfUtils.java:logGet(44)) - raft.server.rpc.timeout.max = 5200ms (custom)
2022-01-10 13:24:02,125 [pool-300-thread-1] INFO  server.RaftServerConfigKeys (ConfUtils.java:logGet(44)) - raft.server.rpc.sleep.time = 25ms (default)
2022-01-10 13:24:02,125 [pool-300-thread-1] INFO  server.RaftServerConfigKeys (ConfUtils.java:logGet(44)) - raft.server.rpc.slowness.timeout = 300s (custom)
2022-01-10 13:24:02,125 [pool-300-thread-1] INFO  server.RaftServerConfigKeys (ConfUtils.java:logGet(44)) - raft.server.leaderelection.leader.step-down.wait-time = 10s (default)
2022-01-10 13:24:02,125 [pool-300-thread-1] INFO  server.RaftServerConfigKeys (ConfUtils.java:logGet(44)) - raft.server.sleep.deviation.threshold = 300ms (default)
2022-01-10 13:24:02,125 [pool-300-thread-1] INFO  server.RaftServerConfigKeys (ConfUtils.java:logGet(44)) - raft.server.log.appender.install.snapshot.enabled = false (custom)
2022-01-10 13:24:02,125 [pool-300-thread-1] INFO  server.RaftServer$Division (ServerState.java:<init>(105)) - 4b3c65cf-387e-4213-93df-57198a9c946a@group-80B97FC4288A: ConfigurationManager, init=-1: [4b3c65cf-387e-4213-93df-57198a9c946a|rpc:127.0.0.1:38165|priority:1], old=null, confs=<EMPTY_MAP>
2022-01-10 13:24:02,125 [pool-300-thread-1] INFO  server.RaftServerConfigKeys (ConfUtils.java:logGet(44)) - raft.server.storage.dir = [/home/runner/work/ozone/ozone/hadoop-ozone/integration-test/target/test-dir/MiniOzoneClusterImpl-4961146f-9f28-4cba-af76-74f7029fd382/datanode-0/data/ratis] (custom)
2022-01-10 13:24:02,125 [pool-300-thread-1] INFO  server.RaftServerConfigKeys (ConfUtils.java:logGet(44)) - raft.server.log.corruption.policy = EXCEPTION (default)
2022-01-10 13:24:02,125 [pool-300-thread-1] INFO  server.RaftServerConfigKeys (ConfUtils.java:logGet(44)) - raft.server.storage.free-space.min = 0MB (=0) (default)
2022-01-10 13:24:02,125 [pool-300-thread-1] INFO  storage.RaftStorageDirectory (RaftStorageDirectoryImpl.java:analyzeStorage(135)) - The storage directory /home/runner/work/ozone/ozone/hadoop-ozone/integration-test/target/test-dir/MiniOzoneClusterImpl-4961146f-9f28-4cba-af76-74f7029fd382/datanode-0/data/ratis/76d50db2-0651-4aaf-958e-80b97fc4288a does not exist. Creating ...
2022-01-10 13:24:02,127 [pool-300-thread-1] INFO  storage.RaftStorageDirectory (RaftStorageDirectoryImpl.java:tryLock(230)) - Lock on /home/runner/work/ozone/ozone/hadoop-ozone/integration-test/target/test-dir/MiniOzoneClusterImpl-4961146f-9f28-4cba-af76-74f7029fd382/datanode-0/data/ratis/76d50db2-0651-4aaf-958e-80b97fc4288a/in_use.lock acquired by nodename 8207@fv-az12-360
2022-01-10 13:24:02,128 [pool-300-thread-1] INFO  storage.RaftStorage (RaftStorageImpl.java:format(89)) - Storage directory /home/runner/work/ozone/ozone/hadoop-ozone/integration-test/target/test-dir/MiniOzoneClusterImpl-4961146f-9f28-4cba-af76-74f7029fd382/datanode-0/data/ratis/76d50db2-0651-4aaf-958e-80b97fc4288a has been successfully formatted.
2022-01-10 13:24:02,129 [EndpointStateMachine task thread for /127.0.0.1:12897 - 0 ] WARN  statemachine.EndpointStateMachine (EndpointStateMachine.java:logIfNeeded(236)) - Unable to communicate to SCM server at 127.0.0.1:12897 for past 0 seconds.
java.net.SocketTimeoutException: Call From fv-az12-360/10.1.0.41 to localhost:12897 failed on socket timeout exception: java.net.SocketTimeoutException: 5000 millis timeout while waiting for channel to be ready for read. ch : java.nio.channels.SocketChannel[connected local=/127.0.0.1:55808 remote=/127.0.0.1:12897]; For more details see:  http://wiki.apache.org/hadoop/SocketTimeout
	at sun.reflect.NativeConstructorAccessorImpl.newInstance0(Native Method)
	at sun.reflect.NativeConstructorAccessorImpl.newInstance(NativeConstructorAccessorImpl.java:62)
	at sun.reflect.DelegatingConstructorAccessorImpl.newInstance(DelegatingConstructorAccessorImpl.java:45)
	at java.lang.reflect.Constructor.newInstance(Constructor.java:423)
	at org.apache.hadoop.net.NetUtils.wrapWithMessage(NetUtils.java:913)
	at org.apache.hadoop.net.NetUtils.wrapException(NetUtils.java:848)
	at org.apache.hadoop.ipc.Client.getRpcResponse(Client.java:1577)
	at org.apache.hadoop.ipc.Client.call(Client.java:1519)
	at org.apache.hadoop.ipc.Client.call(Client.java:1416)
	at org.apache.hadoop.ipc.ProtobufRpcEngine$Invoker.invoke(ProtobufRpcEngine.java:236)
	at org.apache.hadoop.ipc.ProtobufRpcEngine$Invoker.invoke(ProtobufRpcEngine.java:123)
	at com.sun.proxy.$Proxy48.submitRequest(Unknown Source)
	at org.apache.hadoop.ozone.protocolPB.StorageContainerDatanodeProtocolClientSideTranslatorPB.submitRequest(StorageContainerDatanodeProtocolClientSideTranslatorPB.java:117)
	at org.apache.hadoop.ozone.protocolPB.StorageContainerDatanodeProtocolClientSideTranslatorPB.getVersion(StorageContainerDatanodeProtocolClientSideTranslatorPB.java:133)
	at org.apache.hadoop.ozone.container.common.states.endpoint.VersionEndpointTask.call(VersionEndpointTask.java:71)
	at org.apache.hadoop.ozone.container.common.states.endpoint.VersionEndpointTask.call(VersionEndpointTask.java:42)
	at java.util.concurrent.FutureTask.run(FutureTask.java:266)
	at java.util.concurrent.ThreadPoolExecutor.runWorker(ThreadPoolExecutor.java:1149)
	at java.util.concurrent.ThreadPoolExecutor$Worker.run(ThreadPoolExecutor.java:624)
	at java.lang.Thread.run(Thread.java:748)
Caused by: java.net.SocketTimeoutException: 5000 millis timeout while waiting for channel to be ready for read. ch : java.nio.channels.SocketChannel[connected local=/127.0.0.1:55808 remote=/127.0.0.1:12897]
	at org.apache.hadoop.net.SocketIOWithTimeout.doIO(SocketIOWithTimeout.java:164)
	at org.apache.hadoop.net.SocketInputStream.read(SocketInputStream.java:161)
	at org.apache.hadoop.net.SocketInputStream.read(SocketInputStream.java:131)
	at java.io.FilterInputStream.read(FilterInputStream.java:133)
	at java.io.BufferedInputStream.fill(BufferedInputStream.java:246)
	at java.io.BufferedInputStream.read(BufferedInputStream.java:265)
	at java.io.FilterInputStream.read(FilterInputStream.java:83)
	at java.io.FilterInputStream.read(FilterInputStream.java:83)
	at org.apache.hadoop.ipc.Client$Connection$PingInputStream.read(Client.java:563)
	at java.io.DataInputStream.readInt(DataInputStream.java:387)
	at org.apache.hadoop.ipc.Client$IpcStreams.readResponse(Client.java:1892)
	at org.apache.hadoop.ipc.Client$Connection.receiveRpcResponse(Client.java:1202)
	at org.apache.hadoop.ipc.Client$Connection.run(Client.java:1098)
2022-01-10 13:24:02,130 [EventQueue-PipelineReportForPipelineReportHandler] INFO  pipeline.PipelineManagerImpl (PipelineManagerImpl.java:openPipeline(291)) - Pipeline Pipeline[ Id: 76d50db2-0651-4aaf-958e-80b97fc4288a, Nodes: 4b3c65cf-387e-4213-93df-57198a9c946a{ip: 127.0.0.1, host: localhost, ports: [REPLICATION=44073, RATIS=38165, RATIS_ADMIN=38165, RATIS_SERVER=38165, STANDALONE=45653], networkLocation: /default-rack, certSerialId: null, persistedOpState: IN_SERVICE, persistedOpStateExpiryEpochSec: 0}, ReplicationConfig: RATIS/ONE, State:ALLOCATED, leaderId:4b3c65cf-387e-4213-93df-57198a9c946a, CreationTimestamp2022-01-10T13:23:59.120Z[Etc/UTC]] moved to OPEN state
2022-01-10 13:24:02,129 [EndpointStateMachine task thread for /127.0.0.1:12897 - 0 ] WARN  statemachine.EndpointStateMachine (EndpointStateMachine.java:logIfNeeded(236)) - Unable to communicate to SCM server at localhost:12897 for past 0 seconds.
java.net.SocketTimeoutException: Call From fv-az12-360/10.1.0.41 to localhost:12897 failed on socket timeout exception: java.net.SocketTimeoutException: 5000 millis timeout while waiting for channel to be ready for read. ch : java.nio.channels.SocketChannel[connected local=/127.0.0.1:55808 remote=/127.0.0.1:12897]; For more details see:  http://wiki.apache.org/hadoop/SocketTimeout
	at sun.reflect.NativeConstructorAccessorImpl.newInstance0(Native Method)
	at sun.reflect.NativeConstructorAccessorImpl.newInstance(NativeConstructorAccessorImpl.java:62)
	at sun.reflect.DelegatingConstructorAccessorImpl.newInstance(DelegatingConstructorAccessorImpl.java:45)
	at java.lang.reflect.Constructor.newInstance(Constructor.java:423)
	at org.apache.hadoop.net.NetUtils.wrapWithMessage(NetUtils.java:913)
	at org.apache.hadoop.net.NetUtils.wrapException(NetUtils.java:848)
	at org.apache.hadoop.ipc.Client.getRpcResponse(Client.java:1577)
	at org.apache.hadoop.ipc.Client.call(Client.java:1519)
	at org.apache.hadoop.ipc.Client.call(Client.java:1416)
	at org.apache.hadoop.ipc.ProtobufRpcEngine$Invoker.invoke(ProtobufRpcEngine.java:236)
	at org.apache.hadoop.ipc.ProtobufRpcEngine$Invoker.invoke(ProtobufRpcEngine.java:123)
	at com.sun.proxy.$Proxy48.submitRequest(Unknown Source)
	at org.apache.hadoop.ozone.protocolPB.StorageContainerDatanodeProtocolClientSideTranslatorPB.submitRequest(StorageContainerDatanodeProtocolClientSideTranslatorPB.java:117)
	at org.apache.hadoop.ozone.protocolPB.StorageContainerDatanodeProtocolClientSideTranslatorPB.getVersion(StorageContainerDatanodeProtocolClientSideTranslatorPB.java:133)
	at org.apache.hadoop.ozone.container.common.states.endpoint.VersionEndpointTask.call(VersionEndpointTask.java:71)
	at org.apache.hadoop.ozone.container.common.states.endpoint.VersionEndpointTask.call(VersionEndpointTask.java:42)
	at java.util.concurrent.FutureTask.run(FutureTask.java:266)
	at java.util.concurrent.ThreadPoolExecutor.runWorker(ThreadPoolExecutor.java:1149)
	at java.util.concurrent.ThreadPoolExecutor$Worker.run(ThreadPoolExecutor.java:624)
	at java.lang.Thread.run(Thread.java:748)
Caused by: java.net.SocketTimeoutException: 5000 millis timeout while waiting for channel to be ready for read. ch : java.nio.channels.SocketChannel[connected local=/127.0.0.1:55808 remote=/127.0.0.1:12897]
	at org.apache.hadoop.net.SocketIOWithTimeout.doIO(SocketIOWithTimeout.java:164)
	at org.apache.hadoop.net.SocketInputStream.read(SocketInputStream.java:161)
	at org.apache.hadoop.net.SocketInputStream.read(SocketInputStream.java:131)
	at java.io.FilterInputStream.read(FilterInputStream.java:133)
	at java.io.BufferedInputStream.fill(BufferedInputStream.java:246)
	at java.io.BufferedInputStream.read(BufferedInputStream.java:265)
	at java.io.FilterInputStream.read(FilterInputStream.java:83)
	at java.io.FilterInputStream.read(FilterInputStream.java:83)
	at org.apache.hadoop.ipc.Client$Connection$PingInputStream.read(Client.java:563)
	at java.io.DataInputStream.readInt(DataInputStream.java:387)
	at org.apache.hadoop.ipc.Client$IpcStreams.readResponse(Client.java:1892)
	at org.apache.hadoop.ipc.Client$Connection.receiveRpcResponse(Client.java:1202)
	at org.apache.hadoop.ipc.Client$Connection.run(Client.java:1098)
2022-01-10 13:24:02,129 [EndpointStateMachine task thread for /127.0.0.1:12897 - 0 ] WARN  statemachine.EndpointStateMachine (EndpointStateMachine.java:logIfNeeded(236)) - Unable to communicate to SCM server at 127.0.0.1:12897 for past 0 seconds.
java.net.SocketTimeoutException: Call From fv-az12-360/10.1.0.41 to localhost:12897 failed on socket timeout exception: java.net.SocketTimeoutException: 5000 millis timeout while waiting for channel to be ready for read. ch : java.nio.channels.SocketChannel[connected local=/127.0.0.1:55808 remote=/127.0.0.1:12897]; For more details see:  http://wiki.apache.org/hadoop/SocketTimeout
	at sun.reflect.NativeConstructorAccessorImpl.newInstance0(Native Method)
	at sun.reflect.NativeConstructorAccessorImpl.newInstance(NativeConstructorAccessorImpl.java:62)
	at sun.reflect.DelegatingConstructorAccessorImpl.newInstance(DelegatingConstructorAccessorImpl.java:45)
	at java.lang.reflect.Constructor.newInstance(Constructor.java:423)
	at org.apache.hadoop.net.NetUtils.wrapWithMessage(NetUtils.java:913)
	at org.apache.hadoop.net.NetUtils.wrapException(NetUtils.java:848)
	at org.apache.hadoop.ipc.Client.getRpcResponse(Client.java:1577)
	at org.apache.hadoop.ipc.Client.call(Client.java:1519)
	at org.apache.hadoop.ipc.Client.call(Client.java:1416)
	at org.apache.hadoop.ipc.ProtobufRpcEngine$Invoker.invoke(ProtobufRpcEngine.java:236)
	at org.apache.hadoop.ipc.ProtobufRpcEngine$Invoker.invoke(ProtobufRpcEngine.java:123)
	at com.sun.proxy.$Proxy48.submitRequest(Unknown Source)
	at org.apache.hadoop.ozone.protocolPB.StorageContainerDatanodeProtocolClientSideTranslatorPB.submitRequest(StorageContainerDatanodeProtocolClientSideTranslatorPB.java:117)
	at org.apache.hadoop.ozone.protocolPB.StorageContainerDatanodeProtocolClientSideTranslatorPB.getVersion(StorageContainerDatanodeProtocolClientSideTranslatorPB.java:133)
	at org.apache.hadoop.ozone.container.common.states.endpoint.VersionEndpointTask.call(VersionEndpointTask.java:71)
	at org.apache.hadoop.ozone.container.common.states.endpoint.VersionEndpointTask.call(VersionEndpointTask.java:42)
	at java.util.concurrent.FutureTask.run(FutureTask.java:266)
	at java.util.concurrent.ThreadPoolExecutor.runWorker(ThreadPoolExecutor.java:1149)
	at java.util.concurrent.ThreadPoolExecutor$Worker.run(ThreadPoolExecutor.java:624)
	at java.lang.Thread.run(Thread.java:748)
Caused by: java.net.SocketTimeoutException: 5000 millis timeout while waiting for channel to be ready for read. ch : java.nio.channels.SocketChannel[connected local=/127.0.0.1:55808 remote=/127.0.0.1:12897]
	at org.apache.hadoop.net.SocketIOWithTimeout.doIO(SocketIOWithTimeout.java:164)
	at org.apache.hadoop.net.SocketInputStream.read(SocketInputStream.java:161)
	at org.apache.hadoop.net.SocketInputStream.read(SocketInputStream.java:131)
	at java.io.FilterInputStream.read(FilterInputStream.java:133)
	at java.io.BufferedInputStream.fill(BufferedInputStream.java:246)
	at java.io.BufferedInputStream.read(BufferedInputStream.java:265)
	at java.io.FilterInputStream.read(FilterInputStream.java:83)
	at java.io.FilterInputStream.read(FilterInputStream.java:83)
	at org.apache.hadoop.ipc.Client$Connection$PingInputStream.read(Client.java:563)
	at java.io.DataInputStream.readInt(DataInputStream.java:387)
	at org.apache.hadoop.ipc.Client$IpcStreams.readResponse(Client.java:1892)
	at org.apache.hadoop.ipc.Client$Connection.receiveRpcResponse(Client.java:1202)
	at org.apache.hadoop.ipc.Client$Connection.run(Client.java:1098)
2022-01-10 13:24:02,146 [EventQueue-PipelineReportForPipelineReportHandler] INFO  pipeline.PipelineManagerImpl (PipelineManagerImpl.java:openPipeline(291)) - Pipeline Pipeline[ Id: 76d50db2-0651-4aaf-958e-80b97fc4288a, Nodes: 4b3c65cf-387e-4213-93df-57198a9c946a{ip: 127.0.0.1, host: localhost, ports: [REPLICATION=44073, RATIS=38165, RATIS_ADMIN=38165, RATIS_SERVER=38165, STANDALONE=45653], networkLocation: /default-rack, certSerialId: null, persistedOpState: IN_SERVICE, persistedOpStateExpiryEpochSec: 0}, ReplicationConfig: RATIS/ONE, State:ALLOCATED, leaderId:4b3c65cf-387e-4213-93df-57198a9c946a, CreationTimestamp2022-01-10T13:23:59.120Z[Etc/UTC]] moved to OPEN state
2022-01-10 13:24:02,146 [pool-300-thread-1] INFO  ratis.ContainerStateMachine (ContainerStateMachine.java:loadSnapshot(231)) - group-80B97FC4288A: The snapshot info is null. Setting the last applied indexto:(t:0, i:~)
2022-01-10 13:24:02,155 [pool-300-thread-1] INFO  server.RaftServerConfigKeys (ConfUtils.java:logGet(44)) - raft.server.notification.no-leader.timeout = 300s (custom)
2022-01-10 13:24:02,155 [pool-300-thread-1] INFO  server.RaftServerConfigKeys (ConfUtils.java:logGet(44)) - raft.server.log.use.memory = false (default)
2022-01-10 13:24:02,155 [pool-300-thread-1] INFO  server.RaftServerConfigKeys (ConfUtils.java:logGet(44)) - raft.server.log.purge.gap = 1000000 (custom)
2022-01-10 13:24:02,155 [pool-300-thread-1] INFO  server.RaftServerConfigKeys (ConfUtils.java:logGet(44)) - raft.server.log.appender.buffer.byte-limit = 33554432 (custom)
2022-01-10 13:24:02,156 [pool-300-thread-1] INFO  server.RaftServerConfigKeys (ConfUtils.java:logGet(44)) - raft.server.log.segment.size.max = 1048576 (custom)
2022-01-10 13:24:02,156 [pool-300-thread-1] INFO  server.RaftServerConfigKeys (ConfUtils.java:logGet(44)) - raft.server.log.segment.cache.num.max = 2 (custom)
2022-01-10 13:24:02,156 [pool-300-thread-1] INFO  server.RaftServerConfigKeys (ConfUtils.java:logGet(44)) - raft.server.log.segment.cache.size.max = 200MB (=209715200) (default)
2022-01-10 13:24:02,156 [pool-300-thread-1] INFO  segmented.SegmentedRaftLogWorker (SegmentedRaftLogWorker.java:<init>(182)) - new 4b3c65cf-387e-4213-93df-57198a9c946a@group-80B97FC4288A-SegmentedRaftLogWorker for RaftStorageImpl:Storage Directory /home/runner/work/ozone/ozone/hadoop-ozone/integration-test/target/test-dir/MiniOzoneClusterImpl-4961146f-9f28-4cba-af76-74f7029fd382/datanode-0/data/ratis/76d50db2-0651-4aaf-958e-80b97fc4288a
2022-01-10 13:24:02,156 [pool-300-thread-1] INFO  server.RaftServerConfigKeys (ConfUtils.java:logGet(44)) - raft.server.log.queue.byte-limit = 2147483647 (custom)
2022-01-10 13:24:02,156 [pool-300-thread-1] INFO  server.RaftServerConfigKeys (ConfUtils.java:logGet(44)) - raft.server.log.queue.element-limit = 1024 (custom)
2022-01-10 13:24:02,156 [pool-300-thread-1] INFO  server.RaftServerConfigKeys (ConfUtils.java:logGet(44)) - raft.server.log.segment.size.max = 1048576 (custom)
2022-01-10 13:24:02,157 [pool-300-thread-1] INFO  server.RaftServerConfigKeys (ConfUtils.java:logGet(44)) - raft.server.log.preallocated.size = 16384 (custom)
2022-01-10 13:24:02,157 [pool-300-thread-1] INFO  server.RaftServerConfigKeys (ConfUtils.java:logGet(44)) - raft.server.log.force.sync.num = 128 (default)
2022-01-10 13:24:02,157 [pool-300-thread-1] INFO  server.RaftServerConfigKeys (ConfUtils.java:logGet(44)) - raft.server.log.statemachine.data.sync = true (default)
2022-01-10 13:24:02,157 [pool-300-thread-1] INFO  server.RaftServerConfigKeys (ConfUtils.java:logGet(44)) - raft.server.log.statemachine.data.sync.timeout = 10s (default)
2022-01-10 13:24:02,157 [pool-300-thread-1] INFO  server.RaftServerConfigKeys (ConfUtils.java:logGet(44)) - raft.server.log.statemachine.data.sync.timeout.retry = -1 (default)
2022-01-10 13:24:02,158 [pool-300-thread-1] INFO  server.RaftServerConfigKeys (ConfUtils.java:logGet(44)) - raft.server.log.write.buffer.size = 1048576 (custom)
2022-01-10 13:24:02,158 [pool-300-thread-1] INFO  server.RaftServerConfigKeys (ConfUtils.java:logGet(44)) - raft.server.log.statemachine.data.caching.enabled = true (custom)
2022-01-10 13:24:02,158 [pool-300-thread-1] INFO  segmented.SegmentedRaftLogWorker (SegmentedRaftLogWorker.java:lambda$new$0(133)) - 4b3c65cf-387e-4213-93df-57198a9c946a@group-80B97FC4288A-SegmentedRaftLogWorker: flushIndex: setUnconditionally 0 -> -1
2022-01-10 13:24:02,158 [pool-300-thread-1] INFO  segmented.SegmentedRaftLogWorker (SegmentedRaftLogWorker.java:lambda$new$0(133)) - 4b3c65cf-387e-4213-93df-57198a9c946a@group-80B97FC4288A-SegmentedRaftLogWorker: safeCacheEvictIndex: setUnconditionally 0 -> -1
2022-01-10 13:24:02,169 [EventQueue-PipelineReportForPipelineReportHandler] INFO  ha.SCMHAInvocationHandler (SCMHAInvocationHandler.java:invokeRatis(113)) - Invoking method public abstract void org.apache.hadoop.hdds.scm.pipeline.PipelineStateManager.updatePipelineState(org.apache.hadoop.hdds.protocol.proto.HddsProtos$PipelineID,org.apache.hadoop.hdds.protocol.proto.HddsProtos$PipelineState) throws java.io.IOException on target org.apache.hadoop.hdds.scm.ha.SCMRatisServerImpl@4124a273, cost 35346.877us
2022-01-10 13:24:02,177 [pool-300-thread-1] INFO  server.RaftServerConfigKeys (ConfUtils.java:logGet(44)) - raft.server.snapshot.auto.trigger.enabled = true (custom)
2022-01-10 13:24:02,181 [pool-300-thread-1] INFO  server.RaftServerConfigKeys (ConfUtils.java:logGet(44)) - raft.server.snapshot.auto.trigger.threshold = 10000 (custom)
2022-01-10 13:24:02,181 [pool-300-thread-1] INFO  server.RaftServerConfigKeys (ConfUtils.java:logGet(44)) - raft.server.snapshot.retention.file.num = 5 (custom)
2022-01-10 13:24:02,182 [pool-300-thread-1] INFO  server.RaftServerConfigKeys (ConfUtils.java:logGet(44)) - raft.server.log.purge.upto.snapshot.index = false (default)
2022-01-10 13:24:02,182 [pool-300-thread-1] INFO  server.RaftServerConfigKeys (ConfUtils.java:logGet(44)) - raft.server.retrycache.expirytime = 600000ms (custom)
2022-01-10 13:24:02,182 [pool-300-thread-1] INFO  server.RaftServerConfigKeys (ConfUtils.java:logGet(44)) - raft.server.retrycache.statistics.expirytime = 100μs (default)
2022-01-10 13:24:02,183 [pool-300-thread-1] INFO  server.RaftServer$Division (RaftServerImpl.java:start(301)) - 4b3c65cf-387e-4213-93df-57198a9c946a@group-80B97FC4288A: start as a follower, conf=-1: [4b3c65cf-387e-4213-93df-57198a9c946a|rpc:127.0.0.1:38165|priority:1], old=null
2022-01-10 13:24:02,183 [pool-300-thread-1] INFO  server.RaftServer$Division (RaftServerImpl.java:setRole(290)) - 4b3c65cf-387e-4213-93df-57198a9c946a@group-80B97FC4288A: changes role from      null to FOLLOWER at term 0 for startAsFollower
2022-01-10 13:24:02,183 [pool-300-thread-1] INFO  impl.RoleInfo (RoleInfo.java:updateAndGet(130)) - 4b3c65cf-387e-4213-93df-57198a9c946a: start 4b3c65cf-387e-4213-93df-57198a9c946a@group-80B97FC4288A-FollowerState
2022-01-10 13:24:02,183 [pool-300-thread-1] INFO  util.JmxRegister (JmxRegister.java:tryRegister(44)) - Successfully registered JMX Bean with object name Ratis:service=RaftServer,group=group-80B97FC4288A,id=4b3c65cf-387e-4213-93df-57198a9c946a
2022-01-10 13:24:02,188 [Command processor thread] INFO  ratis.XceiverServerRatis (XceiverServerRatis.java:addGroup(768)) - Created group PipelineID=76d50db2-0651-4aaf-958e-80b97fc4288a
2022-01-10 13:24:02,188 [Command processor thread] INFO  commandhandler.CreatePipelineCommandHandler (CreatePipelineCommandHandler.java:handle(106)) - Created Pipeline RATIS ONE PipelineID=76d50db2-0651-4aaf-958e-80b97fc4288a.
2022-01-10 13:24:02,188 [Command processor thread] INFO  server.RaftServer (RaftServerProxy.java:addNew(95)) - 4b3c65cf-387e-4213-93df-57198a9c946a: addNew group-E5A0C3DE471E:[cd4304a5-ad25-4184-aa9b-9d5680dbb42f|rpc:127.0.0.1:44433|priority:0, 9ca66d1e-a818-43c9-bf62-5187506efa35|rpc:127.0.0.1:42475|priority:1, 4b3c65cf-387e-4213-93df-57198a9c946a|rpc:127.0.0.1:38165|priority:0] returns group-E5A0C3DE471E:java.util.concurrent.CompletableFuture@1353cee[Not completed]
2022-01-10 13:24:02,189 [pool-300-thread-1] INFO  server.RaftServer$Division (RaftServerImpl.java:<init>(184)) - 4b3c65cf-387e-4213-93df-57198a9c946a: new RaftServerImpl for group-E5A0C3DE471E:[cd4304a5-ad25-4184-aa9b-9d5680dbb42f|rpc:127.0.0.1:44433|priority:0, 9ca66d1e-a818-43c9-bf62-5187506efa35|rpc:127.0.0.1:42475|priority:1, 4b3c65cf-387e-4213-93df-57198a9c946a|rpc:127.0.0.1:38165|priority:0] with ContainerStateMachine:uninitialized
2022-01-10 13:24:02,189 [pool-300-thread-1] INFO  server.RaftServerConfigKeys (ConfUtils.java:logGet(44)) - raft.server.rpc.timeout.min = 5s (custom)
2022-01-10 13:24:02,189 [pool-300-thread-1] INFO  server.RaftServerConfigKeys (ConfUtils.java:logGet(44)) - raft.server.rpc.timeout.max = 5200ms (custom)
2022-01-10 13:24:02,189 [pool-300-thread-1] INFO  server.RaftServerConfigKeys (ConfUtils.java:logGet(44)) - raft.server.rpc.sleep.time = 25ms (default)
2022-01-10 13:24:02,189 [pool-300-thread-1] INFO  server.RaftServerConfigKeys (ConfUtils.java:logGet(44)) - raft.server.rpc.slowness.timeout = 300s (custom)
2022-01-10 13:24:02,189 [pool-300-thread-1] INFO  server.RaftServerConfigKeys (ConfUtils.java:logGet(44)) - raft.server.leaderelection.leader.step-down.wait-time = 10s (default)
2022-01-10 13:24:02,189 [pool-300-thread-1] INFO  server.RaftServerConfigKeys (ConfUtils.java:logGet(44)) - raft.server.sleep.deviation.threshold = 300ms (default)
2022-01-10 13:24:02,189 [pool-300-thread-1] INFO  server.RaftServerConfigKeys (ConfUtils.java:logGet(44)) - raft.server.log.appender.install.snapshot.enabled = false (custom)
2022-01-10 13:24:02,189 [pool-300-thread-1] INFO  server.RaftServer$Division (ServerState.java:<init>(105)) - 4b3c65cf-387e-4213-93df-57198a9c946a@group-E5A0C3DE471E: ConfigurationManager, init=-1: [cd4304a5-ad25-4184-aa9b-9d5680dbb42f|rpc:127.0.0.1:44433|priority:0, 9ca66d1e-a818-43c9-bf62-5187506efa35|rpc:127.0.0.1:42475|priority:1, 4b3c65cf-387e-4213-93df-57198a9c946a|rpc:127.0.0.1:38165|priority:0], old=null, confs=<EMPTY_MAP>
2022-01-10 13:24:02,189 [pool-300-thread-1] INFO  server.RaftServerConfigKeys (ConfUtils.java:logGet(44)) - raft.server.storage.dir = [/home/runner/work/ozone/ozone/hadoop-ozone/integration-test/target/test-dir/MiniOzoneClusterImpl-4961146f-9f28-4cba-af76-74f7029fd382/datanode-0/data/ratis] (custom)
2022-01-10 13:24:02,189 [pool-300-thread-1] INFO  server.RaftServerConfigKeys (ConfUtils.java:logGet(44)) - raft.server.log.corruption.policy = EXCEPTION (default)
2022-01-10 13:24:02,189 [pool-300-thread-1] INFO  server.RaftServerConfigKeys (ConfUtils.java:logGet(44)) - raft.server.storage.free-space.min = 0MB (=0) (default)
2022-01-10 13:24:02,189 [pool-300-thread-1] INFO  storage.RaftStorageDirectory (RaftStorageDirectoryImpl.java:analyzeStorage(135)) - The storage directory /home/runner/work/ozone/ozone/hadoop-ozone/integration-test/target/test-dir/MiniOzoneClusterImpl-4961146f-9f28-4cba-af76-74f7029fd382/datanode-0/data/ratis/55485618-4610-47ca-b09d-e5a0c3de471e does not exist. Creating ...
2022-01-10 13:24:02,192 [pool-300-thread-1] INFO  storage.RaftStorageDirectory (RaftStorageDirectoryImpl.java:tryLock(230)) - Lock on /home/runner/work/ozone/ozone/hadoop-ozone/integration-test/target/test-dir/MiniOzoneClusterImpl-4961146f-9f28-4cba-af76-74f7029fd382/datanode-0/data/ratis/55485618-4610-47ca-b09d-e5a0c3de471e/in_use.lock acquired by nodename 8207@fv-az12-360
2022-01-10 13:24:02,196 [pool-300-thread-1] INFO  storage.RaftStorage (RaftStorageImpl.java:format(89)) - Storage directory /home/runner/work/ozone/ozone/hadoop-ozone/integration-test/target/test-dir/MiniOzoneClusterImpl-4961146f-9f28-4cba-af76-74f7029fd382/datanode-0/data/ratis/55485618-4610-47ca-b09d-e5a0c3de471e has been successfully formatted.
2022-01-10 13:24:02,202 [pool-300-thread-1] INFO  ratis.ContainerStateMachine (ContainerStateMachine.java:loadSnapshot(231)) - group-E5A0C3DE471E: The snapshot info is null. Setting the last applied indexto:(t:0, i:~)
2022-01-10 13:24:02,202 [pool-300-thread-1] INFO  server.RaftServerConfigKeys (ConfUtils.java:logGet(44)) - raft.server.notification.no-leader.timeout = 300s (custom)
2022-01-10 13:24:02,202 [pool-300-thread-1] INFO  server.RaftServerConfigKeys (ConfUtils.java:logGet(44)) - raft.server.log.use.memory = false (default)
2022-01-10 13:24:02,202 [pool-300-thread-1] INFO  server.RaftServerConfigKeys (ConfUtils.java:logGet(44)) - raft.server.log.purge.gap = 1000000 (custom)
2022-01-10 13:24:02,202 [pool-300-thread-1] INFO  server.RaftServerConfigKeys (ConfUtils.java:logGet(44)) - raft.server.log.appender.buffer.byte-limit = 33554432 (custom)
2022-01-10 13:24:02,203 [pool-300-thread-1] INFO  server.RaftServerConfigKeys (ConfUtils.java:logGet(44)) - raft.server.log.segment.size.max = 1048576 (custom)
2022-01-10 13:24:02,203 [pool-300-thread-1] INFO  server.RaftServerConfigKeys (ConfUtils.java:logGet(44)) - raft.server.log.segment.cache.num.max = 2 (custom)
2022-01-10 13:24:02,203 [pool-300-thread-1] INFO  server.RaftServerConfigKeys (ConfUtils.java:logGet(44)) - raft.server.log.segment.cache.size.max = 200MB (=209715200) (default)
2022-01-10 13:24:02,203 [pool-300-thread-1] INFO  segmented.SegmentedRaftLogWorker (SegmentedRaftLogWorker.java:<init>(182)) - new 4b3c65cf-387e-4213-93df-57198a9c946a@group-E5A0C3DE471E-SegmentedRaftLogWorker for RaftStorageImpl:Storage Directory /home/runner/work/ozone/ozone/hadoop-ozone/integration-test/target/test-dir/MiniOzoneClusterImpl-4961146f-9f28-4cba-af76-74f7029fd382/datanode-0/data/ratis/55485618-4610-47ca-b09d-e5a0c3de471e
2022-01-10 13:24:02,203 [pool-300-thread-1] INFO  server.RaftServerConfigKeys (ConfUtils.java:logGet(44)) - raft.server.log.queue.byte-limit = 2147483647 (custom)
2022-01-10 13:24:02,203 [pool-300-thread-1] INFO  server.RaftServerConfigKeys (ConfUtils.java:logGet(44)) - raft.server.log.queue.element-limit = 1024 (custom)
2022-01-10 13:24:02,203 [pool-300-thread-1] INFO  server.RaftServerConfigKeys (ConfUtils.java:logGet(44)) - raft.server.log.segment.size.max = 1048576 (custom)
2022-01-10 13:24:02,203 [pool-300-thread-1] INFO  server.RaftServerConfigKeys (ConfUtils.java:logGet(44)) - raft.server.log.preallocated.size = 16384 (custom)
2022-01-10 13:24:02,203 [pool-300-thread-1] INFO  server.RaftServerConfigKeys (ConfUtils.java:logGet(44)) - raft.server.log.force.sync.num = 128 (default)
2022-01-10 13:24:02,203 [pool-300-thread-1] INFO  server.RaftServerConfigKeys (ConfUtils.java:logGet(44)) - raft.server.log.statemachine.data.sync = true (default)
2022-01-10 13:24:02,203 [pool-300-thread-1] INFO  server.RaftServerConfigKeys (ConfUtils.java:logGet(44)) - raft.server.log.statemachine.data.sync.timeout = 10s (default)
2022-01-10 13:24:02,203 [pool-300-thread-1] INFO  server.RaftServerConfigKeys (ConfUtils.java:logGet(44)) - raft.server.log.statemachine.data.sync.timeout.retry = -1 (default)
2022-01-10 13:24:02,204 [pool-300-thread-1] INFO  server.RaftServerConfigKeys (ConfUtils.java:logGet(44)) - raft.server.log.write.buffer.size = 1048576 (custom)
2022-01-10 13:24:02,206 [pool-300-thread-1] INFO  server.RaftServerConfigKeys (ConfUtils.java:logGet(44)) - raft.server.log.statemachine.data.caching.enabled = true (custom)
2022-01-10 13:24:02,207 [pool-300-thread-1] INFO  segmented.SegmentedRaftLogWorker (SegmentedRaftLogWorker.java:lambda$new$0(133)) - 4b3c65cf-387e-4213-93df-57198a9c946a@group-E5A0C3DE471E-SegmentedRaftLogWorker: flushIndex: setUnconditionally 0 -> -1
2022-01-10 13:24:02,207 [pool-300-thread-1] INFO  segmented.SegmentedRaftLogWorker (SegmentedRaftLogWorker.java:lambda$new$0(133)) - 4b3c65cf-387e-4213-93df-57198a9c946a@group-E5A0C3DE471E-SegmentedRaftLogWorker: safeCacheEvictIndex: setUnconditionally 0 -> -1
2022-01-10 13:24:02,209 [7fcd8313-8ccc-4d12-b0b9-018c7cf319d8@group-74F7029FD382-StateMachineUpdater] INFO  safemode.HealthyPipelineSafeModeRule (HealthyPipelineSafeModeRule.java:initializeRule(152)) - Refreshed total pipeline count is 0, healthy pipeline threshold count is 1
2022-01-10 13:24:02,210 [EventQueue-PipelineReportForPipelineReportHandler] INFO  ha.SCMHAInvocationHandler (SCMHAInvocationHandler.java:invokeRatis(113)) - Invoking method public abstract void org.apache.hadoop.hdds.scm.pipeline.PipelineStateManager.updatePipelineState(org.apache.hadoop.hdds.protocol.proto.HddsProtos$PipelineID,org.apache.hadoop.hdds.protocol.proto.HddsProtos$PipelineState) throws java.io.IOException on target org.apache.hadoop.hdds.scm.ha.SCMRatisServerImpl@716fa625, cost 53477.619us
2022-01-10 13:24:02,220 [pool-300-thread-1] INFO  server.RaftServerConfigKeys (ConfUtils.java:logGet(44)) - raft.server.snapshot.auto.trigger.enabled = true (custom)
2022-01-10 13:24:02,220 [pool-300-thread-1] INFO  server.RaftServerConfigKeys (ConfUtils.java:logGet(44)) - raft.server.snapshot.auto.trigger.threshold = 10000 (custom)
2022-01-10 13:24:02,220 [pool-300-thread-1] INFO  server.RaftServerConfigKeys (ConfUtils.java:logGet(44)) - raft.server.snapshot.retention.file.num = 5 (custom)
2022-01-10 13:24:02,220 [pool-300-thread-1] INFO  server.RaftServerConfigKeys (ConfUtils.java:logGet(44)) - raft.server.log.purge.upto.snapshot.index = false (default)
2022-01-10 13:24:02,220 [pool-300-thread-1] INFO  server.RaftServerConfigKeys (ConfUtils.java:logGet(44)) - raft.server.retrycache.expirytime = 600000ms (custom)
2022-01-10 13:24:02,220 [pool-300-thread-1] INFO  server.RaftServerConfigKeys (ConfUtils.java:logGet(44)) - raft.server.retrycache.statistics.expirytime = 100μs (default)
2022-01-10 13:24:02,221 [pool-300-thread-1] INFO  server.RaftServer$Division (RaftServerImpl.java:start(301)) - 4b3c65cf-387e-4213-93df-57198a9c946a@group-E5A0C3DE471E: start as a follower, conf=-1: [cd4304a5-ad25-4184-aa9b-9d5680dbb42f|rpc:127.0.0.1:44433|priority:0, 9ca66d1e-a818-43c9-bf62-5187506efa35|rpc:127.0.0.1:42475|priority:1, 4b3c65cf-387e-4213-93df-57198a9c946a|rpc:127.0.0.1:38165|priority:0], old=null
2022-01-10 13:24:02,221 [pool-300-thread-1] INFO  server.RaftServer$Division (RaftServerImpl.java:setRole(290)) - 4b3c65cf-387e-4213-93df-57198a9c946a@group-E5A0C3DE471E: changes role from      null to FOLLOWER at term 0 for startAsFollower
2022-01-10 13:24:02,221 [pool-300-thread-1] INFO  impl.RoleInfo (RoleInfo.java:updateAndGet(130)) - 4b3c65cf-387e-4213-93df-57198a9c946a: start 4b3c65cf-387e-4213-93df-57198a9c946a@group-E5A0C3DE471E-FollowerState
2022-01-10 13:24:02,225 [pool-300-thread-1] INFO  util.JmxRegister (JmxRegister.java:tryRegister(44)) - Successfully registered JMX Bean with object name Ratis:service=RaftServer,group=group-E5A0C3DE471E,id=4b3c65cf-387e-4213-93df-57198a9c946a
2022-01-10 13:24:02,242 [494c7a1b-9442-431c-b450-0b8d0617d867@group-74F7029FD382-StateMachineUpdater] INFO  safemode.HealthyPipelineSafeModeRule (HealthyPipelineSafeModeRule.java:initializeRule(152)) - Refreshed total pipeline count is 0, healthy pipeline threshold count is 1
2022-01-10 13:24:02,250 [Command processor thread] INFO  ratis.XceiverServerRatis (XceiverServerRatis.java:addGroup(768)) - Created group PipelineID=55485618-4610-47ca-b09d-e5a0c3de471e
2022-01-10 13:24:02,268 [EventQueue-OpenPipelineForHealthyPipelineSafeModeRule] INFO  safemode.SCMSafeModeManager (HealthyPipelineSafeModeRule.java:process(124)) - SCM in safe mode. Healthy pipelines reported count is 0, required healthy pipeline reported count is 1
2022-01-10 13:24:02,269 [EventQueue-OpenPipelineForHealthyPipelineSafeModeRule] INFO  safemode.SCMSafeModeManager (HealthyPipelineSafeModeRule.java:process(124)) - SCM in safe mode. Healthy pipelines reported count is 0, required healthy pipeline reported count is 1
2022-01-10 13:24:02,269 [EventQueue-OpenPipelineForHealthyPipelineSafeModeRule] INFO  safemode.SCMSafeModeManager (HealthyPipelineSafeModeRule.java:process(124)) - SCM in safe mode. Healthy pipelines reported count is 0, required healthy pipeline reported count is 1
2022-01-10 13:24:02,283 [grpc-default-executor-1] INFO  server.RaftServer (RaftServerProxy.java:addNew(95)) - cd4304a5-ad25-4184-aa9b-9d5680dbb42f: addNew group-E5A0C3DE471E:[cd4304a5-ad25-4184-aa9b-9d5680dbb42f|rpc:127.0.0.1:44433|dataStream:|priority:0, 9ca66d1e-a818-43c9-bf62-5187506efa35|rpc:127.0.0.1:42475|dataStream:|priority:1, 4b3c65cf-387e-4213-93df-57198a9c946a|rpc:127.0.0.1:38165|dataStream:|priority:0] returns group-E5A0C3DE471E:java.util.concurrent.CompletableFuture@3f3b2ef2[Not completed]
2022-01-10 13:24:02,285 [pool-323-thread-1] INFO  server.RaftServer$Division (RaftServerImpl.java:<init>(184)) - cd4304a5-ad25-4184-aa9b-9d5680dbb42f: new RaftServerImpl for group-E5A0C3DE471E:[cd4304a5-ad25-4184-aa9b-9d5680dbb42f|rpc:127.0.0.1:44433|dataStream:|priority:0, 9ca66d1e-a818-43c9-bf62-5187506efa35|rpc:127.0.0.1:42475|dataStream:|priority:1, 4b3c65cf-387e-4213-93df-57198a9c946a|rpc:127.0.0.1:38165|dataStream:|priority:0] with ContainerStateMachine:uninitialized
2022-01-10 13:24:02,285 [pool-323-thread-1] INFO  server.RaftServerConfigKeys (ConfUtils.java:logGet(44)) - raft.server.rpc.timeout.min = 5s (custom)
2022-01-10 13:24:02,285 [pool-323-thread-1] INFO  server.RaftServerConfigKeys (ConfUtils.java:logGet(44)) - raft.server.rpc.timeout.max = 5200ms (custom)
2022-01-10 13:24:02,285 [pool-323-thread-1] INFO  server.RaftServerConfigKeys (ConfUtils.java:logGet(44)) - raft.server.rpc.sleep.time = 25ms (default)
2022-01-10 13:24:02,285 [pool-323-thread-1] INFO  server.RaftServerConfigKeys (ConfUtils.java:logGet(44)) - raft.server.rpc.slowness.timeout = 300s (custom)
2022-01-10 13:24:02,285 [pool-323-thread-1] INFO  server.RaftServerConfigKeys (ConfUtils.java:logGet(44)) - raft.server.leaderelection.leader.step-down.wait-time = 10s (default)
2022-01-10 13:24:02,285 [pool-323-thread-1] INFO  server.RaftServerConfigKeys (ConfUtils.java:logGet(44)) - raft.server.sleep.deviation.threshold = 300ms (default)
2022-01-10 13:24:02,285 [pool-323-thread-1] INFO  server.RaftServerConfigKeys (ConfUtils.java:logGet(44)) - raft.server.log.appender.install.snapshot.enabled = false (custom)
2022-01-10 13:24:02,285 [pool-323-thread-1] INFO  server.RaftServer$Division (ServerState.java:<init>(105)) - cd4304a5-ad25-4184-aa9b-9d5680dbb42f@group-E5A0C3DE471E: ConfigurationManager, init=-1: [cd4304a5-ad25-4184-aa9b-9d5680dbb42f|rpc:127.0.0.1:44433|dataStream:|priority:0, 9ca66d1e-a818-43c9-bf62-5187506efa35|rpc:127.0.0.1:42475|dataStream:|priority:1, 4b3c65cf-387e-4213-93df-57198a9c946a|rpc:127.0.0.1:38165|dataStream:|priority:0], old=null, confs=<EMPTY_MAP>
2022-01-10 13:24:02,285 [pool-323-thread-1] INFO  server.RaftServerConfigKeys (ConfUtils.java:logGet(44)) - raft.server.storage.dir = [/home/runner/work/ozone/ozone/hadoop-ozone/integration-test/target/test-dir/MiniOzoneClusterImpl-4961146f-9f28-4cba-af76-74f7029fd382/datanode-1/data/ratis] (custom)
2022-01-10 13:24:02,289 [pool-323-thread-1] INFO  server.RaftServerConfigKeys (ConfUtils.java:logGet(44)) - raft.server.log.corruption.policy = EXCEPTION (default)
2022-01-10 13:24:02,289 [pool-323-thread-1] INFO  server.RaftServerConfigKeys (ConfUtils.java:logGet(44)) - raft.server.storage.free-space.min = 0MB (=0) (default)
2022-01-10 13:24:02,289 [pool-323-thread-1] INFO  storage.RaftStorageDirectory (RaftStorageDirectoryImpl.java:analyzeStorage(135)) - The storage directory /home/runner/work/ozone/ozone/hadoop-ozone/integration-test/target/test-dir/MiniOzoneClusterImpl-4961146f-9f28-4cba-af76-74f7029fd382/datanode-1/data/ratis/55485618-4610-47ca-b09d-e5a0c3de471e does not exist. Creating ...
2022-01-10 13:24:02,290 [pool-323-thread-1] INFO  storage.RaftStorageDirectory (RaftStorageDirectoryImpl.java:tryLock(230)) - Lock on /home/runner/work/ozone/ozone/hadoop-ozone/integration-test/target/test-dir/MiniOzoneClusterImpl-4961146f-9f28-4cba-af76-74f7029fd382/datanode-1/data/ratis/55485618-4610-47ca-b09d-e5a0c3de471e/in_use.lock acquired by nodename 8207@fv-az12-360
2022-01-10 13:24:02,291 [pool-323-thread-1] INFO  storage.RaftStorage (RaftStorageImpl.java:format(89)) - Storage directory /home/runner/work/ozone/ozone/hadoop-ozone/integration-test/target/test-dir/MiniOzoneClusterImpl-4961146f-9f28-4cba-af76-74f7029fd382/datanode-1/data/ratis/55485618-4610-47ca-b09d-e5a0c3de471e has been successfully formatted.
2022-01-10 13:24:02,293 [pool-323-thread-1] INFO  ratis.ContainerStateMachine (ContainerStateMachine.java:loadSnapshot(231)) - group-E5A0C3DE471E: The snapshot info is null. Setting the last applied indexto:(t:0, i:~)
2022-01-10 13:24:02,294 [pool-323-thread-1] INFO  server.RaftServerConfigKeys (ConfUtils.java:logGet(44)) - raft.server.notification.no-leader.timeout = 300s (custom)
2022-01-10 13:24:02,294 [pool-323-thread-1] INFO  server.RaftServerConfigKeys (ConfUtils.java:logGet(44)) - raft.server.log.use.memory = false (default)
2022-01-10 13:24:02,294 [pool-323-thread-1] INFO  server.RaftServerConfigKeys (ConfUtils.java:logGet(44)) - raft.server.log.purge.gap = 1000000 (custom)
2022-01-10 13:24:02,294 [pool-323-thread-1] INFO  server.RaftServerConfigKeys (ConfUtils.java:logGet(44)) - raft.server.log.appender.buffer.byte-limit = 33554432 (custom)
2022-01-10 13:24:02,294 [pool-323-thread-1] INFO  server.RaftServerConfigKeys (ConfUtils.java:logGet(44)) - raft.server.log.segment.size.max = 1048576 (custom)
2022-01-10 13:24:02,295 [pool-323-thread-1] INFO  server.RaftServerConfigKeys (ConfUtils.java:logGet(44)) - raft.server.log.segment.cache.num.max = 2 (custom)
2022-01-10 13:24:02,295 [pool-323-thread-1] INFO  server.RaftServerConfigKeys (ConfUtils.java:logGet(44)) - raft.server.log.segment.cache.size.max = 200MB (=209715200) (default)
2022-01-10 13:24:02,295 [pool-323-thread-1] INFO  segmented.SegmentedRaftLogWorker (SegmentedRaftLogWorker.java:<init>(182)) - new cd4304a5-ad25-4184-aa9b-9d5680dbb42f@group-E5A0C3DE471E-SegmentedRaftLogWorker for RaftStorageImpl:Storage Directory /home/runner/work/ozone/ozone/hadoop-ozone/integration-test/target/test-dir/MiniOzoneClusterImpl-4961146f-9f28-4cba-af76-74f7029fd382/datanode-1/data/ratis/55485618-4610-47ca-b09d-e5a0c3de471e
2022-01-10 13:24:02,295 [pool-323-thread-1] INFO  server.RaftServerConfigKeys (ConfUtils.java:logGet(44)) - raft.server.log.queue.byte-limit = 2147483647 (custom)
2022-01-10 13:24:02,295 [pool-323-thread-1] INFO  server.RaftServerConfigKeys (ConfUtils.java:logGet(44)) - raft.server.log.queue.element-limit = 1024 (custom)
2022-01-10 13:24:02,295 [pool-323-thread-1] INFO  server.RaftServerConfigKeys (ConfUtils.java:logGet(44)) - raft.server.log.segment.size.max = 1048576 (custom)
2022-01-10 13:24:02,295 [pool-323-thread-1] INFO  server.RaftServerConfigKeys (ConfUtils.java:logGet(44)) - raft.server.log.preallocated.size = 16384 (custom)
2022-01-10 13:24:02,295 [pool-323-thread-1] INFO  server.RaftServerConfigKeys (ConfUtils.java:logGet(44)) - raft.server.log.force.sync.num = 128 (default)
2022-01-10 13:24:02,295 [pool-323-thread-1] INFO  server.RaftServerConfigKeys (ConfUtils.java:logGet(44)) - raft.server.log.statemachine.data.sync = true (default)
2022-01-10 13:24:02,295 [pool-323-thread-1] INFO  server.RaftServerConfigKeys (ConfUtils.java:logGet(44)) - raft.server.log.statemachine.data.sync.timeout = 10s (default)
2022-01-10 13:24:02,295 [pool-323-thread-1] INFO  server.RaftServerConfigKeys (ConfUtils.java:logGet(44)) - raft.server.log.statemachine.data.sync.timeout.retry = -1 (default)
2022-01-10 13:24:02,296 [pool-323-thread-1] INFO  server.RaftServerConfigKeys (ConfUtils.java:logGet(44)) - raft.server.log.write.buffer.size = 1048576 (custom)
2022-01-10 13:24:02,297 [pool-323-thread-1] INFO  server.RaftServerConfigKeys (ConfUtils.java:logGet(44)) - raft.server.log.statemachine.data.caching.enabled = true (custom)
2022-01-10 13:24:02,300 [pool-323-thread-1] INFO  segmented.SegmentedRaftLogWorker (SegmentedRaftLogWorker.java:lambda$new$0(133)) - cd4304a5-ad25-4184-aa9b-9d5680dbb42f@group-E5A0C3DE471E-SegmentedRaftLogWorker: flushIndex: setUnconditionally 0 -> -1
2022-01-10 13:24:02,300 [pool-323-thread-1] INFO  segmented.SegmentedRaftLogWorker (SegmentedRaftLogWorker.java:lambda$new$0(133)) - cd4304a5-ad25-4184-aa9b-9d5680dbb42f@group-E5A0C3DE471E-SegmentedRaftLogWorker: safeCacheEvictIndex: setUnconditionally 0 -> -1
2022-01-10 13:24:02,303 [pool-323-thread-1] INFO  server.RaftServerConfigKeys (ConfUtils.java:logGet(44)) - raft.server.snapshot.auto.trigger.enabled = true (custom)
2022-01-10 13:24:02,303 [pool-323-thread-1] INFO  server.RaftServerConfigKeys (ConfUtils.java:logGet(44)) - raft.server.snapshot.auto.trigger.threshold = 10000 (custom)
2022-01-10 13:24:02,303 [pool-323-thread-1] INFO  server.RaftServerConfigKeys (ConfUtils.java:logGet(44)) - raft.server.snapshot.retention.file.num = 5 (custom)
2022-01-10 13:24:02,303 [pool-323-thread-1] INFO  server.RaftServerConfigKeys (ConfUtils.java:logGet(44)) - raft.server.log.purge.upto.snapshot.index = false (default)
2022-01-10 13:24:02,303 [pool-323-thread-1] INFO  server.RaftServerConfigKeys (ConfUtils.java:logGet(44)) - raft.server.retrycache.expirytime = 600000ms (custom)
2022-01-10 13:24:02,303 [pool-323-thread-1] INFO  server.RaftServerConfigKeys (ConfUtils.java:logGet(44)) - raft.server.retrycache.statistics.expirytime = 100μs (default)
2022-01-10 13:24:02,305 [pool-323-thread-1] INFO  server.RaftServer$Division (RaftServerImpl.java:start(301)) - cd4304a5-ad25-4184-aa9b-9d5680dbb42f@group-E5A0C3DE471E: start as a follower, conf=-1: [cd4304a5-ad25-4184-aa9b-9d5680dbb42f|rpc:127.0.0.1:44433|dataStream:|priority:0, 9ca66d1e-a818-43c9-bf62-5187506efa35|rpc:127.0.0.1:42475|dataStream:|priority:1, 4b3c65cf-387e-4213-93df-57198a9c946a|rpc:127.0.0.1:38165|dataStream:|priority:0], old=null
2022-01-10 13:24:02,305 [pool-323-thread-1] INFO  server.RaftServer$Division (RaftServerImpl.java:setRole(290)) - cd4304a5-ad25-4184-aa9b-9d5680dbb42f@group-E5A0C3DE471E: changes role from      null to FOLLOWER at term 0 for startAsFollower
2022-01-10 13:24:02,305 [pool-323-thread-1] INFO  impl.RoleInfo (RoleInfo.java:updateAndGet(130)) - cd4304a5-ad25-4184-aa9b-9d5680dbb42f: start cd4304a5-ad25-4184-aa9b-9d5680dbb42f@group-E5A0C3DE471E-FollowerState
2022-01-10 13:24:02,321 [pool-323-thread-1] INFO  util.JmxRegister (JmxRegister.java:tryRegister(44)) - Successfully registered JMX Bean with object name Ratis:service=RaftServer,group=group-E5A0C3DE471E,id=cd4304a5-ad25-4184-aa9b-9d5680dbb42f
2022-01-10 13:24:02,378 [grpc-default-executor-1] INFO  server.RaftServer (RaftServerProxy.java:addNew(95)) - 9ca66d1e-a818-43c9-bf62-5187506efa35: addNew group-E5A0C3DE471E:[cd4304a5-ad25-4184-aa9b-9d5680dbb42f|rpc:127.0.0.1:44433|dataStream:|priority:0, 9ca66d1e-a818-43c9-bf62-5187506efa35|rpc:127.0.0.1:42475|dataStream:|priority:1, 4b3c65cf-387e-4213-93df-57198a9c946a|rpc:127.0.0.1:38165|dataStream:|priority:0] returns group-E5A0C3DE471E:java.util.concurrent.CompletableFuture@11f89653[Not completed]
2022-01-10 13:24:02,379 [pool-346-thread-1] INFO  server.RaftServer$Division (RaftServerImpl.java:<init>(184)) - 9ca66d1e-a818-43c9-bf62-5187506efa35: new RaftServerImpl for group-E5A0C3DE471E:[cd4304a5-ad25-4184-aa9b-9d5680dbb42f|rpc:127.0.0.1:44433|dataStream:|priority:0, 9ca66d1e-a818-43c9-bf62-5187506efa35|rpc:127.0.0.1:42475|dataStream:|priority:1, 4b3c65cf-387e-4213-93df-57198a9c946a|rpc:127.0.0.1:38165|dataStream:|priority:0] with ContainerStateMachine:uninitialized
2022-01-10 13:24:02,379 [pool-346-thread-1] INFO  server.RaftServerConfigKeys (ConfUtils.java:logGet(44)) - raft.server.rpc.timeout.min = 5s (custom)
2022-01-10 13:24:02,379 [pool-346-thread-1] INFO  server.RaftServerConfigKeys (ConfUtils.java:logGet(44)) - raft.server.rpc.timeout.max = 5200ms (custom)
2022-01-10 13:24:02,379 [pool-346-thread-1] INFO  server.RaftServerConfigKeys (ConfUtils.java:logGet(44)) - raft.server.rpc.sleep.time = 25ms (default)
2022-01-10 13:24:02,379 [pool-346-thread-1] INFO  server.RaftServerConfigKeys (ConfUtils.java:logGet(44)) - raft.server.rpc.slowness.timeout = 300s (custom)
2022-01-10 13:24:02,379 [pool-346-thread-1] INFO  server.RaftServerConfigKeys (ConfUtils.java:logGet(44)) - raft.server.leaderelection.leader.step-down.wait-time = 10s (default)
2022-01-10 13:24:02,379 [pool-346-thread-1] INFO  server.RaftServerConfigKeys (ConfUtils.java:logGet(44)) - raft.server.sleep.deviation.threshold = 300ms (default)
2022-01-10 13:24:02,379 [pool-346-thread-1] INFO  server.RaftServerConfigKeys (ConfUtils.java:logGet(44)) - raft.server.log.appender.install.snapshot.enabled = false (custom)
2022-01-10 13:24:02,379 [pool-346-thread-1] INFO  server.RaftServer$Division (ServerState.java:<init>(105)) - 9ca66d1e-a818-43c9-bf62-5187506efa35@group-E5A0C3DE471E: ConfigurationManager, init=-1: [cd4304a5-ad25-4184-aa9b-9d5680dbb42f|rpc:127.0.0.1:44433|dataStream:|priority:0, 9ca66d1e-a818-43c9-bf62-5187506efa35|rpc:127.0.0.1:42475|dataStream:|priority:1, 4b3c65cf-387e-4213-93df-57198a9c946a|rpc:127.0.0.1:38165|dataStream:|priority:0], old=null, confs=<EMPTY_MAP>
2022-01-10 13:24:02,379 [pool-346-thread-1] INFO  server.RaftServerConfigKeys (ConfUtils.java:logGet(44)) - raft.server.storage.dir = [/home/runner/work/ozone/ozone/hadoop-ozone/integration-test/target/test-dir/MiniOzoneClusterImpl-4961146f-9f28-4cba-af76-74f7029fd382/datanode-2/data/ratis] (custom)
2022-01-10 13:24:02,380 [pool-346-thread-1] INFO  server.RaftServerConfigKeys (ConfUtils.java:logGet(44)) - raft.server.log.corruption.policy = EXCEPTION (default)
2022-01-10 13:24:02,380 [pool-346-thread-1] INFO  server.RaftServerConfigKeys (ConfUtils.java:logGet(44)) - raft.server.storage.free-space.min = 0MB (=0) (default)
2022-01-10 13:24:02,380 [pool-346-thread-1] INFO  storage.RaftStorageDirectory (RaftStorageDirectoryImpl.java:analyzeStorage(135)) - The storage directory /home/runner/work/ozone/ozone/hadoop-ozone/integration-test/target/test-dir/MiniOzoneClusterImpl-4961146f-9f28-4cba-af76-74f7029fd382/datanode-2/data/ratis/55485618-4610-47ca-b09d-e5a0c3de471e does not exist. Creating ...
2022-01-10 13:24:02,391 [pool-346-thread-1] INFO  storage.RaftStorageDirectory (RaftStorageDirectoryImpl.java:tryLock(230)) - Lock on /home/runner/work/ozone/ozone/hadoop-ozone/integration-test/target/test-dir/MiniOzoneClusterImpl-4961146f-9f28-4cba-af76-74f7029fd382/datanode-2/data/ratis/55485618-4610-47ca-b09d-e5a0c3de471e/in_use.lock acquired by nodename 8207@fv-az12-360
2022-01-10 13:24:02,394 [pool-346-thread-1] INFO  storage.RaftStorage (RaftStorageImpl.java:format(89)) - Storage directory /home/runner/work/ozone/ozone/hadoop-ozone/integration-test/target/test-dir/MiniOzoneClusterImpl-4961146f-9f28-4cba-af76-74f7029fd382/datanode-2/data/ratis/55485618-4610-47ca-b09d-e5a0c3de471e has been successfully formatted.
2022-01-10 13:24:02,394 [pool-346-thread-1] INFO  ratis.ContainerStateMachine (ContainerStateMachine.java:loadSnapshot(231)) - group-E5A0C3DE471E: The snapshot info is null. Setting the last applied indexto:(t:0, i:~)
2022-01-10 13:24:02,399 [pool-346-thread-1] INFO  server.RaftServerConfigKeys (ConfUtils.java:logGet(44)) - raft.server.notification.no-leader.timeout = 300s (custom)
2022-01-10 13:24:02,399 [pool-346-thread-1] INFO  server.RaftServerConfigKeys (ConfUtils.java:logGet(44)) - raft.server.log.use.memory = false (default)
2022-01-10 13:24:02,399 [pool-346-thread-1] INFO  server.RaftServerConfigKeys (ConfUtils.java:logGet(44)) - raft.server.log.purge.gap = 1000000 (custom)
2022-01-10 13:24:02,400 [pool-346-thread-1] INFO  server.RaftServerConfigKeys (ConfUtils.java:logGet(44)) - raft.server.log.appender.buffer.byte-limit = 33554432 (custom)
2022-01-10 13:24:02,400 [pool-346-thread-1] INFO  server.RaftServerConfigKeys (ConfUtils.java:logGet(44)) - raft.server.log.segment.size.max = 1048576 (custom)
2022-01-10 13:24:02,401 [pool-346-thread-1] INFO  server.RaftServerConfigKeys (ConfUtils.java:logGet(44)) - raft.server.log.segment.cache.num.max = 2 (custom)
2022-01-10 13:24:02,403 [pool-346-thread-1] INFO  server.RaftServerConfigKeys (ConfUtils.java:logGet(44)) - raft.server.log.segment.cache.size.max = 200MB (=209715200) (default)
2022-01-10 13:24:02,403 [pool-346-thread-1] INFO  segmented.SegmentedRaftLogWorker (SegmentedRaftLogWorker.java:<init>(182)) - new 9ca66d1e-a818-43c9-bf62-5187506efa35@group-E5A0C3DE471E-SegmentedRaftLogWorker for RaftStorageImpl:Storage Directory /home/runner/work/ozone/ozone/hadoop-ozone/integration-test/target/test-dir/MiniOzoneClusterImpl-4961146f-9f28-4cba-af76-74f7029fd382/datanode-2/data/ratis/55485618-4610-47ca-b09d-e5a0c3de471e
2022-01-10 13:24:02,403 [pool-346-thread-1] INFO  server.RaftServerConfigKeys (ConfUtils.java:logGet(44)) - raft.server.log.queue.byte-limit = 2147483647 (custom)
2022-01-10 13:24:02,403 [pool-346-thread-1] INFO  server.RaftServerConfigKeys (ConfUtils.java:logGet(44)) - raft.server.log.queue.element-limit = 1024 (custom)
2022-01-10 13:24:02,403 [pool-346-thread-1] INFO  server.RaftServerConfigKeys (ConfUtils.java:logGet(44)) - raft.server.log.segment.size.max = 1048576 (custom)
2022-01-10 13:24:02,403 [pool-346-thread-1] INFO  server.RaftServerConfigKeys (ConfUtils.java:logGet(44)) - raft.server.log.preallocated.size = 16384 (custom)
2022-01-10 13:24:02,403 [pool-346-thread-1] INFO  server.RaftServerConfigKeys (ConfUtils.java:logGet(44)) - raft.server.log.force.sync.num = 128 (default)
2022-01-10 13:24:02,403 [pool-346-thread-1] INFO  server.RaftServerConfigKeys (ConfUtils.java:logGet(44)) - raft.server.log.statemachine.data.sync = true (default)
2022-01-10 13:24:02,403 [pool-346-thread-1] INFO  server.RaftServerConfigKeys (ConfUtils.java:logGet(44)) - raft.server.log.statemachine.data.sync.timeout = 10s (default)
2022-01-10 13:24:02,403 [pool-346-thread-1] INFO  server.RaftServerConfigKeys (ConfUtils.java:logGet(44)) - raft.server.log.statemachine.data.sync.timeout.retry = -1 (default)
2022-01-10 13:24:02,404 [pool-346-thread-1] INFO  server.RaftServerConfigKeys (ConfUtils.java:logGet(44)) - raft.server.log.write.buffer.size = 1048576 (custom)
2022-01-10 13:24:02,405 [pool-346-thread-1] INFO  server.RaftServerConfigKeys (ConfUtils.java:logGet(44)) - raft.server.log.statemachine.data.caching.enabled = true (custom)
2022-01-10 13:24:02,405 [pool-346-thread-1] INFO  segmented.SegmentedRaftLogWorker (SegmentedRaftLogWorker.java:lambda$new$0(133)) - 9ca66d1e-a818-43c9-bf62-5187506efa35@group-E5A0C3DE471E-SegmentedRaftLogWorker: flushIndex: setUnconditionally 0 -> -1
2022-01-10 13:24:02,405 [pool-346-thread-1] INFO  segmented.SegmentedRaftLogWorker (SegmentedRaftLogWorker.java:lambda$new$0(133)) - 9ca66d1e-a818-43c9-bf62-5187506efa35@group-E5A0C3DE471E-SegmentedRaftLogWorker: safeCacheEvictIndex: setUnconditionally 0 -> -1
2022-01-10 13:24:02,412 [pool-346-thread-1] INFO  server.RaftServerConfigKeys (ConfUtils.java:logGet(44)) - raft.server.snapshot.auto.trigger.enabled = true (custom)
2022-01-10 13:24:02,412 [pool-346-thread-1] INFO  server.RaftServerConfigKeys (ConfUtils.java:logGet(44)) - raft.server.snapshot.auto.trigger.threshold = 10000 (custom)
2022-01-10 13:24:02,412 [pool-346-thread-1] INFO  server.RaftServerConfigKeys (ConfUtils.java:logGet(44)) - raft.server.snapshot.retention.file.num = 5 (custom)
2022-01-10 13:24:02,413 [pool-346-thread-1] INFO  server.RaftServerConfigKeys (ConfUtils.java:logGet(44)) - raft.server.log.purge.upto.snapshot.index = false (default)
2022-01-10 13:24:02,413 [Command processor thread] INFO  server.RaftServer (RaftServerProxy.java:addNew(95)) - cd4304a5-ad25-4184-aa9b-9d5680dbb42f: addNew group-14C834867ECA:[cd4304a5-ad25-4184-aa9b-9d5680dbb42f|rpc:127.0.0.1:44433|priority:1] returns group-14C834867ECA:java.util.concurrent.CompletableFuture@6f051902[Not completed]
2022-01-10 13:24:02,414 [pool-323-thread-1] INFO  server.RaftServer$Division (RaftServerImpl.java:<init>(184)) - cd4304a5-ad25-4184-aa9b-9d5680dbb42f: new RaftServerImpl for group-14C834867ECA:[cd4304a5-ad25-4184-aa9b-9d5680dbb42f|rpc:127.0.0.1:44433|priority:1] with ContainerStateMachine:uninitialized
2022-01-10 13:24:02,414 [pool-323-thread-1] INFO  server.RaftServerConfigKeys (ConfUtils.java:logGet(44)) - raft.server.rpc.timeout.min = 5s (custom)
2022-01-10 13:24:02,414 [pool-323-thread-1] INFO  server.RaftServerConfigKeys (ConfUtils.java:logGet(44)) - raft.server.rpc.timeout.max = 5200ms (custom)
2022-01-10 13:24:02,414 [pool-323-thread-1] INFO  server.RaftServerConfigKeys (ConfUtils.java:logGet(44)) - raft.server.rpc.sleep.time = 25ms (default)
2022-01-10 13:24:02,414 [pool-323-thread-1] INFO  server.RaftServerConfigKeys (ConfUtils.java:logGet(44)) - raft.server.rpc.slowness.timeout = 300s (custom)
2022-01-10 13:24:02,414 [pool-323-thread-1] INFO  server.RaftServerConfigKeys (ConfUtils.java:logGet(44)) - raft.server.leaderelection.leader.step-down.wait-time = 10s (default)
2022-01-10 13:24:02,414 [pool-323-thread-1] INFO  server.RaftServerConfigKeys (ConfUtils.java:logGet(44)) - raft.server.sleep.deviation.threshold = 300ms (default)
2022-01-10 13:24:02,414 [pool-323-thread-1] INFO  server.RaftServerConfigKeys (ConfUtils.java:logGet(44)) - raft.server.log.appender.install.snapshot.enabled = false (custom)
2022-01-10 13:24:02,414 [pool-323-thread-1] INFO  server.RaftServer$Division (ServerState.java:<init>(105)) - cd4304a5-ad25-4184-aa9b-9d5680dbb42f@group-14C834867ECA: ConfigurationManager, init=-1: [cd4304a5-ad25-4184-aa9b-9d5680dbb42f|rpc:127.0.0.1:44433|priority:1], old=null, confs=<EMPTY_MAP>
2022-01-10 13:24:02,414 [pool-323-thread-1] INFO  server.RaftServerConfigKeys (ConfUtils.java:logGet(44)) - raft.server.storage.dir = [/home/runner/work/ozone/ozone/hadoop-ozone/integration-test/target/test-dir/MiniOzoneClusterImpl-4961146f-9f28-4cba-af76-74f7029fd382/datanode-1/data/ratis] (custom)
2022-01-10 13:24:02,414 [pool-323-thread-1] INFO  server.RaftServerConfigKeys (ConfUtils.java:logGet(44)) - raft.server.log.corruption.policy = EXCEPTION (default)
2022-01-10 13:24:02,414 [pool-323-thread-1] INFO  server.RaftServerConfigKeys (ConfUtils.java:logGet(44)) - raft.server.storage.free-space.min = 0MB (=0) (default)
2022-01-10 13:24:02,414 [pool-323-thread-1] INFO  storage.RaftStorageDirectory (RaftStorageDirectoryImpl.java:analyzeStorage(135)) - The storage directory /home/runner/work/ozone/ozone/hadoop-ozone/integration-test/target/test-dir/MiniOzoneClusterImpl-4961146f-9f28-4cba-af76-74f7029fd382/datanode-1/data/ratis/829003a7-cb35-431b-8dc7-14c834867eca does not exist. Creating ...
2022-01-10 13:24:02,415 [pool-346-thread-1] INFO  server.RaftServerConfigKeys (ConfUtils.java:logGet(44)) - raft.server.retrycache.expirytime = 600000ms (custom)
2022-01-10 13:24:02,415 [pool-346-thread-1] INFO  server.RaftServerConfigKeys (ConfUtils.java:logGet(44)) - raft.server.retrycache.statistics.expirytime = 100μs (default)
2022-01-10 13:24:02,415 [pool-323-thread-1] INFO  storage.RaftStorageDirectory (RaftStorageDirectoryImpl.java:tryLock(230)) - Lock on /home/runner/work/ozone/ozone/hadoop-ozone/integration-test/target/test-dir/MiniOzoneClusterImpl-4961146f-9f28-4cba-af76-74f7029fd382/datanode-1/data/ratis/829003a7-cb35-431b-8dc7-14c834867eca/in_use.lock acquired by nodename 8207@fv-az12-360
2022-01-10 13:24:02,417 [pool-323-thread-1] INFO  storage.RaftStorage (RaftStorageImpl.java:format(89)) - Storage directory /home/runner/work/ozone/ozone/hadoop-ozone/integration-test/target/test-dir/MiniOzoneClusterImpl-4961146f-9f28-4cba-af76-74f7029fd382/datanode-1/data/ratis/829003a7-cb35-431b-8dc7-14c834867eca has been successfully formatted.
2022-01-10 13:24:02,417 [pool-323-thread-1] INFO  ratis.ContainerStateMachine (ContainerStateMachine.java:loadSnapshot(231)) - group-14C834867ECA: The snapshot info is null. Setting the last applied indexto:(t:0, i:~)
2022-01-10 13:24:02,417 [pool-323-thread-1] INFO  server.RaftServerConfigKeys (ConfUtils.java:logGet(44)) - raft.server.notification.no-leader.timeout = 300s (custom)
2022-01-10 13:24:02,417 [pool-323-thread-1] INFO  server.RaftServerConfigKeys (ConfUtils.java:logGet(44)) - raft.server.log.use.memory = false (default)
2022-01-10 13:24:02,417 [pool-323-thread-1] INFO  server.RaftServerConfigKeys (ConfUtils.java:logGet(44)) - raft.server.log.purge.gap = 1000000 (custom)
2022-01-10 13:24:02,417 [pool-323-thread-1] INFO  server.RaftServerConfigKeys (ConfUtils.java:logGet(44)) - raft.server.log.appender.buffer.byte-limit = 33554432 (custom)
2022-01-10 13:24:02,417 [pool-323-thread-1] INFO  server.RaftServerConfigKeys (ConfUtils.java:logGet(44)) - raft.server.log.segment.size.max = 1048576 (custom)
2022-01-10 13:24:02,418 [pool-323-thread-1] INFO  server.RaftServerConfigKeys (ConfUtils.java:logGet(44)) - raft.server.log.segment.cache.num.max = 2 (custom)
2022-01-10 13:24:02,418 [pool-323-thread-1] INFO  server.RaftServerConfigKeys (ConfUtils.java:logGet(44)) - raft.server.log.segment.cache.size.max = 200MB (=209715200) (default)
2022-01-10 13:24:02,418 [pool-323-thread-1] INFO  segmented.SegmentedRaftLogWorker (SegmentedRaftLogWorker.java:<init>(182)) - new cd4304a5-ad25-4184-aa9b-9d5680dbb42f@group-14C834867ECA-SegmentedRaftLogWorker for RaftStorageImpl:Storage Directory /home/runner/work/ozone/ozone/hadoop-ozone/integration-test/target/test-dir/MiniOzoneClusterImpl-4961146f-9f28-4cba-af76-74f7029fd382/datanode-1/data/ratis/829003a7-cb35-431b-8dc7-14c834867eca
2022-01-10 13:24:02,418 [pool-323-thread-1] INFO  server.RaftServerConfigKeys (ConfUtils.java:logGet(44)) - raft.server.log.queue.byte-limit = 2147483647 (custom)
2022-01-10 13:24:02,418 [pool-323-thread-1] INFO  server.RaftServerConfigKeys (ConfUtils.java:logGet(44)) - raft.server.log.queue.element-limit = 1024 (custom)
2022-01-10 13:24:02,418 [pool-323-thread-1] INFO  server.RaftServerConfigKeys (ConfUtils.java:logGet(44)) - raft.server.log.segment.size.max = 1048576 (custom)
2022-01-10 13:24:02,418 [pool-323-thread-1] INFO  server.RaftServerConfigKeys (ConfUtils.java:logGet(44)) - raft.server.log.preallocated.size = 16384 (custom)
2022-01-10 13:24:02,418 [pool-323-thread-1] INFO  server.RaftServerConfigKeys (ConfUtils.java:logGet(44)) - raft.server.log.force.sync.num = 128 (default)
2022-01-10 13:24:02,418 [pool-323-thread-1] INFO  server.RaftServerConfigKeys (ConfUtils.java:logGet(44)) - raft.server.log.statemachine.data.sync = true (default)
2022-01-10 13:24:02,418 [pool-323-thread-1] INFO  server.RaftServerConfigKeys (ConfUtils.java:logGet(44)) - raft.server.log.statemachine.data.sync.timeout = 10s (default)
2022-01-10 13:24:02,418 [pool-323-thread-1] INFO  server.RaftServerConfigKeys (ConfUtils.java:logGet(44)) - raft.server.log.statemachine.data.sync.timeout.retry = -1 (default)
2022-01-10 13:24:02,419 [pool-323-thread-1] INFO  server.RaftServerConfigKeys (ConfUtils.java:logGet(44)) - raft.server.log.write.buffer.size = 1048576 (custom)
2022-01-10 13:24:02,419 [pool-323-thread-1] INFO  server.RaftServerConfigKeys (ConfUtils.java:logGet(44)) - raft.server.log.statemachine.data.caching.enabled = true (custom)
2022-01-10 13:24:02,419 [pool-323-thread-1] INFO  segmented.SegmentedRaftLogWorker (SegmentedRaftLogWorker.java:lambda$new$0(133)) - cd4304a5-ad25-4184-aa9b-9d5680dbb42f@group-14C834867ECA-SegmentedRaftLogWorker: flushIndex: setUnconditionally 0 -> -1
2022-01-10 13:24:02,419 [pool-323-thread-1] INFO  segmented.SegmentedRaftLogWorker (SegmentedRaftLogWorker.java:lambda$new$0(133)) - cd4304a5-ad25-4184-aa9b-9d5680dbb42f@group-14C834867ECA-SegmentedRaftLogWorker: safeCacheEvictIndex: setUnconditionally 0 -> -1
2022-01-10 13:24:02,423 [EventQueue-PipelineReportForPipelineReportHandler] INFO  pipeline.PipelineManagerImpl (PipelineManagerImpl.java:openPipeline(291)) - Pipeline Pipeline[ Id: 829003a7-cb35-431b-8dc7-14c834867eca, Nodes: cd4304a5-ad25-4184-aa9b-9d5680dbb42f{ip: 127.0.0.1, host: localhost, ports: [REPLICATION=36991, RATIS=44433, RATIS_ADMIN=44433, RATIS_SERVER=44433, STANDALONE=35009], networkLocation: /default-rack, certSerialId: null, persistedOpState: IN_SERVICE, persistedOpStateExpiryEpochSec: 0}, ReplicationConfig: RATIS/ONE, State:ALLOCATED, leaderId:cd4304a5-ad25-4184-aa9b-9d5680dbb42f, CreationTimestamp2022-01-10T13:23:59.418Z[Etc/UTC]] moved to OPEN state
2022-01-10 13:24:02,423 [EventQueue-PipelineReportForPipelineReportHandler] INFO  pipeline.PipelineManagerImpl (PipelineManagerImpl.java:openPipeline(291)) - Pipeline Pipeline[ Id: 829003a7-cb35-431b-8dc7-14c834867eca, Nodes: cd4304a5-ad25-4184-aa9b-9d5680dbb42f{ip: 127.0.0.1, host: localhost, ports: [REPLICATION=36991, RATIS=44433, RATIS_ADMIN=44433, RATIS_SERVER=44433, STANDALONE=35009], networkLocation: /default-rack, certSerialId: null, persistedOpState: IN_SERVICE, persistedOpStateExpiryEpochSec: 0}, ReplicationConfig: RATIS/ONE, State:ALLOCATED, leaderId:cd4304a5-ad25-4184-aa9b-9d5680dbb42f, CreationTimestamp2022-01-10T13:23:59.418Z[Etc/UTC]] moved to OPEN state
2022-01-10 13:24:02,424 [EventQueue-PipelineReportForPipelineReportHandler] INFO  ha.SCMHAInvocationHandler (SCMHAInvocationHandler.java:invokeRatis(113)) - Invoking method public abstract void org.apache.hadoop.hdds.scm.pipeline.PipelineStateManager.updatePipelineState(org.apache.hadoop.hdds.protocol.proto.HddsProtos$PipelineID,org.apache.hadoop.hdds.protocol.proto.HddsProtos$PipelineState) throws java.io.IOException on target org.apache.hadoop.hdds.scm.ha.SCMRatisServerImpl@4124a273, cost 234.602us
2022-01-10 13:24:02,430 [pool-346-thread-1] INFO  server.RaftServer$Division (RaftServerImpl.java:start(301)) - 9ca66d1e-a818-43c9-bf62-5187506efa35@group-E5A0C3DE471E: start as a follower, conf=-1: [cd4304a5-ad25-4184-aa9b-9d5680dbb42f|rpc:127.0.0.1:44433|dataStream:|priority:0, 9ca66d1e-a818-43c9-bf62-5187506efa35|rpc:127.0.0.1:42475|dataStream:|priority:1, 4b3c65cf-387e-4213-93df-57198a9c946a|rpc:127.0.0.1:38165|dataStream:|priority:0], old=null
2022-01-10 13:24:02,434 [pool-346-thread-1] INFO  server.RaftServer$Division (RaftServerImpl.java:setRole(290)) - 9ca66d1e-a818-43c9-bf62-5187506efa35@group-E5A0C3DE471E: changes role from      null to FOLLOWER at term 0 for startAsFollower
2022-01-10 13:24:02,436 [pool-346-thread-1] INFO  impl.RoleInfo (RoleInfo.java:updateAndGet(130)) - 9ca66d1e-a818-43c9-bf62-5187506efa35: start 9ca66d1e-a818-43c9-bf62-5187506efa35@group-E5A0C3DE471E-FollowerState
2022-01-10 13:24:02,435 [7fcd8313-8ccc-4d12-b0b9-018c7cf319d8@group-74F7029FD382-StateMachineUpdater] INFO  safemode.HealthyPipelineSafeModeRule (HealthyPipelineSafeModeRule.java:initializeRule(152)) - Refreshed total pipeline count is 0, healthy pipeline threshold count is 1
2022-01-10 13:24:02,437 [EventQueue-PipelineReportForPipelineReportHandler] INFO  ha.SCMHAInvocationHandler (SCMHAInvocationHandler.java:invokeRatis(113)) - Invoking method public abstract void org.apache.hadoop.hdds.scm.pipeline.PipelineStateManager.updatePipelineState(org.apache.hadoop.hdds.protocol.proto.HddsProtos$PipelineID,org.apache.hadoop.hdds.protocol.proto.HddsProtos$PipelineState) throws java.io.IOException on target org.apache.hadoop.hdds.scm.ha.SCMRatisServerImpl@716fa625, cost 13771.608us
2022-01-10 13:24:02,434 [494c7a1b-9442-431c-b450-0b8d0617d867@group-74F7029FD382-StateMachineUpdater] INFO  ha.SCMStateMachine (SCMStateMachine.java:takeSnapshot(297)) - Current Snapshot Index 18, takeSnapshot took 0 ms
2022-01-10 13:24:02,437 [494c7a1b-9442-431c-b450-0b8d0617d867@group-74F7029FD382-StateMachineUpdater] INFO  impl.StateMachineUpdater (StateMachineUpdater.java:takeSnapshot(281)) - 494c7a1b-9442-431c-b450-0b8d0617d867@group-74F7029FD382-StateMachineUpdater: Took a snapshot at index 18
2022-01-10 13:24:02,437 [494c7a1b-9442-431c-b450-0b8d0617d867@group-74F7029FD382-StateMachineUpdater] INFO  impl.StateMachineUpdater (StateMachineUpdater.java:lambda$new$0(89)) - 494c7a1b-9442-431c-b450-0b8d0617d867@group-74F7029FD382-StateMachineUpdater: snapshotIndex: updateIncreasingly 13 -> 18
2022-01-10 13:24:02,437 [494c7a1b-9442-431c-b450-0b8d0617d867@group-74F7029FD382-StateMachineUpdater] INFO  raftlog.RaftLog (RaftLogBase.java:purge(306)) - 494c7a1b-9442-431c-b450-0b8d0617d867@group-74F7029FD382-SegmentedRaftLog: purge 18
2022-01-10 13:24:02,437 [494c7a1b-9442-431c-b450-0b8d0617d867@group-74F7029FD382-StateMachineUpdater] INFO  raftlog.RaftLog (RaftLogBase.java:lambda$new$0(53)) - 494c7a1b-9442-431c-b450-0b8d0617d867@group-74F7029FD382-SegmentedRaftLog: snapshotIndex: updateIncreasingly 13 -> 18
2022-01-10 13:24:02,437 [494c7a1b-9442-431c-b450-0b8d0617d867@group-74F7029FD382-StateMachineUpdater] INFO  raftlog.RaftLog (RaftLogBase.java:lambda$new$0(53)) - 494c7a1b-9442-431c-b450-0b8d0617d867@group-74F7029FD382-SegmentedRaftLog: purgeIndex: updateToMax old=13, new=18, updated? true
2022-01-10 13:24:02,437 [pool-346-thread-1] INFO  util.JmxRegister (JmxRegister.java:tryRegister(44)) - Successfully registered JMX Bean with object name Ratis:service=RaftServer,group=group-E5A0C3DE471E,id=9ca66d1e-a818-43c9-bf62-5187506efa35
2022-01-10 13:24:02,438 [494c7a1b-9442-431c-b450-0b8d0617d867@group-74F7029FD382-StateMachineUpdater] INFO  safemode.HealthyPipelineSafeModeRule (HealthyPipelineSafeModeRule.java:initializeRule(152)) - Refreshed total pipeline count is 0, healthy pipeline threshold count is 1
2022-01-10 13:24:02,438 [7fcd8313-8ccc-4d12-b0b9-018c7cf319d8@group-74F7029FD382-StateMachineUpdater] INFO  ha.SCMStateMachine (SCMStateMachine.java:takeSnapshot(297)) - Current Snapshot Index 20, takeSnapshot took 0 ms
2022-01-10 13:24:02,438 [7fcd8313-8ccc-4d12-b0b9-018c7cf319d8@group-74F7029FD382-StateMachineUpdater] INFO  impl.StateMachineUpdater (StateMachineUpdater.java:takeSnapshot(281)) - 7fcd8313-8ccc-4d12-b0b9-018c7cf319d8@group-74F7029FD382-StateMachineUpdater: Took a snapshot at index 20
2022-01-10 13:24:02,439 [7fcd8313-8ccc-4d12-b0b9-018c7cf319d8@group-74F7029FD382-StateMachineUpdater] INFO  impl.StateMachineUpdater (StateMachineUpdater.java:lambda$new$0(89)) - 7fcd8313-8ccc-4d12-b0b9-018c7cf319d8@group-74F7029FD382-StateMachineUpdater: snapshotIndex: updateIncreasingly 15 -> 20
2022-01-10 13:24:02,439 [7fcd8313-8ccc-4d12-b0b9-018c7cf319d8@group-74F7029FD382-StateMachineUpdater] INFO  raftlog.RaftLog (RaftLogBase.java:purge(306)) - 7fcd8313-8ccc-4d12-b0b9-018c7cf319d8@group-74F7029FD382-SegmentedRaftLog: purge 20
2022-01-10 13:24:02,439 [7fcd8313-8ccc-4d12-b0b9-018c7cf319d8@group-74F7029FD382-StateMachineUpdater] INFO  raftlog.RaftLog (RaftLogBase.java:lambda$new$0(53)) - 7fcd8313-8ccc-4d12-b0b9-018c7cf319d8@group-74F7029FD382-SegmentedRaftLog: snapshotIndex: updateIncreasingly 15 -> 20
2022-01-10 13:24:02,439 [7fcd8313-8ccc-4d12-b0b9-018c7cf319d8@group-74F7029FD382-StateMachineUpdater] INFO  raftlog.RaftLog (RaftLogBase.java:lambda$new$0(53)) - 7fcd8313-8ccc-4d12-b0b9-018c7cf319d8@group-74F7029FD382-SegmentedRaftLog: purgeIndex: updateToMax old=15, new=20, updated? true
2022-01-10 13:24:02,445 [pool-323-thread-1] INFO  server.RaftServerConfigKeys (ConfUtils.java:logGet(44)) - raft.server.snapshot.auto.trigger.enabled = true (custom)
2022-01-10 13:24:02,445 [pool-323-thread-1] INFO  server.RaftServerConfigKeys (ConfUtils.java:logGet(44)) - raft.server.snapshot.auto.trigger.threshold = 10000 (custom)
2022-01-10 13:24:02,445 [pool-323-thread-1] INFO  server.RaftServerConfigKeys (ConfUtils.java:logGet(44)) - raft.server.snapshot.retention.file.num = 5 (custom)
2022-01-10 13:24:02,445 [pool-323-thread-1] INFO  server.RaftServerConfigKeys (ConfUtils.java:logGet(44)) - raft.server.log.purge.upto.snapshot.index = false (default)
2022-01-10 13:24:02,445 [pool-323-thread-1] INFO  server.RaftServerConfigKeys (ConfUtils.java:logGet(44)) - raft.server.retrycache.expirytime = 600000ms (custom)
2022-01-10 13:24:02,445 [pool-323-thread-1] INFO  server.RaftServerConfigKeys (ConfUtils.java:logGet(44)) - raft.server.retrycache.statistics.expirytime = 100μs (default)
2022-01-10 13:24:02,446 [pool-323-thread-1] INFO  server.RaftServer$Division (RaftServerImpl.java:start(301)) - cd4304a5-ad25-4184-aa9b-9d5680dbb42f@group-14C834867ECA: start as a follower, conf=-1: [cd4304a5-ad25-4184-aa9b-9d5680dbb42f|rpc:127.0.0.1:44433|priority:1], old=null
2022-01-10 13:24:02,446 [pool-323-thread-1] INFO  server.RaftServer$Division (RaftServerImpl.java:setRole(290)) - cd4304a5-ad25-4184-aa9b-9d5680dbb42f@group-14C834867ECA: changes role from      null to FOLLOWER at term 0 for startAsFollower
2022-01-10 13:24:02,446 [pool-323-thread-1] INFO  impl.RoleInfo (RoleInfo.java:updateAndGet(130)) - cd4304a5-ad25-4184-aa9b-9d5680dbb42f: start cd4304a5-ad25-4184-aa9b-9d5680dbb42f@group-14C834867ECA-FollowerState
2022-01-10 13:24:02,455 [pool-323-thread-1] INFO  util.JmxRegister (JmxRegister.java:tryRegister(44)) - Successfully registered JMX Bean with object name Ratis:service=RaftServer,group=group-14C834867ECA,id=cd4304a5-ad25-4184-aa9b-9d5680dbb42f
2022-01-10 13:24:02,465 [Command processor thread] INFO  ratis.XceiverServerRatis (XceiverServerRatis.java:addGroup(768)) - Created group PipelineID=829003a7-cb35-431b-8dc7-14c834867eca
2022-01-10 13:24:02,465 [Command processor thread] INFO  commandhandler.CreatePipelineCommandHandler (CreatePipelineCommandHandler.java:handle(106)) - Created Pipeline RATIS ONE PipelineID=829003a7-cb35-431b-8dc7-14c834867eca.
2022-01-10 13:24:02,465 [Command processor thread] INFO  server.RaftServer (RaftServerProxy.java:addNew(95)) - cd4304a5-ad25-4184-aa9b-9d5680dbb42f: addNew group-A4D2DF4C4470:[cd4304a5-ad25-4184-aa9b-9d5680dbb42f|rpc:127.0.0.1:44433|priority:1, 9ca66d1e-a818-43c9-bf62-5187506efa35|rpc:127.0.0.1:42475|priority:0, 4b3c65cf-387e-4213-93df-57198a9c946a|rpc:127.0.0.1:38165|priority:0] returns group-A4D2DF4C4470:java.util.concurrent.CompletableFuture@61c2ea92[Not completed]
2022-01-10 13:24:02,466 [pool-323-thread-1] INFO  server.RaftServer$Division (RaftServerImpl.java:<init>(184)) - cd4304a5-ad25-4184-aa9b-9d5680dbb42f: new RaftServerImpl for group-A4D2DF4C4470:[cd4304a5-ad25-4184-aa9b-9d5680dbb42f|rpc:127.0.0.1:44433|priority:1, 9ca66d1e-a818-43c9-bf62-5187506efa35|rpc:127.0.0.1:42475|priority:0, 4b3c65cf-387e-4213-93df-57198a9c946a|rpc:127.0.0.1:38165|priority:0] with ContainerStateMachine:uninitialized
2022-01-10 13:24:02,466 [pool-323-thread-1] INFO  server.RaftServerConfigKeys (ConfUtils.java:logGet(44)) - raft.server.rpc.timeout.min = 5s (custom)
2022-01-10 13:24:02,466 [pool-323-thread-1] INFO  server.RaftServerConfigKeys (ConfUtils.java:logGet(44)) - raft.server.rpc.timeout.max = 5200ms (custom)
2022-01-10 13:24:02,466 [pool-323-thread-1] INFO  server.RaftServerConfigKeys (ConfUtils.java:logGet(44)) - raft.server.rpc.sleep.time = 25ms (default)
2022-01-10 13:24:02,466 [pool-323-thread-1] INFO  server.RaftServerConfigKeys (ConfUtils.java:logGet(44)) - raft.server.rpc.slowness.timeout = 300s (custom)
2022-01-10 13:24:02,466 [pool-323-thread-1] INFO  server.RaftServerConfigKeys (ConfUtils.java:logGet(44)) - raft.server.leaderelection.leader.step-down.wait-time = 10s (default)
2022-01-10 13:24:02,466 [pool-323-thread-1] INFO  server.RaftServerConfigKeys (ConfUtils.java:logGet(44)) - raft.server.sleep.deviation.threshold = 300ms (default)
2022-01-10 13:24:02,466 [pool-323-thread-1] INFO  server.RaftServerConfigKeys (ConfUtils.java:logGet(44)) - raft.server.log.appender.install.snapshot.enabled = false (custom)
2022-01-10 13:24:02,466 [pool-323-thread-1] INFO  server.RaftServer$Division (ServerState.java:<init>(105)) - cd4304a5-ad25-4184-aa9b-9d5680dbb42f@group-A4D2DF4C4470: ConfigurationManager, init=-1: [cd4304a5-ad25-4184-aa9b-9d5680dbb42f|rpc:127.0.0.1:44433|priority:1, 9ca66d1e-a818-43c9-bf62-5187506efa35|rpc:127.0.0.1:42475|priority:0, 4b3c65cf-387e-4213-93df-57198a9c946a|rpc:127.0.0.1:38165|priority:0], old=null, confs=<EMPTY_MAP>
2022-01-10 13:24:02,466 [pool-323-thread-1] INFO  server.RaftServerConfigKeys (ConfUtils.java:logGet(44)) - raft.server.storage.dir = [/home/runner/work/ozone/ozone/hadoop-ozone/integration-test/target/test-dir/MiniOzoneClusterImpl-4961146f-9f28-4cba-af76-74f7029fd382/datanode-1/data/ratis] (custom)
2022-01-10 13:24:02,466 [pool-323-thread-1] INFO  server.RaftServerConfigKeys (ConfUtils.java:logGet(44)) - raft.server.log.corruption.policy = EXCEPTION (default)
2022-01-10 13:24:02,466 [pool-323-thread-1] INFO  server.RaftServerConfigKeys (ConfUtils.java:logGet(44)) - raft.server.storage.free-space.min = 0MB (=0) (default)
2022-01-10 13:24:02,467 [pool-323-thread-1] INFO  storage.RaftStorageDirectory (RaftStorageDirectoryImpl.java:analyzeStorage(135)) - The storage directory /home/runner/work/ozone/ozone/hadoop-ozone/integration-test/target/test-dir/MiniOzoneClusterImpl-4961146f-9f28-4cba-af76-74f7029fd382/datanode-1/data/ratis/85deabe5-ad07-422e-babd-a4d2df4c4470 does not exist. Creating ...
2022-01-10 13:24:02,468 [EventQueue-OpenPipelineForHealthyPipelineSafeModeRule] INFO  safemode.SCMSafeModeManager (HealthyPipelineSafeModeRule.java:process(124)) - SCM in safe mode. Healthy pipelines reported count is 0, required healthy pipeline reported count is 1
2022-01-10 13:24:02,474 [Command processor thread] INFO  commandhandler.CreatePipelineCommandHandler (CreatePipelineCommandHandler.java:handle(106)) - Created Pipeline RATIS THREE PipelineID=55485618-4610-47ca-b09d-e5a0c3de471e.
2022-01-10 13:24:02,474 [Command processor thread] INFO  server.RaftServer (RaftServerProxy.java:addNew(95)) - 4b3c65cf-387e-4213-93df-57198a9c946a: addNew group-A4D2DF4C4470:[cd4304a5-ad25-4184-aa9b-9d5680dbb42f|rpc:127.0.0.1:44433|priority:1, 9ca66d1e-a818-43c9-bf62-5187506efa35|rpc:127.0.0.1:42475|priority:0, 4b3c65cf-387e-4213-93df-57198a9c946a|rpc:127.0.0.1:38165|priority:0] returns group-A4D2DF4C4470:java.util.concurrent.CompletableFuture@557188fd[Not completed]
2022-01-10 13:24:02,475 [pool-300-thread-1] INFO  server.RaftServer$Division (RaftServerImpl.java:<init>(184)) - 4b3c65cf-387e-4213-93df-57198a9c946a: new RaftServerImpl for group-A4D2DF4C4470:[cd4304a5-ad25-4184-aa9b-9d5680dbb42f|rpc:127.0.0.1:44433|priority:1, 9ca66d1e-a818-43c9-bf62-5187506efa35|rpc:127.0.0.1:42475|priority:0, 4b3c65cf-387e-4213-93df-57198a9c946a|rpc:127.0.0.1:38165|priority:0] with ContainerStateMachine:uninitialized
2022-01-10 13:24:02,475 [pool-300-thread-1] INFO  server.RaftServerConfigKeys (ConfUtils.java:logGet(44)) - raft.server.rpc.timeout.min = 5s (custom)
2022-01-10 13:24:02,475 [pool-300-thread-1] INFO  server.RaftServerConfigKeys (ConfUtils.java:logGet(44)) - raft.server.rpc.timeout.max = 5200ms (custom)
2022-01-10 13:24:02,475 [pool-300-thread-1] INFO  server.RaftServerConfigKeys (ConfUtils.java:logGet(44)) - raft.server.rpc.sleep.time = 25ms (default)
2022-01-10 13:24:02,475 [pool-300-thread-1] INFO  server.RaftServerConfigKeys (ConfUtils.java:logGet(44)) - raft.server.rpc.slowness.timeout = 300s (custom)
2022-01-10 13:24:02,475 [pool-300-thread-1] INFO  server.RaftServerConfigKeys (ConfUtils.java:logGet(44)) - raft.server.leaderelection.leader.step-down.wait-time = 10s (default)
2022-01-10 13:24:02,475 [pool-300-thread-1] INFO  server.RaftServerConfigKeys (ConfUtils.java:logGet(44)) - raft.server.sleep.deviation.threshold = 300ms (default)
2022-01-10 13:24:02,475 [pool-300-thread-1] INFO  server.RaftServerConfigKeys (ConfUtils.java:logGet(44)) - raft.server.log.appender.install.snapshot.enabled = false (custom)
2022-01-10 13:24:02,476 [pool-300-thread-1] INFO  server.RaftServer$Division (ServerState.java:<init>(105)) - 4b3c65cf-387e-4213-93df-57198a9c946a@group-A4D2DF4C4470: ConfigurationManager, init=-1: [cd4304a5-ad25-4184-aa9b-9d5680dbb42f|rpc:127.0.0.1:44433|priority:1, 9ca66d1e-a818-43c9-bf62-5187506efa35|rpc:127.0.0.1:42475|priority:0, 4b3c65cf-387e-4213-93df-57198a9c946a|rpc:127.0.0.1:38165|priority:0], old=null, confs=<EMPTY_MAP>
2022-01-10 13:24:02,476 [pool-300-thread-1] INFO  server.RaftServerConfigKeys (ConfUtils.java:logGet(44)) - raft.server.storage.dir = [/home/runner/work/ozone/ozone/hadoop-ozone/integration-test/target/test-dir/MiniOzoneClusterImpl-4961146f-9f28-4cba-af76-74f7029fd382/datanode-0/data/ratis] (custom)
2022-01-10 13:24:02,476 [pool-300-thread-1] INFO  server.RaftServerConfigKeys (ConfUtils.java:logGet(44)) - raft.server.log.corruption.policy = EXCEPTION (default)
2022-01-10 13:24:02,476 [pool-300-thread-1] INFO  server.RaftServerConfigKeys (ConfUtils.java:logGet(44)) - raft.server.storage.free-space.min = 0MB (=0) (default)
2022-01-10 13:24:02,476 [pool-300-thread-1] INFO  storage.RaftStorageDirectory (RaftStorageDirectoryImpl.java:analyzeStorage(135)) - The storage directory /home/runner/work/ozone/ozone/hadoop-ozone/integration-test/target/test-dir/MiniOzoneClusterImpl-4961146f-9f28-4cba-af76-74f7029fd382/datanode-0/data/ratis/85deabe5-ad07-422e-babd-a4d2df4c4470 does not exist. Creating ...
2022-01-10 13:24:02,476 [pool-323-thread-1] INFO  storage.RaftStorageDirectory (RaftStorageDirectoryImpl.java:tryLock(230)) - Lock on /home/runner/work/ozone/ozone/hadoop-ozone/integration-test/target/test-dir/MiniOzoneClusterImpl-4961146f-9f28-4cba-af76-74f7029fd382/datanode-1/data/ratis/85deabe5-ad07-422e-babd-a4d2df4c4470/in_use.lock acquired by nodename 8207@fv-az12-360
2022-01-10 13:24:02,480 [pool-323-thread-1] INFO  storage.RaftStorage (RaftStorageImpl.java:format(89)) - Storage directory /home/runner/work/ozone/ozone/hadoop-ozone/integration-test/target/test-dir/MiniOzoneClusterImpl-4961146f-9f28-4cba-af76-74f7029fd382/datanode-1/data/ratis/85deabe5-ad07-422e-babd-a4d2df4c4470 has been successfully formatted.
2022-01-10 13:24:02,480 [pool-323-thread-1] INFO  ratis.ContainerStateMachine (ContainerStateMachine.java:loadSnapshot(231)) - group-A4D2DF4C4470: The snapshot info is null. Setting the last applied indexto:(t:0, i:~)
2022-01-10 13:24:02,480 [pool-323-thread-1] INFO  server.RaftServerConfigKeys (ConfUtils.java:logGet(44)) - raft.server.notification.no-leader.timeout = 300s (custom)
2022-01-10 13:24:02,480 [pool-323-thread-1] INFO  server.RaftServerConfigKeys (ConfUtils.java:logGet(44)) - raft.server.log.use.memory = false (default)
2022-01-10 13:24:02,480 [pool-323-thread-1] INFO  server.RaftServerConfigKeys (ConfUtils.java:logGet(44)) - raft.server.log.purge.gap = 1000000 (custom)
2022-01-10 13:24:02,480 [pool-323-thread-1] INFO  server.RaftServerConfigKeys (ConfUtils.java:logGet(44)) - raft.server.log.appender.buffer.byte-limit = 33554432 (custom)
2022-01-10 13:24:02,480 [pool-323-thread-1] INFO  server.RaftServerConfigKeys (ConfUtils.java:logGet(44)) - raft.server.log.segment.size.max = 1048576 (custom)
2022-01-10 13:24:02,481 [pool-323-thread-1] INFO  server.RaftServerConfigKeys (ConfUtils.java:logGet(44)) - raft.server.log.segment.cache.num.max = 2 (custom)
2022-01-10 13:24:02,481 [pool-323-thread-1] INFO  server.RaftServerConfigKeys (ConfUtils.java:logGet(44)) - raft.server.log.segment.cache.size.max = 200MB (=209715200) (default)
2022-01-10 13:24:02,481 [pool-323-thread-1] INFO  segmented.SegmentedRaftLogWorker (SegmentedRaftLogWorker.java:<init>(182)) - new cd4304a5-ad25-4184-aa9b-9d5680dbb42f@group-A4D2DF4C4470-SegmentedRaftLogWorker for RaftStorageImpl:Storage Directory /home/runner/work/ozone/ozone/hadoop-ozone/integration-test/target/test-dir/MiniOzoneClusterImpl-4961146f-9f28-4cba-af76-74f7029fd382/datanode-1/data/ratis/85deabe5-ad07-422e-babd-a4d2df4c4470
2022-01-10 13:24:02,481 [pool-323-thread-1] INFO  server.RaftServerConfigKeys (ConfUtils.java:logGet(44)) - raft.server.log.queue.byte-limit = 2147483647 (custom)
2022-01-10 13:24:02,481 [pool-323-thread-1] INFO  server.RaftServerConfigKeys (ConfUtils.java:logGet(44)) - raft.server.log.queue.element-limit = 1024 (custom)
2022-01-10 13:24:02,481 [pool-323-thread-1] INFO  server.RaftServerConfigKeys (ConfUtils.java:logGet(44)) - raft.server.log.segment.size.max = 1048576 (custom)
2022-01-10 13:24:02,481 [pool-323-thread-1] INFO  server.RaftServerConfigKeys (ConfUtils.java:logGet(44)) - raft.server.log.preallocated.size = 16384 (custom)
2022-01-10 13:24:02,481 [pool-323-thread-1] INFO  server.RaftServerConfigKeys (ConfUtils.java:logGet(44)) - raft.server.log.force.sync.num = 128 (default)
2022-01-10 13:24:02,481 [pool-323-thread-1] INFO  server.RaftServerConfigKeys (ConfUtils.java:logGet(44)) - raft.server.log.statemachine.data.sync = true (default)
2022-01-10 13:24:02,481 [pool-323-thread-1] INFO  server.RaftServerConfigKeys (ConfUtils.java:logGet(44)) - raft.server.log.statemachine.data.sync.timeout = 10s (default)
2022-01-10 13:24:02,481 [pool-323-thread-1] INFO  server.RaftServerConfigKeys (ConfUtils.java:logGet(44)) - raft.server.log.statemachine.data.sync.timeout.retry = -1 (default)
2022-01-10 13:24:02,481 [EventQueue-OpenPipelineForHealthyPipelineSafeModeRule] INFO  safemode.SCMSafeModeManager (HealthyPipelineSafeModeRule.java:process(124)) - SCM in safe mode. Healthy pipelines reported count is 0, required healthy pipeline reported count is 1
2022-01-10 13:24:02,482 [pool-323-thread-1] INFO  server.RaftServerConfigKeys (ConfUtils.java:logGet(44)) - raft.server.log.write.buffer.size = 1048576 (custom)
2022-01-10 13:24:02,483 [pool-323-thread-1] INFO  server.RaftServerConfigKeys (ConfUtils.java:logGet(44)) - raft.server.log.statemachine.data.caching.enabled = true (custom)
2022-01-10 13:24:02,483 [EventQueue-OpenPipelineForHealthyPipelineSafeModeRule] INFO  safemode.SCMSafeModeManager (HealthyPipelineSafeModeRule.java:process(124)) - SCM in safe mode. Healthy pipelines reported count is 0, required healthy pipeline reported count is 1
2022-01-10 13:24:02,483 [pool-323-thread-1] INFO  segmented.SegmentedRaftLogWorker (SegmentedRaftLogWorker.java:lambda$new$0(133)) - cd4304a5-ad25-4184-aa9b-9d5680dbb42f@group-A4D2DF4C4470-SegmentedRaftLogWorker: flushIndex: setUnconditionally 0 -> -1
2022-01-10 13:24:02,483 [pool-323-thread-1] INFO  segmented.SegmentedRaftLogWorker (SegmentedRaftLogWorker.java:lambda$new$0(133)) - cd4304a5-ad25-4184-aa9b-9d5680dbb42f@group-A4D2DF4C4470-SegmentedRaftLogWorker: safeCacheEvictIndex: setUnconditionally 0 -> -1
2022-01-10 13:24:02,483 [pool-300-thread-1] INFO  storage.RaftStorageDirectory (RaftStorageDirectoryImpl.java:tryLock(230)) - Lock on /home/runner/work/ozone/ozone/hadoop-ozone/integration-test/target/test-dir/MiniOzoneClusterImpl-4961146f-9f28-4cba-af76-74f7029fd382/datanode-0/data/ratis/85deabe5-ad07-422e-babd-a4d2df4c4470/in_use.lock acquired by nodename 8207@fv-az12-360
2022-01-10 13:24:02,487 [pool-300-thread-1] INFO  storage.RaftStorage (RaftStorageImpl.java:format(89)) - Storage directory /home/runner/work/ozone/ozone/hadoop-ozone/integration-test/target/test-dir/MiniOzoneClusterImpl-4961146f-9f28-4cba-af76-74f7029fd382/datanode-0/data/ratis/85deabe5-ad07-422e-babd-a4d2df4c4470 has been successfully formatted.
2022-01-10 13:24:02,492 [pool-323-thread-1] INFO  server.RaftServerConfigKeys (ConfUtils.java:logGet(44)) - raft.server.snapshot.auto.trigger.enabled = true (custom)
2022-01-10 13:24:02,492 [pool-323-thread-1] INFO  server.RaftServerConfigKeys (ConfUtils.java:logGet(44)) - raft.server.snapshot.auto.trigger.threshold = 10000 (custom)
2022-01-10 13:24:02,492 [pool-323-thread-1] INFO  server.RaftServerConfigKeys (ConfUtils.java:logGet(44)) - raft.server.snapshot.retention.file.num = 5 (custom)
2022-01-10 13:24:02,492 [pool-323-thread-1] INFO  server.RaftServerConfigKeys (ConfUtils.java:logGet(44)) - raft.server.log.purge.upto.snapshot.index = false (default)
2022-01-10 13:24:02,492 [pool-323-thread-1] INFO  server.RaftServerConfigKeys (ConfUtils.java:logGet(44)) - raft.server.retrycache.expirytime = 600000ms (custom)
2022-01-10 13:24:02,492 [pool-323-thread-1] INFO  server.RaftServerConfigKeys (ConfUtils.java:logGet(44)) - raft.server.retrycache.statistics.expirytime = 100μs (default)
2022-01-10 13:24:02,493 [pool-323-thread-1] INFO  server.RaftServer$Division (RaftServerImpl.java:start(301)) - cd4304a5-ad25-4184-aa9b-9d5680dbb42f@group-A4D2DF4C4470: start as a follower, conf=-1: [cd4304a5-ad25-4184-aa9b-9d5680dbb42f|rpc:127.0.0.1:44433|priority:1, 9ca66d1e-a818-43c9-bf62-5187506efa35|rpc:127.0.0.1:42475|priority:0, 4b3c65cf-387e-4213-93df-57198a9c946a|rpc:127.0.0.1:38165|priority:0], old=null
2022-01-10 13:24:02,492 [pool-300-thread-1] INFO  ratis.ContainerStateMachine (ContainerStateMachine.java:loadSnapshot(231)) - group-A4D2DF4C4470: The snapshot info is null. Setting the last applied indexto:(t:0, i:~)
2022-01-10 13:24:02,494 [pool-300-thread-1] INFO  server.RaftServerConfigKeys (ConfUtils.java:logGet(44)) - raft.server.notification.no-leader.timeout = 300s (custom)
2022-01-10 13:24:02,494 [pool-300-thread-1] INFO  server.RaftServerConfigKeys (ConfUtils.java:logGet(44)) - raft.server.log.use.memory = false (default)
2022-01-10 13:24:02,494 [pool-300-thread-1] INFO  server.RaftServerConfigKeys (ConfUtils.java:logGet(44)) - raft.server.log.purge.gap = 1000000 (custom)
2022-01-10 13:24:02,494 [pool-300-thread-1] INFO  server.RaftServerConfigKeys (ConfUtils.java:logGet(44)) - raft.server.log.appender.buffer.byte-limit = 33554432 (custom)
2022-01-10 13:24:02,494 [pool-300-thread-1] INFO  server.RaftServerConfigKeys (ConfUtils.java:logGet(44)) - raft.server.log.segment.size.max = 1048576 (custom)
2022-01-10 13:24:02,495 [pool-300-thread-1] INFO  server.RaftServerConfigKeys (ConfUtils.java:logGet(44)) - raft.server.log.segment.cache.num.max = 2 (custom)
2022-01-10 13:24:02,495 [pool-300-thread-1] INFO  server.RaftServerConfigKeys (ConfUtils.java:logGet(44)) - raft.server.log.segment.cache.size.max = 200MB (=209715200) (default)
2022-01-10 13:24:02,495 [pool-300-thread-1] INFO  segmented.SegmentedRaftLogWorker (SegmentedRaftLogWorker.java:<init>(182)) - new 4b3c65cf-387e-4213-93df-57198a9c946a@group-A4D2DF4C4470-SegmentedRaftLogWorker for RaftStorageImpl:Storage Directory /home/runner/work/ozone/ozone/hadoop-ozone/integration-test/target/test-dir/MiniOzoneClusterImpl-4961146f-9f28-4cba-af76-74f7029fd382/datanode-0/data/ratis/85deabe5-ad07-422e-babd-a4d2df4c4470
2022-01-10 13:24:02,495 [pool-300-thread-1] INFO  server.RaftServerConfigKeys (ConfUtils.java:logGet(44)) - raft.server.log.queue.byte-limit = 2147483647 (custom)
2022-01-10 13:24:02,495 [pool-300-thread-1] INFO  server.RaftServerConfigKeys (ConfUtils.java:logGet(44)) - raft.server.log.queue.element-limit = 1024 (custom)
2022-01-10 13:24:02,495 [pool-300-thread-1] INFO  server.RaftServerConfigKeys (ConfUtils.java:logGet(44)) - raft.server.log.segment.size.max = 1048576 (custom)
2022-01-10 13:24:02,495 [pool-300-thread-1] INFO  server.RaftServerConfigKeys (ConfUtils.java:logGet(44)) - raft.server.log.preallocated.size = 16384 (custom)
2022-01-10 13:24:02,495 [pool-300-thread-1] INFO  server.RaftServerConfigKeys (ConfUtils.java:logGet(44)) - raft.server.log.force.sync.num = 128 (default)
2022-01-10 13:24:02,495 [pool-300-thread-1] INFO  server.RaftServerConfigKeys (ConfUtils.java:logGet(44)) - raft.server.log.statemachine.data.sync = true (default)
2022-01-10 13:24:02,495 [pool-300-thread-1] INFO  server.RaftServerConfigKeys (ConfUtils.java:logGet(44)) - raft.server.log.statemachine.data.sync.timeout = 10s (default)
2022-01-10 13:24:02,495 [pool-300-thread-1] INFO  server.RaftServerConfigKeys (ConfUtils.java:logGet(44)) - raft.server.log.statemachine.data.sync.timeout.retry = -1 (default)
2022-01-10 13:24:02,496 [pool-300-thread-1] INFO  server.RaftServerConfigKeys (ConfUtils.java:logGet(44)) - raft.server.log.write.buffer.size = 1048576 (custom)
2022-01-10 13:24:02,496 [pool-300-thread-1] INFO  server.RaftServerConfigKeys (ConfUtils.java:logGet(44)) - raft.server.log.statemachine.data.caching.enabled = true (custom)
2022-01-10 13:24:02,497 [pool-300-thread-1] INFO  segmented.SegmentedRaftLogWorker (SegmentedRaftLogWorker.java:lambda$new$0(133)) - 4b3c65cf-387e-4213-93df-57198a9c946a@group-A4D2DF4C4470-SegmentedRaftLogWorker: flushIndex: setUnconditionally 0 -> -1
2022-01-10 13:24:02,497 [pool-300-thread-1] INFO  segmented.SegmentedRaftLogWorker (SegmentedRaftLogWorker.java:lambda$new$0(133)) - 4b3c65cf-387e-4213-93df-57198a9c946a@group-A4D2DF4C4470-SegmentedRaftLogWorker: safeCacheEvictIndex: setUnconditionally 0 -> -1
2022-01-10 13:24:02,497 [pool-323-thread-1] INFO  server.RaftServer$Division (RaftServerImpl.java:setRole(290)) - cd4304a5-ad25-4184-aa9b-9d5680dbb42f@group-A4D2DF4C4470: changes role from      null to FOLLOWER at term 0 for startAsFollower
2022-01-10 13:24:02,500 [pool-300-thread-1] INFO  server.RaftServerConfigKeys (ConfUtils.java:logGet(44)) - raft.server.snapshot.auto.trigger.enabled = true (custom)
2022-01-10 13:24:02,500 [pool-300-thread-1] INFO  server.RaftServerConfigKeys (ConfUtils.java:logGet(44)) - raft.server.snapshot.auto.trigger.threshold = 10000 (custom)
2022-01-10 13:24:02,500 [pool-300-thread-1] INFO  server.RaftServerConfigKeys (ConfUtils.java:logGet(44)) - raft.server.snapshot.retention.file.num = 5 (custom)
2022-01-10 13:24:02,500 [pool-300-thread-1] INFO  server.RaftServerConfigKeys (ConfUtils.java:logGet(44)) - raft.server.log.purge.upto.snapshot.index = false (default)
2022-01-10 13:24:02,500 [pool-300-thread-1] INFO  server.RaftServerConfigKeys (ConfUtils.java:logGet(44)) - raft.server.retrycache.expirytime = 600000ms (custom)
2022-01-10 13:24:02,500 [pool-300-thread-1] INFO  server.RaftServerConfigKeys (ConfUtils.java:logGet(44)) - raft.server.retrycache.statistics.expirytime = 100μs (default)
2022-01-10 13:24:02,501 [pool-300-thread-1] INFO  server.RaftServer$Division (RaftServerImpl.java:start(301)) - 4b3c65cf-387e-4213-93df-57198a9c946a@group-A4D2DF4C4470: start as a follower, conf=-1: [cd4304a5-ad25-4184-aa9b-9d5680dbb42f|rpc:127.0.0.1:44433|priority:1, 9ca66d1e-a818-43c9-bf62-5187506efa35|rpc:127.0.0.1:42475|priority:0, 4b3c65cf-387e-4213-93df-57198a9c946a|rpc:127.0.0.1:38165|priority:0], old=null
2022-01-10 13:24:02,501 [pool-300-thread-1] INFO  server.RaftServer$Division (RaftServerImpl.java:setRole(290)) - 4b3c65cf-387e-4213-93df-57198a9c946a@group-A4D2DF4C4470: changes role from      null to FOLLOWER at term 0 for startAsFollower
2022-01-10 13:24:02,502 [pool-300-thread-1] INFO  impl.RoleInfo (RoleInfo.java:updateAndGet(130)) - 4b3c65cf-387e-4213-93df-57198a9c946a: start 4b3c65cf-387e-4213-93df-57198a9c946a@group-A4D2DF4C4470-FollowerState
2022-01-10 13:24:02,505 [pool-300-thread-1] INFO  util.JmxRegister (JmxRegister.java:tryRegister(44)) - Successfully registered JMX Bean with object name Ratis:service=RaftServer,group=group-A4D2DF4C4470,id=4b3c65cf-387e-4213-93df-57198a9c946a
2022-01-10 13:24:02,505 [pool-323-thread-1] INFO  impl.RoleInfo (RoleInfo.java:updateAndGet(130)) - cd4304a5-ad25-4184-aa9b-9d5680dbb42f: start cd4304a5-ad25-4184-aa9b-9d5680dbb42f@group-A4D2DF4C4470-FollowerState
2022-01-10 13:24:02,517 [pool-323-thread-1] INFO  util.JmxRegister (JmxRegister.java:tryRegister(44)) - Successfully registered JMX Bean with object name Ratis:service=RaftServer,group=group-A4D2DF4C4470,id=cd4304a5-ad25-4184-aa9b-9d5680dbb42f
2022-01-10 13:24:02,522 [Command processor thread] INFO  ratis.XceiverServerRatis (XceiverServerRatis.java:addGroup(768)) - Created group PipelineID=85deabe5-ad07-422e-babd-a4d2df4c4470
2022-01-10 13:24:02,525 [Command processor thread] INFO  ratis.XceiverServerRatis (XceiverServerRatis.java:addGroup(768)) - Created group PipelineID=85deabe5-ad07-422e-babd-a4d2df4c4470
2022-01-10 13:24:02,539 [grpc-default-executor-1] INFO  server.RaftServer (RaftServerProxy.java:addNew(95)) - 9ca66d1e-a818-43c9-bf62-5187506efa35: addNew group-A4D2DF4C4470:[cd4304a5-ad25-4184-aa9b-9d5680dbb42f|rpc:127.0.0.1:44433|dataStream:|priority:1, 9ca66d1e-a818-43c9-bf62-5187506efa35|rpc:127.0.0.1:42475|dataStream:|priority:0, 4b3c65cf-387e-4213-93df-57198a9c946a|rpc:127.0.0.1:38165|dataStream:|priority:0] returns group-A4D2DF4C4470:java.util.concurrent.CompletableFuture@cb45800[Not completed]
2022-01-10 13:24:02,540 [pool-346-thread-1] INFO  server.RaftServer$Division (RaftServerImpl.java:<init>(184)) - 9ca66d1e-a818-43c9-bf62-5187506efa35: new RaftServerImpl for group-A4D2DF4C4470:[cd4304a5-ad25-4184-aa9b-9d5680dbb42f|rpc:127.0.0.1:44433|dataStream:|priority:1, 9ca66d1e-a818-43c9-bf62-5187506efa35|rpc:127.0.0.1:42475|dataStream:|priority:0, 4b3c65cf-387e-4213-93df-57198a9c946a|rpc:127.0.0.1:38165|dataStream:|priority:0] with ContainerStateMachine:uninitialized
2022-01-10 13:24:02,540 [pool-346-thread-1] INFO  server.RaftServerConfigKeys (ConfUtils.java:logGet(44)) - raft.server.rpc.timeout.min = 5s (custom)
2022-01-10 13:24:02,540 [pool-346-thread-1] INFO  server.RaftServerConfigKeys (ConfUtils.java:logGet(44)) - raft.server.rpc.timeout.max = 5200ms (custom)
2022-01-10 13:24:02,540 [pool-346-thread-1] INFO  server.RaftServerConfigKeys (ConfUtils.java:logGet(44)) - raft.server.rpc.sleep.time = 25ms (default)
2022-01-10 13:24:02,540 [pool-346-thread-1] INFO  server.RaftServerConfigKeys (ConfUtils.java:logGet(44)) - raft.server.rpc.slowness.timeout = 300s (custom)
2022-01-10 13:24:02,541 [pool-346-thread-1] INFO  server.RaftServerConfigKeys (ConfUtils.java:logGet(44)) - raft.server.leaderelection.leader.step-down.wait-time = 10s (default)
2022-01-10 13:24:02,541 [pool-346-thread-1] INFO  server.RaftServerConfigKeys (ConfUtils.java:logGet(44)) - raft.server.sleep.deviation.threshold = 300ms (default)
2022-01-10 13:24:02,541 [pool-346-thread-1] INFO  server.RaftServerConfigKeys (ConfUtils.java:logGet(44)) - raft.server.log.appender.install.snapshot.enabled = false (custom)
2022-01-10 13:24:02,541 [pool-346-thread-1] INFO  server.RaftServer$Division (ServerState.java:<init>(105)) - 9ca66d1e-a818-43c9-bf62-5187506efa35@group-A4D2DF4C4470: ConfigurationManager, init=-1: [cd4304a5-ad25-4184-aa9b-9d5680dbb42f|rpc:127.0.0.1:44433|dataStream:|priority:1, 9ca66d1e-a818-43c9-bf62-5187506efa35|rpc:127.0.0.1:42475|dataStream:|priority:0, 4b3c65cf-387e-4213-93df-57198a9c946a|rpc:127.0.0.1:38165|dataStream:|priority:0], old=null, confs=<EMPTY_MAP>
2022-01-10 13:24:02,541 [pool-346-thread-1] INFO  server.RaftServerConfigKeys (ConfUtils.java:logGet(44)) - raft.server.storage.dir = [/home/runner/work/ozone/ozone/hadoop-ozone/integration-test/target/test-dir/MiniOzoneClusterImpl-4961146f-9f28-4cba-af76-74f7029fd382/datanode-2/data/ratis] (custom)
2022-01-10 13:24:02,541 [pool-346-thread-1] INFO  server.RaftServerConfigKeys (ConfUtils.java:logGet(44)) - raft.server.log.corruption.policy = EXCEPTION (default)
2022-01-10 13:24:02,541 [pool-346-thread-1] INFO  server.RaftServerConfigKeys (ConfUtils.java:logGet(44)) - raft.server.storage.free-space.min = 0MB (=0) (default)
2022-01-10 13:24:02,541 [pool-346-thread-1] INFO  storage.RaftStorageDirectory (RaftStorageDirectoryImpl.java:analyzeStorage(135)) - The storage directory /home/runner/work/ozone/ozone/hadoop-ozone/integration-test/target/test-dir/MiniOzoneClusterImpl-4961146f-9f28-4cba-af76-74f7029fd382/datanode-2/data/ratis/85deabe5-ad07-422e-babd-a4d2df4c4470 does not exist. Creating ...
2022-01-10 13:24:02,545 [pool-346-thread-1] INFO  storage.RaftStorageDirectory (RaftStorageDirectoryImpl.java:tryLock(230)) - Lock on /home/runner/work/ozone/ozone/hadoop-ozone/integration-test/target/test-dir/MiniOzoneClusterImpl-4961146f-9f28-4cba-af76-74f7029fd382/datanode-2/data/ratis/85deabe5-ad07-422e-babd-a4d2df4c4470/in_use.lock acquired by nodename 8207@fv-az12-360
2022-01-10 13:24:02,546 [pool-346-thread-1] INFO  storage.RaftStorage (RaftStorageImpl.java:format(89)) - Storage directory /home/runner/work/ozone/ozone/hadoop-ozone/integration-test/target/test-dir/MiniOzoneClusterImpl-4961146f-9f28-4cba-af76-74f7029fd382/datanode-2/data/ratis/85deabe5-ad07-422e-babd-a4d2df4c4470 has been successfully formatted.
2022-01-10 13:24:02,546 [pool-346-thread-1] INFO  ratis.ContainerStateMachine (ContainerStateMachine.java:loadSnapshot(231)) - group-A4D2DF4C4470: The snapshot info is null. Setting the last applied indexto:(t:0, i:~)
2022-01-10 13:24:02,546 [pool-346-thread-1] INFO  server.RaftServerConfigKeys (ConfUtils.java:logGet(44)) - raft.server.notification.no-leader.timeout = 300s (custom)
2022-01-10 13:24:02,546 [pool-346-thread-1] INFO  server.RaftServerConfigKeys (ConfUtils.java:logGet(44)) - raft.server.log.use.memory = false (default)
2022-01-10 13:24:02,546 [pool-346-thread-1] INFO  server.RaftServerConfigKeys (ConfUtils.java:logGet(44)) - raft.server.log.purge.gap = 1000000 (custom)
2022-01-10 13:24:02,546 [pool-346-thread-1] INFO  server.RaftServerConfigKeys (ConfUtils.java:logGet(44)) - raft.server.log.appender.buffer.byte-limit = 33554432 (custom)
2022-01-10 13:24:02,547 [pool-346-thread-1] INFO  server.RaftServerConfigKeys (ConfUtils.java:logGet(44)) - raft.server.log.segment.size.max = 1048576 (custom)
2022-01-10 13:24:02,547 [pool-346-thread-1] INFO  server.RaftServerConfigKeys (ConfUtils.java:logGet(44)) - raft.server.log.segment.cache.num.max = 2 (custom)
2022-01-10 13:24:02,547 [pool-346-thread-1] INFO  server.RaftServerConfigKeys (ConfUtils.java:logGet(44)) - raft.server.log.segment.cache.size.max = 200MB (=209715200) (default)
2022-01-10 13:24:02,547 [pool-346-thread-1] INFO  segmented.SegmentedRaftLogWorker (SegmentedRaftLogWorker.java:<init>(182)) - new 9ca66d1e-a818-43c9-bf62-5187506efa35@group-A4D2DF4C4470-SegmentedRaftLogWorker for RaftStorageImpl:Storage Directory /home/runner/work/ozone/ozone/hadoop-ozone/integration-test/target/test-dir/MiniOzoneClusterImpl-4961146f-9f28-4cba-af76-74f7029fd382/datanode-2/data/ratis/85deabe5-ad07-422e-babd-a4d2df4c4470
2022-01-10 13:24:02,547 [pool-346-thread-1] INFO  server.RaftServerConfigKeys (ConfUtils.java:logGet(44)) - raft.server.log.queue.byte-limit = 2147483647 (custom)
2022-01-10 13:24:02,547 [pool-346-thread-1] INFO  server.RaftServerConfigKeys (ConfUtils.java:logGet(44)) - raft.server.log.queue.element-limit = 1024 (custom)
2022-01-10 13:24:02,547 [pool-346-thread-1] INFO  server.RaftServerConfigKeys (ConfUtils.java:logGet(44)) - raft.server.log.segment.size.max = 1048576 (custom)
2022-01-10 13:24:02,547 [pool-346-thread-1] INFO  server.RaftServerConfigKeys (ConfUtils.java:logGet(44)) - raft.server.log.preallocated.size = 16384 (custom)
2022-01-10 13:24:02,547 [pool-346-thread-1] INFO  server.RaftServerConfigKeys (ConfUtils.java:logGet(44)) - raft.server.log.force.sync.num = 128 (default)
2022-01-10 13:24:02,547 [pool-346-thread-1] INFO  server.RaftServerConfigKeys (ConfUtils.java:logGet(44)) - raft.server.log.statemachine.data.sync = true (default)
2022-01-10 13:24:02,547 [pool-346-thread-1] INFO  server.RaftServerConfigKeys (ConfUtils.java:logGet(44)) - raft.server.log.statemachine.data.sync.timeout = 10s (default)
2022-01-10 13:24:02,548 [pool-346-thread-1] INFO  server.RaftServerConfigKeys (ConfUtils.java:logGet(44)) - raft.server.log.statemachine.data.sync.timeout.retry = -1 (default)
2022-01-10 13:24:02,548 [pool-346-thread-1] INFO  server.RaftServerConfigKeys (ConfUtils.java:logGet(44)) - raft.server.log.write.buffer.size = 1048576 (custom)
2022-01-10 13:24:02,549 [pool-346-thread-1] INFO  server.RaftServerConfigKeys (ConfUtils.java:logGet(44)) - raft.server.log.statemachine.data.caching.enabled = true (custom)
2022-01-10 13:24:02,549 [pool-346-thread-1] INFO  segmented.SegmentedRaftLogWorker (SegmentedRaftLogWorker.java:lambda$new$0(133)) - 9ca66d1e-a818-43c9-bf62-5187506efa35@group-A4D2DF4C4470-SegmentedRaftLogWorker: flushIndex: setUnconditionally 0 -> -1
2022-01-10 13:24:02,549 [pool-346-thread-1] INFO  segmented.SegmentedRaftLogWorker (SegmentedRaftLogWorker.java:lambda$new$0(133)) - 9ca66d1e-a818-43c9-bf62-5187506efa35@group-A4D2DF4C4470-SegmentedRaftLogWorker: safeCacheEvictIndex: setUnconditionally 0 -> -1
2022-01-10 13:24:02,550 [pool-346-thread-1] INFO  server.RaftServerConfigKeys (ConfUtils.java:logGet(44)) - raft.server.snapshot.auto.trigger.enabled = true (custom)
2022-01-10 13:24:02,550 [pool-346-thread-1] INFO  server.RaftServerConfigKeys (ConfUtils.java:logGet(44)) - raft.server.snapshot.auto.trigger.threshold = 10000 (custom)
2022-01-10 13:24:02,550 [pool-346-thread-1] INFO  server.RaftServerConfigKeys (ConfUtils.java:logGet(44)) - raft.server.snapshot.retention.file.num = 5 (custom)
2022-01-10 13:24:02,550 [pool-346-thread-1] INFO  server.RaftServerConfigKeys (ConfUtils.java:logGet(44)) - raft.server.log.purge.upto.snapshot.index = false (default)
2022-01-10 13:24:02,550 [pool-346-thread-1] INFO  server.RaftServerConfigKeys (ConfUtils.java:logGet(44)) - raft.server.retrycache.expirytime = 600000ms (custom)
2022-01-10 13:24:02,550 [pool-346-thread-1] INFO  server.RaftServerConfigKeys (ConfUtils.java:logGet(44)) - raft.server.retrycache.statistics.expirytime = 100μs (default)
2022-01-10 13:24:02,557 [pool-346-thread-1] INFO  server.RaftServer$Division (RaftServerImpl.java:start(301)) - 9ca66d1e-a818-43c9-bf62-5187506efa35@group-A4D2DF4C4470: start as a follower, conf=-1: [cd4304a5-ad25-4184-aa9b-9d5680dbb42f|rpc:127.0.0.1:44433|dataStream:|priority:1, 9ca66d1e-a818-43c9-bf62-5187506efa35|rpc:127.0.0.1:42475|dataStream:|priority:0, 4b3c65cf-387e-4213-93df-57198a9c946a|rpc:127.0.0.1:38165|dataStream:|priority:0], old=null
2022-01-10 13:24:02,558 [pool-346-thread-1] INFO  server.RaftServer$Division (RaftServerImpl.java:setRole(290)) - 9ca66d1e-a818-43c9-bf62-5187506efa35@group-A4D2DF4C4470: changes role from      null to FOLLOWER at term 0 for startAsFollower
2022-01-10 13:24:02,566 [pool-346-thread-1] INFO  impl.RoleInfo (RoleInfo.java:updateAndGet(130)) - 9ca66d1e-a818-43c9-bf62-5187506efa35: start 9ca66d1e-a818-43c9-bf62-5187506efa35@group-A4D2DF4C4470-FollowerState
2022-01-10 13:24:02,566 [pool-346-thread-1] INFO  util.JmxRegister (JmxRegister.java:tryRegister(44)) - Successfully registered JMX Bean with object name Ratis:service=RaftServer,group=group-A4D2DF4C4470,id=9ca66d1e-a818-43c9-bf62-5187506efa35
2022-01-10 13:24:02,586 [EndpointStateMachine task thread for /127.0.0.1:14619 - 0 ] INFO  ipc.Client (Client.java:handleConnectionFailure(977)) - Retrying connect to server: localhost/127.0.0.1:14619. Already tried 14 time(s); retry policy is RetryUpToMaximumCountWithFixedSleep(maxRetries=15, sleepTime=1000 MILLISECONDS)
2022-01-10 13:24:02,587 [EndpointStateMachine task thread for /127.0.0.1:14609 - 0 ] INFO  ipc.Client (Client.java:handleConnectionFailure(977)) - Retrying connect to server: localhost/127.0.0.1:14609. Already tried 2 time(s); retry policy is RetryUpToMaximumCountWithFixedSleep(maxRetries=15, sleepTime=1000 MILLISECONDS)
2022-01-10 13:24:02,610 [EndpointStateMachine task thread for /127.0.0.1:14629 - 0 ] INFO  ipc.Client (Client.java:handleConnectionFailure(977)) - Retrying connect to server: localhost/127.0.0.1:14629. Already tried 14 time(s); retry policy is RetryUpToMaximumCountWithFixedSleep(maxRetries=15, sleepTime=1000 MILLISECONDS)
2022-01-10 13:24:02,685 [Command processor thread] INFO  commandhandler.CreatePipelineCommandHandler (CreatePipelineCommandHandler.java:handle(106)) - Created Pipeline RATIS THREE PipelineID=85deabe5-ad07-422e-babd-a4d2df4c4470.
2022-01-10 13:24:02,688 [Command processor thread] INFO  commandhandler.CreatePipelineCommandHandler (CreatePipelineCommandHandler.java:handle(106)) - Created Pipeline RATIS THREE PipelineID=85deabe5-ad07-422e-babd-a4d2df4c4470.
2022-01-10 13:24:02,926 [Listener at 127.0.0.1/11264] INFO  ozone.MiniOzoneClusterImpl (MiniOzoneClusterImpl.java:lambda$waitForClusterToBeReady$0(235)) - Nodes are ready. Got 3 of 3 DN Heartbeats.
2022-01-10 13:24:02,926 [Listener at 127.0.0.1/11264] INFO  ozone.MiniOzoneClusterImpl (MiniOzoneClusterImpl.java:lambda$waitForClusterToBeReady$0(238)) - Waiting for cluster to exit safe mode
2022-01-10 13:24:02,926 [Listener at 127.0.0.1/11264] INFO  ozone.MiniOzoneClusterImpl (MiniOzoneClusterImpl.java:lambda$waitForClusterToBeReady$0(240)) - SCM became leader
2022-01-10 13:24:03,021 [Command processor thread] INFO  server.RaftServer (RaftServerProxy.java:addNew(95)) - 9ca66d1e-a818-43c9-bf62-5187506efa35: addNew group-684F79557AE4:[9ca66d1e-a818-43c9-bf62-5187506efa35|rpc:127.0.0.1:42475|priority:1] returns group-684F79557AE4:java.util.concurrent.CompletableFuture@68092411[Not completed]
2022-01-10 13:24:03,022 [pool-346-thread-1] INFO  server.RaftServer$Division (RaftServerImpl.java:<init>(184)) - 9ca66d1e-a818-43c9-bf62-5187506efa35: new RaftServerImpl for group-684F79557AE4:[9ca66d1e-a818-43c9-bf62-5187506efa35|rpc:127.0.0.1:42475|priority:1] with ContainerStateMachine:uninitialized
2022-01-10 13:24:03,022 [pool-346-thread-1] INFO  server.RaftServerConfigKeys (ConfUtils.java:logGet(44)) - raft.server.rpc.timeout.min = 5s (custom)
2022-01-10 13:24:03,022 [pool-346-thread-1] INFO  server.RaftServerConfigKeys (ConfUtils.java:logGet(44)) - raft.server.rpc.timeout.max = 5200ms (custom)
2022-01-10 13:24:03,022 [pool-346-thread-1] INFO  server.RaftServerConfigKeys (ConfUtils.java:logGet(44)) - raft.server.rpc.sleep.time = 25ms (default)
2022-01-10 13:24:03,022 [pool-346-thread-1] INFO  server.RaftServerConfigKeys (ConfUtils.java:logGet(44)) - raft.server.rpc.slowness.timeout = 300s (custom)
2022-01-10 13:24:03,022 [pool-346-thread-1] INFO  server.RaftServerConfigKeys (ConfUtils.java:logGet(44)) - raft.server.leaderelection.leader.step-down.wait-time = 10s (default)
2022-01-10 13:24:03,022 [pool-346-thread-1] INFO  server.RaftServerConfigKeys (ConfUtils.java:logGet(44)) - raft.server.sleep.deviation.threshold = 300ms (default)
2022-01-10 13:24:03,022 [pool-346-thread-1] INFO  server.RaftServerConfigKeys (ConfUtils.java:logGet(44)) - raft.server.log.appender.install.snapshot.enabled = false (custom)
2022-01-10 13:24:03,022 [pool-346-thread-1] INFO  server.RaftServer$Division (ServerState.java:<init>(105)) - 9ca66d1e-a818-43c9-bf62-5187506efa35@group-684F79557AE4: ConfigurationManager, init=-1: [9ca66d1e-a818-43c9-bf62-5187506efa35|rpc:127.0.0.1:42475|priority:1], old=null, confs=<EMPTY_MAP>
2022-01-10 13:24:03,023 [pool-346-thread-1] INFO  server.RaftServerConfigKeys (ConfUtils.java:logGet(44)) - raft.server.storage.dir = [/home/runner/work/ozone/ozone/hadoop-ozone/integration-test/target/test-dir/MiniOzoneClusterImpl-4961146f-9f28-4cba-af76-74f7029fd382/datanode-2/data/ratis] (custom)
2022-01-10 13:24:03,023 [pool-346-thread-1] INFO  server.RaftServerConfigKeys (ConfUtils.java:logGet(44)) - raft.server.log.corruption.policy = EXCEPTION (default)
2022-01-10 13:24:03,023 [pool-346-thread-1] INFO  server.RaftServerConfigKeys (ConfUtils.java:logGet(44)) - raft.server.storage.free-space.min = 0MB (=0) (default)
2022-01-10 13:24:03,023 [pool-346-thread-1] INFO  storage.RaftStorageDirectory (RaftStorageDirectoryImpl.java:analyzeStorage(135)) - The storage directory /home/runner/work/ozone/ozone/hadoop-ozone/integration-test/target/test-dir/MiniOzoneClusterImpl-4961146f-9f28-4cba-af76-74f7029fd382/datanode-2/data/ratis/9caceafe-914c-4b3a-b4f1-684f79557ae4 does not exist. Creating ...
2022-01-10 13:24:03,025 [pool-346-thread-1] INFO  storage.RaftStorageDirectory (RaftStorageDirectoryImpl.java:tryLock(230)) - Lock on /home/runner/work/ozone/ozone/hadoop-ozone/integration-test/target/test-dir/MiniOzoneClusterImpl-4961146f-9f28-4cba-af76-74f7029fd382/datanode-2/data/ratis/9caceafe-914c-4b3a-b4f1-684f79557ae4/in_use.lock acquired by nodename 8207@fv-az12-360
2022-01-10 13:24:03,026 [pool-346-thread-1] INFO  storage.RaftStorage (RaftStorageImpl.java:format(89)) - Storage directory /home/runner/work/ozone/ozone/hadoop-ozone/integration-test/target/test-dir/MiniOzoneClusterImpl-4961146f-9f28-4cba-af76-74f7029fd382/datanode-2/data/ratis/9caceafe-914c-4b3a-b4f1-684f79557ae4 has been successfully formatted.
2022-01-10 13:24:03,026 [pool-346-thread-1] INFO  ratis.ContainerStateMachine (ContainerStateMachine.java:loadSnapshot(231)) - group-684F79557AE4: The snapshot info is null. Setting the last applied indexto:(t:0, i:~)
2022-01-10 13:24:03,028 [EventQueue-PipelineReportForPipelineReportHandler] INFO  pipeline.PipelineManagerImpl (PipelineManagerImpl.java:openPipeline(291)) - Pipeline Pipeline[ Id: 9caceafe-914c-4b3a-b4f1-684f79557ae4, Nodes: 9ca66d1e-a818-43c9-bf62-5187506efa35{ip: 127.0.0.1, host: localhost, ports: [REPLICATION=37635, RATIS=42475, RATIS_ADMIN=42475, RATIS_SERVER=42475, STANDALONE=35603], networkLocation: /default-rack, certSerialId: null, persistedOpState: IN_SERVICE, persistedOpStateExpiryEpochSec: 0}, ReplicationConfig: RATIS/ONE, State:ALLOCATED, leaderId:9ca66d1e-a818-43c9-bf62-5187506efa35, CreationTimestamp2022-01-10T13:24:00.026Z[Etc/UTC]] moved to OPEN state
2022-01-10 13:24:03,028 [EventQueue-PipelineReportForPipelineReportHandler] INFO  ha.SCMHAInvocationHandler (SCMHAInvocationHandler.java:invokeRatis(113)) - Invoking method public abstract void org.apache.hadoop.hdds.scm.pipeline.PipelineStateManager.updatePipelineState(org.apache.hadoop.hdds.protocol.proto.HddsProtos$PipelineID,org.apache.hadoop.hdds.protocol.proto.HddsProtos$PipelineState) throws java.io.IOException on target org.apache.hadoop.hdds.scm.ha.SCMRatisServerImpl@4124a273, cost 292.602us
2022-01-10 13:24:03,030 [pool-346-thread-1] INFO  server.RaftServerConfigKeys (ConfUtils.java:logGet(44)) - raft.server.notification.no-leader.timeout = 300s (custom)
2022-01-10 13:24:03,039 [pool-346-thread-1] INFO  server.RaftServerConfigKeys (ConfUtils.java:logGet(44)) - raft.server.log.use.memory = false (default)
2022-01-10 13:24:03,039 [pool-346-thread-1] INFO  server.RaftServerConfigKeys (ConfUtils.java:logGet(44)) - raft.server.log.purge.gap = 1000000 (custom)
2022-01-10 13:24:03,039 [pool-346-thread-1] INFO  server.RaftServerConfigKeys (ConfUtils.java:logGet(44)) - raft.server.log.appender.buffer.byte-limit = 33554432 (custom)
2022-01-10 13:24:03,039 [pool-346-thread-1] INFO  server.RaftServerConfigKeys (ConfUtils.java:logGet(44)) - raft.server.log.segment.size.max = 1048576 (custom)
2022-01-10 13:24:03,039 [pool-346-thread-1] INFO  server.RaftServerConfigKeys (ConfUtils.java:logGet(44)) - raft.server.log.segment.cache.num.max = 2 (custom)
2022-01-10 13:24:03,039 [pool-346-thread-1] INFO  server.RaftServerConfigKeys (ConfUtils.java:logGet(44)) - raft.server.log.segment.cache.size.max = 200MB (=209715200) (default)
2022-01-10 13:24:03,039 [pool-346-thread-1] INFO  segmented.SegmentedRaftLogWorker (SegmentedRaftLogWorker.java:<init>(182)) - new 9ca66d1e-a818-43c9-bf62-5187506efa35@group-684F79557AE4-SegmentedRaftLogWorker for RaftStorageImpl:Storage Directory /home/runner/work/ozone/ozone/hadoop-ozone/integration-test/target/test-dir/MiniOzoneClusterImpl-4961146f-9f28-4cba-af76-74f7029fd382/datanode-2/data/ratis/9caceafe-914c-4b3a-b4f1-684f79557ae4
2022-01-10 13:24:03,039 [pool-346-thread-1] INFO  server.RaftServerConfigKeys (ConfUtils.java:logGet(44)) - raft.server.log.queue.byte-limit = 2147483647 (custom)
2022-01-10 13:24:03,039 [pool-346-thread-1] INFO  server.RaftServerConfigKeys (ConfUtils.java:logGet(44)) - raft.server.log.queue.element-limit = 1024 (custom)
2022-01-10 13:24:03,039 [pool-346-thread-1] INFO  server.RaftServerConfigKeys (ConfUtils.java:logGet(44)) - raft.server.log.segment.size.max = 1048576 (custom)
2022-01-10 13:24:03,039 [pool-346-thread-1] INFO  server.RaftServerConfigKeys (ConfUtils.java:logGet(44)) - raft.server.log.preallocated.size = 16384 (custom)
2022-01-10 13:24:03,040 [pool-346-thread-1] INFO  server.RaftServerConfigKeys (ConfUtils.java:logGet(44)) - raft.server.log.force.sync.num = 128 (default)
2022-01-10 13:24:03,040 [pool-346-thread-1] INFO  server.RaftServerConfigKeys (ConfUtils.java:logGet(44)) - raft.server.log.statemachine.data.sync = true (default)
2022-01-10 13:24:03,040 [pool-346-thread-1] INFO  server.RaftServerConfigKeys (ConfUtils.java:logGet(44)) - raft.server.log.statemachine.data.sync.timeout = 10s (default)
2022-01-10 13:24:03,040 [pool-346-thread-1] INFO  server.RaftServerConfigKeys (ConfUtils.java:logGet(44)) - raft.server.log.statemachine.data.sync.timeout.retry = -1 (default)
2022-01-10 13:24:03,040 [pool-346-thread-1] INFO  server.RaftServerConfigKeys (ConfUtils.java:logGet(44)) - raft.server.log.write.buffer.size = 1048576 (custom)
2022-01-10 13:24:03,031 [EventQueue-PipelineReportForPipelineReportHandler] INFO  pipeline.PipelineManagerImpl (PipelineManagerImpl.java:openPipeline(291)) - Pipeline Pipeline[ Id: 9caceafe-914c-4b3a-b4f1-684f79557ae4, Nodes: 9ca66d1e-a818-43c9-bf62-5187506efa35{ip: 127.0.0.1, host: localhost, ports: [REPLICATION=37635, RATIS=42475, RATIS_ADMIN=42475, RATIS_SERVER=42475, STANDALONE=35603], networkLocation: /default-rack, certSerialId: null, persistedOpState: IN_SERVICE, persistedOpStateExpiryEpochSec: 0}, ReplicationConfig: RATIS/ONE, State:ALLOCATED, leaderId:9ca66d1e-a818-43c9-bf62-5187506efa35, CreationTimestamp2022-01-10T13:24:00.026Z[Etc/UTC]] moved to OPEN state
2022-01-10 13:24:03,042 [pool-346-thread-1] INFO  server.RaftServerConfigKeys (ConfUtils.java:logGet(44)) - raft.server.log.statemachine.data.caching.enabled = true (custom)
2022-01-10 13:24:03,043 [pool-346-thread-1] INFO  segmented.SegmentedRaftLogWorker (SegmentedRaftLogWorker.java:lambda$new$0(133)) - 9ca66d1e-a818-43c9-bf62-5187506efa35@group-684F79557AE4-SegmentedRaftLogWorker: flushIndex: setUnconditionally 0 -> -1
2022-01-10 13:24:03,043 [pool-346-thread-1] INFO  segmented.SegmentedRaftLogWorker (SegmentedRaftLogWorker.java:lambda$new$0(133)) - 9ca66d1e-a818-43c9-bf62-5187506efa35@group-684F79557AE4-SegmentedRaftLogWorker: safeCacheEvictIndex: setUnconditionally 0 -> -1
2022-01-10 13:24:03,062 [7fcd8313-8ccc-4d12-b0b9-018c7cf319d8@group-74F7029FD382-StateMachineUpdater] INFO  safemode.HealthyPipelineSafeModeRule (HealthyPipelineSafeModeRule.java:initializeRule(152)) - Refreshed total pipeline count is 0, healthy pipeline threshold count is 1
2022-01-10 13:24:03,072 [pool-346-thread-1] INFO  server.RaftServerConfigKeys (ConfUtils.java:logGet(44)) - raft.server.snapshot.auto.trigger.enabled = true (custom)
2022-01-10 13:24:03,082 [pool-346-thread-1] INFO  server.RaftServerConfigKeys (ConfUtils.java:logGet(44)) - raft.server.snapshot.auto.trigger.threshold = 10000 (custom)
2022-01-10 13:24:03,082 [pool-346-thread-1] INFO  server.RaftServerConfigKeys (ConfUtils.java:logGet(44)) - raft.server.snapshot.retention.file.num = 5 (custom)
2022-01-10 13:24:03,082 [pool-346-thread-1] INFO  server.RaftServerConfigKeys (ConfUtils.java:logGet(44)) - raft.server.log.purge.upto.snapshot.index = false (default)
2022-01-10 13:24:03,082 [EventQueue-PipelineReportForPipelineReportHandler] INFO  ha.SCMHAInvocationHandler (SCMHAInvocationHandler.java:invokeRatis(113)) - Invoking method public abstract void org.apache.hadoop.hdds.scm.pipeline.PipelineStateManager.updatePipelineState(org.apache.hadoop.hdds.protocol.proto.HddsProtos$PipelineID,org.apache.hadoop.hdds.protocol.proto.HddsProtos$PipelineState) throws java.io.IOException on target org.apache.hadoop.hdds.scm.ha.SCMRatisServerImpl@716fa625, cost 41586.625us
2022-01-10 13:24:03,082 [pool-346-thread-1] INFO  server.RaftServerConfigKeys (ConfUtils.java:logGet(44)) - raft.server.retrycache.expirytime = 600000ms (custom)
2022-01-10 13:24:03,083 [pool-346-thread-1] INFO  server.RaftServerConfigKeys (ConfUtils.java:logGet(44)) - raft.server.retrycache.statistics.expirytime = 100μs (default)
2022-01-10 13:24:03,083 [EventQueue-OpenPipelineForHealthyPipelineSafeModeRule] INFO  safemode.SCMSafeModeManager (HealthyPipelineSafeModeRule.java:process(124)) - SCM in safe mode. Healthy pipelines reported count is 0, required healthy pipeline reported count is 1
2022-01-10 13:24:03,084 [pool-346-thread-1] INFO  server.RaftServer$Division (RaftServerImpl.java:start(301)) - 9ca66d1e-a818-43c9-bf62-5187506efa35@group-684F79557AE4: start as a follower, conf=-1: [9ca66d1e-a818-43c9-bf62-5187506efa35|rpc:127.0.0.1:42475|priority:1], old=null
2022-01-10 13:24:03,084 [pool-346-thread-1] INFO  server.RaftServer$Division (RaftServerImpl.java:setRole(290)) - 9ca66d1e-a818-43c9-bf62-5187506efa35@group-684F79557AE4: changes role from      null to FOLLOWER at term 0 for startAsFollower
2022-01-10 13:24:03,084 [pool-346-thread-1] INFO  impl.RoleInfo (RoleInfo.java:updateAndGet(130)) - 9ca66d1e-a818-43c9-bf62-5187506efa35: start 9ca66d1e-a818-43c9-bf62-5187506efa35@group-684F79557AE4-FollowerState
2022-01-10 13:24:03,089 [pool-346-thread-1] INFO  util.JmxRegister (JmxRegister.java:tryRegister(44)) - Successfully registered JMX Bean with object name Ratis:service=RaftServer,group=group-684F79557AE4,id=9ca66d1e-a818-43c9-bf62-5187506efa35
2022-01-10 13:24:03,093 [Command processor thread] INFO  ratis.XceiverServerRatis (XceiverServerRatis.java:addGroup(768)) - Created group PipelineID=9caceafe-914c-4b3a-b4f1-684f79557ae4
2022-01-10 13:24:03,093 [Command processor thread] INFO  commandhandler.CreatePipelineCommandHandler (CreatePipelineCommandHandler.java:handle(106)) - Created Pipeline RATIS ONE PipelineID=9caceafe-914c-4b3a-b4f1-684f79557ae4.
2022-01-10 13:24:03,114 [494c7a1b-9442-431c-b450-0b8d0617d867@group-74F7029FD382-StateMachineUpdater] INFO  safemode.HealthyPipelineSafeModeRule (HealthyPipelineSafeModeRule.java:initializeRule(152)) - Refreshed total pipeline count is 0, healthy pipeline threshold count is 1
2022-01-10 13:24:03,115 [EventQueue-OpenPipelineForHealthyPipelineSafeModeRule] INFO  safemode.SCMSafeModeManager (HealthyPipelineSafeModeRule.java:process(124)) - SCM in safe mode. Healthy pipelines reported count is 0, required healthy pipeline reported count is 1
2022-01-10 13:24:03,116 [EventQueue-OpenPipelineForHealthyPipelineSafeModeRule] INFO  safemode.SCMSafeModeManager (HealthyPipelineSafeModeRule.java:process(124)) - SCM in safe mode. Healthy pipelines reported count is 0, required healthy pipeline reported count is 1
2022-01-10 13:24:03,492 [Datanode State Machine Daemon Thread] ERROR datanode.RunningDatanodeState (RunningDatanodeState.java:computeNextContainerState(199)) - Error in executing end point task.
java.util.concurrent.ExecutionException: java.util.concurrent.TimeoutException
	at java.util.concurrent.FutureTask.report(FutureTask.java:122)
	at java.util.concurrent.FutureTask.get(FutureTask.java:192)
	at org.apache.hadoop.ozone.container.common.states.datanode.RunningDatanodeState.computeNextContainerState(RunningDatanodeState.java:191)
	at org.apache.hadoop.ozone.container.common.states.datanode.RunningDatanodeState.await(RunningDatanodeState.java:231)
	at org.apache.hadoop.ozone.container.common.states.datanode.RunningDatanodeState.await(RunningDatanodeState.java:50)
	at org.apache.hadoop.ozone.container.common.statemachine.StateContext.execute(StateContext.java:633)
	at org.apache.hadoop.ozone.container.common.statemachine.DatanodeStateMachine.start(DatanodeStateMachine.java:280)
	at org.apache.hadoop.ozone.container.common.statemachine.DatanodeStateMachine.lambda$startDaemon$0(DatanodeStateMachine.java:468)
	at java.lang.Thread.run(Thread.java:748)
Caused by: java.util.concurrent.TimeoutException
	at java.util.concurrent.FutureTask.get(FutureTask.java:205)
	at org.apache.hadoop.ozone.container.common.states.datanode.RunningDatanodeState.lambda$execute$0(RunningDatanodeState.java:149)
	at java.util.concurrent.FutureTask.run(FutureTask.java:266)
	at java.util.concurrent.Executors$RunnableAdapter.call(Executors.java:511)
	at java.util.concurrent.FutureTask.run(FutureTask.java:266)
	at java.util.concurrent.ThreadPoolExecutor.runWorker(ThreadPoolExecutor.java:1149)
	at java.util.concurrent.ThreadPoolExecutor$Worker.run(ThreadPoolExecutor.java:624)
	... 1 more
2022-01-10 13:24:03,587 [EndpointStateMachine task thread for /127.0.0.1:14619 - 0 ] INFO  ipc.Client (Client.java:handleConnectionFailure(977)) - Retrying connect to server: localhost/127.0.0.1:14619. Already tried 0 time(s); retry policy is RetryUpToMaximumCountWithFixedSleep(maxRetries=15, sleepTime=1000 MILLISECONDS)
2022-01-10 13:24:03,587 [EndpointStateMachine task thread for /127.0.0.1:14609 - 0 ] INFO  ipc.Client (Client.java:handleConnectionFailure(977)) - Retrying connect to server: localhost/127.0.0.1:14609. Already tried 3 time(s); retry policy is RetryUpToMaximumCountWithFixedSleep(maxRetries=15, sleepTime=1000 MILLISECONDS)
2022-01-10 13:24:03,611 [EndpointStateMachine task thread for /127.0.0.1:14629 - 0 ] INFO  ipc.Client (Client.java:handleConnectionFailure(977)) - Retrying connect to server: localhost/127.0.0.1:14629. Already tried 0 time(s); retry policy is RetryUpToMaximumCountWithFixedSleep(maxRetries=15, sleepTime=1000 MILLISECONDS)
2022-01-10 13:24:03,926 [Listener at 127.0.0.1/11264] INFO  ozone.MiniOzoneClusterImpl (MiniOzoneClusterImpl.java:lambda$waitForClusterToBeReady$0(235)) - Nodes are ready. Got 3 of 3 DN Heartbeats.
2022-01-10 13:24:03,927 [Listener at 127.0.0.1/11264] INFO  ozone.MiniOzoneClusterImpl (MiniOzoneClusterImpl.java:lambda$waitForClusterToBeReady$0(238)) - Waiting for cluster to exit safe mode
2022-01-10 13:24:03,927 [Listener at 127.0.0.1/11264] INFO  ozone.MiniOzoneClusterImpl (MiniOzoneClusterImpl.java:lambda$waitForClusterToBeReady$0(240)) - SCM became leader
2022-01-10 13:24:04,587 [EndpointStateMachine task thread for /127.0.0.1:14619 - 0 ] INFO  ipc.Client (Client.java:handleConnectionFailure(977)) - Retrying connect to server: localhost/127.0.0.1:14619. Already tried 1 time(s); retry policy is RetryUpToMaximumCountWithFixedSleep(maxRetries=15, sleepTime=1000 MILLISECONDS)
2022-01-10 13:24:04,588 [EndpointStateMachine task thread for /127.0.0.1:14609 - 0 ] INFO  ipc.Client (Client.java:handleConnectionFailure(977)) - Retrying connect to server: localhost/127.0.0.1:14609. Already tried 4 time(s); retry policy is RetryUpToMaximumCountWithFixedSleep(maxRetries=15, sleepTime=1000 MILLISECONDS)
2022-01-10 13:24:04,611 [EndpointStateMachine task thread for /127.0.0.1:14629 - 0 ] INFO  ipc.Client (Client.java:handleConnectionFailure(977)) - Retrying connect to server: localhost/127.0.0.1:14629. Already tried 1 time(s); retry policy is RetryUpToMaximumCountWithFixedSleep(maxRetries=15, sleepTime=1000 MILLISECONDS)
2022-01-10 13:24:04,927 [Listener at 127.0.0.1/11264] INFO  ozone.MiniOzoneClusterImpl (MiniOzoneClusterImpl.java:lambda$waitForClusterToBeReady$0(235)) - Nodes are ready. Got 3 of 3 DN Heartbeats.
2022-01-10 13:24:04,927 [Listener at 127.0.0.1/11264] INFO  ozone.MiniOzoneClusterImpl (MiniOzoneClusterImpl.java:lambda$waitForClusterToBeReady$0(238)) - Waiting for cluster to exit safe mode
2022-01-10 13:24:04,927 [Listener at 127.0.0.1/11264] INFO  ozone.MiniOzoneClusterImpl (MiniOzoneClusterImpl.java:lambda$waitForClusterToBeReady$0(240)) - SCM became leader
2022-01-10 13:24:05,026 [Datanode State Machine Daemon Thread] ERROR datanode.RunningDatanodeState (RunningDatanodeState.java:computeNextContainerState(199)) - Error in executing end point task.
java.util.concurrent.ExecutionException: java.util.concurrent.TimeoutException
	at java.util.concurrent.FutureTask.report(FutureTask.java:122)
	at java.util.concurrent.FutureTask.get(FutureTask.java:192)
	at org.apache.hadoop.ozone.container.common.states.datanode.RunningDatanodeState.computeNextContainerState(RunningDatanodeState.java:191)
	at org.apache.hadoop.ozone.container.common.states.datanode.RunningDatanodeState.await(RunningDatanodeState.java:231)
	at org.apache.hadoop.ozone.container.common.states.datanode.RunningDatanodeState.await(RunningDatanodeState.java:50)
	at org.apache.hadoop.ozone.container.common.statemachine.StateContext.execute(StateContext.java:633)
	at org.apache.hadoop.ozone.container.common.statemachine.DatanodeStateMachine.start(DatanodeStateMachine.java:280)
	at org.apache.hadoop.ozone.container.common.statemachine.DatanodeStateMachine.lambda$startDaemon$0(DatanodeStateMachine.java:468)
	at java.lang.Thread.run(Thread.java:748)
Caused by: java.util.concurrent.TimeoutException
	at java.util.concurrent.FutureTask.get(FutureTask.java:205)
	at org.apache.hadoop.ozone.container.common.states.datanode.RunningDatanodeState.lambda$execute$0(RunningDatanodeState.java:149)
	at java.util.concurrent.FutureTask.run(FutureTask.java:266)
	at java.util.concurrent.Executors$RunnableAdapter.call(Executors.java:511)
	at java.util.concurrent.FutureTask.run(FutureTask.java:266)
	at java.util.concurrent.ThreadPoolExecutor.runWorker(ThreadPoolExecutor.java:1149)
	at java.util.concurrent.ThreadPoolExecutor$Worker.run(ThreadPoolExecutor.java:624)
	... 1 more
2022-01-10 13:24:05,480 [Datanode State Machine Daemon Thread] ERROR datanode.RunningDatanodeState (RunningDatanodeState.java:computeNextContainerState(199)) - Error in executing end point task.
java.util.concurrent.ExecutionException: java.util.concurrent.TimeoutException
	at java.util.concurrent.FutureTask.report(FutureTask.java:122)
	at java.util.concurrent.FutureTask.get(FutureTask.java:192)
	at org.apache.hadoop.ozone.container.common.states.datanode.RunningDatanodeState.computeNextContainerState(RunningDatanodeState.java:191)
	at org.apache.hadoop.ozone.container.common.states.datanode.RunningDatanodeState.await(RunningDatanodeState.java:231)
	at org.apache.hadoop.ozone.container.common.states.datanode.RunningDatanodeState.await(RunningDatanodeState.java:50)
	at org.apache.hadoop.ozone.container.common.statemachine.StateContext.execute(StateContext.java:633)
	at org.apache.hadoop.ozone.container.common.statemachine.DatanodeStateMachine.start(DatanodeStateMachine.java:280)
	at org.apache.hadoop.ozone.container.common.statemachine.DatanodeStateMachine.lambda$startDaemon$0(DatanodeStateMachine.java:468)
	at java.lang.Thread.run(Thread.java:748)
Caused by: java.util.concurrent.TimeoutException
	at java.util.concurrent.FutureTask.get(FutureTask.java:205)
	at org.apache.hadoop.ozone.container.common.states.datanode.RunningDatanodeState.lambda$execute$0(RunningDatanodeState.java:149)
	at java.util.concurrent.FutureTask.run(FutureTask.java:266)
	at java.util.concurrent.Executors$RunnableAdapter.call(Executors.java:511)
	at java.util.concurrent.FutureTask.run(FutureTask.java:266)
	at java.util.concurrent.ThreadPoolExecutor.runWorker(ThreadPoolExecutor.java:1149)
	at java.util.concurrent.ThreadPoolExecutor$Worker.run(ThreadPoolExecutor.java:624)
	... 1 more
2022-01-10 13:24:05,598 [EndpointStateMachine task thread for /127.0.0.1:14609 - 0 ] INFO  ipc.Client (Client.java:handleConnectionFailure(977)) - Retrying connect to server: localhost/127.0.0.1:14609. Already tried 5 time(s); retry policy is RetryUpToMaximumCountWithFixedSleep(maxRetries=15, sleepTime=1000 MILLISECONDS)
2022-01-10 13:24:05,598 [EndpointStateMachine task thread for /127.0.0.1:14619 - 0 ] INFO  ipc.Client (Client.java:handleConnectionFailure(977)) - Retrying connect to server: localhost/127.0.0.1:14619. Already tried 2 time(s); retry policy is RetryUpToMaximumCountWithFixedSleep(maxRetries=15, sleepTime=1000 MILLISECONDS)
2022-01-10 13:24:05,612 [EndpointStateMachine task thread for /127.0.0.1:14629 - 0 ] INFO  ipc.Client (Client.java:handleConnectionFailure(977)) - Retrying connect to server: localhost/127.0.0.1:14629. Already tried 2 time(s); retry policy is RetryUpToMaximumCountWithFixedSleep(maxRetries=15, sleepTime=1000 MILLISECONDS)
2022-01-10 13:24:05,928 [Listener at 127.0.0.1/11264] INFO  ozone.MiniOzoneClusterImpl (MiniOzoneClusterImpl.java:lambda$waitForClusterToBeReady$0(235)) - Nodes are ready. Got 3 of 3 DN Heartbeats.
2022-01-10 13:24:05,928 [Listener at 127.0.0.1/11264] INFO  ozone.MiniOzoneClusterImpl (MiniOzoneClusterImpl.java:lambda$waitForClusterToBeReady$0(238)) - Waiting for cluster to exit safe mode
2022-01-10 13:24:05,928 [Listener at 127.0.0.1/11264] INFO  ozone.MiniOzoneClusterImpl (MiniOzoneClusterImpl.java:lambda$waitForClusterToBeReady$0(240)) - SCM became leader
2022-01-10 13:24:06,599 [EndpointStateMachine task thread for /127.0.0.1:14619 - 0 ] INFO  ipc.Client (Client.java:handleConnectionFailure(977)) - Retrying connect to server: localhost/127.0.0.1:14619. Already tried 3 time(s); retry policy is RetryUpToMaximumCountWithFixedSleep(maxRetries=15, sleepTime=1000 MILLISECONDS)
2022-01-10 13:24:06,600 [EndpointStateMachine task thread for /127.0.0.1:14609 - 0 ] INFO  ipc.Client (Client.java:handleConnectionFailure(977)) - Retrying connect to server: localhost/127.0.0.1:14609. Already tried 6 time(s); retry policy is RetryUpToMaximumCountWithFixedSleep(maxRetries=15, sleepTime=1000 MILLISECONDS)
2022-01-10 13:24:06,612 [EndpointStateMachine task thread for /127.0.0.1:14629 - 0 ] INFO  ipc.Client (Client.java:handleConnectionFailure(977)) - Retrying connect to server: localhost/127.0.0.1:14629. Already tried 3 time(s); retry policy is RetryUpToMaximumCountWithFixedSleep(maxRetries=15, sleepTime=1000 MILLISECONDS)
2022-01-10 13:24:06,928 [Listener at 127.0.0.1/11264] INFO  ozone.MiniOzoneClusterImpl (MiniOzoneClusterImpl.java:lambda$waitForClusterToBeReady$0(235)) - Nodes are ready. Got 3 of 3 DN Heartbeats.
2022-01-10 13:24:06,929 [Listener at 127.0.0.1/11264] INFO  ozone.MiniOzoneClusterImpl (MiniOzoneClusterImpl.java:lambda$waitForClusterToBeReady$0(238)) - Waiting for cluster to exit safe mode
2022-01-10 13:24:06,929 [Listener at 127.0.0.1/11264] INFO  ozone.MiniOzoneClusterImpl (MiniOzoneClusterImpl.java:lambda$waitForClusterToBeReady$0(240)) - SCM became leader
2022-01-10 13:24:07,284 [4b3c65cf-387e-4213-93df-57198a9c946a@group-80B97FC4288A-FollowerState] INFO  impl.FollowerState (FollowerState.java:run(134)) - 4b3c65cf-387e-4213-93df-57198a9c946a@group-80B97FC4288A-FollowerState: change to CANDIDATE, lastRpcElapsedTime:5101324922ns, electionTimeout:5092ms
2022-01-10 13:24:07,285 [4b3c65cf-387e-4213-93df-57198a9c946a@group-80B97FC4288A-FollowerState] INFO  impl.RoleInfo (RoleInfo.java:shutdownFollowerState(108)) - 4b3c65cf-387e-4213-93df-57198a9c946a: shutdown 4b3c65cf-387e-4213-93df-57198a9c946a@group-80B97FC4288A-FollowerState
2022-01-10 13:24:07,285 [4b3c65cf-387e-4213-93df-57198a9c946a@group-80B97FC4288A-FollowerState] INFO  server.RaftServer$Division (RaftServerImpl.java:setRole(290)) - 4b3c65cf-387e-4213-93df-57198a9c946a@group-80B97FC4288A: changes role from  FOLLOWER to CANDIDATE at term 0 for changeToCandidate
2022-01-10 13:24:07,285 [4b3c65cf-387e-4213-93df-57198a9c946a@group-80B97FC4288A-FollowerState] INFO  server.RaftServerConfigKeys (ConfUtils.java:logGet(44)) - raft.server.leaderelection.pre-vote = false (custom)
2022-01-10 13:24:07,285 [4b3c65cf-387e-4213-93df-57198a9c946a@group-80B97FC4288A-FollowerState] INFO  impl.RoleInfo (RoleInfo.java:updateAndGet(130)) - 4b3c65cf-387e-4213-93df-57198a9c946a: start 4b3c65cf-387e-4213-93df-57198a9c946a@group-80B97FC4288A-LeaderElection16
2022-01-10 13:24:07,306 [4b3c65cf-387e-4213-93df-57198a9c946a@group-80B97FC4288A-LeaderElection16] INFO  impl.LeaderElection (LeaderElection.java:askForVotes(306)) - 4b3c65cf-387e-4213-93df-57198a9c946a@group-80B97FC4288A-LeaderElection16 ELECTION round 0: submit vote requests at term 1 for -1: [4b3c65cf-387e-4213-93df-57198a9c946a|rpc:127.0.0.1:38165|priority:1], old=null
2022-01-10 13:24:07,306 [4b3c65cf-387e-4213-93df-57198a9c946a@group-80B97FC4288A-LeaderElection16] INFO  impl.LeaderElection (LeaderElection.java:askForVotes(308)) - 4b3c65cf-387e-4213-93df-57198a9c946a@group-80B97FC4288A-LeaderElection16 ELECTION round 0: result PASSED (term=1)
2022-01-10 13:24:07,306 [4b3c65cf-387e-4213-93df-57198a9c946a@group-80B97FC4288A-LeaderElection16] INFO  impl.RoleInfo (RoleInfo.java:shutdownLeaderElection(121)) - 4b3c65cf-387e-4213-93df-57198a9c946a: shutdown 4b3c65cf-387e-4213-93df-57198a9c946a@group-80B97FC4288A-LeaderElection16
2022-01-10 13:24:07,306 [4b3c65cf-387e-4213-93df-57198a9c946a@group-80B97FC4288A-LeaderElection16] INFO  server.RaftServer$Division (RaftServerImpl.java:setRole(290)) - 4b3c65cf-387e-4213-93df-57198a9c946a@group-80B97FC4288A: changes role from CANDIDATE to LEADER at term 1 for changeToLeader
2022-01-10 13:24:07,306 [4b3c65cf-387e-4213-93df-57198a9c946a@group-80B97FC4288A-LeaderElection16] INFO  ratis.XceiverServerRatis (XceiverServerRatis.java:handleLeaderChangedNotification(866)) - Leader change notification received for group: group-80B97FC4288A with new leaderId: 4b3c65cf-387e-4213-93df-57198a9c946a
2022-01-10 13:24:07,306 [4b3c65cf-387e-4213-93df-57198a9c946a@group-80B97FC4288A-LeaderElection16] INFO  server.RaftServer$Division (ServerState.java:setLeader(285)) - 4b3c65cf-387e-4213-93df-57198a9c946a@group-80B97FC4288A: change Leader from null to 4b3c65cf-387e-4213-93df-57198a9c946a at term 1 for becomeLeader, leader elected after 5150ms
2022-01-10 13:24:07,306 [4b3c65cf-387e-4213-93df-57198a9c946a@group-80B97FC4288A-LeaderElection16] INFO  server.RaftServerConfigKeys (ConfUtils.java:logGet(44)) - raft.server.staging.catchup.gap = 1000 (default)
2022-01-10 13:24:07,306 [4b3c65cf-387e-4213-93df-57198a9c946a@group-80B97FC4288A-LeaderElection16] INFO  server.RaftServerConfigKeys (ConfUtils.java:logGet(44)) - raft.server.write.element-limit = 1024 (custom)
2022-01-10 13:24:07,307 [4b3c65cf-387e-4213-93df-57198a9c946a@group-80B97FC4288A-LeaderElection16] INFO  server.RaftServerConfigKeys (ConfUtils.java:logGet(44)) - raft.server.write.byte-limit = 1024 M (=1073741824) (custom)
2022-01-10 13:24:07,307 [4b3c65cf-387e-4213-93df-57198a9c946a@group-80B97FC4288A-LeaderElection16] INFO  server.RaftServerConfigKeys (ConfUtils.java:logGet(44)) - raft.server.watch.timeout = 180s (custom)
2022-01-10 13:24:07,307 [4b3c65cf-387e-4213-93df-57198a9c946a@group-80B97FC4288A-LeaderElection16] INFO  server.RaftServerConfigKeys (ConfUtils.java:logGet(44)) - raft.server.watch.timeout.denomination = 1s (default)
2022-01-10 13:24:07,307 [4b3c65cf-387e-4213-93df-57198a9c946a@group-80B97FC4288A-LeaderElection16] INFO  server.RaftServerConfigKeys (ConfUtils.java:logGet(44)) - raft.server.watch.element-limit = 65536 (default)
2022-01-10 13:24:07,307 [4b3c65cf-387e-4213-93df-57198a9c946a@group-80B97FC4288A-LeaderElection16] INFO  server.RaftServerConfigKeys (ConfUtils.java:logGet(44)) - raft.server.write.element-limit = 1024 (custom)
2022-01-10 13:24:07,307 [4b3c65cf-387e-4213-93df-57198a9c946a@group-80B97FC4288A-LeaderElection16] INFO  server.RaftServerConfigKeys (ConfUtils.java:logGet(44)) - raft.server.write.follower.gap.ratio.max = -1.0 (default)
2022-01-10 13:24:07,307 [4b3c65cf-387e-4213-93df-57198a9c946a@group-80B97FC4288A-LeaderElection16] INFO  impl.RoleInfo (RoleInfo.java:updateAndGet(130)) - 4b3c65cf-387e-4213-93df-57198a9c946a: start 4b3c65cf-387e-4213-93df-57198a9c946a@group-80B97FC4288A-LeaderStateImpl
2022-01-10 13:24:07,307 [4b3c65cf-387e-4213-93df-57198a9c946a@group-80B97FC4288A-LeaderElection16] INFO  segmented.SegmentedRaftLogWorker (SegmentedRaftLogWorker.java:startLogSegment(394)) - 4b3c65cf-387e-4213-93df-57198a9c946a@group-80B97FC4288A-SegmentedRaftLogWorker: Starting segment from index:0
2022-01-10 13:24:07,309 [4b3c65cf-387e-4213-93df-57198a9c946a@group-80B97FC4288A-SegmentedRaftLogWorker] INFO  segmented.SegmentedRaftLogWorker (SegmentedRaftLogWorker.java:execute(601)) - 4b3c65cf-387e-4213-93df-57198a9c946a@group-80B97FC4288A-SegmentedRaftLogWorker: created new log segment /home/runner/work/ozone/ozone/hadoop-ozone/integration-test/target/test-dir/MiniOzoneClusterImpl-4961146f-9f28-4cba-af76-74f7029fd382/datanode-0/data/ratis/76d50db2-0651-4aaf-958e-80b97fc4288a/current/log_inprogress_0
2022-01-10 13:24:07,310 [EventQueue-OpenPipelineForHealthyPipelineSafeModeRule] INFO  safemode.SCMSafeModeManager (HealthyPipelineSafeModeRule.java:process(124)) - SCM in safe mode. Healthy pipelines reported count is 0, required healthy pipeline reported count is 1
2022-01-10 13:24:07,317 [EventQueue-OpenPipelineForHealthyPipelineSafeModeRule] INFO  safemode.SCMSafeModeManager (HealthyPipelineSafeModeRule.java:process(124)) - SCM in safe mode. Healthy pipelines reported count is 0, required healthy pipeline reported count is 1
2022-01-10 13:24:07,317 [4b3c65cf-387e-4213-93df-57198a9c946a@group-80B97FC4288A-LeaderElection16] INFO  server.RaftServer$Division (ServerState.java:setRaftConf(387)) - 4b3c65cf-387e-4213-93df-57198a9c946a@group-80B97FC4288A: set configuration 0: [4b3c65cf-387e-4213-93df-57198a9c946a|rpc:127.0.0.1:38165|dataStream:|priority:1], old=null
2022-01-10 13:24:07,348 [cd4304a5-ad25-4184-aa9b-9d5680dbb42f@group-E5A0C3DE471E-FollowerState] INFO  impl.FollowerState (FollowerState.java:run(134)) - cd4304a5-ad25-4184-aa9b-9d5680dbb42f@group-E5A0C3DE471E-FollowerState: change to CANDIDATE, lastRpcElapsedTime:5042628260ns, electionTimeout:5026ms
2022-01-10 13:24:07,348 [cd4304a5-ad25-4184-aa9b-9d5680dbb42f@group-E5A0C3DE471E-FollowerState] INFO  impl.RoleInfo (RoleInfo.java:shutdownFollowerState(108)) - cd4304a5-ad25-4184-aa9b-9d5680dbb42f: shutdown cd4304a5-ad25-4184-aa9b-9d5680dbb42f@group-E5A0C3DE471E-FollowerState
2022-01-10 13:24:07,348 [cd4304a5-ad25-4184-aa9b-9d5680dbb42f@group-E5A0C3DE471E-FollowerState] INFO  server.RaftServer$Division (RaftServerImpl.java:setRole(290)) - cd4304a5-ad25-4184-aa9b-9d5680dbb42f@group-E5A0C3DE471E: changes role from  FOLLOWER to CANDIDATE at term 0 for changeToCandidate
2022-01-10 13:24:07,349 [cd4304a5-ad25-4184-aa9b-9d5680dbb42f@group-E5A0C3DE471E-FollowerState] INFO  server.RaftServerConfigKeys (ConfUtils.java:logGet(44)) - raft.server.leaderelection.pre-vote = false (custom)
2022-01-10 13:24:07,349 [cd4304a5-ad25-4184-aa9b-9d5680dbb42f@group-E5A0C3DE471E-FollowerState] INFO  impl.RoleInfo (RoleInfo.java:updateAndGet(130)) - cd4304a5-ad25-4184-aa9b-9d5680dbb42f: start cd4304a5-ad25-4184-aa9b-9d5680dbb42f@group-E5A0C3DE471E-LeaderElection17
2022-01-10 13:24:07,359 [cd4304a5-ad25-4184-aa9b-9d5680dbb42f@group-E5A0C3DE471E-LeaderElection17] INFO  impl.LeaderElection (LeaderElection.java:askForVotes(306)) - cd4304a5-ad25-4184-aa9b-9d5680dbb42f@group-E5A0C3DE471E-LeaderElection17 ELECTION round 0: submit vote requests at term 1 for -1: [cd4304a5-ad25-4184-aa9b-9d5680dbb42f|rpc:127.0.0.1:44433|dataStream:|priority:0, 9ca66d1e-a818-43c9-bf62-5187506efa35|rpc:127.0.0.1:42475|dataStream:|priority:1, 4b3c65cf-387e-4213-93df-57198a9c946a|rpc:127.0.0.1:38165|dataStream:|priority:0], old=null
2022-01-10 13:24:07,378 [4b3c65cf-387e-4213-93df-57198a9c946a@group-E5A0C3DE471E-FollowerState] INFO  impl.FollowerState (FollowerState.java:run(134)) - 4b3c65cf-387e-4213-93df-57198a9c946a@group-E5A0C3DE471E-FollowerState: change to CANDIDATE, lastRpcElapsedTime:5157239957ns, electionTimeout:5149ms
2022-01-10 13:24:07,379 [4b3c65cf-387e-4213-93df-57198a9c946a@group-E5A0C3DE471E-FollowerState] INFO  impl.RoleInfo (RoleInfo.java:shutdownFollowerState(108)) - 4b3c65cf-387e-4213-93df-57198a9c946a: shutdown 4b3c65cf-387e-4213-93df-57198a9c946a@group-E5A0C3DE471E-FollowerState
2022-01-10 13:24:07,379 [4b3c65cf-387e-4213-93df-57198a9c946a@group-E5A0C3DE471E-FollowerState] INFO  server.RaftServer$Division (RaftServerImpl.java:setRole(290)) - 4b3c65cf-387e-4213-93df-57198a9c946a@group-E5A0C3DE471E: changes role from  FOLLOWER to CANDIDATE at term 0 for changeToCandidate
2022-01-10 13:24:07,379 [4b3c65cf-387e-4213-93df-57198a9c946a@group-E5A0C3DE471E-FollowerState] INFO  server.RaftServerConfigKeys (ConfUtils.java:logGet(44)) - raft.server.leaderelection.pre-vote = false (custom)
2022-01-10 13:24:07,379 [4b3c65cf-387e-4213-93df-57198a9c946a@group-E5A0C3DE471E-FollowerState] INFO  impl.RoleInfo (RoleInfo.java:updateAndGet(130)) - 4b3c65cf-387e-4213-93df-57198a9c946a: start 4b3c65cf-387e-4213-93df-57198a9c946a@group-E5A0C3DE471E-LeaderElection18
2022-01-10 13:24:07,379 [grpc-default-executor-1] INFO  server.RaftServer$Division (RaftServerImpl.java:requestVote(1046)) - 9ca66d1e-a818-43c9-bf62-5187506efa35@group-E5A0C3DE471E: receive requestVote(ELECTION, cd4304a5-ad25-4184-aa9b-9d5680dbb42f, group-E5A0C3DE471E, 1, (t:0, i:0))
2022-01-10 13:24:07,381 [grpc-default-executor-1] INFO  impl.VoteContext (VoteContext.java:log(48)) - 9ca66d1e-a818-43c9-bf62-5187506efa35@group-E5A0C3DE471E-FOLLOWER: reject ELECTION from cd4304a5-ad25-4184-aa9b-9d5680dbb42f: our priority 1 > candidate's priority 0
2022-01-10 13:24:07,381 [grpc-default-executor-1] INFO  server.RaftServer$Division (RaftServerImpl.java:setRole(290)) - 9ca66d1e-a818-43c9-bf62-5187506efa35@group-E5A0C3DE471E: changes role from  FOLLOWER to FOLLOWER at term 1 for candidate:cd4304a5-ad25-4184-aa9b-9d5680dbb42f
2022-01-10 13:24:07,381 [grpc-default-executor-1] INFO  impl.RoleInfo (RoleInfo.java:shutdownFollowerState(108)) - 9ca66d1e-a818-43c9-bf62-5187506efa35: shutdown 9ca66d1e-a818-43c9-bf62-5187506efa35@group-E5A0C3DE471E-FollowerState
2022-01-10 13:24:07,381 [grpc-default-executor-1] INFO  impl.RoleInfo (RoleInfo.java:updateAndGet(130)) - 9ca66d1e-a818-43c9-bf62-5187506efa35: start 9ca66d1e-a818-43c9-bf62-5187506efa35@group-E5A0C3DE471E-FollowerState
2022-01-10 13:24:07,382 [9ca66d1e-a818-43c9-bf62-5187506efa35@group-E5A0C3DE471E-FollowerState] INFO  impl.FollowerState (FollowerState.java:run(143)) - 9ca66d1e-a818-43c9-bf62-5187506efa35@group-E5A0C3DE471E-FollowerState was interrupted: {}
java.lang.InterruptedException: sleep interrupted
	at java.lang.Thread.sleep(Native Method)
	at java.lang.Thread.sleep(Thread.java:340)
	at java.util.concurrent.TimeUnit.sleep(TimeUnit.java:386)
	at org.apache.ratis.util.TimeDuration.sleep(TimeDuration.java:324)
	at org.apache.ratis.util.TimeDuration.sleep(TimeDuration.java:309)
	at org.apache.ratis.server.impl.FollowerState.run(FollowerState.java:118)
2022-01-10 13:24:07,383 [grpc-default-executor-1] INFO  server.RaftServer$Division (RaftServerImpl.java:requestVote(1078)) - 9ca66d1e-a818-43c9-bf62-5187506efa35@group-E5A0C3DE471E replies to ELECTION vote request: cd4304a5-ad25-4184-aa9b-9d5680dbb42f<-9ca66d1e-a818-43c9-bf62-5187506efa35#0:FAIL-t1. Peer's state: 9ca66d1e-a818-43c9-bf62-5187506efa35@group-E5A0C3DE471E:t1, leader=null, voted=null, raftlog=9ca66d1e-a818-43c9-bf62-5187506efa35@group-E5A0C3DE471E-SegmentedRaftLog:OPENED:c-1, conf=-1: [cd4304a5-ad25-4184-aa9b-9d5680dbb42f|rpc:127.0.0.1:44433|dataStream:|priority:0, 9ca66d1e-a818-43c9-bf62-5187506efa35|rpc:127.0.0.1:42475|dataStream:|priority:1, 4b3c65cf-387e-4213-93df-57198a9c946a|rpc:127.0.0.1:38165|dataStream:|priority:0], old=null
2022-01-10 13:24:07,397 [cd4304a5-ad25-4184-aa9b-9d5680dbb42f@group-E5A0C3DE471E-LeaderElection17] INFO  impl.LeaderElection (LeaderElection.java:logAndReturn(89)) - cd4304a5-ad25-4184-aa9b-9d5680dbb42f@group-E5A0C3DE471E-LeaderElection17: ELECTION REJECTED received 1 response(s) and 0 exception(s):
2022-01-10 13:24:07,397 [cd4304a5-ad25-4184-aa9b-9d5680dbb42f@group-E5A0C3DE471E-LeaderElection17] INFO  impl.LeaderElection (LeaderElection.java:logAndReturn(93)) -   Response 0: cd4304a5-ad25-4184-aa9b-9d5680dbb42f<-9ca66d1e-a818-43c9-bf62-5187506efa35#0:FAIL-t1
2022-01-10 13:24:07,397 [cd4304a5-ad25-4184-aa9b-9d5680dbb42f@group-E5A0C3DE471E-LeaderElection17] INFO  impl.LeaderElection (LeaderElection.java:askForVotes(308)) - cd4304a5-ad25-4184-aa9b-9d5680dbb42f@group-E5A0C3DE471E-LeaderElection17 ELECTION round 0: result REJECTED
2022-01-10 13:24:07,397 [cd4304a5-ad25-4184-aa9b-9d5680dbb42f@group-E5A0C3DE471E-LeaderElection17] INFO  server.RaftServer$Division (RaftServerImpl.java:setRole(290)) - cd4304a5-ad25-4184-aa9b-9d5680dbb42f@group-E5A0C3DE471E: changes role from CANDIDATE to FOLLOWER at term 1 for REJECTED
2022-01-10 13:24:07,397 [cd4304a5-ad25-4184-aa9b-9d5680dbb42f@group-E5A0C3DE471E-LeaderElection17] INFO  impl.RoleInfo (RoleInfo.java:shutdownLeaderElection(121)) - cd4304a5-ad25-4184-aa9b-9d5680dbb42f: shutdown cd4304a5-ad25-4184-aa9b-9d5680dbb42f@group-E5A0C3DE471E-LeaderElection17
2022-01-10 13:24:07,397 [cd4304a5-ad25-4184-aa9b-9d5680dbb42f@group-E5A0C3DE471E-LeaderElection17] INFO  impl.RoleInfo (RoleInfo.java:updateAndGet(130)) - cd4304a5-ad25-4184-aa9b-9d5680dbb42f: start cd4304a5-ad25-4184-aa9b-9d5680dbb42f@group-E5A0C3DE471E-FollowerState
2022-01-10 13:24:07,397 [grpc-default-executor-1] INFO  server.RaftServer$Division (RaftServerImpl.java:requestVote(1046)) - 4b3c65cf-387e-4213-93df-57198a9c946a@group-E5A0C3DE471E: receive requestVote(ELECTION, cd4304a5-ad25-4184-aa9b-9d5680dbb42f, group-E5A0C3DE471E, 1, (t:0, i:0))
2022-01-10 13:24:07,403 [grpc-default-executor-1] INFO  impl.VoteContext (VoteContext.java:log(48)) - 4b3c65cf-387e-4213-93df-57198a9c946a@group-E5A0C3DE471E-CANDIDATE: reject ELECTION from cd4304a5-ad25-4184-aa9b-9d5680dbb42f: already has voted for 4b3c65cf-387e-4213-93df-57198a9c946a at current term 1
2022-01-10 13:24:07,403 [grpc-default-executor-1] INFO  server.RaftServer$Division (RaftServerImpl.java:requestVote(1078)) - 4b3c65cf-387e-4213-93df-57198a9c946a@group-E5A0C3DE471E replies to ELECTION vote request: cd4304a5-ad25-4184-aa9b-9d5680dbb42f<-4b3c65cf-387e-4213-93df-57198a9c946a#0:FAIL-t1. Peer's state: 4b3c65cf-387e-4213-93df-57198a9c946a@group-E5A0C3DE471E:t1, leader=null, voted=4b3c65cf-387e-4213-93df-57198a9c946a, raftlog=4b3c65cf-387e-4213-93df-57198a9c946a@group-E5A0C3DE471E-SegmentedRaftLog:OPENED:c-1, conf=-1: [cd4304a5-ad25-4184-aa9b-9d5680dbb42f|rpc:127.0.0.1:44433|priority:0, 9ca66d1e-a818-43c9-bf62-5187506efa35|rpc:127.0.0.1:42475|priority:1, 4b3c65cf-387e-4213-93df-57198a9c946a|rpc:127.0.0.1:38165|priority:0], old=null
2022-01-10 13:24:07,403 [4b3c65cf-387e-4213-93df-57198a9c946a@group-E5A0C3DE471E-LeaderElection18] INFO  impl.LeaderElection (LeaderElection.java:askForVotes(306)) - 4b3c65cf-387e-4213-93df-57198a9c946a@group-E5A0C3DE471E-LeaderElection18 ELECTION round 0: submit vote requests at term 1 for -1: [cd4304a5-ad25-4184-aa9b-9d5680dbb42f|rpc:127.0.0.1:44433|priority:0, 9ca66d1e-a818-43c9-bf62-5187506efa35|rpc:127.0.0.1:42475|priority:1, 4b3c65cf-387e-4213-93df-57198a9c946a|rpc:127.0.0.1:38165|priority:0], old=null
2022-01-10 13:24:07,425 [grpc-default-executor-1] INFO  server.RaftServer$Division (RaftServerImpl.java:requestVote(1046)) - cd4304a5-ad25-4184-aa9b-9d5680dbb42f@group-E5A0C3DE471E: receive requestVote(ELECTION, 4b3c65cf-387e-4213-93df-57198a9c946a, group-E5A0C3DE471E, 1, (t:0, i:0))
2022-01-10 13:24:07,425 [grpc-default-executor-1] INFO  impl.VoteContext (VoteContext.java:log(48)) - cd4304a5-ad25-4184-aa9b-9d5680dbb42f@group-E5A0C3DE471E-FOLLOWER: reject ELECTION from 4b3c65cf-387e-4213-93df-57198a9c946a: already has voted for cd4304a5-ad25-4184-aa9b-9d5680dbb42f at current term 1
2022-01-10 13:24:07,425 [grpc-default-executor-1] INFO  server.RaftServer$Division (RaftServerImpl.java:requestVote(1078)) - cd4304a5-ad25-4184-aa9b-9d5680dbb42f@group-E5A0C3DE471E replies to ELECTION vote request: 4b3c65cf-387e-4213-93df-57198a9c946a<-cd4304a5-ad25-4184-aa9b-9d5680dbb42f#0:FAIL-t1. Peer's state: cd4304a5-ad25-4184-aa9b-9d5680dbb42f@group-E5A0C3DE471E:t1, leader=null, voted=cd4304a5-ad25-4184-aa9b-9d5680dbb42f, raftlog=cd4304a5-ad25-4184-aa9b-9d5680dbb42f@group-E5A0C3DE471E-SegmentedRaftLog:OPENED:c-1, conf=-1: [cd4304a5-ad25-4184-aa9b-9d5680dbb42f|rpc:127.0.0.1:44433|dataStream:|priority:0, 9ca66d1e-a818-43c9-bf62-5187506efa35|rpc:127.0.0.1:42475|dataStream:|priority:1, 4b3c65cf-387e-4213-93df-57198a9c946a|rpc:127.0.0.1:38165|dataStream:|priority:0], old=null
2022-01-10 13:24:07,434 [grpc-default-executor-1] INFO  server.RaftServer$Division (RaftServerImpl.java:requestVote(1046)) - 9ca66d1e-a818-43c9-bf62-5187506efa35@group-E5A0C3DE471E: receive requestVote(ELECTION, 4b3c65cf-387e-4213-93df-57198a9c946a, group-E5A0C3DE471E, 1, (t:0, i:0))
2022-01-10 13:24:07,434 [grpc-default-executor-1] INFO  impl.VoteContext (VoteContext.java:log(48)) - 9ca66d1e-a818-43c9-bf62-5187506efa35@group-E5A0C3DE471E-FOLLOWER: reject ELECTION from 4b3c65cf-387e-4213-93df-57198a9c946a: our priority 1 > candidate's priority 0
2022-01-10 13:24:07,434 [grpc-default-executor-1] INFO  server.RaftServer$Division (RaftServerImpl.java:setRole(290)) - 9ca66d1e-a818-43c9-bf62-5187506efa35@group-E5A0C3DE471E: changes role from  FOLLOWER to FOLLOWER at term 1 for candidate:4b3c65cf-387e-4213-93df-57198a9c946a
2022-01-10 13:24:07,434 [grpc-default-executor-1] INFO  impl.RoleInfo (RoleInfo.java:shutdownFollowerState(108)) - 9ca66d1e-a818-43c9-bf62-5187506efa35: shutdown 9ca66d1e-a818-43c9-bf62-5187506efa35@group-E5A0C3DE471E-FollowerState
2022-01-10 13:24:07,434 [grpc-default-executor-1] INFO  impl.RoleInfo (RoleInfo.java:updateAndGet(130)) - 9ca66d1e-a818-43c9-bf62-5187506efa35: start 9ca66d1e-a818-43c9-bf62-5187506efa35@group-E5A0C3DE471E-FollowerState
2022-01-10 13:24:07,434 [9ca66d1e-a818-43c9-bf62-5187506efa35@group-E5A0C3DE471E-FollowerState] INFO  impl.FollowerState (FollowerState.java:run(143)) - 9ca66d1e-a818-43c9-bf62-5187506efa35@group-E5A0C3DE471E-FollowerState was interrupted: {}
java.lang.InterruptedException: sleep interrupted
	at java.lang.Thread.sleep(Native Method)
	at java.lang.Thread.sleep(Thread.java:340)
	at java.util.concurrent.TimeUnit.sleep(TimeUnit.java:386)
	at org.apache.ratis.util.TimeDuration.sleep(TimeDuration.java:324)
	at org.apache.ratis.util.TimeDuration.sleep(TimeDuration.java:309)
	at org.apache.ratis.server.impl.FollowerState.run(FollowerState.java:118)
2022-01-10 13:24:07,434 [grpc-default-executor-1] INFO  server.RaftServer$Division (RaftServerImpl.java:requestVote(1078)) - 9ca66d1e-a818-43c9-bf62-5187506efa35@group-E5A0C3DE471E replies to ELECTION vote request: 4b3c65cf-387e-4213-93df-57198a9c946a<-9ca66d1e-a818-43c9-bf62-5187506efa35#0:FAIL-t1. Peer's state: 9ca66d1e-a818-43c9-bf62-5187506efa35@group-E5A0C3DE471E:t1, leader=null, voted=null, raftlog=9ca66d1e-a818-43c9-bf62-5187506efa35@group-E5A0C3DE471E-SegmentedRaftLog:OPENED:c-1, conf=-1: [cd4304a5-ad25-4184-aa9b-9d5680dbb42f|rpc:127.0.0.1:44433|dataStream:|priority:0, 9ca66d1e-a818-43c9-bf62-5187506efa35|rpc:127.0.0.1:42475|dataStream:|priority:1, 4b3c65cf-387e-4213-93df-57198a9c946a|rpc:127.0.0.1:38165|dataStream:|priority:0], old=null
2022-01-10 13:24:07,446 [4b3c65cf-387e-4213-93df-57198a9c946a@group-E5A0C3DE471E-LeaderElection18] INFO  impl.LeaderElection (LeaderElection.java:logAndReturn(89)) - 4b3c65cf-387e-4213-93df-57198a9c946a@group-E5A0C3DE471E-LeaderElection18: ELECTION REJECTED received 2 response(s) and 0 exception(s):
2022-01-10 13:24:07,446 [4b3c65cf-387e-4213-93df-57198a9c946a@group-E5A0C3DE471E-LeaderElection18] INFO  impl.LeaderElection (LeaderElection.java:logAndReturn(93)) -   Response 0: 4b3c65cf-387e-4213-93df-57198a9c946a<-cd4304a5-ad25-4184-aa9b-9d5680dbb42f#0:FAIL-t1
2022-01-10 13:24:07,446 [4b3c65cf-387e-4213-93df-57198a9c946a@group-E5A0C3DE471E-LeaderElection18] INFO  impl.LeaderElection (LeaderElection.java:logAndReturn(93)) -   Response 1: 4b3c65cf-387e-4213-93df-57198a9c946a<-9ca66d1e-a818-43c9-bf62-5187506efa35#0:FAIL-t1
2022-01-10 13:24:07,446 [4b3c65cf-387e-4213-93df-57198a9c946a@group-E5A0C3DE471E-LeaderElection18] INFO  impl.LeaderElection (LeaderElection.java:askForVotes(308)) - 4b3c65cf-387e-4213-93df-57198a9c946a@group-E5A0C3DE471E-LeaderElection18 ELECTION round 0: result REJECTED
2022-01-10 13:24:07,446 [4b3c65cf-387e-4213-93df-57198a9c946a@group-E5A0C3DE471E-LeaderElection18] INFO  server.RaftServer$Division (RaftServerImpl.java:setRole(290)) - 4b3c65cf-387e-4213-93df-57198a9c946a@group-E5A0C3DE471E: changes role from CANDIDATE to FOLLOWER at term 1 for REJECTED
2022-01-10 13:24:07,446 [4b3c65cf-387e-4213-93df-57198a9c946a@group-E5A0C3DE471E-LeaderElection18] INFO  impl.RoleInfo (RoleInfo.java:shutdownLeaderElection(121)) - 4b3c65cf-387e-4213-93df-57198a9c946a: shutdown 4b3c65cf-387e-4213-93df-57198a9c946a@group-E5A0C3DE471E-LeaderElection18
2022-01-10 13:24:07,446 [4b3c65cf-387e-4213-93df-57198a9c946a@group-E5A0C3DE471E-LeaderElection18] INFO  impl.RoleInfo (RoleInfo.java:updateAndGet(130)) - 4b3c65cf-387e-4213-93df-57198a9c946a: start 4b3c65cf-387e-4213-93df-57198a9c946a@group-E5A0C3DE471E-FollowerState
2022-01-10 13:24:07,557 [4b3c65cf-387e-4213-93df-57198a9c946a@group-A4D2DF4C4470-FollowerState] INFO  impl.FollowerState (FollowerState.java:run(134)) - 4b3c65cf-387e-4213-93df-57198a9c946a@group-A4D2DF4C4470-FollowerState: change to CANDIDATE, lastRpcElapsedTime:5055960659ns, electionTimeout:5052ms
2022-01-10 13:24:07,559 [4b3c65cf-387e-4213-93df-57198a9c946a@group-A4D2DF4C4470-FollowerState] INFO  impl.RoleInfo (RoleInfo.java:shutdownFollowerState(108)) - 4b3c65cf-387e-4213-93df-57198a9c946a: shutdown 4b3c65cf-387e-4213-93df-57198a9c946a@group-A4D2DF4C4470-FollowerState
2022-01-10 13:24:07,559 [4b3c65cf-387e-4213-93df-57198a9c946a@group-A4D2DF4C4470-FollowerState] INFO  server.RaftServer$Division (RaftServerImpl.java:setRole(290)) - 4b3c65cf-387e-4213-93df-57198a9c946a@group-A4D2DF4C4470: changes role from  FOLLOWER to CANDIDATE at term 0 for changeToCandidate
2022-01-10 13:24:07,559 [4b3c65cf-387e-4213-93df-57198a9c946a@group-A4D2DF4C4470-FollowerState] INFO  server.RaftServerConfigKeys (ConfUtils.java:logGet(44)) - raft.server.leaderelection.pre-vote = false (custom)
2022-01-10 13:24:07,559 [4b3c65cf-387e-4213-93df-57198a9c946a@group-A4D2DF4C4470-FollowerState] INFO  impl.RoleInfo (RoleInfo.java:updateAndGet(130)) - 4b3c65cf-387e-4213-93df-57198a9c946a: start 4b3c65cf-387e-4213-93df-57198a9c946a@group-A4D2DF4C4470-LeaderElection19
2022-01-10 13:24:07,559 [cd4304a5-ad25-4184-aa9b-9d5680dbb42f@group-A4D2DF4C4470-FollowerState] INFO  impl.FollowerState (FollowerState.java:run(134)) - cd4304a5-ad25-4184-aa9b-9d5680dbb42f@group-A4D2DF4C4470-FollowerState: change to CANDIDATE, lastRpcElapsedTime:5054321746ns, electionTimeout:5042ms
2022-01-10 13:24:07,561 [cd4304a5-ad25-4184-aa9b-9d5680dbb42f@group-A4D2DF4C4470-FollowerState] INFO  impl.RoleInfo (RoleInfo.java:shutdownFollowerState(108)) - cd4304a5-ad25-4184-aa9b-9d5680dbb42f: shutdown cd4304a5-ad25-4184-aa9b-9d5680dbb42f@group-A4D2DF4C4470-FollowerState
2022-01-10 13:24:07,561 [cd4304a5-ad25-4184-aa9b-9d5680dbb42f@group-A4D2DF4C4470-FollowerState] INFO  server.RaftServer$Division (RaftServerImpl.java:setRole(290)) - cd4304a5-ad25-4184-aa9b-9d5680dbb42f@group-A4D2DF4C4470: changes role from  FOLLOWER to CANDIDATE at term 0 for changeToCandidate
2022-01-10 13:24:07,561 [cd4304a5-ad25-4184-aa9b-9d5680dbb42f@group-A4D2DF4C4470-FollowerState] INFO  server.RaftServerConfigKeys (ConfUtils.java:logGet(44)) - raft.server.leaderelection.pre-vote = false (custom)
2022-01-10 13:24:07,562 [cd4304a5-ad25-4184-aa9b-9d5680dbb42f@group-A4D2DF4C4470-FollowerState] INFO  impl.RoleInfo (RoleInfo.java:updateAndGet(130)) - cd4304a5-ad25-4184-aa9b-9d5680dbb42f: start cd4304a5-ad25-4184-aa9b-9d5680dbb42f@group-A4D2DF4C4470-LeaderElection20
2022-01-10 13:24:07,571 [4b3c65cf-387e-4213-93df-57198a9c946a@group-A4D2DF4C4470-LeaderElection19] INFO  impl.LeaderElection (LeaderElection.java:askForVotes(306)) - 4b3c65cf-387e-4213-93df-57198a9c946a@group-A4D2DF4C4470-LeaderElection19 ELECTION round 0: submit vote requests at term 1 for -1: [cd4304a5-ad25-4184-aa9b-9d5680dbb42f|rpc:127.0.0.1:44433|priority:1, 9ca66d1e-a818-43c9-bf62-5187506efa35|rpc:127.0.0.1:42475|priority:0, 4b3c65cf-387e-4213-93df-57198a9c946a|rpc:127.0.0.1:38165|priority:0], old=null
2022-01-10 13:24:07,572 [cd4304a5-ad25-4184-aa9b-9d5680dbb42f@group-A4D2DF4C4470-LeaderElection20] INFO  impl.LeaderElection (LeaderElection.java:askForVotes(306)) - cd4304a5-ad25-4184-aa9b-9d5680dbb42f@group-A4D2DF4C4470-LeaderElection20 ELECTION round 0: submit vote requests at term 1 for -1: [cd4304a5-ad25-4184-aa9b-9d5680dbb42f|rpc:127.0.0.1:44433|priority:1, 9ca66d1e-a818-43c9-bf62-5187506efa35|rpc:127.0.0.1:42475|priority:0, 4b3c65cf-387e-4213-93df-57198a9c946a|rpc:127.0.0.1:38165|priority:0], old=null
2022-01-10 13:24:07,576 [cd4304a5-ad25-4184-aa9b-9d5680dbb42f@group-14C834867ECA-FollowerState] INFO  impl.FollowerState (FollowerState.java:run(134)) - cd4304a5-ad25-4184-aa9b-9d5680dbb42f@group-14C834867ECA-FollowerState: change to CANDIDATE, lastRpcElapsedTime:5129229033ns, electionTimeout:5120ms
2022-01-10 13:24:07,576 [cd4304a5-ad25-4184-aa9b-9d5680dbb42f@group-14C834867ECA-FollowerState] INFO  impl.RoleInfo (RoleInfo.java:shutdownFollowerState(108)) - cd4304a5-ad25-4184-aa9b-9d5680dbb42f: shutdown cd4304a5-ad25-4184-aa9b-9d5680dbb42f@group-14C834867ECA-FollowerState
2022-01-10 13:24:07,576 [cd4304a5-ad25-4184-aa9b-9d5680dbb42f@group-14C834867ECA-FollowerState] INFO  server.RaftServer$Division (RaftServerImpl.java:setRole(290)) - cd4304a5-ad25-4184-aa9b-9d5680dbb42f@group-14C834867ECA: changes role from  FOLLOWER to CANDIDATE at term 0 for changeToCandidate
2022-01-10 13:24:07,585 [cd4304a5-ad25-4184-aa9b-9d5680dbb42f@group-14C834867ECA-FollowerState] INFO  server.RaftServerConfigKeys (ConfUtils.java:logGet(44)) - raft.server.leaderelection.pre-vote = false (custom)
2022-01-10 13:24:07,585 [cd4304a5-ad25-4184-aa9b-9d5680dbb42f@group-14C834867ECA-FollowerState] INFO  impl.RoleInfo (RoleInfo.java:updateAndGet(130)) - cd4304a5-ad25-4184-aa9b-9d5680dbb42f: start cd4304a5-ad25-4184-aa9b-9d5680dbb42f@group-14C834867ECA-LeaderElection21
2022-01-10 13:24:07,585 [grpc-default-executor-1] INFO  server.RaftServer$Division (RaftServerImpl.java:requestVote(1046)) - cd4304a5-ad25-4184-aa9b-9d5680dbb42f@group-A4D2DF4C4470: receive requestVote(ELECTION, 4b3c65cf-387e-4213-93df-57198a9c946a, group-A4D2DF4C4470, 1, (t:0, i:0))
2022-01-10 13:24:07,585 [grpc-default-executor-1] INFO  impl.VoteContext (VoteContext.java:log(48)) - cd4304a5-ad25-4184-aa9b-9d5680dbb42f@group-A4D2DF4C4470-CANDIDATE: reject ELECTION from 4b3c65cf-387e-4213-93df-57198a9c946a: already has voted for cd4304a5-ad25-4184-aa9b-9d5680dbb42f at current term 1
2022-01-10 13:24:07,585 [grpc-default-executor-1] INFO  server.RaftServer$Division (RaftServerImpl.java:requestVote(1078)) - cd4304a5-ad25-4184-aa9b-9d5680dbb42f@group-A4D2DF4C4470 replies to ELECTION vote request: 4b3c65cf-387e-4213-93df-57198a9c946a<-cd4304a5-ad25-4184-aa9b-9d5680dbb42f#0:FAIL-t1. Peer's state: cd4304a5-ad25-4184-aa9b-9d5680dbb42f@group-A4D2DF4C4470:t1, leader=null, voted=cd4304a5-ad25-4184-aa9b-9d5680dbb42f, raftlog=cd4304a5-ad25-4184-aa9b-9d5680dbb42f@group-A4D2DF4C4470-SegmentedRaftLog:OPENED:c-1, conf=-1: [cd4304a5-ad25-4184-aa9b-9d5680dbb42f|rpc:127.0.0.1:44433|priority:1, 9ca66d1e-a818-43c9-bf62-5187506efa35|rpc:127.0.0.1:42475|priority:0, 4b3c65cf-387e-4213-93df-57198a9c946a|rpc:127.0.0.1:38165|priority:0], old=null
2022-01-10 13:24:07,586 [4b3c65cf-387e-4213-93df-57198a9c946a@group-A4D2DF4C4470-LeaderElection19] INFO  impl.LeaderElection (LeaderElection.java:logAndReturn(89)) - 4b3c65cf-387e-4213-93df-57198a9c946a@group-A4D2DF4C4470-LeaderElection19: ELECTION REJECTED received 1 response(s) and 0 exception(s):
2022-01-10 13:24:07,586 [4b3c65cf-387e-4213-93df-57198a9c946a@group-A4D2DF4C4470-LeaderElection19] INFO  impl.LeaderElection (LeaderElection.java:logAndReturn(93)) -   Response 0: 4b3c65cf-387e-4213-93df-57198a9c946a<-cd4304a5-ad25-4184-aa9b-9d5680dbb42f#0:FAIL-t1
2022-01-10 13:24:07,586 [4b3c65cf-387e-4213-93df-57198a9c946a@group-A4D2DF4C4470-LeaderElection19] INFO  impl.LeaderElection (LeaderElection.java:askForVotes(308)) - 4b3c65cf-387e-4213-93df-57198a9c946a@group-A4D2DF4C4470-LeaderElection19 ELECTION round 0: result REJECTED
2022-01-10 13:24:07,586 [4b3c65cf-387e-4213-93df-57198a9c946a@group-A4D2DF4C4470-LeaderElection19] INFO  server.RaftServer$Division (RaftServerImpl.java:setRole(290)) - 4b3c65cf-387e-4213-93df-57198a9c946a@group-A4D2DF4C4470: changes role from CANDIDATE to FOLLOWER at term 1 for REJECTED
2022-01-10 13:24:07,586 [4b3c65cf-387e-4213-93df-57198a9c946a@group-A4D2DF4C4470-LeaderElection19] INFO  impl.RoleInfo (RoleInfo.java:shutdownLeaderElection(121)) - 4b3c65cf-387e-4213-93df-57198a9c946a: shutdown 4b3c65cf-387e-4213-93df-57198a9c946a@group-A4D2DF4C4470-LeaderElection19
2022-01-10 13:24:07,586 [4b3c65cf-387e-4213-93df-57198a9c946a@group-A4D2DF4C4470-LeaderElection19] INFO  impl.RoleInfo (RoleInfo.java:updateAndGet(130)) - 4b3c65cf-387e-4213-93df-57198a9c946a: start 4b3c65cf-387e-4213-93df-57198a9c946a@group-A4D2DF4C4470-FollowerState
2022-01-10 13:24:07,601 [EndpointStateMachine task thread for /127.0.0.1:14609 - 0 ] INFO  ipc.Client (Client.java:handleConnectionFailure(977)) - Retrying connect to server: localhost/127.0.0.1:14609. Already tried 7 time(s); retry policy is RetryUpToMaximumCountWithFixedSleep(maxRetries=15, sleepTime=1000 MILLISECONDS)
2022-01-10 13:24:07,608 [grpc-default-executor-1] INFO  server.RaftServer$Division (RaftServerImpl.java:requestVote(1046)) - 9ca66d1e-a818-43c9-bf62-5187506efa35@group-A4D2DF4C4470: receive requestVote(ELECTION, 4b3c65cf-387e-4213-93df-57198a9c946a, group-A4D2DF4C4470, 1, (t:0, i:0))
2022-01-10 13:24:07,608 [grpc-default-executor-1] INFO  impl.VoteContext (VoteContext.java:log(48)) - 9ca66d1e-a818-43c9-bf62-5187506efa35@group-A4D2DF4C4470-FOLLOWER: accept ELECTION from 4b3c65cf-387e-4213-93df-57198a9c946a: our priority 0 <= candidate's priority 0
2022-01-10 13:24:07,608 [grpc-default-executor-1] INFO  server.RaftServer$Division (RaftServerImpl.java:setRole(290)) - 9ca66d1e-a818-43c9-bf62-5187506efa35@group-A4D2DF4C4470: changes role from  FOLLOWER to FOLLOWER at term 1 for candidate:4b3c65cf-387e-4213-93df-57198a9c946a
2022-01-10 13:24:07,608 [grpc-default-executor-1] INFO  impl.RoleInfo (RoleInfo.java:shutdownFollowerState(108)) - 9ca66d1e-a818-43c9-bf62-5187506efa35: shutdown 9ca66d1e-a818-43c9-bf62-5187506efa35@group-A4D2DF4C4470-FollowerState
2022-01-10 13:24:07,608 [grpc-default-executor-1] INFO  impl.RoleInfo (RoleInfo.java:updateAndGet(130)) - 9ca66d1e-a818-43c9-bf62-5187506efa35: start 9ca66d1e-a818-43c9-bf62-5187506efa35@group-A4D2DF4C4470-FollowerState
2022-01-10 13:24:07,608 [9ca66d1e-a818-43c9-bf62-5187506efa35@group-A4D2DF4C4470-FollowerState] INFO  impl.FollowerState (FollowerState.java:run(143)) - 9ca66d1e-a818-43c9-bf62-5187506efa35@group-A4D2DF4C4470-FollowerState was interrupted: {}
java.lang.InterruptedException: sleep interrupted
	at java.lang.Thread.sleep(Native Method)
	at java.lang.Thread.sleep(Thread.java:340)
	at java.util.concurrent.TimeUnit.sleep(TimeUnit.java:386)
	at org.apache.ratis.util.TimeDuration.sleep(TimeDuration.java:324)
	at org.apache.ratis.util.TimeDuration.sleep(TimeDuration.java:309)
	at org.apache.ratis.server.impl.FollowerState.run(FollowerState.java:118)
2022-01-10 13:24:07,603 [cd4304a5-ad25-4184-aa9b-9d5680dbb42f@group-14C834867ECA-LeaderElection21] INFO  impl.LeaderElection (LeaderElection.java:askForVotes(306)) - cd4304a5-ad25-4184-aa9b-9d5680dbb42f@group-14C834867ECA-LeaderElection21 ELECTION round 0: submit vote requests at term 1 for -1: [cd4304a5-ad25-4184-aa9b-9d5680dbb42f|rpc:127.0.0.1:44433|priority:1], old=null
2022-01-10 13:24:07,608 [cd4304a5-ad25-4184-aa9b-9d5680dbb42f@group-14C834867ECA-LeaderElection21] INFO  impl.LeaderElection (LeaderElection.java:askForVotes(308)) - cd4304a5-ad25-4184-aa9b-9d5680dbb42f@group-14C834867ECA-LeaderElection21 ELECTION round 0: result PASSED (term=1)
2022-01-10 13:24:07,608 [cd4304a5-ad25-4184-aa9b-9d5680dbb42f@group-14C834867ECA-LeaderElection21] INFO  impl.RoleInfo (RoleInfo.java:shutdownLeaderElection(121)) - cd4304a5-ad25-4184-aa9b-9d5680dbb42f: shutdown cd4304a5-ad25-4184-aa9b-9d5680dbb42f@group-14C834867ECA-LeaderElection21
2022-01-10 13:24:07,608 [cd4304a5-ad25-4184-aa9b-9d5680dbb42f@group-14C834867ECA-LeaderElection21] INFO  server.RaftServer$Division (RaftServerImpl.java:setRole(290)) - cd4304a5-ad25-4184-aa9b-9d5680dbb42f@group-14C834867ECA: changes role from CANDIDATE to LEADER at term 1 for changeToLeader
2022-01-10 13:24:07,609 [cd4304a5-ad25-4184-aa9b-9d5680dbb42f@group-14C834867ECA-LeaderElection21] INFO  ratis.XceiverServerRatis (XceiverServerRatis.java:handleLeaderChangedNotification(866)) - Leader change notification received for group: group-14C834867ECA with new leaderId: cd4304a5-ad25-4184-aa9b-9d5680dbb42f
2022-01-10 13:24:07,601 [EndpointStateMachine task thread for /127.0.0.1:14619 - 0 ] INFO  ipc.Client (Client.java:handleConnectionFailure(977)) - Retrying connect to server: localhost/127.0.0.1:14619. Already tried 4 time(s); retry policy is RetryUpToMaximumCountWithFixedSleep(maxRetries=15, sleepTime=1000 MILLISECONDS)
2022-01-10 13:24:07,611 [cd4304a5-ad25-4184-aa9b-9d5680dbb42f@group-14C834867ECA-LeaderElection21] INFO  server.RaftServer$Division (ServerState.java:setLeader(285)) - cd4304a5-ad25-4184-aa9b-9d5680dbb42f@group-14C834867ECA: change Leader from null to cd4304a5-ad25-4184-aa9b-9d5680dbb42f at term 1 for becomeLeader, leader elected after 5191ms
2022-01-10 13:24:07,611 [cd4304a5-ad25-4184-aa9b-9d5680dbb42f@group-14C834867ECA-LeaderElection21] INFO  server.RaftServerConfigKeys (ConfUtils.java:logGet(44)) - raft.server.staging.catchup.gap = 1000 (default)
2022-01-10 13:24:07,611 [cd4304a5-ad25-4184-aa9b-9d5680dbb42f@group-14C834867ECA-LeaderElection21] INFO  server.RaftServerConfigKeys (ConfUtils.java:logGet(44)) - raft.server.write.element-limit = 1024 (custom)
2022-01-10 13:24:07,611 [cd4304a5-ad25-4184-aa9b-9d5680dbb42f@group-14C834867ECA-LeaderElection21] INFO  server.RaftServerConfigKeys (ConfUtils.java:logGet(44)) - raft.server.write.byte-limit = 1024 M (=1073741824) (custom)
2022-01-10 13:24:07,611 [cd4304a5-ad25-4184-aa9b-9d5680dbb42f@group-14C834867ECA-LeaderElection21] INFO  server.RaftServerConfigKeys (ConfUtils.java:logGet(44)) - raft.server.watch.timeout = 180s (custom)
2022-01-10 13:24:07,611 [cd4304a5-ad25-4184-aa9b-9d5680dbb42f@group-14C834867ECA-LeaderElection21] INFO  server.RaftServerConfigKeys (ConfUtils.java:logGet(44)) - raft.server.watch.timeout.denomination = 1s (default)
2022-01-10 13:24:07,611 [cd4304a5-ad25-4184-aa9b-9d5680dbb42f@group-14C834867ECA-LeaderElection21] INFO  server.RaftServerConfigKeys (ConfUtils.java:logGet(44)) - raft.server.watch.element-limit = 65536 (default)
2022-01-10 13:24:07,611 [cd4304a5-ad25-4184-aa9b-9d5680dbb42f@group-14C834867ECA-LeaderElection21] INFO  server.RaftServerConfigKeys (ConfUtils.java:logGet(44)) - raft.server.write.element-limit = 1024 (custom)
2022-01-10 13:24:07,612 [cd4304a5-ad25-4184-aa9b-9d5680dbb42f@group-14C834867ECA-LeaderElection21] INFO  server.RaftServerConfigKeys (ConfUtils.java:logGet(44)) - raft.server.write.follower.gap.ratio.max = -1.0 (default)
2022-01-10 13:24:07,612 [cd4304a5-ad25-4184-aa9b-9d5680dbb42f@group-14C834867ECA-LeaderElection21] INFO  impl.RoleInfo (RoleInfo.java:updateAndGet(130)) - cd4304a5-ad25-4184-aa9b-9d5680dbb42f: start cd4304a5-ad25-4184-aa9b-9d5680dbb42f@group-14C834867ECA-LeaderStateImpl
2022-01-10 13:24:07,612 [cd4304a5-ad25-4184-aa9b-9d5680dbb42f@group-14C834867ECA-LeaderElection21] INFO  segmented.SegmentedRaftLogWorker (SegmentedRaftLogWorker.java:startLogSegment(394)) - cd4304a5-ad25-4184-aa9b-9d5680dbb42f@group-14C834867ECA-SegmentedRaftLogWorker: Starting segment from index:0
2022-01-10 13:24:07,613 [EndpointStateMachine task thread for /127.0.0.1:14629 - 0 ] INFO  ipc.Client (Client.java:handleConnectionFailure(977)) - Retrying connect to server: localhost/127.0.0.1:14629. Already tried 4 time(s); retry policy is RetryUpToMaximumCountWithFixedSleep(maxRetries=15, sleepTime=1000 MILLISECONDS)
2022-01-10 13:24:07,613 [EventQueue-OpenPipelineForHealthyPipelineSafeModeRule] INFO  safemode.SCMSafeModeManager (HealthyPipelineSafeModeRule.java:process(124)) - SCM in safe mode. Healthy pipelines reported count is 0, required healthy pipeline reported count is 1
2022-01-10 13:24:07,614 [EventQueue-OpenPipelineForHealthyPipelineSafeModeRule] INFO  safemode.SCMSafeModeManager (HealthyPipelineSafeModeRule.java:process(124)) - SCM in safe mode. Healthy pipelines reported count is 0, required healthy pipeline reported count is 1
2022-01-10 13:24:07,614 [cd4304a5-ad25-4184-aa9b-9d5680dbb42f@group-14C834867ECA-SegmentedRaftLogWorker] INFO  segmented.SegmentedRaftLogWorker (SegmentedRaftLogWorker.java:execute(601)) - cd4304a5-ad25-4184-aa9b-9d5680dbb42f@group-14C834867ECA-SegmentedRaftLogWorker: created new log segment /home/runner/work/ozone/ozone/hadoop-ozone/integration-test/target/test-dir/MiniOzoneClusterImpl-4961146f-9f28-4cba-af76-74f7029fd382/datanode-1/data/ratis/829003a7-cb35-431b-8dc7-14c834867eca/current/log_inprogress_0
2022-01-10 13:24:07,617 [cd4304a5-ad25-4184-aa9b-9d5680dbb42f@group-14C834867ECA-LeaderElection21] INFO  server.RaftServer$Division (ServerState.java:setRaftConf(387)) - cd4304a5-ad25-4184-aa9b-9d5680dbb42f@group-14C834867ECA: set configuration 0: [cd4304a5-ad25-4184-aa9b-9d5680dbb42f|rpc:127.0.0.1:44433|dataStream:|priority:1], old=null
2022-01-10 13:24:07,618 [grpc-default-executor-1] INFO  server.RaftServer$Division (RaftServerImpl.java:requestVote(1078)) - 9ca66d1e-a818-43c9-bf62-5187506efa35@group-A4D2DF4C4470 replies to ELECTION vote request: 4b3c65cf-387e-4213-93df-57198a9c946a<-9ca66d1e-a818-43c9-bf62-5187506efa35#0:OK-t1. Peer's state: 9ca66d1e-a818-43c9-bf62-5187506efa35@group-A4D2DF4C4470:t1, leader=null, voted=4b3c65cf-387e-4213-93df-57198a9c946a, raftlog=9ca66d1e-a818-43c9-bf62-5187506efa35@group-A4D2DF4C4470-SegmentedRaftLog:OPENED:c-1, conf=-1: [cd4304a5-ad25-4184-aa9b-9d5680dbb42f|rpc:127.0.0.1:44433|dataStream:|priority:1, 9ca66d1e-a818-43c9-bf62-5187506efa35|rpc:127.0.0.1:42475|dataStream:|priority:0, 4b3c65cf-387e-4213-93df-57198a9c946a|rpc:127.0.0.1:38165|dataStream:|priority:0], old=null
2022-01-10 13:24:07,624 [grpc-default-executor-0] INFO  server.RaftServer$Division (RaftServerImpl.java:requestVote(1046)) - 9ca66d1e-a818-43c9-bf62-5187506efa35@group-A4D2DF4C4470: receive requestVote(ELECTION, cd4304a5-ad25-4184-aa9b-9d5680dbb42f, group-A4D2DF4C4470, 1, (t:0, i:0))
2022-01-10 13:24:07,625 [grpc-default-executor-0] INFO  impl.VoteContext (VoteContext.java:log(48)) - 9ca66d1e-a818-43c9-bf62-5187506efa35@group-A4D2DF4C4470-FOLLOWER: reject ELECTION from cd4304a5-ad25-4184-aa9b-9d5680dbb42f: already has voted for 4b3c65cf-387e-4213-93df-57198a9c946a at current term 1
2022-01-10 13:24:07,625 [grpc-default-executor-0] INFO  server.RaftServer$Division (RaftServerImpl.java:requestVote(1078)) - 9ca66d1e-a818-43c9-bf62-5187506efa35@group-A4D2DF4C4470 replies to ELECTION vote request: cd4304a5-ad25-4184-aa9b-9d5680dbb42f<-9ca66d1e-a818-43c9-bf62-5187506efa35#0:FAIL-t1. Peer's state: 9ca66d1e-a818-43c9-bf62-5187506efa35@group-A4D2DF4C4470:t1, leader=null, voted=4b3c65cf-387e-4213-93df-57198a9c946a, raftlog=9ca66d1e-a818-43c9-bf62-5187506efa35@group-A4D2DF4C4470-SegmentedRaftLog:OPENED:c-1, conf=-1: [cd4304a5-ad25-4184-aa9b-9d5680dbb42f|rpc:127.0.0.1:44433|dataStream:|priority:1, 9ca66d1e-a818-43c9-bf62-5187506efa35|rpc:127.0.0.1:42475|dataStream:|priority:0, 4b3c65cf-387e-4213-93df-57198a9c946a|rpc:127.0.0.1:38165|dataStream:|priority:0], old=null
2022-01-10 13:24:07,641 [grpc-default-executor-1] INFO  server.RaftServer$Division (RaftServerImpl.java:requestVote(1046)) - 4b3c65cf-387e-4213-93df-57198a9c946a@group-A4D2DF4C4470: receive requestVote(ELECTION, cd4304a5-ad25-4184-aa9b-9d5680dbb42f, group-A4D2DF4C4470, 1, (t:0, i:0))
2022-01-10 13:24:07,642 [grpc-default-executor-1] INFO  impl.VoteContext (VoteContext.java:log(48)) - 4b3c65cf-387e-4213-93df-57198a9c946a@group-A4D2DF4C4470-FOLLOWER: reject ELECTION from cd4304a5-ad25-4184-aa9b-9d5680dbb42f: already has voted for 4b3c65cf-387e-4213-93df-57198a9c946a at current term 1
2022-01-10 13:24:07,642 [grpc-default-executor-1] INFO  server.RaftServer$Division (RaftServerImpl.java:requestVote(1078)) - 4b3c65cf-387e-4213-93df-57198a9c946a@group-A4D2DF4C4470 replies to ELECTION vote request: cd4304a5-ad25-4184-aa9b-9d5680dbb42f<-4b3c65cf-387e-4213-93df-57198a9c946a#0:FAIL-t1. Peer's state: 4b3c65cf-387e-4213-93df-57198a9c946a@group-A4D2DF4C4470:t1, leader=null, voted=4b3c65cf-387e-4213-93df-57198a9c946a, raftlog=4b3c65cf-387e-4213-93df-57198a9c946a@group-A4D2DF4C4470-SegmentedRaftLog:OPENED:c-1, conf=-1: [cd4304a5-ad25-4184-aa9b-9d5680dbb42f|rpc:127.0.0.1:44433|priority:1, 9ca66d1e-a818-43c9-bf62-5187506efa35|rpc:127.0.0.1:42475|priority:0, 4b3c65cf-387e-4213-93df-57198a9c946a|rpc:127.0.0.1:38165|priority:0], old=null
2022-01-10 13:24:07,643 [cd4304a5-ad25-4184-aa9b-9d5680dbb42f@group-A4D2DF4C4470-LeaderElection20] INFO  impl.LeaderElection (LeaderElection.java:logAndReturn(89)) - cd4304a5-ad25-4184-aa9b-9d5680dbb42f@group-A4D2DF4C4470-LeaderElection20: ELECTION REJECTED received 2 response(s) and 0 exception(s):
2022-01-10 13:24:07,644 [cd4304a5-ad25-4184-aa9b-9d5680dbb42f@group-A4D2DF4C4470-LeaderElection20] INFO  impl.LeaderElection (LeaderElection.java:logAndReturn(93)) -   Response 0: cd4304a5-ad25-4184-aa9b-9d5680dbb42f<-9ca66d1e-a818-43c9-bf62-5187506efa35#0:FAIL-t1
2022-01-10 13:24:07,644 [cd4304a5-ad25-4184-aa9b-9d5680dbb42f@group-A4D2DF4C4470-LeaderElection20] INFO  impl.LeaderElection (LeaderElection.java:logAndReturn(93)) -   Response 1: cd4304a5-ad25-4184-aa9b-9d5680dbb42f<-4b3c65cf-387e-4213-93df-57198a9c946a#0:FAIL-t1
2022-01-10 13:24:07,644 [cd4304a5-ad25-4184-aa9b-9d5680dbb42f@group-A4D2DF4C4470-LeaderElection20] INFO  impl.LeaderElection (LeaderElection.java:askForVotes(308)) - cd4304a5-ad25-4184-aa9b-9d5680dbb42f@group-A4D2DF4C4470-LeaderElection20 ELECTION round 0: result REJECTED
2022-01-10 13:24:07,644 [cd4304a5-ad25-4184-aa9b-9d5680dbb42f@group-A4D2DF4C4470-LeaderElection20] INFO  server.RaftServer$Division (RaftServerImpl.java:setRole(290)) - cd4304a5-ad25-4184-aa9b-9d5680dbb42f@group-A4D2DF4C4470: changes role from CANDIDATE to FOLLOWER at term 1 for REJECTED
2022-01-10 13:24:07,657 [cd4304a5-ad25-4184-aa9b-9d5680dbb42f@group-A4D2DF4C4470-LeaderElection20] INFO  impl.RoleInfo (RoleInfo.java:shutdownLeaderElection(121)) - cd4304a5-ad25-4184-aa9b-9d5680dbb42f: shutdown cd4304a5-ad25-4184-aa9b-9d5680dbb42f@group-A4D2DF4C4470-LeaderElection20
2022-01-10 13:24:07,658 [cd4304a5-ad25-4184-aa9b-9d5680dbb42f@group-A4D2DF4C4470-LeaderElection20] INFO  impl.RoleInfo (RoleInfo.java:updateAndGet(130)) - cd4304a5-ad25-4184-aa9b-9d5680dbb42f: start cd4304a5-ad25-4184-aa9b-9d5680dbb42f@group-A4D2DF4C4470-FollowerState
2022-01-10 13:24:07,929 [Listener at 127.0.0.1/11264] INFO  ozone.MiniOzoneClusterImpl (MiniOzoneClusterImpl.java:lambda$waitForClusterToBeReady$0(235)) - Nodes are ready. Got 3 of 3 DN Heartbeats.
2022-01-10 13:24:07,931 [Listener at 127.0.0.1/11264] INFO  ozone.MiniOzoneClusterImpl (MiniOzoneClusterImpl.java:lambda$waitForClusterToBeReady$0(238)) - Waiting for cluster to exit safe mode
2022-01-10 13:24:07,931 [Listener at 127.0.0.1/11264] INFO  ozone.MiniOzoneClusterImpl (MiniOzoneClusterImpl.java:lambda$waitForClusterToBeReady$0(240)) - SCM became leader
2022-01-10 13:24:08,028 [Datanode State Machine Daemon Thread] ERROR datanode.RunningDatanodeState (RunningDatanodeState.java:computeNextContainerState(199)) - Error in executing end point task.
java.util.concurrent.ExecutionException: java.util.concurrent.TimeoutException
	at java.util.concurrent.FutureTask.report(FutureTask.java:122)
	at java.util.concurrent.FutureTask.get(FutureTask.java:192)
	at org.apache.hadoop.ozone.container.common.states.datanode.RunningDatanodeState.computeNextContainerState(RunningDatanodeState.java:191)
	at org.apache.hadoop.ozone.container.common.states.datanode.RunningDatanodeState.await(RunningDatanodeState.java:231)
	at org.apache.hadoop.ozone.container.common.states.datanode.RunningDatanodeState.await(RunningDatanodeState.java:50)
	at org.apache.hadoop.ozone.container.common.statemachine.StateContext.execute(StateContext.java:633)
	at org.apache.hadoop.ozone.container.common.statemachine.DatanodeStateMachine.start(DatanodeStateMachine.java:280)
	at org.apache.hadoop.ozone.container.common.statemachine.DatanodeStateMachine.lambda$startDaemon$0(DatanodeStateMachine.java:468)
	at java.lang.Thread.run(Thread.java:748)
Caused by: java.util.concurrent.TimeoutException
	at java.util.concurrent.FutureTask.get(FutureTask.java:205)
	at org.apache.hadoop.ozone.container.common.states.datanode.RunningDatanodeState.lambda$execute$0(RunningDatanodeState.java:149)
	at java.util.concurrent.FutureTask.run(FutureTask.java:266)
	at java.util.concurrent.Executors$RunnableAdapter.call(Executors.java:511)
	at java.util.concurrent.FutureTask.run(FutureTask.java:266)
	at java.util.concurrent.ThreadPoolExecutor.runWorker(ThreadPoolExecutor.java:1149)
	at java.util.concurrent.ThreadPoolExecutor$Worker.run(ThreadPoolExecutor.java:624)
	... 1 more
2022-01-10 13:24:08,201 [9ca66d1e-a818-43c9-bf62-5187506efa35@group-684F79557AE4-FollowerState] INFO  impl.FollowerState (FollowerState.java:run(134)) - 9ca66d1e-a818-43c9-bf62-5187506efa35@group-684F79557AE4-FollowerState: change to CANDIDATE, lastRpcElapsedTime:5117382924ns, electionTimeout:5112ms
2022-01-10 13:24:08,202 [9ca66d1e-a818-43c9-bf62-5187506efa35@group-684F79557AE4-FollowerState] INFO  impl.RoleInfo (RoleInfo.java:shutdownFollowerState(108)) - 9ca66d1e-a818-43c9-bf62-5187506efa35: shutdown 9ca66d1e-a818-43c9-bf62-5187506efa35@group-684F79557AE4-FollowerState
2022-01-10 13:24:08,202 [9ca66d1e-a818-43c9-bf62-5187506efa35@group-684F79557AE4-FollowerState] INFO  server.RaftServer$Division (RaftServerImpl.java:setRole(290)) - 9ca66d1e-a818-43c9-bf62-5187506efa35@group-684F79557AE4: changes role from  FOLLOWER to CANDIDATE at term 0 for changeToCandidate
2022-01-10 13:24:08,203 [9ca66d1e-a818-43c9-bf62-5187506efa35@group-684F79557AE4-FollowerState] INFO  server.RaftServerConfigKeys (ConfUtils.java:logGet(44)) - raft.server.leaderelection.pre-vote = false (custom)
2022-01-10 13:24:08,203 [9ca66d1e-a818-43c9-bf62-5187506efa35@group-684F79557AE4-FollowerState] INFO  impl.RoleInfo (RoleInfo.java:updateAndGet(130)) - 9ca66d1e-a818-43c9-bf62-5187506efa35: start 9ca66d1e-a818-43c9-bf62-5187506efa35@group-684F79557AE4-LeaderElection22
2022-01-10 13:24:08,220 [9ca66d1e-a818-43c9-bf62-5187506efa35@group-684F79557AE4-LeaderElection22] INFO  impl.LeaderElection (LeaderElection.java:askForVotes(306)) - 9ca66d1e-a818-43c9-bf62-5187506efa35@group-684F79557AE4-LeaderElection22 ELECTION round 0: submit vote requests at term 1 for -1: [9ca66d1e-a818-43c9-bf62-5187506efa35|rpc:127.0.0.1:42475|priority:1], old=null
2022-01-10 13:24:08,221 [9ca66d1e-a818-43c9-bf62-5187506efa35@group-684F79557AE4-LeaderElection22] INFO  impl.LeaderElection (LeaderElection.java:askForVotes(308)) - 9ca66d1e-a818-43c9-bf62-5187506efa35@group-684F79557AE4-LeaderElection22 ELECTION round 0: result PASSED (term=1)
2022-01-10 13:24:08,221 [9ca66d1e-a818-43c9-bf62-5187506efa35@group-684F79557AE4-LeaderElection22] INFO  impl.RoleInfo (RoleInfo.java:shutdownLeaderElection(121)) - 9ca66d1e-a818-43c9-bf62-5187506efa35: shutdown 9ca66d1e-a818-43c9-bf62-5187506efa35@group-684F79557AE4-LeaderElection22
2022-01-10 13:24:08,221 [9ca66d1e-a818-43c9-bf62-5187506efa35@group-684F79557AE4-LeaderElection22] INFO  server.RaftServer$Division (RaftServerImpl.java:setRole(290)) - 9ca66d1e-a818-43c9-bf62-5187506efa35@group-684F79557AE4: changes role from CANDIDATE to LEADER at term 1 for changeToLeader
2022-01-10 13:24:08,221 [9ca66d1e-a818-43c9-bf62-5187506efa35@group-684F79557AE4-LeaderElection22] INFO  ratis.XceiverServerRatis (XceiverServerRatis.java:handleLeaderChangedNotification(866)) - Leader change notification received for group: group-684F79557AE4 with new leaderId: 9ca66d1e-a818-43c9-bf62-5187506efa35
2022-01-10 13:24:08,224 [EventQueue-OpenPipelineForHealthyPipelineSafeModeRule] INFO  safemode.SCMSafeModeManager (HealthyPipelineSafeModeRule.java:process(124)) - SCM in safe mode. Healthy pipelines reported count is 0, required healthy pipeline reported count is 1
2022-01-10 13:24:08,225 [EventQueue-OpenPipelineForHealthyPipelineSafeModeRule] INFO  safemode.SCMSafeModeManager (HealthyPipelineSafeModeRule.java:process(124)) - SCM in safe mode. Healthy pipelines reported count is 0, required healthy pipeline reported count is 1
2022-01-10 13:24:08,226 [9ca66d1e-a818-43c9-bf62-5187506efa35@group-684F79557AE4-LeaderElection22] INFO  server.RaftServer$Division (ServerState.java:setLeader(285)) - 9ca66d1e-a818-43c9-bf62-5187506efa35@group-684F79557AE4: change Leader from null to 9ca66d1e-a818-43c9-bf62-5187506efa35 at term 1 for becomeLeader, leader elected after 5194ms
2022-01-10 13:24:08,226 [9ca66d1e-a818-43c9-bf62-5187506efa35@group-684F79557AE4-LeaderElection22] INFO  server.RaftServerConfigKeys (ConfUtils.java:logGet(44)) - raft.server.staging.catchup.gap = 1000 (default)
2022-01-10 13:24:08,227 [9ca66d1e-a818-43c9-bf62-5187506efa35@group-684F79557AE4-LeaderElection22] INFO  server.RaftServerConfigKeys (ConfUtils.java:logGet(44)) - raft.server.write.element-limit = 1024 (custom)
2022-01-10 13:24:08,227 [9ca66d1e-a818-43c9-bf62-5187506efa35@group-684F79557AE4-LeaderElection22] INFO  server.RaftServerConfigKeys (ConfUtils.java:logGet(44)) - raft.server.write.byte-limit = 1024 M (=1073741824) (custom)
2022-01-10 13:24:08,227 [9ca66d1e-a818-43c9-bf62-5187506efa35@group-684F79557AE4-LeaderElection22] INFO  server.RaftServerConfigKeys (ConfUtils.java:logGet(44)) - raft.server.watch.timeout = 180s (custom)
2022-01-10 13:24:08,227 [9ca66d1e-a818-43c9-bf62-5187506efa35@group-684F79557AE4-LeaderElection22] INFO  server.RaftServerConfigKeys (ConfUtils.java:logGet(44)) - raft.server.watch.timeout.denomination = 1s (default)
2022-01-10 13:24:08,227 [9ca66d1e-a818-43c9-bf62-5187506efa35@group-684F79557AE4-LeaderElection22] INFO  server.RaftServerConfigKeys (ConfUtils.java:logGet(44)) - raft.server.watch.element-limit = 65536 (default)
2022-01-10 13:24:08,227 [9ca66d1e-a818-43c9-bf62-5187506efa35@group-684F79557AE4-LeaderElection22] INFO  server.RaftServerConfigKeys (ConfUtils.java:logGet(44)) - raft.server.write.element-limit = 1024 (custom)
2022-01-10 13:24:08,227 [9ca66d1e-a818-43c9-bf62-5187506efa35@group-684F79557AE4-LeaderElection22] INFO  server.RaftServerConfigKeys (ConfUtils.java:logGet(44)) - raft.server.write.follower.gap.ratio.max = -1.0 (default)
2022-01-10 13:24:08,227 [9ca66d1e-a818-43c9-bf62-5187506efa35@group-684F79557AE4-LeaderElection22] INFO  impl.RoleInfo (RoleInfo.java:updateAndGet(130)) - 9ca66d1e-a818-43c9-bf62-5187506efa35: start 9ca66d1e-a818-43c9-bf62-5187506efa35@group-684F79557AE4-LeaderStateImpl
2022-01-10 13:24:08,228 [9ca66d1e-a818-43c9-bf62-5187506efa35@group-684F79557AE4-LeaderElection22] INFO  segmented.SegmentedRaftLogWorker (SegmentedRaftLogWorker.java:startLogSegment(394)) - 9ca66d1e-a818-43c9-bf62-5187506efa35@group-684F79557AE4-SegmentedRaftLogWorker: Starting segment from index:0
2022-01-10 13:24:08,230 [9ca66d1e-a818-43c9-bf62-5187506efa35@group-684F79557AE4-SegmentedRaftLogWorker] INFO  segmented.SegmentedRaftLogWorker (SegmentedRaftLogWorker.java:execute(601)) - 9ca66d1e-a818-43c9-bf62-5187506efa35@group-684F79557AE4-SegmentedRaftLogWorker: created new log segment /home/runner/work/ozone/ozone/hadoop-ozone/integration-test/target/test-dir/MiniOzoneClusterImpl-4961146f-9f28-4cba-af76-74f7029fd382/datanode-2/data/ratis/9caceafe-914c-4b3a-b4f1-684f79557ae4/current/log_inprogress_0
2022-01-10 13:24:08,239 [9ca66d1e-a818-43c9-bf62-5187506efa35@group-684F79557AE4-LeaderElection22] INFO  server.RaftServer$Division (ServerState.java:setRaftConf(387)) - 9ca66d1e-a818-43c9-bf62-5187506efa35@group-684F79557AE4: set configuration 0: [9ca66d1e-a818-43c9-bf62-5187506efa35|rpc:127.0.0.1:42475|dataStream:|priority:1], old=null
2022-01-10 13:24:08,608 [EndpointStateMachine task thread for /127.0.0.1:14609 - 0 ] INFO  ipc.Client (Client.java:handleConnectionFailure(977)) - Retrying connect to server: localhost/127.0.0.1:14609. Already tried 8 time(s); retry policy is RetryUpToMaximumCountWithFixedSleep(maxRetries=15, sleepTime=1000 MILLISECONDS)
2022-01-10 13:24:08,609 [EndpointStateMachine task thread for /127.0.0.1:14619 - 0 ] INFO  ipc.Client (Client.java:handleConnectionFailure(977)) - Retrying connect to server: localhost/127.0.0.1:14619. Already tried 5 time(s); retry policy is RetryUpToMaximumCountWithFixedSleep(maxRetries=15, sleepTime=1000 MILLISECONDS)
2022-01-10 13:24:08,613 [EndpointStateMachine task thread for /127.0.0.1:14629 - 0 ] INFO  ipc.Client (Client.java:handleConnectionFailure(977)) - Retrying connect to server: localhost/127.0.0.1:14629. Already tried 5 time(s); retry policy is RetryUpToMaximumCountWithFixedSleep(maxRetries=15, sleepTime=1000 MILLISECONDS)
2022-01-10 13:24:08,931 [Listener at 127.0.0.1/11264] INFO  ozone.MiniOzoneClusterImpl (MiniOzoneClusterImpl.java:lambda$waitForClusterToBeReady$0(235)) - Nodes are ready. Got 3 of 3 DN Heartbeats.
2022-01-10 13:24:08,931 [Listener at 127.0.0.1/11264] INFO  ozone.MiniOzoneClusterImpl (MiniOzoneClusterImpl.java:lambda$waitForClusterToBeReady$0(238)) - Waiting for cluster to exit safe mode
2022-01-10 13:24:08,931 [Listener at 127.0.0.1/11264] INFO  ozone.MiniOzoneClusterImpl (MiniOzoneClusterImpl.java:lambda$waitForClusterToBeReady$0(240)) - SCM became leader
2022-01-10 13:24:09,609 [EndpointStateMachine task thread for /127.0.0.1:14609 - 0 ] INFO  ipc.Client (Client.java:handleConnectionFailure(977)) - Retrying connect to server: localhost/127.0.0.1:14609. Already tried 9 time(s); retry policy is RetryUpToMaximumCountWithFixedSleep(maxRetries=15, sleepTime=1000 MILLISECONDS)
2022-01-10 13:24:09,610 [EndpointStateMachine task thread for /127.0.0.1:14619 - 0 ] INFO  ipc.Client (Client.java:handleConnectionFailure(977)) - Retrying connect to server: localhost/127.0.0.1:14619. Already tried 6 time(s); retry policy is RetryUpToMaximumCountWithFixedSleep(maxRetries=15, sleepTime=1000 MILLISECONDS)
2022-01-10 13:24:09,614 [EndpointStateMachine task thread for /127.0.0.1:14629 - 0 ] INFO  ipc.Client (Client.java:handleConnectionFailure(977)) - Retrying connect to server: localhost/127.0.0.1:14629. Already tried 6 time(s); retry policy is RetryUpToMaximumCountWithFixedSleep(maxRetries=15, sleepTime=1000 MILLISECONDS)
2022-01-10 13:24:09,932 [Listener at 127.0.0.1/11264] INFO  ozone.MiniOzoneClusterImpl (MiniOzoneClusterImpl.java:lambda$waitForClusterToBeReady$0(235)) - Nodes are ready. Got 3 of 3 DN Heartbeats.
2022-01-10 13:24:09,932 [Listener at 127.0.0.1/11264] INFO  ozone.MiniOzoneClusterImpl (MiniOzoneClusterImpl.java:lambda$waitForClusterToBeReady$0(238)) - Waiting for cluster to exit safe mode
2022-01-10 13:24:09,932 [Listener at 127.0.0.1/11264] INFO  ozone.MiniOzoneClusterImpl (MiniOzoneClusterImpl.java:lambda$waitForClusterToBeReady$0(240)) - SCM became leader
2022-01-10 13:24:10,224 [Datanode State Machine Daemon Thread] ERROR datanode.RunningDatanodeState (RunningDatanodeState.java:computeNextContainerState(199)) - Error in executing end point task.
java.util.concurrent.ExecutionException: java.util.concurrent.TimeoutException
	at java.util.concurrent.FutureTask.report(FutureTask.java:122)
	at java.util.concurrent.FutureTask.get(FutureTask.java:192)
	at org.apache.hadoop.ozone.container.common.states.datanode.RunningDatanodeState.computeNextContainerState(RunningDatanodeState.java:191)
	at org.apache.hadoop.ozone.container.common.states.datanode.RunningDatanodeState.await(RunningDatanodeState.java:231)
	at org.apache.hadoop.ozone.container.common.states.datanode.RunningDatanodeState.await(RunningDatanodeState.java:50)
	at org.apache.hadoop.ozone.container.common.statemachine.StateContext.execute(StateContext.java:633)
	at org.apache.hadoop.ozone.container.common.statemachine.DatanodeStateMachine.start(DatanodeStateMachine.java:280)
	at org.apache.hadoop.ozone.container.common.statemachine.DatanodeStateMachine.lambda$startDaemon$0(DatanodeStateMachine.java:468)
	at java.lang.Thread.run(Thread.java:748)
Caused by: java.util.concurrent.TimeoutException
	at java.util.concurrent.FutureTask.get(FutureTask.java:205)
	at org.apache.hadoop.ozone.container.common.states.datanode.RunningDatanodeState.lambda$execute$0(RunningDatanodeState.java:149)
	at java.util.concurrent.FutureTask.run(FutureTask.java:266)
	at java.util.concurrent.Executors$RunnableAdapter.call(Executors.java:511)
	at java.util.concurrent.FutureTask.run(FutureTask.java:266)
	at java.util.concurrent.ThreadPoolExecutor.runWorker(ThreadPoolExecutor.java:1149)
	at java.util.concurrent.ThreadPoolExecutor$Worker.run(ThreadPoolExecutor.java:624)
	... 1 more
2022-01-10 13:24:10,307 [Datanode State Machine Daemon Thread] ERROR datanode.RunningDatanodeState (RunningDatanodeState.java:computeNextContainerState(199)) - Error in executing end point task.
java.util.concurrent.ExecutionException: java.util.concurrent.TimeoutException
	at java.util.concurrent.FutureTask.report(FutureTask.java:122)
	at java.util.concurrent.FutureTask.get(FutureTask.java:192)
	at org.apache.hadoop.ozone.container.common.states.datanode.RunningDatanodeState.computeNextContainerState(RunningDatanodeState.java:191)
	at org.apache.hadoop.ozone.container.common.states.datanode.RunningDatanodeState.await(RunningDatanodeState.java:231)
	at org.apache.hadoop.ozone.container.common.states.datanode.RunningDatanodeState.await(RunningDatanodeState.java:50)
	at org.apache.hadoop.ozone.container.common.statemachine.StateContext.execute(StateContext.java:633)
	at org.apache.hadoop.ozone.container.common.statemachine.DatanodeStateMachine.start(DatanodeStateMachine.java:280)
	at org.apache.hadoop.ozone.container.common.statemachine.DatanodeStateMachine.lambda$startDaemon$0(DatanodeStateMachine.java:468)
	at java.lang.Thread.run(Thread.java:748)
Caused by: java.util.concurrent.TimeoutException
	at java.util.concurrent.FutureTask.get(FutureTask.java:205)
	at org.apache.hadoop.ozone.container.common.states.datanode.RunningDatanodeState.lambda$execute$0(RunningDatanodeState.java:149)
	at java.util.concurrent.FutureTask.run(FutureTask.java:266)
	at java.util.concurrent.Executors$RunnableAdapter.call(Executors.java:511)
	at java.util.concurrent.FutureTask.run(FutureTask.java:266)
	at java.util.concurrent.ThreadPoolExecutor.runWorker(ThreadPoolExecutor.java:1149)
	at java.util.concurrent.ThreadPoolExecutor$Worker.run(ThreadPoolExecutor.java:624)
	... 1 more
2022-01-10 13:24:10,609 [EndpointStateMachine task thread for /127.0.0.1:14609 - 0 ] INFO  ipc.Client (Client.java:handleConnectionFailure(977)) - Retrying connect to server: localhost/127.0.0.1:14609. Already tried 10 time(s); retry policy is RetryUpToMaximumCountWithFixedSleep(maxRetries=15, sleepTime=1000 MILLISECONDS)
2022-01-10 13:24:10,610 [EndpointStateMachine task thread for /127.0.0.1:14619 - 0 ] INFO  ipc.Client (Client.java:handleConnectionFailure(977)) - Retrying connect to server: localhost/127.0.0.1:14619. Already tried 7 time(s); retry policy is RetryUpToMaximumCountWithFixedSleep(maxRetries=15, sleepTime=1000 MILLISECONDS)
2022-01-10 13:24:10,616 [EndpointStateMachine task thread for /127.0.0.1:14629 - 0 ] INFO  ipc.Client (Client.java:handleConnectionFailure(977)) - Retrying connect to server: localhost/127.0.0.1:14629. Already tried 7 time(s); retry policy is RetryUpToMaximumCountWithFixedSleep(maxRetries=15, sleepTime=1000 MILLISECONDS)
2022-01-10 13:24:10,932 [Listener at 127.0.0.1/11264] INFO  ozone.MiniOzoneClusterImpl (MiniOzoneClusterImpl.java:lambda$waitForClusterToBeReady$0(235)) - Nodes are ready. Got 3 of 3 DN Heartbeats.
2022-01-10 13:24:10,933 [Listener at 127.0.0.1/11264] INFO  ozone.MiniOzoneClusterImpl (MiniOzoneClusterImpl.java:lambda$waitForClusterToBeReady$0(238)) - Waiting for cluster to exit safe mode
2022-01-10 13:24:10,933 [Listener at 127.0.0.1/11264] INFO  ozone.MiniOzoneClusterImpl (MiniOzoneClusterImpl.java:lambda$waitForClusterToBeReady$0(240)) - SCM became leader
2022-01-10 13:24:11,310 [Datanode State Machine Daemon Thread] ERROR datanode.RunningDatanodeState (RunningDatanodeState.java:computeNextContainerState(199)) - Error in executing end point task.
java.util.concurrent.ExecutionException: java.util.concurrent.TimeoutException
	at java.util.concurrent.FutureTask.report(FutureTask.java:122)
	at java.util.concurrent.FutureTask.get(FutureTask.java:192)
	at org.apache.hadoop.ozone.container.common.states.datanode.RunningDatanodeState.computeNextContainerState(RunningDatanodeState.java:191)
	at org.apache.hadoop.ozone.container.common.states.datanode.RunningDatanodeState.await(RunningDatanodeState.java:231)
	at org.apache.hadoop.ozone.container.common.states.datanode.RunningDatanodeState.await(RunningDatanodeState.java:50)
	at org.apache.hadoop.ozone.container.common.statemachine.StateContext.execute(StateContext.java:633)
	at org.apache.hadoop.ozone.container.common.statemachine.DatanodeStateMachine.start(DatanodeStateMachine.java:280)
	at org.apache.hadoop.ozone.container.common.statemachine.DatanodeStateMachine.lambda$startDaemon$0(DatanodeStateMachine.java:468)
	at java.lang.Thread.run(Thread.java:748)
Caused by: java.util.concurrent.TimeoutException
	at java.util.concurrent.FutureTask.get(FutureTask.java:205)
	at org.apache.hadoop.ozone.container.common.states.datanode.RunningDatanodeState.lambda$execute$0(RunningDatanodeState.java:149)
	at java.util.concurrent.FutureTask.run(FutureTask.java:266)
	at java.util.concurrent.Executors$RunnableAdapter.call(Executors.java:511)
	at java.util.concurrent.FutureTask.run(FutureTask.java:266)
	at java.util.concurrent.ThreadPoolExecutor.runWorker(ThreadPoolExecutor.java:1149)
	at java.util.concurrent.ThreadPoolExecutor$Worker.run(ThreadPoolExecutor.java:624)
	... 1 more
2022-01-10 13:24:11,610 [EndpointStateMachine task thread for /127.0.0.1:14609 - 0 ] INFO  ipc.Client (Client.java:handleConnectionFailure(977)) - Retrying connect to server: localhost/127.0.0.1:14609. Already tried 11 time(s); retry policy is RetryUpToMaximumCountWithFixedSleep(maxRetries=15, sleepTime=1000 MILLISECONDS)
2022-01-10 13:24:11,611 [EndpointStateMachine task thread for /127.0.0.1:14619 - 0 ] INFO  ipc.Client (Client.java:handleConnectionFailure(977)) - Retrying connect to server: localhost/127.0.0.1:14619. Already tried 8 time(s); retry policy is RetryUpToMaximumCountWithFixedSleep(maxRetries=15, sleepTime=1000 MILLISECONDS)
2022-01-10 13:24:11,617 [EndpointStateMachine task thread for /127.0.0.1:14629 - 0 ] INFO  ipc.Client (Client.java:handleConnectionFailure(977)) - Retrying connect to server: localhost/127.0.0.1:14629. Already tried 8 time(s); retry policy is RetryUpToMaximumCountWithFixedSleep(maxRetries=15, sleepTime=1000 MILLISECONDS)
2022-01-10 13:24:11,933 [Listener at 127.0.0.1/11264] INFO  ozone.MiniOzoneClusterImpl (MiniOzoneClusterImpl.java:lambda$waitForClusterToBeReady$0(235)) - Nodes are ready. Got 3 of 3 DN Heartbeats.
2022-01-10 13:24:11,933 [Listener at 127.0.0.1/11264] INFO  ozone.MiniOzoneClusterImpl (MiniOzoneClusterImpl.java:lambda$waitForClusterToBeReady$0(238)) - Waiting for cluster to exit safe mode
2022-01-10 13:24:11,933 [Listener at 127.0.0.1/11264] INFO  ozone.MiniOzoneClusterImpl (MiniOzoneClusterImpl.java:lambda$waitForClusterToBeReady$0(240)) - SCM became leader
2022-01-10 13:24:12,227 [Datanode State Machine Daemon Thread] ERROR datanode.RunningDatanodeState (RunningDatanodeState.java:computeNextContainerState(199)) - Error in executing end point task.
java.util.concurrent.ExecutionException: java.util.concurrent.TimeoutException
	at java.util.concurrent.FutureTask.report(FutureTask.java:122)
	at java.util.concurrent.FutureTask.get(FutureTask.java:192)
	at org.apache.hadoop.ozone.container.common.states.datanode.RunningDatanodeState.computeNextContainerState(RunningDatanodeState.java:191)
	at org.apache.hadoop.ozone.container.common.states.datanode.RunningDatanodeState.await(RunningDatanodeState.java:231)
	at org.apache.hadoop.ozone.container.common.states.datanode.RunningDatanodeState.await(RunningDatanodeState.java:50)
	at org.apache.hadoop.ozone.container.common.statemachine.StateContext.execute(StateContext.java:633)
	at org.apache.hadoop.ozone.container.common.statemachine.DatanodeStateMachine.start(DatanodeStateMachine.java:280)
	at org.apache.hadoop.ozone.container.common.statemachine.DatanodeStateMachine.lambda$startDaemon$0(DatanodeStateMachine.java:468)
	at java.lang.Thread.run(Thread.java:748)
Caused by: java.util.concurrent.TimeoutException
	at java.util.concurrent.FutureTask.get(FutureTask.java:205)
	at org.apache.hadoop.ozone.container.common.states.datanode.RunningDatanodeState.lambda$execute$0(RunningDatanodeState.java:149)
	at java.util.concurrent.FutureTask.run(FutureTask.java:266)
	at java.util.concurrent.Executors$RunnableAdapter.call(Executors.java:511)
	at java.util.concurrent.FutureTask.run(FutureTask.java:266)
	at java.util.concurrent.ThreadPoolExecutor.runWorker(ThreadPoolExecutor.java:1149)
	at java.util.concurrent.ThreadPoolExecutor$Worker.run(ThreadPoolExecutor.java:624)
	... 1 more
2022-01-10 13:24:12,498 [cd4304a5-ad25-4184-aa9b-9d5680dbb42f@group-E5A0C3DE471E-FollowerState] INFO  impl.FollowerState (FollowerState.java:run(134)) - cd4304a5-ad25-4184-aa9b-9d5680dbb42f@group-E5A0C3DE471E-FollowerState: change to CANDIDATE, lastRpcElapsedTime:5101577392ns, electionTimeout:5101ms
2022-01-10 13:24:12,499 [cd4304a5-ad25-4184-aa9b-9d5680dbb42f@group-E5A0C3DE471E-FollowerState] INFO  impl.RoleInfo (RoleInfo.java:shutdownFollowerState(108)) - cd4304a5-ad25-4184-aa9b-9d5680dbb42f: shutdown cd4304a5-ad25-4184-aa9b-9d5680dbb42f@group-E5A0C3DE471E-FollowerState
2022-01-10 13:24:12,499 [cd4304a5-ad25-4184-aa9b-9d5680dbb42f@group-E5A0C3DE471E-FollowerState] INFO  server.RaftServer$Division (RaftServerImpl.java:setRole(290)) - cd4304a5-ad25-4184-aa9b-9d5680dbb42f@group-E5A0C3DE471E: changes role from  FOLLOWER to CANDIDATE at term 1 for changeToCandidate
2022-01-10 13:24:12,499 [cd4304a5-ad25-4184-aa9b-9d5680dbb42f@group-E5A0C3DE471E-FollowerState] INFO  server.RaftServerConfigKeys (ConfUtils.java:logGet(44)) - raft.server.leaderelection.pre-vote = false (custom)
2022-01-10 13:24:12,499 [cd4304a5-ad25-4184-aa9b-9d5680dbb42f@group-E5A0C3DE471E-FollowerState] INFO  impl.RoleInfo (RoleInfo.java:updateAndGet(130)) - cd4304a5-ad25-4184-aa9b-9d5680dbb42f: start cd4304a5-ad25-4184-aa9b-9d5680dbb42f@group-E5A0C3DE471E-LeaderElection23
2022-01-10 13:24:12,520 [cd4304a5-ad25-4184-aa9b-9d5680dbb42f@group-E5A0C3DE471E-LeaderElection23] INFO  impl.LeaderElection (LeaderElection.java:askForVotes(306)) - cd4304a5-ad25-4184-aa9b-9d5680dbb42f@group-E5A0C3DE471E-LeaderElection23 ELECTION round 0: submit vote requests at term 2 for -1: [cd4304a5-ad25-4184-aa9b-9d5680dbb42f|rpc:127.0.0.1:44433|dataStream:|priority:0, 9ca66d1e-a818-43c9-bf62-5187506efa35|rpc:127.0.0.1:42475|dataStream:|priority:1, 4b3c65cf-387e-4213-93df-57198a9c946a|rpc:127.0.0.1:38165|dataStream:|priority:0], old=null
2022-01-10 13:24:12,532 [9ca66d1e-a818-43c9-bf62-5187506efa35@group-E5A0C3DE471E-FollowerState] INFO  impl.FollowerState (FollowerState.java:run(134)) - 9ca66d1e-a818-43c9-bf62-5187506efa35@group-E5A0C3DE471E-FollowerState: change to CANDIDATE, lastRpcElapsedTime:5097971763ns, electionTimeout:5087ms
2022-01-10 13:24:12,532 [9ca66d1e-a818-43c9-bf62-5187506efa35@group-E5A0C3DE471E-FollowerState] INFO  impl.RoleInfo (RoleInfo.java:shutdownFollowerState(108)) - 9ca66d1e-a818-43c9-bf62-5187506efa35: shutdown 9ca66d1e-a818-43c9-bf62-5187506efa35@group-E5A0C3DE471E-FollowerState
2022-01-10 13:24:12,532 [9ca66d1e-a818-43c9-bf62-5187506efa35@group-E5A0C3DE471E-FollowerState] INFO  server.RaftServer$Division (RaftServerImpl.java:setRole(290)) - 9ca66d1e-a818-43c9-bf62-5187506efa35@group-E5A0C3DE471E: changes role from  FOLLOWER to CANDIDATE at term 1 for changeToCandidate
2022-01-10 13:24:12,533 [9ca66d1e-a818-43c9-bf62-5187506efa35@group-E5A0C3DE471E-FollowerState] INFO  server.RaftServerConfigKeys (ConfUtils.java:logGet(44)) - raft.server.leaderelection.pre-vote = false (custom)
2022-01-10 13:24:12,533 [9ca66d1e-a818-43c9-bf62-5187506efa35@group-E5A0C3DE471E-FollowerState] INFO  impl.RoleInfo (RoleInfo.java:updateAndGet(130)) - 9ca66d1e-a818-43c9-bf62-5187506efa35: start 9ca66d1e-a818-43c9-bf62-5187506efa35@group-E5A0C3DE471E-LeaderElection24
2022-01-10 13:24:12,538 [grpc-default-executor-1] INFO  server.RaftServer$Division (RaftServerImpl.java:requestVote(1046)) - 9ca66d1e-a818-43c9-bf62-5187506efa35@group-E5A0C3DE471E: receive requestVote(ELECTION, cd4304a5-ad25-4184-aa9b-9d5680dbb42f, group-E5A0C3DE471E, 2, (t:0, i:0))
2022-01-10 13:24:12,539 [grpc-default-executor-1] INFO  impl.VoteContext (VoteContext.java:log(48)) - 9ca66d1e-a818-43c9-bf62-5187506efa35@group-E5A0C3DE471E-CANDIDATE: reject ELECTION from cd4304a5-ad25-4184-aa9b-9d5680dbb42f: our priority 1 > candidate's priority 0
2022-01-10 13:24:12,539 [grpc-default-executor-1] INFO  server.RaftServer$Division (RaftServerImpl.java:setRole(290)) - 9ca66d1e-a818-43c9-bf62-5187506efa35@group-E5A0C3DE471E: changes role from CANDIDATE to FOLLOWER at term 2 for candidate:cd4304a5-ad25-4184-aa9b-9d5680dbb42f
2022-01-10 13:24:12,539 [grpc-default-executor-1] INFO  impl.RoleInfo (RoleInfo.java:shutdownLeaderElection(121)) - 9ca66d1e-a818-43c9-bf62-5187506efa35: shutdown 9ca66d1e-a818-43c9-bf62-5187506efa35@group-E5A0C3DE471E-LeaderElection24
2022-01-10 13:24:12,539 [grpc-default-executor-1] INFO  impl.RoleInfo (RoleInfo.java:updateAndGet(130)) - 9ca66d1e-a818-43c9-bf62-5187506efa35: start 9ca66d1e-a818-43c9-bf62-5187506efa35@group-E5A0C3DE471E-FollowerState
2022-01-10 13:24:12,541 [9ca66d1e-a818-43c9-bf62-5187506efa35@group-E5A0C3DE471E-LeaderElection24] INFO  impl.LeaderElection (LeaderElection.java:run(230)) - 9ca66d1e-a818-43c9-bf62-5187506efa35@group-E5A0C3DE471E-LeaderElection24: skip running since this is already CLOSING
2022-01-10 13:24:12,542 [grpc-default-executor-0] INFO  server.RaftServer$Division (RaftServerImpl.java:requestVote(1046)) - 4b3c65cf-387e-4213-93df-57198a9c946a@group-E5A0C3DE471E: receive requestVote(ELECTION, cd4304a5-ad25-4184-aa9b-9d5680dbb42f, group-E5A0C3DE471E, 2, (t:0, i:0))
2022-01-10 13:24:12,542 [grpc-default-executor-1] INFO  server.RaftServer$Division (RaftServerImpl.java:requestVote(1078)) - 9ca66d1e-a818-43c9-bf62-5187506efa35@group-E5A0C3DE471E replies to ELECTION vote request: cd4304a5-ad25-4184-aa9b-9d5680dbb42f<-9ca66d1e-a818-43c9-bf62-5187506efa35#0:FAIL-t2. Peer's state: 9ca66d1e-a818-43c9-bf62-5187506efa35@group-E5A0C3DE471E:t2, leader=null, voted=null, raftlog=9ca66d1e-a818-43c9-bf62-5187506efa35@group-E5A0C3DE471E-SegmentedRaftLog:OPENED:c-1, conf=-1: [cd4304a5-ad25-4184-aa9b-9d5680dbb42f|rpc:127.0.0.1:44433|dataStream:|priority:0, 9ca66d1e-a818-43c9-bf62-5187506efa35|rpc:127.0.0.1:42475|dataStream:|priority:1, 4b3c65cf-387e-4213-93df-57198a9c946a|rpc:127.0.0.1:38165|dataStream:|priority:0], old=null
2022-01-10 13:24:12,543 [grpc-default-executor-0] INFO  impl.VoteContext (VoteContext.java:log(48)) - 4b3c65cf-387e-4213-93df-57198a9c946a@group-E5A0C3DE471E-FOLLOWER: accept ELECTION from cd4304a5-ad25-4184-aa9b-9d5680dbb42f: our priority 0 <= candidate's priority 0
2022-01-10 13:24:12,543 [grpc-default-executor-0] INFO  server.RaftServer$Division (RaftServerImpl.java:setRole(290)) - 4b3c65cf-387e-4213-93df-57198a9c946a@group-E5A0C3DE471E: changes role from  FOLLOWER to FOLLOWER at term 2 for candidate:cd4304a5-ad25-4184-aa9b-9d5680dbb42f
2022-01-10 13:24:12,543 [grpc-default-executor-0] INFO  impl.RoleInfo (RoleInfo.java:shutdownFollowerState(108)) - 4b3c65cf-387e-4213-93df-57198a9c946a: shutdown 4b3c65cf-387e-4213-93df-57198a9c946a@group-E5A0C3DE471E-FollowerState
2022-01-10 13:24:12,543 [grpc-default-executor-0] INFO  impl.RoleInfo (RoleInfo.java:updateAndGet(130)) - 4b3c65cf-387e-4213-93df-57198a9c946a: start 4b3c65cf-387e-4213-93df-57198a9c946a@group-E5A0C3DE471E-FollowerState
2022-01-10 13:24:12,543 [4b3c65cf-387e-4213-93df-57198a9c946a@group-E5A0C3DE471E-FollowerState] INFO  impl.FollowerState (FollowerState.java:run(143)) - 4b3c65cf-387e-4213-93df-57198a9c946a@group-E5A0C3DE471E-FollowerState was interrupted: {}
java.lang.InterruptedException: sleep interrupted
	at java.lang.Thread.sleep(Native Method)
	at java.lang.Thread.sleep(Thread.java:340)
	at java.util.concurrent.TimeUnit.sleep(TimeUnit.java:386)
	at org.apache.ratis.util.TimeDuration.sleep(TimeDuration.java:324)
	at org.apache.ratis.util.TimeDuration.sleep(TimeDuration.java:309)
	at org.apache.ratis.server.impl.FollowerState.run(FollowerState.java:118)
2022-01-10 13:24:12,560 [grpc-default-executor-0] INFO  server.RaftServer$Division (RaftServerImpl.java:requestVote(1078)) - 4b3c65cf-387e-4213-93df-57198a9c946a@group-E5A0C3DE471E replies to ELECTION vote request: cd4304a5-ad25-4184-aa9b-9d5680dbb42f<-4b3c65cf-387e-4213-93df-57198a9c946a#0:OK-t2. Peer's state: 4b3c65cf-387e-4213-93df-57198a9c946a@group-E5A0C3DE471E:t2, leader=null, voted=cd4304a5-ad25-4184-aa9b-9d5680dbb42f, raftlog=4b3c65cf-387e-4213-93df-57198a9c946a@group-E5A0C3DE471E-SegmentedRaftLog:OPENED:c-1, conf=-1: [cd4304a5-ad25-4184-aa9b-9d5680dbb42f|rpc:127.0.0.1:44433|priority:0, 9ca66d1e-a818-43c9-bf62-5187506efa35|rpc:127.0.0.1:42475|priority:1, 4b3c65cf-387e-4213-93df-57198a9c946a|rpc:127.0.0.1:38165|priority:0], old=null
2022-01-10 13:24:12,560 [cd4304a5-ad25-4184-aa9b-9d5680dbb42f@group-E5A0C3DE471E-LeaderElection23] INFO  impl.LeaderElection (LeaderElection.java:logAndReturn(89)) - cd4304a5-ad25-4184-aa9b-9d5680dbb42f@group-E5A0C3DE471E-LeaderElection23: ELECTION REJECTED received 1 response(s) and 0 exception(s):
2022-01-10 13:24:12,560 [cd4304a5-ad25-4184-aa9b-9d5680dbb42f@group-E5A0C3DE471E-LeaderElection23] INFO  impl.LeaderElection (LeaderElection.java:logAndReturn(93)) -   Response 0: cd4304a5-ad25-4184-aa9b-9d5680dbb42f<-9ca66d1e-a818-43c9-bf62-5187506efa35#0:FAIL-t2
2022-01-10 13:24:12,560 [cd4304a5-ad25-4184-aa9b-9d5680dbb42f@group-E5A0C3DE471E-LeaderElection23] INFO  impl.LeaderElection (LeaderElection.java:askForVotes(308)) - cd4304a5-ad25-4184-aa9b-9d5680dbb42f@group-E5A0C3DE471E-LeaderElection23 ELECTION round 0: result REJECTED
2022-01-10 13:24:12,560 [cd4304a5-ad25-4184-aa9b-9d5680dbb42f@group-E5A0C3DE471E-LeaderElection23] INFO  server.RaftServer$Division (RaftServerImpl.java:setRole(290)) - cd4304a5-ad25-4184-aa9b-9d5680dbb42f@group-E5A0C3DE471E: changes role from CANDIDATE to FOLLOWER at term 2 for REJECTED
2022-01-10 13:24:12,560 [cd4304a5-ad25-4184-aa9b-9d5680dbb42f@group-E5A0C3DE471E-LeaderElection23] INFO  impl.RoleInfo (RoleInfo.java:shutdownLeaderElection(121)) - cd4304a5-ad25-4184-aa9b-9d5680dbb42f: shutdown cd4304a5-ad25-4184-aa9b-9d5680dbb42f@group-E5A0C3DE471E-LeaderElection23
2022-01-10 13:24:12,560 [cd4304a5-ad25-4184-aa9b-9d5680dbb42f@group-E5A0C3DE471E-LeaderElection23] INFO  impl.RoleInfo (RoleInfo.java:updateAndGet(130)) - cd4304a5-ad25-4184-aa9b-9d5680dbb42f: start cd4304a5-ad25-4184-aa9b-9d5680dbb42f@group-E5A0C3DE471E-FollowerState
2022-01-10 13:24:12,602 [4b3c65cf-387e-4213-93df-57198a9c946a@group-A4D2DF4C4470-FollowerState] INFO  impl.FollowerState (FollowerState.java:run(134)) - 4b3c65cf-387e-4213-93df-57198a9c946a@group-A4D2DF4C4470-FollowerState: change to CANDIDATE, lastRpcElapsedTime:5015428517ns, electionTimeout:5013ms
2022-01-10 13:24:12,603 [4b3c65cf-387e-4213-93df-57198a9c946a@group-A4D2DF4C4470-FollowerState] INFO  impl.RoleInfo (RoleInfo.java:shutdownFollowerState(108)) - 4b3c65cf-387e-4213-93df-57198a9c946a: shutdown 4b3c65cf-387e-4213-93df-57198a9c946a@group-A4D2DF4C4470-FollowerState
2022-01-10 13:24:12,603 [4b3c65cf-387e-4213-93df-57198a9c946a@group-A4D2DF4C4470-FollowerState] INFO  server.RaftServer$Division (RaftServerImpl.java:setRole(290)) - 4b3c65cf-387e-4213-93df-57198a9c946a@group-A4D2DF4C4470: changes role from  FOLLOWER to CANDIDATE at term 1 for changeToCandidate
2022-01-10 13:24:12,604 [4b3c65cf-387e-4213-93df-57198a9c946a@group-A4D2DF4C4470-FollowerState] INFO  server.RaftServerConfigKeys (ConfUtils.java:logGet(44)) - raft.server.leaderelection.pre-vote = false (custom)
2022-01-10 13:24:12,604 [4b3c65cf-387e-4213-93df-57198a9c946a@group-A4D2DF4C4470-FollowerState] INFO  impl.RoleInfo (RoleInfo.java:updateAndGet(130)) - 4b3c65cf-387e-4213-93df-57198a9c946a: start 4b3c65cf-387e-4213-93df-57198a9c946a@group-A4D2DF4C4470-LeaderElection25
2022-01-10 13:24:12,611 [EndpointStateMachine task thread for /127.0.0.1:14609 - 0 ] INFO  ipc.Client (Client.java:handleConnectionFailure(977)) - Retrying connect to server: localhost/127.0.0.1:14609. Already tried 12 time(s); retry policy is RetryUpToMaximumCountWithFixedSleep(maxRetries=15, sleepTime=1000 MILLISECONDS)
2022-01-10 13:24:12,612 [EndpointStateMachine task thread for /127.0.0.1:14619 - 0 ] INFO  ipc.Client (Client.java:handleConnectionFailure(977)) - Retrying connect to server: localhost/127.0.0.1:14619. Already tried 9 time(s); retry policy is RetryUpToMaximumCountWithFixedSleep(maxRetries=15, sleepTime=1000 MILLISECONDS)
2022-01-10 13:24:12,617 [EndpointStateMachine task thread for /127.0.0.1:14629 - 0 ] INFO  ipc.Client (Client.java:handleConnectionFailure(977)) - Retrying connect to server: localhost/127.0.0.1:14629. Already tried 9 time(s); retry policy is RetryUpToMaximumCountWithFixedSleep(maxRetries=15, sleepTime=1000 MILLISECONDS)
2022-01-10 13:24:12,627 [4b3c65cf-387e-4213-93df-57198a9c946a@group-A4D2DF4C4470-LeaderElection25] INFO  impl.LeaderElection (LeaderElection.java:askForVotes(306)) - 4b3c65cf-387e-4213-93df-57198a9c946a@group-A4D2DF4C4470-LeaderElection25 ELECTION round 0: submit vote requests at term 2 for -1: [cd4304a5-ad25-4184-aa9b-9d5680dbb42f|rpc:127.0.0.1:44433|priority:1, 9ca66d1e-a818-43c9-bf62-5187506efa35|rpc:127.0.0.1:42475|priority:0, 4b3c65cf-387e-4213-93df-57198a9c946a|rpc:127.0.0.1:38165|priority:0], old=null
2022-01-10 13:24:12,641 [9ca66d1e-a818-43c9-bf62-5187506efa35@group-A4D2DF4C4470-FollowerState] INFO  impl.FollowerState (FollowerState.java:run(134)) - 9ca66d1e-a818-43c9-bf62-5187506efa35@group-A4D2DF4C4470-FollowerState: change to CANDIDATE, lastRpcElapsedTime:5022583272ns, electionTimeout:5021ms
2022-01-10 13:24:12,641 [9ca66d1e-a818-43c9-bf62-5187506efa35@group-A4D2DF4C4470-FollowerState] INFO  impl.RoleInfo (RoleInfo.java:shutdownFollowerState(108)) - 9ca66d1e-a818-43c9-bf62-5187506efa35: shutdown 9ca66d1e-a818-43c9-bf62-5187506efa35@group-A4D2DF4C4470-FollowerState
2022-01-10 13:24:12,641 [9ca66d1e-a818-43c9-bf62-5187506efa35@group-A4D2DF4C4470-FollowerState] INFO  server.RaftServer$Division (RaftServerImpl.java:setRole(290)) - 9ca66d1e-a818-43c9-bf62-5187506efa35@group-A4D2DF4C4470: changes role from  FOLLOWER to CANDIDATE at term 1 for changeToCandidate
2022-01-10 13:24:12,649 [9ca66d1e-a818-43c9-bf62-5187506efa35@group-A4D2DF4C4470-FollowerState] INFO  server.RaftServerConfigKeys (ConfUtils.java:logGet(44)) - raft.server.leaderelection.pre-vote = false (custom)
2022-01-10 13:24:12,649 [9ca66d1e-a818-43c9-bf62-5187506efa35@group-A4D2DF4C4470-FollowerState] INFO  impl.RoleInfo (RoleInfo.java:updateAndGet(130)) - 9ca66d1e-a818-43c9-bf62-5187506efa35: start 9ca66d1e-a818-43c9-bf62-5187506efa35@group-A4D2DF4C4470-LeaderElection26
2022-01-10 13:24:12,654 [grpc-default-executor-0] INFO  server.RaftServer$Division (RaftServerImpl.java:requestVote(1046)) - cd4304a5-ad25-4184-aa9b-9d5680dbb42f@group-A4D2DF4C4470: receive requestVote(ELECTION, 4b3c65cf-387e-4213-93df-57198a9c946a, group-A4D2DF4C4470, 2, (t:0, i:0))
2022-01-10 13:24:12,654 [grpc-default-executor-0] INFO  impl.VoteContext (VoteContext.java:log(48)) - cd4304a5-ad25-4184-aa9b-9d5680dbb42f@group-A4D2DF4C4470-FOLLOWER: reject ELECTION from 4b3c65cf-387e-4213-93df-57198a9c946a: our priority 1 > candidate's priority 0
2022-01-10 13:24:12,654 [grpc-default-executor-0] INFO  server.RaftServer$Division (RaftServerImpl.java:setRole(290)) - cd4304a5-ad25-4184-aa9b-9d5680dbb42f@group-A4D2DF4C4470: changes role from  FOLLOWER to FOLLOWER at term 2 for candidate:4b3c65cf-387e-4213-93df-57198a9c946a
2022-01-10 13:24:12,654 [grpc-default-executor-0] INFO  impl.RoleInfo (RoleInfo.java:shutdownFollowerState(108)) - cd4304a5-ad25-4184-aa9b-9d5680dbb42f: shutdown cd4304a5-ad25-4184-aa9b-9d5680dbb42f@group-A4D2DF4C4470-FollowerState
2022-01-10 13:24:12,654 [grpc-default-executor-0] INFO  impl.RoleInfo (RoleInfo.java:updateAndGet(130)) - cd4304a5-ad25-4184-aa9b-9d5680dbb42f: start cd4304a5-ad25-4184-aa9b-9d5680dbb42f@group-A4D2DF4C4470-FollowerState
2022-01-10 13:24:12,654 [cd4304a5-ad25-4184-aa9b-9d5680dbb42f@group-A4D2DF4C4470-FollowerState] INFO  impl.FollowerState (FollowerState.java:run(143)) - cd4304a5-ad25-4184-aa9b-9d5680dbb42f@group-A4D2DF4C4470-FollowerState was interrupted: {}
java.lang.InterruptedException: sleep interrupted
	at java.lang.Thread.sleep(Native Method)
	at java.lang.Thread.sleep(Thread.java:340)
	at java.util.concurrent.TimeUnit.sleep(TimeUnit.java:386)
	at org.apache.ratis.util.TimeDuration.sleep(TimeDuration.java:324)
	at org.apache.ratis.util.TimeDuration.sleep(TimeDuration.java:309)
	at org.apache.ratis.server.impl.FollowerState.run(FollowerState.java:118)
2022-01-10 13:24:12,656 [grpc-default-executor-0] INFO  server.RaftServer$Division (RaftServerImpl.java:requestVote(1078)) - cd4304a5-ad25-4184-aa9b-9d5680dbb42f@group-A4D2DF4C4470 replies to ELECTION vote request: 4b3c65cf-387e-4213-93df-57198a9c946a<-cd4304a5-ad25-4184-aa9b-9d5680dbb42f#0:FAIL-t2. Peer's state: cd4304a5-ad25-4184-aa9b-9d5680dbb42f@group-A4D2DF4C4470:t2, leader=null, voted=null, raftlog=cd4304a5-ad25-4184-aa9b-9d5680dbb42f@group-A4D2DF4C4470-SegmentedRaftLog:OPENED:c-1, conf=-1: [cd4304a5-ad25-4184-aa9b-9d5680dbb42f|rpc:127.0.0.1:44433|priority:1, 9ca66d1e-a818-43c9-bf62-5187506efa35|rpc:127.0.0.1:42475|priority:0, 4b3c65cf-387e-4213-93df-57198a9c946a|rpc:127.0.0.1:38165|priority:0], old=null
2022-01-10 13:24:12,657 [4b3c65cf-387e-4213-93df-57198a9c946a@group-A4D2DF4C4470-LeaderElection25] INFO  impl.LeaderElection (LeaderElection.java:logAndReturn(89)) - 4b3c65cf-387e-4213-93df-57198a9c946a@group-A4D2DF4C4470-LeaderElection25: ELECTION REJECTED received 1 response(s) and 0 exception(s):
2022-01-10 13:24:12,657 [4b3c65cf-387e-4213-93df-57198a9c946a@group-A4D2DF4C4470-LeaderElection25] INFO  impl.LeaderElection (LeaderElection.java:logAndReturn(93)) -   Response 0: 4b3c65cf-387e-4213-93df-57198a9c946a<-cd4304a5-ad25-4184-aa9b-9d5680dbb42f#0:FAIL-t2
2022-01-10 13:24:12,657 [4b3c65cf-387e-4213-93df-57198a9c946a@group-A4D2DF4C4470-LeaderElection25] INFO  impl.LeaderElection (LeaderElection.java:askForVotes(308)) - 4b3c65cf-387e-4213-93df-57198a9c946a@group-A4D2DF4C4470-LeaderElection25 ELECTION round 0: result REJECTED
2022-01-10 13:24:12,657 [4b3c65cf-387e-4213-93df-57198a9c946a@group-A4D2DF4C4470-LeaderElection25] INFO  server.RaftServer$Division (RaftServerImpl.java:setRole(290)) - 4b3c65cf-387e-4213-93df-57198a9c946a@group-A4D2DF4C4470: changes role from CANDIDATE to FOLLOWER at term 2 for REJECTED
2022-01-10 13:24:12,657 [4b3c65cf-387e-4213-93df-57198a9c946a@group-A4D2DF4C4470-LeaderElection25] INFO  impl.RoleInfo (RoleInfo.java:shutdownLeaderElection(121)) - 4b3c65cf-387e-4213-93df-57198a9c946a: shutdown 4b3c65cf-387e-4213-93df-57198a9c946a@group-A4D2DF4C4470-LeaderElection25
2022-01-10 13:24:12,657 [4b3c65cf-387e-4213-93df-57198a9c946a@group-A4D2DF4C4470-LeaderElection25] INFO  impl.RoleInfo (RoleInfo.java:updateAndGet(130)) - 4b3c65cf-387e-4213-93df-57198a9c946a: start 4b3c65cf-387e-4213-93df-57198a9c946a@group-A4D2DF4C4470-FollowerState
2022-01-10 13:24:12,668 [grpc-default-executor-1] INFO  server.RaftServer$Division (RaftServerImpl.java:requestVote(1046)) - 9ca66d1e-a818-43c9-bf62-5187506efa35@group-A4D2DF4C4470: receive requestVote(ELECTION, 4b3c65cf-387e-4213-93df-57198a9c946a, group-A4D2DF4C4470, 2, (t:0, i:0))
2022-01-10 13:24:12,672 [grpc-default-executor-1] INFO  impl.VoteContext (VoteContext.java:log(48)) - 9ca66d1e-a818-43c9-bf62-5187506efa35@group-A4D2DF4C4470-CANDIDATE: reject ELECTION from 4b3c65cf-387e-4213-93df-57198a9c946a: already has voted for 9ca66d1e-a818-43c9-bf62-5187506efa35 at current term 2
2022-01-10 13:24:12,672 [grpc-default-executor-1] INFO  server.RaftServer$Division (RaftServerImpl.java:requestVote(1078)) - 9ca66d1e-a818-43c9-bf62-5187506efa35@group-A4D2DF4C4470 replies to ELECTION vote request: 4b3c65cf-387e-4213-93df-57198a9c946a<-9ca66d1e-a818-43c9-bf62-5187506efa35#0:FAIL-t2. Peer's state: 9ca66d1e-a818-43c9-bf62-5187506efa35@group-A4D2DF4C4470:t2, leader=null, voted=9ca66d1e-a818-43c9-bf62-5187506efa35, raftlog=9ca66d1e-a818-43c9-bf62-5187506efa35@group-A4D2DF4C4470-SegmentedRaftLog:OPENED:c-1, conf=-1: [cd4304a5-ad25-4184-aa9b-9d5680dbb42f|rpc:127.0.0.1:44433|dataStream:|priority:1, 9ca66d1e-a818-43c9-bf62-5187506efa35|rpc:127.0.0.1:42475|dataStream:|priority:0, 4b3c65cf-387e-4213-93df-57198a9c946a|rpc:127.0.0.1:38165|dataStream:|priority:0], old=null
2022-01-10 13:24:12,669 [9ca66d1e-a818-43c9-bf62-5187506efa35@group-A4D2DF4C4470-LeaderElection26] INFO  impl.LeaderElection (LeaderElection.java:askForVotes(306)) - 9ca66d1e-a818-43c9-bf62-5187506efa35@group-A4D2DF4C4470-LeaderElection26 ELECTION round 0: submit vote requests at term 2 for -1: [cd4304a5-ad25-4184-aa9b-9d5680dbb42f|rpc:127.0.0.1:44433|dataStream:|priority:1, 9ca66d1e-a818-43c9-bf62-5187506efa35|rpc:127.0.0.1:42475|dataStream:|priority:0, 4b3c65cf-387e-4213-93df-57198a9c946a|rpc:127.0.0.1:38165|dataStream:|priority:0], old=null
2022-01-10 13:24:12,731 [grpc-default-executor-1] INFO  server.RaftServer$Division (RaftServerImpl.java:requestVote(1046)) - cd4304a5-ad25-4184-aa9b-9d5680dbb42f@group-A4D2DF4C4470: receive requestVote(ELECTION, 9ca66d1e-a818-43c9-bf62-5187506efa35, group-A4D2DF4C4470, 2, (t:0, i:0))
2022-01-10 13:24:12,731 [grpc-default-executor-1] INFO  impl.VoteContext (VoteContext.java:log(48)) - cd4304a5-ad25-4184-aa9b-9d5680dbb42f@group-A4D2DF4C4470-FOLLOWER: reject ELECTION from 9ca66d1e-a818-43c9-bf62-5187506efa35: our priority 1 > candidate's priority 0
2022-01-10 13:24:12,731 [grpc-default-executor-1] INFO  server.RaftServer$Division (RaftServerImpl.java:setRole(290)) - cd4304a5-ad25-4184-aa9b-9d5680dbb42f@group-A4D2DF4C4470: changes role from  FOLLOWER to FOLLOWER at term 2 for candidate:9ca66d1e-a818-43c9-bf62-5187506efa35
2022-01-10 13:24:12,731 [grpc-default-executor-1] INFO  impl.RoleInfo (RoleInfo.java:shutdownFollowerState(108)) - cd4304a5-ad25-4184-aa9b-9d5680dbb42f: shutdown cd4304a5-ad25-4184-aa9b-9d5680dbb42f@group-A4D2DF4C4470-FollowerState
2022-01-10 13:24:12,731 [cd4304a5-ad25-4184-aa9b-9d5680dbb42f@group-A4D2DF4C4470-FollowerState] INFO  impl.FollowerState (FollowerState.java:run(143)) - cd4304a5-ad25-4184-aa9b-9d5680dbb42f@group-A4D2DF4C4470-FollowerState was interrupted: {}
java.lang.InterruptedException: sleep interrupted
	at java.lang.Thread.sleep(Native Method)
	at java.lang.Thread.sleep(Thread.java:340)
	at java.util.concurrent.TimeUnit.sleep(TimeUnit.java:386)
	at org.apache.ratis.util.TimeDuration.sleep(TimeDuration.java:324)
	at org.apache.ratis.util.TimeDuration.sleep(TimeDuration.java:309)
	at org.apache.ratis.server.impl.FollowerState.run(FollowerState.java:118)
2022-01-10 13:24:12,731 [grpc-default-executor-0] INFO  server.RaftServer$Division (RaftServerImpl.java:requestVote(1046)) - 4b3c65cf-387e-4213-93df-57198a9c946a@group-A4D2DF4C4470: receive requestVote(ELECTION, 9ca66d1e-a818-43c9-bf62-5187506efa35, group-A4D2DF4C4470, 2, (t:0, i:0))
2022-01-10 13:24:12,733 [grpc-default-executor-0] INFO  impl.VoteContext (VoteContext.java:log(48)) - 4b3c65cf-387e-4213-93df-57198a9c946a@group-A4D2DF4C4470-FOLLOWER: reject ELECTION from 9ca66d1e-a818-43c9-bf62-5187506efa35: already has voted for 4b3c65cf-387e-4213-93df-57198a9c946a at current term 2
2022-01-10 13:24:12,734 [grpc-default-executor-0] INFO  server.RaftServer$Division (RaftServerImpl.java:requestVote(1078)) - 4b3c65cf-387e-4213-93df-57198a9c946a@group-A4D2DF4C4470 replies to ELECTION vote request: 9ca66d1e-a818-43c9-bf62-5187506efa35<-4b3c65cf-387e-4213-93df-57198a9c946a#0:FAIL-t2. Peer's state: 4b3c65cf-387e-4213-93df-57198a9c946a@group-A4D2DF4C4470:t2, leader=null, voted=4b3c65cf-387e-4213-93df-57198a9c946a, raftlog=4b3c65cf-387e-4213-93df-57198a9c946a@group-A4D2DF4C4470-SegmentedRaftLog:OPENED:c-1, conf=-1: [cd4304a5-ad25-4184-aa9b-9d5680dbb42f|rpc:127.0.0.1:44433|priority:1, 9ca66d1e-a818-43c9-bf62-5187506efa35|rpc:127.0.0.1:42475|priority:0, 4b3c65cf-387e-4213-93df-57198a9c946a|rpc:127.0.0.1:38165|priority:0], old=null
2022-01-10 13:24:12,731 [grpc-default-executor-1] INFO  impl.RoleInfo (RoleInfo.java:updateAndGet(130)) - cd4304a5-ad25-4184-aa9b-9d5680dbb42f: start cd4304a5-ad25-4184-aa9b-9d5680dbb42f@group-A4D2DF4C4470-FollowerState
2022-01-10 13:24:12,734 [grpc-default-executor-1] INFO  server.RaftServer$Division (RaftServerImpl.java:requestVote(1078)) - cd4304a5-ad25-4184-aa9b-9d5680dbb42f@group-A4D2DF4C4470 replies to ELECTION vote request: 9ca66d1e-a818-43c9-bf62-5187506efa35<-cd4304a5-ad25-4184-aa9b-9d5680dbb42f#0:FAIL-t2. Peer's state: cd4304a5-ad25-4184-aa9b-9d5680dbb42f@group-A4D2DF4C4470:t2, leader=null, voted=null, raftlog=cd4304a5-ad25-4184-aa9b-9d5680dbb42f@group-A4D2DF4C4470-SegmentedRaftLog:OPENED:c-1, conf=-1: [cd4304a5-ad25-4184-aa9b-9d5680dbb42f|rpc:127.0.0.1:44433|priority:1, 9ca66d1e-a818-43c9-bf62-5187506efa35|rpc:127.0.0.1:42475|priority:0, 4b3c65cf-387e-4213-93df-57198a9c946a|rpc:127.0.0.1:38165|priority:0], old=null
2022-01-10 13:24:12,742 [9ca66d1e-a818-43c9-bf62-5187506efa35@group-A4D2DF4C4470-LeaderElection26] INFO  impl.LeaderElection (LeaderElection.java:logAndReturn(89)) - 9ca66d1e-a818-43c9-bf62-5187506efa35@group-A4D2DF4C4470-LeaderElection26: ELECTION REJECTED received 2 response(s) and 0 exception(s):
2022-01-10 13:24:12,742 [9ca66d1e-a818-43c9-bf62-5187506efa35@group-A4D2DF4C4470-LeaderElection26] INFO  impl.LeaderElection (LeaderElection.java:logAndReturn(93)) -   Response 0: 9ca66d1e-a818-43c9-bf62-5187506efa35<-cd4304a5-ad25-4184-aa9b-9d5680dbb42f#0:FAIL-t2
2022-01-10 13:24:12,742 [9ca66d1e-a818-43c9-bf62-5187506efa35@group-A4D2DF4C4470-LeaderElection26] INFO  impl.LeaderElection (LeaderElection.java:logAndReturn(93)) -   Response 1: 9ca66d1e-a818-43c9-bf62-5187506efa35<-4b3c65cf-387e-4213-93df-57198a9c946a#0:FAIL-t2
2022-01-10 13:24:12,742 [9ca66d1e-a818-43c9-bf62-5187506efa35@group-A4D2DF4C4470-LeaderElection26] INFO  impl.LeaderElection (LeaderElection.java:askForVotes(308)) - 9ca66d1e-a818-43c9-bf62-5187506efa35@group-A4D2DF4C4470-LeaderElection26 ELECTION round 0: result REJECTED
2022-01-10 13:24:12,742 [9ca66d1e-a818-43c9-bf62-5187506efa35@group-A4D2DF4C4470-LeaderElection26] INFO  server.RaftServer$Division (RaftServerImpl.java:setRole(290)) - 9ca66d1e-a818-43c9-bf62-5187506efa35@group-A4D2DF4C4470: changes role from CANDIDATE to FOLLOWER at term 2 for REJECTED
2022-01-10 13:24:12,742 [9ca66d1e-a818-43c9-bf62-5187506efa35@group-A4D2DF4C4470-LeaderElection26] INFO  impl.RoleInfo (RoleInfo.java:shutdownLeaderElection(121)) - 9ca66d1e-a818-43c9-bf62-5187506efa35: shutdown 9ca66d1e-a818-43c9-bf62-5187506efa35@group-A4D2DF4C4470-LeaderElection26
2022-01-10 13:24:12,742 [9ca66d1e-a818-43c9-bf62-5187506efa35@group-A4D2DF4C4470-LeaderElection26] INFO  impl.RoleInfo (RoleInfo.java:updateAndGet(130)) - 9ca66d1e-a818-43c9-bf62-5187506efa35: start 9ca66d1e-a818-43c9-bf62-5187506efa35@group-A4D2DF4C4470-FollowerState
2022-01-10 13:24:12,934 [Listener at 127.0.0.1/11264] INFO  ozone.MiniOzoneClusterImpl (MiniOzoneClusterImpl.java:lambda$waitForClusterToBeReady$0(235)) - Nodes are ready. Got 3 of 3 DN Heartbeats.
2022-01-10 13:24:12,934 [Listener at 127.0.0.1/11264] INFO  ozone.MiniOzoneClusterImpl (MiniOzoneClusterImpl.java:lambda$waitForClusterToBeReady$0(238)) - Waiting for cluster to exit safe mode
2022-01-10 13:24:12,934 [Listener at 127.0.0.1/11264] INFO  ozone.MiniOzoneClusterImpl (MiniOzoneClusterImpl.java:lambda$waitForClusterToBeReady$0(240)) - SCM became leader
2022-01-10 13:24:13,611 [EndpointStateMachine task thread for /127.0.0.1:14609 - 0 ] INFO  ipc.Client (Client.java:handleConnectionFailure(977)) - Retrying connect to server: localhost/127.0.0.1:14609. Already tried 13 time(s); retry policy is RetryUpToMaximumCountWithFixedSleep(maxRetries=15, sleepTime=1000 MILLISECONDS)
2022-01-10 13:24:13,613 [EndpointStateMachine task thread for /127.0.0.1:14619 - 0 ] INFO  ipc.Client (Client.java:handleConnectionFailure(977)) - Retrying connect to server: localhost/127.0.0.1:14619. Already tried 10 time(s); retry policy is RetryUpToMaximumCountWithFixedSleep(maxRetries=15, sleepTime=1000 MILLISECONDS)
2022-01-10 13:24:13,613 [Datanode State Machine Daemon Thread] ERROR datanode.RunningDatanodeState (RunningDatanodeState.java:computeNextContainerState(199)) - Error in executing end point task.
java.util.concurrent.ExecutionException: java.util.concurrent.TimeoutException
	at java.util.concurrent.FutureTask.report(FutureTask.java:122)
	at java.util.concurrent.FutureTask.get(FutureTask.java:192)
	at org.apache.hadoop.ozone.container.common.states.datanode.RunningDatanodeState.computeNextContainerState(RunningDatanodeState.java:191)
	at org.apache.hadoop.ozone.container.common.states.datanode.RunningDatanodeState.await(RunningDatanodeState.java:231)
	at org.apache.hadoop.ozone.container.common.states.datanode.RunningDatanodeState.await(RunningDatanodeState.java:50)
	at org.apache.hadoop.ozone.container.common.statemachine.StateContext.execute(StateContext.java:633)
	at org.apache.hadoop.ozone.container.common.statemachine.DatanodeStateMachine.start(DatanodeStateMachine.java:280)
	at org.apache.hadoop.ozone.container.common.statemachine.DatanodeStateMachine.lambda$startDaemon$0(DatanodeStateMachine.java:468)
	at java.lang.Thread.run(Thread.java:748)
Caused by: java.util.concurrent.TimeoutException
	at java.util.concurrent.FutureTask.get(FutureTask.java:205)
	at org.apache.hadoop.ozone.container.common.states.datanode.RunningDatanodeState.lambda$execute$0(RunningDatanodeState.java:149)
	at java.util.concurrent.FutureTask.run(FutureTask.java:266)
	at java.util.concurrent.Executors$RunnableAdapter.call(Executors.java:511)
	at java.util.concurrent.FutureTask.run(FutureTask.java:266)
	at java.util.concurrent.ThreadPoolExecutor.runWorker(ThreadPoolExecutor.java:1149)
	at java.util.concurrent.ThreadPoolExecutor$Worker.run(ThreadPoolExecutor.java:624)
	... 1 more
2022-01-10 13:24:13,618 [EndpointStateMachine task thread for /127.0.0.1:14629 - 0 ] INFO  ipc.Client (Client.java:handleConnectionFailure(977)) - Retrying connect to server: localhost/127.0.0.1:14629. Already tried 10 time(s); retry policy is RetryUpToMaximumCountWithFixedSleep(maxRetries=15, sleepTime=1000 MILLISECONDS)
2022-01-10 13:24:13,934 [Listener at 127.0.0.1/11264] INFO  ozone.MiniOzoneClusterImpl (MiniOzoneClusterImpl.java:lambda$waitForClusterToBeReady$0(235)) - Nodes are ready. Got 3 of 3 DN Heartbeats.
2022-01-10 13:24:13,935 [Listener at 127.0.0.1/11264] INFO  ozone.MiniOzoneClusterImpl (MiniOzoneClusterImpl.java:lambda$waitForClusterToBeReady$0(238)) - Waiting for cluster to exit safe mode
2022-01-10 13:24:13,935 [Listener at 127.0.0.1/11264] INFO  ozone.MiniOzoneClusterImpl (MiniOzoneClusterImpl.java:lambda$waitForClusterToBeReady$0(240)) - SCM became leader
2022-01-10 13:24:14,612 [EndpointStateMachine task thread for /127.0.0.1:14609 - 0 ] INFO  ipc.Client (Client.java:handleConnectionFailure(977)) - Retrying connect to server: localhost/127.0.0.1:14609. Already tried 14 time(s); retry policy is RetryUpToMaximumCountWithFixedSleep(maxRetries=15, sleepTime=1000 MILLISECONDS)
2022-01-10 13:24:14,613 [EndpointStateMachine task thread for /127.0.0.1:14619 - 0 ] INFO  ipc.Client (Client.java:handleConnectionFailure(977)) - Retrying connect to server: localhost/127.0.0.1:14619. Already tried 11 time(s); retry policy is RetryUpToMaximumCountWithFixedSleep(maxRetries=15, sleepTime=1000 MILLISECONDS)
2022-01-10 13:24:14,618 [EndpointStateMachine task thread for /127.0.0.1:14629 - 0 ] INFO  ipc.Client (Client.java:handleConnectionFailure(977)) - Retrying connect to server: localhost/127.0.0.1:14629. Already tried 11 time(s); retry policy is RetryUpToMaximumCountWithFixedSleep(maxRetries=15, sleepTime=1000 MILLISECONDS)
2022-01-10 13:24:14,935 [Listener at 127.0.0.1/11264] INFO  ozone.MiniOzoneClusterImpl (MiniOzoneClusterImpl.java:lambda$waitForClusterToBeReady$0(235)) - Nodes are ready. Got 3 of 3 DN Heartbeats.
2022-01-10 13:24:14,935 [Listener at 127.0.0.1/11264] INFO  ozone.MiniOzoneClusterImpl (MiniOzoneClusterImpl.java:lambda$waitForClusterToBeReady$0(238)) - Waiting for cluster to exit safe mode
2022-01-10 13:24:14,935 [Listener at 127.0.0.1/11264] INFO  ozone.MiniOzoneClusterImpl (MiniOzoneClusterImpl.java:lambda$waitForClusterToBeReady$0(240)) - SCM became leader
2022-01-10 13:24:15,228 [Datanode State Machine Daemon Thread] ERROR datanode.RunningDatanodeState (RunningDatanodeState.java:computeNextContainerState(199)) - Error in executing end point task.
java.util.concurrent.ExecutionException: java.util.concurrent.TimeoutException
	at java.util.concurrent.FutureTask.report(FutureTask.java:122)
	at java.util.concurrent.FutureTask.get(FutureTask.java:192)
	at org.apache.hadoop.ozone.container.common.states.datanode.RunningDatanodeState.computeNextContainerState(RunningDatanodeState.java:191)
	at org.apache.hadoop.ozone.container.common.states.datanode.RunningDatanodeState.await(RunningDatanodeState.java:231)
	at org.apache.hadoop.ozone.container.common.states.datanode.RunningDatanodeState.await(RunningDatanodeState.java:50)
	at org.apache.hadoop.ozone.container.common.statemachine.StateContext.execute(StateContext.java:633)
	at org.apache.hadoop.ozone.container.common.statemachine.DatanodeStateMachine.start(DatanodeStateMachine.java:280)
	at org.apache.hadoop.ozone.container.common.statemachine.DatanodeStateMachine.lambda$startDaemon$0(DatanodeStateMachine.java:468)
	at java.lang.Thread.run(Thread.java:748)
Caused by: java.util.concurrent.TimeoutException
	at java.util.concurrent.FutureTask.get(FutureTask.java:205)
	at org.apache.hadoop.ozone.container.common.states.datanode.RunningDatanodeState.lambda$execute$0(RunningDatanodeState.java:149)
	at java.util.concurrent.FutureTask.run(FutureTask.java:266)
	at java.util.concurrent.Executors$RunnableAdapter.call(Executors.java:511)
	at java.util.concurrent.FutureTask.run(FutureTask.java:266)
	at java.util.concurrent.ThreadPoolExecutor.runWorker(ThreadPoolExecutor.java:1149)
	at java.util.concurrent.ThreadPoolExecutor$Worker.run(ThreadPoolExecutor.java:624)
	... 1 more
2022-01-10 13:24:15,311 [Datanode State Machine Daemon Thread] ERROR datanode.RunningDatanodeState (RunningDatanodeState.java:computeNextContainerState(199)) - Error in executing end point task.
java.util.concurrent.ExecutionException: java.util.concurrent.TimeoutException
	at java.util.concurrent.FutureTask.report(FutureTask.java:122)
	at java.util.concurrent.FutureTask.get(FutureTask.java:192)
	at org.apache.hadoop.ozone.container.common.states.datanode.RunningDatanodeState.computeNextContainerState(RunningDatanodeState.java:191)
	at org.apache.hadoop.ozone.container.common.states.datanode.RunningDatanodeState.await(RunningDatanodeState.java:231)
	at org.apache.hadoop.ozone.container.common.states.datanode.RunningDatanodeState.await(RunningDatanodeState.java:50)
	at org.apache.hadoop.ozone.container.common.statemachine.StateContext.execute(StateContext.java:633)
	at org.apache.hadoop.ozone.container.common.statemachine.DatanodeStateMachine.start(DatanodeStateMachine.java:280)
	at org.apache.hadoop.ozone.container.common.statemachine.DatanodeStateMachine.lambda$startDaemon$0(DatanodeStateMachine.java:468)
	at java.lang.Thread.run(Thread.java:748)
Caused by: java.util.concurrent.TimeoutException
	at java.util.concurrent.FutureTask.get(FutureTask.java:205)
	at org.apache.hadoop.ozone.container.common.states.datanode.RunningDatanodeState.lambda$execute$0(RunningDatanodeState.java:149)
	at java.util.concurrent.FutureTask.run(FutureTask.java:266)
	at java.util.concurrent.Executors$RunnableAdapter.call(Executors.java:511)
	at java.util.concurrent.FutureTask.run(FutureTask.java:266)
	at java.util.concurrent.ThreadPoolExecutor.runWorker(ThreadPoolExecutor.java:1149)
	at java.util.concurrent.ThreadPoolExecutor$Worker.run(ThreadPoolExecutor.java:624)
	... 1 more
2022-01-10 13:24:15,613 [EndpointStateMachine task thread for /127.0.0.1:14609 - 0 ] INFO  ipc.Client (Client.java:handleConnectionFailure(977)) - Retrying connect to server: localhost/127.0.0.1:14609. Already tried 0 time(s); retry policy is RetryUpToMaximumCountWithFixedSleep(maxRetries=15, sleepTime=1000 MILLISECONDS)
2022-01-10 13:24:15,614 [EndpointStateMachine task thread for /127.0.0.1:14619 - 0 ] INFO  ipc.Client (Client.java:handleConnectionFailure(977)) - Retrying connect to server: localhost/127.0.0.1:14619. Already tried 12 time(s); retry policy is RetryUpToMaximumCountWithFixedSleep(maxRetries=15, sleepTime=1000 MILLISECONDS)
2022-01-10 13:24:15,618 [EndpointStateMachine task thread for /127.0.0.1:14629 - 0 ] INFO  ipc.Client (Client.java:handleConnectionFailure(977)) - Retrying connect to server: localhost/127.0.0.1:14629. Already tried 12 time(s); retry policy is RetryUpToMaximumCountWithFixedSleep(maxRetries=15, sleepTime=1000 MILLISECONDS)
2022-01-10 13:24:15,936 [Listener at 127.0.0.1/11264] INFO  ozone.MiniOzoneClusterImpl (MiniOzoneClusterImpl.java:lambda$waitForClusterToBeReady$0(235)) - Nodes are ready. Got 3 of 3 DN Heartbeats.
2022-01-10 13:24:15,936 [Listener at 127.0.0.1/11264] INFO  ozone.MiniOzoneClusterImpl (MiniOzoneClusterImpl.java:lambda$waitForClusterToBeReady$0(238)) - Waiting for cluster to exit safe mode
2022-01-10 13:24:15,936 [Listener at 127.0.0.1/11264] INFO  ozone.MiniOzoneClusterImpl (MiniOzoneClusterImpl.java:lambda$waitForClusterToBeReady$0(240)) - SCM became leader
2022-01-10 13:24:16,231 [Datanode State Machine Daemon Thread] ERROR datanode.RunningDatanodeState (RunningDatanodeState.java:computeNextContainerState(199)) - Error in executing end point task.
java.util.concurrent.ExecutionException: java.util.concurrent.TimeoutException
	at java.util.concurrent.FutureTask.report(FutureTask.java:122)
	at java.util.concurrent.FutureTask.get(FutureTask.java:192)
	at org.apache.hadoop.ozone.container.common.states.datanode.RunningDatanodeState.computeNextContainerState(RunningDatanodeState.java:191)
	at org.apache.hadoop.ozone.container.common.states.datanode.RunningDatanodeState.await(RunningDatanodeState.java:231)
	at org.apache.hadoop.ozone.container.common.states.datanode.RunningDatanodeState.await(RunningDatanodeState.java:50)
	at org.apache.hadoop.ozone.container.common.statemachine.StateContext.execute(StateContext.java:633)
	at org.apache.hadoop.ozone.container.common.statemachine.DatanodeStateMachine.start(DatanodeStateMachine.java:280)
	at org.apache.hadoop.ozone.container.common.statemachine.DatanodeStateMachine.lambda$startDaemon$0(DatanodeStateMachine.java:468)
	at java.lang.Thread.run(Thread.java:748)
Caused by: java.util.concurrent.TimeoutException
	at java.util.concurrent.FutureTask.get(FutureTask.java:205)
	at org.apache.hadoop.ozone.container.common.states.datanode.RunningDatanodeState.lambda$execute$0(RunningDatanodeState.java:149)
	at java.util.concurrent.FutureTask.run(FutureTask.java:266)
	at java.util.concurrent.Executors$RunnableAdapter.call(Executors.java:511)
	at java.util.concurrent.FutureTask.run(FutureTask.java:266)
	at java.util.concurrent.ThreadPoolExecutor.runWorker(ThreadPoolExecutor.java:1149)
	at java.util.concurrent.ThreadPoolExecutor$Worker.run(ThreadPoolExecutor.java:624)
	... 1 more
2022-01-10 13:24:16,614 [EndpointStateMachine task thread for /127.0.0.1:14609 - 0 ] INFO  ipc.Client (Client.java:handleConnectionFailure(977)) - Retrying connect to server: localhost/127.0.0.1:14609. Already tried 1 time(s); retry policy is RetryUpToMaximumCountWithFixedSleep(maxRetries=15, sleepTime=1000 MILLISECONDS)
2022-01-10 13:24:16,614 [EndpointStateMachine task thread for /127.0.0.1:14619 - 0 ] INFO  ipc.Client (Client.java:handleConnectionFailure(977)) - Retrying connect to server: localhost/127.0.0.1:14619. Already tried 13 time(s); retry policy is RetryUpToMaximumCountWithFixedSleep(maxRetries=15, sleepTime=1000 MILLISECONDS)
2022-01-10 13:24:16,619 [EndpointStateMachine task thread for /127.0.0.1:14629 - 0 ] INFO  ipc.Client (Client.java:handleConnectionFailure(977)) - Retrying connect to server: localhost/127.0.0.1:14629. Already tried 13 time(s); retry policy is RetryUpToMaximumCountWithFixedSleep(maxRetries=15, sleepTime=1000 MILLISECONDS)
2022-01-10 13:24:16,936 [Listener at 127.0.0.1/11264] INFO  ozone.MiniOzoneClusterImpl (MiniOzoneClusterImpl.java:lambda$waitForClusterToBeReady$0(235)) - Nodes are ready. Got 3 of 3 DN Heartbeats.
2022-01-10 13:24:16,936 [Listener at 127.0.0.1/11264] INFO  ozone.MiniOzoneClusterImpl (MiniOzoneClusterImpl.java:lambda$waitForClusterToBeReady$0(238)) - Waiting for cluster to exit safe mode
2022-01-10 13:24:16,937 [Listener at 127.0.0.1/11264] INFO  ozone.MiniOzoneClusterImpl (MiniOzoneClusterImpl.java:lambda$waitForClusterToBeReady$0(240)) - SCM became leader
2022-01-10 13:24:17,588 [9ca66d1e-a818-43c9-bf62-5187506efa35@group-E5A0C3DE471E-FollowerState] INFO  impl.FollowerState (FollowerState.java:run(134)) - 9ca66d1e-a818-43c9-bf62-5187506efa35@group-E5A0C3DE471E-FollowerState: change to CANDIDATE, lastRpcElapsedTime:5049164757ns, electionTimeout:5046ms
2022-01-10 13:24:17,589 [9ca66d1e-a818-43c9-bf62-5187506efa35@group-E5A0C3DE471E-FollowerState] INFO  impl.RoleInfo (RoleInfo.java:shutdownFollowerState(108)) - 9ca66d1e-a818-43c9-bf62-5187506efa35: shutdown 9ca66d1e-a818-43c9-bf62-5187506efa35@group-E5A0C3DE471E-FollowerState
2022-01-10 13:24:17,589 [9ca66d1e-a818-43c9-bf62-5187506efa35@group-E5A0C3DE471E-FollowerState] INFO  server.RaftServer$Division (RaftServerImpl.java:setRole(290)) - 9ca66d1e-a818-43c9-bf62-5187506efa35@group-E5A0C3DE471E: changes role from  FOLLOWER to CANDIDATE at term 2 for changeToCandidate
2022-01-10 13:24:17,589 [9ca66d1e-a818-43c9-bf62-5187506efa35@group-E5A0C3DE471E-FollowerState] INFO  server.RaftServerConfigKeys (ConfUtils.java:logGet(44)) - raft.server.leaderelection.pre-vote = false (custom)
2022-01-10 13:24:17,589 [9ca66d1e-a818-43c9-bf62-5187506efa35@group-E5A0C3DE471E-FollowerState] INFO  impl.RoleInfo (RoleInfo.java:updateAndGet(130)) - 9ca66d1e-a818-43c9-bf62-5187506efa35: start 9ca66d1e-a818-43c9-bf62-5187506efa35@group-E5A0C3DE471E-LeaderElection27
2022-01-10 13:24:17,601 [9ca66d1e-a818-43c9-bf62-5187506efa35@group-E5A0C3DE471E-LeaderElection27] INFO  impl.LeaderElection (LeaderElection.java:askForVotes(306)) - 9ca66d1e-a818-43c9-bf62-5187506efa35@group-E5A0C3DE471E-LeaderElection27 ELECTION round 0: submit vote requests at term 3 for -1: [cd4304a5-ad25-4184-aa9b-9d5680dbb42f|rpc:127.0.0.1:44433|dataStream:|priority:0, 9ca66d1e-a818-43c9-bf62-5187506efa35|rpc:127.0.0.1:42475|dataStream:|priority:1, 4b3c65cf-387e-4213-93df-57198a9c946a|rpc:127.0.0.1:38165|dataStream:|priority:0], old=null
2022-01-10 13:24:17,617 [grpc-default-executor-1] INFO  server.RaftServer$Division (RaftServerImpl.java:requestVote(1046)) - cd4304a5-ad25-4184-aa9b-9d5680dbb42f@group-E5A0C3DE471E: receive requestVote(ELECTION, 9ca66d1e-a818-43c9-bf62-5187506efa35, group-E5A0C3DE471E, 3, (t:0, i:0))
2022-01-10 13:24:17,617 [grpc-default-executor-1] INFO  impl.VoteContext (VoteContext.java:log(48)) - cd4304a5-ad25-4184-aa9b-9d5680dbb42f@group-E5A0C3DE471E-FOLLOWER: accept ELECTION from 9ca66d1e-a818-43c9-bf62-5187506efa35: our priority 0 <= candidate's priority 1
2022-01-10 13:24:17,618 [grpc-default-executor-1] INFO  server.RaftServer$Division (RaftServerImpl.java:setRole(290)) - cd4304a5-ad25-4184-aa9b-9d5680dbb42f@group-E5A0C3DE471E: changes role from  FOLLOWER to FOLLOWER at term 3 for candidate:9ca66d1e-a818-43c9-bf62-5187506efa35
2022-01-10 13:24:17,618 [grpc-default-executor-1] INFO  impl.RoleInfo (RoleInfo.java:shutdownFollowerState(108)) - cd4304a5-ad25-4184-aa9b-9d5680dbb42f: shutdown cd4304a5-ad25-4184-aa9b-9d5680dbb42f@group-E5A0C3DE471E-FollowerState
2022-01-10 13:24:17,618 [grpc-default-executor-1] INFO  impl.RoleInfo (RoleInfo.java:updateAndGet(130)) - cd4304a5-ad25-4184-aa9b-9d5680dbb42f: start cd4304a5-ad25-4184-aa9b-9d5680dbb42f@group-E5A0C3DE471E-FollowerState
2022-01-10 13:24:17,618 [cd4304a5-ad25-4184-aa9b-9d5680dbb42f@group-E5A0C3DE471E-FollowerState] INFO  impl.FollowerState (FollowerState.java:run(143)) - cd4304a5-ad25-4184-aa9b-9d5680dbb42f@group-E5A0C3DE471E-FollowerState was interrupted: {}
java.lang.InterruptedException: sleep interrupted
	at java.lang.Thread.sleep(Native Method)
	at java.lang.Thread.sleep(Thread.java:340)
	at java.util.concurrent.TimeUnit.sleep(TimeUnit.java:386)
	at org.apache.ratis.util.TimeDuration.sleep(TimeDuration.java:324)
	at org.apache.ratis.util.TimeDuration.sleep(TimeDuration.java:309)
	at org.apache.ratis.server.impl.FollowerState.run(FollowerState.java:118)
2022-01-10 13:24:17,619 [EndpointStateMachine task thread for /127.0.0.1:14629 - 0 ] INFO  ipc.Client (Client.java:handleConnectionFailure(977)) - Retrying connect to server: localhost/127.0.0.1:14629. Already tried 14 time(s); retry policy is RetryUpToMaximumCountWithFixedSleep(maxRetries=15, sleepTime=1000 MILLISECONDS)
2022-01-10 13:24:17,623 [Datanode State Machine Daemon Thread] ERROR datanode.RunningDatanodeState (RunningDatanodeState.java:computeNextContainerState(199)) - Error in executing end point task.
java.util.concurrent.ExecutionException: java.util.concurrent.TimeoutException
	at java.util.concurrent.FutureTask.report(FutureTask.java:122)
	at java.util.concurrent.FutureTask.get(FutureTask.java:192)
	at org.apache.hadoop.ozone.container.common.states.datanode.RunningDatanodeState.computeNextContainerState(RunningDatanodeState.java:191)
	at org.apache.hadoop.ozone.container.common.states.datanode.RunningDatanodeState.await(RunningDatanodeState.java:231)
	at org.apache.hadoop.ozone.container.common.states.datanode.RunningDatanodeState.await(RunningDatanodeState.java:50)
	at org.apache.hadoop.ozone.container.common.statemachine.StateContext.execute(StateContext.java:633)
	at org.apache.hadoop.ozone.container.common.statemachine.DatanodeStateMachine.start(DatanodeStateMachine.java:280)
	at org.apache.hadoop.ozone.container.common.statemachine.DatanodeStateMachine.lambda$startDaemon$0(DatanodeStateMachine.java:468)
	at java.lang.Thread.run(Thread.java:748)
Caused by: java.util.concurrent.TimeoutException
	at java.util.concurrent.FutureTask.get(FutureTask.java:205)
	at org.apache.hadoop.ozone.container.common.states.datanode.RunningDatanodeState.lambda$execute$0(RunningDatanodeState.java:149)
	at java.util.concurrent.FutureTask.run(FutureTask.java:266)
	at java.util.concurrent.Executors$RunnableAdapter.call(Executors.java:511)
	at java.util.concurrent.FutureTask.run(FutureTask.java:266)
	at java.util.concurrent.ThreadPoolExecutor.runWorker(ThreadPoolExecutor.java:1149)
	at java.util.concurrent.ThreadPoolExecutor$Worker.run(ThreadPoolExecutor.java:624)
	... 1 more
2022-01-10 13:24:17,632 [grpc-default-executor-1] INFO  server.RaftServer$Division (RaftServerImpl.java:requestVote(1078)) - cd4304a5-ad25-4184-aa9b-9d5680dbb42f@group-E5A0C3DE471E replies to ELECTION vote request: 9ca66d1e-a818-43c9-bf62-5187506efa35<-cd4304a5-ad25-4184-aa9b-9d5680dbb42f#0:OK-t3. Peer's state: cd4304a5-ad25-4184-aa9b-9d5680dbb42f@group-E5A0C3DE471E:t3, leader=null, voted=9ca66d1e-a818-43c9-bf62-5187506efa35, raftlog=cd4304a5-ad25-4184-aa9b-9d5680dbb42f@group-E5A0C3DE471E-SegmentedRaftLog:OPENED:c-1, conf=-1: [cd4304a5-ad25-4184-aa9b-9d5680dbb42f|rpc:127.0.0.1:44433|dataStream:|priority:0, 9ca66d1e-a818-43c9-bf62-5187506efa35|rpc:127.0.0.1:42475|dataStream:|priority:1, 4b3c65cf-387e-4213-93df-57198a9c946a|rpc:127.0.0.1:38165|dataStream:|priority:0], old=null
2022-01-10 13:24:17,624 [EndpointStateMachine task thread for /127.0.0.1:14609 - 0 ] INFO  ipc.Client (Client.java:handleConnectionFailure(977)) - Retrying connect to server: localhost/127.0.0.1:14609. Already tried 2 time(s); retry policy is RetryUpToMaximumCountWithFixedSleep(maxRetries=15, sleepTime=1000 MILLISECONDS)
2022-01-10 13:24:17,623 [EndpointStateMachine task thread for /127.0.0.1:14619 - 0 ] INFO  ipc.Client (Client.java:handleConnectionFailure(977)) - Retrying connect to server: localhost/127.0.0.1:14619. Already tried 14 time(s); retry policy is RetryUpToMaximumCountWithFixedSleep(maxRetries=15, sleepTime=1000 MILLISECONDS)
2022-01-10 13:24:17,633 [9ca66d1e-a818-43c9-bf62-5187506efa35@group-E5A0C3DE471E-LeaderElection27] INFO  impl.LeaderElection (LeaderElection.java:logAndReturn(89)) - 9ca66d1e-a818-43c9-bf62-5187506efa35@group-E5A0C3DE471E-LeaderElection27: ELECTION PASSED received 1 response(s) and 0 exception(s):
2022-01-10 13:24:17,633 [9ca66d1e-a818-43c9-bf62-5187506efa35@group-E5A0C3DE471E-LeaderElection27] INFO  impl.LeaderElection (LeaderElection.java:logAndReturn(93)) -   Response 0: 9ca66d1e-a818-43c9-bf62-5187506efa35<-cd4304a5-ad25-4184-aa9b-9d5680dbb42f#0:OK-t3
2022-01-10 13:24:17,634 [9ca66d1e-a818-43c9-bf62-5187506efa35@group-E5A0C3DE471E-LeaderElection27] INFO  impl.LeaderElection (LeaderElection.java:askForVotes(308)) - 9ca66d1e-a818-43c9-bf62-5187506efa35@group-E5A0C3DE471E-LeaderElection27 ELECTION round 0: result PASSED
2022-01-10 13:24:17,634 [9ca66d1e-a818-43c9-bf62-5187506efa35@group-E5A0C3DE471E-LeaderElection27] INFO  impl.RoleInfo (RoleInfo.java:shutdownLeaderElection(121)) - 9ca66d1e-a818-43c9-bf62-5187506efa35: shutdown 9ca66d1e-a818-43c9-bf62-5187506efa35@group-E5A0C3DE471E-LeaderElection27
2022-01-10 13:24:17,634 [9ca66d1e-a818-43c9-bf62-5187506efa35@group-E5A0C3DE471E-LeaderElection27] INFO  server.RaftServer$Division (RaftServerImpl.java:setRole(290)) - 9ca66d1e-a818-43c9-bf62-5187506efa35@group-E5A0C3DE471E: changes role from CANDIDATE to LEADER at term 3 for changeToLeader
2022-01-10 13:24:17,634 [9ca66d1e-a818-43c9-bf62-5187506efa35@group-E5A0C3DE471E-LeaderElection27] INFO  ratis.XceiverServerRatis (XceiverServerRatis.java:handleLeaderChangedNotification(866)) - Leader change notification received for group: group-E5A0C3DE471E with new leaderId: 9ca66d1e-a818-43c9-bf62-5187506efa35
2022-01-10 13:24:17,634 [9ca66d1e-a818-43c9-bf62-5187506efa35@group-E5A0C3DE471E-LeaderElection27] INFO  server.RaftServer$Division (ServerState.java:setLeader(285)) - 9ca66d1e-a818-43c9-bf62-5187506efa35@group-E5A0C3DE471E: change Leader from null to 9ca66d1e-a818-43c9-bf62-5187506efa35 at term 3 for becomeLeader, leader elected after 15234ms
2022-01-10 13:24:17,634 [9ca66d1e-a818-43c9-bf62-5187506efa35@group-E5A0C3DE471E-LeaderElection27] INFO  server.RaftServerConfigKeys (ConfUtils.java:logGet(44)) - raft.server.staging.catchup.gap = 1000 (default)
2022-01-10 13:24:17,634 [9ca66d1e-a818-43c9-bf62-5187506efa35@group-E5A0C3DE471E-LeaderElection27] INFO  server.RaftServerConfigKeys (ConfUtils.java:logGet(44)) - raft.server.write.element-limit = 1024 (custom)
2022-01-10 13:24:17,634 [9ca66d1e-a818-43c9-bf62-5187506efa35@group-E5A0C3DE471E-LeaderElection27] INFO  server.RaftServerConfigKeys (ConfUtils.java:logGet(44)) - raft.server.write.byte-limit = 1024 M (=1073741824) (custom)
2022-01-10 13:24:17,636 [EventQueue-PipelineReportForPipelineReportHandler] INFO  pipeline.PipelineManagerImpl (PipelineManagerImpl.java:openPipeline(291)) - Pipeline Pipeline[ Id: 55485618-4610-47ca-b09d-e5a0c3de471e, Nodes: cd4304a5-ad25-4184-aa9b-9d5680dbb42f{ip: 127.0.0.1, host: localhost, ports: [REPLICATION=36991, RATIS=44433, RATIS_ADMIN=44433, RATIS_SERVER=44433, STANDALONE=35009], networkLocation: /default-rack, certSerialId: null, persistedOpState: IN_SERVICE, persistedOpStateExpiryEpochSec: 0}9ca66d1e-a818-43c9-bf62-5187506efa35{ip: 127.0.0.1, host: localhost, ports: [REPLICATION=37635, RATIS=42475, RATIS_ADMIN=42475, RATIS_SERVER=42475, STANDALONE=35603], networkLocation: /default-rack, certSerialId: null, persistedOpState: IN_SERVICE, persistedOpStateExpiryEpochSec: 0}4b3c65cf-387e-4213-93df-57198a9c946a{ip: 127.0.0.1, host: localhost, ports: [REPLICATION=44073, RATIS=38165, RATIS_ADMIN=38165, RATIS_SERVER=38165, STANDALONE=45653], networkLocation: /default-rack, certSerialId: null, persistedOpState: IN_SERVICE, persistedOpStateExpiryEpochSec: 0}, ReplicationConfig: RATIS/THREE, State:ALLOCATED, leaderId:9ca66d1e-a818-43c9-bf62-5187506efa35, CreationTimestamp2022-01-10T13:24:00.044Z[Etc/UTC]] moved to OPEN state
2022-01-10 13:24:17,636 [EventQueue-PipelineReportForPipelineReportHandler] INFO  ha.SCMHAInvocationHandler (SCMHAInvocationHandler.java:invokeRatis(113)) - Invoking method public abstract void org.apache.hadoop.hdds.scm.pipeline.PipelineStateManager.updatePipelineState(org.apache.hadoop.hdds.protocol.proto.HddsProtos$PipelineID,org.apache.hadoop.hdds.protocol.proto.HddsProtos$PipelineState) throws java.io.IOException on target org.apache.hadoop.hdds.scm.ha.SCMRatisServerImpl@4124a273, cost 237.102us
2022-01-10 13:24:17,636 [EventQueue-OpenPipelineForHealthyPipelineSafeModeRule] INFO  safemode.SCMSafeModeManager (HealthyPipelineSafeModeRule.java:process(124)) - SCM in safe mode. Healthy pipelines reported count is 0, required healthy pipeline reported count is 1
2022-01-10 13:24:17,638 [EventQueue-PipelineReportForPipelineReportHandler] INFO  pipeline.PipelineManagerImpl (PipelineManagerImpl.java:openPipeline(291)) - Pipeline Pipeline[ Id: 55485618-4610-47ca-b09d-e5a0c3de471e, Nodes: cd4304a5-ad25-4184-aa9b-9d5680dbb42f{ip: 127.0.0.1, host: localhost, ports: [REPLICATION=36991, RATIS=44433, RATIS_ADMIN=44433, RATIS_SERVER=44433, STANDALONE=35009], networkLocation: /default-rack, certSerialId: null, persistedOpState: IN_SERVICE, persistedOpStateExpiryEpochSec: 0}9ca66d1e-a818-43c9-bf62-5187506efa35{ip: 127.0.0.1, host: localhost, ports: [REPLICATION=37635, RATIS=42475, RATIS_ADMIN=42475, RATIS_SERVER=42475, STANDALONE=35603], networkLocation: /default-rack, certSerialId: null, persistedOpState: IN_SERVICE, persistedOpStateExpiryEpochSec: 0}4b3c65cf-387e-4213-93df-57198a9c946a{ip: 127.0.0.1, host: localhost, ports: [REPLICATION=44073, RATIS=38165, RATIS_ADMIN=38165, RATIS_SERVER=38165, STANDALONE=45653], networkLocation: /default-rack, certSerialId: null, persistedOpState: IN_SERVICE, persistedOpStateExpiryEpochSec: 0}, ReplicationConfig: RATIS/THREE, State:ALLOCATED, leaderId:9ca66d1e-a818-43c9-bf62-5187506efa35, CreationTimestamp2022-01-10T13:24:00.044Z[Etc/UTC]] moved to OPEN state
2022-01-10 13:24:17,645 [grpc-default-executor-0] INFO  server.RaftServer$Division (RaftServerImpl.java:requestVote(1046)) - 4b3c65cf-387e-4213-93df-57198a9c946a@group-E5A0C3DE471E: receive requestVote(ELECTION, 9ca66d1e-a818-43c9-bf62-5187506efa35, group-E5A0C3DE471E, 3, (t:0, i:0))
2022-01-10 13:24:17,645 [9ca66d1e-a818-43c9-bf62-5187506efa35@group-E5A0C3DE471E-LeaderElection27] INFO  server.RaftServerConfigKeys (ConfUtils.java:logGet(44)) - raft.server.watch.timeout = 180s (custom)
2022-01-10 13:24:17,645 [9ca66d1e-a818-43c9-bf62-5187506efa35@group-E5A0C3DE471E-LeaderElection27] INFO  server.RaftServerConfigKeys (ConfUtils.java:logGet(44)) - raft.server.watch.timeout.denomination = 1s (default)
2022-01-10 13:24:17,645 [9ca66d1e-a818-43c9-bf62-5187506efa35@group-E5A0C3DE471E-LeaderElection27] INFO  server.RaftServerConfigKeys (ConfUtils.java:logGet(44)) - raft.server.watch.element-limit = 65536 (default)
2022-01-10 13:24:17,645 [9ca66d1e-a818-43c9-bf62-5187506efa35@group-E5A0C3DE471E-LeaderElection27] INFO  server.RaftServerConfigKeys (ConfUtils.java:logGet(44)) - raft.server.write.element-limit = 1024 (custom)
2022-01-10 13:24:17,645 [9ca66d1e-a818-43c9-bf62-5187506efa35@group-E5A0C3DE471E-LeaderElection27] INFO  server.RaftServerConfigKeys (ConfUtils.java:logGet(44)) - raft.server.write.follower.gap.ratio.max = -1.0 (default)
2022-01-10 13:24:17,645 [9ca66d1e-a818-43c9-bf62-5187506efa35@group-E5A0C3DE471E-LeaderElection27] INFO  server.RaftServerConfigKeys (ConfUtils.java:logGet(44)) - raft.server.log.appender.snapshot.chunk.size.max = 16MB (=16777216) (default)
2022-01-10 13:24:17,645 [grpc-default-executor-0] INFO  impl.VoteContext (VoteContext.java:log(48)) - 4b3c65cf-387e-4213-93df-57198a9c946a@group-E5A0C3DE471E-FOLLOWER: accept ELECTION from 9ca66d1e-a818-43c9-bf62-5187506efa35: our priority 0 <= candidate's priority 1
2022-01-10 13:24:17,645 [grpc-default-executor-0] INFO  server.RaftServer$Division (RaftServerImpl.java:setRole(290)) - 4b3c65cf-387e-4213-93df-57198a9c946a@group-E5A0C3DE471E: changes role from  FOLLOWER to FOLLOWER at term 3 for candidate:9ca66d1e-a818-43c9-bf62-5187506efa35
2022-01-10 13:24:17,645 [grpc-default-executor-0] INFO  impl.RoleInfo (RoleInfo.java:shutdownFollowerState(108)) - 4b3c65cf-387e-4213-93df-57198a9c946a: shutdown 4b3c65cf-387e-4213-93df-57198a9c946a@group-E5A0C3DE471E-FollowerState
2022-01-10 13:24:17,645 [grpc-default-executor-0] INFO  impl.RoleInfo (RoleInfo.java:updateAndGet(130)) - 4b3c65cf-387e-4213-93df-57198a9c946a: start 4b3c65cf-387e-4213-93df-57198a9c946a@group-E5A0C3DE471E-FollowerState
2022-01-10 13:24:17,646 [4b3c65cf-387e-4213-93df-57198a9c946a@group-E5A0C3DE471E-FollowerState] INFO  impl.FollowerState (FollowerState.java:run(143)) - 4b3c65cf-387e-4213-93df-57198a9c946a@group-E5A0C3DE471E-FollowerState was interrupted: {}
java.lang.InterruptedException: sleep interrupted
	at java.lang.Thread.sleep(Native Method)
	at java.lang.Thread.sleep(Thread.java:340)
	at java.util.concurrent.TimeUnit.sleep(TimeUnit.java:386)
	at org.apache.ratis.util.TimeDuration.sleep(TimeDuration.java:324)
	at org.apache.ratis.util.TimeDuration.sleep(TimeDuration.java:309)
	at org.apache.ratis.server.impl.FollowerState.run(FollowerState.java:118)
2022-01-10 13:24:17,657 [7fcd8313-8ccc-4d12-b0b9-018c7cf319d8@group-74F7029FD382-StateMachineUpdater] INFO  safemode.HealthyPipelineSafeModeRule (HealthyPipelineSafeModeRule.java:initializeRule(152)) - Refreshed total pipeline count is 1, healthy pipeline threshold count is 1
2022-01-10 13:24:17,654 [grpc-default-executor-0] INFO  server.RaftServer$Division (RaftServerImpl.java:requestVote(1078)) - 4b3c65cf-387e-4213-93df-57198a9c946a@group-E5A0C3DE471E replies to ELECTION vote request: 9ca66d1e-a818-43c9-bf62-5187506efa35<-4b3c65cf-387e-4213-93df-57198a9c946a#0:OK-t3. Peer's state: 4b3c65cf-387e-4213-93df-57198a9c946a@group-E5A0C3DE471E:t3, leader=null, voted=9ca66d1e-a818-43c9-bf62-5187506efa35, raftlog=4b3c65cf-387e-4213-93df-57198a9c946a@group-E5A0C3DE471E-SegmentedRaftLog:OPENED:c-1, conf=-1: [cd4304a5-ad25-4184-aa9b-9d5680dbb42f|rpc:127.0.0.1:44433|priority:0, 9ca66d1e-a818-43c9-bf62-5187506efa35|rpc:127.0.0.1:42475|priority:1, 4b3c65cf-387e-4213-93df-57198a9c946a|rpc:127.0.0.1:38165|priority:0], old=null
2022-01-10 13:24:17,681 [EventQueue-PipelineReportForPipelineReportHandler] INFO  ha.SCMHAInvocationHandler (SCMHAInvocationHandler.java:invokeRatis(113)) - Invoking method public abstract void org.apache.hadoop.hdds.scm.pipeline.PipelineStateManager.updatePipelineState(org.apache.hadoop.hdds.protocol.proto.HddsProtos$PipelineID,org.apache.hadoop.hdds.protocol.proto.HddsProtos$PipelineState) throws java.io.IOException on target org.apache.hadoop.hdds.scm.ha.SCMRatisServerImpl@716fa625, cost 43374.436us
2022-01-10 13:24:17,647 [9ca66d1e-a818-43c9-bf62-5187506efa35@group-E5A0C3DE471E-LeaderElection27] INFO  server.RaftServerConfigKeys (ConfUtils.java:logGet(44)) - raft.server.log.appender.buffer.byte-limit = 33554432 (custom)
2022-01-10 13:24:17,681 [9ca66d1e-a818-43c9-bf62-5187506efa35@group-E5A0C3DE471E-LeaderElection27] INFO  server.RaftServerConfigKeys (ConfUtils.java:logGet(44)) - raft.server.log.appender.buffer.element-limit = 1 (custom)
2022-01-10 13:24:17,681 [9ca66d1e-a818-43c9-bf62-5187506efa35@group-E5A0C3DE471E-LeaderElection27] INFO  grpc.GrpcConfigKeys (ConfUtils.java:logGet(44)) - raft.grpc.server.leader.outstanding.appends.max = 128 (default)
2022-01-10 13:24:17,682 [9ca66d1e-a818-43c9-bf62-5187506efa35@group-E5A0C3DE471E-LeaderElection27] INFO  server.RaftServerConfigKeys (ConfUtils.java:logGet(44)) - raft.server.rpc.request.timeout = 60s (custom)
2022-01-10 13:24:17,682 [9ca66d1e-a818-43c9-bf62-5187506efa35@group-E5A0C3DE471E-LeaderElection27] INFO  server.RaftServerConfigKeys (ConfUtils.java:logGet(44)) - raft.server.log.appender.install.snapshot.enabled = false (custom)
2022-01-10 13:24:17,682 [9ca66d1e-a818-43c9-bf62-5187506efa35@group-E5A0C3DE471E-LeaderElection27] INFO  server.RaftServerConfigKeys (ConfUtils.java:logGet(44)) - raft.server.log.appender.snapshot.chunk.size.max = 16MB (=16777216) (default)
2022-01-10 13:24:17,682 [9ca66d1e-a818-43c9-bf62-5187506efa35@group-E5A0C3DE471E-LeaderElection27] INFO  server.RaftServerConfigKeys (ConfUtils.java:logGet(44)) - raft.server.log.appender.buffer.byte-limit = 33554432 (custom)
2022-01-10 13:24:17,683 [9ca66d1e-a818-43c9-bf62-5187506efa35@group-E5A0C3DE471E-LeaderElection27] INFO  server.RaftServerConfigKeys (ConfUtils.java:logGet(44)) - raft.server.log.appender.buffer.element-limit = 1 (custom)
2022-01-10 13:24:17,683 [9ca66d1e-a818-43c9-bf62-5187506efa35@group-E5A0C3DE471E-LeaderElection27] INFO  grpc.GrpcConfigKeys (ConfUtils.java:logGet(44)) - raft.grpc.server.leader.outstanding.appends.max = 128 (default)
2022-01-10 13:24:17,683 [9ca66d1e-a818-43c9-bf62-5187506efa35@group-E5A0C3DE471E-LeaderElection27] INFO  server.RaftServerConfigKeys (ConfUtils.java:logGet(44)) - raft.server.rpc.request.timeout = 60s (custom)
2022-01-10 13:24:17,683 [9ca66d1e-a818-43c9-bf62-5187506efa35@group-E5A0C3DE471E-LeaderElection27] INFO  server.RaftServerConfigKeys (ConfUtils.java:logGet(44)) - raft.server.log.appender.install.snapshot.enabled = false (custom)
2022-01-10 13:24:17,683 [9ca66d1e-a818-43c9-bf62-5187506efa35@group-E5A0C3DE471E-LeaderElection27] INFO  impl.RoleInfo (RoleInfo.java:updateAndGet(130)) - 9ca66d1e-a818-43c9-bf62-5187506efa35: start 9ca66d1e-a818-43c9-bf62-5187506efa35@group-E5A0C3DE471E-LeaderStateImpl
2022-01-10 13:24:17,684 [9ca66d1e-a818-43c9-bf62-5187506efa35@group-E5A0C3DE471E-LeaderElection27] INFO  segmented.SegmentedRaftLogWorker (SegmentedRaftLogWorker.java:startLogSegment(394)) - 9ca66d1e-a818-43c9-bf62-5187506efa35@group-E5A0C3DE471E-SegmentedRaftLogWorker: Starting segment from index:0
2022-01-10 13:24:17,685 [EventQueue-OpenPipelineForHealthyPipelineSafeModeRule] INFO  safemode.SCMSafeModeManager (HealthyPipelineSafeModeRule.java:process(124)) - SCM in safe mode. Healthy pipelines reported count is 1, required healthy pipeline reported count is 1
2022-01-10 13:24:17,685 [EventQueue-OpenPipelineForHealthyPipelineSafeModeRule] INFO  safemode.SCMSafeModeManager (SCMSafeModeManager.java:validateSafeModeExitRules(204)) - HealthyPipelineSafeModeRule rule is successfully validated
2022-01-10 13:24:17,685 [EventQueue-OpenPipelineForHealthyPipelineSafeModeRule] INFO  safemode.SCMSafeModeManager (SCMSafeModeManager.java:validateSafeModeExitRules(219)) - ScmSafeModeManager, all rules are successfully validated
2022-01-10 13:24:17,685 [EventQueue-OpenPipelineForHealthyPipelineSafeModeRule] INFO  safemode.SCMSafeModeManager (SCMSafeModeManager.java:exitSafeMode(248)) - SCM exiting safe mode.
2022-01-10 13:24:17,685 [EventQueue-OpenPipelineForHealthyPipelineSafeModeRule] WARN  events.EventQueue (EventQueue.java:fireEvent(194)) - No event handler registered for event TypedEvent{payloadType=SafeModeStatus, name='Safe mode status'}
2022-01-10 13:24:17,685 [EventQueue-OpenPipelineForHealthyPipelineSafeModeRule] INFO  ha.SCMContext (SCMContext.java:updateSafeModeStatus(211)) - Update SafeModeStatus from SafeModeStatus{safeModeStatus=true, preCheckPassed=true} to SafeModeStatus{safeModeStatus=false, preCheckPassed=true}.
2022-01-10 13:24:17,685 [EventQueue-OpenPipelineForHealthyPipelineSafeModeRule] INFO  container.ReplicationManager (ReplicationManager.java:notifyStatusChanged(1758)) - Service ReplicationManager transitions to RUNNING.
2022-01-10 13:24:17,687 [9ca66d1e-a818-43c9-bf62-5187506efa35@group-E5A0C3DE471E-SegmentedRaftLogWorker] INFO  segmented.SegmentedRaftLogWorker (SegmentedRaftLogWorker.java:execute(601)) - 9ca66d1e-a818-43c9-bf62-5187506efa35@group-E5A0C3DE471E-SegmentedRaftLogWorker: created new log segment /home/runner/work/ozone/ozone/hadoop-ozone/integration-test/target/test-dir/MiniOzoneClusterImpl-4961146f-9f28-4cba-af76-74f7029fd382/datanode-2/data/ratis/55485618-4610-47ca-b09d-e5a0c3de471e/current/log_inprogress_0
2022-01-10 13:24:17,689 [494c7a1b-9442-431c-b450-0b8d0617d867@group-74F7029FD382-StateMachineUpdater] INFO  safemode.HealthyPipelineSafeModeRule (HealthyPipelineSafeModeRule.java:initializeRule(152)) - Refreshed total pipeline count is 1, healthy pipeline threshold count is 1
2022-01-10 13:24:17,689 [494c7a1b-9442-431c-b450-0b8d0617d867@group-74F7029FD382-StateMachineUpdater] INFO  ha.SCMStateMachine (SCMStateMachine.java:takeSnapshot(297)) - Current Snapshot Index 23, takeSnapshot took 0 ms
2022-01-10 13:24:17,689 [494c7a1b-9442-431c-b450-0b8d0617d867@group-74F7029FD382-StateMachineUpdater] INFO  impl.StateMachineUpdater (StateMachineUpdater.java:takeSnapshot(281)) - 494c7a1b-9442-431c-b450-0b8d0617d867@group-74F7029FD382-StateMachineUpdater: Took a snapshot at index 23
2022-01-10 13:24:17,689 [494c7a1b-9442-431c-b450-0b8d0617d867@group-74F7029FD382-StateMachineUpdater] INFO  impl.StateMachineUpdater (StateMachineUpdater.java:lambda$new$0(89)) - 494c7a1b-9442-431c-b450-0b8d0617d867@group-74F7029FD382-StateMachineUpdater: snapshotIndex: updateIncreasingly 18 -> 23
2022-01-10 13:24:17,689 [494c7a1b-9442-431c-b450-0b8d0617d867@group-74F7029FD382-StateMachineUpdater] INFO  raftlog.RaftLog (RaftLogBase.java:purge(306)) - 494c7a1b-9442-431c-b450-0b8d0617d867@group-74F7029FD382-SegmentedRaftLog: purge 23
2022-01-10 13:24:17,689 [494c7a1b-9442-431c-b450-0b8d0617d867@group-74F7029FD382-StateMachineUpdater] INFO  raftlog.RaftLog (RaftLogBase.java:lambda$new$0(53)) - 494c7a1b-9442-431c-b450-0b8d0617d867@group-74F7029FD382-SegmentedRaftLog: snapshotIndex: updateIncreasingly 18 -> 23
2022-01-10 13:24:17,689 [494c7a1b-9442-431c-b450-0b8d0617d867@group-74F7029FD382-StateMachineUpdater] INFO  raftlog.RaftLog (RaftLogBase.java:lambda$new$0(53)) - 494c7a1b-9442-431c-b450-0b8d0617d867@group-74F7029FD382-SegmentedRaftLog: purgeIndex: updateToMax old=18, new=23, updated? true
2022-01-10 13:24:17,700 [9ca66d1e-a818-43c9-bf62-5187506efa35@group-E5A0C3DE471E-LeaderElection27] INFO  server.RaftServer$Division (ServerState.java:setRaftConf(387)) - 9ca66d1e-a818-43c9-bf62-5187506efa35@group-E5A0C3DE471E: set configuration 0: [cd4304a5-ad25-4184-aa9b-9d5680dbb42f|rpc:127.0.0.1:44433|dataStream:|priority:0, 9ca66d1e-a818-43c9-bf62-5187506efa35|rpc:127.0.0.1:42475|dataStream:|priority:1, 4b3c65cf-387e-4213-93df-57198a9c946a|rpc:127.0.0.1:38165|dataStream:|priority:0], old=null
2022-01-10 13:24:17,710 [grpc-default-executor-0] INFO  ratis.XceiverServerRatis (XceiverServerRatis.java:handleLeaderChangedNotification(866)) - Leader change notification received for group: group-E5A0C3DE471E with new leaderId: 9ca66d1e-a818-43c9-bf62-5187506efa35
2022-01-10 13:24:17,710 [grpc-default-executor-0] INFO  server.RaftServer$Division (ServerState.java:setLeader(285)) - cd4304a5-ad25-4184-aa9b-9d5680dbb42f@group-E5A0C3DE471E: change Leader from null to 9ca66d1e-a818-43c9-bf62-5187506efa35 at term 3 for appendEntries, leader elected after 15416ms
2022-01-10 13:24:17,712 [grpc-default-executor-2] INFO  ratis.XceiverServerRatis (XceiverServerRatis.java:handleLeaderChangedNotification(866)) - Leader change notification received for group: group-E5A0C3DE471E with new leaderId: 9ca66d1e-a818-43c9-bf62-5187506efa35
2022-01-10 13:24:17,712 [grpc-default-executor-2] INFO  server.RaftServer$Division (ServerState.java:setLeader(285)) - 4b3c65cf-387e-4213-93df-57198a9c946a@group-E5A0C3DE471E: change Leader from null to 9ca66d1e-a818-43c9-bf62-5187506efa35 at term 3 for appendEntries, leader elected after 15509ms
2022-01-10 13:24:17,721 [grpc-default-executor-0] INFO  server.RaftServer$Division (ServerState.java:setRaftConf(387)) - cd4304a5-ad25-4184-aa9b-9d5680dbb42f@group-E5A0C3DE471E: set configuration 0: [cd4304a5-ad25-4184-aa9b-9d5680dbb42f|rpc:127.0.0.1:44433|dataStream:|priority:0, 9ca66d1e-a818-43c9-bf62-5187506efa35|rpc:127.0.0.1:42475|dataStream:|priority:1, 4b3c65cf-387e-4213-93df-57198a9c946a|rpc:127.0.0.1:38165|dataStream:|priority:0], old=null
2022-01-10 13:24:17,721 [grpc-default-executor-0] INFO  segmented.SegmentedRaftLogWorker (SegmentedRaftLogWorker.java:startLogSegment(394)) - cd4304a5-ad25-4184-aa9b-9d5680dbb42f@group-E5A0C3DE471E-SegmentedRaftLogWorker: Starting segment from index:0
2022-01-10 13:24:17,733 [grpc-default-executor-2] INFO  server.RaftServer$Division (ServerState.java:setRaftConf(387)) - 4b3c65cf-387e-4213-93df-57198a9c946a@group-E5A0C3DE471E: set configuration 0: [cd4304a5-ad25-4184-aa9b-9d5680dbb42f|rpc:127.0.0.1:44433|dataStream:|priority:0, 9ca66d1e-a818-43c9-bf62-5187506efa35|rpc:127.0.0.1:42475|dataStream:|priority:1, 4b3c65cf-387e-4213-93df-57198a9c946a|rpc:127.0.0.1:38165|dataStream:|priority:0], old=null
2022-01-10 13:24:17,734 [grpc-default-executor-2] INFO  segmented.SegmentedRaftLogWorker (SegmentedRaftLogWorker.java:startLogSegment(394)) - 4b3c65cf-387e-4213-93df-57198a9c946a@group-E5A0C3DE471E-SegmentedRaftLogWorker: Starting segment from index:0
2022-01-10 13:24:17,735 [cd4304a5-ad25-4184-aa9b-9d5680dbb42f@group-E5A0C3DE471E-SegmentedRaftLogWorker] INFO  segmented.SegmentedRaftLogWorker (SegmentedRaftLogWorker.java:execute(601)) - cd4304a5-ad25-4184-aa9b-9d5680dbb42f@group-E5A0C3DE471E-SegmentedRaftLogWorker: created new log segment /home/runner/work/ozone/ozone/hadoop-ozone/integration-test/target/test-dir/MiniOzoneClusterImpl-4961146f-9f28-4cba-af76-74f7029fd382/datanode-1/data/ratis/55485618-4610-47ca-b09d-e5a0c3de471e/current/log_inprogress_0
2022-01-10 13:24:17,735 [4b3c65cf-387e-4213-93df-57198a9c946a@group-E5A0C3DE471E-SegmentedRaftLogWorker] INFO  segmented.SegmentedRaftLogWorker (SegmentedRaftLogWorker.java:execute(601)) - 4b3c65cf-387e-4213-93df-57198a9c946a@group-E5A0C3DE471E-SegmentedRaftLogWorker: created new log segment /home/runner/work/ozone/ozone/hadoop-ozone/integration-test/target/test-dir/MiniOzoneClusterImpl-4961146f-9f28-4cba-af76-74f7029fd382/datanode-0/data/ratis/55485618-4610-47ca-b09d-e5a0c3de471e/current/log_inprogress_0
2022-01-10 13:24:17,772 [9ca66d1e-a818-43c9-bf62-5187506efa35@group-A4D2DF4C4470-FollowerState] INFO  impl.FollowerState (FollowerState.java:run(134)) - 9ca66d1e-a818-43c9-bf62-5187506efa35@group-A4D2DF4C4470-FollowerState: change to CANDIDATE, lastRpcElapsedTime:5029329098ns, electionTimeout:5016ms
2022-01-10 13:24:17,772 [9ca66d1e-a818-43c9-bf62-5187506efa35@group-A4D2DF4C4470-FollowerState] INFO  impl.RoleInfo (RoleInfo.java:shutdownFollowerState(108)) - 9ca66d1e-a818-43c9-bf62-5187506efa35: shutdown 9ca66d1e-a818-43c9-bf62-5187506efa35@group-A4D2DF4C4470-FollowerState
2022-01-10 13:24:17,772 [9ca66d1e-a818-43c9-bf62-5187506efa35@group-A4D2DF4C4470-FollowerState] INFO  server.RaftServer$Division (RaftServerImpl.java:setRole(290)) - 9ca66d1e-a818-43c9-bf62-5187506efa35@group-A4D2DF4C4470: changes role from  FOLLOWER to CANDIDATE at term 2 for changeToCandidate
2022-01-10 13:24:17,772 [9ca66d1e-a818-43c9-bf62-5187506efa35@group-A4D2DF4C4470-FollowerState] INFO  server.RaftServerConfigKeys (ConfUtils.java:logGet(44)) - raft.server.leaderelection.pre-vote = false (custom)
2022-01-10 13:24:17,772 [9ca66d1e-a818-43c9-bf62-5187506efa35@group-A4D2DF4C4470-FollowerState] INFO  impl.RoleInfo (RoleInfo.java:updateAndGet(130)) - 9ca66d1e-a818-43c9-bf62-5187506efa35: start 9ca66d1e-a818-43c9-bf62-5187506efa35@group-A4D2DF4C4470-LeaderElection28
2022-01-10 13:24:17,776 [4b3c65cf-387e-4213-93df-57198a9c946a@group-A4D2DF4C4470-FollowerState] INFO  impl.FollowerState (FollowerState.java:run(134)) - 4b3c65cf-387e-4213-93df-57198a9c946a@group-A4D2DF4C4470-FollowerState: change to CANDIDATE, lastRpcElapsedTime:5118467992ns, electionTimeout:5118ms
2022-01-10 13:24:17,776 [4b3c65cf-387e-4213-93df-57198a9c946a@group-A4D2DF4C4470-FollowerState] INFO  impl.RoleInfo (RoleInfo.java:shutdownFollowerState(108)) - 4b3c65cf-387e-4213-93df-57198a9c946a: shutdown 4b3c65cf-387e-4213-93df-57198a9c946a@group-A4D2DF4C4470-FollowerState
2022-01-10 13:24:17,776 [4b3c65cf-387e-4213-93df-57198a9c946a@group-A4D2DF4C4470-FollowerState] INFO  server.RaftServer$Division (RaftServerImpl.java:setRole(290)) - 4b3c65cf-387e-4213-93df-57198a9c946a@group-A4D2DF4C4470: changes role from  FOLLOWER to CANDIDATE at term 2 for changeToCandidate
2022-01-10 13:24:17,776 [4b3c65cf-387e-4213-93df-57198a9c946a@group-A4D2DF4C4470-FollowerState] INFO  server.RaftServerConfigKeys (ConfUtils.java:logGet(44)) - raft.server.leaderelection.pre-vote = false (custom)
2022-01-10 13:24:17,776 [4b3c65cf-387e-4213-93df-57198a9c946a@group-A4D2DF4C4470-FollowerState] INFO  impl.RoleInfo (RoleInfo.java:updateAndGet(130)) - 4b3c65cf-387e-4213-93df-57198a9c946a: start 4b3c65cf-387e-4213-93df-57198a9c946a@group-A4D2DF4C4470-LeaderElection29
2022-01-10 13:24:17,781 [9ca66d1e-a818-43c9-bf62-5187506efa35@group-A4D2DF4C4470-LeaderElection28] INFO  impl.LeaderElection (LeaderElection.java:askForVotes(306)) - 9ca66d1e-a818-43c9-bf62-5187506efa35@group-A4D2DF4C4470-LeaderElection28 ELECTION round 0: submit vote requests at term 3 for -1: [cd4304a5-ad25-4184-aa9b-9d5680dbb42f|rpc:127.0.0.1:44433|dataStream:|priority:1, 9ca66d1e-a818-43c9-bf62-5187506efa35|rpc:127.0.0.1:42475|dataStream:|priority:0, 4b3c65cf-387e-4213-93df-57198a9c946a|rpc:127.0.0.1:38165|dataStream:|priority:0], old=null
2022-01-10 13:24:17,788 [4b3c65cf-387e-4213-93df-57198a9c946a@group-A4D2DF4C4470-LeaderElection29] INFO  impl.LeaderElection (LeaderElection.java:askForVotes(306)) - 4b3c65cf-387e-4213-93df-57198a9c946a@group-A4D2DF4C4470-LeaderElection29 ELECTION round 0: submit vote requests at term 3 for -1: [cd4304a5-ad25-4184-aa9b-9d5680dbb42f|rpc:127.0.0.1:44433|priority:1, 9ca66d1e-a818-43c9-bf62-5187506efa35|rpc:127.0.0.1:42475|priority:0, 4b3c65cf-387e-4213-93df-57198a9c946a|rpc:127.0.0.1:38165|priority:0], old=null
2022-01-10 13:24:17,803 [grpc-default-executor-2] INFO  server.RaftServer$Division (RaftServerImpl.java:requestVote(1046)) - cd4304a5-ad25-4184-aa9b-9d5680dbb42f@group-A4D2DF4C4470: receive requestVote(ELECTION, 9ca66d1e-a818-43c9-bf62-5187506efa35, group-A4D2DF4C4470, 3, (t:0, i:0))
2022-01-10 13:24:17,803 [grpc-default-executor-2] INFO  impl.VoteContext (VoteContext.java:log(48)) - cd4304a5-ad25-4184-aa9b-9d5680dbb42f@group-A4D2DF4C4470-FOLLOWER: reject ELECTION from 9ca66d1e-a818-43c9-bf62-5187506efa35: our priority 1 > candidate's priority 0
2022-01-10 13:24:17,803 [grpc-default-executor-2] INFO  server.RaftServer$Division (RaftServerImpl.java:setRole(290)) - cd4304a5-ad25-4184-aa9b-9d5680dbb42f@group-A4D2DF4C4470: changes role from  FOLLOWER to FOLLOWER at term 3 for candidate:9ca66d1e-a818-43c9-bf62-5187506efa35
2022-01-10 13:24:17,803 [grpc-default-executor-2] INFO  impl.RoleInfo (RoleInfo.java:shutdownFollowerState(108)) - cd4304a5-ad25-4184-aa9b-9d5680dbb42f: shutdown cd4304a5-ad25-4184-aa9b-9d5680dbb42f@group-A4D2DF4C4470-FollowerState
2022-01-10 13:24:17,823 [grpc-default-executor-1] INFO  server.RaftServer$Division (RaftServerImpl.java:requestVote(1046)) - cd4304a5-ad25-4184-aa9b-9d5680dbb42f@group-A4D2DF4C4470: receive requestVote(ELECTION, 4b3c65cf-387e-4213-93df-57198a9c946a, group-A4D2DF4C4470, 3, (t:0, i:0))
2022-01-10 13:24:17,823 [grpc-default-executor-2] INFO  impl.RoleInfo (RoleInfo.java:updateAndGet(130)) - cd4304a5-ad25-4184-aa9b-9d5680dbb42f: start cd4304a5-ad25-4184-aa9b-9d5680dbb42f@group-A4D2DF4C4470-FollowerState
2022-01-10 13:24:17,823 [grpc-default-executor-0] INFO  server.RaftServer$Division (RaftServerImpl.java:requestVote(1046)) - 4b3c65cf-387e-4213-93df-57198a9c946a@group-A4D2DF4C4470: receive requestVote(ELECTION, 9ca66d1e-a818-43c9-bf62-5187506efa35, group-A4D2DF4C4470, 3, (t:0, i:0))
2022-01-10 13:24:17,823 [grpc-default-executor-0] INFO  impl.VoteContext (VoteContext.java:log(48)) - 4b3c65cf-387e-4213-93df-57198a9c946a@group-A4D2DF4C4470-CANDIDATE: reject ELECTION from 9ca66d1e-a818-43c9-bf62-5187506efa35: already has voted for 4b3c65cf-387e-4213-93df-57198a9c946a at current term 3
2022-01-10 13:24:17,823 [grpc-default-executor-0] INFO  server.RaftServer$Division (RaftServerImpl.java:requestVote(1078)) - 4b3c65cf-387e-4213-93df-57198a9c946a@group-A4D2DF4C4470 replies to ELECTION vote request: 9ca66d1e-a818-43c9-bf62-5187506efa35<-4b3c65cf-387e-4213-93df-57198a9c946a#0:FAIL-t3. Peer's state: 4b3c65cf-387e-4213-93df-57198a9c946a@group-A4D2DF4C4470:t3, leader=null, voted=4b3c65cf-387e-4213-93df-57198a9c946a, raftlog=4b3c65cf-387e-4213-93df-57198a9c946a@group-A4D2DF4C4470-SegmentedRaftLog:OPENED:c-1, conf=-1: [cd4304a5-ad25-4184-aa9b-9d5680dbb42f|rpc:127.0.0.1:44433|priority:1, 9ca66d1e-a818-43c9-bf62-5187506efa35|rpc:127.0.0.1:42475|priority:0, 4b3c65cf-387e-4213-93df-57198a9c946a|rpc:127.0.0.1:38165|priority:0], old=null
2022-01-10 13:24:17,823 [cd4304a5-ad25-4184-aa9b-9d5680dbb42f@group-A4D2DF4C4470-FollowerState] INFO  impl.FollowerState (FollowerState.java:run(143)) - cd4304a5-ad25-4184-aa9b-9d5680dbb42f@group-A4D2DF4C4470-FollowerState was interrupted: {}
java.lang.InterruptedException: sleep interrupted
	at java.lang.Thread.sleep(Native Method)
	at java.lang.Thread.sleep(Thread.java:340)
	at java.util.concurrent.TimeUnit.sleep(TimeUnit.java:386)
	at org.apache.ratis.util.TimeDuration.sleep(TimeDuration.java:324)
	at org.apache.ratis.util.TimeDuration.sleep(TimeDuration.java:309)
	at org.apache.ratis.server.impl.FollowerState.run(FollowerState.java:118)
2022-01-10 13:24:17,825 [grpc-default-executor-2] INFO  server.RaftServer$Division (RaftServerImpl.java:requestVote(1078)) - cd4304a5-ad25-4184-aa9b-9d5680dbb42f@group-A4D2DF4C4470 replies to ELECTION vote request: 9ca66d1e-a818-43c9-bf62-5187506efa35<-cd4304a5-ad25-4184-aa9b-9d5680dbb42f#0:FAIL-t3. Peer's state: cd4304a5-ad25-4184-aa9b-9d5680dbb42f@group-A4D2DF4C4470:t3, leader=null, voted=null, raftlog=cd4304a5-ad25-4184-aa9b-9d5680dbb42f@group-A4D2DF4C4470-SegmentedRaftLog:OPENED:c-1, conf=-1: [cd4304a5-ad25-4184-aa9b-9d5680dbb42f|rpc:127.0.0.1:44433|priority:1, 9ca66d1e-a818-43c9-bf62-5187506efa35|rpc:127.0.0.1:42475|priority:0, 4b3c65cf-387e-4213-93df-57198a9c946a|rpc:127.0.0.1:38165|priority:0], old=null
2022-01-10 13:24:17,826 [grpc-default-executor-1] INFO  impl.VoteContext (VoteContext.java:log(48)) - cd4304a5-ad25-4184-aa9b-9d5680dbb42f@group-A4D2DF4C4470-FOLLOWER: reject ELECTION from 4b3c65cf-387e-4213-93df-57198a9c946a: our priority 1 > candidate's priority 0
2022-01-10 13:24:17,826 [grpc-default-executor-1] INFO  server.RaftServer$Division (RaftServerImpl.java:setRole(290)) - cd4304a5-ad25-4184-aa9b-9d5680dbb42f@group-A4D2DF4C4470: changes role from  FOLLOWER to FOLLOWER at term 3 for candidate:4b3c65cf-387e-4213-93df-57198a9c946a
2022-01-10 13:24:17,826 [grpc-default-executor-1] INFO  impl.RoleInfo (RoleInfo.java:shutdownFollowerState(108)) - cd4304a5-ad25-4184-aa9b-9d5680dbb42f: shutdown cd4304a5-ad25-4184-aa9b-9d5680dbb42f@group-A4D2DF4C4470-FollowerState
2022-01-10 13:24:17,826 [grpc-default-executor-1] INFO  impl.RoleInfo (RoleInfo.java:updateAndGet(130)) - cd4304a5-ad25-4184-aa9b-9d5680dbb42f: start cd4304a5-ad25-4184-aa9b-9d5680dbb42f@group-A4D2DF4C4470-FollowerState
2022-01-10 13:24:17,834 [cd4304a5-ad25-4184-aa9b-9d5680dbb42f@group-A4D2DF4C4470-FollowerState] INFO  impl.FollowerState (FollowerState.java:run(143)) - cd4304a5-ad25-4184-aa9b-9d5680dbb42f@group-A4D2DF4C4470-FollowerState was interrupted: {}
java.lang.InterruptedException: sleep interrupted
	at java.lang.Thread.sleep(Native Method)
	at java.lang.Thread.sleep(Thread.java:340)
	at java.util.concurrent.TimeUnit.sleep(TimeUnit.java:386)
	at org.apache.ratis.util.TimeDuration.sleep(TimeDuration.java:324)
	at org.apache.ratis.util.TimeDuration.sleep(TimeDuration.java:309)
	at org.apache.ratis.server.impl.FollowerState.run(FollowerState.java:118)
2022-01-10 13:24:17,834 [grpc-default-executor-1] INFO  server.RaftServer$Division (RaftServerImpl.java:requestVote(1078)) - cd4304a5-ad25-4184-aa9b-9d5680dbb42f@group-A4D2DF4C4470 replies to ELECTION vote request: 4b3c65cf-387e-4213-93df-57198a9c946a<-cd4304a5-ad25-4184-aa9b-9d5680dbb42f#0:FAIL-t3. Peer's state: cd4304a5-ad25-4184-aa9b-9d5680dbb42f@group-A4D2DF4C4470:t3, leader=null, voted=null, raftlog=cd4304a5-ad25-4184-aa9b-9d5680dbb42f@group-A4D2DF4C4470-SegmentedRaftLog:OPENED:c-1, conf=-1: [cd4304a5-ad25-4184-aa9b-9d5680dbb42f|rpc:127.0.0.1:44433|priority:1, 9ca66d1e-a818-43c9-bf62-5187506efa35|rpc:127.0.0.1:42475|priority:0, 4b3c65cf-387e-4213-93df-57198a9c946a|rpc:127.0.0.1:38165|priority:0], old=null
2022-01-10 13:24:17,836 [9ca66d1e-a818-43c9-bf62-5187506efa35@group-A4D2DF4C4470-LeaderElection28] INFO  impl.LeaderElection (LeaderElection.java:logAndReturn(89)) - 9ca66d1e-a818-43c9-bf62-5187506efa35@group-A4D2DF4C4470-LeaderElection28: ELECTION REJECTED received 1 response(s) and 0 exception(s):
2022-01-10 13:24:17,836 [9ca66d1e-a818-43c9-bf62-5187506efa35@group-A4D2DF4C4470-LeaderElection28] INFO  impl.LeaderElection (LeaderElection.java:logAndReturn(93)) -   Response 0: 9ca66d1e-a818-43c9-bf62-5187506efa35<-cd4304a5-ad25-4184-aa9b-9d5680dbb42f#0:FAIL-t3
2022-01-10 13:24:17,836 [9ca66d1e-a818-43c9-bf62-5187506efa35@group-A4D2DF4C4470-LeaderElection28] INFO  impl.LeaderElection (LeaderElection.java:askForVotes(308)) - 9ca66d1e-a818-43c9-bf62-5187506efa35@group-A4D2DF4C4470-LeaderElection28 ELECTION round 0: result REJECTED
2022-01-10 13:24:17,836 [9ca66d1e-a818-43c9-bf62-5187506efa35@group-A4D2DF4C4470-LeaderElection28] INFO  server.RaftServer$Division (RaftServerImpl.java:setRole(290)) - 9ca66d1e-a818-43c9-bf62-5187506efa35@group-A4D2DF4C4470: changes role from CANDIDATE to FOLLOWER at term 3 for REJECTED
2022-01-10 13:24:17,836 [9ca66d1e-a818-43c9-bf62-5187506efa35@group-A4D2DF4C4470-LeaderElection28] INFO  impl.RoleInfo (RoleInfo.java:shutdownLeaderElection(121)) - 9ca66d1e-a818-43c9-bf62-5187506efa35: shutdown 9ca66d1e-a818-43c9-bf62-5187506efa35@group-A4D2DF4C4470-LeaderElection28
2022-01-10 13:24:17,836 [9ca66d1e-a818-43c9-bf62-5187506efa35@group-A4D2DF4C4470-LeaderElection28] INFO  impl.RoleInfo (RoleInfo.java:updateAndGet(130)) - 9ca66d1e-a818-43c9-bf62-5187506efa35: start 9ca66d1e-a818-43c9-bf62-5187506efa35@group-A4D2DF4C4470-FollowerState
2022-01-10 13:24:17,838 [4b3c65cf-387e-4213-93df-57198a9c946a@group-A4D2DF4C4470-LeaderElection29] INFO  impl.LeaderElection (LeaderElection.java:logAndReturn(89)) - 4b3c65cf-387e-4213-93df-57198a9c946a@group-A4D2DF4C4470-LeaderElection29: ELECTION REJECTED received 1 response(s) and 0 exception(s):
2022-01-10 13:24:17,838 [4b3c65cf-387e-4213-93df-57198a9c946a@group-A4D2DF4C4470-LeaderElection29] INFO  impl.LeaderElection (LeaderElection.java:logAndReturn(93)) -   Response 0: 4b3c65cf-387e-4213-93df-57198a9c946a<-cd4304a5-ad25-4184-aa9b-9d5680dbb42f#0:FAIL-t3
2022-01-10 13:24:17,838 [4b3c65cf-387e-4213-93df-57198a9c946a@group-A4D2DF4C4470-LeaderElection29] INFO  impl.LeaderElection (LeaderElection.java:askForVotes(308)) - 4b3c65cf-387e-4213-93df-57198a9c946a@group-A4D2DF4C4470-LeaderElection29 ELECTION round 0: result REJECTED
2022-01-10 13:24:17,838 [4b3c65cf-387e-4213-93df-57198a9c946a@group-A4D2DF4C4470-LeaderElection29] INFO  server.RaftServer$Division (RaftServerImpl.java:setRole(290)) - 4b3c65cf-387e-4213-93df-57198a9c946a@group-A4D2DF4C4470: changes role from CANDIDATE to FOLLOWER at term 3 for REJECTED
2022-01-10 13:24:17,838 [4b3c65cf-387e-4213-93df-57198a9c946a@group-A4D2DF4C4470-LeaderElection29] INFO  impl.RoleInfo (RoleInfo.java:shutdownLeaderElection(121)) - 4b3c65cf-387e-4213-93df-57198a9c946a: shutdown 4b3c65cf-387e-4213-93df-57198a9c946a@group-A4D2DF4C4470-LeaderElection29
2022-01-10 13:24:17,839 [4b3c65cf-387e-4213-93df-57198a9c946a@group-A4D2DF4C4470-LeaderElection29] INFO  impl.RoleInfo (RoleInfo.java:updateAndGet(130)) - 4b3c65cf-387e-4213-93df-57198a9c946a: start 4b3c65cf-387e-4213-93df-57198a9c946a@group-A4D2DF4C4470-FollowerState
2022-01-10 13:24:17,861 [grpc-default-executor-2] INFO  server.RaftServer$Division (RaftServerImpl.java:requestVote(1046)) - 9ca66d1e-a818-43c9-bf62-5187506efa35@group-A4D2DF4C4470: receive requestVote(ELECTION, 4b3c65cf-387e-4213-93df-57198a9c946a, group-A4D2DF4C4470, 3, (t:0, i:0))
2022-01-10 13:24:17,861 [grpc-default-executor-2] INFO  impl.VoteContext (VoteContext.java:log(48)) - 9ca66d1e-a818-43c9-bf62-5187506efa35@group-A4D2DF4C4470-FOLLOWER: reject ELECTION from 4b3c65cf-387e-4213-93df-57198a9c946a: already has voted for 9ca66d1e-a818-43c9-bf62-5187506efa35 at current term 3
2022-01-10 13:24:17,861 [grpc-default-executor-2] INFO  server.RaftServer$Division (RaftServerImpl.java:requestVote(1078)) - 9ca66d1e-a818-43c9-bf62-5187506efa35@group-A4D2DF4C4470 replies to ELECTION vote request: 4b3c65cf-387e-4213-93df-57198a9c946a<-9ca66d1e-a818-43c9-bf62-5187506efa35#0:FAIL-t3. Peer's state: 9ca66d1e-a818-43c9-bf62-5187506efa35@group-A4D2DF4C4470:t3, leader=null, voted=9ca66d1e-a818-43c9-bf62-5187506efa35, raftlog=9ca66d1e-a818-43c9-bf62-5187506efa35@group-A4D2DF4C4470-SegmentedRaftLog:OPENED:c-1, conf=-1: [cd4304a5-ad25-4184-aa9b-9d5680dbb42f|rpc:127.0.0.1:44433|dataStream:|priority:1, 9ca66d1e-a818-43c9-bf62-5187506efa35|rpc:127.0.0.1:42475|dataStream:|priority:0, 4b3c65cf-387e-4213-93df-57198a9c946a|rpc:127.0.0.1:38165|dataStream:|priority:0], old=null
2022-01-10 13:24:17,937 [Listener at 127.0.0.1/11264] INFO  ozone.MiniOzoneClusterImpl (MiniOzoneClusterImpl.java:lambda$waitForClusterToBeReady$0(235)) - Nodes are ready. Got 3 of 3 DN Heartbeats.
2022-01-10 13:24:17,937 [Listener at 127.0.0.1/11264] INFO  ozone.MiniOzoneClusterImpl (MiniOzoneClusterImpl.java:lambda$waitForClusterToBeReady$0(238)) - Cluster exits safe mode
2022-01-10 13:24:17,937 [Listener at 127.0.0.1/11264] INFO  ozone.MiniOzoneClusterImpl (MiniOzoneClusterImpl.java:lambda$waitForClusterToBeReady$0(240)) - SCM became leader
2022-01-10 13:24:17,938 [Listener at 127.0.0.1/11264] INFO  server.StorageContainerManager (StorageContainerManager.java:start(1303)) - StorageContainerLocationProtocol RPC server is listening at /0.0.0.0:12899
2022-01-10 13:24:17,938 [Listener at 127.0.0.1/11264] INFO  ha.SCMRatisServerImpl (SCMRatisServerImpl.java:start(177)) - starting ratis server 0.0.0.0:12896
2022-01-10 13:24:17,938 [Listener at 127.0.0.1/11264] INFO  server.RaftServer$Division (RaftServerImpl.java:start(304)) - 3cceec15-32e1-41e4-89f4-0cb3bb7604e2@group-74F7029FD382: start with initializing state, conf=-1: [], old=null
2022-01-10 13:24:17,938 [Listener at 127.0.0.1/11264] INFO  server.RaftServer$Division (RaftServerImpl.java:setRole(290)) - 3cceec15-32e1-41e4-89f4-0cb3bb7604e2@group-74F7029FD382: changes role from      null to FOLLOWER at term 0 for startInitializing
2022-01-10 13:24:17,938 [Listener at 127.0.0.1/11264] INFO  util.JmxRegister (JmxRegister.java:tryRegister(44)) - Successfully registered JMX Bean with object name Ratis:service=RaftServer,group=group-74F7029FD382,id=3cceec15-32e1-41e4-89f4-0cb3bb7604e2
2022-01-10 13:24:17,942 [Listener at 127.0.0.1/11264] INFO  server.RaftServer (RaftServerProxy.java:lambda$start$5(374)) - 3cceec15-32e1-41e4-89f4-0cb3bb7604e2: start RPC server
2022-01-10 13:24:17,942 [Listener at 127.0.0.1/11264] INFO  server.GrpcService (GrpcService.java:startImpl(253)) - 3cceec15-32e1-41e4-89f4-0cb3bb7604e2: GrpcService started, listening on 12896
2022-01-10 13:24:17,943 [Listener at 127.0.0.1/11264] INFO  ha.SCMNodeInfo (SCMNodeInfo.java:getPort(197)) - ConfigKey ozone.scm.client.address is deprecated, For configuring different ports for each SCM use PortConfigKey ozone.scm.client.port appended with serviceId and nodeId
2022-01-10 13:24:17,943 [Listener at 127.0.0.1/11264] INFO  ha.SCMNodeInfo (SCMNodeInfo.java:getPort(197)) - ConfigKey ozone.scm.block.client.address is deprecated, For configuring different ports for each SCM use PortConfigKey ozone.scm.block.client.port appended with serviceId and nodeId
2022-01-10 13:24:17,943 [Listener at 127.0.0.1/11264] INFO  ha.SCMNodeInfo (SCMNodeInfo.java:getPort(197)) - ConfigKey ozone.scm.datanode.address is deprecated, For configuring different ports for each SCM use PortConfigKey ozone.scm.datanode.port appended with serviceId and nodeId
2022-01-10 13:24:17,943 [Listener at 127.0.0.1/11264] INFO  ha.SCMNodeInfo (SCMNodeInfo.java:getPort(197)) - ConfigKey ozone.scm.client.address is deprecated, For configuring different ports for each SCM use PortConfigKey ozone.scm.client.port appended with serviceId and nodeId
2022-01-10 13:24:17,944 [Listener at 127.0.0.1/11264] INFO  ha.SCMNodeInfo (SCMNodeInfo.java:getPort(197)) - ConfigKey ozone.scm.block.client.address is deprecated, For configuring different ports for each SCM use PortConfigKey ozone.scm.block.client.port appended with serviceId and nodeId
2022-01-10 13:24:17,944 [Listener at 127.0.0.1/11264] INFO  ha.SCMNodeInfo (SCMNodeInfo.java:getPort(197)) - ConfigKey ozone.scm.datanode.address is deprecated, For configuring different ports for each SCM use PortConfigKey ozone.scm.datanode.port appended with serviceId and nodeId
2022-01-10 13:24:17,944 [Listener at 127.0.0.1/11264] INFO  ha.SCMNodeInfo (SCMNodeInfo.java:getPort(197)) - ConfigKey ozone.scm.client.address is deprecated, For configuring different ports for each SCM use PortConfigKey ozone.scm.client.port appended with serviceId and nodeId
2022-01-10 13:24:17,944 [Listener at 127.0.0.1/11264] INFO  ha.SCMNodeInfo (SCMNodeInfo.java:getPort(197)) - ConfigKey ozone.scm.block.client.address is deprecated, For configuring different ports for each SCM use PortConfigKey ozone.scm.block.client.port appended with serviceId and nodeId
2022-01-10 13:24:17,944 [Listener at 127.0.0.1/11264] INFO  ha.SCMNodeInfo (SCMNodeInfo.java:getPort(197)) - ConfigKey ozone.scm.datanode.address is deprecated, For configuring different ports for each SCM use PortConfigKey ozone.scm.datanode.port appended with serviceId and nodeId
2022-01-10 13:24:17,945 [org.apache.ratis.util.JvmPauseMonitor$$Lambda$500/2122256138@a5b556e] INFO  util.JvmPauseMonitor (JvmPauseMonitor.java:run(103)) - JvmPauseMonitor-3cceec15-32e1-41e4-89f4-0cb3bb7604e2: Started
2022-01-10 13:24:17,958 [IPC Server handler 4 on default port 12878] INFO  ha.SCMRatisServerImpl (SCMRatisServerImpl.java:addSCM(291)) - 7fcd8313-8ccc-4d12-b0b9-018c7cf319d8: Submitting SetConfiguration request to Ratis server with new SCM peers list: [7fcd8313-8ccc-4d12-b0b9-018c7cf319d8|rpc:localhost:12876|admin:|client:|dataStream:|priority:0, 494c7a1b-9442-431c-b450-0b8d0617d867|rpc:localhost:12886|priority:0, 3cceec15-32e1-41e4-89f4-0cb3bb7604e2|rpc:localhost:12896|priority:0]
2022-01-10 13:24:17,958 [IPC Server handler 4 on default port 12878] INFO  server.RaftServer$Division (RaftServerImpl.java:setConfigurationAsync(974)) - 7fcd8313-8ccc-4d12-b0b9-018c7cf319d8@group-74F7029FD382: receive setConfiguration SetConfigurationRequest:client-92F825A17E84->7fcd8313-8ccc-4d12-b0b9-018c7cf319d8@group-74F7029FD382, cid=10, seq=0, RW, null, peers:[7fcd8313-8ccc-4d12-b0b9-018c7cf319d8|rpc:localhost:12876|admin:|client:|dataStream:|priority:0, 494c7a1b-9442-431c-b450-0b8d0617d867|rpc:localhost:12886|priority:0, 3cceec15-32e1-41e4-89f4-0cb3bb7604e2|rpc:localhost:12896|priority:0]
2022-01-10 13:24:17,958 [IPC Server handler 4 on default port 12878] INFO  server.RaftServer$Division (LeaderStateImpl.java:startSetConfiguration(358)) - 7fcd8313-8ccc-4d12-b0b9-018c7cf319d8@group-74F7029FD382-LeaderStateImpl: startSetConfiguration SetConfigurationRequest:client-92F825A17E84->7fcd8313-8ccc-4d12-b0b9-018c7cf319d8@group-74F7029FD382, cid=10, seq=0, RW, null, peers:[7fcd8313-8ccc-4d12-b0b9-018c7cf319d8|rpc:localhost:12876|admin:|client:|dataStream:|priority:0, 494c7a1b-9442-431c-b450-0b8d0617d867|rpc:localhost:12886|priority:0, 3cceec15-32e1-41e4-89f4-0cb3bb7604e2|rpc:localhost:12896|priority:0]
2022-01-10 13:24:17,958 [IPC Server handler 4 on default port 12878] INFO  server.RaftServerConfigKeys (ConfUtils.java:logGet(44)) - raft.server.log.appender.snapshot.chunk.size.max = 16MB (=16777216) (default)
2022-01-10 13:24:17,958 [IPC Server handler 4 on default port 12878] INFO  server.RaftServerConfigKeys (ConfUtils.java:logGet(44)) - raft.server.log.appender.buffer.byte-limit = 33554432 (custom)
2022-01-10 13:24:17,958 [IPC Server handler 4 on default port 12878] INFO  server.RaftServerConfigKeys (ConfUtils.java:logGet(44)) - raft.server.log.appender.buffer.element-limit = 1024 (custom)
2022-01-10 13:24:17,961 [IPC Server handler 4 on default port 12878] INFO  grpc.GrpcConfigKeys (ConfUtils.java:logGet(44)) - raft.grpc.server.leader.outstanding.appends.max = 128 (default)
2022-01-10 13:24:17,961 [IPC Server handler 4 on default port 12878] INFO  server.RaftServerConfigKeys (ConfUtils.java:logGet(44)) - raft.server.rpc.request.timeout = 30000ms (custom)
2022-01-10 13:24:17,961 [IPC Server handler 4 on default port 12878] INFO  server.RaftServerConfigKeys (ConfUtils.java:logGet(44)) - raft.server.log.appender.install.snapshot.enabled = false (custom)
2022-01-10 13:24:17,963 [7fcd8313-8ccc-4d12-b0b9-018c7cf319d8@group-74F7029FD382->3cceec15-32e1-41e4-89f4-0cb3bb7604e2-GrpcLogAppender-LogAppenderDaemon] INFO  server.GrpcLogAppender (GrpcLogAppender.java:installSnapshot(550)) - 7fcd8313-8ccc-4d12-b0b9-018c7cf319d8@group-74F7029FD382->3cceec15-32e1-41e4-89f4-0cb3bb7604e2-GrpcLogAppender: followerNextIndex = 0 but logStartIndex = 1, notify follower to install snapshot-(t:2, i:24)
2022-01-10 13:24:17,965 [7fcd8313-8ccc-4d12-b0b9-018c7cf319d8@group-74F7029FD382->3cceec15-32e1-41e4-89f4-0cb3bb7604e2-GrpcLogAppender-LogAppenderDaemon] INFO  server.GrpcLogAppender (GrpcLogAppender.java:installSnapshot(558)) - 7fcd8313-8ccc-4d12-b0b9-018c7cf319d8@group-74F7029FD382->3cceec15-32e1-41e4-89f4-0cb3bb7604e2-GrpcLogAppender: send 7fcd8313-8ccc-4d12-b0b9-018c7cf319d8->3cceec15-32e1-41e4-89f4-0cb3bb7604e2#0-t2,notify:(t:2, i:24)
2022-01-10 13:24:17,981 [grpc-default-executor-2] INFO  server.RaftServer$Division (RaftServerImpl.java:installSnapshot(1332)) - 3cceec15-32e1-41e4-89f4-0cb3bb7604e2@group-74F7029FD382: receive installSnapshot: 7fcd8313-8ccc-4d12-b0b9-018c7cf319d8->3cceec15-32e1-41e4-89f4-0cb3bb7604e2#0-t2,notify:(t:2, i:24)
2022-01-10 13:24:17,983 [grpc-default-executor-2] INFO  ha.SCMStateMachine (SCMStateMachine.java:notifyLeaderChanged(255)) - leader changed, yet current SCM is still follower.
2022-01-10 13:24:17,983 [grpc-default-executor-2] INFO  server.RaftServer$Division (ServerState.java:setLeader(285)) - 3cceec15-32e1-41e4-89f4-0cb3bb7604e2@group-74F7029FD382: change Leader from null to 7fcd8313-8ccc-4d12-b0b9-018c7cf319d8 at term 2 for installSnapshot, leader elected after 24128ms
2022-01-10 13:24:17,983 [grpc-default-executor-2] INFO  server.RaftServer$Division (RaftServerImpl.java:notifyStateMachineToInstallSnapshot(1551)) - 3cceec15-32e1-41e4-89f4-0cb3bb7604e2@group-74F7029FD382: Received notification to install snapshot at index 24
2022-01-10 13:24:17,983 [grpc-default-executor-2] INFO  server.RaftServer$Division (RaftServerImpl.java:notifyStateMachineToInstallSnapshot(1582)) - 3cceec15-32e1-41e4-89f4-0cb3bb7604e2@group-74F7029FD382: notifyInstallSnapshot: nextIndex is 0 but the leader's first available index is 24.
2022-01-10 13:24:17,983 [grpc-default-executor-2] INFO  ha.SCMStateMachine (SCMStateMachine.java:notifyInstallSnapshotFromLeader(219)) - Received install snapshot notification from SCM leader: localhost:12876 with term index: (t:2, i:24)
2022-01-10 13:24:17,989 [pool-264-thread-1] INFO  ha.SCMHAManagerImpl (SCMHAManagerImpl.java:getDBCheckpointFromLeader(206)) - Downloading checkpoint from leader SCM scmNode-1 and reloading state from the checkpoint.
2022-01-10 13:24:18,018 [grpc-default-executor-1] INFO  ha.SCMDBCheckpointProvider (SCMDBCheckpointProvider.java:writeDBCheckPointToSream(48)) - Received request to obtain SCM DB checkpoint snapshot
2022-01-10 13:24:18,026 [grpc-default-executor-1] INFO  db.RDBCheckpointManager (RDBCheckpointManager.java:createCheckpoint(86)) - Created checkpoint at /home/runner/work/ozone/ozone/hadoop-ozone/integration-test/target/test-dir/MiniOzoneClusterImpl-4961146f-9f28-4cba-af76-74f7029fd382/scmNode-1/db.checkpoints/scm.db_checkpoint_1641821058018 in 8 milliseconds
2022-01-10 13:24:18,030 [grpc-default-executor-1] INFO  ha.SCMGrpcOutputStream (SCMGrpcOutputStream.java:close(111)) - Sent 5790 bytes for cluster 4961146f-9f28-4cba-af76-74f7029fd382
2022-01-10 13:24:18,031 [grpc-default-executor-1] INFO  ha.SCMDBCheckpointProvider (SCMDBCheckpointProvider.java:writeDBCheckPointToSream(73)) - Time taken to write the checkpoint to response output stream: 5 milliseconds
2022-01-10 13:24:18,031 [grpc-default-executor-1] INFO  db.RocksDBCheckpoint (RocksDBCheckpoint.java:cleanupCheckpoint(78)) - Cleaning up RocksDB checkpoint at /home/runner/work/ozone/ozone/hadoop-ozone/integration-test/target/test-dir/MiniOzoneClusterImpl-4961146f-9f28-4cba-af76-74f7029fd382/scmNode-1/db.checkpoints/scm.db_checkpoint_1641821058018
2022-01-10 13:24:18,033 [grpc-default-executor-3] INFO  ha.InterSCMGrpcClient (InterSCMGrpcClient.java:onCompleted(173)) - Checkpoint is downloaded to /home/runner/work/ozone/ozone/hadoop-ozone/integration-test/target/test-dir/MiniOzoneClusterImpl-4961146f-9f28-4cba-af76-74f7029fd382/scmNode-3/snapshot/scm.db-scmNode-1-1641821057989.tar.gz
2022-01-10 13:24:18,060 [pool-264-thread-1] INFO  ha.SCMSnapshotProvider (SCMSnapshotProvider.java:getSCMDBSnapshot(131)) - Successfully downloaded latest checkpoint from leader SCM: scmNode-1 path /home/runner/work/ozone/ozone/hadoop-ozone/integration-test/target/test-dir/MiniOzoneClusterImpl-4961146f-9f28-4cba-af76-74f7029fd382/scmNode-3/snapshot/scm.db-scmNode-1-1641821057989
2022-01-10 13:24:18,060 [pool-264-thread-1] INFO  ha.SCMHAManagerImpl (SCMHAManagerImpl.java:downloadCheckpointFromLeader(158)) - Downloaded checkpoint from Leader scmNode-1 to the location /home/runner/work/ozone/ozone/hadoop-ozone/integration-test/target/test-dir/MiniOzoneClusterImpl-4961146f-9f28-4cba-af76-74f7029fd382/scmNode-3/snapshot/scm.db-scmNode-1-1641821057989
2022-01-10 13:24:18,100 [pool-264-thread-1] INFO  ha.SCMHAManagerImpl (SCMHAManagerImpl.java:verifyCheckpointFromLeader(172)) - Installing checkpoint with SCMTransactionInfo 2#24
2022-01-10 13:24:18,100 [pool-264-thread-1] INFO  server.RaftServer$Division (RaftServerImpl.java:lambda$notifyStateMachineToInstallSnapshot$30(1595)) - 3cceec15-32e1-41e4-89f4-0cb3bb7604e2@group-74F7029FD382: StateMachine successfully installed snapshot index 24. Reloading the StateMachine.
2022-01-10 13:24:18,100 [pool-264-thread-1] INFO  segmented.SegmentedRaftLogWorker (SegmentedRaftLogWorker.java:lambda$new$0(133)) - 3cceec15-32e1-41e4-89f4-0cb3bb7604e2@group-74F7029FD382-SegmentedRaftLogWorker: flushIndex: setUnconditionally -1 -> 24
2022-01-10 13:24:18,100 [pool-264-thread-1] INFO  segmented.SegmentedRaftLogWorker (SegmentedRaftLogWorker.java:lambda$new$0(133)) - 3cceec15-32e1-41e4-89f4-0cb3bb7604e2@group-74F7029FD382-SegmentedRaftLogWorker: safeCacheEvictIndex: setUnconditionally -1 -> 24
2022-01-10 13:24:18,100 [pool-264-thread-1] INFO  raftlog.RaftLog (RaftLogBase.java:lambda$new$0(53)) - 3cceec15-32e1-41e4-89f4-0cb3bb7604e2@group-74F7029FD382-SegmentedRaftLog: snapshotIndex: updateIncreasingly -1 -> 24
2022-01-10 13:24:18,100 [grpc-default-executor-2] INFO  server.RaftServer$Division (RaftServerImpl.java:notifyStateMachineToInstallSnapshot(1638)) - 3cceec15-32e1-41e4-89f4-0cb3bb7604e2@group-74F7029FD382: InstallSnapshot notification result: SNAPSHOT_INSTALLED, at index: 24
2022-01-10 13:24:18,101 [grpc-default-executor-2] INFO  server.RaftServer$Division (RaftServerImpl.java:installSnapshotImpl(1462)) - 3cceec15-32e1-41e4-89f4-0cb3bb7604e2@group-74F7029FD382: set new configuration index: 5
configurationEntry {
  peers {
    id: "7fcd8313-8ccc-4d12-b0b9-018c7cf319d8"
    address: "localhost:12876"
  }
  peers {
    id: "494c7a1b-9442-431c-b450-0b8d0617d867"
    address: "localhost:12886"
  }
}
 from snapshot
2022-01-10 13:24:18,101 [grpc-default-executor-2] INFO  server.RaftServer$Division (ServerState.java:setRaftConf(387)) - 3cceec15-32e1-41e4-89f4-0cb3bb7604e2@group-74F7029FD382: set configuration 5: [7fcd8313-8ccc-4d12-b0b9-018c7cf319d8|rpc:localhost:12876|admin:|client:|dataStream:|priority:0, 494c7a1b-9442-431c-b450-0b8d0617d867|rpc:localhost:12886|admin:|client:|dataStream:|priority:0], old=null
2022-01-10 13:24:18,101 [grpc-default-executor-2] INFO  server.RaftServer$Division (RaftServerImpl.java:installSnapshot(1343)) - 3cceec15-32e1-41e4-89f4-0cb3bb7604e2@group-74F7029FD382: reply installSnapshot: 7fcd8313-8ccc-4d12-b0b9-018c7cf319d8<-3cceec15-32e1-41e4-89f4-0cb3bb7604e2#0:FAIL-t0,SNAPSHOT_INSTALLED,snapshotIndex=24
2022-01-10 13:24:18,102 [grpc-default-executor-2] INFO  server.GrpcServerProtocolService (GrpcServerProtocolService.java:onCompleted(140)) - 3cceec15-32e1-41e4-89f4-0cb3bb7604e2: Completed INSTALL_SNAPSHOT, lastRequest: 7fcd8313-8ccc-4d12-b0b9-018c7cf319d8->3cceec15-32e1-41e4-89f4-0cb3bb7604e2#0-t2,notify:(t:2, i:24)
2022-01-10 13:24:18,104 [grpc-default-executor-2] INFO  server.GrpcLogAppender (GrpcLogAppender.java:onNext(410)) - 7fcd8313-8ccc-4d12-b0b9-018c7cf319d8@group-74F7029FD382->3cceec15-32e1-41e4-89f4-0cb3bb7604e2-InstallSnapshotResponseHandler: received the first reply 7fcd8313-8ccc-4d12-b0b9-018c7cf319d8<-3cceec15-32e1-41e4-89f4-0cb3bb7604e2#0:FAIL-t0,SNAPSHOT_INSTALLED,snapshotIndex=24
2022-01-10 13:24:18,104 [grpc-default-executor-2] INFO  server.GrpcLogAppender (GrpcLogAppender.java:onNext(450)) - 7fcd8313-8ccc-4d12-b0b9-018c7cf319d8@group-74F7029FD382->3cceec15-32e1-41e4-89f4-0cb3bb7604e2-InstallSnapshotResponseHandler: Follower installed snapshot at index 24
2022-01-10 13:24:18,104 [grpc-default-executor-2] INFO  leader.FollowerInfo (FollowerInfoImpl.java:lambda$new$0(47)) - 7fcd8313-8ccc-4d12-b0b9-018c7cf319d8@group-74F7029FD382->3cceec15-32e1-41e4-89f4-0cb3bb7604e2: snapshotIndex: setUnconditionally 0 -> 24
2022-01-10 13:24:18,104 [grpc-default-executor-2] INFO  leader.FollowerInfo (FollowerInfoImpl.java:lambda$new$0(47)) - 7fcd8313-8ccc-4d12-b0b9-018c7cf319d8@group-74F7029FD382->3cceec15-32e1-41e4-89f4-0cb3bb7604e2: matchIndex: setUnconditionally 0 -> 24
2022-01-10 13:24:18,104 [grpc-default-executor-2] INFO  leader.FollowerInfo (FollowerInfoImpl.java:lambda$new$0(47)) - 7fcd8313-8ccc-4d12-b0b9-018c7cf319d8@group-74F7029FD382->3cceec15-32e1-41e4-89f4-0cb3bb7604e2: nextIndex: setUnconditionally 0 -> 25
2022-01-10 13:24:18,104 [grpc-default-executor-2] INFO  leader.FollowerInfo (FollowerInfoImpl.java:setAttemptedToInstallSnapshot(116)) - Follower 7fcd8313-8ccc-4d12-b0b9-018c7cf319d8@group-74F7029FD382->3cceec15-32e1-41e4-89f4-0cb3bb7604e2 acknowledged installing snapshot
2022-01-10 13:24:18,104 [grpc-default-executor-2] INFO  leader.FollowerInfo (FollowerInfoImpl.java:lambda$new$0(47)) - 7fcd8313-8ccc-4d12-b0b9-018c7cf319d8@group-74F7029FD382->3cceec15-32e1-41e4-89f4-0cb3bb7604e2: nextIndex: updateToMax old=25, new=25, updated? false
2022-01-10 13:24:18,109 [grpc-default-executor-2] INFO  impl.RoleInfo (RoleInfo.java:updateAndGet(130)) - 3cceec15-32e1-41e4-89f4-0cb3bb7604e2: start 3cceec15-32e1-41e4-89f4-0cb3bb7604e2@group-74F7029FD382-FollowerState
2022-01-10 13:24:18,143 [3cceec15-32e1-41e4-89f4-0cb3bb7604e2@group-74F7029FD382-StateMachineUpdater] INFO  ha.SCMHAManagerImpl (SCMHAManagerImpl.java:installCheckpoint(227)) - Installing checkpoint with SCMTransactionInfo 2#24
2022-01-10 13:24:18,148 [3cceec15-32e1-41e4-89f4-0cb3bb7604e2@group-74F7029FD382-StateMachineUpdater] INFO  ha.SCMHAManagerImpl (SCMHAManagerImpl.java:installCheckpoint(266)) - Replaced DB with checkpoint, term: 2, index: 24
2022-01-10 13:24:18,149 [3cceec15-32e1-41e4-89f4-0cb3bb7604e2@group-74F7029FD382-StateMachineUpdater] WARN  utils.HAUtils (HAUtils.java:getMetaDir(342)) - ozone.scm.db.dirs is not configured. We recommend adding this setting. Falling back to ozone.metadata.dirs instead.
2022-01-10 13:24:18,151 [3cceec15-32e1-41e4-89f4-0cb3bb7604e2@group-74F7029FD382-StateMachineUpdater] WARN  db.DBStoreBuilder (DBStoreBuilder.java:applyDBDefinition(145)) - ozone.scm.db.dirs is not configured. We recommend adding this setting. Falling back to ozone.metadata.dirs instead.
2022-01-10 13:24:18,198 [3cceec15-32e1-41e4-89f4-0cb3bb7604e2@group-74F7029FD382-StateMachineUpdater] INFO  ha.SequenceIdGenerator (SequenceIdGenerator.java:reinitialize(166)) - reinitialize SequenceIdGenerator.
2022-01-10 13:24:18,199 [3cceec15-32e1-41e4-89f4-0cb3bb7604e2@group-74F7029FD382-StateMachineUpdater] INFO  ha.SCMHAManagerImpl (SCMHAManagerImpl.java:installCheckpoint(277)) - Reloaded SCM state with Term: 2 and Index: 24
2022-01-10 13:24:18,201 [3cceec15-32e1-41e4-89f4-0cb3bb7604e2@group-74F7029FD382-StateMachineUpdater] INFO  impl.StateMachineUpdater (StateMachineUpdater.java:lambda$new$0(89)) - 3cceec15-32e1-41e4-89f4-0cb3bb7604e2@group-74F7029FD382-StateMachineUpdater: snapshotIndex: setUnconditionally -1 -> 24
2022-01-10 13:24:18,201 [3cceec15-32e1-41e4-89f4-0cb3bb7604e2@group-74F7029FD382-StateMachineUpdater] INFO  impl.StateMachineUpdater (StateMachineUpdater.java:lambda$new$0(89)) - 3cceec15-32e1-41e4-89f4-0cb3bb7604e2@group-74F7029FD382-StateMachineUpdater: appliedIndex: setUnconditionally -1 -> 24
2022-01-10 13:24:18,316 [Datanode State Machine Daemon Thread] ERROR datanode.RunningDatanodeState (RunningDatanodeState.java:computeNextContainerState(199)) - Error in executing end point task.
java.util.concurrent.ExecutionException: java.util.concurrent.TimeoutException
	at java.util.concurrent.FutureTask.report(FutureTask.java:122)
	at java.util.concurrent.FutureTask.get(FutureTask.java:192)
	at org.apache.hadoop.ozone.container.common.states.datanode.RunningDatanodeState.computeNextContainerState(RunningDatanodeState.java:191)
	at org.apache.hadoop.ozone.container.common.states.datanode.RunningDatanodeState.await(RunningDatanodeState.java:231)
	at org.apache.hadoop.ozone.container.common.states.datanode.RunningDatanodeState.await(RunningDatanodeState.java:50)
	at org.apache.hadoop.ozone.container.common.statemachine.StateContext.execute(StateContext.java:633)
	at org.apache.hadoop.ozone.container.common.statemachine.DatanodeStateMachine.start(DatanodeStateMachine.java:280)
	at org.apache.hadoop.ozone.container.common.statemachine.DatanodeStateMachine.lambda$startDaemon$0(DatanodeStateMachine.java:468)
	at java.lang.Thread.run(Thread.java:748)
Caused by: java.util.concurrent.TimeoutException
	at java.util.concurrent.FutureTask.get(FutureTask.java:205)
	at org.apache.hadoop.ozone.container.common.states.datanode.RunningDatanodeState.lambda$execute$0(RunningDatanodeState.java:149)
	at java.util.concurrent.FutureTask.run(FutureTask.java:266)
	at java.util.concurrent.Executors$RunnableAdapter.call(Executors.java:511)
	at java.util.concurrent.FutureTask.run(FutureTask.java:266)
	at java.util.concurrent.ThreadPoolExecutor.runWorker(ThreadPoolExecutor.java:1149)
	at java.util.concurrent.ThreadPoolExecutor$Worker.run(ThreadPoolExecutor.java:624)
	... 1 more
2022-01-10 13:24:18,649 [EndpointStateMachine task thread for /127.0.0.1:14629 - 0 ] INFO  ipc.Client (Client.java:handleConnectionFailure(977)) - Retrying connect to server: localhost/127.0.0.1:14629. Already tried 0 time(s); retry policy is RetryUpToMaximumCountWithFixedSleep(maxRetries=15, sleepTime=1000 MILLISECONDS)
2022-01-10 13:24:18,655 [Datanode State Machine Daemon Thread] ERROR datanode.RunningDatanodeState (RunningDatanodeState.java:computeNextContainerState(199)) - Error in executing end point task.
java.util.concurrent.ExecutionException: java.util.concurrent.TimeoutException
	at java.util.concurrent.FutureTask.report(FutureTask.java:122)
	at java.util.concurrent.FutureTask.get(FutureTask.java:192)
	at org.apache.hadoop.ozone.container.common.states.datanode.RunningDatanodeState.computeNextContainerState(RunningDatanodeState.java:191)
	at org.apache.hadoop.ozone.container.common.states.datanode.RunningDatanodeState.await(RunningDatanodeState.java:231)
	at org.apache.hadoop.ozone.container.common.states.datanode.RunningDatanodeState.await(RunningDatanodeState.java:50)
	at org.apache.hadoop.ozone.container.common.statemachine.StateContext.execute(StateContext.java:633)
	at org.apache.hadoop.ozone.container.common.statemachine.DatanodeStateMachine.start(DatanodeStateMachine.java:280)
	at org.apache.hadoop.ozone.container.common.statemachine.DatanodeStateMachine.lambda$startDaemon$0(DatanodeStateMachine.java:468)
	at java.lang.Thread.run(Thread.java:748)
Caused by: java.util.concurrent.TimeoutException
	at java.util.concurrent.FutureTask.get(FutureTask.java:205)
	at org.apache.hadoop.ozone.container.common.states.datanode.RunningDatanodeState.lambda$execute$0(RunningDatanodeState.java:149)
	at java.util.concurrent.FutureTask.run(FutureTask.java:266)
	at java.util.concurrent.Executors$RunnableAdapter.call(Executors.java:511)
	at java.util.concurrent.FutureTask.run(FutureTask.java:266)
	at java.util.concurrent.ThreadPoolExecutor.runWorker(ThreadPoolExecutor.java:1149)
	at java.util.concurrent.ThreadPoolExecutor$Worker.run(ThreadPoolExecutor.java:624)
	... 1 more
2022-01-10 13:24:18,655 [EndpointStateMachine task thread for /127.0.0.1:14609 - 0 ] INFO  ipc.Client (Client.java:handleConnectionFailure(977)) - Retrying connect to server: localhost/127.0.0.1:14609. Already tried 3 time(s); retry policy is RetryUpToMaximumCountWithFixedSleep(maxRetries=15, sleepTime=1000 MILLISECONDS)
2022-01-10 13:24:18,655 [EndpointStateMachine task thread for /127.0.0.1:14619 - 0 ] INFO  ipc.Client (Client.java:handleConnectionFailure(977)) - Retrying connect to server: localhost/127.0.0.1:14619. Already tried 0 time(s); retry policy is RetryUpToMaximumCountWithFixedSleep(maxRetries=15, sleepTime=1000 MILLISECONDS)
2022-01-10 13:24:19,649 [EndpointStateMachine task thread for /127.0.0.1:14629 - 0 ] INFO  ipc.Client (Client.java:handleConnectionFailure(977)) - Retrying connect to server: localhost/127.0.0.1:14629. Already tried 1 time(s); retry policy is RetryUpToMaximumCountWithFixedSleep(maxRetries=15, sleepTime=1000 MILLISECONDS)
2022-01-10 13:24:19,658 [Datanode State Machine Daemon Thread] ERROR datanode.RunningDatanodeState (RunningDatanodeState.java:computeNextContainerState(199)) - Error in executing end point task.
java.util.concurrent.ExecutionException: java.util.concurrent.TimeoutException
	at java.util.concurrent.FutureTask.report(FutureTask.java:122)
	at java.util.concurrent.FutureTask.get(FutureTask.java:192)
	at org.apache.hadoop.ozone.container.common.states.datanode.RunningDatanodeState.computeNextContainerState(RunningDatanodeState.java:191)
	at org.apache.hadoop.ozone.container.common.states.datanode.RunningDatanodeState.await(RunningDatanodeState.java:231)
	at org.apache.hadoop.ozone.container.common.states.datanode.RunningDatanodeState.await(RunningDatanodeState.java:50)
	at org.apache.hadoop.ozone.container.common.statemachine.StateContext.execute(StateContext.java:633)
	at org.apache.hadoop.ozone.container.common.statemachine.DatanodeStateMachine.start(DatanodeStateMachine.java:280)
	at org.apache.hadoop.ozone.container.common.statemachine.DatanodeStateMachine.lambda$startDaemon$0(DatanodeStateMachine.java:468)
	at java.lang.Thread.run(Thread.java:748)
Caused by: java.util.concurrent.TimeoutException
	at java.util.concurrent.FutureTask.get(FutureTask.java:205)
	at org.apache.hadoop.ozone.container.common.states.datanode.RunningDatanodeState.lambda$execute$0(RunningDatanodeState.java:149)
	at java.util.concurrent.FutureTask.run(FutureTask.java:266)
	at java.util.concurrent.Executors$RunnableAdapter.call(Executors.java:511)
	at java.util.concurrent.FutureTask.run(FutureTask.java:266)
	at java.util.concurrent.ThreadPoolExecutor.runWorker(ThreadPoolExecutor.java:1149)
	at java.util.concurrent.ThreadPoolExecutor$Worker.run(ThreadPoolExecutor.java:624)
	... 1 more
2022-01-10 13:24:19,659 [EndpointStateMachine task thread for /127.0.0.1:14619 - 0 ] INFO  ipc.Client (Client.java:handleConnectionFailure(977)) - Retrying connect to server: localhost/127.0.0.1:14619. Already tried 1 time(s); retry policy is RetryUpToMaximumCountWithFixedSleep(maxRetries=15, sleepTime=1000 MILLISECONDS)
2022-01-10 13:24:19,659 [EndpointStateMachine task thread for /127.0.0.1:14609 - 0 ] INFO  ipc.Client (Client.java:handleConnectionFailure(977)) - Retrying connect to server: localhost/127.0.0.1:14609. Already tried 4 time(s); retry policy is RetryUpToMaximumCountWithFixedSleep(maxRetries=15, sleepTime=1000 MILLISECONDS)
2022-01-10 13:24:20,650 [EndpointStateMachine task thread for /127.0.0.1:14629 - 0 ] INFO  ipc.Client (Client.java:handleConnectionFailure(977)) - Retrying connect to server: localhost/127.0.0.1:14629. Already tried 2 time(s); retry policy is RetryUpToMaximumCountWithFixedSleep(maxRetries=15, sleepTime=1000 MILLISECONDS)
2022-01-10 13:24:20,660 [EndpointStateMachine task thread for /127.0.0.1:14619 - 0 ] INFO  ipc.Client (Client.java:handleConnectionFailure(977)) - Retrying connect to server: localhost/127.0.0.1:14619. Already tried 2 time(s); retry policy is RetryUpToMaximumCountWithFixedSleep(maxRetries=15, sleepTime=1000 MILLISECONDS)
2022-01-10 13:24:20,661 [EndpointStateMachine task thread for /127.0.0.1:14609 - 0 ] INFO  ipc.Client (Client.java:handleConnectionFailure(977)) - Retrying connect to server: localhost/127.0.0.1:14609. Already tried 5 time(s); retry policy is RetryUpToMaximumCountWithFixedSleep(maxRetries=15, sleepTime=1000 MILLISECONDS)
2022-01-10 13:24:21,651 [EndpointStateMachine task thread for /127.0.0.1:14629 - 0 ] INFO  ipc.Client (Client.java:handleConnectionFailure(977)) - Retrying connect to server: localhost/127.0.0.1:14629. Already tried 3 time(s); retry policy is RetryUpToMaximumCountWithFixedSleep(maxRetries=15, sleepTime=1000 MILLISECONDS)
2022-01-10 13:24:21,659 [Datanode State Machine Daemon Thread] ERROR datanode.RunningDatanodeState (RunningDatanodeState.java:computeNextContainerState(199)) - Error in executing end point task.
java.util.concurrent.ExecutionException: java.util.concurrent.TimeoutException
	at java.util.concurrent.FutureTask.report(FutureTask.java:122)
	at java.util.concurrent.FutureTask.get(FutureTask.java:192)
	at org.apache.hadoop.ozone.container.common.states.datanode.RunningDatanodeState.computeNextContainerState(RunningDatanodeState.java:191)
	at org.apache.hadoop.ozone.container.common.states.datanode.RunningDatanodeState.await(RunningDatanodeState.java:231)
	at org.apache.hadoop.ozone.container.common.states.datanode.RunningDatanodeState.await(RunningDatanodeState.java:50)
	at org.apache.hadoop.ozone.container.common.statemachine.StateContext.execute(StateContext.java:633)
	at org.apache.hadoop.ozone.container.common.statemachine.DatanodeStateMachine.start(DatanodeStateMachine.java:280)
	at org.apache.hadoop.ozone.container.common.statemachine.DatanodeStateMachine.lambda$startDaemon$0(DatanodeStateMachine.java:468)
	at java.lang.Thread.run(Thread.java:748)
Caused by: java.util.concurrent.TimeoutException
	at java.util.concurrent.FutureTask.get(FutureTask.java:205)
	at org.apache.hadoop.ozone.container.common.states.datanode.RunningDatanodeState.lambda$execute$0(RunningDatanodeState.java:149)
	at java.util.concurrent.FutureTask.run(FutureTask.java:266)
	at java.util.concurrent.Executors$RunnableAdapter.call(Executors.java:511)
	at java.util.concurrent.FutureTask.run(FutureTask.java:266)
	at java.util.concurrent.ThreadPoolExecutor.runWorker(ThreadPoolExecutor.java:1149)
	at java.util.concurrent.ThreadPoolExecutor$Worker.run(ThreadPoolExecutor.java:624)
	... 1 more
2022-01-10 13:24:21,661 [EndpointStateMachine task thread for /127.0.0.1:14619 - 0 ] INFO  ipc.Client (Client.java:handleConnectionFailure(977)) - Retrying connect to server: localhost/127.0.0.1:14619. Already tried 3 time(s); retry policy is RetryUpToMaximumCountWithFixedSleep(maxRetries=15, sleepTime=1000 MILLISECONDS)
2022-01-10 13:24:21,661 [EndpointStateMachine task thread for /127.0.0.1:14609 - 0 ] INFO  ipc.Client (Client.java:handleConnectionFailure(977)) - Retrying connect to server: localhost/127.0.0.1:14609. Already tried 6 time(s); retry policy is RetryUpToMaximumCountWithFixedSleep(maxRetries=15, sleepTime=1000 MILLISECONDS)
2022-01-10 13:24:22,318 [Datanode State Machine Daemon Thread] ERROR datanode.RunningDatanodeState (RunningDatanodeState.java:computeNextContainerState(199)) - Error in executing end point task.
java.util.concurrent.ExecutionException: java.util.concurrent.TimeoutException
	at java.util.concurrent.FutureTask.report(FutureTask.java:122)
	at java.util.concurrent.FutureTask.get(FutureTask.java:192)
	at org.apache.hadoop.ozone.container.common.states.datanode.RunningDatanodeState.computeNextContainerState(RunningDatanodeState.java:191)
	at org.apache.hadoop.ozone.container.common.states.datanode.RunningDatanodeState.await(RunningDatanodeState.java:231)
	at org.apache.hadoop.ozone.container.common.states.datanode.RunningDatanodeState.await(RunningDatanodeState.java:50)
	at org.apache.hadoop.ozone.container.common.statemachine.StateContext.execute(StateContext.java:633)
	at org.apache.hadoop.ozone.container.common.statemachine.DatanodeStateMachine.start(DatanodeStateMachine.java:280)
	at org.apache.hadoop.ozone.container.common.statemachine.DatanodeStateMachine.lambda$startDaemon$0(DatanodeStateMachine.java:468)
	at java.lang.Thread.run(Thread.java:748)
Caused by: java.util.concurrent.TimeoutException
	at java.util.concurrent.FutureTask.get(FutureTask.java:205)
	at org.apache.hadoop.ozone.container.common.states.datanode.RunningDatanodeState.lambda$execute$0(RunningDatanodeState.java:149)
	at java.util.concurrent.FutureTask.run(FutureTask.java:266)
	at java.util.concurrent.Executors$RunnableAdapter.call(Executors.java:511)
	at java.util.concurrent.FutureTask.run(FutureTask.java:266)
	at java.util.concurrent.ThreadPoolExecutor.runWorker(ThreadPoolExecutor.java:1149)
	at java.util.concurrent.ThreadPoolExecutor$Worker.run(ThreadPoolExecutor.java:624)
	... 1 more
2022-01-10 13:24:22,651 [EndpointStateMachine task thread for /127.0.0.1:14629 - 0 ] INFO  ipc.Client (Client.java:handleConnectionFailure(977)) - Retrying connect to server: localhost/127.0.0.1:14629. Already tried 4 time(s); retry policy is RetryUpToMaximumCountWithFixedSleep(maxRetries=15, sleepTime=1000 MILLISECONDS)
2022-01-10 13:24:22,654 [Datanode State Machine Daemon Thread] ERROR datanode.RunningDatanodeState (RunningDatanodeState.java:computeNextContainerState(199)) - Error in executing end point task.
java.util.concurrent.ExecutionException: java.util.concurrent.TimeoutException
	at java.util.concurrent.FutureTask.report(FutureTask.java:122)
	at java.util.concurrent.FutureTask.get(FutureTask.java:192)
	at org.apache.hadoop.ozone.container.common.states.datanode.RunningDatanodeState.computeNextContainerState(RunningDatanodeState.java:191)
	at org.apache.hadoop.ozone.container.common.states.datanode.RunningDatanodeState.await(RunningDatanodeState.java:231)
	at org.apache.hadoop.ozone.container.common.states.datanode.RunningDatanodeState.await(RunningDatanodeState.java:50)
	at org.apache.hadoop.ozone.container.common.statemachine.StateContext.execute(StateContext.java:633)
	at org.apache.hadoop.ozone.container.common.statemachine.DatanodeStateMachine.start(DatanodeStateMachine.java:280)
	at org.apache.hadoop.ozone.container.common.statemachine.DatanodeStateMachine.lambda$startDaemon$0(DatanodeStateMachine.java:468)
	at java.lang.Thread.run(Thread.java:748)
Caused by: java.util.concurrent.TimeoutException
	at java.util.concurrent.FutureTask.get(FutureTask.java:205)
	at org.apache.hadoop.ozone.container.common.states.datanode.RunningDatanodeState.lambda$execute$0(RunningDatanodeState.java:149)
	at java.util.concurrent.FutureTask.run(FutureTask.java:266)
	at java.util.concurrent.Executors$RunnableAdapter.call(Executors.java:511)
	at java.util.concurrent.FutureTask.run(FutureTask.java:266)
	at java.util.concurrent.ThreadPoolExecutor.runWorker(ThreadPoolExecutor.java:1149)
	at java.util.concurrent.ThreadPoolExecutor$Worker.run(ThreadPoolExecutor.java:624)
	... 1 more
2022-01-10 13:24:22,662 [EndpointStateMachine task thread for /127.0.0.1:14619 - 0 ] INFO  ipc.Client (Client.java:handleConnectionFailure(977)) - Retrying connect to server: localhost/127.0.0.1:14619. Already tried 4 time(s); retry policy is RetryUpToMaximumCountWithFixedSleep(maxRetries=15, sleepTime=1000 MILLISECONDS)
2022-01-10 13:24:22,662 [EndpointStateMachine task thread for /127.0.0.1:14609 - 0 ] INFO  ipc.Client (Client.java:handleConnectionFailure(977)) - Retrying connect to server: localhost/127.0.0.1:14609. Already tried 7 time(s); retry policy is RetryUpToMaximumCountWithFixedSleep(maxRetries=15, sleepTime=1000 MILLISECONDS)
2022-01-10 13:24:22,890 [7fcd8313-8ccc-4d12-b0b9-018c7cf319d8@group-74F7029FD382-LeaderStateImpl] INFO  server.RaftServer$Division (ServerState.java:setRaftConf(387)) - 7fcd8313-8ccc-4d12-b0b9-018c7cf319d8@group-74F7029FD382: set configuration 25: [7fcd8313-8ccc-4d12-b0b9-018c7cf319d8|rpc:localhost:12876|admin:|client:|dataStream:|priority:0, 3cceec15-32e1-41e4-89f4-0cb3bb7604e2|rpc:localhost:12896|priority:0, 494c7a1b-9442-431c-b450-0b8d0617d867|rpc:localhost:12886|priority:0], old=[7fcd8313-8ccc-4d12-b0b9-018c7cf319d8|rpc:localhost:12876|admin:|client:|dataStream:|priority:0, 494c7a1b-9442-431c-b450-0b8d0617d867|rpc:localhost:12886|priority:0]
2022-01-10 13:24:22,892 [grpc-default-executor-3] INFO  server.RaftServer$Division (ServerState.java:setRaftConf(387)) - 494c7a1b-9442-431c-b450-0b8d0617d867@group-74F7029FD382: set configuration 25: [7fcd8313-8ccc-4d12-b0b9-018c7cf319d8|rpc:localhost:12876|admin:|client:|dataStream:|priority:0, 3cceec15-32e1-41e4-89f4-0cb3bb7604e2|rpc:localhost:12896|admin:|client:|dataStream:|priority:0, 494c7a1b-9442-431c-b450-0b8d0617d867|rpc:localhost:12886|admin:|client:|dataStream:|priority:0], old=[7fcd8313-8ccc-4d12-b0b9-018c7cf319d8|rpc:localhost:12876|admin:|client:|dataStream:|priority:0, 494c7a1b-9442-431c-b450-0b8d0617d867|rpc:localhost:12886|admin:|client:|dataStream:|priority:0]
2022-01-10 13:24:22,897 [grpc-default-executor-3] INFO  server.RaftServer$Division (ServerState.java:setRaftConf(387)) - 3cceec15-32e1-41e4-89f4-0cb3bb7604e2@group-74F7029FD382: set configuration 25: [7fcd8313-8ccc-4d12-b0b9-018c7cf319d8|rpc:localhost:12876|admin:|client:|dataStream:|priority:0, 3cceec15-32e1-41e4-89f4-0cb3bb7604e2|rpc:localhost:12896|admin:|client:|dataStream:|priority:0, 494c7a1b-9442-431c-b450-0b8d0617d867|rpc:localhost:12886|admin:|client:|dataStream:|priority:0], old=[7fcd8313-8ccc-4d12-b0b9-018c7cf319d8|rpc:localhost:12876|admin:|client:|dataStream:|priority:0, 494c7a1b-9442-431c-b450-0b8d0617d867|rpc:localhost:12886|admin:|client:|dataStream:|priority:0]
2022-01-10 13:24:22,898 [grpc-default-executor-3] INFO  segmented.SegmentedRaftLogWorker (SegmentedRaftLogWorker.java:startLogSegment(394)) - 3cceec15-32e1-41e4-89f4-0cb3bb7604e2@group-74F7029FD382-SegmentedRaftLogWorker: Starting segment from index:25
2022-01-10 13:24:22,907 [7fcd8313-8ccc-4d12-b0b9-018c7cf319d8@group-74F7029FD382-LeaderStateImpl] INFO  server.RaftServer$Division (ServerState.java:setRaftConf(387)) - 7fcd8313-8ccc-4d12-b0b9-018c7cf319d8@group-74F7029FD382: set configuration 27: [7fcd8313-8ccc-4d12-b0b9-018c7cf319d8|rpc:localhost:12876|admin:|client:|dataStream:|priority:0, 3cceec15-32e1-41e4-89f4-0cb3bb7604e2|rpc:localhost:12896|priority:0, 494c7a1b-9442-431c-b450-0b8d0617d867|rpc:localhost:12886|priority:0], old=null
2022-01-10 13:24:22,907 [7fcd8313-8ccc-4d12-b0b9-018c7cf319d8@group-74F7029FD382-StateMachineUpdater] INFO  ha.SCMStateMachine (SCMStateMachine.java:takeSnapshot(297)) - Current Snapshot Index 25, takeSnapshot took 0 ms
2022-01-10 13:24:22,907 [7fcd8313-8ccc-4d12-b0b9-018c7cf319d8@group-74F7029FD382-StateMachineUpdater] INFO  impl.StateMachineUpdater (StateMachineUpdater.java:takeSnapshot(281)) - 7fcd8313-8ccc-4d12-b0b9-018c7cf319d8@group-74F7029FD382-StateMachineUpdater: Took a snapshot at index 25
2022-01-10 13:24:22,908 [7fcd8313-8ccc-4d12-b0b9-018c7cf319d8@group-74F7029FD382-StateMachineUpdater] INFO  impl.StateMachineUpdater (StateMachineUpdater.java:lambda$new$0(89)) - 7fcd8313-8ccc-4d12-b0b9-018c7cf319d8@group-74F7029FD382-StateMachineUpdater: snapshotIndex: updateIncreasingly 20 -> 25
2022-01-10 13:24:22,908 [7fcd8313-8ccc-4d12-b0b9-018c7cf319d8@group-74F7029FD382-StateMachineUpdater] INFO  raftlog.RaftLog (RaftLogBase.java:purge(306)) - 7fcd8313-8ccc-4d12-b0b9-018c7cf319d8@group-74F7029FD382-SegmentedRaftLog: purge 25
2022-01-10 13:24:22,908 [7fcd8313-8ccc-4d12-b0b9-018c7cf319d8@group-74F7029FD382-StateMachineUpdater] INFO  raftlog.RaftLog (RaftLogBase.java:lambda$new$0(53)) - 7fcd8313-8ccc-4d12-b0b9-018c7cf319d8@group-74F7029FD382-SegmentedRaftLog: snapshotIndex: updateIncreasingly 20 -> 25
2022-01-10 13:24:22,908 [7fcd8313-8ccc-4d12-b0b9-018c7cf319d8@group-74F7029FD382-StateMachineUpdater] INFO  raftlog.RaftLog (RaftLogBase.java:lambda$new$0(53)) - 7fcd8313-8ccc-4d12-b0b9-018c7cf319d8@group-74F7029FD382-SegmentedRaftLog: purgeIndex: updateToMax old=20, new=25, updated? true
2022-01-10 13:24:22,910 [grpc-default-executor-2] INFO  server.RaftServer$Division (ServerState.java:setRaftConf(387)) - 3cceec15-32e1-41e4-89f4-0cb3bb7604e2@group-74F7029FD382: set configuration 27: [7fcd8313-8ccc-4d12-b0b9-018c7cf319d8|rpc:localhost:12876|admin:|client:|dataStream:|priority:0, 3cceec15-32e1-41e4-89f4-0cb3bb7604e2|rpc:localhost:12896|admin:|client:|dataStream:|priority:0, 494c7a1b-9442-431c-b450-0b8d0617d867|rpc:localhost:12886|admin:|client:|dataStream:|priority:0], old=null
2022-01-10 13:24:22,911 [grpc-default-executor-3] INFO  server.RaftServer$Division (ServerState.java:setRaftConf(387)) - 494c7a1b-9442-431c-b450-0b8d0617d867@group-74F7029FD382: set configuration 27: [7fcd8313-8ccc-4d12-b0b9-018c7cf319d8|rpc:localhost:12876|admin:|client:|dataStream:|priority:0, 3cceec15-32e1-41e4-89f4-0cb3bb7604e2|rpc:localhost:12896|admin:|client:|dataStream:|priority:0, 494c7a1b-9442-431c-b450-0b8d0617d867|rpc:localhost:12886|admin:|client:|dataStream:|priority:0], old=null
2022-01-10 13:24:22,912 [3cceec15-32e1-41e4-89f4-0cb3bb7604e2@group-74F7029FD382-SegmentedRaftLogWorker] INFO  segmented.SegmentedRaftLogWorker (SegmentedRaftLogWorker.java:execute(601)) - 3cceec15-32e1-41e4-89f4-0cb3bb7604e2@group-74F7029FD382-SegmentedRaftLogWorker: created new log segment /home/runner/work/ozone/ozone/hadoop-ozone/integration-test/target/test-dir/MiniOzoneClusterImpl-4961146f-9f28-4cba-af76-74f7029fd382/scmNode-3/scm-ha/4961146f-9f28-4cba-af76-74f7029fd382/current/log_inprogress_25
2022-01-10 13:24:22,914 [IPC Server handler 4 on default port 12878] INFO  ha.SCMRatisServerImpl (SCMRatisServerImpl.java:addSCM(302)) - Successfully added new SCM: 3cceec15-32e1-41e4-89f4-0cb3bb7604e2.
2022-01-10 13:24:22,914 [Listener at 127.0.0.1/11264] INFO  ha.SCMHAManagerImpl (SCMHAManagerImpl.java:start(116)) - Successfully added SCM scmNode-3 to group group-74F7029FD382:[7fcd8313-8ccc-4d12-b0b9-018c7cf319d8|rpc:localhost:12876|admin:|client:|dataStream:|priority:0, 3cceec15-32e1-41e4-89f4-0cb3bb7604e2|rpc:localhost:12896|admin:|client:|dataStream:|priority:0, 494c7a1b-9442-431c-b450-0b8d0617d867|rpc:localhost:12886|admin:|client:|dataStream:|priority:0]
2022-01-10 13:24:22,915 [Listener at 127.0.0.1/11264] INFO  ha.InterSCMGrpcService (InterSCMGrpcProtocolService.java:start(94)) - Starting SCM Grpc Service at port 12900
2022-01-10 13:24:22,915 [Listener at 127.0.0.1/11264] INFO  impl.MetricsSystemImpl (MetricsSystemImpl.java:init(158)) - StorageContainerManager metrics system started (again)
2022-01-10 13:24:22,933 [3cceec15-32e1-41e4-89f4-0cb3bb7604e2@group-74F7029FD382-StateMachineUpdater] INFO  safemode.HealthyPipelineSafeModeRule (HealthyPipelineSafeModeRule.java:initializeRule(152)) - Refreshed total pipeline count is 1, healthy pipeline threshold count is 1
2022-01-10 13:24:22,933 [3cceec15-32e1-41e4-89f4-0cb3bb7604e2@group-74F7029FD382-StateMachineUpdater] INFO  safemode.ContainerSafeModeRule (ContainerSafeModeRule.java:reInitializeRule(177)) - Refreshed one replica container threshold 0, currentThreshold 0
2022-01-10 13:24:22,933 [3cceec15-32e1-41e4-89f4-0cb3bb7604e2@group-74F7029FD382-StateMachineUpdater] INFO  safemode.OneReplicaPipelineSafeModeRule (OneReplicaPipelineSafeModeRule.java:initializeRule(176)) - Refreshed Total pipeline count is 1, pipeline's with at least one datanode reported threshold count is 1
2022-01-10 13:24:22,933 [3cceec15-32e1-41e4-89f4-0cb3bb7604e2@group-74F7029FD382-StateMachineUpdater] INFO  server.SCMDatanodeProtocolServer (SCMDatanodeProtocolServer.java:start(181)) - ScmDatanodeProtocol RPC server for DataNodes is listening at /0.0.0.0:12897
2022-01-10 13:24:22,949 [Listener at 127.0.0.1/11264] INFO  server.SCMClientProtocolServer (SCMClientProtocolServer.java:start(164)) - RPC server for Client  is listening at /0.0.0.0:12899
2022-01-10 13:24:22,951 [IPC Server Responder] INFO  ipc.Server (Server.java:run(1507)) - IPC Server Responder: starting
2022-01-10 13:24:22,951 [IPC Server listener on 12899] INFO  ipc.Server (Server.java:run(1344)) - IPC Server listener on 12899: starting
2022-01-10 13:24:22,964 [IPC Server listener on 12897] INFO  ipc.Server (Server.java:run(1344)) - IPC Server listener on 12897: starting
2022-01-10 13:24:22,976 [Listener at 127.0.0.1/11264] INFO  server.StorageContainerManager (StorageContainerManager.java:start(1318)) - ScmBlockLocationProtocol RPC server is listening at /0.0.0.0:12898
2022-01-10 13:24:22,981 [IPC Server Responder] INFO  ipc.Server (Server.java:run(1507)) - IPC Server Responder: starting
2022-01-10 13:24:22,981 [Listener at 127.0.0.1/11264] INFO  server.SCMBlockProtocolServer (SCMBlockProtocolServer.java:start(151)) - RPC server for Block Protocol is listening at /0.0.0.0:12898
2022-01-10 13:24:22,984 [IPC Server Responder] INFO  ipc.Server (Server.java:run(1507)) - IPC Server Responder: starting
2022-01-10 13:24:22,997 [IPC Server listener on 12898] INFO  ipc.Server (Server.java:run(1344)) - IPC Server listener on 12898: starting
2022-01-10 13:24:23,006 [4b3c65cf-387e-4213-93df-57198a9c946a@group-A4D2DF4C4470-FollowerState] INFO  impl.FollowerState (FollowerState.java:run(134)) - 4b3c65cf-387e-4213-93df-57198a9c946a@group-A4D2DF4C4470-FollowerState: change to CANDIDATE, lastRpcElapsedTime:5167965246ns, electionTimeout:5144ms
2022-01-10 13:24:23,007 [4b3c65cf-387e-4213-93df-57198a9c946a@group-A4D2DF4C4470-FollowerState] INFO  impl.RoleInfo (RoleInfo.java:shutdownFollowerState(108)) - 4b3c65cf-387e-4213-93df-57198a9c946a: shutdown 4b3c65cf-387e-4213-93df-57198a9c946a@group-A4D2DF4C4470-FollowerState
2022-01-10 13:24:23,007 [4b3c65cf-387e-4213-93df-57198a9c946a@group-A4D2DF4C4470-FollowerState] INFO  server.RaftServer$Division (RaftServerImpl.java:setRole(290)) - 4b3c65cf-387e-4213-93df-57198a9c946a@group-A4D2DF4C4470: changes role from  FOLLOWER to CANDIDATE at term 3 for changeToCandidate
2022-01-10 13:24:23,007 [4b3c65cf-387e-4213-93df-57198a9c946a@group-A4D2DF4C4470-FollowerState] INFO  server.RaftServerConfigKeys (ConfUtils.java:logGet(44)) - raft.server.leaderelection.pre-vote = false (custom)
2022-01-10 13:24:23,007 [4b3c65cf-387e-4213-93df-57198a9c946a@group-A4D2DF4C4470-FollowerState] INFO  impl.RoleInfo (RoleInfo.java:updateAndGet(130)) - 4b3c65cf-387e-4213-93df-57198a9c946a: start 4b3c65cf-387e-4213-93df-57198a9c946a@group-A4D2DF4C4470-LeaderElection30
2022-01-10 13:24:23,015 [9ca66d1e-a818-43c9-bf62-5187506efa35@group-A4D2DF4C4470-FollowerState] INFO  impl.FollowerState (FollowerState.java:run(134)) - 9ca66d1e-a818-43c9-bf62-5187506efa35@group-A4D2DF4C4470-FollowerState: change to CANDIDATE, lastRpcElapsedTime:5179110833ns, electionTimeout:5153ms
2022-01-10 13:24:23,016 [9ca66d1e-a818-43c9-bf62-5187506efa35@group-A4D2DF4C4470-FollowerState] INFO  impl.RoleInfo (RoleInfo.java:shutdownFollowerState(108)) - 9ca66d1e-a818-43c9-bf62-5187506efa35: shutdown 9ca66d1e-a818-43c9-bf62-5187506efa35@group-A4D2DF4C4470-FollowerState
2022-01-10 13:24:23,016 [9ca66d1e-a818-43c9-bf62-5187506efa35@group-A4D2DF4C4470-FollowerState] INFO  server.RaftServer$Division (RaftServerImpl.java:setRole(290)) - 9ca66d1e-a818-43c9-bf62-5187506efa35@group-A4D2DF4C4470: changes role from  FOLLOWER to CANDIDATE at term 3 for changeToCandidate
2022-01-10 13:24:23,018 [cd4304a5-ad25-4184-aa9b-9d5680dbb42f@group-A4D2DF4C4470-FollowerState] INFO  impl.FollowerState (FollowerState.java:run(134)) - cd4304a5-ad25-4184-aa9b-9d5680dbb42f@group-A4D2DF4C4470-FollowerState: change to CANDIDATE, lastRpcElapsedTime:5192428436ns, electionTimeout:5169ms
2022-01-10 13:24:23,018 [cd4304a5-ad25-4184-aa9b-9d5680dbb42f@group-A4D2DF4C4470-FollowerState] INFO  impl.RoleInfo (RoleInfo.java:shutdownFollowerState(108)) - cd4304a5-ad25-4184-aa9b-9d5680dbb42f: shutdown cd4304a5-ad25-4184-aa9b-9d5680dbb42f@group-A4D2DF4C4470-FollowerState
2022-01-10 13:24:23,018 [cd4304a5-ad25-4184-aa9b-9d5680dbb42f@group-A4D2DF4C4470-FollowerState] INFO  server.RaftServer$Division (RaftServerImpl.java:setRole(290)) - cd4304a5-ad25-4184-aa9b-9d5680dbb42f@group-A4D2DF4C4470: changes role from  FOLLOWER to CANDIDATE at term 3 for changeToCandidate
2022-01-10 13:24:23,049 [cd4304a5-ad25-4184-aa9b-9d5680dbb42f@group-A4D2DF4C4470-FollowerState] INFO  server.RaftServerConfigKeys (ConfUtils.java:logGet(44)) - raft.server.leaderelection.pre-vote = false (custom)
2022-01-10 13:24:23,049 [cd4304a5-ad25-4184-aa9b-9d5680dbb42f@group-A4D2DF4C4470-FollowerState] INFO  impl.RoleInfo (RoleInfo.java:updateAndGet(130)) - cd4304a5-ad25-4184-aa9b-9d5680dbb42f: start cd4304a5-ad25-4184-aa9b-9d5680dbb42f@group-A4D2DF4C4470-LeaderElection32
2022-01-10 13:24:23,049 [9ca66d1e-a818-43c9-bf62-5187506efa35@group-A4D2DF4C4470-FollowerState] INFO  server.RaftServerConfigKeys (ConfUtils.java:logGet(44)) - raft.server.leaderelection.pre-vote = false (custom)
2022-01-10 13:24:23,049 [9ca66d1e-a818-43c9-bf62-5187506efa35@group-A4D2DF4C4470-FollowerState] INFO  impl.RoleInfo (RoleInfo.java:updateAndGet(130)) - 9ca66d1e-a818-43c9-bf62-5187506efa35: start 9ca66d1e-a818-43c9-bf62-5187506efa35@group-A4D2DF4C4470-LeaderElection31
2022-01-10 13:24:23,050 [Listener at 127.0.0.1/11264] INFO  http.BaseHttpServer (BaseHttpServer.java:newHttpServer2BuilderForOzone(209)) - Starting Web-server for scm at: http://0.0.0.0:12894
2022-01-10 13:24:23,050 [Listener at 127.0.0.1/11264] INFO  http.BaseHttpServer (BaseHttpServer.java:<init>(107)) - Hadoop Security Enabled: false Ozone Security Enabled: false Ozone HTTP Security Enabled: false 
2022-01-10 13:24:23,051 [Listener at 127.0.0.1/11264] INFO  server.AuthenticationFilter (AuthenticationFilter.java:constructSecretProvider(240)) - Unable to initialize FileSignerSecretProvider, falling back to use random secrets.
2022-01-10 13:24:23,056 [org.apache.hadoop.util.JvmPauseMonitor$Monitor@409d41ed] INFO  util.JvmPauseMonitor (JvmPauseMonitor.java:run(188)) - Starting JVM pause monitor
2022-01-10 13:24:23,063 [4b3c65cf-387e-4213-93df-57198a9c946a@group-A4D2DF4C4470-LeaderElection30] INFO  impl.LeaderElection (LeaderElection.java:askForVotes(306)) - 4b3c65cf-387e-4213-93df-57198a9c946a@group-A4D2DF4C4470-LeaderElection30 ELECTION round 0: submit vote requests at term 4 for -1: [cd4304a5-ad25-4184-aa9b-9d5680dbb42f|rpc:127.0.0.1:44433|priority:1, 9ca66d1e-a818-43c9-bf62-5187506efa35|rpc:127.0.0.1:42475|priority:0, 4b3c65cf-387e-4213-93df-57198a9c946a|rpc:127.0.0.1:38165|priority:0], old=null
2022-01-10 13:24:23,063 [Listener at 127.0.0.1/11264] WARN  http.HttpRequestLog (HttpRequestLog.java:getRequestLog(103)) - Jetty request log can only be enabled using Log4j
2022-01-10 13:24:23,064 [Listener at 127.0.0.1/11264] INFO  http.HttpServer2 (HttpServer2.java:addGlobalFilter(1030)) - Added global filter 'safety' (class=org.apache.hadoop.hdds.server.http.HttpServer2$QuotingInputFilter)
2022-01-10 13:24:23,065 [Listener at 127.0.0.1/11264] INFO  http.HttpServer2 (HttpServer2.java:addFilter(1006)) - Added filter static_user_filter (class=org.apache.hadoop.http.lib.StaticUserWebFilter$StaticUserFilter) to context scm
2022-01-10 13:24:23,065 [Listener at 127.0.0.1/11264] INFO  http.HttpServer2 (HttpServer2.java:addFilter(1014)) - Added filter static_user_filter (class=org.apache.hadoop.http.lib.StaticUserWebFilter$StaticUserFilter) to context static
2022-01-10 13:24:23,065 [Listener at 127.0.0.1/11264] INFO  http.HttpServer2 (HttpServer2.java:addFilter(1014)) - Added filter static_user_filter (class=org.apache.hadoop.http.lib.StaticUserWebFilter$StaticUserFilter) to context logs
2022-01-10 13:24:23,066 [Listener at 127.0.0.1/11264] INFO  http.HttpServer2 (HttpServer2.java:bindListener(1249)) - Jetty bound to port 12894
2022-01-10 13:24:23,066 [Listener at 127.0.0.1/11264] INFO  server.Server (Server.java:doStart(375)) - jetty-9.4.43.v20210629; built: 2021-06-30T11:07:22.254Z; git: 526006ecfa3af7f1a27ef3a288e2bef7ea9dd7e8; jvm 1.8.0_292-b10
2022-01-10 13:24:23,067 [cd4304a5-ad25-4184-aa9b-9d5680dbb42f@group-A4D2DF4C4470-LeaderElection32] INFO  impl.LeaderElection (LeaderElection.java:askForVotes(306)) - cd4304a5-ad25-4184-aa9b-9d5680dbb42f@group-A4D2DF4C4470-LeaderElection32 ELECTION round 0: submit vote requests at term 4 for -1: [cd4304a5-ad25-4184-aa9b-9d5680dbb42f|rpc:127.0.0.1:44433|priority:1, 9ca66d1e-a818-43c9-bf62-5187506efa35|rpc:127.0.0.1:42475|priority:0, 4b3c65cf-387e-4213-93df-57198a9c946a|rpc:127.0.0.1:38165|priority:0], old=null
2022-01-10 13:24:23,084 [grpc-default-executor-3] INFO  server.RaftServer$Division (RaftServerImpl.java:requestVote(1046)) - 9ca66d1e-a818-43c9-bf62-5187506efa35@group-A4D2DF4C4470: receive requestVote(ELECTION, cd4304a5-ad25-4184-aa9b-9d5680dbb42f, group-A4D2DF4C4470, 4, (t:0, i:0))
2022-01-10 13:24:23,084 [grpc-default-executor-3] INFO  impl.VoteContext (VoteContext.java:log(48)) - 9ca66d1e-a818-43c9-bf62-5187506efa35@group-A4D2DF4C4470-CANDIDATE: accept ELECTION from cd4304a5-ad25-4184-aa9b-9d5680dbb42f: our priority 0 <= candidate's priority 1
2022-01-10 13:24:23,084 [grpc-default-executor-3] INFO  server.RaftServer$Division (RaftServerImpl.java:setRole(290)) - 9ca66d1e-a818-43c9-bf62-5187506efa35@group-A4D2DF4C4470: changes role from CANDIDATE to FOLLOWER at term 4 for candidate:cd4304a5-ad25-4184-aa9b-9d5680dbb42f
2022-01-10 13:24:23,084 [grpc-default-executor-3] INFO  impl.RoleInfo (RoleInfo.java:shutdownLeaderElection(121)) - 9ca66d1e-a818-43c9-bf62-5187506efa35: shutdown 9ca66d1e-a818-43c9-bf62-5187506efa35@group-A4D2DF4C4470-LeaderElection31
2022-01-10 13:24:23,085 [Listener at 127.0.0.1/11264] INFO  server.session (DefaultSessionIdManager.java:doStart(334)) - DefaultSessionIdManager workerName=node0
2022-01-10 13:24:23,086 [Listener at 127.0.0.1/11264] INFO  server.session (DefaultSessionIdManager.java:doStart(339)) - No SessionScavenger set, using defaults
2022-01-10 13:24:23,086 [Listener at 127.0.0.1/11264] INFO  server.session (HouseKeeper.java:startScavenging(132)) - node0 Scavenging every 660000ms
2022-01-10 13:24:23,087 [Listener at 127.0.0.1/11264] INFO  handler.ContextHandler (ContextHandler.java:doStart(915)) - Started o.e.j.s.ServletContextHandler@5f3e07b5{logs,/logs,file:///home/runner/work/ozone/ozone/hadoop-ozone/integration-test/target/log,AVAILABLE}
2022-01-10 13:24:23,087 [Listener at 127.0.0.1/11264] INFO  handler.ContextHandler (ContextHandler.java:doStart(915)) - Started o.e.j.s.ServletContextHandler@a56d443{static,/static,file:///home/runner/work/ozone/ozone/hadoop-ozone/integration-test/target/test-classes/webapps/static,AVAILABLE}
2022-01-10 13:24:23,092 [IPC Server handler 1 on default port 12897] INFO  ipc.Server (Server.java:run(1026)) - IPC Server handler 1 on default port 12897: skipped Call#210 Retry#0 org.apache.hadoop.ozone.protocol.StorageContainerDatanodeProtocol.submitRequest from 127.0.0.1:55808
2022-01-10 13:24:23,092 [IPC Server handler 1 on default port 12897] INFO  ipc.Server (Server.java:run(1026)) - IPC Server handler 1 on default port 12897: skipped Call#281 Retry#0 org.apache.hadoop.ozone.protocol.StorageContainerDatanodeProtocol.submitRequest from 127.0.0.1:55912
2022-01-10 13:24:23,092 [IPC Server handler 1 on default port 12897] INFO  ipc.Server (Server.java:run(1026)) - IPC Server handler 1 on default port 12897: skipped Call#316 Retry#0 org.apache.hadoop.ozone.protocol.StorageContainerDatanodeProtocol.submitRequest from 127.0.0.1:55960
2022-01-10 13:24:23,092 [IPC Server handler 3 on default port 12897] INFO  ipc.Server (Server.java:run(1026)) - IPC Server handler 3 on default port 12897: skipped Call#349 Retry#0 org.apache.hadoop.ozone.protocol.StorageContainerDatanodeProtocol.submitRequest from 127.0.0.1:56006
2022-01-10 13:24:23,092 [IPC Server handler 3 on default port 12897] INFO  ipc.Server (Server.java:run(1026)) - IPC Server handler 3 on default port 12897: skipped Call#213 Retry#0 org.apache.hadoop.ozone.protocol.StorageContainerDatanodeProtocol.submitRequest from 127.0.0.1:55808
2022-01-10 13:24:23,092 [IPC Server handler 3 on default port 12897] INFO  ipc.Server (Server.java:run(1026)) - IPC Server handler 3 on default port 12897: skipped Call#238 Retry#0 org.apache.hadoop.ozone.protocol.StorageContainerDatanodeProtocol.submitRequest from 127.0.0.1:55854
2022-01-10 13:24:23,092 [9ca66d1e-a818-43c9-bf62-5187506efa35@group-A4D2DF4C4470-LeaderElection31] INFO  impl.LeaderElection (LeaderElection.java:run(230)) - 9ca66d1e-a818-43c9-bf62-5187506efa35@group-A4D2DF4C4470-LeaderElection31: skip running since this is already CLOSING
2022-01-10 13:24:23,092 [IPC Server handler 2 on default port 12897] INFO  ipc.Server (Server.java:run(1026)) - IPC Server handler 2 on default port 12897: skipped Call#236 Retry#0 org.apache.hadoop.ozone.protocol.StorageContainerDatanodeProtocol.submitRequest from 127.0.0.1:55854
2022-01-10 13:24:23,102 [IPC Server handler 5 on default port 12897] INFO  ipc.Server (Server.java:run(1026)) - IPC Server handler 5 on default port 12897: skipped Call#216 Retry#0 org.apache.hadoop.ozone.protocol.StorageContainerDatanodeProtocol.submitRequest from 127.0.0.1:55808
2022-01-10 13:24:23,102 [IPC Server handler 5 on default port 12897] INFO  ipc.Server (Server.java:run(1026)) - IPC Server handler 5 on default port 12897: skipped Call#237 Retry#0 org.apache.hadoop.ozone.protocol.StorageContainerDatanodeProtocol.submitRequest from 127.0.0.1:55854
2022-01-10 13:24:23,102 [IPC Server handler 5 on default port 12897] INFO  ipc.Server (Server.java:run(1026)) - IPC Server handler 5 on default port 12897: skipped Call#283 Retry#0 org.apache.hadoop.ozone.protocol.StorageContainerDatanodeProtocol.submitRequest from 127.0.0.1:55912
2022-01-10 13:24:23,102 [IPC Server handler 5 on default port 12897] INFO  ipc.Server (Server.java:run(1026)) - IPC Server handler 5 on default port 12897: skipped Call#317 Retry#0 org.apache.hadoop.ozone.protocol.StorageContainerDatanodeProtocol.submitRequest from 127.0.0.1:55960
2022-01-10 13:24:23,102 [IPC Server handler 5 on default port 12897] INFO  ipc.Server (Server.java:run(1026)) - IPC Server handler 5 on default port 12897: skipped Call#351 Retry#0 org.apache.hadoop.ozone.protocol.StorageContainerDatanodeProtocol.submitRequest from 127.0.0.1:56006
2022-01-10 13:24:23,096 [EndpointStateMachine task thread for /127.0.0.1:12897 - 0 ] INFO  ozoneimpl.OzoneContainer (OzoneContainer.java:start(311)) - Ignore. OzoneContainer already started.
2022-01-10 13:24:23,107 [grpc-default-executor-0] INFO  server.RaftServer$Division (RaftServerImpl.java:requestVote(1046)) - 9ca66d1e-a818-43c9-bf62-5187506efa35@group-A4D2DF4C4470: receive requestVote(ELECTION, 4b3c65cf-387e-4213-93df-57198a9c946a, group-A4D2DF4C4470, 4, (t:0, i:0))
2022-01-10 13:24:23,095 [IPC Server handler 0 on default port 12897] INFO  ipc.Server (Server.java:run(1026)) - IPC Server handler 0 on default port 12897: skipped Call#350 Retry#0 org.apache.hadoop.ozone.protocol.StorageContainerDatanodeProtocol.submitRequest from 127.0.0.1:56006
2022-01-10 13:24:23,095 [grpc-default-executor-1] INFO  server.RaftServer$Division (RaftServerImpl.java:requestVote(1046)) - 4b3c65cf-387e-4213-93df-57198a9c946a@group-A4D2DF4C4470: receive requestVote(ELECTION, cd4304a5-ad25-4184-aa9b-9d5680dbb42f, group-A4D2DF4C4470, 4, (t:0, i:0))
2022-01-10 13:24:23,109 [grpc-default-executor-1] INFO  impl.VoteContext (VoteContext.java:log(48)) - 4b3c65cf-387e-4213-93df-57198a9c946a@group-A4D2DF4C4470-CANDIDATE: reject ELECTION from cd4304a5-ad25-4184-aa9b-9d5680dbb42f: already has voted for 4b3c65cf-387e-4213-93df-57198a9c946a at current term 4
2022-01-10 13:24:23,109 [grpc-default-executor-1] INFO  server.RaftServer$Division (RaftServerImpl.java:requestVote(1078)) - 4b3c65cf-387e-4213-93df-57198a9c946a@group-A4D2DF4C4470 replies to ELECTION vote request: cd4304a5-ad25-4184-aa9b-9d5680dbb42f<-4b3c65cf-387e-4213-93df-57198a9c946a#0:FAIL-t4. Peer's state: 4b3c65cf-387e-4213-93df-57198a9c946a@group-A4D2DF4C4470:t4, leader=null, voted=4b3c65cf-387e-4213-93df-57198a9c946a, raftlog=4b3c65cf-387e-4213-93df-57198a9c946a@group-A4D2DF4C4470-SegmentedRaftLog:OPENED:c-1, conf=-1: [cd4304a5-ad25-4184-aa9b-9d5680dbb42f|rpc:127.0.0.1:44433|priority:1, 9ca66d1e-a818-43c9-bf62-5187506efa35|rpc:127.0.0.1:42475|priority:0, 4b3c65cf-387e-4213-93df-57198a9c946a|rpc:127.0.0.1:38165|priority:0], old=null
2022-01-10 13:24:23,094 [grpc-default-executor-2] INFO  server.RaftServer$Division (RaftServerImpl.java:requestVote(1046)) - cd4304a5-ad25-4184-aa9b-9d5680dbb42f@group-A4D2DF4C4470: receive requestVote(ELECTION, 4b3c65cf-387e-4213-93df-57198a9c946a, group-A4D2DF4C4470, 4, (t:0, i:0))
2022-01-10 13:24:23,109 [grpc-default-executor-2] INFO  impl.VoteContext (VoteContext.java:log(48)) - cd4304a5-ad25-4184-aa9b-9d5680dbb42f@group-A4D2DF4C4470-CANDIDATE: reject ELECTION from 4b3c65cf-387e-4213-93df-57198a9c946a: already has voted for cd4304a5-ad25-4184-aa9b-9d5680dbb42f at current term 4
2022-01-10 13:24:23,109 [grpc-default-executor-2] INFO  server.RaftServer$Division (RaftServerImpl.java:requestVote(1078)) - cd4304a5-ad25-4184-aa9b-9d5680dbb42f@group-A4D2DF4C4470 replies to ELECTION vote request: 4b3c65cf-387e-4213-93df-57198a9c946a<-cd4304a5-ad25-4184-aa9b-9d5680dbb42f#0:FAIL-t4. Peer's state: cd4304a5-ad25-4184-aa9b-9d5680dbb42f@group-A4D2DF4C4470:t4, leader=null, voted=cd4304a5-ad25-4184-aa9b-9d5680dbb42f, raftlog=cd4304a5-ad25-4184-aa9b-9d5680dbb42f@group-A4D2DF4C4470-SegmentedRaftLog:OPENED:c-1, conf=-1: [cd4304a5-ad25-4184-aa9b-9d5680dbb42f|rpc:127.0.0.1:44433|priority:1, 9ca66d1e-a818-43c9-bf62-5187506efa35|rpc:127.0.0.1:42475|priority:0, 4b3c65cf-387e-4213-93df-57198a9c946a|rpc:127.0.0.1:38165|priority:0], old=null
2022-01-10 13:24:23,094 [IPC Server handler 4 on default port 12897] INFO  ipc.Server (Server.java:run(1026)) - IPC Server handler 4 on default port 12897: skipped Call#318 Retry#0 org.apache.hadoop.ozone.protocol.StorageContainerDatanodeProtocol.submitRequest from 127.0.0.1:55960
2022-01-10 13:24:23,094 [grpc-default-executor-3] INFO  impl.RoleInfo (RoleInfo.java:updateAndGet(130)) - 9ca66d1e-a818-43c9-bf62-5187506efa35: start 9ca66d1e-a818-43c9-bf62-5187506efa35@group-A4D2DF4C4470-FollowerState
2022-01-10 13:24:23,092 [IPC Server handler 3 on default port 12897] INFO  ipc.Server (Server.java:run(1026)) - IPC Server handler 3 on default port 12897: skipped Call#282 Retry#0 org.apache.hadoop.ozone.protocol.StorageContainerDatanodeProtocol.submitRequest from 127.0.0.1:55912
2022-01-10 13:24:23,112 [EndpointStateMachine task thread for /127.0.0.1:12897 - 0 ] INFO  ozoneimpl.OzoneContainer (OzoneContainer.java:start(311)) - Ignore. OzoneContainer already started.
2022-01-10 13:24:23,107 [Listener at 127.0.0.1/11264] INFO  handler.ContextHandler (ContextHandler.java:doStart(915)) - Started o.e.j.w.WebAppContext@26a1028e{scm,/,file:///home/runner/work/ozone/ozone/hadoop-ozone/integration-test/target/test-classes/webapps/scm/,AVAILABLE}{file:/home/runner/work/ozone/ozone/hadoop-ozone/integration-test/target/test-classes/webapps/scm}
2022-01-10 13:24:23,106 [EndpointStateMachine task thread for /127.0.0.1:12897 - 0 ] INFO  ozoneimpl.OzoneContainer (OzoneContainer.java:start(311)) - Ignore. OzoneContainer already started.
2022-01-10 13:24:23,136 [4b3c65cf-387e-4213-93df-57198a9c946a@group-A4D2DF4C4470-LeaderElection30] INFO  impl.LeaderElection (LeaderElection.java:logAndReturn(89)) - 4b3c65cf-387e-4213-93df-57198a9c946a@group-A4D2DF4C4470-LeaderElection30: ELECTION REJECTED received 1 response(s) and 0 exception(s):
2022-01-10 13:24:23,136 [4b3c65cf-387e-4213-93df-57198a9c946a@group-A4D2DF4C4470-LeaderElection30] INFO  impl.LeaderElection (LeaderElection.java:logAndReturn(93)) -   Response 0: 4b3c65cf-387e-4213-93df-57198a9c946a<-cd4304a5-ad25-4184-aa9b-9d5680dbb42f#0:FAIL-t4
2022-01-10 13:24:23,136 [4b3c65cf-387e-4213-93df-57198a9c946a@group-A4D2DF4C4470-LeaderElection30] INFO  impl.LeaderElection (LeaderElection.java:askForVotes(308)) - 4b3c65cf-387e-4213-93df-57198a9c946a@group-A4D2DF4C4470-LeaderElection30 ELECTION round 0: result REJECTED
2022-01-10 13:24:23,136 [4b3c65cf-387e-4213-93df-57198a9c946a@group-A4D2DF4C4470-LeaderElection30] INFO  server.RaftServer$Division (RaftServerImpl.java:setRole(290)) - 4b3c65cf-387e-4213-93df-57198a9c946a@group-A4D2DF4C4470: changes role from CANDIDATE to FOLLOWER at term 4 for REJECTED
2022-01-10 13:24:23,136 [4b3c65cf-387e-4213-93df-57198a9c946a@group-A4D2DF4C4470-LeaderElection30] INFO  impl.RoleInfo (RoleInfo.java:shutdownLeaderElection(121)) - 4b3c65cf-387e-4213-93df-57198a9c946a: shutdown 4b3c65cf-387e-4213-93df-57198a9c946a@group-A4D2DF4C4470-LeaderElection30
2022-01-10 13:24:23,136 [4b3c65cf-387e-4213-93df-57198a9c946a@group-A4D2DF4C4470-LeaderElection30] INFO  impl.RoleInfo (RoleInfo.java:updateAndGet(130)) - 4b3c65cf-387e-4213-93df-57198a9c946a: start 4b3c65cf-387e-4213-93df-57198a9c946a@group-A4D2DF4C4470-FollowerState
2022-01-10 13:24:23,137 [grpc-default-executor-3] INFO  server.RaftServer$Division (RaftServerImpl.java:requestVote(1078)) - 9ca66d1e-a818-43c9-bf62-5187506efa35@group-A4D2DF4C4470 replies to ELECTION vote request: cd4304a5-ad25-4184-aa9b-9d5680dbb42f<-9ca66d1e-a818-43c9-bf62-5187506efa35#0:OK-t4. Peer's state: 9ca66d1e-a818-43c9-bf62-5187506efa35@group-A4D2DF4C4470:t4, leader=null, voted=cd4304a5-ad25-4184-aa9b-9d5680dbb42f, raftlog=9ca66d1e-a818-43c9-bf62-5187506efa35@group-A4D2DF4C4470-SegmentedRaftLog:OPENED:c-1, conf=-1: [cd4304a5-ad25-4184-aa9b-9d5680dbb42f|rpc:127.0.0.1:44433|dataStream:|priority:1, 9ca66d1e-a818-43c9-bf62-5187506efa35|rpc:127.0.0.1:42475|dataStream:|priority:0, 4b3c65cf-387e-4213-93df-57198a9c946a|rpc:127.0.0.1:38165|dataStream:|priority:0], old=null
2022-01-10 13:24:23,138 [grpc-default-executor-0] INFO  impl.VoteContext (VoteContext.java:log(48)) - 9ca66d1e-a818-43c9-bf62-5187506efa35@group-A4D2DF4C4470-FOLLOWER: reject ELECTION from 4b3c65cf-387e-4213-93df-57198a9c946a: already has voted for cd4304a5-ad25-4184-aa9b-9d5680dbb42f at current term 4
2022-01-10 13:24:23,138 [grpc-default-executor-0] INFO  server.RaftServer$Division (RaftServerImpl.java:requestVote(1078)) - 9ca66d1e-a818-43c9-bf62-5187506efa35@group-A4D2DF4C4470 replies to ELECTION vote request: 4b3c65cf-387e-4213-93df-57198a9c946a<-9ca66d1e-a818-43c9-bf62-5187506efa35#0:FAIL-t4. Peer's state: 9ca66d1e-a818-43c9-bf62-5187506efa35@group-A4D2DF4C4470:t4, leader=null, voted=cd4304a5-ad25-4184-aa9b-9d5680dbb42f, raftlog=9ca66d1e-a818-43c9-bf62-5187506efa35@group-A4D2DF4C4470-SegmentedRaftLog:OPENED:c-1, conf=-1: [cd4304a5-ad25-4184-aa9b-9d5680dbb42f|rpc:127.0.0.1:44433|dataStream:|priority:1, 9ca66d1e-a818-43c9-bf62-5187506efa35|rpc:127.0.0.1:42475|dataStream:|priority:0, 4b3c65cf-387e-4213-93df-57198a9c946a|rpc:127.0.0.1:38165|dataStream:|priority:0], old=null
2022-01-10 13:24:23,139 [cd4304a5-ad25-4184-aa9b-9d5680dbb42f@group-A4D2DF4C4470-LeaderElection32] INFO  impl.LeaderElection (LeaderElection.java:logAndReturn(89)) - cd4304a5-ad25-4184-aa9b-9d5680dbb42f@group-A4D2DF4C4470-LeaderElection32: ELECTION PASSED received 2 response(s) and 0 exception(s):
2022-01-10 13:24:23,139 [cd4304a5-ad25-4184-aa9b-9d5680dbb42f@group-A4D2DF4C4470-LeaderElection32] INFO  impl.LeaderElection (LeaderElection.java:logAndReturn(93)) -   Response 0: cd4304a5-ad25-4184-aa9b-9d5680dbb42f<-4b3c65cf-387e-4213-93df-57198a9c946a#0:FAIL-t4
2022-01-10 13:24:23,139 [cd4304a5-ad25-4184-aa9b-9d5680dbb42f@group-A4D2DF4C4470-LeaderElection32] INFO  impl.LeaderElection (LeaderElection.java:logAndReturn(93)) -   Response 1: cd4304a5-ad25-4184-aa9b-9d5680dbb42f<-9ca66d1e-a818-43c9-bf62-5187506efa35#0:OK-t4
2022-01-10 13:24:23,145 [Listener at 127.0.0.1/11264] INFO  server.AbstractConnector (AbstractConnector.java:doStart(331)) - Started ServerConnector@7856f5e7{HTTP/1.1, (http/1.1)}{0.0.0.0:12894}
2022-01-10 13:24:23,145 [Listener at 127.0.0.1/11264] INFO  server.Server (Server.java:doStart(415)) - Started @118570ms
2022-01-10 13:24:23,145 [Listener at 127.0.0.1/11264] WARN  impl.MetricsSystemImpl (MetricsSystemImpl.java:register(279)) - Sink prometheus already exists!
2022-01-10 13:24:23,146 [Listener at 127.0.0.1/11264] INFO  http.BaseHttpServer (BaseHttpServer.java:updateConnectorAddress(329)) - HTTP server of scm listening at http://0.0.0.0:12894
2022-01-10 13:24:23,146 [Listener at 127.0.0.1/11264] INFO  safemode.SCMSafeModeManager (SCMSafeModeManager.java:exitSafeMode(248)) - SCM exiting safe mode.
2022-01-10 13:24:23,146 [Listener at 127.0.0.1/11264] WARN  events.EventQueue (EventQueue.java:fireEvent(194)) - No event handler registered for event TypedEvent{payloadType=SafeModeStatus, name='Safe mode status'}
2022-01-10 13:24:23,146 [Listener at 127.0.0.1/11264] INFO  ha.SCMContext (SCMContext.java:updateSafeModeStatus(211)) - Update SafeModeStatus from SafeModeStatus{safeModeStatus=true, preCheckPassed=false} to SafeModeStatus{safeModeStatus=false, preCheckPassed=true}.
2022-01-10 13:24:23,152 [cd4304a5-ad25-4184-aa9b-9d5680dbb42f@group-A4D2DF4C4470-LeaderElection32] INFO  impl.LeaderElection (LeaderElection.java:askForVotes(308)) - cd4304a5-ad25-4184-aa9b-9d5680dbb42f@group-A4D2DF4C4470-LeaderElection32 ELECTION round 0: result PASSED
2022-01-10 13:24:23,152 [cd4304a5-ad25-4184-aa9b-9d5680dbb42f@group-A4D2DF4C4470-LeaderElection32] INFO  impl.RoleInfo (RoleInfo.java:shutdownLeaderElection(121)) - cd4304a5-ad25-4184-aa9b-9d5680dbb42f: shutdown cd4304a5-ad25-4184-aa9b-9d5680dbb42f@group-A4D2DF4C4470-LeaderElection32
2022-01-10 13:24:23,152 [cd4304a5-ad25-4184-aa9b-9d5680dbb42f@group-A4D2DF4C4470-LeaderElection32] INFO  server.RaftServer$Division (RaftServerImpl.java:setRole(290)) - cd4304a5-ad25-4184-aa9b-9d5680dbb42f@group-A4D2DF4C4470: changes role from CANDIDATE to LEADER at term 4 for changeToLeader
2022-01-10 13:24:23,152 [cd4304a5-ad25-4184-aa9b-9d5680dbb42f@group-A4D2DF4C4470-LeaderElection32] INFO  ratis.XceiverServerRatis (XceiverServerRatis.java:handleLeaderChangedNotification(866)) - Leader change notification received for group: group-A4D2DF4C4470 with new leaderId: cd4304a5-ad25-4184-aa9b-9d5680dbb42f
2022-01-10 13:24:23,152 [cd4304a5-ad25-4184-aa9b-9d5680dbb42f@group-A4D2DF4C4470-LeaderElection32] INFO  server.RaftServer$Division (ServerState.java:setLeader(285)) - cd4304a5-ad25-4184-aa9b-9d5680dbb42f@group-A4D2DF4C4470: change Leader from null to cd4304a5-ad25-4184-aa9b-9d5680dbb42f at term 4 for becomeLeader, leader elected after 20671ms
2022-01-10 13:24:23,152 [cd4304a5-ad25-4184-aa9b-9d5680dbb42f@group-A4D2DF4C4470-LeaderElection32] INFO  server.RaftServerConfigKeys (ConfUtils.java:logGet(44)) - raft.server.staging.catchup.gap = 1000 (default)
2022-01-10 13:24:23,152 [cd4304a5-ad25-4184-aa9b-9d5680dbb42f@group-A4D2DF4C4470-LeaderElection32] INFO  server.RaftServerConfigKeys (ConfUtils.java:logGet(44)) - raft.server.write.element-limit = 1024 (custom)
2022-01-10 13:24:23,152 [Listener at 127.0.0.1/11264] INFO  db.RDBCheckpointManager (RDBCheckpointManager.java:createCheckpoint(86)) - Created checkpoint at /home/runner/work/ozone/ozone/hadoop-ozone/integration-test/target/test-dir/MiniOzoneClusterImpl-4961146f-9f28-4cba-af76-74f7029fd382/scmNode-1/db.checkpoints/scm.db_checkpoint_1641821063146 in 6 milliseconds
2022-01-10 13:24:23,155 [EventQueue-PipelineReportForPipelineReportHandler] INFO  pipeline.PipelineManagerImpl (PipelineManagerImpl.java:openPipeline(291)) - Pipeline Pipeline[ Id: 85deabe5-ad07-422e-babd-a4d2df4c4470, Nodes: 9ca66d1e-a818-43c9-bf62-5187506efa35{ip: 127.0.0.1, host: localhost, ports: [REPLICATION=37635, RATIS=42475, RATIS_ADMIN=42475, RATIS_SERVER=42475, STANDALONE=35603], networkLocation: /default-rack, certSerialId: null, persistedOpState: IN_SERVICE, persistedOpStateExpiryEpochSec: 0}cd4304a5-ad25-4184-aa9b-9d5680dbb42f{ip: 127.0.0.1, host: localhost, ports: [REPLICATION=36991, RATIS=44433, RATIS_ADMIN=44433, RATIS_SERVER=44433, STANDALONE=35009], networkLocation: /default-rack, certSerialId: null, persistedOpState: IN_SERVICE, persistedOpStateExpiryEpochSec: 0}4b3c65cf-387e-4213-93df-57198a9c946a{ip: 127.0.0.1, host: localhost, ports: [REPLICATION=44073, RATIS=38165, RATIS_ADMIN=38165, RATIS_SERVER=38165, STANDALONE=45653], networkLocation: /default-rack, certSerialId: null, persistedOpState: IN_SERVICE, persistedOpStateExpiryEpochSec: 0}, ReplicationConfig: RATIS/THREE, State:ALLOCATED, leaderId:cd4304a5-ad25-4184-aa9b-9d5680dbb42f, CreationTimestamp2022-01-10T13:24:00.069Z[Etc/UTC]] moved to OPEN state
2022-01-10 13:24:23,155 [IPC Server handler 18 on default port 12897] INFO  net.NetworkTopologyImpl (NetworkTopologyImpl.java:add(112)) - Added a new node: /default-rack/cd4304a5-ad25-4184-aa9b-9d5680dbb42f
2022-01-10 13:24:23,155 [IPC Server handler 18 on default port 12897] INFO  node.SCMNodeManager (SCMNodeManager.java:register(389)) - Registered Data node : cd4304a5-ad25-4184-aa9b-9d5680dbb42f{ip: 127.0.0.1, host: localhost, ports: [REPLICATION=36991, RATIS=44433, RATIS_ADMIN=44433, RATIS_SERVER=44433, STANDALONE=35009], networkLocation: /default-rack, certSerialId: null, persistedOpState: null, persistedOpStateExpiryEpochSec: 0}
2022-01-10 13:24:23,155 [EventQueue-PipelineReportForPipelineReportHandler] INFO  ha.SCMHAInvocationHandler (SCMHAInvocationHandler.java:invokeRatis(113)) - Invoking method public abstract void org.apache.hadoop.hdds.scm.pipeline.PipelineStateManager.updatePipelineState(org.apache.hadoop.hdds.protocol.proto.HddsProtos$PipelineID,org.apache.hadoop.hdds.protocol.proto.HddsProtos$PipelineState) throws java.io.IOException on target org.apache.hadoop.hdds.scm.ha.SCMRatisServerImpl@4124a273, cost 249.702us
2022-01-10 13:24:23,155 [EventQueue-PipelineReportForPipelineReportHandler] INFO  pipeline.PipelineManagerImpl (PipelineManagerImpl.java:openPipeline(291)) - Pipeline Pipeline[ Id: 85deabe5-ad07-422e-babd-a4d2df4c4470, Nodes: 9ca66d1e-a818-43c9-bf62-5187506efa35{ip: 127.0.0.1, host: localhost, ports: [REPLICATION=37635, RATIS=42475, RATIS_ADMIN=42475, RATIS_SERVER=42475, STANDALONE=35603], networkLocation: /default-rack, certSerialId: null, persistedOpState: IN_SERVICE, persistedOpStateExpiryEpochSec: 0}cd4304a5-ad25-4184-aa9b-9d5680dbb42f{ip: 127.0.0.1, host: localhost, ports: [REPLICATION=36991, RATIS=44433, RATIS_ADMIN=44433, RATIS_SERVER=44433, STANDALONE=35009], networkLocation: /default-rack, certSerialId: null, persistedOpState: IN_SERVICE, persistedOpStateExpiryEpochSec: 0}4b3c65cf-387e-4213-93df-57198a9c946a{ip: 127.0.0.1, host: localhost, ports: [REPLICATION=44073, RATIS=38165, RATIS_ADMIN=38165, RATIS_SERVER=38165, STANDALONE=45653], networkLocation: /default-rack, certSerialId: null, persistedOpState: IN_SERVICE, persistedOpStateExpiryEpochSec: 0}, ReplicationConfig: RATIS/THREE, State:ALLOCATED, leaderId:cd4304a5-ad25-4184-aa9b-9d5680dbb42f, CreationTimestamp2022-01-10T13:24:00.069Z[Etc/UTC]] moved to OPEN state
2022-01-10 13:24:23,156 [EventQueue-OpenPipelineForHealthyPipelineSafeModeRule] INFO  safemode.SCMSafeModeManager (HealthyPipelineSafeModeRule.java:process(124)) - SCM in safe mode. Healthy pipelines reported count is 1, required healthy pipeline reported count is 1
2022-01-10 13:24:23,156 [EventQueue-OpenPipelineForHealthyPipelineSafeModeRule] INFO  safemode.SCMSafeModeManager (SCMSafeModeManager.java:validateSafeModeExitRules(204)) - HealthyPipelineSafeModeRule rule is successfully validated
2022-01-10 13:24:23,156 [EventQueue-OpenPipelineForHealthyPipelineSafeModeRule] INFO  safemode.SCMSafeModeManager (SCMSafeModeManager.java:validateSafeModeExitRules(219)) - ScmSafeModeManager, all rules are successfully validated
2022-01-10 13:24:23,156 [EventQueue-OpenPipelineForHealthyPipelineSafeModeRule] INFO  safemode.SCMSafeModeManager (SCMSafeModeManager.java:exitSafeMode(248)) - SCM exiting safe mode.
2022-01-10 13:24:23,156 [EventQueue-OpenPipelineForHealthyPipelineSafeModeRule] WARN  events.EventQueue (EventQueue.java:fireEvent(194)) - No event handler registered for event TypedEvent{payloadType=SafeModeStatus, name='Safe mode status'}
2022-01-10 13:24:23,156 [EventQueue-OpenPipelineForHealthyPipelineSafeModeRule] INFO  ha.SCMContext (SCMContext.java:updateSafeModeStatus(211)) - Update SafeModeStatus from SafeModeStatus{safeModeStatus=true, preCheckPassed=true} to SafeModeStatus{safeModeStatus=false, preCheckPassed=true}.
2022-01-10 13:24:23,152 [cd4304a5-ad25-4184-aa9b-9d5680dbb42f@group-A4D2DF4C4470-LeaderElection32] INFO  server.RaftServerConfigKeys (ConfUtils.java:logGet(44)) - raft.server.write.byte-limit = 1024 M (=1073741824) (custom)
2022-01-10 13:24:23,157 [cd4304a5-ad25-4184-aa9b-9d5680dbb42f@group-A4D2DF4C4470-LeaderElection32] INFO  server.RaftServerConfigKeys (ConfUtils.java:logGet(44)) - raft.server.watch.timeout = 180s (custom)
2022-01-10 13:24:23,157 [cd4304a5-ad25-4184-aa9b-9d5680dbb42f@group-A4D2DF4C4470-LeaderElection32] INFO  server.RaftServerConfigKeys (ConfUtils.java:logGet(44)) - raft.server.watch.timeout.denomination = 1s (default)
2022-01-10 13:24:23,157 [cd4304a5-ad25-4184-aa9b-9d5680dbb42f@group-A4D2DF4C4470-LeaderElection32] INFO  server.RaftServerConfigKeys (ConfUtils.java:logGet(44)) - raft.server.watch.element-limit = 65536 (default)
2022-01-10 13:24:23,157 [cd4304a5-ad25-4184-aa9b-9d5680dbb42f@group-A4D2DF4C4470-LeaderElection32] INFO  server.RaftServerConfigKeys (ConfUtils.java:logGet(44)) - raft.server.write.element-limit = 1024 (custom)
2022-01-10 13:24:23,157 [cd4304a5-ad25-4184-aa9b-9d5680dbb42f@group-A4D2DF4C4470-LeaderElection32] INFO  server.RaftServerConfigKeys (ConfUtils.java:logGet(44)) - raft.server.write.follower.gap.ratio.max = -1.0 (default)
2022-01-10 13:24:23,157 [cd4304a5-ad25-4184-aa9b-9d5680dbb42f@group-A4D2DF4C4470-LeaderElection32] INFO  server.RaftServerConfigKeys (ConfUtils.java:logGet(44)) - raft.server.log.appender.snapshot.chunk.size.max = 16MB (=16777216) (default)
2022-01-10 13:24:23,157 [cd4304a5-ad25-4184-aa9b-9d5680dbb42f@group-A4D2DF4C4470-LeaderElection32] INFO  server.RaftServerConfigKeys (ConfUtils.java:logGet(44)) - raft.server.log.appender.buffer.byte-limit = 33554432 (custom)
2022-01-10 13:24:23,157 [cd4304a5-ad25-4184-aa9b-9d5680dbb42f@group-A4D2DF4C4470-LeaderElection32] INFO  server.RaftServerConfigKeys (ConfUtils.java:logGet(44)) - raft.server.log.appender.buffer.element-limit = 1 (custom)
2022-01-10 13:24:23,158 [cd4304a5-ad25-4184-aa9b-9d5680dbb42f@group-A4D2DF4C4470-LeaderElection32] INFO  grpc.GrpcConfigKeys (ConfUtils.java:logGet(44)) - raft.grpc.server.leader.outstanding.appends.max = 128 (default)
2022-01-10 13:24:23,158 [cd4304a5-ad25-4184-aa9b-9d5680dbb42f@group-A4D2DF4C4470-LeaderElection32] INFO  server.RaftServerConfigKeys (ConfUtils.java:logGet(44)) - raft.server.rpc.request.timeout = 60s (custom)
2022-01-10 13:24:23,158 [cd4304a5-ad25-4184-aa9b-9d5680dbb42f@group-A4D2DF4C4470-LeaderElection32] INFO  server.RaftServerConfigKeys (ConfUtils.java:logGet(44)) - raft.server.log.appender.install.snapshot.enabled = false (custom)
2022-01-10 13:24:23,158 [cd4304a5-ad25-4184-aa9b-9d5680dbb42f@group-A4D2DF4C4470-LeaderElection32] INFO  server.RaftServerConfigKeys (ConfUtils.java:logGet(44)) - raft.server.log.appender.snapshot.chunk.size.max = 16MB (=16777216) (default)
2022-01-10 13:24:23,158 [cd4304a5-ad25-4184-aa9b-9d5680dbb42f@group-A4D2DF4C4470-LeaderElection32] INFO  server.RaftServerConfigKeys (ConfUtils.java:logGet(44)) - raft.server.log.appender.buffer.byte-limit = 33554432 (custom)
2022-01-10 13:24:23,158 [cd4304a5-ad25-4184-aa9b-9d5680dbb42f@group-A4D2DF4C4470-LeaderElection32] INFO  server.RaftServerConfigKeys (ConfUtils.java:logGet(44)) - raft.server.log.appender.buffer.element-limit = 1 (custom)
2022-01-10 13:24:23,159 [cd4304a5-ad25-4184-aa9b-9d5680dbb42f@group-A4D2DF4C4470-LeaderElection32] INFO  grpc.GrpcConfigKeys (ConfUtils.java:logGet(44)) - raft.grpc.server.leader.outstanding.appends.max = 128 (default)
2022-01-10 13:24:23,159 [cd4304a5-ad25-4184-aa9b-9d5680dbb42f@group-A4D2DF4C4470-LeaderElection32] INFO  server.RaftServerConfigKeys (ConfUtils.java:logGet(44)) - raft.server.rpc.request.timeout = 60s (custom)
2022-01-10 13:24:23,159 [cd4304a5-ad25-4184-aa9b-9d5680dbb42f@group-A4D2DF4C4470-LeaderElection32] INFO  server.RaftServerConfigKeys (ConfUtils.java:logGet(44)) - raft.server.log.appender.install.snapshot.enabled = false (custom)
2022-01-10 13:24:23,159 [cd4304a5-ad25-4184-aa9b-9d5680dbb42f@group-A4D2DF4C4470-LeaderElection32] INFO  impl.RoleInfo (RoleInfo.java:updateAndGet(130)) - cd4304a5-ad25-4184-aa9b-9d5680dbb42f: start cd4304a5-ad25-4184-aa9b-9d5680dbb42f@group-A4D2DF4C4470-LeaderStateImpl
2022-01-10 13:24:23,159 [cd4304a5-ad25-4184-aa9b-9d5680dbb42f@group-A4D2DF4C4470-LeaderElection32] INFO  segmented.SegmentedRaftLogWorker (SegmentedRaftLogWorker.java:startLogSegment(394)) - cd4304a5-ad25-4184-aa9b-9d5680dbb42f@group-A4D2DF4C4470-SegmentedRaftLogWorker: Starting segment from index:0
2022-01-10 13:24:23,161 [cd4304a5-ad25-4184-aa9b-9d5680dbb42f@group-A4D2DF4C4470-SegmentedRaftLogWorker] INFO  segmented.SegmentedRaftLogWorker (SegmentedRaftLogWorker.java:execute(601)) - cd4304a5-ad25-4184-aa9b-9d5680dbb42f@group-A4D2DF4C4470-SegmentedRaftLogWorker: created new log segment /home/runner/work/ozone/ozone/hadoop-ozone/integration-test/target/test-dir/MiniOzoneClusterImpl-4961146f-9f28-4cba-af76-74f7029fd382/datanode-1/data/ratis/85deabe5-ad07-422e-babd-a4d2df4c4470/current/log_inprogress_0
2022-01-10 13:24:23,167 [grpc-default-executor-0] INFO  ratis.XceiverServerRatis (XceiverServerRatis.java:handleLeaderChangedNotification(866)) - Leader change notification received for group: group-A4D2DF4C4470 with new leaderId: cd4304a5-ad25-4184-aa9b-9d5680dbb42f
2022-01-10 13:24:23,167 [grpc-default-executor-0] INFO  server.RaftServer$Division (ServerState.java:setLeader(285)) - 4b3c65cf-387e-4213-93df-57198a9c946a@group-A4D2DF4C4470: change Leader from null to cd4304a5-ad25-4184-aa9b-9d5680dbb42f at term 4 for appendEntries, leader elected after 20672ms
2022-01-10 13:24:23,179 [grpc-default-executor-0] INFO  server.RaftServer$Division (ServerState.java:setRaftConf(387)) - 4b3c65cf-387e-4213-93df-57198a9c946a@group-A4D2DF4C4470: set configuration 0: [cd4304a5-ad25-4184-aa9b-9d5680dbb42f|rpc:127.0.0.1:44433|dataStream:|priority:1, 9ca66d1e-a818-43c9-bf62-5187506efa35|rpc:127.0.0.1:42475|dataStream:|priority:0, 4b3c65cf-387e-4213-93df-57198a9c946a|rpc:127.0.0.1:38165|dataStream:|priority:0], old=null
2022-01-10 13:24:23,180 [grpc-default-executor-0] INFO  segmented.SegmentedRaftLogWorker (SegmentedRaftLogWorker.java:startLogSegment(394)) - 4b3c65cf-387e-4213-93df-57198a9c946a@group-A4D2DF4C4470-SegmentedRaftLogWorker: Starting segment from index:0
2022-01-10 13:24:23,181 [4b3c65cf-387e-4213-93df-57198a9c946a@group-A4D2DF4C4470-SegmentedRaftLogWorker] INFO  segmented.SegmentedRaftLogWorker (SegmentedRaftLogWorker.java:execute(601)) - 4b3c65cf-387e-4213-93df-57198a9c946a@group-A4D2DF4C4470-SegmentedRaftLogWorker: created new log segment /home/runner/work/ozone/ozone/hadoop-ozone/integration-test/target/test-dir/MiniOzoneClusterImpl-4961146f-9f28-4cba-af76-74f7029fd382/datanode-0/data/ratis/85deabe5-ad07-422e-babd-a4d2df4c4470/current/log_inprogress_0
2022-01-10 13:24:23,209 [494c7a1b-9442-431c-b450-0b8d0617d867@group-74F7029FD382-StateMachineUpdater] INFO  ha.SCMStateMachine (SCMStateMachine.java:takeSnapshot(297)) - Current Snapshot Index 28, takeSnapshot took 0 ms
2022-01-10 13:24:23,210 [494c7a1b-9442-431c-b450-0b8d0617d867@group-74F7029FD382-StateMachineUpdater] INFO  impl.StateMachineUpdater (StateMachineUpdater.java:takeSnapshot(281)) - 494c7a1b-9442-431c-b450-0b8d0617d867@group-74F7029FD382-StateMachineUpdater: Took a snapshot at index 28
2022-01-10 13:24:23,210 [494c7a1b-9442-431c-b450-0b8d0617d867@group-74F7029FD382-StateMachineUpdater] INFO  impl.StateMachineUpdater (StateMachineUpdater.java:lambda$new$0(89)) - 494c7a1b-9442-431c-b450-0b8d0617d867@group-74F7029FD382-StateMachineUpdater: snapshotIndex: updateIncreasingly 23 -> 28
2022-01-10 13:24:23,210 [494c7a1b-9442-431c-b450-0b8d0617d867@group-74F7029FD382-StateMachineUpdater] INFO  raftlog.RaftLog (RaftLogBase.java:purge(306)) - 494c7a1b-9442-431c-b450-0b8d0617d867@group-74F7029FD382-SegmentedRaftLog: purge 28
2022-01-10 13:24:23,210 [494c7a1b-9442-431c-b450-0b8d0617d867@group-74F7029FD382-StateMachineUpdater] INFO  raftlog.RaftLog (RaftLogBase.java:lambda$new$0(53)) - 494c7a1b-9442-431c-b450-0b8d0617d867@group-74F7029FD382-SegmentedRaftLog: snapshotIndex: updateIncreasingly 23 -> 28
2022-01-10 13:24:23,210 [494c7a1b-9442-431c-b450-0b8d0617d867@group-74F7029FD382-StateMachineUpdater] INFO  raftlog.RaftLog (RaftLogBase.java:lambda$new$0(53)) - 494c7a1b-9442-431c-b450-0b8d0617d867@group-74F7029FD382-SegmentedRaftLog: purgeIndex: updateToMax old=23, new=28, updated? true
2022-01-10 13:24:23,213 [EventQueue-PipelineReportForPipelineReportHandler] INFO  ha.SCMHAInvocationHandler (SCMHAInvocationHandler.java:invokeRatis(113)) - Invoking method public abstract void org.apache.hadoop.hdds.scm.pipeline.PipelineStateManager.updatePipelineState(org.apache.hadoop.hdds.protocol.proto.HddsProtos$PipelineID,org.apache.hadoop.hdds.protocol.proto.HddsProtos$PipelineState) throws java.io.IOException on target org.apache.hadoop.hdds.scm.ha.SCMRatisServerImpl@716fa625, cost 57836.347us
2022-01-10 13:24:23,244 [EventQueue-NewNodeForNewNodeHandler] INFO  pipeline.BackgroundPipelineCreator (BackgroundPipelineCreator.java:notifyEventTriggered(279)) - ignore, not leader SCM.
2022-01-10 13:24:23,245 [cd4304a5-ad25-4184-aa9b-9d5680dbb42f@group-A4D2DF4C4470-LeaderElection32] INFO  server.RaftServer$Division (ServerState.java:setRaftConf(387)) - cd4304a5-ad25-4184-aa9b-9d5680dbb42f@group-A4D2DF4C4470: set configuration 0: [cd4304a5-ad25-4184-aa9b-9d5680dbb42f|rpc:127.0.0.1:44433|dataStream:|priority:1, 9ca66d1e-a818-43c9-bf62-5187506efa35|rpc:127.0.0.1:42475|dataStream:|priority:0, 4b3c65cf-387e-4213-93df-57198a9c946a|rpc:127.0.0.1:38165|dataStream:|priority:0], old=null
2022-01-10 13:24:23,265 [3cceec15-32e1-41e4-89f4-0cb3bb7604e2@group-74F7029FD382-StateMachineUpdater] ERROR impl.StateMachineUpdater (StateMachineUpdater.java:run(191)) - 3cceec15-32e1-41e4-89f4-0cb3bb7604e2@group-74F7029FD382-StateMachineUpdater caught a Throwable.
java.lang.IllegalStateException: 3cceec15-32e1-41e4-89f4-0cb3bb7604e2: Failed updateLastAppliedTermIndex: newTI = (t:2, i:28) < oldTI = (t:2, i:128)
	at org.apache.ratis.util.Preconditions.assertTrue(Preconditions.java:72)
	at org.apache.ratis.statemachine.impl.BaseStateMachine.updateLastAppliedTermIndex(BaseStateMachine.java:142)
	at org.apache.hadoop.hdds.scm.ha.SCMStateMachine.notifyTermIndexUpdated(SCMStateMachine.java:310)
	at org.apache.ratis.server.impl.RaftServerImpl.applyLogToStateMachine(RaftServerImpl.java:1701)
	at org.apache.ratis.server.impl.StateMachineUpdater.applyLog(StateMachineUpdater.java:234)
	at org.apache.ratis.server.impl.StateMachineUpdater.run(StateMachineUpdater.java:179)
	at java.lang.Thread.run(Thread.java:748)
2022-01-10 13:24:23,265 [3cceec15-32e1-41e4-89f4-0cb3bb7604e2@group-74F7029FD382-StateMachineUpdater] INFO  server.RaftServer$Division (RaftServerImpl.java:lambda$close$4(412)) - 3cceec15-32e1-41e4-89f4-0cb3bb7604e2@group-74F7029FD382: shutdown
2022-01-10 13:24:23,265 [3cceec15-32e1-41e4-89f4-0cb3bb7604e2@group-74F7029FD382-StateMachineUpdater] INFO  util.JmxRegister (JmxRegister.java:unregister(73)) - Successfully un-registered JMX Bean with object name Ratis:service=RaftServer,group=group-74F7029FD382,id=3cceec15-32e1-41e4-89f4-0cb3bb7604e2
2022-01-10 13:24:23,265 [3cceec15-32e1-41e4-89f4-0cb3bb7604e2@group-74F7029FD382-StateMachineUpdater] INFO  impl.RoleInfo (RoleInfo.java:shutdownFollowerState(108)) - 3cceec15-32e1-41e4-89f4-0cb3bb7604e2: shutdown 3cceec15-32e1-41e4-89f4-0cb3bb7604e2@group-74F7029FD382-FollowerState
2022-01-10 13:24:23,267 [7fcd8313-8ccc-4d12-b0b9-018c7cf319d8@group-74F7029FD382-StateMachineUpdater] INFO  ha.SCMStateMachine (SCMStateMachine.java:takeSnapshot(297)) - Current Snapshot Index 30, takeSnapshot took 0 ms
2022-01-10 13:24:23,268 [7fcd8313-8ccc-4d12-b0b9-018c7cf319d8@group-74F7029FD382-StateMachineUpdater] INFO  impl.StateMachineUpdater (StateMachineUpdater.java:takeSnapshot(281)) - 7fcd8313-8ccc-4d12-b0b9-018c7cf319d8@group-74F7029FD382-StateMachineUpdater: Took a snapshot at index 30
2022-01-10 13:24:23,268 [7fcd8313-8ccc-4d12-b0b9-018c7cf319d8@group-74F7029FD382-StateMachineUpdater] INFO  impl.StateMachineUpdater (StateMachineUpdater.java:lambda$new$0(89)) - 7fcd8313-8ccc-4d12-b0b9-018c7cf319d8@group-74F7029FD382-StateMachineUpdater: snapshotIndex: updateIncreasingly 25 -> 30
2022-01-10 13:24:23,268 [7fcd8313-8ccc-4d12-b0b9-018c7cf319d8@group-74F7029FD382-StateMachineUpdater] INFO  raftlog.RaftLog (RaftLogBase.java:purge(306)) - 7fcd8313-8ccc-4d12-b0b9-018c7cf319d8@group-74F7029FD382-SegmentedRaftLog: purge 30
2022-01-10 13:24:23,268 [7fcd8313-8ccc-4d12-b0b9-018c7cf319d8@group-74F7029FD382-StateMachineUpdater] INFO  raftlog.RaftLog (RaftLogBase.java:lambda$new$0(53)) - 7fcd8313-8ccc-4d12-b0b9-018c7cf319d8@group-74F7029FD382-SegmentedRaftLog: snapshotIndex: updateIncreasingly 25 -> 30
2022-01-10 13:24:23,268 [3cceec15-32e1-41e4-89f4-0cb3bb7604e2@group-74F7029FD382-FollowerState] INFO  impl.FollowerState (FollowerState.java:run(143)) - 3cceec15-32e1-41e4-89f4-0cb3bb7604e2@group-74F7029FD382-FollowerState was interrupted: {}
java.lang.InterruptedException: sleep interrupted
	at java.lang.Thread.sleep(Native Method)
	at java.lang.Thread.sleep(Thread.java:340)
	at java.util.concurrent.TimeUnit.sleep(TimeUnit.java:386)
	at org.apache.ratis.util.TimeDuration.sleep(TimeDuration.java:324)
	at org.apache.ratis.util.TimeDuration.sleep(TimeDuration.java:309)
	at org.apache.ratis.server.impl.FollowerState.run(FollowerState.java:118)
2022-01-10 13:24:23,268 [7fcd8313-8ccc-4d12-b0b9-018c7cf319d8@group-74F7029FD382-StateMachineUpdater] INFO  raftlog.RaftLog (RaftLogBase.java:lambda$new$0(53)) - 7fcd8313-8ccc-4d12-b0b9-018c7cf319d8@group-74F7029FD382-SegmentedRaftLog: purgeIndex: updateToMax old=25, new=30, updated? true
2022-01-10 13:24:23,293 [Listener at 127.0.0.1/11264] INFO  ha.SCMHAManagerImpl (SCMHAManagerImpl.java:installCheckpoint(227)) - Installing checkpoint with SCMTransactionInfo 2#25
2022-01-10 13:24:23,293 [Listener at 127.0.0.1/11264] WARN  ha.SCMHAManagerImpl (SCMHAManagerImpl.java:installCheckpoint(240)) - Cannot proceed with InstallSnapshot as SCM is at TermIndex (t:2, i:28) and checkpoint has lower TermIndex (t:2, i:25). Reloading old state of SCM.
2022-01-10 13:24:23,294 [3cceec15-32e1-41e4-89f4-0cb3bb7604e2@group-74F7029FD382-StateMachineUpdater] INFO  server.RaftServer$Division (ServerState.java:close(419)) - 3cceec15-32e1-41e4-89f4-0cb3bb7604e2@group-74F7029FD382: closes. applyIndex: 28
2022-01-10 13:24:23,294 [3cceec15-32e1-41e4-89f4-0cb3bb7604e2@group-74F7029FD382-SegmentedRaftLogWorker] INFO  segmented.SegmentedRaftLogWorker (SegmentedRaftLogWorker.java:run(327)) - 3cceec15-32e1-41e4-89f4-0cb3bb7604e2@group-74F7029FD382-SegmentedRaftLogWorker was interrupted, exiting. There are 0 tasks remaining in the queue.
2022-01-10 13:24:23,296 [Listener at 127.0.0.1/11264] INFO  ozone.MiniOzoneClusterImpl (MiniOzoneClusterImpl.java:shutdown(453)) - Shutting down the Mini Ozone Cluster
2022-01-10 13:24:23,296 [Listener at 127.0.0.1/11264] INFO  ozone.MiniOzoneHAClusterImpl (MiniOzoneHAClusterImpl.java:stop(316)) - Stopping the OzoneManager omNode-1
2022-01-10 13:24:23,296 [Listener at 127.0.0.1/11264] INFO  om.OzoneManager (OzoneManager.java:stop(1893)) - omNode-1[localhost:11264]: Stopping Ozone Manager
2022-01-10 13:24:23,297 [grpc-default-executor-3] INFO  ratis.XceiverServerRatis (XceiverServerRatis.java:handleLeaderChangedNotification(866)) - Leader change notification received for group: group-A4D2DF4C4470 with new leaderId: cd4304a5-ad25-4184-aa9b-9d5680dbb42f
2022-01-10 13:24:23,297 [grpc-default-executor-3] INFO  server.RaftServer$Division (ServerState.java:setLeader(285)) - 9ca66d1e-a818-43c9-bf62-5187506efa35@group-A4D2DF4C4470: change Leader from null to cd4304a5-ad25-4184-aa9b-9d5680dbb42f at term 4 for appendEntries, leader elected after 20750ms
2022-01-10 13:24:23,298 [Listener at 127.0.0.1/11264] INFO  ipc.Server (Server.java:stop(3414)) - Stopping server on 11264
2022-01-10 13:24:23,298 [grpc-default-executor-3] INFO  server.RaftServer$Division (ServerState.java:setRaftConf(387)) - 9ca66d1e-a818-43c9-bf62-5187506efa35@group-A4D2DF4C4470: set configuration 0: [cd4304a5-ad25-4184-aa9b-9d5680dbb42f|rpc:127.0.0.1:44433|dataStream:|priority:1, 9ca66d1e-a818-43c9-bf62-5187506efa35|rpc:127.0.0.1:42475|dataStream:|priority:0, 4b3c65cf-387e-4213-93df-57198a9c946a|rpc:127.0.0.1:38165|dataStream:|priority:0], old=null
2022-01-10 13:24:23,299 [grpc-default-executor-3] INFO  segmented.SegmentedRaftLogWorker (SegmentedRaftLogWorker.java:startLogSegment(394)) - 9ca66d1e-a818-43c9-bf62-5187506efa35@group-A4D2DF4C4470-SegmentedRaftLogWorker: Starting segment from index:0
2022-01-10 13:24:23,318 [9ca66d1e-a818-43c9-bf62-5187506efa35@group-A4D2DF4C4470-SegmentedRaftLogWorker] INFO  segmented.SegmentedRaftLogWorker (SegmentedRaftLogWorker.java:execute(601)) - 9ca66d1e-a818-43c9-bf62-5187506efa35@group-A4D2DF4C4470-SegmentedRaftLogWorker: created new log segment /home/runner/work/ozone/ozone/hadoop-ozone/integration-test/target/test-dir/MiniOzoneClusterImpl-4961146f-9f28-4cba-af76-74f7029fd382/datanode-2/data/ratis/85deabe5-ad07-422e-babd-a4d2df4c4470/current/log_inprogress_0
2022-01-10 13:24:23,331 [3cceec15-32e1-41e4-89f4-0cb3bb7604e2@group-74F7029FD382-StateMachineUpdater] INFO  segmented.SegmentedRaftLogWorker (SegmentedRaftLogWorker.java:close(237)) - 3cceec15-32e1-41e4-89f4-0cb3bb7604e2@group-74F7029FD382-SegmentedRaftLogWorker close()
2022-01-10 13:24:23,347 [IPC Server handler 19 on default port 12897] INFO  net.NetworkTopologyImpl (NetworkTopologyImpl.java:add(112)) - Added a new node: /default-rack/4b3c65cf-387e-4213-93df-57198a9c946a
2022-01-10 13:24:23,347 [IPC Server handler 19 on default port 12897] INFO  node.SCMNodeManager (SCMNodeManager.java:register(389)) - Registered Data node : 4b3c65cf-387e-4213-93df-57198a9c946a{ip: 127.0.0.1, host: localhost, ports: [REPLICATION=44073, RATIS=38165, RATIS_ADMIN=38165, RATIS_SERVER=38165, STANDALONE=45653], networkLocation: /default-rack, certSerialId: null, persistedOpState: null, persistedOpStateExpiryEpochSec: 0}
2022-01-10 13:24:23,347 [EventQueue-NewNodeForNewNodeHandler] INFO  pipeline.BackgroundPipelineCreator (BackgroundPipelineCreator.java:notifyEventTriggered(279)) - ignore, not leader SCM.
2022-01-10 13:24:23,357 [IPC Server Responder] INFO  ipc.Server (Server.java:run(1512)) - Stopping IPC Server Responder
2022-01-10 13:24:23,358 [IPC Server listener on 11264] INFO  ipc.Server (Server.java:run(1376)) - Stopping IPC Server listener on 11264
2022-01-10 13:24:23,358 [Listener at 127.0.0.1/11264] INFO  server.RaftServer (RaftServerProxy.java:lambda$close$6(391)) - omNode-1: close
2022-01-10 13:24:23,358 [Listener at 127.0.0.1/11264] INFO  server.RaftServer$Division (RaftServerImpl.java:lambda$close$4(412)) - omNode-1@group-523986131536: shutdown
2022-01-10 13:24:23,358 [Listener at 127.0.0.1/11264] INFO  util.JmxRegister (JmxRegister.java:unregister(73)) - Successfully un-registered JMX Bean with object name Ratis:service=RaftServer,group=group-523986131536,id=omNode-1
2022-01-10 13:24:23,358 [Listener at 127.0.0.1/11264] INFO  impl.RoleInfo (RoleInfo.java:shutdownLeaderState(91)) - omNode-1: shutdown omNode-1@group-523986131536-LeaderStateImpl
2022-01-10 13:24:23,359 [Listener at 127.0.0.1/11264] INFO  impl.PendingRequests (PendingRequests.java:sendNotLeaderResponses(282)) - omNode-1@group-523986131536-PendingRequests: sendNotLeaderResponses
2022-01-10 13:24:23,359 [Listener at 127.0.0.1/11264] INFO  impl.StateMachineUpdater (StateMachineUpdater.java:stopAndJoin(149)) - omNode-1@group-523986131536-StateMachineUpdater: set stopIndex = 0
2022-01-10 13:24:23,360 [omNode-1@group-523986131536-StateMachineUpdater] INFO  ratis.OzoneManagerStateMachine (OzoneManagerStateMachine.java:takeSnapshot(417)) - Current Snapshot Index (t:1, i:0)
2022-01-10 13:24:23,361 [omNode-1@group-523986131536-StateMachineUpdater] INFO  impl.StateMachineUpdater (StateMachineUpdater.java:takeSnapshot(281)) - omNode-1@group-523986131536-StateMachineUpdater: Took a snapshot at index 0
2022-01-10 13:24:23,361 [omNode-1@group-523986131536-StateMachineUpdater] INFO  impl.StateMachineUpdater (StateMachineUpdater.java:lambda$new$0(89)) - omNode-1@group-523986131536-StateMachineUpdater: snapshotIndex: updateIncreasingly -1 -> 0
2022-01-10 13:24:23,361 [omNode-1@group-523986131536-StateMachineUpdater] INFO  ratis.OzoneManagerStateMachine (OzoneManagerStateMachine.java:close(471)) - StateMachine has shutdown. Shutdown OzoneManager if not already shutdown.
2022-01-10 13:24:23,361 [Listener at 127.0.0.1/11264] INFO  server.RaftServer$Division (ServerState.java:close(419)) - omNode-1@group-523986131536: closes. applyIndex: 0
2022-01-10 13:24:23,361 [omNode-1@group-523986131536-SegmentedRaftLogWorker] INFO  segmented.SegmentedRaftLogWorker (SegmentedRaftLogWorker.java:run(327)) - omNode-1@group-523986131536-SegmentedRaftLogWorker was interrupted, exiting. There are 0 tasks remaining in the queue.
2022-01-10 13:24:23,364 [Listener at 127.0.0.1/11264] INFO  segmented.SegmentedRaftLogWorker (SegmentedRaftLogWorker.java:close(237)) - omNode-1@group-523986131536-SegmentedRaftLogWorker close()
2022-01-10 13:24:23,371 [Listener at 127.0.0.1/11264] INFO  server.GrpcService (GrpcService.java:closeImpl(262)) - omNode-1: shutdown server with port 11268 now
2022-01-10 13:24:23,371 [Listener at 127.0.0.1/11264] INFO  server.GrpcService (GrpcService.java:closeImpl(271)) - omNode-1: shutdown server with port 11268 successfully
2022-01-10 13:24:23,372 [org.apache.ratis.util.JvmPauseMonitor$$Lambda$500/2122256138@7d131ef1] INFO  util.JvmPauseMonitor (JvmPauseMonitor.java:run(109)) - JvmPauseMonitor-omNode-1: Stopped
2022-01-10 13:24:23,372 [Listener at 127.0.0.1/11264] INFO  ratis.OzoneManagerDoubleBuffer (OzoneManagerDoubleBuffer.java:stop(437)) - Stopping OMDoubleBuffer flush thread
2022-01-10 13:24:23,372 [OMDoubleBufferFlushThread] INFO  ratis.OzoneManagerDoubleBuffer (OzoneManagerDoubleBuffer.java:flushTransactions(356)) - OMDoubleBuffer flush thread OMDoubleBufferFlushThread is interrupted and will exit. OMDoubleBufferFlushThread
2022-01-10 13:24:23,373 [Listener at 127.0.0.1/11264] INFO  utils.BackgroundService (BackgroundService.java:shutdown(132)) - Shutting down service KeyDeletingService
2022-01-10 13:24:23,374 [Listener at 127.0.0.1/11264] INFO  utils.BackgroundService (BackgroundService.java:shutdown(132)) - Shutting down service DirectoryDeletingService
2022-01-10 13:24:23,375 [Listener at 127.0.0.1/11264] INFO  handler.ContextHandler (ContextHandler.java:doStop(1153)) - Stopped o.e.j.w.WebAppContext@5df0e5f0{ozoneManager,/,null,STOPPED}{file:/home/runner/work/ozone/ozone/hadoop-ozone/integration-test/target/test-classes/webapps/ozoneManager}
2022-01-10 13:24:23,377 [Listener at 127.0.0.1/11264] INFO  server.AbstractConnector (AbstractConnector.java:doStop(381)) - Stopped ServerConnector@1efdefcc{HTTP/1.1, (http/1.1)}{0.0.0.0:11266}
2022-01-10 13:24:23,377 [Listener at 127.0.0.1/11264] INFO  server.session (HouseKeeper.java:stopScavenging(149)) - node0 Stopped scavenging
2022-01-10 13:24:23,377 [Listener at 127.0.0.1/11264] INFO  handler.ContextHandler (ContextHandler.java:doStop(1153)) - Stopped o.e.j.s.ServletContextHandler@3c1c984f{static,/static,file:///home/runner/work/ozone/ozone/hadoop-ozone/integration-test/target/test-classes/webapps/static,STOPPED}
2022-01-10 13:24:23,379 [Listener at 127.0.0.1/11264] INFO  handler.ContextHandler (ContextHandler.java:doStop(1153)) - Stopped o.e.j.s.ServletContextHandler@2325b28f{logs,/logs,file:///home/runner/work/ozone/ozone/hadoop-ozone/integration-test/target/log,STOPPED}
2022-01-10 13:24:23,387 [Listener at 127.0.0.1/11264] INFO  ozone.MiniOzoneHAClusterImpl (MiniOzoneHAClusterImpl.java:stop(324)) - Stopping the StorageContainerManager 7fcd8313-8ccc-4d12-b0b9-018c7cf319d8
2022-01-10 13:24:23,387 [Listener at 127.0.0.1/11264] INFO  server.StorageContainerManager (StorageContainerManager.java:stop(1390)) - Stopping Container Balancer service.
2022-01-10 13:24:23,387 [Listener at 127.0.0.1/11264] INFO  balancer.ContainerBalancer (ContainerBalancer.java:stop(750)) - Container Balancer is not running.
2022-01-10 13:24:23,387 [Listener at 127.0.0.1/11264] INFO  server.StorageContainerManager (StorageContainerManager.java:stop(1397)) - Stopping Replication Manager Service.
2022-01-10 13:24:23,387 [Listener at 127.0.0.1/11264] INFO  container.ReplicationManager (ReplicationManager.java:stop(350)) - Stopping Replication Monitor Thread.
2022-01-10 13:24:23,388 [Listener at 127.0.0.1/11264] INFO  server.StorageContainerManager (StorageContainerManager.java:stop(1404)) - Stopping the Datanode Admin Monitor.
2022-01-10 13:24:23,388 [Listener at 127.0.0.1/11264] INFO  server.StorageContainerManager (StorageContainerManager.java:stop(1411)) - Stopping Lease Manager of the command watchers
2022-01-10 13:24:23,389 [Listener at 127.0.0.1/11264] INFO  server.StorageContainerManager (StorageContainerManager.java:stop(1418)) - Stopping datanode service RPC server
2022-01-10 13:24:23,389 [Listener at 127.0.0.1/11264] INFO  server.SCMDatanodeProtocolServer (SCMDatanodeProtocolServer.java:stop(390)) - Stopping the RPC server for DataNodes
2022-01-10 13:24:23,389 [Listener at 127.0.0.1/11264] INFO  ipc.Server (Server.java:stop(3414)) - Stopping server on 12877
2022-01-10 13:24:23,397 [IPC Server Responder] INFO  ipc.Server (Server.java:run(1512)) - Stopping IPC Server Responder
2022-01-10 13:24:23,397 [IPC Server listener on 12877] INFO  ipc.Server (Server.java:run(1376)) - Stopping IPC Server listener on 12877
2022-01-10 13:24:23,652 [EndpointStateMachine task thread for /127.0.0.1:14629 - 0 ] INFO  ipc.Client (Client.java:handleConnectionFailure(977)) - Retrying connect to server: localhost/127.0.0.1:14629. Already tried 5 time(s); retry policy is RetryUpToMaximumCountWithFixedSleep(maxRetries=15, sleepTime=1000 MILLISECONDS)
2022-01-10 13:24:23,666 [IPC Server handler 5 on default port 12897] INFO  net.NetworkTopologyImpl (NetworkTopologyImpl.java:add(112)) - Added a new node: /default-rack/9ca66d1e-a818-43c9-bf62-5187506efa35
2022-01-10 13:24:23,667 [IPC Server handler 5 on default port 12897] INFO  node.SCMNodeManager (SCMNodeManager.java:register(389)) - Registered Data node : 9ca66d1e-a818-43c9-bf62-5187506efa35{ip: 127.0.0.1, host: localhost, ports: [REPLICATION=37635, RATIS=42475, RATIS_ADMIN=42475, RATIS_SERVER=42475, STANDALONE=35603], networkLocation: /default-rack, certSerialId: null, persistedOpState: null, persistedOpStateExpiryEpochSec: 0}
2022-01-10 13:24:23,667 [EndpointStateMachine task thread for /127.0.0.1:14619 - 0 ] INFO  ipc.Client (Client.java:handleConnectionFailure(977)) - Retrying connect to server: localhost/127.0.0.1:14619. Already tried 5 time(s); retry policy is RetryUpToMaximumCountWithFixedSleep(maxRetries=15, sleepTime=1000 MILLISECONDS)
2022-01-10 13:24:23,668 [EndpointStateMachine task thread for /127.0.0.1:14609 - 0 ] INFO  ipc.Client (Client.java:handleConnectionFailure(977)) - Retrying connect to server: localhost/127.0.0.1:14609. Already tried 8 time(s); retry policy is RetryUpToMaximumCountWithFixedSleep(maxRetries=15, sleepTime=1000 MILLISECONDS)
2022-01-10 13:24:23,671 [EventQueue-NewNodeForNewNodeHandler] INFO  pipeline.BackgroundPipelineCreator (BackgroundPipelineCreator.java:notifyEventTriggered(279)) - ignore, not leader SCM.
2022-01-10 13:24:23,672 [EndpointStateMachine task thread for /127.0.0.1:12877 - 0 ] WARN  statemachine.EndpointStateMachine (EndpointStateMachine.java:logIfNeeded(236)) - Unable to communicate to SCM server at 127.0.0.1:12877 for past 0 seconds.
java.io.EOFException: End of File Exception between local host is: "fv-az12-360/10.1.0.41"; destination host is: "localhost":12877; : java.io.EOFException; For more details see:  http://wiki.apache.org/hadoop/EOFException
	at sun.reflect.NativeConstructorAccessorImpl.newInstance0(Native Method)
	at sun.reflect.NativeConstructorAccessorImpl.newInstance(NativeConstructorAccessorImpl.java:62)
	at sun.reflect.DelegatingConstructorAccessorImpl.newInstance(DelegatingConstructorAccessorImpl.java:45)
	at java.lang.reflect.Constructor.newInstance(Constructor.java:423)
	at org.apache.hadoop.net.NetUtils.wrapWithMessage(NetUtils.java:913)
	at org.apache.hadoop.net.NetUtils.wrapException(NetUtils.java:862)
	at org.apache.hadoop.ipc.Client.getRpcResponse(Client.java:1577)
	at org.apache.hadoop.ipc.Client.call(Client.java:1519)
	at org.apache.hadoop.ipc.Client.call(Client.java:1416)
	at org.apache.hadoop.ipc.ProtobufRpcEngine$Invoker.invoke(ProtobufRpcEngine.java:236)
	at org.apache.hadoop.ipc.ProtobufRpcEngine$Invoker.invoke(ProtobufRpcEngine.java:123)
	at com.sun.proxy.$Proxy48.submitRequest(Unknown Source)
	at org.apache.hadoop.ozone.protocolPB.StorageContainerDatanodeProtocolClientSideTranslatorPB.submitRequest(StorageContainerDatanodeProtocolClientSideTranslatorPB.java:117)
	at org.apache.hadoop.ozone.protocolPB.StorageContainerDatanodeProtocolClientSideTranslatorPB.sendHeartbeat(StorageContainerDatanodeProtocolClientSideTranslatorPB.java:149)
	at org.apache.hadoop.ozone.container.common.states.endpoint.HeartbeatEndpointTask.call(HeartbeatEndpointTask.java:179)
	at org.apache.hadoop.ozone.container.common.states.endpoint.HeartbeatEndpointTask.call(HeartbeatEndpointTask.java:82)
	at java.util.concurrent.FutureTask.run(FutureTask.java:266)
	at java.util.concurrent.ThreadPoolExecutor.runWorker(ThreadPoolExecutor.java:1149)
	at java.util.concurrent.ThreadPoolExecutor$Worker.run(ThreadPoolExecutor.java:624)
	at java.lang.Thread.run(Thread.java:748)
Caused by: java.io.EOFException
	at java.io.DataInputStream.readInt(DataInputStream.java:392)
	at org.apache.hadoop.ipc.Client$IpcStreams.readResponse(Client.java:1892)
	at org.apache.hadoop.ipc.Client$Connection.receiveRpcResponse(Client.java:1202)
	at org.apache.hadoop.ipc.Client$Connection.run(Client.java:1098)
2022-01-10 13:24:23,682 [EventQueue-PipelineReportForPipelineReportHandler] INFO  pipeline.PipelineManagerImpl (PipelineManagerImpl.java:openPipeline(291)) - Pipeline Pipeline[ Id: 85deabe5-ad07-422e-babd-a4d2df4c4470, Nodes: 9ca66d1e-a818-43c9-bf62-5187506efa35{ip: 127.0.0.1, host: localhost, ports: [REPLICATION=37635, RATIS=42475, RATIS_ADMIN=42475, RATIS_SERVER=42475, STANDALONE=35603], networkLocation: /default-rack, certSerialId: null, persistedOpState: IN_SERVICE, persistedOpStateExpiryEpochSec: 0}cd4304a5-ad25-4184-aa9b-9d5680dbb42f{ip: 127.0.0.1, host: localhost, ports: [REPLICATION=36991, RATIS=44433, RATIS_ADMIN=44433, RATIS_SERVER=44433, STANDALONE=35009], networkLocation: /default-rack, certSerialId: null, persistedOpState: IN_SERVICE, persistedOpStateExpiryEpochSec: 0}4b3c65cf-387e-4213-93df-57198a9c946a{ip: 127.0.0.1, host: localhost, ports: [REPLICATION=44073, RATIS=38165, RATIS_ADMIN=38165, RATIS_SERVER=38165, STANDALONE=45653], networkLocation: /default-rack, certSerialId: null, persistedOpState: IN_SERVICE, persistedOpStateExpiryEpochSec: 0}, ReplicationConfig: RATIS/THREE, State:ALLOCATED, leaderId:cd4304a5-ad25-4184-aa9b-9d5680dbb42f, CreationTimestamp2022-01-10T13:24:18.199Z[Etc/UTC]] moved to OPEN state
2022-01-10 13:24:23,699 [EventQueue-PipelineReportForPipelineReportHandler] ERROR events.SingleThreadExecutor (SingleThreadExecutor.java:lambda$onMessage$1(88)) - Error on execution message org.apache.hadoop.hdds.scm.server.SCMDatanodeHeartbeatDispatcher$PipelineReportFromDatanode@40409109
java.lang.reflect.UndeclaredThrowableException
	at com.sun.proxy.$Proxy23.updatePipelineState(Unknown Source)
	at org.apache.hadoop.hdds.scm.pipeline.PipelineManagerImpl.openPipeline(PipelineManagerImpl.java:292)
	at org.apache.hadoop.hdds.scm.pipeline.PipelineReportHandler.processPipelineReport(PipelineReportHandler.java:133)
	at org.apache.hadoop.hdds.scm.pipeline.PipelineReportHandler.onMessage(PipelineReportHandler.java:92)
	at org.apache.hadoop.hdds.scm.pipeline.PipelineReportHandler.onMessage(PipelineReportHandler.java:51)
	at org.apache.hadoop.hdds.server.events.SingleThreadExecutor.lambda$onMessage$1(SingleThreadExecutor.java:85)
	at java.util.concurrent.ThreadPoolExecutor.runWorker(ThreadPoolExecutor.java:1149)
	at java.util.concurrent.ThreadPoolExecutor$Worker.run(ThreadPoolExecutor.java:624)
	at java.lang.Thread.run(Thread.java:748)
Caused by: java.util.concurrent.ExecutionException: org.apache.ratis.protocol.exceptions.ServerNotReadyException: 3cceec15-32e1-41e4-89f4-0cb3bb7604e2@group-74F7029FD382 is not in [RUNNING]: current state is CLOSED
	at java.util.concurrent.CompletableFuture.reportGet(CompletableFuture.java:357)
	at java.util.concurrent.CompletableFuture.get(CompletableFuture.java:1928)
	at org.apache.hadoop.hdds.scm.ha.SCMRatisServerImpl.submitRequest(SCMRatisServerImpl.java:223)
	at org.apache.hadoop.hdds.scm.ha.SCMHAInvocationHandler.invokeRatis(SCMHAInvocationHandler.java:110)
	at org.apache.hadoop.hdds.scm.ha.SCMHAInvocationHandler.invoke(SCMHAInvocationHandler.java:67)
	... 9 more
Caused by: org.apache.ratis.protocol.exceptions.ServerNotReadyException: 3cceec15-32e1-41e4-89f4-0cb3bb7604e2@group-74F7029FD382 is not in [RUNNING]: current state is CLOSED
	at org.apache.ratis.server.impl.RaftServerImpl.lambda$assertLifeCycleState$9(RaftServerImpl.java:672)
	at org.apache.ratis.util.LifeCycle.assertCurrentState(LifeCycle.java:253)
	at org.apache.ratis.server.impl.RaftServerImpl.assertLifeCycleState(RaftServerImpl.java:671)
	at org.apache.ratis.server.impl.RaftServerImpl.submitClientRequestAsync(RaftServerImpl.java:748)
	at org.apache.ratis.server.impl.RaftServerProxy.lambda$submitClientRequestAsync$9(RaftServerProxy.java:417)
	at org.apache.ratis.server.impl.RaftServerProxy.lambda$null$7(RaftServerProxy.java:412)
	at org.apache.ratis.util.JavaUtils.callAsUnchecked(JavaUtils.java:115)
	at org.apache.ratis.server.impl.RaftServerProxy.lambda$submitRequest$8(RaftServerProxy.java:412)
	at java.util.concurrent.CompletableFuture.uniComposeStage(CompletableFuture.java:995)
	at java.util.concurrent.CompletableFuture.thenCompose(CompletableFuture.java:2137)
	at org.apache.ratis.server.impl.RaftServerProxy.submitRequest(RaftServerProxy.java:411)
	at org.apache.ratis.server.impl.RaftServerProxy.submitClientRequestAsync(RaftServerProxy.java:417)
	at org.apache.hadoop.hdds.scm.ha.SCMRatisServerImpl.submitRequest(SCMRatisServerImpl.java:222)
	... 11 more
2022-01-10 13:24:24,155 [EventQueue-PipelineReportForPipelineReportHandler] INFO  pipeline.PipelineManagerImpl (PipelineManagerImpl.java:openPipeline(291)) - Pipeline Pipeline[ Id: 85deabe5-ad07-422e-babd-a4d2df4c4470, Nodes: 9ca66d1e-a818-43c9-bf62-5187506efa35{ip: 127.0.0.1, host: localhost, ports: [REPLICATION=37635, RATIS=42475, RATIS_ADMIN=42475, RATIS_SERVER=42475, STANDALONE=35603], networkLocation: /default-rack, certSerialId: null, persistedOpState: IN_SERVICE, persistedOpStateExpiryEpochSec: 0}cd4304a5-ad25-4184-aa9b-9d5680dbb42f{ip: 127.0.0.1, host: localhost, ports: [REPLICATION=36991, RATIS=44433, RATIS_ADMIN=44433, RATIS_SERVER=44433, STANDALONE=35009], networkLocation: /default-rack, certSerialId: null, persistedOpState: IN_SERVICE, persistedOpStateExpiryEpochSec: 0}4b3c65cf-387e-4213-93df-57198a9c946a{ip: 127.0.0.1, host: localhost, ports: [REPLICATION=44073, RATIS=38165, RATIS_ADMIN=38165, RATIS_SERVER=38165, STANDALONE=45653], networkLocation: /default-rack, certSerialId: null, persistedOpState: IN_SERVICE, persistedOpStateExpiryEpochSec: 0}, ReplicationConfig: RATIS/THREE, State:ALLOCATED, leaderId:cd4304a5-ad25-4184-aa9b-9d5680dbb42f, CreationTimestamp2022-01-10T13:24:18.199Z[Etc/UTC]] moved to OPEN state
2022-01-10 13:24:24,156 [EventQueue-PipelineReportForPipelineReportHandler] ERROR events.SingleThreadExecutor (SingleThreadExecutor.java:lambda$onMessage$1(88)) - Error on execution message org.apache.hadoop.hdds.scm.server.SCMDatanodeHeartbeatDispatcher$PipelineReportFromDatanode@2a075557
java.lang.reflect.UndeclaredThrowableException
	at com.sun.proxy.$Proxy23.updatePipelineState(Unknown Source)
	at org.apache.hadoop.hdds.scm.pipeline.PipelineManagerImpl.openPipeline(PipelineManagerImpl.java:292)
	at org.apache.hadoop.hdds.scm.pipeline.PipelineReportHandler.processPipelineReport(PipelineReportHandler.java:133)
	at org.apache.hadoop.hdds.scm.pipeline.PipelineReportHandler.onMessage(PipelineReportHandler.java:92)
	at org.apache.hadoop.hdds.scm.pipeline.PipelineReportHandler.onMessage(PipelineReportHandler.java:51)
	at org.apache.hadoop.hdds.server.events.SingleThreadExecutor.lambda$onMessage$1(SingleThreadExecutor.java:85)
	at java.util.concurrent.ThreadPoolExecutor.runWorker(ThreadPoolExecutor.java:1149)
	at java.util.concurrent.ThreadPoolExecutor$Worker.run(ThreadPoolExecutor.java:624)
	at java.lang.Thread.run(Thread.java:748)
Caused by: java.util.concurrent.ExecutionException: org.apache.ratis.protocol.exceptions.ServerNotReadyException: 3cceec15-32e1-41e4-89f4-0cb3bb7604e2@group-74F7029FD382 is not in [RUNNING]: current state is CLOSED
	at java.util.concurrent.CompletableFuture.reportGet(CompletableFuture.java:357)
	at java.util.concurrent.CompletableFuture.get(CompletableFuture.java:1928)
	at org.apache.hadoop.hdds.scm.ha.SCMRatisServerImpl.submitRequest(SCMRatisServerImpl.java:223)
	at org.apache.hadoop.hdds.scm.ha.SCMHAInvocationHandler.invokeRatis(SCMHAInvocationHandler.java:110)
	at org.apache.hadoop.hdds.scm.ha.SCMHAInvocationHandler.invoke(SCMHAInvocationHandler.java:67)
	... 9 more
Caused by: org.apache.ratis.protocol.exceptions.ServerNotReadyException: 3cceec15-32e1-41e4-89f4-0cb3bb7604e2@group-74F7029FD382 is not in [RUNNING]: current state is CLOSED
	at org.apache.ratis.server.impl.RaftServerImpl.lambda$assertLifeCycleState$9(RaftServerImpl.java:672)
	at org.apache.ratis.util.LifeCycle.assertCurrentState(LifeCycle.java:253)
	at org.apache.ratis.server.impl.RaftServerImpl.assertLifeCycleState(RaftServerImpl.java:671)
	at org.apache.ratis.server.impl.RaftServerImpl.submitClientRequestAsync(RaftServerImpl.java:748)
	at org.apache.ratis.server.impl.RaftServerProxy.lambda$submitClientRequestAsync$9(RaftServerProxy.java:417)
	at org.apache.ratis.server.impl.RaftServerProxy.lambda$null$7(RaftServerProxy.java:412)
	at org.apache.ratis.util.JavaUtils.callAsUnchecked(JavaUtils.java:115)
	at org.apache.ratis.server.impl.RaftServerProxy.lambda$submitRequest$8(RaftServerProxy.java:412)
	at java.util.concurrent.CompletableFuture.uniComposeStage(CompletableFuture.java:995)
	at java.util.concurrent.CompletableFuture.thenCompose(CompletableFuture.java:2137)
	at org.apache.ratis.server.impl.RaftServerProxy.submitRequest(RaftServerProxy.java:411)
	at org.apache.ratis.server.impl.RaftServerProxy.submitClientRequestAsync(RaftServerProxy.java:417)
	at org.apache.hadoop.hdds.scm.ha.SCMRatisServerImpl.submitRequest(SCMRatisServerImpl.java:222)
	... 11 more
2022-01-10 13:24:24,334 [EventQueue-PipelineReportForPipelineReportHandler] INFO  pipeline.PipelineManagerImpl (PipelineManagerImpl.java:openPipeline(291)) - Pipeline Pipeline[ Id: 85deabe5-ad07-422e-babd-a4d2df4c4470, Nodes: 9ca66d1e-a818-43c9-bf62-5187506efa35{ip: 127.0.0.1, host: localhost, ports: [REPLICATION=37635, RATIS=42475, RATIS_ADMIN=42475, RATIS_SERVER=42475, STANDALONE=35603], networkLocation: /default-rack, certSerialId: null, persistedOpState: IN_SERVICE, persistedOpStateExpiryEpochSec: 0}cd4304a5-ad25-4184-aa9b-9d5680dbb42f{ip: 127.0.0.1, host: localhost, ports: [REPLICATION=36991, RATIS=44433, RATIS_ADMIN=44433, RATIS_SERVER=44433, STANDALONE=35009], networkLocation: /default-rack, certSerialId: null, persistedOpState: IN_SERVICE, persistedOpStateExpiryEpochSec: 0}4b3c65cf-387e-4213-93df-57198a9c946a{ip: 127.0.0.1, host: localhost, ports: [REPLICATION=44073, RATIS=38165, RATIS_ADMIN=38165, RATIS_SERVER=38165, STANDALONE=45653], networkLocation: /default-rack, certSerialId: null, persistedOpState: IN_SERVICE, persistedOpStateExpiryEpochSec: 0}, ReplicationConfig: RATIS/THREE, State:ALLOCATED, leaderId:cd4304a5-ad25-4184-aa9b-9d5680dbb42f, CreationTimestamp2022-01-10T13:24:18.199Z[Etc/UTC]] moved to OPEN state
2022-01-10 13:24:24,334 [EventQueue-PipelineReportForPipelineReportHandler] ERROR events.SingleThreadExecutor (SingleThreadExecutor.java:lambda$onMessage$1(88)) - Error on execution message org.apache.hadoop.hdds.scm.server.SCMDatanodeHeartbeatDispatcher$PipelineReportFromDatanode@33dcc7ca
java.lang.reflect.UndeclaredThrowableException
	at com.sun.proxy.$Proxy23.updatePipelineState(Unknown Source)
	at org.apache.hadoop.hdds.scm.pipeline.PipelineManagerImpl.openPipeline(PipelineManagerImpl.java:292)
	at org.apache.hadoop.hdds.scm.pipeline.PipelineReportHandler.processPipelineReport(PipelineReportHandler.java:133)
	at org.apache.hadoop.hdds.scm.pipeline.PipelineReportHandler.onMessage(PipelineReportHandler.java:92)
	at org.apache.hadoop.hdds.scm.pipeline.PipelineReportHandler.onMessage(PipelineReportHandler.java:51)
	at org.apache.hadoop.hdds.server.events.SingleThreadExecutor.lambda$onMessage$1(SingleThreadExecutor.java:85)
	at java.util.concurrent.ThreadPoolExecutor.runWorker(ThreadPoolExecutor.java:1149)
	at java.util.concurrent.ThreadPoolExecutor$Worker.run(ThreadPoolExecutor.java:624)
	at java.lang.Thread.run(Thread.java:748)
Caused by: java.util.concurrent.ExecutionException: org.apache.ratis.protocol.exceptions.ServerNotReadyException: 3cceec15-32e1-41e4-89f4-0cb3bb7604e2@group-74F7029FD382 is not in [RUNNING]: current state is CLOSED
	at java.util.concurrent.CompletableFuture.reportGet(CompletableFuture.java:357)
	at java.util.concurrent.CompletableFuture.get(CompletableFuture.java:1928)
	at org.apache.hadoop.hdds.scm.ha.SCMRatisServerImpl.submitRequest(SCMRatisServerImpl.java:223)
	at org.apache.hadoop.hdds.scm.ha.SCMHAInvocationHandler.invokeRatis(SCMHAInvocationHandler.java:110)
	at org.apache.hadoop.hdds.scm.ha.SCMHAInvocationHandler.invoke(SCMHAInvocationHandler.java:67)
	... 9 more
Caused by: org.apache.ratis.protocol.exceptions.ServerNotReadyException: 3cceec15-32e1-41e4-89f4-0cb3bb7604e2@group-74F7029FD382 is not in [RUNNING]: current state is CLOSED
	at org.apache.ratis.server.impl.RaftServerImpl.lambda$assertLifeCycleState$9(RaftServerImpl.java:672)
	at org.apache.ratis.util.LifeCycle.assertCurrentState(LifeCycle.java:253)
	at org.apache.ratis.server.impl.RaftServerImpl.assertLifeCycleState(RaftServerImpl.java:671)
	at org.apache.ratis.server.impl.RaftServerImpl.submitClientRequestAsync(RaftServerImpl.java:748)
	at org.apache.ratis.server.impl.RaftServerProxy.lambda$submitClientRequestAsync$9(RaftServerProxy.java:417)
	at org.apache.ratis.server.impl.RaftServerProxy.lambda$null$7(RaftServerProxy.java:412)
	at org.apache.ratis.util.JavaUtils.callAsUnchecked(JavaUtils.java:115)
	at org.apache.ratis.server.impl.RaftServerProxy.lambda$submitRequest$8(RaftServerProxy.java:412)
	at java.util.concurrent.CompletableFuture.uniComposeStage(CompletableFuture.java:995)
	at java.util.concurrent.CompletableFuture.thenCompose(CompletableFuture.java:2137)
	at org.apache.ratis.server.impl.RaftServerProxy.submitRequest(RaftServerProxy.java:411)
	at org.apache.ratis.server.impl.RaftServerProxy.submitClientRequestAsync(RaftServerProxy.java:417)
	at org.apache.hadoop.hdds.scm.ha.SCMRatisServerImpl.submitRequest(SCMRatisServerImpl.java:222)
	... 11 more
2022-01-10 13:24:24,653 [EndpointStateMachine task thread for /127.0.0.1:14629 - 0 ] INFO  ipc.Client (Client.java:handleConnectionFailure(977)) - Retrying connect to server: localhost/127.0.0.1:14629. Already tried 6 time(s); retry policy is RetryUpToMaximumCountWithFixedSleep(maxRetries=15, sleepTime=1000 MILLISECONDS)
2022-01-10 13:24:24,666 [EventQueue-PipelineReportForPipelineReportHandler] INFO  pipeline.PipelineManagerImpl (PipelineManagerImpl.java:openPipeline(291)) - Pipeline Pipeline[ Id: 85deabe5-ad07-422e-babd-a4d2df4c4470, Nodes: 9ca66d1e-a818-43c9-bf62-5187506efa35{ip: 127.0.0.1, host: localhost, ports: [REPLICATION=37635, RATIS=42475, RATIS_ADMIN=42475, RATIS_SERVER=42475, STANDALONE=35603], networkLocation: /default-rack, certSerialId: null, persistedOpState: IN_SERVICE, persistedOpStateExpiryEpochSec: 0}cd4304a5-ad25-4184-aa9b-9d5680dbb42f{ip: 127.0.0.1, host: localhost, ports: [REPLICATION=36991, RATIS=44433, RATIS_ADMIN=44433, RATIS_SERVER=44433, STANDALONE=35009], networkLocation: /default-rack, certSerialId: null, persistedOpState: IN_SERVICE, persistedOpStateExpiryEpochSec: 0}4b3c65cf-387e-4213-93df-57198a9c946a{ip: 127.0.0.1, host: localhost, ports: [REPLICATION=44073, RATIS=38165, RATIS_ADMIN=38165, RATIS_SERVER=38165, STANDALONE=45653], networkLocation: /default-rack, certSerialId: null, persistedOpState: IN_SERVICE, persistedOpStateExpiryEpochSec: 0}, ReplicationConfig: RATIS/THREE, State:ALLOCATED, leaderId:cd4304a5-ad25-4184-aa9b-9d5680dbb42f, CreationTimestamp2022-01-10T13:24:18.199Z[Etc/UTC]] moved to OPEN state
2022-01-10 13:24:24,666 [EventQueue-PipelineReportForPipelineReportHandler] ERROR events.SingleThreadExecutor (SingleThreadExecutor.java:lambda$onMessage$1(88)) - Error on execution message org.apache.hadoop.hdds.scm.server.SCMDatanodeHeartbeatDispatcher$PipelineReportFromDatanode@51f2a88d
java.lang.reflect.UndeclaredThrowableException
	at com.sun.proxy.$Proxy23.updatePipelineState(Unknown Source)
	at org.apache.hadoop.hdds.scm.pipeline.PipelineManagerImpl.openPipeline(PipelineManagerImpl.java:292)
	at org.apache.hadoop.hdds.scm.pipeline.PipelineReportHandler.processPipelineReport(PipelineReportHandler.java:133)
	at org.apache.hadoop.hdds.scm.pipeline.PipelineReportHandler.onMessage(PipelineReportHandler.java:92)
	at org.apache.hadoop.hdds.scm.pipeline.PipelineReportHandler.onMessage(PipelineReportHandler.java:51)
	at org.apache.hadoop.hdds.server.events.SingleThreadExecutor.lambda$onMessage$1(SingleThreadExecutor.java:85)
	at java.util.concurrent.ThreadPoolExecutor.runWorker(ThreadPoolExecutor.java:1149)
	at java.util.concurrent.ThreadPoolExecutor$Worker.run(ThreadPoolExecutor.java:624)
	at java.lang.Thread.run(Thread.java:748)
Caused by: java.util.concurrent.ExecutionException: org.apache.ratis.protocol.exceptions.ServerNotReadyException: 3cceec15-32e1-41e4-89f4-0cb3bb7604e2@group-74F7029FD382 is not in [RUNNING]: current state is CLOSED
	at java.util.concurrent.CompletableFuture.reportGet(CompletableFuture.java:357)
	at java.util.concurrent.CompletableFuture.get(CompletableFuture.java:1928)
	at org.apache.hadoop.hdds.scm.ha.SCMRatisServerImpl.submitRequest(SCMRatisServerImpl.java:223)
	at org.apache.hadoop.hdds.scm.ha.SCMHAInvocationHandler.invokeRatis(SCMHAInvocationHandler.java:110)
	at org.apache.hadoop.hdds.scm.ha.SCMHAInvocationHandler.invoke(SCMHAInvocationHandler.java:67)
	... 9 more
Caused by: org.apache.ratis.protocol.exceptions.ServerNotReadyException: 3cceec15-32e1-41e4-89f4-0cb3bb7604e2@group-74F7029FD382 is not in [RUNNING]: current state is CLOSED
	at org.apache.ratis.server.impl.RaftServerImpl.lambda$assertLifeCycleState$9(RaftServerImpl.java:672)
	at org.apache.ratis.util.LifeCycle.assertCurrentState(LifeCycle.java:253)
	at org.apache.ratis.server.impl.RaftServerImpl.assertLifeCycleState(RaftServerImpl.java:671)
	at org.apache.ratis.server.impl.RaftServerImpl.submitClientRequestAsync(RaftServerImpl.java:748)
	at org.apache.ratis.server.impl.RaftServerProxy.lambda$submitClientRequestAsync$9(RaftServerProxy.java:417)
	at org.apache.ratis.server.impl.RaftServerProxy.lambda$null$7(RaftServerProxy.java:412)
	at org.apache.ratis.util.JavaUtils.callAsUnchecked(JavaUtils.java:115)
	at org.apache.ratis.server.impl.RaftServerProxy.lambda$submitRequest$8(RaftServerProxy.java:412)
	at java.util.concurrent.CompletableFuture.uniComposeStage(CompletableFuture.java:995)
	at java.util.concurrent.CompletableFuture.thenCompose(CompletableFuture.java:2137)
	at org.apache.ratis.server.impl.RaftServerProxy.submitRequest(RaftServerProxy.java:411)
	at org.apache.ratis.server.impl.RaftServerProxy.submitClientRequestAsync(RaftServerProxy.java:417)
	at org.apache.hadoop.hdds.scm.ha.SCMRatisServerImpl.submitRequest(SCMRatisServerImpl.java:222)
	... 11 more
2022-01-10 13:24:24,667 [EndpointStateMachine task thread for /127.0.0.1:14619 - 0 ] INFO  ipc.Client (Client.java:handleConnectionFailure(977)) - Retrying connect to server: localhost/127.0.0.1:14619. Already tried 6 time(s); retry policy is RetryUpToMaximumCountWithFixedSleep(maxRetries=15, sleepTime=1000 MILLISECONDS)
2022-01-10 13:24:24,669 [EndpointStateMachine task thread for /127.0.0.1:14609 - 0 ] INFO  ipc.Client (Client.java:handleConnectionFailure(977)) - Retrying connect to server: localhost/127.0.0.1:14609. Already tried 9 time(s); retry policy is RetryUpToMaximumCountWithFixedSleep(maxRetries=15, sleepTime=1000 MILLISECONDS)
2022-01-10 13:24:24,964 [SCM Heartbeat Processing Thread - 0] WARN  node.NodeStateManager (NodeStateManager.java:scheduleNextHealthCheck(799)) - Current Thread is interrupted, shutting down HB processing thread for Node Manager.
2022-01-10 13:24:24,964 [Listener at 127.0.0.1/11264] INFO  server.StorageContainerManager (StorageContainerManager.java:stop(1426)) - Stopping block service RPC server
2022-01-10 13:24:24,964 [Listener at 127.0.0.1/11264] INFO  server.SCMBlockProtocolServer (SCMBlockProtocolServer.java:stop(160)) - Stopping the RPC server for Block Protocol
2022-01-10 13:24:24,965 [Listener at 127.0.0.1/11264] INFO  ipc.Server (Server.java:stop(3414)) - Stopping server on 12878
2022-01-10 13:24:24,972 [Listener at 127.0.0.1/11264] INFO  server.StorageContainerManager (StorageContainerManager.java:stop(1433)) - Stopping the StorageContainerLocationProtocol RPC server
2022-01-10 13:24:24,972 [Listener at 127.0.0.1/11264] INFO  server.SCMClientProtocolServer (SCMClientProtocolServer.java:stop(173)) - Stopping the RPC server for Client Protocol
2022-01-10 13:24:24,972 [Listener at 127.0.0.1/11264] INFO  ipc.Server (Server.java:stop(3414)) - Stopping server on 12879
2022-01-10 13:24:24,973 [IPC Server Responder] INFO  ipc.Server (Server.java:run(1512)) - Stopping IPC Server Responder
2022-01-10 13:24:24,974 [IPC Server listener on 12878] INFO  ipc.Server (Server.java:run(1376)) - Stopping IPC Server listener on 12878
2022-01-10 13:24:24,985 [IPC Server Responder] INFO  ipc.Server (Server.java:run(1512)) - Stopping IPC Server Responder
2022-01-10 13:24:24,985 [Listener at 127.0.0.1/11264] INFO  server.StorageContainerManager (StorageContainerManager.java:stop(1440)) - Stopping Storage Container Manager HTTP server.
2022-01-10 13:24:24,986 [Listener at 127.0.0.1/11264] INFO  handler.ContextHandler (ContextHandler.java:doStop(1153)) - Stopped o.e.j.w.WebAppContext@2dfecd52{scm,/,null,STOPPED}{file:/home/runner/work/ozone/ozone/hadoop-ozone/integration-test/target/test-classes/webapps/scm}
2022-01-10 13:24:24,986 [IPC Server listener on 12879] INFO  ipc.Server (Server.java:run(1376)) - Stopping IPC Server listener on 12879
2022-01-10 13:24:24,993 [Listener at 127.0.0.1/11264] INFO  server.AbstractConnector (AbstractConnector.java:doStop(381)) - Stopped ServerConnector@6169de0c{HTTP/1.1, (http/1.1)}{0.0.0.0:12874}
2022-01-10 13:24:24,993 [Listener at 127.0.0.1/11264] INFO  server.session (HouseKeeper.java:stopScavenging(149)) - node0 Stopped scavenging
2022-01-10 13:24:24,994 [Listener at 127.0.0.1/11264] INFO  handler.ContextHandler (ContextHandler.java:doStop(1153)) - Stopped o.e.j.s.ServletContextHandler@4aaa6e62{static,/static,file:///home/runner/work/ozone/ozone/hadoop-ozone/integration-test/target/test-classes/webapps/static,STOPPED}
2022-01-10 13:24:24,994 [Listener at 127.0.0.1/11264] INFO  handler.ContextHandler (ContextHandler.java:doStop(1153)) - Stopped o.e.j.s.ServletContextHandler@78b9ef0c{logs,/logs,file:///home/runner/work/ozone/ozone/hadoop-ozone/integration-test/target/log,STOPPED}
2022-01-10 13:24:24,995 [Listener at 127.0.0.1/11264] INFO  server.StorageContainerManager (StorageContainerManager.java:stop(1451)) - Stopping Block Manager Service.
2022-01-10 13:24:24,995 [Listener at 127.0.0.1/11264] INFO  utils.BackgroundService (BackgroundService.java:shutdown(132)) - Shutting down service SCMBlockDeletingService
2022-01-10 13:24:24,995 [Listener at 127.0.0.1/11264] INFO  utils.BackgroundService (BackgroundService.java:shutdown(132)) - Shutting down service SCMBlockDeletingService
2022-01-10 13:24:24,996 [Listener at 127.0.0.1/11264] INFO  server.StorageContainerManager (StorageContainerManager.java:stop(1478)) - Stopping SCM Event Queue.
2022-01-10 13:24:24,997 [Listener at 127.0.0.1/11264] INFO  server.StorageContainerManager (StorageContainerManager.java:stop(1489)) - Stopping SCM HA services.
2022-01-10 13:24:24,997 [Listener at 127.0.0.1/11264] INFO  ha.SCMRatisServerImpl (SCMRatisServerImpl.java:stop(236)) - stopping ratis server 0.0.0.0:12876
2022-01-10 13:24:24,998 [Listener at 127.0.0.1/11264] INFO  server.RaftServer (RaftServerProxy.java:lambda$close$6(391)) - 7fcd8313-8ccc-4d12-b0b9-018c7cf319d8: close
2022-01-10 13:24:24,998 [Listener at 127.0.0.1/11264] INFO  server.RaftServer$Division (RaftServerImpl.java:lambda$close$4(412)) - 7fcd8313-8ccc-4d12-b0b9-018c7cf319d8@group-74F7029FD382: shutdown
2022-01-10 13:24:24,998 [Listener at 127.0.0.1/11264] INFO  util.JmxRegister (JmxRegister.java:unregister(73)) - Successfully un-registered JMX Bean with object name Ratis:service=RaftServer,group=group-74F7029FD382,id=7fcd8313-8ccc-4d12-b0b9-018c7cf319d8
2022-01-10 13:24:24,998 [Listener at 127.0.0.1/11264] INFO  impl.RoleInfo (RoleInfo.java:shutdownLeaderState(91)) - 7fcd8313-8ccc-4d12-b0b9-018c7cf319d8: shutdown 7fcd8313-8ccc-4d12-b0b9-018c7cf319d8@group-74F7029FD382-LeaderStateImpl
2022-01-10 13:24:24,998 [7fcd8313-8ccc-4d12-b0b9-018c7cf319d8@group-74F7029FD382->494c7a1b-9442-431c-b450-0b8d0617d867-GrpcLogAppender-LogAppenderDaemon] WARN  server.GrpcLogAppender (GrpcLogAppender.java:mayWait(177)) - 7fcd8313-8ccc-4d12-b0b9-018c7cf319d8@group-74F7029FD382->494c7a1b-9442-431c-b450-0b8d0617d867-GrpcLogAppender: Wait interrupted by java.lang.InterruptedException
2022-01-10 13:24:24,999 [Listener at 127.0.0.1/11264] INFO  impl.PendingRequests (PendingRequests.java:sendNotLeaderResponses(282)) - 7fcd8313-8ccc-4d12-b0b9-018c7cf319d8@group-74F7029FD382-PendingRequests: sendNotLeaderResponses
2022-01-10 13:24:24,999 [grpc-default-executor-3] INFO  server.GrpcServerProtocolService (GrpcServerProtocolService.java:onCompleted(140)) - 494c7a1b-9442-431c-b450-0b8d0617d867: Completed APPEND_ENTRIES, lastRequest: 7fcd8313-8ccc-4d12-b0b9-018c7cf319d8->494c7a1b-9442-431c-b450-0b8d0617d867#1170-t2,previous=(t:2, i:29),leaderCommit=29,initializing? true,entries: size=1, first=(t:2, i:30), METADATAENTRY(c:29)
2022-01-10 13:24:25,000 [grpc-default-executor-2] INFO  server.GrpcLogAppender (GrpcLogAppender.java:onCompleted(346)) - 7fcd8313-8ccc-4d12-b0b9-018c7cf319d8@group-74F7029FD382->494c7a1b-9442-431c-b450-0b8d0617d867-AppendLogResponseHandler: follower responses appendEntries COMPLETED
2022-01-10 13:24:25,000 [grpc-default-executor-2] INFO  leader.FollowerInfo (FollowerInfoImpl.java:lambda$new$0(47)) - 7fcd8313-8ccc-4d12-b0b9-018c7cf319d8@group-74F7029FD382->494c7a1b-9442-431c-b450-0b8d0617d867: nextIndex: updateUnconditionally 31 -> 30
2022-01-10 13:24:25,000 [Listener at 127.0.0.1/11264] INFO  ha.SCMStateMachine (SCMStateMachine.java:notifyNotLeader(190)) - current leader SCM steps down.
2022-01-10 13:24:25,001 [Listener at 127.0.0.1/11264] INFO  ha.SCMContext (SCMContext.java:updateLeaderAndTerm(90)) - update <isLeader,term> from <true,2> to <false,0>
2022-01-10 13:24:25,001 [Listener at 127.0.0.1/11264] INFO  ha.SCMContext (SCMContext.java:updateLeaderAndTerm(97)) - update <isLeaderReady> from <false> to <false>
2022-01-10 13:24:24,999 [7fcd8313-8ccc-4d12-b0b9-018c7cf319d8@group-74F7029FD382->3cceec15-32e1-41e4-89f4-0cb3bb7604e2-GrpcLogAppender-LogAppenderDaemon] WARN  server.GrpcLogAppender (GrpcLogAppender.java:mayWait(177)) - 7fcd8313-8ccc-4d12-b0b9-018c7cf319d8@group-74F7029FD382->3cceec15-32e1-41e4-89f4-0cb3bb7604e2-GrpcLogAppender: Wait interrupted by java.lang.InterruptedException
2022-01-10 13:24:25,002 [grpc-default-executor-3] INFO  server.GrpcServerProtocolService (GrpcServerProtocolService.java:onCompleted(140)) - 3cceec15-32e1-41e4-89f4-0cb3bb7604e2: Completed APPEND_ENTRIES, lastRequest: 7fcd8313-8ccc-4d12-b0b9-018c7cf319d8->3cceec15-32e1-41e4-89f4-0cb3bb7604e2#35-t2,previous=(t:2, i:29),leaderCommit=29,initializing? true,entries: size=1, first=(t:2, i:30), METADATAENTRY(c:29)
2022-01-10 13:24:25,003 [grpc-default-executor-3] INFO  server.GrpcLogAppender (GrpcLogAppender.java:onCompleted(346)) - 7fcd8313-8ccc-4d12-b0b9-018c7cf319d8@group-74F7029FD382->3cceec15-32e1-41e4-89f4-0cb3bb7604e2-AppendLogResponseHandler: follower responses appendEntries COMPLETED
2022-01-10 13:24:25,003 [grpc-default-executor-3] INFO  leader.FollowerInfo (FollowerInfoImpl.java:lambda$new$0(47)) - 7fcd8313-8ccc-4d12-b0b9-018c7cf319d8@group-74F7029FD382->3cceec15-32e1-41e4-89f4-0cb3bb7604e2: nextIndex: updateUnconditionally 31 -> 30
2022-01-10 13:24:25,004 [Listener at 127.0.0.1/11264] INFO  impl.StateMachineUpdater (StateMachineUpdater.java:stopAndJoin(149)) - 7fcd8313-8ccc-4d12-b0b9-018c7cf319d8@group-74F7029FD382-StateMachineUpdater: set stopIndex = 30
2022-01-10 13:24:25,005 [Listener at 127.0.0.1/11264] INFO  server.RaftServer$Division (ServerState.java:close(419)) - 7fcd8313-8ccc-4d12-b0b9-018c7cf319d8@group-74F7029FD382: closes. applyIndex: 30
2022-01-10 13:24:25,007 [7fcd8313-8ccc-4d12-b0b9-018c7cf319d8@group-74F7029FD382-SegmentedRaftLogWorker] INFO  segmented.SegmentedRaftLogWorker (SegmentedRaftLogWorker.java:run(327)) - 7fcd8313-8ccc-4d12-b0b9-018c7cf319d8@group-74F7029FD382-SegmentedRaftLogWorker was interrupted, exiting. There are 0 tasks remaining in the queue.
2022-01-10 13:24:25,009 [Listener at 127.0.0.1/11264] INFO  segmented.SegmentedRaftLogWorker (SegmentedRaftLogWorker.java:close(237)) - 7fcd8313-8ccc-4d12-b0b9-018c7cf319d8@group-74F7029FD382-SegmentedRaftLogWorker close()
2022-01-10 13:24:25,010 [Listener at 127.0.0.1/11264] INFO  server.GrpcService (GrpcService.java:closeImpl(262)) - 7fcd8313-8ccc-4d12-b0b9-018c7cf319d8: shutdown server with port 12876 now
2022-01-10 13:24:25,013 [Listener at 127.0.0.1/11264] INFO  server.GrpcService (GrpcService.java:closeImpl(271)) - 7fcd8313-8ccc-4d12-b0b9-018c7cf319d8: shutdown server with port 12876 successfully
2022-01-10 13:24:25,013 [org.apache.ratis.util.JvmPauseMonitor$$Lambda$500/2122256138@55f20d7e] INFO  util.JvmPauseMonitor (JvmPauseMonitor.java:run(109)) - JvmPauseMonitor-7fcd8313-8ccc-4d12-b0b9-018c7cf319d8: Stopped
2022-01-10 13:24:25,014 [Listener at 127.0.0.1/11264] INFO  pipeline.BackgroundPipelineCreator (BackgroundPipelineCreator.java:stop(158)) - Stopping RatisPipelineUtilsThread.
2022-01-10 13:24:25,015 [Listener at 127.0.0.1/11264] INFO  server.StorageContainerManager (StorageContainerManager.java:stop(1499)) - Stopping SCM MetadataStore.
2022-01-10 13:24:25,016 [Listener at 127.0.0.1/11264] INFO  impl.MetricsSystemImpl (MetricsSystemImpl.java:stop(210)) - Stopping StorageContainerManager metrics system...
2022-01-10 13:24:25,026 [prometheus] INFO  impl.MetricsSinkAdapter (MetricsSinkAdapter.java:publishMetricsFromQueue(141)) - prometheus thread interrupted.
2022-01-10 13:24:25,026 [Listener at 127.0.0.1/11264] INFO  impl.MetricsSystemImpl (MetricsSystemImpl.java:stop(216)) - StorageContainerManager metrics system stopped.
2022-01-10 13:24:25,026 [Listener at 127.0.0.1/11264] INFO  ozone.MiniOzoneHAClusterImpl (MiniOzoneHAClusterImpl.java:stop(324)) - Stopping the StorageContainerManager 3cceec15-32e1-41e4-89f4-0cb3bb7604e2
2022-01-10 13:24:25,027 [Listener at 127.0.0.1/11264] INFO  server.StorageContainerManager (StorageContainerManager.java:stop(1390)) - Stopping Container Balancer service.
2022-01-10 13:24:25,027 [Listener at 127.0.0.1/11264] INFO  balancer.ContainerBalancer (ContainerBalancer.java:stop(750)) - Container Balancer is not running.
2022-01-10 13:24:25,027 [Listener at 127.0.0.1/11264] INFO  server.StorageContainerManager (StorageContainerManager.java:stop(1397)) - Stopping Replication Manager Service.
2022-01-10 13:24:25,027 [Listener at 127.0.0.1/11264] INFO  container.ReplicationManager (ReplicationManager.java:stop(350)) - Stopping Replication Monitor Thread.
2022-01-10 13:24:25,027 [Listener at 127.0.0.1/11264] INFO  server.StorageContainerManager (StorageContainerManager.java:stop(1404)) - Stopping the Datanode Admin Monitor.
2022-01-10 13:24:25,027 [Listener at 127.0.0.1/11264] INFO  server.StorageContainerManager (StorageContainerManager.java:stop(1411)) - Stopping Lease Manager of the command watchers
2022-01-10 13:24:25,027 [Listener at 127.0.0.1/11264] INFO  server.StorageContainerManager (StorageContainerManager.java:stop(1418)) - Stopping datanode service RPC server
2022-01-10 13:24:25,027 [Listener at 127.0.0.1/11264] INFO  server.SCMDatanodeProtocolServer (SCMDatanodeProtocolServer.java:stop(390)) - Stopping the RPC server for DataNodes
2022-01-10 13:24:25,027 [Listener at 127.0.0.1/11264] INFO  ipc.Server (Server.java:stop(3414)) - Stopping server on 12897
2022-01-10 13:24:25,030 [IPC Server listener on 12897] INFO  ipc.Server (Server.java:run(1376)) - Stopping IPC Server listener on 12897
2022-01-10 13:24:25,030 [IPC Server Responder] INFO  ipc.Server (Server.java:run(1512)) - Stopping IPC Server Responder
2022-01-10 13:24:25,083 [SCM Heartbeat Processing Thread - 0] WARN  node.NodeStateManager (NodeStateManager.java:scheduleNextHealthCheck(799)) - Current Thread is interrupted, shutting down HB processing thread for Node Manager.
2022-01-10 13:24:25,083 [Listener at 127.0.0.1/11264] INFO  server.StorageContainerManager (StorageContainerManager.java:stop(1426)) - Stopping block service RPC server
2022-01-10 13:24:25,083 [Listener at 127.0.0.1/11264] INFO  server.SCMBlockProtocolServer (SCMBlockProtocolServer.java:stop(160)) - Stopping the RPC server for Block Protocol
2022-01-10 13:24:25,083 [Listener at 127.0.0.1/11264] INFO  ipc.Server (Server.java:stop(3414)) - Stopping server on 12898
2022-01-10 13:24:25,084 [IPC Server listener on 12898] INFO  ipc.Server (Server.java:run(1376)) - Stopping IPC Server listener on 12898
2022-01-10 13:24:25,087 [Listener at 127.0.0.1/11264] INFO  server.StorageContainerManager (StorageContainerManager.java:stop(1433)) - Stopping the StorageContainerLocationProtocol RPC server
2022-01-10 13:24:25,087 [Listener at 127.0.0.1/11264] INFO  server.SCMClientProtocolServer (SCMClientProtocolServer.java:stop(173)) - Stopping the RPC server for Client Protocol
2022-01-10 13:24:25,087 [Listener at 127.0.0.1/11264] INFO  ipc.Server (Server.java:stop(3414)) - Stopping server on 12899
2022-01-10 13:24:25,087 [IPC Server Responder] INFO  ipc.Server (Server.java:run(1512)) - Stopping IPC Server Responder
2022-01-10 13:24:25,090 [Listener at 127.0.0.1/11264] INFO  server.StorageContainerManager (StorageContainerManager.java:stop(1440)) - Stopping Storage Container Manager HTTP server.
2022-01-10 13:24:25,090 [IPC Server Responder] INFO  ipc.Server (Server.java:run(1512)) - Stopping IPC Server Responder
2022-01-10 13:24:25,090 [IPC Server listener on 12899] INFO  ipc.Server (Server.java:run(1376)) - Stopping IPC Server listener on 12899
2022-01-10 13:24:25,091 [Listener at 127.0.0.1/11264] INFO  handler.ContextHandler (ContextHandler.java:doStop(1153)) - Stopped o.e.j.w.WebAppContext@26a1028e{scm,/,null,STOPPED}{file:/home/runner/work/ozone/ozone/hadoop-ozone/integration-test/target/test-classes/webapps/scm}
2022-01-10 13:24:25,092 [Listener at 127.0.0.1/11264] INFO  server.AbstractConnector (AbstractConnector.java:doStop(381)) - Stopped ServerConnector@7856f5e7{HTTP/1.1, (http/1.1)}{0.0.0.0:12894}
2022-01-10 13:24:25,092 [Listener at 127.0.0.1/11264] INFO  server.session (HouseKeeper.java:stopScavenging(149)) - node0 Stopped scavenging
2022-01-10 13:24:25,094 [Listener at 127.0.0.1/11264] INFO  handler.ContextHandler (ContextHandler.java:doStop(1153)) - Stopped o.e.j.s.ServletContextHandler@a56d443{static,/static,file:///home/runner/work/ozone/ozone/hadoop-ozone/integration-test/target/test-classes/webapps/static,STOPPED}
2022-01-10 13:24:25,094 [Listener at 127.0.0.1/11264] INFO  handler.ContextHandler (ContextHandler.java:doStop(1153)) - Stopped o.e.j.s.ServletContextHandler@5f3e07b5{logs,/logs,file:///home/runner/work/ozone/ozone/hadoop-ozone/integration-test/target/log,STOPPED}
2022-01-10 13:24:25,098 [Listener at 127.0.0.1/11264] INFO  server.StorageContainerManager (StorageContainerManager.java:stop(1451)) - Stopping Block Manager Service.
2022-01-10 13:24:25,098 [Listener at 127.0.0.1/11264] INFO  utils.BackgroundService (BackgroundService.java:shutdown(132)) - Shutting down service SCMBlockDeletingService
2022-01-10 13:24:25,098 [Listener at 127.0.0.1/11264] INFO  utils.BackgroundService (BackgroundService.java:shutdown(132)) - Shutting down service SCMBlockDeletingService
2022-01-10 13:24:25,099 [Listener at 127.0.0.1/11264] INFO  server.StorageContainerManager (StorageContainerManager.java:stop(1478)) - Stopping SCM Event Queue.
2022-01-10 13:24:25,101 [Listener at 127.0.0.1/11264] INFO  server.StorageContainerManager (StorageContainerManager.java:stop(1489)) - Stopping SCM HA services.
2022-01-10 13:24:25,101 [Listener at 127.0.0.1/11264] INFO  ha.SCMRatisServerImpl (SCMRatisServerImpl.java:stop(236)) - stopping ratis server 0.0.0.0:12896
2022-01-10 13:24:25,101 [Listener at 127.0.0.1/11264] INFO  server.RaftServer (RaftServerProxy.java:lambda$close$6(391)) - 3cceec15-32e1-41e4-89f4-0cb3bb7604e2: close
2022-01-10 13:24:25,102 [Listener at 127.0.0.1/11264] INFO  server.GrpcService (GrpcService.java:closeImpl(262)) - 3cceec15-32e1-41e4-89f4-0cb3bb7604e2: shutdown server with port 12896 now
2022-01-10 13:24:25,117 [Listener at 127.0.0.1/11264] INFO  server.GrpcService (GrpcService.java:closeImpl(271)) - 3cceec15-32e1-41e4-89f4-0cb3bb7604e2: shutdown server with port 12896 successfully
2022-01-10 13:24:25,117 [org.apache.ratis.util.JvmPauseMonitor$$Lambda$500/2122256138@a5b556e] INFO  util.JvmPauseMonitor (JvmPauseMonitor.java:run(109)) - JvmPauseMonitor-3cceec15-32e1-41e4-89f4-0cb3bb7604e2: Stopped
2022-01-10 13:24:25,121 [Listener at 127.0.0.1/11264] INFO  pipeline.BackgroundPipelineCreator (BackgroundPipelineCreator.java:stop(158)) - Stopping RatisPipelineUtilsThread.
2022-01-10 13:24:25,121 [Listener at 127.0.0.1/11264] INFO  server.StorageContainerManager (StorageContainerManager.java:stop(1499)) - Stopping SCM MetadataStore.
2022-01-10 13:24:25,122 [Listener at 127.0.0.1/11264] INFO  impl.MetricsSystemImpl (MetricsSystemImpl.java:stop(205)) - StorageContainerManager metrics system stopped (again)
2022-01-10 13:24:25,122 [Listener at 127.0.0.1/11264] INFO  ozone.MiniOzoneHAClusterImpl (MiniOzoneHAClusterImpl.java:stop(324)) - Stopping the StorageContainerManager 494c7a1b-9442-431c-b450-0b8d0617d867
2022-01-10 13:24:25,122 [Listener at 127.0.0.1/11264] INFO  server.StorageContainerManager (StorageContainerManager.java:stop(1390)) - Stopping Container Balancer service.
2022-01-10 13:24:25,122 [Listener at 127.0.0.1/11264] INFO  balancer.ContainerBalancer (ContainerBalancer.java:stop(750)) - Container Balancer is not running.
2022-01-10 13:24:25,122 [Listener at 127.0.0.1/11264] INFO  server.StorageContainerManager (StorageContainerManager.java:stop(1397)) - Stopping Replication Manager Service.
2022-01-10 13:24:25,122 [Listener at 127.0.0.1/11264] INFO  container.ReplicationManager (ReplicationManager.java:stop(350)) - Stopping Replication Monitor Thread.
2022-01-10 13:24:25,123 [Listener at 127.0.0.1/11264] INFO  server.StorageContainerManager (StorageContainerManager.java:stop(1404)) - Stopping the Datanode Admin Monitor.
2022-01-10 13:24:25,123 [Listener at 127.0.0.1/11264] INFO  server.StorageContainerManager (StorageContainerManager.java:stop(1411)) - Stopping Lease Manager of the command watchers
2022-01-10 13:24:25,123 [Listener at 127.0.0.1/11264] INFO  server.StorageContainerManager (StorageContainerManager.java:stop(1418)) - Stopping datanode service RPC server
2022-01-10 13:24:25,123 [Listener at 127.0.0.1/11264] INFO  server.SCMDatanodeProtocolServer (SCMDatanodeProtocolServer.java:stop(390)) - Stopping the RPC server for DataNodes
2022-01-10 13:24:25,123 [Listener at 127.0.0.1/11264] INFO  ipc.Server (Server.java:stop(3414)) - Stopping server on 12887
2022-01-10 13:24:25,125 [IPC Server listener on 12887] INFO  ipc.Server (Server.java:run(1376)) - Stopping IPC Server listener on 12887
2022-01-10 13:24:25,126 [IPC Server Responder] INFO  ipc.Server (Server.java:run(1512)) - Stopping IPC Server Responder
2022-01-10 13:24:25,154 [EndpointStateMachine task thread for /127.0.0.1:12897 - 0 ] WARN  statemachine.EndpointStateMachine (EndpointStateMachine.java:logIfNeeded(236)) - Unable to communicate to SCM server at localhost:12897 for past 0 seconds.
java.io.EOFException: End of File Exception between local host is: "fv-az12-360/10.1.0.41"; destination host is: "localhost":12897; : java.io.EOFException; For more details see:  http://wiki.apache.org/hadoop/EOFException
	at sun.reflect.NativeConstructorAccessorImpl.newInstance0(Native Method)
	at sun.reflect.NativeConstructorAccessorImpl.newInstance(NativeConstructorAccessorImpl.java:62)
	at sun.reflect.DelegatingConstructorAccessorImpl.newInstance(DelegatingConstructorAccessorImpl.java:45)
	at java.lang.reflect.Constructor.newInstance(Constructor.java:423)
	at org.apache.hadoop.net.NetUtils.wrapWithMessage(NetUtils.java:913)
	at org.apache.hadoop.net.NetUtils.wrapException(NetUtils.java:862)
	at org.apache.hadoop.ipc.Client.getRpcResponse(Client.java:1577)
	at org.apache.hadoop.ipc.Client.call(Client.java:1519)
	at org.apache.hadoop.ipc.Client.call(Client.java:1416)
	at org.apache.hadoop.ipc.ProtobufRpcEngine$Invoker.invoke(ProtobufRpcEngine.java:236)
	at org.apache.hadoop.ipc.ProtobufRpcEngine$Invoker.invoke(ProtobufRpcEngine.java:123)
	at com.sun.proxy.$Proxy48.submitRequest(Unknown Source)
	at org.apache.hadoop.ozone.protocolPB.StorageContainerDatanodeProtocolClientSideTranslatorPB.submitRequest(StorageContainerDatanodeProtocolClientSideTranslatorPB.java:117)
	at org.apache.hadoop.ozone.protocolPB.StorageContainerDatanodeProtocolClientSideTranslatorPB.sendHeartbeat(StorageContainerDatanodeProtocolClientSideTranslatorPB.java:149)
	at org.apache.hadoop.ozone.container.common.states.endpoint.HeartbeatEndpointTask.call(HeartbeatEndpointTask.java:179)
	at org.apache.hadoop.ozone.container.common.states.endpoint.HeartbeatEndpointTask.call(HeartbeatEndpointTask.java:82)
	at java.util.concurrent.FutureTask.run(FutureTask.java:266)
	at java.util.concurrent.ThreadPoolExecutor.runWorker(ThreadPoolExecutor.java:1149)
	at java.util.concurrent.ThreadPoolExecutor$Worker.run(ThreadPoolExecutor.java:624)
	at java.lang.Thread.run(Thread.java:748)
Caused by: java.io.EOFException
	at java.io.DataInputStream.readInt(DataInputStream.java:392)
	at org.apache.hadoop.ipc.Client$IpcStreams.readResponse(Client.java:1892)
	at org.apache.hadoop.ipc.Client$Connection.receiveRpcResponse(Client.java:1202)
	at org.apache.hadoop.ipc.Client$Connection.run(Client.java:1098)
2022-01-10 13:24:25,154 [EndpointStateMachine task thread for /127.0.0.1:12877 - 0 ] INFO  ipc.Client (Client.java:handleConnectionFailure(977)) - Retrying connect to server: localhost/127.0.0.1:12877. Already tried 0 time(s); retry policy is RetryUpToMaximumCountWithFixedSleep(maxRetries=15, sleepTime=1000 MILLISECONDS)
2022-01-10 13:24:25,154 [EndpointStateMachine task thread for /127.0.0.1:12887 - 0 ] WARN  statemachine.EndpointStateMachine (EndpointStateMachine.java:logIfNeeded(236)) - Unable to communicate to SCM server at 127.0.0.1:12887 for past 0 seconds.
java.io.EOFException: End of File Exception between local host is: "fv-az12-360/10.1.0.41"; destination host is: "localhost":12887; : java.io.EOFException; For more details see:  http://wiki.apache.org/hadoop/EOFException
	at sun.reflect.NativeConstructorAccessorImpl.newInstance0(Native Method)
	at sun.reflect.NativeConstructorAccessorImpl.newInstance(NativeConstructorAccessorImpl.java:62)
	at sun.reflect.DelegatingConstructorAccessorImpl.newInstance(DelegatingConstructorAccessorImpl.java:45)
	at java.lang.reflect.Constructor.newInstance(Constructor.java:423)
	at org.apache.hadoop.net.NetUtils.wrapWithMessage(NetUtils.java:913)
	at org.apache.hadoop.net.NetUtils.wrapException(NetUtils.java:862)
	at org.apache.hadoop.ipc.Client.getRpcResponse(Client.java:1577)
	at org.apache.hadoop.ipc.Client.call(Client.java:1519)
	at org.apache.hadoop.ipc.Client.call(Client.java:1416)
	at org.apache.hadoop.ipc.ProtobufRpcEngine$Invoker.invoke(ProtobufRpcEngine.java:236)
	at org.apache.hadoop.ipc.ProtobufRpcEngine$Invoker.invoke(ProtobufRpcEngine.java:123)
	at com.sun.proxy.$Proxy48.submitRequest(Unknown Source)
	at org.apache.hadoop.ozone.protocolPB.StorageContainerDatanodeProtocolClientSideTranslatorPB.submitRequest(StorageContainerDatanodeProtocolClientSideTranslatorPB.java:117)
	at org.apache.hadoop.ozone.protocolPB.StorageContainerDatanodeProtocolClientSideTranslatorPB.sendHeartbeat(StorageContainerDatanodeProtocolClientSideTranslatorPB.java:149)
	at org.apache.hadoop.ozone.container.common.states.endpoint.HeartbeatEndpointTask.call(HeartbeatEndpointTask.java:179)
	at org.apache.hadoop.ozone.container.common.states.endpoint.HeartbeatEndpointTask.call(HeartbeatEndpointTask.java:82)
	at java.util.concurrent.FutureTask.run(FutureTask.java:266)
	at java.util.concurrent.ThreadPoolExecutor.runWorker(ThreadPoolExecutor.java:1149)
	at java.util.concurrent.ThreadPoolExecutor$Worker.run(ThreadPoolExecutor.java:624)
	at java.lang.Thread.run(Thread.java:748)
Caused by: java.io.EOFException
	at java.io.DataInputStream.readInt(DataInputStream.java:392)
	at org.apache.hadoop.ipc.Client$IpcStreams.readResponse(Client.java:1892)
	at org.apache.hadoop.ipc.Client$Connection.receiveRpcResponse(Client.java:1202)
	at org.apache.hadoop.ipc.Client$Connection.run(Client.java:1098)
2022-01-10 13:24:25,230 [SCM Heartbeat Processing Thread - 0] WARN  node.NodeStateManager (NodeStateManager.java:scheduleNextHealthCheck(799)) - Current Thread is interrupted, shutting down HB processing thread for Node Manager.
2022-01-10 13:24:25,231 [Listener at 127.0.0.1/11264] INFO  server.StorageContainerManager (StorageContainerManager.java:stop(1426)) - Stopping block service RPC server
2022-01-10 13:24:25,231 [Listener at 127.0.0.1/11264] INFO  server.SCMBlockProtocolServer (SCMBlockProtocolServer.java:stop(160)) - Stopping the RPC server for Block Protocol
2022-01-10 13:24:25,231 [Listener at 127.0.0.1/11264] INFO  ipc.Server (Server.java:stop(3414)) - Stopping server on 12888
2022-01-10 13:24:25,233 [Listener at 127.0.0.1/11264] INFO  server.StorageContainerManager (StorageContainerManager.java:stop(1433)) - Stopping the StorageContainerLocationProtocol RPC server
2022-01-10 13:24:25,234 [Listener at 127.0.0.1/11264] INFO  server.SCMClientProtocolServer (SCMClientProtocolServer.java:stop(173)) - Stopping the RPC server for Client Protocol
2022-01-10 13:24:25,234 [Listener at 127.0.0.1/11264] INFO  ipc.Server (Server.java:stop(3414)) - Stopping server on 12889
2022-01-10 13:24:25,234 [IPC Server listener on 12888] INFO  ipc.Server (Server.java:run(1376)) - Stopping IPC Server listener on 12888
2022-01-10 13:24:25,234 [IPC Server Responder] INFO  ipc.Server (Server.java:run(1512)) - Stopping IPC Server Responder
2022-01-10 13:24:25,236 [IPC Server Responder] INFO  ipc.Server (Server.java:run(1512)) - Stopping IPC Server Responder
2022-01-10 13:24:25,236 [IPC Server listener on 12889] INFO  ipc.Server (Server.java:run(1376)) - Stopping IPC Server listener on 12889
2022-01-10 13:24:25,238 [Listener at 127.0.0.1/11264] INFO  server.StorageContainerManager (StorageContainerManager.java:stop(1440)) - Stopping Storage Container Manager HTTP server.
2022-01-10 13:24:25,238 [Listener at 127.0.0.1/11264] INFO  handler.ContextHandler (ContextHandler.java:doStop(1153)) - Stopped o.e.j.w.WebAppContext@7484236d{scm,/,null,STOPPED}{file:/home/runner/work/ozone/ozone/hadoop-ozone/integration-test/target/test-classes/webapps/scm}
2022-01-10 13:24:25,248 [Listener at 127.0.0.1/11264] INFO  server.AbstractConnector (AbstractConnector.java:doStop(381)) - Stopped ServerConnector@33c440bb{HTTP/1.1, (http/1.1)}{0.0.0.0:12884}
2022-01-10 13:24:25,248 [Listener at 127.0.0.1/11264] INFO  server.session (HouseKeeper.java:stopScavenging(149)) - node0 Stopped scavenging
2022-01-10 13:24:25,248 [Listener at 127.0.0.1/11264] INFO  handler.ContextHandler (ContextHandler.java:doStop(1153)) - Stopped o.e.j.s.ServletContextHandler@26dc0c5{static,/static,file:///home/runner/work/ozone/ozone/hadoop-ozone/integration-test/target/test-classes/webapps/static,STOPPED}
2022-01-10 13:24:25,248 [Listener at 127.0.0.1/11264] INFO  handler.ContextHandler (ContextHandler.java:doStop(1153)) - Stopped o.e.j.s.ServletContextHandler@2943c93d{logs,/logs,file:///home/runner/work/ozone/ozone/hadoop-ozone/integration-test/target/log,STOPPED}
2022-01-10 13:24:25,249 [Listener at 127.0.0.1/11264] INFO  server.StorageContainerManager (StorageContainerManager.java:stop(1451)) - Stopping Block Manager Service.
2022-01-10 13:24:25,249 [Listener at 127.0.0.1/11264] INFO  utils.BackgroundService (BackgroundService.java:shutdown(132)) - Shutting down service SCMBlockDeletingService
2022-01-10 13:24:25,250 [Listener at 127.0.0.1/11264] INFO  utils.BackgroundService (BackgroundService.java:shutdown(132)) - Shutting down service SCMBlockDeletingService
2022-01-10 13:24:25,250 [Listener at 127.0.0.1/11264] INFO  server.StorageContainerManager (StorageContainerManager.java:stop(1478)) - Stopping SCM Event Queue.
2022-01-10 13:24:25,251 [Listener at 127.0.0.1/11264] INFO  server.StorageContainerManager (StorageContainerManager.java:stop(1489)) - Stopping SCM HA services.
2022-01-10 13:24:25,251 [Listener at 127.0.0.1/11264] INFO  ha.SCMRatisServerImpl (SCMRatisServerImpl.java:stop(236)) - stopping ratis server 0.0.0.0:12886
2022-01-10 13:24:25,252 [Listener at 127.0.0.1/11264] INFO  server.RaftServer (RaftServerProxy.java:lambda$close$6(391)) - 494c7a1b-9442-431c-b450-0b8d0617d867: close
2022-01-10 13:24:25,252 [Listener at 127.0.0.1/11264] INFO  server.RaftServer$Division (RaftServerImpl.java:lambda$close$4(412)) - 494c7a1b-9442-431c-b450-0b8d0617d867@group-74F7029FD382: shutdown
2022-01-10 13:24:25,252 [Listener at 127.0.0.1/11264] INFO  util.JmxRegister (JmxRegister.java:unregister(73)) - Successfully un-registered JMX Bean with object name Ratis:service=RaftServer,group=group-74F7029FD382,id=494c7a1b-9442-431c-b450-0b8d0617d867
2022-01-10 13:24:25,252 [Listener at 127.0.0.1/11264] INFO  impl.RoleInfo (RoleInfo.java:shutdownFollowerState(108)) - 494c7a1b-9442-431c-b450-0b8d0617d867: shutdown 494c7a1b-9442-431c-b450-0b8d0617d867@group-74F7029FD382-FollowerState
2022-01-10 13:24:25,252 [494c7a1b-9442-431c-b450-0b8d0617d867@group-74F7029FD382-FollowerState] INFO  impl.FollowerState (FollowerState.java:run(143)) - 494c7a1b-9442-431c-b450-0b8d0617d867@group-74F7029FD382-FollowerState was interrupted: {}
java.lang.InterruptedException: sleep interrupted
	at java.lang.Thread.sleep(Native Method)
	at java.lang.Thread.sleep(Thread.java:340)
	at java.util.concurrent.TimeUnit.sleep(TimeUnit.java:386)
	at org.apache.ratis.util.TimeDuration.sleep(TimeDuration.java:324)
	at org.apache.ratis.util.TimeDuration.sleep(TimeDuration.java:309)
	at org.apache.ratis.server.impl.FollowerState.run(FollowerState.java:118)
2022-01-10 13:24:25,253 [Listener at 127.0.0.1/11264] INFO  impl.StateMachineUpdater (StateMachineUpdater.java:stopAndJoin(149)) - 494c7a1b-9442-431c-b450-0b8d0617d867@group-74F7029FD382-StateMachineUpdater: set stopIndex = 29
2022-01-10 13:24:25,253 [494c7a1b-9442-431c-b450-0b8d0617d867@group-74F7029FD382-StateMachineUpdater] INFO  ha.SCMStateMachine (SCMStateMachine.java:takeSnapshot(297)) - Current Snapshot Index 29, takeSnapshot took 0 ms
2022-01-10 13:24:25,253 [494c7a1b-9442-431c-b450-0b8d0617d867@group-74F7029FD382-StateMachineUpdater] INFO  impl.StateMachineUpdater (StateMachineUpdater.java:takeSnapshot(281)) - 494c7a1b-9442-431c-b450-0b8d0617d867@group-74F7029FD382-StateMachineUpdater: Took a snapshot at index 29
2022-01-10 13:24:25,253 [494c7a1b-9442-431c-b450-0b8d0617d867@group-74F7029FD382-StateMachineUpdater] INFO  impl.StateMachineUpdater (StateMachineUpdater.java:lambda$new$0(89)) - 494c7a1b-9442-431c-b450-0b8d0617d867@group-74F7029FD382-StateMachineUpdater: snapshotIndex: updateIncreasingly 28 -> 29
2022-01-10 13:24:25,253 [Listener at 127.0.0.1/11264] INFO  server.RaftServer$Division (ServerState.java:close(419)) - 494c7a1b-9442-431c-b450-0b8d0617d867@group-74F7029FD382: closes. applyIndex: 28
2022-01-10 13:24:25,253 [494c7a1b-9442-431c-b450-0b8d0617d867@group-74F7029FD382-SegmentedRaftLogWorker] INFO  segmented.SegmentedRaftLogWorker (SegmentedRaftLogWorker.java:run(327)) - 494c7a1b-9442-431c-b450-0b8d0617d867@group-74F7029FD382-SegmentedRaftLogWorker was interrupted, exiting. There are 0 tasks remaining in the queue.
2022-01-10 13:24:25,258 [Listener at 127.0.0.1/11264] INFO  segmented.SegmentedRaftLogWorker (SegmentedRaftLogWorker.java:close(237)) - 494c7a1b-9442-431c-b450-0b8d0617d867@group-74F7029FD382-SegmentedRaftLogWorker close()
2022-01-10 13:24:25,268 [Listener at 127.0.0.1/11264] INFO  server.GrpcService (GrpcService.java:closeImpl(262)) - 494c7a1b-9442-431c-b450-0b8d0617d867: shutdown server with port 12886 now
2022-01-10 13:24:25,277 [Listener at 127.0.0.1/11264] INFO  server.GrpcService (GrpcService.java:closeImpl(271)) - 494c7a1b-9442-431c-b450-0b8d0617d867: shutdown server with port 12886 successfully
2022-01-10 13:24:25,289 [org.apache.ratis.util.JvmPauseMonitor$$Lambda$500/2122256138@3770938d] INFO  util.JvmPauseMonitor (JvmPauseMonitor.java:run(109)) - JvmPauseMonitor-494c7a1b-9442-431c-b450-0b8d0617d867: Stopped
2022-01-10 13:24:25,289 [Listener at 127.0.0.1/11264] INFO  pipeline.BackgroundPipelineCreator (BackgroundPipelineCreator.java:stop(158)) - Stopping RatisPipelineUtilsThread.
2022-01-10 13:24:25,290 [Listener at 127.0.0.1/11264] INFO  server.StorageContainerManager (StorageContainerManager.java:stop(1499)) - Stopping SCM MetadataStore.
2022-01-10 13:24:25,291 [Listener at 127.0.0.1/11264] INFO  impl.MetricsSystemImpl (MetricsSystemImpl.java:stop(205)) - StorageContainerManager metrics system stopped (again)
2022-01-10 13:24:25,291 [Listener at 127.0.0.1/11264] INFO  ozone.MiniOzoneClusterImpl (MiniOzoneClusterImpl.java:stop(468)) - Stopping the Mini Ozone Cluster
2022-01-10 13:24:25,291 [Listener at 127.0.0.1/11264] INFO  ozone.MiniOzoneClusterImpl (MiniOzoneClusterImpl.java:stopDatanodes(527)) - Stopping the HddsDatanodes
2022-01-10 13:24:25,331 [Datanode State Machine Daemon Thread] ERROR datanode.RunningDatanodeState (RunningDatanodeState.java:computeNextContainerState(199)) - Error in executing end point task.
java.util.concurrent.ExecutionException: java.util.concurrent.TimeoutException
	at java.util.concurrent.FutureTask.report(FutureTask.java:122)
	at java.util.concurrent.FutureTask.get(FutureTask.java:192)
	at org.apache.hadoop.ozone.container.common.states.datanode.RunningDatanodeState.computeNextContainerState(RunningDatanodeState.java:191)
	at org.apache.hadoop.ozone.container.common.states.datanode.RunningDatanodeState.await(RunningDatanodeState.java:231)
	at org.apache.hadoop.ozone.container.common.states.datanode.RunningDatanodeState.await(RunningDatanodeState.java:50)
	at org.apache.hadoop.ozone.container.common.statemachine.StateContext.execute(StateContext.java:633)
	at org.apache.hadoop.ozone.container.common.statemachine.DatanodeStateMachine.start(DatanodeStateMachine.java:280)
	at org.apache.hadoop.ozone.container.common.statemachine.DatanodeStateMachine.lambda$startDaemon$0(DatanodeStateMachine.java:468)
	at java.lang.Thread.run(Thread.java:748)
Caused by: java.util.concurrent.TimeoutException
	at java.util.concurrent.FutureTask.get(FutureTask.java:205)
	at org.apache.hadoop.ozone.container.common.states.datanode.RunningDatanodeState.lambda$execute$0(RunningDatanodeState.java:149)
	at java.util.concurrent.FutureTask.run(FutureTask.java:266)
	at java.util.concurrent.Executors$RunnableAdapter.call(Executors.java:511)
	at java.util.concurrent.FutureTask.run(FutureTask.java:266)
	at java.util.concurrent.ThreadPoolExecutor.runWorker(ThreadPoolExecutor.java:1149)
	at java.util.concurrent.ThreadPoolExecutor$Worker.run(ThreadPoolExecutor.java:624)
	... 1 more
2022-01-10 13:24:25,332 [Datanode State Machine Daemon Thread] WARN  statemachine.StateContext (StateContext.java:setState(249)) - Ignore disallowed transition from SHUTDOWN to RUNNING
2022-01-10 13:24:25,653 [EndpointStateMachine task thread for /127.0.0.1:14629 - 0 ] INFO  ipc.Client (Client.java:handleConnectionFailure(977)) - Retrying connect to server: localhost/127.0.0.1:14629. Already tried 7 time(s); retry policy is RetryUpToMaximumCountWithFixedSleep(maxRetries=15, sleepTime=1000 MILLISECONDS)
2022-01-10 13:24:25,664 [Datanode State Machine Daemon Thread] ERROR datanode.RunningDatanodeState (RunningDatanodeState.java:computeNextContainerState(199)) - Error in executing end point task.
java.util.concurrent.ExecutionException: java.util.concurrent.TimeoutException
	at java.util.concurrent.FutureTask.report(FutureTask.java:122)
	at java.util.concurrent.FutureTask.get(FutureTask.java:192)
	at org.apache.hadoop.ozone.container.common.states.datanode.RunningDatanodeState.computeNextContainerState(RunningDatanodeState.java:191)
	at org.apache.hadoop.ozone.container.common.states.datanode.RunningDatanodeState.await(RunningDatanodeState.java:231)
	at org.apache.hadoop.ozone.container.common.states.datanode.RunningDatanodeState.await(RunningDatanodeState.java:50)
	at org.apache.hadoop.ozone.container.common.statemachine.StateContext.execute(StateContext.java:633)
	at org.apache.hadoop.ozone.container.common.statemachine.DatanodeStateMachine.start(DatanodeStateMachine.java:280)
	at org.apache.hadoop.ozone.container.common.statemachine.DatanodeStateMachine.lambda$startDaemon$0(DatanodeStateMachine.java:468)
	at java.lang.Thread.run(Thread.java:748)
Caused by: java.util.concurrent.TimeoutException
	at java.util.concurrent.FutureTask.get(FutureTask.java:205)
	at org.apache.hadoop.ozone.container.common.states.datanode.RunningDatanodeState.lambda$execute$0(RunningDatanodeState.java:149)
	at java.util.concurrent.FutureTask.run(FutureTask.java:266)
	at java.util.concurrent.Executors$RunnableAdapter.call(Executors.java:511)
	at java.util.concurrent.FutureTask.run(FutureTask.java:266)
	at java.util.concurrent.ThreadPoolExecutor.runWorker(ThreadPoolExecutor.java:1149)
	at java.util.concurrent.ThreadPoolExecutor$Worker.run(ThreadPoolExecutor.java:624)
	... 1 more
2022-01-10 13:24:25,668 [EndpointStateMachine task thread for /127.0.0.1:14619 - 0 ] INFO  ipc.Client (Client.java:handleConnectionFailure(977)) - Retrying connect to server: localhost/127.0.0.1:14619. Already tried 7 time(s); retry policy is RetryUpToMaximumCountWithFixedSleep(maxRetries=15, sleepTime=1000 MILLISECONDS)
2022-01-10 13:24:25,670 [EndpointStateMachine task thread for /127.0.0.1:14609 - 0 ] INFO  ipc.Client (Client.java:handleConnectionFailure(977)) - Retrying connect to server: localhost/127.0.0.1:14609. Already tried 10 time(s); retry policy is RetryUpToMaximumCountWithFixedSleep(maxRetries=15, sleepTime=1000 MILLISECONDS)
2022-01-10 13:24:26,153 [Datanode State Machine Daemon Thread] ERROR datanode.RunningDatanodeState (RunningDatanodeState.java:computeNextContainerState(199)) - Error in executing end point task.
java.util.concurrent.ExecutionException: java.util.concurrent.TimeoutException
	at java.util.concurrent.FutureTask.report(FutureTask.java:122)
	at java.util.concurrent.FutureTask.get(FutureTask.java:192)
	at org.apache.hadoop.ozone.container.common.states.datanode.RunningDatanodeState.computeNextContainerState(RunningDatanodeState.java:191)
	at org.apache.hadoop.ozone.container.common.states.datanode.RunningDatanodeState.await(RunningDatanodeState.java:231)
	at org.apache.hadoop.ozone.container.common.states.datanode.RunningDatanodeState.await(RunningDatanodeState.java:50)
	at org.apache.hadoop.ozone.container.common.statemachine.StateContext.execute(StateContext.java:633)
	at org.apache.hadoop.ozone.container.common.statemachine.DatanodeStateMachine.start(DatanodeStateMachine.java:280)
	at org.apache.hadoop.ozone.container.common.statemachine.DatanodeStateMachine.lambda$startDaemon$0(DatanodeStateMachine.java:468)
	at java.lang.Thread.run(Thread.java:748)
Caused by: java.util.concurrent.TimeoutException
	at java.util.concurrent.FutureTask.get(FutureTask.java:205)
	at org.apache.hadoop.ozone.container.common.states.datanode.RunningDatanodeState.lambda$execute$0(RunningDatanodeState.java:149)
	at java.util.concurrent.FutureTask.run(FutureTask.java:266)
	at java.util.concurrent.Executors$RunnableAdapter.call(Executors.java:511)
	at java.util.concurrent.FutureTask.run(FutureTask.java:266)
	at java.util.concurrent.ThreadPoolExecutor.runWorker(ThreadPoolExecutor.java:1149)
	at java.util.concurrent.ThreadPoolExecutor$Worker.run(ThreadPoolExecutor.java:624)
	... 1 more
2022-01-10 13:24:26,154 [Datanode State Machine Daemon Thread] WARN  statemachine.StateContext (StateContext.java:setState(249)) - Ignore disallowed transition from SHUTDOWN to RUNNING
2022-01-10 13:24:26,155 [EndpointStateMachine task thread for /127.0.0.1:12877 - 0 ] INFO  ipc.Client (Client.java:handleConnectionFailure(977)) - Retrying connect to server: localhost/127.0.0.1:12877. Already tried 1 time(s); retry policy is RetryUpToMaximumCountWithFixedSleep(maxRetries=15, sleepTime=1000 MILLISECONDS)
2022-01-10 13:24:26,654 [EndpointStateMachine task thread for /127.0.0.1:14629 - 0 ] INFO  ipc.Client (Client.java:handleConnectionFailure(977)) - Retrying connect to server: localhost/127.0.0.1:14629. Already tried 8 time(s); retry policy is RetryUpToMaximumCountWithFixedSleep(maxRetries=15, sleepTime=1000 MILLISECONDS)
2022-01-10 13:24:26,666 [EndpointStateMachine task thread for /127.0.0.1:12897 - 0 ] INFO  ipc.Client (Client.java:handleConnectionFailure(977)) - Retrying connect to server: localhost/127.0.0.1:12897. Already tried 0 time(s); retry policy is RetryUpToMaximumCountWithFixedSleep(maxRetries=15, sleepTime=1000 MILLISECONDS)
2022-01-10 13:24:26,667 [EndpointStateMachine task thread for /127.0.0.1:12887 - 0 ] INFO  ipc.Client (Client.java:handleConnectionFailure(977)) - Retrying connect to server: localhost/127.0.0.1:12887. Already tried 0 time(s); retry policy is RetryUpToMaximumCountWithFixedSleep(maxRetries=15, sleepTime=1000 MILLISECONDS)
2022-01-10 13:24:26,668 [EndpointStateMachine task thread for /127.0.0.1:14619 - 0 ] INFO  ipc.Client (Client.java:handleConnectionFailure(977)) - Retrying connect to server: localhost/127.0.0.1:14619. Already tried 8 time(s); retry policy is RetryUpToMaximumCountWithFixedSleep(maxRetries=15, sleepTime=1000 MILLISECONDS)
2022-01-10 13:24:26,670 [EndpointStateMachine task thread for /127.0.0.1:14609 - 0 ] INFO  ipc.Client (Client.java:handleConnectionFailure(977)) - Retrying connect to server: localhost/127.0.0.1:14609. Already tried 11 time(s); retry policy is RetryUpToMaximumCountWithFixedSleep(maxRetries=15, sleepTime=1000 MILLISECONDS)
2022-01-10 13:24:27,156 [EndpointStateMachine task thread for /127.0.0.1:12877 - 0 ] INFO  ipc.Client (Client.java:handleConnectionFailure(977)) - Retrying connect to server: localhost/127.0.0.1:12877. Already tried 2 time(s); retry policy is RetryUpToMaximumCountWithFixedSleep(maxRetries=15, sleepTime=1000 MILLISECONDS)
2022-01-10 13:24:27,655 [EndpointStateMachine task thread for /127.0.0.1:14629 - 0 ] INFO  ipc.Client (Client.java:handleConnectionFailure(977)) - Retrying connect to server: localhost/127.0.0.1:14629. Already tried 9 time(s); retry policy is RetryUpToMaximumCountWithFixedSleep(maxRetries=15, sleepTime=1000 MILLISECONDS)
2022-01-10 13:24:27,668 [EndpointStateMachine task thread for /127.0.0.1:14619 - 0 ] INFO  ipc.Client (Client.java:handleConnectionFailure(977)) - Retrying connect to server: localhost/127.0.0.1:14619. Already tried 9 time(s); retry policy is RetryUpToMaximumCountWithFixedSleep(maxRetries=15, sleepTime=1000 MILLISECONDS)
2022-01-10 13:24:27,668 [EndpointStateMachine task thread for /127.0.0.1:12887 - 0 ] INFO  ipc.Client (Client.java:handleConnectionFailure(977)) - Retrying connect to server: localhost/127.0.0.1:12887. Already tried 1 time(s); retry policy is RetryUpToMaximumCountWithFixedSleep(maxRetries=15, sleepTime=1000 MILLISECONDS)
2022-01-10 13:24:27,668 [EndpointStateMachine task thread for /127.0.0.1:12897 - 0 ] INFO  ipc.Client (Client.java:handleConnectionFailure(977)) - Retrying connect to server: localhost/127.0.0.1:12897. Already tried 1 time(s); retry policy is RetryUpToMaximumCountWithFixedSleep(maxRetries=15, sleepTime=1000 MILLISECONDS)
2022-01-10 13:24:27,671 [EndpointStateMachine task thread for /127.0.0.1:14609 - 0 ] INFO  ipc.Client (Client.java:handleConnectionFailure(977)) - Retrying connect to server: localhost/127.0.0.1:14609. Already tried 12 time(s); retry policy is RetryUpToMaximumCountWithFixedSleep(maxRetries=15, sleepTime=1000 MILLISECONDS)
2022-01-10 13:24:28,157 [EndpointStateMachine task thread for /127.0.0.1:12877 - 0 ] INFO  ipc.Client (Client.java:handleConnectionFailure(977)) - Retrying connect to server: localhost/127.0.0.1:12877. Already tried 3 time(s); retry policy is RetryUpToMaximumCountWithFixedSleep(maxRetries=15, sleepTime=1000 MILLISECONDS)
2022-01-10 13:24:28,655 [EndpointStateMachine task thread for /127.0.0.1:14629 - 0 ] INFO  ipc.Client (Client.java:handleConnectionFailure(977)) - Retrying connect to server: localhost/127.0.0.1:14629. Already tried 10 time(s); retry policy is RetryUpToMaximumCountWithFixedSleep(maxRetries=15, sleepTime=1000 MILLISECONDS)
2022-01-10 13:24:28,669 [EndpointStateMachine task thread for /127.0.0.1:14619 - 0 ] INFO  ipc.Client (Client.java:handleConnectionFailure(977)) - Retrying connect to server: localhost/127.0.0.1:14619. Already tried 10 time(s); retry policy is RetryUpToMaximumCountWithFixedSleep(maxRetries=15, sleepTime=1000 MILLISECONDS)
2022-01-10 13:24:28,669 [EndpointStateMachine task thread for /127.0.0.1:12887 - 0 ] INFO  ipc.Client (Client.java:handleConnectionFailure(977)) - Retrying connect to server: localhost/127.0.0.1:12887. Already tried 2 time(s); retry policy is RetryUpToMaximumCountWithFixedSleep(maxRetries=15, sleepTime=1000 MILLISECONDS)
2022-01-10 13:24:28,669 [EndpointStateMachine task thread for /127.0.0.1:12897 - 0 ] INFO  ipc.Client (Client.java:handleConnectionFailure(977)) - Retrying connect to server: localhost/127.0.0.1:12897. Already tried 2 time(s); retry policy is RetryUpToMaximumCountWithFixedSleep(maxRetries=15, sleepTime=1000 MILLISECONDS)
2022-01-10 13:24:28,671 [EndpointStateMachine task thread for /127.0.0.1:14609 - 0 ] INFO  ipc.Client (Client.java:handleConnectionFailure(977)) - Retrying connect to server: localhost/127.0.0.1:14609. Already tried 13 time(s); retry policy is RetryUpToMaximumCountWithFixedSleep(maxRetries=15, sleepTime=1000 MILLISECONDS)
2022-01-10 13:24:29,157 [EndpointStateMachine task thread for /127.0.0.1:12877 - 0 ] INFO  ipc.Client (Client.java:handleConnectionFailure(977)) - Retrying connect to server: localhost/127.0.0.1:12877. Already tried 4 time(s); retry policy is RetryUpToMaximumCountWithFixedSleep(maxRetries=15, sleepTime=1000 MILLISECONDS)
2022-01-10 13:24:29,656 [EndpointStateMachine task thread for /127.0.0.1:14629 - 0 ] INFO  ipc.Client (Client.java:handleConnectionFailure(977)) - Retrying connect to server: localhost/127.0.0.1:14629. Already tried 11 time(s); retry policy is RetryUpToMaximumCountWithFixedSleep(maxRetries=15, sleepTime=1000 MILLISECONDS)
2022-01-10 13:24:29,669 [EndpointStateMachine task thread for /127.0.0.1:14619 - 0 ] INFO  ipc.Client (Client.java:handleConnectionFailure(977)) - Retrying connect to server: localhost/127.0.0.1:14619. Already tried 11 time(s); retry policy is RetryUpToMaximumCountWithFixedSleep(maxRetries=15, sleepTime=1000 MILLISECONDS)
2022-01-10 13:24:29,672 [EndpointStateMachine task thread for /127.0.0.1:14609 - 0 ] INFO  ipc.Client (Client.java:handleConnectionFailure(977)) - Retrying connect to server: localhost/127.0.0.1:14609. Already tried 14 time(s); retry policy is RetryUpToMaximumCountWithFixedSleep(maxRetries=15, sleepTime=1000 MILLISECONDS)
2022-01-10 13:24:29,673 [EndpointStateMachine task thread for /127.0.0.1:12887 - 0 ] INFO  ipc.Client (Client.java:handleConnectionFailure(977)) - Retrying connect to server: localhost/127.0.0.1:12887. Already tried 3 time(s); retry policy is RetryUpToMaximumCountWithFixedSleep(maxRetries=15, sleepTime=1000 MILLISECONDS)
2022-01-10 13:24:29,673 [EndpointStateMachine task thread for /127.0.0.1:12897 - 0 ] INFO  ipc.Client (Client.java:handleConnectionFailure(977)) - Retrying connect to server: localhost/127.0.0.1:12897. Already tried 3 time(s); retry policy is RetryUpToMaximumCountWithFixedSleep(maxRetries=15, sleepTime=1000 MILLISECONDS)
2022-01-10 13:24:30,158 [EndpointStateMachine task thread for /127.0.0.1:12877 - 0 ] INFO  ipc.Client (Client.java:handleConnectionFailure(977)) - Retrying connect to server: localhost/127.0.0.1:12877. Already tried 5 time(s); retry policy is RetryUpToMaximumCountWithFixedSleep(maxRetries=15, sleepTime=1000 MILLISECONDS)
2022-01-10 13:24:30,292 [ForkJoinPool.commonPool-worker-0] INFO  ozoneimpl.OzoneContainer (OzoneContainer.java:stop(336)) - Attempting to stop container services.
2022-01-10 13:24:30,292 [Listener at 127.0.0.1/11264] INFO  ozoneimpl.OzoneContainer (OzoneContainer.java:stop(336)) - Attempting to stop container services.
2022-01-10 13:24:30,293 [Listener at 127.0.0.1/11264] INFO  server.RaftServer (RaftServerProxy.java:lambda$close$6(391)) - cd4304a5-ad25-4184-aa9b-9d5680dbb42f: close
2022-01-10 13:24:30,293 [ForkJoinPool.commonPool-worker-0] INFO  server.RaftServer (RaftServerProxy.java:lambda$close$6(391)) - 4b3c65cf-387e-4213-93df-57198a9c946a: close
2022-01-10 13:24:30,293 [Listener at 127.0.0.1/11264] INFO  server.RaftServer$Division (RaftServerImpl.java:lambda$close$4(412)) - cd4304a5-ad25-4184-aa9b-9d5680dbb42f@group-A4D2DF4C4470: shutdown
2022-01-10 13:24:30,293 [ForkJoinPool.commonPool-worker-0] INFO  server.RaftServer$Division (RaftServerImpl.java:lambda$close$4(412)) - 4b3c65cf-387e-4213-93df-57198a9c946a@group-80B97FC4288A: shutdown
2022-01-10 13:24:30,293 [Listener at 127.0.0.1/11264] INFO  util.JmxRegister (JmxRegister.java:unregister(73)) - Successfully un-registered JMX Bean with object name Ratis:service=RaftServer,group=group-A4D2DF4C4470,id=cd4304a5-ad25-4184-aa9b-9d5680dbb42f
2022-01-10 13:24:30,293 [Listener at 127.0.0.1/11264] INFO  impl.RoleInfo (RoleInfo.java:shutdownLeaderState(91)) - cd4304a5-ad25-4184-aa9b-9d5680dbb42f: shutdown cd4304a5-ad25-4184-aa9b-9d5680dbb42f@group-A4D2DF4C4470-LeaderStateImpl
2022-01-10 13:24:30,293 [ForkJoinPool.commonPool-worker-0] INFO  util.JmxRegister (JmxRegister.java:unregister(73)) - Successfully un-registered JMX Bean with object name Ratis:service=RaftServer,group=group-80B97FC4288A,id=4b3c65cf-387e-4213-93df-57198a9c946a
2022-01-10 13:24:30,294 [ForkJoinPool.commonPool-worker-0] INFO  impl.RoleInfo (RoleInfo.java:shutdownLeaderState(91)) - 4b3c65cf-387e-4213-93df-57198a9c946a: shutdown 4b3c65cf-387e-4213-93df-57198a9c946a@group-80B97FC4288A-LeaderStateImpl
2022-01-10 13:24:30,294 [Listener at 127.0.0.1/11264] INFO  impl.PendingRequests (PendingRequests.java:sendNotLeaderResponses(282)) - cd4304a5-ad25-4184-aa9b-9d5680dbb42f@group-A4D2DF4C4470-PendingRequests: sendNotLeaderResponses
2022-01-10 13:24:30,294 [ForkJoinPool.commonPool-worker-0] INFO  impl.PendingRequests (PendingRequests.java:sendNotLeaderResponses(282)) - 4b3c65cf-387e-4213-93df-57198a9c946a@group-80B97FC4288A-PendingRequests: sendNotLeaderResponses
2022-01-10 13:24:30,294 [ForkJoinPool.commonPool-worker-0] INFO  impl.StateMachineUpdater (StateMachineUpdater.java:stopAndJoin(149)) - 4b3c65cf-387e-4213-93df-57198a9c946a@group-80B97FC4288A-StateMachineUpdater: set stopIndex = 0
2022-01-10 13:24:30,295 [4b3c65cf-387e-4213-93df-57198a9c946a@group-80B97FC4288A-StateMachineUpdater] INFO  ratis.ContainerStateMachine (ContainerStateMachine.java:takeSnapshot(299)) - group-80B97FC4288A: Taking a snapshot at:(t:1, i:0) file /home/runner/work/ozone/ozone/hadoop-ozone/integration-test/target/test-dir/MiniOzoneClusterImpl-4961146f-9f28-4cba-af76-74f7029fd382/datanode-0/data/ratis/76d50db2-0651-4aaf-958e-80b97fc4288a/sm/snapshot.1_0
2022-01-10 13:24:30,295 [cd4304a5-ad25-4184-aa9b-9d5680dbb42f@group-A4D2DF4C4470->9ca66d1e-a818-43c9-bf62-5187506efa35-GrpcLogAppender-LogAppenderDaemon] WARN  server.GrpcLogAppender (GrpcLogAppender.java:mayWait(177)) - cd4304a5-ad25-4184-aa9b-9d5680dbb42f@group-A4D2DF4C4470->9ca66d1e-a818-43c9-bf62-5187506efa35-GrpcLogAppender: Wait interrupted by java.lang.InterruptedException
2022-01-10 13:24:30,295 [cd4304a5-ad25-4184-aa9b-9d5680dbb42f@group-A4D2DF4C4470->4b3c65cf-387e-4213-93df-57198a9c946a-GrpcLogAppender-LogAppenderDaemon] WARN  server.GrpcLogAppender (GrpcLogAppender.java:mayWait(177)) - cd4304a5-ad25-4184-aa9b-9d5680dbb42f@group-A4D2DF4C4470->4b3c65cf-387e-4213-93df-57198a9c946a-GrpcLogAppender: Wait interrupted by java.lang.InterruptedException
2022-01-10 13:24:30,296 [Listener at 127.0.0.1/11264] INFO  impl.StateMachineUpdater (StateMachineUpdater.java:stopAndJoin(149)) - cd4304a5-ad25-4184-aa9b-9d5680dbb42f@group-A4D2DF4C4470-StateMachineUpdater: set stopIndex = 0
2022-01-10 13:24:30,296 [cd4304a5-ad25-4184-aa9b-9d5680dbb42f@group-A4D2DF4C4470-StateMachineUpdater] INFO  ratis.ContainerStateMachine (ContainerStateMachine.java:takeSnapshot(299)) - group-A4D2DF4C4470: Taking a snapshot at:(t:4, i:0) file /home/runner/work/ozone/ozone/hadoop-ozone/integration-test/target/test-dir/MiniOzoneClusterImpl-4961146f-9f28-4cba-af76-74f7029fd382/datanode-1/data/ratis/85deabe5-ad07-422e-babd-a4d2df4c4470/sm/snapshot.4_0
2022-01-10 13:24:30,296 [4b3c65cf-387e-4213-93df-57198a9c946a@group-80B97FC4288A-StateMachineUpdater] INFO  ratis.ContainerStateMachine (ContainerStateMachine.java:takeSnapshot(310)) - group-80B97FC4288A: Finished taking a snapshot at:(t:1, i:0) file:/home/runner/work/ozone/ozone/hadoop-ozone/integration-test/target/test-dir/MiniOzoneClusterImpl-4961146f-9f28-4cba-af76-74f7029fd382/datanode-0/data/ratis/76d50db2-0651-4aaf-958e-80b97fc4288a/sm/snapshot.1_0 took: 2 ms
2022-01-10 13:24:30,297 [4b3c65cf-387e-4213-93df-57198a9c946a@group-80B97FC4288A-StateMachineUpdater] INFO  impl.StateMachineUpdater (StateMachineUpdater.java:takeSnapshot(281)) - 4b3c65cf-387e-4213-93df-57198a9c946a@group-80B97FC4288A-StateMachineUpdater: Took a snapshot at index 0
2022-01-10 13:24:30,297 [4b3c65cf-387e-4213-93df-57198a9c946a@group-80B97FC4288A-StateMachineUpdater] INFO  impl.StateMachineUpdater (StateMachineUpdater.java:lambda$new$0(89)) - 4b3c65cf-387e-4213-93df-57198a9c946a@group-80B97FC4288A-StateMachineUpdater: snapshotIndex: updateIncreasingly -1 -> 0
2022-01-10 13:24:30,297 [ForkJoinPool.commonPool-worker-0] INFO  server.RaftServer$Division (ServerState.java:close(419)) - 4b3c65cf-387e-4213-93df-57198a9c946a@group-80B97FC4288A: closes. applyIndex: 0
2022-01-10 13:24:30,297 [grpc-default-executor-3] INFO  server.GrpcServerProtocolService (GrpcServerProtocolService.java:onCompleted(140)) - 9ca66d1e-a818-43c9-bf62-5187506efa35: Completed APPEND_ENTRIES, lastRequest: cd4304a5-ad25-4184-aa9b-9d5680dbb42f->9ca66d1e-a818-43c9-bf62-5187506efa35#1-t4,previous=(t:0, i:0),leaderCommit=0,initializing? true,entries: size=1, first=(t:4, i:0), CONFIGURATIONENTRY
2022-01-10 13:24:30,297 [grpc-default-executor-0] INFO  server.GrpcServerProtocolService (GrpcServerProtocolService.java:onCompleted(140)) - 4b3c65cf-387e-4213-93df-57198a9c946a: Completed APPEND_ENTRIES, lastRequest: cd4304a5-ad25-4184-aa9b-9d5680dbb42f->4b3c65cf-387e-4213-93df-57198a9c946a#1-t4,previous=(t:0, i:0),leaderCommit=-1,initializing? true,entries: size=1, first=(t:4, i:0), CONFIGURATIONENTRY
2022-01-10 13:24:30,300 [cd4304a5-ad25-4184-aa9b-9d5680dbb42f@group-A4D2DF4C4470-StateMachineUpdater] INFO  ratis.ContainerStateMachine (ContainerStateMachine.java:takeSnapshot(310)) - group-A4D2DF4C4470: Finished taking a snapshot at:(t:4, i:0) file:/home/runner/work/ozone/ozone/hadoop-ozone/integration-test/target/test-dir/MiniOzoneClusterImpl-4961146f-9f28-4cba-af76-74f7029fd382/datanode-1/data/ratis/85deabe5-ad07-422e-babd-a4d2df4c4470/sm/snapshot.4_0 took: 4 ms
2022-01-10 13:24:30,301 [cd4304a5-ad25-4184-aa9b-9d5680dbb42f@group-A4D2DF4C4470-StateMachineUpdater] INFO  impl.StateMachineUpdater (StateMachineUpdater.java:takeSnapshot(281)) - cd4304a5-ad25-4184-aa9b-9d5680dbb42f@group-A4D2DF4C4470-StateMachineUpdater: Took a snapshot at index 0
2022-01-10 13:24:30,301 [cd4304a5-ad25-4184-aa9b-9d5680dbb42f@group-A4D2DF4C4470-StateMachineUpdater] INFO  impl.StateMachineUpdater (StateMachineUpdater.java:lambda$new$0(89)) - cd4304a5-ad25-4184-aa9b-9d5680dbb42f@group-A4D2DF4C4470-StateMachineUpdater: snapshotIndex: updateIncreasingly -1 -> 0
2022-01-10 13:24:30,301 [Listener at 127.0.0.1/11264] INFO  server.RaftServer$Division (ServerState.java:close(419)) - cd4304a5-ad25-4184-aa9b-9d5680dbb42f@group-A4D2DF4C4470: closes. applyIndex: 0
2022-01-10 13:24:30,302 [grpc-default-executor-1] INFO  server.GrpcLogAppender (GrpcLogAppender.java:onCompleted(346)) - cd4304a5-ad25-4184-aa9b-9d5680dbb42f@group-A4D2DF4C4470->9ca66d1e-a818-43c9-bf62-5187506efa35-AppendLogResponseHandler: follower responses appendEntries COMPLETED
2022-01-10 13:24:30,302 [grpc-default-executor-1] INFO  leader.FollowerInfo (FollowerInfoImpl.java:lambda$new$0(47)) - cd4304a5-ad25-4184-aa9b-9d5680dbb42f@group-A4D2DF4C4470->9ca66d1e-a818-43c9-bf62-5187506efa35: nextIndex: updateUnconditionally 1 -> 0
2022-01-10 13:24:30,317 [4b3c65cf-387e-4213-93df-57198a9c946a@group-80B97FC4288A-SegmentedRaftLogWorker] INFO  segmented.SegmentedRaftLogWorker (SegmentedRaftLogWorker.java:run(327)) - 4b3c65cf-387e-4213-93df-57198a9c946a@group-80B97FC4288A-SegmentedRaftLogWorker was interrupted, exiting. There are 0 tasks remaining in the queue.
2022-01-10 13:24:30,317 [cd4304a5-ad25-4184-aa9b-9d5680dbb42f@group-A4D2DF4C4470-SegmentedRaftLogWorker] INFO  segmented.SegmentedRaftLogWorker (SegmentedRaftLogWorker.java:run(327)) - cd4304a5-ad25-4184-aa9b-9d5680dbb42f@group-A4D2DF4C4470-SegmentedRaftLogWorker was interrupted, exiting. There are 0 tasks remaining in the queue.
2022-01-10 13:24:30,321 [ForkJoinPool.commonPool-worker-0] INFO  segmented.SegmentedRaftLogWorker (SegmentedRaftLogWorker.java:close(237)) - 4b3c65cf-387e-4213-93df-57198a9c946a@group-80B97FC4288A-SegmentedRaftLogWorker close()
2022-01-10 13:24:30,321 [grpc-default-executor-4] INFO  server.GrpcLogAppender (GrpcLogAppender.java:onCompleted(346)) - cd4304a5-ad25-4184-aa9b-9d5680dbb42f@group-A4D2DF4C4470->4b3c65cf-387e-4213-93df-57198a9c946a-AppendLogResponseHandler: follower responses appendEntries COMPLETED
2022-01-10 13:24:30,329 [Listener at 127.0.0.1/11264] INFO  segmented.SegmentedRaftLogWorker (SegmentedRaftLogWorker.java:close(237)) - cd4304a5-ad25-4184-aa9b-9d5680dbb42f@group-A4D2DF4C4470-SegmentedRaftLogWorker close()
2022-01-10 13:24:30,325 [ForkJoinPool.commonPool-worker-0] INFO  server.RaftServer$Division (RaftServerImpl.java:lambda$close$4(412)) - 4b3c65cf-387e-4213-93df-57198a9c946a@group-A4D2DF4C4470: shutdown
2022-01-10 13:24:30,333 [grpc-default-executor-4] INFO  leader.FollowerInfo (FollowerInfoImpl.java:lambda$new$0(47)) - cd4304a5-ad25-4184-aa9b-9d5680dbb42f@group-A4D2DF4C4470->4b3c65cf-387e-4213-93df-57198a9c946a: nextIndex: updateUnconditionally 1 -> 0
2022-01-10 13:24:30,333 [ForkJoinPool.commonPool-worker-0] INFO  util.JmxRegister (JmxRegister.java:unregister(73)) - Successfully un-registered JMX Bean with object name Ratis:service=RaftServer,group=group-A4D2DF4C4470,id=4b3c65cf-387e-4213-93df-57198a9c946a
2022-01-10 13:24:30,333 [ForkJoinPool.commonPool-worker-0] INFO  impl.RoleInfo (RoleInfo.java:shutdownFollowerState(108)) - 4b3c65cf-387e-4213-93df-57198a9c946a: shutdown 4b3c65cf-387e-4213-93df-57198a9c946a@group-A4D2DF4C4470-FollowerState
2022-01-10 13:24:30,333 [ForkJoinPool.commonPool-worker-0] INFO  impl.StateMachineUpdater (StateMachineUpdater.java:stopAndJoin(149)) - 4b3c65cf-387e-4213-93df-57198a9c946a@group-A4D2DF4C4470-StateMachineUpdater: set stopIndex = 0
2022-01-10 13:24:30,333 [4b3c65cf-387e-4213-93df-57198a9c946a@group-A4D2DF4C4470-FollowerState] INFO  impl.FollowerState (FollowerState.java:run(143)) - 4b3c65cf-387e-4213-93df-57198a9c946a@group-A4D2DF4C4470-FollowerState was interrupted: {}
java.lang.InterruptedException: sleep interrupted
	at java.lang.Thread.sleep(Native Method)
	at java.lang.Thread.sleep(Thread.java:340)
	at java.util.concurrent.TimeUnit.sleep(TimeUnit.java:386)
	at org.apache.ratis.util.TimeDuration.sleep(TimeDuration.java:324)
	at org.apache.ratis.util.TimeDuration.sleep(TimeDuration.java:309)
	at org.apache.ratis.server.impl.FollowerState.run(FollowerState.java:118)
2022-01-10 13:24:30,333 [4b3c65cf-387e-4213-93df-57198a9c946a@group-A4D2DF4C4470-StateMachineUpdater] INFO  ratis.ContainerStateMachine (ContainerStateMachine.java:takeSnapshot(299)) - group-A4D2DF4C4470: Taking a snapshot at:(t:4, i:0) file /home/runner/work/ozone/ozone/hadoop-ozone/integration-test/target/test-dir/MiniOzoneClusterImpl-4961146f-9f28-4cba-af76-74f7029fd382/datanode-0/data/ratis/85deabe5-ad07-422e-babd-a4d2df4c4470/sm/snapshot.4_0
2022-01-10 13:24:30,334 [4b3c65cf-387e-4213-93df-57198a9c946a@group-A4D2DF4C4470-StateMachineUpdater] INFO  ratis.ContainerStateMachine (ContainerStateMachine.java:takeSnapshot(310)) - group-A4D2DF4C4470: Finished taking a snapshot at:(t:4, i:0) file:/home/runner/work/ozone/ozone/hadoop-ozone/integration-test/target/test-dir/MiniOzoneClusterImpl-4961146f-9f28-4cba-af76-74f7029fd382/datanode-0/data/ratis/85deabe5-ad07-422e-babd-a4d2df4c4470/sm/snapshot.4_0 took: 1 ms
2022-01-10 13:24:30,334 [4b3c65cf-387e-4213-93df-57198a9c946a@group-A4D2DF4C4470-StateMachineUpdater] INFO  impl.StateMachineUpdater (StateMachineUpdater.java:takeSnapshot(281)) - 4b3c65cf-387e-4213-93df-57198a9c946a@group-A4D2DF4C4470-StateMachineUpdater: Took a snapshot at index 0
2022-01-10 13:24:30,334 [4b3c65cf-387e-4213-93df-57198a9c946a@group-A4D2DF4C4470-StateMachineUpdater] INFO  impl.StateMachineUpdater (StateMachineUpdater.java:lambda$new$0(89)) - 4b3c65cf-387e-4213-93df-57198a9c946a@group-A4D2DF4C4470-StateMachineUpdater: snapshotIndex: updateIncreasingly -1 -> 0
2022-01-10 13:24:30,335 [ForkJoinPool.commonPool-worker-0] INFO  server.RaftServer$Division (ServerState.java:close(419)) - 4b3c65cf-387e-4213-93df-57198a9c946a@group-A4D2DF4C4470: closes. applyIndex: 0
2022-01-10 13:24:30,335 [4b3c65cf-387e-4213-93df-57198a9c946a@group-A4D2DF4C4470-SegmentedRaftLogWorker] INFO  segmented.SegmentedRaftLogWorker (SegmentedRaftLogWorker.java:run(327)) - 4b3c65cf-387e-4213-93df-57198a9c946a@group-A4D2DF4C4470-SegmentedRaftLogWorker was interrupted, exiting. There are 0 tasks remaining in the queue.
2022-01-10 13:24:30,340 [ForkJoinPool.commonPool-worker-0] INFO  segmented.SegmentedRaftLogWorker (SegmentedRaftLogWorker.java:close(237)) - 4b3c65cf-387e-4213-93df-57198a9c946a@group-A4D2DF4C4470-SegmentedRaftLogWorker close()
2022-01-10 13:24:30,340 [Listener at 127.0.0.1/11264] INFO  server.RaftServer$Division (RaftServerImpl.java:lambda$close$4(412)) - cd4304a5-ad25-4184-aa9b-9d5680dbb42f@group-E5A0C3DE471E: shutdown
2022-01-10 13:24:30,341 [Listener at 127.0.0.1/11264] INFO  util.JmxRegister (JmxRegister.java:unregister(73)) - Successfully un-registered JMX Bean with object name Ratis:service=RaftServer,group=group-E5A0C3DE471E,id=cd4304a5-ad25-4184-aa9b-9d5680dbb42f
2022-01-10 13:24:30,341 [Listener at 127.0.0.1/11264] INFO  impl.RoleInfo (RoleInfo.java:shutdownFollowerState(108)) - cd4304a5-ad25-4184-aa9b-9d5680dbb42f: shutdown cd4304a5-ad25-4184-aa9b-9d5680dbb42f@group-E5A0C3DE471E-FollowerState
2022-01-10 13:24:30,341 [Listener at 127.0.0.1/11264] INFO  impl.StateMachineUpdater (StateMachineUpdater.java:stopAndJoin(149)) - cd4304a5-ad25-4184-aa9b-9d5680dbb42f@group-E5A0C3DE471E-StateMachineUpdater: set stopIndex = 0
2022-01-10 13:24:30,341 [cd4304a5-ad25-4184-aa9b-9d5680dbb42f@group-E5A0C3DE471E-StateMachineUpdater] INFO  ratis.ContainerStateMachine (ContainerStateMachine.java:takeSnapshot(299)) - group-E5A0C3DE471E: Taking a snapshot at:(t:3, i:0) file /home/runner/work/ozone/ozone/hadoop-ozone/integration-test/target/test-dir/MiniOzoneClusterImpl-4961146f-9f28-4cba-af76-74f7029fd382/datanode-1/data/ratis/55485618-4610-47ca-b09d-e5a0c3de471e/sm/snapshot.3_0
2022-01-10 13:24:30,341 [cd4304a5-ad25-4184-aa9b-9d5680dbb42f@group-E5A0C3DE471E-FollowerState] INFO  impl.FollowerState (FollowerState.java:run(143)) - cd4304a5-ad25-4184-aa9b-9d5680dbb42f@group-E5A0C3DE471E-FollowerState was interrupted: {}
java.lang.InterruptedException: sleep interrupted
	at java.lang.Thread.sleep(Native Method)
	at java.lang.Thread.sleep(Thread.java:340)
	at java.util.concurrent.TimeUnit.sleep(TimeUnit.java:386)
	at org.apache.ratis.util.TimeDuration.sleep(TimeDuration.java:324)
	at org.apache.ratis.util.TimeDuration.sleep(TimeDuration.java:309)
	at org.apache.ratis.server.impl.FollowerState.run(FollowerState.java:118)
2022-01-10 13:24:30,342 [cd4304a5-ad25-4184-aa9b-9d5680dbb42f@group-E5A0C3DE471E-StateMachineUpdater] INFO  ratis.ContainerStateMachine (ContainerStateMachine.java:takeSnapshot(310)) - group-E5A0C3DE471E: Finished taking a snapshot at:(t:3, i:0) file:/home/runner/work/ozone/ozone/hadoop-ozone/integration-test/target/test-dir/MiniOzoneClusterImpl-4961146f-9f28-4cba-af76-74f7029fd382/datanode-1/data/ratis/55485618-4610-47ca-b09d-e5a0c3de471e/sm/snapshot.3_0 took: 1 ms
2022-01-10 13:24:30,342 [cd4304a5-ad25-4184-aa9b-9d5680dbb42f@group-E5A0C3DE471E-StateMachineUpdater] INFO  impl.StateMachineUpdater (StateMachineUpdater.java:takeSnapshot(281)) - cd4304a5-ad25-4184-aa9b-9d5680dbb42f@group-E5A0C3DE471E-StateMachineUpdater: Took a snapshot at index 0
2022-01-10 13:24:30,342 [cd4304a5-ad25-4184-aa9b-9d5680dbb42f@group-E5A0C3DE471E-StateMachineUpdater] INFO  impl.StateMachineUpdater (StateMachineUpdater.java:lambda$new$0(89)) - cd4304a5-ad25-4184-aa9b-9d5680dbb42f@group-E5A0C3DE471E-StateMachineUpdater: snapshotIndex: updateIncreasingly -1 -> 0
2022-01-10 13:24:30,342 [Listener at 127.0.0.1/11264] INFO  server.RaftServer$Division (ServerState.java:close(419)) - cd4304a5-ad25-4184-aa9b-9d5680dbb42f@group-E5A0C3DE471E: closes. applyIndex: 0
2022-01-10 13:24:30,342 [ForkJoinPool.commonPool-worker-0] INFO  server.RaftServer$Division (RaftServerImpl.java:lambda$close$4(412)) - 4b3c65cf-387e-4213-93df-57198a9c946a@group-E5A0C3DE471E: shutdown
2022-01-10 13:24:30,343 [cd4304a5-ad25-4184-aa9b-9d5680dbb42f@group-E5A0C3DE471E-SegmentedRaftLogWorker] INFO  segmented.SegmentedRaftLogWorker (SegmentedRaftLogWorker.java:run(327)) - cd4304a5-ad25-4184-aa9b-9d5680dbb42f@group-E5A0C3DE471E-SegmentedRaftLogWorker was interrupted, exiting. There are 0 tasks remaining in the queue.
2022-01-10 13:24:30,343 [ForkJoinPool.commonPool-worker-0] INFO  util.JmxRegister (JmxRegister.java:unregister(73)) - Successfully un-registered JMX Bean with object name Ratis:service=RaftServer,group=group-E5A0C3DE471E,id=4b3c65cf-387e-4213-93df-57198a9c946a
2022-01-10 13:24:30,343 [ForkJoinPool.commonPool-worker-0] INFO  impl.RoleInfo (RoleInfo.java:shutdownFollowerState(108)) - 4b3c65cf-387e-4213-93df-57198a9c946a: shutdown 4b3c65cf-387e-4213-93df-57198a9c946a@group-E5A0C3DE471E-FollowerState
2022-01-10 13:24:30,343 [ForkJoinPool.commonPool-worker-0] INFO  impl.StateMachineUpdater (StateMachineUpdater.java:stopAndJoin(149)) - 4b3c65cf-387e-4213-93df-57198a9c946a@group-E5A0C3DE471E-StateMachineUpdater: set stopIndex = 0
2022-01-10 13:24:30,343 [4b3c65cf-387e-4213-93df-57198a9c946a@group-E5A0C3DE471E-FollowerState] INFO  impl.FollowerState (FollowerState.java:run(143)) - 4b3c65cf-387e-4213-93df-57198a9c946a@group-E5A0C3DE471E-FollowerState was interrupted: {}
java.lang.InterruptedException: sleep interrupted
	at java.lang.Thread.sleep(Native Method)
	at java.lang.Thread.sleep(Thread.java:340)
	at java.util.concurrent.TimeUnit.sleep(TimeUnit.java:386)
	at org.apache.ratis.util.TimeDuration.sleep(TimeDuration.java:324)
	at org.apache.ratis.util.TimeDuration.sleep(TimeDuration.java:309)
	at org.apache.ratis.server.impl.FollowerState.run(FollowerState.java:118)
2022-01-10 13:24:30,343 [4b3c65cf-387e-4213-93df-57198a9c946a@group-E5A0C3DE471E-StateMachineUpdater] INFO  ratis.ContainerStateMachine (ContainerStateMachine.java:takeSnapshot(299)) - group-E5A0C3DE471E: Taking a snapshot at:(t:3, i:0) file /home/runner/work/ozone/ozone/hadoop-ozone/integration-test/target/test-dir/MiniOzoneClusterImpl-4961146f-9f28-4cba-af76-74f7029fd382/datanode-0/data/ratis/55485618-4610-47ca-b09d-e5a0c3de471e/sm/snapshot.3_0
2022-01-10 13:24:30,344 [4b3c65cf-387e-4213-93df-57198a9c946a@group-E5A0C3DE471E-StateMachineUpdater] INFO  ratis.ContainerStateMachine (ContainerStateMachine.java:takeSnapshot(310)) - group-E5A0C3DE471E: Finished taking a snapshot at:(t:3, i:0) file:/home/runner/work/ozone/ozone/hadoop-ozone/integration-test/target/test-dir/MiniOzoneClusterImpl-4961146f-9f28-4cba-af76-74f7029fd382/datanode-0/data/ratis/55485618-4610-47ca-b09d-e5a0c3de471e/sm/snapshot.3_0 took: 1 ms
2022-01-10 13:24:30,344 [4b3c65cf-387e-4213-93df-57198a9c946a@group-E5A0C3DE471E-StateMachineUpdater] INFO  impl.StateMachineUpdater (StateMachineUpdater.java:takeSnapshot(281)) - 4b3c65cf-387e-4213-93df-57198a9c946a@group-E5A0C3DE471E-StateMachineUpdater: Took a snapshot at index 0
2022-01-10 13:24:30,344 [4b3c65cf-387e-4213-93df-57198a9c946a@group-E5A0C3DE471E-StateMachineUpdater] INFO  impl.StateMachineUpdater (StateMachineUpdater.java:lambda$new$0(89)) - 4b3c65cf-387e-4213-93df-57198a9c946a@group-E5A0C3DE471E-StateMachineUpdater: snapshotIndex: updateIncreasingly -1 -> 0
2022-01-10 13:24:30,344 [ForkJoinPool.commonPool-worker-0] INFO  server.RaftServer$Division (ServerState.java:close(419)) - 4b3c65cf-387e-4213-93df-57198a9c946a@group-E5A0C3DE471E: closes. applyIndex: 0
2022-01-10 13:24:30,344 [4b3c65cf-387e-4213-93df-57198a9c946a@group-E5A0C3DE471E-SegmentedRaftLogWorker] INFO  segmented.SegmentedRaftLogWorker (SegmentedRaftLogWorker.java:run(327)) - 4b3c65cf-387e-4213-93df-57198a9c946a@group-E5A0C3DE471E-SegmentedRaftLogWorker was interrupted, exiting. There are 0 tasks remaining in the queue.
2022-01-10 13:24:30,349 [Listener at 127.0.0.1/11264] INFO  segmented.SegmentedRaftLogWorker (SegmentedRaftLogWorker.java:close(237)) - cd4304a5-ad25-4184-aa9b-9d5680dbb42f@group-E5A0C3DE471E-SegmentedRaftLogWorker close()
2022-01-10 13:24:30,349 [ForkJoinPool.commonPool-worker-0] INFO  segmented.SegmentedRaftLogWorker (SegmentedRaftLogWorker.java:close(237)) - 4b3c65cf-387e-4213-93df-57198a9c946a@group-E5A0C3DE471E-SegmentedRaftLogWorker close()
2022-01-10 13:24:30,352 [Listener at 127.0.0.1/11264] INFO  server.RaftServer$Division (RaftServerImpl.java:lambda$close$4(412)) - cd4304a5-ad25-4184-aa9b-9d5680dbb42f@group-14C834867ECA: shutdown
2022-01-10 13:24:30,353 [Listener at 127.0.0.1/11264] INFO  util.JmxRegister (JmxRegister.java:unregister(73)) - Successfully un-registered JMX Bean with object name Ratis:service=RaftServer,group=group-14C834867ECA,id=cd4304a5-ad25-4184-aa9b-9d5680dbb42f
2022-01-10 13:24:30,353 [Listener at 127.0.0.1/11264] INFO  impl.RoleInfo (RoleInfo.java:shutdownLeaderState(91)) - cd4304a5-ad25-4184-aa9b-9d5680dbb42f: shutdown cd4304a5-ad25-4184-aa9b-9d5680dbb42f@group-14C834867ECA-LeaderStateImpl
2022-01-10 13:24:30,352 [ForkJoinPool.commonPool-worker-0] INFO  server.GrpcService (GrpcService.java:closeImpl(262)) - 4b3c65cf-387e-4213-93df-57198a9c946a: shutdown server with port 38165 now
2022-01-10 13:24:30,353 [Listener at 127.0.0.1/11264] INFO  impl.PendingRequests (PendingRequests.java:sendNotLeaderResponses(282)) - cd4304a5-ad25-4184-aa9b-9d5680dbb42f@group-14C834867ECA-PendingRequests: sendNotLeaderResponses
2022-01-10 13:24:30,354 [Listener at 127.0.0.1/11264] INFO  impl.StateMachineUpdater (StateMachineUpdater.java:stopAndJoin(149)) - cd4304a5-ad25-4184-aa9b-9d5680dbb42f@group-14C834867ECA-StateMachineUpdater: set stopIndex = 0
2022-01-10 13:24:30,355 [cd4304a5-ad25-4184-aa9b-9d5680dbb42f@group-14C834867ECA-StateMachineUpdater] INFO  ratis.ContainerStateMachine (ContainerStateMachine.java:takeSnapshot(299)) - group-14C834867ECA: Taking a snapshot at:(t:1, i:0) file /home/runner/work/ozone/ozone/hadoop-ozone/integration-test/target/test-dir/MiniOzoneClusterImpl-4961146f-9f28-4cba-af76-74f7029fd382/datanode-1/data/ratis/829003a7-cb35-431b-8dc7-14c834867eca/sm/snapshot.1_0
2022-01-10 13:24:30,356 [grpc-default-executor-3] WARN  server.GrpcServerProtocolService (LogUtils.java:warn(122)) - 4b3c65cf-387e-4213-93df-57198a9c946a: installSnapshot onError, lastRequest: 9ca66d1e-a818-43c9-bf62-5187506efa35->4b3c65cf-387e-4213-93df-57198a9c946a#1-t3,previous=(t:0, i:0),leaderCommit=0,initializing? true,entries: size=1, first=(t:3, i:0), CONFIGURATIONENTRY: org.apache.ratis.thirdparty.io.grpc.StatusRuntimeException: CANCELLED: client cancelled
2022-01-10 13:24:30,356 [grpc-default-executor-2] WARN  server.GrpcLogAppender (LogUtils.java:warn(122)) - 9ca66d1e-a818-43c9-bf62-5187506efa35@group-E5A0C3DE471E->4b3c65cf-387e-4213-93df-57198a9c946a-AppendLogResponseHandler: Failed appendEntries: org.apache.ratis.thirdparty.io.grpc.StatusRuntimeException: CANCELLED: HTTP/2 error code: CANCEL
Received Rst Stream
2022-01-10 13:24:30,356 [grpc-default-executor-2] WARN  server.GrpcLogAppender (GrpcLogAppender.java:resetClient(110)) - 9ca66d1e-a818-43c9-bf62-5187506efa35@group-E5A0C3DE471E->4b3c65cf-387e-4213-93df-57198a9c946a-GrpcLogAppender: Leader has not got in touch with Follower 9ca66d1e-a818-43c9-bf62-5187506efa35@group-E5A0C3DE471E->4b3c65cf-387e-4213-93df-57198a9c946a(c0,m0,n1, attendVote=true, lastRpcSendTime=61, lastRpcResponseTime=26) yet, just keep nextIndex unchanged and retry.
2022-01-10 13:24:30,356 [cd4304a5-ad25-4184-aa9b-9d5680dbb42f@group-14C834867ECA-StateMachineUpdater] INFO  ratis.ContainerStateMachine (ContainerStateMachine.java:takeSnapshot(310)) - group-14C834867ECA: Finished taking a snapshot at:(t:1, i:0) file:/home/runner/work/ozone/ozone/hadoop-ozone/integration-test/target/test-dir/MiniOzoneClusterImpl-4961146f-9f28-4cba-af76-74f7029fd382/datanode-1/data/ratis/829003a7-cb35-431b-8dc7-14c834867eca/sm/snapshot.1_0 took: 1 ms
2022-01-10 13:24:30,356 [cd4304a5-ad25-4184-aa9b-9d5680dbb42f@group-14C834867ECA-StateMachineUpdater] INFO  impl.StateMachineUpdater (StateMachineUpdater.java:takeSnapshot(281)) - cd4304a5-ad25-4184-aa9b-9d5680dbb42f@group-14C834867ECA-StateMachineUpdater: Took a snapshot at index 0
2022-01-10 13:24:30,356 [cd4304a5-ad25-4184-aa9b-9d5680dbb42f@group-14C834867ECA-StateMachineUpdater] INFO  impl.StateMachineUpdater (StateMachineUpdater.java:lambda$new$0(89)) - cd4304a5-ad25-4184-aa9b-9d5680dbb42f@group-14C834867ECA-StateMachineUpdater: snapshotIndex: updateIncreasingly -1 -> 0
2022-01-10 13:24:30,357 [Listener at 127.0.0.1/11264] INFO  server.RaftServer$Division (ServerState.java:close(419)) - cd4304a5-ad25-4184-aa9b-9d5680dbb42f@group-14C834867ECA: closes. applyIndex: 0
2022-01-10 13:24:30,357 [cd4304a5-ad25-4184-aa9b-9d5680dbb42f@group-14C834867ECA-SegmentedRaftLogWorker] INFO  segmented.SegmentedRaftLogWorker (SegmentedRaftLogWorker.java:run(327)) - cd4304a5-ad25-4184-aa9b-9d5680dbb42f@group-14C834867ECA-SegmentedRaftLogWorker was interrupted, exiting. There are 0 tasks remaining in the queue.
2022-01-10 13:24:30,381 [Listener at 127.0.0.1/11264] INFO  segmented.SegmentedRaftLogWorker (SegmentedRaftLogWorker.java:close(237)) - cd4304a5-ad25-4184-aa9b-9d5680dbb42f@group-14C834867ECA-SegmentedRaftLogWorker close()
2022-01-10 13:24:30,381 [Listener at 127.0.0.1/11264] INFO  server.GrpcService (GrpcService.java:closeImpl(262)) - cd4304a5-ad25-4184-aa9b-9d5680dbb42f: shutdown server with port 44433 now
2022-01-10 13:24:30,395 [grpc-default-executor-4] WARN  server.GrpcServerProtocolService (LogUtils.java:warn(122)) - cd4304a5-ad25-4184-aa9b-9d5680dbb42f: installSnapshot onError, lastRequest: 9ca66d1e-a818-43c9-bf62-5187506efa35->cd4304a5-ad25-4184-aa9b-9d5680dbb42f#1-t3,previous=(t:0, i:0),leaderCommit=0,initializing? true,entries: size=1, first=(t:3, i:0), CONFIGURATIONENTRY: org.apache.ratis.thirdparty.io.grpc.StatusRuntimeException: CANCELLED: client cancelled
2022-01-10 13:24:30,395 [grpc-default-executor-2] WARN  server.GrpcLogAppender (LogUtils.java:warn(122)) - 9ca66d1e-a818-43c9-bf62-5187506efa35@group-E5A0C3DE471E->cd4304a5-ad25-4184-aa9b-9d5680dbb42f-AppendLogResponseHandler: Failed appendEntries: org.apache.ratis.thirdparty.io.grpc.StatusRuntimeException: CANCELLED: HTTP/2 error code: CANCEL
Received Rst Stream
2022-01-10 13:24:30,395 [grpc-default-executor-2] WARN  server.GrpcLogAppender (GrpcLogAppender.java:resetClient(110)) - 9ca66d1e-a818-43c9-bf62-5187506efa35@group-E5A0C3DE471E->cd4304a5-ad25-4184-aa9b-9d5680dbb42f-GrpcLogAppender: Leader has not got in touch with Follower 9ca66d1e-a818-43c9-bf62-5187506efa35@group-E5A0C3DE471E->cd4304a5-ad25-4184-aa9b-9d5680dbb42f(c0,m0,n1, attendVote=true, lastRpcSendTime=118, lastRpcResponseTime=110) yet, just keep nextIndex unchanged and retry.
2022-01-10 13:24:30,409 [ForkJoinPool.commonPool-worker-0] INFO  server.GrpcService (GrpcService.java:closeImpl(271)) - 4b3c65cf-387e-4213-93df-57198a9c946a: shutdown server with port 38165 successfully
2022-01-10 13:24:30,409 [org.apache.ratis.util.JvmPauseMonitor$$Lambda$500/2122256138@28f46098] INFO  util.JvmPauseMonitor (JvmPauseMonitor.java:run(109)) - JvmPauseMonitor-4b3c65cf-387e-4213-93df-57198a9c946a: Stopped
2022-01-10 13:24:30,413 [Listener at 127.0.0.1/11264] INFO  server.GrpcService (GrpcService.java:closeImpl(271)) - cd4304a5-ad25-4184-aa9b-9d5680dbb42f: shutdown server with port 44433 successfully
2022-01-10 13:24:30,414 [org.apache.ratis.util.JvmPauseMonitor$$Lambda$500/2122256138@da33142] INFO  util.JvmPauseMonitor (JvmPauseMonitor.java:run(109)) - JvmPauseMonitor-cd4304a5-ad25-4184-aa9b-9d5680dbb42f: Stopped
2022-01-10 13:24:30,657 [EndpointStateMachine task thread for /127.0.0.1:14629 - 0 ] INFO  ipc.Client (Client.java:handleConnectionFailure(977)) - Retrying connect to server: localhost/127.0.0.1:14629. Already tried 12 time(s); retry policy is RetryUpToMaximumCountWithFixedSleep(maxRetries=15, sleepTime=1000 MILLISECONDS)
2022-01-10 13:24:30,670 [EndpointStateMachine task thread for /127.0.0.1:14619 - 0 ] INFO  ipc.Client (Client.java:handleConnectionFailure(977)) - Retrying connect to server: localhost/127.0.0.1:14619. Already tried 12 time(s); retry policy is RetryUpToMaximumCountWithFixedSleep(maxRetries=15, sleepTime=1000 MILLISECONDS)
2022-01-10 13:24:30,673 [EndpointStateMachine task thread for /127.0.0.1:12887 - 0 ] INFO  ipc.Client (Client.java:handleConnectionFailure(977)) - Retrying connect to server: localhost/127.0.0.1:12887. Already tried 4 time(s); retry policy is RetryUpToMaximumCountWithFixedSleep(maxRetries=15, sleepTime=1000 MILLISECONDS)
2022-01-10 13:24:30,673 [EndpointStateMachine task thread for /127.0.0.1:14609 - 0 ] INFO  ipc.Client (Client.java:handleConnectionFailure(977)) - Retrying connect to server: localhost/127.0.0.1:14609. Already tried 0 time(s); retry policy is RetryUpToMaximumCountWithFixedSleep(maxRetries=15, sleepTime=1000 MILLISECONDS)
2022-01-10 13:24:30,673 [EndpointStateMachine task thread for /127.0.0.1:12897 - 0 ] INFO  ipc.Client (Client.java:handleConnectionFailure(977)) - Retrying connect to server: localhost/127.0.0.1:12897. Already tried 4 time(s); retry policy is RetryUpToMaximumCountWithFixedSleep(maxRetries=15, sleepTime=1000 MILLISECONDS)
2022-01-10 13:24:31,158 [EndpointStateMachine task thread for /127.0.0.1:12877 - 0 ] INFO  ipc.Client (Client.java:handleConnectionFailure(977)) - Retrying connect to server: localhost/127.0.0.1:12877. Already tried 6 time(s); retry policy is RetryUpToMaximumCountWithFixedSleep(maxRetries=15, sleepTime=1000 MILLISECONDS)
2022-01-10 13:24:31,657 [EndpointStateMachine task thread for /127.0.0.1:14629 - 0 ] INFO  ipc.Client (Client.java:handleConnectionFailure(977)) - Retrying connect to server: localhost/127.0.0.1:14629. Already tried 13 time(s); retry policy is RetryUpToMaximumCountWithFixedSleep(maxRetries=15, sleepTime=1000 MILLISECONDS)
2022-01-10 13:24:31,670 [EndpointStateMachine task thread for /127.0.0.1:14619 - 0 ] INFO  ipc.Client (Client.java:handleConnectionFailure(977)) - Retrying connect to server: localhost/127.0.0.1:14619. Already tried 13 time(s); retry policy is RetryUpToMaximumCountWithFixedSleep(maxRetries=15, sleepTime=1000 MILLISECONDS)
2022-01-10 13:24:31,673 [EndpointStateMachine task thread for /127.0.0.1:14609 - 0 ] INFO  ipc.Client (Client.java:handleConnectionFailure(977)) - Retrying connect to server: localhost/127.0.0.1:14609. Already tried 1 time(s); retry policy is RetryUpToMaximumCountWithFixedSleep(maxRetries=15, sleepTime=1000 MILLISECONDS)
2022-01-10 13:24:31,674 [EndpointStateMachine task thread for /127.0.0.1:12897 - 0 ] INFO  ipc.Client (Client.java:handleConnectionFailure(977)) - Retrying connect to server: localhost/127.0.0.1:12897. Already tried 5 time(s); retry policy is RetryUpToMaximumCountWithFixedSleep(maxRetries=15, sleepTime=1000 MILLISECONDS)
2022-01-10 13:24:31,674 [EndpointStateMachine task thread for /127.0.0.1:12887 - 0 ] INFO  ipc.Client (Client.java:handleConnectionFailure(977)) - Retrying connect to server: localhost/127.0.0.1:12887. Already tried 5 time(s); retry policy is RetryUpToMaximumCountWithFixedSleep(maxRetries=15, sleepTime=1000 MILLISECONDS)
2022-01-10 13:24:32,159 [EndpointStateMachine task thread for /127.0.0.1:12877 - 0 ] INFO  ipc.Client (Client.java:handleConnectionFailure(977)) - Retrying connect to server: localhost/127.0.0.1:12877. Already tried 7 time(s); retry policy is RetryUpToMaximumCountWithFixedSleep(maxRetries=15, sleepTime=1000 MILLISECONDS)
2022-01-10 13:24:32,453 [Listener at 127.0.0.1/11264] INFO  utils.BackgroundService (BackgroundService.java:shutdown(132)) - Shutting down service BlockDeletingService
2022-01-10 13:24:32,463 [ForkJoinPool.commonPool-worker-0] INFO  utils.BackgroundService (BackgroundService.java:shutdown(132)) - Shutting down service BlockDeletingService
2022-01-10 13:24:32,658 [EndpointStateMachine task thread for /127.0.0.1:14629 - 0 ] INFO  ipc.Client (Client.java:handleConnectionFailure(977)) - Retrying connect to server: localhost/127.0.0.1:14629. Already tried 14 time(s); retry policy is RetryUpToMaximumCountWithFixedSleep(maxRetries=15, sleepTime=1000 MILLISECONDS)
2022-01-10 13:24:32,671 [EndpointStateMachine task thread for /127.0.0.1:14619 - 0 ] INFO  ipc.Client (Client.java:handleConnectionFailure(977)) - Retrying connect to server: localhost/127.0.0.1:14619. Already tried 14 time(s); retry policy is RetryUpToMaximumCountWithFixedSleep(maxRetries=15, sleepTime=1000 MILLISECONDS)
2022-01-10 13:24:32,674 [EndpointStateMachine task thread for /127.0.0.1:14609 - 0 ] INFO  ipc.Client (Client.java:handleConnectionFailure(977)) - Retrying connect to server: localhost/127.0.0.1:14609. Already tried 2 time(s); retry policy is RetryUpToMaximumCountWithFixedSleep(maxRetries=15, sleepTime=1000 MILLISECONDS)
2022-01-10 13:24:32,674 [EndpointStateMachine task thread for /127.0.0.1:12897 - 0 ] INFO  ipc.Client (Client.java:handleConnectionFailure(977)) - Retrying connect to server: localhost/127.0.0.1:12897. Already tried 6 time(s); retry policy is RetryUpToMaximumCountWithFixedSleep(maxRetries=15, sleepTime=1000 MILLISECONDS)
2022-01-10 13:24:32,674 [EndpointStateMachine task thread for /127.0.0.1:12887 - 0 ] INFO  ipc.Client (Client.java:handleConnectionFailure(977)) - Retrying connect to server: localhost/127.0.0.1:12887. Already tried 6 time(s); retry policy is RetryUpToMaximumCountWithFixedSleep(maxRetries=15, sleepTime=1000 MILLISECONDS)
2022-01-10 13:24:32,825 [grpc-default-executor-4] WARN  server.GrpcLogAppender (LogUtils.java:warn(122)) - 9ca66d1e-a818-43c9-bf62-5187506efa35@group-E5A0C3DE471E->cd4304a5-ad25-4184-aa9b-9d5680dbb42f-AppendLogResponseHandler: Failed appendEntries: org.apache.ratis.thirdparty.io.grpc.StatusRuntimeException: UNAVAILABLE: io exception
2022-01-10 13:24:32,826 [grpc-default-executor-4] WARN  server.GrpcLogAppender (GrpcLogAppender.java:resetClient(110)) - 9ca66d1e-a818-43c9-bf62-5187506efa35@group-E5A0C3DE471E->cd4304a5-ad25-4184-aa9b-9d5680dbb42f-GrpcLogAppender: Leader has not got in touch with Follower 9ca66d1e-a818-43c9-bf62-5187506efa35@group-E5A0C3DE471E->cd4304a5-ad25-4184-aa9b-9d5680dbb42f(c0,m0,n1, attendVote=true, lastRpcSendTime=0, lastRpcResponseTime=2541) yet, just keep nextIndex unchanged and retry.
2022-01-10 13:24:32,861 [grpc-default-executor-4] WARN  server.GrpcLogAppender (LogUtils.java:warn(122)) - 9ca66d1e-a818-43c9-bf62-5187506efa35@group-E5A0C3DE471E->4b3c65cf-387e-4213-93df-57198a9c946a-AppendLogResponseHandler: Failed appendEntries: org.apache.ratis.thirdparty.io.grpc.StatusRuntimeException: UNAVAILABLE: io exception
2022-01-10 13:24:32,862 [grpc-default-executor-4] WARN  server.GrpcLogAppender (GrpcLogAppender.java:resetClient(110)) - 9ca66d1e-a818-43c9-bf62-5187506efa35@group-E5A0C3DE471E->4b3c65cf-387e-4213-93df-57198a9c946a-GrpcLogAppender: Leader has not got in touch with Follower 9ca66d1e-a818-43c9-bf62-5187506efa35@group-E5A0C3DE471E->4b3c65cf-387e-4213-93df-57198a9c946a(c0,m0,n1, attendVote=true, lastRpcSendTime=0, lastRpcResponseTime=2532) yet, just keep nextIndex unchanged and retry.
2022-01-10 13:24:33,160 [EndpointStateMachine task thread for /127.0.0.1:12877 - 0 ] INFO  ipc.Client (Client.java:handleConnectionFailure(977)) - Retrying connect to server: localhost/127.0.0.1:12877. Already tried 8 time(s); retry policy is RetryUpToMaximumCountWithFixedSleep(maxRetries=15, sleepTime=1000 MILLISECONDS)
2022-01-10 13:24:33,659 [EndpointStateMachine task thread for /127.0.0.1:14629 - 0 ] INFO  ipc.Client (Client.java:handleConnectionFailure(977)) - Retrying connect to server: localhost/127.0.0.1:14629. Already tried 0 time(s); retry policy is RetryUpToMaximumCountWithFixedSleep(maxRetries=15, sleepTime=1000 MILLISECONDS)
2022-01-10 13:24:33,672 [EndpointStateMachine task thread for /127.0.0.1:14619 - 0 ] INFO  ipc.Client (Client.java:handleConnectionFailure(977)) - Retrying connect to server: localhost/127.0.0.1:14619. Already tried 0 time(s); retry policy is RetryUpToMaximumCountWithFixedSleep(maxRetries=15, sleepTime=1000 MILLISECONDS)
2022-01-10 13:24:33,674 [EndpointStateMachine task thread for /127.0.0.1:14609 - 0 ] INFO  ipc.Client (Client.java:handleConnectionFailure(977)) - Retrying connect to server: localhost/127.0.0.1:14609. Already tried 3 time(s); retry policy is RetryUpToMaximumCountWithFixedSleep(maxRetries=15, sleepTime=1000 MILLISECONDS)
2022-01-10 13:24:33,674 [EndpointStateMachine task thread for /127.0.0.1:12897 - 0 ] INFO  ipc.Client (Client.java:handleConnectionFailure(977)) - Retrying connect to server: localhost/127.0.0.1:12897. Already tried 7 time(s); retry policy is RetryUpToMaximumCountWithFixedSleep(maxRetries=15, sleepTime=1000 MILLISECONDS)
2022-01-10 13:24:33,677 [EndpointStateMachine task thread for /127.0.0.1:12887 - 0 ] INFO  ipc.Client (Client.java:handleConnectionFailure(977)) - Retrying connect to server: localhost/127.0.0.1:12887. Already tried 7 time(s); retry policy is RetryUpToMaximumCountWithFixedSleep(maxRetries=15, sleepTime=1000 MILLISECONDS)
2022-01-10 13:24:34,161 [EndpointStateMachine task thread for /127.0.0.1:12877 - 0 ] INFO  ipc.Client (Client.java:handleConnectionFailure(977)) - Retrying connect to server: localhost/127.0.0.1:12877. Already tried 9 time(s); retry policy is RetryUpToMaximumCountWithFixedSleep(maxRetries=15, sleepTime=1000 MILLISECONDS)
2022-01-10 13:24:34,660 [EndpointStateMachine task thread for /127.0.0.1:14629 - 0 ] INFO  ipc.Client (Client.java:handleConnectionFailure(977)) - Retrying connect to server: localhost/127.0.0.1:14629. Already tried 1 time(s); retry policy is RetryUpToMaximumCountWithFixedSleep(maxRetries=15, sleepTime=1000 MILLISECONDS)
2022-01-10 13:24:34,672 [EndpointStateMachine task thread for /127.0.0.1:14619 - 0 ] INFO  ipc.Client (Client.java:handleConnectionFailure(977)) - Retrying connect to server: localhost/127.0.0.1:14619. Already tried 1 time(s); retry policy is RetryUpToMaximumCountWithFixedSleep(maxRetries=15, sleepTime=1000 MILLISECONDS)
2022-01-10 13:24:34,674 [EndpointStateMachine task thread for /127.0.0.1:14609 - 0 ] INFO  ipc.Client (Client.java:handleConnectionFailure(977)) - Retrying connect to server: localhost/127.0.0.1:14609. Already tried 4 time(s); retry policy is RetryUpToMaximumCountWithFixedSleep(maxRetries=15, sleepTime=1000 MILLISECONDS)
2022-01-10 13:24:34,675 [EndpointStateMachine task thread for /127.0.0.1:12897 - 0 ] INFO  ipc.Client (Client.java:handleConnectionFailure(977)) - Retrying connect to server: localhost/127.0.0.1:12897. Already tried 8 time(s); retry policy is RetryUpToMaximumCountWithFixedSleep(maxRetries=15, sleepTime=1000 MILLISECONDS)
2022-01-10 13:24:34,677 [EndpointStateMachine task thread for /127.0.0.1:12887 - 0 ] INFO  ipc.Client (Client.java:handleConnectionFailure(977)) - Retrying connect to server: localhost/127.0.0.1:12887. Already tried 8 time(s); retry policy is RetryUpToMaximumCountWithFixedSleep(maxRetries=15, sleepTime=1000 MILLISECONDS)
2022-01-10 13:24:35,161 [EndpointStateMachine task thread for /127.0.0.1:12877 - 0 ] INFO  ipc.Client (Client.java:handleConnectionFailure(977)) - Retrying connect to server: localhost/127.0.0.1:12877. Already tried 10 time(s); retry policy is RetryUpToMaximumCountWithFixedSleep(maxRetries=15, sleepTime=1000 MILLISECONDS)
2022-01-10 13:24:35,353 [grpc-default-executor-4] WARN  server.GrpcLogAppender (LogUtils.java:warn(122)) - 9ca66d1e-a818-43c9-bf62-5187506efa35@group-E5A0C3DE471E->cd4304a5-ad25-4184-aa9b-9d5680dbb42f-AppendLogResponseHandler: Failed appendEntries: org.apache.ratis.thirdparty.io.grpc.StatusRuntimeException: UNAVAILABLE: io exception
2022-01-10 13:24:35,354 [grpc-default-executor-4] WARN  server.GrpcLogAppender (GrpcLogAppender.java:resetClient(110)) - 9ca66d1e-a818-43c9-bf62-5187506efa35@group-E5A0C3DE471E->cd4304a5-ad25-4184-aa9b-9d5680dbb42f-GrpcLogAppender: Leader has not got in touch with Follower 9ca66d1e-a818-43c9-bf62-5187506efa35@group-E5A0C3DE471E->cd4304a5-ad25-4184-aa9b-9d5680dbb42f(c0,m0,n1, attendVote=true, lastRpcSendTime=0, lastRpcResponseTime=5068) yet, just keep nextIndex unchanged and retry.
2022-01-10 13:24:35,371 [grpc-default-executor-4] WARN  server.GrpcLogAppender (LogUtils.java:warn(122)) - 9ca66d1e-a818-43c9-bf62-5187506efa35@group-E5A0C3DE471E->4b3c65cf-387e-4213-93df-57198a9c946a-AppendLogResponseHandler: Failed appendEntries: org.apache.ratis.thirdparty.io.grpc.StatusRuntimeException: UNAVAILABLE: io exception
2022-01-10 13:24:35,371 [grpc-default-executor-4] WARN  server.GrpcLogAppender (GrpcLogAppender.java:resetClient(110)) - 9ca66d1e-a818-43c9-bf62-5187506efa35@group-E5A0C3DE471E->4b3c65cf-387e-4213-93df-57198a9c946a-GrpcLogAppender: Leader has not got in touch with Follower 9ca66d1e-a818-43c9-bf62-5187506efa35@group-E5A0C3DE471E->4b3c65cf-387e-4213-93df-57198a9c946a(c0,m0,n1, attendVote=true, lastRpcSendTime=2510, lastRpcResponseTime=5042) yet, just keep nextIndex unchanged and retry.
2022-01-10 13:24:35,463 [Listener at 127.0.0.1/11264] INFO  statemachine.DatanodeStateMachine (DatanodeStateMachine.java:stopDaemon(526)) - Ozone container server stopped.
2022-01-10 13:24:35,464 [Listener at 127.0.0.1/11264] INFO  handler.ContextHandler (ContextHandler.java:doStop(1153)) - Stopped o.e.j.w.WebAppContext@3ecf69eb{hddsDatanode,/,null,STOPPED}{jar:file:/home/runner/.m2/repository/org/apache/ozone/hdds-container-service/1.3.0-SNAPSHOT/hdds-container-service-1.3.0-SNAPSHOT.jar!/webapps/hddsDatanode}
2022-01-10 13:24:35,465 [Listener at 127.0.0.1/11264] INFO  server.AbstractConnector (AbstractConnector.java:doStop(381)) - Stopped ServerConnector@2259490{HTTP/1.1, (http/1.1)}{0.0.0.0:0}
2022-01-10 13:24:35,465 [Listener at 127.0.0.1/11264] INFO  server.session (HouseKeeper.java:stopScavenging(149)) - node0 Stopped scavenging
2022-01-10 13:24:35,466 [Listener at 127.0.0.1/11264] INFO  handler.ContextHandler (ContextHandler.java:doStop(1153)) - Stopped o.e.j.s.ServletContextHandler@366558a2{static,/static,jar:file:/home/runner/.m2/repository/org/apache/ozone/hdds-container-service/1.3.0-SNAPSHOT/hdds-container-service-1.3.0-SNAPSHOT.jar!/webapps/static,STOPPED}
2022-01-10 13:24:35,466 [Listener at 127.0.0.1/11264] INFO  handler.ContextHandler (ContextHandler.java:doStop(1153)) - Stopped o.e.j.s.ServletContextHandler@5234f6c5{logs,/logs,file:///home/runner/work/ozone/ozone/hadoop-ozone/integration-test/target/log,STOPPED}
2022-01-10 13:24:35,469 [ForkJoinPool.commonPool-worker-0] INFO  statemachine.DatanodeStateMachine (DatanodeStateMachine.java:stopDaemon(526)) - Ozone container server stopped.
2022-01-10 13:24:35,490 [ForkJoinPool.commonPool-worker-0] INFO  handler.ContextHandler (ContextHandler.java:doStop(1153)) - Stopped o.e.j.w.WebAppContext@7883c414{hddsDatanode,/,null,STOPPED}{jar:file:/home/runner/.m2/repository/org/apache/ozone/hdds-container-service/1.3.0-SNAPSHOT/hdds-container-service-1.3.0-SNAPSHOT.jar!/webapps/hddsDatanode}
2022-01-10 13:24:35,492 [ForkJoinPool.commonPool-worker-0] INFO  server.AbstractConnector (AbstractConnector.java:doStop(381)) - Stopped ServerConnector@6d0c2990{HTTP/1.1, (http/1.1)}{0.0.0.0:0}
2022-01-10 13:24:35,492 [ForkJoinPool.commonPool-worker-0] INFO  server.session (HouseKeeper.java:stopScavenging(149)) - node0 Stopped scavenging
2022-01-10 13:24:35,492 [ForkJoinPool.commonPool-worker-0] INFO  handler.ContextHandler (ContextHandler.java:doStop(1153)) - Stopped o.e.j.s.ServletContextHandler@5464a18{static,/static,jar:file:/home/runner/.m2/repository/org/apache/ozone/hdds-container-service/1.3.0-SNAPSHOT/hdds-container-service-1.3.0-SNAPSHOT.jar!/webapps/static,STOPPED}
2022-01-10 13:24:35,492 [ForkJoinPool.commonPool-worker-0] INFO  handler.ContextHandler (ContextHandler.java:doStop(1153)) - Stopped o.e.j.s.ServletContextHandler@5bcaebdb{logs,/logs,file:///home/runner/work/ozone/ozone/hadoop-ozone/integration-test/target/log,STOPPED}
2022-01-10 13:24:35,661 [EndpointStateMachine task thread for /127.0.0.1:14629 - 0 ] INFO  ipc.Client (Client.java:handleConnectionFailure(977)) - Retrying connect to server: localhost/127.0.0.1:14629. Already tried 2 time(s); retry policy is RetryUpToMaximumCountWithFixedSleep(maxRetries=15, sleepTime=1000 MILLISECONDS)
2022-01-10 13:24:35,673 [EndpointStateMachine task thread for /127.0.0.1:14619 - 0 ] INFO  ipc.Client (Client.java:handleConnectionFailure(977)) - Retrying connect to server: localhost/127.0.0.1:14619. Already tried 2 time(s); retry policy is RetryUpToMaximumCountWithFixedSleep(maxRetries=15, sleepTime=1000 MILLISECONDS)
2022-01-10 13:24:35,675 [EndpointStateMachine task thread for /127.0.0.1:12897 - 0 ] INFO  ipc.Client (Client.java:handleConnectionFailure(977)) - Retrying connect to server: localhost/127.0.0.1:12897. Already tried 9 time(s); retry policy is RetryUpToMaximumCountWithFixedSleep(maxRetries=15, sleepTime=1000 MILLISECONDS)
2022-01-10 13:24:35,675 [EndpointStateMachine task thread for /127.0.0.1:14609 - 0 ] INFO  ipc.Client (Client.java:handleConnectionFailure(977)) - Retrying connect to server: localhost/127.0.0.1:14609. Already tried 5 time(s); retry policy is RetryUpToMaximumCountWithFixedSleep(maxRetries=15, sleepTime=1000 MILLISECONDS)
2022-01-10 13:24:35,677 [Datanode State Machine Daemon Thread] WARN  statemachine.StateContext (StateContext.java:setState(249)) - Ignore disallowed transition from SHUTDOWN to RUNNING
2022-01-10 13:24:35,680 [EndpointStateMachine task thread for /127.0.0.1:12887 - 0 ] INFO  ipc.Client (Client.java:handleConnectionFailure(977)) - Retrying connect to server: localhost/127.0.0.1:12887. Already tried 9 time(s); retry policy is RetryUpToMaximumCountWithFixedSleep(maxRetries=15, sleepTime=1000 MILLISECONDS)
2022-01-10 13:24:36,162 [EndpointStateMachine task thread for /127.0.0.1:12877 - 0 ] INFO  ipc.Client (Client.java:handleConnectionFailure(977)) - Retrying connect to server: localhost/127.0.0.1:12877. Already tried 11 time(s); retry policy is RetryUpToMaximumCountWithFixedSleep(maxRetries=15, sleepTime=1000 MILLISECONDS)
2022-01-10 13:24:36,661 [EndpointStateMachine task thread for /127.0.0.1:14629 - 0 ] INFO  ipc.Client (Client.java:handleConnectionFailure(977)) - Retrying connect to server: localhost/127.0.0.1:14629. Already tried 3 time(s); retry policy is RetryUpToMaximumCountWithFixedSleep(maxRetries=15, sleepTime=1000 MILLISECONDS)
2022-01-10 13:24:36,673 [EndpointStateMachine task thread for /127.0.0.1:14619 - 0 ] INFO  ipc.Client (Client.java:handleConnectionFailure(977)) - Retrying connect to server: localhost/127.0.0.1:14619. Already tried 3 time(s); retry policy is RetryUpToMaximumCountWithFixedSleep(maxRetries=15, sleepTime=1000 MILLISECONDS)
2022-01-10 13:24:36,675 [EndpointStateMachine task thread for /127.0.0.1:12897 - 0 ] INFO  ipc.Client (Client.java:handleConnectionFailure(977)) - Retrying connect to server: localhost/127.0.0.1:12897. Already tried 10 time(s); retry policy is RetryUpToMaximumCountWithFixedSleep(maxRetries=15, sleepTime=1000 MILLISECONDS)
2022-01-10 13:24:36,676 [EndpointStateMachine task thread for /127.0.0.1:14609 - 0 ] INFO  ipc.Client (Client.java:handleConnectionFailure(977)) - Retrying connect to server: localhost/127.0.0.1:14609. Already tried 6 time(s); retry policy is RetryUpToMaximumCountWithFixedSleep(maxRetries=15, sleepTime=1000 MILLISECONDS)
2022-01-10 13:24:36,680 [EndpointStateMachine task thread for /127.0.0.1:12887 - 0 ] INFO  ipc.Client (Client.java:handleConnectionFailure(977)) - Retrying connect to server: localhost/127.0.0.1:12887. Already tried 10 time(s); retry policy is RetryUpToMaximumCountWithFixedSleep(maxRetries=15, sleepTime=1000 MILLISECONDS)
2022-01-10 13:24:37,169 [EndpointStateMachine task thread for /127.0.0.1:12877 - 0 ] INFO  ipc.Client (Client.java:handleConnectionFailure(977)) - Retrying connect to server: localhost/127.0.0.1:12877. Already tried 12 time(s); retry policy is RetryUpToMaximumCountWithFixedSleep(maxRetries=15, sleepTime=1000 MILLISECONDS)
2022-01-10 13:24:37,672 [EndpointStateMachine task thread for /127.0.0.1:14629 - 0 ] INFO  ipc.Client (Client.java:handleConnectionFailure(977)) - Retrying connect to server: localhost/127.0.0.1:14629. Already tried 4 time(s); retry policy is RetryUpToMaximumCountWithFixedSleep(maxRetries=15, sleepTime=1000 MILLISECONDS)
2022-01-10 13:24:37,676 [EndpointStateMachine task thread for /127.0.0.1:12897 - 0 ] INFO  ipc.Client (Client.java:handleConnectionFailure(977)) - Retrying connect to server: localhost/127.0.0.1:12897. Already tried 11 time(s); retry policy is RetryUpToMaximumCountWithFixedSleep(maxRetries=15, sleepTime=1000 MILLISECONDS)
2022-01-10 13:24:37,676 [EndpointStateMachine task thread for /127.0.0.1:14619 - 0 ] INFO  ipc.Client (Client.java:handleConnectionFailure(977)) - Retrying connect to server: localhost/127.0.0.1:14619. Already tried 4 time(s); retry policy is RetryUpToMaximumCountWithFixedSleep(maxRetries=15, sleepTime=1000 MILLISECONDS)
2022-01-10 13:24:37,678 [EndpointStateMachine task thread for /127.0.0.1:14609 - 0 ] INFO  ipc.Client (Client.java:handleConnectionFailure(977)) - Retrying connect to server: localhost/127.0.0.1:14609. Already tried 7 time(s); retry policy is RetryUpToMaximumCountWithFixedSleep(maxRetries=15, sleepTime=1000 MILLISECONDS)
2022-01-10 13:24:37,681 [EndpointStateMachine task thread for /127.0.0.1:12887 - 0 ] INFO  ipc.Client (Client.java:handleConnectionFailure(977)) - Retrying connect to server: localhost/127.0.0.1:12887. Already tried 11 time(s); retry policy is RetryUpToMaximumCountWithFixedSleep(maxRetries=15, sleepTime=1000 MILLISECONDS)
2022-01-10 13:24:37,861 [grpc-default-executor-4] WARN  server.GrpcLogAppender (LogUtils.java:warn(122)) - 9ca66d1e-a818-43c9-bf62-5187506efa35@group-E5A0C3DE471E->cd4304a5-ad25-4184-aa9b-9d5680dbb42f-AppendLogResponseHandler: Failed appendEntries: org.apache.ratis.thirdparty.io.grpc.StatusRuntimeException: UNAVAILABLE: io exception
2022-01-10 13:24:37,862 [grpc-default-executor-4] WARN  server.GrpcLogAppender (GrpcLogAppender.java:resetClient(110)) - 9ca66d1e-a818-43c9-bf62-5187506efa35@group-E5A0C3DE471E->cd4304a5-ad25-4184-aa9b-9d5680dbb42f-GrpcLogAppender: Leader has not got in touch with Follower 9ca66d1e-a818-43c9-bf62-5187506efa35@group-E5A0C3DE471E->cd4304a5-ad25-4184-aa9b-9d5680dbb42f(c0,m0,n1, attendVote=true, lastRpcSendTime=0, lastRpcResponseTime=7576) yet, just keep nextIndex unchanged and retry.
2022-01-10 13:24:37,877 [grpc-default-executor-4] WARN  server.GrpcLogAppender (LogUtils.java:warn(122)) - 9ca66d1e-a818-43c9-bf62-5187506efa35@group-E5A0C3DE471E->4b3c65cf-387e-4213-93df-57198a9c946a-AppendLogResponseHandler: Failed appendEntries: org.apache.ratis.thirdparty.io.grpc.StatusRuntimeException: UNAVAILABLE: io exception
2022-01-10 13:24:37,877 [grpc-default-executor-4] WARN  server.GrpcLogAppender (GrpcLogAppender.java:resetClient(110)) - 9ca66d1e-a818-43c9-bf62-5187506efa35@group-E5A0C3DE471E->4b3c65cf-387e-4213-93df-57198a9c946a-GrpcLogAppender: Leader has not got in touch with Follower 9ca66d1e-a818-43c9-bf62-5187506efa35@group-E5A0C3DE471E->4b3c65cf-387e-4213-93df-57198a9c946a(c0,m0,n1, attendVote=true, lastRpcSendTime=2501, lastRpcResponseTime=7548) yet, just keep nextIndex unchanged and retry.
2022-01-10 13:24:38,169 [EndpointStateMachine task thread for /127.0.0.1:12877 - 0 ] INFO  ipc.Client (Client.java:handleConnectionFailure(977)) - Retrying connect to server: localhost/127.0.0.1:12877. Already tried 13 time(s); retry policy is RetryUpToMaximumCountWithFixedSleep(maxRetries=15, sleepTime=1000 MILLISECONDS)
2022-01-10 13:24:38,273 [9ca66d1e-a818-43c9-bf62-5187506efa35@group-A4D2DF4C4470-FollowerState] INFO  impl.FollowerState (FollowerState.java:run(134)) - 9ca66d1e-a818-43c9-bf62-5187506efa35@group-A4D2DF4C4470-FollowerState: change to CANDIDATE, lastRpcElapsedTime:9902047623ns, electionTimeout:5060ms
2022-01-10 13:24:38,273 [9ca66d1e-a818-43c9-bf62-5187506efa35@group-A4D2DF4C4470-FollowerState] INFO  impl.RoleInfo (RoleInfo.java:shutdownFollowerState(108)) - 9ca66d1e-a818-43c9-bf62-5187506efa35: shutdown 9ca66d1e-a818-43c9-bf62-5187506efa35@group-A4D2DF4C4470-FollowerState
2022-01-10 13:24:38,273 [9ca66d1e-a818-43c9-bf62-5187506efa35@group-A4D2DF4C4470-FollowerState] INFO  server.RaftServer$Division (RaftServerImpl.java:setRole(290)) - 9ca66d1e-a818-43c9-bf62-5187506efa35@group-A4D2DF4C4470: changes role from  FOLLOWER to CANDIDATE at term 4 for changeToCandidate
2022-01-10 13:24:38,273 [9ca66d1e-a818-43c9-bf62-5187506efa35@group-A4D2DF4C4470-FollowerState] INFO  server.RaftServerConfigKeys (ConfUtils.java:logGet(44)) - raft.server.leaderelection.pre-vote = false (custom)
2022-01-10 13:24:38,273 [9ca66d1e-a818-43c9-bf62-5187506efa35@group-A4D2DF4C4470-FollowerState] INFO  impl.RoleInfo (RoleInfo.java:updateAndGet(130)) - 9ca66d1e-a818-43c9-bf62-5187506efa35: start 9ca66d1e-a818-43c9-bf62-5187506efa35@group-A4D2DF4C4470-LeaderElection33
2022-01-10 13:24:38,317 [9ca66d1e-a818-43c9-bf62-5187506efa35@group-A4D2DF4C4470-LeaderElection33] INFO  server.RaftServer$Division (ServerState.java:setLeader(285)) - 9ca66d1e-a818-43c9-bf62-5187506efa35@group-A4D2DF4C4470: change Leader from cd4304a5-ad25-4184-aa9b-9d5680dbb42f to null at term 4 for ELECTION
2022-01-10 13:24:38,319 [9ca66d1e-a818-43c9-bf62-5187506efa35@group-A4D2DF4C4470-LeaderElection33] INFO  impl.LeaderElection (LeaderElection.java:askForVotes(306)) - 9ca66d1e-a818-43c9-bf62-5187506efa35@group-A4D2DF4C4470-LeaderElection33 ELECTION round 0: submit vote requests at term 5 for 0: [cd4304a5-ad25-4184-aa9b-9d5680dbb42f|rpc:127.0.0.1:44433|dataStream:|priority:1, 9ca66d1e-a818-43c9-bf62-5187506efa35|rpc:127.0.0.1:42475|dataStream:|priority:0, 4b3c65cf-387e-4213-93df-57198a9c946a|rpc:127.0.0.1:38165|dataStream:|priority:0], old=null
2022-01-10 13:24:38,329 [9ca66d1e-a818-43c9-bf62-5187506efa35@group-A4D2DF4C4470-LeaderElection33] INFO  impl.LeaderElection (LogUtils.java:infoOrTrace(137)) - 9ca66d1e-a818-43c9-bf62-5187506efa35@group-A4D2DF4C4470-LeaderElection33 got exception when requesting votes: java.util.concurrent.ExecutionException: org.apache.ratis.thirdparty.io.grpc.StatusRuntimeException: UNAVAILABLE: io exception
2022-01-10 13:24:38,330 [9ca66d1e-a818-43c9-bf62-5187506efa35@group-A4D2DF4C4470-LeaderElection33] INFO  impl.LeaderElection (LogUtils.java:infoOrTrace(137)) - 9ca66d1e-a818-43c9-bf62-5187506efa35@group-A4D2DF4C4470-LeaderElection33 got exception when requesting votes: java.util.concurrent.ExecutionException: org.apache.ratis.thirdparty.io.grpc.StatusRuntimeException: UNAVAILABLE: io exception
2022-01-10 13:24:38,330 [9ca66d1e-a818-43c9-bf62-5187506efa35@group-A4D2DF4C4470-LeaderElection33] INFO  impl.LeaderElection (LeaderElection.java:logAndReturn(89)) - 9ca66d1e-a818-43c9-bf62-5187506efa35@group-A4D2DF4C4470-LeaderElection33: ELECTION REJECTED received 0 response(s) and 2 exception(s):
2022-01-10 13:24:38,330 [9ca66d1e-a818-43c9-bf62-5187506efa35@group-A4D2DF4C4470-LeaderElection33] INFO  impl.LeaderElection (LogUtils.java:infoOrTrace(137)) -   Exception 0: java.util.concurrent.ExecutionException: org.apache.ratis.thirdparty.io.grpc.StatusRuntimeException: UNAVAILABLE: io exception
2022-01-10 13:24:38,330 [9ca66d1e-a818-43c9-bf62-5187506efa35@group-A4D2DF4C4470-LeaderElection33] INFO  impl.LeaderElection (LogUtils.java:infoOrTrace(137)) -   Exception 1: java.util.concurrent.ExecutionException: org.apache.ratis.thirdparty.io.grpc.StatusRuntimeException: UNAVAILABLE: io exception
2022-01-10 13:24:38,330 [9ca66d1e-a818-43c9-bf62-5187506efa35@group-A4D2DF4C4470-LeaderElection33] INFO  impl.LeaderElection (LeaderElection.java:askForVotes(308)) - 9ca66d1e-a818-43c9-bf62-5187506efa35@group-A4D2DF4C4470-LeaderElection33 ELECTION round 0: result REJECTED
2022-01-10 13:24:38,330 [9ca66d1e-a818-43c9-bf62-5187506efa35@group-A4D2DF4C4470-LeaderElection33] INFO  server.RaftServer$Division (RaftServerImpl.java:setRole(290)) - 9ca66d1e-a818-43c9-bf62-5187506efa35@group-A4D2DF4C4470: changes role from CANDIDATE to FOLLOWER at term 5 for REJECTED
2022-01-10 13:24:38,330 [9ca66d1e-a818-43c9-bf62-5187506efa35@group-A4D2DF4C4470-LeaderElection33] INFO  impl.RoleInfo (RoleInfo.java:shutdownLeaderElection(121)) - 9ca66d1e-a818-43c9-bf62-5187506efa35: shutdown 9ca66d1e-a818-43c9-bf62-5187506efa35@group-A4D2DF4C4470-LeaderElection33
2022-01-10 13:24:38,330 [9ca66d1e-a818-43c9-bf62-5187506efa35@group-A4D2DF4C4470-LeaderElection33] INFO  impl.RoleInfo (RoleInfo.java:updateAndGet(130)) - 9ca66d1e-a818-43c9-bf62-5187506efa35: start 9ca66d1e-a818-43c9-bf62-5187506efa35@group-A4D2DF4C4470-FollowerState
2022-01-10 13:24:38,513 [9ca66d1e-a818-43c9-bf62-5187506efa35@group-E5A0C3DE471E-LeaderStateImpl] WARN  server.RaftServer$Division (LeaderStateImpl.java:checkLeadership(974)) - 9ca66d1e-a818-43c9-bf62-5187506efa35@group-E5A0C3DE471E-LeaderStateImpl: Lost leadership on term: 3. Election timeout: 5200ms. In charge for: 20879ms. Conf: 0: [cd4304a5-ad25-4184-aa9b-9d5680dbb42f|rpc:127.0.0.1:44433|dataStream:|priority:0, 9ca66d1e-a818-43c9-bf62-5187506efa35|rpc:127.0.0.1:42475|dataStream:|priority:1, 4b3c65cf-387e-4213-93df-57198a9c946a|rpc:127.0.0.1:38165|dataStream:|priority:0], old=null
2022-01-10 13:24:38,513 [9ca66d1e-a818-43c9-bf62-5187506efa35@group-E5A0C3DE471E-LeaderStateImpl] WARN  server.RaftServer$Division (LeaderStateImpl.java:lambda$checkLeadership$15(978)) - Follower 9ca66d1e-a818-43c9-bf62-5187506efa35@group-E5A0C3DE471E->cd4304a5-ad25-4184-aa9b-9d5680dbb42f(c0,m0,n1, attendVote=true, lastRpcSendTime=652, lastRpcResponseTime=8227)
2022-01-10 13:24:38,513 [9ca66d1e-a818-43c9-bf62-5187506efa35@group-E5A0C3DE471E-LeaderStateImpl] WARN  server.RaftServer$Division (LeaderStateImpl.java:lambda$checkLeadership$15(978)) - Follower 9ca66d1e-a818-43c9-bf62-5187506efa35@group-E5A0C3DE471E->4b3c65cf-387e-4213-93df-57198a9c946a(c0,m0,n1, attendVote=true, lastRpcSendTime=635, lastRpcResponseTime=8183)
2022-01-10 13:24:38,513 [9ca66d1e-a818-43c9-bf62-5187506efa35@group-E5A0C3DE471E-LeaderStateImpl] INFO  server.RaftServer$Division (RaftServerImpl.java:setRole(290)) - 9ca66d1e-a818-43c9-bf62-5187506efa35@group-E5A0C3DE471E: changes role from    LEADER to FOLLOWER at term 3 for StepDownReason:LOST_MAJORITY_HEARTBEATS
2022-01-10 13:24:38,513 [9ca66d1e-a818-43c9-bf62-5187506efa35@group-E5A0C3DE471E-LeaderStateImpl] INFO  impl.RoleInfo (RoleInfo.java:shutdownLeaderState(91)) - 9ca66d1e-a818-43c9-bf62-5187506efa35: shutdown 9ca66d1e-a818-43c9-bf62-5187506efa35@group-E5A0C3DE471E-LeaderStateImpl
2022-01-10 13:24:38,525 [9ca66d1e-a818-43c9-bf62-5187506efa35@group-E5A0C3DE471E-LeaderStateImpl] INFO  impl.PendingRequests (PendingRequests.java:sendNotLeaderResponses(282)) - 9ca66d1e-a818-43c9-bf62-5187506efa35@group-E5A0C3DE471E-PendingRequests: sendNotLeaderResponses
2022-01-10 13:24:38,525 [9ca66d1e-a818-43c9-bf62-5187506efa35@group-E5A0C3DE471E-LeaderStateImpl] INFO  impl.RoleInfo (RoleInfo.java:updateAndGet(130)) - 9ca66d1e-a818-43c9-bf62-5187506efa35: start 9ca66d1e-a818-43c9-bf62-5187506efa35@group-E5A0C3DE471E-FollowerState
2022-01-10 13:24:38,673 [EndpointStateMachine task thread for /127.0.0.1:14629 - 0 ] INFO  ipc.Client (Client.java:handleConnectionFailure(977)) - Retrying connect to server: localhost/127.0.0.1:14629. Already tried 5 time(s); retry policy is RetryUpToMaximumCountWithFixedSleep(maxRetries=15, sleepTime=1000 MILLISECONDS)
2022-01-10 13:24:38,676 [EndpointStateMachine task thread for /127.0.0.1:12897 - 0 ] INFO  ipc.Client (Client.java:handleConnectionFailure(977)) - Retrying connect to server: localhost/127.0.0.1:12897. Already tried 12 time(s); retry policy is RetryUpToMaximumCountWithFixedSleep(maxRetries=15, sleepTime=1000 MILLISECONDS)
2022-01-10 13:24:38,677 [EndpointStateMachine task thread for /127.0.0.1:14619 - 0 ] INFO  ipc.Client (Client.java:handleConnectionFailure(977)) - Retrying connect to server: localhost/127.0.0.1:14619. Already tried 5 time(s); retry policy is RetryUpToMaximumCountWithFixedSleep(maxRetries=15, sleepTime=1000 MILLISECONDS)
2022-01-10 13:24:38,678 [EndpointStateMachine task thread for /127.0.0.1:14609 - 0 ] INFO  ipc.Client (Client.java:handleConnectionFailure(977)) - Retrying connect to server: localhost/127.0.0.1:14609. Already tried 8 time(s); retry policy is RetryUpToMaximumCountWithFixedSleep(maxRetries=15, sleepTime=1000 MILLISECONDS)
2022-01-10 13:24:38,685 [EndpointStateMachine task thread for /127.0.0.1:12887 - 0 ] INFO  ipc.Client (Client.java:handleConnectionFailure(977)) - Retrying connect to server: localhost/127.0.0.1:12887. Already tried 12 time(s); retry policy is RetryUpToMaximumCountWithFixedSleep(maxRetries=15, sleepTime=1000 MILLISECONDS)
2022-01-10 13:24:39,170 [EndpointStateMachine task thread for /127.0.0.1:12877 - 0 ] INFO  ipc.Client (Client.java:handleConnectionFailure(977)) - Retrying connect to server: localhost/127.0.0.1:12877. Already tried 14 time(s); retry policy is RetryUpToMaximumCountWithFixedSleep(maxRetries=15, sleepTime=1000 MILLISECONDS)
2022-01-10 13:24:39,171 [EndpointStateMachine task thread for /127.0.0.1:12877 - 0 ] WARN  statemachine.EndpointStateMachine (EndpointStateMachine.java:logIfNeeded(236)) - Unable to communicate to SCM server at localhost:12877 for past 0 seconds.
java.net.ConnectException: Call From fv-az12-360/10.1.0.41 to localhost:12877 failed on connection exception: java.net.ConnectException: Connection refused; For more details see:  http://wiki.apache.org/hadoop/ConnectionRefused
	at sun.reflect.GeneratedConstructorAccessor42.newInstance(Unknown Source)
	at sun.reflect.DelegatingConstructorAccessorImpl.newInstance(DelegatingConstructorAccessorImpl.java:45)
	at java.lang.reflect.Constructor.newInstance(Constructor.java:423)
	at org.apache.hadoop.net.NetUtils.wrapWithMessage(NetUtils.java:913)
	at org.apache.hadoop.net.NetUtils.wrapException(NetUtils.java:828)
	at org.apache.hadoop.ipc.Client.getRpcResponse(Client.java:1577)
	at org.apache.hadoop.ipc.Client.call(Client.java:1519)
	at org.apache.hadoop.ipc.Client.call(Client.java:1416)
	at org.apache.hadoop.ipc.ProtobufRpcEngine$Invoker.invoke(ProtobufRpcEngine.java:236)
	at org.apache.hadoop.ipc.ProtobufRpcEngine$Invoker.invoke(ProtobufRpcEngine.java:123)
	at com.sun.proxy.$Proxy48.submitRequest(Unknown Source)
	at org.apache.hadoop.ozone.protocolPB.StorageContainerDatanodeProtocolClientSideTranslatorPB.submitRequest(StorageContainerDatanodeProtocolClientSideTranslatorPB.java:117)
	at org.apache.hadoop.ozone.protocolPB.StorageContainerDatanodeProtocolClientSideTranslatorPB.sendHeartbeat(StorageContainerDatanodeProtocolClientSideTranslatorPB.java:149)
	at org.apache.hadoop.ozone.container.common.states.endpoint.HeartbeatEndpointTask.call(HeartbeatEndpointTask.java:179)
	at org.apache.hadoop.ozone.container.common.states.endpoint.HeartbeatEndpointTask.call(HeartbeatEndpointTask.java:82)
	at java.util.concurrent.FutureTask.run(FutureTask.java:266)
	at java.util.concurrent.ThreadPoolExecutor.runWorker(ThreadPoolExecutor.java:1149)
	at java.util.concurrent.ThreadPoolExecutor$Worker.run(ThreadPoolExecutor.java:624)
	at java.lang.Thread.run(Thread.java:748)
Caused by: java.net.ConnectException: Connection refused
	at sun.nio.ch.SocketChannelImpl.checkConnect(Native Method)
	at sun.nio.ch.SocketChannelImpl.finishConnect(SocketChannelImpl.java:716)
	at org.apache.hadoop.net.SocketIOWithTimeout.connect(SocketIOWithTimeout.java:206)
	at org.apache.hadoop.net.NetUtils.connect(NetUtils.java:586)
	at org.apache.hadoop.ipc.Client$Connection.setupConnection(Client.java:701)
	at org.apache.hadoop.ipc.Client$Connection.setupIOstreams(Client.java:822)
	at org.apache.hadoop.ipc.Client$Connection.access$3800(Client.java:414)
	at org.apache.hadoop.ipc.Client.getConnection(Client.java:1647)
	at org.apache.hadoop.ipc.Client.call(Client.java:1463)
	... 12 more
2022-01-10 13:24:39,674 [EndpointStateMachine task thread for /127.0.0.1:14629 - 0 ] INFO  ipc.Client (Client.java:handleConnectionFailure(977)) - Retrying connect to server: localhost/127.0.0.1:14629. Already tried 6 time(s); retry policy is RetryUpToMaximumCountWithFixedSleep(maxRetries=15, sleepTime=1000 MILLISECONDS)
2022-01-10 13:24:39,677 [EndpointStateMachine task thread for /127.0.0.1:12897 - 0 ] INFO  ipc.Client (Client.java:handleConnectionFailure(977)) - Retrying connect to server: localhost/127.0.0.1:12897. Already tried 13 time(s); retry policy is RetryUpToMaximumCountWithFixedSleep(maxRetries=15, sleepTime=1000 MILLISECONDS)
2022-01-10 13:24:39,678 [EndpointStateMachine task thread for /127.0.0.1:14609 - 0 ] INFO  ipc.Client (Client.java:handleConnectionFailure(977)) - Retrying connect to server: localhost/127.0.0.1:14609. Already tried 9 time(s); retry policy is RetryUpToMaximumCountWithFixedSleep(maxRetries=15, sleepTime=1000 MILLISECONDS)
2022-01-10 13:24:39,679 [EndpointStateMachine task thread for /127.0.0.1:14619 - 0 ] INFO  ipc.Client (Client.java:handleConnectionFailure(977)) - Retrying connect to server: localhost/127.0.0.1:14619. Already tried 6 time(s); retry policy is RetryUpToMaximumCountWithFixedSleep(maxRetries=15, sleepTime=1000 MILLISECONDS)
2022-01-10 13:24:39,685 [EndpointStateMachine task thread for /127.0.0.1:12887 - 0 ] INFO  ipc.Client (Client.java:handleConnectionFailure(977)) - Retrying connect to server: localhost/127.0.0.1:12887. Already tried 13 time(s); retry policy is RetryUpToMaximumCountWithFixedSleep(maxRetries=15, sleepTime=1000 MILLISECONDS)
2022-01-10 13:24:40,173 [EndpointStateMachine task thread for /127.0.0.1:12877 - 0 ] INFO  ipc.Client (Client.java:handleConnectionFailure(977)) - Retrying connect to server: localhost/127.0.0.1:12877. Already tried 0 time(s); retry policy is RetryUpToMaximumCountWithFixedSleep(maxRetries=15, sleepTime=1000 MILLISECONDS)
2022-01-10 13:24:40,468 [Listener at 127.0.0.1/11264] INFO  ozoneimpl.OzoneContainer (OzoneContainer.java:stop(336)) - Attempting to stop container services.
2022-01-10 13:24:40,469 [Listener at 127.0.0.1/11264] INFO  server.RaftServer (RaftServerProxy.java:lambda$close$6(391)) - 9ca66d1e-a818-43c9-bf62-5187506efa35: close
2022-01-10 13:24:40,469 [Listener at 127.0.0.1/11264] INFO  server.RaftServer$Division (RaftServerImpl.java:lambda$close$4(412)) - 9ca66d1e-a818-43c9-bf62-5187506efa35@group-A4D2DF4C4470: shutdown
2022-01-10 13:24:40,469 [ForkJoinPool.commonPool-worker-1] INFO  server.RaftServer$Division (RaftServerImpl.java:lambda$close$4(412)) - 9ca66d1e-a818-43c9-bf62-5187506efa35@group-684F79557AE4: shutdown
2022-01-10 13:24:40,469 [Listener at 127.0.0.1/11264] INFO  util.JmxRegister (JmxRegister.java:unregister(73)) - Successfully un-registered JMX Bean with object name Ratis:service=RaftServer,group=group-A4D2DF4C4470,id=9ca66d1e-a818-43c9-bf62-5187506efa35
2022-01-10 13:24:40,470 [Listener at 127.0.0.1/11264] INFO  impl.RoleInfo (RoleInfo.java:shutdownFollowerState(108)) - 9ca66d1e-a818-43c9-bf62-5187506efa35: shutdown 9ca66d1e-a818-43c9-bf62-5187506efa35@group-A4D2DF4C4470-FollowerState
2022-01-10 13:24:40,470 [Listener at 127.0.0.1/11264] INFO  impl.StateMachineUpdater (StateMachineUpdater.java:stopAndJoin(149)) - 9ca66d1e-a818-43c9-bf62-5187506efa35@group-A4D2DF4C4470-StateMachineUpdater: set stopIndex = 0
2022-01-10 13:24:40,470 [ForkJoinPool.commonPool-worker-1] INFO  util.JmxRegister (JmxRegister.java:unregister(73)) - Successfully un-registered JMX Bean with object name Ratis:service=RaftServer,group=group-684F79557AE4,id=9ca66d1e-a818-43c9-bf62-5187506efa35
2022-01-10 13:24:40,470 [ForkJoinPool.commonPool-worker-1] INFO  impl.RoleInfo (RoleInfo.java:shutdownLeaderState(91)) - 9ca66d1e-a818-43c9-bf62-5187506efa35: shutdown 9ca66d1e-a818-43c9-bf62-5187506efa35@group-684F79557AE4-LeaderStateImpl
2022-01-10 13:24:40,470 [ForkJoinPool.commonPool-worker-1] INFO  impl.PendingRequests (PendingRequests.java:sendNotLeaderResponses(282)) - 9ca66d1e-a818-43c9-bf62-5187506efa35@group-684F79557AE4-PendingRequests: sendNotLeaderResponses
2022-01-10 13:24:40,471 [ForkJoinPool.commonPool-worker-1] INFO  impl.StateMachineUpdater (StateMachineUpdater.java:stopAndJoin(149)) - 9ca66d1e-a818-43c9-bf62-5187506efa35@group-684F79557AE4-StateMachineUpdater: set stopIndex = 0
2022-01-10 13:24:40,470 [9ca66d1e-a818-43c9-bf62-5187506efa35@group-A4D2DF4C4470-FollowerState] INFO  impl.FollowerState (FollowerState.java:run(143)) - 9ca66d1e-a818-43c9-bf62-5187506efa35@group-A4D2DF4C4470-FollowerState was interrupted: {}
java.lang.InterruptedException: sleep interrupted
	at java.lang.Thread.sleep(Native Method)
	at java.lang.Thread.sleep(Thread.java:340)
	at java.util.concurrent.TimeUnit.sleep(TimeUnit.java:386)
	at org.apache.ratis.util.TimeDuration.sleep(TimeDuration.java:324)
	at org.apache.ratis.util.TimeDuration.sleep(TimeDuration.java:309)
	at org.apache.ratis.server.impl.FollowerState.run(FollowerState.java:118)
2022-01-10 13:24:40,470 [9ca66d1e-a818-43c9-bf62-5187506efa35@group-A4D2DF4C4470-StateMachineUpdater] INFO  ratis.ContainerStateMachine (ContainerStateMachine.java:takeSnapshot(299)) - group-A4D2DF4C4470: Taking a snapshot at:(t:4, i:0) file /home/runner/work/ozone/ozone/hadoop-ozone/integration-test/target/test-dir/MiniOzoneClusterImpl-4961146f-9f28-4cba-af76-74f7029fd382/datanode-2/data/ratis/85deabe5-ad07-422e-babd-a4d2df4c4470/sm/snapshot.4_0
2022-01-10 13:24:40,485 [9ca66d1e-a818-43c9-bf62-5187506efa35@group-684F79557AE4-StateMachineUpdater] INFO  ratis.ContainerStateMachine (ContainerStateMachine.java:takeSnapshot(299)) - group-684F79557AE4: Taking a snapshot at:(t:1, i:0) file /home/runner/work/ozone/ozone/hadoop-ozone/integration-test/target/test-dir/MiniOzoneClusterImpl-4961146f-9f28-4cba-af76-74f7029fd382/datanode-2/data/ratis/9caceafe-914c-4b3a-b4f1-684f79557ae4/sm/snapshot.1_0
2022-01-10 13:24:40,487 [9ca66d1e-a818-43c9-bf62-5187506efa35@group-A4D2DF4C4470-StateMachineUpdater] INFO  ratis.ContainerStateMachine (ContainerStateMachine.java:takeSnapshot(310)) - group-A4D2DF4C4470: Finished taking a snapshot at:(t:4, i:0) file:/home/runner/work/ozone/ozone/hadoop-ozone/integration-test/target/test-dir/MiniOzoneClusterImpl-4961146f-9f28-4cba-af76-74f7029fd382/datanode-2/data/ratis/85deabe5-ad07-422e-babd-a4d2df4c4470/sm/snapshot.4_0 took: 16 ms
2022-01-10 13:24:40,487 [9ca66d1e-a818-43c9-bf62-5187506efa35@group-A4D2DF4C4470-StateMachineUpdater] INFO  impl.StateMachineUpdater (StateMachineUpdater.java:takeSnapshot(281)) - 9ca66d1e-a818-43c9-bf62-5187506efa35@group-A4D2DF4C4470-StateMachineUpdater: Took a snapshot at index 0
2022-01-10 13:24:40,487 [9ca66d1e-a818-43c9-bf62-5187506efa35@group-A4D2DF4C4470-StateMachineUpdater] INFO  impl.StateMachineUpdater (StateMachineUpdater.java:lambda$new$0(89)) - 9ca66d1e-a818-43c9-bf62-5187506efa35@group-A4D2DF4C4470-StateMachineUpdater: snapshotIndex: updateIncreasingly -1 -> 0
2022-01-10 13:24:40,487 [Listener at 127.0.0.1/11264] INFO  server.RaftServer$Division (ServerState.java:close(419)) - 9ca66d1e-a818-43c9-bf62-5187506efa35@group-A4D2DF4C4470: closes. applyIndex: 0
2022-01-10 13:24:40,488 [9ca66d1e-a818-43c9-bf62-5187506efa35@group-A4D2DF4C4470-SegmentedRaftLogWorker] INFO  segmented.SegmentedRaftLogWorker (SegmentedRaftLogWorker.java:run(327)) - 9ca66d1e-a818-43c9-bf62-5187506efa35@group-A4D2DF4C4470-SegmentedRaftLogWorker was interrupted, exiting. There are 0 tasks remaining in the queue.
2022-01-10 13:24:40,488 [9ca66d1e-a818-43c9-bf62-5187506efa35@group-684F79557AE4-StateMachineUpdater] INFO  ratis.ContainerStateMachine (ContainerStateMachine.java:takeSnapshot(310)) - group-684F79557AE4: Finished taking a snapshot at:(t:1, i:0) file:/home/runner/work/ozone/ozone/hadoop-ozone/integration-test/target/test-dir/MiniOzoneClusterImpl-4961146f-9f28-4cba-af76-74f7029fd382/datanode-2/data/ratis/9caceafe-914c-4b3a-b4f1-684f79557ae4/sm/snapshot.1_0 took: 3 ms
2022-01-10 13:24:40,488 [9ca66d1e-a818-43c9-bf62-5187506efa35@group-684F79557AE4-StateMachineUpdater] INFO  impl.StateMachineUpdater (StateMachineUpdater.java:takeSnapshot(281)) - 9ca66d1e-a818-43c9-bf62-5187506efa35@group-684F79557AE4-StateMachineUpdater: Took a snapshot at index 0
2022-01-10 13:24:40,488 [9ca66d1e-a818-43c9-bf62-5187506efa35@group-684F79557AE4-StateMachineUpdater] INFO  impl.StateMachineUpdater (StateMachineUpdater.java:lambda$new$0(89)) - 9ca66d1e-a818-43c9-bf62-5187506efa35@group-684F79557AE4-StateMachineUpdater: snapshotIndex: updateIncreasingly -1 -> 0
2022-01-10 13:24:40,488 [ForkJoinPool.commonPool-worker-1] INFO  server.RaftServer$Division (ServerState.java:close(419)) - 9ca66d1e-a818-43c9-bf62-5187506efa35@group-684F79557AE4: closes. applyIndex: 0
2022-01-10 13:24:40,489 [9ca66d1e-a818-43c9-bf62-5187506efa35@group-684F79557AE4-SegmentedRaftLogWorker] INFO  segmented.SegmentedRaftLogWorker (SegmentedRaftLogWorker.java:run(327)) - 9ca66d1e-a818-43c9-bf62-5187506efa35@group-684F79557AE4-SegmentedRaftLogWorker was interrupted, exiting. There are 0 tasks remaining in the queue.
2022-01-10 13:24:40,489 [Listener at 127.0.0.1/11264] INFO  segmented.SegmentedRaftLogWorker (SegmentedRaftLogWorker.java:close(237)) - 9ca66d1e-a818-43c9-bf62-5187506efa35@group-A4D2DF4C4470-SegmentedRaftLogWorker close()
2022-01-10 13:24:40,490 [Listener at 127.0.0.1/11264] INFO  server.RaftServer$Division (RaftServerImpl.java:lambda$close$4(412)) - 9ca66d1e-a818-43c9-bf62-5187506efa35@group-E5A0C3DE471E: shutdown
2022-01-10 13:24:40,491 [Listener at 127.0.0.1/11264] INFO  util.JmxRegister (JmxRegister.java:unregister(73)) - Successfully un-registered JMX Bean with object name Ratis:service=RaftServer,group=group-E5A0C3DE471E,id=9ca66d1e-a818-43c9-bf62-5187506efa35
2022-01-10 13:24:40,491 [Listener at 127.0.0.1/11264] INFO  impl.RoleInfo (RoleInfo.java:shutdownFollowerState(108)) - 9ca66d1e-a818-43c9-bf62-5187506efa35: shutdown 9ca66d1e-a818-43c9-bf62-5187506efa35@group-E5A0C3DE471E-FollowerState
2022-01-10 13:24:40,491 [9ca66d1e-a818-43c9-bf62-5187506efa35@group-E5A0C3DE471E-FollowerState] INFO  impl.FollowerState (FollowerState.java:run(143)) - 9ca66d1e-a818-43c9-bf62-5187506efa35@group-E5A0C3DE471E-FollowerState was interrupted: {}
java.lang.InterruptedException: sleep interrupted
	at java.lang.Thread.sleep(Native Method)
	at java.lang.Thread.sleep(Thread.java:340)
	at java.util.concurrent.TimeUnit.sleep(TimeUnit.java:386)
	at org.apache.ratis.util.TimeDuration.sleep(TimeDuration.java:324)
	at org.apache.ratis.util.TimeDuration.sleep(TimeDuration.java:309)
	at org.apache.ratis.server.impl.FollowerState.run(FollowerState.java:118)
2022-01-10 13:24:40,492 [9ca66d1e-a818-43c9-bf62-5187506efa35@group-E5A0C3DE471E-StateMachineUpdater] INFO  ratis.ContainerStateMachine (ContainerStateMachine.java:takeSnapshot(299)) - group-E5A0C3DE471E: Taking a snapshot at:(t:3, i:0) file /home/runner/work/ozone/ozone/hadoop-ozone/integration-test/target/test-dir/MiniOzoneClusterImpl-4961146f-9f28-4cba-af76-74f7029fd382/datanode-2/data/ratis/55485618-4610-47ca-b09d-e5a0c3de471e/sm/snapshot.3_0
2022-01-10 13:24:40,492 [ForkJoinPool.commonPool-worker-1] INFO  segmented.SegmentedRaftLogWorker (SegmentedRaftLogWorker.java:close(237)) - 9ca66d1e-a818-43c9-bf62-5187506efa35@group-684F79557AE4-SegmentedRaftLogWorker close()
2022-01-10 13:24:40,492 [Listener at 127.0.0.1/11264] INFO  impl.StateMachineUpdater (StateMachineUpdater.java:stopAndJoin(149)) - 9ca66d1e-a818-43c9-bf62-5187506efa35@group-E5A0C3DE471E-StateMachineUpdater: set stopIndex = 0
2022-01-10 13:24:40,493 [9ca66d1e-a818-43c9-bf62-5187506efa35@group-E5A0C3DE471E-StateMachineUpdater] INFO  ratis.ContainerStateMachine (ContainerStateMachine.java:takeSnapshot(310)) - group-E5A0C3DE471E: Finished taking a snapshot at:(t:3, i:0) file:/home/runner/work/ozone/ozone/hadoop-ozone/integration-test/target/test-dir/MiniOzoneClusterImpl-4961146f-9f28-4cba-af76-74f7029fd382/datanode-2/data/ratis/55485618-4610-47ca-b09d-e5a0c3de471e/sm/snapshot.3_0 took: 2 ms
2022-01-10 13:24:40,493 [9ca66d1e-a818-43c9-bf62-5187506efa35@group-E5A0C3DE471E-StateMachineUpdater] INFO  impl.StateMachineUpdater (StateMachineUpdater.java:takeSnapshot(281)) - 9ca66d1e-a818-43c9-bf62-5187506efa35@group-E5A0C3DE471E-StateMachineUpdater: Took a snapshot at index 0
2022-01-10 13:24:40,493 [9ca66d1e-a818-43c9-bf62-5187506efa35@group-E5A0C3DE471E-StateMachineUpdater] INFO  impl.StateMachineUpdater (StateMachineUpdater.java:lambda$new$0(89)) - 9ca66d1e-a818-43c9-bf62-5187506efa35@group-E5A0C3DE471E-StateMachineUpdater: snapshotIndex: updateIncreasingly -1 -> 0
2022-01-10 13:24:40,496 [Listener at 127.0.0.1/11264] INFO  server.RaftServer$Division (ServerState.java:close(419)) - 9ca66d1e-a818-43c9-bf62-5187506efa35@group-E5A0C3DE471E: closes. applyIndex: 0
2022-01-10 13:24:40,497 [9ca66d1e-a818-43c9-bf62-5187506efa35@group-E5A0C3DE471E-SegmentedRaftLogWorker] INFO  segmented.SegmentedRaftLogWorker (SegmentedRaftLogWorker.java:run(327)) - 9ca66d1e-a818-43c9-bf62-5187506efa35@group-E5A0C3DE471E-SegmentedRaftLogWorker was interrupted, exiting. There are 0 tasks remaining in the queue.
2022-01-10 13:24:40,497 [Listener at 127.0.0.1/11264] INFO  segmented.SegmentedRaftLogWorker (SegmentedRaftLogWorker.java:close(237)) - 9ca66d1e-a818-43c9-bf62-5187506efa35@group-E5A0C3DE471E-SegmentedRaftLogWorker close()
2022-01-10 13:24:40,497 [Listener at 127.0.0.1/11264] INFO  server.GrpcService (GrpcService.java:closeImpl(262)) - 9ca66d1e-a818-43c9-bf62-5187506efa35: shutdown server with port 42475 now
2022-01-10 13:24:40,499 [Listener at 127.0.0.1/11264] INFO  server.GrpcService (GrpcService.java:closeImpl(271)) - 9ca66d1e-a818-43c9-bf62-5187506efa35: shutdown server with port 42475 successfully
2022-01-10 13:24:40,499 [org.apache.ratis.util.JvmPauseMonitor$$Lambda$500/2122256138@52d4a799] INFO  util.JvmPauseMonitor (JvmPauseMonitor.java:run(109)) - JvmPauseMonitor-9ca66d1e-a818-43c9-bf62-5187506efa35: Stopped
2022-01-10 13:24:40,675 [EndpointStateMachine task thread for /127.0.0.1:14629 - 0 ] INFO  ipc.Client (Client.java:handleConnectionFailure(977)) - Retrying connect to server: localhost/127.0.0.1:14629. Already tried 7 time(s); retry policy is RetryUpToMaximumCountWithFixedSleep(maxRetries=15, sleepTime=1000 MILLISECONDS)
2022-01-10 13:24:40,677 [EndpointStateMachine task thread for /127.0.0.1:12897 - 0 ] INFO  ipc.Client (Client.java:handleConnectionFailure(977)) - Retrying connect to server: localhost/127.0.0.1:12897. Already tried 14 time(s); retry policy is RetryUpToMaximumCountWithFixedSleep(maxRetries=15, sleepTime=1000 MILLISECONDS)
2022-01-10 13:24:40,678 [EndpointStateMachine task thread for /127.0.0.1:12897 - 0 ] WARN  statemachine.EndpointStateMachine (EndpointStateMachine.java:logIfNeeded(236)) - Unable to communicate to SCM server at localhost:12897 for past 0 seconds.
java.net.ConnectException: Call From fv-az12-360/10.1.0.41 to localhost:12897 failed on connection exception: java.net.ConnectException: Connection refused; For more details see:  http://wiki.apache.org/hadoop/ConnectionRefused
	at sun.reflect.GeneratedConstructorAccessor42.newInstance(Unknown Source)
	at sun.reflect.DelegatingConstructorAccessorImpl.newInstance(DelegatingConstructorAccessorImpl.java:45)
	at java.lang.reflect.Constructor.newInstance(Constructor.java:423)
	at org.apache.hadoop.net.NetUtils.wrapWithMessage(NetUtils.java:913)
	at org.apache.hadoop.net.NetUtils.wrapException(NetUtils.java:828)
	at org.apache.hadoop.ipc.Client.getRpcResponse(Client.java:1577)
	at org.apache.hadoop.ipc.Client.call(Client.java:1519)
	at org.apache.hadoop.ipc.Client.call(Client.java:1416)
	at org.apache.hadoop.ipc.ProtobufRpcEngine$Invoker.invoke(ProtobufRpcEngine.java:236)
	at org.apache.hadoop.ipc.ProtobufRpcEngine$Invoker.invoke(ProtobufRpcEngine.java:123)
	at com.sun.proxy.$Proxy48.submitRequest(Unknown Source)
	at org.apache.hadoop.ozone.protocolPB.StorageContainerDatanodeProtocolClientSideTranslatorPB.submitRequest(StorageContainerDatanodeProtocolClientSideTranslatorPB.java:117)
	at org.apache.hadoop.ozone.protocolPB.StorageContainerDatanodeProtocolClientSideTranslatorPB.sendHeartbeat(StorageContainerDatanodeProtocolClientSideTranslatorPB.java:149)
	at org.apache.hadoop.ozone.container.common.states.endpoint.HeartbeatEndpointTask.call(HeartbeatEndpointTask.java:179)
	at org.apache.hadoop.ozone.container.common.states.endpoint.HeartbeatEndpointTask.call(HeartbeatEndpointTask.java:82)
	at java.util.concurrent.FutureTask.run(FutureTask.java:266)
	at java.util.concurrent.ThreadPoolExecutor.runWorker(ThreadPoolExecutor.java:1149)
	at java.util.concurrent.ThreadPoolExecutor$Worker.run(ThreadPoolExecutor.java:624)
	at java.lang.Thread.run(Thread.java:748)
Caused by: java.net.ConnectException: Connection refused
	at sun.nio.ch.SocketChannelImpl.checkConnect(Native Method)
	at sun.nio.ch.SocketChannelImpl.finishConnect(SocketChannelImpl.java:716)
	at org.apache.hadoop.net.SocketIOWithTimeout.connect(SocketIOWithTimeout.java:206)
	at org.apache.hadoop.net.NetUtils.connect(NetUtils.java:586)
	at org.apache.hadoop.ipc.Client$Connection.setupConnection(Client.java:701)
	at org.apache.hadoop.ipc.Client$Connection.setupIOstreams(Client.java:822)
	at org.apache.hadoop.ipc.Client$Connection.access$3800(Client.java:414)
	at org.apache.hadoop.ipc.Client.getConnection(Client.java:1647)
	at org.apache.hadoop.ipc.Client.call(Client.java:1463)
	... 12 more
2022-01-10 13:24:40,679 [EndpointStateMachine task thread for /127.0.0.1:14609 - 0 ] INFO  ipc.Client (Client.java:handleConnectionFailure(977)) - Retrying connect to server: localhost/127.0.0.1:14609. Already tried 10 time(s); retry policy is RetryUpToMaximumCountWithFixedSleep(maxRetries=15, sleepTime=1000 MILLISECONDS)
2022-01-10 13:24:40,679 [EndpointStateMachine task thread for /127.0.0.1:14619 - 0 ] INFO  ipc.Client (Client.java:handleConnectionFailure(977)) - Retrying connect to server: localhost/127.0.0.1:14619. Already tried 7 time(s); retry policy is RetryUpToMaximumCountWithFixedSleep(maxRetries=15, sleepTime=1000 MILLISECONDS)
2022-01-10 13:24:40,685 [EndpointStateMachine task thread for /127.0.0.1:12887 - 0 ] INFO  ipc.Client (Client.java:handleConnectionFailure(977)) - Retrying connect to server: localhost/127.0.0.1:12887. Already tried 14 time(s); retry policy is RetryUpToMaximumCountWithFixedSleep(maxRetries=15, sleepTime=1000 MILLISECONDS)
2022-01-10 13:24:40,686 [EndpointStateMachine task thread for /127.0.0.1:12887 - 0 ] WARN  statemachine.EndpointStateMachine (EndpointStateMachine.java:logIfNeeded(236)) - Unable to communicate to SCM server at localhost:12887 for past 0 seconds.
java.net.ConnectException: Call From fv-az12-360/10.1.0.41 to localhost:12887 failed on connection exception: java.net.ConnectException: Connection refused; For more details see:  http://wiki.apache.org/hadoop/ConnectionRefused
	at sun.reflect.GeneratedConstructorAccessor42.newInstance(Unknown Source)
	at sun.reflect.DelegatingConstructorAccessorImpl.newInstance(DelegatingConstructorAccessorImpl.java:45)
	at java.lang.reflect.Constructor.newInstance(Constructor.java:423)
	at org.apache.hadoop.net.NetUtils.wrapWithMessage(NetUtils.java:913)
	at org.apache.hadoop.net.NetUtils.wrapException(NetUtils.java:828)
	at org.apache.hadoop.ipc.Client.getRpcResponse(Client.java:1577)
	at org.apache.hadoop.ipc.Client.call(Client.java:1519)
	at org.apache.hadoop.ipc.Client.call(Client.java:1416)
	at org.apache.hadoop.ipc.ProtobufRpcEngine$Invoker.invoke(ProtobufRpcEngine.java:236)
	at org.apache.hadoop.ipc.ProtobufRpcEngine$Invoker.invoke(ProtobufRpcEngine.java:123)
	at com.sun.proxy.$Proxy48.submitRequest(Unknown Source)
	at org.apache.hadoop.ozone.protocolPB.StorageContainerDatanodeProtocolClientSideTranslatorPB.submitRequest(StorageContainerDatanodeProtocolClientSideTranslatorPB.java:117)
	at org.apache.hadoop.ozone.protocolPB.StorageContainerDatanodeProtocolClientSideTranslatorPB.sendHeartbeat(StorageContainerDatanodeProtocolClientSideTranslatorPB.java:149)
	at org.apache.hadoop.ozone.container.common.states.endpoint.HeartbeatEndpointTask.call(HeartbeatEndpointTask.java:179)
	at org.apache.hadoop.ozone.container.common.states.endpoint.HeartbeatEndpointTask.call(HeartbeatEndpointTask.java:82)
	at java.util.concurrent.FutureTask.run(FutureTask.java:266)
	at java.util.concurrent.ThreadPoolExecutor.runWorker(ThreadPoolExecutor.java:1149)
	at java.util.concurrent.ThreadPoolExecutor$Worker.run(ThreadPoolExecutor.java:624)
	at java.lang.Thread.run(Thread.java:748)
Caused by: java.net.ConnectException: Connection refused
	at sun.nio.ch.SocketChannelImpl.checkConnect(Native Method)
	at sun.nio.ch.SocketChannelImpl.finishConnect(SocketChannelImpl.java:716)
	at org.apache.hadoop.net.SocketIOWithTimeout.connect(SocketIOWithTimeout.java:206)
	at org.apache.hadoop.net.NetUtils.connect(NetUtils.java:586)
	at org.apache.hadoop.ipc.Client$Connection.setupConnection(Client.java:701)
	at org.apache.hadoop.ipc.Client$Connection.setupIOstreams(Client.java:822)
	at org.apache.hadoop.ipc.Client$Connection.access$3800(Client.java:414)
	at org.apache.hadoop.ipc.Client.getConnection(Client.java:1647)
	at org.apache.hadoop.ipc.Client.call(Client.java:1463)
	... 12 more
2022-01-10 13:24:41,174 [EndpointStateMachine task thread for /127.0.0.1:12877 - 0 ] INFO  ipc.Client (Client.java:handleConnectionFailure(977)) - Retrying connect to server: localhost/127.0.0.1:12877. Already tried 1 time(s); retry policy is RetryUpToMaximumCountWithFixedSleep(maxRetries=15, sleepTime=1000 MILLISECONDS)
2022-01-10 13:24:41,676 [EndpointStateMachine task thread for /127.0.0.1:14629 - 0 ] INFO  ipc.Client (Client.java:handleConnectionFailure(977)) - Retrying connect to server: localhost/127.0.0.1:14629. Already tried 8 time(s); retry policy is RetryUpToMaximumCountWithFixedSleep(maxRetries=15, sleepTime=1000 MILLISECONDS)
2022-01-10 13:24:41,679 [EndpointStateMachine task thread for /127.0.0.1:12897 - 0 ] INFO  ipc.Client (Client.java:handleConnectionFailure(977)) - Retrying connect to server: localhost/127.0.0.1:12897. Already tried 0 time(s); retry policy is RetryUpToMaximumCountWithFixedSleep(maxRetries=15, sleepTime=1000 MILLISECONDS)
2022-01-10 13:24:41,679 [EndpointStateMachine task thread for /127.0.0.1:14609 - 0 ] INFO  ipc.Client (Client.java:handleConnectionFailure(977)) - Retrying connect to server: localhost/127.0.0.1:14609. Already tried 11 time(s); retry policy is RetryUpToMaximumCountWithFixedSleep(maxRetries=15, sleepTime=1000 MILLISECONDS)
2022-01-10 13:24:41,679 [EndpointStateMachine task thread for /127.0.0.1:14619 - 0 ] INFO  ipc.Client (Client.java:handleConnectionFailure(977)) - Retrying connect to server: localhost/127.0.0.1:14619. Already tried 8 time(s); retry policy is RetryUpToMaximumCountWithFixedSleep(maxRetries=15, sleepTime=1000 MILLISECONDS)
2022-01-10 13:24:41,692 [EndpointStateMachine task thread for /127.0.0.1:12887 - 0 ] INFO  ipc.Client (Client.java:handleConnectionFailure(977)) - Retrying connect to server: localhost/127.0.0.1:12887. Already tried 0 time(s); retry policy is RetryUpToMaximumCountWithFixedSleep(maxRetries=15, sleepTime=1000 MILLISECONDS)
2022-01-10 13:24:42,176 [EndpointStateMachine task thread for /127.0.0.1:12877 - 0 ] INFO  ipc.Client (Client.java:handleConnectionFailure(977)) - Retrying connect to server: localhost/127.0.0.1:12877. Already tried 2 time(s); retry policy is RetryUpToMaximumCountWithFixedSleep(maxRetries=15, sleepTime=1000 MILLISECONDS)
2022-01-10 13:24:42,505 [Listener at 127.0.0.1/11264] INFO  utils.BackgroundService (BackgroundService.java:shutdown(132)) - Shutting down service BlockDeletingService
2022-01-10 13:24:42,677 [EndpointStateMachine task thread for /127.0.0.1:14629 - 0 ] INFO  ipc.Client (Client.java:handleConnectionFailure(977)) - Retrying connect to server: localhost/127.0.0.1:14629. Already tried 9 time(s); retry policy is RetryUpToMaximumCountWithFixedSleep(maxRetries=15, sleepTime=1000 MILLISECONDS)
2022-01-10 13:24:42,679 [EndpointStateMachine task thread for /127.0.0.1:12897 - 0 ] INFO  ipc.Client (Client.java:handleConnectionFailure(977)) - Retrying connect to server: localhost/127.0.0.1:12897. Already tried 1 time(s); retry policy is RetryUpToMaximumCountWithFixedSleep(maxRetries=15, sleepTime=1000 MILLISECONDS)
2022-01-10 13:24:42,679 [EndpointStateMachine task thread for /127.0.0.1:14609 - 0 ] INFO  ipc.Client (Client.java:handleConnectionFailure(977)) - Retrying connect to server: localhost/127.0.0.1:14609. Already tried 12 time(s); retry policy is RetryUpToMaximumCountWithFixedSleep(maxRetries=15, sleepTime=1000 MILLISECONDS)
2022-01-10 13:24:42,680 [EndpointStateMachine task thread for /127.0.0.1:14619 - 0 ] INFO  ipc.Client (Client.java:handleConnectionFailure(977)) - Retrying connect to server: localhost/127.0.0.1:14619. Already tried 9 time(s); retry policy is RetryUpToMaximumCountWithFixedSleep(maxRetries=15, sleepTime=1000 MILLISECONDS)
2022-01-10 13:24:42,693 [EndpointStateMachine task thread for /127.0.0.1:12887 - 0 ] INFO  ipc.Client (Client.java:handleConnectionFailure(977)) - Retrying connect to server: localhost/127.0.0.1:12887. Already tried 1 time(s); retry policy is RetryUpToMaximumCountWithFixedSleep(maxRetries=15, sleepTime=1000 MILLISECONDS)
2022-01-10 13:24:43,177 [EndpointStateMachine task thread for /127.0.0.1:12877 - 0 ] INFO  ipc.Client (Client.java:handleConnectionFailure(977)) - Retrying connect to server: localhost/127.0.0.1:12877. Already tried 3 time(s); retry policy is RetryUpToMaximumCountWithFixedSleep(maxRetries=15, sleepTime=1000 MILLISECONDS)
2022-01-10 13:24:43,678 [EndpointStateMachine task thread for /127.0.0.1:14629 - 0 ] INFO  ipc.Client (Client.java:handleConnectionFailure(977)) - Retrying connect to server: localhost/127.0.0.1:14629. Already tried 10 time(s); retry policy is RetryUpToMaximumCountWithFixedSleep(maxRetries=15, sleepTime=1000 MILLISECONDS)
2022-01-10 13:24:43,680 [EndpointStateMachine task thread for /127.0.0.1:12897 - 0 ] INFO  ipc.Client (Client.java:handleConnectionFailure(977)) - Retrying connect to server: localhost/127.0.0.1:12897. Already tried 2 time(s); retry policy is RetryUpToMaximumCountWithFixedSleep(maxRetries=15, sleepTime=1000 MILLISECONDS)
2022-01-10 13:24:43,680 [EndpointStateMachine task thread for /127.0.0.1:14619 - 0 ] INFO  ipc.Client (Client.java:handleConnectionFailure(977)) - Retrying connect to server: localhost/127.0.0.1:14619. Already tried 10 time(s); retry policy is RetryUpToMaximumCountWithFixedSleep(maxRetries=15, sleepTime=1000 MILLISECONDS)
2022-01-10 13:24:43,681 [EndpointStateMachine task thread for /127.0.0.1:14609 - 0 ] INFO  ipc.Client (Client.java:handleConnectionFailure(977)) - Retrying connect to server: localhost/127.0.0.1:14609. Already tried 13 time(s); retry policy is RetryUpToMaximumCountWithFixedSleep(maxRetries=15, sleepTime=1000 MILLISECONDS)
2022-01-10 13:24:43,694 [EndpointStateMachine task thread for /127.0.0.1:12887 - 0 ] INFO  ipc.Client (Client.java:handleConnectionFailure(977)) - Retrying connect to server: localhost/127.0.0.1:12887. Already tried 2 time(s); retry policy is RetryUpToMaximumCountWithFixedSleep(maxRetries=15, sleepTime=1000 MILLISECONDS)
2022-01-10 13:24:44,178 [EndpointStateMachine task thread for /127.0.0.1:12877 - 0 ] INFO  ipc.Client (Client.java:handleConnectionFailure(977)) - Retrying connect to server: localhost/127.0.0.1:12877. Already tried 4 time(s); retry policy is RetryUpToMaximumCountWithFixedSleep(maxRetries=15, sleepTime=1000 MILLISECONDS)
2022-01-10 13:24:44,679 [EndpointStateMachine task thread for /127.0.0.1:14629 - 0 ] INFO  ipc.Client (Client.java:handleConnectionFailure(977)) - Retrying connect to server: localhost/127.0.0.1:14629. Already tried 11 time(s); retry policy is RetryUpToMaximumCountWithFixedSleep(maxRetries=15, sleepTime=1000 MILLISECONDS)
2022-01-10 13:24:44,680 [EndpointStateMachine task thread for /127.0.0.1:12897 - 0 ] INFO  ipc.Client (Client.java:handleConnectionFailure(977)) - Retrying connect to server: localhost/127.0.0.1:12897. Already tried 3 time(s); retry policy is RetryUpToMaximumCountWithFixedSleep(maxRetries=15, sleepTime=1000 MILLISECONDS)
2022-01-10 13:24:44,681 [EndpointStateMachine task thread for /127.0.0.1:14619 - 0 ] INFO  ipc.Client (Client.java:handleConnectionFailure(977)) - Retrying connect to server: localhost/127.0.0.1:14619. Already tried 11 time(s); retry policy is RetryUpToMaximumCountWithFixedSleep(maxRetries=15, sleepTime=1000 MILLISECONDS)
2022-01-10 13:24:44,681 [EndpointStateMachine task thread for /127.0.0.1:14609 - 0 ] INFO  ipc.Client (Client.java:handleConnectionFailure(977)) - Retrying connect to server: localhost/127.0.0.1:14609. Already tried 14 time(s); retry policy is RetryUpToMaximumCountWithFixedSleep(maxRetries=15, sleepTime=1000 MILLISECONDS)
2022-01-10 13:24:44,694 [EndpointStateMachine task thread for /127.0.0.1:12887 - 0 ] INFO  ipc.Client (Client.java:handleConnectionFailure(977)) - Retrying connect to server: localhost/127.0.0.1:12887. Already tried 3 time(s); retry policy is RetryUpToMaximumCountWithFixedSleep(maxRetries=15, sleepTime=1000 MILLISECONDS)
2022-01-10 13:24:45,179 [EndpointStateMachine task thread for /127.0.0.1:12877 - 0 ] INFO  ipc.Client (Client.java:handleConnectionFailure(977)) - Retrying connect to server: localhost/127.0.0.1:12877. Already tried 5 time(s); retry policy is RetryUpToMaximumCountWithFixedSleep(maxRetries=15, sleepTime=1000 MILLISECONDS)
2022-01-10 13:24:45,511 [Listener at 127.0.0.1/11264] INFO  statemachine.DatanodeStateMachine (DatanodeStateMachine.java:stopDaemon(526)) - Ozone container server stopped.
2022-01-10 13:24:45,512 [Listener at 127.0.0.1/11264] INFO  handler.ContextHandler (ContextHandler.java:doStop(1153)) - Stopped o.e.j.w.WebAppContext@1bd7762f{hddsDatanode,/,null,STOPPED}{jar:file:/home/runner/.m2/repository/org/apache/ozone/hdds-container-service/1.3.0-SNAPSHOT/hdds-container-service-1.3.0-SNAPSHOT.jar!/webapps/hddsDatanode}
2022-01-10 13:24:45,516 [Listener at 127.0.0.1/11264] INFO  server.AbstractConnector (AbstractConnector.java:doStop(381)) - Stopped ServerConnector@6e0d5fd3{HTTP/1.1, (http/1.1)}{0.0.0.0:0}
2022-01-10 13:24:45,517 [Listener at 127.0.0.1/11264] INFO  server.session (HouseKeeper.java:stopScavenging(149)) - node0 Stopped scavenging
2022-01-10 13:24:45,517 [Listener at 127.0.0.1/11264] INFO  handler.ContextHandler (ContextHandler.java:doStop(1153)) - Stopped o.e.j.s.ServletContextHandler@20ca1a05{static,/static,jar:file:/home/runner/.m2/repository/org/apache/ozone/hdds-container-service/1.3.0-SNAPSHOT/hdds-container-service-1.3.0-SNAPSHOT.jar!/webapps/static,STOPPED}
2022-01-10 13:24:45,517 [Listener at 127.0.0.1/11264] INFO  handler.ContextHandler (ContextHandler.java:doStop(1153)) - Stopped o.e.j.s.ServletContextHandler@3ffac12a{logs,/logs,file:///home/runner/work/ozone/ozone/hadoop-ozone/integration-test/target/log,STOPPED}
]]></system-out>
  </testcase>
  <testcase name="testInstallCorruptedCheckpointFailure" classname="org.apache.hadoop.ozone.scm.TestSCMInstallSnapshotWithHA" time="60.336"/>
</testsuite>