<?xml version="1.0" encoding="UTF-8"?>
<testsuite xmlns:xsi="http://www.w3.org/2001/XMLSchema-instance" xsi:noNamespaceSchemaLocation="https://maven.apache.org/surefire/maven-surefire-plugin/xsd/surefire-test-report-3.0.xsd" version="3.0" name="org.apache.hadoop.fs.ozone.TestOzoneFSWithObjectStoreCreate" time="27.654" tests="6" errors="0" skipped="0" failures="1">
  <properties>
    <property name="awt.toolkit" value="sun.awt.X11.XToolkit"/>
    <property name="file.encoding.pkg" value="sun.io"/>
    <property name="java.specification.version" value="1.8"/>
    <property name="sun.cpu.isalist" value=""/>
    <property name="sun.jnu.encoding" value="UTF-8"/>
    <property name="java.class.path" value="/home/runner/work/ozone/ozone/hadoop-ozone/integration-test/target/test-classes:/home/runner/work/ozone/ozone/hadoop-ozone/integration-test/target/classes:/home/runner/.m2/repository/org/apache/ozone/ozone-common/1.3.0-SNAPSHOT/ozone-common-1.3.0-SNAPSHOT.jar:/home/runner/.m2/repository/io/grpc/grpc-netty/1.48.1/grpc-netty-1.48.1.jar:/home/runner/.m2/repository/io/grpc/grpc-core/1.48.1/grpc-core-1.48.1.jar:/home/runner/.m2/repository/com/google/android/annotations/4.1.1.4/annotations-4.1.1.4.jar:/home/runner/.m2/repository/org/codehaus/mojo/animal-sniffer-annotations/1.21/animal-sniffer-annotations-1.21.jar:/home/runner/.m2/repository/com/google/errorprone/error_prone_annotations/2.2.0/error_prone_annotations-2.2.0.jar:/home/runner/.m2/repository/io/perfmark/perfmark-api/0.25.0/perfmark-api-0.25.0.jar:/home/runner/.m2/repository/io/netty/netty-codec-http2/4.1.77.Final/netty-codec-http2-4.1.77.Final.jar:/home/runner/.m2/repository/io/netty/netty-common/4.1.77.Final/netty-common-4.1.77.Final.jar:/home/runner/.m2/repository/io/netty/netty-buffer/4.1.77.Final/netty-buffer-4.1.77.Final.jar:/home/runner/.m2/repository/io/netty/netty-codec-http/4.1.77.Final/netty-codec-http-4.1.77.Final.jar:/home/runner/.m2/repository/io/netty/netty-handler-proxy/4.1.77.Final/netty-handler-proxy-4.1.77.Final.jar:/home/runner/.m2/repository/io/netty/netty-codec-socks/4.1.77.Final/netty-codec-socks-4.1.77.Final.jar:/home/runner/.m2/repository/io/netty/netty-tcnative-boringssl-static/2.0.52.Final/netty-tcnative-boringssl-static-2.0.52.Final.jar:/home/runner/.m2/repository/io/netty/netty-tcnative-classes/2.0.52.Final/netty-tcnative-classes-2.0.52.Final.jar:/home/runner/.m2/repository/io/netty/netty-tcnative-boringssl-static/2.0.52.Final/netty-tcnative-boringssl-static-2.0.52.Final-linux-x86_64.jar:/home/runner/.m2/repository/io/netty/netty-tcnative-boringssl-static/2.0.52.Final/netty-tcnative-boringssl-static-2.0.52.Final-linux-aarch_64.jar:/home/runner/.m2/repository/io/netty/netty-tcnative-boringssl-static/2.0.52.Final/netty-tcnative-boringssl-static-2.0.52.Final-osx-x86_64.jar:/home/runner/.m2/repository/io/netty/netty-tcnative-boringssl-static/2.0.52.Final/netty-tcnative-boringssl-static-2.0.52.Final-osx-aarch_64.jar:/home/runner/.m2/repository/io/netty/netty-tcnative-boringssl-static/2.0.52.Final/netty-tcnative-boringssl-static-2.0.52.Final-windows-x86_64.jar:/home/runner/.m2/repository/org/apache/commons/commons-compress/1.21/commons-compress-1.21.jar:/home/runner/.m2/repository/org/apache/ozone/hdds-common/1.3.0-SNAPSHOT/hdds-common-1.3.0-SNAPSHOT.jar:/home/runner/.m2/repository/org/apache/ozone/hdds-client/1.3.0-SNAPSHOT/hdds-client-1.3.0-SNAPSHOT.jar:/home/runner/.m2/repository/org/apache/ozone/ozone-interface-client/1.3.0-SNAPSHOT/ozone-interface-client-1.3.0-SNAPSHOT.jar:/home/runner/.m2/repository/org/apache/ozone/hdds-test-utils/1.3.0-SNAPSHOT/hdds-test-utils-1.3.0-SNAPSHOT.jar:/home/runner/.m2/repository/com/google/guava/guava/31.1-jre/guava-31.1-jre.jar:/home/runner/.m2/repository/com/google/guava/failureaccess/1.0.1/failureaccess-1.0.1.jar:/home/runner/.m2/repository/com/google/guava/listenablefuture/9999.0-empty-to-avoid-conflict-with-guava/listenablefuture-9999.0-empty-to-avoid-conflict-with-guava.jar:/home/runner/.m2/repository/com/google/code/findbugs/jsr305/3.0.0/jsr305-3.0.0.jar:/home/runner/.m2/repository/org/checkerframework/checker-qual/3.12.0/checker-qual-3.12.0.jar:/home/runner/.m2/repository/com/google/j2objc/j2objc-annotations/1.3/j2objc-annotations-1.3.jar:/home/runner/.m2/repository/commons-io/commons-io/2.11.0/commons-io-2.11.0.jar:/home/runner/.m2/repository/commons-logging/commons-logging/1.2/commons-logging-1.2.jar:/home/runner/.m2/repository/ch/qos/reload4j/reload4j/1.2.22/reload4j-1.2.22.jar:/home/runner/.m2/repository/org/slf4j/slf4j-api/1.7.36/slf4j-api-1.7.36.jar:/home/runner/.m2/repository/org/apache/ozone/hdds-server-scm/1.3.0-SNAPSHOT/hdds-server-scm-1.3.0-SNAPSHOT.jar:/home/runner/.m2/repository/org/apache/ozone/hdds-container-service/1.3.0-SNAPSHOT/hdds-container-service-1.3.0-SNAPSHOT.jar:/home/runner/.m2/repository/org/apache/ozone/hdds-hadoop-dependency-server/1.3.0-SNAPSHOT/hdds-hadoop-dependency-server-1.3.0-SNAPSHOT.jar:/home/runner/.m2/repository/org/apache/hadoop/hadoop-hdfs/3.3.4/hadoop-hdfs-3.3.4.jar:/home/runner/.m2/repository/org/eclipse/jetty/jetty-util-ajax/9.4.49.v20220914/jetty-util-ajax-9.4.49.v20220914.jar:/home/runner/.m2/repository/commons-daemon/commons-daemon/1.0.13/commons-daemon-1.0.13.jar:/home/runner/.m2/repository/org/apache/ozone/hdds-server-framework/1.3.0-SNAPSHOT/hdds-server-framework-1.3.0-SNAPSHOT.jar:/home/runner/.m2/repository/org/apache/ozone/hdds-interface-server/1.3.0-SNAPSHOT/hdds-interface-server-1.3.0-SNAPSHOT.jar:/home/runner/.m2/repository/org/apache/commons/commons-configuration2/2.1.1/commons-configuration2-2.1.1.jar:/home/runner/.m2/repository/org/apache/logging/log4j/log4j-core/2.17.1/log4j-core-2.17.1.jar:/home/runner/.m2/repository/com/lmax/disruptor/3.4.2/disruptor-3.4.2.jar:/home/runner/.m2/repository/org/eclipse/jetty/jetty-servlet/9.4.49.v20220914/jetty-servlet-9.4.49.v20220914.jar:/home/runner/.m2/repository/org/eclipse/jetty/jetty-security/9.4.49.v20220914/jetty-security-9.4.49.v20220914.jar:/home/runner/.m2/repository/org/rocksdb/rocksdbjni/7.7.3/rocksdbjni-7.7.3.jar:/home/runner/.m2/repository/io/prometheus/simpleclient_dropwizard/0.7.0/simpleclient_dropwizard-0.7.0.jar:/home/runner/.m2/repository/io/prometheus/simpleclient/0.7.0/simpleclient-0.7.0.jar:/home/runner/.m2/repository/io/prometheus/simpleclient_common/0.7.0/simpleclient_common-0.7.0.jar:/home/runner/.m2/repository/com/github/spotbugs/spotbugs-annotations/3.1.12/spotbugs-annotations-3.1.12.jar:/home/runner/.m2/repository/io/dropwizard/metrics/metrics-core/3.2.4/metrics-core-3.2.4.jar:/home/runner/.m2/repository/org/apache/commons/commons-text/1.4/commons-text-1.4.jar:/home/runner/.m2/repository/org/apache/hadoop/hadoop-hdfs-client/3.3.4/hadoop-hdfs-client-3.3.4.jar:/home/runner/.m2/repository/com/squareup/okhttp3/okhttp/4.9.3/okhttp-4.9.3.jar:/home/runner/.m2/repository/com/squareup/okio/okio/2.8.0/okio-2.8.0.jar:/home/runner/.m2/repository/org/jetbrains/kotlin/kotlin-stdlib-common/1.4.10/kotlin-stdlib-common-1.4.10.jar:/home/runner/.m2/repository/org/bouncycastle/bcprov-jdk15on/1.67/bcprov-jdk15on-1.67.jar:/home/runner/.m2/repository/com/google/protobuf/protobuf-java/2.5.0/protobuf-java-2.5.0.jar:/home/runner/.m2/repository/org/apache/ozone/ozone-manager/1.3.0-SNAPSHOT/ozone-manager-1.3.0-SNAPSHOT.jar:/home/runner/.m2/repository/org/aspectj/aspectjrt/1.9.7/aspectjrt-1.9.7.jar:/home/runner/.m2/repository/org/aspectj/aspectjweaver/1.9.7/aspectjweaver-1.9.7.jar:/home/runner/.m2/repository/org/apache/ozone/hdds-interface-client/1.3.0-SNAPSHOT/hdds-interface-client-1.3.0-SNAPSHOT.jar:/home/runner/.m2/repository/org/apache/hadoop/thirdparty/hadoop-shaded-protobuf_3_7/1.1.1/hadoop-shaded-protobuf_3_7-1.1.1.jar:/home/runner/.m2/repository/org/apache/ozone/ozone-interface-storage/1.3.0-SNAPSHOT/ozone-interface-storage-1.3.0-SNAPSHOT.jar:/home/runner/.m2/repository/org/reflections/reflections/0.9.11/reflections-0.9.11.jar:/home/runner/.m2/repository/com/sun/jersey/jersey-client/1.19/jersey-client-1.19.jar:/home/runner/.m2/repository/org/apache/ranger/ranger-intg/2.3.0/ranger-intg-2.3.0.jar:/home/runner/.m2/repository/org/apache/ranger/ranger-plugins-common/2.3.0/ranger-plugins-common-2.3.0.jar:/home/runner/.m2/repository/commons-lang/commons-lang/2.6/commons-lang-2.6.jar:/home/runner/.m2/repository/org/codehaus/jackson/jackson-jaxrs/1.9.13/jackson-jaxrs-1.9.13.jar:/home/runner/.m2/repository/org/apache/ranger/ranger-plugins-cred/2.3.0/ranger-plugins-cred-2.3.0.jar:/home/runner/.m2/repository/org/apache/ranger/ranger-plugins-audit/2.3.0/ranger-plugins-audit-2.3.0.jar:/home/runner/.m2/repository/org/eclipse/jetty/jetty-client/9.4.31.v20200723/jetty-client-9.4.31.v20200723.jar:/home/runner/.m2/repository/org/apache/httpcomponents/httpmime/4.5.6/httpmime-4.5.6.jar:/home/runner/.m2/repository/org/apache/httpcomponents/httpcore-nio/4.4.6/httpcore-nio-4.4.6.jar:/home/runner/.m2/repository/org/apache/httpcomponents/httpasyncclient/4.1.3/httpasyncclient-4.1.3.jar:/home/runner/.m2/repository/com/carrotsearch/hppc/0.8.0/hppc-0.8.0.jar:/home/runner/.m2/repository/org/apache/orc/orc-core/1.5.8/orc-core-1.5.8.jar:/home/runner/.m2/repository/net/java/dev/jna/jna/5.2.0/jna-5.2.0.jar:/home/runner/.m2/repository/net/java/dev/jna/jna-platform/5.2.0/jna-platform-5.2.0.jar:/home/runner/.m2/repository/com/kstruct/gethostname4j/0.0.2/gethostname4j-0.0.2.jar:/home/runner/.m2/repository/org/apache/ranger/ranger-plugin-classloader/2.3.0/ranger-plugin-classloader-2.3.0.jar:/home/runner/.m2/repository/org/apache/hadoop/hadoop-minikdc/3.3.4/hadoop-minikdc-3.3.4.jar:/home/runner/.m2/repository/org/apache/kerby/kerb-simplekdc/1.0.1/kerb-simplekdc-1.0.1.jar:/home/runner/.m2/repository/org/apache/kerby/kerb-client/1.0.1/kerb-client-1.0.1.jar:/home/runner/.m2/repository/org/apache/kerby/kerby-config/1.0.1/kerby-config-1.0.1.jar:/home/runner/.m2/repository/org/apache/kerby/kerb-common/1.0.1/kerb-common-1.0.1.jar:/home/runner/.m2/repository/org/apache/kerby/kerb-crypto/1.0.1/kerb-crypto-1.0.1.jar:/home/runner/.m2/repository/org/apache/kerby/kerb-util/1.0.1/kerb-util-1.0.1.jar:/home/runner/.m2/repository/org/apache/kerby/token-provider/1.0.1/token-provider-1.0.1.jar:/home/runner/.m2/repository/org/apache/kerby/kerb-admin/1.0.1/kerb-admin-1.0.1.jar:/home/runner/.m2/repository/org/apache/kerby/kerb-server/1.0.1/kerb-server-1.0.1.jar:/home/runner/.m2/repository/org/apache/kerby/kerb-identity/1.0.1/kerb-identity-1.0.1.jar:/home/runner/.m2/repository/org/apache/kerby/kerby-xdr/1.0.1/kerby-xdr-1.0.1.jar:/home/runner/.m2/repository/org/apache/ozone/ozone-s3gateway/1.3.0-SNAPSHOT/ozone-s3gateway-1.3.0-SNAPSHOT.jar:/home/runner/.m2/repository/org/javassist/javassist/3.21.0-GA/javassist-3.21.0-GA.jar:/home/runner/.m2/repository/org/jboss/weld/servlet/weld-servlet/2.4.7.Final/weld-servlet-2.4.7.Final.jar:/home/runner/.m2/repository/org/glassfish/jersey/containers/jersey-container-servlet-core/2.34/jersey-container-servlet-core-2.34.jar:/home/runner/.m2/repository/org/glassfish/hk2/external/jakarta.inject/2.6.1/jakarta.inject-2.6.1.jar:/home/runner/.m2/repository/org/glassfish/jersey/core/jersey-common/2.34/jersey-common-2.34.jar:/home/runner/.m2/repository/jakarta/ws/rs/jakarta.ws.rs-api/2.1.6/jakarta.ws.rs-api-2.1.6.jar:/home/runner/.m2/repository/org/glassfish/jersey/ext/cdi/jersey-cdi1x/2.34/jersey-cdi1x-2.34.jar:/home/runner/.m2/repository/org/glassfish/jersey/inject/jersey-hk2/2.34/jersey-hk2-2.34.jar:/home/runner/.m2/repository/org/glassfish/hk2/hk2-locator/2.6.1/hk2-locator-2.6.1.jar:/home/runner/.m2/repository/org/glassfish/jersey/media/jersey-media-jaxb/2.34/jersey-media-jaxb-2.34.jar:/home/runner/.m2/repository/org/glassfish/hk2/osgi-resource-locator/1.0.3/osgi-resource-locator-1.0.3.jar:/home/runner/.m2/repository/org/glassfish/hk2/hk2-api/2.5.0/hk2-api-2.5.0.jar:/home/runner/.m2/repository/org/glassfish/hk2/hk2-utils/2.5.0/hk2-utils-2.5.0.jar:/home/runner/.m2/repository/org/glassfish/hk2/external/aopalliance-repackaged/2.5.0/aopalliance-repackaged-2.5.0.jar:/home/runner/.m2/repository/com/fasterxml/jackson/dataformat/jackson-dataformat-xml/2.13.4/jackson-dataformat-xml-2.13.4.jar:/home/runner/.m2/repository/com/fasterxml/jackson/core/jackson-core/2.13.4/jackson-core-2.13.4.jar:/home/runner/.m2/repository/org/codehaus/woodstox/stax2-api/4.2.1/stax2-api-4.2.1.jar:/home/runner/.m2/repository/com/fasterxml/woodstox/woodstox-core/5.4.0/woodstox-core-5.4.0.jar:/home/runner/.m2/repository/com/fasterxml/jackson/module/jackson-module-jaxb-annotations/2.13.4/jackson-module-jaxb-annotations-2.13.4.jar:/home/runner/.m2/repository/jakarta/xml/bind/jakarta.xml.bind-api/2.3.3/jakarta.xml.bind-api-2.3.3.jar:/home/runner/.m2/repository/jakarta/activation/jakarta.activation-api/1.2.1/jakarta.activation-api-1.2.1.jar:/home/runner/.m2/repository/javax/enterprise/cdi-api/1.2/cdi-api-1.2.jar:/home/runner/.m2/repository/javax/el/javax.el-api/3.0.0/javax.el-api-3.0.0.jar:/home/runner/.m2/repository/javax/interceptor/javax.interceptor-api/1.2/javax.interceptor-api-1.2.jar:/home/runner/.m2/repository/javax/inject/javax.inject/1/javax.inject-1.jar:/home/runner/.m2/repository/javax/xml/bind/jaxb-api/2.3.0/jaxb-api-2.3.0.jar:/home/runner/.m2/repository/org/glassfish/jaxb/jaxb-runtime/2.3.0.1/jaxb-runtime-2.3.0.1.jar:/home/runner/.m2/repository/org/glassfish/jaxb/jaxb-core/2.3.0.1/jaxb-core-2.3.0.1.jar:/home/runner/.m2/repository/org/glassfish/jaxb/txw2/2.3.0.1/txw2-2.3.0.1.jar:/home/runner/.m2/repository/com/sun/istack/istack-commons-runtime/3.0.5/istack-commons-runtime-3.0.5.jar:/home/runner/.m2/repository/org/jvnet/staxex/stax-ex/1.7.8/stax-ex-1.7.8.jar:/home/runner/.m2/repository/com/sun/xml/fastinfoset/FastInfoset/1.2.13/FastInfoset-1.2.13.jar:/home/runner/.m2/repository/javax/activation/activation/1.1.1/activation-1.1.1.jar:/home/runner/.m2/repository/io/grpc/grpc-protobuf/1.48.1/grpc-protobuf-1.48.1.jar:/home/runner/.m2/repository/io/grpc/grpc-api/1.48.1/grpc-api-1.48.1.jar:/home/runner/.m2/repository/io/grpc/grpc-context/1.48.1/grpc-context-1.48.1.jar:/home/runner/.m2/repository/com/google/api/grpc/proto-google-common-protos/2.9.0/proto-google-common-protos-2.9.0.jar:/home/runner/.m2/repository/io/grpc/grpc-protobuf-lite/1.48.1/grpc-protobuf-lite-1.48.1.jar:/home/runner/.m2/repository/io/grpc/grpc-stub/1.48.1/grpc-stub-1.48.1.jar:/home/runner/.m2/repository/io/netty/netty-transport/4.1.77.Final/netty-transport-4.1.77.Final.jar:/home/runner/.m2/repository/io/netty/netty-resolver/4.1.77.Final/netty-resolver-4.1.77.Final.jar:/home/runner/.m2/repository/org/apache/ozone/ozone-csi/1.3.0-SNAPSHOT/ozone-csi-1.3.0-SNAPSHOT.jar:/home/runner/.m2/repository/com/google/protobuf/protobuf-java-util/3.19.6/protobuf-java-util-3.19.6.jar:/home/runner/.m2/repository/com/google/code/gson/gson/2.9.0/gson-2.9.0.jar:/home/runner/.m2/repository/org/apache/ozone/hdds-config/1.3.0-SNAPSHOT/hdds-config-1.3.0-SNAPSHOT.jar:/home/runner/.m2/repository/io/netty/netty-transport-native-epoll/4.1.77.Final/netty-transport-native-epoll-4.1.77.Final-linux-x86_64.jar:/home/runner/.m2/repository/io/netty/netty-transport-classes-epoll/4.1.77.Final/netty-transport-classes-epoll-4.1.77.Final.jar:/home/runner/.m2/repository/io/netty/netty-transport-native-unix-common/4.1.77.Final/netty-transport-native-unix-common-4.1.77.Final.jar:/home/runner/.m2/repository/org/slf4j/slf4j-reload4j/1.7.36/slf4j-reload4j-1.7.36.jar:/home/runner/.m2/repository/org/apache/ozone/ozone-recon/1.3.0-SNAPSHOT/ozone-recon-1.3.0-SNAPSHOT.jar:/home/runner/.m2/repository/org/apache/ozone/ozone-reconcodegen/1.3.0-SNAPSHOT/ozone-reconcodegen-1.3.0-SNAPSHOT.jar:/home/runner/.m2/repository/com/google/inject/extensions/guice-multibindings/4.0/guice-multibindings-4.0.jar:/home/runner/.m2/repository/com/google/inject/guice/4.0/guice-4.0.jar:/home/runner/.m2/repository/aopalliance/aopalliance/1.0/aopalliance-1.0.jar:/home/runner/.m2/repository/com/google/inject/extensions/guice-assistedinject/4.0/guice-assistedinject-4.0.jar:/home/runner/.m2/repository/com/google/inject/extensions/guice-servlet/4.0/guice-servlet-4.0.jar:/home/runner/.m2/repository/org/glassfish/jersey/containers/jersey-container-servlet/2.34/jersey-container-servlet-2.34.jar:/home/runner/.m2/repository/org/glassfish/hk2/guice-bridge/2.5.0/guice-bridge-2.5.0.jar:/home/runner/.m2/repository/org/glassfish/jersey/core/jersey-server/2.34/jersey-server-2.34.jar:/home/runner/.m2/repository/org/glassfish/jersey/core/jersey-client/2.34/jersey-client-2.34.jar:/home/runner/.m2/repository/jakarta/annotation/jakarta.annotation-api/1.3.5/jakarta.annotation-api-1.3.5.jar:/home/runner/.m2/repository/jakarta/validation/jakarta.validation-api/2.0.2/jakarta.validation-api-2.0.2.jar:/home/runner/.m2/repository/org/glassfish/jersey/media/jersey-media-json-jackson/2.34/jersey-media-json-jackson-2.34.jar:/home/runner/.m2/repository/org/glassfish/jersey/ext/jersey-entity-filtering/2.34/jersey-entity-filtering-2.34.jar:/home/runner/.m2/repository/org/jooq/jooq/3.11.10/jooq-3.11.10.jar:/home/runner/.m2/repository/org/jooq/jooq-meta/3.11.10/jooq-meta-3.11.10.jar:/home/runner/.m2/repository/org/jooq/jooq-codegen/3.11.10/jooq-codegen-3.11.10.jar:/home/runner/.m2/repository/com/jolbox/bonecp/0.8.0.RELEASE/bonecp-0.8.0.RELEASE.jar:/home/runner/.m2/repository/org/apache/derby/derby/10.14.2.0/derby-10.14.2.0.jar:/home/runner/.m2/repository/org/xerial/sqlite-jdbc/3.25.2/sqlite-jdbc-3.25.2.jar:/home/runner/.m2/repository/org/springframework/spring-jdbc/5.3.23/spring-jdbc-5.3.23.jar:/home/runner/.m2/repository/org/springframework/spring-beans/5.3.23/spring-beans-5.3.23.jar:/home/runner/.m2/repository/org/springframework/spring-core/5.3.23/spring-core-5.3.23.jar:/home/runner/.m2/repository/org/springframework/spring-jcl/5.3.23/spring-jcl-5.3.23.jar:/home/runner/.m2/repository/org/springframework/spring-tx/5.3.23/spring-tx-5.3.23.jar:/home/runner/.m2/repository/org/apache/ozone/ozone-client/1.3.0-SNAPSHOT/ozone-client-1.3.0-SNAPSHOT.jar:/home/runner/.m2/repository/org/apache/ozone/hdds-erasurecode/1.3.0-SNAPSHOT/hdds-erasurecode-1.3.0-SNAPSHOT.jar:/home/runner/.m2/repository/org/apache/ozone/ozone-filesystem/1.3.0-SNAPSHOT/ozone-filesystem-1.3.0-SNAPSHOT.jar:/home/runner/.m2/repository/org/apache/ozone/ozone-filesystem-common/1.3.0-SNAPSHOT/ozone-filesystem-common-1.3.0-SNAPSHOT.jar:/home/runner/.m2/repository/org/apache/ozone/ozone-tools/1.3.0-SNAPSHOT/ozone-tools-1.3.0-SNAPSHOT.jar:/home/runner/.m2/repository/org/apache/ratis/ratis-tools/2.4.2-8b8bdda-SNAPSHOT/ratis-tools-2.4.2-8b8bdda-SNAPSHOT.jar:/home/runner/.m2/repository/com/amazonaws/aws-java-sdk-core/1.12.261/aws-java-sdk-core-1.12.261.jar:/home/runner/.m2/repository/org/apache/httpcomponents/httpclient/4.5.13/httpclient-4.5.13.jar:/home/runner/.m2/repository/org/apache/httpcomponents/httpcore/4.4.13/httpcore-4.4.13.jar:/home/runner/.m2/repository/software/amazon/ion/ion-java/1.0.2/ion-java-1.0.2.jar:/home/runner/.m2/repository/com/fasterxml/jackson/dataformat/jackson-dataformat-cbor/2.13.4/jackson-dataformat-cbor-2.13.4.jar:/home/runner/.m2/repository/joda-time/joda-time/2.8.1/joda-time-2.8.1.jar:/home/runner/.m2/repository/com/amazonaws/aws-java-sdk-s3/1.12.261/aws-java-sdk-s3-1.12.261.jar:/home/runner/.m2/repository/com/amazonaws/aws-java-sdk-kms/1.12.261/aws-java-sdk-kms-1.12.261.jar:/home/runner/.m2/repository/com/amazonaws/jmespath-java/1.12.261/jmespath-java-1.12.261.jar:/home/runner/.m2/repository/org/kohsuke/metainf-services/metainf-services/1.8/metainf-services-1.8.jar:/home/runner/.m2/repository/org/apache/ozone/hdds-tools/1.3.0-SNAPSHOT/hdds-tools-1.3.0-SNAPSHOT.jar:/home/runner/.m2/repository/commons-cli/commons-cli/1.2/commons-cli-1.2.jar:/home/runner/.m2/repository/org/apache/commons/commons-lang3/3.7/commons-lang3-3.7.jar:/home/runner/.m2/repository/org/apache/ozone/ozone-manager/1.3.0-SNAPSHOT/ozone-manager-1.3.0-SNAPSHOT-tests.jar:/home/runner/.m2/repository/org/apache/ozone/hdds-common/1.3.0-SNAPSHOT/hdds-common-1.3.0-SNAPSHOT-tests.jar:/home/runner/.m2/repository/org/apache/ozone/hdds-hadoop-dependency-client/1.3.0-SNAPSHOT/hdds-hadoop-dependency-client-1.3.0-SNAPSHOT.jar:/home/runner/.m2/repository/info/picocli/picocli/4.6.1/picocli-4.6.1.jar:/home/runner/.m2/repository/com/fasterxml/jackson/core/jackson-annotations/2.13.4/jackson-annotations-2.13.4.jar:/home/runner/.m2/repository/com/fasterxml/jackson/datatype/jackson-datatype-jsr310/2.13.4/jackson-datatype-jsr310-2.13.4.jar:/home/runner/.m2/repository/org/apache/ozone/hdds-annotation-processing/1.3.0-SNAPSHOT/hdds-annotation-processing-1.3.0-SNAPSHOT.jar:/home/runner/.m2/repository/javax/annotation/javax.annotation-api/1.2/javax.annotation-api-1.2.jar:/home/runner/.m2/repository/org/apache/ratis/ratis-server/2.4.2-8b8bdda-SNAPSHOT/ratis-server-2.4.2-8b8bdda-SNAPSHOT.jar:/home/runner/.m2/repository/org/apache/ratis/ratis-client/2.4.2-8b8bdda-SNAPSHOT/ratis-client-2.4.2-8b8bdda-SNAPSHOT.jar:/home/runner/.m2/repository/org/apache/ratis/ratis-server-api/2.4.2-8b8bdda-SNAPSHOT/ratis-server-api-2.4.2-8b8bdda-SNAPSHOT.jar:/home/runner/.m2/repository/org/apache/ratis/ratis-metrics/2.4.2-8b8bdda-SNAPSHOT/ratis-metrics-2.4.2-8b8bdda-SNAPSHOT.jar:/home/runner/.m2/repository/org/apache/ratis/ratis-netty/2.4.2-8b8bdda-SNAPSHOT/ratis-netty-2.4.2-8b8bdda-SNAPSHOT.jar:/home/runner/.m2/repository/org/apache/ratis/ratis-grpc/2.4.2-8b8bdda-SNAPSHOT/ratis-grpc-2.4.2-8b8bdda-SNAPSHOT.jar:/home/runner/.m2/repository/org/apache/logging/log4j/log4j-api/2.17.1/log4j-api-2.17.1.jar:/home/runner/.m2/repository/org/apache/commons/commons-pool2/2.6.0/commons-pool2-2.6.0.jar:/home/runner/.m2/repository/org/bouncycastle/bcpkix-jdk15on/1.67/bcpkix-jdk15on-1.67.jar:/home/runner/.m2/repository/commons-validator/commons-validator/1.6/commons-validator-1.6.jar:/home/runner/.m2/repository/commons-beanutils/commons-beanutils/1.9.4/commons-beanutils-1.9.4.jar:/home/runner/.m2/repository/commons-digester/commons-digester/1.8.1/commons-digester-1.8.1.jar:/home/runner/.m2/repository/commons-collections/commons-collections/3.2.2/commons-collections-3.2.2.jar:/home/runner/.m2/repository/io/jaegertracing/jaeger-client/1.6.0/jaeger-client-1.6.0.jar:/home/runner/.m2/repository/io/jaegertracing/jaeger-thrift/1.6.0/jaeger-thrift-1.6.0.jar:/home/runner/.m2/repository/org/apache/thrift/libthrift/0.14.1/libthrift-0.14.1.jar:/home/runner/.m2/repository/io/jaegertracing/jaeger-core/1.6.0/jaeger-core-1.6.0.jar:/home/runner/.m2/repository/io/jaegertracing/jaeger-tracerresolver/1.6.0/jaeger-tracerresolver-1.6.0.jar:/home/runner/.m2/repository/io/opentracing/contrib/opentracing-tracerresolver/0.1.8/opentracing-tracerresolver-0.1.8.jar:/home/runner/.m2/repository/org/jetbrains/kotlin/kotlin-stdlib/1.6.21/kotlin-stdlib-1.6.21.jar:/home/runner/.m2/repository/org/jetbrains/annotations/13.0/annotations-13.0.jar:/home/runner/.m2/repository/io/opentracing/opentracing-util/0.33.0/opentracing-util-0.33.0.jar:/home/runner/.m2/repository/io/opentracing/opentracing-api/0.33.0/opentracing-api-0.33.0.jar:/home/runner/.m2/repository/io/opentracing/opentracing-noop/0.33.0/opentracing-noop-0.33.0.jar:/home/runner/.m2/repository/org/yaml/snakeyaml/1.33/snakeyaml-1.33.jar:/home/runner/.m2/repository/org/apache/ozone/hdds-interface-admin/1.3.0-SNAPSHOT/hdds-interface-admin-1.3.0-SNAPSHOT.jar:/home/runner/.m2/repository/junit/junit/4.13.1/junit-4.13.1.jar:/home/runner/.m2/repository/org/hamcrest/hamcrest-core/1.3/hamcrest-core-1.3.jar:/home/runner/.m2/repository/org/junit/jupiter/junit-jupiter-api/5.8.2/junit-jupiter-api-5.8.2.jar:/home/runner/.m2/repository/org/opentest4j/opentest4j/1.2.0/opentest4j-1.2.0.jar:/home/runner/.m2/repository/org/junit/platform/junit-platform-commons/1.8.2/junit-platform-commons-1.8.2.jar:/home/runner/.m2/repository/org/apiguardian/apiguardian-api/1.1.2/apiguardian-api-1.1.2.jar:/home/runner/.m2/repository/org/junit/jupiter/junit-jupiter-params/5.8.2/junit-jupiter-params-5.8.2.jar:/home/runner/.m2/repository/org/junit/jupiter/junit-jupiter-migrationsupport/5.8.2/junit-jupiter-migrationsupport-5.8.2.jar:/home/runner/.m2/repository/org/junit/jupiter/junit-jupiter-engine/5.8.2/junit-jupiter-engine-5.8.2.jar:/home/runner/.m2/repository/org/junit/platform/junit-platform-engine/1.8.2/junit-platform-engine-1.8.2.jar:/home/runner/.m2/repository/org/junit/vintage/junit-vintage-engine/5.8.2/junit-vintage-engine-5.8.2.jar:/home/runner/.m2/repository/org/junit/platform/junit-platform-launcher/1.8.2/junit-platform-launcher-1.8.2.jar:/home/runner/.m2/repository/org/mockito/mockito-core/2.28.2/mockito-core-2.28.2.jar:/home/runner/.m2/repository/net/bytebuddy/byte-buddy/1.9.10/byte-buddy-1.9.10.jar:/home/runner/.m2/repository/net/bytebuddy/byte-buddy-agent/1.9.10/byte-buddy-agent-1.9.10.jar:/home/runner/.m2/repository/org/objenesis/objenesis/1.0/objenesis-1.0.jar:/home/runner/.m2/repository/org/apache/hadoop/hadoop-kms/3.3.4/hadoop-kms-3.3.4.jar:/home/runner/.m2/repository/org/apache/hadoop/hadoop-auth/3.3.4/hadoop-auth-3.3.4.jar:/home/runner/.m2/repository/com/nimbusds/nimbus-jose-jwt/9.8.1/nimbus-jose-jwt-9.8.1.jar:/home/runner/.m2/repository/com/github/stephenc/jcip/jcip-annotations/1.0-1/jcip-annotations-1.0-1.jar:/home/runner/.m2/repository/net/minidev/json-smart/2.4.7/json-smart-2.4.7.jar:/home/runner/.m2/repository/net/minidev/accessors-smart/2.4.7/accessors-smart-2.4.7.jar:/home/runner/.m2/repository/org/ow2/asm/asm/5.0.4/asm-5.0.4.jar:/home/runner/.m2/repository/org/apache/zookeeper/zookeeper/3.5.6/zookeeper-3.5.6.jar:/home/runner/.m2/repository/org/apache/zookeeper/zookeeper-jute/3.5.6/zookeeper-jute-3.5.6.jar:/home/runner/.m2/repository/org/apache/yetus/audience-annotations/0.5.0/audience-annotations-0.5.0.jar:/home/runner/.m2/repository/org/apache/curator/curator-framework/4.2.0/curator-framework-4.2.0.jar:/home/runner/.m2/repository/org/apache/hadoop/thirdparty/hadoop-shaded-guava/1.1.1/hadoop-shaded-guava-1.1.1.jar:/home/runner/.m2/repository/com/sun/jersey/jersey-core/1.19/jersey-core-1.19.jar:/home/runner/.m2/repository/javax/ws/rs/jsr311-api/1.1.1/jsr311-api-1.1.1.jar:/home/runner/.m2/repository/com/sun/jersey/jersey-server/1.19/jersey-server-1.19.jar:/home/runner/.m2/repository/javax/servlet/javax.servlet-api/3.1.0/javax.servlet-api-3.1.0.jar:/home/runner/.m2/repository/org/eclipse/jetty/jetty-server/9.4.49.v20220914/jetty-server-9.4.49.v20220914.jar:/home/runner/.m2/repository/org/eclipse/jetty/jetty-http/9.4.49.v20220914/jetty-http-9.4.49.v20220914.jar:/home/runner/.m2/repository/org/eclipse/jetty/jetty-io/9.4.49.v20220914/jetty-io-9.4.49.v20220914.jar:/home/runner/.m2/repository/org/eclipse/jetty/jetty-webapp/9.4.49.v20220914/jetty-webapp-9.4.49.v20220914.jar:/home/runner/.m2/repository/org/eclipse/jetty/jetty-xml/9.4.49.v20220914/jetty-xml-9.4.49.v20220914.jar:/home/runner/.m2/repository/org/apache/hadoop/hadoop-common/3.3.4/hadoop-common-3.3.4.jar:/home/runner/.m2/repository/org/apache/commons/commons-math3/3.1.1/commons-math3-3.1.1.jar:/home/runner/.m2/repository/commons-net/commons-net/3.9.0/commons-net-3.9.0.jar:/home/runner/.m2/repository/com/sun/jersey/jersey-servlet/1.19/jersey-servlet-1.19.jar:/home/runner/.m2/repository/com/sun/jersey/jersey-json/1.19/jersey-json-1.19.jar:/home/runner/.m2/repository/org/codehaus/jettison/jettison/1.1/jettison-1.1.jar:/home/runner/.m2/repository/com/sun/xml/bind/jaxb-impl/2.2.3-1/jaxb-impl-2.2.3-1.jar:/home/runner/.m2/repository/org/codehaus/jackson/jackson-xc/1.9.2/jackson-xc-1.9.2.jar:/home/runner/.m2/repository/com/google/re2j/re2j/1.1/re2j-1.1.jar:/home/runner/.m2/repository/com/jcraft/jsch/0.1.54/jsch-0.1.54.jar:/home/runner/.m2/repository/org/apache/curator/curator-client/4.2.0/curator-client-4.2.0.jar:/home/runner/.m2/repository/org/apache/curator/curator-recipes/4.2.0/curator-recipes-4.2.0.jar:/home/runner/.m2/repository/org/apache/kerby/kerb-core/1.0.1/kerb-core-1.0.1.jar:/home/runner/.m2/repository/org/apache/kerby/kerby-pkix/1.0.1/kerby-pkix-1.0.1.jar:/home/runner/.m2/repository/org/apache/kerby/kerby-asn1/1.0.1/kerby-asn1-1.0.1.jar:/home/runner/.m2/repository/org/apache/kerby/kerby-util/1.0.1/kerby-util-1.0.1.jar:/home/runner/.m2/repository/dnsjava/dnsjava/2.1.7/dnsjava-2.1.7.jar:/home/runner/.m2/repository/org/xerial/snappy/snappy-java/1.1.8.2/snappy-java-1.1.8.2.jar:/home/runner/.m2/repository/org/eclipse/jetty/jetty-util/9.4.49.v20220914/jetty-util-9.4.49.v20220914.jar:/home/runner/.m2/repository/com/fasterxml/jackson/core/jackson-databind/2.13.4.2/jackson-databind-2.13.4.2.jar:/home/runner/.m2/repository/org/apache/hadoop/hadoop-kms/3.3.4/hadoop-kms-3.3.4-tests.jar:/home/runner/.m2/repository/org/apache/ozone/hdds-server-scm/1.3.0-SNAPSHOT/hdds-server-scm-1.3.0-SNAPSHOT-tests.jar:/home/runner/.m2/repository/org/apache/ozone/hdds-container-service/1.3.0-SNAPSHOT/hdds-container-service-1.3.0-SNAPSHOT-tests.jar:/home/runner/.m2/repository/commons-codec/commons-codec/1.15/commons-codec-1.15.jar:/home/runner/.m2/repository/io/netty/netty-codec/4.1.77.Final/netty-codec-4.1.77.Final.jar:/home/runner/.m2/repository/io/netty/netty-handler/4.1.77.Final/netty-handler-4.1.77.Final.jar:/home/runner/.m2/repository/org/apache/ozone/hdds-hadoop-dependency-test/1.3.0-SNAPSHOT/hdds-hadoop-dependency-test-1.3.0-SNAPSHOT.jar:/home/runner/.m2/repository/org/apache/hadoop/hadoop-common/3.3.4/hadoop-common-3.3.4-tests.jar:/home/runner/.m2/repository/org/apache/hadoop/hadoop-hdfs/3.3.4/hadoop-hdfs-3.3.4-tests.jar:/home/runner/.m2/repository/org/assertj/assertj-core/3.12.2/assertj-core-3.12.2.jar:/home/runner/.m2/repository/org/apache/hadoop/hadoop-distcp/3.3.4/hadoop-distcp-3.3.4.jar:/home/runner/.m2/repository/org/apache/hadoop/hadoop-mapreduce-client-jobclient/3.3.4/hadoop-mapreduce-client-jobclient-3.3.4.jar:/home/runner/.m2/repository/org/apache/hadoop/hadoop-mapreduce-client-common/3.3.4/hadoop-mapreduce-client-common-3.3.4.jar:/home/runner/.m2/repository/org/apache/hadoop/hadoop-yarn-common/3.3.4/hadoop-yarn-common-3.3.4.jar:/home/runner/.m2/repository/org/apache/hadoop/hadoop-yarn-api/3.3.4/hadoop-yarn-api-3.3.4.jar:/home/runner/.m2/repository/com/sun/jersey/contribs/jersey-guice/1.19/jersey-guice-1.19.jar:/home/runner/.m2/repository/com/fasterxml/jackson/jaxrs/jackson-jaxrs-json-provider/2.13.4/jackson-jaxrs-json-provider-2.13.4.jar:/home/runner/.m2/repository/com/fasterxml/jackson/jaxrs/jackson-jaxrs-base/2.13.4/jackson-jaxrs-base-2.13.4.jar:/home/runner/.m2/repository/org/apache/hadoop/hadoop-yarn-client/3.3.4/hadoop-yarn-client-3.3.4.jar:/home/runner/.m2/repository/org/eclipse/jetty/websocket/websocket-client/9.4.43.v20210629/websocket-client-9.4.43.v20210629.jar:/home/runner/.m2/repository/org/eclipse/jetty/websocket/websocket-common/9.4.43.v20210629/websocket-common-9.4.43.v20210629.jar:/home/runner/.m2/repository/org/eclipse/jetty/websocket/websocket-api/9.4.43.v20210629/websocket-api-9.4.43.v20210629.jar:/home/runner/.m2/repository/org/jline/jline/3.9.0/jline-3.9.0.jar:/home/runner/.m2/repository/org/apache/hadoop/hadoop-mapreduce-client-core/3.3.4/hadoop-mapreduce-client-core-3.3.4.jar:/home/runner/.m2/repository/org/apache/avro/avro/1.7.7/avro-1.7.7.jar:/home/runner/.m2/repository/org/codehaus/jackson/jackson-core-asl/1.9.13/jackson-core-asl-1.9.13.jar:/home/runner/.m2/repository/org/codehaus/jackson/jackson-mapper-asl/1.9.13/jackson-mapper-asl-1.9.13.jar:/home/runner/.m2/repository/com/thoughtworks/paranamer/paranamer/2.3/paranamer-2.3.jar:/home/runner/.m2/repository/org/apache/hadoop/hadoop-annotations/3.3.4/hadoop-annotations-3.3.4.jar:/usr/lib/jvm/temurin-8-jdk-amd64/jre/../lib/tools.jar:/home/runner/.m2/repository/io/netty/netty/3.10.6.Final/netty-3.10.6.Final.jar:/home/runner/.m2/repository/org/apache/hadoop/hadoop-distcp/3.3.4/hadoop-distcp-3.3.4-tests.jar:/home/runner/.m2/repository/org/slf4j/jul-to-slf4j/1.7.36/jul-to-slf4j-1.7.36.jar:/home/runner/.m2/repository/org/apache/ratis/ratis-common/2.4.2-8b8bdda-SNAPSHOT/ratis-common-2.4.2-8b8bdda-SNAPSHOT.jar:/home/runner/.m2/repository/org/apache/ratis/ratis-thirdparty-misc/1.0.3/ratis-thirdparty-misc-1.0.3.jar:/home/runner/.m2/repository/org/apache/ratis/ratis-proto/2.4.2-8b8bdda-SNAPSHOT/ratis-proto-2.4.2-8b8bdda-SNAPSHOT.jar:"/>
    <property name="java.vm.vendor" value="Temurin"/>
    <property name="sun.arch.data.model" value="64"/>
    <property name="test.build.dir" value="/home/runner/work/ozone/ozone/hadoop-ozone/integration-test/target/test-dir"/>
    <property name="test.cache.data" value=""/>
    <property name="java.vendor.url" value="https://adoptium.net/"/>
    <property name="user.timezone" value="Etc/UTC"/>
    <property name="java.vm.specification.version" value="1.8"/>
    <property name="os.name" value="Linux"/>
    <property name="test.build.data" value="/home/runner/work/ozone/ozone/hadoop-ozone/integration-test/target/test-dir"/>
    <property name="sun.java.launcher" value="SUN_STANDARD"/>
    <property name="sun.boot.library.path" value="/usr/lib/jvm/temurin-8-jdk-amd64/jre/lib/amd64"/>
    <property name="sun.java.command" value="/home/runner/work/ozone/ozone/hadoop-ozone/integration-test/target/surefire/surefirebooter2682957802081224413.jar /home/runner/work/ozone/ozone/hadoop-ozone/integration-test/target/surefire 2022-12-15T07-07-56_175-jvmRun1 surefire3175912272290944891tmp surefire_323428398444912272334tmp"/>
    <property name="surefire.test.class.path" value="/home/runner/work/ozone/ozone/hadoop-ozone/integration-test/target/test-classes:/home/runner/work/ozone/ozone/hadoop-ozone/integration-test/target/classes:/home/runner/.m2/repository/org/apache/ozone/ozone-common/1.3.0-SNAPSHOT/ozone-common-1.3.0-SNAPSHOT.jar:/home/runner/.m2/repository/io/grpc/grpc-netty/1.48.1/grpc-netty-1.48.1.jar:/home/runner/.m2/repository/io/grpc/grpc-core/1.48.1/grpc-core-1.48.1.jar:/home/runner/.m2/repository/com/google/android/annotations/4.1.1.4/annotations-4.1.1.4.jar:/home/runner/.m2/repository/org/codehaus/mojo/animal-sniffer-annotations/1.21/animal-sniffer-annotations-1.21.jar:/home/runner/.m2/repository/com/google/errorprone/error_prone_annotations/2.2.0/error_prone_annotations-2.2.0.jar:/home/runner/.m2/repository/io/perfmark/perfmark-api/0.25.0/perfmark-api-0.25.0.jar:/home/runner/.m2/repository/io/netty/netty-codec-http2/4.1.77.Final/netty-codec-http2-4.1.77.Final.jar:/home/runner/.m2/repository/io/netty/netty-common/4.1.77.Final/netty-common-4.1.77.Final.jar:/home/runner/.m2/repository/io/netty/netty-buffer/4.1.77.Final/netty-buffer-4.1.77.Final.jar:/home/runner/.m2/repository/io/netty/netty-codec-http/4.1.77.Final/netty-codec-http-4.1.77.Final.jar:/home/runner/.m2/repository/io/netty/netty-handler-proxy/4.1.77.Final/netty-handler-proxy-4.1.77.Final.jar:/home/runner/.m2/repository/io/netty/netty-codec-socks/4.1.77.Final/netty-codec-socks-4.1.77.Final.jar:/home/runner/.m2/repository/io/netty/netty-tcnative-boringssl-static/2.0.52.Final/netty-tcnative-boringssl-static-2.0.52.Final.jar:/home/runner/.m2/repository/io/netty/netty-tcnative-classes/2.0.52.Final/netty-tcnative-classes-2.0.52.Final.jar:/home/runner/.m2/repository/io/netty/netty-tcnative-boringssl-static/2.0.52.Final/netty-tcnative-boringssl-static-2.0.52.Final-linux-x86_64.jar:/home/runner/.m2/repository/io/netty/netty-tcnative-boringssl-static/2.0.52.Final/netty-tcnative-boringssl-static-2.0.52.Final-linux-aarch_64.jar:/home/runner/.m2/repository/io/netty/netty-tcnative-boringssl-static/2.0.52.Final/netty-tcnative-boringssl-static-2.0.52.Final-osx-x86_64.jar:/home/runner/.m2/repository/io/netty/netty-tcnative-boringssl-static/2.0.52.Final/netty-tcnative-boringssl-static-2.0.52.Final-osx-aarch_64.jar:/home/runner/.m2/repository/io/netty/netty-tcnative-boringssl-static/2.0.52.Final/netty-tcnative-boringssl-static-2.0.52.Final-windows-x86_64.jar:/home/runner/.m2/repository/org/apache/commons/commons-compress/1.21/commons-compress-1.21.jar:/home/runner/.m2/repository/org/apache/ozone/hdds-common/1.3.0-SNAPSHOT/hdds-common-1.3.0-SNAPSHOT.jar:/home/runner/.m2/repository/org/apache/ozone/hdds-client/1.3.0-SNAPSHOT/hdds-client-1.3.0-SNAPSHOT.jar:/home/runner/.m2/repository/org/apache/ozone/ozone-interface-client/1.3.0-SNAPSHOT/ozone-interface-client-1.3.0-SNAPSHOT.jar:/home/runner/.m2/repository/org/apache/ozone/hdds-test-utils/1.3.0-SNAPSHOT/hdds-test-utils-1.3.0-SNAPSHOT.jar:/home/runner/.m2/repository/com/google/guava/guava/31.1-jre/guava-31.1-jre.jar:/home/runner/.m2/repository/com/google/guava/failureaccess/1.0.1/failureaccess-1.0.1.jar:/home/runner/.m2/repository/com/google/guava/listenablefuture/9999.0-empty-to-avoid-conflict-with-guava/listenablefuture-9999.0-empty-to-avoid-conflict-with-guava.jar:/home/runner/.m2/repository/com/google/code/findbugs/jsr305/3.0.0/jsr305-3.0.0.jar:/home/runner/.m2/repository/org/checkerframework/checker-qual/3.12.0/checker-qual-3.12.0.jar:/home/runner/.m2/repository/com/google/j2objc/j2objc-annotations/1.3/j2objc-annotations-1.3.jar:/home/runner/.m2/repository/commons-io/commons-io/2.11.0/commons-io-2.11.0.jar:/home/runner/.m2/repository/commons-logging/commons-logging/1.2/commons-logging-1.2.jar:/home/runner/.m2/repository/ch/qos/reload4j/reload4j/1.2.22/reload4j-1.2.22.jar:/home/runner/.m2/repository/org/slf4j/slf4j-api/1.7.36/slf4j-api-1.7.36.jar:/home/runner/.m2/repository/org/apache/ozone/hdds-server-scm/1.3.0-SNAPSHOT/hdds-server-scm-1.3.0-SNAPSHOT.jar:/home/runner/.m2/repository/org/apache/ozone/hdds-container-service/1.3.0-SNAPSHOT/hdds-container-service-1.3.0-SNAPSHOT.jar:/home/runner/.m2/repository/org/apache/ozone/hdds-hadoop-dependency-server/1.3.0-SNAPSHOT/hdds-hadoop-dependency-server-1.3.0-SNAPSHOT.jar:/home/runner/.m2/repository/org/apache/hadoop/hadoop-hdfs/3.3.4/hadoop-hdfs-3.3.4.jar:/home/runner/.m2/repository/org/eclipse/jetty/jetty-util-ajax/9.4.49.v20220914/jetty-util-ajax-9.4.49.v20220914.jar:/home/runner/.m2/repository/commons-daemon/commons-daemon/1.0.13/commons-daemon-1.0.13.jar:/home/runner/.m2/repository/org/apache/ozone/hdds-server-framework/1.3.0-SNAPSHOT/hdds-server-framework-1.3.0-SNAPSHOT.jar:/home/runner/.m2/repository/org/apache/ozone/hdds-interface-server/1.3.0-SNAPSHOT/hdds-interface-server-1.3.0-SNAPSHOT.jar:/home/runner/.m2/repository/org/apache/commons/commons-configuration2/2.1.1/commons-configuration2-2.1.1.jar:/home/runner/.m2/repository/org/apache/logging/log4j/log4j-core/2.17.1/log4j-core-2.17.1.jar:/home/runner/.m2/repository/com/lmax/disruptor/3.4.2/disruptor-3.4.2.jar:/home/runner/.m2/repository/org/eclipse/jetty/jetty-servlet/9.4.49.v20220914/jetty-servlet-9.4.49.v20220914.jar:/home/runner/.m2/repository/org/eclipse/jetty/jetty-security/9.4.49.v20220914/jetty-security-9.4.49.v20220914.jar:/home/runner/.m2/repository/org/rocksdb/rocksdbjni/7.7.3/rocksdbjni-7.7.3.jar:/home/runner/.m2/repository/io/prometheus/simpleclient_dropwizard/0.7.0/simpleclient_dropwizard-0.7.0.jar:/home/runner/.m2/repository/io/prometheus/simpleclient/0.7.0/simpleclient-0.7.0.jar:/home/runner/.m2/repository/io/prometheus/simpleclient_common/0.7.0/simpleclient_common-0.7.0.jar:/home/runner/.m2/repository/com/github/spotbugs/spotbugs-annotations/3.1.12/spotbugs-annotations-3.1.12.jar:/home/runner/.m2/repository/io/dropwizard/metrics/metrics-core/3.2.4/metrics-core-3.2.4.jar:/home/runner/.m2/repository/org/apache/commons/commons-text/1.4/commons-text-1.4.jar:/home/runner/.m2/repository/org/apache/hadoop/hadoop-hdfs-client/3.3.4/hadoop-hdfs-client-3.3.4.jar:/home/runner/.m2/repository/com/squareup/okhttp3/okhttp/4.9.3/okhttp-4.9.3.jar:/home/runner/.m2/repository/com/squareup/okio/okio/2.8.0/okio-2.8.0.jar:/home/runner/.m2/repository/org/jetbrains/kotlin/kotlin-stdlib-common/1.4.10/kotlin-stdlib-common-1.4.10.jar:/home/runner/.m2/repository/org/bouncycastle/bcprov-jdk15on/1.67/bcprov-jdk15on-1.67.jar:/home/runner/.m2/repository/com/google/protobuf/protobuf-java/2.5.0/protobuf-java-2.5.0.jar:/home/runner/.m2/repository/org/apache/ozone/ozone-manager/1.3.0-SNAPSHOT/ozone-manager-1.3.0-SNAPSHOT.jar:/home/runner/.m2/repository/org/aspectj/aspectjrt/1.9.7/aspectjrt-1.9.7.jar:/home/runner/.m2/repository/org/aspectj/aspectjweaver/1.9.7/aspectjweaver-1.9.7.jar:/home/runner/.m2/repository/org/apache/ozone/hdds-interface-client/1.3.0-SNAPSHOT/hdds-interface-client-1.3.0-SNAPSHOT.jar:/home/runner/.m2/repository/org/apache/hadoop/thirdparty/hadoop-shaded-protobuf_3_7/1.1.1/hadoop-shaded-protobuf_3_7-1.1.1.jar:/home/runner/.m2/repository/org/apache/ozone/ozone-interface-storage/1.3.0-SNAPSHOT/ozone-interface-storage-1.3.0-SNAPSHOT.jar:/home/runner/.m2/repository/org/reflections/reflections/0.9.11/reflections-0.9.11.jar:/home/runner/.m2/repository/com/sun/jersey/jersey-client/1.19/jersey-client-1.19.jar:/home/runner/.m2/repository/org/apache/ranger/ranger-intg/2.3.0/ranger-intg-2.3.0.jar:/home/runner/.m2/repository/org/apache/ranger/ranger-plugins-common/2.3.0/ranger-plugins-common-2.3.0.jar:/home/runner/.m2/repository/commons-lang/commons-lang/2.6/commons-lang-2.6.jar:/home/runner/.m2/repository/org/codehaus/jackson/jackson-jaxrs/1.9.13/jackson-jaxrs-1.9.13.jar:/home/runner/.m2/repository/org/apache/ranger/ranger-plugins-cred/2.3.0/ranger-plugins-cred-2.3.0.jar:/home/runner/.m2/repository/org/apache/ranger/ranger-plugins-audit/2.3.0/ranger-plugins-audit-2.3.0.jar:/home/runner/.m2/repository/org/eclipse/jetty/jetty-client/9.4.31.v20200723/jetty-client-9.4.31.v20200723.jar:/home/runner/.m2/repository/org/apache/httpcomponents/httpmime/4.5.6/httpmime-4.5.6.jar:/home/runner/.m2/repository/org/apache/httpcomponents/httpcore-nio/4.4.6/httpcore-nio-4.4.6.jar:/home/runner/.m2/repository/org/apache/httpcomponents/httpasyncclient/4.1.3/httpasyncclient-4.1.3.jar:/home/runner/.m2/repository/com/carrotsearch/hppc/0.8.0/hppc-0.8.0.jar:/home/runner/.m2/repository/org/apache/orc/orc-core/1.5.8/orc-core-1.5.8.jar:/home/runner/.m2/repository/net/java/dev/jna/jna/5.2.0/jna-5.2.0.jar:/home/runner/.m2/repository/net/java/dev/jna/jna-platform/5.2.0/jna-platform-5.2.0.jar:/home/runner/.m2/repository/com/kstruct/gethostname4j/0.0.2/gethostname4j-0.0.2.jar:/home/runner/.m2/repository/org/apache/ranger/ranger-plugin-classloader/2.3.0/ranger-plugin-classloader-2.3.0.jar:/home/runner/.m2/repository/org/apache/hadoop/hadoop-minikdc/3.3.4/hadoop-minikdc-3.3.4.jar:/home/runner/.m2/repository/org/apache/kerby/kerb-simplekdc/1.0.1/kerb-simplekdc-1.0.1.jar:/home/runner/.m2/repository/org/apache/kerby/kerb-client/1.0.1/kerb-client-1.0.1.jar:/home/runner/.m2/repository/org/apache/kerby/kerby-config/1.0.1/kerby-config-1.0.1.jar:/home/runner/.m2/repository/org/apache/kerby/kerb-common/1.0.1/kerb-common-1.0.1.jar:/home/runner/.m2/repository/org/apache/kerby/kerb-crypto/1.0.1/kerb-crypto-1.0.1.jar:/home/runner/.m2/repository/org/apache/kerby/kerb-util/1.0.1/kerb-util-1.0.1.jar:/home/runner/.m2/repository/org/apache/kerby/token-provider/1.0.1/token-provider-1.0.1.jar:/home/runner/.m2/repository/org/apache/kerby/kerb-admin/1.0.1/kerb-admin-1.0.1.jar:/home/runner/.m2/repository/org/apache/kerby/kerb-server/1.0.1/kerb-server-1.0.1.jar:/home/runner/.m2/repository/org/apache/kerby/kerb-identity/1.0.1/kerb-identity-1.0.1.jar:/home/runner/.m2/repository/org/apache/kerby/kerby-xdr/1.0.1/kerby-xdr-1.0.1.jar:/home/runner/.m2/repository/org/apache/ozone/ozone-s3gateway/1.3.0-SNAPSHOT/ozone-s3gateway-1.3.0-SNAPSHOT.jar:/home/runner/.m2/repository/org/javassist/javassist/3.21.0-GA/javassist-3.21.0-GA.jar:/home/runner/.m2/repository/org/jboss/weld/servlet/weld-servlet/2.4.7.Final/weld-servlet-2.4.7.Final.jar:/home/runner/.m2/repository/org/glassfish/jersey/containers/jersey-container-servlet-core/2.34/jersey-container-servlet-core-2.34.jar:/home/runner/.m2/repository/org/glassfish/hk2/external/jakarta.inject/2.6.1/jakarta.inject-2.6.1.jar:/home/runner/.m2/repository/org/glassfish/jersey/core/jersey-common/2.34/jersey-common-2.34.jar:/home/runner/.m2/repository/jakarta/ws/rs/jakarta.ws.rs-api/2.1.6/jakarta.ws.rs-api-2.1.6.jar:/home/runner/.m2/repository/org/glassfish/jersey/ext/cdi/jersey-cdi1x/2.34/jersey-cdi1x-2.34.jar:/home/runner/.m2/repository/org/glassfish/jersey/inject/jersey-hk2/2.34/jersey-hk2-2.34.jar:/home/runner/.m2/repository/org/glassfish/hk2/hk2-locator/2.6.1/hk2-locator-2.6.1.jar:/home/runner/.m2/repository/org/glassfish/jersey/media/jersey-media-jaxb/2.34/jersey-media-jaxb-2.34.jar:/home/runner/.m2/repository/org/glassfish/hk2/osgi-resource-locator/1.0.3/osgi-resource-locator-1.0.3.jar:/home/runner/.m2/repository/org/glassfish/hk2/hk2-api/2.5.0/hk2-api-2.5.0.jar:/home/runner/.m2/repository/org/glassfish/hk2/hk2-utils/2.5.0/hk2-utils-2.5.0.jar:/home/runner/.m2/repository/org/glassfish/hk2/external/aopalliance-repackaged/2.5.0/aopalliance-repackaged-2.5.0.jar:/home/runner/.m2/repository/com/fasterxml/jackson/dataformat/jackson-dataformat-xml/2.13.4/jackson-dataformat-xml-2.13.4.jar:/home/runner/.m2/repository/com/fasterxml/jackson/core/jackson-core/2.13.4/jackson-core-2.13.4.jar:/home/runner/.m2/repository/org/codehaus/woodstox/stax2-api/4.2.1/stax2-api-4.2.1.jar:/home/runner/.m2/repository/com/fasterxml/woodstox/woodstox-core/5.4.0/woodstox-core-5.4.0.jar:/home/runner/.m2/repository/com/fasterxml/jackson/module/jackson-module-jaxb-annotations/2.13.4/jackson-module-jaxb-annotations-2.13.4.jar:/home/runner/.m2/repository/jakarta/xml/bind/jakarta.xml.bind-api/2.3.3/jakarta.xml.bind-api-2.3.3.jar:/home/runner/.m2/repository/jakarta/activation/jakarta.activation-api/1.2.1/jakarta.activation-api-1.2.1.jar:/home/runner/.m2/repository/javax/enterprise/cdi-api/1.2/cdi-api-1.2.jar:/home/runner/.m2/repository/javax/el/javax.el-api/3.0.0/javax.el-api-3.0.0.jar:/home/runner/.m2/repository/javax/interceptor/javax.interceptor-api/1.2/javax.interceptor-api-1.2.jar:/home/runner/.m2/repository/javax/inject/javax.inject/1/javax.inject-1.jar:/home/runner/.m2/repository/javax/xml/bind/jaxb-api/2.3.0/jaxb-api-2.3.0.jar:/home/runner/.m2/repository/org/glassfish/jaxb/jaxb-runtime/2.3.0.1/jaxb-runtime-2.3.0.1.jar:/home/runner/.m2/repository/org/glassfish/jaxb/jaxb-core/2.3.0.1/jaxb-core-2.3.0.1.jar:/home/runner/.m2/repository/org/glassfish/jaxb/txw2/2.3.0.1/txw2-2.3.0.1.jar:/home/runner/.m2/repository/com/sun/istack/istack-commons-runtime/3.0.5/istack-commons-runtime-3.0.5.jar:/home/runner/.m2/repository/org/jvnet/staxex/stax-ex/1.7.8/stax-ex-1.7.8.jar:/home/runner/.m2/repository/com/sun/xml/fastinfoset/FastInfoset/1.2.13/FastInfoset-1.2.13.jar:/home/runner/.m2/repository/javax/activation/activation/1.1.1/activation-1.1.1.jar:/home/runner/.m2/repository/io/grpc/grpc-protobuf/1.48.1/grpc-protobuf-1.48.1.jar:/home/runner/.m2/repository/io/grpc/grpc-api/1.48.1/grpc-api-1.48.1.jar:/home/runner/.m2/repository/io/grpc/grpc-context/1.48.1/grpc-context-1.48.1.jar:/home/runner/.m2/repository/com/google/api/grpc/proto-google-common-protos/2.9.0/proto-google-common-protos-2.9.0.jar:/home/runner/.m2/repository/io/grpc/grpc-protobuf-lite/1.48.1/grpc-protobuf-lite-1.48.1.jar:/home/runner/.m2/repository/io/grpc/grpc-stub/1.48.1/grpc-stub-1.48.1.jar:/home/runner/.m2/repository/io/netty/netty-transport/4.1.77.Final/netty-transport-4.1.77.Final.jar:/home/runner/.m2/repository/io/netty/netty-resolver/4.1.77.Final/netty-resolver-4.1.77.Final.jar:/home/runner/.m2/repository/org/apache/ozone/ozone-csi/1.3.0-SNAPSHOT/ozone-csi-1.3.0-SNAPSHOT.jar:/home/runner/.m2/repository/com/google/protobuf/protobuf-java-util/3.19.6/protobuf-java-util-3.19.6.jar:/home/runner/.m2/repository/com/google/code/gson/gson/2.9.0/gson-2.9.0.jar:/home/runner/.m2/repository/org/apache/ozone/hdds-config/1.3.0-SNAPSHOT/hdds-config-1.3.0-SNAPSHOT.jar:/home/runner/.m2/repository/io/netty/netty-transport-native-epoll/4.1.77.Final/netty-transport-native-epoll-4.1.77.Final-linux-x86_64.jar:/home/runner/.m2/repository/io/netty/netty-transport-classes-epoll/4.1.77.Final/netty-transport-classes-epoll-4.1.77.Final.jar:/home/runner/.m2/repository/io/netty/netty-transport-native-unix-common/4.1.77.Final/netty-transport-native-unix-common-4.1.77.Final.jar:/home/runner/.m2/repository/org/slf4j/slf4j-reload4j/1.7.36/slf4j-reload4j-1.7.36.jar:/home/runner/.m2/repository/org/apache/ozone/ozone-recon/1.3.0-SNAPSHOT/ozone-recon-1.3.0-SNAPSHOT.jar:/home/runner/.m2/repository/org/apache/ozone/ozone-reconcodegen/1.3.0-SNAPSHOT/ozone-reconcodegen-1.3.0-SNAPSHOT.jar:/home/runner/.m2/repository/com/google/inject/extensions/guice-multibindings/4.0/guice-multibindings-4.0.jar:/home/runner/.m2/repository/com/google/inject/guice/4.0/guice-4.0.jar:/home/runner/.m2/repository/aopalliance/aopalliance/1.0/aopalliance-1.0.jar:/home/runner/.m2/repository/com/google/inject/extensions/guice-assistedinject/4.0/guice-assistedinject-4.0.jar:/home/runner/.m2/repository/com/google/inject/extensions/guice-servlet/4.0/guice-servlet-4.0.jar:/home/runner/.m2/repository/org/glassfish/jersey/containers/jersey-container-servlet/2.34/jersey-container-servlet-2.34.jar:/home/runner/.m2/repository/org/glassfish/hk2/guice-bridge/2.5.0/guice-bridge-2.5.0.jar:/home/runner/.m2/repository/org/glassfish/jersey/core/jersey-server/2.34/jersey-server-2.34.jar:/home/runner/.m2/repository/org/glassfish/jersey/core/jersey-client/2.34/jersey-client-2.34.jar:/home/runner/.m2/repository/jakarta/annotation/jakarta.annotation-api/1.3.5/jakarta.annotation-api-1.3.5.jar:/home/runner/.m2/repository/jakarta/validation/jakarta.validation-api/2.0.2/jakarta.validation-api-2.0.2.jar:/home/runner/.m2/repository/org/glassfish/jersey/media/jersey-media-json-jackson/2.34/jersey-media-json-jackson-2.34.jar:/home/runner/.m2/repository/org/glassfish/jersey/ext/jersey-entity-filtering/2.34/jersey-entity-filtering-2.34.jar:/home/runner/.m2/repository/org/jooq/jooq/3.11.10/jooq-3.11.10.jar:/home/runner/.m2/repository/org/jooq/jooq-meta/3.11.10/jooq-meta-3.11.10.jar:/home/runner/.m2/repository/org/jooq/jooq-codegen/3.11.10/jooq-codegen-3.11.10.jar:/home/runner/.m2/repository/com/jolbox/bonecp/0.8.0.RELEASE/bonecp-0.8.0.RELEASE.jar:/home/runner/.m2/repository/org/apache/derby/derby/10.14.2.0/derby-10.14.2.0.jar:/home/runner/.m2/repository/org/xerial/sqlite-jdbc/3.25.2/sqlite-jdbc-3.25.2.jar:/home/runner/.m2/repository/org/springframework/spring-jdbc/5.3.23/spring-jdbc-5.3.23.jar:/home/runner/.m2/repository/org/springframework/spring-beans/5.3.23/spring-beans-5.3.23.jar:/home/runner/.m2/repository/org/springframework/spring-core/5.3.23/spring-core-5.3.23.jar:/home/runner/.m2/repository/org/springframework/spring-jcl/5.3.23/spring-jcl-5.3.23.jar:/home/runner/.m2/repository/org/springframework/spring-tx/5.3.23/spring-tx-5.3.23.jar:/home/runner/.m2/repository/org/apache/ozone/ozone-client/1.3.0-SNAPSHOT/ozone-client-1.3.0-SNAPSHOT.jar:/home/runner/.m2/repository/org/apache/ozone/hdds-erasurecode/1.3.0-SNAPSHOT/hdds-erasurecode-1.3.0-SNAPSHOT.jar:/home/runner/.m2/repository/org/apache/ozone/ozone-filesystem/1.3.0-SNAPSHOT/ozone-filesystem-1.3.0-SNAPSHOT.jar:/home/runner/.m2/repository/org/apache/ozone/ozone-filesystem-common/1.3.0-SNAPSHOT/ozone-filesystem-common-1.3.0-SNAPSHOT.jar:/home/runner/.m2/repository/org/apache/ozone/ozone-tools/1.3.0-SNAPSHOT/ozone-tools-1.3.0-SNAPSHOT.jar:/home/runner/.m2/repository/org/apache/ratis/ratis-tools/2.4.2-8b8bdda-SNAPSHOT/ratis-tools-2.4.2-8b8bdda-SNAPSHOT.jar:/home/runner/.m2/repository/com/amazonaws/aws-java-sdk-core/1.12.261/aws-java-sdk-core-1.12.261.jar:/home/runner/.m2/repository/org/apache/httpcomponents/httpclient/4.5.13/httpclient-4.5.13.jar:/home/runner/.m2/repository/org/apache/httpcomponents/httpcore/4.4.13/httpcore-4.4.13.jar:/home/runner/.m2/repository/software/amazon/ion/ion-java/1.0.2/ion-java-1.0.2.jar:/home/runner/.m2/repository/com/fasterxml/jackson/dataformat/jackson-dataformat-cbor/2.13.4/jackson-dataformat-cbor-2.13.4.jar:/home/runner/.m2/repository/joda-time/joda-time/2.8.1/joda-time-2.8.1.jar:/home/runner/.m2/repository/com/amazonaws/aws-java-sdk-s3/1.12.261/aws-java-sdk-s3-1.12.261.jar:/home/runner/.m2/repository/com/amazonaws/aws-java-sdk-kms/1.12.261/aws-java-sdk-kms-1.12.261.jar:/home/runner/.m2/repository/com/amazonaws/jmespath-java/1.12.261/jmespath-java-1.12.261.jar:/home/runner/.m2/repository/org/kohsuke/metainf-services/metainf-services/1.8/metainf-services-1.8.jar:/home/runner/.m2/repository/org/apache/ozone/hdds-tools/1.3.0-SNAPSHOT/hdds-tools-1.3.0-SNAPSHOT.jar:/home/runner/.m2/repository/commons-cli/commons-cli/1.2/commons-cli-1.2.jar:/home/runner/.m2/repository/org/apache/commons/commons-lang3/3.7/commons-lang3-3.7.jar:/home/runner/.m2/repository/org/apache/ozone/ozone-manager/1.3.0-SNAPSHOT/ozone-manager-1.3.0-SNAPSHOT-tests.jar:/home/runner/.m2/repository/org/apache/ozone/hdds-common/1.3.0-SNAPSHOT/hdds-common-1.3.0-SNAPSHOT-tests.jar:/home/runner/.m2/repository/org/apache/ozone/hdds-hadoop-dependency-client/1.3.0-SNAPSHOT/hdds-hadoop-dependency-client-1.3.0-SNAPSHOT.jar:/home/runner/.m2/repository/info/picocli/picocli/4.6.1/picocli-4.6.1.jar:/home/runner/.m2/repository/com/fasterxml/jackson/core/jackson-annotations/2.13.4/jackson-annotations-2.13.4.jar:/home/runner/.m2/repository/com/fasterxml/jackson/datatype/jackson-datatype-jsr310/2.13.4/jackson-datatype-jsr310-2.13.4.jar:/home/runner/.m2/repository/org/apache/ozone/hdds-annotation-processing/1.3.0-SNAPSHOT/hdds-annotation-processing-1.3.0-SNAPSHOT.jar:/home/runner/.m2/repository/javax/annotation/javax.annotation-api/1.2/javax.annotation-api-1.2.jar:/home/runner/.m2/repository/org/apache/ratis/ratis-server/2.4.2-8b8bdda-SNAPSHOT/ratis-server-2.4.2-8b8bdda-SNAPSHOT.jar:/home/runner/.m2/repository/org/apache/ratis/ratis-client/2.4.2-8b8bdda-SNAPSHOT/ratis-client-2.4.2-8b8bdda-SNAPSHOT.jar:/home/runner/.m2/repository/org/apache/ratis/ratis-server-api/2.4.2-8b8bdda-SNAPSHOT/ratis-server-api-2.4.2-8b8bdda-SNAPSHOT.jar:/home/runner/.m2/repository/org/apache/ratis/ratis-metrics/2.4.2-8b8bdda-SNAPSHOT/ratis-metrics-2.4.2-8b8bdda-SNAPSHOT.jar:/home/runner/.m2/repository/org/apache/ratis/ratis-netty/2.4.2-8b8bdda-SNAPSHOT/ratis-netty-2.4.2-8b8bdda-SNAPSHOT.jar:/home/runner/.m2/repository/org/apache/ratis/ratis-grpc/2.4.2-8b8bdda-SNAPSHOT/ratis-grpc-2.4.2-8b8bdda-SNAPSHOT.jar:/home/runner/.m2/repository/org/apache/logging/log4j/log4j-api/2.17.1/log4j-api-2.17.1.jar:/home/runner/.m2/repository/org/apache/commons/commons-pool2/2.6.0/commons-pool2-2.6.0.jar:/home/runner/.m2/repository/org/bouncycastle/bcpkix-jdk15on/1.67/bcpkix-jdk15on-1.67.jar:/home/runner/.m2/repository/commons-validator/commons-validator/1.6/commons-validator-1.6.jar:/home/runner/.m2/repository/commons-beanutils/commons-beanutils/1.9.4/commons-beanutils-1.9.4.jar:/home/runner/.m2/repository/commons-digester/commons-digester/1.8.1/commons-digester-1.8.1.jar:/home/runner/.m2/repository/commons-collections/commons-collections/3.2.2/commons-collections-3.2.2.jar:/home/runner/.m2/repository/io/jaegertracing/jaeger-client/1.6.0/jaeger-client-1.6.0.jar:/home/runner/.m2/repository/io/jaegertracing/jaeger-thrift/1.6.0/jaeger-thrift-1.6.0.jar:/home/runner/.m2/repository/org/apache/thrift/libthrift/0.14.1/libthrift-0.14.1.jar:/home/runner/.m2/repository/io/jaegertracing/jaeger-core/1.6.0/jaeger-core-1.6.0.jar:/home/runner/.m2/repository/io/jaegertracing/jaeger-tracerresolver/1.6.0/jaeger-tracerresolver-1.6.0.jar:/home/runner/.m2/repository/io/opentracing/contrib/opentracing-tracerresolver/0.1.8/opentracing-tracerresolver-0.1.8.jar:/home/runner/.m2/repository/org/jetbrains/kotlin/kotlin-stdlib/1.6.21/kotlin-stdlib-1.6.21.jar:/home/runner/.m2/repository/org/jetbrains/annotations/13.0/annotations-13.0.jar:/home/runner/.m2/repository/io/opentracing/opentracing-util/0.33.0/opentracing-util-0.33.0.jar:/home/runner/.m2/repository/io/opentracing/opentracing-api/0.33.0/opentracing-api-0.33.0.jar:/home/runner/.m2/repository/io/opentracing/opentracing-noop/0.33.0/opentracing-noop-0.33.0.jar:/home/runner/.m2/repository/org/yaml/snakeyaml/1.33/snakeyaml-1.33.jar:/home/runner/.m2/repository/org/apache/ozone/hdds-interface-admin/1.3.0-SNAPSHOT/hdds-interface-admin-1.3.0-SNAPSHOT.jar:/home/runner/.m2/repository/junit/junit/4.13.1/junit-4.13.1.jar:/home/runner/.m2/repository/org/hamcrest/hamcrest-core/1.3/hamcrest-core-1.3.jar:/home/runner/.m2/repository/org/junit/jupiter/junit-jupiter-api/5.8.2/junit-jupiter-api-5.8.2.jar:/home/runner/.m2/repository/org/opentest4j/opentest4j/1.2.0/opentest4j-1.2.0.jar:/home/runner/.m2/repository/org/junit/platform/junit-platform-commons/1.8.2/junit-platform-commons-1.8.2.jar:/home/runner/.m2/repository/org/apiguardian/apiguardian-api/1.1.2/apiguardian-api-1.1.2.jar:/home/runner/.m2/repository/org/junit/jupiter/junit-jupiter-params/5.8.2/junit-jupiter-params-5.8.2.jar:/home/runner/.m2/repository/org/junit/jupiter/junit-jupiter-migrationsupport/5.8.2/junit-jupiter-migrationsupport-5.8.2.jar:/home/runner/.m2/repository/org/junit/jupiter/junit-jupiter-engine/5.8.2/junit-jupiter-engine-5.8.2.jar:/home/runner/.m2/repository/org/junit/platform/junit-platform-engine/1.8.2/junit-platform-engine-1.8.2.jar:/home/runner/.m2/repository/org/junit/vintage/junit-vintage-engine/5.8.2/junit-vintage-engine-5.8.2.jar:/home/runner/.m2/repository/org/junit/platform/junit-platform-launcher/1.8.2/junit-platform-launcher-1.8.2.jar:/home/runner/.m2/repository/org/mockito/mockito-core/2.28.2/mockito-core-2.28.2.jar:/home/runner/.m2/repository/net/bytebuddy/byte-buddy/1.9.10/byte-buddy-1.9.10.jar:/home/runner/.m2/repository/net/bytebuddy/byte-buddy-agent/1.9.10/byte-buddy-agent-1.9.10.jar:/home/runner/.m2/repository/org/objenesis/objenesis/1.0/objenesis-1.0.jar:/home/runner/.m2/repository/org/apache/hadoop/hadoop-kms/3.3.4/hadoop-kms-3.3.4.jar:/home/runner/.m2/repository/org/apache/hadoop/hadoop-auth/3.3.4/hadoop-auth-3.3.4.jar:/home/runner/.m2/repository/com/nimbusds/nimbus-jose-jwt/9.8.1/nimbus-jose-jwt-9.8.1.jar:/home/runner/.m2/repository/com/github/stephenc/jcip/jcip-annotations/1.0-1/jcip-annotations-1.0-1.jar:/home/runner/.m2/repository/net/minidev/json-smart/2.4.7/json-smart-2.4.7.jar:/home/runner/.m2/repository/net/minidev/accessors-smart/2.4.7/accessors-smart-2.4.7.jar:/home/runner/.m2/repository/org/ow2/asm/asm/5.0.4/asm-5.0.4.jar:/home/runner/.m2/repository/org/apache/zookeeper/zookeeper/3.5.6/zookeeper-3.5.6.jar:/home/runner/.m2/repository/org/apache/zookeeper/zookeeper-jute/3.5.6/zookeeper-jute-3.5.6.jar:/home/runner/.m2/repository/org/apache/yetus/audience-annotations/0.5.0/audience-annotations-0.5.0.jar:/home/runner/.m2/repository/org/apache/curator/curator-framework/4.2.0/curator-framework-4.2.0.jar:/home/runner/.m2/repository/org/apache/hadoop/thirdparty/hadoop-shaded-guava/1.1.1/hadoop-shaded-guava-1.1.1.jar:/home/runner/.m2/repository/com/sun/jersey/jersey-core/1.19/jersey-core-1.19.jar:/home/runner/.m2/repository/javax/ws/rs/jsr311-api/1.1.1/jsr311-api-1.1.1.jar:/home/runner/.m2/repository/com/sun/jersey/jersey-server/1.19/jersey-server-1.19.jar:/home/runner/.m2/repository/javax/servlet/javax.servlet-api/3.1.0/javax.servlet-api-3.1.0.jar:/home/runner/.m2/repository/org/eclipse/jetty/jetty-server/9.4.49.v20220914/jetty-server-9.4.49.v20220914.jar:/home/runner/.m2/repository/org/eclipse/jetty/jetty-http/9.4.49.v20220914/jetty-http-9.4.49.v20220914.jar:/home/runner/.m2/repository/org/eclipse/jetty/jetty-io/9.4.49.v20220914/jetty-io-9.4.49.v20220914.jar:/home/runner/.m2/repository/org/eclipse/jetty/jetty-webapp/9.4.49.v20220914/jetty-webapp-9.4.49.v20220914.jar:/home/runner/.m2/repository/org/eclipse/jetty/jetty-xml/9.4.49.v20220914/jetty-xml-9.4.49.v20220914.jar:/home/runner/.m2/repository/org/apache/hadoop/hadoop-common/3.3.4/hadoop-common-3.3.4.jar:/home/runner/.m2/repository/org/apache/commons/commons-math3/3.1.1/commons-math3-3.1.1.jar:/home/runner/.m2/repository/commons-net/commons-net/3.9.0/commons-net-3.9.0.jar:/home/runner/.m2/repository/com/sun/jersey/jersey-servlet/1.19/jersey-servlet-1.19.jar:/home/runner/.m2/repository/com/sun/jersey/jersey-json/1.19/jersey-json-1.19.jar:/home/runner/.m2/repository/org/codehaus/jettison/jettison/1.1/jettison-1.1.jar:/home/runner/.m2/repository/com/sun/xml/bind/jaxb-impl/2.2.3-1/jaxb-impl-2.2.3-1.jar:/home/runner/.m2/repository/org/codehaus/jackson/jackson-xc/1.9.2/jackson-xc-1.9.2.jar:/home/runner/.m2/repository/com/google/re2j/re2j/1.1/re2j-1.1.jar:/home/runner/.m2/repository/com/jcraft/jsch/0.1.54/jsch-0.1.54.jar:/home/runner/.m2/repository/org/apache/curator/curator-client/4.2.0/curator-client-4.2.0.jar:/home/runner/.m2/repository/org/apache/curator/curator-recipes/4.2.0/curator-recipes-4.2.0.jar:/home/runner/.m2/repository/org/apache/kerby/kerb-core/1.0.1/kerb-core-1.0.1.jar:/home/runner/.m2/repository/org/apache/kerby/kerby-pkix/1.0.1/kerby-pkix-1.0.1.jar:/home/runner/.m2/repository/org/apache/kerby/kerby-asn1/1.0.1/kerby-asn1-1.0.1.jar:/home/runner/.m2/repository/org/apache/kerby/kerby-util/1.0.1/kerby-util-1.0.1.jar:/home/runner/.m2/repository/dnsjava/dnsjava/2.1.7/dnsjava-2.1.7.jar:/home/runner/.m2/repository/org/xerial/snappy/snappy-java/1.1.8.2/snappy-java-1.1.8.2.jar:/home/runner/.m2/repository/org/eclipse/jetty/jetty-util/9.4.49.v20220914/jetty-util-9.4.49.v20220914.jar:/home/runner/.m2/repository/com/fasterxml/jackson/core/jackson-databind/2.13.4.2/jackson-databind-2.13.4.2.jar:/home/runner/.m2/repository/org/apache/hadoop/hadoop-kms/3.3.4/hadoop-kms-3.3.4-tests.jar:/home/runner/.m2/repository/org/apache/ozone/hdds-server-scm/1.3.0-SNAPSHOT/hdds-server-scm-1.3.0-SNAPSHOT-tests.jar:/home/runner/.m2/repository/org/apache/ozone/hdds-container-service/1.3.0-SNAPSHOT/hdds-container-service-1.3.0-SNAPSHOT-tests.jar:/home/runner/.m2/repository/commons-codec/commons-codec/1.15/commons-codec-1.15.jar:/home/runner/.m2/repository/io/netty/netty-codec/4.1.77.Final/netty-codec-4.1.77.Final.jar:/home/runner/.m2/repository/io/netty/netty-handler/4.1.77.Final/netty-handler-4.1.77.Final.jar:/home/runner/.m2/repository/org/apache/ozone/hdds-hadoop-dependency-test/1.3.0-SNAPSHOT/hdds-hadoop-dependency-test-1.3.0-SNAPSHOT.jar:/home/runner/.m2/repository/org/apache/hadoop/hadoop-common/3.3.4/hadoop-common-3.3.4-tests.jar:/home/runner/.m2/repository/org/apache/hadoop/hadoop-hdfs/3.3.4/hadoop-hdfs-3.3.4-tests.jar:/home/runner/.m2/repository/org/assertj/assertj-core/3.12.2/assertj-core-3.12.2.jar:/home/runner/.m2/repository/org/apache/hadoop/hadoop-distcp/3.3.4/hadoop-distcp-3.3.4.jar:/home/runner/.m2/repository/org/apache/hadoop/hadoop-mapreduce-client-jobclient/3.3.4/hadoop-mapreduce-client-jobclient-3.3.4.jar:/home/runner/.m2/repository/org/apache/hadoop/hadoop-mapreduce-client-common/3.3.4/hadoop-mapreduce-client-common-3.3.4.jar:/home/runner/.m2/repository/org/apache/hadoop/hadoop-yarn-common/3.3.4/hadoop-yarn-common-3.3.4.jar:/home/runner/.m2/repository/org/apache/hadoop/hadoop-yarn-api/3.3.4/hadoop-yarn-api-3.3.4.jar:/home/runner/.m2/repository/com/sun/jersey/contribs/jersey-guice/1.19/jersey-guice-1.19.jar:/home/runner/.m2/repository/com/fasterxml/jackson/jaxrs/jackson-jaxrs-json-provider/2.13.4/jackson-jaxrs-json-provider-2.13.4.jar:/home/runner/.m2/repository/com/fasterxml/jackson/jaxrs/jackson-jaxrs-base/2.13.4/jackson-jaxrs-base-2.13.4.jar:/home/runner/.m2/repository/org/apache/hadoop/hadoop-yarn-client/3.3.4/hadoop-yarn-client-3.3.4.jar:/home/runner/.m2/repository/org/eclipse/jetty/websocket/websocket-client/9.4.43.v20210629/websocket-client-9.4.43.v20210629.jar:/home/runner/.m2/repository/org/eclipse/jetty/websocket/websocket-common/9.4.43.v20210629/websocket-common-9.4.43.v20210629.jar:/home/runner/.m2/repository/org/eclipse/jetty/websocket/websocket-api/9.4.43.v20210629/websocket-api-9.4.43.v20210629.jar:/home/runner/.m2/repository/org/jline/jline/3.9.0/jline-3.9.0.jar:/home/runner/.m2/repository/org/apache/hadoop/hadoop-mapreduce-client-core/3.3.4/hadoop-mapreduce-client-core-3.3.4.jar:/home/runner/.m2/repository/org/apache/avro/avro/1.7.7/avro-1.7.7.jar:/home/runner/.m2/repository/org/codehaus/jackson/jackson-core-asl/1.9.13/jackson-core-asl-1.9.13.jar:/home/runner/.m2/repository/org/codehaus/jackson/jackson-mapper-asl/1.9.13/jackson-mapper-asl-1.9.13.jar:/home/runner/.m2/repository/com/thoughtworks/paranamer/paranamer/2.3/paranamer-2.3.jar:/home/runner/.m2/repository/org/apache/hadoop/hadoop-annotations/3.3.4/hadoop-annotations-3.3.4.jar:/usr/lib/jvm/temurin-8-jdk-amd64/jre/../lib/tools.jar:/home/runner/.m2/repository/io/netty/netty/3.10.6.Final/netty-3.10.6.Final.jar:/home/runner/.m2/repository/org/apache/hadoop/hadoop-distcp/3.3.4/hadoop-distcp-3.3.4-tests.jar:/home/runner/.m2/repository/org/slf4j/jul-to-slf4j/1.7.36/jul-to-slf4j-1.7.36.jar:/home/runner/.m2/repository/org/apache/ratis/ratis-common/2.4.2-8b8bdda-SNAPSHOT/ratis-common-2.4.2-8b8bdda-SNAPSHOT.jar:/home/runner/.m2/repository/org/apache/ratis/ratis-thirdparty-misc/1.0.3/ratis-thirdparty-misc-1.0.3.jar:/home/runner/.m2/repository/org/apache/ratis/ratis-proto/2.4.2-8b8bdda-SNAPSHOT/ratis-proto-2.4.2-8b8bdda-SNAPSHOT.jar:"/>
    <property name="sun.cpu.endian" value="little"/>
    <property name="user.home" value="/home/runner"/>
    <property name="user.language" value="en"/>
    <property name="java.specification.vendor" value="Oracle Corporation"/>
    <property name="java.home" value="/usr/lib/jvm/temurin-8-jdk-amd64/jre"/>
    <property name="java.security.krb5.conf" value="/home/runner/work/ozone/ozone/hadoop-ozone/integration-test/target/test-classes/krb5.conf"/>
    <property name="basedir" value="/home/runner/work/ozone/ozone/hadoop-ozone/integration-test"/>
    <property name="file.separator" value="/"/>
    <property name="line.separator" value="&#10;"/>
    <property name="java.vm.specification.vendor" value="Oracle Corporation"/>
    <property name="java.specification.name" value="Java Platform API Specification"/>
    <property name="java.awt.graphicsenv" value="sun.awt.X11GraphicsEnvironment"/>
    <property name="skip.installnpx" value="true"/>
    <property name="surefire.real.class.path" value="/home/runner/work/ozone/ozone/hadoop-ozone/integration-test/target/surefire/surefirebooter2682957802081224413.jar:/home/runner/.m2/repository/org/jacoco/org.jacoco.agent/0.8.5/org.jacoco.agent-0.8.5-runtime.jar"/>
    <property name="hadoop.log.dir" value="/home/runner/work/ozone/ozone/hadoop-ozone/integration-test/target/log"/>
    <property name="sun.boot.class.path" value="/usr/lib/jvm/temurin-8-jdk-amd64/jre/lib/resources.jar:/usr/lib/jvm/temurin-8-jdk-amd64/jre/lib/rt.jar:/usr/lib/jvm/temurin-8-jdk-amd64/jre/lib/sunrsasign.jar:/usr/lib/jvm/temurin-8-jdk-amd64/jre/lib/jsse.jar:/usr/lib/jvm/temurin-8-jdk-amd64/jre/lib/jce.jar:/usr/lib/jvm/temurin-8-jdk-amd64/jre/lib/charsets.jar:/usr/lib/jvm/temurin-8-jdk-amd64/jre/lib/jfr.jar:/usr/lib/jvm/temurin-8-jdk-amd64/jre/classes"/>
    <property name="sun.management.compiler" value="HotSpot 64-Bit Tiered Compilers"/>
    <property name="skip.npx" value="true"/>
    <property name="java.runtime.version" value="1.8.0_352-b08"/>
    <property name="java.net.preferIPv4Stack" value="true"/>
    <property name="user.name" value="runner"/>
    <property name="path.separator" value=":"/>
    <property name="java.security.egd" value="file:///dev/urandom"/>
    <property name="os.version" value="5.15.0-1023-azure"/>
    <property name="java.endorsed.dirs" value="/usr/lib/jvm/temurin-8-jdk-amd64/jre/lib/endorsed"/>
    <property name="java.runtime.name" value="OpenJDK Runtime Environment"/>
    <property name="file.encoding" value="UTF-8"/>
    <property name="java.vm.name" value="OpenJDK 64-Bit Server VM"/>
    <property name="test.build.webapps" value=""/>
    <property name="localRepository" value="/home/runner/.m2/repository"/>
    <property name="jetty.git.hash" value="4231a3b2e4cb8548a412a789936d640a97b1aa0a"/>
    <property name="java.vendor.url.bug" value="https://github.com/adoptium/adoptium-support/issues"/>
    <property name="java.io.tmpdir" value="/tmp"/>
    <property name="require.test.libhadoop" value=""/>
    <property name="java.version" value="1.8.0_352"/>
    <property name="user.dir" value="/home/runner/work/ozone/ozone/hadoop-ozone/integration-test"/>
    <property name="os.arch" value="amd64"/>
    <property name="java.vm.specification.name" value="Java Virtual Machine Specification"/>
    <property name="test.build.classes" value="/home/runner/work/ozone/ozone/hadoop-ozone/integration-test/target/test-classes"/>
    <property name="java.awt.printerjob" value="sun.print.PSPrinterJob"/>
    <property name="sun.os.patch.level" value="unknown"/>
    <property name="org.apache.ratis.thirdparty.io.netty.allocator.useCacheForAllThreads" value="false"/>
    <property name="hadoop.tmp.dir" value="/home/runner/work/ozone/ozone/hadoop-ozone/integration-test/target/tmp"/>
    <property name="java.library.path" value="/usr/java/packages/lib/amd64:/usr/lib64:/lib64:/lib:/usr/lib"/>
    <property name="java.vm.info" value="mixed mode"/>
    <property name="java.vendor" value="Temurin"/>
    <property name="java.vm.version" value="25.352-b08"/>
    <property name="java.specification.maintenance.version" value="4"/>
    <property name="java.ext.dirs" value="/usr/lib/jvm/temurin-8-jdk-amd64/jre/lib/ext:/usr/java/packages/lib/ext"/>
    <property name="sun.io.unicode.encoding" value="UnicodeLittle"/>
    <property name="java.class.version" value="52.0"/>
  </properties>
  <testcase name="testObjectStoreCreateWithO3fs" classname="org.apache.hadoop.fs.ozone.TestOzoneFSWithObjectStoreCreate" time="1.714">
    <failure type="java.lang.AssertionError"><![CDATA[java.lang.AssertionError: testObjectStoreCreateWithO3fs failed for Path/dir1
	at org.junit.Assert.fail(Assert.java:89)
	at org.apache.hadoop.fs.ozone.TestOzoneFSWithObjectStoreCreate.checkPath(TestOzoneFSWithObjectStoreCreate.java:461)
	at org.apache.hadoop.fs.ozone.TestOzoneFSWithObjectStoreCreate.testObjectStoreCreateWithO3fs(TestOzoneFSWithObjectStoreCreate.java:213)
	at sun.reflect.NativeMethodAccessorImpl.invoke0(Native Method)
	at sun.reflect.NativeMethodAccessorImpl.invoke(NativeMethodAccessorImpl.java:62)
	at sun.reflect.DelegatingMethodAccessorImpl.invoke(DelegatingMethodAccessorImpl.java:43)
	at java.lang.reflect.Method.invoke(Method.java:498)
	at org.junit.runners.model.FrameworkMethod$1.runReflectiveCall(FrameworkMethod.java:59)
	at org.junit.internal.runners.model.ReflectiveCallable.run(ReflectiveCallable.java:12)
	at org.junit.runners.model.FrameworkMethod.invokeExplosively(FrameworkMethod.java:56)
	at org.junit.internal.runners.statements.InvokeMethod.evaluate(InvokeMethod.java:17)
	at org.junit.internal.runners.statements.RunBefores.evaluate(RunBefores.java:26)
	at org.junit.internal.runners.statements.RunAfters.evaluate(RunAfters.java:27)
	at org.junit.internal.runners.statements.FailOnTimeout$CallableStatement.call(FailOnTimeout.java:288)
	at org.junit.internal.runners.statements.FailOnTimeout$CallableStatement.call(FailOnTimeout.java:282)
	at java.util.concurrent.FutureTask.run(FutureTask.java:266)
	at java.lang.Thread.run(Thread.java:750)
]]></failure>
    <system-out><![CDATA[2022-12-15 07:42:16,723 [main] WARN  server.ServerUtils (ServerUtils.java:getScmDbDir(148)) - ozone.scm.db.dirs is not configured. We recommend adding this setting. Falling back to ozone.metadata.dirs instead.
2022-12-15 07:42:16,844 [main] WARN  server.ServerUtils (ServerUtils.java:getScmDbDir(148)) - ozone.scm.db.dirs is not configured. We recommend adding this setting. Falling back to ozone.metadata.dirs instead.
2022-12-15 07:42:16,848 [main] INFO  ha.SCMHANodeDetails (SCMHANodeDetails.java:loadSCMHAConfig(209)) - ServiceID for StorageContainerManager is null
2022-12-15 07:42:16,870 [main] WARN  ha.SCMHANodeDetails (SCMHANodeDetails.java:validateSCMHAConfig(182)) - Invalid config ozone.scm.ratis.enable. The config was not specified, but the default value true conflicts with the expected config value false. Falling back to the expected value. Current State of SCM: SCM is running in Non-HA without Ratis Ratis SCM -> Non Ratis SCM or Non HA SCM -> HA SCM is not supported
2022-12-15 07:42:16,871 [main] INFO  ha.SCMHANodeDetails (SCMHANodeDetails.java:loadSCMHAConfig(214)) - ozone.scm.default.service.id is not defined, falling back to ozone.scm.service.ids to find serviceID for StorageContainerManager if it is HA enabled cluster
2022-12-15 07:42:17,308 [main] WARN  utils.HAUtils (HAUtils.java:getMetaDir(342)) - ozone.scm.db.dirs is not configured. We recommend adding this setting. Falling back to ozone.metadata.dirs instead.
2022-12-15 07:42:17,438 [main] WARN  db.DBStoreBuilder (DBStoreBuilder.java:applyDBDefinition(144)) - ozone.scm.db.dirs is not configured. We recommend adding this setting. Falling back to ozone.metadata.dirs instead.
2022-12-15 07:42:17,701 [main] INFO  net.NodeSchemaLoader (NodeSchemaLoader.java:loadSchemaFromFile(129)) - Loading schema from [jar:file:/home/runner/.m2/repository/org/apache/ozone/hdds-common/1.3.0-SNAPSHOT/hdds-common-1.3.0-SNAPSHOT.jar!/network-topology-default.xml]
2022-12-15 07:42:17,703 [main] INFO  net.NodeSchemaLoader (NodeSchemaLoader.java:loadSchema(176)) - Loading network topology layer schema file
2022-12-15 07:42:17,741 [main] INFO  metrics.MetricRegistries (MetricRegistriesLoader.java:load(64)) - Loaded MetricRegistries class org.apache.ratis.metrics.impl.MetricRegistriesImpl
2022-12-15 07:42:17,747 [main] INFO  upgrade.AbstractLayoutVersionManager (AbstractLayoutVersionManager.java:init(83)) - Initializing Layout version manager with metadata layout = DATANODE_SCHEMA_V3 (version = 4), software layout = DATANODE_SCHEMA_V3 (version = 4)
2022-12-15 07:42:17,979 [main] INFO  reflections.Reflections (Reflections.java:scan(232)) - Reflections took 151 ms to scan 7 urls, producing 140 keys and 342 values 
2022-12-15 07:42:18,088 [main] INFO  ha.SequenceIdGenerator (SequenceIdGenerator.java:upgradeToSequenceId(349)) - upgrade localId to 109611004723200000
2022-12-15 07:42:18,089 [main] INFO  ha.SequenceIdGenerator (SequenceIdGenerator.java:upgradeToSequenceId(359)) - upgrade delTxnId to 0
2022-12-15 07:42:18,097 [main] INFO  ha.SequenceIdGenerator (SequenceIdGenerator.java:upgradeToSequenceId(376)) - upgrade containerId to 0
2022-12-15 07:42:18,099 [main] INFO  ha.SequenceIdGenerator (SequenceIdGenerator.java:<init>(220)) - Init the HA SequenceIdGenerator.
2022-12-15 07:42:18,150 [main] WARN  server.ServerUtils (ServerUtils.java:sanitizeUserArgs(73)) - ozone.scm.stale.node.interval value = 300000 is larger than max = 100000 based on the key value of ozone.scm.heartbeat.thread.interval, reset to the max value 100000.
2022-12-15 07:42:18,150 [main] WARN  server.ServerUtils (ServerUtils.java:sanitizeUserArgs(73)) - ozone.scm.stale.node.interval value = 300000 is larger than max = 100000 based on the key value of ozone.scm.heartbeat.thread.interval, reset to the max value 100000.
2022-12-15 07:42:18,158 [main] INFO  node.SCMNodeManager (SCMNodeManager.java:<init>(149)) - Entering startup safe mode.
2022-12-15 07:42:18,226 [main] INFO  algorithms.ContainerPlacementPolicyFactory (ContainerPlacementPolicyFactory.java:getPolicyInternal(86)) - Create container placement policy of type org.apache.hadoop.hdds.scm.container.placement.algorithms.SCMContainerPlacementRandom
2022-12-15 07:42:18,238 [main] INFO  algorithms.ContainerPlacementPolicyFactory (ContainerPlacementPolicyFactory.java:getPolicyInternal(86)) - Create container placement policy of type org.apache.hadoop.hdds.scm.container.placement.algorithms.SCMContainerPlacementRackScatter
2022-12-15 07:42:18,246 [main] INFO  pipeline.PipelineStateManagerImpl (PipelineStateManagerImpl.java:initialize(78)) - No pipeline exists in current db
2022-12-15 07:42:18,283 [main] INFO  algorithms.LeaderChoosePolicyFactory (LeaderChoosePolicyFactory.java:getPolicy(57)) - Create leader choose policy of type org.apache.hadoop.hdds.scm.pipeline.leader.choose.algorithms.MinLeaderCountChoosePolicy
2022-12-15 07:42:18,284 [main] INFO  algorithms.ContainerPlacementPolicyFactory (ContainerPlacementPolicyFactory.java:getPolicyInternal(86)) - Create container placement policy of type org.apache.hadoop.hdds.scm.container.placement.algorithms.SCMContainerPlacementRackScatter
2022-12-15 07:42:18,291 [main] INFO  ha.SCMServiceManager (SCMServiceManager.java:register(42)) - Registering service BackgroundPipelineCreator.
2022-12-15 07:42:18,291 [main] INFO  pipeline.BackgroundPipelineCreator (BackgroundPipelineCreator.java:start(124)) - Starting RatisPipelineUtilsThread.
2022-12-15 07:42:18,296 [main] INFO  BackgroundPipelineScrubber (BackgroundSCMService.java:start(68)) - Starting BackgroundPipelineScrubber Service.
2022-12-15 07:42:18,305 [main] INFO  ha.SCMServiceManager (SCMServiceManager.java:register(42)) - Registering service BackgroundPipelineScrubber.
2022-12-15 07:42:18,316 [main] INFO  ExpiredContainerReplicaOpScrubber (BackgroundSCMService.java:start(68)) - Starting ExpiredContainerReplicaOpScrubber Service.
2022-12-15 07:42:18,316 [main] INFO  ha.SCMServiceManager (SCMServiceManager.java:register(42)) - Registering service ExpiredContainerReplicaOpScrubber.
2022-12-15 07:42:18,366 [main] INFO  algorithms.PipelineChoosePolicyFactory (PipelineChoosePolicyFactory.java:createPipelineChoosePolicyFromClass(73)) - Create pipeline choose policy of type org.apache.hadoop.hdds.scm.pipeline.choose.algorithms.RandomPipelineChoosePolicy
2022-12-15 07:42:18,387 [main] INFO  ha.SCMServiceManager (SCMServiceManager.java:register(42)) - Registering service SCMBlockDeletingService.
2022-12-15 07:42:18,441 [main] INFO  replication.ReplicationManager (ReplicationManager.java:start(258)) - Starting Replication Monitor Thread.
2022-12-15 07:42:18,449 [main] INFO  ha.SCMServiceManager (SCMServiceManager.java:register(42)) - Registering service ReplicationManager.
2022-12-15 07:42:18,453 [ReplicationMonitor] INFO  replication.ReplicationManager (ReplicationManager.java:processAll(327)) - Replication Manager is not ready to run until 3000ms after safemode exit
2022-12-15 07:42:18,461 [main] INFO  safemode.ContainerSafeModeRule (ContainerSafeModeRule.java:<init>(89)) - containers with one replica threshold count 0
2022-12-15 07:42:18,466 [main] INFO  safemode.HealthyPipelineSafeModeRule (HealthyPipelineSafeModeRule.java:initializeRule(169)) - Total pipeline count is 0, healthy pipeline threshold count is 1
2022-12-15 07:42:18,472 [main] INFO  safemode.OneReplicaPipelineSafeModeRule (OneReplicaPipelineSafeModeRule.java:initializeRule(180)) - Total pipeline count is 0, pipeline's with at least one datanode reported threshold count is 0
2022-12-15 07:42:18,783 [main] INFO  audit.AuditLogger (AuditLogger.java:refreshDebugCmdSet(126)) - Refresh DebugCmdSet for SCMAudit to [].
2022-12-15 07:42:18,812 [main] INFO  ipc.CallQueueManager (CallQueueManager.java:<init>(90)) - Using callQueue: class java.util.concurrent.LinkedBlockingQueue, queueCapacity: 2000, scheduler: class org.apache.hadoop.ipc.DefaultRpcScheduler, ipcBackoff: false.
2022-12-15 07:42:18,849 [Socket Reader #1 for port 0] INFO  ipc.Server (Server.java:run(1273)) - Starting Socket Reader #1 for port 0
2022-12-15 07:42:18,902 [Listener at 0.0.0.0/44865] INFO  audit.AuditLogger (AuditLogger.java:refreshDebugCmdSet(126)) - Refresh DebugCmdSet for SCMAudit to [].
2022-12-15 07:42:18,909 [Listener at 0.0.0.0/44865] INFO  ipc.CallQueueManager (CallQueueManager.java:<init>(90)) - Using callQueue: class java.util.concurrent.LinkedBlockingQueue, queueCapacity: 2000, scheduler: class org.apache.hadoop.ipc.DefaultRpcScheduler, ipcBackoff: false.
2022-12-15 07:42:18,912 [Socket Reader #1 for port 0] INFO  ipc.Server (Server.java:run(1273)) - Starting Socket Reader #1 for port 0
2022-12-15 07:42:18,944 [Listener at 0.0.0.0/36653] INFO  audit.AuditLogger (AuditLogger.java:refreshDebugCmdSet(126)) - Refresh DebugCmdSet for SCMAudit to [].
2022-12-15 07:42:18,954 [Listener at 0.0.0.0/36653] INFO  ipc.CallQueueManager (CallQueueManager.java:<init>(90)) - Using callQueue: class java.util.concurrent.LinkedBlockingQueue, queueCapacity: 2000, scheduler: class org.apache.hadoop.ipc.DefaultRpcScheduler, ipcBackoff: false.
2022-12-15 07:42:18,956 [Socket Reader #1 for port 0] INFO  ipc.Server (Server.java:run(1273)) - Starting Socket Reader #1 for port 0
2022-12-15 07:42:19,003 [Listener at 0.0.0.0/42899] INFO  ha.SCMServiceManager (SCMServiceManager.java:register(42)) - Registering service ContainerBalancer.
2022-12-15 07:42:19,006 [Listener at 0.0.0.0/42899] INFO  server.StorageContainerManager (StorageContainerManager.java:<init>(397)) - 
Container Balancer status:
Key                            Value
Running                        true
Container Balancer Configuration values:
Key                                                Value
Threshold                                          10
Max Datanodes to Involve per Iteration(percent)    20
Max Size to Move per Iteration                     500GB
Max Size Entering Target per Iteration             26GB
Max Size Leaving Source per Iteration              26GB

2022-12-15 07:42:19,010 [Listener at 0.0.0.0/42899] INFO  ha.SCMContext (SCMContext.java:updateSafeModeStatus(228)) - Update SafeModeStatus from SafeModeStatus{safeModeStatus=true, preCheckPassed=false} to SafeModeStatus{safeModeStatus=true, preCheckPassed=false}.
2022-12-15 07:42:19,015 [Listener at 0.0.0.0/42899] INFO  server.StorageContainerManager (StorageContainerManager.java:start(1419)) - StorageContainerLocationProtocol RPC server is listening at /0.0.0.0:42899
2022-12-15 07:42:19,094 [Listener at 0.0.0.0/42899] WARN  impl.MetricsConfig (MetricsConfig.java:loadFirst(136)) - Cannot locate configuration: tried hadoop-metrics2-storagecontainermanager.properties,hadoop-metrics2.properties
2022-12-15 07:42:19,106 [Listener at 0.0.0.0/42899] INFO  impl.MetricsSystemImpl (MetricsSystemImpl.java:startTimer(378)) - Scheduled Metric snapshot period at 10 second(s).
2022-12-15 07:42:19,106 [Listener at 0.0.0.0/42899] INFO  impl.MetricsSystemImpl (MetricsSystemImpl.java:start(191)) - StorageContainerManager metrics system started
2022-12-15 07:42:19,436 [Listener at 0.0.0.0/42899] INFO  server.SCMClientProtocolServer (SCMClientProtocolServer.java:start(170)) - RPC server for Client  is listening at /0.0.0.0:42899
2022-12-15 07:42:19,436 [IPC Server Responder] INFO  ipc.Server (Server.java:run(1512)) - IPC Server Responder: starting
2022-12-15 07:42:19,437 [IPC Server listener on 0] INFO  ipc.Server (Server.java:run(1352)) - IPC Server listener on 0: starting
2022-12-15 07:42:19,446 [Listener at 0.0.0.0/42899] INFO  server.StorageContainerManager (StorageContainerManager.java:start(1433)) - ScmBlockLocationProtocol RPC server is listening at /0.0.0.0:36653
2022-12-15 07:42:19,447 [Listener at 0.0.0.0/42899] INFO  server.SCMBlockProtocolServer (SCMBlockProtocolServer.java:start(152)) - RPC server for Block Protocol is listening at /0.0.0.0:36653
2022-12-15 07:42:19,447 [IPC Server Responder] INFO  ipc.Server (Server.java:run(1512)) - IPC Server Responder: starting
2022-12-15 07:42:19,447 [IPC Server listener on 0] INFO  ipc.Server (Server.java:run(1352)) - IPC Server listener on 0: starting
2022-12-15 07:42:19,450 [Listener at 0.0.0.0/42899] INFO  server.SCMDatanodeProtocolServer (SCMDatanodeProtocolServer.java:start(186)) - ScmDatanodeProtocol RPC server for DataNodes is listening at /0.0.0.0:44865
2022-12-15 07:42:19,451 [IPC Server Responder] INFO  ipc.Server (Server.java:run(1512)) - IPC Server Responder: starting
2022-12-15 07:42:19,451 [IPC Server listener on 0] INFO  ipc.Server (Server.java:run(1352)) - IPC Server listener on 0: starting
2022-12-15 07:42:19,470 [org.apache.hadoop.util.JvmPauseMonitor$Monitor@1a1e38ab] INFO  util.JvmPauseMonitor (JvmPauseMonitor.java:run(188)) - Starting JVM pause monitor
2022-12-15 07:42:19,482 [Listener at 0.0.0.0/42899] INFO  http.BaseHttpServer (BaseHttpServer.java:newHttpServer2BuilderForOzone(213)) - Starting Web-server for scm at: http://0.0.0.0:0
2022-12-15 07:42:19,483 [Listener at 0.0.0.0/42899] INFO  http.BaseHttpServer (BaseHttpServer.java:<init>(108)) - Hadoop Security Enabled: false Ozone Security Enabled: false Ozone HTTP Security Enabled: false 
2022-12-15 07:42:19,511 [Listener at 0.0.0.0/42899] INFO  util.log (Log.java:initialized(170)) - Logging initialized @4158ms to org.eclipse.jetty.util.log.Slf4jLog
2022-12-15 07:42:19,622 [Listener at 0.0.0.0/42899] WARN  server.AuthenticationFilter (AuthenticationFilter.java:constructSecretProvider(240)) - Unable to initialize FileSignerSecretProvider, falling back to use random secrets. Reason: Could not read signature secret file: /home/runner/hadoop-http-auth-signature-secret
2022-12-15 07:42:19,631 [Listener at 0.0.0.0/42899] WARN  http.HttpRequestLog (HttpRequestLog.java:getRequestLog(103)) - Jetty request log can only be enabled using Log4j
2022-12-15 07:42:19,638 [Listener at 0.0.0.0/42899] INFO  http.HttpServer2 (HttpServer2.java:addGlobalFilter(1031)) - Added global filter 'safety' (class=org.apache.hadoop.hdds.server.http.HttpServer2$QuotingInputFilter)
2022-12-15 07:42:19,640 [Listener at 0.0.0.0/42899] INFO  http.HttpServer2 (HttpServer2.java:addFilter(1007)) - Added filter static_user_filter (class=org.apache.hadoop.http.lib.StaticUserWebFilter$StaticUserFilter) to context scm
2022-12-15 07:42:19,640 [Listener at 0.0.0.0/42899] INFO  http.HttpServer2 (HttpServer2.java:addFilter(1015)) - Added filter static_user_filter (class=org.apache.hadoop.http.lib.StaticUserWebFilter$StaticUserFilter) to context static
2022-12-15 07:42:19,640 [Listener at 0.0.0.0/42899] INFO  http.HttpServer2 (HttpServer2.java:addFilter(1015)) - Added filter static_user_filter (class=org.apache.hadoop.http.lib.StaticUserWebFilter$StaticUserFilter) to context logs
2022-12-15 07:42:19,683 [Listener at 0.0.0.0/42899] INFO  http.HttpServer2 (HttpServer2.java:bindListener(1250)) - Jetty bound to port 34425
2022-12-15 07:42:19,685 [Listener at 0.0.0.0/42899] INFO  server.Server (Server.java:doStart(375)) - jetty-9.4.49.v20220914; built: 2022-09-14T01:07:36.601Z; git: 4231a3b2e4cb8548a412a789936d640a97b1aa0a; jvm 1.8.0_352-b08
2022-12-15 07:42:19,721 [Listener at 0.0.0.0/42899] INFO  server.session (DefaultSessionIdManager.java:doStart(334)) - DefaultSessionIdManager workerName=node0
2022-12-15 07:42:19,721 [Listener at 0.0.0.0/42899] INFO  server.session (DefaultSessionIdManager.java:doStart(339)) - No SessionScavenger set, using defaults
2022-12-15 07:42:19,723 [Listener at 0.0.0.0/42899] INFO  server.session (HouseKeeper.java:startScavenging(132)) - node0 Scavenging every 660000ms
2022-12-15 07:42:19,739 [Listener at 0.0.0.0/42899] INFO  handler.ContextHandler (ContextHandler.java:doStart(921)) - Started o.e.j.s.ServletContextHandler@56f19f36{logs,/logs,file:///home/runner/work/ozone/ozone/hadoop-ozone/integration-test/target/log,AVAILABLE}
2022-12-15 07:42:19,740 [Listener at 0.0.0.0/42899] INFO  handler.ContextHandler (ContextHandler.java:doStart(921)) - Started o.e.j.s.ServletContextHandler@16a15261{static,/static,file:///home/runner/work/ozone/ozone/hadoop-ozone/integration-test/target/test-classes/webapps/static,AVAILABLE}
2022-12-15 07:42:19,801 [Listener at 0.0.0.0/42899] INFO  handler.ContextHandler (ContextHandler.java:doStart(921)) - Started o.e.j.w.WebAppContext@208b8425{scm,/,file:///home/runner/work/ozone/ozone/hadoop-ozone/integration-test/target/test-classes/webapps/scm/,AVAILABLE}{file:/home/runner/work/ozone/ozone/hadoop-ozone/integration-test/target/test-classes/webapps/scm}
2022-12-15 07:42:19,815 [Listener at 0.0.0.0/42899] INFO  server.AbstractConnector (AbstractConnector.java:doStart(333)) - Started ServerConnector@54cce500{HTTP/1.1, (http/1.1)}{0.0.0.0:34425}
2022-12-15 07:42:19,815 [Listener at 0.0.0.0/42899] INFO  server.Server (Server.java:doStart(415)) - Started @4463ms
2022-12-15 07:42:19,818 [Listener at 0.0.0.0/42899] INFO  impl.MetricsSinkAdapter (MetricsSinkAdapter.java:start(204)) - Sink prometheus started
2022-12-15 07:42:19,818 [Listener at 0.0.0.0/42899] INFO  impl.MetricsSystemImpl (MetricsSystemImpl.java:registerSink(305)) - Registered sink prometheus
2022-12-15 07:42:19,819 [Listener at 0.0.0.0/42899] INFO  http.BaseHttpServer (BaseHttpServer.java:updateConnectorAddress(333)) - HTTP server of scm listening at http://0.0.0.0:34425
2022-12-15 07:42:19,822 [Listener at 0.0.0.0/42899] WARN  server.ServerUtils (ServerUtils.java:getDBPath(225)) - ozone.om.db.dirs is not configured. We recommend adding this setting. Falling back to ozone.metadata.dirs instead.
2022-12-15 07:42:19,883 [Listener at 0.0.0.0/42899] INFO  audit.AuditLogger (AuditLogger.java:refreshDebugCmdSet(126)) - Refresh DebugCmdSet for OMAudit to [].
2022-12-15 07:42:19,978 [Listener at 0.0.0.0/42899] INFO  ha.OMHANodeDetails (OMHANodeDetails.java:loadOMHAConfig(115)) - ozone.om.internal.service.id is not defined, falling back to ozone.om.service.ids to find serviceID for OzoneManager if it is HA enabled cluster
2022-12-15 07:42:19,983 [Listener at 0.0.0.0/42899] INFO  ha.OMHANodeDetails (OMHANodeDetails.java:loadOMHAConfig(226)) - Configuration does not have ozone.om.address set. Falling back to the default OM address /127.0.0.1:0
2022-12-15 07:42:19,983 [Listener at 0.0.0.0/42899] INFO  ha.OMHANodeDetails (OMHANodeDetails.java:getOMNodeDetailsForNonHA(254)) - OM Service ID is not set. Setting it to the default ID: omServiceIdDefault
2022-12-15 07:42:19,984 [Listener at 0.0.0.0/42899] INFO  ha.OMHANodeDetails (OMHANodeDetails.java:getOMNodeDetailsForNonHA(261)) - OM Node ID is not set. Setting it to the default ID: om1
2022-12-15 07:42:19,989 [Listener at 0.0.0.0/42899] WARN  server.ServerUtils (ServerUtils.java:getDBPath(225)) - ozone.om.db.dirs is not configured. We recommend adding this setting. Falling back to ozone.metadata.dirs instead.
2022-12-15 07:42:19,991 [Listener at 0.0.0.0/42899] INFO  upgrade.AbstractLayoutVersionManager (AbstractLayoutVersionManager.java:init(83)) - Initializing Layout version manager with metadata layout = MULTITENANCY_SCHEMA (version = 3), software layout = MULTITENANCY_SCHEMA (version = 3)
2022-12-15 07:42:20,107 [Listener at 0.0.0.0/42899] INFO  reflections.Reflections (Reflections.java:scan(232)) - Reflections took 110 ms to scan 2 urls, producing 154 keys and 428 values [using 2 cores]
2022-12-15 07:42:20,111 [Listener at 0.0.0.0/42899] INFO  upgrade.OMLayoutVersionManager (OMLayoutVersionManager.java:lambda$0(115)) - Skipping Upgrade Action MockOmUpgradeAction since it has been finalized.
2022-12-15 07:42:20,113 [Listener at 0.0.0.0/42899] WARN  server.ServerUtils (ServerUtils.java:getDBPath(225)) - ozone.om.db.dirs is not configured. We recommend adding this setting. Falling back to ozone.metadata.dirs instead.
2022-12-15 07:42:20,277 [Listener at 0.0.0.0/42899] INFO  proxy.SCMBlockLocationFailoverProxyProvider (SCMBlockLocationFailoverProxyProvider.java:<init>(114)) - Created block location fail-over proxy with 1 nodes: [nodeId=scmNodeId,nodeAddress=/0.0.0.0:36653]
2022-12-15 07:42:20,310 [Listener at 0.0.0.0/42899] INFO  proxy.SCMBlockLocationFailoverProxyProvider (SCMBlockLocationFailoverProxyProvider.java:<init>(114)) - Created block location fail-over proxy with 1 nodes: [nodeId=scmNodeId,nodeAddress=/0.0.0.0:36653]
2022-12-15 07:42:20,515 [Listener at 0.0.0.0/42899] WARN  server.ServerUtils (ServerUtils.java:getDBPath(225)) - ozone.om.db.dirs is not configured. We recommend adding this setting. Falling back to ozone.metadata.dirs instead.
2022-12-15 07:42:20,522 [Listener at 0.0.0.0/42899] INFO  codec.OmKeyInfoCodec (OmKeyInfoCodec.java:<init>(49)) - OmKeyInfoCodec ignorePipeline = true
2022-12-15 07:42:20,523 [Listener at 0.0.0.0/42899] INFO  codec.RepeatedOmKeyInfoCodec (RepeatedOmKeyInfoCodec.java:<init>(41)) - RepeatedOmKeyInfoCodec ignorePipeline = true
2022-12-15 07:42:20,695 [Listener at 0.0.0.0/42899] INFO  om.OzoneManager (OzoneManager.java:instantiateServices(715)) - S3 Multi-Tenancy is disabled
2022-12-15 07:42:20,782 [Listener at 0.0.0.0/42899] INFO  om.OzoneManager (OzoneManager.java:addS3GVolumeToDB(4400)) - Created Volume s3v With Owner runner required for S3Gateway operations.
2022-12-15 07:42:20,860 [Listener at 0.0.0.0/42899] WARN  server.ServerUtils (ServerUtils.java:getDefaultRatisDirectory(237)) - Storage directory for Ratis is not configured. It is a good idea to map this to an SSD disk. Falling back to ozone.metadata.dirs
2022-12-15 07:42:20,861 [Listener at 0.0.0.0/42899] WARN  utils.OzoneManagerRatisUtils (OzoneManagerRatisUtils.java:getOMRatisSnapshotDirectory(434)) - ozone.om.ratis.snapshot.dir is not configured. Falling back to ozone.metadata.dirs config
2022-12-15 07:42:20,882 [Listener at 0.0.0.0/42899] WARN  server.ServerUtils (ServerUtils.java:getDefaultRatisDirectory(237)) - Storage directory for Ratis is not configured. It is a good idea to map this to an SSD disk. Falling back to ozone.metadata.dirs
2022-12-15 07:42:20,913 [Listener at 0.0.0.0/42899] INFO  ratis.OzoneManagerRatisServer (OzoneManagerRatisServer.java:<init>(160)) - Instantiating OM Ratis server with groupID: omServiceIdDefault and peers: localhost:9872
2022-12-15 07:42:20,923 [Listener at 0.0.0.0/42899] INFO  ratis.OzoneManagerStateMachine (OzoneManagerStateMachine.java:loadSnapshotInfoFromDB(636)) - LastAppliedIndex is set from TransactionInfo from OM DB as (t:0, i:~)
2022-12-15 07:42:20,983 [Listener at 0.0.0.0/42899] INFO  server.RaftServer (ConfUtils.java:logGet(46)) - raft.rpc.type = GRPC (default)
2022-12-15 07:42:21,077 [Listener at 0.0.0.0/42899] INFO  grpc.GrpcConfigKeys (ConfUtils.java:logFallback(53)) - raft.grpc.admin.host = null (fallback to raft.grpc.server.host)
2022-12-15 07:42:21,078 [Listener at 0.0.0.0/42899] INFO  grpc.GrpcConfigKeys (ConfUtils.java:logFallback(53)) - raft.grpc.admin.port = 9872 (fallback to raft.grpc.server.port)
2022-12-15 07:42:21,079 [Listener at 0.0.0.0/42899] INFO  grpc.GrpcConfigKeys (ConfUtils.java:logFallback(53)) - raft.grpc.client.host = null (fallback to raft.grpc.server.host)
2022-12-15 07:42:21,079 [Listener at 0.0.0.0/42899] INFO  grpc.GrpcConfigKeys (ConfUtils.java:logFallback(53)) - raft.grpc.client.port = 9872 (fallback to raft.grpc.server.port)
2022-12-15 07:42:21,080 [Listener at 0.0.0.0/42899] INFO  grpc.GrpcConfigKeys (ConfUtils.java:logGet(46)) - raft.grpc.server.host = null (default)
2022-12-15 07:42:21,080 [Listener at 0.0.0.0/42899] INFO  grpc.GrpcConfigKeys (ConfUtils.java:logGet(46)) - raft.grpc.server.port = 9872 (custom)
2022-12-15 07:42:21,080 [Listener at 0.0.0.0/42899] INFO  server.GrpcService (ConfUtils.java:logGet(46)) - raft.grpc.message.size.max = 33554432 (custom)
2022-12-15 07:42:21,082 [Listener at 0.0.0.0/42899] INFO  server.RaftServerConfigKeys (ConfUtils.java:logGet(46)) - raft.server.log.appender.buffer.byte-limit = 33554432 (custom)
2022-12-15 07:42:21,082 [Listener at 0.0.0.0/42899] INFO  server.GrpcService (ConfUtils.java:logGet(46)) - raft.grpc.flow.control.window = 1MB (=1048576) (default)
2022-12-15 07:42:21,083 [Listener at 0.0.0.0/42899] INFO  server.RaftServerConfigKeys (ConfUtils.java:logGet(46)) - raft.server.rpc.request.timeout = 3000ms (default)
2022-12-15 07:42:21,100 [Listener at 0.0.0.0/42899] INFO  grpc.GrpcConfigKeys (ConfUtils.java:logGet(46)) - raft.grpc.server.heartbeat.channel = true (default)
2022-12-15 07:42:21,103 [Listener at 0.0.0.0/42899] INFO  grpc.GrpcConfigKeys (ConfUtils.java:logGet(46)) - raft.grpc.server.async.request.thread.pool.cached = true (default)
2022-12-15 07:42:21,104 [Listener at 0.0.0.0/42899] INFO  grpc.GrpcConfigKeys (ConfUtils.java:logGet(46)) - raft.grpc.server.async.request.thread.pool.size = 32 (default)
2022-12-15 07:42:21,431 [Listener at 0.0.0.0/42899] INFO  impl.DataStreamServerImpl (ConfUtils.java:logGet(46)) - raft.datastream.type = DISABLED (default)
2022-12-15 07:42:21,436 [Listener at 0.0.0.0/42899] INFO  server.RaftServerConfigKeys (ConfUtils.java:logGet(46)) - raft.server.threadpool.proxy.cached = true (default)
2022-12-15 07:42:21,436 [Listener at 0.0.0.0/42899] INFO  server.RaftServerConfigKeys (ConfUtils.java:logGet(46)) - raft.server.threadpool.proxy.size = 0 (default)
2022-12-15 07:42:21,437 [Listener at 0.0.0.0/42899] INFO  server.RaftServerConfigKeys (ConfUtils.java:logGet(46)) - raft.server.rpc.slowness.timeout = 120s (custom)
2022-12-15 07:42:21,439 [Listener at 0.0.0.0/42899] INFO  server.RaftServerConfigKeys (ConfUtils.java:logGet(46)) - raft.server.leaderelection.leader.step-down.wait-time = 10s (default)
2022-12-15 07:42:21,443 [Listener at 0.0.0.0/42899] INFO  server.RaftServerConfigKeys (ConfUtils.java:logGet(46)) - raft.server.storage.dir = [/home/runner/work/ozone/ozone/hadoop-ozone/integration-test/target/test-dir/MiniOzoneClusterImpl-e2b6c327-26bc-4f08-8023-c1f86063ce68/ozone-meta/ratis] (custom)
2022-12-15 07:42:21,451 [Listener at 0.0.0.0/42899] INFO  server.RaftServer (RaftServerProxy.java:addNew(96)) - om1: addNew group-C5BA1605619E:[om1|rpc:localhost:9872|priority:0|startupRole:FOLLOWER] returns group-C5BA1605619E:java.util.concurrent.CompletableFuture@48c7773[Not completed]
2022-12-15 07:42:21,451 [Listener at 0.0.0.0/42899] INFO  om.OzoneManager (OzoneManager.java:initializeRatisServer(1977)) - OzoneManager Ratis server initialized at port 9872
2022-12-15 07:42:21,473 [Listener at 0.0.0.0/42899] INFO  om.OzoneManager (OzoneManager.java:getRpcServer(1104)) - Creating RPC Server
2022-12-15 07:42:21,492 [pool-54-thread-1] INFO  server.RaftServer$Division (RaftServerImpl.java:<init>(195)) - om1: new RaftServerImpl for group-C5BA1605619E:[om1|rpc:localhost:9872|priority:0|startupRole:FOLLOWER] with OzoneManagerStateMachine:uninitialized
2022-12-15 07:42:21,498 [pool-54-thread-1] INFO  server.RaftServerConfigKeys (ConfUtils.java:logGet(46)) - raft.server.rpc.timeout.min = 1s (custom)
2022-12-15 07:42:21,499 [pool-54-thread-1] INFO  server.RaftServerConfigKeys (ConfUtils.java:logGet(46)) - raft.server.rpc.timeout.max = 1200ms (custom)
2022-12-15 07:42:21,499 [pool-54-thread-1] INFO  server.RaftServerConfigKeys (ConfUtils.java:logGet(46)) - raft.server.rpc.sleep.time = 25ms (default)
2022-12-15 07:42:21,500 [pool-54-thread-1] INFO  server.RaftServerConfigKeys (ConfUtils.java:logGet(46)) - raft.server.rpc.slowness.timeout = 120s (custom)
2022-12-15 07:42:21,500 [pool-54-thread-1] INFO  server.RaftServerConfigKeys (ConfUtils.java:logGet(46)) - raft.server.leaderelection.leader.step-down.wait-time = 10s (default)
2022-12-15 07:42:21,500 [pool-54-thread-1] INFO  server.RaftServerConfigKeys (ConfUtils.java:logGet(46)) - raft.server.sleep.deviation.threshold = 300ms (default)
2022-12-15 07:42:21,511 [pool-54-thread-1] INFO  server.RaftServer$Division (ServerState.java:<init>(118)) - om1@group-C5BA1605619E: ConfigurationManager, init=-1: peers:[om1|rpc:localhost:9872|priority:0|startupRole:FOLLOWER]|listeners:[], old=null, confs=<EMPTY_MAP>
2022-12-15 07:42:21,511 [pool-54-thread-1] INFO  server.RaftServerConfigKeys (ConfUtils.java:logGet(46)) - raft.server.storage.dir = [/home/runner/work/ozone/ozone/hadoop-ozone/integration-test/target/test-dir/MiniOzoneClusterImpl-e2b6c327-26bc-4f08-8023-c1f86063ce68/ozone-meta/ratis] (custom)
2022-12-15 07:42:21,523 [pool-54-thread-1] INFO  server.RaftServerConfigKeys (ConfUtils.java:logGet(46)) - raft.server.log.corruption.policy = EXCEPTION (default)
2022-12-15 07:42:21,525 [pool-54-thread-1] INFO  server.RaftServerConfigKeys (ConfUtils.java:logGet(46)) - raft.server.storage.free-space.min = 0MB (=0) (default)
2022-12-15 07:42:21,546 [pool-54-thread-1] INFO  server.RaftServerConfigKeys (ConfUtils.java:logGet(46)) - raft.server.notification.no-leader.timeout = 120s (custom)
2022-12-15 07:42:21,553 [pool-54-thread-1] INFO  server.RaftServerConfigKeys (ConfUtils.java:logGet(46)) - raft.server.retrycache.expirytime = 300s (custom)
2022-12-15 07:42:21,553 [pool-54-thread-1] INFO  server.RaftServerConfigKeys (ConfUtils.java:logGet(46)) - raft.server.retrycache.statistics.expirytime = 100μs (default)
2022-12-15 07:42:21,787 [pool-54-thread-1] INFO  server.RaftServerConfigKeys (ConfUtils.java:logGet(46)) - raft.server.log.appender.install.snapshot.enabled = false (custom)
2022-12-15 07:42:21,790 [pool-54-thread-1] INFO  server.RaftServerConfigKeys (ConfUtils.java:logGet(46)) - raft.server.threadpool.server.cached = true (default)
2022-12-15 07:42:21,790 [pool-54-thread-1] INFO  server.RaftServerConfigKeys (ConfUtils.java:logGet(46)) - raft.server.threadpool.server.size = 0 (default)
2022-12-15 07:42:21,793 [pool-54-thread-1] INFO  server.RaftServerConfigKeys (ConfUtils.java:logGet(46)) - raft.server.threadpool.client.cached = true (default)
2022-12-15 07:42:21,795 [pool-54-thread-1] INFO  server.RaftServerConfigKeys (ConfUtils.java:logGet(46)) - raft.server.threadpool.client.size = 0 (default)
2022-12-15 07:42:22,249 [Listener at 0.0.0.0/42899] INFO  reflections.Reflections (Reflections.java:scan(232)) - Reflections took 685 ms to scan 19 urls, producing 67 keys and 4447 values [using 2 cores]
2022-12-15 07:42:22,610 [Listener at 0.0.0.0/42899] INFO  ipc.CallQueueManager (CallQueueManager.java:<init>(90)) - Using callQueue: class java.util.concurrent.LinkedBlockingQueue, queueCapacity: 2000, scheduler: class org.apache.hadoop.ipc.DefaultRpcScheduler, ipcBackoff: false.
2022-12-15 07:42:22,613 [Socket Reader #1 for port 0] INFO  ipc.Server (Server.java:run(1273)) - Starting Socket Reader #1 for port 0
2022-12-15 07:42:22,659 [Listener at 127.0.0.1/43229] INFO  impl.MetricsSystemImpl (MetricsSystemImpl.java:init(158)) - OzoneManager metrics system started (again)
2022-12-15 07:42:22,672 [Listener at 127.0.0.1/43229] INFO  om.OzoneManager (OzoneManager.java:start(1484)) - OzoneManager RPC server is listening at localhost/127.0.0.1:43229
2022-12-15 07:42:22,672 [Listener at 127.0.0.1/43229] INFO  ratis.OzoneManagerRatisServer (OzoneManagerRatisServer.java:start(555)) - Starting OzoneManagerRatisServer om1 at port 9872
2022-12-15 07:42:22,676 [om1-impl-thread1] INFO  storage.RaftStorageDirectory (RaftStorageDirectoryImpl.java:analyzeStorage(137)) - The storage directory /home/runner/work/ozone/ozone/hadoop-ozone/integration-test/target/test-dir/MiniOzoneClusterImpl-e2b6c327-26bc-4f08-8023-c1f86063ce68/ozone-meta/ratis/bf265839-605b-3f16-9796-c5ba1605619e does not exist. Creating ...
2022-12-15 07:42:22,680 [om1-impl-thread1] INFO  storage.RaftStorageDirectory (RaftStorageDirectoryImpl.java:tryLock(231)) - Lock on /home/runner/work/ozone/ozone/hadoop-ozone/integration-test/target/test-dir/MiniOzoneClusterImpl-e2b6c327-26bc-4f08-8023-c1f86063ce68/ozone-meta/ratis/bf265839-605b-3f16-9796-c5ba1605619e/in_use.lock acquired by nodename 56908@fv-az127-938
2022-12-15 07:42:22,686 [om1-impl-thread1] INFO  storage.RaftStorage (RaftStorageImpl.java:format(96)) - Storage directory /home/runner/work/ozone/ozone/hadoop-ozone/integration-test/target/test-dir/MiniOzoneClusterImpl-e2b6c327-26bc-4f08-8023-c1f86063ce68/ozone-meta/ratis/bf265839-605b-3f16-9796-c5ba1605619e has been successfully formatted.
2022-12-15 07:42:22,688 [om1-impl-thread1] INFO  server.RaftServerConfigKeys (ConfUtils.java:logGet(46)) - raft.server.log.use.memory = false (default)
2022-12-15 07:42:22,696 [om1-impl-thread1] INFO  server.RaftServerConfigKeys (ConfUtils.java:logGet(46)) - raft.server.log.purge.gap = 1000000 (custom)
2022-12-15 07:42:22,696 [om1-impl-thread1] INFO  server.RaftServerConfigKeys (ConfUtils.java:logGet(46)) - raft.server.log.appender.buffer.byte-limit = 33554432 (custom)
2022-12-15 07:42:22,698 [om1-impl-thread1] INFO  server.RaftServerConfigKeys (ConfUtils.java:logGet(46)) - raft.server.log.statemachine.data.read.timeout = 1000ms (default)
2022-12-15 07:42:22,699 [om1-impl-thread1] INFO  server.RaftServerConfigKeys (ConfUtils.java:logGet(46)) - raft.server.log.purge.preservation.log.num = 0 (default)
2022-12-15 07:42:22,701 [om1-impl-thread1] INFO  server.RaftServerConfigKeys (ConfUtils.java:logGet(46)) - raft.server.log.segment.size.max = 4194304 (custom)
2022-12-15 07:42:22,707 [om1-impl-thread1] INFO  server.RaftServerConfigKeys (ConfUtils.java:logGet(46)) - raft.server.log.segment.cache.num.max = 2 (custom)
2022-12-15 07:42:22,707 [om1-impl-thread1] INFO  server.RaftServerConfigKeys (ConfUtils.java:logGet(46)) - raft.server.log.segment.cache.size.max = 200MB (=209715200) (default)
2022-12-15 07:42:22,713 [om1-impl-thread1] INFO  segmented.SegmentedRaftLogWorker (SegmentedRaftLogWorker.java:<init>(189)) - new om1@group-C5BA1605619E-SegmentedRaftLogWorker for RaftStorageImpl:Storage Directory /home/runner/work/ozone/ozone/hadoop-ozone/integration-test/target/test-dir/MiniOzoneClusterImpl-e2b6c327-26bc-4f08-8023-c1f86063ce68/ozone-meta/ratis/bf265839-605b-3f16-9796-c5ba1605619e
2022-12-15 07:42:22,713 [om1-impl-thread1] INFO  server.RaftServerConfigKeys (ConfUtils.java:logGet(46)) - raft.server.log.queue.byte-limit = 64MB (=67108864) (default)
2022-12-15 07:42:22,714 [om1-impl-thread1] INFO  server.RaftServerConfigKeys (ConfUtils.java:logGet(46)) - raft.server.log.queue.element-limit = 4096 (default)
2022-12-15 07:42:22,715 [om1-impl-thread1] INFO  server.RaftServerConfigKeys (ConfUtils.java:logGet(46)) - raft.server.log.segment.size.max = 4194304 (custom)
2022-12-15 07:42:22,715 [om1-impl-thread1] INFO  server.RaftServerConfigKeys (ConfUtils.java:logGet(46)) - raft.server.log.preallocated.size = 4194304 (custom)
2022-12-15 07:42:22,715 [om1-impl-thread1] INFO  server.RaftServerConfigKeys (ConfUtils.java:logGet(46)) - raft.server.log.force.sync.num = 128 (default)
2022-12-15 07:42:22,716 [om1-impl-thread1] INFO  server.RaftServerConfigKeys (ConfUtils.java:logGet(46)) - raft.server.log.statemachine.data.sync = true (default)
2022-12-15 07:42:22,716 [om1-impl-thread1] INFO  server.RaftServerConfigKeys (ConfUtils.java:logGet(46)) - raft.server.log.statemachine.data.sync.timeout = 10s (default)
2022-12-15 07:42:22,717 [om1-impl-thread1] INFO  server.RaftServerConfigKeys (ConfUtils.java:logGet(46)) - raft.server.log.statemachine.data.sync.timeout.retry = -1 (default)
2022-12-15 07:42:22,725 [om1-impl-thread1] INFO  server.RaftServerConfigKeys (ConfUtils.java:logGet(46)) - raft.server.log.write.buffer.size = 64KB (=65536) (default)
2022-12-15 07:42:22,725 [om1-impl-thread1] INFO  server.RaftServerConfigKeys (ConfUtils.java:logGet(46)) - raft.server.log.appender.buffer.byte-limit = 33554432 (custom)
2022-12-15 07:42:22,730 [om1-impl-thread1] INFO  server.RaftServerConfigKeys (ConfUtils.java:logGet(46)) - raft.server.log.unsafe-flush.enabled = false (default)
2022-12-15 07:42:22,731 [om1-impl-thread1] INFO  server.RaftServerConfigKeys (ConfUtils.java:logGet(46)) - raft.server.log.async-flush.enabled = false (default)
2022-12-15 07:42:22,731 [om1-impl-thread1] INFO  server.RaftServerConfigKeys (ConfUtils.java:logGet(46)) - raft.server.log.statemachine.data.caching.enabled = false (default)
2022-12-15 07:42:22,738 [om1-impl-thread1] INFO  segmented.SegmentedRaftLogWorker (SegmentedRaftLogWorker.java:lambda$new$0(135)) - om1@group-C5BA1605619E-SegmentedRaftLogWorker: flushIndex: setUnconditionally 0 -> -1
2022-12-15 07:42:22,738 [om1-impl-thread1] INFO  segmented.SegmentedRaftLogWorker (SegmentedRaftLogWorker.java:lambda$new$0(135)) - om1@group-C5BA1605619E-SegmentedRaftLogWorker: safeCacheEvictIndex: setUnconditionally 0 -> -1
2022-12-15 07:42:22,739 [om1-impl-thread1] INFO  server.RaftServer$Division (RaftServerImpl.java:start(334)) - om1@group-C5BA1605619E: start as a follower, conf=-1: peers:[om1|rpc:localhost:9872|priority:0|startupRole:FOLLOWER]|listeners:[], old=null
2022-12-15 07:42:22,740 [om1-impl-thread1] INFO  server.RaftServer$Division (RaftServerImpl.java:setRole(321)) - om1@group-C5BA1605619E: changes role from      null to FOLLOWER at term 0 for startAsFollower
2022-12-15 07:42:22,742 [om1-impl-thread1] INFO  impl.RoleInfo (RoleInfo.java:updateAndGet(139)) - om1: start om1@group-C5BA1605619E-FollowerState
2022-12-15 07:42:22,746 [om1-impl-thread1] INFO  util.JmxRegister (JmxRegister.java:tryRegister(44)) - Successfully registered JMX Bean with object name Ratis:service=RaftServer,group=group-C5BA1605619E,id=om1
2022-12-15 07:42:22,748 [om1-impl-thread1] INFO  server.RaftServerConfigKeys (ConfUtils.java:logGet(46)) - raft.server.snapshot.auto.trigger.enabled = true (custom)
2022-12-15 07:42:22,748 [om1-impl-thread1] INFO  server.RaftServerConfigKeys (ConfUtils.java:logGet(46)) - raft.server.snapshot.auto.trigger.threshold = 400000 (default)
2022-12-15 07:42:22,748 [om1-impl-thread1] INFO  server.RaftServerConfigKeys (ConfUtils.java:logGet(46)) - raft.server.snapshot.retention.file.num = -1 (default)
2022-12-15 07:42:22,749 [om1-impl-thread1] INFO  server.RaftServerConfigKeys (ConfUtils.java:logGet(46)) - raft.server.log.purge.upto.snapshot.index = true (custom)
2022-12-15 07:42:22,752 [om1@group-C5BA1605619E-FollowerState] INFO  server.RaftServerConfigKeys (ConfUtils.java:logFallback(53)) - raft.server.rpc.first-election.timeout.min = 1s (fallback to raft.server.rpc.timeout.min)
2022-12-15 07:42:22,752 [om1@group-C5BA1605619E-FollowerState] INFO  server.RaftServerConfigKeys (ConfUtils.java:logFallback(53)) - raft.server.rpc.first-election.timeout.max = 1200ms (fallback to raft.server.rpc.timeout.max)
2022-12-15 07:42:22,752 [Listener at 127.0.0.1/43229] INFO  server.RaftServer (RaftServerProxy.java:startImpl(393)) - om1: start RPC server
2022-12-15 07:42:22,818 [Listener at 127.0.0.1/43229] INFO  server.GrpcService (GrpcService.java:startImpl(262)) - om1: GrpcService started, listening on 9872
2022-12-15 07:42:22,820 [Listener at 127.0.0.1/43229] INFO  om.OzoneManager (OzoneManager.java:start(1500)) - Version File has different layout version (3) than OM DB (null). That is expected if this OM has never been finalized to a newer layout version.
2022-12-15 07:42:22,822 [JvmPauseMonitor0] INFO  util.JvmPauseMonitor (JvmPauseMonitor.java:run(105)) - JvmPauseMonitor-om1: Started
2022-12-15 07:42:22,839 [Listener at 127.0.0.1/43229] INFO  http.BaseHttpServer (BaseHttpServer.java:newHttpServer2BuilderForOzone(213)) - Starting Web-server for ozoneManager at: http://0.0.0.0:0
2022-12-15 07:42:22,839 [Listener at 127.0.0.1/43229] INFO  http.BaseHttpServer (BaseHttpServer.java:<init>(108)) - Hadoop Security Enabled: false Ozone Security Enabled: false Ozone HTTP Security Enabled: false 
2022-12-15 07:42:22,841 [Listener at 127.0.0.1/43229] WARN  server.AuthenticationFilter (AuthenticationFilter.java:constructSecretProvider(240)) - Unable to initialize FileSignerSecretProvider, falling back to use random secrets. Reason: Could not read signature secret file: /home/runner/hadoop-http-auth-signature-secret
2022-12-15 07:42:22,843 [Listener at 127.0.0.1/43229] WARN  http.HttpRequestLog (HttpRequestLog.java:getRequestLog(103)) - Jetty request log can only be enabled using Log4j
2022-12-15 07:42:22,845 [Listener at 127.0.0.1/43229] INFO  http.HttpServer2 (HttpServer2.java:addGlobalFilter(1031)) - Added global filter 'safety' (class=org.apache.hadoop.hdds.server.http.HttpServer2$QuotingInputFilter)
2022-12-15 07:42:22,847 [Listener at 127.0.0.1/43229] INFO  http.HttpServer2 (HttpServer2.java:addFilter(1007)) - Added filter static_user_filter (class=org.apache.hadoop.http.lib.StaticUserWebFilter$StaticUserFilter) to context ozoneManager
2022-12-15 07:42:22,847 [Listener at 127.0.0.1/43229] INFO  http.HttpServer2 (HttpServer2.java:addFilter(1015)) - Added filter static_user_filter (class=org.apache.hadoop.http.lib.StaticUserWebFilter$StaticUserFilter) to context logs
2022-12-15 07:42:22,849 [Listener at 127.0.0.1/43229] INFO  http.HttpServer2 (HttpServer2.java:addFilter(1015)) - Added filter static_user_filter (class=org.apache.hadoop.http.lib.StaticUserWebFilter$StaticUserFilter) to context static
2022-12-15 07:42:22,853 [Listener at 127.0.0.1/43229] INFO  http.HttpServer2 (HttpServer2.java:bindListener(1250)) - Jetty bound to port 42973
2022-12-15 07:42:22,853 [Listener at 127.0.0.1/43229] INFO  server.Server (Server.java:doStart(375)) - jetty-9.4.49.v20220914; built: 2022-09-14T01:07:36.601Z; git: 4231a3b2e4cb8548a412a789936d640a97b1aa0a; jvm 1.8.0_352-b08
2022-12-15 07:42:22,855 [Listener at 127.0.0.1/43229] INFO  server.session (DefaultSessionIdManager.java:doStart(334)) - DefaultSessionIdManager workerName=node0
2022-12-15 07:42:22,855 [Listener at 127.0.0.1/43229] INFO  server.session (DefaultSessionIdManager.java:doStart(339)) - No SessionScavenger set, using defaults
2022-12-15 07:42:22,855 [Listener at 127.0.0.1/43229] INFO  server.session (HouseKeeper.java:startScavenging(132)) - node0 Scavenging every 600000ms
2022-12-15 07:42:22,856 [Listener at 127.0.0.1/43229] INFO  handler.ContextHandler (ContextHandler.java:doStart(921)) - Started o.e.j.s.ServletContextHandler@751e632a{logs,/logs,file:///home/runner/work/ozone/ozone/hadoop-ozone/integration-test/target/log,AVAILABLE}
2022-12-15 07:42:22,856 [Listener at 127.0.0.1/43229] INFO  handler.ContextHandler (ContextHandler.java:doStart(921)) - Started o.e.j.s.ServletContextHandler@28062c6a{static,/static,file:///home/runner/work/ozone/ozone/hadoop-ozone/integration-test/target/test-classes/webapps/static,AVAILABLE}
2022-12-15 07:42:22,860 [Listener at 127.0.0.1/43229] INFO  handler.ContextHandler (ContextHandler.java:doStart(921)) - Started o.e.j.w.WebAppContext@1b904438{ozoneManager,/,file:///home/runner/work/ozone/ozone/hadoop-ozone/integration-test/target/test-classes/webapps/ozoneManager/,AVAILABLE}{file:/home/runner/work/ozone/ozone/hadoop-ozone/integration-test/target/test-classes/webapps/ozoneManager}
2022-12-15 07:42:22,869 [Listener at 127.0.0.1/43229] INFO  server.AbstractConnector (AbstractConnector.java:doStart(333)) - Started ServerConnector@38cd4134{HTTP/1.1, (http/1.1)}{0.0.0.0:42973}
2022-12-15 07:42:22,869 [Listener at 127.0.0.1/43229] INFO  server.Server (Server.java:doStart(415)) - Started @7517ms
2022-12-15 07:42:22,869 [Listener at 127.0.0.1/43229] WARN  impl.MetricsSystemImpl (MetricsSystemImpl.java:register(279)) - Sink prometheus already exists!
2022-12-15 07:42:22,871 [Listener at 127.0.0.1/43229] INFO  http.BaseHttpServer (BaseHttpServer.java:updateConnectorAddress(333)) - HTTP server of ozoneManager listening at http://0.0.0.0:42973
2022-12-15 07:42:22,872 [IPC Server Responder] INFO  ipc.Server (Server.java:run(1512)) - IPC Server Responder: starting
2022-12-15 07:42:22,872 [IPC Server listener on 0] INFO  ipc.Server (Server.java:run(1352)) - IPC Server listener on 0: starting
2022-12-15 07:42:22,875 [Listener at 127.0.0.1/43229] INFO  om.OzoneManager (OzoneManager.java:startTrashEmptier(1921)) - Trash Interval set to 0. Files deleted won't move to trash
2022-12-15 07:42:22,893 [org.apache.hadoop.util.JvmPauseMonitor$Monitor@20520eb6] INFO  util.JvmPauseMonitor (JvmPauseMonitor.java:run(188)) - Starting JVM pause monitor
2022-12-15 07:42:23,050 [Listener at 127.0.0.1/43229] WARN  impl.MetricRegistriesImpl (MetricRegistriesImpl.java:addReporterRegistration(111)) - New reporters are added after registries were created. Some metrics will be missing from the reporter. Please add reporter before adding any new registry.
2022-12-15 07:42:23,051 [Listener at 127.0.0.1/43229] WARN  impl.MetricRegistriesImpl (MetricRegistriesImpl.java:addReporterRegistration(111)) - New reporters are added after registries were created. Some metrics will be missing from the reporter. Please add reporter before adding any new registry.
2022-12-15 07:42:23,051 [Listener at 127.0.0.1/43229] INFO  impl.MetricsSystemImpl (MetricsSystemImpl.java:init(158)) - HddsDatanode metrics system started (again)
2022-12-15 07:42:23,071 [Listener at 127.0.0.1/43229] INFO  ozone.HddsDatanodeService (HddsDatanodeService.java:start(236)) - HddsDatanodeService host:fv-az127-938.h3uyzbqov44edfyrgkjongjtha.bx.internal.cloudapp.net ip:10.1.0.16
2022-12-15 07:42:23,102 [Listener at 127.0.0.1/43229] INFO  upgrade.AbstractLayoutVersionManager (AbstractLayoutVersionManager.java:init(83)) - Initializing Layout version manager with metadata layout = DATANODE_SCHEMA_V3 (version = 4), software layout = DATANODE_SCHEMA_V3 (version = 4)
2022-12-15 07:42:23,162 [Listener at 127.0.0.1/43229] INFO  reflections.Reflections (Reflections.java:scan(232)) - Reflections took 56 ms to scan 7 urls, producing 140 keys and 342 values 
2022-12-15 07:42:23,169 [Listener at 127.0.0.1/43229] INFO  statemachine.DatanodeStateMachine (DatanodeStateMachine.java:getEndPointTaskThreadPoolSize(249)) - Datanode State Machine Task Thread Pool size 2
2022-12-15 07:42:23,236 [Listener at 127.0.0.1/43229] INFO  volume.HddsVolume (HddsVolume.java:<init>(117)) - Creating HddsVolume: /home/runner/work/ozone/ozone/hadoop-ozone/integration-test/target/test-dir/MiniOzoneClusterImpl-e2b6c327-26bc-4f08-8023-c1f86063ce68/datanode-0/data-0/containers/hdds of storage type : DISK capacity : 9223372036854775807
2022-12-15 07:42:23,238 [Listener at 127.0.0.1/43229] INFO  volume.MutableVolumeSet (MutableVolumeSet.java:initializeVolumeSet(174)) - Added Volume : /home/runner/work/ozone/ozone/hadoop-ozone/integration-test/target/test-dir/MiniOzoneClusterImpl-e2b6c327-26bc-4f08-8023-c1f86063ce68/datanode-0/data-0/containers/hdds to VolumeSet
2022-12-15 07:42:23,239 [Listener at 127.0.0.1/43229] INFO  volume.ThrottledAsyncChecker (ThrottledAsyncChecker.java:schedule(141)) - Scheduling a check for /home/runner/work/ozone/ozone/hadoop-ozone/integration-test/target/test-dir/MiniOzoneClusterImpl-e2b6c327-26bc-4f08-8023-c1f86063ce68/datanode-0/data-0/containers/hdds
2022-12-15 07:42:23,254 [Listener at 127.0.0.1/43229] INFO  volume.StorageVolumeChecker (StorageVolumeChecker.java:checkAllVolumes(202)) - Scheduled health check for volume /home/runner/work/ozone/ozone/hadoop-ozone/integration-test/target/test-dir/MiniOzoneClusterImpl-e2b6c327-26bc-4f08-8023-c1f86063ce68/datanode-0/data-0/containers/hdds
2022-12-15 07:42:23,275 [Listener at 127.0.0.1/43229] INFO  volume.MutableVolumeSet (MutableVolumeSet.java:initializeVolumeSet(174)) - Added Volume : /home/runner/work/ozone/ozone/hadoop-ozone/integration-test/target/test-dir/MiniOzoneClusterImpl-e2b6c327-26bc-4f08-8023-c1f86063ce68/datanode-0/data/ratis to VolumeSet
2022-12-15 07:42:23,275 [Listener at 127.0.0.1/43229] INFO  volume.ThrottledAsyncChecker (ThrottledAsyncChecker.java:schedule(141)) - Scheduling a check for /home/runner/work/ozone/ozone/hadoop-ozone/integration-test/target/test-dir/MiniOzoneClusterImpl-e2b6c327-26bc-4f08-8023-c1f86063ce68/datanode-0/data/ratis
2022-12-15 07:42:23,275 [Listener at 127.0.0.1/43229] INFO  volume.StorageVolumeChecker (StorageVolumeChecker.java:checkAllVolumes(202)) - Scheduled health check for volume /home/runner/work/ozone/ozone/hadoop-ozone/integration-test/target/test-dir/MiniOzoneClusterImpl-e2b6c327-26bc-4f08-8023-c1f86063ce68/datanode-0/data/ratis
2022-12-15 07:42:23,299 [Thread-135] INFO  ozoneimpl.ContainerReader (ContainerReader.java:readVolume(175)) - Finish verifying containers on volume /home/runner/work/ozone/ozone/hadoop-ozone/integration-test/target/test-dir/MiniOzoneClusterImpl-e2b6c327-26bc-4f08-8023-c1f86063ce68/datanode-0/data-0/containers/hdds
2022-12-15 07:42:23,300 [Listener at 127.0.0.1/43229] INFO  ozoneimpl.OzoneContainer (OzoneContainer.java:buildContainerSet(301)) - Build ContainerSet costs 0s
2022-12-15 07:42:23,350 [Listener at 127.0.0.1/43229] INFO  audit.AuditLogger (AuditLogger.java:refreshDebugCmdSet(126)) - Refresh DebugCmdSet for DNAudit to [].
2022-12-15 07:42:23,378 [Listener at 127.0.0.1/43229] INFO  server.RaftServer (ConfUtils.java:logGet(46)) - raft.rpc.type = GRPC (default)
2022-12-15 07:42:23,379 [Listener at 127.0.0.1/43229] INFO  grpc.GrpcConfigKeys (ConfUtils.java:logFallback(53)) - raft.grpc.admin.host = null (fallback to raft.grpc.server.host)
2022-12-15 07:42:23,379 [Listener at 127.0.0.1/43229] INFO  grpc.GrpcConfigKeys (ConfUtils.java:logGet(46)) - raft.grpc.admin.port = 0 (custom)
2022-12-15 07:42:23,379 [Listener at 127.0.0.1/43229] INFO  grpc.GrpcConfigKeys (ConfUtils.java:logFallback(53)) - raft.grpc.client.host = null (fallback to raft.grpc.server.host)
2022-12-15 07:42:23,380 [Listener at 127.0.0.1/43229] INFO  grpc.GrpcConfigKeys (ConfUtils.java:logGet(46)) - raft.grpc.client.port = 0 (custom)
2022-12-15 07:42:23,380 [Listener at 127.0.0.1/43229] INFO  grpc.GrpcConfigKeys (ConfUtils.java:logGet(46)) - raft.grpc.server.host = null (default)
2022-12-15 07:42:23,380 [Listener at 127.0.0.1/43229] INFO  grpc.GrpcConfigKeys (ConfUtils.java:logGet(46)) - raft.grpc.server.port = 0 (default)
2022-12-15 07:42:23,380 [Listener at 127.0.0.1/43229] INFO  server.GrpcService (ConfUtils.java:logGet(46)) - raft.grpc.message.size.max = 32MB (=33554432) (custom)
2022-12-15 07:42:23,381 [Listener at 127.0.0.1/43229] INFO  server.RaftServerConfigKeys (ConfUtils.java:logGet(46)) - raft.server.log.appender.buffer.byte-limit = 33554432 (custom)
2022-12-15 07:42:23,381 [Listener at 127.0.0.1/43229] INFO  server.GrpcService (ConfUtils.java:logGet(46)) - raft.grpc.flow.control.window = 5MB (=5242880) (custom)
2022-12-15 07:42:23,381 [Listener at 127.0.0.1/43229] INFO  server.RaftServerConfigKeys (ConfUtils.java:logGet(46)) - raft.server.rpc.request.timeout = 60s (custom)
2022-12-15 07:42:23,382 [Listener at 127.0.0.1/43229] INFO  grpc.GrpcConfigKeys (ConfUtils.java:logGet(46)) - raft.grpc.server.heartbeat.channel = true (default)
2022-12-15 07:42:23,383 [Listener at 127.0.0.1/43229] INFO  grpc.GrpcConfigKeys (ConfUtils.java:logGet(46)) - raft.grpc.server.async.request.thread.pool.cached = true (default)
2022-12-15 07:42:23,383 [Listener at 127.0.0.1/43229] INFO  grpc.GrpcConfigKeys (ConfUtils.java:logGet(46)) - raft.grpc.server.async.request.thread.pool.size = 32 (default)
2022-12-15 07:42:23,385 [Listener at 127.0.0.1/43229] INFO  impl.DataStreamServerImpl (ConfUtils.java:logGet(46)) - raft.datastream.type = DISABLED (default)
2022-12-15 07:42:23,388 [Listener at 127.0.0.1/43229] INFO  server.RaftServerConfigKeys (ConfUtils.java:logGet(46)) - raft.server.threadpool.proxy.cached = true (default)
2022-12-15 07:42:23,392 [Listener at 127.0.0.1/43229] INFO  server.RaftServerConfigKeys (ConfUtils.java:logGet(46)) - raft.server.threadpool.proxy.size = 0 (default)
2022-12-15 07:42:23,393 [Listener at 127.0.0.1/43229] INFO  server.RaftServerConfigKeys (ConfUtils.java:logGet(46)) - raft.server.rpc.slowness.timeout = 300s (custom)
2022-12-15 07:42:23,393 [Listener at 127.0.0.1/43229] INFO  server.RaftServerConfigKeys (ConfUtils.java:logGet(46)) - raft.server.leaderelection.leader.step-down.wait-time = 10s (default)
2022-12-15 07:42:23,393 [Listener at 127.0.0.1/43229] INFO  server.RaftServerConfigKeys (ConfUtils.java:logGet(46)) - raft.server.storage.dir = [/home/runner/work/ozone/ozone/hadoop-ozone/integration-test/target/test-dir/MiniOzoneClusterImpl-e2b6c327-26bc-4f08-8023-c1f86063ce68/datanode-0/data/ratis] (custom)
2022-12-15 07:42:23,415 [Listener at 127.0.0.1/43229] INFO  server.XceiverServerGrpc (XceiverServerGrpc.java:<init>(132)) - GrpcServer channel type EpollServerSocketChannel
2022-12-15 07:42:23,488 [Listener at 127.0.0.1/43229] INFO  http.BaseHttpServer (BaseHttpServer.java:newHttpServer2BuilderForOzone(213)) - Starting Web-server for hddsDatanode at: http://0.0.0.0:0
2022-12-15 07:42:23,488 [Listener at 127.0.0.1/43229] INFO  http.BaseHttpServer (BaseHttpServer.java:<init>(108)) - Hadoop Security Enabled: false Ozone Security Enabled: false Ozone HTTP Security Enabled: false 
2022-12-15 07:42:23,490 [Listener at 127.0.0.1/43229] WARN  server.AuthenticationFilter (AuthenticationFilter.java:constructSecretProvider(240)) - Unable to initialize FileSignerSecretProvider, falling back to use random secrets. Reason: Could not read signature secret file: /home/runner/hadoop-http-auth-signature-secret
2022-12-15 07:42:23,491 [Listener at 127.0.0.1/43229] WARN  http.HttpRequestLog (HttpRequestLog.java:getRequestLog(103)) - Jetty request log can only be enabled using Log4j
2022-12-15 07:42:23,492 [Listener at 127.0.0.1/43229] INFO  http.HttpServer2 (HttpServer2.java:addGlobalFilter(1031)) - Added global filter 'safety' (class=org.apache.hadoop.hdds.server.http.HttpServer2$QuotingInputFilter)
2022-12-15 07:42:23,493 [Listener at 127.0.0.1/43229] INFO  http.HttpServer2 (HttpServer2.java:addFilter(1007)) - Added filter static_user_filter (class=org.apache.hadoop.http.lib.StaticUserWebFilter$StaticUserFilter) to context hddsDatanode
2022-12-15 07:42:23,493 [Listener at 127.0.0.1/43229] INFO  http.HttpServer2 (HttpServer2.java:addFilter(1015)) - Added filter static_user_filter (class=org.apache.hadoop.http.lib.StaticUserWebFilter$StaticUserFilter) to context logs
2022-12-15 07:42:23,493 [Listener at 127.0.0.1/43229] INFO  http.HttpServer2 (HttpServer2.java:addFilter(1015)) - Added filter static_user_filter (class=org.apache.hadoop.http.lib.StaticUserWebFilter$StaticUserFilter) to context static
2022-12-15 07:42:23,494 [Listener at 127.0.0.1/43229] INFO  http.HttpServer2 (HttpServer2.java:bindListener(1250)) - Jetty bound to port 41555
2022-12-15 07:42:23,494 [Listener at 127.0.0.1/43229] INFO  server.Server (Server.java:doStart(375)) - jetty-9.4.49.v20220914; built: 2022-09-14T01:07:36.601Z; git: 4231a3b2e4cb8548a412a789936d640a97b1aa0a; jvm 1.8.0_352-b08
2022-12-15 07:42:23,503 [Listener at 127.0.0.1/43229] INFO  server.session (DefaultSessionIdManager.java:doStart(334)) - DefaultSessionIdManager workerName=node0
2022-12-15 07:42:23,503 [Listener at 127.0.0.1/43229] INFO  server.session (DefaultSessionIdManager.java:doStart(339)) - No SessionScavenger set, using defaults
2022-12-15 07:42:23,503 [Listener at 127.0.0.1/43229] INFO  server.session (HouseKeeper.java:startScavenging(132)) - node0 Scavenging every 600000ms
2022-12-15 07:42:23,505 [Listener at 127.0.0.1/43229] INFO  handler.ContextHandler (ContextHandler.java:doStart(921)) - Started o.e.j.s.ServletContextHandler@25417242{logs,/logs,file:///home/runner/work/ozone/ozone/hadoop-ozone/integration-test/target/log,AVAILABLE}
2022-12-15 07:42:23,505 [Listener at 127.0.0.1/43229] INFO  handler.ContextHandler (ContextHandler.java:doStart(921)) - Started o.e.j.s.ServletContextHandler@656e1682{static,/static,jar:file:/home/runner/.m2/repository/org/apache/ozone/hdds-container-service/1.3.0-SNAPSHOT/hdds-container-service-1.3.0-SNAPSHOT.jar!/webapps/static,AVAILABLE}
2022-12-15 07:42:23,681 [Listener at 127.0.0.1/43229] INFO  handler.ContextHandler (ContextHandler.java:doStart(921)) - Started o.e.j.w.WebAppContext@66a683ea{hddsDatanode,/,file:///tmp/jetty-0_0_0_0-41555-hdds-container-service-1_3_0-SNAPSHOT_jar-_-any-8015580820860777474/webapp/,AVAILABLE}{jar:file:/home/runner/.m2/repository/org/apache/ozone/hdds-container-service/1.3.0-SNAPSHOT/hdds-container-service-1.3.0-SNAPSHOT.jar!/webapps/hddsDatanode}
2022-12-15 07:42:23,682 [Listener at 127.0.0.1/43229] INFO  server.AbstractConnector (AbstractConnector.java:doStart(333)) - Started ServerConnector@4ca398b0{HTTP/1.1, (http/1.1)}{0.0.0.0:41555}
2022-12-15 07:42:23,682 [Listener at 127.0.0.1/43229] INFO  server.Server (Server.java:doStart(415)) - Started @8330ms
2022-12-15 07:42:23,682 [Listener at 127.0.0.1/43229] WARN  impl.MetricsSystemImpl (MetricsSystemImpl.java:register(279)) - Sink prometheus already exists!
2022-12-15 07:42:23,683 [Listener at 127.0.0.1/43229] INFO  http.BaseHttpServer (BaseHttpServer.java:updateConnectorAddress(333)) - HTTP server of hddsDatanode listening at http://0.0.0.0:41555
2022-12-15 07:42:23,684 [Listener at 127.0.0.1/43229] WARN  impl.MetricRegistriesImpl (MetricRegistriesImpl.java:addReporterRegistration(111)) - New reporters are added after registries were created. Some metrics will be missing from the reporter. Please add reporter before adding any new registry.
2022-12-15 07:42:23,685 [Listener at 127.0.0.1/43229] WARN  impl.MetricRegistriesImpl (MetricRegistriesImpl.java:addReporterRegistration(111)) - New reporters are added after registries were created. Some metrics will be missing from the reporter. Please add reporter before adding any new registry.
2022-12-15 07:42:23,685 [Listener at 127.0.0.1/43229] INFO  impl.MetricsSystemImpl (MetricsSystemImpl.java:init(158)) - HddsDatanode metrics system started (again)
2022-12-15 07:42:23,692 [Datanode State Machine Daemon Thread] INFO  statemachine.DatanodeStateMachine (DatanodeStateMachine.java:lambda$startDaemon$0(509)) - Ozone container server started.
2022-12-15 07:42:23,700 [Listener at 127.0.0.1/43229] INFO  ozone.HddsDatanodeService (HddsDatanodeService.java:start(236)) - HddsDatanodeService host:fv-az127-938.h3uyzbqov44edfyrgkjongjtha.bx.internal.cloudapp.net ip:10.1.0.16
2022-12-15 07:42:23,724 [org.apache.hadoop.util.JvmPauseMonitor$Monitor@75f86188] INFO  util.JvmPauseMonitor (JvmPauseMonitor.java:run(188)) - Starting JVM pause monitor
2022-12-15 07:42:23,728 [Listener at 127.0.0.1/43229] INFO  upgrade.AbstractLayoutVersionManager (AbstractLayoutVersionManager.java:init(83)) - Initializing Layout version manager with metadata layout = DATANODE_SCHEMA_V3 (version = 4), software layout = DATANODE_SCHEMA_V3 (version = 4)
2022-12-15 07:42:23,814 [om1@group-C5BA1605619E-FollowerState] INFO  impl.FollowerState (FollowerState.java:run(143)) - om1@group-C5BA1605619E-FollowerState: change to CANDIDATE, lastRpcElapsedTime:1072010536ns, electionTimeout:1053ms
2022-12-15 07:42:23,814 [om1@group-C5BA1605619E-FollowerState] INFO  impl.RoleInfo (RoleInfo.java:shutdownFollowerState(110)) - om1: shutdown om1@group-C5BA1605619E-FollowerState
2022-12-15 07:42:23,819 [om1@group-C5BA1605619E-FollowerState] INFO  server.RaftServer$Division (RaftServerImpl.java:setRole(321)) - om1@group-C5BA1605619E: changes role from  FOLLOWER to CANDIDATE at term 0 for changeToCandidate
2022-12-15 07:42:23,823 [om1@group-C5BA1605619E-FollowerState] INFO  server.RaftServerConfigKeys (ConfUtils.java:logGet(46)) - raft.server.leaderelection.pre-vote = false (custom)
2022-12-15 07:42:23,823 [om1@group-C5BA1605619E-FollowerState] INFO  impl.RoleInfo (RoleInfo.java:updateAndGet(139)) - om1: start om1@group-C5BA1605619E-LeaderElection1
2022-12-15 07:42:23,864 [om1@group-C5BA1605619E-LeaderElection1] INFO  impl.LeaderElection (LeaderElection.java:askForVotes(312)) - om1@group-C5BA1605619E-LeaderElection1 ELECTION round 0: submit vote requests at term 1 for -1: peers:[om1|rpc:localhost:9872|priority:0|startupRole:FOLLOWER]|listeners:[], old=null
2022-12-15 07:42:23,865 [om1@group-C5BA1605619E-LeaderElection1] INFO  impl.LeaderElection (LeaderElection.java:askForVotes(314)) - om1@group-C5BA1605619E-LeaderElection1 ELECTION round 0: result PASSED (term=1)
2022-12-15 07:42:23,865 [om1@group-C5BA1605619E-LeaderElection1] INFO  impl.RoleInfo (RoleInfo.java:shutdownLeaderElection(130)) - om1: shutdown om1@group-C5BA1605619E-LeaderElection1
2022-12-15 07:42:23,866 [om1@group-C5BA1605619E-LeaderElection1] INFO  server.RaftServer$Division (RaftServerImpl.java:setRole(321)) - om1@group-C5BA1605619E: changes role from CANDIDATE to LEADER at term 1 for changeToLeader
2022-12-15 07:42:23,866 [om1@group-C5BA1605619E-LeaderElection1] INFO  server.RaftServer$Division (ServerState.java:setLeader(313)) - om1@group-C5BA1605619E: change Leader from null to om1 at term 1 for becomeLeader, leader elected after 2320ms
2022-12-15 07:42:23,872 [Listener at 127.0.0.1/43229] INFO  reflections.Reflections (Reflections.java:scan(232)) - Reflections took 141 ms to scan 7 urls, producing 140 keys and 342 values 
2022-12-15 07:42:23,879 [om1@group-C5BA1605619E-LeaderElection1] INFO  server.RaftServerConfigKeys (ConfUtils.java:logGet(46)) - raft.server.staging.catchup.gap = 1000 (default)
2022-12-15 07:42:23,885 [om1@group-C5BA1605619E-LeaderElection1] INFO  server.RaftServerConfigKeys (ConfUtils.java:logGet(46)) - raft.server.write.element-limit = 4096 (default)
2022-12-15 07:42:23,886 [om1@group-C5BA1605619E-LeaderElection1] INFO  server.RaftServerConfigKeys (ConfUtils.java:logGet(46)) - raft.server.write.byte-limit = 64MB (=67108864) (default)
2022-12-15 07:42:23,888 [Listener at 127.0.0.1/43229] INFO  statemachine.DatanodeStateMachine (DatanodeStateMachine.java:getEndPointTaskThreadPoolSize(249)) - Datanode State Machine Task Thread Pool size 2
2022-12-15 07:42:23,894 [Listener at 127.0.0.1/43229] INFO  volume.HddsVolume (HddsVolume.java:<init>(117)) - Creating HddsVolume: /home/runner/work/ozone/ozone/hadoop-ozone/integration-test/target/test-dir/MiniOzoneClusterImpl-e2b6c327-26bc-4f08-8023-c1f86063ce68/datanode-1/data-0/containers/hdds of storage type : DISK capacity : 9223372036854775807
2022-12-15 07:42:23,894 [Listener at 127.0.0.1/43229] INFO  volume.MutableVolumeSet (MutableVolumeSet.java:initializeVolumeSet(174)) - Added Volume : /home/runner/work/ozone/ozone/hadoop-ozone/integration-test/target/test-dir/MiniOzoneClusterImpl-e2b6c327-26bc-4f08-8023-c1f86063ce68/datanode-1/data-0/containers/hdds to VolumeSet
2022-12-15 07:42:23,894 [Listener at 127.0.0.1/43229] INFO  volume.ThrottledAsyncChecker (ThrottledAsyncChecker.java:schedule(141)) - Scheduling a check for /home/runner/work/ozone/ozone/hadoop-ozone/integration-test/target/test-dir/MiniOzoneClusterImpl-e2b6c327-26bc-4f08-8023-c1f86063ce68/datanode-1/data-0/containers/hdds
2022-12-15 07:42:23,897 [Listener at 127.0.0.1/43229] INFO  volume.StorageVolumeChecker (StorageVolumeChecker.java:checkAllVolumes(202)) - Scheduled health check for volume /home/runner/work/ozone/ozone/hadoop-ozone/integration-test/target/test-dir/MiniOzoneClusterImpl-e2b6c327-26bc-4f08-8023-c1f86063ce68/datanode-1/data-0/containers/hdds
2022-12-15 07:42:23,905 [om1@group-C5BA1605619E-LeaderElection1] INFO  server.RaftServerConfigKeys (ConfUtils.java:logGet(46)) - raft.server.watch.timeout = 10s (default)
2022-12-15 07:42:23,910 [om1@group-C5BA1605619E-LeaderElection1] INFO  server.RaftServerConfigKeys (ConfUtils.java:logGet(46)) - raft.server.watch.timeout.denomination = 1s (default)
2022-12-15 07:42:23,910 [om1@group-C5BA1605619E-LeaderElection1] INFO  server.RaftServerConfigKeys (ConfUtils.java:logGet(46)) - raft.server.watch.element-limit = 65536 (default)
2022-12-15 07:42:23,914 [Listener at 127.0.0.1/43229] INFO  volume.MutableVolumeSet (MutableVolumeSet.java:initializeVolumeSet(174)) - Added Volume : /home/runner/work/ozone/ozone/hadoop-ozone/integration-test/target/test-dir/MiniOzoneClusterImpl-e2b6c327-26bc-4f08-8023-c1f86063ce68/datanode-1/data/ratis to VolumeSet
2022-12-15 07:42:23,915 [Listener at 127.0.0.1/43229] INFO  volume.ThrottledAsyncChecker (ThrottledAsyncChecker.java:schedule(141)) - Scheduling a check for /home/runner/work/ozone/ozone/hadoop-ozone/integration-test/target/test-dir/MiniOzoneClusterImpl-e2b6c327-26bc-4f08-8023-c1f86063ce68/datanode-1/data/ratis
2022-12-15 07:42:23,915 [Listener at 127.0.0.1/43229] INFO  volume.StorageVolumeChecker (StorageVolumeChecker.java:checkAllVolumes(202)) - Scheduled health check for volume /home/runner/work/ozone/ozone/hadoop-ozone/integration-test/target/test-dir/MiniOzoneClusterImpl-e2b6c327-26bc-4f08-8023-c1f86063ce68/datanode-1/data/ratis
2022-12-15 07:42:23,926 [om1@group-C5BA1605619E-LeaderElection1] INFO  server.RaftServerConfigKeys (ConfUtils.java:logGet(46)) - raft.server.write.element-limit = 4096 (default)
2022-12-15 07:42:23,928 [Datanode State Machine Task Thread - 0] INFO  datanode.InitDatanodeState (InitDatanodeState.java:persistContainerDatanodeDetails(138)) - DatanodeDetails is persisted to /home/runner/work/ozone/ozone/hadoop-ozone/integration-test/target/test-dir/MiniOzoneClusterImpl-e2b6c327-26bc-4f08-8023-c1f86063ce68/datanode-0/meta/datanode.id
2022-12-15 07:42:23,932 [om1@group-C5BA1605619E-LeaderElection1] INFO  server.RaftServerConfigKeys (ConfUtils.java:logGet(46)) - raft.server.write.follower.gap.ratio.max = -1.0 (default)
2022-12-15 07:42:23,935 [om1@group-C5BA1605619E-LeaderElection1] INFO  impl.RoleInfo (RoleInfo.java:updateAndGet(139)) - om1: start om1@group-C5BA1605619E-LeaderStateImpl
2022-12-15 07:42:23,952 [Thread-150] INFO  ozoneimpl.ContainerReader (ContainerReader.java:readVolume(175)) - Finish verifying containers on volume /home/runner/work/ozone/ozone/hadoop-ozone/integration-test/target/test-dir/MiniOzoneClusterImpl-e2b6c327-26bc-4f08-8023-c1f86063ce68/datanode-1/data-0/containers/hdds
2022-12-15 07:42:23,952 [Listener at 127.0.0.1/43229] INFO  ozoneimpl.OzoneContainer (OzoneContainer.java:buildContainerSet(301)) - Build ContainerSet costs 0s
2022-12-15 07:42:23,956 [Listener at 127.0.0.1/43229] INFO  server.RaftServer (ConfUtils.java:logGet(46)) - raft.rpc.type = GRPC (default)
2022-12-15 07:42:23,956 [Listener at 127.0.0.1/43229] INFO  grpc.GrpcConfigKeys (ConfUtils.java:logFallback(53)) - raft.grpc.admin.host = null (fallback to raft.grpc.server.host)
2022-12-15 07:42:23,957 [Listener at 127.0.0.1/43229] INFO  grpc.GrpcConfigKeys (ConfUtils.java:logGet(46)) - raft.grpc.admin.port = 0 (custom)
2022-12-15 07:42:23,957 [Listener at 127.0.0.1/43229] INFO  grpc.GrpcConfigKeys (ConfUtils.java:logFallback(53)) - raft.grpc.client.host = null (fallback to raft.grpc.server.host)
2022-12-15 07:42:23,957 [Listener at 127.0.0.1/43229] INFO  grpc.GrpcConfigKeys (ConfUtils.java:logGet(46)) - raft.grpc.client.port = 0 (custom)
2022-12-15 07:42:23,958 [Listener at 127.0.0.1/43229] INFO  grpc.GrpcConfigKeys (ConfUtils.java:logGet(46)) - raft.grpc.server.host = null (default)
2022-12-15 07:42:23,958 [Listener at 127.0.0.1/43229] INFO  grpc.GrpcConfigKeys (ConfUtils.java:logGet(46)) - raft.grpc.server.port = 0 (default)
2022-12-15 07:42:23,959 [Listener at 127.0.0.1/43229] INFO  server.GrpcService (ConfUtils.java:logGet(46)) - raft.grpc.message.size.max = 32MB (=33554432) (custom)
2022-12-15 07:42:23,959 [Listener at 127.0.0.1/43229] INFO  server.RaftServerConfigKeys (ConfUtils.java:logGet(46)) - raft.server.log.appender.buffer.byte-limit = 33554432 (custom)
2022-12-15 07:42:23,959 [Listener at 127.0.0.1/43229] INFO  server.GrpcService (ConfUtils.java:logGet(46)) - raft.grpc.flow.control.window = 5MB (=5242880) (custom)
2022-12-15 07:42:23,959 [Listener at 127.0.0.1/43229] INFO  server.RaftServerConfigKeys (ConfUtils.java:logGet(46)) - raft.server.rpc.request.timeout = 60s (custom)
2022-12-15 07:42:23,960 [Listener at 127.0.0.1/43229] INFO  grpc.GrpcConfigKeys (ConfUtils.java:logGet(46)) - raft.grpc.server.heartbeat.channel = true (default)
2022-12-15 07:42:23,961 [Listener at 127.0.0.1/43229] INFO  grpc.GrpcConfigKeys (ConfUtils.java:logGet(46)) - raft.grpc.server.async.request.thread.pool.cached = true (default)
2022-12-15 07:42:23,961 [Listener at 127.0.0.1/43229] INFO  grpc.GrpcConfigKeys (ConfUtils.java:logGet(46)) - raft.grpc.server.async.request.thread.pool.size = 32 (default)
2022-12-15 07:42:23,962 [Listener at 127.0.0.1/43229] INFO  impl.DataStreamServerImpl (ConfUtils.java:logGet(46)) - raft.datastream.type = DISABLED (default)
2022-12-15 07:42:23,963 [Listener at 127.0.0.1/43229] INFO  server.RaftServerConfigKeys (ConfUtils.java:logGet(46)) - raft.server.threadpool.proxy.cached = true (default)
2022-12-15 07:42:23,963 [Listener at 127.0.0.1/43229] INFO  server.RaftServerConfigKeys (ConfUtils.java:logGet(46)) - raft.server.threadpool.proxy.size = 0 (default)
2022-12-15 07:42:23,963 [Listener at 127.0.0.1/43229] INFO  server.RaftServerConfigKeys (ConfUtils.java:logGet(46)) - raft.server.rpc.slowness.timeout = 300s (custom)
2022-12-15 07:42:23,963 [Listener at 127.0.0.1/43229] INFO  server.RaftServerConfigKeys (ConfUtils.java:logGet(46)) - raft.server.leaderelection.leader.step-down.wait-time = 10s (default)
2022-12-15 07:42:23,964 [Listener at 127.0.0.1/43229] INFO  server.RaftServerConfigKeys (ConfUtils.java:logGet(46)) - raft.server.storage.dir = [/home/runner/work/ozone/ozone/hadoop-ozone/integration-test/target/test-dir/MiniOzoneClusterImpl-e2b6c327-26bc-4f08-8023-c1f86063ce68/datanode-1/data/ratis] (custom)
2022-12-15 07:42:23,966 [Listener at 127.0.0.1/43229] INFO  server.XceiverServerGrpc (XceiverServerGrpc.java:<init>(132)) - GrpcServer channel type EpollServerSocketChannel
2022-12-15 07:42:23,971 [Listener at 127.0.0.1/43229] INFO  http.BaseHttpServer (BaseHttpServer.java:newHttpServer2BuilderForOzone(213)) - Starting Web-server for hddsDatanode at: http://0.0.0.0:0
2022-12-15 07:42:23,971 [Listener at 127.0.0.1/43229] INFO  http.BaseHttpServer (BaseHttpServer.java:<init>(108)) - Hadoop Security Enabled: false Ozone Security Enabled: false Ozone HTTP Security Enabled: false 
2022-12-15 07:42:23,973 [Listener at 127.0.0.1/43229] WARN  server.AuthenticationFilter (AuthenticationFilter.java:constructSecretProvider(240)) - Unable to initialize FileSignerSecretProvider, falling back to use random secrets. Reason: Could not read signature secret file: /home/runner/hadoop-http-auth-signature-secret
2022-12-15 07:42:23,974 [Listener at 127.0.0.1/43229] WARN  http.HttpRequestLog (HttpRequestLog.java:getRequestLog(103)) - Jetty request log can only be enabled using Log4j
2022-12-15 07:42:23,975 [Listener at 127.0.0.1/43229] INFO  http.HttpServer2 (HttpServer2.java:addGlobalFilter(1031)) - Added global filter 'safety' (class=org.apache.hadoop.hdds.server.http.HttpServer2$QuotingInputFilter)
2022-12-15 07:42:23,976 [Listener at 127.0.0.1/43229] INFO  http.HttpServer2 (HttpServer2.java:addFilter(1007)) - Added filter static_user_filter (class=org.apache.hadoop.http.lib.StaticUserWebFilter$StaticUserFilter) to context hddsDatanode
2022-12-15 07:42:23,976 [Listener at 127.0.0.1/43229] INFO  http.HttpServer2 (HttpServer2.java:addFilter(1015)) - Added filter static_user_filter (class=org.apache.hadoop.http.lib.StaticUserWebFilter$StaticUserFilter) to context static
2022-12-15 07:42:23,976 [Listener at 127.0.0.1/43229] INFO  http.HttpServer2 (HttpServer2.java:addFilter(1015)) - Added filter static_user_filter (class=org.apache.hadoop.http.lib.StaticUserWebFilter$StaticUserFilter) to context logs
2022-12-15 07:42:23,977 [Listener at 127.0.0.1/43229] INFO  http.HttpServer2 (HttpServer2.java:bindListener(1250)) - Jetty bound to port 34943
2022-12-15 07:42:23,978 [Listener at 127.0.0.1/43229] INFO  server.Server (Server.java:doStart(375)) - jetty-9.4.49.v20220914; built: 2022-09-14T01:07:36.601Z; git: 4231a3b2e4cb8548a412a789936d640a97b1aa0a; jvm 1.8.0_352-b08
2022-12-15 07:42:23,989 [Listener at 127.0.0.1/43229] INFO  server.session (DefaultSessionIdManager.java:doStart(334)) - DefaultSessionIdManager workerName=node0
2022-12-15 07:42:23,990 [Listener at 127.0.0.1/43229] INFO  server.session (DefaultSessionIdManager.java:doStart(339)) - No SessionScavenger set, using defaults
2022-12-15 07:42:23,990 [Listener at 127.0.0.1/43229] INFO  server.session (HouseKeeper.java:startScavenging(132)) - node0 Scavenging every 660000ms
2022-12-15 07:42:23,991 [Listener at 127.0.0.1/43229] INFO  handler.ContextHandler (ContextHandler.java:doStart(921)) - Started o.e.j.s.ServletContextHandler@6333003d{logs,/logs,file:///home/runner/work/ozone/ozone/hadoop-ozone/integration-test/target/log,AVAILABLE}
2022-12-15 07:42:23,991 [Listener at 127.0.0.1/43229] INFO  handler.ContextHandler (ContextHandler.java:doStart(921)) - Started o.e.j.s.ServletContextHandler@4ece21c9{static,/static,jar:file:/home/runner/.m2/repository/org/apache/ozone/hdds-container-service/1.3.0-SNAPSHOT/hdds-container-service-1.3.0-SNAPSHOT.jar!/webapps/static,AVAILABLE}
2022-12-15 07:42:23,997 [om1@group-C5BA1605619E-LeaderElection1] INFO  segmented.SegmentedRaftLogWorker (SegmentedRaftLogWorker.java:startLogSegment(452)) - om1@group-C5BA1605619E-SegmentedRaftLogWorker: Starting segment from index:0
2022-12-15 07:42:24,085 [om1@group-C5BA1605619E-LeaderElection1] INFO  server.RaftServer$Division (ServerState.java:setRaftConf(430)) - om1@group-C5BA1605619E: set configuration 0: peers:[om1|rpc:localhost:9872|admin:|client:|dataStream:|priority:0|startupRole:FOLLOWER]|listeners:[], old=null
2022-12-15 07:42:24,122 [om1@group-C5BA1605619E-SegmentedRaftLogWorker] INFO  segmented.SegmentedRaftLogWorker (SegmentedRaftLogWorker.java:execute(656)) - om1@group-C5BA1605619E-SegmentedRaftLogWorker: created new log segment /home/runner/work/ozone/ozone/hadoop-ozone/integration-test/target/test-dir/MiniOzoneClusterImpl-e2b6c327-26bc-4f08-8023-c1f86063ce68/ozone-meta/ratis/bf265839-605b-3f16-9796-c5ba1605619e/current/log_inprogress_0
2022-12-15 07:42:24,289 [Listener at 127.0.0.1/43229] INFO  handler.ContextHandler (ContextHandler.java:doStart(921)) - Started o.e.j.w.WebAppContext@3e65c397{hddsDatanode,/,file:///tmp/jetty-0_0_0_0-34943-hdds-container-service-1_3_0-SNAPSHOT_jar-_-any-5058549411596149822/webapp/,AVAILABLE}{jar:file:/home/runner/.m2/repository/org/apache/ozone/hdds-container-service/1.3.0-SNAPSHOT/hdds-container-service-1.3.0-SNAPSHOT.jar!/webapps/hddsDatanode}
2022-12-15 07:42:24,291 [Listener at 127.0.0.1/43229] INFO  server.AbstractConnector (AbstractConnector.java:doStart(333)) - Started ServerConnector@21d99a6b{HTTP/1.1, (http/1.1)}{0.0.0.0:34943}
2022-12-15 07:42:24,293 [Listener at 127.0.0.1/43229] INFO  server.Server (Server.java:doStart(415)) - Started @8940ms
2022-12-15 07:42:24,293 [Listener at 127.0.0.1/43229] WARN  impl.MetricsSystemImpl (MetricsSystemImpl.java:register(279)) - Sink prometheus already exists!
2022-12-15 07:42:24,293 [Listener at 127.0.0.1/43229] INFO  http.BaseHttpServer (BaseHttpServer.java:updateConnectorAddress(333)) - HTTP server of hddsDatanode listening at http://0.0.0.0:34943
2022-12-15 07:42:24,304 [Listener at 127.0.0.1/43229] WARN  impl.MetricRegistriesImpl (MetricRegistriesImpl.java:addReporterRegistration(111)) - New reporters are added after registries were created. Some metrics will be missing from the reporter. Please add reporter before adding any new registry.
2022-12-15 07:42:24,304 [Listener at 127.0.0.1/43229] WARN  impl.MetricRegistriesImpl (MetricRegistriesImpl.java:addReporterRegistration(111)) - New reporters are added after registries were created. Some metrics will be missing from the reporter. Please add reporter before adding any new registry.
2022-12-15 07:42:24,304 [Listener at 127.0.0.1/43229] INFO  impl.MetricsSystemImpl (MetricsSystemImpl.java:init(158)) - HddsDatanode metrics system started (again)
2022-12-15 07:42:24,304 [Datanode State Machine Daemon Thread] INFO  statemachine.DatanodeStateMachine (DatanodeStateMachine.java:lambda$startDaemon$0(509)) - Ozone container server started.
2022-12-15 07:42:24,317 [Listener at 127.0.0.1/43229] INFO  ozone.HddsDatanodeService (HddsDatanodeService.java:start(236)) - HddsDatanodeService host:fv-az127-938.h3uyzbqov44edfyrgkjongjtha.bx.internal.cloudapp.net ip:10.1.0.16
2022-12-15 07:42:24,321 [org.apache.hadoop.util.JvmPauseMonitor$Monitor@561be71c] INFO  util.JvmPauseMonitor (JvmPauseMonitor.java:run(188)) - Starting JVM pause monitor
2022-12-15 07:42:24,337 [om1@group-C5BA1605619E-StateMachineUpdater] INFO  ratis.OzoneManagerStateMachine (OzoneManagerStateMachine.java:notifyConfigurationChanged(192)) - Received Configuration change notification from Ratis. New Peer list:
[id: "om1"
address: "localhost:9872"
startupRole: FOLLOWER
]
2022-12-15 07:42:24,341 [Datanode State Machine Task Thread - 0] INFO  datanode.InitDatanodeState (InitDatanodeState.java:persistContainerDatanodeDetails(138)) - DatanodeDetails is persisted to /home/runner/work/ozone/ozone/hadoop-ozone/integration-test/target/test-dir/MiniOzoneClusterImpl-e2b6c327-26bc-4f08-8023-c1f86063ce68/datanode-1/meta/datanode.id
2022-12-15 07:42:24,354 [Listener at 127.0.0.1/43229] INFO  upgrade.AbstractLayoutVersionManager (AbstractLayoutVersionManager.java:init(83)) - Initializing Layout version manager with metadata layout = DATANODE_SCHEMA_V3 (version = 4), software layout = DATANODE_SCHEMA_V3 (version = 4)
2022-12-15 07:42:24,401 [Listener at 127.0.0.1/43229] INFO  reflections.Reflections (Reflections.java:scan(232)) - Reflections took 46 ms to scan 7 urls, producing 140 keys and 342 values 
2022-12-15 07:42:24,403 [Listener at 127.0.0.1/43229] INFO  statemachine.DatanodeStateMachine (DatanodeStateMachine.java:getEndPointTaskThreadPoolSize(249)) - Datanode State Machine Task Thread Pool size 2
2022-12-15 07:42:24,405 [Listener at 127.0.0.1/43229] INFO  volume.HddsVolume (HddsVolume.java:<init>(117)) - Creating HddsVolume: /home/runner/work/ozone/ozone/hadoop-ozone/integration-test/target/test-dir/MiniOzoneClusterImpl-e2b6c327-26bc-4f08-8023-c1f86063ce68/datanode-2/data-0/containers/hdds of storage type : DISK capacity : 9223372036854775807
2022-12-15 07:42:24,405 [Listener at 127.0.0.1/43229] INFO  volume.MutableVolumeSet (MutableVolumeSet.java:initializeVolumeSet(174)) - Added Volume : /home/runner/work/ozone/ozone/hadoop-ozone/integration-test/target/test-dir/MiniOzoneClusterImpl-e2b6c327-26bc-4f08-8023-c1f86063ce68/datanode-2/data-0/containers/hdds to VolumeSet
2022-12-15 07:42:24,406 [Listener at 127.0.0.1/43229] INFO  volume.ThrottledAsyncChecker (ThrottledAsyncChecker.java:schedule(141)) - Scheduling a check for /home/runner/work/ozone/ozone/hadoop-ozone/integration-test/target/test-dir/MiniOzoneClusterImpl-e2b6c327-26bc-4f08-8023-c1f86063ce68/datanode-2/data-0/containers/hdds
2022-12-15 07:42:24,409 [Listener at 127.0.0.1/43229] INFO  volume.StorageVolumeChecker (StorageVolumeChecker.java:checkAllVolumes(202)) - Scheduled health check for volume /home/runner/work/ozone/ozone/hadoop-ozone/integration-test/target/test-dir/MiniOzoneClusterImpl-e2b6c327-26bc-4f08-8023-c1f86063ce68/datanode-2/data-0/containers/hdds
2022-12-15 07:42:24,420 [Listener at 127.0.0.1/43229] INFO  volume.MutableVolumeSet (MutableVolumeSet.java:initializeVolumeSet(174)) - Added Volume : /home/runner/work/ozone/ozone/hadoop-ozone/integration-test/target/test-dir/MiniOzoneClusterImpl-e2b6c327-26bc-4f08-8023-c1f86063ce68/datanode-2/data/ratis to VolumeSet
2022-12-15 07:42:24,420 [Listener at 127.0.0.1/43229] INFO  volume.ThrottledAsyncChecker (ThrottledAsyncChecker.java:schedule(141)) - Scheduling a check for /home/runner/work/ozone/ozone/hadoop-ozone/integration-test/target/test-dir/MiniOzoneClusterImpl-e2b6c327-26bc-4f08-8023-c1f86063ce68/datanode-2/data/ratis
2022-12-15 07:42:24,421 [Listener at 127.0.0.1/43229] INFO  volume.StorageVolumeChecker (StorageVolumeChecker.java:checkAllVolumes(202)) - Scheduled health check for volume /home/runner/work/ozone/ozone/hadoop-ozone/integration-test/target/test-dir/MiniOzoneClusterImpl-e2b6c327-26bc-4f08-8023-c1f86063ce68/datanode-2/data/ratis
2022-12-15 07:42:24,431 [Thread-163] INFO  ozoneimpl.ContainerReader (ContainerReader.java:readVolume(175)) - Finish verifying containers on volume /home/runner/work/ozone/ozone/hadoop-ozone/integration-test/target/test-dir/MiniOzoneClusterImpl-e2b6c327-26bc-4f08-8023-c1f86063ce68/datanode-2/data-0/containers/hdds
2022-12-15 07:42:24,431 [Listener at 127.0.0.1/43229] INFO  ozoneimpl.OzoneContainer (OzoneContainer.java:buildContainerSet(301)) - Build ContainerSet costs 0s
2022-12-15 07:42:24,434 [Listener at 127.0.0.1/43229] INFO  server.RaftServer (ConfUtils.java:logGet(46)) - raft.rpc.type = GRPC (default)
2022-12-15 07:42:24,434 [Listener at 127.0.0.1/43229] INFO  grpc.GrpcConfigKeys (ConfUtils.java:logFallback(53)) - raft.grpc.admin.host = null (fallback to raft.grpc.server.host)
2022-12-15 07:42:24,435 [Listener at 127.0.0.1/43229] INFO  grpc.GrpcConfigKeys (ConfUtils.java:logGet(46)) - raft.grpc.admin.port = 0 (custom)
2022-12-15 07:42:24,435 [Listener at 127.0.0.1/43229] INFO  grpc.GrpcConfigKeys (ConfUtils.java:logFallback(53)) - raft.grpc.client.host = null (fallback to raft.grpc.server.host)
2022-12-15 07:42:24,435 [Listener at 127.0.0.1/43229] INFO  grpc.GrpcConfigKeys (ConfUtils.java:logGet(46)) - raft.grpc.client.port = 0 (custom)
2022-12-15 07:42:24,435 [Listener at 127.0.0.1/43229] INFO  grpc.GrpcConfigKeys (ConfUtils.java:logGet(46)) - raft.grpc.server.host = null (default)
2022-12-15 07:42:24,435 [Listener at 127.0.0.1/43229] INFO  grpc.GrpcConfigKeys (ConfUtils.java:logGet(46)) - raft.grpc.server.port = 0 (default)
2022-12-15 07:42:24,435 [Listener at 127.0.0.1/43229] INFO  server.GrpcService (ConfUtils.java:logGet(46)) - raft.grpc.message.size.max = 32MB (=33554432) (custom)
2022-12-15 07:42:24,435 [Listener at 127.0.0.1/43229] INFO  server.RaftServerConfigKeys (ConfUtils.java:logGet(46)) - raft.server.log.appender.buffer.byte-limit = 33554432 (custom)
2022-12-15 07:42:24,435 [Listener at 127.0.0.1/43229] INFO  server.GrpcService (ConfUtils.java:logGet(46)) - raft.grpc.flow.control.window = 5MB (=5242880) (custom)
2022-12-15 07:42:24,436 [Listener at 127.0.0.1/43229] INFO  server.RaftServerConfigKeys (ConfUtils.java:logGet(46)) - raft.server.rpc.request.timeout = 60s (custom)
2022-12-15 07:42:24,436 [Listener at 127.0.0.1/43229] INFO  grpc.GrpcConfigKeys (ConfUtils.java:logGet(46)) - raft.grpc.server.heartbeat.channel = true (default)
2022-12-15 07:42:24,436 [Listener at 127.0.0.1/43229] INFO  grpc.GrpcConfigKeys (ConfUtils.java:logGet(46)) - raft.grpc.server.async.request.thread.pool.cached = true (default)
2022-12-15 07:42:24,436 [Listener at 127.0.0.1/43229] INFO  grpc.GrpcConfigKeys (ConfUtils.java:logGet(46)) - raft.grpc.server.async.request.thread.pool.size = 32 (default)
2022-12-15 07:42:24,437 [Listener at 127.0.0.1/43229] INFO  impl.DataStreamServerImpl (ConfUtils.java:logGet(46)) - raft.datastream.type = DISABLED (default)
2022-12-15 07:42:24,437 [Listener at 127.0.0.1/43229] INFO  server.RaftServerConfigKeys (ConfUtils.java:logGet(46)) - raft.server.threadpool.proxy.cached = true (default)
2022-12-15 07:42:24,437 [Listener at 127.0.0.1/43229] INFO  server.RaftServerConfigKeys (ConfUtils.java:logGet(46)) - raft.server.threadpool.proxy.size = 0 (default)
2022-12-15 07:42:24,438 [Listener at 127.0.0.1/43229] INFO  server.RaftServerConfigKeys (ConfUtils.java:logGet(46)) - raft.server.rpc.slowness.timeout = 300s (custom)
2022-12-15 07:42:24,438 [Listener at 127.0.0.1/43229] INFO  server.RaftServerConfigKeys (ConfUtils.java:logGet(46)) - raft.server.leaderelection.leader.step-down.wait-time = 10s (default)
2022-12-15 07:42:24,438 [Listener at 127.0.0.1/43229] INFO  server.RaftServerConfigKeys (ConfUtils.java:logGet(46)) - raft.server.storage.dir = [/home/runner/work/ozone/ozone/hadoop-ozone/integration-test/target/test-dir/MiniOzoneClusterImpl-e2b6c327-26bc-4f08-8023-c1f86063ce68/datanode-2/data/ratis] (custom)
2022-12-15 07:42:24,443 [Listener at 127.0.0.1/43229] INFO  server.XceiverServerGrpc (XceiverServerGrpc.java:<init>(132)) - GrpcServer channel type EpollServerSocketChannel
2022-12-15 07:42:24,446 [Listener at 127.0.0.1/43229] INFO  http.BaseHttpServer (BaseHttpServer.java:newHttpServer2BuilderForOzone(213)) - Starting Web-server for hddsDatanode at: http://0.0.0.0:0
2022-12-15 07:42:24,446 [Listener at 127.0.0.1/43229] INFO  http.BaseHttpServer (BaseHttpServer.java:<init>(108)) - Hadoop Security Enabled: false Ozone Security Enabled: false Ozone HTTP Security Enabled: false 
2022-12-15 07:42:24,448 [Listener at 127.0.0.1/43229] WARN  server.AuthenticationFilter (AuthenticationFilter.java:constructSecretProvider(240)) - Unable to initialize FileSignerSecretProvider, falling back to use random secrets. Reason: Could not read signature secret file: /home/runner/hadoop-http-auth-signature-secret
2022-12-15 07:42:24,448 [Listener at 127.0.0.1/43229] WARN  http.HttpRequestLog (HttpRequestLog.java:getRequestLog(103)) - Jetty request log can only be enabled using Log4j
2022-12-15 07:42:24,450 [Listener at 127.0.0.1/43229] INFO  http.HttpServer2 (HttpServer2.java:addGlobalFilter(1031)) - Added global filter 'safety' (class=org.apache.hadoop.hdds.server.http.HttpServer2$QuotingInputFilter)
2022-12-15 07:42:24,451 [Listener at 127.0.0.1/43229] INFO  http.HttpServer2 (HttpServer2.java:addFilter(1007)) - Added filter static_user_filter (class=org.apache.hadoop.http.lib.StaticUserWebFilter$StaticUserFilter) to context hddsDatanode
2022-12-15 07:42:24,451 [Listener at 127.0.0.1/43229] INFO  http.HttpServer2 (HttpServer2.java:addFilter(1015)) - Added filter static_user_filter (class=org.apache.hadoop.http.lib.StaticUserWebFilter$StaticUserFilter) to context static
2022-12-15 07:42:24,451 [Listener at 127.0.0.1/43229] INFO  http.HttpServer2 (HttpServer2.java:addFilter(1015)) - Added filter static_user_filter (class=org.apache.hadoop.http.lib.StaticUserWebFilter$StaticUserFilter) to context logs
2022-12-15 07:42:24,451 [Listener at 127.0.0.1/43229] INFO  http.HttpServer2 (HttpServer2.java:bindListener(1250)) - Jetty bound to port 38981
2022-12-15 07:42:24,452 [Listener at 127.0.0.1/43229] INFO  server.Server (Server.java:doStart(375)) - jetty-9.4.49.v20220914; built: 2022-09-14T01:07:36.601Z; git: 4231a3b2e4cb8548a412a789936d640a97b1aa0a; jvm 1.8.0_352-b08
2022-12-15 07:42:24,457 [Listener at 127.0.0.1/43229] INFO  server.session (DefaultSessionIdManager.java:doStart(334)) - DefaultSessionIdManager workerName=node0
2022-12-15 07:42:24,458 [Listener at 127.0.0.1/43229] INFO  server.session (DefaultSessionIdManager.java:doStart(339)) - No SessionScavenger set, using defaults
2022-12-15 07:42:24,458 [Listener at 127.0.0.1/43229] INFO  server.session (HouseKeeper.java:startScavenging(132)) - node0 Scavenging every 660000ms
2022-12-15 07:42:24,458 [Listener at 127.0.0.1/43229] INFO  handler.ContextHandler (ContextHandler.java:doStart(921)) - Started o.e.j.s.ServletContextHandler@2e57c15e{logs,/logs,file:///home/runner/work/ozone/ozone/hadoop-ozone/integration-test/target/log,AVAILABLE}
2022-12-15 07:42:24,459 [Listener at 127.0.0.1/43229] INFO  handler.ContextHandler (ContextHandler.java:doStart(921)) - Started o.e.j.s.ServletContextHandler@2c5281b1{static,/static,jar:file:/home/runner/.m2/repository/org/apache/ozone/hdds-container-service/1.3.0-SNAPSHOT/hdds-container-service-1.3.0-SNAPSHOT.jar!/webapps/static,AVAILABLE}
2022-12-15 07:42:24,633 [Listener at 127.0.0.1/43229] INFO  handler.ContextHandler (ContextHandler.java:doStart(921)) - Started o.e.j.w.WebAppContext@4a6ad3c5{hddsDatanode,/,file:///tmp/jetty-0_0_0_0-38981-hdds-container-service-1_3_0-SNAPSHOT_jar-_-any-1645258859472463867/webapp/,AVAILABLE}{jar:file:/home/runner/.m2/repository/org/apache/ozone/hdds-container-service/1.3.0-SNAPSHOT/hdds-container-service-1.3.0-SNAPSHOT.jar!/webapps/hddsDatanode}
2022-12-15 07:42:24,634 [Listener at 127.0.0.1/43229] INFO  server.AbstractConnector (AbstractConnector.java:doStart(333)) - Started ServerConnector@7d7d6131{HTTP/1.1, (http/1.1)}{0.0.0.0:38981}
2022-12-15 07:42:24,635 [Listener at 127.0.0.1/43229] INFO  server.Server (Server.java:doStart(415)) - Started @9282ms
2022-12-15 07:42:24,635 [Listener at 127.0.0.1/43229] WARN  impl.MetricsSystemImpl (MetricsSystemImpl.java:register(279)) - Sink prometheus already exists!
2022-12-15 07:42:24,635 [Listener at 127.0.0.1/43229] INFO  http.BaseHttpServer (BaseHttpServer.java:updateConnectorAddress(333)) - HTTP server of hddsDatanode listening at http://0.0.0.0:38981
2022-12-15 07:42:24,636 [Datanode State Machine Daemon Thread] INFO  statemachine.DatanodeStateMachine (DatanodeStateMachine.java:lambda$startDaemon$0(509)) - Ozone container server started.
2022-12-15 07:42:24,638 [Listener at 127.0.0.1/43229] INFO  ozone.MiniOzoneClusterImpl (MiniOzoneClusterImpl.java:lambda$waitForClusterToBeReady$0(216)) - Waiting for nodes to be ready. Got 0 of 3 DN Heartbeats.
2022-12-15 07:42:24,638 [Listener at 127.0.0.1/43229] INFO  ozone.MiniOzoneClusterImpl (MiniOzoneClusterImpl.java:lambda$waitForClusterToBeReady$0(219)) - Waiting for cluster to exit safe mode
2022-12-15 07:42:24,638 [Listener at 127.0.0.1/43229] INFO  ozone.MiniOzoneClusterImpl (MiniOzoneClusterImpl.java:lambda$waitForClusterToBeReady$0(221)) - SCM became leader
2022-12-15 07:42:24,641 [Datanode State Machine Task Thread - 0] INFO  datanode.InitDatanodeState (InitDatanodeState.java:persistContainerDatanodeDetails(138)) - DatanodeDetails is persisted to /home/runner/work/ozone/ozone/hadoop-ozone/integration-test/target/test-dir/MiniOzoneClusterImpl-e2b6c327-26bc-4f08-8023-c1f86063ce68/datanode-2/meta/datanode.id
2022-12-15 07:42:24,644 [org.apache.hadoop.util.JvmPauseMonitor$Monitor@2b42b5f2] INFO  util.JvmPauseMonitor (JvmPauseMonitor.java:run(188)) - Starting JVM pause monitor
2022-12-15 07:42:25,638 [Listener at 127.0.0.1/43229] INFO  ozone.MiniOzoneClusterImpl (MiniOzoneClusterImpl.java:lambda$waitForClusterToBeReady$0(216)) - Waiting for nodes to be ready. Got 0 of 3 DN Heartbeats.
2022-12-15 07:42:25,639 [Listener at 127.0.0.1/43229] INFO  ozone.MiniOzoneClusterImpl (MiniOzoneClusterImpl.java:lambda$waitForClusterToBeReady$0(219)) - Waiting for cluster to exit safe mode
2022-12-15 07:42:25,639 [Listener at 127.0.0.1/43229] INFO  ozone.MiniOzoneClusterImpl (MiniOzoneClusterImpl.java:lambda$waitForClusterToBeReady$0(221)) - SCM became leader
2022-12-15 07:42:25,838 [EndpointStateMachine task thread for /0.0.0.0:44865 - 0 ] INFO  utils.DatanodeStoreCache (DatanodeStoreCache.java:addDB(58)) - Added db /home/runner/work/ozone/ozone/hadoop-ozone/integration-test/target/test-dir/MiniOzoneClusterImpl-e2b6c327-26bc-4f08-8023-c1f86063ce68/datanode-0/data-0/containers/hdds/e2b6c327-26bc-4f08-8023-c1f86063ce68/DS-39f79849-499a-4ec8-9875-e58f04f9455a/container.db to cache
2022-12-15 07:42:25,838 [EndpointStateMachine task thread for /0.0.0.0:44865 - 0 ] INFO  volume.HddsVolume (HddsVolume.java:createDbStore(307)) - SchemaV3 db is created and loaded at /home/runner/work/ozone/ozone/hadoop-ozone/integration-test/target/test-dir/MiniOzoneClusterImpl-e2b6c327-26bc-4f08-8023-c1f86063ce68/datanode-0/data-0/containers/hdds/e2b6c327-26bc-4f08-8023-c1f86063ce68/DS-39f79849-499a-4ec8-9875-e58f04f9455a/container.db for volume DS-39f79849-499a-4ec8-9875-e58f04f9455a
2022-12-15 07:42:25,842 [EndpointStateMachine task thread for /0.0.0.0:44865 - 0 ] INFO  ozoneimpl.OzoneContainer (OzoneContainer.java:start(395)) - Attempting to start container services.
2022-12-15 07:42:25,845 [EndpointStateMachine task thread for /0.0.0.0:44865 - 0 ] INFO  ozoneimpl.OzoneContainer (OzoneContainer.java:startContainerScrub(312)) - Scheduled background container scanners and the on-demand container scanner have been disabled.
2022-12-15 07:42:25,847 [EndpointStateMachine task thread for /0.0.0.0:44865 - 0 ] INFO  replication.ReplicationServer (ReplicationServer.java:start(106)) - ReplicationServer is started using port 38787
2022-12-15 07:42:25,849 [EndpointStateMachine task thread for /0.0.0.0:44865 - 0 ] INFO  ratis.XceiverServerRatis (XceiverServerRatis.java:start(481)) - Starting XceiverServerRatis 546cc5e6-bfb7-463a-bee8-41bb77030907
2022-12-15 07:42:25,856 [EndpointStateMachine task thread for /0.0.0.0:44865 - 0 ] INFO  server.RaftServer (RaftServerProxy.java:startImpl(393)) - 546cc5e6-bfb7-463a-bee8-41bb77030907: start RPC server
2022-12-15 07:42:25,863 [EndpointStateMachine task thread for /0.0.0.0:44865 - 0 ] INFO  server.GrpcService (GrpcService.java:startImpl(262)) - 546cc5e6-bfb7-463a-bee8-41bb77030907: GrpcService started, listening on 33963
2022-12-15 07:42:25,863 [EndpointStateMachine task thread for /0.0.0.0:44865 - 0 ] INFO  ratis.XceiverServerRatis (XceiverServerRatis.java:getRealPort(502)) - XceiverServerRatis 546cc5e6-bfb7-463a-bee8-41bb77030907 is started using port 33963 for RATIS
2022-12-15 07:42:25,863 [EndpointStateMachine task thread for /0.0.0.0:44865 - 0 ] INFO  ratis.XceiverServerRatis (XceiverServerRatis.java:getRealPort(502)) - XceiverServerRatis 546cc5e6-bfb7-463a-bee8-41bb77030907 is started using port 33963 for RATIS_ADMIN
2022-12-15 07:42:25,863 [EndpointStateMachine task thread for /0.0.0.0:44865 - 0 ] INFO  ratis.XceiverServerRatis (XceiverServerRatis.java:getRealPort(502)) - XceiverServerRatis 546cc5e6-bfb7-463a-bee8-41bb77030907 is started using port 33963 for RATIS_SERVER
2022-12-15 07:42:25,865 [JvmPauseMonitor1] INFO  util.JvmPauseMonitor (JvmPauseMonitor.java:run(105)) - JvmPauseMonitor-546cc5e6-bfb7-463a-bee8-41bb77030907: Started
2022-12-15 07:42:25,868 [EndpointStateMachine task thread for /0.0.0.0:44865 - 0 ] INFO  server.XceiverServerGrpc (XceiverServerGrpc.java:start(180)) - XceiverServerGrpc 546cc5e6-bfb7-463a-bee8-41bb77030907 is started using port 44249
2022-12-15 07:42:26,355 [EndpointStateMachine task thread for /0.0.0.0:44865 - 0 ] INFO  utils.DatanodeStoreCache (DatanodeStoreCache.java:addDB(58)) - Added db /home/runner/work/ozone/ozone/hadoop-ozone/integration-test/target/test-dir/MiniOzoneClusterImpl-e2b6c327-26bc-4f08-8023-c1f86063ce68/datanode-1/data-0/containers/hdds/e2b6c327-26bc-4f08-8023-c1f86063ce68/DS-befa4a9b-e912-492b-bf4b-73a1ba2191f3/container.db to cache
2022-12-15 07:42:26,355 [EndpointStateMachine task thread for /0.0.0.0:44865 - 0 ] INFO  volume.HddsVolume (HddsVolume.java:createDbStore(307)) - SchemaV3 db is created and loaded at /home/runner/work/ozone/ozone/hadoop-ozone/integration-test/target/test-dir/MiniOzoneClusterImpl-e2b6c327-26bc-4f08-8023-c1f86063ce68/datanode-1/data-0/containers/hdds/e2b6c327-26bc-4f08-8023-c1f86063ce68/DS-befa4a9b-e912-492b-bf4b-73a1ba2191f3/container.db for volume DS-befa4a9b-e912-492b-bf4b-73a1ba2191f3
2022-12-15 07:42:26,356 [EndpointStateMachine task thread for /0.0.0.0:44865 - 0 ] INFO  ozoneimpl.OzoneContainer (OzoneContainer.java:start(395)) - Attempting to start container services.
2022-12-15 07:42:26,356 [EndpointStateMachine task thread for /0.0.0.0:44865 - 0 ] INFO  ozoneimpl.OzoneContainer (OzoneContainer.java:startContainerScrub(312)) - Scheduled background container scanners and the on-demand container scanner have been disabled.
2022-12-15 07:42:26,359 [EndpointStateMachine task thread for /0.0.0.0:44865 - 0 ] INFO  replication.ReplicationServer (ReplicationServer.java:start(106)) - ReplicationServer is started using port 43477
2022-12-15 07:42:26,360 [EndpointStateMachine task thread for /0.0.0.0:44865 - 0 ] INFO  ratis.XceiverServerRatis (XceiverServerRatis.java:start(481)) - Starting XceiverServerRatis 28aaa230-0c73-487d-9d0b-27cf7aed2ed4
2022-12-15 07:42:26,360 [EndpointStateMachine task thread for /0.0.0.0:44865 - 0 ] INFO  server.RaftServer (RaftServerProxy.java:startImpl(393)) - 28aaa230-0c73-487d-9d0b-27cf7aed2ed4: start RPC server
2022-12-15 07:42:26,362 [EndpointStateMachine task thread for /0.0.0.0:44865 - 0 ] INFO  server.GrpcService (GrpcService.java:startImpl(262)) - 28aaa230-0c73-487d-9d0b-27cf7aed2ed4: GrpcService started, listening on 39069
2022-12-15 07:42:26,362 [EndpointStateMachine task thread for /0.0.0.0:44865 - 0 ] INFO  ratis.XceiverServerRatis (XceiverServerRatis.java:getRealPort(502)) - XceiverServerRatis 28aaa230-0c73-487d-9d0b-27cf7aed2ed4 is started using port 39069 for RATIS
2022-12-15 07:42:26,362 [EndpointStateMachine task thread for /0.0.0.0:44865 - 0 ] INFO  ratis.XceiverServerRatis (XceiverServerRatis.java:getRealPort(502)) - XceiverServerRatis 28aaa230-0c73-487d-9d0b-27cf7aed2ed4 is started using port 39069 for RATIS_ADMIN
2022-12-15 07:42:26,362 [EndpointStateMachine task thread for /0.0.0.0:44865 - 0 ] INFO  ratis.XceiverServerRatis (XceiverServerRatis.java:getRealPort(502)) - XceiverServerRatis 28aaa230-0c73-487d-9d0b-27cf7aed2ed4 is started using port 39069 for RATIS_SERVER
2022-12-15 07:42:26,363 [JvmPauseMonitor2] INFO  util.JvmPauseMonitor (JvmPauseMonitor.java:run(105)) - JvmPauseMonitor-28aaa230-0c73-487d-9d0b-27cf7aed2ed4: Started
2022-12-15 07:42:26,364 [EndpointStateMachine task thread for /0.0.0.0:44865 - 0 ] INFO  server.XceiverServerGrpc (XceiverServerGrpc.java:start(180)) - XceiverServerGrpc 28aaa230-0c73-487d-9d0b-27cf7aed2ed4 is started using port 33937
2022-12-15 07:42:26,639 [Listener at 127.0.0.1/43229] INFO  ozone.MiniOzoneClusterImpl (MiniOzoneClusterImpl.java:lambda$waitForClusterToBeReady$0(216)) - Waiting for nodes to be ready. Got 0 of 3 DN Heartbeats.
2022-12-15 07:42:26,639 [Listener at 127.0.0.1/43229] INFO  ozone.MiniOzoneClusterImpl (MiniOzoneClusterImpl.java:lambda$waitForClusterToBeReady$0(219)) - Waiting for cluster to exit safe mode
2022-12-15 07:42:26,639 [Listener at 127.0.0.1/43229] INFO  ozone.MiniOzoneClusterImpl (MiniOzoneClusterImpl.java:lambda$waitForClusterToBeReady$0(221)) - SCM became leader
2022-12-15 07:42:26,666 [EndpointStateMachine task thread for /0.0.0.0:44865 - 0 ] INFO  utils.DatanodeStoreCache (DatanodeStoreCache.java:addDB(58)) - Added db /home/runner/work/ozone/ozone/hadoop-ozone/integration-test/target/test-dir/MiniOzoneClusterImpl-e2b6c327-26bc-4f08-8023-c1f86063ce68/datanode-2/data-0/containers/hdds/e2b6c327-26bc-4f08-8023-c1f86063ce68/DS-ffbe20ea-9779-4bdc-aaa0-cbd053c33977/container.db to cache
2022-12-15 07:42:26,669 [EndpointStateMachine task thread for /0.0.0.0:44865 - 0 ] INFO  volume.HddsVolume (HddsVolume.java:createDbStore(307)) - SchemaV3 db is created and loaded at /home/runner/work/ozone/ozone/hadoop-ozone/integration-test/target/test-dir/MiniOzoneClusterImpl-e2b6c327-26bc-4f08-8023-c1f86063ce68/datanode-2/data-0/containers/hdds/e2b6c327-26bc-4f08-8023-c1f86063ce68/DS-ffbe20ea-9779-4bdc-aaa0-cbd053c33977/container.db for volume DS-ffbe20ea-9779-4bdc-aaa0-cbd053c33977
2022-12-15 07:42:26,669 [EndpointStateMachine task thread for /0.0.0.0:44865 - 0 ] INFO  ozoneimpl.OzoneContainer (OzoneContainer.java:start(395)) - Attempting to start container services.
2022-12-15 07:42:26,669 [EndpointStateMachine task thread for /0.0.0.0:44865 - 0 ] INFO  ozoneimpl.OzoneContainer (OzoneContainer.java:startContainerScrub(312)) - Scheduled background container scanners and the on-demand container scanner have been disabled.
2022-12-15 07:42:26,673 [EndpointStateMachine task thread for /0.0.0.0:44865 - 0 ] INFO  replication.ReplicationServer (ReplicationServer.java:start(106)) - ReplicationServer is started using port 39423
2022-12-15 07:42:26,674 [EndpointStateMachine task thread for /0.0.0.0:44865 - 0 ] INFO  ratis.XceiverServerRatis (XceiverServerRatis.java:start(481)) - Starting XceiverServerRatis 35339c52-db7b-4081-839f-5ebc64119ecf
2022-12-15 07:42:26,679 [EndpointStateMachine task thread for /0.0.0.0:44865 - 0 ] INFO  server.RaftServer (RaftServerProxy.java:startImpl(393)) - 35339c52-db7b-4081-839f-5ebc64119ecf: start RPC server
2022-12-15 07:42:26,683 [EndpointStateMachine task thread for /0.0.0.0:44865 - 0 ] INFO  server.GrpcService (GrpcService.java:startImpl(262)) - 35339c52-db7b-4081-839f-5ebc64119ecf: GrpcService started, listening on 38883
2022-12-15 07:42:26,683 [EndpointStateMachine task thread for /0.0.0.0:44865 - 0 ] INFO  ratis.XceiverServerRatis (XceiverServerRatis.java:getRealPort(502)) - XceiverServerRatis 35339c52-db7b-4081-839f-5ebc64119ecf is started using port 38883 for RATIS
2022-12-15 07:42:26,683 [JvmPauseMonitor3] INFO  util.JvmPauseMonitor (JvmPauseMonitor.java:run(105)) - JvmPauseMonitor-35339c52-db7b-4081-839f-5ebc64119ecf: Started
2022-12-15 07:42:26,683 [EndpointStateMachine task thread for /0.0.0.0:44865 - 0 ] INFO  ratis.XceiverServerRatis (XceiverServerRatis.java:getRealPort(502)) - XceiverServerRatis 35339c52-db7b-4081-839f-5ebc64119ecf is started using port 38883 for RATIS_ADMIN
2022-12-15 07:42:26,683 [EndpointStateMachine task thread for /0.0.0.0:44865 - 0 ] INFO  ratis.XceiverServerRatis (XceiverServerRatis.java:getRealPort(502)) - XceiverServerRatis 35339c52-db7b-4081-839f-5ebc64119ecf is started using port 38883 for RATIS_SERVER
2022-12-15 07:42:26,686 [EndpointStateMachine task thread for /0.0.0.0:44865 - 0 ] INFO  server.XceiverServerGrpc (XceiverServerGrpc.java:start(180)) - XceiverServerGrpc 35339c52-db7b-4081-839f-5ebc64119ecf is started using port 46385
2022-12-15 07:42:27,639 [Listener at 127.0.0.1/43229] INFO  ozone.MiniOzoneClusterImpl (MiniOzoneClusterImpl.java:lambda$waitForClusterToBeReady$0(216)) - Waiting for nodes to be ready. Got 0 of 3 DN Heartbeats.
2022-12-15 07:42:27,640 [Listener at 127.0.0.1/43229] INFO  ozone.MiniOzoneClusterImpl (MiniOzoneClusterImpl.java:lambda$waitForClusterToBeReady$0(219)) - Waiting for cluster to exit safe mode
2022-12-15 07:42:27,640 [Listener at 127.0.0.1/43229] INFO  ozone.MiniOzoneClusterImpl (MiniOzoneClusterImpl.java:lambda$waitForClusterToBeReady$0(221)) - SCM became leader
2022-12-15 07:42:27,751 [IPC Server handler 0 on default port 44865] INFO  net.NetworkTopologyImpl (NetworkTopologyImpl.java:add(112)) - Added a new node: /default-rack/546cc5e6-bfb7-463a-bee8-41bb77030907
2022-12-15 07:42:27,753 [IPC Server handler 0 on default port 44865] INFO  node.SCMNodeManager (SCMNodeManager.java:register(397)) - Registered Data node : 546cc5e6-bfb7-463a-bee8-41bb77030907{ip: 10.1.0.16, host: fv-az127-938.h3uyzbqov44edfyrgkjongjtha.bx.internal.cloudapp.net, ports: [REPLICATION=38787, RATIS=33963, RATIS_ADMIN=33963, RATIS_SERVER=33963, STANDALONE=44249], networkLocation: /default-rack, certSerialId: null, persistedOpState: null, persistedOpStateExpiryEpochSec: 0}
2022-12-15 07:42:27,756 [EventQueue-NewNodeForNewNodeHandler] INFO  pipeline.BackgroundPipelineCreator (BackgroundPipelineCreator.java:notifyEventTriggered(276)) - trigger a one-shot run on RatisPipelineUtilsThread.
2022-12-15 07:42:27,758 [EventQueue-NodeRegistrationContainerReportForDataNodeSafeModeRule] INFO  safemode.SCMSafeModeManager (DataNodeSafeModeRule.java:process(71)) - SCM in safe mode. 1 DataNodes registered, 3 required.
2022-12-15 07:42:27,762 [EventQueue-NodeRegistrationContainerReportForContainerSafeModeRule] INFO  safemode.SCMSafeModeManager (SCMSafeModeManager.java:validateSafeModeExitRules(200)) - ContainerSafeModeRule rule is successfully validated
2022-12-15 07:42:27,764 [RatisPipelineUtilsThread - 0] INFO  pipeline.RatisPipelineProvider (RatisPipelineProvider.java:lambda$create$0(206)) - Sending CreatePipelineCommand for pipeline:PipelineID=0166b446-cc4b-4800-8d69-0ecd380f853c to datanode:546cc5e6-bfb7-463a-bee8-41bb77030907
2022-12-15 07:42:27,764 [EventQueue-PipelineReportForOneReplicaPipelineSafeModeRule] INFO  safemode.SCMSafeModeManager (SCMSafeModeManager.java:validateSafeModeExitRules(200)) - AtleastOneDatanodeReportedRule rule is successfully validated
2022-12-15 07:42:27,789 [RatisPipelineUtilsThread - 0] INFO  pipeline.PipelineStateManagerImpl (PipelineStateManagerImpl.java:addPipeline(103)) - Created pipeline Pipeline[ Id: 0166b446-cc4b-4800-8d69-0ecd380f853c, Nodes: 546cc5e6-bfb7-463a-bee8-41bb77030907{ip: 10.1.0.16, host: fv-az127-938.h3uyzbqov44edfyrgkjongjtha.bx.internal.cloudapp.net, ports: [REPLICATION=38787, RATIS=33963, RATIS_ADMIN=33963, RATIS_SERVER=33963, STANDALONE=44249], networkLocation: /default-rack, certSerialId: null, persistedOpState: IN_SERVICE, persistedOpStateExpiryEpochSec: 0}, ReplicationConfig: RATIS/ONE, State:ALLOCATED, leaderId:, CreationTimestamp2022-12-15T07:42:27.763Z[Etc/UTC]].
2022-12-15 07:42:28,324 [IPC Server handler 2 on default port 44865] INFO  net.NetworkTopologyImpl (NetworkTopologyImpl.java:add(112)) - Added a new node: /default-rack/28aaa230-0c73-487d-9d0b-27cf7aed2ed4
2022-12-15 07:42:28,325 [IPC Server handler 2 on default port 44865] INFO  node.SCMNodeManager (SCMNodeManager.java:register(397)) - Registered Data node : 28aaa230-0c73-487d-9d0b-27cf7aed2ed4{ip: 10.1.0.16, host: fv-az127-938.h3uyzbqov44edfyrgkjongjtha.bx.internal.cloudapp.net, ports: [REPLICATION=43477, RATIS=39069, RATIS_ADMIN=39069, RATIS_SERVER=39069, STANDALONE=33937], networkLocation: /default-rack, certSerialId: null, persistedOpState: null, persistedOpStateExpiryEpochSec: 0}
2022-12-15 07:42:28,325 [EventQueue-NewNodeForNewNodeHandler] INFO  pipeline.BackgroundPipelineCreator (BackgroundPipelineCreator.java:notifyEventTriggered(276)) - trigger a one-shot run on RatisPipelineUtilsThread.
2022-12-15 07:42:28,327 [EventQueue-NodeRegistrationContainerReportForDataNodeSafeModeRule] INFO  safemode.SCMSafeModeManager (DataNodeSafeModeRule.java:process(71)) - SCM in safe mode. 2 DataNodes registered, 3 required.
2022-12-15 07:42:28,327 [RatisPipelineUtilsThread - 0] INFO  pipeline.RatisPipelineProvider (RatisPipelineProvider.java:lambda$create$0(206)) - Sending CreatePipelineCommand for pipeline:PipelineID=e2c4ede5-ccb7-4ea0-8748-cad7c176633c to datanode:28aaa230-0c73-487d-9d0b-27cf7aed2ed4
2022-12-15 07:42:28,328 [RatisPipelineUtilsThread - 0] INFO  pipeline.PipelineStateManagerImpl (PipelineStateManagerImpl.java:addPipeline(103)) - Created pipeline Pipeline[ Id: e2c4ede5-ccb7-4ea0-8748-cad7c176633c, Nodes: 28aaa230-0c73-487d-9d0b-27cf7aed2ed4{ip: 10.1.0.16, host: fv-az127-938.h3uyzbqov44edfyrgkjongjtha.bx.internal.cloudapp.net, ports: [REPLICATION=43477, RATIS=39069, RATIS_ADMIN=39069, RATIS_SERVER=39069, STANDALONE=33937], networkLocation: /default-rack, certSerialId: null, persistedOpState: IN_SERVICE, persistedOpStateExpiryEpochSec: 0}, ReplicationConfig: RATIS/ONE, State:ALLOCATED, leaderId:, CreationTimestamp2022-12-15T07:42:28.327Z[Etc/UTC]].
2022-12-15 07:42:28,640 [Listener at 127.0.0.1/43229] INFO  ozone.MiniOzoneClusterImpl (MiniOzoneClusterImpl.java:lambda$waitForClusterToBeReady$0(216)) - Waiting for nodes to be ready. Got 2 of 3 DN Heartbeats.
2022-12-15 07:42:28,640 [Listener at 127.0.0.1/43229] INFO  ozone.MiniOzoneClusterImpl (MiniOzoneClusterImpl.java:lambda$waitForClusterToBeReady$0(219)) - Waiting for cluster to exit safe mode
2022-12-15 07:42:28,640 [Listener at 127.0.0.1/43229] INFO  ozone.MiniOzoneClusterImpl (MiniOzoneClusterImpl.java:lambda$waitForClusterToBeReady$0(221)) - SCM became leader
2022-12-15 07:42:28,642 [IPC Server handler 1 on default port 44865] INFO  net.NetworkTopologyImpl (NetworkTopologyImpl.java:add(112)) - Added a new node: /default-rack/35339c52-db7b-4081-839f-5ebc64119ecf
2022-12-15 07:42:28,643 [IPC Server handler 1 on default port 44865] INFO  node.SCMNodeManager (SCMNodeManager.java:register(397)) - Registered Data node : 35339c52-db7b-4081-839f-5ebc64119ecf{ip: 10.1.0.16, host: fv-az127-938.h3uyzbqov44edfyrgkjongjtha.bx.internal.cloudapp.net, ports: [REPLICATION=39423, RATIS=38883, RATIS_ADMIN=38883, RATIS_SERVER=38883, STANDALONE=46385], networkLocation: /default-rack, certSerialId: null, persistedOpState: null, persistedOpStateExpiryEpochSec: 0}
2022-12-15 07:42:28,643 [EventQueue-NewNodeForNewNodeHandler] INFO  pipeline.BackgroundPipelineCreator (BackgroundPipelineCreator.java:notifyEventTriggered(276)) - trigger a one-shot run on RatisPipelineUtilsThread.
2022-12-15 07:42:28,643 [EventQueue-NodeRegistrationContainerReportForDataNodeSafeModeRule] INFO  safemode.SCMSafeModeManager (DataNodeSafeModeRule.java:process(71)) - SCM in safe mode. 3 DataNodes registered, 3 required.
2022-12-15 07:42:28,643 [EventQueue-NodeRegistrationContainerReportForDataNodeSafeModeRule] INFO  safemode.SCMSafeModeManager (SCMSafeModeManager.java:validateSafeModeExitRules(200)) - DataNodeSafeModeRule rule is successfully validated
2022-12-15 07:42:28,643 [EventQueue-NodeRegistrationContainerReportForDataNodeSafeModeRule] INFO  safemode.SCMSafeModeManager (SCMSafeModeManager.java:completePreCheck(229)) - All SCM safe mode pre check rules have passed
2022-12-15 07:42:28,643 [EventQueue-NodeRegistrationContainerReportForDataNodeSafeModeRule] INFO  ha.SCMContext (SCMContext.java:updateSafeModeStatus(228)) - Update SafeModeStatus from SafeModeStatus{safeModeStatus=true, preCheckPassed=false} to SafeModeStatus{safeModeStatus=true, preCheckPassed=true}.
2022-12-15 07:42:28,643 [EventQueue-NodeRegistrationContainerReportForDataNodeSafeModeRule] INFO  pipeline.BackgroundPipelineCreator (BackgroundPipelineCreator.java:notifyEventTriggered(276)) - trigger a one-shot run on RatisPipelineUtilsThread.
2022-12-15 07:42:28,644 [RatisPipelineUtilsThread - 0] INFO  pipeline.RatisPipelineProvider (RatisPipelineProvider.java:lambda$create$0(206)) - Sending CreatePipelineCommand for pipeline:PipelineID=75f2b698-b8fe-4492-8700-4e1b1ebfaf85 to datanode:35339c52-db7b-4081-839f-5ebc64119ecf
2022-12-15 07:42:28,644 [RatisPipelineUtilsThread - 0] INFO  pipeline.PipelineStateManagerImpl (PipelineStateManagerImpl.java:addPipeline(103)) - Created pipeline Pipeline[ Id: 75f2b698-b8fe-4492-8700-4e1b1ebfaf85, Nodes: 35339c52-db7b-4081-839f-5ebc64119ecf{ip: 10.1.0.16, host: fv-az127-938.h3uyzbqov44edfyrgkjongjtha.bx.internal.cloudapp.net, ports: [REPLICATION=39423, RATIS=38883, RATIS_ADMIN=38883, RATIS_SERVER=38883, STANDALONE=46385], networkLocation: /default-rack, certSerialId: null, persistedOpState: IN_SERVICE, persistedOpStateExpiryEpochSec: 0}, ReplicationConfig: RATIS/ONE, State:ALLOCATED, leaderId:, CreationTimestamp2022-12-15T07:42:28.644Z[Etc/UTC]].
2022-12-15 07:42:28,649 [RatisPipelineUtilsThread - 0] INFO  pipeline.RatisPipelineProvider (RatisPipelineProvider.java:lambda$create$0(206)) - Sending CreatePipelineCommand for pipeline:PipelineID=e80babe2-9d10-4976-8c29-b86cda90664c to datanode:28aaa230-0c73-487d-9d0b-27cf7aed2ed4
2022-12-15 07:42:28,649 [RatisPipelineUtilsThread - 0] INFO  pipeline.RatisPipelineProvider (RatisPipelineProvider.java:lambda$create$0(206)) - Sending CreatePipelineCommand for pipeline:PipelineID=e80babe2-9d10-4976-8c29-b86cda90664c to datanode:546cc5e6-bfb7-463a-bee8-41bb77030907
2022-12-15 07:42:28,649 [RatisPipelineUtilsThread - 0] INFO  pipeline.RatisPipelineProvider (RatisPipelineProvider.java:lambda$create$0(206)) - Sending CreatePipelineCommand for pipeline:PipelineID=e80babe2-9d10-4976-8c29-b86cda90664c to datanode:35339c52-db7b-4081-839f-5ebc64119ecf
2022-12-15 07:42:28,650 [RatisPipelineUtilsThread - 0] INFO  pipeline.PipelineStateManagerImpl (PipelineStateManagerImpl.java:addPipeline(103)) - Created pipeline Pipeline[ Id: e80babe2-9d10-4976-8c29-b86cda90664c, Nodes: 28aaa230-0c73-487d-9d0b-27cf7aed2ed4{ip: 10.1.0.16, host: fv-az127-938.h3uyzbqov44edfyrgkjongjtha.bx.internal.cloudapp.net, ports: [REPLICATION=43477, RATIS=39069, RATIS_ADMIN=39069, RATIS_SERVER=39069, STANDALONE=33937], networkLocation: /default-rack, certSerialId: null, persistedOpState: IN_SERVICE, persistedOpStateExpiryEpochSec: 0}546cc5e6-bfb7-463a-bee8-41bb77030907{ip: 10.1.0.16, host: fv-az127-938.h3uyzbqov44edfyrgkjongjtha.bx.internal.cloudapp.net, ports: [REPLICATION=38787, RATIS=33963, RATIS_ADMIN=33963, RATIS_SERVER=33963, STANDALONE=44249], networkLocation: /default-rack, certSerialId: null, persistedOpState: IN_SERVICE, persistedOpStateExpiryEpochSec: 0}35339c52-db7b-4081-839f-5ebc64119ecf{ip: 10.1.0.16, host: fv-az127-938.h3uyzbqov44edfyrgkjongjtha.bx.internal.cloudapp.net, ports: [REPLICATION=39423, RATIS=38883, RATIS_ADMIN=38883, RATIS_SERVER=38883, STANDALONE=46385], networkLocation: /default-rack, certSerialId: null, persistedOpState: IN_SERVICE, persistedOpStateExpiryEpochSec: 0}, ReplicationConfig: RATIS/THREE, State:ALLOCATED, leaderId:, CreationTimestamp2022-12-15T07:42:28.649Z[Etc/UTC]].
2022-12-15 07:42:28,652 [RatisPipelineUtilsThread - 0] INFO  pipeline.RatisPipelineProvider (RatisPipelineProvider.java:lambda$create$0(206)) - Sending CreatePipelineCommand for pipeline:PipelineID=ce52f2b2-c92e-40dd-bce5-de5e2b50a588 to datanode:546cc5e6-bfb7-463a-bee8-41bb77030907
2022-12-15 07:42:28,657 [RatisPipelineUtilsThread - 0] INFO  pipeline.RatisPipelineProvider (RatisPipelineProvider.java:lambda$create$0(206)) - Sending CreatePipelineCommand for pipeline:PipelineID=ce52f2b2-c92e-40dd-bce5-de5e2b50a588 to datanode:35339c52-db7b-4081-839f-5ebc64119ecf
2022-12-15 07:42:28,657 [RatisPipelineUtilsThread - 0] INFO  pipeline.RatisPipelineProvider (RatisPipelineProvider.java:lambda$create$0(206)) - Sending CreatePipelineCommand for pipeline:PipelineID=ce52f2b2-c92e-40dd-bce5-de5e2b50a588 to datanode:28aaa230-0c73-487d-9d0b-27cf7aed2ed4
2022-12-15 07:42:28,659 [RatisPipelineUtilsThread - 0] INFO  pipeline.PipelineStateManagerImpl (PipelineStateManagerImpl.java:addPipeline(103)) - Created pipeline Pipeline[ Id: ce52f2b2-c92e-40dd-bce5-de5e2b50a588, Nodes: 546cc5e6-bfb7-463a-bee8-41bb77030907{ip: 10.1.0.16, host: fv-az127-938.h3uyzbqov44edfyrgkjongjtha.bx.internal.cloudapp.net, ports: [REPLICATION=38787, RATIS=33963, RATIS_ADMIN=33963, RATIS_SERVER=33963, STANDALONE=44249], networkLocation: /default-rack, certSerialId: null, persistedOpState: IN_SERVICE, persistedOpStateExpiryEpochSec: 0}35339c52-db7b-4081-839f-5ebc64119ecf{ip: 10.1.0.16, host: fv-az127-938.h3uyzbqov44edfyrgkjongjtha.bx.internal.cloudapp.net, ports: [REPLICATION=39423, RATIS=38883, RATIS_ADMIN=38883, RATIS_SERVER=38883, STANDALONE=46385], networkLocation: /default-rack, certSerialId: null, persistedOpState: IN_SERVICE, persistedOpStateExpiryEpochSec: 0}28aaa230-0c73-487d-9d0b-27cf7aed2ed4{ip: 10.1.0.16, host: fv-az127-938.h3uyzbqov44edfyrgkjongjtha.bx.internal.cloudapp.net, ports: [REPLICATION=43477, RATIS=39069, RATIS_ADMIN=39069, RATIS_SERVER=39069, STANDALONE=33937], networkLocation: /default-rack, certSerialId: null, persistedOpState: IN_SERVICE, persistedOpStateExpiryEpochSec: 0}, ReplicationConfig: RATIS/THREE, State:ALLOCATED, leaderId:, CreationTimestamp2022-12-15T07:42:28.652Z[Etc/UTC]].
2022-12-15 07:42:28,660 [RatisPipelineUtilsThread - 0] INFO  pipeline.PipelineManagerImpl (PipelineManagerImpl.java:recordMetricsForPipeline(826)) - Pipeline: PipelineID=ce52f2b2-c92e-40dd-bce5-de5e2b50a588 contains same datanodes as previous pipelines: PipelineID=e80babe2-9d10-4976-8c29-b86cda90664c nodeIds: 546cc5e6-bfb7-463a-bee8-41bb77030907, 35339c52-db7b-4081-839f-5ebc64119ecf, 28aaa230-0c73-487d-9d0b-27cf7aed2ed4
2022-12-15 07:42:28,660 [RatisPipelineUtilsThread - 0] WARN  pipeline.PipelinePlacementPolicy (PipelinePlacementPolicy.java:filterViableNodes(158)) - Pipeline creation failed due to no sufficient healthy datanodes. Required 3. Found 0.
2022-12-15 07:42:29,641 [Listener at 127.0.0.1/43229] INFO  ozone.MiniOzoneClusterImpl (MiniOzoneClusterImpl.java:lambda$waitForClusterToBeReady$0(216)) - Nodes are ready. Got 3 of 3 DN Heartbeats.
2022-12-15 07:42:29,642 [Listener at 127.0.0.1/43229] INFO  ozone.MiniOzoneClusterImpl (MiniOzoneClusterImpl.java:lambda$waitForClusterToBeReady$0(219)) - Waiting for cluster to exit safe mode
2022-12-15 07:42:29,642 [Listener at 127.0.0.1/43229] INFO  ozone.MiniOzoneClusterImpl (MiniOzoneClusterImpl.java:lambda$waitForClusterToBeReady$0(221)) - SCM became leader
2022-12-15 07:42:29,735 [EventQueue-CommandQueueReportForCommandQueueReportHandler] WARN  events.EventQueue (EventQueue.java:fireEvent(216)) - No event handler registered for event TypedEvent{payloadType=DatanodeDetails, name='Datanode_Command_Queue_Updated'}
2022-12-15 07:42:30,324 [EventQueue-CommandQueueReportForCommandQueueReportHandler] WARN  events.EventQueue (EventQueue.java:fireEvent(216)) - No event handler registered for event TypedEvent{payloadType=DatanodeDetails, name='Datanode_Command_Queue_Updated'}
2022-12-15 07:42:30,642 [EventQueue-CommandQueueReportForCommandQueueReportHandler] WARN  events.EventQueue (EventQueue.java:fireEvent(216)) - No event handler registered for event TypedEvent{payloadType=DatanodeDetails, name='Datanode_Command_Queue_Updated'}
2022-12-15 07:42:30,643 [Listener at 127.0.0.1/43229] INFO  ozone.MiniOzoneClusterImpl (MiniOzoneClusterImpl.java:lambda$waitForClusterToBeReady$0(216)) - Nodes are ready. Got 3 of 3 DN Heartbeats.
2022-12-15 07:42:30,643 [Listener at 127.0.0.1/43229] INFO  ozone.MiniOzoneClusterImpl (MiniOzoneClusterImpl.java:lambda$waitForClusterToBeReady$0(219)) - Waiting for cluster to exit safe mode
2022-12-15 07:42:30,643 [Listener at 127.0.0.1/43229] INFO  ozone.MiniOzoneClusterImpl (MiniOzoneClusterImpl.java:lambda$waitForClusterToBeReady$0(221)) - SCM became leader
2022-12-15 07:42:30,728 [EventQueue-CommandQueueReportForCommandQueueReportHandler] WARN  events.EventQueue (EventQueue.java:fireEvent(216)) - No event handler registered for event TypedEvent{payloadType=DatanodeDetails, name='Datanode_Command_Queue_Updated'}
2022-12-15 07:42:30,751 [Command processor thread] INFO  server.RaftServer (RaftServerProxy.java:addNew(96)) - 546cc5e6-bfb7-463a-bee8-41bb77030907: addNew group-0ECD380F853C:[546cc5e6-bfb7-463a-bee8-41bb77030907|rpc:10.1.0.16:33963|priority:1|startupRole:FOLLOWER] returns group-0ECD380F853C:java.util.concurrent.CompletableFuture@105e103e[Not completed]
2022-12-15 07:42:30,763 [pool-71-thread-1] INFO  server.RaftServer$Division (RaftServerImpl.java:<init>(195)) - 546cc5e6-bfb7-463a-bee8-41bb77030907: new RaftServerImpl for group-0ECD380F853C:[546cc5e6-bfb7-463a-bee8-41bb77030907|rpc:10.1.0.16:33963|priority:1|startupRole:FOLLOWER] with ContainerStateMachine:uninitialized
2022-12-15 07:42:30,763 [pool-71-thread-1] INFO  server.RaftServerConfigKeys (ConfUtils.java:logGet(46)) - raft.server.rpc.timeout.min = 5s (custom)
2022-12-15 07:42:30,763 [pool-71-thread-1] INFO  server.RaftServerConfigKeys (ConfUtils.java:logGet(46)) - raft.server.rpc.timeout.max = 5200ms (custom)
2022-12-15 07:42:30,763 [pool-71-thread-1] INFO  server.RaftServerConfigKeys (ConfUtils.java:logGet(46)) - raft.server.rpc.sleep.time = 25ms (default)
2022-12-15 07:42:30,763 [pool-71-thread-1] INFO  server.RaftServerConfigKeys (ConfUtils.java:logGet(46)) - raft.server.rpc.slowness.timeout = 300s (custom)
2022-12-15 07:42:30,763 [pool-71-thread-1] INFO  server.RaftServerConfigKeys (ConfUtils.java:logGet(46)) - raft.server.leaderelection.leader.step-down.wait-time = 10s (default)
2022-12-15 07:42:30,763 [pool-71-thread-1] INFO  server.RaftServerConfigKeys (ConfUtils.java:logGet(46)) - raft.server.sleep.deviation.threshold = 300ms (default)
2022-12-15 07:42:30,763 [pool-71-thread-1] INFO  server.RaftServer$Division (ServerState.java:<init>(118)) - 546cc5e6-bfb7-463a-bee8-41bb77030907@group-0ECD380F853C: ConfigurationManager, init=-1: peers:[546cc5e6-bfb7-463a-bee8-41bb77030907|rpc:10.1.0.16:33963|priority:1|startupRole:FOLLOWER]|listeners:[], old=null, confs=<EMPTY_MAP>
2022-12-15 07:42:30,763 [pool-71-thread-1] INFO  server.RaftServerConfigKeys (ConfUtils.java:logGet(46)) - raft.server.storage.dir = [/home/runner/work/ozone/ozone/hadoop-ozone/integration-test/target/test-dir/MiniOzoneClusterImpl-e2b6c327-26bc-4f08-8023-c1f86063ce68/datanode-0/data/ratis] (custom)
2022-12-15 07:42:30,763 [pool-71-thread-1] INFO  server.RaftServerConfigKeys (ConfUtils.java:logGet(46)) - raft.server.log.corruption.policy = EXCEPTION (default)
2022-12-15 07:42:30,764 [pool-71-thread-1] INFO  server.RaftServerConfigKeys (ConfUtils.java:logGet(46)) - raft.server.storage.free-space.min = 0MB (=0) (default)
2022-12-15 07:42:30,764 [pool-71-thread-1] INFO  server.RaftServerConfigKeys (ConfUtils.java:logGet(46)) - raft.server.notification.no-leader.timeout = 300s (custom)
2022-12-15 07:42:30,764 [pool-71-thread-1] INFO  server.RaftServerConfigKeys (ConfUtils.java:logGet(46)) - raft.server.retrycache.expirytime = 600000ms (custom)
2022-12-15 07:42:30,764 [pool-71-thread-1] INFO  server.RaftServerConfigKeys (ConfUtils.java:logGet(46)) - raft.server.retrycache.statistics.expirytime = 100μs (default)
2022-12-15 07:42:30,766 [pool-71-thread-1] INFO  server.RaftServerConfigKeys (ConfUtils.java:logGet(46)) - raft.server.log.appender.install.snapshot.enabled = false (custom)
2022-12-15 07:42:30,766 [pool-71-thread-1] INFO  server.RaftServerConfigKeys (ConfUtils.java:logGet(46)) - raft.server.threadpool.server.cached = true (default)
2022-12-15 07:42:30,766 [pool-71-thread-1] INFO  server.RaftServerConfigKeys (ConfUtils.java:logGet(46)) - raft.server.threadpool.server.size = 0 (default)
2022-12-15 07:42:30,766 [pool-71-thread-1] INFO  server.RaftServerConfigKeys (ConfUtils.java:logGet(46)) - raft.server.threadpool.client.cached = true (default)
2022-12-15 07:42:30,766 [pool-71-thread-1] INFO  server.RaftServerConfigKeys (ConfUtils.java:logGet(46)) - raft.server.threadpool.client.size = 0 (default)
2022-12-15 07:42:30,766 [pool-71-thread-1] INFO  storage.RaftStorageDirectory (RaftStorageDirectoryImpl.java:analyzeStorage(137)) - The storage directory /home/runner/work/ozone/ozone/hadoop-ozone/integration-test/target/test-dir/MiniOzoneClusterImpl-e2b6c327-26bc-4f08-8023-c1f86063ce68/datanode-0/data/ratis/0166b446-cc4b-4800-8d69-0ecd380f853c does not exist. Creating ...
2022-12-15 07:42:30,768 [pool-71-thread-1] INFO  storage.RaftStorageDirectory (RaftStorageDirectoryImpl.java:tryLock(231)) - Lock on /home/runner/work/ozone/ozone/hadoop-ozone/integration-test/target/test-dir/MiniOzoneClusterImpl-e2b6c327-26bc-4f08-8023-c1f86063ce68/datanode-0/data/ratis/0166b446-cc4b-4800-8d69-0ecd380f853c/in_use.lock acquired by nodename 56908@fv-az127-938
2022-12-15 07:42:30,769 [pool-71-thread-1] INFO  storage.RaftStorage (RaftStorageImpl.java:format(96)) - Storage directory /home/runner/work/ozone/ozone/hadoop-ozone/integration-test/target/test-dir/MiniOzoneClusterImpl-e2b6c327-26bc-4f08-8023-c1f86063ce68/datanode-0/data/ratis/0166b446-cc4b-4800-8d69-0ecd380f853c has been successfully formatted.
2022-12-15 07:42:30,773 [pool-71-thread-1] INFO  ratis.ContainerStateMachine (ContainerStateMachine.java:loadSnapshot(236)) - group-0ECD380F853C: The snapshot info is null. Setting the last applied indexto:(t:0, i:~)
2022-12-15 07:42:30,773 [pool-71-thread-1] INFO  server.RaftServerConfigKeys (ConfUtils.java:logGet(46)) - raft.server.log.use.memory = false (default)
2022-12-15 07:42:30,773 [pool-71-thread-1] INFO  server.RaftServerConfigKeys (ConfUtils.java:logGet(46)) - raft.server.log.purge.gap = 1000000 (custom)
2022-12-15 07:42:30,773 [pool-71-thread-1] INFO  server.RaftServerConfigKeys (ConfUtils.java:logGet(46)) - raft.server.log.appender.buffer.byte-limit = 33554432 (custom)
2022-12-15 07:42:30,773 [pool-71-thread-1] INFO  server.RaftServerConfigKeys (ConfUtils.java:logGet(46)) - raft.server.log.statemachine.data.read.timeout = 1000ms (default)
2022-12-15 07:42:30,773 [pool-71-thread-1] INFO  server.RaftServerConfigKeys (ConfUtils.java:logGet(46)) - raft.server.log.purge.preservation.log.num = 0 (default)
2022-12-15 07:42:30,774 [pool-71-thread-1] INFO  server.RaftServerConfigKeys (ConfUtils.java:logGet(46)) - raft.server.log.segment.size.max = 1048576 (custom)
2022-12-15 07:42:30,774 [pool-71-thread-1] INFO  server.RaftServerConfigKeys (ConfUtils.java:logGet(46)) - raft.server.log.segment.cache.num.max = 2 (custom)
2022-12-15 07:42:30,774 [pool-71-thread-1] INFO  server.RaftServerConfigKeys (ConfUtils.java:logGet(46)) - raft.server.log.segment.cache.size.max = 200MB (=209715200) (default)
2022-12-15 07:42:30,774 [pool-71-thread-1] INFO  segmented.SegmentedRaftLogWorker (SegmentedRaftLogWorker.java:<init>(189)) - new 546cc5e6-bfb7-463a-bee8-41bb77030907@group-0ECD380F853C-SegmentedRaftLogWorker for RaftStorageImpl:Storage Directory /home/runner/work/ozone/ozone/hadoop-ozone/integration-test/target/test-dir/MiniOzoneClusterImpl-e2b6c327-26bc-4f08-8023-c1f86063ce68/datanode-0/data/ratis/0166b446-cc4b-4800-8d69-0ecd380f853c
2022-12-15 07:42:30,776 [pool-71-thread-1] INFO  server.RaftServerConfigKeys (ConfUtils.java:logGet(46)) - raft.server.log.queue.byte-limit = 4294967296 (custom)
2022-12-15 07:42:30,776 [pool-71-thread-1] INFO  server.RaftServerConfigKeys (ConfUtils.java:logGet(46)) - raft.server.log.queue.element-limit = 1024 (custom)
2022-12-15 07:42:30,776 [pool-71-thread-1] INFO  server.RaftServerConfigKeys (ConfUtils.java:logGet(46)) - raft.server.log.segment.size.max = 1048576 (custom)
2022-12-15 07:42:30,776 [pool-71-thread-1] INFO  server.RaftServerConfigKeys (ConfUtils.java:logGet(46)) - raft.server.log.preallocated.size = 16384 (custom)
2022-12-15 07:42:30,776 [pool-71-thread-1] INFO  server.RaftServerConfigKeys (ConfUtils.java:logGet(46)) - raft.server.log.force.sync.num = 128 (default)
2022-12-15 07:42:30,777 [pool-71-thread-1] INFO  server.RaftServerConfigKeys (ConfUtils.java:logGet(46)) - raft.server.log.statemachine.data.sync = true (default)
2022-12-15 07:42:30,777 [pool-71-thread-1] INFO  server.RaftServerConfigKeys (ConfUtils.java:logGet(46)) - raft.server.log.statemachine.data.sync.timeout = 10s (default)
2022-12-15 07:42:30,777 [pool-71-thread-1] INFO  server.RaftServerConfigKeys (ConfUtils.java:logGet(46)) - raft.server.log.statemachine.data.sync.timeout.retry = -1 (default)
2022-12-15 07:42:30,778 [pool-71-thread-1] INFO  server.RaftServerConfigKeys (ConfUtils.java:logGet(46)) - raft.server.log.write.buffer.size = 1048576 (custom)
2022-12-15 07:42:30,778 [pool-71-thread-1] INFO  server.RaftServerConfigKeys (ConfUtils.java:logGet(46)) - raft.server.log.appender.buffer.byte-limit = 33554432 (custom)
2022-12-15 07:42:30,783 [pool-71-thread-1] INFO  server.RaftServerConfigKeys (ConfUtils.java:logGet(46)) - raft.server.log.unsafe-flush.enabled = false (default)
2022-12-15 07:42:30,783 [pool-71-thread-1] INFO  server.RaftServerConfigKeys (ConfUtils.java:logGet(46)) - raft.server.log.async-flush.enabled = false (default)
2022-12-15 07:42:30,783 [pool-71-thread-1] INFO  server.RaftServerConfigKeys (ConfUtils.java:logGet(46)) - raft.server.log.statemachine.data.caching.enabled = true (custom)
2022-12-15 07:42:30,783 [pool-71-thread-1] INFO  segmented.SegmentedRaftLogWorker (SegmentedRaftLogWorker.java:lambda$new$0(135)) - 546cc5e6-bfb7-463a-bee8-41bb77030907@group-0ECD380F853C-SegmentedRaftLogWorker: flushIndex: setUnconditionally 0 -> -1
2022-12-15 07:42:30,784 [pool-71-thread-1] INFO  segmented.SegmentedRaftLogWorker (SegmentedRaftLogWorker.java:lambda$new$0(135)) - 546cc5e6-bfb7-463a-bee8-41bb77030907@group-0ECD380F853C-SegmentedRaftLogWorker: safeCacheEvictIndex: setUnconditionally 0 -> -1
2022-12-15 07:42:30,784 [pool-71-thread-1] INFO  server.RaftServer$Division (RaftServerImpl.java:start(334)) - 546cc5e6-bfb7-463a-bee8-41bb77030907@group-0ECD380F853C: start as a follower, conf=-1: peers:[546cc5e6-bfb7-463a-bee8-41bb77030907|rpc:10.1.0.16:33963|priority:1|startupRole:FOLLOWER]|listeners:[], old=null
2022-12-15 07:42:30,784 [pool-71-thread-1] INFO  server.RaftServer$Division (RaftServerImpl.java:setRole(321)) - 546cc5e6-bfb7-463a-bee8-41bb77030907@group-0ECD380F853C: changes role from      null to FOLLOWER at term 0 for startAsFollower
2022-12-15 07:42:30,784 [pool-71-thread-1] INFO  impl.RoleInfo (RoleInfo.java:updateAndGet(139)) - 546cc5e6-bfb7-463a-bee8-41bb77030907: start 546cc5e6-bfb7-463a-bee8-41bb77030907@group-0ECD380F853C-FollowerState
2022-12-15 07:42:30,784 [546cc5e6-bfb7-463a-bee8-41bb77030907@group-0ECD380F853C-FollowerState] INFO  server.RaftServerConfigKeys (ConfUtils.java:logFallback(53)) - raft.server.rpc.first-election.timeout.min = 5s (fallback to raft.server.rpc.timeout.min)
2022-12-15 07:42:30,784 [546cc5e6-bfb7-463a-bee8-41bb77030907@group-0ECD380F853C-FollowerState] INFO  server.RaftServerConfigKeys (ConfUtils.java:logFallback(53)) - raft.server.rpc.first-election.timeout.max = 5200ms (fallback to raft.server.rpc.timeout.max)
2022-12-15 07:42:30,785 [pool-71-thread-1] INFO  util.JmxRegister (JmxRegister.java:tryRegister(44)) - Successfully registered JMX Bean with object name Ratis:service=RaftServer,group=group-0ECD380F853C,id=546cc5e6-bfb7-463a-bee8-41bb77030907
2022-12-15 07:42:30,787 [pool-71-thread-1] INFO  server.RaftServerConfigKeys (ConfUtils.java:logGet(46)) - raft.server.snapshot.auto.trigger.enabled = true (custom)
2022-12-15 07:42:30,787 [pool-71-thread-1] INFO  server.RaftServerConfigKeys (ConfUtils.java:logGet(46)) - raft.server.snapshot.auto.trigger.threshold = 10000 (custom)
2022-12-15 07:42:30,788 [pool-71-thread-1] INFO  server.RaftServerConfigKeys (ConfUtils.java:logGet(46)) - raft.server.snapshot.retention.file.num = 5 (custom)
2022-12-15 07:42:30,788 [pool-71-thread-1] INFO  server.RaftServerConfigKeys (ConfUtils.java:logGet(46)) - raft.server.log.purge.upto.snapshot.index = false (default)
2022-12-15 07:42:30,796 [Command processor thread] INFO  ratis.XceiverServerRatis (XceiverServerRatis.java:addGroup(765)) - Created group PipelineID=0166b446-cc4b-4800-8d69-0ecd380f853c
2022-12-15 07:42:30,796 [Command processor thread] INFO  commandhandler.CreatePipelineCommandHandler (CreatePipelineCommandHandler.java:handle(113)) - Created Pipeline RATIS ONE PipelineID=0166b446-cc4b-4800-8d69-0ecd380f853c.
2022-12-15 07:42:30,797 [Command processor thread] INFO  server.RaftServer (RaftServerProxy.java:addNew(96)) - 546cc5e6-bfb7-463a-bee8-41bb77030907: addNew group-B86CDA90664C:[35339c52-db7b-4081-839f-5ebc64119ecf|rpc:10.1.0.16:38883|priority:0|startupRole:FOLLOWER, 28aaa230-0c73-487d-9d0b-27cf7aed2ed4|rpc:10.1.0.16:39069|priority:0|startupRole:FOLLOWER, 546cc5e6-bfb7-463a-bee8-41bb77030907|rpc:10.1.0.16:33963|priority:1|startupRole:FOLLOWER] returns group-B86CDA90664C:java.util.concurrent.CompletableFuture@350df151[Not completed]
2022-12-15 07:42:30,798 [pool-71-thread-1] INFO  server.RaftServer$Division (RaftServerImpl.java:<init>(195)) - 546cc5e6-bfb7-463a-bee8-41bb77030907: new RaftServerImpl for group-B86CDA90664C:[35339c52-db7b-4081-839f-5ebc64119ecf|rpc:10.1.0.16:38883|priority:0|startupRole:FOLLOWER, 28aaa230-0c73-487d-9d0b-27cf7aed2ed4|rpc:10.1.0.16:39069|priority:0|startupRole:FOLLOWER, 546cc5e6-bfb7-463a-bee8-41bb77030907|rpc:10.1.0.16:33963|priority:1|startupRole:FOLLOWER] with ContainerStateMachine:uninitialized
2022-12-15 07:42:30,799 [pool-71-thread-1] INFO  server.RaftServerConfigKeys (ConfUtils.java:logGet(46)) - raft.server.rpc.timeout.min = 5s (custom)
2022-12-15 07:42:30,799 [pool-71-thread-1] INFO  server.RaftServerConfigKeys (ConfUtils.java:logGet(46)) - raft.server.rpc.timeout.max = 5200ms (custom)
2022-12-15 07:42:30,799 [pool-71-thread-1] INFO  server.RaftServerConfigKeys (ConfUtils.java:logGet(46)) - raft.server.rpc.sleep.time = 25ms (default)
2022-12-15 07:42:30,799 [pool-71-thread-1] INFO  server.RaftServerConfigKeys (ConfUtils.java:logGet(46)) - raft.server.rpc.slowness.timeout = 300s (custom)
2022-12-15 07:42:30,799 [pool-71-thread-1] INFO  server.RaftServerConfigKeys (ConfUtils.java:logGet(46)) - raft.server.leaderelection.leader.step-down.wait-time = 10s (default)
2022-12-15 07:42:30,799 [pool-71-thread-1] INFO  server.RaftServerConfigKeys (ConfUtils.java:logGet(46)) - raft.server.sleep.deviation.threshold = 300ms (default)
2022-12-15 07:42:30,799 [pool-71-thread-1] INFO  server.RaftServer$Division (ServerState.java:<init>(118)) - 546cc5e6-bfb7-463a-bee8-41bb77030907@group-B86CDA90664C: ConfigurationManager, init=-1: peers:[35339c52-db7b-4081-839f-5ebc64119ecf|rpc:10.1.0.16:38883|priority:0|startupRole:FOLLOWER, 28aaa230-0c73-487d-9d0b-27cf7aed2ed4|rpc:10.1.0.16:39069|priority:0|startupRole:FOLLOWER, 546cc5e6-bfb7-463a-bee8-41bb77030907|rpc:10.1.0.16:33963|priority:1|startupRole:FOLLOWER]|listeners:[], old=null, confs=<EMPTY_MAP>
2022-12-15 07:42:30,799 [pool-71-thread-1] INFO  server.RaftServerConfigKeys (ConfUtils.java:logGet(46)) - raft.server.storage.dir = [/home/runner/work/ozone/ozone/hadoop-ozone/integration-test/target/test-dir/MiniOzoneClusterImpl-e2b6c327-26bc-4f08-8023-c1f86063ce68/datanode-0/data/ratis] (custom)
2022-12-15 07:42:30,799 [pool-71-thread-1] INFO  server.RaftServerConfigKeys (ConfUtils.java:logGet(46)) - raft.server.log.corruption.policy = EXCEPTION (default)
2022-12-15 07:42:30,799 [pool-71-thread-1] INFO  server.RaftServerConfigKeys (ConfUtils.java:logGet(46)) - raft.server.storage.free-space.min = 0MB (=0) (default)
2022-12-15 07:42:30,799 [pool-71-thread-1] INFO  server.RaftServerConfigKeys (ConfUtils.java:logGet(46)) - raft.server.notification.no-leader.timeout = 300s (custom)
2022-12-15 07:42:30,799 [pool-71-thread-1] INFO  server.RaftServerConfigKeys (ConfUtils.java:logGet(46)) - raft.server.retrycache.expirytime = 600000ms (custom)
2022-12-15 07:42:30,799 [pool-71-thread-1] INFO  server.RaftServerConfigKeys (ConfUtils.java:logGet(46)) - raft.server.retrycache.statistics.expirytime = 100μs (default)
2022-12-15 07:42:30,801 [pool-71-thread-1] INFO  server.RaftServerConfigKeys (ConfUtils.java:logGet(46)) - raft.server.log.appender.install.snapshot.enabled = false (custom)
2022-12-15 07:42:30,801 [pool-71-thread-1] INFO  server.RaftServerConfigKeys (ConfUtils.java:logGet(46)) - raft.server.threadpool.server.cached = true (default)
2022-12-15 07:42:30,801 [pool-71-thread-1] INFO  server.RaftServerConfigKeys (ConfUtils.java:logGet(46)) - raft.server.threadpool.server.size = 0 (default)
2022-12-15 07:42:30,801 [pool-71-thread-1] INFO  server.RaftServerConfigKeys (ConfUtils.java:logGet(46)) - raft.server.threadpool.client.cached = true (default)
2022-12-15 07:42:30,801 [pool-71-thread-1] INFO  server.RaftServerConfigKeys (ConfUtils.java:logGet(46)) - raft.server.threadpool.client.size = 0 (default)
2022-12-15 07:42:30,802 [pool-71-thread-1] INFO  storage.RaftStorageDirectory (RaftStorageDirectoryImpl.java:analyzeStorage(137)) - The storage directory /home/runner/work/ozone/ozone/hadoop-ozone/integration-test/target/test-dir/MiniOzoneClusterImpl-e2b6c327-26bc-4f08-8023-c1f86063ce68/datanode-0/data/ratis/e80babe2-9d10-4976-8c29-b86cda90664c does not exist. Creating ...
2022-12-15 07:42:30,803 [pool-71-thread-1] INFO  storage.RaftStorageDirectory (RaftStorageDirectoryImpl.java:tryLock(231)) - Lock on /home/runner/work/ozone/ozone/hadoop-ozone/integration-test/target/test-dir/MiniOzoneClusterImpl-e2b6c327-26bc-4f08-8023-c1f86063ce68/datanode-0/data/ratis/e80babe2-9d10-4976-8c29-b86cda90664c/in_use.lock acquired by nodename 56908@fv-az127-938
2022-12-15 07:42:30,804 [EventQueue-CommandQueueReportForCommandQueueReportHandler] WARN  events.EventQueue (EventQueue.java:fireEvent(216)) - No event handler registered for event TypedEvent{payloadType=DatanodeDetails, name='Datanode_Command_Queue_Updated'}
2022-12-15 07:42:30,804 [EventQueue-PipelineReportForPipelineReportHandler] INFO  pipeline.PipelineManagerImpl (PipelineManagerImpl.java:openPipeline(367)) - Pipeline Pipeline[ Id: 0166b446-cc4b-4800-8d69-0ecd380f853c, Nodes: 546cc5e6-bfb7-463a-bee8-41bb77030907{ip: 10.1.0.16, host: fv-az127-938.h3uyzbqov44edfyrgkjongjtha.bx.internal.cloudapp.net, ports: [REPLICATION=38787, RATIS=33963, RATIS_ADMIN=33963, RATIS_SERVER=33963, STANDALONE=44249], networkLocation: /default-rack, certSerialId: null, persistedOpState: IN_SERVICE, persistedOpStateExpiryEpochSec: 0}, ReplicationConfig: RATIS/ONE, State:ALLOCATED, leaderId:546cc5e6-bfb7-463a-bee8-41bb77030907, CreationTimestamp2022-12-15T07:42:27.763Z[Etc/UTC]] moved to OPEN state
2022-12-15 07:42:30,806 [pool-71-thread-1] INFO  storage.RaftStorage (RaftStorageImpl.java:format(96)) - Storage directory /home/runner/work/ozone/ozone/hadoop-ozone/integration-test/target/test-dir/MiniOzoneClusterImpl-e2b6c327-26bc-4f08-8023-c1f86063ce68/datanode-0/data/ratis/e80babe2-9d10-4976-8c29-b86cda90664c has been successfully formatted.
2022-12-15 07:42:30,807 [pool-71-thread-1] INFO  ratis.ContainerStateMachine (ContainerStateMachine.java:loadSnapshot(236)) - group-B86CDA90664C: The snapshot info is null. Setting the last applied indexto:(t:0, i:~)
2022-12-15 07:42:30,807 [pool-71-thread-1] INFO  server.RaftServerConfigKeys (ConfUtils.java:logGet(46)) - raft.server.log.use.memory = false (default)
2022-12-15 07:42:30,807 [pool-71-thread-1] INFO  server.RaftServerConfigKeys (ConfUtils.java:logGet(46)) - raft.server.log.purge.gap = 1000000 (custom)
2022-12-15 07:42:30,807 [pool-71-thread-1] INFO  server.RaftServerConfigKeys (ConfUtils.java:logGet(46)) - raft.server.log.appender.buffer.byte-limit = 33554432 (custom)
2022-12-15 07:42:30,807 [pool-71-thread-1] INFO  server.RaftServerConfigKeys (ConfUtils.java:logGet(46)) - raft.server.log.statemachine.data.read.timeout = 1000ms (default)
2022-12-15 07:42:30,807 [pool-71-thread-1] INFO  server.RaftServerConfigKeys (ConfUtils.java:logGet(46)) - raft.server.log.purge.preservation.log.num = 0 (default)
2022-12-15 07:42:30,807 [pool-71-thread-1] INFO  server.RaftServerConfigKeys (ConfUtils.java:logGet(46)) - raft.server.log.segment.size.max = 1048576 (custom)
2022-12-15 07:42:30,808 [pool-71-thread-1] INFO  server.RaftServerConfigKeys (ConfUtils.java:logGet(46)) - raft.server.log.segment.cache.num.max = 2 (custom)
2022-12-15 07:42:30,808 [pool-71-thread-1] INFO  server.RaftServerConfigKeys (ConfUtils.java:logGet(46)) - raft.server.log.segment.cache.size.max = 200MB (=209715200) (default)
2022-12-15 07:42:30,808 [pool-71-thread-1] INFO  segmented.SegmentedRaftLogWorker (SegmentedRaftLogWorker.java:<init>(189)) - new 546cc5e6-bfb7-463a-bee8-41bb77030907@group-B86CDA90664C-SegmentedRaftLogWorker for RaftStorageImpl:Storage Directory /home/runner/work/ozone/ozone/hadoop-ozone/integration-test/target/test-dir/MiniOzoneClusterImpl-e2b6c327-26bc-4f08-8023-c1f86063ce68/datanode-0/data/ratis/e80babe2-9d10-4976-8c29-b86cda90664c
2022-12-15 07:42:30,808 [pool-71-thread-1] INFO  server.RaftServerConfigKeys (ConfUtils.java:logGet(46)) - raft.server.log.queue.byte-limit = 4294967296 (custom)
2022-12-15 07:42:30,808 [pool-71-thread-1] INFO  server.RaftServerConfigKeys (ConfUtils.java:logGet(46)) - raft.server.log.queue.element-limit = 1024 (custom)
2022-12-15 07:42:30,808 [pool-71-thread-1] INFO  server.RaftServerConfigKeys (ConfUtils.java:logGet(46)) - raft.server.log.segment.size.max = 1048576 (custom)
2022-12-15 07:42:30,808 [pool-71-thread-1] INFO  server.RaftServerConfigKeys (ConfUtils.java:logGet(46)) - raft.server.log.preallocated.size = 16384 (custom)
2022-12-15 07:42:30,808 [pool-71-thread-1] INFO  server.RaftServerConfigKeys (ConfUtils.java:logGet(46)) - raft.server.log.force.sync.num = 128 (default)
2022-12-15 07:42:30,808 [pool-71-thread-1] INFO  server.RaftServerConfigKeys (ConfUtils.java:logGet(46)) - raft.server.log.statemachine.data.sync = true (default)
2022-12-15 07:42:30,808 [pool-71-thread-1] INFO  server.RaftServerConfigKeys (ConfUtils.java:logGet(46)) - raft.server.log.statemachine.data.sync.timeout = 10s (default)
2022-12-15 07:42:30,808 [pool-71-thread-1] INFO  server.RaftServerConfigKeys (ConfUtils.java:logGet(46)) - raft.server.log.statemachine.data.sync.timeout.retry = -1 (default)
2022-12-15 07:42:30,814 [EventQueue-CommandQueueReportForCommandQueueReportHandler] WARN  events.EventQueue (EventQueue.java:fireEvent(216)) - No event handler registered for event TypedEvent{payloadType=DatanodeDetails, name='Datanode_Command_Queue_Updated'}
2022-12-15 07:42:30,815 [EventQueue-OpenPipelineForHealthyPipelineSafeModeRule] INFO  safemode.SCMSafeModeManager (HealthyPipelineSafeModeRule.java:process(137)) - SCM in safe mode. Healthy pipelines reported count is 0, required healthy pipeline reported count is 1
2022-12-15 07:42:30,815 [EventQueue-OpenPipelineForHealthyPipelineSafeModeRule] INFO  safemode.SCMSafeModeManager (HealthyPipelineSafeModeRule.java:process(137)) - SCM in safe mode. Healthy pipelines reported count is 0, required healthy pipeline reported count is 1
2022-12-15 07:42:30,816 [pool-71-thread-1] INFO  server.RaftServerConfigKeys (ConfUtils.java:logGet(46)) - raft.server.log.write.buffer.size = 1048576 (custom)
2022-12-15 07:42:30,816 [pool-71-thread-1] INFO  server.RaftServerConfigKeys (ConfUtils.java:logGet(46)) - raft.server.log.appender.buffer.byte-limit = 33554432 (custom)
2022-12-15 07:42:30,821 [pool-71-thread-1] INFO  server.RaftServerConfigKeys (ConfUtils.java:logGet(46)) - raft.server.log.unsafe-flush.enabled = false (default)
2022-12-15 07:42:30,821 [pool-71-thread-1] INFO  server.RaftServerConfigKeys (ConfUtils.java:logGet(46)) - raft.server.log.async-flush.enabled = false (default)
2022-12-15 07:42:30,822 [pool-71-thread-1] INFO  server.RaftServerConfigKeys (ConfUtils.java:logGet(46)) - raft.server.log.statemachine.data.caching.enabled = true (custom)
2022-12-15 07:42:30,822 [pool-71-thread-1] INFO  segmented.SegmentedRaftLogWorker (SegmentedRaftLogWorker.java:lambda$new$0(135)) - 546cc5e6-bfb7-463a-bee8-41bb77030907@group-B86CDA90664C-SegmentedRaftLogWorker: flushIndex: setUnconditionally 0 -> -1
2022-12-15 07:42:30,822 [pool-71-thread-1] INFO  segmented.SegmentedRaftLogWorker (SegmentedRaftLogWorker.java:lambda$new$0(135)) - 546cc5e6-bfb7-463a-bee8-41bb77030907@group-B86CDA90664C-SegmentedRaftLogWorker: safeCacheEvictIndex: setUnconditionally 0 -> -1
2022-12-15 07:42:30,822 [pool-71-thread-1] INFO  server.RaftServer$Division (RaftServerImpl.java:start(334)) - 546cc5e6-bfb7-463a-bee8-41bb77030907@group-B86CDA90664C: start as a follower, conf=-1: peers:[35339c52-db7b-4081-839f-5ebc64119ecf|rpc:10.1.0.16:38883|priority:0|startupRole:FOLLOWER, 28aaa230-0c73-487d-9d0b-27cf7aed2ed4|rpc:10.1.0.16:39069|priority:0|startupRole:FOLLOWER, 546cc5e6-bfb7-463a-bee8-41bb77030907|rpc:10.1.0.16:33963|priority:1|startupRole:FOLLOWER]|listeners:[], old=null
2022-12-15 07:42:30,822 [pool-71-thread-1] INFO  server.RaftServer$Division (RaftServerImpl.java:setRole(321)) - 546cc5e6-bfb7-463a-bee8-41bb77030907@group-B86CDA90664C: changes role from      null to FOLLOWER at term 0 for startAsFollower
2022-12-15 07:42:30,822 [pool-71-thread-1] INFO  impl.RoleInfo (RoleInfo.java:updateAndGet(139)) - 546cc5e6-bfb7-463a-bee8-41bb77030907: start 546cc5e6-bfb7-463a-bee8-41bb77030907@group-B86CDA90664C-FollowerState
2022-12-15 07:42:30,823 [pool-71-thread-1] INFO  util.JmxRegister (JmxRegister.java:tryRegister(44)) - Successfully registered JMX Bean with object name Ratis:service=RaftServer,group=group-B86CDA90664C,id=546cc5e6-bfb7-463a-bee8-41bb77030907
2022-12-15 07:42:30,823 [pool-71-thread-1] INFO  server.RaftServerConfigKeys (ConfUtils.java:logGet(46)) - raft.server.snapshot.auto.trigger.enabled = true (custom)
2022-12-15 07:42:30,823 [pool-71-thread-1] INFO  server.RaftServerConfigKeys (ConfUtils.java:logGet(46)) - raft.server.snapshot.auto.trigger.threshold = 10000 (custom)
2022-12-15 07:42:30,823 [pool-71-thread-1] INFO  server.RaftServerConfigKeys (ConfUtils.java:logGet(46)) - raft.server.snapshot.retention.file.num = 5 (custom)
2022-12-15 07:42:30,823 [pool-71-thread-1] INFO  server.RaftServerConfigKeys (ConfUtils.java:logGet(46)) - raft.server.log.purge.upto.snapshot.index = false (default)
2022-12-15 07:42:30,824 [546cc5e6-bfb7-463a-bee8-41bb77030907@group-B86CDA90664C-FollowerState] INFO  server.RaftServerConfigKeys (ConfUtils.java:logFallback(53)) - raft.server.rpc.first-election.timeout.min = 5s (fallback to raft.server.rpc.timeout.min)
2022-12-15 07:42:30,824 [546cc5e6-bfb7-463a-bee8-41bb77030907@group-B86CDA90664C-FollowerState] INFO  server.RaftServerConfigKeys (ConfUtils.java:logFallback(53)) - raft.server.rpc.first-election.timeout.max = 5200ms (fallback to raft.server.rpc.timeout.max)
2022-12-15 07:42:30,824 [Command processor thread] INFO  ratis.XceiverServerRatis (XceiverServerRatis.java:addGroup(765)) - Created group PipelineID=e80babe2-9d10-4976-8c29-b86cda90664c
2022-12-15 07:42:31,324 [Command processor thread] INFO  server.RaftServer (RaftServerProxy.java:addNew(96)) - 28aaa230-0c73-487d-9d0b-27cf7aed2ed4: addNew group-CAD7C176633C:[28aaa230-0c73-487d-9d0b-27cf7aed2ed4|rpc:10.1.0.16:39069|priority:1|startupRole:FOLLOWER] returns group-CAD7C176633C:java.util.concurrent.CompletableFuture@16af48b1[Not completed]
2022-12-15 07:42:31,327 [EventQueue-CommandQueueReportForCommandQueueReportHandler] WARN  events.EventQueue (EventQueue.java:fireEvent(216)) - No event handler registered for event TypedEvent{payloadType=DatanodeDetails, name='Datanode_Command_Queue_Updated'}
2022-12-15 07:42:31,336 [pool-94-thread-1] INFO  server.RaftServer$Division (RaftServerImpl.java:<init>(195)) - 28aaa230-0c73-487d-9d0b-27cf7aed2ed4: new RaftServerImpl for group-CAD7C176633C:[28aaa230-0c73-487d-9d0b-27cf7aed2ed4|rpc:10.1.0.16:39069|priority:1|startupRole:FOLLOWER] with ContainerStateMachine:uninitialized
2022-12-15 07:42:31,337 [pool-94-thread-1] INFO  server.RaftServerConfigKeys (ConfUtils.java:logGet(46)) - raft.server.rpc.timeout.min = 5s (custom)
2022-12-15 07:42:31,338 [pool-94-thread-1] INFO  server.RaftServerConfigKeys (ConfUtils.java:logGet(46)) - raft.server.rpc.timeout.max = 5200ms (custom)
2022-12-15 07:42:31,338 [pool-94-thread-1] INFO  server.RaftServerConfigKeys (ConfUtils.java:logGet(46)) - raft.server.rpc.sleep.time = 25ms (default)
2022-12-15 07:42:31,338 [pool-94-thread-1] INFO  server.RaftServerConfigKeys (ConfUtils.java:logGet(46)) - raft.server.rpc.slowness.timeout = 300s (custom)
2022-12-15 07:42:31,339 [pool-94-thread-1] INFO  server.RaftServerConfigKeys (ConfUtils.java:logGet(46)) - raft.server.leaderelection.leader.step-down.wait-time = 10s (default)
2022-12-15 07:42:31,339 [pool-94-thread-1] INFO  server.RaftServerConfigKeys (ConfUtils.java:logGet(46)) - raft.server.sleep.deviation.threshold = 300ms (default)
2022-12-15 07:42:31,339 [pool-94-thread-1] INFO  server.RaftServer$Division (ServerState.java:<init>(118)) - 28aaa230-0c73-487d-9d0b-27cf7aed2ed4@group-CAD7C176633C: ConfigurationManager, init=-1: peers:[28aaa230-0c73-487d-9d0b-27cf7aed2ed4|rpc:10.1.0.16:39069|priority:1|startupRole:FOLLOWER]|listeners:[], old=null, confs=<EMPTY_MAP>
2022-12-15 07:42:31,339 [pool-94-thread-1] INFO  server.RaftServerConfigKeys (ConfUtils.java:logGet(46)) - raft.server.storage.dir = [/home/runner/work/ozone/ozone/hadoop-ozone/integration-test/target/test-dir/MiniOzoneClusterImpl-e2b6c327-26bc-4f08-8023-c1f86063ce68/datanode-1/data/ratis] (custom)
2022-12-15 07:42:31,339 [pool-94-thread-1] INFO  server.RaftServerConfigKeys (ConfUtils.java:logGet(46)) - raft.server.log.corruption.policy = EXCEPTION (default)
2022-12-15 07:42:31,339 [pool-94-thread-1] INFO  server.RaftServerConfigKeys (ConfUtils.java:logGet(46)) - raft.server.storage.free-space.min = 0MB (=0) (default)
2022-12-15 07:42:31,342 [pool-94-thread-1] INFO  server.RaftServerConfigKeys (ConfUtils.java:logGet(46)) - raft.server.notification.no-leader.timeout = 300s (custom)
2022-12-15 07:42:31,342 [pool-94-thread-1] INFO  server.RaftServerConfigKeys (ConfUtils.java:logGet(46)) - raft.server.retrycache.expirytime = 600000ms (custom)
2022-12-15 07:42:31,344 [pool-94-thread-1] INFO  server.RaftServerConfigKeys (ConfUtils.java:logGet(46)) - raft.server.retrycache.statistics.expirytime = 100μs (default)
2022-12-15 07:42:31,348 [pool-94-thread-1] INFO  server.RaftServerConfigKeys (ConfUtils.java:logGet(46)) - raft.server.log.appender.install.snapshot.enabled = false (custom)
2022-12-15 07:42:31,348 [pool-94-thread-1] INFO  server.RaftServerConfigKeys (ConfUtils.java:logGet(46)) - raft.server.threadpool.server.cached = true (default)
2022-12-15 07:42:31,348 [pool-94-thread-1] INFO  server.RaftServerConfigKeys (ConfUtils.java:logGet(46)) - raft.server.threadpool.server.size = 0 (default)
2022-12-15 07:42:31,348 [pool-94-thread-1] INFO  server.RaftServerConfigKeys (ConfUtils.java:logGet(46)) - raft.server.threadpool.client.cached = true (default)
2022-12-15 07:42:31,348 [pool-94-thread-1] INFO  server.RaftServerConfigKeys (ConfUtils.java:logGet(46)) - raft.server.threadpool.client.size = 0 (default)
2022-12-15 07:42:31,351 [pool-94-thread-1] INFO  storage.RaftStorageDirectory (RaftStorageDirectoryImpl.java:analyzeStorage(137)) - The storage directory /home/runner/work/ozone/ozone/hadoop-ozone/integration-test/target/test-dir/MiniOzoneClusterImpl-e2b6c327-26bc-4f08-8023-c1f86063ce68/datanode-1/data/ratis/e2c4ede5-ccb7-4ea0-8748-cad7c176633c does not exist. Creating ...
2022-12-15 07:42:31,352 [pool-94-thread-1] INFO  storage.RaftStorageDirectory (RaftStorageDirectoryImpl.java:tryLock(231)) - Lock on /home/runner/work/ozone/ozone/hadoop-ozone/integration-test/target/test-dir/MiniOzoneClusterImpl-e2b6c327-26bc-4f08-8023-c1f86063ce68/datanode-1/data/ratis/e2c4ede5-ccb7-4ea0-8748-cad7c176633c/in_use.lock acquired by nodename 56908@fv-az127-938
2022-12-15 07:42:31,353 [pool-94-thread-1] INFO  storage.RaftStorage (RaftStorageImpl.java:format(96)) - Storage directory /home/runner/work/ozone/ozone/hadoop-ozone/integration-test/target/test-dir/MiniOzoneClusterImpl-e2b6c327-26bc-4f08-8023-c1f86063ce68/datanode-1/data/ratis/e2c4ede5-ccb7-4ea0-8748-cad7c176633c has been successfully formatted.
2022-12-15 07:42:31,354 [pool-94-thread-1] INFO  ratis.ContainerStateMachine (ContainerStateMachine.java:loadSnapshot(236)) - group-CAD7C176633C: The snapshot info is null. Setting the last applied indexto:(t:0, i:~)
2022-12-15 07:42:31,355 [pool-94-thread-1] INFO  server.RaftServerConfigKeys (ConfUtils.java:logGet(46)) - raft.server.log.use.memory = false (default)
2022-12-15 07:42:31,355 [pool-94-thread-1] INFO  server.RaftServerConfigKeys (ConfUtils.java:logGet(46)) - raft.server.log.purge.gap = 1000000 (custom)
2022-12-15 07:42:31,356 [pool-94-thread-1] INFO  server.RaftServerConfigKeys (ConfUtils.java:logGet(46)) - raft.server.log.appender.buffer.byte-limit = 33554432 (custom)
2022-12-15 07:42:31,356 [pool-94-thread-1] INFO  server.RaftServerConfigKeys (ConfUtils.java:logGet(46)) - raft.server.log.statemachine.data.read.timeout = 1000ms (default)
2022-12-15 07:42:31,356 [pool-94-thread-1] INFO  server.RaftServerConfigKeys (ConfUtils.java:logGet(46)) - raft.server.log.purge.preservation.log.num = 0 (default)
2022-12-15 07:42:31,357 [pool-94-thread-1] INFO  server.RaftServerConfigKeys (ConfUtils.java:logGet(46)) - raft.server.log.segment.size.max = 1048576 (custom)
2022-12-15 07:42:31,357 [pool-94-thread-1] INFO  server.RaftServerConfigKeys (ConfUtils.java:logGet(46)) - raft.server.log.segment.cache.num.max = 2 (custom)
2022-12-15 07:42:31,357 [pool-94-thread-1] INFO  server.RaftServerConfigKeys (ConfUtils.java:logGet(46)) - raft.server.log.segment.cache.size.max = 200MB (=209715200) (default)
2022-12-15 07:42:31,359 [EventQueue-CommandQueueReportForCommandQueueReportHandler] WARN  events.EventQueue (EventQueue.java:fireEvent(216)) - No event handler registered for event TypedEvent{payloadType=DatanodeDetails, name='Datanode_Command_Queue_Updated'}
2022-12-15 07:42:31,359 [EventQueue-PipelineReportForPipelineReportHandler] INFO  pipeline.PipelineManagerImpl (PipelineManagerImpl.java:openPipeline(367)) - Pipeline Pipeline[ Id: e2c4ede5-ccb7-4ea0-8748-cad7c176633c, Nodes: 28aaa230-0c73-487d-9d0b-27cf7aed2ed4{ip: 10.1.0.16, host: fv-az127-938.h3uyzbqov44edfyrgkjongjtha.bx.internal.cloudapp.net, ports: [REPLICATION=43477, RATIS=39069, RATIS_ADMIN=39069, RATIS_SERVER=39069, STANDALONE=33937], networkLocation: /default-rack, certSerialId: null, persistedOpState: IN_SERVICE, persistedOpStateExpiryEpochSec: 0}, ReplicationConfig: RATIS/ONE, State:ALLOCATED, leaderId:28aaa230-0c73-487d-9d0b-27cf7aed2ed4, CreationTimestamp2022-12-15T07:42:28.327Z[Etc/UTC]] moved to OPEN state
2022-12-15 07:42:31,362 [pool-94-thread-1] INFO  segmented.SegmentedRaftLogWorker (SegmentedRaftLogWorker.java:<init>(189)) - new 28aaa230-0c73-487d-9d0b-27cf7aed2ed4@group-CAD7C176633C-SegmentedRaftLogWorker for RaftStorageImpl:Storage Directory /home/runner/work/ozone/ozone/hadoop-ozone/integration-test/target/test-dir/MiniOzoneClusterImpl-e2b6c327-26bc-4f08-8023-c1f86063ce68/datanode-1/data/ratis/e2c4ede5-ccb7-4ea0-8748-cad7c176633c
2022-12-15 07:42:31,362 [pool-94-thread-1] INFO  server.RaftServerConfigKeys (ConfUtils.java:logGet(46)) - raft.server.log.queue.byte-limit = 4294967296 (custom)
2022-12-15 07:42:31,362 [pool-94-thread-1] INFO  server.RaftServerConfigKeys (ConfUtils.java:logGet(46)) - raft.server.log.queue.element-limit = 1024 (custom)
2022-12-15 07:42:31,362 [pool-94-thread-1] INFO  server.RaftServerConfigKeys (ConfUtils.java:logGet(46)) - raft.server.log.segment.size.max = 1048576 (custom)
2022-12-15 07:42:31,362 [pool-94-thread-1] INFO  server.RaftServerConfigKeys (ConfUtils.java:logGet(46)) - raft.server.log.preallocated.size = 16384 (custom)
2022-12-15 07:42:31,362 [EventQueue-OpenPipelineForHealthyPipelineSafeModeRule] INFO  safemode.SCMSafeModeManager (HealthyPipelineSafeModeRule.java:process(137)) - SCM in safe mode. Healthy pipelines reported count is 0, required healthy pipeline reported count is 1
2022-12-15 07:42:31,363 [pool-94-thread-1] INFO  server.RaftServerConfigKeys (ConfUtils.java:logGet(46)) - raft.server.log.force.sync.num = 128 (default)
2022-12-15 07:42:31,365 [pool-94-thread-1] INFO  server.RaftServerConfigKeys (ConfUtils.java:logGet(46)) - raft.server.log.statemachine.data.sync = true (default)
2022-12-15 07:42:31,365 [pool-94-thread-1] INFO  server.RaftServerConfigKeys (ConfUtils.java:logGet(46)) - raft.server.log.statemachine.data.sync.timeout = 10s (default)
2022-12-15 07:42:31,365 [pool-94-thread-1] INFO  server.RaftServerConfigKeys (ConfUtils.java:logGet(46)) - raft.server.log.statemachine.data.sync.timeout.retry = -1 (default)
2022-12-15 07:42:31,366 [pool-94-thread-1] INFO  server.RaftServerConfigKeys (ConfUtils.java:logGet(46)) - raft.server.log.write.buffer.size = 1048576 (custom)
2022-12-15 07:42:31,367 [pool-94-thread-1] INFO  server.RaftServerConfigKeys (ConfUtils.java:logGet(46)) - raft.server.log.appender.buffer.byte-limit = 33554432 (custom)
2022-12-15 07:42:31,384 [pool-94-thread-1] INFO  server.RaftServerConfigKeys (ConfUtils.java:logGet(46)) - raft.server.log.unsafe-flush.enabled = false (default)
2022-12-15 07:42:31,385 [pool-94-thread-1] INFO  server.RaftServerConfigKeys (ConfUtils.java:logGet(46)) - raft.server.log.async-flush.enabled = false (default)
2022-12-15 07:42:31,385 [pool-94-thread-1] INFO  server.RaftServerConfigKeys (ConfUtils.java:logGet(46)) - raft.server.log.statemachine.data.caching.enabled = true (custom)
2022-12-15 07:42:31,386 [pool-94-thread-1] INFO  segmented.SegmentedRaftLogWorker (SegmentedRaftLogWorker.java:lambda$new$0(135)) - 28aaa230-0c73-487d-9d0b-27cf7aed2ed4@group-CAD7C176633C-SegmentedRaftLogWorker: flushIndex: setUnconditionally 0 -> -1
2022-12-15 07:42:31,386 [pool-94-thread-1] INFO  segmented.SegmentedRaftLogWorker (SegmentedRaftLogWorker.java:lambda$new$0(135)) - 28aaa230-0c73-487d-9d0b-27cf7aed2ed4@group-CAD7C176633C-SegmentedRaftLogWorker: safeCacheEvictIndex: setUnconditionally 0 -> -1
2022-12-15 07:42:31,395 [pool-94-thread-1] INFO  server.RaftServer$Division (RaftServerImpl.java:start(334)) - 28aaa230-0c73-487d-9d0b-27cf7aed2ed4@group-CAD7C176633C: start as a follower, conf=-1: peers:[28aaa230-0c73-487d-9d0b-27cf7aed2ed4|rpc:10.1.0.16:39069|priority:1|startupRole:FOLLOWER]|listeners:[], old=null
2022-12-15 07:42:31,395 [pool-94-thread-1] INFO  server.RaftServer$Division (RaftServerImpl.java:setRole(321)) - 28aaa230-0c73-487d-9d0b-27cf7aed2ed4@group-CAD7C176633C: changes role from      null to FOLLOWER at term 0 for startAsFollower
2022-12-15 07:42:31,395 [pool-94-thread-1] INFO  impl.RoleInfo (RoleInfo.java:updateAndGet(139)) - 28aaa230-0c73-487d-9d0b-27cf7aed2ed4: start 28aaa230-0c73-487d-9d0b-27cf7aed2ed4@group-CAD7C176633C-FollowerState
2022-12-15 07:42:31,395 [pool-94-thread-1] INFO  util.JmxRegister (JmxRegister.java:tryRegister(44)) - Successfully registered JMX Bean with object name Ratis:service=RaftServer,group=group-CAD7C176633C,id=28aaa230-0c73-487d-9d0b-27cf7aed2ed4
2022-12-15 07:42:31,402 [pool-94-thread-1] INFO  server.RaftServerConfigKeys (ConfUtils.java:logGet(46)) - raft.server.snapshot.auto.trigger.enabled = true (custom)
2022-12-15 07:42:31,402 [pool-94-thread-1] INFO  server.RaftServerConfigKeys (ConfUtils.java:logGet(46)) - raft.server.snapshot.auto.trigger.threshold = 10000 (custom)
2022-12-15 07:42:31,402 [pool-94-thread-1] INFO  server.RaftServerConfigKeys (ConfUtils.java:logGet(46)) - raft.server.snapshot.retention.file.num = 5 (custom)
2022-12-15 07:42:31,402 [pool-94-thread-1] INFO  server.RaftServerConfigKeys (ConfUtils.java:logGet(46)) - raft.server.log.purge.upto.snapshot.index = false (default)
2022-12-15 07:42:31,404 [Command processor thread] INFO  ratis.XceiverServerRatis (XceiverServerRatis.java:addGroup(765)) - Created group PipelineID=e2c4ede5-ccb7-4ea0-8748-cad7c176633c
2022-12-15 07:42:31,409 [28aaa230-0c73-487d-9d0b-27cf7aed2ed4@group-CAD7C176633C-FollowerState] INFO  server.RaftServerConfigKeys (ConfUtils.java:logFallback(53)) - raft.server.rpc.first-election.timeout.min = 5s (fallback to raft.server.rpc.timeout.min)
2022-12-15 07:42:31,409 [28aaa230-0c73-487d-9d0b-27cf7aed2ed4@group-CAD7C176633C-FollowerState] INFO  server.RaftServerConfigKeys (ConfUtils.java:logFallback(53)) - raft.server.rpc.first-election.timeout.max = 5200ms (fallback to raft.server.rpc.timeout.max)
2022-12-15 07:42:31,404 [Command processor thread] INFO  commandhandler.CreatePipelineCommandHandler (CreatePipelineCommandHandler.java:handle(113)) - Created Pipeline RATIS ONE PipelineID=e2c4ede5-ccb7-4ea0-8748-cad7c176633c.
2022-12-15 07:42:31,410 [Command processor thread] INFO  server.RaftServer (RaftServerProxy.java:addNew(96)) - 28aaa230-0c73-487d-9d0b-27cf7aed2ed4: addNew group-B86CDA90664C:[35339c52-db7b-4081-839f-5ebc64119ecf|rpc:10.1.0.16:38883|priority:0|startupRole:FOLLOWER, 28aaa230-0c73-487d-9d0b-27cf7aed2ed4|rpc:10.1.0.16:39069|priority:0|startupRole:FOLLOWER, 546cc5e6-bfb7-463a-bee8-41bb77030907|rpc:10.1.0.16:33963|priority:1|startupRole:FOLLOWER] returns group-B86CDA90664C:java.util.concurrent.CompletableFuture@1290debc[Not completed]
2022-12-15 07:42:31,412 [pool-94-thread-1] INFO  server.RaftServer$Division (RaftServerImpl.java:<init>(195)) - 28aaa230-0c73-487d-9d0b-27cf7aed2ed4: new RaftServerImpl for group-B86CDA90664C:[35339c52-db7b-4081-839f-5ebc64119ecf|rpc:10.1.0.16:38883|priority:0|startupRole:FOLLOWER, 28aaa230-0c73-487d-9d0b-27cf7aed2ed4|rpc:10.1.0.16:39069|priority:0|startupRole:FOLLOWER, 546cc5e6-bfb7-463a-bee8-41bb77030907|rpc:10.1.0.16:33963|priority:1|startupRole:FOLLOWER] with ContainerStateMachine:uninitialized
2022-12-15 07:42:31,412 [pool-94-thread-1] INFO  server.RaftServerConfigKeys (ConfUtils.java:logGet(46)) - raft.server.rpc.timeout.min = 5s (custom)
2022-12-15 07:42:31,412 [pool-94-thread-1] INFO  server.RaftServerConfigKeys (ConfUtils.java:logGet(46)) - raft.server.rpc.timeout.max = 5200ms (custom)
2022-12-15 07:42:31,412 [pool-94-thread-1] INFO  server.RaftServerConfigKeys (ConfUtils.java:logGet(46)) - raft.server.rpc.sleep.time = 25ms (default)
2022-12-15 07:42:31,412 [pool-94-thread-1] INFO  server.RaftServerConfigKeys (ConfUtils.java:logGet(46)) - raft.server.rpc.slowness.timeout = 300s (custom)
2022-12-15 07:42:31,412 [pool-94-thread-1] INFO  server.RaftServerConfigKeys (ConfUtils.java:logGet(46)) - raft.server.leaderelection.leader.step-down.wait-time = 10s (default)
2022-12-15 07:42:31,412 [pool-94-thread-1] INFO  server.RaftServerConfigKeys (ConfUtils.java:logGet(46)) - raft.server.sleep.deviation.threshold = 300ms (default)
2022-12-15 07:42:31,412 [pool-94-thread-1] INFO  server.RaftServer$Division (ServerState.java:<init>(118)) - 28aaa230-0c73-487d-9d0b-27cf7aed2ed4@group-B86CDA90664C: ConfigurationManager, init=-1: peers:[35339c52-db7b-4081-839f-5ebc64119ecf|rpc:10.1.0.16:38883|priority:0|startupRole:FOLLOWER, 28aaa230-0c73-487d-9d0b-27cf7aed2ed4|rpc:10.1.0.16:39069|priority:0|startupRole:FOLLOWER, 546cc5e6-bfb7-463a-bee8-41bb77030907|rpc:10.1.0.16:33963|priority:1|startupRole:FOLLOWER]|listeners:[], old=null, confs=<EMPTY_MAP>
2022-12-15 07:42:31,412 [pool-94-thread-1] INFO  server.RaftServerConfigKeys (ConfUtils.java:logGet(46)) - raft.server.storage.dir = [/home/runner/work/ozone/ozone/hadoop-ozone/integration-test/target/test-dir/MiniOzoneClusterImpl-e2b6c327-26bc-4f08-8023-c1f86063ce68/datanode-1/data/ratis] (custom)
2022-12-15 07:42:31,412 [pool-94-thread-1] INFO  server.RaftServerConfigKeys (ConfUtils.java:logGet(46)) - raft.server.log.corruption.policy = EXCEPTION (default)
2022-12-15 07:42:31,412 [pool-94-thread-1] INFO  server.RaftServerConfigKeys (ConfUtils.java:logGet(46)) - raft.server.storage.free-space.min = 0MB (=0) (default)
2022-12-15 07:42:31,413 [pool-94-thread-1] INFO  server.RaftServerConfigKeys (ConfUtils.java:logGet(46)) - raft.server.notification.no-leader.timeout = 300s (custom)
2022-12-15 07:42:31,413 [pool-94-thread-1] INFO  server.RaftServerConfigKeys (ConfUtils.java:logGet(46)) - raft.server.retrycache.expirytime = 600000ms (custom)
2022-12-15 07:42:31,413 [pool-94-thread-1] INFO  server.RaftServerConfigKeys (ConfUtils.java:logGet(46)) - raft.server.retrycache.statistics.expirytime = 100μs (default)
2022-12-15 07:42:31,415 [pool-94-thread-1] INFO  server.RaftServerConfigKeys (ConfUtils.java:logGet(46)) - raft.server.log.appender.install.snapshot.enabled = false (custom)
2022-12-15 07:42:31,416 [pool-94-thread-1] INFO  server.RaftServerConfigKeys (ConfUtils.java:logGet(46)) - raft.server.threadpool.server.cached = true (default)
2022-12-15 07:42:31,416 [pool-94-thread-1] INFO  server.RaftServerConfigKeys (ConfUtils.java:logGet(46)) - raft.server.threadpool.server.size = 0 (default)
2022-12-15 07:42:31,416 [pool-94-thread-1] INFO  server.RaftServerConfigKeys (ConfUtils.java:logGet(46)) - raft.server.threadpool.client.cached = true (default)
2022-12-15 07:42:31,416 [pool-94-thread-1] INFO  server.RaftServerConfigKeys (ConfUtils.java:logGet(46)) - raft.server.threadpool.client.size = 0 (default)
2022-12-15 07:42:31,416 [pool-94-thread-1] INFO  storage.RaftStorageDirectory (RaftStorageDirectoryImpl.java:analyzeStorage(137)) - The storage directory /home/runner/work/ozone/ozone/hadoop-ozone/integration-test/target/test-dir/MiniOzoneClusterImpl-e2b6c327-26bc-4f08-8023-c1f86063ce68/datanode-1/data/ratis/e80babe2-9d10-4976-8c29-b86cda90664c does not exist. Creating ...
2022-12-15 07:42:31,420 [pool-94-thread-1] INFO  storage.RaftStorageDirectory (RaftStorageDirectoryImpl.java:tryLock(231)) - Lock on /home/runner/work/ozone/ozone/hadoop-ozone/integration-test/target/test-dir/MiniOzoneClusterImpl-e2b6c327-26bc-4f08-8023-c1f86063ce68/datanode-1/data/ratis/e80babe2-9d10-4976-8c29-b86cda90664c/in_use.lock acquired by nodename 56908@fv-az127-938
2022-12-15 07:42:31,427 [pool-94-thread-1] INFO  storage.RaftStorage (RaftStorageImpl.java:format(96)) - Storage directory /home/runner/work/ozone/ozone/hadoop-ozone/integration-test/target/test-dir/MiniOzoneClusterImpl-e2b6c327-26bc-4f08-8023-c1f86063ce68/datanode-1/data/ratis/e80babe2-9d10-4976-8c29-b86cda90664c has been successfully formatted.
2022-12-15 07:42:31,431 [pool-94-thread-1] INFO  ratis.ContainerStateMachine (ContainerStateMachine.java:loadSnapshot(236)) - group-B86CDA90664C: The snapshot info is null. Setting the last applied indexto:(t:0, i:~)
2022-12-15 07:42:31,431 [pool-94-thread-1] INFO  server.RaftServerConfigKeys (ConfUtils.java:logGet(46)) - raft.server.log.use.memory = false (default)
2022-12-15 07:42:31,431 [pool-94-thread-1] INFO  server.RaftServerConfigKeys (ConfUtils.java:logGet(46)) - raft.server.log.purge.gap = 1000000 (custom)
2022-12-15 07:42:31,431 [pool-94-thread-1] INFO  server.RaftServerConfigKeys (ConfUtils.java:logGet(46)) - raft.server.log.appender.buffer.byte-limit = 33554432 (custom)
2022-12-15 07:42:31,431 [pool-94-thread-1] INFO  server.RaftServerConfigKeys (ConfUtils.java:logGet(46)) - raft.server.log.statemachine.data.read.timeout = 1000ms (default)
2022-12-15 07:42:31,431 [pool-94-thread-1] INFO  server.RaftServerConfigKeys (ConfUtils.java:logGet(46)) - raft.server.log.purge.preservation.log.num = 0 (default)
2022-12-15 07:42:31,432 [pool-94-thread-1] INFO  server.RaftServerConfigKeys (ConfUtils.java:logGet(46)) - raft.server.log.segment.size.max = 1048576 (custom)
2022-12-15 07:42:31,435 [pool-94-thread-1] INFO  server.RaftServerConfigKeys (ConfUtils.java:logGet(46)) - raft.server.log.segment.cache.num.max = 2 (custom)
2022-12-15 07:42:31,435 [pool-94-thread-1] INFO  server.RaftServerConfigKeys (ConfUtils.java:logGet(46)) - raft.server.log.segment.cache.size.max = 200MB (=209715200) (default)
2022-12-15 07:42:31,435 [pool-94-thread-1] INFO  segmented.SegmentedRaftLogWorker (SegmentedRaftLogWorker.java:<init>(189)) - new 28aaa230-0c73-487d-9d0b-27cf7aed2ed4@group-B86CDA90664C-SegmentedRaftLogWorker for RaftStorageImpl:Storage Directory /home/runner/work/ozone/ozone/hadoop-ozone/integration-test/target/test-dir/MiniOzoneClusterImpl-e2b6c327-26bc-4f08-8023-c1f86063ce68/datanode-1/data/ratis/e80babe2-9d10-4976-8c29-b86cda90664c
2022-12-15 07:42:31,435 [pool-94-thread-1] INFO  server.RaftServerConfigKeys (ConfUtils.java:logGet(46)) - raft.server.log.queue.byte-limit = 4294967296 (custom)
2022-12-15 07:42:31,435 [pool-94-thread-1] INFO  server.RaftServerConfigKeys (ConfUtils.java:logGet(46)) - raft.server.log.queue.element-limit = 1024 (custom)
2022-12-15 07:42:31,435 [pool-94-thread-1] INFO  server.RaftServerConfigKeys (ConfUtils.java:logGet(46)) - raft.server.log.segment.size.max = 1048576 (custom)
2022-12-15 07:42:31,436 [pool-94-thread-1] INFO  server.RaftServerConfigKeys (ConfUtils.java:logGet(46)) - raft.server.log.preallocated.size = 16384 (custom)
2022-12-15 07:42:31,436 [pool-94-thread-1] INFO  server.RaftServerConfigKeys (ConfUtils.java:logGet(46)) - raft.server.log.force.sync.num = 128 (default)
2022-12-15 07:42:31,436 [pool-94-thread-1] INFO  server.RaftServerConfigKeys (ConfUtils.java:logGet(46)) - raft.server.log.statemachine.data.sync = true (default)
2022-12-15 07:42:31,436 [pool-94-thread-1] INFO  server.RaftServerConfigKeys (ConfUtils.java:logGet(46)) - raft.server.log.statemachine.data.sync.timeout = 10s (default)
2022-12-15 07:42:31,437 [pool-94-thread-1] INFO  server.RaftServerConfigKeys (ConfUtils.java:logGet(46)) - raft.server.log.statemachine.data.sync.timeout.retry = -1 (default)
2022-12-15 07:42:31,441 [EventQueue-CommandQueueReportForCommandQueueReportHandler] WARN  events.EventQueue (EventQueue.java:fireEvent(216)) - No event handler registered for event TypedEvent{payloadType=DatanodeDetails, name='Datanode_Command_Queue_Updated'}
2022-12-15 07:42:31,441 [EventQueue-OpenPipelineForHealthyPipelineSafeModeRule] INFO  safemode.SCMSafeModeManager (HealthyPipelineSafeModeRule.java:process(137)) - SCM in safe mode. Healthy pipelines reported count is 0, required healthy pipeline reported count is 1
2022-12-15 07:42:31,443 [pool-94-thread-1] INFO  server.RaftServerConfigKeys (ConfUtils.java:logGet(46)) - raft.server.log.write.buffer.size = 1048576 (custom)
2022-12-15 07:42:31,445 [pool-94-thread-1] INFO  server.RaftServerConfigKeys (ConfUtils.java:logGet(46)) - raft.server.log.appender.buffer.byte-limit = 33554432 (custom)
2022-12-15 07:42:31,450 [pool-94-thread-1] INFO  server.RaftServerConfigKeys (ConfUtils.java:logGet(46)) - raft.server.log.unsafe-flush.enabled = false (default)
2022-12-15 07:42:31,451 [pool-94-thread-1] INFO  server.RaftServerConfigKeys (ConfUtils.java:logGet(46)) - raft.server.log.async-flush.enabled = false (default)
2022-12-15 07:42:31,451 [pool-94-thread-1] INFO  server.RaftServerConfigKeys (ConfUtils.java:logGet(46)) - raft.server.log.statemachine.data.caching.enabled = true (custom)
2022-12-15 07:42:31,451 [pool-94-thread-1] INFO  segmented.SegmentedRaftLogWorker (SegmentedRaftLogWorker.java:lambda$new$0(135)) - 28aaa230-0c73-487d-9d0b-27cf7aed2ed4@group-B86CDA90664C-SegmentedRaftLogWorker: flushIndex: setUnconditionally 0 -> -1
2022-12-15 07:42:31,451 [pool-94-thread-1] INFO  segmented.SegmentedRaftLogWorker (SegmentedRaftLogWorker.java:lambda$new$0(135)) - 28aaa230-0c73-487d-9d0b-27cf7aed2ed4@group-B86CDA90664C-SegmentedRaftLogWorker: safeCacheEvictIndex: setUnconditionally 0 -> -1
2022-12-15 07:42:31,452 [pool-94-thread-1] INFO  server.RaftServer$Division (RaftServerImpl.java:start(334)) - 28aaa230-0c73-487d-9d0b-27cf7aed2ed4@group-B86CDA90664C: start as a follower, conf=-1: peers:[35339c52-db7b-4081-839f-5ebc64119ecf|rpc:10.1.0.16:38883|priority:0|startupRole:FOLLOWER, 28aaa230-0c73-487d-9d0b-27cf7aed2ed4|rpc:10.1.0.16:39069|priority:0|startupRole:FOLLOWER, 546cc5e6-bfb7-463a-bee8-41bb77030907|rpc:10.1.0.16:33963|priority:1|startupRole:FOLLOWER]|listeners:[], old=null
2022-12-15 07:42:31,452 [pool-94-thread-1] INFO  server.RaftServer$Division (RaftServerImpl.java:setRole(321)) - 28aaa230-0c73-487d-9d0b-27cf7aed2ed4@group-B86CDA90664C: changes role from      null to FOLLOWER at term 0 for startAsFollower
2022-12-15 07:42:31,452 [pool-94-thread-1] INFO  impl.RoleInfo (RoleInfo.java:updateAndGet(139)) - 28aaa230-0c73-487d-9d0b-27cf7aed2ed4: start 28aaa230-0c73-487d-9d0b-27cf7aed2ed4@group-B86CDA90664C-FollowerState
2022-12-15 07:42:31,452 [pool-94-thread-1] INFO  util.JmxRegister (JmxRegister.java:tryRegister(44)) - Successfully registered JMX Bean with object name Ratis:service=RaftServer,group=group-B86CDA90664C,id=28aaa230-0c73-487d-9d0b-27cf7aed2ed4
2022-12-15 07:42:31,452 [pool-94-thread-1] INFO  server.RaftServerConfigKeys (ConfUtils.java:logGet(46)) - raft.server.snapshot.auto.trigger.enabled = true (custom)
2022-12-15 07:42:31,452 [pool-94-thread-1] INFO  server.RaftServerConfigKeys (ConfUtils.java:logGet(46)) - raft.server.snapshot.auto.trigger.threshold = 10000 (custom)
2022-12-15 07:42:31,452 [pool-94-thread-1] INFO  server.RaftServerConfigKeys (ConfUtils.java:logGet(46)) - raft.server.snapshot.retention.file.num = 5 (custom)
2022-12-15 07:42:31,452 [pool-94-thread-1] INFO  server.RaftServerConfigKeys (ConfUtils.java:logGet(46)) - raft.server.log.purge.upto.snapshot.index = false (default)
2022-12-15 07:42:31,460 [28aaa230-0c73-487d-9d0b-27cf7aed2ed4@group-B86CDA90664C-FollowerState] INFO  server.RaftServerConfigKeys (ConfUtils.java:logFallback(53)) - raft.server.rpc.first-election.timeout.min = 5s (fallback to raft.server.rpc.timeout.min)
2022-12-15 07:42:31,460 [28aaa230-0c73-487d-9d0b-27cf7aed2ed4@group-B86CDA90664C-FollowerState] INFO  server.RaftServerConfigKeys (ConfUtils.java:logFallback(53)) - raft.server.rpc.first-election.timeout.max = 5200ms (fallback to raft.server.rpc.timeout.max)
2022-12-15 07:42:31,475 [Command processor thread] INFO  ratis.XceiverServerRatis (XceiverServerRatis.java:addGroup(765)) - Created group PipelineID=e80babe2-9d10-4976-8c29-b86cda90664c
2022-12-15 07:42:31,641 [Command processor thread] INFO  server.RaftServer (RaftServerProxy.java:addNew(96)) - 35339c52-db7b-4081-839f-5ebc64119ecf: addNew group-4E1B1EBFAF85:[35339c52-db7b-4081-839f-5ebc64119ecf|rpc:10.1.0.16:38883|priority:1|startupRole:FOLLOWER] returns group-4E1B1EBFAF85:java.util.concurrent.CompletableFuture@30b3b04c[Not completed]
2022-12-15 07:42:31,646 [Listener at 127.0.0.1/43229] INFO  ozone.MiniOzoneClusterImpl (MiniOzoneClusterImpl.java:lambda$waitForClusterToBeReady$0(216)) - Nodes are ready. Got 3 of 3 DN Heartbeats.
2022-12-15 07:42:31,646 [Listener at 127.0.0.1/43229] INFO  ozone.MiniOzoneClusterImpl (MiniOzoneClusterImpl.java:lambda$waitForClusterToBeReady$0(219)) - Waiting for cluster to exit safe mode
2022-12-15 07:42:31,646 [Listener at 127.0.0.1/43229] INFO  ozone.MiniOzoneClusterImpl (MiniOzoneClusterImpl.java:lambda$waitForClusterToBeReady$0(221)) - SCM became leader
2022-12-15 07:42:31,653 [EventQueue-CommandQueueReportForCommandQueueReportHandler] WARN  events.EventQueue (EventQueue.java:fireEvent(216)) - No event handler registered for event TypedEvent{payloadType=DatanodeDetails, name='Datanode_Command_Queue_Updated'}
2022-12-15 07:42:31,666 [pool-117-thread-1] INFO  server.RaftServer$Division (RaftServerImpl.java:<init>(195)) - 35339c52-db7b-4081-839f-5ebc64119ecf: new RaftServerImpl for group-4E1B1EBFAF85:[35339c52-db7b-4081-839f-5ebc64119ecf|rpc:10.1.0.16:38883|priority:1|startupRole:FOLLOWER] with ContainerStateMachine:uninitialized
2022-12-15 07:42:31,670 [pool-117-thread-1] INFO  server.RaftServerConfigKeys (ConfUtils.java:logGet(46)) - raft.server.rpc.timeout.min = 5s (custom)
2022-12-15 07:42:31,670 [pool-117-thread-1] INFO  server.RaftServerConfigKeys (ConfUtils.java:logGet(46)) - raft.server.rpc.timeout.max = 5200ms (custom)
2022-12-15 07:42:31,670 [pool-117-thread-1] INFO  server.RaftServerConfigKeys (ConfUtils.java:logGet(46)) - raft.server.rpc.sleep.time = 25ms (default)
2022-12-15 07:42:31,670 [pool-117-thread-1] INFO  server.RaftServerConfigKeys (ConfUtils.java:logGet(46)) - raft.server.rpc.slowness.timeout = 300s (custom)
2022-12-15 07:42:31,670 [pool-117-thread-1] INFO  server.RaftServerConfigKeys (ConfUtils.java:logGet(46)) - raft.server.leaderelection.leader.step-down.wait-time = 10s (default)
2022-12-15 07:42:31,670 [pool-117-thread-1] INFO  server.RaftServerConfigKeys (ConfUtils.java:logGet(46)) - raft.server.sleep.deviation.threshold = 300ms (default)
2022-12-15 07:42:31,670 [pool-117-thread-1] INFO  server.RaftServer$Division (ServerState.java:<init>(118)) - 35339c52-db7b-4081-839f-5ebc64119ecf@group-4E1B1EBFAF85: ConfigurationManager, init=-1: peers:[35339c52-db7b-4081-839f-5ebc64119ecf|rpc:10.1.0.16:38883|priority:1|startupRole:FOLLOWER]|listeners:[], old=null, confs=<EMPTY_MAP>
2022-12-15 07:42:31,670 [pool-117-thread-1] INFO  server.RaftServerConfigKeys (ConfUtils.java:logGet(46)) - raft.server.storage.dir = [/home/runner/work/ozone/ozone/hadoop-ozone/integration-test/target/test-dir/MiniOzoneClusterImpl-e2b6c327-26bc-4f08-8023-c1f86063ce68/datanode-2/data/ratis] (custom)
2022-12-15 07:42:31,670 [pool-117-thread-1] INFO  server.RaftServerConfigKeys (ConfUtils.java:logGet(46)) - raft.server.log.corruption.policy = EXCEPTION (default)
2022-12-15 07:42:31,670 [pool-117-thread-1] INFO  server.RaftServerConfigKeys (ConfUtils.java:logGet(46)) - raft.server.storage.free-space.min = 0MB (=0) (default)
2022-12-15 07:42:31,670 [pool-117-thread-1] INFO  server.RaftServerConfigKeys (ConfUtils.java:logGet(46)) - raft.server.notification.no-leader.timeout = 300s (custom)
2022-12-15 07:42:31,670 [pool-117-thread-1] INFO  server.RaftServerConfigKeys (ConfUtils.java:logGet(46)) - raft.server.retrycache.expirytime = 600000ms (custom)
2022-12-15 07:42:31,670 [pool-117-thread-1] INFO  server.RaftServerConfigKeys (ConfUtils.java:logGet(46)) - raft.server.retrycache.statistics.expirytime = 100μs (default)
2022-12-15 07:42:31,676 [pool-117-thread-1] INFO  server.RaftServerConfigKeys (ConfUtils.java:logGet(46)) - raft.server.log.appender.install.snapshot.enabled = false (custom)
2022-12-15 07:42:31,677 [pool-117-thread-1] INFO  server.RaftServerConfigKeys (ConfUtils.java:logGet(46)) - raft.server.threadpool.server.cached = true (default)
2022-12-15 07:42:31,677 [pool-117-thread-1] INFO  server.RaftServerConfigKeys (ConfUtils.java:logGet(46)) - raft.server.threadpool.server.size = 0 (default)
2022-12-15 07:42:31,677 [pool-117-thread-1] INFO  server.RaftServerConfigKeys (ConfUtils.java:logGet(46)) - raft.server.threadpool.client.cached = true (default)
2022-12-15 07:42:31,677 [pool-117-thread-1] INFO  server.RaftServerConfigKeys (ConfUtils.java:logGet(46)) - raft.server.threadpool.client.size = 0 (default)
2022-12-15 07:42:31,677 [pool-117-thread-1] INFO  storage.RaftStorageDirectory (RaftStorageDirectoryImpl.java:analyzeStorage(137)) - The storage directory /home/runner/work/ozone/ozone/hadoop-ozone/integration-test/target/test-dir/MiniOzoneClusterImpl-e2b6c327-26bc-4f08-8023-c1f86063ce68/datanode-2/data/ratis/75f2b698-b8fe-4492-8700-4e1b1ebfaf85 does not exist. Creating ...
2022-12-15 07:42:31,680 [pool-117-thread-1] INFO  storage.RaftStorageDirectory (RaftStorageDirectoryImpl.java:tryLock(231)) - Lock on /home/runner/work/ozone/ozone/hadoop-ozone/integration-test/target/test-dir/MiniOzoneClusterImpl-e2b6c327-26bc-4f08-8023-c1f86063ce68/datanode-2/data/ratis/75f2b698-b8fe-4492-8700-4e1b1ebfaf85/in_use.lock acquired by nodename 56908@fv-az127-938
2022-12-15 07:42:31,682 [pool-117-thread-1] INFO  storage.RaftStorage (RaftStorageImpl.java:format(96)) - Storage directory /home/runner/work/ozone/ozone/hadoop-ozone/integration-test/target/test-dir/MiniOzoneClusterImpl-e2b6c327-26bc-4f08-8023-c1f86063ce68/datanode-2/data/ratis/75f2b698-b8fe-4492-8700-4e1b1ebfaf85 has been successfully formatted.
2022-12-15 07:42:31,690 [EventQueue-CommandQueueReportForCommandQueueReportHandler] WARN  events.EventQueue (EventQueue.java:fireEvent(216)) - No event handler registered for event TypedEvent{payloadType=DatanodeDetails, name='Datanode_Command_Queue_Updated'}
2022-12-15 07:42:31,691 [pool-117-thread-1] INFO  ratis.ContainerStateMachine (ContainerStateMachine.java:loadSnapshot(236)) - group-4E1B1EBFAF85: The snapshot info is null. Setting the last applied indexto:(t:0, i:~)
2022-12-15 07:42:31,691 [pool-117-thread-1] INFO  server.RaftServerConfigKeys (ConfUtils.java:logGet(46)) - raft.server.log.use.memory = false (default)
2022-12-15 07:42:31,692 [pool-117-thread-1] INFO  server.RaftServerConfigKeys (ConfUtils.java:logGet(46)) - raft.server.log.purge.gap = 1000000 (custom)
2022-12-15 07:42:31,692 [pool-117-thread-1] INFO  server.RaftServerConfigKeys (ConfUtils.java:logGet(46)) - raft.server.log.appender.buffer.byte-limit = 33554432 (custom)
2022-12-15 07:42:31,692 [pool-117-thread-1] INFO  server.RaftServerConfigKeys (ConfUtils.java:logGet(46)) - raft.server.log.statemachine.data.read.timeout = 1000ms (default)
2022-12-15 07:42:31,692 [pool-117-thread-1] INFO  server.RaftServerConfigKeys (ConfUtils.java:logGet(46)) - raft.server.log.purge.preservation.log.num = 0 (default)
2022-12-15 07:42:31,692 [pool-117-thread-1] INFO  server.RaftServerConfigKeys (ConfUtils.java:logGet(46)) - raft.server.log.segment.size.max = 1048576 (custom)
2022-12-15 07:42:31,692 [pool-117-thread-1] INFO  server.RaftServerConfigKeys (ConfUtils.java:logGet(46)) - raft.server.log.segment.cache.num.max = 2 (custom)
2022-12-15 07:42:31,692 [pool-117-thread-1] INFO  server.RaftServerConfigKeys (ConfUtils.java:logGet(46)) - raft.server.log.segment.cache.size.max = 200MB (=209715200) (default)
2022-12-15 07:42:31,692 [pool-117-thread-1] INFO  segmented.SegmentedRaftLogWorker (SegmentedRaftLogWorker.java:<init>(189)) - new 35339c52-db7b-4081-839f-5ebc64119ecf@group-4E1B1EBFAF85-SegmentedRaftLogWorker for RaftStorageImpl:Storage Directory /home/runner/work/ozone/ozone/hadoop-ozone/integration-test/target/test-dir/MiniOzoneClusterImpl-e2b6c327-26bc-4f08-8023-c1f86063ce68/datanode-2/data/ratis/75f2b698-b8fe-4492-8700-4e1b1ebfaf85
2022-12-15 07:42:31,692 [pool-117-thread-1] INFO  server.RaftServerConfigKeys (ConfUtils.java:logGet(46)) - raft.server.log.queue.byte-limit = 4294967296 (custom)
2022-12-15 07:42:31,693 [pool-117-thread-1] INFO  server.RaftServerConfigKeys (ConfUtils.java:logGet(46)) - raft.server.log.queue.element-limit = 1024 (custom)
2022-12-15 07:42:31,693 [pool-117-thread-1] INFO  server.RaftServerConfigKeys (ConfUtils.java:logGet(46)) - raft.server.log.segment.size.max = 1048576 (custom)
2022-12-15 07:42:31,693 [pool-117-thread-1] INFO  server.RaftServerConfigKeys (ConfUtils.java:logGet(46)) - raft.server.log.preallocated.size = 16384 (custom)
2022-12-15 07:42:31,693 [pool-117-thread-1] INFO  server.RaftServerConfigKeys (ConfUtils.java:logGet(46)) - raft.server.log.force.sync.num = 128 (default)
2022-12-15 07:42:31,693 [pool-117-thread-1] INFO  server.RaftServerConfigKeys (ConfUtils.java:logGet(46)) - raft.server.log.statemachine.data.sync = true (default)
2022-12-15 07:42:31,693 [pool-117-thread-1] INFO  server.RaftServerConfigKeys (ConfUtils.java:logGet(46)) - raft.server.log.statemachine.data.sync.timeout = 10s (default)
2022-12-15 07:42:31,693 [pool-117-thread-1] INFO  server.RaftServerConfigKeys (ConfUtils.java:logGet(46)) - raft.server.log.statemachine.data.sync.timeout.retry = -1 (default)
2022-12-15 07:42:31,694 [pool-117-thread-1] INFO  server.RaftServerConfigKeys (ConfUtils.java:logGet(46)) - raft.server.log.write.buffer.size = 1048576 (custom)
2022-12-15 07:42:31,694 [pool-117-thread-1] INFO  server.RaftServerConfigKeys (ConfUtils.java:logGet(46)) - raft.server.log.appender.buffer.byte-limit = 33554432 (custom)
2022-12-15 07:42:31,694 [EventQueue-PipelineReportForPipelineReportHandler] INFO  pipeline.PipelineManagerImpl (PipelineManagerImpl.java:openPipeline(367)) - Pipeline Pipeline[ Id: 75f2b698-b8fe-4492-8700-4e1b1ebfaf85, Nodes: 35339c52-db7b-4081-839f-5ebc64119ecf{ip: 10.1.0.16, host: fv-az127-938.h3uyzbqov44edfyrgkjongjtha.bx.internal.cloudapp.net, ports: [REPLICATION=39423, RATIS=38883, RATIS_ADMIN=38883, RATIS_SERVER=38883, STANDALONE=46385], networkLocation: /default-rack, certSerialId: null, persistedOpState: IN_SERVICE, persistedOpStateExpiryEpochSec: 0}, ReplicationConfig: RATIS/ONE, State:ALLOCATED, leaderId:35339c52-db7b-4081-839f-5ebc64119ecf, CreationTimestamp2022-12-15T07:42:28.644Z[Etc/UTC]] moved to OPEN state
2022-12-15 07:42:31,695 [EventQueue-OpenPipelineForHealthyPipelineSafeModeRule] INFO  safemode.SCMSafeModeManager (HealthyPipelineSafeModeRule.java:process(137)) - SCM in safe mode. Healthy pipelines reported count is 0, required healthy pipeline reported count is 1
2022-12-15 07:42:31,699 [pool-117-thread-1] INFO  server.RaftServerConfigKeys (ConfUtils.java:logGet(46)) - raft.server.log.unsafe-flush.enabled = false (default)
2022-12-15 07:42:31,700 [pool-117-thread-1] INFO  server.RaftServerConfigKeys (ConfUtils.java:logGet(46)) - raft.server.log.async-flush.enabled = false (default)
2022-12-15 07:42:31,700 [pool-117-thread-1] INFO  server.RaftServerConfigKeys (ConfUtils.java:logGet(46)) - raft.server.log.statemachine.data.caching.enabled = true (custom)
2022-12-15 07:42:31,701 [pool-117-thread-1] INFO  segmented.SegmentedRaftLogWorker (SegmentedRaftLogWorker.java:lambda$new$0(135)) - 35339c52-db7b-4081-839f-5ebc64119ecf@group-4E1B1EBFAF85-SegmentedRaftLogWorker: flushIndex: setUnconditionally 0 -> -1
2022-12-15 07:42:31,701 [pool-117-thread-1] INFO  segmented.SegmentedRaftLogWorker (SegmentedRaftLogWorker.java:lambda$new$0(135)) - 35339c52-db7b-4081-839f-5ebc64119ecf@group-4E1B1EBFAF85-SegmentedRaftLogWorker: safeCacheEvictIndex: setUnconditionally 0 -> -1
2022-12-15 07:42:31,701 [pool-117-thread-1] INFO  server.RaftServer$Division (RaftServerImpl.java:start(334)) - 35339c52-db7b-4081-839f-5ebc64119ecf@group-4E1B1EBFAF85: start as a follower, conf=-1: peers:[35339c52-db7b-4081-839f-5ebc64119ecf|rpc:10.1.0.16:38883|priority:1|startupRole:FOLLOWER]|listeners:[], old=null
2022-12-15 07:42:31,701 [pool-117-thread-1] INFO  server.RaftServer$Division (RaftServerImpl.java:setRole(321)) - 35339c52-db7b-4081-839f-5ebc64119ecf@group-4E1B1EBFAF85: changes role from      null to FOLLOWER at term 0 for startAsFollower
2022-12-15 07:42:31,701 [pool-117-thread-1] INFO  impl.RoleInfo (RoleInfo.java:updateAndGet(139)) - 35339c52-db7b-4081-839f-5ebc64119ecf: start 35339c52-db7b-4081-839f-5ebc64119ecf@group-4E1B1EBFAF85-FollowerState
2022-12-15 07:42:31,710 [pool-117-thread-1] INFO  util.JmxRegister (JmxRegister.java:tryRegister(44)) - Successfully registered JMX Bean with object name Ratis:service=RaftServer,group=group-4E1B1EBFAF85,id=35339c52-db7b-4081-839f-5ebc64119ecf
2022-12-15 07:42:31,710 [pool-117-thread-1] INFO  server.RaftServerConfigKeys (ConfUtils.java:logGet(46)) - raft.server.snapshot.auto.trigger.enabled = true (custom)
2022-12-15 07:42:31,710 [pool-117-thread-1] INFO  server.RaftServerConfigKeys (ConfUtils.java:logGet(46)) - raft.server.snapshot.auto.trigger.threshold = 10000 (custom)
2022-12-15 07:42:31,710 [pool-117-thread-1] INFO  server.RaftServerConfigKeys (ConfUtils.java:logGet(46)) - raft.server.snapshot.retention.file.num = 5 (custom)
2022-12-15 07:42:31,710 [pool-117-thread-1] INFO  server.RaftServerConfigKeys (ConfUtils.java:logGet(46)) - raft.server.log.purge.upto.snapshot.index = false (default)
2022-12-15 07:42:31,716 [Command processor thread] INFO  ratis.XceiverServerRatis (XceiverServerRatis.java:addGroup(765)) - Created group PipelineID=75f2b698-b8fe-4492-8700-4e1b1ebfaf85
2022-12-15 07:42:31,716 [Command processor thread] INFO  commandhandler.CreatePipelineCommandHandler (CreatePipelineCommandHandler.java:handle(113)) - Created Pipeline RATIS ONE PipelineID=75f2b698-b8fe-4492-8700-4e1b1ebfaf85.
2022-12-15 07:42:31,717 [Command processor thread] INFO  server.RaftServer (RaftServerProxy.java:addNew(96)) - 35339c52-db7b-4081-839f-5ebc64119ecf: addNew group-B86CDA90664C:[35339c52-db7b-4081-839f-5ebc64119ecf|rpc:10.1.0.16:38883|priority:0|startupRole:FOLLOWER, 28aaa230-0c73-487d-9d0b-27cf7aed2ed4|rpc:10.1.0.16:39069|priority:0|startupRole:FOLLOWER, 546cc5e6-bfb7-463a-bee8-41bb77030907|rpc:10.1.0.16:33963|priority:1|startupRole:FOLLOWER] returns group-B86CDA90664C:java.util.concurrent.CompletableFuture@348c2282[Not completed]
2022-12-15 07:42:31,718 [pool-117-thread-1] INFO  server.RaftServer$Division (RaftServerImpl.java:<init>(195)) - 35339c52-db7b-4081-839f-5ebc64119ecf: new RaftServerImpl for group-B86CDA90664C:[35339c52-db7b-4081-839f-5ebc64119ecf|rpc:10.1.0.16:38883|priority:0|startupRole:FOLLOWER, 28aaa230-0c73-487d-9d0b-27cf7aed2ed4|rpc:10.1.0.16:39069|priority:0|startupRole:FOLLOWER, 546cc5e6-bfb7-463a-bee8-41bb77030907|rpc:10.1.0.16:33963|priority:1|startupRole:FOLLOWER] with ContainerStateMachine:uninitialized
2022-12-15 07:42:31,718 [pool-117-thread-1] INFO  server.RaftServerConfigKeys (ConfUtils.java:logGet(46)) - raft.server.rpc.timeout.min = 5s (custom)
2022-12-15 07:42:31,718 [pool-117-thread-1] INFO  server.RaftServerConfigKeys (ConfUtils.java:logGet(46)) - raft.server.rpc.timeout.max = 5200ms (custom)
2022-12-15 07:42:31,718 [pool-117-thread-1] INFO  server.RaftServerConfigKeys (ConfUtils.java:logGet(46)) - raft.server.rpc.sleep.time = 25ms (default)
2022-12-15 07:42:31,718 [pool-117-thread-1] INFO  server.RaftServerConfigKeys (ConfUtils.java:logGet(46)) - raft.server.rpc.slowness.timeout = 300s (custom)
2022-12-15 07:42:31,718 [pool-117-thread-1] INFO  server.RaftServerConfigKeys (ConfUtils.java:logGet(46)) - raft.server.leaderelection.leader.step-down.wait-time = 10s (default)
2022-12-15 07:42:31,718 [pool-117-thread-1] INFO  server.RaftServerConfigKeys (ConfUtils.java:logGet(46)) - raft.server.sleep.deviation.threshold = 300ms (default)
2022-12-15 07:42:31,718 [pool-117-thread-1] INFO  server.RaftServer$Division (ServerState.java:<init>(118)) - 35339c52-db7b-4081-839f-5ebc64119ecf@group-B86CDA90664C: ConfigurationManager, init=-1: peers:[35339c52-db7b-4081-839f-5ebc64119ecf|rpc:10.1.0.16:38883|priority:0|startupRole:FOLLOWER, 28aaa230-0c73-487d-9d0b-27cf7aed2ed4|rpc:10.1.0.16:39069|priority:0|startupRole:FOLLOWER, 546cc5e6-bfb7-463a-bee8-41bb77030907|rpc:10.1.0.16:33963|priority:1|startupRole:FOLLOWER]|listeners:[], old=null, confs=<EMPTY_MAP>
2022-12-15 07:42:31,718 [pool-117-thread-1] INFO  server.RaftServerConfigKeys (ConfUtils.java:logGet(46)) - raft.server.storage.dir = [/home/runner/work/ozone/ozone/hadoop-ozone/integration-test/target/test-dir/MiniOzoneClusterImpl-e2b6c327-26bc-4f08-8023-c1f86063ce68/datanode-2/data/ratis] (custom)
2022-12-15 07:42:31,719 [pool-117-thread-1] INFO  server.RaftServerConfigKeys (ConfUtils.java:logGet(46)) - raft.server.log.corruption.policy = EXCEPTION (default)
2022-12-15 07:42:31,719 [pool-117-thread-1] INFO  server.RaftServerConfigKeys (ConfUtils.java:logGet(46)) - raft.server.storage.free-space.min = 0MB (=0) (default)
2022-12-15 07:42:31,719 [pool-117-thread-1] INFO  server.RaftServerConfigKeys (ConfUtils.java:logGet(46)) - raft.server.notification.no-leader.timeout = 300s (custom)
2022-12-15 07:42:31,719 [pool-117-thread-1] INFO  server.RaftServerConfigKeys (ConfUtils.java:logGet(46)) - raft.server.retrycache.expirytime = 600000ms (custom)
2022-12-15 07:42:31,719 [pool-117-thread-1] INFO  server.RaftServerConfigKeys (ConfUtils.java:logGet(46)) - raft.server.retrycache.statistics.expirytime = 100μs (default)
2022-12-15 07:42:31,720 [pool-117-thread-1] INFO  server.RaftServerConfigKeys (ConfUtils.java:logGet(46)) - raft.server.log.appender.install.snapshot.enabled = false (custom)
2022-12-15 07:42:31,720 [pool-117-thread-1] INFO  server.RaftServerConfigKeys (ConfUtils.java:logGet(46)) - raft.server.threadpool.server.cached = true (default)
2022-12-15 07:42:31,720 [pool-117-thread-1] INFO  server.RaftServerConfigKeys (ConfUtils.java:logGet(46)) - raft.server.threadpool.server.size = 0 (default)
2022-12-15 07:42:31,720 [pool-117-thread-1] INFO  server.RaftServerConfigKeys (ConfUtils.java:logGet(46)) - raft.server.threadpool.client.cached = true (default)
2022-12-15 07:42:31,720 [pool-117-thread-1] INFO  server.RaftServerConfigKeys (ConfUtils.java:logGet(46)) - raft.server.threadpool.client.size = 0 (default)
2022-12-15 07:42:31,721 [pool-117-thread-1] INFO  storage.RaftStorageDirectory (RaftStorageDirectoryImpl.java:analyzeStorage(137)) - The storage directory /home/runner/work/ozone/ozone/hadoop-ozone/integration-test/target/test-dir/MiniOzoneClusterImpl-e2b6c327-26bc-4f08-8023-c1f86063ce68/datanode-2/data/ratis/e80babe2-9d10-4976-8c29-b86cda90664c does not exist. Creating ...
2022-12-15 07:42:31,722 [pool-117-thread-1] INFO  storage.RaftStorageDirectory (RaftStorageDirectoryImpl.java:tryLock(231)) - Lock on /home/runner/work/ozone/ozone/hadoop-ozone/integration-test/target/test-dir/MiniOzoneClusterImpl-e2b6c327-26bc-4f08-8023-c1f86063ce68/datanode-2/data/ratis/e80babe2-9d10-4976-8c29-b86cda90664c/in_use.lock acquired by nodename 56908@fv-az127-938
2022-12-15 07:42:31,729 [35339c52-db7b-4081-839f-5ebc64119ecf@group-4E1B1EBFAF85-FollowerState] INFO  server.RaftServerConfigKeys (ConfUtils.java:logFallback(53)) - raft.server.rpc.first-election.timeout.min = 5s (fallback to raft.server.rpc.timeout.min)
2022-12-15 07:42:31,730 [pool-117-thread-1] INFO  storage.RaftStorage (RaftStorageImpl.java:format(96)) - Storage directory /home/runner/work/ozone/ozone/hadoop-ozone/integration-test/target/test-dir/MiniOzoneClusterImpl-e2b6c327-26bc-4f08-8023-c1f86063ce68/datanode-2/data/ratis/e80babe2-9d10-4976-8c29-b86cda90664c has been successfully formatted.
2022-12-15 07:42:31,731 [pool-117-thread-1] INFO  ratis.ContainerStateMachine (ContainerStateMachine.java:loadSnapshot(236)) - group-B86CDA90664C: The snapshot info is null. Setting the last applied indexto:(t:0, i:~)
2022-12-15 07:42:31,731 [pool-117-thread-1] INFO  server.RaftServerConfigKeys (ConfUtils.java:logGet(46)) - raft.server.log.use.memory = false (default)
2022-12-15 07:42:31,731 [pool-117-thread-1] INFO  server.RaftServerConfigKeys (ConfUtils.java:logGet(46)) - raft.server.log.purge.gap = 1000000 (custom)
2022-12-15 07:42:31,731 [pool-117-thread-1] INFO  server.RaftServerConfigKeys (ConfUtils.java:logGet(46)) - raft.server.log.appender.buffer.byte-limit = 33554432 (custom)
2022-12-15 07:42:31,731 [pool-117-thread-1] INFO  server.RaftServerConfigKeys (ConfUtils.java:logGet(46)) - raft.server.log.statemachine.data.read.timeout = 1000ms (default)
2022-12-15 07:42:31,731 [pool-117-thread-1] INFO  server.RaftServerConfigKeys (ConfUtils.java:logGet(46)) - raft.server.log.purge.preservation.log.num = 0 (default)
2022-12-15 07:42:31,730 [35339c52-db7b-4081-839f-5ebc64119ecf@group-4E1B1EBFAF85-FollowerState] INFO  server.RaftServerConfigKeys (ConfUtils.java:logFallback(53)) - raft.server.rpc.first-election.timeout.max = 5200ms (fallback to raft.server.rpc.timeout.max)
2022-12-15 07:42:31,732 [pool-117-thread-1] INFO  server.RaftServerConfigKeys (ConfUtils.java:logGet(46)) - raft.server.log.segment.size.max = 1048576 (custom)
2022-12-15 07:42:31,733 [pool-117-thread-1] INFO  server.RaftServerConfigKeys (ConfUtils.java:logGet(46)) - raft.server.log.segment.cache.num.max = 2 (custom)
2022-12-15 07:42:31,733 [pool-117-thread-1] INFO  server.RaftServerConfigKeys (ConfUtils.java:logGet(46)) - raft.server.log.segment.cache.size.max = 200MB (=209715200) (default)
2022-12-15 07:42:31,733 [pool-117-thread-1] INFO  segmented.SegmentedRaftLogWorker (SegmentedRaftLogWorker.java:<init>(189)) - new 35339c52-db7b-4081-839f-5ebc64119ecf@group-B86CDA90664C-SegmentedRaftLogWorker for RaftStorageImpl:Storage Directory /home/runner/work/ozone/ozone/hadoop-ozone/integration-test/target/test-dir/MiniOzoneClusterImpl-e2b6c327-26bc-4f08-8023-c1f86063ce68/datanode-2/data/ratis/e80babe2-9d10-4976-8c29-b86cda90664c
2022-12-15 07:42:31,733 [pool-117-thread-1] INFO  server.RaftServerConfigKeys (ConfUtils.java:logGet(46)) - raft.server.log.queue.byte-limit = 4294967296 (custom)
2022-12-15 07:42:31,733 [pool-117-thread-1] INFO  server.RaftServerConfigKeys (ConfUtils.java:logGet(46)) - raft.server.log.queue.element-limit = 1024 (custom)
2022-12-15 07:42:31,733 [pool-117-thread-1] INFO  server.RaftServerConfigKeys (ConfUtils.java:logGet(46)) - raft.server.log.segment.size.max = 1048576 (custom)
2022-12-15 07:42:31,736 [pool-117-thread-1] INFO  server.RaftServerConfigKeys (ConfUtils.java:logGet(46)) - raft.server.log.preallocated.size = 16384 (custom)
2022-12-15 07:42:31,737 [pool-117-thread-1] INFO  server.RaftServerConfigKeys (ConfUtils.java:logGet(46)) - raft.server.log.force.sync.num = 128 (default)
2022-12-15 07:42:31,737 [pool-117-thread-1] INFO  server.RaftServerConfigKeys (ConfUtils.java:logGet(46)) - raft.server.log.statemachine.data.sync = true (default)
2022-12-15 07:42:31,737 [pool-117-thread-1] INFO  server.RaftServerConfigKeys (ConfUtils.java:logGet(46)) - raft.server.log.statemachine.data.sync.timeout = 10s (default)
2022-12-15 07:42:31,737 [pool-117-thread-1] INFO  server.RaftServerConfigKeys (ConfUtils.java:logGet(46)) - raft.server.log.statemachine.data.sync.timeout.retry = -1 (default)
2022-12-15 07:42:31,745 [pool-117-thread-1] INFO  server.RaftServerConfigKeys (ConfUtils.java:logGet(46)) - raft.server.log.write.buffer.size = 1048576 (custom)
2022-12-15 07:42:31,746 [pool-117-thread-1] INFO  server.RaftServerConfigKeys (ConfUtils.java:logGet(46)) - raft.server.log.appender.buffer.byte-limit = 33554432 (custom)
2022-12-15 07:42:31,751 [pool-117-thread-1] INFO  server.RaftServerConfigKeys (ConfUtils.java:logGet(46)) - raft.server.log.unsafe-flush.enabled = false (default)
2022-12-15 07:42:31,751 [pool-117-thread-1] INFO  server.RaftServerConfigKeys (ConfUtils.java:logGet(46)) - raft.server.log.async-flush.enabled = false (default)
2022-12-15 07:42:31,751 [pool-117-thread-1] INFO  server.RaftServerConfigKeys (ConfUtils.java:logGet(46)) - raft.server.log.statemachine.data.caching.enabled = true (custom)
2022-12-15 07:42:31,752 [pool-117-thread-1] INFO  segmented.SegmentedRaftLogWorker (SegmentedRaftLogWorker.java:lambda$new$0(135)) - 35339c52-db7b-4081-839f-5ebc64119ecf@group-B86CDA90664C-SegmentedRaftLogWorker: flushIndex: setUnconditionally 0 -> -1
2022-12-15 07:42:31,752 [pool-117-thread-1] INFO  segmented.SegmentedRaftLogWorker (SegmentedRaftLogWorker.java:lambda$new$0(135)) - 35339c52-db7b-4081-839f-5ebc64119ecf@group-B86CDA90664C-SegmentedRaftLogWorker: safeCacheEvictIndex: setUnconditionally 0 -> -1
2022-12-15 07:42:31,753 [EventQueue-CommandQueueReportForCommandQueueReportHandler] WARN  events.EventQueue (EventQueue.java:fireEvent(216)) - No event handler registered for event TypedEvent{payloadType=DatanodeDetails, name='Datanode_Command_Queue_Updated'}
2022-12-15 07:42:31,754 [EventQueue-OpenPipelineForHealthyPipelineSafeModeRule] INFO  safemode.SCMSafeModeManager (HealthyPipelineSafeModeRule.java:process(137)) - SCM in safe mode. Healthy pipelines reported count is 0, required healthy pipeline reported count is 1
2022-12-15 07:42:31,756 [pool-117-thread-1] INFO  server.RaftServer$Division (RaftServerImpl.java:start(334)) - 35339c52-db7b-4081-839f-5ebc64119ecf@group-B86CDA90664C: start as a follower, conf=-1: peers:[35339c52-db7b-4081-839f-5ebc64119ecf|rpc:10.1.0.16:38883|priority:0|startupRole:FOLLOWER, 28aaa230-0c73-487d-9d0b-27cf7aed2ed4|rpc:10.1.0.16:39069|priority:0|startupRole:FOLLOWER, 546cc5e6-bfb7-463a-bee8-41bb77030907|rpc:10.1.0.16:33963|priority:1|startupRole:FOLLOWER]|listeners:[], old=null
2022-12-15 07:42:31,756 [pool-117-thread-1] INFO  server.RaftServer$Division (RaftServerImpl.java:setRole(321)) - 35339c52-db7b-4081-839f-5ebc64119ecf@group-B86CDA90664C: changes role from      null to FOLLOWER at term 0 for startAsFollower
2022-12-15 07:42:31,756 [pool-117-thread-1] INFO  impl.RoleInfo (RoleInfo.java:updateAndGet(139)) - 35339c52-db7b-4081-839f-5ebc64119ecf: start 35339c52-db7b-4081-839f-5ebc64119ecf@group-B86CDA90664C-FollowerState
2022-12-15 07:42:31,762 [pool-117-thread-1] INFO  util.JmxRegister (JmxRegister.java:tryRegister(44)) - Successfully registered JMX Bean with object name Ratis:service=RaftServer,group=group-B86CDA90664C,id=35339c52-db7b-4081-839f-5ebc64119ecf
2022-12-15 07:42:31,762 [pool-117-thread-1] INFO  server.RaftServerConfigKeys (ConfUtils.java:logGet(46)) - raft.server.snapshot.auto.trigger.enabled = true (custom)
2022-12-15 07:42:31,762 [pool-117-thread-1] INFO  server.RaftServerConfigKeys (ConfUtils.java:logGet(46)) - raft.server.snapshot.auto.trigger.threshold = 10000 (custom)
2022-12-15 07:42:31,762 [pool-117-thread-1] INFO  server.RaftServerConfigKeys (ConfUtils.java:logGet(46)) - raft.server.snapshot.retention.file.num = 5 (custom)
2022-12-15 07:42:31,762 [pool-117-thread-1] INFO  server.RaftServerConfigKeys (ConfUtils.java:logGet(46)) - raft.server.log.purge.upto.snapshot.index = false (default)
2022-12-15 07:42:31,762 [35339c52-db7b-4081-839f-5ebc64119ecf@group-B86CDA90664C-FollowerState] INFO  server.RaftServerConfigKeys (ConfUtils.java:logFallback(53)) - raft.server.rpc.first-election.timeout.min = 5s (fallback to raft.server.rpc.timeout.min)
2022-12-15 07:42:31,762 [35339c52-db7b-4081-839f-5ebc64119ecf@group-B86CDA90664C-FollowerState] INFO  server.RaftServerConfigKeys (ConfUtils.java:logFallback(53)) - raft.server.rpc.first-election.timeout.max = 5200ms (fallback to raft.server.rpc.timeout.max)
2022-12-15 07:42:31,767 [Command processor thread] INFO  ratis.XceiverServerRatis (XceiverServerRatis.java:addGroup(765)) - Created group PipelineID=e80babe2-9d10-4976-8c29-b86cda90664c
2022-12-15 07:42:31,787 [Command processor thread] INFO  commandhandler.CreatePipelineCommandHandler (CreatePipelineCommandHandler.java:handle(113)) - Created Pipeline RATIS THREE PipelineID=e80babe2-9d10-4976-8c29-b86cda90664c.
2022-12-15 07:42:31,788 [Command processor thread] INFO  server.RaftServer (RaftServerProxy.java:addNew(96)) - 546cc5e6-bfb7-463a-bee8-41bb77030907: addNew group-DE5E2B50A588:[35339c52-db7b-4081-839f-5ebc64119ecf|rpc:10.1.0.16:38883|priority:1|startupRole:FOLLOWER, 28aaa230-0c73-487d-9d0b-27cf7aed2ed4|rpc:10.1.0.16:39069|priority:0|startupRole:FOLLOWER, 546cc5e6-bfb7-463a-bee8-41bb77030907|rpc:10.1.0.16:33963|priority:0|startupRole:FOLLOWER] returns group-DE5E2B50A588:java.util.concurrent.CompletableFuture@304833ad[Not completed]
2022-12-15 07:42:31,789 [pool-71-thread-1] INFO  server.RaftServer$Division (RaftServerImpl.java:<init>(195)) - 546cc5e6-bfb7-463a-bee8-41bb77030907: new RaftServerImpl for group-DE5E2B50A588:[35339c52-db7b-4081-839f-5ebc64119ecf|rpc:10.1.0.16:38883|priority:1|startupRole:FOLLOWER, 28aaa230-0c73-487d-9d0b-27cf7aed2ed4|rpc:10.1.0.16:39069|priority:0|startupRole:FOLLOWER, 546cc5e6-bfb7-463a-bee8-41bb77030907|rpc:10.1.0.16:33963|priority:0|startupRole:FOLLOWER] with ContainerStateMachine:uninitialized
2022-12-15 07:42:31,789 [pool-71-thread-1] INFO  server.RaftServerConfigKeys (ConfUtils.java:logGet(46)) - raft.server.rpc.timeout.min = 5s (custom)
2022-12-15 07:42:31,789 [pool-71-thread-1] INFO  server.RaftServerConfigKeys (ConfUtils.java:logGet(46)) - raft.server.rpc.timeout.max = 5200ms (custom)
2022-12-15 07:42:31,789 [pool-71-thread-1] INFO  server.RaftServerConfigKeys (ConfUtils.java:logGet(46)) - raft.server.rpc.sleep.time = 25ms (default)
2022-12-15 07:42:31,789 [pool-71-thread-1] INFO  server.RaftServerConfigKeys (ConfUtils.java:logGet(46)) - raft.server.rpc.slowness.timeout = 300s (custom)
2022-12-15 07:42:31,789 [pool-71-thread-1] INFO  server.RaftServerConfigKeys (ConfUtils.java:logGet(46)) - raft.server.leaderelection.leader.step-down.wait-time = 10s (default)
2022-12-15 07:42:31,789 [pool-71-thread-1] INFO  server.RaftServerConfigKeys (ConfUtils.java:logGet(46)) - raft.server.sleep.deviation.threshold = 300ms (default)
2022-12-15 07:42:31,789 [pool-71-thread-1] INFO  server.RaftServer$Division (ServerState.java:<init>(118)) - 546cc5e6-bfb7-463a-bee8-41bb77030907@group-DE5E2B50A588: ConfigurationManager, init=-1: peers:[35339c52-db7b-4081-839f-5ebc64119ecf|rpc:10.1.0.16:38883|priority:1|startupRole:FOLLOWER, 28aaa230-0c73-487d-9d0b-27cf7aed2ed4|rpc:10.1.0.16:39069|priority:0|startupRole:FOLLOWER, 546cc5e6-bfb7-463a-bee8-41bb77030907|rpc:10.1.0.16:33963|priority:0|startupRole:FOLLOWER]|listeners:[], old=null, confs=<EMPTY_MAP>
2022-12-15 07:42:31,789 [pool-71-thread-1] INFO  server.RaftServerConfigKeys (ConfUtils.java:logGet(46)) - raft.server.storage.dir = [/home/runner/work/ozone/ozone/hadoop-ozone/integration-test/target/test-dir/MiniOzoneClusterImpl-e2b6c327-26bc-4f08-8023-c1f86063ce68/datanode-0/data/ratis] (custom)
2022-12-15 07:42:31,790 [pool-71-thread-1] INFO  server.RaftServerConfigKeys (ConfUtils.java:logGet(46)) - raft.server.log.corruption.policy = EXCEPTION (default)
2022-12-15 07:42:31,790 [pool-71-thread-1] INFO  server.RaftServerConfigKeys (ConfUtils.java:logGet(46)) - raft.server.storage.free-space.min = 0MB (=0) (default)
2022-12-15 07:42:31,790 [pool-71-thread-1] INFO  server.RaftServerConfigKeys (ConfUtils.java:logGet(46)) - raft.server.notification.no-leader.timeout = 300s (custom)
2022-12-15 07:42:31,790 [pool-71-thread-1] INFO  server.RaftServerConfigKeys (ConfUtils.java:logGet(46)) - raft.server.retrycache.expirytime = 600000ms (custom)
2022-12-15 07:42:31,790 [pool-71-thread-1] INFO  server.RaftServerConfigKeys (ConfUtils.java:logGet(46)) - raft.server.retrycache.statistics.expirytime = 100μs (default)
2022-12-15 07:42:31,794 [pool-71-thread-1] INFO  server.RaftServerConfigKeys (ConfUtils.java:logGet(46)) - raft.server.log.appender.install.snapshot.enabled = false (custom)
2022-12-15 07:42:31,794 [pool-71-thread-1] INFO  server.RaftServerConfigKeys (ConfUtils.java:logGet(46)) - raft.server.threadpool.server.cached = true (default)
2022-12-15 07:42:31,794 [pool-71-thread-1] INFO  server.RaftServerConfigKeys (ConfUtils.java:logGet(46)) - raft.server.threadpool.server.size = 0 (default)
2022-12-15 07:42:31,794 [pool-71-thread-1] INFO  server.RaftServerConfigKeys (ConfUtils.java:logGet(46)) - raft.server.threadpool.client.cached = true (default)
2022-12-15 07:42:31,794 [pool-71-thread-1] INFO  server.RaftServerConfigKeys (ConfUtils.java:logGet(46)) - raft.server.threadpool.client.size = 0 (default)
2022-12-15 07:42:31,794 [pool-71-thread-1] INFO  storage.RaftStorageDirectory (RaftStorageDirectoryImpl.java:analyzeStorage(137)) - The storage directory /home/runner/work/ozone/ozone/hadoop-ozone/integration-test/target/test-dir/MiniOzoneClusterImpl-e2b6c327-26bc-4f08-8023-c1f86063ce68/datanode-0/data/ratis/ce52f2b2-c92e-40dd-bce5-de5e2b50a588 does not exist. Creating ...
2022-12-15 07:42:31,796 [pool-71-thread-1] INFO  storage.RaftStorageDirectory (RaftStorageDirectoryImpl.java:tryLock(231)) - Lock on /home/runner/work/ozone/ozone/hadoop-ozone/integration-test/target/test-dir/MiniOzoneClusterImpl-e2b6c327-26bc-4f08-8023-c1f86063ce68/datanode-0/data/ratis/ce52f2b2-c92e-40dd-bce5-de5e2b50a588/in_use.lock acquired by nodename 56908@fv-az127-938
2022-12-15 07:42:31,800 [pool-71-thread-1] INFO  storage.RaftStorage (RaftStorageImpl.java:format(96)) - Storage directory /home/runner/work/ozone/ozone/hadoop-ozone/integration-test/target/test-dir/MiniOzoneClusterImpl-e2b6c327-26bc-4f08-8023-c1f86063ce68/datanode-0/data/ratis/ce52f2b2-c92e-40dd-bce5-de5e2b50a588 has been successfully formatted.
2022-12-15 07:42:31,801 [pool-71-thread-1] INFO  ratis.ContainerStateMachine (ContainerStateMachine.java:loadSnapshot(236)) - group-DE5E2B50A588: The snapshot info is null. Setting the last applied indexto:(t:0, i:~)
2022-12-15 07:42:31,801 [pool-71-thread-1] INFO  server.RaftServerConfigKeys (ConfUtils.java:logGet(46)) - raft.server.log.use.memory = false (default)
2022-12-15 07:42:31,801 [pool-71-thread-1] INFO  server.RaftServerConfigKeys (ConfUtils.java:logGet(46)) - raft.server.log.purge.gap = 1000000 (custom)
2022-12-15 07:42:31,801 [pool-71-thread-1] INFO  server.RaftServerConfigKeys (ConfUtils.java:logGet(46)) - raft.server.log.appender.buffer.byte-limit = 33554432 (custom)
2022-12-15 07:42:31,801 [pool-71-thread-1] INFO  server.RaftServerConfigKeys (ConfUtils.java:logGet(46)) - raft.server.log.statemachine.data.read.timeout = 1000ms (default)
2022-12-15 07:42:31,802 [pool-71-thread-1] INFO  server.RaftServerConfigKeys (ConfUtils.java:logGet(46)) - raft.server.log.purge.preservation.log.num = 0 (default)
2022-12-15 07:42:31,803 [pool-71-thread-1] INFO  server.RaftServerConfigKeys (ConfUtils.java:logGet(46)) - raft.server.log.segment.size.max = 1048576 (custom)
2022-12-15 07:42:31,803 [pool-71-thread-1] INFO  server.RaftServerConfigKeys (ConfUtils.java:logGet(46)) - raft.server.log.segment.cache.num.max = 2 (custom)
2022-12-15 07:42:31,803 [pool-71-thread-1] INFO  server.RaftServerConfigKeys (ConfUtils.java:logGet(46)) - raft.server.log.segment.cache.size.max = 200MB (=209715200) (default)
2022-12-15 07:42:31,805 [pool-71-thread-1] INFO  segmented.SegmentedRaftLogWorker (SegmentedRaftLogWorker.java:<init>(189)) - new 546cc5e6-bfb7-463a-bee8-41bb77030907@group-DE5E2B50A588-SegmentedRaftLogWorker for RaftStorageImpl:Storage Directory /home/runner/work/ozone/ozone/hadoop-ozone/integration-test/target/test-dir/MiniOzoneClusterImpl-e2b6c327-26bc-4f08-8023-c1f86063ce68/datanode-0/data/ratis/ce52f2b2-c92e-40dd-bce5-de5e2b50a588
2022-12-15 07:42:31,806 [pool-71-thread-1] INFO  server.RaftServerConfigKeys (ConfUtils.java:logGet(46)) - raft.server.log.queue.byte-limit = 4294967296 (custom)
2022-12-15 07:42:31,806 [pool-71-thread-1] INFO  server.RaftServerConfigKeys (ConfUtils.java:logGet(46)) - raft.server.log.queue.element-limit = 1024 (custom)
2022-12-15 07:42:31,806 [pool-71-thread-1] INFO  server.RaftServerConfigKeys (ConfUtils.java:logGet(46)) - raft.server.log.segment.size.max = 1048576 (custom)
2022-12-15 07:42:31,806 [pool-71-thread-1] INFO  server.RaftServerConfigKeys (ConfUtils.java:logGet(46)) - raft.server.log.preallocated.size = 16384 (custom)
2022-12-15 07:42:31,806 [pool-71-thread-1] INFO  server.RaftServerConfigKeys (ConfUtils.java:logGet(46)) - raft.server.log.force.sync.num = 128 (default)
2022-12-15 07:42:31,806 [pool-71-thread-1] INFO  server.RaftServerConfigKeys (ConfUtils.java:logGet(46)) - raft.server.log.statemachine.data.sync = true (default)
2022-12-15 07:42:31,806 [pool-71-thread-1] INFO  server.RaftServerConfigKeys (ConfUtils.java:logGet(46)) - raft.server.log.statemachine.data.sync.timeout = 10s (default)
2022-12-15 07:42:31,806 [pool-71-thread-1] INFO  server.RaftServerConfigKeys (ConfUtils.java:logGet(46)) - raft.server.log.statemachine.data.sync.timeout.retry = -1 (default)
2022-12-15 07:42:31,808 [pool-71-thread-1] INFO  server.RaftServerConfigKeys (ConfUtils.java:logGet(46)) - raft.server.log.write.buffer.size = 1048576 (custom)
2022-12-15 07:42:31,809 [EventQueue-CommandQueueReportForCommandQueueReportHandler] WARN  events.EventQueue (EventQueue.java:fireEvent(216)) - No event handler registered for event TypedEvent{payloadType=DatanodeDetails, name='Datanode_Command_Queue_Updated'}
2022-12-15 07:42:31,811 [pool-71-thread-1] INFO  server.RaftServerConfigKeys (ConfUtils.java:logGet(46)) - raft.server.log.appender.buffer.byte-limit = 33554432 (custom)
2022-12-15 07:42:31,809 [EventQueue-OpenPipelineForHealthyPipelineSafeModeRule] INFO  safemode.SCMSafeModeManager (HealthyPipelineSafeModeRule.java:process(137)) - SCM in safe mode. Healthy pipelines reported count is 0, required healthy pipeline reported count is 1
2022-12-15 07:42:31,822 [Command processor thread] INFO  commandhandler.CreatePipelineCommandHandler (CreatePipelineCommandHandler.java:handle(113)) - Created Pipeline RATIS THREE PipelineID=e80babe2-9d10-4976-8c29-b86cda90664c.
2022-12-15 07:42:31,822 [Command processor thread] INFO  server.RaftServer (RaftServerProxy.java:addNew(96)) - 28aaa230-0c73-487d-9d0b-27cf7aed2ed4: addNew group-DE5E2B50A588:[35339c52-db7b-4081-839f-5ebc64119ecf|rpc:10.1.0.16:38883|priority:1|startupRole:FOLLOWER, 28aaa230-0c73-487d-9d0b-27cf7aed2ed4|rpc:10.1.0.16:39069|priority:0|startupRole:FOLLOWER, 546cc5e6-bfb7-463a-bee8-41bb77030907|rpc:10.1.0.16:33963|priority:0|startupRole:FOLLOWER] returns group-DE5E2B50A588:java.util.concurrent.CompletableFuture@1e1637aa[Not completed]
2022-12-15 07:42:31,824 [pool-94-thread-1] INFO  server.RaftServer$Division (RaftServerImpl.java:<init>(195)) - 28aaa230-0c73-487d-9d0b-27cf7aed2ed4: new RaftServerImpl for group-DE5E2B50A588:[35339c52-db7b-4081-839f-5ebc64119ecf|rpc:10.1.0.16:38883|priority:1|startupRole:FOLLOWER, 28aaa230-0c73-487d-9d0b-27cf7aed2ed4|rpc:10.1.0.16:39069|priority:0|startupRole:FOLLOWER, 546cc5e6-bfb7-463a-bee8-41bb77030907|rpc:10.1.0.16:33963|priority:0|startupRole:FOLLOWER] with ContainerStateMachine:uninitialized
2022-12-15 07:42:31,824 [pool-94-thread-1] INFO  server.RaftServerConfigKeys (ConfUtils.java:logGet(46)) - raft.server.rpc.timeout.min = 5s (custom)
2022-12-15 07:42:31,824 [pool-94-thread-1] INFO  server.RaftServerConfigKeys (ConfUtils.java:logGet(46)) - raft.server.rpc.timeout.max = 5200ms (custom)
2022-12-15 07:42:31,824 [pool-94-thread-1] INFO  server.RaftServerConfigKeys (ConfUtils.java:logGet(46)) - raft.server.rpc.sleep.time = 25ms (default)
2022-12-15 07:42:31,824 [pool-94-thread-1] INFO  server.RaftServerConfigKeys (ConfUtils.java:logGet(46)) - raft.server.rpc.slowness.timeout = 300s (custom)
2022-12-15 07:42:31,824 [pool-94-thread-1] INFO  server.RaftServerConfigKeys (ConfUtils.java:logGet(46)) - raft.server.leaderelection.leader.step-down.wait-time = 10s (default)
2022-12-15 07:42:31,824 [pool-94-thread-1] INFO  server.RaftServerConfigKeys (ConfUtils.java:logGet(46)) - raft.server.sleep.deviation.threshold = 300ms (default)
2022-12-15 07:42:31,824 [pool-94-thread-1] INFO  server.RaftServer$Division (ServerState.java:<init>(118)) - 28aaa230-0c73-487d-9d0b-27cf7aed2ed4@group-DE5E2B50A588: ConfigurationManager, init=-1: peers:[35339c52-db7b-4081-839f-5ebc64119ecf|rpc:10.1.0.16:38883|priority:1|startupRole:FOLLOWER, 28aaa230-0c73-487d-9d0b-27cf7aed2ed4|rpc:10.1.0.16:39069|priority:0|startupRole:FOLLOWER, 546cc5e6-bfb7-463a-bee8-41bb77030907|rpc:10.1.0.16:33963|priority:0|startupRole:FOLLOWER]|listeners:[], old=null, confs=<EMPTY_MAP>
2022-12-15 07:42:31,824 [pool-94-thread-1] INFO  server.RaftServerConfigKeys (ConfUtils.java:logGet(46)) - raft.server.storage.dir = [/home/runner/work/ozone/ozone/hadoop-ozone/integration-test/target/test-dir/MiniOzoneClusterImpl-e2b6c327-26bc-4f08-8023-c1f86063ce68/datanode-1/data/ratis] (custom)
2022-12-15 07:42:31,824 [pool-94-thread-1] INFO  server.RaftServerConfigKeys (ConfUtils.java:logGet(46)) - raft.server.log.corruption.policy = EXCEPTION (default)
2022-12-15 07:42:31,824 [pool-94-thread-1] INFO  server.RaftServerConfigKeys (ConfUtils.java:logGet(46)) - raft.server.storage.free-space.min = 0MB (=0) (default)
2022-12-15 07:42:31,824 [pool-94-thread-1] INFO  server.RaftServerConfigKeys (ConfUtils.java:logGet(46)) - raft.server.notification.no-leader.timeout = 300s (custom)
2022-12-15 07:42:31,824 [pool-94-thread-1] INFO  server.RaftServerConfigKeys (ConfUtils.java:logGet(46)) - raft.server.retrycache.expirytime = 600000ms (custom)
2022-12-15 07:42:31,825 [pool-94-thread-1] INFO  server.RaftServerConfigKeys (ConfUtils.java:logGet(46)) - raft.server.retrycache.statistics.expirytime = 100μs (default)
2022-12-15 07:42:31,825 [pool-94-thread-1] INFO  server.RaftServerConfigKeys (ConfUtils.java:logGet(46)) - raft.server.log.appender.install.snapshot.enabled = false (custom)
2022-12-15 07:42:31,826 [pool-94-thread-1] INFO  server.RaftServerConfigKeys (ConfUtils.java:logGet(46)) - raft.server.threadpool.server.cached = true (default)
2022-12-15 07:42:31,826 [pool-94-thread-1] INFO  server.RaftServerConfigKeys (ConfUtils.java:logGet(46)) - raft.server.threadpool.server.size = 0 (default)
2022-12-15 07:42:31,826 [pool-94-thread-1] INFO  server.RaftServerConfigKeys (ConfUtils.java:logGet(46)) - raft.server.threadpool.client.cached = true (default)
2022-12-15 07:42:31,826 [pool-94-thread-1] INFO  server.RaftServerConfigKeys (ConfUtils.java:logGet(46)) - raft.server.threadpool.client.size = 0 (default)
2022-12-15 07:42:31,826 [pool-94-thread-1] INFO  storage.RaftStorageDirectory (RaftStorageDirectoryImpl.java:analyzeStorage(137)) - The storage directory /home/runner/work/ozone/ozone/hadoop-ozone/integration-test/target/test-dir/MiniOzoneClusterImpl-e2b6c327-26bc-4f08-8023-c1f86063ce68/datanode-1/data/ratis/ce52f2b2-c92e-40dd-bce5-de5e2b50a588 does not exist. Creating ...
2022-12-15 07:42:31,827 [pool-94-thread-1] INFO  storage.RaftStorageDirectory (RaftStorageDirectoryImpl.java:tryLock(231)) - Lock on /home/runner/work/ozone/ozone/hadoop-ozone/integration-test/target/test-dir/MiniOzoneClusterImpl-e2b6c327-26bc-4f08-8023-c1f86063ce68/datanode-1/data/ratis/ce52f2b2-c92e-40dd-bce5-de5e2b50a588/in_use.lock acquired by nodename 56908@fv-az127-938
2022-12-15 07:42:31,831 [pool-71-thread-1] INFO  server.RaftServerConfigKeys (ConfUtils.java:logGet(46)) - raft.server.log.unsafe-flush.enabled = false (default)
2022-12-15 07:42:31,832 [pool-71-thread-1] INFO  server.RaftServerConfigKeys (ConfUtils.java:logGet(46)) - raft.server.log.async-flush.enabled = false (default)
2022-12-15 07:42:31,832 [pool-71-thread-1] INFO  server.RaftServerConfigKeys (ConfUtils.java:logGet(46)) - raft.server.log.statemachine.data.caching.enabled = true (custom)
2022-12-15 07:42:31,832 [pool-71-thread-1] INFO  segmented.SegmentedRaftLogWorker (SegmentedRaftLogWorker.java:lambda$new$0(135)) - 546cc5e6-bfb7-463a-bee8-41bb77030907@group-DE5E2B50A588-SegmentedRaftLogWorker: flushIndex: setUnconditionally 0 -> -1
2022-12-15 07:42:31,832 [pool-71-thread-1] INFO  segmented.SegmentedRaftLogWorker (SegmentedRaftLogWorker.java:lambda$new$0(135)) - 546cc5e6-bfb7-463a-bee8-41bb77030907@group-DE5E2B50A588-SegmentedRaftLogWorker: safeCacheEvictIndex: setUnconditionally 0 -> -1
2022-12-15 07:42:31,834 [pool-94-thread-1] INFO  storage.RaftStorage (RaftStorageImpl.java:format(96)) - Storage directory /home/runner/work/ozone/ozone/hadoop-ozone/integration-test/target/test-dir/MiniOzoneClusterImpl-e2b6c327-26bc-4f08-8023-c1f86063ce68/datanode-1/data/ratis/ce52f2b2-c92e-40dd-bce5-de5e2b50a588 has been successfully formatted.
2022-12-15 07:42:31,837 [pool-94-thread-1] INFO  ratis.ContainerStateMachine (ContainerStateMachine.java:loadSnapshot(236)) - group-DE5E2B50A588: The snapshot info is null. Setting the last applied indexto:(t:0, i:~)
2022-12-15 07:42:31,837 [pool-71-thread-1] INFO  server.RaftServer$Division (RaftServerImpl.java:start(334)) - 546cc5e6-bfb7-463a-bee8-41bb77030907@group-DE5E2B50A588: start as a follower, conf=-1: peers:[35339c52-db7b-4081-839f-5ebc64119ecf|rpc:10.1.0.16:38883|priority:1|startupRole:FOLLOWER, 28aaa230-0c73-487d-9d0b-27cf7aed2ed4|rpc:10.1.0.16:39069|priority:0|startupRole:FOLLOWER, 546cc5e6-bfb7-463a-bee8-41bb77030907|rpc:10.1.0.16:33963|priority:0|startupRole:FOLLOWER]|listeners:[], old=null
2022-12-15 07:42:31,837 [pool-94-thread-1] INFO  server.RaftServerConfigKeys (ConfUtils.java:logGet(46)) - raft.server.log.use.memory = false (default)
2022-12-15 07:42:31,846 [pool-94-thread-1] INFO  server.RaftServerConfigKeys (ConfUtils.java:logGet(46)) - raft.server.log.purge.gap = 1000000 (custom)
2022-12-15 07:42:31,846 [pool-94-thread-1] INFO  server.RaftServerConfigKeys (ConfUtils.java:logGet(46)) - raft.server.log.appender.buffer.byte-limit = 33554432 (custom)
2022-12-15 07:42:31,846 [pool-94-thread-1] INFO  server.RaftServerConfigKeys (ConfUtils.java:logGet(46)) - raft.server.log.statemachine.data.read.timeout = 1000ms (default)
2022-12-15 07:42:31,847 [pool-94-thread-1] INFO  server.RaftServerConfigKeys (ConfUtils.java:logGet(46)) - raft.server.log.purge.preservation.log.num = 0 (default)
2022-12-15 07:42:31,847 [pool-94-thread-1] INFO  server.RaftServerConfigKeys (ConfUtils.java:logGet(46)) - raft.server.log.segment.size.max = 1048576 (custom)
2022-12-15 07:42:31,847 [pool-94-thread-1] INFO  server.RaftServerConfigKeys (ConfUtils.java:logGet(46)) - raft.server.log.segment.cache.num.max = 2 (custom)
2022-12-15 07:42:31,847 [pool-94-thread-1] INFO  server.RaftServerConfigKeys (ConfUtils.java:logGet(46)) - raft.server.log.segment.cache.size.max = 200MB (=209715200) (default)
2022-12-15 07:42:31,847 [pool-94-thread-1] INFO  segmented.SegmentedRaftLogWorker (SegmentedRaftLogWorker.java:<init>(189)) - new 28aaa230-0c73-487d-9d0b-27cf7aed2ed4@group-DE5E2B50A588-SegmentedRaftLogWorker for RaftStorageImpl:Storage Directory /home/runner/work/ozone/ozone/hadoop-ozone/integration-test/target/test-dir/MiniOzoneClusterImpl-e2b6c327-26bc-4f08-8023-c1f86063ce68/datanode-1/data/ratis/ce52f2b2-c92e-40dd-bce5-de5e2b50a588
2022-12-15 07:42:31,847 [pool-94-thread-1] INFO  server.RaftServerConfigKeys (ConfUtils.java:logGet(46)) - raft.server.log.queue.byte-limit = 4294967296 (custom)
2022-12-15 07:42:31,847 [pool-94-thread-1] INFO  server.RaftServerConfigKeys (ConfUtils.java:logGet(46)) - raft.server.log.queue.element-limit = 1024 (custom)
2022-12-15 07:42:31,847 [pool-94-thread-1] INFO  server.RaftServerConfigKeys (ConfUtils.java:logGet(46)) - raft.server.log.segment.size.max = 1048576 (custom)
2022-12-15 07:42:31,847 [pool-94-thread-1] INFO  server.RaftServerConfigKeys (ConfUtils.java:logGet(46)) - raft.server.log.preallocated.size = 16384 (custom)
2022-12-15 07:42:31,847 [pool-94-thread-1] INFO  server.RaftServerConfigKeys (ConfUtils.java:logGet(46)) - raft.server.log.force.sync.num = 128 (default)
2022-12-15 07:42:31,847 [pool-94-thread-1] INFO  server.RaftServerConfigKeys (ConfUtils.java:logGet(46)) - raft.server.log.statemachine.data.sync = true (default)
2022-12-15 07:42:31,848 [pool-94-thread-1] INFO  server.RaftServerConfigKeys (ConfUtils.java:logGet(46)) - raft.server.log.statemachine.data.sync.timeout = 10s (default)
2022-12-15 07:42:31,848 [pool-94-thread-1] INFO  server.RaftServerConfigKeys (ConfUtils.java:logGet(46)) - raft.server.log.statemachine.data.sync.timeout.retry = -1 (default)
2022-12-15 07:42:31,848 [pool-94-thread-1] INFO  server.RaftServerConfigKeys (ConfUtils.java:logGet(46)) - raft.server.log.write.buffer.size = 1048576 (custom)
2022-12-15 07:42:31,848 [pool-94-thread-1] INFO  server.RaftServerConfigKeys (ConfUtils.java:logGet(46)) - raft.server.log.appender.buffer.byte-limit = 33554432 (custom)
2022-12-15 07:42:31,846 [pool-71-thread-1] INFO  server.RaftServer$Division (RaftServerImpl.java:setRole(321)) - 546cc5e6-bfb7-463a-bee8-41bb77030907@group-DE5E2B50A588: changes role from      null to FOLLOWER at term 0 for startAsFollower
2022-12-15 07:42:31,855 [pool-94-thread-1] INFO  server.RaftServerConfigKeys (ConfUtils.java:logGet(46)) - raft.server.log.unsafe-flush.enabled = false (default)
2022-12-15 07:42:31,855 [pool-94-thread-1] INFO  server.RaftServerConfigKeys (ConfUtils.java:logGet(46)) - raft.server.log.async-flush.enabled = false (default)
2022-12-15 07:42:31,855 [pool-71-thread-1] INFO  impl.RoleInfo (RoleInfo.java:updateAndGet(139)) - 546cc5e6-bfb7-463a-bee8-41bb77030907: start 546cc5e6-bfb7-463a-bee8-41bb77030907@group-DE5E2B50A588-FollowerState
2022-12-15 07:42:31,855 [pool-94-thread-1] INFO  server.RaftServerConfigKeys (ConfUtils.java:logGet(46)) - raft.server.log.statemachine.data.caching.enabled = true (custom)
2022-12-15 07:42:31,856 [pool-94-thread-1] INFO  segmented.SegmentedRaftLogWorker (SegmentedRaftLogWorker.java:lambda$new$0(135)) - 28aaa230-0c73-487d-9d0b-27cf7aed2ed4@group-DE5E2B50A588-SegmentedRaftLogWorker: flushIndex: setUnconditionally 0 -> -1
2022-12-15 07:42:31,856 [pool-94-thread-1] INFO  segmented.SegmentedRaftLogWorker (SegmentedRaftLogWorker.java:lambda$new$0(135)) - 28aaa230-0c73-487d-9d0b-27cf7aed2ed4@group-DE5E2B50A588-SegmentedRaftLogWorker: safeCacheEvictIndex: setUnconditionally 0 -> -1
2022-12-15 07:42:31,856 [pool-71-thread-1] INFO  util.JmxRegister (JmxRegister.java:tryRegister(44)) - Successfully registered JMX Bean with object name Ratis:service=RaftServer,group=group-DE5E2B50A588,id=546cc5e6-bfb7-463a-bee8-41bb77030907
2022-12-15 07:42:31,856 [pool-71-thread-1] INFO  server.RaftServerConfigKeys (ConfUtils.java:logGet(46)) - raft.server.snapshot.auto.trigger.enabled = true (custom)
2022-12-15 07:42:31,856 [pool-71-thread-1] INFO  server.RaftServerConfigKeys (ConfUtils.java:logGet(46)) - raft.server.snapshot.auto.trigger.threshold = 10000 (custom)
2022-12-15 07:42:31,856 [pool-71-thread-1] INFO  server.RaftServerConfigKeys (ConfUtils.java:logGet(46)) - raft.server.snapshot.retention.file.num = 5 (custom)
2022-12-15 07:42:31,856 [pool-71-thread-1] INFO  server.RaftServerConfigKeys (ConfUtils.java:logGet(46)) - raft.server.log.purge.upto.snapshot.index = false (default)
2022-12-15 07:42:31,857 [EventQueue-CommandQueueReportForCommandQueueReportHandler] WARN  events.EventQueue (EventQueue.java:fireEvent(216)) - No event handler registered for event TypedEvent{payloadType=DatanodeDetails, name='Datanode_Command_Queue_Updated'}
2022-12-15 07:42:31,857 [EventQueue-OpenPipelineForHealthyPipelineSafeModeRule] INFO  safemode.SCMSafeModeManager (HealthyPipelineSafeModeRule.java:process(137)) - SCM in safe mode. Healthy pipelines reported count is 0, required healthy pipeline reported count is 1
2022-12-15 07:42:31,857 [546cc5e6-bfb7-463a-bee8-41bb77030907@group-DE5E2B50A588-FollowerState] INFO  server.RaftServerConfigKeys (ConfUtils.java:logFallback(53)) - raft.server.rpc.first-election.timeout.min = 5s (fallback to raft.server.rpc.timeout.min)
2022-12-15 07:42:31,857 [546cc5e6-bfb7-463a-bee8-41bb77030907@group-DE5E2B50A588-FollowerState] INFO  server.RaftServerConfigKeys (ConfUtils.java:logFallback(53)) - raft.server.rpc.first-election.timeout.max = 5200ms (fallback to raft.server.rpc.timeout.max)
2022-12-15 07:42:31,857 [Command processor thread] INFO  ratis.XceiverServerRatis (XceiverServerRatis.java:addGroup(765)) - Created group PipelineID=ce52f2b2-c92e-40dd-bce5-de5e2b50a588
2022-12-15 07:42:31,862 [pool-94-thread-1] INFO  server.RaftServer$Division (RaftServerImpl.java:start(334)) - 28aaa230-0c73-487d-9d0b-27cf7aed2ed4@group-DE5E2B50A588: start as a follower, conf=-1: peers:[35339c52-db7b-4081-839f-5ebc64119ecf|rpc:10.1.0.16:38883|priority:1|startupRole:FOLLOWER, 28aaa230-0c73-487d-9d0b-27cf7aed2ed4|rpc:10.1.0.16:39069|priority:0|startupRole:FOLLOWER, 546cc5e6-bfb7-463a-bee8-41bb77030907|rpc:10.1.0.16:33963|priority:0|startupRole:FOLLOWER]|listeners:[], old=null
2022-12-15 07:42:31,862 [pool-94-thread-1] INFO  server.RaftServer$Division (RaftServerImpl.java:setRole(321)) - 28aaa230-0c73-487d-9d0b-27cf7aed2ed4@group-DE5E2B50A588: changes role from      null to FOLLOWER at term 0 for startAsFollower
2022-12-15 07:42:31,862 [pool-94-thread-1] INFO  impl.RoleInfo (RoleInfo.java:updateAndGet(139)) - 28aaa230-0c73-487d-9d0b-27cf7aed2ed4: start 28aaa230-0c73-487d-9d0b-27cf7aed2ed4@group-DE5E2B50A588-FollowerState
2022-12-15 07:42:31,862 [pool-94-thread-1] INFO  util.JmxRegister (JmxRegister.java:tryRegister(44)) - Successfully registered JMX Bean with object name Ratis:service=RaftServer,group=group-DE5E2B50A588,id=28aaa230-0c73-487d-9d0b-27cf7aed2ed4
2022-12-15 07:42:31,862 [pool-94-thread-1] INFO  server.RaftServerConfigKeys (ConfUtils.java:logGet(46)) - raft.server.snapshot.auto.trigger.enabled = true (custom)
2022-12-15 07:42:31,862 [pool-94-thread-1] INFO  server.RaftServerConfigKeys (ConfUtils.java:logGet(46)) - raft.server.snapshot.auto.trigger.threshold = 10000 (custom)
2022-12-15 07:42:31,862 [pool-94-thread-1] INFO  server.RaftServerConfigKeys (ConfUtils.java:logGet(46)) - raft.server.snapshot.retention.file.num = 5 (custom)
2022-12-15 07:42:31,862 [pool-94-thread-1] INFO  server.RaftServerConfigKeys (ConfUtils.java:logGet(46)) - raft.server.log.purge.upto.snapshot.index = false (default)
2022-12-15 07:42:31,862 [28aaa230-0c73-487d-9d0b-27cf7aed2ed4@group-DE5E2B50A588-FollowerState] INFO  server.RaftServerConfigKeys (ConfUtils.java:logFallback(53)) - raft.server.rpc.first-election.timeout.min = 5s (fallback to raft.server.rpc.timeout.min)
2022-12-15 07:42:31,862 [28aaa230-0c73-487d-9d0b-27cf7aed2ed4@group-DE5E2B50A588-FollowerState] INFO  server.RaftServerConfigKeys (ConfUtils.java:logFallback(53)) - raft.server.rpc.first-election.timeout.max = 5200ms (fallback to raft.server.rpc.timeout.max)
2022-12-15 07:42:31,870 [Command processor thread] INFO  ratis.XceiverServerRatis (XceiverServerRatis.java:addGroup(765)) - Created group PipelineID=ce52f2b2-c92e-40dd-bce5-de5e2b50a588
2022-12-15 07:42:31,880 [grpc-default-executor-2] INFO  server.RaftServer (RaftServerProxy.java:addNew(96)) - 35339c52-db7b-4081-839f-5ebc64119ecf: addNew group-DE5E2B50A588:[35339c52-db7b-4081-839f-5ebc64119ecf|rpc:10.1.0.16:38883|dataStream:|priority:1|startupRole:FOLLOWER, 28aaa230-0c73-487d-9d0b-27cf7aed2ed4|rpc:10.1.0.16:39069|dataStream:|priority:0|startupRole:FOLLOWER, 546cc5e6-bfb7-463a-bee8-41bb77030907|rpc:10.1.0.16:33963|dataStream:|priority:0|startupRole:FOLLOWER] returns group-DE5E2B50A588:java.util.concurrent.CompletableFuture@7b3174ae[Not completed]
2022-12-15 07:42:31,881 [pool-117-thread-1] INFO  server.RaftServer$Division (RaftServerImpl.java:<init>(195)) - 35339c52-db7b-4081-839f-5ebc64119ecf: new RaftServerImpl for group-DE5E2B50A588:[35339c52-db7b-4081-839f-5ebc64119ecf|rpc:10.1.0.16:38883|dataStream:|priority:1|startupRole:FOLLOWER, 28aaa230-0c73-487d-9d0b-27cf7aed2ed4|rpc:10.1.0.16:39069|dataStream:|priority:0|startupRole:FOLLOWER, 546cc5e6-bfb7-463a-bee8-41bb77030907|rpc:10.1.0.16:33963|dataStream:|priority:0|startupRole:FOLLOWER] with ContainerStateMachine:uninitialized
2022-12-15 07:42:31,881 [pool-117-thread-1] INFO  server.RaftServerConfigKeys (ConfUtils.java:logGet(46)) - raft.server.rpc.timeout.min = 5s (custom)
2022-12-15 07:42:31,881 [pool-117-thread-1] INFO  server.RaftServerConfigKeys (ConfUtils.java:logGet(46)) - raft.server.rpc.timeout.max = 5200ms (custom)
2022-12-15 07:42:31,881 [pool-117-thread-1] INFO  server.RaftServerConfigKeys (ConfUtils.java:logGet(46)) - raft.server.rpc.sleep.time = 25ms (default)
2022-12-15 07:42:31,881 [pool-117-thread-1] INFO  server.RaftServerConfigKeys (ConfUtils.java:logGet(46)) - raft.server.rpc.slowness.timeout = 300s (custom)
2022-12-15 07:42:31,881 [pool-117-thread-1] INFO  server.RaftServerConfigKeys (ConfUtils.java:logGet(46)) - raft.server.leaderelection.leader.step-down.wait-time = 10s (default)
2022-12-15 07:42:31,881 [pool-117-thread-1] INFO  server.RaftServerConfigKeys (ConfUtils.java:logGet(46)) - raft.server.sleep.deviation.threshold = 300ms (default)
2022-12-15 07:42:31,881 [pool-117-thread-1] INFO  server.RaftServer$Division (ServerState.java:<init>(118)) - 35339c52-db7b-4081-839f-5ebc64119ecf@group-DE5E2B50A588: ConfigurationManager, init=-1: peers:[35339c52-db7b-4081-839f-5ebc64119ecf|rpc:10.1.0.16:38883|dataStream:|priority:1|startupRole:FOLLOWER, 28aaa230-0c73-487d-9d0b-27cf7aed2ed4|rpc:10.1.0.16:39069|dataStream:|priority:0|startupRole:FOLLOWER, 546cc5e6-bfb7-463a-bee8-41bb77030907|rpc:10.1.0.16:33963|dataStream:|priority:0|startupRole:FOLLOWER]|listeners:[], old=null, confs=<EMPTY_MAP>
2022-12-15 07:42:31,881 [pool-117-thread-1] INFO  server.RaftServerConfigKeys (ConfUtils.java:logGet(46)) - raft.server.storage.dir = [/home/runner/work/ozone/ozone/hadoop-ozone/integration-test/target/test-dir/MiniOzoneClusterImpl-e2b6c327-26bc-4f08-8023-c1f86063ce68/datanode-2/data/ratis] (custom)
2022-12-15 07:42:31,882 [pool-117-thread-1] INFO  server.RaftServerConfigKeys (ConfUtils.java:logGet(46)) - raft.server.log.corruption.policy = EXCEPTION (default)
2022-12-15 07:42:31,882 [pool-117-thread-1] INFO  server.RaftServerConfigKeys (ConfUtils.java:logGet(46)) - raft.server.storage.free-space.min = 0MB (=0) (default)
2022-12-15 07:42:31,882 [pool-117-thread-1] INFO  server.RaftServerConfigKeys (ConfUtils.java:logGet(46)) - raft.server.notification.no-leader.timeout = 300s (custom)
2022-12-15 07:42:31,882 [pool-117-thread-1] INFO  server.RaftServerConfigKeys (ConfUtils.java:logGet(46)) - raft.server.retrycache.expirytime = 600000ms (custom)
2022-12-15 07:42:31,882 [pool-117-thread-1] INFO  server.RaftServerConfigKeys (ConfUtils.java:logGet(46)) - raft.server.retrycache.statistics.expirytime = 100μs (default)
2022-12-15 07:42:31,883 [pool-117-thread-1] INFO  server.RaftServerConfigKeys (ConfUtils.java:logGet(46)) - raft.server.log.appender.install.snapshot.enabled = false (custom)
2022-12-15 07:42:31,883 [pool-117-thread-1] INFO  server.RaftServerConfigKeys (ConfUtils.java:logGet(46)) - raft.server.threadpool.server.cached = true (default)
2022-12-15 07:42:31,883 [pool-117-thread-1] INFO  server.RaftServerConfigKeys (ConfUtils.java:logGet(46)) - raft.server.threadpool.server.size = 0 (default)
2022-12-15 07:42:31,883 [pool-117-thread-1] INFO  server.RaftServerConfigKeys (ConfUtils.java:logGet(46)) - raft.server.threadpool.client.cached = true (default)
2022-12-15 07:42:31,883 [pool-117-thread-1] INFO  server.RaftServerConfigKeys (ConfUtils.java:logGet(46)) - raft.server.threadpool.client.size = 0 (default)
2022-12-15 07:42:31,883 [pool-117-thread-1] INFO  storage.RaftStorageDirectory (RaftStorageDirectoryImpl.java:analyzeStorage(137)) - The storage directory /home/runner/work/ozone/ozone/hadoop-ozone/integration-test/target/test-dir/MiniOzoneClusterImpl-e2b6c327-26bc-4f08-8023-c1f86063ce68/datanode-2/data/ratis/ce52f2b2-c92e-40dd-bce5-de5e2b50a588 does not exist. Creating ...
2022-12-15 07:42:31,885 [pool-117-thread-1] INFO  storage.RaftStorageDirectory (RaftStorageDirectoryImpl.java:tryLock(231)) - Lock on /home/runner/work/ozone/ozone/hadoop-ozone/integration-test/target/test-dir/MiniOzoneClusterImpl-e2b6c327-26bc-4f08-8023-c1f86063ce68/datanode-2/data/ratis/ce52f2b2-c92e-40dd-bce5-de5e2b50a588/in_use.lock acquired by nodename 56908@fv-az127-938
2022-12-15 07:42:31,890 [pool-117-thread-1] INFO  storage.RaftStorage (RaftStorageImpl.java:format(96)) - Storage directory /home/runner/work/ozone/ozone/hadoop-ozone/integration-test/target/test-dir/MiniOzoneClusterImpl-e2b6c327-26bc-4f08-8023-c1f86063ce68/datanode-2/data/ratis/ce52f2b2-c92e-40dd-bce5-de5e2b50a588 has been successfully formatted.
2022-12-15 07:42:31,891 [pool-117-thread-1] INFO  ratis.ContainerStateMachine (ContainerStateMachine.java:loadSnapshot(236)) - group-DE5E2B50A588: The snapshot info is null. Setting the last applied indexto:(t:0, i:~)
2022-12-15 07:42:31,891 [pool-117-thread-1] INFO  server.RaftServerConfigKeys (ConfUtils.java:logGet(46)) - raft.server.log.use.memory = false (default)
2022-12-15 07:42:31,891 [pool-117-thread-1] INFO  server.RaftServerConfigKeys (ConfUtils.java:logGet(46)) - raft.server.log.purge.gap = 1000000 (custom)
2022-12-15 07:42:31,891 [pool-117-thread-1] INFO  server.RaftServerConfigKeys (ConfUtils.java:logGet(46)) - raft.server.log.appender.buffer.byte-limit = 33554432 (custom)
2022-12-15 07:42:31,893 [EventQueue-OpenPipelineForHealthyPipelineSafeModeRule] INFO  safemode.SCMSafeModeManager (HealthyPipelineSafeModeRule.java:process(137)) - SCM in safe mode. Healthy pipelines reported count is 0, required healthy pipeline reported count is 1
2022-12-15 07:42:31,892 [EventQueue-CommandQueueReportForCommandQueueReportHandler] WARN  events.EventQueue (EventQueue.java:fireEvent(216)) - No event handler registered for event TypedEvent{payloadType=DatanodeDetails, name='Datanode_Command_Queue_Updated'}
2022-12-15 07:42:31,893 [pool-117-thread-1] INFO  server.RaftServerConfigKeys (ConfUtils.java:logGet(46)) - raft.server.log.statemachine.data.read.timeout = 1000ms (default)
2022-12-15 07:42:31,894 [pool-117-thread-1] INFO  server.RaftServerConfigKeys (ConfUtils.java:logGet(46)) - raft.server.log.purge.preservation.log.num = 0 (default)
2022-12-15 07:42:31,895 [pool-117-thread-1] INFO  server.RaftServerConfigKeys (ConfUtils.java:logGet(46)) - raft.server.log.segment.size.max = 1048576 (custom)
2022-12-15 07:42:31,895 [pool-117-thread-1] INFO  server.RaftServerConfigKeys (ConfUtils.java:logGet(46)) - raft.server.log.segment.cache.num.max = 2 (custom)
2022-12-15 07:42:31,895 [pool-117-thread-1] INFO  server.RaftServerConfigKeys (ConfUtils.java:logGet(46)) - raft.server.log.segment.cache.size.max = 200MB (=209715200) (default)
2022-12-15 07:42:31,895 [pool-117-thread-1] INFO  segmented.SegmentedRaftLogWorker (SegmentedRaftLogWorker.java:<init>(189)) - new 35339c52-db7b-4081-839f-5ebc64119ecf@group-DE5E2B50A588-SegmentedRaftLogWorker for RaftStorageImpl:Storage Directory /home/runner/work/ozone/ozone/hadoop-ozone/integration-test/target/test-dir/MiniOzoneClusterImpl-e2b6c327-26bc-4f08-8023-c1f86063ce68/datanode-2/data/ratis/ce52f2b2-c92e-40dd-bce5-de5e2b50a588
2022-12-15 07:42:31,895 [pool-117-thread-1] INFO  server.RaftServerConfigKeys (ConfUtils.java:logGet(46)) - raft.server.log.queue.byte-limit = 4294967296 (custom)
2022-12-15 07:42:31,895 [pool-117-thread-1] INFO  server.RaftServerConfigKeys (ConfUtils.java:logGet(46)) - raft.server.log.queue.element-limit = 1024 (custom)
2022-12-15 07:42:31,895 [pool-117-thread-1] INFO  server.RaftServerConfigKeys (ConfUtils.java:logGet(46)) - raft.server.log.segment.size.max = 1048576 (custom)
2022-12-15 07:42:31,895 [pool-117-thread-1] INFO  server.RaftServerConfigKeys (ConfUtils.java:logGet(46)) - raft.server.log.preallocated.size = 16384 (custom)
2022-12-15 07:42:31,895 [pool-117-thread-1] INFO  server.RaftServerConfigKeys (ConfUtils.java:logGet(46)) - raft.server.log.force.sync.num = 128 (default)
2022-12-15 07:42:31,895 [pool-117-thread-1] INFO  server.RaftServerConfigKeys (ConfUtils.java:logGet(46)) - raft.server.log.statemachine.data.sync = true (default)
2022-12-15 07:42:31,895 [pool-117-thread-1] INFO  server.RaftServerConfigKeys (ConfUtils.java:logGet(46)) - raft.server.log.statemachine.data.sync.timeout = 10s (default)
2022-12-15 07:42:31,896 [pool-117-thread-1] INFO  server.RaftServerConfigKeys (ConfUtils.java:logGet(46)) - raft.server.log.statemachine.data.sync.timeout.retry = -1 (default)
2022-12-15 07:42:31,896 [pool-117-thread-1] INFO  server.RaftServerConfigKeys (ConfUtils.java:logGet(46)) - raft.server.log.write.buffer.size = 1048576 (custom)
2022-12-15 07:42:31,897 [pool-117-thread-1] INFO  server.RaftServerConfigKeys (ConfUtils.java:logGet(46)) - raft.server.log.appender.buffer.byte-limit = 33554432 (custom)
2022-12-15 07:42:31,910 [pool-117-thread-1] INFO  server.RaftServerConfigKeys (ConfUtils.java:logGet(46)) - raft.server.log.unsafe-flush.enabled = false (default)
2022-12-15 07:42:31,910 [pool-117-thread-1] INFO  server.RaftServerConfigKeys (ConfUtils.java:logGet(46)) - raft.server.log.async-flush.enabled = false (default)
2022-12-15 07:42:31,910 [pool-117-thread-1] INFO  server.RaftServerConfigKeys (ConfUtils.java:logGet(46)) - raft.server.log.statemachine.data.caching.enabled = true (custom)
2022-12-15 07:42:31,910 [pool-117-thread-1] INFO  segmented.SegmentedRaftLogWorker (SegmentedRaftLogWorker.java:lambda$new$0(135)) - 35339c52-db7b-4081-839f-5ebc64119ecf@group-DE5E2B50A588-SegmentedRaftLogWorker: flushIndex: setUnconditionally 0 -> -1
2022-12-15 07:42:31,910 [pool-117-thread-1] INFO  segmented.SegmentedRaftLogWorker (SegmentedRaftLogWorker.java:lambda$new$0(135)) - 35339c52-db7b-4081-839f-5ebc64119ecf@group-DE5E2B50A588-SegmentedRaftLogWorker: safeCacheEvictIndex: setUnconditionally 0 -> -1
2022-12-15 07:42:31,911 [pool-117-thread-1] INFO  server.RaftServer$Division (RaftServerImpl.java:start(334)) - 35339c52-db7b-4081-839f-5ebc64119ecf@group-DE5E2B50A588: start as a follower, conf=-1: peers:[35339c52-db7b-4081-839f-5ebc64119ecf|rpc:10.1.0.16:38883|dataStream:|priority:1|startupRole:FOLLOWER, 28aaa230-0c73-487d-9d0b-27cf7aed2ed4|rpc:10.1.0.16:39069|dataStream:|priority:0|startupRole:FOLLOWER, 546cc5e6-bfb7-463a-bee8-41bb77030907|rpc:10.1.0.16:33963|dataStream:|priority:0|startupRole:FOLLOWER]|listeners:[], old=null
2022-12-15 07:42:31,911 [pool-117-thread-1] INFO  server.RaftServer$Division (RaftServerImpl.java:setRole(321)) - 35339c52-db7b-4081-839f-5ebc64119ecf@group-DE5E2B50A588: changes role from      null to FOLLOWER at term 0 for startAsFollower
2022-12-15 07:42:31,911 [pool-117-thread-1] INFO  impl.RoleInfo (RoleInfo.java:updateAndGet(139)) - 35339c52-db7b-4081-839f-5ebc64119ecf: start 35339c52-db7b-4081-839f-5ebc64119ecf@group-DE5E2B50A588-FollowerState
2022-12-15 07:42:31,911 [pool-117-thread-1] INFO  util.JmxRegister (JmxRegister.java:tryRegister(44)) - Successfully registered JMX Bean with object name Ratis:service=RaftServer,group=group-DE5E2B50A588,id=35339c52-db7b-4081-839f-5ebc64119ecf
2022-12-15 07:42:31,911 [pool-117-thread-1] INFO  server.RaftServerConfigKeys (ConfUtils.java:logGet(46)) - raft.server.snapshot.auto.trigger.enabled = true (custom)
2022-12-15 07:42:31,911 [pool-117-thread-1] INFO  server.RaftServerConfigKeys (ConfUtils.java:logGet(46)) - raft.server.snapshot.auto.trigger.threshold = 10000 (custom)
2022-12-15 07:42:31,911 [pool-117-thread-1] INFO  server.RaftServerConfigKeys (ConfUtils.java:logGet(46)) - raft.server.snapshot.retention.file.num = 5 (custom)
2022-12-15 07:42:31,911 [pool-117-thread-1] INFO  server.RaftServerConfigKeys (ConfUtils.java:logGet(46)) - raft.server.log.purge.upto.snapshot.index = false (default)
2022-12-15 07:42:31,912 [35339c52-db7b-4081-839f-5ebc64119ecf@group-DE5E2B50A588-FollowerState] INFO  server.RaftServerConfigKeys (ConfUtils.java:logFallback(53)) - raft.server.rpc.first-election.timeout.min = 5s (fallback to raft.server.rpc.timeout.min)
2022-12-15 07:42:31,914 [35339c52-db7b-4081-839f-5ebc64119ecf@group-DE5E2B50A588-FollowerState] INFO  server.RaftServerConfigKeys (ConfUtils.java:logFallback(53)) - raft.server.rpc.first-election.timeout.max = 5200ms (fallback to raft.server.rpc.timeout.max)
2022-12-15 07:42:31,960 [Command processor thread] INFO  commandhandler.CreatePipelineCommandHandler (CreatePipelineCommandHandler.java:handle(113)) - Created Pipeline RATIS THREE PipelineID=e80babe2-9d10-4976-8c29-b86cda90664c.
2022-12-15 07:42:31,967 [Command processor thread] INFO  commandhandler.CreatePipelineCommandHandler (CreatePipelineCommandHandler.java:handle(113)) - Created Pipeline RATIS THREE PipelineID=ce52f2b2-c92e-40dd-bce5-de5e2b50a588.
2022-12-15 07:42:32,006 [Command processor thread] INFO  commandhandler.CreatePipelineCommandHandler (CreatePipelineCommandHandler.java:handle(113)) - Created Pipeline RATIS THREE PipelineID=ce52f2b2-c92e-40dd-bce5-de5e2b50a588.
2022-12-15 07:42:32,646 [Listener at 127.0.0.1/43229] INFO  ozone.MiniOzoneClusterImpl (MiniOzoneClusterImpl.java:lambda$waitForClusterToBeReady$0(216)) - Nodes are ready. Got 3 of 3 DN Heartbeats.
2022-12-15 07:42:32,646 [Listener at 127.0.0.1/43229] INFO  ozone.MiniOzoneClusterImpl (MiniOzoneClusterImpl.java:lambda$waitForClusterToBeReady$0(219)) - Waiting for cluster to exit safe mode
2022-12-15 07:42:32,646 [Listener at 127.0.0.1/43229] INFO  ozone.MiniOzoneClusterImpl (MiniOzoneClusterImpl.java:lambda$waitForClusterToBeReady$0(221)) - SCM became leader
2022-12-15 07:42:32,803 [EventQueue-CommandQueueReportForCommandQueueReportHandler] WARN  events.EventQueue (EventQueue.java:fireEvent(216)) - No event handler registered for event TypedEvent{payloadType=DatanodeDetails, name='Datanode_Command_Queue_Updated'}
2022-12-15 07:42:32,839 [EventQueue-CommandQueueReportForCommandQueueReportHandler] WARN  events.EventQueue (EventQueue.java:fireEvent(216)) - No event handler registered for event TypedEvent{payloadType=DatanodeDetails, name='Datanode_Command_Queue_Updated'}
2022-12-15 07:42:32,896 [EventQueue-CommandQueueReportForCommandQueueReportHandler] WARN  events.EventQueue (EventQueue.java:fireEvent(216)) - No event handler registered for event TypedEvent{payloadType=DatanodeDetails, name='Datanode_Command_Queue_Updated'}
2022-12-15 07:42:33,647 [Listener at 127.0.0.1/43229] INFO  ozone.MiniOzoneClusterImpl (MiniOzoneClusterImpl.java:lambda$waitForClusterToBeReady$0(216)) - Nodes are ready. Got 3 of 3 DN Heartbeats.
2022-12-15 07:42:33,647 [Listener at 127.0.0.1/43229] INFO  ozone.MiniOzoneClusterImpl (MiniOzoneClusterImpl.java:lambda$waitForClusterToBeReady$0(219)) - Waiting for cluster to exit safe mode
2022-12-15 07:42:33,647 [Listener at 127.0.0.1/43229] INFO  ozone.MiniOzoneClusterImpl (MiniOzoneClusterImpl.java:lambda$waitForClusterToBeReady$0(221)) - SCM became leader
2022-12-15 07:42:33,806 [EventQueue-CommandQueueReportForCommandQueueReportHandler] WARN  events.EventQueue (EventQueue.java:fireEvent(216)) - No event handler registered for event TypedEvent{payloadType=DatanodeDetails, name='Datanode_Command_Queue_Updated'}
2022-12-15 07:42:33,843 [EventQueue-CommandQueueReportForCommandQueueReportHandler] WARN  events.EventQueue (EventQueue.java:fireEvent(216)) - No event handler registered for event TypedEvent{payloadType=DatanodeDetails, name='Datanode_Command_Queue_Updated'}
2022-12-15 07:42:33,893 [EventQueue-CommandQueueReportForCommandQueueReportHandler] WARN  events.EventQueue (EventQueue.java:fireEvent(216)) - No event handler registered for event TypedEvent{payloadType=DatanodeDetails, name='Datanode_Command_Queue_Updated'}
2022-12-15 07:42:34,647 [Listener at 127.0.0.1/43229] INFO  ozone.MiniOzoneClusterImpl (MiniOzoneClusterImpl.java:lambda$waitForClusterToBeReady$0(216)) - Nodes are ready. Got 3 of 3 DN Heartbeats.
2022-12-15 07:42:34,647 [Listener at 127.0.0.1/43229] INFO  ozone.MiniOzoneClusterImpl (MiniOzoneClusterImpl.java:lambda$waitForClusterToBeReady$0(219)) - Waiting for cluster to exit safe mode
2022-12-15 07:42:34,647 [Listener at 127.0.0.1/43229] INFO  ozone.MiniOzoneClusterImpl (MiniOzoneClusterImpl.java:lambda$waitForClusterToBeReady$0(221)) - SCM became leader
2022-12-15 07:42:34,806 [EventQueue-CommandQueueReportForCommandQueueReportHandler] WARN  events.EventQueue (EventQueue.java:fireEvent(216)) - No event handler registered for event TypedEvent{payloadType=DatanodeDetails, name='Datanode_Command_Queue_Updated'}
2022-12-15 07:42:34,840 [EventQueue-CommandQueueReportForCommandQueueReportHandler] WARN  events.EventQueue (EventQueue.java:fireEvent(216)) - No event handler registered for event TypedEvent{payloadType=DatanodeDetails, name='Datanode_Command_Queue_Updated'}
2022-12-15 07:42:34,892 [EventQueue-CommandQueueReportForCommandQueueReportHandler] WARN  events.EventQueue (EventQueue.java:fireEvent(216)) - No event handler registered for event TypedEvent{payloadType=DatanodeDetails, name='Datanode_Command_Queue_Updated'}
2022-12-15 07:42:35,648 [Listener at 127.0.0.1/43229] INFO  ozone.MiniOzoneClusterImpl (MiniOzoneClusterImpl.java:lambda$waitForClusterToBeReady$0(216)) - Nodes are ready. Got 3 of 3 DN Heartbeats.
2022-12-15 07:42:35,648 [Listener at 127.0.0.1/43229] INFO  ozone.MiniOzoneClusterImpl (MiniOzoneClusterImpl.java:lambda$waitForClusterToBeReady$0(219)) - Waiting for cluster to exit safe mode
2022-12-15 07:42:35,648 [Listener at 127.0.0.1/43229] INFO  ozone.MiniOzoneClusterImpl (MiniOzoneClusterImpl.java:lambda$waitForClusterToBeReady$0(221)) - SCM became leader
2022-12-15 07:42:35,810 [EventQueue-CommandQueueReportForCommandQueueReportHandler] WARN  events.EventQueue (EventQueue.java:fireEvent(216)) - No event handler registered for event TypedEvent{payloadType=DatanodeDetails, name='Datanode_Command_Queue_Updated'}
2022-12-15 07:42:35,841 [EventQueue-CommandQueueReportForCommandQueueReportHandler] WARN  events.EventQueue (EventQueue.java:fireEvent(216)) - No event handler registered for event TypedEvent{payloadType=DatanodeDetails, name='Datanode_Command_Queue_Updated'}
2022-12-15 07:42:35,892 [EventQueue-CommandQueueReportForCommandQueueReportHandler] WARN  events.EventQueue (EventQueue.java:fireEvent(216)) - No event handler registered for event TypedEvent{payloadType=DatanodeDetails, name='Datanode_Command_Queue_Updated'}
2022-12-15 07:42:35,950 [546cc5e6-bfb7-463a-bee8-41bb77030907@group-0ECD380F853C-FollowerState] INFO  impl.FollowerState (FollowerState.java:run(143)) - 546cc5e6-bfb7-463a-bee8-41bb77030907@group-0ECD380F853C-FollowerState: change to CANDIDATE, lastRpcElapsedTime:5165623802ns, electionTimeout:5165ms
2022-12-15 07:42:35,950 [546cc5e6-bfb7-463a-bee8-41bb77030907@group-0ECD380F853C-FollowerState] INFO  impl.RoleInfo (RoleInfo.java:shutdownFollowerState(110)) - 546cc5e6-bfb7-463a-bee8-41bb77030907: shutdown 546cc5e6-bfb7-463a-bee8-41bb77030907@group-0ECD380F853C-FollowerState
2022-12-15 07:42:35,950 [546cc5e6-bfb7-463a-bee8-41bb77030907@group-0ECD380F853C-FollowerState] INFO  server.RaftServer$Division (RaftServerImpl.java:setRole(321)) - 546cc5e6-bfb7-463a-bee8-41bb77030907@group-0ECD380F853C: changes role from  FOLLOWER to CANDIDATE at term 0 for changeToCandidate
2022-12-15 07:42:35,951 [546cc5e6-bfb7-463a-bee8-41bb77030907@group-0ECD380F853C-FollowerState] INFO  server.RaftServerConfigKeys (ConfUtils.java:logGet(46)) - raft.server.leaderelection.pre-vote = false (custom)
2022-12-15 07:42:35,951 [546cc5e6-bfb7-463a-bee8-41bb77030907@group-0ECD380F853C-FollowerState] INFO  impl.RoleInfo (RoleInfo.java:updateAndGet(139)) - 546cc5e6-bfb7-463a-bee8-41bb77030907: start 546cc5e6-bfb7-463a-bee8-41bb77030907@group-0ECD380F853C-LeaderElection2
2022-12-15 07:42:35,954 [546cc5e6-bfb7-463a-bee8-41bb77030907@group-0ECD380F853C-LeaderElection2] INFO  impl.LeaderElection (LeaderElection.java:askForVotes(312)) - 546cc5e6-bfb7-463a-bee8-41bb77030907@group-0ECD380F853C-LeaderElection2 ELECTION round 0: submit vote requests at term 1 for -1: peers:[546cc5e6-bfb7-463a-bee8-41bb77030907|rpc:10.1.0.16:33963|priority:1|startupRole:FOLLOWER]|listeners:[], old=null
2022-12-15 07:42:35,954 [546cc5e6-bfb7-463a-bee8-41bb77030907@group-0ECD380F853C-LeaderElection2] INFO  impl.LeaderElection (LeaderElection.java:askForVotes(314)) - 546cc5e6-bfb7-463a-bee8-41bb77030907@group-0ECD380F853C-LeaderElection2 ELECTION round 0: result PASSED (term=1)
2022-12-15 07:42:35,954 [546cc5e6-bfb7-463a-bee8-41bb77030907@group-0ECD380F853C-LeaderElection2] INFO  impl.RoleInfo (RoleInfo.java:shutdownLeaderElection(130)) - 546cc5e6-bfb7-463a-bee8-41bb77030907: shutdown 546cc5e6-bfb7-463a-bee8-41bb77030907@group-0ECD380F853C-LeaderElection2
2022-12-15 07:42:35,955 [546cc5e6-bfb7-463a-bee8-41bb77030907@group-0ECD380F853C-LeaderElection2] INFO  server.RaftServer$Division (RaftServerImpl.java:setRole(321)) - 546cc5e6-bfb7-463a-bee8-41bb77030907@group-0ECD380F853C: changes role from CANDIDATE to LEADER at term 1 for changeToLeader
2022-12-15 07:42:35,955 [546cc5e6-bfb7-463a-bee8-41bb77030907@group-0ECD380F853C-LeaderElection2] INFO  ratis.XceiverServerRatis (XceiverServerRatis.java:handleLeaderChangedNotification(863)) - Leader change notification received for group: group-0ECD380F853C with new leaderId: 546cc5e6-bfb7-463a-bee8-41bb77030907
2022-12-15 07:42:35,955 [546cc5e6-bfb7-463a-bee8-41bb77030907@group-0ECD380F853C-LeaderElection2] INFO  server.RaftServer$Division (ServerState.java:setLeader(313)) - 546cc5e6-bfb7-463a-bee8-41bb77030907@group-0ECD380F853C: change Leader from null to 546cc5e6-bfb7-463a-bee8-41bb77030907 at term 1 for becomeLeader, leader elected after 5191ms
2022-12-15 07:42:35,955 [546cc5e6-bfb7-463a-bee8-41bb77030907@group-0ECD380F853C-LeaderElection2] INFO  server.RaftServerConfigKeys (ConfUtils.java:logGet(46)) - raft.server.staging.catchup.gap = 1000 (default)
2022-12-15 07:42:35,955 [546cc5e6-bfb7-463a-bee8-41bb77030907@group-0ECD380F853C-LeaderElection2] INFO  server.RaftServerConfigKeys (ConfUtils.java:logGet(46)) - raft.server.write.element-limit = 1024 (custom)
2022-12-15 07:42:35,955 [546cc5e6-bfb7-463a-bee8-41bb77030907@group-0ECD380F853C-LeaderElection2] INFO  server.RaftServerConfigKeys (ConfUtils.java:logGet(46)) - raft.server.write.byte-limit = 1024 M (=1073741824) (custom)
2022-12-15 07:42:35,956 [546cc5e6-bfb7-463a-bee8-41bb77030907@group-0ECD380F853C-LeaderElection2] INFO  server.RaftServerConfigKeys (ConfUtils.java:logGet(46)) - raft.server.watch.timeout = 180s (custom)
2022-12-15 07:42:35,956 [546cc5e6-bfb7-463a-bee8-41bb77030907@group-0ECD380F853C-LeaderElection2] INFO  server.RaftServerConfigKeys (ConfUtils.java:logGet(46)) - raft.server.watch.timeout.denomination = 1s (default)
2022-12-15 07:42:35,956 [546cc5e6-bfb7-463a-bee8-41bb77030907@group-0ECD380F853C-LeaderElection2] INFO  server.RaftServerConfigKeys (ConfUtils.java:logGet(46)) - raft.server.watch.element-limit = 65536 (default)
2022-12-15 07:42:35,956 [546cc5e6-bfb7-463a-bee8-41bb77030907@group-0ECD380F853C-LeaderElection2] INFO  server.RaftServerConfigKeys (ConfUtils.java:logGet(46)) - raft.server.write.element-limit = 1024 (custom)
2022-12-15 07:42:35,956 [546cc5e6-bfb7-463a-bee8-41bb77030907@group-0ECD380F853C-LeaderElection2] INFO  server.RaftServerConfigKeys (ConfUtils.java:logGet(46)) - raft.server.write.follower.gap.ratio.max = -1.0 (default)
2022-12-15 07:42:35,957 [546cc5e6-bfb7-463a-bee8-41bb77030907@group-0ECD380F853C-LeaderElection2] INFO  impl.RoleInfo (RoleInfo.java:updateAndGet(139)) - 546cc5e6-bfb7-463a-bee8-41bb77030907: start 546cc5e6-bfb7-463a-bee8-41bb77030907@group-0ECD380F853C-LeaderStateImpl
2022-12-15 07:42:35,957 [546cc5e6-bfb7-463a-bee8-41bb77030907@group-0ECD380F853C-LeaderElection2] INFO  segmented.SegmentedRaftLogWorker (SegmentedRaftLogWorker.java:startLogSegment(452)) - 546cc5e6-bfb7-463a-bee8-41bb77030907@group-0ECD380F853C-SegmentedRaftLogWorker: Starting segment from index:0
2022-12-15 07:42:35,959 [EventQueue-CommandQueueReportForCommandQueueReportHandler] WARN  events.EventQueue (EventQueue.java:fireEvent(216)) - No event handler registered for event TypedEvent{payloadType=DatanodeDetails, name='Datanode_Command_Queue_Updated'}
2022-12-15 07:42:35,959 [EventQueue-OpenPipelineForHealthyPipelineSafeModeRule] INFO  safemode.SCMSafeModeManager (HealthyPipelineSafeModeRule.java:process(137)) - SCM in safe mode. Healthy pipelines reported count is 0, required healthy pipeline reported count is 1
2022-12-15 07:42:35,965 [546cc5e6-bfb7-463a-bee8-41bb77030907@group-0ECD380F853C-LeaderElection2] INFO  server.RaftServer$Division (ServerState.java:setRaftConf(430)) - 546cc5e6-bfb7-463a-bee8-41bb77030907@group-0ECD380F853C: set configuration 0: peers:[546cc5e6-bfb7-463a-bee8-41bb77030907|rpc:10.1.0.16:33963|dataStream:|priority:1|startupRole:FOLLOWER]|listeners:[], old=null
2022-12-15 07:42:35,970 [546cc5e6-bfb7-463a-bee8-41bb77030907@group-0ECD380F853C-SegmentedRaftLogWorker] INFO  segmented.SegmentedRaftLogWorker (SegmentedRaftLogWorker.java:execute(656)) - 546cc5e6-bfb7-463a-bee8-41bb77030907@group-0ECD380F853C-SegmentedRaftLogWorker: created new log segment /home/runner/work/ozone/ozone/hadoop-ozone/integration-test/target/test-dir/MiniOzoneClusterImpl-e2b6c327-26bc-4f08-8023-c1f86063ce68/datanode-0/data/ratis/0166b446-cc4b-4800-8d69-0ecd380f853c/current/log_inprogress_0
2022-12-15 07:42:35,970 [546cc5e6-bfb7-463a-bee8-41bb77030907@group-B86CDA90664C-FollowerState] INFO  impl.FollowerState (FollowerState.java:run(143)) - 546cc5e6-bfb7-463a-bee8-41bb77030907@group-B86CDA90664C-FollowerState: change to CANDIDATE, lastRpcElapsedTime:5147400842ns, electionTimeout:5141ms
2022-12-15 07:42:35,972 [546cc5e6-bfb7-463a-bee8-41bb77030907@group-B86CDA90664C-FollowerState] INFO  impl.RoleInfo (RoleInfo.java:shutdownFollowerState(110)) - 546cc5e6-bfb7-463a-bee8-41bb77030907: shutdown 546cc5e6-bfb7-463a-bee8-41bb77030907@group-B86CDA90664C-FollowerState
2022-12-15 07:42:35,972 [546cc5e6-bfb7-463a-bee8-41bb77030907@group-B86CDA90664C-FollowerState] INFO  server.RaftServer$Division (RaftServerImpl.java:setRole(321)) - 546cc5e6-bfb7-463a-bee8-41bb77030907@group-B86CDA90664C: changes role from  FOLLOWER to CANDIDATE at term 0 for changeToCandidate
2022-12-15 07:42:35,973 [546cc5e6-bfb7-463a-bee8-41bb77030907@group-B86CDA90664C-FollowerState] INFO  server.RaftServerConfigKeys (ConfUtils.java:logGet(46)) - raft.server.leaderelection.pre-vote = false (custom)
2022-12-15 07:42:35,973 [546cc5e6-bfb7-463a-bee8-41bb77030907@group-B86CDA90664C-FollowerState] INFO  impl.RoleInfo (RoleInfo.java:updateAndGet(139)) - 546cc5e6-bfb7-463a-bee8-41bb77030907: start 546cc5e6-bfb7-463a-bee8-41bb77030907@group-B86CDA90664C-LeaderElection3
2022-12-15 07:42:35,985 [546cc5e6-bfb7-463a-bee8-41bb77030907@group-B86CDA90664C-LeaderElection3] INFO  impl.LeaderElection (LeaderElection.java:askForVotes(312)) - 546cc5e6-bfb7-463a-bee8-41bb77030907@group-B86CDA90664C-LeaderElection3 ELECTION round 0: submit vote requests at term 1 for -1: peers:[35339c52-db7b-4081-839f-5ebc64119ecf|rpc:10.1.0.16:38883|priority:0|startupRole:FOLLOWER, 28aaa230-0c73-487d-9d0b-27cf7aed2ed4|rpc:10.1.0.16:39069|priority:0|startupRole:FOLLOWER, 546cc5e6-bfb7-463a-bee8-41bb77030907|rpc:10.1.0.16:33963|priority:1|startupRole:FOLLOWER]|listeners:[], old=null
2022-12-15 07:42:35,991 [546cc5e6-bfb7-463a-bee8-41bb77030907@group-B86CDA90664C-LeaderElection3-1] INFO  server.GrpcServerProtocolClient (GrpcServerProtocolClient.java:<init>(63)) - Build channel for 35339c52-db7b-4081-839f-5ebc64119ecf
2022-12-15 07:42:35,993 [546cc5e6-bfb7-463a-bee8-41bb77030907@group-B86CDA90664C-LeaderElection3] INFO  server.RaftServerConfigKeys (ConfUtils.java:logFallback(53)) - raft.server.rpc.first-election.timeout.min = 5s (fallback to raft.server.rpc.timeout.min)
2022-12-15 07:42:35,998 [546cc5e6-bfb7-463a-bee8-41bb77030907@group-B86CDA90664C-LeaderElection3] INFO  server.RaftServerConfigKeys (ConfUtils.java:logFallback(53)) - raft.server.rpc.first-election.timeout.max = 5200ms (fallback to raft.server.rpc.timeout.max)
2022-12-15 07:42:36,001 [546cc5e6-bfb7-463a-bee8-41bb77030907@group-B86CDA90664C-LeaderElection3-2] INFO  server.GrpcServerProtocolClient (GrpcServerProtocolClient.java:<init>(63)) - Build channel for 28aaa230-0c73-487d-9d0b-27cf7aed2ed4
2022-12-15 07:42:36,314 [grpc-default-executor-1] INFO  server.RaftServer$Division (RaftServerImpl.java:requestVote(1218)) - 35339c52-db7b-4081-839f-5ebc64119ecf@group-B86CDA90664C: receive requestVote(ELECTION, 546cc5e6-bfb7-463a-bee8-41bb77030907, group-B86CDA90664C, 1, (t:0, i:0))
2022-12-15 07:42:36,316 [grpc-default-executor-1] INFO  impl.VoteContext (VoteContext.java:log(49)) - 35339c52-db7b-4081-839f-5ebc64119ecf@group-B86CDA90664C-FOLLOWER: accept ELECTION from 546cc5e6-bfb7-463a-bee8-41bb77030907: our priority 0 <= candidate's priority 1
2022-12-15 07:42:36,316 [grpc-default-executor-1] INFO  server.RaftServer$Division (RaftServerImpl.java:setRole(321)) - 35339c52-db7b-4081-839f-5ebc64119ecf@group-B86CDA90664C: changes role from  FOLLOWER to FOLLOWER at term 1 for candidate:546cc5e6-bfb7-463a-bee8-41bb77030907
2022-12-15 07:42:36,316 [grpc-default-executor-1] INFO  impl.RoleInfo (RoleInfo.java:shutdownFollowerState(110)) - 35339c52-db7b-4081-839f-5ebc64119ecf: shutdown 35339c52-db7b-4081-839f-5ebc64119ecf@group-B86CDA90664C-FollowerState
2022-12-15 07:42:36,316 [grpc-default-executor-2] INFO  server.RaftServer$Division (RaftServerImpl.java:requestVote(1218)) - 28aaa230-0c73-487d-9d0b-27cf7aed2ed4@group-B86CDA90664C: receive requestVote(ELECTION, 546cc5e6-bfb7-463a-bee8-41bb77030907, group-B86CDA90664C, 1, (t:0, i:0))
2022-12-15 07:42:36,316 [grpc-default-executor-2] INFO  impl.VoteContext (VoteContext.java:log(49)) - 28aaa230-0c73-487d-9d0b-27cf7aed2ed4@group-B86CDA90664C-FOLLOWER: accept ELECTION from 546cc5e6-bfb7-463a-bee8-41bb77030907: our priority 0 <= candidate's priority 1
2022-12-15 07:42:36,317 [grpc-default-executor-2] INFO  server.RaftServer$Division (RaftServerImpl.java:setRole(321)) - 28aaa230-0c73-487d-9d0b-27cf7aed2ed4@group-B86CDA90664C: changes role from  FOLLOWER to FOLLOWER at term 1 for candidate:546cc5e6-bfb7-463a-bee8-41bb77030907
2022-12-15 07:42:36,317 [grpc-default-executor-2] INFO  impl.RoleInfo (RoleInfo.java:shutdownFollowerState(110)) - 28aaa230-0c73-487d-9d0b-27cf7aed2ed4: shutdown 28aaa230-0c73-487d-9d0b-27cf7aed2ed4@group-B86CDA90664C-FollowerState
2022-12-15 07:42:36,317 [35339c52-db7b-4081-839f-5ebc64119ecf@group-B86CDA90664C-FollowerState] INFO  impl.FollowerState (FollowerState.java:run(152)) - 35339c52-db7b-4081-839f-5ebc64119ecf@group-B86CDA90664C-FollowerState was interrupted
2022-12-15 07:42:36,317 [28aaa230-0c73-487d-9d0b-27cf7aed2ed4@group-B86CDA90664C-FollowerState] INFO  impl.FollowerState (FollowerState.java:run(152)) - 28aaa230-0c73-487d-9d0b-27cf7aed2ed4@group-B86CDA90664C-FollowerState was interrupted
2022-12-15 07:42:36,317 [grpc-default-executor-1] INFO  impl.RoleInfo (RoleInfo.java:updateAndGet(139)) - 35339c52-db7b-4081-839f-5ebc64119ecf: start 35339c52-db7b-4081-839f-5ebc64119ecf@group-B86CDA90664C-FollowerState
2022-12-15 07:42:36,321 [grpc-default-executor-2] INFO  impl.RoleInfo (RoleInfo.java:updateAndGet(139)) - 28aaa230-0c73-487d-9d0b-27cf7aed2ed4: start 28aaa230-0c73-487d-9d0b-27cf7aed2ed4@group-B86CDA90664C-FollowerState
2022-12-15 07:42:36,325 [28aaa230-0c73-487d-9d0b-27cf7aed2ed4@group-B86CDA90664C-FollowerState] INFO  server.RaftServerConfigKeys (ConfUtils.java:logFallback(53)) - raft.server.rpc.first-election.timeout.min = 5s (fallback to raft.server.rpc.timeout.min)
2022-12-15 07:42:36,325 [28aaa230-0c73-487d-9d0b-27cf7aed2ed4@group-B86CDA90664C-FollowerState] INFO  server.RaftServerConfigKeys (ConfUtils.java:logFallback(53)) - raft.server.rpc.first-election.timeout.max = 5200ms (fallback to raft.server.rpc.timeout.max)
2022-12-15 07:42:36,326 [35339c52-db7b-4081-839f-5ebc64119ecf@group-B86CDA90664C-FollowerState] INFO  server.RaftServerConfigKeys (ConfUtils.java:logFallback(53)) - raft.server.rpc.first-election.timeout.min = 5s (fallback to raft.server.rpc.timeout.min)
2022-12-15 07:42:36,326 [35339c52-db7b-4081-839f-5ebc64119ecf@group-B86CDA90664C-FollowerState] INFO  server.RaftServerConfigKeys (ConfUtils.java:logFallback(53)) - raft.server.rpc.first-election.timeout.max = 5200ms (fallback to raft.server.rpc.timeout.max)
2022-12-15 07:42:36,331 [grpc-default-executor-1] INFO  server.RaftServer$Division (RaftServerImpl.java:requestVote(1251)) - 35339c52-db7b-4081-839f-5ebc64119ecf@group-B86CDA90664C replies to ELECTION vote request: 546cc5e6-bfb7-463a-bee8-41bb77030907<-35339c52-db7b-4081-839f-5ebc64119ecf#0:OK-t1. Peer's state: 35339c52-db7b-4081-839f-5ebc64119ecf@group-B86CDA90664C:t1, leader=null, voted=546cc5e6-bfb7-463a-bee8-41bb77030907, raftlog=Memoized:35339c52-db7b-4081-839f-5ebc64119ecf@group-B86CDA90664C-SegmentedRaftLog:OPENED:c-1, conf=-1: peers:[35339c52-db7b-4081-839f-5ebc64119ecf|rpc:10.1.0.16:38883|priority:0|startupRole:FOLLOWER, 28aaa230-0c73-487d-9d0b-27cf7aed2ed4|rpc:10.1.0.16:39069|priority:0|startupRole:FOLLOWER, 546cc5e6-bfb7-463a-bee8-41bb77030907|rpc:10.1.0.16:33963|priority:1|startupRole:FOLLOWER]|listeners:[], old=null
2022-12-15 07:42:36,332 [grpc-default-executor-2] INFO  server.RaftServer$Division (RaftServerImpl.java:requestVote(1251)) - 28aaa230-0c73-487d-9d0b-27cf7aed2ed4@group-B86CDA90664C replies to ELECTION vote request: 546cc5e6-bfb7-463a-bee8-41bb77030907<-28aaa230-0c73-487d-9d0b-27cf7aed2ed4#0:OK-t1. Peer's state: 28aaa230-0c73-487d-9d0b-27cf7aed2ed4@group-B86CDA90664C:t1, leader=null, voted=546cc5e6-bfb7-463a-bee8-41bb77030907, raftlog=Memoized:28aaa230-0c73-487d-9d0b-27cf7aed2ed4@group-B86CDA90664C-SegmentedRaftLog:OPENED:c-1, conf=-1: peers:[35339c52-db7b-4081-839f-5ebc64119ecf|rpc:10.1.0.16:38883|priority:0|startupRole:FOLLOWER, 28aaa230-0c73-487d-9d0b-27cf7aed2ed4|rpc:10.1.0.16:39069|priority:0|startupRole:FOLLOWER, 546cc5e6-bfb7-463a-bee8-41bb77030907|rpc:10.1.0.16:33963|priority:1|startupRole:FOLLOWER]|listeners:[], old=null
2022-12-15 07:42:36,340 [546cc5e6-bfb7-463a-bee8-41bb77030907@group-B86CDA90664C-LeaderElection3] INFO  impl.LeaderElection (LeaderElection.java:logAndReturn(90)) - 546cc5e6-bfb7-463a-bee8-41bb77030907@group-B86CDA90664C-LeaderElection3: ELECTION PASSED received 1 response(s) and 0 exception(s):
2022-12-15 07:42:36,341 [546cc5e6-bfb7-463a-bee8-41bb77030907@group-B86CDA90664C-LeaderElection3] INFO  impl.LeaderElection (LeaderElection.java:logAndReturn(94)) -   Response 0: 546cc5e6-bfb7-463a-bee8-41bb77030907<-35339c52-db7b-4081-839f-5ebc64119ecf#0:OK-t1
2022-12-15 07:42:36,341 [546cc5e6-bfb7-463a-bee8-41bb77030907@group-B86CDA90664C-LeaderElection3] INFO  impl.LeaderElection (LeaderElection.java:askForVotes(314)) - 546cc5e6-bfb7-463a-bee8-41bb77030907@group-B86CDA90664C-LeaderElection3 ELECTION round 0: result PASSED
2022-12-15 07:42:36,341 [546cc5e6-bfb7-463a-bee8-41bb77030907@group-B86CDA90664C-LeaderElection3] INFO  impl.RoleInfo (RoleInfo.java:shutdownLeaderElection(130)) - 546cc5e6-bfb7-463a-bee8-41bb77030907: shutdown 546cc5e6-bfb7-463a-bee8-41bb77030907@group-B86CDA90664C-LeaderElection3
2022-12-15 07:42:36,341 [546cc5e6-bfb7-463a-bee8-41bb77030907@group-B86CDA90664C-LeaderElection3] INFO  server.RaftServer$Division (RaftServerImpl.java:setRole(321)) - 546cc5e6-bfb7-463a-bee8-41bb77030907@group-B86CDA90664C: changes role from CANDIDATE to LEADER at term 1 for changeToLeader
2022-12-15 07:42:36,341 [546cc5e6-bfb7-463a-bee8-41bb77030907@group-B86CDA90664C-LeaderElection3] INFO  ratis.XceiverServerRatis (XceiverServerRatis.java:handleLeaderChangedNotification(863)) - Leader change notification received for group: group-B86CDA90664C with new leaderId: 546cc5e6-bfb7-463a-bee8-41bb77030907
2022-12-15 07:42:36,341 [546cc5e6-bfb7-463a-bee8-41bb77030907@group-B86CDA90664C-LeaderElection3] INFO  server.RaftServer$Division (ServerState.java:setLeader(313)) - 546cc5e6-bfb7-463a-bee8-41bb77030907@group-B86CDA90664C: change Leader from null to 546cc5e6-bfb7-463a-bee8-41bb77030907 at term 1 for becomeLeader, leader elected after 5541ms
2022-12-15 07:42:36,341 [546cc5e6-bfb7-463a-bee8-41bb77030907@group-B86CDA90664C-LeaderElection3] INFO  server.RaftServerConfigKeys (ConfUtils.java:logGet(46)) - raft.server.staging.catchup.gap = 1000 (default)
2022-12-15 07:42:36,342 [546cc5e6-bfb7-463a-bee8-41bb77030907@group-B86CDA90664C-LeaderElection3] INFO  server.RaftServerConfigKeys (ConfUtils.java:logGet(46)) - raft.server.write.element-limit = 1024 (custom)
2022-12-15 07:42:36,342 [546cc5e6-bfb7-463a-bee8-41bb77030907@group-B86CDA90664C-LeaderElection3] INFO  server.RaftServerConfigKeys (ConfUtils.java:logGet(46)) - raft.server.write.byte-limit = 1024 M (=1073741824) (custom)
2022-12-15 07:42:36,342 [546cc5e6-bfb7-463a-bee8-41bb77030907@group-B86CDA90664C-LeaderElection3] INFO  server.RaftServerConfigKeys (ConfUtils.java:logGet(46)) - raft.server.watch.timeout = 180s (custom)
2022-12-15 07:42:36,342 [546cc5e6-bfb7-463a-bee8-41bb77030907@group-B86CDA90664C-LeaderElection3] INFO  server.RaftServerConfigKeys (ConfUtils.java:logGet(46)) - raft.server.watch.timeout.denomination = 1s (default)
2022-12-15 07:42:36,342 [546cc5e6-bfb7-463a-bee8-41bb77030907@group-B86CDA90664C-LeaderElection3] INFO  server.RaftServerConfigKeys (ConfUtils.java:logGet(46)) - raft.server.watch.element-limit = 65536 (default)
2022-12-15 07:42:36,342 [546cc5e6-bfb7-463a-bee8-41bb77030907@group-B86CDA90664C-LeaderElection3] INFO  server.RaftServerConfigKeys (ConfUtils.java:logGet(46)) - raft.server.write.element-limit = 1024 (custom)
2022-12-15 07:42:36,342 [546cc5e6-bfb7-463a-bee8-41bb77030907@group-B86CDA90664C-LeaderElection3] INFO  server.RaftServerConfigKeys (ConfUtils.java:logGet(46)) - raft.server.write.follower.gap.ratio.max = -1.0 (default)
2022-12-15 07:42:36,348 [EventQueue-PipelineReportForPipelineReportHandler] INFO  pipeline.PipelineManagerImpl (PipelineManagerImpl.java:openPipeline(367)) - Pipeline Pipeline[ Id: e80babe2-9d10-4976-8c29-b86cda90664c, Nodes: 28aaa230-0c73-487d-9d0b-27cf7aed2ed4{ip: 10.1.0.16, host: fv-az127-938.h3uyzbqov44edfyrgkjongjtha.bx.internal.cloudapp.net, ports: [REPLICATION=43477, RATIS=39069, RATIS_ADMIN=39069, RATIS_SERVER=39069, STANDALONE=33937], networkLocation: /default-rack, certSerialId: null, persistedOpState: IN_SERVICE, persistedOpStateExpiryEpochSec: 0}546cc5e6-bfb7-463a-bee8-41bb77030907{ip: 10.1.0.16, host: fv-az127-938.h3uyzbqov44edfyrgkjongjtha.bx.internal.cloudapp.net, ports: [REPLICATION=38787, RATIS=33963, RATIS_ADMIN=33963, RATIS_SERVER=33963, STANDALONE=44249], networkLocation: /default-rack, certSerialId: null, persistedOpState: IN_SERVICE, persistedOpStateExpiryEpochSec: 0}35339c52-db7b-4081-839f-5ebc64119ecf{ip: 10.1.0.16, host: fv-az127-938.h3uyzbqov44edfyrgkjongjtha.bx.internal.cloudapp.net, ports: [REPLICATION=39423, RATIS=38883, RATIS_ADMIN=38883, RATIS_SERVER=38883, STANDALONE=46385], networkLocation: /default-rack, certSerialId: null, persistedOpState: IN_SERVICE, persistedOpStateExpiryEpochSec: 0}, ReplicationConfig: RATIS/THREE, State:ALLOCATED, leaderId:546cc5e6-bfb7-463a-bee8-41bb77030907, CreationTimestamp2022-12-15T07:42:28.649Z[Etc/UTC]] moved to OPEN state
2022-12-15 07:42:36,349 [EventQueue-CommandQueueReportForCommandQueueReportHandler] WARN  events.EventQueue (EventQueue.java:fireEvent(216)) - No event handler registered for event TypedEvent{payloadType=DatanodeDetails, name='Datanode_Command_Queue_Updated'}
2022-12-15 07:42:36,350 [EventQueue-OpenPipelineForHealthyPipelineSafeModeRule] INFO  safemode.SCMSafeModeManager (HealthyPipelineSafeModeRule.java:process(137)) - SCM in safe mode. Healthy pipelines reported count is 1, required healthy pipeline reported count is 1
2022-12-15 07:42:36,350 [EventQueue-OpenPipelineForHealthyPipelineSafeModeRule] INFO  safemode.SCMSafeModeManager (SCMSafeModeManager.java:validateSafeModeExitRules(200)) - HealthyPipelineSafeModeRule rule is successfully validated
2022-12-15 07:42:36,350 [EventQueue-OpenPipelineForHealthyPipelineSafeModeRule] INFO  safemode.SCMSafeModeManager (SCMSafeModeManager.java:validateSafeModeExitRules(215)) - ScmSafeModeManager, all rules are successfully validated
2022-12-15 07:42:36,350 [EventQueue-OpenPipelineForHealthyPipelineSafeModeRule] INFO  safemode.SCMSafeModeManager (SCMSafeModeManager.java:exitSafeMode(244)) - SCM exiting safe mode.
2022-12-15 07:42:36,351 [EventQueue-OpenPipelineForHealthyPipelineSafeModeRule] INFO  ha.SCMContext (SCMContext.java:updateSafeModeStatus(228)) - Update SafeModeStatus from SafeModeStatus{safeModeStatus=true, preCheckPassed=true} to SafeModeStatus{safeModeStatus=false, preCheckPassed=true}.
2022-12-15 07:42:36,351 [EventQueue-OpenPipelineForHealthyPipelineSafeModeRule] INFO  pipeline.BackgroundPipelineCreator (BackgroundPipelineCreator.java:notifyStatusChanged(254)) - Service BackgroundPipelineCreator transitions to RUNNING.
2022-12-15 07:42:36,351 [EventQueue-OpenPipelineForHealthyPipelineSafeModeRule] INFO  BackgroundPipelineScrubber (BackgroundSCMService.java:notifyStatusChanged(82)) - Service BackgroundPipelineScrubber transitions to RUNNING.
2022-12-15 07:42:36,351 [EventQueue-OpenPipelineForHealthyPipelineSafeModeRule] INFO  ExpiredContainerReplicaOpScrubber (BackgroundSCMService.java:notifyStatusChanged(82)) - Service ExpiredContainerReplicaOpScrubber transitions to RUNNING.
2022-12-15 07:42:36,351 [EventQueue-OpenPipelineForHealthyPipelineSafeModeRule] INFO  replication.ReplicationManager (ReplicationManager.java:notifyStatusChanged(905)) - Service ReplicationManager transitions to RUNNING.
2022-12-15 07:42:36,354 [EventQueue-OpenPipelineForHealthyPipelineSafeModeRule] WARN  balancer.ContainerBalancer (ContainerBalancer.java:shouldRun(131)) - Could not find persisted configuration for ContainerBalancer when checking if ContainerBalancer should run. ContainerBalancer should not run now.
2022-12-15 07:42:36,360 [546cc5e6-bfb7-463a-bee8-41bb77030907@group-B86CDA90664C-LeaderElection3] INFO  server.RaftServerConfigKeys (ConfUtils.java:logGet(46)) - raft.server.log.appender.snapshot.chunk.size.max = 16MB (=16777216) (default)
2022-12-15 07:42:36,360 [546cc5e6-bfb7-463a-bee8-41bb77030907@group-B86CDA90664C-LeaderElection3] INFO  server.RaftServerConfigKeys (ConfUtils.java:logGet(46)) - raft.server.log.appender.buffer.byte-limit = 33554432 (custom)
2022-12-15 07:42:36,360 [546cc5e6-bfb7-463a-bee8-41bb77030907@group-B86CDA90664C-LeaderElection3] INFO  server.RaftServerConfigKeys (ConfUtils.java:logGet(46)) - raft.server.log.appender.buffer.element-limit = 1 (custom)
2022-12-15 07:42:36,363 [546cc5e6-bfb7-463a-bee8-41bb77030907@group-B86CDA90664C-LeaderElection3] INFO  grpc.GrpcConfigKeys (ConfUtils.java:logGet(46)) - raft.grpc.server.leader.outstanding.appends.max = 128 (default)
2022-12-15 07:42:36,363 [546cc5e6-bfb7-463a-bee8-41bb77030907@group-B86CDA90664C-LeaderElection3] INFO  server.RaftServerConfigKeys (ConfUtils.java:logGet(46)) - raft.server.rpc.request.timeout = 60s (custom)
2022-12-15 07:42:36,363 [546cc5e6-bfb7-463a-bee8-41bb77030907@group-B86CDA90664C-LeaderElection3] INFO  server.RaftServerConfigKeys (ConfUtils.java:logGet(46)) - raft.server.log.appender.install.snapshot.enabled = false (custom)
2022-12-15 07:42:36,363 [546cc5e6-bfb7-463a-bee8-41bb77030907@group-B86CDA90664C-LeaderElection3] INFO  grpc.GrpcConfigKeys (ConfUtils.java:logGet(46)) - raft.grpc.server.heartbeat.channel = true (default)
2022-12-15 07:42:36,363 [546cc5e6-bfb7-463a-bee8-41bb77030907@group-B86CDA90664C-LeaderElection3] INFO  server.RaftServerConfigKeys (ConfUtils.java:logGet(46)) - raft.server.log.appender.wait-time.min = 10ms (default)
2022-12-15 07:42:36,366 [546cc5e6-bfb7-463a-bee8-41bb77030907@group-B86CDA90664C-LeaderElection3] INFO  server.RaftServerConfigKeys (ConfUtils.java:logGet(46)) - raft.server.log.appender.snapshot.chunk.size.max = 16MB (=16777216) (default)
2022-12-15 07:42:36,366 [546cc5e6-bfb7-463a-bee8-41bb77030907@group-B86CDA90664C-LeaderElection3] INFO  server.RaftServerConfigKeys (ConfUtils.java:logGet(46)) - raft.server.log.appender.buffer.byte-limit = 33554432 (custom)
2022-12-15 07:42:36,366 [546cc5e6-bfb7-463a-bee8-41bb77030907@group-B86CDA90664C-LeaderElection3] INFO  server.RaftServerConfigKeys (ConfUtils.java:logGet(46)) - raft.server.log.appender.buffer.element-limit = 1 (custom)
2022-12-15 07:42:36,366 [546cc5e6-bfb7-463a-bee8-41bb77030907@group-B86CDA90664C-LeaderElection3] INFO  grpc.GrpcConfigKeys (ConfUtils.java:logGet(46)) - raft.grpc.server.leader.outstanding.appends.max = 128 (default)
2022-12-15 07:42:36,366 [546cc5e6-bfb7-463a-bee8-41bb77030907@group-B86CDA90664C-LeaderElection3] INFO  server.RaftServerConfigKeys (ConfUtils.java:logGet(46)) - raft.server.rpc.request.timeout = 60s (custom)
2022-12-15 07:42:36,367 [546cc5e6-bfb7-463a-bee8-41bb77030907@group-B86CDA90664C-LeaderElection3] INFO  server.RaftServerConfigKeys (ConfUtils.java:logGet(46)) - raft.server.log.appender.install.snapshot.enabled = false (custom)
2022-12-15 07:42:36,367 [546cc5e6-bfb7-463a-bee8-41bb77030907@group-B86CDA90664C-LeaderElection3] INFO  grpc.GrpcConfigKeys (ConfUtils.java:logGet(46)) - raft.grpc.server.heartbeat.channel = true (default)
2022-12-15 07:42:36,367 [546cc5e6-bfb7-463a-bee8-41bb77030907@group-B86CDA90664C-LeaderElection3] INFO  server.RaftServerConfigKeys (ConfUtils.java:logGet(46)) - raft.server.log.appender.wait-time.min = 10ms (default)
2022-12-15 07:42:36,368 [546cc5e6-bfb7-463a-bee8-41bb77030907@group-B86CDA90664C-LeaderElection3] INFO  impl.RoleInfo (RoleInfo.java:updateAndGet(139)) - 546cc5e6-bfb7-463a-bee8-41bb77030907: start 546cc5e6-bfb7-463a-bee8-41bb77030907@group-B86CDA90664C-LeaderStateImpl
2022-12-15 07:42:36,369 [546cc5e6-bfb7-463a-bee8-41bb77030907@group-B86CDA90664C-LeaderElection3] INFO  segmented.SegmentedRaftLogWorker (SegmentedRaftLogWorker.java:startLogSegment(452)) - 546cc5e6-bfb7-463a-bee8-41bb77030907@group-B86CDA90664C-SegmentedRaftLogWorker: Starting segment from index:0
2022-12-15 07:42:36,370 [546cc5e6-bfb7-463a-bee8-41bb77030907@group-B86CDA90664C-SegmentedRaftLogWorker] INFO  segmented.SegmentedRaftLogWorker (SegmentedRaftLogWorker.java:execute(656)) - 546cc5e6-bfb7-463a-bee8-41bb77030907@group-B86CDA90664C-SegmentedRaftLogWorker: created new log segment /home/runner/work/ozone/ozone/hadoop-ozone/integration-test/target/test-dir/MiniOzoneClusterImpl-e2b6c327-26bc-4f08-8023-c1f86063ce68/datanode-0/data/ratis/e80babe2-9d10-4976-8c29-b86cda90664c/current/log_inprogress_0
2022-12-15 07:42:36,379 [546cc5e6-bfb7-463a-bee8-41bb77030907@group-B86CDA90664C-LeaderElection3] INFO  server.RaftServer$Division (ServerState.java:setRaftConf(430)) - 546cc5e6-bfb7-463a-bee8-41bb77030907@group-B86CDA90664C: set configuration 0: peers:[35339c52-db7b-4081-839f-5ebc64119ecf|rpc:10.1.0.16:38883|dataStream:|priority:0|startupRole:FOLLOWER, 28aaa230-0c73-487d-9d0b-27cf7aed2ed4|rpc:10.1.0.16:39069|dataStream:|priority:0|startupRole:FOLLOWER, 546cc5e6-bfb7-463a-bee8-41bb77030907|rpc:10.1.0.16:33963|dataStream:|priority:1|startupRole:FOLLOWER]|listeners:[], old=null
2022-12-15 07:42:36,429 [35339c52-db7b-4081-839f-5ebc64119ecf-server-thread1] INFO  ratis.XceiverServerRatis (XceiverServerRatis.java:handleLeaderChangedNotification(863)) - Leader change notification received for group: group-B86CDA90664C with new leaderId: 546cc5e6-bfb7-463a-bee8-41bb77030907
2022-12-15 07:42:36,430 [35339c52-db7b-4081-839f-5ebc64119ecf-server-thread1] INFO  server.RaftServer$Division (ServerState.java:setLeader(313)) - 35339c52-db7b-4081-839f-5ebc64119ecf@group-B86CDA90664C: change Leader from null to 546cc5e6-bfb7-463a-bee8-41bb77030907 at term 1 for appendEntries, leader elected after 4710ms
2022-12-15 07:42:36,430 [28aaa230-0c73-487d-9d0b-27cf7aed2ed4-server-thread1] INFO  ratis.XceiverServerRatis (XceiverServerRatis.java:handleLeaderChangedNotification(863)) - Leader change notification received for group: group-B86CDA90664C with new leaderId: 546cc5e6-bfb7-463a-bee8-41bb77030907
2022-12-15 07:42:36,435 [28aaa230-0c73-487d-9d0b-27cf7aed2ed4-server-thread1] INFO  server.RaftServer$Division (ServerState.java:setLeader(313)) - 28aaa230-0c73-487d-9d0b-27cf7aed2ed4@group-B86CDA90664C: change Leader from null to 546cc5e6-bfb7-463a-bee8-41bb77030907 at term 1 for appendEntries, leader elected after 5017ms
2022-12-15 07:42:36,437 [28aaa230-0c73-487d-9d0b-27cf7aed2ed4-server-thread2] INFO  server.RaftServer$Division (ServerState.java:setRaftConf(430)) - 28aaa230-0c73-487d-9d0b-27cf7aed2ed4@group-B86CDA90664C: set configuration 0: peers:[35339c52-db7b-4081-839f-5ebc64119ecf|rpc:10.1.0.16:38883|dataStream:|priority:0|startupRole:FOLLOWER, 28aaa230-0c73-487d-9d0b-27cf7aed2ed4|rpc:10.1.0.16:39069|dataStream:|priority:0|startupRole:FOLLOWER, 546cc5e6-bfb7-463a-bee8-41bb77030907|rpc:10.1.0.16:33963|dataStream:|priority:1|startupRole:FOLLOWER]|listeners:[], old=null
2022-12-15 07:42:36,438 [28aaa230-0c73-487d-9d0b-27cf7aed2ed4-server-thread2] INFO  segmented.SegmentedRaftLogWorker (SegmentedRaftLogWorker.java:startLogSegment(452)) - 28aaa230-0c73-487d-9d0b-27cf7aed2ed4@group-B86CDA90664C-SegmentedRaftLogWorker: Starting segment from index:0
2022-12-15 07:42:36,439 [28aaa230-0c73-487d-9d0b-27cf7aed2ed4@group-B86CDA90664C-SegmentedRaftLogWorker] INFO  segmented.SegmentedRaftLogWorker (SegmentedRaftLogWorker.java:execute(656)) - 28aaa230-0c73-487d-9d0b-27cf7aed2ed4@group-B86CDA90664C-SegmentedRaftLogWorker: created new log segment /home/runner/work/ozone/ozone/hadoop-ozone/integration-test/target/test-dir/MiniOzoneClusterImpl-e2b6c327-26bc-4f08-8023-c1f86063ce68/datanode-1/data/ratis/e80babe2-9d10-4976-8c29-b86cda90664c/current/log_inprogress_0
2022-12-15 07:42:36,441 [35339c52-db7b-4081-839f-5ebc64119ecf-server-thread2] INFO  server.RaftServer$Division (ServerState.java:setRaftConf(430)) - 35339c52-db7b-4081-839f-5ebc64119ecf@group-B86CDA90664C: set configuration 0: peers:[35339c52-db7b-4081-839f-5ebc64119ecf|rpc:10.1.0.16:38883|dataStream:|priority:0|startupRole:FOLLOWER, 28aaa230-0c73-487d-9d0b-27cf7aed2ed4|rpc:10.1.0.16:39069|dataStream:|priority:0|startupRole:FOLLOWER, 546cc5e6-bfb7-463a-bee8-41bb77030907|rpc:10.1.0.16:33963|dataStream:|priority:1|startupRole:FOLLOWER]|listeners:[], old=null
2022-12-15 07:42:36,441 [35339c52-db7b-4081-839f-5ebc64119ecf-server-thread2] INFO  segmented.SegmentedRaftLogWorker (SegmentedRaftLogWorker.java:startLogSegment(452)) - 35339c52-db7b-4081-839f-5ebc64119ecf@group-B86CDA90664C-SegmentedRaftLogWorker: Starting segment from index:0
2022-12-15 07:42:36,442 [35339c52-db7b-4081-839f-5ebc64119ecf@group-B86CDA90664C-SegmentedRaftLogWorker] INFO  segmented.SegmentedRaftLogWorker (SegmentedRaftLogWorker.java:execute(656)) - 35339c52-db7b-4081-839f-5ebc64119ecf@group-B86CDA90664C-SegmentedRaftLogWorker: created new log segment /home/runner/work/ozone/ozone/hadoop-ozone/integration-test/target/test-dir/MiniOzoneClusterImpl-e2b6c327-26bc-4f08-8023-c1f86063ce68/datanode-2/data/ratis/e80babe2-9d10-4976-8c29-b86cda90664c/current/log_inprogress_0
2022-12-15 07:42:36,499 [28aaa230-0c73-487d-9d0b-27cf7aed2ed4@group-CAD7C176633C-FollowerState] INFO  impl.FollowerState (FollowerState.java:run(143)) - 28aaa230-0c73-487d-9d0b-27cf7aed2ed4@group-CAD7C176633C-FollowerState: change to CANDIDATE, lastRpcElapsedTime:5103361712ns, electionTimeout:5089ms
2022-12-15 07:42:36,500 [28aaa230-0c73-487d-9d0b-27cf7aed2ed4@group-CAD7C176633C-FollowerState] INFO  impl.RoleInfo (RoleInfo.java:shutdownFollowerState(110)) - 28aaa230-0c73-487d-9d0b-27cf7aed2ed4: shutdown 28aaa230-0c73-487d-9d0b-27cf7aed2ed4@group-CAD7C176633C-FollowerState
2022-12-15 07:42:36,500 [28aaa230-0c73-487d-9d0b-27cf7aed2ed4@group-CAD7C176633C-FollowerState] INFO  server.RaftServer$Division (RaftServerImpl.java:setRole(321)) - 28aaa230-0c73-487d-9d0b-27cf7aed2ed4@group-CAD7C176633C: changes role from  FOLLOWER to CANDIDATE at term 0 for changeToCandidate
2022-12-15 07:42:36,503 [28aaa230-0c73-487d-9d0b-27cf7aed2ed4@group-CAD7C176633C-FollowerState] INFO  server.RaftServerConfigKeys (ConfUtils.java:logGet(46)) - raft.server.leaderelection.pre-vote = false (custom)
2022-12-15 07:42:36,503 [28aaa230-0c73-487d-9d0b-27cf7aed2ed4@group-CAD7C176633C-FollowerState] INFO  impl.RoleInfo (RoleInfo.java:updateAndGet(139)) - 28aaa230-0c73-487d-9d0b-27cf7aed2ed4: start 28aaa230-0c73-487d-9d0b-27cf7aed2ed4@group-CAD7C176633C-LeaderElection4
2022-12-15 07:42:36,507 [28aaa230-0c73-487d-9d0b-27cf7aed2ed4@group-CAD7C176633C-LeaderElection4] INFO  impl.LeaderElection (LeaderElection.java:askForVotes(312)) - 28aaa230-0c73-487d-9d0b-27cf7aed2ed4@group-CAD7C176633C-LeaderElection4 ELECTION round 0: submit vote requests at term 1 for -1: peers:[28aaa230-0c73-487d-9d0b-27cf7aed2ed4|rpc:10.1.0.16:39069|priority:1|startupRole:FOLLOWER]|listeners:[], old=null
2022-12-15 07:42:36,507 [28aaa230-0c73-487d-9d0b-27cf7aed2ed4@group-CAD7C176633C-LeaderElection4] INFO  impl.LeaderElection (LeaderElection.java:askForVotes(314)) - 28aaa230-0c73-487d-9d0b-27cf7aed2ed4@group-CAD7C176633C-LeaderElection4 ELECTION round 0: result PASSED (term=1)
2022-12-15 07:42:36,507 [28aaa230-0c73-487d-9d0b-27cf7aed2ed4@group-CAD7C176633C-LeaderElection4] INFO  impl.RoleInfo (RoleInfo.java:shutdownLeaderElection(130)) - 28aaa230-0c73-487d-9d0b-27cf7aed2ed4: shutdown 28aaa230-0c73-487d-9d0b-27cf7aed2ed4@group-CAD7C176633C-LeaderElection4
2022-12-15 07:42:36,507 [28aaa230-0c73-487d-9d0b-27cf7aed2ed4@group-CAD7C176633C-LeaderElection4] INFO  server.RaftServer$Division (RaftServerImpl.java:setRole(321)) - 28aaa230-0c73-487d-9d0b-27cf7aed2ed4@group-CAD7C176633C: changes role from CANDIDATE to LEADER at term 1 for changeToLeader
2022-12-15 07:42:36,507 [28aaa230-0c73-487d-9d0b-27cf7aed2ed4@group-CAD7C176633C-LeaderElection4] INFO  ratis.XceiverServerRatis (XceiverServerRatis.java:handleLeaderChangedNotification(863)) - Leader change notification received for group: group-CAD7C176633C with new leaderId: 28aaa230-0c73-487d-9d0b-27cf7aed2ed4
2022-12-15 07:42:36,508 [28aaa230-0c73-487d-9d0b-27cf7aed2ed4@group-CAD7C176633C-LeaderElection4] INFO  server.RaftServer$Division (ServerState.java:setLeader(313)) - 28aaa230-0c73-487d-9d0b-27cf7aed2ed4@group-CAD7C176633C: change Leader from null to 28aaa230-0c73-487d-9d0b-27cf7aed2ed4 at term 1 for becomeLeader, leader elected after 5165ms
2022-12-15 07:42:36,508 [28aaa230-0c73-487d-9d0b-27cf7aed2ed4@group-CAD7C176633C-LeaderElection4] INFO  server.RaftServerConfigKeys (ConfUtils.java:logGet(46)) - raft.server.staging.catchup.gap = 1000 (default)
2022-12-15 07:42:36,508 [28aaa230-0c73-487d-9d0b-27cf7aed2ed4@group-CAD7C176633C-LeaderElection4] INFO  server.RaftServerConfigKeys (ConfUtils.java:logGet(46)) - raft.server.write.element-limit = 1024 (custom)
2022-12-15 07:42:36,510 [28aaa230-0c73-487d-9d0b-27cf7aed2ed4@group-CAD7C176633C-LeaderElection4] INFO  server.RaftServerConfigKeys (ConfUtils.java:logGet(46)) - raft.server.write.byte-limit = 1024 M (=1073741824) (custom)
2022-12-15 07:42:36,510 [28aaa230-0c73-487d-9d0b-27cf7aed2ed4@group-CAD7C176633C-LeaderElection4] INFO  server.RaftServerConfigKeys (ConfUtils.java:logGet(46)) - raft.server.watch.timeout = 180s (custom)
2022-12-15 07:42:36,510 [28aaa230-0c73-487d-9d0b-27cf7aed2ed4@group-CAD7C176633C-LeaderElection4] INFO  server.RaftServerConfigKeys (ConfUtils.java:logGet(46)) - raft.server.watch.timeout.denomination = 1s (default)
2022-12-15 07:42:36,511 [28aaa230-0c73-487d-9d0b-27cf7aed2ed4@group-CAD7C176633C-LeaderElection4] INFO  server.RaftServerConfigKeys (ConfUtils.java:logGet(46)) - raft.server.watch.element-limit = 65536 (default)
2022-12-15 07:42:36,511 [28aaa230-0c73-487d-9d0b-27cf7aed2ed4@group-CAD7C176633C-LeaderElection4] INFO  server.RaftServerConfigKeys (ConfUtils.java:logGet(46)) - raft.server.write.element-limit = 1024 (custom)
2022-12-15 07:42:36,511 [28aaa230-0c73-487d-9d0b-27cf7aed2ed4@group-CAD7C176633C-LeaderElection4] INFO  server.RaftServerConfigKeys (ConfUtils.java:logGet(46)) - raft.server.write.follower.gap.ratio.max = -1.0 (default)
2022-12-15 07:42:36,511 [28aaa230-0c73-487d-9d0b-27cf7aed2ed4@group-CAD7C176633C-LeaderElection4] INFO  impl.RoleInfo (RoleInfo.java:updateAndGet(139)) - 28aaa230-0c73-487d-9d0b-27cf7aed2ed4: start 28aaa230-0c73-487d-9d0b-27cf7aed2ed4@group-CAD7C176633C-LeaderStateImpl
2022-12-15 07:42:36,511 [28aaa230-0c73-487d-9d0b-27cf7aed2ed4@group-CAD7C176633C-LeaderElection4] INFO  segmented.SegmentedRaftLogWorker (SegmentedRaftLogWorker.java:startLogSegment(452)) - 28aaa230-0c73-487d-9d0b-27cf7aed2ed4@group-CAD7C176633C-SegmentedRaftLogWorker: Starting segment from index:0
2022-12-15 07:42:36,512 [EventQueue-CommandQueueReportForCommandQueueReportHandler] WARN  events.EventQueue (EventQueue.java:fireEvent(216)) - No event handler registered for event TypedEvent{payloadType=DatanodeDetails, name='Datanode_Command_Queue_Updated'}
2022-12-15 07:42:36,512 [28aaa230-0c73-487d-9d0b-27cf7aed2ed4@group-CAD7C176633C-SegmentedRaftLogWorker] INFO  segmented.SegmentedRaftLogWorker (SegmentedRaftLogWorker.java:execute(656)) - 28aaa230-0c73-487d-9d0b-27cf7aed2ed4@group-CAD7C176633C-SegmentedRaftLogWorker: created new log segment /home/runner/work/ozone/ozone/hadoop-ozone/integration-test/target/test-dir/MiniOzoneClusterImpl-e2b6c327-26bc-4f08-8023-c1f86063ce68/datanode-1/data/ratis/e2c4ede5-ccb7-4ea0-8748-cad7c176633c/current/log_inprogress_0
2022-12-15 07:42:36,514 [28aaa230-0c73-487d-9d0b-27cf7aed2ed4@group-CAD7C176633C-LeaderElection4] INFO  server.RaftServer$Division (ServerState.java:setRaftConf(430)) - 28aaa230-0c73-487d-9d0b-27cf7aed2ed4@group-CAD7C176633C: set configuration 0: peers:[28aaa230-0c73-487d-9d0b-27cf7aed2ed4|rpc:10.1.0.16:39069|dataStream:|priority:1|startupRole:FOLLOWER]|listeners:[], old=null
2022-12-15 07:42:36,648 [Listener at 127.0.0.1/43229] INFO  ozone.MiniOzoneClusterImpl (MiniOzoneClusterImpl.java:lambda$waitForClusterToBeReady$0(216)) - Nodes are ready. Got 3 of 3 DN Heartbeats.
2022-12-15 07:42:36,648 [Listener at 127.0.0.1/43229] INFO  ozone.MiniOzoneClusterImpl (MiniOzoneClusterImpl.java:lambda$waitForClusterToBeReady$0(219)) - Cluster exits safe mode
2022-12-15 07:42:36,648 [Listener at 127.0.0.1/43229] INFO  ozone.MiniOzoneClusterImpl (MiniOzoneClusterImpl.java:lambda$waitForClusterToBeReady$0(221)) - SCM became leader
2022-12-15 07:42:36,802 [35339c52-db7b-4081-839f-5ebc64119ecf@group-4E1B1EBFAF85-FollowerState] INFO  impl.FollowerState (FollowerState.java:run(143)) - 35339c52-db7b-4081-839f-5ebc64119ecf@group-4E1B1EBFAF85-FollowerState: change to CANDIDATE, lastRpcElapsedTime:5100775874ns, electionTimeout:5070ms
2022-12-15 07:42:36,802 [35339c52-db7b-4081-839f-5ebc64119ecf@group-4E1B1EBFAF85-FollowerState] INFO  impl.RoleInfo (RoleInfo.java:shutdownFollowerState(110)) - 35339c52-db7b-4081-839f-5ebc64119ecf: shutdown 35339c52-db7b-4081-839f-5ebc64119ecf@group-4E1B1EBFAF85-FollowerState
2022-12-15 07:42:36,802 [35339c52-db7b-4081-839f-5ebc64119ecf@group-4E1B1EBFAF85-FollowerState] INFO  server.RaftServer$Division (RaftServerImpl.java:setRole(321)) - 35339c52-db7b-4081-839f-5ebc64119ecf@group-4E1B1EBFAF85: changes role from  FOLLOWER to CANDIDATE at term 0 for changeToCandidate
2022-12-15 07:42:36,802 [35339c52-db7b-4081-839f-5ebc64119ecf@group-4E1B1EBFAF85-FollowerState] INFO  server.RaftServerConfigKeys (ConfUtils.java:logGet(46)) - raft.server.leaderelection.pre-vote = false (custom)
2022-12-15 07:42:36,802 [35339c52-db7b-4081-839f-5ebc64119ecf@group-4E1B1EBFAF85-FollowerState] INFO  impl.RoleInfo (RoleInfo.java:updateAndGet(139)) - 35339c52-db7b-4081-839f-5ebc64119ecf: start 35339c52-db7b-4081-839f-5ebc64119ecf@group-4E1B1EBFAF85-LeaderElection5
2022-12-15 07:42:36,812 [35339c52-db7b-4081-839f-5ebc64119ecf@group-4E1B1EBFAF85-LeaderElection5] INFO  impl.LeaderElection (LeaderElection.java:askForVotes(312)) - 35339c52-db7b-4081-839f-5ebc64119ecf@group-4E1B1EBFAF85-LeaderElection5 ELECTION round 0: submit vote requests at term 1 for -1: peers:[35339c52-db7b-4081-839f-5ebc64119ecf|rpc:10.1.0.16:38883|priority:1|startupRole:FOLLOWER]|listeners:[], old=null
2022-12-15 07:42:36,812 [35339c52-db7b-4081-839f-5ebc64119ecf@group-4E1B1EBFAF85-LeaderElection5] INFO  impl.LeaderElection (LeaderElection.java:askForVotes(314)) - 35339c52-db7b-4081-839f-5ebc64119ecf@group-4E1B1EBFAF85-LeaderElection5 ELECTION round 0: result PASSED (term=1)
2022-12-15 07:42:36,812 [35339c52-db7b-4081-839f-5ebc64119ecf@group-4E1B1EBFAF85-LeaderElection5] INFO  impl.RoleInfo (RoleInfo.java:shutdownLeaderElection(130)) - 35339c52-db7b-4081-839f-5ebc64119ecf: shutdown 35339c52-db7b-4081-839f-5ebc64119ecf@group-4E1B1EBFAF85-LeaderElection5
2022-12-15 07:42:36,812 [35339c52-db7b-4081-839f-5ebc64119ecf@group-4E1B1EBFAF85-LeaderElection5] INFO  server.RaftServer$Division (RaftServerImpl.java:setRole(321)) - 35339c52-db7b-4081-839f-5ebc64119ecf@group-4E1B1EBFAF85: changes role from CANDIDATE to LEADER at term 1 for changeToLeader
2022-12-15 07:42:36,812 [35339c52-db7b-4081-839f-5ebc64119ecf@group-4E1B1EBFAF85-LeaderElection5] INFO  ratis.XceiverServerRatis (XceiverServerRatis.java:handleLeaderChangedNotification(863)) - Leader change notification received for group: group-4E1B1EBFAF85 with new leaderId: 35339c52-db7b-4081-839f-5ebc64119ecf
2022-12-15 07:42:36,813 [35339c52-db7b-4081-839f-5ebc64119ecf@group-4E1B1EBFAF85-LeaderElection5] INFO  server.RaftServer$Division (ServerState.java:setLeader(313)) - 35339c52-db7b-4081-839f-5ebc64119ecf@group-4E1B1EBFAF85: change Leader from null to 35339c52-db7b-4081-839f-5ebc64119ecf at term 1 for becomeLeader, leader elected after 5141ms
2022-12-15 07:42:36,813 [35339c52-db7b-4081-839f-5ebc64119ecf@group-4E1B1EBFAF85-LeaderElection5] INFO  server.RaftServerConfigKeys (ConfUtils.java:logGet(46)) - raft.server.staging.catchup.gap = 1000 (default)
2022-12-15 07:42:36,818 [35339c52-db7b-4081-839f-5ebc64119ecf@group-4E1B1EBFAF85-LeaderElection5] INFO  server.RaftServerConfigKeys (ConfUtils.java:logGet(46)) - raft.server.write.element-limit = 1024 (custom)
2022-12-15 07:42:36,818 [35339c52-db7b-4081-839f-5ebc64119ecf@group-4E1B1EBFAF85-LeaderElection5] INFO  server.RaftServerConfigKeys (ConfUtils.java:logGet(46)) - raft.server.write.byte-limit = 1024 M (=1073741824) (custom)
2022-12-15 07:42:36,818 [35339c52-db7b-4081-839f-5ebc64119ecf@group-4E1B1EBFAF85-LeaderElection5] INFO  server.RaftServerConfigKeys (ConfUtils.java:logGet(46)) - raft.server.watch.timeout = 180s (custom)
2022-12-15 07:42:36,818 [35339c52-db7b-4081-839f-5ebc64119ecf@group-4E1B1EBFAF85-LeaderElection5] INFO  server.RaftServerConfigKeys (ConfUtils.java:logGet(46)) - raft.server.watch.timeout.denomination = 1s (default)
2022-12-15 07:42:36,818 [35339c52-db7b-4081-839f-5ebc64119ecf@group-4E1B1EBFAF85-LeaderElection5] INFO  server.RaftServerConfigKeys (ConfUtils.java:logGet(46)) - raft.server.watch.element-limit = 65536 (default)
2022-12-15 07:42:36,818 [35339c52-db7b-4081-839f-5ebc64119ecf@group-4E1B1EBFAF85-LeaderElection5] INFO  server.RaftServerConfigKeys (ConfUtils.java:logGet(46)) - raft.server.write.element-limit = 1024 (custom)
2022-12-15 07:42:36,818 [35339c52-db7b-4081-839f-5ebc64119ecf@group-4E1B1EBFAF85-LeaderElection5] INFO  server.RaftServerConfigKeys (ConfUtils.java:logGet(46)) - raft.server.write.follower.gap.ratio.max = -1.0 (default)
2022-12-15 07:42:36,819 [35339c52-db7b-4081-839f-5ebc64119ecf@group-4E1B1EBFAF85-LeaderElection5] INFO  impl.RoleInfo (RoleInfo.java:updateAndGet(139)) - 35339c52-db7b-4081-839f-5ebc64119ecf: start 35339c52-db7b-4081-839f-5ebc64119ecf@group-4E1B1EBFAF85-LeaderStateImpl
2022-12-15 07:42:36,819 [35339c52-db7b-4081-839f-5ebc64119ecf@group-4E1B1EBFAF85-LeaderElection5] INFO  segmented.SegmentedRaftLogWorker (SegmentedRaftLogWorker.java:startLogSegment(452)) - 35339c52-db7b-4081-839f-5ebc64119ecf@group-4E1B1EBFAF85-SegmentedRaftLogWorker: Starting segment from index:0
2022-12-15 07:42:36,820 [35339c52-db7b-4081-839f-5ebc64119ecf@group-4E1B1EBFAF85-LeaderElection5] INFO  server.RaftServer$Division (ServerState.java:setRaftConf(430)) - 35339c52-db7b-4081-839f-5ebc64119ecf@group-4E1B1EBFAF85: set configuration 0: peers:[35339c52-db7b-4081-839f-5ebc64119ecf|rpc:10.1.0.16:38883|dataStream:|priority:1|startupRole:FOLLOWER]|listeners:[], old=null
2022-12-15 07:42:36,824 [35339c52-db7b-4081-839f-5ebc64119ecf@group-4E1B1EBFAF85-SegmentedRaftLogWorker] INFO  segmented.SegmentedRaftLogWorker (SegmentedRaftLogWorker.java:execute(656)) - 35339c52-db7b-4081-839f-5ebc64119ecf@group-4E1B1EBFAF85-SegmentedRaftLogWorker: created new log segment /home/runner/work/ozone/ozone/hadoop-ozone/integration-test/target/test-dir/MiniOzoneClusterImpl-e2b6c327-26bc-4f08-8023-c1f86063ce68/datanode-2/data/ratis/75f2b698-b8fe-4492-8700-4e1b1ebfaf85/current/log_inprogress_0
2022-12-15 07:42:36,824 [EventQueue-CommandQueueReportForCommandQueueReportHandler] WARN  events.EventQueue (EventQueue.java:fireEvent(216)) - No event handler registered for event TypedEvent{payloadType=DatanodeDetails, name='Datanode_Command_Queue_Updated'}
2022-12-15 07:42:36,863 [28aaa230-0c73-487d-9d0b-27cf7aed2ed4@group-DE5E2B50A588-FollowerState] INFO  impl.FollowerState (FollowerState.java:run(143)) - 28aaa230-0c73-487d-9d0b-27cf7aed2ed4@group-DE5E2B50A588-FollowerState: change to CANDIDATE, lastRpcElapsedTime:5000920946ns, electionTimeout:5000ms
2022-12-15 07:42:36,863 [28aaa230-0c73-487d-9d0b-27cf7aed2ed4@group-DE5E2B50A588-FollowerState] INFO  impl.RoleInfo (RoleInfo.java:shutdownFollowerState(110)) - 28aaa230-0c73-487d-9d0b-27cf7aed2ed4: shutdown 28aaa230-0c73-487d-9d0b-27cf7aed2ed4@group-DE5E2B50A588-FollowerState
2022-12-15 07:42:36,863 [28aaa230-0c73-487d-9d0b-27cf7aed2ed4@group-DE5E2B50A588-FollowerState] INFO  server.RaftServer$Division (RaftServerImpl.java:setRole(321)) - 28aaa230-0c73-487d-9d0b-27cf7aed2ed4@group-DE5E2B50A588: changes role from  FOLLOWER to CANDIDATE at term 0 for changeToCandidate
2022-12-15 07:42:36,863 [28aaa230-0c73-487d-9d0b-27cf7aed2ed4@group-DE5E2B50A588-FollowerState] INFO  server.RaftServerConfigKeys (ConfUtils.java:logGet(46)) - raft.server.leaderelection.pre-vote = false (custom)
2022-12-15 07:42:36,863 [28aaa230-0c73-487d-9d0b-27cf7aed2ed4@group-DE5E2B50A588-FollowerState] INFO  impl.RoleInfo (RoleInfo.java:updateAndGet(139)) - 28aaa230-0c73-487d-9d0b-27cf7aed2ed4: start 28aaa230-0c73-487d-9d0b-27cf7aed2ed4@group-DE5E2B50A588-LeaderElection6
2022-12-15 07:42:36,871 [28aaa230-0c73-487d-9d0b-27cf7aed2ed4@group-DE5E2B50A588-LeaderElection6] INFO  impl.LeaderElection (LeaderElection.java:askForVotes(312)) - 28aaa230-0c73-487d-9d0b-27cf7aed2ed4@group-DE5E2B50A588-LeaderElection6 ELECTION round 0: submit vote requests at term 1 for -1: peers:[35339c52-db7b-4081-839f-5ebc64119ecf|rpc:10.1.0.16:38883|priority:1|startupRole:FOLLOWER, 28aaa230-0c73-487d-9d0b-27cf7aed2ed4|rpc:10.1.0.16:39069|priority:0|startupRole:FOLLOWER, 546cc5e6-bfb7-463a-bee8-41bb77030907|rpc:10.1.0.16:33963|priority:0|startupRole:FOLLOWER]|listeners:[], old=null
2022-12-15 07:42:36,877 [28aaa230-0c73-487d-9d0b-27cf7aed2ed4@group-DE5E2B50A588-LeaderElection6] INFO  server.RaftServerConfigKeys (ConfUtils.java:logFallback(53)) - raft.server.rpc.first-election.timeout.min = 5s (fallback to raft.server.rpc.timeout.min)
2022-12-15 07:42:36,877 [28aaa230-0c73-487d-9d0b-27cf7aed2ed4@group-DE5E2B50A588-LeaderElection6] INFO  server.RaftServerConfigKeys (ConfUtils.java:logFallback(53)) - raft.server.rpc.first-election.timeout.max = 5200ms (fallback to raft.server.rpc.timeout.max)
2022-12-15 07:42:36,878 [28aaa230-0c73-487d-9d0b-27cf7aed2ed4@group-DE5E2B50A588-LeaderElection6-1] INFO  server.GrpcServerProtocolClient (GrpcServerProtocolClient.java:<init>(63)) - Build channel for 35339c52-db7b-4081-839f-5ebc64119ecf
2022-12-15 07:42:36,885 [28aaa230-0c73-487d-9d0b-27cf7aed2ed4@group-DE5E2B50A588-LeaderElection6-2] INFO  server.GrpcServerProtocolClient (GrpcServerProtocolClient.java:<init>(63)) - Build channel for 546cc5e6-bfb7-463a-bee8-41bb77030907
2022-12-15 07:42:36,897 [grpc-default-executor-2] INFO  server.RaftServer$Division (RaftServerImpl.java:requestVote(1218)) - 35339c52-db7b-4081-839f-5ebc64119ecf@group-DE5E2B50A588: receive requestVote(ELECTION, 28aaa230-0c73-487d-9d0b-27cf7aed2ed4, group-DE5E2B50A588, 1, (t:0, i:0))
2022-12-15 07:42:36,897 [grpc-default-executor-2] INFO  impl.VoteContext (VoteContext.java:log(49)) - 35339c52-db7b-4081-839f-5ebc64119ecf@group-DE5E2B50A588-FOLLOWER: reject ELECTION from 28aaa230-0c73-487d-9d0b-27cf7aed2ed4: our priority 1 > candidate's priority 0
2022-12-15 07:42:36,898 [grpc-default-executor-2] INFO  server.RaftServer$Division (RaftServerImpl.java:setRole(321)) - 35339c52-db7b-4081-839f-5ebc64119ecf@group-DE5E2B50A588: changes role from  FOLLOWER to FOLLOWER at term 1 for candidate:28aaa230-0c73-487d-9d0b-27cf7aed2ed4
2022-12-15 07:42:36,898 [grpc-default-executor-2] INFO  impl.RoleInfo (RoleInfo.java:shutdownFollowerState(110)) - 35339c52-db7b-4081-839f-5ebc64119ecf: shutdown 35339c52-db7b-4081-839f-5ebc64119ecf@group-DE5E2B50A588-FollowerState
2022-12-15 07:42:36,898 [35339c52-db7b-4081-839f-5ebc64119ecf@group-DE5E2B50A588-FollowerState] INFO  impl.FollowerState (FollowerState.java:run(152)) - 35339c52-db7b-4081-839f-5ebc64119ecf@group-DE5E2B50A588-FollowerState was interrupted
2022-12-15 07:42:36,902 [grpc-default-executor-3] INFO  server.RaftServer$Division (RaftServerImpl.java:requestVote(1218)) - 546cc5e6-bfb7-463a-bee8-41bb77030907@group-DE5E2B50A588: receive requestVote(ELECTION, 28aaa230-0c73-487d-9d0b-27cf7aed2ed4, group-DE5E2B50A588, 1, (t:0, i:0))
2022-12-15 07:42:36,902 [grpc-default-executor-3] INFO  impl.VoteContext (VoteContext.java:log(49)) - 546cc5e6-bfb7-463a-bee8-41bb77030907@group-DE5E2B50A588-FOLLOWER: accept ELECTION from 28aaa230-0c73-487d-9d0b-27cf7aed2ed4: our priority 0 <= candidate's priority 0
2022-12-15 07:42:36,902 [grpc-default-executor-3] INFO  server.RaftServer$Division (RaftServerImpl.java:setRole(321)) - 546cc5e6-bfb7-463a-bee8-41bb77030907@group-DE5E2B50A588: changes role from  FOLLOWER to FOLLOWER at term 1 for candidate:28aaa230-0c73-487d-9d0b-27cf7aed2ed4
2022-12-15 07:42:36,902 [grpc-default-executor-3] INFO  impl.RoleInfo (RoleInfo.java:shutdownFollowerState(110)) - 546cc5e6-bfb7-463a-bee8-41bb77030907: shutdown 546cc5e6-bfb7-463a-bee8-41bb77030907@group-DE5E2B50A588-FollowerState
2022-12-15 07:42:36,903 [grpc-default-executor-3] INFO  impl.RoleInfo (RoleInfo.java:updateAndGet(139)) - 546cc5e6-bfb7-463a-bee8-41bb77030907: start 546cc5e6-bfb7-463a-bee8-41bb77030907@group-DE5E2B50A588-FollowerState
2022-12-15 07:42:36,903 [546cc5e6-bfb7-463a-bee8-41bb77030907@group-DE5E2B50A588-FollowerState] INFO  impl.FollowerState (FollowerState.java:run(152)) - 546cc5e6-bfb7-463a-bee8-41bb77030907@group-DE5E2B50A588-FollowerState was interrupted
2022-12-15 07:42:36,913 [grpc-default-executor-2] INFO  impl.RoleInfo (RoleInfo.java:updateAndGet(139)) - 35339c52-db7b-4081-839f-5ebc64119ecf: start 35339c52-db7b-4081-839f-5ebc64119ecf@group-DE5E2B50A588-FollowerState
2022-12-15 07:42:36,918 [35339c52-db7b-4081-839f-5ebc64119ecf@group-DE5E2B50A588-FollowerState] INFO  server.RaftServerConfigKeys (ConfUtils.java:logFallback(53)) - raft.server.rpc.first-election.timeout.min = 5s (fallback to raft.server.rpc.timeout.min)
2022-12-15 07:42:36,918 [35339c52-db7b-4081-839f-5ebc64119ecf@group-DE5E2B50A588-FollowerState] INFO  server.RaftServerConfigKeys (ConfUtils.java:logFallback(53)) - raft.server.rpc.first-election.timeout.max = 5200ms (fallback to raft.server.rpc.timeout.max)
2022-12-15 07:42:36,918 [grpc-default-executor-3] INFO  server.RaftServer$Division (RaftServerImpl.java:requestVote(1251)) - 546cc5e6-bfb7-463a-bee8-41bb77030907@group-DE5E2B50A588 replies to ELECTION vote request: 28aaa230-0c73-487d-9d0b-27cf7aed2ed4<-546cc5e6-bfb7-463a-bee8-41bb77030907#0:OK-t1. Peer's state: 546cc5e6-bfb7-463a-bee8-41bb77030907@group-DE5E2B50A588:t1, leader=null, voted=28aaa230-0c73-487d-9d0b-27cf7aed2ed4, raftlog=Memoized:546cc5e6-bfb7-463a-bee8-41bb77030907@group-DE5E2B50A588-SegmentedRaftLog:OPENED:c-1, conf=-1: peers:[35339c52-db7b-4081-839f-5ebc64119ecf|rpc:10.1.0.16:38883|priority:1|startupRole:FOLLOWER, 28aaa230-0c73-487d-9d0b-27cf7aed2ed4|rpc:10.1.0.16:39069|priority:0|startupRole:FOLLOWER, 546cc5e6-bfb7-463a-bee8-41bb77030907|rpc:10.1.0.16:33963|priority:0|startupRole:FOLLOWER]|listeners:[], old=null
2022-12-15 07:42:36,920 [546cc5e6-bfb7-463a-bee8-41bb77030907@group-DE5E2B50A588-FollowerState] INFO  server.RaftServerConfigKeys (ConfUtils.java:logFallback(53)) - raft.server.rpc.first-election.timeout.min = 5s (fallback to raft.server.rpc.timeout.min)
2022-12-15 07:42:36,920 [546cc5e6-bfb7-463a-bee8-41bb77030907@group-DE5E2B50A588-FollowerState] INFO  server.RaftServerConfigKeys (ConfUtils.java:logFallback(53)) - raft.server.rpc.first-election.timeout.max = 5200ms (fallback to raft.server.rpc.timeout.max)
2022-12-15 07:42:36,920 [grpc-default-executor-2] INFO  server.RaftServer$Division (RaftServerImpl.java:requestVote(1251)) - 35339c52-db7b-4081-839f-5ebc64119ecf@group-DE5E2B50A588 replies to ELECTION vote request: 28aaa230-0c73-487d-9d0b-27cf7aed2ed4<-35339c52-db7b-4081-839f-5ebc64119ecf#0:FAIL-t1. Peer's state: 35339c52-db7b-4081-839f-5ebc64119ecf@group-DE5E2B50A588:t1, leader=null, voted=null, raftlog=Memoized:35339c52-db7b-4081-839f-5ebc64119ecf@group-DE5E2B50A588-SegmentedRaftLog:OPENED:c-1, conf=-1: peers:[35339c52-db7b-4081-839f-5ebc64119ecf|rpc:10.1.0.16:38883|dataStream:|priority:1|startupRole:FOLLOWER, 28aaa230-0c73-487d-9d0b-27cf7aed2ed4|rpc:10.1.0.16:39069|dataStream:|priority:0|startupRole:FOLLOWER, 546cc5e6-bfb7-463a-bee8-41bb77030907|rpc:10.1.0.16:33963|dataStream:|priority:0|startupRole:FOLLOWER]|listeners:[], old=null
2022-12-15 07:42:36,926 [28aaa230-0c73-487d-9d0b-27cf7aed2ed4@group-DE5E2B50A588-LeaderElection6] INFO  impl.LeaderElection (LeaderElection.java:logAndReturn(90)) - 28aaa230-0c73-487d-9d0b-27cf7aed2ed4@group-DE5E2B50A588-LeaderElection6: ELECTION REJECTED received 2 response(s) and 0 exception(s):
2022-12-15 07:42:36,926 [28aaa230-0c73-487d-9d0b-27cf7aed2ed4@group-DE5E2B50A588-LeaderElection6] INFO  impl.LeaderElection (LeaderElection.java:logAndReturn(94)) -   Response 0: 28aaa230-0c73-487d-9d0b-27cf7aed2ed4<-35339c52-db7b-4081-839f-5ebc64119ecf#0:FAIL-t1
2022-12-15 07:42:36,926 [28aaa230-0c73-487d-9d0b-27cf7aed2ed4@group-DE5E2B50A588-LeaderElection6] INFO  impl.LeaderElection (LeaderElection.java:logAndReturn(94)) -   Response 1: 28aaa230-0c73-487d-9d0b-27cf7aed2ed4<-546cc5e6-bfb7-463a-bee8-41bb77030907#0:OK-t1
2022-12-15 07:42:36,926 [28aaa230-0c73-487d-9d0b-27cf7aed2ed4@group-DE5E2B50A588-LeaderElection6] INFO  impl.LeaderElection (LeaderElection.java:askForVotes(314)) - 28aaa230-0c73-487d-9d0b-27cf7aed2ed4@group-DE5E2B50A588-LeaderElection6 ELECTION round 0: result REJECTED
2022-12-15 07:42:36,926 [28aaa230-0c73-487d-9d0b-27cf7aed2ed4@group-DE5E2B50A588-LeaderElection6] INFO  server.RaftServer$Division (RaftServerImpl.java:setRole(321)) - 28aaa230-0c73-487d-9d0b-27cf7aed2ed4@group-DE5E2B50A588: changes role from CANDIDATE to FOLLOWER at term 1 for REJECTED
2022-12-15 07:42:36,926 [28aaa230-0c73-487d-9d0b-27cf7aed2ed4@group-DE5E2B50A588-LeaderElection6] INFO  impl.RoleInfo (RoleInfo.java:shutdownLeaderElection(130)) - 28aaa230-0c73-487d-9d0b-27cf7aed2ed4: shutdown 28aaa230-0c73-487d-9d0b-27cf7aed2ed4@group-DE5E2B50A588-LeaderElection6
2022-12-15 07:42:36,926 [28aaa230-0c73-487d-9d0b-27cf7aed2ed4@group-DE5E2B50A588-LeaderElection6] INFO  impl.RoleInfo (RoleInfo.java:updateAndGet(139)) - 28aaa230-0c73-487d-9d0b-27cf7aed2ed4: start 28aaa230-0c73-487d-9d0b-27cf7aed2ed4@group-DE5E2B50A588-FollowerState
2022-12-15 07:42:36,929 [28aaa230-0c73-487d-9d0b-27cf7aed2ed4@group-DE5E2B50A588-FollowerState] INFO  server.RaftServerConfigKeys (ConfUtils.java:logFallback(53)) - raft.server.rpc.first-election.timeout.min = 5s (fallback to raft.server.rpc.timeout.min)
2022-12-15 07:42:36,933 [28aaa230-0c73-487d-9d0b-27cf7aed2ed4@group-DE5E2B50A588-FollowerState] INFO  server.RaftServerConfigKeys (ConfUtils.java:logFallback(53)) - raft.server.rpc.first-election.timeout.max = 5200ms (fallback to raft.server.rpc.timeout.max)
2022-12-15 07:42:37,195 [Time-limited test] INFO  rpc.RpcClient (RpcClient.java:createVolume(472)) - Creating Volume: kxtgwnxphx, with user62984 as owner and space quota set to -1 bytes, counts quota set to -1
2022-12-15 07:42:37,239 [OM StateMachine ApplyTransaction Thread - 0] INFO  volume.OMVolumeCreateRequest (OMVolumeCreateRequest.java:validateAndUpdateCache(195)) - created volume:kxtgwnxphx for user:user62984
2022-12-15 07:42:37,261 [Time-limited test] INFO  rpc.RpcClient (RpcClient.java:createBucket(691)) - Creating Bucket: kxtgwnxphx/rydpwhxpek, with bucket layout LEGACY, runner as owner, Versioning false, Storage Type set to DISK and Encryption set to false 
2022-12-15 07:42:37,281 [OM StateMachine ApplyTransaction Thread - 0] INFO  bucket.OMBucketCreateRequest (OMBucketCreateRequest.java:validateAndUpdateCache(260)) - created bucket: rydpwhxpek of layout LEGACY in volume: kxtgwnxphx
2022-12-15 07:42:37,371 [EventQueue-CommandQueueReportForCommandQueueReportHandler] WARN  events.EventQueue (EventQueue.java:fireEvent(216)) - No event handler registered for event TypedEvent{payloadType=DatanodeDetails, name='Datanode_Command_Queue_Updated'}
2022-12-15 07:42:37,489 [IPC Server handler 0 on default port 36653] INFO  ha.SequenceIdGenerator (SequenceIdGenerator.java:getNextId(128)) - Allocate a batch for containerId, change lastId from 0 to 1000.
2022-12-15 07:42:37,503 [IPC Server handler 0 on default port 36653] WARN  ha.SequenceIdGenerator (SequenceIdGenerator.java:allocateBatch(237)) - Failed to allocate a batch for localId, expected lastId is 0, actual lastId is 109611004723200000.
2022-12-15 07:42:37,503 [IPC Server handler 0 on default port 36653] INFO  ha.SequenceIdGenerator (SequenceIdGenerator.java:getNextId(128)) - Allocate a batch for localId, change lastId from 109611004723200000 to 109611004723201000.
2022-12-15 07:42:37,540 [EventQueue-CommandQueueReportForCommandQueueReportHandler] WARN  events.EventQueue (EventQueue.java:fireEvent(216)) - No event handler registered for event TypedEvent{payloadType=DatanodeDetails, name='Datanode_Command_Queue_Updated'}
2022-12-15 07:42:37,595 [Time-limited test] INFO  impl.MetricsSystemImpl (MetricsSystemImpl.java:init(158)) - XceiverClientMetrics metrics system started (again)
2022-12-15 07:42:37,820 [EventQueue-CommandQueueReportForCommandQueueReportHandler] WARN  events.EventQueue (EventQueue.java:fireEvent(216)) - No event handler registered for event TypedEvent{payloadType=DatanodeDetails, name='Datanode_Command_Queue_Updated'}
2022-12-15 07:42:37,821 [EventQueue-CommandQueueReportForCommandQueueReportHandler] WARN  events.EventQueue (EventQueue.java:fireEvent(216)) - No event handler registered for event TypedEvent{payloadType=DatanodeDetails, name='Datanode_Command_Queue_Updated'}
2022-12-15 07:42:37,831 [EventQueue-CommandQueueReportForCommandQueueReportHandler] WARN  events.EventQueue (EventQueue.java:fireEvent(216)) - No event handler registered for event TypedEvent{payloadType=DatanodeDetails, name='Datanode_Command_Queue_Updated'}
2022-12-15 07:42:37,831 [EventQueue-CommandQueueReportForCommandQueueReportHandler] WARN  events.EventQueue (EventQueue.java:fireEvent(216)) - No event handler registered for event TypedEvent{payloadType=DatanodeDetails, name='Datanode_Command_Queue_Updated'}
2022-12-15 07:42:37,983 [EventQueue-CommandQueueReportForCommandQueueReportHandler] WARN  events.EventQueue (EventQueue.java:fireEvent(216)) - No event handler registered for event TypedEvent{payloadType=DatanodeDetails, name='Datanode_Command_Queue_Updated'}
2022-12-15 07:42:37,987 [EventQueue-CommandQueueReportForCommandQueueReportHandler] WARN  events.EventQueue (EventQueue.java:fireEvent(216)) - No event handler registered for event TypedEvent{payloadType=DatanodeDetails, name='Datanode_Command_Queue_Updated'}
2022-12-15 07:42:37,991 [EventQueue-CommandQueueReportForCommandQueueReportHandler] WARN  events.EventQueue (EventQueue.java:fireEvent(216)) - No event handler registered for event TypedEvent{payloadType=DatanodeDetails, name='Datanode_Command_Queue_Updated'}
]]></system-out>
  </testcase>
  <testcase name="testListKeysWithNotNormalizedPath" classname="org.apache.hadoop.fs.ozone.TestOzoneFSWithObjectStoreCreate" time="0.497">
    <system-out><![CDATA[2022-12-15 07:42:38,396 [Time-limited test] INFO  rpc.RpcClient (RpcClient.java:createVolume(472)) - Creating Volume: ahmfocbnlm, with user88553 as owner and space quota set to -1 bytes, counts quota set to -1
2022-12-15 07:42:38,401 [OM StateMachine ApplyTransaction Thread - 0] INFO  volume.OMVolumeCreateRequest (OMVolumeCreateRequest.java:validateAndUpdateCache(195)) - created volume:ahmfocbnlm for user:user88553
2022-12-15 07:42:38,407 [Time-limited test] INFO  rpc.RpcClient (RpcClient.java:createBucket(691)) - Creating Bucket: ahmfocbnlm/bnlyfvognl, with bucket layout LEGACY, runner as owner, Versioning false, Storage Type set to DISK and Encryption set to false 
2022-12-15 07:42:38,410 [OM StateMachine ApplyTransaction Thread - 0] INFO  bucket.OMBucketCreateRequest (OMBucketCreateRequest.java:validateAndUpdateCache(260)) - created bucket: bnlyfvognl of layout LEGACY in volume: ahmfocbnlm
]]></system-out>
  </testcase>
  <testcase name="testCreateDirectoryFirstThenKeyAndFileWithSameName" classname="org.apache.hadoop.fs.ozone.TestOzoneFSWithObjectStoreCreate" time="0.11">
    <system-out><![CDATA[2022-12-15 07:42:38,888 [Time-limited test] INFO  rpc.RpcClient (RpcClient.java:createVolume(472)) - Creating Volume: ijdwiiizsh, with user77193 as owner and space quota set to -1 bytes, counts quota set to -1
2022-12-15 07:42:38,891 [OM StateMachine ApplyTransaction Thread - 0] INFO  volume.OMVolumeCreateRequest (OMVolumeCreateRequest.java:validateAndUpdateCache(195)) - created volume:ijdwiiizsh for user:user77193
2022-12-15 07:42:38,894 [Time-limited test] INFO  rpc.RpcClient (RpcClient.java:createBucket(691)) - Creating Bucket: ijdwiiizsh/bihfpmvuwt, with bucket layout LEGACY, runner as owner, Versioning false, Storage Type set to DISK and Encryption set to false 
2022-12-15 07:42:38,898 [OM StateMachine ApplyTransaction Thread - 0] INFO  bucket.OMBucketCreateRequest (OMBucketCreateRequest.java:validateAndUpdateCache(260)) - created bucket: bihfpmvuwt of layout LEGACY in volume: ijdwiiizsh
07:42:38.941 [OM StateMachine ApplyTransaction Thread - 0] ERROR OMAudit - user=runner | ip=127.0.0.1 | op=CREATE_FILE {volume=ijdwiiizsh, bucket=bihfpmvuwt, key=t1/t2, dataSize=4194304, replicationType=RATIS, replicationFactor=THREE} | ret=FAILURE
org.apache.hadoop.ozone.om.exceptions.OMException: Can not write to directory: t1/t2
	at org.apache.hadoop.ozone.om.request.file.OMFileCreateRequest.checkDirectoryResult(OMFileCreateRequest.java:364) ~[ozone-manager-1.3.0-SNAPSHOT.jar:?]
	at org.apache.hadoop.ozone.om.request.file.OMFileCreateRequest.validateAndUpdateCache(OMFileCreateRequest.java:240) ~[ozone-manager-1.3.0-SNAPSHOT.jar:?]
	at org.apache.hadoop.ozone.protocolPB.OzoneManagerRequestHandler.handleWriteRequest(OzoneManagerRequestHandler.java:311) ~[ozone-manager-1.3.0-SNAPSHOT.jar:?]
	at org.apache.hadoop.ozone.om.ratis.OzoneManagerStateMachine.runCommand(OzoneManagerStateMachine.java:533) ~[ozone-manager-1.3.0-SNAPSHOT.jar:?]
	at org.apache.hadoop.ozone.om.ratis.OzoneManagerStateMachine.lambda$1(OzoneManagerStateMachine.java:324) ~[ozone-manager-1.3.0-SNAPSHOT.jar:?]
	at java.util.concurrent.CompletableFuture$AsyncSupply.run(CompletableFuture.java:1604) [?:1.8.0_352]
	at java.util.concurrent.ThreadPoolExecutor.runWorker(ThreadPoolExecutor.java:1149) [?:1.8.0_352]
	at java.util.concurrent.ThreadPoolExecutor$Worker.run(ThreadPoolExecutor.java:624) [?:1.8.0_352]
	at java.lang.Thread.run(Thread.java:750) [?:1.8.0_352]
2022-12-15 07:42:38,953 [OM StateMachine ApplyTransaction Thread - 0] ERROR file.OMFileCreateRequest (OMFileCreateRequest.java:validateAndUpdateCache(337)) - File create failed. Volume:ijdwiiizsh, Bucket:bihfpmvuwt, Keyt1/t2.
NOT_A_FILE org.apache.hadoop.ozone.om.exceptions.OMException: Can not write to directory: t1/t2
	at org.apache.hadoop.ozone.om.request.file.OMFileCreateRequest.checkDirectoryResult(OMFileCreateRequest.java:364)
	at org.apache.hadoop.ozone.om.request.file.OMFileCreateRequest.validateAndUpdateCache(OMFileCreateRequest.java:240)
	at org.apache.hadoop.ozone.protocolPB.OzoneManagerRequestHandler.handleWriteRequest(OzoneManagerRequestHandler.java:311)
	at org.apache.hadoop.ozone.om.ratis.OzoneManagerStateMachine.runCommand(OzoneManagerStateMachine.java:533)
	at org.apache.hadoop.ozone.om.ratis.OzoneManagerStateMachine.lambda$1(OzoneManagerStateMachine.java:324)
	at java.util.concurrent.CompletableFuture$AsyncSupply.run(CompletableFuture.java:1604)
	at java.util.concurrent.ThreadPoolExecutor.runWorker(ThreadPoolExecutor.java:1149)
	at java.util.concurrent.ThreadPoolExecutor$Worker.run(ThreadPoolExecutor.java:624)
	at java.lang.Thread.run(Thread.java:750)
07:42:38.978 [OM StateMachine ApplyTransaction Thread - 0] ERROR OMAudit - user=runner | ip=127.0.0.1 | op=ALLOCATE_KEY {volume=ijdwiiizsh, bucket=bihfpmvuwt, key=t1/t2, dataSize=4194304, replicationType=NONE, replicationFactor=ZERO} | ret=FAILURE
org.apache.hadoop.ozone.om.exceptions.OMException: Cannot write to directory. createIntermediateDirs behavior is enabled and hence / has special interpretation: t1/t2
	at org.apache.hadoop.ozone.om.request.key.OMKeyCreateRequest.validateAndUpdateCache(OMKeyCreateRequest.java:256) ~[ozone-manager-1.3.0-SNAPSHOT.jar:?]
	at org.apache.hadoop.ozone.protocolPB.OzoneManagerRequestHandler.handleWriteRequest(OzoneManagerRequestHandler.java:311) ~[ozone-manager-1.3.0-SNAPSHOT.jar:?]
	at org.apache.hadoop.ozone.om.ratis.OzoneManagerStateMachine.runCommand(OzoneManagerStateMachine.java:533) ~[ozone-manager-1.3.0-SNAPSHOT.jar:?]
	at org.apache.hadoop.ozone.om.ratis.OzoneManagerStateMachine.lambda$1(OzoneManagerStateMachine.java:324) ~[ozone-manager-1.3.0-SNAPSHOT.jar:?]
	at java.util.concurrent.CompletableFuture$AsyncSupply.run(CompletableFuture.java:1604) [?:1.8.0_352]
	at java.util.concurrent.ThreadPoolExecutor.runWorker(ThreadPoolExecutor.java:1149) [?:1.8.0_352]
	at java.util.concurrent.ThreadPoolExecutor$Worker.run(ThreadPoolExecutor.java:624) [?:1.8.0_352]
	at java.lang.Thread.run(Thread.java:750) [?:1.8.0_352]
2022-12-15 07:42:38,979 [OM StateMachine ApplyTransaction Thread - 0] ERROR key.OMKeyCreateRequest (OMKeyCreateRequest.java:logResult(378)) - Key creation failed. Volume:ijdwiiizsh, Bucket:bihfpmvuwt, Key:t1/t2. 
NOT_A_FILE org.apache.hadoop.ozone.om.exceptions.OMException: Cannot write to directory. createIntermediateDirs behavior is enabled and hence / has special interpretation: t1/t2
	at org.apache.hadoop.ozone.om.request.key.OMKeyCreateRequest.validateAndUpdateCache(OMKeyCreateRequest.java:256)
	at org.apache.hadoop.ozone.protocolPB.OzoneManagerRequestHandler.handleWriteRequest(OzoneManagerRequestHandler.java:311)
	at org.apache.hadoop.ozone.om.ratis.OzoneManagerStateMachine.runCommand(OzoneManagerStateMachine.java:533)
	at org.apache.hadoop.ozone.om.ratis.OzoneManagerStateMachine.lambda$1(OzoneManagerStateMachine.java:324)
	at java.util.concurrent.CompletableFuture$AsyncSupply.run(CompletableFuture.java:1604)
	at java.util.concurrent.ThreadPoolExecutor.runWorker(ThreadPoolExecutor.java:1149)
	at java.util.concurrent.ThreadPoolExecutor$Worker.run(ThreadPoolExecutor.java:624)
	at java.lang.Thread.run(Thread.java:750)
]]></system-out>
  </testcase>
  <testcase name="testKeyCreationFailDuetoDirectoryCreationBeforeCommit" classname="org.apache.hadoop.fs.ozone.TestOzoneFSWithObjectStoreCreate" time="0.116">
    <system-out><![CDATA[2022-12-15 07:42:38,983 [EventQueue-CommandQueueReportForCommandQueueReportHandler] WARN  events.EventQueue (EventQueue.java:fireEvent(216)) - No event handler registered for event TypedEvent{payloadType=DatanodeDetails, name='Datanode_Command_Queue_Updated'}
2022-12-15 07:42:38,990 [EventQueue-CommandQueueReportForCommandQueueReportHandler] WARN  events.EventQueue (EventQueue.java:fireEvent(216)) - No event handler registered for event TypedEvent{payloadType=DatanodeDetails, name='Datanode_Command_Queue_Updated'}
2022-12-15 07:42:38,990 [EventQueue-CommandQueueReportForCommandQueueReportHandler] WARN  events.EventQueue (EventQueue.java:fireEvent(216)) - No event handler registered for event TypedEvent{payloadType=DatanodeDetails, name='Datanode_Command_Queue_Updated'}
2022-12-15 07:42:39,003 [Time-limited test] INFO  rpc.RpcClient (RpcClient.java:createVolume(472)) - Creating Volume: owrwydbpue, with user20591 as owner and space quota set to -1 bytes, counts quota set to -1
2022-12-15 07:42:39,007 [OM StateMachine ApplyTransaction Thread - 0] INFO  volume.OMVolumeCreateRequest (OMVolumeCreateRequest.java:validateAndUpdateCache(195)) - created volume:owrwydbpue for user:user20591
2022-12-15 07:42:39,011 [Time-limited test] INFO  rpc.RpcClient (RpcClient.java:createBucket(691)) - Creating Bucket: owrwydbpue/idhofpdhhm, with bucket layout LEGACY, runner as owner, Versioning false, Storage Type set to DISK and Encryption set to false 
2022-12-15 07:42:39,014 [OM StateMachine ApplyTransaction Thread - 0] INFO  bucket.OMBucketCreateRequest (OMBucketCreateRequest.java:validateAndUpdateCache(260)) - created bucket: idhofpdhhm of layout LEGACY in volume: owrwydbpue
07:42:39.096 [OM StateMachine ApplyTransaction Thread - 0] ERROR OMAudit - user=runner | ip=127.0.0.1 | op=COMMIT_KEY {volume=owrwydbpue, bucket=idhofpdhhm, key=a/b/c, dataSize=10, replicationType=RATIS, replicationFactor=THREE} | ret=FAILURE
org.apache.hadoop.ozone.om.exceptions.OMException: Can not create file: a/b/c as there is already directory in the given path
	at org.apache.hadoop.ozone.om.request.key.OMKeyCommitRequest.validateAndUpdateCache(OMKeyCommitRequest.java:191) ~[ozone-manager-1.3.0-SNAPSHOT.jar:?]
	at org.apache.hadoop.ozone.protocolPB.OzoneManagerRequestHandler.handleWriteRequest(OzoneManagerRequestHandler.java:311) ~[ozone-manager-1.3.0-SNAPSHOT.jar:?]
	at org.apache.hadoop.ozone.om.ratis.OzoneManagerStateMachine.runCommand(OzoneManagerStateMachine.java:533) ~[ozone-manager-1.3.0-SNAPSHOT.jar:?]
	at org.apache.hadoop.ozone.om.ratis.OzoneManagerStateMachine.lambda$1(OzoneManagerStateMachine.java:324) ~[ozone-manager-1.3.0-SNAPSHOT.jar:?]
	at java.util.concurrent.CompletableFuture$AsyncSupply.run(CompletableFuture.java:1604) [?:1.8.0_352]
	at java.util.concurrent.ThreadPoolExecutor.runWorker(ThreadPoolExecutor.java:1149) [?:1.8.0_352]
	at java.util.concurrent.ThreadPoolExecutor$Worker.run(ThreadPoolExecutor.java:624) [?:1.8.0_352]
	at java.lang.Thread.run(Thread.java:750) [?:1.8.0_352]
2022-12-15 07:42:39,096 [OM StateMachine ApplyTransaction Thread - 0] ERROR key.OMKeyCommitRequest (OMKeyCommitRequest.java:processResult(338)) - Key commit failed. Volume:owrwydbpue, Bucket:idhofpdhhm, Key:a/b/c. Exception:{}
NOT_A_FILE org.apache.hadoop.ozone.om.exceptions.OMException: Can not create file: a/b/c as there is already directory in the given path
	at org.apache.hadoop.ozone.om.request.key.OMKeyCommitRequest.validateAndUpdateCache(OMKeyCommitRequest.java:191)
	at org.apache.hadoop.ozone.protocolPB.OzoneManagerRequestHandler.handleWriteRequest(OzoneManagerRequestHandler.java:311)
	at org.apache.hadoop.ozone.om.ratis.OzoneManagerStateMachine.runCommand(OzoneManagerStateMachine.java:533)
	at org.apache.hadoop.ozone.om.ratis.OzoneManagerStateMachine.lambda$1(OzoneManagerStateMachine.java:324)
	at java.util.concurrent.CompletableFuture$AsyncSupply.run(CompletableFuture.java:1604)
	at java.util.concurrent.ThreadPoolExecutor.runWorker(ThreadPoolExecutor.java:1149)
	at java.util.concurrent.ThreadPoolExecutor$Worker.run(ThreadPoolExecutor.java:624)
	at java.lang.Thread.run(Thread.java:750)
]]></system-out>
  </testcase>
  <testcase name="test" classname="org.apache.hadoop.fs.ozone.TestOzoneFSWithObjectStoreCreate" time="0.221">
    <system-out><![CDATA[2022-12-15 07:42:39,130 [Time-limited test] INFO  rpc.RpcClient (RpcClient.java:createVolume(472)) - Creating Volume: pynjgwypub, with user31277 as owner and space quota set to -1 bytes, counts quota set to -1
2022-12-15 07:42:39,136 [OM StateMachine ApplyTransaction Thread - 0] INFO  volume.OMVolumeCreateRequest (OMVolumeCreateRequest.java:validateAndUpdateCache(195)) - created volume:pynjgwypub for user:user31277
2022-12-15 07:42:39,150 [Time-limited test] INFO  rpc.RpcClient (RpcClient.java:createBucket(691)) - Creating Bucket: pynjgwypub/bwccrvwqxq, with bucket layout LEGACY, runner as owner, Versioning false, Storage Type set to DISK and Encryption set to false 
2022-12-15 07:42:39,152 [OM StateMachine ApplyTransaction Thread - 0] INFO  bucket.OMBucketCreateRequest (OMBucketCreateRequest.java:validateAndUpdateCache(260)) - created bucket: bwccrvwqxq of layout LEGACY in volume: pynjgwypub
]]></system-out>
  </testcase>
  <testcase name="testMPUFailDuetoDirectoryCreationBeforeComplete" classname="org.apache.hadoop.fs.ozone.TestOzoneFSWithObjectStoreCreate" time="0.295">
    <system-out><![CDATA[2022-12-15 07:42:39,347 [Time-limited test] INFO  rpc.RpcClient (RpcClient.java:createVolume(472)) - Creating Volume: iilgsvublh, with user43635 as owner and space quota set to -1 bytes, counts quota set to -1
2022-12-15 07:42:39,351 [OM StateMachine ApplyTransaction Thread - 0] INFO  volume.OMVolumeCreateRequest (OMVolumeCreateRequest.java:validateAndUpdateCache(195)) - created volume:iilgsvublh for user:user43635
2022-12-15 07:42:39,354 [Time-limited test] INFO  rpc.RpcClient (RpcClient.java:createBucket(691)) - Creating Bucket: iilgsvublh/onenlnecsn, with bucket layout LEGACY, runner as owner, Versioning false, Storage Type set to DISK and Encryption set to false 
2022-12-15 07:42:39,358 [OM StateMachine ApplyTransaction Thread - 0] INFO  bucket.OMBucketCreateRequest (OMBucketCreateRequest.java:validateAndUpdateCache(260)) - created bucket: onenlnecsn of layout LEGACY in volume: iilgsvublh
07:42:39.556 [OM StateMachine ApplyTransaction Thread - 0] ERROR OMAudit - user=runner | ip=127.0.0.1 | op=COMPLETE_MULTIPART_UPLOAD {volume=iilgsvublh, bucket=onenlnecsn, key=dir1/dir2/mpukey, dataSize=0, replicationType=NONE, replicationFactor=ZERO, multipartList=[partNumber: 1 partName: "/iilgsvublh/onenlnecsn/dir1/dir2/mpukey-a103304b-5578-4a50-908a-f490dd5e4642-109516564686176268-1" ]} | ret=FAILURE
org.apache.hadoop.ozone.om.exceptions.OMException: Can not Complete MPU for file: dir1/dir2/mpukey as there is already directory in the given path
	at org.apache.hadoop.ozone.om.request.s3.multipart.S3MultipartUploadCompleteRequest.checkDirectoryAlreadyExists(S3MultipartUploadCompleteRequest.java:327) ~[ozone-manager-1.3.0-SNAPSHOT.jar:?]
	at org.apache.hadoop.ozone.om.request.s3.multipart.S3MultipartUploadCompleteRequest.validateAndUpdateCache(S3MultipartUploadCompleteRequest.java:171) ~[ozone-manager-1.3.0-SNAPSHOT.jar:?]
	at org.apache.hadoop.ozone.protocolPB.OzoneManagerRequestHandler.handleWriteRequest(OzoneManagerRequestHandler.java:311) ~[ozone-manager-1.3.0-SNAPSHOT.jar:?]
	at org.apache.hadoop.ozone.om.ratis.OzoneManagerStateMachine.runCommand(OzoneManagerStateMachine.java:533) ~[ozone-manager-1.3.0-SNAPSHOT.jar:?]
	at org.apache.hadoop.ozone.om.ratis.OzoneManagerStateMachine.lambda$1(OzoneManagerStateMachine.java:324) ~[ozone-manager-1.3.0-SNAPSHOT.jar:?]
	at java.util.concurrent.CompletableFuture$AsyncSupply.run(CompletableFuture.java:1604) [?:1.8.0_352]
	at java.util.concurrent.ThreadPoolExecutor.runWorker(ThreadPoolExecutor.java:1149) [?:1.8.0_352]
	at java.util.concurrent.ThreadPoolExecutor$Worker.run(ThreadPoolExecutor.java:624) [?:1.8.0_352]
	at java.lang.Thread.run(Thread.java:750) [?:1.8.0_352]
2022-12-15 07:42:39,556 [OM StateMachine ApplyTransaction Thread - 0] ERROR multipart.S3MultipartUploadCompleteRequest (S3MultipartUploadCompleteRequest.java:logResult(356)) - MultipartUpload Complete request failed for Key: dir1/dir2/mpukey in Volume/Bucket iilgsvublh/onenlnecsn
NOT_A_FILE org.apache.hadoop.ozone.om.exceptions.OMException: Can not Complete MPU for file: dir1/dir2/mpukey as there is already directory in the given path
	at org.apache.hadoop.ozone.om.request.s3.multipart.S3MultipartUploadCompleteRequest.checkDirectoryAlreadyExists(S3MultipartUploadCompleteRequest.java:327)
	at org.apache.hadoop.ozone.om.request.s3.multipart.S3MultipartUploadCompleteRequest.validateAndUpdateCache(S3MultipartUploadCompleteRequest.java:171)
	at org.apache.hadoop.ozone.protocolPB.OzoneManagerRequestHandler.handleWriteRequest(OzoneManagerRequestHandler.java:311)
	at org.apache.hadoop.ozone.om.ratis.OzoneManagerStateMachine.runCommand(OzoneManagerStateMachine.java:533)
	at org.apache.hadoop.ozone.om.ratis.OzoneManagerStateMachine.lambda$1(OzoneManagerStateMachine.java:324)
	at java.util.concurrent.CompletableFuture$AsyncSupply.run(CompletableFuture.java:1604)
	at java.util.concurrent.ThreadPoolExecutor.runWorker(ThreadPoolExecutor.java:1149)
	at java.util.concurrent.ThreadPoolExecutor$Worker.run(ThreadPoolExecutor.java:624)
	at java.lang.Thread.run(Thread.java:750)
]]></system-out>
    <system-err><![CDATA[Dec 15, 2022 7:42:39 AM org.apache.ratis.thirdparty.io.grpc.internal.ManagedChannelOrphanWrapper$ManagedChannelReference cleanQueue
SEVERE: *~*~*~ Channel ManagedChannelImpl{logId=142, target=10.1.0.16:46385} was not shutdown properly!!! ~*~*~*
    Make sure to call shutdown()/shutdownNow() and wait until awaitTermination() returns true.
java.lang.RuntimeException: ManagedChannel allocation site
	at org.apache.ratis.thirdparty.io.grpc.internal.ManagedChannelOrphanWrapper$ManagedChannelReference.<init>(ManagedChannelOrphanWrapper.java:93)
	at org.apache.ratis.thirdparty.io.grpc.internal.ManagedChannelOrphanWrapper.<init>(ManagedChannelOrphanWrapper.java:53)
	at org.apache.ratis.thirdparty.io.grpc.internal.ManagedChannelOrphanWrapper.<init>(ManagedChannelOrphanWrapper.java:44)
	at org.apache.ratis.thirdparty.io.grpc.internal.ManagedChannelImplBuilder.build(ManagedChannelImplBuilder.java:630)
	at org.apache.ratis.thirdparty.io.grpc.internal.AbstractManagedChannelImplBuilder.build(AbstractManagedChannelImplBuilder.java:297)
	at org.apache.hadoop.hdds.scm.XceiverClientGrpc.connectToDatanode(XceiverClientGrpc.java:188)
	at org.apache.hadoop.hdds.scm.XceiverClientGrpc.reconnect(XceiverClientGrpc.java:584)
	at org.apache.hadoop.hdds.scm.XceiverClientGrpc.checkOpen(XceiverClientGrpc.java:575)
	at org.apache.hadoop.hdds.scm.XceiverClientGrpc.sendCommandAsync(XceiverClientGrpc.java:505)
	at org.apache.hadoop.hdds.scm.XceiverClientGrpc.sendCommandWithRetry(XceiverClientGrpc.java:407)
	at org.apache.hadoop.hdds.scm.XceiverClientGrpc.lambda$sendCommandWithTraceIDAndRetry$0(XceiverClientGrpc.java:349)
	at org.apache.hadoop.hdds.tracing.TracingUtil.executeInSpan(TracingUtil.java:177)
	at org.apache.hadoop.hdds.tracing.TracingUtil.executeInNewSpan(TracingUtil.java:151)
	at org.apache.hadoop.hdds.scm.XceiverClientGrpc.sendCommandWithTraceIDAndRetry(XceiverClientGrpc.java:343)
	at org.apache.hadoop.hdds.scm.XceiverClientGrpc.sendCommand(XceiverClientGrpc.java:324)
	at org.apache.hadoop.hdds.scm.storage.ContainerProtocolCalls.getBlock(ContainerProtocolCalls.java:152)
	at org.apache.hadoop.hdds.scm.storage.BlockInputStream.getChunkInfos(BlockInputStream.java:247)
	at org.apache.hadoop.hdds.scm.storage.BlockInputStream.initialize(BlockInputStream.java:144)
	at org.apache.hadoop.hdds.scm.storage.BlockInputStream.readWithStrategy(BlockInputStream.java:283)
	at org.apache.hadoop.hdds.scm.storage.ExtendedInputStream.read(ExtendedInputStream.java:54)
	at org.apache.hadoop.hdds.scm.storage.ByteArrayReader.readFromBlock(ByteArrayReader.java:57)
	at org.apache.hadoop.hdds.scm.storage.MultipartInputStream.readWithStrategy(MultipartInputStream.java:96)
	at org.apache.hadoop.hdds.scm.storage.ExtendedInputStream.read(ExtendedInputStream.java:54)
	at org.apache.hadoop.fs.ozone.OzoneFSInputStream.read(OzoneFSInputStream.java:64)
	at java.io.DataInputStream.read(DataInputStream.java:149)
	at org.apache.hadoop.fs.ozone.TestOzoneFSWithObjectStoreCreate.createKey(TestOzoneFSWithObjectStoreCreate.java:452)
	at org.apache.hadoop.fs.ozone.TestOzoneFSWithObjectStoreCreate.testListKeysWithNotNormalizedPath(TestOzoneFSWithObjectStoreCreate.java:383)
	at sun.reflect.NativeMethodAccessorImpl.invoke0(Native Method)
	at sun.reflect.NativeMethodAccessorImpl.invoke(NativeMethodAccessorImpl.java:62)
	at sun.reflect.DelegatingMethodAccessorImpl.invoke(DelegatingMethodAccessorImpl.java:43)
	at java.lang.reflect.Method.invoke(Method.java:498)
	at org.junit.runners.model.FrameworkMethod$1.runReflectiveCall(FrameworkMethod.java:59)
	at org.junit.internal.runners.model.ReflectiveCallable.run(ReflectiveCallable.java:12)
	at org.junit.runners.model.FrameworkMethod.invokeExplosively(FrameworkMethod.java:56)
	at org.junit.internal.runners.statements.InvokeMethod.evaluate(InvokeMethod.java:17)
	at org.junit.internal.runners.statements.RunBefores.evaluate(RunBefores.java:26)
	at org.junit.internal.runners.statements.RunAfters.evaluate(RunAfters.java:27)
	at org.junit.internal.runners.statements.FailOnTimeout$CallableStatement.call(FailOnTimeout.java:288)
	at org.junit.internal.runners.statements.FailOnTimeout$CallableStatement.call(FailOnTimeout.java:282)
	at java.util.concurrent.FutureTask.run(FutureTask.java:266)
	at java.lang.Thread.run(Thread.java:750)

Dec 15, 2022 7:42:39 AM org.apache.ratis.thirdparty.io.grpc.internal.ManagedChannelOrphanWrapper$ManagedChannelReference cleanQueue
SEVERE: *~*~*~ Channel ManagedChannelImpl{logId=127, target=10.1.0.16:44249} was not shutdown properly!!! ~*~*~*
    Make sure to call shutdown()/shutdownNow() and wait until awaitTermination() returns true.
java.lang.RuntimeException: ManagedChannel allocation site
	at org.apache.ratis.thirdparty.io.grpc.internal.ManagedChannelOrphanWrapper$ManagedChannelReference.<init>(ManagedChannelOrphanWrapper.java:93)
	at org.apache.ratis.thirdparty.io.grpc.internal.ManagedChannelOrphanWrapper.<init>(ManagedChannelOrphanWrapper.java:53)
	at org.apache.ratis.thirdparty.io.grpc.internal.ManagedChannelOrphanWrapper.<init>(ManagedChannelOrphanWrapper.java:44)
	at org.apache.ratis.thirdparty.io.grpc.internal.ManagedChannelImplBuilder.build(ManagedChannelImplBuilder.java:630)
	at org.apache.ratis.thirdparty.io.grpc.internal.AbstractManagedChannelImplBuilder.build(AbstractManagedChannelImplBuilder.java:297)
	at org.apache.hadoop.hdds.scm.XceiverClientGrpc.connectToDatanode(XceiverClientGrpc.java:188)
	at org.apache.hadoop.hdds.scm.XceiverClientGrpc.reconnect(XceiverClientGrpc.java:584)
	at org.apache.hadoop.hdds.scm.XceiverClientGrpc.checkOpen(XceiverClientGrpc.java:575)
	at org.apache.hadoop.hdds.scm.XceiverClientGrpc.sendCommandAsync(XceiverClientGrpc.java:505)
	at org.apache.hadoop.hdds.scm.XceiverClientGrpc.sendCommandWithRetry(XceiverClientGrpc.java:407)
	at org.apache.hadoop.hdds.scm.XceiverClientGrpc.lambda$sendCommandWithTraceIDAndRetry$0(XceiverClientGrpc.java:349)
	at org.apache.hadoop.hdds.tracing.TracingUtil.executeInSpan(TracingUtil.java:177)
	at org.apache.hadoop.hdds.tracing.TracingUtil.executeInNewSpan(TracingUtil.java:151)
	at org.apache.hadoop.hdds.scm.XceiverClientGrpc.sendCommandWithTraceIDAndRetry(XceiverClientGrpc.java:343)
	at org.apache.hadoop.hdds.scm.XceiverClientGrpc.sendCommand(XceiverClientGrpc.java:324)
	at org.apache.hadoop.hdds.scm.storage.ContainerProtocolCalls.getBlock(ContainerProtocolCalls.java:152)
	at org.apache.hadoop.hdds.scm.storage.BlockInputStream.getChunkInfos(BlockInputStream.java:247)
	at org.apache.hadoop.hdds.scm.storage.BlockInputStream.initialize(BlockInputStream.java:144)
	at org.apache.hadoop.hdds.scm.storage.BlockInputStream.readWithStrategy(BlockInputStream.java:283)
	at org.apache.hadoop.hdds.scm.storage.ExtendedInputStream.read(ExtendedInputStream.java:54)
	at org.apache.hadoop.hdds.scm.storage.ByteArrayReader.readFromBlock(ByteArrayReader.java:57)
	at org.apache.hadoop.hdds.scm.storage.MultipartInputStream.readWithStrategy(MultipartInputStream.java:96)
	at org.apache.hadoop.hdds.scm.storage.ExtendedInputStream.read(ExtendedInputStream.java:54)
	at org.apache.hadoop.ozone.client.io.OzoneInputStream.read(OzoneInputStream.java:56)
	at org.apache.hadoop.fs.ozone.TestOzoneFSWithObjectStoreCreate.createKey(TestOzoneFSWithObjectStoreCreate.java:443)
	at org.apache.hadoop.fs.ozone.TestOzoneFSWithObjectStoreCreate.testListKeysWithNotNormalizedPath(TestOzoneFSWithObjectStoreCreate.java:382)
	at sun.reflect.NativeMethodAccessorImpl.invoke0(Native Method)
	at sun.reflect.NativeMethodAccessorImpl.invoke(NativeMethodAccessorImpl.java:62)
	at sun.reflect.DelegatingMethodAccessorImpl.invoke(DelegatingMethodAccessorImpl.java:43)
	at java.lang.reflect.Method.invoke(Method.java:498)
	at org.junit.runners.model.FrameworkMethod$1.runReflectiveCall(FrameworkMethod.java:59)
	at org.junit.internal.runners.model.ReflectiveCallable.run(ReflectiveCallable.java:12)
	at org.junit.runners.model.FrameworkMethod.invokeExplosively(FrameworkMethod.java:56)
	at org.junit.internal.runners.statements.InvokeMethod.evaluate(InvokeMethod.java:17)
	at org.junit.internal.runners.statements.RunBefores.evaluate(RunBefores.java:26)
	at org.junit.internal.runners.statements.RunAfters.evaluate(RunAfters.java:27)
	at org.junit.internal.runners.statements.FailOnTimeout$CallableStatement.call(FailOnTimeout.java:288)
	at org.junit.internal.runners.statements.FailOnTimeout$CallableStatement.call(FailOnTimeout.java:282)
	at java.util.concurrent.FutureTask.run(FutureTask.java:266)
	at java.lang.Thread.run(Thread.java:750)

Dec 15, 2022 7:42:39 AM org.apache.ratis.thirdparty.io.grpc.internal.ManagedChannelOrphanWrapper$ManagedChannelReference cleanQueue
SEVERE: *~*~*~ Channel ManagedChannelImpl{logId=125, target=10.1.0.16:33937} was not shutdown properly!!! ~*~*~*
    Make sure to call shutdown()/shutdownNow() and wait until awaitTermination() returns true.
java.lang.RuntimeException: ManagedChannel allocation site
	at org.apache.ratis.thirdparty.io.grpc.internal.ManagedChannelOrphanWrapper$ManagedChannelReference.<init>(ManagedChannelOrphanWrapper.java:93)
	at org.apache.ratis.thirdparty.io.grpc.internal.ManagedChannelOrphanWrapper.<init>(ManagedChannelOrphanWrapper.java:53)
	at org.apache.ratis.thirdparty.io.grpc.internal.ManagedChannelOrphanWrapper.<init>(ManagedChannelOrphanWrapper.java:44)
	at org.apache.ratis.thirdparty.io.grpc.internal.ManagedChannelImplBuilder.build(ManagedChannelImplBuilder.java:630)
	at org.apache.ratis.thirdparty.io.grpc.internal.AbstractManagedChannelImplBuilder.build(AbstractManagedChannelImplBuilder.java:297)
	at org.apache.hadoop.hdds.scm.XceiverClientGrpc.connectToDatanode(XceiverClientGrpc.java:188)
	at org.apache.hadoop.hdds.scm.XceiverClientGrpc.connect(XceiverClientGrpc.java:158)
	at org.apache.hadoop.hdds.scm.XceiverClientManager$2.call(XceiverClientManager.java:243)
	at org.apache.hadoop.hdds.scm.XceiverClientManager$2.call(XceiverClientManager.java:224)
	at com.google.common.cache.LocalCache$LocalManualCache$1.load(LocalCache.java:4868)
	at com.google.common.cache.LocalCache$LoadingValueReference.loadFuture(LocalCache.java:3533)
	at com.google.common.cache.LocalCache$Segment.loadSync(LocalCache.java:2282)
	at com.google.common.cache.LocalCache$Segment.lockedGetOrLoad(LocalCache.java:2159)
	at com.google.common.cache.LocalCache$Segment.get(LocalCache.java:2049)
	at com.google.common.cache.LocalCache.get(LocalCache.java:3966)
	at com.google.common.cache.LocalCache$LocalManualCache.get(LocalCache.java:4863)
	at org.apache.hadoop.hdds.scm.XceiverClientManager.getClient(XceiverClientManager.java:224)
	at org.apache.hadoop.hdds.scm.XceiverClientManager.acquireClient(XceiverClientManager.java:168)
	at org.apache.hadoop.hdds.scm.XceiverClientManager.acquireClientForReadData(XceiverClientManager.java:157)
	at org.apache.hadoop.hdds.scm.storage.BlockInputStream.acquireClient(BlockInputStream.java:261)
	at org.apache.hadoop.hdds.scm.storage.BlockInputStream.getChunkInfos(BlockInputStream.java:228)
	at org.apache.hadoop.hdds.scm.storage.BlockInputStream.initialize(BlockInputStream.java:144)
	at org.apache.hadoop.hdds.scm.storage.BlockInputStream.readWithStrategy(BlockInputStream.java:283)
	at org.apache.hadoop.hdds.scm.storage.ExtendedInputStream.read(ExtendedInputStream.java:54)
	at org.apache.hadoop.hdds.scm.storage.ByteArrayReader.readFromBlock(ByteArrayReader.java:57)
	at org.apache.hadoop.hdds.scm.storage.MultipartInputStream.readWithStrategy(MultipartInputStream.java:96)
	at org.apache.hadoop.hdds.scm.storage.ExtendedInputStream.read(ExtendedInputStream.java:54)
	at org.apache.hadoop.ozone.client.io.OzoneInputStream.read(OzoneInputStream.java:56)
	at org.apache.hadoop.fs.ozone.TestOzoneFSWithObjectStoreCreate.createKey(TestOzoneFSWithObjectStoreCreate.java:443)
	at org.apache.hadoop.fs.ozone.TestOzoneFSWithObjectStoreCreate.testListKeysWithNotNormalizedPath(TestOzoneFSWithObjectStoreCreate.java:382)
	at sun.reflect.NativeMethodAccessorImpl.invoke0(Native Method)
	at sun.reflect.NativeMethodAccessorImpl.invoke(NativeMethodAccessorImpl.java:62)
	at sun.reflect.DelegatingMethodAccessorImpl.invoke(DelegatingMethodAccessorImpl.java:43)
	at java.lang.reflect.Method.invoke(Method.java:498)
	at org.junit.runners.model.FrameworkMethod$1.runReflectiveCall(FrameworkMethod.java:59)
	at org.junit.internal.runners.model.ReflectiveCallable.run(ReflectiveCallable.java:12)
	at org.junit.runners.model.FrameworkMethod.invokeExplosively(FrameworkMethod.java:56)
	at org.junit.internal.runners.statements.InvokeMethod.evaluate(InvokeMethod.java:17)
	at org.junit.internal.runners.statements.RunBefores.evaluate(RunBefores.java:26)
	at org.junit.internal.runners.statements.RunAfters.evaluate(RunAfters.java:27)
	at org.junit.internal.runners.statements.FailOnTimeout$CallableStatement.call(FailOnTimeout.java:288)
	at org.junit.internal.runners.statements.FailOnTimeout$CallableStatement.call(FailOnTimeout.java:282)
	at java.util.concurrent.FutureTask.run(FutureTask.java:266)
	at java.lang.Thread.run(Thread.java:750)

Dec 15, 2022 7:42:39 AM org.apache.ratis.thirdparty.io.grpc.internal.ManagedChannelOrphanWrapper$ManagedChannelReference cleanQueue
SEVERE: *~*~*~ Channel ManagedChannelImpl{logId=147, target=10.1.0.16:46385} was not shutdown properly!!! ~*~*~*
    Make sure to call shutdown()/shutdownNow() and wait until awaitTermination() returns true.
java.lang.RuntimeException: ManagedChannel allocation site
	at org.apache.ratis.thirdparty.io.grpc.internal.ManagedChannelOrphanWrapper$ManagedChannelReference.<init>(ManagedChannelOrphanWrapper.java:93)
	at org.apache.ratis.thirdparty.io.grpc.internal.ManagedChannelOrphanWrapper.<init>(ManagedChannelOrphanWrapper.java:53)
	at org.apache.ratis.thirdparty.io.grpc.internal.ManagedChannelOrphanWrapper.<init>(ManagedChannelOrphanWrapper.java:44)
	at org.apache.ratis.thirdparty.io.grpc.internal.ManagedChannelImplBuilder.build(ManagedChannelImplBuilder.java:630)
	at org.apache.ratis.thirdparty.io.grpc.internal.AbstractManagedChannelImplBuilder.build(AbstractManagedChannelImplBuilder.java:297)
	at org.apache.hadoop.hdds.scm.XceiverClientGrpc.connectToDatanode(XceiverClientGrpc.java:188)
	at org.apache.hadoop.hdds.scm.XceiverClientGrpc.reconnect(XceiverClientGrpc.java:584)
	at org.apache.hadoop.hdds.scm.XceiverClientGrpc.checkOpen(XceiverClientGrpc.java:575)
	at org.apache.hadoop.hdds.scm.XceiverClientGrpc.sendCommandAsync(XceiverClientGrpc.java:505)
	at org.apache.hadoop.hdds.scm.XceiverClientGrpc.sendCommandWithRetry(XceiverClientGrpc.java:407)
	at org.apache.hadoop.hdds.scm.XceiverClientGrpc.lambda$sendCommandWithTraceIDAndRetry$0(XceiverClientGrpc.java:349)
	at org.apache.hadoop.hdds.tracing.TracingUtil.executeInSpan(TracingUtil.java:177)
	at org.apache.hadoop.hdds.tracing.TracingUtil.executeInNewSpan(TracingUtil.java:151)
	at org.apache.hadoop.hdds.scm.XceiverClientGrpc.sendCommandWithTraceIDAndRetry(XceiverClientGrpc.java:343)
	at org.apache.hadoop.hdds.scm.XceiverClientGrpc.sendCommand(XceiverClientGrpc.java:324)
	at org.apache.hadoop.hdds.scm.storage.ContainerProtocolCalls.getBlock(ContainerProtocolCalls.java:152)
	at org.apache.hadoop.hdds.scm.storage.BlockInputStream.getChunkInfos(BlockInputStream.java:247)
	at org.apache.hadoop.hdds.scm.storage.BlockInputStream.initialize(BlockInputStream.java:144)
	at org.apache.hadoop.hdds.scm.storage.BlockInputStream.readWithStrategy(BlockInputStream.java:283)
	at org.apache.hadoop.hdds.scm.storage.ExtendedInputStream.read(ExtendedInputStream.java:54)
	at org.apache.hadoop.hdds.scm.storage.ByteArrayReader.readFromBlock(ByteArrayReader.java:57)
	at org.apache.hadoop.hdds.scm.storage.MultipartInputStream.readWithStrategy(MultipartInputStream.java:96)
	at org.apache.hadoop.hdds.scm.storage.ExtendedInputStream.read(ExtendedInputStream.java:54)
	at org.apache.hadoop.ozone.client.io.OzoneInputStream.read(OzoneInputStream.java:56)
	at org.apache.hadoop.fs.ozone.TestOzoneFSWithObjectStoreCreate.createKey(TestOzoneFSWithObjectStoreCreate.java:443)
	at org.apache.hadoop.fs.ozone.TestOzoneFSWithObjectStoreCreate.testListKeysWithNotNormalizedPath(TestOzoneFSWithObjectStoreCreate.java:384)
	at sun.reflect.NativeMethodAccessorImpl.invoke0(Native Method)
	at sun.reflect.NativeMethodAccessorImpl.invoke(NativeMethodAccessorImpl.java:62)
	at sun.reflect.DelegatingMethodAccessorImpl.invoke(DelegatingMethodAccessorImpl.java:43)
	at java.lang.reflect.Method.invoke(Method.java:498)
	at org.junit.runners.model.FrameworkMethod$1.runReflectiveCall(FrameworkMethod.java:59)
	at org.junit.internal.runners.model.ReflectiveCallable.run(ReflectiveCallable.java:12)
	at org.junit.runners.model.FrameworkMethod.invokeExplosively(FrameworkMethod.java:56)
	at org.junit.internal.runners.statements.InvokeMethod.evaluate(InvokeMethod.java:17)
	at org.junit.internal.runners.statements.RunBefores.evaluate(RunBefores.java:26)
	at org.junit.internal.runners.statements.RunAfters.evaluate(RunAfters.java:27)
	at org.junit.internal.runners.statements.FailOnTimeout$CallableStatement.call(FailOnTimeout.java:288)
	at org.junit.internal.runners.statements.FailOnTimeout$CallableStatement.call(FailOnTimeout.java:282)
	at java.util.concurrent.FutureTask.run(FutureTask.java:266)
	at java.lang.Thread.run(Thread.java:750)

Dec 15, 2022 7:42:39 AM org.apache.ratis.thirdparty.io.grpc.internal.ManagedChannelOrphanWrapper$ManagedChannelReference cleanQueue
SEVERE: *~*~*~ Channel ManagedChannelImpl{logId=134, target=10.1.0.16:44249} was not shutdown properly!!! ~*~*~*
    Make sure to call shutdown()/shutdownNow() and wait until awaitTermination() returns true.
java.lang.RuntimeException: ManagedChannel allocation site
	at org.apache.ratis.thirdparty.io.grpc.internal.ManagedChannelOrphanWrapper$ManagedChannelReference.<init>(ManagedChannelOrphanWrapper.java:93)
	at org.apache.ratis.thirdparty.io.grpc.internal.ManagedChannelOrphanWrapper.<init>(ManagedChannelOrphanWrapper.java:53)
	at org.apache.ratis.thirdparty.io.grpc.internal.ManagedChannelOrphanWrapper.<init>(ManagedChannelOrphanWrapper.java:44)
	at org.apache.ratis.thirdparty.io.grpc.internal.ManagedChannelImplBuilder.build(ManagedChannelImplBuilder.java:630)
	at org.apache.ratis.thirdparty.io.grpc.internal.AbstractManagedChannelImplBuilder.build(AbstractManagedChannelImplBuilder.java:297)
	at org.apache.hadoop.hdds.scm.XceiverClientGrpc.connectToDatanode(XceiverClientGrpc.java:188)
	at org.apache.hadoop.hdds.scm.XceiverClientGrpc.reconnect(XceiverClientGrpc.java:584)
	at org.apache.hadoop.hdds.scm.XceiverClientGrpc.checkOpen(XceiverClientGrpc.java:575)
	at org.apache.hadoop.hdds.scm.XceiverClientGrpc.sendCommandAsync(XceiverClientGrpc.java:505)
	at org.apache.hadoop.hdds.scm.XceiverClientGrpc.sendCommandWithRetry(XceiverClientGrpc.java:407)
	at org.apache.hadoop.hdds.scm.XceiverClientGrpc.lambda$sendCommandWithTraceIDAndRetry$0(XceiverClientGrpc.java:349)
	at org.apache.hadoop.hdds.tracing.TracingUtil.executeInSpan(TracingUtil.java:177)
	at org.apache.hadoop.hdds.tracing.TracingUtil.executeInNewSpan(TracingUtil.java:151)
	at org.apache.hadoop.hdds.scm.XceiverClientGrpc.sendCommandWithTraceIDAndRetry(XceiverClientGrpc.java:343)
	at org.apache.hadoop.hdds.scm.XceiverClientGrpc.sendCommand(XceiverClientGrpc.java:324)
	at org.apache.hadoop.hdds.scm.storage.ContainerProtocolCalls.getBlock(ContainerProtocolCalls.java:152)
	at org.apache.hadoop.hdds.scm.storage.BlockInputStream.getChunkInfos(BlockInputStream.java:247)
	at org.apache.hadoop.hdds.scm.storage.BlockInputStream.initialize(BlockInputStream.java:144)
	at org.apache.hadoop.hdds.scm.storage.BlockInputStream.readWithStrategy(BlockInputStream.java:283)
	at org.apache.hadoop.hdds.scm.storage.ExtendedInputStream.read(ExtendedInputStream.java:54)
	at org.apache.hadoop.hdds.scm.storage.ByteArrayReader.readFromBlock(ByteArrayReader.java:57)
	at org.apache.hadoop.hdds.scm.storage.MultipartInputStream.readWithStrategy(MultipartInputStream.java:96)
	at org.apache.hadoop.hdds.scm.storage.ExtendedInputStream.read(ExtendedInputStream.java:54)
	at org.apache.hadoop.fs.ozone.OzoneFSInputStream.read(OzoneFSInputStream.java:64)
	at java.io.DataInputStream.read(DataInputStream.java:149)
	at org.apache.hadoop.fs.ozone.TestOzoneFSWithObjectStoreCreate.createKey(TestOzoneFSWithObjectStoreCreate.java:452)
	at org.apache.hadoop.fs.ozone.TestOzoneFSWithObjectStoreCreate.testListKeysWithNotNormalizedPath(TestOzoneFSWithObjectStoreCreate.java:382)
	at sun.reflect.NativeMethodAccessorImpl.invoke0(Native Method)
	at sun.reflect.NativeMethodAccessorImpl.invoke(NativeMethodAccessorImpl.java:62)
	at sun.reflect.DelegatingMethodAccessorImpl.invoke(DelegatingMethodAccessorImpl.java:43)
	at java.lang.reflect.Method.invoke(Method.java:498)
	at org.junit.runners.model.FrameworkMethod$1.runReflectiveCall(FrameworkMethod.java:59)
	at org.junit.internal.runners.model.ReflectiveCallable.run(ReflectiveCallable.java:12)
	at org.junit.runners.model.FrameworkMethod.invokeExplosively(FrameworkMethod.java:56)
	at org.junit.internal.runners.statements.InvokeMethod.evaluate(InvokeMethod.java:17)
	at org.junit.internal.runners.statements.RunBefores.evaluate(RunBefores.java:26)
	at org.junit.internal.runners.statements.RunAfters.evaluate(RunAfters.java:27)
	at org.junit.internal.runners.statements.FailOnTimeout$CallableStatement.call(FailOnTimeout.java:288)
	at org.junit.internal.runners.statements.FailOnTimeout$CallableStatement.call(FailOnTimeout.java:282)
	at java.util.concurrent.FutureTask.run(FutureTask.java:266)
	at java.lang.Thread.run(Thread.java:750)

Dec 15, 2022 7:42:39 AM org.apache.ratis.thirdparty.io.grpc.internal.ManagedChannelOrphanWrapper$ManagedChannelReference cleanQueue
SEVERE: *~*~*~ Channel ManagedChannelImpl{logId=132, target=10.1.0.16:33937} was not shutdown properly!!! ~*~*~*
    Make sure to call shutdown()/shutdownNow() and wait until awaitTermination() returns true.
java.lang.RuntimeException: ManagedChannel allocation site
	at org.apache.ratis.thirdparty.io.grpc.internal.ManagedChannelOrphanWrapper$ManagedChannelReference.<init>(ManagedChannelOrphanWrapper.java:93)
	at org.apache.ratis.thirdparty.io.grpc.internal.ManagedChannelOrphanWrapper.<init>(ManagedChannelOrphanWrapper.java:53)
	at org.apache.ratis.thirdparty.io.grpc.internal.ManagedChannelOrphanWrapper.<init>(ManagedChannelOrphanWrapper.java:44)
	at org.apache.ratis.thirdparty.io.grpc.internal.ManagedChannelImplBuilder.build(ManagedChannelImplBuilder.java:630)
	at org.apache.ratis.thirdparty.io.grpc.internal.AbstractManagedChannelImplBuilder.build(AbstractManagedChannelImplBuilder.java:297)
	at org.apache.hadoop.hdds.scm.XceiverClientGrpc.connectToDatanode(XceiverClientGrpc.java:188)
	at org.apache.hadoop.hdds.scm.XceiverClientGrpc.connect(XceiverClientGrpc.java:158)
	at org.apache.hadoop.hdds.scm.XceiverClientManager$2.call(XceiverClientManager.java:243)
	at org.apache.hadoop.hdds.scm.XceiverClientManager$2.call(XceiverClientManager.java:224)
	at com.google.common.cache.LocalCache$LocalManualCache$1.load(LocalCache.java:4868)
	at com.google.common.cache.LocalCache$LoadingValueReference.loadFuture(LocalCache.java:3533)
	at com.google.common.cache.LocalCache$Segment.loadSync(LocalCache.java:2282)
	at com.google.common.cache.LocalCache$Segment.lockedGetOrLoad(LocalCache.java:2159)
	at com.google.common.cache.LocalCache$Segment.get(LocalCache.java:2049)
	at com.google.common.cache.LocalCache.get(LocalCache.java:3966)
	at com.google.common.cache.LocalCache$LocalManualCache.get(LocalCache.java:4863)
	at org.apache.hadoop.hdds.scm.XceiverClientManager.getClient(XceiverClientManager.java:224)
	at org.apache.hadoop.hdds.scm.XceiverClientManager.acquireClient(XceiverClientManager.java:168)
	at org.apache.hadoop.hdds.scm.XceiverClientManager.acquireClientForReadData(XceiverClientManager.java:157)
	at org.apache.hadoop.hdds.scm.storage.BlockInputStream.acquireClient(BlockInputStream.java:261)
	at org.apache.hadoop.hdds.scm.storage.BlockInputStream.getChunkInfos(BlockInputStream.java:228)
	at org.apache.hadoop.hdds.scm.storage.BlockInputStream.initialize(BlockInputStream.java:144)
	at org.apache.hadoop.hdds.scm.storage.BlockInputStream.readWithStrategy(BlockInputStream.java:283)
	at org.apache.hadoop.hdds.scm.storage.ExtendedInputStream.read(ExtendedInputStream.java:54)
	at org.apache.hadoop.hdds.scm.storage.ByteArrayReader.readFromBlock(ByteArrayReader.java:57)
	at org.apache.hadoop.hdds.scm.storage.MultipartInputStream.readWithStrategy(MultipartInputStream.java:96)
	at org.apache.hadoop.hdds.scm.storage.ExtendedInputStream.read(ExtendedInputStream.java:54)
	at org.apache.hadoop.fs.ozone.OzoneFSInputStream.read(OzoneFSInputStream.java:64)
	at java.io.DataInputStream.read(DataInputStream.java:149)
	at org.apache.hadoop.fs.ozone.TestOzoneFSWithObjectStoreCreate.createKey(TestOzoneFSWithObjectStoreCreate.java:452)
	at org.apache.hadoop.fs.ozone.TestOzoneFSWithObjectStoreCreate.testListKeysWithNotNormalizedPath(TestOzoneFSWithObjectStoreCreate.java:382)
	at sun.reflect.NativeMethodAccessorImpl.invoke0(Native Method)
	at sun.reflect.NativeMethodAccessorImpl.invoke(NativeMethodAccessorImpl.java:62)
	at sun.reflect.DelegatingMethodAccessorImpl.invoke(DelegatingMethodAccessorImpl.java:43)
	at java.lang.reflect.Method.invoke(Method.java:498)
	at org.junit.runners.model.FrameworkMethod$1.runReflectiveCall(FrameworkMethod.java:59)
	at org.junit.internal.runners.model.ReflectiveCallable.run(ReflectiveCallable.java:12)
	at org.junit.runners.model.FrameworkMethod.invokeExplosively(FrameworkMethod.java:56)
	at org.junit.internal.runners.statements.InvokeMethod.evaluate(InvokeMethod.java:17)
	at org.junit.internal.runners.statements.RunBefores.evaluate(RunBefores.java:26)
	at org.junit.internal.runners.statements.RunAfters.evaluate(RunAfters.java:27)
	at org.junit.internal.runners.statements.FailOnTimeout$CallableStatement.call(FailOnTimeout.java:288)
	at org.junit.internal.runners.statements.FailOnTimeout$CallableStatement.call(FailOnTimeout.java:282)
	at java.util.concurrent.FutureTask.run(FutureTask.java:266)
	at java.lang.Thread.run(Thread.java:750)

]]></system-err>
  </testcase>
</testsuite>