<?xml version="1.0" encoding="UTF-8"?>
<testsuite xmlns:xsi="http://www.w3.org/2001/XMLSchema-instance" xsi:noNamespaceSchemaLocation="https://maven.apache.org/surefire/maven-surefire-plugin/xsd/surefire-test-report.xsd" version="3.0.2" name="org.apache.hadoop.ozone.container.common.TestBlockDeletingService" time="21.983" tests="56" errors="1" skipped="4" failures="2">
  <properties>
    <property name="java.specification.version" value="21"/>
    <property name="sun.jnu.encoding" value="UTF-8"/>
    <property name="java.class.path" value="/home/runner/work/ozone/ozone/hadoop-hdds/container-service/target/test-classes:/home/runner/work/ozone/ozone/hadoop-hdds/container-service/target/classes:/home/runner/.m2/repository/com/fasterxml/jackson/core/jackson-annotations/2.16.2/jackson-annotations-2.16.2.jar:/home/runner/.m2/repository/com/fasterxml/jackson/core/jackson-databind/2.16.2/jackson-databind-2.16.2.jar:/home/runner/.m2/repository/com/fasterxml/jackson/core/jackson-core/2.16.2/jackson-core-2.16.2.jar:/home/runner/.m2/repository/com/github/luben/zstd-jni/1.5.7-1/zstd-jni-1.5.7-1.jar:/home/runner/.m2/repository/com/google/guava/guava/32.1.3-jre/guava-32.1.3-jre.jar:/home/runner/.m2/repository/com/google/guava/failureaccess/1.0.1/failureaccess-1.0.1.jar:/home/runner/.m2/repository/com/google/guava/listenablefuture/9999.0-empty-to-avoid-conflict-with-guava/listenablefuture-9999.0-empty-to-avoid-conflict-with-guava.jar:/home/runner/.m2/repository/org/checkerframework/checker-qual/3.37.0/checker-qual-3.37.0.jar:/home/runner/.m2/repository/com/google/errorprone/error_prone_annotations/2.29.2/error_prone_annotations-2.29.2.jar:/home/runner/.m2/repository/com/google/j2objc/j2objc-annotations/2.8/j2objc-annotations-2.8.jar:/home/runner/.m2/repository/com/google/protobuf/protobuf-java/2.5.0/protobuf-java-2.5.0.jar:/home/runner/.m2/repository/commons-codec/commons-codec/1.17.1/commons-codec-1.17.1.jar:/home/runner/.m2/repository/commons-collections/commons-collections/3.2.2/commons-collections-3.2.2.jar:/home/runner/.m2/repository/commons-io/commons-io/2.18.0/commons-io-2.18.0.jar:/home/runner/.m2/repository/info/picocli/picocli/4.7.5/picocli-4.7.5.jar:/home/runner/.m2/repository/io/dropwizard/metrics/metrics-core/3.2.6/metrics-core-3.2.6.jar:/home/runner/.m2/repository/io/netty/netty-buffer/4.1.109.Final/netty-buffer-4.1.109.Final.jar:/home/runner/.m2/repository/io/netty/netty-codec/4.1.109.Final/netty-codec-4.1.109.Final.jar:/home/runner/.m2/repository/io/netty/netty-common/4.1.109.Final/netty-common-4.1.109.Final.jar:/home/runner/.m2/repository/io/netty/netty-handler/4.1.109.Final/netty-handler-4.1.109.Final.jar:/home/runner/.m2/repository/io/netty/netty-resolver/4.1.109.Final/netty-resolver-4.1.109.Final.jar:/home/runner/.m2/repository/io/netty/netty-transport-native-unix-common/4.1.109.Final/netty-transport-native-unix-common-4.1.109.Final.jar:/home/runner/.m2/repository/io/netty/netty-transport/4.1.109.Final/netty-transport-4.1.109.Final.jar:/home/runner/.m2/repository/io/opentracing/opentracing-api/0.33.0/opentracing-api-0.33.0.jar:/home/runner/.m2/repository/io/opentracing/opentracing-util/0.33.0/opentracing-util-0.33.0.jar:/home/runner/.m2/repository/io/opentracing/opentracing-noop/0.33.0/opentracing-noop-0.33.0.jar:/home/runner/.m2/repository/jakarta/annotation/jakarta.annotation-api/2.1.1/jakarta.annotation-api-2.1.1.jar:/home/runner/.m2/repository/jakarta/xml/bind/jakarta.xml.bind-api/2.3.3/jakarta.xml.bind-api-2.3.3.jar:/home/runner/.m2/repository/jakarta/activation/jakarta.activation-api/1.2.2/jakarta.activation-api-1.2.2.jar:/home/runner/.m2/repository/org/apache/commons/commons-compress/1.27.1/commons-compress-1.27.1.jar:/home/runner/.m2/repository/org/apache/commons/commons-lang3/3.17.0/commons-lang3-3.17.0.jar:/home/runner/.m2/repository/org/apache/commons/commons-text/1.12.0/commons-text-1.12.0.jar:/home/runner/.m2/repository/org/apache/logging/log4j/log4j-api/2.24.2/log4j-api-2.24.2.jar:/home/runner/work/ozone/ozone/hadoop-hdds/client/target/hdds-client-2.0.0-SNAPSHOT.jar:/home/runner/work/ozone/ozone/hadoop-hdds/erasurecode/target/hdds-erasurecode-2.0.0-SNAPSHOT.jar:/home/runner/work/ozone/ozone/hadoop-hdds/common/target/hdds-common-2.0.0-SNAPSHOT.jar:/home/runner/.m2/repository/com/fasterxml/jackson/datatype/jackson-datatype-jsr310/2.16.2/jackson-datatype-jsr310-2.16.2.jar:/home/runner/.m2/repository/com/github/stephenc/jcip/jcip-annotations/1.0-1/jcip-annotations-1.0-1.jar:/home/runner/.m2/repository/commons-validator/commons-validator/1.6/commons-validator-1.6.jar:/home/runner/.m2/repository/commons-digester/commons-digester/1.8.1/commons-digester-1.8.1.jar:/home/runner/.m2/repository/io/grpc/grpc-api/1.58.0/grpc-api-1.58.0.jar:/home/runner/.m2/repository/io/jaegertracing/jaeger-client/1.8.1/jaeger-client-1.8.1.jar:/home/runner/.m2/repository/io/jaegertracing/jaeger-thrift/1.8.1/jaeger-thrift-1.8.1.jar:/home/runner/.m2/repository/org/apache/thrift/libthrift/0.15.0/libthrift-0.15.0.jar:/home/runner/.m2/repository/com/squareup/okhttp3/okhttp/4.12.0/okhttp-4.12.0.jar:/home/runner/.m2/repository/com/squareup/okio/okio/3.6.0/okio-3.6.0.jar:/home/runner/.m2/repository/com/squareup/okio/okio-jvm/3.6.0/okio-jvm-3.6.0.jar:/home/runner/.m2/repository/org/jetbrains/kotlin/kotlin-stdlib-common/1.9.25/kotlin-stdlib-common-1.9.25.jar:/home/runner/.m2/repository/org/jetbrains/kotlin/kotlin-stdlib-jdk8/1.9.25/kotlin-stdlib-jdk8-1.9.25.jar:/home/runner/.m2/repository/org/jetbrains/kotlin/kotlin-stdlib-jdk7/1.9.25/kotlin-stdlib-jdk7-1.9.25.jar:/home/runner/.m2/repository/io/jaegertracing/jaeger-tracerresolver/1.8.1/jaeger-tracerresolver-1.8.1.jar:/home/runner/.m2/repository/io/opentracing/contrib/opentracing-tracerresolver/0.1.8/opentracing-tracerresolver-0.1.8.jar:/home/runner/.m2/repository/io/jaegertracing/jaeger-core/1.8.1/jaeger-core-1.8.1.jar:/home/runner/.m2/repository/javax/annotation/javax.annotation-api/1.3.2/javax.annotation-api-1.3.2.jar:/home/runner/work/ozone/ozone/hadoop-hdds/annotations/target/hdds-annotation-processing-2.0.0-SNAPSHOT.jar:/home/runner/work/ozone/ozone/hadoop-hdds/hadoop-dependency-client/target/hdds-hadoop-dependency-client-2.0.0-SNAPSHOT.jar:/home/runner/.m2/repository/com/nimbusds/nimbus-jose-jwt/9.40/nimbus-jose-jwt-9.40.jar:/home/runner/.m2/repository/org/apache/hadoop/hadoop-common/3.4.1/hadoop-common-3.4.1.jar:/home/runner/.m2/repository/org/apache/hadoop/hadoop-hdfs-client/3.4.1/hadoop-hdfs-client-3.4.1.jar:/home/runner/work/ozone/ozone/hadoop-hdds/interface-admin/target/hdds-interface-admin-2.0.0-SNAPSHOT.jar:/home/runner/.m2/repository/org/apache/ratis/ratis-metrics-dropwizard3/3.1.2/ratis-metrics-dropwizard3-3.1.2.jar:/home/runner/.m2/repository/org/bouncycastle/bcpkix-jdk18on/1.80/bcpkix-jdk18on-1.80.jar:/home/runner/.m2/repository/org/bouncycastle/bcprov-jdk18on/1.80/bcprov-jdk18on-1.80.jar:/home/runner/.m2/repository/org/bouncycastle/bcutil-jdk18on/1.80/bcutil-jdk18on-1.80.jar:/home/runner/.m2/repository/org/jetbrains/kotlin/kotlin-stdlib/1.9.25/kotlin-stdlib-1.9.25.jar:/home/runner/.m2/repository/org/jetbrains/annotations/13.0/annotations-13.0.jar:/home/runner/.m2/repository/org/reflections/reflections/0.10.2/reflections-0.10.2.jar:/home/runner/.m2/repository/org/javassist/javassist/3.30.2-GA/javassist-3.30.2-GA.jar:/home/runner/.m2/repository/org/slf4j/slf4j-reload4j/2.0.17/slf4j-reload4j-2.0.17.jar:/home/runner/work/ozone/ozone/hadoop-hdds/config/target/hdds-config-2.0.0-SNAPSHOT.jar:/home/runner/work/ozone/ozone/hadoop-hdds/interface-client/target/hdds-interface-client-2.0.0-SNAPSHOT.jar:/home/runner/.m2/repository/org/apache/hadoop/thirdparty/hadoop-shaded-protobuf_3_25/1.3.0/hadoop-shaded-protobuf_3_25-1.3.0.jar:/home/runner/work/ozone/ozone/hadoop-hdds/interface-server/target/hdds-interface-server-2.0.0-SNAPSHOT.jar:/home/runner/work/ozone/ozone/hadoop-hdds/managed-rocksdb/target/hdds-managed-rocksdb-2.0.0-SNAPSHOT.jar:/home/runner/work/ozone/ozone/hadoop-hdds/framework/target/hdds-server-framework-2.0.0-SNAPSHOT.jar:/home/runner/.m2/repository/ch/qos/reload4j/reload4j/1.2.26/reload4j-1.2.26.jar:/home/runner/.m2/repository/com/github/jnr/jnr-constants/0.10.4/jnr-constants-0.10.4.jar:/home/runner/.m2/repository/com/github/jnr/jnr-posix/3.1.20/jnr-posix-3.1.20.jar:/home/runner/.m2/repository/com/github/jnr/jnr-ffi/2.2.17/jnr-ffi-2.2.17.jar:/home/runner/.m2/repository/com/github/jnr/jffi/1.3.13/jffi-1.3.13.jar:/home/runner/.m2/repository/com/github/jnr/jffi/1.3.13/jffi-1.3.13-native.jar:/home/runner/.m2/repository/org/ow2/asm/asm/9.7.1/asm-9.7.1.jar:/home/runner/.m2/repository/org/ow2/asm/asm-commons/9.7.1/asm-commons-9.7.1.jar:/home/runner/.m2/repository/org/ow2/asm/asm-analysis/9.7.1/asm-analysis-9.7.1.jar:/home/runner/.m2/repository/org/ow2/asm/asm-tree/9.7.1/asm-tree-9.7.1.jar:/home/runner/.m2/repository/org/ow2/asm/asm-util/9.7.1/asm-util-9.7.1.jar:/home/runner/.m2/repository/com/github/jnr/jnr-a64asm/1.0.0/jnr-a64asm-1.0.0.jar:/home/runner/.m2/repository/com/github/jnr/jnr-x86asm/1.0.2/jnr-x86asm-1.0.2.jar:/home/runner/.m2/repository/com/google/code/gson/gson/2.10.1/gson-2.10.1.jar:/home/runner/.m2/repository/commons-fileupload/commons-fileupload/1.5/commons-fileupload-1.5.jar:/home/runner/.m2/repository/commons-logging/commons-logging/1.2/commons-logging-1.2.jar:/home/runner/.m2/repository/io/prometheus/simpleclient/0.16.0/simpleclient-0.16.0.jar:/home/runner/.m2/repository/io/prometheus/simpleclient_common/0.16.0/simpleclient_common-0.16.0.jar:/home/runner/.m2/repository/io/prometheus/simpleclient_dropwizard/0.16.0/simpleclient_dropwizard-0.16.0.jar:/home/runner/.m2/repository/jakarta/ws/rs/jakarta.ws.rs-api/2.1.6/jakarta.ws.rs-api-2.1.6.jar:/home/runner/.m2/repository/javax/servlet/javax.servlet-api/3.1.0/javax.servlet-api-3.1.0.jar:/home/runner/.m2/repository/org/apache/commons/commons-configuration2/2.11.0/commons-configuration2-2.11.0.jar:/home/runner/.m2/repository/org/apache/logging/log4j/log4j-core/2.24.2/log4j-core-2.24.2.jar:/home/runner/work/ozone/ozone/hadoop-hdds/hadoop-dependency-server/target/hdds-hadoop-dependency-server-2.0.0-SNAPSHOT.jar:/home/runner/.m2/repository/org/apache/hadoop/hadoop-hdfs/3.4.1/hadoop-hdfs-3.4.1.jar:/home/runner/.m2/repository/commons-daemon/commons-daemon/1.4.0/commons-daemon-1.4.0.jar:/home/runner/.m2/repository/org/apache/kerby/kerb-util/1.0.1/kerb-util-1.0.1.jar:/home/runner/.m2/repository/org/apache/kerby/kerby-config/1.0.1/kerby-config-1.0.1.jar:/home/runner/.m2/repository/org/apache/kerby/kerb-crypto/1.0.1/kerb-crypto-1.0.1.jar:/home/runner/work/ozone/ozone/hadoop-hdds/rocksdb-checkpoint-differ/target/rocksdb-checkpoint-differ-2.0.0-SNAPSHOT.jar:/home/runner/.m2/repository/com/github/vlsi/mxgraph/jgraphx/3.9.12/jgraphx-3.9.12.jar:/home/runner/work/ozone/ozone/hadoop-hdds/rocks-native/target/hdds-rocks-native-2.0.0-SNAPSHOT.jar:/home/runner/.m2/repository/org/jgrapht/jgrapht-core/1.4.0/jgrapht-core-1.4.0.jar:/home/runner/.m2/repository/org/jheaps/jheaps/0.11/jheaps-0.11.jar:/home/runner/.m2/repository/org/jgrapht/jgrapht-ext/1.4.0/jgrapht-ext-1.4.0.jar:/home/runner/.m2/repository/org/apache/ratis/ratis-metrics-api/3.1.2/ratis-metrics-api-3.1.2.jar:/home/runner/.m2/repository/org/eclipse/jetty/jetty-http/9.4.57.v20241219/jetty-http-9.4.57.v20241219.jar:/home/runner/.m2/repository/org/eclipse/jetty/jetty-io/9.4.57.v20241219/jetty-io-9.4.57.v20241219.jar:/home/runner/.m2/repository/org/eclipse/jetty/jetty-server/9.4.57.v20241219/jetty-server-9.4.57.v20241219.jar:/home/runner/.m2/repository/org/eclipse/jetty/jetty-servlet/9.4.57.v20241219/jetty-servlet-9.4.57.v20241219.jar:/home/runner/.m2/repository/org/eclipse/jetty/jetty-security/9.4.57.v20241219/jetty-security-9.4.57.v20241219.jar:/home/runner/.m2/repository/org/eclipse/jetty/jetty-util-ajax/9.4.57.v20241219/jetty-util-ajax-9.4.57.v20241219.jar:/home/runner/.m2/repository/org/eclipse/jetty/jetty-util/9.4.57.v20241219/jetty-util-9.4.57.v20241219.jar:/home/runner/.m2/repository/org/eclipse/jetty/jetty-webapp/9.4.57.v20241219/jetty-webapp-9.4.57.v20241219.jar:/home/runner/.m2/repository/org/eclipse/jetty/jetty-xml/9.4.57.v20241219/jetty-xml-9.4.57.v20241219.jar:/home/runner/.m2/repository/org/glassfish/jersey/containers/jersey-container-servlet-core/2.46/jersey-container-servlet-core-2.46.jar:/home/runner/.m2/repository/org/glassfish/hk2/external/jakarta.inject/2.6.1/jakarta.inject-2.6.1.jar:/home/runner/.m2/repository/org/glassfish/jersey/core/jersey-common/2.46/jersey-common-2.46.jar:/home/runner/.m2/repository/org/glassfish/hk2/osgi-resource-locator/1.0.3/osgi-resource-locator-1.0.3.jar:/home/runner/.m2/repository/org/glassfish/jersey/core/jersey-server/2.46/jersey-server-2.46.jar:/home/runner/.m2/repository/org/glassfish/jersey/core/jersey-client/2.46/jersey-client-2.46.jar:/home/runner/.m2/repository/jakarta/validation/jakarta.validation-api/2.0.2/jakarta.validation-api-2.0.2.jar:/home/runner/.m2/repository/com/lmax/disruptor/3.4.4/disruptor-3.4.4.jar:/home/runner/.m2/repository/org/apache/ratis/ratis-client/3.1.2/ratis-client-3.1.2.jar:/home/runner/.m2/repository/org/apache/ratis/ratis-common/3.1.2/ratis-common-3.1.2.jar:/home/runner/.m2/repository/org/apache/ratis/ratis-grpc/3.1.2/ratis-grpc-3.1.2.jar:/home/runner/.m2/repository/org/apache/ratis/ratis-netty/3.1.2/ratis-netty-3.1.2.jar:/home/runner/.m2/repository/org/apache/ratis/ratis-proto/3.1.2/ratis-proto-3.1.2.jar:/home/runner/.m2/repository/org/apache/ratis/ratis-server/3.1.2/ratis-server-3.1.2.jar:/home/runner/.m2/repository/org/apache/ratis/ratis-server-api/3.1.2/ratis-server-api-3.1.2.jar:/home/runner/.m2/repository/org/apache/ratis/ratis-thirdparty-misc/1.0.6/ratis-thirdparty-misc-1.0.6.jar:/home/runner/.m2/repository/org/glassfish/jaxb/jaxb-runtime/2.3.9/jaxb-runtime-2.3.9.jar:/home/runner/.m2/repository/org/glassfish/jaxb/txw2/2.3.9/txw2-2.3.9.jar:/home/runner/.m2/repository/com/sun/istack/istack-commons-runtime/3.0.12/istack-commons-runtime-3.0.12.jar:/home/runner/.m2/repository/com/sun/activation/jakarta.activation/1.2.2/jakarta.activation-1.2.2.jar:/home/runner/.m2/repository/org/rocksdb/rocksdbjni/7.7.3/rocksdbjni-7.7.3.jar:/home/runner/.m2/repository/org/slf4j/slf4j-api/2.0.17/slf4j-api-2.0.17.jar:/home/runner/.m2/repository/org/yaml/snakeyaml/2.0/snakeyaml-2.0.jar:/home/runner/work/ozone/ozone/hadoop-hdds/docs/target/hdds-docs-2.0.0-SNAPSHOT.jar:/home/runner/.m2/repository/org/apache/hadoop/hadoop-common/3.4.1/hadoop-common-3.4.1-tests.jar:/home/runner/.m2/repository/org/apache/hadoop/hadoop-annotations/3.4.1/hadoop-annotations-3.4.1.jar:/home/runner/.m2/repository/org/apache/hadoop/thirdparty/hadoop-shaded-guava/1.3.0/hadoop-shaded-guava-1.3.0.jar:/home/runner/.m2/repository/commons-cli/commons-cli/1.8.0/commons-cli-1.8.0.jar:/home/runner/.m2/repository/org/apache/commons/commons-math3/3.6.1/commons-math3-3.6.1.jar:/home/runner/.m2/repository/org/apache/httpcomponents/httpclient/4.5.14/httpclient-4.5.14.jar:/home/runner/.m2/repository/org/apache/httpcomponents/httpcore/4.4.16/httpcore-4.4.16.jar:/home/runner/.m2/repository/commons-net/commons-net/3.11.1/commons-net-3.11.1.jar:/home/runner/.m2/repository/javax/servlet/jsp/jsp-api/2.1/jsp-api-2.1.jar:/home/runner/.m2/repository/com/sun/jersey/jersey-core/1.19.4/jersey-core-1.19.4.jar:/home/runner/.m2/repository/javax/ws/rs/jsr311-api/1.1.1/jsr311-api-1.1.1.jar:/home/runner/.m2/repository/com/sun/jersey/jersey-servlet/1.19.4/jersey-servlet-1.19.4.jar:/home/runner/.m2/repository/com/github/pjfanning/jersey-json/1.22.0/jersey-json-1.22.0.jar:/home/runner/.m2/repository/com/sun/xml/bind/jaxb-impl/2.2.3-1/jaxb-impl-2.2.3-1.jar:/home/runner/.m2/repository/javax/xml/bind/jaxb-api/2.2.2/jaxb-api-2.2.2.jar:/home/runner/.m2/repository/javax/xml/stream/stax-api/1.0-2/stax-api-1.0-2.jar:/home/runner/.m2/repository/javax/activation/activation/1.1/activation-1.1.jar:/home/runner/.m2/repository/org/codehaus/jettison/jettison/1.5.4/jettison-1.5.4.jar:/home/runner/.m2/repository/com/sun/jersey/jersey-server/1.19.4/jersey-server-1.19.4.jar:/home/runner/.m2/repository/commons-beanutils/commons-beanutils/1.9.4/commons-beanutils-1.9.4.jar:/home/runner/.m2/repository/org/apache/avro/avro/1.9.2/avro-1.9.2.jar:/home/runner/.m2/repository/com/google/re2j/re2j/1.7/re2j-1.7.jar:/home/runner/.m2/repository/org/apache/hadoop/hadoop-auth/3.4.1/hadoop-auth-3.4.1.jar:/home/runner/.m2/repository/org/apache/curator/curator-framework/4.2.0/curator-framework-4.2.0.jar:/home/runner/.m2/repository/com/jcraft/jsch/0.1.55/jsch-0.1.55.jar:/home/runner/.m2/repository/org/apache/curator/curator-client/4.2.0/curator-client-4.2.0.jar:/home/runner/.m2/repository/org/apache/curator/curator-recipes/5.2.0/curator-recipes-5.2.0.jar:/home/runner/.m2/repository/com/google/code/findbugs/jsr305/3.0.2/jsr305-3.0.2.jar:/home/runner/.m2/repository/org/apache/zookeeper/zookeeper/3.8.4/zookeeper-3.8.4.jar:/home/runner/.m2/repository/org/apache/zookeeper/zookeeper-jute/3.8.4/zookeeper-jute-3.8.4.jar:/home/runner/.m2/repository/org/apache/yetus/audience-annotations/0.12.0/audience-annotations-0.12.0.jar:/home/runner/.m2/repository/io/netty/netty-transport-native-epoll/4.1.109.Final/netty-transport-native-epoll-4.1.109.Final.jar:/home/runner/.m2/repository/io/netty/netty-transport-classes-epoll/4.1.109.Final/netty-transport-classes-epoll-4.1.109.Final.jar:/home/runner/.m2/repository/org/apache/kerby/kerb-core/1.0.1/kerb-core-1.0.1.jar:/home/runner/.m2/repository/org/apache/kerby/kerby-pkix/1.0.1/kerby-pkix-1.0.1.jar:/home/runner/.m2/repository/org/apache/kerby/kerby-asn1/1.0.1/kerby-asn1-1.0.1.jar:/home/runner/.m2/repository/org/apache/kerby/kerby-util/1.0.1/kerby-util-1.0.1.jar:/home/runner/.m2/repository/org/codehaus/woodstox/stax2-api/4.2.2/stax2-api-4.2.2.jar:/home/runner/.m2/repository/com/fasterxml/woodstox/woodstox-core/5.4.0/woodstox-core-5.4.0.jar:/home/runner/.m2/repository/dnsjava/dnsjava/3.6.1/dnsjava-3.6.1.jar:/home/runner/.m2/repository/org/xerial/snappy/snappy-java/1.1.10.7/snappy-java-1.1.10.7.jar:/home/runner/work/ozone/ozone/hadoop-hdds/common/target/hdds-common-2.0.0-SNAPSHOT-tests.jar:/home/runner/work/ozone/ozone/hadoop-hdds/framework/target/hdds-server-framework-2.0.0-SNAPSHOT-tests.jar:/home/runner/work/ozone/ozone/hadoop-hdds/test-utils/target/hdds-test-utils-2.0.0-SNAPSHOT-tests.jar:/home/runner/.m2/repository/org/assertj/assertj-core/3.27.3/assertj-core-3.27.3.jar:/home/runner/.m2/repository/net/bytebuddy/byte-buddy/1.15.11/byte-buddy-1.15.11.jar:/home/runner/.m2/repository/org/junit/jupiter/junit-jupiter-api/5.12.0/junit-jupiter-api-5.12.0.jar:/home/runner/.m2/repository/org/opentest4j/opentest4j/1.3.0/opentest4j-1.3.0.jar:/home/runner/.m2/repository/org/junit/platform/junit-platform-commons/1.12.0/junit-platform-commons-1.12.0.jar:/home/runner/.m2/repository/org/apiguardian/apiguardian-api/1.1.2/apiguardian-api-1.1.2.jar:/home/runner/.m2/repository/org/junit/jupiter/junit-jupiter-params/5.12.0/junit-jupiter-params-5.12.0.jar:/home/runner/.m2/repository/org/mockito/mockito-core/4.11.0/mockito-core-4.11.0.jar:/home/runner/.m2/repository/net/bytebuddy/byte-buddy-agent/1.12.19/byte-buddy-agent-1.12.19.jar:/home/runner/.m2/repository/org/objenesis/objenesis/3.3/objenesis-3.3.jar:/home/runner/.m2/repository/org/mockito/mockito-inline/4.11.0/mockito-inline-4.11.0.jar:/home/runner/.m2/repository/org/mockito/mockito-junit-jupiter/4.11.0/mockito-junit-jupiter-4.11.0.jar:/home/runner/work/ozone/ozone/hadoop-hdds/container-service/target/gradle-enterprise/test-listeners.jar:"/>
    <property name="java.vm.vendor" value="Eclipse Adoptium"/>
    <property name="sun.arch.data.model" value="64"/>
    <property name="test.build.dir" value="/home/runner/work/ozone/ozone/hadoop-hdds/container-service/target/test-dir"/>
    <property name="test.cache.data" value=""/>
    <property name="java.vendor.url" value="https://adoptium.net/"/>
    <property name="user.timezone" value="Etc/UTC"/>
    <property name="maven-surefire-plugin.argLineAccessArgs" value=" --add-opens java.management/com.sun.jmx.mbeanserver=ALL-UNNAMED --add-exports java.management/com.sun.jmx.mbeanserver=ALL-UNNAMED --add-opens java.base/java.nio=ALL-UNNAMED --add-opens java.base/java.lang=ALL-UNNAMED --add-opens java.base/java.lang.reflect=ALL-UNNAMED"/>
    <property name="os.name" value="Linux"/>
    <property name="java.vm.specification.version" value="21"/>
    <property name="test.build.data" value="/home/runner/work/ozone/ozone/hadoop-hdds/container-service/target/test-dir"/>
    <property name="sun.java.launcher" value="SUN_STANDARD"/>
    <property name="sun.boot.library.path" value="/usr/lib/jvm/temurin-21-jdk-amd64/lib"/>
    <property name="sun.java.command" value="/home/runner/work/ozone/ozone/hadoop-hdds/container-service/target/surefire/surefirebooter-20250305125307534_930.jar /home/runner/work/ozone/ozone/hadoop-hdds/container-service/target/surefire 2025-03-05T12-52-07_655-jvmRun1 surefire-20250305125307534_928tmp surefire_42-20250305125307534_929tmp"/>
    <property name="jdk.debug" value="release"/>
    <property name="native.lib.tmp.dir" value="/tmp"/>
    <property name="surefire.test.class.path" value="/home/runner/work/ozone/ozone/hadoop-hdds/container-service/target/test-classes:/home/runner/work/ozone/ozone/hadoop-hdds/container-service/target/classes:/home/runner/.m2/repository/com/fasterxml/jackson/core/jackson-annotations/2.16.2/jackson-annotations-2.16.2.jar:/home/runner/.m2/repository/com/fasterxml/jackson/core/jackson-databind/2.16.2/jackson-databind-2.16.2.jar:/home/runner/.m2/repository/com/fasterxml/jackson/core/jackson-core/2.16.2/jackson-core-2.16.2.jar:/home/runner/.m2/repository/com/github/luben/zstd-jni/1.5.7-1/zstd-jni-1.5.7-1.jar:/home/runner/.m2/repository/com/google/guava/guava/32.1.3-jre/guava-32.1.3-jre.jar:/home/runner/.m2/repository/com/google/guava/failureaccess/1.0.1/failureaccess-1.0.1.jar:/home/runner/.m2/repository/com/google/guava/listenablefuture/9999.0-empty-to-avoid-conflict-with-guava/listenablefuture-9999.0-empty-to-avoid-conflict-with-guava.jar:/home/runner/.m2/repository/org/checkerframework/checker-qual/3.37.0/checker-qual-3.37.0.jar:/home/runner/.m2/repository/com/google/errorprone/error_prone_annotations/2.29.2/error_prone_annotations-2.29.2.jar:/home/runner/.m2/repository/com/google/j2objc/j2objc-annotations/2.8/j2objc-annotations-2.8.jar:/home/runner/.m2/repository/com/google/protobuf/protobuf-java/2.5.0/protobuf-java-2.5.0.jar:/home/runner/.m2/repository/commons-codec/commons-codec/1.17.1/commons-codec-1.17.1.jar:/home/runner/.m2/repository/commons-collections/commons-collections/3.2.2/commons-collections-3.2.2.jar:/home/runner/.m2/repository/commons-io/commons-io/2.18.0/commons-io-2.18.0.jar:/home/runner/.m2/repository/info/picocli/picocli/4.7.5/picocli-4.7.5.jar:/home/runner/.m2/repository/io/dropwizard/metrics/metrics-core/3.2.6/metrics-core-3.2.6.jar:/home/runner/.m2/repository/io/netty/netty-buffer/4.1.109.Final/netty-buffer-4.1.109.Final.jar:/home/runner/.m2/repository/io/netty/netty-codec/4.1.109.Final/netty-codec-4.1.109.Final.jar:/home/runner/.m2/repository/io/netty/netty-common/4.1.109.Final/netty-common-4.1.109.Final.jar:/home/runner/.m2/repository/io/netty/netty-handler/4.1.109.Final/netty-handler-4.1.109.Final.jar:/home/runner/.m2/repository/io/netty/netty-resolver/4.1.109.Final/netty-resolver-4.1.109.Final.jar:/home/runner/.m2/repository/io/netty/netty-transport-native-unix-common/4.1.109.Final/netty-transport-native-unix-common-4.1.109.Final.jar:/home/runner/.m2/repository/io/netty/netty-transport/4.1.109.Final/netty-transport-4.1.109.Final.jar:/home/runner/.m2/repository/io/opentracing/opentracing-api/0.33.0/opentracing-api-0.33.0.jar:/home/runner/.m2/repository/io/opentracing/opentracing-util/0.33.0/opentracing-util-0.33.0.jar:/home/runner/.m2/repository/io/opentracing/opentracing-noop/0.33.0/opentracing-noop-0.33.0.jar:/home/runner/.m2/repository/jakarta/annotation/jakarta.annotation-api/2.1.1/jakarta.annotation-api-2.1.1.jar:/home/runner/.m2/repository/jakarta/xml/bind/jakarta.xml.bind-api/2.3.3/jakarta.xml.bind-api-2.3.3.jar:/home/runner/.m2/repository/jakarta/activation/jakarta.activation-api/1.2.2/jakarta.activation-api-1.2.2.jar:/home/runner/.m2/repository/org/apache/commons/commons-compress/1.27.1/commons-compress-1.27.1.jar:/home/runner/.m2/repository/org/apache/commons/commons-lang3/3.17.0/commons-lang3-3.17.0.jar:/home/runner/.m2/repository/org/apache/commons/commons-text/1.12.0/commons-text-1.12.0.jar:/home/runner/.m2/repository/org/apache/logging/log4j/log4j-api/2.24.2/log4j-api-2.24.2.jar:/home/runner/work/ozone/ozone/hadoop-hdds/client/target/hdds-client-2.0.0-SNAPSHOT.jar:/home/runner/work/ozone/ozone/hadoop-hdds/erasurecode/target/hdds-erasurecode-2.0.0-SNAPSHOT.jar:/home/runner/work/ozone/ozone/hadoop-hdds/common/target/hdds-common-2.0.0-SNAPSHOT.jar:/home/runner/.m2/repository/com/fasterxml/jackson/datatype/jackson-datatype-jsr310/2.16.2/jackson-datatype-jsr310-2.16.2.jar:/home/runner/.m2/repository/com/github/stephenc/jcip/jcip-annotations/1.0-1/jcip-annotations-1.0-1.jar:/home/runner/.m2/repository/commons-validator/commons-validator/1.6/commons-validator-1.6.jar:/home/runner/.m2/repository/commons-digester/commons-digester/1.8.1/commons-digester-1.8.1.jar:/home/runner/.m2/repository/io/grpc/grpc-api/1.58.0/grpc-api-1.58.0.jar:/home/runner/.m2/repository/io/jaegertracing/jaeger-client/1.8.1/jaeger-client-1.8.1.jar:/home/runner/.m2/repository/io/jaegertracing/jaeger-thrift/1.8.1/jaeger-thrift-1.8.1.jar:/home/runner/.m2/repository/org/apache/thrift/libthrift/0.15.0/libthrift-0.15.0.jar:/home/runner/.m2/repository/com/squareup/okhttp3/okhttp/4.12.0/okhttp-4.12.0.jar:/home/runner/.m2/repository/com/squareup/okio/okio/3.6.0/okio-3.6.0.jar:/home/runner/.m2/repository/com/squareup/okio/okio-jvm/3.6.0/okio-jvm-3.6.0.jar:/home/runner/.m2/repository/org/jetbrains/kotlin/kotlin-stdlib-common/1.9.25/kotlin-stdlib-common-1.9.25.jar:/home/runner/.m2/repository/org/jetbrains/kotlin/kotlin-stdlib-jdk8/1.9.25/kotlin-stdlib-jdk8-1.9.25.jar:/home/runner/.m2/repository/org/jetbrains/kotlin/kotlin-stdlib-jdk7/1.9.25/kotlin-stdlib-jdk7-1.9.25.jar:/home/runner/.m2/repository/io/jaegertracing/jaeger-tracerresolver/1.8.1/jaeger-tracerresolver-1.8.1.jar:/home/runner/.m2/repository/io/opentracing/contrib/opentracing-tracerresolver/0.1.8/opentracing-tracerresolver-0.1.8.jar:/home/runner/.m2/repository/io/jaegertracing/jaeger-core/1.8.1/jaeger-core-1.8.1.jar:/home/runner/.m2/repository/javax/annotation/javax.annotation-api/1.3.2/javax.annotation-api-1.3.2.jar:/home/runner/work/ozone/ozone/hadoop-hdds/annotations/target/hdds-annotation-processing-2.0.0-SNAPSHOT.jar:/home/runner/work/ozone/ozone/hadoop-hdds/hadoop-dependency-client/target/hdds-hadoop-dependency-client-2.0.0-SNAPSHOT.jar:/home/runner/.m2/repository/com/nimbusds/nimbus-jose-jwt/9.40/nimbus-jose-jwt-9.40.jar:/home/runner/.m2/repository/org/apache/hadoop/hadoop-common/3.4.1/hadoop-common-3.4.1.jar:/home/runner/.m2/repository/org/apache/hadoop/hadoop-hdfs-client/3.4.1/hadoop-hdfs-client-3.4.1.jar:/home/runner/work/ozone/ozone/hadoop-hdds/interface-admin/target/hdds-interface-admin-2.0.0-SNAPSHOT.jar:/home/runner/.m2/repository/org/apache/ratis/ratis-metrics-dropwizard3/3.1.2/ratis-metrics-dropwizard3-3.1.2.jar:/home/runner/.m2/repository/org/bouncycastle/bcpkix-jdk18on/1.80/bcpkix-jdk18on-1.80.jar:/home/runner/.m2/repository/org/bouncycastle/bcprov-jdk18on/1.80/bcprov-jdk18on-1.80.jar:/home/runner/.m2/repository/org/bouncycastle/bcutil-jdk18on/1.80/bcutil-jdk18on-1.80.jar:/home/runner/.m2/repository/org/jetbrains/kotlin/kotlin-stdlib/1.9.25/kotlin-stdlib-1.9.25.jar:/home/runner/.m2/repository/org/jetbrains/annotations/13.0/annotations-13.0.jar:/home/runner/.m2/repository/org/reflections/reflections/0.10.2/reflections-0.10.2.jar:/home/runner/.m2/repository/org/javassist/javassist/3.30.2-GA/javassist-3.30.2-GA.jar:/home/runner/.m2/repository/org/slf4j/slf4j-reload4j/2.0.17/slf4j-reload4j-2.0.17.jar:/home/runner/work/ozone/ozone/hadoop-hdds/config/target/hdds-config-2.0.0-SNAPSHOT.jar:/home/runner/work/ozone/ozone/hadoop-hdds/interface-client/target/hdds-interface-client-2.0.0-SNAPSHOT.jar:/home/runner/.m2/repository/org/apache/hadoop/thirdparty/hadoop-shaded-protobuf_3_25/1.3.0/hadoop-shaded-protobuf_3_25-1.3.0.jar:/home/runner/work/ozone/ozone/hadoop-hdds/interface-server/target/hdds-interface-server-2.0.0-SNAPSHOT.jar:/home/runner/work/ozone/ozone/hadoop-hdds/managed-rocksdb/target/hdds-managed-rocksdb-2.0.0-SNAPSHOT.jar:/home/runner/work/ozone/ozone/hadoop-hdds/framework/target/hdds-server-framework-2.0.0-SNAPSHOT.jar:/home/runner/.m2/repository/ch/qos/reload4j/reload4j/1.2.26/reload4j-1.2.26.jar:/home/runner/.m2/repository/com/github/jnr/jnr-constants/0.10.4/jnr-constants-0.10.4.jar:/home/runner/.m2/repository/com/github/jnr/jnr-posix/3.1.20/jnr-posix-3.1.20.jar:/home/runner/.m2/repository/com/github/jnr/jnr-ffi/2.2.17/jnr-ffi-2.2.17.jar:/home/runner/.m2/repository/com/github/jnr/jffi/1.3.13/jffi-1.3.13.jar:/home/runner/.m2/repository/com/github/jnr/jffi/1.3.13/jffi-1.3.13-native.jar:/home/runner/.m2/repository/org/ow2/asm/asm/9.7.1/asm-9.7.1.jar:/home/runner/.m2/repository/org/ow2/asm/asm-commons/9.7.1/asm-commons-9.7.1.jar:/home/runner/.m2/repository/org/ow2/asm/asm-analysis/9.7.1/asm-analysis-9.7.1.jar:/home/runner/.m2/repository/org/ow2/asm/asm-tree/9.7.1/asm-tree-9.7.1.jar:/home/runner/.m2/repository/org/ow2/asm/asm-util/9.7.1/asm-util-9.7.1.jar:/home/runner/.m2/repository/com/github/jnr/jnr-a64asm/1.0.0/jnr-a64asm-1.0.0.jar:/home/runner/.m2/repository/com/github/jnr/jnr-x86asm/1.0.2/jnr-x86asm-1.0.2.jar:/home/runner/.m2/repository/com/google/code/gson/gson/2.10.1/gson-2.10.1.jar:/home/runner/.m2/repository/commons-fileupload/commons-fileupload/1.5/commons-fileupload-1.5.jar:/home/runner/.m2/repository/commons-logging/commons-logging/1.2/commons-logging-1.2.jar:/home/runner/.m2/repository/io/prometheus/simpleclient/0.16.0/simpleclient-0.16.0.jar:/home/runner/.m2/repository/io/prometheus/simpleclient_common/0.16.0/simpleclient_common-0.16.0.jar:/home/runner/.m2/repository/io/prometheus/simpleclient_dropwizard/0.16.0/simpleclient_dropwizard-0.16.0.jar:/home/runner/.m2/repository/jakarta/ws/rs/jakarta.ws.rs-api/2.1.6/jakarta.ws.rs-api-2.1.6.jar:/home/runner/.m2/repository/javax/servlet/javax.servlet-api/3.1.0/javax.servlet-api-3.1.0.jar:/home/runner/.m2/repository/org/apache/commons/commons-configuration2/2.11.0/commons-configuration2-2.11.0.jar:/home/runner/.m2/repository/org/apache/logging/log4j/log4j-core/2.24.2/log4j-core-2.24.2.jar:/home/runner/work/ozone/ozone/hadoop-hdds/hadoop-dependency-server/target/hdds-hadoop-dependency-server-2.0.0-SNAPSHOT.jar:/home/runner/.m2/repository/org/apache/hadoop/hadoop-hdfs/3.4.1/hadoop-hdfs-3.4.1.jar:/home/runner/.m2/repository/commons-daemon/commons-daemon/1.4.0/commons-daemon-1.4.0.jar:/home/runner/.m2/repository/org/apache/kerby/kerb-util/1.0.1/kerb-util-1.0.1.jar:/home/runner/.m2/repository/org/apache/kerby/kerby-config/1.0.1/kerby-config-1.0.1.jar:/home/runner/.m2/repository/org/apache/kerby/kerb-crypto/1.0.1/kerb-crypto-1.0.1.jar:/home/runner/work/ozone/ozone/hadoop-hdds/rocksdb-checkpoint-differ/target/rocksdb-checkpoint-differ-2.0.0-SNAPSHOT.jar:/home/runner/.m2/repository/com/github/vlsi/mxgraph/jgraphx/3.9.12/jgraphx-3.9.12.jar:/home/runner/work/ozone/ozone/hadoop-hdds/rocks-native/target/hdds-rocks-native-2.0.0-SNAPSHOT.jar:/home/runner/.m2/repository/org/jgrapht/jgrapht-core/1.4.0/jgrapht-core-1.4.0.jar:/home/runner/.m2/repository/org/jheaps/jheaps/0.11/jheaps-0.11.jar:/home/runner/.m2/repository/org/jgrapht/jgrapht-ext/1.4.0/jgrapht-ext-1.4.0.jar:/home/runner/.m2/repository/org/apache/ratis/ratis-metrics-api/3.1.2/ratis-metrics-api-3.1.2.jar:/home/runner/.m2/repository/org/eclipse/jetty/jetty-http/9.4.57.v20241219/jetty-http-9.4.57.v20241219.jar:/home/runner/.m2/repository/org/eclipse/jetty/jetty-io/9.4.57.v20241219/jetty-io-9.4.57.v20241219.jar:/home/runner/.m2/repository/org/eclipse/jetty/jetty-server/9.4.57.v20241219/jetty-server-9.4.57.v20241219.jar:/home/runner/.m2/repository/org/eclipse/jetty/jetty-servlet/9.4.57.v20241219/jetty-servlet-9.4.57.v20241219.jar:/home/runner/.m2/repository/org/eclipse/jetty/jetty-security/9.4.57.v20241219/jetty-security-9.4.57.v20241219.jar:/home/runner/.m2/repository/org/eclipse/jetty/jetty-util-ajax/9.4.57.v20241219/jetty-util-ajax-9.4.57.v20241219.jar:/home/runner/.m2/repository/org/eclipse/jetty/jetty-util/9.4.57.v20241219/jetty-util-9.4.57.v20241219.jar:/home/runner/.m2/repository/org/eclipse/jetty/jetty-webapp/9.4.57.v20241219/jetty-webapp-9.4.57.v20241219.jar:/home/runner/.m2/repository/org/eclipse/jetty/jetty-xml/9.4.57.v20241219/jetty-xml-9.4.57.v20241219.jar:/home/runner/.m2/repository/org/glassfish/jersey/containers/jersey-container-servlet-core/2.46/jersey-container-servlet-core-2.46.jar:/home/runner/.m2/repository/org/glassfish/hk2/external/jakarta.inject/2.6.1/jakarta.inject-2.6.1.jar:/home/runner/.m2/repository/org/glassfish/jersey/core/jersey-common/2.46/jersey-common-2.46.jar:/home/runner/.m2/repository/org/glassfish/hk2/osgi-resource-locator/1.0.3/osgi-resource-locator-1.0.3.jar:/home/runner/.m2/repository/org/glassfish/jersey/core/jersey-server/2.46/jersey-server-2.46.jar:/home/runner/.m2/repository/org/glassfish/jersey/core/jersey-client/2.46/jersey-client-2.46.jar:/home/runner/.m2/repository/jakarta/validation/jakarta.validation-api/2.0.2/jakarta.validation-api-2.0.2.jar:/home/runner/.m2/repository/com/lmax/disruptor/3.4.4/disruptor-3.4.4.jar:/home/runner/.m2/repository/org/apache/ratis/ratis-client/3.1.2/ratis-client-3.1.2.jar:/home/runner/.m2/repository/org/apache/ratis/ratis-common/3.1.2/ratis-common-3.1.2.jar:/home/runner/.m2/repository/org/apache/ratis/ratis-grpc/3.1.2/ratis-grpc-3.1.2.jar:/home/runner/.m2/repository/org/apache/ratis/ratis-netty/3.1.2/ratis-netty-3.1.2.jar:/home/runner/.m2/repository/org/apache/ratis/ratis-proto/3.1.2/ratis-proto-3.1.2.jar:/home/runner/.m2/repository/org/apache/ratis/ratis-server/3.1.2/ratis-server-3.1.2.jar:/home/runner/.m2/repository/org/apache/ratis/ratis-server-api/3.1.2/ratis-server-api-3.1.2.jar:/home/runner/.m2/repository/org/apache/ratis/ratis-thirdparty-misc/1.0.6/ratis-thirdparty-misc-1.0.6.jar:/home/runner/.m2/repository/org/glassfish/jaxb/jaxb-runtime/2.3.9/jaxb-runtime-2.3.9.jar:/home/runner/.m2/repository/org/glassfish/jaxb/txw2/2.3.9/txw2-2.3.9.jar:/home/runner/.m2/repository/com/sun/istack/istack-commons-runtime/3.0.12/istack-commons-runtime-3.0.12.jar:/home/runner/.m2/repository/com/sun/activation/jakarta.activation/1.2.2/jakarta.activation-1.2.2.jar:/home/runner/.m2/repository/org/rocksdb/rocksdbjni/7.7.3/rocksdbjni-7.7.3.jar:/home/runner/.m2/repository/org/slf4j/slf4j-api/2.0.17/slf4j-api-2.0.17.jar:/home/runner/.m2/repository/org/yaml/snakeyaml/2.0/snakeyaml-2.0.jar:/home/runner/work/ozone/ozone/hadoop-hdds/docs/target/hdds-docs-2.0.0-SNAPSHOT.jar:/home/runner/.m2/repository/org/apache/hadoop/hadoop-common/3.4.1/hadoop-common-3.4.1-tests.jar:/home/runner/.m2/repository/org/apache/hadoop/hadoop-annotations/3.4.1/hadoop-annotations-3.4.1.jar:/home/runner/.m2/repository/org/apache/hadoop/thirdparty/hadoop-shaded-guava/1.3.0/hadoop-shaded-guava-1.3.0.jar:/home/runner/.m2/repository/commons-cli/commons-cli/1.8.0/commons-cli-1.8.0.jar:/home/runner/.m2/repository/org/apache/commons/commons-math3/3.6.1/commons-math3-3.6.1.jar:/home/runner/.m2/repository/org/apache/httpcomponents/httpclient/4.5.14/httpclient-4.5.14.jar:/home/runner/.m2/repository/org/apache/httpcomponents/httpcore/4.4.16/httpcore-4.4.16.jar:/home/runner/.m2/repository/commons-net/commons-net/3.11.1/commons-net-3.11.1.jar:/home/runner/.m2/repository/javax/servlet/jsp/jsp-api/2.1/jsp-api-2.1.jar:/home/runner/.m2/repository/com/sun/jersey/jersey-core/1.19.4/jersey-core-1.19.4.jar:/home/runner/.m2/repository/javax/ws/rs/jsr311-api/1.1.1/jsr311-api-1.1.1.jar:/home/runner/.m2/repository/com/sun/jersey/jersey-servlet/1.19.4/jersey-servlet-1.19.4.jar:/home/runner/.m2/repository/com/github/pjfanning/jersey-json/1.22.0/jersey-json-1.22.0.jar:/home/runner/.m2/repository/com/sun/xml/bind/jaxb-impl/2.2.3-1/jaxb-impl-2.2.3-1.jar:/home/runner/.m2/repository/javax/xml/bind/jaxb-api/2.2.2/jaxb-api-2.2.2.jar:/home/runner/.m2/repository/javax/xml/stream/stax-api/1.0-2/stax-api-1.0-2.jar:/home/runner/.m2/repository/javax/activation/activation/1.1/activation-1.1.jar:/home/runner/.m2/repository/org/codehaus/jettison/jettison/1.5.4/jettison-1.5.4.jar:/home/runner/.m2/repository/com/sun/jersey/jersey-server/1.19.4/jersey-server-1.19.4.jar:/home/runner/.m2/repository/commons-beanutils/commons-beanutils/1.9.4/commons-beanutils-1.9.4.jar:/home/runner/.m2/repository/org/apache/avro/avro/1.9.2/avro-1.9.2.jar:/home/runner/.m2/repository/com/google/re2j/re2j/1.7/re2j-1.7.jar:/home/runner/.m2/repository/org/apache/hadoop/hadoop-auth/3.4.1/hadoop-auth-3.4.1.jar:/home/runner/.m2/repository/org/apache/curator/curator-framework/4.2.0/curator-framework-4.2.0.jar:/home/runner/.m2/repository/com/jcraft/jsch/0.1.55/jsch-0.1.55.jar:/home/runner/.m2/repository/org/apache/curator/curator-client/4.2.0/curator-client-4.2.0.jar:/home/runner/.m2/repository/org/apache/curator/curator-recipes/5.2.0/curator-recipes-5.2.0.jar:/home/runner/.m2/repository/com/google/code/findbugs/jsr305/3.0.2/jsr305-3.0.2.jar:/home/runner/.m2/repository/org/apache/zookeeper/zookeeper/3.8.4/zookeeper-3.8.4.jar:/home/runner/.m2/repository/org/apache/zookeeper/zookeeper-jute/3.8.4/zookeeper-jute-3.8.4.jar:/home/runner/.m2/repository/org/apache/yetus/audience-annotations/0.12.0/audience-annotations-0.12.0.jar:/home/runner/.m2/repository/io/netty/netty-transport-native-epoll/4.1.109.Final/netty-transport-native-epoll-4.1.109.Final.jar:/home/runner/.m2/repository/io/netty/netty-transport-classes-epoll/4.1.109.Final/netty-transport-classes-epoll-4.1.109.Final.jar:/home/runner/.m2/repository/org/apache/kerby/kerb-core/1.0.1/kerb-core-1.0.1.jar:/home/runner/.m2/repository/org/apache/kerby/kerby-pkix/1.0.1/kerby-pkix-1.0.1.jar:/home/runner/.m2/repository/org/apache/kerby/kerby-asn1/1.0.1/kerby-asn1-1.0.1.jar:/home/runner/.m2/repository/org/apache/kerby/kerby-util/1.0.1/kerby-util-1.0.1.jar:/home/runner/.m2/repository/org/codehaus/woodstox/stax2-api/4.2.2/stax2-api-4.2.2.jar:/home/runner/.m2/repository/com/fasterxml/woodstox/woodstox-core/5.4.0/woodstox-core-5.4.0.jar:/home/runner/.m2/repository/dnsjava/dnsjava/3.6.1/dnsjava-3.6.1.jar:/home/runner/.m2/repository/org/xerial/snappy/snappy-java/1.1.10.7/snappy-java-1.1.10.7.jar:/home/runner/work/ozone/ozone/hadoop-hdds/common/target/hdds-common-2.0.0-SNAPSHOT-tests.jar:/home/runner/work/ozone/ozone/hadoop-hdds/framework/target/hdds-server-framework-2.0.0-SNAPSHOT-tests.jar:/home/runner/work/ozone/ozone/hadoop-hdds/test-utils/target/hdds-test-utils-2.0.0-SNAPSHOT-tests.jar:/home/runner/.m2/repository/org/assertj/assertj-core/3.27.3/assertj-core-3.27.3.jar:/home/runner/.m2/repository/net/bytebuddy/byte-buddy/1.15.11/byte-buddy-1.15.11.jar:/home/runner/.m2/repository/org/junit/jupiter/junit-jupiter-api/5.12.0/junit-jupiter-api-5.12.0.jar:/home/runner/.m2/repository/org/opentest4j/opentest4j/1.3.0/opentest4j-1.3.0.jar:/home/runner/.m2/repository/org/junit/platform/junit-platform-commons/1.12.0/junit-platform-commons-1.12.0.jar:/home/runner/.m2/repository/org/apiguardian/apiguardian-api/1.1.2/apiguardian-api-1.1.2.jar:/home/runner/.m2/repository/org/junit/jupiter/junit-jupiter-params/5.12.0/junit-jupiter-params-5.12.0.jar:/home/runner/.m2/repository/org/mockito/mockito-core/4.11.0/mockito-core-4.11.0.jar:/home/runner/.m2/repository/net/bytebuddy/byte-buddy-agent/1.12.19/byte-buddy-agent-1.12.19.jar:/home/runner/.m2/repository/org/objenesis/objenesis/3.3/objenesis-3.3.jar:/home/runner/.m2/repository/org/mockito/mockito-inline/4.11.0/mockito-inline-4.11.0.jar:/home/runner/.m2/repository/org/mockito/mockito-junit-jupiter/4.11.0/mockito-junit-jupiter-4.11.0.jar:/home/runner/work/ozone/ozone/hadoop-hdds/container-service/target/gradle-enterprise/test-listeners.jar:"/>
    <property name="sun.cpu.endian" value="little"/>
    <property name="user.home" value="/home/runner"/>
    <property name="user.language" value="en"/>
    <property name="java.specification.vendor" value="Oracle Corporation"/>
    <property name="skipRecon" value="true"/>
    <property name="java.version.date" value="2025-01-21"/>
    <property name="java.home" value="/usr/lib/jvm/temurin-21-jdk-amd64"/>
    <property name="java.security.krb5.conf" value="/home/runner/work/ozone/ozone/hadoop-hdds/container-service/target/test-classes/krb5.conf"/>
    <property name="file.separator" value="/"/>
    <property name="basedir" value="/home/runner/work/ozone/ozone/hadoop-hdds/container-service"/>
    <property name="java.vm.compressedOopsMode" value="Zero based"/>
    <property name="line.separator" value="&#10;"/>
    <property name="java.vm.specification.vendor" value="Oracle Corporation"/>
    <property name="java.specification.name" value="Java Platform API Specification"/>
    <property name="surefire.real.class.path" value="/home/runner/work/ozone/ozone/hadoop-hdds/container-service/target/surefire/surefirebooter-20250305125307534_930.jar"/>
    <property name="hadoop.log.dir" value="/home/runner/work/ozone/ozone/hadoop-hdds/container-service/target/log"/>
    <property name="sun.management.compiler" value="HotSpot 64-Bit Tiered Compilers"/>
    <property name="skipShade" value="true"/>
    <property name="java.runtime.version" value="21.0.6+7-LTS"/>
    <property name="user.name" value="runner"/>
    <property name="java.net.preferIPv4Stack" value="true"/>
    <property name="stdout.encoding" value="UTF-8"/>
    <property name="path.separator" value=":"/>
    <property name="java.security.egd" value="file:///dev/urandom"/>
    <property name="os.version" value="6.8.0-1021-azure"/>
    <property name="java.runtime.name" value="OpenJDK Runtime Environment"/>
    <property name="com.gradle.maven.scan.extension.test.listener.junitplatform.NestedExecutionSafeDelegatingTestExecutionListener" value="74589991"/>
    <property name="file.encoding" value="UTF-8"/>
    <property name="java.vm.name" value="OpenJDK 64-Bit Server VM"/>
    <property name="java.vendor.version" value="Temurin-21.0.6+7"/>
    <property name="test.build.webapps" value=""/>
    <property name="develocity.listener.surefire.forkId" value="1"/>
    <property name="localRepository" value="/home/runner/.m2/repository"/>
    <property name="java.vendor.url.bug" value="https://github.com/adoptium/adoptium-support/issues"/>
    <property name="java.io.tmpdir" value="/tmp"/>
    <property name="require.test.libhadoop" value=""/>
    <property name="java.version" value="21.0.6"/>
    <property name="user.dir" value="/home/runner/work/ozone/ozone/hadoop-hdds/container-service"/>
    <property name="os.arch" value="amd64"/>
    <property name="java.vm.specification.name" value="Java Virtual Machine Specification"/>
    <property name="test.build.classes" value="/home/runner/work/ozone/ozone/hadoop-hdds/container-service/target/test-classes"/>
    <property name="native.encoding" value="UTF-8"/>
    <property name="hadoop.tmp.dir" value="/home/runner/work/ozone/ozone/hadoop-hdds/container-service/target/tmp"/>
    <property name="java.library.path" value="/usr/java/packages/lib:/usr/lib64:/lib64:/lib:/usr/lib"/>
    <property name="java.vm.info" value="mixed mode, sharing"/>
    <property name="stderr.encoding" value="UTF-8"/>
    <property name="java.vendor" value="Eclipse Adoptium"/>
    <property name="java.vm.version" value="21.0.6+7-LTS"/>
    <property name="sun.io.unicode.encoding" value="UnicodeLittle"/>
    <property name="develocity.listener.port" value="43227"/>
    <property name="java.class.version" value="65.0"/>
  </properties>
  <testcase name="testContainerMaxLockHoldingTime(ContainerTestVersionInfo)[1]" classname="org.apache.hadoop.ozone.container.common.TestBlockDeletingService" time="2.34">
    <system-out><![CDATA[2025-03-05 12:57:42,743 [main] INFO  db.CodecBuffer (CodecBuffer.java:set(62)) - Successfully set constructor to LeakDetector::newCodecBuffer: org.apache.hadoop.hdds.utils.db.CodecBuffer$$Lambda/0x00007ff600206790@3b809711
2025-03-05 12:57:42,929 [main] INFO  volume.HddsVolume (HddsVolume.java:<init>(132)) - Creating HddsVolume: /tmp/junit-7978849039048851108/hdds of storage type: DISK, capacity=9222449699674390527, used=0, available=9222449699674390527
2025-03-05 12:57:42,940 [main] INFO  volume.MutableVolumeSet (MutableVolumeSet.java:initializeVolumeSet(169)) - Added Volume : /tmp/junit-7978849039048851108/hdds to VolumeSet
2025-03-05 12:57:43,239 [main] INFO  utils.DatanodeStoreCache (DatanodeStoreCache.java:addDB(71)) - Added db /tmp/junit-7978849039048851108/hdds/dc0153ae-31a7-4a02-a9cb-c05c884303a9/DS-ade35f39-ffdb-4775-9540-f251ee5f26be/container.db to cache
2025-03-05 12:57:43,239 [main] INFO  volume.HddsVolume (HddsVolume.java:createDbStore(446)) - SchemaV3 db is created and loaded at /tmp/junit-7978849039048851108/hdds/dc0153ae-31a7-4a02-a9cb-c05c884303a9/DS-ade35f39-ffdb-4775-9540-f251ee5f26be/container.db for volume DS-ade35f39-ffdb-4775-9540-f251ee5f26be
2025-03-05 12:57:43,270 [main] INFO  impl.FilePerChunkStrategy (FilePerChunkStrategy.java:<init>(79)) - ozone.chunk.read.mapped.buffer.max.count is load with 0
2025-03-05 12:57:43,513 [main] WARN  util.NativeCodeLoader (NativeCodeLoader.java:<clinit>(60)) - Unable to load native-hadoop library for your platform... using builtin-java classes where applicable
2025-03-05 12:57:43,646 [main] INFO  impl.FilePerChunkStrategy (FilePerChunkStrategy.java:<init>(79)) - ozone.chunk.read.mapped.buffer.max.count is load with 0
2025-03-05 12:57:43,661 [main] INFO  impl.FilePerBlockStrategy (FilePerBlockStrategy.java:<init>(87)) - ozone.chunk.read.mapped.buffer.max.count is load with 0
2025-03-05 12:57:44,865 [BlockDeletingService#0] INFO  interfaces.ContainerDeletionChoosingPolicyTemplate (ContainerDeletionChoosingPolicyTemplate.java:chooseContainerForBlockDeletion(83)) - Chosen 3/0 blocks from 1 candidate containers.
2025-03-05 12:57:44,891 [BlockDeletingService#0] INFO  impl.FilePerChunkStrategy (FilePerChunkStrategy.java:deleteChunk(327)) - Deleted chunk file /tmp/junit-7978849039048851108/hdds/dc0153ae-31a7-4a02-a9cb-c05c884303a9/current/containerDir0/114109937313775616/chunks/114109937321377793_chunk_0_block_0 (size 100) for chunk ChunkInfo{chunkName='114109937321377793_chunk_0_block_0, offset=0, len=100}
2025-03-05 12:57:44,892 [BlockDeletingService#0] INFO  impl.FilePerChunkStrategy (FilePerChunkStrategy.java:deleteChunk(327)) - Deleted chunk file /tmp/junit-7978849039048851108/hdds/dc0153ae-31a7-4a02-a9cb-c05c884303a9/current/containerDir0/114109937313775616/chunks/114109937321377793_chunk_1_block_0 (size 100) for chunk ChunkInfo{chunkName='114109937321377793_chunk_1_block_0, offset=100, len=100}
2025-03-05 12:57:44,892 [BlockDeletingService#0] INFO  impl.FilePerChunkStrategy (FilePerChunkStrategy.java:deleteChunk(327)) - Deleted chunk file /tmp/junit-7978849039048851108/hdds/dc0153ae-31a7-4a02-a9cb-c05c884303a9/current/containerDir0/114109937313775616/chunks/114109937321377793_chunk_2_block_0 (size 100) for chunk ChunkInfo{chunkName='114109937321377793_chunk_2_block_0, offset=200, len=100}
2025-03-05 12:57:44,893 [BlockDeletingService#0] INFO  impl.FilePerChunkStrategy (FilePerChunkStrategy.java:deleteChunk(327)) - Deleted chunk file /tmp/junit-7978849039048851108/hdds/dc0153ae-31a7-4a02-a9cb-c05c884303a9/current/containerDir0/114109937313775616/chunks/114109937321377793_chunk_3_block_0 (size 100) for chunk ChunkInfo{chunkName='114109937321377793_chunk_3_block_0, offset=300, len=100}
2025-03-05 12:57:44,893 [BlockDeletingService#0] INFO  impl.FilePerChunkStrategy (FilePerChunkStrategy.java:deleteChunk(327)) - Deleted chunk file /tmp/junit-7978849039048851108/hdds/dc0153ae-31a7-4a02-a9cb-c05c884303a9/current/containerDir0/114109937313775616/chunks/114109937321377793_chunk_4_block_0 (size 100) for chunk ChunkInfo{chunkName='114109937321377793_chunk_4_block_0, offset=400, len=100}
2025-03-05 12:57:44,894 [BlockDeletingService#0] INFO  impl.FilePerChunkStrategy (FilePerChunkStrategy.java:deleteChunk(327)) - Deleted chunk file /tmp/junit-7978849039048851108/hdds/dc0153ae-31a7-4a02-a9cb-c05c884303a9/current/containerDir0/114109937313775616/chunks/114109937321377793_chunk_5_block_0 (size 100) for chunk ChunkInfo{chunkName='114109937321377793_chunk_5_block_0, offset=500, len=100}
2025-03-05 12:57:44,894 [BlockDeletingService#0] INFO  impl.FilePerChunkStrategy (FilePerChunkStrategy.java:deleteChunk(327)) - Deleted chunk file /tmp/junit-7978849039048851108/hdds/dc0153ae-31a7-4a02-a9cb-c05c884303a9/current/containerDir0/114109937313775616/chunks/114109937321377793_chunk_6_block_0 (size 100) for chunk ChunkInfo{chunkName='114109937321377793_chunk_6_block_0, offset=600, len=100}
2025-03-05 12:57:44,896 [BlockDeletingService#0] INFO  impl.FilePerChunkStrategy (FilePerChunkStrategy.java:deleteChunk(327)) - Deleted chunk file /tmp/junit-7978849039048851108/hdds/dc0153ae-31a7-4a02-a9cb-c05c884303a9/current/containerDir0/114109937313775616/chunks/114109937321377793_chunk_7_block_0 (size 100) for chunk ChunkInfo{chunkName='114109937321377793_chunk_7_block_0, offset=700, len=100}
2025-03-05 12:57:44,897 [BlockDeletingService#0] INFO  impl.FilePerChunkStrategy (FilePerChunkStrategy.java:deleteChunk(327)) - Deleted chunk file /tmp/junit-7978849039048851108/hdds/dc0153ae-31a7-4a02-a9cb-c05c884303a9/current/containerDir0/114109937313775616/chunks/114109937321377793_chunk_8_block_0 (size 100) for chunk ChunkInfo{chunkName='114109937321377793_chunk_8_block_0, offset=800, len=100}
2025-03-05 12:57:44,897 [BlockDeletingService#0] INFO  impl.FilePerChunkStrategy (FilePerChunkStrategy.java:deleteChunk(327)) - Deleted chunk file /tmp/junit-7978849039048851108/hdds/dc0153ae-31a7-4a02-a9cb-c05c884303a9/current/containerDir0/114109937313775616/chunks/114109937321377793_chunk_9_block_0 (size 100) for chunk ChunkInfo{chunkName='114109937321377793_chunk_9_block_0, offset=900, len=100}
2025-03-05 12:57:44,900 [BlockDeletingService#0] INFO  impl.FilePerChunkStrategy (FilePerChunkStrategy.java:deleteChunk(327)) - Deleted chunk file /tmp/junit-7978849039048851108/hdds/dc0153ae-31a7-4a02-a9cb-c05c884303a9/current/containerDir0/114109937313775616/chunks/114109937327472642_chunk_0_block_1 (size 100) for chunk ChunkInfo{chunkName='114109937327472642_chunk_0_block_1, offset=0, len=100}
2025-03-05 12:57:44,901 [BlockDeletingService#0] INFO  impl.FilePerChunkStrategy (FilePerChunkStrategy.java:deleteChunk(327)) - Deleted chunk file /tmp/junit-7978849039048851108/hdds/dc0153ae-31a7-4a02-a9cb-c05c884303a9/current/containerDir0/114109937313775616/chunks/114109937327472642_chunk_1_block_1 (size 100) for chunk ChunkInfo{chunkName='114109937327472642_chunk_1_block_1, offset=100, len=100}
2025-03-05 12:57:44,901 [BlockDeletingService#0] INFO  impl.FilePerChunkStrategy (FilePerChunkStrategy.java:deleteChunk(327)) - Deleted chunk file /tmp/junit-7978849039048851108/hdds/dc0153ae-31a7-4a02-a9cb-c05c884303a9/current/containerDir0/114109937313775616/chunks/114109937327472642_chunk_2_block_1 (size 100) for chunk ChunkInfo{chunkName='114109937327472642_chunk_2_block_1, offset=200, len=100}
2025-03-05 12:57:44,901 [BlockDeletingService#0] INFO  impl.FilePerChunkStrategy (FilePerChunkStrategy.java:deleteChunk(327)) - Deleted chunk file /tmp/junit-7978849039048851108/hdds/dc0153ae-31a7-4a02-a9cb-c05c884303a9/current/containerDir0/114109937313775616/chunks/114109937327472642_chunk_3_block_1 (size 100) for chunk ChunkInfo{chunkName='114109937327472642_chunk_3_block_1, offset=300, len=100}
2025-03-05 12:57:44,902 [BlockDeletingService#0] INFO  impl.FilePerChunkStrategy (FilePerChunkStrategy.java:deleteChunk(327)) - Deleted chunk file /tmp/junit-7978849039048851108/hdds/dc0153ae-31a7-4a02-a9cb-c05c884303a9/current/containerDir0/114109937313775616/chunks/114109937327472642_chunk_4_block_1 (size 100) for chunk ChunkInfo{chunkName='114109937327472642_chunk_4_block_1, offset=400, len=100}
2025-03-05 12:57:44,902 [BlockDeletingService#0] INFO  impl.FilePerChunkStrategy (FilePerChunkStrategy.java:deleteChunk(327)) - Deleted chunk file /tmp/junit-7978849039048851108/hdds/dc0153ae-31a7-4a02-a9cb-c05c884303a9/current/containerDir0/114109937313775616/chunks/114109937327472642_chunk_5_block_1 (size 100) for chunk ChunkInfo{chunkName='114109937327472642_chunk_5_block_1, offset=500, len=100}
2025-03-05 12:57:44,902 [BlockDeletingService#0] INFO  impl.FilePerChunkStrategy (FilePerChunkStrategy.java:deleteChunk(327)) - Deleted chunk file /tmp/junit-7978849039048851108/hdds/dc0153ae-31a7-4a02-a9cb-c05c884303a9/current/containerDir0/114109937313775616/chunks/114109937327472642_chunk_6_block_1 (size 100) for chunk ChunkInfo{chunkName='114109937327472642_chunk_6_block_1, offset=600, len=100}
2025-03-05 12:57:44,903 [BlockDeletingService#0] INFO  impl.FilePerChunkStrategy (FilePerChunkStrategy.java:deleteChunk(327)) - Deleted chunk file /tmp/junit-7978849039048851108/hdds/dc0153ae-31a7-4a02-a9cb-c05c884303a9/current/containerDir0/114109937313775616/chunks/114109937327472642_chunk_7_block_1 (size 100) for chunk ChunkInfo{chunkName='114109937327472642_chunk_7_block_1, offset=700, len=100}
2025-03-05 12:57:44,904 [BlockDeletingService#0] INFO  impl.FilePerChunkStrategy (FilePerChunkStrategy.java:deleteChunk(327)) - Deleted chunk file /tmp/junit-7978849039048851108/hdds/dc0153ae-31a7-4a02-a9cb-c05c884303a9/current/containerDir0/114109937313775616/chunks/114109937327472642_chunk_8_block_1 (size 100) for chunk ChunkInfo{chunkName='114109937327472642_chunk_8_block_1, offset=800, len=100}
2025-03-05 12:57:44,904 [BlockDeletingService#0] INFO  impl.FilePerChunkStrategy (FilePerChunkStrategy.java:deleteChunk(327)) - Deleted chunk file /tmp/junit-7978849039048851108/hdds/dc0153ae-31a7-4a02-a9cb-c05c884303a9/current/containerDir0/114109937313775616/chunks/114109937327472642_chunk_9_block_1 (size 100) for chunk ChunkInfo{chunkName='114109937327472642_chunk_9_block_1, offset=900, len=100}
2025-03-05 12:57:44,905 [BlockDeletingService#0] INFO  impl.FilePerChunkStrategy (FilePerChunkStrategy.java:deleteChunk(327)) - Deleted chunk file /tmp/junit-7978849039048851108/hdds/dc0153ae-31a7-4a02-a9cb-c05c884303a9/current/containerDir0/114109937313775616/chunks/114109937328128003_chunk_0_block_2 (size 100) for chunk ChunkInfo{chunkName='114109937328128003_chunk_0_block_2, offset=0, len=100}
2025-03-05 12:57:44,906 [BlockDeletingService#0] INFO  impl.FilePerChunkStrategy (FilePerChunkStrategy.java:deleteChunk(327)) - Deleted chunk file /tmp/junit-7978849039048851108/hdds/dc0153ae-31a7-4a02-a9cb-c05c884303a9/current/containerDir0/114109937313775616/chunks/114109937328128003_chunk_1_block_2 (size 100) for chunk ChunkInfo{chunkName='114109937328128003_chunk_1_block_2, offset=100, len=100}
2025-03-05 12:57:44,906 [BlockDeletingService#0] INFO  impl.FilePerChunkStrategy (FilePerChunkStrategy.java:deleteChunk(327)) - Deleted chunk file /tmp/junit-7978849039048851108/hdds/dc0153ae-31a7-4a02-a9cb-c05c884303a9/current/containerDir0/114109937313775616/chunks/114109937328128003_chunk_2_block_2 (size 100) for chunk ChunkInfo{chunkName='114109937328128003_chunk_2_block_2, offset=200, len=100}
2025-03-05 12:57:44,907 [BlockDeletingService#0] INFO  impl.FilePerChunkStrategy (FilePerChunkStrategy.java:deleteChunk(327)) - Deleted chunk file /tmp/junit-7978849039048851108/hdds/dc0153ae-31a7-4a02-a9cb-c05c884303a9/current/containerDir0/114109937313775616/chunks/114109937328128003_chunk_3_block_2 (size 100) for chunk ChunkInfo{chunkName='114109937328128003_chunk_3_block_2, offset=300, len=100}
2025-03-05 12:57:44,907 [BlockDeletingService#0] INFO  impl.FilePerChunkStrategy (FilePerChunkStrategy.java:deleteChunk(327)) - Deleted chunk file /tmp/junit-7978849039048851108/hdds/dc0153ae-31a7-4a02-a9cb-c05c884303a9/current/containerDir0/114109937313775616/chunks/114109937328128003_chunk_4_block_2 (size 100) for chunk ChunkInfo{chunkName='114109937328128003_chunk_4_block_2, offset=400, len=100}
2025-03-05 12:57:44,907 [BlockDeletingService#0] INFO  impl.FilePerChunkStrategy (FilePerChunkStrategy.java:deleteChunk(327)) - Deleted chunk file /tmp/junit-7978849039048851108/hdds/dc0153ae-31a7-4a02-a9cb-c05c884303a9/current/containerDir0/114109937313775616/chunks/114109937328128003_chunk_5_block_2 (size 100) for chunk ChunkInfo{chunkName='114109937328128003_chunk_5_block_2, offset=500, len=100}
2025-03-05 12:57:44,908 [BlockDeletingService#0] INFO  impl.FilePerChunkStrategy (FilePerChunkStrategy.java:deleteChunk(327)) - Deleted chunk file /tmp/junit-7978849039048851108/hdds/dc0153ae-31a7-4a02-a9cb-c05c884303a9/current/containerDir0/114109937313775616/chunks/114109937328128003_chunk_6_block_2 (size 100) for chunk ChunkInfo{chunkName='114109937328128003_chunk_6_block_2, offset=600, len=100}
2025-03-05 12:57:44,908 [BlockDeletingService#0] INFO  impl.FilePerChunkStrategy (FilePerChunkStrategy.java:deleteChunk(327)) - Deleted chunk file /tmp/junit-7978849039048851108/hdds/dc0153ae-31a7-4a02-a9cb-c05c884303a9/current/containerDir0/114109937313775616/chunks/114109937328128003_chunk_7_block_2 (size 100) for chunk ChunkInfo{chunkName='114109937328128003_chunk_7_block_2, offset=700, len=100}
2025-03-05 12:57:44,908 [BlockDeletingService#0] INFO  impl.FilePerChunkStrategy (FilePerChunkStrategy.java:deleteChunk(327)) - Deleted chunk file /tmp/junit-7978849039048851108/hdds/dc0153ae-31a7-4a02-a9cb-c05c884303a9/current/containerDir0/114109937313775616/chunks/114109937328128003_chunk_8_block_2 (size 100) for chunk ChunkInfo{chunkName='114109937328128003_chunk_8_block_2, offset=800, len=100}
2025-03-05 12:57:44,909 [BlockDeletingService#0] INFO  impl.FilePerChunkStrategy (FilePerChunkStrategy.java:deleteChunk(327)) - Deleted chunk file /tmp/junit-7978849039048851108/hdds/dc0153ae-31a7-4a02-a9cb-c05c884303a9/current/containerDir0/114109937313775616/chunks/114109937328128003_chunk_9_block_2 (size 100) for chunk ChunkInfo{chunkName='114109937328128003_chunk_9_block_2, offset=900, len=100}
2025-03-05 12:57:44,932 [BlockDeletingService#0] WARN  utils.BackgroundService (BackgroundService.java:lambda$run$0(151)) - BlockDeletingService Background task execution took 63556431ns > 0ns(timeout)
2025-03-05 12:57:44,954 [main] INFO  utils.BackgroundService (BackgroundService.java:shutdown(162)) - Shutting down service BlockDeletingService
]]></system-out>
    <system-err><![CDATA[WARNING: A Java agent has been loaded dynamically (/home/runner/.m2/repository/net/bytebuddy/byte-buddy-agent/1.12.19/byte-buddy-agent-1.12.19.jar)
WARNING: If a serviceability tool is in use, please run with -XX:+EnableDynamicAgentLoading to hide this warning
WARNING: If a serviceability tool is not in use, please run with -Djdk.instrument.traceUsage for more information
WARNING: Dynamic loading of agents will be disallowed by default in a future release
]]></system-err>
  </testcase>
  <testcase name="testContainerMaxLockHoldingTime(ContainerTestVersionInfo)[2]" classname="org.apache.hadoop.ozone.container.common.TestBlockDeletingService" time="0.536">
    <system-out><![CDATA[2025-03-05 12:57:45,002 [main] INFO  db.CodecBuffer (CodecBuffer.java:set(62)) - Successfully set constructor to LeakDetector::newCodecBuffer: org.apache.hadoop.hdds.utils.db.CodecBuffer$$Lambda/0x00007ff600206790@3b809711
2025-03-05 12:57:45,066 [main] INFO  volume.HddsVolume (HddsVolume.java:<init>(132)) - Creating HddsVolume: /tmp/junit-14389805976096777752/hdds of storage type: DISK, capacity=9222449699674390527, used=0, available=9222449699674390527
2025-03-05 12:57:45,070 [main] INFO  volume.MutableVolumeSet (MutableVolumeSet.java:initializeVolumeSet(169)) - Added Volume : /tmp/junit-14389805976096777752/hdds to VolumeSet
2025-03-05 12:57:45,116 [main] INFO  utils.DatanodeStoreCache (DatanodeStoreCache.java:addDB(71)) - Added db /tmp/junit-14389805976096777752/hdds/e5052011-d571-43cd-bc42-fa5fe7e0014b/DS-a488815e-add8-4a80-a0ec-e87182ef3ddf/container.db to cache
2025-03-05 12:57:45,116 [main] INFO  volume.HddsVolume (HddsVolume.java:createDbStore(446)) - SchemaV3 db is created and loaded at /tmp/junit-14389805976096777752/hdds/e5052011-d571-43cd-bc42-fa5fe7e0014b/DS-a488815e-add8-4a80-a0ec-e87182ef3ddf/container.db for volume DS-a488815e-add8-4a80-a0ec-e87182ef3ddf
2025-03-05 12:57:45,122 [main] INFO  impl.FilePerChunkStrategy (FilePerChunkStrategy.java:<init>(79)) - ozone.chunk.read.mapped.buffer.max.count is load with 0
2025-03-05 12:57:45,320 [main] INFO  impl.FilePerChunkStrategy (FilePerChunkStrategy.java:<init>(79)) - ozone.chunk.read.mapped.buffer.max.count is load with 0
2025-03-05 12:57:45,322 [main] INFO  impl.FilePerBlockStrategy (FilePerBlockStrategy.java:<init>(87)) - ozone.chunk.read.mapped.buffer.max.count is load with 0
2025-03-05 12:57:45,428 [BlockDeletingService#0] INFO  interfaces.ContainerDeletionChoosingPolicyTemplate (ContainerDeletionChoosingPolicyTemplate.java:chooseContainerForBlockDeletion(83)) - Chosen 3/0 blocks from 1 candidate containers.
2025-03-05 12:57:45,431 [BlockDeletingService#0] INFO  impl.FilePerChunkStrategy (FilePerChunkStrategy.java:deleteChunk(327)) - Deleted chunk file /tmp/junit-14389805976096777752/hdds/e5052011-d571-43cd-bc42-fa5fe7e0014b/current/containerDir0/114109937433313284/chunks/114109937436590085_chunk_0_block_0 (size 100) for chunk ChunkInfo{chunkName='114109937436590085_chunk_0_block_0, offset=0, len=100}
2025-03-05 12:57:45,432 [BlockDeletingService#0] INFO  impl.FilePerChunkStrategy (FilePerChunkStrategy.java:deleteChunk(327)) - Deleted chunk file /tmp/junit-14389805976096777752/hdds/e5052011-d571-43cd-bc42-fa5fe7e0014b/current/containerDir0/114109937433313284/chunks/114109937436590085_chunk_1_block_0 (size 100) for chunk ChunkInfo{chunkName='114109937436590085_chunk_1_block_0, offset=100, len=100}
2025-03-05 12:57:45,432 [BlockDeletingService#0] INFO  impl.FilePerChunkStrategy (FilePerChunkStrategy.java:deleteChunk(327)) - Deleted chunk file /tmp/junit-14389805976096777752/hdds/e5052011-d571-43cd-bc42-fa5fe7e0014b/current/containerDir0/114109937433313284/chunks/114109937436590085_chunk_2_block_0 (size 100) for chunk ChunkInfo{chunkName='114109937436590085_chunk_2_block_0, offset=200, len=100}
2025-03-05 12:57:45,433 [BlockDeletingService#0] INFO  impl.FilePerChunkStrategy (FilePerChunkStrategy.java:deleteChunk(327)) - Deleted chunk file /tmp/junit-14389805976096777752/hdds/e5052011-d571-43cd-bc42-fa5fe7e0014b/current/containerDir0/114109937433313284/chunks/114109937436590085_chunk_3_block_0 (size 100) for chunk ChunkInfo{chunkName='114109937436590085_chunk_3_block_0, offset=300, len=100}
2025-03-05 12:57:45,433 [BlockDeletingService#0] INFO  impl.FilePerChunkStrategy (FilePerChunkStrategy.java:deleteChunk(327)) - Deleted chunk file /tmp/junit-14389805976096777752/hdds/e5052011-d571-43cd-bc42-fa5fe7e0014b/current/containerDir0/114109937433313284/chunks/114109937436590085_chunk_4_block_0 (size 100) for chunk ChunkInfo{chunkName='114109937436590085_chunk_4_block_0, offset=400, len=100}
2025-03-05 12:57:45,433 [BlockDeletingService#0] INFO  impl.FilePerChunkStrategy (FilePerChunkStrategy.java:deleteChunk(327)) - Deleted chunk file /tmp/junit-14389805976096777752/hdds/e5052011-d571-43cd-bc42-fa5fe7e0014b/current/containerDir0/114109937433313284/chunks/114109937436590085_chunk_5_block_0 (size 100) for chunk ChunkInfo{chunkName='114109937436590085_chunk_5_block_0, offset=500, len=100}
2025-03-05 12:57:45,433 [BlockDeletingService#0] INFO  impl.FilePerChunkStrategy (FilePerChunkStrategy.java:deleteChunk(327)) - Deleted chunk file /tmp/junit-14389805976096777752/hdds/e5052011-d571-43cd-bc42-fa5fe7e0014b/current/containerDir0/114109937433313284/chunks/114109937436590085_chunk_6_block_0 (size 100) for chunk ChunkInfo{chunkName='114109937436590085_chunk_6_block_0, offset=600, len=100}
2025-03-05 12:57:45,434 [BlockDeletingService#0] INFO  impl.FilePerChunkStrategy (FilePerChunkStrategy.java:deleteChunk(327)) - Deleted chunk file /tmp/junit-14389805976096777752/hdds/e5052011-d571-43cd-bc42-fa5fe7e0014b/current/containerDir0/114109937433313284/chunks/114109937436590085_chunk_7_block_0 (size 100) for chunk ChunkInfo{chunkName='114109937436590085_chunk_7_block_0, offset=700, len=100}
2025-03-05 12:57:45,434 [BlockDeletingService#0] INFO  impl.FilePerChunkStrategy (FilePerChunkStrategy.java:deleteChunk(327)) - Deleted chunk file /tmp/junit-14389805976096777752/hdds/e5052011-d571-43cd-bc42-fa5fe7e0014b/current/containerDir0/114109937433313284/chunks/114109937436590085_chunk_8_block_0 (size 100) for chunk ChunkInfo{chunkName='114109937436590085_chunk_8_block_0, offset=800, len=100}
2025-03-05 12:57:45,435 [BlockDeletingService#0] INFO  impl.FilePerChunkStrategy (FilePerChunkStrategy.java:deleteChunk(327)) - Deleted chunk file /tmp/junit-14389805976096777752/hdds/e5052011-d571-43cd-bc42-fa5fe7e0014b/current/containerDir0/114109937433313284/chunks/114109937436590085_chunk_9_block_0 (size 100) for chunk ChunkInfo{chunkName='114109937436590085_chunk_9_block_0, offset=900, len=100}
2025-03-05 12:57:45,436 [BlockDeletingService#0] INFO  impl.FilePerChunkStrategy (FilePerChunkStrategy.java:deleteChunk(327)) - Deleted chunk file /tmp/junit-14389805976096777752/hdds/e5052011-d571-43cd-bc42-fa5fe7e0014b/current/containerDir0/114109937433313284/chunks/114109937437507590_chunk_0_block_1 (size 100) for chunk ChunkInfo{chunkName='114109937437507590_chunk_0_block_1, offset=0, len=100}
2025-03-05 12:57:45,436 [BlockDeletingService#0] INFO  impl.FilePerChunkStrategy (FilePerChunkStrategy.java:deleteChunk(327)) - Deleted chunk file /tmp/junit-14389805976096777752/hdds/e5052011-d571-43cd-bc42-fa5fe7e0014b/current/containerDir0/114109937433313284/chunks/114109937437507590_chunk_1_block_1 (size 100) for chunk ChunkInfo{chunkName='114109937437507590_chunk_1_block_1, offset=100, len=100}
2025-03-05 12:57:45,436 [BlockDeletingService#0] INFO  impl.FilePerChunkStrategy (FilePerChunkStrategy.java:deleteChunk(327)) - Deleted chunk file /tmp/junit-14389805976096777752/hdds/e5052011-d571-43cd-bc42-fa5fe7e0014b/current/containerDir0/114109937433313284/chunks/114109937437507590_chunk_2_block_1 (size 100) for chunk ChunkInfo{chunkName='114109937437507590_chunk_2_block_1, offset=200, len=100}
2025-03-05 12:57:45,437 [BlockDeletingService#0] INFO  impl.FilePerChunkStrategy (FilePerChunkStrategy.java:deleteChunk(327)) - Deleted chunk file /tmp/junit-14389805976096777752/hdds/e5052011-d571-43cd-bc42-fa5fe7e0014b/current/containerDir0/114109937433313284/chunks/114109937437507590_chunk_3_block_1 (size 100) for chunk ChunkInfo{chunkName='114109937437507590_chunk_3_block_1, offset=300, len=100}
2025-03-05 12:57:45,437 [BlockDeletingService#0] INFO  impl.FilePerChunkStrategy (FilePerChunkStrategy.java:deleteChunk(327)) - Deleted chunk file /tmp/junit-14389805976096777752/hdds/e5052011-d571-43cd-bc42-fa5fe7e0014b/current/containerDir0/114109937433313284/chunks/114109937437507590_chunk_4_block_1 (size 100) for chunk ChunkInfo{chunkName='114109937437507590_chunk_4_block_1, offset=400, len=100}
2025-03-05 12:57:45,437 [BlockDeletingService#0] INFO  impl.FilePerChunkStrategy (FilePerChunkStrategy.java:deleteChunk(327)) - Deleted chunk file /tmp/junit-14389805976096777752/hdds/e5052011-d571-43cd-bc42-fa5fe7e0014b/current/containerDir0/114109937433313284/chunks/114109937437507590_chunk_5_block_1 (size 100) for chunk ChunkInfo{chunkName='114109937437507590_chunk_5_block_1, offset=500, len=100}
2025-03-05 12:57:45,438 [BlockDeletingService#0] INFO  impl.FilePerChunkStrategy (FilePerChunkStrategy.java:deleteChunk(327)) - Deleted chunk file /tmp/junit-14389805976096777752/hdds/e5052011-d571-43cd-bc42-fa5fe7e0014b/current/containerDir0/114109937433313284/chunks/114109937437507590_chunk_6_block_1 (size 100) for chunk ChunkInfo{chunkName='114109937437507590_chunk_6_block_1, offset=600, len=100}
2025-03-05 12:57:45,438 [BlockDeletingService#0] INFO  impl.FilePerChunkStrategy (FilePerChunkStrategy.java:deleteChunk(327)) - Deleted chunk file /tmp/junit-14389805976096777752/hdds/e5052011-d571-43cd-bc42-fa5fe7e0014b/current/containerDir0/114109937433313284/chunks/114109937437507590_chunk_7_block_1 (size 100) for chunk ChunkInfo{chunkName='114109937437507590_chunk_7_block_1, offset=700, len=100}
2025-03-05 12:57:45,438 [BlockDeletingService#0] INFO  impl.FilePerChunkStrategy (FilePerChunkStrategy.java:deleteChunk(327)) - Deleted chunk file /tmp/junit-14389805976096777752/hdds/e5052011-d571-43cd-bc42-fa5fe7e0014b/current/containerDir0/114109937433313284/chunks/114109937437507590_chunk_8_block_1 (size 100) for chunk ChunkInfo{chunkName='114109937437507590_chunk_8_block_1, offset=800, len=100}
2025-03-05 12:57:45,439 [BlockDeletingService#0] INFO  impl.FilePerChunkStrategy (FilePerChunkStrategy.java:deleteChunk(327)) - Deleted chunk file /tmp/junit-14389805976096777752/hdds/e5052011-d571-43cd-bc42-fa5fe7e0014b/current/containerDir0/114109937433313284/chunks/114109937437507590_chunk_9_block_1 (size 100) for chunk ChunkInfo{chunkName='114109937437507590_chunk_9_block_1, offset=900, len=100}
2025-03-05 12:57:45,440 [BlockDeletingService#0] INFO  impl.FilePerChunkStrategy (FilePerChunkStrategy.java:deleteChunk(327)) - Deleted chunk file /tmp/junit-14389805976096777752/hdds/e5052011-d571-43cd-bc42-fa5fe7e0014b/current/containerDir0/114109937433313284/chunks/114109937438294023_chunk_0_block_2 (size 100) for chunk ChunkInfo{chunkName='114109937438294023_chunk_0_block_2, offset=0, len=100}
2025-03-05 12:57:45,440 [BlockDeletingService#0] INFO  impl.FilePerChunkStrategy (FilePerChunkStrategy.java:deleteChunk(327)) - Deleted chunk file /tmp/junit-14389805976096777752/hdds/e5052011-d571-43cd-bc42-fa5fe7e0014b/current/containerDir0/114109937433313284/chunks/114109937438294023_chunk_1_block_2 (size 100) for chunk ChunkInfo{chunkName='114109937438294023_chunk_1_block_2, offset=100, len=100}
2025-03-05 12:57:45,441 [BlockDeletingService#0] INFO  impl.FilePerChunkStrategy (FilePerChunkStrategy.java:deleteChunk(327)) - Deleted chunk file /tmp/junit-14389805976096777752/hdds/e5052011-d571-43cd-bc42-fa5fe7e0014b/current/containerDir0/114109937433313284/chunks/114109937438294023_chunk_2_block_2 (size 100) for chunk ChunkInfo{chunkName='114109937438294023_chunk_2_block_2, offset=200, len=100}
2025-03-05 12:57:45,441 [BlockDeletingService#0] INFO  impl.FilePerChunkStrategy (FilePerChunkStrategy.java:deleteChunk(327)) - Deleted chunk file /tmp/junit-14389805976096777752/hdds/e5052011-d571-43cd-bc42-fa5fe7e0014b/current/containerDir0/114109937433313284/chunks/114109937438294023_chunk_3_block_2 (size 100) for chunk ChunkInfo{chunkName='114109937438294023_chunk_3_block_2, offset=300, len=100}
2025-03-05 12:57:45,441 [BlockDeletingService#0] INFO  impl.FilePerChunkStrategy (FilePerChunkStrategy.java:deleteChunk(327)) - Deleted chunk file /tmp/junit-14389805976096777752/hdds/e5052011-d571-43cd-bc42-fa5fe7e0014b/current/containerDir0/114109937433313284/chunks/114109937438294023_chunk_4_block_2 (size 100) for chunk ChunkInfo{chunkName='114109937438294023_chunk_4_block_2, offset=400, len=100}
2025-03-05 12:57:45,441 [BlockDeletingService#0] INFO  impl.FilePerChunkStrategy (FilePerChunkStrategy.java:deleteChunk(327)) - Deleted chunk file /tmp/junit-14389805976096777752/hdds/e5052011-d571-43cd-bc42-fa5fe7e0014b/current/containerDir0/114109937433313284/chunks/114109937438294023_chunk_5_block_2 (size 100) for chunk ChunkInfo{chunkName='114109937438294023_chunk_5_block_2, offset=500, len=100}
2025-03-05 12:57:45,442 [BlockDeletingService#0] INFO  impl.FilePerChunkStrategy (FilePerChunkStrategy.java:deleteChunk(327)) - Deleted chunk file /tmp/junit-14389805976096777752/hdds/e5052011-d571-43cd-bc42-fa5fe7e0014b/current/containerDir0/114109937433313284/chunks/114109937438294023_chunk_6_block_2 (size 100) for chunk ChunkInfo{chunkName='114109937438294023_chunk_6_block_2, offset=600, len=100}
2025-03-05 12:57:45,442 [BlockDeletingService#0] INFO  impl.FilePerChunkStrategy (FilePerChunkStrategy.java:deleteChunk(327)) - Deleted chunk file /tmp/junit-14389805976096777752/hdds/e5052011-d571-43cd-bc42-fa5fe7e0014b/current/containerDir0/114109937433313284/chunks/114109937438294023_chunk_7_block_2 (size 100) for chunk ChunkInfo{chunkName='114109937438294023_chunk_7_block_2, offset=700, len=100}
2025-03-05 12:57:45,442 [BlockDeletingService#0] INFO  impl.FilePerChunkStrategy (FilePerChunkStrategy.java:deleteChunk(327)) - Deleted chunk file /tmp/junit-14389805976096777752/hdds/e5052011-d571-43cd-bc42-fa5fe7e0014b/current/containerDir0/114109937433313284/chunks/114109937438294023_chunk_8_block_2 (size 100) for chunk ChunkInfo{chunkName='114109937438294023_chunk_8_block_2, offset=800, len=100}
2025-03-05 12:57:45,443 [BlockDeletingService#0] INFO  impl.FilePerChunkStrategy (FilePerChunkStrategy.java:deleteChunk(327)) - Deleted chunk file /tmp/junit-14389805976096777752/hdds/e5052011-d571-43cd-bc42-fa5fe7e0014b/current/containerDir0/114109937433313284/chunks/114109937438294023_chunk_9_block_2 (size 100) for chunk ChunkInfo{chunkName='114109937438294023_chunk_9_block_2, offset=900, len=100}
2025-03-05 12:57:45,446 [BlockDeletingService#0] WARN  utils.BackgroundService (BackgroundService.java:lambda$run$0(151)) - BlockDeletingService Background task execution took 16755094ns > 0ns(timeout)
2025-03-05 12:57:45,527 [main] INFO  utils.BackgroundService (BackgroundService.java:shutdown(162)) - Shutting down service BlockDeletingService
]]></system-out>
  </testcase>
  <testcase name="testContainerMaxLockHoldingTime(ContainerTestVersionInfo)[3]" classname="org.apache.hadoop.ozone.container.common.TestBlockDeletingService" time="0.375">
    <system-out><![CDATA[2025-03-05 12:57:45,539 [main] INFO  db.CodecBuffer (CodecBuffer.java:set(62)) - Successfully set constructor to LeakDetector::newCodecBuffer: org.apache.hadoop.hdds.utils.db.CodecBuffer$$Lambda/0x00007ff600206790@3b809711
2025-03-05 12:57:45,564 [main] INFO  volume.HddsVolume (HddsVolume.java:<init>(132)) - Creating HddsVolume: /tmp/junit-10913918176059244254/hdds of storage type: DISK, capacity=9222449699674390527, used=0, available=9222449699674390527
2025-03-05 12:57:45,566 [main] INFO  volume.MutableVolumeSet (MutableVolumeSet.java:initializeVolumeSet(169)) - Added Volume : /tmp/junit-10913918176059244254/hdds to VolumeSet
2025-03-05 12:57:45,598 [main] INFO  utils.DatanodeStoreCache (DatanodeStoreCache.java:addDB(71)) - Added db /tmp/junit-10913918176059244254/hdds/e1bb9782-1cb0-45e4-aa1c-4f72ab7fe856/DS-ccf920ab-f591-444c-8526-16ed8f07067a/container.db to cache
2025-03-05 12:57:45,599 [main] INFO  volume.HddsVolume (HddsVolume.java:createDbStore(446)) - SchemaV3 db is created and loaded at /tmp/junit-10913918176059244254/hdds/e1bb9782-1cb0-45e4-aa1c-4f72ab7fe856/DS-ccf920ab-f591-444c-8526-16ed8f07067a/container.db for volume DS-ccf920ab-f591-444c-8526-16ed8f07067a
2025-03-05 12:57:45,602 [main] INFO  impl.FilePerChunkStrategy (FilePerChunkStrategy.java:<init>(79)) - ozone.chunk.read.mapped.buffer.max.count is load with 0
2025-03-05 12:57:45,699 [main] INFO  impl.FilePerChunkStrategy (FilePerChunkStrategy.java:<init>(79)) - ozone.chunk.read.mapped.buffer.max.count is load with 0
2025-03-05 12:57:45,699 [main] INFO  impl.FilePerBlockStrategy (FilePerBlockStrategy.java:<init>(87)) - ozone.chunk.read.mapped.buffer.max.count is load with 0
2025-03-05 12:57:45,805 [BlockDeletingService#0] INFO  interfaces.ContainerDeletionChoosingPolicyTemplate (ContainerDeletionChoosingPolicyTemplate.java:chooseContainerForBlockDeletion(83)) - Chosen 3/0 blocks from 1 candidate containers.
2025-03-05 12:57:45,814 [BlockDeletingService#0] INFO  impl.FilePerChunkStrategy (FilePerChunkStrategy.java:deleteChunk(327)) - Deleted chunk file /tmp/junit-10913918176059244254/hdds/e1bb9782-1cb0-45e4-aa1c-4f72ab7fe856/current/containerDir128/114109937458806792/chunks/114109937461231625_chunk_0_block_0 (size 100) for chunk ChunkInfo{chunkName='114109937461231625_chunk_0_block_0, offset=0, len=100}
2025-03-05 12:57:45,815 [BlockDeletingService#0] INFO  impl.FilePerChunkStrategy (FilePerChunkStrategy.java:deleteChunk(327)) - Deleted chunk file /tmp/junit-10913918176059244254/hdds/e1bb9782-1cb0-45e4-aa1c-4f72ab7fe856/current/containerDir128/114109937458806792/chunks/114109937461231625_chunk_1_block_0 (size 100) for chunk ChunkInfo{chunkName='114109937461231625_chunk_1_block_0, offset=100, len=100}
2025-03-05 12:57:45,815 [BlockDeletingService#0] INFO  impl.FilePerChunkStrategy (FilePerChunkStrategy.java:deleteChunk(327)) - Deleted chunk file /tmp/junit-10913918176059244254/hdds/e1bb9782-1cb0-45e4-aa1c-4f72ab7fe856/current/containerDir128/114109937458806792/chunks/114109937461231625_chunk_2_block_0 (size 100) for chunk ChunkInfo{chunkName='114109937461231625_chunk_2_block_0, offset=200, len=100}
2025-03-05 12:57:45,816 [BlockDeletingService#0] INFO  impl.FilePerChunkStrategy (FilePerChunkStrategy.java:deleteChunk(327)) - Deleted chunk file /tmp/junit-10913918176059244254/hdds/e1bb9782-1cb0-45e4-aa1c-4f72ab7fe856/current/containerDir128/114109937458806792/chunks/114109937461231625_chunk_3_block_0 (size 100) for chunk ChunkInfo{chunkName='114109937461231625_chunk_3_block_0, offset=300, len=100}
2025-03-05 12:57:45,816 [BlockDeletingService#0] INFO  impl.FilePerChunkStrategy (FilePerChunkStrategy.java:deleteChunk(327)) - Deleted chunk file /tmp/junit-10913918176059244254/hdds/e1bb9782-1cb0-45e4-aa1c-4f72ab7fe856/current/containerDir128/114109937458806792/chunks/114109937461231625_chunk_4_block_0 (size 100) for chunk ChunkInfo{chunkName='114109937461231625_chunk_4_block_0, offset=400, len=100}
2025-03-05 12:57:45,816 [BlockDeletingService#0] INFO  impl.FilePerChunkStrategy (FilePerChunkStrategy.java:deleteChunk(327)) - Deleted chunk file /tmp/junit-10913918176059244254/hdds/e1bb9782-1cb0-45e4-aa1c-4f72ab7fe856/current/containerDir128/114109937458806792/chunks/114109937461231625_chunk_5_block_0 (size 100) for chunk ChunkInfo{chunkName='114109937461231625_chunk_5_block_0, offset=500, len=100}
2025-03-05 12:57:45,816 [BlockDeletingService#0] INFO  impl.FilePerChunkStrategy (FilePerChunkStrategy.java:deleteChunk(327)) - Deleted chunk file /tmp/junit-10913918176059244254/hdds/e1bb9782-1cb0-45e4-aa1c-4f72ab7fe856/current/containerDir128/114109937458806792/chunks/114109937461231625_chunk_6_block_0 (size 100) for chunk ChunkInfo{chunkName='114109937461231625_chunk_6_block_0, offset=600, len=100}
2025-03-05 12:57:45,817 [BlockDeletingService#0] INFO  impl.FilePerChunkStrategy (FilePerChunkStrategy.java:deleteChunk(327)) - Deleted chunk file /tmp/junit-10913918176059244254/hdds/e1bb9782-1cb0-45e4-aa1c-4f72ab7fe856/current/containerDir128/114109937458806792/chunks/114109937461231625_chunk_7_block_0 (size 100) for chunk ChunkInfo{chunkName='114109937461231625_chunk_7_block_0, offset=700, len=100}
2025-03-05 12:57:45,817 [BlockDeletingService#0] INFO  impl.FilePerChunkStrategy (FilePerChunkStrategy.java:deleteChunk(327)) - Deleted chunk file /tmp/junit-10913918176059244254/hdds/e1bb9782-1cb0-45e4-aa1c-4f72ab7fe856/current/containerDir128/114109937458806792/chunks/114109937461231625_chunk_8_block_0 (size 100) for chunk ChunkInfo{chunkName='114109937461231625_chunk_8_block_0, offset=800, len=100}
2025-03-05 12:57:45,817 [BlockDeletingService#0] INFO  impl.FilePerChunkStrategy (FilePerChunkStrategy.java:deleteChunk(327)) - Deleted chunk file /tmp/junit-10913918176059244254/hdds/e1bb9782-1cb0-45e4-aa1c-4f72ab7fe856/current/containerDir128/114109937458806792/chunks/114109937461231625_chunk_9_block_0 (size 100) for chunk ChunkInfo{chunkName='114109937461231625_chunk_9_block_0, offset=900, len=100}
2025-03-05 12:57:45,817 [BlockDeletingService#0] INFO  background.BlockDeletingTask (BlockDeletingTask.java:deleteTransactions(494)) - Max lock hold time (-1 ms) reached after 5 ms. Completed 1 transactions, deleted 1 blocks. In container: 114109937458806792. Releasing lock and resuming deletion later.
2025-03-05 12:57:45,822 [BlockDeletingService#0] INFO  impl.FilePerChunkStrategy (FilePerChunkStrategy.java:deleteChunk(327)) - Deleted chunk file /tmp/junit-10913918176059244254/hdds/e1bb9782-1cb0-45e4-aa1c-4f72ab7fe856/current/containerDir128/114109937458806792/chunks/114109937462607882_chunk_0_block_1 (size 100) for chunk ChunkInfo{chunkName='114109937462607882_chunk_0_block_1, offset=0, len=100}
2025-03-05 12:57:45,822 [BlockDeletingService#0] INFO  impl.FilePerChunkStrategy (FilePerChunkStrategy.java:deleteChunk(327)) - Deleted chunk file /tmp/junit-10913918176059244254/hdds/e1bb9782-1cb0-45e4-aa1c-4f72ab7fe856/current/containerDir128/114109937458806792/chunks/114109937462607882_chunk_1_block_1 (size 100) for chunk ChunkInfo{chunkName='114109937462607882_chunk_1_block_1, offset=100, len=100}
2025-03-05 12:57:45,822 [BlockDeletingService#0] INFO  impl.FilePerChunkStrategy (FilePerChunkStrategy.java:deleteChunk(327)) - Deleted chunk file /tmp/junit-10913918176059244254/hdds/e1bb9782-1cb0-45e4-aa1c-4f72ab7fe856/current/containerDir128/114109937458806792/chunks/114109937462607882_chunk_2_block_1 (size 100) for chunk ChunkInfo{chunkName='114109937462607882_chunk_2_block_1, offset=200, len=100}
2025-03-05 12:57:45,823 [BlockDeletingService#0] INFO  impl.FilePerChunkStrategy (FilePerChunkStrategy.java:deleteChunk(327)) - Deleted chunk file /tmp/junit-10913918176059244254/hdds/e1bb9782-1cb0-45e4-aa1c-4f72ab7fe856/current/containerDir128/114109937458806792/chunks/114109937462607882_chunk_3_block_1 (size 100) for chunk ChunkInfo{chunkName='114109937462607882_chunk_3_block_1, offset=300, len=100}
2025-03-05 12:57:45,823 [BlockDeletingService#0] INFO  impl.FilePerChunkStrategy (FilePerChunkStrategy.java:deleteChunk(327)) - Deleted chunk file /tmp/junit-10913918176059244254/hdds/e1bb9782-1cb0-45e4-aa1c-4f72ab7fe856/current/containerDir128/114109937458806792/chunks/114109937462607882_chunk_4_block_1 (size 100) for chunk ChunkInfo{chunkName='114109937462607882_chunk_4_block_1, offset=400, len=100}
2025-03-05 12:57:45,823 [BlockDeletingService#0] INFO  impl.FilePerChunkStrategy (FilePerChunkStrategy.java:deleteChunk(327)) - Deleted chunk file /tmp/junit-10913918176059244254/hdds/e1bb9782-1cb0-45e4-aa1c-4f72ab7fe856/current/containerDir128/114109937458806792/chunks/114109937462607882_chunk_5_block_1 (size 100) for chunk ChunkInfo{chunkName='114109937462607882_chunk_5_block_1, offset=500, len=100}
2025-03-05 12:57:45,824 [BlockDeletingService#0] INFO  impl.FilePerChunkStrategy (FilePerChunkStrategy.java:deleteChunk(327)) - Deleted chunk file /tmp/junit-10913918176059244254/hdds/e1bb9782-1cb0-45e4-aa1c-4f72ab7fe856/current/containerDir128/114109937458806792/chunks/114109937462607882_chunk_6_block_1 (size 100) for chunk ChunkInfo{chunkName='114109937462607882_chunk_6_block_1, offset=600, len=100}
2025-03-05 12:57:45,824 [BlockDeletingService#0] INFO  impl.FilePerChunkStrategy (FilePerChunkStrategy.java:deleteChunk(327)) - Deleted chunk file /tmp/junit-10913918176059244254/hdds/e1bb9782-1cb0-45e4-aa1c-4f72ab7fe856/current/containerDir128/114109937458806792/chunks/114109937462607882_chunk_7_block_1 (size 100) for chunk ChunkInfo{chunkName='114109937462607882_chunk_7_block_1, offset=700, len=100}
2025-03-05 12:57:45,824 [BlockDeletingService#0] INFO  impl.FilePerChunkStrategy (FilePerChunkStrategy.java:deleteChunk(327)) - Deleted chunk file /tmp/junit-10913918176059244254/hdds/e1bb9782-1cb0-45e4-aa1c-4f72ab7fe856/current/containerDir128/114109937458806792/chunks/114109937462607882_chunk_8_block_1 (size 100) for chunk ChunkInfo{chunkName='114109937462607882_chunk_8_block_1, offset=800, len=100}
2025-03-05 12:57:45,824 [BlockDeletingService#0] INFO  impl.FilePerChunkStrategy (FilePerChunkStrategy.java:deleteChunk(327)) - Deleted chunk file /tmp/junit-10913918176059244254/hdds/e1bb9782-1cb0-45e4-aa1c-4f72ab7fe856/current/containerDir128/114109937458806792/chunks/114109937462607882_chunk_9_block_1 (size 100) for chunk ChunkInfo{chunkName='114109937462607882_chunk_9_block_1, offset=900, len=100}
2025-03-05 12:57:45,825 [BlockDeletingService#0] INFO  background.BlockDeletingTask (BlockDeletingTask.java:deleteTransactions(494)) - Max lock hold time (-1 ms) reached after 3 ms. Completed 1 transactions, deleted 1 blocks. In container: 114109937458806792. Releasing lock and resuming deletion later.
2025-03-05 12:57:45,828 [BlockDeletingService#0] INFO  impl.FilePerChunkStrategy (FilePerChunkStrategy.java:deleteChunk(327)) - Deleted chunk file /tmp/junit-10913918176059244254/hdds/e1bb9782-1cb0-45e4-aa1c-4f72ab7fe856/current/containerDir128/114109937458806792/chunks/114109937463263243_chunk_0_block_2 (size 100) for chunk ChunkInfo{chunkName='114109937463263243_chunk_0_block_2, offset=0, len=100}
2025-03-05 12:57:45,829 [BlockDeletingService#0] INFO  impl.FilePerChunkStrategy (FilePerChunkStrategy.java:deleteChunk(327)) - Deleted chunk file /tmp/junit-10913918176059244254/hdds/e1bb9782-1cb0-45e4-aa1c-4f72ab7fe856/current/containerDir128/114109937458806792/chunks/114109937463263243_chunk_1_block_2 (size 100) for chunk ChunkInfo{chunkName='114109937463263243_chunk_1_block_2, offset=100, len=100}
2025-03-05 12:57:45,829 [BlockDeletingService#0] INFO  impl.FilePerChunkStrategy (FilePerChunkStrategy.java:deleteChunk(327)) - Deleted chunk file /tmp/junit-10913918176059244254/hdds/e1bb9782-1cb0-45e4-aa1c-4f72ab7fe856/current/containerDir128/114109937458806792/chunks/114109937463263243_chunk_2_block_2 (size 100) for chunk ChunkInfo{chunkName='114109937463263243_chunk_2_block_2, offset=200, len=100}
2025-03-05 12:57:45,830 [BlockDeletingService#0] INFO  impl.FilePerChunkStrategy (FilePerChunkStrategy.java:deleteChunk(327)) - Deleted chunk file /tmp/junit-10913918176059244254/hdds/e1bb9782-1cb0-45e4-aa1c-4f72ab7fe856/current/containerDir128/114109937458806792/chunks/114109937463263243_chunk_3_block_2 (size 100) for chunk ChunkInfo{chunkName='114109937463263243_chunk_3_block_2, offset=300, len=100}
2025-03-05 12:57:45,830 [BlockDeletingService#0] INFO  impl.FilePerChunkStrategy (FilePerChunkStrategy.java:deleteChunk(327)) - Deleted chunk file /tmp/junit-10913918176059244254/hdds/e1bb9782-1cb0-45e4-aa1c-4f72ab7fe856/current/containerDir128/114109937458806792/chunks/114109937463263243_chunk_4_block_2 (size 100) for chunk ChunkInfo{chunkName='114109937463263243_chunk_4_block_2, offset=400, len=100}
2025-03-05 12:57:45,831 [BlockDeletingService#0] INFO  impl.FilePerChunkStrategy (FilePerChunkStrategy.java:deleteChunk(327)) - Deleted chunk file /tmp/junit-10913918176059244254/hdds/e1bb9782-1cb0-45e4-aa1c-4f72ab7fe856/current/containerDir128/114109937458806792/chunks/114109937463263243_chunk_5_block_2 (size 100) for chunk ChunkInfo{chunkName='114109937463263243_chunk_5_block_2, offset=500, len=100}
2025-03-05 12:57:45,831 [BlockDeletingService#0] INFO  impl.FilePerChunkStrategy (FilePerChunkStrategy.java:deleteChunk(327)) - Deleted chunk file /tmp/junit-10913918176059244254/hdds/e1bb9782-1cb0-45e4-aa1c-4f72ab7fe856/current/containerDir128/114109937458806792/chunks/114109937463263243_chunk_6_block_2 (size 100) for chunk ChunkInfo{chunkName='114109937463263243_chunk_6_block_2, offset=600, len=100}
2025-03-05 12:57:45,831 [BlockDeletingService#0] INFO  impl.FilePerChunkStrategy (FilePerChunkStrategy.java:deleteChunk(327)) - Deleted chunk file /tmp/junit-10913918176059244254/hdds/e1bb9782-1cb0-45e4-aa1c-4f72ab7fe856/current/containerDir128/114109937458806792/chunks/114109937463263243_chunk_7_block_2 (size 100) for chunk ChunkInfo{chunkName='114109937463263243_chunk_7_block_2, offset=700, len=100}
2025-03-05 12:57:45,832 [BlockDeletingService#0] INFO  impl.FilePerChunkStrategy (FilePerChunkStrategy.java:deleteChunk(327)) - Deleted chunk file /tmp/junit-10913918176059244254/hdds/e1bb9782-1cb0-45e4-aa1c-4f72ab7fe856/current/containerDir128/114109937458806792/chunks/114109937463263243_chunk_8_block_2 (size 100) for chunk ChunkInfo{chunkName='114109937463263243_chunk_8_block_2, offset=800, len=100}
2025-03-05 12:57:45,832 [BlockDeletingService#0] INFO  impl.FilePerChunkStrategy (FilePerChunkStrategy.java:deleteChunk(327)) - Deleted chunk file /tmp/junit-10913918176059244254/hdds/e1bb9782-1cb0-45e4-aa1c-4f72ab7fe856/current/containerDir128/114109937458806792/chunks/114109937463263243_chunk_9_block_2 (size 100) for chunk ChunkInfo{chunkName='114109937463263243_chunk_9_block_2, offset=900, len=100}
2025-03-05 12:57:45,833 [BlockDeletingService#0] WARN  utils.BackgroundService (BackgroundService.java:lambda$run$0(151)) - BlockDeletingService Background task execution took 27204646ns > 0ns(timeout)
2025-03-05 12:57:45,906 [main] INFO  utils.BackgroundService (BackgroundService.java:shutdown(162)) - Shutting down service BlockDeletingService
]]></system-out>
  </testcase>
  <testcase name="testContainerMaxLockHoldingTime(ContainerTestVersionInfo)[4]" classname="org.apache.hadoop.ozone.container.common.TestBlockDeletingService" time="0.318">
    <system-out><![CDATA[2025-03-05 12:57:45,916 [main] INFO  db.CodecBuffer (CodecBuffer.java:set(62)) - Successfully set constructor to LeakDetector::newCodecBuffer: org.apache.hadoop.hdds.utils.db.CodecBuffer$$Lambda/0x00007ff600206790@3b809711
2025-03-05 12:57:45,933 [main] INFO  volume.HddsVolume (HddsVolume.java:<init>(132)) - Creating HddsVolume: /tmp/junit-5349683347295788901/hdds of storage type: DISK, capacity=9222449699674390527, used=0, available=9222449699674390527
2025-03-05 12:57:45,934 [main] INFO  volume.MutableVolumeSet (MutableVolumeSet.java:initializeVolumeSet(169)) - Added Volume : /tmp/junit-5349683347295788901/hdds to VolumeSet
2025-03-05 12:57:45,965 [main] INFO  utils.DatanodeStoreCache (DatanodeStoreCache.java:addDB(71)) - Added db /tmp/junit-5349683347295788901/hdds/0b456837-fc41-465e-94ac-732aaf551c4c/DS-46586e3f-3347-46e3-93ba-b528f74c0827/container.db to cache
2025-03-05 12:57:45,965 [main] INFO  volume.HddsVolume (HddsVolume.java:createDbStore(446)) - SchemaV3 db is created and loaded at /tmp/junit-5349683347295788901/hdds/0b456837-fc41-465e-94ac-732aaf551c4c/DS-46586e3f-3347-46e3-93ba-b528f74c0827/container.db for volume DS-46586e3f-3347-46e3-93ba-b528f74c0827
2025-03-05 12:57:45,968 [main] INFO  impl.FilePerChunkStrategy (FilePerChunkStrategy.java:<init>(79)) - ozone.chunk.read.mapped.buffer.max.count is load with 0
2025-03-05 12:57:46,022 [main] INFO  impl.FilePerChunkStrategy (FilePerChunkStrategy.java:<init>(79)) - ozone.chunk.read.mapped.buffer.max.count is load with 0
2025-03-05 12:57:46,022 [main] INFO  impl.FilePerBlockStrategy (FilePerBlockStrategy.java:<init>(87)) - ozone.chunk.read.mapped.buffer.max.count is load with 0
2025-03-05 12:57:46,127 [BlockDeletingService#0] INFO  interfaces.ContainerDeletionChoosingPolicyTemplate (ContainerDeletionChoosingPolicyTemplate.java:chooseContainerForBlockDeletion(83)) - Chosen 3/0 blocks from 1 candidate containers.
2025-03-05 12:57:46,136 [BlockDeletingService#0] INFO  impl.FilePerChunkStrategy (FilePerChunkStrategy.java:deleteChunk(327)) - Deleted chunk file /tmp/junit-5349683347295788901/hdds/0b456837-fc41-465e-94ac-732aaf551c4c/current/containerDir0/114109937482465292/chunks/114109937482924045_chunk_0_block_0 (size 100) for chunk ChunkInfo{chunkName='114109937482924045_chunk_0_block_0, offset=0, len=100}
2025-03-05 12:57:46,136 [BlockDeletingService#0] INFO  impl.FilePerChunkStrategy (FilePerChunkStrategy.java:deleteChunk(327)) - Deleted chunk file /tmp/junit-5349683347295788901/hdds/0b456837-fc41-465e-94ac-732aaf551c4c/current/containerDir0/114109937482465292/chunks/114109937482924045_chunk_1_block_0 (size 100) for chunk ChunkInfo{chunkName='114109937482924045_chunk_1_block_0, offset=100, len=100}
2025-03-05 12:57:46,136 [BlockDeletingService#0] INFO  impl.FilePerChunkStrategy (FilePerChunkStrategy.java:deleteChunk(327)) - Deleted chunk file /tmp/junit-5349683347295788901/hdds/0b456837-fc41-465e-94ac-732aaf551c4c/current/containerDir0/114109937482465292/chunks/114109937482924045_chunk_2_block_0 (size 100) for chunk ChunkInfo{chunkName='114109937482924045_chunk_2_block_0, offset=200, len=100}
2025-03-05 12:57:46,136 [BlockDeletingService#0] INFO  impl.FilePerChunkStrategy (FilePerChunkStrategy.java:deleteChunk(327)) - Deleted chunk file /tmp/junit-5349683347295788901/hdds/0b456837-fc41-465e-94ac-732aaf551c4c/current/containerDir0/114109937482465292/chunks/114109937482924045_chunk_3_block_0 (size 100) for chunk ChunkInfo{chunkName='114109937482924045_chunk_3_block_0, offset=300, len=100}
2025-03-05 12:57:46,137 [BlockDeletingService#0] INFO  impl.FilePerChunkStrategy (FilePerChunkStrategy.java:deleteChunk(327)) - Deleted chunk file /tmp/junit-5349683347295788901/hdds/0b456837-fc41-465e-94ac-732aaf551c4c/current/containerDir0/114109937482465292/chunks/114109937482924045_chunk_4_block_0 (size 100) for chunk ChunkInfo{chunkName='114109937482924045_chunk_4_block_0, offset=400, len=100}
2025-03-05 12:57:46,137 [BlockDeletingService#0] INFO  impl.FilePerChunkStrategy (FilePerChunkStrategy.java:deleteChunk(327)) - Deleted chunk file /tmp/junit-5349683347295788901/hdds/0b456837-fc41-465e-94ac-732aaf551c4c/current/containerDir0/114109937482465292/chunks/114109937482924045_chunk_5_block_0 (size 100) for chunk ChunkInfo{chunkName='114109937482924045_chunk_5_block_0, offset=500, len=100}
2025-03-05 12:57:46,137 [BlockDeletingService#0] INFO  impl.FilePerChunkStrategy (FilePerChunkStrategy.java:deleteChunk(327)) - Deleted chunk file /tmp/junit-5349683347295788901/hdds/0b456837-fc41-465e-94ac-732aaf551c4c/current/containerDir0/114109937482465292/chunks/114109937482924045_chunk_6_block_0 (size 100) for chunk ChunkInfo{chunkName='114109937482924045_chunk_6_block_0, offset=600, len=100}
2025-03-05 12:57:46,137 [BlockDeletingService#0] INFO  impl.FilePerChunkStrategy (FilePerChunkStrategy.java:deleteChunk(327)) - Deleted chunk file /tmp/junit-5349683347295788901/hdds/0b456837-fc41-465e-94ac-732aaf551c4c/current/containerDir0/114109937482465292/chunks/114109937482924045_chunk_7_block_0 (size 100) for chunk ChunkInfo{chunkName='114109937482924045_chunk_7_block_0, offset=700, len=100}
2025-03-05 12:57:46,137 [BlockDeletingService#0] INFO  impl.FilePerChunkStrategy (FilePerChunkStrategy.java:deleteChunk(327)) - Deleted chunk file /tmp/junit-5349683347295788901/hdds/0b456837-fc41-465e-94ac-732aaf551c4c/current/containerDir0/114109937482465292/chunks/114109937482924045_chunk_8_block_0 (size 100) for chunk ChunkInfo{chunkName='114109937482924045_chunk_8_block_0, offset=800, len=100}
2025-03-05 12:57:46,138 [BlockDeletingService#0] INFO  impl.FilePerChunkStrategy (FilePerChunkStrategy.java:deleteChunk(327)) - Deleted chunk file /tmp/junit-5349683347295788901/hdds/0b456837-fc41-465e-94ac-732aaf551c4c/current/containerDir0/114109937482465292/chunks/114109937482924045_chunk_9_block_0 (size 100) for chunk ChunkInfo{chunkName='114109937482924045_chunk_9_block_0, offset=900, len=100}
2025-03-05 12:57:46,138 [BlockDeletingService#0] INFO  background.BlockDeletingTask (BlockDeletingTask.java:deleteTransactions(494)) - Max lock hold time (-1 ms) reached after 3 ms. Completed 1 transactions, deleted 1 blocks. In container: 114109937482465292. Releasing lock and resuming deletion later.
2025-03-05 12:57:46,141 [BlockDeletingService#0] INFO  impl.FilePerChunkStrategy (FilePerChunkStrategy.java:deleteChunk(327)) - Deleted chunk file /tmp/junit-5349683347295788901/hdds/0b456837-fc41-465e-94ac-732aaf551c4c/current/containerDir0/114109937482465292/chunks/114109937483776014_chunk_0_block_1 (size 100) for chunk ChunkInfo{chunkName='114109937483776014_chunk_0_block_1, offset=0, len=100}
2025-03-05 12:57:46,142 [BlockDeletingService#0] INFO  impl.FilePerChunkStrategy (FilePerChunkStrategy.java:deleteChunk(327)) - Deleted chunk file /tmp/junit-5349683347295788901/hdds/0b456837-fc41-465e-94ac-732aaf551c4c/current/containerDir0/114109937482465292/chunks/114109937483776014_chunk_1_block_1 (size 100) for chunk ChunkInfo{chunkName='114109937483776014_chunk_1_block_1, offset=100, len=100}
2025-03-05 12:57:46,142 [BlockDeletingService#0] INFO  impl.FilePerChunkStrategy (FilePerChunkStrategy.java:deleteChunk(327)) - Deleted chunk file /tmp/junit-5349683347295788901/hdds/0b456837-fc41-465e-94ac-732aaf551c4c/current/containerDir0/114109937482465292/chunks/114109937483776014_chunk_2_block_1 (size 100) for chunk ChunkInfo{chunkName='114109937483776014_chunk_2_block_1, offset=200, len=100}
2025-03-05 12:57:46,142 [BlockDeletingService#0] INFO  impl.FilePerChunkStrategy (FilePerChunkStrategy.java:deleteChunk(327)) - Deleted chunk file /tmp/junit-5349683347295788901/hdds/0b456837-fc41-465e-94ac-732aaf551c4c/current/containerDir0/114109937482465292/chunks/114109937483776014_chunk_3_block_1 (size 100) for chunk ChunkInfo{chunkName='114109937483776014_chunk_3_block_1, offset=300, len=100}
2025-03-05 12:57:46,142 [BlockDeletingService#0] INFO  impl.FilePerChunkStrategy (FilePerChunkStrategy.java:deleteChunk(327)) - Deleted chunk file /tmp/junit-5349683347295788901/hdds/0b456837-fc41-465e-94ac-732aaf551c4c/current/containerDir0/114109937482465292/chunks/114109937483776014_chunk_4_block_1 (size 100) for chunk ChunkInfo{chunkName='114109937483776014_chunk_4_block_1, offset=400, len=100}
2025-03-05 12:57:46,143 [BlockDeletingService#0] INFO  impl.FilePerChunkStrategy (FilePerChunkStrategy.java:deleteChunk(327)) - Deleted chunk file /tmp/junit-5349683347295788901/hdds/0b456837-fc41-465e-94ac-732aaf551c4c/current/containerDir0/114109937482465292/chunks/114109937483776014_chunk_5_block_1 (size 100) for chunk ChunkInfo{chunkName='114109937483776014_chunk_5_block_1, offset=500, len=100}
2025-03-05 12:57:46,143 [BlockDeletingService#0] INFO  impl.FilePerChunkStrategy (FilePerChunkStrategy.java:deleteChunk(327)) - Deleted chunk file /tmp/junit-5349683347295788901/hdds/0b456837-fc41-465e-94ac-732aaf551c4c/current/containerDir0/114109937482465292/chunks/114109937483776014_chunk_6_block_1 (size 100) for chunk ChunkInfo{chunkName='114109937483776014_chunk_6_block_1, offset=600, len=100}
2025-03-05 12:57:46,143 [BlockDeletingService#0] INFO  impl.FilePerChunkStrategy (FilePerChunkStrategy.java:deleteChunk(327)) - Deleted chunk file /tmp/junit-5349683347295788901/hdds/0b456837-fc41-465e-94ac-732aaf551c4c/current/containerDir0/114109937482465292/chunks/114109937483776014_chunk_7_block_1 (size 100) for chunk ChunkInfo{chunkName='114109937483776014_chunk_7_block_1, offset=700, len=100}
2025-03-05 12:57:46,143 [BlockDeletingService#0] INFO  impl.FilePerChunkStrategy (FilePerChunkStrategy.java:deleteChunk(327)) - Deleted chunk file /tmp/junit-5349683347295788901/hdds/0b456837-fc41-465e-94ac-732aaf551c4c/current/containerDir0/114109937482465292/chunks/114109937483776014_chunk_8_block_1 (size 100) for chunk ChunkInfo{chunkName='114109937483776014_chunk_8_block_1, offset=800, len=100}
2025-03-05 12:57:46,143 [BlockDeletingService#0] INFO  impl.FilePerChunkStrategy (FilePerChunkStrategy.java:deleteChunk(327)) - Deleted chunk file /tmp/junit-5349683347295788901/hdds/0b456837-fc41-465e-94ac-732aaf551c4c/current/containerDir0/114109937482465292/chunks/114109937483776014_chunk_9_block_1 (size 100) for chunk ChunkInfo{chunkName='114109937483776014_chunk_9_block_1, offset=900, len=100}
2025-03-05 12:57:46,144 [BlockDeletingService#0] INFO  background.BlockDeletingTask (BlockDeletingTask.java:deleteTransactions(494)) - Max lock hold time (-1 ms) reached after 3 ms. Completed 1 transactions, deleted 1 blocks. In container: 114109937482465292. Releasing lock and resuming deletion later.
2025-03-05 12:57:46,147 [BlockDeletingService#0] INFO  impl.FilePerChunkStrategy (FilePerChunkStrategy.java:deleteChunk(327)) - Deleted chunk file /tmp/junit-5349683347295788901/hdds/0b456837-fc41-465e-94ac-732aaf551c4c/current/containerDir0/114109937482465292/chunks/114109937484431375_chunk_0_block_2 (size 100) for chunk ChunkInfo{chunkName='114109937484431375_chunk_0_block_2, offset=0, len=100}
2025-03-05 12:57:46,148 [BlockDeletingService#0] INFO  impl.FilePerChunkStrategy (FilePerChunkStrategy.java:deleteChunk(327)) - Deleted chunk file /tmp/junit-5349683347295788901/hdds/0b456837-fc41-465e-94ac-732aaf551c4c/current/containerDir0/114109937482465292/chunks/114109937484431375_chunk_1_block_2 (size 100) for chunk ChunkInfo{chunkName='114109937484431375_chunk_1_block_2, offset=100, len=100}
2025-03-05 12:57:46,148 [BlockDeletingService#0] INFO  impl.FilePerChunkStrategy (FilePerChunkStrategy.java:deleteChunk(327)) - Deleted chunk file /tmp/junit-5349683347295788901/hdds/0b456837-fc41-465e-94ac-732aaf551c4c/current/containerDir0/114109937482465292/chunks/114109937484431375_chunk_2_block_2 (size 100) for chunk ChunkInfo{chunkName='114109937484431375_chunk_2_block_2, offset=200, len=100}
2025-03-05 12:57:46,148 [BlockDeletingService#0] INFO  impl.FilePerChunkStrategy (FilePerChunkStrategy.java:deleteChunk(327)) - Deleted chunk file /tmp/junit-5349683347295788901/hdds/0b456837-fc41-465e-94ac-732aaf551c4c/current/containerDir0/114109937482465292/chunks/114109937484431375_chunk_3_block_2 (size 100) for chunk ChunkInfo{chunkName='114109937484431375_chunk_3_block_2, offset=300, len=100}
2025-03-05 12:57:46,148 [BlockDeletingService#0] INFO  impl.FilePerChunkStrategy (FilePerChunkStrategy.java:deleteChunk(327)) - Deleted chunk file /tmp/junit-5349683347295788901/hdds/0b456837-fc41-465e-94ac-732aaf551c4c/current/containerDir0/114109937482465292/chunks/114109937484431375_chunk_4_block_2 (size 100) for chunk ChunkInfo{chunkName='114109937484431375_chunk_4_block_2, offset=400, len=100}
2025-03-05 12:57:46,149 [BlockDeletingService#0] INFO  impl.FilePerChunkStrategy (FilePerChunkStrategy.java:deleteChunk(327)) - Deleted chunk file /tmp/junit-5349683347295788901/hdds/0b456837-fc41-465e-94ac-732aaf551c4c/current/containerDir0/114109937482465292/chunks/114109937484431375_chunk_5_block_2 (size 100) for chunk ChunkInfo{chunkName='114109937484431375_chunk_5_block_2, offset=500, len=100}
2025-03-05 12:57:46,149 [BlockDeletingService#0] INFO  impl.FilePerChunkStrategy (FilePerChunkStrategy.java:deleteChunk(327)) - Deleted chunk file /tmp/junit-5349683347295788901/hdds/0b456837-fc41-465e-94ac-732aaf551c4c/current/containerDir0/114109937482465292/chunks/114109937484431375_chunk_6_block_2 (size 100) for chunk ChunkInfo{chunkName='114109937484431375_chunk_6_block_2, offset=600, len=100}
2025-03-05 12:57:46,149 [BlockDeletingService#0] INFO  impl.FilePerChunkStrategy (FilePerChunkStrategy.java:deleteChunk(327)) - Deleted chunk file /tmp/junit-5349683347295788901/hdds/0b456837-fc41-465e-94ac-732aaf551c4c/current/containerDir0/114109937482465292/chunks/114109937484431375_chunk_7_block_2 (size 100) for chunk ChunkInfo{chunkName='114109937484431375_chunk_7_block_2, offset=700, len=100}
2025-03-05 12:57:46,149 [BlockDeletingService#0] INFO  impl.FilePerChunkStrategy (FilePerChunkStrategy.java:deleteChunk(327)) - Deleted chunk file /tmp/junit-5349683347295788901/hdds/0b456837-fc41-465e-94ac-732aaf551c4c/current/containerDir0/114109937482465292/chunks/114109937484431375_chunk_8_block_2 (size 100) for chunk ChunkInfo{chunkName='114109937484431375_chunk_8_block_2, offset=800, len=100}
2025-03-05 12:57:46,150 [BlockDeletingService#0] INFO  impl.FilePerChunkStrategy (FilePerChunkStrategy.java:deleteChunk(327)) - Deleted chunk file /tmp/junit-5349683347295788901/hdds/0b456837-fc41-465e-94ac-732aaf551c4c/current/containerDir0/114109937482465292/chunks/114109937484431375_chunk_9_block_2 (size 100) for chunk ChunkInfo{chunkName='114109937484431375_chunk_9_block_2, offset=900, len=100}
2025-03-05 12:57:46,153 [BlockDeletingService#0] WARN  utils.BackgroundService (BackgroundService.java:lambda$run$0(151)) - BlockDeletingService Background task execution took 24905123ns > 0ns(timeout)
2025-03-05 12:57:46,226 [main] INFO  utils.BackgroundService (BackgroundService.java:shutdown(162)) - Shutting down service BlockDeletingService
]]></system-out>
  </testcase>
  <testcase name="testContainerMaxLockHoldingTime(ContainerTestVersionInfo)[5]" classname="org.apache.hadoop.ozone.container.common.TestBlockDeletingService" time="0.358">
    <system-out><![CDATA[2025-03-05 12:57:46,236 [main] INFO  db.CodecBuffer (CodecBuffer.java:set(62)) - Successfully set constructor to LeakDetector::newCodecBuffer: org.apache.hadoop.hdds.utils.db.CodecBuffer$$Lambda/0x00007ff600206790@3b809711
2025-03-05 12:57:46,252 [main] INFO  volume.HddsVolume (HddsVolume.java:<init>(132)) - Creating HddsVolume: /tmp/junit-6633615243115113395/hdds of storage type: DISK, capacity=9222449699674390527, used=0, available=9222449699674390527
2025-03-05 12:57:46,254 [main] INFO  volume.MutableVolumeSet (MutableVolumeSet.java:initializeVolumeSet(169)) - Added Volume : /tmp/junit-6633615243115113395/hdds to VolumeSet
2025-03-05 12:57:46,284 [main] INFO  utils.DatanodeStoreCache (DatanodeStoreCache.java:addDB(71)) - Added db /tmp/junit-6633615243115113395/hdds/a41e95f1-60fc-46ad-9c0a-1c68d67dd0a5/DS-36a1967c-8d69-48f4-9073-47f9816da3ed/container.db to cache
2025-03-05 12:57:46,284 [main] INFO  volume.HddsVolume (HddsVolume.java:createDbStore(446)) - SchemaV3 db is created and loaded at /tmp/junit-6633615243115113395/hdds/a41e95f1-60fc-46ad-9c0a-1c68d67dd0a5/DS-36a1967c-8d69-48f4-9073-47f9816da3ed/container.db for volume DS-36a1967c-8d69-48f4-9073-47f9816da3ed
2025-03-05 12:57:46,287 [main] INFO  impl.FilePerBlockStrategy (FilePerBlockStrategy.java:<init>(87)) - ozone.chunk.read.mapped.buffer.max.count is load with 0
2025-03-05 12:57:46,383 [main] INFO  impl.FilePerChunkStrategy (FilePerChunkStrategy.java:<init>(79)) - ozone.chunk.read.mapped.buffer.max.count is load with 0
2025-03-05 12:57:46,383 [main] INFO  impl.FilePerBlockStrategy (FilePerBlockStrategy.java:<init>(87)) - ozone.chunk.read.mapped.buffer.max.count is load with 0
2025-03-05 12:57:46,488 [BlockDeletingService#0] INFO  interfaces.ContainerDeletionChoosingPolicyTemplate (ContainerDeletionChoosingPolicyTemplate.java:chooseContainerForBlockDeletion(83)) - Chosen 3/0 blocks from 1 candidate containers.
2025-03-05 12:57:46,490 [BlockDeletingService#0] INFO  impl.FilePerBlockStrategy (FilePerBlockStrategy.java:deleteChunk(278)) - Deleted block file: /tmp/junit-6633615243115113395/hdds/a41e95f1-60fc-46ad-9c0a-1c68d67dd0a5/current/containerDir0/114109937503961104/chunks/114109937506648081.block
2025-03-05 12:57:46,491 [BlockDeletingService#0] INFO  impl.FilePerBlockStrategy (FilePerBlockStrategy.java:deleteChunk(278)) - Deleted block file: /tmp/junit-6633615243115113395/hdds/a41e95f1-60fc-46ad-9c0a-1c68d67dd0a5/current/containerDir0/114109937503961104/chunks/114109937507762194.block
2025-03-05 12:57:46,492 [BlockDeletingService#0] INFO  impl.FilePerBlockStrategy (FilePerBlockStrategy.java:deleteChunk(278)) - Deleted block file: /tmp/junit-6633615243115113395/hdds/a41e95f1-60fc-46ad-9c0a-1c68d67dd0a5/current/containerDir0/114109937503961104/chunks/114109937508155411.block
2025-03-05 12:57:46,494 [BlockDeletingService#0] WARN  utils.BackgroundService (BackgroundService.java:lambda$run$0(151)) - BlockDeletingService Background task execution took 6052237ns > 0ns(timeout)
2025-03-05 12:57:46,587 [main] INFO  utils.BackgroundService (BackgroundService.java:shutdown(162)) - Shutting down service BlockDeletingService
]]></system-out>
  </testcase>
  <testcase name="testContainerMaxLockHoldingTime(ContainerTestVersionInfo)[6]" classname="org.apache.hadoop.ozone.container.common.TestBlockDeletingService" time="0.32">
    <system-out><![CDATA[2025-03-05 12:57:46,595 [main] INFO  db.CodecBuffer (CodecBuffer.java:set(62)) - Successfully set constructor to LeakDetector::newCodecBuffer: org.apache.hadoop.hdds.utils.db.CodecBuffer$$Lambda/0x00007ff600206790@3b809711
2025-03-05 12:57:46,609 [main] INFO  volume.HddsVolume (HddsVolume.java:<init>(132)) - Creating HddsVolume: /tmp/junit-1184528672501430384/hdds of storage type: DISK, capacity=9222449699674390527, used=0, available=9222449699674390527
2025-03-05 12:57:46,611 [main] INFO  volume.MutableVolumeSet (MutableVolumeSet.java:initializeVolumeSet(169)) - Added Volume : /tmp/junit-1184528672501430384/hdds to VolumeSet
2025-03-05 12:57:46,638 [main] INFO  utils.DatanodeStoreCache (DatanodeStoreCache.java:addDB(71)) - Added db /tmp/junit-1184528672501430384/hdds/010212dd-16b4-4836-9512-d55dd37f0921/DS-ab0d82fb-ec99-4d95-b710-ea82935d69c3/container.db to cache
2025-03-05 12:57:46,638 [main] INFO  volume.HddsVolume (HddsVolume.java:createDbStore(446)) - SchemaV3 db is created and loaded at /tmp/junit-1184528672501430384/hdds/010212dd-16b4-4836-9512-d55dd37f0921/DS-ab0d82fb-ec99-4d95-b710-ea82935d69c3/container.db for volume DS-ab0d82fb-ec99-4d95-b710-ea82935d69c3
2025-03-05 12:57:46,641 [main] INFO  impl.FilePerBlockStrategy (FilePerBlockStrategy.java:<init>(87)) - ozone.chunk.read.mapped.buffer.max.count is load with 0
2025-03-05 12:57:46,704 [main] INFO  impl.FilePerChunkStrategy (FilePerChunkStrategy.java:<init>(79)) - ozone.chunk.read.mapped.buffer.max.count is load with 0
2025-03-05 12:57:46,704 [main] INFO  impl.FilePerBlockStrategy (FilePerBlockStrategy.java:<init>(87)) - ozone.chunk.read.mapped.buffer.max.count is load with 0
2025-03-05 12:57:46,808 [BlockDeletingService#0] INFO  interfaces.ContainerDeletionChoosingPolicyTemplate (ContainerDeletionChoosingPolicyTemplate.java:chooseContainerForBlockDeletion(83)) - Chosen 3/0 blocks from 1 candidate containers.
2025-03-05 12:57:46,810 [BlockDeletingService#0] INFO  impl.FilePerBlockStrategy (FilePerBlockStrategy.java:deleteChunk(278)) - Deleted block file: /tmp/junit-1184528672501430384/hdds/010212dd-16b4-4836-9512-d55dd37f0921/current/containerDir128/114109937526439956/chunks/114109937528406037.block
2025-03-05 12:57:46,811 [BlockDeletingService#0] INFO  impl.FilePerBlockStrategy (FilePerBlockStrategy.java:deleteChunk(278)) - Deleted block file: /tmp/junit-1184528672501430384/hdds/010212dd-16b4-4836-9512-d55dd37f0921/current/containerDir128/114109937526439956/chunks/114109937528864790.block
2025-03-05 12:57:46,811 [BlockDeletingService#0] INFO  impl.FilePerBlockStrategy (FilePerBlockStrategy.java:deleteChunk(278)) - Deleted block file: /tmp/junit-1184528672501430384/hdds/010212dd-16b4-4836-9512-d55dd37f0921/current/containerDir128/114109937526439956/chunks/114109937529323543.block
2025-03-05 12:57:46,818 [BlockDeletingService#0] WARN  utils.BackgroundService (BackgroundService.java:lambda$run$0(151)) - BlockDeletingService Background task execution took 10041928ns > 0ns(timeout)
2025-03-05 12:57:46,907 [main] INFO  utils.BackgroundService (BackgroundService.java:shutdown(162)) - Shutting down service BlockDeletingService
]]></system-out>
  </testcase>
  <testcase name="testContainerMaxLockHoldingTime(ContainerTestVersionInfo)[7]" classname="org.apache.hadoop.ozone.container.common.TestBlockDeletingService" time="0.33">
    <system-out><![CDATA[2025-03-05 12:57:46,917 [main] INFO  db.CodecBuffer (CodecBuffer.java:set(62)) - Successfully set constructor to LeakDetector::newCodecBuffer: org.apache.hadoop.hdds.utils.db.CodecBuffer$$Lambda/0x00007ff600206790@3b809711
2025-03-05 12:57:46,932 [main] INFO  volume.HddsVolume (HddsVolume.java:<init>(132)) - Creating HddsVolume: /tmp/junit-17958547345242000962/hdds of storage type: DISK, capacity=9222449699674390527, used=0, available=9222449699674390527
2025-03-05 12:57:46,934 [main] INFO  volume.MutableVolumeSet (MutableVolumeSet.java:initializeVolumeSet(169)) - Added Volume : /tmp/junit-17958547345242000962/hdds to VolumeSet
2025-03-05 12:57:46,962 [main] INFO  utils.DatanodeStoreCache (DatanodeStoreCache.java:addDB(71)) - Added db /tmp/junit-17958547345242000962/hdds/6e76d640-e163-49c9-9c4f-57446b647dfa/DS-f4fa2904-0b1b-46be-8ff7-b7cdac7c8085/container.db to cache
2025-03-05 12:57:46,962 [main] INFO  volume.HddsVolume (HddsVolume.java:createDbStore(446)) - SchemaV3 db is created and loaded at /tmp/junit-17958547345242000962/hdds/6e76d640-e163-49c9-9c4f-57446b647dfa/DS-f4fa2904-0b1b-46be-8ff7-b7cdac7c8085/container.db for volume DS-f4fa2904-0b1b-46be-8ff7-b7cdac7c8085
2025-03-05 12:57:46,965 [main] INFO  impl.FilePerBlockStrategy (FilePerBlockStrategy.java:<init>(87)) - ozone.chunk.read.mapped.buffer.max.count is load with 0
2025-03-05 12:57:47,032 [main] INFO  impl.FilePerChunkStrategy (FilePerChunkStrategy.java:<init>(79)) - ozone.chunk.read.mapped.buffer.max.count is load with 0
2025-03-05 12:57:47,033 [main] INFO  impl.FilePerBlockStrategy (FilePerBlockStrategy.java:<init>(87)) - ozone.chunk.read.mapped.buffer.max.count is load with 0
2025-03-05 12:57:47,137 [BlockDeletingService#0] INFO  interfaces.ContainerDeletionChoosingPolicyTemplate (ContainerDeletionChoosingPolicyTemplate.java:chooseContainerForBlockDeletion(83)) - Chosen 3/0 blocks from 1 candidate containers.
2025-03-05 12:57:47,140 [BlockDeletingService#0] INFO  impl.FilePerBlockStrategy (FilePerBlockStrategy.java:deleteChunk(278)) - Deleted block file: /tmp/junit-17958547345242000962/hdds/6e76d640-e163-49c9-9c4f-57446b647dfa/current/containerDir128/114109937547935768/chunks/114109937549967385.block
2025-03-05 12:57:47,140 [BlockDeletingService#0] INFO  background.BlockDeletingTask (BlockDeletingTask.java:deleteTransactions(494)) - Max lock hold time (-1 ms) reached after 0 ms. Completed 1 transactions, deleted 1 blocks. In container: 114109937547935768. Releasing lock and resuming deletion later.
2025-03-05 12:57:47,148 [BlockDeletingService#0] INFO  impl.FilePerBlockStrategy (FilePerBlockStrategy.java:deleteChunk(278)) - Deleted block file: /tmp/junit-17958547345242000962/hdds/6e76d640-e163-49c9-9c4f-57446b647dfa/current/containerDir128/114109937547935768/chunks/114109937550557210.block
2025-03-05 12:57:47,149 [BlockDeletingService#0] INFO  background.BlockDeletingTask (BlockDeletingTask.java:deleteTransactions(494)) - Max lock hold time (-1 ms) reached after 1 ms. Completed 1 transactions, deleted 1 blocks. In container: 114109937547935768. Releasing lock and resuming deletion later.
2025-03-05 12:57:47,152 [BlockDeletingService#0] INFO  impl.FilePerBlockStrategy (FilePerBlockStrategy.java:deleteChunk(278)) - Deleted block file: /tmp/junit-17958547345242000962/hdds/6e76d640-e163-49c9-9c4f-57446b647dfa/current/containerDir128/114109937547935768/chunks/114109937550950427.block
2025-03-05 12:57:47,153 [BlockDeletingService#0] WARN  utils.BackgroundService (BackgroundService.java:lambda$run$0(151)) - BlockDeletingService Background task execution took 14995017ns > 0ns(timeout)
2025-03-05 12:57:47,236 [main] INFO  utils.BackgroundService (BackgroundService.java:shutdown(162)) - Shutting down service BlockDeletingService
]]></system-out>
  </testcase>
  <testcase name="testContainerMaxLockHoldingTime(ContainerTestVersionInfo)[8]" classname="org.apache.hadoop.ozone.container.common.TestBlockDeletingService" time="0.302">
    <system-out><![CDATA[2025-03-05 12:57:47,250 [main] INFO  db.CodecBuffer (CodecBuffer.java:set(62)) - Successfully set constructor to LeakDetector::newCodecBuffer: org.apache.hadoop.hdds.utils.db.CodecBuffer$$Lambda/0x00007ff600206790@3b809711
2025-03-05 12:57:47,265 [main] INFO  volume.HddsVolume (HddsVolume.java:<init>(132)) - Creating HddsVolume: /tmp/junit-3082088644121617728/hdds of storage type: DISK, capacity=9222449699674390527, used=0, available=9222449699674390527
2025-03-05 12:57:47,267 [main] INFO  volume.MutableVolumeSet (MutableVolumeSet.java:initializeVolumeSet(169)) - Added Volume : /tmp/junit-3082088644121617728/hdds to VolumeSet
2025-03-05 12:57:47,301 [main] INFO  utils.DatanodeStoreCache (DatanodeStoreCache.java:addDB(71)) - Added db /tmp/junit-3082088644121617728/hdds/d7508659-35e7-4aba-b9e8-f71302e5defb/DS-2544a217-31c6-4b04-bb75-65191ca20412/container.db to cache
2025-03-05 12:57:47,301 [main] INFO  volume.HddsVolume (HddsVolume.java:createDbStore(446)) - SchemaV3 db is created and loaded at /tmp/junit-3082088644121617728/hdds/d7508659-35e7-4aba-b9e8-f71302e5defb/DS-2544a217-31c6-4b04-bb75-65191ca20412/container.db for volume DS-2544a217-31c6-4b04-bb75-65191ca20412
2025-03-05 12:57:47,304 [main] INFO  impl.FilePerBlockStrategy (FilePerBlockStrategy.java:<init>(87)) - ozone.chunk.read.mapped.buffer.max.count is load with 0
2025-03-05 12:57:47,341 [main] INFO  impl.FilePerChunkStrategy (FilePerChunkStrategy.java:<init>(79)) - ozone.chunk.read.mapped.buffer.max.count is load with 0
2025-03-05 12:57:47,341 [main] INFO  impl.FilePerBlockStrategy (FilePerBlockStrategy.java:<init>(87)) - ozone.chunk.read.mapped.buffer.max.count is load with 0
2025-03-05 12:57:47,447 [BlockDeletingService#0] INFO  interfaces.ContainerDeletionChoosingPolicyTemplate (ContainerDeletionChoosingPolicyTemplate.java:chooseContainerForBlockDeletion(83)) - Chosen 3/0 blocks from 1 candidate containers.
2025-03-05 12:57:47,449 [BlockDeletingService#0] INFO  impl.FilePerBlockStrategy (FilePerBlockStrategy.java:deleteChunk(278)) - Deleted block file: /tmp/junit-3082088644121617728/hdds/d7508659-35e7-4aba-b9e8-f71302e5defb/current/containerDir128/114109937569955868/chunks/114109937570283549.block
2025-03-05 12:57:47,450 [BlockDeletingService#0] INFO  background.BlockDeletingTask (BlockDeletingTask.java:deleteTransactions(494)) - Max lock hold time (-1 ms) reached after 0 ms. Completed 1 transactions, deleted 1 blocks. In container: 114109937569955868. Releasing lock and resuming deletion later.
2025-03-05 12:57:47,452 [BlockDeletingService#0] INFO  impl.FilePerBlockStrategy (FilePerBlockStrategy.java:deleteChunk(278)) - Deleted block file: /tmp/junit-3082088644121617728/hdds/d7508659-35e7-4aba-b9e8-f71302e5defb/current/containerDir128/114109937569955868/chunks/114109937570807838.block
2025-03-05 12:57:47,452 [BlockDeletingService#0] INFO  background.BlockDeletingTask (BlockDeletingTask.java:deleteTransactions(494)) - Max lock hold time (-1 ms) reached after 0 ms. Completed 1 transactions, deleted 1 blocks. In container: 114109937569955868. Releasing lock and resuming deletion later.
2025-03-05 12:57:47,455 [BlockDeletingService#0] INFO  impl.FilePerBlockStrategy (FilePerBlockStrategy.java:deleteChunk(278)) - Deleted block file: /tmp/junit-3082088644121617728/hdds/d7508659-35e7-4aba-b9e8-f71302e5defb/current/containerDir128/114109937569955868/chunks/114109937571135519.block
2025-03-05 12:57:47,456 [BlockDeletingService#0] WARN  utils.BackgroundService (BackgroundService.java:lambda$run$0(151)) - BlockDeletingService Background task execution took 8562842ns > 0ns(timeout)
2025-03-05 12:57:47,545 [main] INFO  utils.BackgroundService (BackgroundService.java:shutdown(162)) - Shutting down service BlockDeletingService
]]></system-out>
  </testcase>
  <testcase name="testWithUnrecordedBlocks(ContainerTestVersionInfo)[1]" classname="org.apache.hadoop.ozone.container.common.TestBlockDeletingService" time="0.0">
    <skipped type="org.opentest4j.TestAbortedException"><![CDATA[org.opentest4j.TestAbortedException: Assumption failed: assumption is not false
	at org.junit.jupiter.api.Assumptions.throwAssumptionFailed(Assumptions.java:321)
	at org.junit.jupiter.api.Assumptions.assumeFalse(Assumptions.java:196)
	at org.junit.jupiter.api.Assumptions.assumeFalse(Assumptions.java:147)
	at org.apache.hadoop.ozone.container.common.TestBlockDeletingService.testWithUnrecordedBlocks(TestBlockDeletingService.java:653)
	at java.base/java.lang.reflect.Method.invoke(Method.java:580)
	at java.base/java.util.Optional.ifPresent(Optional.java:178)
	at java.base/java.util.stream.ForEachOps$ForEachOp$OfRef.accept(ForEachOps.java:184)
	at java.base/java.util.stream.ReferencePipeline$3$1.accept(ReferencePipeline.java:197)
	at java.base/java.util.stream.ForEachOps$ForEachOp$OfRef.accept(ForEachOps.java:184)
	at java.base/java.util.stream.ForEachOps$ForEachOp$OfRef.accept(ForEachOps.java:184)
	at java.base/java.util.stream.ReferencePipeline$3$1.accept(ReferencePipeline.java:197)
	at java.base/java.util.ArrayList$ArrayListSpliterator.forEachRemaining(ArrayList.java:1708)
	at java.base/java.util.stream.ReferencePipeline$Head.forEach(ReferencePipeline.java:762)
	at java.base/java.util.stream.ReferencePipeline$7$1.accept(ReferencePipeline.java:276)
	at java.base/java.util.stream.ReferencePipeline$3$1.accept(ReferencePipeline.java:197)
	at java.base/java.util.stream.ReferencePipeline$3$1.accept(ReferencePipeline.java:197)
	at java.base/java.util.stream.ReferencePipeline$3$1.accept(ReferencePipeline.java:197)
	at java.base/java.util.Spliterators$ArraySpliterator.forEachRemaining(Spliterators.java:1024)
	at java.base/java.util.stream.AbstractPipeline.copyInto(AbstractPipeline.java:509)
	at java.base/java.util.stream.AbstractPipeline.wrapAndCopyInto(AbstractPipeline.java:499)
	at java.base/java.util.stream.ForEachOps$ForEachOp.evaluateSequential(ForEachOps.java:151)
	at java.base/java.util.stream.ForEachOps$ForEachOp$OfRef.evaluateSequential(ForEachOps.java:174)
	at java.base/java.util.stream.AbstractPipeline.evaluate(AbstractPipeline.java:234)
	at java.base/java.util.stream.ReferencePipeline.forEach(ReferencePipeline.java:596)
	at java.base/java.util.stream.ReferencePipeline$7$1.accept(ReferencePipeline.java:276)
	at java.base/java.util.ArrayList$ArrayListSpliterator.forEachRemaining(ArrayList.java:1708)
	at java.base/java.util.stream.AbstractPipeline.copyInto(AbstractPipeline.java:509)
	at java.base/java.util.stream.AbstractPipeline.wrapAndCopyInto(AbstractPipeline.java:499)
	at java.base/java.util.stream.ForEachOps$ForEachOp.evaluateSequential(ForEachOps.java:151)
	at java.base/java.util.stream.ForEachOps$ForEachOp$OfRef.evaluateSequential(ForEachOps.java:174)
	at java.base/java.util.stream.AbstractPipeline.evaluate(AbstractPipeline.java:234)
	at java.base/java.util.stream.ReferencePipeline.forEach(ReferencePipeline.java:596)
	at java.base/java.util.stream.ReferencePipeline$7$1.accept(ReferencePipeline.java:276)
	at java.base/java.util.stream.ReferencePipeline$3$1.accept(ReferencePipeline.java:197)
	at java.base/java.util.stream.ReferencePipeline$3$1.accept(ReferencePipeline.java:197)
	at java.base/java.util.stream.ReferencePipeline$3$1.accept(ReferencePipeline.java:197)
	at java.base/java.util.ArrayList$ArrayListSpliterator.forEachRemaining(ArrayList.java:1708)
	at java.base/java.util.stream.AbstractPipeline.copyInto(AbstractPipeline.java:509)
	at java.base/java.util.stream.AbstractPipeline.wrapAndCopyInto(AbstractPipeline.java:499)
	at java.base/java.util.stream.ForEachOps$ForEachOp.evaluateSequential(ForEachOps.java:151)
	at java.base/java.util.stream.ForEachOps$ForEachOp$OfRef.evaluateSequential(ForEachOps.java:174)
	at java.base/java.util.stream.AbstractPipeline.evaluate(AbstractPipeline.java:234)
	at java.base/java.util.stream.ReferencePipeline.forEach(ReferencePipeline.java:596)
	at java.base/java.util.ArrayList.forEach(ArrayList.java:1596)
	at java.base/java.util.ArrayList.forEach(ArrayList.java:1596)
]]></skipped>
    <system-out><![CDATA[2025-03-05 12:57:47,557 [main] INFO  db.CodecBuffer (CodecBuffer.java:set(62)) - Successfully set constructor to LeakDetector::newCodecBuffer: org.apache.hadoop.hdds.utils.db.CodecBuffer$$Lambda/0x00007ff600206790@3b809711
2025-03-05 12:57:47,571 [main] INFO  volume.HddsVolume (HddsVolume.java:<init>(132)) - Creating HddsVolume: /tmp/junit-4701977135016115609/hdds of storage type: DISK, capacity=9222449699674390527, used=0, available=9222449699674390527
2025-03-05 12:57:47,573 [main] INFO  volume.MutableVolumeSet (MutableVolumeSet.java:initializeVolumeSet(169)) - Added Volume : /tmp/junit-4701977135016115609/hdds to VolumeSet
2025-03-05 12:57:47,604 [main] INFO  utils.DatanodeStoreCache (DatanodeStoreCache.java:addDB(71)) - Added db /tmp/junit-4701977135016115609/hdds/f49a503a-e69e-4613-a249-62da98e9bb87/DS-9fb144fb-6083-4e74-89c5-8f229eee0f25/container.db to cache
2025-03-05 12:57:47,605 [main] INFO  volume.HddsVolume (HddsVolume.java:createDbStore(446)) - SchemaV3 db is created and loaded at /tmp/junit-4701977135016115609/hdds/f49a503a-e69e-4613-a249-62da98e9bb87/DS-9fb144fb-6083-4e74-89c5-8f229eee0f25/container.db for volume DS-9fb144fb-6083-4e74-89c5-8f229eee0f25
]]></system-out>
  </testcase>
  <testcase name="testWithUnrecordedBlocks(ContainerTestVersionInfo)[2]" classname="org.apache.hadoop.ozone.container.common.TestBlockDeletingService" time="0.0">
    <skipped type="org.opentest4j.TestAbortedException"><![CDATA[org.opentest4j.TestAbortedException: Assumption failed: assumption is not false
	at org.junit.jupiter.api.Assumptions.throwAssumptionFailed(Assumptions.java:321)
	at org.junit.jupiter.api.Assumptions.assumeFalse(Assumptions.java:196)
	at org.junit.jupiter.api.Assumptions.assumeFalse(Assumptions.java:147)
	at org.apache.hadoop.ozone.container.common.TestBlockDeletingService.testWithUnrecordedBlocks(TestBlockDeletingService.java:653)
	at java.base/java.lang.reflect.Method.invoke(Method.java:580)
	at java.base/java.util.Optional.ifPresent(Optional.java:178)
	at java.base/java.util.stream.ForEachOps$ForEachOp$OfRef.accept(ForEachOps.java:184)
	at java.base/java.util.stream.ReferencePipeline$3$1.accept(ReferencePipeline.java:197)
	at java.base/java.util.stream.ForEachOps$ForEachOp$OfRef.accept(ForEachOps.java:184)
	at java.base/java.util.stream.ForEachOps$ForEachOp$OfRef.accept(ForEachOps.java:184)
	at java.base/java.util.stream.ReferencePipeline$3$1.accept(ReferencePipeline.java:197)
	at java.base/java.util.ArrayList$ArrayListSpliterator.forEachRemaining(ArrayList.java:1708)
	at java.base/java.util.stream.ReferencePipeline$Head.forEach(ReferencePipeline.java:762)
	at java.base/java.util.stream.ReferencePipeline$7$1.accept(ReferencePipeline.java:276)
	at java.base/java.util.stream.ReferencePipeline$3$1.accept(ReferencePipeline.java:197)
	at java.base/java.util.stream.ReferencePipeline$3$1.accept(ReferencePipeline.java:197)
	at java.base/java.util.stream.ReferencePipeline$3$1.accept(ReferencePipeline.java:197)
	at java.base/java.util.Spliterators$ArraySpliterator.forEachRemaining(Spliterators.java:1024)
	at java.base/java.util.stream.AbstractPipeline.copyInto(AbstractPipeline.java:509)
	at java.base/java.util.stream.AbstractPipeline.wrapAndCopyInto(AbstractPipeline.java:499)
	at java.base/java.util.stream.ForEachOps$ForEachOp.evaluateSequential(ForEachOps.java:151)
	at java.base/java.util.stream.ForEachOps$ForEachOp$OfRef.evaluateSequential(ForEachOps.java:174)
	at java.base/java.util.stream.AbstractPipeline.evaluate(AbstractPipeline.java:234)
	at java.base/java.util.stream.ReferencePipeline.forEach(ReferencePipeline.java:596)
	at java.base/java.util.stream.ReferencePipeline$7$1.accept(ReferencePipeline.java:276)
	at java.base/java.util.ArrayList$ArrayListSpliterator.forEachRemaining(ArrayList.java:1708)
	at java.base/java.util.stream.AbstractPipeline.copyInto(AbstractPipeline.java:509)
	at java.base/java.util.stream.AbstractPipeline.wrapAndCopyInto(AbstractPipeline.java:499)
	at java.base/java.util.stream.ForEachOps$ForEachOp.evaluateSequential(ForEachOps.java:151)
	at java.base/java.util.stream.ForEachOps$ForEachOp$OfRef.evaluateSequential(ForEachOps.java:174)
	at java.base/java.util.stream.AbstractPipeline.evaluate(AbstractPipeline.java:234)
	at java.base/java.util.stream.ReferencePipeline.forEach(ReferencePipeline.java:596)
	at java.base/java.util.stream.ReferencePipeline$7$1.accept(ReferencePipeline.java:276)
	at java.base/java.util.stream.ReferencePipeline$3$1.accept(ReferencePipeline.java:197)
	at java.base/java.util.stream.ReferencePipeline$3$1.accept(ReferencePipeline.java:197)
	at java.base/java.util.stream.ReferencePipeline$3$1.accept(ReferencePipeline.java:197)
	at java.base/java.util.ArrayList$ArrayListSpliterator.forEachRemaining(ArrayList.java:1708)
	at java.base/java.util.stream.AbstractPipeline.copyInto(AbstractPipeline.java:509)
	at java.base/java.util.stream.AbstractPipeline.wrapAndCopyInto(AbstractPipeline.java:499)
	at java.base/java.util.stream.ForEachOps$ForEachOp.evaluateSequential(ForEachOps.java:151)
	at java.base/java.util.stream.ForEachOps$ForEachOp$OfRef.evaluateSequential(ForEachOps.java:174)
	at java.base/java.util.stream.AbstractPipeline.evaluate(AbstractPipeline.java:234)
	at java.base/java.util.stream.ReferencePipeline.forEach(ReferencePipeline.java:596)
	at java.base/java.util.ArrayList.forEach(ArrayList.java:1596)
	at java.base/java.util.ArrayList.forEach(ArrayList.java:1596)
]]></skipped>
    <system-out><![CDATA[2025-03-05 12:57:47,621 [main] INFO  db.CodecBuffer (CodecBuffer.java:set(62)) - Successfully set constructor to LeakDetector::newCodecBuffer: org.apache.hadoop.hdds.utils.db.CodecBuffer$$Lambda/0x00007ff600206790@3b809711
2025-03-05 12:57:47,636 [main] INFO  volume.HddsVolume (HddsVolume.java:<init>(132)) - Creating HddsVolume: /tmp/junit-17585967894345245572/hdds of storage type: DISK, capacity=9222449699674390527, used=0, available=9222449699674390527
2025-03-05 12:57:47,638 [main] INFO  volume.MutableVolumeSet (MutableVolumeSet.java:initializeVolumeSet(169)) - Added Volume : /tmp/junit-17585967894345245572/hdds to VolumeSet
2025-03-05 12:57:47,670 [main] INFO  utils.DatanodeStoreCache (DatanodeStoreCache.java:addDB(71)) - Added db /tmp/junit-17585967894345245572/hdds/cca78639-495e-494e-aaf1-f7da76ee3ba0/DS-0ce23835-6db6-4e02-b6be-316abbfad2e1/container.db to cache
2025-03-05 12:57:47,670 [main] INFO  volume.HddsVolume (HddsVolume.java:createDbStore(446)) - SchemaV3 db is created and loaded at /tmp/junit-17585967894345245572/hdds/cca78639-495e-494e-aaf1-f7da76ee3ba0/DS-0ce23835-6db6-4e02-b6be-316abbfad2e1/container.db for volume DS-0ce23835-6db6-4e02-b6be-316abbfad2e1
]]></system-out>
  </testcase>
  <testcase name="testWithUnrecordedBlocks(ContainerTestVersionInfo)[3]" classname="org.apache.hadoop.ozone.container.common.TestBlockDeletingService" time="0.674">
    <system-out><![CDATA[2025-03-05 12:57:47,677 [main] INFO  db.CodecBuffer (CodecBuffer.java:set(62)) - Successfully set constructor to LeakDetector::newCodecBuffer: org.apache.hadoop.hdds.utils.db.CodecBuffer$$Lambda/0x00007ff600206790@3b809711
2025-03-05 12:57:47,689 [main] INFO  volume.HddsVolume (HddsVolume.java:<init>(132)) - Creating HddsVolume: /tmp/junit-15100920415875261367/hdds of storage type: DISK, capacity=9222449699674390527, used=0, available=9222449699674390527
2025-03-05 12:57:47,691 [main] INFO  volume.MutableVolumeSet (MutableVolumeSet.java:initializeVolumeSet(169)) - Added Volume : /tmp/junit-15100920415875261367/hdds to VolumeSet
2025-03-05 12:57:47,729 [main] INFO  utils.DatanodeStoreCache (DatanodeStoreCache.java:addDB(71)) - Added db /tmp/junit-15100920415875261367/hdds/c5a971eb-ce58-478b-ae35-71dcd677333f/DS-36ef31cd-065c-4468-8455-88cf51ce4302/container.db to cache
2025-03-05 12:57:47,729 [main] INFO  volume.HddsVolume (HddsVolume.java:createDbStore(446)) - SchemaV3 db is created and loaded at /tmp/junit-15100920415875261367/hdds/c5a971eb-ce58-478b-ae35-71dcd677333f/DS-36ef31cd-065c-4468-8455-88cf51ce4302/container.db for volume DS-36ef31cd-065c-4468-8455-88cf51ce4302
2025-03-05 12:57:47,730 [main] INFO  impl.FilePerChunkStrategy (FilePerChunkStrategy.java:<init>(79)) - ozone.chunk.read.mapped.buffer.max.count is load with 0
2025-03-05 12:57:47,781 [main] INFO  impl.FilePerChunkStrategy (FilePerChunkStrategy.java:<init>(79)) - ozone.chunk.read.mapped.buffer.max.count is load with 0
2025-03-05 12:57:47,835 [main] INFO  impl.FilePerChunkStrategy (FilePerChunkStrategy.java:<init>(79)) - ozone.chunk.read.mapped.buffer.max.count is load with 0
2025-03-05 12:57:47,835 [main] INFO  impl.FilePerBlockStrategy (FilePerBlockStrategy.java:<init>(87)) - ozone.chunk.read.mapped.buffer.max.count is load with 0
2025-03-05 12:57:47,841 [BlockDeletingService#0] INFO  interfaces.ContainerDeletionChoosingPolicyTemplate (ContainerDeletionChoosingPolicyTemplate.java:chooseContainerForBlockDeletion(83)) - Chosen 2/0 blocks from 2 candidate containers.
2025-03-05 12:57:47,843 [BlockDeletingService#0] INFO  impl.FilePerChunkStrategy (FilePerChunkStrategy.java:deleteChunk(327)) - Deleted chunk file /tmp/junit-15100920415875261367/hdds/c5a971eb-ce58-478b-ae35-71dcd677333f/current/containerDir128/114109937598005280/chunks/114109937600102433_chunk_0_block_0 (size 100) for chunk ChunkInfo{chunkName='114109937600102433_chunk_0_block_0, offset=0, len=100}
2025-03-05 12:57:47,843 [BlockDeletingService#0] INFO  impl.FilePerChunkStrategy (FilePerChunkStrategy.java:deleteChunk(327)) - Deleted chunk file /tmp/junit-15100920415875261367/hdds/c5a971eb-ce58-478b-ae35-71dcd677333f/current/containerDir128/114109937598005280/chunks/114109937600233506_chunk_0_block_1 (size 100) for chunk ChunkInfo{chunkName='114109937600233506_chunk_0_block_1, offset=0, len=100}
2025-03-05 12:57:47,844 [BlockDeletingService#0] WARN  utils.BackgroundService (BackgroundService.java:lambda$run$0(151)) - BlockDeletingService Background task execution took 2610167ns > 0ns(timeout)
2025-03-05 12:57:47,942 [BlockDeletingService#1] INFO  interfaces.ContainerDeletionChoosingPolicyTemplate (ContainerDeletionChoosingPolicyTemplate.java:chooseContainerForBlockDeletion(83)) - Chosen 2/0 blocks from 2 candidate containers.
2025-03-05 12:57:47,944 [BlockDeletingService#0] INFO  impl.FilePerChunkStrategy (FilePerChunkStrategy.java:deleteChunk(327)) - Deleted chunk file /tmp/junit-15100920415875261367/hdds/c5a971eb-ce58-478b-ae35-71dcd677333f/current/containerDir128/114109937598005280/chunks/114109937600299043_chunk_0_block_2 (size 100) for chunk ChunkInfo{chunkName='114109937600299043_chunk_0_block_2, offset=0, len=100}
2025-03-05 12:57:47,946 [BlockDeletingService#0] WARN  keyvalue.KeyValueHandler (KeyValueHandler.java:deleteUnreferenced(1366)) - Missing delete block(Container = 114109937598005280, Block = 532170537884
2025-03-05 12:57:47,947 [BlockDeletingService#0] INFO  keyvalue.KeyValueHandler (KeyValueHandler.java:deleteUnreferenced(1376)) - Deleted unreferenced chunk/block 532170557822_chunk_0 in container 114109937598005280
2025-03-05 12:57:47,947 [BlockDeletingService#0] INFO  keyvalue.KeyValueHandler (KeyValueHandler.java:deleteUnreferenced(1376)) - Deleted unreferenced chunk/block 532170559797_chunk_0 in container 114109937598005280
2025-03-05 12:57:47,947 [BlockDeletingService#0] WARN  keyvalue.KeyValueHandler (KeyValueHandler.java:deleteUnreferenced(1366)) - Missing delete block(Container = 114109937598005280, Block = 532170560870
2025-03-05 12:57:47,949 [BlockDeletingService#0] WARN  utils.BackgroundService (BackgroundService.java:lambda$run$0(151)) - BlockDeletingService Background task execution took 6466058ns > 0ns(timeout)
2025-03-05 12:57:48,042 [BlockDeletingService#2] INFO  interfaces.ContainerDeletionChoosingPolicyTemplate (ContainerDeletionChoosingPolicyTemplate.java:chooseContainerForBlockDeletion(83)) - Chosen 2/0 blocks from 1 candidate containers.
2025-03-05 12:57:48,044 [BlockDeletingService#1] INFO  impl.FilePerChunkStrategy (FilePerChunkStrategy.java:deleteChunk(327)) - Deleted chunk file /tmp/junit-15100920415875261367/hdds/c5a971eb-ce58-478b-ae35-71dcd677333f/current/containerDir0/114109937601478692/chunks/114109937603641381_chunk_0_block_0 (size 100) for chunk ChunkInfo{chunkName='114109937603641381_chunk_0_block_0, offset=0, len=100}
2025-03-05 12:57:48,045 [BlockDeletingService#1] INFO  impl.FilePerChunkStrategy (FilePerChunkStrategy.java:deleteChunk(327)) - Deleted chunk file /tmp/junit-15100920415875261367/hdds/c5a971eb-ce58-478b-ae35-71dcd677333f/current/containerDir0/114109937601478692/chunks/114109937603772454_chunk_0_block_1 (size 100) for chunk ChunkInfo{chunkName='114109937603772454_chunk_0_block_1, offset=0, len=100}
2025-03-05 12:57:48,046 [BlockDeletingService#1] WARN  utils.BackgroundService (BackgroundService.java:lambda$run$0(151)) - BlockDeletingService Background task execution took 3529044ns > 0ns(timeout)
2025-03-05 12:57:48,142 [BlockDeletingService#3] INFO  interfaces.ContainerDeletionChoosingPolicyTemplate (ContainerDeletionChoosingPolicyTemplate.java:chooseContainerForBlockDeletion(83)) - Chosen 1/1 blocks from 1 candidate containers.
2025-03-05 12:57:48,144 [BlockDeletingService#0] INFO  impl.FilePerChunkStrategy (FilePerChunkStrategy.java:deleteChunk(327)) - Deleted chunk file /tmp/junit-15100920415875261367/hdds/c5a971eb-ce58-478b-ae35-71dcd677333f/current/containerDir0/114109937601478692/chunks/114109937603837991_chunk_0_block_2 (size 100) for chunk ChunkInfo{chunkName='114109937603837991_chunk_0_block_2, offset=0, len=100}
2025-03-05 12:57:48,145 [BlockDeletingService#0] WARN  utils.BackgroundService (BackgroundService.java:lambda$run$0(151)) - BlockDeletingService Background task execution took 2199134ns > 0ns(timeout)
2025-03-05 12:57:48,242 [BlockDeletingService#4] INFO  interfaces.ContainerDeletionChoosingPolicyTemplate (ContainerDeletionChoosingPolicyTemplate.java:chooseContainerForBlockDeletion(83)) - Chosen 0/2 blocks from 0 candidate containers.
2025-03-05 12:57:48,342 [main] INFO  utils.BackgroundService (BackgroundService.java:shutdown(162)) - Shutting down service BlockDeletingService
]]></system-out>
  </testcase>
  <testcase name="testWithUnrecordedBlocks(ContainerTestVersionInfo)[4]" classname="org.apache.hadoop.ozone.container.common.TestBlockDeletingService" time="0.706">
    <system-out><![CDATA[2025-03-05 12:57:48,353 [main] INFO  db.CodecBuffer (CodecBuffer.java:set(62)) - Successfully set constructor to LeakDetector::newCodecBuffer: org.apache.hadoop.hdds.utils.db.CodecBuffer$$Lambda/0x00007ff600206790@3b809711
2025-03-05 12:57:48,364 [main] INFO  volume.HddsVolume (HddsVolume.java:<init>(132)) - Creating HddsVolume: /tmp/junit-4864430731476738540/hdds of storage type: DISK, capacity=9222449699674390527, used=0, available=9222449699674390527
2025-03-05 12:57:48,366 [main] INFO  volume.MutableVolumeSet (MutableVolumeSet.java:initializeVolumeSet(169)) - Added Volume : /tmp/junit-4864430731476738540/hdds to VolumeSet
2025-03-05 12:57:48,396 [main] INFO  utils.DatanodeStoreCache (DatanodeStoreCache.java:addDB(71)) - Added db /tmp/junit-4864430731476738540/hdds/0341165a-8039-4b19-9791-08a64edb0fb1/DS-31c7cf1b-61b5-4603-b7b5-494e26b00170/container.db to cache
2025-03-05 12:57:48,396 [main] INFO  volume.HddsVolume (HddsVolume.java:createDbStore(446)) - SchemaV3 db is created and loaded at /tmp/junit-4864430731476738540/hdds/0341165a-8039-4b19-9791-08a64edb0fb1/DS-31c7cf1b-61b5-4603-b7b5-494e26b00170/container.db for volume DS-31c7cf1b-61b5-4603-b7b5-494e26b00170
2025-03-05 12:57:48,399 [main] INFO  impl.FilePerChunkStrategy (FilePerChunkStrategy.java:<init>(79)) - ozone.chunk.read.mapped.buffer.max.count is load with 0
2025-03-05 12:57:48,425 [main] INFO  impl.FilePerChunkStrategy (FilePerChunkStrategy.java:<init>(79)) - ozone.chunk.read.mapped.buffer.max.count is load with 0
2025-03-05 12:57:48,445 [main] INFO  impl.FilePerChunkStrategy (FilePerChunkStrategy.java:<init>(79)) - ozone.chunk.read.mapped.buffer.max.count is load with 0
2025-03-05 12:57:48,445 [main] INFO  impl.FilePerBlockStrategy (FilePerBlockStrategy.java:<init>(87)) - ozone.chunk.read.mapped.buffer.max.count is load with 0
2025-03-05 12:57:48,553 [BlockDeletingService#0] INFO  interfaces.ContainerDeletionChoosingPolicyTemplate (ContainerDeletionChoosingPolicyTemplate.java:chooseContainerForBlockDeletion(83)) - Chosen 2/0 blocks from 2 candidate containers.
2025-03-05 12:57:48,554 [BlockDeletingService#0] INFO  impl.FilePerChunkStrategy (FilePerChunkStrategy.java:deleteChunk(327)) - Deleted chunk file /tmp/junit-4864430731476738540/hdds/0341165a-8039-4b19-9791-08a64edb0fb1/current/containerDir128/114109937642045480/chunks/114109937642373161_chunk_0_block_0 (size 100) for chunk ChunkInfo{chunkName='114109937642373161_chunk_0_block_0, offset=0, len=100}
2025-03-05 12:57:48,555 [BlockDeletingService#0] INFO  keyvalue.KeyValueHandler (KeyValueHandler.java:deleteUnreferenced(1376)) - Deleted unreferenced chunk/block 532880638404_chunk_0 in container 114109937642045480
2025-03-05 12:57:48,555 [BlockDeletingService#0] WARN  keyvalue.KeyValueHandler (KeyValueHandler.java:deleteUnreferenced(1366)) - Missing delete block(Container = 114109937642045480, Block = 532880667730
2025-03-05 12:57:48,555 [BlockDeletingService#0] INFO  keyvalue.KeyValueHandler (KeyValueHandler.java:deleteUnreferenced(1376)) - Deleted unreferenced chunk/block 532880670926_chunk_0 in container 114109937642045480
2025-03-05 12:57:48,556 [BlockDeletingService#0] WARN  keyvalue.KeyValueHandler (KeyValueHandler.java:deleteUnreferenced(1366)) - Missing delete block(Container = 114109937642045480, Block = 532880672621
2025-03-05 12:57:48,557 [BlockDeletingService#0] WARN  utils.BackgroundService (BackgroundService.java:lambda$run$0(151)) - BlockDeletingService Background task execution took 4070555ns > 0ns(timeout)
2025-03-05 12:57:48,652 [BlockDeletingService#1] INFO  interfaces.ContainerDeletionChoosingPolicyTemplate (ContainerDeletionChoosingPolicyTemplate.java:chooseContainerForBlockDeletion(83)) - Chosen 2/0 blocks from 2 candidate containers.
2025-03-05 12:57:48,654 [BlockDeletingService#0] INFO  impl.FilePerChunkStrategy (FilePerChunkStrategy.java:deleteChunk(327)) - Deleted chunk file /tmp/junit-4864430731476738540/hdds/0341165a-8039-4b19-9791-08a64edb0fb1/current/containerDir0/114109937643421740/chunks/114109937643618349_chunk_0_block_0 (size 100) for chunk ChunkInfo{chunkName='114109937643618349_chunk_0_block_0, offset=0, len=100}
2025-03-05 12:57:48,654 [BlockDeletingService#0] INFO  impl.FilePerChunkStrategy (FilePerChunkStrategy.java:deleteChunk(327)) - Deleted chunk file /tmp/junit-4864430731476738540/hdds/0341165a-8039-4b19-9791-08a64edb0fb1/current/containerDir0/114109937643421740/chunks/114109937643749422_chunk_0_block_1 (size 100) for chunk ChunkInfo{chunkName='114109937643749422_chunk_0_block_1, offset=0, len=100}
2025-03-05 12:57:48,655 [BlockDeletingService#0] WARN  utils.BackgroundService (BackgroundService.java:lambda$run$0(151)) - BlockDeletingService Background task execution took 3040511ns > 0ns(timeout)
2025-03-05 12:57:48,753 [BlockDeletingService#2] INFO  interfaces.ContainerDeletionChoosingPolicyTemplate (ContainerDeletionChoosingPolicyTemplate.java:chooseContainerForBlockDeletion(83)) - Chosen 2/0 blocks from 2 candidate containers.
2025-03-05 12:57:48,754 [BlockDeletingService#1] INFO  impl.FilePerChunkStrategy (FilePerChunkStrategy.java:deleteChunk(327)) - Deleted chunk file /tmp/junit-4864430731476738540/hdds/0341165a-8039-4b19-9791-08a64edb0fb1/current/containerDir128/114109937642045480/chunks/114109937642504234_chunk_0_block_1 (size 100) for chunk ChunkInfo{chunkName='114109937642504234_chunk_0_block_1, offset=0, len=100}
2025-03-05 12:57:48,755 [BlockDeletingService#1] INFO  impl.FilePerChunkStrategy (FilePerChunkStrategy.java:deleteChunk(327)) - Deleted chunk file /tmp/junit-4864430731476738540/hdds/0341165a-8039-4b19-9791-08a64edb0fb1/current/containerDir128/114109937642045480/chunks/114109937642635307_chunk_0_block_2 (size 100) for chunk ChunkInfo{chunkName='114109937642635307_chunk_0_block_2, offset=0, len=100}
2025-03-05 12:57:48,755 [BlockDeletingService#1] WARN  utils.BackgroundService (BackgroundService.java:lambda$run$0(151)) - BlockDeletingService Background task execution took 2409973ns > 0ns(timeout)
2025-03-05 12:57:48,852 [BlockDeletingService#3] INFO  interfaces.ContainerDeletionChoosingPolicyTemplate (ContainerDeletionChoosingPolicyTemplate.java:chooseContainerForBlockDeletion(83)) - Chosen 1/1 blocks from 1 candidate containers.
2025-03-05 12:57:48,853 [BlockDeletingService#0] INFO  impl.FilePerChunkStrategy (FilePerChunkStrategy.java:deleteChunk(327)) - Deleted chunk file /tmp/junit-4864430731476738540/hdds/0341165a-8039-4b19-9791-08a64edb0fb1/current/containerDir0/114109937643421740/chunks/114109937643880495_chunk_0_block_2 (size 100) for chunk ChunkInfo{chunkName='114109937643880495_chunk_0_block_2, offset=0, len=100}
2025-03-05 12:57:48,855 [BlockDeletingService#0] WARN  utils.BackgroundService (BackgroundService.java:lambda$run$0(151)) - BlockDeletingService Background task execution took 2096898ns > 0ns(timeout)
2025-03-05 12:57:48,952 [BlockDeletingService#4] INFO  interfaces.ContainerDeletionChoosingPolicyTemplate (ContainerDeletionChoosingPolicyTemplate.java:chooseContainerForBlockDeletion(83)) - Chosen 0/2 blocks from 0 candidate containers.
2025-03-05 12:57:49,052 [main] INFO  utils.BackgroundService (BackgroundService.java:shutdown(162)) - Shutting down service BlockDeletingService
]]></system-out>
  </testcase>
  <testcase name="testWithUnrecordedBlocks(ContainerTestVersionInfo)[5]" classname="org.apache.hadoop.ozone.container.common.TestBlockDeletingService" time="0.0">
    <skipped type="org.opentest4j.TestAbortedException"><![CDATA[org.opentest4j.TestAbortedException: Assumption failed: assumption is not false
	at org.junit.jupiter.api.Assumptions.throwAssumptionFailed(Assumptions.java:321)
	at org.junit.jupiter.api.Assumptions.assumeFalse(Assumptions.java:196)
	at org.junit.jupiter.api.Assumptions.assumeFalse(Assumptions.java:147)
	at org.apache.hadoop.ozone.container.common.TestBlockDeletingService.testWithUnrecordedBlocks(TestBlockDeletingService.java:653)
	at java.base/java.lang.reflect.Method.invoke(Method.java:580)
	at java.base/java.util.Optional.ifPresent(Optional.java:178)
	at java.base/java.util.stream.ForEachOps$ForEachOp$OfRef.accept(ForEachOps.java:184)
	at java.base/java.util.stream.ReferencePipeline$3$1.accept(ReferencePipeline.java:197)
	at java.base/java.util.stream.ForEachOps$ForEachOp$OfRef.accept(ForEachOps.java:184)
	at java.base/java.util.stream.ForEachOps$ForEachOp$OfRef.accept(ForEachOps.java:184)
	at java.base/java.util.stream.ReferencePipeline$3$1.accept(ReferencePipeline.java:197)
	at java.base/java.util.ArrayList$ArrayListSpliterator.forEachRemaining(ArrayList.java:1708)
	at java.base/java.util.stream.ReferencePipeline$Head.forEach(ReferencePipeline.java:762)
	at java.base/java.util.stream.ReferencePipeline$7$1.accept(ReferencePipeline.java:276)
	at java.base/java.util.stream.ReferencePipeline$3$1.accept(ReferencePipeline.java:197)
	at java.base/java.util.stream.ReferencePipeline$3$1.accept(ReferencePipeline.java:197)
	at java.base/java.util.stream.ReferencePipeline$3$1.accept(ReferencePipeline.java:197)
	at java.base/java.util.Spliterators$ArraySpliterator.forEachRemaining(Spliterators.java:1024)
	at java.base/java.util.stream.AbstractPipeline.copyInto(AbstractPipeline.java:509)
	at java.base/java.util.stream.AbstractPipeline.wrapAndCopyInto(AbstractPipeline.java:499)
	at java.base/java.util.stream.ForEachOps$ForEachOp.evaluateSequential(ForEachOps.java:151)
	at java.base/java.util.stream.ForEachOps$ForEachOp$OfRef.evaluateSequential(ForEachOps.java:174)
	at java.base/java.util.stream.AbstractPipeline.evaluate(AbstractPipeline.java:234)
	at java.base/java.util.stream.ReferencePipeline.forEach(ReferencePipeline.java:596)
	at java.base/java.util.stream.ReferencePipeline$7$1.accept(ReferencePipeline.java:276)
	at java.base/java.util.ArrayList$ArrayListSpliterator.forEachRemaining(ArrayList.java:1708)
	at java.base/java.util.stream.AbstractPipeline.copyInto(AbstractPipeline.java:509)
	at java.base/java.util.stream.AbstractPipeline.wrapAndCopyInto(AbstractPipeline.java:499)
	at java.base/java.util.stream.ForEachOps$ForEachOp.evaluateSequential(ForEachOps.java:151)
	at java.base/java.util.stream.ForEachOps$ForEachOp$OfRef.evaluateSequential(ForEachOps.java:174)
	at java.base/java.util.stream.AbstractPipeline.evaluate(AbstractPipeline.java:234)
	at java.base/java.util.stream.ReferencePipeline.forEach(ReferencePipeline.java:596)
	at java.base/java.util.stream.ReferencePipeline$7$1.accept(ReferencePipeline.java:276)
	at java.base/java.util.stream.ReferencePipeline$3$1.accept(ReferencePipeline.java:197)
	at java.base/java.util.stream.ReferencePipeline$3$1.accept(ReferencePipeline.java:197)
	at java.base/java.util.stream.ReferencePipeline$3$1.accept(ReferencePipeline.java:197)
	at java.base/java.util.ArrayList$ArrayListSpliterator.forEachRemaining(ArrayList.java:1708)
	at java.base/java.util.stream.AbstractPipeline.copyInto(AbstractPipeline.java:509)
	at java.base/java.util.stream.AbstractPipeline.wrapAndCopyInto(AbstractPipeline.java:499)
	at java.base/java.util.stream.ForEachOps$ForEachOp.evaluateSequential(ForEachOps.java:151)
	at java.base/java.util.stream.ForEachOps$ForEachOp$OfRef.evaluateSequential(ForEachOps.java:174)
	at java.base/java.util.stream.AbstractPipeline.evaluate(AbstractPipeline.java:234)
	at java.base/java.util.stream.ReferencePipeline.forEach(ReferencePipeline.java:596)
	at java.base/java.util.ArrayList.forEach(ArrayList.java:1596)
	at java.base/java.util.ArrayList.forEach(ArrayList.java:1596)
]]></skipped>
    <system-out><![CDATA[2025-03-05 12:57:49,060 [main] INFO  db.CodecBuffer (CodecBuffer.java:set(62)) - Successfully set constructor to LeakDetector::newCodecBuffer: org.apache.hadoop.hdds.utils.db.CodecBuffer$$Lambda/0x00007ff600206790@3b809711
2025-03-05 12:57:49,071 [main] INFO  volume.HddsVolume (HddsVolume.java:<init>(132)) - Creating HddsVolume: /tmp/junit-8805386380434732878/hdds of storage type: DISK, capacity=9222449699674390527, used=0, available=9222449699674390527
2025-03-05 12:57:49,073 [main] INFO  volume.MutableVolumeSet (MutableVolumeSet.java:initializeVolumeSet(169)) - Added Volume : /tmp/junit-8805386380434732878/hdds to VolumeSet
2025-03-05 12:57:49,106 [main] INFO  utils.DatanodeStoreCache (DatanodeStoreCache.java:addDB(71)) - Added db /tmp/junit-8805386380434732878/hdds/a955f63d-5a45-4e46-8d52-f3f043ad97f1/DS-806f67d2-e85b-45b8-a0cd-e9349d36a6db/container.db to cache
2025-03-05 12:57:49,106 [main] INFO  volume.HddsVolume (HddsVolume.java:createDbStore(446)) - SchemaV3 db is created and loaded at /tmp/junit-8805386380434732878/hdds/a955f63d-5a45-4e46-8d52-f3f043ad97f1/DS-806f67d2-e85b-45b8-a0cd-e9349d36a6db/container.db for volume DS-806f67d2-e85b-45b8-a0cd-e9349d36a6db
]]></system-out>
  </testcase>
  <testcase name="testWithUnrecordedBlocks(ContainerTestVersionInfo)[6]" classname="org.apache.hadoop.ozone.container.common.TestBlockDeletingService" time="0.0">
    <skipped type="org.opentest4j.TestAbortedException"><![CDATA[org.opentest4j.TestAbortedException: Assumption failed: assumption is not false
	at org.junit.jupiter.api.Assumptions.throwAssumptionFailed(Assumptions.java:321)
	at org.junit.jupiter.api.Assumptions.assumeFalse(Assumptions.java:196)
	at org.junit.jupiter.api.Assumptions.assumeFalse(Assumptions.java:147)
	at org.apache.hadoop.ozone.container.common.TestBlockDeletingService.testWithUnrecordedBlocks(TestBlockDeletingService.java:653)
	at java.base/java.lang.reflect.Method.invoke(Method.java:580)
	at java.base/java.util.Optional.ifPresent(Optional.java:178)
	at java.base/java.util.stream.ForEachOps$ForEachOp$OfRef.accept(ForEachOps.java:184)
	at java.base/java.util.stream.ReferencePipeline$3$1.accept(ReferencePipeline.java:197)
	at java.base/java.util.stream.ForEachOps$ForEachOp$OfRef.accept(ForEachOps.java:184)
	at java.base/java.util.stream.ForEachOps$ForEachOp$OfRef.accept(ForEachOps.java:184)
	at java.base/java.util.stream.ReferencePipeline$3$1.accept(ReferencePipeline.java:197)
	at java.base/java.util.ArrayList$ArrayListSpliterator.forEachRemaining(ArrayList.java:1708)
	at java.base/java.util.stream.ReferencePipeline$Head.forEach(ReferencePipeline.java:762)
	at java.base/java.util.stream.ReferencePipeline$7$1.accept(ReferencePipeline.java:276)
	at java.base/java.util.stream.ReferencePipeline$3$1.accept(ReferencePipeline.java:197)
	at java.base/java.util.stream.ReferencePipeline$3$1.accept(ReferencePipeline.java:197)
	at java.base/java.util.stream.ReferencePipeline$3$1.accept(ReferencePipeline.java:197)
	at java.base/java.util.Spliterators$ArraySpliterator.forEachRemaining(Spliterators.java:1024)
	at java.base/java.util.stream.AbstractPipeline.copyInto(AbstractPipeline.java:509)
	at java.base/java.util.stream.AbstractPipeline.wrapAndCopyInto(AbstractPipeline.java:499)
	at java.base/java.util.stream.ForEachOps$ForEachOp.evaluateSequential(ForEachOps.java:151)
	at java.base/java.util.stream.ForEachOps$ForEachOp$OfRef.evaluateSequential(ForEachOps.java:174)
	at java.base/java.util.stream.AbstractPipeline.evaluate(AbstractPipeline.java:234)
	at java.base/java.util.stream.ReferencePipeline.forEach(ReferencePipeline.java:596)
	at java.base/java.util.stream.ReferencePipeline$7$1.accept(ReferencePipeline.java:276)
	at java.base/java.util.ArrayList$ArrayListSpliterator.forEachRemaining(ArrayList.java:1708)
	at java.base/java.util.stream.AbstractPipeline.copyInto(AbstractPipeline.java:509)
	at java.base/java.util.stream.AbstractPipeline.wrapAndCopyInto(AbstractPipeline.java:499)
	at java.base/java.util.stream.ForEachOps$ForEachOp.evaluateSequential(ForEachOps.java:151)
	at java.base/java.util.stream.ForEachOps$ForEachOp$OfRef.evaluateSequential(ForEachOps.java:174)
	at java.base/java.util.stream.AbstractPipeline.evaluate(AbstractPipeline.java:234)
	at java.base/java.util.stream.ReferencePipeline.forEach(ReferencePipeline.java:596)
	at java.base/java.util.stream.ReferencePipeline$7$1.accept(ReferencePipeline.java:276)
	at java.base/java.util.stream.ReferencePipeline$3$1.accept(ReferencePipeline.java:197)
	at java.base/java.util.stream.ReferencePipeline$3$1.accept(ReferencePipeline.java:197)
	at java.base/java.util.stream.ReferencePipeline$3$1.accept(ReferencePipeline.java:197)
	at java.base/java.util.ArrayList$ArrayListSpliterator.forEachRemaining(ArrayList.java:1708)
	at java.base/java.util.stream.AbstractPipeline.copyInto(AbstractPipeline.java:509)
	at java.base/java.util.stream.AbstractPipeline.wrapAndCopyInto(AbstractPipeline.java:499)
	at java.base/java.util.stream.ForEachOps$ForEachOp.evaluateSequential(ForEachOps.java:151)
	at java.base/java.util.stream.ForEachOps$ForEachOp$OfRef.evaluateSequential(ForEachOps.java:174)
	at java.base/java.util.stream.AbstractPipeline.evaluate(AbstractPipeline.java:234)
	at java.base/java.util.stream.ReferencePipeline.forEach(ReferencePipeline.java:596)
	at java.base/java.util.ArrayList.forEach(ArrayList.java:1596)
	at java.base/java.util.ArrayList.forEach(ArrayList.java:1596)
]]></skipped>
    <system-out><![CDATA[2025-03-05 12:57:49,113 [main] INFO  db.CodecBuffer (CodecBuffer.java:set(62)) - Successfully set constructor to LeakDetector::newCodecBuffer: org.apache.hadoop.hdds.utils.db.CodecBuffer$$Lambda/0x00007ff600206790@3b809711
2025-03-05 12:57:49,128 [main] INFO  volume.HddsVolume (HddsVolume.java:<init>(132)) - Creating HddsVolume: /tmp/junit-11848500953896546647/hdds of storage type: DISK, capacity=9222449699674390527, used=0, available=9222449699674390527
2025-03-05 12:57:49,129 [main] INFO  volume.MutableVolumeSet (MutableVolumeSet.java:initializeVolumeSet(169)) - Added Volume : /tmp/junit-11848500953896546647/hdds to VolumeSet
2025-03-05 12:57:49,180 [main] INFO  utils.DatanodeStoreCache (DatanodeStoreCache.java:addDB(71)) - Added db /tmp/junit-11848500953896546647/hdds/b03300dd-d8fc-4fc9-b50c-e7056a8f994e/DS-97b9307e-27ab-4e14-aa26-a0ff404887fe/container.db to cache
2025-03-05 12:57:49,181 [main] INFO  volume.HddsVolume (HddsVolume.java:createDbStore(446)) - SchemaV3 db is created and loaded at /tmp/junit-11848500953896546647/hdds/b03300dd-d8fc-4fc9-b50c-e7056a8f994e/DS-97b9307e-27ab-4e14-aa26-a0ff404887fe/container.db for volume DS-97b9307e-27ab-4e14-aa26-a0ff404887fe
]]></system-out>
  </testcase>
  <testcase name="testWithUnrecordedBlocks(ContainerTestVersionInfo)[7]" classname="org.apache.hadoop.ozone.container.common.TestBlockDeletingService" time="0.776">
    <system-out><![CDATA[2025-03-05 12:57:49,189 [main] INFO  db.CodecBuffer (CodecBuffer.java:set(62)) - Successfully set constructor to LeakDetector::newCodecBuffer: org.apache.hadoop.hdds.utils.db.CodecBuffer$$Lambda/0x00007ff600206790@3b809711
2025-03-05 12:57:49,205 [main] INFO  volume.HddsVolume (HddsVolume.java:<init>(132)) - Creating HddsVolume: /tmp/junit-12610581343115836032/hdds of storage type: DISK, capacity=9222449699674390527, used=0, available=9222449699674390527
2025-03-05 12:57:49,207 [main] INFO  volume.MutableVolumeSet (MutableVolumeSet.java:initializeVolumeSet(169)) - Added Volume : /tmp/junit-12610581343115836032/hdds to VolumeSet
2025-03-05 12:57:49,243 [main] INFO  utils.DatanodeStoreCache (DatanodeStoreCache.java:addDB(71)) - Added db /tmp/junit-12610581343115836032/hdds/28f0058a-999b-41e3-80cc-cc69b5079644/DS-525043c4-291a-4c95-a11d-d9db9c74cba0/container.db to cache
2025-03-05 12:57:49,243 [main] INFO  volume.HddsVolume (HddsVolume.java:createDbStore(446)) - SchemaV3 db is created and loaded at /tmp/junit-12610581343115836032/hdds/28f0058a-999b-41e3-80cc-cc69b5079644/DS-525043c4-291a-4c95-a11d-d9db9c74cba0/container.db for volume DS-525043c4-291a-4c95-a11d-d9db9c74cba0
2025-03-05 12:57:49,245 [main] INFO  impl.FilePerBlockStrategy (FilePerBlockStrategy.java:<init>(87)) - ozone.chunk.read.mapped.buffer.max.count is load with 0
2025-03-05 12:57:49,292 [main] INFO  impl.FilePerBlockStrategy (FilePerBlockStrategy.java:<init>(87)) - ozone.chunk.read.mapped.buffer.max.count is load with 0
2025-03-05 12:57:49,350 [main] INFO  impl.FilePerChunkStrategy (FilePerChunkStrategy.java:<init>(79)) - ozone.chunk.read.mapped.buffer.max.count is load with 0
2025-03-05 12:57:49,350 [main] INFO  impl.FilePerBlockStrategy (FilePerBlockStrategy.java:<init>(87)) - ozone.chunk.read.mapped.buffer.max.count is load with 0
2025-03-05 12:57:49,456 [BlockDeletingService#0] INFO  interfaces.ContainerDeletionChoosingPolicyTemplate (ContainerDeletionChoosingPolicyTemplate.java:chooseContainerForBlockDeletion(83)) - Chosen 2/0 blocks from 2 candidate containers.
2025-03-05 12:57:49,457 [BlockDeletingService#0] INFO  impl.FilePerBlockStrategy (FilePerBlockStrategy.java:deleteChunk(278)) - Deleted block file: /tmp/junit-12610581343115836032/hdds/28f0058a-999b-41e3-80cc-cc69b5079644/current/containerDir0/114109937697161264/chunks/114109937699258417.block
2025-03-05 12:57:49,457 [BlockDeletingService#0] INFO  impl.FilePerBlockStrategy (FilePerBlockStrategy.java:deleteChunk(278)) - Deleted block file: /tmp/junit-12610581343115836032/hdds/28f0058a-999b-41e3-80cc-cc69b5079644/current/containerDir0/114109937697161264/chunks/114109937699323954.block
2025-03-05 12:57:49,458 [BlockDeletingService#0] WARN  utils.BackgroundService (BackgroundService.java:lambda$run$0(151)) - BlockDeletingService Background task execution took 2315025ns > 0ns(timeout)
2025-03-05 12:57:49,556 [BlockDeletingService#1] INFO  interfaces.ContainerDeletionChoosingPolicyTemplate (ContainerDeletionChoosingPolicyTemplate.java:chooseContainerForBlockDeletion(83)) - Chosen 2/0 blocks from 2 candidate containers.
2025-03-05 12:57:49,557 [BlockDeletingService#0] INFO  impl.FilePerBlockStrategy (FilePerBlockStrategy.java:deleteChunk(278)) - Deleted block file: /tmp/junit-12610581343115836032/hdds/28f0058a-999b-41e3-80cc-cc69b5079644/current/containerDir0/114109937697161264/chunks/114109937699455027.block
2025-03-05 12:57:49,557 [BlockDeletingService#0] INFO  keyvalue.KeyValueHandler (KeyValueHandler.java:deleteUnreferenced(1376)) - Deleted unreferenced chunk/block 533785553119.block in container 114109937697161264
2025-03-05 12:57:49,558 [BlockDeletingService#0] WARN  keyvalue.KeyValueHandler (KeyValueHandler.java:deleteUnreferenced(1366)) - Missing delete block(Container = 114109937697161264, Block = 533785562608
2025-03-05 12:57:49,558 [BlockDeletingService#0] INFO  keyvalue.KeyValueHandler (KeyValueHandler.java:deleteUnreferenced(1376)) - Deleted unreferenced chunk/block 533785564613.block in container 114109937697161264
2025-03-05 12:57:49,558 [BlockDeletingService#0] WARN  keyvalue.KeyValueHandler (KeyValueHandler.java:deleteUnreferenced(1366)) - Missing delete block(Container = 114109937697161264, Block = 533785565836
2025-03-05 12:57:49,559 [BlockDeletingService#0] WARN  utils.BackgroundService (BackgroundService.java:lambda$run$0(151)) - BlockDeletingService Background task execution took 2974959ns > 0ns(timeout)
2025-03-05 12:57:49,656 [BlockDeletingService#2] INFO  interfaces.ContainerDeletionChoosingPolicyTemplate (ContainerDeletionChoosingPolicyTemplate.java:chooseContainerForBlockDeletion(83)) - Chosen 2/0 blocks from 1 candidate containers.
2025-03-05 12:57:49,657 [BlockDeletingService#1] INFO  impl.FilePerBlockStrategy (FilePerBlockStrategy.java:deleteChunk(278)) - Deleted block file: /tmp/junit-12610581343115836032/hdds/28f0058a-999b-41e3-80cc-cc69b5079644/current/containerDir0/114109937700569140/chunks/114109937702993973.block
2025-03-05 12:57:49,657 [BlockDeletingService#1] INFO  impl.FilePerBlockStrategy (FilePerBlockStrategy.java:deleteChunk(278)) - Deleted block file: /tmp/junit-12610581343115836032/hdds/28f0058a-999b-41e3-80cc-cc69b5079644/current/containerDir0/114109937700569140/chunks/114109937703125046.block
2025-03-05 12:57:49,658 [BlockDeletingService#1] WARN  utils.BackgroundService (BackgroundService.java:lambda$run$0(151)) - BlockDeletingService Background task execution took 2500803ns > 0ns(timeout)
2025-03-05 12:57:49,756 [BlockDeletingService#3] INFO  interfaces.ContainerDeletionChoosingPolicyTemplate (ContainerDeletionChoosingPolicyTemplate.java:chooseContainerForBlockDeletion(83)) - Chosen 1/1 blocks from 1 candidate containers.
2025-03-05 12:57:49,757 [BlockDeletingService#0] INFO  impl.FilePerBlockStrategy (FilePerBlockStrategy.java:deleteChunk(278)) - Deleted block file: /tmp/junit-12610581343115836032/hdds/28f0058a-999b-41e3-80cc-cc69b5079644/current/containerDir0/114109937700569140/chunks/114109937703190583.block
2025-03-05 12:57:49,757 [BlockDeletingService#0] WARN  utils.BackgroundService (BackgroundService.java:lambda$run$0(151)) - BlockDeletingService Background task execution took 1378445ns > 0ns(timeout)
2025-03-05 12:57:49,856 [BlockDeletingService#4] INFO  interfaces.ContainerDeletionChoosingPolicyTemplate (ContainerDeletionChoosingPolicyTemplate.java:chooseContainerForBlockDeletion(83)) - Chosen 0/2 blocks from 0 candidate containers.
2025-03-05 12:57:49,956 [main] INFO  utils.BackgroundService (BackgroundService.java:shutdown(162)) - Shutting down service BlockDeletingService
]]></system-out>
  </testcase>
  <testcase name="testWithUnrecordedBlocks(ContainerTestVersionInfo)[8]" classname="org.apache.hadoop.ozone.container.common.TestBlockDeletingService" time="0.71">
    <system-out><![CDATA[2025-03-05 12:57:49,967 [main] INFO  db.CodecBuffer (CodecBuffer.java:set(62)) - Successfully set constructor to LeakDetector::newCodecBuffer: org.apache.hadoop.hdds.utils.db.CodecBuffer$$Lambda/0x00007ff600206790@3b809711
2025-03-05 12:57:49,979 [main] INFO  volume.HddsVolume (HddsVolume.java:<init>(132)) - Creating HddsVolume: /tmp/junit-14320017848737904412/hdds of storage type: DISK, capacity=9222449699674390527, used=0, available=9222449699674390527
2025-03-05 12:57:49,981 [main] INFO  volume.MutableVolumeSet (MutableVolumeSet.java:initializeVolumeSet(169)) - Added Volume : /tmp/junit-14320017848737904412/hdds to VolumeSet
2025-03-05 12:57:50,016 [main] INFO  utils.DatanodeStoreCache (DatanodeStoreCache.java:addDB(71)) - Added db /tmp/junit-14320017848737904412/hdds/22ab8cab-7b6e-4cae-be78-86fedafda93e/DS-d64a2430-33ef-409c-9725-93670ec84a93/container.db to cache
2025-03-05 12:57:50,016 [main] INFO  volume.HddsVolume (HddsVolume.java:createDbStore(446)) - SchemaV3 db is created and loaded at /tmp/junit-14320017848737904412/hdds/22ab8cab-7b6e-4cae-be78-86fedafda93e/DS-d64a2430-33ef-409c-9725-93670ec84a93/container.db for volume DS-d64a2430-33ef-409c-9725-93670ec84a93
2025-03-05 12:57:50,018 [main] INFO  impl.FilePerBlockStrategy (FilePerBlockStrategy.java:<init>(87)) - ozone.chunk.read.mapped.buffer.max.count is load with 0
2025-03-05 12:57:50,046 [main] INFO  impl.FilePerBlockStrategy (FilePerBlockStrategy.java:<init>(87)) - ozone.chunk.read.mapped.buffer.max.count is load with 0
2025-03-05 12:57:50,064 [main] INFO  impl.FilePerChunkStrategy (FilePerChunkStrategy.java:<init>(79)) - ozone.chunk.read.mapped.buffer.max.count is load with 0
2025-03-05 12:57:50,064 [main] INFO  impl.FilePerBlockStrategy (FilePerBlockStrategy.java:<init>(87)) - ozone.chunk.read.mapped.buffer.max.count is load with 0
2025-03-05 12:57:50,172 [BlockDeletingService#0] INFO  interfaces.ContainerDeletionChoosingPolicyTemplate (ContainerDeletionChoosingPolicyTemplate.java:chooseContainerForBlockDeletion(83)) - Chosen 2/0 blocks from 2 candidate containers.
2025-03-05 12:57:50,174 [BlockDeletingService#0] INFO  impl.FilePerBlockStrategy (FilePerBlockStrategy.java:deleteChunk(278)) - Deleted block file: /tmp/junit-14320017848737904412/hdds/22ab8cab-7b6e-4cae-be78-86fedafda93e/current/containerDir128/114109937748344888/chunks/114109937748607033.block
2025-03-05 12:57:50,174 [BlockDeletingService#0] INFO  keyvalue.KeyValueHandler (KeyValueHandler.java:deleteUnreferenced(1376)) - Deleted unreferenced chunk/block 534499078023.block in container 114109937748344888
2025-03-05 12:57:50,174 [BlockDeletingService#0] INFO  keyvalue.KeyValueHandler (KeyValueHandler.java:deleteUnreferenced(1376)) - Deleted unreferenced chunk/block 534499087031.block in container 114109937748344888
2025-03-05 12:57:50,175 [BlockDeletingService#0] WARN  keyvalue.KeyValueHandler (KeyValueHandler.java:deleteUnreferenced(1366)) - Missing delete block(Container = 114109937748344888, Block = 534499088655
2025-03-05 12:57:50,175 [BlockDeletingService#0] WARN  keyvalue.KeyValueHandler (KeyValueHandler.java:deleteUnreferenced(1366)) - Missing delete block(Container = 114109937748344888, Block = 534499089688
2025-03-05 12:57:50,176 [BlockDeletingService#0] WARN  utils.BackgroundService (BackgroundService.java:lambda$run$0(151)) - BlockDeletingService Background task execution took 3074495ns > 0ns(timeout)
2025-03-05 12:57:50,270 [BlockDeletingService#1] INFO  interfaces.ContainerDeletionChoosingPolicyTemplate (ContainerDeletionChoosingPolicyTemplate.java:chooseContainerForBlockDeletion(83)) - Chosen 2/0 blocks from 2 candidate containers.
2025-03-05 12:57:50,271 [BlockDeletingService#0] INFO  impl.FilePerBlockStrategy (FilePerBlockStrategy.java:deleteChunk(278)) - Deleted block file: /tmp/junit-14320017848737904412/hdds/22ab8cab-7b6e-4cae-be78-86fedafda93e/current/containerDir0/114109937749590076/chunks/114109937749852221.block
2025-03-05 12:57:50,272 [BlockDeletingService#0] INFO  impl.FilePerBlockStrategy (FilePerBlockStrategy.java:deleteChunk(278)) - Deleted block file: /tmp/junit-14320017848737904412/hdds/22ab8cab-7b6e-4cae-be78-86fedafda93e/current/containerDir0/114109937749590076/chunks/114109937749917758.block
2025-03-05 12:57:50,273 [BlockDeletingService#0] WARN  utils.BackgroundService (BackgroundService.java:lambda$run$0(151)) - BlockDeletingService Background task execution took 2395015ns > 0ns(timeout)
2025-03-05 12:57:50,370 [BlockDeletingService#2] INFO  interfaces.ContainerDeletionChoosingPolicyTemplate (ContainerDeletionChoosingPolicyTemplate.java:chooseContainerForBlockDeletion(83)) - Chosen 2/0 blocks from 2 candidate containers.
2025-03-05 12:57:50,371 [BlockDeletingService#1] INFO  impl.FilePerBlockStrategy (FilePerBlockStrategy.java:deleteChunk(278)) - Deleted block file: /tmp/junit-14320017848737904412/hdds/22ab8cab-7b6e-4cae-be78-86fedafda93e/current/containerDir128/114109937748344888/chunks/114109937748738106.block
2025-03-05 12:57:50,372 [BlockDeletingService#1] INFO  impl.FilePerBlockStrategy (FilePerBlockStrategy.java:deleteChunk(278)) - Deleted block file: /tmp/junit-14320017848737904412/hdds/22ab8cab-7b6e-4cae-be78-86fedafda93e/current/containerDir128/114109937748344888/chunks/114109937748803643.block
2025-03-05 12:57:50,373 [BlockDeletingService#1] WARN  utils.BackgroundService (BackgroundService.java:lambda$run$0(151)) - BlockDeletingService Background task execution took 2500933ns > 0ns(timeout)
2025-03-05 12:57:50,470 [BlockDeletingService#3] INFO  interfaces.ContainerDeletionChoosingPolicyTemplate (ContainerDeletionChoosingPolicyTemplate.java:chooseContainerForBlockDeletion(83)) - Chosen 1/1 blocks from 1 candidate containers.
2025-03-05 12:57:50,471 [BlockDeletingService#0] INFO  impl.FilePerBlockStrategy (FilePerBlockStrategy.java:deleteChunk(278)) - Deleted block file: /tmp/junit-14320017848737904412/hdds/22ab8cab-7b6e-4cae-be78-86fedafda93e/current/containerDir0/114109937749590076/chunks/114109937749983295.block
2025-03-05 12:57:50,472 [BlockDeletingService#0] WARN  utils.BackgroundService (BackgroundService.java:lambda$run$0(151)) - BlockDeletingService Background task execution took 1395318ns > 0ns(timeout)
2025-03-05 12:57:50,570 [BlockDeletingService#4] INFO  interfaces.ContainerDeletionChoosingPolicyTemplate (ContainerDeletionChoosingPolicyTemplate.java:chooseContainerForBlockDeletion(83)) - Chosen 0/2 blocks from 0 candidate containers.
2025-03-05 12:57:50,670 [main] INFO  utils.BackgroundService (BackgroundService.java:shutdown(162)) - Shutting down service BlockDeletingService
]]></system-out>
  </testcase>
  <testcase name="testShutdownService(ContainerTestVersionInfo)[1]" classname="org.apache.hadoop.ozone.container.common.TestBlockDeletingService" time="0.293">
    <system-out><![CDATA[2025-03-05 12:57:50,681 [main] INFO  db.CodecBuffer (CodecBuffer.java:set(62)) - Successfully set constructor to LeakDetector::newCodecBuffer: org.apache.hadoop.hdds.utils.db.CodecBuffer$$Lambda/0x00007ff600206790@3b809711
2025-03-05 12:57:50,693 [main] INFO  volume.HddsVolume (HddsVolume.java:<init>(132)) - Creating HddsVolume: /tmp/junit-14655397265023835032/hdds of storage type: DISK, capacity=9222449699674390527, used=0, available=9222449699674390527
2025-03-05 12:57:50,694 [main] INFO  volume.MutableVolumeSet (MutableVolumeSet.java:initializeVolumeSet(169)) - Added Volume : /tmp/junit-14655397265023835032/hdds to VolumeSet
2025-03-05 12:57:50,722 [main] INFO  utils.DatanodeStoreCache (DatanodeStoreCache.java:addDB(71)) - Added db /tmp/junit-14655397265023835032/hdds/6912df52-1220-4dfc-b068-a01ee45086b7/DS-e3038c8f-5508-4456-825b-baa6667b0ec8/container.db to cache
2025-03-05 12:57:50,722 [main] INFO  volume.HddsVolume (HddsVolume.java:createDbStore(446)) - SchemaV3 db is created and loaded at /tmp/junit-14655397265023835032/hdds/6912df52-1220-4dfc-b068-a01ee45086b7/DS-e3038c8f-5508-4456-825b-baa6667b0ec8/container.db for volume DS-e3038c8f-5508-4456-825b-baa6667b0ec8
2025-03-05 12:57:50,724 [main] INFO  impl.FilePerChunkStrategy (FilePerChunkStrategy.java:<init>(79)) - ozone.chunk.read.mapped.buffer.max.count is load with 0
2025-03-05 12:57:50,862 [main] INFO  impl.FilePerChunkStrategy (FilePerChunkStrategy.java:<init>(79)) - ozone.chunk.read.mapped.buffer.max.count is load with 0
2025-03-05 12:57:50,863 [main] INFO  impl.FilePerBlockStrategy (FilePerBlockStrategy.java:<init>(87)) - ozone.chunk.read.mapped.buffer.max.count is load with 0
2025-03-05 12:57:50,866 [BlockDeletingService#0] INFO  interfaces.ContainerDeletionChoosingPolicyTemplate (ContainerDeletionChoosingPolicyTemplate.java:chooseContainerForBlockDeletion(83)) - Chosen 100/4900 blocks from 1 candidate containers.
2025-03-05 12:57:50,869 [BlockDeletingService#0] INFO  impl.FilePerChunkStrategy (FilePerChunkStrategy.java:deleteChunk(327)) - Deleted chunk file /tmp/junit-14655397265023835032/hdds/6912df52-1220-4dfc-b068-a01ee45086b7/current/containerDir0/114109937794023488/chunks/114109937795792961_chunk_0_block_0 (size 100) for chunk ChunkInfo{chunkName='114109937795792961_chunk_0_block_0, offset=0, len=100}
2025-03-05 12:57:50,869 [BlockDeletingService#0] INFO  impl.FilePerChunkStrategy (FilePerChunkStrategy.java:deleteChunk(327)) - Deleted chunk file /tmp/junit-14655397265023835032/hdds/6912df52-1220-4dfc-b068-a01ee45086b7/current/containerDir0/114109937794023488/chunks/114109937795858498_chunk_0_block_1 (size 100) for chunk ChunkInfo{chunkName='114109937795858498_chunk_0_block_1, offset=0, len=100}
2025-03-05 12:57:50,870 [BlockDeletingService#0] INFO  impl.FilePerChunkStrategy (FilePerChunkStrategy.java:deleteChunk(327)) - Deleted chunk file /tmp/junit-14655397265023835032/hdds/6912df52-1220-4dfc-b068-a01ee45086b7/current/containerDir0/114109937794023488/chunks/114109937795924035_chunk_0_block_2 (size 100) for chunk ChunkInfo{chunkName='114109937795924035_chunk_0_block_2, offset=0, len=100}
2025-03-05 12:57:50,870 [BlockDeletingService#0] INFO  impl.FilePerChunkStrategy (FilePerChunkStrategy.java:deleteChunk(327)) - Deleted chunk file /tmp/junit-14655397265023835032/hdds/6912df52-1220-4dfc-b068-a01ee45086b7/current/containerDir0/114109937794023488/chunks/114109937795989572_chunk_0_block_3 (size 100) for chunk ChunkInfo{chunkName='114109937795989572_chunk_0_block_3, offset=0, len=100}
2025-03-05 12:57:50,870 [BlockDeletingService#0] INFO  impl.FilePerChunkStrategy (FilePerChunkStrategy.java:deleteChunk(327)) - Deleted chunk file /tmp/junit-14655397265023835032/hdds/6912df52-1220-4dfc-b068-a01ee45086b7/current/containerDir0/114109937794023488/chunks/114109937795989573_chunk_0_block_4 (size 100) for chunk ChunkInfo{chunkName='114109937795989573_chunk_0_block_4, offset=0, len=100}
2025-03-05 12:57:50,871 [BlockDeletingService#0] INFO  impl.FilePerChunkStrategy (FilePerChunkStrategy.java:deleteChunk(327)) - Deleted chunk file /tmp/junit-14655397265023835032/hdds/6912df52-1220-4dfc-b068-a01ee45086b7/current/containerDir0/114109937794023488/chunks/114109937796055110_chunk_0_block_5 (size 100) for chunk ChunkInfo{chunkName='114109937796055110_chunk_0_block_5, offset=0, len=100}
2025-03-05 12:57:50,871 [BlockDeletingService#0] INFO  impl.FilePerChunkStrategy (FilePerChunkStrategy.java:deleteChunk(327)) - Deleted chunk file /tmp/junit-14655397265023835032/hdds/6912df52-1220-4dfc-b068-a01ee45086b7/current/containerDir0/114109937794023488/chunks/114109937796186183_chunk_0_block_6 (size 100) for chunk ChunkInfo{chunkName='114109937796186183_chunk_0_block_6, offset=0, len=100}
2025-03-05 12:57:50,871 [BlockDeletingService#0] INFO  impl.FilePerChunkStrategy (FilePerChunkStrategy.java:deleteChunk(327)) - Deleted chunk file /tmp/junit-14655397265023835032/hdds/6912df52-1220-4dfc-b068-a01ee45086b7/current/containerDir0/114109937794023488/chunks/114109937796251720_chunk_0_block_7 (size 100) for chunk ChunkInfo{chunkName='114109937796251720_chunk_0_block_7, offset=0, len=100}
2025-03-05 12:57:50,872 [BlockDeletingService#0] INFO  impl.FilePerChunkStrategy (FilePerChunkStrategy.java:deleteChunk(327)) - Deleted chunk file /tmp/junit-14655397265023835032/hdds/6912df52-1220-4dfc-b068-a01ee45086b7/current/containerDir0/114109937794023488/chunks/114109937796317257_chunk_0_block_8 (size 100) for chunk ChunkInfo{chunkName='114109937796317257_chunk_0_block_8, offset=0, len=100}
2025-03-05 12:57:50,872 [BlockDeletingService#0] INFO  impl.FilePerChunkStrategy (FilePerChunkStrategy.java:deleteChunk(327)) - Deleted chunk file /tmp/junit-14655397265023835032/hdds/6912df52-1220-4dfc-b068-a01ee45086b7/current/containerDir0/114109937794023488/chunks/114109937796382794_chunk_0_block_9 (size 100) for chunk ChunkInfo{chunkName='114109937796382794_chunk_0_block_9, offset=0, len=100}
2025-03-05 12:57:50,872 [BlockDeletingService#0] INFO  impl.FilePerChunkStrategy (FilePerChunkStrategy.java:deleteChunk(327)) - Deleted chunk file /tmp/junit-14655397265023835032/hdds/6912df52-1220-4dfc-b068-a01ee45086b7/current/containerDir0/114109937794023488/chunks/114109937796448331_chunk_0_block_10 (size 100) for chunk ChunkInfo{chunkName='114109937796448331_chunk_0_block_10, offset=0, len=100}
2025-03-05 12:57:50,873 [BlockDeletingService#0] INFO  impl.FilePerChunkStrategy (FilePerChunkStrategy.java:deleteChunk(327)) - Deleted chunk file /tmp/junit-14655397265023835032/hdds/6912df52-1220-4dfc-b068-a01ee45086b7/current/containerDir0/114109937794023488/chunks/114109937796513868_chunk_0_block_11 (size 100) for chunk ChunkInfo{chunkName='114109937796513868_chunk_0_block_11, offset=0, len=100}
2025-03-05 12:57:50,873 [BlockDeletingService#0] INFO  impl.FilePerChunkStrategy (FilePerChunkStrategy.java:deleteChunk(327)) - Deleted chunk file /tmp/junit-14655397265023835032/hdds/6912df52-1220-4dfc-b068-a01ee45086b7/current/containerDir0/114109937794023488/chunks/114109937796579405_chunk_0_block_12 (size 100) for chunk ChunkInfo{chunkName='114109937796579405_chunk_0_block_12, offset=0, len=100}
2025-03-05 12:57:50,873 [BlockDeletingService#0] INFO  impl.FilePerChunkStrategy (FilePerChunkStrategy.java:deleteChunk(327)) - Deleted chunk file /tmp/junit-14655397265023835032/hdds/6912df52-1220-4dfc-b068-a01ee45086b7/current/containerDir0/114109937794023488/chunks/114109937796579406_chunk_0_block_13 (size 100) for chunk ChunkInfo{chunkName='114109937796579406_chunk_0_block_13, offset=0, len=100}
2025-03-05 12:57:50,874 [BlockDeletingService#0] INFO  impl.FilePerChunkStrategy (FilePerChunkStrategy.java:deleteChunk(327)) - Deleted chunk file /tmp/junit-14655397265023835032/hdds/6912df52-1220-4dfc-b068-a01ee45086b7/current/containerDir0/114109937794023488/chunks/114109937796644943_chunk_0_block_14 (size 100) for chunk ChunkInfo{chunkName='114109937796644943_chunk_0_block_14, offset=0, len=100}
2025-03-05 12:57:50,874 [BlockDeletingService#0] INFO  impl.FilePerChunkStrategy (FilePerChunkStrategy.java:deleteChunk(327)) - Deleted chunk file /tmp/junit-14655397265023835032/hdds/6912df52-1220-4dfc-b068-a01ee45086b7/current/containerDir0/114109937794023488/chunks/114109937796710480_chunk_0_block_15 (size 100) for chunk ChunkInfo{chunkName='114109937796710480_chunk_0_block_15, offset=0, len=100}
2025-03-05 12:57:50,874 [BlockDeletingService#0] INFO  impl.FilePerChunkStrategy (FilePerChunkStrategy.java:deleteChunk(327)) - Deleted chunk file /tmp/junit-14655397265023835032/hdds/6912df52-1220-4dfc-b068-a01ee45086b7/current/containerDir0/114109937794023488/chunks/114109937796710481_chunk_0_block_16 (size 100) for chunk ChunkInfo{chunkName='114109937796710481_chunk_0_block_16, offset=0, len=100}
2025-03-05 12:57:50,875 [BlockDeletingService#0] INFO  impl.FilePerChunkStrategy (FilePerChunkStrategy.java:deleteChunk(327)) - Deleted chunk file /tmp/junit-14655397265023835032/hdds/6912df52-1220-4dfc-b068-a01ee45086b7/current/containerDir0/114109937794023488/chunks/114109937796841554_chunk_0_block_17 (size 100) for chunk ChunkInfo{chunkName='114109937796841554_chunk_0_block_17, offset=0, len=100}
2025-03-05 12:57:50,875 [BlockDeletingService#0] INFO  impl.FilePerChunkStrategy (FilePerChunkStrategy.java:deleteChunk(327)) - Deleted chunk file /tmp/junit-14655397265023835032/hdds/6912df52-1220-4dfc-b068-a01ee45086b7/current/containerDir0/114109937794023488/chunks/114109937796841555_chunk_0_block_18 (size 100) for chunk ChunkInfo{chunkName='114109937796841555_chunk_0_block_18, offset=0, len=100}
2025-03-05 12:57:50,875 [BlockDeletingService#0] INFO  impl.FilePerChunkStrategy (FilePerChunkStrategy.java:deleteChunk(327)) - Deleted chunk file /tmp/junit-14655397265023835032/hdds/6912df52-1220-4dfc-b068-a01ee45086b7/current/containerDir0/114109937794023488/chunks/114109937797038164_chunk_0_block_19 (size 100) for chunk ChunkInfo{chunkName='114109937797038164_chunk_0_block_19, offset=0, len=100}
2025-03-05 12:57:50,876 [BlockDeletingService#0] INFO  impl.FilePerChunkStrategy (FilePerChunkStrategy.java:deleteChunk(327)) - Deleted chunk file /tmp/junit-14655397265023835032/hdds/6912df52-1220-4dfc-b068-a01ee45086b7/current/containerDir0/114109937794023488/chunks/114109937797103701_chunk_0_block_20 (size 100) for chunk ChunkInfo{chunkName='114109937797103701_chunk_0_block_20, offset=0, len=100}
2025-03-05 12:57:50,876 [BlockDeletingService#0] INFO  impl.FilePerChunkStrategy (FilePerChunkStrategy.java:deleteChunk(327)) - Deleted chunk file /tmp/junit-14655397265023835032/hdds/6912df52-1220-4dfc-b068-a01ee45086b7/current/containerDir0/114109937794023488/chunks/114109937797169238_chunk_0_block_21 (size 100) for chunk ChunkInfo{chunkName='114109937797169238_chunk_0_block_21, offset=0, len=100}
2025-03-05 12:57:50,876 [BlockDeletingService#0] INFO  impl.FilePerChunkStrategy (FilePerChunkStrategy.java:deleteChunk(327)) - Deleted chunk file /tmp/junit-14655397265023835032/hdds/6912df52-1220-4dfc-b068-a01ee45086b7/current/containerDir0/114109937794023488/chunks/114109937797169239_chunk_0_block_22 (size 100) for chunk ChunkInfo{chunkName='114109937797169239_chunk_0_block_22, offset=0, len=100}
2025-03-05 12:57:50,876 [BlockDeletingService#0] INFO  impl.FilePerChunkStrategy (FilePerChunkStrategy.java:deleteChunk(327)) - Deleted chunk file /tmp/junit-14655397265023835032/hdds/6912df52-1220-4dfc-b068-a01ee45086b7/current/containerDir0/114109937794023488/chunks/114109937797234776_chunk_0_block_23 (size 100) for chunk ChunkInfo{chunkName='114109937797234776_chunk_0_block_23, offset=0, len=100}
2025-03-05 12:57:50,877 [BlockDeletingService#0] INFO  impl.FilePerChunkStrategy (FilePerChunkStrategy.java:deleteChunk(327)) - Deleted chunk file /tmp/junit-14655397265023835032/hdds/6912df52-1220-4dfc-b068-a01ee45086b7/current/containerDir0/114109937794023488/chunks/114109937797300313_chunk_0_block_24 (size 100) for chunk ChunkInfo{chunkName='114109937797300313_chunk_0_block_24, offset=0, len=100}
2025-03-05 12:57:50,877 [BlockDeletingService#0] INFO  impl.FilePerChunkStrategy (FilePerChunkStrategy.java:deleteChunk(327)) - Deleted chunk file /tmp/junit-14655397265023835032/hdds/6912df52-1220-4dfc-b068-a01ee45086b7/current/containerDir0/114109937794023488/chunks/114109937797365850_chunk_0_block_25 (size 100) for chunk ChunkInfo{chunkName='114109937797365850_chunk_0_block_25, offset=0, len=100}
2025-03-05 12:57:50,877 [BlockDeletingService#0] INFO  impl.FilePerChunkStrategy (FilePerChunkStrategy.java:deleteChunk(327)) - Deleted chunk file /tmp/junit-14655397265023835032/hdds/6912df52-1220-4dfc-b068-a01ee45086b7/current/containerDir0/114109937794023488/chunks/114109937797431387_chunk_0_block_26 (size 100) for chunk ChunkInfo{chunkName='114109937797431387_chunk_0_block_26, offset=0, len=100}
2025-03-05 12:57:50,878 [BlockDeletingService#0] INFO  impl.FilePerChunkStrategy (FilePerChunkStrategy.java:deleteChunk(327)) - Deleted chunk file /tmp/junit-14655397265023835032/hdds/6912df52-1220-4dfc-b068-a01ee45086b7/current/containerDir0/114109937794023488/chunks/114109937797496924_chunk_0_block_27 (size 100) for chunk ChunkInfo{chunkName='114109937797496924_chunk_0_block_27, offset=0, len=100}
2025-03-05 12:57:50,878 [BlockDeletingService#0] INFO  impl.FilePerChunkStrategy (FilePerChunkStrategy.java:deleteChunk(327)) - Deleted chunk file /tmp/junit-14655397265023835032/hdds/6912df52-1220-4dfc-b068-a01ee45086b7/current/containerDir0/114109937794023488/chunks/114109937797562461_chunk_0_block_28 (size 100) for chunk ChunkInfo{chunkName='114109937797562461_chunk_0_block_28, offset=0, len=100}
2025-03-05 12:57:50,878 [BlockDeletingService#0] INFO  impl.FilePerChunkStrategy (FilePerChunkStrategy.java:deleteChunk(327)) - Deleted chunk file /tmp/junit-14655397265023835032/hdds/6912df52-1220-4dfc-b068-a01ee45086b7/current/containerDir0/114109937794023488/chunks/114109937797562462_chunk_0_block_29 (size 100) for chunk ChunkInfo{chunkName='114109937797562462_chunk_0_block_29, offset=0, len=100}
2025-03-05 12:57:50,878 [BlockDeletingService#0] INFO  impl.FilePerChunkStrategy (FilePerChunkStrategy.java:deleteChunk(327)) - Deleted chunk file /tmp/junit-14655397265023835032/hdds/6912df52-1220-4dfc-b068-a01ee45086b7/current/containerDir0/114109937794023488/chunks/114109937797693535_chunk_0_block_30 (size 100) for chunk ChunkInfo{chunkName='114109937797693535_chunk_0_block_30, offset=0, len=100}
2025-03-05 12:57:50,879 [BlockDeletingService#0] INFO  impl.FilePerChunkStrategy (FilePerChunkStrategy.java:deleteChunk(327)) - Deleted chunk file /tmp/junit-14655397265023835032/hdds/6912df52-1220-4dfc-b068-a01ee45086b7/current/containerDir0/114109937794023488/chunks/114109937797759072_chunk_0_block_31 (size 100) for chunk ChunkInfo{chunkName='114109937797759072_chunk_0_block_31, offset=0, len=100}
2025-03-05 12:57:50,879 [BlockDeletingService#0] INFO  impl.FilePerChunkStrategy (FilePerChunkStrategy.java:deleteChunk(327)) - Deleted chunk file /tmp/junit-14655397265023835032/hdds/6912df52-1220-4dfc-b068-a01ee45086b7/current/containerDir0/114109937794023488/chunks/114109937797890145_chunk_0_block_32 (size 100) for chunk ChunkInfo{chunkName='114109937797890145_chunk_0_block_32, offset=0, len=100}
2025-03-05 12:57:50,879 [BlockDeletingService#0] INFO  impl.FilePerChunkStrategy (FilePerChunkStrategy.java:deleteChunk(327)) - Deleted chunk file /tmp/junit-14655397265023835032/hdds/6912df52-1220-4dfc-b068-a01ee45086b7/current/containerDir0/114109937794023488/chunks/114109937797955682_chunk_0_block_33 (size 100) for chunk ChunkInfo{chunkName='114109937797955682_chunk_0_block_33, offset=0, len=100}
2025-03-05 12:57:50,880 [BlockDeletingService#0] INFO  impl.FilePerChunkStrategy (FilePerChunkStrategy.java:deleteChunk(327)) - Deleted chunk file /tmp/junit-14655397265023835032/hdds/6912df52-1220-4dfc-b068-a01ee45086b7/current/containerDir0/114109937794023488/chunks/114109937798021219_chunk_0_block_34 (size 100) for chunk ChunkInfo{chunkName='114109937798021219_chunk_0_block_34, offset=0, len=100}
2025-03-05 12:57:50,880 [BlockDeletingService#0] INFO  impl.FilePerChunkStrategy (FilePerChunkStrategy.java:deleteChunk(327)) - Deleted chunk file /tmp/junit-14655397265023835032/hdds/6912df52-1220-4dfc-b068-a01ee45086b7/current/containerDir0/114109937794023488/chunks/114109937798021220_chunk_0_block_35 (size 100) for chunk ChunkInfo{chunkName='114109937798021220_chunk_0_block_35, offset=0, len=100}
2025-03-05 12:57:50,880 [BlockDeletingService#0] INFO  impl.FilePerChunkStrategy (FilePerChunkStrategy.java:deleteChunk(327)) - Deleted chunk file /tmp/junit-14655397265023835032/hdds/6912df52-1220-4dfc-b068-a01ee45086b7/current/containerDir0/114109937794023488/chunks/114109937798086757_chunk_0_block_36 (size 100) for chunk ChunkInfo{chunkName='114109937798086757_chunk_0_block_36, offset=0, len=100}
2025-03-05 12:57:50,880 [BlockDeletingService#0] INFO  impl.FilePerChunkStrategy (FilePerChunkStrategy.java:deleteChunk(327)) - Deleted chunk file /tmp/junit-14655397265023835032/hdds/6912df52-1220-4dfc-b068-a01ee45086b7/current/containerDir0/114109937794023488/chunks/114109937798152294_chunk_0_block_37 (size 100) for chunk ChunkInfo{chunkName='114109937798152294_chunk_0_block_37, offset=0, len=100}
2025-03-05 12:57:50,881 [BlockDeletingService#0] INFO  impl.FilePerChunkStrategy (FilePerChunkStrategy.java:deleteChunk(327)) - Deleted chunk file /tmp/junit-14655397265023835032/hdds/6912df52-1220-4dfc-b068-a01ee45086b7/current/containerDir0/114109937794023488/chunks/114109937798217831_chunk_0_block_38 (size 100) for chunk ChunkInfo{chunkName='114109937798217831_chunk_0_block_38, offset=0, len=100}
2025-03-05 12:57:50,881 [BlockDeletingService#0] INFO  impl.FilePerChunkStrategy (FilePerChunkStrategy.java:deleteChunk(327)) - Deleted chunk file /tmp/junit-14655397265023835032/hdds/6912df52-1220-4dfc-b068-a01ee45086b7/current/containerDir0/114109937794023488/chunks/114109937798283368_chunk_0_block_39 (size 100) for chunk ChunkInfo{chunkName='114109937798283368_chunk_0_block_39, offset=0, len=100}
2025-03-05 12:57:50,881 [BlockDeletingService#0] INFO  impl.FilePerChunkStrategy (FilePerChunkStrategy.java:deleteChunk(327)) - Deleted chunk file /tmp/junit-14655397265023835032/hdds/6912df52-1220-4dfc-b068-a01ee45086b7/current/containerDir0/114109937794023488/chunks/114109937798348905_chunk_0_block_40 (size 100) for chunk ChunkInfo{chunkName='114109937798348905_chunk_0_block_40, offset=0, len=100}
2025-03-05 12:57:50,882 [BlockDeletingService#0] INFO  impl.FilePerChunkStrategy (FilePerChunkStrategy.java:deleteChunk(327)) - Deleted chunk file /tmp/junit-14655397265023835032/hdds/6912df52-1220-4dfc-b068-a01ee45086b7/current/containerDir0/114109937794023488/chunks/114109937798414442_chunk_0_block_41 (size 100) for chunk ChunkInfo{chunkName='114109937798414442_chunk_0_block_41, offset=0, len=100}
2025-03-05 12:57:50,882 [BlockDeletingService#0] INFO  impl.FilePerChunkStrategy (FilePerChunkStrategy.java:deleteChunk(327)) - Deleted chunk file /tmp/junit-14655397265023835032/hdds/6912df52-1220-4dfc-b068-a01ee45086b7/current/containerDir0/114109937794023488/chunks/114109937798479979_chunk_0_block_42 (size 100) for chunk ChunkInfo{chunkName='114109937798479979_chunk_0_block_42, offset=0, len=100}
2025-03-05 12:57:50,882 [BlockDeletingService#0] INFO  impl.FilePerChunkStrategy (FilePerChunkStrategy.java:deleteChunk(327)) - Deleted chunk file /tmp/junit-14655397265023835032/hdds/6912df52-1220-4dfc-b068-a01ee45086b7/current/containerDir0/114109937794023488/chunks/114109937798545516_chunk_0_block_43 (size 100) for chunk ChunkInfo{chunkName='114109937798545516_chunk_0_block_43, offset=0, len=100}
2025-03-05 12:57:50,882 [BlockDeletingService#0] INFO  impl.FilePerChunkStrategy (FilePerChunkStrategy.java:deleteChunk(327)) - Deleted chunk file /tmp/junit-14655397265023835032/hdds/6912df52-1220-4dfc-b068-a01ee45086b7/current/containerDir0/114109937794023488/chunks/114109937798611053_chunk_0_block_44 (size 100) for chunk ChunkInfo{chunkName='114109937798611053_chunk_0_block_44, offset=0, len=100}
2025-03-05 12:57:50,883 [BlockDeletingService#0] INFO  impl.FilePerChunkStrategy (FilePerChunkStrategy.java:deleteChunk(327)) - Deleted chunk file /tmp/junit-14655397265023835032/hdds/6912df52-1220-4dfc-b068-a01ee45086b7/current/containerDir0/114109937794023488/chunks/114109937798676590_chunk_0_block_45 (size 100) for chunk ChunkInfo{chunkName='114109937798676590_chunk_0_block_45, offset=0, len=100}
2025-03-05 12:57:50,883 [BlockDeletingService#0] INFO  impl.FilePerChunkStrategy (FilePerChunkStrategy.java:deleteChunk(327)) - Deleted chunk file /tmp/junit-14655397265023835032/hdds/6912df52-1220-4dfc-b068-a01ee45086b7/current/containerDir0/114109937794023488/chunks/114109937798742127_chunk_0_block_46 (size 100) for chunk ChunkInfo{chunkName='114109937798742127_chunk_0_block_46, offset=0, len=100}
2025-03-05 12:57:50,883 [BlockDeletingService#0] INFO  impl.FilePerChunkStrategy (FilePerChunkStrategy.java:deleteChunk(327)) - Deleted chunk file /tmp/junit-14655397265023835032/hdds/6912df52-1220-4dfc-b068-a01ee45086b7/current/containerDir0/114109937794023488/chunks/114109937798873200_chunk_0_block_47 (size 100) for chunk ChunkInfo{chunkName='114109937798873200_chunk_0_block_47, offset=0, len=100}
2025-03-05 12:57:50,884 [BlockDeletingService#0] INFO  impl.FilePerChunkStrategy (FilePerChunkStrategy.java:deleteChunk(327)) - Deleted chunk file /tmp/junit-14655397265023835032/hdds/6912df52-1220-4dfc-b068-a01ee45086b7/current/containerDir0/114109937794023488/chunks/114109937798938737_chunk_0_block_48 (size 100) for chunk ChunkInfo{chunkName='114109937798938737_chunk_0_block_48, offset=0, len=100}
2025-03-05 12:57:50,884 [BlockDeletingService#0] INFO  impl.FilePerChunkStrategy (FilePerChunkStrategy.java:deleteChunk(327)) - Deleted chunk file /tmp/junit-14655397265023835032/hdds/6912df52-1220-4dfc-b068-a01ee45086b7/current/containerDir0/114109937794023488/chunks/114109937799004274_chunk_0_block_49 (size 100) for chunk ChunkInfo{chunkName='114109937799004274_chunk_0_block_49, offset=0, len=100}
2025-03-05 12:57:50,884 [BlockDeletingService#0] INFO  impl.FilePerChunkStrategy (FilePerChunkStrategy.java:deleteChunk(327)) - Deleted chunk file /tmp/junit-14655397265023835032/hdds/6912df52-1220-4dfc-b068-a01ee45086b7/current/containerDir0/114109937794023488/chunks/114109937799069811_chunk_0_block_50 (size 100) for chunk ChunkInfo{chunkName='114109937799069811_chunk_0_block_50, offset=0, len=100}
2025-03-05 12:57:50,885 [BlockDeletingService#0] INFO  impl.FilePerChunkStrategy (FilePerChunkStrategy.java:deleteChunk(327)) - Deleted chunk file /tmp/junit-14655397265023835032/hdds/6912df52-1220-4dfc-b068-a01ee45086b7/current/containerDir0/114109937794023488/chunks/114109937799200884_chunk_0_block_51 (size 100) for chunk ChunkInfo{chunkName='114109937799200884_chunk_0_block_51, offset=0, len=100}
2025-03-05 12:57:50,885 [BlockDeletingService#0] INFO  impl.FilePerChunkStrategy (FilePerChunkStrategy.java:deleteChunk(327)) - Deleted chunk file /tmp/junit-14655397265023835032/hdds/6912df52-1220-4dfc-b068-a01ee45086b7/current/containerDir0/114109937794023488/chunks/114109937799266421_chunk_0_block_52 (size 100) for chunk ChunkInfo{chunkName='114109937799266421_chunk_0_block_52, offset=0, len=100}
2025-03-05 12:57:50,885 [BlockDeletingService#0] INFO  impl.FilePerChunkStrategy (FilePerChunkStrategy.java:deleteChunk(327)) - Deleted chunk file /tmp/junit-14655397265023835032/hdds/6912df52-1220-4dfc-b068-a01ee45086b7/current/containerDir0/114109937794023488/chunks/114109937799331958_chunk_0_block_53 (size 100) for chunk ChunkInfo{chunkName='114109937799331958_chunk_0_block_53, offset=0, len=100}
2025-03-05 12:57:50,885 [BlockDeletingService#0] INFO  impl.FilePerChunkStrategy (FilePerChunkStrategy.java:deleteChunk(327)) - Deleted chunk file /tmp/junit-14655397265023835032/hdds/6912df52-1220-4dfc-b068-a01ee45086b7/current/containerDir0/114109937794023488/chunks/114109937799397495_chunk_0_block_54 (size 100) for chunk ChunkInfo{chunkName='114109937799397495_chunk_0_block_54, offset=0, len=100}
2025-03-05 12:57:50,886 [BlockDeletingService#0] INFO  impl.FilePerChunkStrategy (FilePerChunkStrategy.java:deleteChunk(327)) - Deleted chunk file /tmp/junit-14655397265023835032/hdds/6912df52-1220-4dfc-b068-a01ee45086b7/current/containerDir0/114109937794023488/chunks/114109937799463032_chunk_0_block_55 (size 100) for chunk ChunkInfo{chunkName='114109937799463032_chunk_0_block_55, offset=0, len=100}
2025-03-05 12:57:50,886 [BlockDeletingService#0] INFO  impl.FilePerChunkStrategy (FilePerChunkStrategy.java:deleteChunk(327)) - Deleted chunk file /tmp/junit-14655397265023835032/hdds/6912df52-1220-4dfc-b068-a01ee45086b7/current/containerDir0/114109937794023488/chunks/114109937799659641_chunk_0_block_56 (size 100) for chunk ChunkInfo{chunkName='114109937799659641_chunk_0_block_56, offset=0, len=100}
2025-03-05 12:57:50,886 [BlockDeletingService#0] INFO  impl.FilePerChunkStrategy (FilePerChunkStrategy.java:deleteChunk(327)) - Deleted chunk file /tmp/junit-14655397265023835032/hdds/6912df52-1220-4dfc-b068-a01ee45086b7/current/containerDir0/114109937794023488/chunks/114109937799725178_chunk_0_block_57 (size 100) for chunk ChunkInfo{chunkName='114109937799725178_chunk_0_block_57, offset=0, len=100}
2025-03-05 12:57:50,887 [BlockDeletingService#0] INFO  impl.FilePerChunkStrategy (FilePerChunkStrategy.java:deleteChunk(327)) - Deleted chunk file /tmp/junit-14655397265023835032/hdds/6912df52-1220-4dfc-b068-a01ee45086b7/current/containerDir0/114109937794023488/chunks/114109937799725179_chunk_0_block_58 (size 100) for chunk ChunkInfo{chunkName='114109937799725179_chunk_0_block_58, offset=0, len=100}
2025-03-05 12:57:50,887 [BlockDeletingService#0] INFO  impl.FilePerChunkStrategy (FilePerChunkStrategy.java:deleteChunk(327)) - Deleted chunk file /tmp/junit-14655397265023835032/hdds/6912df52-1220-4dfc-b068-a01ee45086b7/current/containerDir0/114109937794023488/chunks/114109937799790716_chunk_0_block_59 (size 100) for chunk ChunkInfo{chunkName='114109937799790716_chunk_0_block_59, offset=0, len=100}
2025-03-05 12:57:50,887 [BlockDeletingService#0] INFO  impl.FilePerChunkStrategy (FilePerChunkStrategy.java:deleteChunk(327)) - Deleted chunk file /tmp/junit-14655397265023835032/hdds/6912df52-1220-4dfc-b068-a01ee45086b7/current/containerDir0/114109937794023488/chunks/114109937799921789_chunk_0_block_60 (size 100) for chunk ChunkInfo{chunkName='114109937799921789_chunk_0_block_60, offset=0, len=100}
2025-03-05 12:57:50,887 [BlockDeletingService#0] INFO  impl.FilePerChunkStrategy (FilePerChunkStrategy.java:deleteChunk(327)) - Deleted chunk file /tmp/junit-14655397265023835032/hdds/6912df52-1220-4dfc-b068-a01ee45086b7/current/containerDir0/114109937794023488/chunks/114109937799987326_chunk_0_block_61 (size 100) for chunk ChunkInfo{chunkName='114109937799987326_chunk_0_block_61, offset=0, len=100}
2025-03-05 12:57:50,888 [BlockDeletingService#0] INFO  impl.FilePerChunkStrategy (FilePerChunkStrategy.java:deleteChunk(327)) - Deleted chunk file /tmp/junit-14655397265023835032/hdds/6912df52-1220-4dfc-b068-a01ee45086b7/current/containerDir0/114109937794023488/chunks/114109937800052863_chunk_0_block_62 (size 100) for chunk ChunkInfo{chunkName='114109937800052863_chunk_0_block_62, offset=0, len=100}
2025-03-05 12:57:50,888 [BlockDeletingService#0] INFO  impl.FilePerChunkStrategy (FilePerChunkStrategy.java:deleteChunk(327)) - Deleted chunk file /tmp/junit-14655397265023835032/hdds/6912df52-1220-4dfc-b068-a01ee45086b7/current/containerDir0/114109937794023488/chunks/114109937800118400_chunk_0_block_63 (size 100) for chunk ChunkInfo{chunkName='114109937800118400_chunk_0_block_63, offset=0, len=100}
2025-03-05 12:57:50,888 [BlockDeletingService#0] INFO  impl.FilePerChunkStrategy (FilePerChunkStrategy.java:deleteChunk(327)) - Deleted chunk file /tmp/junit-14655397265023835032/hdds/6912df52-1220-4dfc-b068-a01ee45086b7/current/containerDir0/114109937794023488/chunks/114109937800183937_chunk_0_block_64 (size 100) for chunk ChunkInfo{chunkName='114109937800183937_chunk_0_block_64, offset=0, len=100}
2025-03-05 12:57:50,889 [BlockDeletingService#0] INFO  impl.FilePerChunkStrategy (FilePerChunkStrategy.java:deleteChunk(327)) - Deleted chunk file /tmp/junit-14655397265023835032/hdds/6912df52-1220-4dfc-b068-a01ee45086b7/current/containerDir0/114109937794023488/chunks/114109937800249474_chunk_0_block_65 (size 100) for chunk ChunkInfo{chunkName='114109937800249474_chunk_0_block_65, offset=0, len=100}
2025-03-05 12:57:50,889 [BlockDeletingService#0] INFO  impl.FilePerChunkStrategy (FilePerChunkStrategy.java:deleteChunk(327)) - Deleted chunk file /tmp/junit-14655397265023835032/hdds/6912df52-1220-4dfc-b068-a01ee45086b7/current/containerDir0/114109937794023488/chunks/114109937800315011_chunk_0_block_66 (size 100) for chunk ChunkInfo{chunkName='114109937800315011_chunk_0_block_66, offset=0, len=100}
2025-03-05 12:57:50,889 [BlockDeletingService#0] INFO  impl.FilePerChunkStrategy (FilePerChunkStrategy.java:deleteChunk(327)) - Deleted chunk file /tmp/junit-14655397265023835032/hdds/6912df52-1220-4dfc-b068-a01ee45086b7/current/containerDir0/114109937794023488/chunks/114109937800380548_chunk_0_block_67 (size 100) for chunk ChunkInfo{chunkName='114109937800380548_chunk_0_block_67, offset=0, len=100}
2025-03-05 12:57:50,889 [BlockDeletingService#0] INFO  impl.FilePerChunkStrategy (FilePerChunkStrategy.java:deleteChunk(327)) - Deleted chunk file /tmp/junit-14655397265023835032/hdds/6912df52-1220-4dfc-b068-a01ee45086b7/current/containerDir0/114109937794023488/chunks/114109937800446085_chunk_0_block_68 (size 100) for chunk ChunkInfo{chunkName='114109937800446085_chunk_0_block_68, offset=0, len=100}
2025-03-05 12:57:50,890 [BlockDeletingService#0] INFO  impl.FilePerChunkStrategy (FilePerChunkStrategy.java:deleteChunk(327)) - Deleted chunk file /tmp/junit-14655397265023835032/hdds/6912df52-1220-4dfc-b068-a01ee45086b7/current/containerDir0/114109937794023488/chunks/114109937800511622_chunk_0_block_69 (size 100) for chunk ChunkInfo{chunkName='114109937800511622_chunk_0_block_69, offset=0, len=100}
2025-03-05 12:57:50,890 [BlockDeletingService#0] INFO  impl.FilePerChunkStrategy (FilePerChunkStrategy.java:deleteChunk(327)) - Deleted chunk file /tmp/junit-14655397265023835032/hdds/6912df52-1220-4dfc-b068-a01ee45086b7/current/containerDir0/114109937794023488/chunks/114109937800577159_chunk_0_block_70 (size 100) for chunk ChunkInfo{chunkName='114109937800577159_chunk_0_block_70, offset=0, len=100}
2025-03-05 12:57:50,890 [BlockDeletingService#0] INFO  impl.FilePerChunkStrategy (FilePerChunkStrategy.java:deleteChunk(327)) - Deleted chunk file /tmp/junit-14655397265023835032/hdds/6912df52-1220-4dfc-b068-a01ee45086b7/current/containerDir0/114109937794023488/chunks/114109937800642696_chunk_0_block_71 (size 100) for chunk ChunkInfo{chunkName='114109937800642696_chunk_0_block_71, offset=0, len=100}
2025-03-05 12:57:50,891 [BlockDeletingService#0] INFO  impl.FilePerChunkStrategy (FilePerChunkStrategy.java:deleteChunk(327)) - Deleted chunk file /tmp/junit-14655397265023835032/hdds/6912df52-1220-4dfc-b068-a01ee45086b7/current/containerDir0/114109937794023488/chunks/114109937800708233_chunk_0_block_72 (size 100) for chunk ChunkInfo{chunkName='114109937800708233_chunk_0_block_72, offset=0, len=100}
2025-03-05 12:57:50,891 [BlockDeletingService#0] INFO  impl.FilePerChunkStrategy (FilePerChunkStrategy.java:deleteChunk(327)) - Deleted chunk file /tmp/junit-14655397265023835032/hdds/6912df52-1220-4dfc-b068-a01ee45086b7/current/containerDir0/114109937794023488/chunks/114109937800773770_chunk_0_block_73 (size 100) for chunk ChunkInfo{chunkName='114109937800773770_chunk_0_block_73, offset=0, len=100}
2025-03-05 12:57:50,891 [BlockDeletingService#0] INFO  impl.FilePerChunkStrategy (FilePerChunkStrategy.java:deleteChunk(327)) - Deleted chunk file /tmp/junit-14655397265023835032/hdds/6912df52-1220-4dfc-b068-a01ee45086b7/current/containerDir0/114109937794023488/chunks/114109937800839307_chunk_0_block_74 (size 100) for chunk ChunkInfo{chunkName='114109937800839307_chunk_0_block_74, offset=0, len=100}
2025-03-05 12:57:50,891 [BlockDeletingService#0] INFO  impl.FilePerChunkStrategy (FilePerChunkStrategy.java:deleteChunk(327)) - Deleted chunk file /tmp/junit-14655397265023835032/hdds/6912df52-1220-4dfc-b068-a01ee45086b7/current/containerDir0/114109937794023488/chunks/114109937800904844_chunk_0_block_75 (size 100) for chunk ChunkInfo{chunkName='114109937800904844_chunk_0_block_75, offset=0, len=100}
2025-03-05 12:57:50,892 [BlockDeletingService#0] INFO  impl.FilePerChunkStrategy (FilePerChunkStrategy.java:deleteChunk(327)) - Deleted chunk file /tmp/junit-14655397265023835032/hdds/6912df52-1220-4dfc-b068-a01ee45086b7/current/containerDir0/114109937794023488/chunks/114109937800970381_chunk_0_block_76 (size 100) for chunk ChunkInfo{chunkName='114109937800970381_chunk_0_block_76, offset=0, len=100}
2025-03-05 12:57:50,892 [BlockDeletingService#0] INFO  impl.FilePerChunkStrategy (FilePerChunkStrategy.java:deleteChunk(327)) - Deleted chunk file /tmp/junit-14655397265023835032/hdds/6912df52-1220-4dfc-b068-a01ee45086b7/current/containerDir0/114109937794023488/chunks/114109937801035918_chunk_0_block_77 (size 100) for chunk ChunkInfo{chunkName='114109937801035918_chunk_0_block_77, offset=0, len=100}
2025-03-05 12:57:50,892 [BlockDeletingService#0] INFO  impl.FilePerChunkStrategy (FilePerChunkStrategy.java:deleteChunk(327)) - Deleted chunk file /tmp/junit-14655397265023835032/hdds/6912df52-1220-4dfc-b068-a01ee45086b7/current/containerDir0/114109937794023488/chunks/114109937801101455_chunk_0_block_78 (size 100) for chunk ChunkInfo{chunkName='114109937801101455_chunk_0_block_78, offset=0, len=100}
2025-03-05 12:57:50,893 [BlockDeletingService#0] INFO  impl.FilePerChunkStrategy (FilePerChunkStrategy.java:deleteChunk(327)) - Deleted chunk file /tmp/junit-14655397265023835032/hdds/6912df52-1220-4dfc-b068-a01ee45086b7/current/containerDir0/114109937794023488/chunks/114109937801101456_chunk_0_block_79 (size 100) for chunk ChunkInfo{chunkName='114109937801101456_chunk_0_block_79, offset=0, len=100}
2025-03-05 12:57:50,893 [BlockDeletingService#0] INFO  impl.FilePerChunkStrategy (FilePerChunkStrategy.java:deleteChunk(327)) - Deleted chunk file /tmp/junit-14655397265023835032/hdds/6912df52-1220-4dfc-b068-a01ee45086b7/current/containerDir0/114109937794023488/chunks/114109937801232529_chunk_0_block_80 (size 100) for chunk ChunkInfo{chunkName='114109937801232529_chunk_0_block_80, offset=0, len=100}
2025-03-05 12:57:50,893 [BlockDeletingService#0] INFO  impl.FilePerChunkStrategy (FilePerChunkStrategy.java:deleteChunk(327)) - Deleted chunk file /tmp/junit-14655397265023835032/hdds/6912df52-1220-4dfc-b068-a01ee45086b7/current/containerDir0/114109937794023488/chunks/114109937801232530_chunk_0_block_81 (size 100) for chunk ChunkInfo{chunkName='114109937801232530_chunk_0_block_81, offset=0, len=100}
2025-03-05 12:57:50,893 [BlockDeletingService#0] INFO  impl.FilePerChunkStrategy (FilePerChunkStrategy.java:deleteChunk(327)) - Deleted chunk file /tmp/junit-14655397265023835032/hdds/6912df52-1220-4dfc-b068-a01ee45086b7/current/containerDir0/114109937794023488/chunks/114109937801363603_chunk_0_block_82 (size 100) for chunk ChunkInfo{chunkName='114109937801363603_chunk_0_block_82, offset=0, len=100}
2025-03-05 12:57:50,894 [BlockDeletingService#0] INFO  impl.FilePerChunkStrategy (FilePerChunkStrategy.java:deleteChunk(327)) - Deleted chunk file /tmp/junit-14655397265023835032/hdds/6912df52-1220-4dfc-b068-a01ee45086b7/current/containerDir0/114109937794023488/chunks/114109937801429140_chunk_0_block_83 (size 100) for chunk ChunkInfo{chunkName='114109937801429140_chunk_0_block_83, offset=0, len=100}
2025-03-05 12:57:50,894 [BlockDeletingService#0] INFO  impl.FilePerChunkStrategy (FilePerChunkStrategy.java:deleteChunk(327)) - Deleted chunk file /tmp/junit-14655397265023835032/hdds/6912df52-1220-4dfc-b068-a01ee45086b7/current/containerDir0/114109937794023488/chunks/114109937801494677_chunk_0_block_84 (size 100) for chunk ChunkInfo{chunkName='114109937801494677_chunk_0_block_84, offset=0, len=100}
2025-03-05 12:57:50,894 [BlockDeletingService#0] INFO  impl.FilePerChunkStrategy (FilePerChunkStrategy.java:deleteChunk(327)) - Deleted chunk file /tmp/junit-14655397265023835032/hdds/6912df52-1220-4dfc-b068-a01ee45086b7/current/containerDir0/114109937794023488/chunks/114109937801560214_chunk_0_block_85 (size 100) for chunk ChunkInfo{chunkName='114109937801560214_chunk_0_block_85, offset=0, len=100}
2025-03-05 12:57:50,894 [BlockDeletingService#0] INFO  impl.FilePerChunkStrategy (FilePerChunkStrategy.java:deleteChunk(327)) - Deleted chunk file /tmp/junit-14655397265023835032/hdds/6912df52-1220-4dfc-b068-a01ee45086b7/current/containerDir0/114109937794023488/chunks/114109937801625751_chunk_0_block_86 (size 100) for chunk ChunkInfo{chunkName='114109937801625751_chunk_0_block_86, offset=0, len=100}
2025-03-05 12:57:50,895 [BlockDeletingService#0] INFO  impl.FilePerChunkStrategy (FilePerChunkStrategy.java:deleteChunk(327)) - Deleted chunk file /tmp/junit-14655397265023835032/hdds/6912df52-1220-4dfc-b068-a01ee45086b7/current/containerDir0/114109937794023488/chunks/114109937801625752_chunk_0_block_87 (size 100) for chunk ChunkInfo{chunkName='114109937801625752_chunk_0_block_87, offset=0, len=100}
2025-03-05 12:57:50,895 [BlockDeletingService#0] INFO  impl.FilePerChunkStrategy (FilePerChunkStrategy.java:deleteChunk(327)) - Deleted chunk file /tmp/junit-14655397265023835032/hdds/6912df52-1220-4dfc-b068-a01ee45086b7/current/containerDir0/114109937794023488/chunks/114109937801691289_chunk_0_block_88 (size 100) for chunk ChunkInfo{chunkName='114109937801691289_chunk_0_block_88, offset=0, len=100}
2025-03-05 12:57:50,895 [BlockDeletingService#0] INFO  impl.FilePerChunkStrategy (FilePerChunkStrategy.java:deleteChunk(327)) - Deleted chunk file /tmp/junit-14655397265023835032/hdds/6912df52-1220-4dfc-b068-a01ee45086b7/current/containerDir0/114109937794023488/chunks/114109937801756826_chunk_0_block_89 (size 100) for chunk ChunkInfo{chunkName='114109937801756826_chunk_0_block_89, offset=0, len=100}
2025-03-05 12:57:50,896 [BlockDeletingService#0] INFO  impl.FilePerChunkStrategy (FilePerChunkStrategy.java:deleteChunk(327)) - Deleted chunk file /tmp/junit-14655397265023835032/hdds/6912df52-1220-4dfc-b068-a01ee45086b7/current/containerDir0/114109937794023488/chunks/114109937801822363_chunk_0_block_90 (size 100) for chunk ChunkInfo{chunkName='114109937801822363_chunk_0_block_90, offset=0, len=100}
2025-03-05 12:57:50,896 [BlockDeletingService#0] INFO  impl.FilePerChunkStrategy (FilePerChunkStrategy.java:deleteChunk(327)) - Deleted chunk file /tmp/junit-14655397265023835032/hdds/6912df52-1220-4dfc-b068-a01ee45086b7/current/containerDir0/114109937794023488/chunks/114109937801887900_chunk_0_block_91 (size 100) for chunk ChunkInfo{chunkName='114109937801887900_chunk_0_block_91, offset=0, len=100}
2025-03-05 12:57:50,896 [BlockDeletingService#0] INFO  impl.FilePerChunkStrategy (FilePerChunkStrategy.java:deleteChunk(327)) - Deleted chunk file /tmp/junit-14655397265023835032/hdds/6912df52-1220-4dfc-b068-a01ee45086b7/current/containerDir0/114109937794023488/chunks/114109937801887901_chunk_0_block_92 (size 100) for chunk ChunkInfo{chunkName='114109937801887901_chunk_0_block_92, offset=0, len=100}
2025-03-05 12:57:50,896 [BlockDeletingService#0] INFO  impl.FilePerChunkStrategy (FilePerChunkStrategy.java:deleteChunk(327)) - Deleted chunk file /tmp/junit-14655397265023835032/hdds/6912df52-1220-4dfc-b068-a01ee45086b7/current/containerDir0/114109937794023488/chunks/114109937801953438_chunk_0_block_93 (size 100) for chunk ChunkInfo{chunkName='114109937801953438_chunk_0_block_93, offset=0, len=100}
2025-03-05 12:57:50,897 [BlockDeletingService#0] INFO  impl.FilePerChunkStrategy (FilePerChunkStrategy.java:deleteChunk(327)) - Deleted chunk file /tmp/junit-14655397265023835032/hdds/6912df52-1220-4dfc-b068-a01ee45086b7/current/containerDir0/114109937794023488/chunks/114109937802018975_chunk_0_block_94 (size 100) for chunk ChunkInfo{chunkName='114109937802018975_chunk_0_block_94, offset=0, len=100}
2025-03-05 12:57:50,897 [BlockDeletingService#0] INFO  impl.FilePerChunkStrategy (FilePerChunkStrategy.java:deleteChunk(327)) - Deleted chunk file /tmp/junit-14655397265023835032/hdds/6912df52-1220-4dfc-b068-a01ee45086b7/current/containerDir0/114109937794023488/chunks/114109937802084512_chunk_0_block_95 (size 100) for chunk ChunkInfo{chunkName='114109937802084512_chunk_0_block_95, offset=0, len=100}
2025-03-05 12:57:50,897 [BlockDeletingService#0] INFO  impl.FilePerChunkStrategy (FilePerChunkStrategy.java:deleteChunk(327)) - Deleted chunk file /tmp/junit-14655397265023835032/hdds/6912df52-1220-4dfc-b068-a01ee45086b7/current/containerDir0/114109937794023488/chunks/114109937802150049_chunk_0_block_96 (size 100) for chunk ChunkInfo{chunkName='114109937802150049_chunk_0_block_96, offset=0, len=100}
2025-03-05 12:57:50,897 [BlockDeletingService#0] INFO  impl.FilePerChunkStrategy (FilePerChunkStrategy.java:deleteChunk(327)) - Deleted chunk file /tmp/junit-14655397265023835032/hdds/6912df52-1220-4dfc-b068-a01ee45086b7/current/containerDir0/114109937794023488/chunks/114109937802215586_chunk_0_block_97 (size 100) for chunk ChunkInfo{chunkName='114109937802215586_chunk_0_block_97, offset=0, len=100}
2025-03-05 12:57:50,898 [BlockDeletingService#0] INFO  impl.FilePerChunkStrategy (FilePerChunkStrategy.java:deleteChunk(327)) - Deleted chunk file /tmp/junit-14655397265023835032/hdds/6912df52-1220-4dfc-b068-a01ee45086b7/current/containerDir0/114109937794023488/chunks/114109937802281123_chunk_0_block_98 (size 100) for chunk ChunkInfo{chunkName='114109937802281123_chunk_0_block_98, offset=0, len=100}
2025-03-05 12:57:50,898 [BlockDeletingService#0] INFO  impl.FilePerChunkStrategy (FilePerChunkStrategy.java:deleteChunk(327)) - Deleted chunk file /tmp/junit-14655397265023835032/hdds/6912df52-1220-4dfc-b068-a01ee45086b7/current/containerDir0/114109937794023488/chunks/114109937802281124_chunk_0_block_99 (size 100) for chunk ChunkInfo{chunkName='114109937802281124_chunk_0_block_99, offset=0, len=100}
2025-03-05 12:57:50,901 [BlockDeletingService#0] WARN  utils.BackgroundService (BackgroundService.java:lambda$run$0(151)) - BlockDeletingService Background task execution took 34384791ns > 0ns(timeout)
2025-03-05 12:57:50,966 [main] INFO  utils.BackgroundService (BackgroundService.java:shutdown(162)) - Shutting down service BlockDeletingService
]]></system-out>
  </testcase>
  <testcase name="testShutdownService(ContainerTestVersionInfo)[2]" classname="org.apache.hadoop.ozone.container.common.TestBlockDeletingService" time="0.499">
    <system-out><![CDATA[2025-03-05 12:57:50,975 [main] INFO  db.CodecBuffer (CodecBuffer.java:set(62)) - Successfully set constructor to LeakDetector::newCodecBuffer: org.apache.hadoop.hdds.utils.db.CodecBuffer$$Lambda/0x00007ff600206790@3b809711
2025-03-05 12:57:50,986 [main] INFO  volume.HddsVolume (HddsVolume.java:<init>(132)) - Creating HddsVolume: /tmp/junit-6244331030145805165/hdds of storage type: DISK, capacity=9222449699674390527, used=0, available=9222449699674390527
2025-03-05 12:57:50,987 [main] INFO  volume.MutableVolumeSet (MutableVolumeSet.java:initializeVolumeSet(169)) - Added Volume : /tmp/junit-6244331030145805165/hdds to VolumeSet
2025-03-05 12:57:51,014 [main] INFO  utils.DatanodeStoreCache (DatanodeStoreCache.java:addDB(71)) - Added db /tmp/junit-6244331030145805165/hdds/1fed7a42-6d39-4ba8-ad08-c3a7cb2adecb/DS-ac7b5228-9456-4448-81ea-901610e865ce/container.db to cache
2025-03-05 12:57:51,014 [main] INFO  volume.HddsVolume (HddsVolume.java:createDbStore(446)) - SchemaV3 db is created and loaded at /tmp/junit-6244331030145805165/hdds/1fed7a42-6d39-4ba8-ad08-c3a7cb2adecb/DS-ac7b5228-9456-4448-81ea-901610e865ce/container.db for volume DS-ac7b5228-9456-4448-81ea-901610e865ce
2025-03-05 12:57:51,015 [main] INFO  impl.FilePerChunkStrategy (FilePerChunkStrategy.java:<init>(79)) - ozone.chunk.read.mapped.buffer.max.count is load with 0
2025-03-05 12:57:51,165 [main] INFO  impl.FilePerChunkStrategy (FilePerChunkStrategy.java:<init>(79)) - ozone.chunk.read.mapped.buffer.max.count is load with 0
2025-03-05 12:57:51,165 [main] INFO  impl.FilePerBlockStrategy (FilePerBlockStrategy.java:<init>(87)) - ozone.chunk.read.mapped.buffer.max.count is load with 0
2025-03-05 12:57:51,269 [BlockDeletingService#0] INFO  interfaces.ContainerDeletionChoosingPolicyTemplate (ContainerDeletionChoosingPolicyTemplate.java:chooseContainerForBlockDeletion(83)) - Chosen 100/4900 blocks from 1 candidate containers.
2025-03-05 12:57:51,271 [BlockDeletingService#0] INFO  impl.FilePerChunkStrategy (FilePerChunkStrategy.java:deleteChunk(327)) - Deleted chunk file /tmp/junit-6244331030145805165/hdds/1fed7a42-6d39-4ba8-ad08-c3a7cb2adecb/current/containerDir128/114109937813356709/chunks/114109937815912614_chunk_0_block_0 (size 100) for chunk ChunkInfo{chunkName='114109937815912614_chunk_0_block_0, offset=0, len=100}
2025-03-05 12:57:51,272 [BlockDeletingService#0] INFO  impl.FilePerChunkStrategy (FilePerChunkStrategy.java:deleteChunk(327)) - Deleted chunk file /tmp/junit-6244331030145805165/hdds/1fed7a42-6d39-4ba8-ad08-c3a7cb2adecb/current/containerDir128/114109937813356709/chunks/114109937816043687_chunk_0_block_1 (size 100) for chunk ChunkInfo{chunkName='114109937816043687_chunk_0_block_1, offset=0, len=100}
2025-03-05 12:57:51,272 [BlockDeletingService#0] INFO  impl.FilePerChunkStrategy (FilePerChunkStrategy.java:deleteChunk(327)) - Deleted chunk file /tmp/junit-6244331030145805165/hdds/1fed7a42-6d39-4ba8-ad08-c3a7cb2adecb/current/containerDir128/114109937813356709/chunks/114109937816109224_chunk_0_block_2 (size 100) for chunk ChunkInfo{chunkName='114109937816109224_chunk_0_block_2, offset=0, len=100}
2025-03-05 12:57:51,272 [BlockDeletingService#0] INFO  impl.FilePerChunkStrategy (FilePerChunkStrategy.java:deleteChunk(327)) - Deleted chunk file /tmp/junit-6244331030145805165/hdds/1fed7a42-6d39-4ba8-ad08-c3a7cb2adecb/current/containerDir128/114109937813356709/chunks/114109937816109225_chunk_0_block_3 (size 100) for chunk ChunkInfo{chunkName='114109937816109225_chunk_0_block_3, offset=0, len=100}
2025-03-05 12:57:51,272 [BlockDeletingService#0] INFO  impl.FilePerChunkStrategy (FilePerChunkStrategy.java:deleteChunk(327)) - Deleted chunk file /tmp/junit-6244331030145805165/hdds/1fed7a42-6d39-4ba8-ad08-c3a7cb2adecb/current/containerDir128/114109937813356709/chunks/114109937816174762_chunk_0_block_4 (size 100) for chunk ChunkInfo{chunkName='114109937816174762_chunk_0_block_4, offset=0, len=100}
2025-03-05 12:57:51,273 [BlockDeletingService#0] INFO  impl.FilePerChunkStrategy (FilePerChunkStrategy.java:deleteChunk(327)) - Deleted chunk file /tmp/junit-6244331030145805165/hdds/1fed7a42-6d39-4ba8-ad08-c3a7cb2adecb/current/containerDir128/114109937813356709/chunks/114109937816240299_chunk_0_block_5 (size 100) for chunk ChunkInfo{chunkName='114109937816240299_chunk_0_block_5, offset=0, len=100}
2025-03-05 12:57:51,273 [BlockDeletingService#0] INFO  impl.FilePerChunkStrategy (FilePerChunkStrategy.java:deleteChunk(327)) - Deleted chunk file /tmp/junit-6244331030145805165/hdds/1fed7a42-6d39-4ba8-ad08-c3a7cb2adecb/current/containerDir128/114109937813356709/chunks/114109937816305836_chunk_0_block_6 (size 100) for chunk ChunkInfo{chunkName='114109937816305836_chunk_0_block_6, offset=0, len=100}
2025-03-05 12:57:51,273 [BlockDeletingService#0] INFO  impl.FilePerChunkStrategy (FilePerChunkStrategy.java:deleteChunk(327)) - Deleted chunk file /tmp/junit-6244331030145805165/hdds/1fed7a42-6d39-4ba8-ad08-c3a7cb2adecb/current/containerDir128/114109937813356709/chunks/114109937816371373_chunk_0_block_7 (size 100) for chunk ChunkInfo{chunkName='114109937816371373_chunk_0_block_7, offset=0, len=100}
2025-03-05 12:57:51,273 [BlockDeletingService#0] INFO  impl.FilePerChunkStrategy (FilePerChunkStrategy.java:deleteChunk(327)) - Deleted chunk file /tmp/junit-6244331030145805165/hdds/1fed7a42-6d39-4ba8-ad08-c3a7cb2adecb/current/containerDir128/114109937813356709/chunks/114109937816371374_chunk_0_block_8 (size 100) for chunk ChunkInfo{chunkName='114109937816371374_chunk_0_block_8, offset=0, len=100}
2025-03-05 12:57:51,273 [BlockDeletingService#0] INFO  impl.FilePerChunkStrategy (FilePerChunkStrategy.java:deleteChunk(327)) - Deleted chunk file /tmp/junit-6244331030145805165/hdds/1fed7a42-6d39-4ba8-ad08-c3a7cb2adecb/current/containerDir128/114109937813356709/chunks/114109937816436911_chunk_0_block_9 (size 100) for chunk ChunkInfo{chunkName='114109937816436911_chunk_0_block_9, offset=0, len=100}
2025-03-05 12:57:51,274 [BlockDeletingService#0] INFO  impl.FilePerChunkStrategy (FilePerChunkStrategy.java:deleteChunk(327)) - Deleted chunk file /tmp/junit-6244331030145805165/hdds/1fed7a42-6d39-4ba8-ad08-c3a7cb2adecb/current/containerDir128/114109937813356709/chunks/114109937816502448_chunk_0_block_10 (size 100) for chunk ChunkInfo{chunkName='114109937816502448_chunk_0_block_10, offset=0, len=100}
2025-03-05 12:57:51,274 [BlockDeletingService#0] INFO  impl.FilePerChunkStrategy (FilePerChunkStrategy.java:deleteChunk(327)) - Deleted chunk file /tmp/junit-6244331030145805165/hdds/1fed7a42-6d39-4ba8-ad08-c3a7cb2adecb/current/containerDir128/114109937813356709/chunks/114109937816633521_chunk_0_block_11 (size 100) for chunk ChunkInfo{chunkName='114109937816633521_chunk_0_block_11, offset=0, len=100}
2025-03-05 12:57:51,274 [BlockDeletingService#0] INFO  impl.FilePerChunkStrategy (FilePerChunkStrategy.java:deleteChunk(327)) - Deleted chunk file /tmp/junit-6244331030145805165/hdds/1fed7a42-6d39-4ba8-ad08-c3a7cb2adecb/current/containerDir128/114109937813356709/chunks/114109937816633522_chunk_0_block_12 (size 100) for chunk ChunkInfo{chunkName='114109937816633522_chunk_0_block_12, offset=0, len=100}
2025-03-05 12:57:51,274 [BlockDeletingService#0] INFO  impl.FilePerChunkStrategy (FilePerChunkStrategy.java:deleteChunk(327)) - Deleted chunk file /tmp/junit-6244331030145805165/hdds/1fed7a42-6d39-4ba8-ad08-c3a7cb2adecb/current/containerDir128/114109937813356709/chunks/114109937816699059_chunk_0_block_13 (size 100) for chunk ChunkInfo{chunkName='114109937816699059_chunk_0_block_13, offset=0, len=100}
2025-03-05 12:57:51,275 [BlockDeletingService#0] INFO  impl.FilePerChunkStrategy (FilePerChunkStrategy.java:deleteChunk(327)) - Deleted chunk file /tmp/junit-6244331030145805165/hdds/1fed7a42-6d39-4ba8-ad08-c3a7cb2adecb/current/containerDir128/114109937813356709/chunks/114109937816764596_chunk_0_block_14 (size 100) for chunk ChunkInfo{chunkName='114109937816764596_chunk_0_block_14, offset=0, len=100}
2025-03-05 12:57:51,275 [BlockDeletingService#0] INFO  impl.FilePerChunkStrategy (FilePerChunkStrategy.java:deleteChunk(327)) - Deleted chunk file /tmp/junit-6244331030145805165/hdds/1fed7a42-6d39-4ba8-ad08-c3a7cb2adecb/current/containerDir128/114109937813356709/chunks/114109937816830133_chunk_0_block_15 (size 100) for chunk ChunkInfo{chunkName='114109937816830133_chunk_0_block_15, offset=0, len=100}
2025-03-05 12:57:51,275 [BlockDeletingService#0] INFO  impl.FilePerChunkStrategy (FilePerChunkStrategy.java:deleteChunk(327)) - Deleted chunk file /tmp/junit-6244331030145805165/hdds/1fed7a42-6d39-4ba8-ad08-c3a7cb2adecb/current/containerDir128/114109937813356709/chunks/114109937816895670_chunk_0_block_16 (size 100) for chunk ChunkInfo{chunkName='114109937816895670_chunk_0_block_16, offset=0, len=100}
2025-03-05 12:57:51,275 [BlockDeletingService#0] INFO  impl.FilePerChunkStrategy (FilePerChunkStrategy.java:deleteChunk(327)) - Deleted chunk file /tmp/junit-6244331030145805165/hdds/1fed7a42-6d39-4ba8-ad08-c3a7cb2adecb/current/containerDir128/114109937813356709/chunks/114109937816895671_chunk_0_block_17 (size 100) for chunk ChunkInfo{chunkName='114109937816895671_chunk_0_block_17, offset=0, len=100}
2025-03-05 12:57:51,276 [BlockDeletingService#0] INFO  impl.FilePerChunkStrategy (FilePerChunkStrategy.java:deleteChunk(327)) - Deleted chunk file /tmp/junit-6244331030145805165/hdds/1fed7a42-6d39-4ba8-ad08-c3a7cb2adecb/current/containerDir128/114109937813356709/chunks/114109937817026744_chunk_0_block_18 (size 100) for chunk ChunkInfo{chunkName='114109937817026744_chunk_0_block_18, offset=0, len=100}
2025-03-05 12:57:51,276 [BlockDeletingService#0] INFO  impl.FilePerChunkStrategy (FilePerChunkStrategy.java:deleteChunk(327)) - Deleted chunk file /tmp/junit-6244331030145805165/hdds/1fed7a42-6d39-4ba8-ad08-c3a7cb2adecb/current/containerDir128/114109937813356709/chunks/114109937817092281_chunk_0_block_19 (size 100) for chunk ChunkInfo{chunkName='114109937817092281_chunk_0_block_19, offset=0, len=100}
2025-03-05 12:57:51,276 [BlockDeletingService#0] INFO  impl.FilePerChunkStrategy (FilePerChunkStrategy.java:deleteChunk(327)) - Deleted chunk file /tmp/junit-6244331030145805165/hdds/1fed7a42-6d39-4ba8-ad08-c3a7cb2adecb/current/containerDir128/114109937813356709/chunks/114109937817157818_chunk_0_block_20 (size 100) for chunk ChunkInfo{chunkName='114109937817157818_chunk_0_block_20, offset=0, len=100}
2025-03-05 12:57:51,277 [BlockDeletingService#0] INFO  impl.FilePerChunkStrategy (FilePerChunkStrategy.java:deleteChunk(327)) - Deleted chunk file /tmp/junit-6244331030145805165/hdds/1fed7a42-6d39-4ba8-ad08-c3a7cb2adecb/current/containerDir128/114109937813356709/chunks/114109937817223355_chunk_0_block_21 (size 100) for chunk ChunkInfo{chunkName='114109937817223355_chunk_0_block_21, offset=0, len=100}
2025-03-05 12:57:51,277 [BlockDeletingService#0] INFO  impl.FilePerChunkStrategy (FilePerChunkStrategy.java:deleteChunk(327)) - Deleted chunk file /tmp/junit-6244331030145805165/hdds/1fed7a42-6d39-4ba8-ad08-c3a7cb2adecb/current/containerDir128/114109937813356709/chunks/114109937817354428_chunk_0_block_22 (size 100) for chunk ChunkInfo{chunkName='114109937817354428_chunk_0_block_22, offset=0, len=100}
2025-03-05 12:57:51,277 [BlockDeletingService#0] INFO  impl.FilePerChunkStrategy (FilePerChunkStrategy.java:deleteChunk(327)) - Deleted chunk file /tmp/junit-6244331030145805165/hdds/1fed7a42-6d39-4ba8-ad08-c3a7cb2adecb/current/containerDir128/114109937813356709/chunks/114109937817419965_chunk_0_block_23 (size 100) for chunk ChunkInfo{chunkName='114109937817419965_chunk_0_block_23, offset=0, len=100}
2025-03-05 12:57:51,277 [BlockDeletingService#0] INFO  impl.FilePerChunkStrategy (FilePerChunkStrategy.java:deleteChunk(327)) - Deleted chunk file /tmp/junit-6244331030145805165/hdds/1fed7a42-6d39-4ba8-ad08-c3a7cb2adecb/current/containerDir128/114109937813356709/chunks/114109937817551038_chunk_0_block_24 (size 100) for chunk ChunkInfo{chunkName='114109937817551038_chunk_0_block_24, offset=0, len=100}
2025-03-05 12:57:51,278 [BlockDeletingService#0] INFO  impl.FilePerChunkStrategy (FilePerChunkStrategy.java:deleteChunk(327)) - Deleted chunk file /tmp/junit-6244331030145805165/hdds/1fed7a42-6d39-4ba8-ad08-c3a7cb2adecb/current/containerDir128/114109937813356709/chunks/114109937817551039_chunk_0_block_25 (size 100) for chunk ChunkInfo{chunkName='114109937817551039_chunk_0_block_25, offset=0, len=100}
2025-03-05 12:57:51,278 [BlockDeletingService#0] INFO  impl.FilePerChunkStrategy (FilePerChunkStrategy.java:deleteChunk(327)) - Deleted chunk file /tmp/junit-6244331030145805165/hdds/1fed7a42-6d39-4ba8-ad08-c3a7cb2adecb/current/containerDir128/114109937813356709/chunks/114109937817616576_chunk_0_block_26 (size 100) for chunk ChunkInfo{chunkName='114109937817616576_chunk_0_block_26, offset=0, len=100}
2025-03-05 12:57:51,278 [BlockDeletingService#0] INFO  impl.FilePerChunkStrategy (FilePerChunkStrategy.java:deleteChunk(327)) - Deleted chunk file /tmp/junit-6244331030145805165/hdds/1fed7a42-6d39-4ba8-ad08-c3a7cb2adecb/current/containerDir128/114109937813356709/chunks/114109937817682113_chunk_0_block_27 (size 100) for chunk ChunkInfo{chunkName='114109937817682113_chunk_0_block_27, offset=0, len=100}
2025-03-05 12:57:51,278 [BlockDeletingService#0] INFO  impl.FilePerChunkStrategy (FilePerChunkStrategy.java:deleteChunk(327)) - Deleted chunk file /tmp/junit-6244331030145805165/hdds/1fed7a42-6d39-4ba8-ad08-c3a7cb2adecb/current/containerDir128/114109937813356709/chunks/114109937817747650_chunk_0_block_28 (size 100) for chunk ChunkInfo{chunkName='114109937817747650_chunk_0_block_28, offset=0, len=100}
2025-03-05 12:57:51,279 [BlockDeletingService#0] INFO  impl.FilePerChunkStrategy (FilePerChunkStrategy.java:deleteChunk(327)) - Deleted chunk file /tmp/junit-6244331030145805165/hdds/1fed7a42-6d39-4ba8-ad08-c3a7cb2adecb/current/containerDir128/114109937813356709/chunks/114109937817813187_chunk_0_block_29 (size 100) for chunk ChunkInfo{chunkName='114109937817813187_chunk_0_block_29, offset=0, len=100}
2025-03-05 12:57:51,279 [BlockDeletingService#0] INFO  impl.FilePerChunkStrategy (FilePerChunkStrategy.java:deleteChunk(327)) - Deleted chunk file /tmp/junit-6244331030145805165/hdds/1fed7a42-6d39-4ba8-ad08-c3a7cb2adecb/current/containerDir128/114109937813356709/chunks/114109937817878724_chunk_0_block_30 (size 100) for chunk ChunkInfo{chunkName='114109937817878724_chunk_0_block_30, offset=0, len=100}
2025-03-05 12:57:51,279 [BlockDeletingService#0] INFO  impl.FilePerChunkStrategy (FilePerChunkStrategy.java:deleteChunk(327)) - Deleted chunk file /tmp/junit-6244331030145805165/hdds/1fed7a42-6d39-4ba8-ad08-c3a7cb2adecb/current/containerDir128/114109937813356709/chunks/114109937817944261_chunk_0_block_31 (size 100) for chunk ChunkInfo{chunkName='114109937817944261_chunk_0_block_31, offset=0, len=100}
2025-03-05 12:57:51,279 [BlockDeletingService#0] INFO  impl.FilePerChunkStrategy (FilePerChunkStrategy.java:deleteChunk(327)) - Deleted chunk file /tmp/junit-6244331030145805165/hdds/1fed7a42-6d39-4ba8-ad08-c3a7cb2adecb/current/containerDir128/114109937813356709/chunks/114109937818009798_chunk_0_block_32 (size 100) for chunk ChunkInfo{chunkName='114109937818009798_chunk_0_block_32, offset=0, len=100}
2025-03-05 12:57:51,280 [BlockDeletingService#0] INFO  impl.FilePerChunkStrategy (FilePerChunkStrategy.java:deleteChunk(327)) - Deleted chunk file /tmp/junit-6244331030145805165/hdds/1fed7a42-6d39-4ba8-ad08-c3a7cb2adecb/current/containerDir128/114109937813356709/chunks/114109937818140871_chunk_0_block_33 (size 100) for chunk ChunkInfo{chunkName='114109937818140871_chunk_0_block_33, offset=0, len=100}
2025-03-05 12:57:51,280 [BlockDeletingService#0] INFO  impl.FilePerChunkStrategy (FilePerChunkStrategy.java:deleteChunk(327)) - Deleted chunk file /tmp/junit-6244331030145805165/hdds/1fed7a42-6d39-4ba8-ad08-c3a7cb2adecb/current/containerDir128/114109937813356709/chunks/114109937818206408_chunk_0_block_34 (size 100) for chunk ChunkInfo{chunkName='114109937818206408_chunk_0_block_34, offset=0, len=100}
2025-03-05 12:57:51,280 [BlockDeletingService#0] INFO  impl.FilePerChunkStrategy (FilePerChunkStrategy.java:deleteChunk(327)) - Deleted chunk file /tmp/junit-6244331030145805165/hdds/1fed7a42-6d39-4ba8-ad08-c3a7cb2adecb/current/containerDir128/114109937813356709/chunks/114109937818271945_chunk_0_block_35 (size 100) for chunk ChunkInfo{chunkName='114109937818271945_chunk_0_block_35, offset=0, len=100}
2025-03-05 12:57:51,280 [BlockDeletingService#0] INFO  impl.FilePerChunkStrategy (FilePerChunkStrategy.java:deleteChunk(327)) - Deleted chunk file /tmp/junit-6244331030145805165/hdds/1fed7a42-6d39-4ba8-ad08-c3a7cb2adecb/current/containerDir128/114109937813356709/chunks/114109937818337482_chunk_0_block_36 (size 100) for chunk ChunkInfo{chunkName='114109937818337482_chunk_0_block_36, offset=0, len=100}
2025-03-05 12:57:51,281 [BlockDeletingService#0] INFO  impl.FilePerChunkStrategy (FilePerChunkStrategy.java:deleteChunk(327)) - Deleted chunk file /tmp/junit-6244331030145805165/hdds/1fed7a42-6d39-4ba8-ad08-c3a7cb2adecb/current/containerDir128/114109937813356709/chunks/114109937818337483_chunk_0_block_37 (size 100) for chunk ChunkInfo{chunkName='114109937818337483_chunk_0_block_37, offset=0, len=100}
2025-03-05 12:57:51,281 [BlockDeletingService#0] INFO  impl.FilePerChunkStrategy (FilePerChunkStrategy.java:deleteChunk(327)) - Deleted chunk file /tmp/junit-6244331030145805165/hdds/1fed7a42-6d39-4ba8-ad08-c3a7cb2adecb/current/containerDir128/114109937813356709/chunks/114109937818403020_chunk_0_block_38 (size 100) for chunk ChunkInfo{chunkName='114109937818403020_chunk_0_block_38, offset=0, len=100}
2025-03-05 12:57:51,281 [BlockDeletingService#0] INFO  impl.FilePerChunkStrategy (FilePerChunkStrategy.java:deleteChunk(327)) - Deleted chunk file /tmp/junit-6244331030145805165/hdds/1fed7a42-6d39-4ba8-ad08-c3a7cb2adecb/current/containerDir128/114109937813356709/chunks/114109937818468557_chunk_0_block_39 (size 100) for chunk ChunkInfo{chunkName='114109937818468557_chunk_0_block_39, offset=0, len=100}
2025-03-05 12:57:51,281 [BlockDeletingService#0] INFO  impl.FilePerChunkStrategy (FilePerChunkStrategy.java:deleteChunk(327)) - Deleted chunk file /tmp/junit-6244331030145805165/hdds/1fed7a42-6d39-4ba8-ad08-c3a7cb2adecb/current/containerDir128/114109937813356709/chunks/114109937818534094_chunk_0_block_40 (size 100) for chunk ChunkInfo{chunkName='114109937818534094_chunk_0_block_40, offset=0, len=100}
2025-03-05 12:57:51,281 [BlockDeletingService#0] INFO  impl.FilePerChunkStrategy (FilePerChunkStrategy.java:deleteChunk(327)) - Deleted chunk file /tmp/junit-6244331030145805165/hdds/1fed7a42-6d39-4ba8-ad08-c3a7cb2adecb/current/containerDir128/114109937813356709/chunks/114109937818534095_chunk_0_block_41 (size 100) for chunk ChunkInfo{chunkName='114109937818534095_chunk_0_block_41, offset=0, len=100}
2025-03-05 12:57:51,282 [BlockDeletingService#0] INFO  impl.FilePerChunkStrategy (FilePerChunkStrategy.java:deleteChunk(327)) - Deleted chunk file /tmp/junit-6244331030145805165/hdds/1fed7a42-6d39-4ba8-ad08-c3a7cb2adecb/current/containerDir128/114109937813356709/chunks/114109937818599632_chunk_0_block_42 (size 100) for chunk ChunkInfo{chunkName='114109937818599632_chunk_0_block_42, offset=0, len=100}
2025-03-05 12:57:51,282 [BlockDeletingService#0] INFO  impl.FilePerChunkStrategy (FilePerChunkStrategy.java:deleteChunk(327)) - Deleted chunk file /tmp/junit-6244331030145805165/hdds/1fed7a42-6d39-4ba8-ad08-c3a7cb2adecb/current/containerDir128/114109937813356709/chunks/114109937818665169_chunk_0_block_43 (size 100) for chunk ChunkInfo{chunkName='114109937818665169_chunk_0_block_43, offset=0, len=100}
2025-03-05 12:57:51,282 [BlockDeletingService#0] INFO  impl.FilePerChunkStrategy (FilePerChunkStrategy.java:deleteChunk(327)) - Deleted chunk file /tmp/junit-6244331030145805165/hdds/1fed7a42-6d39-4ba8-ad08-c3a7cb2adecb/current/containerDir128/114109937813356709/chunks/114109937818730706_chunk_0_block_44 (size 100) for chunk ChunkInfo{chunkName='114109937818730706_chunk_0_block_44, offset=0, len=100}
2025-03-05 12:57:51,282 [BlockDeletingService#0] INFO  impl.FilePerChunkStrategy (FilePerChunkStrategy.java:deleteChunk(327)) - Deleted chunk file /tmp/junit-6244331030145805165/hdds/1fed7a42-6d39-4ba8-ad08-c3a7cb2adecb/current/containerDir128/114109937813356709/chunks/114109937818796243_chunk_0_block_45 (size 100) for chunk ChunkInfo{chunkName='114109937818796243_chunk_0_block_45, offset=0, len=100}
2025-03-05 12:57:51,283 [BlockDeletingService#0] INFO  impl.FilePerChunkStrategy (FilePerChunkStrategy.java:deleteChunk(327)) - Deleted chunk file /tmp/junit-6244331030145805165/hdds/1fed7a42-6d39-4ba8-ad08-c3a7cb2adecb/current/containerDir128/114109937813356709/chunks/114109937818861780_chunk_0_block_46 (size 100) for chunk ChunkInfo{chunkName='114109937818861780_chunk_0_block_46, offset=0, len=100}
2025-03-05 12:57:51,283 [BlockDeletingService#0] INFO  impl.FilePerChunkStrategy (FilePerChunkStrategy.java:deleteChunk(327)) - Deleted chunk file /tmp/junit-6244331030145805165/hdds/1fed7a42-6d39-4ba8-ad08-c3a7cb2adecb/current/containerDir128/114109937813356709/chunks/114109937818927317_chunk_0_block_47 (size 100) for chunk ChunkInfo{chunkName='114109937818927317_chunk_0_block_47, offset=0, len=100}
2025-03-05 12:57:51,283 [BlockDeletingService#0] INFO  impl.FilePerChunkStrategy (FilePerChunkStrategy.java:deleteChunk(327)) - Deleted chunk file /tmp/junit-6244331030145805165/hdds/1fed7a42-6d39-4ba8-ad08-c3a7cb2adecb/current/containerDir128/114109937813356709/chunks/114109937818927318_chunk_0_block_48 (size 100) for chunk ChunkInfo{chunkName='114109937818927318_chunk_0_block_48, offset=0, len=100}
2025-03-05 12:57:51,283 [BlockDeletingService#0] INFO  impl.FilePerChunkStrategy (FilePerChunkStrategy.java:deleteChunk(327)) - Deleted chunk file /tmp/junit-6244331030145805165/hdds/1fed7a42-6d39-4ba8-ad08-c3a7cb2adecb/current/containerDir128/114109937813356709/chunks/114109937819058391_chunk_0_block_49 (size 100) for chunk ChunkInfo{chunkName='114109937819058391_chunk_0_block_49, offset=0, len=100}
2025-03-05 12:57:51,283 [BlockDeletingService#0] INFO  impl.FilePerChunkStrategy (FilePerChunkStrategy.java:deleteChunk(327)) - Deleted chunk file /tmp/junit-6244331030145805165/hdds/1fed7a42-6d39-4ba8-ad08-c3a7cb2adecb/current/containerDir128/114109937813356709/chunks/114109937819123928_chunk_0_block_50 (size 100) for chunk ChunkInfo{chunkName='114109937819123928_chunk_0_block_50, offset=0, len=100}
2025-03-05 12:57:51,284 [BlockDeletingService#0] INFO  impl.FilePerChunkStrategy (FilePerChunkStrategy.java:deleteChunk(327)) - Deleted chunk file /tmp/junit-6244331030145805165/hdds/1fed7a42-6d39-4ba8-ad08-c3a7cb2adecb/current/containerDir128/114109937813356709/chunks/114109937819123929_chunk_0_block_51 (size 100) for chunk ChunkInfo{chunkName='114109937819123929_chunk_0_block_51, offset=0, len=100}
2025-03-05 12:57:51,284 [BlockDeletingService#0] INFO  impl.FilePerChunkStrategy (FilePerChunkStrategy.java:deleteChunk(327)) - Deleted chunk file /tmp/junit-6244331030145805165/hdds/1fed7a42-6d39-4ba8-ad08-c3a7cb2adecb/current/containerDir128/114109937813356709/chunks/114109937819189466_chunk_0_block_52 (size 100) for chunk ChunkInfo{chunkName='114109937819189466_chunk_0_block_52, offset=0, len=100}
2025-03-05 12:57:51,284 [BlockDeletingService#0] INFO  impl.FilePerChunkStrategy (FilePerChunkStrategy.java:deleteChunk(327)) - Deleted chunk file /tmp/junit-6244331030145805165/hdds/1fed7a42-6d39-4ba8-ad08-c3a7cb2adecb/current/containerDir128/114109937813356709/chunks/114109937819255003_chunk_0_block_53 (size 100) for chunk ChunkInfo{chunkName='114109937819255003_chunk_0_block_53, offset=0, len=100}
2025-03-05 12:57:51,284 [BlockDeletingService#0] INFO  impl.FilePerChunkStrategy (FilePerChunkStrategy.java:deleteChunk(327)) - Deleted chunk file /tmp/junit-6244331030145805165/hdds/1fed7a42-6d39-4ba8-ad08-c3a7cb2adecb/current/containerDir128/114109937813356709/chunks/114109937819320540_chunk_0_block_54 (size 100) for chunk ChunkInfo{chunkName='114109937819320540_chunk_0_block_54, offset=0, len=100}
2025-03-05 12:57:51,285 [BlockDeletingService#0] INFO  impl.FilePerChunkStrategy (FilePerChunkStrategy.java:deleteChunk(327)) - Deleted chunk file /tmp/junit-6244331030145805165/hdds/1fed7a42-6d39-4ba8-ad08-c3a7cb2adecb/current/containerDir128/114109937813356709/chunks/114109937819386077_chunk_0_block_55 (size 100) for chunk ChunkInfo{chunkName='114109937819386077_chunk_0_block_55, offset=0, len=100}
2025-03-05 12:57:51,285 [BlockDeletingService#0] INFO  impl.FilePerChunkStrategy (FilePerChunkStrategy.java:deleteChunk(327)) - Deleted chunk file /tmp/junit-6244331030145805165/hdds/1fed7a42-6d39-4ba8-ad08-c3a7cb2adecb/current/containerDir128/114109937813356709/chunks/114109937819451614_chunk_0_block_56 (size 100) for chunk ChunkInfo{chunkName='114109937819451614_chunk_0_block_56, offset=0, len=100}
2025-03-05 12:57:51,285 [BlockDeletingService#0] INFO  impl.FilePerChunkStrategy (FilePerChunkStrategy.java:deleteChunk(327)) - Deleted chunk file /tmp/junit-6244331030145805165/hdds/1fed7a42-6d39-4ba8-ad08-c3a7cb2adecb/current/containerDir128/114109937813356709/chunks/114109937819517151_chunk_0_block_57 (size 100) for chunk ChunkInfo{chunkName='114109937819517151_chunk_0_block_57, offset=0, len=100}
2025-03-05 12:57:51,285 [BlockDeletingService#0] INFO  impl.FilePerChunkStrategy (FilePerChunkStrategy.java:deleteChunk(327)) - Deleted chunk file /tmp/junit-6244331030145805165/hdds/1fed7a42-6d39-4ba8-ad08-c3a7cb2adecb/current/containerDir128/114109937813356709/chunks/114109937819582688_chunk_0_block_58 (size 100) for chunk ChunkInfo{chunkName='114109937819582688_chunk_0_block_58, offset=0, len=100}
2025-03-05 12:57:51,285 [BlockDeletingService#0] INFO  impl.FilePerChunkStrategy (FilePerChunkStrategy.java:deleteChunk(327)) - Deleted chunk file /tmp/junit-6244331030145805165/hdds/1fed7a42-6d39-4ba8-ad08-c3a7cb2adecb/current/containerDir128/114109937813356709/chunks/114109937819648225_chunk_0_block_59 (size 100) for chunk ChunkInfo{chunkName='114109937819648225_chunk_0_block_59, offset=0, len=100}
2025-03-05 12:57:51,286 [BlockDeletingService#0] INFO  impl.FilePerChunkStrategy (FilePerChunkStrategy.java:deleteChunk(327)) - Deleted chunk file /tmp/junit-6244331030145805165/hdds/1fed7a42-6d39-4ba8-ad08-c3a7cb2adecb/current/containerDir128/114109937813356709/chunks/114109937819713762_chunk_0_block_60 (size 100) for chunk ChunkInfo{chunkName='114109937819713762_chunk_0_block_60, offset=0, len=100}
2025-03-05 12:57:51,286 [BlockDeletingService#0] INFO  impl.FilePerChunkStrategy (FilePerChunkStrategy.java:deleteChunk(327)) - Deleted chunk file /tmp/junit-6244331030145805165/hdds/1fed7a42-6d39-4ba8-ad08-c3a7cb2adecb/current/containerDir128/114109937813356709/chunks/114109937819779299_chunk_0_block_61 (size 100) for chunk ChunkInfo{chunkName='114109937819779299_chunk_0_block_61, offset=0, len=100}
2025-03-05 12:57:51,286 [BlockDeletingService#0] INFO  impl.FilePerChunkStrategy (FilePerChunkStrategy.java:deleteChunk(327)) - Deleted chunk file /tmp/junit-6244331030145805165/hdds/1fed7a42-6d39-4ba8-ad08-c3a7cb2adecb/current/containerDir128/114109937813356709/chunks/114109937819844836_chunk_0_block_62 (size 100) for chunk ChunkInfo{chunkName='114109937819844836_chunk_0_block_62, offset=0, len=100}
2025-03-05 12:57:51,286 [BlockDeletingService#0] INFO  impl.FilePerChunkStrategy (FilePerChunkStrategy.java:deleteChunk(327)) - Deleted chunk file /tmp/junit-6244331030145805165/hdds/1fed7a42-6d39-4ba8-ad08-c3a7cb2adecb/current/containerDir128/114109937813356709/chunks/114109937819910373_chunk_0_block_63 (size 100) for chunk ChunkInfo{chunkName='114109937819910373_chunk_0_block_63, offset=0, len=100}
2025-03-05 12:57:51,287 [BlockDeletingService#0] INFO  impl.FilePerChunkStrategy (FilePerChunkStrategy.java:deleteChunk(327)) - Deleted chunk file /tmp/junit-6244331030145805165/hdds/1fed7a42-6d39-4ba8-ad08-c3a7cb2adecb/current/containerDir128/114109937813356709/chunks/114109937819975910_chunk_0_block_64 (size 100) for chunk ChunkInfo{chunkName='114109937819975910_chunk_0_block_64, offset=0, len=100}
2025-03-05 12:57:51,287 [BlockDeletingService#0] INFO  impl.FilePerChunkStrategy (FilePerChunkStrategy.java:deleteChunk(327)) - Deleted chunk file /tmp/junit-6244331030145805165/hdds/1fed7a42-6d39-4ba8-ad08-c3a7cb2adecb/current/containerDir128/114109937813356709/chunks/114109937820041447_chunk_0_block_65 (size 100) for chunk ChunkInfo{chunkName='114109937820041447_chunk_0_block_65, offset=0, len=100}
2025-03-05 12:57:51,287 [BlockDeletingService#0] INFO  impl.FilePerChunkStrategy (FilePerChunkStrategy.java:deleteChunk(327)) - Deleted chunk file /tmp/junit-6244331030145805165/hdds/1fed7a42-6d39-4ba8-ad08-c3a7cb2adecb/current/containerDir128/114109937813356709/chunks/114109937820041448_chunk_0_block_66 (size 100) for chunk ChunkInfo{chunkName='114109937820041448_chunk_0_block_66, offset=0, len=100}
2025-03-05 12:57:51,287 [BlockDeletingService#0] INFO  impl.FilePerChunkStrategy (FilePerChunkStrategy.java:deleteChunk(327)) - Deleted chunk file /tmp/junit-6244331030145805165/hdds/1fed7a42-6d39-4ba8-ad08-c3a7cb2adecb/current/containerDir128/114109937813356709/chunks/114109937820106985_chunk_0_block_67 (size 100) for chunk ChunkInfo{chunkName='114109937820106985_chunk_0_block_67, offset=0, len=100}
2025-03-05 12:57:51,288 [BlockDeletingService#0] INFO  impl.FilePerChunkStrategy (FilePerChunkStrategy.java:deleteChunk(327)) - Deleted chunk file /tmp/junit-6244331030145805165/hdds/1fed7a42-6d39-4ba8-ad08-c3a7cb2adecb/current/containerDir128/114109937813356709/chunks/114109937820172522_chunk_0_block_68 (size 100) for chunk ChunkInfo{chunkName='114109937820172522_chunk_0_block_68, offset=0, len=100}
2025-03-05 12:57:51,288 [BlockDeletingService#0] INFO  impl.FilePerChunkStrategy (FilePerChunkStrategy.java:deleteChunk(327)) - Deleted chunk file /tmp/junit-6244331030145805165/hdds/1fed7a42-6d39-4ba8-ad08-c3a7cb2adecb/current/containerDir128/114109937813356709/chunks/114109937820238059_chunk_0_block_69 (size 100) for chunk ChunkInfo{chunkName='114109937820238059_chunk_0_block_69, offset=0, len=100}
2025-03-05 12:57:51,288 [BlockDeletingService#0] INFO  impl.FilePerChunkStrategy (FilePerChunkStrategy.java:deleteChunk(327)) - Deleted chunk file /tmp/junit-6244331030145805165/hdds/1fed7a42-6d39-4ba8-ad08-c3a7cb2adecb/current/containerDir128/114109937813356709/chunks/114109937820238060_chunk_0_block_70 (size 100) for chunk ChunkInfo{chunkName='114109937820238060_chunk_0_block_70, offset=0, len=100}
2025-03-05 12:57:51,288 [BlockDeletingService#0] INFO  impl.FilePerChunkStrategy (FilePerChunkStrategy.java:deleteChunk(327)) - Deleted chunk file /tmp/junit-6244331030145805165/hdds/1fed7a42-6d39-4ba8-ad08-c3a7cb2adecb/current/containerDir128/114109937813356709/chunks/114109937820303597_chunk_0_block_71 (size 100) for chunk ChunkInfo{chunkName='114109937820303597_chunk_0_block_71, offset=0, len=100}
2025-03-05 12:57:51,288 [BlockDeletingService#0] INFO  impl.FilePerChunkStrategy (FilePerChunkStrategy.java:deleteChunk(327)) - Deleted chunk file /tmp/junit-6244331030145805165/hdds/1fed7a42-6d39-4ba8-ad08-c3a7cb2adecb/current/containerDir128/114109937813356709/chunks/114109937820369134_chunk_0_block_72 (size 100) for chunk ChunkInfo{chunkName='114109937820369134_chunk_0_block_72, offset=0, len=100}
2025-03-05 12:57:51,289 [BlockDeletingService#0] INFO  impl.FilePerChunkStrategy (FilePerChunkStrategy.java:deleteChunk(327)) - Deleted chunk file /tmp/junit-6244331030145805165/hdds/1fed7a42-6d39-4ba8-ad08-c3a7cb2adecb/current/containerDir128/114109937813356709/chunks/114109937820434671_chunk_0_block_73 (size 100) for chunk ChunkInfo{chunkName='114109937820434671_chunk_0_block_73, offset=0, len=100}
2025-03-05 12:57:51,289 [BlockDeletingService#0] INFO  impl.FilePerChunkStrategy (FilePerChunkStrategy.java:deleteChunk(327)) - Deleted chunk file /tmp/junit-6244331030145805165/hdds/1fed7a42-6d39-4ba8-ad08-c3a7cb2adecb/current/containerDir128/114109937813356709/chunks/114109937820434672_chunk_0_block_74 (size 100) for chunk ChunkInfo{chunkName='114109937820434672_chunk_0_block_74, offset=0, len=100}
2025-03-05 12:57:51,289 [BlockDeletingService#0] INFO  impl.FilePerChunkStrategy (FilePerChunkStrategy.java:deleteChunk(327)) - Deleted chunk file /tmp/junit-6244331030145805165/hdds/1fed7a42-6d39-4ba8-ad08-c3a7cb2adecb/current/containerDir128/114109937813356709/chunks/114109937820500209_chunk_0_block_75 (size 100) for chunk ChunkInfo{chunkName='114109937820500209_chunk_0_block_75, offset=0, len=100}
2025-03-05 12:57:51,289 [BlockDeletingService#0] INFO  impl.FilePerChunkStrategy (FilePerChunkStrategy.java:deleteChunk(327)) - Deleted chunk file /tmp/junit-6244331030145805165/hdds/1fed7a42-6d39-4ba8-ad08-c3a7cb2adecb/current/containerDir128/114109937813356709/chunks/114109937820565746_chunk_0_block_76 (size 100) for chunk ChunkInfo{chunkName='114109937820565746_chunk_0_block_76, offset=0, len=100}
2025-03-05 12:57:51,290 [BlockDeletingService#0] INFO  impl.FilePerChunkStrategy (FilePerChunkStrategy.java:deleteChunk(327)) - Deleted chunk file /tmp/junit-6244331030145805165/hdds/1fed7a42-6d39-4ba8-ad08-c3a7cb2adecb/current/containerDir128/114109937813356709/chunks/114109937820631283_chunk_0_block_77 (size 100) for chunk ChunkInfo{chunkName='114109937820631283_chunk_0_block_77, offset=0, len=100}
2025-03-05 12:57:51,290 [BlockDeletingService#0] INFO  impl.FilePerChunkStrategy (FilePerChunkStrategy.java:deleteChunk(327)) - Deleted chunk file /tmp/junit-6244331030145805165/hdds/1fed7a42-6d39-4ba8-ad08-c3a7cb2adecb/current/containerDir128/114109937813356709/chunks/114109937820696820_chunk_0_block_78 (size 100) for chunk ChunkInfo{chunkName='114109937820696820_chunk_0_block_78, offset=0, len=100}
2025-03-05 12:57:51,290 [BlockDeletingService#0] INFO  impl.FilePerChunkStrategy (FilePerChunkStrategy.java:deleteChunk(327)) - Deleted chunk file /tmp/junit-6244331030145805165/hdds/1fed7a42-6d39-4ba8-ad08-c3a7cb2adecb/current/containerDir128/114109937813356709/chunks/114109937820696821_chunk_0_block_79 (size 100) for chunk ChunkInfo{chunkName='114109937820696821_chunk_0_block_79, offset=0, len=100}
2025-03-05 12:57:51,290 [BlockDeletingService#0] INFO  impl.FilePerChunkStrategy (FilePerChunkStrategy.java:deleteChunk(327)) - Deleted chunk file /tmp/junit-6244331030145805165/hdds/1fed7a42-6d39-4ba8-ad08-c3a7cb2adecb/current/containerDir128/114109937813356709/chunks/114109937820762358_chunk_0_block_80 (size 100) for chunk ChunkInfo{chunkName='114109937820762358_chunk_0_block_80, offset=0, len=100}
2025-03-05 12:57:51,291 [BlockDeletingService#0] INFO  impl.FilePerChunkStrategy (FilePerChunkStrategy.java:deleteChunk(327)) - Deleted chunk file /tmp/junit-6244331030145805165/hdds/1fed7a42-6d39-4ba8-ad08-c3a7cb2adecb/current/containerDir128/114109937813356709/chunks/114109937820827895_chunk_0_block_81 (size 100) for chunk ChunkInfo{chunkName='114109937820827895_chunk_0_block_81, offset=0, len=100}
2025-03-05 12:57:51,291 [BlockDeletingService#0] INFO  impl.FilePerChunkStrategy (FilePerChunkStrategy.java:deleteChunk(327)) - Deleted chunk file /tmp/junit-6244331030145805165/hdds/1fed7a42-6d39-4ba8-ad08-c3a7cb2adecb/current/containerDir128/114109937813356709/chunks/114109937820893432_chunk_0_block_82 (size 100) for chunk ChunkInfo{chunkName='114109937820893432_chunk_0_block_82, offset=0, len=100}
2025-03-05 12:57:51,291 [BlockDeletingService#0] INFO  impl.FilePerChunkStrategy (FilePerChunkStrategy.java:deleteChunk(327)) - Deleted chunk file /tmp/junit-6244331030145805165/hdds/1fed7a42-6d39-4ba8-ad08-c3a7cb2adecb/current/containerDir128/114109937813356709/chunks/114109937820958969_chunk_0_block_83 (size 100) for chunk ChunkInfo{chunkName='114109937820958969_chunk_0_block_83, offset=0, len=100}
2025-03-05 12:57:51,291 [BlockDeletingService#0] INFO  impl.FilePerChunkStrategy (FilePerChunkStrategy.java:deleteChunk(327)) - Deleted chunk file /tmp/junit-6244331030145805165/hdds/1fed7a42-6d39-4ba8-ad08-c3a7cb2adecb/current/containerDir128/114109937813356709/chunks/114109937820958970_chunk_0_block_84 (size 100) for chunk ChunkInfo{chunkName='114109937820958970_chunk_0_block_84, offset=0, len=100}
2025-03-05 12:57:51,292 [BlockDeletingService#0] INFO  impl.FilePerChunkStrategy (FilePerChunkStrategy.java:deleteChunk(327)) - Deleted chunk file /tmp/junit-6244331030145805165/hdds/1fed7a42-6d39-4ba8-ad08-c3a7cb2adecb/current/containerDir128/114109937813356709/chunks/114109937821024507_chunk_0_block_85 (size 100) for chunk ChunkInfo{chunkName='114109937821024507_chunk_0_block_85, offset=0, len=100}
2025-03-05 12:57:51,292 [BlockDeletingService#0] INFO  impl.FilePerChunkStrategy (FilePerChunkStrategy.java:deleteChunk(327)) - Deleted chunk file /tmp/junit-6244331030145805165/hdds/1fed7a42-6d39-4ba8-ad08-c3a7cb2adecb/current/containerDir128/114109937813356709/chunks/114109937821090044_chunk_0_block_86 (size 100) for chunk ChunkInfo{chunkName='114109937821090044_chunk_0_block_86, offset=0, len=100}
2025-03-05 12:57:51,292 [BlockDeletingService#0] INFO  impl.FilePerChunkStrategy (FilePerChunkStrategy.java:deleteChunk(327)) - Deleted chunk file /tmp/junit-6244331030145805165/hdds/1fed7a42-6d39-4ba8-ad08-c3a7cb2adecb/current/containerDir128/114109937813356709/chunks/114109937821221117_chunk_0_block_87 (size 100) for chunk ChunkInfo{chunkName='114109937821221117_chunk_0_block_87, offset=0, len=100}
2025-03-05 12:57:51,292 [BlockDeletingService#0] INFO  impl.FilePerChunkStrategy (FilePerChunkStrategy.java:deleteChunk(327)) - Deleted chunk file /tmp/junit-6244331030145805165/hdds/1fed7a42-6d39-4ba8-ad08-c3a7cb2adecb/current/containerDir128/114109937813356709/chunks/114109937821286654_chunk_0_block_88 (size 100) for chunk ChunkInfo{chunkName='114109937821286654_chunk_0_block_88, offset=0, len=100}
2025-03-05 12:57:51,293 [BlockDeletingService#0] INFO  impl.FilePerChunkStrategy (FilePerChunkStrategy.java:deleteChunk(327)) - Deleted chunk file /tmp/junit-6244331030145805165/hdds/1fed7a42-6d39-4ba8-ad08-c3a7cb2adecb/current/containerDir128/114109937813356709/chunks/114109937821483263_chunk_0_block_89 (size 100) for chunk ChunkInfo{chunkName='114109937821483263_chunk_0_block_89, offset=0, len=100}
2025-03-05 12:57:51,293 [BlockDeletingService#0] INFO  impl.FilePerChunkStrategy (FilePerChunkStrategy.java:deleteChunk(327)) - Deleted chunk file /tmp/junit-6244331030145805165/hdds/1fed7a42-6d39-4ba8-ad08-c3a7cb2adecb/current/containerDir128/114109937813356709/chunks/114109937821548800_chunk_0_block_90 (size 100) for chunk ChunkInfo{chunkName='114109937821548800_chunk_0_block_90, offset=0, len=100}
2025-03-05 12:57:51,293 [BlockDeletingService#0] INFO  impl.FilePerChunkStrategy (FilePerChunkStrategy.java:deleteChunk(327)) - Deleted chunk file /tmp/junit-6244331030145805165/hdds/1fed7a42-6d39-4ba8-ad08-c3a7cb2adecb/current/containerDir128/114109937813356709/chunks/114109937821614337_chunk_0_block_91 (size 100) for chunk ChunkInfo{chunkName='114109937821614337_chunk_0_block_91, offset=0, len=100}
2025-03-05 12:57:51,293 [BlockDeletingService#0] INFO  impl.FilePerChunkStrategy (FilePerChunkStrategy.java:deleteChunk(327)) - Deleted chunk file /tmp/junit-6244331030145805165/hdds/1fed7a42-6d39-4ba8-ad08-c3a7cb2adecb/current/containerDir128/114109937813356709/chunks/114109937821679874_chunk_0_block_92 (size 100) for chunk ChunkInfo{chunkName='114109937821679874_chunk_0_block_92, offset=0, len=100}
2025-03-05 12:57:51,294 [BlockDeletingService#0] INFO  impl.FilePerChunkStrategy (FilePerChunkStrategy.java:deleteChunk(327)) - Deleted chunk file /tmp/junit-6244331030145805165/hdds/1fed7a42-6d39-4ba8-ad08-c3a7cb2adecb/current/containerDir128/114109937813356709/chunks/114109937821745411_chunk_0_block_93 (size 100) for chunk ChunkInfo{chunkName='114109937821745411_chunk_0_block_93, offset=0, len=100}
2025-03-05 12:57:51,294 [BlockDeletingService#0] INFO  impl.FilePerChunkStrategy (FilePerChunkStrategy.java:deleteChunk(327)) - Deleted chunk file /tmp/junit-6244331030145805165/hdds/1fed7a42-6d39-4ba8-ad08-c3a7cb2adecb/current/containerDir128/114109937813356709/chunks/114109937821810948_chunk_0_block_94 (size 100) for chunk ChunkInfo{chunkName='114109937821810948_chunk_0_block_94, offset=0, len=100}
2025-03-05 12:57:51,294 [BlockDeletingService#0] INFO  impl.FilePerChunkStrategy (FilePerChunkStrategy.java:deleteChunk(327)) - Deleted chunk file /tmp/junit-6244331030145805165/hdds/1fed7a42-6d39-4ba8-ad08-c3a7cb2adecb/current/containerDir128/114109937813356709/chunks/114109937821876485_chunk_0_block_95 (size 100) for chunk ChunkInfo{chunkName='114109937821876485_chunk_0_block_95, offset=0, len=100}
2025-03-05 12:57:51,294 [BlockDeletingService#0] INFO  impl.FilePerChunkStrategy (FilePerChunkStrategy.java:deleteChunk(327)) - Deleted chunk file /tmp/junit-6244331030145805165/hdds/1fed7a42-6d39-4ba8-ad08-c3a7cb2adecb/current/containerDir128/114109937813356709/chunks/114109937821942022_chunk_0_block_96 (size 100) for chunk ChunkInfo{chunkName='114109937821942022_chunk_0_block_96, offset=0, len=100}
2025-03-05 12:57:51,294 [BlockDeletingService#0] INFO  impl.FilePerChunkStrategy (FilePerChunkStrategy.java:deleteChunk(327)) - Deleted chunk file /tmp/junit-6244331030145805165/hdds/1fed7a42-6d39-4ba8-ad08-c3a7cb2adecb/current/containerDir128/114109937813356709/chunks/114109937822007559_chunk_0_block_97 (size 100) for chunk ChunkInfo{chunkName='114109937822007559_chunk_0_block_97, offset=0, len=100}
2025-03-05 12:57:51,295 [BlockDeletingService#0] INFO  impl.FilePerChunkStrategy (FilePerChunkStrategy.java:deleteChunk(327)) - Deleted chunk file /tmp/junit-6244331030145805165/hdds/1fed7a42-6d39-4ba8-ad08-c3a7cb2adecb/current/containerDir128/114109937813356709/chunks/114109937822073096_chunk_0_block_98 (size 100) for chunk ChunkInfo{chunkName='114109937822073096_chunk_0_block_98, offset=0, len=100}
2025-03-05 12:57:51,295 [BlockDeletingService#0] INFO  impl.FilePerChunkStrategy (FilePerChunkStrategy.java:deleteChunk(327)) - Deleted chunk file /tmp/junit-6244331030145805165/hdds/1fed7a42-6d39-4ba8-ad08-c3a7cb2adecb/current/containerDir128/114109937813356709/chunks/114109937822073097_chunk_0_block_99 (size 100) for chunk ChunkInfo{chunkName='114109937822073097_chunk_0_block_99, offset=0, len=100}
2025-03-05 12:57:51,298 [BlockDeletingService#0] WARN  utils.BackgroundService (BackgroundService.java:lambda$run$0(151)) - BlockDeletingService Background task execution took 28498780ns > 0ns(timeout)
2025-03-05 12:57:51,368 [main] INFO  utils.BackgroundService (BackgroundService.java:shutdown(162)) - Shutting down service BlockDeletingService
]]></system-out>
  </testcase>
  <testcase name="testShutdownService(ContainerTestVersionInfo)[3]" classname="org.apache.hadoop.ozone.container.common.TestBlockDeletingService" time="0.414">
    <system-out><![CDATA[2025-03-05 12:57:51,477 [main] INFO  db.CodecBuffer (CodecBuffer.java:set(62)) - Successfully set constructor to LeakDetector::newCodecBuffer: org.apache.hadoop.hdds.utils.db.CodecBuffer$$Lambda/0x00007ff600206790@3b809711
2025-03-05 12:57:51,489 [main] INFO  volume.HddsVolume (HddsVolume.java:<init>(132)) - Creating HddsVolume: /tmp/junit-7470066221807919876/hdds of storage type: DISK, capacity=9222449699674390527, used=0, available=9222449699674390527
2025-03-05 12:57:51,491 [main] INFO  volume.MutableVolumeSet (MutableVolumeSet.java:initializeVolumeSet(169)) - Added Volume : /tmp/junit-7470066221807919876/hdds to VolumeSet
2025-03-05 12:57:51,520 [main] INFO  utils.DatanodeStoreCache (DatanodeStoreCache.java:addDB(71)) - Added db /tmp/junit-7470066221807919876/hdds/77318849-ee35-4bf2-a60c-263a9eb5ea8a/DS-ff8839ef-cc07-49f3-89ce-3bcc60b9bf85/container.db to cache
2025-03-05 12:57:51,520 [main] INFO  volume.HddsVolume (HddsVolume.java:createDbStore(446)) - SchemaV3 db is created and loaded at /tmp/junit-7470066221807919876/hdds/77318849-ee35-4bf2-a60c-263a9eb5ea8a/DS-ff8839ef-cc07-49f3-89ce-3bcc60b9bf85/container.db for volume DS-ff8839ef-cc07-49f3-89ce-3bcc60b9bf85
2025-03-05 12:57:51,522 [main] INFO  impl.FilePerChunkStrategy (FilePerChunkStrategy.java:<init>(79)) - ozone.chunk.read.mapped.buffer.max.count is load with 0
2025-03-05 12:57:51,680 [main] INFO  impl.FilePerChunkStrategy (FilePerChunkStrategy.java:<init>(79)) - ozone.chunk.read.mapped.buffer.max.count is load with 0
2025-03-05 12:57:51,681 [main] INFO  impl.FilePerBlockStrategy (FilePerBlockStrategy.java:<init>(87)) - ozone.chunk.read.mapped.buffer.max.count is load with 0
2025-03-05 12:57:51,784 [BlockDeletingService#0] INFO  interfaces.ContainerDeletionChoosingPolicyTemplate (ContainerDeletionChoosingPolicyTemplate.java:chooseContainerForBlockDeletion(83)) - Chosen 100/4900 blocks from 1 candidate containers.
2025-03-05 12:57:51,789 [BlockDeletingService#0] INFO  impl.FilePerChunkStrategy (FilePerChunkStrategy.java:deleteChunk(327)) - Deleted chunk file /tmp/junit-7470066221807919876/hdds/77318849-ee35-4bf2-a60c-263a9eb5ea8a/current/containerDir0/114109937846321418/chunks/114109937848549643_chunk_0_block_0 (size 100) for chunk ChunkInfo{chunkName='114109937848549643_chunk_0_block_0, offset=0, len=100}
2025-03-05 12:57:51,789 [BlockDeletingService#0] INFO  impl.FilePerChunkStrategy (FilePerChunkStrategy.java:deleteChunk(327)) - Deleted chunk file /tmp/junit-7470066221807919876/hdds/77318849-ee35-4bf2-a60c-263a9eb5ea8a/current/containerDir0/114109937846321418/chunks/114109937848615180_chunk_0_block_1 (size 100) for chunk ChunkInfo{chunkName='114109937848615180_chunk_0_block_1, offset=0, len=100}
2025-03-05 12:57:51,790 [BlockDeletingService#0] INFO  impl.FilePerChunkStrategy (FilePerChunkStrategy.java:deleteChunk(327)) - Deleted chunk file /tmp/junit-7470066221807919876/hdds/77318849-ee35-4bf2-a60c-263a9eb5ea8a/current/containerDir0/114109937846321418/chunks/114109937848680717_chunk_0_block_2 (size 100) for chunk ChunkInfo{chunkName='114109937848680717_chunk_0_block_2, offset=0, len=100}
2025-03-05 12:57:51,790 [BlockDeletingService#0] INFO  impl.FilePerChunkStrategy (FilePerChunkStrategy.java:deleteChunk(327)) - Deleted chunk file /tmp/junit-7470066221807919876/hdds/77318849-ee35-4bf2-a60c-263a9eb5ea8a/current/containerDir0/114109937846321418/chunks/114109937848746254_chunk_0_block_3 (size 100) for chunk ChunkInfo{chunkName='114109937848746254_chunk_0_block_3, offset=0, len=100}
2025-03-05 12:57:51,790 [BlockDeletingService#0] INFO  impl.FilePerChunkStrategy (FilePerChunkStrategy.java:deleteChunk(327)) - Deleted chunk file /tmp/junit-7470066221807919876/hdds/77318849-ee35-4bf2-a60c-263a9eb5ea8a/current/containerDir0/114109937846321418/chunks/114109937848877327_chunk_0_block_4 (size 100) for chunk ChunkInfo{chunkName='114109937848877327_chunk_0_block_4, offset=0, len=100}
2025-03-05 12:57:51,791 [BlockDeletingService#0] INFO  impl.FilePerChunkStrategy (FilePerChunkStrategy.java:deleteChunk(327)) - Deleted chunk file /tmp/junit-7470066221807919876/hdds/77318849-ee35-4bf2-a60c-263a9eb5ea8a/current/containerDir0/114109937846321418/chunks/114109937848942864_chunk_0_block_5 (size 100) for chunk ChunkInfo{chunkName='114109937848942864_chunk_0_block_5, offset=0, len=100}
2025-03-05 12:57:51,791 [BlockDeletingService#0] INFO  impl.FilePerChunkStrategy (FilePerChunkStrategy.java:deleteChunk(327)) - Deleted chunk file /tmp/junit-7470066221807919876/hdds/77318849-ee35-4bf2-a60c-263a9eb5ea8a/current/containerDir0/114109937846321418/chunks/114109937849008401_chunk_0_block_6 (size 100) for chunk ChunkInfo{chunkName='114109937849008401_chunk_0_block_6, offset=0, len=100}
2025-03-05 12:57:51,791 [BlockDeletingService#0] INFO  impl.FilePerChunkStrategy (FilePerChunkStrategy.java:deleteChunk(327)) - Deleted chunk file /tmp/junit-7470066221807919876/hdds/77318849-ee35-4bf2-a60c-263a9eb5ea8a/current/containerDir0/114109937846321418/chunks/114109937849073938_chunk_0_block_7 (size 100) for chunk ChunkInfo{chunkName='114109937849073938_chunk_0_block_7, offset=0, len=100}
2025-03-05 12:57:51,791 [BlockDeletingService#0] INFO  impl.FilePerChunkStrategy (FilePerChunkStrategy.java:deleteChunk(327)) - Deleted chunk file /tmp/junit-7470066221807919876/hdds/77318849-ee35-4bf2-a60c-263a9eb5ea8a/current/containerDir0/114109937846321418/chunks/114109937849139475_chunk_0_block_8 (size 100) for chunk ChunkInfo{chunkName='114109937849139475_chunk_0_block_8, offset=0, len=100}
2025-03-05 12:57:51,792 [BlockDeletingService#0] INFO  impl.FilePerChunkStrategy (FilePerChunkStrategy.java:deleteChunk(327)) - Deleted chunk file /tmp/junit-7470066221807919876/hdds/77318849-ee35-4bf2-a60c-263a9eb5ea8a/current/containerDir0/114109937846321418/chunks/114109937849205012_chunk_0_block_9 (size 100) for chunk ChunkInfo{chunkName='114109937849205012_chunk_0_block_9, offset=0, len=100}
2025-03-05 12:57:51,792 [BlockDeletingService#0] INFO  impl.FilePerChunkStrategy (FilePerChunkStrategy.java:deleteChunk(327)) - Deleted chunk file /tmp/junit-7470066221807919876/hdds/77318849-ee35-4bf2-a60c-263a9eb5ea8a/current/containerDir0/114109937846321418/chunks/114109937849270549_chunk_0_block_10 (size 100) for chunk ChunkInfo{chunkName='114109937849270549_chunk_0_block_10, offset=0, len=100}
2025-03-05 12:57:51,792 [BlockDeletingService#0] INFO  impl.FilePerChunkStrategy (FilePerChunkStrategy.java:deleteChunk(327)) - Deleted chunk file /tmp/junit-7470066221807919876/hdds/77318849-ee35-4bf2-a60c-263a9eb5ea8a/current/containerDir0/114109937846321418/chunks/114109937849336086_chunk_0_block_11 (size 100) for chunk ChunkInfo{chunkName='114109937849336086_chunk_0_block_11, offset=0, len=100}
2025-03-05 12:57:51,793 [BlockDeletingService#0] INFO  impl.FilePerChunkStrategy (FilePerChunkStrategy.java:deleteChunk(327)) - Deleted chunk file /tmp/junit-7470066221807919876/hdds/77318849-ee35-4bf2-a60c-263a9eb5ea8a/current/containerDir0/114109937846321418/chunks/114109937849401623_chunk_0_block_12 (size 100) for chunk ChunkInfo{chunkName='114109937849401623_chunk_0_block_12, offset=0, len=100}
2025-03-05 12:57:51,793 [BlockDeletingService#0] INFO  impl.FilePerChunkStrategy (FilePerChunkStrategy.java:deleteChunk(327)) - Deleted chunk file /tmp/junit-7470066221807919876/hdds/77318849-ee35-4bf2-a60c-263a9eb5ea8a/current/containerDir0/114109937846321418/chunks/114109937849467160_chunk_0_block_13 (size 100) for chunk ChunkInfo{chunkName='114109937849467160_chunk_0_block_13, offset=0, len=100}
2025-03-05 12:57:51,793 [BlockDeletingService#0] INFO  impl.FilePerChunkStrategy (FilePerChunkStrategy.java:deleteChunk(327)) - Deleted chunk file /tmp/junit-7470066221807919876/hdds/77318849-ee35-4bf2-a60c-263a9eb5ea8a/current/containerDir0/114109937846321418/chunks/114109937849532697_chunk_0_block_14 (size 100) for chunk ChunkInfo{chunkName='114109937849532697_chunk_0_block_14, offset=0, len=100}
2025-03-05 12:57:51,793 [BlockDeletingService#0] INFO  impl.FilePerChunkStrategy (FilePerChunkStrategy.java:deleteChunk(327)) - Deleted chunk file /tmp/junit-7470066221807919876/hdds/77318849-ee35-4bf2-a60c-263a9eb5ea8a/current/containerDir0/114109937846321418/chunks/114109937849532698_chunk_0_block_15 (size 100) for chunk ChunkInfo{chunkName='114109937849532698_chunk_0_block_15, offset=0, len=100}
2025-03-05 12:57:51,793 [BlockDeletingService#0] INFO  impl.FilePerChunkStrategy (FilePerChunkStrategy.java:deleteChunk(327)) - Deleted chunk file /tmp/junit-7470066221807919876/hdds/77318849-ee35-4bf2-a60c-263a9eb5ea8a/current/containerDir0/114109937846321418/chunks/114109937849663771_chunk_0_block_16 (size 100) for chunk ChunkInfo{chunkName='114109937849663771_chunk_0_block_16, offset=0, len=100}
2025-03-05 12:57:51,794 [BlockDeletingService#0] INFO  impl.FilePerChunkStrategy (FilePerChunkStrategy.java:deleteChunk(327)) - Deleted chunk file /tmp/junit-7470066221807919876/hdds/77318849-ee35-4bf2-a60c-263a9eb5ea8a/current/containerDir0/114109937846321418/chunks/114109937849729308_chunk_0_block_17 (size 100) for chunk ChunkInfo{chunkName='114109937849729308_chunk_0_block_17, offset=0, len=100}
2025-03-05 12:57:51,794 [BlockDeletingService#0] INFO  impl.FilePerChunkStrategy (FilePerChunkStrategy.java:deleteChunk(327)) - Deleted chunk file /tmp/junit-7470066221807919876/hdds/77318849-ee35-4bf2-a60c-263a9eb5ea8a/current/containerDir0/114109937846321418/chunks/114109937849794845_chunk_0_block_18 (size 100) for chunk ChunkInfo{chunkName='114109937849794845_chunk_0_block_18, offset=0, len=100}
2025-03-05 12:57:51,794 [BlockDeletingService#0] INFO  impl.FilePerChunkStrategy (FilePerChunkStrategy.java:deleteChunk(327)) - Deleted chunk file /tmp/junit-7470066221807919876/hdds/77318849-ee35-4bf2-a60c-263a9eb5ea8a/current/containerDir0/114109937846321418/chunks/114109937849860382_chunk_0_block_19 (size 100) for chunk ChunkInfo{chunkName='114109937849860382_chunk_0_block_19, offset=0, len=100}
2025-03-05 12:57:51,794 [BlockDeletingService#0] INFO  impl.FilePerChunkStrategy (FilePerChunkStrategy.java:deleteChunk(327)) - Deleted chunk file /tmp/junit-7470066221807919876/hdds/77318849-ee35-4bf2-a60c-263a9eb5ea8a/current/containerDir0/114109937846321418/chunks/114109937849925919_chunk_0_block_20 (size 100) for chunk ChunkInfo{chunkName='114109937849925919_chunk_0_block_20, offset=0, len=100}
2025-03-05 12:57:51,794 [BlockDeletingService#0] INFO  impl.FilePerChunkStrategy (FilePerChunkStrategy.java:deleteChunk(327)) - Deleted chunk file /tmp/junit-7470066221807919876/hdds/77318849-ee35-4bf2-a60c-263a9eb5ea8a/current/containerDir0/114109937846321418/chunks/114109937849991456_chunk_0_block_21 (size 100) for chunk ChunkInfo{chunkName='114109937849991456_chunk_0_block_21, offset=0, len=100}
2025-03-05 12:57:51,795 [BlockDeletingService#0] INFO  impl.FilePerChunkStrategy (FilePerChunkStrategy.java:deleteChunk(327)) - Deleted chunk file /tmp/junit-7470066221807919876/hdds/77318849-ee35-4bf2-a60c-263a9eb5ea8a/current/containerDir0/114109937846321418/chunks/114109937850122529_chunk_0_block_22 (size 100) for chunk ChunkInfo{chunkName='114109937850122529_chunk_0_block_22, offset=0, len=100}
2025-03-05 12:57:51,795 [BlockDeletingService#0] INFO  impl.FilePerChunkStrategy (FilePerChunkStrategy.java:deleteChunk(327)) - Deleted chunk file /tmp/junit-7470066221807919876/hdds/77318849-ee35-4bf2-a60c-263a9eb5ea8a/current/containerDir0/114109937846321418/chunks/114109937850188066_chunk_0_block_23 (size 100) for chunk ChunkInfo{chunkName='114109937850188066_chunk_0_block_23, offset=0, len=100}
2025-03-05 12:57:51,795 [BlockDeletingService#0] INFO  impl.FilePerChunkStrategy (FilePerChunkStrategy.java:deleteChunk(327)) - Deleted chunk file /tmp/junit-7470066221807919876/hdds/77318849-ee35-4bf2-a60c-263a9eb5ea8a/current/containerDir0/114109937846321418/chunks/114109937850253603_chunk_0_block_24 (size 100) for chunk ChunkInfo{chunkName='114109937850253603_chunk_0_block_24, offset=0, len=100}
2025-03-05 12:57:51,796 [BlockDeletingService#0] INFO  impl.FilePerChunkStrategy (FilePerChunkStrategy.java:deleteChunk(327)) - Deleted chunk file /tmp/junit-7470066221807919876/hdds/77318849-ee35-4bf2-a60c-263a9eb5ea8a/current/containerDir0/114109937846321418/chunks/114109937850319140_chunk_0_block_25 (size 100) for chunk ChunkInfo{chunkName='114109937850319140_chunk_0_block_25, offset=0, len=100}
2025-03-05 12:57:51,796 [BlockDeletingService#0] INFO  impl.FilePerChunkStrategy (FilePerChunkStrategy.java:deleteChunk(327)) - Deleted chunk file /tmp/junit-7470066221807919876/hdds/77318849-ee35-4bf2-a60c-263a9eb5ea8a/current/containerDir0/114109937846321418/chunks/114109937850450213_chunk_0_block_26 (size 100) for chunk ChunkInfo{chunkName='114109937850450213_chunk_0_block_26, offset=0, len=100}
2025-03-05 12:57:51,796 [BlockDeletingService#0] INFO  impl.FilePerChunkStrategy (FilePerChunkStrategy.java:deleteChunk(327)) - Deleted chunk file /tmp/junit-7470066221807919876/hdds/77318849-ee35-4bf2-a60c-263a9eb5ea8a/current/containerDir0/114109937846321418/chunks/114109937850515750_chunk_0_block_27 (size 100) for chunk ChunkInfo{chunkName='114109937850515750_chunk_0_block_27, offset=0, len=100}
2025-03-05 12:57:51,796 [BlockDeletingService#0] INFO  impl.FilePerChunkStrategy (FilePerChunkStrategy.java:deleteChunk(327)) - Deleted chunk file /tmp/junit-7470066221807919876/hdds/77318849-ee35-4bf2-a60c-263a9eb5ea8a/current/containerDir0/114109937846321418/chunks/114109937850646823_chunk_0_block_28 (size 100) for chunk ChunkInfo{chunkName='114109937850646823_chunk_0_block_28, offset=0, len=100}
2025-03-05 12:57:51,797 [BlockDeletingService#0] INFO  impl.FilePerChunkStrategy (FilePerChunkStrategy.java:deleteChunk(327)) - Deleted chunk file /tmp/junit-7470066221807919876/hdds/77318849-ee35-4bf2-a60c-263a9eb5ea8a/current/containerDir0/114109937846321418/chunks/114109937850712360_chunk_0_block_29 (size 100) for chunk ChunkInfo{chunkName='114109937850712360_chunk_0_block_29, offset=0, len=100}
2025-03-05 12:57:51,797 [BlockDeletingService#0] INFO  impl.FilePerChunkStrategy (FilePerChunkStrategy.java:deleteChunk(327)) - Deleted chunk file /tmp/junit-7470066221807919876/hdds/77318849-ee35-4bf2-a60c-263a9eb5ea8a/current/containerDir0/114109937846321418/chunks/114109937850777897_chunk_0_block_30 (size 100) for chunk ChunkInfo{chunkName='114109937850777897_chunk_0_block_30, offset=0, len=100}
2025-03-05 12:57:51,797 [BlockDeletingService#0] INFO  impl.FilePerChunkStrategy (FilePerChunkStrategy.java:deleteChunk(327)) - Deleted chunk file /tmp/junit-7470066221807919876/hdds/77318849-ee35-4bf2-a60c-263a9eb5ea8a/current/containerDir0/114109937846321418/chunks/114109937850908970_chunk_0_block_31 (size 100) for chunk ChunkInfo{chunkName='114109937850908970_chunk_0_block_31, offset=0, len=100}
2025-03-05 12:57:51,798 [BlockDeletingService#0] INFO  impl.FilePerChunkStrategy (FilePerChunkStrategy.java:deleteChunk(327)) - Deleted chunk file /tmp/junit-7470066221807919876/hdds/77318849-ee35-4bf2-a60c-263a9eb5ea8a/current/containerDir0/114109937846321418/chunks/114109937850974507_chunk_0_block_32 (size 100) for chunk ChunkInfo{chunkName='114109937850974507_chunk_0_block_32, offset=0, len=100}
2025-03-05 12:57:51,798 [BlockDeletingService#0] INFO  impl.FilePerChunkStrategy (FilePerChunkStrategy.java:deleteChunk(327)) - Deleted chunk file /tmp/junit-7470066221807919876/hdds/77318849-ee35-4bf2-a60c-263a9eb5ea8a/current/containerDir0/114109937846321418/chunks/114109937851040044_chunk_0_block_33 (size 100) for chunk ChunkInfo{chunkName='114109937851040044_chunk_0_block_33, offset=0, len=100}
2025-03-05 12:57:51,798 [BlockDeletingService#0] INFO  impl.FilePerChunkStrategy (FilePerChunkStrategy.java:deleteChunk(327)) - Deleted chunk file /tmp/junit-7470066221807919876/hdds/77318849-ee35-4bf2-a60c-263a9eb5ea8a/current/containerDir0/114109937846321418/chunks/114109937851105581_chunk_0_block_34 (size 100) for chunk ChunkInfo{chunkName='114109937851105581_chunk_0_block_34, offset=0, len=100}
2025-03-05 12:57:51,798 [BlockDeletingService#0] INFO  impl.FilePerChunkStrategy (FilePerChunkStrategy.java:deleteChunk(327)) - Deleted chunk file /tmp/junit-7470066221807919876/hdds/77318849-ee35-4bf2-a60c-263a9eb5ea8a/current/containerDir0/114109937846321418/chunks/114109937851171118_chunk_0_block_35 (size 100) for chunk ChunkInfo{chunkName='114109937851171118_chunk_0_block_35, offset=0, len=100}
2025-03-05 12:57:51,799 [BlockDeletingService#0] INFO  impl.FilePerChunkStrategy (FilePerChunkStrategy.java:deleteChunk(327)) - Deleted chunk file /tmp/junit-7470066221807919876/hdds/77318849-ee35-4bf2-a60c-263a9eb5ea8a/current/containerDir0/114109937846321418/chunks/114109937851302191_chunk_0_block_36 (size 100) for chunk ChunkInfo{chunkName='114109937851302191_chunk_0_block_36, offset=0, len=100}
2025-03-05 12:57:51,799 [BlockDeletingService#0] INFO  impl.FilePerChunkStrategy (FilePerChunkStrategy.java:deleteChunk(327)) - Deleted chunk file /tmp/junit-7470066221807919876/hdds/77318849-ee35-4bf2-a60c-263a9eb5ea8a/current/containerDir0/114109937846321418/chunks/114109937851367728_chunk_0_block_37 (size 100) for chunk ChunkInfo{chunkName='114109937851367728_chunk_0_block_37, offset=0, len=100}
2025-03-05 12:57:51,799 [BlockDeletingService#0] INFO  impl.FilePerChunkStrategy (FilePerChunkStrategy.java:deleteChunk(327)) - Deleted chunk file /tmp/junit-7470066221807919876/hdds/77318849-ee35-4bf2-a60c-263a9eb5ea8a/current/containerDir0/114109937846321418/chunks/114109937851433265_chunk_0_block_38 (size 100) for chunk ChunkInfo{chunkName='114109937851433265_chunk_0_block_38, offset=0, len=100}
2025-03-05 12:57:51,799 [BlockDeletingService#0] INFO  impl.FilePerChunkStrategy (FilePerChunkStrategy.java:deleteChunk(327)) - Deleted chunk file /tmp/junit-7470066221807919876/hdds/77318849-ee35-4bf2-a60c-263a9eb5ea8a/current/containerDir0/114109937846321418/chunks/114109937851498802_chunk_0_block_39 (size 100) for chunk ChunkInfo{chunkName='114109937851498802_chunk_0_block_39, offset=0, len=100}
2025-03-05 12:57:51,800 [BlockDeletingService#0] INFO  impl.FilePerChunkStrategy (FilePerChunkStrategy.java:deleteChunk(327)) - Deleted chunk file /tmp/junit-7470066221807919876/hdds/77318849-ee35-4bf2-a60c-263a9eb5ea8a/current/containerDir0/114109937846321418/chunks/114109937851564339_chunk_0_block_40 (size 100) for chunk ChunkInfo{chunkName='114109937851564339_chunk_0_block_40, offset=0, len=100}
2025-03-05 12:57:51,800 [BlockDeletingService#0] INFO  impl.FilePerChunkStrategy (FilePerChunkStrategy.java:deleteChunk(327)) - Deleted chunk file /tmp/junit-7470066221807919876/hdds/77318849-ee35-4bf2-a60c-263a9eb5ea8a/current/containerDir0/114109937846321418/chunks/114109937851629876_chunk_0_block_41 (size 100) for chunk ChunkInfo{chunkName='114109937851629876_chunk_0_block_41, offset=0, len=100}
2025-03-05 12:57:51,800 [BlockDeletingService#0] INFO  impl.FilePerChunkStrategy (FilePerChunkStrategy.java:deleteChunk(327)) - Deleted chunk file /tmp/junit-7470066221807919876/hdds/77318849-ee35-4bf2-a60c-263a9eb5ea8a/current/containerDir0/114109937846321418/chunks/114109937851695413_chunk_0_block_42 (size 100) for chunk ChunkInfo{chunkName='114109937851695413_chunk_0_block_42, offset=0, len=100}
2025-03-05 12:57:51,801 [BlockDeletingService#0] INFO  impl.FilePerChunkStrategy (FilePerChunkStrategy.java:deleteChunk(327)) - Deleted chunk file /tmp/junit-7470066221807919876/hdds/77318849-ee35-4bf2-a60c-263a9eb5ea8a/current/containerDir0/114109937846321418/chunks/114109937851760950_chunk_0_block_43 (size 100) for chunk ChunkInfo{chunkName='114109937851760950_chunk_0_block_43, offset=0, len=100}
2025-03-05 12:57:51,801 [BlockDeletingService#0] INFO  impl.FilePerChunkStrategy (FilePerChunkStrategy.java:deleteChunk(327)) - Deleted chunk file /tmp/junit-7470066221807919876/hdds/77318849-ee35-4bf2-a60c-263a9eb5ea8a/current/containerDir0/114109937846321418/chunks/114109937851826487_chunk_0_block_44 (size 100) for chunk ChunkInfo{chunkName='114109937851826487_chunk_0_block_44, offset=0, len=100}
2025-03-05 12:57:51,801 [BlockDeletingService#0] INFO  impl.FilePerChunkStrategy (FilePerChunkStrategy.java:deleteChunk(327)) - Deleted chunk file /tmp/junit-7470066221807919876/hdds/77318849-ee35-4bf2-a60c-263a9eb5ea8a/current/containerDir0/114109937846321418/chunks/114109937851892024_chunk_0_block_45 (size 100) for chunk ChunkInfo{chunkName='114109937851892024_chunk_0_block_45, offset=0, len=100}
2025-03-05 12:57:51,801 [BlockDeletingService#0] INFO  impl.FilePerChunkStrategy (FilePerChunkStrategy.java:deleteChunk(327)) - Deleted chunk file /tmp/junit-7470066221807919876/hdds/77318849-ee35-4bf2-a60c-263a9eb5ea8a/current/containerDir0/114109937846321418/chunks/114109937851957561_chunk_0_block_46 (size 100) for chunk ChunkInfo{chunkName='114109937851957561_chunk_0_block_46, offset=0, len=100}
2025-03-05 12:57:51,802 [BlockDeletingService#0] INFO  impl.FilePerChunkStrategy (FilePerChunkStrategy.java:deleteChunk(327)) - Deleted chunk file /tmp/junit-7470066221807919876/hdds/77318849-ee35-4bf2-a60c-263a9eb5ea8a/current/containerDir0/114109937846321418/chunks/114109937852023098_chunk_0_block_47 (size 100) for chunk ChunkInfo{chunkName='114109937852023098_chunk_0_block_47, offset=0, len=100}
2025-03-05 12:57:51,802 [BlockDeletingService#0] INFO  impl.FilePerChunkStrategy (FilePerChunkStrategy.java:deleteChunk(327)) - Deleted chunk file /tmp/junit-7470066221807919876/hdds/77318849-ee35-4bf2-a60c-263a9eb5ea8a/current/containerDir0/114109937846321418/chunks/114109937852088635_chunk_0_block_48 (size 100) for chunk ChunkInfo{chunkName='114109937852088635_chunk_0_block_48, offset=0, len=100}
2025-03-05 12:57:51,802 [BlockDeletingService#0] INFO  impl.FilePerChunkStrategy (FilePerChunkStrategy.java:deleteChunk(327)) - Deleted chunk file /tmp/junit-7470066221807919876/hdds/77318849-ee35-4bf2-a60c-263a9eb5ea8a/current/containerDir0/114109937846321418/chunks/114109937852219708_chunk_0_block_49 (size 100) for chunk ChunkInfo{chunkName='114109937852219708_chunk_0_block_49, offset=0, len=100}
2025-03-05 12:57:51,802 [BlockDeletingService#0] INFO  impl.FilePerChunkStrategy (FilePerChunkStrategy.java:deleteChunk(327)) - Deleted chunk file /tmp/junit-7470066221807919876/hdds/77318849-ee35-4bf2-a60c-263a9eb5ea8a/current/containerDir0/114109937846321418/chunks/114109937852285245_chunk_0_block_50 (size 100) for chunk ChunkInfo{chunkName='114109937852285245_chunk_0_block_50, offset=0, len=100}
2025-03-05 12:57:51,803 [BlockDeletingService#0] INFO  impl.FilePerChunkStrategy (FilePerChunkStrategy.java:deleteChunk(327)) - Deleted chunk file /tmp/junit-7470066221807919876/hdds/77318849-ee35-4bf2-a60c-263a9eb5ea8a/current/containerDir0/114109937846321418/chunks/114109937852350782_chunk_0_block_51 (size 100) for chunk ChunkInfo{chunkName='114109937852350782_chunk_0_block_51, offset=0, len=100}
2025-03-05 12:57:51,803 [BlockDeletingService#0] INFO  impl.FilePerChunkStrategy (FilePerChunkStrategy.java:deleteChunk(327)) - Deleted chunk file /tmp/junit-7470066221807919876/hdds/77318849-ee35-4bf2-a60c-263a9eb5ea8a/current/containerDir0/114109937846321418/chunks/114109937852481855_chunk_0_block_52 (size 100) for chunk ChunkInfo{chunkName='114109937852481855_chunk_0_block_52, offset=0, len=100}
2025-03-05 12:57:51,803 [BlockDeletingService#0] INFO  impl.FilePerChunkStrategy (FilePerChunkStrategy.java:deleteChunk(327)) - Deleted chunk file /tmp/junit-7470066221807919876/hdds/77318849-ee35-4bf2-a60c-263a9eb5ea8a/current/containerDir0/114109937846321418/chunks/114109937852547392_chunk_0_block_53 (size 100) for chunk ChunkInfo{chunkName='114109937852547392_chunk_0_block_53, offset=0, len=100}
2025-03-05 12:57:51,803 [BlockDeletingService#0] INFO  impl.FilePerChunkStrategy (FilePerChunkStrategy.java:deleteChunk(327)) - Deleted chunk file /tmp/junit-7470066221807919876/hdds/77318849-ee35-4bf2-a60c-263a9eb5ea8a/current/containerDir0/114109937846321418/chunks/114109937852612929_chunk_0_block_54 (size 100) for chunk ChunkInfo{chunkName='114109937852612929_chunk_0_block_54, offset=0, len=100}
2025-03-05 12:57:51,804 [BlockDeletingService#0] INFO  impl.FilePerChunkStrategy (FilePerChunkStrategy.java:deleteChunk(327)) - Deleted chunk file /tmp/junit-7470066221807919876/hdds/77318849-ee35-4bf2-a60c-263a9eb5ea8a/current/containerDir0/114109937846321418/chunks/114109937852744002_chunk_0_block_55 (size 100) for chunk ChunkInfo{chunkName='114109937852744002_chunk_0_block_55, offset=0, len=100}
2025-03-05 12:57:51,804 [BlockDeletingService#0] INFO  impl.FilePerChunkStrategy (FilePerChunkStrategy.java:deleteChunk(327)) - Deleted chunk file /tmp/junit-7470066221807919876/hdds/77318849-ee35-4bf2-a60c-263a9eb5ea8a/current/containerDir0/114109937846321418/chunks/114109937852809539_chunk_0_block_56 (size 100) for chunk ChunkInfo{chunkName='114109937852809539_chunk_0_block_56, offset=0, len=100}
2025-03-05 12:57:51,804 [BlockDeletingService#0] INFO  impl.FilePerChunkStrategy (FilePerChunkStrategy.java:deleteChunk(327)) - Deleted chunk file /tmp/junit-7470066221807919876/hdds/77318849-ee35-4bf2-a60c-263a9eb5ea8a/current/containerDir0/114109937846321418/chunks/114109937852809540_chunk_0_block_57 (size 100) for chunk ChunkInfo{chunkName='114109937852809540_chunk_0_block_57, offset=0, len=100}
2025-03-05 12:57:51,805 [BlockDeletingService#0] INFO  impl.FilePerChunkStrategy (FilePerChunkStrategy.java:deleteChunk(327)) - Deleted chunk file /tmp/junit-7470066221807919876/hdds/77318849-ee35-4bf2-a60c-263a9eb5ea8a/current/containerDir0/114109937846321418/chunks/114109937852940613_chunk_0_block_58 (size 100) for chunk ChunkInfo{chunkName='114109937852940613_chunk_0_block_58, offset=0, len=100}
2025-03-05 12:57:51,805 [BlockDeletingService#0] INFO  impl.FilePerChunkStrategy (FilePerChunkStrategy.java:deleteChunk(327)) - Deleted chunk file /tmp/junit-7470066221807919876/hdds/77318849-ee35-4bf2-a60c-263a9eb5ea8a/current/containerDir0/114109937846321418/chunks/114109937853006150_chunk_0_block_59 (size 100) for chunk ChunkInfo{chunkName='114109937853006150_chunk_0_block_59, offset=0, len=100}
2025-03-05 12:57:51,805 [BlockDeletingService#0] INFO  impl.FilePerChunkStrategy (FilePerChunkStrategy.java:deleteChunk(327)) - Deleted chunk file /tmp/junit-7470066221807919876/hdds/77318849-ee35-4bf2-a60c-263a9eb5ea8a/current/containerDir0/114109937846321418/chunks/114109937853006151_chunk_0_block_60 (size 100) for chunk ChunkInfo{chunkName='114109937853006151_chunk_0_block_60, offset=0, len=100}
2025-03-05 12:57:51,805 [BlockDeletingService#0] INFO  impl.FilePerChunkStrategy (FilePerChunkStrategy.java:deleteChunk(327)) - Deleted chunk file /tmp/junit-7470066221807919876/hdds/77318849-ee35-4bf2-a60c-263a9eb5ea8a/current/containerDir0/114109937846321418/chunks/114109937853071688_chunk_0_block_61 (size 100) for chunk ChunkInfo{chunkName='114109937853071688_chunk_0_block_61, offset=0, len=100}
2025-03-05 12:57:51,806 [BlockDeletingService#0] INFO  impl.FilePerChunkStrategy (FilePerChunkStrategy.java:deleteChunk(327)) - Deleted chunk file /tmp/junit-7470066221807919876/hdds/77318849-ee35-4bf2-a60c-263a9eb5ea8a/current/containerDir0/114109937846321418/chunks/114109937853202761_chunk_0_block_62 (size 100) for chunk ChunkInfo{chunkName='114109937853202761_chunk_0_block_62, offset=0, len=100}
2025-03-05 12:57:51,806 [BlockDeletingService#0] INFO  impl.FilePerChunkStrategy (FilePerChunkStrategy.java:deleteChunk(327)) - Deleted chunk file /tmp/junit-7470066221807919876/hdds/77318849-ee35-4bf2-a60c-263a9eb5ea8a/current/containerDir0/114109937846321418/chunks/114109937853268298_chunk_0_block_63 (size 100) for chunk ChunkInfo{chunkName='114109937853268298_chunk_0_block_63, offset=0, len=100}
2025-03-05 12:57:51,806 [BlockDeletingService#0] INFO  impl.FilePerChunkStrategy (FilePerChunkStrategy.java:deleteChunk(327)) - Deleted chunk file /tmp/junit-7470066221807919876/hdds/77318849-ee35-4bf2-a60c-263a9eb5ea8a/current/containerDir0/114109937846321418/chunks/114109937853333835_chunk_0_block_64 (size 100) for chunk ChunkInfo{chunkName='114109937853333835_chunk_0_block_64, offset=0, len=100}
2025-03-05 12:57:51,806 [BlockDeletingService#0] INFO  impl.FilePerChunkStrategy (FilePerChunkStrategy.java:deleteChunk(327)) - Deleted chunk file /tmp/junit-7470066221807919876/hdds/77318849-ee35-4bf2-a60c-263a9eb5ea8a/current/containerDir0/114109937846321418/chunks/114109937853464908_chunk_0_block_65 (size 100) for chunk ChunkInfo{chunkName='114109937853464908_chunk_0_block_65, offset=0, len=100}
2025-03-05 12:57:51,807 [BlockDeletingService#0] INFO  impl.FilePerChunkStrategy (FilePerChunkStrategy.java:deleteChunk(327)) - Deleted chunk file /tmp/junit-7470066221807919876/hdds/77318849-ee35-4bf2-a60c-263a9eb5ea8a/current/containerDir0/114109937846321418/chunks/114109937853595981_chunk_0_block_66 (size 100) for chunk ChunkInfo{chunkName='114109937853595981_chunk_0_block_66, offset=0, len=100}
2025-03-05 12:57:51,807 [BlockDeletingService#0] INFO  impl.FilePerChunkStrategy (FilePerChunkStrategy.java:deleteChunk(327)) - Deleted chunk file /tmp/junit-7470066221807919876/hdds/77318849-ee35-4bf2-a60c-263a9eb5ea8a/current/containerDir0/114109937846321418/chunks/114109937853661518_chunk_0_block_67 (size 100) for chunk ChunkInfo{chunkName='114109937853661518_chunk_0_block_67, offset=0, len=100}
2025-03-05 12:57:51,807 [BlockDeletingService#0] INFO  impl.FilePerChunkStrategy (FilePerChunkStrategy.java:deleteChunk(327)) - Deleted chunk file /tmp/junit-7470066221807919876/hdds/77318849-ee35-4bf2-a60c-263a9eb5ea8a/current/containerDir0/114109937846321418/chunks/114109937853727055_chunk_0_block_68 (size 100) for chunk ChunkInfo{chunkName='114109937853727055_chunk_0_block_68, offset=0, len=100}
2025-03-05 12:57:51,807 [BlockDeletingService#0] INFO  impl.FilePerChunkStrategy (FilePerChunkStrategy.java:deleteChunk(327)) - Deleted chunk file /tmp/junit-7470066221807919876/hdds/77318849-ee35-4bf2-a60c-263a9eb5ea8a/current/containerDir0/114109937846321418/chunks/114109937853792592_chunk_0_block_69 (size 100) for chunk ChunkInfo{chunkName='114109937853792592_chunk_0_block_69, offset=0, len=100}
2025-03-05 12:57:51,808 [BlockDeletingService#0] INFO  impl.FilePerChunkStrategy (FilePerChunkStrategy.java:deleteChunk(327)) - Deleted chunk file /tmp/junit-7470066221807919876/hdds/77318849-ee35-4bf2-a60c-263a9eb5ea8a/current/containerDir0/114109937846321418/chunks/114109937853858129_chunk_0_block_70 (size 100) for chunk ChunkInfo{chunkName='114109937853858129_chunk_0_block_70, offset=0, len=100}
2025-03-05 12:57:51,808 [BlockDeletingService#0] INFO  impl.FilePerChunkStrategy (FilePerChunkStrategy.java:deleteChunk(327)) - Deleted chunk file /tmp/junit-7470066221807919876/hdds/77318849-ee35-4bf2-a60c-263a9eb5ea8a/current/containerDir0/114109937846321418/chunks/114109937853923666_chunk_0_block_71 (size 100) for chunk ChunkInfo{chunkName='114109937853923666_chunk_0_block_71, offset=0, len=100}
2025-03-05 12:57:51,808 [BlockDeletingService#0] INFO  impl.FilePerChunkStrategy (FilePerChunkStrategy.java:deleteChunk(327)) - Deleted chunk file /tmp/junit-7470066221807919876/hdds/77318849-ee35-4bf2-a60c-263a9eb5ea8a/current/containerDir0/114109937846321418/chunks/114109937853989203_chunk_0_block_72 (size 100) for chunk ChunkInfo{chunkName='114109937853989203_chunk_0_block_72, offset=0, len=100}
2025-03-05 12:57:51,808 [BlockDeletingService#0] INFO  impl.FilePerChunkStrategy (FilePerChunkStrategy.java:deleteChunk(327)) - Deleted chunk file /tmp/junit-7470066221807919876/hdds/77318849-ee35-4bf2-a60c-263a9eb5ea8a/current/containerDir0/114109937846321418/chunks/114109937854054740_chunk_0_block_73 (size 100) for chunk ChunkInfo{chunkName='114109937854054740_chunk_0_block_73, offset=0, len=100}
2025-03-05 12:57:51,809 [BlockDeletingService#0] INFO  impl.FilePerChunkStrategy (FilePerChunkStrategy.java:deleteChunk(327)) - Deleted chunk file /tmp/junit-7470066221807919876/hdds/77318849-ee35-4bf2-a60c-263a9eb5ea8a/current/containerDir0/114109937846321418/chunks/114109937854120277_chunk_0_block_74 (size 100) for chunk ChunkInfo{chunkName='114109937854120277_chunk_0_block_74, offset=0, len=100}
2025-03-05 12:57:51,809 [BlockDeletingService#0] INFO  impl.FilePerChunkStrategy (FilePerChunkStrategy.java:deleteChunk(327)) - Deleted chunk file /tmp/junit-7470066221807919876/hdds/77318849-ee35-4bf2-a60c-263a9eb5ea8a/current/containerDir0/114109937846321418/chunks/114109937854251350_chunk_0_block_75 (size 100) for chunk ChunkInfo{chunkName='114109937854251350_chunk_0_block_75, offset=0, len=100}
2025-03-05 12:57:51,809 [BlockDeletingService#0] INFO  impl.FilePerChunkStrategy (FilePerChunkStrategy.java:deleteChunk(327)) - Deleted chunk file /tmp/junit-7470066221807919876/hdds/77318849-ee35-4bf2-a60c-263a9eb5ea8a/current/containerDir0/114109937846321418/chunks/114109937854316887_chunk_0_block_76 (size 100) for chunk ChunkInfo{chunkName='114109937854316887_chunk_0_block_76, offset=0, len=100}
2025-03-05 12:57:51,809 [BlockDeletingService#0] INFO  impl.FilePerChunkStrategy (FilePerChunkStrategy.java:deleteChunk(327)) - Deleted chunk file /tmp/junit-7470066221807919876/hdds/77318849-ee35-4bf2-a60c-263a9eb5ea8a/current/containerDir0/114109937846321418/chunks/114109937854382424_chunk_0_block_77 (size 100) for chunk ChunkInfo{chunkName='114109937854382424_chunk_0_block_77, offset=0, len=100}
2025-03-05 12:57:51,810 [BlockDeletingService#0] INFO  impl.FilePerChunkStrategy (FilePerChunkStrategy.java:deleteChunk(327)) - Deleted chunk file /tmp/junit-7470066221807919876/hdds/77318849-ee35-4bf2-a60c-263a9eb5ea8a/current/containerDir0/114109937846321418/chunks/114109937854447961_chunk_0_block_78 (size 100) for chunk ChunkInfo{chunkName='114109937854447961_chunk_0_block_78, offset=0, len=100}
2025-03-05 12:57:51,810 [BlockDeletingService#0] INFO  impl.FilePerChunkStrategy (FilePerChunkStrategy.java:deleteChunk(327)) - Deleted chunk file /tmp/junit-7470066221807919876/hdds/77318849-ee35-4bf2-a60c-263a9eb5ea8a/current/containerDir0/114109937846321418/chunks/114109937854513498_chunk_0_block_79 (size 100) for chunk ChunkInfo{chunkName='114109937854513498_chunk_0_block_79, offset=0, len=100}
2025-03-05 12:57:51,810 [BlockDeletingService#0] INFO  impl.FilePerChunkStrategy (FilePerChunkStrategy.java:deleteChunk(327)) - Deleted chunk file /tmp/junit-7470066221807919876/hdds/77318849-ee35-4bf2-a60c-263a9eb5ea8a/current/containerDir0/114109937846321418/chunks/114109937854579035_chunk_0_block_80 (size 100) for chunk ChunkInfo{chunkName='114109937854579035_chunk_0_block_80, offset=0, len=100}
2025-03-05 12:57:51,810 [BlockDeletingService#0] INFO  impl.FilePerChunkStrategy (FilePerChunkStrategy.java:deleteChunk(327)) - Deleted chunk file /tmp/junit-7470066221807919876/hdds/77318849-ee35-4bf2-a60c-263a9eb5ea8a/current/containerDir0/114109937846321418/chunks/114109937854644572_chunk_0_block_81 (size 100) for chunk ChunkInfo{chunkName='114109937854644572_chunk_0_block_81, offset=0, len=100}
2025-03-05 12:57:51,811 [BlockDeletingService#0] INFO  impl.FilePerChunkStrategy (FilePerChunkStrategy.java:deleteChunk(327)) - Deleted chunk file /tmp/junit-7470066221807919876/hdds/77318849-ee35-4bf2-a60c-263a9eb5ea8a/current/containerDir0/114109937846321418/chunks/114109937854710109_chunk_0_block_82 (size 100) for chunk ChunkInfo{chunkName='114109937854710109_chunk_0_block_82, offset=0, len=100}
2025-03-05 12:57:51,811 [BlockDeletingService#0] INFO  impl.FilePerChunkStrategy (FilePerChunkStrategy.java:deleteChunk(327)) - Deleted chunk file /tmp/junit-7470066221807919876/hdds/77318849-ee35-4bf2-a60c-263a9eb5ea8a/current/containerDir0/114109937846321418/chunks/114109937854775646_chunk_0_block_83 (size 100) for chunk ChunkInfo{chunkName='114109937854775646_chunk_0_block_83, offset=0, len=100}
2025-03-05 12:57:51,811 [BlockDeletingService#0] INFO  impl.FilePerChunkStrategy (FilePerChunkStrategy.java:deleteChunk(327)) - Deleted chunk file /tmp/junit-7470066221807919876/hdds/77318849-ee35-4bf2-a60c-263a9eb5ea8a/current/containerDir0/114109937846321418/chunks/114109937854841183_chunk_0_block_84 (size 100) for chunk ChunkInfo{chunkName='114109937854841183_chunk_0_block_84, offset=0, len=100}
2025-03-05 12:57:51,811 [BlockDeletingService#0] INFO  impl.FilePerChunkStrategy (FilePerChunkStrategy.java:deleteChunk(327)) - Deleted chunk file /tmp/junit-7470066221807919876/hdds/77318849-ee35-4bf2-a60c-263a9eb5ea8a/current/containerDir0/114109937846321418/chunks/114109937854972256_chunk_0_block_85 (size 100) for chunk ChunkInfo{chunkName='114109937854972256_chunk_0_block_85, offset=0, len=100}
2025-03-05 12:57:51,812 [BlockDeletingService#0] INFO  impl.FilePerChunkStrategy (FilePerChunkStrategy.java:deleteChunk(327)) - Deleted chunk file /tmp/junit-7470066221807919876/hdds/77318849-ee35-4bf2-a60c-263a9eb5ea8a/current/containerDir0/114109937846321418/chunks/114109937855037793_chunk_0_block_86 (size 100) for chunk ChunkInfo{chunkName='114109937855037793_chunk_0_block_86, offset=0, len=100}
2025-03-05 12:57:51,812 [BlockDeletingService#0] INFO  impl.FilePerChunkStrategy (FilePerChunkStrategy.java:deleteChunk(327)) - Deleted chunk file /tmp/junit-7470066221807919876/hdds/77318849-ee35-4bf2-a60c-263a9eb5ea8a/current/containerDir0/114109937846321418/chunks/114109937855103330_chunk_0_block_87 (size 100) for chunk ChunkInfo{chunkName='114109937855103330_chunk_0_block_87, offset=0, len=100}
2025-03-05 12:57:51,812 [BlockDeletingService#0] INFO  impl.FilePerChunkStrategy (FilePerChunkStrategy.java:deleteChunk(327)) - Deleted chunk file /tmp/junit-7470066221807919876/hdds/77318849-ee35-4bf2-a60c-263a9eb5ea8a/current/containerDir0/114109937846321418/chunks/114109937855168867_chunk_0_block_88 (size 100) for chunk ChunkInfo{chunkName='114109937855168867_chunk_0_block_88, offset=0, len=100}
2025-03-05 12:57:51,812 [BlockDeletingService#0] INFO  impl.FilePerChunkStrategy (FilePerChunkStrategy.java:deleteChunk(327)) - Deleted chunk file /tmp/junit-7470066221807919876/hdds/77318849-ee35-4bf2-a60c-263a9eb5ea8a/current/containerDir0/114109937846321418/chunks/114109937855234404_chunk_0_block_89 (size 100) for chunk ChunkInfo{chunkName='114109937855234404_chunk_0_block_89, offset=0, len=100}
2025-03-05 12:57:51,812 [BlockDeletingService#0] INFO  impl.FilePerChunkStrategy (FilePerChunkStrategy.java:deleteChunk(327)) - Deleted chunk file /tmp/junit-7470066221807919876/hdds/77318849-ee35-4bf2-a60c-263a9eb5ea8a/current/containerDir0/114109937846321418/chunks/114109937855365477_chunk_0_block_90 (size 100) for chunk ChunkInfo{chunkName='114109937855365477_chunk_0_block_90, offset=0, len=100}
2025-03-05 12:57:51,813 [BlockDeletingService#0] INFO  impl.FilePerChunkStrategy (FilePerChunkStrategy.java:deleteChunk(327)) - Deleted chunk file /tmp/junit-7470066221807919876/hdds/77318849-ee35-4bf2-a60c-263a9eb5ea8a/current/containerDir0/114109937846321418/chunks/114109937855431014_chunk_0_block_91 (size 100) for chunk ChunkInfo{chunkName='114109937855431014_chunk_0_block_91, offset=0, len=100}
2025-03-05 12:57:51,813 [BlockDeletingService#0] INFO  impl.FilePerChunkStrategy (FilePerChunkStrategy.java:deleteChunk(327)) - Deleted chunk file /tmp/junit-7470066221807919876/hdds/77318849-ee35-4bf2-a60c-263a9eb5ea8a/current/containerDir0/114109937846321418/chunks/114109937855496551_chunk_0_block_92 (size 100) for chunk ChunkInfo{chunkName='114109937855496551_chunk_0_block_92, offset=0, len=100}
2025-03-05 12:57:51,813 [BlockDeletingService#0] INFO  impl.FilePerChunkStrategy (FilePerChunkStrategy.java:deleteChunk(327)) - Deleted chunk file /tmp/junit-7470066221807919876/hdds/77318849-ee35-4bf2-a60c-263a9eb5ea8a/current/containerDir0/114109937846321418/chunks/114109937855562088_chunk_0_block_93 (size 100) for chunk ChunkInfo{chunkName='114109937855562088_chunk_0_block_93, offset=0, len=100}
2025-03-05 12:57:51,813 [BlockDeletingService#0] INFO  impl.FilePerChunkStrategy (FilePerChunkStrategy.java:deleteChunk(327)) - Deleted chunk file /tmp/junit-7470066221807919876/hdds/77318849-ee35-4bf2-a60c-263a9eb5ea8a/current/containerDir0/114109937846321418/chunks/114109937855627625_chunk_0_block_94 (size 100) for chunk ChunkInfo{chunkName='114109937855627625_chunk_0_block_94, offset=0, len=100}
2025-03-05 12:57:51,814 [BlockDeletingService#0] INFO  impl.FilePerChunkStrategy (FilePerChunkStrategy.java:deleteChunk(327)) - Deleted chunk file /tmp/junit-7470066221807919876/hdds/77318849-ee35-4bf2-a60c-263a9eb5ea8a/current/containerDir0/114109937846321418/chunks/114109937855693162_chunk_0_block_95 (size 100) for chunk ChunkInfo{chunkName='114109937855693162_chunk_0_block_95, offset=0, len=100}
2025-03-05 12:57:51,814 [BlockDeletingService#0] INFO  impl.FilePerChunkStrategy (FilePerChunkStrategy.java:deleteChunk(327)) - Deleted chunk file /tmp/junit-7470066221807919876/hdds/77318849-ee35-4bf2-a60c-263a9eb5ea8a/current/containerDir0/114109937846321418/chunks/114109937855758699_chunk_0_block_96 (size 100) for chunk ChunkInfo{chunkName='114109937855758699_chunk_0_block_96, offset=0, len=100}
2025-03-05 12:57:51,814 [BlockDeletingService#0] INFO  impl.FilePerChunkStrategy (FilePerChunkStrategy.java:deleteChunk(327)) - Deleted chunk file /tmp/junit-7470066221807919876/hdds/77318849-ee35-4bf2-a60c-263a9eb5ea8a/current/containerDir0/114109937846321418/chunks/114109937855824236_chunk_0_block_97 (size 100) for chunk ChunkInfo{chunkName='114109937855824236_chunk_0_block_97, offset=0, len=100}
2025-03-05 12:57:51,814 [BlockDeletingService#0] INFO  impl.FilePerChunkStrategy (FilePerChunkStrategy.java:deleteChunk(327)) - Deleted chunk file /tmp/junit-7470066221807919876/hdds/77318849-ee35-4bf2-a60c-263a9eb5ea8a/current/containerDir0/114109937846321418/chunks/114109937855824237_chunk_0_block_98 (size 100) for chunk ChunkInfo{chunkName='114109937855824237_chunk_0_block_98, offset=0, len=100}
2025-03-05 12:57:51,815 [BlockDeletingService#0] INFO  impl.FilePerChunkStrategy (FilePerChunkStrategy.java:deleteChunk(327)) - Deleted chunk file /tmp/junit-7470066221807919876/hdds/77318849-ee35-4bf2-a60c-263a9eb5ea8a/current/containerDir0/114109937846321418/chunks/114109937855889774_chunk_0_block_99 (size 100) for chunk ChunkInfo{chunkName='114109937855889774_chunk_0_block_99, offset=0, len=100}
2025-03-05 12:57:51,820 [BlockDeletingService#0] WARN  utils.BackgroundService (BackgroundService.java:lambda$run$0(151)) - BlockDeletingService Background task execution took 35493791ns > 0ns(timeout)
2025-03-05 12:57:51,883 [main] INFO  utils.BackgroundService (BackgroundService.java:shutdown(162)) - Shutting down service BlockDeletingService
]]></system-out>
  </testcase>
  <testcase name="testShutdownService(ContainerTestVersionInfo)[4]" classname="org.apache.hadoop.ozone.container.common.TestBlockDeletingService" time="0.485">
    <system-out><![CDATA[2025-03-05 12:57:51,893 [main] INFO  db.CodecBuffer (CodecBuffer.java:set(62)) - Successfully set constructor to LeakDetector::newCodecBuffer: org.apache.hadoop.hdds.utils.db.CodecBuffer$$Lambda/0x00007ff600206790@3b809711
2025-03-05 12:57:51,908 [main] INFO  volume.HddsVolume (HddsVolume.java:<init>(132)) - Creating HddsVolume: /tmp/junit-5669182903122972866/hdds of storage type: DISK, capacity=9222449699674390527, used=0, available=9222449699674390527
2025-03-05 12:57:51,909 [main] INFO  volume.MutableVolumeSet (MutableVolumeSet.java:initializeVolumeSet(169)) - Added Volume : /tmp/junit-5669182903122972866/hdds to VolumeSet
2025-03-05 12:57:51,939 [main] INFO  utils.DatanodeStoreCache (DatanodeStoreCache.java:addDB(71)) - Added db /tmp/junit-5669182903122972866/hdds/54b512ba-f2cd-4447-8d48-820ce2d7af96/DS-952eb976-92ec-4d5c-bf37-c18e784b6c53/container.db to cache
2025-03-05 12:57:51,939 [main] INFO  volume.HddsVolume (HddsVolume.java:createDbStore(446)) - SchemaV3 db is created and loaded at /tmp/junit-5669182903122972866/hdds/54b512ba-f2cd-4447-8d48-820ce2d7af96/DS-952eb976-92ec-4d5c-bf37-c18e784b6c53/container.db for volume DS-952eb976-92ec-4d5c-bf37-c18e784b6c53
2025-03-05 12:57:51,941 [main] INFO  impl.FilePerChunkStrategy (FilePerChunkStrategy.java:<init>(79)) - ozone.chunk.read.mapped.buffer.max.count is load with 0
2025-03-05 12:57:52,070 [main] INFO  impl.FilePerChunkStrategy (FilePerChunkStrategy.java:<init>(79)) - ozone.chunk.read.mapped.buffer.max.count is load with 0
2025-03-05 12:57:52,071 [main] INFO  impl.FilePerBlockStrategy (FilePerBlockStrategy.java:<init>(87)) - ozone.chunk.read.mapped.buffer.max.count is load with 0
2025-03-05 12:57:52,174 [BlockDeletingService#0] INFO  interfaces.ContainerDeletionChoosingPolicyTemplate (ContainerDeletionChoosingPolicyTemplate.java:chooseContainerForBlockDeletion(83)) - Chosen 100/4900 blocks from 1 candidate containers.
2025-03-05 12:57:52,180 [BlockDeletingService#0] INFO  impl.FilePerChunkStrategy (FilePerChunkStrategy.java:deleteChunk(327)) - Deleted chunk file /tmp/junit-5669182903122972866/hdds/54b512ba-f2cd-4447-8d48-820ce2d7af96/current/containerDir128/114109937873781103/chunks/114109937874043248_chunk_0_block_0 (size 100) for chunk ChunkInfo{chunkName='114109937874043248_chunk_0_block_0, offset=0, len=100}
2025-03-05 12:57:52,180 [BlockDeletingService#0] INFO  impl.FilePerChunkStrategy (FilePerChunkStrategy.java:deleteChunk(327)) - Deleted chunk file /tmp/junit-5669182903122972866/hdds/54b512ba-f2cd-4447-8d48-820ce2d7af96/current/containerDir128/114109937873781103/chunks/114109937874764153_chunk_0_block_9 (size 100) for chunk ChunkInfo{chunkName='114109937874764153_chunk_0_block_9, offset=0, len=100}
2025-03-05 12:57:52,180 [BlockDeletingService#0] INFO  impl.FilePerChunkStrategy (FilePerChunkStrategy.java:deleteChunk(327)) - Deleted chunk file /tmp/junit-5669182903122972866/hdds/54b512ba-f2cd-4447-8d48-820ce2d7af96/current/containerDir128/114109937873781103/chunks/114109937881448915_chunk_0_block_99 (size 100) for chunk ChunkInfo{chunkName='114109937881448915_chunk_0_block_99, offset=0, len=100}
2025-03-05 12:57:52,180 [BlockDeletingService#0] INFO  impl.FilePerChunkStrategy (FilePerChunkStrategy.java:deleteChunk(327)) - Deleted chunk file /tmp/junit-5669182903122972866/hdds/54b512ba-f2cd-4447-8d48-820ce2d7af96/current/containerDir128/114109937873781103/chunks/114109937874829690_chunk_0_block_10 (size 100) for chunk ChunkInfo{chunkName='114109937874829690_chunk_0_block_10, offset=0, len=100}
2025-03-05 12:57:52,181 [BlockDeletingService#0] INFO  impl.FilePerChunkStrategy (FilePerChunkStrategy.java:deleteChunk(327)) - Deleted chunk file /tmp/junit-5669182903122972866/hdds/54b512ba-f2cd-4447-8d48-820ce2d7af96/current/containerDir128/114109937873781103/chunks/114109937874895227_chunk_0_block_11 (size 100) for chunk ChunkInfo{chunkName='114109937874895227_chunk_0_block_11, offset=0, len=100}
2025-03-05 12:57:52,181 [BlockDeletingService#0] INFO  impl.FilePerChunkStrategy (FilePerChunkStrategy.java:deleteChunk(327)) - Deleted chunk file /tmp/junit-5669182903122972866/hdds/54b512ba-f2cd-4447-8d48-820ce2d7af96/current/containerDir128/114109937873781103/chunks/114109937874960764_chunk_0_block_12 (size 100) for chunk ChunkInfo{chunkName='114109937874960764_chunk_0_block_12, offset=0, len=100}
2025-03-05 12:57:52,181 [BlockDeletingService#0] INFO  impl.FilePerChunkStrategy (FilePerChunkStrategy.java:deleteChunk(327)) - Deleted chunk file /tmp/junit-5669182903122972866/hdds/54b512ba-f2cd-4447-8d48-820ce2d7af96/current/containerDir128/114109937873781103/chunks/114109937875026301_chunk_0_block_13 (size 100) for chunk ChunkInfo{chunkName='114109937875026301_chunk_0_block_13, offset=0, len=100}
2025-03-05 12:57:52,182 [BlockDeletingService#0] INFO  impl.FilePerChunkStrategy (FilePerChunkStrategy.java:deleteChunk(327)) - Deleted chunk file /tmp/junit-5669182903122972866/hdds/54b512ba-f2cd-4447-8d48-820ce2d7af96/current/containerDir128/114109937873781103/chunks/114109937875091838_chunk_0_block_14 (size 100) for chunk ChunkInfo{chunkName='114109937875091838_chunk_0_block_14, offset=0, len=100}
2025-03-05 12:57:52,182 [BlockDeletingService#0] INFO  impl.FilePerChunkStrategy (FilePerChunkStrategy.java:deleteChunk(327)) - Deleted chunk file /tmp/junit-5669182903122972866/hdds/54b512ba-f2cd-4447-8d48-820ce2d7af96/current/containerDir128/114109937873781103/chunks/114109937875157375_chunk_0_block_15 (size 100) for chunk ChunkInfo{chunkName='114109937875157375_chunk_0_block_15, offset=0, len=100}
2025-03-05 12:57:52,182 [BlockDeletingService#0] INFO  impl.FilePerChunkStrategy (FilePerChunkStrategy.java:deleteChunk(327)) - Deleted chunk file /tmp/junit-5669182903122972866/hdds/54b512ba-f2cd-4447-8d48-820ce2d7af96/current/containerDir128/114109937873781103/chunks/114109937875222912_chunk_0_block_16 (size 100) for chunk ChunkInfo{chunkName='114109937875222912_chunk_0_block_16, offset=0, len=100}
2025-03-05 12:57:52,182 [BlockDeletingService#0] INFO  impl.FilePerChunkStrategy (FilePerChunkStrategy.java:deleteChunk(327)) - Deleted chunk file /tmp/junit-5669182903122972866/hdds/54b512ba-f2cd-4447-8d48-820ce2d7af96/current/containerDir128/114109937873781103/chunks/114109937875288449_chunk_0_block_17 (size 100) for chunk ChunkInfo{chunkName='114109937875288449_chunk_0_block_17, offset=0, len=100}
2025-03-05 12:57:52,183 [BlockDeletingService#0] INFO  impl.FilePerChunkStrategy (FilePerChunkStrategy.java:deleteChunk(327)) - Deleted chunk file /tmp/junit-5669182903122972866/hdds/54b512ba-f2cd-4447-8d48-820ce2d7af96/current/containerDir128/114109937873781103/chunks/114109937875353986_chunk_0_block_18 (size 100) for chunk ChunkInfo{chunkName='114109937875353986_chunk_0_block_18, offset=0, len=100}
2025-03-05 12:57:52,183 [BlockDeletingService#0] INFO  impl.FilePerChunkStrategy (FilePerChunkStrategy.java:deleteChunk(327)) - Deleted chunk file /tmp/junit-5669182903122972866/hdds/54b512ba-f2cd-4447-8d48-820ce2d7af96/current/containerDir128/114109937873781103/chunks/114109937874174321_chunk_0_block_1 (size 100) for chunk ChunkInfo{chunkName='114109937874174321_chunk_0_block_1, offset=0, len=100}
2025-03-05 12:57:52,183 [BlockDeletingService#0] INFO  impl.FilePerChunkStrategy (FilePerChunkStrategy.java:deleteChunk(327)) - Deleted chunk file /tmp/junit-5669182903122972866/hdds/54b512ba-f2cd-4447-8d48-820ce2d7af96/current/containerDir128/114109937873781103/chunks/114109937875485059_chunk_0_block_19 (size 100) for chunk ChunkInfo{chunkName='114109937875485059_chunk_0_block_19, offset=0, len=100}
2025-03-05 12:57:52,183 [BlockDeletingService#0] INFO  impl.FilePerChunkStrategy (FilePerChunkStrategy.java:deleteChunk(327)) - Deleted chunk file /tmp/junit-5669182903122972866/hdds/54b512ba-f2cd-4447-8d48-820ce2d7af96/current/containerDir128/114109937873781103/chunks/114109937875485060_chunk_0_block_20 (size 100) for chunk ChunkInfo{chunkName='114109937875485060_chunk_0_block_20, offset=0, len=100}
2025-03-05 12:57:52,184 [BlockDeletingService#0] INFO  impl.FilePerChunkStrategy (FilePerChunkStrategy.java:deleteChunk(327)) - Deleted chunk file /tmp/junit-5669182903122972866/hdds/54b512ba-f2cd-4447-8d48-820ce2d7af96/current/containerDir128/114109937873781103/chunks/114109937875550597_chunk_0_block_21 (size 100) for chunk ChunkInfo{chunkName='114109937875550597_chunk_0_block_21, offset=0, len=100}
2025-03-05 12:57:52,184 [BlockDeletingService#0] INFO  impl.FilePerChunkStrategy (FilePerChunkStrategy.java:deleteChunk(327)) - Deleted chunk file /tmp/junit-5669182903122972866/hdds/54b512ba-f2cd-4447-8d48-820ce2d7af96/current/containerDir128/114109937873781103/chunks/114109937875616134_chunk_0_block_22 (size 100) for chunk ChunkInfo{chunkName='114109937875616134_chunk_0_block_22, offset=0, len=100}
2025-03-05 12:57:52,184 [BlockDeletingService#0] INFO  impl.FilePerChunkStrategy (FilePerChunkStrategy.java:deleteChunk(327)) - Deleted chunk file /tmp/junit-5669182903122972866/hdds/54b512ba-f2cd-4447-8d48-820ce2d7af96/current/containerDir128/114109937873781103/chunks/114109937875681671_chunk_0_block_23 (size 100) for chunk ChunkInfo{chunkName='114109937875681671_chunk_0_block_23, offset=0, len=100}
2025-03-05 12:57:52,184 [BlockDeletingService#0] INFO  impl.FilePerChunkStrategy (FilePerChunkStrategy.java:deleteChunk(327)) - Deleted chunk file /tmp/junit-5669182903122972866/hdds/54b512ba-f2cd-4447-8d48-820ce2d7af96/current/containerDir128/114109937873781103/chunks/114109937875747208_chunk_0_block_24 (size 100) for chunk ChunkInfo{chunkName='114109937875747208_chunk_0_block_24, offset=0, len=100}
2025-03-05 12:57:52,185 [BlockDeletingService#0] INFO  impl.FilePerChunkStrategy (FilePerChunkStrategy.java:deleteChunk(327)) - Deleted chunk file /tmp/junit-5669182903122972866/hdds/54b512ba-f2cd-4447-8d48-820ce2d7af96/current/containerDir128/114109937873781103/chunks/114109937875812745_chunk_0_block_25 (size 100) for chunk ChunkInfo{chunkName='114109937875812745_chunk_0_block_25, offset=0, len=100}
2025-03-05 12:57:52,185 [BlockDeletingService#0] INFO  impl.FilePerChunkStrategy (FilePerChunkStrategy.java:deleteChunk(327)) - Deleted chunk file /tmp/junit-5669182903122972866/hdds/54b512ba-f2cd-4447-8d48-820ce2d7af96/current/containerDir128/114109937873781103/chunks/114109937875943818_chunk_0_block_26 (size 100) for chunk ChunkInfo{chunkName='114109937875943818_chunk_0_block_26, offset=0, len=100}
2025-03-05 12:57:52,185 [BlockDeletingService#0] INFO  impl.FilePerChunkStrategy (FilePerChunkStrategy.java:deleteChunk(327)) - Deleted chunk file /tmp/junit-5669182903122972866/hdds/54b512ba-f2cd-4447-8d48-820ce2d7af96/current/containerDir128/114109937873781103/chunks/114109937876009355_chunk_0_block_27 (size 100) for chunk ChunkInfo{chunkName='114109937876009355_chunk_0_block_27, offset=0, len=100}
2025-03-05 12:57:52,185 [BlockDeletingService#0] INFO  impl.FilePerChunkStrategy (FilePerChunkStrategy.java:deleteChunk(327)) - Deleted chunk file /tmp/junit-5669182903122972866/hdds/54b512ba-f2cd-4447-8d48-820ce2d7af96/current/containerDir128/114109937873781103/chunks/114109937876074892_chunk_0_block_28 (size 100) for chunk ChunkInfo{chunkName='114109937876074892_chunk_0_block_28, offset=0, len=100}
2025-03-05 12:57:52,186 [BlockDeletingService#0] INFO  impl.FilePerChunkStrategy (FilePerChunkStrategy.java:deleteChunk(327)) - Deleted chunk file /tmp/junit-5669182903122972866/hdds/54b512ba-f2cd-4447-8d48-820ce2d7af96/current/containerDir128/114109937873781103/chunks/114109937874305394_chunk_0_block_2 (size 100) for chunk ChunkInfo{chunkName='114109937874305394_chunk_0_block_2, offset=0, len=100}
2025-03-05 12:57:52,186 [BlockDeletingService#0] INFO  impl.FilePerChunkStrategy (FilePerChunkStrategy.java:deleteChunk(327)) - Deleted chunk file /tmp/junit-5669182903122972866/hdds/54b512ba-f2cd-4447-8d48-820ce2d7af96/current/containerDir128/114109937873781103/chunks/114109937876205965_chunk_0_block_29 (size 100) for chunk ChunkInfo{chunkName='114109937876205965_chunk_0_block_29, offset=0, len=100}
2025-03-05 12:57:52,186 [BlockDeletingService#0] INFO  impl.FilePerChunkStrategy (FilePerChunkStrategy.java:deleteChunk(327)) - Deleted chunk file /tmp/junit-5669182903122972866/hdds/54b512ba-f2cd-4447-8d48-820ce2d7af96/current/containerDir128/114109937873781103/chunks/114109937876271502_chunk_0_block_30 (size 100) for chunk ChunkInfo{chunkName='114109937876271502_chunk_0_block_30, offset=0, len=100}
2025-03-05 12:57:52,186 [BlockDeletingService#0] INFO  impl.FilePerChunkStrategy (FilePerChunkStrategy.java:deleteChunk(327)) - Deleted chunk file /tmp/junit-5669182903122972866/hdds/54b512ba-f2cd-4447-8d48-820ce2d7af96/current/containerDir128/114109937873781103/chunks/114109937876337039_chunk_0_block_31 (size 100) for chunk ChunkInfo{chunkName='114109937876337039_chunk_0_block_31, offset=0, len=100}
2025-03-05 12:57:52,187 [BlockDeletingService#0] INFO  impl.FilePerChunkStrategy (FilePerChunkStrategy.java:deleteChunk(327)) - Deleted chunk file /tmp/junit-5669182903122972866/hdds/54b512ba-f2cd-4447-8d48-820ce2d7af96/current/containerDir128/114109937873781103/chunks/114109937876402576_chunk_0_block_32 (size 100) for chunk ChunkInfo{chunkName='114109937876402576_chunk_0_block_32, offset=0, len=100}
2025-03-05 12:57:52,187 [BlockDeletingService#0] INFO  impl.FilePerChunkStrategy (FilePerChunkStrategy.java:deleteChunk(327)) - Deleted chunk file /tmp/junit-5669182903122972866/hdds/54b512ba-f2cd-4447-8d48-820ce2d7af96/current/containerDir128/114109937873781103/chunks/114109937876468113_chunk_0_block_33 (size 100) for chunk ChunkInfo{chunkName='114109937876468113_chunk_0_block_33, offset=0, len=100}
2025-03-05 12:57:52,187 [BlockDeletingService#0] INFO  impl.FilePerChunkStrategy (FilePerChunkStrategy.java:deleteChunk(327)) - Deleted chunk file /tmp/junit-5669182903122972866/hdds/54b512ba-f2cd-4447-8d48-820ce2d7af96/current/containerDir128/114109937873781103/chunks/114109937876599186_chunk_0_block_34 (size 100) for chunk ChunkInfo{chunkName='114109937876599186_chunk_0_block_34, offset=0, len=100}
2025-03-05 12:57:52,187 [BlockDeletingService#0] INFO  impl.FilePerChunkStrategy (FilePerChunkStrategy.java:deleteChunk(327)) - Deleted chunk file /tmp/junit-5669182903122972866/hdds/54b512ba-f2cd-4447-8d48-820ce2d7af96/current/containerDir128/114109937873781103/chunks/114109937876664723_chunk_0_block_35 (size 100) for chunk ChunkInfo{chunkName='114109937876664723_chunk_0_block_35, offset=0, len=100}
2025-03-05 12:57:52,188 [BlockDeletingService#0] INFO  impl.FilePerChunkStrategy (FilePerChunkStrategy.java:deleteChunk(327)) - Deleted chunk file /tmp/junit-5669182903122972866/hdds/54b512ba-f2cd-4447-8d48-820ce2d7af96/current/containerDir128/114109937873781103/chunks/114109937876730260_chunk_0_block_36 (size 100) for chunk ChunkInfo{chunkName='114109937876730260_chunk_0_block_36, offset=0, len=100}
2025-03-05 12:57:52,188 [BlockDeletingService#0] INFO  impl.FilePerChunkStrategy (FilePerChunkStrategy.java:deleteChunk(327)) - Deleted chunk file /tmp/junit-5669182903122972866/hdds/54b512ba-f2cd-4447-8d48-820ce2d7af96/current/containerDir128/114109937873781103/chunks/114109937876795797_chunk_0_block_37 (size 100) for chunk ChunkInfo{chunkName='114109937876795797_chunk_0_block_37, offset=0, len=100}
2025-03-05 12:57:52,188 [BlockDeletingService#0] INFO  impl.FilePerChunkStrategy (FilePerChunkStrategy.java:deleteChunk(327)) - Deleted chunk file /tmp/junit-5669182903122972866/hdds/54b512ba-f2cd-4447-8d48-820ce2d7af96/current/containerDir128/114109937873781103/chunks/114109937876861334_chunk_0_block_38 (size 100) for chunk ChunkInfo{chunkName='114109937876861334_chunk_0_block_38, offset=0, len=100}
2025-03-05 12:57:52,188 [BlockDeletingService#0] INFO  impl.FilePerChunkStrategy (FilePerChunkStrategy.java:deleteChunk(327)) - Deleted chunk file /tmp/junit-5669182903122972866/hdds/54b512ba-f2cd-4447-8d48-820ce2d7af96/current/containerDir128/114109937873781103/chunks/114109937874370931_chunk_0_block_3 (size 100) for chunk ChunkInfo{chunkName='114109937874370931_chunk_0_block_3, offset=0, len=100}
2025-03-05 12:57:52,189 [BlockDeletingService#0] INFO  impl.FilePerChunkStrategy (FilePerChunkStrategy.java:deleteChunk(327)) - Deleted chunk file /tmp/junit-5669182903122972866/hdds/54b512ba-f2cd-4447-8d48-820ce2d7af96/current/containerDir128/114109937873781103/chunks/114109937876926871_chunk_0_block_39 (size 100) for chunk ChunkInfo{chunkName='114109937876926871_chunk_0_block_39, offset=0, len=100}
2025-03-05 12:57:52,189 [BlockDeletingService#0] INFO  impl.FilePerChunkStrategy (FilePerChunkStrategy.java:deleteChunk(327)) - Deleted chunk file /tmp/junit-5669182903122972866/hdds/54b512ba-f2cd-4447-8d48-820ce2d7af96/current/containerDir128/114109937873781103/chunks/114109937876992408_chunk_0_block_40 (size 100) for chunk ChunkInfo{chunkName='114109937876992408_chunk_0_block_40, offset=0, len=100}
2025-03-05 12:57:52,189 [BlockDeletingService#0] INFO  impl.FilePerChunkStrategy (FilePerChunkStrategy.java:deleteChunk(327)) - Deleted chunk file /tmp/junit-5669182903122972866/hdds/54b512ba-f2cd-4447-8d48-820ce2d7af96/current/containerDir128/114109937873781103/chunks/114109937877123481_chunk_0_block_41 (size 100) for chunk ChunkInfo{chunkName='114109937877123481_chunk_0_block_41, offset=0, len=100}
2025-03-05 12:57:52,189 [BlockDeletingService#0] INFO  impl.FilePerChunkStrategy (FilePerChunkStrategy.java:deleteChunk(327)) - Deleted chunk file /tmp/junit-5669182903122972866/hdds/54b512ba-f2cd-4447-8d48-820ce2d7af96/current/containerDir128/114109937873781103/chunks/114109937877189018_chunk_0_block_42 (size 100) for chunk ChunkInfo{chunkName='114109937877189018_chunk_0_block_42, offset=0, len=100}
2025-03-05 12:57:52,190 [BlockDeletingService#0] INFO  impl.FilePerChunkStrategy (FilePerChunkStrategy.java:deleteChunk(327)) - Deleted chunk file /tmp/junit-5669182903122972866/hdds/54b512ba-f2cd-4447-8d48-820ce2d7af96/current/containerDir128/114109937873781103/chunks/114109937877254555_chunk_0_block_43 (size 100) for chunk ChunkInfo{chunkName='114109937877254555_chunk_0_block_43, offset=0, len=100}
2025-03-05 12:57:52,190 [BlockDeletingService#0] INFO  impl.FilePerChunkStrategy (FilePerChunkStrategy.java:deleteChunk(327)) - Deleted chunk file /tmp/junit-5669182903122972866/hdds/54b512ba-f2cd-4447-8d48-820ce2d7af96/current/containerDir128/114109937873781103/chunks/114109937877320092_chunk_0_block_44 (size 100) for chunk ChunkInfo{chunkName='114109937877320092_chunk_0_block_44, offset=0, len=100}
2025-03-05 12:57:52,190 [BlockDeletingService#0] INFO  impl.FilePerChunkStrategy (FilePerChunkStrategy.java:deleteChunk(327)) - Deleted chunk file /tmp/junit-5669182903122972866/hdds/54b512ba-f2cd-4447-8d48-820ce2d7af96/current/containerDir128/114109937873781103/chunks/114109937877451165_chunk_0_block_45 (size 100) for chunk ChunkInfo{chunkName='114109937877451165_chunk_0_block_45, offset=0, len=100}
2025-03-05 12:57:52,190 [BlockDeletingService#0] INFO  impl.FilePerChunkStrategy (FilePerChunkStrategy.java:deleteChunk(327)) - Deleted chunk file /tmp/junit-5669182903122972866/hdds/54b512ba-f2cd-4447-8d48-820ce2d7af96/current/containerDir128/114109937873781103/chunks/114109937877516702_chunk_0_block_46 (size 100) for chunk ChunkInfo{chunkName='114109937877516702_chunk_0_block_46, offset=0, len=100}
2025-03-05 12:57:52,191 [BlockDeletingService#0] INFO  impl.FilePerChunkStrategy (FilePerChunkStrategy.java:deleteChunk(327)) - Deleted chunk file /tmp/junit-5669182903122972866/hdds/54b512ba-f2cd-4447-8d48-820ce2d7af96/current/containerDir128/114109937873781103/chunks/114109937877582239_chunk_0_block_47 (size 100) for chunk ChunkInfo{chunkName='114109937877582239_chunk_0_block_47, offset=0, len=100}
2025-03-05 12:57:52,191 [BlockDeletingService#0] INFO  impl.FilePerChunkStrategy (FilePerChunkStrategy.java:deleteChunk(327)) - Deleted chunk file /tmp/junit-5669182903122972866/hdds/54b512ba-f2cd-4447-8d48-820ce2d7af96/current/containerDir128/114109937873781103/chunks/114109937877647776_chunk_0_block_48 (size 100) for chunk ChunkInfo{chunkName='114109937877647776_chunk_0_block_48, offset=0, len=100}
2025-03-05 12:57:52,191 [BlockDeletingService#0] INFO  impl.FilePerChunkStrategy (FilePerChunkStrategy.java:deleteChunk(327)) - Deleted chunk file /tmp/junit-5669182903122972866/hdds/54b512ba-f2cd-4447-8d48-820ce2d7af96/current/containerDir128/114109937873781103/chunks/114109937874436468_chunk_0_block_4 (size 100) for chunk ChunkInfo{chunkName='114109937874436468_chunk_0_block_4, offset=0, len=100}
2025-03-05 12:57:52,191 [BlockDeletingService#0] INFO  impl.FilePerChunkStrategy (FilePerChunkStrategy.java:deleteChunk(327)) - Deleted chunk file /tmp/junit-5669182903122972866/hdds/54b512ba-f2cd-4447-8d48-820ce2d7af96/current/containerDir128/114109937873781103/chunks/114109937877713313_chunk_0_block_49 (size 100) for chunk ChunkInfo{chunkName='114109937877713313_chunk_0_block_49, offset=0, len=100}
2025-03-05 12:57:52,192 [BlockDeletingService#0] INFO  impl.FilePerChunkStrategy (FilePerChunkStrategy.java:deleteChunk(327)) - Deleted chunk file /tmp/junit-5669182903122972866/hdds/54b512ba-f2cd-4447-8d48-820ce2d7af96/current/containerDir128/114109937873781103/chunks/114109937877778850_chunk_0_block_50 (size 100) for chunk ChunkInfo{chunkName='114109937877778850_chunk_0_block_50, offset=0, len=100}
2025-03-05 12:57:52,192 [BlockDeletingService#0] INFO  impl.FilePerChunkStrategy (FilePerChunkStrategy.java:deleteChunk(327)) - Deleted chunk file /tmp/junit-5669182903122972866/hdds/54b512ba-f2cd-4447-8d48-820ce2d7af96/current/containerDir128/114109937873781103/chunks/114109937877844387_chunk_0_block_51 (size 100) for chunk ChunkInfo{chunkName='114109937877844387_chunk_0_block_51, offset=0, len=100}
2025-03-05 12:57:52,192 [BlockDeletingService#0] INFO  impl.FilePerChunkStrategy (FilePerChunkStrategy.java:deleteChunk(327)) - Deleted chunk file /tmp/junit-5669182903122972866/hdds/54b512ba-f2cd-4447-8d48-820ce2d7af96/current/containerDir128/114109937873781103/chunks/114109937877909924_chunk_0_block_52 (size 100) for chunk ChunkInfo{chunkName='114109937877909924_chunk_0_block_52, offset=0, len=100}
2025-03-05 12:57:52,192 [BlockDeletingService#0] INFO  impl.FilePerChunkStrategy (FilePerChunkStrategy.java:deleteChunk(327)) - Deleted chunk file /tmp/junit-5669182903122972866/hdds/54b512ba-f2cd-4447-8d48-820ce2d7af96/current/containerDir128/114109937873781103/chunks/114109937878040997_chunk_0_block_53 (size 100) for chunk ChunkInfo{chunkName='114109937878040997_chunk_0_block_53, offset=0, len=100}
2025-03-05 12:57:52,193 [BlockDeletingService#0] INFO  impl.FilePerChunkStrategy (FilePerChunkStrategy.java:deleteChunk(327)) - Deleted chunk file /tmp/junit-5669182903122972866/hdds/54b512ba-f2cd-4447-8d48-820ce2d7af96/current/containerDir128/114109937873781103/chunks/114109937878106534_chunk_0_block_54 (size 100) for chunk ChunkInfo{chunkName='114109937878106534_chunk_0_block_54, offset=0, len=100}
2025-03-05 12:57:52,193 [BlockDeletingService#0] INFO  impl.FilePerChunkStrategy (FilePerChunkStrategy.java:deleteChunk(327)) - Deleted chunk file /tmp/junit-5669182903122972866/hdds/54b512ba-f2cd-4447-8d48-820ce2d7af96/current/containerDir128/114109937873781103/chunks/114109937878172071_chunk_0_block_55 (size 100) for chunk ChunkInfo{chunkName='114109937878172071_chunk_0_block_55, offset=0, len=100}
2025-03-05 12:57:52,193 [BlockDeletingService#0] INFO  impl.FilePerChunkStrategy (FilePerChunkStrategy.java:deleteChunk(327)) - Deleted chunk file /tmp/junit-5669182903122972866/hdds/54b512ba-f2cd-4447-8d48-820ce2d7af96/current/containerDir128/114109937873781103/chunks/114109937878237608_chunk_0_block_56 (size 100) for chunk ChunkInfo{chunkName='114109937878237608_chunk_0_block_56, offset=0, len=100}
2025-03-05 12:57:52,193 [BlockDeletingService#0] INFO  impl.FilePerChunkStrategy (FilePerChunkStrategy.java:deleteChunk(327)) - Deleted chunk file /tmp/junit-5669182903122972866/hdds/54b512ba-f2cd-4447-8d48-820ce2d7af96/current/containerDir128/114109937873781103/chunks/114109937878303145_chunk_0_block_57 (size 100) for chunk ChunkInfo{chunkName='114109937878303145_chunk_0_block_57, offset=0, len=100}
2025-03-05 12:57:52,194 [BlockDeletingService#0] INFO  impl.FilePerChunkStrategy (FilePerChunkStrategy.java:deleteChunk(327)) - Deleted chunk file /tmp/junit-5669182903122972866/hdds/54b512ba-f2cd-4447-8d48-820ce2d7af96/current/containerDir128/114109937873781103/chunks/114109937878434218_chunk_0_block_58 (size 100) for chunk ChunkInfo{chunkName='114109937878434218_chunk_0_block_58, offset=0, len=100}
2025-03-05 12:57:52,194 [BlockDeletingService#0] INFO  impl.FilePerChunkStrategy (FilePerChunkStrategy.java:deleteChunk(327)) - Deleted chunk file /tmp/junit-5669182903122972866/hdds/54b512ba-f2cd-4447-8d48-820ce2d7af96/current/containerDir128/114109937873781103/chunks/114109937874502005_chunk_0_block_5 (size 100) for chunk ChunkInfo{chunkName='114109937874502005_chunk_0_block_5, offset=0, len=100}
2025-03-05 12:57:52,194 [BlockDeletingService#0] INFO  impl.FilePerChunkStrategy (FilePerChunkStrategy.java:deleteChunk(327)) - Deleted chunk file /tmp/junit-5669182903122972866/hdds/54b512ba-f2cd-4447-8d48-820ce2d7af96/current/containerDir128/114109937873781103/chunks/114109937878565291_chunk_0_block_59 (size 100) for chunk ChunkInfo{chunkName='114109937878565291_chunk_0_block_59, offset=0, len=100}
2025-03-05 12:57:52,194 [BlockDeletingService#0] INFO  impl.FilePerChunkStrategy (FilePerChunkStrategy.java:deleteChunk(327)) - Deleted chunk file /tmp/junit-5669182903122972866/hdds/54b512ba-f2cd-4447-8d48-820ce2d7af96/current/containerDir128/114109937873781103/chunks/114109937878630828_chunk_0_block_60 (size 100) for chunk ChunkInfo{chunkName='114109937878630828_chunk_0_block_60, offset=0, len=100}
2025-03-05 12:57:52,195 [BlockDeletingService#0] INFO  impl.FilePerChunkStrategy (FilePerChunkStrategy.java:deleteChunk(327)) - Deleted chunk file /tmp/junit-5669182903122972866/hdds/54b512ba-f2cd-4447-8d48-820ce2d7af96/current/containerDir128/114109937873781103/chunks/114109937878696365_chunk_0_block_61 (size 100) for chunk ChunkInfo{chunkName='114109937878696365_chunk_0_block_61, offset=0, len=100}
2025-03-05 12:57:52,195 [BlockDeletingService#0] INFO  impl.FilePerChunkStrategy (FilePerChunkStrategy.java:deleteChunk(327)) - Deleted chunk file /tmp/junit-5669182903122972866/hdds/54b512ba-f2cd-4447-8d48-820ce2d7af96/current/containerDir128/114109937873781103/chunks/114109937878761902_chunk_0_block_62 (size 100) for chunk ChunkInfo{chunkName='114109937878761902_chunk_0_block_62, offset=0, len=100}
2025-03-05 12:57:52,195 [BlockDeletingService#0] INFO  impl.FilePerChunkStrategy (FilePerChunkStrategy.java:deleteChunk(327)) - Deleted chunk file /tmp/junit-5669182903122972866/hdds/54b512ba-f2cd-4447-8d48-820ce2d7af96/current/containerDir128/114109937873781103/chunks/114109937878827439_chunk_0_block_63 (size 100) for chunk ChunkInfo{chunkName='114109937878827439_chunk_0_block_63, offset=0, len=100}
2025-03-05 12:57:52,195 [BlockDeletingService#0] INFO  impl.FilePerChunkStrategy (FilePerChunkStrategy.java:deleteChunk(327)) - Deleted chunk file /tmp/junit-5669182903122972866/hdds/54b512ba-f2cd-4447-8d48-820ce2d7af96/current/containerDir128/114109937873781103/chunks/114109937878827440_chunk_0_block_64 (size 100) for chunk ChunkInfo{chunkName='114109937878827440_chunk_0_block_64, offset=0, len=100}
2025-03-05 12:57:52,196 [BlockDeletingService#0] INFO  impl.FilePerChunkStrategy (FilePerChunkStrategy.java:deleteChunk(327)) - Deleted chunk file /tmp/junit-5669182903122972866/hdds/54b512ba-f2cd-4447-8d48-820ce2d7af96/current/containerDir128/114109937873781103/chunks/114109937878892977_chunk_0_block_65 (size 100) for chunk ChunkInfo{chunkName='114109937878892977_chunk_0_block_65, offset=0, len=100}
2025-03-05 12:57:52,196 [BlockDeletingService#0] INFO  impl.FilePerChunkStrategy (FilePerChunkStrategy.java:deleteChunk(327)) - Deleted chunk file /tmp/junit-5669182903122972866/hdds/54b512ba-f2cd-4447-8d48-820ce2d7af96/current/containerDir128/114109937873781103/chunks/114109937878958514_chunk_0_block_66 (size 100) for chunk ChunkInfo{chunkName='114109937878958514_chunk_0_block_66, offset=0, len=100}
2025-03-05 12:57:52,196 [BlockDeletingService#0] INFO  impl.FilePerChunkStrategy (FilePerChunkStrategy.java:deleteChunk(327)) - Deleted chunk file /tmp/junit-5669182903122972866/hdds/54b512ba-f2cd-4447-8d48-820ce2d7af96/current/containerDir128/114109937873781103/chunks/114109937879024051_chunk_0_block_67 (size 100) for chunk ChunkInfo{chunkName='114109937879024051_chunk_0_block_67, offset=0, len=100}
2025-03-05 12:57:52,196 [BlockDeletingService#0] INFO  impl.FilePerChunkStrategy (FilePerChunkStrategy.java:deleteChunk(327)) - Deleted chunk file /tmp/junit-5669182903122972866/hdds/54b512ba-f2cd-4447-8d48-820ce2d7af96/current/containerDir128/114109937873781103/chunks/114109937879089588_chunk_0_block_68 (size 100) for chunk ChunkInfo{chunkName='114109937879089588_chunk_0_block_68, offset=0, len=100}
2025-03-05 12:57:52,197 [BlockDeletingService#0] INFO  impl.FilePerChunkStrategy (FilePerChunkStrategy.java:deleteChunk(327)) - Deleted chunk file /tmp/junit-5669182903122972866/hdds/54b512ba-f2cd-4447-8d48-820ce2d7af96/current/containerDir128/114109937873781103/chunks/114109937874567542_chunk_0_block_6 (size 100) for chunk ChunkInfo{chunkName='114109937874567542_chunk_0_block_6, offset=0, len=100}
2025-03-05 12:57:52,197 [BlockDeletingService#0] INFO  impl.FilePerChunkStrategy (FilePerChunkStrategy.java:deleteChunk(327)) - Deleted chunk file /tmp/junit-5669182903122972866/hdds/54b512ba-f2cd-4447-8d48-820ce2d7af96/current/containerDir128/114109937873781103/chunks/114109937879155125_chunk_0_block_69 (size 100) for chunk ChunkInfo{chunkName='114109937879155125_chunk_0_block_69, offset=0, len=100}
2025-03-05 12:57:52,197 [BlockDeletingService#0] INFO  impl.FilePerChunkStrategy (FilePerChunkStrategy.java:deleteChunk(327)) - Deleted chunk file /tmp/junit-5669182903122972866/hdds/54b512ba-f2cd-4447-8d48-820ce2d7af96/current/containerDir128/114109937873781103/chunks/114109937879220662_chunk_0_block_70 (size 100) for chunk ChunkInfo{chunkName='114109937879220662_chunk_0_block_70, offset=0, len=100}
2025-03-05 12:57:52,197 [BlockDeletingService#0] INFO  impl.FilePerChunkStrategy (FilePerChunkStrategy.java:deleteChunk(327)) - Deleted chunk file /tmp/junit-5669182903122972866/hdds/54b512ba-f2cd-4447-8d48-820ce2d7af96/current/containerDir128/114109937873781103/chunks/114109937879417271_chunk_0_block_71 (size 100) for chunk ChunkInfo{chunkName='114109937879417271_chunk_0_block_71, offset=0, len=100}
2025-03-05 12:57:52,198 [BlockDeletingService#0] INFO  impl.FilePerChunkStrategy (FilePerChunkStrategy.java:deleteChunk(327)) - Deleted chunk file /tmp/junit-5669182903122972866/hdds/54b512ba-f2cd-4447-8d48-820ce2d7af96/current/containerDir128/114109937873781103/chunks/114109937879482808_chunk_0_block_72 (size 100) for chunk ChunkInfo{chunkName='114109937879482808_chunk_0_block_72, offset=0, len=100}
2025-03-05 12:57:52,198 [BlockDeletingService#0] INFO  impl.FilePerChunkStrategy (FilePerChunkStrategy.java:deleteChunk(327)) - Deleted chunk file /tmp/junit-5669182903122972866/hdds/54b512ba-f2cd-4447-8d48-820ce2d7af96/current/containerDir128/114109937873781103/chunks/114109937879548345_chunk_0_block_73 (size 100) for chunk ChunkInfo{chunkName='114109937879548345_chunk_0_block_73, offset=0, len=100}
2025-03-05 12:57:52,198 [BlockDeletingService#0] INFO  impl.FilePerChunkStrategy (FilePerChunkStrategy.java:deleteChunk(327)) - Deleted chunk file /tmp/junit-5669182903122972866/hdds/54b512ba-f2cd-4447-8d48-820ce2d7af96/current/containerDir128/114109937873781103/chunks/114109937879679418_chunk_0_block_74 (size 100) for chunk ChunkInfo{chunkName='114109937879679418_chunk_0_block_74, offset=0, len=100}
2025-03-05 12:57:52,198 [BlockDeletingService#0] INFO  impl.FilePerChunkStrategy (FilePerChunkStrategy.java:deleteChunk(327)) - Deleted chunk file /tmp/junit-5669182903122972866/hdds/54b512ba-f2cd-4447-8d48-820ce2d7af96/current/containerDir128/114109937873781103/chunks/114109937879744955_chunk_0_block_75 (size 100) for chunk ChunkInfo{chunkName='114109937879744955_chunk_0_block_75, offset=0, len=100}
2025-03-05 12:57:52,199 [BlockDeletingService#0] INFO  impl.FilePerChunkStrategy (FilePerChunkStrategy.java:deleteChunk(327)) - Deleted chunk file /tmp/junit-5669182903122972866/hdds/54b512ba-f2cd-4447-8d48-820ce2d7af96/current/containerDir128/114109937873781103/chunks/114109937879810492_chunk_0_block_76 (size 100) for chunk ChunkInfo{chunkName='114109937879810492_chunk_0_block_76, offset=0, len=100}
2025-03-05 12:57:52,199 [BlockDeletingService#0] INFO  impl.FilePerChunkStrategy (FilePerChunkStrategy.java:deleteChunk(327)) - Deleted chunk file /tmp/junit-5669182903122972866/hdds/54b512ba-f2cd-4447-8d48-820ce2d7af96/current/containerDir128/114109937873781103/chunks/114109937879876029_chunk_0_block_77 (size 100) for chunk ChunkInfo{chunkName='114109937879876029_chunk_0_block_77, offset=0, len=100}
2025-03-05 12:57:52,199 [BlockDeletingService#0] INFO  impl.FilePerChunkStrategy (FilePerChunkStrategy.java:deleteChunk(327)) - Deleted chunk file /tmp/junit-5669182903122972866/hdds/54b512ba-f2cd-4447-8d48-820ce2d7af96/current/containerDir128/114109937873781103/chunks/114109937879941566_chunk_0_block_78 (size 100) for chunk ChunkInfo{chunkName='114109937879941566_chunk_0_block_78, offset=0, len=100}
2025-03-05 12:57:52,199 [BlockDeletingService#0] INFO  impl.FilePerChunkStrategy (FilePerChunkStrategy.java:deleteChunk(327)) - Deleted chunk file /tmp/junit-5669182903122972866/hdds/54b512ba-f2cd-4447-8d48-820ce2d7af96/current/containerDir128/114109937873781103/chunks/114109937874633079_chunk_0_block_7 (size 100) for chunk ChunkInfo{chunkName='114109937874633079_chunk_0_block_7, offset=0, len=100}
2025-03-05 12:57:52,200 [BlockDeletingService#0] INFO  impl.FilePerChunkStrategy (FilePerChunkStrategy.java:deleteChunk(327)) - Deleted chunk file /tmp/junit-5669182903122972866/hdds/54b512ba-f2cd-4447-8d48-820ce2d7af96/current/containerDir128/114109937873781103/chunks/114109937880007103_chunk_0_block_79 (size 100) for chunk ChunkInfo{chunkName='114109937880007103_chunk_0_block_79, offset=0, len=100}
2025-03-05 12:57:52,200 [BlockDeletingService#0] INFO  impl.FilePerChunkStrategy (FilePerChunkStrategy.java:deleteChunk(327)) - Deleted chunk file /tmp/junit-5669182903122972866/hdds/54b512ba-f2cd-4447-8d48-820ce2d7af96/current/containerDir128/114109937873781103/chunks/114109937880138176_chunk_0_block_80 (size 100) for chunk ChunkInfo{chunkName='114109937880138176_chunk_0_block_80, offset=0, len=100}
2025-03-05 12:57:52,200 [BlockDeletingService#0] INFO  impl.FilePerChunkStrategy (FilePerChunkStrategy.java:deleteChunk(327)) - Deleted chunk file /tmp/junit-5669182903122972866/hdds/54b512ba-f2cd-4447-8d48-820ce2d7af96/current/containerDir128/114109937873781103/chunks/114109937880203713_chunk_0_block_81 (size 100) for chunk ChunkInfo{chunkName='114109937880203713_chunk_0_block_81, offset=0, len=100}
2025-03-05 12:57:52,201 [BlockDeletingService#0] INFO  impl.FilePerChunkStrategy (FilePerChunkStrategy.java:deleteChunk(327)) - Deleted chunk file /tmp/junit-5669182903122972866/hdds/54b512ba-f2cd-4447-8d48-820ce2d7af96/current/containerDir128/114109937873781103/chunks/114109937880269250_chunk_0_block_82 (size 100) for chunk ChunkInfo{chunkName='114109937880269250_chunk_0_block_82, offset=0, len=100}
2025-03-05 12:57:52,201 [BlockDeletingService#0] INFO  impl.FilePerChunkStrategy (FilePerChunkStrategy.java:deleteChunk(327)) - Deleted chunk file /tmp/junit-5669182903122972866/hdds/54b512ba-f2cd-4447-8d48-820ce2d7af96/current/containerDir128/114109937873781103/chunks/114109937880334787_chunk_0_block_83 (size 100) for chunk ChunkInfo{chunkName='114109937880334787_chunk_0_block_83, offset=0, len=100}
2025-03-05 12:57:52,201 [BlockDeletingService#0] INFO  impl.FilePerChunkStrategy (FilePerChunkStrategy.java:deleteChunk(327)) - Deleted chunk file /tmp/junit-5669182903122972866/hdds/54b512ba-f2cd-4447-8d48-820ce2d7af96/current/containerDir128/114109937873781103/chunks/114109937880400324_chunk_0_block_84 (size 100) for chunk ChunkInfo{chunkName='114109937880400324_chunk_0_block_84, offset=0, len=100}
2025-03-05 12:57:52,201 [BlockDeletingService#0] INFO  impl.FilePerChunkStrategy (FilePerChunkStrategy.java:deleteChunk(327)) - Deleted chunk file /tmp/junit-5669182903122972866/hdds/54b512ba-f2cd-4447-8d48-820ce2d7af96/current/containerDir128/114109937873781103/chunks/114109937880531397_chunk_0_block_85 (size 100) for chunk ChunkInfo{chunkName='114109937880531397_chunk_0_block_85, offset=0, len=100}
2025-03-05 12:57:52,202 [BlockDeletingService#0] INFO  impl.FilePerChunkStrategy (FilePerChunkStrategy.java:deleteChunk(327)) - Deleted chunk file /tmp/junit-5669182903122972866/hdds/54b512ba-f2cd-4447-8d48-820ce2d7af96/current/containerDir128/114109937873781103/chunks/114109937880596934_chunk_0_block_86 (size 100) for chunk ChunkInfo{chunkName='114109937880596934_chunk_0_block_86, offset=0, len=100}
2025-03-05 12:57:52,202 [BlockDeletingService#0] INFO  impl.FilePerChunkStrategy (FilePerChunkStrategy.java:deleteChunk(327)) - Deleted chunk file /tmp/junit-5669182903122972866/hdds/54b512ba-f2cd-4447-8d48-820ce2d7af96/current/containerDir128/114109937873781103/chunks/114109937880728007_chunk_0_block_87 (size 100) for chunk ChunkInfo{chunkName='114109937880728007_chunk_0_block_87, offset=0, len=100}
2025-03-05 12:57:52,202 [BlockDeletingService#0] INFO  impl.FilePerChunkStrategy (FilePerChunkStrategy.java:deleteChunk(327)) - Deleted chunk file /tmp/junit-5669182903122972866/hdds/54b512ba-f2cd-4447-8d48-820ce2d7af96/current/containerDir128/114109937873781103/chunks/114109937880793544_chunk_0_block_88 (size 100) for chunk ChunkInfo{chunkName='114109937880793544_chunk_0_block_88, offset=0, len=100}
2025-03-05 12:57:52,203 [BlockDeletingService#0] INFO  impl.FilePerChunkStrategy (FilePerChunkStrategy.java:deleteChunk(327)) - Deleted chunk file /tmp/junit-5669182903122972866/hdds/54b512ba-f2cd-4447-8d48-820ce2d7af96/current/containerDir128/114109937873781103/chunks/114109937874698616_chunk_0_block_8 (size 100) for chunk ChunkInfo{chunkName='114109937874698616_chunk_0_block_8, offset=0, len=100}
2025-03-05 12:57:52,203 [BlockDeletingService#0] INFO  impl.FilePerChunkStrategy (FilePerChunkStrategy.java:deleteChunk(327)) - Deleted chunk file /tmp/junit-5669182903122972866/hdds/54b512ba-f2cd-4447-8d48-820ce2d7af96/current/containerDir128/114109937873781103/chunks/114109937880859081_chunk_0_block_89 (size 100) for chunk ChunkInfo{chunkName='114109937880859081_chunk_0_block_89, offset=0, len=100}
2025-03-05 12:57:52,203 [BlockDeletingService#0] INFO  impl.FilePerChunkStrategy (FilePerChunkStrategy.java:deleteChunk(327)) - Deleted chunk file /tmp/junit-5669182903122972866/hdds/54b512ba-f2cd-4447-8d48-820ce2d7af96/current/containerDir128/114109937873781103/chunks/114109937880924618_chunk_0_block_90 (size 100) for chunk ChunkInfo{chunkName='114109937880924618_chunk_0_block_90, offset=0, len=100}
2025-03-05 12:57:52,203 [BlockDeletingService#0] INFO  impl.FilePerChunkStrategy (FilePerChunkStrategy.java:deleteChunk(327)) - Deleted chunk file /tmp/junit-5669182903122972866/hdds/54b512ba-f2cd-4447-8d48-820ce2d7af96/current/containerDir128/114109937873781103/chunks/114109937880990155_chunk_0_block_91 (size 100) for chunk ChunkInfo{chunkName='114109937880990155_chunk_0_block_91, offset=0, len=100}
2025-03-05 12:57:52,204 [BlockDeletingService#0] INFO  impl.FilePerChunkStrategy (FilePerChunkStrategy.java:deleteChunk(327)) - Deleted chunk file /tmp/junit-5669182903122972866/hdds/54b512ba-f2cd-4447-8d48-820ce2d7af96/current/containerDir128/114109937873781103/chunks/114109937881121228_chunk_0_block_92 (size 100) for chunk ChunkInfo{chunkName='114109937881121228_chunk_0_block_92, offset=0, len=100}
2025-03-05 12:57:52,204 [BlockDeletingService#0] INFO  impl.FilePerChunkStrategy (FilePerChunkStrategy.java:deleteChunk(327)) - Deleted chunk file /tmp/junit-5669182903122972866/hdds/54b512ba-f2cd-4447-8d48-820ce2d7af96/current/containerDir128/114109937873781103/chunks/114109937881121229_chunk_0_block_93 (size 100) for chunk ChunkInfo{chunkName='114109937881121229_chunk_0_block_93, offset=0, len=100}
2025-03-05 12:57:52,204 [BlockDeletingService#0] INFO  impl.FilePerChunkStrategy (FilePerChunkStrategy.java:deleteChunk(327)) - Deleted chunk file /tmp/junit-5669182903122972866/hdds/54b512ba-f2cd-4447-8d48-820ce2d7af96/current/containerDir128/114109937873781103/chunks/114109937881186766_chunk_0_block_94 (size 100) for chunk ChunkInfo{chunkName='114109937881186766_chunk_0_block_94, offset=0, len=100}
2025-03-05 12:57:52,204 [BlockDeletingService#0] INFO  impl.FilePerChunkStrategy (FilePerChunkStrategy.java:deleteChunk(327)) - Deleted chunk file /tmp/junit-5669182903122972866/hdds/54b512ba-f2cd-4447-8d48-820ce2d7af96/current/containerDir128/114109937873781103/chunks/114109937881252303_chunk_0_block_95 (size 100) for chunk ChunkInfo{chunkName='114109937881252303_chunk_0_block_95, offset=0, len=100}
2025-03-05 12:57:52,205 [BlockDeletingService#0] INFO  impl.FilePerChunkStrategy (FilePerChunkStrategy.java:deleteChunk(327)) - Deleted chunk file /tmp/junit-5669182903122972866/hdds/54b512ba-f2cd-4447-8d48-820ce2d7af96/current/containerDir128/114109937873781103/chunks/114109937881317840_chunk_0_block_96 (size 100) for chunk ChunkInfo{chunkName='114109937881317840_chunk_0_block_96, offset=0, len=100}
2025-03-05 12:57:52,205 [BlockDeletingService#0] INFO  impl.FilePerChunkStrategy (FilePerChunkStrategy.java:deleteChunk(327)) - Deleted chunk file /tmp/junit-5669182903122972866/hdds/54b512ba-f2cd-4447-8d48-820ce2d7af96/current/containerDir128/114109937873781103/chunks/114109937881383377_chunk_0_block_97 (size 100) for chunk ChunkInfo{chunkName='114109937881383377_chunk_0_block_97, offset=0, len=100}
2025-03-05 12:57:52,205 [BlockDeletingService#0] INFO  impl.FilePerChunkStrategy (FilePerChunkStrategy.java:deleteChunk(327)) - Deleted chunk file /tmp/junit-5669182903122972866/hdds/54b512ba-f2cd-4447-8d48-820ce2d7af96/current/containerDir128/114109937873781103/chunks/114109937881383378_chunk_0_block_98 (size 100) for chunk ChunkInfo{chunkName='114109937881383378_chunk_0_block_98, offset=0, len=100}
2025-03-05 12:57:52,209 [BlockDeletingService#0] WARN  utils.BackgroundService (BackgroundService.java:lambda$run$0(151)) - BlockDeletingService Background task execution took 34532123ns > 0ns(timeout)
2025-03-05 12:57:52,273 [main] INFO  utils.BackgroundService (BackgroundService.java:shutdown(162)) - Shutting down service BlockDeletingService
]]></system-out>
  </testcase>
  <testcase name="testShutdownService(ContainerTestVersionInfo)[5]" classname="org.apache.hadoop.ozone.container.common.TestBlockDeletingService" time="0.382">
    <system-out><![CDATA[2025-03-05 12:57:52,380 [main] INFO  db.CodecBuffer (CodecBuffer.java:set(62)) - Successfully set constructor to LeakDetector::newCodecBuffer: org.apache.hadoop.hdds.utils.db.CodecBuffer$$Lambda/0x00007ff600206790@3b809711
2025-03-05 12:57:52,394 [main] INFO  volume.HddsVolume (HddsVolume.java:<init>(132)) - Creating HddsVolume: /tmp/junit-5234811891706018501/hdds of storage type: DISK, capacity=9222449699674390527, used=0, available=9222449699674390527
2025-03-05 12:57:52,395 [main] INFO  volume.MutableVolumeSet (MutableVolumeSet.java:initializeVolumeSet(169)) - Added Volume : /tmp/junit-5234811891706018501/hdds to VolumeSet
2025-03-05 12:57:52,427 [main] INFO  utils.DatanodeStoreCache (DatanodeStoreCache.java:addDB(71)) - Added db /tmp/junit-5234811891706018501/hdds/a29cd8bf-9385-4d33-8b12-04732e8e81a1/DS-b950e397-4397-40ad-a1d0-a413215d27cd/container.db to cache
2025-03-05 12:57:52,427 [main] INFO  volume.HddsVolume (HddsVolume.java:createDbStore(446)) - SchemaV3 db is created and loaded at /tmp/junit-5234811891706018501/hdds/a29cd8bf-9385-4d33-8b12-04732e8e81a1/DS-b950e397-4397-40ad-a1d0-a413215d27cd/container.db for volume DS-b950e397-4397-40ad-a1d0-a413215d27cd
2025-03-05 12:57:52,429 [main] INFO  impl.FilePerBlockStrategy (FilePerBlockStrategy.java:<init>(87)) - ozone.chunk.read.mapped.buffer.max.count is load with 0
2025-03-05 12:57:52,552 [main] INFO  impl.FilePerChunkStrategy (FilePerChunkStrategy.java:<init>(79)) - ozone.chunk.read.mapped.buffer.max.count is load with 0
2025-03-05 12:57:52,552 [main] INFO  impl.FilePerBlockStrategy (FilePerBlockStrategy.java:<init>(87)) - ozone.chunk.read.mapped.buffer.max.count is load with 0
2025-03-05 12:57:52,656 [BlockDeletingService#0] INFO  interfaces.ContainerDeletionChoosingPolicyTemplate (ContainerDeletionChoosingPolicyTemplate.java:chooseContainerForBlockDeletion(83)) - Chosen 100/4900 blocks from 1 candidate containers.
2025-03-05 12:57:52,658 [BlockDeletingService#0] INFO  impl.FilePerBlockStrategy (FilePerBlockStrategy.java:deleteChunk(278)) - Deleted block file: /tmp/junit-5234811891706018501/hdds/a29cd8bf-9385-4d33-8b12-04732e8e81a1/current/containerDir128/114109937905762772/chunks/114109937907728853.block
2025-03-05 12:57:52,658 [BlockDeletingService#0] INFO  impl.FilePerBlockStrategy (FilePerBlockStrategy.java:deleteChunk(278)) - Deleted block file: /tmp/junit-5234811891706018501/hdds/a29cd8bf-9385-4d33-8b12-04732e8e81a1/current/containerDir128/114109937905762772/chunks/114109937907794390.block
2025-03-05 12:57:52,658 [BlockDeletingService#0] INFO  impl.FilePerBlockStrategy (FilePerBlockStrategy.java:deleteChunk(278)) - Deleted block file: /tmp/junit-5234811891706018501/hdds/a29cd8bf-9385-4d33-8b12-04732e8e81a1/current/containerDir128/114109937905762772/chunks/114109937907859927.block
2025-03-05 12:57:52,659 [BlockDeletingService#0] INFO  impl.FilePerBlockStrategy (FilePerBlockStrategy.java:deleteChunk(278)) - Deleted block file: /tmp/junit-5234811891706018501/hdds/a29cd8bf-9385-4d33-8b12-04732e8e81a1/current/containerDir128/114109937905762772/chunks/114109937907859928.block
2025-03-05 12:57:52,659 [BlockDeletingService#0] INFO  impl.FilePerBlockStrategy (FilePerBlockStrategy.java:deleteChunk(278)) - Deleted block file: /tmp/junit-5234811891706018501/hdds/a29cd8bf-9385-4d33-8b12-04732e8e81a1/current/containerDir128/114109937905762772/chunks/114109937907925465.block
2025-03-05 12:57:52,659 [BlockDeletingService#0] INFO  impl.FilePerBlockStrategy (FilePerBlockStrategy.java:deleteChunk(278)) - Deleted block file: /tmp/junit-5234811891706018501/hdds/a29cd8bf-9385-4d33-8b12-04732e8e81a1/current/containerDir128/114109937905762772/chunks/114109937907991002.block
2025-03-05 12:57:52,659 [BlockDeletingService#0] INFO  impl.FilePerBlockStrategy (FilePerBlockStrategy.java:deleteChunk(278)) - Deleted block file: /tmp/junit-5234811891706018501/hdds/a29cd8bf-9385-4d33-8b12-04732e8e81a1/current/containerDir128/114109937905762772/chunks/114109937907991003.block
2025-03-05 12:57:52,659 [BlockDeletingService#0] INFO  impl.FilePerBlockStrategy (FilePerBlockStrategy.java:deleteChunk(278)) - Deleted block file: /tmp/junit-5234811891706018501/hdds/a29cd8bf-9385-4d33-8b12-04732e8e81a1/current/containerDir128/114109937905762772/chunks/114109937908056540.block
2025-03-05 12:57:52,659 [BlockDeletingService#0] INFO  impl.FilePerBlockStrategy (FilePerBlockStrategy.java:deleteChunk(278)) - Deleted block file: /tmp/junit-5234811891706018501/hdds/a29cd8bf-9385-4d33-8b12-04732e8e81a1/current/containerDir128/114109937905762772/chunks/114109937908122077.block
2025-03-05 12:57:52,659 [BlockDeletingService#0] INFO  impl.FilePerBlockStrategy (FilePerBlockStrategy.java:deleteChunk(278)) - Deleted block file: /tmp/junit-5234811891706018501/hdds/a29cd8bf-9385-4d33-8b12-04732e8e81a1/current/containerDir128/114109937905762772/chunks/114109937908122078.block
2025-03-05 12:57:52,660 [BlockDeletingService#0] INFO  impl.FilePerBlockStrategy (FilePerBlockStrategy.java:deleteChunk(278)) - Deleted block file: /tmp/junit-5234811891706018501/hdds/a29cd8bf-9385-4d33-8b12-04732e8e81a1/current/containerDir128/114109937905762772/chunks/114109937908187615.block
2025-03-05 12:57:52,660 [BlockDeletingService#0] INFO  impl.FilePerBlockStrategy (FilePerBlockStrategy.java:deleteChunk(278)) - Deleted block file: /tmp/junit-5234811891706018501/hdds/a29cd8bf-9385-4d33-8b12-04732e8e81a1/current/containerDir128/114109937905762772/chunks/114109937908253152.block
2025-03-05 12:57:52,660 [BlockDeletingService#0] INFO  impl.FilePerBlockStrategy (FilePerBlockStrategy.java:deleteChunk(278)) - Deleted block file: /tmp/junit-5234811891706018501/hdds/a29cd8bf-9385-4d33-8b12-04732e8e81a1/current/containerDir128/114109937905762772/chunks/114109937908253153.block
2025-03-05 12:57:52,660 [BlockDeletingService#0] INFO  impl.FilePerBlockStrategy (FilePerBlockStrategy.java:deleteChunk(278)) - Deleted block file: /tmp/junit-5234811891706018501/hdds/a29cd8bf-9385-4d33-8b12-04732e8e81a1/current/containerDir128/114109937905762772/chunks/114109937908384226.block
2025-03-05 12:57:52,660 [BlockDeletingService#0] INFO  impl.FilePerBlockStrategy (FilePerBlockStrategy.java:deleteChunk(278)) - Deleted block file: /tmp/junit-5234811891706018501/hdds/a29cd8bf-9385-4d33-8b12-04732e8e81a1/current/containerDir128/114109937905762772/chunks/114109937908449763.block
2025-03-05 12:57:52,660 [BlockDeletingService#0] INFO  impl.FilePerBlockStrategy (FilePerBlockStrategy.java:deleteChunk(278)) - Deleted block file: /tmp/junit-5234811891706018501/hdds/a29cd8bf-9385-4d33-8b12-04732e8e81a1/current/containerDir128/114109937905762772/chunks/114109937908449764.block
2025-03-05 12:57:52,660 [BlockDeletingService#0] INFO  impl.FilePerBlockStrategy (FilePerBlockStrategy.java:deleteChunk(278)) - Deleted block file: /tmp/junit-5234811891706018501/hdds/a29cd8bf-9385-4d33-8b12-04732e8e81a1/current/containerDir128/114109937905762772/chunks/114109937908515301.block
2025-03-05 12:57:52,661 [BlockDeletingService#0] INFO  impl.FilePerBlockStrategy (FilePerBlockStrategy.java:deleteChunk(278)) - Deleted block file: /tmp/junit-5234811891706018501/hdds/a29cd8bf-9385-4d33-8b12-04732e8e81a1/current/containerDir128/114109937905762772/chunks/114109937908580838.block
2025-03-05 12:57:52,661 [BlockDeletingService#0] INFO  impl.FilePerBlockStrategy (FilePerBlockStrategy.java:deleteChunk(278)) - Deleted block file: /tmp/junit-5234811891706018501/hdds/a29cd8bf-9385-4d33-8b12-04732e8e81a1/current/containerDir128/114109937905762772/chunks/114109937908580839.block
2025-03-05 12:57:52,661 [BlockDeletingService#0] INFO  impl.FilePerBlockStrategy (FilePerBlockStrategy.java:deleteChunk(278)) - Deleted block file: /tmp/junit-5234811891706018501/hdds/a29cd8bf-9385-4d33-8b12-04732e8e81a1/current/containerDir128/114109937905762772/chunks/114109937908646376.block
2025-03-05 12:57:52,661 [BlockDeletingService#0] INFO  impl.FilePerBlockStrategy (FilePerBlockStrategy.java:deleteChunk(278)) - Deleted block file: /tmp/junit-5234811891706018501/hdds/a29cd8bf-9385-4d33-8b12-04732e8e81a1/current/containerDir128/114109937905762772/chunks/114109937908711913.block
2025-03-05 12:57:52,661 [BlockDeletingService#0] INFO  impl.FilePerBlockStrategy (FilePerBlockStrategy.java:deleteChunk(278)) - Deleted block file: /tmp/junit-5234811891706018501/hdds/a29cd8bf-9385-4d33-8b12-04732e8e81a1/current/containerDir128/114109937905762772/chunks/114109937908777450.block
2025-03-05 12:57:52,661 [BlockDeletingService#0] INFO  impl.FilePerBlockStrategy (FilePerBlockStrategy.java:deleteChunk(278)) - Deleted block file: /tmp/junit-5234811891706018501/hdds/a29cd8bf-9385-4d33-8b12-04732e8e81a1/current/containerDir128/114109937905762772/chunks/114109937908842987.block
2025-03-05 12:57:52,661 [BlockDeletingService#0] INFO  impl.FilePerBlockStrategy (FilePerBlockStrategy.java:deleteChunk(278)) - Deleted block file: /tmp/junit-5234811891706018501/hdds/a29cd8bf-9385-4d33-8b12-04732e8e81a1/current/containerDir128/114109937905762772/chunks/114109937908908524.block
2025-03-05 12:57:52,662 [BlockDeletingService#0] INFO  impl.FilePerBlockStrategy (FilePerBlockStrategy.java:deleteChunk(278)) - Deleted block file: /tmp/junit-5234811891706018501/hdds/a29cd8bf-9385-4d33-8b12-04732e8e81a1/current/containerDir128/114109937905762772/chunks/114109937908908525.block
2025-03-05 12:57:52,662 [BlockDeletingService#0] INFO  impl.FilePerBlockStrategy (FilePerBlockStrategy.java:deleteChunk(278)) - Deleted block file: /tmp/junit-5234811891706018501/hdds/a29cd8bf-9385-4d33-8b12-04732e8e81a1/current/containerDir128/114109937905762772/chunks/114109937908974062.block
2025-03-05 12:57:52,662 [BlockDeletingService#0] INFO  impl.FilePerBlockStrategy (FilePerBlockStrategy.java:deleteChunk(278)) - Deleted block file: /tmp/junit-5234811891706018501/hdds/a29cd8bf-9385-4d33-8b12-04732e8e81a1/current/containerDir128/114109937905762772/chunks/114109937909039599.block
2025-03-05 12:57:52,662 [BlockDeletingService#0] INFO  impl.FilePerBlockStrategy (FilePerBlockStrategy.java:deleteChunk(278)) - Deleted block file: /tmp/junit-5234811891706018501/hdds/a29cd8bf-9385-4d33-8b12-04732e8e81a1/current/containerDir128/114109937905762772/chunks/114109937909105136.block
2025-03-05 12:57:52,662 [BlockDeletingService#0] INFO  impl.FilePerBlockStrategy (FilePerBlockStrategy.java:deleteChunk(278)) - Deleted block file: /tmp/junit-5234811891706018501/hdds/a29cd8bf-9385-4d33-8b12-04732e8e81a1/current/containerDir128/114109937905762772/chunks/114109937909170673.block
2025-03-05 12:57:52,662 [BlockDeletingService#0] INFO  impl.FilePerBlockStrategy (FilePerBlockStrategy.java:deleteChunk(278)) - Deleted block file: /tmp/junit-5234811891706018501/hdds/a29cd8bf-9385-4d33-8b12-04732e8e81a1/current/containerDir128/114109937905762772/chunks/114109937909236210.block
2025-03-05 12:57:52,662 [BlockDeletingService#0] INFO  impl.FilePerBlockStrategy (FilePerBlockStrategy.java:deleteChunk(278)) - Deleted block file: /tmp/junit-5234811891706018501/hdds/a29cd8bf-9385-4d33-8b12-04732e8e81a1/current/containerDir128/114109937905762772/chunks/114109937909301747.block
2025-03-05 12:57:52,663 [BlockDeletingService#0] INFO  impl.FilePerBlockStrategy (FilePerBlockStrategy.java:deleteChunk(278)) - Deleted block file: /tmp/junit-5234811891706018501/hdds/a29cd8bf-9385-4d33-8b12-04732e8e81a1/current/containerDir128/114109937905762772/chunks/114109937909432820.block
2025-03-05 12:57:52,663 [BlockDeletingService#0] INFO  impl.FilePerBlockStrategy (FilePerBlockStrategy.java:deleteChunk(278)) - Deleted block file: /tmp/junit-5234811891706018501/hdds/a29cd8bf-9385-4d33-8b12-04732e8e81a1/current/containerDir128/114109937905762772/chunks/114109937909432821.block
2025-03-05 12:57:52,663 [BlockDeletingService#0] INFO  impl.FilePerBlockStrategy (FilePerBlockStrategy.java:deleteChunk(278)) - Deleted block file: /tmp/junit-5234811891706018501/hdds/a29cd8bf-9385-4d33-8b12-04732e8e81a1/current/containerDir128/114109937905762772/chunks/114109937909498358.block
2025-03-05 12:57:52,663 [BlockDeletingService#0] INFO  impl.FilePerBlockStrategy (FilePerBlockStrategy.java:deleteChunk(278)) - Deleted block file: /tmp/junit-5234811891706018501/hdds/a29cd8bf-9385-4d33-8b12-04732e8e81a1/current/containerDir128/114109937905762772/chunks/114109937909563895.block
2025-03-05 12:57:52,663 [BlockDeletingService#0] INFO  impl.FilePerBlockStrategy (FilePerBlockStrategy.java:deleteChunk(278)) - Deleted block file: /tmp/junit-5234811891706018501/hdds/a29cd8bf-9385-4d33-8b12-04732e8e81a1/current/containerDir128/114109937905762772/chunks/114109937909629432.block
2025-03-05 12:57:52,663 [BlockDeletingService#0] INFO  impl.FilePerBlockStrategy (FilePerBlockStrategy.java:deleteChunk(278)) - Deleted block file: /tmp/junit-5234811891706018501/hdds/a29cd8bf-9385-4d33-8b12-04732e8e81a1/current/containerDir128/114109937905762772/chunks/114109937909629433.block
2025-03-05 12:57:52,663 [BlockDeletingService#0] INFO  impl.FilePerBlockStrategy (FilePerBlockStrategy.java:deleteChunk(278)) - Deleted block file: /tmp/junit-5234811891706018501/hdds/a29cd8bf-9385-4d33-8b12-04732e8e81a1/current/containerDir128/114109937905762772/chunks/114109937909694970.block
2025-03-05 12:57:52,664 [BlockDeletingService#0] INFO  impl.FilePerBlockStrategy (FilePerBlockStrategy.java:deleteChunk(278)) - Deleted block file: /tmp/junit-5234811891706018501/hdds/a29cd8bf-9385-4d33-8b12-04732e8e81a1/current/containerDir128/114109937905762772/chunks/114109937909760507.block
2025-03-05 12:57:52,664 [BlockDeletingService#0] INFO  impl.FilePerBlockStrategy (FilePerBlockStrategy.java:deleteChunk(278)) - Deleted block file: /tmp/junit-5234811891706018501/hdds/a29cd8bf-9385-4d33-8b12-04732e8e81a1/current/containerDir128/114109937905762772/chunks/114109937909826044.block
2025-03-05 12:57:52,664 [BlockDeletingService#0] INFO  impl.FilePerBlockStrategy (FilePerBlockStrategy.java:deleteChunk(278)) - Deleted block file: /tmp/junit-5234811891706018501/hdds/a29cd8bf-9385-4d33-8b12-04732e8e81a1/current/containerDir128/114109937905762772/chunks/114109937909891581.block
2025-03-05 12:57:52,664 [BlockDeletingService#0] INFO  impl.FilePerBlockStrategy (FilePerBlockStrategy.java:deleteChunk(278)) - Deleted block file: /tmp/junit-5234811891706018501/hdds/a29cd8bf-9385-4d33-8b12-04732e8e81a1/current/containerDir128/114109937905762772/chunks/114109937909891582.block
2025-03-05 12:57:52,664 [BlockDeletingService#0] INFO  impl.FilePerBlockStrategy (FilePerBlockStrategy.java:deleteChunk(278)) - Deleted block file: /tmp/junit-5234811891706018501/hdds/a29cd8bf-9385-4d33-8b12-04732e8e81a1/current/containerDir128/114109937905762772/chunks/114109937909957119.block
2025-03-05 12:57:52,664 [BlockDeletingService#0] INFO  impl.FilePerBlockStrategy (FilePerBlockStrategy.java:deleteChunk(278)) - Deleted block file: /tmp/junit-5234811891706018501/hdds/a29cd8bf-9385-4d33-8b12-04732e8e81a1/current/containerDir128/114109937905762772/chunks/114109937910022656.block
2025-03-05 12:57:52,664 [BlockDeletingService#0] INFO  impl.FilePerBlockStrategy (FilePerBlockStrategy.java:deleteChunk(278)) - Deleted block file: /tmp/junit-5234811891706018501/hdds/a29cd8bf-9385-4d33-8b12-04732e8e81a1/current/containerDir128/114109937905762772/chunks/114109937910088193.block
2025-03-05 12:57:52,665 [BlockDeletingService#0] INFO  impl.FilePerBlockStrategy (FilePerBlockStrategy.java:deleteChunk(278)) - Deleted block file: /tmp/junit-5234811891706018501/hdds/a29cd8bf-9385-4d33-8b12-04732e8e81a1/current/containerDir128/114109937905762772/chunks/114109937910153730.block
2025-03-05 12:57:52,665 [BlockDeletingService#0] INFO  impl.FilePerBlockStrategy (FilePerBlockStrategy.java:deleteChunk(278)) - Deleted block file: /tmp/junit-5234811891706018501/hdds/a29cd8bf-9385-4d33-8b12-04732e8e81a1/current/containerDir128/114109937905762772/chunks/114109937910219267.block
2025-03-05 12:57:52,665 [BlockDeletingService#0] INFO  impl.FilePerBlockStrategy (FilePerBlockStrategy.java:deleteChunk(278)) - Deleted block file: /tmp/junit-5234811891706018501/hdds/a29cd8bf-9385-4d33-8b12-04732e8e81a1/current/containerDir128/114109937905762772/chunks/114109937910284804.block
2025-03-05 12:57:52,665 [BlockDeletingService#0] INFO  impl.FilePerBlockStrategy (FilePerBlockStrategy.java:deleteChunk(278)) - Deleted block file: /tmp/junit-5234811891706018501/hdds/a29cd8bf-9385-4d33-8b12-04732e8e81a1/current/containerDir128/114109937905762772/chunks/114109937910350341.block
2025-03-05 12:57:52,665 [BlockDeletingService#0] INFO  impl.FilePerBlockStrategy (FilePerBlockStrategy.java:deleteChunk(278)) - Deleted block file: /tmp/junit-5234811891706018501/hdds/a29cd8bf-9385-4d33-8b12-04732e8e81a1/current/containerDir128/114109937905762772/chunks/114109937910350342.block
2025-03-05 12:57:52,665 [BlockDeletingService#0] INFO  impl.FilePerBlockStrategy (FilePerBlockStrategy.java:deleteChunk(278)) - Deleted block file: /tmp/junit-5234811891706018501/hdds/a29cd8bf-9385-4d33-8b12-04732e8e81a1/current/containerDir128/114109937905762772/chunks/114109937910481415.block
2025-03-05 12:57:52,665 [BlockDeletingService#0] INFO  impl.FilePerBlockStrategy (FilePerBlockStrategy.java:deleteChunk(278)) - Deleted block file: /tmp/junit-5234811891706018501/hdds/a29cd8bf-9385-4d33-8b12-04732e8e81a1/current/containerDir128/114109937905762772/chunks/114109937910546952.block
2025-03-05 12:57:52,666 [BlockDeletingService#0] INFO  impl.FilePerBlockStrategy (FilePerBlockStrategy.java:deleteChunk(278)) - Deleted block file: /tmp/junit-5234811891706018501/hdds/a29cd8bf-9385-4d33-8b12-04732e8e81a1/current/containerDir128/114109937905762772/chunks/114109937910546953.block
2025-03-05 12:57:52,666 [BlockDeletingService#0] INFO  impl.FilePerBlockStrategy (FilePerBlockStrategy.java:deleteChunk(278)) - Deleted block file: /tmp/junit-5234811891706018501/hdds/a29cd8bf-9385-4d33-8b12-04732e8e81a1/current/containerDir128/114109937905762772/chunks/114109937910612490.block
2025-03-05 12:57:52,666 [BlockDeletingService#0] INFO  impl.FilePerBlockStrategy (FilePerBlockStrategy.java:deleteChunk(278)) - Deleted block file: /tmp/junit-5234811891706018501/hdds/a29cd8bf-9385-4d33-8b12-04732e8e81a1/current/containerDir128/114109937905762772/chunks/114109937910678027.block
2025-03-05 12:57:52,666 [BlockDeletingService#0] INFO  impl.FilePerBlockStrategy (FilePerBlockStrategy.java:deleteChunk(278)) - Deleted block file: /tmp/junit-5234811891706018501/hdds/a29cd8bf-9385-4d33-8b12-04732e8e81a1/current/containerDir128/114109937905762772/chunks/114109937910743564.block
2025-03-05 12:57:52,666 [BlockDeletingService#0] INFO  impl.FilePerBlockStrategy (FilePerBlockStrategy.java:deleteChunk(278)) - Deleted block file: /tmp/junit-5234811891706018501/hdds/a29cd8bf-9385-4d33-8b12-04732e8e81a1/current/containerDir128/114109937905762772/chunks/114109937910809101.block
2025-03-05 12:57:52,666 [BlockDeletingService#0] INFO  impl.FilePerBlockStrategy (FilePerBlockStrategy.java:deleteChunk(278)) - Deleted block file: /tmp/junit-5234811891706018501/hdds/a29cd8bf-9385-4d33-8b12-04732e8e81a1/current/containerDir128/114109937905762772/chunks/114109937910809102.block
2025-03-05 12:57:52,666 [BlockDeletingService#0] INFO  impl.FilePerBlockStrategy (FilePerBlockStrategy.java:deleteChunk(278)) - Deleted block file: /tmp/junit-5234811891706018501/hdds/a29cd8bf-9385-4d33-8b12-04732e8e81a1/current/containerDir128/114109937905762772/chunks/114109937910874639.block
2025-03-05 12:57:52,666 [BlockDeletingService#0] INFO  impl.FilePerBlockStrategy (FilePerBlockStrategy.java:deleteChunk(278)) - Deleted block file: /tmp/junit-5234811891706018501/hdds/a29cd8bf-9385-4d33-8b12-04732e8e81a1/current/containerDir128/114109937905762772/chunks/114109937910940176.block
2025-03-05 12:57:52,667 [BlockDeletingService#0] INFO  impl.FilePerBlockStrategy (FilePerBlockStrategy.java:deleteChunk(278)) - Deleted block file: /tmp/junit-5234811891706018501/hdds/a29cd8bf-9385-4d33-8b12-04732e8e81a1/current/containerDir128/114109937905762772/chunks/114109937911005713.block
2025-03-05 12:57:52,667 [BlockDeletingService#0] INFO  impl.FilePerBlockStrategy (FilePerBlockStrategy.java:deleteChunk(278)) - Deleted block file: /tmp/junit-5234811891706018501/hdds/a29cd8bf-9385-4d33-8b12-04732e8e81a1/current/containerDir128/114109937905762772/chunks/114109937911071250.block
2025-03-05 12:57:52,667 [BlockDeletingService#0] INFO  impl.FilePerBlockStrategy (FilePerBlockStrategy.java:deleteChunk(278)) - Deleted block file: /tmp/junit-5234811891706018501/hdds/a29cd8bf-9385-4d33-8b12-04732e8e81a1/current/containerDir128/114109937905762772/chunks/114109937911136787.block
2025-03-05 12:57:52,667 [BlockDeletingService#0] INFO  impl.FilePerBlockStrategy (FilePerBlockStrategy.java:deleteChunk(278)) - Deleted block file: /tmp/junit-5234811891706018501/hdds/a29cd8bf-9385-4d33-8b12-04732e8e81a1/current/containerDir128/114109937905762772/chunks/114109937911202324.block
2025-03-05 12:57:52,667 [BlockDeletingService#0] INFO  impl.FilePerBlockStrategy (FilePerBlockStrategy.java:deleteChunk(278)) - Deleted block file: /tmp/junit-5234811891706018501/hdds/a29cd8bf-9385-4d33-8b12-04732e8e81a1/current/containerDir128/114109937905762772/chunks/114109937911267861.block
2025-03-05 12:57:52,667 [BlockDeletingService#0] INFO  impl.FilePerBlockStrategy (FilePerBlockStrategy.java:deleteChunk(278)) - Deleted block file: /tmp/junit-5234811891706018501/hdds/a29cd8bf-9385-4d33-8b12-04732e8e81a1/current/containerDir128/114109937905762772/chunks/114109937911333398.block
2025-03-05 12:57:52,667 [BlockDeletingService#0] INFO  impl.FilePerBlockStrategy (FilePerBlockStrategy.java:deleteChunk(278)) - Deleted block file: /tmp/junit-5234811891706018501/hdds/a29cd8bf-9385-4d33-8b12-04732e8e81a1/current/containerDir128/114109937905762772/chunks/114109937911398935.block
2025-03-05 12:57:52,668 [BlockDeletingService#0] INFO  impl.FilePerBlockStrategy (FilePerBlockStrategy.java:deleteChunk(278)) - Deleted block file: /tmp/junit-5234811891706018501/hdds/a29cd8bf-9385-4d33-8b12-04732e8e81a1/current/containerDir128/114109937905762772/chunks/114109937911398936.block
2025-03-05 12:57:52,668 [BlockDeletingService#0] INFO  impl.FilePerBlockStrategy (FilePerBlockStrategy.java:deleteChunk(278)) - Deleted block file: /tmp/junit-5234811891706018501/hdds/a29cd8bf-9385-4d33-8b12-04732e8e81a1/current/containerDir128/114109937905762772/chunks/114109937911464473.block
2025-03-05 12:57:52,668 [BlockDeletingService#0] INFO  impl.FilePerBlockStrategy (FilePerBlockStrategy.java:deleteChunk(278)) - Deleted block file: /tmp/junit-5234811891706018501/hdds/a29cd8bf-9385-4d33-8b12-04732e8e81a1/current/containerDir128/114109937905762772/chunks/114109937911530010.block
2025-03-05 12:57:52,668 [BlockDeletingService#0] INFO  impl.FilePerBlockStrategy (FilePerBlockStrategy.java:deleteChunk(278)) - Deleted block file: /tmp/junit-5234811891706018501/hdds/a29cd8bf-9385-4d33-8b12-04732e8e81a1/current/containerDir128/114109937905762772/chunks/114109937911530011.block
2025-03-05 12:57:52,668 [BlockDeletingService#0] INFO  impl.FilePerBlockStrategy (FilePerBlockStrategy.java:deleteChunk(278)) - Deleted block file: /tmp/junit-5234811891706018501/hdds/a29cd8bf-9385-4d33-8b12-04732e8e81a1/current/containerDir128/114109937905762772/chunks/114109937911595548.block
2025-03-05 12:57:52,668 [BlockDeletingService#0] INFO  impl.FilePerBlockStrategy (FilePerBlockStrategy.java:deleteChunk(278)) - Deleted block file: /tmp/junit-5234811891706018501/hdds/a29cd8bf-9385-4d33-8b12-04732e8e81a1/current/containerDir128/114109937905762772/chunks/114109937911661085.block
2025-03-05 12:57:52,668 [BlockDeletingService#0] INFO  impl.FilePerBlockStrategy (FilePerBlockStrategy.java:deleteChunk(278)) - Deleted block file: /tmp/junit-5234811891706018501/hdds/a29cd8bf-9385-4d33-8b12-04732e8e81a1/current/containerDir128/114109937905762772/chunks/114109937911726622.block
2025-03-05 12:57:52,668 [BlockDeletingService#0] INFO  impl.FilePerBlockStrategy (FilePerBlockStrategy.java:deleteChunk(278)) - Deleted block file: /tmp/junit-5234811891706018501/hdds/a29cd8bf-9385-4d33-8b12-04732e8e81a1/current/containerDir128/114109937905762772/chunks/114109937911792159.block
2025-03-05 12:57:52,669 [BlockDeletingService#0] INFO  impl.FilePerBlockStrategy (FilePerBlockStrategy.java:deleteChunk(278)) - Deleted block file: /tmp/junit-5234811891706018501/hdds/a29cd8bf-9385-4d33-8b12-04732e8e81a1/current/containerDir128/114109937905762772/chunks/114109937911792160.block
2025-03-05 12:57:52,669 [BlockDeletingService#0] INFO  impl.FilePerBlockStrategy (FilePerBlockStrategy.java:deleteChunk(278)) - Deleted block file: /tmp/junit-5234811891706018501/hdds/a29cd8bf-9385-4d33-8b12-04732e8e81a1/current/containerDir128/114109937905762772/chunks/114109937911857697.block
2025-03-05 12:57:52,669 [BlockDeletingService#0] INFO  impl.FilePerBlockStrategy (FilePerBlockStrategy.java:deleteChunk(278)) - Deleted block file: /tmp/junit-5234811891706018501/hdds/a29cd8bf-9385-4d33-8b12-04732e8e81a1/current/containerDir128/114109937905762772/chunks/114109937911923234.block
2025-03-05 12:57:52,669 [BlockDeletingService#0] INFO  impl.FilePerBlockStrategy (FilePerBlockStrategy.java:deleteChunk(278)) - Deleted block file: /tmp/junit-5234811891706018501/hdds/a29cd8bf-9385-4d33-8b12-04732e8e81a1/current/containerDir128/114109937905762772/chunks/114109937911923235.block
2025-03-05 12:57:52,669 [BlockDeletingService#0] INFO  impl.FilePerBlockStrategy (FilePerBlockStrategy.java:deleteChunk(278)) - Deleted block file: /tmp/junit-5234811891706018501/hdds/a29cd8bf-9385-4d33-8b12-04732e8e81a1/current/containerDir128/114109937905762772/chunks/114109937911988772.block
2025-03-05 12:57:52,669 [BlockDeletingService#0] INFO  impl.FilePerBlockStrategy (FilePerBlockStrategy.java:deleteChunk(278)) - Deleted block file: /tmp/junit-5234811891706018501/hdds/a29cd8bf-9385-4d33-8b12-04732e8e81a1/current/containerDir128/114109937905762772/chunks/114109937912054309.block
2025-03-05 12:57:52,669 [BlockDeletingService#0] INFO  impl.FilePerBlockStrategy (FilePerBlockStrategy.java:deleteChunk(278)) - Deleted block file: /tmp/junit-5234811891706018501/hdds/a29cd8bf-9385-4d33-8b12-04732e8e81a1/current/containerDir128/114109937905762772/chunks/114109937912119846.block
2025-03-05 12:57:52,670 [BlockDeletingService#0] INFO  impl.FilePerBlockStrategy (FilePerBlockStrategy.java:deleteChunk(278)) - Deleted block file: /tmp/junit-5234811891706018501/hdds/a29cd8bf-9385-4d33-8b12-04732e8e81a1/current/containerDir128/114109937905762772/chunks/114109937912185383.block
2025-03-05 12:57:52,670 [BlockDeletingService#0] INFO  impl.FilePerBlockStrategy (FilePerBlockStrategy.java:deleteChunk(278)) - Deleted block file: /tmp/junit-5234811891706018501/hdds/a29cd8bf-9385-4d33-8b12-04732e8e81a1/current/containerDir128/114109937905762772/chunks/114109937912250920.block
2025-03-05 12:57:52,670 [BlockDeletingService#0] INFO  impl.FilePerBlockStrategy (FilePerBlockStrategy.java:deleteChunk(278)) - Deleted block file: /tmp/junit-5234811891706018501/hdds/a29cd8bf-9385-4d33-8b12-04732e8e81a1/current/containerDir128/114109937905762772/chunks/114109937912316457.block
2025-03-05 12:57:52,670 [BlockDeletingService#0] INFO  impl.FilePerBlockStrategy (FilePerBlockStrategy.java:deleteChunk(278)) - Deleted block file: /tmp/junit-5234811891706018501/hdds/a29cd8bf-9385-4d33-8b12-04732e8e81a1/current/containerDir128/114109937905762772/chunks/114109937912316458.block
2025-03-05 12:57:52,670 [BlockDeletingService#0] INFO  impl.FilePerBlockStrategy (FilePerBlockStrategy.java:deleteChunk(278)) - Deleted block file: /tmp/junit-5234811891706018501/hdds/a29cd8bf-9385-4d33-8b12-04732e8e81a1/current/containerDir128/114109937905762772/chunks/114109937912381995.block
2025-03-05 12:57:52,670 [BlockDeletingService#0] INFO  impl.FilePerBlockStrategy (FilePerBlockStrategy.java:deleteChunk(278)) - Deleted block file: /tmp/junit-5234811891706018501/hdds/a29cd8bf-9385-4d33-8b12-04732e8e81a1/current/containerDir128/114109937905762772/chunks/114109937912447532.block
2025-03-05 12:57:52,670 [BlockDeletingService#0] INFO  impl.FilePerBlockStrategy (FilePerBlockStrategy.java:deleteChunk(278)) - Deleted block file: /tmp/junit-5234811891706018501/hdds/a29cd8bf-9385-4d33-8b12-04732e8e81a1/current/containerDir128/114109937905762772/chunks/114109937912447533.block
2025-03-05 12:57:52,670 [BlockDeletingService#0] INFO  impl.FilePerBlockStrategy (FilePerBlockStrategy.java:deleteChunk(278)) - Deleted block file: /tmp/junit-5234811891706018501/hdds/a29cd8bf-9385-4d33-8b12-04732e8e81a1/current/containerDir128/114109937905762772/chunks/114109937912513070.block
2025-03-05 12:57:52,671 [BlockDeletingService#0] INFO  impl.FilePerBlockStrategy (FilePerBlockStrategy.java:deleteChunk(278)) - Deleted block file: /tmp/junit-5234811891706018501/hdds/a29cd8bf-9385-4d33-8b12-04732e8e81a1/current/containerDir128/114109937905762772/chunks/114109937912578607.block
2025-03-05 12:57:52,671 [BlockDeletingService#0] INFO  impl.FilePerBlockStrategy (FilePerBlockStrategy.java:deleteChunk(278)) - Deleted block file: /tmp/junit-5234811891706018501/hdds/a29cd8bf-9385-4d33-8b12-04732e8e81a1/current/containerDir128/114109937905762772/chunks/114109937912644144.block
2025-03-05 12:57:52,671 [BlockDeletingService#0] INFO  impl.FilePerBlockStrategy (FilePerBlockStrategy.java:deleteChunk(278)) - Deleted block file: /tmp/junit-5234811891706018501/hdds/a29cd8bf-9385-4d33-8b12-04732e8e81a1/current/containerDir128/114109937905762772/chunks/114109937912644145.block
2025-03-05 12:57:52,671 [BlockDeletingService#0] INFO  impl.FilePerBlockStrategy (FilePerBlockStrategy.java:deleteChunk(278)) - Deleted block file: /tmp/junit-5234811891706018501/hdds/a29cd8bf-9385-4d33-8b12-04732e8e81a1/current/containerDir128/114109937905762772/chunks/114109937912775218.block
2025-03-05 12:57:52,671 [BlockDeletingService#0] INFO  impl.FilePerBlockStrategy (FilePerBlockStrategy.java:deleteChunk(278)) - Deleted block file: /tmp/junit-5234811891706018501/hdds/a29cd8bf-9385-4d33-8b12-04732e8e81a1/current/containerDir128/114109937905762772/chunks/114109937912840755.block
2025-03-05 12:57:52,671 [BlockDeletingService#0] INFO  impl.FilePerBlockStrategy (FilePerBlockStrategy.java:deleteChunk(278)) - Deleted block file: /tmp/junit-5234811891706018501/hdds/a29cd8bf-9385-4d33-8b12-04732e8e81a1/current/containerDir128/114109937905762772/chunks/114109937912906292.block
2025-03-05 12:57:52,671 [BlockDeletingService#0] INFO  impl.FilePerBlockStrategy (FilePerBlockStrategy.java:deleteChunk(278)) - Deleted block file: /tmp/junit-5234811891706018501/hdds/a29cd8bf-9385-4d33-8b12-04732e8e81a1/current/containerDir128/114109937905762772/chunks/114109937912906293.block
2025-03-05 12:57:52,671 [BlockDeletingService#0] INFO  impl.FilePerBlockStrategy (FilePerBlockStrategy.java:deleteChunk(278)) - Deleted block file: /tmp/junit-5234811891706018501/hdds/a29cd8bf-9385-4d33-8b12-04732e8e81a1/current/containerDir128/114109937905762772/chunks/114109937912971830.block
2025-03-05 12:57:52,672 [BlockDeletingService#0] INFO  impl.FilePerBlockStrategy (FilePerBlockStrategy.java:deleteChunk(278)) - Deleted block file: /tmp/junit-5234811891706018501/hdds/a29cd8bf-9385-4d33-8b12-04732e8e81a1/current/containerDir128/114109937905762772/chunks/114109937913037367.block
2025-03-05 12:57:52,672 [BlockDeletingService#0] INFO  impl.FilePerBlockStrategy (FilePerBlockStrategy.java:deleteChunk(278)) - Deleted block file: /tmp/junit-5234811891706018501/hdds/a29cd8bf-9385-4d33-8b12-04732e8e81a1/current/containerDir128/114109937905762772/chunks/114109937913102904.block
2025-03-05 12:57:52,674 [BlockDeletingService#0] WARN  utils.BackgroundService (BackgroundService.java:lambda$run$0(151)) - BlockDeletingService Background task execution took 17892312ns > 0ns(timeout)
2025-03-05 12:57:52,755 [main] INFO  utils.BackgroundService (BackgroundService.java:shutdown(162)) - Shutting down service BlockDeletingService
]]></system-out>
  </testcase>
  <testcase name="testShutdownService(ContainerTestVersionInfo)[6]" classname="org.apache.hadoop.ozone.container.common.TestBlockDeletingService" time="0.362">
    <system-out><![CDATA[2025-03-05 12:57:52,763 [main] INFO  db.CodecBuffer (CodecBuffer.java:set(62)) - Successfully set constructor to LeakDetector::newCodecBuffer: org.apache.hadoop.hdds.utils.db.CodecBuffer$$Lambda/0x00007ff600206790@3b809711
2025-03-05 12:57:52,774 [main] INFO  volume.HddsVolume (HddsVolume.java:<init>(132)) - Creating HddsVolume: /tmp/junit-17109417055271762897/hdds of storage type: DISK, capacity=9222449699674390527, used=0, available=9222449699674390527
2025-03-05 12:57:52,776 [main] INFO  volume.MutableVolumeSet (MutableVolumeSet.java:initializeVolumeSet(169)) - Added Volume : /tmp/junit-17109417055271762897/hdds to VolumeSet
2025-03-05 12:57:52,803 [main] INFO  utils.DatanodeStoreCache (DatanodeStoreCache.java:addDB(71)) - Added db /tmp/junit-17109417055271762897/hdds/79bab1d5-99f5-4a7d-ae62-3608c39f6284/DS-256004f9-fda8-42b3-8e4e-a7c8ae5ba5da/container.db to cache
2025-03-05 12:57:52,803 [main] INFO  volume.HddsVolume (HddsVolume.java:createDbStore(446)) - SchemaV3 db is created and loaded at /tmp/junit-17109417055271762897/hdds/79bab1d5-99f5-4a7d-ae62-3608c39f6284/DS-256004f9-fda8-42b3-8e4e-a7c8ae5ba5da/container.db for volume DS-256004f9-fda8-42b3-8e4e-a7c8ae5ba5da
2025-03-05 12:57:52,804 [main] INFO  impl.FilePerBlockStrategy (FilePerBlockStrategy.java:<init>(87)) - ozone.chunk.read.mapped.buffer.max.count is load with 0
2025-03-05 12:57:52,915 [main] INFO  impl.FilePerChunkStrategy (FilePerChunkStrategy.java:<init>(79)) - ozone.chunk.read.mapped.buffer.max.count is load with 0
2025-03-05 12:57:52,915 [main] INFO  impl.FilePerBlockStrategy (FilePerBlockStrategy.java:<init>(87)) - ozone.chunk.read.mapped.buffer.max.count is load with 0
2025-03-05 12:57:53,018 [BlockDeletingService#0] INFO  interfaces.ContainerDeletionChoosingPolicyTemplate (ContainerDeletionChoosingPolicyTemplate.java:chooseContainerForBlockDeletion(83)) - Chosen 100/4900 blocks from 1 candidate containers.
2025-03-05 12:57:53,021 [BlockDeletingService#0] INFO  impl.FilePerBlockStrategy (FilePerBlockStrategy.java:deleteChunk(278)) - Deleted block file: /tmp/junit-17109417055271762897/hdds/79bab1d5-99f5-4a7d-ae62-3608c39f6284/current/containerDir129/114109937930404409/chunks/114109937932370490.block
2025-03-05 12:57:53,021 [BlockDeletingService#0] INFO  impl.FilePerBlockStrategy (FilePerBlockStrategy.java:deleteChunk(278)) - Deleted block file: /tmp/junit-17109417055271762897/hdds/79bab1d5-99f5-4a7d-ae62-3608c39f6284/current/containerDir129/114109937930404409/chunks/114109937932436027.block
2025-03-05 12:57:53,021 [BlockDeletingService#0] INFO  impl.FilePerBlockStrategy (FilePerBlockStrategy.java:deleteChunk(278)) - Deleted block file: /tmp/junit-17109417055271762897/hdds/79bab1d5-99f5-4a7d-ae62-3608c39f6284/current/containerDir129/114109937930404409/chunks/114109937932436028.block
2025-03-05 12:57:53,021 [BlockDeletingService#0] INFO  impl.FilePerBlockStrategy (FilePerBlockStrategy.java:deleteChunk(278)) - Deleted block file: /tmp/junit-17109417055271762897/hdds/79bab1d5-99f5-4a7d-ae62-3608c39f6284/current/containerDir129/114109937930404409/chunks/114109937932501565.block
2025-03-05 12:57:53,021 [BlockDeletingService#0] INFO  impl.FilePerBlockStrategy (FilePerBlockStrategy.java:deleteChunk(278)) - Deleted block file: /tmp/junit-17109417055271762897/hdds/79bab1d5-99f5-4a7d-ae62-3608c39f6284/current/containerDir129/114109937930404409/chunks/114109937932567102.block
2025-03-05 12:57:53,022 [BlockDeletingService#0] INFO  impl.FilePerBlockStrategy (FilePerBlockStrategy.java:deleteChunk(278)) - Deleted block file: /tmp/junit-17109417055271762897/hdds/79bab1d5-99f5-4a7d-ae62-3608c39f6284/current/containerDir129/114109937930404409/chunks/114109937932632639.block
2025-03-05 12:57:53,022 [BlockDeletingService#0] INFO  impl.FilePerBlockStrategy (FilePerBlockStrategy.java:deleteChunk(278)) - Deleted block file: /tmp/junit-17109417055271762897/hdds/79bab1d5-99f5-4a7d-ae62-3608c39f6284/current/containerDir129/114109937930404409/chunks/114109937932698176.block
2025-03-05 12:57:53,022 [BlockDeletingService#0] INFO  impl.FilePerBlockStrategy (FilePerBlockStrategy.java:deleteChunk(278)) - Deleted block file: /tmp/junit-17109417055271762897/hdds/79bab1d5-99f5-4a7d-ae62-3608c39f6284/current/containerDir129/114109937930404409/chunks/114109937932763713.block
2025-03-05 12:57:53,022 [BlockDeletingService#0] INFO  impl.FilePerBlockStrategy (FilePerBlockStrategy.java:deleteChunk(278)) - Deleted block file: /tmp/junit-17109417055271762897/hdds/79bab1d5-99f5-4a7d-ae62-3608c39f6284/current/containerDir129/114109937930404409/chunks/114109937932763714.block
2025-03-05 12:57:53,022 [BlockDeletingService#0] INFO  impl.FilePerBlockStrategy (FilePerBlockStrategy.java:deleteChunk(278)) - Deleted block file: /tmp/junit-17109417055271762897/hdds/79bab1d5-99f5-4a7d-ae62-3608c39f6284/current/containerDir129/114109937930404409/chunks/114109937932829251.block
2025-03-05 12:57:53,022 [BlockDeletingService#0] INFO  impl.FilePerBlockStrategy (FilePerBlockStrategy.java:deleteChunk(278)) - Deleted block file: /tmp/junit-17109417055271762897/hdds/79bab1d5-99f5-4a7d-ae62-3608c39f6284/current/containerDir129/114109937930404409/chunks/114109937932829252.block
2025-03-05 12:57:53,022 [BlockDeletingService#0] INFO  impl.FilePerBlockStrategy (FilePerBlockStrategy.java:deleteChunk(278)) - Deleted block file: /tmp/junit-17109417055271762897/hdds/79bab1d5-99f5-4a7d-ae62-3608c39f6284/current/containerDir129/114109937930404409/chunks/114109937932894789.block
2025-03-05 12:57:53,023 [BlockDeletingService#0] INFO  impl.FilePerBlockStrategy (FilePerBlockStrategy.java:deleteChunk(278)) - Deleted block file: /tmp/junit-17109417055271762897/hdds/79bab1d5-99f5-4a7d-ae62-3608c39f6284/current/containerDir129/114109937930404409/chunks/114109937932960326.block
2025-03-05 12:57:53,023 [BlockDeletingService#0] INFO  impl.FilePerBlockStrategy (FilePerBlockStrategy.java:deleteChunk(278)) - Deleted block file: /tmp/junit-17109417055271762897/hdds/79bab1d5-99f5-4a7d-ae62-3608c39f6284/current/containerDir129/114109937930404409/chunks/114109937932960327.block
2025-03-05 12:57:53,023 [BlockDeletingService#0] INFO  impl.FilePerBlockStrategy (FilePerBlockStrategy.java:deleteChunk(278)) - Deleted block file: /tmp/junit-17109417055271762897/hdds/79bab1d5-99f5-4a7d-ae62-3608c39f6284/current/containerDir129/114109937930404409/chunks/114109937933025864.block
2025-03-05 12:57:53,023 [BlockDeletingService#0] INFO  impl.FilePerBlockStrategy (FilePerBlockStrategy.java:deleteChunk(278)) - Deleted block file: /tmp/junit-17109417055271762897/hdds/79bab1d5-99f5-4a7d-ae62-3608c39f6284/current/containerDir129/114109937930404409/chunks/114109937933091401.block
2025-03-05 12:57:53,023 [BlockDeletingService#0] INFO  impl.FilePerBlockStrategy (FilePerBlockStrategy.java:deleteChunk(278)) - Deleted block file: /tmp/junit-17109417055271762897/hdds/79bab1d5-99f5-4a7d-ae62-3608c39f6284/current/containerDir129/114109937930404409/chunks/114109937933156938.block
2025-03-05 12:57:53,023 [BlockDeletingService#0] INFO  impl.FilePerBlockStrategy (FilePerBlockStrategy.java:deleteChunk(278)) - Deleted block file: /tmp/junit-17109417055271762897/hdds/79bab1d5-99f5-4a7d-ae62-3608c39f6284/current/containerDir129/114109937930404409/chunks/114109937933156939.block
2025-03-05 12:57:53,023 [BlockDeletingService#0] INFO  impl.FilePerBlockStrategy (FilePerBlockStrategy.java:deleteChunk(278)) - Deleted block file: /tmp/junit-17109417055271762897/hdds/79bab1d5-99f5-4a7d-ae62-3608c39f6284/current/containerDir129/114109937930404409/chunks/114109937933222476.block
2025-03-05 12:57:53,024 [BlockDeletingService#0] INFO  impl.FilePerBlockStrategy (FilePerBlockStrategy.java:deleteChunk(278)) - Deleted block file: /tmp/junit-17109417055271762897/hdds/79bab1d5-99f5-4a7d-ae62-3608c39f6284/current/containerDir129/114109937930404409/chunks/114109937933288013.block
2025-03-05 12:57:53,024 [BlockDeletingService#0] INFO  impl.FilePerBlockStrategy (FilePerBlockStrategy.java:deleteChunk(278)) - Deleted block file: /tmp/junit-17109417055271762897/hdds/79bab1d5-99f5-4a7d-ae62-3608c39f6284/current/containerDir129/114109937930404409/chunks/114109937933288014.block
2025-03-05 12:57:53,024 [BlockDeletingService#0] INFO  impl.FilePerBlockStrategy (FilePerBlockStrategy.java:deleteChunk(278)) - Deleted block file: /tmp/junit-17109417055271762897/hdds/79bab1d5-99f5-4a7d-ae62-3608c39f6284/current/containerDir129/114109937930404409/chunks/114109937933353551.block
2025-03-05 12:57:53,024 [BlockDeletingService#0] INFO  impl.FilePerBlockStrategy (FilePerBlockStrategy.java:deleteChunk(278)) - Deleted block file: /tmp/junit-17109417055271762897/hdds/79bab1d5-99f5-4a7d-ae62-3608c39f6284/current/containerDir129/114109937930404409/chunks/114109937933353552.block
2025-03-05 12:57:53,024 [BlockDeletingService#0] INFO  impl.FilePerBlockStrategy (FilePerBlockStrategy.java:deleteChunk(278)) - Deleted block file: /tmp/junit-17109417055271762897/hdds/79bab1d5-99f5-4a7d-ae62-3608c39f6284/current/containerDir129/114109937930404409/chunks/114109937933419089.block
2025-03-05 12:57:53,024 [BlockDeletingService#0] INFO  impl.FilePerBlockStrategy (FilePerBlockStrategy.java:deleteChunk(278)) - Deleted block file: /tmp/junit-17109417055271762897/hdds/79bab1d5-99f5-4a7d-ae62-3608c39f6284/current/containerDir129/114109937930404409/chunks/114109937933484626.block
2025-03-05 12:57:53,024 [BlockDeletingService#0] INFO  impl.FilePerBlockStrategy (FilePerBlockStrategy.java:deleteChunk(278)) - Deleted block file: /tmp/junit-17109417055271762897/hdds/79bab1d5-99f5-4a7d-ae62-3608c39f6284/current/containerDir129/114109937930404409/chunks/114109937933484627.block
2025-03-05 12:57:53,025 [BlockDeletingService#0] INFO  impl.FilePerBlockStrategy (FilePerBlockStrategy.java:deleteChunk(278)) - Deleted block file: /tmp/junit-17109417055271762897/hdds/79bab1d5-99f5-4a7d-ae62-3608c39f6284/current/containerDir129/114109937930404409/chunks/114109937933550164.block
2025-03-05 12:57:53,025 [BlockDeletingService#0] INFO  impl.FilePerBlockStrategy (FilePerBlockStrategy.java:deleteChunk(278)) - Deleted block file: /tmp/junit-17109417055271762897/hdds/79bab1d5-99f5-4a7d-ae62-3608c39f6284/current/containerDir129/114109937930404409/chunks/114109937933615701.block
2025-03-05 12:57:53,025 [BlockDeletingService#0] INFO  impl.FilePerBlockStrategy (FilePerBlockStrategy.java:deleteChunk(278)) - Deleted block file: /tmp/junit-17109417055271762897/hdds/79bab1d5-99f5-4a7d-ae62-3608c39f6284/current/containerDir129/114109937930404409/chunks/114109937933681238.block
2025-03-05 12:57:53,025 [BlockDeletingService#0] INFO  impl.FilePerBlockStrategy (FilePerBlockStrategy.java:deleteChunk(278)) - Deleted block file: /tmp/junit-17109417055271762897/hdds/79bab1d5-99f5-4a7d-ae62-3608c39f6284/current/containerDir129/114109937930404409/chunks/114109937933681239.block
2025-03-05 12:57:53,025 [BlockDeletingService#0] INFO  impl.FilePerBlockStrategy (FilePerBlockStrategy.java:deleteChunk(278)) - Deleted block file: /tmp/junit-17109417055271762897/hdds/79bab1d5-99f5-4a7d-ae62-3608c39f6284/current/containerDir129/114109937930404409/chunks/114109937933746776.block
2025-03-05 12:57:53,025 [BlockDeletingService#0] INFO  impl.FilePerBlockStrategy (FilePerBlockStrategy.java:deleteChunk(278)) - Deleted block file: /tmp/junit-17109417055271762897/hdds/79bab1d5-99f5-4a7d-ae62-3608c39f6284/current/containerDir129/114109937930404409/chunks/114109937933746777.block
2025-03-05 12:57:53,025 [BlockDeletingService#0] INFO  impl.FilePerBlockStrategy (FilePerBlockStrategy.java:deleteChunk(278)) - Deleted block file: /tmp/junit-17109417055271762897/hdds/79bab1d5-99f5-4a7d-ae62-3608c39f6284/current/containerDir129/114109937930404409/chunks/114109937933812314.block
2025-03-05 12:57:53,025 [BlockDeletingService#0] INFO  impl.FilePerBlockStrategy (FilePerBlockStrategy.java:deleteChunk(278)) - Deleted block file: /tmp/junit-17109417055271762897/hdds/79bab1d5-99f5-4a7d-ae62-3608c39f6284/current/containerDir129/114109937930404409/chunks/114109937933877851.block
2025-03-05 12:57:53,026 [BlockDeletingService#0] INFO  impl.FilePerBlockStrategy (FilePerBlockStrategy.java:deleteChunk(278)) - Deleted block file: /tmp/junit-17109417055271762897/hdds/79bab1d5-99f5-4a7d-ae62-3608c39f6284/current/containerDir129/114109937930404409/chunks/114109937933943388.block
2025-03-05 12:57:53,026 [BlockDeletingService#0] INFO  impl.FilePerBlockStrategy (FilePerBlockStrategy.java:deleteChunk(278)) - Deleted block file: /tmp/junit-17109417055271762897/hdds/79bab1d5-99f5-4a7d-ae62-3608c39f6284/current/containerDir129/114109937930404409/chunks/114109937933943389.block
2025-03-05 12:57:53,026 [BlockDeletingService#0] INFO  impl.FilePerBlockStrategy (FilePerBlockStrategy.java:deleteChunk(278)) - Deleted block file: /tmp/junit-17109417055271762897/hdds/79bab1d5-99f5-4a7d-ae62-3608c39f6284/current/containerDir129/114109937930404409/chunks/114109937934008926.block
2025-03-05 12:57:53,026 [BlockDeletingService#0] INFO  impl.FilePerBlockStrategy (FilePerBlockStrategy.java:deleteChunk(278)) - Deleted block file: /tmp/junit-17109417055271762897/hdds/79bab1d5-99f5-4a7d-ae62-3608c39f6284/current/containerDir129/114109937930404409/chunks/114109937934139999.block
2025-03-05 12:57:53,026 [BlockDeletingService#0] INFO  impl.FilePerBlockStrategy (FilePerBlockStrategy.java:deleteChunk(278)) - Deleted block file: /tmp/junit-17109417055271762897/hdds/79bab1d5-99f5-4a7d-ae62-3608c39f6284/current/containerDir129/114109937930404409/chunks/114109937934140000.block
2025-03-05 12:57:53,026 [BlockDeletingService#0] INFO  impl.FilePerBlockStrategy (FilePerBlockStrategy.java:deleteChunk(278)) - Deleted block file: /tmp/junit-17109417055271762897/hdds/79bab1d5-99f5-4a7d-ae62-3608c39f6284/current/containerDir129/114109937930404409/chunks/114109937934205537.block
2025-03-05 12:57:53,026 [BlockDeletingService#0] INFO  impl.FilePerBlockStrategy (FilePerBlockStrategy.java:deleteChunk(278)) - Deleted block file: /tmp/junit-17109417055271762897/hdds/79bab1d5-99f5-4a7d-ae62-3608c39f6284/current/containerDir129/114109937930404409/chunks/114109937934271074.block
2025-03-05 12:57:53,026 [BlockDeletingService#0] INFO  impl.FilePerBlockStrategy (FilePerBlockStrategy.java:deleteChunk(278)) - Deleted block file: /tmp/junit-17109417055271762897/hdds/79bab1d5-99f5-4a7d-ae62-3608c39f6284/current/containerDir129/114109937930404409/chunks/114109937934271075.block
2025-03-05 12:57:53,027 [BlockDeletingService#0] INFO  impl.FilePerBlockStrategy (FilePerBlockStrategy.java:deleteChunk(278)) - Deleted block file: /tmp/junit-17109417055271762897/hdds/79bab1d5-99f5-4a7d-ae62-3608c39f6284/current/containerDir129/114109937930404409/chunks/114109937934336612.block
2025-03-05 12:57:53,027 [BlockDeletingService#0] INFO  impl.FilePerBlockStrategy (FilePerBlockStrategy.java:deleteChunk(278)) - Deleted block file: /tmp/junit-17109417055271762897/hdds/79bab1d5-99f5-4a7d-ae62-3608c39f6284/current/containerDir129/114109937930404409/chunks/114109937934336613.block
2025-03-05 12:57:53,027 [BlockDeletingService#0] INFO  impl.FilePerBlockStrategy (FilePerBlockStrategy.java:deleteChunk(278)) - Deleted block file: /tmp/junit-17109417055271762897/hdds/79bab1d5-99f5-4a7d-ae62-3608c39f6284/current/containerDir129/114109937930404409/chunks/114109937934402150.block
2025-03-05 12:57:53,027 [BlockDeletingService#0] INFO  impl.FilePerBlockStrategy (FilePerBlockStrategy.java:deleteChunk(278)) - Deleted block file: /tmp/junit-17109417055271762897/hdds/79bab1d5-99f5-4a7d-ae62-3608c39f6284/current/containerDir129/114109937930404409/chunks/114109937934402151.block
2025-03-05 12:57:53,027 [BlockDeletingService#0] INFO  impl.FilePerBlockStrategy (FilePerBlockStrategy.java:deleteChunk(278)) - Deleted block file: /tmp/junit-17109417055271762897/hdds/79bab1d5-99f5-4a7d-ae62-3608c39f6284/current/containerDir129/114109937930404409/chunks/114109937934467688.block
2025-03-05 12:57:53,027 [BlockDeletingService#0] INFO  impl.FilePerBlockStrategy (FilePerBlockStrategy.java:deleteChunk(278)) - Deleted block file: /tmp/junit-17109417055271762897/hdds/79bab1d5-99f5-4a7d-ae62-3608c39f6284/current/containerDir129/114109937930404409/chunks/114109937934533225.block
2025-03-05 12:57:53,027 [BlockDeletingService#0] INFO  impl.FilePerBlockStrategy (FilePerBlockStrategy.java:deleteChunk(278)) - Deleted block file: /tmp/junit-17109417055271762897/hdds/79bab1d5-99f5-4a7d-ae62-3608c39f6284/current/containerDir129/114109937930404409/chunks/114109937934533226.block
2025-03-05 12:57:53,028 [BlockDeletingService#0] INFO  impl.FilePerBlockStrategy (FilePerBlockStrategy.java:deleteChunk(278)) - Deleted block file: /tmp/junit-17109417055271762897/hdds/79bab1d5-99f5-4a7d-ae62-3608c39f6284/current/containerDir129/114109937930404409/chunks/114109937934598763.block
2025-03-05 12:57:53,028 [BlockDeletingService#0] INFO  impl.FilePerBlockStrategy (FilePerBlockStrategy.java:deleteChunk(278)) - Deleted block file: /tmp/junit-17109417055271762897/hdds/79bab1d5-99f5-4a7d-ae62-3608c39f6284/current/containerDir129/114109937930404409/chunks/114109937934598764.block
2025-03-05 12:57:53,028 [BlockDeletingService#0] INFO  impl.FilePerBlockStrategy (FilePerBlockStrategy.java:deleteChunk(278)) - Deleted block file: /tmp/junit-17109417055271762897/hdds/79bab1d5-99f5-4a7d-ae62-3608c39f6284/current/containerDir129/114109937930404409/chunks/114109937934664301.block
2025-03-05 12:57:53,028 [BlockDeletingService#0] INFO  impl.FilePerBlockStrategy (FilePerBlockStrategy.java:deleteChunk(278)) - Deleted block file: /tmp/junit-17109417055271762897/hdds/79bab1d5-99f5-4a7d-ae62-3608c39f6284/current/containerDir129/114109937930404409/chunks/114109937934729838.block
2025-03-05 12:57:53,028 [BlockDeletingService#0] INFO  impl.FilePerBlockStrategy (FilePerBlockStrategy.java:deleteChunk(278)) - Deleted block file: /tmp/junit-17109417055271762897/hdds/79bab1d5-99f5-4a7d-ae62-3608c39f6284/current/containerDir129/114109937930404409/chunks/114109937934795375.block
2025-03-05 12:57:53,028 [BlockDeletingService#0] INFO  impl.FilePerBlockStrategy (FilePerBlockStrategy.java:deleteChunk(278)) - Deleted block file: /tmp/junit-17109417055271762897/hdds/79bab1d5-99f5-4a7d-ae62-3608c39f6284/current/containerDir129/114109937930404409/chunks/114109937934860912.block
2025-03-05 12:57:53,028 [BlockDeletingService#0] INFO  impl.FilePerBlockStrategy (FilePerBlockStrategy.java:deleteChunk(278)) - Deleted block file: /tmp/junit-17109417055271762897/hdds/79bab1d5-99f5-4a7d-ae62-3608c39f6284/current/containerDir129/114109937930404409/chunks/114109937934926449.block
2025-03-05 12:57:53,028 [BlockDeletingService#0] INFO  impl.FilePerBlockStrategy (FilePerBlockStrategy.java:deleteChunk(278)) - Deleted block file: /tmp/junit-17109417055271762897/hdds/79bab1d5-99f5-4a7d-ae62-3608c39f6284/current/containerDir129/114109937930404409/chunks/114109937934991986.block
2025-03-05 12:57:53,029 [BlockDeletingService#0] INFO  impl.FilePerBlockStrategy (FilePerBlockStrategy.java:deleteChunk(278)) - Deleted block file: /tmp/junit-17109417055271762897/hdds/79bab1d5-99f5-4a7d-ae62-3608c39f6284/current/containerDir129/114109937930404409/chunks/114109937935057523.block
2025-03-05 12:57:53,029 [BlockDeletingService#0] INFO  impl.FilePerBlockStrategy (FilePerBlockStrategy.java:deleteChunk(278)) - Deleted block file: /tmp/junit-17109417055271762897/hdds/79bab1d5-99f5-4a7d-ae62-3608c39f6284/current/containerDir129/114109937930404409/chunks/114109937935057524.block
2025-03-05 12:57:53,029 [BlockDeletingService#0] INFO  impl.FilePerBlockStrategy (FilePerBlockStrategy.java:deleteChunk(278)) - Deleted block file: /tmp/junit-17109417055271762897/hdds/79bab1d5-99f5-4a7d-ae62-3608c39f6284/current/containerDir129/114109937930404409/chunks/114109937935123061.block
2025-03-05 12:57:53,029 [BlockDeletingService#0] INFO  impl.FilePerBlockStrategy (FilePerBlockStrategy.java:deleteChunk(278)) - Deleted block file: /tmp/junit-17109417055271762897/hdds/79bab1d5-99f5-4a7d-ae62-3608c39f6284/current/containerDir129/114109937930404409/chunks/114109937935188598.block
2025-03-05 12:57:53,029 [BlockDeletingService#0] INFO  impl.FilePerBlockStrategy (FilePerBlockStrategy.java:deleteChunk(278)) - Deleted block file: /tmp/junit-17109417055271762897/hdds/79bab1d5-99f5-4a7d-ae62-3608c39f6284/current/containerDir129/114109937930404409/chunks/114109937935188599.block
2025-03-05 12:57:53,029 [BlockDeletingService#0] INFO  impl.FilePerBlockStrategy (FilePerBlockStrategy.java:deleteChunk(278)) - Deleted block file: /tmp/junit-17109417055271762897/hdds/79bab1d5-99f5-4a7d-ae62-3608c39f6284/current/containerDir129/114109937930404409/chunks/114109937935254136.block
2025-03-05 12:57:53,029 [BlockDeletingService#0] INFO  impl.FilePerBlockStrategy (FilePerBlockStrategy.java:deleteChunk(278)) - Deleted block file: /tmp/junit-17109417055271762897/hdds/79bab1d5-99f5-4a7d-ae62-3608c39f6284/current/containerDir129/114109937930404409/chunks/114109937935319673.block
2025-03-05 12:57:53,029 [BlockDeletingService#0] INFO  impl.FilePerBlockStrategy (FilePerBlockStrategy.java:deleteChunk(278)) - Deleted block file: /tmp/junit-17109417055271762897/hdds/79bab1d5-99f5-4a7d-ae62-3608c39f6284/current/containerDir129/114109937930404409/chunks/114109937935385210.block
2025-03-05 12:57:53,030 [BlockDeletingService#0] INFO  impl.FilePerBlockStrategy (FilePerBlockStrategy.java:deleteChunk(278)) - Deleted block file: /tmp/junit-17109417055271762897/hdds/79bab1d5-99f5-4a7d-ae62-3608c39f6284/current/containerDir129/114109937930404409/chunks/114109937935450747.block
2025-03-05 12:57:53,030 [BlockDeletingService#0] INFO  impl.FilePerBlockStrategy (FilePerBlockStrategy.java:deleteChunk(278)) - Deleted block file: /tmp/junit-17109417055271762897/hdds/79bab1d5-99f5-4a7d-ae62-3608c39f6284/current/containerDir129/114109937930404409/chunks/114109937935450748.block
2025-03-05 12:57:53,030 [BlockDeletingService#0] INFO  impl.FilePerBlockStrategy (FilePerBlockStrategy.java:deleteChunk(278)) - Deleted block file: /tmp/junit-17109417055271762897/hdds/79bab1d5-99f5-4a7d-ae62-3608c39f6284/current/containerDir129/114109937930404409/chunks/114109937935516285.block
2025-03-05 12:57:53,030 [BlockDeletingService#0] INFO  impl.FilePerBlockStrategy (FilePerBlockStrategy.java:deleteChunk(278)) - Deleted block file: /tmp/junit-17109417055271762897/hdds/79bab1d5-99f5-4a7d-ae62-3608c39f6284/current/containerDir129/114109937930404409/chunks/114109937935581822.block
2025-03-05 12:57:53,030 [BlockDeletingService#0] INFO  impl.FilePerBlockStrategy (FilePerBlockStrategy.java:deleteChunk(278)) - Deleted block file: /tmp/junit-17109417055271762897/hdds/79bab1d5-99f5-4a7d-ae62-3608c39f6284/current/containerDir129/114109937930404409/chunks/114109937935581823.block
2025-03-05 12:57:53,030 [BlockDeletingService#0] INFO  impl.FilePerBlockStrategy (FilePerBlockStrategy.java:deleteChunk(278)) - Deleted block file: /tmp/junit-17109417055271762897/hdds/79bab1d5-99f5-4a7d-ae62-3608c39f6284/current/containerDir129/114109937930404409/chunks/114109937935647360.block
2025-03-05 12:57:53,030 [BlockDeletingService#0] INFO  impl.FilePerBlockStrategy (FilePerBlockStrategy.java:deleteChunk(278)) - Deleted block file: /tmp/junit-17109417055271762897/hdds/79bab1d5-99f5-4a7d-ae62-3608c39f6284/current/containerDir129/114109937930404409/chunks/114109937935712897.block
2025-03-05 12:57:53,031 [BlockDeletingService#0] INFO  impl.FilePerBlockStrategy (FilePerBlockStrategy.java:deleteChunk(278)) - Deleted block file: /tmp/junit-17109417055271762897/hdds/79bab1d5-99f5-4a7d-ae62-3608c39f6284/current/containerDir129/114109937930404409/chunks/114109937935712898.block
2025-03-05 12:57:53,031 [BlockDeletingService#0] INFO  impl.FilePerBlockStrategy (FilePerBlockStrategy.java:deleteChunk(278)) - Deleted block file: /tmp/junit-17109417055271762897/hdds/79bab1d5-99f5-4a7d-ae62-3608c39f6284/current/containerDir129/114109937930404409/chunks/114109937935778435.block
2025-03-05 12:57:53,031 [BlockDeletingService#0] INFO  impl.FilePerBlockStrategy (FilePerBlockStrategy.java:deleteChunk(278)) - Deleted block file: /tmp/junit-17109417055271762897/hdds/79bab1d5-99f5-4a7d-ae62-3608c39f6284/current/containerDir129/114109937930404409/chunks/114109937935778436.block
2025-03-05 12:57:53,031 [BlockDeletingService#0] INFO  impl.FilePerBlockStrategy (FilePerBlockStrategy.java:deleteChunk(278)) - Deleted block file: /tmp/junit-17109417055271762897/hdds/79bab1d5-99f5-4a7d-ae62-3608c39f6284/current/containerDir129/114109937930404409/chunks/114109937935843973.block
2025-03-05 12:57:53,031 [BlockDeletingService#0] INFO  impl.FilePerBlockStrategy (FilePerBlockStrategy.java:deleteChunk(278)) - Deleted block file: /tmp/junit-17109417055271762897/hdds/79bab1d5-99f5-4a7d-ae62-3608c39f6284/current/containerDir129/114109937930404409/chunks/114109937935909510.block
2025-03-05 12:57:53,031 [BlockDeletingService#0] INFO  impl.FilePerBlockStrategy (FilePerBlockStrategy.java:deleteChunk(278)) - Deleted block file: /tmp/junit-17109417055271762897/hdds/79bab1d5-99f5-4a7d-ae62-3608c39f6284/current/containerDir129/114109937930404409/chunks/114109937935909511.block
2025-03-05 12:57:53,031 [BlockDeletingService#0] INFO  impl.FilePerBlockStrategy (FilePerBlockStrategy.java:deleteChunk(278)) - Deleted block file: /tmp/junit-17109417055271762897/hdds/79bab1d5-99f5-4a7d-ae62-3608c39f6284/current/containerDir129/114109937930404409/chunks/114109937935975048.block
2025-03-05 12:57:53,031 [BlockDeletingService#0] INFO  impl.FilePerBlockStrategy (FilePerBlockStrategy.java:deleteChunk(278)) - Deleted block file: /tmp/junit-17109417055271762897/hdds/79bab1d5-99f5-4a7d-ae62-3608c39f6284/current/containerDir129/114109937930404409/chunks/114109937936040585.block
2025-03-05 12:57:53,032 [BlockDeletingService#0] INFO  impl.FilePerBlockStrategy (FilePerBlockStrategy.java:deleteChunk(278)) - Deleted block file: /tmp/junit-17109417055271762897/hdds/79bab1d5-99f5-4a7d-ae62-3608c39f6284/current/containerDir129/114109937930404409/chunks/114109937936106122.block
2025-03-05 12:57:53,032 [BlockDeletingService#0] INFO  impl.FilePerBlockStrategy (FilePerBlockStrategy.java:deleteChunk(278)) - Deleted block file: /tmp/junit-17109417055271762897/hdds/79bab1d5-99f5-4a7d-ae62-3608c39f6284/current/containerDir129/114109937930404409/chunks/114109937936106123.block
2025-03-05 12:57:53,032 [BlockDeletingService#0] INFO  impl.FilePerBlockStrategy (FilePerBlockStrategy.java:deleteChunk(278)) - Deleted block file: /tmp/junit-17109417055271762897/hdds/79bab1d5-99f5-4a7d-ae62-3608c39f6284/current/containerDir129/114109937930404409/chunks/114109937936171660.block
2025-03-05 12:57:53,032 [BlockDeletingService#0] INFO  impl.FilePerBlockStrategy (FilePerBlockStrategy.java:deleteChunk(278)) - Deleted block file: /tmp/junit-17109417055271762897/hdds/79bab1d5-99f5-4a7d-ae62-3608c39f6284/current/containerDir129/114109937930404409/chunks/114109937936237197.block
2025-03-05 12:57:53,032 [BlockDeletingService#0] INFO  impl.FilePerBlockStrategy (FilePerBlockStrategy.java:deleteChunk(278)) - Deleted block file: /tmp/junit-17109417055271762897/hdds/79bab1d5-99f5-4a7d-ae62-3608c39f6284/current/containerDir129/114109937930404409/chunks/114109937936237198.block
2025-03-05 12:57:53,032 [BlockDeletingService#0] INFO  impl.FilePerBlockStrategy (FilePerBlockStrategy.java:deleteChunk(278)) - Deleted block file: /tmp/junit-17109417055271762897/hdds/79bab1d5-99f5-4a7d-ae62-3608c39f6284/current/containerDir129/114109937930404409/chunks/114109937936302735.block
2025-03-05 12:57:53,032 [BlockDeletingService#0] INFO  impl.FilePerBlockStrategy (FilePerBlockStrategy.java:deleteChunk(278)) - Deleted block file: /tmp/junit-17109417055271762897/hdds/79bab1d5-99f5-4a7d-ae62-3608c39f6284/current/containerDir129/114109937930404409/chunks/114109937936368272.block
2025-03-05 12:57:53,032 [BlockDeletingService#0] INFO  impl.FilePerBlockStrategy (FilePerBlockStrategy.java:deleteChunk(278)) - Deleted block file: /tmp/junit-17109417055271762897/hdds/79bab1d5-99f5-4a7d-ae62-3608c39f6284/current/containerDir129/114109937930404409/chunks/114109937936368273.block
2025-03-05 12:57:53,033 [BlockDeletingService#0] INFO  impl.FilePerBlockStrategy (FilePerBlockStrategy.java:deleteChunk(278)) - Deleted block file: /tmp/junit-17109417055271762897/hdds/79bab1d5-99f5-4a7d-ae62-3608c39f6284/current/containerDir129/114109937930404409/chunks/114109937936433810.block
2025-03-05 12:57:53,033 [BlockDeletingService#0] INFO  impl.FilePerBlockStrategy (FilePerBlockStrategy.java:deleteChunk(278)) - Deleted block file: /tmp/junit-17109417055271762897/hdds/79bab1d5-99f5-4a7d-ae62-3608c39f6284/current/containerDir129/114109937930404409/chunks/114109937936433811.block
2025-03-05 12:57:53,033 [BlockDeletingService#0] INFO  impl.FilePerBlockStrategy (FilePerBlockStrategy.java:deleteChunk(278)) - Deleted block file: /tmp/junit-17109417055271762897/hdds/79bab1d5-99f5-4a7d-ae62-3608c39f6284/current/containerDir129/114109937930404409/chunks/114109937936499348.block
2025-03-05 12:57:53,033 [BlockDeletingService#0] INFO  impl.FilePerBlockStrategy (FilePerBlockStrategy.java:deleteChunk(278)) - Deleted block file: /tmp/junit-17109417055271762897/hdds/79bab1d5-99f5-4a7d-ae62-3608c39f6284/current/containerDir129/114109937930404409/chunks/114109937936499349.block
2025-03-05 12:57:53,033 [BlockDeletingService#0] INFO  impl.FilePerBlockStrategy (FilePerBlockStrategy.java:deleteChunk(278)) - Deleted block file: /tmp/junit-17109417055271762897/hdds/79bab1d5-99f5-4a7d-ae62-3608c39f6284/current/containerDir129/114109937930404409/chunks/114109937936564886.block
2025-03-05 12:57:53,033 [BlockDeletingService#0] INFO  impl.FilePerBlockStrategy (FilePerBlockStrategy.java:deleteChunk(278)) - Deleted block file: /tmp/junit-17109417055271762897/hdds/79bab1d5-99f5-4a7d-ae62-3608c39f6284/current/containerDir129/114109937930404409/chunks/114109937936630423.block
2025-03-05 12:57:53,033 [BlockDeletingService#0] INFO  impl.FilePerBlockStrategy (FilePerBlockStrategy.java:deleteChunk(278)) - Deleted block file: /tmp/junit-17109417055271762897/hdds/79bab1d5-99f5-4a7d-ae62-3608c39f6284/current/containerDir129/114109937930404409/chunks/114109937936695960.block
2025-03-05 12:57:53,034 [BlockDeletingService#0] INFO  impl.FilePerBlockStrategy (FilePerBlockStrategy.java:deleteChunk(278)) - Deleted block file: /tmp/junit-17109417055271762897/hdds/79bab1d5-99f5-4a7d-ae62-3608c39f6284/current/containerDir129/114109937930404409/chunks/114109937936695961.block
2025-03-05 12:57:53,034 [BlockDeletingService#0] INFO  impl.FilePerBlockStrategy (FilePerBlockStrategy.java:deleteChunk(278)) - Deleted block file: /tmp/junit-17109417055271762897/hdds/79bab1d5-99f5-4a7d-ae62-3608c39f6284/current/containerDir129/114109937930404409/chunks/114109937936761498.block
2025-03-05 12:57:53,034 [BlockDeletingService#0] INFO  impl.FilePerBlockStrategy (FilePerBlockStrategy.java:deleteChunk(278)) - Deleted block file: /tmp/junit-17109417055271762897/hdds/79bab1d5-99f5-4a7d-ae62-3608c39f6284/current/containerDir129/114109937930404409/chunks/114109937936761499.block
2025-03-05 12:57:53,034 [BlockDeletingService#0] INFO  impl.FilePerBlockStrategy (FilePerBlockStrategy.java:deleteChunk(278)) - Deleted block file: /tmp/junit-17109417055271762897/hdds/79bab1d5-99f5-4a7d-ae62-3608c39f6284/current/containerDir129/114109937930404409/chunks/114109937936827036.block
2025-03-05 12:57:53,034 [BlockDeletingService#0] INFO  impl.FilePerBlockStrategy (FilePerBlockStrategy.java:deleteChunk(278)) - Deleted block file: /tmp/junit-17109417055271762897/hdds/79bab1d5-99f5-4a7d-ae62-3608c39f6284/current/containerDir129/114109937930404409/chunks/114109937936892573.block
2025-03-05 12:57:53,036 [BlockDeletingService#0] WARN  utils.BackgroundService (BackgroundService.java:lambda$run$0(151)) - BlockDeletingService Background task execution took 17144421ns > 0ns(timeout)
2025-03-05 12:57:53,117 [main] INFO  utils.BackgroundService (BackgroundService.java:shutdown(162)) - Shutting down service BlockDeletingService
]]></system-out>
  </testcase>
  <testcase name="testShutdownService(ContainerTestVersionInfo)[7]" classname="org.apache.hadoop.ozone.container.common.TestBlockDeletingService" time="0.398">
    <system-out><![CDATA[2025-03-05 12:57:53,126 [main] INFO  db.CodecBuffer (CodecBuffer.java:set(62)) - Successfully set constructor to LeakDetector::newCodecBuffer: org.apache.hadoop.hdds.utils.db.CodecBuffer$$Lambda/0x00007ff600206790@3b809711
2025-03-05 12:57:53,136 [main] INFO  volume.HddsVolume (HddsVolume.java:<init>(132)) - Creating HddsVolume: /tmp/junit-14010953497399344260/hdds of storage type: DISK, capacity=9222449699674390527, used=0, available=9222449699674390527
2025-03-05 12:57:53,137 [main] INFO  volume.MutableVolumeSet (MutableVolumeSet.java:initializeVolumeSet(169)) - Added Volume : /tmp/junit-14010953497399344260/hdds to VolumeSet
2025-03-05 12:57:53,168 [main] INFO  utils.DatanodeStoreCache (DatanodeStoreCache.java:addDB(71)) - Added db /tmp/junit-14010953497399344260/hdds/5b674abf-c4f6-4ce6-a163-36d88ea507b2/DS-ba0dba3f-4be4-48e0-a816-0b9580a10550/container.db to cache
2025-03-05 12:57:53,168 [main] INFO  volume.HddsVolume (HddsVolume.java:createDbStore(446)) - SchemaV3 db is created and loaded at /tmp/junit-14010953497399344260/hdds/5b674abf-c4f6-4ce6-a163-36d88ea507b2/DS-ba0dba3f-4be4-48e0-a816-0b9580a10550/container.db for volume DS-ba0dba3f-4be4-48e0-a816-0b9580a10550
2025-03-05 12:57:53,170 [main] INFO  impl.FilePerBlockStrategy (FilePerBlockStrategy.java:<init>(87)) - ozone.chunk.read.mapped.buffer.max.count is load with 0
2025-03-05 12:57:53,315 [main] INFO  impl.FilePerChunkStrategy (FilePerChunkStrategy.java:<init>(79)) - ozone.chunk.read.mapped.buffer.max.count is load with 0
2025-03-05 12:57:53,315 [main] INFO  impl.FilePerBlockStrategy (FilePerBlockStrategy.java:<init>(87)) - ozone.chunk.read.mapped.buffer.max.count is load with 0
2025-03-05 12:57:53,419 [BlockDeletingService#0] INFO  interfaces.ContainerDeletionChoosingPolicyTemplate (ContainerDeletionChoosingPolicyTemplate.java:chooseContainerForBlockDeletion(83)) - Chosen 100/4900 blocks from 1 candidate containers.
2025-03-05 12:57:53,422 [BlockDeletingService#0] INFO  impl.FilePerBlockStrategy (FilePerBlockStrategy.java:deleteChunk(278)) - Deleted block file: /tmp/junit-14010953497399344260/hdds/5b674abf-c4f6-4ce6-a163-36d88ea507b2/current/containerDir1/114109937954849438/chunks/114109937957077663.block
2025-03-05 12:57:53,423 [BlockDeletingService#0] INFO  impl.FilePerBlockStrategy (FilePerBlockStrategy.java:deleteChunk(278)) - Deleted block file: /tmp/junit-14010953497399344260/hdds/5b674abf-c4f6-4ce6-a163-36d88ea507b2/current/containerDir1/114109937954849438/chunks/114109937957143200.block
2025-03-05 12:57:53,423 [BlockDeletingService#0] INFO  impl.FilePerBlockStrategy (FilePerBlockStrategy.java:deleteChunk(278)) - Deleted block file: /tmp/junit-14010953497399344260/hdds/5b674abf-c4f6-4ce6-a163-36d88ea507b2/current/containerDir1/114109937954849438/chunks/114109937957143201.block
2025-03-05 12:57:53,423 [BlockDeletingService#0] INFO  impl.FilePerBlockStrategy (FilePerBlockStrategy.java:deleteChunk(278)) - Deleted block file: /tmp/junit-14010953497399344260/hdds/5b674abf-c4f6-4ce6-a163-36d88ea507b2/current/containerDir1/114109937954849438/chunks/114109937957208738.block
2025-03-05 12:57:53,423 [BlockDeletingService#0] INFO  impl.FilePerBlockStrategy (FilePerBlockStrategy.java:deleteChunk(278)) - Deleted block file: /tmp/junit-14010953497399344260/hdds/5b674abf-c4f6-4ce6-a163-36d88ea507b2/current/containerDir1/114109937954849438/chunks/114109937957274275.block
2025-03-05 12:57:53,423 [BlockDeletingService#0] INFO  impl.FilePerBlockStrategy (FilePerBlockStrategy.java:deleteChunk(278)) - Deleted block file: /tmp/junit-14010953497399344260/hdds/5b674abf-c4f6-4ce6-a163-36d88ea507b2/current/containerDir1/114109937954849438/chunks/114109937957339812.block
2025-03-05 12:57:53,424 [BlockDeletingService#0] INFO  impl.FilePerBlockStrategy (FilePerBlockStrategy.java:deleteChunk(278)) - Deleted block file: /tmp/junit-14010953497399344260/hdds/5b674abf-c4f6-4ce6-a163-36d88ea507b2/current/containerDir1/114109937954849438/chunks/114109937957405349.block
2025-03-05 12:57:53,424 [BlockDeletingService#0] INFO  impl.FilePerBlockStrategy (FilePerBlockStrategy.java:deleteChunk(278)) - Deleted block file: /tmp/junit-14010953497399344260/hdds/5b674abf-c4f6-4ce6-a163-36d88ea507b2/current/containerDir1/114109937954849438/chunks/114109937957470886.block
2025-03-05 12:57:53,424 [BlockDeletingService#0] INFO  impl.FilePerBlockStrategy (FilePerBlockStrategy.java:deleteChunk(278)) - Deleted block file: /tmp/junit-14010953497399344260/hdds/5b674abf-c4f6-4ce6-a163-36d88ea507b2/current/containerDir1/114109937954849438/chunks/114109937957536423.block
2025-03-05 12:57:53,424 [BlockDeletingService#0] INFO  impl.FilePerBlockStrategy (FilePerBlockStrategy.java:deleteChunk(278)) - Deleted block file: /tmp/junit-14010953497399344260/hdds/5b674abf-c4f6-4ce6-a163-36d88ea507b2/current/containerDir1/114109937954849438/chunks/114109937957536424.block
2025-03-05 12:57:53,424 [BlockDeletingService#0] INFO  impl.FilePerBlockStrategy (FilePerBlockStrategy.java:deleteChunk(278)) - Deleted block file: /tmp/junit-14010953497399344260/hdds/5b674abf-c4f6-4ce6-a163-36d88ea507b2/current/containerDir1/114109937954849438/chunks/114109937957601961.block
2025-03-05 12:57:53,424 [BlockDeletingService#0] INFO  impl.FilePerBlockStrategy (FilePerBlockStrategy.java:deleteChunk(278)) - Deleted block file: /tmp/junit-14010953497399344260/hdds/5b674abf-c4f6-4ce6-a163-36d88ea507b2/current/containerDir1/114109937954849438/chunks/114109937957667498.block
2025-03-05 12:57:53,425 [BlockDeletingService#0] INFO  impl.FilePerBlockStrategy (FilePerBlockStrategy.java:deleteChunk(278)) - Deleted block file: /tmp/junit-14010953497399344260/hdds/5b674abf-c4f6-4ce6-a163-36d88ea507b2/current/containerDir1/114109937954849438/chunks/114109937957733035.block
2025-03-05 12:57:53,425 [BlockDeletingService#0] INFO  impl.FilePerBlockStrategy (FilePerBlockStrategy.java:deleteChunk(278)) - Deleted block file: /tmp/junit-14010953497399344260/hdds/5b674abf-c4f6-4ce6-a163-36d88ea507b2/current/containerDir1/114109937954849438/chunks/114109937957733036.block
2025-03-05 12:57:53,425 [BlockDeletingService#0] INFO  impl.FilePerBlockStrategy (FilePerBlockStrategy.java:deleteChunk(278)) - Deleted block file: /tmp/junit-14010953497399344260/hdds/5b674abf-c4f6-4ce6-a163-36d88ea507b2/current/containerDir1/114109937954849438/chunks/114109937957798573.block
2025-03-05 12:57:53,425 [BlockDeletingService#0] INFO  impl.FilePerBlockStrategy (FilePerBlockStrategy.java:deleteChunk(278)) - Deleted block file: /tmp/junit-14010953497399344260/hdds/5b674abf-c4f6-4ce6-a163-36d88ea507b2/current/containerDir1/114109937954849438/chunks/114109937957864110.block
2025-03-05 12:57:53,425 [BlockDeletingService#0] INFO  impl.FilePerBlockStrategy (FilePerBlockStrategy.java:deleteChunk(278)) - Deleted block file: /tmp/junit-14010953497399344260/hdds/5b674abf-c4f6-4ce6-a163-36d88ea507b2/current/containerDir1/114109937954849438/chunks/114109937957929647.block
2025-03-05 12:57:53,426 [BlockDeletingService#0] INFO  impl.FilePerBlockStrategy (FilePerBlockStrategy.java:deleteChunk(278)) - Deleted block file: /tmp/junit-14010953497399344260/hdds/5b674abf-c4f6-4ce6-a163-36d88ea507b2/current/containerDir1/114109937954849438/chunks/114109937957995184.block
2025-03-05 12:57:53,426 [BlockDeletingService#0] INFO  impl.FilePerBlockStrategy (FilePerBlockStrategy.java:deleteChunk(278)) - Deleted block file: /tmp/junit-14010953497399344260/hdds/5b674abf-c4f6-4ce6-a163-36d88ea507b2/current/containerDir1/114109937954849438/chunks/114109937958060721.block
2025-03-05 12:57:53,426 [BlockDeletingService#0] INFO  impl.FilePerBlockStrategy (FilePerBlockStrategy.java:deleteChunk(278)) - Deleted block file: /tmp/junit-14010953497399344260/hdds/5b674abf-c4f6-4ce6-a163-36d88ea507b2/current/containerDir1/114109937954849438/chunks/114109937958060722.block
2025-03-05 12:57:53,426 [BlockDeletingService#0] INFO  impl.FilePerBlockStrategy (FilePerBlockStrategy.java:deleteChunk(278)) - Deleted block file: /tmp/junit-14010953497399344260/hdds/5b674abf-c4f6-4ce6-a163-36d88ea507b2/current/containerDir1/114109937954849438/chunks/114109937958126259.block
2025-03-05 12:57:53,426 [BlockDeletingService#0] INFO  impl.FilePerBlockStrategy (FilePerBlockStrategy.java:deleteChunk(278)) - Deleted block file: /tmp/junit-14010953497399344260/hdds/5b674abf-c4f6-4ce6-a163-36d88ea507b2/current/containerDir1/114109937954849438/chunks/114109937958191796.block
2025-03-05 12:57:53,426 [BlockDeletingService#0] INFO  impl.FilePerBlockStrategy (FilePerBlockStrategy.java:deleteChunk(278)) - Deleted block file: /tmp/junit-14010953497399344260/hdds/5b674abf-c4f6-4ce6-a163-36d88ea507b2/current/containerDir1/114109937954849438/chunks/114109937958257333.block
2025-03-05 12:57:53,427 [BlockDeletingService#0] INFO  impl.FilePerBlockStrategy (FilePerBlockStrategy.java:deleteChunk(278)) - Deleted block file: /tmp/junit-14010953497399344260/hdds/5b674abf-c4f6-4ce6-a163-36d88ea507b2/current/containerDir1/114109937954849438/chunks/114109937958322870.block
2025-03-05 12:57:53,427 [BlockDeletingService#0] INFO  impl.FilePerBlockStrategy (FilePerBlockStrategy.java:deleteChunk(278)) - Deleted block file: /tmp/junit-14010953497399344260/hdds/5b674abf-c4f6-4ce6-a163-36d88ea507b2/current/containerDir1/114109937954849438/chunks/114109937958322871.block
2025-03-05 12:57:53,427 [BlockDeletingService#0] INFO  impl.FilePerBlockStrategy (FilePerBlockStrategy.java:deleteChunk(278)) - Deleted block file: /tmp/junit-14010953497399344260/hdds/5b674abf-c4f6-4ce6-a163-36d88ea507b2/current/containerDir1/114109937954849438/chunks/114109937958388408.block
2025-03-05 12:57:53,427 [BlockDeletingService#0] INFO  impl.FilePerBlockStrategy (FilePerBlockStrategy.java:deleteChunk(278)) - Deleted block file: /tmp/junit-14010953497399344260/hdds/5b674abf-c4f6-4ce6-a163-36d88ea507b2/current/containerDir1/114109937954849438/chunks/114109937958453945.block
2025-03-05 12:57:53,427 [BlockDeletingService#0] INFO  impl.FilePerBlockStrategy (FilePerBlockStrategy.java:deleteChunk(278)) - Deleted block file: /tmp/junit-14010953497399344260/hdds/5b674abf-c4f6-4ce6-a163-36d88ea507b2/current/containerDir1/114109937954849438/chunks/114109937958519482.block
2025-03-05 12:57:53,427 [BlockDeletingService#0] INFO  impl.FilePerBlockStrategy (FilePerBlockStrategy.java:deleteChunk(278)) - Deleted block file: /tmp/junit-14010953497399344260/hdds/5b674abf-c4f6-4ce6-a163-36d88ea507b2/current/containerDir1/114109937954849438/chunks/114109937958585019.block
2025-03-05 12:57:53,428 [BlockDeletingService#0] INFO  impl.FilePerBlockStrategy (FilePerBlockStrategy.java:deleteChunk(278)) - Deleted block file: /tmp/junit-14010953497399344260/hdds/5b674abf-c4f6-4ce6-a163-36d88ea507b2/current/containerDir1/114109937954849438/chunks/114109937958585020.block
2025-03-05 12:57:53,428 [BlockDeletingService#0] INFO  impl.FilePerBlockStrategy (FilePerBlockStrategy.java:deleteChunk(278)) - Deleted block file: /tmp/junit-14010953497399344260/hdds/5b674abf-c4f6-4ce6-a163-36d88ea507b2/current/containerDir1/114109937954849438/chunks/114109937958650557.block
2025-03-05 12:57:53,428 [BlockDeletingService#0] INFO  impl.FilePerBlockStrategy (FilePerBlockStrategy.java:deleteChunk(278)) - Deleted block file: /tmp/junit-14010953497399344260/hdds/5b674abf-c4f6-4ce6-a163-36d88ea507b2/current/containerDir1/114109937954849438/chunks/114109937958716094.block
2025-03-05 12:57:53,428 [BlockDeletingService#0] INFO  impl.FilePerBlockStrategy (FilePerBlockStrategy.java:deleteChunk(278)) - Deleted block file: /tmp/junit-14010953497399344260/hdds/5b674abf-c4f6-4ce6-a163-36d88ea507b2/current/containerDir1/114109937954849438/chunks/114109937958781631.block
2025-03-05 12:57:53,428 [BlockDeletingService#0] INFO  impl.FilePerBlockStrategy (FilePerBlockStrategy.java:deleteChunk(278)) - Deleted block file: /tmp/junit-14010953497399344260/hdds/5b674abf-c4f6-4ce6-a163-36d88ea507b2/current/containerDir1/114109937954849438/chunks/114109937958781632.block
2025-03-05 12:57:53,429 [BlockDeletingService#0] INFO  impl.FilePerBlockStrategy (FilePerBlockStrategy.java:deleteChunk(278)) - Deleted block file: /tmp/junit-14010953497399344260/hdds/5b674abf-c4f6-4ce6-a163-36d88ea507b2/current/containerDir1/114109937954849438/chunks/114109937958978241.block
2025-03-05 12:57:53,429 [BlockDeletingService#0] INFO  impl.FilePerBlockStrategy (FilePerBlockStrategy.java:deleteChunk(278)) - Deleted block file: /tmp/junit-14010953497399344260/hdds/5b674abf-c4f6-4ce6-a163-36d88ea507b2/current/containerDir1/114109937954849438/chunks/114109937959043778.block
2025-03-05 12:57:53,429 [BlockDeletingService#0] INFO  impl.FilePerBlockStrategy (FilePerBlockStrategy.java:deleteChunk(278)) - Deleted block file: /tmp/junit-14010953497399344260/hdds/5b674abf-c4f6-4ce6-a163-36d88ea507b2/current/containerDir1/114109937954849438/chunks/114109937959043779.block
2025-03-05 12:57:53,429 [BlockDeletingService#0] INFO  impl.FilePerBlockStrategy (FilePerBlockStrategy.java:deleteChunk(278)) - Deleted block file: /tmp/junit-14010953497399344260/hdds/5b674abf-c4f6-4ce6-a163-36d88ea507b2/current/containerDir1/114109937954849438/chunks/114109937959109316.block
2025-03-05 12:57:53,429 [BlockDeletingService#0] INFO  impl.FilePerBlockStrategy (FilePerBlockStrategy.java:deleteChunk(278)) - Deleted block file: /tmp/junit-14010953497399344260/hdds/5b674abf-c4f6-4ce6-a163-36d88ea507b2/current/containerDir1/114109937954849438/chunks/114109937959174853.block
2025-03-05 12:57:53,429 [BlockDeletingService#0] INFO  impl.FilePerBlockStrategy (FilePerBlockStrategy.java:deleteChunk(278)) - Deleted block file: /tmp/junit-14010953497399344260/hdds/5b674abf-c4f6-4ce6-a163-36d88ea507b2/current/containerDir1/114109937954849438/chunks/114109937959240390.block
2025-03-05 12:57:53,430 [BlockDeletingService#0] INFO  impl.FilePerBlockStrategy (FilePerBlockStrategy.java:deleteChunk(278)) - Deleted block file: /tmp/junit-14010953497399344260/hdds/5b674abf-c4f6-4ce6-a163-36d88ea507b2/current/containerDir1/114109937954849438/chunks/114109937959305927.block
2025-03-05 12:57:53,430 [BlockDeletingService#0] INFO  impl.FilePerBlockStrategy (FilePerBlockStrategy.java:deleteChunk(278)) - Deleted block file: /tmp/junit-14010953497399344260/hdds/5b674abf-c4f6-4ce6-a163-36d88ea507b2/current/containerDir1/114109937954849438/chunks/114109937959371464.block
2025-03-05 12:57:53,430 [BlockDeletingService#0] INFO  impl.FilePerBlockStrategy (FilePerBlockStrategy.java:deleteChunk(278)) - Deleted block file: /tmp/junit-14010953497399344260/hdds/5b674abf-c4f6-4ce6-a163-36d88ea507b2/current/containerDir1/114109937954849438/chunks/114109937959437001.block
2025-03-05 12:57:53,430 [BlockDeletingService#0] INFO  impl.FilePerBlockStrategy (FilePerBlockStrategy.java:deleteChunk(278)) - Deleted block file: /tmp/junit-14010953497399344260/hdds/5b674abf-c4f6-4ce6-a163-36d88ea507b2/current/containerDir1/114109937954849438/chunks/114109937959502538.block
2025-03-05 12:57:53,430 [BlockDeletingService#0] INFO  impl.FilePerBlockStrategy (FilePerBlockStrategy.java:deleteChunk(278)) - Deleted block file: /tmp/junit-14010953497399344260/hdds/5b674abf-c4f6-4ce6-a163-36d88ea507b2/current/containerDir1/114109937954849438/chunks/114109937959568075.block
2025-03-05 12:57:53,430 [BlockDeletingService#0] INFO  impl.FilePerBlockStrategy (FilePerBlockStrategy.java:deleteChunk(278)) - Deleted block file: /tmp/junit-14010953497399344260/hdds/5b674abf-c4f6-4ce6-a163-36d88ea507b2/current/containerDir1/114109937954849438/chunks/114109937959568076.block
2025-03-05 12:57:53,431 [BlockDeletingService#0] INFO  impl.FilePerBlockStrategy (FilePerBlockStrategy.java:deleteChunk(278)) - Deleted block file: /tmp/junit-14010953497399344260/hdds/5b674abf-c4f6-4ce6-a163-36d88ea507b2/current/containerDir1/114109937954849438/chunks/114109937959633613.block
2025-03-05 12:57:53,431 [BlockDeletingService#0] INFO  impl.FilePerBlockStrategy (FilePerBlockStrategy.java:deleteChunk(278)) - Deleted block file: /tmp/junit-14010953497399344260/hdds/5b674abf-c4f6-4ce6-a163-36d88ea507b2/current/containerDir1/114109937954849438/chunks/114109937959699150.block
2025-03-05 12:57:53,431 [BlockDeletingService#0] INFO  impl.FilePerBlockStrategy (FilePerBlockStrategy.java:deleteChunk(278)) - Deleted block file: /tmp/junit-14010953497399344260/hdds/5b674abf-c4f6-4ce6-a163-36d88ea507b2/current/containerDir1/114109937954849438/chunks/114109937959764687.block
2025-03-05 12:57:53,431 [BlockDeletingService#0] INFO  impl.FilePerBlockStrategy (FilePerBlockStrategy.java:deleteChunk(278)) - Deleted block file: /tmp/junit-14010953497399344260/hdds/5b674abf-c4f6-4ce6-a163-36d88ea507b2/current/containerDir1/114109937954849438/chunks/114109937959830224.block
2025-03-05 12:57:53,431 [BlockDeletingService#0] INFO  impl.FilePerBlockStrategy (FilePerBlockStrategy.java:deleteChunk(278)) - Deleted block file: /tmp/junit-14010953497399344260/hdds/5b674abf-c4f6-4ce6-a163-36d88ea507b2/current/containerDir1/114109937954849438/chunks/114109937959895761.block
2025-03-05 12:57:53,431 [BlockDeletingService#0] INFO  impl.FilePerBlockStrategy (FilePerBlockStrategy.java:deleteChunk(278)) - Deleted block file: /tmp/junit-14010953497399344260/hdds/5b674abf-c4f6-4ce6-a163-36d88ea507b2/current/containerDir1/114109937954849438/chunks/114109937959895762.block
2025-03-05 12:57:53,431 [BlockDeletingService#0] INFO  impl.FilePerBlockStrategy (FilePerBlockStrategy.java:deleteChunk(278)) - Deleted block file: /tmp/junit-14010953497399344260/hdds/5b674abf-c4f6-4ce6-a163-36d88ea507b2/current/containerDir1/114109937954849438/chunks/114109937960026835.block
2025-03-05 12:57:53,432 [BlockDeletingService#0] INFO  impl.FilePerBlockStrategy (FilePerBlockStrategy.java:deleteChunk(278)) - Deleted block file: /tmp/junit-14010953497399344260/hdds/5b674abf-c4f6-4ce6-a163-36d88ea507b2/current/containerDir1/114109937954849438/chunks/114109937960157908.block
2025-03-05 12:57:53,432 [BlockDeletingService#0] INFO  impl.FilePerBlockStrategy (FilePerBlockStrategy.java:deleteChunk(278)) - Deleted block file: /tmp/junit-14010953497399344260/hdds/5b674abf-c4f6-4ce6-a163-36d88ea507b2/current/containerDir1/114109937954849438/chunks/114109937960223445.block
2025-03-05 12:57:53,432 [BlockDeletingService#0] INFO  impl.FilePerBlockStrategy (FilePerBlockStrategy.java:deleteChunk(278)) - Deleted block file: /tmp/junit-14010953497399344260/hdds/5b674abf-c4f6-4ce6-a163-36d88ea507b2/current/containerDir1/114109937954849438/chunks/114109937960288982.block
2025-03-05 12:57:53,432 [BlockDeletingService#0] INFO  impl.FilePerBlockStrategy (FilePerBlockStrategy.java:deleteChunk(278)) - Deleted block file: /tmp/junit-14010953497399344260/hdds/5b674abf-c4f6-4ce6-a163-36d88ea507b2/current/containerDir1/114109937954849438/chunks/114109937960485591.block
2025-03-05 12:57:53,432 [BlockDeletingService#0] INFO  impl.FilePerBlockStrategy (FilePerBlockStrategy.java:deleteChunk(278)) - Deleted block file: /tmp/junit-14010953497399344260/hdds/5b674abf-c4f6-4ce6-a163-36d88ea507b2/current/containerDir1/114109937954849438/chunks/114109937960551128.block
2025-03-05 12:57:53,433 [BlockDeletingService#0] INFO  impl.FilePerBlockStrategy (FilePerBlockStrategy.java:deleteChunk(278)) - Deleted block file: /tmp/junit-14010953497399344260/hdds/5b674abf-c4f6-4ce6-a163-36d88ea507b2/current/containerDir1/114109937954849438/chunks/114109937960616665.block
2025-03-05 12:57:53,433 [BlockDeletingService#0] INFO  impl.FilePerBlockStrategy (FilePerBlockStrategy.java:deleteChunk(278)) - Deleted block file: /tmp/junit-14010953497399344260/hdds/5b674abf-c4f6-4ce6-a163-36d88ea507b2/current/containerDir1/114109937954849438/chunks/114109937960616666.block
2025-03-05 12:57:53,433 [BlockDeletingService#0] INFO  impl.FilePerBlockStrategy (FilePerBlockStrategy.java:deleteChunk(278)) - Deleted block file: /tmp/junit-14010953497399344260/hdds/5b674abf-c4f6-4ce6-a163-36d88ea507b2/current/containerDir1/114109937954849438/chunks/114109937960682203.block
2025-03-05 12:57:53,433 [BlockDeletingService#0] INFO  impl.FilePerBlockStrategy (FilePerBlockStrategy.java:deleteChunk(278)) - Deleted block file: /tmp/junit-14010953497399344260/hdds/5b674abf-c4f6-4ce6-a163-36d88ea507b2/current/containerDir1/114109937954849438/chunks/114109937960747740.block
2025-03-05 12:57:53,433 [BlockDeletingService#0] INFO  impl.FilePerBlockStrategy (FilePerBlockStrategy.java:deleteChunk(278)) - Deleted block file: /tmp/junit-14010953497399344260/hdds/5b674abf-c4f6-4ce6-a163-36d88ea507b2/current/containerDir1/114109937954849438/chunks/114109937960747741.block
2025-03-05 12:57:53,433 [BlockDeletingService#0] INFO  impl.FilePerBlockStrategy (FilePerBlockStrategy.java:deleteChunk(278)) - Deleted block file: /tmp/junit-14010953497399344260/hdds/5b674abf-c4f6-4ce6-a163-36d88ea507b2/current/containerDir1/114109937954849438/chunks/114109937960813278.block
2025-03-05 12:57:53,434 [BlockDeletingService#0] INFO  impl.FilePerBlockStrategy (FilePerBlockStrategy.java:deleteChunk(278)) - Deleted block file: /tmp/junit-14010953497399344260/hdds/5b674abf-c4f6-4ce6-a163-36d88ea507b2/current/containerDir1/114109937954849438/chunks/114109937960878815.block
2025-03-05 12:57:53,434 [BlockDeletingService#0] INFO  impl.FilePerBlockStrategy (FilePerBlockStrategy.java:deleteChunk(278)) - Deleted block file: /tmp/junit-14010953497399344260/hdds/5b674abf-c4f6-4ce6-a163-36d88ea507b2/current/containerDir1/114109937954849438/chunks/114109937960944352.block
2025-03-05 12:57:53,434 [BlockDeletingService#0] INFO  impl.FilePerBlockStrategy (FilePerBlockStrategy.java:deleteChunk(278)) - Deleted block file: /tmp/junit-14010953497399344260/hdds/5b674abf-c4f6-4ce6-a163-36d88ea507b2/current/containerDir1/114109937954849438/chunks/114109937960944353.block
2025-03-05 12:57:53,434 [BlockDeletingService#0] INFO  impl.FilePerBlockStrategy (FilePerBlockStrategy.java:deleteChunk(278)) - Deleted block file: /tmp/junit-14010953497399344260/hdds/5b674abf-c4f6-4ce6-a163-36d88ea507b2/current/containerDir1/114109937954849438/chunks/114109937961337570.block
2025-03-05 12:57:53,434 [BlockDeletingService#0] INFO  impl.FilePerBlockStrategy (FilePerBlockStrategy.java:deleteChunk(278)) - Deleted block file: /tmp/junit-14010953497399344260/hdds/5b674abf-c4f6-4ce6-a163-36d88ea507b2/current/containerDir1/114109937954849438/chunks/114109937961403107.block
2025-03-05 12:57:53,434 [BlockDeletingService#0] INFO  impl.FilePerBlockStrategy (FilePerBlockStrategy.java:deleteChunk(278)) - Deleted block file: /tmp/junit-14010953497399344260/hdds/5b674abf-c4f6-4ce6-a163-36d88ea507b2/current/containerDir1/114109937954849438/chunks/114109937961468644.block
2025-03-05 12:57:53,434 [BlockDeletingService#0] INFO  impl.FilePerBlockStrategy (FilePerBlockStrategy.java:deleteChunk(278)) - Deleted block file: /tmp/junit-14010953497399344260/hdds/5b674abf-c4f6-4ce6-a163-36d88ea507b2/current/containerDir1/114109937954849438/chunks/114109937961468645.block
2025-03-05 12:57:53,435 [BlockDeletingService#0] INFO  impl.FilePerBlockStrategy (FilePerBlockStrategy.java:deleteChunk(278)) - Deleted block file: /tmp/junit-14010953497399344260/hdds/5b674abf-c4f6-4ce6-a163-36d88ea507b2/current/containerDir1/114109937954849438/chunks/114109937961534182.block
2025-03-05 12:57:53,435 [BlockDeletingService#0] INFO  impl.FilePerBlockStrategy (FilePerBlockStrategy.java:deleteChunk(278)) - Deleted block file: /tmp/junit-14010953497399344260/hdds/5b674abf-c4f6-4ce6-a163-36d88ea507b2/current/containerDir1/114109937954849438/chunks/114109937961599719.block
2025-03-05 12:57:53,435 [BlockDeletingService#0] INFO  impl.FilePerBlockStrategy (FilePerBlockStrategy.java:deleteChunk(278)) - Deleted block file: /tmp/junit-14010953497399344260/hdds/5b674abf-c4f6-4ce6-a163-36d88ea507b2/current/containerDir1/114109937954849438/chunks/114109937961665256.block
2025-03-05 12:57:53,435 [BlockDeletingService#0] INFO  impl.FilePerBlockStrategy (FilePerBlockStrategy.java:deleteChunk(278)) - Deleted block file: /tmp/junit-14010953497399344260/hdds/5b674abf-c4f6-4ce6-a163-36d88ea507b2/current/containerDir1/114109937954849438/chunks/114109937961665257.block
2025-03-05 12:57:53,435 [BlockDeletingService#0] INFO  impl.FilePerBlockStrategy (FilePerBlockStrategy.java:deleteChunk(278)) - Deleted block file: /tmp/junit-14010953497399344260/hdds/5b674abf-c4f6-4ce6-a163-36d88ea507b2/current/containerDir1/114109937954849438/chunks/114109937961730794.block
2025-03-05 12:57:53,435 [BlockDeletingService#0] INFO  impl.FilePerBlockStrategy (FilePerBlockStrategy.java:deleteChunk(278)) - Deleted block file: /tmp/junit-14010953497399344260/hdds/5b674abf-c4f6-4ce6-a163-36d88ea507b2/current/containerDir1/114109937954849438/chunks/114109937961796331.block
2025-03-05 12:57:53,436 [BlockDeletingService#0] INFO  impl.FilePerBlockStrategy (FilePerBlockStrategy.java:deleteChunk(278)) - Deleted block file: /tmp/junit-14010953497399344260/hdds/5b674abf-c4f6-4ce6-a163-36d88ea507b2/current/containerDir1/114109937954849438/chunks/114109937961861868.block
2025-03-05 12:57:53,436 [BlockDeletingService#0] INFO  impl.FilePerBlockStrategy (FilePerBlockStrategy.java:deleteChunk(278)) - Deleted block file: /tmp/junit-14010953497399344260/hdds/5b674abf-c4f6-4ce6-a163-36d88ea507b2/current/containerDir1/114109937954849438/chunks/114109937961927405.block
2025-03-05 12:57:53,436 [BlockDeletingService#0] INFO  impl.FilePerBlockStrategy (FilePerBlockStrategy.java:deleteChunk(278)) - Deleted block file: /tmp/junit-14010953497399344260/hdds/5b674abf-c4f6-4ce6-a163-36d88ea507b2/current/containerDir1/114109937954849438/chunks/114109937961992942.block
2025-03-05 12:57:53,436 [BlockDeletingService#0] INFO  impl.FilePerBlockStrategy (FilePerBlockStrategy.java:deleteChunk(278)) - Deleted block file: /tmp/junit-14010953497399344260/hdds/5b674abf-c4f6-4ce6-a163-36d88ea507b2/current/containerDir1/114109937954849438/chunks/114109937961992943.block
2025-03-05 12:57:53,436 [BlockDeletingService#0] INFO  impl.FilePerBlockStrategy (FilePerBlockStrategy.java:deleteChunk(278)) - Deleted block file: /tmp/junit-14010953497399344260/hdds/5b674abf-c4f6-4ce6-a163-36d88ea507b2/current/containerDir1/114109937954849438/chunks/114109937962058480.block
2025-03-05 12:57:53,436 [BlockDeletingService#0] INFO  impl.FilePerBlockStrategy (FilePerBlockStrategy.java:deleteChunk(278)) - Deleted block file: /tmp/junit-14010953497399344260/hdds/5b674abf-c4f6-4ce6-a163-36d88ea507b2/current/containerDir1/114109937954849438/chunks/114109937962255089.block
2025-03-05 12:57:53,436 [BlockDeletingService#0] INFO  impl.FilePerBlockStrategy (FilePerBlockStrategy.java:deleteChunk(278)) - Deleted block file: /tmp/junit-14010953497399344260/hdds/5b674abf-c4f6-4ce6-a163-36d88ea507b2/current/containerDir1/114109937954849438/chunks/114109937962255090.block
2025-03-05 12:57:53,437 [BlockDeletingService#0] INFO  impl.FilePerBlockStrategy (FilePerBlockStrategy.java:deleteChunk(278)) - Deleted block file: /tmp/junit-14010953497399344260/hdds/5b674abf-c4f6-4ce6-a163-36d88ea507b2/current/containerDir1/114109937954849438/chunks/114109937962320627.block
2025-03-05 12:57:53,437 [BlockDeletingService#0] INFO  impl.FilePerBlockStrategy (FilePerBlockStrategy.java:deleteChunk(278)) - Deleted block file: /tmp/junit-14010953497399344260/hdds/5b674abf-c4f6-4ce6-a163-36d88ea507b2/current/containerDir1/114109937954849438/chunks/114109937962386164.block
2025-03-05 12:57:53,437 [BlockDeletingService#0] INFO  impl.FilePerBlockStrategy (FilePerBlockStrategy.java:deleteChunk(278)) - Deleted block file: /tmp/junit-14010953497399344260/hdds/5b674abf-c4f6-4ce6-a163-36d88ea507b2/current/containerDir1/114109937954849438/chunks/114109937962386165.block
2025-03-05 12:57:53,437 [BlockDeletingService#0] INFO  impl.FilePerBlockStrategy (FilePerBlockStrategy.java:deleteChunk(278)) - Deleted block file: /tmp/junit-14010953497399344260/hdds/5b674abf-c4f6-4ce6-a163-36d88ea507b2/current/containerDir1/114109937954849438/chunks/114109937962451702.block
2025-03-05 12:57:53,437 [BlockDeletingService#0] INFO  impl.FilePerBlockStrategy (FilePerBlockStrategy.java:deleteChunk(278)) - Deleted block file: /tmp/junit-14010953497399344260/hdds/5b674abf-c4f6-4ce6-a163-36d88ea507b2/current/containerDir1/114109937954849438/chunks/114109937962517239.block
2025-03-05 12:57:53,438 [BlockDeletingService#0] INFO  impl.FilePerBlockStrategy (FilePerBlockStrategy.java:deleteChunk(278)) - Deleted block file: /tmp/junit-14010953497399344260/hdds/5b674abf-c4f6-4ce6-a163-36d88ea507b2/current/containerDir1/114109937954849438/chunks/114109937962582776.block
2025-03-05 12:57:53,438 [BlockDeletingService#0] INFO  impl.FilePerBlockStrategy (FilePerBlockStrategy.java:deleteChunk(278)) - Deleted block file: /tmp/junit-14010953497399344260/hdds/5b674abf-c4f6-4ce6-a163-36d88ea507b2/current/containerDir1/114109937954849438/chunks/114109937962582777.block
2025-03-05 12:57:53,438 [BlockDeletingService#0] INFO  impl.FilePerBlockStrategy (FilePerBlockStrategy.java:deleteChunk(278)) - Deleted block file: /tmp/junit-14010953497399344260/hdds/5b674abf-c4f6-4ce6-a163-36d88ea507b2/current/containerDir1/114109937954849438/chunks/114109937962648314.block
2025-03-05 12:57:53,438 [BlockDeletingService#0] INFO  impl.FilePerBlockStrategy (FilePerBlockStrategy.java:deleteChunk(278)) - Deleted block file: /tmp/junit-14010953497399344260/hdds/5b674abf-c4f6-4ce6-a163-36d88ea507b2/current/containerDir1/114109937954849438/chunks/114109937962713851.block
2025-03-05 12:57:53,438 [BlockDeletingService#0] INFO  impl.FilePerBlockStrategy (FilePerBlockStrategy.java:deleteChunk(278)) - Deleted block file: /tmp/junit-14010953497399344260/hdds/5b674abf-c4f6-4ce6-a163-36d88ea507b2/current/containerDir1/114109937954849438/chunks/114109937962779388.block
2025-03-05 12:57:53,439 [BlockDeletingService#0] INFO  impl.FilePerBlockStrategy (FilePerBlockStrategy.java:deleteChunk(278)) - Deleted block file: /tmp/junit-14010953497399344260/hdds/5b674abf-c4f6-4ce6-a163-36d88ea507b2/current/containerDir1/114109937954849438/chunks/114109937962779389.block
2025-03-05 12:57:53,439 [BlockDeletingService#0] INFO  impl.FilePerBlockStrategy (FilePerBlockStrategy.java:deleteChunk(278)) - Deleted block file: /tmp/junit-14010953497399344260/hdds/5b674abf-c4f6-4ce6-a163-36d88ea507b2/current/containerDir1/114109937954849438/chunks/114109937962844926.block
2025-03-05 12:57:53,439 [BlockDeletingService#0] INFO  impl.FilePerBlockStrategy (FilePerBlockStrategy.java:deleteChunk(278)) - Deleted block file: /tmp/junit-14010953497399344260/hdds/5b674abf-c4f6-4ce6-a163-36d88ea507b2/current/containerDir1/114109937954849438/chunks/114109937962910463.block
2025-03-05 12:57:53,439 [BlockDeletingService#0] INFO  impl.FilePerBlockStrategy (FilePerBlockStrategy.java:deleteChunk(278)) - Deleted block file: /tmp/junit-14010953497399344260/hdds/5b674abf-c4f6-4ce6-a163-36d88ea507b2/current/containerDir1/114109937954849438/chunks/114109937962910464.block
2025-03-05 12:57:53,439 [BlockDeletingService#0] INFO  impl.FilePerBlockStrategy (FilePerBlockStrategy.java:deleteChunk(278)) - Deleted block file: /tmp/junit-14010953497399344260/hdds/5b674abf-c4f6-4ce6-a163-36d88ea507b2/current/containerDir1/114109937954849438/chunks/114109937962976001.block
2025-03-05 12:57:53,439 [BlockDeletingService#0] INFO  impl.FilePerBlockStrategy (FilePerBlockStrategy.java:deleteChunk(278)) - Deleted block file: /tmp/junit-14010953497399344260/hdds/5b674abf-c4f6-4ce6-a163-36d88ea507b2/current/containerDir1/114109937954849438/chunks/114109937963041538.block
2025-03-05 12:57:53,442 [BlockDeletingService#0] WARN  utils.BackgroundService (BackgroundService.java:lambda$run$0(151)) - BlockDeletingService Background task execution took 23441938ns > 0ns(timeout)
2025-03-05 12:57:53,518 [main] INFO  utils.BackgroundService (BackgroundService.java:shutdown(162)) - Shutting down service BlockDeletingService
]]></system-out>
  </testcase>
  <testcase name="testShutdownService(ContainerTestVersionInfo)[8]" classname="org.apache.hadoop.ozone.container.common.TestBlockDeletingService" time="0.351">
    <system-out><![CDATA[2025-03-05 12:57:53,525 [main] INFO  db.CodecBuffer (CodecBuffer.java:set(62)) - Successfully set constructor to LeakDetector::newCodecBuffer: org.apache.hadoop.hdds.utils.db.CodecBuffer$$Lambda/0x00007ff600206790@3b809711
2025-03-05 12:57:53,536 [main] INFO  volume.HddsVolume (HddsVolume.java:<init>(132)) - Creating HddsVolume: /tmp/junit-873689403019502425/hdds of storage type: DISK, capacity=9222449699674390527, used=0, available=9222449699674390527
2025-03-05 12:57:53,537 [main] INFO  volume.MutableVolumeSet (MutableVolumeSet.java:initializeVolumeSet(169)) - Added Volume : /tmp/junit-873689403019502425/hdds to VolumeSet
2025-03-05 12:57:53,564 [main] INFO  utils.DatanodeStoreCache (DatanodeStoreCache.java:addDB(71)) - Added db /tmp/junit-873689403019502425/hdds/5d82f239-d3b1-4632-a846-bcb5bb2d4896/DS-b913cbb9-e289-451d-b09c-f3215f5d7365/container.db to cache
2025-03-05 12:57:53,564 [main] INFO  volume.HddsVolume (HddsVolume.java:createDbStore(446)) - SchemaV3 db is created and loaded at /tmp/junit-873689403019502425/hdds/5d82f239-d3b1-4632-a846-bcb5bb2d4896/DS-b913cbb9-e289-451d-b09c-f3215f5d7365/container.db for volume DS-b913cbb9-e289-451d-b09c-f3215f5d7365
2025-03-05 12:57:53,565 [main] INFO  impl.FilePerBlockStrategy (FilePerBlockStrategy.java:<init>(87)) - ozone.chunk.read.mapped.buffer.max.count is load with 0
2025-03-05 12:57:53,669 [main] INFO  impl.FilePerChunkStrategy (FilePerChunkStrategy.java:<init>(79)) - ozone.chunk.read.mapped.buffer.max.count is load with 0
2025-03-05 12:57:53,669 [main] INFO  impl.FilePerBlockStrategy (FilePerBlockStrategy.java:<init>(87)) - ozone.chunk.read.mapped.buffer.max.count is load with 0
2025-03-05 12:57:53,772 [BlockDeletingService#0] INFO  interfaces.ContainerDeletionChoosingPolicyTemplate (ContainerDeletionChoosingPolicyTemplate.java:chooseContainerForBlockDeletion(83)) - Chosen 100/4900 blocks from 1 candidate containers.
2025-03-05 12:57:53,776 [BlockDeletingService#0] INFO  impl.FilePerBlockStrategy (FilePerBlockStrategy.java:deleteChunk(278)) - Deleted block file: /tmp/junit-873689403019502425/hdds/5d82f239-d3b1-4632-a846-bcb5bb2d4896/current/containerDir129/114109937980211971/chunks/114109937980408580.block
2025-03-05 12:57:53,776 [BlockDeletingService#0] INFO  impl.FilePerBlockStrategy (FilePerBlockStrategy.java:deleteChunk(278)) - Deleted block file: /tmp/junit-873689403019502425/hdds/5d82f239-d3b1-4632-a846-bcb5bb2d4896/current/containerDir129/114109937980211971/chunks/114109937980867341.block
2025-03-05 12:57:53,776 [BlockDeletingService#0] INFO  impl.FilePerBlockStrategy (FilePerBlockStrategy.java:deleteChunk(278)) - Deleted block file: /tmp/junit-873689403019502425/hdds/5d82f239-d3b1-4632-a846-bcb5bb2d4896/current/containerDir129/114109937980211971/chunks/114109937986306919.block
2025-03-05 12:57:53,776 [BlockDeletingService#0] INFO  impl.FilePerBlockStrategy (FilePerBlockStrategy.java:deleteChunk(278)) - Deleted block file: /tmp/junit-873689403019502425/hdds/5d82f239-d3b1-4632-a846-bcb5bb2d4896/current/containerDir129/114109937980211971/chunks/114109937980932878.block
2025-03-05 12:57:53,776 [BlockDeletingService#0] INFO  impl.FilePerBlockStrategy (FilePerBlockStrategy.java:deleteChunk(278)) - Deleted block file: /tmp/junit-873689403019502425/hdds/5d82f239-d3b1-4632-a846-bcb5bb2d4896/current/containerDir129/114109937980211971/chunks/114109937980932879.block
2025-03-05 12:57:53,777 [BlockDeletingService#0] INFO  impl.FilePerBlockStrategy (FilePerBlockStrategy.java:deleteChunk(278)) - Deleted block file: /tmp/junit-873689403019502425/hdds/5d82f239-d3b1-4632-a846-bcb5bb2d4896/current/containerDir129/114109937980211971/chunks/114109937981063952.block
2025-03-05 12:57:53,777 [BlockDeletingService#0] INFO  impl.FilePerBlockStrategy (FilePerBlockStrategy.java:deleteChunk(278)) - Deleted block file: /tmp/junit-873689403019502425/hdds/5d82f239-d3b1-4632-a846-bcb5bb2d4896/current/containerDir129/114109937980211971/chunks/114109937981195025.block
2025-03-05 12:57:53,777 [BlockDeletingService#0] INFO  impl.FilePerBlockStrategy (FilePerBlockStrategy.java:deleteChunk(278)) - Deleted block file: /tmp/junit-873689403019502425/hdds/5d82f239-d3b1-4632-a846-bcb5bb2d4896/current/containerDir129/114109937980211971/chunks/114109937981260562.block
2025-03-05 12:57:53,777 [BlockDeletingService#0] INFO  impl.FilePerBlockStrategy (FilePerBlockStrategy.java:deleteChunk(278)) - Deleted block file: /tmp/junit-873689403019502425/hdds/5d82f239-d3b1-4632-a846-bcb5bb2d4896/current/containerDir129/114109937980211971/chunks/114109937981326099.block
2025-03-05 12:57:53,777 [BlockDeletingService#0] INFO  impl.FilePerBlockStrategy (FilePerBlockStrategy.java:deleteChunk(278)) - Deleted block file: /tmp/junit-873689403019502425/hdds/5d82f239-d3b1-4632-a846-bcb5bb2d4896/current/containerDir129/114109937980211971/chunks/114109937981326100.block
2025-03-05 12:57:53,777 [BlockDeletingService#0] INFO  impl.FilePerBlockStrategy (FilePerBlockStrategy.java:deleteChunk(278)) - Deleted block file: /tmp/junit-873689403019502425/hdds/5d82f239-d3b1-4632-a846-bcb5bb2d4896/current/containerDir129/114109937980211971/chunks/114109937981457173.block
2025-03-05 12:57:53,778 [BlockDeletingService#0] INFO  impl.FilePerBlockStrategy (FilePerBlockStrategy.java:deleteChunk(278)) - Deleted block file: /tmp/junit-873689403019502425/hdds/5d82f239-d3b1-4632-a846-bcb5bb2d4896/current/containerDir129/114109937980211971/chunks/114109937981522710.block
2025-03-05 12:57:53,778 [BlockDeletingService#0] INFO  impl.FilePerBlockStrategy (FilePerBlockStrategy.java:deleteChunk(278)) - Deleted block file: /tmp/junit-873689403019502425/hdds/5d82f239-d3b1-4632-a846-bcb5bb2d4896/current/containerDir129/114109937980211971/chunks/114109937980474117.block
2025-03-05 12:57:53,778 [BlockDeletingService#0] INFO  impl.FilePerBlockStrategy (FilePerBlockStrategy.java:deleteChunk(278)) - Deleted block file: /tmp/junit-873689403019502425/hdds/5d82f239-d3b1-4632-a846-bcb5bb2d4896/current/containerDir129/114109937980211971/chunks/114109937981588247.block
2025-03-05 12:57:53,778 [BlockDeletingService#0] INFO  impl.FilePerBlockStrategy (FilePerBlockStrategy.java:deleteChunk(278)) - Deleted block file: /tmp/junit-873689403019502425/hdds/5d82f239-d3b1-4632-a846-bcb5bb2d4896/current/containerDir129/114109937980211971/chunks/114109937981784856.block
2025-03-05 12:57:53,778 [BlockDeletingService#0] INFO  impl.FilePerBlockStrategy (FilePerBlockStrategy.java:deleteChunk(278)) - Deleted block file: /tmp/junit-873689403019502425/hdds/5d82f239-d3b1-4632-a846-bcb5bb2d4896/current/containerDir129/114109937980211971/chunks/114109937981850393.block
2025-03-05 12:57:53,778 [BlockDeletingService#0] INFO  impl.FilePerBlockStrategy (FilePerBlockStrategy.java:deleteChunk(278)) - Deleted block file: /tmp/junit-873689403019502425/hdds/5d82f239-d3b1-4632-a846-bcb5bb2d4896/current/containerDir129/114109937980211971/chunks/114109937981915930.block
2025-03-05 12:57:53,779 [BlockDeletingService#0] INFO  impl.FilePerBlockStrategy (FilePerBlockStrategy.java:deleteChunk(278)) - Deleted block file: /tmp/junit-873689403019502425/hdds/5d82f239-d3b1-4632-a846-bcb5bb2d4896/current/containerDir129/114109937980211971/chunks/114109937981981467.block
2025-03-05 12:57:53,779 [BlockDeletingService#0] INFO  impl.FilePerBlockStrategy (FilePerBlockStrategy.java:deleteChunk(278)) - Deleted block file: /tmp/junit-873689403019502425/hdds/5d82f239-d3b1-4632-a846-bcb5bb2d4896/current/containerDir129/114109937980211971/chunks/114109937982047004.block
2025-03-05 12:57:53,779 [BlockDeletingService#0] INFO  impl.FilePerBlockStrategy (FilePerBlockStrategy.java:deleteChunk(278)) - Deleted block file: /tmp/junit-873689403019502425/hdds/5d82f239-d3b1-4632-a846-bcb5bb2d4896/current/containerDir129/114109937980211971/chunks/114109937982112541.block
2025-03-05 12:57:53,779 [BlockDeletingService#0] INFO  impl.FilePerBlockStrategy (FilePerBlockStrategy.java:deleteChunk(278)) - Deleted block file: /tmp/junit-873689403019502425/hdds/5d82f239-d3b1-4632-a846-bcb5bb2d4896/current/containerDir129/114109937980211971/chunks/114109937982178078.block
2025-03-05 12:57:53,779 [BlockDeletingService#0] INFO  impl.FilePerBlockStrategy (FilePerBlockStrategy.java:deleteChunk(278)) - Deleted block file: /tmp/junit-873689403019502425/hdds/5d82f239-d3b1-4632-a846-bcb5bb2d4896/current/containerDir129/114109937980211971/chunks/114109937982243615.block
2025-03-05 12:57:53,780 [BlockDeletingService#0] INFO  impl.FilePerBlockStrategy (FilePerBlockStrategy.java:deleteChunk(278)) - Deleted block file: /tmp/junit-873689403019502425/hdds/5d82f239-d3b1-4632-a846-bcb5bb2d4896/current/containerDir129/114109937980211971/chunks/114109937982309152.block
2025-03-05 12:57:53,780 [BlockDeletingService#0] INFO  impl.FilePerBlockStrategy (FilePerBlockStrategy.java:deleteChunk(278)) - Deleted block file: /tmp/junit-873689403019502425/hdds/5d82f239-d3b1-4632-a846-bcb5bb2d4896/current/containerDir129/114109937980211971/chunks/114109937980539654.block
2025-03-05 12:57:53,780 [BlockDeletingService#0] INFO  impl.FilePerBlockStrategy (FilePerBlockStrategy.java:deleteChunk(278)) - Deleted block file: /tmp/junit-873689403019502425/hdds/5d82f239-d3b1-4632-a846-bcb5bb2d4896/current/containerDir129/114109937980211971/chunks/114109937982374689.block
2025-03-05 12:57:53,780 [BlockDeletingService#0] INFO  impl.FilePerBlockStrategy (FilePerBlockStrategy.java:deleteChunk(278)) - Deleted block file: /tmp/junit-873689403019502425/hdds/5d82f239-d3b1-4632-a846-bcb5bb2d4896/current/containerDir129/114109937980211971/chunks/114109937982440226.block
2025-03-05 12:57:53,780 [BlockDeletingService#0] INFO  impl.FilePerBlockStrategy (FilePerBlockStrategy.java:deleteChunk(278)) - Deleted block file: /tmp/junit-873689403019502425/hdds/5d82f239-d3b1-4632-a846-bcb5bb2d4896/current/containerDir129/114109937980211971/chunks/114109937982440227.block
2025-03-05 12:57:53,780 [BlockDeletingService#0] INFO  impl.FilePerBlockStrategy (FilePerBlockStrategy.java:deleteChunk(278)) - Deleted block file: /tmp/junit-873689403019502425/hdds/5d82f239-d3b1-4632-a846-bcb5bb2d4896/current/containerDir129/114109937980211971/chunks/114109937982571300.block
2025-03-05 12:57:53,780 [BlockDeletingService#0] INFO  impl.FilePerBlockStrategy (FilePerBlockStrategy.java:deleteChunk(278)) - Deleted block file: /tmp/junit-873689403019502425/hdds/5d82f239-d3b1-4632-a846-bcb5bb2d4896/current/containerDir129/114109937980211971/chunks/114109937982636837.block
2025-03-05 12:57:53,781 [BlockDeletingService#0] INFO  impl.FilePerBlockStrategy (FilePerBlockStrategy.java:deleteChunk(278)) - Deleted block file: /tmp/junit-873689403019502425/hdds/5d82f239-d3b1-4632-a846-bcb5bb2d4896/current/containerDir129/114109937980211971/chunks/114109937982702374.block
2025-03-05 12:57:53,781 [BlockDeletingService#0] INFO  impl.FilePerBlockStrategy (FilePerBlockStrategy.java:deleteChunk(278)) - Deleted block file: /tmp/junit-873689403019502425/hdds/5d82f239-d3b1-4632-a846-bcb5bb2d4896/current/containerDir129/114109937980211971/chunks/114109937982767911.block
2025-03-05 12:57:53,781 [BlockDeletingService#0] INFO  impl.FilePerBlockStrategy (FilePerBlockStrategy.java:deleteChunk(278)) - Deleted block file: /tmp/junit-873689403019502425/hdds/5d82f239-d3b1-4632-a846-bcb5bb2d4896/current/containerDir129/114109937980211971/chunks/114109937982833448.block
2025-03-05 12:57:53,781 [BlockDeletingService#0] INFO  impl.FilePerBlockStrategy (FilePerBlockStrategy.java:deleteChunk(278)) - Deleted block file: /tmp/junit-873689403019502425/hdds/5d82f239-d3b1-4632-a846-bcb5bb2d4896/current/containerDir129/114109937980211971/chunks/114109937982898985.block
2025-03-05 12:57:53,781 [BlockDeletingService#0] INFO  impl.FilePerBlockStrategy (FilePerBlockStrategy.java:deleteChunk(278)) - Deleted block file: /tmp/junit-873689403019502425/hdds/5d82f239-d3b1-4632-a846-bcb5bb2d4896/current/containerDir129/114109937980211971/chunks/114109937983030058.block
2025-03-05 12:57:53,782 [BlockDeletingService#0] INFO  impl.FilePerBlockStrategy (FilePerBlockStrategy.java:deleteChunk(278)) - Deleted block file: /tmp/junit-873689403019502425/hdds/5d82f239-d3b1-4632-a846-bcb5bb2d4896/current/containerDir129/114109937980211971/chunks/114109937980605191.block
2025-03-05 12:57:53,782 [BlockDeletingService#0] INFO  impl.FilePerBlockStrategy (FilePerBlockStrategy.java:deleteChunk(278)) - Deleted block file: /tmp/junit-873689403019502425/hdds/5d82f239-d3b1-4632-a846-bcb5bb2d4896/current/containerDir129/114109937980211971/chunks/114109937983095595.block
2025-03-05 12:57:53,782 [BlockDeletingService#0] INFO  impl.FilePerBlockStrategy (FilePerBlockStrategy.java:deleteChunk(278)) - Deleted block file: /tmp/junit-873689403019502425/hdds/5d82f239-d3b1-4632-a846-bcb5bb2d4896/current/containerDir129/114109937980211971/chunks/114109937983226668.block
2025-03-05 12:57:53,782 [BlockDeletingService#0] INFO  impl.FilePerBlockStrategy (FilePerBlockStrategy.java:deleteChunk(278)) - Deleted block file: /tmp/junit-873689403019502425/hdds/5d82f239-d3b1-4632-a846-bcb5bb2d4896/current/containerDir129/114109937980211971/chunks/114109937983292205.block
2025-03-05 12:57:53,783 [BlockDeletingService#0] INFO  impl.FilePerBlockStrategy (FilePerBlockStrategy.java:deleteChunk(278)) - Deleted block file: /tmp/junit-873689403019502425/hdds/5d82f239-d3b1-4632-a846-bcb5bb2d4896/current/containerDir129/114109937980211971/chunks/114109937983357742.block
2025-03-05 12:57:53,783 [BlockDeletingService#0] INFO  impl.FilePerBlockStrategy (FilePerBlockStrategy.java:deleteChunk(278)) - Deleted block file: /tmp/junit-873689403019502425/hdds/5d82f239-d3b1-4632-a846-bcb5bb2d4896/current/containerDir129/114109937980211971/chunks/114109937983423279.block
2025-03-05 12:57:53,783 [BlockDeletingService#0] INFO  impl.FilePerBlockStrategy (FilePerBlockStrategy.java:deleteChunk(278)) - Deleted block file: /tmp/junit-873689403019502425/hdds/5d82f239-d3b1-4632-a846-bcb5bb2d4896/current/containerDir129/114109937980211971/chunks/114109937983488816.block
2025-03-05 12:57:53,783 [BlockDeletingService#0] INFO  impl.FilePerBlockStrategy (FilePerBlockStrategy.java:deleteChunk(278)) - Deleted block file: /tmp/junit-873689403019502425/hdds/5d82f239-d3b1-4632-a846-bcb5bb2d4896/current/containerDir129/114109937980211971/chunks/114109937983554353.block
2025-03-05 12:57:53,783 [BlockDeletingService#0] INFO  impl.FilePerBlockStrategy (FilePerBlockStrategy.java:deleteChunk(278)) - Deleted block file: /tmp/junit-873689403019502425/hdds/5d82f239-d3b1-4632-a846-bcb5bb2d4896/current/containerDir129/114109937980211971/chunks/114109937983619890.block
2025-03-05 12:57:53,783 [BlockDeletingService#0] INFO  impl.FilePerBlockStrategy (FilePerBlockStrategy.java:deleteChunk(278)) - Deleted block file: /tmp/junit-873689403019502425/hdds/5d82f239-d3b1-4632-a846-bcb5bb2d4896/current/containerDir129/114109937980211971/chunks/114109937983685427.block
2025-03-05 12:57:53,784 [BlockDeletingService#0] INFO  impl.FilePerBlockStrategy (FilePerBlockStrategy.java:deleteChunk(278)) - Deleted block file: /tmp/junit-873689403019502425/hdds/5d82f239-d3b1-4632-a846-bcb5bb2d4896/current/containerDir129/114109937980211971/chunks/114109937983750964.block
2025-03-05 12:57:53,784 [BlockDeletingService#0] INFO  impl.FilePerBlockStrategy (FilePerBlockStrategy.java:deleteChunk(278)) - Deleted block file: /tmp/junit-873689403019502425/hdds/5d82f239-d3b1-4632-a846-bcb5bb2d4896/current/containerDir129/114109937980211971/chunks/114109937980605192.block
2025-03-05 12:57:53,784 [BlockDeletingService#0] INFO  impl.FilePerBlockStrategy (FilePerBlockStrategy.java:deleteChunk(278)) - Deleted block file: /tmp/junit-873689403019502425/hdds/5d82f239-d3b1-4632-a846-bcb5bb2d4896/current/containerDir129/114109937980211971/chunks/114109937983816501.block
2025-03-05 12:57:53,784 [BlockDeletingService#0] INFO  impl.FilePerBlockStrategy (FilePerBlockStrategy.java:deleteChunk(278)) - Deleted block file: /tmp/junit-873689403019502425/hdds/5d82f239-d3b1-4632-a846-bcb5bb2d4896/current/containerDir129/114109937980211971/chunks/114109937983882038.block
2025-03-05 12:57:53,784 [BlockDeletingService#0] INFO  impl.FilePerBlockStrategy (FilePerBlockStrategy.java:deleteChunk(278)) - Deleted block file: /tmp/junit-873689403019502425/hdds/5d82f239-d3b1-4632-a846-bcb5bb2d4896/current/containerDir129/114109937980211971/chunks/114109937983947575.block
2025-03-05 12:57:53,784 [BlockDeletingService#0] INFO  impl.FilePerBlockStrategy (FilePerBlockStrategy.java:deleteChunk(278)) - Deleted block file: /tmp/junit-873689403019502425/hdds/5d82f239-d3b1-4632-a846-bcb5bb2d4896/current/containerDir129/114109937980211971/chunks/114109937984013112.block
2025-03-05 12:57:53,785 [BlockDeletingService#0] INFO  impl.FilePerBlockStrategy (FilePerBlockStrategy.java:deleteChunk(278)) - Deleted block file: /tmp/junit-873689403019502425/hdds/5d82f239-d3b1-4632-a846-bcb5bb2d4896/current/containerDir129/114109937980211971/chunks/114109937984013113.block
2025-03-05 12:57:53,785 [BlockDeletingService#0] INFO  impl.FilePerBlockStrategy (FilePerBlockStrategy.java:deleteChunk(278)) - Deleted block file: /tmp/junit-873689403019502425/hdds/5d82f239-d3b1-4632-a846-bcb5bb2d4896/current/containerDir129/114109937980211971/chunks/114109937984078650.block
2025-03-05 12:57:53,785 [BlockDeletingService#0] INFO  impl.FilePerBlockStrategy (FilePerBlockStrategy.java:deleteChunk(278)) - Deleted block file: /tmp/junit-873689403019502425/hdds/5d82f239-d3b1-4632-a846-bcb5bb2d4896/current/containerDir129/114109937980211971/chunks/114109937984144187.block
2025-03-05 12:57:53,785 [BlockDeletingService#0] INFO  impl.FilePerBlockStrategy (FilePerBlockStrategy.java:deleteChunk(278)) - Deleted block file: /tmp/junit-873689403019502425/hdds/5d82f239-d3b1-4632-a846-bcb5bb2d4896/current/containerDir129/114109937980211971/chunks/114109937984209724.block
2025-03-05 12:57:53,785 [BlockDeletingService#0] INFO  impl.FilePerBlockStrategy (FilePerBlockStrategy.java:deleteChunk(278)) - Deleted block file: /tmp/junit-873689403019502425/hdds/5d82f239-d3b1-4632-a846-bcb5bb2d4896/current/containerDir129/114109937980211971/chunks/114109937984275261.block
2025-03-05 12:57:53,785 [BlockDeletingService#0] INFO  impl.FilePerBlockStrategy (FilePerBlockStrategy.java:deleteChunk(278)) - Deleted block file: /tmp/junit-873689403019502425/hdds/5d82f239-d3b1-4632-a846-bcb5bb2d4896/current/containerDir129/114109937980211971/chunks/114109937984275262.block
2025-03-05 12:57:53,786 [BlockDeletingService#0] INFO  impl.FilePerBlockStrategy (FilePerBlockStrategy.java:deleteChunk(278)) - Deleted block file: /tmp/junit-873689403019502425/hdds/5d82f239-d3b1-4632-a846-bcb5bb2d4896/current/containerDir129/114109937980211971/chunks/114109937980670729.block
2025-03-05 12:57:53,786 [BlockDeletingService#0] INFO  impl.FilePerBlockStrategy (FilePerBlockStrategy.java:deleteChunk(278)) - Deleted block file: /tmp/junit-873689403019502425/hdds/5d82f239-d3b1-4632-a846-bcb5bb2d4896/current/containerDir129/114109937980211971/chunks/114109937984340799.block
2025-03-05 12:57:53,786 [BlockDeletingService#0] INFO  impl.FilePerBlockStrategy (FilePerBlockStrategy.java:deleteChunk(278)) - Deleted block file: /tmp/junit-873689403019502425/hdds/5d82f239-d3b1-4632-a846-bcb5bb2d4896/current/containerDir129/114109937980211971/chunks/114109937984406336.block
2025-03-05 12:57:53,786 [BlockDeletingService#0] INFO  impl.FilePerBlockStrategy (FilePerBlockStrategy.java:deleteChunk(278)) - Deleted block file: /tmp/junit-873689403019502425/hdds/5d82f239-d3b1-4632-a846-bcb5bb2d4896/current/containerDir129/114109937980211971/chunks/114109937984471873.block
2025-03-05 12:57:53,786 [BlockDeletingService#0] INFO  impl.FilePerBlockStrategy (FilePerBlockStrategy.java:deleteChunk(278)) - Deleted block file: /tmp/junit-873689403019502425/hdds/5d82f239-d3b1-4632-a846-bcb5bb2d4896/current/containerDir129/114109937980211971/chunks/114109937984537410.block
2025-03-05 12:57:53,786 [BlockDeletingService#0] INFO  impl.FilePerBlockStrategy (FilePerBlockStrategy.java:deleteChunk(278)) - Deleted block file: /tmp/junit-873689403019502425/hdds/5d82f239-d3b1-4632-a846-bcb5bb2d4896/current/containerDir129/114109937980211971/chunks/114109937984537411.block
2025-03-05 12:57:53,786 [BlockDeletingService#0] INFO  impl.FilePerBlockStrategy (FilePerBlockStrategy.java:deleteChunk(278)) - Deleted block file: /tmp/junit-873689403019502425/hdds/5d82f239-d3b1-4632-a846-bcb5bb2d4896/current/containerDir129/114109937980211971/chunks/114109937984602948.block
2025-03-05 12:57:53,787 [BlockDeletingService#0] INFO  impl.FilePerBlockStrategy (FilePerBlockStrategy.java:deleteChunk(278)) - Deleted block file: /tmp/junit-873689403019502425/hdds/5d82f239-d3b1-4632-a846-bcb5bb2d4896/current/containerDir129/114109937980211971/chunks/114109937984668485.block
2025-03-05 12:57:53,787 [BlockDeletingService#0] INFO  impl.FilePerBlockStrategy (FilePerBlockStrategy.java:deleteChunk(278)) - Deleted block file: /tmp/junit-873689403019502425/hdds/5d82f239-d3b1-4632-a846-bcb5bb2d4896/current/containerDir129/114109937980211971/chunks/114109937984734022.block
2025-03-05 12:57:53,787 [BlockDeletingService#0] INFO  impl.FilePerBlockStrategy (FilePerBlockStrategy.java:deleteChunk(278)) - Deleted block file: /tmp/junit-873689403019502425/hdds/5d82f239-d3b1-4632-a846-bcb5bb2d4896/current/containerDir129/114109937980211971/chunks/114109937984799559.block
2025-03-05 12:57:53,787 [BlockDeletingService#0] INFO  impl.FilePerBlockStrategy (FilePerBlockStrategy.java:deleteChunk(278)) - Deleted block file: /tmp/junit-873689403019502425/hdds/5d82f239-d3b1-4632-a846-bcb5bb2d4896/current/containerDir129/114109937980211971/chunks/114109937984799560.block
2025-03-05 12:57:53,787 [BlockDeletingService#0] INFO  impl.FilePerBlockStrategy (FilePerBlockStrategy.java:deleteChunk(278)) - Deleted block file: /tmp/junit-873689403019502425/hdds/5d82f239-d3b1-4632-a846-bcb5bb2d4896/current/containerDir129/114109937980211971/chunks/114109937980736266.block
2025-03-05 12:57:53,787 [BlockDeletingService#0] INFO  impl.FilePerBlockStrategy (FilePerBlockStrategy.java:deleteChunk(278)) - Deleted block file: /tmp/junit-873689403019502425/hdds/5d82f239-d3b1-4632-a846-bcb5bb2d4896/current/containerDir129/114109937980211971/chunks/114109937984865097.block
2025-03-05 12:57:53,788 [BlockDeletingService#0] INFO  impl.FilePerBlockStrategy (FilePerBlockStrategy.java:deleteChunk(278)) - Deleted block file: /tmp/junit-873689403019502425/hdds/5d82f239-d3b1-4632-a846-bcb5bb2d4896/current/containerDir129/114109937980211971/chunks/114109937984930634.block
2025-03-05 12:57:53,788 [BlockDeletingService#0] INFO  impl.FilePerBlockStrategy (FilePerBlockStrategy.java:deleteChunk(278)) - Deleted block file: /tmp/junit-873689403019502425/hdds/5d82f239-d3b1-4632-a846-bcb5bb2d4896/current/containerDir129/114109937980211971/chunks/114109937984930635.block
2025-03-05 12:57:53,788 [BlockDeletingService#0] INFO  impl.FilePerBlockStrategy (FilePerBlockStrategy.java:deleteChunk(278)) - Deleted block file: /tmp/junit-873689403019502425/hdds/5d82f239-d3b1-4632-a846-bcb5bb2d4896/current/containerDir129/114109937980211971/chunks/114109937984996172.block
2025-03-05 12:57:53,788 [BlockDeletingService#0] INFO  impl.FilePerBlockStrategy (FilePerBlockStrategy.java:deleteChunk(278)) - Deleted block file: /tmp/junit-873689403019502425/hdds/5d82f239-d3b1-4632-a846-bcb5bb2d4896/current/containerDir129/114109937980211971/chunks/114109937985061709.block
2025-03-05 12:57:53,788 [BlockDeletingService#0] INFO  impl.FilePerBlockStrategy (FilePerBlockStrategy.java:deleteChunk(278)) - Deleted block file: /tmp/junit-873689403019502425/hdds/5d82f239-d3b1-4632-a846-bcb5bb2d4896/current/containerDir129/114109937980211971/chunks/114109937985061710.block
2025-03-05 12:57:53,788 [BlockDeletingService#0] INFO  impl.FilePerBlockStrategy (FilePerBlockStrategy.java:deleteChunk(278)) - Deleted block file: /tmp/junit-873689403019502425/hdds/5d82f239-d3b1-4632-a846-bcb5bb2d4896/current/containerDir129/114109937980211971/chunks/114109937985127247.block
2025-03-05 12:57:53,789 [BlockDeletingService#0] INFO  impl.FilePerBlockStrategy (FilePerBlockStrategy.java:deleteChunk(278)) - Deleted block file: /tmp/junit-873689403019502425/hdds/5d82f239-d3b1-4632-a846-bcb5bb2d4896/current/containerDir129/114109937980211971/chunks/114109937985192784.block
2025-03-05 12:57:53,789 [BlockDeletingService#0] INFO  impl.FilePerBlockStrategy (FilePerBlockStrategy.java:deleteChunk(278)) - Deleted block file: /tmp/junit-873689403019502425/hdds/5d82f239-d3b1-4632-a846-bcb5bb2d4896/current/containerDir129/114109937980211971/chunks/114109937985192785.block
2025-03-05 12:57:53,789 [BlockDeletingService#0] INFO  impl.FilePerBlockStrategy (FilePerBlockStrategy.java:deleteChunk(278)) - Deleted block file: /tmp/junit-873689403019502425/hdds/5d82f239-d3b1-4632-a846-bcb5bb2d4896/current/containerDir129/114109937980211971/chunks/114109937985258322.block
2025-03-05 12:57:53,789 [BlockDeletingService#0] INFO  impl.FilePerBlockStrategy (FilePerBlockStrategy.java:deleteChunk(278)) - Deleted block file: /tmp/junit-873689403019502425/hdds/5d82f239-d3b1-4632-a846-bcb5bb2d4896/current/containerDir129/114109937980211971/chunks/114109937980801803.block
2025-03-05 12:57:53,789 [BlockDeletingService#0] INFO  impl.FilePerBlockStrategy (FilePerBlockStrategy.java:deleteChunk(278)) - Deleted block file: /tmp/junit-873689403019502425/hdds/5d82f239-d3b1-4632-a846-bcb5bb2d4896/current/containerDir129/114109937980211971/chunks/114109937985323859.block
2025-03-05 12:57:53,789 [BlockDeletingService#0] INFO  impl.FilePerBlockStrategy (FilePerBlockStrategy.java:deleteChunk(278)) - Deleted block file: /tmp/junit-873689403019502425/hdds/5d82f239-d3b1-4632-a846-bcb5bb2d4896/current/containerDir129/114109937980211971/chunks/114109937985389396.block
2025-03-05 12:57:53,789 [BlockDeletingService#0] INFO  impl.FilePerBlockStrategy (FilePerBlockStrategy.java:deleteChunk(278)) - Deleted block file: /tmp/junit-873689403019502425/hdds/5d82f239-d3b1-4632-a846-bcb5bb2d4896/current/containerDir129/114109937980211971/chunks/114109937985389397.block
2025-03-05 12:57:53,790 [BlockDeletingService#0] INFO  impl.FilePerBlockStrategy (FilePerBlockStrategy.java:deleteChunk(278)) - Deleted block file: /tmp/junit-873689403019502425/hdds/5d82f239-d3b1-4632-a846-bcb5bb2d4896/current/containerDir129/114109937980211971/chunks/114109937985454934.block
2025-03-05 12:57:53,790 [BlockDeletingService#0] INFO  impl.FilePerBlockStrategy (FilePerBlockStrategy.java:deleteChunk(278)) - Deleted block file: /tmp/junit-873689403019502425/hdds/5d82f239-d3b1-4632-a846-bcb5bb2d4896/current/containerDir129/114109937980211971/chunks/114109937985520471.block
2025-03-05 12:57:53,790 [BlockDeletingService#0] INFO  impl.FilePerBlockStrategy (FilePerBlockStrategy.java:deleteChunk(278)) - Deleted block file: /tmp/junit-873689403019502425/hdds/5d82f239-d3b1-4632-a846-bcb5bb2d4896/current/containerDir129/114109937980211971/chunks/114109937985586008.block
2025-03-05 12:57:53,790 [BlockDeletingService#0] INFO  impl.FilePerBlockStrategy (FilePerBlockStrategy.java:deleteChunk(278)) - Deleted block file: /tmp/junit-873689403019502425/hdds/5d82f239-d3b1-4632-a846-bcb5bb2d4896/current/containerDir129/114109937980211971/chunks/114109937985651545.block
2025-03-05 12:57:53,790 [BlockDeletingService#0] INFO  impl.FilePerBlockStrategy (FilePerBlockStrategy.java:deleteChunk(278)) - Deleted block file: /tmp/junit-873689403019502425/hdds/5d82f239-d3b1-4632-a846-bcb5bb2d4896/current/containerDir129/114109937980211971/chunks/114109937985651546.block
2025-03-05 12:57:53,790 [BlockDeletingService#0] INFO  impl.FilePerBlockStrategy (FilePerBlockStrategy.java:deleteChunk(278)) - Deleted block file: /tmp/junit-873689403019502425/hdds/5d82f239-d3b1-4632-a846-bcb5bb2d4896/current/containerDir129/114109937980211971/chunks/114109937985717083.block
2025-03-05 12:57:53,791 [BlockDeletingService#0] INFO  impl.FilePerBlockStrategy (FilePerBlockStrategy.java:deleteChunk(278)) - Deleted block file: /tmp/junit-873689403019502425/hdds/5d82f239-d3b1-4632-a846-bcb5bb2d4896/current/containerDir129/114109937980211971/chunks/114109937985782620.block
2025-03-05 12:57:53,791 [BlockDeletingService#0] INFO  impl.FilePerBlockStrategy (FilePerBlockStrategy.java:deleteChunk(278)) - Deleted block file: /tmp/junit-873689403019502425/hdds/5d82f239-d3b1-4632-a846-bcb5bb2d4896/current/containerDir129/114109937980211971/chunks/114109937980867340.block
2025-03-05 12:57:53,791 [BlockDeletingService#0] INFO  impl.FilePerBlockStrategy (FilePerBlockStrategy.java:deleteChunk(278)) - Deleted block file: /tmp/junit-873689403019502425/hdds/5d82f239-d3b1-4632-a846-bcb5bb2d4896/current/containerDir129/114109937980211971/chunks/114109937985782621.block
2025-03-05 12:57:53,791 [BlockDeletingService#0] INFO  impl.FilePerBlockStrategy (FilePerBlockStrategy.java:deleteChunk(278)) - Deleted block file: /tmp/junit-873689403019502425/hdds/5d82f239-d3b1-4632-a846-bcb5bb2d4896/current/containerDir129/114109937980211971/chunks/114109937985848158.block
2025-03-05 12:57:53,791 [BlockDeletingService#0] INFO  impl.FilePerBlockStrategy (FilePerBlockStrategy.java:deleteChunk(278)) - Deleted block file: /tmp/junit-873689403019502425/hdds/5d82f239-d3b1-4632-a846-bcb5bb2d4896/current/containerDir129/114109937980211971/chunks/114109937985913695.block
2025-03-05 12:57:53,791 [BlockDeletingService#0] INFO  impl.FilePerBlockStrategy (FilePerBlockStrategy.java:deleteChunk(278)) - Deleted block file: /tmp/junit-873689403019502425/hdds/5d82f239-d3b1-4632-a846-bcb5bb2d4896/current/containerDir129/114109937980211971/chunks/114109937985913696.block
2025-03-05 12:57:53,792 [BlockDeletingService#0] INFO  impl.FilePerBlockStrategy (FilePerBlockStrategy.java:deleteChunk(278)) - Deleted block file: /tmp/junit-873689403019502425/hdds/5d82f239-d3b1-4632-a846-bcb5bb2d4896/current/containerDir129/114109937980211971/chunks/114109937985979233.block
2025-03-05 12:57:53,792 [BlockDeletingService#0] INFO  impl.FilePerBlockStrategy (FilePerBlockStrategy.java:deleteChunk(278)) - Deleted block file: /tmp/junit-873689403019502425/hdds/5d82f239-d3b1-4632-a846-bcb5bb2d4896/current/containerDir129/114109937980211971/chunks/114109937985979234.block
2025-03-05 12:57:53,792 [BlockDeletingService#0] INFO  impl.FilePerBlockStrategy (FilePerBlockStrategy.java:deleteChunk(278)) - Deleted block file: /tmp/junit-873689403019502425/hdds/5d82f239-d3b1-4632-a846-bcb5bb2d4896/current/containerDir129/114109937980211971/chunks/114109937986044771.block
2025-03-05 12:57:53,792 [BlockDeletingService#0] INFO  impl.FilePerBlockStrategy (FilePerBlockStrategy.java:deleteChunk(278)) - Deleted block file: /tmp/junit-873689403019502425/hdds/5d82f239-d3b1-4632-a846-bcb5bb2d4896/current/containerDir129/114109937980211971/chunks/114109937986110308.block
2025-03-05 12:57:53,792 [BlockDeletingService#0] INFO  impl.FilePerBlockStrategy (FilePerBlockStrategy.java:deleteChunk(278)) - Deleted block file: /tmp/junit-873689403019502425/hdds/5d82f239-d3b1-4632-a846-bcb5bb2d4896/current/containerDir129/114109937980211971/chunks/114109937986175845.block
2025-03-05 12:57:53,792 [BlockDeletingService#0] INFO  impl.FilePerBlockStrategy (FilePerBlockStrategy.java:deleteChunk(278)) - Deleted block file: /tmp/junit-873689403019502425/hdds/5d82f239-d3b1-4632-a846-bcb5bb2d4896/current/containerDir129/114109937980211971/chunks/114109937986175846.block
2025-03-05 12:57:53,796 [BlockDeletingService#0] WARN  utils.BackgroundService (BackgroundService.java:lambda$run$0(151)) - BlockDeletingService Background task execution took 23207584ns > 0ns(timeout)
2025-03-05 12:57:53,871 [main] INFO  utils.BackgroundService (BackgroundService.java:shutdown(162)) - Shutting down service BlockDeletingService
]]></system-out>
  </testcase>
  <testcase name="testBlockDeletionTimeout(ContainerTestVersionInfo)[1]" classname="org.apache.hadoop.ozone.container.common.TestBlockDeletingService" time="1.113">
    <error message="Timed out waiting for condition. Thread diagnostics:&#10;Timestamp: 2025-03-05 12:57:54,985&#10;&#10;&quot;BlockDeletingService#1&quot; daemon prio=5 tid=127 in Object.wait()&#10;java.lang.Thread.State: WAITING (on object monitor)&#10;        at java.base@21.0.6/jdk.internal.misc.Unsafe.park(Native Method)&#10;        at java.base@21.0.6/java.util.concurrent.locks.LockSupport.park(LockSupport.java:371)&#10;        at java.base@21.0.6/java.util.concurrent.locks.AbstractQueuedSynchronizer$ConditionNode.block(AbstractQueuedSynchronizer.java:519)&#10;        at java.base@21.0.6/java.util.concurrent.ForkJoinPool.unmanagedBlock(ForkJoinPool.java:3780)&#10;        at java.base@21.0.6/java.util.concurrent.ForkJoinPool.managedBlock(ForkJoinPool.java:3725)&#10;        at java.base@21.0.6/java.util.concurrent.locks.AbstractQueuedSynchronizer$ConditionObject.await(AbstractQueuedSynchronizer.java:1712)&#10;        at java.base@21.0.6/java.util.concurrent.ScheduledThreadPoolExecutor$DelayedWorkQueue.take(ScheduledThreadPoolExecutor.java:1177)&#10;        at java.base@21.0.6/java.util.concurrent.ScheduledThreadPoolExecutor$DelayedWorkQueue.take(ScheduledThreadPoolExecutor.java:899)&#10;        at java.base@21.0.6/java.util.concurrent.ThreadPoolExecutor.getTask(ThreadPoolExecutor.java:1070)&#10;        at java.base@21.0.6/java.util.concurrent.ThreadPoolExecutor.runWorker(ThreadPoolExecutor.java:1130)&#10;        at java.base@21.0.6/java.util.concurrent.ThreadPoolExecutor$Worker.run(ThreadPoolExecutor.java:642)&#10;        at java.base@21.0.6/java.lang.Thread.runWith(Thread.java:1596)&#10;        at java.base@21.0.6/java.lang.Thread.run(Thread.java:1583)&#10;&quot;BlockDeletingService#3&quot; daemon prio=5 tid=129 in Object.wait()&#10;java.lang.Thread.State: WAITING (on object monitor)&#10;        at java.base@21.0.6/jdk.internal.misc.Unsafe.park(Native Method)&#10;        at java.base@21.0.6/java.util.concurrent.locks.LockSupport.park(LockSupport.java:371)&#10;        at java.base@21.0.6/java.util.concurrent.locks.AbstractQueuedSynchronizer$ConditionNode.block(AbstractQueuedSynchronizer.java:519)&#10;        at java.base@21.0.6/java.util.concurrent.ForkJoinPool.unmanagedBlock(ForkJoinPool.java:3780)&#10;        at java.base@21.0.6/java.util.concurrent.ForkJoinPool.managedBlock(ForkJoinPool.java:3725)&#10;        at java.base@21.0.6/java.util.concurrent.locks.AbstractQueuedSynchronizer$ConditionObject.await(AbstractQueuedSynchronizer.java:1712)&#10;        at java.base@21.0.6/java.util.concurrent.ScheduledThreadPoolExecutor$DelayedWorkQueue.take(ScheduledThreadPoolExecutor.java:1177)&#10;        at java.base@21.0.6/java.util.concurrent.ScheduledThreadPoolExecutor$DelayedWorkQueue.take(ScheduledThreadPoolExecutor.java:899)&#10;        at java.base@21.0.6/java.util.concurrent.ThreadPoolExecutor.getTask(ThreadPoolExecutor.java:1070)&#10;        at java.base@21.0.6/java.util.concurrent.ThreadPoolExecutor.runWorker(ThreadPoolExecutor.java:1130)&#10;        at java.base@21.0.6/java.util.concurrent.ThreadPoolExecutor$Worker.run(ThreadPoolExecutor.java:642)&#10;        at java.base@21.0.6/java.lang.Thread.runWith(Thread.java:1596)&#10;        at java.base@21.0.6/java.lang.Thread.run(Thread.java:1583)&#10;&quot;gradle-enterprise-test-client-gradle-enterprise-test-listener&quot;  prio=5 tid=31 in Object.wait()&#10;java.lang.Thread.State: WAITING (on object monitor)&#10;        at java.base@21.0.6/jdk.internal.misc.Unsafe.park(Native Method)&#10;        at java.base@21.0.6/java.util.concurrent.locks.LockSupport.park(LockSupport.java:371)&#10;        at java.base@21.0.6/java.util.concurrent.locks.AbstractQueuedSynchronizer$ConditionNode.block(AbstractQueuedSynchronizer.java:519)&#10;        at java.base@21.0.6/java.util.concurrent.ForkJoinPool.unmanagedBlock(ForkJoinPool.java:3780)&#10;        at java.base@21.0.6/java.util.concurrent.ForkJoinPool.managedBlock(ForkJoinPool.java:3725)&#10;        at java.base@21.0.6/java.util.concurrent.locks.AbstractQueuedSynchronizer$ConditionObject.await(AbstractQueuedSynchronizer.java:1712)&#10;        at java.base@21.0.6/java.util.concurrent.ArrayBlockingQueue.take(ArrayBlockingQueue.java:420)&#10;        at app//com.gradle.maven.scan.extension.test.listener.obfuscated.k.a.a(SourceFile:130)&#10;        at app//com.gradle.maven.scan.extension.test.listener.obfuscated.k.a.b(SourceFile:93)&#10;        at app//com.gradle.maven.scan.extension.test.listener.obfuscated.k.a$$Lambda/0x00007ff600122d38.run(Unknown Source)&#10;        at java.base@21.0.6/java.util.concurrent.Executors$RunnableAdapter.call(Executors.java:572)&#10;        at java.base@21.0.6/java.util.concurrent.FutureTask.run(FutureTask.java:317)&#10;        at java.base@21.0.6/java.util.concurrent.ThreadPoolExecutor.runWorker(ThreadPoolExecutor.java:1144)&#10;        at java.base@21.0.6/java.util.concurrent.ThreadPoolExecutor$Worker.run(ThreadPoolExecutor.java:642)&#10;        at java.base@21.0.6/java.lang.Thread.runWith(Thread.java:1596)&#10;        at java.base@21.0.6/java.lang.Thread.run(Thread.java:1583)&#10;&quot;MutableQuantiles-0&quot; daemon prio=5 tid=34 timed_waiting&#10;java.lang.Thread.State: TIMED_WAITING&#10;        at java.base@21.0.6/jdk.internal.misc.Unsafe.park(Native Method)&#10;        at java.base@21.0.6/java.util.concurrent.locks.LockSupport.parkNanos(LockSupport.java:269)&#10;        at java.base@21.0.6/java.util.concurrent.locks.AbstractQueuedSynchronizer$ConditionObject.awaitNanos(AbstractQueuedSynchronizer.java:1763)&#10;        at java.base@21.0.6/java.util.concurrent.ScheduledThreadPoolExecutor$DelayedWorkQueue.take(ScheduledThreadPoolExecutor.java:1182)&#10;        at java.base@21.0.6/java.util.concurrent.ScheduledThreadPoolExecutor$DelayedWorkQueue.take(ScheduledThreadPoolExecutor.java:899)&#10;        at java.base@21.0.6/java.util.concurrent.ThreadPoolExecutor.getTask(ThreadPoolExecutor.java:1070)&#10;        at java.base@21.0.6/java.util.concurrent.ThreadPoolExecutor.runWorker(ThreadPoolExecutor.java:1130)&#10;        at java.base@21.0.6/java.util.concurrent.ThreadPoolExecutor$Worker.run(ThreadPoolExecutor.java:642)&#10;        at java.base@21.0.6/java.lang.Thread.runWith(Thread.java:1596)&#10;        at java.base@21.0.6/java.lang.Thread.run(Thread.java:1583)&#10;&quot;Notification Thread&quot; daemon prio=9 tid=22 runnable&#10;java.lang.Thread.State: RUNNABLE&#10;&quot;main&quot;  prio=5 tid=1 runnable&#10;java.lang.Thread.State: RUNNABLE&#10;        at java.base@21.0.6/java.lang.Thread.dumpThreads(Native Method)&#10;        at java.base@21.0.6/java.lang.Thread.getAllStackTraces(Thread.java:2522)&#10;        at app//org.apache.ozone.test.TimedOutTestsListener.buildThreadDump(TimedOutTestsListener.java:81)&#10;        at app//org.apache.ozone.test.TimedOutTestsListener.buildThreadDiagnosticString(TimedOutTestsListener.java:67)&#10;        at app//org.apache.ozone.test.GenericTestUtils.waitFor(GenericTestUtils.java:152)&#10;        at app//org.apache.hadoop.ozone.container.common.TestBlockDeletingService.testBlockDeletionTimeout(TestBlockDeletingService.java:818)&#10;        at java.base@21.0.6/java.lang.invoke.DirectMethodHandle$Holder.invokeVirtual(DirectMethodHandle$Holder)&#10;        at java.base@21.0.6/java.lang.invoke.LambdaForm$MH/0x00007ff600268000.invoke(LambdaForm$MH)&#10;        at java.base@21.0.6/java.lang.invoke.Invokers$Holder.invokeExact_MT(Invokers$Holder)&#10;        at java.base@21.0.6/jdk.internal.reflect.DirectMethodHandleAccessor.invokeImpl(DirectMethodHandleAccessor.java:154)&#10;        at java.base@21.0.6/jdk.internal.reflect.DirectMethodHandleAccessor.invoke(DirectMethodHandleAccessor.java:103)&#10;        at java.base@21.0.6/java.lang.reflect.Method.invoke(Method.java:580)&#10;        at app//org.junit.platform.commons.util.ReflectionUtils.invokeMethod(ReflectionUtils.java:775)&#10;        at app//org.junit.platform.commons.support.ReflectionSupport.invokeMethod(ReflectionSupport.java:479)&#10;        at app//org.junit.jupiter.engine.execution.MethodInvocation.proceed(MethodInvocation.java:60)&#10;        at app//org.junit.jupiter.engine.execution.InvocationInterceptorChain$ValidatingInvocation.proceed(InvocationInterceptorChain.java:131)&#10;        at app//org.junit.jupiter.params.ArgumentCountValidator.interceptTestTemplateMethod(ArgumentCountValidator.java:45)&#10;        at app//org.junit.jupiter.engine.descriptor.TestTemplateInvocationTestDescriptor$$Lambda/0x00007ff6001665a0.apply(Unknown Source)&#10;        at app//org.junit.jupiter.engine.execution.InterceptingExecutableInvoker$ReflectiveInterceptorCall.lambda$ofVoidMethod$0(InterceptingExecutableInvoker.java:112)&#10;        at app//org.junit.jupiter.engine.execution.InterceptingExecutableInvoker$ReflectiveInterceptorCall$$Lambda/0x00007ff600166388.apply(Unknown Source)&#10;        at app//org.junit.jupiter.engine.execution.InterceptingExecutableInvoker.lambda$invoke$0(InterceptingExecutableInvoker.java:94)&#10;        at app//org.junit.jupiter.engine.execution.InterceptingExecutableInvoker$$Lambda/0x00007ff60019e6b0.apply(Unknown Source)&#10;        at app//org.junit.jupiter.engine.execution.InvocationInterceptorChain$InterceptedInvocation.proceed(InvocationInterceptorChain.java:106)&#10;        at app//org.junit.jupiter.engine.extension.SameThreadTimeoutInvocation.proceed(SameThreadTimeoutInvocation.java:49)&#10;        at app//org.junit.jupiter.engine.extension.TimeoutExtension.intercept(TimeoutExtension.java:161)&#10;        at app//org.junit.jupiter.engine.extension.TimeoutExtension.interceptTestableMethod(TimeoutExtension.java:152)&#10;        at app//org.junit.jupiter.engine.extension.TimeoutExtension.interceptTestTemplateMethod(TimeoutExtension.java:99)&#10;        at app//org.junit.jupiter.engine.descriptor.TestTemplateInvocationTestDescriptor$$Lambda/0x00007ff6001665a0.apply(Unknown Source)&#10;        at app//org.junit.jupiter.engine.execution.InterceptingExecutableInvoker$ReflectiveInterceptorCall.lambda$ofVoidMethod$0(InterceptingExecutableInvoker.java:112)&#10;        at app//org.junit.jupiter.engine.execution.InterceptingExecutableInvoker$ReflectiveInterceptorCall$$Lambda/0x00007ff600166388.apply(Unknown Source)&#10;        at app//org.junit.jupiter.engine.execution.InterceptingExecutableInvoker.lambda$invoke$0(InterceptingExecutableInvoker.java:94)&#10;        at app//org.junit.jupiter.engine.execution.InterceptingExecutableInvoker$$Lambda/0x00007ff60019e6b0.apply(Unknown Source)&#10;        at app//org.junit.jupiter.engine.execution.InvocationInterceptorChain$InterceptedInvocation.proceed(InvocationInterceptorChain.java:106)&#10;        at app//org.junit.jupiter.engine.execution.InvocationInterceptorChain.proceed(InvocationInterceptorChain.java:64)&#10;        at app//org.junit.jupiter.engine.execution.InvocationInterceptorChain.chainAndInvoke(InvocationInterceptorChain.java:45)&#10;        at app//org.junit.jupiter.engine.execution.InvocationInterceptorChain.invoke(InvocationInterceptorChain.java:37)&#10;        at app//org.junit.jupiter.engine.execution.InterceptingExecutableInvoker.invoke(InterceptingExecutableInvoker.java:93)&#10;        at app//org.junit.jupiter.engine.execution.InterceptingExecutableInvoker.invoke(InterceptingExecutableInvoker.java:87)&#10;        at app//org.junit.jupiter.engine.descriptor.TestMethodTestDescriptor.lambda$invokeTestMethod$7(TestMethodTestDescriptor.java:216)&#10;        at app//org.junit.jupiter.engine.descriptor.TestMethodTestDescriptor$$Lambda/0x00007ff600262d10.execute(Unknown Source)&#10;        at app//org.junit.platform.engine.support.hierarchical.ThrowableCollector.execute(ThrowableCollector.java:73)&#10;        at app//org.junit.jupiter.engine.descriptor.TestMethodTestDescriptor.invokeTestMethod(TestMethodTestDescriptor.java:212)&#10;        at app//org.junit.jupiter.engine.descriptor.TestMethodTestDescriptor.execute(TestMethodTestDescriptor.java:137)&#10;        at app//org.junit.jupiter.engine.descriptor.TestMethodTestDescriptor.execute(TestMethodTestDescriptor.java:69)&#10;        at app//org.junit.platform.engine.support.hierarchical.NodeTestTask.lambda$executeRecursively$6(NodeTestTask.java:156)&#10;        at app//org.junit.platform.engine.support.hierarchical.NodeTestTask$$Lambda/0x00007ff60013dc00.execute(Unknown Source)&#10;        at app//org.junit.platform.engine.support.hierarchical.ThrowableCollector.execute(ThrowableCollector.java:73)&#10;        at app//org.junit.platform.engine.support.hierarchical.NodeTestTask.lambda$executeRecursively$8(NodeTestTask.java:146)&#10;        at app//org.junit.platform.engine.support.hierarchical.NodeTestTask$$Lambda/0x00007ff60013fbe8.invoke(Unknown Source)&#10;        at app//org.junit.platform.engine.support.hierarchical.Node.around(Node.java:137)&#10;        at app//org.junit.platform.engine.support.hierarchical.NodeTestTask.lambda$executeRecursively$9(NodeTestTask.java:144)&#10;        at app//org.junit.platform.engine.support.hierarchical.NodeTestTask$$Lambda/0x00007ff60013f7e0.execute(Unknown Source)&#10;        at app//org.junit.platform.engine.support.hierarchical.ThrowableCollector.execute(ThrowableCollector.java:73)&#10;        at app//org.junit.platform.engine.support.hierarchical.NodeTestTask.executeRecursively(NodeTestTask.java:143)&#10;        at app//org.junit.platform.engine.support.hierarchical.NodeTestTask.execute(NodeTestTask.java:100)&#10;        at app//org.junit.platform.engine.support.hierarchical.SameThreadHierarchicalTestExecutorService.submit(SameThreadHierarchicalTestExecutorService.java:35)&#10;        at app//org.junit.platform.engine.support.hierarchical.NodeTestTask$DefaultDynamicTestExecutor.execute(NodeTestTask.java:231)&#10;        at app//org.junit.platform.engine.support.hierarchical.NodeTestTask$DefaultDynamicTestExecutor.execute(NodeTestTask.java:209)&#10;        at app//org.junit.jupiter.engine.descriptor.TestTemplateTestDescriptor.execute(TestTemplateTestDescriptor.java:157)&#10;        at app//org.junit.jupiter.engine.descriptor.TestTemplateTestDescriptor.lambda$executeForProvider$0(TestTemplateTestDescriptor.java:115)&#10;        at app//org.junit.jupiter.engine.descriptor.TestTemplateTestDescriptor$$Lambda/0x00007ff600167450.accept(Unknown Source)&#10;        at java.base@21.0.6/java.util.Optional.ifPresent(Optional.java:178)&#10;        at app//org.junit.jupiter.engine.descriptor.TestTemplateTestDescriptor.lambda$executeForProvider$1(TestTemplateTestDescriptor.java:115)&#10;        at app//org.junit.jupiter.engine.descriptor.TestTemplateTestDescriptor$$Lambda/0x00007ff60015cab0.accept(Unknown Source)&#10;        at java.base@21.0.6/java.util.stream.ForEachOps$ForEachOp$OfRef.accept(ForEachOps.java:184)&#10;        at java.base@21.0.6/java.util.stream.ReferencePipeline$3$1.accept(ReferencePipeline.java:197)&#10;        at java.base@21.0.6/java.util.stream.ForEachOps$ForEachOp$OfRef.accept(ForEachOps.java:184)&#10;        at java.base@21.0.6/java.util.stream.ForEachOps$ForEachOp$OfRef.accept(ForEachOps.java:184)&#10;        at java.base@21.0.6/java.util.stream.ReferencePipeline$3$1.accept(ReferencePipeline.java:197)&#10;        at java.base@21.0.6/java.util.ArrayList$ArrayListSpliterator.forEachRemaining(ArrayList.java:1708)&#10;        at java.base@21.0.6/java.util.stream.ReferencePipeline$Head.forEach(ReferencePipeline.java:762)&#10;        at java.base@21.0.6/java.util.stream.ReferencePipeline$7$1.accept(ReferencePipeline.java:276)&#10;        at java.base@21.0.6/java.util.stream.ReferencePipeline$3$1.accept(ReferencePipeline.java:197)&#10;        at java.base@21.0.6/java.util.stream.ReferencePipeline$3$1.accept(ReferencePipeline.java:197)&#10;        at java.base@21.0.6/java.util.stream.ReferencePipeline$3$1.accept(ReferencePipeline.java:197)&#10;        at java.base@21.0.6/java.util.Spliterators$ArraySpliterator.forEachRemaining(Spliterators.java:1024)&#10;        at java.base@21.0.6/java.util.stream.AbstractPipeline.copyInto(AbstractPipeline.java:509)&#10;        at java.base@21.0.6/java.util.stream.AbstractPipeline.wrapAndCopyInto(AbstractPipeline.java:499)&#10;        at java.base@21.0.6/java.util.stream.ForEachOps$ForEachOp.evaluateSequential(ForEachOps.java:151)&#10;        at java.base@21.0.6/java.util.stream.ForEachOps$ForEachOp$OfRef.evaluateSequential(ForEachOps.java:174)&#10;        at java.base@21.0.6/java.util.stream.AbstractPipeline.evaluate(AbstractPipeline.java:234)&#10;        at java.base@21.0.6/java.util.stream.ReferencePipeline.forEach(ReferencePipeline.java:596)&#10;        at java.base@21.0.6/java.util.stream.ReferencePipeline$7$1.accept(ReferencePipeline.java:276)&#10;        at java.base@21.0.6/java.util.ArrayList$ArrayListSpliterator.forEachRemaining(ArrayList.java:1708)&#10;        at java.base@21.0.6/java.util.stream.AbstractPipeline.copyInto(AbstractPipeline.java:509)&#10;        at java.base@21.0.6/java.util.stream.AbstractPipeline.wrapAndCopyInto(AbstractPipeline.java:499)&#10;        at java.base@21.0.6/java.util.stream.ForEachOps$ForEachOp.evaluateSequential(ForEachOps.java:151)&#10;        at java.base@21.0.6/java.util.stream.ForEachOps$ForEachOp$OfRef.evaluateSequential(ForEachOps.java:174)&#10;        at java.base@21.0.6/java.util.stream.AbstractPipeline.evaluate(AbstractPipeline.java:234)&#10;        at java.base@21.0.6/java.util.stream.ReferencePipeline.forEach(ReferencePipeline.java:596)&#10;        at java.base@21.0.6/java.util.stream.ReferencePipeline$7$1.accept(ReferencePipeline.java:276)&#10;        at java.base@21.0.6/java.util.stream.ReferencePipeline$3$1.accept(ReferencePipeline.java:197)&#10;        at java.base@21.0.6/java.util.stream.ReferencePipeline$3$1.accept(ReferencePipeline.java:197)&#10;        at java.base@21.0.6/java.util.stream.ReferencePipeline$3$1.accept(ReferencePipeline.java:197)&#10;        at java.base@21.0.6/java.util.ArrayList$ArrayListSpliterator.forEachRemaining(ArrayList.java:1708)&#10;        at java.base@21.0.6/java.util.stream.AbstractPipeline.copyInto(AbstractPipeline.java:509)&#10;        at java.base@21.0.6/java.util.stream.AbstractPipeline.wrapAndCopyInto(AbstractPipeline.java:499)&#10;        at java.base@21.0.6/java.util.stream.ForEachOps$ForEachOp.evaluateSequential(ForEachOps.java:151)&#10;        at java.base@21.0.6/java.util.stream.ForEachOps$ForEachOp$OfRef.evaluateSequential(ForEachOps.java:174)&#10;        at java.base@21.0.6/java.util.stream.AbstractPipeline.evaluate(AbstractPipeline.java:234)&#10;        at java.base@21.0.6/java.util.stream.ReferencePipeline.forEach(ReferencePipeline.java:596)&#10;        at app//org.junit.jupiter.engine.descriptor.TestTemplateTestDescriptor.executeForProvider(TestTemplateTestDescriptor.java:114)&#10;        at app//org.junit.jupiter.engine.descriptor.TestTemplateTestDescriptor.execute(TestTemplateTestDescriptor.java:103)&#10;        at app//org.junit.jupiter.engine.descriptor.TestTemplateTestDescriptor.execute(TestTemplateTestDescriptor.java:43)&#10;        at app//org.junit.platform.engine.support.hierarchical.NodeTestTask.lambda$executeRecursively$6(NodeTestTask.java:156)&#10;        at app//org.junit.platform.engine.support.hierarchical.NodeTestTask$$Lambda/0x00007ff60013dc00.execute(Unknown Source)&#10;        at app//org.junit.platform.engine.support.hierarchical.ThrowableCollector.execute(ThrowableCollector.java:73)&#10;        at app//org.junit.platform.engine.support.hierarchical.NodeTestTask.lambda$executeRecursively$8(NodeTestTask.java:146)&#10;        at app//org.junit.platform.engine.support.hierarchical.NodeTestTask$$Lambda/0x00007ff60013fbe8.invoke(Unknown Source)&#10;        at app//org.junit.platform.engine.support.hierarchical.Node.around(Node.java:137)&#10;        at app//org.junit.platform.engine.support.hierarchical.NodeTestTask.lambda$executeRecursively$9(NodeTestTask.java:144)&#10;        at app//org.junit.platform.engine.support.hierarchical.NodeTestTask$$Lambda/0x00007ff60013f7e0.execute(Unknown Source)&#10;        at app//org.junit.platform.engine.support.hierarchical.ThrowableCollector.execute(ThrowableCollector.java:73)&#10;        at app//org.junit.platform.engine.support.hierarchical.NodeTestTask.executeRecursively(NodeTestTask.java:143)&#10;        at app//org.junit.platform.engine.support.hierarchical.NodeTestTask.execute(NodeTestTask.java:100)&#10;        at app//org.junit.platform.engine.support.hierarchical.SameThreadHierarchicalTestExecutorService$$Lambda/0x00007ff600140d20.accept(Unknown Source)&#10;        at java.base@21.0.6/java.util.ArrayList.forEach(ArrayList.java:1596)&#10;        at app//org.junit.platform.engine.support.hierarchical.SameThreadHierarchicalTestExecutorService.invokeAll(SameThreadHierarchicalTestExecutorService.java:41)&#10;        at app//org.junit.platform.engine.support.hierarchical.NodeTestTask.lambda$executeRecursively$6(NodeTestTask.java:160)&#10;        at app//org.junit.platform.engine.support.hierarchical.NodeTestTask$$Lambda/0x00007ff60013dc00.execute(Unknown Source)&#10;        at app//org.junit.platform.engine.support.hierarchical.ThrowableCollector.execute(ThrowableCollector.java:73)&#10;        at app//org.junit.platform.engine.support.hierarchical.NodeTestTask.lambda$executeRecursively$8(NodeTestTask.java:146)&#10;        at app//org.junit.platform.engine.support.hierarchical.NodeTestTask$$Lambda/0x00007ff60013fbe8.invoke(Unknown Source)&#10;        at app//org.junit.platform.engine.support.hierarchical.Node.around(Node.java:137)&#10;        at app//org.junit.platform.engine.support.hierarchical.NodeTestTask.lambda$executeRecursively$9(NodeTestTask.java:144)&#10;        at app//org.junit.platform.engine.support.hierarchical.NodeTestTask$$Lambda/0x00007ff60013f7e0.execute(Unknown Source)&#10;        at app//org.junit.platform.engine.support.hierarchical.ThrowableCollector.execute(ThrowableCollector.java:73)&#10;        at app//org.junit.platform.engine.support.hierarchical.NodeTestTask.executeRecursively(NodeTestTask.java:143)&#10;        at app//org.junit.platform.engine.support.hierarchical.NodeTestTask.execute(NodeTestTask.java:100)&#10;        at app//org.junit.platform.engine.support.hierarchical.SameThreadHierarchicalTestExecutorService$$Lambda/0x00007ff600140d20.accept(Unknown Source)&#10;        at java.base@21.0.6/java.util.ArrayList.forEach(ArrayList.java:1596)&#10;        at app//org.junit.platform.engine.support.hierarchical.SameThreadHierarchicalTestExecutorService.invokeAll(SameThreadHierarchicalTestExecutorService.java:41)&#10;        at app//org.junit.platform.engine.support.hierarchical.NodeTestTask.lambda$executeRecursively$6(NodeTestTask.java:160)&#10;        at app//org.junit.platform.engine.support.hierarchical.NodeTestTask$$Lambda/0x00007ff60013dc00.execute(Unknown Source)&#10;        at app//org.junit.platform.engine.support.hierarchical.ThrowableCollector.execute(ThrowableCollector.java:73)&#10;        at app//org.junit.platform.engine.support.hierarchical.NodeTestTask.lambda$executeRecursively$8(NodeTestTask.java:146)&#10;        at app//org.junit.platform.engine.support.hierarchical.NodeTestTask$$Lambda/0x00007ff60013fbe8.invoke(Unknown Source)&#10;        at app//org.junit.platform.engine.support.hierarchical.Node.around(Node.java:137)&#10;        at app//org.junit.platform.engine.support.hierarchical.NodeTestTask.lambda$executeRecursively$9(NodeTestTask.java:144)&#10;        at app//org.junit.platform.engine.support.hierarchical.NodeTestTask$$Lambda/0x00007ff60013f7e0.execute(Unknown Source)&#10;        at app//org.junit.platform.engine.support.hierarchical.ThrowableCollector.execute(ThrowableCollector.java:73)&#10;        at app//org.junit.platform.engine.support.hierarchical.NodeTestTask.executeRecursively(NodeTestTask.java:143)&#10;        at app//org.junit.platform.engine.support.hierarchical.NodeTestTask.execute(NodeTestTask.java:100)&#10;        at app//org.junit.platform.engine.support.hierarchical.SameThreadHierarchicalTestExecutorService.submit(SameThreadHierarchicalTestExecutorService.java:35)&#10;        at app//org.junit.platform.engine.support.hierarchical.HierarchicalTestExecutor.execute(HierarchicalTestExecutor.java:57)&#10;        at app//org.junit.platform.engine.support.hierarchical.HierarchicalTestEngine.execute(HierarchicalTestEngine.java:54)&#10;        at app//org.junit.platform.launcher.core.EngineExecutionOrchestrator.execute(EngineExecutionOrchestrator.java:201)&#10;        at app//org.junit.platform.launcher.core.EngineExecutionOrchestrator.execute(EngineExecutionOrchestrator.java:170)&#10;        at app//org.junit.platform.launcher.core.EngineExecutionOrchestrator.execute(EngineExecutionOrchestrator.java:94)&#10;        at app//org.junit.platform.launcher.core.EngineExecutionOrchestrator.lambda$execute$0(EngineExecutionOrchestrator.java:59)&#10;        at app//org.junit.platform.launcher.core.EngineExecutionOrchestrator$$Lambda/0x00007ff600116a98.accept(Unknown Source)&#10;        at app//org.junit.platform.launcher.core.EngineExecutionOrchestrator.withInterceptedStreams(EngineExecutionOrchestrator.java:142)&#10;        at app//org.junit.platform.launcher.core.EngineExecutionOrchestrator.execute(EngineExecutionOrchestrator.java:58)&#10;        at app//org.junit.platform.launcher.core.DefaultLauncher.execute(DefaultLauncher.java:103)&#10;        at app//org.junit.platform.launcher.core.DefaultLauncher.execute(DefaultLauncher.java:85)&#10;        at app//org.junit.platform.launcher.core.DelegatingLauncher.execute(DelegatingLauncher.java:47)&#10;        at app//org.junit.platform.launcher.core.InterceptingLauncher.lambda$execute$1(InterceptingLauncher.java:39)&#10;        at app//org.junit.platform.launcher.core.InterceptingLauncher$$Lambda/0x00007ff60009e968.proceed(Unknown Source)&#10;        at app//org.junit.platform.launcher.core.ClasspathAlignmentCheckingLauncherInterceptor.intercept(ClasspathAlignmentCheckingLauncherInterceptor.java:25)&#10;        at app//org.junit.platform.launcher.core.InterceptingLauncher.execute(InterceptingLauncher.java:38)&#10;        at app//org.junit.platform.launcher.core.DelegatingLauncher.execute(DelegatingLauncher.java:47)&#10;        at app//org.apache.maven.surefire.junitplatform.LazyLauncher.execute(LazyLauncher.java:56)&#10;        at app//org.apache.maven.surefire.junitplatform.JUnitPlatformProvider.execute(JUnitPlatformProvider.java:184)&#10;        at app//org.apache.maven.surefire.junitplatform.JUnitPlatformProvider.invokeAllTests(JUnitPlatformProvider.java:148)&#10;        at app//org.apache.maven.surefire.junitplatform.JUnitPlatformProvider.invoke(JUnitPlatformProvider.java:120)&#10;        at app//org.apache.maven.surefire.booter.ForkedBooter.runSuitesInProcess(ForkedBooter.java:385)&#10;        at app//org.apache.maven.surefire.booter.ForkedBooter.execute(ForkedBooter.java:162)&#10;        at app//org.apache.maven.surefire.booter.ForkedBooter.run(ForkedBooter.java:507)&#10;        at app//org.apache.maven.surefire.booter.ForkedBooter.main(ForkedBooter.java:495)&#10;&quot;Common-Cleaner&quot; daemon prio=8 tid=17 timed_waiting&#10;java.lang.Thread.State: TIMED_WAITING&#10;        at java.base@21.0.6/jdk.internal.misc.Unsafe.park(Native Method)&#10;        at java.base@21.0.6/java.util.concurrent.locks.LockSupport.parkNanos(LockSupport.java:269)&#10;        at java.base@21.0.6/java.util.concurrent.locks.AbstractQueuedSynchronizer$ConditionObject.await(AbstractQueuedSynchronizer.java:1852)&#10;        at java.base@21.0.6/java.lang.ref.ReferenceQueue.await(ReferenceQueue.java:71)&#10;        at java.base@21.0.6/java.lang.ref.ReferenceQueue.remove0(ReferenceQueue.java:143)&#10;        at java.base@21.0.6/java.lang.ref.ReferenceQueue.remove(ReferenceQueue.java:218)&#10;        at java.base@21.0.6/jdk.internal.ref.CleanerImpl.run(CleanerImpl.java:140)&#10;        at java.base@21.0.6/java.lang.Thread.runWith(Thread.java:1596)&#10;        at java.base@21.0.6/java.lang.Thread.run(Thread.java:1583)&#10;        at java.base@21.0.6/jdk.internal.misc.InnocuousThread.run(InnocuousThread.java:186)&#10;&quot;surefire-process-checker&quot; daemon prio=5 tid=26 timed_waiting&#10;java.lang.Thread.State: TIMED_WAITING&#10;        at java.base@21.0.6/jdk.internal.misc.Unsafe.park(Native Method)&#10;        at java.base@21.0.6/java.util.concurrent.locks.LockSupport.parkNanos(LockSupport.java:269)&#10;        at java.base@21.0.6/java.util.concurrent.locks.AbstractQueuedSynchronizer$ConditionObject.awaitNanos(AbstractQueuedSynchronizer.java:1763)&#10;        at java.base@21.0.6/java.util.concurrent.ScheduledThreadPoolExecutor$DelayedWorkQueue.take(ScheduledThreadPoolExecutor.java:1182)&#10;        at java.base@21.0.6/java.util.concurrent.ScheduledThreadPoolExecutor$DelayedWorkQueue.take(ScheduledThreadPoolExecutor.java:899)&#10;        at java.base@21.0.6/java.util.concurrent.ThreadPoolExecutor.getTask(ThreadPoolExecutor.java:1070)&#10;        at java.base@21.0.6/java.util.concurrent.ThreadPoolExecutor.runWorker(ThreadPoolExecutor.java:1130)&#10;        at java.base@21.0.6/java.util.concurrent.ThreadPoolExecutor$Worker.run(ThreadPoolExecutor.java:642)&#10;        at java.base@21.0.6/java.lang.Thread.runWith(Thread.java:1596)&#10;        at java.base@21.0.6/java.lang.Thread.run(Thread.java:1583)&#10;&quot;surefire-forkedjvm-command-thread&quot; daemon prio=5 tid=25 runnable&#10;java.lang.Thread.State: RUNNABLE&#10;        at java.base@21.0.6/java.io.FileInputStream.readBytes(Native Method)&#10;        at java.base@21.0.6/java.io.FileInputStream.read(FileInputStream.java:287)&#10;        at java.base@21.0.6/java.io.BufferedInputStream.read1(BufferedInputStream.java:345)&#10;        at java.base@21.0.6/java.io.BufferedInputStream.implRead(BufferedInputStream.java:420)&#10;        at java.base@21.0.6/java.io.BufferedInputStream.read(BufferedInputStream.java:399)&#10;        at java.base@21.0.6/java.io.BufferedInputStream.fill(BufferedInputStream.java:291)&#10;        at java.base@21.0.6/java.io.BufferedInputStream.read1(BufferedInputStream.java:347)&#10;        at java.base@21.0.6/java.io.BufferedInputStream.implRead(BufferedInputStream.java:420)&#10;        at java.base@21.0.6/java.io.BufferedInputStream.read(BufferedInputStream.java:399)&#10;        at app//org.apache.maven.surefire.api.util.internal.Channels$3.readImpl(Channels.java:169)&#10;        at app//org.apache.maven.surefire.api.util.internal.AbstractNoninterruptibleReadableChannel.read(AbstractNoninterruptibleReadableChannel.java:50)&#10;        at app//org.apache.maven.surefire.api.stream.AbstractStreamDecoder.read(AbstractStreamDecoder.java:430)&#10;        at app//org.apache.maven.surefire.api.stream.AbstractStreamDecoder.read(AbstractStreamDecoder.java:419)&#10;        at app//org.apache.maven.surefire.api.stream.AbstractStreamDecoder.readMessageType(AbstractStreamDecoder.java:116)&#10;        at app//org.apache.maven.surefire.booter.stream.CommandDecoder.decode(CommandDecoder.java:77)&#10;        at app//org.apache.maven.surefire.booter.spi.CommandChannelDecoder.decode(CommandChannelDecoder.java:60)&#10;        at app//org.apache.maven.surefire.booter.CommandReader$CommandRunnable.run(CommandReader.java:290)&#10;        at java.base@21.0.6/java.lang.Thread.runWith(Thread.java:1596)&#10;        at java.base@21.0.6/java.lang.Thread.run(Thread.java:1583)&#10;&quot;BlockDeletingService#0&quot; daemon prio=5 tid=126 timed_waiting&#10;java.lang.Thread.State: TIMED_WAITING&#10;        at java.base@21.0.6/jdk.internal.misc.Unsafe.park(Native Method)&#10;        at java.base@21.0.6/java.util.concurrent.locks.LockSupport.parkNanos(LockSupport.java:269)&#10;        at java.base@21.0.6/java.util.concurrent.locks.AbstractQueuedSynchronizer$ConditionObject.awaitNanos(AbstractQueuedSynchronizer.java:1763)&#10;        at java.base@21.0.6/java.util.concurrent.ScheduledThreadPoolExecutor$DelayedWorkQueue.take(ScheduledThreadPoolExecutor.java:1182)&#10;        at java.base@21.0.6/java.util.concurrent.ScheduledThreadPoolExecutor$DelayedWorkQueue.take(ScheduledThreadPoolExecutor.java:899)&#10;        at java.base@21.0.6/java.util.concurrent.ThreadPoolExecutor.getTask(ThreadPoolExecutor.java:1070)&#10;        at java.base@21.0.6/java.util.concurrent.ThreadPoolExecutor.runWorker(ThreadPoolExecutor.java:1130)&#10;        at java.base@21.0.6/java.util.concurrent.ThreadPoolExecutor$Worker.run(ThreadPoolExecutor.java:642)&#10;        at java.base@21.0.6/java.lang.Thread.runWith(Thread.java:1596)&#10;        at java.base@21.0.6/java.lang.Thread.run(Thread.java:1583)&#10;&quot;surefire-forkedjvm-ping-30s&quot; daemon prio=5 tid=27 timed_waiting&#10;java.lang.Thread.State: TIMED_WAITING&#10;        at java.base@21.0.6/jdk.internal.misc.Unsafe.park(Native Method)&#10;        at java.base@21.0.6/java.util.concurrent.locks.LockSupport.parkNanos(LockSupport.java:269)&#10;        at java.base@21.0.6/java.util.concurrent.locks.AbstractQueuedSynchronizer$ConditionObject.awaitNanos(AbstractQueuedSynchronizer.java:1763)&#10;        at java.base@21.0.6/java.util.concurrent.ScheduledThreadPoolExecutor$DelayedWorkQueue.take(ScheduledThreadPoolExecutor.java:1182)&#10;        at java.base@21.0.6/java.util.concurrent.ScheduledThreadPoolExecutor$DelayedWorkQueue.take(ScheduledThreadPoolExecutor.java:899)&#10;        at java.base@21.0.6/java.util.concurrent.ThreadPoolExecutor.getTask(ThreadPoolExecutor.java:1070)&#10;        at java.base@21.0.6/java.util.concurrent.ThreadPoolExecutor.runWorker(ThreadPoolExecutor.java:1130)&#10;        at java.base@21.0.6/java.util.concurrent.ThreadPoolExecutor$Worker.run(ThreadPoolExecutor.java:642)&#10;        at java.base@21.0.6/java.lang.Thread.runWith(Thread.java:1596)&#10;        at java.base@21.0.6/java.lang.Thread.run(Thread.java:1583)&#10;&quot;process reaper&quot; daemon prio=10 tid=29 timed_waiting&#10;java.lang.Thread.State: TIMED_WAITING&#10;        at java.base@21.0.6/jdk.internal.misc.Unsafe.park(Native Method)&#10;        at java.base@21.0.6/java.util.concurrent.locks.LockSupport.parkNanos(LockSupport.java:410)&#10;        at java.base@21.0.6/java.util.concurrent.LinkedTransferQueue$DualNode.await(LinkedTransferQueue.java:452)&#10;        at java.base@21.0.6/java.util.concurrent.SynchronousQueue$Transferer.xferLifo(SynchronousQueue.java:194)&#10;        at java.base@21.0.6/java.util.concurrent.SynchronousQueue.xfer(SynchronousQueue.java:235)&#10;        at java.base@21.0.6/java.util.concurrent.SynchronousQueue.poll(SynchronousQueue.java:338)&#10;        at java.base@21.0.6/java.util.concurrent.ThreadPoolExecutor.getTask(ThreadPoolExecutor.java:1069)&#10;        at java.base@21.0.6/java.util.concurrent.ThreadPoolExecutor.runWorker(ThreadPoolExecutor.java:1130)&#10;        at java.base@21.0.6/java.util.concurrent.ThreadPoolExecutor$Worker.run(ThreadPoolExecutor.java:642)&#10;        at java.base@21.0.6/java.lang.Thread.runWith(Thread.java:1596)&#10;        at java.base@21.0.6/java.lang.Thread.run(Thread.java:1583)&#10;        at java.base@21.0.6/jdk.internal.misc.InnocuousThread.run(InnocuousThread.java:186)&#10;&quot;Finalizer&quot; daemon prio=8 tid=10 in Object.wait()&#10;java.lang.Thread.State: WAITING (on object monitor)&#10;        at java.base@21.0.6/java.lang.Object.wait0(Native Method)&#10;        at java.base@21.0.6/java.lang.Object.wait(Object.java:366)&#10;        at java.base@21.0.6/java.lang.Object.wait(Object.java:339)&#10;        at java.base@21.0.6/java.lang.ref.NativeReferenceQueue.await(NativeReferenceQueue.java:48)&#10;        at java.base@21.0.6/java.lang.ref.ReferenceQueue.remove0(ReferenceQueue.java:158)&#10;        at java.base@21.0.6/java.lang.ref.NativeReferenceQueue.remove(NativeReferenceQueue.java:89)&#10;        at java.base@21.0.6/java.lang.ref.Finalizer$FinalizerThread.run(Finalizer.java:173)&#10;&quot;BlockDeletingService#2&quot; daemon prio=5 tid=128 in Object.wait()&#10;java.lang.Thread.State: WAITING (on object monitor)&#10;        at java.base@21.0.6/jdk.internal.misc.Unsafe.park(Native Method)&#10;        at java.base@21.0.6/java.util.concurrent.locks.LockSupport.park(LockSupport.java:371)&#10;        at java.base@21.0.6/java.util.concurrent.locks.AbstractQueuedSynchronizer$ConditionNode.block(AbstractQueuedSynchronizer.java:519)&#10;        at java.base@21.0.6/java.util.concurrent.ForkJoinPool.unmanagedBlock(ForkJoinPool.java:3780)&#10;        at java.base@21.0.6/java.util.concurrent.ForkJoinPool.managedBlock(ForkJoinPool.java:3725)&#10;        at java.base@21.0.6/java.util.concurrent.locks.AbstractQueuedSynchronizer$ConditionObject.await(AbstractQueuedSynchronizer.java:1712)&#10;        at java.base@21.0.6/java.util.concurrent.ScheduledThreadPoolExecutor$DelayedWorkQueue.take(ScheduledThreadPoolExecutor.java:1177)&#10;        at java.base@21.0.6/java.util.concurrent.ScheduledThreadPoolExecutor$DelayedWorkQueue.take(ScheduledThreadPoolExecutor.java:899)&#10;        at java.base@21.0.6/java.util.concurrent.ThreadPoolExecutor.getTask(ThreadPoolExecutor.java:1070)&#10;        at java.base@21.0.6/java.util.concurrent.ThreadPoolExecutor.runWorker(ThreadPoolExecutor.java:1130)&#10;        at java.base@21.0.6/java.util.concurrent.ThreadPoolExecutor$Worker.run(ThreadPoolExecutor.java:642)&#10;        at java.base@21.0.6/java.lang.Thread.runWith(Thread.java:1596)&#10;        at java.base@21.0.6/java.lang.Thread.run(Thread.java:1583)&#10;&quot;Reference Handler&quot; daemon prio=10 tid=9 runnable&#10;java.lang.Thread.State: RUNNABLE&#10;        at java.base@21.0.6/java.lang.ref.Reference.waitForReferencePendingList(Native Method)&#10;        at java.base@21.0.6/java.lang.ref.Reference.processPendingReferences(Reference.java:246)&#10;        at java.base@21.0.6/java.lang.ref.Reference$ReferenceHandler.run(Reference.java:208)&#10;&quot;surefire-forkedjvm-stream-flusher&quot; daemon prio=5 tid=23 timed_waiting&#10;java.lang.Thread.State: TIMED_WAITING&#10;        at java.base@21.0.6/jdk.internal.misc.Unsafe.park(Native Method)&#10;        at java.base@21.0.6/java.util.concurrent.locks.LockSupport.parkNanos(LockSupport.java:269)&#10;        at java.base@21.0.6/java.util.concurrent.locks.AbstractQueuedSynchronizer$ConditionObject.awaitNanos(AbstractQueuedSynchronizer.java:1763)&#10;        at java.base@21.0.6/java.util.concurrent.ScheduledThreadPoolExecutor$DelayedWorkQueue.take(ScheduledThreadPoolExecutor.java:1182)&#10;        at java.base@21.0.6/java.util.concurrent.ScheduledThreadPoolExecutor$DelayedWorkQueue.take(ScheduledThreadPoolExecutor.java:899)&#10;        at java.base@21.0.6/java.util.concurrent.ThreadPoolExecutor.getTask(ThreadPoolExecutor.java:1070)&#10;        at java.base@21.0.6/java.util.concurrent.ThreadPoolExecutor.runWorker(ThreadPoolExecutor.java:1130)&#10;        at java.base@21.0.6/java.util.concurrent.ThreadPoolExecutor$Worker.run(ThreadPoolExecutor.java:642)&#10;        at java.base@21.0.6/java.lang.Thread.runWith(Thread.java:1596)&#10;        at java.base@21.0.6/java.lang.Thread.run(Thread.java:1583)&#10;&quot;Signal Dispatcher&quot; daemon prio=9 tid=11 runnable&#10;java.lang.Thread.State: RUNNABLE&#10;&quot;Attach Listener&quot; daemon prio=9 tid=37 runnable&#10;java.lang.Thread.State: RUNNABLE&#10;&quot;LeakDetector-ManagedRocksObject0&quot; daemon prio=5 tid=35 in Object.wait()&#10;java.lang.Thread.State: WAITING (on object monitor)&#10;        at java.base@21.0.6/jdk.internal.misc.Unsafe.park(Native Method)&#10;        at java.base@21.0.6/java.util.concurrent.locks.LockSupport.park(LockSupport.java:371)&#10;        at java.base@21.0.6/java.util.concurrent.locks.AbstractQueuedSynchronizer$ConditionNode.block(AbstractQueuedSynchronizer.java:519)&#10;        at java.base@21.0.6/java.util.concurrent.ForkJoinPool.unmanagedBlock(ForkJoinPool.java:3780)&#10;        at java.base@21.0.6/java.util.concurrent.ForkJoinPool.managedBlock(ForkJoinPool.java:3725)&#10;        at java.base@21.0.6/java.util.concurrent.locks.AbstractQueuedSynchronizer$ConditionObject.await(AbstractQueuedSynchronizer.java:1712)&#10;        at java.base@21.0.6/java.lang.ref.ReferenceQueue.await(ReferenceQueue.java:67)&#10;        at java.base@21.0.6/java.lang.ref.ReferenceQueue.remove0(ReferenceQueue.java:158)&#10;        at java.base@21.0.6/java.lang.ref.ReferenceQueue.remove(ReferenceQueue.java:234)&#10;        at app//org.apache.hadoop.hdds.utils.LeakDetector.run(LeakDetector.java:79)&#10;        at app//org.apache.hadoop.hdds.utils.LeakDetector$$Lambda/0x00007ff60024ede8.run(Unknown Source)&#10;        at java.base@21.0.6/java.lang.Thread.runWith(Thread.java:1596)&#10;        at java.base@21.0.6/java.lang.Thread.run(Thread.java:1583)&#10;&quot;junit-jupiter-timeout-watcher&quot;  prio=10 tid=36 timed_waiting&#10;java.lang.Thread.State: TIMED_WAITING&#10;        at java.base@21.0.6/jdk.internal.misc.Unsafe.park(Native Method)&#10;        at java.base@21.0.6/java.util.concurrent.locks.LockSupport.parkNanos(LockSupport.java:269)&#10;        at java.base@21.0.6/java.util.concurrent.locks.AbstractQueuedSynchronizer$ConditionObject.awaitNanos(AbstractQueuedSynchronizer.java:1763)&#10;        at java.base@21.0.6/java.util.concurrent.ScheduledThreadPoolExecutor$DelayedWorkQueue.take(ScheduledThreadPoolExecutor.java:1182)&#10;        at java.base@21.0.6/java.util.concurrent.ScheduledThreadPoolExecutor$DelayedWorkQueue.take(ScheduledThreadPoolExecutor.java:899)&#10;        at java.base@21.0.6/java.util.concurrent.ThreadPoolExecutor.getTask(ThreadPoolExecutor.java:1070)&#10;        at java.base@21.0.6/java.util.concurrent.ThreadPoolExecutor.runWorker(ThreadPoolExecutor.java:1130)&#10;        at java.base@21.0.6/java.util.concurrent.ThreadPoolExecutor$Worker.run(ThreadPoolExecutor.java:642)&#10;        at java.base@21.0.6/java.lang.Thread.runWith(Thread.java:1596)&#10;        at java.base@21.0.6/java.lang.Thread.run(Thread.java:1583)&#10;&#10;" type="java.util.concurrent.TimeoutException"><![CDATA[java.util.concurrent.TimeoutException: 
Timed out waiting for condition. Thread diagnostics:
Timestamp: 2025-03-05 12:57:54,985

"BlockDeletingService#1" daemon prio=5 tid=127 in Object.wait()
java.lang.Thread.State: WAITING (on object monitor)
        at java.base@21.0.6/jdk.internal.misc.Unsafe.park(Native Method)
        at java.base@21.0.6/java.util.concurrent.locks.LockSupport.park(LockSupport.java:371)
        at java.base@21.0.6/java.util.concurrent.locks.AbstractQueuedSynchronizer$ConditionNode.block(AbstractQueuedSynchronizer.java:519)
        at java.base@21.0.6/java.util.concurrent.ForkJoinPool.unmanagedBlock(ForkJoinPool.java:3780)
        at java.base@21.0.6/java.util.concurrent.ForkJoinPool.managedBlock(ForkJoinPool.java:3725)
        at java.base@21.0.6/java.util.concurrent.locks.AbstractQueuedSynchronizer$ConditionObject.await(AbstractQueuedSynchronizer.java:1712)
        at java.base@21.0.6/java.util.concurrent.ScheduledThreadPoolExecutor$DelayedWorkQueue.take(ScheduledThreadPoolExecutor.java:1177)
        at java.base@21.0.6/java.util.concurrent.ScheduledThreadPoolExecutor$DelayedWorkQueue.take(ScheduledThreadPoolExecutor.java:899)
        at java.base@21.0.6/java.util.concurrent.ThreadPoolExecutor.getTask(ThreadPoolExecutor.java:1070)
        at java.base@21.0.6/java.util.concurrent.ThreadPoolExecutor.runWorker(ThreadPoolExecutor.java:1130)
        at java.base@21.0.6/java.util.concurrent.ThreadPoolExecutor$Worker.run(ThreadPoolExecutor.java:642)
        at java.base@21.0.6/java.lang.Thread.runWith(Thread.java:1596)
        at java.base@21.0.6/java.lang.Thread.run(Thread.java:1583)
"BlockDeletingService#3" daemon prio=5 tid=129 in Object.wait()
java.lang.Thread.State: WAITING (on object monitor)
        at java.base@21.0.6/jdk.internal.misc.Unsafe.park(Native Method)
        at java.base@21.0.6/java.util.concurrent.locks.LockSupport.park(LockSupport.java:371)
        at java.base@21.0.6/java.util.concurrent.locks.AbstractQueuedSynchronizer$ConditionNode.block(AbstractQueuedSynchronizer.java:519)
        at java.base@21.0.6/java.util.concurrent.ForkJoinPool.unmanagedBlock(ForkJoinPool.java:3780)
        at java.base@21.0.6/java.util.concurrent.ForkJoinPool.managedBlock(ForkJoinPool.java:3725)
        at java.base@21.0.6/java.util.concurrent.locks.AbstractQueuedSynchronizer$ConditionObject.await(AbstractQueuedSynchronizer.java:1712)
        at java.base@21.0.6/java.util.concurrent.ScheduledThreadPoolExecutor$DelayedWorkQueue.take(ScheduledThreadPoolExecutor.java:1177)
        at java.base@21.0.6/java.util.concurrent.ScheduledThreadPoolExecutor$DelayedWorkQueue.take(ScheduledThreadPoolExecutor.java:899)
        at java.base@21.0.6/java.util.concurrent.ThreadPoolExecutor.getTask(ThreadPoolExecutor.java:1070)
        at java.base@21.0.6/java.util.concurrent.ThreadPoolExecutor.runWorker(ThreadPoolExecutor.java:1130)
        at java.base@21.0.6/java.util.concurrent.ThreadPoolExecutor$Worker.run(ThreadPoolExecutor.java:642)
        at java.base@21.0.6/java.lang.Thread.runWith(Thread.java:1596)
        at java.base@21.0.6/java.lang.Thread.run(Thread.java:1583)
"gradle-enterprise-test-client-gradle-enterprise-test-listener"  prio=5 tid=31 in Object.wait()
java.lang.Thread.State: WAITING (on object monitor)
        at java.base@21.0.6/jdk.internal.misc.Unsafe.park(Native Method)
        at java.base@21.0.6/java.util.concurrent.locks.LockSupport.park(LockSupport.java:371)
        at java.base@21.0.6/java.util.concurrent.locks.AbstractQueuedSynchronizer$ConditionNode.block(AbstractQueuedSynchronizer.java:519)
        at java.base@21.0.6/java.util.concurrent.ForkJoinPool.unmanagedBlock(ForkJoinPool.java:3780)
        at java.base@21.0.6/java.util.concurrent.ForkJoinPool.managedBlock(ForkJoinPool.java:3725)
        at java.base@21.0.6/java.util.concurrent.locks.AbstractQueuedSynchronizer$ConditionObject.await(AbstractQueuedSynchronizer.java:1712)
        at java.base@21.0.6/java.util.concurrent.ArrayBlockingQueue.take(ArrayBlockingQueue.java:420)
        at app//com.gradle.maven.scan.extension.test.listener.obfuscated.k.a.a(SourceFile:130)
        at app//com.gradle.maven.scan.extension.test.listener.obfuscated.k.a.b(SourceFile:93)
        at app//com.gradle.maven.scan.extension.test.listener.obfuscated.k.a$$Lambda/0x00007ff600122d38.run(Unknown Source)
        at java.base@21.0.6/java.util.concurrent.Executors$RunnableAdapter.call(Executors.java:572)
        at java.base@21.0.6/java.util.concurrent.FutureTask.run(FutureTask.java:317)
        at java.base@21.0.6/java.util.concurrent.ThreadPoolExecutor.runWorker(ThreadPoolExecutor.java:1144)
        at java.base@21.0.6/java.util.concurrent.ThreadPoolExecutor$Worker.run(ThreadPoolExecutor.java:642)
        at java.base@21.0.6/java.lang.Thread.runWith(Thread.java:1596)
        at java.base@21.0.6/java.lang.Thread.run(Thread.java:1583)
"MutableQuantiles-0" daemon prio=5 tid=34 timed_waiting
java.lang.Thread.State: TIMED_WAITING
        at java.base@21.0.6/jdk.internal.misc.Unsafe.park(Native Method)
        at java.base@21.0.6/java.util.concurrent.locks.LockSupport.parkNanos(LockSupport.java:269)
        at java.base@21.0.6/java.util.concurrent.locks.AbstractQueuedSynchronizer$ConditionObject.awaitNanos(AbstractQueuedSynchronizer.java:1763)
        at java.base@21.0.6/java.util.concurrent.ScheduledThreadPoolExecutor$DelayedWorkQueue.take(ScheduledThreadPoolExecutor.java:1182)
        at java.base@21.0.6/java.util.concurrent.ScheduledThreadPoolExecutor$DelayedWorkQueue.take(ScheduledThreadPoolExecutor.java:899)
        at java.base@21.0.6/java.util.concurrent.ThreadPoolExecutor.getTask(ThreadPoolExecutor.java:1070)
        at java.base@21.0.6/java.util.concurrent.ThreadPoolExecutor.runWorker(ThreadPoolExecutor.java:1130)
        at java.base@21.0.6/java.util.concurrent.ThreadPoolExecutor$Worker.run(ThreadPoolExecutor.java:642)
        at java.base@21.0.6/java.lang.Thread.runWith(Thread.java:1596)
        at java.base@21.0.6/java.lang.Thread.run(Thread.java:1583)
"Notification Thread" daemon prio=9 tid=22 runnable
java.lang.Thread.State: RUNNABLE
"main"  prio=5 tid=1 runnable
java.lang.Thread.State: RUNNABLE
        at java.base@21.0.6/java.lang.Thread.dumpThreads(Native Method)
        at java.base@21.0.6/java.lang.Thread.getAllStackTraces(Thread.java:2522)
        at app//org.apache.ozone.test.TimedOutTestsListener.buildThreadDump(TimedOutTestsListener.java:81)
        at app//org.apache.ozone.test.TimedOutTestsListener.buildThreadDiagnosticString(TimedOutTestsListener.java:67)
        at app//org.apache.ozone.test.GenericTestUtils.waitFor(GenericTestUtils.java:152)
        at app//org.apache.hadoop.ozone.container.common.TestBlockDeletingService.testBlockDeletionTimeout(TestBlockDeletingService.java:818)
        at java.base@21.0.6/java.lang.invoke.DirectMethodHandle$Holder.invokeVirtual(DirectMethodHandle$Holder)
        at java.base@21.0.6/java.lang.invoke.LambdaForm$MH/0x00007ff600268000.invoke(LambdaForm$MH)
        at java.base@21.0.6/java.lang.invoke.Invokers$Holder.invokeExact_MT(Invokers$Holder)
        at java.base@21.0.6/jdk.internal.reflect.DirectMethodHandleAccessor.invokeImpl(DirectMethodHandleAccessor.java:154)
        at java.base@21.0.6/jdk.internal.reflect.DirectMethodHandleAccessor.invoke(DirectMethodHandleAccessor.java:103)
        at java.base@21.0.6/java.lang.reflect.Method.invoke(Method.java:580)
        at app//org.junit.platform.commons.util.ReflectionUtils.invokeMethod(ReflectionUtils.java:775)
        at app//org.junit.platform.commons.support.ReflectionSupport.invokeMethod(ReflectionSupport.java:479)
        at app//org.junit.jupiter.engine.execution.MethodInvocation.proceed(MethodInvocation.java:60)
        at app//org.junit.jupiter.engine.execution.InvocationInterceptorChain$ValidatingInvocation.proceed(InvocationInterceptorChain.java:131)
        at app//org.junit.jupiter.params.ArgumentCountValidator.interceptTestTemplateMethod(ArgumentCountValidator.java:45)
        at app//org.junit.jupiter.engine.descriptor.TestTemplateInvocationTestDescriptor$$Lambda/0x00007ff6001665a0.apply(Unknown Source)
        at app//org.junit.jupiter.engine.execution.InterceptingExecutableInvoker$ReflectiveInterceptorCall.lambda$ofVoidMethod$0(InterceptingExecutableInvoker.java:112)
        at app//org.junit.jupiter.engine.execution.InterceptingExecutableInvoker$ReflectiveInterceptorCall$$Lambda/0x00007ff600166388.apply(Unknown Source)
        at app//org.junit.jupiter.engine.execution.InterceptingExecutableInvoker.lambda$invoke$0(InterceptingExecutableInvoker.java:94)
        at app//org.junit.jupiter.engine.execution.InterceptingExecutableInvoker$$Lambda/0x00007ff60019e6b0.apply(Unknown Source)
        at app//org.junit.jupiter.engine.execution.InvocationInterceptorChain$InterceptedInvocation.proceed(InvocationInterceptorChain.java:106)
        at app//org.junit.jupiter.engine.extension.SameThreadTimeoutInvocation.proceed(SameThreadTimeoutInvocation.java:49)
        at app//org.junit.jupiter.engine.extension.TimeoutExtension.intercept(TimeoutExtension.java:161)
        at app//org.junit.jupiter.engine.extension.TimeoutExtension.interceptTestableMethod(TimeoutExtension.java:152)
        at app//org.junit.jupiter.engine.extension.TimeoutExtension.interceptTestTemplateMethod(TimeoutExtension.java:99)
        at app//org.junit.jupiter.engine.descriptor.TestTemplateInvocationTestDescriptor$$Lambda/0x00007ff6001665a0.apply(Unknown Source)
        at app//org.junit.jupiter.engine.execution.InterceptingExecutableInvoker$ReflectiveInterceptorCall.lambda$ofVoidMethod$0(InterceptingExecutableInvoker.java:112)
        at app//org.junit.jupiter.engine.execution.InterceptingExecutableInvoker$ReflectiveInterceptorCall$$Lambda/0x00007ff600166388.apply(Unknown Source)
        at app//org.junit.jupiter.engine.execution.InterceptingExecutableInvoker.lambda$invoke$0(InterceptingExecutableInvoker.java:94)
        at app//org.junit.jupiter.engine.execution.InterceptingExecutableInvoker$$Lambda/0x00007ff60019e6b0.apply(Unknown Source)
        at app//org.junit.jupiter.engine.execution.InvocationInterceptorChain$InterceptedInvocation.proceed(InvocationInterceptorChain.java:106)
        at app//org.junit.jupiter.engine.execution.InvocationInterceptorChain.proceed(InvocationInterceptorChain.java:64)
        at app//org.junit.jupiter.engine.execution.InvocationInterceptorChain.chainAndInvoke(InvocationInterceptorChain.java:45)
        at app//org.junit.jupiter.engine.execution.InvocationInterceptorChain.invoke(InvocationInterceptorChain.java:37)
        at app//org.junit.jupiter.engine.execution.InterceptingExecutableInvoker.invoke(InterceptingExecutableInvoker.java:93)
        at app//org.junit.jupiter.engine.execution.InterceptingExecutableInvoker.invoke(InterceptingExecutableInvoker.java:87)
        at app//org.junit.jupiter.engine.descriptor.TestMethodTestDescriptor.lambda$invokeTestMethod$7(TestMethodTestDescriptor.java:216)
        at app//org.junit.jupiter.engine.descriptor.TestMethodTestDescriptor$$Lambda/0x00007ff600262d10.execute(Unknown Source)
        at app//org.junit.platform.engine.support.hierarchical.ThrowableCollector.execute(ThrowableCollector.java:73)
        at app//org.junit.jupiter.engine.descriptor.TestMethodTestDescriptor.invokeTestMethod(TestMethodTestDescriptor.java:212)
        at app//org.junit.jupiter.engine.descriptor.TestMethodTestDescriptor.execute(TestMethodTestDescriptor.java:137)
        at app//org.junit.jupiter.engine.descriptor.TestMethodTestDescriptor.execute(TestMethodTestDescriptor.java:69)
        at app//org.junit.platform.engine.support.hierarchical.NodeTestTask.lambda$executeRecursively$6(NodeTestTask.java:156)
        at app//org.junit.platform.engine.support.hierarchical.NodeTestTask$$Lambda/0x00007ff60013dc00.execute(Unknown Source)
        at app//org.junit.platform.engine.support.hierarchical.ThrowableCollector.execute(ThrowableCollector.java:73)
        at app//org.junit.platform.engine.support.hierarchical.NodeTestTask.lambda$executeRecursively$8(NodeTestTask.java:146)
        at app//org.junit.platform.engine.support.hierarchical.NodeTestTask$$Lambda/0x00007ff60013fbe8.invoke(Unknown Source)
        at app//org.junit.platform.engine.support.hierarchical.Node.around(Node.java:137)
        at app//org.junit.platform.engine.support.hierarchical.NodeTestTask.lambda$executeRecursively$9(NodeTestTask.java:144)
        at app//org.junit.platform.engine.support.hierarchical.NodeTestTask$$Lambda/0x00007ff60013f7e0.execute(Unknown Source)
        at app//org.junit.platform.engine.support.hierarchical.ThrowableCollector.execute(ThrowableCollector.java:73)
        at app//org.junit.platform.engine.support.hierarchical.NodeTestTask.executeRecursively(NodeTestTask.java:143)
        at app//org.junit.platform.engine.support.hierarchical.NodeTestTask.execute(NodeTestTask.java:100)
        at app//org.junit.platform.engine.support.hierarchical.SameThreadHierarchicalTestExecutorService.submit(SameThreadHierarchicalTestExecutorService.java:35)
        at app//org.junit.platform.engine.support.hierarchical.NodeTestTask$DefaultDynamicTestExecutor.execute(NodeTestTask.java:231)
        at app//org.junit.platform.engine.support.hierarchical.NodeTestTask$DefaultDynamicTestExecutor.execute(NodeTestTask.java:209)
        at app//org.junit.jupiter.engine.descriptor.TestTemplateTestDescriptor.execute(TestTemplateTestDescriptor.java:157)
        at app//org.junit.jupiter.engine.descriptor.TestTemplateTestDescriptor.lambda$executeForProvider$0(TestTemplateTestDescriptor.java:115)
        at app//org.junit.jupiter.engine.descriptor.TestTemplateTestDescriptor$$Lambda/0x00007ff600167450.accept(Unknown Source)
        at java.base@21.0.6/java.util.Optional.ifPresent(Optional.java:178)
        at app//org.junit.jupiter.engine.descriptor.TestTemplateTestDescriptor.lambda$executeForProvider$1(TestTemplateTestDescriptor.java:115)
        at app//org.junit.jupiter.engine.descriptor.TestTemplateTestDescriptor$$Lambda/0x00007ff60015cab0.accept(Unknown Source)
        at java.base@21.0.6/java.util.stream.ForEachOps$ForEachOp$OfRef.accept(ForEachOps.java:184)
        at java.base@21.0.6/java.util.stream.ReferencePipeline$3$1.accept(ReferencePipeline.java:197)
        at java.base@21.0.6/java.util.stream.ForEachOps$ForEachOp$OfRef.accept(ForEachOps.java:184)
        at java.base@21.0.6/java.util.stream.ForEachOps$ForEachOp$OfRef.accept(ForEachOps.java:184)
        at java.base@21.0.6/java.util.stream.ReferencePipeline$3$1.accept(ReferencePipeline.java:197)
        at java.base@21.0.6/java.util.ArrayList$ArrayListSpliterator.forEachRemaining(ArrayList.java:1708)
        at java.base@21.0.6/java.util.stream.ReferencePipeline$Head.forEach(ReferencePipeline.java:762)
        at java.base@21.0.6/java.util.stream.ReferencePipeline$7$1.accept(ReferencePipeline.java:276)
        at java.base@21.0.6/java.util.stream.ReferencePipeline$3$1.accept(ReferencePipeline.java:197)
        at java.base@21.0.6/java.util.stream.ReferencePipeline$3$1.accept(ReferencePipeline.java:197)
        at java.base@21.0.6/java.util.stream.ReferencePipeline$3$1.accept(ReferencePipeline.java:197)
        at java.base@21.0.6/java.util.Spliterators$ArraySpliterator.forEachRemaining(Spliterators.java:1024)
        at java.base@21.0.6/java.util.stream.AbstractPipeline.copyInto(AbstractPipeline.java:509)
        at java.base@21.0.6/java.util.stream.AbstractPipeline.wrapAndCopyInto(AbstractPipeline.java:499)
        at java.base@21.0.6/java.util.stream.ForEachOps$ForEachOp.evaluateSequential(ForEachOps.java:151)
        at java.base@21.0.6/java.util.stream.ForEachOps$ForEachOp$OfRef.evaluateSequential(ForEachOps.java:174)
        at java.base@21.0.6/java.util.stream.AbstractPipeline.evaluate(AbstractPipeline.java:234)
        at java.base@21.0.6/java.util.stream.ReferencePipeline.forEach(ReferencePipeline.java:596)
        at java.base@21.0.6/java.util.stream.ReferencePipeline$7$1.accept(ReferencePipeline.java:276)
        at java.base@21.0.6/java.util.ArrayList$ArrayListSpliterator.forEachRemaining(ArrayList.java:1708)
        at java.base@21.0.6/java.util.stream.AbstractPipeline.copyInto(AbstractPipeline.java:509)
        at java.base@21.0.6/java.util.stream.AbstractPipeline.wrapAndCopyInto(AbstractPipeline.java:499)
        at java.base@21.0.6/java.util.stream.ForEachOps$ForEachOp.evaluateSequential(ForEachOps.java:151)
        at java.base@21.0.6/java.util.stream.ForEachOps$ForEachOp$OfRef.evaluateSequential(ForEachOps.java:174)
        at java.base@21.0.6/java.util.stream.AbstractPipeline.evaluate(AbstractPipeline.java:234)
        at java.base@21.0.6/java.util.stream.ReferencePipeline.forEach(ReferencePipeline.java:596)
        at java.base@21.0.6/java.util.stream.ReferencePipeline$7$1.accept(ReferencePipeline.java:276)
        at java.base@21.0.6/java.util.stream.ReferencePipeline$3$1.accept(ReferencePipeline.java:197)
        at java.base@21.0.6/java.util.stream.ReferencePipeline$3$1.accept(ReferencePipeline.java:197)
        at java.base@21.0.6/java.util.stream.ReferencePipeline$3$1.accept(ReferencePipeline.java:197)
        at java.base@21.0.6/java.util.ArrayList$ArrayListSpliterator.forEachRemaining(ArrayList.java:1708)
        at java.base@21.0.6/java.util.stream.AbstractPipeline.copyInto(AbstractPipeline.java:509)
        at java.base@21.0.6/java.util.stream.AbstractPipeline.wrapAndCopyInto(AbstractPipeline.java:499)
        at java.base@21.0.6/java.util.stream.ForEachOps$ForEachOp.evaluateSequential(ForEachOps.java:151)
        at java.base@21.0.6/java.util.stream.ForEachOps$ForEachOp$OfRef.evaluateSequential(ForEachOps.java:174)
        at java.base@21.0.6/java.util.stream.AbstractPipeline.evaluate(AbstractPipeline.java:234)
        at java.base@21.0.6/java.util.stream.ReferencePipeline.forEach(ReferencePipeline.java:596)
        at app//org.junit.jupiter.engine.descriptor.TestTemplateTestDescriptor.executeForProvider(TestTemplateTestDescriptor.java:114)
        at app//org.junit.jupiter.engine.descriptor.TestTemplateTestDescriptor.execute(TestTemplateTestDescriptor.java:103)
        at app//org.junit.jupiter.engine.descriptor.TestTemplateTestDescriptor.execute(TestTemplateTestDescriptor.java:43)
        at app//org.junit.platform.engine.support.hierarchical.NodeTestTask.lambda$executeRecursively$6(NodeTestTask.java:156)
        at app//org.junit.platform.engine.support.hierarchical.NodeTestTask$$Lambda/0x00007ff60013dc00.execute(Unknown Source)
        at app//org.junit.platform.engine.support.hierarchical.ThrowableCollector.execute(ThrowableCollector.java:73)
        at app//org.junit.platform.engine.support.hierarchical.NodeTestTask.lambda$executeRecursively$8(NodeTestTask.java:146)
        at app//org.junit.platform.engine.support.hierarchical.NodeTestTask$$Lambda/0x00007ff60013fbe8.invoke(Unknown Source)
        at app//org.junit.platform.engine.support.hierarchical.Node.around(Node.java:137)
        at app//org.junit.platform.engine.support.hierarchical.NodeTestTask.lambda$executeRecursively$9(NodeTestTask.java:144)
        at app//org.junit.platform.engine.support.hierarchical.NodeTestTask$$Lambda/0x00007ff60013f7e0.execute(Unknown Source)
        at app//org.junit.platform.engine.support.hierarchical.ThrowableCollector.execute(ThrowableCollector.java:73)
        at app//org.junit.platform.engine.support.hierarchical.NodeTestTask.executeRecursively(NodeTestTask.java:143)
        at app//org.junit.platform.engine.support.hierarchical.NodeTestTask.execute(NodeTestTask.java:100)
        at app//org.junit.platform.engine.support.hierarchical.SameThreadHierarchicalTestExecutorService$$Lambda/0x00007ff600140d20.accept(Unknown Source)
        at java.base@21.0.6/java.util.ArrayList.forEach(ArrayList.java:1596)
        at app//org.junit.platform.engine.support.hierarchical.SameThreadHierarchicalTestExecutorService.invokeAll(SameThreadHierarchicalTestExecutorService.java:41)
        at app//org.junit.platform.engine.support.hierarchical.NodeTestTask.lambda$executeRecursively$6(NodeTestTask.java:160)
        at app//org.junit.platform.engine.support.hierarchical.NodeTestTask$$Lambda/0x00007ff60013dc00.execute(Unknown Source)
        at app//org.junit.platform.engine.support.hierarchical.ThrowableCollector.execute(ThrowableCollector.java:73)
        at app//org.junit.platform.engine.support.hierarchical.NodeTestTask.lambda$executeRecursively$8(NodeTestTask.java:146)
        at app//org.junit.platform.engine.support.hierarchical.NodeTestTask$$Lambda/0x00007ff60013fbe8.invoke(Unknown Source)
        at app//org.junit.platform.engine.support.hierarchical.Node.around(Node.java:137)
        at app//org.junit.platform.engine.support.hierarchical.NodeTestTask.lambda$executeRecursively$9(NodeTestTask.java:144)
        at app//org.junit.platform.engine.support.hierarchical.NodeTestTask$$Lambda/0x00007ff60013f7e0.execute(Unknown Source)
        at app//org.junit.platform.engine.support.hierarchical.ThrowableCollector.execute(ThrowableCollector.java:73)
        at app//org.junit.platform.engine.support.hierarchical.NodeTestTask.executeRecursively(NodeTestTask.java:143)
        at app//org.junit.platform.engine.support.hierarchical.NodeTestTask.execute(NodeTestTask.java:100)
        at app//org.junit.platform.engine.support.hierarchical.SameThreadHierarchicalTestExecutorService$$Lambda/0x00007ff600140d20.accept(Unknown Source)
        at java.base@21.0.6/java.util.ArrayList.forEach(ArrayList.java:1596)
        at app//org.junit.platform.engine.support.hierarchical.SameThreadHierarchicalTestExecutorService.invokeAll(SameThreadHierarchicalTestExecutorService.java:41)
        at app//org.junit.platform.engine.support.hierarchical.NodeTestTask.lambda$executeRecursively$6(NodeTestTask.java:160)
        at app//org.junit.platform.engine.support.hierarchical.NodeTestTask$$Lambda/0x00007ff60013dc00.execute(Unknown Source)
        at app//org.junit.platform.engine.support.hierarchical.ThrowableCollector.execute(ThrowableCollector.java:73)
        at app//org.junit.platform.engine.support.hierarchical.NodeTestTask.lambda$executeRecursively$8(NodeTestTask.java:146)
        at app//org.junit.platform.engine.support.hierarchical.NodeTestTask$$Lambda/0x00007ff60013fbe8.invoke(Unknown Source)
        at app//org.junit.platform.engine.support.hierarchical.Node.around(Node.java:137)
        at app//org.junit.platform.engine.support.hierarchical.NodeTestTask.lambda$executeRecursively$9(NodeTestTask.java:144)
        at app//org.junit.platform.engine.support.hierarchical.NodeTestTask$$Lambda/0x00007ff60013f7e0.execute(Unknown Source)
        at app//org.junit.platform.engine.support.hierarchical.ThrowableCollector.execute(ThrowableCollector.java:73)
        at app//org.junit.platform.engine.support.hierarchical.NodeTestTask.executeRecursively(NodeTestTask.java:143)
        at app//org.junit.platform.engine.support.hierarchical.NodeTestTask.execute(NodeTestTask.java:100)
        at app//org.junit.platform.engine.support.hierarchical.SameThreadHierarchicalTestExecutorService.submit(SameThreadHierarchicalTestExecutorService.java:35)
        at app//org.junit.platform.engine.support.hierarchical.HierarchicalTestExecutor.execute(HierarchicalTestExecutor.java:57)
        at app//org.junit.platform.engine.support.hierarchical.HierarchicalTestEngine.execute(HierarchicalTestEngine.java:54)
        at app//org.junit.platform.launcher.core.EngineExecutionOrchestrator.execute(EngineExecutionOrchestrator.java:201)
        at app//org.junit.platform.launcher.core.EngineExecutionOrchestrator.execute(EngineExecutionOrchestrator.java:170)
        at app//org.junit.platform.launcher.core.EngineExecutionOrchestrator.execute(EngineExecutionOrchestrator.java:94)
        at app//org.junit.platform.launcher.core.EngineExecutionOrchestrator.lambda$execute$0(EngineExecutionOrchestrator.java:59)
        at app//org.junit.platform.launcher.core.EngineExecutionOrchestrator$$Lambda/0x00007ff600116a98.accept(Unknown Source)
        at app//org.junit.platform.launcher.core.EngineExecutionOrchestrator.withInterceptedStreams(EngineExecutionOrchestrator.java:142)
        at app//org.junit.platform.launcher.core.EngineExecutionOrchestrator.execute(EngineExecutionOrchestrator.java:58)
        at app//org.junit.platform.launcher.core.DefaultLauncher.execute(DefaultLauncher.java:103)
        at app//org.junit.platform.launcher.core.DefaultLauncher.execute(DefaultLauncher.java:85)
        at app//org.junit.platform.launcher.core.DelegatingLauncher.execute(DelegatingLauncher.java:47)
        at app//org.junit.platform.launcher.core.InterceptingLauncher.lambda$execute$1(InterceptingLauncher.java:39)
        at app//org.junit.platform.launcher.core.InterceptingLauncher$$Lambda/0x00007ff60009e968.proceed(Unknown Source)
        at app//org.junit.platform.launcher.core.ClasspathAlignmentCheckingLauncherInterceptor.intercept(ClasspathAlignmentCheckingLauncherInterceptor.java:25)
        at app//org.junit.platform.launcher.core.InterceptingLauncher.execute(InterceptingLauncher.java:38)
        at app//org.junit.platform.launcher.core.DelegatingLauncher.execute(DelegatingLauncher.java:47)
        at app//org.apache.maven.surefire.junitplatform.LazyLauncher.execute(LazyLauncher.java:56)
        at app//org.apache.maven.surefire.junitplatform.JUnitPlatformProvider.execute(JUnitPlatformProvider.java:184)
        at app//org.apache.maven.surefire.junitplatform.JUnitPlatformProvider.invokeAllTests(JUnitPlatformProvider.java:148)
        at app//org.apache.maven.surefire.junitplatform.JUnitPlatformProvider.invoke(JUnitPlatformProvider.java:120)
        at app//org.apache.maven.surefire.booter.ForkedBooter.runSuitesInProcess(ForkedBooter.java:385)
        at app//org.apache.maven.surefire.booter.ForkedBooter.execute(ForkedBooter.java:162)
        at app//org.apache.maven.surefire.booter.ForkedBooter.run(ForkedBooter.java:507)
        at app//org.apache.maven.surefire.booter.ForkedBooter.main(ForkedBooter.java:495)
"Common-Cleaner" daemon prio=8 tid=17 timed_waiting
java.lang.Thread.State: TIMED_WAITING
        at java.base@21.0.6/jdk.internal.misc.Unsafe.park(Native Method)
        at java.base@21.0.6/java.util.concurrent.locks.LockSupport.parkNanos(LockSupport.java:269)
        at java.base@21.0.6/java.util.concurrent.locks.AbstractQueuedSynchronizer$ConditionObject.await(AbstractQueuedSynchronizer.java:1852)
        at java.base@21.0.6/java.lang.ref.ReferenceQueue.await(ReferenceQueue.java:71)
        at java.base@21.0.6/java.lang.ref.ReferenceQueue.remove0(ReferenceQueue.java:143)
        at java.base@21.0.6/java.lang.ref.ReferenceQueue.remove(ReferenceQueue.java:218)
        at java.base@21.0.6/jdk.internal.ref.CleanerImpl.run(CleanerImpl.java:140)
        at java.base@21.0.6/java.lang.Thread.runWith(Thread.java:1596)
        at java.base@21.0.6/java.lang.Thread.run(Thread.java:1583)
        at java.base@21.0.6/jdk.internal.misc.InnocuousThread.run(InnocuousThread.java:186)
"surefire-process-checker" daemon prio=5 tid=26 timed_waiting
java.lang.Thread.State: TIMED_WAITING
        at java.base@21.0.6/jdk.internal.misc.Unsafe.park(Native Method)
        at java.base@21.0.6/java.util.concurrent.locks.LockSupport.parkNanos(LockSupport.java:269)
        at java.base@21.0.6/java.util.concurrent.locks.AbstractQueuedSynchronizer$ConditionObject.awaitNanos(AbstractQueuedSynchronizer.java:1763)
        at java.base@21.0.6/java.util.concurrent.ScheduledThreadPoolExecutor$DelayedWorkQueue.take(ScheduledThreadPoolExecutor.java:1182)
        at java.base@21.0.6/java.util.concurrent.ScheduledThreadPoolExecutor$DelayedWorkQueue.take(ScheduledThreadPoolExecutor.java:899)
        at java.base@21.0.6/java.util.concurrent.ThreadPoolExecutor.getTask(ThreadPoolExecutor.java:1070)
        at java.base@21.0.6/java.util.concurrent.ThreadPoolExecutor.runWorker(ThreadPoolExecutor.java:1130)
        at java.base@21.0.6/java.util.concurrent.ThreadPoolExecutor$Worker.run(ThreadPoolExecutor.java:642)
        at java.base@21.0.6/java.lang.Thread.runWith(Thread.java:1596)
        at java.base@21.0.6/java.lang.Thread.run(Thread.java:1583)
"surefire-forkedjvm-command-thread" daemon prio=5 tid=25 runnable
java.lang.Thread.State: RUNNABLE
        at java.base@21.0.6/java.io.FileInputStream.readBytes(Native Method)
        at java.base@21.0.6/java.io.FileInputStream.read(FileInputStream.java:287)
        at java.base@21.0.6/java.io.BufferedInputStream.read1(BufferedInputStream.java:345)
        at java.base@21.0.6/java.io.BufferedInputStream.implRead(BufferedInputStream.java:420)
        at java.base@21.0.6/java.io.BufferedInputStream.read(BufferedInputStream.java:399)
        at java.base@21.0.6/java.io.BufferedInputStream.fill(BufferedInputStream.java:291)
        at java.base@21.0.6/java.io.BufferedInputStream.read1(BufferedInputStream.java:347)
        at java.base@21.0.6/java.io.BufferedInputStream.implRead(BufferedInputStream.java:420)
        at java.base@21.0.6/java.io.BufferedInputStream.read(BufferedInputStream.java:399)
        at app//org.apache.maven.surefire.api.util.internal.Channels$3.readImpl(Channels.java:169)
        at app//org.apache.maven.surefire.api.util.internal.AbstractNoninterruptibleReadableChannel.read(AbstractNoninterruptibleReadableChannel.java:50)
        at app//org.apache.maven.surefire.api.stream.AbstractStreamDecoder.read(AbstractStreamDecoder.java:430)
        at app//org.apache.maven.surefire.api.stream.AbstractStreamDecoder.read(AbstractStreamDecoder.java:419)
        at app//org.apache.maven.surefire.api.stream.AbstractStreamDecoder.readMessageType(AbstractStreamDecoder.java:116)
        at app//org.apache.maven.surefire.booter.stream.CommandDecoder.decode(CommandDecoder.java:77)
        at app//org.apache.maven.surefire.booter.spi.CommandChannelDecoder.decode(CommandChannelDecoder.java:60)
        at app//org.apache.maven.surefire.booter.CommandReader$CommandRunnable.run(CommandReader.java:290)
        at java.base@21.0.6/java.lang.Thread.runWith(Thread.java:1596)
        at java.base@21.0.6/java.lang.Thread.run(Thread.java:1583)
"BlockDeletingService#0" daemon prio=5 tid=126 timed_waiting
java.lang.Thread.State: TIMED_WAITING
        at java.base@21.0.6/jdk.internal.misc.Unsafe.park(Native Method)
        at java.base@21.0.6/java.util.concurrent.locks.LockSupport.parkNanos(LockSupport.java:269)
        at java.base@21.0.6/java.util.concurrent.locks.AbstractQueuedSynchronizer$ConditionObject.awaitNanos(AbstractQueuedSynchronizer.java:1763)
        at java.base@21.0.6/java.util.concurrent.ScheduledThreadPoolExecutor$DelayedWorkQueue.take(ScheduledThreadPoolExecutor.java:1182)
        at java.base@21.0.6/java.util.concurrent.ScheduledThreadPoolExecutor$DelayedWorkQueue.take(ScheduledThreadPoolExecutor.java:899)
        at java.base@21.0.6/java.util.concurrent.ThreadPoolExecutor.getTask(ThreadPoolExecutor.java:1070)
        at java.base@21.0.6/java.util.concurrent.ThreadPoolExecutor.runWorker(ThreadPoolExecutor.java:1130)
        at java.base@21.0.6/java.util.concurrent.ThreadPoolExecutor$Worker.run(ThreadPoolExecutor.java:642)
        at java.base@21.0.6/java.lang.Thread.runWith(Thread.java:1596)
        at java.base@21.0.6/java.lang.Thread.run(Thread.java:1583)
"surefire-forkedjvm-ping-30s" daemon prio=5 tid=27 timed_waiting
java.lang.Thread.State: TIMED_WAITING
        at java.base@21.0.6/jdk.internal.misc.Unsafe.park(Native Method)
        at java.base@21.0.6/java.util.concurrent.locks.LockSupport.parkNanos(LockSupport.java:269)
        at java.base@21.0.6/java.util.concurrent.locks.AbstractQueuedSynchronizer$ConditionObject.awaitNanos(AbstractQueuedSynchronizer.java:1763)
        at java.base@21.0.6/java.util.concurrent.ScheduledThreadPoolExecutor$DelayedWorkQueue.take(ScheduledThreadPoolExecutor.java:1182)
        at java.base@21.0.6/java.util.concurrent.ScheduledThreadPoolExecutor$DelayedWorkQueue.take(ScheduledThreadPoolExecutor.java:899)
        at java.base@21.0.6/java.util.concurrent.ThreadPoolExecutor.getTask(ThreadPoolExecutor.java:1070)
        at java.base@21.0.6/java.util.concurrent.ThreadPoolExecutor.runWorker(ThreadPoolExecutor.java:1130)
        at java.base@21.0.6/java.util.concurrent.ThreadPoolExecutor$Worker.run(ThreadPoolExecutor.java:642)
        at java.base@21.0.6/java.lang.Thread.runWith(Thread.java:1596)
        at java.base@21.0.6/java.lang.Thread.run(Thread.java:1583)
"process reaper" daemon prio=10 tid=29 timed_waiting
java.lang.Thread.State: TIMED_WAITING
        at java.base@21.0.6/jdk.internal.misc.Unsafe.park(Native Method)
        at java.base@21.0.6/java.util.concurrent.locks.LockSupport.parkNanos(LockSupport.java:410)
        at java.base@21.0.6/java.util.concurrent.LinkedTransferQueue$DualNode.await(LinkedTransferQueue.java:452)
        at java.base@21.0.6/java.util.concurrent.SynchronousQueue$Transferer.xferLifo(SynchronousQueue.java:194)
        at java.base@21.0.6/java.util.concurrent.SynchronousQueue.xfer(SynchronousQueue.java:235)
        at java.base@21.0.6/java.util.concurrent.SynchronousQueue.poll(SynchronousQueue.java:338)
        at java.base@21.0.6/java.util.concurrent.ThreadPoolExecutor.getTask(ThreadPoolExecutor.java:1069)
        at java.base@21.0.6/java.util.concurrent.ThreadPoolExecutor.runWorker(ThreadPoolExecutor.java:1130)
        at java.base@21.0.6/java.util.concurrent.ThreadPoolExecutor$Worker.run(ThreadPoolExecutor.java:642)
        at java.base@21.0.6/java.lang.Thread.runWith(Thread.java:1596)
        at java.base@21.0.6/java.lang.Thread.run(Thread.java:1583)
        at java.base@21.0.6/jdk.internal.misc.InnocuousThread.run(InnocuousThread.java:186)
"Finalizer" daemon prio=8 tid=10 in Object.wait()
java.lang.Thread.State: WAITING (on object monitor)
        at java.base@21.0.6/java.lang.Object.wait0(Native Method)
        at java.base@21.0.6/java.lang.Object.wait(Object.java:366)
        at java.base@21.0.6/java.lang.Object.wait(Object.java:339)
        at java.base@21.0.6/java.lang.ref.NativeReferenceQueue.await(NativeReferenceQueue.java:48)
        at java.base@21.0.6/java.lang.ref.ReferenceQueue.remove0(ReferenceQueue.java:158)
        at java.base@21.0.6/java.lang.ref.NativeReferenceQueue.remove(NativeReferenceQueue.java:89)
        at java.base@21.0.6/java.lang.ref.Finalizer$FinalizerThread.run(Finalizer.java:173)
"BlockDeletingService#2" daemon prio=5 tid=128 in Object.wait()
java.lang.Thread.State: WAITING (on object monitor)
        at java.base@21.0.6/jdk.internal.misc.Unsafe.park(Native Method)
        at java.base@21.0.6/java.util.concurrent.locks.LockSupport.park(LockSupport.java:371)
        at java.base@21.0.6/java.util.concurrent.locks.AbstractQueuedSynchronizer$ConditionNode.block(AbstractQueuedSynchronizer.java:519)
        at java.base@21.0.6/java.util.concurrent.ForkJoinPool.unmanagedBlock(ForkJoinPool.java:3780)
        at java.base@21.0.6/java.util.concurrent.ForkJoinPool.managedBlock(ForkJoinPool.java:3725)
        at java.base@21.0.6/java.util.concurrent.locks.AbstractQueuedSynchronizer$ConditionObject.await(AbstractQueuedSynchronizer.java:1712)
        at java.base@21.0.6/java.util.concurrent.ScheduledThreadPoolExecutor$DelayedWorkQueue.take(ScheduledThreadPoolExecutor.java:1177)
        at java.base@21.0.6/java.util.concurrent.ScheduledThreadPoolExecutor$DelayedWorkQueue.take(ScheduledThreadPoolExecutor.java:899)
        at java.base@21.0.6/java.util.concurrent.ThreadPoolExecutor.getTask(ThreadPoolExecutor.java:1070)
        at java.base@21.0.6/java.util.concurrent.ThreadPoolExecutor.runWorker(ThreadPoolExecutor.java:1130)
        at java.base@21.0.6/java.util.concurrent.ThreadPoolExecutor$Worker.run(ThreadPoolExecutor.java:642)
        at java.base@21.0.6/java.lang.Thread.runWith(Thread.java:1596)
        at java.base@21.0.6/java.lang.Thread.run(Thread.java:1583)
"Reference Handler" daemon prio=10 tid=9 runnable
java.lang.Thread.State: RUNNABLE
        at java.base@21.0.6/java.lang.ref.Reference.waitForReferencePendingList(Native Method)
        at java.base@21.0.6/java.lang.ref.Reference.processPendingReferences(Reference.java:246)
        at java.base@21.0.6/java.lang.ref.Reference$ReferenceHandler.run(Reference.java:208)
"surefire-forkedjvm-stream-flusher" daemon prio=5 tid=23 timed_waiting
java.lang.Thread.State: TIMED_WAITING
        at java.base@21.0.6/jdk.internal.misc.Unsafe.park(Native Method)
        at java.base@21.0.6/java.util.concurrent.locks.LockSupport.parkNanos(LockSupport.java:269)
        at java.base@21.0.6/java.util.concurrent.locks.AbstractQueuedSynchronizer$ConditionObject.awaitNanos(AbstractQueuedSynchronizer.java:1763)
        at java.base@21.0.6/java.util.concurrent.ScheduledThreadPoolExecutor$DelayedWorkQueue.take(ScheduledThreadPoolExecutor.java:1182)
        at java.base@21.0.6/java.util.concurrent.ScheduledThreadPoolExecutor$DelayedWorkQueue.take(ScheduledThreadPoolExecutor.java:899)
        at java.base@21.0.6/java.util.concurrent.ThreadPoolExecutor.getTask(ThreadPoolExecutor.java:1070)
        at java.base@21.0.6/java.util.concurrent.ThreadPoolExecutor.runWorker(ThreadPoolExecutor.java:1130)
        at java.base@21.0.6/java.util.concurrent.ThreadPoolExecutor$Worker.run(ThreadPoolExecutor.java:642)
        at java.base@21.0.6/java.lang.Thread.runWith(Thread.java:1596)
        at java.base@21.0.6/java.lang.Thread.run(Thread.java:1583)
"Signal Dispatcher" daemon prio=9 tid=11 runnable
java.lang.Thread.State: RUNNABLE
"Attach Listener" daemon prio=9 tid=37 runnable
java.lang.Thread.State: RUNNABLE
"LeakDetector-ManagedRocksObject0" daemon prio=5 tid=35 in Object.wait()
java.lang.Thread.State: WAITING (on object monitor)
        at java.base@21.0.6/jdk.internal.misc.Unsafe.park(Native Method)
        at java.base@21.0.6/java.util.concurrent.locks.LockSupport.park(LockSupport.java:371)
        at java.base@21.0.6/java.util.concurrent.locks.AbstractQueuedSynchronizer$ConditionNode.block(AbstractQueuedSynchronizer.java:519)
        at java.base@21.0.6/java.util.concurrent.ForkJoinPool.unmanagedBlock(ForkJoinPool.java:3780)
        at java.base@21.0.6/java.util.concurrent.ForkJoinPool.managedBlock(ForkJoinPool.java:3725)
        at java.base@21.0.6/java.util.concurrent.locks.AbstractQueuedSynchronizer$ConditionObject.await(AbstractQueuedSynchronizer.java:1712)
        at java.base@21.0.6/java.lang.ref.ReferenceQueue.await(ReferenceQueue.java:67)
        at java.base@21.0.6/java.lang.ref.ReferenceQueue.remove0(ReferenceQueue.java:158)
        at java.base@21.0.6/java.lang.ref.ReferenceQueue.remove(ReferenceQueue.java:234)
        at app//org.apache.hadoop.hdds.utils.LeakDetector.run(LeakDetector.java:79)
        at app//org.apache.hadoop.hdds.utils.LeakDetector$$Lambda/0x00007ff60024ede8.run(Unknown Source)
        at java.base@21.0.6/java.lang.Thread.runWith(Thread.java:1596)
        at java.base@21.0.6/java.lang.Thread.run(Thread.java:1583)
"junit-jupiter-timeout-watcher"  prio=10 tid=36 timed_waiting
java.lang.Thread.State: TIMED_WAITING
        at java.base@21.0.6/jdk.internal.misc.Unsafe.park(Native Method)
        at java.base@21.0.6/java.util.concurrent.locks.LockSupport.parkNanos(LockSupport.java:269)
        at java.base@21.0.6/java.util.concurrent.locks.AbstractQueuedSynchronizer$ConditionObject.awaitNanos(AbstractQueuedSynchronizer.java:1763)
        at java.base@21.0.6/java.util.concurrent.ScheduledThreadPoolExecutor$DelayedWorkQueue.take(ScheduledThreadPoolExecutor.java:1182)
        at java.base@21.0.6/java.util.concurrent.ScheduledThreadPoolExecutor$DelayedWorkQueue.take(ScheduledThreadPoolExecutor.java:899)
        at java.base@21.0.6/java.util.concurrent.ThreadPoolExecutor.getTask(ThreadPoolExecutor.java:1070)
        at java.base@21.0.6/java.util.concurrent.ThreadPoolExecutor.runWorker(ThreadPoolExecutor.java:1130)
        at java.base@21.0.6/java.util.concurrent.ThreadPoolExecutor$Worker.run(ThreadPoolExecutor.java:642)
        at java.base@21.0.6/java.lang.Thread.runWith(Thread.java:1596)
        at java.base@21.0.6/java.lang.Thread.run(Thread.java:1583)


	at org.apache.ozone.test.GenericTestUtils.waitFor(GenericTestUtils.java:152)
	at org.apache.hadoop.ozone.container.common.TestBlockDeletingService.testBlockDeletionTimeout(TestBlockDeletingService.java:818)
	at java.base/java.lang.reflect.Method.invoke(Method.java:580)
	at java.base/java.util.Optional.ifPresent(Optional.java:178)
	at java.base/java.util.stream.ForEachOps$ForEachOp$OfRef.accept(ForEachOps.java:184)
	at java.base/java.util.stream.ReferencePipeline$3$1.accept(ReferencePipeline.java:197)
	at java.base/java.util.stream.ForEachOps$ForEachOp$OfRef.accept(ForEachOps.java:184)
	at java.base/java.util.stream.ForEachOps$ForEachOp$OfRef.accept(ForEachOps.java:184)
	at java.base/java.util.stream.ReferencePipeline$3$1.accept(ReferencePipeline.java:197)
	at java.base/java.util.ArrayList$ArrayListSpliterator.forEachRemaining(ArrayList.java:1708)
	at java.base/java.util.stream.ReferencePipeline$Head.forEach(ReferencePipeline.java:762)
	at java.base/java.util.stream.ReferencePipeline$7$1.accept(ReferencePipeline.java:276)
	at java.base/java.util.stream.ReferencePipeline$3$1.accept(ReferencePipeline.java:197)
	at java.base/java.util.stream.ReferencePipeline$3$1.accept(ReferencePipeline.java:197)
	at java.base/java.util.stream.ReferencePipeline$3$1.accept(ReferencePipeline.java:197)
	at java.base/java.util.Spliterators$ArraySpliterator.forEachRemaining(Spliterators.java:1024)
	at java.base/java.util.stream.AbstractPipeline.copyInto(AbstractPipeline.java:509)
	at java.base/java.util.stream.AbstractPipeline.wrapAndCopyInto(AbstractPipeline.java:499)
	at java.base/java.util.stream.ForEachOps$ForEachOp.evaluateSequential(ForEachOps.java:151)
	at java.base/java.util.stream.ForEachOps$ForEachOp$OfRef.evaluateSequential(ForEachOps.java:174)
	at java.base/java.util.stream.AbstractPipeline.evaluate(AbstractPipeline.java:234)
	at java.base/java.util.stream.ReferencePipeline.forEach(ReferencePipeline.java:596)
	at java.base/java.util.stream.ReferencePipeline$7$1.accept(ReferencePipeline.java:276)
	at java.base/java.util.ArrayList$ArrayListSpliterator.forEachRemaining(ArrayList.java:1708)
	at java.base/java.util.stream.AbstractPipeline.copyInto(AbstractPipeline.java:509)
	at java.base/java.util.stream.AbstractPipeline.wrapAndCopyInto(AbstractPipeline.java:499)
	at java.base/java.util.stream.ForEachOps$ForEachOp.evaluateSequential(ForEachOps.java:151)
	at java.base/java.util.stream.ForEachOps$ForEachOp$OfRef.evaluateSequential(ForEachOps.java:174)
	at java.base/java.util.stream.AbstractPipeline.evaluate(AbstractPipeline.java:234)
	at java.base/java.util.stream.ReferencePipeline.forEach(ReferencePipeline.java:596)
	at java.base/java.util.stream.ReferencePipeline$7$1.accept(ReferencePipeline.java:276)
	at java.base/java.util.stream.ReferencePipeline$3$1.accept(ReferencePipeline.java:197)
	at java.base/java.util.stream.ReferencePipeline$3$1.accept(ReferencePipeline.java:197)
	at java.base/java.util.stream.ReferencePipeline$3$1.accept(ReferencePipeline.java:197)
	at java.base/java.util.ArrayList$ArrayListSpliterator.forEachRemaining(ArrayList.java:1708)
	at java.base/java.util.stream.AbstractPipeline.copyInto(AbstractPipeline.java:509)
	at java.base/java.util.stream.AbstractPipeline.wrapAndCopyInto(AbstractPipeline.java:499)
	at java.base/java.util.stream.ForEachOps$ForEachOp.evaluateSequential(ForEachOps.java:151)
	at java.base/java.util.stream.ForEachOps$ForEachOp$OfRef.evaluateSequential(ForEachOps.java:174)
	at java.base/java.util.stream.AbstractPipeline.evaluate(AbstractPipeline.java:234)
	at java.base/java.util.stream.ReferencePipeline.forEach(ReferencePipeline.java:596)
	at java.base/java.util.ArrayList.forEach(ArrayList.java:1596)
	at java.base/java.util.ArrayList.forEach(ArrayList.java:1596)
]]></error>
    <system-out><![CDATA[2025-03-05 12:57:53,879 [main] INFO  db.CodecBuffer (CodecBuffer.java:set(62)) - Successfully set constructor to LeakDetector::newCodecBuffer: org.apache.hadoop.hdds.utils.db.CodecBuffer$$Lambda/0x00007ff600206790@3b809711
2025-03-05 12:57:53,890 [main] INFO  volume.HddsVolume (HddsVolume.java:<init>(132)) - Creating HddsVolume: /tmp/junit-1185693329152992130/hdds of storage type: DISK, capacity=9222449699674390527, used=0, available=9222449699674390527
2025-03-05 12:57:53,892 [main] INFO  volume.MutableVolumeSet (MutableVolumeSet.java:initializeVolumeSet(169)) - Added Volume : /tmp/junit-1185693329152992130/hdds to VolumeSet
2025-03-05 12:57:53,921 [main] INFO  utils.DatanodeStoreCache (DatanodeStoreCache.java:addDB(71)) - Added db /tmp/junit-1185693329152992130/hdds/15002491-6558-410f-b0f6-70f43b773086/DS-bdc415e8-4382-485a-b66e-d26e9f37deaa/container.db to cache
2025-03-05 12:57:53,921 [main] INFO  volume.HddsVolume (HddsVolume.java:createDbStore(446)) - SchemaV3 db is created and loaded at /tmp/junit-1185693329152992130/hdds/15002491-6558-410f-b0f6-70f43b773086/DS-bdc415e8-4382-485a-b66e-d26e9f37deaa/container.db for volume DS-bdc415e8-4382-485a-b66e-d26e9f37deaa
2025-03-05 12:57:53,923 [main] INFO  impl.FilePerChunkStrategy (FilePerChunkStrategy.java:<init>(79)) - ozone.chunk.read.mapped.buffer.max.count is load with 0
2025-03-05 12:57:53,976 [main] INFO  impl.FilePerChunkStrategy (FilePerChunkStrategy.java:<init>(79)) - ozone.chunk.read.mapped.buffer.max.count is load with 0
2025-03-05 12:57:53,976 [main] INFO  impl.FilePerBlockStrategy (FilePerBlockStrategy.java:<init>(87)) - ozone.chunk.read.mapped.buffer.max.count is load with 0
2025-03-05 12:57:53,980 [BlockDeletingService#0] INFO  interfaces.ContainerDeletionChoosingPolicyTemplate (ContainerDeletionChoosingPolicyTemplate.java:chooseContainerForBlockDeletion(83)) - Chosen 3/0 blocks from 1 candidate containers.
2025-03-05 12:57:53,982 [BlockDeletingService#1] INFO  impl.FilePerChunkStrategy (FilePerChunkStrategy.java:deleteChunk(327)) - Deleted chunk file /tmp/junit-1185693329152992130/hdds/15002491-6558-410f-b0f6-70f43b773086/current/containerDir1/114109938004132712/chunks/114109938006229865_chunk_0_block_0 (size 100) for chunk ChunkInfo{chunkName='114109938006229865_chunk_0_block_0, offset=0, len=100}
2025-03-05 12:57:53,982 [BlockDeletingService#1] INFO  impl.FilePerChunkStrategy (FilePerChunkStrategy.java:deleteChunk(327)) - Deleted chunk file /tmp/junit-1185693329152992130/hdds/15002491-6558-410f-b0f6-70f43b773086/current/containerDir1/114109938004132712/chunks/114109938006295402_chunk_0_block_1 (size 100) for chunk ChunkInfo{chunkName='114109938006295402_chunk_0_block_1, offset=0, len=100}
2025-03-05 12:57:53,982 [BlockDeletingService#1] INFO  impl.FilePerChunkStrategy (FilePerChunkStrategy.java:deleteChunk(327)) - Deleted chunk file /tmp/junit-1185693329152992130/hdds/15002491-6558-410f-b0f6-70f43b773086/current/containerDir1/114109938004132712/chunks/114109938006360939_chunk_0_block_2 (size 100) for chunk ChunkInfo{chunkName='114109938006360939_chunk_0_block_2, offset=0, len=100}
2025-03-05 12:57:53,983 [BlockDeletingService#1] WARN  utils.BackgroundService (BackgroundService.java:lambda$run$0(151)) - BlockDeletingService Background task execution took 2117576ns > 1ns(timeout)
2025-03-05 12:57:54,981 [BlockDeletingService#1] INFO  interfaces.ContainerDeletionChoosingPolicyTemplate (ContainerDeletionChoosingPolicyTemplate.java:chooseContainerForBlockDeletion(83)) - Chosen 0/3 blocks from 0 candidate containers.
]]></system-out>
  </testcase>
  <testcase name="testBlockDeletionTimeout(ContainerTestVersionInfo)[2]" classname="org.apache.hadoop.ozone.container.common.TestBlockDeletingService" time="0.352">
    <system-out><![CDATA[2025-03-05 12:57:54,999 [main] INFO  db.CodecBuffer (CodecBuffer.java:set(62)) - Successfully set constructor to LeakDetector::newCodecBuffer: org.apache.hadoop.hdds.utils.db.CodecBuffer$$Lambda/0x00007ff600206790@3b809711
2025-03-05 12:57:55,009 [main] INFO  volume.HddsVolume (HddsVolume.java:<init>(132)) - Creating HddsVolume: /tmp/junit-388204311535930022/hdds of storage type: DISK, capacity=9222449699674390527, used=0, available=9222449699674390527
2025-03-05 12:57:55,010 [main] INFO  volume.MutableVolumeSet (MutableVolumeSet.java:initializeVolumeSet(169)) - Added Volume : /tmp/junit-388204311535930022/hdds to VolumeSet
2025-03-05 12:57:55,035 [main] INFO  utils.DatanodeStoreCache (DatanodeStoreCache.java:addDB(71)) - Added db /tmp/junit-388204311535930022/hdds/a0916fe1-afdb-4bc5-881e-fe26d875e6f1/DS-33e2971d-25b8-43e8-b6c7-1935584d9046/container.db to cache
2025-03-05 12:57:55,035 [main] INFO  volume.HddsVolume (HddsVolume.java:createDbStore(446)) - SchemaV3 db is created and loaded at /tmp/junit-388204311535930022/hdds/a0916fe1-afdb-4bc5-881e-fe26d875e6f1/DS-33e2971d-25b8-43e8-b6c7-1935584d9046/container.db for volume DS-33e2971d-25b8-43e8-b6c7-1935584d9046
2025-03-05 12:57:55,036 [main] INFO  impl.FilePerChunkStrategy (FilePerChunkStrategy.java:<init>(79)) - ozone.chunk.read.mapped.buffer.max.count is load with 0
2025-03-05 12:57:55,079 [main] INFO  impl.FilePerChunkStrategy (FilePerChunkStrategy.java:<init>(79)) - ozone.chunk.read.mapped.buffer.max.count is load with 0
2025-03-05 12:57:55,079 [main] INFO  impl.FilePerBlockStrategy (FilePerBlockStrategy.java:<init>(87)) - ozone.chunk.read.mapped.buffer.max.count is load with 0
2025-03-05 12:57:55,082 [BlockDeletingService#0] INFO  interfaces.ContainerDeletionChoosingPolicyTemplate (ContainerDeletionChoosingPolicyTemplate.java:chooseContainerForBlockDeletion(83)) - Chosen 3/0 blocks from 1 candidate containers.
2025-03-05 12:57:55,083 [BlockDeletingService#1] INFO  impl.FilePerChunkStrategy (FilePerChunkStrategy.java:deleteChunk(327)) - Deleted chunk file /tmp/junit-388204311535930022/hdds/a0916fe1-afdb-4bc5-881e-fe26d875e6f1/current/containerDir129/114109938076681068/chunks/114109938078581613_chunk_0_block_0 (size 100) for chunk ChunkInfo{chunkName='114109938078581613_chunk_0_block_0, offset=0, len=100}
2025-03-05 12:57:55,083 [BlockDeletingService#1] INFO  impl.FilePerChunkStrategy (FilePerChunkStrategy.java:deleteChunk(327)) - Deleted chunk file /tmp/junit-388204311535930022/hdds/a0916fe1-afdb-4bc5-881e-fe26d875e6f1/current/containerDir129/114109938076681068/chunks/114109938078647150_chunk_0_block_1 (size 100) for chunk ChunkInfo{chunkName='114109938078647150_chunk_0_block_1, offset=0, len=100}
2025-03-05 12:57:55,083 [BlockDeletingService#1] INFO  impl.FilePerChunkStrategy (FilePerChunkStrategy.java:deleteChunk(327)) - Deleted chunk file /tmp/junit-388204311535930022/hdds/a0916fe1-afdb-4bc5-881e-fe26d875e6f1/current/containerDir129/114109938076681068/chunks/114109938078712687_chunk_0_block_2 (size 100) for chunk ChunkInfo{chunkName='114109938078712687_chunk_0_block_2, offset=0, len=100}
2025-03-05 12:57:55,084 [BlockDeletingService#1] WARN  utils.BackgroundService (BackgroundService.java:lambda$run$0(151)) - BlockDeletingService Background task execution took 1864483ns > 1ns(timeout)
2025-03-05 12:57:55,181 [main] INFO  utils.BackgroundService (BackgroundService.java:shutdown(162)) - Shutting down service BlockDeletingService
2025-03-05 12:57:55,182 [main] INFO  impl.FilePerChunkStrategy (FilePerChunkStrategy.java:<init>(79)) - ozone.chunk.read.mapped.buffer.max.count is load with 0
2025-03-05 12:57:55,302 [BlockDeletingService#0] INFO  interfaces.ContainerDeletionChoosingPolicyTemplate (ContainerDeletionChoosingPolicyTemplate.java:chooseContainerForBlockDeletion(83)) - Chosen 3/0 blocks from 1 candidate containers.
2025-03-05 12:57:55,303 [BlockDeletingService#1] INFO  impl.FilePerChunkStrategy (FilePerChunkStrategy.java:deleteChunk(327)) - Deleted chunk file /tmp/junit-388204311535930022/hdds/a0916fe1-afdb-4bc5-881e-fe26d875e6f1/current/containerDir129/114109938086249328/chunks/114109938088215409_chunk_0_block_0 (size 100) for chunk ChunkInfo{chunkName='114109938088215409_chunk_0_block_0, offset=0, len=100}
2025-03-05 12:57:55,303 [BlockDeletingService#1] INFO  impl.FilePerChunkStrategy (FilePerChunkStrategy.java:deleteChunk(327)) - Deleted chunk file /tmp/junit-388204311535930022/hdds/a0916fe1-afdb-4bc5-881e-fe26d875e6f1/current/containerDir129/114109938086249328/chunks/114109938088280946_chunk_0_block_1 (size 100) for chunk ChunkInfo{chunkName='114109938088280946_chunk_0_block_1, offset=0, len=100}
2025-03-05 12:57:55,303 [BlockDeletingService#1] INFO  impl.FilePerChunkStrategy (FilePerChunkStrategy.java:deleteChunk(327)) - Deleted chunk file /tmp/junit-388204311535930022/hdds/a0916fe1-afdb-4bc5-881e-fe26d875e6f1/current/containerDir129/114109938086249328/chunks/114109938088346483_chunk_0_block_2 (size 100) for chunk ChunkInfo{chunkName='114109938088346483_chunk_0_block_2, offset=0, len=100}
2025-03-05 12:57:55,304 [BlockDeletingService#1] WARN  utils.BackgroundService (BackgroundService.java:lambda$run$0(151)) - BlockDeletingService Background task execution took 1705977ns > 0ns(timeout)
2025-03-05 12:57:55,343 [main] INFO  utils.BackgroundService (BackgroundService.java:shutdown(162)) - Shutting down service BlockDeletingService
]]></system-out>
    <system-err><![CDATA[====> [1] schema=null, layout=ContainerLayout:v1 TIMED OUT. PRINTING THREAD DUMP. <====

Timestamp: 2025-03-05 12:57:54,995

"BlockDeletingService#1" daemon prio=5 tid=127 in Object.wait()
java.lang.Thread.State: WAITING (on object monitor)
        at java.base@21.0.6/jdk.internal.misc.Unsafe.park(Native Method)
        at java.base@21.0.6/java.util.concurrent.locks.LockSupport.park(LockSupport.java:371)
        at java.base@21.0.6/java.util.concurrent.locks.AbstractQueuedSynchronizer$ConditionNode.block(AbstractQueuedSynchronizer.java:519)
        at java.base@21.0.6/java.util.concurrent.ForkJoinPool.unmanagedBlock(ForkJoinPool.java:3780)
        at java.base@21.0.6/java.util.concurrent.ForkJoinPool.managedBlock(ForkJoinPool.java:3725)
        at java.base@21.0.6/java.util.concurrent.locks.AbstractQueuedSynchronizer$ConditionObject.await(AbstractQueuedSynchronizer.java:1712)
        at java.base@21.0.6/java.util.concurrent.ScheduledThreadPoolExecutor$DelayedWorkQueue.take(ScheduledThreadPoolExecutor.java:1177)
        at java.base@21.0.6/java.util.concurrent.ScheduledThreadPoolExecutor$DelayedWorkQueue.take(ScheduledThreadPoolExecutor.java:899)
        at java.base@21.0.6/java.util.concurrent.ThreadPoolExecutor.getTask(ThreadPoolExecutor.java:1070)
        at java.base@21.0.6/java.util.concurrent.ThreadPoolExecutor.runWorker(ThreadPoolExecutor.java:1130)
        at java.base@21.0.6/java.util.concurrent.ThreadPoolExecutor$Worker.run(ThreadPoolExecutor.java:642)
        at java.base@21.0.6/java.lang.Thread.runWith(Thread.java:1596)
        at java.base@21.0.6/java.lang.Thread.run(Thread.java:1583)
"BlockDeletingService#3" daemon prio=5 tid=129 in Object.wait()
java.lang.Thread.State: WAITING (on object monitor)
        at java.base@21.0.6/jdk.internal.misc.Unsafe.park(Native Method)
        at java.base@21.0.6/java.util.concurrent.locks.LockSupport.park(LockSupport.java:371)
        at java.base@21.0.6/java.util.concurrent.locks.AbstractQueuedSynchronizer$ConditionNode.block(AbstractQueuedSynchronizer.java:519)
        at java.base@21.0.6/java.util.concurrent.ForkJoinPool.unmanagedBlock(ForkJoinPool.java:3780)
        at java.base@21.0.6/java.util.concurrent.ForkJoinPool.managedBlock(ForkJoinPool.java:3725)
        at java.base@21.0.6/java.util.concurrent.locks.AbstractQueuedSynchronizer$ConditionObject.await(AbstractQueuedSynchronizer.java:1712)
        at java.base@21.0.6/java.util.concurrent.ScheduledThreadPoolExecutor$DelayedWorkQueue.take(ScheduledThreadPoolExecutor.java:1177)
        at java.base@21.0.6/java.util.concurrent.ScheduledThreadPoolExecutor$DelayedWorkQueue.take(ScheduledThreadPoolExecutor.java:899)
        at java.base@21.0.6/java.util.concurrent.ThreadPoolExecutor.getTask(ThreadPoolExecutor.java:1070)
        at java.base@21.0.6/java.util.concurrent.ThreadPoolExecutor.runWorker(ThreadPoolExecutor.java:1130)
        at java.base@21.0.6/java.util.concurrent.ThreadPoolExecutor$Worker.run(ThreadPoolExecutor.java:642)
        at java.base@21.0.6/java.lang.Thread.runWith(Thread.java:1596)
        at java.base@21.0.6/java.lang.Thread.run(Thread.java:1583)
"gradle-enterprise-test-client-gradle-enterprise-test-listener"  prio=5 tid=31 in Object.wait()
java.lang.Thread.State: WAITING (on object monitor)
        at java.base@21.0.6/sun.nio.ch.SocketDispatcher.write0(Native Method)
        at java.base@21.0.6/sun.nio.ch.SocketDispatcher.write(SocketDispatcher.java:62)
        at java.base@21.0.6/sun.nio.ch.NioSocketImpl.tryWrite(NioSocketImpl.java:394)
        at java.base@21.0.6/sun.nio.ch.NioSocketImpl.implWrite(NioSocketImpl.java:410)
        at java.base@21.0.6/sun.nio.ch.NioSocketImpl.write(NioSocketImpl.java:440)
        at java.base@21.0.6/sun.nio.ch.NioSocketImpl$2.write(NioSocketImpl.java:819)
        at java.base@21.0.6/java.net.Socket$SocketOutputStream.write(Socket.java:1195)
        at java.base@21.0.6/java.io.ObjectOutputStream$BlockDataOutputStream.drain(ObjectOutputStream.java:1899)
        at java.base@21.0.6/java.io.ObjectOutputStream$BlockDataOutputStream.setBlockDataMode(ObjectOutputStream.java:1808)
        at java.base@21.0.6/java.io.ObjectOutputStream.writeNonProxyDesc(ObjectOutputStream.java:1302)
        at java.base@21.0.6/java.io.ObjectOutputStream.writeClassDesc(ObjectOutputStream.java:1247)
        at java.base@21.0.6/java.io.ObjectOutputStream.writeOrdinaryObject(ObjectOutputStream.java:1443)
        at java.base@21.0.6/java.io.ObjectOutputStream.writeObject0(ObjectOutputStream.java:1194)
        at java.base@21.0.6/java.io.ObjectOutputStream.writeObject(ObjectOutputStream.java:358)
        at app//com.gradle.maven.scan.extension.test.listener.obfuscated.k.a.a(SourceFile:141)
        at app//com.gradle.maven.scan.extension.test.listener.obfuscated.k.a.b(SourceFile:93)
        at app//com.gradle.maven.scan.extension.test.listener.obfuscated.k.a$$Lambda/0x00007ff600122d38.run(Unknown Source)
        at java.base@21.0.6/java.util.concurrent.Executors$RunnableAdapter.call(Executors.java:572)
        at java.base@21.0.6/java.util.concurrent.FutureTask.run(FutureTask.java:317)
        at java.base@21.0.6/java.util.concurrent.ThreadPoolExecutor.runWorker(ThreadPoolExecutor.java:1144)
        at java.base@21.0.6/java.util.concurrent.ThreadPoolExecutor$Worker.run(ThreadPoolExecutor.java:642)
        at java.base@21.0.6/java.lang.Thread.runWith(Thread.java:1596)
        at java.base@21.0.6/java.lang.Thread.run(Thread.java:1583)
"MutableQuantiles-0" daemon prio=5 tid=34 timed_waiting
java.lang.Thread.State: TIMED_WAITING
        at java.base@21.0.6/jdk.internal.misc.Unsafe.park(Native Method)
        at java.base@21.0.6/java.util.concurrent.locks.LockSupport.parkNanos(LockSupport.java:269)
        at java.base@21.0.6/java.util.concurrent.locks.AbstractQueuedSynchronizer$ConditionObject.awaitNanos(AbstractQueuedSynchronizer.java:1763)
        at java.base@21.0.6/java.util.concurrent.ScheduledThreadPoolExecutor$DelayedWorkQueue.take(ScheduledThreadPoolExecutor.java:1182)
        at java.base@21.0.6/java.util.concurrent.ScheduledThreadPoolExecutor$DelayedWorkQueue.take(ScheduledThreadPoolExecutor.java:899)
        at java.base@21.0.6/java.util.concurrent.ThreadPoolExecutor.getTask(ThreadPoolExecutor.java:1070)
        at java.base@21.0.6/java.util.concurrent.ThreadPoolExecutor.runWorker(ThreadPoolExecutor.java:1130)
        at java.base@21.0.6/java.util.concurrent.ThreadPoolExecutor$Worker.run(ThreadPoolExecutor.java:642)
        at java.base@21.0.6/java.lang.Thread.runWith(Thread.java:1596)
        at java.base@21.0.6/java.lang.Thread.run(Thread.java:1583)
"Notification Thread" daemon prio=9 tid=22 runnable
java.lang.Thread.State: RUNNABLE
"main"  prio=5 tid=1 runnable
java.lang.Thread.State: RUNNABLE
        at java.base@21.0.6/java.lang.Thread.dumpThreads(Native Method)
        at java.base@21.0.6/java.lang.Thread.getAllStackTraces(Thread.java:2522)
        at app//org.apache.ozone.test.TimedOutTestsListener.buildThreadDump(TimedOutTestsListener.java:81)
        at app//org.apache.ozone.test.TimedOutTestsListener.buildThreadDiagnosticString(TimedOutTestsListener.java:67)
        at app//org.apache.ozone.test.TimedOutTestsListener.lambda$executionFinished$0(TimedOutTestsListener.java:53)
        at app//org.apache.ozone.test.TimedOutTestsListener$$Lambda/0x00007ff60043fa48.accept(Unknown Source)
        at java.base@21.0.6/java.util.Optional.ifPresent(Optional.java:178)
        at app//org.apache.ozone.test.TimedOutTestsListener.executionFinished(TimedOutTestsListener.java:49)
        at app//org.junit.platform.launcher.core.CompositeTestExecutionListener.lambda$executionFinished$10(CompositeTestExecutionListener.java:74)
        at app//org.junit.platform.launcher.core.CompositeTestExecutionListener$$Lambda/0x00007ff600427740.accept(Unknown Source)
        at app//org.junit.platform.launcher.core.CompositeTestExecutionListener.lambda$notifyEach$21(CompositeTestExecutionListener.java:110)
        at app//org.junit.platform.launcher.core.CompositeTestExecutionListener$$Lambda/0x00007ff60011de58.accept(Unknown Source)
        at app//org.junit.platform.commons.util.CollectionUtils.forEachInReverseOrder(CollectionUtils.java:243)
        at app//org.junit.platform.launcher.core.IterationOrder$2.forEach(IterationOrder.java:30)
        at app//org.junit.platform.launcher.core.CompositeTestExecutionListener.notifyEach(CompositeTestExecutionListener.java:108)
        at app//org.junit.platform.launcher.core.CompositeTestExecutionListener.executionFinished(CompositeTestExecutionListener.java:73)
        at app//org.junit.platform.launcher.core.ExecutionListenerAdapter.executionFinished(ExecutionListenerAdapter.java:57)
        at app//org.junit.platform.launcher.core.CompositeEngineExecutionListener.lambda$executionFinished$6(CompositeEngineExecutionListener.java:60)
        at app//org.junit.platform.launcher.core.CompositeEngineExecutionListener$$Lambda/0x00007ff6004263f8.accept(Unknown Source)
        at app//org.junit.platform.launcher.core.CompositeEngineExecutionListener.lambda$notifyEach$13(CompositeEngineExecutionListener.java:82)
        at app//org.junit.platform.launcher.core.CompositeEngineExecutionListener$$Lambda/0x00007ff60013a248.accept(Unknown Source)
        at app//org.junit.platform.commons.util.CollectionUtils.forEachInReverseOrder(CollectionUtils.java:243)
        at app//org.junit.platform.launcher.core.IterationOrder$2.forEach(IterationOrder.java:30)
        at app//org.junit.platform.launcher.core.CompositeEngineExecutionListener.notifyEach(CompositeEngineExecutionListener.java:80)
        at app//org.junit.platform.launcher.core.CompositeEngineExecutionListener.executionFinished(CompositeEngineExecutionListener.java:59)
        at app//org.junit.platform.launcher.core.DelegatingEngineExecutionListener.executionFinished(DelegatingEngineExecutionListener.java:47)
        at app//org.junit.platform.launcher.core.StackTracePruningEngineExecutionListener.executionFinished(StackTracePruningEngineExecutionListener.java:46)
        at app//org.junit.platform.launcher.core.DelegatingEngineExecutionListener.executionFinished(DelegatingEngineExecutionListener.java:47)
        at app//org.junit.platform.launcher.core.OutcomeDelayingEngineExecutionListener.executionFinished(OutcomeDelayingEngineExecutionListener.java:63)
        at app//org.junit.platform.engine.support.hierarchical.NodeTestTask.reportCompletion(NodeTestTask.java:200)
        at app//org.junit.platform.engine.support.hierarchical.NodeTestTask.execute(NodeTestTask.java:105)
        at app//org.junit.platform.engine.support.hierarchical.SameThreadHierarchicalTestExecutorService.submit(SameThreadHierarchicalTestExecutorService.java:35)
        at app//org.junit.platform.engine.support.hierarchical.NodeTestTask$DefaultDynamicTestExecutor.execute(NodeTestTask.java:231)
        at app//org.junit.platform.engine.support.hierarchical.NodeTestTask$DefaultDynamicTestExecutor.execute(NodeTestTask.java:209)
        at app//org.junit.jupiter.engine.descriptor.TestTemplateTestDescriptor.execute(TestTemplateTestDescriptor.java:157)
        at app//org.junit.jupiter.engine.descriptor.TestTemplateTestDescriptor.lambda$executeForProvider$0(TestTemplateTestDescriptor.java:115)
        at app//org.junit.jupiter.engine.descriptor.TestTemplateTestDescriptor$$Lambda/0x00007ff600167450.accept(Unknown Source)
        at java.base@21.0.6/java.util.Optional.ifPresent(Optional.java:178)
        at app//org.junit.jupiter.engine.descriptor.TestTemplateTestDescriptor.lambda$executeForProvider$1(TestTemplateTestDescriptor.java:115)
        at app//org.junit.jupiter.engine.descriptor.TestTemplateTestDescriptor$$Lambda/0x00007ff60015cab0.accept(Unknown Source)
        at java.base@21.0.6/java.util.stream.ForEachOps$ForEachOp$OfRef.accept(ForEachOps.java:184)
        at java.base@21.0.6/java.util.stream.ReferencePipeline$3$1.accept(ReferencePipeline.java:197)
        at java.base@21.0.6/java.util.stream.ForEachOps$ForEachOp$OfRef.accept(ForEachOps.java:184)
        at java.base@21.0.6/java.util.stream.ForEachOps$ForEachOp$OfRef.accept(ForEachOps.java:184)
        at java.base@21.0.6/java.util.stream.ReferencePipeline$3$1.accept(ReferencePipeline.java:197)
        at java.base@21.0.6/java.util.ArrayList$ArrayListSpliterator.forEachRemaining(ArrayList.java:1708)
        at java.base@21.0.6/java.util.stream.ReferencePipeline$Head.forEach(ReferencePipeline.java:762)
        at java.base@21.0.6/java.util.stream.ReferencePipeline$7$1.accept(ReferencePipeline.java:276)
        at java.base@21.0.6/java.util.stream.ReferencePipeline$3$1.accept(ReferencePipeline.java:197)
        at java.base@21.0.6/java.util.stream.ReferencePipeline$3$1.accept(ReferencePipeline.java:197)
        at java.base@21.0.6/java.util.stream.ReferencePipeline$3$1.accept(ReferencePipeline.java:197)
        at java.base@21.0.6/java.util.Spliterators$ArraySpliterator.forEachRemaining(Spliterators.java:1024)
        at java.base@21.0.6/java.util.stream.AbstractPipeline.copyInto(AbstractPipeline.java:509)
        at java.base@21.0.6/java.util.stream.AbstractPipeline.wrapAndCopyInto(AbstractPipeline.java:499)
        at java.base@21.0.6/java.util.stream.ForEachOps$ForEachOp.evaluateSequential(ForEachOps.java:151)
        at java.base@21.0.6/java.util.stream.ForEachOps$ForEachOp$OfRef.evaluateSequential(ForEachOps.java:174)
        at java.base@21.0.6/java.util.stream.AbstractPipeline.evaluate(AbstractPipeline.java:234)
        at java.base@21.0.6/java.util.stream.ReferencePipeline.forEach(ReferencePipeline.java:596)
        at java.base@21.0.6/java.util.stream.ReferencePipeline$7$1.accept(ReferencePipeline.java:276)
        at java.base@21.0.6/java.util.ArrayList$ArrayListSpliterator.forEachRemaining(ArrayList.java:1708)
        at java.base@21.0.6/java.util.stream.AbstractPipeline.copyInto(AbstractPipeline.java:509)
        at java.base@21.0.6/java.util.stream.AbstractPipeline.wrapAndCopyInto(AbstractPipeline.java:499)
        at java.base@21.0.6/java.util.stream.ForEachOps$ForEachOp.evaluateSequential(ForEachOps.java:151)
        at java.base@21.0.6/java.util.stream.ForEachOps$ForEachOp$OfRef.evaluateSequential(ForEachOps.java:174)
        at java.base@21.0.6/java.util.stream.AbstractPipeline.evaluate(AbstractPipeline.java:234)
        at java.base@21.0.6/java.util.stream.ReferencePipeline.forEach(ReferencePipeline.java:596)
        at java.base@21.0.6/java.util.stream.ReferencePipeline$7$1.accept(ReferencePipeline.java:276)
        at java.base@21.0.6/java.util.stream.ReferencePipeline$3$1.accept(ReferencePipeline.java:197)
        at java.base@21.0.6/java.util.stream.ReferencePipeline$3$1.accept(ReferencePipeline.java:197)
        at java.base@21.0.6/java.util.stream.ReferencePipeline$3$1.accept(ReferencePipeline.java:197)
        at java.base@21.0.6/java.util.ArrayList$ArrayListSpliterator.forEachRemaining(ArrayList.java:1708)
        at java.base@21.0.6/java.util.stream.AbstractPipeline.copyInto(AbstractPipeline.java:509)
        at java.base@21.0.6/java.util.stream.AbstractPipeline.wrapAndCopyInto(AbstractPipeline.java:499)
        at java.base@21.0.6/java.util.stream.ForEachOps$ForEachOp.evaluateSequential(ForEachOps.java:151)
        at java.base@21.0.6/java.util.stream.ForEachOps$ForEachOp$OfRef.evaluateSequential(ForEachOps.java:174)
        at java.base@21.0.6/java.util.stream.AbstractPipeline.evaluate(AbstractPipeline.java:234)
        at java.base@21.0.6/java.util.stream.ReferencePipeline.forEach(ReferencePipeline.java:596)
        at app//org.junit.jupiter.engine.descriptor.TestTemplateTestDescriptor.executeForProvider(TestTemplateTestDescriptor.java:114)
        at app//org.junit.jupiter.engine.descriptor.TestTemplateTestDescriptor.execute(TestTemplateTestDescriptor.java:103)
        at app//org.junit.jupiter.engine.descriptor.TestTemplateTestDescriptor.execute(TestTemplateTestDescriptor.java:43)
        at app//org.junit.platform.engine.support.hierarchical.NodeTestTask.lambda$executeRecursively$6(NodeTestTask.java:156)
        at app//org.junit.platform.engine.support.hierarchical.NodeTestTask$$Lambda/0x00007ff60013dc00.execute(Unknown Source)
        at app//org.junit.platform.engine.support.hierarchical.ThrowableCollector.execute(ThrowableCollector.java:73)
        at app//org.junit.platform.engine.support.hierarchical.NodeTestTask.lambda$executeRecursively$8(NodeTestTask.java:146)
        at app//org.junit.platform.engine.support.hierarchical.NodeTestTask$$Lambda/0x00007ff60013fbe8.invoke(Unknown Source)
        at app//org.junit.platform.engine.support.hierarchical.Node.around(Node.java:137)
        at app//org.junit.platform.engine.support.hierarchical.NodeTestTask.lambda$executeRecursively$9(NodeTestTask.java:144)
        at app//org.junit.platform.engine.support.hierarchical.NodeTestTask$$Lambda/0x00007ff60013f7e0.execute(Unknown Source)
        at app//org.junit.platform.engine.support.hierarchical.ThrowableCollector.execute(ThrowableCollector.java:73)
        at app//org.junit.platform.engine.support.hierarchical.NodeTestTask.executeRecursively(NodeTestTask.java:143)
        at app//org.junit.platform.engine.support.hierarchical.NodeTestTask.execute(NodeTestTask.java:100)
        at app//org.junit.platform.engine.support.hierarchical.SameThreadHierarchicalTestExecutorService$$Lambda/0x00007ff600140d20.accept(Unknown Source)
        at java.base@21.0.6/java.util.ArrayList.forEach(ArrayList.java:1596)
        at app//org.junit.platform.engine.support.hierarchical.SameThreadHierarchicalTestExecutorService.invokeAll(SameThreadHierarchicalTestExecutorService.java:41)
        at app//org.junit.platform.engine.support.hierarchical.NodeTestTask.lambda$executeRecursively$6(NodeTestTask.java:160)
        at app//org.junit.platform.engine.support.hierarchical.NodeTestTask$$Lambda/0x00007ff60013dc00.execute(Unknown Source)
        at app//org.junit.platform.engine.support.hierarchical.ThrowableCollector.execute(ThrowableCollector.java:73)
        at app//org.junit.platform.engine.support.hierarchical.NodeTestTask.lambda$executeRecursively$8(NodeTestTask.java:146)
        at app//org.junit.platform.engine.support.hierarchical.NodeTestTask$$Lambda/0x00007ff60013fbe8.invoke(Unknown Source)
        at app//org.junit.platform.engine.support.hierarchical.Node.around(Node.java:137)
        at app//org.junit.platform.engine.support.hierarchical.NodeTestTask.lambda$executeRecursively$9(NodeTestTask.java:144)
        at app//org.junit.platform.engine.support.hierarchical.NodeTestTask$$Lambda/0x00007ff60013f7e0.execute(Unknown Source)
        at app//org.junit.platform.engine.support.hierarchical.ThrowableCollector.execute(ThrowableCollector.java:73)
        at app//org.junit.platform.engine.support.hierarchical.NodeTestTask.executeRecursively(NodeTestTask.java:143)
        at app//org.junit.platform.engine.support.hierarchical.NodeTestTask.execute(NodeTestTask.java:100)
        at app//org.junit.platform.engine.support.hierarchical.SameThreadHierarchicalTestExecutorService$$Lambda/0x00007ff600140d20.accept(Unknown Source)
        at java.base@21.0.6/java.util.ArrayList.forEach(ArrayList.java:1596)
        at app//org.junit.platform.engine.support.hierarchical.SameThreadHierarchicalTestExecutorService.invokeAll(SameThreadHierarchicalTestExecutorService.java:41)
        at app//org.junit.platform.engine.support.hierarchical.NodeTestTask.lambda$executeRecursively$6(NodeTestTask.java:160)
        at app//org.junit.platform.engine.support.hierarchical.NodeTestTask$$Lambda/0x00007ff60013dc00.execute(Unknown Source)
        at app//org.junit.platform.engine.support.hierarchical.ThrowableCollector.execute(ThrowableCollector.java:73)
        at app//org.junit.platform.engine.support.hierarchical.NodeTestTask.lambda$executeRecursively$8(NodeTestTask.java:146)
        at app//org.junit.platform.engine.support.hierarchical.NodeTestTask$$Lambda/0x00007ff60013fbe8.invoke(Unknown Source)
        at app//org.junit.platform.engine.support.hierarchical.Node.around(Node.java:137)
        at app//org.junit.platform.engine.support.hierarchical.NodeTestTask.lambda$executeRecursively$9(NodeTestTask.java:144)
        at app//org.junit.platform.engine.support.hierarchical.NodeTestTask$$Lambda/0x00007ff60013f7e0.execute(Unknown Source)
        at app//org.junit.platform.engine.support.hierarchical.ThrowableCollector.execute(ThrowableCollector.java:73)
        at app//org.junit.platform.engine.support.hierarchical.NodeTestTask.executeRecursively(NodeTestTask.java:143)
        at app//org.junit.platform.engine.support.hierarchical.NodeTestTask.execute(NodeTestTask.java:100)
        at app//org.junit.platform.engine.support.hierarchical.SameThreadHierarchicalTestExecutorService.submit(SameThreadHierarchicalTestExecutorService.java:35)
        at app//org.junit.platform.engine.support.hierarchical.HierarchicalTestExecutor.execute(HierarchicalTestExecutor.java:57)
        at app//org.junit.platform.engine.support.hierarchical.HierarchicalTestEngine.execute(HierarchicalTestEngine.java:54)
        at app//org.junit.platform.launcher.core.EngineExecutionOrchestrator.execute(EngineExecutionOrchestrator.java:201)
        at app//org.junit.platform.launcher.core.EngineExecutionOrchestrator.execute(EngineExecutionOrchestrator.java:170)
        at app//org.junit.platform.launcher.core.EngineExecutionOrchestrator.execute(EngineExecutionOrchestrator.java:94)
        at app//org.junit.platform.launcher.core.EngineExecutionOrchestrator.lambda$execute$0(EngineExecutionOrchestrator.java:59)
        at app//org.junit.platform.launcher.core.EngineExecutionOrchestrator$$Lambda/0x00007ff600116a98.accept(Unknown Source)
        at app//org.junit.platform.launcher.core.EngineExecutionOrchestrator.withInterceptedStreams(EngineExecutionOrchestrator.java:142)
        at app//org.junit.platform.launcher.core.EngineExecutionOrchestrator.execute(EngineExecutionOrchestrator.java:58)
        at app//org.junit.platform.launcher.core.DefaultLauncher.execute(DefaultLauncher.java:103)
        at app//org.junit.platform.launcher.core.DefaultLauncher.execute(DefaultLauncher.java:85)
        at app//org.junit.platform.launcher.core.DelegatingLauncher.execute(DelegatingLauncher.java:47)
        at app//org.junit.platform.launcher.core.InterceptingLauncher.lambda$execute$1(InterceptingLauncher.java:39)
        at app//org.junit.platform.launcher.core.InterceptingLauncher$$Lambda/0x00007ff60009e968.proceed(Unknown Source)
        at app//org.junit.platform.launcher.core.ClasspathAlignmentCheckingLauncherInterceptor.intercept(ClasspathAlignmentCheckingLauncherInterceptor.java:25)
        at app//org.junit.platform.launcher.core.InterceptingLauncher.execute(InterceptingLauncher.java:38)
        at app//org.junit.platform.launcher.core.DelegatingLauncher.execute(DelegatingLauncher.java:47)
        at app//org.apache.maven.surefire.junitplatform.LazyLauncher.execute(LazyLauncher.java:56)
        at app//org.apache.maven.surefire.junitplatform.JUnitPlatformProvider.execute(JUnitPlatformProvider.java:184)
        at app//org.apache.maven.surefire.junitplatform.JUnitPlatformProvider.invokeAllTests(JUnitPlatformProvider.java:148)
        at app//org.apache.maven.surefire.junitplatform.JUnitPlatformProvider.invoke(JUnitPlatformProvider.java:120)
        at app//org.apache.maven.surefire.booter.ForkedBooter.runSuitesInProcess(ForkedBooter.java:385)
        at app//org.apache.maven.surefire.booter.ForkedBooter.execute(ForkedBooter.java:162)
        at app//org.apache.maven.surefire.booter.ForkedBooter.run(ForkedBooter.java:507)
        at app//org.apache.maven.surefire.booter.ForkedBooter.main(ForkedBooter.java:495)
"Common-Cleaner" daemon prio=8 tid=17 timed_waiting
java.lang.Thread.State: TIMED_WAITING
        at java.base@21.0.6/jdk.internal.misc.Unsafe.park(Native Method)
        at java.base@21.0.6/java.util.concurrent.locks.LockSupport.parkNanos(LockSupport.java:269)
        at java.base@21.0.6/java.util.concurrent.locks.AbstractQueuedSynchronizer$ConditionObject.await(AbstractQueuedSynchronizer.java:1852)
        at java.base@21.0.6/java.lang.ref.ReferenceQueue.await(ReferenceQueue.java:71)
        at java.base@21.0.6/java.lang.ref.ReferenceQueue.remove0(ReferenceQueue.java:143)
        at java.base@21.0.6/java.lang.ref.ReferenceQueue.remove(ReferenceQueue.java:218)
        at java.base@21.0.6/jdk.internal.ref.CleanerImpl.run(CleanerImpl.java:140)
        at java.base@21.0.6/java.lang.Thread.runWith(Thread.java:1596)
        at java.base@21.0.6/java.lang.Thread.run(Thread.java:1583)
        at java.base@21.0.6/jdk.internal.misc.InnocuousThread.run(InnocuousThread.java:186)
"surefire-process-checker" daemon prio=5 tid=26 timed_waiting
java.lang.Thread.State: TIMED_WAITING
        at java.base@21.0.6/jdk.internal.misc.Unsafe.park(Native Method)
        at java.base@21.0.6/java.util.concurrent.locks.LockSupport.parkNanos(LockSupport.java:269)
        at java.base@21.0.6/java.util.concurrent.locks.AbstractQueuedSynchronizer$ConditionObject.awaitNanos(AbstractQueuedSynchronizer.java:1763)
        at java.base@21.0.6/java.util.concurrent.ScheduledThreadPoolExecutor$DelayedWorkQueue.take(ScheduledThreadPoolExecutor.java:1182)
        at java.base@21.0.6/java.util.concurrent.ScheduledThreadPoolExecutor$DelayedWorkQueue.take(ScheduledThreadPoolExecutor.java:899)
        at java.base@21.0.6/java.util.concurrent.ThreadPoolExecutor.getTask(ThreadPoolExecutor.java:1070)
        at java.base@21.0.6/java.util.concurrent.ThreadPoolExecutor.runWorker(ThreadPoolExecutor.java:1130)
        at java.base@21.0.6/java.util.concurrent.ThreadPoolExecutor$Worker.run(ThreadPoolExecutor.java:642)
        at java.base@21.0.6/java.lang.Thread.runWith(Thread.java:1596)
        at java.base@21.0.6/java.lang.Thread.run(Thread.java:1583)
"surefire-forkedjvm-command-thread" daemon prio=5 tid=25 runnable
java.lang.Thread.State: RUNNABLE
        at java.base@21.0.6/java.io.FileInputStream.readBytes(Native Method)
        at java.base@21.0.6/java.io.FileInputStream.read(FileInputStream.java:287)
        at java.base@21.0.6/java.io.BufferedInputStream.read1(BufferedInputStream.java:345)
        at java.base@21.0.6/java.io.BufferedInputStream.implRead(BufferedInputStream.java:420)
        at java.base@21.0.6/java.io.BufferedInputStream.read(BufferedInputStream.java:399)
        at java.base@21.0.6/java.io.BufferedInputStream.fill(BufferedInputStream.java:291)
        at java.base@21.0.6/java.io.BufferedInputStream.read1(BufferedInputStream.java:347)
        at java.base@21.0.6/java.io.BufferedInputStream.implRead(BufferedInputStream.java:420)
        at java.base@21.0.6/java.io.BufferedInputStream.read(BufferedInputStream.java:399)
        at app//org.apache.maven.surefire.api.util.internal.Channels$3.readImpl(Channels.java:169)
        at app//org.apache.maven.surefire.api.util.internal.AbstractNoninterruptibleReadableChannel.read(AbstractNoninterruptibleReadableChannel.java:50)
        at app//org.apache.maven.surefire.api.stream.AbstractStreamDecoder.read(AbstractStreamDecoder.java:430)
        at app//org.apache.maven.surefire.api.stream.AbstractStreamDecoder.read(AbstractStreamDecoder.java:419)
        at app//org.apache.maven.surefire.api.stream.AbstractStreamDecoder.readMessageType(AbstractStreamDecoder.java:116)
        at app//org.apache.maven.surefire.booter.stream.CommandDecoder.decode(CommandDecoder.java:77)
        at app//org.apache.maven.surefire.booter.spi.CommandChannelDecoder.decode(CommandChannelDecoder.java:60)
        at app//org.apache.maven.surefire.booter.CommandReader$CommandRunnable.run(CommandReader.java:290)
        at java.base@21.0.6/java.lang.Thread.runWith(Thread.java:1596)
        at java.base@21.0.6/java.lang.Thread.run(Thread.java:1583)
"BlockDeletingService#0" daemon prio=5 tid=126 timed_waiting
java.lang.Thread.State: TIMED_WAITING
        at java.base@21.0.6/jdk.internal.misc.Unsafe.park(Native Method)
        at java.base@21.0.6/java.util.concurrent.locks.LockSupport.parkNanos(LockSupport.java:269)
        at java.base@21.0.6/java.util.concurrent.locks.AbstractQueuedSynchronizer$ConditionObject.awaitNanos(AbstractQueuedSynchronizer.java:1763)
        at java.base@21.0.6/java.util.concurrent.ScheduledThreadPoolExecutor$DelayedWorkQueue.take(ScheduledThreadPoolExecutor.java:1182)
        at java.base@21.0.6/java.util.concurrent.ScheduledThreadPoolExecutor$DelayedWorkQueue.take(ScheduledThreadPoolExecutor.java:899)
        at java.base@21.0.6/java.util.concurrent.ThreadPoolExecutor.getTask(ThreadPoolExecutor.java:1070)
        at java.base@21.0.6/java.util.concurrent.ThreadPoolExecutor.runWorker(ThreadPoolExecutor.java:1130)
        at java.base@21.0.6/java.util.concurrent.ThreadPoolExecutor$Worker.run(ThreadPoolExecutor.java:642)
        at java.base@21.0.6/java.lang.Thread.runWith(Thread.java:1596)
        at java.base@21.0.6/java.lang.Thread.run(Thread.java:1583)
"surefire-forkedjvm-ping-30s" daemon prio=5 tid=27 timed_waiting
java.lang.Thread.State: TIMED_WAITING
        at java.base@21.0.6/jdk.internal.misc.Unsafe.park(Native Method)
        at java.base@21.0.6/java.util.concurrent.locks.LockSupport.parkNanos(LockSupport.java:269)
        at java.base@21.0.6/java.util.concurrent.locks.AbstractQueuedSynchronizer$ConditionObject.awaitNanos(AbstractQueuedSynchronizer.java:1763)
        at java.base@21.0.6/java.util.concurrent.ScheduledThreadPoolExecutor$DelayedWorkQueue.take(ScheduledThreadPoolExecutor.java:1182)
        at java.base@21.0.6/java.util.concurrent.ScheduledThreadPoolExecutor$DelayedWorkQueue.take(ScheduledThreadPoolExecutor.java:899)
        at java.base@21.0.6/java.util.concurrent.ThreadPoolExecutor.getTask(ThreadPoolExecutor.java:1070)
        at java.base@21.0.6/java.util.concurrent.ThreadPoolExecutor.runWorker(ThreadPoolExecutor.java:1130)
        at java.base@21.0.6/java.util.concurrent.ThreadPoolExecutor$Worker.run(ThreadPoolExecutor.java:642)
        at java.base@21.0.6/java.lang.Thread.runWith(Thread.java:1596)
        at java.base@21.0.6/java.lang.Thread.run(Thread.java:1583)
"process reaper" daemon prio=10 tid=29 timed_waiting
java.lang.Thread.State: TIMED_WAITING
        at java.base@21.0.6/jdk.internal.misc.Unsafe.park(Native Method)
        at java.base@21.0.6/java.util.concurrent.locks.LockSupport.parkNanos(LockSupport.java:410)
        at java.base@21.0.6/java.util.concurrent.LinkedTransferQueue$DualNode.await(LinkedTransferQueue.java:452)
        at java.base@21.0.6/java.util.concurrent.SynchronousQueue$Transferer.xferLifo(SynchronousQueue.java:194)
        at java.base@21.0.6/java.util.concurrent.SynchronousQueue.xfer(SynchronousQueue.java:235)
        at java.base@21.0.6/java.util.concurrent.SynchronousQueue.poll(SynchronousQueue.java:338)
        at java.base@21.0.6/java.util.concurrent.ThreadPoolExecutor.getTask(ThreadPoolExecutor.java:1069)
        at java.base@21.0.6/java.util.concurrent.ThreadPoolExecutor.runWorker(ThreadPoolExecutor.java:1130)
        at java.base@21.0.6/java.util.concurrent.ThreadPoolExecutor$Worker.run(ThreadPoolExecutor.java:642)
        at java.base@21.0.6/java.lang.Thread.runWith(Thread.java:1596)
        at java.base@21.0.6/java.lang.Thread.run(Thread.java:1583)
        at java.base@21.0.6/jdk.internal.misc.InnocuousThread.run(InnocuousThread.java:186)
"Finalizer" daemon prio=8 tid=10 in Object.wait()
java.lang.Thread.State: WAITING (on object monitor)
        at java.base@21.0.6/java.lang.Object.wait0(Native Method)
        at java.base@21.0.6/java.lang.Object.wait(Object.java:366)
        at java.base@21.0.6/java.lang.Object.wait(Object.java:339)
        at java.base@21.0.6/java.lang.ref.NativeReferenceQueue.await(NativeReferenceQueue.java:48)
        at java.base@21.0.6/java.lang.ref.ReferenceQueue.remove0(ReferenceQueue.java:158)
        at java.base@21.0.6/java.lang.ref.NativeReferenceQueue.remove(NativeReferenceQueue.java:89)
        at java.base@21.0.6/java.lang.ref.Finalizer$FinalizerThread.run(Finalizer.java:173)
"BlockDeletingService#2" daemon prio=5 tid=128 in Object.wait()
java.lang.Thread.State: WAITING (on object monitor)
        at java.base@21.0.6/jdk.internal.misc.Unsafe.park(Native Method)
        at java.base@21.0.6/java.util.concurrent.locks.LockSupport.park(LockSupport.java:371)
        at java.base@21.0.6/java.util.concurrent.locks.AbstractQueuedSynchronizer$ConditionNode.block(AbstractQueuedSynchronizer.java:519)
        at java.base@21.0.6/java.util.concurrent.ForkJoinPool.unmanagedBlock(ForkJoinPool.java:3780)
        at java.base@21.0.6/java.util.concurrent.ForkJoinPool.managedBlock(ForkJoinPool.java:3725)
        at java.base@21.0.6/java.util.concurrent.locks.AbstractQueuedSynchronizer$ConditionObject.await(AbstractQueuedSynchronizer.java:1712)
        at java.base@21.0.6/java.util.concurrent.ScheduledThreadPoolExecutor$DelayedWorkQueue.take(ScheduledThreadPoolExecutor.java:1177)
        at java.base@21.0.6/java.util.concurrent.ScheduledThreadPoolExecutor$DelayedWorkQueue.take(ScheduledThreadPoolExecutor.java:899)
        at java.base@21.0.6/java.util.concurrent.ThreadPoolExecutor.getTask(ThreadPoolExecutor.java:1070)
        at java.base@21.0.6/java.util.concurrent.ThreadPoolExecutor.runWorker(ThreadPoolExecutor.java:1130)
        at java.base@21.0.6/java.util.concurrent.ThreadPoolExecutor$Worker.run(ThreadPoolExecutor.java:642)
        at java.base@21.0.6/java.lang.Thread.runWith(Thread.java:1596)
        at java.base@21.0.6/java.lang.Thread.run(Thread.java:1583)
"Reference Handler" daemon prio=10 tid=9 runnable
java.lang.Thread.State: RUNNABLE
        at java.base@21.0.6/java.lang.ref.Reference.waitForReferencePendingList(Native Method)
        at java.base@21.0.6/java.lang.ref.Reference.processPendingReferences(Reference.java:246)
        at java.base@21.0.6/java.lang.ref.Reference$ReferenceHandler.run(Reference.java:208)
"surefire-forkedjvm-stream-flusher" daemon prio=5 tid=23 timed_waiting
java.lang.Thread.State: TIMED_WAITING
        at java.base@21.0.6/jdk.internal.misc.Unsafe.park(Native Method)
        at java.base@21.0.6/java.util.concurrent.locks.LockSupport.parkNanos(LockSupport.java:269)
        at java.base@21.0.6/java.util.concurrent.locks.AbstractQueuedSynchronizer$ConditionObject.awaitNanos(AbstractQueuedSynchronizer.java:1763)
        at java.base@21.0.6/java.util.concurrent.ScheduledThreadPoolExecutor$DelayedWorkQueue.take(ScheduledThreadPoolExecutor.java:1182)
        at java.base@21.0.6/java.util.concurrent.ScheduledThreadPoolExecutor$DelayedWorkQueue.take(ScheduledThreadPoolExecutor.java:899)
        at java.base@21.0.6/java.util.concurrent.ThreadPoolExecutor.getTask(ThreadPoolExecutor.java:1070)
        at java.base@21.0.6/java.util.concurrent.ThreadPoolExecutor.runWorker(ThreadPoolExecutor.java:1130)
        at java.base@21.0.6/java.util.concurrent.ThreadPoolExecutor$Worker.run(ThreadPoolExecutor.java:642)
        at java.base@21.0.6/java.lang.Thread.runWith(Thread.java:1596)
        at java.base@21.0.6/java.lang.Thread.run(Thread.java:1583)
"Signal Dispatcher" daemon prio=9 tid=11 runnable
java.lang.Thread.State: RUNNABLE
"Attach Listener" daemon prio=9 tid=37 runnable
java.lang.Thread.State: RUNNABLE
"LeakDetector-ManagedRocksObject0" daemon prio=5 tid=35 in Object.wait()
java.lang.Thread.State: WAITING (on object monitor)
        at java.base@21.0.6/jdk.internal.misc.Unsafe.park(Native Method)
        at java.base@21.0.6/java.util.concurrent.locks.LockSupport.park(LockSupport.java:371)
        at java.base@21.0.6/java.util.concurrent.locks.AbstractQueuedSynchronizer$ConditionNode.block(AbstractQueuedSynchronizer.java:519)
        at java.base@21.0.6/java.util.concurrent.ForkJoinPool.unmanagedBlock(ForkJoinPool.java:3780)
        at java.base@21.0.6/java.util.concurrent.ForkJoinPool.managedBlock(ForkJoinPool.java:3725)
        at java.base@21.0.6/java.util.concurrent.locks.AbstractQueuedSynchronizer$ConditionObject.await(AbstractQueuedSynchronizer.java:1712)
        at java.base@21.0.6/java.lang.ref.ReferenceQueue.await(ReferenceQueue.java:67)
        at java.base@21.0.6/java.lang.ref.ReferenceQueue.remove0(ReferenceQueue.java:158)
        at java.base@21.0.6/java.lang.ref.ReferenceQueue.remove(ReferenceQueue.java:234)
        at app//org.apache.hadoop.hdds.utils.LeakDetector.run(LeakDetector.java:79)
        at app//org.apache.hadoop.hdds.utils.LeakDetector$$Lambda/0x00007ff60024ede8.run(Unknown Source)
        at java.base@21.0.6/java.lang.Thread.runWith(Thread.java:1596)
        at java.base@21.0.6/java.lang.Thread.run(Thread.java:1583)
"junit-jupiter-timeout-watcher"  prio=10 tid=36 timed_waiting
java.lang.Thread.State: TIMED_WAITING
        at java.base@21.0.6/jdk.internal.misc.Unsafe.park(Native Method)
        at java.base@21.0.6/java.util.concurrent.locks.LockSupport.parkNanos(LockSupport.java:269)
        at java.base@21.0.6/java.util.concurrent.locks.AbstractQueuedSynchronizer$ConditionObject.awaitNanos(AbstractQueuedSynchronizer.java:1763)
        at java.base@21.0.6/java.util.concurrent.ScheduledThreadPoolExecutor$DelayedWorkQueue.take(ScheduledThreadPoolExecutor.java:1182)
        at java.base@21.0.6/java.util.concurrent.ScheduledThreadPoolExecutor$DelayedWorkQueue.take(ScheduledThreadPoolExecutor.java:899)
        at java.base@21.0.6/java.util.concurrent.ThreadPoolExecutor.getTask(ThreadPoolExecutor.java:1070)
        at java.base@21.0.6/java.util.concurrent.ThreadPoolExecutor.runWorker(ThreadPoolExecutor.java:1130)
        at java.base@21.0.6/java.util.concurrent.ThreadPoolExecutor$Worker.run(ThreadPoolExecutor.java:642)
        at java.base@21.0.6/java.lang.Thread.runWith(Thread.java:1596)
        at java.base@21.0.6/java.lang.Thread.run(Thread.java:1583)

]]></system-err>
  </testcase>
  <testcase name="testBlockDeletionTimeout(ContainerTestVersionInfo)[3]" classname="org.apache.hadoop.ozone.container.common.TestBlockDeletingService" time="0.243">
    <system-out><![CDATA[2025-03-05 12:57:55,352 [main] INFO  db.CodecBuffer (CodecBuffer.java:set(62)) - Successfully set constructor to LeakDetector::newCodecBuffer: org.apache.hadoop.hdds.utils.db.CodecBuffer$$Lambda/0x00007ff600206790@3b809711
2025-03-05 12:57:55,363 [main] INFO  volume.HddsVolume (HddsVolume.java:<init>(132)) - Creating HddsVolume: /tmp/junit-936898718669084154/hdds of storage type: DISK, capacity=9222449699674390527, used=0, available=9222449699674390527
2025-03-05 12:57:55,364 [main] INFO  volume.MutableVolumeSet (MutableVolumeSet.java:initializeVolumeSet(169)) - Added Volume : /tmp/junit-936898718669084154/hdds to VolumeSet
2025-03-05 12:57:55,394 [main] INFO  utils.DatanodeStoreCache (DatanodeStoreCache.java:addDB(71)) - Added db /tmp/junit-936898718669084154/hdds/4f637533-90ae-47d4-ae59-6c2dd543a44f/DS-7fb34d48-933d-417f-ad87-92420d64b60e/container.db to cache
2025-03-05 12:57:55,394 [main] INFO  volume.HddsVolume (HddsVolume.java:createDbStore(446)) - SchemaV3 db is created and loaded at /tmp/junit-936898718669084154/hdds/4f637533-90ae-47d4-ae59-6c2dd543a44f/DS-7fb34d48-933d-417f-ad87-92420d64b60e/container.db for volume DS-7fb34d48-933d-417f-ad87-92420d64b60e
2025-03-05 12:57:55,396 [main] INFO  impl.FilePerChunkStrategy (FilePerChunkStrategy.java:<init>(79)) - ozone.chunk.read.mapped.buffer.max.count is load with 0
2025-03-05 12:57:55,437 [main] INFO  impl.FilePerChunkStrategy (FilePerChunkStrategy.java:<init>(79)) - ozone.chunk.read.mapped.buffer.max.count is load with 0
2025-03-05 12:57:55,437 [main] INFO  impl.FilePerBlockStrategy (FilePerBlockStrategy.java:<init>(87)) - ozone.chunk.read.mapped.buffer.max.count is load with 0
2025-03-05 12:57:55,439 [BlockDeletingService#0] INFO  interfaces.ContainerDeletionChoosingPolicyTemplate (ContainerDeletionChoosingPolicyTemplate.java:chooseContainerForBlockDeletion(83)) - Chosen 3/0 blocks from 1 candidate containers.
2025-03-05 12:57:55,441 [BlockDeletingService#1] INFO  impl.FilePerChunkStrategy (FilePerChunkStrategy.java:deleteChunk(327)) - Deleted chunk file /tmp/junit-936898718669084154/hdds/4f637533-90ae-47d4-ae59-6c2dd543a44f/current/containerDir1/114109938100339572/chunks/114109938101977973_chunk_0_block_0 (size 100) for chunk ChunkInfo{chunkName='114109938101977973_chunk_0_block_0, offset=0, len=100}
2025-03-05 12:57:55,441 [BlockDeletingService#1] INFO  impl.FilePerChunkStrategy (FilePerChunkStrategy.java:deleteChunk(327)) - Deleted chunk file /tmp/junit-936898718669084154/hdds/4f637533-90ae-47d4-ae59-6c2dd543a44f/current/containerDir1/114109938100339572/chunks/114109938102109046_chunk_0_block_1 (size 100) for chunk ChunkInfo{chunkName='114109938102109046_chunk_0_block_1, offset=0, len=100}
2025-03-05 12:57:55,441 [BlockDeletingService#1] INFO  impl.FilePerChunkStrategy (FilePerChunkStrategy.java:deleteChunk(327)) - Deleted chunk file /tmp/junit-936898718669084154/hdds/4f637533-90ae-47d4-ae59-6c2dd543a44f/current/containerDir1/114109938100339572/chunks/114109938102174583_chunk_0_block_2 (size 100) for chunk ChunkInfo{chunkName='114109938102174583_chunk_0_block_2, offset=0, len=100}
2025-03-05 12:57:55,448 [BlockDeletingService#1] WARN  utils.BackgroundService (BackgroundService.java:lambda$run$0(151)) - BlockDeletingService Background task execution took 7715275ns > 1ns(timeout)
2025-03-05 12:57:55,539 [main] INFO  utils.BackgroundService (BackgroundService.java:shutdown(162)) - Shutting down service BlockDeletingService
2025-03-05 12:57:55,540 [main] INFO  impl.FilePerChunkStrategy (FilePerChunkStrategy.java:<init>(79)) - ozone.chunk.read.mapped.buffer.max.count is load with 0
2025-03-05 12:57:55,588 [main] INFO  utils.BackgroundService (BackgroundService.java:shutdown(162)) - Shutting down service BlockDeletingService
2025-03-05 12:57:55,588 [BlockDeletingService#0] INFO  interfaces.ContainerDeletionChoosingPolicyTemplate (ContainerDeletionChoosingPolicyTemplate.java:chooseContainerForBlockDeletion(83)) - Chosen 3/0 blocks from 1 candidate containers.
]]></system-out>
  </testcase>
  <testcase name="testBlockDeletionTimeout(ContainerTestVersionInfo)[4]" classname="org.apache.hadoop.ozone.container.common.TestBlockDeletingService" time="0.18">
    <system-out><![CDATA[2025-03-05 12:57:55,597 [main] INFO  db.CodecBuffer (CodecBuffer.java:set(62)) - Successfully set constructor to LeakDetector::newCodecBuffer: org.apache.hadoop.hdds.utils.db.CodecBuffer$$Lambda/0x00007ff600206790@3b809711
2025-03-05 12:57:55,607 [main] INFO  volume.HddsVolume (HddsVolume.java:<init>(132)) - Creating HddsVolume: /tmp/junit-6951387703186914937/hdds of storage type: DISK, capacity=9222449699674390527, used=0, available=9222449699674390527
2025-03-05 12:57:55,608 [main] INFO  volume.MutableVolumeSet (MutableVolumeSet.java:initializeVolumeSet(169)) - Added Volume : /tmp/junit-6951387703186914937/hdds to VolumeSet
2025-03-05 12:57:55,636 [main] INFO  utils.DatanodeStoreCache (DatanodeStoreCache.java:addDB(71)) - Added db /tmp/junit-6951387703186914937/hdds/76136a73-8e68-472d-8ea4-692a875c0038/DS-788b4023-21e8-43af-9b62-4cd9ab1c890d/container.db to cache
2025-03-05 12:57:55,636 [main] INFO  volume.HddsVolume (HddsVolume.java:createDbStore(446)) - SchemaV3 db is created and loaded at /tmp/junit-6951387703186914937/hdds/76136a73-8e68-472d-8ea4-692a875c0038/DS-788b4023-21e8-43af-9b62-4cd9ab1c890d/container.db for volume DS-788b4023-21e8-43af-9b62-4cd9ab1c890d
2025-03-05 12:57:55,637 [main] INFO  impl.FilePerChunkStrategy (FilePerChunkStrategy.java:<init>(79)) - ozone.chunk.read.mapped.buffer.max.count is load with 0
2025-03-05 12:57:55,653 [main] INFO  impl.FilePerChunkStrategy (FilePerChunkStrategy.java:<init>(79)) - ozone.chunk.read.mapped.buffer.max.count is load with 0
2025-03-05 12:57:55,653 [main] INFO  impl.FilePerBlockStrategy (FilePerBlockStrategy.java:<init>(87)) - ozone.chunk.read.mapped.buffer.max.count is load with 0
2025-03-05 12:57:55,656 [BlockDeletingService#0] INFO  interfaces.ContainerDeletionChoosingPolicyTemplate (ContainerDeletionChoosingPolicyTemplate.java:chooseContainerForBlockDeletion(83)) - Chosen 3/0 blocks from 1 candidate containers.
2025-03-05 12:57:55,658 [BlockDeletingService#1] INFO  impl.FilePerChunkStrategy (FilePerChunkStrategy.java:deleteChunk(327)) - Deleted chunk file /tmp/junit-6951387703186914937/hdds/76136a73-8e68-472d-8ea4-692a875c0038/current/containerDir1/114109938116068220/chunks/114109938116199293_chunk_0_block_0 (size 100) for chunk ChunkInfo{chunkName='114109938116199293_chunk_0_block_0, offset=0, len=100}
2025-03-05 12:57:55,658 [BlockDeletingService#1] INFO  impl.FilePerChunkStrategy (FilePerChunkStrategy.java:deleteChunk(327)) - Deleted chunk file /tmp/junit-6951387703186914937/hdds/76136a73-8e68-472d-8ea4-692a875c0038/current/containerDir1/114109938116068220/chunks/114109938116264830_chunk_0_block_1 (size 100) for chunk ChunkInfo{chunkName='114109938116264830_chunk_0_block_1, offset=0, len=100}
2025-03-05 12:57:55,658 [BlockDeletingService#1] INFO  impl.FilePerChunkStrategy (FilePerChunkStrategy.java:deleteChunk(327)) - Deleted chunk file /tmp/junit-6951387703186914937/hdds/76136a73-8e68-472d-8ea4-692a875c0038/current/containerDir1/114109938116068220/chunks/114109938116330367_chunk_0_block_2 (size 100) for chunk ChunkInfo{chunkName='114109938116330367_chunk_0_block_2, offset=0, len=100}
2025-03-05 12:57:55,659 [BlockDeletingService#1] WARN  utils.BackgroundService (BackgroundService.java:lambda$run$0(151)) - BlockDeletingService Background task execution took 2391417ns > 1ns(timeout)
2025-03-05 12:57:55,755 [main] INFO  utils.BackgroundService (BackgroundService.java:shutdown(162)) - Shutting down service BlockDeletingService
2025-03-05 12:57:55,756 [main] INFO  impl.FilePerChunkStrategy (FilePerChunkStrategy.java:<init>(79)) - ozone.chunk.read.mapped.buffer.max.count is load with 0
2025-03-05 12:57:55,772 [main] INFO  utils.BackgroundService (BackgroundService.java:shutdown(162)) - Shutting down service BlockDeletingService
2025-03-05 12:57:55,772 [BlockDeletingService#0] INFO  interfaces.ContainerDeletionChoosingPolicyTemplate (ContainerDeletionChoosingPolicyTemplate.java:chooseContainerForBlockDeletion(83)) - Chosen 3/0 blocks from 1 candidate containers.
]]></system-out>
  </testcase>
  <testcase name="testBlockDeletionTimeout(ContainerTestVersionInfo)[5]" classname="org.apache.hadoop.ozone.container.common.TestBlockDeletingService" time="0.245">
    <system-out><![CDATA[2025-03-05 12:57:55,778 [main] INFO  db.CodecBuffer (CodecBuffer.java:set(62)) - Successfully set constructor to LeakDetector::newCodecBuffer: org.apache.hadoop.hdds.utils.db.CodecBuffer$$Lambda/0x00007ff600206790@3b809711
2025-03-05 12:57:55,787 [main] INFO  volume.HddsVolume (HddsVolume.java:<init>(132)) - Creating HddsVolume: /tmp/junit-2869304464781773176/hdds of storage type: DISK, capacity=9222449699674390527, used=0, available=9222449699674390527
2025-03-05 12:57:55,789 [main] INFO  volume.MutableVolumeSet (MutableVolumeSet.java:initializeVolumeSet(169)) - Added Volume : /tmp/junit-2869304464781773176/hdds to VolumeSet
2025-03-05 12:57:55,819 [main] INFO  utils.DatanodeStoreCache (DatanodeStoreCache.java:addDB(71)) - Added db /tmp/junit-2869304464781773176/hdds/a7c19689-daf8-4cd3-b9c2-776068607def/DS-a02ee564-67fd-4771-bdae-b0f909cb7ddb/container.db to cache
2025-03-05 12:57:55,820 [main] INFO  volume.HddsVolume (HddsVolume.java:createDbStore(446)) - SchemaV3 db is created and loaded at /tmp/junit-2869304464781773176/hdds/a7c19689-daf8-4cd3-b9c2-776068607def/DS-a02ee564-67fd-4771-bdae-b0f909cb7ddb/container.db for volume DS-a02ee564-67fd-4771-bdae-b0f909cb7ddb
2025-03-05 12:57:55,821 [main] INFO  impl.FilePerBlockStrategy (FilePerBlockStrategy.java:<init>(87)) - ozone.chunk.read.mapped.buffer.max.count is load with 0
2025-03-05 12:57:55,868 [main] INFO  impl.FilePerChunkStrategy (FilePerChunkStrategy.java:<init>(79)) - ozone.chunk.read.mapped.buffer.max.count is load with 0
2025-03-05 12:57:55,868 [main] INFO  impl.FilePerBlockStrategy (FilePerBlockStrategy.java:<init>(87)) - ozone.chunk.read.mapped.buffer.max.count is load with 0
2025-03-05 12:57:55,871 [BlockDeletingService#0] INFO  interfaces.ContainerDeletionChoosingPolicyTemplate (ContainerDeletionChoosingPolicyTemplate.java:chooseContainerForBlockDeletion(83)) - Chosen 3/0 blocks from 1 candidate containers.
2025-03-05 12:57:55,872 [BlockDeletingService#1] INFO  impl.FilePerBlockStrategy (FilePerBlockStrategy.java:deleteChunk(278)) - Deleted block file: /tmp/junit-2869304464781773176/hdds/a7c19689-daf8-4cd3-b9c2-776068607def/current/containerDir1/114109938128126852/chunks/114109938130289541.block
2025-03-05 12:57:55,872 [BlockDeletingService#1] INFO  impl.FilePerBlockStrategy (FilePerBlockStrategy.java:deleteChunk(278)) - Deleted block file: /tmp/junit-2869304464781773176/hdds/a7c19689-daf8-4cd3-b9c2-776068607def/current/containerDir1/114109938128126852/chunks/114109938130355078.block
2025-03-05 12:57:55,872 [BlockDeletingService#1] INFO  impl.FilePerBlockStrategy (FilePerBlockStrategy.java:deleteChunk(278)) - Deleted block file: /tmp/junit-2869304464781773176/hdds/a7c19689-daf8-4cd3-b9c2-776068607def/current/containerDir1/114109938128126852/chunks/114109938130420615.block
2025-03-05 12:57:55,872 [BlockDeletingService#1] WARN  utils.BackgroundService (BackgroundService.java:lambda$run$0(151)) - BlockDeletingService Background task execution took 1293867ns > 1ns(timeout)
2025-03-05 12:57:55,970 [main] INFO  utils.BackgroundService (BackgroundService.java:shutdown(162)) - Shutting down service BlockDeletingService
2025-03-05 12:57:55,971 [main] INFO  impl.FilePerBlockStrategy (FilePerBlockStrategy.java:<init>(87)) - ozone.chunk.read.mapped.buffer.max.count is load with 0
2025-03-05 12:57:55,981 [BlockDeletingService#0] INFO  interfaces.ContainerDeletionChoosingPolicyTemplate (ContainerDeletionChoosingPolicyTemplate.java:chooseContainerForBlockDeletion(83)) - Chosen 0/3 blocks from 0 candidate containers.
2025-03-05 12:57:56,015 [main] INFO  utils.BackgroundService (BackgroundService.java:shutdown(162)) - Shutting down service BlockDeletingService
2025-03-05 12:57:56,015 [BlockDeletingService#0] INFO  interfaces.ContainerDeletionChoosingPolicyTemplate (ContainerDeletionChoosingPolicyTemplate.java:chooseContainerForBlockDeletion(83)) - Chosen 3/0 blocks from 1 candidate containers.
]]></system-out>
  </testcase>
  <testcase name="testBlockDeletionTimeout(ContainerTestVersionInfo)[6]" classname="org.apache.hadoop.ozone.container.common.TestBlockDeletingService" time="0.246">
    <system-out><![CDATA[2025-03-05 12:57:56,023 [main] INFO  db.CodecBuffer (CodecBuffer.java:set(62)) - Successfully set constructor to LeakDetector::newCodecBuffer: org.apache.hadoop.hdds.utils.db.CodecBuffer$$Lambda/0x00007ff600206790@3b809711
2025-03-05 12:57:56,033 [main] INFO  volume.HddsVolume (HddsVolume.java:<init>(132)) - Creating HddsVolume: /tmp/junit-17384361090719607261/hdds of storage type: DISK, capacity=9222449699674390527, used=0, available=9222449699674390527
2025-03-05 12:57:56,034 [main] INFO  volume.MutableVolumeSet (MutableVolumeSet.java:initializeVolumeSet(169)) - Added Volume : /tmp/junit-17384361090719607261/hdds to VolumeSet
2025-03-05 12:57:56,064 [main] INFO  utils.DatanodeStoreCache (DatanodeStoreCache.java:addDB(71)) - Added db /tmp/junit-17384361090719607261/hdds/1f1eea56-3a36-4c10-96ab-f45ad789b253/DS-c8494de5-1352-41d5-98da-d314d4485391/container.db to cache
2025-03-05 12:57:56,064 [main] INFO  volume.HddsVolume (HddsVolume.java:createDbStore(446)) - SchemaV3 db is created and loaded at /tmp/junit-17384361090719607261/hdds/1f1eea56-3a36-4c10-96ab-f45ad789b253/DS-c8494de5-1352-41d5-98da-d314d4485391/container.db for volume DS-c8494de5-1352-41d5-98da-d314d4485391
2025-03-05 12:57:56,065 [main] INFO  impl.FilePerBlockStrategy (FilePerBlockStrategy.java:<init>(87)) - ozone.chunk.read.mapped.buffer.max.count is load with 0
2025-03-05 12:57:56,106 [main] INFO  impl.FilePerChunkStrategy (FilePerChunkStrategy.java:<init>(79)) - ozone.chunk.read.mapped.buffer.max.count is load with 0
2025-03-05 12:57:56,106 [main] INFO  impl.FilePerBlockStrategy (FilePerBlockStrategy.java:<init>(87)) - ozone.chunk.read.mapped.buffer.max.count is load with 0
2025-03-05 12:57:56,108 [BlockDeletingService#0] INFO  interfaces.ContainerDeletionChoosingPolicyTemplate (ContainerDeletionChoosingPolicyTemplate.java:chooseContainerForBlockDeletion(83)) - Chosen 3/0 blocks from 1 candidate containers.
2025-03-05 12:57:56,109 [BlockDeletingService#0] INFO  impl.FilePerBlockStrategy (FilePerBlockStrategy.java:deleteChunk(278)) - Deleted block file: /tmp/junit-17384361090719607261/hdds/1f1eea56-3a36-4c10-96ab-f45ad789b253/current/containerDir129/114109938144183180/chunks/114109938145887117.block
2025-03-05 12:57:56,109 [BlockDeletingService#0] INFO  impl.FilePerBlockStrategy (FilePerBlockStrategy.java:deleteChunk(278)) - Deleted block file: /tmp/junit-17384361090719607261/hdds/1f1eea56-3a36-4c10-96ab-f45ad789b253/current/containerDir129/114109938144183180/chunks/114109938145952654.block
2025-03-05 12:57:56,109 [BlockDeletingService#0] INFO  impl.FilePerBlockStrategy (FilePerBlockStrategy.java:deleteChunk(278)) - Deleted block file: /tmp/junit-17384361090719607261/hdds/1f1eea56-3a36-4c10-96ab-f45ad789b253/current/containerDir129/114109938144183180/chunks/114109938146018191.block
2025-03-05 12:57:56,109 [BlockDeletingService#0] WARN  utils.BackgroundService (BackgroundService.java:lambda$run$0(151)) - BlockDeletingService Background task execution took 1105445ns > 1ns(timeout)
2025-03-05 12:57:56,207 [main] INFO  utils.BackgroundService (BackgroundService.java:shutdown(162)) - Shutting down service BlockDeletingService
2025-03-05 12:57:56,208 [main] INFO  impl.FilePerBlockStrategy (FilePerBlockStrategy.java:<init>(87)) - ozone.chunk.read.mapped.buffer.max.count is load with 0
2025-03-05 12:57:56,260 [main] INFO  utils.BackgroundService (BackgroundService.java:shutdown(162)) - Shutting down service BlockDeletingService
2025-03-05 12:57:56,260 [BlockDeletingService#0] INFO  interfaces.ContainerDeletionChoosingPolicyTemplate (ContainerDeletionChoosingPolicyTemplate.java:chooseContainerForBlockDeletion(83)) - Chosen 3/0 blocks from 1 candidate containers.
]]></system-out>
  </testcase>
  <testcase name="testBlockDeletionTimeout(ContainerTestVersionInfo)[7]" classname="org.apache.hadoop.ozone.container.common.TestBlockDeletingService" time="0.252">
    <system-out><![CDATA[2025-03-05 12:57:56,270 [main] INFO  db.CodecBuffer (CodecBuffer.java:set(62)) - Successfully set constructor to LeakDetector::newCodecBuffer: org.apache.hadoop.hdds.utils.db.CodecBuffer$$Lambda/0x00007ff600206790@3b809711
2025-03-05 12:57:56,285 [main] INFO  volume.HddsVolume (HddsVolume.java:<init>(132)) - Creating HddsVolume: /tmp/junit-857118370227653386/hdds of storage type: DISK, capacity=9222449699674390527, used=0, available=9222449699674390527
2025-03-05 12:57:56,287 [main] INFO  volume.MutableVolumeSet (MutableVolumeSet.java:initializeVolumeSet(169)) - Added Volume : /tmp/junit-857118370227653386/hdds to VolumeSet
2025-03-05 12:57:56,319 [main] INFO  utils.DatanodeStoreCache (DatanodeStoreCache.java:addDB(71)) - Added db /tmp/junit-857118370227653386/hdds/518c41ae-95a0-4dbf-9c66-dcbca642959c/DS-092d0f79-fc82-4ab5-be98-d8b9065e33ba/container.db to cache
2025-03-05 12:57:56,319 [main] INFO  volume.HddsVolume (HddsVolume.java:createDbStore(446)) - SchemaV3 db is created and loaded at /tmp/junit-857118370227653386/hdds/518c41ae-95a0-4dbf-9c66-dcbca642959c/DS-092d0f79-fc82-4ab5-be98-d8b9065e33ba/container.db for volume DS-092d0f79-fc82-4ab5-be98-d8b9065e33ba
2025-03-05 12:57:56,320 [main] INFO  impl.FilePerBlockStrategy (FilePerBlockStrategy.java:<init>(87)) - ozone.chunk.read.mapped.buffer.max.count is load with 0
2025-03-05 12:57:56,369 [main] INFO  impl.FilePerChunkStrategy (FilePerChunkStrategy.java:<init>(79)) - ozone.chunk.read.mapped.buffer.max.count is load with 0
2025-03-05 12:57:56,369 [main] INFO  impl.FilePerBlockStrategy (FilePerBlockStrategy.java:<init>(87)) - ozone.chunk.read.mapped.buffer.max.count is load with 0
2025-03-05 12:57:56,372 [BlockDeletingService#0] INFO  interfaces.ContainerDeletionChoosingPolicyTemplate (ContainerDeletionChoosingPolicyTemplate.java:chooseContainerForBlockDeletion(83)) - Chosen 3/0 blocks from 1 candidate containers.
2025-03-05 12:57:56,373 [BlockDeletingService#1] INFO  impl.FilePerBlockStrategy (FilePerBlockStrategy.java:deleteChunk(278)) - Deleted block file: /tmp/junit-857118370227653386/hdds/518c41ae-95a0-4dbf-9c66-dcbca642959c/current/containerDir129/114109938160829332/chunks/114109938163123093.block
2025-03-05 12:57:56,373 [BlockDeletingService#1] INFO  impl.FilePerBlockStrategy (FilePerBlockStrategy.java:deleteChunk(278)) - Deleted block file: /tmp/junit-857118370227653386/hdds/518c41ae-95a0-4dbf-9c66-dcbca642959c/current/containerDir129/114109938160829332/chunks/114109938163188630.block
2025-03-05 12:57:56,373 [BlockDeletingService#1] INFO  impl.FilePerBlockStrategy (FilePerBlockStrategy.java:deleteChunk(278)) - Deleted block file: /tmp/junit-857118370227653386/hdds/518c41ae-95a0-4dbf-9c66-dcbca642959c/current/containerDir129/114109938160829332/chunks/114109938163254167.block
2025-03-05 12:57:56,378 [BlockDeletingService#1] WARN  utils.BackgroundService (BackgroundService.java:lambda$run$0(151)) - BlockDeletingService Background task execution took 6323974ns > 1ns(timeout)
2025-03-05 12:57:56,471 [main] INFO  utils.BackgroundService (BackgroundService.java:shutdown(162)) - Shutting down service BlockDeletingService
2025-03-05 12:57:56,472 [main] INFO  impl.FilePerBlockStrategy (FilePerBlockStrategy.java:<init>(87)) - ozone.chunk.read.mapped.buffer.max.count is load with 0
2025-03-05 12:57:56,515 [main] INFO  utils.BackgroundService (BackgroundService.java:shutdown(162)) - Shutting down service BlockDeletingService
2025-03-05 12:57:56,516 [BlockDeletingService#0] INFO  interfaces.ContainerDeletionChoosingPolicyTemplate (ContainerDeletionChoosingPolicyTemplate.java:chooseContainerForBlockDeletion(83)) - Chosen 3/0 blocks from 1 candidate containers.
]]></system-out>
  </testcase>
  <testcase name="testBlockDeletionTimeout(ContainerTestVersionInfo)[8]" classname="org.apache.hadoop.ozone.container.common.TestBlockDeletingService" time="0.179">
    <system-out><![CDATA[2025-03-05 12:57:56,524 [main] INFO  db.CodecBuffer (CodecBuffer.java:set(62)) - Successfully set constructor to LeakDetector::newCodecBuffer: org.apache.hadoop.hdds.utils.db.CodecBuffer$$Lambda/0x00007ff600206790@3b809711
2025-03-05 12:57:56,534 [main] INFO  volume.HddsVolume (HddsVolume.java:<init>(132)) - Creating HddsVolume: /tmp/junit-7871014326722339632/hdds of storage type: DISK, capacity=9222449699674390527, used=0, available=9222449699674390527
2025-03-05 12:57:56,535 [main] INFO  volume.MutableVolumeSet (MutableVolumeSet.java:initializeVolumeSet(169)) - Added Volume : /tmp/junit-7871014326722339632/hdds to VolumeSet
2025-03-05 12:57:56,559 [main] INFO  utils.DatanodeStoreCache (DatanodeStoreCache.java:addDB(71)) - Added db /tmp/junit-7871014326722339632/hdds/e72868f7-1450-4f1b-97e8-5370e190f208/DS-960a4db3-4871-437d-bc7e-3c28f7bf5671/container.db to cache
2025-03-05 12:57:56,559 [main] INFO  volume.HddsVolume (HddsVolume.java:createDbStore(446)) - SchemaV3 db is created and loaded at /tmp/junit-7871014326722339632/hdds/e72868f7-1450-4f1b-97e8-5370e190f208/DS-960a4db3-4871-437d-bc7e-3c28f7bf5671/container.db for volume DS-960a4db3-4871-437d-bc7e-3c28f7bf5671
2025-03-05 12:57:56,561 [main] INFO  impl.FilePerBlockStrategy (FilePerBlockStrategy.java:<init>(87)) - ozone.chunk.read.mapped.buffer.max.count is load with 0
2025-03-05 12:57:56,577 [main] INFO  impl.FilePerChunkStrategy (FilePerChunkStrategy.java:<init>(79)) - ozone.chunk.read.mapped.buffer.max.count is load with 0
2025-03-05 12:57:56,577 [main] INFO  impl.FilePerBlockStrategy (FilePerBlockStrategy.java:<init>(87)) - ozone.chunk.read.mapped.buffer.max.count is load with 0
2025-03-05 12:57:56,579 [BlockDeletingService#0] INFO  interfaces.ContainerDeletionChoosingPolicyTemplate (ContainerDeletionChoosingPolicyTemplate.java:chooseContainerForBlockDeletion(83)) - Chosen 3/0 blocks from 1 candidate containers.
2025-03-05 12:57:56,581 [BlockDeletingService#1] INFO  impl.FilePerBlockStrategy (FilePerBlockStrategy.java:deleteChunk(278)) - Deleted block file: /tmp/junit-7871014326722339632/hdds/e72868f7-1450-4f1b-97e8-5370e190f208/current/containerDir129/114109938176557980/chunks/114109938176689053.block
2025-03-05 12:57:56,582 [BlockDeletingService#1] INFO  impl.FilePerBlockStrategy (FilePerBlockStrategy.java:deleteChunk(278)) - Deleted block file: /tmp/junit-7871014326722339632/hdds/e72868f7-1450-4f1b-97e8-5370e190f208/current/containerDir129/114109938176557980/chunks/114109938176820126.block
2025-03-05 12:57:56,582 [BlockDeletingService#1] INFO  impl.FilePerBlockStrategy (FilePerBlockStrategy.java:deleteChunk(278)) - Deleted block file: /tmp/junit-7871014326722339632/hdds/e72868f7-1450-4f1b-97e8-5370e190f208/current/containerDir129/114109938176557980/chunks/114109938176885663.block
2025-03-05 12:57:56,582 [BlockDeletingService#1] WARN  utils.BackgroundService (BackgroundService.java:lambda$run$0(151)) - BlockDeletingService Background task execution took 2343200ns > 1ns(timeout)
2025-03-05 12:57:56,679 [main] INFO  utils.BackgroundService (BackgroundService.java:shutdown(162)) - Shutting down service BlockDeletingService
2025-03-05 12:57:56,680 [main] INFO  impl.FilePerBlockStrategy (FilePerBlockStrategy.java:<init>(87)) - ozone.chunk.read.mapped.buffer.max.count is load with 0
2025-03-05 12:57:56,697 [main] INFO  utils.BackgroundService (BackgroundService.java:shutdown(162)) - Shutting down service BlockDeletingService
2025-03-05 12:57:56,697 [BlockDeletingService#0] INFO  interfaces.ContainerDeletionChoosingPolicyTemplate (ContainerDeletionChoosingPolicyTemplate.java:chooseContainerForBlockDeletion(83)) - Chosen 3/0 blocks from 1 candidate containers.
]]></system-out>
  </testcase>
  <testcase name="testBlockDeletion(ContainerTestVersionInfo)[1]" classname="org.apache.hadoop.ozone.container.common.TestBlockDeletingService" time="0.301">
    <failure message="expected: &lt;1&gt; but was: &lt;0&gt;" type="org.opentest4j.AssertionFailedError"><![CDATA[org.opentest4j.AssertionFailedError: expected: <1> but was: <0>
	at org.junit.jupiter.api.AssertionFailureBuilder.build(AssertionFailureBuilder.java:151)
	at org.junit.jupiter.api.AssertionFailureBuilder.buildAndThrow(AssertionFailureBuilder.java:132)
	at org.junit.jupiter.api.AssertEquals.failNotEqual(AssertEquals.java:197)
	at org.junit.jupiter.api.AssertEquals.assertEquals(AssertEquals.java:166)
	at org.junit.jupiter.api.AssertEquals.assertEquals(AssertEquals.java:161)
	at org.junit.jupiter.api.Assertions.assertEquals(Assertions.java:632)
	at org.apache.hadoop.ozone.container.common.TestBlockDeletingService.testBlockDeletion(TestBlockDeletingService.java:641)
	at java.base/java.lang.reflect.Method.invoke(Method.java:580)
	at java.base/java.util.Optional.ifPresent(Optional.java:178)
	at java.base/java.util.stream.ForEachOps$ForEachOp$OfRef.accept(ForEachOps.java:184)
	at java.base/java.util.stream.ReferencePipeline$3$1.accept(ReferencePipeline.java:197)
	at java.base/java.util.stream.ForEachOps$ForEachOp$OfRef.accept(ForEachOps.java:184)
	at java.base/java.util.stream.ForEachOps$ForEachOp$OfRef.accept(ForEachOps.java:184)
	at java.base/java.util.stream.ReferencePipeline$3$1.accept(ReferencePipeline.java:197)
	at java.base/java.util.ArrayList$ArrayListSpliterator.forEachRemaining(ArrayList.java:1708)
	at java.base/java.util.stream.ReferencePipeline$Head.forEach(ReferencePipeline.java:762)
	at java.base/java.util.stream.ReferencePipeline$7$1.accept(ReferencePipeline.java:276)
	at java.base/java.util.stream.ReferencePipeline$3$1.accept(ReferencePipeline.java:197)
	at java.base/java.util.stream.ReferencePipeline$3$1.accept(ReferencePipeline.java:197)
	at java.base/java.util.stream.ReferencePipeline$3$1.accept(ReferencePipeline.java:197)
	at java.base/java.util.Spliterators$ArraySpliterator.forEachRemaining(Spliterators.java:1024)
	at java.base/java.util.stream.AbstractPipeline.copyInto(AbstractPipeline.java:509)
	at java.base/java.util.stream.AbstractPipeline.wrapAndCopyInto(AbstractPipeline.java:499)
	at java.base/java.util.stream.ForEachOps$ForEachOp.evaluateSequential(ForEachOps.java:151)
	at java.base/java.util.stream.ForEachOps$ForEachOp$OfRef.evaluateSequential(ForEachOps.java:174)
	at java.base/java.util.stream.AbstractPipeline.evaluate(AbstractPipeline.java:234)
	at java.base/java.util.stream.ReferencePipeline.forEach(ReferencePipeline.java:596)
	at java.base/java.util.stream.ReferencePipeline$7$1.accept(ReferencePipeline.java:276)
	at java.base/java.util.ArrayList$ArrayListSpliterator.forEachRemaining(ArrayList.java:1708)
	at java.base/java.util.stream.AbstractPipeline.copyInto(AbstractPipeline.java:509)
	at java.base/java.util.stream.AbstractPipeline.wrapAndCopyInto(AbstractPipeline.java:499)
	at java.base/java.util.stream.ForEachOps$ForEachOp.evaluateSequential(ForEachOps.java:151)
	at java.base/java.util.stream.ForEachOps$ForEachOp$OfRef.evaluateSequential(ForEachOps.java:174)
	at java.base/java.util.stream.AbstractPipeline.evaluate(AbstractPipeline.java:234)
	at java.base/java.util.stream.ReferencePipeline.forEach(ReferencePipeline.java:596)
	at java.base/java.util.stream.ReferencePipeline$7$1.accept(ReferencePipeline.java:276)
	at java.base/java.util.stream.ReferencePipeline$3$1.accept(ReferencePipeline.java:197)
	at java.base/java.util.stream.ReferencePipeline$3$1.accept(ReferencePipeline.java:197)
	at java.base/java.util.stream.ReferencePipeline$3$1.accept(ReferencePipeline.java:197)
	at java.base/java.util.ArrayList$ArrayListSpliterator.forEachRemaining(ArrayList.java:1708)
	at java.base/java.util.stream.AbstractPipeline.copyInto(AbstractPipeline.java:509)
	at java.base/java.util.stream.AbstractPipeline.wrapAndCopyInto(AbstractPipeline.java:499)
	at java.base/java.util.stream.ForEachOps$ForEachOp.evaluateSequential(ForEachOps.java:151)
	at java.base/java.util.stream.ForEachOps$ForEachOp$OfRef.evaluateSequential(ForEachOps.java:174)
	at java.base/java.util.stream.AbstractPipeline.evaluate(AbstractPipeline.java:234)
	at java.base/java.util.stream.ReferencePipeline.forEach(ReferencePipeline.java:596)
	at java.base/java.util.ArrayList.forEach(ArrayList.java:1596)
	at java.base/java.util.ArrayList.forEach(ArrayList.java:1596)
]]></failure>
    <system-out><![CDATA[2025-03-05 12:57:56,706 [main] INFO  db.CodecBuffer (CodecBuffer.java:set(62)) - Successfully set constructor to LeakDetector::newCodecBuffer: org.apache.hadoop.hdds.utils.db.CodecBuffer$$Lambda/0x00007ff600206790@3b809711
2025-03-05 12:57:56,716 [main] INFO  volume.HddsVolume (HddsVolume.java:<init>(132)) - Creating HddsVolume: /tmp/junit-6857147399178018590/hdds of storage type: DISK, capacity=9222449699674390527, used=0, available=9222449699674390527
2025-03-05 12:57:56,717 [main] INFO  volume.MutableVolumeSet (MutableVolumeSet.java:initializeVolumeSet(169)) - Added Volume : /tmp/junit-6857147399178018590/hdds to VolumeSet
2025-03-05 12:57:56,742 [main] INFO  utils.DatanodeStoreCache (DatanodeStoreCache.java:addDB(71)) - Added db /tmp/junit-6857147399178018590/hdds/66987aac-1538-4621-8675-48261165241f/DS-d76c8605-3cd7-4b84-8e1c-69d68f2fcf7a/container.db to cache
2025-03-05 12:57:56,742 [main] INFO  volume.HddsVolume (HddsVolume.java:createDbStore(446)) - SchemaV3 db is created and loaded at /tmp/junit-6857147399178018590/hdds/66987aac-1538-4621-8675-48261165241f/DS-d76c8605-3cd7-4b84-8e1c-69d68f2fcf7a/container.db for volume DS-d76c8605-3cd7-4b84-8e1c-69d68f2fcf7a
2025-03-05 12:57:56,744 [main] INFO  impl.FilePerChunkStrategy (FilePerChunkStrategy.java:<init>(79)) - ozone.chunk.read.mapped.buffer.max.count is load with 0
2025-03-05 12:57:56,788 [main] INFO  impl.FilePerChunkStrategy (FilePerChunkStrategy.java:<init>(79)) - ozone.chunk.read.mapped.buffer.max.count is load with 0
2025-03-05 12:57:56,788 [main] INFO  impl.FilePerBlockStrategy (FilePerBlockStrategy.java:<init>(87)) - ozone.chunk.read.mapped.buffer.max.count is load with 0
2025-03-05 12:57:56,798 [BlockDeletingService#0] INFO  interfaces.ContainerDeletionChoosingPolicyTemplate (ContainerDeletionChoosingPolicyTemplate.java:chooseContainerForBlockDeletion(83)) - Chosen 2/0 blocks from 1 candidate containers.
2025-03-05 12:57:56,799 [BlockDeletingService#0] INFO  impl.FilePerChunkStrategy (FilePerChunkStrategy.java:deleteChunk(327)) - Deleted chunk file /tmp/junit-6857147399178018590/hdds/66987aac-1538-4621-8675-48261165241f/current/containerDir129/114109938188616612/chunks/114109938190517157_chunk_0_block_0 (size 100) for chunk ChunkInfo{chunkName='114109938190517157_chunk_0_block_0, offset=0, len=100}
2025-03-05 12:57:56,799 [BlockDeletingService#0] INFO  impl.FilePerChunkStrategy (FilePerChunkStrategy.java:deleteChunk(327)) - Deleted chunk file /tmp/junit-6857147399178018590/hdds/66987aac-1538-4621-8675-48261165241f/current/containerDir129/114109938188616612/chunks/114109938190582694_chunk_0_block_1 (size 100) for chunk ChunkInfo{chunkName='114109938190582694_chunk_0_block_1, offset=0, len=100}
2025-03-05 12:57:56,800 [BlockDeletingService#0] WARN  utils.BackgroundService (BackgroundService.java:lambda$run$0(151)) - BlockDeletingService Background task execution took 1627710ns > 0ns(timeout)
2025-03-05 12:57:56,899 [BlockDeletingService#1] INFO  interfaces.ContainerDeletionChoosingPolicyTemplate (ContainerDeletionChoosingPolicyTemplate.java:chooseContainerForBlockDeletion(83)) - Chosen 1/1 blocks from 1 candidate containers.
2025-03-05 12:57:56,900 [BlockDeletingService#0] INFO  impl.FilePerChunkStrategy (FilePerChunkStrategy.java:deleteChunk(327)) - Deleted chunk file /tmp/junit-6857147399178018590/hdds/66987aac-1538-4621-8675-48261165241f/current/containerDir129/114109938188616612/chunks/114109938190648231_chunk_0_block_2 (size 100) for chunk ChunkInfo{chunkName='114109938190648231_chunk_0_block_2, offset=0, len=100}
2025-03-05 12:57:56,900 [BlockDeletingService#0] WARN  utils.BackgroundService (BackgroundService.java:lambda$run$0(151)) - BlockDeletingService Background task execution took 1120834ns > 0ns(timeout)
2025-03-05 12:57:56,982 [BlockDeletingService#2] INFO  interfaces.ContainerDeletionChoosingPolicyTemplate (ContainerDeletionChoosingPolicyTemplate.java:chooseContainerForBlockDeletion(83)) - Chosen 0/3 blocks from 0 candidate containers.
]]></system-out>
  </testcase>
  <testcase name="testBlockDeletion(ContainerTestVersionInfo)[2]" classname="org.apache.hadoop.ozone.container.common.TestBlockDeletingService" time="0.386">
    <system-out><![CDATA[2025-03-05 12:57:57,009 [main] INFO  db.CodecBuffer (CodecBuffer.java:set(62)) - Successfully set constructor to LeakDetector::newCodecBuffer: org.apache.hadoop.hdds.utils.db.CodecBuffer$$Lambda/0x00007ff600206790@3b809711
2025-03-05 12:57:57,022 [main] INFO  volume.HddsVolume (HddsVolume.java:<init>(132)) - Creating HddsVolume: /tmp/junit-381674141204829788/hdds of storage type: DISK, capacity=9222449699674390527, used=0, available=9222449699674390527
2025-03-05 12:57:57,024 [main] INFO  volume.MutableVolumeSet (MutableVolumeSet.java:initializeVolumeSet(169)) - Added Volume : /tmp/junit-381674141204829788/hdds to VolumeSet
2025-03-05 12:57:57,046 [main] INFO  utils.DatanodeStoreCache (DatanodeStoreCache.java:addDB(71)) - Added db /tmp/junit-381674141204829788/hdds/44994f05-8e5a-4cc3-8633-2816fde7ee03/DS-f2bd0936-52c7-4c53-9840-ac789cece8b2/container.db to cache
2025-03-05 12:57:57,046 [main] INFO  volume.HddsVolume (HddsVolume.java:createDbStore(446)) - SchemaV3 db is created and loaded at /tmp/junit-381674141204829788/hdds/44994f05-8e5a-4cc3-8633-2816fde7ee03/DS-f2bd0936-52c7-4c53-9840-ac789cece8b2/container.db for volume DS-f2bd0936-52c7-4c53-9840-ac789cece8b2
2025-03-05 12:57:57,047 [main] INFO  impl.FilePerChunkStrategy (FilePerChunkStrategy.java:<init>(79)) - ozone.chunk.read.mapped.buffer.max.count is load with 0
2025-03-05 12:57:57,085 [main] INFO  impl.FilePerChunkStrategy (FilePerChunkStrategy.java:<init>(79)) - ozone.chunk.read.mapped.buffer.max.count is load with 0
2025-03-05 12:57:57,085 [main] INFO  impl.FilePerBlockStrategy (FilePerBlockStrategy.java:<init>(87)) - ozone.chunk.read.mapped.buffer.max.count is load with 0
2025-03-05 12:57:57,189 [BlockDeletingService#0] INFO  interfaces.ContainerDeletionChoosingPolicyTemplate (ContainerDeletionChoosingPolicyTemplate.java:chooseContainerForBlockDeletion(83)) - Chosen 2/0 blocks from 1 candidate containers.
2025-03-05 12:57:57,190 [BlockDeletingService#0] INFO  impl.FilePerChunkStrategy (FilePerChunkStrategy.java:deleteChunk(327)) - Deleted chunk file /tmp/junit-381674141204829788/hdds/44994f05-8e5a-4cc3-8633-2816fde7ee03/current/containerDir129/114109938208539560/chunks/114109938210046889_chunk_0_block_0 (size 100) for chunk ChunkInfo{chunkName='114109938210046889_chunk_0_block_0, offset=0, len=100}
2025-03-05 12:57:57,191 [BlockDeletingService#0] INFO  impl.FilePerChunkStrategy (FilePerChunkStrategy.java:deleteChunk(327)) - Deleted chunk file /tmp/junit-381674141204829788/hdds/44994f05-8e5a-4cc3-8633-2816fde7ee03/current/containerDir129/114109938208539560/chunks/114109938210112426_chunk_0_block_1 (size 100) for chunk ChunkInfo{chunkName='114109938210112426_chunk_0_block_1, offset=0, len=100}
2025-03-05 12:57:57,191 [BlockDeletingService#0] WARN  utils.BackgroundService (BackgroundService.java:lambda$run$0(151)) - BlockDeletingService Background task execution took 1372824ns > 0ns(timeout)
2025-03-05 12:57:57,289 [BlockDeletingService#0] INFO  interfaces.ContainerDeletionChoosingPolicyTemplate (ContainerDeletionChoosingPolicyTemplate.java:chooseContainerForBlockDeletion(83)) - Chosen 1/1 blocks from 1 candidate containers.
2025-03-05 12:57:57,290 [BlockDeletingService#1] INFO  impl.FilePerChunkStrategy (FilePerChunkStrategy.java:deleteChunk(327)) - Deleted chunk file /tmp/junit-381674141204829788/hdds/44994f05-8e5a-4cc3-8633-2816fde7ee03/current/containerDir129/114109938208539560/chunks/114109938210177963_chunk_0_block_2 (size 100) for chunk ChunkInfo{chunkName='114109938210177963_chunk_0_block_2, offset=0, len=100}
2025-03-05 12:57:57,290 [BlockDeletingService#1] WARN  utils.BackgroundService (BackgroundService.java:lambda$run$0(151)) - BlockDeletingService Background task execution took 1306720ns > 0ns(timeout)
2025-03-05 12:57:57,389 [main] INFO  utils.BackgroundService (BackgroundService.java:shutdown(162)) - Shutting down service BlockDeletingService
]]></system-out>
  </testcase>
  <testcase name="testBlockDeletion(ContainerTestVersionInfo)[3]" classname="org.apache.hadoop.ozone.container.common.TestBlockDeletingService" time="0.399">
    <system-out><![CDATA[2025-03-05 12:57:57,396 [main] INFO  db.CodecBuffer (CodecBuffer.java:set(62)) - Successfully set constructor to LeakDetector::newCodecBuffer: org.apache.hadoop.hdds.utils.db.CodecBuffer$$Lambda/0x00007ff600206790@3b809711
2025-03-05 12:57:57,411 [main] INFO  volume.HddsVolume (HddsVolume.java:<init>(132)) - Creating HddsVolume: /tmp/junit-11961822584832279343/hdds of storage type: DISK, capacity=9222449699674390527, used=0, available=9222449699674390527
2025-03-05 12:57:57,412 [main] INFO  volume.MutableVolumeSet (MutableVolumeSet.java:initializeVolumeSet(169)) - Added Volume : /tmp/junit-11961822584832279343/hdds to VolumeSet
2025-03-05 12:57:57,442 [main] INFO  utils.DatanodeStoreCache (DatanodeStoreCache.java:addDB(71)) - Added db /tmp/junit-11961822584832279343/hdds/fd63424f-3115-49d7-a4b1-412e0f856dd2/DS-5e855643-ee6e-4312-838c-4688a2bf8b95/container.db to cache
2025-03-05 12:57:57,442 [main] INFO  volume.HddsVolume (HddsVolume.java:createDbStore(446)) - SchemaV3 db is created and loaded at /tmp/junit-11961822584832279343/hdds/fd63424f-3115-49d7-a4b1-412e0f856dd2/DS-5e855643-ee6e-4312-838c-4688a2bf8b95/container.db for volume DS-5e855643-ee6e-4312-838c-4688a2bf8b95
2025-03-05 12:57:57,443 [main] INFO  impl.FilePerChunkStrategy (FilePerChunkStrategy.java:<init>(79)) - ozone.chunk.read.mapped.buffer.max.count is load with 0
2025-03-05 12:57:57,486 [main] INFO  impl.FilePerChunkStrategy (FilePerChunkStrategy.java:<init>(79)) - ozone.chunk.read.mapped.buffer.max.count is load with 0
2025-03-05 12:57:57,486 [main] INFO  impl.FilePerBlockStrategy (FilePerBlockStrategy.java:<init>(87)) - ozone.chunk.read.mapped.buffer.max.count is load with 0
2025-03-05 12:57:57,589 [BlockDeletingService#0] INFO  interfaces.ContainerDeletionChoosingPolicyTemplate (ContainerDeletionChoosingPolicyTemplate.java:chooseContainerForBlockDeletion(83)) - Chosen 2/0 blocks from 1 candidate containers.
2025-03-05 12:57:57,590 [BlockDeletingService#0] INFO  impl.FilePerChunkStrategy (FilePerChunkStrategy.java:deleteChunk(327)) - Deleted chunk file /tmp/junit-11961822584832279343/hdds/fd63424f-3115-49d7-a4b1-412e0f856dd2/current/containerDir1/114109938234426284/chunks/114109938236261293_chunk_0_block_0 (size 100) for chunk ChunkInfo{chunkName='114109938236261293_chunk_0_block_0, offset=0, len=100}
2025-03-05 12:57:57,590 [BlockDeletingService#0] INFO  impl.FilePerChunkStrategy (FilePerChunkStrategy.java:deleteChunk(327)) - Deleted chunk file /tmp/junit-11961822584832279343/hdds/fd63424f-3115-49d7-a4b1-412e0f856dd2/current/containerDir1/114109938234426284/chunks/114109938236326830_chunk_0_block_1 (size 100) for chunk ChunkInfo{chunkName='114109938236326830_chunk_0_block_1, offset=0, len=100}
2025-03-05 12:57:57,591 [BlockDeletingService#0] WARN  utils.BackgroundService (BackgroundService.java:lambda$run$0(151)) - BlockDeletingService Background task execution took 1348169ns > 0ns(timeout)
2025-03-05 12:57:57,689 [BlockDeletingService#1] INFO  interfaces.ContainerDeletionChoosingPolicyTemplate (ContainerDeletionChoosingPolicyTemplate.java:chooseContainerForBlockDeletion(83)) - Chosen 1/1 blocks from 1 candidate containers.
2025-03-05 12:57:57,690 [BlockDeletingService#0] INFO  impl.FilePerChunkStrategy (FilePerChunkStrategy.java:deleteChunk(327)) - Deleted chunk file /tmp/junit-11961822584832279343/hdds/fd63424f-3115-49d7-a4b1-412e0f856dd2/current/containerDir1/114109938234426284/chunks/114109938236392367_chunk_0_block_2 (size 100) for chunk ChunkInfo{chunkName='114109938236392367_chunk_0_block_2, offset=0, len=100}
2025-03-05 12:57:57,691 [BlockDeletingService#0] WARN  utils.BackgroundService (BackgroundService.java:lambda$run$0(151)) - BlockDeletingService Background task execution took 1158464ns > 0ns(timeout)
2025-03-05 12:57:57,789 [main] INFO  utils.BackgroundService (BackgroundService.java:shutdown(162)) - Shutting down service BlockDeletingService
]]></system-out>
  </testcase>
  <testcase name="testBlockDeletion(ContainerTestVersionInfo)[4]" classname="org.apache.hadoop.ozone.container.common.TestBlockDeletingService" time="0.27">
    <failure message="expected: &lt;3&gt; but was: &lt;0&gt;" type="org.opentest4j.AssertionFailedError"><![CDATA[org.opentest4j.AssertionFailedError: expected: <3> but was: <0>
	at org.junit.jupiter.api.AssertionFailureBuilder.build(AssertionFailureBuilder.java:151)
	at org.junit.jupiter.api.AssertionFailureBuilder.buildAndThrow(AssertionFailureBuilder.java:132)
	at org.junit.jupiter.api.AssertEquals.failNotEqual(AssertEquals.java:197)
	at org.junit.jupiter.api.AssertEquals.assertEquals(AssertEquals.java:166)
	at org.junit.jupiter.api.AssertEquals.assertEquals(AssertEquals.java:161)
	at org.junit.jupiter.api.Assertions.assertEquals(Assertions.java:632)
	at org.apache.hadoop.ozone.container.common.TestBlockDeletingService.testBlockDeletion(TestBlockDeletingService.java:609)
	at java.base/java.lang.reflect.Method.invoke(Method.java:580)
	at java.base/java.util.Optional.ifPresent(Optional.java:178)
	at java.base/java.util.stream.ForEachOps$ForEachOp$OfRef.accept(ForEachOps.java:184)
	at java.base/java.util.stream.ReferencePipeline$3$1.accept(ReferencePipeline.java:197)
	at java.base/java.util.stream.ForEachOps$ForEachOp$OfRef.accept(ForEachOps.java:184)
	at java.base/java.util.stream.ForEachOps$ForEachOp$OfRef.accept(ForEachOps.java:184)
	at java.base/java.util.stream.ReferencePipeline$3$1.accept(ReferencePipeline.java:197)
	at java.base/java.util.ArrayList$ArrayListSpliterator.forEachRemaining(ArrayList.java:1708)
	at java.base/java.util.stream.ReferencePipeline$Head.forEach(ReferencePipeline.java:762)
	at java.base/java.util.stream.ReferencePipeline$7$1.accept(ReferencePipeline.java:276)
	at java.base/java.util.stream.ReferencePipeline$3$1.accept(ReferencePipeline.java:197)
	at java.base/java.util.stream.ReferencePipeline$3$1.accept(ReferencePipeline.java:197)
	at java.base/java.util.stream.ReferencePipeline$3$1.accept(ReferencePipeline.java:197)
	at java.base/java.util.Spliterators$ArraySpliterator.forEachRemaining(Spliterators.java:1024)
	at java.base/java.util.stream.AbstractPipeline.copyInto(AbstractPipeline.java:509)
	at java.base/java.util.stream.AbstractPipeline.wrapAndCopyInto(AbstractPipeline.java:499)
	at java.base/java.util.stream.ForEachOps$ForEachOp.evaluateSequential(ForEachOps.java:151)
	at java.base/java.util.stream.ForEachOps$ForEachOp$OfRef.evaluateSequential(ForEachOps.java:174)
	at java.base/java.util.stream.AbstractPipeline.evaluate(AbstractPipeline.java:234)
	at java.base/java.util.stream.ReferencePipeline.forEach(ReferencePipeline.java:596)
	at java.base/java.util.stream.ReferencePipeline$7$1.accept(ReferencePipeline.java:276)
	at java.base/java.util.ArrayList$ArrayListSpliterator.forEachRemaining(ArrayList.java:1708)
	at java.base/java.util.stream.AbstractPipeline.copyInto(AbstractPipeline.java:509)
	at java.base/java.util.stream.AbstractPipeline.wrapAndCopyInto(AbstractPipeline.java:499)
	at java.base/java.util.stream.ForEachOps$ForEachOp.evaluateSequential(ForEachOps.java:151)
	at java.base/java.util.stream.ForEachOps$ForEachOp$OfRef.evaluateSequential(ForEachOps.java:174)
	at java.base/java.util.stream.AbstractPipeline.evaluate(AbstractPipeline.java:234)
	at java.base/java.util.stream.ReferencePipeline.forEach(ReferencePipeline.java:596)
	at java.base/java.util.stream.ReferencePipeline$7$1.accept(ReferencePipeline.java:276)
	at java.base/java.util.stream.ReferencePipeline$3$1.accept(ReferencePipeline.java:197)
	at java.base/java.util.stream.ReferencePipeline$3$1.accept(ReferencePipeline.java:197)
	at java.base/java.util.stream.ReferencePipeline$3$1.accept(ReferencePipeline.java:197)
	at java.base/java.util.ArrayList$ArrayListSpliterator.forEachRemaining(ArrayList.java:1708)
	at java.base/java.util.stream.AbstractPipeline.copyInto(AbstractPipeline.java:509)
	at java.base/java.util.stream.AbstractPipeline.wrapAndCopyInto(AbstractPipeline.java:499)
	at java.base/java.util.stream.ForEachOps$ForEachOp.evaluateSequential(ForEachOps.java:151)
	at java.base/java.util.stream.ForEachOps$ForEachOp$OfRef.evaluateSequential(ForEachOps.java:174)
	at java.base/java.util.stream.AbstractPipeline.evaluate(AbstractPipeline.java:234)
	at java.base/java.util.stream.ReferencePipeline.forEach(ReferencePipeline.java:596)
	at java.base/java.util.ArrayList.forEach(ArrayList.java:1596)
	at java.base/java.util.ArrayList.forEach(ArrayList.java:1596)
]]></failure>
    <system-out><![CDATA[2025-03-05 12:57:57,796 [main] INFO  db.CodecBuffer (CodecBuffer.java:set(62)) - Successfully set constructor to LeakDetector::newCodecBuffer: org.apache.hadoop.hdds.utils.db.CodecBuffer$$Lambda/0x00007ff600206790@3b809711
2025-03-05 12:57:57,807 [main] INFO  volume.HddsVolume (HddsVolume.java:<init>(132)) - Creating HddsVolume: /tmp/junit-951584214172701647/hdds of storage type: DISK, capacity=9222449699674390527, used=0, available=9222449699674390527
2025-03-05 12:57:57,809 [main] INFO  volume.MutableVolumeSet (MutableVolumeSet.java:initializeVolumeSet(169)) - Added Volume : /tmp/junit-951584214172701647/hdds to VolumeSet
2025-03-05 12:57:57,840 [main] INFO  utils.DatanodeStoreCache (DatanodeStoreCache.java:addDB(71)) - Added db /tmp/junit-951584214172701647/hdds/a6ad8054-f7e1-42c9-965b-2d9623b329f1/DS-9d708ae9-e77d-4fcf-9717-c16627d3604f/container.db to cache
2025-03-05 12:57:57,840 [main] INFO  volume.HddsVolume (HddsVolume.java:createDbStore(446)) - SchemaV3 db is created and loaded at /tmp/junit-951584214172701647/hdds/a6ad8054-f7e1-42c9-965b-2d9623b329f1/DS-9d708ae9-e77d-4fcf-9717-c16627d3604f/container.db for volume DS-9d708ae9-e77d-4fcf-9717-c16627d3604f
2025-03-05 12:57:57,841 [main] INFO  impl.FilePerChunkStrategy (FilePerChunkStrategy.java:<init>(79)) - ozone.chunk.read.mapped.buffer.max.count is load with 0
2025-03-05 12:57:57,859 [main] INFO  impl.FilePerChunkStrategy (FilePerChunkStrategy.java:<init>(79)) - ozone.chunk.read.mapped.buffer.max.count is load with 0
2025-03-05 12:57:57,859 [main] INFO  impl.FilePerBlockStrategy (FilePerBlockStrategy.java:<init>(87)) - ozone.chunk.read.mapped.buffer.max.count is load with 0
2025-03-05 12:57:57,963 [BlockDeletingService#0] INFO  interfaces.ContainerDeletionChoosingPolicyTemplate (ContainerDeletionChoosingPolicyTemplate.java:chooseContainerForBlockDeletion(83)) - Chosen 2/0 blocks from 1 candidate containers.
2025-03-05 12:57:57,964 [BlockDeletingService#0] INFO  impl.FilePerChunkStrategy (FilePerChunkStrategy.java:deleteChunk(327)) - Deleted chunk file /tmp/junit-951584214172701647/hdds/a6ad8054-f7e1-42c9-965b-2d9623b329f1/current/containerDir129/114109938260575152/chunks/114109938260706225_chunk_0_block_0 (size 100) for chunk ChunkInfo{chunkName='114109938260706225_chunk_0_block_0, offset=0, len=100}
2025-03-05 12:57:57,964 [BlockDeletingService#0] INFO  impl.FilePerChunkStrategy (FilePerChunkStrategy.java:deleteChunk(327)) - Deleted chunk file /tmp/junit-951584214172701647/hdds/a6ad8054-f7e1-42c9-965b-2d9623b329f1/current/containerDir129/114109938260575152/chunks/114109938260771762_chunk_0_block_1 (size 100) for chunk ChunkInfo{chunkName='114109938260771762_chunk_0_block_1, offset=0, len=100}
2025-03-05 12:57:57,965 [BlockDeletingService#0] WARN  utils.BackgroundService (BackgroundService.java:lambda$run$0(151)) - BlockDeletingService Background task execution took 1426204ns > 0ns(timeout)
2025-03-05 12:57:57,983 [BlockDeletingService#1] INFO  interfaces.ContainerDeletionChoosingPolicyTemplate (ContainerDeletionChoosingPolicyTemplate.java:chooseContainerForBlockDeletion(83)) - Chosen 0/3 blocks from 0 candidate containers.
]]></system-out>
  </testcase>
  <testcase name="testBlockDeletion(ContainerTestVersionInfo)[5]" classname="org.apache.hadoop.ozone.container.common.TestBlockDeletingService" time="0.398">
    <system-out><![CDATA[2025-03-05 12:57:58,068 [main] INFO  db.CodecBuffer (CodecBuffer.java:set(62)) - Successfully set constructor to LeakDetector::newCodecBuffer: org.apache.hadoop.hdds.utils.db.CodecBuffer$$Lambda/0x00007ff600206790@3b809711
2025-03-05 12:57:58,078 [main] INFO  volume.HddsVolume (HddsVolume.java:<init>(132)) - Creating HddsVolume: /tmp/junit-17265157975744880904/hdds of storage type: DISK, capacity=9222449699674390527, used=0, available=9222449699674390527
2025-03-05 12:57:58,079 [main] INFO  volume.MutableVolumeSet (MutableVolumeSet.java:initializeVolumeSet(169)) - Added Volume : /tmp/junit-17265157975744880904/hdds to VolumeSet
2025-03-05 12:57:58,112 [main] INFO  utils.DatanodeStoreCache (DatanodeStoreCache.java:addDB(71)) - Added db /tmp/junit-17265157975744880904/hdds/8645da22-3636-4254-b8c5-c9436549ab3f/DS-b32a9d5c-89f5-41b0-913d-fccab54a5e70/container.db to cache
2025-03-05 12:57:58,113 [main] INFO  volume.HddsVolume (HddsVolume.java:createDbStore(446)) - SchemaV3 db is created and loaded at /tmp/junit-17265157975744880904/hdds/8645da22-3636-4254-b8c5-c9436549ab3f/DS-b32a9d5c-89f5-41b0-913d-fccab54a5e70/container.db for volume DS-b32a9d5c-89f5-41b0-913d-fccab54a5e70
2025-03-05 12:57:58,114 [main] INFO  impl.FilePerBlockStrategy (FilePerBlockStrategy.java:<init>(87)) - ozone.chunk.read.mapped.buffer.max.count is load with 0
2025-03-05 12:57:58,157 [main] INFO  impl.FilePerChunkStrategy (FilePerChunkStrategy.java:<init>(79)) - ozone.chunk.read.mapped.buffer.max.count is load with 0
2025-03-05 12:57:58,157 [main] INFO  impl.FilePerBlockStrategy (FilePerBlockStrategy.java:<init>(87)) - ozone.chunk.read.mapped.buffer.max.count is load with 0
2025-03-05 12:57:58,262 [BlockDeletingService#0] INFO  interfaces.ContainerDeletionChoosingPolicyTemplate (ContainerDeletionChoosingPolicyTemplate.java:chooseContainerForBlockDeletion(83)) - Chosen 2/0 blocks from 1 candidate containers.
2025-03-05 12:57:58,262 [BlockDeletingService#0] INFO  impl.FilePerBlockStrategy (FilePerBlockStrategy.java:deleteChunk(278)) - Deleted block file: /tmp/junit-17265157975744880904/hdds/8645da22-3636-4254-b8c5-c9436549ab3f/current/containerDir1/114109938278466484/chunks/114109938280301493.block
2025-03-05 12:57:58,263 [BlockDeletingService#0] INFO  impl.FilePerBlockStrategy (FilePerBlockStrategy.java:deleteChunk(278)) - Deleted block file: /tmp/junit-17265157975744880904/hdds/8645da22-3636-4254-b8c5-c9436549ab3f/current/containerDir1/114109938278466484/chunks/114109938280367030.block
2025-03-05 12:57:58,263 [BlockDeletingService#0] WARN  utils.BackgroundService (BackgroundService.java:lambda$run$0(151)) - BlockDeletingService Background task execution took 1115123ns > 0ns(timeout)
2025-03-05 12:57:58,362 [BlockDeletingService#1] INFO  interfaces.ContainerDeletionChoosingPolicyTemplate (ContainerDeletionChoosingPolicyTemplate.java:chooseContainerForBlockDeletion(83)) - Chosen 1/1 blocks from 1 candidate containers.
2025-03-05 12:57:58,362 [BlockDeletingService#0] INFO  impl.FilePerBlockStrategy (FilePerBlockStrategy.java:deleteChunk(278)) - Deleted block file: /tmp/junit-17265157975744880904/hdds/8645da22-3636-4254-b8c5-c9436549ab3f/current/containerDir1/114109938278466484/chunks/114109938280432567.block
2025-03-05 12:57:58,363 [BlockDeletingService#0] WARN  utils.BackgroundService (BackgroundService.java:lambda$run$0(151)) - BlockDeletingService Background task execution took 1035475ns > 0ns(timeout)
2025-03-05 12:57:58,461 [main] INFO  utils.BackgroundService (BackgroundService.java:shutdown(162)) - Shutting down service BlockDeletingService
]]></system-out>
  </testcase>
  <testcase name="testBlockDeletion(ContainerTestVersionInfo)[6]" classname="org.apache.hadoop.ozone.container.common.TestBlockDeletingService" time="0.388">
    <system-out><![CDATA[2025-03-05 12:57:58,467 [main] INFO  db.CodecBuffer (CodecBuffer.java:set(62)) - Successfully set constructor to LeakDetector::newCodecBuffer: org.apache.hadoop.hdds.utils.db.CodecBuffer$$Lambda/0x00007ff600206790@3b809711
2025-03-05 12:57:58,477 [main] INFO  volume.HddsVolume (HddsVolume.java:<init>(132)) - Creating HddsVolume: /tmp/junit-14640465205197117024/hdds of storage type: DISK, capacity=9222449699674390527, used=0, available=9222449699674390527
2025-03-05 12:57:58,479 [main] INFO  volume.MutableVolumeSet (MutableVolumeSet.java:initializeVolumeSet(169)) - Added Volume : /tmp/junit-14640465205197117024/hdds to VolumeSet
2025-03-05 12:57:58,505 [main] INFO  utils.DatanodeStoreCache (DatanodeStoreCache.java:addDB(71)) - Added db /tmp/junit-14640465205197117024/hdds/1a495f1b-de9e-4e14-b140-811e16bb712b/DS-a37681d0-0842-45f9-b1f0-898b791f87c2/container.db to cache
2025-03-05 12:57:58,505 [main] INFO  volume.HddsVolume (HddsVolume.java:createDbStore(446)) - SchemaV3 db is created and loaded at /tmp/junit-14640465205197117024/hdds/1a495f1b-de9e-4e14-b140-811e16bb712b/DS-a37681d0-0842-45f9-b1f0-898b791f87c2/container.db for volume DS-a37681d0-0842-45f9-b1f0-898b791f87c2
2025-03-05 12:57:58,506 [main] INFO  impl.FilePerBlockStrategy (FilePerBlockStrategy.java:<init>(87)) - ozone.chunk.read.mapped.buffer.max.count is load with 0
2025-03-05 12:57:58,547 [main] INFO  impl.FilePerChunkStrategy (FilePerChunkStrategy.java:<init>(79)) - ozone.chunk.read.mapped.buffer.max.count is load with 0
2025-03-05 12:57:58,547 [main] INFO  impl.FilePerBlockStrategy (FilePerBlockStrategy.java:<init>(87)) - ozone.chunk.read.mapped.buffer.max.count is load with 0
2025-03-05 12:57:58,650 [BlockDeletingService#0] INFO  interfaces.ContainerDeletionChoosingPolicyTemplate (ContainerDeletionChoosingPolicyTemplate.java:chooseContainerForBlockDeletion(83)) - Chosen 2/0 blocks from 1 candidate containers.
2025-03-05 12:57:58,651 [BlockDeletingService#0] INFO  impl.FilePerBlockStrategy (FilePerBlockStrategy.java:deleteChunk(278)) - Deleted block file: /tmp/junit-14640465205197117024/hdds/1a495f1b-de9e-4e14-b140-811e16bb712b/current/containerDir129/114109938304091064/chunks/114109938305860537.block
2025-03-05 12:57:58,651 [BlockDeletingService#0] INFO  impl.FilePerBlockStrategy (FilePerBlockStrategy.java:deleteChunk(278)) - Deleted block file: /tmp/junit-14640465205197117024/hdds/1a495f1b-de9e-4e14-b140-811e16bb712b/current/containerDir129/114109938304091064/chunks/114109938305926074.block
2025-03-05 12:57:58,652 [BlockDeletingService#0] WARN  utils.BackgroundService (BackgroundService.java:lambda$run$0(151)) - BlockDeletingService Background task execution took 1262458ns > 0ns(timeout)
2025-03-05 12:57:58,750 [BlockDeletingService#1] INFO  interfaces.ContainerDeletionChoosingPolicyTemplate (ContainerDeletionChoosingPolicyTemplate.java:chooseContainerForBlockDeletion(83)) - Chosen 1/1 blocks from 1 candidate containers.
2025-03-05 12:57:58,750 [BlockDeletingService#0] INFO  impl.FilePerBlockStrategy (FilePerBlockStrategy.java:deleteChunk(278)) - Deleted block file: /tmp/junit-14640465205197117024/hdds/1a495f1b-de9e-4e14-b140-811e16bb712b/current/containerDir129/114109938304091064/chunks/114109938305991611.block
2025-03-05 12:57:58,751 [BlockDeletingService#0] WARN  utils.BackgroundService (BackgroundService.java:lambda$run$0(151)) - BlockDeletingService Background task execution took 815773ns > 0ns(timeout)
2025-03-05 12:57:58,850 [main] INFO  utils.BackgroundService (BackgroundService.java:shutdown(162)) - Shutting down service BlockDeletingService
]]></system-out>
  </testcase>
  <testcase name="testBlockDeletion(ContainerTestVersionInfo)[7]" classname="org.apache.hadoop.ozone.container.common.TestBlockDeletingService" time="0.387">
    <system-out><![CDATA[2025-03-05 12:57:58,857 [main] INFO  db.CodecBuffer (CodecBuffer.java:set(62)) - Successfully set constructor to LeakDetector::newCodecBuffer: org.apache.hadoop.hdds.utils.db.CodecBuffer$$Lambda/0x00007ff600206790@3b809711
2025-03-05 12:57:58,867 [main] INFO  volume.HddsVolume (HddsVolume.java:<init>(132)) - Creating HddsVolume: /tmp/junit-1718646034188934875/hdds of storage type: DISK, capacity=9222449699674390527, used=0, available=9222449699674390527
2025-03-05 12:57:58,868 [main] INFO  volume.MutableVolumeSet (MutableVolumeSet.java:initializeVolumeSet(169)) - Added Volume : /tmp/junit-1718646034188934875/hdds to VolumeSet
2025-03-05 12:57:58,894 [main] INFO  utils.DatanodeStoreCache (DatanodeStoreCache.java:addDB(71)) - Added db /tmp/junit-1718646034188934875/hdds/d902fc99-fe78-4b17-ad90-5cfe193960d2/DS-58513b75-86fd-4543-90c7-95d4c1f94b7e/container.db to cache
2025-03-05 12:57:58,894 [main] INFO  volume.HddsVolume (HddsVolume.java:createDbStore(446)) - SchemaV3 db is created and loaded at /tmp/junit-1718646034188934875/hdds/d902fc99-fe78-4b17-ad90-5cfe193960d2/DS-58513b75-86fd-4543-90c7-95d4c1f94b7e/container.db for volume DS-58513b75-86fd-4543-90c7-95d4c1f94b7e
2025-03-05 12:57:58,895 [main] INFO  impl.FilePerBlockStrategy (FilePerBlockStrategy.java:<init>(87)) - ozone.chunk.read.mapped.buffer.max.count is load with 0
2025-03-05 12:57:58,935 [main] INFO  impl.FilePerChunkStrategy (FilePerChunkStrategy.java:<init>(79)) - ozone.chunk.read.mapped.buffer.max.count is load with 0
2025-03-05 12:57:58,935 [main] INFO  impl.FilePerBlockStrategy (FilePerBlockStrategy.java:<init>(87)) - ozone.chunk.read.mapped.buffer.max.count is load with 0
2025-03-05 12:57:58,983 [BlockDeletingService#3] INFO  interfaces.ContainerDeletionChoosingPolicyTemplate (ContainerDeletionChoosingPolicyTemplate.java:chooseContainerForBlockDeletion(83)) - Chosen 0/3 blocks from 0 candidate containers.
2025-03-05 12:57:59,038 [BlockDeletingService#0] INFO  interfaces.ContainerDeletionChoosingPolicyTemplate (ContainerDeletionChoosingPolicyTemplate.java:chooseContainerForBlockDeletion(83)) - Chosen 2/0 blocks from 1 candidate containers.
2025-03-05 12:57:59,039 [BlockDeletingService#0] INFO  impl.FilePerBlockStrategy (FilePerBlockStrategy.java:deleteChunk(278)) - Deleted block file: /tmp/junit-1718646034188934875/hdds/d902fc99-fe78-4b17-ad90-5cfe193960d2/current/containerDir1/114109938329584572/chunks/114109938331288509.block
2025-03-05 12:57:59,039 [BlockDeletingService#0] INFO  impl.FilePerBlockStrategy (FilePerBlockStrategy.java:deleteChunk(278)) - Deleted block file: /tmp/junit-1718646034188934875/hdds/d902fc99-fe78-4b17-ad90-5cfe193960d2/current/containerDir1/114109938329584572/chunks/114109938331354046.block
2025-03-05 12:57:59,040 [BlockDeletingService#0] WARN  utils.BackgroundService (BackgroundService.java:lambda$run$0(151)) - BlockDeletingService Background task execution took 1464035ns > 0ns(timeout)
2025-03-05 12:57:59,138 [BlockDeletingService#1] INFO  interfaces.ContainerDeletionChoosingPolicyTemplate (ContainerDeletionChoosingPolicyTemplate.java:chooseContainerForBlockDeletion(83)) - Chosen 1/1 blocks from 1 candidate containers.
2025-03-05 12:57:59,139 [BlockDeletingService#0] INFO  impl.FilePerBlockStrategy (FilePerBlockStrategy.java:deleteChunk(278)) - Deleted block file: /tmp/junit-1718646034188934875/hdds/d902fc99-fe78-4b17-ad90-5cfe193960d2/current/containerDir1/114109938329584572/chunks/114109938331419583.block
2025-03-05 12:57:59,139 [BlockDeletingService#0] WARN  utils.BackgroundService (BackgroundService.java:lambda$run$0(151)) - BlockDeletingService Background task execution took 848014ns > 0ns(timeout)
2025-03-05 12:57:59,238 [main] INFO  utils.BackgroundService (BackgroundService.java:shutdown(162)) - Shutting down service BlockDeletingService
]]></system-out>
  </testcase>
  <testcase name="testBlockDeletion(ContainerTestVersionInfo)[8]" classname="org.apache.hadoop.ozone.container.common.TestBlockDeletingService" time="0.361">
    <system-out><![CDATA[2025-03-05 12:57:59,244 [main] INFO  db.CodecBuffer (CodecBuffer.java:set(62)) - Successfully set constructor to LeakDetector::newCodecBuffer: org.apache.hadoop.hdds.utils.db.CodecBuffer$$Lambda/0x00007ff600206790@3b809711
2025-03-05 12:57:59,255 [main] INFO  volume.HddsVolume (HddsVolume.java:<init>(132)) - Creating HddsVolume: /tmp/junit-6808303613968947878/hdds of storage type: DISK, capacity=9222449699674390527, used=0, available=9222449699674390527
2025-03-05 12:57:59,256 [main] INFO  volume.MutableVolumeSet (MutableVolumeSet.java:initializeVolumeSet(169)) - Added Volume : /tmp/junit-6808303613968947878/hdds to VolumeSet
2025-03-05 12:57:59,281 [main] INFO  utils.DatanodeStoreCache (DatanodeStoreCache.java:addDB(71)) - Added db /tmp/junit-6808303613968947878/hdds/c089c133-8af8-4fbd-b4fa-8b1bf7c98878/DS-9133f177-fe58-4fe8-9cdb-82d6e8346720/container.db to cache
2025-03-05 12:57:59,281 [main] INFO  volume.HddsVolume (HddsVolume.java:createDbStore(446)) - SchemaV3 db is created and loaded at /tmp/junit-6808303613968947878/hdds/c089c133-8af8-4fbd-b4fa-8b1bf7c98878/DS-9133f177-fe58-4fe8-9cdb-82d6e8346720/container.db for volume DS-9133f177-fe58-4fe8-9cdb-82d6e8346720
2025-03-05 12:57:59,282 [main] INFO  impl.FilePerBlockStrategy (FilePerBlockStrategy.java:<init>(87)) - ozone.chunk.read.mapped.buffer.max.count is load with 0
2025-03-05 12:57:59,298 [main] INFO  impl.FilePerChunkStrategy (FilePerChunkStrategy.java:<init>(79)) - ozone.chunk.read.mapped.buffer.max.count is load with 0
2025-03-05 12:57:59,298 [main] INFO  impl.FilePerBlockStrategy (FilePerBlockStrategy.java:<init>(87)) - ozone.chunk.read.mapped.buffer.max.count is load with 0
2025-03-05 12:57:59,401 [BlockDeletingService#0] INFO  interfaces.ContainerDeletionChoosingPolicyTemplate (ContainerDeletionChoosingPolicyTemplate.java:chooseContainerForBlockDeletion(83)) - Chosen 2/0 blocks from 1 candidate containers.
2025-03-05 12:57:59,402 [BlockDeletingService#0] INFO  impl.FilePerBlockStrategy (FilePerBlockStrategy.java:deleteChunk(278)) - Deleted block file: /tmp/junit-6808303613968947878/hdds/c089c133-8af8-4fbd-b4fa-8b1bf7c98878/current/containerDir129/114109938354947008/chunks/114109938355078081.block
2025-03-05 12:57:59,403 [BlockDeletingService#0] INFO  impl.FilePerBlockStrategy (FilePerBlockStrategy.java:deleteChunk(278)) - Deleted block file: /tmp/junit-6808303613968947878/hdds/c089c133-8af8-4fbd-b4fa-8b1bf7c98878/current/containerDir129/114109938354947008/chunks/114109938355143618.block
2025-03-05 12:57:59,403 [BlockDeletingService#0] WARN  utils.BackgroundService (BackgroundService.java:lambda$run$0(151)) - BlockDeletingService Background task execution took 1856278ns > 0ns(timeout)
2025-03-05 12:57:59,501 [BlockDeletingService#1] INFO  interfaces.ContainerDeletionChoosingPolicyTemplate (ContainerDeletionChoosingPolicyTemplate.java:chooseContainerForBlockDeletion(83)) - Chosen 1/1 blocks from 1 candidate containers.
2025-03-05 12:57:59,502 [BlockDeletingService#0] INFO  impl.FilePerBlockStrategy (FilePerBlockStrategy.java:deleteChunk(278)) - Deleted block file: /tmp/junit-6808303613968947878/hdds/c089c133-8af8-4fbd-b4fa-8b1bf7c98878/current/containerDir129/114109938354947008/chunks/114109938355209155.block
2025-03-05 12:57:59,502 [BlockDeletingService#0] WARN  utils.BackgroundService (BackgroundService.java:lambda$run$0(151)) - BlockDeletingService Background task execution took 1019765ns > 0ns(timeout)
2025-03-05 12:57:59,601 [main] INFO  utils.BackgroundService (BackgroundService.java:shutdown(162)) - Shutting down service BlockDeletingService
]]></system-out>
  </testcase>
  <testcase name="testBlockThrottle(ContainerTestVersionInfo)[1]" classname="org.apache.hadoop.ozone.container.common.TestBlockDeletingService" time="0.475">
    <system-out><![CDATA[2025-03-05 12:57:59,608 [main] INFO  db.CodecBuffer (CodecBuffer.java:set(62)) - Successfully set constructor to LeakDetector::newCodecBuffer: org.apache.hadoop.hdds.utils.db.CodecBuffer$$Lambda/0x00007ff600206790@3b809711
2025-03-05 12:57:59,618 [main] INFO  volume.HddsVolume (HddsVolume.java:<init>(132)) - Creating HddsVolume: /tmp/junit-865930517111265947/hdds of storage type: DISK, capacity=9222449699674390527, used=0, available=9222449699674390527
2025-03-05 12:57:59,619 [main] INFO  volume.MutableVolumeSet (MutableVolumeSet.java:initializeVolumeSet(169)) - Added Volume : /tmp/junit-865930517111265947/hdds to VolumeSet
2025-03-05 12:57:59,645 [main] INFO  utils.DatanodeStoreCache (DatanodeStoreCache.java:addDB(71)) - Added db /tmp/junit-865930517111265947/hdds/f06993a9-fe9e-4e6d-a3dd-26556cccee7c/DS-331005a3-f4ec-412d-9a2d-b8ce25c12cad/container.db to cache
2025-03-05 12:57:59,645 [main] INFO  volume.HddsVolume (HddsVolume.java:createDbStore(446)) - SchemaV3 db is created and loaded at /tmp/junit-865930517111265947/hdds/f06993a9-fe9e-4e6d-a3dd-26556cccee7c/DS-331005a3-f4ec-412d-9a2d-b8ce25c12cad/container.db for volume DS-331005a3-f4ec-412d-9a2d-b8ce25c12cad
2025-03-05 12:57:59,652 [main] INFO  impl.FilePerChunkStrategy (FilePerChunkStrategy.java:<init>(79)) - ozone.chunk.read.mapped.buffer.max.count is load with 0
2025-03-05 12:57:59,653 [main] INFO  impl.FilePerBlockStrategy (FilePerBlockStrategy.java:<init>(87)) - ozone.chunk.read.mapped.buffer.max.count is load with 0
2025-03-05 12:57:59,654 [main] INFO  impl.FilePerChunkStrategy (FilePerChunkStrategy.java:<init>(79)) - ozone.chunk.read.mapped.buffer.max.count is load with 0
2025-03-05 12:57:59,700 [main] INFO  impl.FilePerChunkStrategy (FilePerChunkStrategy.java:<init>(79)) - ozone.chunk.read.mapped.buffer.max.count is load with 0
2025-03-05 12:57:59,741 [main] INFO  impl.FilePerChunkStrategy (FilePerChunkStrategy.java:<init>(79)) - ozone.chunk.read.mapped.buffer.max.count is load with 0
2025-03-05 12:57:59,781 [main] INFO  impl.FilePerChunkStrategy (FilePerChunkStrategy.java:<init>(79)) - ozone.chunk.read.mapped.buffer.max.count is load with 0
2025-03-05 12:57:59,820 [main] INFO  impl.FilePerChunkStrategy (FilePerChunkStrategy.java:<init>(79)) - ozone.chunk.read.mapped.buffer.max.count is load with 0
2025-03-05 12:57:59,869 [BlockDeletingService#0] INFO  interfaces.ContainerDeletionChoosingPolicyTemplate (ContainerDeletionChoosingPolicyTemplate.java:chooseContainerForBlockDeletion(83)) - Chosen 10/0 blocks from 5 candidate containers.
2025-03-05 12:57:59,870 [BlockDeletingService#1] INFO  impl.FilePerChunkStrategy (FilePerChunkStrategy.java:deleteChunk(327)) - Deleted chunk file /tmp/junit-865930517111265947/hdds/f06993a9-fe9e-4e6d-a3dd-26556cccee7c/current/containerDir129/114109938379326404/chunks/114109938381423557_chunk_0_block_0 (size 100) for chunk ChunkInfo{chunkName='114109938381423557_chunk_0_block_0, offset=0, len=100}
2025-03-05 12:57:59,871 [BlockDeletingService#1] INFO  impl.FilePerChunkStrategy (FilePerChunkStrategy.java:deleteChunk(327)) - Deleted chunk file /tmp/junit-865930517111265947/hdds/f06993a9-fe9e-4e6d-a3dd-26556cccee7c/current/containerDir129/114109938379326404/chunks/114109938381554630_chunk_0_block_1 (size 100) for chunk ChunkInfo{chunkName='114109938381554630_chunk_0_block_1, offset=0, len=100}
2025-03-05 12:57:59,871 [BlockDeletingService#1] INFO  impl.FilePerChunkStrategy (FilePerChunkStrategy.java:deleteChunk(327)) - Deleted chunk file /tmp/junit-865930517111265947/hdds/f06993a9-fe9e-4e6d-a3dd-26556cccee7c/current/containerDir129/114109938379326404/chunks/114109938381554631_chunk_0_block_2 (size 100) for chunk ChunkInfo{chunkName='114109938381554631_chunk_0_block_2, offset=0, len=100}
2025-03-05 12:57:59,871 [BlockDeletingService#0] INFO  impl.FilePerChunkStrategy (FilePerChunkStrategy.java:deleteChunk(327)) - Deleted chunk file /tmp/junit-865930517111265947/hdds/f06993a9-fe9e-4e6d-a3dd-26556cccee7c/current/containerDir1/114109938385028044/chunks/114109938386731981_chunk_0_block_0 (size 100) for chunk ChunkInfo{chunkName='114109938386731981_chunk_0_block_0, offset=0, len=100}
2025-03-05 12:57:59,871 [BlockDeletingService#0] INFO  impl.FilePerChunkStrategy (FilePerChunkStrategy.java:deleteChunk(327)) - Deleted chunk file /tmp/junit-865930517111265947/hdds/f06993a9-fe9e-4e6d-a3dd-26556cccee7c/current/containerDir1/114109938385028044/chunks/114109938386797518_chunk_0_block_1 (size 100) for chunk ChunkInfo{chunkName='114109938386797518_chunk_0_block_1, offset=0, len=100}
2025-03-05 12:57:59,871 [BlockDeletingService#0] INFO  impl.FilePerChunkStrategy (FilePerChunkStrategy.java:deleteChunk(327)) - Deleted chunk file /tmp/junit-865930517111265947/hdds/f06993a9-fe9e-4e6d-a3dd-26556cccee7c/current/containerDir1/114109938385028044/chunks/114109938386863055_chunk_0_block_2 (size 100) for chunk ChunkInfo{chunkName='114109938386863055_chunk_0_block_2, offset=0, len=100}
2025-03-05 12:57:59,872 [BlockDeletingService#0] WARN  2025-03-05 12:57:59,872 [utils.BackgroundService (BlockDeletingService#1] BackgroundService.java:lambda$run$0(151)) - BlockDeletingService Background task execution took 1253181ns > 0ns(timeout)
2025-03-05 12:57:59,872 [BlockDeletingService#1] WARN  utils.BackgroundService (BackgroundService.java:lambda$run$0(151)) - BlockDeletingService Background task execution took 2511852ns > 0ns(timeout)
2025-03-05 12:57:59,870 [BlockDeletingService#2] INFO  impl.FilePerChunkStrategy (FilePerChunkStrategy.java:deleteChunk(327)) - Deleted chunk file /tmp/junit-865930517111265947/hdds/f06993a9-fe9e-4e6d-a3dd-26556cccee7c/current/containerDir1/114109938387649488/chunks/114109938389287889_chunk_0_block_0 (size 100) for chunk ChunkInfo{chunkName='114109938389287889_chunk_0_block_0, offset=0, len=100}
2025-03-05 12:57:59,870 [BlockDeletingService#3] INFO  impl.FilePerChunkStrategy (FilePerChunkStrategy.java:deleteChunk(327)) - Deleted chunk file /tmp/junit-865930517111265947/hdds/f06993a9-fe9e-4e6d-a3dd-26556cccee7c/current/containerDir129/114109938390205396/chunks/114109938392237013_chunk_0_block_0 (size 100) for chunk ChunkInfo{chunkName='114109938392237013_chunk_0_block_0, offset=0, len=100}
2025-03-05 12:57:59,872 [BlockDeletingService#3] INFO  impl.FilePerChunkStrategy (FilePerChunkStrategy.java:deleteChunk(327)) - Deleted chunk file /tmp/junit-865930517111265947/hdds/f06993a9-fe9e-4e6d-a3dd-26556cccee7c/current/containerDir129/114109938390205396/chunks/114109938392302550_chunk_0_block_1 (size 100) for chunk ChunkInfo{chunkName='114109938392302550_chunk_0_block_1, offset=0, len=100}
2025-03-05 12:57:59,872 [BlockDeletingService#2] WARN  utils.BackgroundService (BackgroundService.java:lambda$run$0(151)) - BlockDeletingService Background task execution took 3050228ns > 0ns(timeout)
2025-03-05 12:57:59,873 [BlockDeletingService#3] INFO  impl.FilePerChunkStrategy (FilePerChunkStrategy.java:deleteChunk(327)) - Deleted chunk file /tmp/junit-865930517111265947/hdds/f06993a9-fe9e-4e6d-a3dd-26556cccee7c/current/containerDir129/114109938390205396/chunks/114109938392368087_chunk_0_block_2 (size 100) for chunk ChunkInfo{chunkName='114109938392368087_chunk_0_block_2, offset=0, len=100}
2025-03-05 12:57:59,873 [BlockDeletingService#3] WARN  utils.BackgroundService (BackgroundService.java:lambda$run$0(151)) - BlockDeletingService Background task execution took 3119881ns > 0ns(timeout)
2025-03-05 12:57:59,970 [BlockDeletingService#4] INFO  interfaces.ContainerDeletionChoosingPolicyTemplate (ContainerDeletionChoosingPolicyTemplate.java:chooseContainerForBlockDeletion(83)) - Chosen 5/5 blocks from 2 candidate containers.
2025-03-05 12:57:59,970 [BlockDeletingService#0] INFO  impl.FilePerChunkStrategy (FilePerChunkStrategy.java:deleteChunk(327)) - Deleted chunk file /tmp/junit-865930517111265947/hdds/f06993a9-fe9e-4e6d-a3dd-26556cccee7c/current/containerDir1/114109938382406600/chunks/114109938384176073_chunk_0_block_0 (size 100) for chunk ChunkInfo{chunkName='114109938384176073_chunk_0_block_0, offset=0, len=100}
2025-03-05 12:57:59,970 [BlockDeletingService#0] INFO  impl.FilePerChunkStrategy (FilePerChunkStrategy.java:deleteChunk(327)) - Deleted chunk file /tmp/junit-865930517111265947/hdds/f06993a9-fe9e-4e6d-a3dd-26556cccee7c/current/containerDir1/114109938382406600/chunks/114109938384241610_chunk_0_block_1 (size 100) for chunk ChunkInfo{chunkName='114109938384241610_chunk_0_block_1, offset=0, len=100}
2025-03-05 12:57:59,970 [BlockDeletingService#1] INFO  impl.FilePerChunkStrategy (FilePerChunkStrategy.java:deleteChunk(327)) - Deleted chunk file /tmp/junit-865930517111265947/hdds/f06993a9-fe9e-4e6d-a3dd-26556cccee7c/current/containerDir1/114109938387649488/chunks/114109938389353426_chunk_0_block_1 (size 100) for chunk ChunkInfo{chunkName='114109938389353426_chunk_0_block_1, offset=0, len=100}
2025-03-05 12:57:59,971 [BlockDeletingService#0] INFO  impl.FilePerChunkStrategy (FilePerChunkStrategy.java:deleteChunk(327)) - Deleted chunk file /tmp/junit-865930517111265947/hdds/f06993a9-fe9e-4e6d-a3dd-26556cccee7c/current/containerDir1/114109938382406600/chunks/114109938384241611_chunk_0_block_2 (size 100) for chunk ChunkInfo{chunkName='114109938384241611_chunk_0_block_2, offset=0, len=100}
2025-03-05 12:57:59,971 [BlockDeletingService#1] INFO  impl.FilePerChunkStrategy (FilePerChunkStrategy.java:deleteChunk(327)) - Deleted chunk file /tmp/junit-865930517111265947/hdds/f06993a9-fe9e-4e6d-a3dd-26556cccee7c/current/containerDir1/114109938387649488/chunks/114109938389418963_chunk_0_block_2 (size 100) for chunk ChunkInfo{chunkName='114109938389418963_chunk_0_block_2, offset=0, len=100}
2025-03-05 12:57:59,971 [BlockDeletingService#1] WARN  utils.BackgroundService (BackgroundService.java:lambda$run$0(151)) - BlockDeletingService Background task execution took 865848ns > 0ns(timeout)
2025-03-05 12:57:59,971 [BlockDeletingService#0] WARN  utils.BackgroundService (BackgroundService.java:lambda$run$0(151)) - BlockDeletingService Background task execution took 1205993ns > 0ns(timeout)
2025-03-05 12:57:59,984 [BlockDeletingService#0] INFO  interfaces.ContainerDeletionChoosingPolicyTemplate (ContainerDeletionChoosingPolicyTemplate.java:chooseContainerForBlockDeletion(83)) - Chosen 0/3 blocks from 0 candidate containers.
2025-03-05 12:58:00,070 [main] INFO  utils.BackgroundService (BackgroundService.java:shutdown(162)) - Shutting down service BlockDeletingService
]]></system-out>
  </testcase>
  <testcase name="testBlockThrottle(ContainerTestVersionInfo)[2]" classname="org.apache.hadoop.ozone.container.common.TestBlockDeletingService" time="0.601">
    <system-out><![CDATA[2025-03-05 12:58:00,084 [main] INFO  db.CodecBuffer (CodecBuffer.java:set(62)) - Successfully set constructor to LeakDetector::newCodecBuffer: org.apache.hadoop.hdds.utils.db.CodecBuffer$$Lambda/0x00007ff600206790@3b809711
2025-03-05 12:58:00,095 [main] INFO  volume.HddsVolume (HddsVolume.java:<init>(132)) - Creating HddsVolume: /tmp/junit-7335684280838384096/hdds of storage type: DISK, capacity=9222449699674390527, used=0, available=9222449699674390527
2025-03-05 12:58:00,097 [main] INFO  volume.MutableVolumeSet (MutableVolumeSet.java:initializeVolumeSet(169)) - Added Volume : /tmp/junit-7335684280838384096/hdds to VolumeSet
2025-03-05 12:58:00,128 [main] INFO  utils.DatanodeStoreCache (DatanodeStoreCache.java:addDB(71)) - Added db /tmp/junit-7335684280838384096/hdds/e1568f47-c79e-4727-a7fc-17f0832f94b6/DS-d548638e-6174-4489-962e-8c569351a168/container.db to cache
2025-03-05 12:58:00,128 [main] INFO  volume.HddsVolume (HddsVolume.java:createDbStore(446)) - SchemaV3 db is created and loaded at /tmp/junit-7335684280838384096/hdds/e1568f47-c79e-4727-a7fc-17f0832f94b6/DS-d548638e-6174-4489-962e-8c569351a168/container.db for volume DS-d548638e-6174-4489-962e-8c569351a168
2025-03-05 12:58:00,130 [main] INFO  impl.FilePerChunkStrategy (FilePerChunkStrategy.java:<init>(79)) - ozone.chunk.read.mapped.buffer.max.count is load with 0
2025-03-05 12:58:00,130 [main] INFO  impl.FilePerBlockStrategy (FilePerBlockStrategy.java:<init>(87)) - ozone.chunk.read.mapped.buffer.max.count is load with 0
2025-03-05 12:58:00,130 [main] INFO  impl.FilePerChunkStrategy (FilePerChunkStrategy.java:<init>(79)) - ozone.chunk.read.mapped.buffer.max.count is load with 0
2025-03-05 12:58:00,180 [main] INFO  impl.FilePerChunkStrategy (FilePerChunkStrategy.java:<init>(79)) - ozone.chunk.read.mapped.buffer.max.count is load with 0
2025-03-05 12:58:00,230 [main] INFO  impl.FilePerChunkStrategy (FilePerChunkStrategy.java:<init>(79)) - ozone.chunk.read.mapped.buffer.max.count is load with 0
2025-03-05 12:58:00,281 [main] INFO  impl.FilePerChunkStrategy (FilePerChunkStrategy.java:<init>(79)) - ozone.chunk.read.mapped.buffer.max.count is load with 0
2025-03-05 12:58:00,326 [main] INFO  impl.FilePerChunkStrategy (FilePerChunkStrategy.java:<init>(79)) - ozone.chunk.read.mapped.buffer.max.count is load with 0
2025-03-05 12:58:00,475 [BlockDeletingService#0] INFO  interfaces.ContainerDeletionChoosingPolicyTemplate (ContainerDeletionChoosingPolicyTemplate.java:chooseContainerForBlockDeletion(83)) - Chosen 10/0 blocks from 5 candidate containers.
2025-03-05 12:58:00,476 [BlockDeletingService#1] INFO  impl.FilePerChunkStrategy (FilePerChunkStrategy.java:deleteChunk(327)) - Deleted chunk file /tmp/junit-7335684280838384096/hdds/e1568f47-c79e-4727-a7fc-17f0832f94b6/current/containerDir1/114109938417402848/chunks/114109938419565537_chunk_0_block_0 (size 100) for chunk ChunkInfo{chunkName='114109938419565537_chunk_0_block_0, offset=0, len=100}
2025-03-05 12:58:00,476 [BlockDeletingService#3] INFO  impl.FilePerChunkStrategy (FilePerChunkStrategy.java:deleteChunk(327)) - Deleted chunk file /tmp/junit-7335684280838384096/hdds/e1568f47-c79e-4727-a7fc-17f0832f94b6/current/containerDir1/114109938420417508/chunks/114109938422514661_chunk_0_block_0 (size 100) for chunk ChunkInfo{chunkName='114109938422514661_chunk_0_block_0, offset=0, len=100}
2025-03-05 12:58:00,476 [BlockDeletingService#1] INFO  impl.FilePerChunkStrategy (FilePerChunkStrategy.java:deleteChunk(327)) - Deleted chunk file /tmp/junit-7335684280838384096/hdds/e1568f47-c79e-4727-a7fc-17f0832f94b6/current/containerDir1/114109938417402848/chunks/114109938419631074_chunk_0_block_1 (size 100) for chunk ChunkInfo{chunkName='114109938419631074_chunk_0_block_1, offset=0, len=100}
2025-03-05 12:58:00,476 [BlockDeletingService#3] INFO  impl.FilePerChunkStrategy (FilePerChunkStrategy.java:deleteChunk(327)) - Deleted chunk file /tmp/junit-7335684280838384096/hdds/e1568f47-c79e-4727-a7fc-17f0832f94b6/current/containerDir1/114109938420417508/chunks/114109938422580198_chunk_0_block_1 (size 100) for chunk ChunkInfo{chunkName='114109938422580198_chunk_0_block_1, offset=0, len=100}
2025-03-05 12:58:00,476 [BlockDeletingService#1] INFO  impl.FilePerChunkStrategy (FilePerChunkStrategy.java:deleteChunk(327)) - Deleted chunk file /tmp/junit-7335684280838384096/hdds/e1568f47-c79e-4727-a7fc-17f0832f94b6/current/containerDir1/114109938417402848/chunks/114109938419631075_chunk_0_block_2 (size 100) for chunk ChunkInfo{chunkName='114109938419631075_chunk_0_block_2, offset=0, len=100}
2025-03-05 12:58:00,477 [BlockDeletingService#3] INFO  impl.FilePerChunkStrategy (FilePerChunkStrategy.java:deleteChunk(327)) - Deleted chunk file /tmp/junit-7335684280838384096/hdds/e1568f47-c79e-4727-a7fc-17f0832f94b6/current/containerDir1/114109938420417508/chunks/114109938422645735_chunk_0_block_2 (size 100) for chunk ChunkInfo{chunkName='114109938422645735_chunk_0_block_2, offset=0, len=100}
2025-03-05 12:58:00,476 [BlockDeletingService#2] INFO  impl.FilePerChunkStrategy (FilePerChunkStrategy.java:deleteChunk(327)) - Deleted chunk file /tmp/junit-7335684280838384096/hdds/e1568f47-c79e-4727-a7fc-17f0832f94b6/current/containerDir1/114109938410849240/chunks/114109938412815321_chunk_0_block_0 (size 100) for chunk ChunkInfo{chunkName='114109938412815321_chunk_0_block_0, offset=0, len=100}
2025-03-05 12:58:00,477 [BlockDeletingService#3] WARN  2025-03-05 12:58:00,477 [utils.BackgroundService (BlockDeletingService#1] WARNBackgroundService.java: lambda$run$0( 151)) - BlockDeletingService Background task execution took 1340574ns > 0ns(timeout)
2025-03-05 12:58:00,477 [BlockDeletingService#1] WARN  utils.BackgroundService (BackgroundService.java:lambda$run$0(151)) - BlockDeletingService Background task execution took 1754808ns > 0ns(timeout)
2025-03-05 12:58:00,477 [BlockDeletingService#0] INFO  impl.FilePerChunkStrategy (FilePerChunkStrategy.java:deleteChunk(327)) - Deleted chunk file /tmp/junit-7335684280838384096/hdds/e1568f47-c79e-4727-a7fc-17f0832f94b6/current/containerDir129/114109938413798364/chunks/114109938416223197_chunk_0_block_0 (size 100) for chunk ChunkInfo{chunkName='114109938416223197_chunk_0_block_0, offset=0, len=100}
2025-03-05 12:58:00,477 [BlockDeletingService#0] INFO  impl.FilePerChunkStrategy (BackgroundService.java:lambda$run$0(151)) - BlockDeletingService Background task execution took 1869902ns > 0ns(timeout)
FilePerChunkStrategy.java:deleteChunk(327)) - Deleted chunk file /tmp/junit-7335684280838384096/hdds/e1568f47-c79e-4727-a7fc-17f0832f94b6/current/containerDir129/114109938413798364/chunks/114109938416288734_chunk_0_block_1 (size 100) for chunk ChunkInfo{chunkName='114109938416288734_chunk_0_block_1, offset=0, len=100}
2025-03-05 12:58:00,477 [BlockDeletingService#2] WARN  utils.BackgroundService (BackgroundService.java:lambda$run$0(151)) - BlockDeletingService Background task execution took 1869902ns > 0ns(timeout)
2025-03-05 12:58:00,477 [BlockDeletingService#0] INFO  impl.FilePerChunkStrategy (FilePerChunkStrategy.java:deleteChunk(327)) - Deleted chunk file /tmp/junit-7335684280838384096/hdds/e1568f47-c79e-4727-a7fc-17f0832f94b6/current/containerDir129/114109938413798364/chunks/114109938416288735_chunk_0_block_2 (size 100) for chunk ChunkInfo{chunkName='114109938416288735_chunk_0_block_2, offset=0, len=100}
2025-03-05 12:58:00,478 [BlockDeletingService#0] WARN  utils.BackgroundService (BackgroundService.java:lambda$run$0(151)) - BlockDeletingService Background task execution took 1640347ns > 0ns(timeout)
2025-03-05 12:58:00,575 [BlockDeletingService#4] INFO  interfaces.ContainerDeletionChoosingPolicyTemplate (ContainerDeletionChoosingPolicyTemplate.java:chooseContainerForBlockDeletion(83)) - Chosen 5/5 blocks from 2 candidate containers.
2025-03-05 12:58:00,575 [BlockDeletingService#3] INFO  impl.FilePerChunkStrategy (FilePerChunkStrategy.java:deleteChunk(327)) - Deleted chunk file /tmp/junit-7335684280838384096/hdds/e1568f47-c79e-4727-a7fc-17f0832f94b6/current/containerDir129/114109938423366632/chunks/114109938425463785_chunk_0_block_0 (size 100) for chunk ChunkInfo{chunkName='114109938425463785_chunk_0_block_0, offset=0, len=100}
2025-03-05 12:58:00,575 [BlockDeletingService#3] INFO  impl.FilePerChunkStrategy (FilePerChunkStrategy.java:deleteChunk(327)) - Deleted chunk file /tmp/junit-7335684280838384096/hdds/e1568f47-c79e-4727-a7fc-17f0832f94b6/current/containerDir129/114109938423366632/chunks/114109938425594858_chunk_0_block_1 (size 100) for chunk ChunkInfo{chunkName='114109938425594858_chunk_0_block_1, offset=0, len=100}
2025-03-05 12:58:00,576 [BlockDeletingService#6] INFO  impl.FilePerChunkStrategy (FilePerChunkStrategy.java:deleteChunk(327)) - Deleted chunk file /tmp/junit-7335684280838384096/hdds/e1568f47-c79e-4727-a7fc-17f0832f94b6/current/containerDir1/114109938410849240/chunks/114109938412946394_chunk_0_block_1 (size 100) for chunk ChunkInfo{chunkName='114109938412946394_chunk_0_block_1, offset=0, len=100}
2025-03-05 12:58:00,576 [BlockDeletingService#3] INFO  impl.FilePerChunkStrategy (FilePerChunkStrategy.java:deleteChunk(327)) - Deleted chunk file /tmp/junit-7335684280838384096/hdds/e1568f47-c79e-4727-a7fc-17f0832f94b6/current/containerDir129/114109938423366632/chunks/114109938425660395_chunk_0_block_2 (size 100) for chunk ChunkInfo{chunkName='114109938425660395_chunk_0_block_2, offset=0, len=100}
2025-03-05 12:58:00,576 [BlockDeletingService#6] INFO  impl.FilePerChunkStrategy (FilePerChunkStrategy.java:deleteChunk(327)) - Deleted chunk file /tmp/junit-7335684280838384096/hdds/e1568f47-c79e-4727-a7fc-17f0832f94b6/current/containerDir1/114109938410849240/chunks/114109938413011931_chunk_0_block_2 (size 100) for chunk ChunkInfo{chunkName='114109938413011931_chunk_0_block_2, offset=0, len=100}
2025-03-05 12:58:00,576 [BlockDeletingService#3] WARN  utils.BackgroundService (BackgroundService.java:lambda$run$0(151)) - BlockDeletingService Background task execution took 1327059ns > 0ns(timeout)
2025-03-05 12:58:00,576 [BlockDeletingService#6] WARN  utils.BackgroundService (BackgroundService.java:lambda$run$0(151)) - BlockDeletingService Background task execution took 1138547ns > 0ns(timeout)
2025-03-05 12:58:00,674 [main] INFO  utils.BackgroundService (BackgroundService.java:shutdown(162)) - Shutting down service BlockDeletingService
]]></system-out>
  </testcase>
  <testcase name="testBlockThrottle(ContainerTestVersionInfo)[3]" classname="org.apache.hadoop.ozone.container.common.TestBlockDeletingService" time="0.546">
    <system-out><![CDATA[2025-03-05 12:58:00,687 [main] INFO  db.CodecBuffer (CodecBuffer.java:set(62)) - Successfully set constructor to LeakDetector::newCodecBuffer: org.apache.hadoop.hdds.utils.db.CodecBuffer$$Lambda/0x00007ff600206790@3b809711
2025-03-05 12:58:00,698 [main] INFO  volume.HddsVolume (HddsVolume.java:<init>(132)) - Creating HddsVolume: /tmp/junit-2805368750802755520/hdds of storage type: DISK, capacity=9222449699674390527, used=0, available=9222449699674390527
2025-03-05 12:58:00,700 [main] INFO  volume.MutableVolumeSet (MutableVolumeSet.java:initializeVolumeSet(169)) - Added Volume : /tmp/junit-2805368750802755520/hdds to VolumeSet
2025-03-05 12:58:00,727 [main] INFO  utils.DatanodeStoreCache (DatanodeStoreCache.java:addDB(71)) - Added db /tmp/junit-2805368750802755520/hdds/2b99daa0-e0dc-4ce0-b53a-48be762ba0ac/DS-fb44e5ab-2d3b-4e17-a6ef-8567adc52e54/container.db to cache
2025-03-05 12:58:00,727 [main] INFO  volume.HddsVolume (HddsVolume.java:createDbStore(446)) - SchemaV3 db is created and loaded at /tmp/junit-2805368750802755520/hdds/2b99daa0-e0dc-4ce0-b53a-48be762ba0ac/DS-fb44e5ab-2d3b-4e17-a6ef-8567adc52e54/container.db for volume DS-fb44e5ab-2d3b-4e17-a6ef-8567adc52e54
2025-03-05 12:58:00,728 [main] INFO  impl.FilePerChunkStrategy (FilePerChunkStrategy.java:<init>(79)) - ozone.chunk.read.mapped.buffer.max.count is load with 0
2025-03-05 12:58:00,728 [main] INFO  impl.FilePerBlockStrategy (FilePerBlockStrategy.java:<init>(87)) - ozone.chunk.read.mapped.buffer.max.count is load with 0
2025-03-05 12:58:00,729 [main] INFO  impl.FilePerChunkStrategy (FilePerChunkStrategy.java:<init>(79)) - ozone.chunk.read.mapped.buffer.max.count is load with 0
2025-03-05 12:58:00,766 [main] INFO  impl.FilePerChunkStrategy (FilePerChunkStrategy.java:<init>(79)) - ozone.chunk.read.mapped.buffer.max.count is load with 0
2025-03-05 12:58:00,802 [main] INFO  impl.FilePerChunkStrategy (FilePerChunkStrategy.java:<init>(79)) - ozone.chunk.read.mapped.buffer.max.count is load with 0
2025-03-05 12:58:00,838 [main] INFO  impl.FilePerChunkStrategy (FilePerChunkStrategy.java:<init>(79)) - ozone.chunk.read.mapped.buffer.max.count is load with 0
2025-03-05 12:58:00,876 [main] INFO  impl.FilePerChunkStrategy (FilePerChunkStrategy.java:<init>(79)) - ozone.chunk.read.mapped.buffer.max.count is load with 0
2025-03-05 12:58:00,984 [BlockDeletingService#4] INFO  interfaces.ContainerDeletionChoosingPolicyTemplate (ContainerDeletionChoosingPolicyTemplate.java:chooseContainerForBlockDeletion(83)) - Chosen 0/3 blocks from 0 candidate containers.
2025-03-05 12:58:01,021 [BlockDeletingService#0] INFO  interfaces.ContainerDeletionChoosingPolicyTemplate (ContainerDeletionChoosingPolicyTemplate.java:chooseContainerForBlockDeletion(83)) - Chosen 10/0 blocks from 5 candidate containers.
2025-03-05 12:58:01,022 [BlockDeletingService#1] INFO  impl.FilePerChunkStrategy (FilePerChunkStrategy.java:deleteChunk(327)) - Deleted chunk file /tmp/junit-2805368750802755520/hdds/2b99daa0-e0dc-4ce0-b53a-48be762ba0ac/current/containerDir129/114109938459411452/chunks/114109938461311997_chunk_0_block_0 (size 100) for chunk ChunkInfo{chunkName='114109938461311997_chunk_0_block_0, offset=0, len=100}
2025-03-05 12:58:01,022 [BlockDeletingService#2] INFO  impl.FilePerChunkStrategy (FilePerChunkStrategy.java:deleteChunk(327)) - Deleted chunk file /tmp/junit-2805368750802755520/hdds/2b99daa0-e0dc-4ce0-b53a-48be762ba0ac/current/containerDir129/114109938456921080/chunks/114109938458493945_chunk_0_block_0 (size 100) for chunk ChunkInfo{chunkName='114109938458493945_chunk_0_block_0, offset=0, len=100}
2025-03-05 12:58:01,023 [BlockDeletingService#1] INFO  impl.FilePerChunkStrategy (FilePerChunkStrategy.java:deleteChunk(327)) - Deleted chunk file /tmp/junit-2805368750802755520/hdds/2b99daa0-e0dc-4ce0-b53a-48be762ba0ac/current/containerDir129/114109938459411452/chunks/114109938461377534_chunk_0_block_1 (size 100) for chunk ChunkInfo{chunkName='114109938461377534_chunk_0_block_1, offset=0, len=100}
2025-03-05 12:58:01,023 [BlockDeletingService#1] INFO  impl.FilePerChunkStrategy (FilePerChunkStrategy.java:deleteChunk(327)) - Deleted chunk file /tmp/junit-2805368750802755520/hdds/2b99daa0-e0dc-4ce0-b53a-48be762ba0ac/current/containerDir129/114109938459411452/chunks/114109938461377535_chunk_0_block_2 (size 100) for chunk ChunkInfo{chunkName='114109938461377535_chunk_0_block_2, offset=0, len=100}
2025-03-05 12:58:01,023 [BlockDeletingService#4] INFO  impl.FilePerChunkStrategy (FilePerChunkStrategy.java:deleteChunk(327)) - Deleted chunk file /tmp/junit-2805368750802755520/hdds/2b99daa0-e0dc-4ce0-b53a-48be762ba0ac/current/containerDir129/114109938452202480/chunks/114109938453709809_chunk_0_block_0 (size 100) for chunk ChunkInfo{chunkName='114109938453709809_chunk_0_block_0, offset=0, len=100}
2025-03-05 12:58:01,023 [BlockDeletingService#2] WARN  utils.BackgroundService (BackgroundService.java:lambda$run$0(151)) - BlockDeletingService Background task execution took 1550543ns > 0ns(timeout)
2025-03-05 12:58:01,023 [BlockDeletingService#4] INFO  impl.FilePerChunkStrategy (BackgroundService.java:lambda$run$0(151)) - BlockDeletingService Background task execution took 1883278ns > 0ns(timeout)
FilePerChunkStrategy.java:deleteChunk(327)) - Deleted chunk file /tmp/junit-2805368750802755520/hdds/2b99daa0-e0dc-4ce0-b53a-48be762ba0ac/current/containerDir129/114109938452202480/chunks/114109938453709810_chunk_0_block_1 (size 100) for chunk ChunkInfo{chunkName='114109938453709810_chunk_0_block_1, offset=0, len=100}
2025-03-05 12:58:01,023 [BlockDeletingService#1] WARN  utils.BackgroundService (BackgroundService.java:lambda$run$0(151)) - BlockDeletingService Background task execution took 1883278ns > 0ns(timeout)
2025-03-05 12:58:01,023 [BlockDeletingService#4] INFO  impl.FilePerChunkStrategy (FilePerChunkStrategy.java:deleteChunk(327)) - Deleted chunk file /tmp/junit-2805368750802755520/hdds/2b99daa0-e0dc-4ce0-b53a-48be762ba0ac/current/containerDir129/114109938452202480/chunks/114109938453775347_chunk_0_block_2 (size 100) for chunk ChunkInfo{chunkName='114109938453775347_chunk_0_block_2, offset=0, len=100}
2025-03-05 12:58:01,023 [BlockDeletingService#3] INFO  impl.FilePerChunkStrategy (FilePerChunkStrategy.java:deleteChunk(327)) - Deleted chunk file /tmp/junit-2805368750802755520/hdds/2b99daa0-e0dc-4ce0-b53a-48be762ba0ac/current/containerDir129/114109938454561780/chunks/114109938456003573_chunk_0_block_0 (size 100) for chunk ChunkInfo{chunkName='114109938456003573_chunk_0_block_0, offset=0, len=100}
2025-03-05 12:58:01,024 [BlockDeletingService#3] INFO  impl.FilePerChunkStrategy (FilePerChunkStrategy.java:deleteChunk(327)) - Deleted chunk file /tmp/junit-2805368750802755520/hdds/2b99daa0-e0dc-4ce0-b53a-48be762ba0ac/current/containerDir129/114109938454561780/chunks/114109938456069110_chunk_0_block_1 (size 100) for chunk ChunkInfo{chunkName='114109938456069110_chunk_0_block_1, offset=0, len=100}
2025-03-05 12:58:01,024 [BlockDeletingService#4] WARN  utils.BackgroundService (BackgroundService.java:lambda$run$0(151)) - BlockDeletingService Background task execution took 1375709ns > 0ns(timeout)
2025-03-05 12:58:01,024 [BlockDeletingService#3] INFO  impl.FilePerChunkStrategy (FilePerChunkStrategy.java:deleteChunk(327)) - Deleted chunk file /tmp/junit-2805368750802755520/hdds/2b99daa0-e0dc-4ce0-b53a-48be762ba0ac/current/containerDir129/114109938454561780/chunks/114109938456134647_chunk_0_block_2 (size 100) for chunk ChunkInfo{chunkName='114109938456134647_chunk_0_block_2, offset=0, len=100}
2025-03-05 12:58:01,024 [BlockDeletingService#3] WARN  utils.BackgroundService (BackgroundService.java:lambda$run$0(151)) - BlockDeletingService Background task execution took 2445081ns > 0ns(timeout)
2025-03-05 12:58:01,120 [BlockDeletingService#2] INFO  interfaces.ContainerDeletionChoosingPolicyTemplate (ContainerDeletionChoosingPolicyTemplate.java:chooseContainerForBlockDeletion(83)) - Chosen 5/5 blocks from 2 candidate containers.
2025-03-05 12:58:01,121 [BlockDeletingService#1] INFO  impl.FilePerChunkStrategy (FilePerChunkStrategy.java:deleteChunk(327)) - Deleted chunk file /tmp/junit-2805368750802755520/hdds/2b99daa0-e0dc-4ce0-b53a-48be762ba0ac/current/containerDir1/114109938449777644/chunks/114109938451284973_chunk_0_block_0 (size 100) for chunk ChunkInfo{chunkName='114109938451284973_chunk_0_block_0, offset=0, len=100}
2025-03-05 12:58:01,121 [BlockDeletingService#0] INFO  impl.FilePerChunkStrategy (FilePerChunkStrategy.java:deleteChunk(327)) - Deleted chunk file /tmp/junit-2805368750802755520/hdds/2b99daa0-e0dc-4ce0-b53a-48be762ba0ac/current/containerDir129/114109938456921080/chunks/114109938458559482_chunk_0_block_1 (size 100) for chunk ChunkInfo{chunkName='114109938458559482_chunk_0_block_1, offset=0, len=100}
2025-03-05 12:58:01,122 [BlockDeletingService#1] INFO  impl.FilePerChunkStrategy (FilePerChunkStrategy.java:deleteChunk(327)) - Deleted chunk file /tmp/junit-2805368750802755520/hdds/2b99daa0-e0dc-4ce0-b53a-48be762ba0ac/current/containerDir1/114109938449777644/chunks/114109938451350510_chunk_0_block_1 (size 100) for chunk ChunkInfo{chunkName='114109938451350510_chunk_0_block_1, offset=0, len=100}
2025-03-05 12:58:01,122 [BlockDeletingService#0] INFO  impl.FilePerChunkStrategy (FilePerChunkStrategy.java:deleteChunk(327)) - Deleted chunk file /tmp/junit-2805368750802755520/hdds/2b99daa0-e0dc-4ce0-b53a-48be762ba0ac/current/containerDir129/114109938456921080/chunks/114109938458625019_chunk_0_block_2 (size 100) for chunk ChunkInfo{chunkName='114109938458625019_chunk_0_block_2, offset=0, len=100}
2025-03-05 12:58:01,122 [BlockDeletingService#1] INFO  impl.FilePerChunkStrategy (FilePerChunkStrategy.java:deleteChunk(327)) - Deleted chunk file /tmp/junit-2805368750802755520/hdds/2b99daa0-e0dc-4ce0-b53a-48be762ba0ac/current/containerDir1/114109938449777644/chunks/114109938451416047_chunk_0_block_2 (size 100) for chunk ChunkInfo{chunkName='114109938451416047_chunk_0_block_2, offset=0, len=100}
2025-03-05 12:58:01,122 [BlockDeletingService#0] WARN  utils.BackgroundService (BackgroundService.java:lambda$run$0(151)) - BlockDeletingService Background task execution took 1260885ns > 0ns(timeout)
2025-03-05 12:58:01,122 [BlockDeletingService#1] WARN  utils.BackgroundService (BackgroundService.java:lambda$run$0(151)) - BlockDeletingService Background task execution took 1693293ns > 0ns(timeout)
2025-03-05 12:58:01,220 [main] INFO  utils.BackgroundService (BackgroundService.java:shutdown(162)) - Shutting down service BlockDeletingService
]]></system-out>
  </testcase>
  <testcase name="testBlockThrottle(ContainerTestVersionInfo)[4]" classname="org.apache.hadoop.ozone.container.common.TestBlockDeletingService" time="0.468">
    <system-out><![CDATA[2025-03-05 12:58:01,235 [main] INFO  db.CodecBuffer (CodecBuffer.java:set(62)) - Successfully set constructor to LeakDetector::newCodecBuffer: org.apache.hadoop.hdds.utils.db.CodecBuffer$$Lambda/0x00007ff600206790@3b809711
2025-03-05 12:58:01,246 [main] INFO  volume.HddsVolume (HddsVolume.java:<init>(132)) - Creating HddsVolume: /tmp/junit-15100939929308292763/hdds of storage type: DISK, capacity=9222449699674390527, used=0, available=9222449699674390527
2025-03-05 12:58:01,247 [main] INFO  volume.MutableVolumeSet (MutableVolumeSet.java:initializeVolumeSet(169)) - Added Volume : /tmp/junit-15100939929308292763/hdds to VolumeSet
2025-03-05 12:58:01,275 [main] INFO  utils.DatanodeStoreCache (DatanodeStoreCache.java:addDB(71)) - Added db /tmp/junit-15100939929308292763/hdds/f2dcd624-95bf-4f4a-8314-9c8b2d902a97/DS-7bf721c6-898d-437d-987e-3a91fe6ea9df/container.db to cache
2025-03-05 12:58:01,275 [main] INFO  volume.HddsVolume (HddsVolume.java:createDbStore(446)) - SchemaV3 db is created and loaded at /tmp/junit-15100939929308292763/hdds/f2dcd624-95bf-4f4a-8314-9c8b2d902a97/DS-7bf721c6-898d-437d-987e-3a91fe6ea9df/container.db for volume DS-7bf721c6-898d-437d-987e-3a91fe6ea9df
2025-03-05 12:58:01,277 [main] INFO  impl.FilePerChunkStrategy (FilePerChunkStrategy.java:<init>(79)) - ozone.chunk.read.mapped.buffer.max.count is load with 0
2025-03-05 12:58:01,277 [main] INFO  impl.FilePerBlockStrategy (FilePerBlockStrategy.java:<init>(87)) - ozone.chunk.read.mapped.buffer.max.count is load with 0
2025-03-05 12:58:01,278 [main] INFO  impl.FilePerChunkStrategy (FilePerChunkStrategy.java:<init>(79)) - ozone.chunk.read.mapped.buffer.max.count is load with 0
2025-03-05 12:58:01,298 [main] INFO  impl.FilePerChunkStrategy (FilePerChunkStrategy.java:<init>(79)) - ozone.chunk.read.mapped.buffer.max.count is load with 0
2025-03-05 12:58:01,331 [main] INFO  impl.FilePerChunkStrategy (FilePerChunkStrategy.java:<init>(79)) - ozone.chunk.read.mapped.buffer.max.count is load with 0
2025-03-05 12:58:01,362 [main] INFO  impl.FilePerChunkStrategy (FilePerChunkStrategy.java:<init>(79)) - ozone.chunk.read.mapped.buffer.max.count is load with 0
2025-03-05 12:58:01,379 [main] INFO  impl.FilePerChunkStrategy (FilePerChunkStrategy.java:<init>(79)) - ozone.chunk.read.mapped.buffer.max.count is load with 0
2025-03-05 12:58:01,497 [BlockDeletingService#0] INFO  interfaces.ContainerDeletionChoosingPolicyTemplate (ContainerDeletionChoosingPolicyTemplate.java:chooseContainerForBlockDeletion(83)) - Chosen 10/0 blocks from 5 candidate containers.
2025-03-05 12:58:01,500 [BlockDeletingService#2] INFO  impl.FilePerChunkStrategy (FilePerChunkStrategy.java:deleteChunk(327)) - Deleted chunk file /tmp/junit-15100939929308292763/hdds/f2dcd624-95bf-4f4a-8314-9c8b2d902a97/current/containerDir2/114109938492376080/chunks/114109938492507153_chunk_0_block_0 (size 100) for chunk ChunkInfo{chunkName='114109938492507153_chunk_0_block_0, offset=0, len=100}
2025-03-05 12:58:01,500 [BlockDeletingService#3] INFO  impl.FilePerChunkStrategy (FilePerChunkStrategy.java:deleteChunk(327)) - Deleted chunk file /tmp/junit-15100939929308292763/hdds/f2dcd624-95bf-4f4a-8314-9c8b2d902a97/current/containerDir2/114109938487919620/chunks/114109938488181765_chunk_0_block_0 (size 100) for chunk ChunkInfo{chunkName='114109938488181765_chunk_0_block_0, offset=0, len=100}
2025-03-05 12:58:01,500 [BlockDeletingService#1] INFO  impl.FilePerChunkStrategy (FilePerChunkStrategy.java:deleteChunk(327)) - Deleted chunk file /tmp/junit-15100939929308292763/hdds/f2dcd624-95bf-4f4a-8314-9c8b2d902a97/current/containerDir130/114109938491393036/chunks/114109938491524109_chunk_0_block_0 (size 100) for chunk ChunkInfo{chunkName='114109938491524109_chunk_0_block_0, offset=0, len=100}
2025-03-05 12:58:01,500 [BlockDeletingService#1] INFO  impl.FilePerChunkStrategy (FilePerChunkStrategy.java:deleteChunk(327)) - Deleted chunk file /tmp/junit-15100939929308292763/hdds/f2dcd624-95bf-4f4a-8314-9c8b2d902a97/current/containerDir130/114109938491393036/chunks/114109938491589646_chunk_0_block_1 (size 100) for chunk ChunkInfo{chunkName='114109938491589646_chunk_0_block_1, offset=0, len=100}
2025-03-05 12:58:01,500 [BlockDeletingService#0] INFO  impl.FilePerChunkStrategy (FilePerChunkStrategy.java:deleteChunk(327)) - Deleted chunk file /tmp/junit-15100939929308292763/hdds/f2dcd624-95bf-4f4a-8314-9c8b2d902a97/current/containerDir2/114109938489885704/chunks/114109938490278921_chunk_0_block_0 (size 100) for chunk ChunkInfo{chunkName='114109938490278921_chunk_0_block_0, offset=0, len=100}
2025-03-05 12:58:01,500 [BlockDeletingService#1] INFO  impl.FilePerChunkStrategy (FilePerChunkStrategy.java:deleteChunk(327)) - Deleted chunk file /tmp/junit-15100939929308292763/hdds/f2dcd624-95bf-4f4a-8314-9c8b2d902a97/current/containerDir130/114109938491393036/chunks/114109938491655183_chunk_0_block_2 (size 100) for chunk ChunkInfo{chunkName='114109938491655183_chunk_0_block_2, offset=0, len=100}
2025-03-05 12:58:01,500 [BlockDeletingService#2] WARN  utils.BackgroundService (BackgroundService.java:lambda$run$0(151)) - BlockDeletingService Background task execution took 2423433ns > 0ns(timeout)
2025-03-05 12:58:01,500 [BlockDeletingService#0] INFO  impl.FilePerChunkStrategy (FilePerChunkStrategy.java:deleteChunk(327)) - Deleted chunk file /tmp/junit-15100939929308292763/hdds/f2dcd624-95bf-4f4a-8314-9c8b2d902a97/current/containerDir2/114109938489885704/chunks/114109938490475530_chunk_0_block_1 (size 100) for chunk ChunkInfo{chunkName='114109938490475530_chunk_0_block_1, offset=0, len=100}
  2025-03-05 12:58:01,501 [BlockDeletingService#0] utils.BackgroundService (INFO  impl.FilePerChunkStrategy (BackgroundService.java:lambda$run$0(151)) - BlockDeletingService Background task execution took 2900916ns > 0ns(timeout)
FilePerChunkStrategy.java:deleteChunk(327)) - Deleted chunk file /tmp/junit-15100939929308292763/hdds/f2dcd624-95bf-4f4a-8314-9c8b2d902a97/current/containerDir2/114109938489885704/chunks/114109938490541067_chunk_0_block_2 (size 100) for chunk ChunkInfo{chunkName='114109938490541067_chunk_0_block_2, offset=0, len=100}
2025-03-05 12:58:01,501 [BlockDeletingService#1] WARN  utils.BackgroundService (BackgroundService.java:lambda$run$0(151)) - BlockDeletingService Background task execution took 2900916ns > 0ns(timeout)
2025-03-05 12:58:01,500 [BlockDeletingService#3] INFO  impl.FilePerChunkStrategy (FilePerChunkStrategy.java:deleteChunk(327)) - Deleted chunk file /tmp/junit-15100939929308292763/hdds/f2dcd624-95bf-4f4a-8314-9c8b2d902a97/current/containerDir2/114109938487919620/chunks/114109938488378374_chunk_0_block_1 (size 100) for chunk ChunkInfo{chunkName='114109938488378374_chunk_0_block_1, offset=0, len=100}
2025-03-05 12:58:01,501 [BlockDeletingService#0] WARN  utils.BackgroundService (BackgroundService.java:lambda$run$0(151)) - BlockDeletingService Background task execution took 2819421ns > 0ns(timeout)
2025-03-05 12:58:01,501 [BlockDeletingService#3] INFO  impl.FilePerChunkStrategy (FilePerChunkStrategy.java:deleteChunk(327)) - Deleted chunk file /tmp/junit-15100939929308292763/hdds/f2dcd624-95bf-4f4a-8314-9c8b2d902a97/current/containerDir2/114109938487919620/chunks/114109938488443911_chunk_0_block_2 (size 100) for chunk ChunkInfo{chunkName='114109938488443911_chunk_0_block_2, offset=0, len=100}
2025-03-05 12:58:01,501 [BlockDeletingService#3] WARN  utils.BackgroundService (BackgroundService.java:lambda$run$0(151)) - BlockDeletingService Background task execution took 3389220ns > 0ns(timeout)
2025-03-05 12:58:01,597 [BlockDeletingService#4] INFO  interfaces.ContainerDeletionChoosingPolicyTemplate (ContainerDeletionChoosingPolicyTemplate.java:chooseContainerForBlockDeletion(83)) - Chosen 5/5 blocks from 2 candidate containers.
2025-03-05 12:58:01,598 [BlockDeletingService#2] INFO  impl.FilePerChunkStrategy (FilePerChunkStrategy.java:deleteChunk(327)) - Deleted chunk file /tmp/junit-15100939929308292763/hdds/f2dcd624-95bf-4f4a-8314-9c8b2d902a97/current/containerDir2/114109938485953536/chunks/114109938486150145_chunk_0_block_0 (size 100) for chunk ChunkInfo{chunkName='114109938486150145_chunk_0_block_0, offset=0, len=100}
2025-03-05 12:58:01,598 [BlockDeletingService#1] INFO  impl.FilePerChunkStrategy (FilePerChunkStrategy.java:deleteChunk(327)) - Deleted chunk file /tmp/junit-15100939929308292763/hdds/f2dcd624-95bf-4f4a-8314-9c8b2d902a97/current/containerDir2/114109938492376080/chunks/114109938492572690_chunk_0_block_1 (size 100) for chunk ChunkInfo{chunkName='114109938492572690_chunk_0_block_1, offset=0, len=100}
2025-03-05 12:58:01,598 [BlockDeletingService#2] INFO  impl.FilePerChunkStrategy (FilePerChunkStrategy.java:deleteChunk(327)) - Deleted chunk file /tmp/junit-15100939929308292763/hdds/f2dcd624-95bf-4f4a-8314-9c8b2d902a97/current/containerDir2/114109938485953536/chunks/114109938486215682_chunk_0_block_1 (size 100) for chunk ChunkInfo{chunkName='114109938486215682_chunk_0_block_1, offset=0, len=100}
2025-03-05 12:58:01,598 [BlockDeletingService#1] INFO  impl.FilePerChunkStrategy (FilePerChunkStrategy.java:deleteChunk(327)) - Deleted chunk file /tmp/junit-15100939929308292763/hdds/f2dcd624-95bf-4f4a-8314-9c8b2d902a97/current/containerDir2/114109938492376080/chunks/114109938492572691_chunk_0_block_2 (size 100) for chunk ChunkInfo{chunkName='114109938492572691_chunk_0_block_2, offset=0, len=100}
2025-03-05 12:58:01,598 [BlockDeletingService#2] INFO  impl.FilePerChunkStrategy (FilePerChunkStrategy.java:deleteChunk(327)) - Deleted chunk file /tmp/junit-15100939929308292763/hdds/f2dcd624-95bf-4f4a-8314-9c8b2d902a97/current/containerDir2/114109938485953536/chunks/114109938486281219_chunk_0_block_2 (size 100) for chunk ChunkInfo{chunkName='114109938486281219_chunk_0_block_2, offset=0, len=100}
2025-03-05 12:58:01,599 [BlockDeletingService#2] WARN  utils.BackgroundService (BackgroundService.java:lambda$run$0(151)) - BlockDeletingService Background task execution took 1593216ns > 0ns(timeout)
2025-03-05 12:58:01,599 [BlockDeletingService#1] WARN  utils.BackgroundService (BackgroundService.java:lambda$run$0(151)) - BlockDeletingService Background task execution took 1732426ns > 0ns(timeout)
2025-03-05 12:58:01,696 [main] INFO  utils.BackgroundService (BackgroundService.java:shutdown(162)) - Shutting down service BlockDeletingService
]]></system-out>
  </testcase>
  <testcase name="testBlockThrottle(ContainerTestVersionInfo)[5]" classname="org.apache.hadoop.ozone.container.common.TestBlockDeletingService" time="0.565">
    <system-out><![CDATA[2025-03-05 12:58:01,705 [main] INFO  db.CodecBuffer (CodecBuffer.java:set(62)) - Successfully set constructor to LeakDetector::newCodecBuffer: org.apache.hadoop.hdds.utils.db.CodecBuffer$$Lambda/0x00007ff600206790@3b809711
2025-03-05 12:58:01,716 [main] INFO  volume.HddsVolume (HddsVolume.java:<init>(132)) - Creating HddsVolume: /tmp/junit-15314758773886552240/hdds of storage type: DISK, capacity=9222449699674390527, used=0, available=9222449699674390527
2025-03-05 12:58:01,717 [main] INFO  volume.MutableVolumeSet (MutableVolumeSet.java:initializeVolumeSet(169)) - Added Volume : /tmp/junit-15314758773886552240/hdds to VolumeSet
2025-03-05 12:58:01,746 [main] INFO  utils.DatanodeStoreCache (DatanodeStoreCache.java:addDB(71)) - Added db /tmp/junit-15314758773886552240/hdds/f8cf93bf-85b6-4a74-ba81-33857e303723/DS-3865e86f-ef35-4675-9fc9-fd1ce6b57098/container.db to cache
2025-03-05 12:58:01,746 [main] INFO  volume.HddsVolume (HddsVolume.java:createDbStore(446)) - SchemaV3 db is created and loaded at /tmp/junit-15314758773886552240/hdds/f8cf93bf-85b6-4a74-ba81-33857e303723/DS-3865e86f-ef35-4675-9fc9-fd1ce6b57098/container.db for volume DS-3865e86f-ef35-4675-9fc9-fd1ce6b57098
2025-03-05 12:58:01,747 [main] INFO  impl.FilePerChunkStrategy (FilePerChunkStrategy.java:<init>(79)) - ozone.chunk.read.mapped.buffer.max.count is load with 0
2025-03-05 12:58:01,748 [main] INFO  impl.FilePerBlockStrategy (FilePerBlockStrategy.java:<init>(87)) - ozone.chunk.read.mapped.buffer.max.count is load with 0
2025-03-05 12:58:01,748 [main] INFO  impl.FilePerBlockStrategy (FilePerBlockStrategy.java:<init>(87)) - ozone.chunk.read.mapped.buffer.max.count is load with 0
2025-03-05 12:58:01,787 [main] INFO  impl.FilePerBlockStrategy (FilePerBlockStrategy.java:<init>(87)) - ozone.chunk.read.mapped.buffer.max.count is load with 0
2025-03-05 12:58:01,831 [main] INFO  impl.FilePerBlockStrategy (FilePerBlockStrategy.java:<init>(87)) - ozone.chunk.read.mapped.buffer.max.count is load with 0
2025-03-05 12:58:01,872 [main] INFO  impl.FilePerBlockStrategy (FilePerBlockStrategy.java:<init>(87)) - ozone.chunk.read.mapped.buffer.max.count is load with 0
2025-03-05 12:58:01,910 [main] INFO  impl.FilePerBlockStrategy (FilePerBlockStrategy.java:<init>(87)) - ozone.chunk.read.mapped.buffer.max.count is load with 0
2025-03-05 12:58:01,985 [BlockDeletingService#2] INFO  interfaces.ContainerDeletionChoosingPolicyTemplate (ContainerDeletionChoosingPolicyTemplate.java:chooseContainerForBlockDeletion(83)) - Chosen 0/3 blocks from 0 candidate containers.
2025-03-05 12:58:02,060 [BlockDeletingService#0] INFO  interfaces.ContainerDeletionChoosingPolicyTemplate (ContainerDeletionChoosingPolicyTemplate.java:chooseContainerForBlockDeletion(83)) - Chosen 10/0 blocks from 5 candidate containers.
2025-03-05 12:58:02,061 [BlockDeletingService#1] INFO  impl.FilePerBlockStrategy (FilePerBlockStrategy.java:deleteChunk(278)) - Deleted block file: /tmp/junit-15314758773886552240/hdds/f8cf93bf-85b6-4a74-ba81-33857e303723/current/containerDir2/114109938527372324/chunks/114109938529469477.block
2025-03-05 12:58:02,061 [BlockDeletingService#2] INFO  impl.FilePerBlockStrategy (FilePerBlockStrategy.java:deleteChunk(278)) - Deleted block file: /tmp/junit-15314758773886552240/hdds/f8cf93bf-85b6-4a74-ba81-33857e303723/current/containerDir130/114109938516558868/chunks/114109938518197269.block
2025-03-05 12:58:02,061 [BlockDeletingService#1] INFO  impl.FilePerBlockStrategy (FilePerBlockStrategy.java:deleteChunk(278)) - Deleted block file: /tmp/junit-15314758773886552240/hdds/f8cf93bf-85b6-4a74-ba81-33857e303723/current/containerDir2/114109938527372324/chunks/114109938529535014.block
2025-03-05 12:58:02,061 [BlockDeletingService#0] INFO  impl.FilePerBlockStrategy (FilePerBlockStrategy.java:deleteChunk(278)) - Deleted block file: /tmp/junit-15314758773886552240/hdds/f8cf93bf-85b6-4a74-ba81-33857e303723/current/containerDir2/114109938519114776/chunks/114109938521146393.block
2025-03-05 12:58:02,061 [BlockDeletingService#1] INFO  impl.FilePerBlockStrategy (FilePerBlockStrategy.java:deleteChunk(278)) - Deleted block file: /tmp/junit-15314758773886552240/hdds/f8cf93bf-85b6-4a74-ba81-33857e303723/current/containerDir2/114109938527372324/chunks/114109938529535015.block
2025-03-05 12:58:02,062 [BlockDeletingService#0] INFO  impl.FilePerBlockStrategy (FilePerBlockStrategy.java:deleteChunk(278)) - Deleted block file: /tmp/junit-15314758773886552240/hdds/f8cf93bf-85b6-4a74-ba81-33857e303723/current/containerDir2/114109938519114776/chunks/114109938521211930.block
2025-03-05 12:58:02,062 [BlockDeletingService#0] INFO  impl.FilePerBlockStrategy (FilePerBlockStrategy.java:deleteChunk(278)) - Deleted block file: /tmp/junit-15314758773886552240/hdds/f8cf93bf-85b6-4a74-ba81-33857e303723/current/containerDir2/114109938519114776/chunks/114109938521277467.block
2025-03-05 12:58:02,062 [BlockDeletingService#1] WARN  utils.BackgroundService (BackgroundService.java:lambda$run$0(151)) - 2025-03-05 12:58:02,062 [BlockDeletingService Background task execution took 1715675ns > 0ns(timeout)
2025-03-05 12:58:02,062 [BlockDeletingService#2] WARN  utils.BackgroundService (BackgroundService.java:lambda$run$0(151)) - BlockDeletingService Background task execution took 1552961ns > 0ns(timeout)
2025-03-05 12:58:02,062 [BlockDeletingService#0] WARN  utils.BackgroundService (BackgroundService.java:lambda$run$0(151)) - BlockDeletingService Background task execution took 1346265ns > 0ns(timeout)
2025-03-05 12:58:02,061 [BlockDeletingService#3] INFO  impl.FilePerBlockStrategy (FilePerBlockStrategy.java:deleteChunk(278)) - Deleted block file: /tmp/junit-15314758773886552240/hdds/f8cf93bf-85b6-4a74-ba81-33857e303723/current/containerDir2/114109938521998364/chunks/114109938523833373.block
2025-03-05 12:58:02,062 [BlockDeletingService#3] INFO  impl.FilePerBlockStrategy (FilePerBlockStrategy.java:deleteChunk(278)) - Deleted block file: /tmp/junit-15314758773886552240/hdds/f8cf93bf-85b6-4a74-ba81-33857e303723/current/containerDir2/114109938521998364/chunks/114109938523898910.block
2025-03-05 12:58:02,063 [BlockDeletingService#3] INFO  impl.FilePerBlockStrategy (FilePerBlockStrategy.java:deleteChunk(278)) - Deleted block file: /tmp/junit-15314758773886552240/hdds/f8cf93bf-85b6-4a74-ba81-33857e303723/current/containerDir2/114109938521998364/chunks/114109938523964447.block
2025-03-05 12:58:02,063 [BlockDeletingService#3] WARN  utils.BackgroundService (BackgroundService.java:lambda$run$0(151)) - BlockDeletingService Background task execution took 2208115ns > 0ns(timeout)
2025-03-05 12:58:02,160 [BlockDeletingService#4] INFO  interfaces.ContainerDeletionChoosingPolicyTemplate (ContainerDeletionChoosingPolicyTemplate.java:chooseContainerForBlockDeletion(83)) - Chosen 5/5 blocks from 2 candidate containers.
2025-03-05 12:58:02,160 [BlockDeletingService#1] INFO  impl.FilePerBlockStrategy (FilePerBlockStrategy.java:deleteChunk(278)) - Deleted block file: /tmp/junit-15314758773886552240/hdds/f8cf93bf-85b6-4a74-ba81-33857e303723/current/containerDir130/114109938524685344/chunks/114109938526258209.block
2025-03-05 12:58:02,160 [BlockDeletingService#1] INFO  impl.FilePerBlockStrategy (FilePerBlockStrategy.java:deleteChunk(278)) - Deleted block file: /tmp/junit-15314758773886552240/hdds/f8cf93bf-85b6-4a74-ba81-33857e303723/current/containerDir130/114109938524685344/chunks/114109938526323746.block
2025-03-05 12:58:02,160 [BlockDeletingService#6] INFO  impl.FilePerBlockStrategy (FilePerBlockStrategy.java:deleteChunk(278)) - Deleted block file: /tmp/junit-15314758773886552240/hdds/f8cf93bf-85b6-4a74-ba81-33857e303723/current/containerDir130/114109938516558868/chunks/114109938518262806.block
2025-03-05 12:58:02,161 [BlockDeletingService#6] INFO  impl.FilePerBlockStrategy (FilePerBlockStrategy.java:deleteChunk(278)) - Deleted block file: /tmp/junit-15314758773886552240/hdds/f8cf93bf-85b6-4a74-ba81-33857e303723/current/containerDir130/114109938516558868/chunks/114109938518328343.block
2025-03-05 12:58:02,161 [BlockDeletingService#6] WARN  utils.BackgroundService (BackgroundService.java:lambda$run$0(151)) - BlockDeletingService Background task execution took 1030936ns > 0ns(timeout)
2025-03-05 12:58:02,161 [BlockDeletingService#1] INFO  impl.FilePerBlockStrategy (FilePerBlockStrategy.java:deleteChunk(278)) - Deleted block file: /tmp/junit-15314758773886552240/hdds/f8cf93bf-85b6-4a74-ba81-33857e303723/current/containerDir130/114109938524685344/chunks/114109938526389283.block
2025-03-05 12:58:02,162 [BlockDeletingService#1] WARN  utils.BackgroundService (BackgroundService.java:lambda$run$0(151)) - BlockDeletingService Background task execution took 2329190ns > 0ns(timeout)
2025-03-05 12:58:02,259 [main] INFO  utils.BackgroundService (BackgroundService.java:shutdown(162)) - Shutting down service BlockDeletingService
]]></system-out>
  </testcase>
  <testcase name="testBlockThrottle(ContainerTestVersionInfo)[6]" classname="org.apache.hadoop.ozone.container.common.TestBlockDeletingService" time="0.545">
    <system-out><![CDATA[2025-03-05 12:58:02,270 [main] INFO  db.CodecBuffer (CodecBuffer.java:set(62)) - Successfully set constructor to LeakDetector::newCodecBuffer: org.apache.hadoop.hdds.utils.db.CodecBuffer$$Lambda/0x00007ff600206790@3b809711
2025-03-05 12:58:02,280 [main] INFO  volume.HddsVolume (HddsVolume.java:<init>(132)) - Creating HddsVolume: /tmp/junit-16734675062800145266/hdds of storage type: DISK, capacity=9222449699674390527, used=0, available=9222449699674390527
2025-03-05 12:58:02,281 [main] INFO  volume.MutableVolumeSet (MutableVolumeSet.java:initializeVolumeSet(169)) - Added Volume : /tmp/junit-16734675062800145266/hdds to VolumeSet
2025-03-05 12:58:02,307 [main] INFO  utils.DatanodeStoreCache (DatanodeStoreCache.java:addDB(71)) - Added db /tmp/junit-16734675062800145266/hdds/796b702d-73ab-42c3-8d2e-8b3091ddfb32/DS-b340facb-b192-4423-9ed0-e6e97e58e27e/container.db to cache
2025-03-05 12:58:02,307 [main] INFO  volume.HddsVolume (HddsVolume.java:createDbStore(446)) - SchemaV3 db is created and loaded at /tmp/junit-16734675062800145266/hdds/796b702d-73ab-42c3-8d2e-8b3091ddfb32/DS-b340facb-b192-4423-9ed0-e6e97e58e27e/container.db for volume DS-b340facb-b192-4423-9ed0-e6e97e58e27e
2025-03-05 12:58:02,308 [main] INFO  impl.FilePerChunkStrategy (FilePerChunkStrategy.java:<init>(79)) - ozone.chunk.read.mapped.buffer.max.count is load with 0
2025-03-05 12:58:02,308 [main] INFO  impl.FilePerBlockStrategy (FilePerBlockStrategy.java:<init>(87)) - ozone.chunk.read.mapped.buffer.max.count is load with 0
2025-03-05 12:58:02,308 [main] INFO  impl.FilePerBlockStrategy (FilePerBlockStrategy.java:<init>(87)) - ozone.chunk.read.mapped.buffer.max.count is load with 0
2025-03-05 12:58:02,349 [main] INFO  impl.FilePerBlockStrategy (FilePerBlockStrategy.java:<init>(87)) - ozone.chunk.read.mapped.buffer.max.count is load with 0
2025-03-05 12:58:02,386 [main] INFO  impl.FilePerBlockStrategy (FilePerBlockStrategy.java:<init>(87)) - ozone.chunk.read.mapped.buffer.max.count is load with 0
2025-03-05 12:58:02,424 [main] INFO  impl.FilePerBlockStrategy (FilePerBlockStrategy.java:<init>(87)) - ozone.chunk.read.mapped.buffer.max.count is load with 0
2025-03-05 12:58:02,465 [main] INFO  impl.FilePerBlockStrategy (FilePerBlockStrategy.java:<init>(87)) - ozone.chunk.read.mapped.buffer.max.count is load with 0
2025-03-05 12:58:02,606 [BlockDeletingService#0] INFO  interfaces.ContainerDeletionChoosingPolicyTemplate (ContainerDeletionChoosingPolicyTemplate.java:chooseContainerForBlockDeletion(83)) - Chosen 10/0 blocks from 5 candidate containers.
2025-03-05 12:58:02,607 [BlockDeletingService#1] INFO  impl.FilePerBlockStrategy (FilePerBlockStrategy.java:deleteChunk(278)) - Deleted block file: /tmp/junit-16734675062800145266/hdds/796b702d-73ab-42c3-8d2e-8b3091ddfb32/current/containerDir130/114109938553259048/chunks/114109938555094057.block
2025-03-05 12:58:02,607 [BlockDeletingService#2] INFO  impl.FilePerBlockStrategy (FilePerBlockStrategy.java:deleteChunk(278)) - Deleted block file: /tmp/junit-16734675062800145266/hdds/796b702d-73ab-42c3-8d2e-8b3091ddfb32/current/containerDir130/114109938558370864/chunks/114109938559943729.block
2025-03-05 12:58:02,607 [BlockDeletingService#1] INFO  impl.FilePerBlockStrategy (FilePerBlockStrategy.java:deleteChunk(278)) - Deleted block file: /tmp/junit-16734675062800145266/hdds/796b702d-73ab-42c3-8d2e-8b3091ddfb32/current/containerDir130/114109938553259048/chunks/114109938555094058.block
2025-03-05 12:58:02,608 [BlockDeletingService#3] INFO  impl.FilePerBlockStrategy (FilePerBlockStrategy.java:deleteChunk(278)) - Deleted block file: /tmp/junit-16734675062800145266/hdds/796b702d-73ab-42c3-8d2e-8b3091ddfb32/current/containerDir130/114109938563482680/chunks/114109938565252153.block
2025-03-05 12:58:02,608 [BlockDeletingService#3] INFO  impl.FilePerBlockStrategy (FilePerBlockStrategy.java:deleteChunk(278)) - Deleted block file: /tmp/junit-16734675062800145266/hdds/796b702d-73ab-42c3-8d2e-8b3091ddfb32/current/containerDir130/114109938563482680/chunks/114109938565317690.block
2025-03-05 12:58:02,608 [BlockDeletingService#3] INFO  impl.FilePerBlockStrategy (FilePerBlockStrategy.java:deleteChunk(278)) - Deleted block file: /tmp/junit-16734675062800145266/hdds/796b702d-73ab-42c3-8d2e-8b3091ddfb32/current/containerDir130/114109938563482680/chunks/114109938565317691.block
2025-03-05 12:58:02,608 [BlockDeletingService#2] WARN  utils.BackgroundService (BackgroundService.java:lambda$run$0(151)) - BlockDeletingService Background task execution took 1133487ns > 0ns(timeout)
2025-03-05 12:58:02,608 [BlockDeletingService#3] WARN  utils.BackgroundService (BackgroundService.java:lambda$run$0(151)) - BlockDeletingService Background task execution took 1100145ns > 0ns(timeout)
2025-03-05 12:58:02,609 [BlockDeletingService#2] INFO  impl.FilePerBlockStrategy (FilePerBlockStrategy.java:deleteChunk(278)) - Deleted block file: /tmp/junit-16734675062800145266/hdds/796b702d-73ab-42c3-8d2e-8b3091ddfb32/current/containerDir130/114109938560861236/chunks/114109938562630709.block
2025-03-05 12:58:02,609 [BlockDeletingService#2] INFO  impl.FilePerBlockStrategy (FilePerBlockStrategy.java:deleteChunk(278)) - Deleted block file: /tmp/junit-16734675062800145266/hdds/796b702d-73ab-42c3-8d2e-8b3091ddfb32/current/containerDir130/114109938560861236/chunks/114109938562630710.block
2025-03-05 12:58:02,609 [BlockDeletingService#2] INFO  impl.FilePerBlockStrategy (FilePerBlockStrategy.java:deleteChunk(278)) - Deleted block file: /tmp/junit-16734675062800145266/hdds/796b702d-73ab-42c3-8d2e-8b3091ddfb32/current/containerDir130/114109938560861236/chunks/114109938562696247.block
2025-03-05 12:58:02,608 [BlockDeletingService#1] INFO  impl.FilePerBlockStrategy (FilePerBlockStrategy.java:deleteChunk(278)) - Deleted block file: /tmp/junit-16734675062800145266/hdds/796b702d-73ab-42c3-8d2e-8b3091ddfb32/current/containerDir130/114109938553259048/chunks/114109938555159595.block
2025-03-05 12:58:02,609 [BlockDeletingService#2] WARN  utils.BackgroundService (BackgroundService.java:lambda$run$0(151)) - BlockDeletingService Background task execution took 1084556ns > 0ns(timeout)
2025-03-05 12:58:02,609 [BlockDeletingService#1] WARN  utils.BackgroundService (BackgroundService.java:lambda$run$0(151)) - BlockDeletingService Background task execution took 2718638ns > 0ns(timeout)
2025-03-05 12:58:02,706 [BlockDeletingService#3] INFO  interfaces.ContainerDeletionChoosingPolicyTemplate (ContainerDeletionChoosingPolicyTemplate.java:chooseContainerForBlockDeletion(83)) - Chosen 5/5 blocks from 2 candidate containers.
2025-03-05 12:58:02,706 [BlockDeletingService#0] INFO  impl.FilePerBlockStrategy (FilePerBlockStrategy.java:deleteChunk(278)) - Deleted block file: /tmp/junit-16734675062800145266/hdds/796b702d-73ab-42c3-8d2e-8b3091ddfb32/current/containerDir130/114109938555880492/chunks/114109938557518893.block
2025-03-05 12:58:02,707 [BlockDeletingService#0] INFO  impl.FilePerBlockStrategy (FilePerBlockStrategy.java:deleteChunk(278)) - Deleted block file: /tmp/junit-16734675062800145266/hdds/796b702d-73ab-42c3-8d2e-8b3091ddfb32/current/containerDir130/114109938555880492/chunks/114109938557584430.block
2025-03-05 12:58:02,707 [BlockDeletingService#0] INFO  impl.FilePerBlockStrategy (FilePerBlockStrategy.java:deleteChunk(278)) - Deleted block file: /tmp/junit-16734675062800145266/hdds/796b702d-73ab-42c3-8d2e-8b3091ddfb32/current/containerDir130/114109938555880492/chunks/114109938557584431.block
2025-03-05 12:58:02,707 [BlockDeletingService#6] INFO  impl.FilePerBlockStrategy (FilePerBlockStrategy.java:deleteChunk(278)) - Deleted block file: /tmp/junit-16734675062800145266/hdds/796b702d-73ab-42c3-8d2e-8b3091ddfb32/current/containerDir130/114109938558370864/chunks/114109938560009266.block
2025-03-05 12:58:02,707 [BlockDeletingService#6] INFO  impl.FilePerBlockStrategy (FilePerBlockStrategy.java:deleteChunk(278)) - Deleted block file: /tmp/junit-16734675062800145266/hdds/796b702d-73ab-42c3-8d2e-8b3091ddfb32/current/containerDir130/114109938558370864/chunks/114109938560074803.block
2025-03-05 12:58:02,707 [BlockDeletingService#0] WARN  utils.BackgroundService (BackgroundService.java:lambda$run$0(151)) - BlockDeletingService Background task execution took 1162061ns > 0ns(timeout)
2025-03-05 12:58:02,707 [BlockDeletingService#6] WARN  utils.BackgroundService (BackgroundService.java:lambda$run$0(151)) - BlockDeletingService Background task execution took 1098271ns > 0ns(timeout)
2025-03-05 12:58:02,806 [main] INFO  utils.BackgroundService (BackgroundService.java:shutdown(162)) - Shutting down service BlockDeletingService
]]></system-out>
  </testcase>
  <testcase name="testBlockThrottle(ContainerTestVersionInfo)[7]" classname="org.apache.hadoop.ozone.container.common.TestBlockDeletingService" time="0.578">
    <system-out><![CDATA[2025-03-05 12:58:02,817 [main] INFO  db.CodecBuffer (CodecBuffer.java:set(62)) - Successfully set constructor to LeakDetector::newCodecBuffer: org.apache.hadoop.hdds.utils.db.CodecBuffer$$Lambda/0x00007ff600206790@3b809711
2025-03-05 12:58:02,828 [main] INFO  volume.HddsVolume (HddsVolume.java:<init>(132)) - Creating HddsVolume: /tmp/junit-6912950522813979305/hdds of storage type: DISK, capacity=9222449699674390527, used=0, available=9222449699674390527
2025-03-05 12:58:02,829 [main] INFO  volume.MutableVolumeSet (MutableVolumeSet.java:initializeVolumeSet(169)) - Added Volume : /tmp/junit-6912950522813979305/hdds to VolumeSet
2025-03-05 12:58:02,855 [main] INFO  utils.DatanodeStoreCache (DatanodeStoreCache.java:addDB(71)) - Added db /tmp/junit-6912950522813979305/hdds/cb028b38-112e-4624-89eb-8dd60fca6700/DS-0c1cde1e-fe38-43ce-968d-fbe0f3272094/container.db to cache
2025-03-05 12:58:02,855 [main] INFO  volume.HddsVolume (HddsVolume.java:createDbStore(446)) - SchemaV3 db is created and loaded at /tmp/junit-6912950522813979305/hdds/cb028b38-112e-4624-89eb-8dd60fca6700/DS-0c1cde1e-fe38-43ce-968d-fbe0f3272094/container.db for volume DS-0c1cde1e-fe38-43ce-968d-fbe0f3272094
2025-03-05 12:58:02,856 [main] INFO  impl.FilePerChunkStrategy (FilePerChunkStrategy.java:<init>(79)) - ozone.chunk.read.mapped.buffer.max.count is load with 0
2025-03-05 12:58:02,856 [main] INFO  impl.FilePerBlockStrategy (FilePerBlockStrategy.java:<init>(87)) - ozone.chunk.read.mapped.buffer.max.count is load with 0
2025-03-05 12:58:02,856 [main] INFO  impl.FilePerBlockStrategy (FilePerBlockStrategy.java:<init>(87)) - ozone.chunk.read.mapped.buffer.max.count is load with 0
2025-03-05 12:58:02,896 [main] INFO  impl.FilePerBlockStrategy (FilePerBlockStrategy.java:<init>(87)) - ozone.chunk.read.mapped.buffer.max.count is load with 0
2025-03-05 12:58:02,935 [main] INFO  impl.FilePerBlockStrategy (FilePerBlockStrategy.java:<init>(87)) - ozone.chunk.read.mapped.buffer.max.count is load with 0
2025-03-05 12:58:02,986 [BlockDeletingService#2] INFO  interfaces.ContainerDeletionChoosingPolicyTemplate (ContainerDeletionChoosingPolicyTemplate.java:chooseContainerForBlockDeletion(83)) - Chosen 0/3 blocks from 0 candidate containers.
2025-03-05 12:58:02,994 [main] INFO  impl.FilePerBlockStrategy (FilePerBlockStrategy.java:<init>(87)) - ozone.chunk.read.mapped.buffer.max.count is load with 0
2025-03-05 12:58:03,043 [main] INFO  impl.FilePerBlockStrategy (FilePerBlockStrategy.java:<init>(87)) - ozone.chunk.read.mapped.buffer.max.count is load with 0
2025-03-05 12:58:03,184 [BlockDeletingService#0] INFO  interfaces.ContainerDeletionChoosingPolicyTemplate (ContainerDeletionChoosingPolicyTemplate.java:chooseContainerForBlockDeletion(83)) - Chosen 10/0 blocks from 5 candidate containers.
2025-03-05 12:58:03,187 [BlockDeletingService#2] INFO  impl.FilePerBlockStrategy (FilePerBlockStrategy.java:deleteChunk(278)) - Deleted block file: /tmp/junit-6912950522813979305/hdds/cb028b38-112e-4624-89eb-8dd60fca6700/current/containerDir2/114109938591728704/chunks/114109938593498177.block
2025-03-05 12:58:03,187 [BlockDeletingService#1] INFO  impl.FilePerBlockStrategy (FilePerBlockStrategy.java:deleteChunk(278)) - Deleted block file: /tmp/junit-6912950522813979305/hdds/cb028b38-112e-4624-89eb-8dd60fca6700/current/containerDir2/114109938594612292/chunks/114109938597233733.block
2025-03-05 12:58:03,187 [BlockDeletingService#1] INFO  impl.FilePerBlockStrategy (FilePerBlockStrategy.java:deleteChunk(278)) - Deleted block file: /tmp/junit-6912950522813979305/hdds/cb028b38-112e-4624-89eb-8dd60fca6700/current/containerDir2/114109938594612292/chunks/114109938597364806.block
2025-03-05 12:58:03,187 [BlockDeletingService#1] INFO  impl.FilePerBlockStrategy (FilePerBlockStrategy.java:deleteChunk(278)) - Deleted block file: /tmp/junit-6912950522813979305/hdds/cb028b38-112e-4624-89eb-8dd60fca6700/current/containerDir2/114109938594612292/chunks/114109938597430343.block
2025-03-05 12:58:03,187 [BlockDeletingService#0] INFO  impl.FilePerBlockStrategy (FilePerBlockStrategy.java:deleteChunk(278)) - Deleted block file: /tmp/junit-6912950522813979305/hdds/cb028b38-112e-4624-89eb-8dd60fca6700/current/containerDir2/114109938601428044/chunks/114109938603066445.block
2025-03-05 12:58:03,188 [BlockDeletingService#2] WARN  utils.BackgroundService (BackgroundService.java:lambda$run$0(151)) - BlockDeletingService Background task execution took 2670098ns > 0ns(timeout)
2025-03-05 12:58:03,188 [BlockDeletingService#0] INFO  impl.FilePerBlockStrategy (FilePerBlockStrategy.java:deleteChunk(278)) - Deleted block file: /tmp/junit-6912950522813979305/hdds/cb028b38-112e-4624-89eb-8dd60fca6700/current/containerDir2/114109938601428044/chunks/114109938603131982.block
2025-03-05 12:58:03,188 [BlockDeletingService#1] WARN  utils.BackgroundService (BackgroundService.java:lambda$run$0(151)) - BlockDeletingService Background task execution took 3083623ns > 0ns(timeout)
2025-03-05 12:58:03,187 [BlockDeletingService#3] INFO  impl.FilePerBlockStrategy (FilePerBlockStrategy.java:deleteChunk(278)) - Deleted block file: /tmp/junit-6912950522813979305/hdds/cb028b38-112e-4624-89eb-8dd60fca6700/current/containerDir130/114109938589172796/chunks/114109938590876733.block
2025-03-05 12:58:03,188 [BlockDeletingService#0] INFO  impl.FilePerBlockStrategy (FilePerBlockStrategy.java:deleteChunk(278)) - Deleted block file: /tmp/junit-6912950522813979305/hdds/cb028b38-112e-4624-89eb-8dd60fca6700/current/containerDir2/114109938601428044/chunks/114109938603131983.block
2025-03-05 12:58:03,188 [BlockDeletingService#3] INFO  impl.FilePerBlockStrategy (FilePerBlockStrategy.java:deleteChunk(278)) - Deleted block file: /tmp/junit-6912950522813979305/hdds/cb028b38-112e-4624-89eb-8dd60fca6700/current/containerDir130/114109938589172796/chunks/114109938590942270.block
2025-03-05 12:58:03,188 [BlockDeletingService#3] INFO  impl.FilePerBlockStrategy (FilePerBlockStrategy.java:deleteChunk(278)) - Deleted block file: /tmp/junit-6912950522813979305/hdds/cb028b38-112e-4624-89eb-8dd60fca6700/current/containerDir130/114109938589172796/chunks/114109938591007807.block
2025-03-05 12:58:03,189 [BlockDeletingService#0] WARN  utils.BackgroundService (BackgroundService.java:lambda$run$0(151)) - BlockDeletingService Background task execution took 2907499ns > 0ns(timeout)
2025-03-05 12:58:03,189 [BlockDeletingService#3] WARN  utils.BackgroundService (BackgroundService.java:lambda$run$0(151)) - BlockDeletingService Background task execution took 3143255ns > 0ns(timeout)
2025-03-05 12:58:03,284 [BlockDeletingService#4] INFO  interfaces.ContainerDeletionChoosingPolicyTemplate (ContainerDeletionChoosingPolicyTemplate.java:chooseContainerForBlockDeletion(83)) - Chosen 5/5 blocks from 2 candidate containers.
2025-03-05 12:58:03,285 [BlockDeletingService#2] INFO  impl.FilePerBlockStrategy (FilePerBlockStrategy.java:deleteChunk(278)) - Deleted block file: /tmp/junit-6912950522813979305/hdds/cb028b38-112e-4624-89eb-8dd60fca6700/current/containerDir130/114109938598478920/chunks/114109938600510537.block
2025-03-05 12:58:03,285 [BlockDeletingService#2] INFO  impl.FilePerBlockStrategy (FilePerBlockStrategy.java:deleteChunk(278)) - Deleted block file: /tmp/junit-6912950522813979305/hdds/cb028b38-112e-4624-89eb-8dd60fca6700/current/containerDir130/114109938598478920/chunks/114109938600576074.block
2025-03-05 12:58:03,285 [BlockDeletingService#2] INFO  impl.FilePerBlockStrategy (FilePerBlockStrategy.java:deleteChunk(278)) - Deleted block file: /tmp/junit-6912950522813979305/hdds/cb028b38-112e-4624-89eb-8dd60fca6700/current/containerDir130/114109938598478920/chunks/114109938600641611.block
2025-03-05 12:58:03,285 [BlockDeletingService#6] INFO  impl.FilePerBlockStrategy (FilePerBlockStrategy.java:deleteChunk(278)) - Deleted block file: /tmp/junit-6912950522813979305/hdds/cb028b38-112e-4624-89eb-8dd60fca6700/current/containerDir2/114109938591728704/chunks/114109938593563714.block
2025-03-05 12:58:03,285 [BlockDeletingService#6] INFO  impl.FilePerBlockStrategy (FilePerBlockStrategy.java:deleteChunk(278)) - Deleted block file: /tmp/junit-6912950522813979305/hdds/cb028b38-112e-4624-89eb-8dd60fca6700/current/containerDir2/114109938591728704/chunks/114109938593563715.block
2025-03-05 12:58:03,286 [BlockDeletingService#2] WARN  utils.BackgroundService (BackgroundService.java:lambda$run$0(151)) - BlockDeletingService Background task execution took 1511724ns > 0ns(timeout)
2025-03-05 12:58:03,286 [BlockDeletingService#6] WARN  utils.BackgroundService (BackgroundService.java:lambda$run$0(151)) - BlockDeletingService Background task execution took 1364309ns > 0ns(timeout)
2025-03-05 12:58:03,384 [main] INFO  utils.BackgroundService (BackgroundService.java:shutdown(162)) - Shutting down service BlockDeletingService
]]></system-out>
  </testcase>
  <testcase name="testBlockThrottle(ContainerTestVersionInfo)[8]" classname="org.apache.hadoop.ozone.container.common.TestBlockDeletingService" time="0.43">
    <system-out><![CDATA[2025-03-05 12:58:03,397 [main] INFO  db.CodecBuffer (CodecBuffer.java:set(62)) - Successfully set constructor to LeakDetector::newCodecBuffer: org.apache.hadoop.hdds.utils.db.CodecBuffer$$Lambda/0x00007ff600206790@3b809711
2025-03-05 12:58:03,407 [main] INFO  volume.HddsVolume (HddsVolume.java:<init>(132)) - Creating HddsVolume: /tmp/junit-7381034784128235962/hdds of storage type: DISK, capacity=9222449699674390527, used=0, available=9222449699674390527
2025-03-05 12:58:03,409 [main] INFO  volume.MutableVolumeSet (MutableVolumeSet.java:initializeVolumeSet(169)) - Added Volume : /tmp/junit-7381034784128235962/hdds to VolumeSet
2025-03-05 12:58:03,432 [main] INFO  utils.DatanodeStoreCache (DatanodeStoreCache.java:addDB(71)) - Added db /tmp/junit-7381034784128235962/hdds/4fbc6af3-cc52-498f-bdba-56d706082bcd/DS-e83e400a-1813-44a5-82f2-dfaac7c5047b/container.db to cache
2025-03-05 12:58:03,432 [main] INFO  volume.HddsVolume (HddsVolume.java:createDbStore(446)) - SchemaV3 db is created and loaded at /tmp/junit-7381034784128235962/hdds/4fbc6af3-cc52-498f-bdba-56d706082bcd/DS-e83e400a-1813-44a5-82f2-dfaac7c5047b/container.db for volume DS-e83e400a-1813-44a5-82f2-dfaac7c5047b
2025-03-05 12:58:03,434 [main] INFO  impl.FilePerChunkStrategy (FilePerChunkStrategy.java:<init>(79)) - ozone.chunk.read.mapped.buffer.max.count is load with 0
2025-03-05 12:58:03,434 [main] INFO  impl.FilePerBlockStrategy (FilePerBlockStrategy.java:<init>(87)) - ozone.chunk.read.mapped.buffer.max.count is load with 0
2025-03-05 12:58:03,434 [main] INFO  impl.FilePerBlockStrategy (FilePerBlockStrategy.java:<init>(87)) - ozone.chunk.read.mapped.buffer.max.count is load with 0
2025-03-05 12:58:03,450 [main] INFO  impl.FilePerBlockStrategy (FilePerBlockStrategy.java:<init>(87)) - ozone.chunk.read.mapped.buffer.max.count is load with 0
2025-03-05 12:58:03,469 [main] INFO  impl.FilePerBlockStrategy (FilePerBlockStrategy.java:<init>(87)) - ozone.chunk.read.mapped.buffer.max.count is load with 0
2025-03-05 12:58:03,486 [main] INFO  impl.FilePerBlockStrategy (FilePerBlockStrategy.java:<init>(87)) - ozone.chunk.read.mapped.buffer.max.count is load with 0
2025-03-05 12:58:03,501 [main] INFO  impl.FilePerBlockStrategy (FilePerBlockStrategy.java:<init>(87)) - ozone.chunk.read.mapped.buffer.max.count is load with 0
2025-03-05 12:58:03,620 [BlockDeletingService#0] INFO  interfaces.ContainerDeletionChoosingPolicyTemplate (ContainerDeletionChoosingPolicyTemplate.java:chooseContainerForBlockDeletion(83)) - Chosen 10/0 blocks from 5 candidate containers.
2025-03-05 12:58:03,621 [BlockDeletingService#1] INFO  impl.FilePerBlockStrategy (FilePerBlockStrategy.java:deleteChunk(278)) - Deleted block file: /tmp/junit-7381034784128235962/hdds/4fbc6af3-cc52-498f-bdba-56d706082bcd/current/containerDir130/114109938631378016/chunks/114109938631509089.block
2025-03-05 12:58:03,621 [BlockDeletingService#2] INFO  impl.FilePerBlockStrategy (FilePerBlockStrategy.java:deleteChunk(278)) - Deleted block file: /tmp/junit-7381034784128235962/hdds/4fbc6af3-cc52-498f-bdba-56d706082bcd/current/containerDir130/114109938629411928/chunks/114109938629608537.block
2025-03-05 12:58:03,621 [BlockDeletingService#1] INFO  impl.FilePerBlockStrategy (FilePerBlockStrategy.java:deleteChunk(278)) - Deleted block file: /tmp/junit-7381034784128235962/hdds/4fbc6af3-cc52-498f-bdba-56d706082bcd/current/containerDir130/114109938631378016/chunks/114109938631640162.block
2025-03-05 12:58:03,622 [BlockDeletingService#1] INFO  impl.FilePerBlockStrategy (FilePerBlockStrategy.java:deleteChunk(278)) - Deleted block file: /tmp/junit-7381034784128235962/hdds/4fbc6af3-cc52-498f-bdba-56d706082bcd/current/containerDir130/114109938631378016/chunks/114109938631771235.block
2025-03-05 12:58:03,622 [BlockDeletingService#2] WARN  utils.BackgroundService (BackgroundService.java:lambda$run$0(151)) - BlockDeletingService Background task execution took 1311590ns > 0ns(timeout)
2025-03-05 12:58:03,622 [BlockDeletingService#1] WARN  utils.BackgroundService (BackgroundService.java:lambda$run$0(151)) - BlockDeletingService Background task execution took 1858094ns > 0ns(timeout)
2025-03-05 12:58:03,622 [BlockDeletingService#2] INFO  impl.FilePerBlockStrategy (FilePerBlockStrategy.java:deleteChunk(278)) - Deleted block file: /tmp/junit-7381034784128235962/hdds/4fbc6af3-cc52-498f-bdba-56d706082bcd/current/containerDir130/114109938630460508/chunks/114109938630526045.block
2025-03-05 12:58:03,622 [BlockDeletingService#2] INFO  impl.FilePerBlockStrategy (FilePerBlockStrategy.java:deleteChunk(278)) - Deleted block file: /tmp/junit-7381034784128235962/hdds/4fbc6af3-cc52-498f-bdba-56d706082bcd/current/containerDir130/114109938630460508/chunks/114109938630591582.block
2025-03-05 12:58:03,622 [BlockDeletingService#2] INFO  impl.FilePerBlockStrategy (FilePerBlockStrategy.java:deleteChunk(278)) - Deleted block file: /tmp/junit-7381034784128235962/hdds/4fbc6af3-cc52-498f-bdba-56d706082bcd/current/containerDir130/114109938630460508/chunks/114109938630657119.block
2025-03-05 12:58:03,623 [BlockDeletingService#0] INFO  impl.FilePerBlockStrategy (FilePerBlockStrategy.java:deleteChunk(278)) - Deleted block file: /tmp/junit-7381034784128235962/hdds/4fbc6af3-cc52-498f-bdba-56d706082bcd/current/containerDir130/114109938627052624/chunks/114109938627183697.block
2025-03-05 12:58:03,623 [BlockDeletingService#2] WARN  utils.BackgroundService (BackgroundService.java:lambda$run$0(151)) - BlockDeletingService Background task execution took 1113971ns > 0ns(timeout)
FilePerBlockStrategy.java:deleteChunk(278)) - Deleted block file: /tmp/junit-7381034784128235962/hdds/4fbc6af3-cc52-498f-bdba-56d706082bcd/current/containerDir130/114109938627052624/chunks/114109938627249234.block
2025-03-05 12:58:03,623 [BlockDeletingService#2] WARN  utils.BackgroundService (BackgroundService.java:lambda$run$0(151)) - BlockDeletingService Background task execution took 1113971ns > 0ns(timeout)
2025-03-05 12:58:03,623 [BlockDeletingService#0] INFO  impl.FilePerBlockStrategy (FilePerBlockStrategy.java:deleteChunk(278)) - Deleted block file: /tmp/junit-7381034784128235962/hdds/4fbc6af3-cc52-498f-bdba-56d706082bcd/current/containerDir130/114109938627052624/chunks/114109938627314771.block
2025-03-05 12:58:03,623 [BlockDeletingService#0] WARN  utils.BackgroundService (BackgroundService.java:lambda$run$0(151)) - BlockDeletingService Background task execution took 1118209ns > 0ns(timeout)
2025-03-05 12:58:03,720 [BlockDeletingService#2] INFO  interfaces.ContainerDeletionChoosingPolicyTemplate (ContainerDeletionChoosingPolicyTemplate.java:chooseContainerForBlockDeletion(83)) - Chosen 5/5 blocks from 2 candidate containers.
2025-03-05 12:58:03,721 [BlockDeletingService#4] INFO  impl.FilePerBlockStrategy (FilePerBlockStrategy.java:deleteChunk(278)) - Deleted block file: /tmp/junit-7381034784128235962/hdds/4fbc6af3-cc52-498f-bdba-56d706082bcd/current/containerDir130/114109938628363348/chunks/114109938628494421.block
2025-03-05 12:58:03,721 [BlockDeletingService#0] INFO  impl.FilePerBlockStrategy (FilePerBlockStrategy.java:deleteChunk(278)) - Deleted block file: /tmp/junit-7381034784128235962/hdds/4fbc6af3-cc52-498f-bdba-56d706082bcd/current/containerDir130/114109938629411928/chunks/114109938629608538.block
2025-03-05 12:58:03,721 [BlockDeletingService#4] INFO  impl.FilePerBlockStrategy (FilePerBlockStrategy.java:deleteChunk(278)) - Deleted block file: /tmp/junit-7381034784128235962/hdds/4fbc6af3-cc52-498f-bdba-56d706082bcd/current/containerDir130/114109938628363348/chunks/114109938628559958.block
2025-03-05 12:58:03,721 [BlockDeletingService#0] INFO  impl.FilePerBlockStrategy (FilePerBlockStrategy.java:deleteChunk(278)) - Deleted block file: /tmp/junit-7381034784128235962/hdds/4fbc6af3-cc52-498f-bdba-56d706082bcd/current/containerDir130/114109938629411928/chunks/114109938629674075.block
2025-03-05 12:58:03,721 [BlockDeletingService#4] INFO  impl.FilePerBlockStrategy (FilePerBlockStrategy.java:deleteChunk(278)) - Deleted block file: /tmp/junit-7381034784128235962/hdds/4fbc6af3-cc52-498f-bdba-56d706082bcd/current/containerDir130/114109938628363348/chunks/114109938628625495.block
utils.BackgroundService (BackgroundService.java:lambda$run$0(151)) - BlockDeletingService Background task execution took 1994236ns > 0ns(timeout)
2025-03-05 12:58:03,722 [BlockDeletingService#0] WARN  utils.BackgroundService (BackgroundService.java:lambda$run$0(151)) - BlockDeletingService Background task execution took 1864867ns > 0ns(timeout)
2025-03-05 12:58:03,819 [main] INFO  utils.BackgroundService (BackgroundService.java:shutdown(162)) - Shutting down service BlockDeletingService
]]></system-out>
  </testcase>
  <testcase name="testPendingDeleteBlockReset(ContainerTestVersionInfo)[1]" classname="org.apache.hadoop.ozone.container.common.TestBlockDeletingService" time="0.045">
    <system-out><![CDATA[2025-03-05 12:58:03,829 [main] INFO  db.CodecBuffer (CodecBuffer.java:set(62)) - Successfully set constructor to LeakDetector::newCodecBuffer: org.apache.hadoop.hdds.utils.db.CodecBuffer$$Lambda/0x00007ff600206790@3b809711
2025-03-05 12:58:03,839 [main] INFO  volume.HddsVolume (HddsVolume.java:<init>(132)) - Creating HddsVolume: /tmp/junit-692489103543530699/hdds of storage type: DISK, capacity=9222449699674390527, used=0, available=9222449699674390527
2025-03-05 12:58:03,840 [main] INFO  volume.MutableVolumeSet (MutableVolumeSet.java:initializeVolumeSet(169)) - Added Volume : /tmp/junit-692489103543530699/hdds to VolumeSet
2025-03-05 12:58:03,870 [main] INFO  utils.DatanodeStoreCache (DatanodeStoreCache.java:addDB(71)) - Added db /tmp/junit-692489103543530699/hdds/ebb5ae26-c1d7-4b2e-95cc-aab54eb8d5a7/DS-25983f14-d3d3-4e74-a2aa-7bafcc1f3ac1/container.db to cache
2025-03-05 12:58:03,870 [main] INFO  volume.HddsVolume (HddsVolume.java:createDbStore(446)) - SchemaV3 db is created and loaded at /tmp/junit-692489103543530699/hdds/ebb5ae26-c1d7-4b2e-95cc-aab54eb8d5a7/DS-25983f14-d3d3-4e74-a2aa-7bafcc1f3ac1/container.db for volume DS-25983f14-d3d3-4e74-a2aa-7bafcc1f3ac1
]]></system-out>
  </testcase>
  <testcase name="testPendingDeleteBlockReset(ContainerTestVersionInfo)[2]" classname="org.apache.hadoop.ozone.container.common.TestBlockDeletingService" time="0.05">
    <system-out><![CDATA[2025-03-05 12:58:03,876 [main] INFO  db.CodecBuffer (CodecBuffer.java:set(62)) - Successfully set constructor to LeakDetector::newCodecBuffer: org.apache.hadoop.hdds.utils.db.CodecBuffer$$Lambda/0x00007ff600206790@3b809711
2025-03-05 12:58:03,888 [main] INFO  volume.HddsVolume (HddsVolume.java:<init>(132)) - Creating HddsVolume: /tmp/junit-17055847825558158271/hdds of storage type: DISK, capacity=9222449699674390527, used=0, available=9222449699674390527
2025-03-05 12:58:03,890 [main] INFO  volume.MutableVolumeSet (MutableVolumeSet.java:initializeVolumeSet(169)) - Added Volume : /tmp/junit-17055847825558158271/hdds to VolumeSet
2025-03-05 12:58:03,921 [main] INFO  utils.DatanodeStoreCache (DatanodeStoreCache.java:addDB(71)) - Added db /tmp/junit-17055847825558158271/hdds/3fdfa8c3-4140-448e-9ba9-b2fb655300a7/DS-00bc8e4a-42b7-4eb6-93a7-1519c38e00cd/container.db to cache
2025-03-05 12:58:03,921 [main] INFO  volume.HddsVolume (HddsVolume.java:createDbStore(446)) - SchemaV3 db is created and loaded at /tmp/junit-17055847825558158271/hdds/3fdfa8c3-4140-448e-9ba9-b2fb655300a7/DS-00bc8e4a-42b7-4eb6-93a7-1519c38e00cd/container.db for volume DS-00bc8e4a-42b7-4eb6-93a7-1519c38e00cd
]]></system-out>
  </testcase>
  <testcase name="testPendingDeleteBlockReset(ContainerTestVersionInfo)[3]" classname="org.apache.hadoop.ozone.container.common.TestBlockDeletingService" time="0.142">
    <system-out><![CDATA[2025-03-05 12:58:03,926 [main] INFO  db.CodecBuffer (CodecBuffer.java:set(62)) - Successfully set constructor to LeakDetector::newCodecBuffer: org.apache.hadoop.hdds.utils.db.CodecBuffer$$Lambda/0x00007ff600206790@3b809711
2025-03-05 12:58:03,939 [main] INFO  volume.HddsVolume (HddsVolume.java:<init>(132)) - Creating HddsVolume: /tmp/junit-16367352334185938221/hdds of storage type: DISK, capacity=9222449699674390527, used=0, available=9222449699674390527
2025-03-05 12:58:03,940 [main] INFO  volume.MutableVolumeSet (MutableVolumeSet.java:initializeVolumeSet(169)) - Added Volume : /tmp/junit-16367352334185938221/hdds to VolumeSet
2025-03-05 12:58:03,968 [main] INFO  utils.DatanodeStoreCache (DatanodeStoreCache.java:addDB(71)) - Added db /tmp/junit-16367352334185938221/hdds/3ee6b329-b807-4ee3-b066-85c5f602add3/DS-e111f7bd-42aa-4f63-bbf9-b394330cfb5b/container.db to cache
2025-03-05 12:58:03,968 [main] INFO  volume.HddsVolume (HddsVolume.java:createDbStore(446)) - SchemaV3 db is created and loaded at /tmp/junit-16367352334185938221/hdds/3ee6b329-b807-4ee3-b066-85c5f602add3/DS-e111f7bd-42aa-4f63-bbf9-b394330cfb5b/container.db for volume DS-e111f7bd-42aa-4f63-bbf9-b394330cfb5b
2025-03-05 12:58:03,969 [main] INFO  impl.FilePerChunkStrategy (FilePerChunkStrategy.java:<init>(79)) - ozone.chunk.read.mapped.buffer.max.count is load with 0
2025-03-05 12:58:03,987 [BlockDeletingService#2] INFO  interfaces.ContainerDeletionChoosingPolicyTemplate (ContainerDeletionChoosingPolicyTemplate.java:chooseContainerForBlockDeletion(83)) - Chosen 0/3 blocks from 0 candidate containers.
2025-03-05 12:58:04,013 [main] INFO  impl.FilePerChunkStrategy (FilePerChunkStrategy.java:<init>(79)) - ozone.chunk.read.mapped.buffer.max.count is load with 0
2025-03-05 12:58:04,059 [main] INFO  impl.FilePerChunkStrategy (FilePerChunkStrategy.java:<init>(79)) - ozone.chunk.read.mapped.buffer.max.count is load with 0
2025-03-05 12:58:04,059 [main] INFO  impl.FilePerBlockStrategy (FilePerBlockStrategy.java:<init>(87)) - ozone.chunk.read.mapped.buffer.max.count is load with 0
2025-03-05 12:58:04,061 [main] INFO  interfaces.ContainerDeletionChoosingPolicyTemplate (ContainerDeletionChoosingPolicyTemplate.java:chooseContainerForBlockDeletion(83)) - Chosen 2/0 blocks from 2 candidate containers.
2025-03-05 12:58:04,061 [main] INFO  background.BlockDeletingTask (BlockDeletingTask.java:deleteViaTransactionStore(340)) - No transaction found in container 114109938662114404 with pending delete block count 2
2025-03-05 12:58:04,061 [main] WARN  background.BlockDeletingTask (BlockDeletingTask.java:call(124)) - Block deletion failed, remaining Blocks to be deleted 2, but no Block be deleted. Container 114109938662114404, pending block count 0
2025-03-05 12:58:04,062 [main] INFO  interfaces.ContainerDeletionChoosingPolicyTemplate (ContainerDeletionChoosingPolicyTemplate.java:chooseContainerForBlockDeletion(83)) - Chosen 1/1 blocks from 1 candidate containers.
2025-03-05 12:58:04,062 [main] INFO  impl.FilePerChunkStrategy (FilePerChunkStrategy.java:deleteChunk(327)) - Deleted chunk file /tmp/junit-16367352334185938221/hdds/3ee6b329-b807-4ee3-b066-85c5f602add3/current/containerDir2/114109938664997989/chunks/114109938667160678_chunk_0_block_0 (size 100) for chunk ChunkInfo{chunkName='114109938667160678_chunk_0_block_0, offset=0, len=100}
]]></system-out>
  </testcase>
  <testcase name="testPendingDeleteBlockReset(ContainerTestVersionInfo)[4]" classname="org.apache.hadoop.ozone.container.common.TestBlockDeletingService" time="0.086">
    <system-out><![CDATA[2025-03-05 12:58:04,070 [main] INFO  db.CodecBuffer (CodecBuffer.java:set(62)) - Successfully set constructor to LeakDetector::newCodecBuffer: org.apache.hadoop.hdds.utils.db.CodecBuffer$$Lambda/0x00007ff600206790@3b809711
2025-03-05 12:58:04,080 [main] INFO  volume.HddsVolume (HddsVolume.java:<init>(132)) - Creating HddsVolume: /tmp/junit-17284342053667518396/hdds of storage type: DISK, capacity=9222449699674390527, used=0, available=9222449699674390527
2025-03-05 12:58:04,081 [main] INFO  volume.MutableVolumeSet (MutableVolumeSet.java:initializeVolumeSet(169)) - Added Volume : /tmp/junit-17284342053667518396/hdds to VolumeSet
2025-03-05 12:58:04,112 [main] INFO  utils.DatanodeStoreCache (DatanodeStoreCache.java:addDB(71)) - Added db /tmp/junit-17284342053667518396/hdds/2efe8188-5393-40e2-b605-77aeaf37fe6b/DS-3638df90-d577-492a-a6e7-01a0e1a52a17/container.db to cache
2025-03-05 12:58:04,112 [main] INFO  volume.HddsVolume (HddsVolume.java:createDbStore(446)) - SchemaV3 db is created and loaded at /tmp/junit-17284342053667518396/hdds/2efe8188-5393-40e2-b605-77aeaf37fe6b/DS-3638df90-d577-492a-a6e7-01a0e1a52a17/container.db for volume DS-3638df90-d577-492a-a6e7-01a0e1a52a17
2025-03-05 12:58:04,113 [main] INFO  impl.FilePerChunkStrategy (FilePerChunkStrategy.java:<init>(79)) - ozone.chunk.read.mapped.buffer.max.count is load with 0
2025-03-05 12:58:04,131 [main] INFO  impl.FilePerChunkStrategy (FilePerChunkStrategy.java:<init>(79)) - ozone.chunk.read.mapped.buffer.max.count is load with 0
2025-03-05 12:58:04,146 [main] INFO  impl.FilePerChunkStrategy (FilePerChunkStrategy.java:<init>(79)) - ozone.chunk.read.mapped.buffer.max.count is load with 0
2025-03-05 12:58:04,146 [main] INFO  impl.FilePerBlockStrategy (FilePerBlockStrategy.java:<init>(87)) - ozone.chunk.read.mapped.buffer.max.count is load with 0
2025-03-05 12:58:04,148 [main] INFO  interfaces.ContainerDeletionChoosingPolicyTemplate (ContainerDeletionChoosingPolicyTemplate.java:chooseContainerForBlockDeletion(83)) - Chosen 2/0 blocks from 2 candidate containers.
2025-03-05 12:58:04,148 [main] INFO  background.BlockDeletingTask (BlockDeletingTask.java:deleteViaTransactionStore(340)) - No transaction found in container 114109938671813735 with pending delete block count 2
2025-03-05 12:58:04,148 [main] WARN  background.BlockDeletingTask (BlockDeletingTask.java:call(124)) - Block deletion failed, remaining Blocks to be deleted 2, but no Block be deleted. Container 114109938671813735, pending block count 0
2025-03-05 12:58:04,149 [main] INFO  interfaces.ContainerDeletionChoosingPolicyTemplate (ContainerDeletionChoosingPolicyTemplate.java:chooseContainerForBlockDeletion(83)) - Chosen 1/1 blocks from 1 candidate containers.
2025-03-05 12:58:04,149 [main] INFO  impl.FilePerChunkStrategy (FilePerChunkStrategy.java:deleteChunk(327)) - Deleted chunk file /tmp/junit-17284342053667518396/hdds/2efe8188-5393-40e2-b605-77aeaf37fe6b/current/containerDir2/114109938672731240/chunks/114109938672862313_chunk_0_block_0 (size 100) for chunk ChunkInfo{chunkName='114109938672862313_chunk_0_block_0, offset=0, len=100}
]]></system-out>
  </testcase>
  <testcase name="testPendingDeleteBlockReset(ContainerTestVersionInfo)[5]" classname="org.apache.hadoop.ozone.container.common.TestBlockDeletingService" time="0.053">
    <system-out><![CDATA[2025-03-05 12:58:04,158 [main] INFO  db.CodecBuffer (CodecBuffer.java:set(62)) - Successfully set constructor to LeakDetector::newCodecBuffer: org.apache.hadoop.hdds.utils.db.CodecBuffer$$Lambda/0x00007ff600206790@3b809711
2025-03-05 12:58:04,171 [main] INFO  volume.HddsVolume (HddsVolume.java:<init>(132)) - Creating HddsVolume: /tmp/junit-7684139343058923291/hdds of storage type: DISK, capacity=9222449699674390527, used=0, available=9222449699674390527
2025-03-05 12:58:04,173 [main] INFO  volume.MutableVolumeSet (MutableVolumeSet.java:initializeVolumeSet(169)) - Added Volume : /tmp/junit-7684139343058923291/hdds to VolumeSet
2025-03-05 12:58:04,207 [main] INFO  utils.DatanodeStoreCache (DatanodeStoreCache.java:addDB(71)) - Added db /tmp/junit-7684139343058923291/hdds/73cf5267-99cf-46ef-85a8-214590fe4ddd/DS-db01dde5-e79a-4692-8ac6-d4a4a7057ff8/container.db to cache
2025-03-05 12:58:04,207 [main] INFO  volume.HddsVolume (HddsVolume.java:createDbStore(446)) - SchemaV3 db is created and loaded at /tmp/junit-7684139343058923291/hdds/73cf5267-99cf-46ef-85a8-214590fe4ddd/DS-db01dde5-e79a-4692-8ac6-d4a4a7057ff8/container.db for volume DS-db01dde5-e79a-4692-8ac6-d4a4a7057ff8
]]></system-out>
  </testcase>
  <testcase name="testPendingDeleteBlockReset(ContainerTestVersionInfo)[6]" classname="org.apache.hadoop.ozone.container.common.TestBlockDeletingService" time="0.039">
    <system-out><![CDATA[2025-03-05 12:58:04,213 [main] INFO  db.CodecBuffer (CodecBuffer.java:set(62)) - Successfully set constructor to LeakDetector::newCodecBuffer: org.apache.hadoop.hdds.utils.db.CodecBuffer$$Lambda/0x00007ff600206790@3b809711
2025-03-05 12:58:04,223 [main] INFO  volume.HddsVolume (HddsVolume.java:<init>(132)) - Creating HddsVolume: /tmp/junit-3115908687846954230/hdds of storage type: DISK, capacity=9222449699674390527, used=0, available=9222449699674390527
2025-03-05 12:58:04,224 [main] INFO  volume.MutableVolumeSet (MutableVolumeSet.java:initializeVolumeSet(169)) - Added Volume : /tmp/junit-3115908687846954230/hdds to VolumeSet
2025-03-05 12:58:04,248 [main] INFO  utils.DatanodeStoreCache (DatanodeStoreCache.java:addDB(71)) - Added db /tmp/junit-3115908687846954230/hdds/9fa551cc-06bd-48f2-bdba-50b667817bb5/DS-80620e6d-6e8c-445a-9c07-77b695feea48/container.db to cache
2025-03-05 12:58:04,248 [main] INFO  volume.HddsVolume (HddsVolume.java:createDbStore(446)) - SchemaV3 db is created and loaded at /tmp/junit-3115908687846954230/hdds/9fa551cc-06bd-48f2-bdba-50b667817bb5/DS-80620e6d-6e8c-445a-9c07-77b695feea48/container.db for volume DS-80620e6d-6e8c-445a-9c07-77b695feea48
]]></system-out>
  </testcase>
  <testcase name="testPendingDeleteBlockReset(ContainerTestVersionInfo)[7]" classname="org.apache.hadoop.ozone.container.common.TestBlockDeletingService" time="0.13">
    <system-out><![CDATA[2025-03-05 12:58:04,253 [main] INFO  db.CodecBuffer (CodecBuffer.java:set(62)) - Successfully set constructor to LeakDetector::newCodecBuffer: org.apache.hadoop.hdds.utils.db.CodecBuffer$$Lambda/0x00007ff600206790@3b809711
2025-03-05 12:58:04,264 [main] INFO  volume.HddsVolume (HddsVolume.java:<init>(132)) - Creating HddsVolume: /tmp/junit-1142388092763799044/hdds of storage type: DISK, capacity=9222449699674390527, used=0, available=9222449699674390527
2025-03-05 12:58:04,266 [main] INFO  volume.MutableVolumeSet (MutableVolumeSet.java:initializeVolumeSet(169)) - Added Volume : /tmp/junit-1142388092763799044/hdds to VolumeSet
2025-03-05 12:58:04,293 [main] INFO  utils.DatanodeStoreCache (DatanodeStoreCache.java:addDB(71)) - Added db /tmp/junit-1142388092763799044/hdds/e77d47ae-12dd-484b-9117-c6a16a59827e/DS-f5608aee-8d2c-4cf4-bbec-af24dba32363/container.db to cache
2025-03-05 12:58:04,294 [main] INFO  volume.HddsVolume (HddsVolume.java:createDbStore(446)) - SchemaV3 db is created and loaded at /tmp/junit-1142388092763799044/hdds/e77d47ae-12dd-484b-9117-c6a16a59827e/DS-f5608aee-8d2c-4cf4-bbec-af24dba32363/container.db for volume DS-f5608aee-8d2c-4cf4-bbec-af24dba32363
2025-03-05 12:58:04,295 [main] INFO  impl.FilePerBlockStrategy (FilePerBlockStrategy.java:<init>(87)) - ozone.chunk.read.mapped.buffer.max.count is load with 0
2025-03-05 12:58:04,334 [main] INFO  impl.FilePerBlockStrategy (FilePerBlockStrategy.java:<init>(87)) - ozone.chunk.read.mapped.buffer.max.count is load with 0
2025-03-05 12:58:04,375 [main] INFO  impl.FilePerChunkStrategy (FilePerChunkStrategy.java:<init>(79)) - ozone.chunk.read.mapped.buffer.max.count is load with 0
2025-03-05 12:58:04,375 [main] INFO  impl.FilePerBlockStrategy (FilePerBlockStrategy.java:<init>(87)) - ozone.chunk.read.mapped.buffer.max.count is load with 0
2025-03-05 12:58:04,376 [main] INFO  interfaces.ContainerDeletionChoosingPolicyTemplate (ContainerDeletionChoosingPolicyTemplate.java:chooseContainerForBlockDeletion(83)) - Chosen 2/0 blocks from 2 candidate containers.
2025-03-05 12:58:04,376 [main] INFO  background.BlockDeletingTask (BlockDeletingTask.java:deleteViaTransactionStore(340)) - No transaction found in container 114109938683479146 with pending delete block count 2
2025-03-05 12:58:04,377 [main] WARN  background.BlockDeletingTask (BlockDeletingTask.java:call(124)) - Block deletion failed, remaining Blocks to be deleted 2, but no Block be deleted. Container 114109938683479146, pending block count 0
2025-03-05 12:58:04,377 [main] INFO  interfaces.ContainerDeletionChoosingPolicyTemplate (ContainerDeletionChoosingPolicyTemplate.java:chooseContainerForBlockDeletion(83)) - Chosen 1/1 blocks from 1 candidate containers.
2025-03-05 12:58:04,378 [main] INFO  impl.FilePerBlockStrategy (FilePerBlockStrategy.java:deleteChunk(278)) - Deleted block file: /tmp/junit-1142388092763799044/hdds/e77d47ae-12dd-484b-9117-c6a16a59827e/current/containerDir130/114109938686035051/chunks/114109938687870060.block
]]></system-out>
  </testcase>
  <testcase name="testPendingDeleteBlockReset(ContainerTestVersionInfo)[8]" classname="org.apache.hadoop.ozone.container.common.TestBlockDeletingService" time="0.071">
    <system-out><![CDATA[2025-03-05 12:58:04,385 [main] INFO  db.CodecBuffer (CodecBuffer.java:set(62)) - Successfully set constructor to LeakDetector::newCodecBuffer: org.apache.hadoop.hdds.utils.db.CodecBuffer$$Lambda/0x00007ff600206790@3b809711
2025-03-05 12:58:04,394 [main] INFO  volume.HddsVolume (HddsVolume.java:<init>(132)) - Creating HddsVolume: /tmp/junit-17522318843449708024/hdds of storage type: DISK, capacity=9222449699674390527, used=0, available=9222449699674390527
2025-03-05 12:58:04,395 [main] INFO  volume.MutableVolumeSet (MutableVolumeSet.java:initializeVolumeSet(169)) - Added Volume : /tmp/junit-17522318843449708024/hdds to VolumeSet
2025-03-05 12:58:04,421 [main] INFO  utils.DatanodeStoreCache (DatanodeStoreCache.java:addDB(71)) - Added db /tmp/junit-17522318843449708024/hdds/b8c24d67-b426-41d7-ae8b-44379adf7779/DS-0dfd5d4b-f691-4798-a1ee-e3d2326a50cc/container.db to cache
2025-03-05 12:58:04,421 [main] INFO  volume.HddsVolume (HddsVolume.java:createDbStore(446)) - SchemaV3 db is created and loaded at /tmp/junit-17522318843449708024/hdds/b8c24d67-b426-41d7-ae8b-44379adf7779/DS-0dfd5d4b-f691-4798-a1ee-e3d2326a50cc/container.db for volume DS-0dfd5d4b-f691-4798-a1ee-e3d2326a50cc
2025-03-05 12:58:04,422 [main] INFO  impl.FilePerBlockStrategy (FilePerBlockStrategy.java:<init>(87)) - ozone.chunk.read.mapped.buffer.max.count is load with 0
2025-03-05 12:58:04,435 [main] INFO  impl.FilePerBlockStrategy (FilePerBlockStrategy.java:<init>(87)) - ozone.chunk.read.mapped.buffer.max.count is load with 0
2025-03-05 12:58:04,448 [main] INFO  impl.FilePerChunkStrategy (FilePerChunkStrategy.java:<init>(79)) - ozone.chunk.read.mapped.buffer.max.count is load with 0
2025-03-05 12:58:04,448 [main] INFO  impl.FilePerBlockStrategy (FilePerBlockStrategy.java:<init>(87)) - ozone.chunk.read.mapped.buffer.max.count is load with 0
2025-03-05 12:58:04,450 [main] INFO  interfaces.ContainerDeletionChoosingPolicyTemplate (ContainerDeletionChoosingPolicyTemplate.java:chooseContainerForBlockDeletion(83)) - Chosen 2/0 blocks from 2 candidate containers.
2025-03-05 12:58:04,450 [main] INFO  background.BlockDeletingTask (BlockDeletingTask.java:deleteViaTransactionStore(340)) - No transaction found in container 114109938691736685 with pending delete block count 2
2025-03-05 12:58:04,450 [main] WARN  background.BlockDeletingTask (BlockDeletingTask.java:call(124)) - Block deletion failed, remaining Blocks to be deleted 2, but no Block be deleted. Container 114109938691736685, pending block count 0
2025-03-05 12:58:04,451 [main] INFO  interfaces.ContainerDeletionChoosingPolicyTemplate (ContainerDeletionChoosingPolicyTemplate.java:chooseContainerForBlockDeletion(83)) - Chosen 1/1 blocks from 1 candidate containers.
2025-03-05 12:58:04,451 [main] INFO  impl.FilePerBlockStrategy (FilePerBlockStrategy.java:deleteChunk(278)) - Deleted block file: /tmp/junit-17522318843449708024/hdds/b8c24d67-b426-41d7-ae8b-44379adf7779/current/containerDir130/114109938692588654/chunks/114109938692719727.block
]]></system-out>
  </testcase>
</testsuite>