<?xml version="1.0" encoding="UTF-8"?>
<testsuite xmlns:xsi="http://www.w3.org/2001/XMLSchema-instance" xsi:noNamespaceSchemaLocation="https://maven.apache.org/surefire/maven-surefire-plugin/xsd/surefire-test-report.xsd" name="org.apache.hadoop.ozone.om.TestOzoneManagerPrepare" time="546.182" tests="6" errors="4" skipped="1" failures="0">
  <properties>
    <property name="awt.toolkit" value="sun.awt.X11.XToolkit"/>
    <property name="file.encoding.pkg" value="sun.io"/>
    <property name="java.specification.version" value="1.8"/>
    <property name="sun.cpu.isalist" value=""/>
    <property name="sun.jnu.encoding" value="UTF-8"/>
    <property name="java.class.path" value="/home/runner/work/ozone/ozone/hadoop-ozone/integration-test/target/test-classes:/home/runner/work/ozone/ozone/hadoop-ozone/integration-test/target/classes:/home/runner/.m2/repository/org/apache/ozone/ozone-common/1.2.0-SNAPSHOT/ozone-common-1.2.0-SNAPSHOT.jar:/home/runner/.m2/repository/org/apache/commons/commons-compress/1.21/commons-compress-1.21.jar:/home/runner/.m2/repository/org/apache/ozone/hdds-common/1.2.0-SNAPSHOT/hdds-common-1.2.0-SNAPSHOT.jar:/home/runner/.m2/repository/org/apache/ozone/hdds-client/1.2.0-SNAPSHOT/hdds-client-1.2.0-SNAPSHOT.jar:/home/runner/.m2/repository/org/apache/ozone/ozone-interface-client/1.2.0-SNAPSHOT/ozone-interface-client-1.2.0-SNAPSHOT.jar:/home/runner/.m2/repository/org/apache/ozone/hdds-server-framework/1.2.0-SNAPSHOT/hdds-server-framework-1.2.0-SNAPSHOT.jar:/home/runner/.m2/repository/org/apache/ozone/hdds-interface-server/1.2.0-SNAPSHOT/hdds-interface-server-1.2.0-SNAPSHOT.jar:/home/runner/.m2/repository/org/eclipse/jetty/jetty-servlet/9.4.43.v20210629/jetty-servlet-9.4.43.v20210629.jar:/home/runner/.m2/repository/org/eclipse/jetty/jetty-security/9.4.43.v20210629/jetty-security-9.4.43.v20210629.jar:/home/runner/.m2/repository/org/rocksdb/rocksdbjni/6.20.3/rocksdbjni-6.20.3.jar:/home/runner/.m2/repository/io/prometheus/simpleclient_dropwizard/0.7.0/simpleclient_dropwizard-0.7.0.jar:/home/runner/.m2/repository/io/prometheus/simpleclient/0.7.0/simpleclient-0.7.0.jar:/home/runner/.m2/repository/io/prometheus/simpleclient_common/0.7.0/simpleclient_common-0.7.0.jar:/home/runner/.m2/repository/com/fasterxml/jackson/datatype/jackson-datatype-jsr310/2.12.1/jackson-datatype-jsr310-2.12.1.jar:/home/runner/.m2/repository/org/apache/ozone/hdds-test-utils/1.2.0-SNAPSHOT/hdds-test-utils-1.2.0-SNAPSHOT.jar:/home/runner/.m2/repository/com/google/guava/guava/30.1.1-jre/guava-30.1.1-jre.jar:/home/runner/.m2/repository/com/google/guava/failureaccess/1.0.1/failureaccess-1.0.1.jar:/home/runner/.m2/repository/com/google/guava/listenablefuture/9999.0-empty-to-avoid-conflict-with-guava/listenablefuture-9999.0-empty-to-avoid-conflict-with-guava.jar:/home/runner/.m2/repository/com/google/code/findbugs/jsr305/3.0.0/jsr305-3.0.0.jar:/home/runner/.m2/repository/org/checkerframework/checker-qual/3.8.0/checker-qual-3.8.0.jar:/home/runner/.m2/repository/com/google/errorprone/error_prone_annotations/2.2.0/error_prone_annotations-2.2.0.jar:/home/runner/.m2/repository/com/google/j2objc/j2objc-annotations/1.3/j2objc-annotations-1.3.jar:/home/runner/.m2/repository/commons-io/commons-io/2.11.0/commons-io-2.11.0.jar:/home/runner/.m2/repository/commons-logging/commons-logging/1.2/commons-logging-1.2.jar:/home/runner/.m2/repository/log4j/log4j/1.2.17/log4j-1.2.17.jar:/home/runner/.m2/repository/org/slf4j/slf4j-api/1.7.30/slf4j-api-1.7.30.jar:/home/runner/.m2/repository/org/apache/ozone/hdds-server-scm/1.2.0-SNAPSHOT/hdds-server-scm-1.2.0-SNAPSHOT.jar:/home/runner/.m2/repository/org/apache/ozone/hdds-container-service/1.2.0-SNAPSHOT/hdds-container-service-1.2.0-SNAPSHOT.jar:/home/runner/.m2/repository/org/apache/ozone/hdds-hadoop-dependency-server/1.2.0-SNAPSHOT/hdds-hadoop-dependency-server-1.2.0-SNAPSHOT.jar:/home/runner/.m2/repository/org/apache/hadoop/hadoop-hdfs/3.3.1/hadoop-hdfs-3.3.1.jar:/home/runner/.m2/repository/io/dropwizard/metrics/metrics-core/3.2.4/metrics-core-3.2.4.jar:/home/runner/.m2/repository/org/apache/hadoop/hadoop-hdfs-client/3.3.1/hadoop-hdfs-client-3.3.1.jar:/home/runner/.m2/repository/org/bouncycastle/bcprov-jdk15on/1.67/bcprov-jdk15on-1.67.jar:/home/runner/.m2/repository/com/google/protobuf/protobuf-java/2.5.0/protobuf-java-2.5.0.jar:/home/runner/.m2/repository/org/apache/ozone/ozone-manager/1.2.0-SNAPSHOT/ozone-manager-1.2.0-SNAPSHOT.jar:/home/runner/.m2/repository/org/aspectj/aspectjrt/1.9.7/aspectjrt-1.9.7.jar:/home/runner/.m2/repository/org/aspectj/aspectjweaver/1.9.7/aspectjweaver-1.9.7.jar:/home/runner/.m2/repository/org/apache/ozone/hdds-interface-client/1.2.0-SNAPSHOT/hdds-interface-client-1.2.0-SNAPSHOT.jar:/home/runner/.m2/repository/org/apache/hadoop/thirdparty/hadoop-shaded-protobuf_3_7/1.1.1/hadoop-shaded-protobuf_3_7-1.1.1.jar:/home/runner/.m2/repository/org/apache/ozone/ozone-interface-storage/1.2.0-SNAPSHOT/ozone-interface-storage-1.2.0-SNAPSHOT.jar:/home/runner/.m2/repository/org/reflections/reflections/0.9.11/reflections-0.9.11.jar:/home/runner/.m2/repository/org/apache/hadoop/hadoop-minikdc/3.3.1/hadoop-minikdc-3.3.1.jar:/home/runner/.m2/repository/org/apache/kerby/kerb-simplekdc/1.0.1/kerb-simplekdc-1.0.1.jar:/home/runner/.m2/repository/org/apache/kerby/kerb-client/1.0.1/kerb-client-1.0.1.jar:/home/runner/.m2/repository/org/apache/kerby/kerby-config/1.0.1/kerby-config-1.0.1.jar:/home/runner/.m2/repository/org/apache/kerby/kerb-common/1.0.1/kerb-common-1.0.1.jar:/home/runner/.m2/repository/org/apache/kerby/kerb-crypto/1.0.1/kerb-crypto-1.0.1.jar:/home/runner/.m2/repository/org/apache/kerby/kerb-util/1.0.1/kerb-util-1.0.1.jar:/home/runner/.m2/repository/org/apache/kerby/token-provider/1.0.1/token-provider-1.0.1.jar:/home/runner/.m2/repository/org/apache/kerby/kerb-admin/1.0.1/kerb-admin-1.0.1.jar:/home/runner/.m2/repository/org/apache/kerby/kerb-server/1.0.1/kerb-server-1.0.1.jar:/home/runner/.m2/repository/org/apache/kerby/kerb-identity/1.0.1/kerb-identity-1.0.1.jar:/home/runner/.m2/repository/org/apache/kerby/kerby-xdr/1.0.1/kerby-xdr-1.0.1.jar:/home/runner/.m2/repository/org/slf4j/slf4j-log4j12/1.7.30/slf4j-log4j12-1.7.30.jar:/home/runner/.m2/repository/org/apache/ozone/ozone-s3gateway/1.2.0-SNAPSHOT/ozone-s3gateway-1.2.0-SNAPSHOT.jar:/home/runner/.m2/repository/org/javassist/javassist/3.21.0-GA/javassist-3.21.0-GA.jar:/home/runner/.m2/repository/org/jboss/weld/servlet/weld-servlet/2.4.7.Final/weld-servlet-2.4.7.Final.jar:/home/runner/.m2/repository/org/glassfish/jersey/containers/jersey-container-servlet-core/2.33/jersey-container-servlet-core-2.33.jar:/home/runner/.m2/repository/org/glassfish/hk2/external/jakarta.inject/2.6.1/jakarta.inject-2.6.1.jar:/home/runner/.m2/repository/org/glassfish/jersey/core/jersey-common/2.33/jersey-common-2.33.jar:/home/runner/.m2/repository/jakarta/ws/rs/jakarta.ws.rs-api/2.1.6/jakarta.ws.rs-api-2.1.6.jar:/home/runner/.m2/repository/org/glassfish/jersey/ext/cdi/jersey-cdi1x/2.33/jersey-cdi1x-2.33.jar:/home/runner/.m2/repository/org/glassfish/jersey/inject/jersey-hk2/2.33/jersey-hk2-2.33.jar:/home/runner/.m2/repository/org/glassfish/hk2/hk2-locator/2.6.1/hk2-locator-2.6.1.jar:/home/runner/.m2/repository/org/glassfish/jersey/media/jersey-media-jaxb/2.33/jersey-media-jaxb-2.33.jar:/home/runner/.m2/repository/org/glassfish/hk2/osgi-resource-locator/1.0.3/osgi-resource-locator-1.0.3.jar:/home/runner/.m2/repository/org/glassfish/hk2/hk2-api/2.5.0/hk2-api-2.5.0.jar:/home/runner/.m2/repository/org/glassfish/hk2/hk2-utils/2.5.0/hk2-utils-2.5.0.jar:/home/runner/.m2/repository/org/glassfish/hk2/external/aopalliance-repackaged/2.5.0/aopalliance-repackaged-2.5.0.jar:/home/runner/.m2/repository/com/fasterxml/jackson/dataformat/jackson-dataformat-xml/2.12.1/jackson-dataformat-xml-2.12.1.jar:/home/runner/.m2/repository/com/fasterxml/jackson/core/jackson-core/2.12.1/jackson-core-2.12.1.jar:/home/runner/.m2/repository/com/fasterxml/jackson/module/jackson-module-jaxb-annotations/2.12.1/jackson-module-jaxb-annotations-2.12.1.jar:/home/runner/.m2/repository/jakarta/xml/bind/jakarta.xml.bind-api/2.3.2/jakarta.xml.bind-api-2.3.2.jar:/home/runner/.m2/repository/org/codehaus/woodstox/stax2-api/3.1.4/stax2-api-3.1.4.jar:/home/runner/.m2/repository/com/fasterxml/woodstox/woodstox-core/5.0.3/woodstox-core-5.0.3.jar:/home/runner/.m2/repository/javax/enterprise/cdi-api/1.2/cdi-api-1.2.jar:/home/runner/.m2/repository/javax/el/javax.el-api/3.0.0/javax.el-api-3.0.0.jar:/home/runner/.m2/repository/javax/interceptor/javax.interceptor-api/1.2/javax.interceptor-api-1.2.jar:/home/runner/.m2/repository/javax/inject/javax.inject/1/javax.inject-1.jar:/home/runner/.m2/repository/javax/xml/bind/jaxb-api/2.3.0/jaxb-api-2.3.0.jar:/home/runner/.m2/repository/org/glassfish/jaxb/jaxb-runtime/2.3.0.1/jaxb-runtime-2.3.0.1.jar:/home/runner/.m2/repository/org/glassfish/jaxb/jaxb-core/2.3.0.1/jaxb-core-2.3.0.1.jar:/home/runner/.m2/repository/org/glassfish/jaxb/txw2/2.3.0.1/txw2-2.3.0.1.jar:/home/runner/.m2/repository/com/sun/istack/istack-commons-runtime/3.0.5/istack-commons-runtime-3.0.5.jar:/home/runner/.m2/repository/org/jvnet/staxex/stax-ex/1.7.8/stax-ex-1.7.8.jar:/home/runner/.m2/repository/com/sun/xml/fastinfoset/FastInfoset/1.2.13/FastInfoset-1.2.13.jar:/home/runner/.m2/repository/javax/activation/activation/1.1.1/activation-1.1.1.jar:/home/runner/.m2/repository/org/apache/ozone/ozone-csi/1.2.0-SNAPSHOT/ozone-csi-1.2.0-SNAPSHOT.jar:/home/runner/.m2/repository/com/google/protobuf/protobuf-java-util/3.12.0/protobuf-java-util-3.12.0.jar:/home/runner/.m2/repository/com/google/code/gson/gson/2.2.4/gson-2.2.4.jar:/home/runner/.m2/repository/org/apache/ozone/hdds-config/1.2.0-SNAPSHOT/hdds-config-1.2.0-SNAPSHOT.jar:/home/runner/.m2/repository/io/grpc/grpc-netty/1.33.0/grpc-netty-1.33.0.jar:/home/runner/.m2/repository/io/grpc/grpc-core/1.33.0/grpc-core-1.33.0.jar:/home/runner/.m2/repository/com/google/android/annotations/4.1.1.4/annotations-4.1.1.4.jar:/home/runner/.m2/repository/io/netty/netty-codec-http2/4.1.63.Final/netty-codec-http2-4.1.63.Final.jar:/home/runner/.m2/repository/io/netty/netty-codec-http/4.1.63.Final/netty-codec-http-4.1.63.Final.jar:/home/runner/.m2/repository/io/netty/netty-handler-proxy/4.1.63.Final/netty-handler-proxy-4.1.63.Final.jar:/home/runner/.m2/repository/io/netty/netty-codec-socks/4.1.63.Final/netty-codec-socks-4.1.63.Final.jar:/home/runner/.m2/repository/io/perfmark/perfmark-api/0.19.0/perfmark-api-0.19.0.jar:/home/runner/.m2/repository/org/codehaus/mojo/animal-sniffer-annotations/1.18/animal-sniffer-annotations-1.18.jar:/home/runner/.m2/repository/io/netty/netty-transport-native-epoll/4.1.63.Final/netty-transport-native-epoll-4.1.63.Final.jar:/home/runner/.m2/repository/io/netty/netty-common/4.1.63.Final/netty-common-4.1.63.Final.jar:/home/runner/.m2/repository/io/netty/netty-buffer/4.1.63.Final/netty-buffer-4.1.63.Final.jar:/home/runner/.m2/repository/io/netty/netty-transport-native-unix-common/4.1.63.Final/netty-transport-native-unix-common-4.1.63.Final.jar:/home/runner/.m2/repository/io/grpc/grpc-protobuf/1.33.0/grpc-protobuf-1.33.0.jar:/home/runner/.m2/repository/io/grpc/grpc-api/1.33.0/grpc-api-1.33.0.jar:/home/runner/.m2/repository/io/grpc/grpc-context/1.33.0/grpc-context-1.33.0.jar:/home/runner/.m2/repository/com/google/api/grpc/proto-google-common-protos/1.17.0/proto-google-common-protos-1.17.0.jar:/home/runner/.m2/repository/io/grpc/grpc-protobuf-lite/1.33.0/grpc-protobuf-lite-1.33.0.jar:/home/runner/.m2/repository/io/grpc/grpc-stub/1.33.0/grpc-stub-1.33.0.jar:/home/runner/.m2/repository/org/apache/ozone/ozone-recon/1.2.0-SNAPSHOT/ozone-recon-1.2.0-SNAPSHOT.jar:/home/runner/.m2/repository/org/apache/ozone/ozone-reconcodegen/1.2.0-SNAPSHOT/ozone-reconcodegen-1.2.0-SNAPSHOT.jar:/home/runner/.m2/repository/com/google/inject/extensions/guice-multibindings/4.0/guice-multibindings-4.0.jar:/home/runner/.m2/repository/com/google/inject/guice/4.0/guice-4.0.jar:/home/runner/.m2/repository/aopalliance/aopalliance/1.0/aopalliance-1.0.jar:/home/runner/.m2/repository/com/google/inject/extensions/guice-assistedinject/4.0/guice-assistedinject-4.0.jar:/home/runner/.m2/repository/com/google/inject/extensions/guice-servlet/4.0/guice-servlet-4.0.jar:/home/runner/.m2/repository/org/glassfish/jersey/containers/jersey-container-servlet/2.33/jersey-container-servlet-2.33.jar:/home/runner/.m2/repository/org/glassfish/hk2/guice-bridge/2.5.0/guice-bridge-2.5.0.jar:/home/runner/.m2/repository/org/glassfish/jersey/core/jersey-server/2.33/jersey-server-2.33.jar:/home/runner/.m2/repository/org/glassfish/jersey/core/jersey-client/2.33/jersey-client-2.33.jar:/home/runner/.m2/repository/jakarta/annotation/jakarta.annotation-api/1.3.5/jakarta.annotation-api-1.3.5.jar:/home/runner/.m2/repository/jakarta/validation/jakarta.validation-api/2.0.2/jakarta.validation-api-2.0.2.jar:/home/runner/.m2/repository/org/glassfish/jersey/media/jersey-media-json-jackson/2.33/jersey-media-json-jackson-2.33.jar:/home/runner/.m2/repository/org/glassfish/jersey/ext/jersey-entity-filtering/2.33/jersey-entity-filtering-2.33.jar:/home/runner/.m2/repository/org/jooq/jooq/3.11.10/jooq-3.11.10.jar:/home/runner/.m2/repository/org/jooq/jooq-meta/3.11.10/jooq-meta-3.11.10.jar:/home/runner/.m2/repository/org/jooq/jooq-codegen/3.11.10/jooq-codegen-3.11.10.jar:/home/runner/.m2/repository/com/jolbox/bonecp/0.8.0.RELEASE/bonecp-0.8.0.RELEASE.jar:/home/runner/.m2/repository/org/apache/derby/derby/10.14.2.0/derby-10.14.2.0.jar:/home/runner/.m2/repository/org/xerial/sqlite-jdbc/3.25.2/sqlite-jdbc-3.25.2.jar:/home/runner/.m2/repository/org/springframework/spring-jdbc/5.2.17.RELEASE/spring-jdbc-5.2.17.RELEASE.jar:/home/runner/.m2/repository/org/springframework/spring-beans/5.2.17.RELEASE/spring-beans-5.2.17.RELEASE.jar:/home/runner/.m2/repository/org/springframework/spring-core/5.2.17.RELEASE/spring-core-5.2.17.RELEASE.jar:/home/runner/.m2/repository/org/springframework/spring-jcl/5.2.17.RELEASE/spring-jcl-5.2.17.RELEASE.jar:/home/runner/.m2/repository/org/springframework/spring-tx/5.2.17.RELEASE/spring-tx-5.2.17.RELEASE.jar:/home/runner/.m2/repository/org/apache/ozone/ozone-client/1.2.0-SNAPSHOT/ozone-client-1.2.0-SNAPSHOT.jar:/home/runner/.m2/repository/org/apache/ozone/ozone-filesystem/1.2.0-SNAPSHOT/ozone-filesystem-1.2.0-SNAPSHOT.jar:/home/runner/.m2/repository/org/apache/ozone/ozone-filesystem-common/1.2.0-SNAPSHOT/ozone-filesystem-common-1.2.0-SNAPSHOT.jar:/home/runner/.m2/repository/org/apache/ozone/ozone-tools/1.2.0-SNAPSHOT/ozone-tools-1.2.0-SNAPSHOT.jar:/home/runner/.m2/repository/org/apache/ratis/ratis-tools/2.2.0/ratis-tools-2.2.0.jar:/home/runner/.m2/repository/com/amazonaws/aws-java-sdk-core/1.11.1034/aws-java-sdk-core-1.11.1034.jar:/home/runner/.m2/repository/org/apache/httpcomponents/httpclient/4.5.13/httpclient-4.5.13.jar:/home/runner/.m2/repository/org/apache/httpcomponents/httpcore/4.4.13/httpcore-4.4.13.jar:/home/runner/.m2/repository/software/amazon/ion/ion-java/1.0.2/ion-java-1.0.2.jar:/home/runner/.m2/repository/com/fasterxml/jackson/dataformat/jackson-dataformat-cbor/2.12.1/jackson-dataformat-cbor-2.12.1.jar:/home/runner/.m2/repository/joda-time/joda-time/2.8.1/joda-time-2.8.1.jar:/home/runner/.m2/repository/com/amazonaws/aws-java-sdk-s3/1.11.1034/aws-java-sdk-s3-1.11.1034.jar:/home/runner/.m2/repository/com/amazonaws/aws-java-sdk-kms/1.11.1034/aws-java-sdk-kms-1.11.1034.jar:/home/runner/.m2/repository/com/amazonaws/jmespath-java/1.11.1034/jmespath-java-1.11.1034.jar:/home/runner/.m2/repository/org/kohsuke/metainf-services/metainf-services/1.8/metainf-services-1.8.jar:/home/runner/.m2/repository/org/apache/ozone/hdds-tools/1.2.0-SNAPSHOT/hdds-tools-1.2.0-SNAPSHOT.jar:/home/runner/.m2/repository/commons-cli/commons-cli/1.2/commons-cli-1.2.jar:/home/runner/.m2/repository/org/apache/commons/commons-lang3/3.7/commons-lang3-3.7.jar:/home/runner/.m2/repository/org/apache/ozone/ozone-manager/1.2.0-SNAPSHOT/ozone-manager-1.2.0-SNAPSHOT-tests.jar:/home/runner/.m2/repository/org/apache/ozone/hdds-common/1.2.0-SNAPSHOT/hdds-common-1.2.0-SNAPSHOT-tests.jar:/home/runner/.m2/repository/org/apache/ozone/hdds-hadoop-dependency-client/1.2.0-SNAPSHOT/hdds-hadoop-dependency-client-1.2.0-SNAPSHOT.jar:/home/runner/.m2/repository/info/picocli/picocli/4.6.1/picocli-4.6.1.jar:/home/runner/.m2/repository/com/fasterxml/jackson/core/jackson-annotations/2.12.1/jackson-annotations-2.12.1.jar:/home/runner/.m2/repository/javax/annotation/javax.annotation-api/1.2/javax.annotation-api-1.2.jar:/home/runner/.m2/repository/org/apache/ratis/ratis-server/2.2.0/ratis-server-2.2.0.jar:/home/runner/.m2/repository/org/apache/ratis/ratis-client/2.2.0/ratis-client-2.2.0.jar:/home/runner/.m2/repository/org/apache/ratis/ratis-server-api/2.2.0/ratis-server-api-2.2.0.jar:/home/runner/.m2/repository/org/apache/ratis/ratis-metrics/2.2.0/ratis-metrics-2.2.0.jar:/home/runner/.m2/repository/org/apache/ratis/ratis-netty/2.2.0/ratis-netty-2.2.0.jar:/home/runner/.m2/repository/org/apache/ratis/ratis-grpc/2.2.0/ratis-grpc-2.2.0.jar:/home/runner/.m2/repository/org/apache/logging/log4j/log4j-api/2.13.3/log4j-api-2.13.3.jar:/home/runner/.m2/repository/org/apache/logging/log4j/log4j-core/2.13.3/log4j-core-2.13.3.jar:/home/runner/.m2/repository/com/lmax/disruptor/3.4.2/disruptor-3.4.2.jar:/home/runner/.m2/repository/org/apache/commons/commons-pool2/2.6.0/commons-pool2-2.6.0.jar:/home/runner/.m2/repository/org/bouncycastle/bcpkix-jdk15on/1.67/bcpkix-jdk15on-1.67.jar:/home/runner/.m2/repository/commons-validator/commons-validator/1.6/commons-validator-1.6.jar:/home/runner/.m2/repository/commons-beanutils/commons-beanutils/1.9.4/commons-beanutils-1.9.4.jar:/home/runner/.m2/repository/commons-digester/commons-digester/1.8.1/commons-digester-1.8.1.jar:/home/runner/.m2/repository/commons-collections/commons-collections/3.2.2/commons-collections-3.2.2.jar:/home/runner/.m2/repository/io/jaegertracing/jaeger-client/1.6.0/jaeger-client-1.6.0.jar:/home/runner/.m2/repository/io/jaegertracing/jaeger-thrift/1.6.0/jaeger-thrift-1.6.0.jar:/home/runner/.m2/repository/org/apache/thrift/libthrift/0.14.1/libthrift-0.14.1.jar:/home/runner/.m2/repository/com/squareup/okhttp3/okhttp/4.9.0/okhttp-4.9.0.jar:/home/runner/.m2/repository/com/squareup/okio/okio/2.8.0/okio-2.8.0.jar:/home/runner/.m2/repository/io/jaegertracing/jaeger-core/1.6.0/jaeger-core-1.6.0.jar:/home/runner/.m2/repository/io/jaegertracing/jaeger-tracerresolver/1.6.0/jaeger-tracerresolver-1.6.0.jar:/home/runner/.m2/repository/io/opentracing/contrib/opentracing-tracerresolver/0.1.8/opentracing-tracerresolver-0.1.8.jar:/home/runner/.m2/repository/org/jetbrains/kotlin/kotlin-stdlib/1.4.31/kotlin-stdlib-1.4.31.jar:/home/runner/.m2/repository/org/jetbrains/kotlin/kotlin-stdlib-common/1.4.31/kotlin-stdlib-common-1.4.31.jar:/home/runner/.m2/repository/org/jetbrains/annotations/13.0/annotations-13.0.jar:/home/runner/.m2/repository/io/opentracing/opentracing-util/0.33.0/opentracing-util-0.33.0.jar:/home/runner/.m2/repository/io/opentracing/opentracing-api/0.33.0/opentracing-api-0.33.0.jar:/home/runner/.m2/repository/io/opentracing/opentracing-noop/0.33.0/opentracing-noop-0.33.0.jar:/home/runner/.m2/repository/org/yaml/snakeyaml/1.26/snakeyaml-1.26.jar:/home/runner/.m2/repository/org/apache/ozone/hdds-interface-admin/1.2.0-SNAPSHOT/hdds-interface-admin-1.2.0-SNAPSHOT.jar:/home/runner/.m2/repository/junit/junit/4.13.1/junit-4.13.1.jar:/home/runner/.m2/repository/org/hamcrest/hamcrest-core/1.3/hamcrest-core-1.3.jar:/home/runner/.m2/repository/org/junit/jupiter/junit-jupiter-api/5.7.0/junit-jupiter-api-5.7.0.jar:/home/runner/.m2/repository/org/apiguardian/apiguardian-api/1.1.0/apiguardian-api-1.1.0.jar:/home/runner/.m2/repository/org/opentest4j/opentest4j/1.2.0/opentest4j-1.2.0.jar:/home/runner/.m2/repository/org/junit/platform/junit-platform-commons/1.7.0/junit-platform-commons-1.7.0.jar:/home/runner/.m2/repository/org/junit/jupiter/junit-jupiter-engine/5.7.0/junit-jupiter-engine-5.7.0.jar:/home/runner/.m2/repository/org/junit/platform/junit-platform-engine/1.7.0/junit-platform-engine-1.7.0.jar:/home/runner/.m2/repository/org/junit/vintage/junit-vintage-engine/5.7.0/junit-vintage-engine-5.7.0.jar:/home/runner/.m2/repository/org/junit/platform/junit-platform-launcher/1.7.0/junit-platform-launcher-1.7.0.jar:/home/runner/.m2/repository/org/openjdk/jmh/jmh-core/1.19/jmh-core-1.19.jar:/home/runner/.m2/repository/net/sf/jopt-simple/jopt-simple/4.6/jopt-simple-4.6.jar:/home/runner/.m2/repository/org/apache/commons/commons-math3/3.1.1/commons-math3-3.1.1.jar:/home/runner/.m2/repository/org/openjdk/jmh/jmh-generator-annprocess/1.19/jmh-generator-annprocess-1.19.jar:/home/runner/.m2/repository/org/mockito/mockito-core/2.28.2/mockito-core-2.28.2.jar:/home/runner/.m2/repository/net/bytebuddy/byte-buddy/1.9.10/byte-buddy-1.9.10.jar:/home/runner/.m2/repository/net/bytebuddy/byte-buddy-agent/1.9.10/byte-buddy-agent-1.9.10.jar:/home/runner/.m2/repository/org/objenesis/objenesis/1.0/objenesis-1.0.jar:/home/runner/.m2/repository/org/apache/hadoop/hadoop-kms/3.3.1/hadoop-kms-3.3.1.jar:/home/runner/.m2/repository/org/apache/hadoop/hadoop-auth/3.3.1/hadoop-auth-3.3.1.jar:/home/runner/.m2/repository/com/nimbusds/nimbus-jose-jwt/7.9/nimbus-jose-jwt-7.9.jar:/home/runner/.m2/repository/com/github/stephenc/jcip/jcip-annotations/1.0-1/jcip-annotations-1.0-1.jar:/home/runner/.m2/repository/net/minidev/json-smart/2.3.1/json-smart-2.3.1.jar:/home/runner/.m2/repository/net/minidev/accessors-smart/2.3.1/accessors-smart-2.3.1.jar:/home/runner/.m2/repository/org/ow2/asm/asm/5.0.4/asm-5.0.4.jar:/home/runner/.m2/repository/org/apache/zookeeper/zookeeper/3.5.6/zookeeper-3.5.6.jar:/home/runner/.m2/repository/org/apache/zookeeper/zookeeper-jute/3.5.6/zookeeper-jute-3.5.6.jar:/home/runner/.m2/repository/org/apache/yetus/audience-annotations/0.5.0/audience-annotations-0.5.0.jar:/home/runner/.m2/repository/org/apache/curator/curator-framework/4.2.0/curator-framework-4.2.0.jar:/home/runner/.m2/repository/org/apache/hadoop/thirdparty/hadoop-shaded-guava/1.1.1/hadoop-shaded-guava-1.1.1.jar:/home/runner/.m2/repository/com/sun/jersey/jersey-core/1.19/jersey-core-1.19.jar:/home/runner/.m2/repository/javax/ws/rs/jsr311-api/1.1.1/jsr311-api-1.1.1.jar:/home/runner/.m2/repository/com/sun/jersey/jersey-server/1.19/jersey-server-1.19.jar:/home/runner/.m2/repository/javax/servlet/javax.servlet-api/3.1.0/javax.servlet-api-3.1.0.jar:/home/runner/.m2/repository/org/eclipse/jetty/jetty-server/9.4.43.v20210629/jetty-server-9.4.43.v20210629.jar:/home/runner/.m2/repository/org/eclipse/jetty/jetty-http/9.4.43.v20210629/jetty-http-9.4.43.v20210629.jar:/home/runner/.m2/repository/org/eclipse/jetty/jetty-io/9.4.43.v20210629/jetty-io-9.4.43.v20210629.jar:/home/runner/.m2/repository/org/eclipse/jetty/jetty-webapp/9.4.43.v20210629/jetty-webapp-9.4.43.v20210629.jar:/home/runner/.m2/repository/org/eclipse/jetty/jetty-xml/9.4.43.v20210629/jetty-xml-9.4.43.v20210629.jar:/home/runner/.m2/repository/org/apache/hadoop/hadoop-common/3.3.1/hadoop-common-3.3.1.jar:/home/runner/.m2/repository/commons-net/commons-net/3.6/commons-net-3.6.jar:/home/runner/.m2/repository/jakarta/activation/jakarta.activation-api/1.2.1/jakarta.activation-api-1.2.1.jar:/home/runner/.m2/repository/com/sun/jersey/jersey-servlet/1.19/jersey-servlet-1.19.jar:/home/runner/.m2/repository/com/sun/jersey/jersey-json/1.19/jersey-json-1.19.jar:/home/runner/.m2/repository/org/codehaus/jettison/jettison/1.1/jettison-1.1.jar:/home/runner/.m2/repository/com/sun/xml/bind/jaxb-impl/2.2.3-1/jaxb-impl-2.2.3-1.jar:/home/runner/.m2/repository/org/codehaus/jackson/jackson-jaxrs/1.9.2/jackson-jaxrs-1.9.2.jar:/home/runner/.m2/repository/org/codehaus/jackson/jackson-xc/1.9.2/jackson-xc-1.9.2.jar:/home/runner/.m2/repository/org/apache/commons/commons-configuration2/2.1.1/commons-configuration2-2.1.1.jar:/home/runner/.m2/repository/org/apache/commons/commons-text/1.4/commons-text-1.4.jar:/home/runner/.m2/repository/com/google/re2j/re2j/1.1/re2j-1.1.jar:/home/runner/.m2/repository/com/jcraft/jsch/0.1.54/jsch-0.1.54.jar:/home/runner/.m2/repository/org/apache/curator/curator-client/4.2.0/curator-client-4.2.0.jar:/home/runner/.m2/repository/org/apache/curator/curator-recipes/4.2.0/curator-recipes-4.2.0.jar:/home/runner/.m2/repository/org/apache/kerby/kerb-core/1.0.1/kerb-core-1.0.1.jar:/home/runner/.m2/repository/org/apache/kerby/kerby-pkix/1.0.1/kerby-pkix-1.0.1.jar:/home/runner/.m2/repository/org/apache/kerby/kerby-asn1/1.0.1/kerby-asn1-1.0.1.jar:/home/runner/.m2/repository/org/apache/kerby/kerby-util/1.0.1/kerby-util-1.0.1.jar:/home/runner/.m2/repository/dnsjava/dnsjava/2.1.7/dnsjava-2.1.7.jar:/home/runner/.m2/repository/org/xerial/snappy/snappy-java/1.1.8.2/snappy-java-1.1.8.2.jar:/home/runner/.m2/repository/org/slf4j/jul-to-slf4j/1.7.30/jul-to-slf4j-1.7.30.jar:/home/runner/.m2/repository/org/eclipse/jetty/jetty-util/9.4.43.v20210629/jetty-util-9.4.43.v20210629.jar:/home/runner/.m2/repository/com/fasterxml/jackson/core/jackson-databind/2.12.1/jackson-databind-2.12.1.jar:/home/runner/.m2/repository/org/apache/hadoop/hadoop-kms/3.3.1/hadoop-kms-3.3.1-tests.jar:/home/runner/.m2/repository/org/apache/ozone/hdds-server-scm/1.2.0-SNAPSHOT/hdds-server-scm-1.2.0-SNAPSHOT-tests.jar:/home/runner/.m2/repository/org/apache/ozone/hdds-container-service/1.2.0-SNAPSHOT/hdds-container-service-1.2.0-SNAPSHOT-tests.jar:/home/runner/.m2/repository/commons-codec/commons-codec/1.11/commons-codec-1.11.jar:/home/runner/.m2/repository/io/netty/netty-transport/4.1.63.Final/netty-transport-4.1.63.Final.jar:/home/runner/.m2/repository/io/netty/netty-resolver/4.1.63.Final/netty-resolver-4.1.63.Final.jar:/home/runner/.m2/repository/io/netty/netty-codec/4.1.63.Final/netty-codec-4.1.63.Final.jar:/home/runner/.m2/repository/io/netty/netty-handler/4.1.63.Final/netty-handler-4.1.63.Final.jar:/home/runner/.m2/repository/org/apache/ozone/hdds-hadoop-dependency-test/1.2.0-SNAPSHOT/hdds-hadoop-dependency-test-1.2.0-SNAPSHOT.jar:/home/runner/.m2/repository/org/apache/hadoop/hadoop-common/3.3.1/hadoop-common-3.3.1-tests.jar:/home/runner/.m2/repository/org/assertj/assertj-core/3.12.2/assertj-core-3.12.2.jar:/home/runner/.m2/repository/org/apache/hadoop/hadoop-hdfs/3.3.1/hadoop-hdfs-3.3.1-tests.jar:/home/runner/.m2/repository/org/eclipse/jetty/jetty-util-ajax/9.4.43.v20210629/jetty-util-ajax-9.4.43.v20210629.jar:/home/runner/.m2/repository/commons-daemon/commons-daemon/1.0.13/commons-daemon-1.0.13.jar:/home/runner/.m2/repository/io/netty/netty/3.10.6.Final/netty-3.10.6.Final.jar:/home/runner/.m2/repository/io/netty/netty-all/4.1.63.Final/netty-all-4.1.63.Final.jar:/home/runner/.m2/repository/org/apache/htrace/htrace-core4/4.1.0-incubating/htrace-core4-4.1.0-incubating.jar:/home/runner/.m2/repository/org/fusesource/leveldbjni/leveldbjni-all/1.8/leveldbjni-all-1.8.jar:/home/runner/.m2/repository/org/apache/hadoop/hadoop-distcp/3.3.1/hadoop-distcp-3.3.1.jar:/home/runner/.m2/repository/org/apache/hadoop/hadoop-mapreduce-client-jobclient/3.3.1/hadoop-mapreduce-client-jobclient-3.3.1.jar:/home/runner/.m2/repository/org/apache/hadoop/hadoop-mapreduce-client-common/3.3.1/hadoop-mapreduce-client-common-3.3.1.jar:/home/runner/.m2/repository/org/apache/hadoop/hadoop-yarn-common/3.3.1/hadoop-yarn-common-3.3.1.jar:/home/runner/.m2/repository/org/apache/hadoop/hadoop-yarn-api/3.3.1/hadoop-yarn-api-3.3.1.jar:/home/runner/.m2/repository/com/sun/jersey/jersey-client/1.19/jersey-client-1.19.jar:/home/runner/.m2/repository/com/sun/jersey/contribs/jersey-guice/1.19/jersey-guice-1.19.jar:/home/runner/.m2/repository/com/fasterxml/jackson/jaxrs/jackson-jaxrs-json-provider/2.12.1/jackson-jaxrs-json-provider-2.12.1.jar:/home/runner/.m2/repository/com/fasterxml/jackson/jaxrs/jackson-jaxrs-base/2.12.1/jackson-jaxrs-base-2.12.1.jar:/home/runner/.m2/repository/org/apache/hadoop/hadoop-yarn-client/3.3.1/hadoop-yarn-client-3.3.1.jar:/home/runner/.m2/repository/org/eclipse/jetty/websocket/websocket-client/9.4.40.v20210413/websocket-client-9.4.40.v20210413.jar:/home/runner/.m2/repository/org/eclipse/jetty/jetty-client/9.4.40.v20210413/jetty-client-9.4.40.v20210413.jar:/home/runner/.m2/repository/org/eclipse/jetty/websocket/websocket-common/9.4.40.v20210413/websocket-common-9.4.40.v20210413.jar:/home/runner/.m2/repository/org/eclipse/jetty/websocket/websocket-api/9.4.40.v20210413/websocket-api-9.4.40.v20210413.jar:/home/runner/.m2/repository/org/jline/jline/3.9.0/jline-3.9.0.jar:/home/runner/.m2/repository/org/apache/hadoop/hadoop-mapreduce-client-core/3.3.1/hadoop-mapreduce-client-core-3.3.1.jar:/home/runner/.m2/repository/org/apache/avro/avro/1.7.7/avro-1.7.7.jar:/home/runner/.m2/repository/org/codehaus/jackson/jackson-core-asl/1.9.13/jackson-core-asl-1.9.13.jar:/home/runner/.m2/repository/org/codehaus/jackson/jackson-mapper-asl/1.9.13/jackson-mapper-asl-1.9.13.jar:/home/runner/.m2/repository/com/thoughtworks/paranamer/paranamer/2.3/paranamer-2.3.jar:/home/runner/.m2/repository/org/apache/hadoop/hadoop-annotations/3.3.1/hadoop-annotations-3.3.1.jar:/usr/lib/jvm/adoptopenjdk-8-hotspot-amd64/jre/../lib/tools.jar:/home/runner/.m2/repository/org/apache/hadoop/hadoop-distcp/3.3.1/hadoop-distcp-3.3.1-tests.jar:/home/runner/.m2/repository/org/apache/ratis/ratis-common/2.2.0/ratis-common-2.2.0.jar:/home/runner/.m2/repository/org/apache/ratis/ratis-thirdparty-misc/0.7.0/ratis-thirdparty-misc-0.7.0.jar:/home/runner/.m2/repository/org/apache/ratis/ratis-proto/2.2.0/ratis-proto-2.2.0.jar:"/>
    <property name="java.vm.vendor" value="AdoptOpenJDK"/>
    <property name="sun.arch.data.model" value="64"/>
    <property name="test.build.dir" value="/home/runner/work/ozone/ozone/hadoop-ozone/integration-test/target/test-dir"/>
    <property name="test.cache.data" value=""/>
    <property name="java.vendor.url" value="https://adoptopenjdk.net/"/>
    <property name="user.timezone" value=""/>
    <property name="java.vm.specification.version" value="1.8"/>
    <property name="os.name" value="Linux"/>
    <property name="test.build.data" value="/home/runner/work/ozone/ozone/hadoop-ozone/integration-test/target/test-dir"/>
    <property name="sun.java.launcher" value="SUN_STANDARD"/>
    <property name="sun.boot.library.path" value="/usr/lib/jvm/adoptopenjdk-8-hotspot-amd64/jre/lib/amd64"/>
    <property name="sun.java.command" value="/home/runner/work/ozone/ozone/hadoop-ozone/integration-test/target/surefire/surefirebooter873029036745533201.jar /home/runner/work/ozone/ozone/hadoop-ozone/integration-test/target/surefire 2021-11-02T20-00-41_082-jvmRun1 surefire891789358875025934tmp surefire_14863709132315892318tmp"/>
    <property name="surefire.test.class.path" value="/home/runner/work/ozone/ozone/hadoop-ozone/integration-test/target/test-classes:/home/runner/work/ozone/ozone/hadoop-ozone/integration-test/target/classes:/home/runner/.m2/repository/org/apache/ozone/ozone-common/1.2.0-SNAPSHOT/ozone-common-1.2.0-SNAPSHOT.jar:/home/runner/.m2/repository/org/apache/commons/commons-compress/1.21/commons-compress-1.21.jar:/home/runner/.m2/repository/org/apache/ozone/hdds-common/1.2.0-SNAPSHOT/hdds-common-1.2.0-SNAPSHOT.jar:/home/runner/.m2/repository/org/apache/ozone/hdds-client/1.2.0-SNAPSHOT/hdds-client-1.2.0-SNAPSHOT.jar:/home/runner/.m2/repository/org/apache/ozone/ozone-interface-client/1.2.0-SNAPSHOT/ozone-interface-client-1.2.0-SNAPSHOT.jar:/home/runner/.m2/repository/org/apache/ozone/hdds-server-framework/1.2.0-SNAPSHOT/hdds-server-framework-1.2.0-SNAPSHOT.jar:/home/runner/.m2/repository/org/apache/ozone/hdds-interface-server/1.2.0-SNAPSHOT/hdds-interface-server-1.2.0-SNAPSHOT.jar:/home/runner/.m2/repository/org/eclipse/jetty/jetty-servlet/9.4.43.v20210629/jetty-servlet-9.4.43.v20210629.jar:/home/runner/.m2/repository/org/eclipse/jetty/jetty-security/9.4.43.v20210629/jetty-security-9.4.43.v20210629.jar:/home/runner/.m2/repository/org/rocksdb/rocksdbjni/6.20.3/rocksdbjni-6.20.3.jar:/home/runner/.m2/repository/io/prometheus/simpleclient_dropwizard/0.7.0/simpleclient_dropwizard-0.7.0.jar:/home/runner/.m2/repository/io/prometheus/simpleclient/0.7.0/simpleclient-0.7.0.jar:/home/runner/.m2/repository/io/prometheus/simpleclient_common/0.7.0/simpleclient_common-0.7.0.jar:/home/runner/.m2/repository/com/fasterxml/jackson/datatype/jackson-datatype-jsr310/2.12.1/jackson-datatype-jsr310-2.12.1.jar:/home/runner/.m2/repository/org/apache/ozone/hdds-test-utils/1.2.0-SNAPSHOT/hdds-test-utils-1.2.0-SNAPSHOT.jar:/home/runner/.m2/repository/com/google/guava/guava/30.1.1-jre/guava-30.1.1-jre.jar:/home/runner/.m2/repository/com/google/guava/failureaccess/1.0.1/failureaccess-1.0.1.jar:/home/runner/.m2/repository/com/google/guava/listenablefuture/9999.0-empty-to-avoid-conflict-with-guava/listenablefuture-9999.0-empty-to-avoid-conflict-with-guava.jar:/home/runner/.m2/repository/com/google/code/findbugs/jsr305/3.0.0/jsr305-3.0.0.jar:/home/runner/.m2/repository/org/checkerframework/checker-qual/3.8.0/checker-qual-3.8.0.jar:/home/runner/.m2/repository/com/google/errorprone/error_prone_annotations/2.2.0/error_prone_annotations-2.2.0.jar:/home/runner/.m2/repository/com/google/j2objc/j2objc-annotations/1.3/j2objc-annotations-1.3.jar:/home/runner/.m2/repository/commons-io/commons-io/2.11.0/commons-io-2.11.0.jar:/home/runner/.m2/repository/commons-logging/commons-logging/1.2/commons-logging-1.2.jar:/home/runner/.m2/repository/log4j/log4j/1.2.17/log4j-1.2.17.jar:/home/runner/.m2/repository/org/slf4j/slf4j-api/1.7.30/slf4j-api-1.7.30.jar:/home/runner/.m2/repository/org/apache/ozone/hdds-server-scm/1.2.0-SNAPSHOT/hdds-server-scm-1.2.0-SNAPSHOT.jar:/home/runner/.m2/repository/org/apache/ozone/hdds-container-service/1.2.0-SNAPSHOT/hdds-container-service-1.2.0-SNAPSHOT.jar:/home/runner/.m2/repository/org/apache/ozone/hdds-hadoop-dependency-server/1.2.0-SNAPSHOT/hdds-hadoop-dependency-server-1.2.0-SNAPSHOT.jar:/home/runner/.m2/repository/org/apache/hadoop/hadoop-hdfs/3.3.1/hadoop-hdfs-3.3.1.jar:/home/runner/.m2/repository/io/dropwizard/metrics/metrics-core/3.2.4/metrics-core-3.2.4.jar:/home/runner/.m2/repository/org/apache/hadoop/hadoop-hdfs-client/3.3.1/hadoop-hdfs-client-3.3.1.jar:/home/runner/.m2/repository/org/bouncycastle/bcprov-jdk15on/1.67/bcprov-jdk15on-1.67.jar:/home/runner/.m2/repository/com/google/protobuf/protobuf-java/2.5.0/protobuf-java-2.5.0.jar:/home/runner/.m2/repository/org/apache/ozone/ozone-manager/1.2.0-SNAPSHOT/ozone-manager-1.2.0-SNAPSHOT.jar:/home/runner/.m2/repository/org/aspectj/aspectjrt/1.9.7/aspectjrt-1.9.7.jar:/home/runner/.m2/repository/org/aspectj/aspectjweaver/1.9.7/aspectjweaver-1.9.7.jar:/home/runner/.m2/repository/org/apache/ozone/hdds-interface-client/1.2.0-SNAPSHOT/hdds-interface-client-1.2.0-SNAPSHOT.jar:/home/runner/.m2/repository/org/apache/hadoop/thirdparty/hadoop-shaded-protobuf_3_7/1.1.1/hadoop-shaded-protobuf_3_7-1.1.1.jar:/home/runner/.m2/repository/org/apache/ozone/ozone-interface-storage/1.2.0-SNAPSHOT/ozone-interface-storage-1.2.0-SNAPSHOT.jar:/home/runner/.m2/repository/org/reflections/reflections/0.9.11/reflections-0.9.11.jar:/home/runner/.m2/repository/org/apache/hadoop/hadoop-minikdc/3.3.1/hadoop-minikdc-3.3.1.jar:/home/runner/.m2/repository/org/apache/kerby/kerb-simplekdc/1.0.1/kerb-simplekdc-1.0.1.jar:/home/runner/.m2/repository/org/apache/kerby/kerb-client/1.0.1/kerb-client-1.0.1.jar:/home/runner/.m2/repository/org/apache/kerby/kerby-config/1.0.1/kerby-config-1.0.1.jar:/home/runner/.m2/repository/org/apache/kerby/kerb-common/1.0.1/kerb-common-1.0.1.jar:/home/runner/.m2/repository/org/apache/kerby/kerb-crypto/1.0.1/kerb-crypto-1.0.1.jar:/home/runner/.m2/repository/org/apache/kerby/kerb-util/1.0.1/kerb-util-1.0.1.jar:/home/runner/.m2/repository/org/apache/kerby/token-provider/1.0.1/token-provider-1.0.1.jar:/home/runner/.m2/repository/org/apache/kerby/kerb-admin/1.0.1/kerb-admin-1.0.1.jar:/home/runner/.m2/repository/org/apache/kerby/kerb-server/1.0.1/kerb-server-1.0.1.jar:/home/runner/.m2/repository/org/apache/kerby/kerb-identity/1.0.1/kerb-identity-1.0.1.jar:/home/runner/.m2/repository/org/apache/kerby/kerby-xdr/1.0.1/kerby-xdr-1.0.1.jar:/home/runner/.m2/repository/org/slf4j/slf4j-log4j12/1.7.30/slf4j-log4j12-1.7.30.jar:/home/runner/.m2/repository/org/apache/ozone/ozone-s3gateway/1.2.0-SNAPSHOT/ozone-s3gateway-1.2.0-SNAPSHOT.jar:/home/runner/.m2/repository/org/javassist/javassist/3.21.0-GA/javassist-3.21.0-GA.jar:/home/runner/.m2/repository/org/jboss/weld/servlet/weld-servlet/2.4.7.Final/weld-servlet-2.4.7.Final.jar:/home/runner/.m2/repository/org/glassfish/jersey/containers/jersey-container-servlet-core/2.33/jersey-container-servlet-core-2.33.jar:/home/runner/.m2/repository/org/glassfish/hk2/external/jakarta.inject/2.6.1/jakarta.inject-2.6.1.jar:/home/runner/.m2/repository/org/glassfish/jersey/core/jersey-common/2.33/jersey-common-2.33.jar:/home/runner/.m2/repository/jakarta/ws/rs/jakarta.ws.rs-api/2.1.6/jakarta.ws.rs-api-2.1.6.jar:/home/runner/.m2/repository/org/glassfish/jersey/ext/cdi/jersey-cdi1x/2.33/jersey-cdi1x-2.33.jar:/home/runner/.m2/repository/org/glassfish/jersey/inject/jersey-hk2/2.33/jersey-hk2-2.33.jar:/home/runner/.m2/repository/org/glassfish/hk2/hk2-locator/2.6.1/hk2-locator-2.6.1.jar:/home/runner/.m2/repository/org/glassfish/jersey/media/jersey-media-jaxb/2.33/jersey-media-jaxb-2.33.jar:/home/runner/.m2/repository/org/glassfish/hk2/osgi-resource-locator/1.0.3/osgi-resource-locator-1.0.3.jar:/home/runner/.m2/repository/org/glassfish/hk2/hk2-api/2.5.0/hk2-api-2.5.0.jar:/home/runner/.m2/repository/org/glassfish/hk2/hk2-utils/2.5.0/hk2-utils-2.5.0.jar:/home/runner/.m2/repository/org/glassfish/hk2/external/aopalliance-repackaged/2.5.0/aopalliance-repackaged-2.5.0.jar:/home/runner/.m2/repository/com/fasterxml/jackson/dataformat/jackson-dataformat-xml/2.12.1/jackson-dataformat-xml-2.12.1.jar:/home/runner/.m2/repository/com/fasterxml/jackson/core/jackson-core/2.12.1/jackson-core-2.12.1.jar:/home/runner/.m2/repository/com/fasterxml/jackson/module/jackson-module-jaxb-annotations/2.12.1/jackson-module-jaxb-annotations-2.12.1.jar:/home/runner/.m2/repository/jakarta/xml/bind/jakarta.xml.bind-api/2.3.2/jakarta.xml.bind-api-2.3.2.jar:/home/runner/.m2/repository/org/codehaus/woodstox/stax2-api/3.1.4/stax2-api-3.1.4.jar:/home/runner/.m2/repository/com/fasterxml/woodstox/woodstox-core/5.0.3/woodstox-core-5.0.3.jar:/home/runner/.m2/repository/javax/enterprise/cdi-api/1.2/cdi-api-1.2.jar:/home/runner/.m2/repository/javax/el/javax.el-api/3.0.0/javax.el-api-3.0.0.jar:/home/runner/.m2/repository/javax/interceptor/javax.interceptor-api/1.2/javax.interceptor-api-1.2.jar:/home/runner/.m2/repository/javax/inject/javax.inject/1/javax.inject-1.jar:/home/runner/.m2/repository/javax/xml/bind/jaxb-api/2.3.0/jaxb-api-2.3.0.jar:/home/runner/.m2/repository/org/glassfish/jaxb/jaxb-runtime/2.3.0.1/jaxb-runtime-2.3.0.1.jar:/home/runner/.m2/repository/org/glassfish/jaxb/jaxb-core/2.3.0.1/jaxb-core-2.3.0.1.jar:/home/runner/.m2/repository/org/glassfish/jaxb/txw2/2.3.0.1/txw2-2.3.0.1.jar:/home/runner/.m2/repository/com/sun/istack/istack-commons-runtime/3.0.5/istack-commons-runtime-3.0.5.jar:/home/runner/.m2/repository/org/jvnet/staxex/stax-ex/1.7.8/stax-ex-1.7.8.jar:/home/runner/.m2/repository/com/sun/xml/fastinfoset/FastInfoset/1.2.13/FastInfoset-1.2.13.jar:/home/runner/.m2/repository/javax/activation/activation/1.1.1/activation-1.1.1.jar:/home/runner/.m2/repository/org/apache/ozone/ozone-csi/1.2.0-SNAPSHOT/ozone-csi-1.2.0-SNAPSHOT.jar:/home/runner/.m2/repository/com/google/protobuf/protobuf-java-util/3.12.0/protobuf-java-util-3.12.0.jar:/home/runner/.m2/repository/com/google/code/gson/gson/2.2.4/gson-2.2.4.jar:/home/runner/.m2/repository/org/apache/ozone/hdds-config/1.2.0-SNAPSHOT/hdds-config-1.2.0-SNAPSHOT.jar:/home/runner/.m2/repository/io/grpc/grpc-netty/1.33.0/grpc-netty-1.33.0.jar:/home/runner/.m2/repository/io/grpc/grpc-core/1.33.0/grpc-core-1.33.0.jar:/home/runner/.m2/repository/com/google/android/annotations/4.1.1.4/annotations-4.1.1.4.jar:/home/runner/.m2/repository/io/netty/netty-codec-http2/4.1.63.Final/netty-codec-http2-4.1.63.Final.jar:/home/runner/.m2/repository/io/netty/netty-codec-http/4.1.63.Final/netty-codec-http-4.1.63.Final.jar:/home/runner/.m2/repository/io/netty/netty-handler-proxy/4.1.63.Final/netty-handler-proxy-4.1.63.Final.jar:/home/runner/.m2/repository/io/netty/netty-codec-socks/4.1.63.Final/netty-codec-socks-4.1.63.Final.jar:/home/runner/.m2/repository/io/perfmark/perfmark-api/0.19.0/perfmark-api-0.19.0.jar:/home/runner/.m2/repository/org/codehaus/mojo/animal-sniffer-annotations/1.18/animal-sniffer-annotations-1.18.jar:/home/runner/.m2/repository/io/netty/netty-transport-native-epoll/4.1.63.Final/netty-transport-native-epoll-4.1.63.Final.jar:/home/runner/.m2/repository/io/netty/netty-common/4.1.63.Final/netty-common-4.1.63.Final.jar:/home/runner/.m2/repository/io/netty/netty-buffer/4.1.63.Final/netty-buffer-4.1.63.Final.jar:/home/runner/.m2/repository/io/netty/netty-transport-native-unix-common/4.1.63.Final/netty-transport-native-unix-common-4.1.63.Final.jar:/home/runner/.m2/repository/io/grpc/grpc-protobuf/1.33.0/grpc-protobuf-1.33.0.jar:/home/runner/.m2/repository/io/grpc/grpc-api/1.33.0/grpc-api-1.33.0.jar:/home/runner/.m2/repository/io/grpc/grpc-context/1.33.0/grpc-context-1.33.0.jar:/home/runner/.m2/repository/com/google/api/grpc/proto-google-common-protos/1.17.0/proto-google-common-protos-1.17.0.jar:/home/runner/.m2/repository/io/grpc/grpc-protobuf-lite/1.33.0/grpc-protobuf-lite-1.33.0.jar:/home/runner/.m2/repository/io/grpc/grpc-stub/1.33.0/grpc-stub-1.33.0.jar:/home/runner/.m2/repository/org/apache/ozone/ozone-recon/1.2.0-SNAPSHOT/ozone-recon-1.2.0-SNAPSHOT.jar:/home/runner/.m2/repository/org/apache/ozone/ozone-reconcodegen/1.2.0-SNAPSHOT/ozone-reconcodegen-1.2.0-SNAPSHOT.jar:/home/runner/.m2/repository/com/google/inject/extensions/guice-multibindings/4.0/guice-multibindings-4.0.jar:/home/runner/.m2/repository/com/google/inject/guice/4.0/guice-4.0.jar:/home/runner/.m2/repository/aopalliance/aopalliance/1.0/aopalliance-1.0.jar:/home/runner/.m2/repository/com/google/inject/extensions/guice-assistedinject/4.0/guice-assistedinject-4.0.jar:/home/runner/.m2/repository/com/google/inject/extensions/guice-servlet/4.0/guice-servlet-4.0.jar:/home/runner/.m2/repository/org/glassfish/jersey/containers/jersey-container-servlet/2.33/jersey-container-servlet-2.33.jar:/home/runner/.m2/repository/org/glassfish/hk2/guice-bridge/2.5.0/guice-bridge-2.5.0.jar:/home/runner/.m2/repository/org/glassfish/jersey/core/jersey-server/2.33/jersey-server-2.33.jar:/home/runner/.m2/repository/org/glassfish/jersey/core/jersey-client/2.33/jersey-client-2.33.jar:/home/runner/.m2/repository/jakarta/annotation/jakarta.annotation-api/1.3.5/jakarta.annotation-api-1.3.5.jar:/home/runner/.m2/repository/jakarta/validation/jakarta.validation-api/2.0.2/jakarta.validation-api-2.0.2.jar:/home/runner/.m2/repository/org/glassfish/jersey/media/jersey-media-json-jackson/2.33/jersey-media-json-jackson-2.33.jar:/home/runner/.m2/repository/org/glassfish/jersey/ext/jersey-entity-filtering/2.33/jersey-entity-filtering-2.33.jar:/home/runner/.m2/repository/org/jooq/jooq/3.11.10/jooq-3.11.10.jar:/home/runner/.m2/repository/org/jooq/jooq-meta/3.11.10/jooq-meta-3.11.10.jar:/home/runner/.m2/repository/org/jooq/jooq-codegen/3.11.10/jooq-codegen-3.11.10.jar:/home/runner/.m2/repository/com/jolbox/bonecp/0.8.0.RELEASE/bonecp-0.8.0.RELEASE.jar:/home/runner/.m2/repository/org/apache/derby/derby/10.14.2.0/derby-10.14.2.0.jar:/home/runner/.m2/repository/org/xerial/sqlite-jdbc/3.25.2/sqlite-jdbc-3.25.2.jar:/home/runner/.m2/repository/org/springframework/spring-jdbc/5.2.17.RELEASE/spring-jdbc-5.2.17.RELEASE.jar:/home/runner/.m2/repository/org/springframework/spring-beans/5.2.17.RELEASE/spring-beans-5.2.17.RELEASE.jar:/home/runner/.m2/repository/org/springframework/spring-core/5.2.17.RELEASE/spring-core-5.2.17.RELEASE.jar:/home/runner/.m2/repository/org/springframework/spring-jcl/5.2.17.RELEASE/spring-jcl-5.2.17.RELEASE.jar:/home/runner/.m2/repository/org/springframework/spring-tx/5.2.17.RELEASE/spring-tx-5.2.17.RELEASE.jar:/home/runner/.m2/repository/org/apache/ozone/ozone-client/1.2.0-SNAPSHOT/ozone-client-1.2.0-SNAPSHOT.jar:/home/runner/.m2/repository/org/apache/ozone/ozone-filesystem/1.2.0-SNAPSHOT/ozone-filesystem-1.2.0-SNAPSHOT.jar:/home/runner/.m2/repository/org/apache/ozone/ozone-filesystem-common/1.2.0-SNAPSHOT/ozone-filesystem-common-1.2.0-SNAPSHOT.jar:/home/runner/.m2/repository/org/apache/ozone/ozone-tools/1.2.0-SNAPSHOT/ozone-tools-1.2.0-SNAPSHOT.jar:/home/runner/.m2/repository/org/apache/ratis/ratis-tools/2.2.0/ratis-tools-2.2.0.jar:/home/runner/.m2/repository/com/amazonaws/aws-java-sdk-core/1.11.1034/aws-java-sdk-core-1.11.1034.jar:/home/runner/.m2/repository/org/apache/httpcomponents/httpclient/4.5.13/httpclient-4.5.13.jar:/home/runner/.m2/repository/org/apache/httpcomponents/httpcore/4.4.13/httpcore-4.4.13.jar:/home/runner/.m2/repository/software/amazon/ion/ion-java/1.0.2/ion-java-1.0.2.jar:/home/runner/.m2/repository/com/fasterxml/jackson/dataformat/jackson-dataformat-cbor/2.12.1/jackson-dataformat-cbor-2.12.1.jar:/home/runner/.m2/repository/joda-time/joda-time/2.8.1/joda-time-2.8.1.jar:/home/runner/.m2/repository/com/amazonaws/aws-java-sdk-s3/1.11.1034/aws-java-sdk-s3-1.11.1034.jar:/home/runner/.m2/repository/com/amazonaws/aws-java-sdk-kms/1.11.1034/aws-java-sdk-kms-1.11.1034.jar:/home/runner/.m2/repository/com/amazonaws/jmespath-java/1.11.1034/jmespath-java-1.11.1034.jar:/home/runner/.m2/repository/org/kohsuke/metainf-services/metainf-services/1.8/metainf-services-1.8.jar:/home/runner/.m2/repository/org/apache/ozone/hdds-tools/1.2.0-SNAPSHOT/hdds-tools-1.2.0-SNAPSHOT.jar:/home/runner/.m2/repository/commons-cli/commons-cli/1.2/commons-cli-1.2.jar:/home/runner/.m2/repository/org/apache/commons/commons-lang3/3.7/commons-lang3-3.7.jar:/home/runner/.m2/repository/org/apache/ozone/ozone-manager/1.2.0-SNAPSHOT/ozone-manager-1.2.0-SNAPSHOT-tests.jar:/home/runner/.m2/repository/org/apache/ozone/hdds-common/1.2.0-SNAPSHOT/hdds-common-1.2.0-SNAPSHOT-tests.jar:/home/runner/.m2/repository/org/apache/ozone/hdds-hadoop-dependency-client/1.2.0-SNAPSHOT/hdds-hadoop-dependency-client-1.2.0-SNAPSHOT.jar:/home/runner/.m2/repository/info/picocli/picocli/4.6.1/picocli-4.6.1.jar:/home/runner/.m2/repository/com/fasterxml/jackson/core/jackson-annotations/2.12.1/jackson-annotations-2.12.1.jar:/home/runner/.m2/repository/javax/annotation/javax.annotation-api/1.2/javax.annotation-api-1.2.jar:/home/runner/.m2/repository/org/apache/ratis/ratis-server/2.2.0/ratis-server-2.2.0.jar:/home/runner/.m2/repository/org/apache/ratis/ratis-client/2.2.0/ratis-client-2.2.0.jar:/home/runner/.m2/repository/org/apache/ratis/ratis-server-api/2.2.0/ratis-server-api-2.2.0.jar:/home/runner/.m2/repository/org/apache/ratis/ratis-metrics/2.2.0/ratis-metrics-2.2.0.jar:/home/runner/.m2/repository/org/apache/ratis/ratis-netty/2.2.0/ratis-netty-2.2.0.jar:/home/runner/.m2/repository/org/apache/ratis/ratis-grpc/2.2.0/ratis-grpc-2.2.0.jar:/home/runner/.m2/repository/org/apache/logging/log4j/log4j-api/2.13.3/log4j-api-2.13.3.jar:/home/runner/.m2/repository/org/apache/logging/log4j/log4j-core/2.13.3/log4j-core-2.13.3.jar:/home/runner/.m2/repository/com/lmax/disruptor/3.4.2/disruptor-3.4.2.jar:/home/runner/.m2/repository/org/apache/commons/commons-pool2/2.6.0/commons-pool2-2.6.0.jar:/home/runner/.m2/repository/org/bouncycastle/bcpkix-jdk15on/1.67/bcpkix-jdk15on-1.67.jar:/home/runner/.m2/repository/commons-validator/commons-validator/1.6/commons-validator-1.6.jar:/home/runner/.m2/repository/commons-beanutils/commons-beanutils/1.9.4/commons-beanutils-1.9.4.jar:/home/runner/.m2/repository/commons-digester/commons-digester/1.8.1/commons-digester-1.8.1.jar:/home/runner/.m2/repository/commons-collections/commons-collections/3.2.2/commons-collections-3.2.2.jar:/home/runner/.m2/repository/io/jaegertracing/jaeger-client/1.6.0/jaeger-client-1.6.0.jar:/home/runner/.m2/repository/io/jaegertracing/jaeger-thrift/1.6.0/jaeger-thrift-1.6.0.jar:/home/runner/.m2/repository/org/apache/thrift/libthrift/0.14.1/libthrift-0.14.1.jar:/home/runner/.m2/repository/com/squareup/okhttp3/okhttp/4.9.0/okhttp-4.9.0.jar:/home/runner/.m2/repository/com/squareup/okio/okio/2.8.0/okio-2.8.0.jar:/home/runner/.m2/repository/io/jaegertracing/jaeger-core/1.6.0/jaeger-core-1.6.0.jar:/home/runner/.m2/repository/io/jaegertracing/jaeger-tracerresolver/1.6.0/jaeger-tracerresolver-1.6.0.jar:/home/runner/.m2/repository/io/opentracing/contrib/opentracing-tracerresolver/0.1.8/opentracing-tracerresolver-0.1.8.jar:/home/runner/.m2/repository/org/jetbrains/kotlin/kotlin-stdlib/1.4.31/kotlin-stdlib-1.4.31.jar:/home/runner/.m2/repository/org/jetbrains/kotlin/kotlin-stdlib-common/1.4.31/kotlin-stdlib-common-1.4.31.jar:/home/runner/.m2/repository/org/jetbrains/annotations/13.0/annotations-13.0.jar:/home/runner/.m2/repository/io/opentracing/opentracing-util/0.33.0/opentracing-util-0.33.0.jar:/home/runner/.m2/repository/io/opentracing/opentracing-api/0.33.0/opentracing-api-0.33.0.jar:/home/runner/.m2/repository/io/opentracing/opentracing-noop/0.33.0/opentracing-noop-0.33.0.jar:/home/runner/.m2/repository/org/yaml/snakeyaml/1.26/snakeyaml-1.26.jar:/home/runner/.m2/repository/org/apache/ozone/hdds-interface-admin/1.2.0-SNAPSHOT/hdds-interface-admin-1.2.0-SNAPSHOT.jar:/home/runner/.m2/repository/junit/junit/4.13.1/junit-4.13.1.jar:/home/runner/.m2/repository/org/hamcrest/hamcrest-core/1.3/hamcrest-core-1.3.jar:/home/runner/.m2/repository/org/junit/jupiter/junit-jupiter-api/5.7.0/junit-jupiter-api-5.7.0.jar:/home/runner/.m2/repository/org/apiguardian/apiguardian-api/1.1.0/apiguardian-api-1.1.0.jar:/home/runner/.m2/repository/org/opentest4j/opentest4j/1.2.0/opentest4j-1.2.0.jar:/home/runner/.m2/repository/org/junit/platform/junit-platform-commons/1.7.0/junit-platform-commons-1.7.0.jar:/home/runner/.m2/repository/org/junit/jupiter/junit-jupiter-engine/5.7.0/junit-jupiter-engine-5.7.0.jar:/home/runner/.m2/repository/org/junit/platform/junit-platform-engine/1.7.0/junit-platform-engine-1.7.0.jar:/home/runner/.m2/repository/org/junit/vintage/junit-vintage-engine/5.7.0/junit-vintage-engine-5.7.0.jar:/home/runner/.m2/repository/org/junit/platform/junit-platform-launcher/1.7.0/junit-platform-launcher-1.7.0.jar:/home/runner/.m2/repository/org/openjdk/jmh/jmh-core/1.19/jmh-core-1.19.jar:/home/runner/.m2/repository/net/sf/jopt-simple/jopt-simple/4.6/jopt-simple-4.6.jar:/home/runner/.m2/repository/org/apache/commons/commons-math3/3.1.1/commons-math3-3.1.1.jar:/home/runner/.m2/repository/org/openjdk/jmh/jmh-generator-annprocess/1.19/jmh-generator-annprocess-1.19.jar:/home/runner/.m2/repository/org/mockito/mockito-core/2.28.2/mockito-core-2.28.2.jar:/home/runner/.m2/repository/net/bytebuddy/byte-buddy/1.9.10/byte-buddy-1.9.10.jar:/home/runner/.m2/repository/net/bytebuddy/byte-buddy-agent/1.9.10/byte-buddy-agent-1.9.10.jar:/home/runner/.m2/repository/org/objenesis/objenesis/1.0/objenesis-1.0.jar:/home/runner/.m2/repository/org/apache/hadoop/hadoop-kms/3.3.1/hadoop-kms-3.3.1.jar:/home/runner/.m2/repository/org/apache/hadoop/hadoop-auth/3.3.1/hadoop-auth-3.3.1.jar:/home/runner/.m2/repository/com/nimbusds/nimbus-jose-jwt/7.9/nimbus-jose-jwt-7.9.jar:/home/runner/.m2/repository/com/github/stephenc/jcip/jcip-annotations/1.0-1/jcip-annotations-1.0-1.jar:/home/runner/.m2/repository/net/minidev/json-smart/2.3.1/json-smart-2.3.1.jar:/home/runner/.m2/repository/net/minidev/accessors-smart/2.3.1/accessors-smart-2.3.1.jar:/home/runner/.m2/repository/org/ow2/asm/asm/5.0.4/asm-5.0.4.jar:/home/runner/.m2/repository/org/apache/zookeeper/zookeeper/3.5.6/zookeeper-3.5.6.jar:/home/runner/.m2/repository/org/apache/zookeeper/zookeeper-jute/3.5.6/zookeeper-jute-3.5.6.jar:/home/runner/.m2/repository/org/apache/yetus/audience-annotations/0.5.0/audience-annotations-0.5.0.jar:/home/runner/.m2/repository/org/apache/curator/curator-framework/4.2.0/curator-framework-4.2.0.jar:/home/runner/.m2/repository/org/apache/hadoop/thirdparty/hadoop-shaded-guava/1.1.1/hadoop-shaded-guava-1.1.1.jar:/home/runner/.m2/repository/com/sun/jersey/jersey-core/1.19/jersey-core-1.19.jar:/home/runner/.m2/repository/javax/ws/rs/jsr311-api/1.1.1/jsr311-api-1.1.1.jar:/home/runner/.m2/repository/com/sun/jersey/jersey-server/1.19/jersey-server-1.19.jar:/home/runner/.m2/repository/javax/servlet/javax.servlet-api/3.1.0/javax.servlet-api-3.1.0.jar:/home/runner/.m2/repository/org/eclipse/jetty/jetty-server/9.4.43.v20210629/jetty-server-9.4.43.v20210629.jar:/home/runner/.m2/repository/org/eclipse/jetty/jetty-http/9.4.43.v20210629/jetty-http-9.4.43.v20210629.jar:/home/runner/.m2/repository/org/eclipse/jetty/jetty-io/9.4.43.v20210629/jetty-io-9.4.43.v20210629.jar:/home/runner/.m2/repository/org/eclipse/jetty/jetty-webapp/9.4.43.v20210629/jetty-webapp-9.4.43.v20210629.jar:/home/runner/.m2/repository/org/eclipse/jetty/jetty-xml/9.4.43.v20210629/jetty-xml-9.4.43.v20210629.jar:/home/runner/.m2/repository/org/apache/hadoop/hadoop-common/3.3.1/hadoop-common-3.3.1.jar:/home/runner/.m2/repository/commons-net/commons-net/3.6/commons-net-3.6.jar:/home/runner/.m2/repository/jakarta/activation/jakarta.activation-api/1.2.1/jakarta.activation-api-1.2.1.jar:/home/runner/.m2/repository/com/sun/jersey/jersey-servlet/1.19/jersey-servlet-1.19.jar:/home/runner/.m2/repository/com/sun/jersey/jersey-json/1.19/jersey-json-1.19.jar:/home/runner/.m2/repository/org/codehaus/jettison/jettison/1.1/jettison-1.1.jar:/home/runner/.m2/repository/com/sun/xml/bind/jaxb-impl/2.2.3-1/jaxb-impl-2.2.3-1.jar:/home/runner/.m2/repository/org/codehaus/jackson/jackson-jaxrs/1.9.2/jackson-jaxrs-1.9.2.jar:/home/runner/.m2/repository/org/codehaus/jackson/jackson-xc/1.9.2/jackson-xc-1.9.2.jar:/home/runner/.m2/repository/org/apache/commons/commons-configuration2/2.1.1/commons-configuration2-2.1.1.jar:/home/runner/.m2/repository/org/apache/commons/commons-text/1.4/commons-text-1.4.jar:/home/runner/.m2/repository/com/google/re2j/re2j/1.1/re2j-1.1.jar:/home/runner/.m2/repository/com/jcraft/jsch/0.1.54/jsch-0.1.54.jar:/home/runner/.m2/repository/org/apache/curator/curator-client/4.2.0/curator-client-4.2.0.jar:/home/runner/.m2/repository/org/apache/curator/curator-recipes/4.2.0/curator-recipes-4.2.0.jar:/home/runner/.m2/repository/org/apache/kerby/kerb-core/1.0.1/kerb-core-1.0.1.jar:/home/runner/.m2/repository/org/apache/kerby/kerby-pkix/1.0.1/kerby-pkix-1.0.1.jar:/home/runner/.m2/repository/org/apache/kerby/kerby-asn1/1.0.1/kerby-asn1-1.0.1.jar:/home/runner/.m2/repository/org/apache/kerby/kerby-util/1.0.1/kerby-util-1.0.1.jar:/home/runner/.m2/repository/dnsjava/dnsjava/2.1.7/dnsjava-2.1.7.jar:/home/runner/.m2/repository/org/xerial/snappy/snappy-java/1.1.8.2/snappy-java-1.1.8.2.jar:/home/runner/.m2/repository/org/slf4j/jul-to-slf4j/1.7.30/jul-to-slf4j-1.7.30.jar:/home/runner/.m2/repository/org/eclipse/jetty/jetty-util/9.4.43.v20210629/jetty-util-9.4.43.v20210629.jar:/home/runner/.m2/repository/com/fasterxml/jackson/core/jackson-databind/2.12.1/jackson-databind-2.12.1.jar:/home/runner/.m2/repository/org/apache/hadoop/hadoop-kms/3.3.1/hadoop-kms-3.3.1-tests.jar:/home/runner/.m2/repository/org/apache/ozone/hdds-server-scm/1.2.0-SNAPSHOT/hdds-server-scm-1.2.0-SNAPSHOT-tests.jar:/home/runner/.m2/repository/org/apache/ozone/hdds-container-service/1.2.0-SNAPSHOT/hdds-container-service-1.2.0-SNAPSHOT-tests.jar:/home/runner/.m2/repository/commons-codec/commons-codec/1.11/commons-codec-1.11.jar:/home/runner/.m2/repository/io/netty/netty-transport/4.1.63.Final/netty-transport-4.1.63.Final.jar:/home/runner/.m2/repository/io/netty/netty-resolver/4.1.63.Final/netty-resolver-4.1.63.Final.jar:/home/runner/.m2/repository/io/netty/netty-codec/4.1.63.Final/netty-codec-4.1.63.Final.jar:/home/runner/.m2/repository/io/netty/netty-handler/4.1.63.Final/netty-handler-4.1.63.Final.jar:/home/runner/.m2/repository/org/apache/ozone/hdds-hadoop-dependency-test/1.2.0-SNAPSHOT/hdds-hadoop-dependency-test-1.2.0-SNAPSHOT.jar:/home/runner/.m2/repository/org/apache/hadoop/hadoop-common/3.3.1/hadoop-common-3.3.1-tests.jar:/home/runner/.m2/repository/org/assertj/assertj-core/3.12.2/assertj-core-3.12.2.jar:/home/runner/.m2/repository/org/apache/hadoop/hadoop-hdfs/3.3.1/hadoop-hdfs-3.3.1-tests.jar:/home/runner/.m2/repository/org/eclipse/jetty/jetty-util-ajax/9.4.43.v20210629/jetty-util-ajax-9.4.43.v20210629.jar:/home/runner/.m2/repository/commons-daemon/commons-daemon/1.0.13/commons-daemon-1.0.13.jar:/home/runner/.m2/repository/io/netty/netty/3.10.6.Final/netty-3.10.6.Final.jar:/home/runner/.m2/repository/io/netty/netty-all/4.1.63.Final/netty-all-4.1.63.Final.jar:/home/runner/.m2/repository/org/apache/htrace/htrace-core4/4.1.0-incubating/htrace-core4-4.1.0-incubating.jar:/home/runner/.m2/repository/org/fusesource/leveldbjni/leveldbjni-all/1.8/leveldbjni-all-1.8.jar:/home/runner/.m2/repository/org/apache/hadoop/hadoop-distcp/3.3.1/hadoop-distcp-3.3.1.jar:/home/runner/.m2/repository/org/apache/hadoop/hadoop-mapreduce-client-jobclient/3.3.1/hadoop-mapreduce-client-jobclient-3.3.1.jar:/home/runner/.m2/repository/org/apache/hadoop/hadoop-mapreduce-client-common/3.3.1/hadoop-mapreduce-client-common-3.3.1.jar:/home/runner/.m2/repository/org/apache/hadoop/hadoop-yarn-common/3.3.1/hadoop-yarn-common-3.3.1.jar:/home/runner/.m2/repository/org/apache/hadoop/hadoop-yarn-api/3.3.1/hadoop-yarn-api-3.3.1.jar:/home/runner/.m2/repository/com/sun/jersey/jersey-client/1.19/jersey-client-1.19.jar:/home/runner/.m2/repository/com/sun/jersey/contribs/jersey-guice/1.19/jersey-guice-1.19.jar:/home/runner/.m2/repository/com/fasterxml/jackson/jaxrs/jackson-jaxrs-json-provider/2.12.1/jackson-jaxrs-json-provider-2.12.1.jar:/home/runner/.m2/repository/com/fasterxml/jackson/jaxrs/jackson-jaxrs-base/2.12.1/jackson-jaxrs-base-2.12.1.jar:/home/runner/.m2/repository/org/apache/hadoop/hadoop-yarn-client/3.3.1/hadoop-yarn-client-3.3.1.jar:/home/runner/.m2/repository/org/eclipse/jetty/websocket/websocket-client/9.4.40.v20210413/websocket-client-9.4.40.v20210413.jar:/home/runner/.m2/repository/org/eclipse/jetty/jetty-client/9.4.40.v20210413/jetty-client-9.4.40.v20210413.jar:/home/runner/.m2/repository/org/eclipse/jetty/websocket/websocket-common/9.4.40.v20210413/websocket-common-9.4.40.v20210413.jar:/home/runner/.m2/repository/org/eclipse/jetty/websocket/websocket-api/9.4.40.v20210413/websocket-api-9.4.40.v20210413.jar:/home/runner/.m2/repository/org/jline/jline/3.9.0/jline-3.9.0.jar:/home/runner/.m2/repository/org/apache/hadoop/hadoop-mapreduce-client-core/3.3.1/hadoop-mapreduce-client-core-3.3.1.jar:/home/runner/.m2/repository/org/apache/avro/avro/1.7.7/avro-1.7.7.jar:/home/runner/.m2/repository/org/codehaus/jackson/jackson-core-asl/1.9.13/jackson-core-asl-1.9.13.jar:/home/runner/.m2/repository/org/codehaus/jackson/jackson-mapper-asl/1.9.13/jackson-mapper-asl-1.9.13.jar:/home/runner/.m2/repository/com/thoughtworks/paranamer/paranamer/2.3/paranamer-2.3.jar:/home/runner/.m2/repository/org/apache/hadoop/hadoop-annotations/3.3.1/hadoop-annotations-3.3.1.jar:/usr/lib/jvm/adoptopenjdk-8-hotspot-amd64/jre/../lib/tools.jar:/home/runner/.m2/repository/org/apache/hadoop/hadoop-distcp/3.3.1/hadoop-distcp-3.3.1-tests.jar:/home/runner/.m2/repository/org/apache/ratis/ratis-common/2.2.0/ratis-common-2.2.0.jar:/home/runner/.m2/repository/org/apache/ratis/ratis-thirdparty-misc/0.7.0/ratis-thirdparty-misc-0.7.0.jar:/home/runner/.m2/repository/org/apache/ratis/ratis-proto/2.2.0/ratis-proto-2.2.0.jar:"/>
    <property name="sun.cpu.endian" value="little"/>
    <property name="user.home" value="/home/runner"/>
    <property name="user.language" value="en"/>
    <property name="java.specification.vendor" value="Oracle Corporation"/>
    <property name="java.home" value="/usr/lib/jvm/adoptopenjdk-8-hotspot-amd64/jre"/>
    <property name="java.security.krb5.conf" value="/home/runner/work/ozone/ozone/hadoop-ozone/integration-test/target/test-classes/krb5.conf"/>
    <property name="basedir" value="/home/runner/work/ozone/ozone/hadoop-ozone/integration-test"/>
    <property name="file.separator" value="/"/>
    <property name="line.separator" value="&#10;"/>
    <property name="java.vm.specification.vendor" value="Oracle Corporation"/>
    <property name="java.specification.name" value="Java Platform API Specification"/>
    <property name="java.awt.graphicsenv" value="sun.awt.X11GraphicsEnvironment"/>
    <property name="skip.installnpx" value="true"/>
    <property name="surefire.real.class.path" value="/home/runner/work/ozone/ozone/hadoop-ozone/integration-test/target/surefire/surefirebooter873029036745533201.jar:/home/runner/.m2/repository/org/jacoco/org.jacoco.agent/0.8.5/org.jacoco.agent-0.8.5-runtime.jar"/>
    <property name="hadoop.log.dir" value="/home/runner/work/ozone/ozone/hadoop-ozone/integration-test/target/log"/>
    <property name="sun.boot.class.path" value="/usr/lib/jvm/adoptopenjdk-8-hotspot-amd64/jre/lib/resources.jar:/usr/lib/jvm/adoptopenjdk-8-hotspot-amd64/jre/lib/rt.jar:/usr/lib/jvm/adoptopenjdk-8-hotspot-amd64/jre/lib/sunrsasign.jar:/usr/lib/jvm/adoptopenjdk-8-hotspot-amd64/jre/lib/jsse.jar:/usr/lib/jvm/adoptopenjdk-8-hotspot-amd64/jre/lib/jce.jar:/usr/lib/jvm/adoptopenjdk-8-hotspot-amd64/jre/lib/charsets.jar:/usr/lib/jvm/adoptopenjdk-8-hotspot-amd64/jre/lib/jfr.jar:/usr/lib/jvm/adoptopenjdk-8-hotspot-amd64/jre/classes"/>
    <property name="sun.management.compiler" value="HotSpot 64-Bit Tiered Compilers"/>
    <property name="skip.npx" value="true"/>
    <property name="java.runtime.version" value="1.8.0_292-b10"/>
    <property name="java.net.preferIPv4Stack" value="true"/>
    <property name="user.name" value="runner"/>
    <property name="path.separator" value=":"/>
    <property name="java.security.egd" value="file:///dev/urandom"/>
    <property name="os.version" value="5.4.0-1061-azure"/>
    <property name="java.endorsed.dirs" value="/usr/lib/jvm/adoptopenjdk-8-hotspot-amd64/jre/lib/endorsed"/>
    <property name="java.runtime.name" value="OpenJDK Runtime Environment"/>
    <property name="file.encoding" value="UTF-8"/>
    <property name="java.vm.name" value="OpenJDK 64-Bit Server VM"/>
    <property name="test.build.webapps" value=""/>
    <property name="localRepository" value="/home/runner/.m2/repository"/>
    <property name="java.vendor.url.bug" value="https://github.com/AdoptOpenJDK/openjdk-support/issues"/>
    <property name="java.io.tmpdir" value="/tmp"/>
    <property name="require.test.libhadoop" value=""/>
    <property name="java.version" value="1.8.0_292"/>
    <property name="user.dir" value="/home/runner/work/ozone/ozone/hadoop-ozone/integration-test"/>
    <property name="os.arch" value="amd64"/>
    <property name="java.vm.specification.name" value="Java Virtual Machine Specification"/>
    <property name="test.build.classes" value="/home/runner/work/ozone/ozone/hadoop-ozone/integration-test/target/test-classes"/>
    <property name="java.awt.printerjob" value="sun.print.PSPrinterJob"/>
    <property name="sun.os.patch.level" value="unknown"/>
    <property name="hadoop.tmp.dir" value="/home/runner/work/ozone/ozone/hadoop-ozone/integration-test/target/tmp"/>
    <property name="java.library.path" value="/usr/java/packages/lib/amd64:/usr/lib64:/lib64:/lib:/usr/lib"/>
    <property name="java.vm.info" value="mixed mode"/>
    <property name="java.vendor" value="AdoptOpenJDK"/>
    <property name="java.vm.version" value="25.292-b10"/>
    <property name="java.ext.dirs" value="/usr/lib/jvm/adoptopenjdk-8-hotspot-amd64/jre/lib/ext:/usr/java/packages/lib/ext"/>
    <property name="sun.io.unicode.encoding" value="UnicodeLittle"/>
    <property name="java.class.version" value="52.0"/>
  </properties>
  <testcase name="testPrepareFailsWhenTwoOmsAreDown" classname="org.apache.hadoop.ozone.om.TestOzoneManagerPrepare" time="0">
    <skipped message="Saving on CI time since this is a pessimistic test. We should not be able to do anything with 2 OMs down."/>
    <system-out><![CDATA[2021-11-02 20:08:33,953 [main] WARN  server.ServerUtils (ServerUtils.java:getScmDbDir(148)) - ozone.scm.db.dirs is not configured. We recommend adding this setting. Falling back to ozone.metadata.dirs instead.
2021-11-02 20:08:34,052 [main] INFO  ha.SCMHANodeDetails (SCMHANodeDetails.java:loadSCMHAConfig(157)) - ServiceID for StorageContainerManager is null
2021-11-02 20:08:34,053 [main] INFO  ha.SCMHANodeDetails (SCMHANodeDetails.java:loadSCMHAConfig(162)) - ozone.scm.default.service.id is not defined, falling back to ozone.scm.service.ids to find serviceID for StorageContainerManager if it is HA enabled cluster
2021-11-02 20:08:34,170 [main] WARN  server.ServerUtils (ServerUtils.java:getScmDbDir(148)) - ozone.scm.db.dirs is not configured. We recommend adding this setting. Falling back to ozone.metadata.dirs instead.
2021-11-02 20:08:34,174 [main] INFO  upgrade.AbstractLayoutVersionManager (AbstractLayoutVersionManager.java:init(79)) - Initializing Layout version manager with metadata layout = SCM_HA (version = 2), software layout = SCM_HA (version = 2)
2021-11-02 20:08:34,405 [main] INFO  reflections.Reflections (Reflections.java:scan(232)) - Reflections took 127 ms to scan 7 urls, producing 119 keys and 279 values 
2021-11-02 20:08:35,017 [main] WARN  utils.HAUtils (HAUtils.java:getMetaDir(342)) - ozone.scm.db.dirs is not configured. We recommend adding this setting. Falling back to ozone.metadata.dirs instead.
2021-11-02 20:08:35,154 [main] WARN  db.DBStoreBuilder (DBStoreBuilder.java:applyDBDefinition(145)) - ozone.scm.db.dirs is not configured. We recommend adding this setting. Falling back to ozone.metadata.dirs instead.
2021-11-02 20:08:35,308 [main] INFO  net.NodeSchemaLoader (NodeSchemaLoader.java:loadSchemaFromFile(129)) - Loading schema from [jar:file:/home/runner/.m2/repository/org/apache/ozone/hdds-common/1.2.0-SNAPSHOT/hdds-common-1.2.0-SNAPSHOT.jar!/network-topology-default.xml]
2021-11-02 20:08:35,310 [main] INFO  net.NodeSchemaLoader (NodeSchemaLoader.java:loadSchema(176)) - Loading network topology layer schema file
2021-11-02 20:08:35,351 [main] INFO  metrics.MetricRegistries (MetricRegistriesLoader.java:load(64)) - Loaded MetricRegistries class org.apache.ratis.metrics.impl.MetricRegistriesImpl
2021-11-02 20:08:35,365 [main] INFO  ha.SequenceIdGenerator (SequenceIdGenerator.java:upgradeToSequenceId(347)) - upgrade localId to 107544261427200000
2021-11-02 20:08:35,366 [main] INFO  ha.SequenceIdGenerator (SequenceIdGenerator.java:upgradeToSequenceId(357)) - upgrade delTxnId to 0
2021-11-02 20:08:35,369 [main] INFO  ha.SequenceIdGenerator (SequenceIdGenerator.java:upgradeToSequenceId(371)) - upgrade containerId to 0
2021-11-02 20:08:35,371 [main] INFO  ha.SequenceIdGenerator (SequenceIdGenerator.java:<init>(218)) - Init the HA SequenceIdGenerator.
2021-11-02 20:08:35,408 [main] WARN  server.ServerUtils (ServerUtils.java:sanitizeUserArgs(73)) - ozone.scm.stale.node.interval value = 300000 is larger than max = 100000 based on the key value of ozone.scm.heartbeat.thread.interval, reset to the max value 100000.
2021-11-02 20:08:35,409 [main] WARN  server.ServerUtils (ServerUtils.java:sanitizeUserArgs(73)) - ozone.scm.stale.node.interval value = 300000 is larger than max = 100000 based on the key value of ozone.scm.heartbeat.thread.interval, reset to the max value 100000.
2021-11-02 20:08:35,414 [main] INFO  node.SCMNodeManager (SCMNodeManager.java:<init>(144)) - Entering startup safe mode.
2021-11-02 20:08:35,470 [main] INFO  algorithms.ContainerPlacementPolicyFactory (ContainerPlacementPolicyFactory.java:getPolicy(60)) - Create container placement policy of type org.apache.hadoop.hdds.scm.container.placement.algorithms.SCMContainerPlacementRandom
2021-11-02 20:08:35,479 [main] INFO  pipeline.PipelineStateManagerImpl (PipelineStateManagerImpl.java:initialize(78)) - No pipeline exists in current db
2021-11-02 20:08:35,510 [main] INFO  algorithms.LeaderChoosePolicyFactory (LeaderChoosePolicyFactory.java:getPolicy(57)) - Create leader choose policy of type org.apache.hadoop.hdds.scm.pipeline.leader.choose.algorithms.MinLeaderCountChoosePolicy
2021-11-02 20:08:35,519 [main] INFO  ha.SCMServiceManager (SCMServiceManager.java:register(43)) - Registering service BackgroundPipelineCreator.
2021-11-02 20:08:35,519 [main] INFO  pipeline.BackgroundPipelineCreator (BackgroundPipelineCreator.java:start(130)) - Starting RatisPipelineUtilsThread.
2021-11-02 20:08:35,548 [main] INFO  algorithms.PipelineChoosePolicyFactory (PipelineChoosePolicyFactory.java:createPipelineChoosePolicyFromClass(73)) - Create pipeline choose policy of type org.apache.hadoop.hdds.scm.pipeline.choose.algorithms.RandomPipelineChoosePolicy
2021-11-02 20:08:35,564 [main] INFO  ha.SCMServiceManager (SCMServiceManager.java:register(43)) - Registering service SCMBlockDeletingService.
2021-11-02 20:08:35,589 [main] INFO  ha.SCMServiceManager (SCMServiceManager.java:register(43)) - Registering service ReplicationManager.
2021-11-02 20:08:35,591 [main] INFO  container.ReplicationManager (ReplicationManager.java:start(319)) - Starting Replication Monitor Thread.
2021-11-02 20:08:35,601 [main] INFO  safemode.ContainerSafeModeRule (ContainerSafeModeRule.java:<init>(89)) - containers with one replica threshold count 0
2021-11-02 20:08:35,604 [main] INFO  safemode.HealthyPipelineSafeModeRule (HealthyPipelineSafeModeRule.java:initializeRule(156)) - Total pipeline count is 0, healthy pipeline threshold count is 1
2021-11-02 20:08:35,607 [main] INFO  safemode.OneReplicaPipelineSafeModeRule (OneReplicaPipelineSafeModeRule.java:initializeRule(180)) - Total pipeline count is 0, pipeline's with at least one datanode reported threshold count is 0
2021-11-02 20:08:35,614 [ReplicationMonitor] INFO  container.ReplicationManager (ReplicationManager.java:processAll(371)) - Replication Monitor Thread took 13 milliseconds for processing 0 containers.
2021-11-02 20:08:35,978 [main] INFO  ipc.CallQueueManager (CallQueueManager.java:<init>(90)) - Using callQueue: class java.util.concurrent.LinkedBlockingQueue, queueCapacity: 2000, scheduler: class org.apache.hadoop.ipc.DefaultRpcScheduler, ipcBackoff: false.
2021-11-02 20:08:36,017 [Socket Reader #1 for port 0] INFO  ipc.Server (Server.java:run(1265)) - Starting Socket Reader #1 for port 0
2021-11-02 20:08:36,056 [Listener at 0.0.0.0/35791] INFO  ipc.CallQueueManager (CallQueueManager.java:<init>(90)) - Using callQueue: class java.util.concurrent.LinkedBlockingQueue, queueCapacity: 2000, scheduler: class org.apache.hadoop.ipc.DefaultRpcScheduler, ipcBackoff: false.
2021-11-02 20:08:36,059 [Socket Reader #1 for port 0] INFO  ipc.Server (Server.java:run(1265)) - Starting Socket Reader #1 for port 0
2021-11-02 20:08:36,080 [Listener at 0.0.0.0/37071] INFO  ipc.CallQueueManager (CallQueueManager.java:<init>(90)) - Using callQueue: class java.util.concurrent.LinkedBlockingQueue, queueCapacity: 2000, scheduler: class org.apache.hadoop.ipc.DefaultRpcScheduler, ipcBackoff: false.
2021-11-02 20:08:36,081 [Socket Reader #1 for port 0] INFO  ipc.Server (Server.java:run(1265)) - Starting Socket Reader #1 for port 0
2021-11-02 20:08:36,126 [Listener at 0.0.0.0/34967] INFO  algorithms.ContainerPlacementPolicyFactory (ContainerPlacementPolicyFactory.java:getPolicy(60)) - Create container placement policy of type org.apache.hadoop.hdds.scm.container.placement.algorithms.SCMContainerPlacementRandom
2021-11-02 20:08:36,133 [Listener at 0.0.0.0/34967] INFO  server.StorageContainerManager (StorageContainerManager.java:<init>(388)) - 
Container Balancer status:
Key                            Value
Running                        false
Container Balancer Configuration values:
Key                                                Value
Threshold                                          0.1
Max Datanodes to Involve per Iteration(ratio)      0.2
Max Size to Move per Iteration                     32212254720B

2021-11-02 20:08:36,133 [Listener at 0.0.0.0/34967] WARN  events.EventQueue (EventQueue.java:fireEvent(194)) - No event handler registered for event TypedEvent{payloadType=SafeModeStatus, name='Safe mode status'}
2021-11-02 20:08:36,133 [Listener at 0.0.0.0/34967] INFO  ha.SCMContext (SCMContext.java:updateSafeModeStatus(205)) - Update SafeModeStatus from SafeModeStatus{safeModeStatus=true, preCheckPassed=false} to SafeModeStatus{safeModeStatus=true, preCheckPassed=false}.
2021-11-02 20:08:36,136 [Listener at 0.0.0.0/34967] INFO  server.StorageContainerManager (StorageContainerManager.java:start(1303)) - StorageContainerLocationProtocol RPC server is listening at /0.0.0.0:34967
2021-11-02 20:08:36,210 [Listener at 0.0.0.0/34967] WARN  impl.MetricsConfig (MetricsConfig.java:loadFirst(136)) - Cannot locate configuration: tried hadoop-metrics2-storagecontainermanager.properties,hadoop-metrics2.properties
2021-11-02 20:08:36,230 [Listener at 0.0.0.0/34967] INFO  impl.MetricsSystemImpl (MetricsSystemImpl.java:startTimer(378)) - Scheduled Metric snapshot period at 10 second(s).
2021-11-02 20:08:36,230 [Listener at 0.0.0.0/34967] INFO  impl.MetricsSystemImpl (MetricsSystemImpl.java:start(191)) - StorageContainerManager metrics system started
2021-11-02 20:08:36,601 [Listener at 0.0.0.0/34967] INFO  server.SCMClientProtocolServer (SCMClientProtocolServer.java:start(164)) - RPC server for Client  is listening at /0.0.0.0:34967
2021-11-02 20:08:36,601 [IPC Server Responder] INFO  ipc.Server (Server.java:run(1507)) - IPC Server Responder: starting
2021-11-02 20:08:36,603 [IPC Server listener on 0] INFO  ipc.Server (Server.java:run(1344)) - IPC Server listener on 0: starting
2021-11-02 20:08:36,606 [Listener at 0.0.0.0/34967] INFO  server.StorageContainerManager (StorageContainerManager.java:start(1318)) - ScmBlockLocationProtocol RPC server is listening at /0.0.0.0:37071
2021-11-02 20:08:36,606 [Listener at 0.0.0.0/34967] INFO  server.SCMBlockProtocolServer (SCMBlockProtocolServer.java:start(151)) - RPC server for Block Protocol is listening at /0.0.0.0:37071
2021-11-02 20:08:36,607 [IPC Server Responder] INFO  ipc.Server (Server.java:run(1507)) - IPC Server Responder: starting
2021-11-02 20:08:36,607 [IPC Server listener on 0] INFO  ipc.Server (Server.java:run(1344)) - IPC Server listener on 0: starting
2021-11-02 20:08:36,610 [Listener at 0.0.0.0/34967] INFO  server.StorageContainerManager (StorageContainerManager.java:start(1324)) - ScmDatanodeProtocl RPC server is listening at /0.0.0.0:35791
2021-11-02 20:08:36,610 [Listener at 0.0.0.0/34967] INFO  server.SCMDatanodeProtocolServer (SCMDatanodeProtocolServer.java:start(181)) - RPC server for DataNodes is listening at /0.0.0.0:35791
2021-11-02 20:08:36,611 [IPC Server Responder] INFO  ipc.Server (Server.java:run(1507)) - IPC Server Responder: starting
2021-11-02 20:08:36,611 [IPC Server listener on 0] INFO  ipc.Server (Server.java:run(1344)) - IPC Server listener on 0: starting
2021-11-02 20:08:36,652 [org.apache.hadoop.util.JvmPauseMonitor$Monitor@77f04d1a] INFO  util.JvmPauseMonitor (JvmPauseMonitor.java:run(188)) - Starting JVM pause monitor
2021-11-02 20:08:36,669 [Listener at 0.0.0.0/34967] INFO  http.BaseHttpServer (BaseHttpServer.java:newHttpServer2BuilderForOzone(209)) - Starting Web-server for scm at: http://0.0.0.0:0
2021-11-02 20:08:36,670 [Listener at 0.0.0.0/34967] INFO  http.BaseHttpServer (BaseHttpServer.java:<init>(107)) - Hadoop Security Enabled: false Ozone Security Enabled: false Ozone HTTP Security Enabled: false 
2021-11-02 20:08:36,708 [Listener at 0.0.0.0/34967] INFO  util.log (Log.java:initialized(170)) - Logging initialized @4187ms to org.eclipse.jetty.util.log.Slf4jLog
2021-11-02 20:08:36,818 [Listener at 0.0.0.0/34967] INFO  server.AuthenticationFilter (AuthenticationFilter.java:constructSecretProvider(240)) - Unable to initialize FileSignerSecretProvider, falling back to use random secrets.
2021-11-02 20:08:36,823 [Listener at 0.0.0.0/34967] WARN  http.HttpRequestLog (HttpRequestLog.java:getRequestLog(103)) - Jetty request log can only be enabled using Log4j
2021-11-02 20:08:36,828 [Listener at 0.0.0.0/34967] INFO  http.HttpServer2 (HttpServer2.java:addGlobalFilter(1030)) - Added global filter 'safety' (class=org.apache.hadoop.hdds.server.http.HttpServer2$QuotingInputFilter)
2021-11-02 20:08:36,830 [Listener at 0.0.0.0/34967] INFO  http.HttpServer2 (HttpServer2.java:addFilter(1006)) - Added filter static_user_filter (class=org.apache.hadoop.http.lib.StaticUserWebFilter$StaticUserFilter) to context scm
2021-11-02 20:08:36,830 [Listener at 0.0.0.0/34967] INFO  http.HttpServer2 (HttpServer2.java:addFilter(1014)) - Added filter static_user_filter (class=org.apache.hadoop.http.lib.StaticUserWebFilter$StaticUserFilter) to context static
2021-11-02 20:08:36,830 [Listener at 0.0.0.0/34967] INFO  http.HttpServer2 (HttpServer2.java:addFilter(1014)) - Added filter static_user_filter (class=org.apache.hadoop.http.lib.StaticUserWebFilter$StaticUserFilter) to context logs
2021-11-02 20:08:36,869 [Listener at 0.0.0.0/34967] INFO  http.HttpServer2 (HttpServer2.java:bindListener(1249)) - Jetty bound to port 41029
2021-11-02 20:08:36,870 [Listener at 0.0.0.0/34967] INFO  server.Server (Server.java:doStart(375)) - jetty-9.4.43.v20210629; built: 2021-06-30T11:07:22.254Z; git: 526006ecfa3af7f1a27ef3a288e2bef7ea9dd7e8; jvm 1.8.0_292-b10
2021-11-02 20:08:36,903 [Listener at 0.0.0.0/34967] INFO  server.session (DefaultSessionIdManager.java:doStart(334)) - DefaultSessionIdManager workerName=node0
2021-11-02 20:08:36,903 [Listener at 0.0.0.0/34967] INFO  server.session (DefaultSessionIdManager.java:doStart(339)) - No SessionScavenger set, using defaults
2021-11-02 20:08:36,905 [Listener at 0.0.0.0/34967] INFO  server.session (HouseKeeper.java:startScavenging(132)) - node0 Scavenging every 660000ms
2021-11-02 20:08:36,918 [Listener at 0.0.0.0/34967] INFO  handler.ContextHandler (ContextHandler.java:doStart(915)) - Started o.e.j.s.ServletContextHandler@f5f8de2{logs,/logs,file:///home/runner/work/ozone/ozone/hadoop-ozone/integration-test/target/log,AVAILABLE}
2021-11-02 20:08:36,919 [Listener at 0.0.0.0/34967] INFO  handler.ContextHandler (ContextHandler.java:doStart(915)) - Started o.e.j.s.ServletContextHandler@490fbeaa{static,/static,file:///home/runner/work/ozone/ozone/hadoop-ozone/integration-test/target/test-classes/webapps/static,AVAILABLE}
2021-11-02 20:08:36,980 [Listener at 0.0.0.0/34967] INFO  handler.ContextHandler (ContextHandler.java:doStart(915)) - Started o.e.j.w.WebAppContext@17ea3bc0{scm,/,file:///home/runner/work/ozone/ozone/hadoop-ozone/integration-test/target/test-classes/webapps/scm/,AVAILABLE}{file:/home/runner/work/ozone/ozone/hadoop-ozone/integration-test/target/test-classes/webapps/scm}
2021-11-02 20:08:36,990 [Listener at 0.0.0.0/34967] INFO  server.AbstractConnector (AbstractConnector.java:doStart(331)) - Started ServerConnector@46d51d5e{HTTP/1.1, (http/1.1)}{0.0.0.0:41029}
2021-11-02 20:08:36,990 [Listener at 0.0.0.0/34967] INFO  server.Server (Server.java:doStart(415)) - Started @4469ms
2021-11-02 20:08:36,992 [Listener at 0.0.0.0/34967] INFO  impl.MetricsSinkAdapter (MetricsSinkAdapter.java:start(204)) - Sink prometheus started
2021-11-02 20:08:36,992 [Listener at 0.0.0.0/34967] INFO  impl.MetricsSystemImpl (MetricsSystemImpl.java:registerSink(305)) - Registered sink prometheus
2021-11-02 20:08:36,994 [Listener at 0.0.0.0/34967] INFO  http.BaseHttpServer (BaseHttpServer.java:updateConnectorAddress(329)) - HTTP server of scm listening at http://0.0.0.0:41029
2021-11-02 20:08:37,108 [Listener at 0.0.0.0/34967] INFO  ha.OMHANodeDetails (OMHANodeDetails.java:loadOMHAConfig(118)) - ServiceID for OzoneManager is om-service-test1
2021-11-02 20:08:37,114 [Listener at 0.0.0.0/34967] INFO  ha.OMHANodeDetails (OMHANodeDetails.java:loadOMHAConfig(194)) - Found matching OM address with OMServiceId: om-service-test1, OMNodeId: omNode-1, RPC Address: localhost:10608 and Ratis port: 10612
2021-11-02 20:08:37,114 [Listener at 0.0.0.0/34967] INFO  ha.OMHANodeDetails (ConfUtils.java:setNodeSpecificConfigs(108)) - Setting configuration key ozone.om.http-address with value of key ozone.om.http-address.om-service-test1.omNode-1: 127.0.0.1:10610
2021-11-02 20:08:37,115 [Listener at 0.0.0.0/34967] INFO  ha.OMHANodeDetails (ConfUtils.java:setNodeSpecificConfigs(108)) - Setting configuration key ozone.om.https-address with value of key ozone.om.https-address.om-service-test1.omNode-1: 127.0.0.1:10611
2021-11-02 20:08:37,115 [Listener at 0.0.0.0/34967] INFO  ha.OMHANodeDetails (ConfUtils.java:setNodeSpecificConfigs(108)) - Setting configuration key ozone.om.address with value of key ozone.om.address.om-service-test1.omNode-1: 127.0.0.1:10608
2021-11-02 20:08:37,116 [Listener at 0.0.0.0/34967] WARN  server.ServerUtils (ServerUtils.java:getDBPath(225)) - ozone.om.db.dirs is not configured. We recommend adding this setting. Falling back to ozone.metadata.dirs instead.
OM initialization succeeded.Current cluster id for sd=/home/runner/work/ozone/ozone/hadoop-ozone/integration-test/target/test-dir/MiniOzoneClusterImpl-76263e8f-62ab-412a-8766-4a189fbce95f/omNode-1/om;cid=76263e8f-62ab-412a-8766-4a189fbce95f;layoutVersion=0
2021-11-02 20:08:37,442 [Listener at 0.0.0.0/34967] INFO  ha.OMHANodeDetails (OMHANodeDetails.java:loadOMHAConfig(118)) - ServiceID for OzoneManager is om-service-test1
2021-11-02 20:08:37,446 [Listener at 0.0.0.0/34967] INFO  ha.OMHANodeDetails (OMHANodeDetails.java:loadOMHAConfig(194)) - Found matching OM address with OMServiceId: om-service-test1, OMNodeId: omNode-1, RPC Address: localhost:10608 and Ratis port: 10612
2021-11-02 20:08:37,448 [Listener at 0.0.0.0/34967] INFO  ha.OMHANodeDetails (ConfUtils.java:setNodeSpecificConfigs(108)) - Setting configuration key ozone.om.http-address with value of key ozone.om.http-address.om-service-test1.omNode-1: 127.0.0.1:10610
2021-11-02 20:08:37,449 [Listener at 0.0.0.0/34967] INFO  ha.OMHANodeDetails (ConfUtils.java:setNodeSpecificConfigs(108)) - Setting configuration key ozone.om.https-address with value of key ozone.om.https-address.om-service-test1.omNode-1: 127.0.0.1:10611
2021-11-02 20:08:37,449 [Listener at 0.0.0.0/34967] INFO  ha.OMHANodeDetails (ConfUtils.java:setNodeSpecificConfigs(108)) - Setting configuration key ozone.om.address with value of key ozone.om.address.om-service-test1.omNode-1: 127.0.0.1:10608
2021-11-02 20:08:37,449 [Listener at 0.0.0.0/34967] WARN  server.ServerUtils (ServerUtils.java:getDBPath(225)) - ozone.om.db.dirs is not configured. We recommend adding this setting. Falling back to ozone.metadata.dirs instead.
2021-11-02 20:08:37,451 [Listener at 0.0.0.0/34967] INFO  upgrade.AbstractLayoutVersionManager (AbstractLayoutVersionManager.java:init(79)) - Initializing Layout version manager with metadata layout = INITIAL_VERSION (version = 0), software layout = INITIAL_VERSION (version = 0)
2021-11-02 20:08:37,513 [Listener at 0.0.0.0/34967] INFO  reflections.Reflections (Reflections.java:scan(232)) - Reflections took 55 ms to scan 2 urls, producing 131 keys and 344 values [using 2 cores]
2021-11-02 20:08:37,518 [Listener at 0.0.0.0/34967] INFO  upgrade.OMLayoutVersionManager (OMLayoutVersionManager.java:lambda$0(115)) - Skipping Upgrade Action MockOmUpgradeAction since it has been finalized.
2021-11-02 20:08:37,519 [Listener at 0.0.0.0/34967] WARN  server.ServerUtils (ServerUtils.java:getDBPath(225)) - ozone.om.db.dirs is not configured. We recommend adding this setting. Falling back to ozone.metadata.dirs instead.
2021-11-02 20:08:37,691 [Listener at 0.0.0.0/34967] WARN  server.ServerUtils (ServerUtils.java:getDBPath(225)) - ozone.om.db.dirs is not configured. We recommend adding this setting. Falling back to ozone.metadata.dirs instead.
2021-11-02 20:08:37,699 [Listener at 0.0.0.0/34967] INFO  codec.OmKeyInfoCodec (OmKeyInfoCodec.java:<init>(51)) - OmKeyInfoCodec ignorePipeline = true
2021-11-02 20:08:37,702 [Listener at 0.0.0.0/34967] INFO  codec.RepeatedOmKeyInfoCodec (RepeatedOmKeyInfoCodec.java:<init>(42)) - RepeatedOmKeyInfoCodec ignorePipeline = true
2021-11-02 20:08:37,932 [Listener at 0.0.0.0/34967] INFO  om.OzoneManager (OzoneManager.java:addS3GVolumeToDB(3456)) - Created Volume s3v With Owner runner required for S3Gateway operations.
2021-11-02 20:08:38,006 [Listener at 0.0.0.0/34967] WARN  server.ServerUtils (ServerUtils.java:getDefaultRatisDirectory(237)) - Storage directory for Ratis is not configured. It is a good idea to map this to an SSD disk. Falling back to ozone.metadata.dirs
2021-11-02 20:08:38,006 [Listener at 0.0.0.0/34967] WARN  utils.OzoneManagerRatisUtils (OzoneManagerRatisUtils.java:getOMRatisSnapshotDirectory(435)) - ozone.om.ratis.snapshot.dir is not configured. Falling back to ozone.metadata.dirs config
2021-11-02 20:08:38,031 [Listener at 0.0.0.0/34967] INFO  snapshot.OzoneManagerSnapshotProvider (OzoneManagerSnapshotProvider.java:<init>(76)) - Initializing OM Snapshot Provider
2021-11-02 20:08:38,133 [Listener at 0.0.0.0/34967] WARN  server.ServerUtils (ServerUtils.java:getDefaultRatisDirectory(237)) - Storage directory for Ratis is not configured. It is a good idea to map this to an SSD disk. Falling back to ozone.metadata.dirs
2021-11-02 20:08:38,164 [Listener at 0.0.0.0/34967] INFO  ratis.OzoneManagerRatisServer (OzoneManagerRatisServer.java:<init>(159)) - Instantiating OM Ratis server with groupID: om-service-test1 and peers: localhost:10612, localhost:10624, localhost:10618
2021-11-02 20:08:38,173 [Listener at 0.0.0.0/34967] INFO  ratis.OzoneManagerStateMachine (OzoneManagerStateMachine.java:loadSnapshotInfoFromDB(605)) - LastAppliedIndex is set from TransactionInfo from OM DB as (t:0, i:~)
2021-11-02 20:08:38,207 [Listener at 0.0.0.0/34967] INFO  server.RaftServer (ConfUtils.java:logGet(44)) - raft.rpc.type = GRPC (default)
2021-11-02 20:08:38,294 [Listener at 0.0.0.0/34967] INFO  grpc.GrpcFactory (GrpcFactory.java:checkPooledByteBufAllocatorUseCacheForAllThreads(48)) - PERFORMANCE WARNING: useCacheForAllThreads is true that may cause Netty to create a lot garbage objects and, as a result, trigger GC.
	It is recommended to disable useCacheForAllThreads by setting -Dorg.apache.ratis.thirdparty.io.netty.allocator.useCacheForAllThreads=false in command line.
2021-11-02 20:08:38,299 [Listener at 0.0.0.0/34967] INFO  grpc.GrpcConfigKeys (ConfUtils.java:logGet(44)) - raft.grpc.admin.port = -1 (default)
2021-11-02 20:08:38,300 [Listener at 0.0.0.0/34967] INFO  grpc.GrpcConfigKeys (ConfUtils.java:logGet(44)) - raft.grpc.server.port = 10612 (custom)
2021-11-02 20:08:38,300 [Listener at 0.0.0.0/34967] INFO  grpc.GrpcConfigKeys (ConfUtils.java:logGet(44)) - raft.grpc.client.port = -1 (default)
2021-11-02 20:08:38,301 [Listener at 0.0.0.0/34967] INFO  grpc.GrpcConfigKeys (ConfUtils.java:logGet(44)) - raft.grpc.server.port = 10612 (custom)
2021-11-02 20:08:38,301 [Listener at 0.0.0.0/34967] INFO  grpc.GrpcConfigKeys (ConfUtils.java:logGet(44)) - raft.grpc.server.port = 10612 (custom)
2021-11-02 20:08:38,302 [Listener at 0.0.0.0/34967] INFO  server.GrpcService (ConfUtils.java:logGet(44)) - raft.grpc.message.size.max = 33554432 (custom)
2021-11-02 20:08:38,303 [Listener at 0.0.0.0/34967] INFO  server.RaftServerConfigKeys (ConfUtils.java:logGet(44)) - raft.server.log.appender.buffer.byte-limit = 33554432 (custom)
2021-11-02 20:08:38,304 [Listener at 0.0.0.0/34967] INFO  server.GrpcService (ConfUtils.java:logGet(44)) - raft.grpc.flow.control.window = 1MB (=1048576) (default)
2021-11-02 20:08:38,304 [Listener at 0.0.0.0/34967] INFO  server.RaftServerConfigKeys (ConfUtils.java:logGet(44)) - raft.server.rpc.request.timeout = 3000ms (default)
2021-11-02 20:08:38,620 [Listener at 0.0.0.0/34967] INFO  impl.DataStreamServerImpl (ConfUtils.java:logGet(44)) - raft.datastream.type = DISABLED (default)
2021-11-02 20:08:38,622 [Listener at 0.0.0.0/34967] INFO  server.RaftServerConfigKeys (ConfUtils.java:logGet(44)) - raft.server.rpc.slowness.timeout = 2s (custom)
2021-11-02 20:08:38,623 [Listener at 0.0.0.0/34967] INFO  server.RaftServerConfigKeys (ConfUtils.java:logGet(44)) - raft.server.leaderelection.leader.step-down.wait-time = 10s (default)
2021-11-02 20:08:38,640 [Listener at 0.0.0.0/34967] INFO  server.RaftServerConfigKeys (ConfUtils.java:logGet(44)) - raft.server.storage.dir = [/home/runner/work/ozone/ozone/hadoop-ozone/integration-test/target/test-dir/MiniOzoneClusterImpl-76263e8f-62ab-412a-8766-4a189fbce95f/omNode-1/ratis] (custom)
2021-11-02 20:08:38,647 [Listener at 0.0.0.0/34967] INFO  server.RaftServer (RaftServerProxy.java:addNew(95)) - omNode-1: addNew group-523986131536:[omNode-3|rpc:localhost:10624|priority:0, omNode-1|rpc:localhost:10612|priority:0, omNode-2|rpc:localhost:10618|priority:0] returns group-523986131536:java.util.concurrent.CompletableFuture@2463a9ec[Not completed]
2021-11-02 20:08:38,647 [Listener at 0.0.0.0/34967] INFO  om.OzoneManager (OzoneManager.java:initializeRatisServer(1638)) - OzoneManager Ratis server initialized at port 10612
2021-11-02 20:08:38,661 [Listener at 0.0.0.0/34967] INFO  ipc.CallQueueManager (CallQueueManager.java:<init>(90)) - Using callQueue: class java.util.concurrent.LinkedBlockingQueue, queueCapacity: 2000, scheduler: class org.apache.hadoop.ipc.DefaultRpcScheduler, ipcBackoff: false.
2021-11-02 20:08:38,662 [Socket Reader #1 for port 10608] INFO  ipc.Server (Server.java:run(1265)) - Starting Socket Reader #1 for port 10608
2021-11-02 20:08:38,691 [pool-39-thread-1] INFO  server.RaftServer$Division (RaftServerImpl.java:<init>(184)) - omNode-1: new RaftServerImpl for group-523986131536:[omNode-3|rpc:localhost:10624|priority:0, omNode-1|rpc:localhost:10612|priority:0, omNode-2|rpc:localhost:10618|priority:0] with OzoneManagerStateMachine:uninitialized
2021-11-02 20:08:38,698 [pool-39-thread-1] INFO  server.RaftServerConfigKeys (ConfUtils.java:logGet(44)) - raft.server.rpc.timeout.min = 1s (custom)
2021-11-02 20:08:38,701 [pool-39-thread-1] INFO  server.RaftServerConfigKeys (ConfUtils.java:logGet(44)) - raft.server.rpc.timeout.max = 1200ms (custom)
2021-11-02 20:08:38,701 [pool-39-thread-1] INFO  server.RaftServerConfigKeys (ConfUtils.java:logGet(44)) - raft.server.rpc.sleep.time = 25ms (default)
2021-11-02 20:08:38,702 [pool-39-thread-1] INFO  server.RaftServerConfigKeys (ConfUtils.java:logGet(44)) - raft.server.rpc.slowness.timeout = 2s (custom)
2021-11-02 20:08:38,702 [pool-39-thread-1] INFO  server.RaftServerConfigKeys (ConfUtils.java:logGet(44)) - raft.server.leaderelection.leader.step-down.wait-time = 10s (default)
2021-11-02 20:08:38,702 [pool-39-thread-1] INFO  server.RaftServerConfigKeys (ConfUtils.java:logGet(44)) - raft.server.sleep.deviation.threshold = 300ms (default)
2021-11-02 20:08:38,703 [pool-39-thread-1] INFO  server.RaftServerConfigKeys (ConfUtils.java:logGet(44)) - raft.server.log.appender.install.snapshot.enabled = false (custom)
2021-11-02 20:08:38,710 [pool-39-thread-1] INFO  server.RaftServer$Division (ServerState.java:<init>(105)) - omNode-1@group-523986131536: ConfigurationManager, init=-1: [omNode-3|rpc:localhost:10624|priority:0, omNode-1|rpc:localhost:10612|priority:0, omNode-2|rpc:localhost:10618|priority:0], old=null, confs=<EMPTY_MAP>
2021-11-02 20:08:38,710 [pool-39-thread-1] INFO  server.RaftServerConfigKeys (ConfUtils.java:logGet(44)) - raft.server.storage.dir = [/home/runner/work/ozone/ozone/hadoop-ozone/integration-test/target/test-dir/MiniOzoneClusterImpl-76263e8f-62ab-412a-8766-4a189fbce95f/omNode-1/ratis] (custom)
2021-11-02 20:08:38,721 [Listener at 127.0.0.1/10608] INFO  om.OzoneManager (OzoneManager.java:initFSOLayout(3662)) - Configured ozone.om.metadata.layout=SIMPLE and disabled optimized OM FS operations
2021-11-02 20:08:38,723 [Listener at 127.0.0.1/10608] INFO  impl.MetricsSystemImpl (MetricsSystemImpl.java:init(158)) - OzoneManager metrics system started (again)
2021-11-02 20:08:38,729 [pool-39-thread-1] INFO  server.RaftServerConfigKeys (ConfUtils.java:logGet(44)) - raft.server.log.corruption.policy = EXCEPTION (default)
2021-11-02 20:08:38,730 [pool-39-thread-1] INFO  server.RaftServerConfigKeys (ConfUtils.java:logGet(44)) - raft.server.storage.free-space.min = 0MB (=0) (default)
2021-11-02 20:08:38,731 [pool-39-thread-1] INFO  storage.RaftStorageDirectory (RaftStorageDirectoryImpl.java:analyzeStorage(135)) - The storage directory /home/runner/work/ozone/ozone/hadoop-ozone/integration-test/target/test-dir/MiniOzoneClusterImpl-76263e8f-62ab-412a-8766-4a189fbce95f/omNode-1/ratis/c9bc4cf4-3bc3-3c60-a66b-523986131536 does not exist. Creating ...
2021-11-02 20:08:38,741 [pool-39-thread-1] INFO  storage.RaftStorageDirectory (RaftStorageDirectoryImpl.java:tryLock(230)) - Lock on /home/runner/work/ozone/ozone/hadoop-ozone/integration-test/target/test-dir/MiniOzoneClusterImpl-76263e8f-62ab-412a-8766-4a189fbce95f/omNode-1/ratis/c9bc4cf4-3bc3-3c60-a66b-523986131536/in_use.lock acquired by nodename 14135@fv-az270-10
2021-11-02 20:08:38,747 [Listener at 127.0.0.1/10608] INFO  om.OzoneManager (OzoneManager.java:start(1322)) - OzoneManager RPC server is listening at localhost/127.0.0.1:10608
2021-11-02 20:08:38,748 [Listener at 127.0.0.1/10608] INFO  ratis.OzoneManagerRatisServer (OzoneManagerRatisServer.java:start(522)) - Starting OzoneManagerRatisServer omNode-1 at port 10612
2021-11-02 20:08:38,752 [pool-39-thread-1] INFO  storage.RaftStorage (RaftStorageImpl.java:format(89)) - Storage directory /home/runner/work/ozone/ozone/hadoop-ozone/integration-test/target/test-dir/MiniOzoneClusterImpl-76263e8f-62ab-412a-8766-4a189fbce95f/omNode-1/ratis/c9bc4cf4-3bc3-3c60-a66b-523986131536 has been successfully formatted.
2021-11-02 20:08:38,755 [pool-39-thread-1] INFO  server.RaftServerConfigKeys (ConfUtils.java:logGet(44)) - raft.server.notification.no-leader.timeout = 2s (custom)
2021-11-02 20:08:38,757 [pool-39-thread-1] INFO  server.RaftServerConfigKeys (ConfUtils.java:logGet(44)) - raft.server.log.use.memory = false (default)
2021-11-02 20:08:38,769 [pool-39-thread-1] INFO  server.RaftServerConfigKeys (ConfUtils.java:logGet(44)) - raft.server.log.purge.gap = 50 (custom)
2021-11-02 20:08:38,770 [pool-39-thread-1] INFO  server.RaftServerConfigKeys (ConfUtils.java:logGet(44)) - raft.server.log.appender.buffer.byte-limit = 33554432 (custom)
2021-11-02 20:08:38,786 [pool-39-thread-1] INFO  server.RaftServerConfigKeys (ConfUtils.java:logGet(44)) - raft.server.log.segment.size.max = 4194304 (custom)
2021-11-02 20:08:38,795 [pool-39-thread-1] INFO  server.RaftServerConfigKeys (ConfUtils.java:logGet(44)) - raft.server.log.segment.cache.num.max = 2 (custom)
2021-11-02 20:08:38,795 [pool-39-thread-1] INFO  server.RaftServerConfigKeys (ConfUtils.java:logGet(44)) - raft.server.log.segment.cache.size.max = 200MB (=209715200) (default)
2021-11-02 20:08:38,802 [pool-39-thread-1] INFO  segmented.SegmentedRaftLogWorker (SegmentedRaftLogWorker.java:<init>(182)) - new omNode-1@group-523986131536-SegmentedRaftLogWorker for RaftStorageImpl:Storage Directory /home/runner/work/ozone/ozone/hadoop-ozone/integration-test/target/test-dir/MiniOzoneClusterImpl-76263e8f-62ab-412a-8766-4a189fbce95f/omNode-1/ratis/c9bc4cf4-3bc3-3c60-a66b-523986131536
2021-11-02 20:08:38,803 [pool-39-thread-1] INFO  server.RaftServerConfigKeys (ConfUtils.java:logGet(44)) - raft.server.log.queue.byte-limit = 64MB (=67108864) (default)
2021-11-02 20:08:38,803 [pool-39-thread-1] INFO  server.RaftServerConfigKeys (ConfUtils.java:logGet(44)) - raft.server.log.queue.element-limit = 4096 (default)
2021-11-02 20:08:38,805 [pool-39-thread-1] INFO  server.RaftServerConfigKeys (ConfUtils.java:logGet(44)) - raft.server.log.segment.size.max = 4194304 (custom)
2021-11-02 20:08:38,805 [pool-39-thread-1] INFO  server.RaftServerConfigKeys (ConfUtils.java:logGet(44)) - raft.server.log.preallocated.size = 4194304 (custom)
2021-11-02 20:08:38,806 [pool-39-thread-1] INFO  server.RaftServerConfigKeys (ConfUtils.java:logGet(44)) - raft.server.log.force.sync.num = 128 (default)
2021-11-02 20:08:38,807 [pool-39-thread-1] INFO  server.RaftServerConfigKeys (ConfUtils.java:logGet(44)) - raft.server.log.statemachine.data.sync = true (default)
2021-11-02 20:08:38,808 [pool-39-thread-1] INFO  server.RaftServerConfigKeys (ConfUtils.java:logGet(44)) - raft.server.log.statemachine.data.sync.timeout = 10s (default)
2021-11-02 20:08:38,808 [pool-39-thread-1] INFO  server.RaftServerConfigKeys (ConfUtils.java:logGet(44)) - raft.server.log.statemachine.data.sync.timeout.retry = -1 (default)
2021-11-02 20:08:38,818 [pool-39-thread-1] INFO  server.RaftServerConfigKeys (ConfUtils.java:logGet(44)) - raft.server.log.write.buffer.size = 64KB (=65536) (default)
2021-11-02 20:08:38,819 [pool-39-thread-1] INFO  server.RaftServerConfigKeys (ConfUtils.java:logGet(44)) - raft.server.log.statemachine.data.caching.enabled = false (default)
2021-11-02 20:08:38,828 [pool-39-thread-1] INFO  segmented.SegmentedRaftLogWorker (SegmentedRaftLogWorker.java:lambda$new$0(133)) - omNode-1@group-523986131536-SegmentedRaftLogWorker: flushIndex: setUnconditionally 0 -> -1
2021-11-02 20:08:38,828 [pool-39-thread-1] INFO  segmented.SegmentedRaftLogWorker (SegmentedRaftLogWorker.java:lambda$new$0(133)) - omNode-1@group-523986131536-SegmentedRaftLogWorker: safeCacheEvictIndex: setUnconditionally 0 -> -1
2021-11-02 20:08:38,836 [pool-39-thread-1] INFO  server.RaftServerConfigKeys (ConfUtils.java:logGet(44)) - raft.server.snapshot.auto.trigger.enabled = true (custom)
2021-11-02 20:08:38,837 [pool-39-thread-1] INFO  server.RaftServerConfigKeys (ConfUtils.java:logGet(44)) - raft.server.snapshot.auto.trigger.threshold = 50 (custom)
2021-11-02 20:08:38,837 [pool-39-thread-1] INFO  server.RaftServerConfigKeys (ConfUtils.java:logGet(44)) - raft.server.snapshot.retention.file.num = -1 (default)
2021-11-02 20:08:38,838 [pool-39-thread-1] INFO  server.RaftServerConfigKeys (ConfUtils.java:logGet(44)) - raft.server.log.purge.upto.snapshot.index = true (custom)
2021-11-02 20:08:38,839 [pool-39-thread-1] INFO  server.RaftServerConfigKeys (ConfUtils.java:logGet(44)) - raft.server.retrycache.expirytime = 30000ms (custom)
2021-11-02 20:08:38,839 [pool-39-thread-1] INFO  server.RaftServerConfigKeys (ConfUtils.java:logGet(44)) - raft.server.retrycache.statistics.expirytime = 100μs (default)
2021-11-02 20:08:38,885 [Listener at 127.0.0.1/10608] INFO  server.RaftServer$Division (RaftServerImpl.java:start(301)) - omNode-1@group-523986131536: start as a follower, conf=-1: [omNode-3|rpc:localhost:10624|priority:0, omNode-1|rpc:localhost:10612|priority:0, omNode-2|rpc:localhost:10618|priority:0], old=null
2021-11-02 20:08:38,887 [Listener at 127.0.0.1/10608] INFO  server.RaftServer$Division (RaftServerImpl.java:setRole(290)) - omNode-1@group-523986131536: changes role from      null to FOLLOWER at term 0 for startAsFollower
2021-11-02 20:08:38,888 [Listener at 127.0.0.1/10608] INFO  impl.RoleInfo (RoleInfo.java:updateAndGet(130)) - omNode-1: start omNode-1@group-523986131536-FollowerState
2021-11-02 20:08:38,893 [Listener at 127.0.0.1/10608] INFO  util.JmxRegister (JmxRegister.java:tryRegister(44)) - Successfully registered JMX Bean with object name Ratis:service=RaftServer,group=group-523986131536,id=omNode-1
2021-11-02 20:08:38,905 [Listener at 127.0.0.1/10608] INFO  server.RaftServer (RaftServerProxy.java:lambda$start$5(374)) - omNode-1: start RPC server
2021-11-02 20:08:38,987 [Listener at 127.0.0.1/10608] INFO  server.GrpcService (GrpcService.java:startImpl(253)) - omNode-1: GrpcService started, listening on 10612
2021-11-02 20:08:38,989 [Listener at 127.0.0.1/10608] INFO  om.OzoneManager (OzoneManager.java:start(1340)) - Version File has different layout version (0) than OM DB (null). That is expected if this OM has never been finalized to a newer layout version.
2021-11-02 20:08:38,992 [org.apache.ratis.util.JvmPauseMonitor$$Lambda$523/614850410@74d74701] INFO  util.JvmPauseMonitor (JvmPauseMonitor.java:run(103)) - JvmPauseMonitor-omNode-1: Started
2021-11-02 20:08:39,001 [Listener at 127.0.0.1/10608] INFO  http.BaseHttpServer (BaseHttpServer.java:newHttpServer2BuilderForOzone(209)) - Starting Web-server for ozoneManager at: http://0.0.0.0:10610
2021-11-02 20:08:39,002 [Listener at 127.0.0.1/10608] INFO  http.BaseHttpServer (BaseHttpServer.java:<init>(107)) - Hadoop Security Enabled: false Ozone Security Enabled: false Ozone HTTP Security Enabled: false 
2021-11-02 20:08:39,005 [Listener at 127.0.0.1/10608] INFO  server.AuthenticationFilter (AuthenticationFilter.java:constructSecretProvider(240)) - Unable to initialize FileSignerSecretProvider, falling back to use random secrets.
2021-11-02 20:08:39,014 [Listener at 127.0.0.1/10608] WARN  http.HttpRequestLog (HttpRequestLog.java:getRequestLog(103)) - Jetty request log can only be enabled using Log4j
2021-11-02 20:08:39,016 [Listener at 127.0.0.1/10608] INFO  http.HttpServer2 (HttpServer2.java:addGlobalFilter(1030)) - Added global filter 'safety' (class=org.apache.hadoop.hdds.server.http.HttpServer2$QuotingInputFilter)
2021-11-02 20:08:39,017 [Listener at 127.0.0.1/10608] INFO  http.HttpServer2 (HttpServer2.java:addFilter(1006)) - Added filter static_user_filter (class=org.apache.hadoop.http.lib.StaticUserWebFilter$StaticUserFilter) to context ozoneManager
2021-11-02 20:08:39,017 [Listener at 127.0.0.1/10608] INFO  http.HttpServer2 (HttpServer2.java:addFilter(1014)) - Added filter static_user_filter (class=org.apache.hadoop.http.lib.StaticUserWebFilter$StaticUserFilter) to context logs
2021-11-02 20:08:39,017 [Listener at 127.0.0.1/10608] INFO  http.HttpServer2 (HttpServer2.java:addFilter(1014)) - Added filter static_user_filter (class=org.apache.hadoop.http.lib.StaticUserWebFilter$StaticUserFilter) to context static
2021-11-02 20:08:39,019 [Listener at 127.0.0.1/10608] INFO  http.HttpServer2 (HttpServer2.java:bindListener(1249)) - Jetty bound to port 10610
2021-11-02 20:08:39,019 [Listener at 127.0.0.1/10608] INFO  server.Server (Server.java:doStart(375)) - jetty-9.4.43.v20210629; built: 2021-06-30T11:07:22.254Z; git: 526006ecfa3af7f1a27ef3a288e2bef7ea9dd7e8; jvm 1.8.0_292-b10
2021-11-02 20:08:39,021 [Listener at 127.0.0.1/10608] INFO  server.session (DefaultSessionIdManager.java:doStart(334)) - DefaultSessionIdManager workerName=node0
2021-11-02 20:08:39,021 [Listener at 127.0.0.1/10608] INFO  server.session (DefaultSessionIdManager.java:doStart(339)) - No SessionScavenger set, using defaults
2021-11-02 20:08:39,022 [Listener at 127.0.0.1/10608] INFO  server.session (HouseKeeper.java:startScavenging(132)) - node0 Scavenging every 660000ms
2021-11-02 20:08:39,023 [Listener at 127.0.0.1/10608] INFO  handler.ContextHandler (ContextHandler.java:doStart(915)) - Started o.e.j.s.ServletContextHandler@3c403b36{logs,/logs,file:///home/runner/work/ozone/ozone/hadoop-ozone/integration-test/target/log,AVAILABLE}
2021-11-02 20:08:39,023 [Listener at 127.0.0.1/10608] INFO  handler.ContextHandler (ContextHandler.java:doStart(915)) - Started o.e.j.s.ServletContextHandler@48c372db{static,/static,file:///home/runner/work/ozone/ozone/hadoop-ozone/integration-test/target/test-classes/webapps/static,AVAILABLE}
2021-11-02 20:08:39,027 [Listener at 127.0.0.1/10608] INFO  handler.ContextHandler (ContextHandler.java:doStart(915)) - Started o.e.j.w.WebAppContext@53ce41e7{ozoneManager,/,file:///home/runner/work/ozone/ozone/hadoop-ozone/integration-test/target/test-classes/webapps/ozoneManager/,AVAILABLE}{file:/home/runner/work/ozone/ozone/hadoop-ozone/integration-test/target/test-classes/webapps/ozoneManager}
2021-11-02 20:08:39,029 [Listener at 127.0.0.1/10608] INFO  server.AbstractConnector (AbstractConnector.java:doStart(331)) - Started ServerConnector@486e3116{HTTP/1.1, (http/1.1)}{0.0.0.0:10610}
2021-11-02 20:08:39,029 [Listener at 127.0.0.1/10608] INFO  server.Server (Server.java:doStart(415)) - Started @6508ms
2021-11-02 20:08:39,029 [Listener at 127.0.0.1/10608] WARN  impl.MetricsSystemImpl (MetricsSystemImpl.java:register(279)) - Sink prometheus already exists!
2021-11-02 20:08:39,030 [Listener at 127.0.0.1/10608] INFO  http.BaseHttpServer (BaseHttpServer.java:updateConnectorAddress(329)) - HTTP server of ozoneManager listening at http://0.0.0.0:10610
2021-11-02 20:08:39,033 [IPC Server Responder] INFO  ipc.Server (Server.java:run(1507)) - IPC Server Responder: starting
2021-11-02 20:08:39,038 [IPC Server listener on 10608] INFO  ipc.Server (Server.java:run(1344)) - IPC Server listener on 10608: starting
2021-11-02 20:08:39,048 [Listener at 127.0.0.1/10608] INFO  om.OzoneManager (OzoneManager.java:startTrashEmptier(1596)) - Trash Interval set to 0. Files deleted will not move to trash
2021-11-02 20:08:39,049 [Listener at 127.0.0.1/10608] INFO  ozone.MiniOzoneHAClusterImpl (MiniOzoneHAClusterImpl.java:createOMService(485)) - Started OzoneManager omNode-1 RPC server at localhost/127.0.0.1:10608
2021-11-02 20:08:39,050 [Listener at 127.0.0.1/10608] INFO  ha.OMHANodeDetails (OMHANodeDetails.java:loadOMHAConfig(118)) - ServiceID for OzoneManager is om-service-test1
2021-11-02 20:08:39,051 [Listener at 127.0.0.1/10608] INFO  ha.OMHANodeDetails (OMHANodeDetails.java:loadOMHAConfig(194)) - Found matching OM address with OMServiceId: om-service-test1, OMNodeId: omNode-2, RPC Address: localhost:10614 and Ratis port: 10618
2021-11-02 20:08:39,051 [Listener at 127.0.0.1/10608] INFO  ha.OMHANodeDetails (ConfUtils.java:setNodeSpecificConfigs(108)) - Setting configuration key ozone.om.http-address with value of key ozone.om.http-address.om-service-test1.omNode-2: 127.0.0.1:10616
2021-11-02 20:08:39,051 [Listener at 127.0.0.1/10608] INFO  ha.OMHANodeDetails (ConfUtils.java:setNodeSpecificConfigs(108)) - Setting configuration key ozone.om.https-address with value of key ozone.om.https-address.om-service-test1.omNode-2: 127.0.0.1:10617
2021-11-02 20:08:39,051 [Listener at 127.0.0.1/10608] INFO  ha.OMHANodeDetails (ConfUtils.java:setNodeSpecificConfigs(108)) - Setting configuration key ozone.om.address with value of key ozone.om.address.om-service-test1.omNode-2: 127.0.0.1:10614
2021-11-02 20:08:39,052 [Listener at 127.0.0.1/10608] WARN  server.ServerUtils (ServerUtils.java:getDBPath(225)) - ozone.om.db.dirs is not configured. We recommend adding this setting. Falling back to ozone.metadata.dirs instead.
2021-11-02 20:08:39,063 [org.apache.hadoop.util.JvmPauseMonitor$Monitor@10939bc1] INFO  util.JvmPauseMonitor (JvmPauseMonitor.java:run(188)) - Starting JVM pause monitor
OM initialization succeeded.Current cluster id for sd=/home/runner/work/ozone/ozone/hadoop-ozone/integration-test/target/test-dir/MiniOzoneClusterImpl-76263e8f-62ab-412a-8766-4a189fbce95f/omNode-2/om;cid=76263e8f-62ab-412a-8766-4a189fbce95f;layoutVersion=0
2021-11-02 20:08:39,070 [Listener at 127.0.0.1/10608] INFO  ha.OMHANodeDetails (OMHANodeDetails.java:loadOMHAConfig(118)) - ServiceID for OzoneManager is om-service-test1
2021-11-02 20:08:39,071 [Listener at 127.0.0.1/10608] INFO  ha.OMHANodeDetails (OMHANodeDetails.java:loadOMHAConfig(194)) - Found matching OM address with OMServiceId: om-service-test1, OMNodeId: omNode-2, RPC Address: localhost:10614 and Ratis port: 10618
2021-11-02 20:08:39,071 [Listener at 127.0.0.1/10608] INFO  ha.OMHANodeDetails (ConfUtils.java:setNodeSpecificConfigs(108)) - Setting configuration key ozone.om.http-address with value of key ozone.om.http-address.om-service-test1.omNode-2: 127.0.0.1:10616
2021-11-02 20:08:39,071 [Listener at 127.0.0.1/10608] INFO  ha.OMHANodeDetails (ConfUtils.java:setNodeSpecificConfigs(108)) - Setting configuration key ozone.om.https-address with value of key ozone.om.https-address.om-service-test1.omNode-2: 127.0.0.1:10617
2021-11-02 20:08:39,072 [Listener at 127.0.0.1/10608] INFO  ha.OMHANodeDetails (ConfUtils.java:setNodeSpecificConfigs(108)) - Setting configuration key ozone.om.address with value of key ozone.om.address.om-service-test1.omNode-2: 127.0.0.1:10614
2021-11-02 20:08:39,073 [Listener at 127.0.0.1/10608] WARN  server.ServerUtils (ServerUtils.java:getDBPath(225)) - ozone.om.db.dirs is not configured. We recommend adding this setting. Falling back to ozone.metadata.dirs instead.
2021-11-02 20:08:39,074 [Listener at 127.0.0.1/10608] INFO  upgrade.AbstractLayoutVersionManager (AbstractLayoutVersionManager.java:init(79)) - Initializing Layout version manager with metadata layout = INITIAL_VERSION (version = 0), software layout = INITIAL_VERSION (version = 0)
2021-11-02 20:08:39,143 [Listener at 127.0.0.1/10608] INFO  reflections.Reflections (Reflections.java:scan(232)) - Reflections took 68 ms to scan 2 urls, producing 131 keys and 344 values [using 2 cores]
2021-11-02 20:08:39,144 [Listener at 127.0.0.1/10608] INFO  upgrade.OMLayoutVersionManager (OMLayoutVersionManager.java:lambda$0(115)) - Skipping Upgrade Action MockOmUpgradeAction since it has been finalized.
2021-11-02 20:08:39,144 [Listener at 127.0.0.1/10608] WARN  server.ServerUtils (ServerUtils.java:getDBPath(225)) - ozone.om.db.dirs is not configured. We recommend adding this setting. Falling back to ozone.metadata.dirs instead.
2021-11-02 20:08:39,156 [Listener at 127.0.0.1/10608] WARN  server.ServerUtils (ServerUtils.java:getDBPath(225)) - ozone.om.db.dirs is not configured. We recommend adding this setting. Falling back to ozone.metadata.dirs instead.
2021-11-02 20:08:39,157 [Listener at 127.0.0.1/10608] INFO  codec.OmKeyInfoCodec (OmKeyInfoCodec.java:<init>(51)) - OmKeyInfoCodec ignorePipeline = true
2021-11-02 20:08:39,157 [Listener at 127.0.0.1/10608] INFO  codec.RepeatedOmKeyInfoCodec (RepeatedOmKeyInfoCodec.java:<init>(42)) - RepeatedOmKeyInfoCodec ignorePipeline = true
2021-11-02 20:08:39,286 [Listener at 127.0.0.1/10608] INFO  om.OzoneManager (OzoneManager.java:addS3GVolumeToDB(3456)) - Created Volume s3v With Owner runner required for S3Gateway operations.
2021-11-02 20:08:39,286 [Listener at 127.0.0.1/10608] WARN  server.ServerUtils (ServerUtils.java:getDefaultRatisDirectory(237)) - Storage directory for Ratis is not configured. It is a good idea to map this to an SSD disk. Falling back to ozone.metadata.dirs
2021-11-02 20:08:39,286 [Listener at 127.0.0.1/10608] WARN  utils.OzoneManagerRatisUtils (OzoneManagerRatisUtils.java:getOMRatisSnapshotDirectory(435)) - ozone.om.ratis.snapshot.dir is not configured. Falling back to ozone.metadata.dirs config
2021-11-02 20:08:39,287 [Listener at 127.0.0.1/10608] INFO  snapshot.OzoneManagerSnapshotProvider (OzoneManagerSnapshotProvider.java:<init>(76)) - Initializing OM Snapshot Provider
2021-11-02 20:08:39,295 [Listener at 127.0.0.1/10608] WARN  impl.MetricRegistriesImpl (MetricRegistriesImpl.java:addReporterRegistration(111)) - New reporters are added after registries were created. Some metrics will be missing from the reporter. Please add reporter before adding any new registry.
2021-11-02 20:08:39,295 [Listener at 127.0.0.1/10608] WARN  impl.MetricRegistriesImpl (MetricRegistriesImpl.java:addReporterRegistration(111)) - New reporters are added after registries were created. Some metrics will be missing from the reporter. Please add reporter before adding any new registry.
2021-11-02 20:08:39,296 [Listener at 127.0.0.1/10608] WARN  server.ServerUtils (ServerUtils.java:getDefaultRatisDirectory(237)) - Storage directory for Ratis is not configured. It is a good idea to map this to an SSD disk. Falling back to ozone.metadata.dirs
2021-11-02 20:08:39,297 [Listener at 127.0.0.1/10608] INFO  ratis.OzoneManagerRatisServer (OzoneManagerRatisServer.java:<init>(159)) - Instantiating OM Ratis server with groupID: om-service-test1 and peers: localhost:10618, localhost:10624, localhost:10612
2021-11-02 20:08:39,298 [Listener at 127.0.0.1/10608] INFO  ratis.OzoneManagerStateMachine (OzoneManagerStateMachine.java:loadSnapshotInfoFromDB(605)) - LastAppliedIndex is set from TransactionInfo from OM DB as (t:0, i:~)
2021-11-02 20:08:39,298 [Listener at 127.0.0.1/10608] INFO  server.RaftServer (ConfUtils.java:logGet(44)) - raft.rpc.type = GRPC (default)
2021-11-02 20:08:39,299 [Listener at 127.0.0.1/10608] INFO  grpc.GrpcFactory (GrpcFactory.java:checkPooledByteBufAllocatorUseCacheForAllThreads(48)) - PERFORMANCE WARNING: useCacheForAllThreads is true that may cause Netty to create a lot garbage objects and, as a result, trigger GC.
	It is recommended to disable useCacheForAllThreads by setting -Dorg.apache.ratis.thirdparty.io.netty.allocator.useCacheForAllThreads=false in command line.
2021-11-02 20:08:39,299 [Listener at 127.0.0.1/10608] INFO  grpc.GrpcConfigKeys (ConfUtils.java:logGet(44)) - raft.grpc.admin.port = -1 (default)
2021-11-02 20:08:39,299 [Listener at 127.0.0.1/10608] INFO  grpc.GrpcConfigKeys (ConfUtils.java:logGet(44)) - raft.grpc.server.port = 10618 (custom)
2021-11-02 20:08:39,299 [Listener at 127.0.0.1/10608] INFO  grpc.GrpcConfigKeys (ConfUtils.java:logGet(44)) - raft.grpc.client.port = -1 (default)
2021-11-02 20:08:39,299 [Listener at 127.0.0.1/10608] INFO  grpc.GrpcConfigKeys (ConfUtils.java:logGet(44)) - raft.grpc.server.port = 10618 (custom)
2021-11-02 20:08:39,299 [Listener at 127.0.0.1/10608] INFO  grpc.GrpcConfigKeys (ConfUtils.java:logGet(44)) - raft.grpc.server.port = 10618 (custom)
2021-11-02 20:08:39,300 [Listener at 127.0.0.1/10608] INFO  server.GrpcService (ConfUtils.java:logGet(44)) - raft.grpc.message.size.max = 33554432 (custom)
2021-11-02 20:08:39,300 [Listener at 127.0.0.1/10608] INFO  server.RaftServerConfigKeys (ConfUtils.java:logGet(44)) - raft.server.log.appender.buffer.byte-limit = 33554432 (custom)
2021-11-02 20:08:39,300 [Listener at 127.0.0.1/10608] INFO  server.GrpcService (ConfUtils.java:logGet(44)) - raft.grpc.flow.control.window = 1MB (=1048576) (default)
2021-11-02 20:08:39,300 [Listener at 127.0.0.1/10608] INFO  server.RaftServerConfigKeys (ConfUtils.java:logGet(44)) - raft.server.rpc.request.timeout = 3000ms (default)
2021-11-02 20:08:39,305 [Listener at 127.0.0.1/10608] INFO  impl.DataStreamServerImpl (ConfUtils.java:logGet(44)) - raft.datastream.type = DISABLED (default)
2021-11-02 20:08:39,305 [Listener at 127.0.0.1/10608] INFO  server.RaftServerConfigKeys (ConfUtils.java:logGet(44)) - raft.server.rpc.slowness.timeout = 2s (custom)
2021-11-02 20:08:39,305 [Listener at 127.0.0.1/10608] INFO  server.RaftServerConfigKeys (ConfUtils.java:logGet(44)) - raft.server.leaderelection.leader.step-down.wait-time = 10s (default)
2021-11-02 20:08:39,306 [Listener at 127.0.0.1/10608] INFO  server.RaftServerConfigKeys (ConfUtils.java:logGet(44)) - raft.server.storage.dir = [/home/runner/work/ozone/ozone/hadoop-ozone/integration-test/target/test-dir/MiniOzoneClusterImpl-76263e8f-62ab-412a-8766-4a189fbce95f/omNode-2/ratis] (custom)
2021-11-02 20:08:39,306 [Listener at 127.0.0.1/10608] INFO  server.RaftServer (RaftServerProxy.java:addNew(95)) - omNode-2: addNew group-523986131536:[omNode-3|rpc:localhost:10624|priority:0, omNode-1|rpc:localhost:10612|priority:0, omNode-2|rpc:localhost:10618|priority:0] returns group-523986131536:java.util.concurrent.CompletableFuture@3033bb96[Not completed]
2021-11-02 20:08:39,306 [Listener at 127.0.0.1/10608] INFO  om.OzoneManager (OzoneManager.java:initializeRatisServer(1638)) - OzoneManager Ratis server initialized at port 10618
2021-11-02 20:08:39,308 [Listener at 127.0.0.1/10608] INFO  ipc.CallQueueManager (CallQueueManager.java:<init>(90)) - Using callQueue: class java.util.concurrent.LinkedBlockingQueue, queueCapacity: 2000, scheduler: class org.apache.hadoop.ipc.DefaultRpcScheduler, ipcBackoff: false.
2021-11-02 20:08:39,309 [Socket Reader #1 for port 10614] INFO  ipc.Server (Server.java:run(1265)) - Starting Socket Reader #1 for port 10614
2021-11-02 20:08:39,323 [pool-62-thread-1] INFO  server.RaftServer$Division (RaftServerImpl.java:<init>(184)) - omNode-2: new RaftServerImpl for group-523986131536:[omNode-3|rpc:localhost:10624|priority:0, omNode-1|rpc:localhost:10612|priority:0, omNode-2|rpc:localhost:10618|priority:0] with OzoneManagerStateMachine:uninitialized
2021-11-02 20:08:39,327 [pool-62-thread-1] INFO  server.RaftServerConfigKeys (ConfUtils.java:logGet(44)) - raft.server.rpc.timeout.min = 1s (custom)
2021-11-02 20:08:39,328 [pool-62-thread-1] INFO  server.RaftServerConfigKeys (ConfUtils.java:logGet(44)) - raft.server.rpc.timeout.max = 1200ms (custom)
2021-11-02 20:08:39,328 [pool-62-thread-1] INFO  server.RaftServerConfigKeys (ConfUtils.java:logGet(44)) - raft.server.rpc.sleep.time = 25ms (default)
2021-11-02 20:08:39,328 [pool-62-thread-1] INFO  server.RaftServerConfigKeys (ConfUtils.java:logGet(44)) - raft.server.rpc.slowness.timeout = 2s (custom)
2021-11-02 20:08:39,328 [pool-62-thread-1] INFO  server.RaftServerConfigKeys (ConfUtils.java:logGet(44)) - raft.server.leaderelection.leader.step-down.wait-time = 10s (default)
2021-11-02 20:08:39,328 [pool-62-thread-1] INFO  server.RaftServerConfigKeys (ConfUtils.java:logGet(44)) - raft.server.sleep.deviation.threshold = 300ms (default)
2021-11-02 20:08:39,328 [pool-62-thread-1] INFO  server.RaftServerConfigKeys (ConfUtils.java:logGet(44)) - raft.server.log.appender.install.snapshot.enabled = false (custom)
2021-11-02 20:08:39,330 [pool-62-thread-1] INFO  server.RaftServer$Division (ServerState.java:<init>(105)) - omNode-2@group-523986131536: ConfigurationManager, init=-1: [omNode-3|rpc:localhost:10624|priority:0, omNode-1|rpc:localhost:10612|priority:0, omNode-2|rpc:localhost:10618|priority:0], old=null, confs=<EMPTY_MAP>
2021-11-02 20:08:39,330 [pool-62-thread-1] INFO  server.RaftServerConfigKeys (ConfUtils.java:logGet(44)) - raft.server.storage.dir = [/home/runner/work/ozone/ozone/hadoop-ozone/integration-test/target/test-dir/MiniOzoneClusterImpl-76263e8f-62ab-412a-8766-4a189fbce95f/omNode-2/ratis] (custom)
2021-11-02 20:08:39,330 [pool-62-thread-1] INFO  server.RaftServerConfigKeys (ConfUtils.java:logGet(44)) - raft.server.log.corruption.policy = EXCEPTION (default)
2021-11-02 20:08:39,330 [pool-62-thread-1] INFO  server.RaftServerConfigKeys (ConfUtils.java:logGet(44)) - raft.server.storage.free-space.min = 0MB (=0) (default)
2021-11-02 20:08:39,330 [pool-62-thread-1] INFO  storage.RaftStorageDirectory (RaftStorageDirectoryImpl.java:analyzeStorage(135)) - The storage directory /home/runner/work/ozone/ozone/hadoop-ozone/integration-test/target/test-dir/MiniOzoneClusterImpl-76263e8f-62ab-412a-8766-4a189fbce95f/omNode-2/ratis/c9bc4cf4-3bc3-3c60-a66b-523986131536 does not exist. Creating ...
2021-11-02 20:08:39,332 [pool-62-thread-1] INFO  storage.RaftStorageDirectory (RaftStorageDirectoryImpl.java:tryLock(230)) - Lock on /home/runner/work/ozone/ozone/hadoop-ozone/integration-test/target/test-dir/MiniOzoneClusterImpl-76263e8f-62ab-412a-8766-4a189fbce95f/omNode-2/ratis/c9bc4cf4-3bc3-3c60-a66b-523986131536/in_use.lock acquired by nodename 14135@fv-az270-10
2021-11-02 20:08:39,333 [pool-62-thread-1] INFO  storage.RaftStorage (RaftStorageImpl.java:format(89)) - Storage directory /home/runner/work/ozone/ozone/hadoop-ozone/integration-test/target/test-dir/MiniOzoneClusterImpl-76263e8f-62ab-412a-8766-4a189fbce95f/omNode-2/ratis/c9bc4cf4-3bc3-3c60-a66b-523986131536 has been successfully formatted.
2021-11-02 20:08:39,334 [pool-62-thread-1] INFO  server.RaftServerConfigKeys (ConfUtils.java:logGet(44)) - raft.server.notification.no-leader.timeout = 2s (custom)
2021-11-02 20:08:39,334 [pool-62-thread-1] INFO  server.RaftServerConfigKeys (ConfUtils.java:logGet(44)) - raft.server.log.use.memory = false (default)
2021-11-02 20:08:39,335 [pool-62-thread-1] INFO  server.RaftServerConfigKeys (ConfUtils.java:logGet(44)) - raft.server.log.purge.gap = 50 (custom)
2021-11-02 20:08:39,335 [pool-62-thread-1] INFO  server.RaftServerConfigKeys (ConfUtils.java:logGet(44)) - raft.server.log.appender.buffer.byte-limit = 33554432 (custom)
2021-11-02 20:08:39,335 [pool-62-thread-1] INFO  server.RaftServerConfigKeys (ConfUtils.java:logGet(44)) - raft.server.log.segment.size.max = 4194304 (custom)
2021-11-02 20:08:39,336 [pool-62-thread-1] INFO  server.RaftServerConfigKeys (ConfUtils.java:logGet(44)) - raft.server.log.segment.cache.num.max = 2 (custom)
2021-11-02 20:08:39,336 [pool-62-thread-1] INFO  server.RaftServerConfigKeys (ConfUtils.java:logGet(44)) - raft.server.log.segment.cache.size.max = 200MB (=209715200) (default)
2021-11-02 20:08:39,336 [pool-62-thread-1] INFO  segmented.SegmentedRaftLogWorker (SegmentedRaftLogWorker.java:<init>(182)) - new omNode-2@group-523986131536-SegmentedRaftLogWorker for RaftStorageImpl:Storage Directory /home/runner/work/ozone/ozone/hadoop-ozone/integration-test/target/test-dir/MiniOzoneClusterImpl-76263e8f-62ab-412a-8766-4a189fbce95f/omNode-2/ratis/c9bc4cf4-3bc3-3c60-a66b-523986131536
2021-11-02 20:08:39,337 [pool-62-thread-1] INFO  server.RaftServerConfigKeys (ConfUtils.java:logGet(44)) - raft.server.log.queue.byte-limit = 64MB (=67108864) (default)
2021-11-02 20:08:39,337 [pool-62-thread-1] INFO  server.RaftServerConfigKeys (ConfUtils.java:logGet(44)) - raft.server.log.queue.element-limit = 4096 (default)
2021-11-02 20:08:39,337 [pool-62-thread-1] INFO  server.RaftServerConfigKeys (ConfUtils.java:logGet(44)) - raft.server.log.segment.size.max = 4194304 (custom)
2021-11-02 20:08:39,337 [pool-62-thread-1] INFO  server.RaftServerConfigKeys (ConfUtils.java:logGet(44)) - raft.server.log.preallocated.size = 4194304 (custom)
2021-11-02 20:08:39,337 [pool-62-thread-1] INFO  server.RaftServerConfigKeys (ConfUtils.java:logGet(44)) - raft.server.log.force.sync.num = 128 (default)
2021-11-02 20:08:39,337 [pool-62-thread-1] INFO  server.RaftServerConfigKeys (ConfUtils.java:logGet(44)) - raft.server.log.statemachine.data.sync = true (default)
2021-11-02 20:08:39,337 [pool-62-thread-1] INFO  server.RaftServerConfigKeys (ConfUtils.java:logGet(44)) - raft.server.log.statemachine.data.sync.timeout = 10s (default)
2021-11-02 20:08:39,337 [pool-62-thread-1] INFO  server.RaftServerConfigKeys (ConfUtils.java:logGet(44)) - raft.server.log.statemachine.data.sync.timeout.retry = -1 (default)
2021-11-02 20:08:39,343 [pool-62-thread-1] INFO  server.RaftServerConfigKeys (ConfUtils.java:logGet(44)) - raft.server.log.write.buffer.size = 64KB (=65536) (default)
2021-11-02 20:08:39,343 [pool-62-thread-1] INFO  server.RaftServerConfigKeys (ConfUtils.java:logGet(44)) - raft.server.log.statemachine.data.caching.enabled = false (default)
2021-11-02 20:08:39,344 [pool-62-thread-1] INFO  segmented.SegmentedRaftLogWorker (SegmentedRaftLogWorker.java:lambda$new$0(133)) - omNode-2@group-523986131536-SegmentedRaftLogWorker: flushIndex: setUnconditionally 0 -> -1
2021-11-02 20:08:39,344 [pool-62-thread-1] INFO  segmented.SegmentedRaftLogWorker (SegmentedRaftLogWorker.java:lambda$new$0(133)) - omNode-2@group-523986131536-SegmentedRaftLogWorker: safeCacheEvictIndex: setUnconditionally 0 -> -1
2021-11-02 20:08:39,348 [Listener at 127.0.0.1/10614] INFO  om.OzoneManager (OzoneManager.java:initFSOLayout(3662)) - Configured ozone.om.metadata.layout=SIMPLE and disabled optimized OM FS operations
2021-11-02 20:08:39,349 [Listener at 127.0.0.1/10614] INFO  impl.MetricsSystemImpl (MetricsSystemImpl.java:init(158)) - OzoneManager metrics system started (again)
2021-11-02 20:08:39,358 [pool-62-thread-1] INFO  server.RaftServerConfigKeys (ConfUtils.java:logGet(44)) - raft.server.snapshot.auto.trigger.enabled = true (custom)
2021-11-02 20:08:39,358 [pool-62-thread-1] INFO  server.RaftServerConfigKeys (ConfUtils.java:logGet(44)) - raft.server.snapshot.auto.trigger.threshold = 50 (custom)
2021-11-02 20:08:39,358 [pool-62-thread-1] INFO  server.RaftServerConfigKeys (ConfUtils.java:logGet(44)) - raft.server.snapshot.retention.file.num = -1 (default)
2021-11-02 20:08:39,358 [pool-62-thread-1] INFO  server.RaftServerConfigKeys (ConfUtils.java:logGet(44)) - raft.server.log.purge.upto.snapshot.index = true (custom)
2021-11-02 20:08:39,358 [pool-62-thread-1] INFO  server.RaftServerConfigKeys (ConfUtils.java:logGet(44)) - raft.server.retrycache.expirytime = 30000ms (custom)
2021-11-02 20:08:39,358 [pool-62-thread-1] INFO  server.RaftServerConfigKeys (ConfUtils.java:logGet(44)) - raft.server.retrycache.statistics.expirytime = 100μs (default)
2021-11-02 20:08:39,367 [Listener at 127.0.0.1/10614] INFO  om.OzoneManager (OzoneManager.java:start(1322)) - OzoneManager RPC server is listening at localhost/127.0.0.1:10614
2021-11-02 20:08:39,367 [Listener at 127.0.0.1/10614] INFO  ratis.OzoneManagerRatisServer (OzoneManagerRatisServer.java:start(522)) - Starting OzoneManagerRatisServer omNode-2 at port 10618
2021-11-02 20:08:39,368 [Listener at 127.0.0.1/10614] INFO  server.RaftServer$Division (RaftServerImpl.java:start(301)) - omNode-2@group-523986131536: start as a follower, conf=-1: [omNode-3|rpc:localhost:10624|priority:0, omNode-1|rpc:localhost:10612|priority:0, omNode-2|rpc:localhost:10618|priority:0], old=null
2021-11-02 20:08:39,368 [Listener at 127.0.0.1/10614] INFO  server.RaftServer$Division (RaftServerImpl.java:setRole(290)) - omNode-2@group-523986131536: changes role from      null to FOLLOWER at term 0 for startAsFollower
2021-11-02 20:08:39,368 [Listener at 127.0.0.1/10614] INFO  impl.RoleInfo (RoleInfo.java:updateAndGet(130)) - omNode-2: start omNode-2@group-523986131536-FollowerState
2021-11-02 20:08:39,368 [Listener at 127.0.0.1/10614] INFO  util.JmxRegister (JmxRegister.java:tryRegister(44)) - Successfully registered JMX Bean with object name Ratis:service=RaftServer,group=group-523986131536,id=omNode-2
2021-11-02 20:08:39,372 [Listener at 127.0.0.1/10614] INFO  server.RaftServer (RaftServerProxy.java:lambda$start$5(374)) - omNode-2: start RPC server
2021-11-02 20:08:39,374 [Listener at 127.0.0.1/10614] INFO  server.GrpcService (GrpcService.java:startImpl(253)) - omNode-2: GrpcService started, listening on 10618
2021-11-02 20:08:39,375 [Listener at 127.0.0.1/10614] INFO  om.OzoneManager (OzoneManager.java:start(1340)) - Version File has different layout version (0) than OM DB (null). That is expected if this OM has never been finalized to a newer layout version.
2021-11-02 20:08:39,375 [org.apache.ratis.util.JvmPauseMonitor$$Lambda$523/614850410@6a82d4b4] INFO  util.JvmPauseMonitor (JvmPauseMonitor.java:run(103)) - JvmPauseMonitor-omNode-2: Started
2021-11-02 20:08:39,385 [Listener at 127.0.0.1/10614] INFO  http.BaseHttpServer (BaseHttpServer.java:newHttpServer2BuilderForOzone(209)) - Starting Web-server for ozoneManager at: http://0.0.0.0:10616
2021-11-02 20:08:39,385 [Listener at 127.0.0.1/10614] INFO  http.BaseHttpServer (BaseHttpServer.java:<init>(107)) - Hadoop Security Enabled: false Ozone Security Enabled: false Ozone HTTP Security Enabled: false 
2021-11-02 20:08:39,387 [Listener at 127.0.0.1/10614] INFO  server.AuthenticationFilter (AuthenticationFilter.java:constructSecretProvider(240)) - Unable to initialize FileSignerSecretProvider, falling back to use random secrets.
2021-11-02 20:08:39,387 [Listener at 127.0.0.1/10614] WARN  http.HttpRequestLog (HttpRequestLog.java:getRequestLog(103)) - Jetty request log can only be enabled using Log4j
2021-11-02 20:08:39,388 [Listener at 127.0.0.1/10614] INFO  http.HttpServer2 (HttpServer2.java:addGlobalFilter(1030)) - Added global filter 'safety' (class=org.apache.hadoop.hdds.server.http.HttpServer2$QuotingInputFilter)
2021-11-02 20:08:39,389 [Listener at 127.0.0.1/10614] INFO  http.HttpServer2 (HttpServer2.java:addFilter(1006)) - Added filter static_user_filter (class=org.apache.hadoop.http.lib.StaticUserWebFilter$StaticUserFilter) to context ozoneManager
2021-11-02 20:08:39,389 [Listener at 127.0.0.1/10614] INFO  http.HttpServer2 (HttpServer2.java:addFilter(1014)) - Added filter static_user_filter (class=org.apache.hadoop.http.lib.StaticUserWebFilter$StaticUserFilter) to context static
2021-11-02 20:08:39,389 [Listener at 127.0.0.1/10614] INFO  http.HttpServer2 (HttpServer2.java:addFilter(1014)) - Added filter static_user_filter (class=org.apache.hadoop.http.lib.StaticUserWebFilter$StaticUserFilter) to context logs
2021-11-02 20:08:39,390 [Listener at 127.0.0.1/10614] INFO  http.HttpServer2 (HttpServer2.java:bindListener(1249)) - Jetty bound to port 10616
2021-11-02 20:08:39,390 [Listener at 127.0.0.1/10614] INFO  server.Server (Server.java:doStart(375)) - jetty-9.4.43.v20210629; built: 2021-06-30T11:07:22.254Z; git: 526006ecfa3af7f1a27ef3a288e2bef7ea9dd7e8; jvm 1.8.0_292-b10
2021-11-02 20:08:39,400 [Listener at 127.0.0.1/10614] INFO  server.session (DefaultSessionIdManager.java:doStart(334)) - DefaultSessionIdManager workerName=node0
2021-11-02 20:08:39,401 [Listener at 127.0.0.1/10614] INFO  server.session (DefaultSessionIdManager.java:doStart(339)) - No SessionScavenger set, using defaults
2021-11-02 20:08:39,401 [Listener at 127.0.0.1/10614] INFO  server.session (HouseKeeper.java:startScavenging(132)) - node0 Scavenging every 600000ms
2021-11-02 20:08:39,402 [Listener at 127.0.0.1/10614] INFO  handler.ContextHandler (ContextHandler.java:doStart(915)) - Started o.e.j.s.ServletContextHandler@470bef04{logs,/logs,file:///home/runner/work/ozone/ozone/hadoop-ozone/integration-test/target/log,AVAILABLE}
2021-11-02 20:08:39,402 [Listener at 127.0.0.1/10614] INFO  handler.ContextHandler (ContextHandler.java:doStart(915)) - Started o.e.j.s.ServletContextHandler@7f6a0c29{static,/static,file:///home/runner/work/ozone/ozone/hadoop-ozone/integration-test/target/test-classes/webapps/static,AVAILABLE}
2021-11-02 20:08:39,406 [Listener at 127.0.0.1/10614] INFO  handler.ContextHandler (ContextHandler.java:doStart(915)) - Started o.e.j.w.WebAppContext@74cca90{ozoneManager,/,file:///home/runner/work/ozone/ozone/hadoop-ozone/integration-test/target/test-classes/webapps/ozoneManager/,AVAILABLE}{file:/home/runner/work/ozone/ozone/hadoop-ozone/integration-test/target/test-classes/webapps/ozoneManager}
2021-11-02 20:08:39,407 [Listener at 127.0.0.1/10614] INFO  server.AbstractConnector (AbstractConnector.java:doStart(331)) - Started ServerConnector@6878e49e{HTTP/1.1, (http/1.1)}{0.0.0.0:10616}
2021-11-02 20:08:39,407 [Listener at 127.0.0.1/10614] INFO  server.Server (Server.java:doStart(415)) - Started @6886ms
2021-11-02 20:08:39,407 [Listener at 127.0.0.1/10614] WARN  impl.MetricsSystemImpl (MetricsSystemImpl.java:register(279)) - Sink prometheus already exists!
2021-11-02 20:08:39,408 [Listener at 127.0.0.1/10614] INFO  http.BaseHttpServer (BaseHttpServer.java:updateConnectorAddress(329)) - HTTP server of ozoneManager listening at http://0.0.0.0:10616
2021-11-02 20:08:39,408 [IPC Server Responder] INFO  ipc.Server (Server.java:run(1507)) - IPC Server Responder: starting
2021-11-02 20:08:39,409 [IPC Server listener on 10614] INFO  ipc.Server (Server.java:run(1344)) - IPC Server listener on 10614: starting
2021-11-02 20:08:39,417 [Listener at 127.0.0.1/10614] INFO  om.OzoneManager (OzoneManager.java:startTrashEmptier(1596)) - Trash Interval set to 0. Files deleted will not move to trash
2021-11-02 20:08:39,417 [Listener at 127.0.0.1/10614] INFO  ozone.MiniOzoneHAClusterImpl (MiniOzoneHAClusterImpl.java:createOMService(485)) - Started OzoneManager omNode-2 RPC server at localhost/127.0.0.1:10614
2021-11-02 20:08:39,417 [org.apache.hadoop.util.JvmPauseMonitor$Monitor@250268ef] INFO  util.JvmPauseMonitor (JvmPauseMonitor.java:run(188)) - Starting JVM pause monitor
2021-11-02 20:08:39,418 [Listener at 127.0.0.1/10614] INFO  ha.OMHANodeDetails (OMHANodeDetails.java:loadOMHAConfig(118)) - ServiceID for OzoneManager is om-service-test1
2021-11-02 20:08:39,419 [Listener at 127.0.0.1/10614] INFO  ha.OMHANodeDetails (OMHANodeDetails.java:loadOMHAConfig(194)) - Found matching OM address with OMServiceId: om-service-test1, OMNodeId: omNode-3, RPC Address: localhost:10620 and Ratis port: 10624
2021-11-02 20:08:39,419 [Listener at 127.0.0.1/10614] INFO  ha.OMHANodeDetails (ConfUtils.java:setNodeSpecificConfigs(108)) - Setting configuration key ozone.om.http-address with value of key ozone.om.http-address.om-service-test1.omNode-3: 127.0.0.1:10622
2021-11-02 20:08:39,419 [Listener at 127.0.0.1/10614] INFO  ha.OMHANodeDetails (ConfUtils.java:setNodeSpecificConfigs(108)) - Setting configuration key ozone.om.https-address with value of key ozone.om.https-address.om-service-test1.omNode-3: 127.0.0.1:10623
2021-11-02 20:08:39,419 [Listener at 127.0.0.1/10614] INFO  ha.OMHANodeDetails (ConfUtils.java:setNodeSpecificConfigs(108)) - Setting configuration key ozone.om.address with value of key ozone.om.address.om-service-test1.omNode-3: 127.0.0.1:10620
2021-11-02 20:08:39,419 [Listener at 127.0.0.1/10614] WARN  server.ServerUtils (ServerUtils.java:getDBPath(225)) - ozone.om.db.dirs is not configured. We recommend adding this setting. Falling back to ozone.metadata.dirs instead.
OM initialization succeeded.Current cluster id for sd=/home/runner/work/ozone/ozone/hadoop-ozone/integration-test/target/test-dir/MiniOzoneClusterImpl-76263e8f-62ab-412a-8766-4a189fbce95f/omNode-3/om;cid=76263e8f-62ab-412a-8766-4a189fbce95f;layoutVersion=0
2021-11-02 20:08:39,430 [Listener at 127.0.0.1/10614] INFO  ha.OMHANodeDetails (OMHANodeDetails.java:loadOMHAConfig(118)) - ServiceID for OzoneManager is om-service-test1
2021-11-02 20:08:39,430 [Listener at 127.0.0.1/10614] INFO  ha.OMHANodeDetails (OMHANodeDetails.java:loadOMHAConfig(194)) - Found matching OM address with OMServiceId: om-service-test1, OMNodeId: omNode-3, RPC Address: localhost:10620 and Ratis port: 10624
2021-11-02 20:08:39,431 [Listener at 127.0.0.1/10614] INFO  ha.OMHANodeDetails (ConfUtils.java:setNodeSpecificConfigs(108)) - Setting configuration key ozone.om.http-address with value of key ozone.om.http-address.om-service-test1.omNode-3: 127.0.0.1:10622
2021-11-02 20:08:39,431 [Listener at 127.0.0.1/10614] INFO  ha.OMHANodeDetails (ConfUtils.java:setNodeSpecificConfigs(108)) - Setting configuration key ozone.om.https-address with value of key ozone.om.https-address.om-service-test1.omNode-3: 127.0.0.1:10623
2021-11-02 20:08:39,431 [Listener at 127.0.0.1/10614] INFO  ha.OMHANodeDetails (ConfUtils.java:setNodeSpecificConfigs(108)) - Setting configuration key ozone.om.address with value of key ozone.om.address.om-service-test1.omNode-3: 127.0.0.1:10620
2021-11-02 20:08:39,431 [Listener at 127.0.0.1/10614] WARN  server.ServerUtils (ServerUtils.java:getDBPath(225)) - ozone.om.db.dirs is not configured. We recommend adding this setting. Falling back to ozone.metadata.dirs instead.
2021-11-02 20:08:39,431 [Listener at 127.0.0.1/10614] INFO  upgrade.AbstractLayoutVersionManager (AbstractLayoutVersionManager.java:init(79)) - Initializing Layout version manager with metadata layout = INITIAL_VERSION (version = 0), software layout = INITIAL_VERSION (version = 0)
2021-11-02 20:08:39,483 [Listener at 127.0.0.1/10614] INFO  reflections.Reflections (Reflections.java:scan(232)) - Reflections took 50 ms to scan 2 urls, producing 131 keys and 344 values [using 2 cores]
2021-11-02 20:08:39,484 [Listener at 127.0.0.1/10614] INFO  upgrade.OMLayoutVersionManager (OMLayoutVersionManager.java:lambda$0(115)) - Skipping Upgrade Action MockOmUpgradeAction since it has been finalized.
2021-11-02 20:08:39,484 [Listener at 127.0.0.1/10614] WARN  server.ServerUtils (ServerUtils.java:getDBPath(225)) - ozone.om.db.dirs is not configured. We recommend adding this setting. Falling back to ozone.metadata.dirs instead.
2021-11-02 20:08:39,495 [Listener at 127.0.0.1/10614] WARN  server.ServerUtils (ServerUtils.java:getDBPath(225)) - ozone.om.db.dirs is not configured. We recommend adding this setting. Falling back to ozone.metadata.dirs instead.
2021-11-02 20:08:39,498 [Listener at 127.0.0.1/10614] INFO  codec.OmKeyInfoCodec (OmKeyInfoCodec.java:<init>(51)) - OmKeyInfoCodec ignorePipeline = true
2021-11-02 20:08:39,499 [Listener at 127.0.0.1/10614] INFO  codec.RepeatedOmKeyInfoCodec (RepeatedOmKeyInfoCodec.java:<init>(42)) - RepeatedOmKeyInfoCodec ignorePipeline = true
2021-11-02 20:08:39,652 [Listener at 127.0.0.1/10614] INFO  om.OzoneManager (OzoneManager.java:addS3GVolumeToDB(3456)) - Created Volume s3v With Owner runner required for S3Gateway operations.
2021-11-02 20:08:39,653 [Listener at 127.0.0.1/10614] WARN  server.ServerUtils (ServerUtils.java:getDefaultRatisDirectory(237)) - Storage directory for Ratis is not configured. It is a good idea to map this to an SSD disk. Falling back to ozone.metadata.dirs
2021-11-02 20:08:39,653 [Listener at 127.0.0.1/10614] WARN  utils.OzoneManagerRatisUtils (OzoneManagerRatisUtils.java:getOMRatisSnapshotDirectory(435)) - ozone.om.ratis.snapshot.dir is not configured. Falling back to ozone.metadata.dirs config
2021-11-02 20:08:39,653 [Listener at 127.0.0.1/10614] INFO  snapshot.OzoneManagerSnapshotProvider (OzoneManagerSnapshotProvider.java:<init>(76)) - Initializing OM Snapshot Provider
2021-11-02 20:08:39,660 [Listener at 127.0.0.1/10614] WARN  impl.MetricRegistriesImpl (MetricRegistriesImpl.java:addReporterRegistration(111)) - New reporters are added after registries were created. Some metrics will be missing from the reporter. Please add reporter before adding any new registry.
2021-11-02 20:08:39,661 [Listener at 127.0.0.1/10614] WARN  impl.MetricRegistriesImpl (MetricRegistriesImpl.java:addReporterRegistration(111)) - New reporters are added after registries were created. Some metrics will be missing from the reporter. Please add reporter before adding any new registry.
2021-11-02 20:08:39,661 [Listener at 127.0.0.1/10614] WARN  server.ServerUtils (ServerUtils.java:getDefaultRatisDirectory(237)) - Storage directory for Ratis is not configured. It is a good idea to map this to an SSD disk. Falling back to ozone.metadata.dirs
2021-11-02 20:08:39,663 [Listener at 127.0.0.1/10614] INFO  ratis.OzoneManagerRatisServer (OzoneManagerRatisServer.java:<init>(159)) - Instantiating OM Ratis server with groupID: om-service-test1 and peers: localhost:10624, localhost:10612, localhost:10618
2021-11-02 20:08:39,664 [Listener at 127.0.0.1/10614] INFO  ratis.OzoneManagerStateMachine (OzoneManagerStateMachine.java:loadSnapshotInfoFromDB(605)) - LastAppliedIndex is set from TransactionInfo from OM DB as (t:0, i:~)
2021-11-02 20:08:39,664 [Listener at 127.0.0.1/10614] INFO  server.RaftServer (ConfUtils.java:logGet(44)) - raft.rpc.type = GRPC (default)
2021-11-02 20:08:39,664 [Listener at 127.0.0.1/10614] INFO  grpc.GrpcFactory (GrpcFactory.java:checkPooledByteBufAllocatorUseCacheForAllThreads(48)) - PERFORMANCE WARNING: useCacheForAllThreads is true that may cause Netty to create a lot garbage objects and, as a result, trigger GC.
	It is recommended to disable useCacheForAllThreads by setting -Dorg.apache.ratis.thirdparty.io.netty.allocator.useCacheForAllThreads=false in command line.
2021-11-02 20:08:39,664 [Listener at 127.0.0.1/10614] INFO  grpc.GrpcConfigKeys (ConfUtils.java:logGet(44)) - raft.grpc.admin.port = -1 (default)
2021-11-02 20:08:39,664 [Listener at 127.0.0.1/10614] INFO  grpc.GrpcConfigKeys (ConfUtils.java:logGet(44)) - raft.grpc.server.port = 10624 (custom)
2021-11-02 20:08:39,665 [Listener at 127.0.0.1/10614] INFO  grpc.GrpcConfigKeys (ConfUtils.java:logGet(44)) - raft.grpc.client.port = -1 (default)
2021-11-02 20:08:39,665 [Listener at 127.0.0.1/10614] INFO  grpc.GrpcConfigKeys (ConfUtils.java:logGet(44)) - raft.grpc.server.port = 10624 (custom)
2021-11-02 20:08:39,665 [Listener at 127.0.0.1/10614] INFO  grpc.GrpcConfigKeys (ConfUtils.java:logGet(44)) - raft.grpc.server.port = 10624 (custom)
2021-11-02 20:08:39,665 [Listener at 127.0.0.1/10614] INFO  server.GrpcService (ConfUtils.java:logGet(44)) - raft.grpc.message.size.max = 33554432 (custom)
2021-11-02 20:08:39,665 [Listener at 127.0.0.1/10614] INFO  server.RaftServerConfigKeys (ConfUtils.java:logGet(44)) - raft.server.log.appender.buffer.byte-limit = 33554432 (custom)
2021-11-02 20:08:39,665 [Listener at 127.0.0.1/10614] INFO  server.GrpcService (ConfUtils.java:logGet(44)) - raft.grpc.flow.control.window = 1MB (=1048576) (default)
2021-11-02 20:08:39,665 [Listener at 127.0.0.1/10614] INFO  server.RaftServerConfigKeys (ConfUtils.java:logGet(44)) - raft.server.rpc.request.timeout = 3000ms (default)
2021-11-02 20:08:39,671 [Listener at 127.0.0.1/10614] INFO  impl.DataStreamServerImpl (ConfUtils.java:logGet(44)) - raft.datastream.type = DISABLED (default)
2021-11-02 20:08:39,671 [Listener at 127.0.0.1/10614] INFO  server.RaftServerConfigKeys (ConfUtils.java:logGet(44)) - raft.server.rpc.slowness.timeout = 2s (custom)
2021-11-02 20:08:39,671 [Listener at 127.0.0.1/10614] INFO  server.RaftServerConfigKeys (ConfUtils.java:logGet(44)) - raft.server.leaderelection.leader.step-down.wait-time = 10s (default)
2021-11-02 20:08:39,672 [Listener at 127.0.0.1/10614] INFO  server.RaftServerConfigKeys (ConfUtils.java:logGet(44)) - raft.server.storage.dir = [/home/runner/work/ozone/ozone/hadoop-ozone/integration-test/target/test-dir/MiniOzoneClusterImpl-76263e8f-62ab-412a-8766-4a189fbce95f/omNode-3/ratis] (custom)
2021-11-02 20:08:39,673 [Listener at 127.0.0.1/10614] INFO  server.RaftServer (RaftServerProxy.java:addNew(95)) - omNode-3: addNew group-523986131536:[omNode-3|rpc:localhost:10624|priority:0, omNode-1|rpc:localhost:10612|priority:0, omNode-2|rpc:localhost:10618|priority:0] returns group-523986131536:java.util.concurrent.CompletableFuture@5de7948a[Not completed]
2021-11-02 20:08:39,673 [pool-83-thread-1] INFO  server.RaftServer$Division (RaftServerImpl.java:<init>(184)) - omNode-3: new RaftServerImpl for group-523986131536:[omNode-3|rpc:localhost:10624|priority:0, omNode-1|rpc:localhost:10612|priority:0, omNode-2|rpc:localhost:10618|priority:0] with OzoneManagerStateMachine:uninitialized
2021-11-02 20:08:39,673 [Listener at 127.0.0.1/10614] INFO  om.OzoneManager (OzoneManager.java:initializeRatisServer(1638)) - OzoneManager Ratis server initialized at port 10624
2021-11-02 20:08:39,677 [pool-83-thread-1] INFO  server.RaftServerConfigKeys (ConfUtils.java:logGet(44)) - raft.server.rpc.timeout.min = 1s (custom)
2021-11-02 20:08:39,677 [pool-83-thread-1] INFO  server.RaftServerConfigKeys (ConfUtils.java:logGet(44)) - raft.server.rpc.timeout.max = 1200ms (custom)
2021-11-02 20:08:39,677 [pool-83-thread-1] INFO  server.RaftServerConfigKeys (ConfUtils.java:logGet(44)) - raft.server.rpc.sleep.time = 25ms (default)
2021-11-02 20:08:39,677 [pool-83-thread-1] INFO  server.RaftServerConfigKeys (ConfUtils.java:logGet(44)) - raft.server.rpc.slowness.timeout = 2s (custom)
2021-11-02 20:08:39,677 [pool-83-thread-1] INFO  server.RaftServerConfigKeys (ConfUtils.java:logGet(44)) - raft.server.leaderelection.leader.step-down.wait-time = 10s (default)
2021-11-02 20:08:39,677 [pool-83-thread-1] INFO  server.RaftServerConfigKeys (ConfUtils.java:logGet(44)) - raft.server.sleep.deviation.threshold = 300ms (default)
2021-11-02 20:08:39,677 [pool-83-thread-1] INFO  server.RaftServerConfigKeys (ConfUtils.java:logGet(44)) - raft.server.log.appender.install.snapshot.enabled = false (custom)
2021-11-02 20:08:39,678 [pool-83-thread-1] INFO  server.RaftServer$Division (ServerState.java:<init>(105)) - omNode-3@group-523986131536: ConfigurationManager, init=-1: [omNode-3|rpc:localhost:10624|priority:0, omNode-1|rpc:localhost:10612|priority:0, omNode-2|rpc:localhost:10618|priority:0], old=null, confs=<EMPTY_MAP>
2021-11-02 20:08:39,678 [pool-83-thread-1] INFO  server.RaftServerConfigKeys (ConfUtils.java:logGet(44)) - raft.server.storage.dir = [/home/runner/work/ozone/ozone/hadoop-ozone/integration-test/target/test-dir/MiniOzoneClusterImpl-76263e8f-62ab-412a-8766-4a189fbce95f/omNode-3/ratis] (custom)
2021-11-02 20:08:39,678 [pool-83-thread-1] INFO  server.RaftServerConfigKeys (ConfUtils.java:logGet(44)) - raft.server.log.corruption.policy = EXCEPTION (default)
2021-11-02 20:08:39,678 [pool-83-thread-1] INFO  server.RaftServerConfigKeys (ConfUtils.java:logGet(44)) - raft.server.storage.free-space.min = 0MB (=0) (default)
2021-11-02 20:08:39,678 [pool-83-thread-1] INFO  storage.RaftStorageDirectory (RaftStorageDirectoryImpl.java:analyzeStorage(135)) - The storage directory /home/runner/work/ozone/ozone/hadoop-ozone/integration-test/target/test-dir/MiniOzoneClusterImpl-76263e8f-62ab-412a-8766-4a189fbce95f/omNode-3/ratis/c9bc4cf4-3bc3-3c60-a66b-523986131536 does not exist. Creating ...
2021-11-02 20:08:39,682 [Listener at 127.0.0.1/10614] INFO  ipc.CallQueueManager (CallQueueManager.java:<init>(90)) - Using callQueue: class java.util.concurrent.LinkedBlockingQueue, queueCapacity: 2000, scheduler: class org.apache.hadoop.ipc.DefaultRpcScheduler, ipcBackoff: false.
2021-11-02 20:08:39,689 [pool-83-thread-1] INFO  storage.RaftStorageDirectory (RaftStorageDirectoryImpl.java:tryLock(230)) - Lock on /home/runner/work/ozone/ozone/hadoop-ozone/integration-test/target/test-dir/MiniOzoneClusterImpl-76263e8f-62ab-412a-8766-4a189fbce95f/omNode-3/ratis/c9bc4cf4-3bc3-3c60-a66b-523986131536/in_use.lock acquired by nodename 14135@fv-az270-10
2021-11-02 20:08:39,692 [Socket Reader #1 for port 10620] INFO  ipc.Server (Server.java:run(1265)) - Starting Socket Reader #1 for port 10620
2021-11-02 20:08:39,717 [pool-83-thread-1] INFO  storage.RaftStorage (RaftStorageImpl.java:format(89)) - Storage directory /home/runner/work/ozone/ozone/hadoop-ozone/integration-test/target/test-dir/MiniOzoneClusterImpl-76263e8f-62ab-412a-8766-4a189fbce95f/omNode-3/ratis/c9bc4cf4-3bc3-3c60-a66b-523986131536 has been successfully formatted.
2021-11-02 20:08:39,717 [pool-83-thread-1] INFO  server.RaftServerConfigKeys (ConfUtils.java:logGet(44)) - raft.server.notification.no-leader.timeout = 2s (custom)
2021-11-02 20:08:39,717 [pool-83-thread-1] INFO  server.RaftServerConfigKeys (ConfUtils.java:logGet(44)) - raft.server.log.use.memory = false (default)
2021-11-02 20:08:39,718 [pool-83-thread-1] INFO  server.RaftServerConfigKeys (ConfUtils.java:logGet(44)) - raft.server.log.purge.gap = 50 (custom)
2021-11-02 20:08:39,718 [pool-83-thread-1] INFO  server.RaftServerConfigKeys (ConfUtils.java:logGet(44)) - raft.server.log.appender.buffer.byte-limit = 33554432 (custom)
2021-11-02 20:08:39,718 [pool-83-thread-1] INFO  server.RaftServerConfigKeys (ConfUtils.java:logGet(44)) - raft.server.log.segment.size.max = 4194304 (custom)
2021-11-02 20:08:39,728 [pool-83-thread-1] INFO  server.RaftServerConfigKeys (ConfUtils.java:logGet(44)) - raft.server.log.segment.cache.num.max = 2 (custom)
2021-11-02 20:08:39,728 [pool-83-thread-1] INFO  server.RaftServerConfigKeys (ConfUtils.java:logGet(44)) - raft.server.log.segment.cache.size.max = 200MB (=209715200) (default)
2021-11-02 20:08:39,728 [pool-83-thread-1] INFO  segmented.SegmentedRaftLogWorker (SegmentedRaftLogWorker.java:<init>(182)) - new omNode-3@group-523986131536-SegmentedRaftLogWorker for RaftStorageImpl:Storage Directory /home/runner/work/ozone/ozone/hadoop-ozone/integration-test/target/test-dir/MiniOzoneClusterImpl-76263e8f-62ab-412a-8766-4a189fbce95f/omNode-3/ratis/c9bc4cf4-3bc3-3c60-a66b-523986131536
2021-11-02 20:08:39,728 [pool-83-thread-1] INFO  server.RaftServerConfigKeys (ConfUtils.java:logGet(44)) - raft.server.log.queue.byte-limit = 64MB (=67108864) (default)
2021-11-02 20:08:39,728 [pool-83-thread-1] INFO  server.RaftServerConfigKeys (ConfUtils.java:logGet(44)) - raft.server.log.queue.element-limit = 4096 (default)
2021-11-02 20:08:39,728 [pool-83-thread-1] INFO  server.RaftServerConfigKeys (ConfUtils.java:logGet(44)) - raft.server.log.segment.size.max = 4194304 (custom)
2021-11-02 20:08:39,733 [pool-83-thread-1] INFO  server.RaftServerConfigKeys (ConfUtils.java:logGet(44)) - raft.server.log.preallocated.size = 4194304 (custom)
2021-11-02 20:08:39,733 [pool-83-thread-1] INFO  server.RaftServerConfigKeys (ConfUtils.java:logGet(44)) - raft.server.log.force.sync.num = 128 (default)
2021-11-02 20:08:39,733 [pool-83-thread-1] INFO  server.RaftServerConfigKeys (ConfUtils.java:logGet(44)) - raft.server.log.statemachine.data.sync = true (default)
2021-11-02 20:08:39,733 [pool-83-thread-1] INFO  server.RaftServerConfigKeys (ConfUtils.java:logGet(44)) - raft.server.log.statemachine.data.sync.timeout = 10s (default)
2021-11-02 20:08:39,733 [pool-83-thread-1] INFO  server.RaftServerConfigKeys (ConfUtils.java:logGet(44)) - raft.server.log.statemachine.data.sync.timeout.retry = -1 (default)
2021-11-02 20:08:39,734 [Listener at 127.0.0.1/10620] INFO  om.OzoneManager (OzoneManager.java:initFSOLayout(3662)) - Configured ozone.om.metadata.layout=SIMPLE and disabled optimized OM FS operations
2021-11-02 20:08:39,734 [pool-83-thread-1] INFO  server.RaftServerConfigKeys (ConfUtils.java:logGet(44)) - raft.server.log.write.buffer.size = 64KB (=65536) (default)
2021-11-02 20:08:39,735 [pool-83-thread-1] INFO  server.RaftServerConfigKeys (ConfUtils.java:logGet(44)) - raft.server.log.statemachine.data.caching.enabled = false (default)
2021-11-02 20:08:39,735 [Listener at 127.0.0.1/10620] INFO  impl.MetricsSystemImpl (MetricsSystemImpl.java:init(158)) - OzoneManager metrics system started (again)
2021-11-02 20:08:39,735 [pool-83-thread-1] INFO  segmented.SegmentedRaftLogWorker (SegmentedRaftLogWorker.java:lambda$new$0(133)) - omNode-3@group-523986131536-SegmentedRaftLogWorker: flushIndex: setUnconditionally 0 -> -1
2021-11-02 20:08:39,735 [pool-83-thread-1] INFO  segmented.SegmentedRaftLogWorker (SegmentedRaftLogWorker.java:lambda$new$0(133)) - omNode-3@group-523986131536-SegmentedRaftLogWorker: safeCacheEvictIndex: setUnconditionally 0 -> -1
2021-11-02 20:08:39,743 [pool-83-thread-1] INFO  server.RaftServerConfigKeys (ConfUtils.java:logGet(44)) - raft.server.snapshot.auto.trigger.enabled = true (custom)
2021-11-02 20:08:39,743 [pool-83-thread-1] INFO  server.RaftServerConfigKeys (ConfUtils.java:logGet(44)) - raft.server.snapshot.auto.trigger.threshold = 50 (custom)
2021-11-02 20:08:39,744 [pool-83-thread-1] INFO  server.RaftServerConfigKeys (ConfUtils.java:logGet(44)) - raft.server.snapshot.retention.file.num = -1 (default)
2021-11-02 20:08:39,744 [pool-83-thread-1] INFO  server.RaftServerConfigKeys (ConfUtils.java:logGet(44)) - raft.server.log.purge.upto.snapshot.index = true (custom)
2021-11-02 20:08:39,744 [pool-83-thread-1] INFO  server.RaftServerConfigKeys (ConfUtils.java:logGet(44)) - raft.server.retrycache.expirytime = 30000ms (custom)
2021-11-02 20:08:39,744 [pool-83-thread-1] INFO  server.RaftServerConfigKeys (ConfUtils.java:logGet(44)) - raft.server.retrycache.statistics.expirytime = 100μs (default)
2021-11-02 20:08:39,749 [Listener at 127.0.0.1/10620] INFO  om.OzoneManager (OzoneManager.java:start(1322)) - OzoneManager RPC server is listening at localhost/127.0.0.1:10620
2021-11-02 20:08:39,750 [Listener at 127.0.0.1/10620] INFO  ratis.OzoneManagerRatisServer (OzoneManagerRatisServer.java:start(522)) - Starting OzoneManagerRatisServer omNode-3 at port 10624
2021-11-02 20:08:39,750 [Listener at 127.0.0.1/10620] INFO  server.RaftServer$Division (RaftServerImpl.java:start(301)) - omNode-3@group-523986131536: start as a follower, conf=-1: [omNode-3|rpc:localhost:10624|priority:0, omNode-1|rpc:localhost:10612|priority:0, omNode-2|rpc:localhost:10618|priority:0], old=null
2021-11-02 20:08:39,750 [Listener at 127.0.0.1/10620] INFO  server.RaftServer$Division (RaftServerImpl.java:setRole(290)) - omNode-3@group-523986131536: changes role from      null to FOLLOWER at term 0 for startAsFollower
2021-11-02 20:08:39,750 [Listener at 127.0.0.1/10620] INFO  impl.RoleInfo (RoleInfo.java:updateAndGet(130)) - omNode-3: start omNode-3@group-523986131536-FollowerState
2021-11-02 20:08:39,751 [Listener at 127.0.0.1/10620] INFO  util.JmxRegister (JmxRegister.java:tryRegister(44)) - Successfully registered JMX Bean with object name Ratis:service=RaftServer,group=group-523986131536,id=omNode-3
2021-11-02 20:08:39,752 [Listener at 127.0.0.1/10620] INFO  server.RaftServer (RaftServerProxy.java:lambda$start$5(374)) - omNode-3: start RPC server
2021-11-02 20:08:39,753 [Listener at 127.0.0.1/10620] INFO  server.GrpcService (GrpcService.java:startImpl(253)) - omNode-3: GrpcService started, listening on 10624
2021-11-02 20:08:39,754 [Listener at 127.0.0.1/10620] INFO  om.OzoneManager (OzoneManager.java:start(1340)) - Version File has different layout version (0) than OM DB (null). That is expected if this OM has never been finalized to a newer layout version.
2021-11-02 20:08:39,754 [org.apache.ratis.util.JvmPauseMonitor$$Lambda$523/614850410@152225dd] INFO  util.JvmPauseMonitor (JvmPauseMonitor.java:run(103)) - JvmPauseMonitor-omNode-3: Started
2021-11-02 20:08:39,758 [Listener at 127.0.0.1/10620] INFO  http.BaseHttpServer (BaseHttpServer.java:newHttpServer2BuilderForOzone(209)) - Starting Web-server for ozoneManager at: http://0.0.0.0:10622
2021-11-02 20:08:39,758 [Listener at 127.0.0.1/10620] INFO  http.BaseHttpServer (BaseHttpServer.java:<init>(107)) - Hadoop Security Enabled: false Ozone Security Enabled: false Ozone HTTP Security Enabled: false 
2021-11-02 20:08:39,759 [Listener at 127.0.0.1/10620] INFO  server.AuthenticationFilter (AuthenticationFilter.java:constructSecretProvider(240)) - Unable to initialize FileSignerSecretProvider, falling back to use random secrets.
2021-11-02 20:08:39,760 [Listener at 127.0.0.1/10620] WARN  http.HttpRequestLog (HttpRequestLog.java:getRequestLog(103)) - Jetty request log can only be enabled using Log4j
2021-11-02 20:08:39,761 [Listener at 127.0.0.1/10620] INFO  http.HttpServer2 (HttpServer2.java:addGlobalFilter(1030)) - Added global filter 'safety' (class=org.apache.hadoop.hdds.server.http.HttpServer2$QuotingInputFilter)
2021-11-02 20:08:39,762 [Listener at 127.0.0.1/10620] INFO  http.HttpServer2 (HttpServer2.java:addFilter(1006)) - Added filter static_user_filter (class=org.apache.hadoop.http.lib.StaticUserWebFilter$StaticUserFilter) to context ozoneManager
2021-11-02 20:08:39,762 [Listener at 127.0.0.1/10620] INFO  http.HttpServer2 (HttpServer2.java:addFilter(1014)) - Added filter static_user_filter (class=org.apache.hadoop.http.lib.StaticUserWebFilter$StaticUserFilter) to context logs
2021-11-02 20:08:39,762 [Listener at 127.0.0.1/10620] INFO  http.HttpServer2 (HttpServer2.java:addFilter(1014)) - Added filter static_user_filter (class=org.apache.hadoop.http.lib.StaticUserWebFilter$StaticUserFilter) to context static
2021-11-02 20:08:39,763 [Listener at 127.0.0.1/10620] INFO  http.HttpServer2 (HttpServer2.java:bindListener(1249)) - Jetty bound to port 10622
2021-11-02 20:08:39,763 [Listener at 127.0.0.1/10620] INFO  server.Server (Server.java:doStart(375)) - jetty-9.4.43.v20210629; built: 2021-06-30T11:07:22.254Z; git: 526006ecfa3af7f1a27ef3a288e2bef7ea9dd7e8; jvm 1.8.0_292-b10
2021-11-02 20:08:39,765 [Listener at 127.0.0.1/10620] INFO  server.session (DefaultSessionIdManager.java:doStart(334)) - DefaultSessionIdManager workerName=node0
2021-11-02 20:08:39,765 [Listener at 127.0.0.1/10620] INFO  server.session (DefaultSessionIdManager.java:doStart(339)) - No SessionScavenger set, using defaults
2021-11-02 20:08:39,766 [Listener at 127.0.0.1/10620] INFO  server.session (HouseKeeper.java:startScavenging(132)) - node0 Scavenging every 660000ms
2021-11-02 20:08:39,768 [Listener at 127.0.0.1/10620] INFO  handler.ContextHandler (ContextHandler.java:doStart(915)) - Started o.e.j.s.ServletContextHandler@4a3c683d{logs,/logs,file:///home/runner/work/ozone/ozone/hadoop-ozone/integration-test/target/log,AVAILABLE}
2021-11-02 20:08:39,768 [Listener at 127.0.0.1/10620] INFO  handler.ContextHandler (ContextHandler.java:doStart(915)) - Started o.e.j.s.ServletContextHandler@3e706fc2{static,/static,file:///home/runner/work/ozone/ozone/hadoop-ozone/integration-test/target/test-classes/webapps/static,AVAILABLE}
2021-11-02 20:08:39,772 [Listener at 127.0.0.1/10620] INFO  handler.ContextHandler (ContextHandler.java:doStart(915)) - Started o.e.j.w.WebAppContext@47651c28{ozoneManager,/,file:///home/runner/work/ozone/ozone/hadoop-ozone/integration-test/target/test-classes/webapps/ozoneManager/,AVAILABLE}{file:/home/runner/work/ozone/ozone/hadoop-ozone/integration-test/target/test-classes/webapps/ozoneManager}
2021-11-02 20:08:39,773 [Listener at 127.0.0.1/10620] INFO  server.AbstractConnector (AbstractConnector.java:doStart(331)) - Started ServerConnector@5a7810e1{HTTP/1.1, (http/1.1)}{0.0.0.0:10622}
2021-11-02 20:08:39,774 [Listener at 127.0.0.1/10620] INFO  server.Server (Server.java:doStart(415)) - Started @7253ms
2021-11-02 20:08:39,774 [Listener at 127.0.0.1/10620] WARN  impl.MetricsSystemImpl (MetricsSystemImpl.java:register(279)) - Sink prometheus already exists!
2021-11-02 20:08:39,774 [Listener at 127.0.0.1/10620] INFO  http.BaseHttpServer (BaseHttpServer.java:updateConnectorAddress(329)) - HTTP server of ozoneManager listening at http://0.0.0.0:10622
2021-11-02 20:08:39,775 [IPC Server Responder] INFO  ipc.Server (Server.java:run(1507)) - IPC Server Responder: starting
2021-11-02 20:08:39,780 [IPC Server listener on 10620] INFO  ipc.Server (Server.java:run(1344)) - IPC Server listener on 10620: starting
2021-11-02 20:08:39,782 [Listener at 127.0.0.1/10620] INFO  om.OzoneManager (OzoneManager.java:startTrashEmptier(1596)) - Trash Interval set to 0. Files deleted will not move to trash
2021-11-02 20:08:39,783 [Listener at 127.0.0.1/10620] INFO  ozone.MiniOzoneHAClusterImpl (MiniOzoneHAClusterImpl.java:createOMService(485)) - Started OzoneManager omNode-3 RPC server at localhost/127.0.0.1:10620
2021-11-02 20:08:39,783 [org.apache.hadoop.util.JvmPauseMonitor$Monitor@73cf33bd] INFO  util.JvmPauseMonitor (JvmPauseMonitor.java:run(188)) - Starting JVM pause monitor
2021-11-02 20:08:39,932 [Listener at 127.0.0.1/10620] WARN  impl.MetricRegistriesImpl (MetricRegistriesImpl.java:addReporterRegistration(111)) - New reporters are added after registries were created. Some metrics will be missing from the reporter. Please add reporter before adding any new registry.
2021-11-02 20:08:39,932 [Listener at 127.0.0.1/10620] WARN  impl.MetricRegistriesImpl (MetricRegistriesImpl.java:addReporterRegistration(111)) - New reporters are added after registries were created. Some metrics will be missing from the reporter. Please add reporter before adding any new registry.
2021-11-02 20:08:39,932 [Listener at 127.0.0.1/10620] INFO  impl.MetricsSystemImpl (MetricsSystemImpl.java:init(158)) - HddsDatanode metrics system started (again)
2021-11-02 20:08:39,950 [Listener at 127.0.0.1/10620] INFO  ozone.HddsDatanodeService (HddsDatanodeService.java:start(234)) - HddsDatanodeService host:fv-az270-10.tacnzluakwdehk1hpragurqkma.bx.internal.cloudapp.net ip:10.1.0.43
2021-11-02 20:08:39,980 [Listener at 127.0.0.1/10620] INFO  upgrade.AbstractLayoutVersionManager (AbstractLayoutVersionManager.java:init(79)) - Initializing Layout version manager with metadata layout = SCM_HA (version = 2), software layout = SCM_HA (version = 2)
2021-11-02 20:08:40,024 [Listener at 127.0.0.1/10620] INFO  reflections.Reflections (Reflections.java:scan(232)) - Reflections took 43 ms to scan 7 urls, producing 119 keys and 279 values 
2021-11-02 20:08:40,028 [Listener at 127.0.0.1/10620] INFO  statemachine.DatanodeStateMachine (DatanodeStateMachine.java:getEndPointTaskThreadPoolSize(219)) - Datanode State Machine Task Thread Pool size 2
2021-11-02 20:08:40,041 [omNode-1@group-523986131536-FollowerState] INFO  impl.FollowerState (FollowerState.java:run(134)) - omNode-1@group-523986131536-FollowerState: change to CANDIDATE, lastRpcElapsedTime:1153528449ns, electionTimeout:1146ms
2021-11-02 20:08:40,042 [omNode-1@group-523986131536-FollowerState] INFO  impl.RoleInfo (RoleInfo.java:shutdownFollowerState(108)) - omNode-1: shutdown omNode-1@group-523986131536-FollowerState
2021-11-02 20:08:40,043 [omNode-1@group-523986131536-FollowerState] INFO  server.RaftServer$Division (RaftServerImpl.java:setRole(290)) - omNode-1@group-523986131536: changes role from  FOLLOWER to CANDIDATE at term 0 for changeToCandidate
2021-11-02 20:08:40,046 [omNode-1@group-523986131536-FollowerState] INFO  server.RaftServerConfigKeys (ConfUtils.java:logGet(44)) - raft.server.leaderelection.pre-vote = false (custom)
2021-11-02 20:08:40,046 [omNode-1@group-523986131536-FollowerState] INFO  impl.RoleInfo (RoleInfo.java:updateAndGet(130)) - omNode-1: start omNode-1@group-523986131536-LeaderElection1
2021-11-02 20:08:40,063 [omNode-1@group-523986131536-LeaderElection1] INFO  impl.LeaderElection (LeaderElection.java:askForVotes(306)) - omNode-1@group-523986131536-LeaderElection1 ELECTION round 0: submit vote requests at term 1 for -1: [omNode-3|rpc:localhost:10624|priority:0, omNode-1|rpc:localhost:10612|priority:0, omNode-2|rpc:localhost:10618|priority:0], old=null
2021-11-02 20:08:40,124 [Listener at 127.0.0.1/10620] INFO  volume.HddsVolume (HddsVolume.java:<init>(120)) - Creating HddsVolume: /home/runner/work/ozone/ozone/hadoop-ozone/integration-test/target/test-dir/MiniOzoneClusterImpl-76263e8f-62ab-412a-8766-4a189fbce95f/datanode-0/data-0/containers/hdds of storage type : DISK capacity : 9223372036854775807
2021-11-02 20:08:40,127 [Listener at 127.0.0.1/10620] INFO  volume.MutableVolumeSet (MutableVolumeSet.java:initializeVolumeSet(168)) - Added Volume : /home/runner/work/ozone/ozone/hadoop-ozone/integration-test/target/test-dir/MiniOzoneClusterImpl-76263e8f-62ab-412a-8766-4a189fbce95f/datanode-0/data-0/containers/hdds to VolumeSet
2021-11-02 20:08:40,128 [Listener at 127.0.0.1/10620] INFO  volume.ThrottledAsyncChecker (ThrottledAsyncChecker.java:schedule(141)) - Scheduling a check for /home/runner/work/ozone/ozone/hadoop-ozone/integration-test/target/test-dir/MiniOzoneClusterImpl-76263e8f-62ab-412a-8766-4a189fbce95f/datanode-0/data-0/containers/hdds
2021-11-02 20:08:40,175 [Listener at 127.0.0.1/10620] INFO  volume.StorageVolumeChecker (StorageVolumeChecker.java:checkAllVolumes(202)) - Scheduled health check for volume /home/runner/work/ozone/ozone/hadoop-ozone/integration-test/target/test-dir/MiniOzoneClusterImpl-76263e8f-62ab-412a-8766-4a189fbce95f/datanode-0/data-0/containers/hdds
2021-11-02 20:08:40,379 [org.apache.ratis.util.JvmPauseMonitor$$Lambda$523/614850410@152225dd] WARN  util.JvmPauseMonitor (JvmPauseMonitor.java:detectPause(124)) - JvmPauseMonitor-omNode-3: Detected pause in JVM or host machine (eg GC): pause of approximately 116760070ns.
GC pool 'PS MarkSweep' had collection(s): count=1 time=161ms
GC pool 'PS Scavenge' had collection(s): count=1 time=13ms
2021-11-02 20:08:40,387 [Listener at 127.0.0.1/10620] INFO  volume.MutableVolumeSet (MutableVolumeSet.java:initializeVolumeSet(168)) - Added Volume : /home/runner/work/ozone/ozone/hadoop-ozone/integration-test/target/test-dir/MiniOzoneClusterImpl-76263e8f-62ab-412a-8766-4a189fbce95f/datanode-0/data/ratis to VolumeSet
2021-11-02 20:08:40,395 [Listener at 127.0.0.1/10620] INFO  volume.ThrottledAsyncChecker (ThrottledAsyncChecker.java:schedule(141)) - Scheduling a check for /home/runner/work/ozone/ozone/hadoop-ozone/integration-test/target/test-dir/MiniOzoneClusterImpl-76263e8f-62ab-412a-8766-4a189fbce95f/datanode-0/data/ratis
2021-11-02 20:08:40,395 [Listener at 127.0.0.1/10620] INFO  volume.StorageVolumeChecker (StorageVolumeChecker.java:checkAllVolumes(202)) - Scheduled health check for volume /home/runner/work/ozone/ozone/hadoop-ozone/integration-test/target/test-dir/MiniOzoneClusterImpl-76263e8f-62ab-412a-8766-4a189fbce95f/datanode-0/data/ratis
2021-11-02 20:08:40,399 [omNode-2@group-523986131536-FollowerState] INFO  impl.FollowerState (FollowerState.java:run(134)) - omNode-2@group-523986131536-FollowerState: change to CANDIDATE, lastRpcElapsedTime:1030620456ns, electionTimeout:1027ms
2021-11-02 20:08:40,408 [omNode-2@group-523986131536-FollowerState] INFO  impl.RoleInfo (RoleInfo.java:shutdownFollowerState(108)) - omNode-2: shutdown omNode-2@group-523986131536-FollowerState
2021-11-02 20:08:40,408 [omNode-2@group-523986131536-FollowerState] INFO  server.RaftServer$Division (RaftServerImpl.java:setRole(290)) - omNode-2@group-523986131536: changes role from  FOLLOWER to CANDIDATE at term 0 for changeToCandidate
2021-11-02 20:08:40,408 [omNode-2@group-523986131536-FollowerState] INFO  server.RaftServerConfigKeys (ConfUtils.java:logGet(44)) - raft.server.leaderelection.pre-vote = false (custom)
2021-11-02 20:08:40,408 [omNode-2@group-523986131536-FollowerState] INFO  impl.RoleInfo (RoleInfo.java:updateAndGet(130)) - omNode-2: start omNode-2@group-523986131536-LeaderElection2
2021-11-02 20:08:40,426 [omNode-2@group-523986131536-LeaderElection2] INFO  impl.LeaderElection (LeaderElection.java:askForVotes(306)) - omNode-2@group-523986131536-LeaderElection2 ELECTION round 0: submit vote requests at term 1 for -1: [omNode-3|rpc:localhost:10624|priority:0, omNode-1|rpc:localhost:10612|priority:0, omNode-2|rpc:localhost:10618|priority:0], old=null
2021-11-02 20:08:40,498 [Thread-221] INFO  ozoneimpl.ContainerReader (ContainerReader.java:readVolume(172)) - Finish verifying containers on volume /home/runner/work/ozone/ozone/hadoop-ozone/integration-test/target/test-dir/MiniOzoneClusterImpl-76263e8f-62ab-412a-8766-4a189fbce95f/datanode-0/data-0/containers/hdds
2021-11-02 20:08:40,498 [Listener at 127.0.0.1/10620] INFO  ozoneimpl.OzoneContainer (OzoneContainer.java:buildContainerSet(236)) - Build ContainerSet costs 0s
2021-11-02 20:08:40,671 [Listener at 127.0.0.1/10620] INFO  server.RaftServer (ConfUtils.java:logGet(44)) - raft.rpc.type = GRPC (default)
2021-11-02 20:08:40,671 [Listener at 127.0.0.1/10620] INFO  grpc.GrpcFactory (GrpcFactory.java:checkPooledByteBufAllocatorUseCacheForAllThreads(48)) - PERFORMANCE WARNING: useCacheForAllThreads is true that may cause Netty to create a lot garbage objects and, as a result, trigger GC.
	It is recommended to disable useCacheForAllThreads by setting -Dorg.apache.ratis.thirdparty.io.netty.allocator.useCacheForAllThreads=false in command line.
2021-11-02 20:08:40,672 [Listener at 127.0.0.1/10620] INFO  grpc.GrpcConfigKeys (ConfUtils.java:logGet(44)) - raft.grpc.admin.port = 0 (custom)
2021-11-02 20:08:40,675 [Listener at 127.0.0.1/10620] INFO  grpc.GrpcConfigKeys (ConfUtils.java:logGet(44)) - raft.grpc.client.port = 0 (custom)
2021-11-02 20:08:40,676 [Listener at 127.0.0.1/10620] INFO  grpc.GrpcConfigKeys (ConfUtils.java:logGet(44)) - raft.grpc.server.port = 0 (default)
2021-11-02 20:08:40,676 [Listener at 127.0.0.1/10620] INFO  server.GrpcService (ConfUtils.java:logGet(44)) - raft.grpc.message.size.max = 32MB (=33554432) (custom)
2021-11-02 20:08:40,676 [Listener at 127.0.0.1/10620] INFO  server.RaftServerConfigKeys (ConfUtils.java:logGet(44)) - raft.server.log.appender.buffer.byte-limit = 33554432 (custom)
2021-11-02 20:08:40,676 [Listener at 127.0.0.1/10620] INFO  server.GrpcService (ConfUtils.java:logGet(44)) - raft.grpc.flow.control.window = 5MB (=5242880) (custom)
2021-11-02 20:08:40,677 [Listener at 127.0.0.1/10620] INFO  server.RaftServerConfigKeys (ConfUtils.java:logGet(44)) - raft.server.rpc.request.timeout = 60s (custom)
2021-11-02 20:08:40,681 [Listener at 127.0.0.1/10620] INFO  impl.DataStreamServerImpl (ConfUtils.java:logGet(44)) - raft.datastream.type = DISABLED (default)
2021-11-02 20:08:40,681 [Listener at 127.0.0.1/10620] INFO  server.RaftServerConfigKeys (ConfUtils.java:logGet(44)) - raft.server.rpc.slowness.timeout = 300s (custom)
2021-11-02 20:08:40,681 [Listener at 127.0.0.1/10620] INFO  server.RaftServerConfigKeys (ConfUtils.java:logGet(44)) - raft.server.leaderelection.leader.step-down.wait-time = 10s (default)
2021-11-02 20:08:40,681 [Listener at 127.0.0.1/10620] INFO  server.RaftServerConfigKeys (ConfUtils.java:logGet(44)) - raft.server.storage.dir = [/home/runner/work/ozone/ozone/hadoop-ozone/integration-test/target/test-dir/MiniOzoneClusterImpl-76263e8f-62ab-412a-8766-4a189fbce95f/datanode-0/data/ratis] (custom)
2021-11-02 20:08:40,758 [Listener at 127.0.0.1/10620] INFO  http.BaseHttpServer (BaseHttpServer.java:newHttpServer2BuilderForOzone(209)) - Starting Web-server for hddsDatanode at: http://0.0.0.0:0
2021-11-02 20:08:40,759 [Listener at 127.0.0.1/10620] INFO  http.BaseHttpServer (BaseHttpServer.java:<init>(107)) - Hadoop Security Enabled: false Ozone Security Enabled: false Ozone HTTP Security Enabled: false 
2021-11-02 20:08:40,760 [Listener at 127.0.0.1/10620] INFO  server.AuthenticationFilter (AuthenticationFilter.java:constructSecretProvider(240)) - Unable to initialize FileSignerSecretProvider, falling back to use random secrets.
2021-11-02 20:08:40,761 [Listener at 127.0.0.1/10620] WARN  http.HttpRequestLog (HttpRequestLog.java:getRequestLog(103)) - Jetty request log can only be enabled using Log4j
2021-11-02 20:08:40,762 [Listener at 127.0.0.1/10620] INFO  http.HttpServer2 (HttpServer2.java:addGlobalFilter(1030)) - Added global filter 'safety' (class=org.apache.hadoop.hdds.server.http.HttpServer2$QuotingInputFilter)
2021-11-02 20:08:40,763 [Listener at 127.0.0.1/10620] INFO  http.HttpServer2 (HttpServer2.java:addFilter(1006)) - Added filter static_user_filter (class=org.apache.hadoop.http.lib.StaticUserWebFilter$StaticUserFilter) to context hddsDatanode
2021-11-02 20:08:40,763 [Listener at 127.0.0.1/10620] INFO  http.HttpServer2 (HttpServer2.java:addFilter(1014)) - Added filter static_user_filter (class=org.apache.hadoop.http.lib.StaticUserWebFilter$StaticUserFilter) to context static
2021-11-02 20:08:40,763 [Listener at 127.0.0.1/10620] INFO  http.HttpServer2 (HttpServer2.java:addFilter(1014)) - Added filter static_user_filter (class=org.apache.hadoop.http.lib.StaticUserWebFilter$StaticUserFilter) to context logs
2021-11-02 20:08:40,764 [Listener at 127.0.0.1/10620] INFO  http.HttpServer2 (HttpServer2.java:bindListener(1249)) - Jetty bound to port 39577
2021-11-02 20:08:40,764 [Listener at 127.0.0.1/10620] INFO  server.Server (Server.java:doStart(375)) - jetty-9.4.43.v20210629; built: 2021-06-30T11:07:22.254Z; git: 526006ecfa3af7f1a27ef3a288e2bef7ea9dd7e8; jvm 1.8.0_292-b10
2021-11-02 20:08:40,804 [Listener at 127.0.0.1/10620] INFO  server.session (DefaultSessionIdManager.java:doStart(334)) - DefaultSessionIdManager workerName=node0
2021-11-02 20:08:40,804 [Listener at 127.0.0.1/10620] INFO  server.session (DefaultSessionIdManager.java:doStart(339)) - No SessionScavenger set, using defaults
2021-11-02 20:08:40,804 [Listener at 127.0.0.1/10620] INFO  server.session (HouseKeeper.java:startScavenging(132)) - node0 Scavenging every 660000ms
2021-11-02 20:08:40,808 [Listener at 127.0.0.1/10620] INFO  handler.ContextHandler (ContextHandler.java:doStart(915)) - Started o.e.j.s.ServletContextHandler@549d1a11{logs,/logs,file:///home/runner/work/ozone/ozone/hadoop-ozone/integration-test/target/log,AVAILABLE}
2021-11-02 20:08:40,808 [Listener at 127.0.0.1/10620] INFO  handler.ContextHandler (ContextHandler.java:doStart(915)) - Started o.e.j.s.ServletContextHandler@717646f1{static,/static,jar:file:/home/runner/.m2/repository/org/apache/ozone/hdds-container-service/1.2.0-SNAPSHOT/hdds-container-service-1.2.0-SNAPSHOT.jar!/webapps/static,AVAILABLE}
2021-11-02 20:08:40,826 [omNode-3@group-523986131536-FollowerState] INFO  impl.FollowerState (FollowerState.java:run(134)) - omNode-3@group-523986131536-FollowerState: change to CANDIDATE, lastRpcElapsedTime:1075342663ns, electionTimeout:1074ms
2021-11-02 20:08:40,826 [omNode-3@group-523986131536-FollowerState] INFO  impl.RoleInfo (RoleInfo.java:shutdownFollowerState(108)) - omNode-3: shutdown omNode-3@group-523986131536-FollowerState
2021-11-02 20:08:40,826 [omNode-3@group-523986131536-FollowerState] INFO  server.RaftServer$Division (RaftServerImpl.java:setRole(290)) - omNode-3@group-523986131536: changes role from  FOLLOWER to CANDIDATE at term 0 for changeToCandidate
2021-11-02 20:08:40,826 [omNode-3@group-523986131536-FollowerState] INFO  server.RaftServerConfigKeys (ConfUtils.java:logGet(44)) - raft.server.leaderelection.pre-vote = false (custom)
2021-11-02 20:08:40,826 [omNode-3@group-523986131536-FollowerState] INFO  impl.RoleInfo (RoleInfo.java:updateAndGet(130)) - omNode-3: start omNode-3@group-523986131536-LeaderElection3
2021-11-02 20:08:40,844 [omNode-3@group-523986131536-LeaderElection3] INFO  impl.LeaderElection (LeaderElection.java:askForVotes(306)) - omNode-3@group-523986131536-LeaderElection3 ELECTION round 0: submit vote requests at term 1 for -1: [omNode-3|rpc:localhost:10624|priority:0, omNode-1|rpc:localhost:10612|priority:0, omNode-2|rpc:localhost:10618|priority:0], old=null
2021-11-02 20:08:40,979 [Listener at 127.0.0.1/10620] INFO  handler.ContextHandler (ContextHandler.java:doStart(915)) - Started o.e.j.w.WebAppContext@fc71426{hddsDatanode,/,file:///tmp/jetty-0_0_0_0-39577-hdds-container-service-1_2_0-SNAPSHOT_jar-_-any-6039551802691567533/webapp/,AVAILABLE}{jar:file:/home/runner/.m2/repository/org/apache/ozone/hdds-container-service/1.2.0-SNAPSHOT/hdds-container-service-1.2.0-SNAPSHOT.jar!/webapps/hddsDatanode}
2021-11-02 20:08:41,000 [Listener at 127.0.0.1/10620] INFO  server.AbstractConnector (AbstractConnector.java:doStart(331)) - Started ServerConnector@68819fae{HTTP/1.1, (http/1.1)}{0.0.0.0:39577}
2021-11-02 20:08:41,000 [Listener at 127.0.0.1/10620] INFO  server.Server (Server.java:doStart(415)) - Started @8480ms
2021-11-02 20:08:41,001 [Listener at 127.0.0.1/10620] WARN  impl.MetricsSystemImpl (MetricsSystemImpl.java:register(279)) - Sink prometheus already exists!
2021-11-02 20:08:41,001 [Listener at 127.0.0.1/10620] INFO  http.BaseHttpServer (BaseHttpServer.java:updateConnectorAddress(329)) - HTTP server of hddsDatanode listening at http://0.0.0.0:39577
2021-11-02 20:08:41,013 [Listener at 127.0.0.1/10620] WARN  impl.MetricRegistriesImpl (MetricRegistriesImpl.java:addReporterRegistration(111)) - New reporters are added after registries were created. Some metrics will be missing from the reporter. Please add reporter before adding any new registry.
2021-11-02 20:08:41,013 [Listener at 127.0.0.1/10620] WARN  impl.MetricRegistriesImpl (MetricRegistriesImpl.java:addReporterRegistration(111)) - New reporters are added after registries were created. Some metrics will be missing from the reporter. Please add reporter before adding any new registry.
2021-11-02 20:08:41,013 [Listener at 127.0.0.1/10620] INFO  impl.MetricsSystemImpl (MetricsSystemImpl.java:init(158)) - HddsDatanode metrics system started (again)
2021-11-02 20:08:41,014 [Datanode State Machine Daemon Thread] INFO  statemachine.DatanodeStateMachine (DatanodeStateMachine.java:lambda$startDaemon$0(467)) - Ozone container server started.
2021-11-02 20:08:41,041 [org.apache.hadoop.util.JvmPauseMonitor$Monitor@c9e8759] INFO  util.JvmPauseMonitor (JvmPauseMonitor.java:run(188)) - Starting JVM pause monitor
2021-11-02 20:08:41,082 [Listener at 127.0.0.1/10620] INFO  ozone.HddsDatanodeService (HddsDatanodeService.java:start(234)) - HddsDatanodeService host:fv-az270-10.tacnzluakwdehk1hpragurqkma.bx.internal.cloudapp.net ip:10.1.0.43
2021-11-02 20:08:41,152 [grpc-default-executor-2] INFO  server.RaftServer$Division (RaftServerImpl.java:requestVote(1046)) - omNode-3@group-523986131536: receive requestVote(ELECTION, omNode-2, group-523986131536, 1, (t:0, i:~))
2021-11-02 20:08:41,155 [grpc-default-executor-1] INFO  server.RaftServer$Division (RaftServerImpl.java:requestVote(1046)) - omNode-2@group-523986131536: receive requestVote(ELECTION, omNode-1, group-523986131536, 1, (t:0, i:~))
2021-11-02 20:08:41,156 [grpc-default-executor-3] INFO  server.RaftServer$Division (RaftServerImpl.java:requestVote(1046)) - omNode-2@group-523986131536: receive requestVote(ELECTION, omNode-3, group-523986131536, 1, (t:0, i:~))
2021-11-02 20:08:41,157 [grpc-default-executor-5] INFO  server.RaftServer$Division (RaftServerImpl.java:requestVote(1046)) - omNode-1@group-523986131536: receive requestVote(ELECTION, omNode-2, group-523986131536, 1, (t:0, i:~))
2021-11-02 20:08:41,157 [grpc-default-executor-0] INFO  server.RaftServer$Division (RaftServerImpl.java:requestVote(1046)) - omNode-1@group-523986131536: receive requestVote(ELECTION, omNode-3, group-523986131536, 1, (t:0, i:~))
2021-11-02 20:08:41,158 [grpc-default-executor-0] INFO  impl.VoteContext (VoteContext.java:log(48)) - omNode-1@group-523986131536-CANDIDATE: reject ELECTION from omNode-3: already has voted for omNode-1 at current term 1
2021-11-02 20:08:41,159 [grpc-default-executor-2] INFO  impl.VoteContext (VoteContext.java:log(48)) - omNode-3@group-523986131536-CANDIDATE: reject ELECTION from omNode-2: already has voted for omNode-3 at current term 1
2021-11-02 20:08:41,166 [grpc-default-executor-4] INFO  server.RaftServer$Division (RaftServerImpl.java:requestVote(1046)) - omNode-3@group-523986131536: receive requestVote(ELECTION, omNode-1, group-523986131536, 1, (t:0, i:~))
2021-11-02 20:08:41,167 [grpc-default-executor-1] INFO  impl.VoteContext (VoteContext.java:log(48)) - omNode-2@group-523986131536-CANDIDATE: reject ELECTION from omNode-1: already has voted for omNode-2 at current term 1
2021-11-02 20:08:41,167 [Listener at 127.0.0.1/10620] INFO  upgrade.AbstractLayoutVersionManager (AbstractLayoutVersionManager.java:init(79)) - Initializing Layout version manager with metadata layout = SCM_HA (version = 2), software layout = SCM_HA (version = 2)
2021-11-02 20:08:41,178 [grpc-default-executor-1] INFO  server.RaftServer$Division (RaftServerImpl.java:requestVote(1078)) - omNode-2@group-523986131536 replies to ELECTION vote request: omNode-1<-omNode-2#0:FAIL-t1. Peer's state: omNode-2@group-523986131536:t1, leader=null, voted=omNode-2, raftlog=omNode-2@group-523986131536-SegmentedRaftLog:OPENED:c-1, conf=-1: [omNode-3|rpc:localhost:10624|priority:0, omNode-1|rpc:localhost:10612|priority:0, omNode-2|rpc:localhost:10618|priority:0], old=null
2021-11-02 20:08:41,178 [grpc-default-executor-3] INFO  impl.VoteContext (VoteContext.java:log(48)) - omNode-2@group-523986131536-CANDIDATE: reject ELECTION from omNode-3: already has voted for omNode-2 at current term 1
2021-11-02 20:08:41,178 [grpc-default-executor-3] INFO  server.RaftServer$Division (RaftServerImpl.java:requestVote(1078)) - omNode-2@group-523986131536 replies to ELECTION vote request: omNode-3<-omNode-2#0:FAIL-t1. Peer's state: omNode-2@group-523986131536:t1, leader=null, voted=omNode-2, raftlog=omNode-2@group-523986131536-SegmentedRaftLog:OPENED:c-1, conf=-1: [omNode-3|rpc:localhost:10624|priority:0, omNode-1|rpc:localhost:10612|priority:0, omNode-2|rpc:localhost:10618|priority:0], old=null
2021-11-02 20:08:41,178 [grpc-default-executor-2] INFO  server.RaftServer$Division (RaftServerImpl.java:requestVote(1078)) - omNode-3@group-523986131536 replies to ELECTION vote request: omNode-2<-omNode-3#0:FAIL-t1. Peer's state: omNode-3@group-523986131536:t1, leader=null, voted=omNode-3, raftlog=omNode-3@group-523986131536-SegmentedRaftLog:OPENED:c-1, conf=-1: [omNode-3|rpc:localhost:10624|priority:0, omNode-1|rpc:localhost:10612|priority:0, omNode-2|rpc:localhost:10618|priority:0], old=null
2021-11-02 20:08:41,178 [grpc-default-executor-0] INFO  server.RaftServer$Division (RaftServerImpl.java:requestVote(1078)) - omNode-1@group-523986131536 replies to ELECTION vote request: omNode-3<-omNode-1#0:FAIL-t1. Peer's state: omNode-1@group-523986131536:t1, leader=null, voted=omNode-1, raftlog=omNode-1@group-523986131536-SegmentedRaftLog:OPENED:c-1, conf=-1: [omNode-3|rpc:localhost:10624|priority:0, omNode-1|rpc:localhost:10612|priority:0, omNode-2|rpc:localhost:10618|priority:0], old=null
2021-11-02 20:08:41,201 [grpc-default-executor-4] INFO  impl.VoteContext (VoteContext.java:log(48)) - omNode-3@group-523986131536-CANDIDATE: reject ELECTION from omNode-1: already has voted for omNode-3 at current term 1
2021-11-02 20:08:41,201 [grpc-default-executor-4] INFO  server.RaftServer$Division (RaftServerImpl.java:requestVote(1078)) - omNode-3@group-523986131536 replies to ELECTION vote request: omNode-1<-omNode-3#0:FAIL-t1. Peer's state: omNode-3@group-523986131536:t1, leader=null, voted=omNode-3, raftlog=omNode-3@group-523986131536-SegmentedRaftLog:OPENED:c-1, conf=-1: [omNode-3|rpc:localhost:10624|priority:0, omNode-1|rpc:localhost:10612|priority:0, omNode-2|rpc:localhost:10618|priority:0], old=null
2021-11-02 20:08:41,202 [grpc-default-executor-5] INFO  impl.VoteContext (VoteContext.java:log(48)) - omNode-1@group-523986131536-CANDIDATE: reject ELECTION from omNode-2: already has voted for omNode-1 at current term 1
2021-11-02 20:08:41,203 [grpc-default-executor-5] INFO  server.RaftServer$Division (RaftServerImpl.java:requestVote(1078)) - omNode-1@group-523986131536 replies to ELECTION vote request: omNode-2<-omNode-1#0:FAIL-t1. Peer's state: omNode-1@group-523986131536:t1, leader=null, voted=omNode-1, raftlog=omNode-1@group-523986131536-SegmentedRaftLog:OPENED:c-1, conf=-1: [omNode-3|rpc:localhost:10624|priority:0, omNode-1|rpc:localhost:10612|priority:0, omNode-2|rpc:localhost:10618|priority:0], old=null
2021-11-02 20:08:41,219 [omNode-1@group-523986131536-LeaderElection1] INFO  impl.LeaderElection (LeaderElection.java:logAndReturn(89)) - omNode-1@group-523986131536-LeaderElection1: ELECTION TIMEOUT received 0 response(s) and 0 exception(s):
2021-11-02 20:08:41,219 [omNode-1@group-523986131536-LeaderElection1] INFO  impl.LeaderElection (LeaderElection.java:askForVotes(308)) - omNode-1@group-523986131536-LeaderElection1 ELECTION round 0: result TIMEOUT
2021-11-02 20:08:41,223 [omNode-1@group-523986131536-LeaderElection1] INFO  impl.LeaderElection (LeaderElection.java:askForVotes(306)) - omNode-1@group-523986131536-LeaderElection1 ELECTION round 1: submit vote requests at term 2 for -1: [omNode-3|rpc:localhost:10624|priority:0, omNode-1|rpc:localhost:10612|priority:0, omNode-2|rpc:localhost:10618|priority:0], old=null
2021-11-02 20:08:41,253 [omNode-3@group-523986131536-LeaderElection3] INFO  impl.LeaderElection (LeaderElection.java:logAndReturn(89)) - omNode-3@group-523986131536-LeaderElection3: ELECTION REJECTED received 2 response(s) and 0 exception(s):
2021-11-02 20:08:41,259 [omNode-3@group-523986131536-LeaderElection3] INFO  impl.LeaderElection (LeaderElection.java:logAndReturn(93)) -   Response 0: omNode-3<-omNode-1#0:FAIL-t1
2021-11-02 20:08:41,260 [omNode-3@group-523986131536-LeaderElection3] INFO  impl.LeaderElection (LeaderElection.java:logAndReturn(93)) -   Response 1: omNode-3<-omNode-2#0:FAIL-t1
2021-11-02 20:08:41,260 [omNode-3@group-523986131536-LeaderElection3] INFO  impl.LeaderElection (LeaderElection.java:askForVotes(308)) - omNode-3@group-523986131536-LeaderElection3 ELECTION round 0: result REJECTED
2021-11-02 20:08:41,260 [omNode-3@group-523986131536-LeaderElection3] INFO  server.RaftServer$Division (RaftServerImpl.java:setRole(290)) - omNode-3@group-523986131536: changes role from CANDIDATE to FOLLOWER at term 1 for REJECTED
2021-11-02 20:08:41,260 [omNode-3@group-523986131536-LeaderElection3] INFO  impl.RoleInfo (RoleInfo.java:shutdownLeaderElection(121)) - omNode-3: shutdown omNode-3@group-523986131536-LeaderElection3
2021-11-02 20:08:41,261 [omNode-3@group-523986131536-LeaderElection3] INFO  impl.RoleInfo (RoleInfo.java:updateAndGet(130)) - omNode-3: start omNode-3@group-523986131536-FollowerState
2021-11-02 20:08:41,254 [grpc-default-executor-1] INFO  server.RaftServer$Division (RaftServerImpl.java:requestVote(1046)) - omNode-2@group-523986131536: receive requestVote(ELECTION, omNode-1, group-523986131536, 2, (t:0, i:~))
2021-11-02 20:08:41,262 [grpc-default-executor-1] INFO  impl.VoteContext (VoteContext.java:log(48)) - omNode-2@group-523986131536-CANDIDATE: accept ELECTION from omNode-1: our priority 0 <= candidate's priority 0
2021-11-02 20:08:41,262 [grpc-default-executor-1] INFO  server.RaftServer$Division (RaftServerImpl.java:setRole(290)) - omNode-2@group-523986131536: changes role from CANDIDATE to FOLLOWER at term 2 for candidate:omNode-1
2021-11-02 20:08:41,262 [grpc-default-executor-1] INFO  impl.RoleInfo (RoleInfo.java:shutdownLeaderElection(121)) - omNode-2: shutdown omNode-2@group-523986131536-LeaderElection2
2021-11-02 20:08:41,262 [grpc-default-executor-0] INFO  server.RaftServer$Division (RaftServerImpl.java:requestVote(1046)) - omNode-3@group-523986131536: receive requestVote(ELECTION, omNode-1, group-523986131536, 2, (t:0, i:~))
2021-11-02 20:08:41,262 [grpc-default-executor-0] INFO  impl.VoteContext (VoteContext.java:log(48)) - omNode-3@group-523986131536-FOLLOWER: accept ELECTION from omNode-1: our priority 0 <= candidate's priority 0
2021-11-02 20:08:41,263 [grpc-default-executor-0] INFO  server.RaftServer$Division (RaftServerImpl.java:setRole(290)) - omNode-3@group-523986131536: changes role from  FOLLOWER to FOLLOWER at term 2 for candidate:omNode-1
2021-11-02 20:08:41,263 [grpc-default-executor-0] INFO  impl.RoleInfo (RoleInfo.java:shutdownFollowerState(108)) - omNode-3: shutdown omNode-3@group-523986131536-FollowerState
2021-11-02 20:08:41,263 [grpc-default-executor-0] INFO  impl.RoleInfo (RoleInfo.java:updateAndGet(130)) - omNode-3: start omNode-3@group-523986131536-FollowerState
2021-11-02 20:08:41,267 [grpc-default-executor-0] INFO  server.RaftServer$Division (RaftServerImpl.java:requestVote(1078)) - omNode-3@group-523986131536 replies to ELECTION vote request: omNode-1<-omNode-3#0:OK-t2. Peer's state: omNode-3@group-523986131536:t2, leader=null, voted=omNode-1, raftlog=omNode-3@group-523986131536-SegmentedRaftLog:OPENED:c-1, conf=-1: [omNode-3|rpc:localhost:10624|priority:0, omNode-1|rpc:localhost:10612|priority:0, omNode-2|rpc:localhost:10618|priority:0], old=null
2021-11-02 20:08:41,271 [omNode-1@group-523986131536-LeaderElection1] INFO  impl.LeaderElection (LeaderElection.java:logAndReturn(89)) - omNode-1@group-523986131536-LeaderElection1: ELECTION PASSED received 1 response(s) and 0 exception(s):
2021-11-02 20:08:41,272 [omNode-1@group-523986131536-LeaderElection1] INFO  impl.LeaderElection (LeaderElection.java:logAndReturn(93)) -   Response 0: omNode-1<-omNode-3#0:OK-t2
2021-11-02 20:08:41,272 [omNode-1@group-523986131536-LeaderElection1] INFO  impl.LeaderElection (LeaderElection.java:askForVotes(308)) - omNode-1@group-523986131536-LeaderElection1 ELECTION round 1: result PASSED
2021-11-02 20:08:41,272 [omNode-1@group-523986131536-LeaderElection1] INFO  impl.RoleInfo (RoleInfo.java:shutdownLeaderElection(121)) - omNode-1: shutdown omNode-1@group-523986131536-LeaderElection1
2021-11-02 20:08:41,272 [omNode-1@group-523986131536-LeaderElection1] INFO  server.RaftServer$Division (RaftServerImpl.java:setRole(290)) - omNode-1@group-523986131536: changes role from CANDIDATE to LEADER at term 2 for changeToLeader
2021-11-02 20:08:41,272 [omNode-1@group-523986131536-LeaderElection1] INFO  server.RaftServer$Division (ServerState.java:setLeader(285)) - omNode-1@group-523986131536: change Leader from null to omNode-1 at term 2 for becomeLeader, leader elected after 2516ms
2021-11-02 20:08:41,276 [grpc-default-executor-1] INFO  impl.RoleInfo (RoleInfo.java:updateAndGet(130)) - omNode-2: start omNode-2@group-523986131536-FollowerState
2021-11-02 20:08:41,276 [omNode-2@group-523986131536-LeaderElection2] INFO  impl.LeaderElection (LeaderElection.java:logAndReturn(89)) - omNode-2@group-523986131536-LeaderElection2: ELECTION REJECTED received 2 response(s) and 0 exception(s):
2021-11-02 20:08:41,276 [omNode-2@group-523986131536-LeaderElection2] INFO  impl.LeaderElection (LeaderElection.java:logAndReturn(93)) -   Response 0: omNode-2<-omNode-3#0:FAIL-t1
2021-11-02 20:08:41,276 [omNode-2@group-523986131536-LeaderElection2] INFO  impl.LeaderElection (LeaderElection.java:logAndReturn(93)) -   Response 1: omNode-2<-omNode-1#0:FAIL-t1
2021-11-02 20:08:41,277 [omNode-2@group-523986131536-LeaderElection2] INFO  impl.LeaderElection (LeaderElection.java:askForVotes(308)) - omNode-2@group-523986131536-LeaderElection2 ELECTION round 0: result REJECTED
2021-11-02 20:08:41,280 [omNode-1@group-523986131536-LeaderElection1] INFO  server.RaftServerConfigKeys (ConfUtils.java:logGet(44)) - raft.server.staging.catchup.gap = 1000 (default)
2021-11-02 20:08:41,287 [grpc-default-executor-1] INFO  server.RaftServer$Division (RaftServerImpl.java:requestVote(1078)) - omNode-2@group-523986131536 replies to ELECTION vote request: omNode-1<-omNode-2#0:OK-t2. Peer's state: omNode-2@group-523986131536:t2, leader=null, voted=omNode-1, raftlog=omNode-2@group-523986131536-SegmentedRaftLog:OPENED:c-1, conf=-1: [omNode-3|rpc:localhost:10624|priority:0, omNode-1|rpc:localhost:10612|priority:0, omNode-2|rpc:localhost:10618|priority:0], old=null
2021-11-02 20:08:41,304 [omNode-1@group-523986131536-LeaderElection1] INFO  server.RaftServerConfigKeys (ConfUtils.java:logGet(44)) - raft.server.write.element-limit = 4096 (default)
2021-11-02 20:08:41,305 [omNode-1@group-523986131536-LeaderElection1] INFO  server.RaftServerConfigKeys (ConfUtils.java:logGet(44)) - raft.server.write.byte-limit = 64MB (=67108864) (default)
2021-11-02 20:08:41,310 [Listener at 127.0.0.1/10620] INFO  reflections.Reflections (Reflections.java:scan(232)) - Reflections took 141 ms to scan 7 urls, producing 119 keys and 279 values 
2021-11-02 20:08:41,317 [Listener at 127.0.0.1/10620] INFO  statemachine.DatanodeStateMachine (DatanodeStateMachine.java:getEndPointTaskThreadPoolSize(219)) - Datanode State Machine Task Thread Pool size 2
2021-11-02 20:08:41,315 [Datanode State Machine Task Thread - 0] INFO  datanode.InitDatanodeState (InitDatanodeState.java:persistContainerDatanodeDetails(145)) - DatanodeDetails is persisted to /home/runner/work/ozone/ozone/hadoop-ozone/integration-test/target/test-dir/MiniOzoneClusterImpl-76263e8f-62ab-412a-8766-4a189fbce95f/datanode-0/meta/datanode.id
2021-11-02 20:08:41,319 [Listener at 127.0.0.1/10620] INFO  volume.HddsVolume (HddsVolume.java:<init>(120)) - Creating HddsVolume: /home/runner/work/ozone/ozone/hadoop-ozone/integration-test/target/test-dir/MiniOzoneClusterImpl-76263e8f-62ab-412a-8766-4a189fbce95f/datanode-1/data-0/containers/hdds of storage type : DISK capacity : 9223372036854775807
2021-11-02 20:08:41,319 [Listener at 127.0.0.1/10620] INFO  volume.MutableVolumeSet (MutableVolumeSet.java:initializeVolumeSet(168)) - Added Volume : /home/runner/work/ozone/ozone/hadoop-ozone/integration-test/target/test-dir/MiniOzoneClusterImpl-76263e8f-62ab-412a-8766-4a189fbce95f/datanode-1/data-0/containers/hdds to VolumeSet
2021-11-02 20:08:41,319 [Listener at 127.0.0.1/10620] INFO  volume.ThrottledAsyncChecker (ThrottledAsyncChecker.java:schedule(141)) - Scheduling a check for /home/runner/work/ozone/ozone/hadoop-ozone/integration-test/target/test-dir/MiniOzoneClusterImpl-76263e8f-62ab-412a-8766-4a189fbce95f/datanode-1/data-0/containers/hdds
2021-11-02 20:08:41,322 [omNode-1@group-523986131536-LeaderElection1] INFO  server.RaftServerConfigKeys (ConfUtils.java:logGet(44)) - raft.server.watch.timeout = 10s (default)
2021-11-02 20:08:41,323 [omNode-1@group-523986131536-LeaderElection1] INFO  server.RaftServerConfigKeys (ConfUtils.java:logGet(44)) - raft.server.watch.timeout.denomination = 1s (default)
2021-11-02 20:08:41,324 [omNode-1@group-523986131536-LeaderElection1] INFO  server.RaftServerConfigKeys (ConfUtils.java:logGet(44)) - raft.server.watch.element-limit = 65536 (default)
2021-11-02 20:08:41,327 [omNode-1@group-523986131536-LeaderElection1] INFO  server.RaftServerConfigKeys (ConfUtils.java:logGet(44)) - raft.server.write.element-limit = 4096 (default)
2021-11-02 20:08:41,327 [Listener at 127.0.0.1/10620] INFO  volume.StorageVolumeChecker (StorageVolumeChecker.java:checkAllVolumes(202)) - Scheduled health check for volume /home/runner/work/ozone/ozone/hadoop-ozone/integration-test/target/test-dir/MiniOzoneClusterImpl-76263e8f-62ab-412a-8766-4a189fbce95f/datanode-1/data-0/containers/hdds
2021-11-02 20:08:41,329 [omNode-1@group-523986131536-LeaderElection1] INFO  server.RaftServerConfigKeys (ConfUtils.java:logGet(44)) - raft.server.write.follower.gap.ratio.max = -1.0 (default)
2021-11-02 20:08:41,338 [omNode-1@group-523986131536-LeaderElection1] INFO  server.RaftServerConfigKeys (ConfUtils.java:logGet(44)) - raft.server.log.appender.snapshot.chunk.size.max = 16MB (=16777216) (default)
2021-11-02 20:08:41,346 [omNode-1@group-523986131536-LeaderElection1] INFO  server.RaftServerConfigKeys (ConfUtils.java:logGet(44)) - raft.server.log.appender.buffer.byte-limit = 33554432 (custom)
2021-11-02 20:08:41,347 [omNode-1@group-523986131536-LeaderElection1] INFO  server.RaftServerConfigKeys (ConfUtils.java:logGet(44)) - raft.server.log.appender.buffer.element-limit = 1024 (custom)
2021-11-02 20:08:41,349 [omNode-1@group-523986131536-LeaderElection1] INFO  grpc.GrpcConfigKeys (ConfUtils.java:logGet(44)) - raft.grpc.server.leader.outstanding.appends.max = 128 (default)
2021-11-02 20:08:41,350 [omNode-1@group-523986131536-LeaderElection1] INFO  server.RaftServerConfigKeys (ConfUtils.java:logGet(44)) - raft.server.rpc.request.timeout = 3000ms (default)
2021-11-02 20:08:41,350 [omNode-1@group-523986131536-LeaderElection1] INFO  server.RaftServerConfigKeys (ConfUtils.java:logGet(44)) - raft.server.log.appender.install.snapshot.enabled = false (custom)
2021-11-02 20:08:41,346 [Listener at 127.0.0.1/10620] INFO  volume.MutableVolumeSet (MutableVolumeSet.java:initializeVolumeSet(168)) - Added Volume : /home/runner/work/ozone/ozone/hadoop-ozone/integration-test/target/test-dir/MiniOzoneClusterImpl-76263e8f-62ab-412a-8766-4a189fbce95f/datanode-1/data/ratis to VolumeSet
2021-11-02 20:08:41,357 [Listener at 127.0.0.1/10620] INFO  volume.ThrottledAsyncChecker (ThrottledAsyncChecker.java:schedule(141)) - Scheduling a check for /home/runner/work/ozone/ozone/hadoop-ozone/integration-test/target/test-dir/MiniOzoneClusterImpl-76263e8f-62ab-412a-8766-4a189fbce95f/datanode-1/data/ratis
2021-11-02 20:08:41,357 [Listener at 127.0.0.1/10620] INFO  volume.StorageVolumeChecker (StorageVolumeChecker.java:checkAllVolumes(202)) - Scheduled health check for volume /home/runner/work/ozone/ozone/hadoop-ozone/integration-test/target/test-dir/MiniOzoneClusterImpl-76263e8f-62ab-412a-8766-4a189fbce95f/datanode-1/data/ratis
2021-11-02 20:08:41,365 [omNode-1@group-523986131536-LeaderElection1] INFO  server.RaftServerConfigKeys (ConfUtils.java:logGet(44)) - raft.server.log.appender.snapshot.chunk.size.max = 16MB (=16777216) (default)
2021-11-02 20:08:41,366 [omNode-1@group-523986131536-LeaderElection1] INFO  server.RaftServerConfigKeys (ConfUtils.java:logGet(44)) - raft.server.log.appender.buffer.byte-limit = 33554432 (custom)
2021-11-02 20:08:41,366 [omNode-1@group-523986131536-LeaderElection1] INFO  server.RaftServerConfigKeys (ConfUtils.java:logGet(44)) - raft.server.log.appender.buffer.element-limit = 1024 (custom)
2021-11-02 20:08:41,367 [omNode-1@group-523986131536-LeaderElection1] INFO  grpc.GrpcConfigKeys (ConfUtils.java:logGet(44)) - raft.grpc.server.leader.outstanding.appends.max = 128 (default)
2021-11-02 20:08:41,367 [omNode-1@group-523986131536-LeaderElection1] INFO  server.RaftServerConfigKeys (ConfUtils.java:logGet(44)) - raft.server.rpc.request.timeout = 3000ms (default)
2021-11-02 20:08:41,367 [omNode-1@group-523986131536-LeaderElection1] INFO  server.RaftServerConfigKeys (ConfUtils.java:logGet(44)) - raft.server.log.appender.install.snapshot.enabled = false (custom)
2021-11-02 20:08:41,370 [omNode-1@group-523986131536-LeaderElection1] INFO  impl.RoleInfo (RoleInfo.java:updateAndGet(130)) - omNode-1: start omNode-1@group-523986131536-LeaderStateImpl
2021-11-02 20:08:41,381 [Thread-244] INFO  ozoneimpl.ContainerReader (ContainerReader.java:readVolume(172)) - Finish verifying containers on volume /home/runner/work/ozone/ozone/hadoop-ozone/integration-test/target/test-dir/MiniOzoneClusterImpl-76263e8f-62ab-412a-8766-4a189fbce95f/datanode-1/data-0/containers/hdds
2021-11-02 20:08:41,382 [Listener at 127.0.0.1/10620] INFO  ozoneimpl.OzoneContainer (OzoneContainer.java:buildContainerSet(236)) - Build ContainerSet costs 0s
2021-11-02 20:08:41,384 [Listener at 127.0.0.1/10620] INFO  server.RaftServer (ConfUtils.java:logGet(44)) - raft.rpc.type = GRPC (default)
2021-11-02 20:08:41,385 [Listener at 127.0.0.1/10620] INFO  grpc.GrpcFactory (GrpcFactory.java:checkPooledByteBufAllocatorUseCacheForAllThreads(48)) - PERFORMANCE WARNING: useCacheForAllThreads is true that may cause Netty to create a lot garbage objects and, as a result, trigger GC.
	It is recommended to disable useCacheForAllThreads by setting -Dorg.apache.ratis.thirdparty.io.netty.allocator.useCacheForAllThreads=false in command line.
2021-11-02 20:08:41,385 [Listener at 127.0.0.1/10620] INFO  grpc.GrpcConfigKeys (ConfUtils.java:logGet(44)) - raft.grpc.admin.port = 0 (custom)
2021-11-02 20:08:41,385 [Listener at 127.0.0.1/10620] INFO  grpc.GrpcConfigKeys (ConfUtils.java:logGet(44)) - raft.grpc.client.port = 0 (custom)
2021-11-02 20:08:41,385 [Listener at 127.0.0.1/10620] INFO  grpc.GrpcConfigKeys (ConfUtils.java:logGet(44)) - raft.grpc.server.port = 0 (default)
2021-11-02 20:08:41,385 [Listener at 127.0.0.1/10620] INFO  server.GrpcService (ConfUtils.java:logGet(44)) - raft.grpc.message.size.max = 32MB (=33554432) (custom)
2021-11-02 20:08:41,385 [Listener at 127.0.0.1/10620] INFO  server.RaftServerConfigKeys (ConfUtils.java:logGet(44)) - raft.server.log.appender.buffer.byte-limit = 33554432 (custom)
2021-11-02 20:08:41,385 [Listener at 127.0.0.1/10620] INFO  server.GrpcService (ConfUtils.java:logGet(44)) - raft.grpc.flow.control.window = 5MB (=5242880) (custom)
2021-11-02 20:08:41,386 [Listener at 127.0.0.1/10620] INFO  server.RaftServerConfigKeys (ConfUtils.java:logGet(44)) - raft.server.rpc.request.timeout = 60s (custom)
2021-11-02 20:08:41,386 [Listener at 127.0.0.1/10620] INFO  impl.DataStreamServerImpl (ConfUtils.java:logGet(44)) - raft.datastream.type = DISABLED (default)
2021-11-02 20:08:41,387 [Listener at 127.0.0.1/10620] INFO  server.RaftServerConfigKeys (ConfUtils.java:logGet(44)) - raft.server.rpc.slowness.timeout = 300s (custom)
2021-11-02 20:08:41,387 [Listener at 127.0.0.1/10620] INFO  server.RaftServerConfigKeys (ConfUtils.java:logGet(44)) - raft.server.leaderelection.leader.step-down.wait-time = 10s (default)
2021-11-02 20:08:41,387 [Listener at 127.0.0.1/10620] INFO  server.RaftServerConfigKeys (ConfUtils.java:logGet(44)) - raft.server.storage.dir = [/home/runner/work/ozone/ozone/hadoop-ozone/integration-test/target/test-dir/MiniOzoneClusterImpl-76263e8f-62ab-412a-8766-4a189fbce95f/datanode-1/data/ratis] (custom)
2021-11-02 20:08:41,392 [Listener at 127.0.0.1/10620] INFO  http.BaseHttpServer (BaseHttpServer.java:newHttpServer2BuilderForOzone(209)) - Starting Web-server for hddsDatanode at: http://0.0.0.0:0
2021-11-02 20:08:41,392 [Listener at 127.0.0.1/10620] INFO  http.BaseHttpServer (BaseHttpServer.java:<init>(107)) - Hadoop Security Enabled: false Ozone Security Enabled: false Ozone HTTP Security Enabled: false 
2021-11-02 20:08:41,393 [Listener at 127.0.0.1/10620] INFO  server.AuthenticationFilter (AuthenticationFilter.java:constructSecretProvider(240)) - Unable to initialize FileSignerSecretProvider, falling back to use random secrets.
2021-11-02 20:08:41,393 [Listener at 127.0.0.1/10620] WARN  http.HttpRequestLog (HttpRequestLog.java:getRequestLog(103)) - Jetty request log can only be enabled using Log4j
2021-11-02 20:08:41,395 [Listener at 127.0.0.1/10620] INFO  http.HttpServer2 (HttpServer2.java:addGlobalFilter(1030)) - Added global filter 'safety' (class=org.apache.hadoop.hdds.server.http.HttpServer2$QuotingInputFilter)
2021-11-02 20:08:41,395 [Listener at 127.0.0.1/10620] INFO  http.HttpServer2 (HttpServer2.java:addFilter(1006)) - Added filter static_user_filter (class=org.apache.hadoop.http.lib.StaticUserWebFilter$StaticUserFilter) to context hddsDatanode
2021-11-02 20:08:41,396 [Listener at 127.0.0.1/10620] INFO  http.HttpServer2 (HttpServer2.java:addFilter(1014)) - Added filter static_user_filter (class=org.apache.hadoop.http.lib.StaticUserWebFilter$StaticUserFilter) to context static
2021-11-02 20:08:41,396 [Listener at 127.0.0.1/10620] INFO  http.HttpServer2 (HttpServer2.java:addFilter(1014)) - Added filter static_user_filter (class=org.apache.hadoop.http.lib.StaticUserWebFilter$StaticUserFilter) to context logs
2021-11-02 20:08:41,397 [Listener at 127.0.0.1/10620] INFO  http.HttpServer2 (HttpServer2.java:bindListener(1249)) - Jetty bound to port 42549
2021-11-02 20:08:41,397 [Listener at 127.0.0.1/10620] INFO  server.Server (Server.java:doStart(375)) - jetty-9.4.43.v20210629; built: 2021-06-30T11:07:22.254Z; git: 526006ecfa3af7f1a27ef3a288e2bef7ea9dd7e8; jvm 1.8.0_292-b10
2021-11-02 20:08:41,408 [Listener at 127.0.0.1/10620] INFO  server.session (DefaultSessionIdManager.java:doStart(334)) - DefaultSessionIdManager workerName=node0
2021-11-02 20:08:41,408 [Listener at 127.0.0.1/10620] INFO  server.session (DefaultSessionIdManager.java:doStart(339)) - No SessionScavenger set, using defaults
2021-11-02 20:08:41,409 [Listener at 127.0.0.1/10620] INFO  server.session (HouseKeeper.java:startScavenging(132)) - node0 Scavenging every 600000ms
2021-11-02 20:08:41,410 [Listener at 127.0.0.1/10620] INFO  handler.ContextHandler (ContextHandler.java:doStart(915)) - Started o.e.j.s.ServletContextHandler@473a66a0{logs,/logs,file:///home/runner/work/ozone/ozone/hadoop-ozone/integration-test/target/log,AVAILABLE}
2021-11-02 20:08:41,410 [Listener at 127.0.0.1/10620] INFO  handler.ContextHandler (ContextHandler.java:doStart(915)) - Started o.e.j.s.ServletContextHandler@49c50140{static,/static,jar:file:/home/runner/.m2/repository/org/apache/ozone/hdds-container-service/1.2.0-SNAPSHOT/hdds-container-service-1.2.0-SNAPSHOT.jar!/webapps/static,AVAILABLE}
2021-11-02 20:08:41,428 [omNode-1@group-523986131536-LeaderElection1] INFO  segmented.SegmentedRaftLogWorker (SegmentedRaftLogWorker.java:startLogSegment(394)) - omNode-1@group-523986131536-SegmentedRaftLogWorker: Starting segment from index:0
2021-11-02 20:08:41,496 [omNode-1@group-523986131536-LeaderElection1] INFO  server.RaftServer$Division (ServerState.java:setRaftConf(387)) - omNode-1@group-523986131536: set configuration 0: [omNode-3|rpc:localhost:10624|admin:|client:|dataStream:|priority:0, omNode-1|rpc:localhost:10612|admin:|client:|dataStream:|priority:0, omNode-2|rpc:localhost:10618|admin:|client:|dataStream:|priority:0], old=null
2021-11-02 20:08:41,511 [Listener at 127.0.0.1/10620] INFO  handler.ContextHandler (ContextHandler.java:doStart(915)) - Started o.e.j.w.WebAppContext@3871f21b{hddsDatanode,/,file:///tmp/jetty-0_0_0_0-42549-hdds-container-service-1_2_0-SNAPSHOT_jar-_-any-6691193766094913241/webapp/,AVAILABLE}{jar:file:/home/runner/.m2/repository/org/apache/ozone/hdds-container-service/1.2.0-SNAPSHOT/hdds-container-service-1.2.0-SNAPSHOT.jar!/webapps/hddsDatanode}
2021-11-02 20:08:41,512 [Listener at 127.0.0.1/10620] INFO  server.AbstractConnector (AbstractConnector.java:doStart(331)) - Started ServerConnector@4daa4a5a{HTTP/1.1, (http/1.1)}{0.0.0.0:42549}
2021-11-02 20:08:41,513 [Listener at 127.0.0.1/10620] INFO  server.Server (Server.java:doStart(415)) - Started @8992ms
2021-11-02 20:08:41,513 [Listener at 127.0.0.1/10620] WARN  impl.MetricsSystemImpl (MetricsSystemImpl.java:register(279)) - Sink prometheus already exists!
2021-11-02 20:08:41,514 [Listener at 127.0.0.1/10620] INFO  http.BaseHttpServer (BaseHttpServer.java:updateConnectorAddress(329)) - HTTP server of hddsDatanode listening at http://0.0.0.0:42549
2021-11-02 20:08:41,515 [Listener at 127.0.0.1/10620] WARN  impl.MetricRegistriesImpl (MetricRegistriesImpl.java:addReporterRegistration(111)) - New reporters are added after registries were created. Some metrics will be missing from the reporter. Please add reporter before adding any new registry.
2021-11-02 20:08:41,516 [Listener at 127.0.0.1/10620] WARN  impl.MetricRegistriesImpl (MetricRegistriesImpl.java:addReporterRegistration(111)) - New reporters are added after registries were created. Some metrics will be missing from the reporter. Please add reporter before adding any new registry.
2021-11-02 20:08:41,516 [Listener at 127.0.0.1/10620] INFO  impl.MetricsSystemImpl (MetricsSystemImpl.java:init(158)) - HddsDatanode metrics system started (again)
2021-11-02 20:08:41,539 [Datanode State Machine Daemon Thread] INFO  statemachine.DatanodeStateMachine (DatanodeStateMachine.java:lambda$startDaemon$0(467)) - Ozone container server started.
2021-11-02 20:08:41,547 [org.apache.hadoop.util.JvmPauseMonitor$Monitor@299bff17] INFO  util.JvmPauseMonitor (JvmPauseMonitor.java:run(188)) - Starting JVM pause monitor
2021-11-02 20:08:41,573 [Listener at 127.0.0.1/10620] INFO  ozone.HddsDatanodeService (HddsDatanodeService.java:start(234)) - HddsDatanodeService host:fv-az270-10.tacnzluakwdehk1hpragurqkma.bx.internal.cloudapp.net ip:10.1.0.43
2021-11-02 20:08:41,586 [grpc-default-executor-0] INFO  server.RaftServer$Division (ServerState.java:setLeader(285)) - omNode-2@group-523986131536: change Leader from null to omNode-1 at term 2 for appendEntries, leader elected after 2252ms
2021-11-02 20:08:41,594 [grpc-default-executor-1] INFO  server.RaftServer$Division (ServerState.java:setLeader(285)) - omNode-3@group-523986131536: change Leader from null to omNode-1 at term 2 for appendEntries, leader elected after 1876ms
2021-11-02 20:08:41,616 [grpc-default-executor-0] INFO  server.RaftServer$Division (ServerState.java:setRaftConf(387)) - omNode-2@group-523986131536: set configuration 0: [omNode-3|rpc:localhost:10624|admin:|client:|dataStream:|priority:0, omNode-1|rpc:localhost:10612|admin:|client:|dataStream:|priority:0, omNode-2|rpc:localhost:10618|admin:|client:|dataStream:|priority:0], old=null
2021-11-02 20:08:41,618 [grpc-default-executor-0] INFO  segmented.SegmentedRaftLogWorker (SegmentedRaftLogWorker.java:startLogSegment(394)) - omNode-2@group-523986131536-SegmentedRaftLogWorker: Starting segment from index:0
2021-11-02 20:08:41,617 [Listener at 127.0.0.1/10620] INFO  upgrade.AbstractLayoutVersionManager (AbstractLayoutVersionManager.java:init(79)) - Initializing Layout version manager with metadata layout = SCM_HA (version = 2), software layout = SCM_HA (version = 2)
2021-11-02 20:08:41,616 [grpc-default-executor-1] INFO  server.RaftServer$Division (ServerState.java:setRaftConf(387)) - omNode-3@group-523986131536: set configuration 0: [omNode-3|rpc:localhost:10624|admin:|client:|dataStream:|priority:0, omNode-1|rpc:localhost:10612|admin:|client:|dataStream:|priority:0, omNode-2|rpc:localhost:10618|admin:|client:|dataStream:|priority:0], old=null
2021-11-02 20:08:41,628 [grpc-default-executor-1] INFO  segmented.SegmentedRaftLogWorker (SegmentedRaftLogWorker.java:startLogSegment(394)) - omNode-3@group-523986131536-SegmentedRaftLogWorker: Starting segment from index:0
2021-11-02 20:08:41,627 [Datanode State Machine Task Thread - 0] INFO  datanode.InitDatanodeState (InitDatanodeState.java:persistContainerDatanodeDetails(145)) - DatanodeDetails is persisted to /home/runner/work/ozone/ozone/hadoop-ozone/integration-test/target/test-dir/MiniOzoneClusterImpl-76263e8f-62ab-412a-8766-4a189fbce95f/datanode-1/meta/datanode.id
2021-11-02 20:08:41,738 [Listener at 127.0.0.1/10620] INFO  reflections.Reflections (Reflections.java:scan(232)) - Reflections took 105 ms to scan 7 urls, producing 119 keys and 279 values 
2021-11-02 20:08:41,739 [omNode-1@group-523986131536-SegmentedRaftLogWorker] INFO  segmented.SegmentedRaftLogWorker (SegmentedRaftLogWorker.java:execute(601)) - omNode-1@group-523986131536-SegmentedRaftLogWorker: created new log segment /home/runner/work/ozone/ozone/hadoop-ozone/integration-test/target/test-dir/MiniOzoneClusterImpl-76263e8f-62ab-412a-8766-4a189fbce95f/omNode-1/ratis/c9bc4cf4-3bc3-3c60-a66b-523986131536/current/log_inprogress_0
2021-11-02 20:08:41,741 [omNode-3@group-523986131536-SegmentedRaftLogWorker] INFO  segmented.SegmentedRaftLogWorker (SegmentedRaftLogWorker.java:execute(601)) - omNode-3@group-523986131536-SegmentedRaftLogWorker: created new log segment /home/runner/work/ozone/ozone/hadoop-ozone/integration-test/target/test-dir/MiniOzoneClusterImpl-76263e8f-62ab-412a-8766-4a189fbce95f/omNode-3/ratis/c9bc4cf4-3bc3-3c60-a66b-523986131536/current/log_inprogress_0
2021-11-02 20:08:41,742 [omNode-2@group-523986131536-SegmentedRaftLogWorker] INFO  segmented.SegmentedRaftLogWorker (SegmentedRaftLogWorker.java:execute(601)) - omNode-2@group-523986131536-SegmentedRaftLogWorker: created new log segment /home/runner/work/ozone/ozone/hadoop-ozone/integration-test/target/test-dir/MiniOzoneClusterImpl-76263e8f-62ab-412a-8766-4a189fbce95f/omNode-2/ratis/c9bc4cf4-3bc3-3c60-a66b-523986131536/current/log_inprogress_0
2021-11-02 20:08:41,748 [Listener at 127.0.0.1/10620] INFO  statemachine.DatanodeStateMachine (DatanodeStateMachine.java:getEndPointTaskThreadPoolSize(219)) - Datanode State Machine Task Thread Pool size 2
2021-11-02 20:08:41,762 [Listener at 127.0.0.1/10620] INFO  volume.HddsVolume (HddsVolume.java:<init>(120)) - Creating HddsVolume: /home/runner/work/ozone/ozone/hadoop-ozone/integration-test/target/test-dir/MiniOzoneClusterImpl-76263e8f-62ab-412a-8766-4a189fbce95f/datanode-2/data-0/containers/hdds of storage type : DISK capacity : 9223372036854775807
2021-11-02 20:08:41,779 [Listener at 127.0.0.1/10620] INFO  volume.MutableVolumeSet (MutableVolumeSet.java:initializeVolumeSet(168)) - Added Volume : /home/runner/work/ozone/ozone/hadoop-ozone/integration-test/target/test-dir/MiniOzoneClusterImpl-76263e8f-62ab-412a-8766-4a189fbce95f/datanode-2/data-0/containers/hdds to VolumeSet
2021-11-02 20:08:41,780 [Listener at 127.0.0.1/10620] INFO  volume.ThrottledAsyncChecker (ThrottledAsyncChecker.java:schedule(141)) - Scheduling a check for /home/runner/work/ozone/ozone/hadoop-ozone/integration-test/target/test-dir/MiniOzoneClusterImpl-76263e8f-62ab-412a-8766-4a189fbce95f/datanode-2/data-0/containers/hdds
2021-11-02 20:08:41,790 [Listener at 127.0.0.1/10620] INFO  volume.StorageVolumeChecker (StorageVolumeChecker.java:checkAllVolumes(202)) - Scheduled health check for volume /home/runner/work/ozone/ozone/hadoop-ozone/integration-test/target/test-dir/MiniOzoneClusterImpl-76263e8f-62ab-412a-8766-4a189fbce95f/datanode-2/data-0/containers/hdds
2021-11-02 20:08:41,817 [Listener at 127.0.0.1/10620] INFO  volume.MutableVolumeSet (MutableVolumeSet.java:initializeVolumeSet(168)) - Added Volume : /home/runner/work/ozone/ozone/hadoop-ozone/integration-test/target/test-dir/MiniOzoneClusterImpl-76263e8f-62ab-412a-8766-4a189fbce95f/datanode-2/data/ratis to VolumeSet
2021-11-02 20:08:41,817 [Listener at 127.0.0.1/10620] INFO  volume.ThrottledAsyncChecker (ThrottledAsyncChecker.java:schedule(141)) - Scheduling a check for /home/runner/work/ozone/ozone/hadoop-ozone/integration-test/target/test-dir/MiniOzoneClusterImpl-76263e8f-62ab-412a-8766-4a189fbce95f/datanode-2/data/ratis
2021-11-02 20:08:41,818 [Listener at 127.0.0.1/10620] INFO  volume.StorageVolumeChecker (StorageVolumeChecker.java:checkAllVolumes(202)) - Scheduled health check for volume /home/runner/work/ozone/ozone/hadoop-ozone/integration-test/target/test-dir/MiniOzoneClusterImpl-76263e8f-62ab-412a-8766-4a189fbce95f/datanode-2/data/ratis
2021-11-02 20:08:41,880 [Thread-261] INFO  ozoneimpl.ContainerReader (ContainerReader.java:readVolume(172)) - Finish verifying containers on volume /home/runner/work/ozone/ozone/hadoop-ozone/integration-test/target/test-dir/MiniOzoneClusterImpl-76263e8f-62ab-412a-8766-4a189fbce95f/datanode-2/data-0/containers/hdds
2021-11-02 20:08:41,880 [Listener at 127.0.0.1/10620] INFO  ozoneimpl.OzoneContainer (OzoneContainer.java:buildContainerSet(236)) - Build ContainerSet costs 0s
2021-11-02 20:08:41,883 [Listener at 127.0.0.1/10620] INFO  server.RaftServer (ConfUtils.java:logGet(44)) - raft.rpc.type = GRPC (default)
2021-11-02 20:08:41,884 [Listener at 127.0.0.1/10620] INFO  grpc.GrpcFactory (GrpcFactory.java:checkPooledByteBufAllocatorUseCacheForAllThreads(48)) - PERFORMANCE WARNING: useCacheForAllThreads is true that may cause Netty to create a lot garbage objects and, as a result, trigger GC.
	It is recommended to disable useCacheForAllThreads by setting -Dorg.apache.ratis.thirdparty.io.netty.allocator.useCacheForAllThreads=false in command line.
2021-11-02 20:08:41,884 [Listener at 127.0.0.1/10620] INFO  grpc.GrpcConfigKeys (ConfUtils.java:logGet(44)) - raft.grpc.admin.port = 0 (custom)
2021-11-02 20:08:41,884 [Listener at 127.0.0.1/10620] INFO  grpc.GrpcConfigKeys (ConfUtils.java:logGet(44)) - raft.grpc.client.port = 0 (custom)
2021-11-02 20:08:41,884 [Listener at 127.0.0.1/10620] INFO  grpc.GrpcConfigKeys (ConfUtils.java:logGet(44)) - raft.grpc.server.port = 0 (default)
2021-11-02 20:08:41,884 [Listener at 127.0.0.1/10620] INFO  server.GrpcService (ConfUtils.java:logGet(44)) - raft.grpc.message.size.max = 32MB (=33554432) (custom)
2021-11-02 20:08:41,884 [Listener at 127.0.0.1/10620] INFO  server.RaftServerConfigKeys (ConfUtils.java:logGet(44)) - raft.server.log.appender.buffer.byte-limit = 33554432 (custom)
2021-11-02 20:08:41,884 [Listener at 127.0.0.1/10620] INFO  server.GrpcService (ConfUtils.java:logGet(44)) - raft.grpc.flow.control.window = 5MB (=5242880) (custom)
2021-11-02 20:08:41,885 [Listener at 127.0.0.1/10620] INFO  server.RaftServerConfigKeys (ConfUtils.java:logGet(44)) - raft.server.rpc.request.timeout = 60s (custom)
2021-11-02 20:08:41,885 [Listener at 127.0.0.1/10620] INFO  impl.DataStreamServerImpl (ConfUtils.java:logGet(44)) - raft.datastream.type = DISABLED (default)
2021-11-02 20:08:41,886 [Listener at 127.0.0.1/10620] INFO  server.RaftServerConfigKeys (ConfUtils.java:logGet(44)) - raft.server.rpc.slowness.timeout = 300s (custom)
2021-11-02 20:08:41,886 [Listener at 127.0.0.1/10620] INFO  server.RaftServerConfigKeys (ConfUtils.java:logGet(44)) - raft.server.leaderelection.leader.step-down.wait-time = 10s (default)
2021-11-02 20:08:41,886 [Listener at 127.0.0.1/10620] INFO  server.RaftServerConfigKeys (ConfUtils.java:logGet(44)) - raft.server.storage.dir = [/home/runner/work/ozone/ozone/hadoop-ozone/integration-test/target/test-dir/MiniOzoneClusterImpl-76263e8f-62ab-412a-8766-4a189fbce95f/datanode-2/data/ratis] (custom)
2021-11-02 20:08:41,908 [Listener at 127.0.0.1/10620] INFO  http.BaseHttpServer (BaseHttpServer.java:newHttpServer2BuilderForOzone(209)) - Starting Web-server for hddsDatanode at: http://0.0.0.0:0
2021-11-02 20:08:41,908 [Listener at 127.0.0.1/10620] INFO  http.BaseHttpServer (BaseHttpServer.java:<init>(107)) - Hadoop Security Enabled: false Ozone Security Enabled: false Ozone HTTP Security Enabled: false 
2021-11-02 20:08:41,910 [Listener at 127.0.0.1/10620] INFO  server.AuthenticationFilter (AuthenticationFilter.java:constructSecretProvider(240)) - Unable to initialize FileSignerSecretProvider, falling back to use random secrets.
2021-11-02 20:08:41,914 [Listener at 127.0.0.1/10620] WARN  http.HttpRequestLog (HttpRequestLog.java:getRequestLog(103)) - Jetty request log can only be enabled using Log4j
2021-11-02 20:08:41,916 [Listener at 127.0.0.1/10620] INFO  http.HttpServer2 (HttpServer2.java:addGlobalFilter(1030)) - Added global filter 'safety' (class=org.apache.hadoop.hdds.server.http.HttpServer2$QuotingInputFilter)
2021-11-02 20:08:41,917 [Listener at 127.0.0.1/10620] INFO  http.HttpServer2 (HttpServer2.java:addFilter(1006)) - Added filter static_user_filter (class=org.apache.hadoop.http.lib.StaticUserWebFilter$StaticUserFilter) to context hddsDatanode
2021-11-02 20:08:41,917 [Listener at 127.0.0.1/10620] INFO  http.HttpServer2 (HttpServer2.java:addFilter(1014)) - Added filter static_user_filter (class=org.apache.hadoop.http.lib.StaticUserWebFilter$StaticUserFilter) to context static
2021-11-02 20:08:41,917 [Listener at 127.0.0.1/10620] INFO  http.HttpServer2 (HttpServer2.java:addFilter(1014)) - Added filter static_user_filter (class=org.apache.hadoop.http.lib.StaticUserWebFilter$StaticUserFilter) to context logs
2021-11-02 20:08:41,918 [Listener at 127.0.0.1/10620] INFO  http.HttpServer2 (HttpServer2.java:bindListener(1249)) - Jetty bound to port 45043
2021-11-02 20:08:41,918 [Listener at 127.0.0.1/10620] INFO  server.Server (Server.java:doStart(375)) - jetty-9.4.43.v20210629; built: 2021-06-30T11:07:22.254Z; git: 526006ecfa3af7f1a27ef3a288e2bef7ea9dd7e8; jvm 1.8.0_292-b10
2021-11-02 20:08:41,950 [Listener at 127.0.0.1/10620] INFO  server.session (DefaultSessionIdManager.java:doStart(334)) - DefaultSessionIdManager workerName=node0
2021-11-02 20:08:41,951 [Listener at 127.0.0.1/10620] INFO  server.session (DefaultSessionIdManager.java:doStart(339)) - No SessionScavenger set, using defaults
2021-11-02 20:08:41,951 [Listener at 127.0.0.1/10620] INFO  server.session (HouseKeeper.java:startScavenging(132)) - node0 Scavenging every 600000ms
2021-11-02 20:08:41,952 [Listener at 127.0.0.1/10620] INFO  handler.ContextHandler (ContextHandler.java:doStart(915)) - Started o.e.j.s.ServletContextHandler@31ec9703{logs,/logs,file:///home/runner/work/ozone/ozone/hadoop-ozone/integration-test/target/log,AVAILABLE}
2021-11-02 20:08:41,952 [Listener at 127.0.0.1/10620] INFO  handler.ContextHandler (ContextHandler.java:doStart(915)) - Started o.e.j.s.ServletContextHandler@73fe55f9{static,/static,jar:file:/home/runner/.m2/repository/org/apache/ozone/hdds-container-service/1.2.0-SNAPSHOT/hdds-container-service-1.2.0-SNAPSHOT.jar!/webapps/static,AVAILABLE}
2021-11-02 20:08:41,949 [omNode-1@group-523986131536-StateMachineUpdater] INFO  ratis.OzoneManagerStateMachine (OzoneManagerStateMachine.java:notifyConfigurationChanged(188)) - Received Configuration change notification from Ratis. New Peer list:
[id: "omNode-3"
address: "localhost:10624"
, id: "omNode-1"
address: "localhost:10612"
, id: "omNode-2"
address: "localhost:10618"
]
2021-11-02 20:08:42,004 [Listener at 127.0.0.1/10620] INFO  handler.ContextHandler (ContextHandler.java:doStart(915)) - Started o.e.j.w.WebAppContext@275d46a8{hddsDatanode,/,file:///tmp/jetty-0_0_0_0-45043-hdds-container-service-1_2_0-SNAPSHOT_jar-_-any-7957326660637598601/webapp/,AVAILABLE}{jar:file:/home/runner/.m2/repository/org/apache/ozone/hdds-container-service/1.2.0-SNAPSHOT/hdds-container-service-1.2.0-SNAPSHOT.jar!/webapps/hddsDatanode}
2021-11-02 20:08:42,005 [Listener at 127.0.0.1/10620] INFO  server.AbstractConnector (AbstractConnector.java:doStart(331)) - Started ServerConnector@2d8bba45{HTTP/1.1, (http/1.1)}{0.0.0.0:45043}
2021-11-02 20:08:42,006 [Listener at 127.0.0.1/10620] INFO  server.Server (Server.java:doStart(415)) - Started @9485ms
2021-11-02 20:08:42,006 [Listener at 127.0.0.1/10620] WARN  impl.MetricsSystemImpl (MetricsSystemImpl.java:register(279)) - Sink prometheus already exists!
2021-11-02 20:08:42,006 [Listener at 127.0.0.1/10620] INFO  http.BaseHttpServer (BaseHttpServer.java:updateConnectorAddress(329)) - HTTP server of hddsDatanode listening at http://0.0.0.0:45043
2021-11-02 20:08:42,009 [Listener at 127.0.0.1/10620] INFO  ozone.MiniOzoneClusterImpl (MiniOzoneClusterImpl.java:lambda$waitForClusterToBeReady$0(235)) - Waiting for nodes to be ready. Got 0 of 3 DN Heartbeats.
2021-11-02 20:08:42,009 [Listener at 127.0.0.1/10620] INFO  ozone.MiniOzoneClusterImpl (MiniOzoneClusterImpl.java:lambda$waitForClusterToBeReady$0(238)) - Waiting for cluster to exit safe mode
2021-11-02 20:08:42,009 [Listener at 127.0.0.1/10620] INFO  ozone.MiniOzoneClusterImpl (MiniOzoneClusterImpl.java:lambda$waitForClusterToBeReady$0(240)) - SCM became leader
2021-11-02 20:08:42,009 [Datanode State Machine Daemon Thread] INFO  statemachine.DatanodeStateMachine (DatanodeStateMachine.java:lambda$startDaemon$0(467)) - Ozone container server started.
2021-11-02 20:08:42,017 [org.apache.hadoop.util.JvmPauseMonitor$Monitor@27080883] INFO  util.JvmPauseMonitor (JvmPauseMonitor.java:run(188)) - Starting JVM pause monitor
2021-11-02 20:08:42,022 [Datanode State Machine Task Thread - 0] INFO  datanode.InitDatanodeState (InitDatanodeState.java:persistContainerDatanodeDetails(145)) - DatanodeDetails is persisted to /home/runner/work/ozone/ozone/hadoop-ozone/integration-test/target/test-dir/MiniOzoneClusterImpl-76263e8f-62ab-412a-8766-4a189fbce95f/datanode-2/meta/datanode.id
2021-11-02 20:08:42,268 [omNode-2@group-523986131536-StateMachineUpdater] INFO  ratis.OzoneManagerStateMachine (OzoneManagerStateMachine.java:notifyConfigurationChanged(188)) - Received Configuration change notification from Ratis. New Peer list:
[id: "omNode-3"
address: "localhost:10624"
, id: "omNode-1"
address: "localhost:10612"
, id: "omNode-2"
address: "localhost:10618"
]
2021-11-02 20:08:42,284 [omNode-3@group-523986131536-StateMachineUpdater] INFO  ratis.OzoneManagerStateMachine (OzoneManagerStateMachine.java:notifyConfigurationChanged(188)) - Received Configuration change notification from Ratis. New Peer list:
[id: "omNode-3"
address: "localhost:10624"
, id: "omNode-1"
address: "localhost:10612"
, id: "omNode-2"
address: "localhost:10618"
]
2021-11-02 20:08:43,009 [Listener at 127.0.0.1/10620] INFO  ozone.MiniOzoneClusterImpl (MiniOzoneClusterImpl.java:lambda$waitForClusterToBeReady$0(235)) - Waiting for nodes to be ready. Got 0 of 3 DN Heartbeats.
2021-11-02 20:08:43,009 [Listener at 127.0.0.1/10620] INFO  ozone.MiniOzoneClusterImpl (MiniOzoneClusterImpl.java:lambda$waitForClusterToBeReady$0(238)) - Waiting for cluster to exit safe mode
2021-11-02 20:08:43,010 [Listener at 127.0.0.1/10620] INFO  ozone.MiniOzoneClusterImpl (MiniOzoneClusterImpl.java:lambda$waitForClusterToBeReady$0(240)) - SCM became leader
2021-11-02 20:08:43,104 [EndpointStateMachine task thread for /0.0.0.0:35791 - 0 ] INFO  ozoneimpl.OzoneContainer (OzoneContainer.java:start(304)) - Attempting to start container services.
2021-11-02 20:08:43,106 [EndpointStateMachine task thread for /0.0.0.0:35791 - 0 ] INFO  ozoneimpl.OzoneContainer (OzoneContainer.java:startContainerScrub(249)) - Background container scanner has been disabled.
2021-11-02 20:08:43,109 [EndpointStateMachine task thread for /0.0.0.0:35791 - 0 ] INFO  replication.ReplicationServer (ReplicationServer.java:start(107)) - ReplicationServer is started using port 38317
2021-11-02 20:08:43,112 [EndpointStateMachine task thread for /0.0.0.0:35791 - 0 ] INFO  ratis.XceiverServerRatis (XceiverServerRatis.java:start(484)) - Starting XceiverServerRatis 6d11dc31-4e47-4309-a917-8638e8d3619f
2021-11-02 20:08:43,118 [EndpointStateMachine task thread for /0.0.0.0:35791 - 0 ] INFO  server.RaftServer (RaftServerProxy.java:lambda$start$5(374)) - 6d11dc31-4e47-4309-a917-8638e8d3619f: start RPC server
2021-11-02 20:08:43,127 [EndpointStateMachine task thread for /0.0.0.0:35791 - 0 ] INFO  server.GrpcService (GrpcService.java:startImpl(253)) - 6d11dc31-4e47-4309-a917-8638e8d3619f: GrpcService started, listening on 41415
2021-11-02 20:08:43,128 [EndpointStateMachine task thread for /0.0.0.0:35791 - 0 ] INFO  ratis.XceiverServerRatis (XceiverServerRatis.java:getRealPort(505)) - XceiverServerRatis 6d11dc31-4e47-4309-a917-8638e8d3619f is started using port 41415 for RATIS
2021-11-02 20:08:43,128 [EndpointStateMachine task thread for /0.0.0.0:35791 - 0 ] INFO  ratis.XceiverServerRatis (XceiverServerRatis.java:getRealPort(505)) - XceiverServerRatis 6d11dc31-4e47-4309-a917-8638e8d3619f is started using port 41415 for RATIS_ADMIN
2021-11-02 20:08:43,128 [EndpointStateMachine task thread for /0.0.0.0:35791 - 0 ] INFO  ratis.XceiverServerRatis (XceiverServerRatis.java:getRealPort(505)) - XceiverServerRatis 6d11dc31-4e47-4309-a917-8638e8d3619f is started using port 41415 for RATIS_SERVER
2021-11-02 20:08:43,134 [EndpointStateMachine task thread for /0.0.0.0:35791 - 0 ] INFO  server.XceiverServerGrpc (XceiverServerGrpc.java:start(135)) - XceiverServerGrpc 6d11dc31-4e47-4309-a917-8638e8d3619f is started using port 34003
2021-11-02 20:08:43,134 [org.apache.ratis.util.JvmPauseMonitor$$Lambda$523/614850410@3e8cf032] INFO  util.JvmPauseMonitor (JvmPauseMonitor.java:run(103)) - JvmPauseMonitor-6d11dc31-4e47-4309-a917-8638e8d3619f: Started
2021-11-02 20:08:43,555 [EndpointStateMachine task thread for /0.0.0.0:35791 - 0 ] INFO  ozoneimpl.OzoneContainer (OzoneContainer.java:start(304)) - Attempting to start container services.
2021-11-02 20:08:43,555 [EndpointStateMachine task thread for /0.0.0.0:35791 - 0 ] INFO  ozoneimpl.OzoneContainer (OzoneContainer.java:startContainerScrub(249)) - Background container scanner has been disabled.
2021-11-02 20:08:43,556 [EndpointStateMachine task thread for /0.0.0.0:35791 - 0 ] INFO  replication.ReplicationServer (ReplicationServer.java:start(107)) - ReplicationServer is started using port 39543
2021-11-02 20:08:43,557 [EndpointStateMachine task thread for /0.0.0.0:35791 - 0 ] INFO  ratis.XceiverServerRatis (XceiverServerRatis.java:start(484)) - Starting XceiverServerRatis 8be7216b-e793-4943-b762-e8d5e6b4b962
2021-11-02 20:08:43,561 [EndpointStateMachine task thread for /0.0.0.0:35791 - 0 ] INFO  server.RaftServer (RaftServerProxy.java:lambda$start$5(374)) - 8be7216b-e793-4943-b762-e8d5e6b4b962: start RPC server
2021-11-02 20:08:43,563 [EndpointStateMachine task thread for /0.0.0.0:35791 - 0 ] INFO  server.GrpcService (GrpcService.java:startImpl(253)) - 8be7216b-e793-4943-b762-e8d5e6b4b962: GrpcService started, listening on 37879
2021-11-02 20:08:43,563 [EndpointStateMachine task thread for /0.0.0.0:35791 - 0 ] INFO  ratis.XceiverServerRatis (XceiverServerRatis.java:getRealPort(505)) - XceiverServerRatis 8be7216b-e793-4943-b762-e8d5e6b4b962 is started using port 37879 for RATIS
2021-11-02 20:08:43,563 [EndpointStateMachine task thread for /0.0.0.0:35791 - 0 ] INFO  ratis.XceiverServerRatis (XceiverServerRatis.java:getRealPort(505)) - XceiverServerRatis 8be7216b-e793-4943-b762-e8d5e6b4b962 is started using port 37879 for RATIS_ADMIN
2021-11-02 20:08:43,563 [EndpointStateMachine task thread for /0.0.0.0:35791 - 0 ] INFO  ratis.XceiverServerRatis (XceiverServerRatis.java:getRealPort(505)) - XceiverServerRatis 8be7216b-e793-4943-b762-e8d5e6b4b962 is started using port 37879 for RATIS_SERVER
2021-11-02 20:08:43,564 [org.apache.ratis.util.JvmPauseMonitor$$Lambda$523/614850410@98df389] INFO  util.JvmPauseMonitor (JvmPauseMonitor.java:run(103)) - JvmPauseMonitor-8be7216b-e793-4943-b762-e8d5e6b4b962: Started
2021-11-02 20:08:43,564 [EndpointStateMachine task thread for /0.0.0.0:35791 - 0 ] INFO  server.XceiverServerGrpc (XceiverServerGrpc.java:start(135)) - XceiverServerGrpc 8be7216b-e793-4943-b762-e8d5e6b4b962 is started using port 46217
2021-11-02 20:08:44,010 [Listener at 127.0.0.1/10620] INFO  ozone.MiniOzoneClusterImpl (MiniOzoneClusterImpl.java:lambda$waitForClusterToBeReady$0(235)) - Waiting for nodes to be ready. Got 0 of 3 DN Heartbeats.
2021-11-02 20:08:44,010 [Listener at 127.0.0.1/10620] INFO  ozone.MiniOzoneClusterImpl (MiniOzoneClusterImpl.java:lambda$waitForClusterToBeReady$0(238)) - Waiting for cluster to exit safe mode
2021-11-02 20:08:44,010 [Listener at 127.0.0.1/10620] INFO  ozone.MiniOzoneClusterImpl (MiniOzoneClusterImpl.java:lambda$waitForClusterToBeReady$0(240)) - SCM became leader
2021-11-02 20:08:44,022 [EndpointStateMachine task thread for /0.0.0.0:35791 - 0 ] INFO  ozoneimpl.OzoneContainer (OzoneContainer.java:start(304)) - Attempting to start container services.
2021-11-02 20:08:44,022 [EndpointStateMachine task thread for /0.0.0.0:35791 - 0 ] INFO  ozoneimpl.OzoneContainer (OzoneContainer.java:startContainerScrub(249)) - Background container scanner has been disabled.
2021-11-02 20:08:44,023 [EndpointStateMachine task thread for /0.0.0.0:35791 - 0 ] INFO  replication.ReplicationServer (ReplicationServer.java:start(107)) - ReplicationServer is started using port 43609
2021-11-02 20:08:44,024 [EndpointStateMachine task thread for /0.0.0.0:35791 - 0 ] INFO  ratis.XceiverServerRatis (XceiverServerRatis.java:start(484)) - Starting XceiverServerRatis 8beef4f3-0fbd-4019-b5e6-bba09cd08c94
2021-11-02 20:08:44,025 [EndpointStateMachine task thread for /0.0.0.0:35791 - 0 ] INFO  server.RaftServer (RaftServerProxy.java:lambda$start$5(374)) - 8beef4f3-0fbd-4019-b5e6-bba09cd08c94: start RPC server
2021-11-02 20:08:44,026 [EndpointStateMachine task thread for /0.0.0.0:35791 - 0 ] INFO  server.GrpcService (GrpcService.java:startImpl(253)) - 8beef4f3-0fbd-4019-b5e6-bba09cd08c94: GrpcService started, listening on 38223
2021-11-02 20:08:44,026 [EndpointStateMachine task thread for /0.0.0.0:35791 - 0 ] INFO  ratis.XceiverServerRatis (XceiverServerRatis.java:getRealPort(505)) - XceiverServerRatis 8beef4f3-0fbd-4019-b5e6-bba09cd08c94 is started using port 38223 for RATIS
2021-11-02 20:08:44,026 [EndpointStateMachine task thread for /0.0.0.0:35791 - 0 ] INFO  ratis.XceiverServerRatis (XceiverServerRatis.java:getRealPort(505)) - XceiverServerRatis 8beef4f3-0fbd-4019-b5e6-bba09cd08c94 is started using port 38223 for RATIS_ADMIN
2021-11-02 20:08:44,026 [EndpointStateMachine task thread for /0.0.0.0:35791 - 0 ] INFO  ratis.XceiverServerRatis (XceiverServerRatis.java:getRealPort(505)) - XceiverServerRatis 8beef4f3-0fbd-4019-b5e6-bba09cd08c94 is started using port 38223 for RATIS_SERVER
2021-11-02 20:08:44,026 [org.apache.ratis.util.JvmPauseMonitor$$Lambda$523/614850410@1ffed4b7] INFO  util.JvmPauseMonitor (JvmPauseMonitor.java:run(103)) - JvmPauseMonitor-8beef4f3-0fbd-4019-b5e6-bba09cd08c94: Started
2021-11-02 20:08:44,027 [EndpointStateMachine task thread for /0.0.0.0:35791 - 0 ] INFO  server.XceiverServerGrpc (XceiverServerGrpc.java:start(135)) - XceiverServerGrpc 8beef4f3-0fbd-4019-b5e6-bba09cd08c94 is started using port 41893
2021-11-02 20:08:45,011 [Listener at 127.0.0.1/10620] INFO  ozone.MiniOzoneClusterImpl (MiniOzoneClusterImpl.java:lambda$waitForClusterToBeReady$0(235)) - Waiting for nodes to be ready. Got 0 of 3 DN Heartbeats.
2021-11-02 20:08:45,011 [Listener at 127.0.0.1/10620] INFO  ozone.MiniOzoneClusterImpl (MiniOzoneClusterImpl.java:lambda$waitForClusterToBeReady$0(238)) - Waiting for cluster to exit safe mode
2021-11-02 20:08:45,012 [Listener at 127.0.0.1/10620] INFO  ozone.MiniOzoneClusterImpl (MiniOzoneClusterImpl.java:lambda$waitForClusterToBeReady$0(240)) - SCM became leader
2021-11-02 20:08:45,084 [IPC Server handler 1 on default port 35791] INFO  net.NetworkTopologyImpl (NetworkTopologyImpl.java:add(112)) - Added a new node: /default-rack/6d11dc31-4e47-4309-a917-8638e8d3619f
2021-11-02 20:08:45,087 [IPC Server handler 1 on default port 35791] INFO  node.SCMNodeManager (SCMNodeManager.java:register(389)) - Registered Data node : 6d11dc31-4e47-4309-a917-8638e8d3619f{ip: 10.1.0.43, host: fv-az270-10.tacnzluakwdehk1hpragurqkma.bx.internal.cloudapp.net, ports: [REPLICATION=38317, RATIS=41415, RATIS_ADMIN=41415, RATIS_SERVER=41415, STANDALONE=34003], networkLocation: /default-rack, certSerialId: null, persistedOpState: null, persistedOpStateExpiryEpochSec: 0}
2021-11-02 20:08:45,091 [EventQueue-NewNodeForNewNodeHandler] INFO  pipeline.BackgroundPipelineCreator (BackgroundPipelineCreator.java:notifyEventTriggered(285)) - trigger a one-shot run on RatisPipelineUtilsThread.
2021-11-02 20:08:45,104 [RatisPipelineUtilsThread - 0] INFO  pipeline.RatisPipelineProvider (RatisPipelineProvider.java:lambda$create$0(183)) - Sending CreatePipelineCommand for pipeline:PipelineID=2cf1aa20-5dad-4990-985a-07e0af6682bc to datanode:6d11dc31-4e47-4309-a917-8638e8d3619f
2021-11-02 20:08:45,104 [EventQueue-NodeRegistrationContainerReportForDataNodeSafeModeRule] INFO  safemode.SCMSafeModeManager (DataNodeSafeModeRule.java:process(71)) - SCM in safe mode. 1 DataNodes registered, 3 required.
2021-11-02 20:08:45,105 [EventQueue-NodeRegistrationContainerReportForContainerSafeModeRule] INFO  safemode.SCMSafeModeManager (SCMSafeModeManager.java:validateSafeModeExitRules(204)) - ContainerSafeModeRule rule is successfully validated
2021-11-02 20:08:45,106 [EventQueue-PipelineReportForOneReplicaPipelineSafeModeRule] INFO  safemode.SCMSafeModeManager (SCMSafeModeManager.java:validateSafeModeExitRules(204)) - AtleastOneDatanodeReportedRule rule is successfully validated
2021-11-02 20:08:45,118 [RatisPipelineUtilsThread - 0] INFO  pipeline.PipelineStateManagerImpl (PipelineStateManagerImpl.java:addPipeline(101)) - Created pipeline Pipeline[ Id: 2cf1aa20-5dad-4990-985a-07e0af6682bc, Nodes: 6d11dc31-4e47-4309-a917-8638e8d3619f{ip: 10.1.0.43, host: fv-az270-10.tacnzluakwdehk1hpragurqkma.bx.internal.cloudapp.net, ports: [REPLICATION=38317, RATIS=41415, RATIS_ADMIN=41415, RATIS_SERVER=41415, STANDALONE=34003], networkLocation: /default-rack, certSerialId: null, persistedOpState: IN_SERVICE, persistedOpStateExpiryEpochSec: 0}, ReplicationConfig: RATIS/ONE, State:ALLOCATED, leaderId:, CreationTimestamp2021-11-02T20:08:45.099Z[Etc/UTC]].
2021-11-02 20:08:45,552 [IPC Server handler 4 on default port 35791] INFO  net.NetworkTopologyImpl (NetworkTopologyImpl.java:add(112)) - Added a new node: /default-rack/8be7216b-e793-4943-b762-e8d5e6b4b962
2021-11-02 20:08:45,552 [IPC Server handler 4 on default port 35791] INFO  node.SCMNodeManager (SCMNodeManager.java:register(389)) - Registered Data node : 8be7216b-e793-4943-b762-e8d5e6b4b962{ip: 10.1.0.43, host: fv-az270-10.tacnzluakwdehk1hpragurqkma.bx.internal.cloudapp.net, ports: [REPLICATION=39543, RATIS=37879, RATIS_ADMIN=37879, RATIS_SERVER=37879, STANDALONE=46217], networkLocation: /default-rack, certSerialId: null, persistedOpState: null, persistedOpStateExpiryEpochSec: 0}
2021-11-02 20:08:45,553 [EventQueue-NewNodeForNewNodeHandler] INFO  pipeline.BackgroundPipelineCreator (BackgroundPipelineCreator.java:notifyEventTriggered(285)) - trigger a one-shot run on RatisPipelineUtilsThread.
2021-11-02 20:08:45,553 [EventQueue-NodeRegistrationContainerReportForDataNodeSafeModeRule] INFO  safemode.SCMSafeModeManager (DataNodeSafeModeRule.java:process(71)) - SCM in safe mode. 2 DataNodes registered, 3 required.
2021-11-02 20:08:45,556 [RatisPipelineUtilsThread - 0] INFO  pipeline.RatisPipelineProvider (RatisPipelineProvider.java:lambda$create$0(183)) - Sending CreatePipelineCommand for pipeline:PipelineID=99cfe340-6ee3-4ffb-84f0-9a417e19952c to datanode:8be7216b-e793-4943-b762-e8d5e6b4b962
2021-11-02 20:08:45,557 [RatisPipelineUtilsThread - 0] INFO  pipeline.PipelineStateManagerImpl (PipelineStateManagerImpl.java:addPipeline(101)) - Created pipeline Pipeline[ Id: 99cfe340-6ee3-4ffb-84f0-9a417e19952c, Nodes: 8be7216b-e793-4943-b762-e8d5e6b4b962{ip: 10.1.0.43, host: fv-az270-10.tacnzluakwdehk1hpragurqkma.bx.internal.cloudapp.net, ports: [REPLICATION=39543, RATIS=37879, RATIS_ADMIN=37879, RATIS_SERVER=37879, STANDALONE=46217], networkLocation: /default-rack, certSerialId: null, persistedOpState: IN_SERVICE, persistedOpStateExpiryEpochSec: 0}, ReplicationConfig: RATIS/ONE, State:ALLOCATED, leaderId:, CreationTimestamp2021-11-02T20:08:45.556Z[Etc/UTC]].
2021-11-02 20:08:46,012 [Listener at 127.0.0.1/10620] INFO  ozone.MiniOzoneClusterImpl (MiniOzoneClusterImpl.java:lambda$waitForClusterToBeReady$0(235)) - Waiting for nodes to be ready. Got 2 of 3 DN Heartbeats.
2021-11-02 20:08:46,013 [Listener at 127.0.0.1/10620] INFO  ozone.MiniOzoneClusterImpl (MiniOzoneClusterImpl.java:lambda$waitForClusterToBeReady$0(238)) - Waiting for cluster to exit safe mode
2021-11-02 20:08:46,013 [Listener at 127.0.0.1/10620] INFO  ozone.MiniOzoneClusterImpl (MiniOzoneClusterImpl.java:lambda$waitForClusterToBeReady$0(240)) - SCM became leader
2021-11-02 20:08:46,020 [IPC Server handler 2 on default port 35791] INFO  net.NetworkTopologyImpl (NetworkTopologyImpl.java:add(112)) - Added a new node: /default-rack/8beef4f3-0fbd-4019-b5e6-bba09cd08c94
2021-11-02 20:08:46,020 [IPC Server handler 2 on default port 35791] INFO  node.SCMNodeManager (SCMNodeManager.java:register(389)) - Registered Data node : 8beef4f3-0fbd-4019-b5e6-bba09cd08c94{ip: 10.1.0.43, host: fv-az270-10.tacnzluakwdehk1hpragurqkma.bx.internal.cloudapp.net, ports: [REPLICATION=43609, RATIS=38223, RATIS_ADMIN=38223, RATIS_SERVER=38223, STANDALONE=41893], networkLocation: /default-rack, certSerialId: null, persistedOpState: null, persistedOpStateExpiryEpochSec: 0}
2021-11-02 20:08:46,021 [EventQueue-NewNodeForNewNodeHandler] INFO  pipeline.BackgroundPipelineCreator (BackgroundPipelineCreator.java:notifyEventTriggered(285)) - trigger a one-shot run on RatisPipelineUtilsThread.
2021-11-02 20:08:46,021 [EventQueue-NodeRegistrationContainerReportForDataNodeSafeModeRule] INFO  safemode.SCMSafeModeManager (DataNodeSafeModeRule.java:process(71)) - SCM in safe mode. 3 DataNodes registered, 3 required.
2021-11-02 20:08:46,021 [EventQueue-NodeRegistrationContainerReportForDataNodeSafeModeRule] INFO  safemode.SCMSafeModeManager (SCMSafeModeManager.java:validateSafeModeExitRules(204)) - DataNodeSafeModeRule rule is successfully validated
2021-11-02 20:08:46,021 [EventQueue-NodeRegistrationContainerReportForDataNodeSafeModeRule] INFO  safemode.SCMSafeModeManager (SCMSafeModeManager.java:completePreCheck(233)) - All SCM safe mode pre check rules have passed
2021-11-02 20:08:46,021 [EventQueue-NodeRegistrationContainerReportForDataNodeSafeModeRule] WARN  events.EventQueue (EventQueue.java:fireEvent(194)) - No event handler registered for event TypedEvent{payloadType=SafeModeStatus, name='Safe mode status'}
2021-11-02 20:08:46,022 [EventQueue-NodeRegistrationContainerReportForDataNodeSafeModeRule] INFO  ha.SCMContext (SCMContext.java:updateSafeModeStatus(205)) - Update SafeModeStatus from SafeModeStatus{safeModeStatus=true, preCheckPassed=false} to SafeModeStatus{safeModeStatus=true, preCheckPassed=true}.
2021-11-02 20:08:46,022 [EventQueue-NodeRegistrationContainerReportForDataNodeSafeModeRule] INFO  pipeline.BackgroundPipelineCreator (BackgroundPipelineCreator.java:notifyEventTriggered(285)) - trigger a one-shot run on RatisPipelineUtilsThread.
2021-11-02 20:08:46,022 [RatisPipelineUtilsThread - 0] INFO  pipeline.RatisPipelineProvider (RatisPipelineProvider.java:lambda$create$0(183)) - Sending CreatePipelineCommand for pipeline:PipelineID=01b691cd-d7e1-47f2-99aa-ac1f8a7a189d to datanode:8beef4f3-0fbd-4019-b5e6-bba09cd08c94
2021-11-02 20:08:46,023 [RatisPipelineUtilsThread - 0] INFO  pipeline.PipelineStateManagerImpl (PipelineStateManagerImpl.java:addPipeline(101)) - Created pipeline Pipeline[ Id: 01b691cd-d7e1-47f2-99aa-ac1f8a7a189d, Nodes: 8beef4f3-0fbd-4019-b5e6-bba09cd08c94{ip: 10.1.0.43, host: fv-az270-10.tacnzluakwdehk1hpragurqkma.bx.internal.cloudapp.net, ports: [REPLICATION=43609, RATIS=38223, RATIS_ADMIN=38223, RATIS_SERVER=38223, STANDALONE=41893], networkLocation: /default-rack, certSerialId: null, persistedOpState: IN_SERVICE, persistedOpStateExpiryEpochSec: 0}, ReplicationConfig: RATIS/ONE, State:ALLOCATED, leaderId:, CreationTimestamp2021-11-02T20:08:46.022Z[Etc/UTC]].
2021-11-02 20:08:46,026 [RatisPipelineUtilsThread - 0] INFO  pipeline.RatisPipelineProvider (RatisPipelineProvider.java:lambda$create$0(183)) - Sending CreatePipelineCommand for pipeline:PipelineID=b20f77e3-3e8d-4f3e-8917-6f4cf07a18b4 to datanode:8be7216b-e793-4943-b762-e8d5e6b4b962
2021-11-02 20:08:46,026 [RatisPipelineUtilsThread - 0] INFO  pipeline.RatisPipelineProvider (RatisPipelineProvider.java:lambda$create$0(183)) - Sending CreatePipelineCommand for pipeline:PipelineID=b20f77e3-3e8d-4f3e-8917-6f4cf07a18b4 to datanode:8beef4f3-0fbd-4019-b5e6-bba09cd08c94
2021-11-02 20:08:46,026 [RatisPipelineUtilsThread - 0] INFO  pipeline.RatisPipelineProvider (RatisPipelineProvider.java:lambda$create$0(183)) - Sending CreatePipelineCommand for pipeline:PipelineID=b20f77e3-3e8d-4f3e-8917-6f4cf07a18b4 to datanode:6d11dc31-4e47-4309-a917-8638e8d3619f
2021-11-02 20:08:46,027 [RatisPipelineUtilsThread - 0] INFO  pipeline.PipelineStateManagerImpl (PipelineStateManagerImpl.java:addPipeline(101)) - Created pipeline Pipeline[ Id: b20f77e3-3e8d-4f3e-8917-6f4cf07a18b4, Nodes: 8be7216b-e793-4943-b762-e8d5e6b4b962{ip: 10.1.0.43, host: fv-az270-10.tacnzluakwdehk1hpragurqkma.bx.internal.cloudapp.net, ports: [REPLICATION=39543, RATIS=37879, RATIS_ADMIN=37879, RATIS_SERVER=37879, STANDALONE=46217], networkLocation: /default-rack, certSerialId: null, persistedOpState: IN_SERVICE, persistedOpStateExpiryEpochSec: 0}8beef4f3-0fbd-4019-b5e6-bba09cd08c94{ip: 10.1.0.43, host: fv-az270-10.tacnzluakwdehk1hpragurqkma.bx.internal.cloudapp.net, ports: [REPLICATION=43609, RATIS=38223, RATIS_ADMIN=38223, RATIS_SERVER=38223, STANDALONE=41893], networkLocation: /default-rack, certSerialId: null, persistedOpState: IN_SERVICE, persistedOpStateExpiryEpochSec: 0}6d11dc31-4e47-4309-a917-8638e8d3619f{ip: 10.1.0.43, host: fv-az270-10.tacnzluakwdehk1hpragurqkma.bx.internal.cloudapp.net, ports: [REPLICATION=38317, RATIS=41415, RATIS_ADMIN=41415, RATIS_SERVER=41415, STANDALONE=34003], networkLocation: /default-rack, certSerialId: null, persistedOpState: IN_SERVICE, persistedOpStateExpiryEpochSec: 0}, ReplicationConfig: RATIS/THREE, State:ALLOCATED, leaderId:, CreationTimestamp2021-11-02T20:08:46.026Z[Etc/UTC]].
2021-11-02 20:08:46,028 [RatisPipelineUtilsThread - 0] INFO  pipeline.RatisPipelineProvider (RatisPipelineProvider.java:lambda$create$0(183)) - Sending CreatePipelineCommand for pipeline:PipelineID=24c472d2-c125-4ff6-8df4-ac5538030de3 to datanode:8beef4f3-0fbd-4019-b5e6-bba09cd08c94
2021-11-02 20:08:46,028 [RatisPipelineUtilsThread - 0] INFO  pipeline.RatisPipelineProvider (RatisPipelineProvider.java:lambda$create$0(183)) - Sending CreatePipelineCommand for pipeline:PipelineID=24c472d2-c125-4ff6-8df4-ac5538030de3 to datanode:6d11dc31-4e47-4309-a917-8638e8d3619f
2021-11-02 20:08:46,028 [RatisPipelineUtilsThread - 0] INFO  pipeline.RatisPipelineProvider (RatisPipelineProvider.java:lambda$create$0(183)) - Sending CreatePipelineCommand for pipeline:PipelineID=24c472d2-c125-4ff6-8df4-ac5538030de3 to datanode:8be7216b-e793-4943-b762-e8d5e6b4b962
2021-11-02 20:08:46,029 [RatisPipelineUtilsThread - 0] INFO  pipeline.PipelineStateManagerImpl (PipelineStateManagerImpl.java:addPipeline(101)) - Created pipeline Pipeline[ Id: 24c472d2-c125-4ff6-8df4-ac5538030de3, Nodes: 8beef4f3-0fbd-4019-b5e6-bba09cd08c94{ip: 10.1.0.43, host: fv-az270-10.tacnzluakwdehk1hpragurqkma.bx.internal.cloudapp.net, ports: [REPLICATION=43609, RATIS=38223, RATIS_ADMIN=38223, RATIS_SERVER=38223, STANDALONE=41893], networkLocation: /default-rack, certSerialId: null, persistedOpState: IN_SERVICE, persistedOpStateExpiryEpochSec: 0}6d11dc31-4e47-4309-a917-8638e8d3619f{ip: 10.1.0.43, host: fv-az270-10.tacnzluakwdehk1hpragurqkma.bx.internal.cloudapp.net, ports: [REPLICATION=38317, RATIS=41415, RATIS_ADMIN=41415, RATIS_SERVER=41415, STANDALONE=34003], networkLocation: /default-rack, certSerialId: null, persistedOpState: IN_SERVICE, persistedOpStateExpiryEpochSec: 0}8be7216b-e793-4943-b762-e8d5e6b4b962{ip: 10.1.0.43, host: fv-az270-10.tacnzluakwdehk1hpragurqkma.bx.internal.cloudapp.net, ports: [REPLICATION=39543, RATIS=37879, RATIS_ADMIN=37879, RATIS_SERVER=37879, STANDALONE=46217], networkLocation: /default-rack, certSerialId: null, persistedOpState: IN_SERVICE, persistedOpStateExpiryEpochSec: 0}, ReplicationConfig: RATIS/THREE, State:ALLOCATED, leaderId:, CreationTimestamp2021-11-02T20:08:46.028Z[Etc/UTC]].
2021-11-02 20:08:46,029 [RatisPipelineUtilsThread - 0] INFO  pipeline.PipelineManagerImpl (PipelineManagerImpl.java:recordMetricsForPipeline(620)) - Pipeline: PipelineID=24c472d2-c125-4ff6-8df4-ac5538030de3 contains same datanodes as previous pipelines: PipelineID=b20f77e3-3e8d-4f3e-8917-6f4cf07a18b4 nodeIds: 8beef4f3-0fbd-4019-b5e6-bba09cd08c94, 6d11dc31-4e47-4309-a917-8638e8d3619f, 8be7216b-e793-4943-b762-e8d5e6b4b962
2021-11-02 20:08:47,013 [Listener at 127.0.0.1/10620] INFO  ozone.MiniOzoneClusterImpl (MiniOzoneClusterImpl.java:lambda$waitForClusterToBeReady$0(235)) - Nodes are ready. Got 3 of 3 DN Heartbeats.
2021-11-02 20:08:47,014 [Listener at 127.0.0.1/10620] INFO  ozone.MiniOzoneClusterImpl (MiniOzoneClusterImpl.java:lambda$waitForClusterToBeReady$0(238)) - Waiting for cluster to exit safe mode
2021-11-02 20:08:47,015 [Listener at 127.0.0.1/10620] INFO  ozone.MiniOzoneClusterImpl (MiniOzoneClusterImpl.java:lambda$waitForClusterToBeReady$0(240)) - SCM became leader
2021-11-02 20:08:48,015 [Listener at 127.0.0.1/10620] INFO  ozone.MiniOzoneClusterImpl (MiniOzoneClusterImpl.java:lambda$waitForClusterToBeReady$0(235)) - Nodes are ready. Got 3 of 3 DN Heartbeats.
2021-11-02 20:08:48,015 [Listener at 127.0.0.1/10620] INFO  ozone.MiniOzoneClusterImpl (MiniOzoneClusterImpl.java:lambda$waitForClusterToBeReady$0(238)) - Waiting for cluster to exit safe mode
2021-11-02 20:08:48,016 [Listener at 127.0.0.1/10620] INFO  ozone.MiniOzoneClusterImpl (MiniOzoneClusterImpl.java:lambda$waitForClusterToBeReady$0(240)) - SCM became leader
2021-11-02 20:08:48,060 [Command processor thread] INFO  server.RaftServer (RaftServerProxy.java:addNew(95)) - 6d11dc31-4e47-4309-a917-8638e8d3619f: addNew group-07E0AF6682BC:[6d11dc31-4e47-4309-a917-8638e8d3619f|rpc:10.1.0.43:41415|priority:1] returns group-07E0AF6682BC:java.util.concurrent.CompletableFuture@137be2b9[Not completed]
2021-11-02 20:08:48,067 [pool-97-thread-1] INFO  server.RaftServer$Division (RaftServerImpl.java:<init>(184)) - 6d11dc31-4e47-4309-a917-8638e8d3619f: new RaftServerImpl for group-07E0AF6682BC:[6d11dc31-4e47-4309-a917-8638e8d3619f|rpc:10.1.0.43:41415|priority:1] with ContainerStateMachine:uninitialized
2021-11-02 20:08:48,068 [pool-97-thread-1] INFO  server.RaftServerConfigKeys (ConfUtils.java:logGet(44)) - raft.server.rpc.timeout.min = 5s (custom)
2021-11-02 20:08:48,068 [pool-97-thread-1] INFO  server.RaftServerConfigKeys (ConfUtils.java:logGet(44)) - raft.server.rpc.timeout.max = 5200ms (custom)
2021-11-02 20:08:48,068 [pool-97-thread-1] INFO  server.RaftServerConfigKeys (ConfUtils.java:logGet(44)) - raft.server.rpc.sleep.time = 25ms (default)
2021-11-02 20:08:48,068 [pool-97-thread-1] INFO  server.RaftServerConfigKeys (ConfUtils.java:logGet(44)) - raft.server.rpc.slowness.timeout = 300s (custom)
2021-11-02 20:08:48,068 [pool-97-thread-1] INFO  server.RaftServerConfigKeys (ConfUtils.java:logGet(44)) - raft.server.leaderelection.leader.step-down.wait-time = 10s (default)
2021-11-02 20:08:48,068 [pool-97-thread-1] INFO  server.RaftServerConfigKeys (ConfUtils.java:logGet(44)) - raft.server.sleep.deviation.threshold = 300ms (default)
2021-11-02 20:08:48,068 [pool-97-thread-1] INFO  server.RaftServerConfigKeys (ConfUtils.java:logGet(44)) - raft.server.log.appender.install.snapshot.enabled = false (custom)
2021-11-02 20:08:48,068 [pool-97-thread-1] INFO  server.RaftServer$Division (ServerState.java:<init>(105)) - 6d11dc31-4e47-4309-a917-8638e8d3619f@group-07E0AF6682BC: ConfigurationManager, init=-1: [6d11dc31-4e47-4309-a917-8638e8d3619f|rpc:10.1.0.43:41415|priority:1], old=null, confs=<EMPTY_MAP>
2021-11-02 20:08:48,069 [pool-97-thread-1] INFO  server.RaftServerConfigKeys (ConfUtils.java:logGet(44)) - raft.server.storage.dir = [/home/runner/work/ozone/ozone/hadoop-ozone/integration-test/target/test-dir/MiniOzoneClusterImpl-76263e8f-62ab-412a-8766-4a189fbce95f/datanode-0/data/ratis] (custom)
2021-11-02 20:08:48,069 [pool-97-thread-1] INFO  server.RaftServerConfigKeys (ConfUtils.java:logGet(44)) - raft.server.log.corruption.policy = EXCEPTION (default)
2021-11-02 20:08:48,069 [pool-97-thread-1] INFO  server.RaftServerConfigKeys (ConfUtils.java:logGet(44)) - raft.server.storage.free-space.min = 0MB (=0) (default)
2021-11-02 20:08:48,069 [pool-97-thread-1] INFO  storage.RaftStorageDirectory (RaftStorageDirectoryImpl.java:analyzeStorage(135)) - The storage directory /home/runner/work/ozone/ozone/hadoop-ozone/integration-test/target/test-dir/MiniOzoneClusterImpl-76263e8f-62ab-412a-8766-4a189fbce95f/datanode-0/data/ratis/2cf1aa20-5dad-4990-985a-07e0af6682bc does not exist. Creating ...
2021-11-02 20:08:48,070 [pool-97-thread-1] INFO  storage.RaftStorageDirectory (RaftStorageDirectoryImpl.java:tryLock(230)) - Lock on /home/runner/work/ozone/ozone/hadoop-ozone/integration-test/target/test-dir/MiniOzoneClusterImpl-76263e8f-62ab-412a-8766-4a189fbce95f/datanode-0/data/ratis/2cf1aa20-5dad-4990-985a-07e0af6682bc/in_use.lock acquired by nodename 14135@fv-az270-10
2021-11-02 20:08:48,072 [pool-97-thread-1] INFO  storage.RaftStorage (RaftStorageImpl.java:format(89)) - Storage directory /home/runner/work/ozone/ozone/hadoop-ozone/integration-test/target/test-dir/MiniOzoneClusterImpl-76263e8f-62ab-412a-8766-4a189fbce95f/datanode-0/data/ratis/2cf1aa20-5dad-4990-985a-07e0af6682bc has been successfully formatted.
2021-11-02 20:08:48,087 [pool-97-thread-1] INFO  ratis.ContainerStateMachine (ContainerStateMachine.java:loadSnapshot(224)) - group-07E0AF6682BC: The snapshot info is null. Setting the last applied indexto:(t:0, i:~)
2021-11-02 20:08:48,088 [pool-97-thread-1] INFO  server.RaftServerConfigKeys (ConfUtils.java:logGet(44)) - raft.server.notification.no-leader.timeout = 300s (custom)
2021-11-02 20:08:48,088 [pool-97-thread-1] INFO  server.RaftServerConfigKeys (ConfUtils.java:logGet(44)) - raft.server.log.use.memory = false (default)
2021-11-02 20:08:48,088 [pool-97-thread-1] INFO  server.RaftServerConfigKeys (ConfUtils.java:logGet(44)) - raft.server.log.purge.gap = 1000000 (custom)
2021-11-02 20:08:48,088 [pool-97-thread-1] INFO  server.RaftServerConfigKeys (ConfUtils.java:logGet(44)) - raft.server.log.appender.buffer.byte-limit = 33554432 (custom)
2021-11-02 20:08:48,088 [pool-97-thread-1] INFO  server.RaftServerConfigKeys (ConfUtils.java:logGet(44)) - raft.server.log.segment.size.max = 1048576 (custom)
2021-11-02 20:08:48,089 [pool-97-thread-1] INFO  server.RaftServerConfigKeys (ConfUtils.java:logGet(44)) - raft.server.log.segment.cache.num.max = 2 (custom)
2021-11-02 20:08:48,089 [pool-97-thread-1] INFO  server.RaftServerConfigKeys (ConfUtils.java:logGet(44)) - raft.server.log.segment.cache.size.max = 200MB (=209715200) (default)
2021-11-02 20:08:48,089 [pool-97-thread-1] INFO  segmented.SegmentedRaftLogWorker (SegmentedRaftLogWorker.java:<init>(182)) - new 6d11dc31-4e47-4309-a917-8638e8d3619f@group-07E0AF6682BC-SegmentedRaftLogWorker for RaftStorageImpl:Storage Directory /home/runner/work/ozone/ozone/hadoop-ozone/integration-test/target/test-dir/MiniOzoneClusterImpl-76263e8f-62ab-412a-8766-4a189fbce95f/datanode-0/data/ratis/2cf1aa20-5dad-4990-985a-07e0af6682bc
2021-11-02 20:08:48,089 [pool-97-thread-1] INFO  server.RaftServerConfigKeys (ConfUtils.java:logGet(44)) - raft.server.log.queue.byte-limit = 2147483647 (custom)
2021-11-02 20:08:48,089 [pool-97-thread-1] INFO  server.RaftServerConfigKeys (ConfUtils.java:logGet(44)) - raft.server.log.queue.element-limit = 1024 (custom)
2021-11-02 20:08:48,089 [pool-97-thread-1] INFO  server.RaftServerConfigKeys (ConfUtils.java:logGet(44)) - raft.server.log.segment.size.max = 1048576 (custom)
2021-11-02 20:08:48,089 [pool-97-thread-1] INFO  server.RaftServerConfigKeys (ConfUtils.java:logGet(44)) - raft.server.log.preallocated.size = 16384 (custom)
2021-11-02 20:08:48,089 [pool-97-thread-1] INFO  server.RaftServerConfigKeys (ConfUtils.java:logGet(44)) - raft.server.log.force.sync.num = 128 (default)
2021-11-02 20:08:48,090 [pool-97-thread-1] INFO  server.RaftServerConfigKeys (ConfUtils.java:logGet(44)) - raft.server.log.statemachine.data.sync = true (default)
2021-11-02 20:08:48,090 [pool-97-thread-1] INFO  server.RaftServerConfigKeys (ConfUtils.java:logGet(44)) - raft.server.log.statemachine.data.sync.timeout = 10s (default)
2021-11-02 20:08:48,090 [pool-97-thread-1] INFO  server.RaftServerConfigKeys (ConfUtils.java:logGet(44)) - raft.server.log.statemachine.data.sync.timeout.retry = -1 (default)
2021-11-02 20:08:48,091 [pool-97-thread-1] INFO  server.RaftServerConfigKeys (ConfUtils.java:logGet(44)) - raft.server.log.write.buffer.size = 1048576 (custom)
2021-11-02 20:08:48,091 [pool-97-thread-1] INFO  server.RaftServerConfigKeys (ConfUtils.java:logGet(44)) - raft.server.log.statemachine.data.caching.enabled = true (custom)
2021-11-02 20:08:48,091 [pool-97-thread-1] INFO  segmented.SegmentedRaftLogWorker (SegmentedRaftLogWorker.java:lambda$new$0(133)) - 6d11dc31-4e47-4309-a917-8638e8d3619f@group-07E0AF6682BC-SegmentedRaftLogWorker: flushIndex: setUnconditionally 0 -> -1
2021-11-02 20:08:48,092 [pool-97-thread-1] INFO  segmented.SegmentedRaftLogWorker (SegmentedRaftLogWorker.java:lambda$new$0(133)) - 6d11dc31-4e47-4309-a917-8638e8d3619f@group-07E0AF6682BC-SegmentedRaftLogWorker: safeCacheEvictIndex: setUnconditionally 0 -> -1
2021-11-02 20:08:48,095 [pool-97-thread-1] INFO  server.RaftServerConfigKeys (ConfUtils.java:logGet(44)) - raft.server.snapshot.auto.trigger.enabled = true (custom)
2021-11-02 20:08:48,095 [EventQueue-PipelineReportForPipelineReportHandler] INFO  pipeline.PipelineManagerImpl (PipelineManagerImpl.java:openPipeline(289)) - Pipeline Pipeline[ Id: 2cf1aa20-5dad-4990-985a-07e0af6682bc, Nodes: 6d11dc31-4e47-4309-a917-8638e8d3619f{ip: 10.1.0.43, host: fv-az270-10.tacnzluakwdehk1hpragurqkma.bx.internal.cloudapp.net, ports: [REPLICATION=38317, RATIS=41415, RATIS_ADMIN=41415, RATIS_SERVER=41415, STANDALONE=34003], networkLocation: /default-rack, certSerialId: null, persistedOpState: IN_SERVICE, persistedOpStateExpiryEpochSec: 0}, ReplicationConfig: RATIS/ONE, State:ALLOCATED, leaderId:6d11dc31-4e47-4309-a917-8638e8d3619f, CreationTimestamp2021-11-02T20:08:45.099Z[Etc/UTC]] moved to OPEN state
2021-11-02 20:08:48,095 [pool-97-thread-1] INFO  server.RaftServerConfigKeys (ConfUtils.java:logGet(44)) - raft.server.snapshot.auto.trigger.threshold = 10000 (custom)
2021-11-02 20:08:48,095 [pool-97-thread-1] INFO  server.RaftServerConfigKeys (ConfUtils.java:logGet(44)) - raft.server.snapshot.retention.file.num = 5 (custom)
2021-11-02 20:08:48,095 [pool-97-thread-1] INFO  server.RaftServerConfigKeys (ConfUtils.java:logGet(44)) - raft.server.log.purge.upto.snapshot.index = false (default)
2021-11-02 20:08:48,095 [pool-97-thread-1] INFO  server.RaftServerConfigKeys (ConfUtils.java:logGet(44)) - raft.server.retrycache.expirytime = 600000ms (custom)
2021-11-02 20:08:48,096 [pool-97-thread-1] INFO  server.RaftServerConfigKeys (ConfUtils.java:logGet(44)) - raft.server.retrycache.statistics.expirytime = 100μs (default)
2021-11-02 20:08:48,101 [pool-97-thread-1] INFO  server.RaftServer$Division (RaftServerImpl.java:start(301)) - 6d11dc31-4e47-4309-a917-8638e8d3619f@group-07E0AF6682BC: start as a follower, conf=-1: [6d11dc31-4e47-4309-a917-8638e8d3619f|rpc:10.1.0.43:41415|priority:1], old=null
2021-11-02 20:08:48,101 [pool-97-thread-1] INFO  server.RaftServer$Division (RaftServerImpl.java:setRole(290)) - 6d11dc31-4e47-4309-a917-8638e8d3619f@group-07E0AF6682BC: changes role from      null to FOLLOWER at term 0 for startAsFollower
2021-11-02 20:08:48,101 [pool-97-thread-1] INFO  impl.RoleInfo (RoleInfo.java:updateAndGet(130)) - 6d11dc31-4e47-4309-a917-8638e8d3619f: start 6d11dc31-4e47-4309-a917-8638e8d3619f@group-07E0AF6682BC-FollowerState
2021-11-02 20:08:48,104 [pool-97-thread-1] INFO  util.JmxRegister (JmxRegister.java:tryRegister(44)) - Successfully registered JMX Bean with object name Ratis:service=RaftServer,group=group-07E0AF6682BC,id=6d11dc31-4e47-4309-a917-8638e8d3619f
2021-11-02 20:08:48,107 [EventQueue-OpenPipelineForHealthyPipelineSafeModeRule] INFO  safemode.SCMSafeModeManager (HealthyPipelineSafeModeRule.java:process(124)) - SCM in safe mode. Healthy pipelines reported count is 0, required healthy pipeline reported count is 1
2021-11-02 20:08:48,115 [Command processor thread] INFO  ratis.XceiverServerRatis (XceiverServerRatis.java:addGroup(768)) - Created group PipelineID=2cf1aa20-5dad-4990-985a-07e0af6682bc
2021-11-02 20:08:48,116 [Command processor thread] INFO  commandhandler.CreatePipelineCommandHandler (CreatePipelineCommandHandler.java:handle(106)) - Created Pipeline RATIS ONE PipelineID=2cf1aa20-5dad-4990-985a-07e0af6682bc.
2021-11-02 20:08:48,116 [Command processor thread] INFO  server.RaftServer (RaftServerProxy.java:addNew(95)) - 6d11dc31-4e47-4309-a917-8638e8d3619f: addNew group-6F4CF07A18B4:[8beef4f3-0fbd-4019-b5e6-bba09cd08c94|rpc:10.1.0.43:38223|priority:1, 6d11dc31-4e47-4309-a917-8638e8d3619f|rpc:10.1.0.43:41415|priority:0, 8be7216b-e793-4943-b762-e8d5e6b4b962|rpc:10.1.0.43:37879|priority:0] returns group-6F4CF07A18B4:java.util.concurrent.CompletableFuture@ae75465[Not completed]
2021-11-02 20:08:48,117 [pool-97-thread-1] INFO  server.RaftServer$Division (RaftServerImpl.java:<init>(184)) - 6d11dc31-4e47-4309-a917-8638e8d3619f: new RaftServerImpl for group-6F4CF07A18B4:[8beef4f3-0fbd-4019-b5e6-bba09cd08c94|rpc:10.1.0.43:38223|priority:1, 6d11dc31-4e47-4309-a917-8638e8d3619f|rpc:10.1.0.43:41415|priority:0, 8be7216b-e793-4943-b762-e8d5e6b4b962|rpc:10.1.0.43:37879|priority:0] with ContainerStateMachine:uninitialized
2021-11-02 20:08:48,117 [pool-97-thread-1] INFO  server.RaftServerConfigKeys (ConfUtils.java:logGet(44)) - raft.server.rpc.timeout.min = 5s (custom)
2021-11-02 20:08:48,117 [pool-97-thread-1] INFO  server.RaftServerConfigKeys (ConfUtils.java:logGet(44)) - raft.server.rpc.timeout.max = 5200ms (custom)
2021-11-02 20:08:48,117 [pool-97-thread-1] INFO  server.RaftServerConfigKeys (ConfUtils.java:logGet(44)) - raft.server.rpc.sleep.time = 25ms (default)
2021-11-02 20:08:48,117 [pool-97-thread-1] INFO  server.RaftServerConfigKeys (ConfUtils.java:logGet(44)) - raft.server.rpc.slowness.timeout = 300s (custom)
2021-11-02 20:08:48,117 [pool-97-thread-1] INFO  server.RaftServerConfigKeys (ConfUtils.java:logGet(44)) - raft.server.leaderelection.leader.step-down.wait-time = 10s (default)
2021-11-02 20:08:48,117 [pool-97-thread-1] INFO  server.RaftServerConfigKeys (ConfUtils.java:logGet(44)) - raft.server.sleep.deviation.threshold = 300ms (default)
2021-11-02 20:08:48,117 [pool-97-thread-1] INFO  server.RaftServerConfigKeys (ConfUtils.java:logGet(44)) - raft.server.log.appender.install.snapshot.enabled = false (custom)
2021-11-02 20:08:48,117 [pool-97-thread-1] INFO  server.RaftServer$Division (ServerState.java:<init>(105)) - 6d11dc31-4e47-4309-a917-8638e8d3619f@group-6F4CF07A18B4: ConfigurationManager, init=-1: [8beef4f3-0fbd-4019-b5e6-bba09cd08c94|rpc:10.1.0.43:38223|priority:1, 6d11dc31-4e47-4309-a917-8638e8d3619f|rpc:10.1.0.43:41415|priority:0, 8be7216b-e793-4943-b762-e8d5e6b4b962|rpc:10.1.0.43:37879|priority:0], old=null, confs=<EMPTY_MAP>
2021-11-02 20:08:48,117 [pool-97-thread-1] INFO  server.RaftServerConfigKeys (ConfUtils.java:logGet(44)) - raft.server.storage.dir = [/home/runner/work/ozone/ozone/hadoop-ozone/integration-test/target/test-dir/MiniOzoneClusterImpl-76263e8f-62ab-412a-8766-4a189fbce95f/datanode-0/data/ratis] (custom)
2021-11-02 20:08:48,118 [pool-97-thread-1] INFO  server.RaftServerConfigKeys (ConfUtils.java:logGet(44)) - raft.server.log.corruption.policy = EXCEPTION (default)
2021-11-02 20:08:48,118 [pool-97-thread-1] INFO  server.RaftServerConfigKeys (ConfUtils.java:logGet(44)) - raft.server.storage.free-space.min = 0MB (=0) (default)
2021-11-02 20:08:48,118 [pool-97-thread-1] INFO  storage.RaftStorageDirectory (RaftStorageDirectoryImpl.java:analyzeStorage(135)) - The storage directory /home/runner/work/ozone/ozone/hadoop-ozone/integration-test/target/test-dir/MiniOzoneClusterImpl-76263e8f-62ab-412a-8766-4a189fbce95f/datanode-0/data/ratis/b20f77e3-3e8d-4f3e-8917-6f4cf07a18b4 does not exist. Creating ...
2021-11-02 20:08:48,119 [pool-97-thread-1] INFO  storage.RaftStorageDirectory (RaftStorageDirectoryImpl.java:tryLock(230)) - Lock on /home/runner/work/ozone/ozone/hadoop-ozone/integration-test/target/test-dir/MiniOzoneClusterImpl-76263e8f-62ab-412a-8766-4a189fbce95f/datanode-0/data/ratis/b20f77e3-3e8d-4f3e-8917-6f4cf07a18b4/in_use.lock acquired by nodename 14135@fv-az270-10
2021-11-02 20:08:48,121 [pool-97-thread-1] INFO  storage.RaftStorage (RaftStorageImpl.java:format(89)) - Storage directory /home/runner/work/ozone/ozone/hadoop-ozone/integration-test/target/test-dir/MiniOzoneClusterImpl-76263e8f-62ab-412a-8766-4a189fbce95f/datanode-0/data/ratis/b20f77e3-3e8d-4f3e-8917-6f4cf07a18b4 has been successfully formatted.
2021-11-02 20:08:48,121 [pool-97-thread-1] INFO  ratis.ContainerStateMachine (ContainerStateMachine.java:loadSnapshot(224)) - group-6F4CF07A18B4: The snapshot info is null. Setting the last applied indexto:(t:0, i:~)
2021-11-02 20:08:48,127 [pool-97-thread-1] INFO  server.RaftServerConfigKeys (ConfUtils.java:logGet(44)) - raft.server.notification.no-leader.timeout = 300s (custom)
2021-11-02 20:08:48,127 [pool-97-thread-1] INFO  server.RaftServerConfigKeys (ConfUtils.java:logGet(44)) - raft.server.log.use.memory = false (default)
2021-11-02 20:08:48,127 [pool-97-thread-1] INFO  server.RaftServerConfigKeys (ConfUtils.java:logGet(44)) - raft.server.log.purge.gap = 1000000 (custom)
2021-11-02 20:08:48,128 [pool-97-thread-1] INFO  server.RaftServerConfigKeys (ConfUtils.java:logGet(44)) - raft.server.log.appender.buffer.byte-limit = 33554432 (custom)
2021-11-02 20:08:48,128 [pool-97-thread-1] INFO  server.RaftServerConfigKeys (ConfUtils.java:logGet(44)) - raft.server.log.segment.size.max = 1048576 (custom)
2021-11-02 20:08:48,128 [EventQueue-OpenPipelineForHealthyPipelineSafeModeRule] INFO  safemode.SCMSafeModeManager (HealthyPipelineSafeModeRule.java:process(124)) - SCM in safe mode. Healthy pipelines reported count is 0, required healthy pipeline reported count is 1
2021-11-02 20:08:48,129 [pool-97-thread-1] INFO  server.RaftServerConfigKeys (ConfUtils.java:logGet(44)) - raft.server.log.segment.cache.num.max = 2 (custom)
2021-11-02 20:08:48,129 [pool-97-thread-1] INFO  server.RaftServerConfigKeys (ConfUtils.java:logGet(44)) - raft.server.log.segment.cache.size.max = 200MB (=209715200) (default)
2021-11-02 20:08:48,129 [pool-97-thread-1] INFO  segmented.SegmentedRaftLogWorker (SegmentedRaftLogWorker.java:<init>(182)) - new 6d11dc31-4e47-4309-a917-8638e8d3619f@group-6F4CF07A18B4-SegmentedRaftLogWorker for RaftStorageImpl:Storage Directory /home/runner/work/ozone/ozone/hadoop-ozone/integration-test/target/test-dir/MiniOzoneClusterImpl-76263e8f-62ab-412a-8766-4a189fbce95f/datanode-0/data/ratis/b20f77e3-3e8d-4f3e-8917-6f4cf07a18b4
2021-11-02 20:08:48,129 [pool-97-thread-1] INFO  server.RaftServerConfigKeys (ConfUtils.java:logGet(44)) - raft.server.log.queue.byte-limit = 2147483647 (custom)
2021-11-02 20:08:48,134 [pool-97-thread-1] INFO  server.RaftServerConfigKeys (ConfUtils.java:logGet(44)) - raft.server.log.queue.element-limit = 1024 (custom)
2021-11-02 20:08:48,134 [pool-97-thread-1] INFO  server.RaftServerConfigKeys (ConfUtils.java:logGet(44)) - raft.server.log.segment.size.max = 1048576 (custom)
2021-11-02 20:08:48,134 [pool-97-thread-1] INFO  server.RaftServerConfigKeys (ConfUtils.java:logGet(44)) - raft.server.log.preallocated.size = 16384 (custom)
2021-11-02 20:08:48,135 [pool-97-thread-1] INFO  server.RaftServerConfigKeys (ConfUtils.java:logGet(44)) - raft.server.log.force.sync.num = 128 (default)
2021-11-02 20:08:48,135 [pool-97-thread-1] INFO  server.RaftServerConfigKeys (ConfUtils.java:logGet(44)) - raft.server.log.statemachine.data.sync = true (default)
2021-11-02 20:08:48,135 [pool-97-thread-1] INFO  server.RaftServerConfigKeys (ConfUtils.java:logGet(44)) - raft.server.log.statemachine.data.sync.timeout = 10s (default)
2021-11-02 20:08:48,135 [pool-97-thread-1] INFO  server.RaftServerConfigKeys (ConfUtils.java:logGet(44)) - raft.server.log.statemachine.data.sync.timeout.retry = -1 (default)
2021-11-02 20:08:48,136 [pool-97-thread-1] INFO  server.RaftServerConfigKeys (ConfUtils.java:logGet(44)) - raft.server.log.write.buffer.size = 1048576 (custom)
2021-11-02 20:08:48,137 [pool-97-thread-1] INFO  server.RaftServerConfigKeys (ConfUtils.java:logGet(44)) - raft.server.log.statemachine.data.caching.enabled = true (custom)
2021-11-02 20:08:48,137 [pool-97-thread-1] INFO  segmented.SegmentedRaftLogWorker (SegmentedRaftLogWorker.java:lambda$new$0(133)) - 6d11dc31-4e47-4309-a917-8638e8d3619f@group-6F4CF07A18B4-SegmentedRaftLogWorker: flushIndex: setUnconditionally 0 -> -1
2021-11-02 20:08:48,137 [pool-97-thread-1] INFO  segmented.SegmentedRaftLogWorker (SegmentedRaftLogWorker.java:lambda$new$0(133)) - 6d11dc31-4e47-4309-a917-8638e8d3619f@group-6F4CF07A18B4-SegmentedRaftLogWorker: safeCacheEvictIndex: setUnconditionally 0 -> -1
2021-11-02 20:08:48,137 [pool-97-thread-1] INFO  server.RaftServerConfigKeys (ConfUtils.java:logGet(44)) - raft.server.snapshot.auto.trigger.enabled = true (custom)
2021-11-02 20:08:48,137 [pool-97-thread-1] INFO  server.RaftServerConfigKeys (ConfUtils.java:logGet(44)) - raft.server.snapshot.auto.trigger.threshold = 10000 (custom)
2021-11-02 20:08:48,137 [pool-97-thread-1] INFO  server.RaftServerConfigKeys (ConfUtils.java:logGet(44)) - raft.server.snapshot.retention.file.num = 5 (custom)
2021-11-02 20:08:48,137 [pool-97-thread-1] INFO  server.RaftServerConfigKeys (ConfUtils.java:logGet(44)) - raft.server.log.purge.upto.snapshot.index = false (default)
2021-11-02 20:08:48,138 [pool-97-thread-1] INFO  server.RaftServerConfigKeys (ConfUtils.java:logGet(44)) - raft.server.retrycache.expirytime = 600000ms (custom)
2021-11-02 20:08:48,138 [pool-97-thread-1] INFO  server.RaftServerConfigKeys (ConfUtils.java:logGet(44)) - raft.server.retrycache.statistics.expirytime = 100μs (default)
2021-11-02 20:08:48,139 [pool-97-thread-1] INFO  server.RaftServer$Division (RaftServerImpl.java:start(301)) - 6d11dc31-4e47-4309-a917-8638e8d3619f@group-6F4CF07A18B4: start as a follower, conf=-1: [8beef4f3-0fbd-4019-b5e6-bba09cd08c94|rpc:10.1.0.43:38223|priority:1, 6d11dc31-4e47-4309-a917-8638e8d3619f|rpc:10.1.0.43:41415|priority:0, 8be7216b-e793-4943-b762-e8d5e6b4b962|rpc:10.1.0.43:37879|priority:0], old=null
2021-11-02 20:08:48,139 [pool-97-thread-1] INFO  server.RaftServer$Division (RaftServerImpl.java:setRole(290)) - 6d11dc31-4e47-4309-a917-8638e8d3619f@group-6F4CF07A18B4: changes role from      null to FOLLOWER at term 0 for startAsFollower
2021-11-02 20:08:48,139 [pool-97-thread-1] INFO  impl.RoleInfo (RoleInfo.java:updateAndGet(130)) - 6d11dc31-4e47-4309-a917-8638e8d3619f: start 6d11dc31-4e47-4309-a917-8638e8d3619f@group-6F4CF07A18B4-FollowerState
2021-11-02 20:08:48,139 [pool-97-thread-1] INFO  util.JmxRegister (JmxRegister.java:tryRegister(44)) - Successfully registered JMX Bean with object name Ratis:service=RaftServer,group=group-6F4CF07A18B4,id=6d11dc31-4e47-4309-a917-8638e8d3619f
2021-11-02 20:08:48,140 [Command processor thread] INFO  ratis.XceiverServerRatis (XceiverServerRatis.java:addGroup(768)) - Created group PipelineID=b20f77e3-3e8d-4f3e-8917-6f4cf07a18b4
2021-11-02 20:08:48,207 [grpc-default-executor-1] INFO  server.RaftServer (RaftServerProxy.java:addNew(95)) - 8be7216b-e793-4943-b762-e8d5e6b4b962: addNew group-6F4CF07A18B4:[8beef4f3-0fbd-4019-b5e6-bba09cd08c94|rpc:10.1.0.43:38223|dataStream:|priority:1, 6d11dc31-4e47-4309-a917-8638e8d3619f|rpc:10.1.0.43:41415|dataStream:|priority:0, 8be7216b-e793-4943-b762-e8d5e6b4b962|rpc:10.1.0.43:37879|dataStream:|priority:0] returns group-6F4CF07A18B4:java.util.concurrent.CompletableFuture@7545ae3c[Not completed]
2021-11-02 20:08:48,210 [pool-116-thread-1] INFO  server.RaftServer$Division (RaftServerImpl.java:<init>(184)) - 8be7216b-e793-4943-b762-e8d5e6b4b962: new RaftServerImpl for group-6F4CF07A18B4:[8beef4f3-0fbd-4019-b5e6-bba09cd08c94|rpc:10.1.0.43:38223|dataStream:|priority:1, 6d11dc31-4e47-4309-a917-8638e8d3619f|rpc:10.1.0.43:41415|dataStream:|priority:0, 8be7216b-e793-4943-b762-e8d5e6b4b962|rpc:10.1.0.43:37879|dataStream:|priority:0] with ContainerStateMachine:uninitialized
2021-11-02 20:08:48,211 [pool-116-thread-1] INFO  server.RaftServerConfigKeys (ConfUtils.java:logGet(44)) - raft.server.rpc.timeout.min = 5s (custom)
2021-11-02 20:08:48,211 [pool-116-thread-1] INFO  server.RaftServerConfigKeys (ConfUtils.java:logGet(44)) - raft.server.rpc.timeout.max = 5200ms (custom)
2021-11-02 20:08:48,211 [pool-116-thread-1] INFO  server.RaftServerConfigKeys (ConfUtils.java:logGet(44)) - raft.server.rpc.sleep.time = 25ms (default)
2021-11-02 20:08:48,211 [pool-116-thread-1] INFO  server.RaftServerConfigKeys (ConfUtils.java:logGet(44)) - raft.server.rpc.slowness.timeout = 300s (custom)
2021-11-02 20:08:48,211 [pool-116-thread-1] INFO  server.RaftServerConfigKeys (ConfUtils.java:logGet(44)) - raft.server.leaderelection.leader.step-down.wait-time = 10s (default)
2021-11-02 20:08:48,211 [pool-116-thread-1] INFO  server.RaftServerConfigKeys (ConfUtils.java:logGet(44)) - raft.server.sleep.deviation.threshold = 300ms (default)
2021-11-02 20:08:48,211 [pool-116-thread-1] INFO  server.RaftServerConfigKeys (ConfUtils.java:logGet(44)) - raft.server.log.appender.install.snapshot.enabled = false (custom)
2021-11-02 20:08:48,211 [pool-116-thread-1] INFO  server.RaftServer$Division (ServerState.java:<init>(105)) - 8be7216b-e793-4943-b762-e8d5e6b4b962@group-6F4CF07A18B4: ConfigurationManager, init=-1: [8beef4f3-0fbd-4019-b5e6-bba09cd08c94|rpc:10.1.0.43:38223|dataStream:|priority:1, 6d11dc31-4e47-4309-a917-8638e8d3619f|rpc:10.1.0.43:41415|dataStream:|priority:0, 8be7216b-e793-4943-b762-e8d5e6b4b962|rpc:10.1.0.43:37879|dataStream:|priority:0], old=null, confs=<EMPTY_MAP>
2021-11-02 20:08:48,212 [pool-116-thread-1] INFO  server.RaftServerConfigKeys (ConfUtils.java:logGet(44)) - raft.server.storage.dir = [/home/runner/work/ozone/ozone/hadoop-ozone/integration-test/target/test-dir/MiniOzoneClusterImpl-76263e8f-62ab-412a-8766-4a189fbce95f/datanode-1/data/ratis] (custom)
2021-11-02 20:08:48,212 [pool-116-thread-1] INFO  server.RaftServerConfigKeys (ConfUtils.java:logGet(44)) - raft.server.log.corruption.policy = EXCEPTION (default)
2021-11-02 20:08:48,212 [pool-116-thread-1] INFO  server.RaftServerConfigKeys (ConfUtils.java:logGet(44)) - raft.server.storage.free-space.min = 0MB (=0) (default)
2021-11-02 20:08:48,212 [pool-116-thread-1] INFO  storage.RaftStorageDirectory (RaftStorageDirectoryImpl.java:analyzeStorage(135)) - The storage directory /home/runner/work/ozone/ozone/hadoop-ozone/integration-test/target/test-dir/MiniOzoneClusterImpl-76263e8f-62ab-412a-8766-4a189fbce95f/datanode-1/data/ratis/b20f77e3-3e8d-4f3e-8917-6f4cf07a18b4 does not exist. Creating ...
2021-11-02 20:08:48,214 [pool-116-thread-1] INFO  storage.RaftStorageDirectory (RaftStorageDirectoryImpl.java:tryLock(230)) - Lock on /home/runner/work/ozone/ozone/hadoop-ozone/integration-test/target/test-dir/MiniOzoneClusterImpl-76263e8f-62ab-412a-8766-4a189fbce95f/datanode-1/data/ratis/b20f77e3-3e8d-4f3e-8917-6f4cf07a18b4/in_use.lock acquired by nodename 14135@fv-az270-10
2021-11-02 20:08:48,215 [pool-116-thread-1] INFO  storage.RaftStorage (RaftStorageImpl.java:format(89)) - Storage directory /home/runner/work/ozone/ozone/hadoop-ozone/integration-test/target/test-dir/MiniOzoneClusterImpl-76263e8f-62ab-412a-8766-4a189fbce95f/datanode-1/data/ratis/b20f77e3-3e8d-4f3e-8917-6f4cf07a18b4 has been successfully formatted.
2021-11-02 20:08:48,219 [pool-116-thread-1] INFO  ratis.ContainerStateMachine (ContainerStateMachine.java:loadSnapshot(224)) - group-6F4CF07A18B4: The snapshot info is null. Setting the last applied indexto:(t:0, i:~)
2021-11-02 20:08:48,226 [pool-116-thread-1] INFO  server.RaftServerConfigKeys (ConfUtils.java:logGet(44)) - raft.server.notification.no-leader.timeout = 300s (custom)
2021-11-02 20:08:48,227 [pool-116-thread-1] INFO  server.RaftServerConfigKeys (ConfUtils.java:logGet(44)) - raft.server.log.use.memory = false (default)
2021-11-02 20:08:48,227 [pool-116-thread-1] INFO  server.RaftServerConfigKeys (ConfUtils.java:logGet(44)) - raft.server.log.purge.gap = 1000000 (custom)
2021-11-02 20:08:48,227 [pool-116-thread-1] INFO  server.RaftServerConfigKeys (ConfUtils.java:logGet(44)) - raft.server.log.appender.buffer.byte-limit = 33554432 (custom)
2021-11-02 20:08:48,227 [pool-116-thread-1] INFO  server.RaftServerConfigKeys (ConfUtils.java:logGet(44)) - raft.server.log.segment.size.max = 1048576 (custom)
2021-11-02 20:08:48,229 [pool-116-thread-1] INFO  server.RaftServerConfigKeys (ConfUtils.java:logGet(44)) - raft.server.log.segment.cache.num.max = 2 (custom)
2021-11-02 20:08:48,233 [pool-116-thread-1] INFO  server.RaftServerConfigKeys (ConfUtils.java:logGet(44)) - raft.server.log.segment.cache.size.max = 200MB (=209715200) (default)
2021-11-02 20:08:48,233 [pool-116-thread-1] INFO  segmented.SegmentedRaftLogWorker (SegmentedRaftLogWorker.java:<init>(182)) - new 8be7216b-e793-4943-b762-e8d5e6b4b962@group-6F4CF07A18B4-SegmentedRaftLogWorker for RaftStorageImpl:Storage Directory /home/runner/work/ozone/ozone/hadoop-ozone/integration-test/target/test-dir/MiniOzoneClusterImpl-76263e8f-62ab-412a-8766-4a189fbce95f/datanode-1/data/ratis/b20f77e3-3e8d-4f3e-8917-6f4cf07a18b4
2021-11-02 20:08:48,233 [pool-116-thread-1] INFO  server.RaftServerConfigKeys (ConfUtils.java:logGet(44)) - raft.server.log.queue.byte-limit = 2147483647 (custom)
2021-11-02 20:08:48,233 [pool-116-thread-1] INFO  server.RaftServerConfigKeys (ConfUtils.java:logGet(44)) - raft.server.log.queue.element-limit = 1024 (custom)
2021-11-02 20:08:48,233 [pool-116-thread-1] INFO  server.RaftServerConfigKeys (ConfUtils.java:logGet(44)) - raft.server.log.segment.size.max = 1048576 (custom)
2021-11-02 20:08:48,233 [pool-116-thread-1] INFO  server.RaftServerConfigKeys (ConfUtils.java:logGet(44)) - raft.server.log.preallocated.size = 16384 (custom)
2021-11-02 20:08:48,233 [pool-116-thread-1] INFO  server.RaftServerConfigKeys (ConfUtils.java:logGet(44)) - raft.server.log.force.sync.num = 128 (default)
2021-11-02 20:08:48,233 [pool-116-thread-1] INFO  server.RaftServerConfigKeys (ConfUtils.java:logGet(44)) - raft.server.log.statemachine.data.sync = true (default)
2021-11-02 20:08:48,233 [pool-116-thread-1] INFO  server.RaftServerConfigKeys (ConfUtils.java:logGet(44)) - raft.server.log.statemachine.data.sync.timeout = 10s (default)
2021-11-02 20:08:48,234 [pool-116-thread-1] INFO  server.RaftServerConfigKeys (ConfUtils.java:logGet(44)) - raft.server.log.statemachine.data.sync.timeout.retry = -1 (default)
2021-11-02 20:08:48,234 [pool-116-thread-1] INFO  server.RaftServerConfigKeys (ConfUtils.java:logGet(44)) - raft.server.log.write.buffer.size = 1048576 (custom)
2021-11-02 20:08:48,235 [pool-116-thread-1] INFO  server.RaftServerConfigKeys (ConfUtils.java:logGet(44)) - raft.server.log.statemachine.data.caching.enabled = true (custom)
2021-11-02 20:08:48,235 [pool-116-thread-1] INFO  segmented.SegmentedRaftLogWorker (SegmentedRaftLogWorker.java:lambda$new$0(133)) - 8be7216b-e793-4943-b762-e8d5e6b4b962@group-6F4CF07A18B4-SegmentedRaftLogWorker: flushIndex: setUnconditionally 0 -> -1
2021-11-02 20:08:48,235 [pool-116-thread-1] INFO  segmented.SegmentedRaftLogWorker (SegmentedRaftLogWorker.java:lambda$new$0(133)) - 8be7216b-e793-4943-b762-e8d5e6b4b962@group-6F4CF07A18B4-SegmentedRaftLogWorker: safeCacheEvictIndex: setUnconditionally 0 -> -1
2021-11-02 20:08:48,235 [pool-116-thread-1] INFO  server.RaftServerConfigKeys (ConfUtils.java:logGet(44)) - raft.server.snapshot.auto.trigger.enabled = true (custom)
2021-11-02 20:08:48,236 [pool-116-thread-1] INFO  server.RaftServerConfigKeys (ConfUtils.java:logGet(44)) - raft.server.snapshot.auto.trigger.threshold = 10000 (custom)
2021-11-02 20:08:48,236 [pool-116-thread-1] INFO  server.RaftServerConfigKeys (ConfUtils.java:logGet(44)) - raft.server.snapshot.retention.file.num = 5 (custom)
2021-11-02 20:08:48,236 [pool-116-thread-1] INFO  server.RaftServerConfigKeys (ConfUtils.java:logGet(44)) - raft.server.log.purge.upto.snapshot.index = false (default)
2021-11-02 20:08:48,236 [pool-116-thread-1] INFO  server.RaftServerConfigKeys (ConfUtils.java:logGet(44)) - raft.server.retrycache.expirytime = 600000ms (custom)
2021-11-02 20:08:48,236 [pool-116-thread-1] INFO  server.RaftServerConfigKeys (ConfUtils.java:logGet(44)) - raft.server.retrycache.statistics.expirytime = 100μs (default)
2021-11-02 20:08:48,237 [pool-116-thread-1] INFO  server.RaftServer$Division (RaftServerImpl.java:start(301)) - 8be7216b-e793-4943-b762-e8d5e6b4b962@group-6F4CF07A18B4: start as a follower, conf=-1: [8beef4f3-0fbd-4019-b5e6-bba09cd08c94|rpc:10.1.0.43:38223|dataStream:|priority:1, 6d11dc31-4e47-4309-a917-8638e8d3619f|rpc:10.1.0.43:41415|dataStream:|priority:0, 8be7216b-e793-4943-b762-e8d5e6b4b962|rpc:10.1.0.43:37879|dataStream:|priority:0], old=null
2021-11-02 20:08:48,237 [pool-116-thread-1] INFO  server.RaftServer$Division (RaftServerImpl.java:setRole(290)) - 8be7216b-e793-4943-b762-e8d5e6b4b962@group-6F4CF07A18B4: changes role from      null to FOLLOWER at term 0 for startAsFollower
2021-11-02 20:08:48,237 [pool-116-thread-1] INFO  impl.RoleInfo (RoleInfo.java:updateAndGet(130)) - 8be7216b-e793-4943-b762-e8d5e6b4b962: start 8be7216b-e793-4943-b762-e8d5e6b4b962@group-6F4CF07A18B4-FollowerState
2021-11-02 20:08:48,239 [pool-116-thread-1] INFO  util.JmxRegister (JmxRegister.java:tryRegister(44)) - Successfully registered JMX Bean with object name Ratis:service=RaftServer,group=group-6F4CF07A18B4,id=8be7216b-e793-4943-b762-e8d5e6b4b962
2021-11-02 20:08:48,317 [grpc-default-executor-1] INFO  server.RaftServer (RaftServerProxy.java:addNew(95)) - 8beef4f3-0fbd-4019-b5e6-bba09cd08c94: addNew group-6F4CF07A18B4:[8beef4f3-0fbd-4019-b5e6-bba09cd08c94|rpc:10.1.0.43:38223|dataStream:|priority:1, 6d11dc31-4e47-4309-a917-8638e8d3619f|rpc:10.1.0.43:41415|dataStream:|priority:0, 8be7216b-e793-4943-b762-e8d5e6b4b962|rpc:10.1.0.43:37879|dataStream:|priority:0] returns group-6F4CF07A18B4:java.util.concurrent.CompletableFuture@7efcfa99[Not completed]
2021-11-02 20:08:48,319 [pool-135-thread-1] INFO  server.RaftServer$Division (RaftServerImpl.java:<init>(184)) - 8beef4f3-0fbd-4019-b5e6-bba09cd08c94: new RaftServerImpl for group-6F4CF07A18B4:[8beef4f3-0fbd-4019-b5e6-bba09cd08c94|rpc:10.1.0.43:38223|dataStream:|priority:1, 6d11dc31-4e47-4309-a917-8638e8d3619f|rpc:10.1.0.43:41415|dataStream:|priority:0, 8be7216b-e793-4943-b762-e8d5e6b4b962|rpc:10.1.0.43:37879|dataStream:|priority:0] with ContainerStateMachine:uninitialized
2021-11-02 20:08:48,323 [pool-135-thread-1] INFO  server.RaftServerConfigKeys (ConfUtils.java:logGet(44)) - raft.server.rpc.timeout.min = 5s (custom)
2021-11-02 20:08:48,323 [pool-135-thread-1] INFO  server.RaftServerConfigKeys (ConfUtils.java:logGet(44)) - raft.server.rpc.timeout.max = 5200ms (custom)
2021-11-02 20:08:48,323 [pool-135-thread-1] INFO  server.RaftServerConfigKeys (ConfUtils.java:logGet(44)) - raft.server.rpc.sleep.time = 25ms (default)
2021-11-02 20:08:48,324 [pool-135-thread-1] INFO  server.RaftServerConfigKeys (ConfUtils.java:logGet(44)) - raft.server.rpc.slowness.timeout = 300s (custom)
2021-11-02 20:08:48,324 [pool-135-thread-1] INFO  server.RaftServerConfigKeys (ConfUtils.java:logGet(44)) - raft.server.leaderelection.leader.step-down.wait-time = 10s (default)
2021-11-02 20:08:48,324 [pool-135-thread-1] INFO  server.RaftServerConfigKeys (ConfUtils.java:logGet(44)) - raft.server.sleep.deviation.threshold = 300ms (default)
2021-11-02 20:08:48,325 [pool-135-thread-1] INFO  server.RaftServerConfigKeys (ConfUtils.java:logGet(44)) - raft.server.log.appender.install.snapshot.enabled = false (custom)
2021-11-02 20:08:48,325 [pool-135-thread-1] INFO  server.RaftServer$Division (ServerState.java:<init>(105)) - 8beef4f3-0fbd-4019-b5e6-bba09cd08c94@group-6F4CF07A18B4: ConfigurationManager, init=-1: [8beef4f3-0fbd-4019-b5e6-bba09cd08c94|rpc:10.1.0.43:38223|dataStream:|priority:1, 6d11dc31-4e47-4309-a917-8638e8d3619f|rpc:10.1.0.43:41415|dataStream:|priority:0, 8be7216b-e793-4943-b762-e8d5e6b4b962|rpc:10.1.0.43:37879|dataStream:|priority:0], old=null, confs=<EMPTY_MAP>
2021-11-02 20:08:48,325 [pool-135-thread-1] INFO  server.RaftServerConfigKeys (ConfUtils.java:logGet(44)) - raft.server.storage.dir = [/home/runner/work/ozone/ozone/hadoop-ozone/integration-test/target/test-dir/MiniOzoneClusterImpl-76263e8f-62ab-412a-8766-4a189fbce95f/datanode-2/data/ratis] (custom)
2021-11-02 20:08:48,326 [pool-135-thread-1] INFO  server.RaftServerConfigKeys (ConfUtils.java:logGet(44)) - raft.server.log.corruption.policy = EXCEPTION (default)
2021-11-02 20:08:48,326 [pool-135-thread-1] INFO  server.RaftServerConfigKeys (ConfUtils.java:logGet(44)) - raft.server.storage.free-space.min = 0MB (=0) (default)
2021-11-02 20:08:48,326 [pool-135-thread-1] INFO  storage.RaftStorageDirectory (RaftStorageDirectoryImpl.java:analyzeStorage(135)) - The storage directory /home/runner/work/ozone/ozone/hadoop-ozone/integration-test/target/test-dir/MiniOzoneClusterImpl-76263e8f-62ab-412a-8766-4a189fbce95f/datanode-2/data/ratis/b20f77e3-3e8d-4f3e-8917-6f4cf07a18b4 does not exist. Creating ...
2021-11-02 20:08:48,327 [pool-135-thread-1] INFO  storage.RaftStorageDirectory (RaftStorageDirectoryImpl.java:tryLock(230)) - Lock on /home/runner/work/ozone/ozone/hadoop-ozone/integration-test/target/test-dir/MiniOzoneClusterImpl-76263e8f-62ab-412a-8766-4a189fbce95f/datanode-2/data/ratis/b20f77e3-3e8d-4f3e-8917-6f4cf07a18b4/in_use.lock acquired by nodename 14135@fv-az270-10
2021-11-02 20:08:48,329 [pool-135-thread-1] INFO  storage.RaftStorage (RaftStorageImpl.java:format(89)) - Storage directory /home/runner/work/ozone/ozone/hadoop-ozone/integration-test/target/test-dir/MiniOzoneClusterImpl-76263e8f-62ab-412a-8766-4a189fbce95f/datanode-2/data/ratis/b20f77e3-3e8d-4f3e-8917-6f4cf07a18b4 has been successfully formatted.
2021-11-02 20:08:48,340 [pool-135-thread-1] INFO  ratis.ContainerStateMachine (ContainerStateMachine.java:loadSnapshot(224)) - group-6F4CF07A18B4: The snapshot info is null. Setting the last applied indexto:(t:0, i:~)
2021-11-02 20:08:48,342 [pool-135-thread-1] INFO  server.RaftServerConfigKeys (ConfUtils.java:logGet(44)) - raft.server.notification.no-leader.timeout = 300s (custom)
2021-11-02 20:08:48,343 [pool-135-thread-1] INFO  server.RaftServerConfigKeys (ConfUtils.java:logGet(44)) - raft.server.log.use.memory = false (default)
2021-11-02 20:08:48,343 [pool-135-thread-1] INFO  server.RaftServerConfigKeys (ConfUtils.java:logGet(44)) - raft.server.log.purge.gap = 1000000 (custom)
2021-11-02 20:08:48,344 [pool-135-thread-1] INFO  server.RaftServerConfigKeys (ConfUtils.java:logGet(44)) - raft.server.log.appender.buffer.byte-limit = 33554432 (custom)
2021-11-02 20:08:48,344 [pool-135-thread-1] INFO  server.RaftServerConfigKeys (ConfUtils.java:logGet(44)) - raft.server.log.segment.size.max = 1048576 (custom)
2021-11-02 20:08:48,345 [pool-135-thread-1] INFO  server.RaftServerConfigKeys (ConfUtils.java:logGet(44)) - raft.server.log.segment.cache.num.max = 2 (custom)
2021-11-02 20:08:48,346 [pool-135-thread-1] INFO  server.RaftServerConfigKeys (ConfUtils.java:logGet(44)) - raft.server.log.segment.cache.size.max = 200MB (=209715200) (default)
2021-11-02 20:08:48,346 [pool-135-thread-1] INFO  segmented.SegmentedRaftLogWorker (SegmentedRaftLogWorker.java:<init>(182)) - new 8beef4f3-0fbd-4019-b5e6-bba09cd08c94@group-6F4CF07A18B4-SegmentedRaftLogWorker for RaftStorageImpl:Storage Directory /home/runner/work/ozone/ozone/hadoop-ozone/integration-test/target/test-dir/MiniOzoneClusterImpl-76263e8f-62ab-412a-8766-4a189fbce95f/datanode-2/data/ratis/b20f77e3-3e8d-4f3e-8917-6f4cf07a18b4
2021-11-02 20:08:48,346 [pool-135-thread-1] INFO  server.RaftServerConfigKeys (ConfUtils.java:logGet(44)) - raft.server.log.queue.byte-limit = 2147483647 (custom)
2021-11-02 20:08:48,347 [pool-135-thread-1] INFO  server.RaftServerConfigKeys (ConfUtils.java:logGet(44)) - raft.server.log.queue.element-limit = 1024 (custom)
2021-11-02 20:08:48,347 [pool-135-thread-1] INFO  server.RaftServerConfigKeys (ConfUtils.java:logGet(44)) - raft.server.log.segment.size.max = 1048576 (custom)
2021-11-02 20:08:48,347 [pool-135-thread-1] INFO  server.RaftServerConfigKeys (ConfUtils.java:logGet(44)) - raft.server.log.preallocated.size = 16384 (custom)
2021-11-02 20:08:48,347 [pool-135-thread-1] INFO  server.RaftServerConfigKeys (ConfUtils.java:logGet(44)) - raft.server.log.force.sync.num = 128 (default)
2021-11-02 20:08:48,347 [pool-135-thread-1] INFO  server.RaftServerConfigKeys (ConfUtils.java:logGet(44)) - raft.server.log.statemachine.data.sync = true (default)
2021-11-02 20:08:48,347 [pool-135-thread-1] INFO  server.RaftServerConfigKeys (ConfUtils.java:logGet(44)) - raft.server.log.statemachine.data.sync.timeout = 10s (default)
2021-11-02 20:08:48,347 [pool-135-thread-1] INFO  server.RaftServerConfigKeys (ConfUtils.java:logGet(44)) - raft.server.log.statemachine.data.sync.timeout.retry = -1 (default)
2021-11-02 20:08:48,348 [pool-135-thread-1] INFO  server.RaftServerConfigKeys (ConfUtils.java:logGet(44)) - raft.server.log.write.buffer.size = 1048576 (custom)
2021-11-02 20:08:48,349 [pool-135-thread-1] INFO  server.RaftServerConfigKeys (ConfUtils.java:logGet(44)) - raft.server.log.statemachine.data.caching.enabled = true (custom)
2021-11-02 20:08:48,349 [pool-135-thread-1] INFO  segmented.SegmentedRaftLogWorker (SegmentedRaftLogWorker.java:lambda$new$0(133)) - 8beef4f3-0fbd-4019-b5e6-bba09cd08c94@group-6F4CF07A18B4-SegmentedRaftLogWorker: flushIndex: setUnconditionally 0 -> -1
2021-11-02 20:08:48,349 [pool-135-thread-1] INFO  segmented.SegmentedRaftLogWorker (SegmentedRaftLogWorker.java:lambda$new$0(133)) - 8beef4f3-0fbd-4019-b5e6-bba09cd08c94@group-6F4CF07A18B4-SegmentedRaftLogWorker: safeCacheEvictIndex: setUnconditionally 0 -> -1
2021-11-02 20:08:48,349 [pool-135-thread-1] INFO  server.RaftServerConfigKeys (ConfUtils.java:logGet(44)) - raft.server.snapshot.auto.trigger.enabled = true (custom)
2021-11-02 20:08:48,349 [pool-135-thread-1] INFO  server.RaftServerConfigKeys (ConfUtils.java:logGet(44)) - raft.server.snapshot.auto.trigger.threshold = 10000 (custom)
2021-11-02 20:08:48,349 [pool-135-thread-1] INFO  server.RaftServerConfigKeys (ConfUtils.java:logGet(44)) - raft.server.snapshot.retention.file.num = 5 (custom)
2021-11-02 20:08:48,349 [pool-135-thread-1] INFO  server.RaftServerConfigKeys (ConfUtils.java:logGet(44)) - raft.server.log.purge.upto.snapshot.index = false (default)
2021-11-02 20:08:48,350 [pool-135-thread-1] INFO  server.RaftServerConfigKeys (ConfUtils.java:logGet(44)) - raft.server.retrycache.expirytime = 600000ms (custom)
2021-11-02 20:08:48,350 [pool-135-thread-1] INFO  server.RaftServerConfigKeys (ConfUtils.java:logGet(44)) - raft.server.retrycache.statistics.expirytime = 100μs (default)
2021-11-02 20:08:48,351 [pool-135-thread-1] INFO  server.RaftServer$Division (RaftServerImpl.java:start(301)) - 8beef4f3-0fbd-4019-b5e6-bba09cd08c94@group-6F4CF07A18B4: start as a follower, conf=-1: [8beef4f3-0fbd-4019-b5e6-bba09cd08c94|rpc:10.1.0.43:38223|dataStream:|priority:1, 6d11dc31-4e47-4309-a917-8638e8d3619f|rpc:10.1.0.43:41415|dataStream:|priority:0, 8be7216b-e793-4943-b762-e8d5e6b4b962|rpc:10.1.0.43:37879|dataStream:|priority:0], old=null
2021-11-02 20:08:48,351 [pool-135-thread-1] INFO  server.RaftServer$Division (RaftServerImpl.java:setRole(290)) - 8beef4f3-0fbd-4019-b5e6-bba09cd08c94@group-6F4CF07A18B4: changes role from      null to FOLLOWER at term 0 for startAsFollower
2021-11-02 20:08:48,351 [pool-135-thread-1] INFO  impl.RoleInfo (RoleInfo.java:updateAndGet(130)) - 8beef4f3-0fbd-4019-b5e6-bba09cd08c94: start 8beef4f3-0fbd-4019-b5e6-bba09cd08c94@group-6F4CF07A18B4-FollowerState
2021-11-02 20:08:48,351 [pool-135-thread-1] INFO  util.JmxRegister (JmxRegister.java:tryRegister(44)) - Successfully registered JMX Bean with object name Ratis:service=RaftServer,group=group-6F4CF07A18B4,id=8beef4f3-0fbd-4019-b5e6-bba09cd08c94
2021-11-02 20:08:48,356 [Command processor thread] INFO  commandhandler.CreatePipelineCommandHandler (CreatePipelineCommandHandler.java:handle(106)) - Created Pipeline RATIS THREE PipelineID=b20f77e3-3e8d-4f3e-8917-6f4cf07a18b4.
2021-11-02 20:08:48,356 [Command processor thread] INFO  server.RaftServer (RaftServerProxy.java:addNew(95)) - 6d11dc31-4e47-4309-a917-8638e8d3619f: addNew group-AC5538030DE3:[8beef4f3-0fbd-4019-b5e6-bba09cd08c94|rpc:10.1.0.43:38223|priority:0, 6d11dc31-4e47-4309-a917-8638e8d3619f|rpc:10.1.0.43:41415|priority:1, 8be7216b-e793-4943-b762-e8d5e6b4b962|rpc:10.1.0.43:37879|priority:0] returns group-AC5538030DE3:java.util.concurrent.CompletableFuture@27c4b6dc[Not completed]
2021-11-02 20:08:48,357 [pool-97-thread-1] INFO  server.RaftServer$Division (RaftServerImpl.java:<init>(184)) - 6d11dc31-4e47-4309-a917-8638e8d3619f: new RaftServerImpl for group-AC5538030DE3:[8beef4f3-0fbd-4019-b5e6-bba09cd08c94|rpc:10.1.0.43:38223|priority:0, 6d11dc31-4e47-4309-a917-8638e8d3619f|rpc:10.1.0.43:41415|priority:1, 8be7216b-e793-4943-b762-e8d5e6b4b962|rpc:10.1.0.43:37879|priority:0] with ContainerStateMachine:uninitialized
2021-11-02 20:08:48,357 [pool-97-thread-1] INFO  server.RaftServerConfigKeys (ConfUtils.java:logGet(44)) - raft.server.rpc.timeout.min = 5s (custom)
2021-11-02 20:08:48,357 [pool-97-thread-1] INFO  server.RaftServerConfigKeys (ConfUtils.java:logGet(44)) - raft.server.rpc.timeout.max = 5200ms (custom)
2021-11-02 20:08:48,357 [pool-97-thread-1] INFO  server.RaftServerConfigKeys (ConfUtils.java:logGet(44)) - raft.server.rpc.sleep.time = 25ms (default)
2021-11-02 20:08:48,358 [pool-97-thread-1] INFO  server.RaftServerConfigKeys (ConfUtils.java:logGet(44)) - raft.server.rpc.slowness.timeout = 300s (custom)
2021-11-02 20:08:48,358 [pool-97-thread-1] INFO  server.RaftServerConfigKeys (ConfUtils.java:logGet(44)) - raft.server.leaderelection.leader.step-down.wait-time = 10s (default)
2021-11-02 20:08:48,358 [pool-97-thread-1] INFO  server.RaftServerConfigKeys (ConfUtils.java:logGet(44)) - raft.server.sleep.deviation.threshold = 300ms (default)
2021-11-02 20:08:48,358 [pool-97-thread-1] INFO  server.RaftServerConfigKeys (ConfUtils.java:logGet(44)) - raft.server.log.appender.install.snapshot.enabled = false (custom)
2021-11-02 20:08:48,358 [pool-97-thread-1] INFO  server.RaftServer$Division (ServerState.java:<init>(105)) - 6d11dc31-4e47-4309-a917-8638e8d3619f@group-AC5538030DE3: ConfigurationManager, init=-1: [8beef4f3-0fbd-4019-b5e6-bba09cd08c94|rpc:10.1.0.43:38223|priority:0, 6d11dc31-4e47-4309-a917-8638e8d3619f|rpc:10.1.0.43:41415|priority:1, 8be7216b-e793-4943-b762-e8d5e6b4b962|rpc:10.1.0.43:37879|priority:0], old=null, confs=<EMPTY_MAP>
2021-11-02 20:08:48,358 [pool-97-thread-1] INFO  server.RaftServerConfigKeys (ConfUtils.java:logGet(44)) - raft.server.storage.dir = [/home/runner/work/ozone/ozone/hadoop-ozone/integration-test/target/test-dir/MiniOzoneClusterImpl-76263e8f-62ab-412a-8766-4a189fbce95f/datanode-0/data/ratis] (custom)
2021-11-02 20:08:48,358 [pool-97-thread-1] INFO  server.RaftServerConfigKeys (ConfUtils.java:logGet(44)) - raft.server.log.corruption.policy = EXCEPTION (default)
2021-11-02 20:08:48,358 [pool-97-thread-1] INFO  server.RaftServerConfigKeys (ConfUtils.java:logGet(44)) - raft.server.storage.free-space.min = 0MB (=0) (default)
2021-11-02 20:08:48,358 [pool-97-thread-1] INFO  storage.RaftStorageDirectory (RaftStorageDirectoryImpl.java:analyzeStorage(135)) - The storage directory /home/runner/work/ozone/ozone/hadoop-ozone/integration-test/target/test-dir/MiniOzoneClusterImpl-76263e8f-62ab-412a-8766-4a189fbce95f/datanode-0/data/ratis/24c472d2-c125-4ff6-8df4-ac5538030de3 does not exist. Creating ...
2021-11-02 20:08:48,360 [pool-97-thread-1] INFO  storage.RaftStorageDirectory (RaftStorageDirectoryImpl.java:tryLock(230)) - Lock on /home/runner/work/ozone/ozone/hadoop-ozone/integration-test/target/test-dir/MiniOzoneClusterImpl-76263e8f-62ab-412a-8766-4a189fbce95f/datanode-0/data/ratis/24c472d2-c125-4ff6-8df4-ac5538030de3/in_use.lock acquired by nodename 14135@fv-az270-10
2021-11-02 20:08:48,361 [pool-97-thread-1] INFO  storage.RaftStorage (RaftStorageImpl.java:format(89)) - Storage directory /home/runner/work/ozone/ozone/hadoop-ozone/integration-test/target/test-dir/MiniOzoneClusterImpl-76263e8f-62ab-412a-8766-4a189fbce95f/datanode-0/data/ratis/24c472d2-c125-4ff6-8df4-ac5538030de3 has been successfully formatted.
2021-11-02 20:08:48,363 [pool-97-thread-1] INFO  ratis.ContainerStateMachine (ContainerStateMachine.java:loadSnapshot(224)) - group-AC5538030DE3: The snapshot info is null. Setting the last applied indexto:(t:0, i:~)
2021-11-02 20:08:48,363 [pool-97-thread-1] INFO  server.RaftServerConfigKeys (ConfUtils.java:logGet(44)) - raft.server.notification.no-leader.timeout = 300s (custom)
2021-11-02 20:08:48,363 [pool-97-thread-1] INFO  server.RaftServerConfigKeys (ConfUtils.java:logGet(44)) - raft.server.log.use.memory = false (default)
2021-11-02 20:08:48,363 [pool-97-thread-1] INFO  server.RaftServerConfigKeys (ConfUtils.java:logGet(44)) - raft.server.log.purge.gap = 1000000 (custom)
2021-11-02 20:08:48,363 [pool-97-thread-1] INFO  server.RaftServerConfigKeys (ConfUtils.java:logGet(44)) - raft.server.log.appender.buffer.byte-limit = 33554432 (custom)
2021-11-02 20:08:48,364 [EventQueue-OpenPipelineForHealthyPipelineSafeModeRule] INFO  safemode.SCMSafeModeManager (HealthyPipelineSafeModeRule.java:process(124)) - SCM in safe mode. Healthy pipelines reported count is 0, required healthy pipeline reported count is 1
2021-11-02 20:08:48,365 [pool-97-thread-1] INFO  server.RaftServerConfigKeys (ConfUtils.java:logGet(44)) - raft.server.log.segment.size.max = 1048576 (custom)
2021-11-02 20:08:48,366 [pool-97-thread-1] INFO  server.RaftServerConfigKeys (ConfUtils.java:logGet(44)) - raft.server.log.segment.cache.num.max = 2 (custom)
2021-11-02 20:08:48,366 [pool-97-thread-1] INFO  server.RaftServerConfigKeys (ConfUtils.java:logGet(44)) - raft.server.log.segment.cache.size.max = 200MB (=209715200) (default)
2021-11-02 20:08:48,366 [pool-97-thread-1] INFO  segmented.SegmentedRaftLogWorker (SegmentedRaftLogWorker.java:<init>(182)) - new 6d11dc31-4e47-4309-a917-8638e8d3619f@group-AC5538030DE3-SegmentedRaftLogWorker for RaftStorageImpl:Storage Directory /home/runner/work/ozone/ozone/hadoop-ozone/integration-test/target/test-dir/MiniOzoneClusterImpl-76263e8f-62ab-412a-8766-4a189fbce95f/datanode-0/data/ratis/24c472d2-c125-4ff6-8df4-ac5538030de3
2021-11-02 20:08:48,366 [pool-97-thread-1] INFO  server.RaftServerConfigKeys (ConfUtils.java:logGet(44)) - raft.server.log.queue.byte-limit = 2147483647 (custom)
2021-11-02 20:08:48,366 [pool-97-thread-1] INFO  server.RaftServerConfigKeys (ConfUtils.java:logGet(44)) - raft.server.log.queue.element-limit = 1024 (custom)
2021-11-02 20:08:48,366 [pool-97-thread-1] INFO  server.RaftServerConfigKeys (ConfUtils.java:logGet(44)) - raft.server.log.segment.size.max = 1048576 (custom)
2021-11-02 20:08:48,366 [pool-97-thread-1] INFO  server.RaftServerConfigKeys (ConfUtils.java:logGet(44)) - raft.server.log.preallocated.size = 16384 (custom)
2021-11-02 20:08:48,366 [pool-97-thread-1] INFO  server.RaftServerConfigKeys (ConfUtils.java:logGet(44)) - raft.server.log.force.sync.num = 128 (default)
2021-11-02 20:08:48,366 [pool-97-thread-1] INFO  server.RaftServerConfigKeys (ConfUtils.java:logGet(44)) - raft.server.log.statemachine.data.sync = true (default)
2021-11-02 20:08:48,366 [pool-97-thread-1] INFO  server.RaftServerConfigKeys (ConfUtils.java:logGet(44)) - raft.server.log.statemachine.data.sync.timeout = 10s (default)
2021-11-02 20:08:48,367 [pool-97-thread-1] INFO  server.RaftServerConfigKeys (ConfUtils.java:logGet(44)) - raft.server.log.statemachine.data.sync.timeout.retry = -1 (default)
2021-11-02 20:08:48,367 [pool-97-thread-1] INFO  server.RaftServerConfigKeys (ConfUtils.java:logGet(44)) - raft.server.log.write.buffer.size = 1048576 (custom)
2021-11-02 20:08:48,367 [pool-97-thread-1] INFO  server.RaftServerConfigKeys (ConfUtils.java:logGet(44)) - raft.server.log.statemachine.data.caching.enabled = true (custom)
2021-11-02 20:08:48,368 [pool-97-thread-1] INFO  segmented.SegmentedRaftLogWorker (SegmentedRaftLogWorker.java:lambda$new$0(133)) - 6d11dc31-4e47-4309-a917-8638e8d3619f@group-AC5538030DE3-SegmentedRaftLogWorker: flushIndex: setUnconditionally 0 -> -1
2021-11-02 20:08:48,368 [pool-97-thread-1] INFO  segmented.SegmentedRaftLogWorker (SegmentedRaftLogWorker.java:lambda$new$0(133)) - 6d11dc31-4e47-4309-a917-8638e8d3619f@group-AC5538030DE3-SegmentedRaftLogWorker: safeCacheEvictIndex: setUnconditionally 0 -> -1
2021-11-02 20:08:48,368 [pool-97-thread-1] INFO  server.RaftServerConfigKeys (ConfUtils.java:logGet(44)) - raft.server.snapshot.auto.trigger.enabled = true (custom)
2021-11-02 20:08:48,368 [pool-97-thread-1] INFO  server.RaftServerConfigKeys (ConfUtils.java:logGet(44)) - raft.server.snapshot.auto.trigger.threshold = 10000 (custom)
2021-11-02 20:08:48,368 [pool-97-thread-1] INFO  server.RaftServerConfigKeys (ConfUtils.java:logGet(44)) - raft.server.snapshot.retention.file.num = 5 (custom)
2021-11-02 20:08:48,368 [pool-97-thread-1] INFO  server.RaftServerConfigKeys (ConfUtils.java:logGet(44)) - raft.server.log.purge.upto.snapshot.index = false (default)
2021-11-02 20:08:48,368 [pool-97-thread-1] INFO  server.RaftServerConfigKeys (ConfUtils.java:logGet(44)) - raft.server.retrycache.expirytime = 600000ms (custom)
2021-11-02 20:08:48,368 [pool-97-thread-1] INFO  server.RaftServerConfigKeys (ConfUtils.java:logGet(44)) - raft.server.retrycache.statistics.expirytime = 100μs (default)
2021-11-02 20:08:48,369 [pool-97-thread-1] INFO  server.RaftServer$Division (RaftServerImpl.java:start(301)) - 6d11dc31-4e47-4309-a917-8638e8d3619f@group-AC5538030DE3: start as a follower, conf=-1: [8beef4f3-0fbd-4019-b5e6-bba09cd08c94|rpc:10.1.0.43:38223|priority:0, 6d11dc31-4e47-4309-a917-8638e8d3619f|rpc:10.1.0.43:41415|priority:1, 8be7216b-e793-4943-b762-e8d5e6b4b962|rpc:10.1.0.43:37879|priority:0], old=null
2021-11-02 20:08:48,369 [pool-97-thread-1] INFO  server.RaftServer$Division (RaftServerImpl.java:setRole(290)) - 6d11dc31-4e47-4309-a917-8638e8d3619f@group-AC5538030DE3: changes role from      null to FOLLOWER at term 0 for startAsFollower
2021-11-02 20:08:48,369 [pool-97-thread-1] INFO  impl.RoleInfo (RoleInfo.java:updateAndGet(130)) - 6d11dc31-4e47-4309-a917-8638e8d3619f: start 6d11dc31-4e47-4309-a917-8638e8d3619f@group-AC5538030DE3-FollowerState
2021-11-02 20:08:48,370 [pool-97-thread-1] INFO  util.JmxRegister (JmxRegister.java:tryRegister(44)) - Successfully registered JMX Bean with object name Ratis:service=RaftServer,group=group-AC5538030DE3,id=6d11dc31-4e47-4309-a917-8638e8d3619f
2021-11-02 20:08:48,371 [Command processor thread] INFO  ratis.XceiverServerRatis (XceiverServerRatis.java:addGroup(768)) - Created group PipelineID=24c472d2-c125-4ff6-8df4-ac5538030de3
2021-11-02 20:08:48,382 [grpc-default-executor-0] INFO  server.RaftServer (RaftServerProxy.java:addNew(95)) - 8beef4f3-0fbd-4019-b5e6-bba09cd08c94: addNew group-AC5538030DE3:[8beef4f3-0fbd-4019-b5e6-bba09cd08c94|rpc:10.1.0.43:38223|dataStream:|priority:0, 6d11dc31-4e47-4309-a917-8638e8d3619f|rpc:10.1.0.43:41415|dataStream:|priority:1, 8be7216b-e793-4943-b762-e8d5e6b4b962|rpc:10.1.0.43:37879|dataStream:|priority:0] returns group-AC5538030DE3:java.util.concurrent.CompletableFuture@717f3435[Not completed]
2021-11-02 20:08:48,383 [pool-135-thread-1] INFO  server.RaftServer$Division (RaftServerImpl.java:<init>(184)) - 8beef4f3-0fbd-4019-b5e6-bba09cd08c94: new RaftServerImpl for group-AC5538030DE3:[8beef4f3-0fbd-4019-b5e6-bba09cd08c94|rpc:10.1.0.43:38223|dataStream:|priority:0, 6d11dc31-4e47-4309-a917-8638e8d3619f|rpc:10.1.0.43:41415|dataStream:|priority:1, 8be7216b-e793-4943-b762-e8d5e6b4b962|rpc:10.1.0.43:37879|dataStream:|priority:0] with ContainerStateMachine:uninitialized
2021-11-02 20:08:48,383 [pool-135-thread-1] INFO  server.RaftServerConfigKeys (ConfUtils.java:logGet(44)) - raft.server.rpc.timeout.min = 5s (custom)
2021-11-02 20:08:48,383 [pool-135-thread-1] INFO  server.RaftServerConfigKeys (ConfUtils.java:logGet(44)) - raft.server.rpc.timeout.max = 5200ms (custom)
2021-11-02 20:08:48,383 [pool-135-thread-1] INFO  server.RaftServerConfigKeys (ConfUtils.java:logGet(44)) - raft.server.rpc.sleep.time = 25ms (default)
2021-11-02 20:08:48,383 [pool-135-thread-1] INFO  server.RaftServerConfigKeys (ConfUtils.java:logGet(44)) - raft.server.rpc.slowness.timeout = 300s (custom)
2021-11-02 20:08:48,383 [pool-135-thread-1] INFO  server.RaftServerConfigKeys (ConfUtils.java:logGet(44)) - raft.server.leaderelection.leader.step-down.wait-time = 10s (default)
2021-11-02 20:08:48,383 [pool-135-thread-1] INFO  server.RaftServerConfigKeys (ConfUtils.java:logGet(44)) - raft.server.sleep.deviation.threshold = 300ms (default)
2021-11-02 20:08:48,383 [pool-135-thread-1] INFO  server.RaftServerConfigKeys (ConfUtils.java:logGet(44)) - raft.server.log.appender.install.snapshot.enabled = false (custom)
2021-11-02 20:08:48,383 [pool-135-thread-1] INFO  server.RaftServer$Division (ServerState.java:<init>(105)) - 8beef4f3-0fbd-4019-b5e6-bba09cd08c94@group-AC5538030DE3: ConfigurationManager, init=-1: [8beef4f3-0fbd-4019-b5e6-bba09cd08c94|rpc:10.1.0.43:38223|dataStream:|priority:0, 6d11dc31-4e47-4309-a917-8638e8d3619f|rpc:10.1.0.43:41415|dataStream:|priority:1, 8be7216b-e793-4943-b762-e8d5e6b4b962|rpc:10.1.0.43:37879|dataStream:|priority:0], old=null, confs=<EMPTY_MAP>
2021-11-02 20:08:48,384 [pool-135-thread-1] INFO  server.RaftServerConfigKeys (ConfUtils.java:logGet(44)) - raft.server.storage.dir = [/home/runner/work/ozone/ozone/hadoop-ozone/integration-test/target/test-dir/MiniOzoneClusterImpl-76263e8f-62ab-412a-8766-4a189fbce95f/datanode-2/data/ratis] (custom)
2021-11-02 20:08:48,384 [pool-135-thread-1] INFO  server.RaftServerConfigKeys (ConfUtils.java:logGet(44)) - raft.server.log.corruption.policy = EXCEPTION (default)
2021-11-02 20:08:48,384 [pool-135-thread-1] INFO  server.RaftServerConfigKeys (ConfUtils.java:logGet(44)) - raft.server.storage.free-space.min = 0MB (=0) (default)
2021-11-02 20:08:48,384 [pool-135-thread-1] INFO  storage.RaftStorageDirectory (RaftStorageDirectoryImpl.java:analyzeStorage(135)) - The storage directory /home/runner/work/ozone/ozone/hadoop-ozone/integration-test/target/test-dir/MiniOzoneClusterImpl-76263e8f-62ab-412a-8766-4a189fbce95f/datanode-2/data/ratis/24c472d2-c125-4ff6-8df4-ac5538030de3 does not exist. Creating ...
2021-11-02 20:08:48,385 [pool-135-thread-1] INFO  storage.RaftStorageDirectory (RaftStorageDirectoryImpl.java:tryLock(230)) - Lock on /home/runner/work/ozone/ozone/hadoop-ozone/integration-test/target/test-dir/MiniOzoneClusterImpl-76263e8f-62ab-412a-8766-4a189fbce95f/datanode-2/data/ratis/24c472d2-c125-4ff6-8df4-ac5538030de3/in_use.lock acquired by nodename 14135@fv-az270-10
2021-11-02 20:08:48,386 [pool-135-thread-1] INFO  storage.RaftStorage (RaftStorageImpl.java:format(89)) - Storage directory /home/runner/work/ozone/ozone/hadoop-ozone/integration-test/target/test-dir/MiniOzoneClusterImpl-76263e8f-62ab-412a-8766-4a189fbce95f/datanode-2/data/ratis/24c472d2-c125-4ff6-8df4-ac5538030de3 has been successfully formatted.
2021-11-02 20:08:48,388 [pool-135-thread-1] INFO  ratis.ContainerStateMachine (ContainerStateMachine.java:loadSnapshot(224)) - group-AC5538030DE3: The snapshot info is null. Setting the last applied indexto:(t:0, i:~)
2021-11-02 20:08:48,390 [pool-135-thread-1] INFO  server.RaftServerConfigKeys (ConfUtils.java:logGet(44)) - raft.server.notification.no-leader.timeout = 300s (custom)
2021-11-02 20:08:48,390 [pool-135-thread-1] INFO  server.RaftServerConfigKeys (ConfUtils.java:logGet(44)) - raft.server.log.use.memory = false (default)
2021-11-02 20:08:48,390 [pool-135-thread-1] INFO  server.RaftServerConfigKeys (ConfUtils.java:logGet(44)) - raft.server.log.purge.gap = 1000000 (custom)
2021-11-02 20:08:48,390 [pool-135-thread-1] INFO  server.RaftServerConfigKeys (ConfUtils.java:logGet(44)) - raft.server.log.appender.buffer.byte-limit = 33554432 (custom)
2021-11-02 20:08:48,399 [pool-135-thread-1] INFO  server.RaftServerConfigKeys (ConfUtils.java:logGet(44)) - raft.server.log.segment.size.max = 1048576 (custom)
2021-11-02 20:08:48,400 [pool-135-thread-1] INFO  server.RaftServerConfigKeys (ConfUtils.java:logGet(44)) - raft.server.log.segment.cache.num.max = 2 (custom)
2021-11-02 20:08:48,400 [pool-135-thread-1] INFO  server.RaftServerConfigKeys (ConfUtils.java:logGet(44)) - raft.server.log.segment.cache.size.max = 200MB (=209715200) (default)
2021-11-02 20:08:48,400 [pool-135-thread-1] INFO  segmented.SegmentedRaftLogWorker (SegmentedRaftLogWorker.java:<init>(182)) - new 8beef4f3-0fbd-4019-b5e6-bba09cd08c94@group-AC5538030DE3-SegmentedRaftLogWorker for RaftStorageImpl:Storage Directory /home/runner/work/ozone/ozone/hadoop-ozone/integration-test/target/test-dir/MiniOzoneClusterImpl-76263e8f-62ab-412a-8766-4a189fbce95f/datanode-2/data/ratis/24c472d2-c125-4ff6-8df4-ac5538030de3
2021-11-02 20:08:48,400 [pool-135-thread-1] INFO  server.RaftServerConfigKeys (ConfUtils.java:logGet(44)) - raft.server.log.queue.byte-limit = 2147483647 (custom)
2021-11-02 20:08:48,400 [pool-135-thread-1] INFO  server.RaftServerConfigKeys (ConfUtils.java:logGet(44)) - raft.server.log.queue.element-limit = 1024 (custom)
2021-11-02 20:08:48,400 [pool-135-thread-1] INFO  server.RaftServerConfigKeys (ConfUtils.java:logGet(44)) - raft.server.log.segment.size.max = 1048576 (custom)
2021-11-02 20:08:48,400 [pool-135-thread-1] INFO  server.RaftServerConfigKeys (ConfUtils.java:logGet(44)) - raft.server.log.preallocated.size = 16384 (custom)
2021-11-02 20:08:48,400 [pool-135-thread-1] INFO  server.RaftServerConfigKeys (ConfUtils.java:logGet(44)) - raft.server.log.force.sync.num = 128 (default)
2021-11-02 20:08:48,400 [pool-135-thread-1] INFO  server.RaftServerConfigKeys (ConfUtils.java:logGet(44)) - raft.server.log.statemachine.data.sync = true (default)
2021-11-02 20:08:48,400 [pool-135-thread-1] INFO  server.RaftServerConfigKeys (ConfUtils.java:logGet(44)) - raft.server.log.statemachine.data.sync.timeout = 10s (default)
2021-11-02 20:08:48,400 [pool-135-thread-1] INFO  server.RaftServerConfigKeys (ConfUtils.java:logGet(44)) - raft.server.log.statemachine.data.sync.timeout.retry = -1 (default)
2021-11-02 20:08:48,401 [pool-135-thread-1] INFO  server.RaftServerConfigKeys (ConfUtils.java:logGet(44)) - raft.server.log.write.buffer.size = 1048576 (custom)
2021-11-02 20:08:48,402 [pool-135-thread-1] INFO  server.RaftServerConfigKeys (ConfUtils.java:logGet(44)) - raft.server.log.statemachine.data.caching.enabled = true (custom)
2021-11-02 20:08:48,402 [pool-135-thread-1] INFO  segmented.SegmentedRaftLogWorker (SegmentedRaftLogWorker.java:lambda$new$0(133)) - 8beef4f3-0fbd-4019-b5e6-bba09cd08c94@group-AC5538030DE3-SegmentedRaftLogWorker: flushIndex: setUnconditionally 0 -> -1
2021-11-02 20:08:48,402 [pool-135-thread-1] INFO  segmented.SegmentedRaftLogWorker (SegmentedRaftLogWorker.java:lambda$new$0(133)) - 8beef4f3-0fbd-4019-b5e6-bba09cd08c94@group-AC5538030DE3-SegmentedRaftLogWorker: safeCacheEvictIndex: setUnconditionally 0 -> -1
2021-11-02 20:08:48,404 [pool-135-thread-1] INFO  server.RaftServerConfigKeys (ConfUtils.java:logGet(44)) - raft.server.snapshot.auto.trigger.enabled = true (custom)
2021-11-02 20:08:48,404 [pool-135-thread-1] INFO  server.RaftServerConfigKeys (ConfUtils.java:logGet(44)) - raft.server.snapshot.auto.trigger.threshold = 10000 (custom)
2021-11-02 20:08:48,404 [pool-135-thread-1] INFO  server.RaftServerConfigKeys (ConfUtils.java:logGet(44)) - raft.server.snapshot.retention.file.num = 5 (custom)
2021-11-02 20:08:48,404 [pool-135-thread-1] INFO  server.RaftServerConfigKeys (ConfUtils.java:logGet(44)) - raft.server.log.purge.upto.snapshot.index = false (default)
2021-11-02 20:08:48,404 [pool-135-thread-1] INFO  server.RaftServerConfigKeys (ConfUtils.java:logGet(44)) - raft.server.retrycache.expirytime = 600000ms (custom)
2021-11-02 20:08:48,404 [pool-135-thread-1] INFO  server.RaftServerConfigKeys (ConfUtils.java:logGet(44)) - raft.server.retrycache.statistics.expirytime = 100μs (default)
2021-11-02 20:08:48,405 [pool-135-thread-1] INFO  server.RaftServer$Division (RaftServerImpl.java:start(301)) - 8beef4f3-0fbd-4019-b5e6-bba09cd08c94@group-AC5538030DE3: start as a follower, conf=-1: [8beef4f3-0fbd-4019-b5e6-bba09cd08c94|rpc:10.1.0.43:38223|dataStream:|priority:0, 6d11dc31-4e47-4309-a917-8638e8d3619f|rpc:10.1.0.43:41415|dataStream:|priority:1, 8be7216b-e793-4943-b762-e8d5e6b4b962|rpc:10.1.0.43:37879|dataStream:|priority:0], old=null
2021-11-02 20:08:48,405 [pool-135-thread-1] INFO  server.RaftServer$Division (RaftServerImpl.java:setRole(290)) - 8beef4f3-0fbd-4019-b5e6-bba09cd08c94@group-AC5538030DE3: changes role from      null to FOLLOWER at term 0 for startAsFollower
2021-11-02 20:08:48,405 [pool-135-thread-1] INFO  impl.RoleInfo (RoleInfo.java:updateAndGet(130)) - 8beef4f3-0fbd-4019-b5e6-bba09cd08c94: start 8beef4f3-0fbd-4019-b5e6-bba09cd08c94@group-AC5538030DE3-FollowerState
2021-11-02 20:08:48,408 [pool-135-thread-1] INFO  util.JmxRegister (JmxRegister.java:tryRegister(44)) - Successfully registered JMX Bean with object name Ratis:service=RaftServer,group=group-AC5538030DE3,id=8beef4f3-0fbd-4019-b5e6-bba09cd08c94
2021-11-02 20:08:48,429 [grpc-default-executor-0] INFO  server.RaftServer (RaftServerProxy.java:addNew(95)) - 8be7216b-e793-4943-b762-e8d5e6b4b962: addNew group-AC5538030DE3:[8beef4f3-0fbd-4019-b5e6-bba09cd08c94|rpc:10.1.0.43:38223|dataStream:|priority:0, 6d11dc31-4e47-4309-a917-8638e8d3619f|rpc:10.1.0.43:41415|dataStream:|priority:1, 8be7216b-e793-4943-b762-e8d5e6b4b962|rpc:10.1.0.43:37879|dataStream:|priority:0] returns group-AC5538030DE3:java.util.concurrent.CompletableFuture@7c420b0e[Not completed]
2021-11-02 20:08:48,431 [pool-116-thread-1] INFO  server.RaftServer$Division (RaftServerImpl.java:<init>(184)) - 8be7216b-e793-4943-b762-e8d5e6b4b962: new RaftServerImpl for group-AC5538030DE3:[8beef4f3-0fbd-4019-b5e6-bba09cd08c94|rpc:10.1.0.43:38223|dataStream:|priority:0, 6d11dc31-4e47-4309-a917-8638e8d3619f|rpc:10.1.0.43:41415|dataStream:|priority:1, 8be7216b-e793-4943-b762-e8d5e6b4b962|rpc:10.1.0.43:37879|dataStream:|priority:0] with ContainerStateMachine:uninitialized
2021-11-02 20:08:48,431 [pool-116-thread-1] INFO  server.RaftServerConfigKeys (ConfUtils.java:logGet(44)) - raft.server.rpc.timeout.min = 5s (custom)
2021-11-02 20:08:48,431 [pool-116-thread-1] INFO  server.RaftServerConfigKeys (ConfUtils.java:logGet(44)) - raft.server.rpc.timeout.max = 5200ms (custom)
2021-11-02 20:08:48,431 [pool-116-thread-1] INFO  server.RaftServerConfigKeys (ConfUtils.java:logGet(44)) - raft.server.rpc.sleep.time = 25ms (default)
2021-11-02 20:08:48,431 [pool-116-thread-1] INFO  server.RaftServerConfigKeys (ConfUtils.java:logGet(44)) - raft.server.rpc.slowness.timeout = 300s (custom)
2021-11-02 20:08:48,431 [pool-116-thread-1] INFO  server.RaftServerConfigKeys (ConfUtils.java:logGet(44)) - raft.server.leaderelection.leader.step-down.wait-time = 10s (default)
2021-11-02 20:08:48,431 [pool-116-thread-1] INFO  server.RaftServerConfigKeys (ConfUtils.java:logGet(44)) - raft.server.sleep.deviation.threshold = 300ms (default)
2021-11-02 20:08:48,431 [pool-116-thread-1] INFO  server.RaftServerConfigKeys (ConfUtils.java:logGet(44)) - raft.server.log.appender.install.snapshot.enabled = false (custom)
2021-11-02 20:08:48,431 [pool-116-thread-1] INFO  server.RaftServer$Division (ServerState.java:<init>(105)) - 8be7216b-e793-4943-b762-e8d5e6b4b962@group-AC5538030DE3: ConfigurationManager, init=-1: [8beef4f3-0fbd-4019-b5e6-bba09cd08c94|rpc:10.1.0.43:38223|dataStream:|priority:0, 6d11dc31-4e47-4309-a917-8638e8d3619f|rpc:10.1.0.43:41415|dataStream:|priority:1, 8be7216b-e793-4943-b762-e8d5e6b4b962|rpc:10.1.0.43:37879|dataStream:|priority:0], old=null, confs=<EMPTY_MAP>
2021-11-02 20:08:48,431 [pool-116-thread-1] INFO  server.RaftServerConfigKeys (ConfUtils.java:logGet(44)) - raft.server.storage.dir = [/home/runner/work/ozone/ozone/hadoop-ozone/integration-test/target/test-dir/MiniOzoneClusterImpl-76263e8f-62ab-412a-8766-4a189fbce95f/datanode-1/data/ratis] (custom)
2021-11-02 20:08:48,431 [pool-116-thread-1] INFO  server.RaftServerConfigKeys (ConfUtils.java:logGet(44)) - raft.server.log.corruption.policy = EXCEPTION (default)
2021-11-02 20:08:48,431 [pool-116-thread-1] INFO  server.RaftServerConfigKeys (ConfUtils.java:logGet(44)) - raft.server.storage.free-space.min = 0MB (=0) (default)
2021-11-02 20:08:48,432 [pool-116-thread-1] INFO  storage.RaftStorageDirectory (RaftStorageDirectoryImpl.java:analyzeStorage(135)) - The storage directory /home/runner/work/ozone/ozone/hadoop-ozone/integration-test/target/test-dir/MiniOzoneClusterImpl-76263e8f-62ab-412a-8766-4a189fbce95f/datanode-1/data/ratis/24c472d2-c125-4ff6-8df4-ac5538030de3 does not exist. Creating ...
2021-11-02 20:08:48,433 [pool-116-thread-1] INFO  storage.RaftStorageDirectory (RaftStorageDirectoryImpl.java:tryLock(230)) - Lock on /home/runner/work/ozone/ozone/hadoop-ozone/integration-test/target/test-dir/MiniOzoneClusterImpl-76263e8f-62ab-412a-8766-4a189fbce95f/datanode-1/data/ratis/24c472d2-c125-4ff6-8df4-ac5538030de3/in_use.lock acquired by nodename 14135@fv-az270-10
2021-11-02 20:08:48,434 [pool-116-thread-1] INFO  storage.RaftStorage (RaftStorageImpl.java:format(89)) - Storage directory /home/runner/work/ozone/ozone/hadoop-ozone/integration-test/target/test-dir/MiniOzoneClusterImpl-76263e8f-62ab-412a-8766-4a189fbce95f/datanode-1/data/ratis/24c472d2-c125-4ff6-8df4-ac5538030de3 has been successfully formatted.
2021-11-02 20:08:48,436 [pool-116-thread-1] INFO  ratis.ContainerStateMachine (ContainerStateMachine.java:loadSnapshot(224)) - group-AC5538030DE3: The snapshot info is null. Setting the last applied indexto:(t:0, i:~)
2021-11-02 20:08:48,437 [pool-116-thread-1] INFO  server.RaftServerConfigKeys (ConfUtils.java:logGet(44)) - raft.server.notification.no-leader.timeout = 300s (custom)
2021-11-02 20:08:48,437 [pool-116-thread-1] INFO  server.RaftServerConfigKeys (ConfUtils.java:logGet(44)) - raft.server.log.use.memory = false (default)
2021-11-02 20:08:48,437 [pool-116-thread-1] INFO  server.RaftServerConfigKeys (ConfUtils.java:logGet(44)) - raft.server.log.purge.gap = 1000000 (custom)
2021-11-02 20:08:48,437 [pool-116-thread-1] INFO  server.RaftServerConfigKeys (ConfUtils.java:logGet(44)) - raft.server.log.appender.buffer.byte-limit = 33554432 (custom)
2021-11-02 20:08:48,437 [pool-116-thread-1] INFO  server.RaftServerConfigKeys (ConfUtils.java:logGet(44)) - raft.server.log.segment.size.max = 1048576 (custom)
2021-11-02 20:08:48,438 [pool-116-thread-1] INFO  server.RaftServerConfigKeys (ConfUtils.java:logGet(44)) - raft.server.log.segment.cache.num.max = 2 (custom)
2021-11-02 20:08:48,438 [pool-116-thread-1] INFO  server.RaftServerConfigKeys (ConfUtils.java:logGet(44)) - raft.server.log.segment.cache.size.max = 200MB (=209715200) (default)
2021-11-02 20:08:48,438 [pool-116-thread-1] INFO  segmented.SegmentedRaftLogWorker (SegmentedRaftLogWorker.java:<init>(182)) - new 8be7216b-e793-4943-b762-e8d5e6b4b962@group-AC5538030DE3-SegmentedRaftLogWorker for RaftStorageImpl:Storage Directory /home/runner/work/ozone/ozone/hadoop-ozone/integration-test/target/test-dir/MiniOzoneClusterImpl-76263e8f-62ab-412a-8766-4a189fbce95f/datanode-1/data/ratis/24c472d2-c125-4ff6-8df4-ac5538030de3
2021-11-02 20:08:48,438 [pool-116-thread-1] INFO  server.RaftServerConfigKeys (ConfUtils.java:logGet(44)) - raft.server.log.queue.byte-limit = 2147483647 (custom)
2021-11-02 20:08:48,438 [pool-116-thread-1] INFO  server.RaftServerConfigKeys (ConfUtils.java:logGet(44)) - raft.server.log.queue.element-limit = 1024 (custom)
2021-11-02 20:08:48,438 [pool-116-thread-1] INFO  server.RaftServerConfigKeys (ConfUtils.java:logGet(44)) - raft.server.log.segment.size.max = 1048576 (custom)
2021-11-02 20:08:48,438 [pool-116-thread-1] INFO  server.RaftServerConfigKeys (ConfUtils.java:logGet(44)) - raft.server.log.preallocated.size = 16384 (custom)
2021-11-02 20:08:48,438 [pool-116-thread-1] INFO  server.RaftServerConfigKeys (ConfUtils.java:logGet(44)) - raft.server.log.force.sync.num = 128 (default)
2021-11-02 20:08:48,438 [pool-116-thread-1] INFO  server.RaftServerConfigKeys (ConfUtils.java:logGet(44)) - raft.server.log.statemachine.data.sync = true (default)
2021-11-02 20:08:48,438 [pool-116-thread-1] INFO  server.RaftServerConfigKeys (ConfUtils.java:logGet(44)) - raft.server.log.statemachine.data.sync.timeout = 10s (default)
2021-11-02 20:08:48,438 [pool-116-thread-1] INFO  server.RaftServerConfigKeys (ConfUtils.java:logGet(44)) - raft.server.log.statemachine.data.sync.timeout.retry = -1 (default)
2021-11-02 20:08:48,439 [pool-116-thread-1] INFO  server.RaftServerConfigKeys (ConfUtils.java:logGet(44)) - raft.server.log.write.buffer.size = 1048576 (custom)
2021-11-02 20:08:48,439 [pool-116-thread-1] INFO  server.RaftServerConfigKeys (ConfUtils.java:logGet(44)) - raft.server.log.statemachine.data.caching.enabled = true (custom)
2021-11-02 20:08:48,439 [pool-116-thread-1] INFO  segmented.SegmentedRaftLogWorker (SegmentedRaftLogWorker.java:lambda$new$0(133)) - 8be7216b-e793-4943-b762-e8d5e6b4b962@group-AC5538030DE3-SegmentedRaftLogWorker: flushIndex: setUnconditionally 0 -> -1
2021-11-02 20:08:48,439 [pool-116-thread-1] INFO  segmented.SegmentedRaftLogWorker (SegmentedRaftLogWorker.java:lambda$new$0(133)) - 8be7216b-e793-4943-b762-e8d5e6b4b962@group-AC5538030DE3-SegmentedRaftLogWorker: safeCacheEvictIndex: setUnconditionally 0 -> -1
2021-11-02 20:08:48,443 [pool-116-thread-1] INFO  server.RaftServerConfigKeys (ConfUtils.java:logGet(44)) - raft.server.snapshot.auto.trigger.enabled = true (custom)
2021-11-02 20:08:48,443 [pool-116-thread-1] INFO  server.RaftServerConfigKeys (ConfUtils.java:logGet(44)) - raft.server.snapshot.auto.trigger.threshold = 10000 (custom)
2021-11-02 20:08:48,443 [pool-116-thread-1] INFO  server.RaftServerConfigKeys (ConfUtils.java:logGet(44)) - raft.server.snapshot.retention.file.num = 5 (custom)
2021-11-02 20:08:48,443 [pool-116-thread-1] INFO  server.RaftServerConfigKeys (ConfUtils.java:logGet(44)) - raft.server.log.purge.upto.snapshot.index = false (default)
2021-11-02 20:08:48,444 [pool-116-thread-1] INFO  server.RaftServerConfigKeys (ConfUtils.java:logGet(44)) - raft.server.retrycache.expirytime = 600000ms (custom)
2021-11-02 20:08:48,444 [pool-116-thread-1] INFO  server.RaftServerConfigKeys (ConfUtils.java:logGet(44)) - raft.server.retrycache.statistics.expirytime = 100μs (default)
2021-11-02 20:08:48,445 [pool-116-thread-1] INFO  server.RaftServer$Division (RaftServerImpl.java:start(301)) - 8be7216b-e793-4943-b762-e8d5e6b4b962@group-AC5538030DE3: start as a follower, conf=-1: [8beef4f3-0fbd-4019-b5e6-bba09cd08c94|rpc:10.1.0.43:38223|dataStream:|priority:0, 6d11dc31-4e47-4309-a917-8638e8d3619f|rpc:10.1.0.43:41415|dataStream:|priority:1, 8be7216b-e793-4943-b762-e8d5e6b4b962|rpc:10.1.0.43:37879|dataStream:|priority:0], old=null
2021-11-02 20:08:48,445 [pool-116-thread-1] INFO  server.RaftServer$Division (RaftServerImpl.java:setRole(290)) - 8be7216b-e793-4943-b762-e8d5e6b4b962@group-AC5538030DE3: changes role from      null to FOLLOWER at term 0 for startAsFollower
2021-11-02 20:08:48,445 [pool-116-thread-1] INFO  impl.RoleInfo (RoleInfo.java:updateAndGet(130)) - 8be7216b-e793-4943-b762-e8d5e6b4b962: start 8be7216b-e793-4943-b762-e8d5e6b4b962@group-AC5538030DE3-FollowerState
2021-11-02 20:08:48,447 [pool-116-thread-1] INFO  util.JmxRegister (JmxRegister.java:tryRegister(44)) - Successfully registered JMX Bean with object name Ratis:service=RaftServer,group=group-AC5538030DE3,id=8be7216b-e793-4943-b762-e8d5e6b4b962
2021-11-02 20:08:48,458 [Command processor thread] INFO  commandhandler.CreatePipelineCommandHandler (CreatePipelineCommandHandler.java:handle(106)) - Created Pipeline RATIS THREE PipelineID=24c472d2-c125-4ff6-8df4-ac5538030de3.
2021-11-02 20:08:48,549 [Command processor thread] INFO  server.RaftServer (RaftServerProxy.java:addNew(95)) - 8be7216b-e793-4943-b762-e8d5e6b4b962: addNew group-9A417E19952C:[8be7216b-e793-4943-b762-e8d5e6b4b962|rpc:10.1.0.43:37879|priority:1] returns group-9A417E19952C:java.util.concurrent.CompletableFuture@a0085d5[Not completed]
2021-11-02 20:08:48,551 [pool-116-thread-1] INFO  server.RaftServer$Division (RaftServerImpl.java:<init>(184)) - 8be7216b-e793-4943-b762-e8d5e6b4b962: new RaftServerImpl for group-9A417E19952C:[8be7216b-e793-4943-b762-e8d5e6b4b962|rpc:10.1.0.43:37879|priority:1] with ContainerStateMachine:uninitialized
2021-11-02 20:08:48,551 [pool-116-thread-1] INFO  server.RaftServerConfigKeys (ConfUtils.java:logGet(44)) - raft.server.rpc.timeout.min = 5s (custom)
2021-11-02 20:08:48,552 [pool-116-thread-1] INFO  server.RaftServerConfigKeys (ConfUtils.java:logGet(44)) - raft.server.rpc.timeout.max = 5200ms (custom)
2021-11-02 20:08:48,552 [pool-116-thread-1] INFO  server.RaftServerConfigKeys (ConfUtils.java:logGet(44)) - raft.server.rpc.sleep.time = 25ms (default)
2021-11-02 20:08:48,552 [pool-116-thread-1] INFO  server.RaftServerConfigKeys (ConfUtils.java:logGet(44)) - raft.server.rpc.slowness.timeout = 300s (custom)
2021-11-02 20:08:48,552 [pool-116-thread-1] INFO  server.RaftServerConfigKeys (ConfUtils.java:logGet(44)) - raft.server.leaderelection.leader.step-down.wait-time = 10s (default)
2021-11-02 20:08:48,552 [pool-116-thread-1] INFO  server.RaftServerConfigKeys (ConfUtils.java:logGet(44)) - raft.server.sleep.deviation.threshold = 300ms (default)
2021-11-02 20:08:48,552 [pool-116-thread-1] INFO  server.RaftServerConfigKeys (ConfUtils.java:logGet(44)) - raft.server.log.appender.install.snapshot.enabled = false (custom)
2021-11-02 20:08:48,552 [pool-116-thread-1] INFO  server.RaftServer$Division (ServerState.java:<init>(105)) - 8be7216b-e793-4943-b762-e8d5e6b4b962@group-9A417E19952C: ConfigurationManager, init=-1: [8be7216b-e793-4943-b762-e8d5e6b4b962|rpc:10.1.0.43:37879|priority:1], old=null, confs=<EMPTY_MAP>
2021-11-02 20:08:48,552 [pool-116-thread-1] INFO  server.RaftServerConfigKeys (ConfUtils.java:logGet(44)) - raft.server.storage.dir = [/home/runner/work/ozone/ozone/hadoop-ozone/integration-test/target/test-dir/MiniOzoneClusterImpl-76263e8f-62ab-412a-8766-4a189fbce95f/datanode-1/data/ratis] (custom)
2021-11-02 20:08:48,553 [pool-116-thread-1] INFO  server.RaftServerConfigKeys (ConfUtils.java:logGet(44)) - raft.server.log.corruption.policy = EXCEPTION (default)
2021-11-02 20:08:48,553 [pool-116-thread-1] INFO  server.RaftServerConfigKeys (ConfUtils.java:logGet(44)) - raft.server.storage.free-space.min = 0MB (=0) (default)
2021-11-02 20:08:48,553 [pool-116-thread-1] INFO  storage.RaftStorageDirectory (RaftStorageDirectoryImpl.java:analyzeStorage(135)) - The storage directory /home/runner/work/ozone/ozone/hadoop-ozone/integration-test/target/test-dir/MiniOzoneClusterImpl-76263e8f-62ab-412a-8766-4a189fbce95f/datanode-1/data/ratis/99cfe340-6ee3-4ffb-84f0-9a417e19952c does not exist. Creating ...
2021-11-02 20:08:48,554 [pool-116-thread-1] INFO  storage.RaftStorageDirectory (RaftStorageDirectoryImpl.java:tryLock(230)) - Lock on /home/runner/work/ozone/ozone/hadoop-ozone/integration-test/target/test-dir/MiniOzoneClusterImpl-76263e8f-62ab-412a-8766-4a189fbce95f/datanode-1/data/ratis/99cfe340-6ee3-4ffb-84f0-9a417e19952c/in_use.lock acquired by nodename 14135@fv-az270-10
2021-11-02 20:08:48,556 [pool-116-thread-1] INFO  storage.RaftStorage (RaftStorageImpl.java:format(89)) - Storage directory /home/runner/work/ozone/ozone/hadoop-ozone/integration-test/target/test-dir/MiniOzoneClusterImpl-76263e8f-62ab-412a-8766-4a189fbce95f/datanode-1/data/ratis/99cfe340-6ee3-4ffb-84f0-9a417e19952c has been successfully formatted.
2021-11-02 20:08:48,557 [pool-116-thread-1] INFO  ratis.ContainerStateMachine (ContainerStateMachine.java:loadSnapshot(224)) - group-9A417E19952C: The snapshot info is null. Setting the last applied indexto:(t:0, i:~)
2021-11-02 20:08:48,557 [pool-116-thread-1] INFO  server.RaftServerConfigKeys (ConfUtils.java:logGet(44)) - raft.server.notification.no-leader.timeout = 300s (custom)
2021-11-02 20:08:48,557 [pool-116-thread-1] INFO  server.RaftServerConfigKeys (ConfUtils.java:logGet(44)) - raft.server.log.use.memory = false (default)
2021-11-02 20:08:48,557 [pool-116-thread-1] INFO  server.RaftServerConfigKeys (ConfUtils.java:logGet(44)) - raft.server.log.purge.gap = 1000000 (custom)
2021-11-02 20:08:48,557 [pool-116-thread-1] INFO  server.RaftServerConfigKeys (ConfUtils.java:logGet(44)) - raft.server.log.appender.buffer.byte-limit = 33554432 (custom)
2021-11-02 20:08:48,559 [EventQueue-PipelineReportForPipelineReportHandler] INFO  pipeline.PipelineManagerImpl (PipelineManagerImpl.java:openPipeline(289)) - Pipeline Pipeline[ Id: 99cfe340-6ee3-4ffb-84f0-9a417e19952c, Nodes: 8be7216b-e793-4943-b762-e8d5e6b4b962{ip: 10.1.0.43, host: fv-az270-10.tacnzluakwdehk1hpragurqkma.bx.internal.cloudapp.net, ports: [REPLICATION=39543, RATIS=37879, RATIS_ADMIN=37879, RATIS_SERVER=37879, STANDALONE=46217], networkLocation: /default-rack, certSerialId: null, persistedOpState: IN_SERVICE, persistedOpStateExpiryEpochSec: 0}, ReplicationConfig: RATIS/ONE, State:ALLOCATED, leaderId:8be7216b-e793-4943-b762-e8d5e6b4b962, CreationTimestamp2021-11-02T20:08:45.556Z[Etc/UTC]] moved to OPEN state
2021-11-02 20:08:48,560 [EventQueue-OpenPipelineForHealthyPipelineSafeModeRule] INFO  safemode.SCMSafeModeManager (HealthyPipelineSafeModeRule.java:process(124)) - SCM in safe mode. Healthy pipelines reported count is 0, required healthy pipeline reported count is 1
2021-11-02 20:08:48,562 [pool-116-thread-1] INFO  server.RaftServerConfigKeys (ConfUtils.java:logGet(44)) - raft.server.log.segment.size.max = 1048576 (custom)
2021-11-02 20:08:48,569 [pool-116-thread-1] INFO  server.RaftServerConfigKeys (ConfUtils.java:logGet(44)) - raft.server.log.segment.cache.num.max = 2 (custom)
2021-11-02 20:08:48,569 [pool-116-thread-1] INFO  server.RaftServerConfigKeys (ConfUtils.java:logGet(44)) - raft.server.log.segment.cache.size.max = 200MB (=209715200) (default)
2021-11-02 20:08:48,569 [pool-116-thread-1] INFO  segmented.SegmentedRaftLogWorker (SegmentedRaftLogWorker.java:<init>(182)) - new 8be7216b-e793-4943-b762-e8d5e6b4b962@group-9A417E19952C-SegmentedRaftLogWorker for RaftStorageImpl:Storage Directory /home/runner/work/ozone/ozone/hadoop-ozone/integration-test/target/test-dir/MiniOzoneClusterImpl-76263e8f-62ab-412a-8766-4a189fbce95f/datanode-1/data/ratis/99cfe340-6ee3-4ffb-84f0-9a417e19952c
2021-11-02 20:08:48,569 [pool-116-thread-1] INFO  server.RaftServerConfigKeys (ConfUtils.java:logGet(44)) - raft.server.log.queue.byte-limit = 2147483647 (custom)
2021-11-02 20:08:48,570 [pool-116-thread-1] INFO  server.RaftServerConfigKeys (ConfUtils.java:logGet(44)) - raft.server.log.queue.element-limit = 1024 (custom)
2021-11-02 20:08:48,570 [pool-116-thread-1] INFO  server.RaftServerConfigKeys (ConfUtils.java:logGet(44)) - raft.server.log.segment.size.max = 1048576 (custom)
2021-11-02 20:08:48,570 [pool-116-thread-1] INFO  server.RaftServerConfigKeys (ConfUtils.java:logGet(44)) - raft.server.log.preallocated.size = 16384 (custom)
2021-11-02 20:08:48,570 [pool-116-thread-1] INFO  server.RaftServerConfigKeys (ConfUtils.java:logGet(44)) - raft.server.log.force.sync.num = 128 (default)
2021-11-02 20:08:48,570 [pool-116-thread-1] INFO  server.RaftServerConfigKeys (ConfUtils.java:logGet(44)) - raft.server.log.statemachine.data.sync = true (default)
2021-11-02 20:08:48,570 [pool-116-thread-1] INFO  server.RaftServerConfigKeys (ConfUtils.java:logGet(44)) - raft.server.log.statemachine.data.sync.timeout = 10s (default)
2021-11-02 20:08:48,570 [pool-116-thread-1] INFO  server.RaftServerConfigKeys (ConfUtils.java:logGet(44)) - raft.server.log.statemachine.data.sync.timeout.retry = -1 (default)
2021-11-02 20:08:48,571 [pool-116-thread-1] INFO  server.RaftServerConfigKeys (ConfUtils.java:logGet(44)) - raft.server.log.write.buffer.size = 1048576 (custom)
2021-11-02 20:08:48,571 [pool-116-thread-1] INFO  server.RaftServerConfigKeys (ConfUtils.java:logGet(44)) - raft.server.log.statemachine.data.caching.enabled = true (custom)
2021-11-02 20:08:48,572 [pool-116-thread-1] INFO  segmented.SegmentedRaftLogWorker (SegmentedRaftLogWorker.java:lambda$new$0(133)) - 8be7216b-e793-4943-b762-e8d5e6b4b962@group-9A417E19952C-SegmentedRaftLogWorker: flushIndex: setUnconditionally 0 -> -1
2021-11-02 20:08:48,572 [pool-116-thread-1] INFO  segmented.SegmentedRaftLogWorker (SegmentedRaftLogWorker.java:lambda$new$0(133)) - 8be7216b-e793-4943-b762-e8d5e6b4b962@group-9A417E19952C-SegmentedRaftLogWorker: safeCacheEvictIndex: setUnconditionally 0 -> -1
2021-11-02 20:08:48,572 [pool-116-thread-1] INFO  server.RaftServerConfigKeys (ConfUtils.java:logGet(44)) - raft.server.snapshot.auto.trigger.enabled = true (custom)
2021-11-02 20:08:48,572 [pool-116-thread-1] INFO  server.RaftServerConfigKeys (ConfUtils.java:logGet(44)) - raft.server.snapshot.auto.trigger.threshold = 10000 (custom)
2021-11-02 20:08:48,572 [pool-116-thread-1] INFO  server.RaftServerConfigKeys (ConfUtils.java:logGet(44)) - raft.server.snapshot.retention.file.num = 5 (custom)
2021-11-02 20:08:48,572 [pool-116-thread-1] INFO  server.RaftServerConfigKeys (ConfUtils.java:logGet(44)) - raft.server.log.purge.upto.snapshot.index = false (default)
2021-11-02 20:08:48,572 [pool-116-thread-1] INFO  server.RaftServerConfigKeys (ConfUtils.java:logGet(44)) - raft.server.retrycache.expirytime = 600000ms (custom)
2021-11-02 20:08:48,572 [pool-116-thread-1] INFO  server.RaftServerConfigKeys (ConfUtils.java:logGet(44)) - raft.server.retrycache.statistics.expirytime = 100μs (default)
2021-11-02 20:08:48,573 [pool-116-thread-1] INFO  server.RaftServer$Division (RaftServerImpl.java:start(301)) - 8be7216b-e793-4943-b762-e8d5e6b4b962@group-9A417E19952C: start as a follower, conf=-1: [8be7216b-e793-4943-b762-e8d5e6b4b962|rpc:10.1.0.43:37879|priority:1], old=null
2021-11-02 20:08:48,573 [pool-116-thread-1] INFO  server.RaftServer$Division (RaftServerImpl.java:setRole(290)) - 8be7216b-e793-4943-b762-e8d5e6b4b962@group-9A417E19952C: changes role from      null to FOLLOWER at term 0 for startAsFollower
2021-11-02 20:08:48,573 [pool-116-thread-1] INFO  impl.RoleInfo (RoleInfo.java:updateAndGet(130)) - 8be7216b-e793-4943-b762-e8d5e6b4b962: start 8be7216b-e793-4943-b762-e8d5e6b4b962@group-9A417E19952C-FollowerState
2021-11-02 20:08:48,575 [pool-116-thread-1] INFO  util.JmxRegister (JmxRegister.java:tryRegister(44)) - Successfully registered JMX Bean with object name Ratis:service=RaftServer,group=group-9A417E19952C,id=8be7216b-e793-4943-b762-e8d5e6b4b962
2021-11-02 20:08:48,576 [Command processor thread] INFO  ratis.XceiverServerRatis (XceiverServerRatis.java:addGroup(768)) - Created group PipelineID=99cfe340-6ee3-4ffb-84f0-9a417e19952c
2021-11-02 20:08:48,576 [Command processor thread] INFO  commandhandler.CreatePipelineCommandHandler (CreatePipelineCommandHandler.java:handle(106)) - Created Pipeline RATIS ONE PipelineID=99cfe340-6ee3-4ffb-84f0-9a417e19952c.
2021-11-02 20:08:49,016 [Listener at 127.0.0.1/10620] INFO  ozone.MiniOzoneClusterImpl (MiniOzoneClusterImpl.java:lambda$waitForClusterToBeReady$0(235)) - Nodes are ready. Got 3 of 3 DN Heartbeats.
2021-11-02 20:08:49,016 [Listener at 127.0.0.1/10620] INFO  ozone.MiniOzoneClusterImpl (MiniOzoneClusterImpl.java:lambda$waitForClusterToBeReady$0(238)) - Waiting for cluster to exit safe mode
2021-11-02 20:08:49,016 [Listener at 127.0.0.1/10620] INFO  ozone.MiniOzoneClusterImpl (MiniOzoneClusterImpl.java:lambda$waitForClusterToBeReady$0(240)) - SCM became leader
2021-11-02 20:08:49,017 [Command processor thread] INFO  server.RaftServer (RaftServerProxy.java:addNew(95)) - 8beef4f3-0fbd-4019-b5e6-bba09cd08c94: addNew group-AC1F8A7A189D:[8beef4f3-0fbd-4019-b5e6-bba09cd08c94|rpc:10.1.0.43:38223|priority:1] returns group-AC1F8A7A189D:java.util.concurrent.CompletableFuture@5823cc85[Not completed]
2021-11-02 20:08:49,018 [pool-135-thread-1] INFO  server.RaftServer$Division (RaftServerImpl.java:<init>(184)) - 8beef4f3-0fbd-4019-b5e6-bba09cd08c94: new RaftServerImpl for group-AC1F8A7A189D:[8beef4f3-0fbd-4019-b5e6-bba09cd08c94|rpc:10.1.0.43:38223|priority:1] with ContainerStateMachine:uninitialized
2021-11-02 20:08:49,018 [pool-135-thread-1] INFO  server.RaftServerConfigKeys (ConfUtils.java:logGet(44)) - raft.server.rpc.timeout.min = 5s (custom)
2021-11-02 20:08:49,018 [pool-135-thread-1] INFO  server.RaftServerConfigKeys (ConfUtils.java:logGet(44)) - raft.server.rpc.timeout.max = 5200ms (custom)
2021-11-02 20:08:49,018 [pool-135-thread-1] INFO  server.RaftServerConfigKeys (ConfUtils.java:logGet(44)) - raft.server.rpc.sleep.time = 25ms (default)
2021-11-02 20:08:49,018 [pool-135-thread-1] INFO  server.RaftServerConfigKeys (ConfUtils.java:logGet(44)) - raft.server.rpc.slowness.timeout = 300s (custom)
2021-11-02 20:08:49,018 [pool-135-thread-1] INFO  server.RaftServerConfigKeys (ConfUtils.java:logGet(44)) - raft.server.leaderelection.leader.step-down.wait-time = 10s (default)
2021-11-02 20:08:49,018 [pool-135-thread-1] INFO  server.RaftServerConfigKeys (ConfUtils.java:logGet(44)) - raft.server.sleep.deviation.threshold = 300ms (default)
2021-11-02 20:08:49,018 [pool-135-thread-1] INFO  server.RaftServerConfigKeys (ConfUtils.java:logGet(44)) - raft.server.log.appender.install.snapshot.enabled = false (custom)
2021-11-02 20:08:49,018 [pool-135-thread-1] INFO  server.RaftServer$Division (ServerState.java:<init>(105)) - 8beef4f3-0fbd-4019-b5e6-bba09cd08c94@group-AC1F8A7A189D: ConfigurationManager, init=-1: [8beef4f3-0fbd-4019-b5e6-bba09cd08c94|rpc:10.1.0.43:38223|priority:1], old=null, confs=<EMPTY_MAP>
2021-11-02 20:08:49,018 [pool-135-thread-1] INFO  server.RaftServerConfigKeys (ConfUtils.java:logGet(44)) - raft.server.storage.dir = [/home/runner/work/ozone/ozone/hadoop-ozone/integration-test/target/test-dir/MiniOzoneClusterImpl-76263e8f-62ab-412a-8766-4a189fbce95f/datanode-2/data/ratis] (custom)
2021-11-02 20:08:49,018 [pool-135-thread-1] INFO  server.RaftServerConfigKeys (ConfUtils.java:logGet(44)) - raft.server.log.corruption.policy = EXCEPTION (default)
2021-11-02 20:08:49,019 [pool-135-thread-1] INFO  server.RaftServerConfigKeys (ConfUtils.java:logGet(44)) - raft.server.storage.free-space.min = 0MB (=0) (default)
2021-11-02 20:08:49,019 [pool-135-thread-1] INFO  storage.RaftStorageDirectory (RaftStorageDirectoryImpl.java:analyzeStorage(135)) - The storage directory /home/runner/work/ozone/ozone/hadoop-ozone/integration-test/target/test-dir/MiniOzoneClusterImpl-76263e8f-62ab-412a-8766-4a189fbce95f/datanode-2/data/ratis/01b691cd-d7e1-47f2-99aa-ac1f8a7a189d does not exist. Creating ...
2021-11-02 20:08:49,020 [pool-135-thread-1] INFO  storage.RaftStorageDirectory (RaftStorageDirectoryImpl.java:tryLock(230)) - Lock on /home/runner/work/ozone/ozone/hadoop-ozone/integration-test/target/test-dir/MiniOzoneClusterImpl-76263e8f-62ab-412a-8766-4a189fbce95f/datanode-2/data/ratis/01b691cd-d7e1-47f2-99aa-ac1f8a7a189d/in_use.lock acquired by nodename 14135@fv-az270-10
2021-11-02 20:08:49,021 [pool-135-thread-1] INFO  storage.RaftStorage (RaftStorageImpl.java:format(89)) - Storage directory /home/runner/work/ozone/ozone/hadoop-ozone/integration-test/target/test-dir/MiniOzoneClusterImpl-76263e8f-62ab-412a-8766-4a189fbce95f/datanode-2/data/ratis/01b691cd-d7e1-47f2-99aa-ac1f8a7a189d has been successfully formatted.
2021-11-02 20:08:49,023 [pool-135-thread-1] INFO  ratis.ContainerStateMachine (ContainerStateMachine.java:loadSnapshot(224)) - group-AC1F8A7A189D: The snapshot info is null. Setting the last applied indexto:(t:0, i:~)
2021-11-02 20:08:49,024 [pool-135-thread-1] INFO  server.RaftServerConfigKeys (ConfUtils.java:logGet(44)) - raft.server.notification.no-leader.timeout = 300s (custom)
2021-11-02 20:08:49,024 [pool-135-thread-1] INFO  server.RaftServerConfigKeys (ConfUtils.java:logGet(44)) - raft.server.log.use.memory = false (default)
2021-11-02 20:08:49,024 [pool-135-thread-1] INFO  server.RaftServerConfigKeys (ConfUtils.java:logGet(44)) - raft.server.log.purge.gap = 1000000 (custom)
2021-11-02 20:08:49,024 [pool-135-thread-1] INFO  server.RaftServerConfigKeys (ConfUtils.java:logGet(44)) - raft.server.log.appender.buffer.byte-limit = 33554432 (custom)
2021-11-02 20:08:49,024 [pool-135-thread-1] INFO  server.RaftServerConfigKeys (ConfUtils.java:logGet(44)) - raft.server.log.segment.size.max = 1048576 (custom)
2021-11-02 20:08:49,024 [EventQueue-PipelineReportForPipelineReportHandler] INFO  pipeline.PipelineManagerImpl (PipelineManagerImpl.java:openPipeline(289)) - Pipeline Pipeline[ Id: 01b691cd-d7e1-47f2-99aa-ac1f8a7a189d, Nodes: 8beef4f3-0fbd-4019-b5e6-bba09cd08c94{ip: 10.1.0.43, host: fv-az270-10.tacnzluakwdehk1hpragurqkma.bx.internal.cloudapp.net, ports: [REPLICATION=43609, RATIS=38223, RATIS_ADMIN=38223, RATIS_SERVER=38223, STANDALONE=41893], networkLocation: /default-rack, certSerialId: null, persistedOpState: IN_SERVICE, persistedOpStateExpiryEpochSec: 0}, ReplicationConfig: RATIS/ONE, State:ALLOCATED, leaderId:8beef4f3-0fbd-4019-b5e6-bba09cd08c94, CreationTimestamp2021-11-02T20:08:46.022Z[Etc/UTC]] moved to OPEN state
2021-11-02 20:08:49,025 [pool-135-thread-1] INFO  server.RaftServerConfigKeys (ConfUtils.java:logGet(44)) - raft.server.log.segment.cache.num.max = 2 (custom)
2021-11-02 20:08:49,025 [EventQueue-OpenPipelineForHealthyPipelineSafeModeRule] INFO  safemode.SCMSafeModeManager (HealthyPipelineSafeModeRule.java:process(124)) - SCM in safe mode. Healthy pipelines reported count is 0, required healthy pipeline reported count is 1
2021-11-02 20:08:49,026 [pool-135-thread-1] INFO  server.RaftServerConfigKeys (ConfUtils.java:logGet(44)) - raft.server.log.segment.cache.size.max = 200MB (=209715200) (default)
2021-11-02 20:08:49,026 [pool-135-thread-1] INFO  segmented.SegmentedRaftLogWorker (SegmentedRaftLogWorker.java:<init>(182)) - new 8beef4f3-0fbd-4019-b5e6-bba09cd08c94@group-AC1F8A7A189D-SegmentedRaftLogWorker for RaftStorageImpl:Storage Directory /home/runner/work/ozone/ozone/hadoop-ozone/integration-test/target/test-dir/MiniOzoneClusterImpl-76263e8f-62ab-412a-8766-4a189fbce95f/datanode-2/data/ratis/01b691cd-d7e1-47f2-99aa-ac1f8a7a189d
2021-11-02 20:08:49,027 [pool-135-thread-1] INFO  server.RaftServerConfigKeys (ConfUtils.java:logGet(44)) - raft.server.log.queue.byte-limit = 2147483647 (custom)
2021-11-02 20:08:49,027 [pool-135-thread-1] INFO  server.RaftServerConfigKeys (ConfUtils.java:logGet(44)) - raft.server.log.queue.element-limit = 1024 (custom)
2021-11-02 20:08:49,027 [pool-135-thread-1] INFO  server.RaftServerConfigKeys (ConfUtils.java:logGet(44)) - raft.server.log.segment.size.max = 1048576 (custom)
2021-11-02 20:08:49,027 [pool-135-thread-1] INFO  server.RaftServerConfigKeys (ConfUtils.java:logGet(44)) - raft.server.log.preallocated.size = 16384 (custom)
2021-11-02 20:08:49,027 [pool-135-thread-1] INFO  server.RaftServerConfigKeys (ConfUtils.java:logGet(44)) - raft.server.log.force.sync.num = 128 (default)
2021-11-02 20:08:49,027 [pool-135-thread-1] INFO  server.RaftServerConfigKeys (ConfUtils.java:logGet(44)) - raft.server.log.statemachine.data.sync = true (default)
2021-11-02 20:08:49,027 [pool-135-thread-1] INFO  server.RaftServerConfigKeys (ConfUtils.java:logGet(44)) - raft.server.log.statemachine.data.sync.timeout = 10s (default)
2021-11-02 20:08:49,027 [pool-135-thread-1] INFO  server.RaftServerConfigKeys (ConfUtils.java:logGet(44)) - raft.server.log.statemachine.data.sync.timeout.retry = -1 (default)
2021-11-02 20:08:49,028 [pool-135-thread-1] INFO  server.RaftServerConfigKeys (ConfUtils.java:logGet(44)) - raft.server.log.write.buffer.size = 1048576 (custom)
2021-11-02 20:08:49,029 [pool-135-thread-1] INFO  server.RaftServerConfigKeys (ConfUtils.java:logGet(44)) - raft.server.log.statemachine.data.caching.enabled = true (custom)
2021-11-02 20:08:49,029 [pool-135-thread-1] INFO  segmented.SegmentedRaftLogWorker (SegmentedRaftLogWorker.java:lambda$new$0(133)) - 8beef4f3-0fbd-4019-b5e6-bba09cd08c94@group-AC1F8A7A189D-SegmentedRaftLogWorker: flushIndex: setUnconditionally 0 -> -1
2021-11-02 20:08:49,029 [pool-135-thread-1] INFO  segmented.SegmentedRaftLogWorker (SegmentedRaftLogWorker.java:lambda$new$0(133)) - 8beef4f3-0fbd-4019-b5e6-bba09cd08c94@group-AC1F8A7A189D-SegmentedRaftLogWorker: safeCacheEvictIndex: setUnconditionally 0 -> -1
2021-11-02 20:08:49,029 [pool-135-thread-1] INFO  server.RaftServerConfigKeys (ConfUtils.java:logGet(44)) - raft.server.snapshot.auto.trigger.enabled = true (custom)
2021-11-02 20:08:49,029 [pool-135-thread-1] INFO  server.RaftServerConfigKeys (ConfUtils.java:logGet(44)) - raft.server.snapshot.auto.trigger.threshold = 10000 (custom)
2021-11-02 20:08:49,029 [pool-135-thread-1] INFO  server.RaftServerConfigKeys (ConfUtils.java:logGet(44)) - raft.server.snapshot.retention.file.num = 5 (custom)
2021-11-02 20:08:49,029 [pool-135-thread-1] INFO  server.RaftServerConfigKeys (ConfUtils.java:logGet(44)) - raft.server.log.purge.upto.snapshot.index = false (default)
2021-11-02 20:08:49,029 [pool-135-thread-1] INFO  server.RaftServerConfigKeys (ConfUtils.java:logGet(44)) - raft.server.retrycache.expirytime = 600000ms (custom)
2021-11-02 20:08:49,029 [pool-135-thread-1] INFO  server.RaftServerConfigKeys (ConfUtils.java:logGet(44)) - raft.server.retrycache.statistics.expirytime = 100μs (default)
2021-11-02 20:08:49,036 [pool-135-thread-1] INFO  server.RaftServer$Division (RaftServerImpl.java:start(301)) - 8beef4f3-0fbd-4019-b5e6-bba09cd08c94@group-AC1F8A7A189D: start as a follower, conf=-1: [8beef4f3-0fbd-4019-b5e6-bba09cd08c94|rpc:10.1.0.43:38223|priority:1], old=null
2021-11-02 20:08:49,036 [pool-135-thread-1] INFO  server.RaftServer$Division (RaftServerImpl.java:setRole(290)) - 8beef4f3-0fbd-4019-b5e6-bba09cd08c94@group-AC1F8A7A189D: changes role from      null to FOLLOWER at term 0 for startAsFollower
2021-11-02 20:08:49,037 [pool-135-thread-1] INFO  impl.RoleInfo (RoleInfo.java:updateAndGet(130)) - 8beef4f3-0fbd-4019-b5e6-bba09cd08c94: start 8beef4f3-0fbd-4019-b5e6-bba09cd08c94@group-AC1F8A7A189D-FollowerState
2021-11-02 20:08:49,037 [pool-135-thread-1] INFO  util.JmxRegister (JmxRegister.java:tryRegister(44)) - Successfully registered JMX Bean with object name Ratis:service=RaftServer,group=group-AC1F8A7A189D,id=8beef4f3-0fbd-4019-b5e6-bba09cd08c94
2021-11-02 20:08:49,038 [Command processor thread] INFO  ratis.XceiverServerRatis (XceiverServerRatis.java:addGroup(768)) - Created group PipelineID=01b691cd-d7e1-47f2-99aa-ac1f8a7a189d
2021-11-02 20:08:49,038 [Command processor thread] INFO  commandhandler.CreatePipelineCommandHandler (CreatePipelineCommandHandler.java:handle(106)) - Created Pipeline RATIS ONE PipelineID=01b691cd-d7e1-47f2-99aa-ac1f8a7a189d.
2021-11-02 20:08:50,017 [Listener at 127.0.0.1/10620] INFO  ozone.MiniOzoneClusterImpl (MiniOzoneClusterImpl.java:lambda$waitForClusterToBeReady$0(235)) - Nodes are ready. Got 3 of 3 DN Heartbeats.
2021-11-02 20:08:50,017 [Listener at 127.0.0.1/10620] INFO  ozone.MiniOzoneClusterImpl (MiniOzoneClusterImpl.java:lambda$waitForClusterToBeReady$0(238)) - Waiting for cluster to exit safe mode
2021-11-02 20:08:50,017 [Listener at 127.0.0.1/10620] INFO  ozone.MiniOzoneClusterImpl (MiniOzoneClusterImpl.java:lambda$waitForClusterToBeReady$0(240)) - SCM became leader
2021-11-02 20:08:51,018 [Listener at 127.0.0.1/10620] INFO  ozone.MiniOzoneClusterImpl (MiniOzoneClusterImpl.java:lambda$waitForClusterToBeReady$0(235)) - Nodes are ready. Got 3 of 3 DN Heartbeats.
2021-11-02 20:08:51,018 [Listener at 127.0.0.1/10620] INFO  ozone.MiniOzoneClusterImpl (MiniOzoneClusterImpl.java:lambda$waitForClusterToBeReady$0(238)) - Waiting for cluster to exit safe mode
2021-11-02 20:08:51,018 [Listener at 127.0.0.1/10620] INFO  ozone.MiniOzoneClusterImpl (MiniOzoneClusterImpl.java:lambda$waitForClusterToBeReady$0(240)) - SCM became leader
2021-11-02 20:08:52,019 [Listener at 127.0.0.1/10620] INFO  ozone.MiniOzoneClusterImpl (MiniOzoneClusterImpl.java:lambda$waitForClusterToBeReady$0(235)) - Nodes are ready. Got 3 of 3 DN Heartbeats.
2021-11-02 20:08:52,019 [Listener at 127.0.0.1/10620] INFO  ozone.MiniOzoneClusterImpl (MiniOzoneClusterImpl.java:lambda$waitForClusterToBeReady$0(238)) - Waiting for cluster to exit safe mode
2021-11-02 20:08:52,019 [Listener at 127.0.0.1/10620] INFO  ozone.MiniOzoneClusterImpl (MiniOzoneClusterImpl.java:lambda$waitForClusterToBeReady$0(240)) - SCM became leader
2021-11-02 20:08:53,020 [Listener at 127.0.0.1/10620] INFO  ozone.MiniOzoneClusterImpl (MiniOzoneClusterImpl.java:lambda$waitForClusterToBeReady$0(235)) - Nodes are ready. Got 3 of 3 DN Heartbeats.
2021-11-02 20:08:53,020 [Listener at 127.0.0.1/10620] INFO  ozone.MiniOzoneClusterImpl (MiniOzoneClusterImpl.java:lambda$waitForClusterToBeReady$0(238)) - Waiting for cluster to exit safe mode
2021-11-02 20:08:53,020 [Listener at 127.0.0.1/10620] INFO  ozone.MiniOzoneClusterImpl (MiniOzoneClusterImpl.java:lambda$waitForClusterToBeReady$0(240)) - SCM became leader
2021-11-02 20:08:53,251 [6d11dc31-4e47-4309-a917-8638e8d3619f@group-07E0AF6682BC-FollowerState] INFO  impl.FollowerState (FollowerState.java:run(134)) - 6d11dc31-4e47-4309-a917-8638e8d3619f@group-07E0AF6682BC-FollowerState: change to CANDIDATE, lastRpcElapsedTime:5150360675ns, electionTimeout:5140ms
2021-11-02 20:08:53,252 [6d11dc31-4e47-4309-a917-8638e8d3619f@group-07E0AF6682BC-FollowerState] INFO  impl.RoleInfo (RoleInfo.java:shutdownFollowerState(108)) - 6d11dc31-4e47-4309-a917-8638e8d3619f: shutdown 6d11dc31-4e47-4309-a917-8638e8d3619f@group-07E0AF6682BC-FollowerState
2021-11-02 20:08:53,252 [6d11dc31-4e47-4309-a917-8638e8d3619f@group-07E0AF6682BC-FollowerState] INFO  server.RaftServer$Division (RaftServerImpl.java:setRole(290)) - 6d11dc31-4e47-4309-a917-8638e8d3619f@group-07E0AF6682BC: changes role from  FOLLOWER to CANDIDATE at term 0 for changeToCandidate
2021-11-02 20:08:53,252 [6d11dc31-4e47-4309-a917-8638e8d3619f@group-07E0AF6682BC-FollowerState] INFO  server.RaftServerConfigKeys (ConfUtils.java:logGet(44)) - raft.server.leaderelection.pre-vote = false (custom)
2021-11-02 20:08:53,252 [6d11dc31-4e47-4309-a917-8638e8d3619f@group-07E0AF6682BC-FollowerState] INFO  impl.RoleInfo (RoleInfo.java:updateAndGet(130)) - 6d11dc31-4e47-4309-a917-8638e8d3619f: start 6d11dc31-4e47-4309-a917-8638e8d3619f@group-07E0AF6682BC-LeaderElection4
2021-11-02 20:08:53,256 [6d11dc31-4e47-4309-a917-8638e8d3619f@group-07E0AF6682BC-LeaderElection4] INFO  impl.LeaderElection (LeaderElection.java:askForVotes(306)) - 6d11dc31-4e47-4309-a917-8638e8d3619f@group-07E0AF6682BC-LeaderElection4 ELECTION round 0: submit vote requests at term 1 for -1: [6d11dc31-4e47-4309-a917-8638e8d3619f|rpc:10.1.0.43:41415|priority:1], old=null
2021-11-02 20:08:53,257 [6d11dc31-4e47-4309-a917-8638e8d3619f@group-07E0AF6682BC-LeaderElection4] INFO  impl.LeaderElection (LeaderElection.java:askForVotes(308)) - 6d11dc31-4e47-4309-a917-8638e8d3619f@group-07E0AF6682BC-LeaderElection4 ELECTION round 0: result PASSED (term=1)
2021-11-02 20:08:53,257 [6d11dc31-4e47-4309-a917-8638e8d3619f@group-07E0AF6682BC-LeaderElection4] INFO  impl.RoleInfo (RoleInfo.java:shutdownLeaderElection(121)) - 6d11dc31-4e47-4309-a917-8638e8d3619f: shutdown 6d11dc31-4e47-4309-a917-8638e8d3619f@group-07E0AF6682BC-LeaderElection4
2021-11-02 20:08:53,257 [6d11dc31-4e47-4309-a917-8638e8d3619f@group-07E0AF6682BC-LeaderElection4] INFO  server.RaftServer$Division (RaftServerImpl.java:setRole(290)) - 6d11dc31-4e47-4309-a917-8638e8d3619f@group-07E0AF6682BC: changes role from CANDIDATE to LEADER at term 1 for changeToLeader
2021-11-02 20:08:53,257 [6d11dc31-4e47-4309-a917-8638e8d3619f@group-07E0AF6682BC-LeaderElection4] INFO  ratis.XceiverServerRatis (XceiverServerRatis.java:handleLeaderChangedNotification(866)) - Leader change notification received for group: group-07E0AF6682BC with new leaderId: 6d11dc31-4e47-4309-a917-8638e8d3619f
2021-11-02 20:08:53,258 [6d11dc31-4e47-4309-a917-8638e8d3619f@group-07E0AF6682BC-LeaderElection4] INFO  server.RaftServer$Division (ServerState.java:setLeader(285)) - 6d11dc31-4e47-4309-a917-8638e8d3619f@group-07E0AF6682BC: change Leader from null to 6d11dc31-4e47-4309-a917-8638e8d3619f at term 1 for becomeLeader, leader elected after 5169ms
2021-11-02 20:08:53,258 [6d11dc31-4e47-4309-a917-8638e8d3619f@group-07E0AF6682BC-LeaderElection4] INFO  server.RaftServerConfigKeys (ConfUtils.java:logGet(44)) - raft.server.staging.catchup.gap = 1000 (default)
2021-11-02 20:08:53,260 [6d11dc31-4e47-4309-a917-8638e8d3619f@group-07E0AF6682BC-LeaderElection4] INFO  server.RaftServerConfigKeys (ConfUtils.java:logGet(44)) - raft.server.write.element-limit = 1024 (custom)
2021-11-02 20:08:53,260 [6d11dc31-4e47-4309-a917-8638e8d3619f@group-07E0AF6682BC-LeaderElection4] INFO  server.RaftServerConfigKeys (ConfUtils.java:logGet(44)) - raft.server.write.byte-limit = 1024 M (=1073741824) (custom)
2021-11-02 20:08:53,260 [EventQueue-OpenPipelineForHealthyPipelineSafeModeRule] INFO  safemode.SCMSafeModeManager (HealthyPipelineSafeModeRule.java:process(124)) - SCM in safe mode. Healthy pipelines reported count is 0, required healthy pipeline reported count is 1
2021-11-02 20:08:53,260 [6d11dc31-4e47-4309-a917-8638e8d3619f@group-07E0AF6682BC-LeaderElection4] INFO  server.RaftServerConfigKeys (ConfUtils.java:logGet(44)) - raft.server.watch.timeout = 180s (custom)
2021-11-02 20:08:53,261 [6d11dc31-4e47-4309-a917-8638e8d3619f@group-07E0AF6682BC-LeaderElection4] INFO  server.RaftServerConfigKeys (ConfUtils.java:logGet(44)) - raft.server.watch.timeout.denomination = 1s (default)
2021-11-02 20:08:53,261 [6d11dc31-4e47-4309-a917-8638e8d3619f@group-07E0AF6682BC-LeaderElection4] INFO  server.RaftServerConfigKeys (ConfUtils.java:logGet(44)) - raft.server.watch.element-limit = 65536 (default)
2021-11-02 20:08:53,261 [6d11dc31-4e47-4309-a917-8638e8d3619f@group-07E0AF6682BC-LeaderElection4] INFO  server.RaftServerConfigKeys (ConfUtils.java:logGet(44)) - raft.server.write.element-limit = 1024 (custom)
2021-11-02 20:08:53,261 [6d11dc31-4e47-4309-a917-8638e8d3619f@group-07E0AF6682BC-LeaderElection4] INFO  server.RaftServerConfigKeys (ConfUtils.java:logGet(44)) - raft.server.write.follower.gap.ratio.max = -1.0 (default)
2021-11-02 20:08:53,262 [6d11dc31-4e47-4309-a917-8638e8d3619f@group-07E0AF6682BC-LeaderElection4] INFO  impl.RoleInfo (RoleInfo.java:updateAndGet(130)) - 6d11dc31-4e47-4309-a917-8638e8d3619f: start 6d11dc31-4e47-4309-a917-8638e8d3619f@group-07E0AF6682BC-LeaderStateImpl
2021-11-02 20:08:53,262 [6d11dc31-4e47-4309-a917-8638e8d3619f@group-07E0AF6682BC-LeaderElection4] INFO  segmented.SegmentedRaftLogWorker (SegmentedRaftLogWorker.java:startLogSegment(394)) - 6d11dc31-4e47-4309-a917-8638e8d3619f@group-07E0AF6682BC-SegmentedRaftLogWorker: Starting segment from index:0
2021-11-02 20:08:53,264 [6d11dc31-4e47-4309-a917-8638e8d3619f@group-07E0AF6682BC-SegmentedRaftLogWorker] INFO  segmented.SegmentedRaftLogWorker (SegmentedRaftLogWorker.java:execute(601)) - 6d11dc31-4e47-4309-a917-8638e8d3619f@group-07E0AF6682BC-SegmentedRaftLogWorker: created new log segment /home/runner/work/ozone/ozone/hadoop-ozone/integration-test/target/test-dir/MiniOzoneClusterImpl-76263e8f-62ab-412a-8766-4a189fbce95f/datanode-0/data/ratis/2cf1aa20-5dad-4990-985a-07e0af6682bc/current/log_inprogress_0
2021-11-02 20:08:53,268 [6d11dc31-4e47-4309-a917-8638e8d3619f@group-07E0AF6682BC-LeaderElection4] INFO  server.RaftServer$Division (ServerState.java:setRaftConf(387)) - 6d11dc31-4e47-4309-a917-8638e8d3619f@group-07E0AF6682BC: set configuration 0: [6d11dc31-4e47-4309-a917-8638e8d3619f|rpc:10.1.0.43:41415|dataStream:|priority:1], old=null
2021-11-02 20:08:53,319 [6d11dc31-4e47-4309-a917-8638e8d3619f@group-6F4CF07A18B4-FollowerState] INFO  impl.FollowerState (FollowerState.java:run(134)) - 6d11dc31-4e47-4309-a917-8638e8d3619f@group-6F4CF07A18B4-FollowerState: change to CANDIDATE, lastRpcElapsedTime:5180268346ns, electionTimeout:5179ms
2021-11-02 20:08:53,320 [6d11dc31-4e47-4309-a917-8638e8d3619f@group-6F4CF07A18B4-FollowerState] INFO  impl.RoleInfo (RoleInfo.java:shutdownFollowerState(108)) - 6d11dc31-4e47-4309-a917-8638e8d3619f: shutdown 6d11dc31-4e47-4309-a917-8638e8d3619f@group-6F4CF07A18B4-FollowerState
2021-11-02 20:08:53,320 [6d11dc31-4e47-4309-a917-8638e8d3619f@group-6F4CF07A18B4-FollowerState] INFO  server.RaftServer$Division (RaftServerImpl.java:setRole(290)) - 6d11dc31-4e47-4309-a917-8638e8d3619f@group-6F4CF07A18B4: changes role from  FOLLOWER to CANDIDATE at term 0 for changeToCandidate
2021-11-02 20:08:53,320 [6d11dc31-4e47-4309-a917-8638e8d3619f@group-6F4CF07A18B4-FollowerState] INFO  server.RaftServerConfigKeys (ConfUtils.java:logGet(44)) - raft.server.leaderelection.pre-vote = false (custom)
2021-11-02 20:08:53,320 [6d11dc31-4e47-4309-a917-8638e8d3619f@group-6F4CF07A18B4-FollowerState] INFO  impl.RoleInfo (RoleInfo.java:updateAndGet(130)) - 6d11dc31-4e47-4309-a917-8638e8d3619f: start 6d11dc31-4e47-4309-a917-8638e8d3619f@group-6F4CF07A18B4-LeaderElection5
2021-11-02 20:08:53,324 [6d11dc31-4e47-4309-a917-8638e8d3619f@group-6F4CF07A18B4-LeaderElection5] INFO  impl.LeaderElection (LeaderElection.java:askForVotes(306)) - 6d11dc31-4e47-4309-a917-8638e8d3619f@group-6F4CF07A18B4-LeaderElection5 ELECTION round 0: submit vote requests at term 1 for -1: [8beef4f3-0fbd-4019-b5e6-bba09cd08c94|rpc:10.1.0.43:38223|priority:1, 6d11dc31-4e47-4309-a917-8638e8d3619f|rpc:10.1.0.43:41415|priority:0, 8be7216b-e793-4943-b762-e8d5e6b4b962|rpc:10.1.0.43:37879|priority:0], old=null
2021-11-02 20:08:53,338 [8be7216b-e793-4943-b762-e8d5e6b4b962@group-6F4CF07A18B4-FollowerState] INFO  impl.FollowerState (FollowerState.java:run(134)) - 8be7216b-e793-4943-b762-e8d5e6b4b962@group-6F4CF07A18B4-FollowerState: change to CANDIDATE, lastRpcElapsedTime:5101047658ns, electionTimeout:5090ms
2021-11-02 20:08:53,339 [8be7216b-e793-4943-b762-e8d5e6b4b962@group-6F4CF07A18B4-FollowerState] INFO  impl.RoleInfo (RoleInfo.java:shutdownFollowerState(108)) - 8be7216b-e793-4943-b762-e8d5e6b4b962: shutdown 8be7216b-e793-4943-b762-e8d5e6b4b962@group-6F4CF07A18B4-FollowerState
2021-11-02 20:08:53,339 [8be7216b-e793-4943-b762-e8d5e6b4b962@group-6F4CF07A18B4-FollowerState] INFO  server.RaftServer$Division (RaftServerImpl.java:setRole(290)) - 8be7216b-e793-4943-b762-e8d5e6b4b962@group-6F4CF07A18B4: changes role from  FOLLOWER to CANDIDATE at term 0 for changeToCandidate
2021-11-02 20:08:53,339 [8be7216b-e793-4943-b762-e8d5e6b4b962@group-6F4CF07A18B4-FollowerState] INFO  server.RaftServerConfigKeys (ConfUtils.java:logGet(44)) - raft.server.leaderelection.pre-vote = false (custom)
2021-11-02 20:08:53,339 [8be7216b-e793-4943-b762-e8d5e6b4b962@group-6F4CF07A18B4-FollowerState] INFO  impl.RoleInfo (RoleInfo.java:updateAndGet(130)) - 8be7216b-e793-4943-b762-e8d5e6b4b962: start 8be7216b-e793-4943-b762-e8d5e6b4b962@group-6F4CF07A18B4-LeaderElection6
2021-11-02 20:08:53,344 [grpc-default-executor-0] INFO  server.RaftServer$Division (RaftServerImpl.java:requestVote(1046)) - 8beef4f3-0fbd-4019-b5e6-bba09cd08c94@group-6F4CF07A18B4: receive requestVote(ELECTION, 6d11dc31-4e47-4309-a917-8638e8d3619f, group-6F4CF07A18B4, 1, (t:0, i:0))
2021-11-02 20:08:53,344 [grpc-default-executor-0] INFO  impl.VoteContext (VoteContext.java:log(48)) - 8beef4f3-0fbd-4019-b5e6-bba09cd08c94@group-6F4CF07A18B4-FOLLOWER: reject ELECTION from 6d11dc31-4e47-4309-a917-8638e8d3619f: our priority 1 > candidate's priority 0
2021-11-02 20:08:53,344 [grpc-default-executor-0] INFO  server.RaftServer$Division (RaftServerImpl.java:setRole(290)) - 8beef4f3-0fbd-4019-b5e6-bba09cd08c94@group-6F4CF07A18B4: changes role from  FOLLOWER to FOLLOWER at term 1 for candidate:6d11dc31-4e47-4309-a917-8638e8d3619f
2021-11-02 20:08:53,344 [grpc-default-executor-0] INFO  impl.RoleInfo (RoleInfo.java:shutdownFollowerState(108)) - 8beef4f3-0fbd-4019-b5e6-bba09cd08c94: shutdown 8beef4f3-0fbd-4019-b5e6-bba09cd08c94@group-6F4CF07A18B4-FollowerState
2021-11-02 20:08:53,344 [grpc-default-executor-0] INFO  impl.RoleInfo (RoleInfo.java:updateAndGet(130)) - 8beef4f3-0fbd-4019-b5e6-bba09cd08c94: start 8beef4f3-0fbd-4019-b5e6-bba09cd08c94@group-6F4CF07A18B4-FollowerState
2021-11-02 20:08:53,345 [8beef4f3-0fbd-4019-b5e6-bba09cd08c94@group-6F4CF07A18B4-FollowerState] INFO  impl.FollowerState (FollowerState.java:run(143)) - 8beef4f3-0fbd-4019-b5e6-bba09cd08c94@group-6F4CF07A18B4-FollowerState was interrupted: {}
java.lang.InterruptedException: sleep interrupted
	at java.lang.Thread.sleep(Native Method)
	at java.lang.Thread.sleep(Thread.java:340)
	at java.util.concurrent.TimeUnit.sleep(TimeUnit.java:386)
	at org.apache.ratis.util.TimeDuration.sleep(TimeDuration.java:324)
	at org.apache.ratis.util.TimeDuration.sleep(TimeDuration.java:309)
	at org.apache.ratis.server.impl.FollowerState.run(FollowerState.java:118)
2021-11-02 20:08:53,347 [grpc-default-executor-0] INFO  server.RaftServer$Division (RaftServerImpl.java:requestVote(1078)) - 8beef4f3-0fbd-4019-b5e6-bba09cd08c94@group-6F4CF07A18B4 replies to ELECTION vote request: 6d11dc31-4e47-4309-a917-8638e8d3619f<-8beef4f3-0fbd-4019-b5e6-bba09cd08c94#0:FAIL-t1. Peer's state: 8beef4f3-0fbd-4019-b5e6-bba09cd08c94@group-6F4CF07A18B4:t1, leader=null, voted=null, raftlog=8beef4f3-0fbd-4019-b5e6-bba09cd08c94@group-6F4CF07A18B4-SegmentedRaftLog:OPENED:c-1, conf=-1: [8beef4f3-0fbd-4019-b5e6-bba09cd08c94|rpc:10.1.0.43:38223|dataStream:|priority:1, 6d11dc31-4e47-4309-a917-8638e8d3619f|rpc:10.1.0.43:41415|dataStream:|priority:0, 8be7216b-e793-4943-b762-e8d5e6b4b962|rpc:10.1.0.43:37879|dataStream:|priority:0], old=null
2021-11-02 20:08:53,350 [6d11dc31-4e47-4309-a917-8638e8d3619f@group-6F4CF07A18B4-LeaderElection5] INFO  impl.LeaderElection (LeaderElection.java:logAndReturn(89)) - 6d11dc31-4e47-4309-a917-8638e8d3619f@group-6F4CF07A18B4-LeaderElection5: ELECTION REJECTED received 1 response(s) and 0 exception(s):
2021-11-02 20:08:53,350 [6d11dc31-4e47-4309-a917-8638e8d3619f@group-6F4CF07A18B4-LeaderElection5] INFO  impl.LeaderElection (LeaderElection.java:logAndReturn(93)) -   Response 0: 6d11dc31-4e47-4309-a917-8638e8d3619f<-8beef4f3-0fbd-4019-b5e6-bba09cd08c94#0:FAIL-t1
2021-11-02 20:08:53,350 [6d11dc31-4e47-4309-a917-8638e8d3619f@group-6F4CF07A18B4-LeaderElection5] INFO  impl.LeaderElection (LeaderElection.java:askForVotes(308)) - 6d11dc31-4e47-4309-a917-8638e8d3619f@group-6F4CF07A18B4-LeaderElection5 ELECTION round 0: result REJECTED
2021-11-02 20:08:53,350 [6d11dc31-4e47-4309-a917-8638e8d3619f@group-6F4CF07A18B4-LeaderElection5] INFO  server.RaftServer$Division (RaftServerImpl.java:setRole(290)) - 6d11dc31-4e47-4309-a917-8638e8d3619f@group-6F4CF07A18B4: changes role from CANDIDATE to FOLLOWER at term 1 for REJECTED
2021-11-02 20:08:53,350 [6d11dc31-4e47-4309-a917-8638e8d3619f@group-6F4CF07A18B4-LeaderElection5] INFO  impl.RoleInfo (RoleInfo.java:shutdownLeaderElection(121)) - 6d11dc31-4e47-4309-a917-8638e8d3619f: shutdown 6d11dc31-4e47-4309-a917-8638e8d3619f@group-6F4CF07A18B4-LeaderElection5
2021-11-02 20:08:53,350 [6d11dc31-4e47-4309-a917-8638e8d3619f@group-6F4CF07A18B4-LeaderElection5] INFO  impl.RoleInfo (RoleInfo.java:updateAndGet(130)) - 6d11dc31-4e47-4309-a917-8638e8d3619f: start 6d11dc31-4e47-4309-a917-8638e8d3619f@group-6F4CF07A18B4-FollowerState
2021-11-02 20:08:53,356 [grpc-default-executor-0] INFO  server.RaftServer$Division (RaftServerImpl.java:requestVote(1046)) - 8be7216b-e793-4943-b762-e8d5e6b4b962@group-6F4CF07A18B4: receive requestVote(ELECTION, 6d11dc31-4e47-4309-a917-8638e8d3619f, group-6F4CF07A18B4, 1, (t:0, i:0))
2021-11-02 20:08:53,358 [grpc-default-executor-0] INFO  impl.VoteContext (VoteContext.java:log(48)) - 8be7216b-e793-4943-b762-e8d5e6b4b962@group-6F4CF07A18B4-CANDIDATE: accept ELECTION from 6d11dc31-4e47-4309-a917-8638e8d3619f: our priority 0 <= candidate's priority 0
2021-11-02 20:08:53,358 [grpc-default-executor-0] INFO  server.RaftServer$Division (RaftServerImpl.java:setRole(290)) - 8be7216b-e793-4943-b762-e8d5e6b4b962@group-6F4CF07A18B4: changes role from CANDIDATE to FOLLOWER at term 1 for candidate:6d11dc31-4e47-4309-a917-8638e8d3619f
2021-11-02 20:08:53,358 [grpc-default-executor-0] INFO  impl.RoleInfo (RoleInfo.java:shutdownLeaderElection(121)) - 8be7216b-e793-4943-b762-e8d5e6b4b962: shutdown 8be7216b-e793-4943-b762-e8d5e6b4b962@group-6F4CF07A18B4-LeaderElection6
2021-11-02 20:08:53,358 [grpc-default-executor-0] INFO  impl.RoleInfo (RoleInfo.java:updateAndGet(130)) - 8be7216b-e793-4943-b762-e8d5e6b4b962: start 8be7216b-e793-4943-b762-e8d5e6b4b962@group-6F4CF07A18B4-FollowerState
2021-11-02 20:08:53,369 [grpc-default-executor-0] INFO  server.RaftServer$Division (RaftServerImpl.java:requestVote(1078)) - 8be7216b-e793-4943-b762-e8d5e6b4b962@group-6F4CF07A18B4 replies to ELECTION vote request: 6d11dc31-4e47-4309-a917-8638e8d3619f<-8be7216b-e793-4943-b762-e8d5e6b4b962#0:OK-t1. Peer's state: 8be7216b-e793-4943-b762-e8d5e6b4b962@group-6F4CF07A18B4:t1, leader=null, voted=6d11dc31-4e47-4309-a917-8638e8d3619f, raftlog=8be7216b-e793-4943-b762-e8d5e6b4b962@group-6F4CF07A18B4-SegmentedRaftLog:OPENED:c-1, conf=-1: [8beef4f3-0fbd-4019-b5e6-bba09cd08c94|rpc:10.1.0.43:38223|dataStream:|priority:1, 6d11dc31-4e47-4309-a917-8638e8d3619f|rpc:10.1.0.43:41415|dataStream:|priority:0, 8be7216b-e793-4943-b762-e8d5e6b4b962|rpc:10.1.0.43:37879|dataStream:|priority:0], old=null
2021-11-02 20:08:53,384 [6d11dc31-4e47-4309-a917-8638e8d3619f@group-AC5538030DE3-FollowerState] INFO  impl.FollowerState (FollowerState.java:run(134)) - 6d11dc31-4e47-4309-a917-8638e8d3619f@group-AC5538030DE3-FollowerState: change to CANDIDATE, lastRpcElapsedTime:5014974152ns, electionTimeout:5014ms
2021-11-02 20:08:53,385 [6d11dc31-4e47-4309-a917-8638e8d3619f@group-AC5538030DE3-FollowerState] INFO  impl.RoleInfo (RoleInfo.java:shutdownFollowerState(108)) - 6d11dc31-4e47-4309-a917-8638e8d3619f: shutdown 6d11dc31-4e47-4309-a917-8638e8d3619f@group-AC5538030DE3-FollowerState
2021-11-02 20:08:53,385 [6d11dc31-4e47-4309-a917-8638e8d3619f@group-AC5538030DE3-FollowerState] INFO  server.RaftServer$Division (RaftServerImpl.java:setRole(290)) - 6d11dc31-4e47-4309-a917-8638e8d3619f@group-AC5538030DE3: changes role from  FOLLOWER to CANDIDATE at term 0 for changeToCandidate
2021-11-02 20:08:53,385 [6d11dc31-4e47-4309-a917-8638e8d3619f@group-AC5538030DE3-FollowerState] INFO  server.RaftServerConfigKeys (ConfUtils.java:logGet(44)) - raft.server.leaderelection.pre-vote = false (custom)
2021-11-02 20:08:53,385 [6d11dc31-4e47-4309-a917-8638e8d3619f@group-AC5538030DE3-FollowerState] INFO  impl.RoleInfo (RoleInfo.java:updateAndGet(130)) - 6d11dc31-4e47-4309-a917-8638e8d3619f: start 6d11dc31-4e47-4309-a917-8638e8d3619f@group-AC5538030DE3-LeaderElection7
2021-11-02 20:08:53,389 [6d11dc31-4e47-4309-a917-8638e8d3619f@group-AC5538030DE3-LeaderElection7] INFO  impl.LeaderElection (LeaderElection.java:askForVotes(306)) - 6d11dc31-4e47-4309-a917-8638e8d3619f@group-AC5538030DE3-LeaderElection7 ELECTION round 0: submit vote requests at term 1 for -1: [8beef4f3-0fbd-4019-b5e6-bba09cd08c94|rpc:10.1.0.43:38223|priority:0, 6d11dc31-4e47-4309-a917-8638e8d3619f|rpc:10.1.0.43:41415|priority:1, 8be7216b-e793-4943-b762-e8d5e6b4b962|rpc:10.1.0.43:37879|priority:0], old=null
2021-11-02 20:08:53,398 [grpc-default-executor-0] INFO  server.RaftServer$Division (RaftServerImpl.java:requestVote(1046)) - 8beef4f3-0fbd-4019-b5e6-bba09cd08c94@group-AC5538030DE3: receive requestVote(ELECTION, 6d11dc31-4e47-4309-a917-8638e8d3619f, group-AC5538030DE3, 1, (t:0, i:0))
2021-11-02 20:08:53,398 [grpc-default-executor-0] INFO  impl.VoteContext (VoteContext.java:log(48)) - 8beef4f3-0fbd-4019-b5e6-bba09cd08c94@group-AC5538030DE3-FOLLOWER: accept ELECTION from 6d11dc31-4e47-4309-a917-8638e8d3619f: our priority 0 <= candidate's priority 1
2021-11-02 20:08:53,398 [grpc-default-executor-0] INFO  server.RaftServer$Division (RaftServerImpl.java:setRole(290)) - 8beef4f3-0fbd-4019-b5e6-bba09cd08c94@group-AC5538030DE3: changes role from  FOLLOWER to FOLLOWER at term 1 for candidate:6d11dc31-4e47-4309-a917-8638e8d3619f
2021-11-02 20:08:53,398 [grpc-default-executor-0] INFO  impl.RoleInfo (RoleInfo.java:shutdownFollowerState(108)) - 8beef4f3-0fbd-4019-b5e6-bba09cd08c94: shutdown 8beef4f3-0fbd-4019-b5e6-bba09cd08c94@group-AC5538030DE3-FollowerState
2021-11-02 20:08:53,398 [grpc-default-executor-0] INFO  impl.RoleInfo (RoleInfo.java:updateAndGet(130)) - 8beef4f3-0fbd-4019-b5e6-bba09cd08c94: start 8beef4f3-0fbd-4019-b5e6-bba09cd08c94@group-AC5538030DE3-FollowerState
2021-11-02 20:08:53,398 [8beef4f3-0fbd-4019-b5e6-bba09cd08c94@group-AC5538030DE3-FollowerState] INFO  impl.FollowerState (FollowerState.java:run(143)) - 8beef4f3-0fbd-4019-b5e6-bba09cd08c94@group-AC5538030DE3-FollowerState was interrupted: {}
java.lang.InterruptedException: sleep interrupted
	at java.lang.Thread.sleep(Native Method)
	at java.lang.Thread.sleep(Thread.java:340)
	at java.util.concurrent.TimeUnit.sleep(TimeUnit.java:386)
	at org.apache.ratis.util.TimeDuration.sleep(TimeDuration.java:324)
	at org.apache.ratis.util.TimeDuration.sleep(TimeDuration.java:309)
	at org.apache.ratis.server.impl.FollowerState.run(FollowerState.java:118)
2021-11-02 20:08:53,403 [grpc-default-executor-0] INFO  server.RaftServer$Division (RaftServerImpl.java:requestVote(1078)) - 8beef4f3-0fbd-4019-b5e6-bba09cd08c94@group-AC5538030DE3 replies to ELECTION vote request: 6d11dc31-4e47-4309-a917-8638e8d3619f<-8beef4f3-0fbd-4019-b5e6-bba09cd08c94#0:OK-t1. Peer's state: 8beef4f3-0fbd-4019-b5e6-bba09cd08c94@group-AC5538030DE3:t1, leader=null, voted=6d11dc31-4e47-4309-a917-8638e8d3619f, raftlog=8beef4f3-0fbd-4019-b5e6-bba09cd08c94@group-AC5538030DE3-SegmentedRaftLog:OPENED:c-1, conf=-1: [8beef4f3-0fbd-4019-b5e6-bba09cd08c94|rpc:10.1.0.43:38223|dataStream:|priority:0, 6d11dc31-4e47-4309-a917-8638e8d3619f|rpc:10.1.0.43:41415|dataStream:|priority:1, 8be7216b-e793-4943-b762-e8d5e6b4b962|rpc:10.1.0.43:37879|dataStream:|priority:0], old=null
2021-11-02 20:08:53,405 [grpc-default-executor-0] INFO  server.RaftServer$Division (RaftServerImpl.java:requestVote(1046)) - 8be7216b-e793-4943-b762-e8d5e6b4b962@group-AC5538030DE3: receive requestVote(ELECTION, 6d11dc31-4e47-4309-a917-8638e8d3619f, group-AC5538030DE3, 1, (t:0, i:0))
2021-11-02 20:08:53,405 [grpc-default-executor-0] INFO  impl.VoteContext (VoteContext.java:log(48)) - 8be7216b-e793-4943-b762-e8d5e6b4b962@group-AC5538030DE3-FOLLOWER: accept ELECTION from 6d11dc31-4e47-4309-a917-8638e8d3619f: our priority 0 <= candidate's priority 1
2021-11-02 20:08:53,405 [grpc-default-executor-0] INFO  server.RaftServer$Division (RaftServerImpl.java:setRole(290)) - 8be7216b-e793-4943-b762-e8d5e6b4b962@group-AC5538030DE3: changes role from  FOLLOWER to FOLLOWER at term 1 for candidate:6d11dc31-4e47-4309-a917-8638e8d3619f
2021-11-02 20:08:53,405 [grpc-default-executor-0] INFO  impl.RoleInfo (RoleInfo.java:shutdownFollowerState(108)) - 8be7216b-e793-4943-b762-e8d5e6b4b962: shutdown 8be7216b-e793-4943-b762-e8d5e6b4b962@group-AC5538030DE3-FollowerState
2021-11-02 20:08:53,405 [8be7216b-e793-4943-b762-e8d5e6b4b962@group-AC5538030DE3-FollowerState] INFO  impl.FollowerState (FollowerState.java:run(143)) - 8be7216b-e793-4943-b762-e8d5e6b4b962@group-AC5538030DE3-FollowerState was interrupted: {}
java.lang.InterruptedException: sleep interrupted
	at java.lang.Thread.sleep(Native Method)
	at java.lang.Thread.sleep(Thread.java:340)
	at java.util.concurrent.TimeUnit.sleep(TimeUnit.java:386)
	at org.apache.ratis.util.TimeDuration.sleep(TimeDuration.java:324)
	at org.apache.ratis.util.TimeDuration.sleep(TimeDuration.java:309)
	at org.apache.ratis.server.impl.FollowerState.run(FollowerState.java:118)
2021-11-02 20:08:53,405 [grpc-default-executor-0] INFO  impl.RoleInfo (RoleInfo.java:updateAndGet(130)) - 8be7216b-e793-4943-b762-e8d5e6b4b962: start 8be7216b-e793-4943-b762-e8d5e6b4b962@group-AC5538030DE3-FollowerState
2021-11-02 20:08:53,407 [6d11dc31-4e47-4309-a917-8638e8d3619f@group-AC5538030DE3-LeaderElection7] INFO  impl.LeaderElection (LeaderElection.java:logAndReturn(89)) - 6d11dc31-4e47-4309-a917-8638e8d3619f@group-AC5538030DE3-LeaderElection7: ELECTION PASSED received 1 response(s) and 0 exception(s):
2021-11-02 20:08:53,407 [6d11dc31-4e47-4309-a917-8638e8d3619f@group-AC5538030DE3-LeaderElection7] INFO  impl.LeaderElection (LeaderElection.java:logAndReturn(93)) -   Response 0: 6d11dc31-4e47-4309-a917-8638e8d3619f<-8beef4f3-0fbd-4019-b5e6-bba09cd08c94#0:OK-t1
2021-11-02 20:08:53,407 [6d11dc31-4e47-4309-a917-8638e8d3619f@group-AC5538030DE3-LeaderElection7] INFO  impl.LeaderElection (LeaderElection.java:askForVotes(308)) - 6d11dc31-4e47-4309-a917-8638e8d3619f@group-AC5538030DE3-LeaderElection7 ELECTION round 0: result PASSED
2021-11-02 20:08:53,407 [6d11dc31-4e47-4309-a917-8638e8d3619f@group-AC5538030DE3-LeaderElection7] INFO  impl.RoleInfo (RoleInfo.java:shutdownLeaderElection(121)) - 6d11dc31-4e47-4309-a917-8638e8d3619f: shutdown 6d11dc31-4e47-4309-a917-8638e8d3619f@group-AC5538030DE3-LeaderElection7
2021-11-02 20:08:53,407 [6d11dc31-4e47-4309-a917-8638e8d3619f@group-AC5538030DE3-LeaderElection7] INFO  server.RaftServer$Division (RaftServerImpl.java:setRole(290)) - 6d11dc31-4e47-4309-a917-8638e8d3619f@group-AC5538030DE3: changes role from CANDIDATE to LEADER at term 1 for changeToLeader
2021-11-02 20:08:53,408 [6d11dc31-4e47-4309-a917-8638e8d3619f@group-AC5538030DE3-LeaderElection7] INFO  ratis.XceiverServerRatis (XceiverServerRatis.java:handleLeaderChangedNotification(866)) - Leader change notification received for group: group-AC5538030DE3 with new leaderId: 6d11dc31-4e47-4309-a917-8638e8d3619f
2021-11-02 20:08:53,408 [6d11dc31-4e47-4309-a917-8638e8d3619f@group-AC5538030DE3-LeaderElection7] INFO  server.RaftServer$Division (ServerState.java:setLeader(285)) - 6d11dc31-4e47-4309-a917-8638e8d3619f@group-AC5538030DE3: change Leader from null to 6d11dc31-4e47-4309-a917-8638e8d3619f at term 1 for becomeLeader, leader elected after 5045ms
2021-11-02 20:08:53,408 [6d11dc31-4e47-4309-a917-8638e8d3619f@group-AC5538030DE3-LeaderElection7] INFO  server.RaftServerConfigKeys (ConfUtils.java:logGet(44)) - raft.server.staging.catchup.gap = 1000 (default)
2021-11-02 20:08:53,409 [6d11dc31-4e47-4309-a917-8638e8d3619f@group-AC5538030DE3-LeaderElection7] INFO  server.RaftServerConfigKeys (ConfUtils.java:logGet(44)) - raft.server.write.element-limit = 1024 (custom)
2021-11-02 20:08:53,409 [6d11dc31-4e47-4309-a917-8638e8d3619f@group-AC5538030DE3-LeaderElection7] INFO  server.RaftServerConfigKeys (ConfUtils.java:logGet(44)) - raft.server.write.byte-limit = 1024 M (=1073741824) (custom)
2021-11-02 20:08:53,409 [grpc-default-executor-0] INFO  server.RaftServer$Division (RaftServerImpl.java:requestVote(1078)) - 8be7216b-e793-4943-b762-e8d5e6b4b962@group-AC5538030DE3 replies to ELECTION vote request: 6d11dc31-4e47-4309-a917-8638e8d3619f<-8be7216b-e793-4943-b762-e8d5e6b4b962#0:OK-t1. Peer's state: 8be7216b-e793-4943-b762-e8d5e6b4b962@group-AC5538030DE3:t1, leader=null, voted=6d11dc31-4e47-4309-a917-8638e8d3619f, raftlog=8be7216b-e793-4943-b762-e8d5e6b4b962@group-AC5538030DE3-SegmentedRaftLog:OPENED:c-1, conf=-1: [8beef4f3-0fbd-4019-b5e6-bba09cd08c94|rpc:10.1.0.43:38223|dataStream:|priority:0, 6d11dc31-4e47-4309-a917-8638e8d3619f|rpc:10.1.0.43:41415|dataStream:|priority:1, 8be7216b-e793-4943-b762-e8d5e6b4b962|rpc:10.1.0.43:37879|dataStream:|priority:0], old=null
2021-11-02 20:08:53,409 [6d11dc31-4e47-4309-a917-8638e8d3619f@group-AC5538030DE3-LeaderElection7] INFO  server.RaftServerConfigKeys (ConfUtils.java:logGet(44)) - raft.server.watch.timeout = 180s (custom)
2021-11-02 20:08:53,409 [6d11dc31-4e47-4309-a917-8638e8d3619f@group-AC5538030DE3-LeaderElection7] INFO  server.RaftServerConfigKeys (ConfUtils.java:logGet(44)) - raft.server.watch.timeout.denomination = 1s (default)
2021-11-02 20:08:53,409 [6d11dc31-4e47-4309-a917-8638e8d3619f@group-AC5538030DE3-LeaderElection7] INFO  server.RaftServerConfigKeys (ConfUtils.java:logGet(44)) - raft.server.watch.element-limit = 65536 (default)
2021-11-02 20:08:53,409 [6d11dc31-4e47-4309-a917-8638e8d3619f@group-AC5538030DE3-LeaderElection7] INFO  server.RaftServerConfigKeys (ConfUtils.java:logGet(44)) - raft.server.write.element-limit = 1024 (custom)
2021-11-02 20:08:53,409 [6d11dc31-4e47-4309-a917-8638e8d3619f@group-AC5538030DE3-LeaderElection7] INFO  server.RaftServerConfigKeys (ConfUtils.java:logGet(44)) - raft.server.write.follower.gap.ratio.max = -1.0 (default)
2021-11-02 20:08:53,409 [6d11dc31-4e47-4309-a917-8638e8d3619f@group-AC5538030DE3-LeaderElection7] INFO  server.RaftServerConfigKeys (ConfUtils.java:logGet(44)) - raft.server.log.appender.snapshot.chunk.size.max = 16MB (=16777216) (default)
2021-11-02 20:08:53,410 [6d11dc31-4e47-4309-a917-8638e8d3619f@group-AC5538030DE3-LeaderElection7] INFO  server.RaftServerConfigKeys (ConfUtils.java:logGet(44)) - raft.server.log.appender.buffer.byte-limit = 33554432 (custom)
2021-11-02 20:08:53,410 [6d11dc31-4e47-4309-a917-8638e8d3619f@group-AC5538030DE3-LeaderElection7] INFO  server.RaftServerConfigKeys (ConfUtils.java:logGet(44)) - raft.server.log.appender.buffer.element-limit = 1 (custom)
2021-11-02 20:08:53,410 [6d11dc31-4e47-4309-a917-8638e8d3619f@group-AC5538030DE3-LeaderElection7] INFO  grpc.GrpcConfigKeys (ConfUtils.java:logGet(44)) - raft.grpc.server.leader.outstanding.appends.max = 128 (default)
2021-11-02 20:08:53,410 [6d11dc31-4e47-4309-a917-8638e8d3619f@group-AC5538030DE3-LeaderElection7] INFO  server.RaftServerConfigKeys (ConfUtils.java:logGet(44)) - raft.server.rpc.request.timeout = 60s (custom)
2021-11-02 20:08:53,410 [6d11dc31-4e47-4309-a917-8638e8d3619f@group-AC5538030DE3-LeaderElection7] INFO  server.RaftServerConfigKeys (ConfUtils.java:logGet(44)) - raft.server.log.appender.install.snapshot.enabled = false (custom)
2021-11-02 20:08:53,411 [6d11dc31-4e47-4309-a917-8638e8d3619f@group-AC5538030DE3-LeaderElection7] INFO  server.RaftServerConfigKeys (ConfUtils.java:logGet(44)) - raft.server.log.appender.snapshot.chunk.size.max = 16MB (=16777216) (default)
2021-11-02 20:08:53,411 [6d11dc31-4e47-4309-a917-8638e8d3619f@group-AC5538030DE3-LeaderElection7] INFO  server.RaftServerConfigKeys (ConfUtils.java:logGet(44)) - raft.server.log.appender.buffer.byte-limit = 33554432 (custom)
2021-11-02 20:08:53,411 [6d11dc31-4e47-4309-a917-8638e8d3619f@group-AC5538030DE3-LeaderElection7] INFO  server.RaftServerConfigKeys (ConfUtils.java:logGet(44)) - raft.server.log.appender.buffer.element-limit = 1 (custom)
2021-11-02 20:08:53,411 [6d11dc31-4e47-4309-a917-8638e8d3619f@group-AC5538030DE3-LeaderElection7] INFO  grpc.GrpcConfigKeys (ConfUtils.java:logGet(44)) - raft.grpc.server.leader.outstanding.appends.max = 128 (default)
2021-11-02 20:08:53,411 [6d11dc31-4e47-4309-a917-8638e8d3619f@group-AC5538030DE3-LeaderElection7] INFO  server.RaftServerConfigKeys (ConfUtils.java:logGet(44)) - raft.server.rpc.request.timeout = 60s (custom)
2021-11-02 20:08:53,411 [6d11dc31-4e47-4309-a917-8638e8d3619f@group-AC5538030DE3-LeaderElection7] INFO  server.RaftServerConfigKeys (ConfUtils.java:logGet(44)) - raft.server.log.appender.install.snapshot.enabled = false (custom)
2021-11-02 20:08:53,416 [EventQueue-PipelineReportForPipelineReportHandler] INFO  pipeline.PipelineManagerImpl (PipelineManagerImpl.java:openPipeline(289)) - Pipeline Pipeline[ Id: 24c472d2-c125-4ff6-8df4-ac5538030de3, Nodes: 8beef4f3-0fbd-4019-b5e6-bba09cd08c94{ip: 10.1.0.43, host: fv-az270-10.tacnzluakwdehk1hpragurqkma.bx.internal.cloudapp.net, ports: [REPLICATION=43609, RATIS=38223, RATIS_ADMIN=38223, RATIS_SERVER=38223, STANDALONE=41893], networkLocation: /default-rack, certSerialId: null, persistedOpState: IN_SERVICE, persistedOpStateExpiryEpochSec: 0}6d11dc31-4e47-4309-a917-8638e8d3619f{ip: 10.1.0.43, host: fv-az270-10.tacnzluakwdehk1hpragurqkma.bx.internal.cloudapp.net, ports: [REPLICATION=38317, RATIS=41415, RATIS_ADMIN=41415, RATIS_SERVER=41415, STANDALONE=34003], networkLocation: /default-rack, certSerialId: null, persistedOpState: IN_SERVICE, persistedOpStateExpiryEpochSec: 0}8be7216b-e793-4943-b762-e8d5e6b4b962{ip: 10.1.0.43, host: fv-az270-10.tacnzluakwdehk1hpragurqkma.bx.internal.cloudapp.net, ports: [REPLICATION=39543, RATIS=37879, RATIS_ADMIN=37879, RATIS_SERVER=37879, STANDALONE=46217], networkLocation: /default-rack, certSerialId: null, persistedOpState: IN_SERVICE, persistedOpStateExpiryEpochSec: 0}, ReplicationConfig: RATIS/THREE, State:ALLOCATED, leaderId:6d11dc31-4e47-4309-a917-8638e8d3619f, CreationTimestamp2021-11-02T20:08:46.028Z[Etc/UTC]] moved to OPEN state
2021-11-02 20:08:53,418 [EventQueue-OpenPipelineForHealthyPipelineSafeModeRule] INFO  safemode.SCMSafeModeManager (HealthyPipelineSafeModeRule.java:process(124)) - SCM in safe mode. Healthy pipelines reported count is 1, required healthy pipeline reported count is 1
2021-11-02 20:08:53,418 [EventQueue-OpenPipelineForHealthyPipelineSafeModeRule] INFO  safemode.SCMSafeModeManager (SCMSafeModeManager.java:validateSafeModeExitRules(204)) - HealthyPipelineSafeModeRule rule is successfully validated
2021-11-02 20:08:53,418 [EventQueue-OpenPipelineForHealthyPipelineSafeModeRule] INFO  safemode.SCMSafeModeManager (SCMSafeModeManager.java:validateSafeModeExitRules(219)) - ScmSafeModeManager, all rules are successfully validated
2021-11-02 20:08:53,418 [EventQueue-OpenPipelineForHealthyPipelineSafeModeRule] INFO  safemode.SCMSafeModeManager (SCMSafeModeManager.java:exitSafeMode(248)) - SCM exiting safe mode.
2021-11-02 20:08:53,418 [EventQueue-OpenPipelineForHealthyPipelineSafeModeRule] WARN  events.EventQueue (EventQueue.java:fireEvent(194)) - No event handler registered for event TypedEvent{payloadType=SafeModeStatus, name='Safe mode status'}
2021-11-02 20:08:53,418 [EventQueue-OpenPipelineForHealthyPipelineSafeModeRule] INFO  ha.SCMContext (SCMContext.java:updateSafeModeStatus(205)) - Update SafeModeStatus from SafeModeStatus{safeModeStatus=true, preCheckPassed=true} to SafeModeStatus{safeModeStatus=false, preCheckPassed=true}.
2021-11-02 20:08:53,418 [EventQueue-OpenPipelineForHealthyPipelineSafeModeRule] INFO  pipeline.BackgroundPipelineCreator (BackgroundPipelineCreator.java:notifyStatusChanged(264)) - Service BackgroundPipelineCreator transitions to RUNNING.
2021-11-02 20:08:53,418 [EventQueue-OpenPipelineForHealthyPipelineSafeModeRule] INFO  container.ReplicationManager (ReplicationManager.java:notifyStatusChanged(1746)) - Service ReplicationManager transitions to RUNNING.
2021-11-02 20:08:53,421 [6d11dc31-4e47-4309-a917-8638e8d3619f@group-AC5538030DE3-LeaderElection7] INFO  impl.RoleInfo (RoleInfo.java:updateAndGet(130)) - 6d11dc31-4e47-4309-a917-8638e8d3619f: start 6d11dc31-4e47-4309-a917-8638e8d3619f@group-AC5538030DE3-LeaderStateImpl
2021-11-02 20:08:53,422 [6d11dc31-4e47-4309-a917-8638e8d3619f@group-AC5538030DE3-LeaderElection7] INFO  segmented.SegmentedRaftLogWorker (SegmentedRaftLogWorker.java:startLogSegment(394)) - 6d11dc31-4e47-4309-a917-8638e8d3619f@group-AC5538030DE3-SegmentedRaftLogWorker: Starting segment from index:0
2021-11-02 20:08:53,424 [6d11dc31-4e47-4309-a917-8638e8d3619f@group-AC5538030DE3-SegmentedRaftLogWorker] INFO  segmented.SegmentedRaftLogWorker (SegmentedRaftLogWorker.java:execute(601)) - 6d11dc31-4e47-4309-a917-8638e8d3619f@group-AC5538030DE3-SegmentedRaftLogWorker: created new log segment /home/runner/work/ozone/ozone/hadoop-ozone/integration-test/target/test-dir/MiniOzoneClusterImpl-76263e8f-62ab-412a-8766-4a189fbce95f/datanode-0/data/ratis/24c472d2-c125-4ff6-8df4-ac5538030de3/current/log_inprogress_0
2021-11-02 20:08:53,428 [6d11dc31-4e47-4309-a917-8638e8d3619f@group-AC5538030DE3-LeaderElection7] INFO  server.RaftServer$Division (ServerState.java:setRaftConf(387)) - 6d11dc31-4e47-4309-a917-8638e8d3619f@group-AC5538030DE3: set configuration 0: [8beef4f3-0fbd-4019-b5e6-bba09cd08c94|rpc:10.1.0.43:38223|dataStream:|priority:0, 6d11dc31-4e47-4309-a917-8638e8d3619f|rpc:10.1.0.43:41415|dataStream:|priority:1, 8be7216b-e793-4943-b762-e8d5e6b4b962|rpc:10.1.0.43:37879|dataStream:|priority:0], old=null
2021-11-02 20:08:53,432 [grpc-default-executor-1] INFO  ratis.XceiverServerRatis (XceiverServerRatis.java:handleLeaderChangedNotification(866)) - Leader change notification received for group: group-AC5538030DE3 with new leaderId: 6d11dc31-4e47-4309-a917-8638e8d3619f
2021-11-02 20:08:53,432 [grpc-default-executor-1] INFO  server.RaftServer$Division (ServerState.java:setLeader(285)) - 8beef4f3-0fbd-4019-b5e6-bba09cd08c94@group-AC5538030DE3: change Leader from null to 6d11dc31-4e47-4309-a917-8638e8d3619f at term 1 for appendEntries, leader elected after 5042ms
2021-11-02 20:08:53,436 [grpc-default-executor-1] INFO  server.RaftServer$Division (ServerState.java:setRaftConf(387)) - 8beef4f3-0fbd-4019-b5e6-bba09cd08c94@group-AC5538030DE3: set configuration 0: [8beef4f3-0fbd-4019-b5e6-bba09cd08c94|rpc:10.1.0.43:38223|dataStream:|priority:0, 6d11dc31-4e47-4309-a917-8638e8d3619f|rpc:10.1.0.43:41415|dataStream:|priority:1, 8be7216b-e793-4943-b762-e8d5e6b4b962|rpc:10.1.0.43:37879|dataStream:|priority:0], old=null
2021-11-02 20:08:53,437 [grpc-default-executor-1] INFO  segmented.SegmentedRaftLogWorker (SegmentedRaftLogWorker.java:startLogSegment(394)) - 8beef4f3-0fbd-4019-b5e6-bba09cd08c94@group-AC5538030DE3-SegmentedRaftLogWorker: Starting segment from index:0
2021-11-02 20:08:53,438 [8beef4f3-0fbd-4019-b5e6-bba09cd08c94@group-AC5538030DE3-SegmentedRaftLogWorker] INFO  segmented.SegmentedRaftLogWorker (SegmentedRaftLogWorker.java:execute(601)) - 8beef4f3-0fbd-4019-b5e6-bba09cd08c94@group-AC5538030DE3-SegmentedRaftLogWorker: created new log segment /home/runner/work/ozone/ozone/hadoop-ozone/integration-test/target/test-dir/MiniOzoneClusterImpl-76263e8f-62ab-412a-8766-4a189fbce95f/datanode-2/data/ratis/24c472d2-c125-4ff6-8df4-ac5538030de3/current/log_inprogress_0
2021-11-02 20:08:53,443 [grpc-default-executor-1] INFO  ratis.XceiverServerRatis (XceiverServerRatis.java:handleLeaderChangedNotification(866)) - Leader change notification received for group: group-AC5538030DE3 with new leaderId: 6d11dc31-4e47-4309-a917-8638e8d3619f
2021-11-02 20:08:53,443 [grpc-default-executor-1] INFO  server.RaftServer$Division (ServerState.java:setLeader(285)) - 8be7216b-e793-4943-b762-e8d5e6b4b962@group-AC5538030DE3: change Leader from null to 6d11dc31-4e47-4309-a917-8638e8d3619f at term 1 for appendEntries, leader elected after 5006ms
2021-11-02 20:08:53,448 [grpc-default-executor-1] INFO  server.RaftServer$Division (ServerState.java:setRaftConf(387)) - 8be7216b-e793-4943-b762-e8d5e6b4b962@group-AC5538030DE3: set configuration 0: [8beef4f3-0fbd-4019-b5e6-bba09cd08c94|rpc:10.1.0.43:38223|dataStream:|priority:0, 6d11dc31-4e47-4309-a917-8638e8d3619f|rpc:10.1.0.43:41415|dataStream:|priority:1, 8be7216b-e793-4943-b762-e8d5e6b4b962|rpc:10.1.0.43:37879|dataStream:|priority:0], old=null
2021-11-02 20:08:53,451 [grpc-default-executor-1] INFO  segmented.SegmentedRaftLogWorker (SegmentedRaftLogWorker.java:startLogSegment(394)) - 8be7216b-e793-4943-b762-e8d5e6b4b962@group-AC5538030DE3-SegmentedRaftLogWorker: Starting segment from index:0
2021-11-02 20:08:53,453 [8be7216b-e793-4943-b762-e8d5e6b4b962@group-AC5538030DE3-SegmentedRaftLogWorker] INFO  segmented.SegmentedRaftLogWorker (SegmentedRaftLogWorker.java:execute(601)) - 8be7216b-e793-4943-b762-e8d5e6b4b962@group-AC5538030DE3-SegmentedRaftLogWorker: created new log segment /home/runner/work/ozone/ozone/hadoop-ozone/integration-test/target/test-dir/MiniOzoneClusterImpl-76263e8f-62ab-412a-8766-4a189fbce95f/datanode-1/data/ratis/24c472d2-c125-4ff6-8df4-ac5538030de3/current/log_inprogress_0
2021-11-02 20:08:53,776 [8be7216b-e793-4943-b762-e8d5e6b4b962@group-9A417E19952C-FollowerState] INFO  impl.FollowerState (FollowerState.java:run(134)) - 8be7216b-e793-4943-b762-e8d5e6b4b962@group-9A417E19952C-FollowerState: change to CANDIDATE, lastRpcElapsedTime:5202262898ns, electionTimeout:5200ms
2021-11-02 20:08:53,776 [8be7216b-e793-4943-b762-e8d5e6b4b962@group-9A417E19952C-FollowerState] INFO  impl.RoleInfo (RoleInfo.java:shutdownFollowerState(108)) - 8be7216b-e793-4943-b762-e8d5e6b4b962: shutdown 8be7216b-e793-4943-b762-e8d5e6b4b962@group-9A417E19952C-FollowerState
2021-11-02 20:08:53,776 [8be7216b-e793-4943-b762-e8d5e6b4b962@group-9A417E19952C-FollowerState] INFO  server.RaftServer$Division (RaftServerImpl.java:setRole(290)) - 8be7216b-e793-4943-b762-e8d5e6b4b962@group-9A417E19952C: changes role from  FOLLOWER to CANDIDATE at term 0 for changeToCandidate
2021-11-02 20:08:53,776 [8be7216b-e793-4943-b762-e8d5e6b4b962@group-9A417E19952C-FollowerState] INFO  server.RaftServerConfigKeys (ConfUtils.java:logGet(44)) - raft.server.leaderelection.pre-vote = false (custom)
2021-11-02 20:08:53,776 [8be7216b-e793-4943-b762-e8d5e6b4b962@group-9A417E19952C-FollowerState] INFO  impl.RoleInfo (RoleInfo.java:updateAndGet(130)) - 8be7216b-e793-4943-b762-e8d5e6b4b962: start 8be7216b-e793-4943-b762-e8d5e6b4b962@group-9A417E19952C-LeaderElection8
2021-11-02 20:08:53,781 [8be7216b-e793-4943-b762-e8d5e6b4b962@group-9A417E19952C-LeaderElection8] INFO  impl.LeaderElection (LeaderElection.java:askForVotes(306)) - 8be7216b-e793-4943-b762-e8d5e6b4b962@group-9A417E19952C-LeaderElection8 ELECTION round 0: submit vote requests at term 1 for -1: [8be7216b-e793-4943-b762-e8d5e6b4b962|rpc:10.1.0.43:37879|priority:1], old=null
2021-11-02 20:08:53,781 [8be7216b-e793-4943-b762-e8d5e6b4b962@group-9A417E19952C-LeaderElection8] INFO  impl.LeaderElection (LeaderElection.java:askForVotes(308)) - 8be7216b-e793-4943-b762-e8d5e6b4b962@group-9A417E19952C-LeaderElection8 ELECTION round 0: result PASSED (term=1)
2021-11-02 20:08:53,781 [8be7216b-e793-4943-b762-e8d5e6b4b962@group-9A417E19952C-LeaderElection8] INFO  impl.RoleInfo (RoleInfo.java:shutdownLeaderElection(121)) - 8be7216b-e793-4943-b762-e8d5e6b4b962: shutdown 8be7216b-e793-4943-b762-e8d5e6b4b962@group-9A417E19952C-LeaderElection8
2021-11-02 20:08:53,781 [8be7216b-e793-4943-b762-e8d5e6b4b962@group-9A417E19952C-LeaderElection8] INFO  server.RaftServer$Division (RaftServerImpl.java:setRole(290)) - 8be7216b-e793-4943-b762-e8d5e6b4b962@group-9A417E19952C: changes role from CANDIDATE to LEADER at term 1 for changeToLeader
2021-11-02 20:08:53,782 [8be7216b-e793-4943-b762-e8d5e6b4b962@group-9A417E19952C-LeaderElection8] INFO  ratis.XceiverServerRatis (XceiverServerRatis.java:handleLeaderChangedNotification(866)) - Leader change notification received for group: group-9A417E19952C with new leaderId: 8be7216b-e793-4943-b762-e8d5e6b4b962
2021-11-02 20:08:53,782 [8be7216b-e793-4943-b762-e8d5e6b4b962@group-9A417E19952C-LeaderElection8] INFO  server.RaftServer$Division (ServerState.java:setLeader(285)) - 8be7216b-e793-4943-b762-e8d5e6b4b962@group-9A417E19952C: change Leader from null to 8be7216b-e793-4943-b762-e8d5e6b4b962 at term 1 for becomeLeader, leader elected after 5224ms
2021-11-02 20:08:53,782 [8be7216b-e793-4943-b762-e8d5e6b4b962@group-9A417E19952C-LeaderElection8] INFO  server.RaftServerConfigKeys (ConfUtils.java:logGet(44)) - raft.server.staging.catchup.gap = 1000 (default)
2021-11-02 20:08:53,783 [8be7216b-e793-4943-b762-e8d5e6b4b962@group-9A417E19952C-LeaderElection8] INFO  server.RaftServerConfigKeys (ConfUtils.java:logGet(44)) - raft.server.write.element-limit = 1024 (custom)
2021-11-02 20:08:53,783 [8be7216b-e793-4943-b762-e8d5e6b4b962@group-9A417E19952C-LeaderElection8] INFO  server.RaftServerConfigKeys (ConfUtils.java:logGet(44)) - raft.server.write.byte-limit = 1024 M (=1073741824) (custom)
2021-11-02 20:08:53,787 [8be7216b-e793-4943-b762-e8d5e6b4b962@group-9A417E19952C-LeaderElection8] INFO  server.RaftServerConfigKeys (ConfUtils.java:logGet(44)) - raft.server.watch.timeout = 180s (custom)
2021-11-02 20:08:53,787 [8be7216b-e793-4943-b762-e8d5e6b4b962@group-9A417E19952C-LeaderElection8] INFO  server.RaftServerConfigKeys (ConfUtils.java:logGet(44)) - raft.server.watch.timeout.denomination = 1s (default)
2021-11-02 20:08:53,787 [8be7216b-e793-4943-b762-e8d5e6b4b962@group-9A417E19952C-LeaderElection8] INFO  server.RaftServerConfigKeys (ConfUtils.java:logGet(44)) - raft.server.watch.element-limit = 65536 (default)
2021-11-02 20:08:53,787 [8be7216b-e793-4943-b762-e8d5e6b4b962@group-9A417E19952C-LeaderElection8] INFO  server.RaftServerConfigKeys (ConfUtils.java:logGet(44)) - raft.server.write.element-limit = 1024 (custom)
2021-11-02 20:08:53,787 [8be7216b-e793-4943-b762-e8d5e6b4b962@group-9A417E19952C-LeaderElection8] INFO  server.RaftServerConfigKeys (ConfUtils.java:logGet(44)) - raft.server.write.follower.gap.ratio.max = -1.0 (default)
2021-11-02 20:08:53,788 [8be7216b-e793-4943-b762-e8d5e6b4b962@group-9A417E19952C-LeaderElection8] INFO  impl.RoleInfo (RoleInfo.java:updateAndGet(130)) - 8be7216b-e793-4943-b762-e8d5e6b4b962: start 8be7216b-e793-4943-b762-e8d5e6b4b962@group-9A417E19952C-LeaderStateImpl
2021-11-02 20:08:53,788 [8be7216b-e793-4943-b762-e8d5e6b4b962@group-9A417E19952C-LeaderElection8] INFO  segmented.SegmentedRaftLogWorker (SegmentedRaftLogWorker.java:startLogSegment(394)) - 8be7216b-e793-4943-b762-e8d5e6b4b962@group-9A417E19952C-SegmentedRaftLogWorker: Starting segment from index:0
2021-11-02 20:08:53,790 [8be7216b-e793-4943-b762-e8d5e6b4b962@group-9A417E19952C-SegmentedRaftLogWorker] INFO  segmented.SegmentedRaftLogWorker (SegmentedRaftLogWorker.java:execute(601)) - 8be7216b-e793-4943-b762-e8d5e6b4b962@group-9A417E19952C-SegmentedRaftLogWorker: created new log segment /home/runner/work/ozone/ozone/hadoop-ozone/integration-test/target/test-dir/MiniOzoneClusterImpl-76263e8f-62ab-412a-8766-4a189fbce95f/datanode-1/data/ratis/99cfe340-6ee3-4ffb-84f0-9a417e19952c/current/log_inprogress_0
2021-11-02 20:08:53,790 [8be7216b-e793-4943-b762-e8d5e6b4b962@group-9A417E19952C-LeaderElection8] INFO  server.RaftServer$Division (ServerState.java:setRaftConf(387)) - 8be7216b-e793-4943-b762-e8d5e6b4b962@group-9A417E19952C: set configuration 0: [8be7216b-e793-4943-b762-e8d5e6b4b962|rpc:10.1.0.43:37879|dataStream:|priority:1], old=null
2021-11-02 20:08:54,020 [Listener at 127.0.0.1/10620] INFO  ozone.MiniOzoneClusterImpl (MiniOzoneClusterImpl.java:lambda$waitForClusterToBeReady$0(235)) - Nodes are ready. Got 3 of 3 DN Heartbeats.
2021-11-02 20:08:54,021 [Listener at 127.0.0.1/10620] INFO  ozone.MiniOzoneClusterImpl (MiniOzoneClusterImpl.java:lambda$waitForClusterToBeReady$0(238)) - Cluster exits safe mode
2021-11-02 20:08:54,021 [Listener at 127.0.0.1/10620] INFO  ozone.MiniOzoneClusterImpl (MiniOzoneClusterImpl.java:lambda$waitForClusterToBeReady$0(240)) - SCM became leader
2021-11-02 20:08:54,119 [8beef4f3-0fbd-4019-b5e6-bba09cd08c94@group-AC1F8A7A189D-FollowerState] INFO  impl.FollowerState (FollowerState.java:run(134)) - 8beef4f3-0fbd-4019-b5e6-bba09cd08c94@group-AC1F8A7A189D-FollowerState: change to CANDIDATE, lastRpcElapsedTime:5082231712ns, electionTimeout:5081ms
2021-11-02 20:08:54,119 [8beef4f3-0fbd-4019-b5e6-bba09cd08c94@group-AC1F8A7A189D-FollowerState] INFO  impl.RoleInfo (RoleInfo.java:shutdownFollowerState(108)) - 8beef4f3-0fbd-4019-b5e6-bba09cd08c94: shutdown 8beef4f3-0fbd-4019-b5e6-bba09cd08c94@group-AC1F8A7A189D-FollowerState
2021-11-02 20:08:54,119 [8beef4f3-0fbd-4019-b5e6-bba09cd08c94@group-AC1F8A7A189D-FollowerState] INFO  server.RaftServer$Division (RaftServerImpl.java:setRole(290)) - 8beef4f3-0fbd-4019-b5e6-bba09cd08c94@group-AC1F8A7A189D: changes role from  FOLLOWER to CANDIDATE at term 0 for changeToCandidate
2021-11-02 20:08:54,119 [8beef4f3-0fbd-4019-b5e6-bba09cd08c94@group-AC1F8A7A189D-FollowerState] INFO  server.RaftServerConfigKeys (ConfUtils.java:logGet(44)) - raft.server.leaderelection.pre-vote = false (custom)
2021-11-02 20:08:54,119 [8beef4f3-0fbd-4019-b5e6-bba09cd08c94@group-AC1F8A7A189D-FollowerState] INFO  impl.RoleInfo (RoleInfo.java:updateAndGet(130)) - 8beef4f3-0fbd-4019-b5e6-bba09cd08c94: start 8beef4f3-0fbd-4019-b5e6-bba09cd08c94@group-AC1F8A7A189D-LeaderElection9
2021-11-02 20:08:54,131 [8beef4f3-0fbd-4019-b5e6-bba09cd08c94@group-AC1F8A7A189D-LeaderElection9] INFO  impl.LeaderElection (LeaderElection.java:askForVotes(306)) - 8beef4f3-0fbd-4019-b5e6-bba09cd08c94@group-AC1F8A7A189D-LeaderElection9 ELECTION round 0: submit vote requests at term 1 for -1: [8beef4f3-0fbd-4019-b5e6-bba09cd08c94|rpc:10.1.0.43:38223|priority:1], old=null
2021-11-02 20:08:54,131 [8beef4f3-0fbd-4019-b5e6-bba09cd08c94@group-AC1F8A7A189D-LeaderElection9] INFO  impl.LeaderElection (LeaderElection.java:askForVotes(308)) - 8beef4f3-0fbd-4019-b5e6-bba09cd08c94@group-AC1F8A7A189D-LeaderElection9 ELECTION round 0: result PASSED (term=1)
2021-11-02 20:08:54,131 [8beef4f3-0fbd-4019-b5e6-bba09cd08c94@group-AC1F8A7A189D-LeaderElection9] INFO  impl.RoleInfo (RoleInfo.java:shutdownLeaderElection(121)) - 8beef4f3-0fbd-4019-b5e6-bba09cd08c94: shutdown 8beef4f3-0fbd-4019-b5e6-bba09cd08c94@group-AC1F8A7A189D-LeaderElection9
2021-11-02 20:08:54,131 [8beef4f3-0fbd-4019-b5e6-bba09cd08c94@group-AC1F8A7A189D-LeaderElection9] INFO  server.RaftServer$Division (RaftServerImpl.java:setRole(290)) - 8beef4f3-0fbd-4019-b5e6-bba09cd08c94@group-AC1F8A7A189D: changes role from CANDIDATE to LEADER at term 1 for changeToLeader
2021-11-02 20:08:54,131 [8beef4f3-0fbd-4019-b5e6-bba09cd08c94@group-AC1F8A7A189D-LeaderElection9] INFO  ratis.XceiverServerRatis (XceiverServerRatis.java:handleLeaderChangedNotification(866)) - Leader change notification received for group: group-AC1F8A7A189D with new leaderId: 8beef4f3-0fbd-4019-b5e6-bba09cd08c94
2021-11-02 20:08:54,132 [8beef4f3-0fbd-4019-b5e6-bba09cd08c94@group-AC1F8A7A189D-LeaderElection9] INFO  server.RaftServer$Division (ServerState.java:setLeader(285)) - 8beef4f3-0fbd-4019-b5e6-bba09cd08c94@group-AC1F8A7A189D: change Leader from null to 8beef4f3-0fbd-4019-b5e6-bba09cd08c94 at term 1 for becomeLeader, leader elected after 5107ms
2021-11-02 20:08:54,133 [8beef4f3-0fbd-4019-b5e6-bba09cd08c94@group-AC1F8A7A189D-LeaderElection9] INFO  server.RaftServerConfigKeys (ConfUtils.java:logGet(44)) - raft.server.staging.catchup.gap = 1000 (default)
2021-11-02 20:08:54,134 [8beef4f3-0fbd-4019-b5e6-bba09cd08c94@group-AC1F8A7A189D-LeaderElection9] INFO  server.RaftServerConfigKeys (ConfUtils.java:logGet(44)) - raft.server.write.element-limit = 1024 (custom)
2021-11-02 20:08:54,135 [8beef4f3-0fbd-4019-b5e6-bba09cd08c94@group-AC1F8A7A189D-LeaderElection9] INFO  server.RaftServerConfigKeys (ConfUtils.java:logGet(44)) - raft.server.write.byte-limit = 1024 M (=1073741824) (custom)
2021-11-02 20:08:54,136 [8beef4f3-0fbd-4019-b5e6-bba09cd08c94@group-AC1F8A7A189D-LeaderElection9] INFO  server.RaftServerConfigKeys (ConfUtils.java:logGet(44)) - raft.server.watch.timeout = 180s (custom)
2021-11-02 20:08:54,136 [8beef4f3-0fbd-4019-b5e6-bba09cd08c94@group-AC1F8A7A189D-LeaderElection9] INFO  server.RaftServerConfigKeys (ConfUtils.java:logGet(44)) - raft.server.watch.timeout.denomination = 1s (default)
2021-11-02 20:08:54,136 [8beef4f3-0fbd-4019-b5e6-bba09cd08c94@group-AC1F8A7A189D-LeaderElection9] INFO  server.RaftServerConfigKeys (ConfUtils.java:logGet(44)) - raft.server.watch.element-limit = 65536 (default)
2021-11-02 20:08:54,136 [8beef4f3-0fbd-4019-b5e6-bba09cd08c94@group-AC1F8A7A189D-LeaderElection9] INFO  server.RaftServerConfigKeys (ConfUtils.java:logGet(44)) - raft.server.write.element-limit = 1024 (custom)
2021-11-02 20:08:54,136 [8beef4f3-0fbd-4019-b5e6-bba09cd08c94@group-AC1F8A7A189D-LeaderElection9] INFO  server.RaftServerConfigKeys (ConfUtils.java:logGet(44)) - raft.server.write.follower.gap.ratio.max = -1.0 (default)
2021-11-02 20:08:54,136 [8beef4f3-0fbd-4019-b5e6-bba09cd08c94@group-AC1F8A7A189D-LeaderElection9] INFO  impl.RoleInfo (RoleInfo.java:updateAndGet(130)) - 8beef4f3-0fbd-4019-b5e6-bba09cd08c94: start 8beef4f3-0fbd-4019-b5e6-bba09cd08c94@group-AC1F8A7A189D-LeaderStateImpl
2021-11-02 20:08:54,136 [8beef4f3-0fbd-4019-b5e6-bba09cd08c94@group-AC1F8A7A189D-LeaderElection9] INFO  segmented.SegmentedRaftLogWorker (SegmentedRaftLogWorker.java:startLogSegment(394)) - 8beef4f3-0fbd-4019-b5e6-bba09cd08c94@group-AC1F8A7A189D-SegmentedRaftLogWorker: Starting segment from index:0
2021-11-02 20:08:54,138 [8beef4f3-0fbd-4019-b5e6-bba09cd08c94@group-AC1F8A7A189D-SegmentedRaftLogWorker] INFO  segmented.SegmentedRaftLogWorker (SegmentedRaftLogWorker.java:execute(601)) - 8beef4f3-0fbd-4019-b5e6-bba09cd08c94@group-AC1F8A7A189D-SegmentedRaftLogWorker: created new log segment /home/runner/work/ozone/ozone/hadoop-ozone/integration-test/target/test-dir/MiniOzoneClusterImpl-76263e8f-62ab-412a-8766-4a189fbce95f/datanode-2/data/ratis/01b691cd-d7e1-47f2-99aa-ac1f8a7a189d/current/log_inprogress_0
2021-11-02 20:08:54,147 [8beef4f3-0fbd-4019-b5e6-bba09cd08c94@group-AC1F8A7A189D-LeaderElection9] INFO  server.RaftServer$Division (ServerState.java:setRaftConf(387)) - 8beef4f3-0fbd-4019-b5e6-bba09cd08c94@group-AC1F8A7A189D: set configuration 0: [8beef4f3-0fbd-4019-b5e6-bba09cd08c94|rpc:10.1.0.43:38223|dataStream:|priority:1], old=null
]]></system-out>
  </testcase>
  <testcase name="testPrepareWithMultipleThreads" classname="org.apache.hadoop.ozone.om.TestOzoneManagerPrepare" time="11.155"/>
  <testcase name="testCancelPrepare" classname="org.apache.hadoop.ozone.om.TestOzoneManagerPrepare" time="123.545">
    <error message="timeout: after 120000 millis" type="java.util.concurrent.TimeoutException">java.util.concurrent.TimeoutException: timeout: after 120000 millis
	at org.apache.ozone.test.LambdaTestUtils$GenerateTimeout.evaluate(LambdaTestUtils.java:677)
	at org.apache.ozone.test.LambdaTestUtils.await(LambdaTestUtils.java:154)
	at org.apache.ozone.test.LambdaTestUtils.await(LambdaTestUtils.java:192)
	at org.apache.hadoop.ozone.om.TestOzoneManagerPrepare.assertClusterNotPrepared(TestOzoneManagerPrepare.java:484)
	at org.apache.hadoop.ozone.om.TestOzoneManagerPrepare.assertClusterNotPrepared(TestOzoneManagerPrepare.java:478)
	at org.apache.hadoop.ozone.om.TestOzoneManagerPrepare.initOM(TestOzoneManagerPrepare.java:91)
	at sun.reflect.NativeMethodAccessorImpl.invoke0(Native Method)
	at sun.reflect.NativeMethodAccessorImpl.invoke(NativeMethodAccessorImpl.java:62)
	at sun.reflect.DelegatingMethodAccessorImpl.invoke(DelegatingMethodAccessorImpl.java:43)
	at java.lang.reflect.Method.invoke(Method.java:498)
	at org.junit.runners.model.FrameworkMethod$1.runReflectiveCall(FrameworkMethod.java:59)
	at org.junit.internal.runners.model.ReflectiveCallable.run(ReflectiveCallable.java:12)
	at org.junit.runners.model.FrameworkMethod.invokeExplosively(FrameworkMethod.java:56)
	at org.junit.internal.runners.statements.RunBefores.invokeMethod(RunBefores.java:33)
	at org.junit.internal.runners.statements.RunBefores.evaluate(RunBefores.java:24)
	at org.junit.internal.runners.statements.RunAfters.evaluate(RunAfters.java:27)
	at org.junit.rules.ExpectedException$ExpectedExceptionStatement.evaluate(ExpectedException.java:258)
	at org.junit.internal.runners.statements.FailOnTimeout$CallableStatement.call(FailOnTimeout.java:288)
	at org.junit.internal.runners.statements.FailOnTimeout$CallableStatement.call(FailOnTimeout.java:282)
	at java.util.concurrent.FutureTask.run(FutureTask.java:266)
	at java.lang.Thread.run(Thread.java:748)
</error>
    <system-out><![CDATA[2021-11-02 20:09:05,684 [org.apache.hadoop.util.JvmPauseMonitor$Monitor@54a67d94] INFO  util.JvmPauseMonitor (JvmPauseMonitor.java:run(188)) - Starting JVM pause monitor
2021-11-02 20:09:05,689 [Time-limited test] INFO  retry.RetryInvocationHandler (RetryInvocationHandler.java:log(411)) - com.google.protobuf.ServiceException: java.io.EOFException: End of File Exception between local host is: "fv-az270-10/10.1.0.43"; destination host is: "localhost":10608; : java.io.EOFException; For more details see:  http://wiki.apache.org/hadoop/EOFException, while invoking $Proxy52.submitRequest over nodeId=omNode-1,nodeAddress=127.0.0.1:10608. Trying to failover immediately.
2021-11-02 20:09:05,701 [Time-limited test] INFO  retry.RetryInvocationHandler (RetryInvocationHandler.java:log(411)) - com.google.protobuf.ServiceException: org.apache.hadoop.ipc.RemoteException(org.apache.hadoop.ozone.om.exceptions.OMNotLeaderException): OM:omNode-2 is not the leader. Could not determine the leader node.
	at org.apache.hadoop.ozone.om.ratis.utils.OzoneManagerRatisUtils.createNotLeaderException(OzoneManagerRatisUtils.java:465)
	at org.apache.hadoop.ozone.om.ratis.utils.OzoneManagerRatisUtils.checkLeaderStatus(OzoneManagerRatisUtils.java:451)
	at org.apache.hadoop.ozone.protocolPB.OzoneManagerProtocolServerSideTranslatorPB.checkLeaderStatus(OzoneManagerProtocolServerSideTranslatorPB.java:279)
	at org.apache.hadoop.ozone.protocolPB.OzoneManagerProtocolServerSideTranslatorPB.processRequest(OzoneManagerProtocolServerSideTranslatorPB.java:158)
	at org.apache.hadoop.hdds.server.OzoneProtocolMessageDispatcher.processRequest(OzoneProtocolMessageDispatcher.java:87)
	at org.apache.hadoop.ozone.protocolPB.OzoneManagerProtocolServerSideTranslatorPB.submitRequest(OzoneManagerProtocolServerSideTranslatorPB.java:124)
	at org.apache.hadoop.ozone.protocol.proto.OzoneManagerProtocolProtos$OzoneManagerService$2.callBlockingMethod(OzoneManagerProtocolProtos.java)
	at org.apache.hadoop.ipc.ProtobufRpcEngine$Server.processCall(ProtobufRpcEngine.java:466)
	at org.apache.hadoop.ipc.ProtobufRpcEngine2$Server$ProtoBufRpcInvoker.call(ProtobufRpcEngine2.java:574)
	at org.apache.hadoop.ipc.ProtobufRpcEngine2$Server$ProtoBufRpcInvoker.call(ProtobufRpcEngine2.java:552)
	at org.apache.hadoop.ipc.RPC$Server.call(RPC.java:1093)
	at org.apache.hadoop.ipc.Server$RpcCall.run(Server.java:1035)
	at org.apache.hadoop.ipc.Server$RpcCall.run(Server.java:963)
	at java.security.AccessController.doPrivileged(Native Method)
	at javax.security.auth.Subject.doAs(Subject.java:422)
	at org.apache.hadoop.security.UserGroupInformation.doAs(UserGroupInformation.java:1878)
	at org.apache.hadoop.ipc.Server$Handler.run(Server.java:2966)
, while invoking $Proxy52.submitRequest over nodeId=omNode-2,nodeAddress=127.0.0.1:10614 after 1 failover attempts. Trying to failover immediately.
2021-11-02 20:09:05,716 [Time-limited test] INFO  retry.RetryInvocationHandler (RetryInvocationHandler.java:log(411)) - com.google.protobuf.ServiceException: org.apache.hadoop.ipc.RemoteException(org.apache.hadoop.ozone.om.exceptions.OMNotLeaderException): OM:omNode-3 is not the leader. Could not determine the leader node.
	at org.apache.hadoop.ozone.om.ratis.utils.OzoneManagerRatisUtils.createNotLeaderException(OzoneManagerRatisUtils.java:465)
	at org.apache.hadoop.ozone.om.ratis.utils.OzoneManagerRatisUtils.checkLeaderStatus(OzoneManagerRatisUtils.java:451)
	at org.apache.hadoop.ozone.protocolPB.OzoneManagerProtocolServerSideTranslatorPB.checkLeaderStatus(OzoneManagerProtocolServerSideTranslatorPB.java:279)
	at org.apache.hadoop.ozone.protocolPB.OzoneManagerProtocolServerSideTranslatorPB.processRequest(OzoneManagerProtocolServerSideTranslatorPB.java:158)
	at org.apache.hadoop.hdds.server.OzoneProtocolMessageDispatcher.processRequest(OzoneProtocolMessageDispatcher.java:87)
	at org.apache.hadoop.ozone.protocolPB.OzoneManagerProtocolServerSideTranslatorPB.submitRequest(OzoneManagerProtocolServerSideTranslatorPB.java:124)
	at org.apache.hadoop.ozone.protocol.proto.OzoneManagerProtocolProtos$OzoneManagerService$2.callBlockingMethod(OzoneManagerProtocolProtos.java)
	at org.apache.hadoop.ipc.ProtobufRpcEngine$Server.processCall(ProtobufRpcEngine.java:466)
	at org.apache.hadoop.ipc.ProtobufRpcEngine2$Server$ProtoBufRpcInvoker.call(ProtobufRpcEngine2.java:574)
	at org.apache.hadoop.ipc.ProtobufRpcEngine2$Server$ProtoBufRpcInvoker.call(ProtobufRpcEngine2.java:552)
	at org.apache.hadoop.ipc.RPC$Server.call(RPC.java:1093)
	at org.apache.hadoop.ipc.Server$RpcCall.run(Server.java:1035)
	at org.apache.hadoop.ipc.Server$RpcCall.run(Server.java:963)
	at java.security.AccessController.doPrivileged(Native Method)
	at javax.security.auth.Subject.doAs(Subject.java:422)
	at org.apache.hadoop.security.UserGroupInformation.doAs(UserGroupInformation.java:1878)
	at org.apache.hadoop.ipc.Server$Handler.run(Server.java:2966)
, while invoking $Proxy52.submitRequest over nodeId=omNode-3,nodeAddress=127.0.0.1:10620 after 2 failover attempts. Trying to failover after sleeping for 2000ms.
2021-11-02 20:09:06,348 [omNode-1@group-523986131536-FollowerState] INFO  impl.FollowerState (FollowerState.java:run(134)) - omNode-1@group-523986131536-FollowerState: change to CANDIDATE, lastRpcElapsedTime:1128251589ns, electionTimeout:1124ms
2021-11-02 20:09:06,349 [omNode-1@group-523986131536-FollowerState] INFO  impl.RoleInfo (RoleInfo.java:shutdownFollowerState(108)) - omNode-1: shutdown omNode-1@group-523986131536-FollowerState
2021-11-02 20:09:06,349 [omNode-1@group-523986131536-FollowerState] INFO  server.RaftServer$Division (RaftServerImpl.java:setRole(290)) - omNode-1@group-523986131536: changes role from  FOLLOWER to CANDIDATE at term 2 for changeToCandidate
2021-11-02 20:09:06,350 [omNode-1@group-523986131536-FollowerState] INFO  server.RaftServerConfigKeys (ConfUtils.java:logGet(44)) - raft.server.leaderelection.pre-vote = false (custom)
2021-11-02 20:09:06,350 [omNode-1@group-523986131536-FollowerState] INFO  impl.RoleInfo (RoleInfo.java:updateAndGet(130)) - omNode-1: start omNode-1@group-523986131536-LeaderElection14
2021-11-02 20:09:06,369 [omNode-1@group-523986131536-LeaderElection14] INFO  impl.LeaderElection (LeaderElection.java:askForVotes(306)) - omNode-1@group-523986131536-LeaderElection14 ELECTION round 0: submit vote requests at term 3 for 0: [omNode-3|rpc:localhost:10624|admin:|client:|dataStream:|priority:0, omNode-1|rpc:localhost:10612|admin:|client:|dataStream:|priority:0, omNode-2|rpc:localhost:10618|admin:|client:|dataStream:|priority:0], old=null
2021-11-02 20:09:06,403 [grpc-default-executor-0] INFO  server.RaftServer$Division (RaftServerImpl.java:requestVote(1046)) - omNode-3@group-523986131536: receive requestVote(ELECTION, omNode-1, group-523986131536, 3, (t:2, i:10))
2021-11-02 20:09:06,403 [grpc-default-executor-0] INFO  impl.VoteContext (VoteContext.java:log(48)) - omNode-3@group-523986131536-FOLLOWER: reject ELECTION from omNode-1: already has voted for omNode-2 at current term 3
2021-11-02 20:09:06,404 [grpc-default-executor-0] INFO  server.RaftServer$Division (RaftServerImpl.java:requestVote(1078)) - omNode-3@group-523986131536 replies to ELECTION vote request: omNode-1<-omNode-3#0:FAIL-t3. Peer's state: omNode-3@group-523986131536:t3, leader=omNode-2, voted=omNode-2, raftlog=omNode-3@group-523986131536-SegmentedRaftLog:OPENED:c12, conf=11: [omNode-3|rpc:localhost:10624|admin:|client:|dataStream:|priority:0, omNode-1|rpc:localhost:10612|admin:|client:|dataStream:|priority:0, omNode-2|rpc:localhost:10618|admin:|client:|dataStream:|priority:0], old=null
2021-11-02 20:09:06,413 [grpc-default-executor-0] INFO  server.RaftServer$Division (RaftServerImpl.java:requestVote(1046)) - omNode-2@group-523986131536: receive requestVote(ELECTION, omNode-1, group-523986131536, 3, (t:2, i:10))
2021-11-02 20:09:06,413 [grpc-default-executor-0] INFO  impl.VoteContext (VoteContext.java:log(48)) - omNode-2@group-523986131536-FOLLOWER: reject ELECTION from omNode-1: already has voted for omNode-2 at current term 3
2021-11-02 20:09:06,413 [grpc-default-executor-0] INFO  server.RaftServer$Division (RaftServerImpl.java:requestVote(1078)) - omNode-2@group-523986131536 replies to ELECTION vote request: omNode-1<-omNode-2#0:FAIL-t3. Peer's state: omNode-2@group-523986131536:t3, leader=null, voted=omNode-2, raftlog=omNode-2@group-523986131536-SegmentedRaftLog:OPENED:c12, conf=11: [omNode-3|rpc:localhost:10624|admin:|client:|dataStream:|priority:0, omNode-1|rpc:localhost:10612|admin:|client:|dataStream:|priority:0, omNode-2|rpc:localhost:10618|admin:|client:|dataStream:|priority:0], old=null
2021-11-02 20:09:06,416 [omNode-1@group-523986131536-LeaderElection14] INFO  impl.LeaderElection (LeaderElection.java:logAndReturn(89)) - omNode-1@group-523986131536-LeaderElection14: ELECTION REJECTED received 2 response(s) and 0 exception(s):
2021-11-02 20:09:06,416 [omNode-1@group-523986131536-LeaderElection14] INFO  impl.LeaderElection (LeaderElection.java:logAndReturn(93)) -   Response 0: omNode-1<-omNode-3#0:FAIL-t3
2021-11-02 20:09:06,416 [omNode-1@group-523986131536-LeaderElection14] INFO  impl.LeaderElection (LeaderElection.java:logAndReturn(93)) -   Response 1: omNode-1<-omNode-2#0:FAIL-t3
2021-11-02 20:09:06,416 [omNode-1@group-523986131536-LeaderElection14] INFO  impl.LeaderElection (LeaderElection.java:askForVotes(308)) - omNode-1@group-523986131536-LeaderElection14 ELECTION round 0: result REJECTED
2021-11-02 20:09:06,416 [omNode-1@group-523986131536-LeaderElection14] INFO  server.RaftServer$Division (RaftServerImpl.java:setRole(290)) - omNode-1@group-523986131536: changes role from CANDIDATE to FOLLOWER at term 3 for REJECTED
2021-11-02 20:09:06,416 [omNode-1@group-523986131536-LeaderElection14] INFO  impl.RoleInfo (RoleInfo.java:shutdownLeaderElection(121)) - omNode-1: shutdown omNode-1@group-523986131536-LeaderElection14
2021-11-02 20:09:06,416 [omNode-1@group-523986131536-LeaderElection14] INFO  impl.RoleInfo (RoleInfo.java:updateAndGet(130)) - omNode-1: start omNode-1@group-523986131536-FollowerState
2021-11-02 20:09:06,788 [omNode-2@group-523986131536-FollowerState] INFO  impl.FollowerState (FollowerState.java:run(134)) - omNode-2@group-523986131536-FollowerState: change to CANDIDATE, lastRpcElapsedTime:1142282522ns, electionTimeout:1136ms
2021-11-02 20:09:06,789 [omNode-2@group-523986131536-FollowerState] INFO  impl.RoleInfo (RoleInfo.java:shutdownFollowerState(108)) - omNode-2: shutdown omNode-2@group-523986131536-FollowerState
2021-11-02 20:09:06,789 [omNode-2@group-523986131536-FollowerState] INFO  server.RaftServer$Division (RaftServerImpl.java:setRole(290)) - omNode-2@group-523986131536: changes role from  FOLLOWER to CANDIDATE at term 3 for changeToCandidate
2021-11-02 20:09:06,789 [omNode-2@group-523986131536-FollowerState] INFO  server.RaftServerConfigKeys (ConfUtils.java:logGet(44)) - raft.server.leaderelection.pre-vote = false (custom)
2021-11-02 20:09:06,789 [omNode-2@group-523986131536-FollowerState] INFO  impl.RoleInfo (RoleInfo.java:updateAndGet(130)) - omNode-2: start omNode-2@group-523986131536-LeaderElection15
2021-11-02 20:09:06,803 [omNode-2@group-523986131536-LeaderElection15] INFO  impl.LeaderElection (LeaderElection.java:askForVotes(306)) - omNode-2@group-523986131536-LeaderElection15 ELECTION round 0: submit vote requests at term 4 for 11: [omNode-3|rpc:localhost:10624|admin:|client:|dataStream:|priority:0, omNode-1|rpc:localhost:10612|admin:|client:|dataStream:|priority:0, omNode-2|rpc:localhost:10618|admin:|client:|dataStream:|priority:0], old=null
2021-11-02 20:09:06,838 [grpc-default-executor-0] INFO  server.RaftServer$Division (RaftServerImpl.java:requestVote(1046)) - omNode-3@group-523986131536: receive requestVote(ELECTION, omNode-2, group-523986131536, 4, (t:3, i:12))
2021-11-02 20:09:06,838 [grpc-default-executor-0] INFO  impl.VoteContext (VoteContext.java:log(48)) - omNode-3@group-523986131536-FOLLOWER: accept ELECTION from omNode-2: our priority 0 <= candidate's priority 0
2021-11-02 20:09:06,838 [grpc-default-executor-0] INFO  server.RaftServer$Division (ServerState.java:setLeader(285)) - omNode-3@group-523986131536: change Leader from omNode-2 to null at term 4 for updateCurrentTerm
2021-11-02 20:09:06,838 [grpc-default-executor-0] INFO  server.RaftServer$Division (RaftServerImpl.java:setRole(290)) - omNode-3@group-523986131536: changes role from  FOLLOWER to FOLLOWER at term 4 for candidate:omNode-2
2021-11-02 20:09:06,838 [grpc-default-executor-0] INFO  impl.RoleInfo (RoleInfo.java:shutdownFollowerState(108)) - omNode-3: shutdown omNode-3@group-523986131536-FollowerState
2021-11-02 20:09:06,838 [grpc-default-executor-0] INFO  impl.RoleInfo (RoleInfo.java:updateAndGet(130)) - omNode-3: start omNode-3@group-523986131536-FollowerState
2021-11-02 20:09:06,839 [grpc-default-executor-4] INFO  server.RaftServer$Division (RaftServerImpl.java:requestVote(1046)) - omNode-1@group-523986131536: receive requestVote(ELECTION, omNode-2, group-523986131536, 4, (t:3, i:12))
2021-11-02 20:09:06,839 [grpc-default-executor-4] INFO  impl.VoteContext (VoteContext.java:log(48)) - omNode-1@group-523986131536-FOLLOWER: accept ELECTION from omNode-2: our last entry (t:2, i:10) < candidate's last entry (t:3, i:12)
2021-11-02 20:09:06,839 [grpc-default-executor-4] INFO  server.RaftServer$Division (RaftServerImpl.java:setRole(290)) - omNode-1@group-523986131536: changes role from  FOLLOWER to FOLLOWER at term 4 for candidate:omNode-2
2021-11-02 20:09:06,839 [grpc-default-executor-4] INFO  impl.RoleInfo (RoleInfo.java:shutdownFollowerState(108)) - omNode-1: shutdown omNode-1@group-523986131536-FollowerState
2021-11-02 20:09:06,839 [omNode-3@group-523986131536-FollowerState] INFO  impl.FollowerState (FollowerState.java:run(143)) - omNode-3@group-523986131536-FollowerState was interrupted: {}
java.lang.InterruptedException: sleep interrupted
	at java.lang.Thread.sleep(Native Method)
	at java.lang.Thread.sleep(Thread.java:340)
	at java.util.concurrent.TimeUnit.sleep(TimeUnit.java:386)
	at org.apache.ratis.util.TimeDuration.sleep(TimeDuration.java:324)
	at org.apache.ratis.util.TimeDuration.sleep(TimeDuration.java:309)
	at org.apache.ratis.server.impl.FollowerState.run(FollowerState.java:118)
2021-11-02 20:09:06,840 [grpc-default-executor-4] INFO  impl.RoleInfo (RoleInfo.java:updateAndGet(130)) - omNode-1: start omNode-1@group-523986131536-FollowerState
2021-11-02 20:09:06,841 [omNode-1@group-523986131536-FollowerState] INFO  impl.FollowerState (FollowerState.java:run(143)) - omNode-1@group-523986131536-FollowerState was interrupted: {}
java.lang.InterruptedException: sleep interrupted
	at java.lang.Thread.sleep(Native Method)
	at java.lang.Thread.sleep(Thread.java:340)
	at java.util.concurrent.TimeUnit.sleep(TimeUnit.java:386)
	at org.apache.ratis.util.TimeDuration.sleep(TimeDuration.java:324)
	at org.apache.ratis.util.TimeDuration.sleep(TimeDuration.java:309)
	at org.apache.ratis.server.impl.FollowerState.run(FollowerState.java:118)
2021-11-02 20:09:06,846 [grpc-default-executor-0] INFO  server.RaftServer$Division (RaftServerImpl.java:requestVote(1078)) - omNode-3@group-523986131536 replies to ELECTION vote request: omNode-2<-omNode-3#0:OK-t4. Peer's state: omNode-3@group-523986131536:t4, leader=null, voted=omNode-2, raftlog=omNode-3@group-523986131536-SegmentedRaftLog:OPENED:c12, conf=11: [omNode-3|rpc:localhost:10624|admin:|client:|dataStream:|priority:0, omNode-1|rpc:localhost:10612|admin:|client:|dataStream:|priority:0, omNode-2|rpc:localhost:10618|admin:|client:|dataStream:|priority:0], old=null
2021-11-02 20:09:06,848 [grpc-default-executor-4] INFO  server.RaftServer$Division (RaftServerImpl.java:requestVote(1078)) - omNode-1@group-523986131536 replies to ELECTION vote request: omNode-2<-omNode-1#0:OK-t4. Peer's state: omNode-1@group-523986131536:t4, leader=null, voted=omNode-2, raftlog=omNode-1@group-523986131536-SegmentedRaftLog:OPENED:c10, conf=0: [omNode-3|rpc:localhost:10624|admin:|client:|dataStream:|priority:0, omNode-1|rpc:localhost:10612|admin:|client:|dataStream:|priority:0, omNode-2|rpc:localhost:10618|admin:|client:|dataStream:|priority:0], old=null
2021-11-02 20:09:06,851 [omNode-2@group-523986131536-LeaderElection15] INFO  impl.LeaderElection (LeaderElection.java:logAndReturn(89)) - omNode-2@group-523986131536-LeaderElection15: ELECTION PASSED received 1 response(s) and 0 exception(s):
2021-11-02 20:09:06,852 [omNode-2@group-523986131536-LeaderElection15] INFO  impl.LeaderElection (LeaderElection.java:logAndReturn(93)) -   Response 0: omNode-2<-omNode-3#0:OK-t4
2021-11-02 20:09:06,852 [omNode-2@group-523986131536-LeaderElection15] INFO  impl.LeaderElection (LeaderElection.java:askForVotes(308)) - omNode-2@group-523986131536-LeaderElection15 ELECTION round 0: result PASSED
2021-11-02 20:09:06,852 [omNode-2@group-523986131536-LeaderElection15] INFO  impl.RoleInfo (RoleInfo.java:shutdownLeaderElection(121)) - omNode-2: shutdown omNode-2@group-523986131536-LeaderElection15
2021-11-02 20:09:06,852 [omNode-2@group-523986131536-LeaderElection15] INFO  server.RaftServer$Division (RaftServerImpl.java:setRole(290)) - omNode-2@group-523986131536: changes role from CANDIDATE to LEADER at term 4 for changeToLeader
2021-11-02 20:09:06,852 [omNode-2@group-523986131536-LeaderElection15] INFO  server.RaftServer$Division (ServerState.java:setLeader(285)) - omNode-2@group-523986131536: change Leader from null to omNode-2 at term 4 for becomeLeader, leader elected after 1241ms
2021-11-02 20:09:06,852 [omNode-2@group-523986131536-LeaderElection15] INFO  server.RaftServerConfigKeys (ConfUtils.java:logGet(44)) - raft.server.staging.catchup.gap = 1000 (default)
2021-11-02 20:09:06,852 [omNode-2@group-523986131536-LeaderElection15] INFO  server.RaftServerConfigKeys (ConfUtils.java:logGet(44)) - raft.server.write.element-limit = 4096 (default)
2021-11-02 20:09:06,852 [omNode-2@group-523986131536-LeaderElection15] INFO  server.RaftServerConfigKeys (ConfUtils.java:logGet(44)) - raft.server.write.byte-limit = 64MB (=67108864) (default)
2021-11-02 20:09:06,853 [omNode-2@group-523986131536-LeaderElection15] INFO  server.RaftServerConfigKeys (ConfUtils.java:logGet(44)) - raft.server.watch.timeout = 10s (default)
2021-11-02 20:09:06,853 [omNode-2@group-523986131536-LeaderElection15] INFO  server.RaftServerConfigKeys (ConfUtils.java:logGet(44)) - raft.server.watch.timeout.denomination = 1s (default)
2021-11-02 20:09:06,853 [omNode-2@group-523986131536-LeaderElection15] INFO  server.RaftServerConfigKeys (ConfUtils.java:logGet(44)) - raft.server.watch.element-limit = 65536 (default)
2021-11-02 20:09:06,853 [omNode-2@group-523986131536-LeaderElection15] INFO  server.RaftServerConfigKeys (ConfUtils.java:logGet(44)) - raft.server.write.element-limit = 4096 (default)
2021-11-02 20:09:06,853 [omNode-2@group-523986131536-LeaderElection15] INFO  server.RaftServerConfigKeys (ConfUtils.java:logGet(44)) - raft.server.write.follower.gap.ratio.max = -1.0 (default)
2021-11-02 20:09:06,853 [omNode-2@group-523986131536-LeaderElection15] INFO  server.RaftServerConfigKeys (ConfUtils.java:logGet(44)) - raft.server.log.appender.snapshot.chunk.size.max = 16MB (=16777216) (default)
2021-11-02 20:09:06,853 [omNode-2@group-523986131536-LeaderElection15] INFO  server.RaftServerConfigKeys (ConfUtils.java:logGet(44)) - raft.server.log.appender.buffer.byte-limit = 33554432 (custom)
2021-11-02 20:09:06,853 [omNode-2@group-523986131536-LeaderElection15] INFO  server.RaftServerConfigKeys (ConfUtils.java:logGet(44)) - raft.server.log.appender.buffer.element-limit = 1024 (custom)
2021-11-02 20:09:06,853 [omNode-2@group-523986131536-LeaderElection15] INFO  grpc.GrpcConfigKeys (ConfUtils.java:logGet(44)) - raft.grpc.server.leader.outstanding.appends.max = 128 (default)
2021-11-02 20:09:06,853 [omNode-2@group-523986131536-LeaderElection15] INFO  server.RaftServerConfigKeys (ConfUtils.java:logGet(44)) - raft.server.rpc.request.timeout = 3000ms (default)
2021-11-02 20:09:06,853 [omNode-2@group-523986131536-LeaderElection15] INFO  server.RaftServerConfigKeys (ConfUtils.java:logGet(44)) - raft.server.log.appender.install.snapshot.enabled = false (custom)
2021-11-02 20:09:06,854 [omNode-2@group-523986131536-LeaderElection15] INFO  server.RaftServerConfigKeys (ConfUtils.java:logGet(44)) - raft.server.log.appender.snapshot.chunk.size.max = 16MB (=16777216) (default)
2021-11-02 20:09:06,854 [omNode-2@group-523986131536-LeaderElection15] INFO  server.RaftServerConfigKeys (ConfUtils.java:logGet(44)) - raft.server.log.appender.buffer.byte-limit = 33554432 (custom)
2021-11-02 20:09:06,854 [omNode-2@group-523986131536-LeaderElection15] INFO  server.RaftServerConfigKeys (ConfUtils.java:logGet(44)) - raft.server.log.appender.buffer.element-limit = 1024 (custom)
2021-11-02 20:09:06,855 [omNode-2@group-523986131536-LeaderElection15] INFO  grpc.GrpcConfigKeys (ConfUtils.java:logGet(44)) - raft.grpc.server.leader.outstanding.appends.max = 128 (default)
2021-11-02 20:09:06,855 [omNode-2@group-523986131536-LeaderElection15] INFO  server.RaftServerConfigKeys (ConfUtils.java:logGet(44)) - raft.server.rpc.request.timeout = 3000ms (default)
2021-11-02 20:09:06,855 [omNode-2@group-523986131536-LeaderElection15] INFO  server.RaftServerConfigKeys (ConfUtils.java:logGet(44)) - raft.server.log.appender.install.snapshot.enabled = false (custom)
2021-11-02 20:09:06,861 [omNode-2@group-523986131536-LeaderElection15] INFO  impl.RoleInfo (RoleInfo.java:updateAndGet(130)) - omNode-2: start omNode-2@group-523986131536-LeaderStateImpl
2021-11-02 20:09:06,861 [omNode-2@group-523986131536-LeaderElection15] INFO  segmented.SegmentedRaftLogWorker (SegmentedRaftLogWorker.java:rollLogSegment(399)) - omNode-2@group-523986131536-SegmentedRaftLogWorker: Rolling segment log-11_12 to index:12
2021-11-02 20:09:06,873 [grpc-default-executor-0] INFO  server.RaftServer$Division (ServerState.java:setLeader(285)) - omNode-1@group-523986131536: change Leader from null to omNode-2 at term 4 for appendEntries, leader elected after 1669ms
2021-11-02 20:09:06,884 [grpc-default-executor-0] INFO  server.RaftServer$Division (RaftServerImpl.java:checkInconsistentAppendEntries(1322)) - omNode-1@group-523986131536: Failed appendEntries as previous log entry ((t:3, i:12)) is not found
2021-11-02 20:09:06,884 [grpc-default-executor-0] INFO  server.RaftServer$Division (RaftServerImpl.java:checkInconsistentAppendEntries(1288)) - omNode-1@group-523986131536: inconsistency entries. Reply:omNode-2<-omNode-1#0:FAIL-t4,INCONSISTENCY,nextIndex=11,followerCommit=10
2021-11-02 20:09:06,885 [omNode-2@group-523986131536-SegmentedRaftLogWorker] INFO  segmented.SegmentedRaftLogWorker (SegmentedRaftLogWorker.java:execute(558)) - omNode-2@group-523986131536-SegmentedRaftLogWorker: Rolled log segment from /home/runner/work/ozone/ozone/hadoop-ozone/integration-test/target/test-dir/MiniOzoneClusterImpl-76263e8f-62ab-412a-8766-4a189fbce95f/omNode-2/ratis/c9bc4cf4-3bc3-3c60-a66b-523986131536/current/log_inprogress_11 to /home/runner/work/ozone/ozone/hadoop-ozone/integration-test/target/test-dir/MiniOzoneClusterImpl-76263e8f-62ab-412a-8766-4a189fbce95f/omNode-2/ratis/c9bc4cf4-3bc3-3c60-a66b-523986131536/current/log_11-12
2021-11-02 20:09:06,887 [omNode-2@group-523986131536-LeaderElection15] INFO  server.RaftServer$Division (ServerState.java:setRaftConf(387)) - omNode-2@group-523986131536: set configuration 13: [omNode-3|rpc:localhost:10624|admin:|client:|dataStream:|priority:0, omNode-1|rpc:localhost:10612|admin:|client:|dataStream:|priority:0, omNode-2|rpc:localhost:10618|admin:|client:|dataStream:|priority:0], old=null
2021-11-02 20:09:06,883 [grpc-default-executor-1] INFO  server.RaftServer$Division (ServerState.java:setLeader(285)) - omNode-3@group-523986131536: change Leader from null to omNode-2 at term 4 for appendEntries, leader elected after 44ms
2021-11-02 20:09:06,889 [grpc-default-executor-0] INFO  server.RaftServer$Division (RaftServerImpl.java:checkInconsistentAppendEntries(1322)) - omNode-1@group-523986131536: Failed appendEntries as previous log entry ((t:3, i:12)) is not found
2021-11-02 20:09:06,896 [grpc-default-executor-0] INFO  server.RaftServer$Division (RaftServerImpl.java:checkInconsistentAppendEntries(1288)) - omNode-1@group-523986131536: inconsistency entries. Reply:omNode-2<-omNode-1#1:FAIL-t4,INCONSISTENCY,nextIndex=11,followerCommit=10
2021-11-02 20:09:06,889 [grpc-default-executor-4] INFO  leader.FollowerInfo (FollowerInfoImpl.java:lambda$new$0(47)) - omNode-2@group-523986131536->omNode-1: nextIndex: updateUnconditionally 14 -> 11
2021-11-02 20:09:06,897 [grpc-default-executor-4] INFO  leader.FollowerInfo (FollowerInfoImpl.java:lambda$new$0(47)) - omNode-2@group-523986131536->omNode-1: nextIndex: updateUnconditionally 11 -> 11
2021-11-02 20:09:06,897 [omNode-2@group-523986131536->omNode-1-GrpcLogAppender-LogAppenderDaemon] ERROR leader.LogAppenderDaemon (LogAppenderDaemon.java:run(86)) - omNode-2@group-523986131536->omNode-1-GrpcLogAppender-LogAppenderDaemon failed
java.lang.NullPointerException: omNode-2@group-523986131536->omNode-1: Previous TermIndex not found for firstIndex = 11
	at java.util.Objects.requireNonNull(Objects.java:290)
	at org.apache.ratis.server.leader.LogAppenderBase.assertProtos(LogAppenderBase.java:169)
	at org.apache.ratis.server.leader.LogAppenderBase.newAppendEntriesRequest(LogAppenderBase.java:154)
	at org.apache.ratis.grpc.server.GrpcLogAppender.appendLog(GrpcLogAppender.java:213)
	at org.apache.ratis.grpc.server.GrpcLogAppender.run(GrpcLogAppender.java:147)
	at org.apache.ratis.server.leader.LogAppenderDaemon.run(LogAppenderDaemon.java:77)
	at java.lang.Thread.run(Thread.java:748)
2021-11-02 20:09:06,898 [omNode-2@group-523986131536->omNode-1-GrpcLogAppender-LogAppenderDaemon] INFO  server.RaftServer$Division (LeaderStateImpl.java:restart(514)) - omNode-2@group-523986131536-LeaderStateImpl: Restarting GrpcLogAppender for omNode-2@group-523986131536->omNode-1
2021-11-02 20:09:06,898 [omNode-2@group-523986131536->omNode-1-GrpcLogAppender-LogAppenderDaemon] INFO  server.RaftServerConfigKeys (ConfUtils.java:logGet(44)) - raft.server.log.appender.snapshot.chunk.size.max = 16MB (=16777216) (default)
2021-11-02 20:09:06,898 [omNode-2@group-523986131536->omNode-1-GrpcLogAppender-LogAppenderDaemon] INFO  server.RaftServerConfigKeys (ConfUtils.java:logGet(44)) - raft.server.log.appender.buffer.byte-limit = 33554432 (custom)
2021-11-02 20:09:06,898 [omNode-2@group-523986131536->omNode-1-GrpcLogAppender-LogAppenderDaemon] INFO  server.RaftServerConfigKeys (ConfUtils.java:logGet(44)) - raft.server.log.appender.buffer.element-limit = 1024 (custom)
2021-11-02 20:09:06,899 [omNode-2@group-523986131536->omNode-1-GrpcLogAppender-LogAppenderDaemon] INFO  grpc.GrpcConfigKeys (ConfUtils.java:logGet(44)) - raft.grpc.server.leader.outstanding.appends.max = 128 (default)
2021-11-02 20:09:06,899 [omNode-2@group-523986131536->omNode-1-GrpcLogAppender-LogAppenderDaemon] INFO  server.RaftServerConfigKeys (ConfUtils.java:logGet(44)) - raft.server.rpc.request.timeout = 3000ms (default)
2021-11-02 20:09:06,900 [omNode-2@group-523986131536->omNode-1-GrpcLogAppender-LogAppenderDaemon] INFO  server.RaftServerConfigKeys (ConfUtils.java:logGet(44)) - raft.server.log.appender.install.snapshot.enabled = false (custom)
2021-11-02 20:09:06,900 [omNode-2@group-523986131536-SegmentedRaftLogWorker] INFO  segmented.SegmentedRaftLogWorker (SegmentedRaftLogWorker.java:execute(601)) - omNode-2@group-523986131536-SegmentedRaftLogWorker: created new log segment /home/runner/work/ozone/ozone/hadoop-ozone/integration-test/target/test-dir/MiniOzoneClusterImpl-76263e8f-62ab-412a-8766-4a189fbce95f/omNode-2/ratis/c9bc4cf4-3bc3-3c60-a66b-523986131536/current/log_inprogress_13
2021-11-02 20:09:06,900 [grpc-default-executor-1] INFO  server.RaftServer$Division (ServerState.java:setRaftConf(387)) - omNode-3@group-523986131536: set configuration 13: [omNode-3|rpc:localhost:10624|admin:|client:|dataStream:|priority:0, omNode-1|rpc:localhost:10612|admin:|client:|dataStream:|priority:0, omNode-2|rpc:localhost:10618|admin:|client:|dataStream:|priority:0], old=null
2021-11-02 20:09:06,901 [grpc-default-executor-1] INFO  segmented.SegmentedRaftLogWorker (SegmentedRaftLogWorker.java:rollLogSegment(399)) - omNode-3@group-523986131536-SegmentedRaftLogWorker: Rolling segment log-11_12 to index:12
2021-11-02 20:09:06,902 [omNode-3@group-523986131536-SegmentedRaftLogWorker] INFO  segmented.SegmentedRaftLogWorker (SegmentedRaftLogWorker.java:execute(558)) - omNode-3@group-523986131536-SegmentedRaftLogWorker: Rolled log segment from /home/runner/work/ozone/ozone/hadoop-ozone/integration-test/target/test-dir/MiniOzoneClusterImpl-76263e8f-62ab-412a-8766-4a189fbce95f/omNode-3/ratis/c9bc4cf4-3bc3-3c60-a66b-523986131536/current/log_inprogress_11 to /home/runner/work/ozone/ozone/hadoop-ozone/integration-test/target/test-dir/MiniOzoneClusterImpl-76263e8f-62ab-412a-8766-4a189fbce95f/omNode-3/ratis/c9bc4cf4-3bc3-3c60-a66b-523986131536/current/log_11-12
2021-11-02 20:09:06,911 [omNode-3@group-523986131536-SegmentedRaftLogWorker] INFO  segmented.SegmentedRaftLogWorker (SegmentedRaftLogWorker.java:execute(601)) - omNode-3@group-523986131536-SegmentedRaftLogWorker: created new log segment /home/runner/work/ozone/ozone/hadoop-ozone/integration-test/target/test-dir/MiniOzoneClusterImpl-76263e8f-62ab-412a-8766-4a189fbce95f/omNode-3/ratis/c9bc4cf4-3bc3-3c60-a66b-523986131536/current/log_inprogress_13
2021-11-02 20:09:06,915 [omNode-2@group-523986131536->omNode-1-GrpcLogAppender-LogAppenderDaemon] INFO  server.GrpcLogAppender (GrpcLogAppender.java:installSnapshot(550)) - omNode-2@group-523986131536->omNode-1-GrpcLogAppender: followerNextIndex = 0 but logStartIndex = 11, notify follower to install snapshot-(t:3, i:11)
2021-11-02 20:09:06,929 [omNode-2@group-523986131536->omNode-1-GrpcLogAppender-LogAppenderDaemon] INFO  server.GrpcLogAppender (GrpcLogAppender.java:installSnapshot(558)) - omNode-2@group-523986131536->omNode-1-GrpcLogAppender: send omNode-2->omNode-1#0-t4,notify:(t:3, i:11)
2021-11-02 20:09:06,933 [omNode-2@group-523986131536-StateMachineUpdater] INFO  ratis.OzoneManagerStateMachine (OzoneManagerStateMachine.java:notifyConfigurationChanged(188)) - Received Configuration change notification from Ratis. New Peer list:
[id: "omNode-3"
address: "localhost:10624"
, id: "omNode-1"
address: "localhost:10612"
, id: "omNode-2"
address: "localhost:10618"
]
2021-11-02 20:09:06,944 [omNode-3@group-523986131536-StateMachineUpdater] INFO  ratis.OzoneManagerStateMachine (OzoneManagerStateMachine.java:notifyConfigurationChanged(188)) - Received Configuration change notification from Ratis. New Peer list:
[id: "omNode-3"
address: "localhost:10624"
, id: "omNode-1"
address: "localhost:10612"
, id: "omNode-2"
address: "localhost:10618"
]
2021-11-02 20:09:06,950 [grpc-default-executor-4] INFO  server.RaftServer$Division (RaftServerImpl.java:installSnapshot(1332)) - omNode-1@group-523986131536: receive installSnapshot: omNode-2->omNode-1#0-t4,notify:(t:3, i:11)
2021-11-02 20:09:06,950 [grpc-default-executor-4] INFO  server.RaftServer$Division (RaftServerImpl.java:notifyStateMachineToInstallSnapshot(1551)) - omNode-1@group-523986131536: Received notification to install snapshot at index 11
2021-11-02 20:09:06,950 [grpc-default-executor-4] INFO  server.RaftServer$Division (RaftServerImpl.java:notifyStateMachineToInstallSnapshot(1559)) - omNode-1@group-523986131536: InstallSnapshot notification result: ALREADY_INSTALLED, current snapshot index: 10
2021-11-02 20:09:06,950 [grpc-default-executor-4] INFO  server.RaftServer$Division (RaftServerImpl.java:installSnapshotImpl(1462)) - omNode-1@group-523986131536: set new configuration index: 13
configurationEntry {
  peers {
    id: "omNode-3"
    address: "localhost:10624"
  }
  peers {
    id: "omNode-1"
    address: "localhost:10612"
  }
  peers {
    id: "omNode-2"
    address: "localhost:10618"
  }
}
 from snapshot
2021-11-02 20:09:06,952 [grpc-default-executor-4] INFO  server.RaftServer$Division (ServerState.java:setRaftConf(387)) - omNode-1@group-523986131536: set configuration 13: [omNode-3|rpc:localhost:10624|admin:|client:|dataStream:|priority:0, omNode-1|rpc:localhost:10612|admin:|client:|dataStream:|priority:0, omNode-2|rpc:localhost:10618|admin:|client:|dataStream:|priority:0], old=null
2021-11-02 20:09:06,952 [grpc-default-executor-4] INFO  ratis.OzoneManagerStateMachine (OzoneManagerStateMachine.java:notifyConfigurationChanged(188)) - Received Configuration change notification from Ratis. New Peer list:
[id: "omNode-3"
address: "localhost:10624"
, id: "omNode-1"
address: "localhost:10612"
, id: "omNode-2"
address: "localhost:10618"
]
2021-11-02 20:09:06,952 [grpc-default-executor-4] INFO  server.RaftServer$Division (RaftServerImpl.java:installSnapshot(1343)) - omNode-1@group-523986131536: reply installSnapshot: omNode-2<-omNode-1#0:FAIL-t4,ALREADY_INSTALLED,snapshotIndex=10
2021-11-02 20:09:06,953 [grpc-default-executor-4] INFO  server.GrpcServerProtocolService (GrpcServerProtocolService.java:onCompleted(140)) - omNode-1: Completed INSTALL_SNAPSHOT, lastRequest: omNode-2->omNode-1#0-t4,notify:(t:3, i:11)
2021-11-02 20:09:06,954 [grpc-default-executor-1] INFO  server.GrpcLogAppender (GrpcLogAppender.java:onNext(410)) - omNode-2@group-523986131536->omNode-1-InstallSnapshotResponseHandler: received the first reply omNode-2<-omNode-1#0:FAIL-t4,ALREADY_INSTALLED,snapshotIndex=10
2021-11-02 20:09:06,954 [grpc-default-executor-1] INFO  server.GrpcLogAppender (GrpcLogAppender.java:onNext(433)) - omNode-2@group-523986131536->omNode-1-InstallSnapshotResponseHandler: Follower snapshot is already at index 10.
2021-11-02 20:09:06,954 [grpc-default-executor-1] INFO  leader.FollowerInfo (FollowerInfoImpl.java:lambda$new$0(47)) - omNode-2@group-523986131536->omNode-1: snapshotIndex: setUnconditionally 0 -> 10
2021-11-02 20:09:06,954 [grpc-default-executor-1] INFO  leader.FollowerInfo (FollowerInfoImpl.java:lambda$new$0(47)) - omNode-2@group-523986131536->omNode-1: matchIndex: setUnconditionally 0 -> 10
2021-11-02 20:09:06,954 [grpc-default-executor-1] INFO  leader.FollowerInfo (FollowerInfoImpl.java:lambda$new$0(47)) - omNode-2@group-523986131536->omNode-1: nextIndex: setUnconditionally 0 -> 11
2021-11-02 20:09:06,954 [grpc-default-executor-1] INFO  leader.FollowerInfo (FollowerInfoImpl.java:setAttemptedToInstallSnapshot(116)) - Follower omNode-2@group-523986131536->omNode-1 acknowledged installing snapshot
2021-11-02 20:09:06,954 [grpc-default-executor-1] INFO  leader.FollowerInfo (FollowerInfoImpl.java:lambda$new$0(47)) - omNode-2@group-523986131536->omNode-1: nextIndex: updateToMax old=11, new=11, updated? false
2021-11-02 20:09:07,463 [grpc-default-executor-1] INFO  server.RaftServer$Division (RaftServerImpl.java:checkInconsistentAppendEntries(1322)) - omNode-1@group-523986131536: Failed appendEntries as previous log entry ((t:4, i:14)) is not found
2021-11-02 20:09:07,463 [grpc-default-executor-1] INFO  server.RaftServer$Division (RaftServerImpl.java:checkInconsistentAppendEntries(1288)) - omNode-1@group-523986131536: inconsistency entries. Reply:omNode-2<-omNode-1#52:FAIL-t4,INCONSISTENCY,nextIndex=11,followerCommit=10
2021-11-02 20:09:07,464 [grpc-default-executor-1] INFO  leader.FollowerInfo (FollowerInfoImpl.java:lambda$new$0(47)) - omNode-2@group-523986131536->omNode-1: nextIndex: updateUnconditionally 15 -> 11
2021-11-02 20:09:07,730 [Time-limited test] INFO  retry.RetryInvocationHandler (RetryInvocationHandler.java:log(411)) - com.google.protobuf.ServiceException: org.apache.hadoop.ipc.RemoteException(org.apache.hadoop.ozone.om.exceptions.OMNotLeaderException): OM:omNode-1 is not the leader. Could not determine the leader node.
	at org.apache.hadoop.ozone.om.ratis.utils.OzoneManagerRatisUtils.createNotLeaderException(OzoneManagerRatisUtils.java:465)
	at org.apache.hadoop.ozone.om.ratis.utils.OzoneManagerRatisUtils.checkLeaderStatus(OzoneManagerRatisUtils.java:451)
	at org.apache.hadoop.ozone.protocolPB.OzoneManagerProtocolServerSideTranslatorPB.checkLeaderStatus(OzoneManagerProtocolServerSideTranslatorPB.java:279)
	at org.apache.hadoop.ozone.protocolPB.OzoneManagerProtocolServerSideTranslatorPB.processRequest(OzoneManagerProtocolServerSideTranslatorPB.java:158)
	at org.apache.hadoop.hdds.server.OzoneProtocolMessageDispatcher.processRequest(OzoneProtocolMessageDispatcher.java:87)
	at org.apache.hadoop.ozone.protocolPB.OzoneManagerProtocolServerSideTranslatorPB.submitRequest(OzoneManagerProtocolServerSideTranslatorPB.java:124)
	at org.apache.hadoop.ozone.protocol.proto.OzoneManagerProtocolProtos$OzoneManagerService$2.callBlockingMethod(OzoneManagerProtocolProtos.java)
	at org.apache.hadoop.ipc.ProtobufRpcEngine$Server.processCall(ProtobufRpcEngine.java:466)
	at org.apache.hadoop.ipc.ProtobufRpcEngine2$Server$ProtoBufRpcInvoker.call(ProtobufRpcEngine2.java:574)
	at org.apache.hadoop.ipc.ProtobufRpcEngine2$Server$ProtoBufRpcInvoker.call(ProtobufRpcEngine2.java:552)
	at org.apache.hadoop.ipc.RPC$Server.call(RPC.java:1093)
	at org.apache.hadoop.ipc.Server$RpcCall.run(Server.java:1035)
	at org.apache.hadoop.ipc.Server$RpcCall.run(Server.java:963)
	at java.security.AccessController.doPrivileged(Native Method)
	at javax.security.auth.Subject.doAs(Subject.java:422)
	at org.apache.hadoop.security.UserGroupInformation.doAs(UserGroupInformation.java:1878)
	at org.apache.hadoop.ipc.Server$Handler.run(Server.java:2966)
, while invoking $Proxy52.submitRequest over nodeId=omNode-1,nodeAddress=127.0.0.1:10608 after 3 failover attempts. Trying to failover immediately.
2021-11-02 20:09:07,734 [grpc-default-executor-1] INFO  server.RaftServer$Division (RaftServerImpl.java:checkInconsistentAppendEntries(1322)) - omNode-1@group-523986131536: Failed appendEntries as previous log entry ((t:4, i:14)) is not found
2021-11-02 20:09:07,734 [grpc-default-executor-1] INFO  server.RaftServer$Division (RaftServerImpl.java:checkInconsistentAppendEntries(1288)) - omNode-1@group-523986131536: inconsistency entries. Reply:omNode-2<-omNode-1#80:FAIL-t4,INCONSISTENCY,nextIndex=11,followerCommit=10
2021-11-02 20:09:07,742 [grpc-default-executor-4] INFO  server.RaftServer$Division (RaftServerImpl.java:checkInconsistentAppendEntries(1322)) - omNode-1@group-523986131536: Failed appendEntries as previous log entry ((t:4, i:15)) is not found
2021-11-02 20:09:07,753 [grpc-default-executor-4] INFO  server.RaftServer$Division (RaftServerImpl.java:checkInconsistentAppendEntries(1288)) - omNode-1@group-523986131536: inconsistency entries. Reply:omNode-2<-omNode-1#81:FAIL-t4,INCONSISTENCY,nextIndex=11,followerCommit=10
2021-11-02 20:09:07,743 [OM StateMachine ApplyTransaction Thread - 0] INFO  upgrade.OMCancelPrepareRequest (OMCancelPrepareRequest.java:validateAndUpdateCache(55)) - OM omNode-2 Received cancel prepare request with log index 15
2021-11-02 20:09:07,753 [OM StateMachine ApplyTransaction Thread - 0] INFO  om.OzoneManagerPrepareState (OzoneManagerPrepareState.java:deletePrepareMarkerFile(271)) - Deleted prepare marker file: /home/runner/work/ozone/ozone/hadoop-ozone/integration-test/target/test-dir/MiniOzoneClusterImpl-76263e8f-62ab-412a-8766-4a189fbce95f/omNode-2/current/prepareMarker
2021-11-02 20:09:07,753 [OM StateMachine ApplyTransaction Thread - 0] INFO  upgrade.OMCancelPrepareRequest (OMCancelPrepareRequest.java:validateAndUpdateCache(84)) - OM omNode-2 prepare state cancelled at log index 15. Returning response 
2021-11-02 20:09:07,755 [OM StateMachine ApplyTransaction Thread - 0] INFO  upgrade.OMCancelPrepareRequest (OMCancelPrepareRequest.java:validateAndUpdateCache(55)) - OM omNode-3 Received cancel prepare request with log index 15
2021-11-02 20:09:07,762 [OM StateMachine ApplyTransaction Thread - 0] INFO  om.OzoneManagerPrepareState (OzoneManagerPrepareState.java:deletePrepareMarkerFile(271)) - Deleted prepare marker file: /home/runner/work/ozone/ozone/hadoop-ozone/integration-test/target/test-dir/MiniOzoneClusterImpl-76263e8f-62ab-412a-8766-4a189fbce95f/omNode-3/current/prepareMarker
2021-11-02 20:09:07,762 [OM StateMachine ApplyTransaction Thread - 0] INFO  upgrade.OMCancelPrepareRequest (OMCancelPrepareRequest.java:validateAndUpdateCache(84)) - OM omNode-3 prepare state cancelled at log index 15. Returning response 
2021-11-02 20:09:08,243 [grpc-default-executor-4] INFO  server.RaftServer$Division (RaftServerImpl.java:checkInconsistentAppendEntries(1322)) - omNode-1@group-523986131536: Failed appendEntries as previous log entry ((t:4, i:16)) is not found
2021-11-02 20:09:08,244 [grpc-default-executor-4] INFO  server.RaftServer$Division (RaftServerImpl.java:checkInconsistentAppendEntries(1288)) - omNode-1@group-523986131536: inconsistency entries. Reply:omNode-2<-omNode-1#131:FAIL-t4,INCONSISTENCY,nextIndex=11,followerCommit=10
2021-11-02 20:09:08,245 [grpc-default-executor-4] INFO  leader.FollowerInfo (FollowerInfoImpl.java:lambda$new$0(47)) - omNode-2@group-523986131536->omNode-1: nextIndex: updateUnconditionally 17 -> 11
2021-11-02 20:09:08,698 [8beef4f3-0fbd-4019-b5e6-bba09cd08c94@group-6F4CF07A18B4-FollowerState] INFO  impl.FollowerState (FollowerState.java:run(134)) - 8beef4f3-0fbd-4019-b5e6-bba09cd08c94@group-6F4CF07A18B4-FollowerState: change to CANDIDATE, lastRpcElapsedTime:5047008728ns, electionTimeout:5025ms
2021-11-02 20:09:08,699 [8beef4f3-0fbd-4019-b5e6-bba09cd08c94@group-6F4CF07A18B4-FollowerState] INFO  impl.RoleInfo (RoleInfo.java:shutdownFollowerState(108)) - 8beef4f3-0fbd-4019-b5e6-bba09cd08c94: shutdown 8beef4f3-0fbd-4019-b5e6-bba09cd08c94@group-6F4CF07A18B4-FollowerState
2021-11-02 20:09:08,699 [8beef4f3-0fbd-4019-b5e6-bba09cd08c94@group-6F4CF07A18B4-FollowerState] INFO  server.RaftServer$Division (RaftServerImpl.java:setRole(290)) - 8beef4f3-0fbd-4019-b5e6-bba09cd08c94@group-6F4CF07A18B4: changes role from  FOLLOWER to CANDIDATE at term 3 for changeToCandidate
2021-11-02 20:09:08,699 [8beef4f3-0fbd-4019-b5e6-bba09cd08c94@group-6F4CF07A18B4-FollowerState] INFO  server.RaftServerConfigKeys (ConfUtils.java:logGet(44)) - raft.server.leaderelection.pre-vote = false (custom)
2021-11-02 20:09:08,699 [8beef4f3-0fbd-4019-b5e6-bba09cd08c94@group-6F4CF07A18B4-FollowerState] INFO  impl.RoleInfo (RoleInfo.java:updateAndGet(130)) - 8beef4f3-0fbd-4019-b5e6-bba09cd08c94: start 8beef4f3-0fbd-4019-b5e6-bba09cd08c94@group-6F4CF07A18B4-LeaderElection16
2021-11-02 20:09:08,711 [8be7216b-e793-4943-b762-e8d5e6b4b962@group-6F4CF07A18B4-FollowerState] INFO  impl.FollowerState (FollowerState.java:run(134)) - 8be7216b-e793-4943-b762-e8d5e6b4b962@group-6F4CF07A18B4-FollowerState: change to CANDIDATE, lastRpcElapsedTime:5071558087ns, electionTimeout:5050ms
2021-11-02 20:09:08,711 [8be7216b-e793-4943-b762-e8d5e6b4b962@group-6F4CF07A18B4-FollowerState] INFO  impl.RoleInfo (RoleInfo.java:shutdownFollowerState(108)) - 8be7216b-e793-4943-b762-e8d5e6b4b962: shutdown 8be7216b-e793-4943-b762-e8d5e6b4b962@group-6F4CF07A18B4-FollowerState
2021-11-02 20:09:08,712 [8be7216b-e793-4943-b762-e8d5e6b4b962@group-6F4CF07A18B4-FollowerState] INFO  server.RaftServer$Division (RaftServerImpl.java:setRole(290)) - 8be7216b-e793-4943-b762-e8d5e6b4b962@group-6F4CF07A18B4: changes role from  FOLLOWER to CANDIDATE at term 3 for changeToCandidate
2021-11-02 20:09:08,712 [8be7216b-e793-4943-b762-e8d5e6b4b962@group-6F4CF07A18B4-FollowerState] INFO  server.RaftServerConfigKeys (ConfUtils.java:logGet(44)) - raft.server.leaderelection.pre-vote = false (custom)
2021-11-02 20:09:08,712 [8be7216b-e793-4943-b762-e8d5e6b4b962@group-6F4CF07A18B4-FollowerState] INFO  impl.RoleInfo (RoleInfo.java:updateAndGet(130)) - 8be7216b-e793-4943-b762-e8d5e6b4b962: start 8be7216b-e793-4943-b762-e8d5e6b4b962@group-6F4CF07A18B4-LeaderElection17
2021-11-02 20:09:08,720 [8beef4f3-0fbd-4019-b5e6-bba09cd08c94@group-6F4CF07A18B4-LeaderElection16] INFO  impl.LeaderElection (LeaderElection.java:askForVotes(306)) - 8beef4f3-0fbd-4019-b5e6-bba09cd08c94@group-6F4CF07A18B4-LeaderElection16 ELECTION round 0: submit vote requests at term 4 for -1: [8beef4f3-0fbd-4019-b5e6-bba09cd08c94|rpc:10.1.0.43:38223|dataStream:|priority:1, 6d11dc31-4e47-4309-a917-8638e8d3619f|rpc:10.1.0.43:41415|dataStream:|priority:0, 8be7216b-e793-4943-b762-e8d5e6b4b962|rpc:10.1.0.43:37879|dataStream:|priority:0], old=null
2021-11-02 20:09:08,721 [6d11dc31-4e47-4309-a917-8638e8d3619f@group-6F4CF07A18B4-FollowerState] INFO  impl.FollowerState (FollowerState.java:run(134)) - 6d11dc31-4e47-4309-a917-8638e8d3619f@group-6F4CF07A18B4-FollowerState: change to CANDIDATE, lastRpcElapsedTime:5057182552ns, electionTimeout:5050ms
2021-11-02 20:09:08,721 [6d11dc31-4e47-4309-a917-8638e8d3619f@group-6F4CF07A18B4-FollowerState] INFO  impl.RoleInfo (RoleInfo.java:shutdownFollowerState(108)) - 6d11dc31-4e47-4309-a917-8638e8d3619f: shutdown 6d11dc31-4e47-4309-a917-8638e8d3619f@group-6F4CF07A18B4-FollowerState
2021-11-02 20:09:08,721 [6d11dc31-4e47-4309-a917-8638e8d3619f@group-6F4CF07A18B4-FollowerState] INFO  server.RaftServer$Division (RaftServerImpl.java:setRole(290)) - 6d11dc31-4e47-4309-a917-8638e8d3619f@group-6F4CF07A18B4: changes role from  FOLLOWER to CANDIDATE at term 3 for changeToCandidate
2021-11-02 20:09:08,724 [8be7216b-e793-4943-b762-e8d5e6b4b962@group-6F4CF07A18B4-LeaderElection17] INFO  impl.LeaderElection (LeaderElection.java:askForVotes(306)) - 8be7216b-e793-4943-b762-e8d5e6b4b962@group-6F4CF07A18B4-LeaderElection17 ELECTION round 0: submit vote requests at term 4 for -1: [8beef4f3-0fbd-4019-b5e6-bba09cd08c94|rpc:10.1.0.43:38223|dataStream:|priority:1, 6d11dc31-4e47-4309-a917-8638e8d3619f|rpc:10.1.0.43:41415|dataStream:|priority:0, 8be7216b-e793-4943-b762-e8d5e6b4b962|rpc:10.1.0.43:37879|dataStream:|priority:0], old=null
2021-11-02 20:09:08,747 [grpc-default-executor-0] INFO  server.RaftServer$Division (RaftServerImpl.java:checkInconsistentAppendEntries(1322)) - omNode-1@group-523986131536: Failed appendEntries as previous log entry ((t:4, i:16)) is not found
2021-11-02 20:09:08,740 [6d11dc31-4e47-4309-a917-8638e8d3619f@group-6F4CF07A18B4-FollowerState] INFO  server.RaftServerConfigKeys (ConfUtils.java:logGet(44)) - raft.server.leaderelection.pre-vote = false (custom)
2021-11-02 20:09:08,763 [6d11dc31-4e47-4309-a917-8638e8d3619f@group-6F4CF07A18B4-FollowerState] INFO  impl.RoleInfo (RoleInfo.java:updateAndGet(130)) - 6d11dc31-4e47-4309-a917-8638e8d3619f: start 6d11dc31-4e47-4309-a917-8638e8d3619f@group-6F4CF07A18B4-LeaderElection18
2021-11-02 20:09:08,748 [grpc-default-executor-0] INFO  server.RaftServer$Division (RaftServerImpl.java:checkInconsistentAppendEntries(1288)) - omNode-1@group-523986131536: inconsistency entries. Reply:omNode-2<-omNode-1#180:FAIL-t4,INCONSISTENCY,nextIndex=11,followerCommit=10
2021-11-02 20:09:08,764 [grpc-default-executor-2] INFO  server.RaftServer$Division (RaftServerImpl.java:requestVote(1046)) - 8beef4f3-0fbd-4019-b5e6-bba09cd08c94@group-6F4CF07A18B4: receive requestVote(ELECTION, 8be7216b-e793-4943-b762-e8d5e6b4b962, group-6F4CF07A18B4, 4, (t:0, i:0))
2021-11-02 20:09:08,764 [grpc-default-executor-2] INFO  impl.VoteContext (VoteContext.java:log(48)) - 8beef4f3-0fbd-4019-b5e6-bba09cd08c94@group-6F4CF07A18B4-CANDIDATE: reject ELECTION from 8be7216b-e793-4943-b762-e8d5e6b4b962: already has voted for 8beef4f3-0fbd-4019-b5e6-bba09cd08c94 at current term 4
2021-11-02 20:09:08,764 [grpc-default-executor-2] INFO  server.RaftServer$Division (RaftServerImpl.java:requestVote(1078)) - 8beef4f3-0fbd-4019-b5e6-bba09cd08c94@group-6F4CF07A18B4 replies to ELECTION vote request: 8be7216b-e793-4943-b762-e8d5e6b4b962<-8beef4f3-0fbd-4019-b5e6-bba09cd08c94#0:FAIL-t4. Peer's state: 8beef4f3-0fbd-4019-b5e6-bba09cd08c94@group-6F4CF07A18B4:t4, leader=null, voted=8beef4f3-0fbd-4019-b5e6-bba09cd08c94, raftlog=8beef4f3-0fbd-4019-b5e6-bba09cd08c94@group-6F4CF07A18B4-SegmentedRaftLog:OPENED:c-1, conf=-1: [8beef4f3-0fbd-4019-b5e6-bba09cd08c94|rpc:10.1.0.43:38223|dataStream:|priority:1, 6d11dc31-4e47-4309-a917-8638e8d3619f|rpc:10.1.0.43:41415|dataStream:|priority:0, 8be7216b-e793-4943-b762-e8d5e6b4b962|rpc:10.1.0.43:37879|dataStream:|priority:0], old=null
2021-11-02 20:09:08,764 [grpc-default-executor-1] INFO  server.RaftServer$Division (RaftServerImpl.java:requestVote(1046)) - 6d11dc31-4e47-4309-a917-8638e8d3619f@group-6F4CF07A18B4: receive requestVote(ELECTION, 8beef4f3-0fbd-4019-b5e6-bba09cd08c94, group-6F4CF07A18B4, 4, (t:0, i:0))
2021-11-02 20:09:08,764 [grpc-default-executor-4] INFO  server.RaftServer$Division (RaftServerImpl.java:requestVote(1046)) - 8be7216b-e793-4943-b762-e8d5e6b4b962@group-6F4CF07A18B4: receive requestVote(ELECTION, 8beef4f3-0fbd-4019-b5e6-bba09cd08c94, group-6F4CF07A18B4, 4, (t:0, i:0))
2021-11-02 20:09:08,775 [grpc-default-executor-4] INFO  impl.VoteContext (VoteContext.java:log(48)) - 8be7216b-e793-4943-b762-e8d5e6b4b962@group-6F4CF07A18B4-CANDIDATE: reject ELECTION from 8beef4f3-0fbd-4019-b5e6-bba09cd08c94: already has voted for 8be7216b-e793-4943-b762-e8d5e6b4b962 at current term 4
2021-11-02 20:09:08,775 [grpc-default-executor-4] INFO  server.RaftServer$Division (RaftServerImpl.java:requestVote(1078)) - 8be7216b-e793-4943-b762-e8d5e6b4b962@group-6F4CF07A18B4 replies to ELECTION vote request: 8beef4f3-0fbd-4019-b5e6-bba09cd08c94<-8be7216b-e793-4943-b762-e8d5e6b4b962#0:FAIL-t4. Peer's state: 8be7216b-e793-4943-b762-e8d5e6b4b962@group-6F4CF07A18B4:t4, leader=null, voted=8be7216b-e793-4943-b762-e8d5e6b4b962, raftlog=8be7216b-e793-4943-b762-e8d5e6b4b962@group-6F4CF07A18B4-SegmentedRaftLog:OPENED:c-1, conf=-1: [8beef4f3-0fbd-4019-b5e6-bba09cd08c94|rpc:10.1.0.43:38223|dataStream:|priority:1, 6d11dc31-4e47-4309-a917-8638e8d3619f|rpc:10.1.0.43:41415|dataStream:|priority:0, 8be7216b-e793-4943-b762-e8d5e6b4b962|rpc:10.1.0.43:37879|dataStream:|priority:0], old=null
2021-11-02 20:09:08,774 [grpc-default-executor-3] INFO  server.RaftServer$Division (RaftServerImpl.java:requestVote(1046)) - 6d11dc31-4e47-4309-a917-8638e8d3619f@group-6F4CF07A18B4: receive requestVote(ELECTION, 8be7216b-e793-4943-b762-e8d5e6b4b962, group-6F4CF07A18B4, 4, (t:0, i:0))
2021-11-02 20:09:08,774 [8be7216b-e793-4943-b762-e8d5e6b4b962@group-6F4CF07A18B4-LeaderElection17] INFO  impl.LeaderElection (LeaderElection.java:logAndReturn(89)) - 8be7216b-e793-4943-b762-e8d5e6b4b962@group-6F4CF07A18B4-LeaderElection17: ELECTION REJECTED received 1 response(s) and 0 exception(s):
2021-11-02 20:09:08,788 [8be7216b-e793-4943-b762-e8d5e6b4b962@group-6F4CF07A18B4-LeaderElection17] INFO  impl.LeaderElection (LeaderElection.java:logAndReturn(93)) -   Response 0: 8be7216b-e793-4943-b762-e8d5e6b4b962<-8beef4f3-0fbd-4019-b5e6-bba09cd08c94#0:FAIL-t4
2021-11-02 20:09:08,788 [8be7216b-e793-4943-b762-e8d5e6b4b962@group-6F4CF07A18B4-LeaderElection17] INFO  impl.LeaderElection (LeaderElection.java:askForVotes(308)) - 8be7216b-e793-4943-b762-e8d5e6b4b962@group-6F4CF07A18B4-LeaderElection17 ELECTION round 0: result REJECTED
2021-11-02 20:09:08,788 [8be7216b-e793-4943-b762-e8d5e6b4b962@group-6F4CF07A18B4-LeaderElection17] INFO  server.RaftServer$Division (RaftServerImpl.java:setRole(290)) - 8be7216b-e793-4943-b762-e8d5e6b4b962@group-6F4CF07A18B4: changes role from CANDIDATE to FOLLOWER at term 4 for REJECTED
2021-11-02 20:09:08,788 [8be7216b-e793-4943-b762-e8d5e6b4b962@group-6F4CF07A18B4-LeaderElection17] INFO  impl.RoleInfo (RoleInfo.java:shutdownLeaderElection(121)) - 8be7216b-e793-4943-b762-e8d5e6b4b962: shutdown 8be7216b-e793-4943-b762-e8d5e6b4b962@group-6F4CF07A18B4-LeaderElection17
2021-11-02 20:09:08,788 [8be7216b-e793-4943-b762-e8d5e6b4b962@group-6F4CF07A18B4-LeaderElection17] INFO  impl.RoleInfo (RoleInfo.java:updateAndGet(130)) - 8be7216b-e793-4943-b762-e8d5e6b4b962: start 8be7216b-e793-4943-b762-e8d5e6b4b962@group-6F4CF07A18B4-FollowerState
2021-11-02 20:09:08,764 [grpc-default-executor-0] INFO  leader.FollowerInfo (FollowerInfoImpl.java:lambda$new$0(47)) - omNode-2@group-523986131536->omNode-1: nextIndex: updateUnconditionally 17 -> 11
2021-11-02 20:09:08,778 [grpc-default-executor-3] INFO  impl.VoteContext (VoteContext.java:log(48)) - 6d11dc31-4e47-4309-a917-8638e8d3619f@group-6F4CF07A18B4-CANDIDATE: accept ELECTION from 8be7216b-e793-4943-b762-e8d5e6b4b962: our priority 0 <= candidate's priority 0
2021-11-02 20:09:08,789 [grpc-default-executor-3] INFO  server.RaftServer$Division (RaftServerImpl.java:setRole(290)) - 6d11dc31-4e47-4309-a917-8638e8d3619f@group-6F4CF07A18B4: changes role from CANDIDATE to FOLLOWER at term 4 for candidate:8be7216b-e793-4943-b762-e8d5e6b4b962
2021-11-02 20:09:08,789 [grpc-default-executor-3] INFO  impl.RoleInfo (RoleInfo.java:shutdownLeaderElection(121)) - 6d11dc31-4e47-4309-a917-8638e8d3619f: shutdown 6d11dc31-4e47-4309-a917-8638e8d3619f@group-6F4CF07A18B4-LeaderElection18
2021-11-02 20:09:08,790 [grpc-default-executor-3] INFO  impl.RoleInfo (RoleInfo.java:updateAndGet(130)) - 6d11dc31-4e47-4309-a917-8638e8d3619f: start 6d11dc31-4e47-4309-a917-8638e8d3619f@group-6F4CF07A18B4-FollowerState
2021-11-02 20:09:08,792 [grpc-default-executor-3] INFO  server.RaftServer$Division (RaftServerImpl.java:requestVote(1078)) - 6d11dc31-4e47-4309-a917-8638e8d3619f@group-6F4CF07A18B4 replies to ELECTION vote request: 8be7216b-e793-4943-b762-e8d5e6b4b962<-6d11dc31-4e47-4309-a917-8638e8d3619f#0:OK-t4. Peer's state: 6d11dc31-4e47-4309-a917-8638e8d3619f@group-6F4CF07A18B4:t4, leader=null, voted=8be7216b-e793-4943-b762-e8d5e6b4b962, raftlog=6d11dc31-4e47-4309-a917-8638e8d3619f@group-6F4CF07A18B4-SegmentedRaftLog:OPENED:c-1, conf=-1: [8beef4f3-0fbd-4019-b5e6-bba09cd08c94|rpc:10.1.0.43:38223|priority:1, 6d11dc31-4e47-4309-a917-8638e8d3619f|rpc:10.1.0.43:41415|priority:0, 8be7216b-e793-4943-b762-e8d5e6b4b962|rpc:10.1.0.43:37879|priority:0], old=null
2021-11-02 20:09:08,792 [grpc-default-executor-1] INFO  impl.VoteContext (VoteContext.java:log(48)) - 6d11dc31-4e47-4309-a917-8638e8d3619f@group-6F4CF07A18B4-FOLLOWER: reject ELECTION from 8beef4f3-0fbd-4019-b5e6-bba09cd08c94: already has voted for 8be7216b-e793-4943-b762-e8d5e6b4b962 at current term 4
2021-11-02 20:09:08,792 [grpc-default-executor-1] INFO  server.RaftServer$Division (RaftServerImpl.java:requestVote(1078)) - 6d11dc31-4e47-4309-a917-8638e8d3619f@group-6F4CF07A18B4 replies to ELECTION vote request: 8beef4f3-0fbd-4019-b5e6-bba09cd08c94<-6d11dc31-4e47-4309-a917-8638e8d3619f#0:FAIL-t4. Peer's state: 6d11dc31-4e47-4309-a917-8638e8d3619f@group-6F4CF07A18B4:t4, leader=null, voted=8be7216b-e793-4943-b762-e8d5e6b4b962, raftlog=6d11dc31-4e47-4309-a917-8638e8d3619f@group-6F4CF07A18B4-SegmentedRaftLog:OPENED:c-1, conf=-1: [8beef4f3-0fbd-4019-b5e6-bba09cd08c94|rpc:10.1.0.43:38223|priority:1, 6d11dc31-4e47-4309-a917-8638e8d3619f|rpc:10.1.0.43:41415|priority:0, 8be7216b-e793-4943-b762-e8d5e6b4b962|rpc:10.1.0.43:37879|priority:0], old=null
2021-11-02 20:09:08,802 [8beef4f3-0fbd-4019-b5e6-bba09cd08c94@group-6F4CF07A18B4-LeaderElection16] INFO  impl.LeaderElection (LeaderElection.java:logAndReturn(89)) - 8beef4f3-0fbd-4019-b5e6-bba09cd08c94@group-6F4CF07A18B4-LeaderElection16: ELECTION REJECTED received 2 response(s) and 0 exception(s):
2021-11-02 20:09:08,804 [8beef4f3-0fbd-4019-b5e6-bba09cd08c94@group-6F4CF07A18B4-LeaderElection16] INFO  impl.LeaderElection (LeaderElection.java:logAndReturn(93)) -   Response 0: 8beef4f3-0fbd-4019-b5e6-bba09cd08c94<-6d11dc31-4e47-4309-a917-8638e8d3619f#0:FAIL-t4
2021-11-02 20:09:08,804 [8beef4f3-0fbd-4019-b5e6-bba09cd08c94@group-6F4CF07A18B4-LeaderElection16] INFO  impl.LeaderElection (LeaderElection.java:logAndReturn(93)) -   Response 1: 8beef4f3-0fbd-4019-b5e6-bba09cd08c94<-8be7216b-e793-4943-b762-e8d5e6b4b962#0:FAIL-t4
2021-11-02 20:09:08,804 [8beef4f3-0fbd-4019-b5e6-bba09cd08c94@group-6F4CF07A18B4-LeaderElection16] INFO  impl.LeaderElection (LeaderElection.java:askForVotes(308)) - 8beef4f3-0fbd-4019-b5e6-bba09cd08c94@group-6F4CF07A18B4-LeaderElection16 ELECTION round 0: result REJECTED
2021-11-02 20:09:08,804 [8beef4f3-0fbd-4019-b5e6-bba09cd08c94@group-6F4CF07A18B4-LeaderElection16] INFO  server.RaftServer$Division (RaftServerImpl.java:setRole(290)) - 8beef4f3-0fbd-4019-b5e6-bba09cd08c94@group-6F4CF07A18B4: changes role from CANDIDATE to FOLLOWER at term 4 for REJECTED
2021-11-02 20:09:08,804 [8beef4f3-0fbd-4019-b5e6-bba09cd08c94@group-6F4CF07A18B4-LeaderElection16] INFO  impl.RoleInfo (RoleInfo.java:shutdownLeaderElection(121)) - 8beef4f3-0fbd-4019-b5e6-bba09cd08c94: shutdown 8beef4f3-0fbd-4019-b5e6-bba09cd08c94@group-6F4CF07A18B4-LeaderElection16
2021-11-02 20:09:08,804 [8beef4f3-0fbd-4019-b5e6-bba09cd08c94@group-6F4CF07A18B4-LeaderElection16] INFO  impl.RoleInfo (RoleInfo.java:updateAndGet(130)) - 8beef4f3-0fbd-4019-b5e6-bba09cd08c94: start 8beef4f3-0fbd-4019-b5e6-bba09cd08c94@group-6F4CF07A18B4-FollowerState
2021-11-02 20:09:09,295 [grpc-default-executor-3] INFO  server.RaftServer$Division (RaftServerImpl.java:checkInconsistentAppendEntries(1322)) - omNode-1@group-523986131536: Failed appendEntries as previous log entry ((t:4, i:16)) is not found
2021-11-02 20:09:09,304 [grpc-default-executor-3] INFO  server.RaftServer$Division (RaftServerImpl.java:checkInconsistentAppendEntries(1288)) - omNode-1@group-523986131536: inconsistency entries. Reply:omNode-2<-omNode-1#232:FAIL-t4,INCONSISTENCY,nextIndex=11,followerCommit=10
2021-11-02 20:09:09,305 [grpc-default-executor-3] INFO  leader.FollowerInfo (FollowerInfoImpl.java:lambda$new$0(47)) - omNode-2@group-523986131536->omNode-1: nextIndex: updateUnconditionally 17 -> 11
2021-11-02 20:09:09,807 [grpc-default-executor-3] INFO  server.RaftServer$Division (RaftServerImpl.java:checkInconsistentAppendEntries(1322)) - omNode-1@group-523986131536: Failed appendEntries as previous log entry ((t:4, i:16)) is not found
2021-11-02 20:09:09,808 [grpc-default-executor-3] INFO  server.RaftServer$Division (RaftServerImpl.java:checkInconsistentAppendEntries(1288)) - omNode-1@group-523986131536: inconsistency entries. Reply:omNode-2<-omNode-1#284:FAIL-t4,INCONSISTENCY,nextIndex=11,followerCommit=10
2021-11-02 20:09:09,808 [grpc-default-executor-1] INFO  leader.FollowerInfo (FollowerInfoImpl.java:lambda$new$0(47)) - omNode-2@group-523986131536->omNode-1: nextIndex: updateUnconditionally 17 -> 11
2021-11-02 20:09:10,311 [grpc-default-executor-3] INFO  server.RaftServer$Division (RaftServerImpl.java:checkInconsistentAppendEntries(1322)) - omNode-1@group-523986131536: Failed appendEntries as previous log entry ((t:4, i:16)) is not found
2021-11-02 20:09:10,311 [grpc-default-executor-3] INFO  server.RaftServer$Division (RaftServerImpl.java:checkInconsistentAppendEntries(1288)) - omNode-1@group-523986131536: inconsistency entries. Reply:omNode-2<-omNode-1#335:FAIL-t4,INCONSISTENCY,nextIndex=11,followerCommit=10
2021-11-02 20:09:10,312 [grpc-default-executor-3] INFO  leader.FollowerInfo (FollowerInfoImpl.java:lambda$new$0(47)) - omNode-2@group-523986131536->omNode-1: nextIndex: updateUnconditionally 17 -> 11
2021-11-02 20:09:10,814 [grpc-default-executor-1] INFO  server.RaftServer$Division (RaftServerImpl.java:checkInconsistentAppendEntries(1322)) - omNode-1@group-523986131536: Failed appendEntries as previous log entry ((t:4, i:16)) is not found
2021-11-02 20:09:10,814 [grpc-default-executor-1] INFO  server.RaftServer$Division (RaftServerImpl.java:checkInconsistentAppendEntries(1288)) - omNode-1@group-523986131536: inconsistency entries. Reply:omNode-2<-omNode-1#386:FAIL-t4,INCONSISTENCY,nextIndex=11,followerCommit=10
2021-11-02 20:09:10,815 [grpc-default-executor-1] INFO  leader.FollowerInfo (FollowerInfoImpl.java:lambda$new$0(47)) - omNode-2@group-523986131536->omNode-1: nextIndex: updateUnconditionally 17 -> 11
2021-11-02 20:09:11,317 [grpc-default-executor-1] INFO  server.RaftServer$Division (RaftServerImpl.java:checkInconsistentAppendEntries(1322)) - omNode-1@group-523986131536: Failed appendEntries as previous log entry ((t:4, i:16)) is not found
2021-11-02 20:09:11,318 [grpc-default-executor-1] INFO  server.RaftServer$Division (RaftServerImpl.java:checkInconsistentAppendEntries(1288)) - omNode-1@group-523986131536: inconsistency entries. Reply:omNode-2<-omNode-1#437:FAIL-t4,INCONSISTENCY,nextIndex=11,followerCommit=10
2021-11-02 20:09:11,320 [grpc-default-executor-1] INFO  leader.FollowerInfo (FollowerInfoImpl.java:lambda$new$0(47)) - omNode-2@group-523986131536->omNode-1: nextIndex: updateUnconditionally 17 -> 11
2021-11-02 20:09:11,822 [grpc-default-executor-1] INFO  server.RaftServer$Division (RaftServerImpl.java:checkInconsistentAppendEntries(1322)) - omNode-1@group-523986131536: Failed appendEntries as previous log entry ((t:4, i:16)) is not found
2021-11-02 20:09:11,823 [grpc-default-executor-1] INFO  server.RaftServer$Division (RaftServerImpl.java:checkInconsistentAppendEntries(1288)) - omNode-1@group-523986131536: inconsistency entries. Reply:omNode-2<-omNode-1#488:FAIL-t4,INCONSISTENCY,nextIndex=11,followerCommit=10
2021-11-02 20:09:11,823 [grpc-default-executor-1] INFO  leader.FollowerInfo (FollowerInfoImpl.java:lambda$new$0(47)) - omNode-2@group-523986131536->omNode-1: nextIndex: updateUnconditionally 17 -> 11
2021-11-02 20:09:12,326 [grpc-default-executor-1] INFO  server.RaftServer$Division (RaftServerImpl.java:checkInconsistentAppendEntries(1322)) - omNode-1@group-523986131536: Failed appendEntries as previous log entry ((t:4, i:16)) is not found
2021-11-02 20:09:12,326 [grpc-default-executor-1] INFO  server.RaftServer$Division (RaftServerImpl.java:checkInconsistentAppendEntries(1288)) - omNode-1@group-523986131536: inconsistency entries. Reply:omNode-2<-omNode-1#539:FAIL-t4,INCONSISTENCY,nextIndex=11,followerCommit=10
2021-11-02 20:09:12,327 [grpc-default-executor-1] INFO  leader.FollowerInfo (FollowerInfoImpl.java:lambda$new$0(47)) - omNode-2@group-523986131536->omNode-1: nextIndex: updateUnconditionally 17 -> 11
2021-11-02 20:09:12,829 [grpc-default-executor-1] INFO  server.RaftServer$Division (RaftServerImpl.java:checkInconsistentAppendEntries(1322)) - omNode-1@group-523986131536: Failed appendEntries as previous log entry ((t:4, i:16)) is not found
2021-11-02 20:09:12,829 [grpc-default-executor-1] INFO  server.RaftServer$Division (RaftServerImpl.java:checkInconsistentAppendEntries(1288)) - omNode-1@group-523986131536: inconsistency entries. Reply:omNode-2<-omNode-1#590:FAIL-t4,INCONSISTENCY,nextIndex=11,followerCommit=10
2021-11-02 20:09:12,831 [grpc-default-executor-1] INFO  leader.FollowerInfo (FollowerInfoImpl.java:lambda$new$0(47)) - omNode-2@group-523986131536->omNode-1: nextIndex: updateUnconditionally 17 -> 11
2021-11-02 20:09:13,333 [grpc-default-executor-1] INFO  server.RaftServer$Division (RaftServerImpl.java:checkInconsistentAppendEntries(1322)) - omNode-1@group-523986131536: Failed appendEntries as previous log entry ((t:4, i:16)) is not found
2021-11-02 20:09:13,334 [grpc-default-executor-1] INFO  server.RaftServer$Division (RaftServerImpl.java:checkInconsistentAppendEntries(1288)) - omNode-1@group-523986131536: inconsistency entries. Reply:omNode-2<-omNode-1#641:FAIL-t4,INCONSISTENCY,nextIndex=11,followerCommit=10
2021-11-02 20:09:13,334 [grpc-default-executor-1] INFO  leader.FollowerInfo (FollowerInfoImpl.java:lambda$new$0(47)) - omNode-2@group-523986131536->omNode-1: nextIndex: updateUnconditionally 17 -> 11
2021-11-02 20:09:13,837 [grpc-default-executor-1] INFO  server.RaftServer$Division (RaftServerImpl.java:checkInconsistentAppendEntries(1322)) - omNode-1@group-523986131536: Failed appendEntries as previous log entry ((t:4, i:16)) is not found
2021-11-02 20:09:13,837 [grpc-default-executor-1] INFO  server.RaftServer$Division (RaftServerImpl.java:checkInconsistentAppendEntries(1288)) - omNode-1@group-523986131536: inconsistency entries. Reply:omNode-2<-omNode-1#692:FAIL-t4,INCONSISTENCY,nextIndex=11,followerCommit=10
2021-11-02 20:09:13,838 [grpc-default-executor-1] INFO  leader.FollowerInfo (FollowerInfoImpl.java:lambda$new$0(47)) - omNode-2@group-523986131536->omNode-1: nextIndex: updateUnconditionally 17 -> 11
2021-11-02 20:09:13,929 [8beef4f3-0fbd-4019-b5e6-bba09cd08c94@group-6F4CF07A18B4-FollowerState] INFO  impl.FollowerState (FollowerState.java:run(134)) - 8beef4f3-0fbd-4019-b5e6-bba09cd08c94@group-6F4CF07A18B4-FollowerState: change to CANDIDATE, lastRpcElapsedTime:5124963314ns, electionTimeout:5124ms
2021-11-02 20:09:13,929 [8beef4f3-0fbd-4019-b5e6-bba09cd08c94@group-6F4CF07A18B4-FollowerState] INFO  impl.RoleInfo (RoleInfo.java:shutdownFollowerState(108)) - 8beef4f3-0fbd-4019-b5e6-bba09cd08c94: shutdown 8beef4f3-0fbd-4019-b5e6-bba09cd08c94@group-6F4CF07A18B4-FollowerState
2021-11-02 20:09:13,929 [8beef4f3-0fbd-4019-b5e6-bba09cd08c94@group-6F4CF07A18B4-FollowerState] INFO  server.RaftServer$Division (RaftServerImpl.java:setRole(290)) - 8beef4f3-0fbd-4019-b5e6-bba09cd08c94@group-6F4CF07A18B4: changes role from  FOLLOWER to CANDIDATE at term 4 for changeToCandidate
2021-11-02 20:09:13,929 [8beef4f3-0fbd-4019-b5e6-bba09cd08c94@group-6F4CF07A18B4-FollowerState] INFO  server.RaftServerConfigKeys (ConfUtils.java:logGet(44)) - raft.server.leaderelection.pre-vote = false (custom)
2021-11-02 20:09:13,929 [8beef4f3-0fbd-4019-b5e6-bba09cd08c94@group-6F4CF07A18B4-FollowerState] INFO  impl.RoleInfo (RoleInfo.java:updateAndGet(130)) - 8beef4f3-0fbd-4019-b5e6-bba09cd08c94: start 8beef4f3-0fbd-4019-b5e6-bba09cd08c94@group-6F4CF07A18B4-LeaderElection19
2021-11-02 20:09:13,933 [8beef4f3-0fbd-4019-b5e6-bba09cd08c94@group-6F4CF07A18B4-LeaderElection19] INFO  impl.LeaderElection (LeaderElection.java:askForVotes(306)) - 8beef4f3-0fbd-4019-b5e6-bba09cd08c94@group-6F4CF07A18B4-LeaderElection19 ELECTION round 0: submit vote requests at term 5 for -1: [8beef4f3-0fbd-4019-b5e6-bba09cd08c94|rpc:10.1.0.43:38223|dataStream:|priority:1, 6d11dc31-4e47-4309-a917-8638e8d3619f|rpc:10.1.0.43:41415|dataStream:|priority:0, 8be7216b-e793-4943-b762-e8d5e6b4b962|rpc:10.1.0.43:37879|dataStream:|priority:0], old=null
2021-11-02 20:09:13,937 [grpc-default-executor-1] INFO  server.RaftServer$Division (RaftServerImpl.java:requestVote(1046)) - 8be7216b-e793-4943-b762-e8d5e6b4b962@group-6F4CF07A18B4: receive requestVote(ELECTION, 8beef4f3-0fbd-4019-b5e6-bba09cd08c94, group-6F4CF07A18B4, 5, (t:0, i:0))
2021-11-02 20:09:13,937 [grpc-default-executor-1] INFO  impl.VoteContext (VoteContext.java:log(48)) - 8be7216b-e793-4943-b762-e8d5e6b4b962@group-6F4CF07A18B4-FOLLOWER: accept ELECTION from 8beef4f3-0fbd-4019-b5e6-bba09cd08c94: our priority 0 <= candidate's priority 1
2021-11-02 20:09:13,937 [grpc-default-executor-1] INFO  server.RaftServer$Division (RaftServerImpl.java:setRole(290)) - 8be7216b-e793-4943-b762-e8d5e6b4b962@group-6F4CF07A18B4: changes role from  FOLLOWER to FOLLOWER at term 5 for candidate:8beef4f3-0fbd-4019-b5e6-bba09cd08c94
2021-11-02 20:09:13,937 [grpc-default-executor-1] INFO  impl.RoleInfo (RoleInfo.java:shutdownFollowerState(108)) - 8be7216b-e793-4943-b762-e8d5e6b4b962: shutdown 8be7216b-e793-4943-b762-e8d5e6b4b962@group-6F4CF07A18B4-FollowerState
2021-11-02 20:09:13,937 [grpc-default-executor-1] INFO  impl.RoleInfo (RoleInfo.java:updateAndGet(130)) - 8be7216b-e793-4943-b762-e8d5e6b4b962: start 8be7216b-e793-4943-b762-e8d5e6b4b962@group-6F4CF07A18B4-FollowerState
2021-11-02 20:09:13,937 [8be7216b-e793-4943-b762-e8d5e6b4b962@group-6F4CF07A18B4-FollowerState] INFO  impl.FollowerState (FollowerState.java:run(143)) - 8be7216b-e793-4943-b762-e8d5e6b4b962@group-6F4CF07A18B4-FollowerState was interrupted: {}
java.lang.InterruptedException: sleep interrupted
	at java.lang.Thread.sleep(Native Method)
	at java.lang.Thread.sleep(Thread.java:340)
	at java.util.concurrent.TimeUnit.sleep(TimeUnit.java:386)
	at org.apache.ratis.util.TimeDuration.sleep(TimeDuration.java:324)
	at org.apache.ratis.util.TimeDuration.sleep(TimeDuration.java:309)
	at org.apache.ratis.server.impl.FollowerState.run(FollowerState.java:118)
2021-11-02 20:09:13,938 [grpc-default-executor-3] INFO  server.RaftServer$Division (RaftServerImpl.java:requestVote(1046)) - 6d11dc31-4e47-4309-a917-8638e8d3619f@group-6F4CF07A18B4: receive requestVote(ELECTION, 8beef4f3-0fbd-4019-b5e6-bba09cd08c94, group-6F4CF07A18B4, 5, (t:0, i:0))
2021-11-02 20:09:13,937 [6d11dc31-4e47-4309-a917-8638e8d3619f@group-6F4CF07A18B4-FollowerState] INFO  impl.FollowerState (FollowerState.java:run(134)) - 6d11dc31-4e47-4309-a917-8638e8d3619f@group-6F4CF07A18B4-FollowerState: change to CANDIDATE, lastRpcElapsedTime:5145761464ns, electionTimeout:5136ms
2021-11-02 20:09:13,938 [6d11dc31-4e47-4309-a917-8638e8d3619f@group-6F4CF07A18B4-FollowerState] INFO  impl.RoleInfo (RoleInfo.java:shutdownFollowerState(108)) - 6d11dc31-4e47-4309-a917-8638e8d3619f: shutdown 6d11dc31-4e47-4309-a917-8638e8d3619f@group-6F4CF07A18B4-FollowerState
2021-11-02 20:09:13,939 [6d11dc31-4e47-4309-a917-8638e8d3619f@group-6F4CF07A18B4-FollowerState] INFO  server.RaftServer$Division (RaftServerImpl.java:setRole(290)) - 6d11dc31-4e47-4309-a917-8638e8d3619f@group-6F4CF07A18B4: changes role from  FOLLOWER to CANDIDATE at term 4 for changeToCandidate
2021-11-02 20:09:13,939 [6d11dc31-4e47-4309-a917-8638e8d3619f@group-6F4CF07A18B4-FollowerState] INFO  server.RaftServerConfigKeys (ConfUtils.java:logGet(44)) - raft.server.leaderelection.pre-vote = false (custom)
2021-11-02 20:09:13,939 [6d11dc31-4e47-4309-a917-8638e8d3619f@group-6F4CF07A18B4-FollowerState] INFO  impl.RoleInfo (RoleInfo.java:updateAndGet(130)) - 6d11dc31-4e47-4309-a917-8638e8d3619f: start 6d11dc31-4e47-4309-a917-8638e8d3619f@group-6F4CF07A18B4-LeaderElection20
2021-11-02 20:09:13,939 [grpc-default-executor-3] INFO  impl.VoteContext (VoteContext.java:log(48)) - 6d11dc31-4e47-4309-a917-8638e8d3619f@group-6F4CF07A18B4-CANDIDATE: accept ELECTION from 8beef4f3-0fbd-4019-b5e6-bba09cd08c94: our priority 0 <= candidate's priority 1
2021-11-02 20:09:13,939 [grpc-default-executor-3] INFO  server.RaftServer$Division (RaftServerImpl.java:setRole(290)) - 6d11dc31-4e47-4309-a917-8638e8d3619f@group-6F4CF07A18B4: changes role from CANDIDATE to FOLLOWER at term 5 for candidate:8beef4f3-0fbd-4019-b5e6-bba09cd08c94
2021-11-02 20:09:13,939 [grpc-default-executor-3] INFO  impl.RoleInfo (RoleInfo.java:shutdownLeaderElection(121)) - 6d11dc31-4e47-4309-a917-8638e8d3619f: shutdown 6d11dc31-4e47-4309-a917-8638e8d3619f@group-6F4CF07A18B4-LeaderElection20
2021-11-02 20:09:13,939 [grpc-default-executor-3] INFO  impl.RoleInfo (RoleInfo.java:updateAndGet(130)) - 6d11dc31-4e47-4309-a917-8638e8d3619f: start 6d11dc31-4e47-4309-a917-8638e8d3619f@group-6F4CF07A18B4-FollowerState
2021-11-02 20:09:13,948 [grpc-default-executor-1] INFO  server.RaftServer$Division (RaftServerImpl.java:requestVote(1078)) - 8be7216b-e793-4943-b762-e8d5e6b4b962@group-6F4CF07A18B4 replies to ELECTION vote request: 8beef4f3-0fbd-4019-b5e6-bba09cd08c94<-8be7216b-e793-4943-b762-e8d5e6b4b962#0:OK-t5. Peer's state: 8be7216b-e793-4943-b762-e8d5e6b4b962@group-6F4CF07A18B4:t5, leader=null, voted=8beef4f3-0fbd-4019-b5e6-bba09cd08c94, raftlog=8be7216b-e793-4943-b762-e8d5e6b4b962@group-6F4CF07A18B4-SegmentedRaftLog:OPENED:c-1, conf=-1: [8beef4f3-0fbd-4019-b5e6-bba09cd08c94|rpc:10.1.0.43:38223|dataStream:|priority:1, 6d11dc31-4e47-4309-a917-8638e8d3619f|rpc:10.1.0.43:41415|dataStream:|priority:0, 8be7216b-e793-4943-b762-e8d5e6b4b962|rpc:10.1.0.43:37879|dataStream:|priority:0], old=null
2021-11-02 20:09:13,951 [8beef4f3-0fbd-4019-b5e6-bba09cd08c94@group-6F4CF07A18B4-LeaderElection19] INFO  impl.LeaderElection (LeaderElection.java:logAndReturn(89)) - 8beef4f3-0fbd-4019-b5e6-bba09cd08c94@group-6F4CF07A18B4-LeaderElection19: ELECTION PASSED received 1 response(s) and 0 exception(s):
2021-11-02 20:09:13,951 [8beef4f3-0fbd-4019-b5e6-bba09cd08c94@group-6F4CF07A18B4-LeaderElection19] INFO  impl.LeaderElection (LeaderElection.java:logAndReturn(93)) -   Response 0: 8beef4f3-0fbd-4019-b5e6-bba09cd08c94<-8be7216b-e793-4943-b762-e8d5e6b4b962#0:OK-t5
2021-11-02 20:09:13,951 [8beef4f3-0fbd-4019-b5e6-bba09cd08c94@group-6F4CF07A18B4-LeaderElection19] INFO  impl.LeaderElection (LeaderElection.java:askForVotes(308)) - 8beef4f3-0fbd-4019-b5e6-bba09cd08c94@group-6F4CF07A18B4-LeaderElection19 ELECTION round 0: result PASSED
2021-11-02 20:09:13,951 [8beef4f3-0fbd-4019-b5e6-bba09cd08c94@group-6F4CF07A18B4-LeaderElection19] INFO  impl.RoleInfo (RoleInfo.java:shutdownLeaderElection(121)) - 8beef4f3-0fbd-4019-b5e6-bba09cd08c94: shutdown 8beef4f3-0fbd-4019-b5e6-bba09cd08c94@group-6F4CF07A18B4-LeaderElection19
2021-11-02 20:09:13,951 [8beef4f3-0fbd-4019-b5e6-bba09cd08c94@group-6F4CF07A18B4-LeaderElection19] INFO  server.RaftServer$Division (RaftServerImpl.java:setRole(290)) - 8beef4f3-0fbd-4019-b5e6-bba09cd08c94@group-6F4CF07A18B4: changes role from CANDIDATE to LEADER at term 5 for changeToLeader
2021-11-02 20:09:13,951 [8beef4f3-0fbd-4019-b5e6-bba09cd08c94@group-6F4CF07A18B4-LeaderElection19] INFO  ratis.XceiverServerRatis (XceiverServerRatis.java:handleLeaderChangedNotification(866)) - Leader change notification received for group: group-6F4CF07A18B4 with new leaderId: 8beef4f3-0fbd-4019-b5e6-bba09cd08c94
2021-11-02 20:09:13,951 [8beef4f3-0fbd-4019-b5e6-bba09cd08c94@group-6F4CF07A18B4-LeaderElection19] INFO  server.RaftServer$Division (ServerState.java:setLeader(285)) - 8beef4f3-0fbd-4019-b5e6-bba09cd08c94@group-6F4CF07A18B4: change Leader from null to 8beef4f3-0fbd-4019-b5e6-bba09cd08c94 at term 5 for becomeLeader, leader elected after 25609ms
2021-11-02 20:09:13,951 [8beef4f3-0fbd-4019-b5e6-bba09cd08c94@group-6F4CF07A18B4-LeaderElection19] INFO  server.RaftServerConfigKeys (ConfUtils.java:logGet(44)) - raft.server.staging.catchup.gap = 1000 (default)
2021-11-02 20:09:13,951 [grpc-default-executor-3] INFO  server.RaftServer$Division (RaftServerImpl.java:requestVote(1078)) - 6d11dc31-4e47-4309-a917-8638e8d3619f@group-6F4CF07A18B4 replies to ELECTION vote request: 8beef4f3-0fbd-4019-b5e6-bba09cd08c94<-6d11dc31-4e47-4309-a917-8638e8d3619f#0:OK-t5. Peer's state: 6d11dc31-4e47-4309-a917-8638e8d3619f@group-6F4CF07A18B4:t5, leader=null, voted=8beef4f3-0fbd-4019-b5e6-bba09cd08c94, raftlog=6d11dc31-4e47-4309-a917-8638e8d3619f@group-6F4CF07A18B4-SegmentedRaftLog:OPENED:c-1, conf=-1: [8beef4f3-0fbd-4019-b5e6-bba09cd08c94|rpc:10.1.0.43:38223|priority:1, 6d11dc31-4e47-4309-a917-8638e8d3619f|rpc:10.1.0.43:41415|priority:0, 8be7216b-e793-4943-b762-e8d5e6b4b962|rpc:10.1.0.43:37879|priority:0], old=null
2021-11-02 20:09:13,953 [8beef4f3-0fbd-4019-b5e6-bba09cd08c94@group-6F4CF07A18B4-LeaderElection19] INFO  server.RaftServerConfigKeys (ConfUtils.java:logGet(44)) - raft.server.write.element-limit = 1024 (custom)
2021-11-02 20:09:13,953 [8beef4f3-0fbd-4019-b5e6-bba09cd08c94@group-6F4CF07A18B4-LeaderElection19] INFO  server.RaftServerConfigKeys (ConfUtils.java:logGet(44)) - raft.server.write.byte-limit = 1024 M (=1073741824) (custom)
2021-11-02 20:09:13,954 [8beef4f3-0fbd-4019-b5e6-bba09cd08c94@group-6F4CF07A18B4-LeaderElection19] INFO  server.RaftServerConfigKeys (ConfUtils.java:logGet(44)) - raft.server.watch.timeout = 180s (custom)
2021-11-02 20:09:13,954 [8beef4f3-0fbd-4019-b5e6-bba09cd08c94@group-6F4CF07A18B4-LeaderElection19] INFO  server.RaftServerConfigKeys (ConfUtils.java:logGet(44)) - raft.server.watch.timeout.denomination = 1s (default)
2021-11-02 20:09:13,954 [8beef4f3-0fbd-4019-b5e6-bba09cd08c94@group-6F4CF07A18B4-LeaderElection19] INFO  server.RaftServerConfigKeys (ConfUtils.java:logGet(44)) - raft.server.watch.element-limit = 65536 (default)
2021-11-02 20:09:13,954 [8beef4f3-0fbd-4019-b5e6-bba09cd08c94@group-6F4CF07A18B4-LeaderElection19] INFO  server.RaftServerConfigKeys (ConfUtils.java:logGet(44)) - raft.server.write.element-limit = 1024 (custom)
2021-11-02 20:09:13,954 [8beef4f3-0fbd-4019-b5e6-bba09cd08c94@group-6F4CF07A18B4-LeaderElection19] INFO  server.RaftServerConfigKeys (ConfUtils.java:logGet(44)) - raft.server.write.follower.gap.ratio.max = -1.0 (default)
2021-11-02 20:09:13,954 [8beef4f3-0fbd-4019-b5e6-bba09cd08c94@group-6F4CF07A18B4-LeaderElection19] INFO  server.RaftServerConfigKeys (ConfUtils.java:logGet(44)) - raft.server.log.appender.snapshot.chunk.size.max = 16MB (=16777216) (default)
2021-11-02 20:09:13,954 [8beef4f3-0fbd-4019-b5e6-bba09cd08c94@group-6F4CF07A18B4-LeaderElection19] INFO  server.RaftServerConfigKeys (ConfUtils.java:logGet(44)) - raft.server.log.appender.buffer.byte-limit = 33554432 (custom)
2021-11-02 20:09:13,954 [8beef4f3-0fbd-4019-b5e6-bba09cd08c94@group-6F4CF07A18B4-LeaderElection19] INFO  server.RaftServerConfigKeys (ConfUtils.java:logGet(44)) - raft.server.log.appender.buffer.element-limit = 1 (custom)
2021-11-02 20:09:13,954 [8beef4f3-0fbd-4019-b5e6-bba09cd08c94@group-6F4CF07A18B4-LeaderElection19] INFO  grpc.GrpcConfigKeys (ConfUtils.java:logGet(44)) - raft.grpc.server.leader.outstanding.appends.max = 128 (default)
2021-11-02 20:09:13,954 [8beef4f3-0fbd-4019-b5e6-bba09cd08c94@group-6F4CF07A18B4-LeaderElection19] INFO  server.RaftServerConfigKeys (ConfUtils.java:logGet(44)) - raft.server.rpc.request.timeout = 60s (custom)
2021-11-02 20:09:13,954 [8beef4f3-0fbd-4019-b5e6-bba09cd08c94@group-6F4CF07A18B4-LeaderElection19] INFO  server.RaftServerConfigKeys (ConfUtils.java:logGet(44)) - raft.server.log.appender.install.snapshot.enabled = false (custom)
2021-11-02 20:09:13,955 [8beef4f3-0fbd-4019-b5e6-bba09cd08c94@group-6F4CF07A18B4-LeaderElection19] INFO  server.RaftServerConfigKeys (ConfUtils.java:logGet(44)) - raft.server.log.appender.snapshot.chunk.size.max = 16MB (=16777216) (default)
2021-11-02 20:09:13,955 [8beef4f3-0fbd-4019-b5e6-bba09cd08c94@group-6F4CF07A18B4-LeaderElection19] INFO  server.RaftServerConfigKeys (ConfUtils.java:logGet(44)) - raft.server.log.appender.buffer.byte-limit = 33554432 (custom)
2021-11-02 20:09:13,957 [EventQueue-PipelineReportForPipelineReportHandler] INFO  pipeline.PipelineManagerImpl (PipelineManagerImpl.java:openPipeline(289)) - Pipeline Pipeline[ Id: b20f77e3-3e8d-4f3e-8917-6f4cf07a18b4, Nodes: 8be7216b-e793-4943-b762-e8d5e6b4b962{ip: 10.1.0.43, host: fv-az270-10.tacnzluakwdehk1hpragurqkma.bx.internal.cloudapp.net, ports: [REPLICATION=39543, RATIS=37879, RATIS_ADMIN=37879, RATIS_SERVER=37879, STANDALONE=46217], networkLocation: /default-rack, certSerialId: null, persistedOpState: IN_SERVICE, persistedOpStateExpiryEpochSec: 0}8beef4f3-0fbd-4019-b5e6-bba09cd08c94{ip: 10.1.0.43, host: fv-az270-10.tacnzluakwdehk1hpragurqkma.bx.internal.cloudapp.net, ports: [REPLICATION=43609, RATIS=38223, RATIS_ADMIN=38223, RATIS_SERVER=38223, STANDALONE=41893], networkLocation: /default-rack, certSerialId: null, persistedOpState: IN_SERVICE, persistedOpStateExpiryEpochSec: 0}6d11dc31-4e47-4309-a917-8638e8d3619f{ip: 10.1.0.43, host: fv-az270-10.tacnzluakwdehk1hpragurqkma.bx.internal.cloudapp.net, ports: [REPLICATION=38317, RATIS=41415, RATIS_ADMIN=41415, RATIS_SERVER=41415, STANDALONE=34003], networkLocation: /default-rack, certSerialId: null, persistedOpState: IN_SERVICE, persistedOpStateExpiryEpochSec: 0}, ReplicationConfig: RATIS/THREE, State:ALLOCATED, leaderId:8beef4f3-0fbd-4019-b5e6-bba09cd08c94, CreationTimestamp2021-11-02T20:08:46.026Z[Etc/UTC]] moved to OPEN state
2021-11-02 20:09:13,959 [8beef4f3-0fbd-4019-b5e6-bba09cd08c94@group-6F4CF07A18B4-LeaderElection19] INFO  server.RaftServerConfigKeys (ConfUtils.java:logGet(44)) - raft.server.log.appender.buffer.element-limit = 1 (custom)
2021-11-02 20:09:13,959 [8beef4f3-0fbd-4019-b5e6-bba09cd08c94@group-6F4CF07A18B4-LeaderElection19] INFO  grpc.GrpcConfigKeys (ConfUtils.java:logGet(44)) - raft.grpc.server.leader.outstanding.appends.max = 128 (default)
2021-11-02 20:09:13,959 [8beef4f3-0fbd-4019-b5e6-bba09cd08c94@group-6F4CF07A18B4-LeaderElection19] INFO  server.RaftServerConfigKeys (ConfUtils.java:logGet(44)) - raft.server.rpc.request.timeout = 60s (custom)
2021-11-02 20:09:13,959 [8beef4f3-0fbd-4019-b5e6-bba09cd08c94@group-6F4CF07A18B4-LeaderElection19] INFO  server.RaftServerConfigKeys (ConfUtils.java:logGet(44)) - raft.server.log.appender.install.snapshot.enabled = false (custom)
2021-11-02 20:09:13,960 [8beef4f3-0fbd-4019-b5e6-bba09cd08c94@group-6F4CF07A18B4-LeaderElection19] INFO  impl.RoleInfo (RoleInfo.java:updateAndGet(130)) - 8beef4f3-0fbd-4019-b5e6-bba09cd08c94: start 8beef4f3-0fbd-4019-b5e6-bba09cd08c94@group-6F4CF07A18B4-LeaderStateImpl
2021-11-02 20:09:13,960 [8beef4f3-0fbd-4019-b5e6-bba09cd08c94@group-6F4CF07A18B4-LeaderElection19] INFO  segmented.SegmentedRaftLogWorker (SegmentedRaftLogWorker.java:startLogSegment(394)) - 8beef4f3-0fbd-4019-b5e6-bba09cd08c94@group-6F4CF07A18B4-SegmentedRaftLogWorker: Starting segment from index:0
2021-11-02 20:09:13,962 [8beef4f3-0fbd-4019-b5e6-bba09cd08c94@group-6F4CF07A18B4-SegmentedRaftLogWorker] INFO  segmented.SegmentedRaftLogWorker (SegmentedRaftLogWorker.java:execute(601)) - 8beef4f3-0fbd-4019-b5e6-bba09cd08c94@group-6F4CF07A18B4-SegmentedRaftLogWorker: created new log segment /home/runner/work/ozone/ozone/hadoop-ozone/integration-test/target/test-dir/MiniOzoneClusterImpl-76263e8f-62ab-412a-8766-4a189fbce95f/datanode-2/data/ratis/b20f77e3-3e8d-4f3e-8917-6f4cf07a18b4/current/log_inprogress_0
2021-11-02 20:09:13,969 [8beef4f3-0fbd-4019-b5e6-bba09cd08c94@group-6F4CF07A18B4-LeaderElection19] INFO  server.RaftServer$Division (ServerState.java:setRaftConf(387)) - 8beef4f3-0fbd-4019-b5e6-bba09cd08c94@group-6F4CF07A18B4: set configuration 0: [8beef4f3-0fbd-4019-b5e6-bba09cd08c94|rpc:10.1.0.43:38223|dataStream:|priority:1, 6d11dc31-4e47-4309-a917-8638e8d3619f|rpc:10.1.0.43:41415|dataStream:|priority:0, 8be7216b-e793-4943-b762-e8d5e6b4b962|rpc:10.1.0.43:37879|dataStream:|priority:0], old=null
2021-11-02 20:09:13,970 [grpc-default-executor-1] INFO  ratis.XceiverServerRatis (XceiverServerRatis.java:handleLeaderChangedNotification(866)) - Leader change notification received for group: group-6F4CF07A18B4 with new leaderId: 8beef4f3-0fbd-4019-b5e6-bba09cd08c94
2021-11-02 20:09:13,970 [grpc-default-executor-1] INFO  server.RaftServer$Division (ServerState.java:setLeader(285)) - 8be7216b-e793-4943-b762-e8d5e6b4b962@group-6F4CF07A18B4: change Leader from null to 8beef4f3-0fbd-4019-b5e6-bba09cd08c94 at term 5 for appendEntries, leader elected after 25743ms
2021-11-02 20:09:13,972 [grpc-default-executor-1] INFO  server.RaftServer$Division (ServerState.java:setRaftConf(387)) - 8be7216b-e793-4943-b762-e8d5e6b4b962@group-6F4CF07A18B4: set configuration 0: [8beef4f3-0fbd-4019-b5e6-bba09cd08c94|rpc:10.1.0.43:38223|dataStream:|priority:1, 6d11dc31-4e47-4309-a917-8638e8d3619f|rpc:10.1.0.43:41415|dataStream:|priority:0, 8be7216b-e793-4943-b762-e8d5e6b4b962|rpc:10.1.0.43:37879|dataStream:|priority:0], old=null
2021-11-02 20:09:13,972 [grpc-default-executor-1] INFO  segmented.SegmentedRaftLogWorker (SegmentedRaftLogWorker.java:startLogSegment(394)) - 8be7216b-e793-4943-b762-e8d5e6b4b962@group-6F4CF07A18B4-SegmentedRaftLogWorker: Starting segment from index:0
2021-11-02 20:09:13,974 [8be7216b-e793-4943-b762-e8d5e6b4b962@group-6F4CF07A18B4-SegmentedRaftLogWorker] INFO  segmented.SegmentedRaftLogWorker (SegmentedRaftLogWorker.java:execute(601)) - 8be7216b-e793-4943-b762-e8d5e6b4b962@group-6F4CF07A18B4-SegmentedRaftLogWorker: created new log segment /home/runner/work/ozone/ozone/hadoop-ozone/integration-test/target/test-dir/MiniOzoneClusterImpl-76263e8f-62ab-412a-8766-4a189fbce95f/datanode-1/data/ratis/b20f77e3-3e8d-4f3e-8917-6f4cf07a18b4/current/log_inprogress_0
2021-11-02 20:09:13,976 [grpc-default-executor-1] INFO  ratis.XceiverServerRatis (XceiverServerRatis.java:handleLeaderChangedNotification(866)) - Leader change notification received for group: group-6F4CF07A18B4 with new leaderId: 8beef4f3-0fbd-4019-b5e6-bba09cd08c94
2021-11-02 20:09:13,976 [grpc-default-executor-1] INFO  server.RaftServer$Division (ServerState.java:setLeader(285)) - 6d11dc31-4e47-4309-a917-8638e8d3619f@group-6F4CF07A18B4: change Leader from null to 8beef4f3-0fbd-4019-b5e6-bba09cd08c94 at term 5 for appendEntries, leader elected after 25854ms
2021-11-02 20:09:13,979 [grpc-default-executor-1] INFO  server.RaftServer$Division (ServerState.java:setRaftConf(387)) - 6d11dc31-4e47-4309-a917-8638e8d3619f@group-6F4CF07A18B4: set configuration 0: [8beef4f3-0fbd-4019-b5e6-bba09cd08c94|rpc:10.1.0.43:38223|dataStream:|priority:1, 6d11dc31-4e47-4309-a917-8638e8d3619f|rpc:10.1.0.43:41415|dataStream:|priority:0, 8be7216b-e793-4943-b762-e8d5e6b4b962|rpc:10.1.0.43:37879|dataStream:|priority:0], old=null
2021-11-02 20:09:13,980 [grpc-default-executor-1] INFO  segmented.SegmentedRaftLogWorker (SegmentedRaftLogWorker.java:startLogSegment(394)) - 6d11dc31-4e47-4309-a917-8638e8d3619f@group-6F4CF07A18B4-SegmentedRaftLogWorker: Starting segment from index:0
2021-11-02 20:09:13,981 [6d11dc31-4e47-4309-a917-8638e8d3619f@group-6F4CF07A18B4-SegmentedRaftLogWorker] INFO  segmented.SegmentedRaftLogWorker (SegmentedRaftLogWorker.java:execute(601)) - 6d11dc31-4e47-4309-a917-8638e8d3619f@group-6F4CF07A18B4-SegmentedRaftLogWorker: created new log segment /home/runner/work/ozone/ozone/hadoop-ozone/integration-test/target/test-dir/MiniOzoneClusterImpl-76263e8f-62ab-412a-8766-4a189fbce95f/datanode-0/data/ratis/b20f77e3-3e8d-4f3e-8917-6f4cf07a18b4/current/log_inprogress_0
2021-11-02 20:09:14,340 [grpc-default-executor-3] INFO  server.RaftServer$Division (RaftServerImpl.java:checkInconsistentAppendEntries(1322)) - omNode-1@group-523986131536: Failed appendEntries as previous log entry ((t:4, i:16)) is not found
2021-11-02 20:09:14,340 [grpc-default-executor-3] INFO  server.RaftServer$Division (RaftServerImpl.java:checkInconsistentAppendEntries(1288)) - omNode-1@group-523986131536: inconsistency entries. Reply:omNode-2<-omNode-1#741:FAIL-t4,INCONSISTENCY,nextIndex=11,followerCommit=10
2021-11-02 20:09:14,341 [grpc-default-executor-3] INFO  leader.FollowerInfo (FollowerInfoImpl.java:lambda$new$0(47)) - omNode-2@group-523986131536->omNode-1: nextIndex: updateUnconditionally 17 -> 11
2021-11-02 20:09:14,844 [grpc-default-executor-1] INFO  server.RaftServer$Division (RaftServerImpl.java:checkInconsistentAppendEntries(1322)) - omNode-1@group-523986131536: Failed appendEntries as previous log entry ((t:4, i:16)) is not found
2021-11-02 20:09:14,844 [grpc-default-executor-1] INFO  server.RaftServer$Division (RaftServerImpl.java:checkInconsistentAppendEntries(1288)) - omNode-1@group-523986131536: inconsistency entries. Reply:omNode-2<-omNode-1#792:FAIL-t4,INCONSISTENCY,nextIndex=11,followerCommit=10
2021-11-02 20:09:14,845 [grpc-default-executor-1] INFO  leader.FollowerInfo (FollowerInfoImpl.java:lambda$new$0(47)) - omNode-2@group-523986131536->omNode-1: nextIndex: updateUnconditionally 17 -> 11
2021-11-02 20:09:15,348 [grpc-default-executor-1] INFO  server.RaftServer$Division (RaftServerImpl.java:checkInconsistentAppendEntries(1322)) - omNode-1@group-523986131536: Failed appendEntries as previous log entry ((t:4, i:16)) is not found
2021-11-02 20:09:15,348 [grpc-default-executor-1] INFO  server.RaftServer$Division (RaftServerImpl.java:checkInconsistentAppendEntries(1288)) - omNode-1@group-523986131536: inconsistency entries. Reply:omNode-2<-omNode-1#843:FAIL-t4,INCONSISTENCY,nextIndex=11,followerCommit=10
2021-11-02 20:09:15,349 [grpc-default-executor-1] INFO  leader.FollowerInfo (FollowerInfoImpl.java:lambda$new$0(47)) - omNode-2@group-523986131536->omNode-1: nextIndex: updateUnconditionally 17 -> 11
2021-11-02 20:09:15,852 [grpc-default-executor-3] INFO  server.RaftServer$Division (RaftServerImpl.java:checkInconsistentAppendEntries(1322)) - omNode-1@group-523986131536: Failed appendEntries as previous log entry ((t:4, i:16)) is not found
2021-11-02 20:09:15,852 [grpc-default-executor-3] INFO  server.RaftServer$Division (RaftServerImpl.java:checkInconsistentAppendEntries(1288)) - omNode-1@group-523986131536: inconsistency entries. Reply:omNode-2<-omNode-1#894:FAIL-t4,INCONSISTENCY,nextIndex=11,followerCommit=10
2021-11-02 20:09:15,853 [grpc-default-executor-1] INFO  leader.FollowerInfo (FollowerInfoImpl.java:lambda$new$0(47)) - omNode-2@group-523986131536->omNode-1: nextIndex: updateUnconditionally 17 -> 11
2021-11-02 20:09:16,356 [grpc-default-executor-3] INFO  server.RaftServer$Division (RaftServerImpl.java:checkInconsistentAppendEntries(1322)) - omNode-1@group-523986131536: Failed appendEntries as previous log entry ((t:4, i:16)) is not found
2021-11-02 20:09:16,356 [grpc-default-executor-3] INFO  server.RaftServer$Division (RaftServerImpl.java:checkInconsistentAppendEntries(1288)) - omNode-1@group-523986131536: inconsistency entries. Reply:omNode-2<-omNode-1#944:FAIL-t4,INCONSISTENCY,nextIndex=11,followerCommit=10
2021-11-02 20:09:16,357 [grpc-default-executor-1] INFO  leader.FollowerInfo (FollowerInfoImpl.java:lambda$new$0(47)) - omNode-2@group-523986131536->omNode-1: nextIndex: updateUnconditionally 17 -> 11
2021-11-02 20:09:16,859 [grpc-default-executor-3] INFO  server.RaftServer$Division (RaftServerImpl.java:checkInconsistentAppendEntries(1322)) - omNode-1@group-523986131536: Failed appendEntries as previous log entry ((t:4, i:16)) is not found
2021-11-02 20:09:16,860 [grpc-default-executor-3] INFO  server.RaftServer$Division (RaftServerImpl.java:checkInconsistentAppendEntries(1288)) - omNode-1@group-523986131536: inconsistency entries. Reply:omNode-2<-omNode-1#995:FAIL-t4,INCONSISTENCY,nextIndex=11,followerCommit=10
2021-11-02 20:09:16,861 [grpc-default-executor-1] INFO  leader.FollowerInfo (FollowerInfoImpl.java:lambda$new$0(47)) - omNode-2@group-523986131536->omNode-1: nextIndex: updateUnconditionally 17 -> 11
2021-11-02 20:09:17,364 [grpc-default-executor-1] INFO  server.RaftServer$Division (RaftServerImpl.java:checkInconsistentAppendEntries(1322)) - omNode-1@group-523986131536: Failed appendEntries as previous log entry ((t:4, i:16)) is not found
2021-11-02 20:09:17,364 [grpc-default-executor-1] INFO  server.RaftServer$Division (RaftServerImpl.java:checkInconsistentAppendEntries(1288)) - omNode-1@group-523986131536: inconsistency entries. Reply:omNode-2<-omNode-1#1046:FAIL-t4,INCONSISTENCY,nextIndex=11,followerCommit=10
2021-11-02 20:09:17,366 [grpc-default-executor-3] INFO  leader.FollowerInfo (FollowerInfoImpl.java:lambda$new$0(47)) - omNode-2@group-523986131536->omNode-1: nextIndex: updateUnconditionally 17 -> 11
2021-11-02 20:09:17,869 [grpc-default-executor-1] INFO  server.RaftServer$Division (RaftServerImpl.java:checkInconsistentAppendEntries(1322)) - omNode-1@group-523986131536: Failed appendEntries as previous log entry ((t:4, i:16)) is not found
2021-11-02 20:09:17,869 [grpc-default-executor-1] INFO  server.RaftServer$Division (RaftServerImpl.java:checkInconsistentAppendEntries(1288)) - omNode-1@group-523986131536: inconsistency entries. Reply:omNode-2<-omNode-1#1097:FAIL-t4,INCONSISTENCY,nextIndex=11,followerCommit=10
2021-11-02 20:09:17,870 [grpc-default-executor-3] INFO  leader.FollowerInfo (FollowerInfoImpl.java:lambda$new$0(47)) - omNode-2@group-523986131536->omNode-1: nextIndex: updateUnconditionally 17 -> 11
2021-11-02 20:09:18,372 [grpc-default-executor-1] INFO  server.RaftServer$Division (RaftServerImpl.java:checkInconsistentAppendEntries(1322)) - omNode-1@group-523986131536: Failed appendEntries as previous log entry ((t:4, i:16)) is not found
2021-11-02 20:09:18,372 [grpc-default-executor-1] INFO  server.RaftServer$Division (RaftServerImpl.java:checkInconsistentAppendEntries(1288)) - omNode-1@group-523986131536: inconsistency entries. Reply:omNode-2<-omNode-1#1148:FAIL-t4,INCONSISTENCY,nextIndex=11,followerCommit=10
2021-11-02 20:09:18,373 [grpc-default-executor-1] INFO  leader.FollowerInfo (FollowerInfoImpl.java:lambda$new$0(47)) - omNode-2@group-523986131536->omNode-1: nextIndex: updateUnconditionally 17 -> 11
2021-11-02 20:09:18,875 [grpc-default-executor-3] INFO  server.RaftServer$Division (RaftServerImpl.java:checkInconsistentAppendEntries(1322)) - omNode-1@group-523986131536: Failed appendEntries as previous log entry ((t:4, i:16)) is not found
2021-11-02 20:09:18,876 [grpc-default-executor-3] INFO  server.RaftServer$Division (RaftServerImpl.java:checkInconsistentAppendEntries(1288)) - omNode-1@group-523986131536: inconsistency entries. Reply:omNode-2<-omNode-1#1199:FAIL-t4,INCONSISTENCY,nextIndex=11,followerCommit=10
2021-11-02 20:09:18,877 [grpc-default-executor-3] INFO  leader.FollowerInfo (FollowerInfoImpl.java:lambda$new$0(47)) - omNode-2@group-523986131536->omNode-1: nextIndex: updateUnconditionally 17 -> 11
2021-11-02 20:09:19,379 [grpc-default-executor-1] INFO  server.RaftServer$Division (RaftServerImpl.java:checkInconsistentAppendEntries(1322)) - omNode-1@group-523986131536: Failed appendEntries as previous log entry ((t:4, i:16)) is not found
2021-11-02 20:09:19,380 [grpc-default-executor-1] INFO  server.RaftServer$Division (RaftServerImpl.java:checkInconsistentAppendEntries(1288)) - omNode-1@group-523986131536: inconsistency entries. Reply:omNode-2<-omNode-1#1250:FAIL-t4,INCONSISTENCY,nextIndex=11,followerCommit=10
2021-11-02 20:09:19,380 [grpc-default-executor-3] INFO  leader.FollowerInfo (FollowerInfoImpl.java:lambda$new$0(47)) - omNode-2@group-523986131536->omNode-1: nextIndex: updateUnconditionally 17 -> 11
2021-11-02 20:09:19,883 [grpc-default-executor-1] INFO  server.RaftServer$Division (RaftServerImpl.java:checkInconsistentAppendEntries(1322)) - omNode-1@group-523986131536: Failed appendEntries as previous log entry ((t:4, i:16)) is not found
2021-11-02 20:09:19,883 [grpc-default-executor-1] INFO  server.RaftServer$Division (RaftServerImpl.java:checkInconsistentAppendEntries(1288)) - omNode-1@group-523986131536: inconsistency entries. Reply:omNode-2<-omNode-1#1301:FAIL-t4,INCONSISTENCY,nextIndex=11,followerCommit=10
2021-11-02 20:09:19,884 [grpc-default-executor-1] INFO  leader.FollowerInfo (FollowerInfoImpl.java:lambda$new$0(47)) - omNode-2@group-523986131536->omNode-1: nextIndex: updateUnconditionally 17 -> 11
2021-11-02 20:09:20,387 [grpc-default-executor-3] INFO  server.RaftServer$Division (RaftServerImpl.java:checkInconsistentAppendEntries(1322)) - omNode-1@group-523986131536: Failed appendEntries as previous log entry ((t:4, i:16)) is not found
2021-11-02 20:09:20,387 [grpc-default-executor-3] INFO  server.RaftServer$Division (RaftServerImpl.java:checkInconsistentAppendEntries(1288)) - omNode-1@group-523986131536: inconsistency entries. Reply:omNode-2<-omNode-1#1352:FAIL-t4,INCONSISTENCY,nextIndex=11,followerCommit=10
2021-11-02 20:09:20,388 [grpc-default-executor-1] INFO  leader.FollowerInfo (FollowerInfoImpl.java:lambda$new$0(47)) - omNode-2@group-523986131536->omNode-1: nextIndex: updateUnconditionally 17 -> 11
2021-11-02 20:09:20,890 [grpc-default-executor-1] INFO  server.RaftServer$Division (RaftServerImpl.java:checkInconsistentAppendEntries(1322)) - omNode-1@group-523986131536: Failed appendEntries as previous log entry ((t:4, i:16)) is not found
2021-11-02 20:09:20,890 [grpc-default-executor-1] INFO  server.RaftServer$Division (RaftServerImpl.java:checkInconsistentAppendEntries(1288)) - omNode-1@group-523986131536: inconsistency entries. Reply:omNode-2<-omNode-1#1403:FAIL-t4,INCONSISTENCY,nextIndex=11,followerCommit=10
2021-11-02 20:09:20,891 [grpc-default-executor-1] INFO  leader.FollowerInfo (FollowerInfoImpl.java:lambda$new$0(47)) - omNode-2@group-523986131536->omNode-1: nextIndex: updateUnconditionally 17 -> 11
2021-11-02 20:09:21,394 [grpc-default-executor-1] INFO  server.RaftServer$Division (RaftServerImpl.java:checkInconsistentAppendEntries(1322)) - omNode-1@group-523986131536: Failed appendEntries as previous log entry ((t:4, i:16)) is not found
2021-11-02 20:09:21,394 [grpc-default-executor-1] INFO  server.RaftServer$Division (RaftServerImpl.java:checkInconsistentAppendEntries(1288)) - omNode-1@group-523986131536: inconsistency entries. Reply:omNode-2<-omNode-1#1454:FAIL-t4,INCONSISTENCY,nextIndex=11,followerCommit=10
2021-11-02 20:09:21,395 [grpc-default-executor-3] INFO  leader.FollowerInfo (FollowerInfoImpl.java:lambda$new$0(47)) - omNode-2@group-523986131536->omNode-1: nextIndex: updateUnconditionally 17 -> 11
2021-11-02 20:09:21,896 [grpc-default-executor-1] INFO  server.RaftServer$Division (RaftServerImpl.java:checkInconsistentAppendEntries(1322)) - omNode-1@group-523986131536: Failed appendEntries as previous log entry ((t:4, i:16)) is not found
2021-11-02 20:09:21,897 [grpc-default-executor-1] INFO  server.RaftServer$Division (RaftServerImpl.java:checkInconsistentAppendEntries(1288)) - omNode-1@group-523986131536: inconsistency entries. Reply:omNode-2<-omNode-1#1505:FAIL-t4,INCONSISTENCY,nextIndex=11,followerCommit=10
2021-11-02 20:09:21,898 [grpc-default-executor-1] INFO  leader.FollowerInfo (FollowerInfoImpl.java:lambda$new$0(47)) - omNode-2@group-523986131536->omNode-1: nextIndex: updateUnconditionally 17 -> 11
2021-11-02 20:09:22,401 [grpc-default-executor-3] INFO  server.RaftServer$Division (RaftServerImpl.java:checkInconsistentAppendEntries(1322)) - omNode-1@group-523986131536: Failed appendEntries as previous log entry ((t:4, i:16)) is not found
2021-11-02 20:09:22,401 [grpc-default-executor-3] INFO  server.RaftServer$Division (RaftServerImpl.java:checkInconsistentAppendEntries(1288)) - omNode-1@group-523986131536: inconsistency entries. Reply:omNode-2<-omNode-1#1556:FAIL-t4,INCONSISTENCY,nextIndex=11,followerCommit=10
2021-11-02 20:09:22,402 [grpc-default-executor-3] INFO  leader.FollowerInfo (FollowerInfoImpl.java:lambda$new$0(47)) - omNode-2@group-523986131536->omNode-1: nextIndex: updateUnconditionally 17 -> 11
2021-11-02 20:09:22,904 [grpc-default-executor-3] INFO  server.RaftServer$Division (RaftServerImpl.java:checkInconsistentAppendEntries(1322)) - omNode-1@group-523986131536: Failed appendEntries as previous log entry ((t:4, i:16)) is not found
2021-11-02 20:09:22,905 [grpc-default-executor-3] INFO  server.RaftServer$Division (RaftServerImpl.java:checkInconsistentAppendEntries(1288)) - omNode-1@group-523986131536: inconsistency entries. Reply:omNode-2<-omNode-1#1607:FAIL-t4,INCONSISTENCY,nextIndex=11,followerCommit=10
2021-11-02 20:09:22,906 [grpc-default-executor-3] INFO  leader.FollowerInfo (FollowerInfoImpl.java:lambda$new$0(47)) - omNode-2@group-523986131536->omNode-1: nextIndex: updateUnconditionally 17 -> 11
2021-11-02 20:09:23,408 [grpc-default-executor-1] INFO  server.RaftServer$Division (RaftServerImpl.java:checkInconsistentAppendEntries(1322)) - omNode-1@group-523986131536: Failed appendEntries as previous log entry ((t:4, i:16)) is not found
2021-11-02 20:09:23,409 [grpc-default-executor-1] INFO  server.RaftServer$Division (RaftServerImpl.java:checkInconsistentAppendEntries(1288)) - omNode-1@group-523986131536: inconsistency entries. Reply:omNode-2<-omNode-1#1658:FAIL-t4,INCONSISTENCY,nextIndex=11,followerCommit=10
2021-11-02 20:09:23,409 [grpc-default-executor-1] INFO  leader.FollowerInfo (FollowerInfoImpl.java:lambda$new$0(47)) - omNode-2@group-523986131536->omNode-1: nextIndex: updateUnconditionally 17 -> 11
2021-11-02 20:09:23,911 [grpc-default-executor-1] INFO  server.RaftServer$Division (RaftServerImpl.java:checkInconsistentAppendEntries(1322)) - omNode-1@group-523986131536: Failed appendEntries as previous log entry ((t:4, i:16)) is not found
2021-11-02 20:09:23,911 [grpc-default-executor-1] INFO  server.RaftServer$Division (RaftServerImpl.java:checkInconsistentAppendEntries(1288)) - omNode-1@group-523986131536: inconsistency entries. Reply:omNode-2<-omNode-1#1709:FAIL-t4,INCONSISTENCY,nextIndex=11,followerCommit=10
2021-11-02 20:09:23,912 [grpc-default-executor-1] INFO  leader.FollowerInfo (FollowerInfoImpl.java:lambda$new$0(47)) - omNode-2@group-523986131536->omNode-1: nextIndex: updateUnconditionally 17 -> 11
2021-11-02 20:09:24,414 [grpc-default-executor-1] INFO  server.RaftServer$Division (RaftServerImpl.java:checkInconsistentAppendEntries(1322)) - omNode-1@group-523986131536: Failed appendEntries as previous log entry ((t:4, i:16)) is not found
2021-11-02 20:09:24,414 [grpc-default-executor-1] INFO  server.RaftServer$Division (RaftServerImpl.java:checkInconsistentAppendEntries(1288)) - omNode-1@group-523986131536: inconsistency entries. Reply:omNode-2<-omNode-1#1760:FAIL-t4,INCONSISTENCY,nextIndex=11,followerCommit=10
2021-11-02 20:09:24,415 [grpc-default-executor-1] INFO  leader.FollowerInfo (FollowerInfoImpl.java:lambda$new$0(47)) - omNode-2@group-523986131536->omNode-1: nextIndex: updateUnconditionally 17 -> 11
2021-11-02 20:09:24,917 [grpc-default-executor-1] INFO  server.RaftServer$Division (RaftServerImpl.java:checkInconsistentAppendEntries(1322)) - omNode-1@group-523986131536: Failed appendEntries as previous log entry ((t:4, i:16)) is not found
2021-11-02 20:09:24,917 [grpc-default-executor-1] INFO  server.RaftServer$Division (RaftServerImpl.java:checkInconsistentAppendEntries(1288)) - omNode-1@group-523986131536: inconsistency entries. Reply:omNode-2<-omNode-1#1811:FAIL-t4,INCONSISTENCY,nextIndex=11,followerCommit=10
2021-11-02 20:09:24,918 [grpc-default-executor-1] INFO  leader.FollowerInfo (FollowerInfoImpl.java:lambda$new$0(47)) - omNode-2@group-523986131536->omNode-1: nextIndex: updateUnconditionally 17 -> 11
2021-11-02 20:09:25,424 [grpc-default-executor-1] INFO  server.RaftServer$Division (RaftServerImpl.java:checkInconsistentAppendEntries(1322)) - omNode-1@group-523986131536: Failed appendEntries as previous log entry ((t:4, i:16)) is not found
2021-11-02 20:09:25,424 [grpc-default-executor-1] INFO  server.RaftServer$Division (RaftServerImpl.java:checkInconsistentAppendEntries(1288)) - omNode-1@group-523986131536: inconsistency entries. Reply:omNode-2<-omNode-1#1862:FAIL-t4,INCONSISTENCY,nextIndex=11,followerCommit=10
2021-11-02 20:09:25,425 [grpc-default-executor-1] INFO  leader.FollowerInfo (FollowerInfoImpl.java:lambda$new$0(47)) - omNode-2@group-523986131536->omNode-1: nextIndex: updateUnconditionally 17 -> 11
2021-11-02 20:09:25,927 [grpc-default-executor-1] INFO  server.RaftServer$Division (RaftServerImpl.java:checkInconsistentAppendEntries(1322)) - omNode-1@group-523986131536: Failed appendEntries as previous log entry ((t:4, i:16)) is not found
2021-11-02 20:09:25,927 [grpc-default-executor-1] INFO  server.RaftServer$Division (RaftServerImpl.java:checkInconsistentAppendEntries(1288)) - omNode-1@group-523986131536: inconsistency entries. Reply:omNode-2<-omNode-1#1913:FAIL-t4,INCONSISTENCY,nextIndex=11,followerCommit=10
2021-11-02 20:09:25,927 [grpc-default-executor-1] INFO  leader.FollowerInfo (FollowerInfoImpl.java:lambda$new$0(47)) - omNode-2@group-523986131536->omNode-1: nextIndex: updateUnconditionally 17 -> 11
2021-11-02 20:09:26,429 [grpc-default-executor-1] INFO  server.RaftServer$Division (RaftServerImpl.java:checkInconsistentAppendEntries(1322)) - omNode-1@group-523986131536: Failed appendEntries as previous log entry ((t:4, i:16)) is not found
2021-11-02 20:09:26,429 [grpc-default-executor-1] INFO  server.RaftServer$Division (RaftServerImpl.java:checkInconsistentAppendEntries(1288)) - omNode-1@group-523986131536: inconsistency entries. Reply:omNode-2<-omNode-1#1964:FAIL-t4,INCONSISTENCY,nextIndex=11,followerCommit=10
2021-11-02 20:09:26,430 [grpc-default-executor-1] INFO  leader.FollowerInfo (FollowerInfoImpl.java:lambda$new$0(47)) - omNode-2@group-523986131536->omNode-1: nextIndex: updateUnconditionally 17 -> 11
2021-11-02 20:09:26,932 [grpc-default-executor-1] INFO  server.RaftServer$Division (RaftServerImpl.java:checkInconsistentAppendEntries(1322)) - omNode-1@group-523986131536: Failed appendEntries as previous log entry ((t:4, i:16)) is not found
2021-11-02 20:09:26,932 [grpc-default-executor-1] INFO  server.RaftServer$Division (RaftServerImpl.java:checkInconsistentAppendEntries(1288)) - omNode-1@group-523986131536: inconsistency entries. Reply:omNode-2<-omNode-1#2015:FAIL-t4,INCONSISTENCY,nextIndex=11,followerCommit=10
2021-11-02 20:09:26,932 [grpc-default-executor-1] INFO  leader.FollowerInfo (FollowerInfoImpl.java:lambda$new$0(47)) - omNode-2@group-523986131536->omNode-1: nextIndex: updateUnconditionally 17 -> 11
2021-11-02 20:09:27,435 [grpc-default-executor-1] INFO  server.RaftServer$Division (RaftServerImpl.java:checkInconsistentAppendEntries(1322)) - omNode-1@group-523986131536: Failed appendEntries as previous log entry ((t:4, i:16)) is not found
2021-11-02 20:09:27,435 [grpc-default-executor-1] INFO  server.RaftServer$Division (RaftServerImpl.java:checkInconsistentAppendEntries(1288)) - omNode-1@group-523986131536: inconsistency entries. Reply:omNode-2<-omNode-1#2066:FAIL-t4,INCONSISTENCY,nextIndex=11,followerCommit=10
2021-11-02 20:09:27,436 [grpc-default-executor-1] INFO  leader.FollowerInfo (FollowerInfoImpl.java:lambda$new$0(47)) - omNode-2@group-523986131536->omNode-1: nextIndex: updateUnconditionally 17 -> 11
2021-11-02 20:09:27,937 [grpc-default-executor-1] INFO  server.RaftServer$Division (RaftServerImpl.java:checkInconsistentAppendEntries(1322)) - omNode-1@group-523986131536: Failed appendEntries as previous log entry ((t:4, i:16)) is not found
2021-11-02 20:09:27,938 [grpc-default-executor-1] INFO  server.RaftServer$Division (RaftServerImpl.java:checkInconsistentAppendEntries(1288)) - omNode-1@group-523986131536: inconsistency entries. Reply:omNode-2<-omNode-1#2117:FAIL-t4,INCONSISTENCY,nextIndex=11,followerCommit=10
2021-11-02 20:09:27,938 [grpc-default-executor-1] INFO  leader.FollowerInfo (FollowerInfoImpl.java:lambda$new$0(47)) - omNode-2@group-523986131536->omNode-1: nextIndex: updateUnconditionally 17 -> 11
2021-11-02 20:09:28,440 [grpc-default-executor-1] INFO  server.RaftServer$Division (RaftServerImpl.java:checkInconsistentAppendEntries(1322)) - omNode-1@group-523986131536: Failed appendEntries as previous log entry ((t:4, i:16)) is not found
2021-11-02 20:09:28,440 [grpc-default-executor-1] INFO  server.RaftServer$Division (RaftServerImpl.java:checkInconsistentAppendEntries(1288)) - omNode-1@group-523986131536: inconsistency entries. Reply:omNode-2<-omNode-1#2168:FAIL-t4,INCONSISTENCY,nextIndex=11,followerCommit=10
2021-11-02 20:09:28,441 [grpc-default-executor-1] INFO  leader.FollowerInfo (FollowerInfoImpl.java:lambda$new$0(47)) - omNode-2@group-523986131536->omNode-1: nextIndex: updateUnconditionally 17 -> 11
2021-11-02 20:09:28,942 [grpc-default-executor-3] INFO  server.RaftServer$Division (RaftServerImpl.java:checkInconsistentAppendEntries(1322)) - omNode-1@group-523986131536: Failed appendEntries as previous log entry ((t:4, i:16)) is not found
2021-11-02 20:09:28,943 [grpc-default-executor-3] INFO  server.RaftServer$Division (RaftServerImpl.java:checkInconsistentAppendEntries(1288)) - omNode-1@group-523986131536: inconsistency entries. Reply:omNode-2<-omNode-1#2219:FAIL-t4,INCONSISTENCY,nextIndex=11,followerCommit=10
2021-11-02 20:09:28,943 [grpc-default-executor-3] INFO  leader.FollowerInfo (FollowerInfoImpl.java:lambda$new$0(47)) - omNode-2@group-523986131536->omNode-1: nextIndex: updateUnconditionally 17 -> 11
2021-11-02 20:09:29,445 [grpc-default-executor-3] INFO  server.RaftServer$Division (RaftServerImpl.java:checkInconsistentAppendEntries(1322)) - omNode-1@group-523986131536: Failed appendEntries as previous log entry ((t:4, i:16)) is not found
2021-11-02 20:09:29,446 [grpc-default-executor-3] INFO  server.RaftServer$Division (RaftServerImpl.java:checkInconsistentAppendEntries(1288)) - omNode-1@group-523986131536: inconsistency entries. Reply:omNode-2<-omNode-1#2270:FAIL-t4,INCONSISTENCY,nextIndex=11,followerCommit=10
2021-11-02 20:09:29,446 [grpc-default-executor-3] INFO  leader.FollowerInfo (FollowerInfoImpl.java:lambda$new$0(47)) - omNode-2@group-523986131536->omNode-1: nextIndex: updateUnconditionally 17 -> 11
2021-11-02 20:09:29,948 [grpc-default-executor-3] INFO  server.RaftServer$Division (RaftServerImpl.java:checkInconsistentAppendEntries(1322)) - omNode-1@group-523986131536: Failed appendEntries as previous log entry ((t:4, i:16)) is not found
2021-11-02 20:09:29,948 [grpc-default-executor-3] INFO  server.RaftServer$Division (RaftServerImpl.java:checkInconsistentAppendEntries(1288)) - omNode-1@group-523986131536: inconsistency entries. Reply:omNode-2<-omNode-1#2321:FAIL-t4,INCONSISTENCY,nextIndex=11,followerCommit=10
2021-11-02 20:09:29,949 [grpc-default-executor-3] INFO  leader.FollowerInfo (FollowerInfoImpl.java:lambda$new$0(47)) - omNode-2@group-523986131536->omNode-1: nextIndex: updateUnconditionally 17 -> 11
2021-11-02 20:09:30,450 [grpc-default-executor-3] INFO  server.RaftServer$Division (RaftServerImpl.java:checkInconsistentAppendEntries(1322)) - omNode-1@group-523986131536: Failed appendEntries as previous log entry ((t:4, i:16)) is not found
2021-11-02 20:09:30,451 [grpc-default-executor-3] INFO  server.RaftServer$Division (RaftServerImpl.java:checkInconsistentAppendEntries(1288)) - omNode-1@group-523986131536: inconsistency entries. Reply:omNode-2<-omNode-1#2372:FAIL-t4,INCONSISTENCY,nextIndex=11,followerCommit=10
2021-11-02 20:09:30,455 [grpc-default-executor-3] INFO  leader.FollowerInfo (FollowerInfoImpl.java:lambda$new$0(47)) - omNode-2@group-523986131536->omNode-1: nextIndex: updateUnconditionally 17 -> 11
2021-11-02 20:09:30,957 [grpc-default-executor-3] INFO  server.RaftServer$Division (RaftServerImpl.java:checkInconsistentAppendEntries(1322)) - omNode-1@group-523986131536: Failed appendEntries as previous log entry ((t:4, i:16)) is not found
2021-11-02 20:09:30,958 [grpc-default-executor-3] INFO  server.RaftServer$Division (RaftServerImpl.java:checkInconsistentAppendEntries(1288)) - omNode-1@group-523986131536: inconsistency entries. Reply:omNode-2<-omNode-1#2423:FAIL-t4,INCONSISTENCY,nextIndex=11,followerCommit=10
2021-11-02 20:09:30,958 [grpc-default-executor-3] INFO  leader.FollowerInfo (FollowerInfoImpl.java:lambda$new$0(47)) - omNode-2@group-523986131536->omNode-1: nextIndex: updateUnconditionally 17 -> 11
2021-11-02 20:09:31,460 [grpc-default-executor-3] INFO  server.RaftServer$Division (RaftServerImpl.java:checkInconsistentAppendEntries(1322)) - omNode-1@group-523986131536: Failed appendEntries as previous log entry ((t:4, i:16)) is not found
2021-11-02 20:09:31,460 [grpc-default-executor-3] INFO  server.RaftServer$Division (RaftServerImpl.java:checkInconsistentAppendEntries(1288)) - omNode-1@group-523986131536: inconsistency entries. Reply:omNode-2<-omNode-1#2474:FAIL-t4,INCONSISTENCY,nextIndex=11,followerCommit=10
2021-11-02 20:09:31,460 [grpc-default-executor-3] INFO  leader.FollowerInfo (FollowerInfoImpl.java:lambda$new$0(47)) - omNode-2@group-523986131536->omNode-1: nextIndex: updateUnconditionally 17 -> 11
2021-11-02 20:09:31,962 [grpc-default-executor-3] INFO  server.RaftServer$Division (RaftServerImpl.java:checkInconsistentAppendEntries(1322)) - omNode-1@group-523986131536: Failed appendEntries as previous log entry ((t:4, i:16)) is not found
2021-11-02 20:09:31,962 [grpc-default-executor-3] INFO  server.RaftServer$Division (RaftServerImpl.java:checkInconsistentAppendEntries(1288)) - omNode-1@group-523986131536: inconsistency entries. Reply:omNode-2<-omNode-1#2525:FAIL-t4,INCONSISTENCY,nextIndex=11,followerCommit=10
2021-11-02 20:09:31,964 [grpc-default-executor-3] INFO  leader.FollowerInfo (FollowerInfoImpl.java:lambda$new$0(47)) - omNode-2@group-523986131536->omNode-1: nextIndex: updateUnconditionally 17 -> 11
2021-11-02 20:09:32,466 [grpc-default-executor-3] INFO  server.RaftServer$Division (RaftServerImpl.java:checkInconsistentAppendEntries(1322)) - omNode-1@group-523986131536: Failed appendEntries as previous log entry ((t:4, i:16)) is not found
2021-11-02 20:09:32,466 [grpc-default-executor-3] INFO  server.RaftServer$Division (RaftServerImpl.java:checkInconsistentAppendEntries(1288)) - omNode-1@group-523986131536: inconsistency entries. Reply:omNode-2<-omNode-1#2576:FAIL-t4,INCONSISTENCY,nextIndex=11,followerCommit=10
2021-11-02 20:09:32,467 [grpc-default-executor-3] INFO  leader.FollowerInfo (FollowerInfoImpl.java:lambda$new$0(47)) - omNode-2@group-523986131536->omNode-1: nextIndex: updateUnconditionally 17 -> 11
2021-11-02 20:09:32,968 [grpc-default-executor-3] INFO  server.RaftServer$Division (RaftServerImpl.java:checkInconsistentAppendEntries(1322)) - omNode-1@group-523986131536: Failed appendEntries as previous log entry ((t:4, i:16)) is not found
2021-11-02 20:09:32,968 [grpc-default-executor-3] INFO  server.RaftServer$Division (RaftServerImpl.java:checkInconsistentAppendEntries(1288)) - omNode-1@group-523986131536: inconsistency entries. Reply:omNode-2<-omNode-1#2627:FAIL-t4,INCONSISTENCY,nextIndex=11,followerCommit=10
2021-11-02 20:09:32,968 [grpc-default-executor-3] INFO  leader.FollowerInfo (FollowerInfoImpl.java:lambda$new$0(47)) - omNode-2@group-523986131536->omNode-1: nextIndex: updateUnconditionally 17 -> 11
2021-11-02 20:09:33,470 [grpc-default-executor-3] INFO  server.RaftServer$Division (RaftServerImpl.java:checkInconsistentAppendEntries(1322)) - omNode-1@group-523986131536: Failed appendEntries as previous log entry ((t:4, i:16)) is not found
2021-11-02 20:09:33,470 [grpc-default-executor-3] INFO  server.RaftServer$Division (RaftServerImpl.java:checkInconsistentAppendEntries(1288)) - omNode-1@group-523986131536: inconsistency entries. Reply:omNode-2<-omNode-1#2678:FAIL-t4,INCONSISTENCY,nextIndex=11,followerCommit=10
2021-11-02 20:09:33,471 [grpc-default-executor-3] INFO  leader.FollowerInfo (FollowerInfoImpl.java:lambda$new$0(47)) - omNode-2@group-523986131536->omNode-1: nextIndex: updateUnconditionally 17 -> 11
2021-11-02 20:09:33,972 [grpc-default-executor-1] INFO  server.RaftServer$Division (RaftServerImpl.java:checkInconsistentAppendEntries(1322)) - omNode-1@group-523986131536: Failed appendEntries as previous log entry ((t:4, i:16)) is not found
2021-11-02 20:09:33,972 [grpc-default-executor-1] INFO  server.RaftServer$Division (RaftServerImpl.java:checkInconsistentAppendEntries(1288)) - omNode-1@group-523986131536: inconsistency entries. Reply:omNode-2<-omNode-1#2729:FAIL-t4,INCONSISTENCY,nextIndex=11,followerCommit=10
2021-11-02 20:09:33,972 [grpc-default-executor-1] INFO  leader.FollowerInfo (FollowerInfoImpl.java:lambda$new$0(47)) - omNode-2@group-523986131536->omNode-1: nextIndex: updateUnconditionally 17 -> 11
2021-11-02 20:09:34,474 [grpc-default-executor-1] INFO  server.RaftServer$Division (RaftServerImpl.java:checkInconsistentAppendEntries(1322)) - omNode-1@group-523986131536: Failed appendEntries as previous log entry ((t:4, i:16)) is not found
2021-11-02 20:09:34,474 [grpc-default-executor-1] INFO  server.RaftServer$Division (RaftServerImpl.java:checkInconsistentAppendEntries(1288)) - omNode-1@group-523986131536: inconsistency entries. Reply:omNode-2<-omNode-1#2780:FAIL-t4,INCONSISTENCY,nextIndex=11,followerCommit=10
2021-11-02 20:09:34,475 [grpc-default-executor-1] INFO  leader.FollowerInfo (FollowerInfoImpl.java:lambda$new$0(47)) - omNode-2@group-523986131536->omNode-1: nextIndex: updateUnconditionally 17 -> 11
2021-11-02 20:09:34,977 [grpc-default-executor-1] INFO  server.RaftServer$Division (RaftServerImpl.java:checkInconsistentAppendEntries(1322)) - omNode-1@group-523986131536: Failed appendEntries as previous log entry ((t:4, i:16)) is not found
2021-11-02 20:09:34,977 [grpc-default-executor-1] INFO  server.RaftServer$Division (RaftServerImpl.java:checkInconsistentAppendEntries(1288)) - omNode-1@group-523986131536: inconsistency entries. Reply:omNode-2<-omNode-1#2831:FAIL-t4,INCONSISTENCY,nextIndex=11,followerCommit=10
2021-11-02 20:09:34,978 [grpc-default-executor-1] INFO  leader.FollowerInfo (FollowerInfoImpl.java:lambda$new$0(47)) - omNode-2@group-523986131536->omNode-1: nextIndex: updateUnconditionally 17 -> 11
2021-11-02 20:09:35,480 [grpc-default-executor-1] INFO  server.RaftServer$Division (RaftServerImpl.java:checkInconsistentAppendEntries(1322)) - omNode-1@group-523986131536: Failed appendEntries as previous log entry ((t:4, i:16)) is not found
2021-11-02 20:09:35,480 [grpc-default-executor-1] INFO  server.RaftServer$Division (RaftServerImpl.java:checkInconsistentAppendEntries(1288)) - omNode-1@group-523986131536: inconsistency entries. Reply:omNode-2<-omNode-1#2882:FAIL-t4,INCONSISTENCY,nextIndex=11,followerCommit=10
2021-11-02 20:09:35,480 [grpc-default-executor-1] INFO  leader.FollowerInfo (FollowerInfoImpl.java:lambda$new$0(47)) - omNode-2@group-523986131536->omNode-1: nextIndex: updateUnconditionally 17 -> 11
2021-11-02 20:09:35,982 [grpc-default-executor-1] INFO  server.RaftServer$Division (RaftServerImpl.java:checkInconsistentAppendEntries(1322)) - omNode-1@group-523986131536: Failed appendEntries as previous log entry ((t:4, i:16)) is not found
2021-11-02 20:09:35,983 [grpc-default-executor-1] INFO  server.RaftServer$Division (RaftServerImpl.java:checkInconsistentAppendEntries(1288)) - omNode-1@group-523986131536: inconsistency entries. Reply:omNode-2<-omNode-1#2933:FAIL-t4,INCONSISTENCY,nextIndex=11,followerCommit=10
2021-11-02 20:09:35,983 [grpc-default-executor-1] INFO  leader.FollowerInfo (FollowerInfoImpl.java:lambda$new$0(47)) - omNode-2@group-523986131536->omNode-1: nextIndex: updateUnconditionally 17 -> 11
2021-11-02 20:09:36,484 [grpc-default-executor-1] INFO  server.RaftServer$Division (RaftServerImpl.java:checkInconsistentAppendEntries(1322)) - omNode-1@group-523986131536: Failed appendEntries as previous log entry ((t:4, i:16)) is not found
2021-11-02 20:09:36,484 [grpc-default-executor-1] INFO  server.RaftServer$Division (RaftServerImpl.java:checkInconsistentAppendEntries(1288)) - omNode-1@group-523986131536: inconsistency entries. Reply:omNode-2<-omNode-1#2984:FAIL-t4,INCONSISTENCY,nextIndex=11,followerCommit=10
2021-11-02 20:09:36,485 [grpc-default-executor-1] INFO  leader.FollowerInfo (FollowerInfoImpl.java:lambda$new$0(47)) - omNode-2@group-523986131536->omNode-1: nextIndex: updateUnconditionally 17 -> 11
2021-11-02 20:09:36,987 [grpc-default-executor-1] INFO  server.RaftServer$Division (RaftServerImpl.java:checkInconsistentAppendEntries(1322)) - omNode-1@group-523986131536: Failed appendEntries as previous log entry ((t:4, i:16)) is not found
2021-11-02 20:09:36,987 [grpc-default-executor-1] INFO  server.RaftServer$Division (RaftServerImpl.java:checkInconsistentAppendEntries(1288)) - omNode-1@group-523986131536: inconsistency entries. Reply:omNode-2<-omNode-1#3035:FAIL-t4,INCONSISTENCY,nextIndex=11,followerCommit=10
2021-11-02 20:09:36,987 [grpc-default-executor-1] INFO  leader.FollowerInfo (FollowerInfoImpl.java:lambda$new$0(47)) - omNode-2@group-523986131536->omNode-1: nextIndex: updateUnconditionally 17 -> 11
2021-11-02 20:09:37,489 [grpc-default-executor-1] INFO  server.RaftServer$Division (RaftServerImpl.java:checkInconsistentAppendEntries(1322)) - omNode-1@group-523986131536: Failed appendEntries as previous log entry ((t:4, i:16)) is not found
2021-11-02 20:09:37,489 [grpc-default-executor-1] INFO  server.RaftServer$Division (RaftServerImpl.java:checkInconsistentAppendEntries(1288)) - omNode-1@group-523986131536: inconsistency entries. Reply:omNode-2<-omNode-1#3086:FAIL-t4,INCONSISTENCY,nextIndex=11,followerCommit=10
2021-11-02 20:09:37,490 [grpc-default-executor-1] INFO  leader.FollowerInfo (FollowerInfoImpl.java:lambda$new$0(47)) - omNode-2@group-523986131536->omNode-1: nextIndex: updateUnconditionally 17 -> 11
2021-11-02 20:09:37,991 [grpc-default-executor-1] INFO  server.RaftServer$Division (RaftServerImpl.java:checkInconsistentAppendEntries(1322)) - omNode-1@group-523986131536: Failed appendEntries as previous log entry ((t:4, i:16)) is not found
2021-11-02 20:09:37,991 [grpc-default-executor-1] INFO  server.RaftServer$Division (RaftServerImpl.java:checkInconsistentAppendEntries(1288)) - omNode-1@group-523986131536: inconsistency entries. Reply:omNode-2<-omNode-1#3137:FAIL-t4,INCONSISTENCY,nextIndex=11,followerCommit=10
2021-11-02 20:09:37,992 [grpc-default-executor-1] INFO  leader.FollowerInfo (FollowerInfoImpl.java:lambda$new$0(47)) - omNode-2@group-523986131536->omNode-1: nextIndex: updateUnconditionally 17 -> 11
2021-11-02 20:09:38,494 [grpc-default-executor-1] INFO  server.RaftServer$Division (RaftServerImpl.java:checkInconsistentAppendEntries(1322)) - omNode-1@group-523986131536: Failed appendEntries as previous log entry ((t:4, i:16)) is not found
2021-11-02 20:09:38,494 [grpc-default-executor-1] INFO  server.RaftServer$Division (RaftServerImpl.java:checkInconsistentAppendEntries(1288)) - omNode-1@group-523986131536: inconsistency entries. Reply:omNode-2<-omNode-1#3188:FAIL-t4,INCONSISTENCY,nextIndex=11,followerCommit=10
2021-11-02 20:09:38,494 [grpc-default-executor-1] INFO  leader.FollowerInfo (FollowerInfoImpl.java:lambda$new$0(47)) - omNode-2@group-523986131536->omNode-1: nextIndex: updateUnconditionally 17 -> 11
2021-11-02 20:09:38,996 [grpc-default-executor-1] INFO  server.RaftServer$Division (RaftServerImpl.java:checkInconsistentAppendEntries(1322)) - omNode-1@group-523986131536: Failed appendEntries as previous log entry ((t:4, i:16)) is not found
2021-11-02 20:09:38,996 [grpc-default-executor-1] INFO  server.RaftServer$Division (RaftServerImpl.java:checkInconsistentAppendEntries(1288)) - omNode-1@group-523986131536: inconsistency entries. Reply:omNode-2<-omNode-1#3239:FAIL-t4,INCONSISTENCY,nextIndex=11,followerCommit=10
2021-11-02 20:09:38,997 [grpc-default-executor-1] INFO  leader.FollowerInfo (FollowerInfoImpl.java:lambda$new$0(47)) - omNode-2@group-523986131536->omNode-1: nextIndex: updateUnconditionally 17 -> 11
2021-11-02 20:09:39,498 [grpc-default-executor-1] INFO  server.RaftServer$Division (RaftServerImpl.java:checkInconsistentAppendEntries(1322)) - omNode-1@group-523986131536: Failed appendEntries as previous log entry ((t:4, i:16)) is not found
2021-11-02 20:09:39,498 [grpc-default-executor-1] INFO  server.RaftServer$Division (RaftServerImpl.java:checkInconsistentAppendEntries(1288)) - omNode-1@group-523986131536: inconsistency entries. Reply:omNode-2<-omNode-1#3290:FAIL-t4,INCONSISTENCY,nextIndex=11,followerCommit=10
2021-11-02 20:09:39,499 [grpc-default-executor-1] INFO  leader.FollowerInfo (FollowerInfoImpl.java:lambda$new$0(47)) - omNode-2@group-523986131536->omNode-1: nextIndex: updateUnconditionally 17 -> 11
2021-11-02 20:09:40,000 [grpc-default-executor-1] INFO  server.RaftServer$Division (RaftServerImpl.java:checkInconsistentAppendEntries(1322)) - omNode-1@group-523986131536: Failed appendEntries as previous log entry ((t:4, i:16)) is not found
2021-11-02 20:09:40,001 [grpc-default-executor-1] INFO  server.RaftServer$Division (RaftServerImpl.java:checkInconsistentAppendEntries(1288)) - omNode-1@group-523986131536: inconsistency entries. Reply:omNode-2<-omNode-1#3341:FAIL-t4,INCONSISTENCY,nextIndex=11,followerCommit=10
2021-11-02 20:09:40,001 [grpc-default-executor-1] INFO  leader.FollowerInfo (FollowerInfoImpl.java:lambda$new$0(47)) - omNode-2@group-523986131536->omNode-1: nextIndex: updateUnconditionally 17 -> 11
2021-11-02 20:09:40,503 [grpc-default-executor-1] INFO  server.RaftServer$Division (RaftServerImpl.java:checkInconsistentAppendEntries(1322)) - omNode-1@group-523986131536: Failed appendEntries as previous log entry ((t:4, i:16)) is not found
2021-11-02 20:09:40,503 [grpc-default-executor-1] INFO  server.RaftServer$Division (RaftServerImpl.java:checkInconsistentAppendEntries(1288)) - omNode-1@group-523986131536: inconsistency entries. Reply:omNode-2<-omNode-1#3392:FAIL-t4,INCONSISTENCY,nextIndex=11,followerCommit=10
2021-11-02 20:09:40,504 [grpc-default-executor-1] INFO  leader.FollowerInfo (FollowerInfoImpl.java:lambda$new$0(47)) - omNode-2@group-523986131536->omNode-1: nextIndex: updateUnconditionally 17 -> 11
2021-11-02 20:09:41,006 [grpc-default-executor-1] INFO  server.RaftServer$Division (RaftServerImpl.java:checkInconsistentAppendEntries(1322)) - omNode-1@group-523986131536: Failed appendEntries as previous log entry ((t:4, i:16)) is not found
2021-11-02 20:09:41,007 [grpc-default-executor-1] INFO  server.RaftServer$Division (RaftServerImpl.java:checkInconsistentAppendEntries(1288)) - omNode-1@group-523986131536: inconsistency entries. Reply:omNode-2<-omNode-1#3443:FAIL-t4,INCONSISTENCY,nextIndex=11,followerCommit=10
2021-11-02 20:09:41,007 [grpc-default-executor-1] INFO  leader.FollowerInfo (FollowerInfoImpl.java:lambda$new$0(47)) - omNode-2@group-523986131536->omNode-1: nextIndex: updateUnconditionally 17 -> 11
2021-11-02 20:09:41,508 [grpc-default-executor-1] INFO  server.RaftServer$Division (RaftServerImpl.java:checkInconsistentAppendEntries(1322)) - omNode-1@group-523986131536: Failed appendEntries as previous log entry ((t:4, i:16)) is not found
2021-11-02 20:09:41,508 [grpc-default-executor-1] INFO  server.RaftServer$Division (RaftServerImpl.java:checkInconsistentAppendEntries(1288)) - omNode-1@group-523986131536: inconsistency entries. Reply:omNode-2<-omNode-1#3494:FAIL-t4,INCONSISTENCY,nextIndex=11,followerCommit=10
2021-11-02 20:09:41,509 [grpc-default-executor-1] INFO  leader.FollowerInfo (FollowerInfoImpl.java:lambda$new$0(47)) - omNode-2@group-523986131536->omNode-1: nextIndex: updateUnconditionally 17 -> 11
2021-11-02 20:09:42,010 [grpc-default-executor-1] INFO  server.RaftServer$Division (RaftServerImpl.java:checkInconsistentAppendEntries(1322)) - omNode-1@group-523986131536: Failed appendEntries as previous log entry ((t:4, i:16)) is not found
2021-11-02 20:09:42,010 [grpc-default-executor-1] INFO  server.RaftServer$Division (RaftServerImpl.java:checkInconsistentAppendEntries(1288)) - omNode-1@group-523986131536: inconsistency entries. Reply:omNode-2<-omNode-1#3545:FAIL-t4,INCONSISTENCY,nextIndex=11,followerCommit=10
2021-11-02 20:09:42,011 [grpc-default-executor-1] INFO  leader.FollowerInfo (FollowerInfoImpl.java:lambda$new$0(47)) - omNode-2@group-523986131536->omNode-1: nextIndex: updateUnconditionally 17 -> 11
2021-11-02 20:09:42,512 [grpc-default-executor-1] INFO  server.RaftServer$Division (RaftServerImpl.java:checkInconsistentAppendEntries(1322)) - omNode-1@group-523986131536: Failed appendEntries as previous log entry ((t:4, i:16)) is not found
2021-11-02 20:09:42,512 [grpc-default-executor-1] INFO  server.RaftServer$Division (RaftServerImpl.java:checkInconsistentAppendEntries(1288)) - omNode-1@group-523986131536: inconsistency entries. Reply:omNode-2<-omNode-1#3596:FAIL-t4,INCONSISTENCY,nextIndex=11,followerCommit=10
2021-11-02 20:09:42,513 [grpc-default-executor-1] INFO  leader.FollowerInfo (FollowerInfoImpl.java:lambda$new$0(47)) - omNode-2@group-523986131536->omNode-1: nextIndex: updateUnconditionally 17 -> 11
2021-11-02 20:09:43,014 [grpc-default-executor-1] INFO  server.RaftServer$Division (RaftServerImpl.java:checkInconsistentAppendEntries(1322)) - omNode-1@group-523986131536: Failed appendEntries as previous log entry ((t:4, i:16)) is not found
2021-11-02 20:09:43,015 [grpc-default-executor-1] INFO  server.RaftServer$Division (RaftServerImpl.java:checkInconsistentAppendEntries(1288)) - omNode-1@group-523986131536: inconsistency entries. Reply:omNode-2<-omNode-1#3647:FAIL-t4,INCONSISTENCY,nextIndex=11,followerCommit=10
2021-11-02 20:09:43,015 [grpc-default-executor-1] INFO  leader.FollowerInfo (FollowerInfoImpl.java:lambda$new$0(47)) - omNode-2@group-523986131536->omNode-1: nextIndex: updateUnconditionally 17 -> 11
2021-11-02 20:09:43,517 [grpc-default-executor-1] INFO  server.RaftServer$Division (RaftServerImpl.java:checkInconsistentAppendEntries(1322)) - omNode-1@group-523986131536: Failed appendEntries as previous log entry ((t:4, i:16)) is not found
2021-11-02 20:09:43,517 [grpc-default-executor-1] INFO  server.RaftServer$Division (RaftServerImpl.java:checkInconsistentAppendEntries(1288)) - omNode-1@group-523986131536: inconsistency entries. Reply:omNode-2<-omNode-1#3698:FAIL-t4,INCONSISTENCY,nextIndex=11,followerCommit=10
2021-11-02 20:09:43,518 [grpc-default-executor-1] INFO  leader.FollowerInfo (FollowerInfoImpl.java:lambda$new$0(47)) - omNode-2@group-523986131536->omNode-1: nextIndex: updateUnconditionally 17 -> 11
2021-11-02 20:09:44,020 [grpc-default-executor-3] INFO  server.RaftServer$Division (RaftServerImpl.java:checkInconsistentAppendEntries(1322)) - omNode-1@group-523986131536: Failed appendEntries as previous log entry ((t:4, i:16)) is not found
2021-11-02 20:09:44,020 [grpc-default-executor-3] INFO  server.RaftServer$Division (RaftServerImpl.java:checkInconsistentAppendEntries(1288)) - omNode-1@group-523986131536: inconsistency entries. Reply:omNode-2<-omNode-1#3749:FAIL-t4,INCONSISTENCY,nextIndex=11,followerCommit=10
2021-11-02 20:09:44,020 [grpc-default-executor-3] INFO  leader.FollowerInfo (FollowerInfoImpl.java:lambda$new$0(47)) - omNode-2@group-523986131536->omNode-1: nextIndex: updateUnconditionally 17 -> 11
2021-11-02 20:09:44,522 [grpc-default-executor-3] INFO  server.RaftServer$Division (RaftServerImpl.java:checkInconsistentAppendEntries(1322)) - omNode-1@group-523986131536: Failed appendEntries as previous log entry ((t:4, i:16)) is not found
2021-11-02 20:09:44,522 [grpc-default-executor-3] INFO  server.RaftServer$Division (RaftServerImpl.java:checkInconsistentAppendEntries(1288)) - omNode-1@group-523986131536: inconsistency entries. Reply:omNode-2<-omNode-1#3800:FAIL-t4,INCONSISTENCY,nextIndex=11,followerCommit=10
2021-11-02 20:09:44,522 [grpc-default-executor-3] INFO  leader.FollowerInfo (FollowerInfoImpl.java:lambda$new$0(47)) - omNode-2@group-523986131536->omNode-1: nextIndex: updateUnconditionally 17 -> 11
2021-11-02 20:09:45,024 [grpc-default-executor-3] INFO  server.RaftServer$Division (RaftServerImpl.java:checkInconsistentAppendEntries(1322)) - omNode-1@group-523986131536: Failed appendEntries as previous log entry ((t:4, i:16)) is not found
2021-11-02 20:09:45,024 [grpc-default-executor-3] INFO  server.RaftServer$Division (RaftServerImpl.java:checkInconsistentAppendEntries(1288)) - omNode-1@group-523986131536: inconsistency entries. Reply:omNode-2<-omNode-1#3851:FAIL-t4,INCONSISTENCY,nextIndex=11,followerCommit=10
2021-11-02 20:09:45,024 [grpc-default-executor-3] INFO  leader.FollowerInfo (FollowerInfoImpl.java:lambda$new$0(47)) - omNode-2@group-523986131536->omNode-1: nextIndex: updateUnconditionally 17 -> 11
2021-11-02 20:09:45,526 [grpc-default-executor-3] INFO  server.RaftServer$Division (RaftServerImpl.java:checkInconsistentAppendEntries(1322)) - omNode-1@group-523986131536: Failed appendEntries as previous log entry ((t:4, i:16)) is not found
2021-11-02 20:09:45,526 [grpc-default-executor-3] INFO  server.RaftServer$Division (RaftServerImpl.java:checkInconsistentAppendEntries(1288)) - omNode-1@group-523986131536: inconsistency entries. Reply:omNode-2<-omNode-1#3902:FAIL-t4,INCONSISTENCY,nextIndex=11,followerCommit=10
2021-11-02 20:09:45,527 [grpc-default-executor-3] INFO  leader.FollowerInfo (FollowerInfoImpl.java:lambda$new$0(47)) - omNode-2@group-523986131536->omNode-1: nextIndex: updateUnconditionally 17 -> 11
2021-11-02 20:09:46,028 [grpc-default-executor-3] INFO  server.RaftServer$Division (RaftServerImpl.java:checkInconsistentAppendEntries(1322)) - omNode-1@group-523986131536: Failed appendEntries as previous log entry ((t:4, i:16)) is not found
2021-11-02 20:09:46,028 [grpc-default-executor-3] INFO  server.RaftServer$Division (RaftServerImpl.java:checkInconsistentAppendEntries(1288)) - omNode-1@group-523986131536: inconsistency entries. Reply:omNode-2<-omNode-1#3953:FAIL-t4,INCONSISTENCY,nextIndex=11,followerCommit=10
2021-11-02 20:09:46,029 [grpc-default-executor-3] INFO  leader.FollowerInfo (FollowerInfoImpl.java:lambda$new$0(47)) - omNode-2@group-523986131536->omNode-1: nextIndex: updateUnconditionally 17 -> 11
2021-11-02 20:09:46,530 [grpc-default-executor-1] INFO  server.RaftServer$Division (RaftServerImpl.java:checkInconsistentAppendEntries(1322)) - omNode-1@group-523986131536: Failed appendEntries as previous log entry ((t:4, i:16)) is not found
2021-11-02 20:09:46,530 [grpc-default-executor-1] INFO  server.RaftServer$Division (RaftServerImpl.java:checkInconsistentAppendEntries(1288)) - omNode-1@group-523986131536: inconsistency entries. Reply:omNode-2<-omNode-1#4003:FAIL-t4,INCONSISTENCY,nextIndex=11,followerCommit=10
2021-11-02 20:09:46,530 [grpc-default-executor-1] INFO  leader.FollowerInfo (FollowerInfoImpl.java:lambda$new$0(47)) - omNode-2@group-523986131536->omNode-1: nextIndex: updateUnconditionally 17 -> 11
2021-11-02 20:09:47,032 [grpc-default-executor-1] INFO  server.RaftServer$Division (RaftServerImpl.java:checkInconsistentAppendEntries(1322)) - omNode-1@group-523986131536: Failed appendEntries as previous log entry ((t:4, i:16)) is not found
2021-11-02 20:09:47,032 [grpc-default-executor-1] INFO  server.RaftServer$Division (RaftServerImpl.java:checkInconsistentAppendEntries(1288)) - omNode-1@group-523986131536: inconsistency entries. Reply:omNode-2<-omNode-1#4054:FAIL-t4,INCONSISTENCY,nextIndex=11,followerCommit=10
2021-11-02 20:09:47,033 [grpc-default-executor-1] INFO  leader.FollowerInfo (FollowerInfoImpl.java:lambda$new$0(47)) - omNode-2@group-523986131536->omNode-1: nextIndex: updateUnconditionally 17 -> 11
2021-11-02 20:09:47,537 [grpc-default-executor-1] INFO  server.RaftServer$Division (RaftServerImpl.java:checkInconsistentAppendEntries(1322)) - omNode-1@group-523986131536: Failed appendEntries as previous log entry ((t:4, i:16)) is not found
2021-11-02 20:09:47,538 [grpc-default-executor-1] INFO  server.RaftServer$Division (RaftServerImpl.java:checkInconsistentAppendEntries(1288)) - omNode-1@group-523986131536: inconsistency entries. Reply:omNode-2<-omNode-1#4105:FAIL-t4,INCONSISTENCY,nextIndex=11,followerCommit=10
2021-11-02 20:09:47,538 [grpc-default-executor-1] INFO  leader.FollowerInfo (FollowerInfoImpl.java:lambda$new$0(47)) - omNode-2@group-523986131536->omNode-1: nextIndex: updateUnconditionally 17 -> 11
2021-11-02 20:09:48,040 [grpc-default-executor-1] INFO  server.RaftServer$Division (RaftServerImpl.java:checkInconsistentAppendEntries(1322)) - omNode-1@group-523986131536: Failed appendEntries as previous log entry ((t:4, i:16)) is not found
2021-11-02 20:09:48,040 [grpc-default-executor-1] INFO  server.RaftServer$Division (RaftServerImpl.java:checkInconsistentAppendEntries(1288)) - omNode-1@group-523986131536: inconsistency entries. Reply:omNode-2<-omNode-1#4156:FAIL-t4,INCONSISTENCY,nextIndex=11,followerCommit=10
2021-11-02 20:09:48,040 [grpc-default-executor-1] INFO  leader.FollowerInfo (FollowerInfoImpl.java:lambda$new$0(47)) - omNode-2@group-523986131536->omNode-1: nextIndex: updateUnconditionally 17 -> 11
2021-11-02 20:09:48,541 [grpc-default-executor-1] INFO  server.RaftServer$Division (RaftServerImpl.java:checkInconsistentAppendEntries(1322)) - omNode-1@group-523986131536: Failed appendEntries as previous log entry ((t:4, i:16)) is not found
2021-11-02 20:09:48,542 [grpc-default-executor-1] INFO  server.RaftServer$Division (RaftServerImpl.java:checkInconsistentAppendEntries(1288)) - omNode-1@group-523986131536: inconsistency entries. Reply:omNode-2<-omNode-1#4207:FAIL-t4,INCONSISTENCY,nextIndex=11,followerCommit=10
2021-11-02 20:09:48,542 [grpc-default-executor-1] INFO  leader.FollowerInfo (FollowerInfoImpl.java:lambda$new$0(47)) - omNode-2@group-523986131536->omNode-1: nextIndex: updateUnconditionally 17 -> 11
2021-11-02 20:09:49,043 [grpc-default-executor-3] INFO  server.RaftServer$Division (RaftServerImpl.java:checkInconsistentAppendEntries(1322)) - omNode-1@group-523986131536: Failed appendEntries as previous log entry ((t:4, i:16)) is not found
2021-11-02 20:09:49,044 [grpc-default-executor-3] INFO  server.RaftServer$Division (RaftServerImpl.java:checkInconsistentAppendEntries(1288)) - omNode-1@group-523986131536: inconsistency entries. Reply:omNode-2<-omNode-1#4258:FAIL-t4,INCONSISTENCY,nextIndex=11,followerCommit=10
2021-11-02 20:09:49,044 [grpc-default-executor-3] INFO  leader.FollowerInfo (FollowerInfoImpl.java:lambda$new$0(47)) - omNode-2@group-523986131536->omNode-1: nextIndex: updateUnconditionally 17 -> 11
2021-11-02 20:09:49,546 [grpc-default-executor-3] INFO  server.RaftServer$Division (RaftServerImpl.java:checkInconsistentAppendEntries(1322)) - omNode-1@group-523986131536: Failed appendEntries as previous log entry ((t:4, i:16)) is not found
2021-11-02 20:09:49,546 [grpc-default-executor-3] INFO  server.RaftServer$Division (RaftServerImpl.java:checkInconsistentAppendEntries(1288)) - omNode-1@group-523986131536: inconsistency entries. Reply:omNode-2<-omNode-1#4309:FAIL-t4,INCONSISTENCY,nextIndex=11,followerCommit=10
2021-11-02 20:09:49,546 [grpc-default-executor-3] INFO  leader.FollowerInfo (FollowerInfoImpl.java:lambda$new$0(47)) - omNode-2@group-523986131536->omNode-1: nextIndex: updateUnconditionally 17 -> 11
2021-11-02 20:09:50,048 [grpc-default-executor-3] INFO  server.RaftServer$Division (RaftServerImpl.java:checkInconsistentAppendEntries(1322)) - omNode-1@group-523986131536: Failed appendEntries as previous log entry ((t:4, i:16)) is not found
2021-11-02 20:09:50,048 [grpc-default-executor-3] INFO  server.RaftServer$Division (RaftServerImpl.java:checkInconsistentAppendEntries(1288)) - omNode-1@group-523986131536: inconsistency entries. Reply:omNode-2<-omNode-1#4360:FAIL-t4,INCONSISTENCY,nextIndex=11,followerCommit=10
2021-11-02 20:09:50,049 [grpc-default-executor-3] INFO  leader.FollowerInfo (FollowerInfoImpl.java:lambda$new$0(47)) - omNode-2@group-523986131536->omNode-1: nextIndex: updateUnconditionally 17 -> 11
2021-11-02 20:09:50,550 [grpc-default-executor-3] INFO  server.RaftServer$Division (RaftServerImpl.java:checkInconsistentAppendEntries(1322)) - omNode-1@group-523986131536: Failed appendEntries as previous log entry ((t:4, i:16)) is not found
2021-11-02 20:09:50,550 [grpc-default-executor-3] INFO  server.RaftServer$Division (RaftServerImpl.java:checkInconsistentAppendEntries(1288)) - omNode-1@group-523986131536: inconsistency entries. Reply:omNode-2<-omNode-1#4411:FAIL-t4,INCONSISTENCY,nextIndex=11,followerCommit=10
2021-11-02 20:09:50,551 [grpc-default-executor-3] INFO  leader.FollowerInfo (FollowerInfoImpl.java:lambda$new$0(47)) - omNode-2@group-523986131536->omNode-1: nextIndex: updateUnconditionally 17 -> 11
2021-11-02 20:09:51,052 [grpc-default-executor-3] INFO  server.RaftServer$Division (RaftServerImpl.java:checkInconsistentAppendEntries(1322)) - omNode-1@group-523986131536: Failed appendEntries as previous log entry ((t:4, i:16)) is not found
2021-11-02 20:09:51,052 [grpc-default-executor-3] INFO  server.RaftServer$Division (RaftServerImpl.java:checkInconsistentAppendEntries(1288)) - omNode-1@group-523986131536: inconsistency entries. Reply:omNode-2<-omNode-1#4462:FAIL-t4,INCONSISTENCY,nextIndex=11,followerCommit=10
2021-11-02 20:09:51,053 [grpc-default-executor-3] INFO  leader.FollowerInfo (FollowerInfoImpl.java:lambda$new$0(47)) - omNode-2@group-523986131536->omNode-1: nextIndex: updateUnconditionally 17 -> 11
2021-11-02 20:09:51,554 [grpc-default-executor-3] INFO  server.RaftServer$Division (RaftServerImpl.java:checkInconsistentAppendEntries(1322)) - omNode-1@group-523986131536: Failed appendEntries as previous log entry ((t:4, i:16)) is not found
2021-11-02 20:09:51,554 [grpc-default-executor-3] INFO  server.RaftServer$Division (RaftServerImpl.java:checkInconsistentAppendEntries(1288)) - omNode-1@group-523986131536: inconsistency entries. Reply:omNode-2<-omNode-1#4513:FAIL-t4,INCONSISTENCY,nextIndex=11,followerCommit=10
2021-11-02 20:09:51,555 [grpc-default-executor-1] INFO  leader.FollowerInfo (FollowerInfoImpl.java:lambda$new$0(47)) - omNode-2@group-523986131536->omNode-1: nextIndex: updateUnconditionally 17 -> 11
2021-11-02 20:09:52,057 [grpc-default-executor-3] INFO  server.RaftServer$Division (RaftServerImpl.java:checkInconsistentAppendEntries(1322)) - omNode-1@group-523986131536: Failed appendEntries as previous log entry ((t:4, i:16)) is not found
2021-11-02 20:09:52,057 [grpc-default-executor-3] INFO  server.RaftServer$Division (RaftServerImpl.java:checkInconsistentAppendEntries(1288)) - omNode-1@group-523986131536: inconsistency entries. Reply:omNode-2<-omNode-1#4563:FAIL-t4,INCONSISTENCY,nextIndex=11,followerCommit=10
2021-11-02 20:09:52,057 [grpc-default-executor-3] INFO  leader.FollowerInfo (FollowerInfoImpl.java:lambda$new$0(47)) - omNode-2@group-523986131536->omNode-1: nextIndex: updateUnconditionally 17 -> 11
2021-11-02 20:09:52,559 [grpc-default-executor-3] INFO  server.RaftServer$Division (RaftServerImpl.java:checkInconsistentAppendEntries(1322)) - omNode-1@group-523986131536: Failed appendEntries as previous log entry ((t:4, i:16)) is not found
2021-11-02 20:09:52,560 [grpc-default-executor-3] INFO  server.RaftServer$Division (RaftServerImpl.java:checkInconsistentAppendEntries(1288)) - omNode-1@group-523986131536: inconsistency entries. Reply:omNode-2<-omNode-1#4614:FAIL-t4,INCONSISTENCY,nextIndex=11,followerCommit=10
2021-11-02 20:09:52,560 [grpc-default-executor-3] INFO  leader.FollowerInfo (FollowerInfoImpl.java:lambda$new$0(47)) - omNode-2@group-523986131536->omNode-1: nextIndex: updateUnconditionally 17 -> 11
2021-11-02 20:09:53,062 [grpc-default-executor-3] INFO  server.RaftServer$Division (RaftServerImpl.java:checkInconsistentAppendEntries(1322)) - omNode-1@group-523986131536: Failed appendEntries as previous log entry ((t:4, i:16)) is not found
2021-11-02 20:09:53,062 [grpc-default-executor-3] INFO  server.RaftServer$Division (RaftServerImpl.java:checkInconsistentAppendEntries(1288)) - omNode-1@group-523986131536: inconsistency entries. Reply:omNode-2<-omNode-1#4665:FAIL-t4,INCONSISTENCY,nextIndex=11,followerCommit=10
2021-11-02 20:09:53,063 [grpc-default-executor-3] INFO  leader.FollowerInfo (FollowerInfoImpl.java:lambda$new$0(47)) - omNode-2@group-523986131536->omNode-1: nextIndex: updateUnconditionally 17 -> 11
2021-11-02 20:09:53,565 [grpc-default-executor-3] INFO  server.RaftServer$Division (RaftServerImpl.java:checkInconsistentAppendEntries(1322)) - omNode-1@group-523986131536: Failed appendEntries as previous log entry ((t:4, i:16)) is not found
2021-11-02 20:09:53,565 [grpc-default-executor-3] INFO  server.RaftServer$Division (RaftServerImpl.java:checkInconsistentAppendEntries(1288)) - omNode-1@group-523986131536: inconsistency entries. Reply:omNode-2<-omNode-1#4716:FAIL-t4,INCONSISTENCY,nextIndex=11,followerCommit=10
2021-11-02 20:09:53,566 [grpc-default-executor-3] INFO  leader.FollowerInfo (FollowerInfoImpl.java:lambda$new$0(47)) - omNode-2@group-523986131536->omNode-1: nextIndex: updateUnconditionally 17 -> 11
2021-11-02 20:09:54,067 [grpc-default-executor-3] INFO  server.RaftServer$Division (RaftServerImpl.java:checkInconsistentAppendEntries(1322)) - omNode-1@group-523986131536: Failed appendEntries as previous log entry ((t:4, i:16)) is not found
2021-11-02 20:09:54,067 [grpc-default-executor-3] INFO  server.RaftServer$Division (RaftServerImpl.java:checkInconsistentAppendEntries(1288)) - omNode-1@group-523986131536: inconsistency entries. Reply:omNode-2<-omNode-1#4767:FAIL-t4,INCONSISTENCY,nextIndex=11,followerCommit=10
2021-11-02 20:09:54,068 [grpc-default-executor-3] INFO  leader.FollowerInfo (FollowerInfoImpl.java:lambda$new$0(47)) - omNode-2@group-523986131536->omNode-1: nextIndex: updateUnconditionally 17 -> 11
2021-11-02 20:09:54,570 [grpc-default-executor-3] INFO  server.RaftServer$Division (RaftServerImpl.java:checkInconsistentAppendEntries(1322)) - omNode-1@group-523986131536: Failed appendEntries as previous log entry ((t:4, i:16)) is not found
2021-11-02 20:09:54,570 [grpc-default-executor-3] INFO  server.RaftServer$Division (RaftServerImpl.java:checkInconsistentAppendEntries(1288)) - omNode-1@group-523986131536: inconsistency entries. Reply:omNode-2<-omNode-1#4818:FAIL-t4,INCONSISTENCY,nextIndex=11,followerCommit=10
2021-11-02 20:09:54,571 [grpc-default-executor-3] INFO  leader.FollowerInfo (FollowerInfoImpl.java:lambda$new$0(47)) - omNode-2@group-523986131536->omNode-1: nextIndex: updateUnconditionally 17 -> 11
2021-11-02 20:09:55,073 [grpc-default-executor-3] INFO  server.RaftServer$Division (RaftServerImpl.java:checkInconsistentAppendEntries(1322)) - omNode-1@group-523986131536: Failed appendEntries as previous log entry ((t:4, i:16)) is not found
2021-11-02 20:09:55,073 [grpc-default-executor-3] INFO  server.RaftServer$Division (RaftServerImpl.java:checkInconsistentAppendEntries(1288)) - omNode-1@group-523986131536: inconsistency entries. Reply:omNode-2<-omNode-1#4869:FAIL-t4,INCONSISTENCY,nextIndex=11,followerCommit=10
2021-11-02 20:09:55,074 [grpc-default-executor-3] INFO  leader.FollowerInfo (FollowerInfoImpl.java:lambda$new$0(47)) - omNode-2@group-523986131536->omNode-1: nextIndex: updateUnconditionally 17 -> 11
2021-11-02 20:09:55,576 [grpc-default-executor-3] INFO  server.RaftServer$Division (RaftServerImpl.java:checkInconsistentAppendEntries(1322)) - omNode-1@group-523986131536: Failed appendEntries as previous log entry ((t:4, i:16)) is not found
2021-11-02 20:09:55,576 [grpc-default-executor-3] INFO  server.RaftServer$Division (RaftServerImpl.java:checkInconsistentAppendEntries(1288)) - omNode-1@group-523986131536: inconsistency entries. Reply:omNode-2<-omNode-1#4920:FAIL-t4,INCONSISTENCY,nextIndex=11,followerCommit=10
2021-11-02 20:09:55,577 [grpc-default-executor-3] INFO  leader.FollowerInfo (FollowerInfoImpl.java:lambda$new$0(47)) - omNode-2@group-523986131536->omNode-1: nextIndex: updateUnconditionally 17 -> 11
2021-11-02 20:09:56,078 [grpc-default-executor-1] INFO  server.RaftServer$Division (RaftServerImpl.java:checkInconsistentAppendEntries(1322)) - omNode-1@group-523986131536: Failed appendEntries as previous log entry ((t:4, i:16)) is not found
2021-11-02 20:09:56,079 [grpc-default-executor-1] INFO  server.RaftServer$Division (RaftServerImpl.java:checkInconsistentAppendEntries(1288)) - omNode-1@group-523986131536: inconsistency entries. Reply:omNode-2<-omNode-1#4971:FAIL-t4,INCONSISTENCY,nextIndex=11,followerCommit=10
2021-11-02 20:09:56,079 [grpc-default-executor-3] INFO  leader.FollowerInfo (FollowerInfoImpl.java:lambda$new$0(47)) - omNode-2@group-523986131536->omNode-1: nextIndex: updateUnconditionally 17 -> 11
2021-11-02 20:09:56,580 [grpc-default-executor-3] INFO  server.RaftServer$Division (RaftServerImpl.java:checkInconsistentAppendEntries(1322)) - omNode-1@group-523986131536: Failed appendEntries as previous log entry ((t:4, i:16)) is not found
2021-11-02 20:09:56,580 [grpc-default-executor-3] INFO  server.RaftServer$Division (RaftServerImpl.java:checkInconsistentAppendEntries(1288)) - omNode-1@group-523986131536: inconsistency entries. Reply:omNode-2<-omNode-1#5022:FAIL-t4,INCONSISTENCY,nextIndex=11,followerCommit=10
2021-11-02 20:09:56,581 [grpc-default-executor-3] INFO  leader.FollowerInfo (FollowerInfoImpl.java:lambda$new$0(47)) - omNode-2@group-523986131536->omNode-1: nextIndex: updateUnconditionally 17 -> 11
2021-11-02 20:09:57,083 [grpc-default-executor-3] INFO  server.RaftServer$Division (RaftServerImpl.java:checkInconsistentAppendEntries(1322)) - omNode-1@group-523986131536: Failed appendEntries as previous log entry ((t:4, i:16)) is not found
2021-11-02 20:09:57,083 [grpc-default-executor-3] INFO  server.RaftServer$Division (RaftServerImpl.java:checkInconsistentAppendEntries(1288)) - omNode-1@group-523986131536: inconsistency entries. Reply:omNode-2<-omNode-1#5073:FAIL-t4,INCONSISTENCY,nextIndex=11,followerCommit=10
2021-11-02 20:09:57,083 [grpc-default-executor-3] INFO  leader.FollowerInfo (FollowerInfoImpl.java:lambda$new$0(47)) - omNode-2@group-523986131536->omNode-1: nextIndex: updateUnconditionally 17 -> 11
2021-11-02 20:09:57,585 [grpc-default-executor-3] INFO  server.RaftServer$Division (RaftServerImpl.java:checkInconsistentAppendEntries(1322)) - omNode-1@group-523986131536: Failed appendEntries as previous log entry ((t:4, i:16)) is not found
2021-11-02 20:09:57,586 [grpc-default-executor-3] INFO  server.RaftServer$Division (RaftServerImpl.java:checkInconsistentAppendEntries(1288)) - omNode-1@group-523986131536: inconsistency entries. Reply:omNode-2<-omNode-1#5124:FAIL-t4,INCONSISTENCY,nextIndex=11,followerCommit=10
2021-11-02 20:09:57,586 [grpc-default-executor-3] INFO  leader.FollowerInfo (FollowerInfoImpl.java:lambda$new$0(47)) - omNode-2@group-523986131536->omNode-1: nextIndex: updateUnconditionally 17 -> 11
2021-11-02 20:09:58,087 [grpc-default-executor-3] INFO  server.RaftServer$Division (RaftServerImpl.java:checkInconsistentAppendEntries(1322)) - omNode-1@group-523986131536: Failed appendEntries as previous log entry ((t:4, i:16)) is not found
2021-11-02 20:09:58,088 [grpc-default-executor-3] INFO  server.RaftServer$Division (RaftServerImpl.java:checkInconsistentAppendEntries(1288)) - omNode-1@group-523986131536: inconsistency entries. Reply:omNode-2<-omNode-1#5175:FAIL-t4,INCONSISTENCY,nextIndex=11,followerCommit=10
2021-11-02 20:09:58,088 [grpc-default-executor-3] INFO  leader.FollowerInfo (FollowerInfoImpl.java:lambda$new$0(47)) - omNode-2@group-523986131536->omNode-1: nextIndex: updateUnconditionally 17 -> 11
2021-11-02 20:09:58,590 [grpc-default-executor-3] INFO  server.RaftServer$Division (RaftServerImpl.java:checkInconsistentAppendEntries(1322)) - omNode-1@group-523986131536: Failed appendEntries as previous log entry ((t:4, i:16)) is not found
2021-11-02 20:09:58,590 [grpc-default-executor-3] INFO  server.RaftServer$Division (RaftServerImpl.java:checkInconsistentAppendEntries(1288)) - omNode-1@group-523986131536: inconsistency entries. Reply:omNode-2<-omNode-1#5226:FAIL-t4,INCONSISTENCY,nextIndex=11,followerCommit=10
2021-11-02 20:09:58,590 [grpc-default-executor-3] INFO  leader.FollowerInfo (FollowerInfoImpl.java:lambda$new$0(47)) - omNode-2@group-523986131536->omNode-1: nextIndex: updateUnconditionally 17 -> 11
2021-11-02 20:09:59,092 [grpc-default-executor-3] INFO  server.RaftServer$Division (RaftServerImpl.java:checkInconsistentAppendEntries(1322)) - omNode-1@group-523986131536: Failed appendEntries as previous log entry ((t:4, i:16)) is not found
2021-11-02 20:09:59,093 [grpc-default-executor-3] INFO  server.RaftServer$Division (RaftServerImpl.java:checkInconsistentAppendEntries(1288)) - omNode-1@group-523986131536: inconsistency entries. Reply:omNode-2<-omNode-1#5277:FAIL-t4,INCONSISTENCY,nextIndex=11,followerCommit=10
2021-11-02 20:09:59,093 [grpc-default-executor-3] INFO  leader.FollowerInfo (FollowerInfoImpl.java:lambda$new$0(47)) - omNode-2@group-523986131536->omNode-1: nextIndex: updateUnconditionally 17 -> 11
2021-11-02 20:09:59,594 [grpc-default-executor-3] INFO  server.RaftServer$Division (RaftServerImpl.java:checkInconsistentAppendEntries(1322)) - omNode-1@group-523986131536: Failed appendEntries as previous log entry ((t:4, i:16)) is not found
2021-11-02 20:09:59,595 [grpc-default-executor-3] INFO  server.RaftServer$Division (RaftServerImpl.java:checkInconsistentAppendEntries(1288)) - omNode-1@group-523986131536: inconsistency entries. Reply:omNode-2<-omNode-1#5328:FAIL-t4,INCONSISTENCY,nextIndex=11,followerCommit=10
2021-11-02 20:09:59,595 [grpc-default-executor-3] INFO  leader.FollowerInfo (FollowerInfoImpl.java:lambda$new$0(47)) - omNode-2@group-523986131536->omNode-1: nextIndex: updateUnconditionally 17 -> 11
2021-11-02 20:10:00,097 [grpc-default-executor-3] INFO  server.RaftServer$Division (RaftServerImpl.java:checkInconsistentAppendEntries(1322)) - omNode-1@group-523986131536: Failed appendEntries as previous log entry ((t:4, i:16)) is not found
2021-11-02 20:10:00,097 [grpc-default-executor-3] INFO  server.RaftServer$Division (RaftServerImpl.java:checkInconsistentAppendEntries(1288)) - omNode-1@group-523986131536: inconsistency entries. Reply:omNode-2<-omNode-1#5379:FAIL-t4,INCONSISTENCY,nextIndex=11,followerCommit=10
2021-11-02 20:10:00,098 [grpc-default-executor-3] INFO  leader.FollowerInfo (FollowerInfoImpl.java:lambda$new$0(47)) - omNode-2@group-523986131536->omNode-1: nextIndex: updateUnconditionally 17 -> 11
2021-11-02 20:10:00,599 [grpc-default-executor-3] INFO  server.RaftServer$Division (RaftServerImpl.java:checkInconsistentAppendEntries(1322)) - omNode-1@group-523986131536: Failed appendEntries as previous log entry ((t:4, i:16)) is not found
2021-11-02 20:10:00,599 [grpc-default-executor-3] INFO  server.RaftServer$Division (RaftServerImpl.java:checkInconsistentAppendEntries(1288)) - omNode-1@group-523986131536: inconsistency entries. Reply:omNode-2<-omNode-1#5430:FAIL-t4,INCONSISTENCY,nextIndex=11,followerCommit=10
2021-11-02 20:10:00,599 [grpc-default-executor-3] INFO  leader.FollowerInfo (FollowerInfoImpl.java:lambda$new$0(47)) - omNode-2@group-523986131536->omNode-1: nextIndex: updateUnconditionally 17 -> 11
2021-11-02 20:10:01,101 [grpc-default-executor-3] INFO  server.RaftServer$Division (RaftServerImpl.java:checkInconsistentAppendEntries(1322)) - omNode-1@group-523986131536: Failed appendEntries as previous log entry ((t:4, i:16)) is not found
2021-11-02 20:10:01,101 [grpc-default-executor-3] INFO  server.RaftServer$Division (RaftServerImpl.java:checkInconsistentAppendEntries(1288)) - omNode-1@group-523986131536: inconsistency entries. Reply:omNode-2<-omNode-1#5481:FAIL-t4,INCONSISTENCY,nextIndex=11,followerCommit=10
2021-11-02 20:10:01,101 [grpc-default-executor-3] INFO  leader.FollowerInfo (FollowerInfoImpl.java:lambda$new$0(47)) - omNode-2@group-523986131536->omNode-1: nextIndex: updateUnconditionally 17 -> 11
2021-11-02 20:10:01,603 [grpc-default-executor-3] INFO  server.RaftServer$Division (RaftServerImpl.java:checkInconsistentAppendEntries(1322)) - omNode-1@group-523986131536: Failed appendEntries as previous log entry ((t:4, i:16)) is not found
2021-11-02 20:10:01,603 [grpc-default-executor-3] INFO  server.RaftServer$Division (RaftServerImpl.java:checkInconsistentAppendEntries(1288)) - omNode-1@group-523986131536: inconsistency entries. Reply:omNode-2<-omNode-1#5531:FAIL-t4,INCONSISTENCY,nextIndex=11,followerCommit=10
2021-11-02 20:10:01,604 [grpc-default-executor-3] INFO  leader.FollowerInfo (FollowerInfoImpl.java:lambda$new$0(47)) - omNode-2@group-523986131536->omNode-1: nextIndex: updateUnconditionally 17 -> 11
2021-11-02 20:10:02,105 [grpc-default-executor-3] INFO  server.RaftServer$Division (RaftServerImpl.java:checkInconsistentAppendEntries(1322)) - omNode-1@group-523986131536: Failed appendEntries as previous log entry ((t:4, i:16)) is not found
2021-11-02 20:10:02,106 [grpc-default-executor-3] INFO  server.RaftServer$Division (RaftServerImpl.java:checkInconsistentAppendEntries(1288)) - omNode-1@group-523986131536: inconsistency entries. Reply:omNode-2<-omNode-1#5582:FAIL-t4,INCONSISTENCY,nextIndex=11,followerCommit=10
2021-11-02 20:10:02,106 [grpc-default-executor-3] INFO  leader.FollowerInfo (FollowerInfoImpl.java:lambda$new$0(47)) - omNode-2@group-523986131536->omNode-1: nextIndex: updateUnconditionally 17 -> 11
2021-11-02 20:10:02,607 [grpc-default-executor-3] INFO  server.RaftServer$Division (RaftServerImpl.java:checkInconsistentAppendEntries(1322)) - omNode-1@group-523986131536: Failed appendEntries as previous log entry ((t:4, i:16)) is not found
2021-11-02 20:10:02,608 [grpc-default-executor-3] INFO  server.RaftServer$Division (RaftServerImpl.java:checkInconsistentAppendEntries(1288)) - omNode-1@group-523986131536: inconsistency entries. Reply:omNode-2<-omNode-1#5633:FAIL-t4,INCONSISTENCY,nextIndex=11,followerCommit=10
2021-11-02 20:10:02,608 [grpc-default-executor-3] INFO  leader.FollowerInfo (FollowerInfoImpl.java:lambda$new$0(47)) - omNode-2@group-523986131536->omNode-1: nextIndex: updateUnconditionally 17 -> 11
2021-11-02 20:10:03,109 [grpc-default-executor-3] INFO  server.RaftServer$Division (RaftServerImpl.java:checkInconsistentAppendEntries(1322)) - omNode-1@group-523986131536: Failed appendEntries as previous log entry ((t:4, i:16)) is not found
2021-11-02 20:10:03,109 [grpc-default-executor-3] INFO  server.RaftServer$Division (RaftServerImpl.java:checkInconsistentAppendEntries(1288)) - omNode-1@group-523986131536: inconsistency entries. Reply:omNode-2<-omNode-1#5684:FAIL-t4,INCONSISTENCY,nextIndex=11,followerCommit=10
2021-11-02 20:10:03,110 [grpc-default-executor-3] INFO  leader.FollowerInfo (FollowerInfoImpl.java:lambda$new$0(47)) - omNode-2@group-523986131536->omNode-1: nextIndex: updateUnconditionally 17 -> 11
2021-11-02 20:10:03,611 [grpc-default-executor-3] INFO  server.RaftServer$Division (RaftServerImpl.java:checkInconsistentAppendEntries(1322)) - omNode-1@group-523986131536: Failed appendEntries as previous log entry ((t:4, i:16)) is not found
2021-11-02 20:10:03,611 [grpc-default-executor-3] INFO  server.RaftServer$Division (RaftServerImpl.java:checkInconsistentAppendEntries(1288)) - omNode-1@group-523986131536: inconsistency entries. Reply:omNode-2<-omNode-1#5735:FAIL-t4,INCONSISTENCY,nextIndex=11,followerCommit=10
2021-11-02 20:10:03,612 [grpc-default-executor-3] INFO  leader.FollowerInfo (FollowerInfoImpl.java:lambda$new$0(47)) - omNode-2@group-523986131536->omNode-1: nextIndex: updateUnconditionally 17 -> 11
2021-11-02 20:10:04,113 [grpc-default-executor-3] INFO  server.RaftServer$Division (RaftServerImpl.java:checkInconsistentAppendEntries(1322)) - omNode-1@group-523986131536: Failed appendEntries as previous log entry ((t:4, i:16)) is not found
2021-11-02 20:10:04,113 [grpc-default-executor-3] INFO  server.RaftServer$Division (RaftServerImpl.java:checkInconsistentAppendEntries(1288)) - omNode-1@group-523986131536: inconsistency entries. Reply:omNode-2<-omNode-1#5786:FAIL-t4,INCONSISTENCY,nextIndex=11,followerCommit=10
2021-11-02 20:10:04,114 [grpc-default-executor-3] INFO  leader.FollowerInfo (FollowerInfoImpl.java:lambda$new$0(47)) - omNode-2@group-523986131536->omNode-1: nextIndex: updateUnconditionally 17 -> 11
2021-11-02 20:10:04,615 [grpc-default-executor-3] INFO  server.RaftServer$Division (RaftServerImpl.java:checkInconsistentAppendEntries(1322)) - omNode-1@group-523986131536: Failed appendEntries as previous log entry ((t:4, i:16)) is not found
2021-11-02 20:10:04,615 [grpc-default-executor-3] INFO  server.RaftServer$Division (RaftServerImpl.java:checkInconsistentAppendEntries(1288)) - omNode-1@group-523986131536: inconsistency entries. Reply:omNode-2<-omNode-1#5837:FAIL-t4,INCONSISTENCY,nextIndex=11,followerCommit=10
2021-11-02 20:10:04,616 [grpc-default-executor-3] INFO  leader.FollowerInfo (FollowerInfoImpl.java:lambda$new$0(47)) - omNode-2@group-523986131536->omNode-1: nextIndex: updateUnconditionally 17 -> 11
2021-11-02 20:10:05,117 [grpc-default-executor-3] INFO  server.RaftServer$Division (RaftServerImpl.java:checkInconsistentAppendEntries(1322)) - omNode-1@group-523986131536: Failed appendEntries as previous log entry ((t:4, i:16)) is not found
2021-11-02 20:10:05,118 [grpc-default-executor-3] INFO  server.RaftServer$Division (RaftServerImpl.java:checkInconsistentAppendEntries(1288)) - omNode-1@group-523986131536: inconsistency entries. Reply:omNode-2<-omNode-1#5888:FAIL-t4,INCONSISTENCY,nextIndex=11,followerCommit=10
2021-11-02 20:10:05,118 [grpc-default-executor-3] INFO  leader.FollowerInfo (FollowerInfoImpl.java:lambda$new$0(47)) - omNode-2@group-523986131536->omNode-1: nextIndex: updateUnconditionally 17 -> 11
2021-11-02 20:10:05,620 [grpc-default-executor-3] INFO  server.RaftServer$Division (RaftServerImpl.java:checkInconsistentAppendEntries(1322)) - omNode-1@group-523986131536: Failed appendEntries as previous log entry ((t:4, i:16)) is not found
2021-11-02 20:10:05,620 [grpc-default-executor-3] INFO  server.RaftServer$Division (RaftServerImpl.java:checkInconsistentAppendEntries(1288)) - omNode-1@group-523986131536: inconsistency entries. Reply:omNode-2<-omNode-1#5939:FAIL-t4,INCONSISTENCY,nextIndex=11,followerCommit=10
2021-11-02 20:10:05,621 [grpc-default-executor-3] INFO  leader.FollowerInfo (FollowerInfoImpl.java:lambda$new$0(47)) - omNode-2@group-523986131536->omNode-1: nextIndex: updateUnconditionally 17 -> 11
2021-11-02 20:10:06,123 [grpc-default-executor-1] INFO  server.RaftServer$Division (RaftServerImpl.java:checkInconsistentAppendEntries(1322)) - omNode-1@group-523986131536: Failed appendEntries as previous log entry ((t:4, i:16)) is not found
2021-11-02 20:10:06,123 [grpc-default-executor-1] INFO  server.RaftServer$Division (RaftServerImpl.java:checkInconsistentAppendEntries(1288)) - omNode-1@group-523986131536: inconsistency entries. Reply:omNode-2<-omNode-1#5990:FAIL-t4,INCONSISTENCY,nextIndex=11,followerCommit=10
2021-11-02 20:10:06,124 [grpc-default-executor-1] INFO  leader.FollowerInfo (FollowerInfoImpl.java:lambda$new$0(47)) - omNode-2@group-523986131536->omNode-1: nextIndex: updateUnconditionally 17 -> 11
2021-11-02 20:10:06,625 [grpc-default-executor-1] INFO  server.RaftServer$Division (RaftServerImpl.java:checkInconsistentAppendEntries(1322)) - omNode-1@group-523986131536: Failed appendEntries as previous log entry ((t:4, i:16)) is not found
2021-11-02 20:10:06,625 [grpc-default-executor-1] INFO  server.RaftServer$Division (RaftServerImpl.java:checkInconsistentAppendEntries(1288)) - omNode-1@group-523986131536: inconsistency entries. Reply:omNode-2<-omNode-1#6041:FAIL-t4,INCONSISTENCY,nextIndex=11,followerCommit=10
2021-11-02 20:10:06,625 [grpc-default-executor-1] INFO  leader.FollowerInfo (FollowerInfoImpl.java:lambda$new$0(47)) - omNode-2@group-523986131536->omNode-1: nextIndex: updateUnconditionally 17 -> 11
2021-11-02 20:10:07,126 [grpc-default-executor-1] INFO  server.RaftServer$Division (RaftServerImpl.java:checkInconsistentAppendEntries(1322)) - omNode-1@group-523986131536: Failed appendEntries as previous log entry ((t:4, i:16)) is not found
2021-11-02 20:10:07,127 [grpc-default-executor-1] INFO  server.RaftServer$Division (RaftServerImpl.java:checkInconsistentAppendEntries(1288)) - omNode-1@group-523986131536: inconsistency entries. Reply:omNode-2<-omNode-1#6092:FAIL-t4,INCONSISTENCY,nextIndex=11,followerCommit=10
2021-11-02 20:10:07,127 [grpc-default-executor-1] INFO  leader.FollowerInfo (FollowerInfoImpl.java:lambda$new$0(47)) - omNode-2@group-523986131536->omNode-1: nextIndex: updateUnconditionally 17 -> 11
2021-11-02 20:10:07,629 [grpc-default-executor-1] INFO  server.RaftServer$Division (RaftServerImpl.java:checkInconsistentAppendEntries(1322)) - omNode-1@group-523986131536: Failed appendEntries as previous log entry ((t:4, i:16)) is not found
2021-11-02 20:10:07,629 [grpc-default-executor-1] INFO  server.RaftServer$Division (RaftServerImpl.java:checkInconsistentAppendEntries(1288)) - omNode-1@group-523986131536: inconsistency entries. Reply:omNode-2<-omNode-1#6143:FAIL-t4,INCONSISTENCY,nextIndex=11,followerCommit=10
2021-11-02 20:10:07,629 [grpc-default-executor-1] INFO  leader.FollowerInfo (FollowerInfoImpl.java:lambda$new$0(47)) - omNode-2@group-523986131536->omNode-1: nextIndex: updateUnconditionally 17 -> 11
2021-11-02 20:10:08,131 [grpc-default-executor-1] INFO  server.RaftServer$Division (RaftServerImpl.java:checkInconsistentAppendEntries(1322)) - omNode-1@group-523986131536: Failed appendEntries as previous log entry ((t:4, i:16)) is not found
2021-11-02 20:10:08,131 [grpc-default-executor-1] INFO  server.RaftServer$Division (RaftServerImpl.java:checkInconsistentAppendEntries(1288)) - omNode-1@group-523986131536: inconsistency entries. Reply:omNode-2<-omNode-1#6194:FAIL-t4,INCONSISTENCY,nextIndex=11,followerCommit=10
2021-11-02 20:10:08,132 [grpc-default-executor-1] INFO  leader.FollowerInfo (FollowerInfoImpl.java:lambda$new$0(47)) - omNode-2@group-523986131536->omNode-1: nextIndex: updateUnconditionally 17 -> 11
2021-11-02 20:10:08,633 [grpc-default-executor-1] INFO  server.RaftServer$Division (RaftServerImpl.java:checkInconsistentAppendEntries(1322)) - omNode-1@group-523986131536: Failed appendEntries as previous log entry ((t:4, i:16)) is not found
2021-11-02 20:10:08,633 [grpc-default-executor-1] INFO  server.RaftServer$Division (RaftServerImpl.java:checkInconsistentAppendEntries(1288)) - omNode-1@group-523986131536: inconsistency entries. Reply:omNode-2<-omNode-1#6245:FAIL-t4,INCONSISTENCY,nextIndex=11,followerCommit=10
2021-11-02 20:10:08,634 [grpc-default-executor-1] INFO  leader.FollowerInfo (FollowerInfoImpl.java:lambda$new$0(47)) - omNode-2@group-523986131536->omNode-1: nextIndex: updateUnconditionally 17 -> 11
2021-11-02 20:10:09,135 [grpc-default-executor-1] INFO  server.RaftServer$Division (RaftServerImpl.java:checkInconsistentAppendEntries(1322)) - omNode-1@group-523986131536: Failed appendEntries as previous log entry ((t:4, i:16)) is not found
2021-11-02 20:10:09,136 [grpc-default-executor-1] INFO  server.RaftServer$Division (RaftServerImpl.java:checkInconsistentAppendEntries(1288)) - omNode-1@group-523986131536: inconsistency entries. Reply:omNode-2<-omNode-1#6296:FAIL-t4,INCONSISTENCY,nextIndex=11,followerCommit=10
2021-11-02 20:10:09,136 [grpc-default-executor-1] INFO  leader.FollowerInfo (FollowerInfoImpl.java:lambda$new$0(47)) - omNode-2@group-523986131536->omNode-1: nextIndex: updateUnconditionally 17 -> 11
2021-11-02 20:10:09,638 [grpc-default-executor-1] INFO  server.RaftServer$Division (RaftServerImpl.java:checkInconsistentAppendEntries(1322)) - omNode-1@group-523986131536: Failed appendEntries as previous log entry ((t:4, i:16)) is not found
2021-11-02 20:10:09,638 [grpc-default-executor-1] INFO  server.RaftServer$Division (RaftServerImpl.java:checkInconsistentAppendEntries(1288)) - omNode-1@group-523986131536: inconsistency entries. Reply:omNode-2<-omNode-1#6347:FAIL-t4,INCONSISTENCY,nextIndex=11,followerCommit=10
2021-11-02 20:10:09,639 [grpc-default-executor-3] INFO  leader.FollowerInfo (FollowerInfoImpl.java:lambda$new$0(47)) - omNode-2@group-523986131536->omNode-1: nextIndex: updateUnconditionally 17 -> 11
2021-11-02 20:10:10,141 [grpc-default-executor-3] INFO  server.RaftServer$Division (RaftServerImpl.java:checkInconsistentAppendEntries(1322)) - omNode-1@group-523986131536: Failed appendEntries as previous log entry ((t:4, i:16)) is not found
2021-11-02 20:10:10,141 [grpc-default-executor-3] INFO  server.RaftServer$Division (RaftServerImpl.java:checkInconsistentAppendEntries(1288)) - omNode-1@group-523986131536: inconsistency entries. Reply:omNode-2<-omNode-1#6398:FAIL-t4,INCONSISTENCY,nextIndex=11,followerCommit=10
2021-11-02 20:10:10,142 [grpc-default-executor-3] INFO  leader.FollowerInfo (FollowerInfoImpl.java:lambda$new$0(47)) - omNode-2@group-523986131536->omNode-1: nextIndex: updateUnconditionally 17 -> 11
2021-11-02 20:10:10,643 [grpc-default-executor-3] INFO  server.RaftServer$Division (RaftServerImpl.java:checkInconsistentAppendEntries(1322)) - omNode-1@group-523986131536: Failed appendEntries as previous log entry ((t:4, i:16)) is not found
2021-11-02 20:10:10,643 [grpc-default-executor-3] INFO  server.RaftServer$Division (RaftServerImpl.java:checkInconsistentAppendEntries(1288)) - omNode-1@group-523986131536: inconsistency entries. Reply:omNode-2<-omNode-1#6449:FAIL-t4,INCONSISTENCY,nextIndex=11,followerCommit=10
2021-11-02 20:10:10,644 [grpc-default-executor-3] INFO  leader.FollowerInfo (FollowerInfoImpl.java:lambda$new$0(47)) - omNode-2@group-523986131536->omNode-1: nextIndex: updateUnconditionally 17 -> 11
2021-11-02 20:10:11,145 [grpc-default-executor-3] INFO  server.RaftServer$Division (RaftServerImpl.java:checkInconsistentAppendEntries(1322)) - omNode-1@group-523986131536: Failed appendEntries as previous log entry ((t:4, i:16)) is not found
2021-11-02 20:10:11,146 [grpc-default-executor-3] INFO  server.RaftServer$Division (RaftServerImpl.java:checkInconsistentAppendEntries(1288)) - omNode-1@group-523986131536: inconsistency entries. Reply:omNode-2<-omNode-1#6500:FAIL-t4,INCONSISTENCY,nextIndex=11,followerCommit=10
2021-11-02 20:10:11,146 [grpc-default-executor-3] INFO  leader.FollowerInfo (FollowerInfoImpl.java:lambda$new$0(47)) - omNode-2@group-523986131536->omNode-1: nextIndex: updateUnconditionally 17 -> 11
2021-11-02 20:10:11,647 [grpc-default-executor-3] INFO  server.RaftServer$Division (RaftServerImpl.java:checkInconsistentAppendEntries(1322)) - omNode-1@group-523986131536: Failed appendEntries as previous log entry ((t:4, i:16)) is not found
2021-11-02 20:10:11,647 [grpc-default-executor-3] INFO  server.RaftServer$Division (RaftServerImpl.java:checkInconsistentAppendEntries(1288)) - omNode-1@group-523986131536: inconsistency entries. Reply:omNode-2<-omNode-1#6551:FAIL-t4,INCONSISTENCY,nextIndex=11,followerCommit=10
2021-11-02 20:10:11,648 [grpc-default-executor-3] INFO  leader.FollowerInfo (FollowerInfoImpl.java:lambda$new$0(47)) - omNode-2@group-523986131536->omNode-1: nextIndex: updateUnconditionally 17 -> 11
2021-11-02 20:10:12,149 [grpc-default-executor-3] INFO  server.RaftServer$Division (RaftServerImpl.java:checkInconsistentAppendEntries(1322)) - omNode-1@group-523986131536: Failed appendEntries as previous log entry ((t:4, i:16)) is not found
2021-11-02 20:10:12,149 [grpc-default-executor-3] INFO  server.RaftServer$Division (RaftServerImpl.java:checkInconsistentAppendEntries(1288)) - omNode-1@group-523986131536: inconsistency entries. Reply:omNode-2<-omNode-1#6602:FAIL-t4,INCONSISTENCY,nextIndex=11,followerCommit=10
2021-11-02 20:10:12,150 [grpc-default-executor-3] INFO  leader.FollowerInfo (FollowerInfoImpl.java:lambda$new$0(47)) - omNode-2@group-523986131536->omNode-1: nextIndex: updateUnconditionally 17 -> 11
2021-11-02 20:10:12,652 [grpc-default-executor-3] INFO  server.RaftServer$Division (RaftServerImpl.java:checkInconsistentAppendEntries(1322)) - omNode-1@group-523986131536: Failed appendEntries as previous log entry ((t:4, i:16)) is not found
2021-11-02 20:10:12,652 [grpc-default-executor-3] INFO  server.RaftServer$Division (RaftServerImpl.java:checkInconsistentAppendEntries(1288)) - omNode-1@group-523986131536: inconsistency entries. Reply:omNode-2<-omNode-1#6653:FAIL-t4,INCONSISTENCY,nextIndex=11,followerCommit=10
2021-11-02 20:10:12,652 [grpc-default-executor-3] INFO  leader.FollowerInfo (FollowerInfoImpl.java:lambda$new$0(47)) - omNode-2@group-523986131536->omNode-1: nextIndex: updateUnconditionally 17 -> 11
2021-11-02 20:10:13,154 [grpc-default-executor-3] INFO  server.RaftServer$Division (RaftServerImpl.java:checkInconsistentAppendEntries(1322)) - omNode-1@group-523986131536: Failed appendEntries as previous log entry ((t:4, i:16)) is not found
2021-11-02 20:10:13,154 [grpc-default-executor-3] INFO  server.RaftServer$Division (RaftServerImpl.java:checkInconsistentAppendEntries(1288)) - omNode-1@group-523986131536: inconsistency entries. Reply:omNode-2<-omNode-1#6704:FAIL-t4,INCONSISTENCY,nextIndex=11,followerCommit=10
2021-11-02 20:10:13,154 [grpc-default-executor-3] INFO  leader.FollowerInfo (FollowerInfoImpl.java:lambda$new$0(47)) - omNode-2@group-523986131536->omNode-1: nextIndex: updateUnconditionally 17 -> 11
2021-11-02 20:10:13,656 [grpc-default-executor-1] INFO  server.RaftServer$Division (RaftServerImpl.java:checkInconsistentAppendEntries(1322)) - omNode-1@group-523986131536: Failed appendEntries as previous log entry ((t:4, i:16)) is not found
2021-11-02 20:10:13,656 [grpc-default-executor-1] INFO  server.RaftServer$Division (RaftServerImpl.java:checkInconsistentAppendEntries(1288)) - omNode-1@group-523986131536: inconsistency entries. Reply:omNode-2<-omNode-1#6755:FAIL-t4,INCONSISTENCY,nextIndex=11,followerCommit=10
2021-11-02 20:10:13,657 [grpc-default-executor-1] INFO  leader.FollowerInfo (FollowerInfoImpl.java:lambda$new$0(47)) - omNode-2@group-523986131536->omNode-1: nextIndex: updateUnconditionally 17 -> 11
2021-11-02 20:10:14,158 [grpc-default-executor-1] INFO  server.RaftServer$Division (RaftServerImpl.java:checkInconsistentAppendEntries(1322)) - omNode-1@group-523986131536: Failed appendEntries as previous log entry ((t:4, i:16)) is not found
2021-11-02 20:10:14,159 [grpc-default-executor-1] INFO  server.RaftServer$Division (RaftServerImpl.java:checkInconsistentAppendEntries(1288)) - omNode-1@group-523986131536: inconsistency entries. Reply:omNode-2<-omNode-1#6806:FAIL-t4,INCONSISTENCY,nextIndex=11,followerCommit=10
2021-11-02 20:10:14,159 [grpc-default-executor-1] INFO  leader.FollowerInfo (FollowerInfoImpl.java:lambda$new$0(47)) - omNode-2@group-523986131536->omNode-1: nextIndex: updateUnconditionally 17 -> 11
2021-11-02 20:10:14,661 [grpc-default-executor-1] INFO  server.RaftServer$Division (RaftServerImpl.java:checkInconsistentAppendEntries(1322)) - omNode-1@group-523986131536: Failed appendEntries as previous log entry ((t:4, i:16)) is not found
2021-11-02 20:10:14,661 [grpc-default-executor-1] INFO  server.RaftServer$Division (RaftServerImpl.java:checkInconsistentAppendEntries(1288)) - omNode-1@group-523986131536: inconsistency entries. Reply:omNode-2<-omNode-1#6857:FAIL-t4,INCONSISTENCY,nextIndex=11,followerCommit=10
2021-11-02 20:10:14,662 [grpc-default-executor-1] INFO  leader.FollowerInfo (FollowerInfoImpl.java:lambda$new$0(47)) - omNode-2@group-523986131536->omNode-1: nextIndex: updateUnconditionally 17 -> 11
2021-11-02 20:10:15,163 [grpc-default-executor-1] INFO  server.RaftServer$Division (RaftServerImpl.java:checkInconsistentAppendEntries(1322)) - omNode-1@group-523986131536: Failed appendEntries as previous log entry ((t:4, i:16)) is not found
2021-11-02 20:10:15,164 [grpc-default-executor-1] INFO  server.RaftServer$Division (RaftServerImpl.java:checkInconsistentAppendEntries(1288)) - omNode-1@group-523986131536: inconsistency entries. Reply:omNode-2<-omNode-1#6908:FAIL-t4,INCONSISTENCY,nextIndex=11,followerCommit=10
2021-11-02 20:10:15,164 [grpc-default-executor-1] INFO  leader.FollowerInfo (FollowerInfoImpl.java:lambda$new$0(47)) - omNode-2@group-523986131536->omNode-1: nextIndex: updateUnconditionally 17 -> 11
2021-11-02 20:10:15,666 [grpc-default-executor-1] INFO  server.RaftServer$Division (RaftServerImpl.java:checkInconsistentAppendEntries(1322)) - omNode-1@group-523986131536: Failed appendEntries as previous log entry ((t:4, i:16)) is not found
2021-11-02 20:10:15,667 [grpc-default-executor-1] INFO  server.RaftServer$Division (RaftServerImpl.java:checkInconsistentAppendEntries(1288)) - omNode-1@group-523986131536: inconsistency entries. Reply:omNode-2<-omNode-1#6959:FAIL-t4,INCONSISTENCY,nextIndex=11,followerCommit=10
2021-11-02 20:10:15,667 [grpc-default-executor-1] INFO  leader.FollowerInfo (FollowerInfoImpl.java:lambda$new$0(47)) - omNode-2@group-523986131536->omNode-1: nextIndex: updateUnconditionally 17 -> 11
2021-11-02 20:10:16,169 [grpc-default-executor-3] INFO  server.RaftServer$Division (RaftServerImpl.java:checkInconsistentAppendEntries(1322)) - omNode-1@group-523986131536: Failed appendEntries as previous log entry ((t:4, i:16)) is not found
2021-11-02 20:10:16,170 [grpc-default-executor-3] INFO  server.RaftServer$Division (RaftServerImpl.java:checkInconsistentAppendEntries(1288)) - omNode-1@group-523986131536: inconsistency entries. Reply:omNode-2<-omNode-1#7010:FAIL-t4,INCONSISTENCY,nextIndex=11,followerCommit=10
2021-11-02 20:10:16,170 [grpc-default-executor-3] INFO  leader.FollowerInfo (FollowerInfoImpl.java:lambda$new$0(47)) - omNode-2@group-523986131536->omNode-1: nextIndex: updateUnconditionally 17 -> 11
2021-11-02 20:10:16,671 [grpc-default-executor-3] INFO  server.RaftServer$Division (RaftServerImpl.java:checkInconsistentAppendEntries(1322)) - omNode-1@group-523986131536: Failed appendEntries as previous log entry ((t:4, i:16)) is not found
2021-11-02 20:10:16,672 [grpc-default-executor-3] INFO  server.RaftServer$Division (RaftServerImpl.java:checkInconsistentAppendEntries(1288)) - omNode-1@group-523986131536: inconsistency entries. Reply:omNode-2<-omNode-1#7061:FAIL-t4,INCONSISTENCY,nextIndex=11,followerCommit=10
2021-11-02 20:10:16,672 [grpc-default-executor-3] INFO  leader.FollowerInfo (FollowerInfoImpl.java:lambda$new$0(47)) - omNode-2@group-523986131536->omNode-1: nextIndex: updateUnconditionally 17 -> 11
2021-11-02 20:10:17,174 [grpc-default-executor-3] INFO  server.RaftServer$Division (RaftServerImpl.java:checkInconsistentAppendEntries(1322)) - omNode-1@group-523986131536: Failed appendEntries as previous log entry ((t:4, i:16)) is not found
2021-11-02 20:10:17,174 [grpc-default-executor-3] INFO  server.RaftServer$Division (RaftServerImpl.java:checkInconsistentAppendEntries(1288)) - omNode-1@group-523986131536: inconsistency entries. Reply:omNode-2<-omNode-1#7112:FAIL-t4,INCONSISTENCY,nextIndex=11,followerCommit=10
2021-11-02 20:10:17,174 [grpc-default-executor-3] INFO  leader.FollowerInfo (FollowerInfoImpl.java:lambda$new$0(47)) - omNode-2@group-523986131536->omNode-1: nextIndex: updateUnconditionally 17 -> 11
2021-11-02 20:10:17,676 [grpc-default-executor-3] INFO  server.RaftServer$Division (RaftServerImpl.java:checkInconsistentAppendEntries(1322)) - omNode-1@group-523986131536: Failed appendEntries as previous log entry ((t:4, i:16)) is not found
2021-11-02 20:10:17,676 [grpc-default-executor-3] INFO  server.RaftServer$Division (RaftServerImpl.java:checkInconsistentAppendEntries(1288)) - omNode-1@group-523986131536: inconsistency entries. Reply:omNode-2<-omNode-1#7163:FAIL-t4,INCONSISTENCY,nextIndex=11,followerCommit=10
2021-11-02 20:10:17,677 [grpc-default-executor-3] INFO  leader.FollowerInfo (FollowerInfoImpl.java:lambda$new$0(47)) - omNode-2@group-523986131536->omNode-1: nextIndex: updateUnconditionally 17 -> 11
2021-11-02 20:10:18,178 [grpc-default-executor-3] INFO  server.RaftServer$Division (RaftServerImpl.java:checkInconsistentAppendEntries(1322)) - omNode-1@group-523986131536: Failed appendEntries as previous log entry ((t:4, i:16)) is not found
2021-11-02 20:10:18,178 [grpc-default-executor-3] INFO  server.RaftServer$Division (RaftServerImpl.java:checkInconsistentAppendEntries(1288)) - omNode-1@group-523986131536: inconsistency entries. Reply:omNode-2<-omNode-1#7214:FAIL-t4,INCONSISTENCY,nextIndex=11,followerCommit=10
2021-11-02 20:10:18,179 [grpc-default-executor-3] INFO  leader.FollowerInfo (FollowerInfoImpl.java:lambda$new$0(47)) - omNode-2@group-523986131536->omNode-1: nextIndex: updateUnconditionally 17 -> 11
2021-11-02 20:10:18,680 [grpc-default-executor-1] INFO  server.RaftServer$Division (RaftServerImpl.java:checkInconsistentAppendEntries(1322)) - omNode-1@group-523986131536: Failed appendEntries as previous log entry ((t:4, i:16)) is not found
2021-11-02 20:10:18,681 [grpc-default-executor-1] INFO  server.RaftServer$Division (RaftServerImpl.java:checkInconsistentAppendEntries(1288)) - omNode-1@group-523986131536: inconsistency entries. Reply:omNode-2<-omNode-1#7265:FAIL-t4,INCONSISTENCY,nextIndex=11,followerCommit=10
2021-11-02 20:10:18,681 [grpc-default-executor-1] INFO  leader.FollowerInfo (FollowerInfoImpl.java:lambda$new$0(47)) - omNode-2@group-523986131536->omNode-1: nextIndex: updateUnconditionally 17 -> 11
2021-11-02 20:10:19,183 [grpc-default-executor-3] INFO  server.RaftServer$Division (RaftServerImpl.java:checkInconsistentAppendEntries(1322)) - omNode-1@group-523986131536: Failed appendEntries as previous log entry ((t:4, i:16)) is not found
2021-11-02 20:10:19,183 [grpc-default-executor-3] INFO  server.RaftServer$Division (RaftServerImpl.java:checkInconsistentAppendEntries(1288)) - omNode-1@group-523986131536: inconsistency entries. Reply:omNode-2<-omNode-1#7316:FAIL-t4,INCONSISTENCY,nextIndex=11,followerCommit=10
2021-11-02 20:10:19,184 [grpc-default-executor-3] INFO  leader.FollowerInfo (FollowerInfoImpl.java:lambda$new$0(47)) - omNode-2@group-523986131536->omNode-1: nextIndex: updateUnconditionally 17 -> 11
2021-11-02 20:10:19,686 [grpc-default-executor-3] INFO  server.RaftServer$Division (RaftServerImpl.java:checkInconsistentAppendEntries(1322)) - omNode-1@group-523986131536: Failed appendEntries as previous log entry ((t:4, i:16)) is not found
2021-11-02 20:10:19,686 [grpc-default-executor-3] INFO  server.RaftServer$Division (RaftServerImpl.java:checkInconsistentAppendEntries(1288)) - omNode-1@group-523986131536: inconsistency entries. Reply:omNode-2<-omNode-1#7367:FAIL-t4,INCONSISTENCY,nextIndex=11,followerCommit=10
2021-11-02 20:10:19,686 [grpc-default-executor-3] INFO  leader.FollowerInfo (FollowerInfoImpl.java:lambda$new$0(47)) - omNode-2@group-523986131536->omNode-1: nextIndex: updateUnconditionally 17 -> 11
2021-11-02 20:10:20,188 [grpc-default-executor-3] INFO  server.RaftServer$Division (RaftServerImpl.java:checkInconsistentAppendEntries(1322)) - omNode-1@group-523986131536: Failed appendEntries as previous log entry ((t:4, i:16)) is not found
2021-11-02 20:10:20,188 [grpc-default-executor-3] INFO  server.RaftServer$Division (RaftServerImpl.java:checkInconsistentAppendEntries(1288)) - omNode-1@group-523986131536: inconsistency entries. Reply:omNode-2<-omNode-1#7418:FAIL-t4,INCONSISTENCY,nextIndex=11,followerCommit=10
2021-11-02 20:10:20,188 [grpc-default-executor-3] INFO  leader.FollowerInfo (FollowerInfoImpl.java:lambda$new$0(47)) - omNode-2@group-523986131536->omNode-1: nextIndex: updateUnconditionally 17 -> 11
2021-11-02 20:10:20,690 [grpc-default-executor-3] INFO  server.RaftServer$Division (RaftServerImpl.java:checkInconsistentAppendEntries(1322)) - omNode-1@group-523986131536: Failed appendEntries as previous log entry ((t:4, i:16)) is not found
2021-11-02 20:10:20,690 [grpc-default-executor-3] INFO  server.RaftServer$Division (RaftServerImpl.java:checkInconsistentAppendEntries(1288)) - omNode-1@group-523986131536: inconsistency entries. Reply:omNode-2<-omNode-1#7469:FAIL-t4,INCONSISTENCY,nextIndex=11,followerCommit=10
2021-11-02 20:10:20,691 [grpc-default-executor-3] INFO  leader.FollowerInfo (FollowerInfoImpl.java:lambda$new$0(47)) - omNode-2@group-523986131536->omNode-1: nextIndex: updateUnconditionally 17 -> 11
2021-11-02 20:10:21,192 [grpc-default-executor-1] INFO  server.RaftServer$Division (RaftServerImpl.java:checkInconsistentAppendEntries(1322)) - omNode-1@group-523986131536: Failed appendEntries as previous log entry ((t:4, i:16)) is not found
2021-11-02 20:10:21,192 [grpc-default-executor-1] INFO  server.RaftServer$Division (RaftServerImpl.java:checkInconsistentAppendEntries(1288)) - omNode-1@group-523986131536: inconsistency entries. Reply:omNode-2<-omNode-1#7520:FAIL-t4,INCONSISTENCY,nextIndex=11,followerCommit=10
2021-11-02 20:10:21,193 [grpc-default-executor-1] INFO  leader.FollowerInfo (FollowerInfoImpl.java:lambda$new$0(47)) - omNode-2@group-523986131536->omNode-1: nextIndex: updateUnconditionally 17 -> 11
2021-11-02 20:10:21,694 [grpc-default-executor-1] INFO  server.RaftServer$Division (RaftServerImpl.java:checkInconsistentAppendEntries(1322)) - omNode-1@group-523986131536: Failed appendEntries as previous log entry ((t:4, i:16)) is not found
2021-11-02 20:10:21,695 [grpc-default-executor-1] INFO  server.RaftServer$Division (RaftServerImpl.java:checkInconsistentAppendEntries(1288)) - omNode-1@group-523986131536: inconsistency entries. Reply:omNode-2<-omNode-1#7571:FAIL-t4,INCONSISTENCY,nextIndex=11,followerCommit=10
2021-11-02 20:10:21,697 [grpc-default-executor-1] INFO  leader.FollowerInfo (FollowerInfoImpl.java:lambda$new$0(47)) - omNode-2@group-523986131536->omNode-1: nextIndex: updateUnconditionally 17 -> 11
2021-11-02 20:10:22,198 [grpc-default-executor-1] INFO  server.RaftServer$Division (RaftServerImpl.java:checkInconsistentAppendEntries(1322)) - omNode-1@group-523986131536: Failed appendEntries as previous log entry ((t:4, i:16)) is not found
2021-11-02 20:10:22,198 [grpc-default-executor-1] INFO  server.RaftServer$Division (RaftServerImpl.java:checkInconsistentAppendEntries(1288)) - omNode-1@group-523986131536: inconsistency entries. Reply:omNode-2<-omNode-1#7622:FAIL-t4,INCONSISTENCY,nextIndex=11,followerCommit=10
2021-11-02 20:10:22,199 [grpc-default-executor-1] INFO  leader.FollowerInfo (FollowerInfoImpl.java:lambda$new$0(47)) - omNode-2@group-523986131536->omNode-1: nextIndex: updateUnconditionally 17 -> 11
2021-11-02 20:10:22,701 [grpc-default-executor-1] INFO  server.RaftServer$Division (RaftServerImpl.java:checkInconsistentAppendEntries(1322)) - omNode-1@group-523986131536: Failed appendEntries as previous log entry ((t:4, i:16)) is not found
2021-11-02 20:10:22,701 [grpc-default-executor-1] INFO  server.RaftServer$Division (RaftServerImpl.java:checkInconsistentAppendEntries(1288)) - omNode-1@group-523986131536: inconsistency entries. Reply:omNode-2<-omNode-1#7673:FAIL-t4,INCONSISTENCY,nextIndex=11,followerCommit=10
2021-11-02 20:10:22,702 [grpc-default-executor-1] INFO  leader.FollowerInfo (FollowerInfoImpl.java:lambda$new$0(47)) - omNode-2@group-523986131536->omNode-1: nextIndex: updateUnconditionally 17 -> 11
2021-11-02 20:10:23,204 [grpc-default-executor-1] INFO  server.RaftServer$Division (RaftServerImpl.java:checkInconsistentAppendEntries(1322)) - omNode-1@group-523986131536: Failed appendEntries as previous log entry ((t:4, i:16)) is not found
2021-11-02 20:10:23,204 [grpc-default-executor-1] INFO  server.RaftServer$Division (RaftServerImpl.java:checkInconsistentAppendEntries(1288)) - omNode-1@group-523986131536: inconsistency entries. Reply:omNode-2<-omNode-1#7724:FAIL-t4,INCONSISTENCY,nextIndex=11,followerCommit=10
2021-11-02 20:10:23,204 [grpc-default-executor-1] INFO  leader.FollowerInfo (FollowerInfoImpl.java:lambda$new$0(47)) - omNode-2@group-523986131536->omNode-1: nextIndex: updateUnconditionally 17 -> 11
2021-11-02 20:10:23,705 [grpc-default-executor-3] INFO  server.RaftServer$Division (RaftServerImpl.java:checkInconsistentAppendEntries(1322)) - omNode-1@group-523986131536: Failed appendEntries as previous log entry ((t:4, i:16)) is not found
2021-11-02 20:10:23,706 [grpc-default-executor-3] INFO  server.RaftServer$Division (RaftServerImpl.java:checkInconsistentAppendEntries(1288)) - omNode-1@group-523986131536: inconsistency entries. Reply:omNode-2<-omNode-1#7775:FAIL-t4,INCONSISTENCY,nextIndex=11,followerCommit=10
2021-11-02 20:10:23,706 [grpc-default-executor-3] INFO  leader.FollowerInfo (FollowerInfoImpl.java:lambda$new$0(47)) - omNode-2@group-523986131536->omNode-1: nextIndex: updateUnconditionally 17 -> 11
2021-11-02 20:10:24,208 [grpc-default-executor-3] INFO  server.RaftServer$Division (RaftServerImpl.java:checkInconsistentAppendEntries(1322)) - omNode-1@group-523986131536: Failed appendEntries as previous log entry ((t:4, i:16)) is not found
2021-11-02 20:10:24,208 [grpc-default-executor-3] INFO  server.RaftServer$Division (RaftServerImpl.java:checkInconsistentAppendEntries(1288)) - omNode-1@group-523986131536: inconsistency entries. Reply:omNode-2<-omNode-1#7826:FAIL-t4,INCONSISTENCY,nextIndex=11,followerCommit=10
2021-11-02 20:10:24,208 [grpc-default-executor-3] INFO  leader.FollowerInfo (FollowerInfoImpl.java:lambda$new$0(47)) - omNode-2@group-523986131536->omNode-1: nextIndex: updateUnconditionally 17 -> 11
2021-11-02 20:10:24,710 [grpc-default-executor-3] INFO  server.RaftServer$Division (RaftServerImpl.java:checkInconsistentAppendEntries(1322)) - omNode-1@group-523986131536: Failed appendEntries as previous log entry ((t:4, i:16)) is not found
2021-11-02 20:10:24,710 [grpc-default-executor-3] INFO  server.RaftServer$Division (RaftServerImpl.java:checkInconsistentAppendEntries(1288)) - omNode-1@group-523986131536: inconsistency entries. Reply:omNode-2<-omNode-1#7877:FAIL-t4,INCONSISTENCY,nextIndex=11,followerCommit=10
2021-11-02 20:10:24,710 [grpc-default-executor-3] INFO  leader.FollowerInfo (FollowerInfoImpl.java:lambda$new$0(47)) - omNode-2@group-523986131536->omNode-1: nextIndex: updateUnconditionally 17 -> 11
2021-11-02 20:10:25,211 [grpc-default-executor-3] INFO  server.RaftServer$Division (RaftServerImpl.java:checkInconsistentAppendEntries(1322)) - omNode-1@group-523986131536: Failed appendEntries as previous log entry ((t:4, i:16)) is not found
2021-11-02 20:10:25,212 [grpc-default-executor-3] INFO  server.RaftServer$Division (RaftServerImpl.java:checkInconsistentAppendEntries(1288)) - omNode-1@group-523986131536: inconsistency entries. Reply:omNode-2<-omNode-1#7928:FAIL-t4,INCONSISTENCY,nextIndex=11,followerCommit=10
2021-11-02 20:10:25,215 [grpc-default-executor-3] INFO  leader.FollowerInfo (FollowerInfoImpl.java:lambda$new$0(47)) - omNode-2@group-523986131536->omNode-1: nextIndex: updateUnconditionally 17 -> 11
2021-11-02 20:10:25,716 [grpc-default-executor-3] INFO  server.RaftServer$Division (RaftServerImpl.java:checkInconsistentAppendEntries(1322)) - omNode-1@group-523986131536: Failed appendEntries as previous log entry ((t:4, i:16)) is not found
2021-11-02 20:10:25,717 [grpc-default-executor-3] INFO  server.RaftServer$Division (RaftServerImpl.java:checkInconsistentAppendEntries(1288)) - omNode-1@group-523986131536: inconsistency entries. Reply:omNode-2<-omNode-1#7979:FAIL-t4,INCONSISTENCY,nextIndex=11,followerCommit=10
2021-11-02 20:10:25,717 [grpc-default-executor-3] INFO  leader.FollowerInfo (FollowerInfoImpl.java:lambda$new$0(47)) - omNode-2@group-523986131536->omNode-1: nextIndex: updateUnconditionally 17 -> 11
2021-11-02 20:10:26,219 [grpc-default-executor-3] INFO  server.RaftServer$Division (RaftServerImpl.java:checkInconsistentAppendEntries(1322)) - omNode-1@group-523986131536: Failed appendEntries as previous log entry ((t:4, i:16)) is not found
2021-11-02 20:10:26,219 [grpc-default-executor-3] INFO  server.RaftServer$Division (RaftServerImpl.java:checkInconsistentAppendEntries(1288)) - omNode-1@group-523986131536: inconsistency entries. Reply:omNode-2<-omNode-1#8030:FAIL-t4,INCONSISTENCY,nextIndex=11,followerCommit=10
2021-11-02 20:10:26,219 [grpc-default-executor-3] INFO  leader.FollowerInfo (FollowerInfoImpl.java:lambda$new$0(47)) - omNode-2@group-523986131536->omNode-1: nextIndex: updateUnconditionally 17 -> 11
2021-11-02 20:10:26,721 [grpc-default-executor-1] INFO  server.RaftServer$Division (RaftServerImpl.java:checkInconsistentAppendEntries(1322)) - omNode-1@group-523986131536: Failed appendEntries as previous log entry ((t:4, i:16)) is not found
2021-11-02 20:10:26,721 [grpc-default-executor-1] INFO  server.RaftServer$Division (RaftServerImpl.java:checkInconsistentAppendEntries(1288)) - omNode-1@group-523986131536: inconsistency entries. Reply:omNode-2<-omNode-1#8081:FAIL-t4,INCONSISTENCY,nextIndex=11,followerCommit=10
2021-11-02 20:10:26,722 [grpc-default-executor-1] INFO  leader.FollowerInfo (FollowerInfoImpl.java:lambda$new$0(47)) - omNode-2@group-523986131536->omNode-1: nextIndex: updateUnconditionally 17 -> 11
2021-11-02 20:10:27,223 [grpc-default-executor-1] INFO  server.RaftServer$Division (RaftServerImpl.java:checkInconsistentAppendEntries(1322)) - omNode-1@group-523986131536: Failed appendEntries as previous log entry ((t:4, i:16)) is not found
2021-11-02 20:10:27,223 [grpc-default-executor-1] INFO  server.RaftServer$Division (RaftServerImpl.java:checkInconsistentAppendEntries(1288)) - omNode-1@group-523986131536: inconsistency entries. Reply:omNode-2<-omNode-1#8132:FAIL-t4,INCONSISTENCY,nextIndex=11,followerCommit=10
2021-11-02 20:10:27,224 [grpc-default-executor-1] INFO  leader.FollowerInfo (FollowerInfoImpl.java:lambda$new$0(47)) - omNode-2@group-523986131536->omNode-1: nextIndex: updateUnconditionally 17 -> 11
2021-11-02 20:10:27,726 [grpc-default-executor-1] INFO  server.RaftServer$Division (RaftServerImpl.java:checkInconsistentAppendEntries(1322)) - omNode-1@group-523986131536: Failed appendEntries as previous log entry ((t:4, i:16)) is not found
2021-11-02 20:10:27,726 [grpc-default-executor-1] INFO  server.RaftServer$Division (RaftServerImpl.java:checkInconsistentAppendEntries(1288)) - omNode-1@group-523986131536: inconsistency entries. Reply:omNode-2<-omNode-1#8183:FAIL-t4,INCONSISTENCY,nextIndex=11,followerCommit=10
2021-11-02 20:10:27,726 [grpc-default-executor-1] INFO  leader.FollowerInfo (FollowerInfoImpl.java:lambda$new$0(47)) - omNode-2@group-523986131536->omNode-1: nextIndex: updateUnconditionally 17 -> 11
2021-11-02 20:10:28,228 [grpc-default-executor-1] INFO  server.RaftServer$Division (RaftServerImpl.java:checkInconsistentAppendEntries(1322)) - omNode-1@group-523986131536: Failed appendEntries as previous log entry ((t:4, i:16)) is not found
2021-11-02 20:10:28,228 [grpc-default-executor-1] INFO  server.RaftServer$Division (RaftServerImpl.java:checkInconsistentAppendEntries(1288)) - omNode-1@group-523986131536: inconsistency entries. Reply:omNode-2<-omNode-1#8234:FAIL-t4,INCONSISTENCY,nextIndex=11,followerCommit=10
2021-11-02 20:10:28,229 [grpc-default-executor-1] INFO  leader.FollowerInfo (FollowerInfoImpl.java:lambda$new$0(47)) - omNode-2@group-523986131536->omNode-1: nextIndex: updateUnconditionally 17 -> 11
2021-11-02 20:10:28,731 [grpc-default-executor-1] INFO  server.RaftServer$Division (RaftServerImpl.java:checkInconsistentAppendEntries(1322)) - omNode-1@group-523986131536: Failed appendEntries as previous log entry ((t:4, i:16)) is not found
2021-11-02 20:10:28,731 [grpc-default-executor-1] INFO  server.RaftServer$Division (RaftServerImpl.java:checkInconsistentAppendEntries(1288)) - omNode-1@group-523986131536: inconsistency entries. Reply:omNode-2<-omNode-1#8285:FAIL-t4,INCONSISTENCY,nextIndex=11,followerCommit=10
2021-11-02 20:10:28,731 [grpc-default-executor-1] INFO  leader.FollowerInfo (FollowerInfoImpl.java:lambda$new$0(47)) - omNode-2@group-523986131536->omNode-1: nextIndex: updateUnconditionally 17 -> 11
2021-11-02 20:10:29,233 [grpc-default-executor-1] INFO  server.RaftServer$Division (RaftServerImpl.java:checkInconsistentAppendEntries(1322)) - omNode-1@group-523986131536: Failed appendEntries as previous log entry ((t:4, i:16)) is not found
2021-11-02 20:10:29,234 [grpc-default-executor-1] INFO  server.RaftServer$Division (RaftServerImpl.java:checkInconsistentAppendEntries(1288)) - omNode-1@group-523986131536: inconsistency entries. Reply:omNode-2<-omNode-1#8336:FAIL-t4,INCONSISTENCY,nextIndex=11,followerCommit=10
2021-11-02 20:10:29,234 [grpc-default-executor-1] INFO  leader.FollowerInfo (FollowerInfoImpl.java:lambda$new$0(47)) - omNode-2@group-523986131536->omNode-1: nextIndex: updateUnconditionally 17 -> 11
2021-11-02 20:10:29,736 [grpc-default-executor-1] INFO  server.RaftServer$Division (RaftServerImpl.java:checkInconsistentAppendEntries(1322)) - omNode-1@group-523986131536: Failed appendEntries as previous log entry ((t:4, i:16)) is not found
2021-11-02 20:10:29,736 [grpc-default-executor-1] INFO  server.RaftServer$Division (RaftServerImpl.java:checkInconsistentAppendEntries(1288)) - omNode-1@group-523986131536: inconsistency entries. Reply:omNode-2<-omNode-1#8387:FAIL-t4,INCONSISTENCY,nextIndex=11,followerCommit=10
2021-11-02 20:10:29,736 [grpc-default-executor-1] INFO  leader.FollowerInfo (FollowerInfoImpl.java:lambda$new$0(47)) - omNode-2@group-523986131536->omNode-1: nextIndex: updateUnconditionally 17 -> 11
2021-11-02 20:10:30,238 [grpc-default-executor-1] INFO  server.RaftServer$Division (RaftServerImpl.java:checkInconsistentAppendEntries(1322)) - omNode-1@group-523986131536: Failed appendEntries as previous log entry ((t:4, i:16)) is not found
2021-11-02 20:10:30,238 [grpc-default-executor-1] INFO  server.RaftServer$Division (RaftServerImpl.java:checkInconsistentAppendEntries(1288)) - omNode-1@group-523986131536: inconsistency entries. Reply:omNode-2<-omNode-1#8438:FAIL-t4,INCONSISTENCY,nextIndex=11,followerCommit=10
2021-11-02 20:10:30,239 [grpc-default-executor-1] INFO  leader.FollowerInfo (FollowerInfoImpl.java:lambda$new$0(47)) - omNode-2@group-523986131536->omNode-1: nextIndex: updateUnconditionally 17 -> 11
2021-11-02 20:10:30,740 [grpc-default-executor-1] INFO  server.RaftServer$Division (RaftServerImpl.java:checkInconsistentAppendEntries(1322)) - omNode-1@group-523986131536: Failed appendEntries as previous log entry ((t:4, i:16)) is not found
2021-11-02 20:10:30,740 [grpc-default-executor-1] INFO  server.RaftServer$Division (RaftServerImpl.java:checkInconsistentAppendEntries(1288)) - omNode-1@group-523986131536: inconsistency entries. Reply:omNode-2<-omNode-1#8489:FAIL-t4,INCONSISTENCY,nextIndex=11,followerCommit=10
2021-11-02 20:10:30,740 [grpc-default-executor-3] INFO  leader.FollowerInfo (FollowerInfoImpl.java:lambda$new$0(47)) - omNode-2@group-523986131536->omNode-1: nextIndex: updateUnconditionally 17 -> 11
2021-11-02 20:10:31,242 [grpc-default-executor-3] INFO  server.RaftServer$Division (RaftServerImpl.java:checkInconsistentAppendEntries(1322)) - omNode-1@group-523986131536: Failed appendEntries as previous log entry ((t:4, i:16)) is not found
2021-11-02 20:10:31,243 [grpc-default-executor-3] INFO  server.RaftServer$Division (RaftServerImpl.java:checkInconsistentAppendEntries(1288)) - omNode-1@group-523986131536: inconsistency entries. Reply:omNode-2<-omNode-1#8540:FAIL-t4,INCONSISTENCY,nextIndex=11,followerCommit=10
2021-11-02 20:10:31,244 [grpc-default-executor-3] INFO  leader.FollowerInfo (FollowerInfoImpl.java:lambda$new$0(47)) - omNode-2@group-523986131536->omNode-1: nextIndex: updateUnconditionally 17 -> 11
2021-11-02 20:10:31,745 [grpc-default-executor-1] INFO  server.RaftServer$Division (RaftServerImpl.java:checkInconsistentAppendEntries(1322)) - omNode-1@group-523986131536: Failed appendEntries as previous log entry ((t:4, i:16)) is not found
2021-11-02 20:10:31,745 [grpc-default-executor-1] INFO  server.RaftServer$Division (RaftServerImpl.java:checkInconsistentAppendEntries(1288)) - omNode-1@group-523986131536: inconsistency entries. Reply:omNode-2<-omNode-1#8591:FAIL-t4,INCONSISTENCY,nextIndex=11,followerCommit=10
2021-11-02 20:10:31,746 [grpc-default-executor-1] INFO  leader.FollowerInfo (FollowerInfoImpl.java:lambda$new$0(47)) - omNode-2@group-523986131536->omNode-1: nextIndex: updateUnconditionally 17 -> 11
2021-11-02 20:10:32,247 [grpc-default-executor-1] INFO  server.RaftServer$Division (RaftServerImpl.java:checkInconsistentAppendEntries(1322)) - omNode-1@group-523986131536: Failed appendEntries as previous log entry ((t:4, i:16)) is not found
2021-11-02 20:10:32,247 [grpc-default-executor-1] INFO  server.RaftServer$Division (RaftServerImpl.java:checkInconsistentAppendEntries(1288)) - omNode-1@group-523986131536: inconsistency entries. Reply:omNode-2<-omNode-1#8641:FAIL-t4,INCONSISTENCY,nextIndex=11,followerCommit=10
2021-11-02 20:10:32,248 [grpc-default-executor-1] INFO  leader.FollowerInfo (FollowerInfoImpl.java:lambda$new$0(47)) - omNode-2@group-523986131536->omNode-1: nextIndex: updateUnconditionally 17 -> 11
2021-11-02 20:10:32,750 [grpc-default-executor-1] INFO  server.RaftServer$Division (RaftServerImpl.java:checkInconsistentAppendEntries(1322)) - omNode-1@group-523986131536: Failed appendEntries as previous log entry ((t:4, i:16)) is not found
2021-11-02 20:10:32,750 [grpc-default-executor-1] INFO  server.RaftServer$Division (RaftServerImpl.java:checkInconsistentAppendEntries(1288)) - omNode-1@group-523986131536: inconsistency entries. Reply:omNode-2<-omNode-1#8692:FAIL-t4,INCONSISTENCY,nextIndex=11,followerCommit=10
2021-11-02 20:10:32,750 [grpc-default-executor-1] INFO  leader.FollowerInfo (FollowerInfoImpl.java:lambda$new$0(47)) - omNode-2@group-523986131536->omNode-1: nextIndex: updateUnconditionally 17 -> 11
2021-11-02 20:10:33,251 [grpc-default-executor-1] INFO  server.RaftServer$Division (RaftServerImpl.java:checkInconsistentAppendEntries(1322)) - omNode-1@group-523986131536: Failed appendEntries as previous log entry ((t:4, i:16)) is not found
2021-11-02 20:10:33,252 [grpc-default-executor-1] INFO  server.RaftServer$Division (RaftServerImpl.java:checkInconsistentAppendEntries(1288)) - omNode-1@group-523986131536: inconsistency entries. Reply:omNode-2<-omNode-1#8742:FAIL-t4,INCONSISTENCY,nextIndex=11,followerCommit=10
2021-11-02 20:10:33,252 [grpc-default-executor-1] INFO  leader.FollowerInfo (FollowerInfoImpl.java:lambda$new$0(47)) - omNode-2@group-523986131536->omNode-1: nextIndex: updateUnconditionally 17 -> 11
2021-11-02 20:10:33,754 [grpc-default-executor-1] INFO  server.RaftServer$Division (RaftServerImpl.java:checkInconsistentAppendEntries(1322)) - omNode-1@group-523986131536: Failed appendEntries as previous log entry ((t:4, i:16)) is not found
2021-11-02 20:10:33,754 [grpc-default-executor-1] INFO  server.RaftServer$Division (RaftServerImpl.java:checkInconsistentAppendEntries(1288)) - omNode-1@group-523986131536: inconsistency entries. Reply:omNode-2<-omNode-1#8793:FAIL-t4,INCONSISTENCY,nextIndex=11,followerCommit=10
2021-11-02 20:10:33,755 [grpc-default-executor-1] INFO  leader.FollowerInfo (FollowerInfoImpl.java:lambda$new$0(47)) - omNode-2@group-523986131536->omNode-1: nextIndex: updateUnconditionally 17 -> 11
2021-11-02 20:10:34,257 [grpc-default-executor-3] INFO  server.RaftServer$Division (RaftServerImpl.java:checkInconsistentAppendEntries(1322)) - omNode-1@group-523986131536: Failed appendEntries as previous log entry ((t:4, i:16)) is not found
2021-11-02 20:10:34,257 [grpc-default-executor-3] INFO  server.RaftServer$Division (RaftServerImpl.java:checkInconsistentAppendEntries(1288)) - omNode-1@group-523986131536: inconsistency entries. Reply:omNode-2<-omNode-1#8844:FAIL-t4,INCONSISTENCY,nextIndex=11,followerCommit=10
2021-11-02 20:10:34,258 [grpc-default-executor-3] INFO  leader.FollowerInfo (FollowerInfoImpl.java:lambda$new$0(47)) - omNode-2@group-523986131536->omNode-1: nextIndex: updateUnconditionally 17 -> 11
2021-11-02 20:10:34,759 [grpc-default-executor-3] INFO  server.RaftServer$Division (RaftServerImpl.java:checkInconsistentAppendEntries(1322)) - omNode-1@group-523986131536: Failed appendEntries as previous log entry ((t:4, i:16)) is not found
2021-11-02 20:10:34,759 [grpc-default-executor-3] INFO  server.RaftServer$Division (RaftServerImpl.java:checkInconsistentAppendEntries(1288)) - omNode-1@group-523986131536: inconsistency entries. Reply:omNode-2<-omNode-1#8895:FAIL-t4,INCONSISTENCY,nextIndex=11,followerCommit=10
2021-11-02 20:10:34,760 [grpc-default-executor-3] INFO  leader.FollowerInfo (FollowerInfoImpl.java:lambda$new$0(47)) - omNode-2@group-523986131536->omNode-1: nextIndex: updateUnconditionally 17 -> 11
2021-11-02 20:10:35,261 [grpc-default-executor-3] INFO  server.RaftServer$Division (RaftServerImpl.java:checkInconsistentAppendEntries(1322)) - omNode-1@group-523986131536: Failed appendEntries as previous log entry ((t:4, i:16)) is not found
2021-11-02 20:10:35,261 [grpc-default-executor-3] INFO  server.RaftServer$Division (RaftServerImpl.java:checkInconsistentAppendEntries(1288)) - omNode-1@group-523986131536: inconsistency entries. Reply:omNode-2<-omNode-1#8946:FAIL-t4,INCONSISTENCY,nextIndex=11,followerCommit=10
2021-11-02 20:10:35,262 [grpc-default-executor-3] INFO  leader.FollowerInfo (FollowerInfoImpl.java:lambda$new$0(47)) - omNode-2@group-523986131536->omNode-1: nextIndex: updateUnconditionally 17 -> 11
2021-11-02 20:10:35,763 [grpc-default-executor-3] INFO  server.RaftServer$Division (RaftServerImpl.java:checkInconsistentAppendEntries(1322)) - omNode-1@group-523986131536: Failed appendEntries as previous log entry ((t:4, i:16)) is not found
2021-11-02 20:10:35,763 [grpc-default-executor-3] INFO  server.RaftServer$Division (RaftServerImpl.java:checkInconsistentAppendEntries(1288)) - omNode-1@group-523986131536: inconsistency entries. Reply:omNode-2<-omNode-1#8997:FAIL-t4,INCONSISTENCY,nextIndex=11,followerCommit=10
2021-11-02 20:10:35,764 [grpc-default-executor-3] INFO  leader.FollowerInfo (FollowerInfoImpl.java:lambda$new$0(47)) - omNode-2@group-523986131536->omNode-1: nextIndex: updateUnconditionally 17 -> 11
2021-11-02 20:10:36,265 [grpc-default-executor-1] INFO  server.RaftServer$Division (RaftServerImpl.java:checkInconsistentAppendEntries(1322)) - omNode-1@group-523986131536: Failed appendEntries as previous log entry ((t:4, i:16)) is not found
2021-11-02 20:10:36,265 [grpc-default-executor-1] INFO  server.RaftServer$Division (RaftServerImpl.java:checkInconsistentAppendEntries(1288)) - omNode-1@group-523986131536: inconsistency entries. Reply:omNode-2<-omNode-1#9048:FAIL-t4,INCONSISTENCY,nextIndex=11,followerCommit=10
2021-11-02 20:10:36,266 [grpc-default-executor-1] INFO  leader.FollowerInfo (FollowerInfoImpl.java:lambda$new$0(47)) - omNode-2@group-523986131536->omNode-1: nextIndex: updateUnconditionally 17 -> 11
2021-11-02 20:10:36,767 [grpc-default-executor-3] INFO  server.RaftServer$Division (RaftServerImpl.java:checkInconsistentAppendEntries(1322)) - omNode-1@group-523986131536: Failed appendEntries as previous log entry ((t:4, i:16)) is not found
2021-11-02 20:10:36,767 [grpc-default-executor-3] INFO  server.RaftServer$Division (RaftServerImpl.java:checkInconsistentAppendEntries(1288)) - omNode-1@group-523986131536: inconsistency entries. Reply:omNode-2<-omNode-1#9099:FAIL-t4,INCONSISTENCY,nextIndex=11,followerCommit=10
2021-11-02 20:10:36,767 [grpc-default-executor-3] INFO  leader.FollowerInfo (FollowerInfoImpl.java:lambda$new$0(47)) - omNode-2@group-523986131536->omNode-1: nextIndex: updateUnconditionally 17 -> 11
2021-11-02 20:10:37,269 [grpc-default-executor-3] INFO  server.RaftServer$Division (RaftServerImpl.java:checkInconsistentAppendEntries(1322)) - omNode-1@group-523986131536: Failed appendEntries as previous log entry ((t:4, i:16)) is not found
2021-11-02 20:10:37,269 [grpc-default-executor-3] INFO  server.RaftServer$Division (RaftServerImpl.java:checkInconsistentAppendEntries(1288)) - omNode-1@group-523986131536: inconsistency entries. Reply:omNode-2<-omNode-1#9150:FAIL-t4,INCONSISTENCY,nextIndex=11,followerCommit=10
2021-11-02 20:10:37,269 [grpc-default-executor-3] INFO  leader.FollowerInfo (FollowerInfoImpl.java:lambda$new$0(47)) - omNode-2@group-523986131536->omNode-1: nextIndex: updateUnconditionally 17 -> 11
2021-11-02 20:10:37,771 [grpc-default-executor-3] INFO  server.RaftServer$Division (RaftServerImpl.java:checkInconsistentAppendEntries(1322)) - omNode-1@group-523986131536: Failed appendEntries as previous log entry ((t:4, i:16)) is not found
2021-11-02 20:10:37,771 [grpc-default-executor-3] INFO  server.RaftServer$Division (RaftServerImpl.java:checkInconsistentAppendEntries(1288)) - omNode-1@group-523986131536: inconsistency entries. Reply:omNode-2<-omNode-1#9201:FAIL-t4,INCONSISTENCY,nextIndex=11,followerCommit=10
2021-11-02 20:10:37,771 [grpc-default-executor-3] INFO  leader.FollowerInfo (FollowerInfoImpl.java:lambda$new$0(47)) - omNode-2@group-523986131536->omNode-1: nextIndex: updateUnconditionally 17 -> 11
2021-11-02 20:10:38,273 [grpc-default-executor-3] INFO  server.RaftServer$Division (RaftServerImpl.java:checkInconsistentAppendEntries(1322)) - omNode-1@group-523986131536: Failed appendEntries as previous log entry ((t:4, i:16)) is not found
2021-11-02 20:10:38,273 [grpc-default-executor-3] INFO  server.RaftServer$Division (RaftServerImpl.java:checkInconsistentAppendEntries(1288)) - omNode-1@group-523986131536: inconsistency entries. Reply:omNode-2<-omNode-1#9252:FAIL-t4,INCONSISTENCY,nextIndex=11,followerCommit=10
2021-11-02 20:10:38,273 [grpc-default-executor-3] INFO  leader.FollowerInfo (FollowerInfoImpl.java:lambda$new$0(47)) - omNode-2@group-523986131536->omNode-1: nextIndex: updateUnconditionally 17 -> 11
2021-11-02 20:10:38,775 [grpc-default-executor-1] INFO  server.RaftServer$Division (RaftServerImpl.java:checkInconsistentAppendEntries(1322)) - omNode-1@group-523986131536: Failed appendEntries as previous log entry ((t:4, i:16)) is not found
2021-11-02 20:10:38,776 [grpc-default-executor-1] INFO  server.RaftServer$Division (RaftServerImpl.java:checkInconsistentAppendEntries(1288)) - omNode-1@group-523986131536: inconsistency entries. Reply:omNode-2<-omNode-1#9303:FAIL-t4,INCONSISTENCY,nextIndex=11,followerCommit=10
2021-11-02 20:10:38,776 [grpc-default-executor-1] INFO  leader.FollowerInfo (FollowerInfoImpl.java:lambda$new$0(47)) - omNode-2@group-523986131536->omNode-1: nextIndex: updateUnconditionally 17 -> 11
2021-11-02 20:10:39,277 [grpc-default-executor-3] INFO  server.RaftServer$Division (RaftServerImpl.java:checkInconsistentAppendEntries(1322)) - omNode-1@group-523986131536: Failed appendEntries as previous log entry ((t:4, i:16)) is not found
2021-11-02 20:10:39,277 [grpc-default-executor-3] INFO  server.RaftServer$Division (RaftServerImpl.java:checkInconsistentAppendEntries(1288)) - omNode-1@group-523986131536: inconsistency entries. Reply:omNode-2<-omNode-1#9353:FAIL-t4,INCONSISTENCY,nextIndex=11,followerCommit=10
2021-11-02 20:10:39,278 [grpc-default-executor-3] INFO  leader.FollowerInfo (FollowerInfoImpl.java:lambda$new$0(47)) - omNode-2@group-523986131536->omNode-1: nextIndex: updateUnconditionally 17 -> 11
2021-11-02 20:10:39,779 [grpc-default-executor-3] INFO  server.RaftServer$Division (RaftServerImpl.java:checkInconsistentAppendEntries(1322)) - omNode-1@group-523986131536: Failed appendEntries as previous log entry ((t:4, i:16)) is not found
2021-11-02 20:10:39,780 [grpc-default-executor-3] INFO  server.RaftServer$Division (RaftServerImpl.java:checkInconsistentAppendEntries(1288)) - omNode-1@group-523986131536: inconsistency entries. Reply:omNode-2<-omNode-1#9404:FAIL-t4,INCONSISTENCY,nextIndex=11,followerCommit=10
2021-11-02 20:10:39,780 [grpc-default-executor-3] INFO  leader.FollowerInfo (FollowerInfoImpl.java:lambda$new$0(47)) - omNode-2@group-523986131536->omNode-1: nextIndex: updateUnconditionally 17 -> 11
2021-11-02 20:10:40,281 [grpc-default-executor-3] INFO  server.RaftServer$Division (RaftServerImpl.java:checkInconsistentAppendEntries(1322)) - omNode-1@group-523986131536: Failed appendEntries as previous log entry ((t:4, i:16)) is not found
2021-11-02 20:10:40,282 [grpc-default-executor-3] INFO  server.RaftServer$Division (RaftServerImpl.java:checkInconsistentAppendEntries(1288)) - omNode-1@group-523986131536: inconsistency entries. Reply:omNode-2<-omNode-1#9455:FAIL-t4,INCONSISTENCY,nextIndex=11,followerCommit=10
2021-11-02 20:10:40,282 [grpc-default-executor-3] INFO  leader.FollowerInfo (FollowerInfoImpl.java:lambda$new$0(47)) - omNode-2@group-523986131536->omNode-1: nextIndex: updateUnconditionally 17 -> 11
2021-11-02 20:10:40,784 [grpc-default-executor-3] INFO  server.RaftServer$Division (RaftServerImpl.java:checkInconsistentAppendEntries(1322)) - omNode-1@group-523986131536: Failed appendEntries as previous log entry ((t:4, i:16)) is not found
2021-11-02 20:10:40,784 [grpc-default-executor-3] INFO  server.RaftServer$Division (RaftServerImpl.java:checkInconsistentAppendEntries(1288)) - omNode-1@group-523986131536: inconsistency entries. Reply:omNode-2<-omNode-1#9506:FAIL-t4,INCONSISTENCY,nextIndex=11,followerCommit=10
2021-11-02 20:10:40,785 [grpc-default-executor-3] INFO  leader.FollowerInfo (FollowerInfoImpl.java:lambda$new$0(47)) - omNode-2@group-523986131536->omNode-1: nextIndex: updateUnconditionally 17 -> 11
2021-11-02 20:10:41,286 [grpc-default-executor-3] INFO  server.RaftServer$Division (RaftServerImpl.java:checkInconsistentAppendEntries(1322)) - omNode-1@group-523986131536: Failed appendEntries as previous log entry ((t:4, i:16)) is not found
2021-11-02 20:10:41,286 [grpc-default-executor-3] INFO  server.RaftServer$Division (RaftServerImpl.java:checkInconsistentAppendEntries(1288)) - omNode-1@group-523986131536: inconsistency entries. Reply:omNode-2<-omNode-1#9557:FAIL-t4,INCONSISTENCY,nextIndex=11,followerCommit=10
2021-11-02 20:10:41,286 [grpc-default-executor-3] INFO  leader.FollowerInfo (FollowerInfoImpl.java:lambda$new$0(47)) - omNode-2@group-523986131536->omNode-1: nextIndex: updateUnconditionally 17 -> 11
2021-11-02 20:10:41,788 [grpc-default-executor-3] INFO  server.RaftServer$Division (RaftServerImpl.java:checkInconsistentAppendEntries(1322)) - omNode-1@group-523986131536: Failed appendEntries as previous log entry ((t:4, i:16)) is not found
2021-11-02 20:10:41,788 [grpc-default-executor-3] INFO  server.RaftServer$Division (RaftServerImpl.java:checkInconsistentAppendEntries(1288)) - omNode-1@group-523986131536: inconsistency entries. Reply:omNode-2<-omNode-1#9608:FAIL-t4,INCONSISTENCY,nextIndex=11,followerCommit=10
2021-11-02 20:10:41,788 [grpc-default-executor-3] INFO  leader.FollowerInfo (FollowerInfoImpl.java:lambda$new$0(47)) - omNode-2@group-523986131536->omNode-1: nextIndex: updateUnconditionally 17 -> 11
2021-11-02 20:10:42,290 [grpc-default-executor-1] INFO  server.RaftServer$Division (RaftServerImpl.java:checkInconsistentAppendEntries(1322)) - omNode-1@group-523986131536: Failed appendEntries as previous log entry ((t:4, i:16)) is not found
2021-11-02 20:10:42,290 [grpc-default-executor-1] INFO  server.RaftServer$Division (RaftServerImpl.java:checkInconsistentAppendEntries(1288)) - omNode-1@group-523986131536: inconsistency entries. Reply:omNode-2<-omNode-1#9659:FAIL-t4,INCONSISTENCY,nextIndex=11,followerCommit=10
2021-11-02 20:10:42,291 [grpc-default-executor-1] INFO  leader.FollowerInfo (FollowerInfoImpl.java:lambda$new$0(47)) - omNode-2@group-523986131536->omNode-1: nextIndex: updateUnconditionally 17 -> 11
2021-11-02 20:10:42,793 [grpc-default-executor-1] INFO  server.RaftServer$Division (RaftServerImpl.java:checkInconsistentAppendEntries(1322)) - omNode-1@group-523986131536: Failed appendEntries as previous log entry ((t:4, i:16)) is not found
2021-11-02 20:10:42,793 [grpc-default-executor-1] INFO  server.RaftServer$Division (RaftServerImpl.java:checkInconsistentAppendEntries(1288)) - omNode-1@group-523986131536: inconsistency entries. Reply:omNode-2<-omNode-1#9710:FAIL-t4,INCONSISTENCY,nextIndex=11,followerCommit=10
2021-11-02 20:10:42,794 [grpc-default-executor-1] INFO  leader.FollowerInfo (FollowerInfoImpl.java:lambda$new$0(47)) - omNode-2@group-523986131536->omNode-1: nextIndex: updateUnconditionally 17 -> 11
2021-11-02 20:10:43,295 [grpc-default-executor-1] INFO  server.RaftServer$Division (RaftServerImpl.java:checkInconsistentAppendEntries(1322)) - omNode-1@group-523986131536: Failed appendEntries as previous log entry ((t:4, i:16)) is not found
2021-11-02 20:10:43,295 [grpc-default-executor-1] INFO  server.RaftServer$Division (RaftServerImpl.java:checkInconsistentAppendEntries(1288)) - omNode-1@group-523986131536: inconsistency entries. Reply:omNode-2<-omNode-1#9761:FAIL-t4,INCONSISTENCY,nextIndex=11,followerCommit=10
2021-11-02 20:10:43,296 [grpc-default-executor-1] INFO  leader.FollowerInfo (FollowerInfoImpl.java:lambda$new$0(47)) - omNode-2@group-523986131536->omNode-1: nextIndex: updateUnconditionally 17 -> 11
2021-11-02 20:10:43,797 [grpc-default-executor-1] INFO  server.RaftServer$Division (RaftServerImpl.java:checkInconsistentAppendEntries(1322)) - omNode-1@group-523986131536: Failed appendEntries as previous log entry ((t:4, i:16)) is not found
2021-11-02 20:10:43,797 [grpc-default-executor-1] INFO  server.RaftServer$Division (RaftServerImpl.java:checkInconsistentAppendEntries(1288)) - omNode-1@group-523986131536: inconsistency entries. Reply:omNode-2<-omNode-1#9811:FAIL-t4,INCONSISTENCY,nextIndex=11,followerCommit=10
2021-11-02 20:10:43,798 [grpc-default-executor-1] INFO  leader.FollowerInfo (FollowerInfoImpl.java:lambda$new$0(47)) - omNode-2@group-523986131536->omNode-1: nextIndex: updateUnconditionally 17 -> 11
2021-11-02 20:10:44,299 [grpc-default-executor-1] INFO  server.RaftServer$Division (RaftServerImpl.java:checkInconsistentAppendEntries(1322)) - omNode-1@group-523986131536: Failed appendEntries as previous log entry ((t:4, i:16)) is not found
2021-11-02 20:10:44,299 [grpc-default-executor-1] INFO  server.RaftServer$Division (RaftServerImpl.java:checkInconsistentAppendEntries(1288)) - omNode-1@group-523986131536: inconsistency entries. Reply:omNode-2<-omNode-1#9862:FAIL-t4,INCONSISTENCY,nextIndex=11,followerCommit=10
2021-11-02 20:10:44,300 [grpc-default-executor-1] INFO  leader.FollowerInfo (FollowerInfoImpl.java:lambda$new$0(47)) - omNode-2@group-523986131536->omNode-1: nextIndex: updateUnconditionally 17 -> 11
2021-11-02 20:10:44,801 [grpc-default-executor-1] INFO  server.RaftServer$Division (RaftServerImpl.java:checkInconsistentAppendEntries(1322)) - omNode-1@group-523986131536: Failed appendEntries as previous log entry ((t:4, i:16)) is not found
2021-11-02 20:10:44,801 [grpc-default-executor-1] INFO  server.RaftServer$Division (RaftServerImpl.java:checkInconsistentAppendEntries(1288)) - omNode-1@group-523986131536: inconsistency entries. Reply:omNode-2<-omNode-1#9913:FAIL-t4,INCONSISTENCY,nextIndex=11,followerCommit=10
2021-11-02 20:10:44,801 [grpc-default-executor-1] INFO  leader.FollowerInfo (FollowerInfoImpl.java:lambda$new$0(47)) - omNode-2@group-523986131536->omNode-1: nextIndex: updateUnconditionally 17 -> 11
2021-11-02 20:10:45,303 [grpc-default-executor-1] INFO  server.RaftServer$Division (RaftServerImpl.java:checkInconsistentAppendEntries(1322)) - omNode-1@group-523986131536: Failed appendEntries as previous log entry ((t:4, i:16)) is not found
2021-11-02 20:10:45,303 [grpc-default-executor-1] INFO  server.RaftServer$Division (RaftServerImpl.java:checkInconsistentAppendEntries(1288)) - omNode-1@group-523986131536: inconsistency entries. Reply:omNode-2<-omNode-1#9964:FAIL-t4,INCONSISTENCY,nextIndex=11,followerCommit=10
2021-11-02 20:10:45,303 [grpc-default-executor-1] INFO  leader.FollowerInfo (FollowerInfoImpl.java:lambda$new$0(47)) - omNode-2@group-523986131536->omNode-1: nextIndex: updateUnconditionally 17 -> 11
2021-11-02 20:10:45,805 [grpc-default-executor-1] INFO  server.RaftServer$Division (RaftServerImpl.java:checkInconsistentAppendEntries(1322)) - omNode-1@group-523986131536: Failed appendEntries as previous log entry ((t:4, i:16)) is not found
2021-11-02 20:10:45,805 [grpc-default-executor-1] INFO  server.RaftServer$Division (RaftServerImpl.java:checkInconsistentAppendEntries(1288)) - omNode-1@group-523986131536: inconsistency entries. Reply:omNode-2<-omNode-1#10015:FAIL-t4,INCONSISTENCY,nextIndex=11,followerCommit=10
2021-11-02 20:10:45,805 [grpc-default-executor-1] INFO  leader.FollowerInfo (FollowerInfoImpl.java:lambda$new$0(47)) - omNode-2@group-523986131536->omNode-1: nextIndex: updateUnconditionally 17 -> 11
2021-11-02 20:10:46,307 [grpc-default-executor-1] INFO  server.RaftServer$Division (RaftServerImpl.java:checkInconsistentAppendEntries(1322)) - omNode-1@group-523986131536: Failed appendEntries as previous log entry ((t:4, i:16)) is not found
2021-11-02 20:10:46,307 [grpc-default-executor-1] INFO  server.RaftServer$Division (RaftServerImpl.java:checkInconsistentAppendEntries(1288)) - omNode-1@group-523986131536: inconsistency entries. Reply:omNode-2<-omNode-1#10066:FAIL-t4,INCONSISTENCY,nextIndex=11,followerCommit=10
2021-11-02 20:10:46,308 [grpc-default-executor-1] INFO  leader.FollowerInfo (FollowerInfoImpl.java:lambda$new$0(47)) - omNode-2@group-523986131536->omNode-1: nextIndex: updateUnconditionally 17 -> 11
2021-11-02 20:10:46,809 [grpc-default-executor-3] INFO  server.RaftServer$Division (RaftServerImpl.java:checkInconsistentAppendEntries(1322)) - omNode-1@group-523986131536: Failed appendEntries as previous log entry ((t:4, i:16)) is not found
2021-11-02 20:10:46,809 [grpc-default-executor-3] INFO  server.RaftServer$Division (RaftServerImpl.java:checkInconsistentAppendEntries(1288)) - omNode-1@group-523986131536: inconsistency entries. Reply:omNode-2<-omNode-1#10117:FAIL-t4,INCONSISTENCY,nextIndex=11,followerCommit=10
2021-11-02 20:10:46,810 [grpc-default-executor-1] INFO  leader.FollowerInfo (FollowerInfoImpl.java:lambda$new$0(47)) - omNode-2@group-523986131536->omNode-1: nextIndex: updateUnconditionally 17 -> 11
2021-11-02 20:10:47,311 [grpc-default-executor-3] INFO  server.RaftServer$Division (RaftServerImpl.java:checkInconsistentAppendEntries(1322)) - omNode-1@group-523986131536: Failed appendEntries as previous log entry ((t:4, i:16)) is not found
2021-11-02 20:10:47,311 [grpc-default-executor-3] INFO  server.RaftServer$Division (RaftServerImpl.java:checkInconsistentAppendEntries(1288)) - omNode-1@group-523986131536: inconsistency entries. Reply:omNode-2<-omNode-1#10168:FAIL-t4,INCONSISTENCY,nextIndex=11,followerCommit=10
2021-11-02 20:10:47,314 [grpc-default-executor-3] INFO  leader.FollowerInfo (FollowerInfoImpl.java:lambda$new$0(47)) - omNode-2@group-523986131536->omNode-1: nextIndex: updateUnconditionally 17 -> 11
2021-11-02 20:10:47,817 [grpc-default-executor-3] INFO  server.RaftServer$Division (RaftServerImpl.java:checkInconsistentAppendEntries(1322)) - omNode-1@group-523986131536: Failed appendEntries as previous log entry ((t:4, i:16)) is not found
2021-11-02 20:10:47,817 [grpc-default-executor-3] INFO  server.RaftServer$Division (RaftServerImpl.java:checkInconsistentAppendEntries(1288)) - omNode-1@group-523986131536: inconsistency entries. Reply:omNode-2<-omNode-1#10219:FAIL-t4,INCONSISTENCY,nextIndex=11,followerCommit=10
2021-11-02 20:10:47,818 [grpc-default-executor-3] INFO  leader.FollowerInfo (FollowerInfoImpl.java:lambda$new$0(47)) - omNode-2@group-523986131536->omNode-1: nextIndex: updateUnconditionally 17 -> 11
2021-11-02 20:10:48,319 [grpc-default-executor-3] INFO  server.RaftServer$Division (RaftServerImpl.java:checkInconsistentAppendEntries(1322)) - omNode-1@group-523986131536: Failed appendEntries as previous log entry ((t:4, i:16)) is not found
2021-11-02 20:10:48,319 [grpc-default-executor-3] INFO  server.RaftServer$Division (RaftServerImpl.java:checkInconsistentAppendEntries(1288)) - omNode-1@group-523986131536: inconsistency entries. Reply:omNode-2<-omNode-1#10270:FAIL-t4,INCONSISTENCY,nextIndex=11,followerCommit=10
2021-11-02 20:10:48,319 [grpc-default-executor-1] INFO  leader.FollowerInfo (FollowerInfoImpl.java:lambda$new$0(47)) - omNode-2@group-523986131536->omNode-1: nextIndex: updateUnconditionally 17 -> 11
2021-11-02 20:10:48,821 [grpc-default-executor-3] INFO  server.RaftServer$Division (RaftServerImpl.java:checkInconsistentAppendEntries(1322)) - omNode-1@group-523986131536: Failed appendEntries as previous log entry ((t:4, i:16)) is not found
2021-11-02 20:10:48,821 [grpc-default-executor-3] INFO  server.RaftServer$Division (RaftServerImpl.java:checkInconsistentAppendEntries(1288)) - omNode-1@group-523986131536: inconsistency entries. Reply:omNode-2<-omNode-1#10321:FAIL-t4,INCONSISTENCY,nextIndex=11,followerCommit=10
2021-11-02 20:10:48,822 [grpc-default-executor-3] INFO  leader.FollowerInfo (FollowerInfoImpl.java:lambda$new$0(47)) - omNode-2@group-523986131536->omNode-1: nextIndex: updateUnconditionally 17 -> 11
2021-11-02 20:10:49,324 [grpc-default-executor-1] INFO  server.RaftServer$Division (RaftServerImpl.java:checkInconsistentAppendEntries(1322)) - omNode-1@group-523986131536: Failed appendEntries as previous log entry ((t:4, i:16)) is not found
2021-11-02 20:10:49,324 [grpc-default-executor-1] INFO  server.RaftServer$Division (RaftServerImpl.java:checkInconsistentAppendEntries(1288)) - omNode-1@group-523986131536: inconsistency entries. Reply:omNode-2<-omNode-1#10372:FAIL-t4,INCONSISTENCY,nextIndex=11,followerCommit=10
2021-11-02 20:10:49,325 [grpc-default-executor-1] INFO  leader.FollowerInfo (FollowerInfoImpl.java:lambda$new$0(47)) - omNode-2@group-523986131536->omNode-1: nextIndex: updateUnconditionally 17 -> 11
2021-11-02 20:10:49,826 [grpc-default-executor-3] INFO  server.RaftServer$Division (RaftServerImpl.java:checkInconsistentAppendEntries(1322)) - omNode-1@group-523986131536: Failed appendEntries as previous log entry ((t:4, i:16)) is not found
2021-11-02 20:10:49,826 [grpc-default-executor-3] INFO  server.RaftServer$Division (RaftServerImpl.java:checkInconsistentAppendEntries(1288)) - omNode-1@group-523986131536: inconsistency entries. Reply:omNode-2<-omNode-1#10423:FAIL-t4,INCONSISTENCY,nextIndex=11,followerCommit=10
2021-11-02 20:10:49,827 [grpc-default-executor-1] INFO  leader.FollowerInfo (FollowerInfoImpl.java:lambda$new$0(47)) - omNode-2@group-523986131536->omNode-1: nextIndex: updateUnconditionally 17 -> 11
2021-11-02 20:10:50,328 [grpc-default-executor-1] INFO  server.RaftServer$Division (RaftServerImpl.java:checkInconsistentAppendEntries(1322)) - omNode-1@group-523986131536: Failed appendEntries as previous log entry ((t:4, i:16)) is not found
2021-11-02 20:10:50,329 [grpc-default-executor-1] INFO  server.RaftServer$Division (RaftServerImpl.java:checkInconsistentAppendEntries(1288)) - omNode-1@group-523986131536: inconsistency entries. Reply:omNode-2<-omNode-1#10474:FAIL-t4,INCONSISTENCY,nextIndex=11,followerCommit=10
2021-11-02 20:10:50,329 [grpc-default-executor-3] INFO  leader.FollowerInfo (FollowerInfoImpl.java:lambda$new$0(47)) - omNode-2@group-523986131536->omNode-1: nextIndex: updateUnconditionally 17 -> 11
2021-11-02 20:10:50,830 [grpc-default-executor-1] INFO  server.RaftServer$Division (RaftServerImpl.java:checkInconsistentAppendEntries(1322)) - omNode-1@group-523986131536: Failed appendEntries as previous log entry ((t:4, i:16)) is not found
2021-11-02 20:10:50,831 [grpc-default-executor-1] INFO  server.RaftServer$Division (RaftServerImpl.java:checkInconsistentAppendEntries(1288)) - omNode-1@group-523986131536: inconsistency entries. Reply:omNode-2<-omNode-1#10525:FAIL-t4,INCONSISTENCY,nextIndex=11,followerCommit=10
2021-11-02 20:10:50,831 [grpc-default-executor-1] INFO  leader.FollowerInfo (FollowerInfoImpl.java:lambda$new$0(47)) - omNode-2@group-523986131536->omNode-1: nextIndex: updateUnconditionally 17 -> 11
2021-11-02 20:10:51,334 [grpc-default-executor-3] INFO  server.RaftServer$Division (RaftServerImpl.java:checkInconsistentAppendEntries(1322)) - omNode-1@group-523986131536: Failed appendEntries as previous log entry ((t:4, i:16)) is not found
2021-11-02 20:10:51,334 [grpc-default-executor-3] INFO  server.RaftServer$Division (RaftServerImpl.java:checkInconsistentAppendEntries(1288)) - omNode-1@group-523986131536: inconsistency entries. Reply:omNode-2<-omNode-1#10576:FAIL-t4,INCONSISTENCY,nextIndex=11,followerCommit=10
2021-11-02 20:10:51,335 [grpc-default-executor-1] INFO  leader.FollowerInfo (FollowerInfoImpl.java:lambda$new$0(47)) - omNode-2@group-523986131536->omNode-1: nextIndex: updateUnconditionally 17 -> 11
2021-11-02 20:10:51,836 [grpc-default-executor-1] INFO  server.RaftServer$Division (RaftServerImpl.java:checkInconsistentAppendEntries(1322)) - omNode-1@group-523986131536: Failed appendEntries as previous log entry ((t:4, i:16)) is not found
2021-11-02 20:10:51,837 [grpc-default-executor-1] INFO  server.RaftServer$Division (RaftServerImpl.java:checkInconsistentAppendEntries(1288)) - omNode-1@group-523986131536: inconsistency entries. Reply:omNode-2<-omNode-1#10627:FAIL-t4,INCONSISTENCY,nextIndex=11,followerCommit=10
2021-11-02 20:10:51,837 [grpc-default-executor-3] INFO  leader.FollowerInfo (FollowerInfoImpl.java:lambda$new$0(47)) - omNode-2@group-523986131536->omNode-1: nextIndex: updateUnconditionally 17 -> 11
2021-11-02 20:10:52,340 [grpc-default-executor-1] INFO  server.RaftServer$Division (RaftServerImpl.java:checkInconsistentAppendEntries(1322)) - omNode-1@group-523986131536: Failed appendEntries as previous log entry ((t:4, i:16)) is not found
2021-11-02 20:10:52,340 [grpc-default-executor-1] INFO  server.RaftServer$Division (RaftServerImpl.java:checkInconsistentAppendEntries(1288)) - omNode-1@group-523986131536: inconsistency entries. Reply:omNode-2<-omNode-1#10678:FAIL-t4,INCONSISTENCY,nextIndex=11,followerCommit=10
2021-11-02 20:10:52,341 [grpc-default-executor-1] INFO  leader.FollowerInfo (FollowerInfoImpl.java:lambda$new$0(47)) - omNode-2@group-523986131536->omNode-1: nextIndex: updateUnconditionally 17 -> 11
2021-11-02 20:10:52,842 [grpc-default-executor-1] INFO  server.RaftServer$Division (RaftServerImpl.java:checkInconsistentAppendEntries(1322)) - omNode-1@group-523986131536: Failed appendEntries as previous log entry ((t:4, i:16)) is not found
2021-11-02 20:10:52,842 [grpc-default-executor-1] INFO  server.RaftServer$Division (RaftServerImpl.java:checkInconsistentAppendEntries(1288)) - omNode-1@group-523986131536: inconsistency entries. Reply:omNode-2<-omNode-1#10729:FAIL-t4,INCONSISTENCY,nextIndex=11,followerCommit=10
2021-11-02 20:10:52,843 [grpc-default-executor-1] INFO  leader.FollowerInfo (FollowerInfoImpl.java:lambda$new$0(47)) - omNode-2@group-523986131536->omNode-1: nextIndex: updateUnconditionally 17 -> 11
2021-11-02 20:10:53,344 [grpc-default-executor-1] INFO  server.RaftServer$Division (RaftServerImpl.java:checkInconsistentAppendEntries(1322)) - omNode-1@group-523986131536: Failed appendEntries as previous log entry ((t:4, i:16)) is not found
2021-11-02 20:10:53,345 [grpc-default-executor-1] INFO  server.RaftServer$Division (RaftServerImpl.java:checkInconsistentAppendEntries(1288)) - omNode-1@group-523986131536: inconsistency entries. Reply:omNode-2<-omNode-1#10780:FAIL-t4,INCONSISTENCY,nextIndex=11,followerCommit=10
2021-11-02 20:10:53,345 [grpc-default-executor-3] INFO  leader.FollowerInfo (FollowerInfoImpl.java:lambda$new$0(47)) - omNode-2@group-523986131536->omNode-1: nextIndex: updateUnconditionally 17 -> 11
2021-11-02 20:10:53,847 [grpc-default-executor-1] INFO  server.RaftServer$Division (RaftServerImpl.java:checkInconsistentAppendEntries(1322)) - omNode-1@group-523986131536: Failed appendEntries as previous log entry ((t:4, i:16)) is not found
2021-11-02 20:10:53,847 [grpc-default-executor-1] INFO  server.RaftServer$Division (RaftServerImpl.java:checkInconsistentAppendEntries(1288)) - omNode-1@group-523986131536: inconsistency entries. Reply:omNode-2<-omNode-1#10831:FAIL-t4,INCONSISTENCY,nextIndex=11,followerCommit=10
2021-11-02 20:10:53,847 [grpc-default-executor-1] INFO  leader.FollowerInfo (FollowerInfoImpl.java:lambda$new$0(47)) - omNode-2@group-523986131536->omNode-1: nextIndex: updateUnconditionally 17 -> 11
2021-11-02 20:10:54,350 [grpc-default-executor-3] INFO  server.RaftServer$Division (RaftServerImpl.java:checkInconsistentAppendEntries(1322)) - omNode-1@group-523986131536: Failed appendEntries as previous log entry ((t:4, i:16)) is not found
2021-11-02 20:10:54,350 [grpc-default-executor-3] INFO  server.RaftServer$Division (RaftServerImpl.java:checkInconsistentAppendEntries(1288)) - omNode-1@group-523986131536: inconsistency entries. Reply:omNode-2<-omNode-1#10882:FAIL-t4,INCONSISTENCY,nextIndex=11,followerCommit=10
2021-11-02 20:10:54,350 [grpc-default-executor-1] INFO  leader.FollowerInfo (FollowerInfoImpl.java:lambda$new$0(47)) - omNode-2@group-523986131536->omNode-1: nextIndex: updateUnconditionally 17 -> 11
2021-11-02 20:10:54,852 [grpc-default-executor-3] INFO  server.RaftServer$Division (RaftServerImpl.java:checkInconsistentAppendEntries(1322)) - omNode-1@group-523986131536: Failed appendEntries as previous log entry ((t:4, i:16)) is not found
2021-11-02 20:10:54,853 [grpc-default-executor-3] INFO  server.RaftServer$Division (RaftServerImpl.java:checkInconsistentAppendEntries(1288)) - omNode-1@group-523986131536: inconsistency entries. Reply:omNode-2<-omNode-1#10933:FAIL-t4,INCONSISTENCY,nextIndex=11,followerCommit=10
2021-11-02 20:10:54,853 [grpc-default-executor-3] INFO  leader.FollowerInfo (FollowerInfoImpl.java:lambda$new$0(47)) - omNode-2@group-523986131536->omNode-1: nextIndex: updateUnconditionally 17 -> 11
2021-11-02 20:10:55,355 [grpc-default-executor-1] INFO  server.RaftServer$Division (RaftServerImpl.java:checkInconsistentAppendEntries(1322)) - omNode-1@group-523986131536: Failed appendEntries as previous log entry ((t:4, i:16)) is not found
2021-11-02 20:10:55,355 [grpc-default-executor-1] INFO  server.RaftServer$Division (RaftServerImpl.java:checkInconsistentAppendEntries(1288)) - omNode-1@group-523986131536: inconsistency entries. Reply:omNode-2<-omNode-1#10984:FAIL-t4,INCONSISTENCY,nextIndex=11,followerCommit=10
2021-11-02 20:10:55,356 [grpc-default-executor-3] INFO  leader.FollowerInfo (FollowerInfoImpl.java:lambda$new$0(47)) - omNode-2@group-523986131536->omNode-1: nextIndex: updateUnconditionally 17 -> 11
2021-11-02 20:10:55,858 [grpc-default-executor-3] INFO  server.RaftServer$Division (RaftServerImpl.java:checkInconsistentAppendEntries(1322)) - omNode-1@group-523986131536: Failed appendEntries as previous log entry ((t:4, i:16)) is not found
2021-11-02 20:10:55,858 [grpc-default-executor-3] INFO  server.RaftServer$Division (RaftServerImpl.java:checkInconsistentAppendEntries(1288)) - omNode-1@group-523986131536: inconsistency entries. Reply:omNode-2<-omNode-1#11035:FAIL-t4,INCONSISTENCY,nextIndex=11,followerCommit=10
2021-11-02 20:10:55,859 [grpc-default-executor-3] INFO  leader.FollowerInfo (FollowerInfoImpl.java:lambda$new$0(47)) - omNode-2@group-523986131536->omNode-1: nextIndex: updateUnconditionally 17 -> 11
2021-11-02 20:10:56,360 [grpc-default-executor-3] INFO  server.RaftServer$Division (RaftServerImpl.java:checkInconsistentAppendEntries(1322)) - omNode-1@group-523986131536: Failed appendEntries as previous log entry ((t:4, i:16)) is not found
2021-11-02 20:10:56,361 [grpc-default-executor-3] INFO  server.RaftServer$Division (RaftServerImpl.java:checkInconsistentAppendEntries(1288)) - omNode-1@group-523986131536: inconsistency entries. Reply:omNode-2<-omNode-1#11086:FAIL-t4,INCONSISTENCY,nextIndex=11,followerCommit=10
2021-11-02 20:10:56,361 [grpc-default-executor-3] INFO  leader.FollowerInfo (FollowerInfoImpl.java:lambda$new$0(47)) - omNode-2@group-523986131536->omNode-1: nextIndex: updateUnconditionally 17 -> 11
2021-11-02 20:10:56,862 [grpc-default-executor-3] INFO  server.RaftServer$Division (RaftServerImpl.java:checkInconsistentAppendEntries(1322)) - omNode-1@group-523986131536: Failed appendEntries as previous log entry ((t:4, i:16)) is not found
2021-11-02 20:10:56,863 [grpc-default-executor-3] INFO  server.RaftServer$Division (RaftServerImpl.java:checkInconsistentAppendEntries(1288)) - omNode-1@group-523986131536: inconsistency entries. Reply:omNode-2<-omNode-1#11137:FAIL-t4,INCONSISTENCY,nextIndex=11,followerCommit=10
2021-11-02 20:10:56,863 [grpc-default-executor-1] INFO  leader.FollowerInfo (FollowerInfoImpl.java:lambda$new$0(47)) - omNode-2@group-523986131536->omNode-1: nextIndex: updateUnconditionally 17 -> 11
2021-11-02 20:10:57,365 [grpc-default-executor-3] INFO  server.RaftServer$Division (RaftServerImpl.java:checkInconsistentAppendEntries(1322)) - omNode-1@group-523986131536: Failed appendEntries as previous log entry ((t:4, i:16)) is not found
2021-11-02 20:10:57,365 [grpc-default-executor-3] INFO  server.RaftServer$Division (RaftServerImpl.java:checkInconsistentAppendEntries(1288)) - omNode-1@group-523986131536: inconsistency entries. Reply:omNode-2<-omNode-1#11188:FAIL-t4,INCONSISTENCY,nextIndex=11,followerCommit=10
2021-11-02 20:10:57,366 [grpc-default-executor-1] INFO  leader.FollowerInfo (FollowerInfoImpl.java:lambda$new$0(47)) - omNode-2@group-523986131536->omNode-1: nextIndex: updateUnconditionally 17 -> 11
2021-11-02 20:10:57,868 [grpc-default-executor-3] INFO  server.RaftServer$Division (RaftServerImpl.java:checkInconsistentAppendEntries(1322)) - omNode-1@group-523986131536: Failed appendEntries as previous log entry ((t:4, i:16)) is not found
2021-11-02 20:10:57,868 [grpc-default-executor-3] INFO  server.RaftServer$Division (RaftServerImpl.java:checkInconsistentAppendEntries(1288)) - omNode-1@group-523986131536: inconsistency entries. Reply:omNode-2<-omNode-1#11239:FAIL-t4,INCONSISTENCY,nextIndex=11,followerCommit=10
2021-11-02 20:10:57,869 [grpc-default-executor-1] INFO  leader.FollowerInfo (FollowerInfoImpl.java:lambda$new$0(47)) - omNode-2@group-523986131536->omNode-1: nextIndex: updateUnconditionally 17 -> 11
2021-11-02 20:10:58,370 [grpc-default-executor-1] INFO  server.RaftServer$Division (RaftServerImpl.java:checkInconsistentAppendEntries(1322)) - omNode-1@group-523986131536: Failed appendEntries as previous log entry ((t:4, i:16)) is not found
2021-11-02 20:10:58,370 [grpc-default-executor-1] INFO  server.RaftServer$Division (RaftServerImpl.java:checkInconsistentAppendEntries(1288)) - omNode-1@group-523986131536: inconsistency entries. Reply:omNode-2<-omNode-1#11290:FAIL-t4,INCONSISTENCY,nextIndex=11,followerCommit=10
2021-11-02 20:10:58,371 [grpc-default-executor-1] INFO  leader.FollowerInfo (FollowerInfoImpl.java:lambda$new$0(47)) - omNode-2@group-523986131536->omNode-1: nextIndex: updateUnconditionally 17 -> 11
2021-11-02 20:10:58,872 [grpc-default-executor-3] INFO  server.RaftServer$Division (RaftServerImpl.java:checkInconsistentAppendEntries(1322)) - omNode-1@group-523986131536: Failed appendEntries as previous log entry ((t:4, i:16)) is not found
2021-11-02 20:10:58,873 [grpc-default-executor-3] INFO  server.RaftServer$Division (RaftServerImpl.java:checkInconsistentAppendEntries(1288)) - omNode-1@group-523986131536: inconsistency entries. Reply:omNode-2<-omNode-1#11341:FAIL-t4,INCONSISTENCY,nextIndex=11,followerCommit=10
2021-11-02 20:10:58,873 [grpc-default-executor-3] INFO  leader.FollowerInfo (FollowerInfoImpl.java:lambda$new$0(47)) - omNode-2@group-523986131536->omNode-1: nextIndex: updateUnconditionally 17 -> 11
2021-11-02 20:10:59,375 [grpc-default-executor-1] INFO  server.RaftServer$Division (RaftServerImpl.java:checkInconsistentAppendEntries(1322)) - omNode-1@group-523986131536: Failed appendEntries as previous log entry ((t:4, i:16)) is not found
2021-11-02 20:10:59,376 [grpc-default-executor-1] INFO  server.RaftServer$Division (RaftServerImpl.java:checkInconsistentAppendEntries(1288)) - omNode-1@group-523986131536: inconsistency entries. Reply:omNode-2<-omNode-1#11392:FAIL-t4,INCONSISTENCY,nextIndex=11,followerCommit=10
2021-11-02 20:10:59,376 [grpc-default-executor-1] INFO  leader.FollowerInfo (FollowerInfoImpl.java:lambda$new$0(47)) - omNode-2@group-523986131536->omNode-1: nextIndex: updateUnconditionally 17 -> 11
2021-11-02 20:10:59,878 [grpc-default-executor-1] INFO  server.RaftServer$Division (RaftServerImpl.java:checkInconsistentAppendEntries(1322)) - omNode-1@group-523986131536: Failed appendEntries as previous log entry ((t:4, i:16)) is not found
2021-11-02 20:10:59,878 [grpc-default-executor-1] INFO  server.RaftServer$Division (RaftServerImpl.java:checkInconsistentAppendEntries(1288)) - omNode-1@group-523986131536: inconsistency entries. Reply:omNode-2<-omNode-1#11443:FAIL-t4,INCONSISTENCY,nextIndex=11,followerCommit=10
2021-11-02 20:10:59,879 [grpc-default-executor-1] INFO  leader.FollowerInfo (FollowerInfoImpl.java:lambda$new$0(47)) - omNode-2@group-523986131536->omNode-1: nextIndex: updateUnconditionally 17 -> 11
2021-11-02 20:11:00,381 [grpc-default-executor-3] INFO  server.RaftServer$Division (RaftServerImpl.java:checkInconsistentAppendEntries(1322)) - omNode-1@group-523986131536: Failed appendEntries as previous log entry ((t:4, i:16)) is not found
2021-11-02 20:11:00,382 [grpc-default-executor-3] INFO  server.RaftServer$Division (RaftServerImpl.java:checkInconsistentAppendEntries(1288)) - omNode-1@group-523986131536: inconsistency entries. Reply:omNode-2<-omNode-1#11494:FAIL-t4,INCONSISTENCY,nextIndex=11,followerCommit=10
2021-11-02 20:11:00,382 [grpc-default-executor-3] INFO  leader.FollowerInfo (FollowerInfoImpl.java:lambda$new$0(47)) - omNode-2@group-523986131536->omNode-1: nextIndex: updateUnconditionally 17 -> 11
2021-11-02 20:11:00,884 [grpc-default-executor-1] INFO  server.RaftServer$Division (RaftServerImpl.java:checkInconsistentAppendEntries(1322)) - omNode-1@group-523986131536: Failed appendEntries as previous log entry ((t:4, i:16)) is not found
2021-11-02 20:11:00,884 [grpc-default-executor-1] INFO  server.RaftServer$Division (RaftServerImpl.java:checkInconsistentAppendEntries(1288)) - omNode-1@group-523986131536: inconsistency entries. Reply:omNode-2<-omNode-1#11545:FAIL-t4,INCONSISTENCY,nextIndex=11,followerCommit=10
2021-11-02 20:11:00,885 [grpc-default-executor-1] INFO  leader.FollowerInfo (FollowerInfoImpl.java:lambda$new$0(47)) - omNode-2@group-523986131536->omNode-1: nextIndex: updateUnconditionally 17 -> 11
2021-11-02 20:11:01,386 [grpc-default-executor-3] INFO  server.RaftServer$Division (RaftServerImpl.java:checkInconsistentAppendEntries(1322)) - omNode-1@group-523986131536: Failed appendEntries as previous log entry ((t:4, i:16)) is not found
2021-11-02 20:11:01,387 [grpc-default-executor-3] INFO  server.RaftServer$Division (RaftServerImpl.java:checkInconsistentAppendEntries(1288)) - omNode-1@group-523986131536: inconsistency entries. Reply:omNode-2<-omNode-1#11596:FAIL-t4,INCONSISTENCY,nextIndex=11,followerCommit=10
2021-11-02 20:11:01,387 [grpc-default-executor-3] INFO  leader.FollowerInfo (FollowerInfoImpl.java:lambda$new$0(47)) - omNode-2@group-523986131536->omNode-1: nextIndex: updateUnconditionally 17 -> 11
2021-11-02 20:11:01,889 [grpc-default-executor-1] INFO  server.RaftServer$Division (RaftServerImpl.java:checkInconsistentAppendEntries(1322)) - omNode-1@group-523986131536: Failed appendEntries as previous log entry ((t:4, i:16)) is not found
2021-11-02 20:11:01,889 [grpc-default-executor-1] INFO  server.RaftServer$Division (RaftServerImpl.java:checkInconsistentAppendEntries(1288)) - omNode-1@group-523986131536: inconsistency entries. Reply:omNode-2<-omNode-1#11647:FAIL-t4,INCONSISTENCY,nextIndex=11,followerCommit=10
2021-11-02 20:11:01,890 [grpc-default-executor-1] INFO  leader.FollowerInfo (FollowerInfoImpl.java:lambda$new$0(47)) - omNode-2@group-523986131536->omNode-1: nextIndex: updateUnconditionally 17 -> 11
2021-11-02 20:11:02,391 [grpc-default-executor-1] INFO  server.RaftServer$Division (RaftServerImpl.java:checkInconsistentAppendEntries(1322)) - omNode-1@group-523986131536: Failed appendEntries as previous log entry ((t:4, i:16)) is not found
2021-11-02 20:11:02,391 [grpc-default-executor-1] INFO  server.RaftServer$Division (RaftServerImpl.java:checkInconsistentAppendEntries(1288)) - omNode-1@group-523986131536: inconsistency entries. Reply:omNode-2<-omNode-1#11698:FAIL-t4,INCONSISTENCY,nextIndex=11,followerCommit=10
2021-11-02 20:11:02,392 [grpc-default-executor-3] INFO  leader.FollowerInfo (FollowerInfoImpl.java:lambda$new$0(47)) - omNode-2@group-523986131536->omNode-1: nextIndex: updateUnconditionally 17 -> 11
2021-11-02 20:11:02,894 [grpc-default-executor-3] INFO  server.RaftServer$Division (RaftServerImpl.java:checkInconsistentAppendEntries(1322)) - omNode-1@group-523986131536: Failed appendEntries as previous log entry ((t:4, i:16)) is not found
2021-11-02 20:11:02,894 [grpc-default-executor-3] INFO  server.RaftServer$Division (RaftServerImpl.java:checkInconsistentAppendEntries(1288)) - omNode-1@group-523986131536: inconsistency entries. Reply:omNode-2<-omNode-1#11749:FAIL-t4,INCONSISTENCY,nextIndex=11,followerCommit=10
2021-11-02 20:11:02,895 [grpc-default-executor-1] INFO  leader.FollowerInfo (FollowerInfoImpl.java:lambda$new$0(47)) - omNode-2@group-523986131536->omNode-1: nextIndex: updateUnconditionally 17 -> 11
2021-11-02 20:11:03,396 [grpc-default-executor-3] INFO  server.RaftServer$Division (RaftServerImpl.java:checkInconsistentAppendEntries(1322)) - omNode-1@group-523986131536: Failed appendEntries as previous log entry ((t:4, i:16)) is not found
2021-11-02 20:11:03,397 [grpc-default-executor-3] INFO  server.RaftServer$Division (RaftServerImpl.java:checkInconsistentAppendEntries(1288)) - omNode-1@group-523986131536: inconsistency entries. Reply:omNode-2<-omNode-1#11800:FAIL-t4,INCONSISTENCY,nextIndex=11,followerCommit=10
2021-11-02 20:11:03,399 [grpc-default-executor-1] INFO  leader.FollowerInfo (FollowerInfoImpl.java:lambda$new$0(47)) - omNode-2@group-523986131536->omNode-1: nextIndex: updateUnconditionally 17 -> 11
2021-11-02 20:11:03,901 [grpc-default-executor-1] INFO  server.RaftServer$Division (RaftServerImpl.java:checkInconsistentAppendEntries(1322)) - omNode-1@group-523986131536: Failed appendEntries as previous log entry ((t:4, i:16)) is not found
2021-11-02 20:11:03,901 [grpc-default-executor-1] INFO  server.RaftServer$Division (RaftServerImpl.java:checkInconsistentAppendEntries(1288)) - omNode-1@group-523986131536: inconsistency entries. Reply:omNode-2<-omNode-1#11851:FAIL-t4,INCONSISTENCY,nextIndex=11,followerCommit=10
2021-11-02 20:11:03,901 [grpc-default-executor-1] INFO  leader.FollowerInfo (FollowerInfoImpl.java:lambda$new$0(47)) - omNode-2@group-523986131536->omNode-1: nextIndex: updateUnconditionally 17 -> 11
2021-11-02 20:11:04,403 [grpc-default-executor-1] INFO  server.RaftServer$Division (RaftServerImpl.java:checkInconsistentAppendEntries(1322)) - omNode-1@group-523986131536: Failed appendEntries as previous log entry ((t:4, i:16)) is not found
2021-11-02 20:11:04,403 [grpc-default-executor-1] INFO  server.RaftServer$Division (RaftServerImpl.java:checkInconsistentAppendEntries(1288)) - omNode-1@group-523986131536: inconsistency entries. Reply:omNode-2<-omNode-1#11902:FAIL-t4,INCONSISTENCY,nextIndex=11,followerCommit=10
2021-11-02 20:11:04,404 [grpc-default-executor-1] INFO  leader.FollowerInfo (FollowerInfoImpl.java:lambda$new$0(47)) - omNode-2@group-523986131536->omNode-1: nextIndex: updateUnconditionally 17 -> 11
2021-11-02 20:11:04,905 [grpc-default-executor-1] INFO  server.RaftServer$Division (RaftServerImpl.java:checkInconsistentAppendEntries(1322)) - omNode-1@group-523986131536: Failed appendEntries as previous log entry ((t:4, i:16)) is not found
2021-11-02 20:11:04,906 [grpc-default-executor-1] INFO  server.RaftServer$Division (RaftServerImpl.java:checkInconsistentAppendEntries(1288)) - omNode-1@group-523986131536: inconsistency entries. Reply:omNode-2<-omNode-1#11953:FAIL-t4,INCONSISTENCY,nextIndex=11,followerCommit=10
2021-11-02 20:11:04,906 [grpc-default-executor-1] INFO  leader.FollowerInfo (FollowerInfoImpl.java:lambda$new$0(47)) - omNode-2@group-523986131536->omNode-1: nextIndex: updateUnconditionally 17 -> 11
2021-11-02 20:11:05,407 [grpc-default-executor-1] INFO  server.RaftServer$Division (RaftServerImpl.java:checkInconsistentAppendEntries(1322)) - omNode-1@group-523986131536: Failed appendEntries as previous log entry ((t:4, i:16)) is not found
2021-11-02 20:11:05,407 [grpc-default-executor-1] INFO  server.RaftServer$Division (RaftServerImpl.java:checkInconsistentAppendEntries(1288)) - omNode-1@group-523986131536: inconsistency entries. Reply:omNode-2<-omNode-1#12004:FAIL-t4,INCONSISTENCY,nextIndex=11,followerCommit=10
2021-11-02 20:11:05,408 [grpc-default-executor-1] INFO  leader.FollowerInfo (FollowerInfoImpl.java:lambda$new$0(47)) - omNode-2@group-523986131536->omNode-1: nextIndex: updateUnconditionally 17 -> 11
2021-11-02 20:11:05,910 [grpc-default-executor-1] INFO  server.RaftServer$Division (RaftServerImpl.java:checkInconsistentAppendEntries(1322)) - omNode-1@group-523986131536: Failed appendEntries as previous log entry ((t:4, i:16)) is not found
2021-11-02 20:11:05,910 [grpc-default-executor-1] INFO  server.RaftServer$Division (RaftServerImpl.java:checkInconsistentAppendEntries(1288)) - omNode-1@group-523986131536: inconsistency entries. Reply:omNode-2<-omNode-1#12055:FAIL-t4,INCONSISTENCY,nextIndex=11,followerCommit=10
2021-11-02 20:11:05,910 [grpc-default-executor-1] INFO  leader.FollowerInfo (FollowerInfoImpl.java:lambda$new$0(47)) - omNode-2@group-523986131536->omNode-1: nextIndex: updateUnconditionally 17 -> 11
2021-11-02 20:11:06,413 [grpc-default-executor-1] INFO  server.RaftServer$Division (RaftServerImpl.java:checkInconsistentAppendEntries(1322)) - omNode-1@group-523986131536: Failed appendEntries as previous log entry ((t:4, i:16)) is not found
2021-11-02 20:11:06,413 [grpc-default-executor-1] INFO  server.RaftServer$Division (RaftServerImpl.java:checkInconsistentAppendEntries(1288)) - omNode-1@group-523986131536: inconsistency entries. Reply:omNode-2<-omNode-1#12106:FAIL-t4,INCONSISTENCY,nextIndex=11,followerCommit=10
2021-11-02 20:11:06,414 [grpc-default-executor-3] INFO  leader.FollowerInfo (FollowerInfoImpl.java:lambda$new$0(47)) - omNode-2@group-523986131536->omNode-1: nextIndex: updateUnconditionally 17 -> 11
2021-11-02 20:11:06,916 [grpc-default-executor-1] INFO  server.RaftServer$Division (RaftServerImpl.java:checkInconsistentAppendEntries(1322)) - omNode-1@group-523986131536: Failed appendEntries as previous log entry ((t:4, i:16)) is not found
2021-11-02 20:11:06,916 [grpc-default-executor-1] INFO  server.RaftServer$Division (RaftServerImpl.java:checkInconsistentAppendEntries(1288)) - omNode-1@group-523986131536: inconsistency entries. Reply:omNode-2<-omNode-1#12157:FAIL-t4,INCONSISTENCY,nextIndex=11,followerCommit=10
2021-11-02 20:11:06,916 [grpc-default-executor-1] INFO  leader.FollowerInfo (FollowerInfoImpl.java:lambda$new$0(47)) - omNode-2@group-523986131536->omNode-1: nextIndex: updateUnconditionally 17 -> 11
2021-11-02 20:11:07,418 [grpc-default-executor-1] INFO  server.RaftServer$Division (RaftServerImpl.java:checkInconsistentAppendEntries(1322)) - omNode-1@group-523986131536: Failed appendEntries as previous log entry ((t:4, i:16)) is not found
2021-11-02 20:11:07,419 [grpc-default-executor-1] INFO  server.RaftServer$Division (RaftServerImpl.java:checkInconsistentAppendEntries(1288)) - omNode-1@group-523986131536: inconsistency entries. Reply:omNode-2<-omNode-1#12208:FAIL-t4,INCONSISTENCY,nextIndex=11,followerCommit=10
2021-11-02 20:11:07,419 [grpc-default-executor-1] INFO  leader.FollowerInfo (FollowerInfoImpl.java:lambda$new$0(47)) - omNode-2@group-523986131536->omNode-1: nextIndex: updateUnconditionally 17 -> 11
2021-11-02 20:11:07,921 [grpc-default-executor-1] INFO  server.RaftServer$Division (RaftServerImpl.java:checkInconsistentAppendEntries(1322)) - omNode-1@group-523986131536: Failed appendEntries as previous log entry ((t:4, i:16)) is not found
2021-11-02 20:11:07,921 [grpc-default-executor-1] INFO  server.RaftServer$Division (RaftServerImpl.java:checkInconsistentAppendEntries(1288)) - omNode-1@group-523986131536: inconsistency entries. Reply:omNode-2<-omNode-1#12259:FAIL-t4,INCONSISTENCY,nextIndex=11,followerCommit=10
2021-11-02 20:11:07,922 [grpc-default-executor-3] INFO  leader.FollowerInfo (FollowerInfoImpl.java:lambda$new$0(47)) - omNode-2@group-523986131536->omNode-1: nextIndex: updateUnconditionally 17 -> 11
2021-11-02 20:11:08,423 [grpc-default-executor-1] INFO  server.RaftServer$Division (RaftServerImpl.java:checkInconsistentAppendEntries(1322)) - omNode-1@group-523986131536: Failed appendEntries as previous log entry ((t:4, i:16)) is not found
2021-11-02 20:11:08,424 [grpc-default-executor-1] INFO  server.RaftServer$Division (RaftServerImpl.java:checkInconsistentAppendEntries(1288)) - omNode-1@group-523986131536: inconsistency entries. Reply:omNode-2<-omNode-1#12310:FAIL-t4,INCONSISTENCY,nextIndex=11,followerCommit=10
2021-11-02 20:11:08,425 [grpc-default-executor-1] INFO  leader.FollowerInfo (FollowerInfoImpl.java:lambda$new$0(47)) - omNode-2@group-523986131536->omNode-1: nextIndex: updateUnconditionally 17 -> 11
2021-11-02 20:11:08,793 [Time-limited test] INFO  om.OzoneManager (OzoneManager.java:stop(1697)) - Stopping Ozone Manager
2021-11-02 20:11:08,795 [Time-limited test] INFO  ipc.Server (Server.java:stop(3414)) - Stopping server on 10620
2021-11-02 20:11:08,800 [IPC Server listener on 10620] INFO  ipc.Server (Server.java:run(1376)) - Stopping IPC Server listener on 10620
2021-11-02 20:11:08,800 [IPC Server Responder] INFO  ipc.Server (Server.java:run(1512)) - Stopping IPC Server Responder
2021-11-02 20:11:08,802 [Time-limited test] INFO  server.RaftServer (RaftServerProxy.java:lambda$close$6(391)) - omNode-3: close
2021-11-02 20:11:08,802 [Time-limited test] INFO  server.RaftServer$Division (RaftServerImpl.java:lambda$close$4(412)) - omNode-3@group-523986131536: shutdown
2021-11-02 20:11:08,802 [Time-limited test] INFO  util.JmxRegister (JmxRegister.java:unregister(73)) - Successfully un-registered JMX Bean with object name Ratis:service=RaftServer,group=group-523986131536,id=omNode-3
2021-11-02 20:11:08,802 [Time-limited test] INFO  impl.RoleInfo (RoleInfo.java:shutdownFollowerState(108)) - omNode-3: shutdown omNode-3@group-523986131536-FollowerState
2021-11-02 20:11:08,803 [omNode-3@group-523986131536-FollowerState] INFO  impl.FollowerState (FollowerState.java:run(143)) - omNode-3@group-523986131536-FollowerState was interrupted: {}
java.lang.InterruptedException: sleep interrupted
	at java.lang.Thread.sleep(Native Method)
	at java.lang.Thread.sleep(Thread.java:340)
	at java.util.concurrent.TimeUnit.sleep(TimeUnit.java:386)
	at org.apache.ratis.util.TimeDuration.sleep(TimeDuration.java:324)
	at org.apache.ratis.util.TimeDuration.sleep(TimeDuration.java:309)
	at org.apache.ratis.server.impl.FollowerState.run(FollowerState.java:118)
2021-11-02 20:11:08,803 [omNode-3@group-523986131536-StateMachineUpdater] INFO  ratis.OzoneManagerStateMachine (OzoneManagerStateMachine.java:takeSnapshot(417)) - Current Snapshot Index (t:4, i:16)
2021-11-02 20:11:08,803 [Time-limited test] INFO  impl.StateMachineUpdater (StateMachineUpdater.java:stopAndJoin(149)) - omNode-3@group-523986131536-StateMachineUpdater: set stopIndex = 16
2021-11-02 20:11:08,804 [omNode-3@group-523986131536-StateMachineUpdater] INFO  impl.StateMachineUpdater (StateMachineUpdater.java:takeSnapshot(281)) - omNode-3@group-523986131536-StateMachineUpdater: Took a snapshot at index 16
2021-11-02 20:11:08,804 [omNode-3@group-523986131536-StateMachineUpdater] INFO  impl.StateMachineUpdater (StateMachineUpdater.java:lambda$new$0(89)) - omNode-3@group-523986131536-StateMachineUpdater: snapshotIndex: updateIncreasingly 10 -> 16
2021-11-02 20:11:08,804 [omNode-3@group-523986131536-StateMachineUpdater] INFO  ratis.OzoneManagerStateMachine (OzoneManagerStateMachine.java:close(471)) - StateMachine has shutdown. Shutdown OzoneManager if not already shutdown.
2021-11-02 20:11:08,804 [Time-limited test] INFO  server.RaftServer$Division (ServerState.java:close(419)) - omNode-3@group-523986131536: closes. applyIndex: 16
2021-11-02 20:11:08,804 [omNode-3@group-523986131536-SegmentedRaftLogWorker] INFO  segmented.SegmentedRaftLogWorker (SegmentedRaftLogWorker.java:run(327)) - omNode-3@group-523986131536-SegmentedRaftLogWorker was interrupted, exiting. There are 0 tasks remaining in the queue.
2021-11-02 20:11:08,805 [Time-limited test] INFO  segmented.SegmentedRaftLogWorker (SegmentedRaftLogWorker.java:close(237)) - omNode-3@group-523986131536-SegmentedRaftLogWorker close()
2021-11-02 20:11:08,806 [Time-limited test] INFO  server.GrpcService (GrpcService.java:closeImpl(262)) - omNode-3: shutdown server with port 10624 now
2021-11-02 20:11:08,808 [grpc-default-executor-3] WARN  server.GrpcServerProtocolService (LogUtils.java:warn(122)) - omNode-3: installSnapshot onError, lastRequest: omNode-2->omNode-3#56-t4,previous=(t:4, i:15),leaderCommit=15,initializing? true,entries: size=1, first=(t:4, i:16), METADATAENTRY(c:15): org.apache.ratis.thirdparty.io.grpc.StatusRuntimeException: CANCELLED: client cancelled
2021-11-02 20:11:08,808 [Time-limited test] INFO  server.GrpcService (GrpcService.java:closeImpl(271)) - omNode-3: shutdown server with port 10624 successfully
2021-11-02 20:11:08,808 [org.apache.ratis.util.JvmPauseMonitor$$Lambda$523/614850410@2eaeba5e] INFO  util.JvmPauseMonitor (JvmPauseMonitor.java:run(109)) - JvmPauseMonitor-omNode-3: Stopped
2021-11-02 20:11:08,809 [Time-limited test] INFO  ratis.OzoneManagerDoubleBuffer (OzoneManagerDoubleBuffer.java:stop(437)) - Stopping OMDoubleBuffer flush thread
2021-11-02 20:11:08,809 [OMDoubleBufferFlushThread] INFO  ratis.OzoneManagerDoubleBuffer (OzoneManagerDoubleBuffer.java:flushTransactions(356)) - OMDoubleBuffer flush thread OMDoubleBufferFlushThread is interrupted and will exit. OMDoubleBufferFlushThread
2021-11-02 20:11:08,816 [grpc-default-executor-6] WARN  server.GrpcLogAppender (LogUtils.java:warn(122)) - omNode-2@group-523986131536->omNode-3-AppendLogResponseHandler: Failed appendEntries: org.apache.ratis.thirdparty.io.grpc.StatusRuntimeException: CANCELLED: HTTP/2 error code: CANCEL
Received Rst Stream
2021-11-02 20:11:08,816 [grpc-default-executor-6] INFO  leader.FollowerInfo (FollowerInfoImpl.java:lambda$new$0(47)) - omNode-2@group-523986131536->omNode-3: nextIndex: updateUnconditionally 17 -> 16
2021-11-02 20:11:08,817 [Time-limited test] INFO  handler.ContextHandler (ContextHandler.java:doStop(1153)) - Stopped o.e.j.w.WebAppContext@16942beb{ozoneManager,/,null,STOPPED}{file:/home/runner/work/ozone/ozone/hadoop-ozone/integration-test/target/test-classes/webapps/ozoneManager}
2021-11-02 20:11:08,818 [Time-limited test] INFO  server.AbstractConnector (AbstractConnector.java:doStop(381)) - Stopped ServerConnector@170fe90f{HTTP/1.1, (http/1.1)}{0.0.0.0:10622}
2021-11-02 20:11:08,819 [Time-limited test] INFO  server.session (HouseKeeper.java:stopScavenging(149)) - node0 Stopped scavenging
2021-11-02 20:11:08,820 [Time-limited test] INFO  handler.ContextHandler (ContextHandler.java:doStop(1153)) - Stopped o.e.j.s.ServletContextHandler@6287a4a8{static,/static,file:///home/runner/work/ozone/ozone/hadoop-ozone/integration-test/target/test-classes/webapps/static,STOPPED}
2021-11-02 20:11:08,822 [Time-limited test] INFO  handler.ContextHandler (ContextHandler.java:doStop(1153)) - Stopped o.e.j.s.ServletContextHandler@59afd4{logs,/logs,file:///home/runner/work/ozone/ozone/hadoop-ozone/integration-test/target/log,STOPPED}
2021-11-02 20:11:08,825 [grpc-default-executor-7] WARN  server.GrpcLogAppender (LogUtils.java:warn(122)) - omNode-2@group-523986131536->omNode-3-AppendLogResponseHandler: Failed appendEntries: org.apache.ratis.thirdparty.io.grpc.StatusRuntimeException: UNAVAILABLE: io exception
2021-11-02 20:11:08,826 [grpc-default-executor-7] INFO  leader.FollowerInfo (FollowerInfoImpl.java:lambda$new$0(47)) - omNode-2@group-523986131536->omNode-3: nextIndex: updateUnconditionally 17 -> 16
2021-11-02 20:11:08,831 [Time-limited test] INFO  om.OzoneManager (OzoneManager.java:initFSOLayout(3662)) - Configured ozone.om.metadata.layout=SIMPLE and disabled optimized OM FS operations
2021-11-02 20:11:08,831 [Time-limited test] INFO  om.OzoneManager (OzoneManager.java:restart(1412)) - OzoneManager RPC server is listening at localhost/127.0.0.1:10620
2021-11-02 20:11:08,831 [Time-limited test] INFO  impl.MetricsSystemImpl (MetricsSystemImpl.java:init(158)) - OzoneManager metrics system started (again)
2021-11-02 20:11:08,846 [Time-limited test] WARN  server.ServerUtils (ServerUtils.java:getDBPath(225)) - ozone.om.db.dirs is not configured. We recommend adding this setting. Falling back to ozone.metadata.dirs instead.
2021-11-02 20:11:08,847 [Time-limited test] INFO  codec.OmKeyInfoCodec (OmKeyInfoCodec.java:<init>(51)) - OmKeyInfoCodec ignorePipeline = true
2021-11-02 20:11:08,848 [Time-limited test] INFO  codec.RepeatedOmKeyInfoCodec (RepeatedOmKeyInfoCodec.java:<init>(42)) - RepeatedOmKeyInfoCodec ignorePipeline = true
2021-11-02 20:11:08,881 [Time-limited test] WARN  impl.MetricRegistriesImpl (MetricRegistriesImpl.java:addReporterRegistration(111)) - New reporters are added after registries were created. Some metrics will be missing from the reporter. Please add reporter before adding any new registry.
2021-11-02 20:11:08,881 [Time-limited test] WARN  impl.MetricRegistriesImpl (MetricRegistriesImpl.java:addReporterRegistration(111)) - New reporters are added after registries were created. Some metrics will be missing from the reporter. Please add reporter before adding any new registry.
2021-11-02 20:11:08,881 [Time-limited test] WARN  server.ServerUtils (ServerUtils.java:getDefaultRatisDirectory(237)) - Storage directory for Ratis is not configured. It is a good idea to map this to an SSD disk. Falling back to ozone.metadata.dirs
2021-11-02 20:11:08,883 [Time-limited test] INFO  ratis.OzoneManagerRatisServer (OzoneManagerRatisServer.java:<init>(159)) - Instantiating OM Ratis server with groupID: om-service-test1 and peers: localhost:10624, localhost:10612, localhost:10618
2021-11-02 20:11:08,883 [Time-limited test] INFO  ratis.OzoneManagerStateMachine (OzoneManagerStateMachine.java:loadSnapshotInfoFromDB(605)) - LastAppliedIndex is set from TransactionInfo from OM DB as (t:4, i:16)
2021-11-02 20:11:08,884 [Time-limited test] INFO  server.RaftServer (ConfUtils.java:logGet(44)) - raft.rpc.type = GRPC (default)
2021-11-02 20:11:08,884 [Time-limited test] INFO  grpc.GrpcFactory (GrpcFactory.java:checkPooledByteBufAllocatorUseCacheForAllThreads(48)) - PERFORMANCE WARNING: useCacheForAllThreads is true that may cause Netty to create a lot garbage objects and, as a result, trigger GC.
	It is recommended to disable useCacheForAllThreads by setting -Dorg.apache.ratis.thirdparty.io.netty.allocator.useCacheForAllThreads=false in command line.
2021-11-02 20:11:08,884 [Time-limited test] INFO  grpc.GrpcConfigKeys (ConfUtils.java:logGet(44)) - raft.grpc.admin.port = -1 (default)
2021-11-02 20:11:08,884 [Time-limited test] INFO  grpc.GrpcConfigKeys (ConfUtils.java:logGet(44)) - raft.grpc.server.port = 10624 (custom)
2021-11-02 20:11:08,884 [Time-limited test] INFO  grpc.GrpcConfigKeys (ConfUtils.java:logGet(44)) - raft.grpc.client.port = -1 (default)
2021-11-02 20:11:08,884 [Time-limited test] INFO  grpc.GrpcConfigKeys (ConfUtils.java:logGet(44)) - raft.grpc.server.port = 10624 (custom)
2021-11-02 20:11:08,884 [Time-limited test] INFO  grpc.GrpcConfigKeys (ConfUtils.java:logGet(44)) - raft.grpc.server.port = 10624 (custom)
2021-11-02 20:11:08,884 [Time-limited test] INFO  server.GrpcService (ConfUtils.java:logGet(44)) - raft.grpc.message.size.max = 33554432 (custom)
2021-11-02 20:11:08,884 [Time-limited test] INFO  server.RaftServerConfigKeys (ConfUtils.java:logGet(44)) - raft.server.log.appender.buffer.byte-limit = 33554432 (custom)
2021-11-02 20:11:08,884 [Time-limited test] INFO  server.GrpcService (ConfUtils.java:logGet(44)) - raft.grpc.flow.control.window = 1MB (=1048576) (default)
2021-11-02 20:11:08,884 [Time-limited test] INFO  server.RaftServerConfigKeys (ConfUtils.java:logGet(44)) - raft.server.rpc.request.timeout = 3000ms (default)
2021-11-02 20:11:08,886 [Time-limited test] INFO  impl.DataStreamServerImpl (ConfUtils.java:logGet(44)) - raft.datastream.type = DISABLED (default)
2021-11-02 20:11:08,886 [Time-limited test] INFO  server.RaftServerConfigKeys (ConfUtils.java:logGet(44)) - raft.server.rpc.slowness.timeout = 2s (custom)
2021-11-02 20:11:08,886 [Time-limited test] INFO  server.RaftServerConfigKeys (ConfUtils.java:logGet(44)) - raft.server.leaderelection.leader.step-down.wait-time = 10s (default)
2021-11-02 20:11:08,886 [Time-limited test] INFO  server.RaftServerConfigKeys (ConfUtils.java:logGet(44)) - raft.server.storage.dir = [/home/runner/work/ozone/ozone/hadoop-ozone/integration-test/target/test-dir/MiniOzoneClusterImpl-76263e8f-62ab-412a-8766-4a189fbce95f/omNode-3/ratis] (custom)
2021-11-02 20:11:08,886 [Time-limited test] INFO  server.RaftServer (RaftServerProxy.java:lambda$null$1(235)) - omNode-3: found a subdirectory /home/runner/work/ozone/ozone/hadoop-ozone/integration-test/target/test-dir/MiniOzoneClusterImpl-76263e8f-62ab-412a-8766-4a189fbce95f/omNode-3/ratis/c9bc4cf4-3bc3-3c60-a66b-523986131536
2021-11-02 20:11:08,887 [Time-limited test] INFO  server.RaftServer (RaftServerProxy.java:addNew(95)) - omNode-3: addNew group-523986131536:[omNode-3|rpc:localhost:10624|priority:0, omNode-1|rpc:localhost:10612|priority:0, omNode-2|rpc:localhost:10618|priority:0] returns group-523986131536:java.util.concurrent.CompletableFuture@446f749[Not completed]
2021-11-02 20:11:08,887 [Time-limited test] INFO  om.OzoneManager (OzoneManager.java:initializeRatisServer(1638)) - OzoneManager Ratis server initialized at port 10624
2021-11-02 20:11:08,887 [pool-231-thread-1] INFO  server.RaftServer$Division (RaftServerImpl.java:<init>(184)) - omNode-3: new RaftServerImpl for group-523986131536:[omNode-3|rpc:localhost:10624|priority:0, omNode-1|rpc:localhost:10612|priority:0, omNode-2|rpc:localhost:10618|priority:0] with OzoneManagerStateMachine:uninitialized
2021-11-02 20:11:08,887 [Time-limited test] INFO  ratis.OzoneManagerRatisServer (OzoneManagerRatisServer.java:start(522)) - Starting OzoneManagerRatisServer omNode-3 at port 10624
2021-11-02 20:11:08,888 [pool-231-thread-1] INFO  server.RaftServerConfigKeys (ConfUtils.java:logGet(44)) - raft.server.rpc.timeout.min = 1s (custom)
2021-11-02 20:11:08,889 [pool-231-thread-1] INFO  server.RaftServerConfigKeys (ConfUtils.java:logGet(44)) - raft.server.rpc.timeout.max = 1200ms (custom)
2021-11-02 20:11:08,889 [pool-231-thread-1] INFO  server.RaftServerConfigKeys (ConfUtils.java:logGet(44)) - raft.server.rpc.sleep.time = 25ms (default)
2021-11-02 20:11:08,889 [pool-231-thread-1] INFO  server.RaftServerConfigKeys (ConfUtils.java:logGet(44)) - raft.server.rpc.slowness.timeout = 2s (custom)
2021-11-02 20:11:08,889 [pool-231-thread-1] INFO  server.RaftServerConfigKeys (ConfUtils.java:logGet(44)) - raft.server.leaderelection.leader.step-down.wait-time = 10s (default)
2021-11-02 20:11:08,889 [pool-231-thread-1] INFO  server.RaftServerConfigKeys (ConfUtils.java:logGet(44)) - raft.server.sleep.deviation.threshold = 300ms (default)
2021-11-02 20:11:08,889 [pool-231-thread-1] INFO  server.RaftServerConfigKeys (ConfUtils.java:logGet(44)) - raft.server.log.appender.install.snapshot.enabled = false (custom)
2021-11-02 20:11:08,889 [pool-231-thread-1] INFO  server.RaftServer$Division (ServerState.java:<init>(105)) - omNode-3@group-523986131536: ConfigurationManager, init=-1: [omNode-3|rpc:localhost:10624|priority:0, omNode-1|rpc:localhost:10612|priority:0, omNode-2|rpc:localhost:10618|priority:0], old=null, confs=<EMPTY_MAP>
2021-11-02 20:11:08,889 [pool-231-thread-1] INFO  server.RaftServerConfigKeys (ConfUtils.java:logGet(44)) - raft.server.storage.dir = [/home/runner/work/ozone/ozone/hadoop-ozone/integration-test/target/test-dir/MiniOzoneClusterImpl-76263e8f-62ab-412a-8766-4a189fbce95f/omNode-3/ratis] (custom)
2021-11-02 20:11:08,889 [pool-231-thread-1] INFO  server.RaftServerConfigKeys (ConfUtils.java:logGet(44)) - raft.server.log.corruption.policy = EXCEPTION (default)
2021-11-02 20:11:08,889 [pool-231-thread-1] INFO  server.RaftServerConfigKeys (ConfUtils.java:logGet(44)) - raft.server.storage.free-space.min = 0MB (=0) (default)
2021-11-02 20:11:08,890 [pool-231-thread-1] INFO  storage.RaftStorageDirectory (RaftStorageDirectoryImpl.java:tryLock(230)) - Lock on /home/runner/work/ozone/ozone/hadoop-ozone/integration-test/target/test-dir/MiniOzoneClusterImpl-76263e8f-62ab-412a-8766-4a189fbce95f/omNode-3/ratis/c9bc4cf4-3bc3-3c60-a66b-523986131536/in_use.lock acquired by nodename 14135@fv-az270-10
2021-11-02 20:11:08,890 [pool-231-thread-1] INFO  storage.RaftStorage (RaftStorageImpl.java:analyzeAndRecoverStorage(110)) - Read RaftStorageMetadata{term=4, votedFor=omNode-2} from /home/runner/work/ozone/ozone/hadoop-ozone/integration-test/target/test-dir/MiniOzoneClusterImpl-76263e8f-62ab-412a-8766-4a189fbce95f/omNode-3/ratis/c9bc4cf4-3bc3-3c60-a66b-523986131536/current/raft-meta
2021-11-02 20:11:08,891 [pool-231-thread-1] INFO  server.RaftServer$Division (ServerState.java:setRaftConf(387)) - omNode-3@group-523986131536: set configuration 13: [omNode-3|rpc:localhost:10624|admin:|client:|dataStream:|priority:0, omNode-1|rpc:localhost:10612|admin:|client:|dataStream:|priority:0, omNode-2|rpc:localhost:10618|admin:|client:|dataStream:|priority:0], old=null
2021-11-02 20:11:08,891 [pool-231-thread-1] INFO  server.RaftServerConfigKeys (ConfUtils.java:logGet(44)) - raft.server.notification.no-leader.timeout = 2s (custom)
2021-11-02 20:11:08,891 [pool-231-thread-1] INFO  server.RaftServerConfigKeys (ConfUtils.java:logGet(44)) - raft.server.log.use.memory = false (default)
2021-11-02 20:11:08,891 [pool-231-thread-1] INFO  server.RaftServerConfigKeys (ConfUtils.java:logGet(44)) - raft.server.log.purge.gap = 50 (custom)
2021-11-02 20:11:08,891 [pool-231-thread-1] INFO  server.RaftServerConfigKeys (ConfUtils.java:logGet(44)) - raft.server.log.appender.buffer.byte-limit = 33554432 (custom)
2021-11-02 20:11:08,891 [pool-231-thread-1] INFO  server.RaftServerConfigKeys (ConfUtils.java:logGet(44)) - raft.server.log.segment.size.max = 4194304 (custom)
2021-11-02 20:11:08,892 [pool-231-thread-1] INFO  server.RaftServerConfigKeys (ConfUtils.java:logGet(44)) - raft.server.log.segment.cache.num.max = 2 (custom)
2021-11-02 20:11:08,892 [pool-231-thread-1] INFO  server.RaftServerConfigKeys (ConfUtils.java:logGet(44)) - raft.server.log.segment.cache.size.max = 200MB (=209715200) (default)
2021-11-02 20:11:08,892 [pool-231-thread-1] INFO  segmented.SegmentedRaftLogWorker (SegmentedRaftLogWorker.java:<init>(182)) - new omNode-3@group-523986131536-SegmentedRaftLogWorker for RaftStorageImpl:Storage Directory /home/runner/work/ozone/ozone/hadoop-ozone/integration-test/target/test-dir/MiniOzoneClusterImpl-76263e8f-62ab-412a-8766-4a189fbce95f/omNode-3/ratis/c9bc4cf4-3bc3-3c60-a66b-523986131536
2021-11-02 20:11:08,892 [pool-231-thread-1] INFO  server.RaftServerConfigKeys (ConfUtils.java:logGet(44)) - raft.server.log.queue.byte-limit = 64MB (=67108864) (default)
2021-11-02 20:11:08,892 [pool-231-thread-1] INFO  server.RaftServerConfigKeys (ConfUtils.java:logGet(44)) - raft.server.log.queue.element-limit = 4096 (default)
2021-11-02 20:11:08,892 [pool-231-thread-1] INFO  server.RaftServerConfigKeys (ConfUtils.java:logGet(44)) - raft.server.log.segment.size.max = 4194304 (custom)
2021-11-02 20:11:08,892 [pool-231-thread-1] INFO  server.RaftServerConfigKeys (ConfUtils.java:logGet(44)) - raft.server.log.preallocated.size = 4194304 (custom)
2021-11-02 20:11:08,892 [pool-231-thread-1] INFO  server.RaftServerConfigKeys (ConfUtils.java:logGet(44)) - raft.server.log.force.sync.num = 128 (default)
2021-11-02 20:11:08,892 [pool-231-thread-1] INFO  server.RaftServerConfigKeys (ConfUtils.java:logGet(44)) - raft.server.log.statemachine.data.sync = true (default)
2021-11-02 20:11:08,892 [pool-231-thread-1] INFO  server.RaftServerConfigKeys (ConfUtils.java:logGet(44)) - raft.server.log.statemachine.data.sync.timeout = 10s (default)
2021-11-02 20:11:08,892 [pool-231-thread-1] INFO  server.RaftServerConfigKeys (ConfUtils.java:logGet(44)) - raft.server.log.statemachine.data.sync.timeout.retry = -1 (default)
2021-11-02 20:11:08,893 [pool-231-thread-1] INFO  server.RaftServerConfigKeys (ConfUtils.java:logGet(44)) - raft.server.log.write.buffer.size = 64KB (=65536) (default)
2021-11-02 20:11:08,893 [pool-231-thread-1] INFO  server.RaftServerConfigKeys (ConfUtils.java:logGet(44)) - raft.server.log.statemachine.data.caching.enabled = false (default)
2021-11-02 20:11:08,895 [pool-231-thread-1] INFO  server.RaftServer$Division (ServerState.java:setRaftConf(387)) - omNode-3@group-523986131536: set configuration 11: [omNode-3|rpc:localhost:10624|admin:|client:|dataStream:|priority:0, omNode-1|rpc:localhost:10612|admin:|client:|dataStream:|priority:0, omNode-2|rpc:localhost:10618|admin:|client:|dataStream:|priority:0], old=null
2021-11-02 20:11:08,895 [pool-231-thread-1] INFO  segmented.LogSegment (LogSegment.java:loadSegment(173)) - Successfully read 2 entries from segment file /home/runner/work/ozone/ozone/hadoop-ozone/integration-test/target/test-dir/MiniOzoneClusterImpl-76263e8f-62ab-412a-8766-4a189fbce95f/omNode-3/ratis/c9bc4cf4-3bc3-3c60-a66b-523986131536/current/log_11-12
2021-11-02 20:11:08,896 [pool-231-thread-1] INFO  server.RaftServer$Division (ServerState.java:setRaftConf(387)) - omNode-3@group-523986131536: set configuration 13: [omNode-3|rpc:localhost:10624|admin:|client:|dataStream:|priority:0, omNode-1|rpc:localhost:10612|admin:|client:|dataStream:|priority:0, omNode-2|rpc:localhost:10618|admin:|client:|dataStream:|priority:0], old=null
2021-11-02 20:11:08,896 [pool-231-thread-1] INFO  segmented.LogSegment (LogSegment.java:loadSegment(173)) - Successfully read 4 entries from segment file /home/runner/work/ozone/ozone/hadoop-ozone/integration-test/target/test-dir/MiniOzoneClusterImpl-76263e8f-62ab-412a-8766-4a189fbce95f/omNode-3/ratis/c9bc4cf4-3bc3-3c60-a66b-523986131536/current/log_inprogress_13
2021-11-02 20:11:08,896 [pool-231-thread-1] INFO  segmented.SegmentedRaftLogWorker (SegmentedRaftLogWorker.java:lambda$new$0(133)) - omNode-3@group-523986131536-SegmentedRaftLogWorker: flushIndex: setUnconditionally 0 -> 16
2021-11-02 20:11:08,896 [pool-231-thread-1] INFO  segmented.SegmentedRaftLogWorker (SegmentedRaftLogWorker.java:lambda$new$0(133)) - omNode-3@group-523986131536-SegmentedRaftLogWorker: safeCacheEvictIndex: setUnconditionally 0 -> 12
2021-11-02 20:11:08,897 [pool-231-thread-1] INFO  raftlog.RaftLog (RaftLogBase.java:lambda$new$0(53)) - omNode-3@group-523986131536-SegmentedRaftLog: commitIndex: updateToMax old=16, new=15, updated? false
2021-11-02 20:11:08,897 [pool-231-thread-1] INFO  raftlog.RaftLog (RaftLogBase.java:lambda$new$0(53)) - omNode-3@group-523986131536-SegmentedRaftLog: purgeIndex: updateIncreasingly -1 -> 10
2021-11-02 20:11:08,897 [pool-231-thread-1] INFO  server.RaftServerConfigKeys (ConfUtils.java:logGet(44)) - raft.server.snapshot.auto.trigger.enabled = true (custom)
2021-11-02 20:11:08,897 [pool-231-thread-1] INFO  server.RaftServerConfigKeys (ConfUtils.java:logGet(44)) - raft.server.snapshot.auto.trigger.threshold = 50 (custom)
2021-11-02 20:11:08,897 [pool-231-thread-1] INFO  server.RaftServerConfigKeys (ConfUtils.java:logGet(44)) - raft.server.snapshot.retention.file.num = -1 (default)
2021-11-02 20:11:08,897 [pool-231-thread-1] INFO  server.RaftServerConfigKeys (ConfUtils.java:logGet(44)) - raft.server.log.purge.upto.snapshot.index = true (custom)
2021-11-02 20:11:08,897 [pool-231-thread-1] INFO  server.RaftServerConfigKeys (ConfUtils.java:logGet(44)) - raft.server.retrycache.expirytime = 30000ms (custom)
2021-11-02 20:11:08,897 [pool-231-thread-1] INFO  server.RaftServerConfigKeys (ConfUtils.java:logGet(44)) - raft.server.retrycache.statistics.expirytime = 100μs (default)
2021-11-02 20:11:08,898 [Time-limited test] INFO  server.RaftServer$Division (RaftServerImpl.java:start(301)) - omNode-3@group-523986131536: start as a follower, conf=13: [omNode-3|rpc:localhost:10624|admin:|client:|dataStream:|priority:0, omNode-1|rpc:localhost:10612|admin:|client:|dataStream:|priority:0, omNode-2|rpc:localhost:10618|admin:|client:|dataStream:|priority:0], old=null
2021-11-02 20:11:08,898 [Time-limited test] INFO  server.RaftServer$Division (RaftServerImpl.java:setRole(290)) - omNode-3@group-523986131536: changes role from      null to FOLLOWER at term 4 for startAsFollower
2021-11-02 20:11:08,898 [Time-limited test] INFO  impl.RoleInfo (RoleInfo.java:updateAndGet(130)) - omNode-3: start omNode-3@group-523986131536-FollowerState
2021-11-02 20:11:08,899 [Time-limited test] INFO  util.JmxRegister (JmxRegister.java:tryRegister(44)) - Successfully registered JMX Bean with object name Ratis:service=RaftServer,group=group-523986131536,id=omNode-3
2021-11-02 20:11:08,899 [Time-limited test] INFO  server.RaftServer (RaftServerProxy.java:lambda$start$5(374)) - omNode-3: start RPC server
2021-11-02 20:11:08,901 [Time-limited test] INFO  server.GrpcService (GrpcService.java:startImpl(253)) - omNode-3: GrpcService started, listening on 10624
2021-11-02 20:11:08,902 [Time-limited test] INFO  ipc.CallQueueManager (CallQueueManager.java:<init>(90)) - Using callQueue: class java.util.concurrent.LinkedBlockingQueue, queueCapacity: 2000, scheduler: class org.apache.hadoop.ipc.DefaultRpcScheduler, ipcBackoff: false.
2021-11-02 20:11:08,902 [org.apache.ratis.util.JvmPauseMonitor$$Lambda$523/614850410@365a9f36] INFO  util.JvmPauseMonitor (JvmPauseMonitor.java:run(103)) - JvmPauseMonitor-omNode-3: Started
2021-11-02 20:11:08,903 [Socket Reader #1 for port 10620] INFO  ipc.Server (Server.java:run(1265)) - Starting Socket Reader #1 for port 10620
2021-11-02 20:11:08,906 [Listener at localhost/10620] INFO  http.BaseHttpServer (BaseHttpServer.java:newHttpServer2BuilderForOzone(209)) - Starting Web-server for ozoneManager at: http://0.0.0.0:10622
2021-11-02 20:11:08,906 [Listener at localhost/10620] INFO  http.BaseHttpServer (BaseHttpServer.java:<init>(107)) - Hadoop Security Enabled: false Ozone Security Enabled: false Ozone HTTP Security Enabled: false 
2021-11-02 20:11:08,908 [Listener at localhost/10620] INFO  server.AuthenticationFilter (AuthenticationFilter.java:constructSecretProvider(240)) - Unable to initialize FileSignerSecretProvider, falling back to use random secrets.
2021-11-02 20:11:08,908 [Listener at localhost/10620] WARN  http.HttpRequestLog (HttpRequestLog.java:getRequestLog(103)) - Jetty request log can only be enabled using Log4j
2021-11-02 20:11:08,909 [Listener at localhost/10620] INFO  http.HttpServer2 (HttpServer2.java:addGlobalFilter(1030)) - Added global filter 'safety' (class=org.apache.hadoop.hdds.server.http.HttpServer2$QuotingInputFilter)
2021-11-02 20:11:08,910 [Listener at localhost/10620] INFO  http.HttpServer2 (HttpServer2.java:addFilter(1006)) - Added filter static_user_filter (class=org.apache.hadoop.http.lib.StaticUserWebFilter$StaticUserFilter) to context ozoneManager
2021-11-02 20:11:08,910 [Listener at localhost/10620] INFO  http.HttpServer2 (HttpServer2.java:addFilter(1014)) - Added filter static_user_filter (class=org.apache.hadoop.http.lib.StaticUserWebFilter$StaticUserFilter) to context logs
2021-11-02 20:11:08,910 [Listener at localhost/10620] INFO  http.HttpServer2 (HttpServer2.java:addFilter(1014)) - Added filter static_user_filter (class=org.apache.hadoop.http.lib.StaticUserWebFilter$StaticUserFilter) to context static
2021-11-02 20:11:08,911 [Listener at localhost/10620] INFO  http.HttpServer2 (HttpServer2.java:bindListener(1249)) - Jetty bound to port 10622
2021-11-02 20:11:08,911 [Listener at localhost/10620] INFO  server.Server (Server.java:doStart(375)) - jetty-9.4.43.v20210629; built: 2021-06-30T11:07:22.254Z; git: 526006ecfa3af7f1a27ef3a288e2bef7ea9dd7e8; jvm 1.8.0_292-b10
2021-11-02 20:11:08,912 [Listener at localhost/10620] INFO  server.session (DefaultSessionIdManager.java:doStart(334)) - DefaultSessionIdManager workerName=node0
2021-11-02 20:11:08,912 [Listener at localhost/10620] INFO  server.session (DefaultSessionIdManager.java:doStart(339)) - No SessionScavenger set, using defaults
2021-11-02 20:11:08,913 [Listener at localhost/10620] INFO  server.session (HouseKeeper.java:startScavenging(132)) - node0 Scavenging every 600000ms
2021-11-02 20:11:08,913 [Listener at localhost/10620] INFO  handler.ContextHandler (ContextHandler.java:doStart(915)) - Started o.e.j.s.ServletContextHandler@17701599{logs,/logs,file:///home/runner/work/ozone/ozone/hadoop-ozone/integration-test/target/log,AVAILABLE}
2021-11-02 20:11:08,914 [Listener at localhost/10620] INFO  handler.ContextHandler (ContextHandler.java:doStart(915)) - Started o.e.j.s.ServletContextHandler@79a2eeed{static,/static,file:///home/runner/work/ozone/ozone/hadoop-ozone/integration-test/target/test-classes/webapps/static,AVAILABLE}
2021-11-02 20:11:08,920 [Listener at localhost/10620] INFO  handler.ContextHandler (ContextHandler.java:doStart(915)) - Started o.e.j.w.WebAppContext@7d9614a3{ozoneManager,/,file:///home/runner/work/ozone/ozone/hadoop-ozone/integration-test/target/test-classes/webapps/ozoneManager/,AVAILABLE}{file:/home/runner/work/ozone/ozone/hadoop-ozone/integration-test/target/test-classes/webapps/ozoneManager}
2021-11-02 20:11:08,922 [Listener at localhost/10620] INFO  server.AbstractConnector (AbstractConnector.java:doStart(331)) - Started ServerConnector@35abe4fc{HTTP/1.1, (http/1.1)}{0.0.0.0:10622}
2021-11-02 20:11:08,922 [Listener at localhost/10620] INFO  server.Server (Server.java:doStart(415)) - Started @156401ms
2021-11-02 20:11:08,922 [Listener at localhost/10620] WARN  impl.MetricsSystemImpl (MetricsSystemImpl.java:register(279)) - Sink prometheus already exists!
2021-11-02 20:11:08,923 [Listener at localhost/10620] INFO  http.BaseHttpServer (BaseHttpServer.java:updateConnectorAddress(329)) - HTTP server of ozoneManager listening at http://0.0.0.0:10622
2021-11-02 20:11:08,923 [IPC Server Responder] INFO  ipc.Server (Server.java:run(1507)) - IPC Server Responder: starting
2021-11-02 20:11:08,923 [IPC Server listener on 10620] INFO  ipc.Server (Server.java:run(1344)) - IPC Server listener on 10620: starting
2021-11-02 20:11:08,929 [grpc-default-executor-7] INFO  server.RaftServer$Division (RaftServerImpl.java:checkInconsistentAppendEntries(1322)) - omNode-1@group-523986131536: Failed appendEntries as previous log entry ((t:4, i:16)) is not found
2021-11-02 20:11:08,929 [grpc-default-executor-7] INFO  server.RaftServer$Division (RaftServerImpl.java:checkInconsistentAppendEntries(1288)) - omNode-1@group-523986131536: inconsistency entries. Reply:omNode-2<-omNode-1#12361:FAIL-t4,INCONSISTENCY,nextIndex=11,followerCommit=10
2021-11-02 20:11:08,929 [grpc-default-executor-7] INFO  leader.FollowerInfo (FollowerInfoImpl.java:lambda$new$0(47)) - omNode-2@group-523986131536->omNode-1: nextIndex: updateUnconditionally 17 -> 11
2021-11-02 20:11:08,930 [Listener at localhost/10620] INFO  om.OzoneManager (OzoneManager.java:startTrashEmptier(1596)) - Trash Interval set to 0. Files deleted will not move to trash
2021-11-02 20:11:08,931 [Listener at localhost/10620] INFO  om.OzoneManager (OzoneManager.java:stop(1697)) - Stopping Ozone Manager
2021-11-02 20:11:08,936 [Listener at localhost/10620] INFO  ipc.Server (Server.java:stop(3414)) - Stopping server on 10608
2021-11-02 20:11:08,937 [org.apache.hadoop.util.JvmPauseMonitor$Monitor@40b94cdb] INFO  util.JvmPauseMonitor (JvmPauseMonitor.java:run(188)) - Starting JVM pause monitor
2021-11-02 20:11:08,938 [IPC Server Responder] INFO  ipc.Server (Server.java:run(1512)) - Stopping IPC Server Responder
2021-11-02 20:11:08,938 [IPC Server listener on 10608] INFO  ipc.Server (Server.java:run(1376)) - Stopping IPC Server listener on 10608
2021-11-02 20:11:08,939 [Listener at localhost/10620] INFO  server.RaftServer (RaftServerProxy.java:lambda$close$6(391)) - omNode-1: close
2021-11-02 20:11:08,939 [Listener at localhost/10620] INFO  server.RaftServer$Division (RaftServerImpl.java:lambda$close$4(412)) - omNode-1@group-523986131536: shutdown
2021-11-02 20:11:08,939 [Listener at localhost/10620] INFO  util.JmxRegister (JmxRegister.java:unregister(73)) - Successfully un-registered JMX Bean with object name Ratis:service=RaftServer,group=group-523986131536,id=omNode-1
2021-11-02 20:11:08,940 [Listener at localhost/10620] INFO  impl.RoleInfo (RoleInfo.java:shutdownFollowerState(108)) - omNode-1: shutdown omNode-1@group-523986131536-FollowerState
2021-11-02 20:11:08,940 [Listener at localhost/10620] INFO  impl.StateMachineUpdater (StateMachineUpdater.java:stopAndJoin(149)) - omNode-1@group-523986131536-StateMachineUpdater: set stopIndex = 10
2021-11-02 20:11:08,940 [omNode-1@group-523986131536-FollowerState] INFO  impl.FollowerState (FollowerState.java:run(143)) - omNode-1@group-523986131536-FollowerState was interrupted: {}
java.lang.InterruptedException: sleep interrupted
	at java.lang.Thread.sleep(Native Method)
	at java.lang.Thread.sleep(Thread.java:340)
	at java.util.concurrent.TimeUnit.sleep(TimeUnit.java:386)
	at org.apache.ratis.util.TimeDuration.sleep(TimeDuration.java:324)
	at org.apache.ratis.util.TimeDuration.sleep(TimeDuration.java:309)
	at org.apache.ratis.server.impl.FollowerState.run(FollowerState.java:118)
2021-11-02 20:11:08,940 [omNode-1@group-523986131536-StateMachineUpdater] INFO  ratis.OzoneManagerStateMachine (OzoneManagerStateMachine.java:close(471)) - StateMachine has shutdown. Shutdown OzoneManager if not already shutdown.
2021-11-02 20:11:08,940 [Listener at localhost/10620] INFO  server.RaftServer$Division (ServerState.java:close(419)) - omNode-1@group-523986131536: closes. applyIndex: 10
2021-11-02 20:11:08,941 [omNode-1@group-523986131536-SegmentedRaftLogWorker] INFO  segmented.SegmentedRaftLogWorker (SegmentedRaftLogWorker.java:run(327)) - omNode-1@group-523986131536-SegmentedRaftLogWorker was interrupted, exiting. There are 0 tasks remaining in the queue.
2021-11-02 20:11:08,941 [Listener at localhost/10620] INFO  segmented.SegmentedRaftLogWorker (SegmentedRaftLogWorker.java:close(237)) - omNode-1@group-523986131536-SegmentedRaftLogWorker close()
2021-11-02 20:11:08,942 [Listener at localhost/10620] INFO  server.GrpcService (GrpcService.java:closeImpl(262)) - omNode-1: shutdown server with port 10612 now
2021-11-02 20:11:08,944 [grpc-default-executor-6] WARN  server.GrpcServerProtocolService (LogUtils.java:warn(122)) - omNode-1: installSnapshot onError, lastRequest: omNode-2->omNode-1#1-t4,previous=(t:3, i:12),leaderCommit=12,initializing? true,entries: size=1, first=(t:4, i:13), CONFIGURATIONENTRY: org.apache.ratis.thirdparty.io.grpc.StatusRuntimeException: CANCELLED: client cancelled
2021-11-02 20:11:08,944 [grpc-default-executor-3] WARN  server.GrpcServerProtocolService (LogUtils.java:warn(122)) - omNode-1: installSnapshot onError, lastRequest: omNode-2->omNode-1#12362-t4,previous=(t:0, i:0),leaderCommit=6,initializing? false,entries: size=6, first=(t:3, i:11), CONFIGURATIONENTRY: org.apache.ratis.thirdparty.io.grpc.StatusRuntimeException: CANCELLED: client cancelled
2021-11-02 20:11:08,946 [Listener at localhost/10620] INFO  server.GrpcService (GrpcService.java:closeImpl(271)) - omNode-1: shutdown server with port 10612 successfully
2021-11-02 20:11:08,946 [org.apache.ratis.util.JvmPauseMonitor$$Lambda$523/614850410@499109fe] INFO  util.JvmPauseMonitor (JvmPauseMonitor.java:run(109)) - JvmPauseMonitor-omNode-1: Stopped
2021-11-02 20:11:08,946 [Listener at localhost/10620] INFO  ratis.OzoneManagerDoubleBuffer (OzoneManagerDoubleBuffer.java:stop(437)) - Stopping OMDoubleBuffer flush thread
2021-11-02 20:11:08,946 [grpc-default-executor-3] INFO  server.GrpcLogAppender (GrpcLogAppender.java:onError(335)) - omNode-2@group-523986131536->omNode-1-GrpcLogAppender is stopped
2021-11-02 20:11:08,946 [OMDoubleBufferFlushThread] INFO  ratis.OzoneManagerDoubleBuffer (OzoneManagerDoubleBuffer.java:flushTransactions(356)) - OMDoubleBuffer flush thread OMDoubleBufferFlushThread is interrupted and will exit. OMDoubleBufferFlushThread
2021-11-02 20:11:08,947 [grpc-default-executor-6] WARN  server.GrpcLogAppender (LogUtils.java:warn(122)) - omNode-2@group-523986131536->omNode-1-AppendLogResponseHandler: Failed appendEntries: org.apache.ratis.thirdparty.io.grpc.StatusRuntimeException: CANCELLED: HTTP/2 error code: CANCEL
Received Rst Stream
2021-11-02 20:11:08,947 [grpc-default-executor-6] INFO  leader.FollowerInfo (FollowerInfoImpl.java:lambda$new$0(47)) - omNode-2@group-523986131536->omNode-1: nextIndex: updateUnconditionally 17 -> 11
2021-11-02 20:11:08,949 [Listener at localhost/10620] INFO  handler.ContextHandler (ContextHandler.java:doStop(1153)) - Stopped o.e.j.w.WebAppContext@78847c43{ozoneManager,/,null,STOPPED}{file:/home/runner/work/ozone/ozone/hadoop-ozone/integration-test/target/test-classes/webapps/ozoneManager}
2021-11-02 20:11:08,952 [grpc-default-executor-3] WARN  server.GrpcLogAppender (LogUtils.java:warn(122)) - omNode-2@group-523986131536->omNode-1-AppendLogResponseHandler: Failed appendEntries: org.apache.ratis.thirdparty.io.grpc.StatusRuntimeException: UNAVAILABLE: io exception
2021-11-02 20:11:08,952 [grpc-default-executor-3] INFO  leader.FollowerInfo (FollowerInfoImpl.java:lambda$new$0(47)) - omNode-2@group-523986131536->omNode-1: nextIndex: updateUnconditionally 17 -> 11
2021-11-02 20:11:08,952 [Listener at localhost/10620] INFO  server.AbstractConnector (AbstractConnector.java:doStop(381)) - Stopped ServerConnector@71668e31{HTTP/1.1, (http/1.1)}{0.0.0.0:10610}
2021-11-02 20:11:08,952 [Listener at localhost/10620] INFO  server.session (HouseKeeper.java:stopScavenging(149)) - node0 Stopped scavenging
2021-11-02 20:11:08,954 [Listener at localhost/10620] INFO  handler.ContextHandler (ContextHandler.java:doStop(1153)) - Stopped o.e.j.s.ServletContextHandler@6b3a69c4{static,/static,file:///home/runner/work/ozone/ozone/hadoop-ozone/integration-test/target/test-classes/webapps/static,STOPPED}
2021-11-02 20:11:08,954 [Listener at localhost/10620] INFO  handler.ContextHandler (ContextHandler.java:doStop(1153)) - Stopped o.e.j.s.ServletContextHandler@5316a36f{logs,/logs,file:///home/runner/work/ozone/ozone/hadoop-ozone/integration-test/target/log,STOPPED}
2021-11-02 20:11:08,961 [Listener at localhost/10620] INFO  om.OzoneManager (OzoneManager.java:initFSOLayout(3662)) - Configured ozone.om.metadata.layout=SIMPLE and disabled optimized OM FS operations
2021-11-02 20:11:08,961 [Listener at localhost/10620] INFO  om.OzoneManager (OzoneManager.java:restart(1412)) - OzoneManager RPC server is listening at localhost/127.0.0.1:10608
2021-11-02 20:11:08,961 [Listener at localhost/10620] INFO  impl.MetricsSystemImpl (MetricsSystemImpl.java:init(158)) - OzoneManager metrics system started (again)
2021-11-02 20:11:08,977 [Listener at localhost/10620] WARN  server.ServerUtils (ServerUtils.java:getDBPath(225)) - ozone.om.db.dirs is not configured. We recommend adding this setting. Falling back to ozone.metadata.dirs instead.
2021-11-02 20:11:08,977 [Listener at localhost/10620] INFO  codec.OmKeyInfoCodec (OmKeyInfoCodec.java:<init>(51)) - OmKeyInfoCodec ignorePipeline = true
2021-11-02 20:11:08,978 [Listener at localhost/10620] INFO  codec.RepeatedOmKeyInfoCodec (RepeatedOmKeyInfoCodec.java:<init>(42)) - RepeatedOmKeyInfoCodec ignorePipeline = true
2021-11-02 20:11:09,018 [Listener at localhost/10620] WARN  om.OzoneManager (OzoneManager.java:instantiatePrepareStateOnStartup(3541)) - Prepare marker file index 10 does not match DB prepare index 8. Writing DB index to prepare file and maintaining prepared state.
2021-11-02 20:11:09,019 [Listener at localhost/10620] INFO  om.OzoneManagerPrepareState (OzoneManagerPrepareState.java:writePrepareMarkerFile(262)) - Prepare marker file written with log index 8 to file /home/runner/work/ozone/ozone/hadoop-ozone/integration-test/target/test-dir/MiniOzoneClusterImpl-76263e8f-62ab-412a-8766-4a189fbce95f/omNode-1/current/prepareMarker
2021-11-02 20:11:09,023 [Listener at localhost/10620] WARN  impl.MetricRegistriesImpl (MetricRegistriesImpl.java:addReporterRegistration(111)) - New reporters are added after registries were created. Some metrics will be missing from the reporter. Please add reporter before adding any new registry.
2021-11-02 20:11:09,024 [Listener at localhost/10620] WARN  impl.MetricRegistriesImpl (MetricRegistriesImpl.java:addReporterRegistration(111)) - New reporters are added after registries were created. Some metrics will be missing from the reporter. Please add reporter before adding any new registry.
2021-11-02 20:11:09,024 [Listener at localhost/10620] WARN  server.ServerUtils (ServerUtils.java:getDefaultRatisDirectory(237)) - Storage directory for Ratis is not configured. It is a good idea to map this to an SSD disk. Falling back to ozone.metadata.dirs
2021-11-02 20:11:09,027 [Listener at localhost/10620] INFO  ratis.OzoneManagerRatisServer (OzoneManagerRatisServer.java:<init>(159)) - Instantiating OM Ratis server with groupID: om-service-test1 and peers: localhost:10612, localhost:10624, localhost:10618
2021-11-02 20:11:09,027 [Listener at localhost/10620] INFO  ratis.OzoneManagerStateMachine (OzoneManagerStateMachine.java:loadSnapshotInfoFromDB(605)) - LastAppliedIndex is set from TransactionInfo from OM DB as (t:2, i:10)
2021-11-02 20:11:09,027 [Listener at localhost/10620] INFO  server.RaftServer (ConfUtils.java:logGet(44)) - raft.rpc.type = GRPC (default)
2021-11-02 20:11:09,028 [Listener at localhost/10620] INFO  grpc.GrpcFactory (GrpcFactory.java:checkPooledByteBufAllocatorUseCacheForAllThreads(48)) - PERFORMANCE WARNING: useCacheForAllThreads is true that may cause Netty to create a lot garbage objects and, as a result, trigger GC.
	It is recommended to disable useCacheForAllThreads by setting -Dorg.apache.ratis.thirdparty.io.netty.allocator.useCacheForAllThreads=false in command line.
2021-11-02 20:11:09,028 [Listener at localhost/10620] INFO  grpc.GrpcConfigKeys (ConfUtils.java:logGet(44)) - raft.grpc.admin.port = -1 (default)
2021-11-02 20:11:09,028 [Listener at localhost/10620] INFO  grpc.GrpcConfigKeys (ConfUtils.java:logGet(44)) - raft.grpc.server.port = 10612 (custom)
2021-11-02 20:11:09,028 [Listener at localhost/10620] INFO  grpc.GrpcConfigKeys (ConfUtils.java:logGet(44)) - raft.grpc.client.port = -1 (default)
2021-11-02 20:11:09,028 [Listener at localhost/10620] INFO  grpc.GrpcConfigKeys (ConfUtils.java:logGet(44)) - raft.grpc.server.port = 10612 (custom)
2021-11-02 20:11:09,028 [Listener at localhost/10620] INFO  grpc.GrpcConfigKeys (ConfUtils.java:logGet(44)) - raft.grpc.server.port = 10612 (custom)
2021-11-02 20:11:09,028 [Listener at localhost/10620] INFO  server.GrpcService (ConfUtils.java:logGet(44)) - raft.grpc.message.size.max = 33554432 (custom)
2021-11-02 20:11:09,028 [Listener at localhost/10620] INFO  server.RaftServerConfigKeys (ConfUtils.java:logGet(44)) - raft.server.log.appender.buffer.byte-limit = 33554432 (custom)
2021-11-02 20:11:09,028 [Listener at localhost/10620] INFO  server.GrpcService (ConfUtils.java:logGet(44)) - raft.grpc.flow.control.window = 1MB (=1048576) (default)
2021-11-02 20:11:09,028 [Listener at localhost/10620] INFO  server.RaftServerConfigKeys (ConfUtils.java:logGet(44)) - raft.server.rpc.request.timeout = 3000ms (default)
2021-11-02 20:11:09,029 [Listener at localhost/10620] INFO  impl.DataStreamServerImpl (ConfUtils.java:logGet(44)) - raft.datastream.type = DISABLED (default)
2021-11-02 20:11:09,030 [Listener at localhost/10620] INFO  server.RaftServerConfigKeys (ConfUtils.java:logGet(44)) - raft.server.rpc.slowness.timeout = 2s (custom)
2021-11-02 20:11:09,030 [Listener at localhost/10620] INFO  server.RaftServerConfigKeys (ConfUtils.java:logGet(44)) - raft.server.leaderelection.leader.step-down.wait-time = 10s (default)
2021-11-02 20:11:09,030 [Listener at localhost/10620] INFO  server.RaftServerConfigKeys (ConfUtils.java:logGet(44)) - raft.server.storage.dir = [/home/runner/work/ozone/ozone/hadoop-ozone/integration-test/target/test-dir/MiniOzoneClusterImpl-76263e8f-62ab-412a-8766-4a189fbce95f/omNode-1/ratis] (custom)
2021-11-02 20:11:09,030 [Listener at localhost/10620] INFO  server.RaftServer (RaftServerProxy.java:lambda$null$1(235)) - omNode-1: found a subdirectory /home/runner/work/ozone/ozone/hadoop-ozone/integration-test/target/test-dir/MiniOzoneClusterImpl-76263e8f-62ab-412a-8766-4a189fbce95f/omNode-1/ratis/c9bc4cf4-3bc3-3c60-a66b-523986131536
2021-11-02 20:11:09,030 [Listener at localhost/10620] INFO  server.RaftServer (RaftServerProxy.java:addNew(95)) - omNode-1: addNew group-523986131536:[omNode-3|rpc:localhost:10624|priority:0, omNode-1|rpc:localhost:10612|priority:0, omNode-2|rpc:localhost:10618|priority:0] returns group-523986131536:java.util.concurrent.CompletableFuture@bae5cdf[Not completed]
2021-11-02 20:11:09,030 [Listener at localhost/10620] INFO  om.OzoneManager (OzoneManager.java:initializeRatisServer(1638)) - OzoneManager Ratis server initialized at port 10612
2021-11-02 20:11:09,030 [Listener at localhost/10620] INFO  ratis.OzoneManagerRatisServer (OzoneManagerRatisServer.java:start(522)) - Starting OzoneManagerRatisServer omNode-1 at port 10612
2021-11-02 20:11:09,031 [pool-251-thread-1] INFO  server.RaftServer$Division (RaftServerImpl.java:<init>(184)) - omNode-1: new RaftServerImpl for group-523986131536:[omNode-3|rpc:localhost:10624|priority:0, omNode-1|rpc:localhost:10612|priority:0, omNode-2|rpc:localhost:10618|priority:0] with OzoneManagerStateMachine:uninitialized
2021-11-02 20:11:09,032 [pool-251-thread-1] INFO  server.RaftServerConfigKeys (ConfUtils.java:logGet(44)) - raft.server.rpc.timeout.min = 1s (custom)
2021-11-02 20:11:09,032 [pool-251-thread-1] INFO  server.RaftServerConfigKeys (ConfUtils.java:logGet(44)) - raft.server.rpc.timeout.max = 1200ms (custom)
2021-11-02 20:11:09,032 [pool-251-thread-1] INFO  server.RaftServerConfigKeys (ConfUtils.java:logGet(44)) - raft.server.rpc.sleep.time = 25ms (default)
2021-11-02 20:11:09,032 [pool-251-thread-1] INFO  server.RaftServerConfigKeys (ConfUtils.java:logGet(44)) - raft.server.rpc.slowness.timeout = 2s (custom)
2021-11-02 20:11:09,032 [pool-251-thread-1] INFO  server.RaftServerConfigKeys (ConfUtils.java:logGet(44)) - raft.server.leaderelection.leader.step-down.wait-time = 10s (default)
2021-11-02 20:11:09,032 [pool-251-thread-1] INFO  server.RaftServerConfigKeys (ConfUtils.java:logGet(44)) - raft.server.sleep.deviation.threshold = 300ms (default)
2021-11-02 20:11:09,032 [pool-251-thread-1] INFO  server.RaftServerConfigKeys (ConfUtils.java:logGet(44)) - raft.server.log.appender.install.snapshot.enabled = false (custom)
2021-11-02 20:11:09,032 [pool-251-thread-1] INFO  server.RaftServer$Division (ServerState.java:<init>(105)) - omNode-1@group-523986131536: ConfigurationManager, init=-1: [omNode-3|rpc:localhost:10624|priority:0, omNode-1|rpc:localhost:10612|priority:0, omNode-2|rpc:localhost:10618|priority:0], old=null, confs=<EMPTY_MAP>
2021-11-02 20:11:09,032 [pool-251-thread-1] INFO  server.RaftServerConfigKeys (ConfUtils.java:logGet(44)) - raft.server.storage.dir = [/home/runner/work/ozone/ozone/hadoop-ozone/integration-test/target/test-dir/MiniOzoneClusterImpl-76263e8f-62ab-412a-8766-4a189fbce95f/omNode-1/ratis] (custom)
2021-11-02 20:11:09,032 [pool-251-thread-1] INFO  server.RaftServerConfigKeys (ConfUtils.java:logGet(44)) - raft.server.log.corruption.policy = EXCEPTION (default)
2021-11-02 20:11:09,032 [pool-251-thread-1] INFO  server.RaftServerConfigKeys (ConfUtils.java:logGet(44)) - raft.server.storage.free-space.min = 0MB (=0) (default)
2021-11-02 20:11:09,033 [pool-251-thread-1] INFO  storage.RaftStorageDirectory (RaftStorageDirectoryImpl.java:tryLock(230)) - Lock on /home/runner/work/ozone/ozone/hadoop-ozone/integration-test/target/test-dir/MiniOzoneClusterImpl-76263e8f-62ab-412a-8766-4a189fbce95f/omNode-1/ratis/c9bc4cf4-3bc3-3c60-a66b-523986131536/in_use.lock acquired by nodename 14135@fv-az270-10
2021-11-02 20:11:09,033 [pool-251-thread-1] INFO  storage.RaftStorage (RaftStorageImpl.java:analyzeAndRecoverStorage(110)) - Read RaftStorageMetadata{term=4, votedFor=omNode-2} from /home/runner/work/ozone/ozone/hadoop-ozone/integration-test/target/test-dir/MiniOzoneClusterImpl-76263e8f-62ab-412a-8766-4a189fbce95f/omNode-1/ratis/c9bc4cf4-3bc3-3c60-a66b-523986131536/current/raft-meta
2021-11-02 20:11:09,034 [pool-251-thread-1] INFO  server.RaftServer$Division (ServerState.java:setRaftConf(387)) - omNode-1@group-523986131536: set configuration 13: [omNode-3|rpc:localhost:10624|admin:|client:|dataStream:|priority:0, omNode-1|rpc:localhost:10612|admin:|client:|dataStream:|priority:0, omNode-2|rpc:localhost:10618|admin:|client:|dataStream:|priority:0], old=null
2021-11-02 20:11:09,034 [pool-251-thread-1] INFO  server.RaftServerConfigKeys (ConfUtils.java:logGet(44)) - raft.server.notification.no-leader.timeout = 2s (custom)
2021-11-02 20:11:09,034 [pool-251-thread-1] INFO  server.RaftServerConfigKeys (ConfUtils.java:logGet(44)) - raft.server.log.use.memory = false (default)
2021-11-02 20:11:09,034 [pool-251-thread-1] INFO  server.RaftServerConfigKeys (ConfUtils.java:logGet(44)) - raft.server.log.purge.gap = 50 (custom)
2021-11-02 20:11:09,034 [pool-251-thread-1] INFO  server.RaftServerConfigKeys (ConfUtils.java:logGet(44)) - raft.server.log.appender.buffer.byte-limit = 33554432 (custom)
2021-11-02 20:11:09,034 [pool-251-thread-1] INFO  server.RaftServerConfigKeys (ConfUtils.java:logGet(44)) - raft.server.log.segment.size.max = 4194304 (custom)
2021-11-02 20:11:09,035 [pool-251-thread-1] INFO  server.RaftServerConfigKeys (ConfUtils.java:logGet(44)) - raft.server.log.segment.cache.num.max = 2 (custom)
2021-11-02 20:11:09,035 [pool-251-thread-1] INFO  server.RaftServerConfigKeys (ConfUtils.java:logGet(44)) - raft.server.log.segment.cache.size.max = 200MB (=209715200) (default)
2021-11-02 20:11:09,035 [pool-251-thread-1] INFO  segmented.SegmentedRaftLogWorker (SegmentedRaftLogWorker.java:<init>(182)) - new omNode-1@group-523986131536-SegmentedRaftLogWorker for RaftStorageImpl:Storage Directory /home/runner/work/ozone/ozone/hadoop-ozone/integration-test/target/test-dir/MiniOzoneClusterImpl-76263e8f-62ab-412a-8766-4a189fbce95f/omNode-1/ratis/c9bc4cf4-3bc3-3c60-a66b-523986131536
2021-11-02 20:11:09,035 [pool-251-thread-1] INFO  server.RaftServerConfigKeys (ConfUtils.java:logGet(44)) - raft.server.log.queue.byte-limit = 64MB (=67108864) (default)
2021-11-02 20:11:09,035 [pool-251-thread-1] INFO  server.RaftServerConfigKeys (ConfUtils.java:logGet(44)) - raft.server.log.queue.element-limit = 4096 (default)
2021-11-02 20:11:09,035 [pool-251-thread-1] INFO  server.RaftServerConfigKeys (ConfUtils.java:logGet(44)) - raft.server.log.segment.size.max = 4194304 (custom)
2021-11-02 20:11:09,035 [pool-251-thread-1] INFO  server.RaftServerConfigKeys (ConfUtils.java:logGet(44)) - raft.server.log.preallocated.size = 4194304 (custom)
2021-11-02 20:11:09,035 [pool-251-thread-1] INFO  server.RaftServerConfigKeys (ConfUtils.java:logGet(44)) - raft.server.log.force.sync.num = 128 (default)
2021-11-02 20:11:09,035 [pool-251-thread-1] INFO  server.RaftServerConfigKeys (ConfUtils.java:logGet(44)) - raft.server.log.statemachine.data.sync = true (default)
2021-11-02 20:11:09,035 [pool-251-thread-1] INFO  server.RaftServerConfigKeys (ConfUtils.java:logGet(44)) - raft.server.log.statemachine.data.sync.timeout = 10s (default)
2021-11-02 20:11:09,035 [pool-251-thread-1] INFO  server.RaftServerConfigKeys (ConfUtils.java:logGet(44)) - raft.server.log.statemachine.data.sync.timeout.retry = -1 (default)
2021-11-02 20:11:09,040 [pool-251-thread-1] INFO  server.RaftServerConfigKeys (ConfUtils.java:logGet(44)) - raft.server.log.write.buffer.size = 64KB (=65536) (default)
2021-11-02 20:11:09,041 [pool-251-thread-1] INFO  server.RaftServerConfigKeys (ConfUtils.java:logGet(44)) - raft.server.log.statemachine.data.caching.enabled = false (default)
2021-11-02 20:11:09,041 [pool-251-thread-1] INFO  segmented.SegmentedRaftLogWorker (SegmentedRaftLogWorker.java:lambda$new$0(133)) - omNode-1@group-523986131536-SegmentedRaftLogWorker: flushIndex: setUnconditionally 0 -> 10
2021-11-02 20:11:09,041 [pool-251-thread-1] INFO  segmented.SegmentedRaftLogWorker (SegmentedRaftLogWorker.java:lambda$new$0(133)) - omNode-1@group-523986131536-SegmentedRaftLogWorker: safeCacheEvictIndex: setUnconditionally 0 -> -1
2021-11-02 20:11:09,041 [pool-251-thread-1] INFO  server.RaftServerConfigKeys (ConfUtils.java:logGet(44)) - raft.server.snapshot.auto.trigger.enabled = true (custom)
2021-11-02 20:11:09,041 [pool-251-thread-1] INFO  server.RaftServerConfigKeys (ConfUtils.java:logGet(44)) - raft.server.snapshot.auto.trigger.threshold = 50 (custom)
2021-11-02 20:11:09,041 [pool-251-thread-1] INFO  server.RaftServerConfigKeys (ConfUtils.java:logGet(44)) - raft.server.snapshot.retention.file.num = -1 (default)
2021-11-02 20:11:09,041 [pool-251-thread-1] INFO  server.RaftServerConfigKeys (ConfUtils.java:logGet(44)) - raft.server.log.purge.upto.snapshot.index = true (custom)
2021-11-02 20:11:09,041 [pool-251-thread-1] INFO  server.RaftServerConfigKeys (ConfUtils.java:logGet(44)) - raft.server.retrycache.expirytime = 30000ms (custom)
2021-11-02 20:11:09,041 [pool-251-thread-1] INFO  server.RaftServerConfigKeys (ConfUtils.java:logGet(44)) - raft.server.retrycache.statistics.expirytime = 100μs (default)
2021-11-02 20:11:09,042 [Listener at localhost/10620] INFO  server.RaftServer$Division (RaftServerImpl.java:start(301)) - omNode-1@group-523986131536: start as a follower, conf=13: [omNode-3|rpc:localhost:10624|admin:|client:|dataStream:|priority:0, omNode-1|rpc:localhost:10612|admin:|client:|dataStream:|priority:0, omNode-2|rpc:localhost:10618|admin:|client:|dataStream:|priority:0], old=null
2021-11-02 20:11:09,043 [Listener at localhost/10620] INFO  server.RaftServer$Division (RaftServerImpl.java:setRole(290)) - omNode-1@group-523986131536: changes role from      null to FOLLOWER at term 4 for startAsFollower
2021-11-02 20:11:09,043 [Listener at localhost/10620] INFO  impl.RoleInfo (RoleInfo.java:updateAndGet(130)) - omNode-1: start omNode-1@group-523986131536-FollowerState
2021-11-02 20:11:09,043 [Listener at localhost/10620] INFO  util.JmxRegister (JmxRegister.java:tryRegister(44)) - Successfully registered JMX Bean with object name Ratis:service=RaftServer,group=group-523986131536,id=omNode-1
2021-11-02 20:11:09,044 [Listener at localhost/10620] INFO  server.RaftServer (RaftServerProxy.java:lambda$start$5(374)) - omNode-1: start RPC server
2021-11-02 20:11:09,045 [Listener at localhost/10620] INFO  server.GrpcService (GrpcService.java:startImpl(253)) - omNode-1: GrpcService started, listening on 10612
2021-11-02 20:11:09,045 [org.apache.ratis.util.JvmPauseMonitor$$Lambda$523/614850410@7ce6a9a4] INFO  util.JvmPauseMonitor (JvmPauseMonitor.java:run(103)) - JvmPauseMonitor-omNode-1: Started
2021-11-02 20:11:09,046 [Listener at localhost/10620] INFO  ipc.CallQueueManager (CallQueueManager.java:<init>(90)) - Using callQueue: class java.util.concurrent.LinkedBlockingQueue, queueCapacity: 2000, scheduler: class org.apache.hadoop.ipc.DefaultRpcScheduler, ipcBackoff: false.
2021-11-02 20:11:09,046 [Socket Reader #1 for port 10608] INFO  ipc.Server (Server.java:run(1265)) - Starting Socket Reader #1 for port 10608
2021-11-02 20:11:09,054 [Listener at localhost/10608] INFO  http.BaseHttpServer (BaseHttpServer.java:newHttpServer2BuilderForOzone(209)) - Starting Web-server for ozoneManager at: http://0.0.0.0:10610
2021-11-02 20:11:09,054 [Listener at localhost/10608] INFO  http.BaseHttpServer (BaseHttpServer.java:<init>(107)) - Hadoop Security Enabled: false Ozone Security Enabled: false Ozone HTTP Security Enabled: false 
2021-11-02 20:11:09,055 [Listener at localhost/10608] INFO  server.AuthenticationFilter (AuthenticationFilter.java:constructSecretProvider(240)) - Unable to initialize FileSignerSecretProvider, falling back to use random secrets.
2021-11-02 20:11:09,055 [Listener at localhost/10608] WARN  http.HttpRequestLog (HttpRequestLog.java:getRequestLog(103)) - Jetty request log can only be enabled using Log4j
2021-11-02 20:11:09,056 [Listener at localhost/10608] INFO  http.HttpServer2 (HttpServer2.java:addGlobalFilter(1030)) - Added global filter 'safety' (class=org.apache.hadoop.hdds.server.http.HttpServer2$QuotingInputFilter)
2021-11-02 20:11:09,057 [Listener at localhost/10608] INFO  http.HttpServer2 (HttpServer2.java:addFilter(1006)) - Added filter static_user_filter (class=org.apache.hadoop.http.lib.StaticUserWebFilter$StaticUserFilter) to context ozoneManager
2021-11-02 20:11:09,057 [Listener at localhost/10608] INFO  http.HttpServer2 (HttpServer2.java:addFilter(1014)) - Added filter static_user_filter (class=org.apache.hadoop.http.lib.StaticUserWebFilter$StaticUserFilter) to context logs
2021-11-02 20:11:09,057 [Listener at localhost/10608] INFO  http.HttpServer2 (HttpServer2.java:addFilter(1014)) - Added filter static_user_filter (class=org.apache.hadoop.http.lib.StaticUserWebFilter$StaticUserFilter) to context static
2021-11-02 20:11:09,059 [Listener at localhost/10608] INFO  http.HttpServer2 (HttpServer2.java:bindListener(1249)) - Jetty bound to port 10610
2021-11-02 20:11:09,060 [Listener at localhost/10608] INFO  server.Server (Server.java:doStart(375)) - jetty-9.4.43.v20210629; built: 2021-06-30T11:07:22.254Z; git: 526006ecfa3af7f1a27ef3a288e2bef7ea9dd7e8; jvm 1.8.0_292-b10
2021-11-02 20:11:09,067 [Listener at localhost/10608] INFO  server.session (DefaultSessionIdManager.java:doStart(334)) - DefaultSessionIdManager workerName=node0
2021-11-02 20:11:09,068 [Listener at localhost/10608] INFO  server.session (DefaultSessionIdManager.java:doStart(339)) - No SessionScavenger set, using defaults
2021-11-02 20:11:09,068 [Listener at localhost/10608] INFO  server.session (HouseKeeper.java:startScavenging(132)) - node0 Scavenging every 660000ms
2021-11-02 20:11:09,068 [Listener at localhost/10608] INFO  handler.ContextHandler (ContextHandler.java:doStart(915)) - Started o.e.j.s.ServletContextHandler@77705ac{logs,/logs,file:///home/runner/work/ozone/ozone/hadoop-ozone/integration-test/target/log,AVAILABLE}
2021-11-02 20:11:09,069 [Listener at localhost/10608] INFO  handler.ContextHandler (ContextHandler.java:doStart(915)) - Started o.e.j.s.ServletContextHandler@5fdbd950{static,/static,file:///home/runner/work/ozone/ozone/hadoop-ozone/integration-test/target/test-classes/webapps/static,AVAILABLE}
2021-11-02 20:11:09,072 [Listener at localhost/10608] INFO  handler.ContextHandler (ContextHandler.java:doStart(915)) - Started o.e.j.w.WebAppContext@83839b0{ozoneManager,/,file:///home/runner/work/ozone/ozone/hadoop-ozone/integration-test/target/test-classes/webapps/ozoneManager/,AVAILABLE}{file:/home/runner/work/ozone/ozone/hadoop-ozone/integration-test/target/test-classes/webapps/ozoneManager}
2021-11-02 20:11:09,080 [Listener at localhost/10608] INFO  server.AbstractConnector (AbstractConnector.java:doStart(331)) - Started ServerConnector@61dc1433{HTTP/1.1, (http/1.1)}{0.0.0.0:10610}
2021-11-02 20:11:09,080 [Listener at localhost/10608] INFO  server.Server (Server.java:doStart(415)) - Started @156559ms
2021-11-02 20:11:09,080 [Listener at localhost/10608] WARN  impl.MetricsSystemImpl (MetricsSystemImpl.java:register(279)) - Sink prometheus already exists!
2021-11-02 20:11:09,083 [Listener at localhost/10608] INFO  http.BaseHttpServer (BaseHttpServer.java:updateConnectorAddress(329)) - HTTP server of ozoneManager listening at http://0.0.0.0:10610
2021-11-02 20:11:09,084 [IPC Server Responder] INFO  ipc.Server (Server.java:run(1507)) - IPC Server Responder: starting
2021-11-02 20:11:09,085 [IPC Server listener on 10608] INFO  ipc.Server (Server.java:run(1344)) - IPC Server listener on 10608: starting
2021-11-02 20:11:09,088 [Listener at localhost/10608] INFO  om.OzoneManager (OzoneManager.java:startTrashEmptier(1596)) - Trash Interval set to 0. Files deleted will not move to trash
2021-11-02 20:11:09,088 [Listener at localhost/10608] INFO  om.OzoneManager (OzoneManager.java:stop(1697)) - Stopping Ozone Manager
2021-11-02 20:11:09,089 [Listener at localhost/10608] INFO  ipc.Server (Server.java:stop(3414)) - Stopping server on 10614
2021-11-02 20:11:09,092 [org.apache.hadoop.util.JvmPauseMonitor$Monitor@438f4c75] INFO  util.JvmPauseMonitor (JvmPauseMonitor.java:run(188)) - Starting JVM pause monitor
2021-11-02 20:11:09,094 [IPC Server listener on 10614] INFO  ipc.Server (Server.java:run(1376)) - Stopping IPC Server listener on 10614
2021-11-02 20:11:09,094 [IPC Server Responder] INFO  ipc.Server (Server.java:run(1512)) - Stopping IPC Server Responder
2021-11-02 20:11:09,095 [Listener at localhost/10608] INFO  server.RaftServer (RaftServerProxy.java:lambda$close$6(391)) - omNode-2: close
2021-11-02 20:11:09,096 [Listener at localhost/10608] INFO  server.RaftServer$Division (RaftServerImpl.java:lambda$close$4(412)) - omNode-2@group-523986131536: shutdown
2021-11-02 20:11:09,096 [Listener at localhost/10608] INFO  util.JmxRegister (JmxRegister.java:unregister(73)) - Successfully un-registered JMX Bean with object name Ratis:service=RaftServer,group=group-523986131536,id=omNode-2
2021-11-02 20:11:09,096 [Listener at localhost/10608] INFO  impl.RoleInfo (RoleInfo.java:shutdownLeaderState(91)) - omNode-2: shutdown omNode-2@group-523986131536-LeaderStateImpl
2021-11-02 20:11:09,097 [omNode-2@group-523986131536->omNode-1-GrpcLogAppender-LogAppenderDaemon] WARN  server.GrpcLogAppender (GrpcLogAppender.java:mayWait(177)) - omNode-2@group-523986131536->omNode-1-GrpcLogAppender: Wait interrupted by java.lang.InterruptedException
2021-11-02 20:11:09,097 [omNode-2@group-523986131536->omNode-3-GrpcLogAppender-LogAppenderDaemon] WARN  server.GrpcLogAppender (GrpcLogAppender.java:mayWait(177)) - omNode-2@group-523986131536->omNode-3-GrpcLogAppender: Wait interrupted by java.lang.InterruptedException
2021-11-02 20:11:09,097 [Listener at localhost/10608] INFO  impl.PendingRequests (PendingRequests.java:sendNotLeaderResponses(282)) - omNode-2@group-523986131536-PendingRequests: sendNotLeaderResponses
2021-11-02 20:11:09,099 [Listener at localhost/10608] INFO  impl.StateMachineUpdater (StateMachineUpdater.java:stopAndJoin(149)) - omNode-2@group-523986131536-StateMachineUpdater: set stopIndex = 16
2021-11-02 20:11:09,099 [omNode-2@group-523986131536-StateMachineUpdater] INFO  ratis.OzoneManagerStateMachine (OzoneManagerStateMachine.java:takeSnapshot(417)) - Current Snapshot Index (t:4, i:16)
2021-11-02 20:11:09,099 [omNode-2@group-523986131536-StateMachineUpdater] INFO  impl.StateMachineUpdater (StateMachineUpdater.java:takeSnapshot(281)) - omNode-2@group-523986131536-StateMachineUpdater: Took a snapshot at index 16
2021-11-02 20:11:09,099 [omNode-2@group-523986131536-StateMachineUpdater] INFO  impl.StateMachineUpdater (StateMachineUpdater.java:lambda$new$0(89)) - omNode-2@group-523986131536-StateMachineUpdater: snapshotIndex: updateIncreasingly 12 -> 16
2021-11-02 20:11:09,099 [omNode-2@group-523986131536-StateMachineUpdater] INFO  ratis.OzoneManagerStateMachine (OzoneManagerStateMachine.java:close(471)) - StateMachine has shutdown. Shutdown OzoneManager if not already shutdown.
2021-11-02 20:11:09,100 [Listener at localhost/10608] INFO  server.RaftServer$Division (ServerState.java:close(419)) - omNode-2@group-523986131536: closes. applyIndex: 16
2021-11-02 20:11:09,100 [omNode-2@group-523986131536-SegmentedRaftLogWorker] INFO  segmented.SegmentedRaftLogWorker (SegmentedRaftLogWorker.java:run(327)) - omNode-2@group-523986131536-SegmentedRaftLogWorker was interrupted, exiting. There are 0 tasks remaining in the queue.
2021-11-02 20:11:09,101 [Listener at localhost/10608] INFO  segmented.SegmentedRaftLogWorker (SegmentedRaftLogWorker.java:close(237)) - omNode-2@group-523986131536-SegmentedRaftLogWorker close()
2021-11-02 20:11:09,102 [Listener at localhost/10608] INFO  server.GrpcService (GrpcService.java:closeImpl(262)) - omNode-2: shutdown server with port 10618 now
2021-11-02 20:11:09,107 [Listener at localhost/10608] INFO  server.GrpcService (GrpcService.java:closeImpl(271)) - omNode-2: shutdown server with port 10618 successfully
2021-11-02 20:11:09,107 [org.apache.ratis.util.JvmPauseMonitor$$Lambda$523/614850410@3041fc67] INFO  util.JvmPauseMonitor (JvmPauseMonitor.java:run(109)) - JvmPauseMonitor-omNode-2: Stopped
2021-11-02 20:11:09,111 [Listener at localhost/10608] INFO  ratis.OzoneManagerDoubleBuffer (OzoneManagerDoubleBuffer.java:stop(437)) - Stopping OMDoubleBuffer flush thread
2021-11-02 20:11:09,111 [OMDoubleBufferFlushThread] INFO  ratis.OzoneManagerDoubleBuffer (OzoneManagerDoubleBuffer.java:flushTransactions(356)) - OMDoubleBuffer flush thread OMDoubleBufferFlushThread is interrupted and will exit. OMDoubleBufferFlushThread
2021-11-02 20:11:09,113 [Listener at localhost/10608] INFO  handler.ContextHandler (ContextHandler.java:doStop(1153)) - Stopped o.e.j.w.WebAppContext@3e298ad7{ozoneManager,/,null,STOPPED}{file:/home/runner/work/ozone/ozone/hadoop-ozone/integration-test/target/test-classes/webapps/ozoneManager}
2021-11-02 20:11:09,113 [Listener at localhost/10608] INFO  server.AbstractConnector (AbstractConnector.java:doStop(381)) - Stopped ServerConnector@21d9f1e2{HTTP/1.1, (http/1.1)}{0.0.0.0:10616}
2021-11-02 20:11:09,113 [Listener at localhost/10608] INFO  server.session (HouseKeeper.java:stopScavenging(149)) - node0 Stopped scavenging
2021-11-02 20:11:09,114 [Listener at localhost/10608] INFO  handler.ContextHandler (ContextHandler.java:doStop(1153)) - Stopped o.e.j.s.ServletContextHandler@35886e09{static,/static,file:///home/runner/work/ozone/ozone/hadoop-ozone/integration-test/target/test-classes/webapps/static,STOPPED}
2021-11-02 20:11:09,115 [Listener at localhost/10608] INFO  handler.ContextHandler (ContextHandler.java:doStop(1153)) - Stopped o.e.j.s.ServletContextHandler@6100eb1b{logs,/logs,file:///home/runner/work/ozone/ozone/hadoop-ozone/integration-test/target/log,STOPPED}
2021-11-02 20:11:09,117 [Listener at localhost/10608] INFO  om.OzoneManager (OzoneManager.java:initFSOLayout(3662)) - Configured ozone.om.metadata.layout=SIMPLE and disabled optimized OM FS operations
2021-11-02 20:11:09,117 [Listener at localhost/10608] INFO  om.OzoneManager (OzoneManager.java:restart(1412)) - OzoneManager RPC server is listening at localhost/127.0.0.1:10614
2021-11-02 20:11:09,117 [Listener at localhost/10608] INFO  impl.MetricsSystemImpl (MetricsSystemImpl.java:init(158)) - OzoneManager metrics system started (again)
2021-11-02 20:11:09,133 [Listener at localhost/10608] WARN  server.ServerUtils (ServerUtils.java:getDBPath(225)) - ozone.om.db.dirs is not configured. We recommend adding this setting. Falling back to ozone.metadata.dirs instead.
2021-11-02 20:11:09,134 [Listener at localhost/10608] INFO  codec.OmKeyInfoCodec (OmKeyInfoCodec.java:<init>(51)) - OmKeyInfoCodec ignorePipeline = true
2021-11-02 20:11:09,134 [Listener at localhost/10608] INFO  codec.RepeatedOmKeyInfoCodec (RepeatedOmKeyInfoCodec.java:<init>(42)) - RepeatedOmKeyInfoCodec ignorePipeline = true
2021-11-02 20:11:09,174 [Listener at localhost/10608] WARN  impl.MetricRegistriesImpl (MetricRegistriesImpl.java:addReporterRegistration(111)) - New reporters are added after registries were created. Some metrics will be missing from the reporter. Please add reporter before adding any new registry.
2021-11-02 20:11:09,174 [Listener at localhost/10608] WARN  impl.MetricRegistriesImpl (MetricRegistriesImpl.java:addReporterRegistration(111)) - New reporters are added after registries were created. Some metrics will be missing from the reporter. Please add reporter before adding any new registry.
2021-11-02 20:11:09,174 [Listener at localhost/10608] WARN  server.ServerUtils (ServerUtils.java:getDefaultRatisDirectory(237)) - Storage directory for Ratis is not configured. It is a good idea to map this to an SSD disk. Falling back to ozone.metadata.dirs
2021-11-02 20:11:09,175 [Listener at localhost/10608] INFO  ratis.OzoneManagerRatisServer (OzoneManagerRatisServer.java:<init>(159)) - Instantiating OM Ratis server with groupID: om-service-test1 and peers: localhost:10618, localhost:10624, localhost:10612
2021-11-02 20:11:09,175 [Listener at localhost/10608] INFO  ratis.OzoneManagerStateMachine (OzoneManagerStateMachine.java:loadSnapshotInfoFromDB(605)) - LastAppliedIndex is set from TransactionInfo from OM DB as (t:4, i:16)
2021-11-02 20:11:09,176 [Listener at localhost/10608] INFO  server.RaftServer (ConfUtils.java:logGet(44)) - raft.rpc.type = GRPC (default)
2021-11-02 20:11:09,176 [Listener at localhost/10608] INFO  grpc.GrpcFactory (GrpcFactory.java:checkPooledByteBufAllocatorUseCacheForAllThreads(48)) - PERFORMANCE WARNING: useCacheForAllThreads is true that may cause Netty to create a lot garbage objects and, as a result, trigger GC.
	It is recommended to disable useCacheForAllThreads by setting -Dorg.apache.ratis.thirdparty.io.netty.allocator.useCacheForAllThreads=false in command line.
2021-11-02 20:11:09,176 [Listener at localhost/10608] INFO  grpc.GrpcConfigKeys (ConfUtils.java:logGet(44)) - raft.grpc.admin.port = -1 (default)
2021-11-02 20:11:09,177 [Listener at localhost/10608] INFO  grpc.GrpcConfigKeys (ConfUtils.java:logGet(44)) - raft.grpc.server.port = 10618 (custom)
2021-11-02 20:11:09,177 [Listener at localhost/10608] INFO  grpc.GrpcConfigKeys (ConfUtils.java:logGet(44)) - raft.grpc.client.port = -1 (default)
2021-11-02 20:11:09,177 [Listener at localhost/10608] INFO  grpc.GrpcConfigKeys (ConfUtils.java:logGet(44)) - raft.grpc.server.port = 10618 (custom)
2021-11-02 20:11:09,177 [Listener at localhost/10608] INFO  grpc.GrpcConfigKeys (ConfUtils.java:logGet(44)) - raft.grpc.server.port = 10618 (custom)
2021-11-02 20:11:09,177 [Listener at localhost/10608] INFO  server.GrpcService (ConfUtils.java:logGet(44)) - raft.grpc.message.size.max = 33554432 (custom)
2021-11-02 20:11:09,177 [Listener at localhost/10608] INFO  server.RaftServerConfigKeys (ConfUtils.java:logGet(44)) - raft.server.log.appender.buffer.byte-limit = 33554432 (custom)
2021-11-02 20:11:09,177 [Listener at localhost/10608] INFO  server.GrpcService (ConfUtils.java:logGet(44)) - raft.grpc.flow.control.window = 1MB (=1048576) (default)
2021-11-02 20:11:09,177 [Listener at localhost/10608] INFO  server.RaftServerConfigKeys (ConfUtils.java:logGet(44)) - raft.server.rpc.request.timeout = 3000ms (default)
2021-11-02 20:11:09,178 [Listener at localhost/10608] INFO  impl.DataStreamServerImpl (ConfUtils.java:logGet(44)) - raft.datastream.type = DISABLED (default)
2021-11-02 20:11:09,178 [Listener at localhost/10608] INFO  server.RaftServerConfigKeys (ConfUtils.java:logGet(44)) - raft.server.rpc.slowness.timeout = 2s (custom)
2021-11-02 20:11:09,178 [Listener at localhost/10608] INFO  server.RaftServerConfigKeys (ConfUtils.java:logGet(44)) - raft.server.leaderelection.leader.step-down.wait-time = 10s (default)
2021-11-02 20:11:09,179 [Listener at localhost/10608] INFO  server.RaftServerConfigKeys (ConfUtils.java:logGet(44)) - raft.server.storage.dir = [/home/runner/work/ozone/ozone/hadoop-ozone/integration-test/target/test-dir/MiniOzoneClusterImpl-76263e8f-62ab-412a-8766-4a189fbce95f/omNode-2/ratis] (custom)
2021-11-02 20:11:09,179 [Listener at localhost/10608] INFO  server.RaftServer (RaftServerProxy.java:lambda$null$1(235)) - omNode-2: found a subdirectory /home/runner/work/ozone/ozone/hadoop-ozone/integration-test/target/test-dir/MiniOzoneClusterImpl-76263e8f-62ab-412a-8766-4a189fbce95f/omNode-2/ratis/c9bc4cf4-3bc3-3c60-a66b-523986131536
2021-11-02 20:11:09,179 [Listener at localhost/10608] INFO  server.RaftServer (RaftServerProxy.java:addNew(95)) - omNode-2: addNew group-523986131536:[omNode-3|rpc:localhost:10624|priority:0, omNode-1|rpc:localhost:10612|priority:0, omNode-2|rpc:localhost:10618|priority:0] returns group-523986131536:java.util.concurrent.CompletableFuture@26c56d19[Not completed]
2021-11-02 20:11:09,180 [Listener at localhost/10608] INFO  om.OzoneManager (OzoneManager.java:initializeRatisServer(1638)) - OzoneManager Ratis server initialized at port 10618
2021-11-02 20:11:09,180 [Listener at localhost/10608] INFO  ratis.OzoneManagerRatisServer (OzoneManagerRatisServer.java:start(522)) - Starting OzoneManagerRatisServer omNode-2 at port 10618
2021-11-02 20:11:09,180 [pool-271-thread-1] INFO  server.RaftServer$Division (RaftServerImpl.java:<init>(184)) - omNode-2: new RaftServerImpl for group-523986131536:[omNode-3|rpc:localhost:10624|priority:0, omNode-1|rpc:localhost:10612|priority:0, omNode-2|rpc:localhost:10618|priority:0] with OzoneManagerStateMachine:uninitialized
2021-11-02 20:11:09,181 [pool-271-thread-1] INFO  server.RaftServerConfigKeys (ConfUtils.java:logGet(44)) - raft.server.rpc.timeout.min = 1s (custom)
2021-11-02 20:11:09,181 [pool-271-thread-1] INFO  server.RaftServerConfigKeys (ConfUtils.java:logGet(44)) - raft.server.rpc.timeout.max = 1200ms (custom)
2021-11-02 20:11:09,181 [pool-271-thread-1] INFO  server.RaftServerConfigKeys (ConfUtils.java:logGet(44)) - raft.server.rpc.sleep.time = 25ms (default)
2021-11-02 20:11:09,181 [pool-271-thread-1] INFO  server.RaftServerConfigKeys (ConfUtils.java:logGet(44)) - raft.server.rpc.slowness.timeout = 2s (custom)
2021-11-02 20:11:09,181 [pool-271-thread-1] INFO  server.RaftServerConfigKeys (ConfUtils.java:logGet(44)) - raft.server.leaderelection.leader.step-down.wait-time = 10s (default)
2021-11-02 20:11:09,181 [pool-271-thread-1] INFO  server.RaftServerConfigKeys (ConfUtils.java:logGet(44)) - raft.server.sleep.deviation.threshold = 300ms (default)
2021-11-02 20:11:09,181 [pool-271-thread-1] INFO  server.RaftServerConfigKeys (ConfUtils.java:logGet(44)) - raft.server.log.appender.install.snapshot.enabled = false (custom)
2021-11-02 20:11:09,181 [pool-271-thread-1] INFO  server.RaftServer$Division (ServerState.java:<init>(105)) - omNode-2@group-523986131536: ConfigurationManager, init=-1: [omNode-3|rpc:localhost:10624|priority:0, omNode-1|rpc:localhost:10612|priority:0, omNode-2|rpc:localhost:10618|priority:0], old=null, confs=<EMPTY_MAP>
2021-11-02 20:11:09,181 [pool-271-thread-1] INFO  server.RaftServerConfigKeys (ConfUtils.java:logGet(44)) - raft.server.storage.dir = [/home/runner/work/ozone/ozone/hadoop-ozone/integration-test/target/test-dir/MiniOzoneClusterImpl-76263e8f-62ab-412a-8766-4a189fbce95f/omNode-2/ratis] (custom)
2021-11-02 20:11:09,181 [pool-271-thread-1] INFO  server.RaftServerConfigKeys (ConfUtils.java:logGet(44)) - raft.server.log.corruption.policy = EXCEPTION (default)
2021-11-02 20:11:09,181 [pool-271-thread-1] INFO  server.RaftServerConfigKeys (ConfUtils.java:logGet(44)) - raft.server.storage.free-space.min = 0MB (=0) (default)
2021-11-02 20:11:09,182 [pool-271-thread-1] INFO  storage.RaftStorageDirectory (RaftStorageDirectoryImpl.java:tryLock(230)) - Lock on /home/runner/work/ozone/ozone/hadoop-ozone/integration-test/target/test-dir/MiniOzoneClusterImpl-76263e8f-62ab-412a-8766-4a189fbce95f/omNode-2/ratis/c9bc4cf4-3bc3-3c60-a66b-523986131536/in_use.lock acquired by nodename 14135@fv-az270-10
2021-11-02 20:11:09,182 [pool-271-thread-1] INFO  storage.RaftStorage (RaftStorageImpl.java:analyzeAndRecoverStorage(110)) - Read RaftStorageMetadata{term=4, votedFor=omNode-2} from /home/runner/work/ozone/ozone/hadoop-ozone/integration-test/target/test-dir/MiniOzoneClusterImpl-76263e8f-62ab-412a-8766-4a189fbce95f/omNode-2/ratis/c9bc4cf4-3bc3-3c60-a66b-523986131536/current/raft-meta
2021-11-02 20:11:09,183 [pool-271-thread-1] INFO  server.RaftServer$Division (ServerState.java:setRaftConf(387)) - omNode-2@group-523986131536: set configuration 13: [omNode-3|rpc:localhost:10624|admin:|client:|dataStream:|priority:0, omNode-1|rpc:localhost:10612|admin:|client:|dataStream:|priority:0, omNode-2|rpc:localhost:10618|admin:|client:|dataStream:|priority:0], old=null
2021-11-02 20:11:09,183 [pool-271-thread-1] INFO  server.RaftServerConfigKeys (ConfUtils.java:logGet(44)) - raft.server.notification.no-leader.timeout = 2s (custom)
2021-11-02 20:11:09,183 [pool-271-thread-1] INFO  server.RaftServerConfigKeys (ConfUtils.java:logGet(44)) - raft.server.log.use.memory = false (default)
2021-11-02 20:11:09,183 [pool-271-thread-1] INFO  server.RaftServerConfigKeys (ConfUtils.java:logGet(44)) - raft.server.log.purge.gap = 50 (custom)
2021-11-02 20:11:09,183 [pool-271-thread-1] INFO  server.RaftServerConfigKeys (ConfUtils.java:logGet(44)) - raft.server.log.appender.buffer.byte-limit = 33554432 (custom)
2021-11-02 20:11:09,183 [pool-271-thread-1] INFO  server.RaftServerConfigKeys (ConfUtils.java:logGet(44)) - raft.server.log.segment.size.max = 4194304 (custom)
2021-11-02 20:11:09,184 [pool-271-thread-1] INFO  server.RaftServerConfigKeys (ConfUtils.java:logGet(44)) - raft.server.log.segment.cache.num.max = 2 (custom)
2021-11-02 20:11:09,184 [pool-271-thread-1] INFO  server.RaftServerConfigKeys (ConfUtils.java:logGet(44)) - raft.server.log.segment.cache.size.max = 200MB (=209715200) (default)
2021-11-02 20:11:09,184 [pool-271-thread-1] INFO  segmented.SegmentedRaftLogWorker (SegmentedRaftLogWorker.java:<init>(182)) - new omNode-2@group-523986131536-SegmentedRaftLogWorker for RaftStorageImpl:Storage Directory /home/runner/work/ozone/ozone/hadoop-ozone/integration-test/target/test-dir/MiniOzoneClusterImpl-76263e8f-62ab-412a-8766-4a189fbce95f/omNode-2/ratis/c9bc4cf4-3bc3-3c60-a66b-523986131536
2021-11-02 20:11:09,184 [pool-271-thread-1] INFO  server.RaftServerConfigKeys (ConfUtils.java:logGet(44)) - raft.server.log.queue.byte-limit = 64MB (=67108864) (default)
2021-11-02 20:11:09,184 [pool-271-thread-1] INFO  server.RaftServerConfigKeys (ConfUtils.java:logGet(44)) - raft.server.log.queue.element-limit = 4096 (default)
2021-11-02 20:11:09,184 [pool-271-thread-1] INFO  server.RaftServerConfigKeys (ConfUtils.java:logGet(44)) - raft.server.log.segment.size.max = 4194304 (custom)
2021-11-02 20:11:09,184 [pool-271-thread-1] INFO  server.RaftServerConfigKeys (ConfUtils.java:logGet(44)) - raft.server.log.preallocated.size = 4194304 (custom)
2021-11-02 20:11:09,184 [pool-271-thread-1] INFO  server.RaftServerConfigKeys (ConfUtils.java:logGet(44)) - raft.server.log.force.sync.num = 128 (default)
2021-11-02 20:11:09,184 [pool-271-thread-1] INFO  server.RaftServerConfigKeys (ConfUtils.java:logGet(44)) - raft.server.log.statemachine.data.sync = true (default)
2021-11-02 20:11:09,184 [pool-271-thread-1] INFO  server.RaftServerConfigKeys (ConfUtils.java:logGet(44)) - raft.server.log.statemachine.data.sync.timeout = 10s (default)
2021-11-02 20:11:09,184 [pool-271-thread-1] INFO  server.RaftServerConfigKeys (ConfUtils.java:logGet(44)) - raft.server.log.statemachine.data.sync.timeout.retry = -1 (default)
2021-11-02 20:11:09,185 [pool-271-thread-1] INFO  server.RaftServerConfigKeys (ConfUtils.java:logGet(44)) - raft.server.log.write.buffer.size = 64KB (=65536) (default)
2021-11-02 20:11:09,185 [pool-271-thread-1] INFO  server.RaftServerConfigKeys (ConfUtils.java:logGet(44)) - raft.server.log.statemachine.data.caching.enabled = false (default)
2021-11-02 20:11:09,186 [pool-271-thread-1] INFO  server.RaftServer$Division (ServerState.java:setRaftConf(387)) - omNode-2@group-523986131536: set configuration 11: [omNode-3|rpc:localhost:10624|admin:|client:|dataStream:|priority:0, omNode-1|rpc:localhost:10612|admin:|client:|dataStream:|priority:0, omNode-2|rpc:localhost:10618|admin:|client:|dataStream:|priority:0], old=null
2021-11-02 20:11:09,186 [pool-271-thread-1] INFO  segmented.LogSegment (LogSegment.java:loadSegment(173)) - Successfully read 2 entries from segment file /home/runner/work/ozone/ozone/hadoop-ozone/integration-test/target/test-dir/MiniOzoneClusterImpl-76263e8f-62ab-412a-8766-4a189fbce95f/omNode-2/ratis/c9bc4cf4-3bc3-3c60-a66b-523986131536/current/log_11-12
2021-11-02 20:11:09,186 [pool-271-thread-1] INFO  server.RaftServer$Division (ServerState.java:setRaftConf(387)) - omNode-2@group-523986131536: set configuration 13: [omNode-3|rpc:localhost:10624|admin:|client:|dataStream:|priority:0, omNode-1|rpc:localhost:10612|admin:|client:|dataStream:|priority:0, omNode-2|rpc:localhost:10618|admin:|client:|dataStream:|priority:0], old=null
2021-11-02 20:11:09,187 [pool-271-thread-1] INFO  segmented.LogSegment (LogSegment.java:loadSegment(173)) - Successfully read 4 entries from segment file /home/runner/work/ozone/ozone/hadoop-ozone/integration-test/target/test-dir/MiniOzoneClusterImpl-76263e8f-62ab-412a-8766-4a189fbce95f/omNode-2/ratis/c9bc4cf4-3bc3-3c60-a66b-523986131536/current/log_inprogress_13
2021-11-02 20:11:09,187 [pool-271-thread-1] INFO  segmented.SegmentedRaftLogWorker (SegmentedRaftLogWorker.java:lambda$new$0(133)) - omNode-2@group-523986131536-SegmentedRaftLogWorker: flushIndex: setUnconditionally 0 -> 16
2021-11-02 20:11:09,187 [pool-271-thread-1] INFO  segmented.SegmentedRaftLogWorker (SegmentedRaftLogWorker.java:lambda$new$0(133)) - omNode-2@group-523986131536-SegmentedRaftLogWorker: safeCacheEvictIndex: setUnconditionally 0 -> 12
2021-11-02 20:11:09,187 [pool-271-thread-1] INFO  raftlog.RaftLog (RaftLogBase.java:lambda$new$0(53)) - omNode-2@group-523986131536-SegmentedRaftLog: commitIndex: updateToMax old=16, new=15, updated? false
2021-11-02 20:11:09,187 [pool-271-thread-1] INFO  raftlog.RaftLog (RaftLogBase.java:lambda$new$0(53)) - omNode-2@group-523986131536-SegmentedRaftLog: purgeIndex: updateIncreasingly -1 -> 10
2021-11-02 20:11:09,187 [pool-271-thread-1] INFO  server.RaftServerConfigKeys (ConfUtils.java:logGet(44)) - raft.server.snapshot.auto.trigger.enabled = true (custom)
2021-11-02 20:11:09,187 [pool-271-thread-1] INFO  server.RaftServerConfigKeys (ConfUtils.java:logGet(44)) - raft.server.snapshot.auto.trigger.threshold = 50 (custom)
2021-11-02 20:11:09,187 [pool-271-thread-1] INFO  server.RaftServerConfigKeys (ConfUtils.java:logGet(44)) - raft.server.snapshot.retention.file.num = -1 (default)
2021-11-02 20:11:09,187 [pool-271-thread-1] INFO  server.RaftServerConfigKeys (ConfUtils.java:logGet(44)) - raft.server.log.purge.upto.snapshot.index = true (custom)
2021-11-02 20:11:09,187 [pool-271-thread-1] INFO  server.RaftServerConfigKeys (ConfUtils.java:logGet(44)) - raft.server.retrycache.expirytime = 30000ms (custom)
2021-11-02 20:11:09,187 [pool-271-thread-1] INFO  server.RaftServerConfigKeys (ConfUtils.java:logGet(44)) - raft.server.retrycache.statistics.expirytime = 100μs (default)
2021-11-02 20:11:09,189 [Listener at localhost/10608] INFO  server.RaftServer$Division (RaftServerImpl.java:start(301)) - omNode-2@group-523986131536: start as a follower, conf=13: [omNode-3|rpc:localhost:10624|admin:|client:|dataStream:|priority:0, omNode-1|rpc:localhost:10612|admin:|client:|dataStream:|priority:0, omNode-2|rpc:localhost:10618|admin:|client:|dataStream:|priority:0], old=null
2021-11-02 20:11:09,189 [Listener at localhost/10608] INFO  server.RaftServer$Division (RaftServerImpl.java:setRole(290)) - omNode-2@group-523986131536: changes role from      null to FOLLOWER at term 4 for startAsFollower
2021-11-02 20:11:09,189 [Listener at localhost/10608] INFO  impl.RoleInfo (RoleInfo.java:updateAndGet(130)) - omNode-2: start omNode-2@group-523986131536-FollowerState
2021-11-02 20:11:09,189 [Listener at localhost/10608] INFO  util.JmxRegister (JmxRegister.java:tryRegister(44)) - Successfully registered JMX Bean with object name Ratis:service=RaftServer,group=group-523986131536,id=omNode-2
2021-11-02 20:11:09,191 [Listener at localhost/10608] INFO  server.RaftServer (RaftServerProxy.java:lambda$start$5(374)) - omNode-2: start RPC server
2021-11-02 20:11:09,191 [Listener at localhost/10608] INFO  server.GrpcService (GrpcService.java:startImpl(253)) - omNode-2: GrpcService started, listening on 10618
2021-11-02 20:11:09,191 [org.apache.ratis.util.JvmPauseMonitor$$Lambda$523/614850410@67a4e178] INFO  util.JvmPauseMonitor (JvmPauseMonitor.java:run(103)) - JvmPauseMonitor-omNode-2: Started
2021-11-02 20:11:09,192 [Listener at localhost/10608] INFO  ipc.CallQueueManager (CallQueueManager.java:<init>(90)) - Using callQueue: class java.util.concurrent.LinkedBlockingQueue, queueCapacity: 2000, scheduler: class org.apache.hadoop.ipc.DefaultRpcScheduler, ipcBackoff: false.
2021-11-02 20:11:09,192 [Socket Reader #1 for port 10614] INFO  ipc.Server (Server.java:run(1265)) - Starting Socket Reader #1 for port 10614
2021-11-02 20:11:09,198 [Listener at localhost/10614] INFO  http.BaseHttpServer (BaseHttpServer.java:newHttpServer2BuilderForOzone(209)) - Starting Web-server for ozoneManager at: http://0.0.0.0:10616
2021-11-02 20:11:09,198 [Listener at localhost/10614] INFO  http.BaseHttpServer (BaseHttpServer.java:<init>(107)) - Hadoop Security Enabled: false Ozone Security Enabled: false Ozone HTTP Security Enabled: false 
2021-11-02 20:11:09,199 [Listener at localhost/10614] INFO  server.AuthenticationFilter (AuthenticationFilter.java:constructSecretProvider(240)) - Unable to initialize FileSignerSecretProvider, falling back to use random secrets.
2021-11-02 20:11:09,199 [Listener at localhost/10614] WARN  http.HttpRequestLog (HttpRequestLog.java:getRequestLog(103)) - Jetty request log can only be enabled using Log4j
2021-11-02 20:11:09,200 [Listener at localhost/10614] INFO  http.HttpServer2 (HttpServer2.java:addGlobalFilter(1030)) - Added global filter 'safety' (class=org.apache.hadoop.hdds.server.http.HttpServer2$QuotingInputFilter)
2021-11-02 20:11:09,201 [Listener at localhost/10614] INFO  http.HttpServer2 (HttpServer2.java:addFilter(1006)) - Added filter static_user_filter (class=org.apache.hadoop.http.lib.StaticUserWebFilter$StaticUserFilter) to context ozoneManager
2021-11-02 20:11:09,201 [Listener at localhost/10614] INFO  http.HttpServer2 (HttpServer2.java:addFilter(1014)) - Added filter static_user_filter (class=org.apache.hadoop.http.lib.StaticUserWebFilter$StaticUserFilter) to context logs
2021-11-02 20:11:09,201 [Listener at localhost/10614] INFO  http.HttpServer2 (HttpServer2.java:addFilter(1014)) - Added filter static_user_filter (class=org.apache.hadoop.http.lib.StaticUserWebFilter$StaticUserFilter) to context static
2021-11-02 20:11:09,201 [Listener at localhost/10614] INFO  http.HttpServer2 (HttpServer2.java:bindListener(1249)) - Jetty bound to port 10616
2021-11-02 20:11:09,202 [Listener at localhost/10614] INFO  server.Server (Server.java:doStart(375)) - jetty-9.4.43.v20210629; built: 2021-06-30T11:07:22.254Z; git: 526006ecfa3af7f1a27ef3a288e2bef7ea9dd7e8; jvm 1.8.0_292-b10
2021-11-02 20:11:09,203 [Listener at localhost/10614] INFO  server.session (DefaultSessionIdManager.java:doStart(334)) - DefaultSessionIdManager workerName=node0
2021-11-02 20:11:09,203 [Listener at localhost/10614] INFO  server.session (DefaultSessionIdManager.java:doStart(339)) - No SessionScavenger set, using defaults
2021-11-02 20:11:09,203 [Listener at localhost/10614] INFO  server.session (HouseKeeper.java:startScavenging(132)) - node0 Scavenging every 600000ms
2021-11-02 20:11:09,204 [Listener at localhost/10614] INFO  handler.ContextHandler (ContextHandler.java:doStart(915)) - Started o.e.j.s.ServletContextHandler@1dbad38c{logs,/logs,file:///home/runner/work/ozone/ozone/hadoop-ozone/integration-test/target/log,AVAILABLE}
2021-11-02 20:11:09,204 [Listener at localhost/10614] INFO  handler.ContextHandler (ContextHandler.java:doStart(915)) - Started o.e.j.s.ServletContextHandler@212231fb{static,/static,file:///home/runner/work/ozone/ozone/hadoop-ozone/integration-test/target/test-classes/webapps/static,AVAILABLE}
2021-11-02 20:11:09,207 [Listener at localhost/10614] INFO  handler.ContextHandler (ContextHandler.java:doStart(915)) - Started o.e.j.w.WebAppContext@429ddee{ozoneManager,/,file:///home/runner/work/ozone/ozone/hadoop-ozone/integration-test/target/test-classes/webapps/ozoneManager/,AVAILABLE}{file:/home/runner/work/ozone/ozone/hadoop-ozone/integration-test/target/test-classes/webapps/ozoneManager}
2021-11-02 20:11:09,208 [Listener at localhost/10614] INFO  server.AbstractConnector (AbstractConnector.java:doStart(331)) - Started ServerConnector@6f456ab5{HTTP/1.1, (http/1.1)}{0.0.0.0:10616}
2021-11-02 20:11:09,208 [Listener at localhost/10614] INFO  server.Server (Server.java:doStart(415)) - Started @156688ms
2021-11-02 20:11:09,209 [Listener at localhost/10614] WARN  impl.MetricsSystemImpl (MetricsSystemImpl.java:register(279)) - Sink prometheus already exists!
2021-11-02 20:11:09,209 [Listener at localhost/10614] INFO  http.BaseHttpServer (BaseHttpServer.java:updateConnectorAddress(329)) - HTTP server of ozoneManager listening at http://0.0.0.0:10616
2021-11-02 20:11:09,209 [IPC Server Responder] INFO  ipc.Server (Server.java:run(1507)) - IPC Server Responder: starting
2021-11-02 20:11:09,210 [IPC Server listener on 10614] INFO  ipc.Server (Server.java:run(1344)) - IPC Server listener on 10614: starting
2021-11-02 20:11:09,218 [Listener at localhost/10614] INFO  om.OzoneManager (OzoneManager.java:startTrashEmptier(1596)) - Trash Interval set to 0. Files deleted will not move to trash
2021-11-02 20:11:09,218 [org.apache.hadoop.util.JvmPauseMonitor$Monitor@179caf87] INFO  util.JvmPauseMonitor (JvmPauseMonitor.java:run(188)) - Starting JVM pause monitor
]]></system-out>
  </testcase>
  <testcase name="testPrepareWithTransactions" classname="org.apache.hadoop.ozone.om.TestOzoneManagerPrepare" time="126.197">
    <error message="timeout: after 120000 millis" type="java.util.concurrent.TimeoutException">java.util.concurrent.TimeoutException: timeout: after 120000 millis
	at org.apache.ozone.test.LambdaTestUtils$GenerateTimeout.evaluate(LambdaTestUtils.java:677)
	at org.apache.ozone.test.LambdaTestUtils.await(LambdaTestUtils.java:154)
	at org.apache.ozone.test.LambdaTestUtils.await(LambdaTestUtils.java:192)
	at org.apache.hadoop.ozone.om.TestOzoneManagerPrepare.assertClusterNotPrepared(TestOzoneManagerPrepare.java:484)
	at org.apache.hadoop.ozone.om.TestOzoneManagerPrepare.assertClusterNotPrepared(TestOzoneManagerPrepare.java:478)
	at org.apache.hadoop.ozone.om.TestOzoneManagerPrepare.initOM(TestOzoneManagerPrepare.java:91)
	at sun.reflect.NativeMethodAccessorImpl.invoke0(Native Method)
	at sun.reflect.NativeMethodAccessorImpl.invoke(NativeMethodAccessorImpl.java:62)
	at sun.reflect.DelegatingMethodAccessorImpl.invoke(DelegatingMethodAccessorImpl.java:43)
	at java.lang.reflect.Method.invoke(Method.java:498)
	at org.junit.runners.model.FrameworkMethod$1.runReflectiveCall(FrameworkMethod.java:59)
	at org.junit.internal.runners.model.ReflectiveCallable.run(ReflectiveCallable.java:12)
	at org.junit.runners.model.FrameworkMethod.invokeExplosively(FrameworkMethod.java:56)
	at org.junit.internal.runners.statements.RunBefores.invokeMethod(RunBefores.java:33)
	at org.junit.internal.runners.statements.RunBefores.evaluate(RunBefores.java:24)
	at org.junit.internal.runners.statements.RunAfters.evaluate(RunAfters.java:27)
	at org.junit.rules.ExpectedException$ExpectedExceptionStatement.evaluate(ExpectedException.java:258)
	at org.junit.internal.runners.statements.FailOnTimeout$CallableStatement.call(FailOnTimeout.java:288)
	at org.junit.internal.runners.statements.FailOnTimeout$CallableStatement.call(FailOnTimeout.java:282)
	at java.util.concurrent.FutureTask.run(FutureTask.java:266)
	at java.lang.Thread.run(Thread.java:748)
</error>
    <system-out><![CDATA[2021-11-02 20:11:09,233 [Time-limited test] INFO  retry.RetryInvocationHandler (RetryInvocationHandler.java:log(411)) - com.google.protobuf.ServiceException: org.apache.hadoop.ipc.RemoteException(org.apache.hadoop.ozone.om.exceptions.OMNotLeaderException): OM:omNode-2 is not the leader. Could not determine the leader node.
	at org.apache.hadoop.ozone.om.ratis.utils.OzoneManagerRatisUtils.createNotLeaderException(OzoneManagerRatisUtils.java:465)
	at org.apache.hadoop.ozone.om.ratis.utils.OzoneManagerRatisUtils.checkLeaderStatus(OzoneManagerRatisUtils.java:451)
	at org.apache.hadoop.ozone.protocolPB.OzoneManagerProtocolServerSideTranslatorPB.checkLeaderStatus(OzoneManagerProtocolServerSideTranslatorPB.java:279)
	at org.apache.hadoop.ozone.protocolPB.OzoneManagerProtocolServerSideTranslatorPB.processRequest(OzoneManagerProtocolServerSideTranslatorPB.java:158)
	at org.apache.hadoop.hdds.server.OzoneProtocolMessageDispatcher.processRequest(OzoneProtocolMessageDispatcher.java:87)
	at org.apache.hadoop.ozone.protocolPB.OzoneManagerProtocolServerSideTranslatorPB.submitRequest(OzoneManagerProtocolServerSideTranslatorPB.java:124)
	at org.apache.hadoop.ozone.protocol.proto.OzoneManagerProtocolProtos$OzoneManagerService$2.callBlockingMethod(OzoneManagerProtocolProtos.java)
	at org.apache.hadoop.ipc.ProtobufRpcEngine$Server.processCall(ProtobufRpcEngine.java:466)
	at org.apache.hadoop.ipc.ProtobufRpcEngine2$Server$ProtoBufRpcInvoker.call(ProtobufRpcEngine2.java:574)
	at org.apache.hadoop.ipc.ProtobufRpcEngine2$Server$ProtoBufRpcInvoker.call(ProtobufRpcEngine2.java:552)
	at org.apache.hadoop.ipc.RPC$Server.call(RPC.java:1093)
	at org.apache.hadoop.ipc.Server$RpcCall.run(Server.java:1035)
	at org.apache.hadoop.ipc.Server$RpcCall.run(Server.java:963)
	at java.security.AccessController.doPrivileged(Native Method)
	at javax.security.auth.Subject.doAs(Subject.java:422)
	at org.apache.hadoop.security.UserGroupInformation.doAs(UserGroupInformation.java:1878)
	at org.apache.hadoop.ipc.Server$Handler.run(Server.java:2966)
, while invoking $Proxy52.submitRequest over nodeId=omNode-2,nodeAddress=127.0.0.1:10614. Trying to failover immediately.
2021-11-02 20:11:09,237 [Time-limited test] INFO  retry.RetryInvocationHandler (RetryInvocationHandler.java:log(411)) - com.google.protobuf.ServiceException: org.apache.hadoop.ipc.RemoteException(org.apache.hadoop.ozone.om.exceptions.OMNotLeaderException): OM:omNode-3 is not the leader. Could not determine the leader node.
	at org.apache.hadoop.ozone.om.ratis.utils.OzoneManagerRatisUtils.createNotLeaderException(OzoneManagerRatisUtils.java:465)
	at org.apache.hadoop.ozone.om.ratis.utils.OzoneManagerRatisUtils.checkLeaderStatus(OzoneManagerRatisUtils.java:451)
	at org.apache.hadoop.ozone.protocolPB.OzoneManagerProtocolServerSideTranslatorPB.checkLeaderStatus(OzoneManagerProtocolServerSideTranslatorPB.java:279)
	at org.apache.hadoop.ozone.protocolPB.OzoneManagerProtocolServerSideTranslatorPB.processRequest(OzoneManagerProtocolServerSideTranslatorPB.java:158)
	at org.apache.hadoop.hdds.server.OzoneProtocolMessageDispatcher.processRequest(OzoneProtocolMessageDispatcher.java:87)
	at org.apache.hadoop.ozone.protocolPB.OzoneManagerProtocolServerSideTranslatorPB.submitRequest(OzoneManagerProtocolServerSideTranslatorPB.java:124)
	at org.apache.hadoop.ozone.protocol.proto.OzoneManagerProtocolProtos$OzoneManagerService$2.callBlockingMethod(OzoneManagerProtocolProtos.java)
	at org.apache.hadoop.ipc.ProtobufRpcEngine$Server.processCall(ProtobufRpcEngine.java:466)
	at org.apache.hadoop.ipc.ProtobufRpcEngine2$Server$ProtoBufRpcInvoker.call(ProtobufRpcEngine2.java:574)
	at org.apache.hadoop.ipc.ProtobufRpcEngine2$Server$ProtoBufRpcInvoker.call(ProtobufRpcEngine2.java:552)
	at org.apache.hadoop.ipc.RPC$Server.call(RPC.java:1093)
	at org.apache.hadoop.ipc.Server$RpcCall.run(Server.java:1035)
	at org.apache.hadoop.ipc.Server$RpcCall.run(Server.java:963)
	at java.security.AccessController.doPrivileged(Native Method)
	at javax.security.auth.Subject.doAs(Subject.java:422)
	at org.apache.hadoop.security.UserGroupInformation.doAs(UserGroupInformation.java:1878)
	at org.apache.hadoop.ipc.Server$Handler.run(Server.java:2966)
, while invoking $Proxy52.submitRequest over nodeId=omNode-3,nodeAddress=127.0.0.1:10620 after 1 failover attempts. Trying to failover after sleeping for 2000ms.
2021-11-02 20:11:09,942 [omNode-3@group-523986131536-FollowerState] INFO  impl.FollowerState (FollowerState.java:run(134)) - omNode-3@group-523986131536-FollowerState: change to CANDIDATE, lastRpcElapsedTime:1043517487ns, electionTimeout:1043ms
2021-11-02 20:11:09,942 [omNode-3@group-523986131536-FollowerState] INFO  impl.RoleInfo (RoleInfo.java:shutdownFollowerState(108)) - omNode-3: shutdown omNode-3@group-523986131536-FollowerState
2021-11-02 20:11:09,942 [omNode-3@group-523986131536-FollowerState] INFO  server.RaftServer$Division (RaftServerImpl.java:setRole(290)) - omNode-3@group-523986131536: changes role from  FOLLOWER to CANDIDATE at term 4 for changeToCandidate
2021-11-02 20:11:09,943 [omNode-3@group-523986131536-FollowerState] INFO  server.RaftServerConfigKeys (ConfUtils.java:logGet(44)) - raft.server.leaderelection.pre-vote = false (custom)
2021-11-02 20:11:09,943 [omNode-3@group-523986131536-FollowerState] INFO  impl.RoleInfo (RoleInfo.java:updateAndGet(130)) - omNode-3: start omNode-3@group-523986131536-LeaderElection21
2021-11-02 20:11:09,947 [omNode-3@group-523986131536-LeaderElection21] INFO  impl.LeaderElection (LeaderElection.java:askForVotes(306)) - omNode-3@group-523986131536-LeaderElection21 ELECTION round 0: submit vote requests at term 5 for 13: [omNode-3|rpc:localhost:10624|admin:|client:|dataStream:|priority:0, omNode-1|rpc:localhost:10612|admin:|client:|dataStream:|priority:0, omNode-2|rpc:localhost:10618|admin:|client:|dataStream:|priority:0], old=null
2021-11-02 20:11:09,960 [grpc-default-executor-6] INFO  server.RaftServer$Division (RaftServerImpl.java:requestVote(1046)) - omNode-1@group-523986131536: receive requestVote(ELECTION, omNode-3, group-523986131536, 5, (t:4, i:16))
2021-11-02 20:11:09,960 [grpc-default-executor-6] INFO  impl.VoteContext (VoteContext.java:log(48)) - omNode-1@group-523986131536-FOLLOWER: accept ELECTION from omNode-3: our last entry (t:2, i:10) < candidate's last entry (t:4, i:16)
2021-11-02 20:11:09,960 [grpc-default-executor-6] INFO  server.RaftServer$Division (RaftServerImpl.java:setRole(290)) - omNode-1@group-523986131536: changes role from  FOLLOWER to FOLLOWER at term 5 for candidate:omNode-3
2021-11-02 20:11:09,961 [grpc-default-executor-6] INFO  impl.RoleInfo (RoleInfo.java:shutdownFollowerState(108)) - omNode-1: shutdown omNode-1@group-523986131536-FollowerState
2021-11-02 20:11:09,961 [grpc-default-executor-6] INFO  impl.RoleInfo (RoleInfo.java:updateAndGet(130)) - omNode-1: start omNode-1@group-523986131536-FollowerState
2021-11-02 20:11:09,962 [omNode-1@group-523986131536-FollowerState] INFO  impl.FollowerState (FollowerState.java:run(143)) - omNode-1@group-523986131536-FollowerState was interrupted: {}
java.lang.InterruptedException: sleep interrupted
	at java.lang.Thread.sleep(Native Method)
	at java.lang.Thread.sleep(Thread.java:340)
	at java.util.concurrent.TimeUnit.sleep(TimeUnit.java:386)
	at org.apache.ratis.util.TimeDuration.sleep(TimeDuration.java:324)
	at org.apache.ratis.util.TimeDuration.sleep(TimeDuration.java:309)
	at org.apache.ratis.server.impl.FollowerState.run(FollowerState.java:118)
2021-11-02 20:11:09,964 [grpc-default-executor-3] INFO  server.RaftServer$Division (RaftServerImpl.java:requestVote(1046)) - omNode-2@group-523986131536: receive requestVote(ELECTION, omNode-3, group-523986131536, 5, (t:4, i:16))
2021-11-02 20:11:09,964 [grpc-default-executor-3] INFO  impl.VoteContext (VoteContext.java:log(48)) - omNode-2@group-523986131536-FOLLOWER: accept ELECTION from omNode-3: our priority 0 <= candidate's priority 0
2021-11-02 20:11:09,964 [grpc-default-executor-3] INFO  server.RaftServer$Division (RaftServerImpl.java:setRole(290)) - omNode-2@group-523986131536: changes role from  FOLLOWER to FOLLOWER at term 5 for candidate:omNode-3
2021-11-02 20:11:09,964 [grpc-default-executor-3] INFO  impl.RoleInfo (RoleInfo.java:shutdownFollowerState(108)) - omNode-2: shutdown omNode-2@group-523986131536-FollowerState
2021-11-02 20:11:09,964 [grpc-default-executor-3] INFO  impl.RoleInfo (RoleInfo.java:updateAndGet(130)) - omNode-2: start omNode-2@group-523986131536-FollowerState
2021-11-02 20:11:09,964 [omNode-2@group-523986131536-FollowerState] INFO  impl.FollowerState (FollowerState.java:run(143)) - omNode-2@group-523986131536-FollowerState was interrupted: {}
java.lang.InterruptedException: sleep interrupted
	at java.lang.Thread.sleep(Native Method)
	at java.lang.Thread.sleep(Thread.java:340)
	at java.util.concurrent.TimeUnit.sleep(TimeUnit.java:386)
	at org.apache.ratis.util.TimeDuration.sleep(TimeDuration.java:324)
	at org.apache.ratis.util.TimeDuration.sleep(TimeDuration.java:309)
	at org.apache.ratis.server.impl.FollowerState.run(FollowerState.java:118)
2021-11-02 20:11:09,967 [grpc-default-executor-6] INFO  server.RaftServer$Division (RaftServerImpl.java:requestVote(1078)) - omNode-1@group-523986131536 replies to ELECTION vote request: omNode-3<-omNode-1#0:OK-t5. Peer's state: omNode-1@group-523986131536:t5, leader=null, voted=omNode-3, raftlog=omNode-1@group-523986131536-SegmentedRaftLog:OPENED:c10, conf=13: [omNode-3|rpc:localhost:10624|admin:|client:|dataStream:|priority:0, omNode-1|rpc:localhost:10612|admin:|client:|dataStream:|priority:0, omNode-2|rpc:localhost:10618|admin:|client:|dataStream:|priority:0], old=null
2021-11-02 20:11:09,969 [omNode-3@group-523986131536-LeaderElection21] INFO  impl.LeaderElection (LeaderElection.java:logAndReturn(89)) - omNode-3@group-523986131536-LeaderElection21: ELECTION PASSED received 1 response(s) and 0 exception(s):
2021-11-02 20:11:09,969 [omNode-3@group-523986131536-LeaderElection21] INFO  impl.LeaderElection (LeaderElection.java:logAndReturn(93)) -   Response 0: omNode-3<-omNode-1#0:OK-t5
2021-11-02 20:11:09,969 [omNode-3@group-523986131536-LeaderElection21] INFO  impl.LeaderElection (LeaderElection.java:askForVotes(308)) - omNode-3@group-523986131536-LeaderElection21 ELECTION round 0: result PASSED
2021-11-02 20:11:09,969 [grpc-default-executor-3] INFO  server.RaftServer$Division (RaftServerImpl.java:requestVote(1078)) - omNode-2@group-523986131536 replies to ELECTION vote request: omNode-3<-omNode-2#0:OK-t5. Peer's state: omNode-2@group-523986131536:t5, leader=null, voted=omNode-3, raftlog=omNode-2@group-523986131536-SegmentedRaftLog:OPENED:c16, conf=13: [omNode-3|rpc:localhost:10624|admin:|client:|dataStream:|priority:0, omNode-1|rpc:localhost:10612|admin:|client:|dataStream:|priority:0, omNode-2|rpc:localhost:10618|admin:|client:|dataStream:|priority:0], old=null
2021-11-02 20:11:09,969 [omNode-3@group-523986131536-LeaderElection21] INFO  impl.RoleInfo (RoleInfo.java:shutdownLeaderElection(121)) - omNode-3: shutdown omNode-3@group-523986131536-LeaderElection21
2021-11-02 20:11:09,970 [omNode-3@group-523986131536-LeaderElection21] INFO  server.RaftServer$Division (RaftServerImpl.java:setRole(290)) - omNode-3@group-523986131536: changes role from CANDIDATE to LEADER at term 5 for changeToLeader
2021-11-02 20:11:09,970 [omNode-3@group-523986131536-LeaderElection21] INFO  server.RaftServer$Division (ServerState.java:setLeader(285)) - omNode-3@group-523986131536: change Leader from null to omNode-3 at term 5 for becomeLeader, leader elected after 1078ms
2021-11-02 20:11:09,970 [omNode-3@group-523986131536-LeaderElection21] INFO  server.RaftServerConfigKeys (ConfUtils.java:logGet(44)) - raft.server.staging.catchup.gap = 1000 (default)
2021-11-02 20:11:09,970 [omNode-3@group-523986131536-LeaderElection21] INFO  server.RaftServerConfigKeys (ConfUtils.java:logGet(44)) - raft.server.write.element-limit = 4096 (default)
2021-11-02 20:11:09,970 [omNode-3@group-523986131536-LeaderElection21] INFO  server.RaftServerConfigKeys (ConfUtils.java:logGet(44)) - raft.server.write.byte-limit = 64MB (=67108864) (default)
2021-11-02 20:11:09,970 [omNode-3@group-523986131536-LeaderElection21] INFO  server.RaftServerConfigKeys (ConfUtils.java:logGet(44)) - raft.server.watch.timeout = 10s (default)
2021-11-02 20:11:09,970 [omNode-3@group-523986131536-LeaderElection21] INFO  server.RaftServerConfigKeys (ConfUtils.java:logGet(44)) - raft.server.watch.timeout.denomination = 1s (default)
2021-11-02 20:11:09,970 [omNode-3@group-523986131536-LeaderElection21] INFO  server.RaftServerConfigKeys (ConfUtils.java:logGet(44)) - raft.server.watch.element-limit = 65536 (default)
2021-11-02 20:11:09,970 [omNode-3@group-523986131536-LeaderElection21] INFO  server.RaftServerConfigKeys (ConfUtils.java:logGet(44)) - raft.server.write.element-limit = 4096 (default)
2021-11-02 20:11:09,971 [omNode-3@group-523986131536-LeaderElection21] INFO  server.RaftServerConfigKeys (ConfUtils.java:logGet(44)) - raft.server.write.follower.gap.ratio.max = -1.0 (default)
2021-11-02 20:11:09,971 [omNode-3@group-523986131536-LeaderElection21] INFO  server.RaftServerConfigKeys (ConfUtils.java:logGet(44)) - raft.server.log.appender.snapshot.chunk.size.max = 16MB (=16777216) (default)
2021-11-02 20:11:09,971 [omNode-3@group-523986131536-LeaderElection21] INFO  server.RaftServerConfigKeys (ConfUtils.java:logGet(44)) - raft.server.log.appender.buffer.byte-limit = 33554432 (custom)
2021-11-02 20:11:09,971 [omNode-3@group-523986131536-LeaderElection21] INFO  server.RaftServerConfigKeys (ConfUtils.java:logGet(44)) - raft.server.log.appender.buffer.element-limit = 1024 (custom)
2021-11-02 20:11:09,971 [omNode-3@group-523986131536-LeaderElection21] INFO  grpc.GrpcConfigKeys (ConfUtils.java:logGet(44)) - raft.grpc.server.leader.outstanding.appends.max = 128 (default)
2021-11-02 20:11:09,971 [omNode-3@group-523986131536-LeaderElection21] INFO  server.RaftServerConfigKeys (ConfUtils.java:logGet(44)) - raft.server.rpc.request.timeout = 3000ms (default)
2021-11-02 20:11:09,971 [omNode-3@group-523986131536-LeaderElection21] INFO  server.RaftServerConfigKeys (ConfUtils.java:logGet(44)) - raft.server.log.appender.install.snapshot.enabled = false (custom)
2021-11-02 20:11:09,973 [omNode-3@group-523986131536-LeaderElection21] INFO  server.RaftServerConfigKeys (ConfUtils.java:logGet(44)) - raft.server.log.appender.snapshot.chunk.size.max = 16MB (=16777216) (default)
2021-11-02 20:11:09,973 [omNode-3@group-523986131536-LeaderElection21] INFO  server.RaftServerConfigKeys (ConfUtils.java:logGet(44)) - raft.server.log.appender.buffer.byte-limit = 33554432 (custom)
2021-11-02 20:11:09,973 [omNode-3@group-523986131536-LeaderElection21] INFO  server.RaftServerConfigKeys (ConfUtils.java:logGet(44)) - raft.server.log.appender.buffer.element-limit = 1024 (custom)
2021-11-02 20:11:09,973 [omNode-3@group-523986131536-LeaderElection21] INFO  grpc.GrpcConfigKeys (ConfUtils.java:logGet(44)) - raft.grpc.server.leader.outstanding.appends.max = 128 (default)
2021-11-02 20:11:09,973 [omNode-3@group-523986131536-LeaderElection21] INFO  server.RaftServerConfigKeys (ConfUtils.java:logGet(44)) - raft.server.rpc.request.timeout = 3000ms (default)
2021-11-02 20:11:09,973 [omNode-3@group-523986131536-LeaderElection21] INFO  server.RaftServerConfigKeys (ConfUtils.java:logGet(44)) - raft.server.log.appender.install.snapshot.enabled = false (custom)
2021-11-02 20:11:09,974 [omNode-3@group-523986131536-LeaderElection21] INFO  impl.RoleInfo (RoleInfo.java:updateAndGet(130)) - omNode-3: start omNode-3@group-523986131536-LeaderStateImpl
2021-11-02 20:11:09,975 [omNode-3@group-523986131536-LeaderElection21] INFO  segmented.SegmentedRaftLogWorker (SegmentedRaftLogWorker.java:rollLogSegment(399)) - omNode-3@group-523986131536-SegmentedRaftLogWorker: Rolling segment log-13_16 to index:16
2021-11-02 20:11:09,976 [omNode-3@group-523986131536-SegmentedRaftLogWorker] INFO  segmented.SegmentedRaftLogWorker (SegmentedRaftLogWorker.java:execute(558)) - omNode-3@group-523986131536-SegmentedRaftLogWorker: Rolled log segment from /home/runner/work/ozone/ozone/hadoop-ozone/integration-test/target/test-dir/MiniOzoneClusterImpl-76263e8f-62ab-412a-8766-4a189fbce95f/omNode-3/ratis/c9bc4cf4-3bc3-3c60-a66b-523986131536/current/log_inprogress_13 to /home/runner/work/ozone/ozone/hadoop-ozone/integration-test/target/test-dir/MiniOzoneClusterImpl-76263e8f-62ab-412a-8766-4a189fbce95f/omNode-3/ratis/c9bc4cf4-3bc3-3c60-a66b-523986131536/current/log_13-16
2021-11-02 20:11:09,978 [grpc-default-executor-6] INFO  server.RaftServer$Division (ServerState.java:setLeader(285)) - omNode-1@group-523986131536: change Leader from null to omNode-3 at term 5 for appendEntries, leader elected after 944ms
2021-11-02 20:11:09,979 [grpc-default-executor-6] INFO  server.RaftServer$Division (RaftServerImpl.java:checkInconsistentAppendEntries(1322)) - omNode-1@group-523986131536: Failed appendEntries as previous log entry ((t:4, i:16)) is not found
2021-11-02 20:11:09,979 [grpc-default-executor-6] INFO  server.RaftServer$Division (RaftServerImpl.java:checkInconsistentAppendEntries(1288)) - omNode-1@group-523986131536: inconsistency entries. Reply:omNode-3<-omNode-1#0:FAIL-t5,INCONSISTENCY,nextIndex=11,followerCommit=10
2021-11-02 20:11:09,979 [grpc-default-executor-6] INFO  leader.FollowerInfo (FollowerInfoImpl.java:lambda$new$0(47)) - omNode-3@group-523986131536->omNode-1: nextIndex: updateUnconditionally 17 -> 11
2021-11-02 20:11:09,980 [omNode-3@group-523986131536->omNode-1-GrpcLogAppender-LogAppenderDaemon] ERROR leader.LogAppenderDaemon (LogAppenderDaemon.java:run(86)) - omNode-3@group-523986131536->omNode-1-GrpcLogAppender-LogAppenderDaemon failed
java.lang.NullPointerException: omNode-3@group-523986131536->omNode-1: Previous TermIndex not found for firstIndex = 11
	at java.util.Objects.requireNonNull(Objects.java:290)
	at org.apache.ratis.server.leader.LogAppenderBase.assertProtos(LogAppenderBase.java:169)
	at org.apache.ratis.server.leader.LogAppenderBase.newAppendEntriesRequest(LogAppenderBase.java:154)
	at org.apache.ratis.grpc.server.GrpcLogAppender.appendLog(GrpcLogAppender.java:213)
	at org.apache.ratis.grpc.server.GrpcLogAppender.run(GrpcLogAppender.java:147)
	at org.apache.ratis.server.leader.LogAppenderDaemon.run(LogAppenderDaemon.java:77)
	at java.lang.Thread.run(Thread.java:748)
2021-11-02 20:11:09,980 [omNode-3@group-523986131536->omNode-1-GrpcLogAppender-LogAppenderDaemon] INFO  server.RaftServer$Division (LeaderStateImpl.java:restart(514)) - omNode-3@group-523986131536-LeaderStateImpl: Restarting GrpcLogAppender for omNode-3@group-523986131536->omNode-1
2021-11-02 20:11:09,980 [omNode-3@group-523986131536->omNode-1-GrpcLogAppender-LogAppenderDaemon] INFO  server.RaftServerConfigKeys (ConfUtils.java:logGet(44)) - raft.server.log.appender.snapshot.chunk.size.max = 16MB (=16777216) (default)
2021-11-02 20:11:09,980 [omNode-3@group-523986131536->omNode-1-GrpcLogAppender-LogAppenderDaemon] INFO  server.RaftServerConfigKeys (ConfUtils.java:logGet(44)) - raft.server.log.appender.buffer.byte-limit = 33554432 (custom)
2021-11-02 20:11:09,980 [omNode-3@group-523986131536->omNode-1-GrpcLogAppender-LogAppenderDaemon] INFO  server.RaftServerConfigKeys (ConfUtils.java:logGet(44)) - raft.server.log.appender.buffer.element-limit = 1024 (custom)
2021-11-02 20:11:09,990 [omNode-3@group-523986131536-LeaderElection21] INFO  server.RaftServer$Division (ServerState.java:setRaftConf(387)) - omNode-3@group-523986131536: set configuration 17: [omNode-3|rpc:localhost:10624|admin:|client:|dataStream:|priority:0, omNode-1|rpc:localhost:10612|admin:|client:|dataStream:|priority:0, omNode-2|rpc:localhost:10618|admin:|client:|dataStream:|priority:0], old=null
2021-11-02 20:11:09,990 [omNode-3@group-523986131536-SegmentedRaftLogWorker] INFO  segmented.SegmentedRaftLogWorker (SegmentedRaftLogWorker.java:execute(601)) - omNode-3@group-523986131536-SegmentedRaftLogWorker: created new log segment /home/runner/work/ozone/ozone/hadoop-ozone/integration-test/target/test-dir/MiniOzoneClusterImpl-76263e8f-62ab-412a-8766-4a189fbce95f/omNode-3/ratis/c9bc4cf4-3bc3-3c60-a66b-523986131536/current/log_inprogress_17
2021-11-02 20:11:09,991 [omNode-3@group-523986131536->omNode-1-GrpcLogAppender-LogAppenderDaemon] INFO  grpc.GrpcConfigKeys (ConfUtils.java:logGet(44)) - raft.grpc.server.leader.outstanding.appends.max = 128 (default)
2021-11-02 20:11:09,993 [grpc-default-executor-3] INFO  server.RaftServer$Division (ServerState.java:setLeader(285)) - omNode-2@group-523986131536: change Leader from null to omNode-3 at term 5 for appendEntries, leader elected after 810ms
2021-11-02 20:11:09,993 [omNode-3@group-523986131536->omNode-1-GrpcLogAppender-LogAppenderDaemon] INFO  server.RaftServerConfigKeys (ConfUtils.java:logGet(44)) - raft.server.rpc.request.timeout = 3000ms (default)
2021-11-02 20:11:09,993 [omNode-3@group-523986131536->omNode-1-GrpcLogAppender-LogAppenderDaemon] INFO  server.RaftServerConfigKeys (ConfUtils.java:logGet(44)) - raft.server.log.appender.install.snapshot.enabled = false (custom)
2021-11-02 20:11:10,000 [omNode-3@group-523986131536->omNode-1-GrpcLogAppender-LogAppenderDaemon] INFO  server.GrpcLogAppender (GrpcLogAppender.java:installSnapshot(550)) - omNode-3@group-523986131536->omNode-1-GrpcLogAppender: followerNextIndex = 0 but logStartIndex = 11, notify follower to install snapshot-(t:3, i:11)
2021-11-02 20:11:10,000 [grpc-default-executor-3] INFO  server.RaftServer$Division (ServerState.java:setRaftConf(387)) - omNode-2@group-523986131536: set configuration 17: [omNode-3|rpc:localhost:10624|admin:|client:|dataStream:|priority:0, omNode-1|rpc:localhost:10612|admin:|client:|dataStream:|priority:0, omNode-2|rpc:localhost:10618|admin:|client:|dataStream:|priority:0], old=null
2021-11-02 20:11:10,001 [grpc-default-executor-3] INFO  segmented.SegmentedRaftLogWorker (SegmentedRaftLogWorker.java:rollLogSegment(399)) - omNode-2@group-523986131536-SegmentedRaftLogWorker: Rolling segment log-13_16 to index:16
2021-11-02 20:11:10,008 [omNode-2@group-523986131536-SegmentedRaftLogWorker] INFO  segmented.SegmentedRaftLogWorker (SegmentedRaftLogWorker.java:execute(558)) - omNode-2@group-523986131536-SegmentedRaftLogWorker: Rolled log segment from /home/runner/work/ozone/ozone/hadoop-ozone/integration-test/target/test-dir/MiniOzoneClusterImpl-76263e8f-62ab-412a-8766-4a189fbce95f/omNode-2/ratis/c9bc4cf4-3bc3-3c60-a66b-523986131536/current/log_inprogress_13 to /home/runner/work/ozone/ozone/hadoop-ozone/integration-test/target/test-dir/MiniOzoneClusterImpl-76263e8f-62ab-412a-8766-4a189fbce95f/omNode-2/ratis/c9bc4cf4-3bc3-3c60-a66b-523986131536/current/log_13-16
2021-11-02 20:11:10,011 [omNode-3@group-523986131536->omNode-1-GrpcLogAppender-LogAppenderDaemon] INFO  server.GrpcLogAppender (GrpcLogAppender.java:installSnapshot(558)) - omNode-3@group-523986131536->omNode-1-GrpcLogAppender: send omNode-3->omNode-1#0-t5,notify:(t:3, i:11)
2021-11-02 20:11:10,014 [grpc-default-executor-6] INFO  server.RaftServer$Division (RaftServerImpl.java:installSnapshot(1332)) - omNode-1@group-523986131536: receive installSnapshot: omNode-3->omNode-1#0-t5,notify:(t:3, i:11)
2021-11-02 20:11:10,014 [grpc-default-executor-6] INFO  server.RaftServer$Division (RaftServerImpl.java:notifyStateMachineToInstallSnapshot(1551)) - omNode-1@group-523986131536: Received notification to install snapshot at index 11
2021-11-02 20:11:10,014 [grpc-default-executor-6] INFO  server.RaftServer$Division (RaftServerImpl.java:notifyStateMachineToInstallSnapshot(1559)) - omNode-1@group-523986131536: InstallSnapshot notification result: ALREADY_INSTALLED, current snapshot index: 10
2021-11-02 20:11:10,014 [grpc-default-executor-6] INFO  server.RaftServer$Division (RaftServerImpl.java:installSnapshotImpl(1462)) - omNode-1@group-523986131536: set new configuration index: 17
configurationEntry {
  peers {
    id: "omNode-3"
    address: "localhost:10624"
  }
  peers {
    id: "omNode-1"
    address: "localhost:10612"
  }
  peers {
    id: "omNode-2"
    address: "localhost:10618"
  }
}
 from snapshot
2021-11-02 20:11:10,015 [omNode-2@group-523986131536-SegmentedRaftLogWorker] INFO  segmented.SegmentedRaftLogWorker (SegmentedRaftLogWorker.java:execute(601)) - omNode-2@group-523986131536-SegmentedRaftLogWorker: created new log segment /home/runner/work/ozone/ozone/hadoop-ozone/integration-test/target/test-dir/MiniOzoneClusterImpl-76263e8f-62ab-412a-8766-4a189fbce95f/omNode-2/ratis/c9bc4cf4-3bc3-3c60-a66b-523986131536/current/log_inprogress_17
2021-11-02 20:11:10,016 [grpc-default-executor-6] INFO  server.RaftServer$Division (ServerState.java:setRaftConf(387)) - omNode-1@group-523986131536: set configuration 17: [omNode-3|rpc:localhost:10624|admin:|client:|dataStream:|priority:0, omNode-1|rpc:localhost:10612|admin:|client:|dataStream:|priority:0, omNode-2|rpc:localhost:10618|admin:|client:|dataStream:|priority:0], old=null
2021-11-02 20:11:10,016 [grpc-default-executor-6] INFO  ratis.OzoneManagerStateMachine (OzoneManagerStateMachine.java:notifyConfigurationChanged(188)) - Received Configuration change notification from Ratis. New Peer list:
[id: "omNode-3"
address: "localhost:10624"
, id: "omNode-1"
address: "localhost:10612"
, id: "omNode-2"
address: "localhost:10618"
]
2021-11-02 20:11:10,017 [grpc-default-executor-6] INFO  server.RaftServer$Division (RaftServerImpl.java:installSnapshot(1343)) - omNode-1@group-523986131536: reply installSnapshot: omNode-3<-omNode-1#0:FAIL-t5,ALREADY_INSTALLED,snapshotIndex=10
2021-11-02 20:11:10,017 [grpc-default-executor-6] INFO  server.GrpcServerProtocolService (GrpcServerProtocolService.java:onCompleted(140)) - omNode-1: Completed INSTALL_SNAPSHOT, lastRequest: omNode-3->omNode-1#0-t5,notify:(t:3, i:11)
2021-11-02 20:11:10,017 [grpc-default-executor-3] INFO  server.GrpcLogAppender (GrpcLogAppender.java:onNext(410)) - omNode-3@group-523986131536->omNode-1-InstallSnapshotResponseHandler: received the first reply omNode-3<-omNode-1#0:FAIL-t5,ALREADY_INSTALLED,snapshotIndex=10
2021-11-02 20:11:10,017 [grpc-default-executor-3] INFO  server.GrpcLogAppender (GrpcLogAppender.java:onNext(433)) - omNode-3@group-523986131536->omNode-1-InstallSnapshotResponseHandler: Follower snapshot is already at index 10.
2021-11-02 20:11:10,017 [grpc-default-executor-3] INFO  leader.FollowerInfo (FollowerInfoImpl.java:lambda$new$0(47)) - omNode-3@group-523986131536->omNode-1: snapshotIndex: setUnconditionally 0 -> 10
2021-11-02 20:11:10,018 [grpc-default-executor-3] INFO  leader.FollowerInfo (FollowerInfoImpl.java:lambda$new$0(47)) - omNode-3@group-523986131536->omNode-1: matchIndex: setUnconditionally 0 -> 10
2021-11-02 20:11:10,018 [grpc-default-executor-3] INFO  leader.FollowerInfo (FollowerInfoImpl.java:lambda$new$0(47)) - omNode-3@group-523986131536->omNode-1: nextIndex: setUnconditionally 0 -> 11
2021-11-02 20:11:10,018 [grpc-default-executor-3] INFO  leader.FollowerInfo (FollowerInfoImpl.java:setAttemptedToInstallSnapshot(116)) - Follower omNode-3@group-523986131536->omNode-1 acknowledged installing snapshot
2021-11-02 20:11:10,018 [grpc-default-executor-3] INFO  leader.FollowerInfo (FollowerInfoImpl.java:lambda$new$0(47)) - omNode-3@group-523986131536->omNode-1: nextIndex: updateToMax old=11, new=11, updated? false
2021-11-02 20:11:10,018 [omNode-3@group-523986131536-StateMachineUpdater] INFO  ratis.OzoneManagerStateMachine (OzoneManagerStateMachine.java:notifyConfigurationChanged(188)) - Received Configuration change notification from Ratis. New Peer list:
[id: "omNode-3"
address: "localhost:10624"
, id: "omNode-1"
address: "localhost:10612"
, id: "omNode-2"
address: "localhost:10618"
]
2021-11-02 20:11:10,022 [omNode-2@group-523986131536-StateMachineUpdater] INFO  ratis.OzoneManagerStateMachine (OzoneManagerStateMachine.java:notifyConfigurationChanged(188)) - Received Configuration change notification from Ratis. New Peer list:
[id: "omNode-3"
address: "localhost:10624"
, id: "omNode-1"
address: "localhost:10612"
, id: "omNode-2"
address: "localhost:10618"
]
2021-11-02 20:11:10,526 [grpc-default-executor-3] INFO  server.RaftServer$Division (RaftServerImpl.java:checkInconsistentAppendEntries(1322)) - omNode-1@group-523986131536: Failed appendEntries as previous log entry ((t:5, i:18)) is not found
2021-11-02 20:11:10,526 [grpc-default-executor-3] INFO  server.RaftServer$Division (RaftServerImpl.java:checkInconsistentAppendEntries(1288)) - omNode-1@group-523986131536: inconsistency entries. Reply:omNode-3<-omNode-1#53:FAIL-t5,INCONSISTENCY,nextIndex=11,followerCommit=10
2021-11-02 20:11:10,527 [grpc-default-executor-3] INFO  leader.FollowerInfo (FollowerInfoImpl.java:lambda$new$0(47)) - omNode-3@group-523986131536->omNode-1: nextIndex: updateUnconditionally 19 -> 11
2021-11-02 20:11:11,028 [grpc-default-executor-3] INFO  server.RaftServer$Division (RaftServerImpl.java:checkInconsistentAppendEntries(1322)) - omNode-1@group-523986131536: Failed appendEntries as previous log entry ((t:5, i:18)) is not found
2021-11-02 20:11:11,029 [grpc-default-executor-3] INFO  server.RaftServer$Division (RaftServerImpl.java:checkInconsistentAppendEntries(1288)) - omNode-1@group-523986131536: inconsistency entries. Reply:omNode-3<-omNode-1#104:FAIL-t5,INCONSISTENCY,nextIndex=11,followerCommit=10
2021-11-02 20:11:11,029 [grpc-default-executor-3] INFO  leader.FollowerInfo (FollowerInfoImpl.java:lambda$new$0(47)) - omNode-3@group-523986131536->omNode-1: nextIndex: updateUnconditionally 19 -> 11
2021-11-02 20:11:11,246 [Time-limited test] INFO  retry.RetryInvocationHandler (RetryInvocationHandler.java:log(411)) - com.google.protobuf.ServiceException: org.apache.hadoop.ipc.RemoteException(org.apache.hadoop.ozone.om.exceptions.OMNotLeaderException): OM:omNode-1 is not the leader. Could not determine the leader node.
	at org.apache.hadoop.ozone.om.ratis.utils.OzoneManagerRatisUtils.createNotLeaderException(OzoneManagerRatisUtils.java:465)
	at org.apache.hadoop.ozone.om.ratis.utils.OzoneManagerRatisUtils.checkLeaderStatus(OzoneManagerRatisUtils.java:451)
	at org.apache.hadoop.ozone.protocolPB.OzoneManagerProtocolServerSideTranslatorPB.checkLeaderStatus(OzoneManagerProtocolServerSideTranslatorPB.java:279)
	at org.apache.hadoop.ozone.protocolPB.OzoneManagerProtocolServerSideTranslatorPB.processRequest(OzoneManagerProtocolServerSideTranslatorPB.java:158)
	at org.apache.hadoop.hdds.server.OzoneProtocolMessageDispatcher.processRequest(OzoneProtocolMessageDispatcher.java:87)
	at org.apache.hadoop.ozone.protocolPB.OzoneManagerProtocolServerSideTranslatorPB.submitRequest(OzoneManagerProtocolServerSideTranslatorPB.java:124)
	at org.apache.hadoop.ozone.protocol.proto.OzoneManagerProtocolProtos$OzoneManagerService$2.callBlockingMethod(OzoneManagerProtocolProtos.java)
	at org.apache.hadoop.ipc.ProtobufRpcEngine$Server.processCall(ProtobufRpcEngine.java:466)
	at org.apache.hadoop.ipc.ProtobufRpcEngine2$Server$ProtoBufRpcInvoker.call(ProtobufRpcEngine2.java:574)
	at org.apache.hadoop.ipc.ProtobufRpcEngine2$Server$ProtoBufRpcInvoker.call(ProtobufRpcEngine2.java:552)
	at org.apache.hadoop.ipc.RPC$Server.call(RPC.java:1093)
	at org.apache.hadoop.ipc.Server$RpcCall.run(Server.java:1035)
	at org.apache.hadoop.ipc.Server$RpcCall.run(Server.java:963)
	at java.security.AccessController.doPrivileged(Native Method)
	at javax.security.auth.Subject.doAs(Subject.java:422)
	at org.apache.hadoop.security.UserGroupInformation.doAs(UserGroupInformation.java:1878)
	at org.apache.hadoop.ipc.Server$Handler.run(Server.java:2966)
, while invoking $Proxy52.submitRequest over nodeId=omNode-1,nodeAddress=127.0.0.1:10608 after 2 failover attempts. Trying to failover immediately.
2021-11-02 20:11:11,249 [Time-limited test] INFO  retry.RetryInvocationHandler (RetryInvocationHandler.java:log(411)) - com.google.protobuf.ServiceException: org.apache.hadoop.ipc.RemoteException(org.apache.hadoop.ozone.om.exceptions.OMNotLeaderException): OM:omNode-2 is not the leader. Could not determine the leader node.
	at org.apache.hadoop.ozone.om.ratis.utils.OzoneManagerRatisUtils.createNotLeaderException(OzoneManagerRatisUtils.java:465)
	at org.apache.hadoop.ozone.om.ratis.utils.OzoneManagerRatisUtils.checkLeaderStatus(OzoneManagerRatisUtils.java:451)
	at org.apache.hadoop.ozone.protocolPB.OzoneManagerProtocolServerSideTranslatorPB.checkLeaderStatus(OzoneManagerProtocolServerSideTranslatorPB.java:279)
	at org.apache.hadoop.ozone.protocolPB.OzoneManagerProtocolServerSideTranslatorPB.processRequest(OzoneManagerProtocolServerSideTranslatorPB.java:158)
	at org.apache.hadoop.hdds.server.OzoneProtocolMessageDispatcher.processRequest(OzoneProtocolMessageDispatcher.java:87)
	at org.apache.hadoop.ozone.protocolPB.OzoneManagerProtocolServerSideTranslatorPB.submitRequest(OzoneManagerProtocolServerSideTranslatorPB.java:124)
	at org.apache.hadoop.ozone.protocol.proto.OzoneManagerProtocolProtos$OzoneManagerService$2.callBlockingMethod(OzoneManagerProtocolProtos.java)
	at org.apache.hadoop.ipc.ProtobufRpcEngine$Server.processCall(ProtobufRpcEngine.java:466)
	at org.apache.hadoop.ipc.ProtobufRpcEngine2$Server$ProtoBufRpcInvoker.call(ProtobufRpcEngine2.java:574)
	at org.apache.hadoop.ipc.ProtobufRpcEngine2$Server$ProtoBufRpcInvoker.call(ProtobufRpcEngine2.java:552)
	at org.apache.hadoop.ipc.RPC$Server.call(RPC.java:1093)
	at org.apache.hadoop.ipc.Server$RpcCall.run(Server.java:1035)
	at org.apache.hadoop.ipc.Server$RpcCall.run(Server.java:963)
	at java.security.AccessController.doPrivileged(Native Method)
	at javax.security.auth.Subject.doAs(Subject.java:422)
	at org.apache.hadoop.security.UserGroupInformation.doAs(UserGroupInformation.java:1878)
	at org.apache.hadoop.ipc.Server$Handler.run(Server.java:2966)
, while invoking $Proxy52.submitRequest over nodeId=omNode-2,nodeAddress=127.0.0.1:10614 after 3 failover attempts. Trying to failover immediately.
2021-11-02 20:11:11,252 [grpc-default-executor-3] INFO  server.RaftServer$Division (RaftServerImpl.java:checkInconsistentAppendEntries(1322)) - omNode-1@group-523986131536: Failed appendEntries as previous log entry ((t:5, i:18)) is not found
2021-11-02 20:11:11,252 [grpc-default-executor-3] INFO  server.RaftServer$Division (RaftServerImpl.java:checkInconsistentAppendEntries(1288)) - omNode-1@group-523986131536: inconsistency entries. Reply:omNode-3<-omNode-1#127:FAIL-t5,INCONSISTENCY,nextIndex=11,followerCommit=10
2021-11-02 20:11:11,254 [grpc-default-executor-3] INFO  server.RaftServer$Division (RaftServerImpl.java:checkInconsistentAppendEntries(1322)) - omNode-1@group-523986131536: Failed appendEntries as previous log entry ((t:5, i:19)) is not found
2021-11-02 20:11:11,254 [grpc-default-executor-3] INFO  server.RaftServer$Division (RaftServerImpl.java:checkInconsistentAppendEntries(1288)) - omNode-1@group-523986131536: inconsistency entries. Reply:omNode-3<-omNode-1#128:FAIL-t5,INCONSISTENCY,nextIndex=11,followerCommit=10
2021-11-02 20:11:11,254 [OM StateMachine ApplyTransaction Thread - 0] INFO  upgrade.OMCancelPrepareRequest (OMCancelPrepareRequest.java:validateAndUpdateCache(55)) - OM omNode-3 Received cancel prepare request with log index 19
2021-11-02 20:11:11,255 [OM StateMachine ApplyTransaction Thread - 0] INFO  upgrade.OMCancelPrepareRequest (OMCancelPrepareRequest.java:validateAndUpdateCache(84)) - OM omNode-3 prepare state cancelled at log index 19. Returning response 
2021-11-02 20:11:11,265 [OM StateMachine ApplyTransaction Thread - 0] INFO  upgrade.OMCancelPrepareRequest (OMCancelPrepareRequest.java:validateAndUpdateCache(55)) - OM omNode-2 Received cancel prepare request with log index 19
2021-11-02 20:11:11,268 [OM StateMachine ApplyTransaction Thread - 0] INFO  upgrade.OMCancelPrepareRequest (OMCancelPrepareRequest.java:validateAndUpdateCache(84)) - OM omNode-2 prepare state cancelled at log index 19. Returning response 
2021-11-02 20:11:11,755 [grpc-default-executor-3] INFO  server.RaftServer$Division (RaftServerImpl.java:checkInconsistentAppendEntries(1322)) - omNode-1@group-523986131536: Failed appendEntries as previous log entry ((t:5, i:20)) is not found
2021-11-02 20:11:11,755 [grpc-default-executor-3] INFO  server.RaftServer$Division (RaftServerImpl.java:checkInconsistentAppendEntries(1288)) - omNode-1@group-523986131536: inconsistency entries. Reply:omNode-3<-omNode-1#180:FAIL-t5,INCONSISTENCY,nextIndex=11,followerCommit=10
2021-11-02 20:11:11,756 [grpc-default-executor-3] INFO  leader.FollowerInfo (FollowerInfoImpl.java:lambda$new$0(47)) - omNode-3@group-523986131536->omNode-1: nextIndex: updateUnconditionally 21 -> 11
2021-11-02 20:11:12,257 [grpc-default-executor-3] INFO  server.RaftServer$Division (RaftServerImpl.java:checkInconsistentAppendEntries(1322)) - omNode-1@group-523986131536: Failed appendEntries as previous log entry ((t:5, i:20)) is not found
2021-11-02 20:11:12,257 [grpc-default-executor-3] INFO  server.RaftServer$Division (RaftServerImpl.java:checkInconsistentAppendEntries(1288)) - omNode-1@group-523986131536: inconsistency entries. Reply:omNode-3<-omNode-1#232:FAIL-t5,INCONSISTENCY,nextIndex=11,followerCommit=10
2021-11-02 20:11:12,258 [grpc-default-executor-3] INFO  leader.FollowerInfo (FollowerInfoImpl.java:lambda$new$0(47)) - omNode-3@group-523986131536->omNode-1: nextIndex: updateUnconditionally 21 -> 11
2021-11-02 20:11:12,759 [grpc-default-executor-3] INFO  server.RaftServer$Division (RaftServerImpl.java:checkInconsistentAppendEntries(1322)) - omNode-1@group-523986131536: Failed appendEntries as previous log entry ((t:5, i:20)) is not found
2021-11-02 20:11:12,760 [grpc-default-executor-3] INFO  server.RaftServer$Division (RaftServerImpl.java:checkInconsistentAppendEntries(1288)) - omNode-1@group-523986131536: inconsistency entries. Reply:omNode-3<-omNode-1#283:FAIL-t5,INCONSISTENCY,nextIndex=11,followerCommit=10
2021-11-02 20:11:12,760 [grpc-default-executor-3] INFO  leader.FollowerInfo (FollowerInfoImpl.java:lambda$new$0(47)) - omNode-3@group-523986131536->omNode-1: nextIndex: updateUnconditionally 21 -> 11
2021-11-02 20:11:13,263 [grpc-default-executor-6] INFO  server.RaftServer$Division (RaftServerImpl.java:checkInconsistentAppendEntries(1322)) - omNode-1@group-523986131536: Failed appendEntries as previous log entry ((t:5, i:20)) is not found
2021-11-02 20:11:13,263 [grpc-default-executor-6] INFO  server.RaftServer$Division (RaftServerImpl.java:checkInconsistentAppendEntries(1288)) - omNode-1@group-523986131536: inconsistency entries. Reply:omNode-3<-omNode-1#334:FAIL-t5,INCONSISTENCY,nextIndex=11,followerCommit=10
2021-11-02 20:11:13,263 [grpc-default-executor-3] INFO  leader.FollowerInfo (FollowerInfoImpl.java:lambda$new$0(47)) - omNode-3@group-523986131536->omNode-1: nextIndex: updateUnconditionally 21 -> 11
2021-11-02 20:11:13,765 [grpc-default-executor-3] INFO  server.RaftServer$Division (RaftServerImpl.java:checkInconsistentAppendEntries(1322)) - omNode-1@group-523986131536: Failed appendEntries as previous log entry ((t:5, i:20)) is not found
2021-11-02 20:11:13,765 [grpc-default-executor-3] INFO  server.RaftServer$Division (RaftServerImpl.java:checkInconsistentAppendEntries(1288)) - omNode-1@group-523986131536: inconsistency entries. Reply:omNode-3<-omNode-1#385:FAIL-t5,INCONSISTENCY,nextIndex=11,followerCommit=10
2021-11-02 20:11:13,766 [grpc-default-executor-6] INFO  leader.FollowerInfo (FollowerInfoImpl.java:lambda$new$0(47)) - omNode-3@group-523986131536->omNode-1: nextIndex: updateUnconditionally 21 -> 11
2021-11-02 20:11:14,267 [grpc-default-executor-6] INFO  server.RaftServer$Division (RaftServerImpl.java:checkInconsistentAppendEntries(1322)) - omNode-1@group-523986131536: Failed appendEntries as previous log entry ((t:5, i:20)) is not found
2021-11-02 20:11:14,267 [grpc-default-executor-6] INFO  server.RaftServer$Division (RaftServerImpl.java:checkInconsistentAppendEntries(1288)) - omNode-1@group-523986131536: inconsistency entries. Reply:omNode-3<-omNode-1#436:FAIL-t5,INCONSISTENCY,nextIndex=11,followerCommit=10
2021-11-02 20:11:14,268 [grpc-default-executor-3] INFO  leader.FollowerInfo (FollowerInfoImpl.java:lambda$new$0(47)) - omNode-3@group-523986131536->omNode-1: nextIndex: updateUnconditionally 21 -> 11
2021-11-02 20:11:14,770 [grpc-default-executor-6] INFO  server.RaftServer$Division (RaftServerImpl.java:checkInconsistentAppendEntries(1322)) - omNode-1@group-523986131536: Failed appendEntries as previous log entry ((t:5, i:20)) is not found
2021-11-02 20:11:14,770 [grpc-default-executor-6] INFO  server.RaftServer$Division (RaftServerImpl.java:checkInconsistentAppendEntries(1288)) - omNode-1@group-523986131536: inconsistency entries. Reply:omNode-3<-omNode-1#487:FAIL-t5,INCONSISTENCY,nextIndex=11,followerCommit=10
2021-11-02 20:11:14,771 [grpc-default-executor-6] INFO  leader.FollowerInfo (FollowerInfoImpl.java:lambda$new$0(47)) - omNode-3@group-523986131536->omNode-1: nextIndex: updateUnconditionally 21 -> 11
2021-11-02 20:11:15,273 [grpc-default-executor-3] INFO  server.RaftServer$Division (RaftServerImpl.java:checkInconsistentAppendEntries(1322)) - omNode-1@group-523986131536: Failed appendEntries as previous log entry ((t:5, i:20)) is not found
2021-11-02 20:11:15,273 [grpc-default-executor-3] INFO  server.RaftServer$Division (RaftServerImpl.java:checkInconsistentAppendEntries(1288)) - omNode-1@group-523986131536: inconsistency entries. Reply:omNode-3<-omNode-1#538:FAIL-t5,INCONSISTENCY,nextIndex=11,followerCommit=10
2021-11-02 20:11:15,273 [grpc-default-executor-3] INFO  leader.FollowerInfo (FollowerInfoImpl.java:lambda$new$0(47)) - omNode-3@group-523986131536->omNode-1: nextIndex: updateUnconditionally 21 -> 11
2021-11-02 20:11:15,776 [grpc-default-executor-6] INFO  server.RaftServer$Division (RaftServerImpl.java:checkInconsistentAppendEntries(1322)) - omNode-1@group-523986131536: Failed appendEntries as previous log entry ((t:5, i:20)) is not found
2021-11-02 20:11:15,776 [grpc-default-executor-6] INFO  server.RaftServer$Division (RaftServerImpl.java:checkInconsistentAppendEntries(1288)) - omNode-1@group-523986131536: inconsistency entries. Reply:omNode-3<-omNode-1#589:FAIL-t5,INCONSISTENCY,nextIndex=11,followerCommit=10
2021-11-02 20:11:15,776 [grpc-default-executor-6] INFO  leader.FollowerInfo (FollowerInfoImpl.java:lambda$new$0(47)) - omNode-3@group-523986131536->omNode-1: nextIndex: updateUnconditionally 21 -> 11
2021-11-02 20:11:16,277 [grpc-default-executor-6] INFO  server.RaftServer$Division (RaftServerImpl.java:checkInconsistentAppendEntries(1322)) - omNode-1@group-523986131536: Failed appendEntries as previous log entry ((t:5, i:20)) is not found
2021-11-02 20:11:16,278 [grpc-default-executor-6] INFO  server.RaftServer$Division (RaftServerImpl.java:checkInconsistentAppendEntries(1288)) - omNode-1@group-523986131536: inconsistency entries. Reply:omNode-3<-omNode-1#640:FAIL-t5,INCONSISTENCY,nextIndex=11,followerCommit=10
2021-11-02 20:11:16,278 [grpc-default-executor-3] INFO  leader.FollowerInfo (FollowerInfoImpl.java:lambda$new$0(47)) - omNode-3@group-523986131536->omNode-1: nextIndex: updateUnconditionally 21 -> 11
2021-11-02 20:11:16,780 [grpc-default-executor-6] INFO  server.RaftServer$Division (RaftServerImpl.java:checkInconsistentAppendEntries(1322)) - omNode-1@group-523986131536: Failed appendEntries as previous log entry ((t:5, i:20)) is not found
2021-11-02 20:11:16,780 [grpc-default-executor-6] INFO  server.RaftServer$Division (RaftServerImpl.java:checkInconsistentAppendEntries(1288)) - omNode-1@group-523986131536: inconsistency entries. Reply:omNode-3<-omNode-1#691:FAIL-t5,INCONSISTENCY,nextIndex=11,followerCommit=10
2021-11-02 20:11:16,780 [grpc-default-executor-6] INFO  leader.FollowerInfo (FollowerInfoImpl.java:lambda$new$0(47)) - omNode-3@group-523986131536->omNode-1: nextIndex: updateUnconditionally 21 -> 11
2021-11-02 20:11:17,282 [grpc-default-executor-3] INFO  server.RaftServer$Division (RaftServerImpl.java:checkInconsistentAppendEntries(1322)) - omNode-1@group-523986131536: Failed appendEntries as previous log entry ((t:5, i:20)) is not found
2021-11-02 20:11:17,282 [grpc-default-executor-3] INFO  server.RaftServer$Division (RaftServerImpl.java:checkInconsistentAppendEntries(1288)) - omNode-1@group-523986131536: inconsistency entries. Reply:omNode-3<-omNode-1#742:FAIL-t5,INCONSISTENCY,nextIndex=11,followerCommit=10
2021-11-02 20:11:17,282 [grpc-default-executor-3] INFO  leader.FollowerInfo (FollowerInfoImpl.java:lambda$new$0(47)) - omNode-3@group-523986131536->omNode-1: nextIndex: updateUnconditionally 21 -> 11
2021-11-02 20:11:17,785 [grpc-default-executor-3] INFO  server.RaftServer$Division (RaftServerImpl.java:checkInconsistentAppendEntries(1322)) - omNode-1@group-523986131536: Failed appendEntries as previous log entry ((t:5, i:20)) is not found
2021-11-02 20:11:17,785 [grpc-default-executor-3] INFO  server.RaftServer$Division (RaftServerImpl.java:checkInconsistentAppendEntries(1288)) - omNode-1@group-523986131536: inconsistency entries. Reply:omNode-3<-omNode-1#793:FAIL-t5,INCONSISTENCY,nextIndex=11,followerCommit=10
2021-11-02 20:11:17,785 [grpc-default-executor-3] INFO  leader.FollowerInfo (FollowerInfoImpl.java:lambda$new$0(47)) - omNode-3@group-523986131536->omNode-1: nextIndex: updateUnconditionally 21 -> 11
2021-11-02 20:11:18,287 [grpc-default-executor-3] INFO  server.RaftServer$Division (RaftServerImpl.java:checkInconsistentAppendEntries(1322)) - omNode-1@group-523986131536: Failed appendEntries as previous log entry ((t:5, i:20)) is not found
2021-11-02 20:11:18,288 [grpc-default-executor-3] INFO  server.RaftServer$Division (RaftServerImpl.java:checkInconsistentAppendEntries(1288)) - omNode-1@group-523986131536: inconsistency entries. Reply:omNode-3<-omNode-1#844:FAIL-t5,INCONSISTENCY,nextIndex=11,followerCommit=10
2021-11-02 20:11:18,288 [grpc-default-executor-6] INFO  leader.FollowerInfo (FollowerInfoImpl.java:lambda$new$0(47)) - omNode-3@group-523986131536->omNode-1: nextIndex: updateUnconditionally 21 -> 11
2021-11-02 20:11:18,791 [grpc-default-executor-3] INFO  server.RaftServer$Division (RaftServerImpl.java:checkInconsistentAppendEntries(1322)) - omNode-1@group-523986131536: Failed appendEntries as previous log entry ((t:5, i:20)) is not found
2021-11-02 20:11:18,792 [grpc-default-executor-3] INFO  server.RaftServer$Division (RaftServerImpl.java:checkInconsistentAppendEntries(1288)) - omNode-1@group-523986131536: inconsistency entries. Reply:omNode-3<-omNode-1#895:FAIL-t5,INCONSISTENCY,nextIndex=11,followerCommit=10
2021-11-02 20:11:18,792 [grpc-default-executor-3] INFO  leader.FollowerInfo (FollowerInfoImpl.java:lambda$new$0(47)) - omNode-3@group-523986131536->omNode-1: nextIndex: updateUnconditionally 21 -> 11
2021-11-02 20:11:19,294 [grpc-default-executor-3] INFO  server.RaftServer$Division (RaftServerImpl.java:checkInconsistentAppendEntries(1322)) - omNode-1@group-523986131536: Failed appendEntries as previous log entry ((t:5, i:20)) is not found
2021-11-02 20:11:19,294 [grpc-default-executor-3] INFO  server.RaftServer$Division (RaftServerImpl.java:checkInconsistentAppendEntries(1288)) - omNode-1@group-523986131536: inconsistency entries. Reply:omNode-3<-omNode-1#946:FAIL-t5,INCONSISTENCY,nextIndex=11,followerCommit=10
2021-11-02 20:11:19,294 [grpc-default-executor-3] INFO  leader.FollowerInfo (FollowerInfoImpl.java:lambda$new$0(47)) - omNode-3@group-523986131536->omNode-1: nextIndex: updateUnconditionally 21 -> 11
2021-11-02 20:11:19,796 [grpc-default-executor-3] INFO  server.RaftServer$Division (RaftServerImpl.java:checkInconsistentAppendEntries(1322)) - omNode-1@group-523986131536: Failed appendEntries as previous log entry ((t:5, i:20)) is not found
2021-11-02 20:11:19,796 [grpc-default-executor-3] INFO  server.RaftServer$Division (RaftServerImpl.java:checkInconsistentAppendEntries(1288)) - omNode-1@group-523986131536: inconsistency entries. Reply:omNode-3<-omNode-1#997:FAIL-t5,INCONSISTENCY,nextIndex=11,followerCommit=10
2021-11-02 20:11:19,796 [grpc-default-executor-3] INFO  leader.FollowerInfo (FollowerInfoImpl.java:lambda$new$0(47)) - omNode-3@group-523986131536->omNode-1: nextIndex: updateUnconditionally 21 -> 11
2021-11-02 20:11:20,298 [grpc-default-executor-3] INFO  server.RaftServer$Division (RaftServerImpl.java:checkInconsistentAppendEntries(1322)) - omNode-1@group-523986131536: Failed appendEntries as previous log entry ((t:5, i:20)) is not found
2021-11-02 20:11:20,298 [grpc-default-executor-3] INFO  server.RaftServer$Division (RaftServerImpl.java:checkInconsistentAppendEntries(1288)) - omNode-1@group-523986131536: inconsistency entries. Reply:omNode-3<-omNode-1#1048:FAIL-t5,INCONSISTENCY,nextIndex=11,followerCommit=10
2021-11-02 20:11:20,299 [grpc-default-executor-3] INFO  leader.FollowerInfo (FollowerInfoImpl.java:lambda$new$0(47)) - omNode-3@group-523986131536->omNode-1: nextIndex: updateUnconditionally 21 -> 11
2021-11-02 20:11:20,801 [grpc-default-executor-3] INFO  server.RaftServer$Division (RaftServerImpl.java:checkInconsistentAppendEntries(1322)) - omNode-1@group-523986131536: Failed appendEntries as previous log entry ((t:5, i:20)) is not found
2021-11-02 20:11:20,801 [grpc-default-executor-3] INFO  server.RaftServer$Division (RaftServerImpl.java:checkInconsistentAppendEntries(1288)) - omNode-1@group-523986131536: inconsistency entries. Reply:omNode-3<-omNode-1#1099:FAIL-t5,INCONSISTENCY,nextIndex=11,followerCommit=10
2021-11-02 20:11:20,801 [grpc-default-executor-3] INFO  leader.FollowerInfo (FollowerInfoImpl.java:lambda$new$0(47)) - omNode-3@group-523986131536->omNode-1: nextIndex: updateUnconditionally 21 -> 11
2021-11-02 20:11:21,303 [grpc-default-executor-6] INFO  server.RaftServer$Division (RaftServerImpl.java:checkInconsistentAppendEntries(1322)) - omNode-1@group-523986131536: Failed appendEntries as previous log entry ((t:5, i:20)) is not found
2021-11-02 20:11:21,303 [grpc-default-executor-6] INFO  server.RaftServer$Division (RaftServerImpl.java:checkInconsistentAppendEntries(1288)) - omNode-1@group-523986131536: inconsistency entries. Reply:omNode-3<-omNode-1#1150:FAIL-t5,INCONSISTENCY,nextIndex=11,followerCommit=10
2021-11-02 20:11:21,303 [grpc-default-executor-6] INFO  leader.FollowerInfo (FollowerInfoImpl.java:lambda$new$0(47)) - omNode-3@group-523986131536->omNode-1: nextIndex: updateUnconditionally 21 -> 11
2021-11-02 20:11:21,804 [grpc-default-executor-6] INFO  server.RaftServer$Division (RaftServerImpl.java:checkInconsistentAppendEntries(1322)) - omNode-1@group-523986131536: Failed appendEntries as previous log entry ((t:5, i:20)) is not found
2021-11-02 20:11:21,805 [grpc-default-executor-6] INFO  server.RaftServer$Division (RaftServerImpl.java:checkInconsistentAppendEntries(1288)) - omNode-1@group-523986131536: inconsistency entries. Reply:omNode-3<-omNode-1#1201:FAIL-t5,INCONSISTENCY,nextIndex=11,followerCommit=10
2021-11-02 20:11:21,805 [grpc-default-executor-6] INFO  leader.FollowerInfo (FollowerInfoImpl.java:lambda$new$0(47)) - omNode-3@group-523986131536->omNode-1: nextIndex: updateUnconditionally 21 -> 11
2021-11-02 20:11:22,307 [grpc-default-executor-6] INFO  server.RaftServer$Division (RaftServerImpl.java:checkInconsistentAppendEntries(1322)) - omNode-1@group-523986131536: Failed appendEntries as previous log entry ((t:5, i:20)) is not found
2021-11-02 20:11:22,307 [grpc-default-executor-6] INFO  server.RaftServer$Division (RaftServerImpl.java:checkInconsistentAppendEntries(1288)) - omNode-1@group-523986131536: inconsistency entries. Reply:omNode-3<-omNode-1#1252:FAIL-t5,INCONSISTENCY,nextIndex=11,followerCommit=10
2021-11-02 20:11:22,307 [grpc-default-executor-6] INFO  leader.FollowerInfo (FollowerInfoImpl.java:lambda$new$0(47)) - omNode-3@group-523986131536->omNode-1: nextIndex: updateUnconditionally 21 -> 11
2021-11-02 20:11:22,808 [grpc-default-executor-6] INFO  server.RaftServer$Division (RaftServerImpl.java:checkInconsistentAppendEntries(1322)) - omNode-1@group-523986131536: Failed appendEntries as previous log entry ((t:5, i:20)) is not found
2021-11-02 20:11:22,809 [grpc-default-executor-6] INFO  server.RaftServer$Division (RaftServerImpl.java:checkInconsistentAppendEntries(1288)) - omNode-1@group-523986131536: inconsistency entries. Reply:omNode-3<-omNode-1#1303:FAIL-t5,INCONSISTENCY,nextIndex=11,followerCommit=10
2021-11-02 20:11:22,809 [grpc-default-executor-6] INFO  leader.FollowerInfo (FollowerInfoImpl.java:lambda$new$0(47)) - omNode-3@group-523986131536->omNode-1: nextIndex: updateUnconditionally 21 -> 11
2021-11-02 20:11:23,311 [grpc-default-executor-3] INFO  server.RaftServer$Division (RaftServerImpl.java:checkInconsistentAppendEntries(1322)) - omNode-1@group-523986131536: Failed appendEntries as previous log entry ((t:5, i:20)) is not found
2021-11-02 20:11:23,311 [grpc-default-executor-3] INFO  server.RaftServer$Division (RaftServerImpl.java:checkInconsistentAppendEntries(1288)) - omNode-1@group-523986131536: inconsistency entries. Reply:omNode-3<-omNode-1#1354:FAIL-t5,INCONSISTENCY,nextIndex=11,followerCommit=10
2021-11-02 20:11:23,311 [grpc-default-executor-3] INFO  leader.FollowerInfo (FollowerInfoImpl.java:lambda$new$0(47)) - omNode-3@group-523986131536->omNode-1: nextIndex: updateUnconditionally 21 -> 11
2021-11-02 20:11:23,813 [grpc-default-executor-6] INFO  server.RaftServer$Division (RaftServerImpl.java:checkInconsistentAppendEntries(1322)) - omNode-1@group-523986131536: Failed appendEntries as previous log entry ((t:5, i:20)) is not found
2021-11-02 20:11:23,813 [grpc-default-executor-6] INFO  server.RaftServer$Division (RaftServerImpl.java:checkInconsistentAppendEntries(1288)) - omNode-1@group-523986131536: inconsistency entries. Reply:omNode-3<-omNode-1#1405:FAIL-t5,INCONSISTENCY,nextIndex=11,followerCommit=10
2021-11-02 20:11:23,814 [grpc-default-executor-6] INFO  leader.FollowerInfo (FollowerInfoImpl.java:lambda$new$0(47)) - omNode-3@group-523986131536->omNode-1: nextIndex: updateUnconditionally 21 -> 11
2021-11-02 20:11:24,315 [grpc-default-executor-3] INFO  server.RaftServer$Division (RaftServerImpl.java:checkInconsistentAppendEntries(1322)) - omNode-1@group-523986131536: Failed appendEntries as previous log entry ((t:5, i:20)) is not found
2021-11-02 20:11:24,316 [grpc-default-executor-3] INFO  server.RaftServer$Division (RaftServerImpl.java:checkInconsistentAppendEntries(1288)) - omNode-1@group-523986131536: inconsistency entries. Reply:omNode-3<-omNode-1#1456:FAIL-t5,INCONSISTENCY,nextIndex=11,followerCommit=10
2021-11-02 20:11:24,316 [grpc-default-executor-3] INFO  leader.FollowerInfo (FollowerInfoImpl.java:lambda$new$0(47)) - omNode-3@group-523986131536->omNode-1: nextIndex: updateUnconditionally 21 -> 11
2021-11-02 20:11:24,818 [grpc-default-executor-6] INFO  server.RaftServer$Division (RaftServerImpl.java:checkInconsistentAppendEntries(1322)) - omNode-1@group-523986131536: Failed appendEntries as previous log entry ((t:5, i:20)) is not found
2021-11-02 20:11:24,818 [grpc-default-executor-6] INFO  server.RaftServer$Division (RaftServerImpl.java:checkInconsistentAppendEntries(1288)) - omNode-1@group-523986131536: inconsistency entries. Reply:omNode-3<-omNode-1#1507:FAIL-t5,INCONSISTENCY,nextIndex=11,followerCommit=10
2021-11-02 20:11:24,820 [grpc-default-executor-3] INFO  leader.FollowerInfo (FollowerInfoImpl.java:lambda$new$0(47)) - omNode-3@group-523986131536->omNode-1: nextIndex: updateUnconditionally 21 -> 11
2021-11-02 20:11:25,322 [grpc-default-executor-6] INFO  server.RaftServer$Division (RaftServerImpl.java:checkInconsistentAppendEntries(1322)) - omNode-1@group-523986131536: Failed appendEntries as previous log entry ((t:5, i:20)) is not found
2021-11-02 20:11:25,322 [grpc-default-executor-6] INFO  server.RaftServer$Division (RaftServerImpl.java:checkInconsistentAppendEntries(1288)) - omNode-1@group-523986131536: inconsistency entries. Reply:omNode-3<-omNode-1#1558:FAIL-t5,INCONSISTENCY,nextIndex=11,followerCommit=10
2021-11-02 20:11:25,323 [grpc-default-executor-6] INFO  leader.FollowerInfo (FollowerInfoImpl.java:lambda$new$0(47)) - omNode-3@group-523986131536->omNode-1: nextIndex: updateUnconditionally 21 -> 11
2021-11-02 20:11:25,824 [grpc-default-executor-3] INFO  server.RaftServer$Division (RaftServerImpl.java:checkInconsistentAppendEntries(1322)) - omNode-1@group-523986131536: Failed appendEntries as previous log entry ((t:5, i:20)) is not found
2021-11-02 20:11:25,824 [grpc-default-executor-3] INFO  server.RaftServer$Division (RaftServerImpl.java:checkInconsistentAppendEntries(1288)) - omNode-1@group-523986131536: inconsistency entries. Reply:omNode-3<-omNode-1#1609:FAIL-t5,INCONSISTENCY,nextIndex=11,followerCommit=10
2021-11-02 20:11:25,825 [grpc-default-executor-3] INFO  leader.FollowerInfo (FollowerInfoImpl.java:lambda$new$0(47)) - omNode-3@group-523986131536->omNode-1: nextIndex: updateUnconditionally 21 -> 11
2021-11-02 20:11:26,326 [grpc-default-executor-6] INFO  server.RaftServer$Division (RaftServerImpl.java:checkInconsistentAppendEntries(1322)) - omNode-1@group-523986131536: Failed appendEntries as previous log entry ((t:5, i:20)) is not found
2021-11-02 20:11:26,327 [grpc-default-executor-6] INFO  server.RaftServer$Division (RaftServerImpl.java:checkInconsistentAppendEntries(1288)) - omNode-1@group-523986131536: inconsistency entries. Reply:omNode-3<-omNode-1#1660:FAIL-t5,INCONSISTENCY,nextIndex=11,followerCommit=10
2021-11-02 20:11:26,327 [grpc-default-executor-3] INFO  leader.FollowerInfo (FollowerInfoImpl.java:lambda$new$0(47)) - omNode-3@group-523986131536->omNode-1: nextIndex: updateUnconditionally 21 -> 11
2021-11-02 20:11:26,829 [grpc-default-executor-6] INFO  server.RaftServer$Division (RaftServerImpl.java:checkInconsistentAppendEntries(1322)) - omNode-1@group-523986131536: Failed appendEntries as previous log entry ((t:5, i:20)) is not found
2021-11-02 20:11:26,829 [grpc-default-executor-6] INFO  server.RaftServer$Division (RaftServerImpl.java:checkInconsistentAppendEntries(1288)) - omNode-1@group-523986131536: inconsistency entries. Reply:omNode-3<-omNode-1#1711:FAIL-t5,INCONSISTENCY,nextIndex=11,followerCommit=10
2021-11-02 20:11:26,829 [grpc-default-executor-6] INFO  leader.FollowerInfo (FollowerInfoImpl.java:lambda$new$0(47)) - omNode-3@group-523986131536->omNode-1: nextIndex: updateUnconditionally 21 -> 11
2021-11-02 20:11:27,331 [grpc-default-executor-3] INFO  server.RaftServer$Division (RaftServerImpl.java:checkInconsistentAppendEntries(1322)) - omNode-1@group-523986131536: Failed appendEntries as previous log entry ((t:5, i:20)) is not found
2021-11-02 20:11:27,331 [grpc-default-executor-3] INFO  server.RaftServer$Division (RaftServerImpl.java:checkInconsistentAppendEntries(1288)) - omNode-1@group-523986131536: inconsistency entries. Reply:omNode-3<-omNode-1#1762:FAIL-t5,INCONSISTENCY,nextIndex=11,followerCommit=10
2021-11-02 20:11:27,331 [grpc-default-executor-3] INFO  leader.FollowerInfo (FollowerInfoImpl.java:lambda$new$0(47)) - omNode-3@group-523986131536->omNode-1: nextIndex: updateUnconditionally 21 -> 11
2021-11-02 20:11:27,834 [grpc-default-executor-6] INFO  server.RaftServer$Division (RaftServerImpl.java:checkInconsistentAppendEntries(1322)) - omNode-1@group-523986131536: Failed appendEntries as previous log entry ((t:5, i:20)) is not found
2021-11-02 20:11:27,834 [grpc-default-executor-6] INFO  server.RaftServer$Division (RaftServerImpl.java:checkInconsistentAppendEntries(1288)) - omNode-1@group-523986131536: inconsistency entries. Reply:omNode-3<-omNode-1#1813:FAIL-t5,INCONSISTENCY,nextIndex=11,followerCommit=10
2021-11-02 20:11:27,835 [grpc-default-executor-3] INFO  leader.FollowerInfo (FollowerInfoImpl.java:lambda$new$0(47)) - omNode-3@group-523986131536->omNode-1: nextIndex: updateUnconditionally 21 -> 11
2021-11-02 20:11:28,336 [grpc-default-executor-3] INFO  server.RaftServer$Division (RaftServerImpl.java:checkInconsistentAppendEntries(1322)) - omNode-1@group-523986131536: Failed appendEntries as previous log entry ((t:5, i:20)) is not found
2021-11-02 20:11:28,336 [grpc-default-executor-3] INFO  server.RaftServer$Division (RaftServerImpl.java:checkInconsistentAppendEntries(1288)) - omNode-1@group-523986131536: inconsistency entries. Reply:omNode-3<-omNode-1#1864:FAIL-t5,INCONSISTENCY,nextIndex=11,followerCommit=10
2021-11-02 20:11:28,336 [grpc-default-executor-3] INFO  leader.FollowerInfo (FollowerInfoImpl.java:lambda$new$0(47)) - omNode-3@group-523986131536->omNode-1: nextIndex: updateUnconditionally 21 -> 11
2021-11-02 20:11:28,838 [grpc-default-executor-6] INFO  server.RaftServer$Division (RaftServerImpl.java:checkInconsistentAppendEntries(1322)) - omNode-1@group-523986131536: Failed appendEntries as previous log entry ((t:5, i:20)) is not found
2021-11-02 20:11:28,839 [grpc-default-executor-6] INFO  server.RaftServer$Division (RaftServerImpl.java:checkInconsistentAppendEntries(1288)) - omNode-1@group-523986131536: inconsistency entries. Reply:omNode-3<-omNode-1#1915:FAIL-t5,INCONSISTENCY,nextIndex=11,followerCommit=10
2021-11-02 20:11:28,839 [grpc-default-executor-6] INFO  leader.FollowerInfo (FollowerInfoImpl.java:lambda$new$0(47)) - omNode-3@group-523986131536->omNode-1: nextIndex: updateUnconditionally 21 -> 11
2021-11-02 20:11:29,340 [grpc-default-executor-6] INFO  server.RaftServer$Division (RaftServerImpl.java:checkInconsistentAppendEntries(1322)) - omNode-1@group-523986131536: Failed appendEntries as previous log entry ((t:5, i:20)) is not found
2021-11-02 20:11:29,341 [grpc-default-executor-6] INFO  server.RaftServer$Division (RaftServerImpl.java:checkInconsistentAppendEntries(1288)) - omNode-1@group-523986131536: inconsistency entries. Reply:omNode-3<-omNode-1#1966:FAIL-t5,INCONSISTENCY,nextIndex=11,followerCommit=10
2021-11-02 20:11:29,341 [grpc-default-executor-3] INFO  leader.FollowerInfo (FollowerInfoImpl.java:lambda$new$0(47)) - omNode-3@group-523986131536->omNode-1: nextIndex: updateUnconditionally 21 -> 11
2021-11-02 20:11:29,843 [grpc-default-executor-6] INFO  server.RaftServer$Division (RaftServerImpl.java:checkInconsistentAppendEntries(1322)) - omNode-1@group-523986131536: Failed appendEntries as previous log entry ((t:5, i:20)) is not found
2021-11-02 20:11:29,843 [grpc-default-executor-6] INFO  server.RaftServer$Division (RaftServerImpl.java:checkInconsistentAppendEntries(1288)) - omNode-1@group-523986131536: inconsistency entries. Reply:omNode-3<-omNode-1#2017:FAIL-t5,INCONSISTENCY,nextIndex=11,followerCommit=10
2021-11-02 20:11:29,844 [grpc-default-executor-3] INFO  leader.FollowerInfo (FollowerInfoImpl.java:lambda$new$0(47)) - omNode-3@group-523986131536->omNode-1: nextIndex: updateUnconditionally 21 -> 11
2021-11-02 20:11:30,345 [grpc-default-executor-3] INFO  server.RaftServer$Division (RaftServerImpl.java:checkInconsistentAppendEntries(1322)) - omNode-1@group-523986131536: Failed appendEntries as previous log entry ((t:5, i:20)) is not found
2021-11-02 20:11:30,345 [grpc-default-executor-3] INFO  server.RaftServer$Division (RaftServerImpl.java:checkInconsistentAppendEntries(1288)) - omNode-1@group-523986131536: inconsistency entries. Reply:omNode-3<-omNode-1#2068:FAIL-t5,INCONSISTENCY,nextIndex=11,followerCommit=10
2021-11-02 20:11:30,346 [grpc-default-executor-3] INFO  leader.FollowerInfo (FollowerInfoImpl.java:lambda$new$0(47)) - omNode-3@group-523986131536->omNode-1: nextIndex: updateUnconditionally 21 -> 11
2021-11-02 20:11:30,848 [grpc-default-executor-6] INFO  server.RaftServer$Division (RaftServerImpl.java:checkInconsistentAppendEntries(1322)) - omNode-1@group-523986131536: Failed appendEntries as previous log entry ((t:5, i:20)) is not found
2021-11-02 20:11:30,848 [grpc-default-executor-6] INFO  server.RaftServer$Division (RaftServerImpl.java:checkInconsistentAppendEntries(1288)) - omNode-1@group-523986131536: inconsistency entries. Reply:omNode-3<-omNode-1#2119:FAIL-t5,INCONSISTENCY,nextIndex=11,followerCommit=10
2021-11-02 20:11:30,848 [grpc-default-executor-3] INFO  leader.FollowerInfo (FollowerInfoImpl.java:lambda$new$0(47)) - omNode-3@group-523986131536->omNode-1: nextIndex: updateUnconditionally 21 -> 11
2021-11-02 20:11:31,350 [grpc-default-executor-3] INFO  server.RaftServer$Division (RaftServerImpl.java:checkInconsistentAppendEntries(1322)) - omNode-1@group-523986131536: Failed appendEntries as previous log entry ((t:5, i:20)) is not found
2021-11-02 20:11:31,350 [grpc-default-executor-3] INFO  server.RaftServer$Division (RaftServerImpl.java:checkInconsistentAppendEntries(1288)) - omNode-1@group-523986131536: inconsistency entries. Reply:omNode-3<-omNode-1#2170:FAIL-t5,INCONSISTENCY,nextIndex=11,followerCommit=10
2021-11-02 20:11:31,351 [grpc-default-executor-3] INFO  leader.FollowerInfo (FollowerInfoImpl.java:lambda$new$0(47)) - omNode-3@group-523986131536->omNode-1: nextIndex: updateUnconditionally 21 -> 11
2021-11-02 20:11:31,852 [grpc-default-executor-3] INFO  server.RaftServer$Division (RaftServerImpl.java:checkInconsistentAppendEntries(1322)) - omNode-1@group-523986131536: Failed appendEntries as previous log entry ((t:5, i:20)) is not found
2021-11-02 20:11:31,853 [grpc-default-executor-3] INFO  server.RaftServer$Division (RaftServerImpl.java:checkInconsistentAppendEntries(1288)) - omNode-1@group-523986131536: inconsistency entries. Reply:omNode-3<-omNode-1#2221:FAIL-t5,INCONSISTENCY,nextIndex=11,followerCommit=10
2021-11-02 20:11:31,853 [grpc-default-executor-3] INFO  leader.FollowerInfo (FollowerInfoImpl.java:lambda$new$0(47)) - omNode-3@group-523986131536->omNode-1: nextIndex: updateUnconditionally 21 -> 11
2021-11-02 20:11:32,356 [grpc-default-executor-3] INFO  server.RaftServer$Division (RaftServerImpl.java:checkInconsistentAppendEntries(1322)) - omNode-1@group-523986131536: Failed appendEntries as previous log entry ((t:5, i:20)) is not found
2021-11-02 20:11:32,356 [grpc-default-executor-3] INFO  server.RaftServer$Division (RaftServerImpl.java:checkInconsistentAppendEntries(1288)) - omNode-1@group-523986131536: inconsistency entries. Reply:omNode-3<-omNode-1#2272:FAIL-t5,INCONSISTENCY,nextIndex=11,followerCommit=10
2021-11-02 20:11:32,357 [grpc-default-executor-3] INFO  leader.FollowerInfo (FollowerInfoImpl.java:lambda$new$0(47)) - omNode-3@group-523986131536->omNode-1: nextIndex: updateUnconditionally 21 -> 11
2021-11-02 20:11:32,858 [grpc-default-executor-3] INFO  server.RaftServer$Division (RaftServerImpl.java:checkInconsistentAppendEntries(1322)) - omNode-1@group-523986131536: Failed appendEntries as previous log entry ((t:5, i:20)) is not found
2021-11-02 20:11:32,859 [grpc-default-executor-3] INFO  server.RaftServer$Division (RaftServerImpl.java:checkInconsistentAppendEntries(1288)) - omNode-1@group-523986131536: inconsistency entries. Reply:omNode-3<-omNode-1#2323:FAIL-t5,INCONSISTENCY,nextIndex=11,followerCommit=10
2021-11-02 20:11:32,859 [grpc-default-executor-3] INFO  leader.FollowerInfo (FollowerInfoImpl.java:lambda$new$0(47)) - omNode-3@group-523986131536->omNode-1: nextIndex: updateUnconditionally 21 -> 11
2021-11-02 20:11:33,361 [grpc-default-executor-3] INFO  server.RaftServer$Division (RaftServerImpl.java:checkInconsistentAppendEntries(1322)) - omNode-1@group-523986131536: Failed appendEntries as previous log entry ((t:5, i:20)) is not found
2021-11-02 20:11:33,361 [grpc-default-executor-3] INFO  server.RaftServer$Division (RaftServerImpl.java:checkInconsistentAppendEntries(1288)) - omNode-1@group-523986131536: inconsistency entries. Reply:omNode-3<-omNode-1#2374:FAIL-t5,INCONSISTENCY,nextIndex=11,followerCommit=10
2021-11-02 20:11:33,361 [grpc-default-executor-3] INFO  leader.FollowerInfo (FollowerInfoImpl.java:lambda$new$0(47)) - omNode-3@group-523986131536->omNode-1: nextIndex: updateUnconditionally 21 -> 11
2021-11-02 20:11:33,863 [grpc-default-executor-3] INFO  server.RaftServer$Division (RaftServerImpl.java:checkInconsistentAppendEntries(1322)) - omNode-1@group-523986131536: Failed appendEntries as previous log entry ((t:5, i:20)) is not found
2021-11-02 20:11:33,863 [grpc-default-executor-3] INFO  server.RaftServer$Division (RaftServerImpl.java:checkInconsistentAppendEntries(1288)) - omNode-1@group-523986131536: inconsistency entries. Reply:omNode-3<-omNode-1#2425:FAIL-t5,INCONSISTENCY,nextIndex=11,followerCommit=10
2021-11-02 20:11:33,863 [grpc-default-executor-3] INFO  leader.FollowerInfo (FollowerInfoImpl.java:lambda$new$0(47)) - omNode-3@group-523986131536->omNode-1: nextIndex: updateUnconditionally 21 -> 11
2021-11-02 20:11:34,364 [grpc-default-executor-3] INFO  server.RaftServer$Division (RaftServerImpl.java:checkInconsistentAppendEntries(1322)) - omNode-1@group-523986131536: Failed appendEntries as previous log entry ((t:5, i:20)) is not found
2021-11-02 20:11:34,365 [grpc-default-executor-3] INFO  server.RaftServer$Division (RaftServerImpl.java:checkInconsistentAppendEntries(1288)) - omNode-1@group-523986131536: inconsistency entries. Reply:omNode-3<-omNode-1#2476:FAIL-t5,INCONSISTENCY,nextIndex=11,followerCommit=10
2021-11-02 20:11:34,365 [grpc-default-executor-3] INFO  leader.FollowerInfo (FollowerInfoImpl.java:lambda$new$0(47)) - omNode-3@group-523986131536->omNode-1: nextIndex: updateUnconditionally 21 -> 11
2021-11-02 20:11:34,866 [grpc-default-executor-3] INFO  server.RaftServer$Division (RaftServerImpl.java:checkInconsistentAppendEntries(1322)) - omNode-1@group-523986131536: Failed appendEntries as previous log entry ((t:5, i:20)) is not found
2021-11-02 20:11:34,866 [grpc-default-executor-3] INFO  server.RaftServer$Division (RaftServerImpl.java:checkInconsistentAppendEntries(1288)) - omNode-1@group-523986131536: inconsistency entries. Reply:omNode-3<-omNode-1#2527:FAIL-t5,INCONSISTENCY,nextIndex=11,followerCommit=10
2021-11-02 20:11:34,867 [grpc-default-executor-3] INFO  leader.FollowerInfo (FollowerInfoImpl.java:lambda$new$0(47)) - omNode-3@group-523986131536->omNode-1: nextIndex: updateUnconditionally 21 -> 11
2021-11-02 20:11:35,368 [grpc-default-executor-6] INFO  server.RaftServer$Division (RaftServerImpl.java:checkInconsistentAppendEntries(1322)) - omNode-1@group-523986131536: Failed appendEntries as previous log entry ((t:5, i:20)) is not found
2021-11-02 20:11:35,369 [grpc-default-executor-6] INFO  server.RaftServer$Division (RaftServerImpl.java:checkInconsistentAppendEntries(1288)) - omNode-1@group-523986131536: inconsistency entries. Reply:omNode-3<-omNode-1#2578:FAIL-t5,INCONSISTENCY,nextIndex=11,followerCommit=10
2021-11-02 20:11:35,369 [grpc-default-executor-6] INFO  leader.FollowerInfo (FollowerInfoImpl.java:lambda$new$0(47)) - omNode-3@group-523986131536->omNode-1: nextIndex: updateUnconditionally 21 -> 11
2021-11-02 20:11:35,870 [grpc-default-executor-6] INFO  server.RaftServer$Division (RaftServerImpl.java:checkInconsistentAppendEntries(1322)) - omNode-1@group-523986131536: Failed appendEntries as previous log entry ((t:5, i:20)) is not found
2021-11-02 20:11:35,870 [grpc-default-executor-6] INFO  server.RaftServer$Division (RaftServerImpl.java:checkInconsistentAppendEntries(1288)) - omNode-1@group-523986131536: inconsistency entries. Reply:omNode-3<-omNode-1#2629:FAIL-t5,INCONSISTENCY,nextIndex=11,followerCommit=10
2021-11-02 20:11:35,871 [grpc-default-executor-6] INFO  leader.FollowerInfo (FollowerInfoImpl.java:lambda$new$0(47)) - omNode-3@group-523986131536->omNode-1: nextIndex: updateUnconditionally 21 -> 11
2021-11-02 20:11:36,373 [grpc-default-executor-3] INFO  server.RaftServer$Division (RaftServerImpl.java:checkInconsistentAppendEntries(1322)) - omNode-1@group-523986131536: Failed appendEntries as previous log entry ((t:5, i:20)) is not found
2021-11-02 20:11:36,373 [grpc-default-executor-3] INFO  server.RaftServer$Division (RaftServerImpl.java:checkInconsistentAppendEntries(1288)) - omNode-1@group-523986131536: inconsistency entries. Reply:omNode-3<-omNode-1#2680:FAIL-t5,INCONSISTENCY,nextIndex=11,followerCommit=10
2021-11-02 20:11:36,373 [grpc-default-executor-3] INFO  leader.FollowerInfo (FollowerInfoImpl.java:lambda$new$0(47)) - omNode-3@group-523986131536->omNode-1: nextIndex: updateUnconditionally 21 -> 11
2021-11-02 20:11:36,876 [grpc-default-executor-3] INFO  server.RaftServer$Division (RaftServerImpl.java:checkInconsistentAppendEntries(1322)) - omNode-1@group-523986131536: Failed appendEntries as previous log entry ((t:5, i:20)) is not found
2021-11-02 20:11:36,876 [grpc-default-executor-3] INFO  server.RaftServer$Division (RaftServerImpl.java:checkInconsistentAppendEntries(1288)) - omNode-1@group-523986131536: inconsistency entries. Reply:omNode-3<-omNode-1#2731:FAIL-t5,INCONSISTENCY,nextIndex=11,followerCommit=10
2021-11-02 20:11:36,876 [grpc-default-executor-6] INFO  leader.FollowerInfo (FollowerInfoImpl.java:lambda$new$0(47)) - omNode-3@group-523986131536->omNode-1: nextIndex: updateUnconditionally 21 -> 11
2021-11-02 20:11:37,378 [grpc-default-executor-6] INFO  server.RaftServer$Division (RaftServerImpl.java:checkInconsistentAppendEntries(1322)) - omNode-1@group-523986131536: Failed appendEntries as previous log entry ((t:5, i:20)) is not found
2021-11-02 20:11:37,378 [grpc-default-executor-6] INFO  server.RaftServer$Division (RaftServerImpl.java:checkInconsistentAppendEntries(1288)) - omNode-1@group-523986131536: inconsistency entries. Reply:omNode-3<-omNode-1#2782:FAIL-t5,INCONSISTENCY,nextIndex=11,followerCommit=10
2021-11-02 20:11:37,379 [grpc-default-executor-3] INFO  leader.FollowerInfo (FollowerInfoImpl.java:lambda$new$0(47)) - omNode-3@group-523986131536->omNode-1: nextIndex: updateUnconditionally 21 -> 11
2021-11-02 20:11:37,881 [grpc-default-executor-3] INFO  server.RaftServer$Division (RaftServerImpl.java:checkInconsistentAppendEntries(1322)) - omNode-1@group-523986131536: Failed appendEntries as previous log entry ((t:5, i:20)) is not found
2021-11-02 20:11:37,881 [grpc-default-executor-3] INFO  server.RaftServer$Division (RaftServerImpl.java:checkInconsistentAppendEntries(1288)) - omNode-1@group-523986131536: inconsistency entries. Reply:omNode-3<-omNode-1#2833:FAIL-t5,INCONSISTENCY,nextIndex=11,followerCommit=10
2021-11-02 20:11:37,883 [grpc-default-executor-3] INFO  leader.FollowerInfo (FollowerInfoImpl.java:lambda$new$0(47)) - omNode-3@group-523986131536->omNode-1: nextIndex: updateUnconditionally 21 -> 11
2021-11-02 20:11:38,384 [grpc-default-executor-3] INFO  server.RaftServer$Division (RaftServerImpl.java:checkInconsistentAppendEntries(1322)) - omNode-1@group-523986131536: Failed appendEntries as previous log entry ((t:5, i:20)) is not found
2021-11-02 20:11:38,385 [grpc-default-executor-3] INFO  server.RaftServer$Division (RaftServerImpl.java:checkInconsistentAppendEntries(1288)) - omNode-1@group-523986131536: inconsistency entries. Reply:omNode-3<-omNode-1#2884:FAIL-t5,INCONSISTENCY,nextIndex=11,followerCommit=10
2021-11-02 20:11:38,385 [grpc-default-executor-6] INFO  leader.FollowerInfo (FollowerInfoImpl.java:lambda$new$0(47)) - omNode-3@group-523986131536->omNode-1: nextIndex: updateUnconditionally 21 -> 11
2021-11-02 20:11:38,886 [grpc-default-executor-3] INFO  server.RaftServer$Division (RaftServerImpl.java:checkInconsistentAppendEntries(1322)) - omNode-1@group-523986131536: Failed appendEntries as previous log entry ((t:5, i:20)) is not found
2021-11-02 20:11:38,887 [grpc-default-executor-3] INFO  server.RaftServer$Division (RaftServerImpl.java:checkInconsistentAppendEntries(1288)) - omNode-1@group-523986131536: inconsistency entries. Reply:omNode-3<-omNode-1#2935:FAIL-t5,INCONSISTENCY,nextIndex=11,followerCommit=10
2021-11-02 20:11:38,887 [grpc-default-executor-3] INFO  leader.FollowerInfo (FollowerInfoImpl.java:lambda$new$0(47)) - omNode-3@group-523986131536->omNode-1: nextIndex: updateUnconditionally 21 -> 11
2021-11-02 20:11:39,389 [grpc-default-executor-3] INFO  server.RaftServer$Division (RaftServerImpl.java:checkInconsistentAppendEntries(1322)) - omNode-1@group-523986131536: Failed appendEntries as previous log entry ((t:5, i:20)) is not found
2021-11-02 20:11:39,389 [grpc-default-executor-3] INFO  server.RaftServer$Division (RaftServerImpl.java:checkInconsistentAppendEntries(1288)) - omNode-1@group-523986131536: inconsistency entries. Reply:omNode-3<-omNode-1#2986:FAIL-t5,INCONSISTENCY,nextIndex=11,followerCommit=10
2021-11-02 20:11:39,390 [grpc-default-executor-3] INFO  leader.FollowerInfo (FollowerInfoImpl.java:lambda$new$0(47)) - omNode-3@group-523986131536->omNode-1: nextIndex: updateUnconditionally 21 -> 11
2021-11-02 20:11:39,891 [grpc-default-executor-6] INFO  server.RaftServer$Division (RaftServerImpl.java:checkInconsistentAppendEntries(1322)) - omNode-1@group-523986131536: Failed appendEntries as previous log entry ((t:5, i:20)) is not found
2021-11-02 20:11:39,891 [grpc-default-executor-6] INFO  server.RaftServer$Division (RaftServerImpl.java:checkInconsistentAppendEntries(1288)) - omNode-1@group-523986131536: inconsistency entries. Reply:omNode-3<-omNode-1#3037:FAIL-t5,INCONSISTENCY,nextIndex=11,followerCommit=10
2021-11-02 20:11:39,892 [grpc-default-executor-6] INFO  leader.FollowerInfo (FollowerInfoImpl.java:lambda$new$0(47)) - omNode-3@group-523986131536->omNode-1: nextIndex: updateUnconditionally 21 -> 11
2021-11-02 20:11:40,393 [grpc-default-executor-3] INFO  server.RaftServer$Division (RaftServerImpl.java:checkInconsistentAppendEntries(1322)) - omNode-1@group-523986131536: Failed appendEntries as previous log entry ((t:5, i:20)) is not found
2021-11-02 20:11:40,394 [grpc-default-executor-3] INFO  server.RaftServer$Division (RaftServerImpl.java:checkInconsistentAppendEntries(1288)) - omNode-1@group-523986131536: inconsistency entries. Reply:omNode-3<-omNode-1#3088:FAIL-t5,INCONSISTENCY,nextIndex=11,followerCommit=10
2021-11-02 20:11:40,394 [grpc-default-executor-3] INFO  leader.FollowerInfo (FollowerInfoImpl.java:lambda$new$0(47)) - omNode-3@group-523986131536->omNode-1: nextIndex: updateUnconditionally 21 -> 11
2021-11-02 20:11:40,896 [grpc-default-executor-3] INFO  server.RaftServer$Division (RaftServerImpl.java:checkInconsistentAppendEntries(1322)) - omNode-1@group-523986131536: Failed appendEntries as previous log entry ((t:5, i:20)) is not found
2021-11-02 20:11:40,897 [grpc-default-executor-3] INFO  server.RaftServer$Division (RaftServerImpl.java:checkInconsistentAppendEntries(1288)) - omNode-1@group-523986131536: inconsistency entries. Reply:omNode-3<-omNode-1#3139:FAIL-t5,INCONSISTENCY,nextIndex=11,followerCommit=10
2021-11-02 20:11:40,898 [grpc-default-executor-3] INFO  leader.FollowerInfo (FollowerInfoImpl.java:lambda$new$0(47)) - omNode-3@group-523986131536->omNode-1: nextIndex: updateUnconditionally 21 -> 11
2021-11-02 20:11:41,399 [grpc-default-executor-6] INFO  server.RaftServer$Division (RaftServerImpl.java:checkInconsistentAppendEntries(1322)) - omNode-1@group-523986131536: Failed appendEntries as previous log entry ((t:5, i:20)) is not found
2021-11-02 20:11:41,399 [grpc-default-executor-6] INFO  server.RaftServer$Division (RaftServerImpl.java:checkInconsistentAppendEntries(1288)) - omNode-1@group-523986131536: inconsistency entries. Reply:omNode-3<-omNode-1#3190:FAIL-t5,INCONSISTENCY,nextIndex=11,followerCommit=10
2021-11-02 20:11:41,400 [grpc-default-executor-3] INFO  leader.FollowerInfo (FollowerInfoImpl.java:lambda$new$0(47)) - omNode-3@group-523986131536->omNode-1: nextIndex: updateUnconditionally 21 -> 11
2021-11-02 20:11:41,901 [grpc-default-executor-6] INFO  server.RaftServer$Division (RaftServerImpl.java:checkInconsistentAppendEntries(1322)) - omNode-1@group-523986131536: Failed appendEntries as previous log entry ((t:5, i:20)) is not found
2021-11-02 20:11:41,901 [grpc-default-executor-6] INFO  server.RaftServer$Division (RaftServerImpl.java:checkInconsistentAppendEntries(1288)) - omNode-1@group-523986131536: inconsistency entries. Reply:omNode-3<-omNode-1#3241:FAIL-t5,INCONSISTENCY,nextIndex=11,followerCommit=10
2021-11-02 20:11:41,902 [grpc-default-executor-3] INFO  leader.FollowerInfo (FollowerInfoImpl.java:lambda$new$0(47)) - omNode-3@group-523986131536->omNode-1: nextIndex: updateUnconditionally 21 -> 11
2021-11-02 20:11:42,404 [grpc-default-executor-3] INFO  server.RaftServer$Division (RaftServerImpl.java:checkInconsistentAppendEntries(1322)) - omNode-1@group-523986131536: Failed appendEntries as previous log entry ((t:5, i:20)) is not found
2021-11-02 20:11:42,404 [grpc-default-executor-3] INFO  server.RaftServer$Division (RaftServerImpl.java:checkInconsistentAppendEntries(1288)) - omNode-1@group-523986131536: inconsistency entries. Reply:omNode-3<-omNode-1#3292:FAIL-t5,INCONSISTENCY,nextIndex=11,followerCommit=10
2021-11-02 20:11:42,405 [grpc-default-executor-3] INFO  leader.FollowerInfo (FollowerInfoImpl.java:lambda$new$0(47)) - omNode-3@group-523986131536->omNode-1: nextIndex: updateUnconditionally 21 -> 11
2021-11-02 20:11:42,906 [grpc-default-executor-3] INFO  server.RaftServer$Division (RaftServerImpl.java:checkInconsistentAppendEntries(1322)) - omNode-1@group-523986131536: Failed appendEntries as previous log entry ((t:5, i:20)) is not found
2021-11-02 20:11:42,907 [grpc-default-executor-3] INFO  server.RaftServer$Division (RaftServerImpl.java:checkInconsistentAppendEntries(1288)) - omNode-1@group-523986131536: inconsistency entries. Reply:omNode-3<-omNode-1#3343:FAIL-t5,INCONSISTENCY,nextIndex=11,followerCommit=10
2021-11-02 20:11:42,907 [grpc-default-executor-6] INFO  leader.FollowerInfo (FollowerInfoImpl.java:lambda$new$0(47)) - omNode-3@group-523986131536->omNode-1: nextIndex: updateUnconditionally 21 -> 11
2021-11-02 20:11:43,409 [grpc-default-executor-3] INFO  server.RaftServer$Division (RaftServerImpl.java:checkInconsistentAppendEntries(1322)) - omNode-1@group-523986131536: Failed appendEntries as previous log entry ((t:5, i:20)) is not found
2021-11-02 20:11:43,410 [grpc-default-executor-3] INFO  server.RaftServer$Division (RaftServerImpl.java:checkInconsistentAppendEntries(1288)) - omNode-1@group-523986131536: inconsistency entries. Reply:omNode-3<-omNode-1#3394:FAIL-t5,INCONSISTENCY,nextIndex=11,followerCommit=10
2021-11-02 20:11:43,410 [grpc-default-executor-3] INFO  leader.FollowerInfo (FollowerInfoImpl.java:lambda$new$0(47)) - omNode-3@group-523986131536->omNode-1: nextIndex: updateUnconditionally 21 -> 11
2021-11-02 20:11:43,911 [grpc-default-executor-6] INFO  server.RaftServer$Division (RaftServerImpl.java:checkInconsistentAppendEntries(1322)) - omNode-1@group-523986131536: Failed appendEntries as previous log entry ((t:5, i:20)) is not found
2021-11-02 20:11:43,911 [grpc-default-executor-6] INFO  server.RaftServer$Division (RaftServerImpl.java:checkInconsistentAppendEntries(1288)) - omNode-1@group-523986131536: inconsistency entries. Reply:omNode-3<-omNode-1#3445:FAIL-t5,INCONSISTENCY,nextIndex=11,followerCommit=10
2021-11-02 20:11:43,912 [grpc-default-executor-3] INFO  leader.FollowerInfo (FollowerInfoImpl.java:lambda$new$0(47)) - omNode-3@group-523986131536->omNode-1: nextIndex: updateUnconditionally 21 -> 11
2021-11-02 20:11:44,414 [grpc-default-executor-6] INFO  server.RaftServer$Division (RaftServerImpl.java:checkInconsistentAppendEntries(1322)) - omNode-1@group-523986131536: Failed appendEntries as previous log entry ((t:5, i:20)) is not found
2021-11-02 20:11:44,414 [grpc-default-executor-6] INFO  server.RaftServer$Division (RaftServerImpl.java:checkInconsistentAppendEntries(1288)) - omNode-1@group-523986131536: inconsistency entries. Reply:omNode-3<-omNode-1#3496:FAIL-t5,INCONSISTENCY,nextIndex=11,followerCommit=10
2021-11-02 20:11:44,414 [grpc-default-executor-6] INFO  leader.FollowerInfo (FollowerInfoImpl.java:lambda$new$0(47)) - omNode-3@group-523986131536->omNode-1: nextIndex: updateUnconditionally 21 -> 11
2021-11-02 20:11:44,916 [grpc-default-executor-3] INFO  server.RaftServer$Division (RaftServerImpl.java:checkInconsistentAppendEntries(1322)) - omNode-1@group-523986131536: Failed appendEntries as previous log entry ((t:5, i:20)) is not found
2021-11-02 20:11:44,916 [grpc-default-executor-3] INFO  server.RaftServer$Division (RaftServerImpl.java:checkInconsistentAppendEntries(1288)) - omNode-1@group-523986131536: inconsistency entries. Reply:omNode-3<-omNode-1#3547:FAIL-t5,INCONSISTENCY,nextIndex=11,followerCommit=10
2021-11-02 20:11:44,916 [grpc-default-executor-3] INFO  leader.FollowerInfo (FollowerInfoImpl.java:lambda$new$0(47)) - omNode-3@group-523986131536->omNode-1: nextIndex: updateUnconditionally 21 -> 11
2021-11-02 20:11:45,417 [grpc-default-executor-3] INFO  server.RaftServer$Division (RaftServerImpl.java:checkInconsistentAppendEntries(1322)) - omNode-1@group-523986131536: Failed appendEntries as previous log entry ((t:5, i:20)) is not found
2021-11-02 20:11:45,418 [grpc-default-executor-3] INFO  server.RaftServer$Division (RaftServerImpl.java:checkInconsistentAppendEntries(1288)) - omNode-1@group-523986131536: inconsistency entries. Reply:omNode-3<-omNode-1#3598:FAIL-t5,INCONSISTENCY,nextIndex=11,followerCommit=10
2021-11-02 20:11:45,418 [grpc-default-executor-6] INFO  leader.FollowerInfo (FollowerInfoImpl.java:lambda$new$0(47)) - omNode-3@group-523986131536->omNode-1: nextIndex: updateUnconditionally 21 -> 11
2021-11-02 20:11:45,920 [grpc-default-executor-6] INFO  server.RaftServer$Division (RaftServerImpl.java:checkInconsistentAppendEntries(1322)) - omNode-1@group-523986131536: Failed appendEntries as previous log entry ((t:5, i:20)) is not found
2021-11-02 20:11:45,920 [grpc-default-executor-6] INFO  server.RaftServer$Division (RaftServerImpl.java:checkInconsistentAppendEntries(1288)) - omNode-1@group-523986131536: inconsistency entries. Reply:omNode-3<-omNode-1#3649:FAIL-t5,INCONSISTENCY,nextIndex=11,followerCommit=10
2021-11-02 20:11:45,921 [grpc-default-executor-6] INFO  leader.FollowerInfo (FollowerInfoImpl.java:lambda$new$0(47)) - omNode-3@group-523986131536->omNode-1: nextIndex: updateUnconditionally 21 -> 11
2021-11-02 20:11:46,422 [grpc-default-executor-3] INFO  server.RaftServer$Division (RaftServerImpl.java:checkInconsistentAppendEntries(1322)) - omNode-1@group-523986131536: Failed appendEntries as previous log entry ((t:5, i:20)) is not found
2021-11-02 20:11:46,422 [grpc-default-executor-3] INFO  server.RaftServer$Division (RaftServerImpl.java:checkInconsistentAppendEntries(1288)) - omNode-1@group-523986131536: inconsistency entries. Reply:omNode-3<-omNode-1#3700:FAIL-t5,INCONSISTENCY,nextIndex=11,followerCommit=10
2021-11-02 20:11:46,423 [grpc-default-executor-3] INFO  leader.FollowerInfo (FollowerInfoImpl.java:lambda$new$0(47)) - omNode-3@group-523986131536->omNode-1: nextIndex: updateUnconditionally 21 -> 11
2021-11-02 20:11:46,924 [grpc-default-executor-3] INFO  server.RaftServer$Division (RaftServerImpl.java:checkInconsistentAppendEntries(1322)) - omNode-1@group-523986131536: Failed appendEntries as previous log entry ((t:5, i:20)) is not found
2021-11-02 20:11:46,925 [grpc-default-executor-3] INFO  server.RaftServer$Division (RaftServerImpl.java:checkInconsistentAppendEntries(1288)) - omNode-1@group-523986131536: inconsistency entries. Reply:omNode-3<-omNode-1#3751:FAIL-t5,INCONSISTENCY,nextIndex=11,followerCommit=10
2021-11-02 20:11:46,925 [grpc-default-executor-3] INFO  leader.FollowerInfo (FollowerInfoImpl.java:lambda$new$0(47)) - omNode-3@group-523986131536->omNode-1: nextIndex: updateUnconditionally 21 -> 11
2021-11-02 20:11:47,426 [grpc-default-executor-6] INFO  server.RaftServer$Division (RaftServerImpl.java:checkInconsistentAppendEntries(1322)) - omNode-1@group-523986131536: Failed appendEntries as previous log entry ((t:5, i:20)) is not found
2021-11-02 20:11:47,426 [grpc-default-executor-6] INFO  server.RaftServer$Division (RaftServerImpl.java:checkInconsistentAppendEntries(1288)) - omNode-1@group-523986131536: inconsistency entries. Reply:omNode-3<-omNode-1#3802:FAIL-t5,INCONSISTENCY,nextIndex=11,followerCommit=10
2021-11-02 20:11:47,427 [grpc-default-executor-6] INFO  leader.FollowerInfo (FollowerInfoImpl.java:lambda$new$0(47)) - omNode-3@group-523986131536->omNode-1: nextIndex: updateUnconditionally 21 -> 11
2021-11-02 20:11:47,928 [grpc-default-executor-3] INFO  server.RaftServer$Division (RaftServerImpl.java:checkInconsistentAppendEntries(1322)) - omNode-1@group-523986131536: Failed appendEntries as previous log entry ((t:5, i:20)) is not found
2021-11-02 20:11:47,928 [grpc-default-executor-3] INFO  server.RaftServer$Division (RaftServerImpl.java:checkInconsistentAppendEntries(1288)) - omNode-1@group-523986131536: inconsistency entries. Reply:omNode-3<-omNode-1#3853:FAIL-t5,INCONSISTENCY,nextIndex=11,followerCommit=10
2021-11-02 20:11:47,929 [grpc-default-executor-3] INFO  leader.FollowerInfo (FollowerInfoImpl.java:lambda$new$0(47)) - omNode-3@group-523986131536->omNode-1: nextIndex: updateUnconditionally 21 -> 11
2021-11-02 20:11:48,430 [grpc-default-executor-3] INFO  server.RaftServer$Division (RaftServerImpl.java:checkInconsistentAppendEntries(1322)) - omNode-1@group-523986131536: Failed appendEntries as previous log entry ((t:5, i:20)) is not found
2021-11-02 20:11:48,431 [grpc-default-executor-3] INFO  server.RaftServer$Division (RaftServerImpl.java:checkInconsistentAppendEntries(1288)) - omNode-1@group-523986131536: inconsistency entries. Reply:omNode-3<-omNode-1#3904:FAIL-t5,INCONSISTENCY,nextIndex=11,followerCommit=10
2021-11-02 20:11:48,431 [grpc-default-executor-3] INFO  leader.FollowerInfo (FollowerInfoImpl.java:lambda$new$0(47)) - omNode-3@group-523986131536->omNode-1: nextIndex: updateUnconditionally 21 -> 11
2021-11-02 20:11:48,933 [grpc-default-executor-6] INFO  server.RaftServer$Division (RaftServerImpl.java:checkInconsistentAppendEntries(1322)) - omNode-1@group-523986131536: Failed appendEntries as previous log entry ((t:5, i:20)) is not found
2021-11-02 20:11:48,933 [grpc-default-executor-6] INFO  server.RaftServer$Division (RaftServerImpl.java:checkInconsistentAppendEntries(1288)) - omNode-1@group-523986131536: inconsistency entries. Reply:omNode-3<-omNode-1#3955:FAIL-t5,INCONSISTENCY,nextIndex=11,followerCommit=10
2021-11-02 20:11:48,934 [grpc-default-executor-6] INFO  leader.FollowerInfo (FollowerInfoImpl.java:lambda$new$0(47)) - omNode-3@group-523986131536->omNode-1: nextIndex: updateUnconditionally 21 -> 11
2021-11-02 20:11:49,435 [grpc-default-executor-6] INFO  server.RaftServer$Division (RaftServerImpl.java:checkInconsistentAppendEntries(1322)) - omNode-1@group-523986131536: Failed appendEntries as previous log entry ((t:5, i:20)) is not found
2021-11-02 20:11:49,435 [grpc-default-executor-6] INFO  server.RaftServer$Division (RaftServerImpl.java:checkInconsistentAppendEntries(1288)) - omNode-1@group-523986131536: inconsistency entries. Reply:omNode-3<-omNode-1#4006:FAIL-t5,INCONSISTENCY,nextIndex=11,followerCommit=10
2021-11-02 20:11:49,436 [grpc-default-executor-6] INFO  leader.FollowerInfo (FollowerInfoImpl.java:lambda$new$0(47)) - omNode-3@group-523986131536->omNode-1: nextIndex: updateUnconditionally 21 -> 11
2021-11-02 20:11:49,937 [grpc-default-executor-6] INFO  server.RaftServer$Division (RaftServerImpl.java:checkInconsistentAppendEntries(1322)) - omNode-1@group-523986131536: Failed appendEntries as previous log entry ((t:5, i:20)) is not found
2021-11-02 20:11:49,938 [grpc-default-executor-6] INFO  server.RaftServer$Division (RaftServerImpl.java:checkInconsistentAppendEntries(1288)) - omNode-1@group-523986131536: inconsistency entries. Reply:omNode-3<-omNode-1#4057:FAIL-t5,INCONSISTENCY,nextIndex=11,followerCommit=10
2021-11-02 20:11:49,938 [grpc-default-executor-6] INFO  leader.FollowerInfo (FollowerInfoImpl.java:lambda$new$0(47)) - omNode-3@group-523986131536->omNode-1: nextIndex: updateUnconditionally 21 -> 11
2021-11-02 20:11:50,439 [grpc-default-executor-3] INFO  server.RaftServer$Division (RaftServerImpl.java:checkInconsistentAppendEntries(1322)) - omNode-1@group-523986131536: Failed appendEntries as previous log entry ((t:5, i:20)) is not found
2021-11-02 20:11:50,439 [grpc-default-executor-3] INFO  server.RaftServer$Division (RaftServerImpl.java:checkInconsistentAppendEntries(1288)) - omNode-1@group-523986131536: inconsistency entries. Reply:omNode-3<-omNode-1#4108:FAIL-t5,INCONSISTENCY,nextIndex=11,followerCommit=10
2021-11-02 20:11:50,440 [grpc-default-executor-6] INFO  leader.FollowerInfo (FollowerInfoImpl.java:lambda$new$0(47)) - omNode-3@group-523986131536->omNode-1: nextIndex: updateUnconditionally 21 -> 11
2021-11-02 20:11:50,941 [grpc-default-executor-6] INFO  server.RaftServer$Division (RaftServerImpl.java:checkInconsistentAppendEntries(1322)) - omNode-1@group-523986131536: Failed appendEntries as previous log entry ((t:5, i:20)) is not found
2021-11-02 20:11:50,942 [grpc-default-executor-6] INFO  server.RaftServer$Division (RaftServerImpl.java:checkInconsistentAppendEntries(1288)) - omNode-1@group-523986131536: inconsistency entries. Reply:omNode-3<-omNode-1#4159:FAIL-t5,INCONSISTENCY,nextIndex=11,followerCommit=10
2021-11-02 20:11:50,942 [grpc-default-executor-3] INFO  leader.FollowerInfo (FollowerInfoImpl.java:lambda$new$0(47)) - omNode-3@group-523986131536->omNode-1: nextIndex: updateUnconditionally 21 -> 11
2021-11-02 20:11:51,443 [grpc-default-executor-3] INFO  server.RaftServer$Division (RaftServerImpl.java:checkInconsistentAppendEntries(1322)) - omNode-1@group-523986131536: Failed appendEntries as previous log entry ((t:5, i:20)) is not found
2021-11-02 20:11:51,444 [grpc-default-executor-3] INFO  server.RaftServer$Division (RaftServerImpl.java:checkInconsistentAppendEntries(1288)) - omNode-1@group-523986131536: inconsistency entries. Reply:omNode-3<-omNode-1#4210:FAIL-t5,INCONSISTENCY,nextIndex=11,followerCommit=10
2021-11-02 20:11:51,444 [grpc-default-executor-3] INFO  leader.FollowerInfo (FollowerInfoImpl.java:lambda$new$0(47)) - omNode-3@group-523986131536->omNode-1: nextIndex: updateUnconditionally 21 -> 11
2021-11-02 20:11:51,945 [grpc-default-executor-3] INFO  server.RaftServer$Division (RaftServerImpl.java:checkInconsistentAppendEntries(1322)) - omNode-1@group-523986131536: Failed appendEntries as previous log entry ((t:5, i:20)) is not found
2021-11-02 20:11:51,945 [grpc-default-executor-3] INFO  server.RaftServer$Division (RaftServerImpl.java:checkInconsistentAppendEntries(1288)) - omNode-1@group-523986131536: inconsistency entries. Reply:omNode-3<-omNode-1#4261:FAIL-t5,INCONSISTENCY,nextIndex=11,followerCommit=10
2021-11-02 20:11:51,946 [grpc-default-executor-3] INFO  leader.FollowerInfo (FollowerInfoImpl.java:lambda$new$0(47)) - omNode-3@group-523986131536->omNode-1: nextIndex: updateUnconditionally 21 -> 11
2021-11-02 20:11:52,448 [grpc-default-executor-3] INFO  server.RaftServer$Division (RaftServerImpl.java:checkInconsistentAppendEntries(1322)) - omNode-1@group-523986131536: Failed appendEntries as previous log entry ((t:5, i:20)) is not found
2021-11-02 20:11:52,449 [grpc-default-executor-3] INFO  server.RaftServer$Division (RaftServerImpl.java:checkInconsistentAppendEntries(1288)) - omNode-1@group-523986131536: inconsistency entries. Reply:omNode-3<-omNode-1#4312:FAIL-t5,INCONSISTENCY,nextIndex=11,followerCommit=10
2021-11-02 20:11:52,449 [grpc-default-executor-3] INFO  leader.FollowerInfo (FollowerInfoImpl.java:lambda$new$0(47)) - omNode-3@group-523986131536->omNode-1: nextIndex: updateUnconditionally 21 -> 11
2021-11-02 20:11:52,950 [grpc-default-executor-3] INFO  server.RaftServer$Division (RaftServerImpl.java:checkInconsistentAppendEntries(1322)) - omNode-1@group-523986131536: Failed appendEntries as previous log entry ((t:5, i:20)) is not found
2021-11-02 20:11:52,950 [grpc-default-executor-3] INFO  server.RaftServer$Division (RaftServerImpl.java:checkInconsistentAppendEntries(1288)) - omNode-1@group-523986131536: inconsistency entries. Reply:omNode-3<-omNode-1#4363:FAIL-t5,INCONSISTENCY,nextIndex=11,followerCommit=10
2021-11-02 20:11:52,951 [grpc-default-executor-3] INFO  leader.FollowerInfo (FollowerInfoImpl.java:lambda$new$0(47)) - omNode-3@group-523986131536->omNode-1: nextIndex: updateUnconditionally 21 -> 11
2021-11-02 20:11:53,453 [grpc-default-executor-3] INFO  server.RaftServer$Division (RaftServerImpl.java:checkInconsistentAppendEntries(1322)) - omNode-1@group-523986131536: Failed appendEntries as previous log entry ((t:5, i:20)) is not found
2021-11-02 20:11:53,453 [grpc-default-executor-3] INFO  server.RaftServer$Division (RaftServerImpl.java:checkInconsistentAppendEntries(1288)) - omNode-1@group-523986131536: inconsistency entries. Reply:omNode-3<-omNode-1#4414:FAIL-t5,INCONSISTENCY,nextIndex=11,followerCommit=10
2021-11-02 20:11:53,453 [grpc-default-executor-3] INFO  leader.FollowerInfo (FollowerInfoImpl.java:lambda$new$0(47)) - omNode-3@group-523986131536->omNode-1: nextIndex: updateUnconditionally 21 -> 11
2021-11-02 20:11:53,954 [grpc-default-executor-3] INFO  server.RaftServer$Division (RaftServerImpl.java:checkInconsistentAppendEntries(1322)) - omNode-1@group-523986131536: Failed appendEntries as previous log entry ((t:5, i:20)) is not found
2021-11-02 20:11:53,955 [grpc-default-executor-3] INFO  server.RaftServer$Division (RaftServerImpl.java:checkInconsistentAppendEntries(1288)) - omNode-1@group-523986131536: inconsistency entries. Reply:omNode-3<-omNode-1#4465:FAIL-t5,INCONSISTENCY,nextIndex=11,followerCommit=10
2021-11-02 20:11:53,955 [grpc-default-executor-3] INFO  leader.FollowerInfo (FollowerInfoImpl.java:lambda$new$0(47)) - omNode-3@group-523986131536->omNode-1: nextIndex: updateUnconditionally 21 -> 11
2021-11-02 20:11:54,457 [grpc-default-executor-3] INFO  server.RaftServer$Division (RaftServerImpl.java:checkInconsistentAppendEntries(1322)) - omNode-1@group-523986131536: Failed appendEntries as previous log entry ((t:5, i:20)) is not found
2021-11-02 20:11:54,457 [grpc-default-executor-3] INFO  server.RaftServer$Division (RaftServerImpl.java:checkInconsistentAppendEntries(1288)) - omNode-1@group-523986131536: inconsistency entries. Reply:omNode-3<-omNode-1#4516:FAIL-t5,INCONSISTENCY,nextIndex=11,followerCommit=10
2021-11-02 20:11:54,458 [grpc-default-executor-6] INFO  leader.FollowerInfo (FollowerInfoImpl.java:lambda$new$0(47)) - omNode-3@group-523986131536->omNode-1: nextIndex: updateUnconditionally 21 -> 11
2021-11-02 20:11:54,959 [grpc-default-executor-6] INFO  server.RaftServer$Division (RaftServerImpl.java:checkInconsistentAppendEntries(1322)) - omNode-1@group-523986131536: Failed appendEntries as previous log entry ((t:5, i:20)) is not found
2021-11-02 20:11:54,960 [grpc-default-executor-6] INFO  server.RaftServer$Division (RaftServerImpl.java:checkInconsistentAppendEntries(1288)) - omNode-1@group-523986131536: inconsistency entries. Reply:omNode-3<-omNode-1#4567:FAIL-t5,INCONSISTENCY,nextIndex=11,followerCommit=10
2021-11-02 20:11:54,960 [grpc-default-executor-6] INFO  leader.FollowerInfo (FollowerInfoImpl.java:lambda$new$0(47)) - omNode-3@group-523986131536->omNode-1: nextIndex: updateUnconditionally 21 -> 11
2021-11-02 20:11:55,462 [grpc-default-executor-3] INFO  server.RaftServer$Division (RaftServerImpl.java:checkInconsistentAppendEntries(1322)) - omNode-1@group-523986131536: Failed appendEntries as previous log entry ((t:5, i:20)) is not found
2021-11-02 20:11:55,462 [grpc-default-executor-3] INFO  server.RaftServer$Division (RaftServerImpl.java:checkInconsistentAppendEntries(1288)) - omNode-1@group-523986131536: inconsistency entries. Reply:omNode-3<-omNode-1#4618:FAIL-t5,INCONSISTENCY,nextIndex=11,followerCommit=10
2021-11-02 20:11:55,463 [grpc-default-executor-3] INFO  leader.FollowerInfo (FollowerInfoImpl.java:lambda$new$0(47)) - omNode-3@group-523986131536->omNode-1: nextIndex: updateUnconditionally 21 -> 11
2021-11-02 20:11:55,964 [grpc-default-executor-3] INFO  server.RaftServer$Division (RaftServerImpl.java:checkInconsistentAppendEntries(1322)) - omNode-1@group-523986131536: Failed appendEntries as previous log entry ((t:5, i:20)) is not found
2021-11-02 20:11:55,964 [grpc-default-executor-3] INFO  server.RaftServer$Division (RaftServerImpl.java:checkInconsistentAppendEntries(1288)) - omNode-1@group-523986131536: inconsistency entries. Reply:omNode-3<-omNode-1#4669:FAIL-t5,INCONSISTENCY,nextIndex=11,followerCommit=10
2021-11-02 20:11:55,965 [grpc-default-executor-6] INFO  leader.FollowerInfo (FollowerInfoImpl.java:lambda$new$0(47)) - omNode-3@group-523986131536->omNode-1: nextIndex: updateUnconditionally 21 -> 11
2021-11-02 20:11:56,467 [grpc-default-executor-6] INFO  server.RaftServer$Division (RaftServerImpl.java:checkInconsistentAppendEntries(1322)) - omNode-1@group-523986131536: Failed appendEntries as previous log entry ((t:5, i:20)) is not found
2021-11-02 20:11:56,467 [grpc-default-executor-6] INFO  server.RaftServer$Division (RaftServerImpl.java:checkInconsistentAppendEntries(1288)) - omNode-1@group-523986131536: inconsistency entries. Reply:omNode-3<-omNode-1#4720:FAIL-t5,INCONSISTENCY,nextIndex=11,followerCommit=10
2021-11-02 20:11:56,468 [grpc-default-executor-6] INFO  leader.FollowerInfo (FollowerInfoImpl.java:lambda$new$0(47)) - omNode-3@group-523986131536->omNode-1: nextIndex: updateUnconditionally 21 -> 11
2021-11-02 20:11:56,969 [grpc-default-executor-3] INFO  server.RaftServer$Division (RaftServerImpl.java:checkInconsistentAppendEntries(1322)) - omNode-1@group-523986131536: Failed appendEntries as previous log entry ((t:5, i:20)) is not found
2021-11-02 20:11:56,970 [grpc-default-executor-3] INFO  server.RaftServer$Division (RaftServerImpl.java:checkInconsistentAppendEntries(1288)) - omNode-1@group-523986131536: inconsistency entries. Reply:omNode-3<-omNode-1#4771:FAIL-t5,INCONSISTENCY,nextIndex=11,followerCommit=10
2021-11-02 20:11:56,970 [grpc-default-executor-3] INFO  leader.FollowerInfo (FollowerInfoImpl.java:lambda$new$0(47)) - omNode-3@group-523986131536->omNode-1: nextIndex: updateUnconditionally 21 -> 11
2021-11-02 20:11:57,471 [grpc-default-executor-6] INFO  server.RaftServer$Division (RaftServerImpl.java:checkInconsistentAppendEntries(1322)) - omNode-1@group-523986131536: Failed appendEntries as previous log entry ((t:5, i:20)) is not found
2021-11-02 20:11:57,471 [grpc-default-executor-6] INFO  server.RaftServer$Division (RaftServerImpl.java:checkInconsistentAppendEntries(1288)) - omNode-1@group-523986131536: inconsistency entries. Reply:omNode-3<-omNode-1#4822:FAIL-t5,INCONSISTENCY,nextIndex=11,followerCommit=10
2021-11-02 20:11:57,472 [grpc-default-executor-3] INFO  leader.FollowerInfo (FollowerInfoImpl.java:lambda$new$0(47)) - omNode-3@group-523986131536->omNode-1: nextIndex: updateUnconditionally 21 -> 11
2021-11-02 20:11:57,973 [grpc-default-executor-3] INFO  server.RaftServer$Division (RaftServerImpl.java:checkInconsistentAppendEntries(1322)) - omNode-1@group-523986131536: Failed appendEntries as previous log entry ((t:5, i:20)) is not found
2021-11-02 20:11:57,974 [grpc-default-executor-3] INFO  server.RaftServer$Division (RaftServerImpl.java:checkInconsistentAppendEntries(1288)) - omNode-1@group-523986131536: inconsistency entries. Reply:omNode-3<-omNode-1#4873:FAIL-t5,INCONSISTENCY,nextIndex=11,followerCommit=10
2021-11-02 20:11:57,974 [grpc-default-executor-3] INFO  leader.FollowerInfo (FollowerInfoImpl.java:lambda$new$0(47)) - omNode-3@group-523986131536->omNode-1: nextIndex: updateUnconditionally 21 -> 11
2021-11-02 20:11:58,475 [grpc-default-executor-3] INFO  server.RaftServer$Division (RaftServerImpl.java:checkInconsistentAppendEntries(1322)) - omNode-1@group-523986131536: Failed appendEntries as previous log entry ((t:5, i:20)) is not found
2021-11-02 20:11:58,476 [grpc-default-executor-3] INFO  server.RaftServer$Division (RaftServerImpl.java:checkInconsistentAppendEntries(1288)) - omNode-1@group-523986131536: inconsistency entries. Reply:omNode-3<-omNode-1#4924:FAIL-t5,INCONSISTENCY,nextIndex=11,followerCommit=10
2021-11-02 20:11:58,476 [grpc-default-executor-3] INFO  leader.FollowerInfo (FollowerInfoImpl.java:lambda$new$0(47)) - omNode-3@group-523986131536->omNode-1: nextIndex: updateUnconditionally 21 -> 11
2021-11-02 20:11:58,977 [grpc-default-executor-3] INFO  server.RaftServer$Division (RaftServerImpl.java:checkInconsistentAppendEntries(1322)) - omNode-1@group-523986131536: Failed appendEntries as previous log entry ((t:5, i:20)) is not found
2021-11-02 20:11:58,978 [grpc-default-executor-3] INFO  server.RaftServer$Division (RaftServerImpl.java:checkInconsistentAppendEntries(1288)) - omNode-1@group-523986131536: inconsistency entries. Reply:omNode-3<-omNode-1#4975:FAIL-t5,INCONSISTENCY,nextIndex=11,followerCommit=10
2021-11-02 20:11:58,978 [grpc-default-executor-3] INFO  leader.FollowerInfo (FollowerInfoImpl.java:lambda$new$0(47)) - omNode-3@group-523986131536->omNode-1: nextIndex: updateUnconditionally 21 -> 11
2021-11-02 20:11:59,479 [grpc-default-executor-3] INFO  server.RaftServer$Division (RaftServerImpl.java:checkInconsistentAppendEntries(1322)) - omNode-1@group-523986131536: Failed appendEntries as previous log entry ((t:5, i:20)) is not found
2021-11-02 20:11:59,480 [grpc-default-executor-3] INFO  server.RaftServer$Division (RaftServerImpl.java:checkInconsistentAppendEntries(1288)) - omNode-1@group-523986131536: inconsistency entries. Reply:omNode-3<-omNode-1#5026:FAIL-t5,INCONSISTENCY,nextIndex=11,followerCommit=10
2021-11-02 20:11:59,480 [grpc-default-executor-3] INFO  leader.FollowerInfo (FollowerInfoImpl.java:lambda$new$0(47)) - omNode-3@group-523986131536->omNode-1: nextIndex: updateUnconditionally 21 -> 11
2021-11-02 20:11:59,982 [grpc-default-executor-3] INFO  server.RaftServer$Division (RaftServerImpl.java:checkInconsistentAppendEntries(1322)) - omNode-1@group-523986131536: Failed appendEntries as previous log entry ((t:5, i:20)) is not found
2021-11-02 20:11:59,982 [grpc-default-executor-3] INFO  server.RaftServer$Division (RaftServerImpl.java:checkInconsistentAppendEntries(1288)) - omNode-1@group-523986131536: inconsistency entries. Reply:omNode-3<-omNode-1#5077:FAIL-t5,INCONSISTENCY,nextIndex=11,followerCommit=10
2021-11-02 20:11:59,982 [grpc-default-executor-3] INFO  leader.FollowerInfo (FollowerInfoImpl.java:lambda$new$0(47)) - omNode-3@group-523986131536->omNode-1: nextIndex: updateUnconditionally 21 -> 11
2021-11-02 20:12:00,484 [grpc-default-executor-3] INFO  server.RaftServer$Division (RaftServerImpl.java:checkInconsistentAppendEntries(1322)) - omNode-1@group-523986131536: Failed appendEntries as previous log entry ((t:5, i:20)) is not found
2021-11-02 20:12:00,484 [grpc-default-executor-3] INFO  server.RaftServer$Division (RaftServerImpl.java:checkInconsistentAppendEntries(1288)) - omNode-1@group-523986131536: inconsistency entries. Reply:omNode-3<-omNode-1#5128:FAIL-t5,INCONSISTENCY,nextIndex=11,followerCommit=10
2021-11-02 20:12:00,484 [grpc-default-executor-3] INFO  leader.FollowerInfo (FollowerInfoImpl.java:lambda$new$0(47)) - omNode-3@group-523986131536->omNode-1: nextIndex: updateUnconditionally 21 -> 11
2021-11-02 20:12:00,986 [grpc-default-executor-3] INFO  server.RaftServer$Division (RaftServerImpl.java:checkInconsistentAppendEntries(1322)) - omNode-1@group-523986131536: Failed appendEntries as previous log entry ((t:5, i:20)) is not found
2021-11-02 20:12:00,986 [grpc-default-executor-3] INFO  server.RaftServer$Division (RaftServerImpl.java:checkInconsistentAppendEntries(1288)) - omNode-1@group-523986131536: inconsistency entries. Reply:omNode-3<-omNode-1#5179:FAIL-t5,INCONSISTENCY,nextIndex=11,followerCommit=10
2021-11-02 20:12:00,986 [grpc-default-executor-3] INFO  leader.FollowerInfo (FollowerInfoImpl.java:lambda$new$0(47)) - omNode-3@group-523986131536->omNode-1: nextIndex: updateUnconditionally 21 -> 11
2021-11-02 20:12:01,488 [grpc-default-executor-6] INFO  server.RaftServer$Division (RaftServerImpl.java:checkInconsistentAppendEntries(1322)) - omNode-1@group-523986131536: Failed appendEntries as previous log entry ((t:5, i:20)) is not found
2021-11-02 20:12:01,488 [grpc-default-executor-6] INFO  server.RaftServer$Division (RaftServerImpl.java:checkInconsistentAppendEntries(1288)) - omNode-1@group-523986131536: inconsistency entries. Reply:omNode-3<-omNode-1#5230:FAIL-t5,INCONSISTENCY,nextIndex=11,followerCommit=10
2021-11-02 20:12:01,489 [grpc-default-executor-6] INFO  leader.FollowerInfo (FollowerInfoImpl.java:lambda$new$0(47)) - omNode-3@group-523986131536->omNode-1: nextIndex: updateUnconditionally 21 -> 11
2021-11-02 20:12:01,990 [grpc-default-executor-3] INFO  server.RaftServer$Division (RaftServerImpl.java:checkInconsistentAppendEntries(1322)) - omNode-1@group-523986131536: Failed appendEntries as previous log entry ((t:5, i:20)) is not found
2021-11-02 20:12:01,990 [grpc-default-executor-3] INFO  server.RaftServer$Division (RaftServerImpl.java:checkInconsistentAppendEntries(1288)) - omNode-1@group-523986131536: inconsistency entries. Reply:omNode-3<-omNode-1#5281:FAIL-t5,INCONSISTENCY,nextIndex=11,followerCommit=10
2021-11-02 20:12:01,990 [grpc-default-executor-3] INFO  leader.FollowerInfo (FollowerInfoImpl.java:lambda$new$0(47)) - omNode-3@group-523986131536->omNode-1: nextIndex: updateUnconditionally 21 -> 11
2021-11-02 20:12:02,492 [grpc-default-executor-3] INFO  server.RaftServer$Division (RaftServerImpl.java:checkInconsistentAppendEntries(1322)) - omNode-1@group-523986131536: Failed appendEntries as previous log entry ((t:5, i:20)) is not found
2021-11-02 20:12:02,492 [grpc-default-executor-3] INFO  server.RaftServer$Division (RaftServerImpl.java:checkInconsistentAppendEntries(1288)) - omNode-1@group-523986131536: inconsistency entries. Reply:omNode-3<-omNode-1#5332:FAIL-t5,INCONSISTENCY,nextIndex=11,followerCommit=10
2021-11-02 20:12:02,493 [grpc-default-executor-3] INFO  leader.FollowerInfo (FollowerInfoImpl.java:lambda$new$0(47)) - omNode-3@group-523986131536->omNode-1: nextIndex: updateUnconditionally 21 -> 11
2021-11-02 20:12:02,994 [grpc-default-executor-3] INFO  server.RaftServer$Division (RaftServerImpl.java:checkInconsistentAppendEntries(1322)) - omNode-1@group-523986131536: Failed appendEntries as previous log entry ((t:5, i:20)) is not found
2021-11-02 20:12:02,995 [grpc-default-executor-3] INFO  server.RaftServer$Division (RaftServerImpl.java:checkInconsistentAppendEntries(1288)) - omNode-1@group-523986131536: inconsistency entries. Reply:omNode-3<-omNode-1#5383:FAIL-t5,INCONSISTENCY,nextIndex=11,followerCommit=10
2021-11-02 20:12:02,995 [grpc-default-executor-3] INFO  leader.FollowerInfo (FollowerInfoImpl.java:lambda$new$0(47)) - omNode-3@group-523986131536->omNode-1: nextIndex: updateUnconditionally 21 -> 11
2021-11-02 20:12:03,496 [grpc-default-executor-3] INFO  server.RaftServer$Division (RaftServerImpl.java:checkInconsistentAppendEntries(1322)) - omNode-1@group-523986131536: Failed appendEntries as previous log entry ((t:5, i:20)) is not found
2021-11-02 20:12:03,496 [grpc-default-executor-3] INFO  server.RaftServer$Division (RaftServerImpl.java:checkInconsistentAppendEntries(1288)) - omNode-1@group-523986131536: inconsistency entries. Reply:omNode-3<-omNode-1#5434:FAIL-t5,INCONSISTENCY,nextIndex=11,followerCommit=10
2021-11-02 20:12:03,496 [grpc-default-executor-6] INFO  leader.FollowerInfo (FollowerInfoImpl.java:lambda$new$0(47)) - omNode-3@group-523986131536->omNode-1: nextIndex: updateUnconditionally 21 -> 11
2021-11-02 20:12:04,000 [grpc-default-executor-3] INFO  server.RaftServer$Division (RaftServerImpl.java:checkInconsistentAppendEntries(1322)) - omNode-1@group-523986131536: Failed appendEntries as previous log entry ((t:5, i:20)) is not found
2021-11-02 20:12:04,000 [grpc-default-executor-3] INFO  server.RaftServer$Division (RaftServerImpl.java:checkInconsistentAppendEntries(1288)) - omNode-1@group-523986131536: inconsistency entries. Reply:omNode-3<-omNode-1#5485:FAIL-t5,INCONSISTENCY,nextIndex=11,followerCommit=10
2021-11-02 20:12:04,000 [grpc-default-executor-3] INFO  leader.FollowerInfo (FollowerInfoImpl.java:lambda$new$0(47)) - omNode-3@group-523986131536->omNode-1: nextIndex: updateUnconditionally 21 -> 11
2021-11-02 20:12:04,501 [grpc-default-executor-3] INFO  server.RaftServer$Division (RaftServerImpl.java:checkInconsistentAppendEntries(1322)) - omNode-1@group-523986131536: Failed appendEntries as previous log entry ((t:5, i:20)) is not found
2021-11-02 20:12:04,502 [grpc-default-executor-3] INFO  server.RaftServer$Division (RaftServerImpl.java:checkInconsistentAppendEntries(1288)) - omNode-1@group-523986131536: inconsistency entries. Reply:omNode-3<-omNode-1#5536:FAIL-t5,INCONSISTENCY,nextIndex=11,followerCommit=10
2021-11-02 20:12:04,502 [grpc-default-executor-3] INFO  leader.FollowerInfo (FollowerInfoImpl.java:lambda$new$0(47)) - omNode-3@group-523986131536->omNode-1: nextIndex: updateUnconditionally 21 -> 11
2021-11-02 20:12:05,003 [grpc-default-executor-3] INFO  server.RaftServer$Division (RaftServerImpl.java:checkInconsistentAppendEntries(1322)) - omNode-1@group-523986131536: Failed appendEntries as previous log entry ((t:5, i:20)) is not found
2021-11-02 20:12:05,004 [grpc-default-executor-3] INFO  server.RaftServer$Division (RaftServerImpl.java:checkInconsistentAppendEntries(1288)) - omNode-1@group-523986131536: inconsistency entries. Reply:omNode-3<-omNode-1#5587:FAIL-t5,INCONSISTENCY,nextIndex=11,followerCommit=10
2021-11-02 20:12:05,004 [grpc-default-executor-3] INFO  leader.FollowerInfo (FollowerInfoImpl.java:lambda$new$0(47)) - omNode-3@group-523986131536->omNode-1: nextIndex: updateUnconditionally 21 -> 11
2021-11-02 20:12:05,505 [grpc-default-executor-3] INFO  server.RaftServer$Division (RaftServerImpl.java:checkInconsistentAppendEntries(1322)) - omNode-1@group-523986131536: Failed appendEntries as previous log entry ((t:5, i:20)) is not found
2021-11-02 20:12:05,505 [grpc-default-executor-3] INFO  server.RaftServer$Division (RaftServerImpl.java:checkInconsistentAppendEntries(1288)) - omNode-1@group-523986131536: inconsistency entries. Reply:omNode-3<-omNode-1#5638:FAIL-t5,INCONSISTENCY,nextIndex=11,followerCommit=10
2021-11-02 20:12:05,505 [grpc-default-executor-3] INFO  leader.FollowerInfo (FollowerInfoImpl.java:lambda$new$0(47)) - omNode-3@group-523986131536->omNode-1: nextIndex: updateUnconditionally 21 -> 11
2021-11-02 20:12:06,007 [grpc-default-executor-3] INFO  server.RaftServer$Division (RaftServerImpl.java:checkInconsistentAppendEntries(1322)) - omNode-1@group-523986131536: Failed appendEntries as previous log entry ((t:5, i:20)) is not found
2021-11-02 20:12:06,007 [grpc-default-executor-3] INFO  server.RaftServer$Division (RaftServerImpl.java:checkInconsistentAppendEntries(1288)) - omNode-1@group-523986131536: inconsistency entries. Reply:omNode-3<-omNode-1#5689:FAIL-t5,INCONSISTENCY,nextIndex=11,followerCommit=10
2021-11-02 20:12:06,007 [grpc-default-executor-3] INFO  leader.FollowerInfo (FollowerInfoImpl.java:lambda$new$0(47)) - omNode-3@group-523986131536->omNode-1: nextIndex: updateUnconditionally 21 -> 11
2021-11-02 20:12:06,509 [grpc-default-executor-3] INFO  server.RaftServer$Division (RaftServerImpl.java:checkInconsistentAppendEntries(1322)) - omNode-1@group-523986131536: Failed appendEntries as previous log entry ((t:5, i:20)) is not found
2021-11-02 20:12:06,509 [grpc-default-executor-3] INFO  server.RaftServer$Division (RaftServerImpl.java:checkInconsistentAppendEntries(1288)) - omNode-1@group-523986131536: inconsistency entries. Reply:omNode-3<-omNode-1#5740:FAIL-t5,INCONSISTENCY,nextIndex=11,followerCommit=10
2021-11-02 20:12:06,509 [grpc-default-executor-3] INFO  leader.FollowerInfo (FollowerInfoImpl.java:lambda$new$0(47)) - omNode-3@group-523986131536->omNode-1: nextIndex: updateUnconditionally 21 -> 11
2021-11-02 20:12:07,010 [grpc-default-executor-6] INFO  server.RaftServer$Division (RaftServerImpl.java:checkInconsistentAppendEntries(1322)) - omNode-1@group-523986131536: Failed appendEntries as previous log entry ((t:5, i:20)) is not found
2021-11-02 20:12:07,010 [grpc-default-executor-6] INFO  server.RaftServer$Division (RaftServerImpl.java:checkInconsistentAppendEntries(1288)) - omNode-1@group-523986131536: inconsistency entries. Reply:omNode-3<-omNode-1#5791:FAIL-t5,INCONSISTENCY,nextIndex=11,followerCommit=10
2021-11-02 20:12:07,011 [grpc-default-executor-6] INFO  leader.FollowerInfo (FollowerInfoImpl.java:lambda$new$0(47)) - omNode-3@group-523986131536->omNode-1: nextIndex: updateUnconditionally 21 -> 11
2021-11-02 20:12:07,512 [grpc-default-executor-6] INFO  server.RaftServer$Division (RaftServerImpl.java:checkInconsistentAppendEntries(1322)) - omNode-1@group-523986131536: Failed appendEntries as previous log entry ((t:5, i:20)) is not found
2021-11-02 20:12:07,512 [grpc-default-executor-6] INFO  server.RaftServer$Division (RaftServerImpl.java:checkInconsistentAppendEntries(1288)) - omNode-1@group-523986131536: inconsistency entries. Reply:omNode-3<-omNode-1#5842:FAIL-t5,INCONSISTENCY,nextIndex=11,followerCommit=10
2021-11-02 20:12:07,513 [grpc-default-executor-6] INFO  leader.FollowerInfo (FollowerInfoImpl.java:lambda$new$0(47)) - omNode-3@group-523986131536->omNode-1: nextIndex: updateUnconditionally 21 -> 11
2021-11-02 20:12:08,014 [grpc-default-executor-6] INFO  server.RaftServer$Division (RaftServerImpl.java:checkInconsistentAppendEntries(1322)) - omNode-1@group-523986131536: Failed appendEntries as previous log entry ((t:5, i:20)) is not found
2021-11-02 20:12:08,014 [grpc-default-executor-6] INFO  server.RaftServer$Division (RaftServerImpl.java:checkInconsistentAppendEntries(1288)) - omNode-1@group-523986131536: inconsistency entries. Reply:omNode-3<-omNode-1#5893:FAIL-t5,INCONSISTENCY,nextIndex=11,followerCommit=10
2021-11-02 20:12:08,015 [grpc-default-executor-6] INFO  leader.FollowerInfo (FollowerInfoImpl.java:lambda$new$0(47)) - omNode-3@group-523986131536->omNode-1: nextIndex: updateUnconditionally 21 -> 11
2021-11-02 20:12:08,516 [grpc-default-executor-6] INFO  server.RaftServer$Division (RaftServerImpl.java:checkInconsistentAppendEntries(1322)) - omNode-1@group-523986131536: Failed appendEntries as previous log entry ((t:5, i:20)) is not found
2021-11-02 20:12:08,516 [grpc-default-executor-6] INFO  server.RaftServer$Division (RaftServerImpl.java:checkInconsistentAppendEntries(1288)) - omNode-1@group-523986131536: inconsistency entries. Reply:omNode-3<-omNode-1#5944:FAIL-t5,INCONSISTENCY,nextIndex=11,followerCommit=10
2021-11-02 20:12:08,516 [grpc-default-executor-6] INFO  leader.FollowerInfo (FollowerInfoImpl.java:lambda$new$0(47)) - omNode-3@group-523986131536->omNode-1: nextIndex: updateUnconditionally 21 -> 11
2021-11-02 20:12:09,017 [grpc-default-executor-3] INFO  server.RaftServer$Division (RaftServerImpl.java:checkInconsistentAppendEntries(1322)) - omNode-1@group-523986131536: Failed appendEntries as previous log entry ((t:5, i:20)) is not found
2021-11-02 20:12:09,018 [grpc-default-executor-3] INFO  server.RaftServer$Division (RaftServerImpl.java:checkInconsistentAppendEntries(1288)) - omNode-1@group-523986131536: inconsistency entries. Reply:omNode-3<-omNode-1#5995:FAIL-t5,INCONSISTENCY,nextIndex=11,followerCommit=10
2021-11-02 20:12:09,018 [grpc-default-executor-3] INFO  leader.FollowerInfo (FollowerInfoImpl.java:lambda$new$0(47)) - omNode-3@group-523986131536->omNode-1: nextIndex: updateUnconditionally 21 -> 11
2021-11-02 20:12:09,519 [grpc-default-executor-3] INFO  server.RaftServer$Division (RaftServerImpl.java:checkInconsistentAppendEntries(1322)) - omNode-1@group-523986131536: Failed appendEntries as previous log entry ((t:5, i:20)) is not found
2021-11-02 20:12:09,519 [grpc-default-executor-3] INFO  server.RaftServer$Division (RaftServerImpl.java:checkInconsistentAppendEntries(1288)) - omNode-1@group-523986131536: inconsistency entries. Reply:omNode-3<-omNode-1#6046:FAIL-t5,INCONSISTENCY,nextIndex=11,followerCommit=10
2021-11-02 20:12:09,519 [grpc-default-executor-3] INFO  leader.FollowerInfo (FollowerInfoImpl.java:lambda$new$0(47)) - omNode-3@group-523986131536->omNode-1: nextIndex: updateUnconditionally 21 -> 11
2021-11-02 20:12:10,021 [grpc-default-executor-3] INFO  server.RaftServer$Division (RaftServerImpl.java:checkInconsistentAppendEntries(1322)) - omNode-1@group-523986131536: Failed appendEntries as previous log entry ((t:5, i:20)) is not found
2021-11-02 20:12:10,021 [grpc-default-executor-3] INFO  server.RaftServer$Division (RaftServerImpl.java:checkInconsistentAppendEntries(1288)) - omNode-1@group-523986131536: inconsistency entries. Reply:omNode-3<-omNode-1#6097:FAIL-t5,INCONSISTENCY,nextIndex=11,followerCommit=10
2021-11-02 20:12:10,021 [grpc-default-executor-3] INFO  leader.FollowerInfo (FollowerInfoImpl.java:lambda$new$0(47)) - omNode-3@group-523986131536->omNode-1: nextIndex: updateUnconditionally 21 -> 11
2021-11-02 20:12:10,523 [grpc-default-executor-3] INFO  server.RaftServer$Division (RaftServerImpl.java:checkInconsistentAppendEntries(1322)) - omNode-1@group-523986131536: Failed appendEntries as previous log entry ((t:5, i:20)) is not found
2021-11-02 20:12:10,523 [grpc-default-executor-3] INFO  server.RaftServer$Division (RaftServerImpl.java:checkInconsistentAppendEntries(1288)) - omNode-1@group-523986131536: inconsistency entries. Reply:omNode-3<-omNode-1#6148:FAIL-t5,INCONSISTENCY,nextIndex=11,followerCommit=10
2021-11-02 20:12:10,524 [grpc-default-executor-3] INFO  leader.FollowerInfo (FollowerInfoImpl.java:lambda$new$0(47)) - omNode-3@group-523986131536->omNode-1: nextIndex: updateUnconditionally 21 -> 11
2021-11-02 20:12:11,025 [grpc-default-executor-3] INFO  server.RaftServer$Division (RaftServerImpl.java:checkInconsistentAppendEntries(1322)) - omNode-1@group-523986131536: Failed appendEntries as previous log entry ((t:5, i:20)) is not found
2021-11-02 20:12:11,025 [grpc-default-executor-3] INFO  server.RaftServer$Division (RaftServerImpl.java:checkInconsistentAppendEntries(1288)) - omNode-1@group-523986131536: inconsistency entries. Reply:omNode-3<-omNode-1#6199:FAIL-t5,INCONSISTENCY,nextIndex=11,followerCommit=10
2021-11-02 20:12:11,026 [grpc-default-executor-3] INFO  leader.FollowerInfo (FollowerInfoImpl.java:lambda$new$0(47)) - omNode-3@group-523986131536->omNode-1: nextIndex: updateUnconditionally 21 -> 11
2021-11-02 20:12:11,527 [grpc-default-executor-6] INFO  server.RaftServer$Division (RaftServerImpl.java:checkInconsistentAppendEntries(1322)) - omNode-1@group-523986131536: Failed appendEntries as previous log entry ((t:5, i:20)) is not found
2021-11-02 20:12:11,528 [grpc-default-executor-6] INFO  server.RaftServer$Division (RaftServerImpl.java:checkInconsistentAppendEntries(1288)) - omNode-1@group-523986131536: inconsistency entries. Reply:omNode-3<-omNode-1#6250:FAIL-t5,INCONSISTENCY,nextIndex=11,followerCommit=10
2021-11-02 20:12:11,528 [grpc-default-executor-3] INFO  leader.FollowerInfo (FollowerInfoImpl.java:lambda$new$0(47)) - omNode-3@group-523986131536->omNode-1: nextIndex: updateUnconditionally 21 -> 11
2021-11-02 20:12:12,030 [grpc-default-executor-6] INFO  server.RaftServer$Division (RaftServerImpl.java:checkInconsistentAppendEntries(1322)) - omNode-1@group-523986131536: Failed appendEntries as previous log entry ((t:5, i:20)) is not found
2021-11-02 20:12:12,030 [grpc-default-executor-6] INFO  server.RaftServer$Division (RaftServerImpl.java:checkInconsistentAppendEntries(1288)) - omNode-1@group-523986131536: inconsistency entries. Reply:omNode-3<-omNode-1#6301:FAIL-t5,INCONSISTENCY,nextIndex=11,followerCommit=10
2021-11-02 20:12:12,030 [grpc-default-executor-6] INFO  leader.FollowerInfo (FollowerInfoImpl.java:lambda$new$0(47)) - omNode-3@group-523986131536->omNode-1: nextIndex: updateUnconditionally 21 -> 11
2021-11-02 20:12:12,532 [grpc-default-executor-6] INFO  server.RaftServer$Division (RaftServerImpl.java:checkInconsistentAppendEntries(1322)) - omNode-1@group-523986131536: Failed appendEntries as previous log entry ((t:5, i:20)) is not found
2021-11-02 20:12:12,533 [grpc-default-executor-6] INFO  server.RaftServer$Division (RaftServerImpl.java:checkInconsistentAppendEntries(1288)) - omNode-1@group-523986131536: inconsistency entries. Reply:omNode-3<-omNode-1#6352:FAIL-t5,INCONSISTENCY,nextIndex=11,followerCommit=10
2021-11-02 20:12:12,534 [grpc-default-executor-6] INFO  leader.FollowerInfo (FollowerInfoImpl.java:lambda$new$0(47)) - omNode-3@group-523986131536->omNode-1: nextIndex: updateUnconditionally 21 -> 11
2021-11-02 20:12:13,035 [grpc-default-executor-6] INFO  server.RaftServer$Division (RaftServerImpl.java:checkInconsistentAppendEntries(1322)) - omNode-1@group-523986131536: Failed appendEntries as previous log entry ((t:5, i:20)) is not found
2021-11-02 20:12:13,035 [grpc-default-executor-6] INFO  server.RaftServer$Division (RaftServerImpl.java:checkInconsistentAppendEntries(1288)) - omNode-1@group-523986131536: inconsistency entries. Reply:omNode-3<-omNode-1#6403:FAIL-t5,INCONSISTENCY,nextIndex=11,followerCommit=10
2021-11-02 20:12:13,036 [grpc-default-executor-6] INFO  leader.FollowerInfo (FollowerInfoImpl.java:lambda$new$0(47)) - omNode-3@group-523986131536->omNode-1: nextIndex: updateUnconditionally 21 -> 11
2021-11-02 20:12:13,537 [grpc-default-executor-6] INFO  server.RaftServer$Division (RaftServerImpl.java:checkInconsistentAppendEntries(1322)) - omNode-1@group-523986131536: Failed appendEntries as previous log entry ((t:5, i:20)) is not found
2021-11-02 20:12:13,537 [grpc-default-executor-6] INFO  server.RaftServer$Division (RaftServerImpl.java:checkInconsistentAppendEntries(1288)) - omNode-1@group-523986131536: inconsistency entries. Reply:omNode-3<-omNode-1#6454:FAIL-t5,INCONSISTENCY,nextIndex=11,followerCommit=10
2021-11-02 20:12:13,538 [grpc-default-executor-6] INFO  leader.FollowerInfo (FollowerInfoImpl.java:lambda$new$0(47)) - omNode-3@group-523986131536->omNode-1: nextIndex: updateUnconditionally 21 -> 11
2021-11-02 20:12:14,039 [grpc-default-executor-6] INFO  server.RaftServer$Division (RaftServerImpl.java:checkInconsistentAppendEntries(1322)) - omNode-1@group-523986131536: Failed appendEntries as previous log entry ((t:5, i:20)) is not found
2021-11-02 20:12:14,040 [grpc-default-executor-6] INFO  server.RaftServer$Division (RaftServerImpl.java:checkInconsistentAppendEntries(1288)) - omNode-1@group-523986131536: inconsistency entries. Reply:omNode-3<-omNode-1#6505:FAIL-t5,INCONSISTENCY,nextIndex=11,followerCommit=10
2021-11-02 20:12:14,040 [grpc-default-executor-6] INFO  leader.FollowerInfo (FollowerInfoImpl.java:lambda$new$0(47)) - omNode-3@group-523986131536->omNode-1: nextIndex: updateUnconditionally 21 -> 11
2021-11-02 20:12:14,541 [grpc-default-executor-6] INFO  server.RaftServer$Division (RaftServerImpl.java:checkInconsistentAppendEntries(1322)) - omNode-1@group-523986131536: Failed appendEntries as previous log entry ((t:5, i:20)) is not found
2021-11-02 20:12:14,541 [grpc-default-executor-6] INFO  server.RaftServer$Division (RaftServerImpl.java:checkInconsistentAppendEntries(1288)) - omNode-1@group-523986131536: inconsistency entries. Reply:omNode-3<-omNode-1#6556:FAIL-t5,INCONSISTENCY,nextIndex=11,followerCommit=10
2021-11-02 20:12:14,541 [grpc-default-executor-6] INFO  leader.FollowerInfo (FollowerInfoImpl.java:lambda$new$0(47)) - omNode-3@group-523986131536->omNode-1: nextIndex: updateUnconditionally 21 -> 11
2021-11-02 20:12:15,042 [grpc-default-executor-6] INFO  server.RaftServer$Division (RaftServerImpl.java:checkInconsistentAppendEntries(1322)) - omNode-1@group-523986131536: Failed appendEntries as previous log entry ((t:5, i:20)) is not found
2021-11-02 20:12:15,042 [grpc-default-executor-6] INFO  server.RaftServer$Division (RaftServerImpl.java:checkInconsistentAppendEntries(1288)) - omNode-1@group-523986131536: inconsistency entries. Reply:omNode-3<-omNode-1#6607:FAIL-t5,INCONSISTENCY,nextIndex=11,followerCommit=10
2021-11-02 20:12:15,043 [grpc-default-executor-6] INFO  leader.FollowerInfo (FollowerInfoImpl.java:lambda$new$0(47)) - omNode-3@group-523986131536->omNode-1: nextIndex: updateUnconditionally 21 -> 11
2021-11-02 20:12:15,544 [grpc-default-executor-6] INFO  server.RaftServer$Division (RaftServerImpl.java:checkInconsistentAppendEntries(1322)) - omNode-1@group-523986131536: Failed appendEntries as previous log entry ((t:5, i:20)) is not found
2021-11-02 20:12:15,545 [grpc-default-executor-6] INFO  server.RaftServer$Division (RaftServerImpl.java:checkInconsistentAppendEntries(1288)) - omNode-1@group-523986131536: inconsistency entries. Reply:omNode-3<-omNode-1#6658:FAIL-t5,INCONSISTENCY,nextIndex=11,followerCommit=10
2021-11-02 20:12:15,545 [grpc-default-executor-6] INFO  leader.FollowerInfo (FollowerInfoImpl.java:lambda$new$0(47)) - omNode-3@group-523986131536->omNode-1: nextIndex: updateUnconditionally 21 -> 11
2021-11-02 20:12:16,046 [grpc-default-executor-6] INFO  server.RaftServer$Division (RaftServerImpl.java:checkInconsistentAppendEntries(1322)) - omNode-1@group-523986131536: Failed appendEntries as previous log entry ((t:5, i:20)) is not found
2021-11-02 20:12:16,046 [grpc-default-executor-6] INFO  server.RaftServer$Division (RaftServerImpl.java:checkInconsistentAppendEntries(1288)) - omNode-1@group-523986131536: inconsistency entries. Reply:omNode-3<-omNode-1#6709:FAIL-t5,INCONSISTENCY,nextIndex=11,followerCommit=10
2021-11-02 20:12:16,046 [grpc-default-executor-6] INFO  leader.FollowerInfo (FollowerInfoImpl.java:lambda$new$0(47)) - omNode-3@group-523986131536->omNode-1: nextIndex: updateUnconditionally 21 -> 11
2021-11-02 20:12:16,584 [org.apache.ratis.util.JvmPauseMonitor$$Lambda$523/614850410@365a9f36] WARN  util.JvmPauseMonitor (JvmPauseMonitor.java:detectPause(124)) - JvmPauseMonitor-omNode-3: Detected pause in JVM or host machine (eg GC): pause of approximately 157395966ns.
GC pool 'PS MarkSweep' had collection(s): count=1 time=254ms
GC pool 'PS Scavenge' had collection(s): count=1 time=84ms
2021-11-02 20:12:16,586 [grpc-default-executor-3] INFO  server.RaftServer$Division (RaftServerImpl.java:checkInconsistentAppendEntries(1322)) - omNode-1@group-523986131536: Failed appendEntries as previous log entry ((t:5, i:20)) is not found
2021-11-02 20:12:16,586 [grpc-default-executor-3] INFO  server.RaftServer$Division (RaftServerImpl.java:checkInconsistentAppendEntries(1288)) - omNode-1@group-523986131536: inconsistency entries. Reply:omNode-3<-omNode-1#6729:FAIL-t5,INCONSISTENCY,nextIndex=11,followerCommit=10
2021-11-02 20:12:16,587 [grpc-default-executor-3] INFO  leader.FollowerInfo (FollowerInfoImpl.java:lambda$new$0(47)) - omNode-3@group-523986131536->omNode-1: nextIndex: updateUnconditionally 21 -> 11
2021-11-02 20:12:17,089 [grpc-default-executor-3] INFO  server.RaftServer$Division (RaftServerImpl.java:checkInconsistentAppendEntries(1322)) - omNode-1@group-523986131536: Failed appendEntries as previous log entry ((t:5, i:20)) is not found
2021-11-02 20:12:17,090 [grpc-default-executor-3] INFO  server.RaftServer$Division (RaftServerImpl.java:checkInconsistentAppendEntries(1288)) - omNode-1@group-523986131536: inconsistency entries. Reply:omNode-3<-omNode-1#6780:FAIL-t5,INCONSISTENCY,nextIndex=11,followerCommit=10
2021-11-02 20:12:17,090 [grpc-default-executor-3] INFO  leader.FollowerInfo (FollowerInfoImpl.java:lambda$new$0(47)) - omNode-3@group-523986131536->omNode-1: nextIndex: updateUnconditionally 21 -> 11
2021-11-02 20:12:17,592 [grpc-default-executor-3] INFO  server.RaftServer$Division (RaftServerImpl.java:checkInconsistentAppendEntries(1322)) - omNode-1@group-523986131536: Failed appendEntries as previous log entry ((t:5, i:20)) is not found
2021-11-02 20:12:17,592 [grpc-default-executor-3] INFO  server.RaftServer$Division (RaftServerImpl.java:checkInconsistentAppendEntries(1288)) - omNode-1@group-523986131536: inconsistency entries. Reply:omNode-3<-omNode-1#6831:FAIL-t5,INCONSISTENCY,nextIndex=11,followerCommit=10
2021-11-02 20:12:17,592 [grpc-default-executor-3] INFO  leader.FollowerInfo (FollowerInfoImpl.java:lambda$new$0(47)) - omNode-3@group-523986131536->omNode-1: nextIndex: updateUnconditionally 21 -> 11
2021-11-02 20:12:18,094 [grpc-default-executor-3] INFO  server.RaftServer$Division (RaftServerImpl.java:checkInconsistentAppendEntries(1322)) - omNode-1@group-523986131536: Failed appendEntries as previous log entry ((t:5, i:20)) is not found
2021-11-02 20:12:18,094 [grpc-default-executor-3] INFO  server.RaftServer$Division (RaftServerImpl.java:checkInconsistentAppendEntries(1288)) - omNode-1@group-523986131536: inconsistency entries. Reply:omNode-3<-omNode-1#6882:FAIL-t5,INCONSISTENCY,nextIndex=11,followerCommit=10
2021-11-02 20:12:18,095 [grpc-default-executor-3] INFO  leader.FollowerInfo (FollowerInfoImpl.java:lambda$new$0(47)) - omNode-3@group-523986131536->omNode-1: nextIndex: updateUnconditionally 21 -> 11
2021-11-02 20:12:18,596 [grpc-default-executor-3] INFO  server.RaftServer$Division (RaftServerImpl.java:checkInconsistentAppendEntries(1322)) - omNode-1@group-523986131536: Failed appendEntries as previous log entry ((t:5, i:20)) is not found
2021-11-02 20:12:18,596 [grpc-default-executor-3] INFO  server.RaftServer$Division (RaftServerImpl.java:checkInconsistentAppendEntries(1288)) - omNode-1@group-523986131536: inconsistency entries. Reply:omNode-3<-omNode-1#6933:FAIL-t5,INCONSISTENCY,nextIndex=11,followerCommit=10
2021-11-02 20:12:18,596 [grpc-default-executor-3] INFO  leader.FollowerInfo (FollowerInfoImpl.java:lambda$new$0(47)) - omNode-3@group-523986131536->omNode-1: nextIndex: updateUnconditionally 21 -> 11
2021-11-02 20:12:19,097 [grpc-default-executor-3] INFO  server.RaftServer$Division (RaftServerImpl.java:checkInconsistentAppendEntries(1322)) - omNode-1@group-523986131536: Failed appendEntries as previous log entry ((t:5, i:20)) is not found
2021-11-02 20:12:19,098 [grpc-default-executor-3] INFO  server.RaftServer$Division (RaftServerImpl.java:checkInconsistentAppendEntries(1288)) - omNode-1@group-523986131536: inconsistency entries. Reply:omNode-3<-omNode-1#6984:FAIL-t5,INCONSISTENCY,nextIndex=11,followerCommit=10
2021-11-02 20:12:19,098 [grpc-default-executor-3] INFO  leader.FollowerInfo (FollowerInfoImpl.java:lambda$new$0(47)) - omNode-3@group-523986131536->omNode-1: nextIndex: updateUnconditionally 21 -> 11
2021-11-02 20:12:19,600 [grpc-default-executor-6] INFO  server.RaftServer$Division (RaftServerImpl.java:checkInconsistentAppendEntries(1322)) - omNode-1@group-523986131536: Failed appendEntries as previous log entry ((t:5, i:20)) is not found
2021-11-02 20:12:19,600 [grpc-default-executor-6] INFO  server.RaftServer$Division (RaftServerImpl.java:checkInconsistentAppendEntries(1288)) - omNode-1@group-523986131536: inconsistency entries. Reply:omNode-3<-omNode-1#7034:FAIL-t5,INCONSISTENCY,nextIndex=11,followerCommit=10
2021-11-02 20:12:19,600 [grpc-default-executor-6] INFO  leader.FollowerInfo (FollowerInfoImpl.java:lambda$new$0(47)) - omNode-3@group-523986131536->omNode-1: nextIndex: updateUnconditionally 21 -> 11
2021-11-02 20:12:20,102 [grpc-default-executor-6] INFO  server.RaftServer$Division (RaftServerImpl.java:checkInconsistentAppendEntries(1322)) - omNode-1@group-523986131536: Failed appendEntries as previous log entry ((t:5, i:20)) is not found
2021-11-02 20:12:20,102 [grpc-default-executor-6] INFO  server.RaftServer$Division (RaftServerImpl.java:checkInconsistentAppendEntries(1288)) - omNode-1@group-523986131536: inconsistency entries. Reply:omNode-3<-omNode-1#7085:FAIL-t5,INCONSISTENCY,nextIndex=11,followerCommit=10
2021-11-02 20:12:20,102 [grpc-default-executor-6] INFO  leader.FollowerInfo (FollowerInfoImpl.java:lambda$new$0(47)) - omNode-3@group-523986131536->omNode-1: nextIndex: updateUnconditionally 21 -> 11
2021-11-02 20:12:20,603 [grpc-default-executor-6] INFO  server.RaftServer$Division (RaftServerImpl.java:checkInconsistentAppendEntries(1322)) - omNode-1@group-523986131536: Failed appendEntries as previous log entry ((t:5, i:20)) is not found
2021-11-02 20:12:20,604 [grpc-default-executor-6] INFO  server.RaftServer$Division (RaftServerImpl.java:checkInconsistentAppendEntries(1288)) - omNode-1@group-523986131536: inconsistency entries. Reply:omNode-3<-omNode-1#7136:FAIL-t5,INCONSISTENCY,nextIndex=11,followerCommit=10
2021-11-02 20:12:20,604 [grpc-default-executor-6] INFO  leader.FollowerInfo (FollowerInfoImpl.java:lambda$new$0(47)) - omNode-3@group-523986131536->omNode-1: nextIndex: updateUnconditionally 21 -> 11
2021-11-02 20:12:21,106 [grpc-default-executor-6] INFO  server.RaftServer$Division (RaftServerImpl.java:checkInconsistentAppendEntries(1322)) - omNode-1@group-523986131536: Failed appendEntries as previous log entry ((t:5, i:20)) is not found
2021-11-02 20:12:21,106 [grpc-default-executor-6] INFO  server.RaftServer$Division (RaftServerImpl.java:checkInconsistentAppendEntries(1288)) - omNode-1@group-523986131536: inconsistency entries. Reply:omNode-3<-omNode-1#7187:FAIL-t5,INCONSISTENCY,nextIndex=11,followerCommit=10
2021-11-02 20:12:21,106 [grpc-default-executor-6] INFO  leader.FollowerInfo (FollowerInfoImpl.java:lambda$new$0(47)) - omNode-3@group-523986131536->omNode-1: nextIndex: updateUnconditionally 21 -> 11
2021-11-02 20:12:21,607 [grpc-default-executor-6] INFO  server.RaftServer$Division (RaftServerImpl.java:checkInconsistentAppendEntries(1322)) - omNode-1@group-523986131536: Failed appendEntries as previous log entry ((t:5, i:20)) is not found
2021-11-02 20:12:21,608 [grpc-default-executor-6] INFO  server.RaftServer$Division (RaftServerImpl.java:checkInconsistentAppendEntries(1288)) - omNode-1@group-523986131536: inconsistency entries. Reply:omNode-3<-omNode-1#7238:FAIL-t5,INCONSISTENCY,nextIndex=11,followerCommit=10
2021-11-02 20:12:21,608 [grpc-default-executor-6] INFO  leader.FollowerInfo (FollowerInfoImpl.java:lambda$new$0(47)) - omNode-3@group-523986131536->omNode-1: nextIndex: updateUnconditionally 21 -> 11
2021-11-02 20:12:22,110 [grpc-default-executor-6] INFO  server.RaftServer$Division (RaftServerImpl.java:checkInconsistentAppendEntries(1322)) - omNode-1@group-523986131536: Failed appendEntries as previous log entry ((t:5, i:20)) is not found
2021-11-02 20:12:22,110 [grpc-default-executor-6] INFO  server.RaftServer$Division (RaftServerImpl.java:checkInconsistentAppendEntries(1288)) - omNode-1@group-523986131536: inconsistency entries. Reply:omNode-3<-omNode-1#7289:FAIL-t5,INCONSISTENCY,nextIndex=11,followerCommit=10
2021-11-02 20:12:22,110 [grpc-default-executor-6] INFO  leader.FollowerInfo (FollowerInfoImpl.java:lambda$new$0(47)) - omNode-3@group-523986131536->omNode-1: nextIndex: updateUnconditionally 21 -> 11
2021-11-02 20:12:22,612 [grpc-default-executor-6] INFO  server.RaftServer$Division (RaftServerImpl.java:checkInconsistentAppendEntries(1322)) - omNode-1@group-523986131536: Failed appendEntries as previous log entry ((t:5, i:20)) is not found
2021-11-02 20:12:22,612 [grpc-default-executor-6] INFO  server.RaftServer$Division (RaftServerImpl.java:checkInconsistentAppendEntries(1288)) - omNode-1@group-523986131536: inconsistency entries. Reply:omNode-3<-omNode-1#7340:FAIL-t5,INCONSISTENCY,nextIndex=11,followerCommit=10
2021-11-02 20:12:22,612 [grpc-default-executor-6] INFO  leader.FollowerInfo (FollowerInfoImpl.java:lambda$new$0(47)) - omNode-3@group-523986131536->omNode-1: nextIndex: updateUnconditionally 21 -> 11
2021-11-02 20:12:23,114 [grpc-default-executor-6] INFO  server.RaftServer$Division (RaftServerImpl.java:checkInconsistentAppendEntries(1322)) - omNode-1@group-523986131536: Failed appendEntries as previous log entry ((t:5, i:20)) is not found
2021-11-02 20:12:23,114 [grpc-default-executor-6] INFO  server.RaftServer$Division (RaftServerImpl.java:checkInconsistentAppendEntries(1288)) - omNode-1@group-523986131536: inconsistency entries. Reply:omNode-3<-omNode-1#7391:FAIL-t5,INCONSISTENCY,nextIndex=11,followerCommit=10
2021-11-02 20:12:23,115 [grpc-default-executor-6] INFO  leader.FollowerInfo (FollowerInfoImpl.java:lambda$new$0(47)) - omNode-3@group-523986131536->omNode-1: nextIndex: updateUnconditionally 21 -> 11
2021-11-02 20:12:23,616 [grpc-default-executor-6] INFO  server.RaftServer$Division (RaftServerImpl.java:checkInconsistentAppendEntries(1322)) - omNode-1@group-523986131536: Failed appendEntries as previous log entry ((t:5, i:20)) is not found
2021-11-02 20:12:23,616 [grpc-default-executor-6] INFO  server.RaftServer$Division (RaftServerImpl.java:checkInconsistentAppendEntries(1288)) - omNode-1@group-523986131536: inconsistency entries. Reply:omNode-3<-omNode-1#7442:FAIL-t5,INCONSISTENCY,nextIndex=11,followerCommit=10
2021-11-02 20:12:23,617 [grpc-default-executor-6] INFO  leader.FollowerInfo (FollowerInfoImpl.java:lambda$new$0(47)) - omNode-3@group-523986131536->omNode-1: nextIndex: updateUnconditionally 21 -> 11
2021-11-02 20:12:24,118 [grpc-default-executor-3] INFO  server.RaftServer$Division (RaftServerImpl.java:checkInconsistentAppendEntries(1322)) - omNode-1@group-523986131536: Failed appendEntries as previous log entry ((t:5, i:20)) is not found
2021-11-02 20:12:24,119 [grpc-default-executor-3] INFO  server.RaftServer$Division (RaftServerImpl.java:checkInconsistentAppendEntries(1288)) - omNode-1@group-523986131536: inconsistency entries. Reply:omNode-3<-omNode-1#7493:FAIL-t5,INCONSISTENCY,nextIndex=11,followerCommit=10
2021-11-02 20:12:24,119 [grpc-default-executor-3] INFO  leader.FollowerInfo (FollowerInfoImpl.java:lambda$new$0(47)) - omNode-3@group-523986131536->omNode-1: nextIndex: updateUnconditionally 21 -> 11
2021-11-02 20:12:24,620 [grpc-default-executor-6] INFO  server.RaftServer$Division (RaftServerImpl.java:checkInconsistentAppendEntries(1322)) - omNode-1@group-523986131536: Failed appendEntries as previous log entry ((t:5, i:20)) is not found
2021-11-02 20:12:24,620 [grpc-default-executor-6] INFO  server.RaftServer$Division (RaftServerImpl.java:checkInconsistentAppendEntries(1288)) - omNode-1@group-523986131536: inconsistency entries. Reply:omNode-3<-omNode-1#7544:FAIL-t5,INCONSISTENCY,nextIndex=11,followerCommit=10
2021-11-02 20:12:24,621 [grpc-default-executor-6] INFO  leader.FollowerInfo (FollowerInfoImpl.java:lambda$new$0(47)) - omNode-3@group-523986131536->omNode-1: nextIndex: updateUnconditionally 21 -> 11
2021-11-02 20:12:25,123 [grpc-default-executor-6] INFO  server.RaftServer$Division (RaftServerImpl.java:checkInconsistentAppendEntries(1322)) - omNode-1@group-523986131536: Failed appendEntries as previous log entry ((t:5, i:20)) is not found
2021-11-02 20:12:25,123 [grpc-default-executor-6] INFO  server.RaftServer$Division (RaftServerImpl.java:checkInconsistentAppendEntries(1288)) - omNode-1@group-523986131536: inconsistency entries. Reply:omNode-3<-omNode-1#7595:FAIL-t5,INCONSISTENCY,nextIndex=11,followerCommit=10
2021-11-02 20:12:25,124 [grpc-default-executor-6] INFO  leader.FollowerInfo (FollowerInfoImpl.java:lambda$new$0(47)) - omNode-3@group-523986131536->omNode-1: nextIndex: updateUnconditionally 21 -> 11
2021-11-02 20:12:25,626 [grpc-default-executor-6] INFO  server.RaftServer$Division (RaftServerImpl.java:checkInconsistentAppendEntries(1322)) - omNode-1@group-523986131536: Failed appendEntries as previous log entry ((t:5, i:20)) is not found
2021-11-02 20:12:25,626 [grpc-default-executor-6] INFO  server.RaftServer$Division (RaftServerImpl.java:checkInconsistentAppendEntries(1288)) - omNode-1@group-523986131536: inconsistency entries. Reply:omNode-3<-omNode-1#7646:FAIL-t5,INCONSISTENCY,nextIndex=11,followerCommit=10
2021-11-02 20:12:25,626 [grpc-default-executor-3] INFO  leader.FollowerInfo (FollowerInfoImpl.java:lambda$new$0(47)) - omNode-3@group-523986131536->omNode-1: nextIndex: updateUnconditionally 21 -> 11
2021-11-02 20:12:26,128 [grpc-default-executor-6] INFO  server.RaftServer$Division (RaftServerImpl.java:checkInconsistentAppendEntries(1322)) - omNode-1@group-523986131536: Failed appendEntries as previous log entry ((t:5, i:20)) is not found
2021-11-02 20:12:26,128 [grpc-default-executor-6] INFO  server.RaftServer$Division (RaftServerImpl.java:checkInconsistentAppendEntries(1288)) - omNode-1@group-523986131536: inconsistency entries. Reply:omNode-3<-omNode-1#7697:FAIL-t5,INCONSISTENCY,nextIndex=11,followerCommit=10
2021-11-02 20:12:26,128 [grpc-default-executor-6] INFO  leader.FollowerInfo (FollowerInfoImpl.java:lambda$new$0(47)) - omNode-3@group-523986131536->omNode-1: nextIndex: updateUnconditionally 21 -> 11
2021-11-02 20:12:26,631 [grpc-default-executor-6] INFO  server.RaftServer$Division (RaftServerImpl.java:checkInconsistentAppendEntries(1322)) - omNode-1@group-523986131536: Failed appendEntries as previous log entry ((t:5, i:20)) is not found
2021-11-02 20:12:26,631 [grpc-default-executor-6] INFO  server.RaftServer$Division (RaftServerImpl.java:checkInconsistentAppendEntries(1288)) - omNode-1@group-523986131536: inconsistency entries. Reply:omNode-3<-omNode-1#7748:FAIL-t5,INCONSISTENCY,nextIndex=11,followerCommit=10
2021-11-02 20:12:26,631 [grpc-default-executor-6] INFO  leader.FollowerInfo (FollowerInfoImpl.java:lambda$new$0(47)) - omNode-3@group-523986131536->omNode-1: nextIndex: updateUnconditionally 21 -> 11
2021-11-02 20:12:27,133 [grpc-default-executor-6] INFO  server.RaftServer$Division (RaftServerImpl.java:checkInconsistentAppendEntries(1322)) - omNode-1@group-523986131536: Failed appendEntries as previous log entry ((t:5, i:20)) is not found
2021-11-02 20:12:27,134 [grpc-default-executor-6] INFO  server.RaftServer$Division (RaftServerImpl.java:checkInconsistentAppendEntries(1288)) - omNode-1@group-523986131536: inconsistency entries. Reply:omNode-3<-omNode-1#7799:FAIL-t5,INCONSISTENCY,nextIndex=11,followerCommit=10
2021-11-02 20:12:27,134 [grpc-default-executor-6] INFO  leader.FollowerInfo (FollowerInfoImpl.java:lambda$new$0(47)) - omNode-3@group-523986131536->omNode-1: nextIndex: updateUnconditionally 21 -> 11
2021-11-02 20:12:27,635 [grpc-default-executor-6] INFO  server.RaftServer$Division (RaftServerImpl.java:checkInconsistentAppendEntries(1322)) - omNode-1@group-523986131536: Failed appendEntries as previous log entry ((t:5, i:20)) is not found
2021-11-02 20:12:27,636 [grpc-default-executor-6] INFO  server.RaftServer$Division (RaftServerImpl.java:checkInconsistentAppendEntries(1288)) - omNode-1@group-523986131536: inconsistency entries. Reply:omNode-3<-omNode-1#7850:FAIL-t5,INCONSISTENCY,nextIndex=11,followerCommit=10
2021-11-02 20:12:27,636 [grpc-default-executor-6] INFO  leader.FollowerInfo (FollowerInfoImpl.java:lambda$new$0(47)) - omNode-3@group-523986131536->omNode-1: nextIndex: updateUnconditionally 21 -> 11
2021-11-02 20:12:28,138 [grpc-default-executor-3] INFO  server.RaftServer$Division (RaftServerImpl.java:checkInconsistentAppendEntries(1322)) - omNode-1@group-523986131536: Failed appendEntries as previous log entry ((t:5, i:20)) is not found
2021-11-02 20:12:28,138 [grpc-default-executor-3] INFO  server.RaftServer$Division (RaftServerImpl.java:checkInconsistentAppendEntries(1288)) - omNode-1@group-523986131536: inconsistency entries. Reply:omNode-3<-omNode-1#7901:FAIL-t5,INCONSISTENCY,nextIndex=11,followerCommit=10
2021-11-02 20:12:28,139 [grpc-default-executor-3] INFO  leader.FollowerInfo (FollowerInfoImpl.java:lambda$new$0(47)) - omNode-3@group-523986131536->omNode-1: nextIndex: updateUnconditionally 21 -> 11
2021-11-02 20:12:28,640 [grpc-default-executor-3] INFO  server.RaftServer$Division (RaftServerImpl.java:checkInconsistentAppendEntries(1322)) - omNode-1@group-523986131536: Failed appendEntries as previous log entry ((t:5, i:20)) is not found
2021-11-02 20:12:28,640 [grpc-default-executor-3] INFO  server.RaftServer$Division (RaftServerImpl.java:checkInconsistentAppendEntries(1288)) - omNode-1@group-523986131536: inconsistency entries. Reply:omNode-3<-omNode-1#7952:FAIL-t5,INCONSISTENCY,nextIndex=11,followerCommit=10
2021-11-02 20:12:28,640 [grpc-default-executor-3] INFO  leader.FollowerInfo (FollowerInfoImpl.java:lambda$new$0(47)) - omNode-3@group-523986131536->omNode-1: nextIndex: updateUnconditionally 21 -> 11
2021-11-02 20:12:29,142 [grpc-default-executor-3] INFO  server.RaftServer$Division (RaftServerImpl.java:checkInconsistentAppendEntries(1322)) - omNode-1@group-523986131536: Failed appendEntries as previous log entry ((t:5, i:20)) is not found
2021-11-02 20:12:29,142 [grpc-default-executor-3] INFO  server.RaftServer$Division (RaftServerImpl.java:checkInconsistentAppendEntries(1288)) - omNode-1@group-523986131536: inconsistency entries. Reply:omNode-3<-omNode-1#8003:FAIL-t5,INCONSISTENCY,nextIndex=11,followerCommit=10
2021-11-02 20:12:29,143 [grpc-default-executor-6] INFO  leader.FollowerInfo (FollowerInfoImpl.java:lambda$new$0(47)) - omNode-3@group-523986131536->omNode-1: nextIndex: updateUnconditionally 21 -> 11
2021-11-02 20:12:29,645 [grpc-default-executor-6] INFO  server.RaftServer$Division (RaftServerImpl.java:checkInconsistentAppendEntries(1322)) - omNode-1@group-523986131536: Failed appendEntries as previous log entry ((t:5, i:20)) is not found
2021-11-02 20:12:29,645 [grpc-default-executor-6] INFO  server.RaftServer$Division (RaftServerImpl.java:checkInconsistentAppendEntries(1288)) - omNode-1@group-523986131536: inconsistency entries. Reply:omNode-3<-omNode-1#8054:FAIL-t5,INCONSISTENCY,nextIndex=11,followerCommit=10
2021-11-02 20:12:29,645 [grpc-default-executor-3] INFO  leader.FollowerInfo (FollowerInfoImpl.java:lambda$new$0(47)) - omNode-3@group-523986131536->omNode-1: nextIndex: updateUnconditionally 21 -> 11
2021-11-02 20:12:30,146 [grpc-default-executor-6] INFO  server.RaftServer$Division (RaftServerImpl.java:checkInconsistentAppendEntries(1322)) - omNode-1@group-523986131536: Failed appendEntries as previous log entry ((t:5, i:20)) is not found
2021-11-02 20:12:30,147 [grpc-default-executor-6] INFO  server.RaftServer$Division (RaftServerImpl.java:checkInconsistentAppendEntries(1288)) - omNode-1@group-523986131536: inconsistency entries. Reply:omNode-3<-omNode-1#8105:FAIL-t5,INCONSISTENCY,nextIndex=11,followerCommit=10
2021-11-02 20:12:30,147 [grpc-default-executor-3] INFO  leader.FollowerInfo (FollowerInfoImpl.java:lambda$new$0(47)) - omNode-3@group-523986131536->omNode-1: nextIndex: updateUnconditionally 21 -> 11
2021-11-02 20:12:30,649 [grpc-default-executor-6] INFO  server.RaftServer$Division (RaftServerImpl.java:checkInconsistentAppendEntries(1322)) - omNode-1@group-523986131536: Failed appendEntries as previous log entry ((t:5, i:20)) is not found
2021-11-02 20:12:30,649 [grpc-default-executor-6] INFO  server.RaftServer$Division (RaftServerImpl.java:checkInconsistentAppendEntries(1288)) - omNode-1@group-523986131536: inconsistency entries. Reply:omNode-3<-omNode-1#8156:FAIL-t5,INCONSISTENCY,nextIndex=11,followerCommit=10
2021-11-02 20:12:30,650 [grpc-default-executor-6] INFO  leader.FollowerInfo (FollowerInfoImpl.java:lambda$new$0(47)) - omNode-3@group-523986131536->omNode-1: nextIndex: updateUnconditionally 21 -> 11
2021-11-02 20:12:31,151 [grpc-default-executor-6] INFO  server.RaftServer$Division (RaftServerImpl.java:checkInconsistentAppendEntries(1322)) - omNode-1@group-523986131536: Failed appendEntries as previous log entry ((t:5, i:20)) is not found
2021-11-02 20:12:31,152 [grpc-default-executor-6] INFO  server.RaftServer$Division (RaftServerImpl.java:checkInconsistentAppendEntries(1288)) - omNode-1@group-523986131536: inconsistency entries. Reply:omNode-3<-omNode-1#8207:FAIL-t5,INCONSISTENCY,nextIndex=11,followerCommit=10
2021-11-02 20:12:31,152 [grpc-default-executor-6] INFO  leader.FollowerInfo (FollowerInfoImpl.java:lambda$new$0(47)) - omNode-3@group-523986131536->omNode-1: nextIndex: updateUnconditionally 21 -> 11
2021-11-02 20:12:31,654 [grpc-default-executor-3] INFO  server.RaftServer$Division (RaftServerImpl.java:checkInconsistentAppendEntries(1322)) - omNode-1@group-523986131536: Failed appendEntries as previous log entry ((t:5, i:20)) is not found
2021-11-02 20:12:31,654 [grpc-default-executor-3] INFO  server.RaftServer$Division (RaftServerImpl.java:checkInconsistentAppendEntries(1288)) - omNode-1@group-523986131536: inconsistency entries. Reply:omNode-3<-omNode-1#8258:FAIL-t5,INCONSISTENCY,nextIndex=11,followerCommit=10
2021-11-02 20:12:31,655 [grpc-default-executor-3] INFO  leader.FollowerInfo (FollowerInfoImpl.java:lambda$new$0(47)) - omNode-3@group-523986131536->omNode-1: nextIndex: updateUnconditionally 21 -> 11
2021-11-02 20:12:32,157 [grpc-default-executor-6] INFO  server.RaftServer$Division (RaftServerImpl.java:checkInconsistentAppendEntries(1322)) - omNode-1@group-523986131536: Failed appendEntries as previous log entry ((t:5, i:20)) is not found
2021-11-02 20:12:32,157 [grpc-default-executor-6] INFO  server.RaftServer$Division (RaftServerImpl.java:checkInconsistentAppendEntries(1288)) - omNode-1@group-523986131536: inconsistency entries. Reply:omNode-3<-omNode-1#8309:FAIL-t5,INCONSISTENCY,nextIndex=11,followerCommit=10
2021-11-02 20:12:32,157 [grpc-default-executor-3] INFO  leader.FollowerInfo (FollowerInfoImpl.java:lambda$new$0(47)) - omNode-3@group-523986131536->omNode-1: nextIndex: updateUnconditionally 21 -> 11
2021-11-02 20:12:32,659 [grpc-default-executor-6] INFO  server.RaftServer$Division (RaftServerImpl.java:checkInconsistentAppendEntries(1322)) - omNode-1@group-523986131536: Failed appendEntries as previous log entry ((t:5, i:20)) is not found
2021-11-02 20:12:32,659 [grpc-default-executor-6] INFO  server.RaftServer$Division (RaftServerImpl.java:checkInconsistentAppendEntries(1288)) - omNode-1@group-523986131536: inconsistency entries. Reply:omNode-3<-omNode-1#8360:FAIL-t5,INCONSISTENCY,nextIndex=11,followerCommit=10
2021-11-02 20:12:32,659 [grpc-default-executor-3] INFO  leader.FollowerInfo (FollowerInfoImpl.java:lambda$new$0(47)) - omNode-3@group-523986131536->omNode-1: nextIndex: updateUnconditionally 21 -> 11
2021-11-02 20:12:33,161 [grpc-default-executor-3] INFO  server.RaftServer$Division (RaftServerImpl.java:checkInconsistentAppendEntries(1322)) - omNode-1@group-523986131536: Failed appendEntries as previous log entry ((t:5, i:20)) is not found
2021-11-02 20:12:33,161 [grpc-default-executor-3] INFO  server.RaftServer$Division (RaftServerImpl.java:checkInconsistentAppendEntries(1288)) - omNode-1@group-523986131536: inconsistency entries. Reply:omNode-3<-omNode-1#8411:FAIL-t5,INCONSISTENCY,nextIndex=11,followerCommit=10
2021-11-02 20:12:33,162 [grpc-default-executor-6] INFO  leader.FollowerInfo (FollowerInfoImpl.java:lambda$new$0(47)) - omNode-3@group-523986131536->omNode-1: nextIndex: updateUnconditionally 21 -> 11
2021-11-02 20:12:33,664 [grpc-default-executor-6] INFO  server.RaftServer$Division (RaftServerImpl.java:checkInconsistentAppendEntries(1322)) - omNode-1@group-523986131536: Failed appendEntries as previous log entry ((t:5, i:20)) is not found
2021-11-02 20:12:33,664 [grpc-default-executor-6] INFO  server.RaftServer$Division (RaftServerImpl.java:checkInconsistentAppendEntries(1288)) - omNode-1@group-523986131536: inconsistency entries. Reply:omNode-3<-omNode-1#8462:FAIL-t5,INCONSISTENCY,nextIndex=11,followerCommit=10
2021-11-02 20:12:33,664 [grpc-default-executor-6] INFO  leader.FollowerInfo (FollowerInfoImpl.java:lambda$new$0(47)) - omNode-3@group-523986131536->omNode-1: nextIndex: updateUnconditionally 21 -> 11
2021-11-02 20:12:34,166 [grpc-default-executor-3] INFO  server.RaftServer$Division (RaftServerImpl.java:checkInconsistentAppendEntries(1322)) - omNode-1@group-523986131536: Failed appendEntries as previous log entry ((t:5, i:20)) is not found
2021-11-02 20:12:34,166 [grpc-default-executor-3] INFO  server.RaftServer$Division (RaftServerImpl.java:checkInconsistentAppendEntries(1288)) - omNode-1@group-523986131536: inconsistency entries. Reply:omNode-3<-omNode-1#8513:FAIL-t5,INCONSISTENCY,nextIndex=11,followerCommit=10
2021-11-02 20:12:34,167 [grpc-default-executor-3] INFO  leader.FollowerInfo (FollowerInfoImpl.java:lambda$new$0(47)) - omNode-3@group-523986131536->omNode-1: nextIndex: updateUnconditionally 21 -> 11
2021-11-02 20:12:34,668 [grpc-default-executor-8] INFO  server.RaftServer$Division (RaftServerImpl.java:checkInconsistentAppendEntries(1322)) - omNode-1@group-523986131536: Failed appendEntries as previous log entry ((t:5, i:20)) is not found
2021-11-02 20:12:34,668 [grpc-default-executor-8] INFO  server.RaftServer$Division (RaftServerImpl.java:checkInconsistentAppendEntries(1288)) - omNode-1@group-523986131536: inconsistency entries. Reply:omNode-3<-omNode-1#8564:FAIL-t5,INCONSISTENCY,nextIndex=11,followerCommit=10
2021-11-02 20:12:34,669 [grpc-default-executor-8] INFO  leader.FollowerInfo (FollowerInfoImpl.java:lambda$new$0(47)) - omNode-3@group-523986131536->omNode-1: nextIndex: updateUnconditionally 21 -> 11
2021-11-02 20:12:35,170 [grpc-default-executor-8] INFO  server.RaftServer$Division (RaftServerImpl.java:checkInconsistentAppendEntries(1322)) - omNode-1@group-523986131536: Failed appendEntries as previous log entry ((t:5, i:20)) is not found
2021-11-02 20:12:35,170 [grpc-default-executor-8] INFO  server.RaftServer$Division (RaftServerImpl.java:checkInconsistentAppendEntries(1288)) - omNode-1@group-523986131536: inconsistency entries. Reply:omNode-3<-omNode-1#8615:FAIL-t5,INCONSISTENCY,nextIndex=11,followerCommit=10
2021-11-02 20:12:35,171 [grpc-default-executor-8] INFO  leader.FollowerInfo (FollowerInfoImpl.java:lambda$new$0(47)) - omNode-3@group-523986131536->omNode-1: nextIndex: updateUnconditionally 21 -> 11
2021-11-02 20:12:35,672 [grpc-default-executor-8] INFO  server.RaftServer$Division (RaftServerImpl.java:checkInconsistentAppendEntries(1322)) - omNode-1@group-523986131536: Failed appendEntries as previous log entry ((t:5, i:20)) is not found
2021-11-02 20:12:35,672 [grpc-default-executor-8] INFO  server.RaftServer$Division (RaftServerImpl.java:checkInconsistentAppendEntries(1288)) - omNode-1@group-523986131536: inconsistency entries. Reply:omNode-3<-omNode-1#8666:FAIL-t5,INCONSISTENCY,nextIndex=11,followerCommit=10
2021-11-02 20:12:35,676 [grpc-default-executor-8] INFO  leader.FollowerInfo (FollowerInfoImpl.java:lambda$new$0(47)) - omNode-3@group-523986131536->omNode-1: nextIndex: updateUnconditionally 21 -> 11
2021-11-02 20:12:36,177 [grpc-default-executor-8] INFO  server.RaftServer$Division (RaftServerImpl.java:checkInconsistentAppendEntries(1322)) - omNode-1@group-523986131536: Failed appendEntries as previous log entry ((t:5, i:20)) is not found
2021-11-02 20:12:36,177 [grpc-default-executor-8] INFO  server.RaftServer$Division (RaftServerImpl.java:checkInconsistentAppendEntries(1288)) - omNode-1@group-523986131536: inconsistency entries. Reply:omNode-3<-omNode-1#8717:FAIL-t5,INCONSISTENCY,nextIndex=11,followerCommit=10
2021-11-02 20:12:36,177 [grpc-default-executor-8] INFO  leader.FollowerInfo (FollowerInfoImpl.java:lambda$new$0(47)) - omNode-3@group-523986131536->omNode-1: nextIndex: updateUnconditionally 21 -> 11
2021-11-02 20:12:36,678 [grpc-default-executor-3] INFO  server.RaftServer$Division (RaftServerImpl.java:checkInconsistentAppendEntries(1322)) - omNode-1@group-523986131536: Failed appendEntries as previous log entry ((t:5, i:20)) is not found
2021-11-02 20:12:36,678 [grpc-default-executor-3] INFO  server.RaftServer$Division (RaftServerImpl.java:checkInconsistentAppendEntries(1288)) - omNode-1@group-523986131536: inconsistency entries. Reply:omNode-3<-omNode-1#8768:FAIL-t5,INCONSISTENCY,nextIndex=11,followerCommit=10
2021-11-02 20:12:36,679 [grpc-default-executor-3] INFO  leader.FollowerInfo (FollowerInfoImpl.java:lambda$new$0(47)) - omNode-3@group-523986131536->omNode-1: nextIndex: updateUnconditionally 21 -> 11
2021-11-02 20:12:37,179 [grpc-default-executor-3] INFO  server.RaftServer$Division (RaftServerImpl.java:checkInconsistentAppendEntries(1322)) - omNode-1@group-523986131536: Failed appendEntries as previous log entry ((t:5, i:20)) is not found
2021-11-02 20:12:37,180 [grpc-default-executor-3] INFO  server.RaftServer$Division (RaftServerImpl.java:checkInconsistentAppendEntries(1288)) - omNode-1@group-523986131536: inconsistency entries. Reply:omNode-3<-omNode-1#8819:FAIL-t5,INCONSISTENCY,nextIndex=11,followerCommit=10
2021-11-02 20:12:37,180 [grpc-default-executor-8] INFO  leader.FollowerInfo (FollowerInfoImpl.java:lambda$new$0(47)) - omNode-3@group-523986131536->omNode-1: nextIndex: updateUnconditionally 21 -> 11
2021-11-02 20:12:37,682 [grpc-default-executor-8] INFO  server.RaftServer$Division (RaftServerImpl.java:checkInconsistentAppendEntries(1322)) - omNode-1@group-523986131536: Failed appendEntries as previous log entry ((t:5, i:20)) is not found
2021-11-02 20:12:37,682 [grpc-default-executor-8] INFO  server.RaftServer$Division (RaftServerImpl.java:checkInconsistentAppendEntries(1288)) - omNode-1@group-523986131536: inconsistency entries. Reply:omNode-3<-omNode-1#8870:FAIL-t5,INCONSISTENCY,nextIndex=11,followerCommit=10
2021-11-02 20:12:37,682 [grpc-default-executor-8] INFO  leader.FollowerInfo (FollowerInfoImpl.java:lambda$new$0(47)) - omNode-3@group-523986131536->omNode-1: nextIndex: updateUnconditionally 21 -> 11
2021-11-02 20:12:38,183 [grpc-default-executor-8] INFO  server.RaftServer$Division (RaftServerImpl.java:checkInconsistentAppendEntries(1322)) - omNode-1@group-523986131536: Failed appendEntries as previous log entry ((t:5, i:20)) is not found
2021-11-02 20:12:38,183 [grpc-default-executor-8] INFO  server.RaftServer$Division (RaftServerImpl.java:checkInconsistentAppendEntries(1288)) - omNode-1@group-523986131536: inconsistency entries. Reply:omNode-3<-omNode-1#8921:FAIL-t5,INCONSISTENCY,nextIndex=11,followerCommit=10
2021-11-02 20:12:38,184 [grpc-default-executor-8] INFO  leader.FollowerInfo (FollowerInfoImpl.java:lambda$new$0(47)) - omNode-3@group-523986131536->omNode-1: nextIndex: updateUnconditionally 21 -> 11
2021-11-02 20:12:38,685 [grpc-default-executor-8] INFO  server.RaftServer$Division (RaftServerImpl.java:checkInconsistentAppendEntries(1322)) - omNode-1@group-523986131536: Failed appendEntries as previous log entry ((t:5, i:20)) is not found
2021-11-02 20:12:38,685 [grpc-default-executor-8] INFO  server.RaftServer$Division (RaftServerImpl.java:checkInconsistentAppendEntries(1288)) - omNode-1@group-523986131536: inconsistency entries. Reply:omNode-3<-omNode-1#8972:FAIL-t5,INCONSISTENCY,nextIndex=11,followerCommit=10
2021-11-02 20:12:38,685 [grpc-default-executor-8] INFO  leader.FollowerInfo (FollowerInfoImpl.java:lambda$new$0(47)) - omNode-3@group-523986131536->omNode-1: nextIndex: updateUnconditionally 21 -> 11
2021-11-02 20:12:39,186 [grpc-default-executor-8] INFO  server.RaftServer$Division (RaftServerImpl.java:checkInconsistentAppendEntries(1322)) - omNode-1@group-523986131536: Failed appendEntries as previous log entry ((t:5, i:20)) is not found
2021-11-02 20:12:39,187 [grpc-default-executor-8] INFO  server.RaftServer$Division (RaftServerImpl.java:checkInconsistentAppendEntries(1288)) - omNode-1@group-523986131536: inconsistency entries. Reply:omNode-3<-omNode-1#9023:FAIL-t5,INCONSISTENCY,nextIndex=11,followerCommit=10
2021-11-02 20:12:39,187 [grpc-default-executor-8] INFO  leader.FollowerInfo (FollowerInfoImpl.java:lambda$new$0(47)) - omNode-3@group-523986131536->omNode-1: nextIndex: updateUnconditionally 21 -> 11
2021-11-02 20:12:39,688 [grpc-default-executor-8] INFO  server.RaftServer$Division (RaftServerImpl.java:checkInconsistentAppendEntries(1322)) - omNode-1@group-523986131536: Failed appendEntries as previous log entry ((t:5, i:20)) is not found
2021-11-02 20:12:39,689 [grpc-default-executor-8] INFO  server.RaftServer$Division (RaftServerImpl.java:checkInconsistentAppendEntries(1288)) - omNode-1@group-523986131536: inconsistency entries. Reply:omNode-3<-omNode-1#9074:FAIL-t5,INCONSISTENCY,nextIndex=11,followerCommit=10
2021-11-02 20:12:39,689 [grpc-default-executor-8] INFO  leader.FollowerInfo (FollowerInfoImpl.java:lambda$new$0(47)) - omNode-3@group-523986131536->omNode-1: nextIndex: updateUnconditionally 21 -> 11
2021-11-02 20:12:40,190 [grpc-default-executor-8] INFO  server.RaftServer$Division (RaftServerImpl.java:checkInconsistentAppendEntries(1322)) - omNode-1@group-523986131536: Failed appendEntries as previous log entry ((t:5, i:20)) is not found
2021-11-02 20:12:40,190 [grpc-default-executor-8] INFO  server.RaftServer$Division (RaftServerImpl.java:checkInconsistentAppendEntries(1288)) - omNode-1@group-523986131536: inconsistency entries. Reply:omNode-3<-omNode-1#9125:FAIL-t5,INCONSISTENCY,nextIndex=11,followerCommit=10
2021-11-02 20:12:40,190 [grpc-default-executor-8] INFO  leader.FollowerInfo (FollowerInfoImpl.java:lambda$new$0(47)) - omNode-3@group-523986131536->omNode-1: nextIndex: updateUnconditionally 21 -> 11
2021-11-02 20:12:40,691 [grpc-default-executor-3] INFO  server.RaftServer$Division (RaftServerImpl.java:checkInconsistentAppendEntries(1322)) - omNode-1@group-523986131536: Failed appendEntries as previous log entry ((t:5, i:20)) is not found
2021-11-02 20:12:40,691 [grpc-default-executor-3] INFO  server.RaftServer$Division (RaftServerImpl.java:checkInconsistentAppendEntries(1288)) - omNode-1@group-523986131536: inconsistency entries. Reply:omNode-3<-omNode-1#9176:FAIL-t5,INCONSISTENCY,nextIndex=11,followerCommit=10
2021-11-02 20:12:40,692 [grpc-default-executor-3] INFO  leader.FollowerInfo (FollowerInfoImpl.java:lambda$new$0(47)) - omNode-3@group-523986131536->omNode-1: nextIndex: updateUnconditionally 21 -> 11
2021-11-02 20:12:41,192 [grpc-default-executor-3] INFO  server.RaftServer$Division (RaftServerImpl.java:checkInconsistentAppendEntries(1322)) - omNode-1@group-523986131536: Failed appendEntries as previous log entry ((t:5, i:20)) is not found
2021-11-02 20:12:41,193 [grpc-default-executor-3] INFO  server.RaftServer$Division (RaftServerImpl.java:checkInconsistentAppendEntries(1288)) - omNode-1@group-523986131536: inconsistency entries. Reply:omNode-3<-omNode-1#9227:FAIL-t5,INCONSISTENCY,nextIndex=11,followerCommit=10
2021-11-02 20:12:41,193 [grpc-default-executor-8] INFO  leader.FollowerInfo (FollowerInfoImpl.java:lambda$new$0(47)) - omNode-3@group-523986131536->omNode-1: nextIndex: updateUnconditionally 21 -> 11
2021-11-02 20:12:41,695 [grpc-default-executor-3] INFO  server.RaftServer$Division (RaftServerImpl.java:checkInconsistentAppendEntries(1322)) - omNode-1@group-523986131536: Failed appendEntries as previous log entry ((t:5, i:20)) is not found
2021-11-02 20:12:41,695 [grpc-default-executor-3] INFO  server.RaftServer$Division (RaftServerImpl.java:checkInconsistentAppendEntries(1288)) - omNode-1@group-523986131536: inconsistency entries. Reply:omNode-3<-omNode-1#9278:FAIL-t5,INCONSISTENCY,nextIndex=11,followerCommit=10
2021-11-02 20:12:41,695 [grpc-default-executor-3] INFO  leader.FollowerInfo (FollowerInfoImpl.java:lambda$new$0(47)) - omNode-3@group-523986131536->omNode-1: nextIndex: updateUnconditionally 21 -> 11
2021-11-02 20:12:42,197 [grpc-default-executor-8] INFO  server.RaftServer$Division (RaftServerImpl.java:checkInconsistentAppendEntries(1322)) - omNode-1@group-523986131536: Failed appendEntries as previous log entry ((t:5, i:20)) is not found
2021-11-02 20:12:42,197 [grpc-default-executor-8] INFO  server.RaftServer$Division (RaftServerImpl.java:checkInconsistentAppendEntries(1288)) - omNode-1@group-523986131536: inconsistency entries. Reply:omNode-3<-omNode-1#9329:FAIL-t5,INCONSISTENCY,nextIndex=11,followerCommit=10
2021-11-02 20:12:42,198 [grpc-default-executor-8] INFO  leader.FollowerInfo (FollowerInfoImpl.java:lambda$new$0(47)) - omNode-3@group-523986131536->omNode-1: nextIndex: updateUnconditionally 21 -> 11
2021-11-02 20:12:42,699 [grpc-default-executor-8] INFO  server.RaftServer$Division (RaftServerImpl.java:checkInconsistentAppendEntries(1322)) - omNode-1@group-523986131536: Failed appendEntries as previous log entry ((t:5, i:20)) is not found
2021-11-02 20:12:42,699 [grpc-default-executor-8] INFO  server.RaftServer$Division (RaftServerImpl.java:checkInconsistentAppendEntries(1288)) - omNode-1@group-523986131536: inconsistency entries. Reply:omNode-3<-omNode-1#9380:FAIL-t5,INCONSISTENCY,nextIndex=11,followerCommit=10
2021-11-02 20:12:42,700 [grpc-default-executor-8] INFO  leader.FollowerInfo (FollowerInfoImpl.java:lambda$new$0(47)) - omNode-3@group-523986131536->omNode-1: nextIndex: updateUnconditionally 21 -> 11
2021-11-02 20:12:43,201 [grpc-default-executor-8] INFO  server.RaftServer$Division (RaftServerImpl.java:checkInconsistentAppendEntries(1322)) - omNode-1@group-523986131536: Failed appendEntries as previous log entry ((t:5, i:20)) is not found
2021-11-02 20:12:43,202 [grpc-default-executor-8] INFO  server.RaftServer$Division (RaftServerImpl.java:checkInconsistentAppendEntries(1288)) - omNode-1@group-523986131536: inconsistency entries. Reply:omNode-3<-omNode-1#9431:FAIL-t5,INCONSISTENCY,nextIndex=11,followerCommit=10
2021-11-02 20:12:43,202 [grpc-default-executor-3] INFO  leader.FollowerInfo (FollowerInfoImpl.java:lambda$new$0(47)) - omNode-3@group-523986131536->omNode-1: nextIndex: updateUnconditionally 21 -> 11
2021-11-02 20:12:43,704 [grpc-default-executor-3] INFO  server.RaftServer$Division (RaftServerImpl.java:checkInconsistentAppendEntries(1322)) - omNode-1@group-523986131536: Failed appendEntries as previous log entry ((t:5, i:20)) is not found
2021-11-02 20:12:43,704 [grpc-default-executor-3] INFO  server.RaftServer$Division (RaftServerImpl.java:checkInconsistentAppendEntries(1288)) - omNode-1@group-523986131536: inconsistency entries. Reply:omNode-3<-omNode-1#9482:FAIL-t5,INCONSISTENCY,nextIndex=11,followerCommit=10
2021-11-02 20:12:43,705 [grpc-default-executor-8] INFO  leader.FollowerInfo (FollowerInfoImpl.java:lambda$new$0(47)) - omNode-3@group-523986131536->omNode-1: nextIndex: updateUnconditionally 21 -> 11
2021-11-02 20:12:44,206 [grpc-default-executor-3] INFO  server.RaftServer$Division (RaftServerImpl.java:checkInconsistentAppendEntries(1322)) - omNode-1@group-523986131536: Failed appendEntries as previous log entry ((t:5, i:20)) is not found
2021-11-02 20:12:44,206 [grpc-default-executor-3] INFO  server.RaftServer$Division (RaftServerImpl.java:checkInconsistentAppendEntries(1288)) - omNode-1@group-523986131536: inconsistency entries. Reply:omNode-3<-omNode-1#9533:FAIL-t5,INCONSISTENCY,nextIndex=11,followerCommit=10
2021-11-02 20:12:44,207 [grpc-default-executor-8] INFO  leader.FollowerInfo (FollowerInfoImpl.java:lambda$new$0(47)) - omNode-3@group-523986131536->omNode-1: nextIndex: updateUnconditionally 21 -> 11
2021-11-02 20:12:44,708 [grpc-default-executor-3] INFO  server.RaftServer$Division (RaftServerImpl.java:checkInconsistentAppendEntries(1322)) - omNode-1@group-523986131536: Failed appendEntries as previous log entry ((t:5, i:20)) is not found
2021-11-02 20:12:44,708 [grpc-default-executor-3] INFO  server.RaftServer$Division (RaftServerImpl.java:checkInconsistentAppendEntries(1288)) - omNode-1@group-523986131536: inconsistency entries. Reply:omNode-3<-omNode-1#9584:FAIL-t5,INCONSISTENCY,nextIndex=11,followerCommit=10
2021-11-02 20:12:44,709 [grpc-default-executor-8] INFO  leader.FollowerInfo (FollowerInfoImpl.java:lambda$new$0(47)) - omNode-3@group-523986131536->omNode-1: nextIndex: updateUnconditionally 21 -> 11
2021-11-02 20:12:45,211 [grpc-default-executor-8] INFO  server.RaftServer$Division (RaftServerImpl.java:checkInconsistentAppendEntries(1322)) - omNode-1@group-523986131536: Failed appendEntries as previous log entry ((t:5, i:20)) is not found
2021-11-02 20:12:45,211 [grpc-default-executor-8] INFO  server.RaftServer$Division (RaftServerImpl.java:checkInconsistentAppendEntries(1288)) - omNode-1@group-523986131536: inconsistency entries. Reply:omNode-3<-omNode-1#9635:FAIL-t5,INCONSISTENCY,nextIndex=11,followerCommit=10
2021-11-02 20:12:45,212 [grpc-default-executor-3] INFO  leader.FollowerInfo (FollowerInfoImpl.java:lambda$new$0(47)) - omNode-3@group-523986131536->omNode-1: nextIndex: updateUnconditionally 21 -> 11
2021-11-02 20:12:45,713 [grpc-default-executor-8] INFO  server.RaftServer$Division (RaftServerImpl.java:checkInconsistentAppendEntries(1322)) - omNode-1@group-523986131536: Failed appendEntries as previous log entry ((t:5, i:20)) is not found
2021-11-02 20:12:45,713 [grpc-default-executor-8] INFO  server.RaftServer$Division (RaftServerImpl.java:checkInconsistentAppendEntries(1288)) - omNode-1@group-523986131536: inconsistency entries. Reply:omNode-3<-omNode-1#9686:FAIL-t5,INCONSISTENCY,nextIndex=11,followerCommit=10
2021-11-02 20:12:45,715 [grpc-default-executor-8] INFO  leader.FollowerInfo (FollowerInfoImpl.java:lambda$new$0(47)) - omNode-3@group-523986131536->omNode-1: nextIndex: updateUnconditionally 21 -> 11
2021-11-02 20:12:46,216 [grpc-default-executor-8] INFO  server.RaftServer$Division (RaftServerImpl.java:checkInconsistentAppendEntries(1322)) - omNode-1@group-523986131536: Failed appendEntries as previous log entry ((t:5, i:20)) is not found
2021-11-02 20:12:46,217 [grpc-default-executor-8] INFO  server.RaftServer$Division (RaftServerImpl.java:checkInconsistentAppendEntries(1288)) - omNode-1@group-523986131536: inconsistency entries. Reply:omNode-3<-omNode-1#9737:FAIL-t5,INCONSISTENCY,nextIndex=11,followerCommit=10
2021-11-02 20:12:46,217 [grpc-default-executor-8] INFO  leader.FollowerInfo (FollowerInfoImpl.java:lambda$new$0(47)) - omNode-3@group-523986131536->omNode-1: nextIndex: updateUnconditionally 21 -> 11
2021-11-02 20:12:46,718 [grpc-default-executor-8] INFO  server.RaftServer$Division (RaftServerImpl.java:checkInconsistentAppendEntries(1322)) - omNode-1@group-523986131536: Failed appendEntries as previous log entry ((t:5, i:20)) is not found
2021-11-02 20:12:46,718 [grpc-default-executor-8] INFO  server.RaftServer$Division (RaftServerImpl.java:checkInconsistentAppendEntries(1288)) - omNode-1@group-523986131536: inconsistency entries. Reply:omNode-3<-omNode-1#9788:FAIL-t5,INCONSISTENCY,nextIndex=11,followerCommit=10
2021-11-02 20:12:46,718 [grpc-default-executor-8] INFO  leader.FollowerInfo (FollowerInfoImpl.java:lambda$new$0(47)) - omNode-3@group-523986131536->omNode-1: nextIndex: updateUnconditionally 21 -> 11
2021-11-02 20:12:47,220 [grpc-default-executor-8] INFO  server.RaftServer$Division (RaftServerImpl.java:checkInconsistentAppendEntries(1322)) - omNode-1@group-523986131536: Failed appendEntries as previous log entry ((t:5, i:20)) is not found
2021-11-02 20:12:47,220 [grpc-default-executor-8] INFO  server.RaftServer$Division (RaftServerImpl.java:checkInconsistentAppendEntries(1288)) - omNode-1@group-523986131536: inconsistency entries. Reply:omNode-3<-omNode-1#9839:FAIL-t5,INCONSISTENCY,nextIndex=11,followerCommit=10
2021-11-02 20:12:47,220 [grpc-default-executor-8] INFO  leader.FollowerInfo (FollowerInfoImpl.java:lambda$new$0(47)) - omNode-3@group-523986131536->omNode-1: nextIndex: updateUnconditionally 21 -> 11
2021-11-02 20:12:47,722 [grpc-default-executor-3] INFO  server.RaftServer$Division (RaftServerImpl.java:checkInconsistentAppendEntries(1322)) - omNode-1@group-523986131536: Failed appendEntries as previous log entry ((t:5, i:20)) is not found
2021-11-02 20:12:47,722 [grpc-default-executor-3] INFO  server.RaftServer$Division (RaftServerImpl.java:checkInconsistentAppendEntries(1288)) - omNode-1@group-523986131536: inconsistency entries. Reply:omNode-3<-omNode-1#9890:FAIL-t5,INCONSISTENCY,nextIndex=11,followerCommit=10
2021-11-02 20:12:47,723 [grpc-default-executor-3] INFO  leader.FollowerInfo (FollowerInfoImpl.java:lambda$new$0(47)) - omNode-3@group-523986131536->omNode-1: nextIndex: updateUnconditionally 21 -> 11
2021-11-02 20:12:48,224 [grpc-default-executor-8] INFO  server.RaftServer$Division (RaftServerImpl.java:checkInconsistentAppendEntries(1322)) - omNode-1@group-523986131536: Failed appendEntries as previous log entry ((t:5, i:20)) is not found
2021-11-02 20:12:48,225 [grpc-default-executor-8] INFO  server.RaftServer$Division (RaftServerImpl.java:checkInconsistentAppendEntries(1288)) - omNode-1@group-523986131536: inconsistency entries. Reply:omNode-3<-omNode-1#9941:FAIL-t5,INCONSISTENCY,nextIndex=11,followerCommit=10
2021-11-02 20:12:48,225 [grpc-default-executor-8] INFO  leader.FollowerInfo (FollowerInfoImpl.java:lambda$new$0(47)) - omNode-3@group-523986131536->omNode-1: nextIndex: updateUnconditionally 21 -> 11
2021-11-02 20:12:48,728 [grpc-default-executor-8] INFO  server.RaftServer$Division (RaftServerImpl.java:checkInconsistentAppendEntries(1322)) - omNode-1@group-523986131536: Failed appendEntries as previous log entry ((t:5, i:20)) is not found
2021-11-02 20:12:48,728 [grpc-default-executor-8] INFO  server.RaftServer$Division (RaftServerImpl.java:checkInconsistentAppendEntries(1288)) - omNode-1@group-523986131536: inconsistency entries. Reply:omNode-3<-omNode-1#9992:FAIL-t5,INCONSISTENCY,nextIndex=11,followerCommit=10
2021-11-02 20:12:48,728 [grpc-default-executor-3] INFO  leader.FollowerInfo (FollowerInfoImpl.java:lambda$new$0(47)) - omNode-3@group-523986131536->omNode-1: nextIndex: updateUnconditionally 21 -> 11
2021-11-02 20:12:49,230 [grpc-default-executor-3] INFO  server.RaftServer$Division (RaftServerImpl.java:checkInconsistentAppendEntries(1322)) - omNode-1@group-523986131536: Failed appendEntries as previous log entry ((t:5, i:20)) is not found
2021-11-02 20:12:49,231 [grpc-default-executor-3] INFO  server.RaftServer$Division (RaftServerImpl.java:checkInconsistentAppendEntries(1288)) - omNode-1@group-523986131536: inconsistency entries. Reply:omNode-3<-omNode-1#10043:FAIL-t5,INCONSISTENCY,nextIndex=11,followerCommit=10
2021-11-02 20:12:49,231 [grpc-default-executor-3] INFO  leader.FollowerInfo (FollowerInfoImpl.java:lambda$new$0(47)) - omNode-3@group-523986131536->omNode-1: nextIndex: updateUnconditionally 21 -> 11
2021-11-02 20:12:49,732 [grpc-default-executor-8] INFO  server.RaftServer$Division (RaftServerImpl.java:checkInconsistentAppendEntries(1322)) - omNode-1@group-523986131536: Failed appendEntries as previous log entry ((t:5, i:20)) is not found
2021-11-02 20:12:49,733 [grpc-default-executor-8] INFO  server.RaftServer$Division (RaftServerImpl.java:checkInconsistentAppendEntries(1288)) - omNode-1@group-523986131536: inconsistency entries. Reply:omNode-3<-omNode-1#10094:FAIL-t5,INCONSISTENCY,nextIndex=11,followerCommit=10
2021-11-02 20:12:49,733 [grpc-default-executor-8] INFO  leader.FollowerInfo (FollowerInfoImpl.java:lambda$new$0(47)) - omNode-3@group-523986131536->omNode-1: nextIndex: updateUnconditionally 21 -> 11
2021-11-02 20:12:50,235 [grpc-default-executor-3] INFO  server.RaftServer$Division (RaftServerImpl.java:checkInconsistentAppendEntries(1322)) - omNode-1@group-523986131536: Failed appendEntries as previous log entry ((t:5, i:20)) is not found
2021-11-02 20:12:50,235 [grpc-default-executor-3] INFO  server.RaftServer$Division (RaftServerImpl.java:checkInconsistentAppendEntries(1288)) - omNode-1@group-523986131536: inconsistency entries. Reply:omNode-3<-omNode-1#10145:FAIL-t5,INCONSISTENCY,nextIndex=11,followerCommit=10
2021-11-02 20:12:50,235 [grpc-default-executor-3] INFO  leader.FollowerInfo (FollowerInfoImpl.java:lambda$new$0(47)) - omNode-3@group-523986131536->omNode-1: nextIndex: updateUnconditionally 21 -> 11
2021-11-02 20:12:50,737 [grpc-default-executor-3] INFO  server.RaftServer$Division (RaftServerImpl.java:checkInconsistentAppendEntries(1322)) - omNode-1@group-523986131536: Failed appendEntries as previous log entry ((t:5, i:20)) is not found
2021-11-02 20:12:50,737 [grpc-default-executor-3] INFO  server.RaftServer$Division (RaftServerImpl.java:checkInconsistentAppendEntries(1288)) - omNode-1@group-523986131536: inconsistency entries. Reply:omNode-3<-omNode-1#10196:FAIL-t5,INCONSISTENCY,nextIndex=11,followerCommit=10
2021-11-02 20:12:50,738 [grpc-default-executor-3] INFO  leader.FollowerInfo (FollowerInfoImpl.java:lambda$new$0(47)) - omNode-3@group-523986131536->omNode-1: nextIndex: updateUnconditionally 21 -> 11
2021-11-02 20:12:51,239 [grpc-default-executor-8] INFO  server.RaftServer$Division (RaftServerImpl.java:checkInconsistentAppendEntries(1322)) - omNode-1@group-523986131536: Failed appendEntries as previous log entry ((t:5, i:20)) is not found
2021-11-02 20:12:51,239 [grpc-default-executor-8] INFO  server.RaftServer$Division (RaftServerImpl.java:checkInconsistentAppendEntries(1288)) - omNode-1@group-523986131536: inconsistency entries. Reply:omNode-3<-omNode-1#10247:FAIL-t5,INCONSISTENCY,nextIndex=11,followerCommit=10
2021-11-02 20:12:51,239 [grpc-default-executor-8] INFO  leader.FollowerInfo (FollowerInfoImpl.java:lambda$new$0(47)) - omNode-3@group-523986131536->omNode-1: nextIndex: updateUnconditionally 21 -> 11
2021-11-02 20:12:51,742 [grpc-default-executor-3] INFO  server.RaftServer$Division (RaftServerImpl.java:checkInconsistentAppendEntries(1322)) - omNode-1@group-523986131536: Failed appendEntries as previous log entry ((t:5, i:20)) is not found
2021-11-02 20:12:51,742 [grpc-default-executor-3] INFO  server.RaftServer$Division (RaftServerImpl.java:checkInconsistentAppendEntries(1288)) - omNode-1@group-523986131536: inconsistency entries. Reply:omNode-3<-omNode-1#10298:FAIL-t5,INCONSISTENCY,nextIndex=11,followerCommit=10
2021-11-02 20:12:51,743 [grpc-default-executor-8] INFO  leader.FollowerInfo (FollowerInfoImpl.java:lambda$new$0(47)) - omNode-3@group-523986131536->omNode-1: nextIndex: updateUnconditionally 21 -> 11
2021-11-02 20:12:52,244 [grpc-default-executor-8] INFO  server.RaftServer$Division (RaftServerImpl.java:checkInconsistentAppendEntries(1322)) - omNode-1@group-523986131536: Failed appendEntries as previous log entry ((t:5, i:20)) is not found
2021-11-02 20:12:52,244 [grpc-default-executor-8] INFO  server.RaftServer$Division (RaftServerImpl.java:checkInconsistentAppendEntries(1288)) - omNode-1@group-523986131536: inconsistency entries. Reply:omNode-3<-omNode-1#10349:FAIL-t5,INCONSISTENCY,nextIndex=11,followerCommit=10
2021-11-02 20:12:52,245 [grpc-default-executor-8] INFO  leader.FollowerInfo (FollowerInfoImpl.java:lambda$new$0(47)) - omNode-3@group-523986131536->omNode-1: nextIndex: updateUnconditionally 21 -> 11
2021-11-02 20:12:52,746 [grpc-default-executor-8] INFO  server.RaftServer$Division (RaftServerImpl.java:checkInconsistentAppendEntries(1322)) - omNode-1@group-523986131536: Failed appendEntries as previous log entry ((t:5, i:20)) is not found
2021-11-02 20:12:52,747 [grpc-default-executor-8] INFO  server.RaftServer$Division (RaftServerImpl.java:checkInconsistentAppendEntries(1288)) - omNode-1@group-523986131536: inconsistency entries. Reply:omNode-3<-omNode-1#10400:FAIL-t5,INCONSISTENCY,nextIndex=11,followerCommit=10
2021-11-02 20:12:52,747 [grpc-default-executor-8] INFO  leader.FollowerInfo (FollowerInfoImpl.java:lambda$new$0(47)) - omNode-3@group-523986131536->omNode-1: nextIndex: updateUnconditionally 21 -> 11
2021-11-02 20:12:53,249 [grpc-default-executor-8] INFO  server.RaftServer$Division (RaftServerImpl.java:checkInconsistentAppendEntries(1322)) - omNode-1@group-523986131536: Failed appendEntries as previous log entry ((t:5, i:20)) is not found
2021-11-02 20:12:53,249 [grpc-default-executor-8] INFO  server.RaftServer$Division (RaftServerImpl.java:checkInconsistentAppendEntries(1288)) - omNode-1@group-523986131536: inconsistency entries. Reply:omNode-3<-omNode-1#10451:FAIL-t5,INCONSISTENCY,nextIndex=11,followerCommit=10
2021-11-02 20:12:53,250 [grpc-default-executor-8] INFO  leader.FollowerInfo (FollowerInfoImpl.java:lambda$new$0(47)) - omNode-3@group-523986131536->omNode-1: nextIndex: updateUnconditionally 21 -> 11
2021-11-02 20:12:53,751 [grpc-default-executor-3] INFO  server.RaftServer$Division (RaftServerImpl.java:checkInconsistentAppendEntries(1322)) - omNode-1@group-523986131536: Failed appendEntries as previous log entry ((t:5, i:20)) is not found
2021-11-02 20:12:53,751 [grpc-default-executor-3] INFO  server.RaftServer$Division (RaftServerImpl.java:checkInconsistentAppendEntries(1288)) - omNode-1@group-523986131536: inconsistency entries. Reply:omNode-3<-omNode-1#10502:FAIL-t5,INCONSISTENCY,nextIndex=11,followerCommit=10
2021-11-02 20:12:53,751 [grpc-default-executor-8] INFO  leader.FollowerInfo (FollowerInfoImpl.java:lambda$new$0(47)) - omNode-3@group-523986131536->omNode-1: nextIndex: updateUnconditionally 21 -> 11
2021-11-02 20:12:54,252 [grpc-default-executor-8] INFO  server.RaftServer$Division (RaftServerImpl.java:checkInconsistentAppendEntries(1322)) - omNode-1@group-523986131536: Failed appendEntries as previous log entry ((t:5, i:20)) is not found
2021-11-02 20:12:54,253 [grpc-default-executor-8] INFO  server.RaftServer$Division (RaftServerImpl.java:checkInconsistentAppendEntries(1288)) - omNode-1@group-523986131536: inconsistency entries. Reply:omNode-3<-omNode-1#10553:FAIL-t5,INCONSISTENCY,nextIndex=11,followerCommit=10
2021-11-02 20:12:54,253 [grpc-default-executor-3] INFO  leader.FollowerInfo (FollowerInfoImpl.java:lambda$new$0(47)) - omNode-3@group-523986131536->omNode-1: nextIndex: updateUnconditionally 21 -> 11
2021-11-02 20:12:54,755 [grpc-default-executor-3] INFO  server.RaftServer$Division (RaftServerImpl.java:checkInconsistentAppendEntries(1322)) - omNode-1@group-523986131536: Failed appendEntries as previous log entry ((t:5, i:20)) is not found
2021-11-02 20:12:54,755 [grpc-default-executor-3] INFO  server.RaftServer$Division (RaftServerImpl.java:checkInconsistentAppendEntries(1288)) - omNode-1@group-523986131536: inconsistency entries. Reply:omNode-3<-omNode-1#10604:FAIL-t5,INCONSISTENCY,nextIndex=11,followerCommit=10
2021-11-02 20:12:54,756 [grpc-default-executor-8] INFO  leader.FollowerInfo (FollowerInfoImpl.java:lambda$new$0(47)) - omNode-3@group-523986131536->omNode-1: nextIndex: updateUnconditionally 21 -> 11
2021-11-02 20:12:55,257 [grpc-default-executor-8] INFO  server.RaftServer$Division (RaftServerImpl.java:checkInconsistentAppendEntries(1322)) - omNode-1@group-523986131536: Failed appendEntries as previous log entry ((t:5, i:20)) is not found
2021-11-02 20:12:55,258 [grpc-default-executor-8] INFO  server.RaftServer$Division (RaftServerImpl.java:checkInconsistentAppendEntries(1288)) - omNode-1@group-523986131536: inconsistency entries. Reply:omNode-3<-omNode-1#10655:FAIL-t5,INCONSISTENCY,nextIndex=11,followerCommit=10
2021-11-02 20:12:55,258 [grpc-default-executor-3] INFO  leader.FollowerInfo (FollowerInfoImpl.java:lambda$new$0(47)) - omNode-3@group-523986131536->omNode-1: nextIndex: updateUnconditionally 21 -> 11
2021-11-02 20:12:55,760 [grpc-default-executor-3] INFO  server.RaftServer$Division (RaftServerImpl.java:checkInconsistentAppendEntries(1322)) - omNode-1@group-523986131536: Failed appendEntries as previous log entry ((t:5, i:20)) is not found
2021-11-02 20:12:55,760 [grpc-default-executor-3] INFO  server.RaftServer$Division (RaftServerImpl.java:checkInconsistentAppendEntries(1288)) - omNode-1@group-523986131536: inconsistency entries. Reply:omNode-3<-omNode-1#10706:FAIL-t5,INCONSISTENCY,nextIndex=11,followerCommit=10
2021-11-02 20:12:55,761 [grpc-default-executor-3] INFO  leader.FollowerInfo (FollowerInfoImpl.java:lambda$new$0(47)) - omNode-3@group-523986131536->omNode-1: nextIndex: updateUnconditionally 21 -> 11
2021-11-02 20:12:56,262 [grpc-default-executor-3] INFO  server.RaftServer$Division (RaftServerImpl.java:checkInconsistentAppendEntries(1322)) - omNode-1@group-523986131536: Failed appendEntries as previous log entry ((t:5, i:20)) is not found
2021-11-02 20:12:56,262 [grpc-default-executor-3] INFO  server.RaftServer$Division (RaftServerImpl.java:checkInconsistentAppendEntries(1288)) - omNode-1@group-523986131536: inconsistency entries. Reply:omNode-3<-omNode-1#10757:FAIL-t5,INCONSISTENCY,nextIndex=11,followerCommit=10
2021-11-02 20:12:56,263 [grpc-default-executor-8] INFO  leader.FollowerInfo (FollowerInfoImpl.java:lambda$new$0(47)) - omNode-3@group-523986131536->omNode-1: nextIndex: updateUnconditionally 21 -> 11
2021-11-02 20:12:56,764 [grpc-default-executor-3] INFO  server.RaftServer$Division (RaftServerImpl.java:checkInconsistentAppendEntries(1322)) - omNode-1@group-523986131536: Failed appendEntries as previous log entry ((t:5, i:20)) is not found
2021-11-02 20:12:56,765 [grpc-default-executor-3] INFO  server.RaftServer$Division (RaftServerImpl.java:checkInconsistentAppendEntries(1288)) - omNode-1@group-523986131536: inconsistency entries. Reply:omNode-3<-omNode-1#10808:FAIL-t5,INCONSISTENCY,nextIndex=11,followerCommit=10
2021-11-02 20:12:56,765 [grpc-default-executor-3] INFO  leader.FollowerInfo (FollowerInfoImpl.java:lambda$new$0(47)) - omNode-3@group-523986131536->omNode-1: nextIndex: updateUnconditionally 21 -> 11
2021-11-02 20:12:57,266 [grpc-default-executor-8] INFO  server.RaftServer$Division (RaftServerImpl.java:checkInconsistentAppendEntries(1322)) - omNode-1@group-523986131536: Failed appendEntries as previous log entry ((t:5, i:20)) is not found
2021-11-02 20:12:57,267 [grpc-default-executor-8] INFO  server.RaftServer$Division (RaftServerImpl.java:checkInconsistentAppendEntries(1288)) - omNode-1@group-523986131536: inconsistency entries. Reply:omNode-3<-omNode-1#10859:FAIL-t5,INCONSISTENCY,nextIndex=11,followerCommit=10
2021-11-02 20:12:57,267 [grpc-default-executor-8] INFO  leader.FollowerInfo (FollowerInfoImpl.java:lambda$new$0(47)) - omNode-3@group-523986131536->omNode-1: nextIndex: updateUnconditionally 21 -> 11
2021-11-02 20:12:57,768 [grpc-default-executor-3] INFO  server.RaftServer$Division (RaftServerImpl.java:checkInconsistentAppendEntries(1322)) - omNode-1@group-523986131536: Failed appendEntries as previous log entry ((t:5, i:20)) is not found
2021-11-02 20:12:57,769 [grpc-default-executor-3] INFO  server.RaftServer$Division (RaftServerImpl.java:checkInconsistentAppendEntries(1288)) - omNode-1@group-523986131536: inconsistency entries. Reply:omNode-3<-omNode-1#10909:FAIL-t5,INCONSISTENCY,nextIndex=11,followerCommit=10
2021-11-02 20:12:57,769 [grpc-default-executor-8] INFO  leader.FollowerInfo (FollowerInfoImpl.java:lambda$new$0(47)) - omNode-3@group-523986131536->omNode-1: nextIndex: updateUnconditionally 21 -> 11
2021-11-02 20:12:58,271 [grpc-default-executor-8] INFO  server.RaftServer$Division (RaftServerImpl.java:checkInconsistentAppendEntries(1322)) - omNode-1@group-523986131536: Failed appendEntries as previous log entry ((t:5, i:20)) is not found
2021-11-02 20:12:58,271 [grpc-default-executor-8] INFO  server.RaftServer$Division (RaftServerImpl.java:checkInconsistentAppendEntries(1288)) - omNode-1@group-523986131536: inconsistency entries. Reply:omNode-3<-omNode-1#10960:FAIL-t5,INCONSISTENCY,nextIndex=11,followerCommit=10
2021-11-02 20:12:58,272 [grpc-default-executor-8] INFO  leader.FollowerInfo (FollowerInfoImpl.java:lambda$new$0(47)) - omNode-3@group-523986131536->omNode-1: nextIndex: updateUnconditionally 21 -> 11
2021-11-02 20:12:58,773 [grpc-default-executor-8] INFO  server.RaftServer$Division (RaftServerImpl.java:checkInconsistentAppendEntries(1322)) - omNode-1@group-523986131536: Failed appendEntries as previous log entry ((t:5, i:20)) is not found
2021-11-02 20:12:58,773 [grpc-default-executor-8] INFO  server.RaftServer$Division (RaftServerImpl.java:checkInconsistentAppendEntries(1288)) - omNode-1@group-523986131536: inconsistency entries. Reply:omNode-3<-omNode-1#11011:FAIL-t5,INCONSISTENCY,nextIndex=11,followerCommit=10
2021-11-02 20:12:58,773 [grpc-default-executor-8] INFO  leader.FollowerInfo (FollowerInfoImpl.java:lambda$new$0(47)) - omNode-3@group-523986131536->omNode-1: nextIndex: updateUnconditionally 21 -> 11
2021-11-02 20:12:59,275 [grpc-default-executor-8] INFO  server.RaftServer$Division (RaftServerImpl.java:checkInconsistentAppendEntries(1322)) - omNode-1@group-523986131536: Failed appendEntries as previous log entry ((t:5, i:20)) is not found
2021-11-02 20:12:59,275 [grpc-default-executor-8] INFO  server.RaftServer$Division (RaftServerImpl.java:checkInconsistentAppendEntries(1288)) - omNode-1@group-523986131536: inconsistency entries. Reply:omNode-3<-omNode-1#11062:FAIL-t5,INCONSISTENCY,nextIndex=11,followerCommit=10
2021-11-02 20:12:59,275 [grpc-default-executor-3] INFO  leader.FollowerInfo (FollowerInfoImpl.java:lambda$new$0(47)) - omNode-3@group-523986131536->omNode-1: nextIndex: updateUnconditionally 21 -> 11
2021-11-02 20:12:59,777 [grpc-default-executor-8] INFO  server.RaftServer$Division (RaftServerImpl.java:checkInconsistentAppendEntries(1322)) - omNode-1@group-523986131536: Failed appendEntries as previous log entry ((t:5, i:20)) is not found
2021-11-02 20:12:59,777 [grpc-default-executor-8] INFO  server.RaftServer$Division (RaftServerImpl.java:checkInconsistentAppendEntries(1288)) - omNode-1@group-523986131536: inconsistency entries. Reply:omNode-3<-omNode-1#11113:FAIL-t5,INCONSISTENCY,nextIndex=11,followerCommit=10
2021-11-02 20:12:59,778 [grpc-default-executor-3] INFO  leader.FollowerInfo (FollowerInfoImpl.java:lambda$new$0(47)) - omNode-3@group-523986131536->omNode-1: nextIndex: updateUnconditionally 21 -> 11
2021-11-02 20:13:00,279 [grpc-default-executor-8] INFO  server.RaftServer$Division (RaftServerImpl.java:checkInconsistentAppendEntries(1322)) - omNode-1@group-523986131536: Failed appendEntries as previous log entry ((t:5, i:20)) is not found
2021-11-02 20:13:00,280 [grpc-default-executor-8] INFO  server.RaftServer$Division (RaftServerImpl.java:checkInconsistentAppendEntries(1288)) - omNode-1@group-523986131536: inconsistency entries. Reply:omNode-3<-omNode-1#11164:FAIL-t5,INCONSISTENCY,nextIndex=11,followerCommit=10
2021-11-02 20:13:00,281 [grpc-default-executor-3] INFO  leader.FollowerInfo (FollowerInfoImpl.java:lambda$new$0(47)) - omNode-3@group-523986131536->omNode-1: nextIndex: updateUnconditionally 21 -> 11
2021-11-02 20:13:00,782 [grpc-default-executor-3] INFO  server.RaftServer$Division (RaftServerImpl.java:checkInconsistentAppendEntries(1322)) - omNode-1@group-523986131536: Failed appendEntries as previous log entry ((t:5, i:20)) is not found
2021-11-02 20:13:00,782 [grpc-default-executor-3] INFO  server.RaftServer$Division (RaftServerImpl.java:checkInconsistentAppendEntries(1288)) - omNode-1@group-523986131536: inconsistency entries. Reply:omNode-3<-omNode-1#11215:FAIL-t5,INCONSISTENCY,nextIndex=11,followerCommit=10
2021-11-02 20:13:00,783 [grpc-default-executor-3] INFO  leader.FollowerInfo (FollowerInfoImpl.java:lambda$new$0(47)) - omNode-3@group-523986131536->omNode-1: nextIndex: updateUnconditionally 21 -> 11
2021-11-02 20:13:01,284 [grpc-default-executor-3] INFO  server.RaftServer$Division (RaftServerImpl.java:checkInconsistentAppendEntries(1322)) - omNode-1@group-523986131536: Failed appendEntries as previous log entry ((t:5, i:20)) is not found
2021-11-02 20:13:01,285 [grpc-default-executor-3] INFO  server.RaftServer$Division (RaftServerImpl.java:checkInconsistentAppendEntries(1288)) - omNode-1@group-523986131536: inconsistency entries. Reply:omNode-3<-omNode-1#11266:FAIL-t5,INCONSISTENCY,nextIndex=11,followerCommit=10
2021-11-02 20:13:01,285 [grpc-default-executor-3] INFO  leader.FollowerInfo (FollowerInfoImpl.java:lambda$new$0(47)) - omNode-3@group-523986131536->omNode-1: nextIndex: updateUnconditionally 21 -> 11
2021-11-02 20:13:01,786 [grpc-default-executor-8] INFO  server.RaftServer$Division (RaftServerImpl.java:checkInconsistentAppendEntries(1322)) - omNode-1@group-523986131536: Failed appendEntries as previous log entry ((t:5, i:20)) is not found
2021-11-02 20:13:01,787 [grpc-default-executor-8] INFO  server.RaftServer$Division (RaftServerImpl.java:checkInconsistentAppendEntries(1288)) - omNode-1@group-523986131536: inconsistency entries. Reply:omNode-3<-omNode-1#11317:FAIL-t5,INCONSISTENCY,nextIndex=11,followerCommit=10
2021-11-02 20:13:01,787 [grpc-default-executor-8] INFO  leader.FollowerInfo (FollowerInfoImpl.java:lambda$new$0(47)) - omNode-3@group-523986131536->omNode-1: nextIndex: updateUnconditionally 21 -> 11
2021-11-02 20:13:02,288 [grpc-default-executor-8] INFO  server.RaftServer$Division (RaftServerImpl.java:checkInconsistentAppendEntries(1322)) - omNode-1@group-523986131536: Failed appendEntries as previous log entry ((t:5, i:20)) is not found
2021-11-02 20:13:02,288 [grpc-default-executor-8] INFO  server.RaftServer$Division (RaftServerImpl.java:checkInconsistentAppendEntries(1288)) - omNode-1@group-523986131536: inconsistency entries. Reply:omNode-3<-omNode-1#11368:FAIL-t5,INCONSISTENCY,nextIndex=11,followerCommit=10
2021-11-02 20:13:02,289 [grpc-default-executor-8] INFO  leader.FollowerInfo (FollowerInfoImpl.java:lambda$new$0(47)) - omNode-3@group-523986131536->omNode-1: nextIndex: updateUnconditionally 21 -> 11
2021-11-02 20:13:02,790 [grpc-default-executor-8] INFO  server.RaftServer$Division (RaftServerImpl.java:checkInconsistentAppendEntries(1322)) - omNode-1@group-523986131536: Failed appendEntries as previous log entry ((t:5, i:20)) is not found
2021-11-02 20:13:02,790 [grpc-default-executor-8] INFO  server.RaftServer$Division (RaftServerImpl.java:checkInconsistentAppendEntries(1288)) - omNode-1@group-523986131536: inconsistency entries. Reply:omNode-3<-omNode-1#11419:FAIL-t5,INCONSISTENCY,nextIndex=11,followerCommit=10
2021-11-02 20:13:02,790 [grpc-default-executor-8] INFO  leader.FollowerInfo (FollowerInfoImpl.java:lambda$new$0(47)) - omNode-3@group-523986131536->omNode-1: nextIndex: updateUnconditionally 21 -> 11
2021-11-02 20:13:03,292 [grpc-default-executor-8] INFO  server.RaftServer$Division (RaftServerImpl.java:checkInconsistentAppendEntries(1322)) - omNode-1@group-523986131536: Failed appendEntries as previous log entry ((t:5, i:20)) is not found
2021-11-02 20:13:03,292 [grpc-default-executor-8] INFO  server.RaftServer$Division (RaftServerImpl.java:checkInconsistentAppendEntries(1288)) - omNode-1@group-523986131536: inconsistency entries. Reply:omNode-3<-omNode-1#11470:FAIL-t5,INCONSISTENCY,nextIndex=11,followerCommit=10
2021-11-02 20:13:03,292 [grpc-default-executor-8] INFO  leader.FollowerInfo (FollowerInfoImpl.java:lambda$new$0(47)) - omNode-3@group-523986131536->omNode-1: nextIndex: updateUnconditionally 21 -> 11
2021-11-02 20:13:03,794 [grpc-default-executor-8] INFO  server.RaftServer$Division (RaftServerImpl.java:checkInconsistentAppendEntries(1322)) - omNode-1@group-523986131536: Failed appendEntries as previous log entry ((t:5, i:20)) is not found
2021-11-02 20:13:03,794 [grpc-default-executor-8] INFO  server.RaftServer$Division (RaftServerImpl.java:checkInconsistentAppendEntries(1288)) - omNode-1@group-523986131536: inconsistency entries. Reply:omNode-3<-omNode-1#11521:FAIL-t5,INCONSISTENCY,nextIndex=11,followerCommit=10
2021-11-02 20:13:03,794 [grpc-default-executor-8] INFO  leader.FollowerInfo (FollowerInfoImpl.java:lambda$new$0(47)) - omNode-3@group-523986131536->omNode-1: nextIndex: updateUnconditionally 21 -> 11
2021-11-02 20:13:04,295 [grpc-default-executor-3] INFO  server.RaftServer$Division (RaftServerImpl.java:checkInconsistentAppendEntries(1322)) - omNode-1@group-523986131536: Failed appendEntries as previous log entry ((t:5, i:20)) is not found
2021-11-02 20:13:04,295 [grpc-default-executor-3] INFO  server.RaftServer$Division (RaftServerImpl.java:checkInconsistentAppendEntries(1288)) - omNode-1@group-523986131536: inconsistency entries. Reply:omNode-3<-omNode-1#11572:FAIL-t5,INCONSISTENCY,nextIndex=11,followerCommit=10
2021-11-02 20:13:04,295 [grpc-default-executor-3] INFO  leader.FollowerInfo (FollowerInfoImpl.java:lambda$new$0(47)) - omNode-3@group-523986131536->omNode-1: nextIndex: updateUnconditionally 21 -> 11
2021-11-02 20:13:04,797 [grpc-default-executor-3] INFO  server.RaftServer$Division (RaftServerImpl.java:checkInconsistentAppendEntries(1322)) - omNode-1@group-523986131536: Failed appendEntries as previous log entry ((t:5, i:20)) is not found
2021-11-02 20:13:04,797 [grpc-default-executor-3] INFO  server.RaftServer$Division (RaftServerImpl.java:checkInconsistentAppendEntries(1288)) - omNode-1@group-523986131536: inconsistency entries. Reply:omNode-3<-omNode-1#11623:FAIL-t5,INCONSISTENCY,nextIndex=11,followerCommit=10
2021-11-02 20:13:04,797 [grpc-default-executor-3] INFO  leader.FollowerInfo (FollowerInfoImpl.java:lambda$new$0(47)) - omNode-3@group-523986131536->omNode-1: nextIndex: updateUnconditionally 21 -> 11
2021-11-02 20:13:05,298 [grpc-default-executor-3] INFO  server.RaftServer$Division (RaftServerImpl.java:checkInconsistentAppendEntries(1322)) - omNode-1@group-523986131536: Failed appendEntries as previous log entry ((t:5, i:20)) is not found
2021-11-02 20:13:05,299 [grpc-default-executor-3] INFO  server.RaftServer$Division (RaftServerImpl.java:checkInconsistentAppendEntries(1288)) - omNode-1@group-523986131536: inconsistency entries. Reply:omNode-3<-omNode-1#11674:FAIL-t5,INCONSISTENCY,nextIndex=11,followerCommit=10
2021-11-02 20:13:05,299 [grpc-default-executor-3] INFO  leader.FollowerInfo (FollowerInfoImpl.java:lambda$new$0(47)) - omNode-3@group-523986131536->omNode-1: nextIndex: updateUnconditionally 21 -> 11
2021-11-02 20:13:05,801 [grpc-default-executor-3] INFO  server.RaftServer$Division (RaftServerImpl.java:checkInconsistentAppendEntries(1322)) - omNode-1@group-523986131536: Failed appendEntries as previous log entry ((t:5, i:20)) is not found
2021-11-02 20:13:05,801 [grpc-default-executor-3] INFO  server.RaftServer$Division (RaftServerImpl.java:checkInconsistentAppendEntries(1288)) - omNode-1@group-523986131536: inconsistency entries. Reply:omNode-3<-omNode-1#11725:FAIL-t5,INCONSISTENCY,nextIndex=11,followerCommit=10
2021-11-02 20:13:05,801 [grpc-default-executor-8] INFO  leader.FollowerInfo (FollowerInfoImpl.java:lambda$new$0(47)) - omNode-3@group-523986131536->omNode-1: nextIndex: updateUnconditionally 21 -> 11
2021-11-02 20:13:06,303 [grpc-default-executor-8] INFO  server.RaftServer$Division (RaftServerImpl.java:checkInconsistentAppendEntries(1322)) - omNode-1@group-523986131536: Failed appendEntries as previous log entry ((t:5, i:20)) is not found
2021-11-02 20:13:06,303 [grpc-default-executor-8] INFO  server.RaftServer$Division (RaftServerImpl.java:checkInconsistentAppendEntries(1288)) - omNode-1@group-523986131536: inconsistency entries. Reply:omNode-3<-omNode-1#11776:FAIL-t5,INCONSISTENCY,nextIndex=11,followerCommit=10
2021-11-02 20:13:06,303 [grpc-default-executor-8] INFO  leader.FollowerInfo (FollowerInfoImpl.java:lambda$new$0(47)) - omNode-3@group-523986131536->omNode-1: nextIndex: updateUnconditionally 21 -> 11
2021-11-02 20:13:06,805 [grpc-default-executor-8] INFO  server.RaftServer$Division (RaftServerImpl.java:checkInconsistentAppendEntries(1322)) - omNode-1@group-523986131536: Failed appendEntries as previous log entry ((t:5, i:20)) is not found
2021-11-02 20:13:06,805 [grpc-default-executor-8] INFO  server.RaftServer$Division (RaftServerImpl.java:checkInconsistentAppendEntries(1288)) - omNode-1@group-523986131536: inconsistency entries. Reply:omNode-3<-omNode-1#11827:FAIL-t5,INCONSISTENCY,nextIndex=11,followerCommit=10
2021-11-02 20:13:06,805 [grpc-default-executor-3] INFO  leader.FollowerInfo (FollowerInfoImpl.java:lambda$new$0(47)) - omNode-3@group-523986131536->omNode-1: nextIndex: updateUnconditionally 21 -> 11
2021-11-02 20:13:07,307 [grpc-default-executor-3] INFO  server.RaftServer$Division (RaftServerImpl.java:checkInconsistentAppendEntries(1322)) - omNode-1@group-523986131536: Failed appendEntries as previous log entry ((t:5, i:20)) is not found
2021-11-02 20:13:07,307 [grpc-default-executor-3] INFO  server.RaftServer$Division (RaftServerImpl.java:checkInconsistentAppendEntries(1288)) - omNode-1@group-523986131536: inconsistency entries. Reply:omNode-3<-omNode-1#11878:FAIL-t5,INCONSISTENCY,nextIndex=11,followerCommit=10
2021-11-02 20:13:07,308 [grpc-default-executor-3] INFO  leader.FollowerInfo (FollowerInfoImpl.java:lambda$new$0(47)) - omNode-3@group-523986131536->omNode-1: nextIndex: updateUnconditionally 21 -> 11
2021-11-02 20:13:07,809 [grpc-default-executor-8] INFO  server.RaftServer$Division (RaftServerImpl.java:checkInconsistentAppendEntries(1322)) - omNode-1@group-523986131536: Failed appendEntries as previous log entry ((t:5, i:20)) is not found
2021-11-02 20:13:07,809 [grpc-default-executor-8] INFO  server.RaftServer$Division (RaftServerImpl.java:checkInconsistentAppendEntries(1288)) - omNode-1@group-523986131536: inconsistency entries. Reply:omNode-3<-omNode-1#11929:FAIL-t5,INCONSISTENCY,nextIndex=11,followerCommit=10
2021-11-02 20:13:07,809 [grpc-default-executor-8] INFO  leader.FollowerInfo (FollowerInfoImpl.java:lambda$new$0(47)) - omNode-3@group-523986131536->omNode-1: nextIndex: updateUnconditionally 21 -> 11
2021-11-02 20:13:08,311 [grpc-default-executor-8] INFO  server.RaftServer$Division (RaftServerImpl.java:checkInconsistentAppendEntries(1322)) - omNode-1@group-523986131536: Failed appendEntries as previous log entry ((t:5, i:20)) is not found
2021-11-02 20:13:08,311 [grpc-default-executor-8] INFO  server.RaftServer$Division (RaftServerImpl.java:checkInconsistentAppendEntries(1288)) - omNode-1@group-523986131536: inconsistency entries. Reply:omNode-3<-omNode-1#11980:FAIL-t5,INCONSISTENCY,nextIndex=11,followerCommit=10
2021-11-02 20:13:08,312 [grpc-default-executor-8] INFO  leader.FollowerInfo (FollowerInfoImpl.java:lambda$new$0(47)) - omNode-3@group-523986131536->omNode-1: nextIndex: updateUnconditionally 21 -> 11
2021-11-02 20:13:08,813 [grpc-default-executor-3] INFO  server.RaftServer$Division (RaftServerImpl.java:checkInconsistentAppendEntries(1322)) - omNode-1@group-523986131536: Failed appendEntries as previous log entry ((t:5, i:20)) is not found
2021-11-02 20:13:08,814 [grpc-default-executor-3] INFO  server.RaftServer$Division (RaftServerImpl.java:checkInconsistentAppendEntries(1288)) - omNode-1@group-523986131536: inconsistency entries. Reply:omNode-3<-omNode-1#12031:FAIL-t5,INCONSISTENCY,nextIndex=11,followerCommit=10
2021-11-02 20:13:08,814 [grpc-default-executor-8] INFO  leader.FollowerInfo (FollowerInfoImpl.java:lambda$new$0(47)) - omNode-3@group-523986131536->omNode-1: nextIndex: updateUnconditionally 21 -> 11
2021-11-02 20:13:09,316 [grpc-default-executor-8] INFO  server.RaftServer$Division (RaftServerImpl.java:checkInconsistentAppendEntries(1322)) - omNode-1@group-523986131536: Failed appendEntries as previous log entry ((t:5, i:20)) is not found
2021-11-02 20:13:09,316 [grpc-default-executor-8] INFO  server.RaftServer$Division (RaftServerImpl.java:checkInconsistentAppendEntries(1288)) - omNode-1@group-523986131536: inconsistency entries. Reply:omNode-3<-omNode-1#12082:FAIL-t5,INCONSISTENCY,nextIndex=11,followerCommit=10
2021-11-02 20:13:09,317 [grpc-default-executor-3] INFO  leader.FollowerInfo (FollowerInfoImpl.java:lambda$new$0(47)) - omNode-3@group-523986131536->omNode-1: nextIndex: updateUnconditionally 21 -> 11
2021-11-02 20:13:09,818 [grpc-default-executor-8] INFO  server.RaftServer$Division (RaftServerImpl.java:checkInconsistentAppendEntries(1322)) - omNode-1@group-523986131536: Failed appendEntries as previous log entry ((t:5, i:20)) is not found
2021-11-02 20:13:09,818 [grpc-default-executor-8] INFO  server.RaftServer$Division (RaftServerImpl.java:checkInconsistentAppendEntries(1288)) - omNode-1@group-523986131536: inconsistency entries. Reply:omNode-3<-omNode-1#12133:FAIL-t5,INCONSISTENCY,nextIndex=11,followerCommit=10
2021-11-02 20:13:09,819 [grpc-default-executor-8] INFO  leader.FollowerInfo (FollowerInfoImpl.java:lambda$new$0(47)) - omNode-3@group-523986131536->omNode-1: nextIndex: updateUnconditionally 21 -> 11
2021-11-02 20:13:10,321 [grpc-default-executor-3] INFO  server.RaftServer$Division (RaftServerImpl.java:checkInconsistentAppendEntries(1322)) - omNode-1@group-523986131536: Failed appendEntries as previous log entry ((t:5, i:20)) is not found
2021-11-02 20:13:10,321 [grpc-default-executor-3] INFO  server.RaftServer$Division (RaftServerImpl.java:checkInconsistentAppendEntries(1288)) - omNode-1@group-523986131536: inconsistency entries. Reply:omNode-3<-omNode-1#12184:FAIL-t5,INCONSISTENCY,nextIndex=11,followerCommit=10
2021-11-02 20:13:10,322 [grpc-default-executor-3] INFO  leader.FollowerInfo (FollowerInfoImpl.java:lambda$new$0(47)) - omNode-3@group-523986131536->omNode-1: nextIndex: updateUnconditionally 21 -> 11
2021-11-02 20:13:10,823 [grpc-default-executor-8] INFO  server.RaftServer$Division (RaftServerImpl.java:checkInconsistentAppendEntries(1322)) - omNode-1@group-523986131536: Failed appendEntries as previous log entry ((t:5, i:20)) is not found
2021-11-02 20:13:10,823 [grpc-default-executor-8] INFO  server.RaftServer$Division (RaftServerImpl.java:checkInconsistentAppendEntries(1288)) - omNode-1@group-523986131536: inconsistency entries. Reply:omNode-3<-omNode-1#12235:FAIL-t5,INCONSISTENCY,nextIndex=11,followerCommit=10
2021-11-02 20:13:10,824 [grpc-default-executor-8] INFO  leader.FollowerInfo (FollowerInfoImpl.java:lambda$new$0(47)) - omNode-3@group-523986131536->omNode-1: nextIndex: updateUnconditionally 21 -> 11
2021-11-02 20:13:11,326 [grpc-default-executor-3] INFO  server.RaftServer$Division (RaftServerImpl.java:checkInconsistentAppendEntries(1322)) - omNode-1@group-523986131536: Failed appendEntries as previous log entry ((t:5, i:20)) is not found
2021-11-02 20:13:11,326 [grpc-default-executor-3] INFO  server.RaftServer$Division (RaftServerImpl.java:checkInconsistentAppendEntries(1288)) - omNode-1@group-523986131536: inconsistency entries. Reply:omNode-3<-omNode-1#12286:FAIL-t5,INCONSISTENCY,nextIndex=11,followerCommit=10
2021-11-02 20:13:11,326 [grpc-default-executor-8] INFO  leader.FollowerInfo (FollowerInfoImpl.java:lambda$new$0(47)) - omNode-3@group-523986131536->omNode-1: nextIndex: updateUnconditionally 21 -> 11
2021-11-02 20:13:11,597 [Time-limited test] INFO  om.OzoneManager (OzoneManager.java:stop(1697)) - Stopping Ozone Manager
2021-11-02 20:13:11,598 [Time-limited test] INFO  ipc.Server (Server.java:stop(3414)) - Stopping server on 10620
2021-11-02 20:13:11,600 [IPC Server listener on 10620] INFO  ipc.Server (Server.java:run(1376)) - Stopping IPC Server listener on 10620
2021-11-02 20:13:11,602 [IPC Server Responder] INFO  ipc.Server (Server.java:run(1512)) - Stopping IPC Server Responder
2021-11-02 20:13:11,602 [Time-limited test] INFO  server.RaftServer (RaftServerProxy.java:lambda$close$6(391)) - omNode-3: close
2021-11-02 20:13:11,602 [Time-limited test] INFO  server.RaftServer$Division (RaftServerImpl.java:lambda$close$4(412)) - omNode-3@group-523986131536: shutdown
2021-11-02 20:13:11,603 [Time-limited test] INFO  util.JmxRegister (JmxRegister.java:unregister(73)) - Successfully un-registered JMX Bean with object name Ratis:service=RaftServer,group=group-523986131536,id=omNode-3
2021-11-02 20:13:11,603 [Time-limited test] INFO  impl.RoleInfo (RoleInfo.java:shutdownLeaderState(91)) - omNode-3: shutdown omNode-3@group-523986131536-LeaderStateImpl
2021-11-02 20:13:11,603 [omNode-3@group-523986131536->omNode-1-GrpcLogAppender-LogAppenderDaemon] WARN  server.GrpcLogAppender (GrpcLogAppender.java:mayWait(177)) - omNode-3@group-523986131536->omNode-1-GrpcLogAppender: Wait interrupted by java.lang.InterruptedException
2021-11-02 20:13:11,603 [omNode-3@group-523986131536->omNode-2-GrpcLogAppender-LogAppenderDaemon] WARN  server.GrpcLogAppender (GrpcLogAppender.java:mayWait(177)) - omNode-3@group-523986131536->omNode-2-GrpcLogAppender: Wait interrupted by java.lang.InterruptedException
2021-11-02 20:13:11,603 [Time-limited test] INFO  impl.PendingRequests (PendingRequests.java:sendNotLeaderResponses(282)) - omNode-3@group-523986131536-PendingRequests: sendNotLeaderResponses
2021-11-02 20:13:11,611 [grpc-default-executor-8] INFO  server.GrpcServerProtocolService (GrpcServerProtocolService.java:onCompleted(140)) - omNode-1: Completed APPEND_ENTRIES, lastRequest: omNode-3->omNode-1#12287-t5,previous=(t:0, i:0),leaderCommit=10,initializing? false,entries: size=10, first=(t:3, i:11), CONFIGURATIONENTRY
2021-11-02 20:13:11,611 [grpc-default-executor-3] INFO  server.GrpcServerProtocolService (GrpcServerProtocolService.java:onCompleted(140)) - omNode-2: Completed APPEND_ENTRIES, lastRequest: omNode-3->omNode-2#57-t5,previous=(t:5, i:19),leaderCommit=19,initializing? true,entries: size=1, first=(t:5, i:20), METADATAENTRY(c:19)
2021-11-02 20:13:11,613 [grpc-default-executor-3] INFO  server.GrpcLogAppender (GrpcLogAppender.java:onCompleted(346)) - omNode-3@group-523986131536->omNode-1-AppendLogResponseHandler: follower responses appendEntries COMPLETED
2021-11-02 20:13:11,614 [grpc-default-executor-3] INFO  leader.FollowerInfo (FollowerInfoImpl.java:lambda$new$0(47)) - omNode-3@group-523986131536->omNode-1: nextIndex: updateUnconditionally 21 -> 11
2021-11-02 20:13:11,614 [grpc-default-executor-3] INFO  server.GrpcLogAppender (GrpcLogAppender.java:onCompleted(346)) - omNode-3@group-523986131536->omNode-2-AppendLogResponseHandler: follower responses appendEntries COMPLETED
2021-11-02 20:13:11,614 [grpc-default-executor-3] INFO  leader.FollowerInfo (FollowerInfoImpl.java:lambda$new$0(47)) - omNode-3@group-523986131536->omNode-2: nextIndex: updateUnconditionally 21 -> 20
2021-11-02 20:13:11,618 [Time-limited test] INFO  impl.StateMachineUpdater (StateMachineUpdater.java:stopAndJoin(149)) - omNode-3@group-523986131536-StateMachineUpdater: set stopIndex = 20
2021-11-02 20:13:11,618 [omNode-3@group-523986131536-StateMachineUpdater] INFO  ratis.OzoneManagerStateMachine (OzoneManagerStateMachine.java:takeSnapshot(417)) - Current Snapshot Index (t:5, i:20)
2021-11-02 20:13:11,619 [omNode-3@group-523986131536-StateMachineUpdater] INFO  impl.StateMachineUpdater (StateMachineUpdater.java:takeSnapshot(281)) - omNode-3@group-523986131536-StateMachineUpdater: Took a snapshot at index 20
2021-11-02 20:13:11,619 [omNode-3@group-523986131536-StateMachineUpdater] INFO  impl.StateMachineUpdater (StateMachineUpdater.java:lambda$new$0(89)) - omNode-3@group-523986131536-StateMachineUpdater: snapshotIndex: updateIncreasingly 16 -> 20
2021-11-02 20:13:11,619 [omNode-3@group-523986131536-StateMachineUpdater] INFO  ratis.OzoneManagerStateMachine (OzoneManagerStateMachine.java:close(471)) - StateMachine has shutdown. Shutdown OzoneManager if not already shutdown.
2021-11-02 20:13:11,619 [Time-limited test] INFO  server.RaftServer$Division (ServerState.java:close(419)) - omNode-3@group-523986131536: closes. applyIndex: 20
2021-11-02 20:13:11,619 [omNode-3@group-523986131536-SegmentedRaftLogWorker] INFO  segmented.SegmentedRaftLogWorker (SegmentedRaftLogWorker.java:run(327)) - omNode-3@group-523986131536-SegmentedRaftLogWorker was interrupted, exiting. There are 0 tasks remaining in the queue.
2021-11-02 20:13:11,622 [Time-limited test] INFO  segmented.SegmentedRaftLogWorker (SegmentedRaftLogWorker.java:close(237)) - omNode-3@group-523986131536-SegmentedRaftLogWorker close()
2021-11-02 20:13:11,623 [Time-limited test] INFO  server.GrpcService (GrpcService.java:closeImpl(262)) - omNode-3: shutdown server with port 10624 now
2021-11-02 20:13:12,523 [omNode-1@group-523986131536-FollowerState] INFO  impl.FollowerState (FollowerState.java:run(134)) - omNode-1@group-523986131536-FollowerState: change to CANDIDATE, lastRpcElapsedTime:1197194954ns, electionTimeout:1028ms
2021-11-02 20:13:12,524 [omNode-1@group-523986131536-FollowerState] INFO  impl.RoleInfo (RoleInfo.java:shutdownFollowerState(108)) - omNode-1: shutdown omNode-1@group-523986131536-FollowerState
2021-11-02 20:13:12,524 [omNode-1@group-523986131536-FollowerState] INFO  server.RaftServer$Division (RaftServerImpl.java:setRole(290)) - omNode-1@group-523986131536: changes role from  FOLLOWER to CANDIDATE at term 5 for changeToCandidate
2021-11-02 20:13:12,524 [omNode-1@group-523986131536-FollowerState] INFO  server.RaftServerConfigKeys (ConfUtils.java:logGet(44)) - raft.server.leaderelection.pre-vote = false (custom)
2021-11-02 20:13:12,524 [omNode-1@group-523986131536-FollowerState] INFO  impl.RoleInfo (RoleInfo.java:updateAndGet(130)) - omNode-1: start omNode-1@group-523986131536-LeaderElection22
2021-11-02 20:13:12,526 [omNode-1@group-523986131536-LeaderElection22] INFO  server.RaftServer$Division (ServerState.java:setLeader(285)) - omNode-1@group-523986131536: change Leader from omNode-3 to null at term 5 for ELECTION
2021-11-02 20:13:12,528 [omNode-1@group-523986131536-LeaderElection22] INFO  impl.LeaderElection (LeaderElection.java:askForVotes(306)) - omNode-1@group-523986131536-LeaderElection22 ELECTION round 0: submit vote requests at term 6 for 17: [omNode-3|rpc:localhost:10624|admin:|client:|dataStream:|priority:0, omNode-1|rpc:localhost:10612|admin:|client:|dataStream:|priority:0, omNode-2|rpc:localhost:10618|admin:|client:|dataStream:|priority:0], old=null
2021-11-02 20:13:12,534 [omNode-1@group-523986131536-LeaderElection22] INFO  impl.LeaderElection (LogUtils.java:infoOrTrace(137)) - omNode-1@group-523986131536-LeaderElection22 got exception when requesting votes: java.util.concurrent.ExecutionException: org.apache.ratis.thirdparty.io.grpc.StatusRuntimeException: UNAVAILABLE: io exception
2021-11-02 20:13:12,543 [grpc-default-executor-8] INFO  server.RaftServer$Division (RaftServerImpl.java:requestVote(1046)) - omNode-2@group-523986131536: receive requestVote(ELECTION, omNode-1, group-523986131536, 6, (t:2, i:10))
2021-11-02 20:13:12,543 [grpc-default-executor-8] INFO  impl.VoteContext (VoteContext.java:log(48)) - omNode-2@group-523986131536-FOLLOWER: reject ELECTION from omNode-1: our last entry (t:5, i:20) > candidate's last entry (t:2, i:10)
2021-11-02 20:13:12,543 [grpc-default-executor-8] INFO  server.RaftServer$Division (ServerState.java:setLeader(285)) - omNode-2@group-523986131536: change Leader from omNode-3 to null at term 6 for updateCurrentTerm
2021-11-02 20:13:12,543 [grpc-default-executor-8] INFO  server.RaftServer$Division (RaftServerImpl.java:setRole(290)) - omNode-2@group-523986131536: changes role from  FOLLOWER to FOLLOWER at term 6 for candidate:omNode-1
2021-11-02 20:13:12,543 [grpc-default-executor-8] INFO  impl.RoleInfo (RoleInfo.java:shutdownFollowerState(108)) - omNode-2: shutdown omNode-2@group-523986131536-FollowerState
2021-11-02 20:13:12,543 [grpc-default-executor-8] INFO  impl.RoleInfo (RoleInfo.java:updateAndGet(130)) - omNode-2: start omNode-2@group-523986131536-FollowerState
2021-11-02 20:13:12,543 [omNode-2@group-523986131536-FollowerState] INFO  impl.FollowerState (FollowerState.java:run(143)) - omNode-2@group-523986131536-FollowerState was interrupted: {}
java.lang.InterruptedException: sleep interrupted
	at java.lang.Thread.sleep(Native Method)
	at java.lang.Thread.sleep(Thread.java:340)
	at java.util.concurrent.TimeUnit.sleep(TimeUnit.java:386)
	at org.apache.ratis.util.TimeDuration.sleep(TimeDuration.java:324)
	at org.apache.ratis.util.TimeDuration.sleep(TimeDuration.java:309)
	at org.apache.ratis.server.impl.FollowerState.run(FollowerState.java:118)
2021-11-02 20:13:12,549 [grpc-default-executor-8] INFO  server.RaftServer$Division (RaftServerImpl.java:requestVote(1078)) - omNode-2@group-523986131536 replies to ELECTION vote request: omNode-1<-omNode-2#0:FAIL-t6. Peer's state: omNode-2@group-523986131536:t6, leader=null, voted=null, raftlog=omNode-2@group-523986131536-SegmentedRaftLog:OPENED:c20, conf=17: [omNode-3|rpc:localhost:10624|admin:|client:|dataStream:|priority:0, omNode-1|rpc:localhost:10612|admin:|client:|dataStream:|priority:0, omNode-2|rpc:localhost:10618|admin:|client:|dataStream:|priority:0], old=null
2021-11-02 20:13:12,550 [omNode-1@group-523986131536-LeaderElection22] INFO  impl.LeaderElection (LeaderElection.java:logAndReturn(89)) - omNode-1@group-523986131536-LeaderElection22: ELECTION REJECTED received 1 response(s) and 1 exception(s):
2021-11-02 20:13:12,550 [omNode-1@group-523986131536-LeaderElection22] INFO  impl.LeaderElection (LeaderElection.java:logAndReturn(93)) -   Response 0: omNode-1<-omNode-2#0:FAIL-t6
2021-11-02 20:13:12,550 [omNode-1@group-523986131536-LeaderElection22] INFO  impl.LeaderElection (LogUtils.java:infoOrTrace(137)) -   Exception 1: java.util.concurrent.ExecutionException: org.apache.ratis.thirdparty.io.grpc.StatusRuntimeException: UNAVAILABLE: io exception
2021-11-02 20:13:12,550 [omNode-1@group-523986131536-LeaderElection22] INFO  impl.LeaderElection (LeaderElection.java:askForVotes(308)) - omNode-1@group-523986131536-LeaderElection22 ELECTION round 0: result REJECTED
2021-11-02 20:13:12,550 [omNode-1@group-523986131536-LeaderElection22] INFO  server.RaftServer$Division (RaftServerImpl.java:setRole(290)) - omNode-1@group-523986131536: changes role from CANDIDATE to FOLLOWER at term 6 for REJECTED
2021-11-02 20:13:12,551 [omNode-1@group-523986131536-LeaderElection22] INFO  impl.RoleInfo (RoleInfo.java:shutdownLeaderElection(121)) - omNode-1: shutdown omNode-1@group-523986131536-LeaderElection22
2021-11-02 20:13:12,551 [omNode-1@group-523986131536-LeaderElection22] INFO  impl.RoleInfo (RoleInfo.java:updateAndGet(130)) - omNode-1: start omNode-1@group-523986131536-FollowerState
2021-11-02 20:13:13,682 [omNode-2@group-523986131536-FollowerState] INFO  impl.FollowerState (FollowerState.java:run(134)) - omNode-2@group-523986131536-FollowerState: change to CANDIDATE, lastRpcElapsedTime:1138984814ns, electionTimeout:1134ms
2021-11-02 20:13:13,682 [omNode-2@group-523986131536-FollowerState] INFO  impl.RoleInfo (RoleInfo.java:shutdownFollowerState(108)) - omNode-2: shutdown omNode-2@group-523986131536-FollowerState
2021-11-02 20:13:13,682 [omNode-2@group-523986131536-FollowerState] INFO  server.RaftServer$Division (RaftServerImpl.java:setRole(290)) - omNode-2@group-523986131536: changes role from  FOLLOWER to CANDIDATE at term 6 for changeToCandidate
2021-11-02 20:13:13,682 [omNode-2@group-523986131536-FollowerState] INFO  server.RaftServerConfigKeys (ConfUtils.java:logGet(44)) - raft.server.leaderelection.pre-vote = false (custom)
2021-11-02 20:13:13,682 [omNode-2@group-523986131536-FollowerState] INFO  impl.RoleInfo (RoleInfo.java:updateAndGet(130)) - omNode-2: start omNode-2@group-523986131536-LeaderElection23
2021-11-02 20:13:13,687 [omNode-2@group-523986131536-LeaderElection23] INFO  impl.LeaderElection (LeaderElection.java:askForVotes(306)) - omNode-2@group-523986131536-LeaderElection23 ELECTION round 0: submit vote requests at term 7 for 17: [omNode-3|rpc:localhost:10624|admin:|client:|dataStream:|priority:0, omNode-1|rpc:localhost:10612|admin:|client:|dataStream:|priority:0, omNode-2|rpc:localhost:10618|admin:|client:|dataStream:|priority:0], old=null
2021-11-02 20:13:13,691 [omNode-1@group-523986131536-FollowerState] INFO  impl.FollowerState (FollowerState.java:run(134)) - omNode-1@group-523986131536-FollowerState: change to CANDIDATE, lastRpcElapsedTime:1139702816ns, electionTimeout:1138ms
2021-11-02 20:13:13,691 [omNode-1@group-523986131536-FollowerState] INFO  impl.RoleInfo (RoleInfo.java:shutdownFollowerState(108)) - omNode-1: shutdown omNode-1@group-523986131536-FollowerState
2021-11-02 20:13:13,691 [omNode-1@group-523986131536-FollowerState] INFO  server.RaftServer$Division (RaftServerImpl.java:setRole(290)) - omNode-1@group-523986131536: changes role from  FOLLOWER to CANDIDATE at term 6 for changeToCandidate
2021-11-02 20:13:13,691 [omNode-1@group-523986131536-FollowerState] INFO  server.RaftServerConfigKeys (ConfUtils.java:logGet(44)) - raft.server.leaderelection.pre-vote = false (custom)
2021-11-02 20:13:13,691 [omNode-1@group-523986131536-FollowerState] INFO  impl.RoleInfo (RoleInfo.java:updateAndGet(130)) - omNode-1: start omNode-1@group-523986131536-LeaderElection24
2021-11-02 20:13:13,698 [omNode-1@group-523986131536-LeaderElection24] INFO  impl.LeaderElection (LeaderElection.java:askForVotes(306)) - omNode-1@group-523986131536-LeaderElection24 ELECTION round 0: submit vote requests at term 7 for 17: [omNode-3|rpc:localhost:10624|admin:|client:|dataStream:|priority:0, omNode-1|rpc:localhost:10612|admin:|client:|dataStream:|priority:0, omNode-2|rpc:localhost:10618|admin:|client:|dataStream:|priority:0], old=null
2021-11-02 20:13:13,703 [grpc-default-executor-8] INFO  server.RaftServer$Division (RaftServerImpl.java:requestVote(1046)) - omNode-1@group-523986131536: receive requestVote(ELECTION, omNode-2, group-523986131536, 7, (t:5, i:20))
2021-11-02 20:13:13,703 [grpc-default-executor-8] INFO  impl.VoteContext (VoteContext.java:log(48)) - omNode-1@group-523986131536-CANDIDATE: reject ELECTION from omNode-2: already has voted for omNode-1 at current term 7
2021-11-02 20:13:13,703 [grpc-default-executor-8] INFO  server.RaftServer$Division (RaftServerImpl.java:requestVote(1078)) - omNode-1@group-523986131536 replies to ELECTION vote request: omNode-2<-omNode-1#0:FAIL-t7. Peer's state: omNode-1@group-523986131536:t7, leader=null, voted=omNode-1, raftlog=omNode-1@group-523986131536-SegmentedRaftLog:OPENED:c10, conf=17: [omNode-3|rpc:localhost:10624|admin:|client:|dataStream:|priority:0, omNode-1|rpc:localhost:10612|admin:|client:|dataStream:|priority:0, omNode-2|rpc:localhost:10618|admin:|client:|dataStream:|priority:0], old=null
2021-11-02 20:13:13,703 [omNode-2@group-523986131536-LeaderElection23] INFO  impl.LeaderElection (LogUtils.java:infoOrTrace(137)) - omNode-2@group-523986131536-LeaderElection23 got exception when requesting votes: java.util.concurrent.ExecutionException: org.apache.ratis.thirdparty.io.grpc.StatusRuntimeException: UNAVAILABLE: io exception
2021-11-02 20:13:13,704 [omNode-1@group-523986131536-LeaderElection24] INFO  impl.LeaderElection (LogUtils.java:infoOrTrace(137)) - omNode-1@group-523986131536-LeaderElection24 got exception when requesting votes: java.util.concurrent.ExecutionException: org.apache.ratis.thirdparty.io.grpc.StatusRuntimeException: UNAVAILABLE: io exception
2021-11-02 20:13:13,705 [omNode-2@group-523986131536-LeaderElection23] INFO  impl.LeaderElection (LeaderElection.java:logAndReturn(89)) - omNode-2@group-523986131536-LeaderElection23: ELECTION REJECTED received 1 response(s) and 1 exception(s):
2021-11-02 20:13:13,705 [omNode-2@group-523986131536-LeaderElection23] INFO  impl.LeaderElection (LeaderElection.java:logAndReturn(93)) -   Response 0: omNode-2<-omNode-1#0:FAIL-t7
2021-11-02 20:13:13,705 [omNode-2@group-523986131536-LeaderElection23] INFO  impl.LeaderElection (LogUtils.java:infoOrTrace(137)) -   Exception 1: java.util.concurrent.ExecutionException: org.apache.ratis.thirdparty.io.grpc.StatusRuntimeException: UNAVAILABLE: io exception
2021-11-02 20:13:13,705 [omNode-2@group-523986131536-LeaderElection23] INFO  impl.LeaderElection (LeaderElection.java:askForVotes(308)) - omNode-2@group-523986131536-LeaderElection23 ELECTION round 0: result REJECTED
2021-11-02 20:13:13,705 [omNode-2@group-523986131536-LeaderElection23] INFO  server.RaftServer$Division (RaftServerImpl.java:setRole(290)) - omNode-2@group-523986131536: changes role from CANDIDATE to FOLLOWER at term 7 for REJECTED
2021-11-02 20:13:13,705 [omNode-2@group-523986131536-LeaderElection23] INFO  impl.RoleInfo (RoleInfo.java:shutdownLeaderElection(121)) - omNode-2: shutdown omNode-2@group-523986131536-LeaderElection23
2021-11-02 20:13:13,705 [omNode-2@group-523986131536-LeaderElection23] INFO  impl.RoleInfo (RoleInfo.java:updateAndGet(130)) - omNode-2: start omNode-2@group-523986131536-FollowerState
2021-11-02 20:13:13,709 [grpc-default-executor-8] INFO  server.RaftServer$Division (RaftServerImpl.java:requestVote(1046)) - omNode-2@group-523986131536: receive requestVote(ELECTION, omNode-1, group-523986131536, 7, (t:2, i:10))
2021-11-02 20:13:13,710 [grpc-default-executor-8] INFO  impl.VoteContext (VoteContext.java:log(48)) - omNode-2@group-523986131536-FOLLOWER: reject ELECTION from omNode-1: already has voted for omNode-2 at current term 7
2021-11-02 20:13:13,710 [grpc-default-executor-8] INFO  server.RaftServer$Division (RaftServerImpl.java:requestVote(1078)) - omNode-2@group-523986131536 replies to ELECTION vote request: omNode-1<-omNode-2#0:FAIL-t7. Peer's state: omNode-2@group-523986131536:t7, leader=null, voted=omNode-2, raftlog=omNode-2@group-523986131536-SegmentedRaftLog:OPENED:c20, conf=17: [omNode-3|rpc:localhost:10624|admin:|client:|dataStream:|priority:0, omNode-1|rpc:localhost:10612|admin:|client:|dataStream:|priority:0, omNode-2|rpc:localhost:10618|admin:|client:|dataStream:|priority:0], old=null
2021-11-02 20:13:13,710 [omNode-1@group-523986131536-LeaderElection24] INFO  impl.LeaderElection (LeaderElection.java:logAndReturn(89)) - omNode-1@group-523986131536-LeaderElection24: ELECTION REJECTED received 1 response(s) and 1 exception(s):
2021-11-02 20:13:13,710 [omNode-1@group-523986131536-LeaderElection24] INFO  impl.LeaderElection (LeaderElection.java:logAndReturn(93)) -   Response 0: omNode-1<-omNode-2#0:FAIL-t7
2021-11-02 20:13:13,710 [omNode-1@group-523986131536-LeaderElection24] INFO  impl.LeaderElection (LogUtils.java:infoOrTrace(137)) -   Exception 1: java.util.concurrent.ExecutionException: org.apache.ratis.thirdparty.io.grpc.StatusRuntimeException: UNAVAILABLE: io exception
2021-11-02 20:13:13,710 [omNode-1@group-523986131536-LeaderElection24] INFO  impl.LeaderElection (LeaderElection.java:askForVotes(308)) - omNode-1@group-523986131536-LeaderElection24 ELECTION round 0: result REJECTED
2021-11-02 20:13:13,711 [omNode-1@group-523986131536-LeaderElection24] INFO  server.RaftServer$Division (RaftServerImpl.java:setRole(290)) - omNode-1@group-523986131536: changes role from CANDIDATE to FOLLOWER at term 7 for REJECTED
2021-11-02 20:13:13,711 [omNode-1@group-523986131536-LeaderElection24] INFO  impl.RoleInfo (RoleInfo.java:shutdownLeaderElection(121)) - omNode-1: shutdown omNode-1@group-523986131536-LeaderElection24
2021-11-02 20:13:13,711 [omNode-1@group-523986131536-LeaderElection24] INFO  impl.RoleInfo (RoleInfo.java:updateAndGet(130)) - omNode-1: start omNode-1@group-523986131536-FollowerState
2021-11-02 20:13:14,624 [Time-limited test] WARN  grpc.GrpcUtil (GrpcUtil.java:shutdownManagedChannel(216)) - Timed out gracefully shutting down connection: ManagedChannelOrphanWrapper{delegate=ManagedChannelImpl{logId=351, target=localhost:10612}}. 
2021-11-02 20:13:14,624 [grpc-default-executor-6] INFO  server.GrpcLogAppender (GrpcLogAppender.java:onError(335)) - omNode-3@group-523986131536->omNode-1-GrpcLogAppender is stopped
2021-11-02 20:13:14,627 [grpc-default-executor-8] WARN  server.GrpcServerProtocolService (LogUtils.java:warn(122)) - omNode-1: installSnapshot onError, lastRequest: null: org.apache.ratis.thirdparty.io.grpc.StatusRuntimeException: CANCELLED: client cancelled
2021-11-02 20:13:14,628 [Time-limited test] INFO  server.GrpcService (GrpcService.java:closeImpl(271)) - omNode-3: shutdown server with port 10624 successfully
2021-11-02 20:13:14,628 [org.apache.ratis.util.JvmPauseMonitor$$Lambda$523/614850410@365a9f36] INFO  util.JvmPauseMonitor (JvmPauseMonitor.java:run(109)) - JvmPauseMonitor-omNode-3: Stopped
2021-11-02 20:13:14,628 [Time-limited test] INFO  ratis.OzoneManagerDoubleBuffer (OzoneManagerDoubleBuffer.java:stop(437)) - Stopping OMDoubleBuffer flush thread
2021-11-02 20:13:14,628 [OMDoubleBufferFlushThread] INFO  ratis.OzoneManagerDoubleBuffer (OzoneManagerDoubleBuffer.java:flushTransactions(356)) - OMDoubleBuffer flush thread OMDoubleBufferFlushThread is interrupted and will exit. OMDoubleBufferFlushThread
2021-11-02 20:13:14,629 [Time-limited test] INFO  handler.ContextHandler (ContextHandler.java:doStop(1153)) - Stopped o.e.j.w.WebAppContext@7d9614a3{ozoneManager,/,null,STOPPED}{file:/home/runner/work/ozone/ozone/hadoop-ozone/integration-test/target/test-classes/webapps/ozoneManager}
2021-11-02 20:13:14,631 [Time-limited test] INFO  server.AbstractConnector (AbstractConnector.java:doStop(381)) - Stopped ServerConnector@35abe4fc{HTTP/1.1, (http/1.1)}{0.0.0.0:10622}
2021-11-02 20:13:14,631 [Time-limited test] INFO  server.session (HouseKeeper.java:stopScavenging(149)) - node0 Stopped scavenging
2021-11-02 20:13:14,631 [Time-limited test] INFO  handler.ContextHandler (ContextHandler.java:doStop(1153)) - Stopped o.e.j.s.ServletContextHandler@79a2eeed{static,/static,file:///home/runner/work/ozone/ozone/hadoop-ozone/integration-test/target/test-classes/webapps/static,STOPPED}
2021-11-02 20:13:14,631 [Time-limited test] INFO  handler.ContextHandler (ContextHandler.java:doStop(1153)) - Stopped o.e.j.s.ServletContextHandler@17701599{logs,/logs,file:///home/runner/work/ozone/ozone/hadoop-ozone/integration-test/target/log,STOPPED}
2021-11-02 20:13:14,634 [Time-limited test] INFO  om.OzoneManager (OzoneManager.java:initFSOLayout(3662)) - Configured ozone.om.metadata.layout=SIMPLE and disabled optimized OM FS operations
2021-11-02 20:13:14,634 [Time-limited test] INFO  om.OzoneManager (OzoneManager.java:restart(1412)) - OzoneManager RPC server is listening at localhost/127.0.0.1:10620
2021-11-02 20:13:14,634 [Time-limited test] INFO  impl.MetricsSystemImpl (MetricsSystemImpl.java:init(158)) - OzoneManager metrics system started (again)
2021-11-02 20:13:14,650 [Time-limited test] WARN  server.ServerUtils (ServerUtils.java:getDBPath(225)) - ozone.om.db.dirs is not configured. We recommend adding this setting. Falling back to ozone.metadata.dirs instead.
2021-11-02 20:13:14,651 [Time-limited test] INFO  codec.OmKeyInfoCodec (OmKeyInfoCodec.java:<init>(51)) - OmKeyInfoCodec ignorePipeline = true
2021-11-02 20:13:14,652 [Time-limited test] INFO  codec.RepeatedOmKeyInfoCodec (RepeatedOmKeyInfoCodec.java:<init>(42)) - RepeatedOmKeyInfoCodec ignorePipeline = true
2021-11-02 20:13:14,704 [Time-limited test] WARN  impl.MetricRegistriesImpl (MetricRegistriesImpl.java:addReporterRegistration(111)) - New reporters are added after registries were created. Some metrics will be missing from the reporter. Please add reporter before adding any new registry.
2021-11-02 20:13:14,704 [Time-limited test] WARN  impl.MetricRegistriesImpl (MetricRegistriesImpl.java:addReporterRegistration(111)) - New reporters are added after registries were created. Some metrics will be missing from the reporter. Please add reporter before adding any new registry.
2021-11-02 20:13:14,704 [Time-limited test] WARN  server.ServerUtils (ServerUtils.java:getDefaultRatisDirectory(237)) - Storage directory for Ratis is not configured. It is a good idea to map this to an SSD disk. Falling back to ozone.metadata.dirs
2021-11-02 20:13:14,705 [Time-limited test] INFO  ratis.OzoneManagerRatisServer (OzoneManagerRatisServer.java:<init>(159)) - Instantiating OM Ratis server with groupID: om-service-test1 and peers: localhost:10624, localhost:10612, localhost:10618
2021-11-02 20:13:14,705 [Time-limited test] INFO  ratis.OzoneManagerStateMachine (OzoneManagerStateMachine.java:loadSnapshotInfoFromDB(605)) - LastAppliedIndex is set from TransactionInfo from OM DB as (t:5, i:20)
2021-11-02 20:13:14,706 [Time-limited test] INFO  server.RaftServer (ConfUtils.java:logGet(44)) - raft.rpc.type = GRPC (default)
2021-11-02 20:13:14,706 [Time-limited test] INFO  grpc.GrpcFactory (GrpcFactory.java:checkPooledByteBufAllocatorUseCacheForAllThreads(48)) - PERFORMANCE WARNING: useCacheForAllThreads is true that may cause Netty to create a lot garbage objects and, as a result, trigger GC.
	It is recommended to disable useCacheForAllThreads by setting -Dorg.apache.ratis.thirdparty.io.netty.allocator.useCacheForAllThreads=false in command line.
2021-11-02 20:13:14,706 [Time-limited test] INFO  grpc.GrpcConfigKeys (ConfUtils.java:logGet(44)) - raft.grpc.admin.port = -1 (default)
2021-11-02 20:13:14,706 [Time-limited test] INFO  grpc.GrpcConfigKeys (ConfUtils.java:logGet(44)) - raft.grpc.server.port = 10624 (custom)
2021-11-02 20:13:14,706 [Time-limited test] INFO  grpc.GrpcConfigKeys (ConfUtils.java:logGet(44)) - raft.grpc.client.port = -1 (default)
2021-11-02 20:13:14,706 [Time-limited test] INFO  grpc.GrpcConfigKeys (ConfUtils.java:logGet(44)) - raft.grpc.server.port = 10624 (custom)
2021-11-02 20:13:14,706 [Time-limited test] INFO  grpc.GrpcConfigKeys (ConfUtils.java:logGet(44)) - raft.grpc.server.port = 10624 (custom)
2021-11-02 20:13:14,706 [Time-limited test] INFO  server.GrpcService (ConfUtils.java:logGet(44)) - raft.grpc.message.size.max = 33554432 (custom)
2021-11-02 20:13:14,706 [Time-limited test] INFO  server.RaftServerConfigKeys (ConfUtils.java:logGet(44)) - raft.server.log.appender.buffer.byte-limit = 33554432 (custom)
2021-11-02 20:13:14,706 [Time-limited test] INFO  server.GrpcService (ConfUtils.java:logGet(44)) - raft.grpc.flow.control.window = 1MB (=1048576) (default)
2021-11-02 20:13:14,707 [Time-limited test] INFO  server.RaftServerConfigKeys (ConfUtils.java:logGet(44)) - raft.server.rpc.request.timeout = 3000ms (default)
2021-11-02 20:13:14,708 [Time-limited test] INFO  impl.DataStreamServerImpl (ConfUtils.java:logGet(44)) - raft.datastream.type = DISABLED (default)
2021-11-02 20:13:14,708 [Time-limited test] INFO  server.RaftServerConfigKeys (ConfUtils.java:logGet(44)) - raft.server.rpc.slowness.timeout = 2s (custom)
2021-11-02 20:13:14,708 [Time-limited test] INFO  server.RaftServerConfigKeys (ConfUtils.java:logGet(44)) - raft.server.leaderelection.leader.step-down.wait-time = 10s (default)
2021-11-02 20:13:14,708 [Time-limited test] INFO  server.RaftServerConfigKeys (ConfUtils.java:logGet(44)) - raft.server.storage.dir = [/home/runner/work/ozone/ozone/hadoop-ozone/integration-test/target/test-dir/MiniOzoneClusterImpl-76263e8f-62ab-412a-8766-4a189fbce95f/omNode-3/ratis] (custom)
2021-11-02 20:13:14,708 [Time-limited test] INFO  server.RaftServer (RaftServerProxy.java:lambda$null$1(235)) - omNode-3: found a subdirectory /home/runner/work/ozone/ozone/hadoop-ozone/integration-test/target/test-dir/MiniOzoneClusterImpl-76263e8f-62ab-412a-8766-4a189fbce95f/omNode-3/ratis/c9bc4cf4-3bc3-3c60-a66b-523986131536
2021-11-02 20:13:14,709 [Time-limited test] INFO  server.RaftServer (RaftServerProxy.java:addNew(95)) - omNode-3: addNew group-523986131536:[omNode-3|rpc:localhost:10624|priority:0, omNode-1|rpc:localhost:10612|priority:0, omNode-2|rpc:localhost:10618|priority:0] returns group-523986131536:java.util.concurrent.CompletableFuture@48f96c60[Not completed]
2021-11-02 20:13:14,709 [Time-limited test] INFO  om.OzoneManager (OzoneManager.java:initializeRatisServer(1638)) - OzoneManager Ratis server initialized at port 10624
2021-11-02 20:13:14,709 [Time-limited test] INFO  ratis.OzoneManagerRatisServer (OzoneManagerRatisServer.java:start(522)) - Starting OzoneManagerRatisServer omNode-3 at port 10624
2021-11-02 20:13:14,709 [pool-291-thread-1] INFO  server.RaftServer$Division (RaftServerImpl.java:<init>(184)) - omNode-3: new RaftServerImpl for group-523986131536:[omNode-3|rpc:localhost:10624|priority:0, omNode-1|rpc:localhost:10612|priority:0, omNode-2|rpc:localhost:10618|priority:0] with OzoneManagerStateMachine:uninitialized
2021-11-02 20:13:14,712 [pool-291-thread-1] INFO  server.RaftServerConfigKeys (ConfUtils.java:logGet(44)) - raft.server.rpc.timeout.min = 1s (custom)
2021-11-02 20:13:14,712 [pool-291-thread-1] INFO  server.RaftServerConfigKeys (ConfUtils.java:logGet(44)) - raft.server.rpc.timeout.max = 1200ms (custom)
2021-11-02 20:13:14,712 [pool-291-thread-1] INFO  server.RaftServerConfigKeys (ConfUtils.java:logGet(44)) - raft.server.rpc.sleep.time = 25ms (default)
2021-11-02 20:13:14,712 [pool-291-thread-1] INFO  server.RaftServerConfigKeys (ConfUtils.java:logGet(44)) - raft.server.rpc.slowness.timeout = 2s (custom)
2021-11-02 20:13:14,712 [pool-291-thread-1] INFO  server.RaftServerConfigKeys (ConfUtils.java:logGet(44)) - raft.server.leaderelection.leader.step-down.wait-time = 10s (default)
2021-11-02 20:13:14,712 [pool-291-thread-1] INFO  server.RaftServerConfigKeys (ConfUtils.java:logGet(44)) - raft.server.sleep.deviation.threshold = 300ms (default)
2021-11-02 20:13:14,712 [pool-291-thread-1] INFO  server.RaftServerConfigKeys (ConfUtils.java:logGet(44)) - raft.server.log.appender.install.snapshot.enabled = false (custom)
2021-11-02 20:13:14,712 [pool-291-thread-1] INFO  server.RaftServer$Division (ServerState.java:<init>(105)) - omNode-3@group-523986131536: ConfigurationManager, init=-1: [omNode-3|rpc:localhost:10624|priority:0, omNode-1|rpc:localhost:10612|priority:0, omNode-2|rpc:localhost:10618|priority:0], old=null, confs=<EMPTY_MAP>
2021-11-02 20:13:14,712 [pool-291-thread-1] INFO  server.RaftServerConfigKeys (ConfUtils.java:logGet(44)) - raft.server.storage.dir = [/home/runner/work/ozone/ozone/hadoop-ozone/integration-test/target/test-dir/MiniOzoneClusterImpl-76263e8f-62ab-412a-8766-4a189fbce95f/omNode-3/ratis] (custom)
2021-11-02 20:13:14,713 [pool-291-thread-1] INFO  server.RaftServerConfigKeys (ConfUtils.java:logGet(44)) - raft.server.log.corruption.policy = EXCEPTION (default)
2021-11-02 20:13:14,713 [pool-291-thread-1] INFO  server.RaftServerConfigKeys (ConfUtils.java:logGet(44)) - raft.server.storage.free-space.min = 0MB (=0) (default)
2021-11-02 20:13:14,714 [pool-291-thread-1] INFO  storage.RaftStorageDirectory (RaftStorageDirectoryImpl.java:tryLock(230)) - Lock on /home/runner/work/ozone/ozone/hadoop-ozone/integration-test/target/test-dir/MiniOzoneClusterImpl-76263e8f-62ab-412a-8766-4a189fbce95f/omNode-3/ratis/c9bc4cf4-3bc3-3c60-a66b-523986131536/in_use.lock acquired by nodename 14135@fv-az270-10
2021-11-02 20:13:14,714 [pool-291-thread-1] INFO  storage.RaftStorage (RaftStorageImpl.java:analyzeAndRecoverStorage(110)) - Read RaftStorageMetadata{term=5, votedFor=omNode-3} from /home/runner/work/ozone/ozone/hadoop-ozone/integration-test/target/test-dir/MiniOzoneClusterImpl-76263e8f-62ab-412a-8766-4a189fbce95f/omNode-3/ratis/c9bc4cf4-3bc3-3c60-a66b-523986131536/current/raft-meta
2021-11-02 20:13:14,714 [pool-291-thread-1] INFO  server.RaftServer$Division (ServerState.java:setRaftConf(387)) - omNode-3@group-523986131536: set configuration 17: [omNode-3|rpc:localhost:10624|admin:|client:|dataStream:|priority:0, omNode-1|rpc:localhost:10612|admin:|client:|dataStream:|priority:0, omNode-2|rpc:localhost:10618|admin:|client:|dataStream:|priority:0], old=null
2021-11-02 20:13:14,714 [pool-291-thread-1] INFO  server.RaftServerConfigKeys (ConfUtils.java:logGet(44)) - raft.server.notification.no-leader.timeout = 2s (custom)
2021-11-02 20:13:14,714 [pool-291-thread-1] INFO  server.RaftServerConfigKeys (ConfUtils.java:logGet(44)) - raft.server.log.use.memory = false (default)
2021-11-02 20:13:14,714 [pool-291-thread-1] INFO  server.RaftServerConfigKeys (ConfUtils.java:logGet(44)) - raft.server.log.purge.gap = 50 (custom)
2021-11-02 20:13:14,714 [pool-291-thread-1] INFO  server.RaftServerConfigKeys (ConfUtils.java:logGet(44)) - raft.server.log.appender.buffer.byte-limit = 33554432 (custom)
2021-11-02 20:13:14,715 [pool-291-thread-1] INFO  server.RaftServerConfigKeys (ConfUtils.java:logGet(44)) - raft.server.log.segment.size.max = 4194304 (custom)
2021-11-02 20:13:14,715 [pool-291-thread-1] INFO  server.RaftServerConfigKeys (ConfUtils.java:logGet(44)) - raft.server.log.segment.cache.num.max = 2 (custom)
2021-11-02 20:13:14,715 [pool-291-thread-1] INFO  server.RaftServerConfigKeys (ConfUtils.java:logGet(44)) - raft.server.log.segment.cache.size.max = 200MB (=209715200) (default)
2021-11-02 20:13:14,715 [pool-291-thread-1] INFO  segmented.SegmentedRaftLogWorker (SegmentedRaftLogWorker.java:<init>(182)) - new omNode-3@group-523986131536-SegmentedRaftLogWorker for RaftStorageImpl:Storage Directory /home/runner/work/ozone/ozone/hadoop-ozone/integration-test/target/test-dir/MiniOzoneClusterImpl-76263e8f-62ab-412a-8766-4a189fbce95f/omNode-3/ratis/c9bc4cf4-3bc3-3c60-a66b-523986131536
2021-11-02 20:13:14,715 [pool-291-thread-1] INFO  server.RaftServerConfigKeys (ConfUtils.java:logGet(44)) - raft.server.log.queue.byte-limit = 64MB (=67108864) (default)
2021-11-02 20:13:14,715 [pool-291-thread-1] INFO  server.RaftServerConfigKeys (ConfUtils.java:logGet(44)) - raft.server.log.queue.element-limit = 4096 (default)
2021-11-02 20:13:14,715 [pool-291-thread-1] INFO  server.RaftServerConfigKeys (ConfUtils.java:logGet(44)) - raft.server.log.segment.size.max = 4194304 (custom)
2021-11-02 20:13:14,715 [pool-291-thread-1] INFO  server.RaftServerConfigKeys (ConfUtils.java:logGet(44)) - raft.server.log.preallocated.size = 4194304 (custom)
2021-11-02 20:13:14,715 [pool-291-thread-1] INFO  server.RaftServerConfigKeys (ConfUtils.java:logGet(44)) - raft.server.log.force.sync.num = 128 (default)
2021-11-02 20:13:14,715 [pool-291-thread-1] INFO  server.RaftServerConfigKeys (ConfUtils.java:logGet(44)) - raft.server.log.statemachine.data.sync = true (default)
2021-11-02 20:13:14,715 [pool-291-thread-1] INFO  server.RaftServerConfigKeys (ConfUtils.java:logGet(44)) - raft.server.log.statemachine.data.sync.timeout = 10s (default)
2021-11-02 20:13:14,716 [pool-291-thread-1] INFO  server.RaftServerConfigKeys (ConfUtils.java:logGet(44)) - raft.server.log.statemachine.data.sync.timeout.retry = -1 (default)
2021-11-02 20:13:14,716 [pool-291-thread-1] INFO  server.RaftServerConfigKeys (ConfUtils.java:logGet(44)) - raft.server.log.write.buffer.size = 64KB (=65536) (default)
2021-11-02 20:13:14,716 [pool-291-thread-1] INFO  server.RaftServerConfigKeys (ConfUtils.java:logGet(44)) - raft.server.log.statemachine.data.caching.enabled = false (default)
2021-11-02 20:13:14,717 [omNode-2@group-523986131536-FollowerState] INFO  impl.FollowerState (FollowerState.java:run(134)) - omNode-2@group-523986131536-FollowerState: change to CANDIDATE, lastRpcElapsedTime:1011672511ns, electionTimeout:1011ms
2021-11-02 20:13:14,717 [omNode-2@group-523986131536-FollowerState] INFO  impl.RoleInfo (RoleInfo.java:shutdownFollowerState(108)) - omNode-2: shutdown omNode-2@group-523986131536-FollowerState
2021-11-02 20:13:14,717 [omNode-2@group-523986131536-FollowerState] INFO  server.RaftServer$Division (RaftServerImpl.java:setRole(290)) - omNode-2@group-523986131536: changes role from  FOLLOWER to CANDIDATE at term 7 for changeToCandidate
2021-11-02 20:13:14,720 [omNode-2@group-523986131536-FollowerState] INFO  server.RaftServerConfigKeys (ConfUtils.java:logGet(44)) - raft.server.leaderelection.pre-vote = false (custom)
2021-11-02 20:13:14,720 [omNode-2@group-523986131536-FollowerState] INFO  impl.RoleInfo (RoleInfo.java:updateAndGet(130)) - omNode-2: start omNode-2@group-523986131536-LeaderElection25
2021-11-02 20:13:14,720 [pool-291-thread-1] INFO  server.RaftServer$Division (ServerState.java:setRaftConf(387)) - omNode-3@group-523986131536: set configuration 11: [omNode-3|rpc:localhost:10624|admin:|client:|dataStream:|priority:0, omNode-1|rpc:localhost:10612|admin:|client:|dataStream:|priority:0, omNode-2|rpc:localhost:10618|admin:|client:|dataStream:|priority:0], old=null
2021-11-02 20:13:14,721 [pool-291-thread-1] INFO  segmented.LogSegment (LogSegment.java:loadSegment(173)) - Successfully read 2 entries from segment file /home/runner/work/ozone/ozone/hadoop-ozone/integration-test/target/test-dir/MiniOzoneClusterImpl-76263e8f-62ab-412a-8766-4a189fbce95f/omNode-3/ratis/c9bc4cf4-3bc3-3c60-a66b-523986131536/current/log_11-12
2021-11-02 20:13:14,721 [pool-291-thread-1] INFO  server.RaftServer$Division (ServerState.java:setRaftConf(387)) - omNode-3@group-523986131536: set configuration 13: [omNode-3|rpc:localhost:10624|admin:|client:|dataStream:|priority:0, omNode-1|rpc:localhost:10612|admin:|client:|dataStream:|priority:0, omNode-2|rpc:localhost:10618|admin:|client:|dataStream:|priority:0], old=null
2021-11-02 20:13:14,721 [pool-291-thread-1] INFO  segmented.LogSegment (LogSegment.java:loadSegment(173)) - Successfully read 4 entries from segment file /home/runner/work/ozone/ozone/hadoop-ozone/integration-test/target/test-dir/MiniOzoneClusterImpl-76263e8f-62ab-412a-8766-4a189fbce95f/omNode-3/ratis/c9bc4cf4-3bc3-3c60-a66b-523986131536/current/log_13-16
2021-11-02 20:13:14,721 [pool-291-thread-1] INFO  server.RaftServer$Division (ServerState.java:setRaftConf(387)) - omNode-3@group-523986131536: set configuration 17: [omNode-3|rpc:localhost:10624|admin:|client:|dataStream:|priority:0, omNode-1|rpc:localhost:10612|admin:|client:|dataStream:|priority:0, omNode-2|rpc:localhost:10618|admin:|client:|dataStream:|priority:0], old=null
2021-11-02 20:13:14,721 [pool-291-thread-1] INFO  segmented.LogSegment (LogSegment.java:loadSegment(173)) - Successfully read 4 entries from segment file /home/runner/work/ozone/ozone/hadoop-ozone/integration-test/target/test-dir/MiniOzoneClusterImpl-76263e8f-62ab-412a-8766-4a189fbce95f/omNode-3/ratis/c9bc4cf4-3bc3-3c60-a66b-523986131536/current/log_inprogress_17
2021-11-02 20:13:14,722 [pool-291-thread-1] INFO  segmented.SegmentedRaftLogWorker (SegmentedRaftLogWorker.java:lambda$new$0(133)) - omNode-3@group-523986131536-SegmentedRaftLogWorker: flushIndex: setUnconditionally 0 -> 20
2021-11-02 20:13:14,722 [pool-291-thread-1] INFO  segmented.SegmentedRaftLogWorker (SegmentedRaftLogWorker.java:lambda$new$0(133)) - omNode-3@group-523986131536-SegmentedRaftLogWorker: safeCacheEvictIndex: setUnconditionally 0 -> 16
2021-11-02 20:13:14,724 [pool-291-thread-1] INFO  raftlog.RaftLog (RaftLogBase.java:lambda$new$0(53)) - omNode-3@group-523986131536-SegmentedRaftLog: commitIndex: updateToMax old=20, new=19, updated? false
2021-11-02 20:13:14,725 [pool-291-thread-1] INFO  raftlog.RaftLog (RaftLogBase.java:lambda$new$0(53)) - omNode-3@group-523986131536-SegmentedRaftLog: purgeIndex: updateIncreasingly -1 -> 10
2021-11-02 20:13:14,725 [pool-291-thread-1] INFO  server.RaftServerConfigKeys (ConfUtils.java:logGet(44)) - raft.server.snapshot.auto.trigger.enabled = true (custom)
2021-11-02 20:13:14,725 [pool-291-thread-1] INFO  server.RaftServerConfigKeys (ConfUtils.java:logGet(44)) - raft.server.snapshot.auto.trigger.threshold = 50 (custom)
2021-11-02 20:13:14,725 [pool-291-thread-1] INFO  server.RaftServerConfigKeys (ConfUtils.java:logGet(44)) - raft.server.snapshot.retention.file.num = -1 (default)
2021-11-02 20:13:14,725 [pool-291-thread-1] INFO  server.RaftServerConfigKeys (ConfUtils.java:logGet(44)) - raft.server.log.purge.upto.snapshot.index = true (custom)
2021-11-02 20:13:14,725 [pool-291-thread-1] INFO  server.RaftServerConfigKeys (ConfUtils.java:logGet(44)) - raft.server.retrycache.expirytime = 30000ms (custom)
2021-11-02 20:13:14,725 [pool-291-thread-1] INFO  server.RaftServerConfigKeys (ConfUtils.java:logGet(44)) - raft.server.retrycache.statistics.expirytime = 100μs (default)
2021-11-02 20:13:14,726 [Time-limited test] INFO  server.RaftServer$Division (RaftServerImpl.java:start(301)) - omNode-3@group-523986131536: start as a follower, conf=17: [omNode-3|rpc:localhost:10624|admin:|client:|dataStream:|priority:0, omNode-1|rpc:localhost:10612|admin:|client:|dataStream:|priority:0, omNode-2|rpc:localhost:10618|admin:|client:|dataStream:|priority:0], old=null
2021-11-02 20:13:14,727 [Time-limited test] INFO  server.RaftServer$Division (RaftServerImpl.java:setRole(290)) - omNode-3@group-523986131536: changes role from      null to FOLLOWER at term 5 for startAsFollower
2021-11-02 20:13:14,727 [Time-limited test] INFO  impl.RoleInfo (RoleInfo.java:updateAndGet(130)) - omNode-3: start omNode-3@group-523986131536-FollowerState
2021-11-02 20:13:14,725 [omNode-2@group-523986131536-LeaderElection25] INFO  impl.LeaderElection (LeaderElection.java:askForVotes(306)) - omNode-2@group-523986131536-LeaderElection25 ELECTION round 0: submit vote requests at term 8 for 17: [omNode-3|rpc:localhost:10624|admin:|client:|dataStream:|priority:0, omNode-1|rpc:localhost:10612|admin:|client:|dataStream:|priority:0, omNode-2|rpc:localhost:10618|admin:|client:|dataStream:|priority:0], old=null
2021-11-02 20:13:14,727 [Time-limited test] INFO  util.JmxRegister (JmxRegister.java:tryRegister(44)) - Successfully registered JMX Bean with object name Ratis:service=RaftServer,group=group-523986131536,id=omNode-3
2021-11-02 20:13:14,730 [Time-limited test] INFO  server.RaftServer (RaftServerProxy.java:lambda$start$5(374)) - omNode-3: start RPC server
2021-11-02 20:13:14,731 [Time-limited test] INFO  server.GrpcService (GrpcService.java:startImpl(253)) - omNode-3: GrpcService started, listening on 10624
2021-11-02 20:13:14,731 [omNode-2@group-523986131536-LeaderElection25] INFO  impl.LeaderElection (LogUtils.java:infoOrTrace(137)) - omNode-2@group-523986131536-LeaderElection25 got exception when requesting votes: java.util.concurrent.ExecutionException: org.apache.ratis.thirdparty.io.grpc.StatusRuntimeException: UNAVAILABLE: io exception
2021-11-02 20:13:14,733 [Time-limited test] INFO  ipc.CallQueueManager (CallQueueManager.java:<init>(90)) - Using callQueue: class java.util.concurrent.LinkedBlockingQueue, queueCapacity: 2000, scheduler: class org.apache.hadoop.ipc.DefaultRpcScheduler, ipcBackoff: false.
2021-11-02 20:13:14,733 [org.apache.ratis.util.JvmPauseMonitor$$Lambda$523/614850410@44b9e839] INFO  util.JvmPauseMonitor (JvmPauseMonitor.java:run(103)) - JvmPauseMonitor-omNode-3: Started
2021-11-02 20:13:14,742 [Socket Reader #1 for port 10620] INFO  ipc.Server (Server.java:run(1265)) - Starting Socket Reader #1 for port 10620
2021-11-02 20:13:14,742 [grpc-default-executor-8] INFO  server.RaftServer$Division (RaftServerImpl.java:requestVote(1046)) - omNode-1@group-523986131536: receive requestVote(ELECTION, omNode-2, group-523986131536, 8, (t:5, i:20))
2021-11-02 20:13:14,743 [grpc-default-executor-8] INFO  impl.VoteContext (VoteContext.java:log(48)) - omNode-1@group-523986131536-FOLLOWER: accept ELECTION from omNode-2: our last entry (t:2, i:10) < candidate's last entry (t:5, i:20)
2021-11-02 20:13:14,743 [grpc-default-executor-8] INFO  server.RaftServer$Division (RaftServerImpl.java:setRole(290)) - omNode-1@group-523986131536: changes role from  FOLLOWER to FOLLOWER at term 8 for candidate:omNode-2
2021-11-02 20:13:14,743 [grpc-default-executor-8] INFO  impl.RoleInfo (RoleInfo.java:shutdownFollowerState(108)) - omNode-1: shutdown omNode-1@group-523986131536-FollowerState
2021-11-02 20:13:14,748 [grpc-default-executor-8] INFO  impl.RoleInfo (RoleInfo.java:updateAndGet(130)) - omNode-1: start omNode-1@group-523986131536-FollowerState
2021-11-02 20:13:14,748 [omNode-1@group-523986131536-FollowerState] INFO  impl.FollowerState (FollowerState.java:run(143)) - omNode-1@group-523986131536-FollowerState was interrupted: {}
java.lang.InterruptedException: sleep interrupted
	at java.lang.Thread.sleep(Native Method)
	at java.lang.Thread.sleep(Thread.java:340)
	at java.util.concurrent.TimeUnit.sleep(TimeUnit.java:386)
	at org.apache.ratis.util.TimeDuration.sleep(TimeDuration.java:324)
	at org.apache.ratis.util.TimeDuration.sleep(TimeDuration.java:309)
	at org.apache.ratis.server.impl.FollowerState.run(FollowerState.java:118)
2021-11-02 20:13:14,752 [Listener at localhost/10620] INFO  http.BaseHttpServer (BaseHttpServer.java:newHttpServer2BuilderForOzone(209)) - Starting Web-server for ozoneManager at: http://0.0.0.0:10622
2021-11-02 20:13:14,752 [Listener at localhost/10620] INFO  http.BaseHttpServer (BaseHttpServer.java:<init>(107)) - Hadoop Security Enabled: false Ozone Security Enabled: false Ozone HTTP Security Enabled: false 
2021-11-02 20:13:14,752 [grpc-default-executor-8] INFO  server.RaftServer$Division (RaftServerImpl.java:requestVote(1078)) - omNode-1@group-523986131536 replies to ELECTION vote request: omNode-2<-omNode-1#0:OK-t8. Peer's state: omNode-1@group-523986131536:t8, leader=null, voted=omNode-2, raftlog=omNode-1@group-523986131536-SegmentedRaftLog:OPENED:c10, conf=17: [omNode-3|rpc:localhost:10624|admin:|client:|dataStream:|priority:0, omNode-1|rpc:localhost:10612|admin:|client:|dataStream:|priority:0, omNode-2|rpc:localhost:10618|admin:|client:|dataStream:|priority:0], old=null
2021-11-02 20:13:14,754 [omNode-2@group-523986131536-LeaderElection25] INFO  impl.LeaderElection (LeaderElection.java:logAndReturn(89)) - omNode-2@group-523986131536-LeaderElection25: ELECTION PASSED received 1 response(s) and 1 exception(s):
2021-11-02 20:13:14,754 [omNode-2@group-523986131536-LeaderElection25] INFO  impl.LeaderElection (LeaderElection.java:logAndReturn(93)) -   Response 0: omNode-2<-omNode-1#0:OK-t8
2021-11-02 20:13:14,754 [omNode-2@group-523986131536-LeaderElection25] INFO  impl.LeaderElection (LogUtils.java:infoOrTrace(137)) -   Exception 1: java.util.concurrent.ExecutionException: org.apache.ratis.thirdparty.io.grpc.StatusRuntimeException: UNAVAILABLE: io exception
2021-11-02 20:13:14,754 [omNode-2@group-523986131536-LeaderElection25] INFO  impl.LeaderElection (LeaderElection.java:askForVotes(308)) - omNode-2@group-523986131536-LeaderElection25 ELECTION round 0: result PASSED
2021-11-02 20:13:14,754 [omNode-2@group-523986131536-LeaderElection25] INFO  impl.RoleInfo (RoleInfo.java:shutdownLeaderElection(121)) - omNode-2: shutdown omNode-2@group-523986131536-LeaderElection25
2021-11-02 20:13:14,754 [omNode-2@group-523986131536-LeaderElection25] INFO  server.RaftServer$Division (RaftServerImpl.java:setRole(290)) - omNode-2@group-523986131536: changes role from CANDIDATE to LEADER at term 8 for changeToLeader
2021-11-02 20:13:14,754 [omNode-2@group-523986131536-LeaderElection25] INFO  server.RaftServer$Division (ServerState.java:setLeader(285)) - omNode-2@group-523986131536: change Leader from null to omNode-2 at term 8 for becomeLeader, leader elected after 2211ms
2021-11-02 20:13:14,754 [omNode-2@group-523986131536-LeaderElection25] INFO  server.RaftServerConfigKeys (ConfUtils.java:logGet(44)) - raft.server.staging.catchup.gap = 1000 (default)
2021-11-02 20:13:14,754 [omNode-2@group-523986131536-LeaderElection25] INFO  server.RaftServerConfigKeys (ConfUtils.java:logGet(44)) - raft.server.write.element-limit = 4096 (default)
2021-11-02 20:13:14,754 [omNode-2@group-523986131536-LeaderElection25] INFO  server.RaftServerConfigKeys (ConfUtils.java:logGet(44)) - raft.server.write.byte-limit = 64MB (=67108864) (default)
2021-11-02 20:13:14,754 [Listener at localhost/10620] INFO  server.AuthenticationFilter (AuthenticationFilter.java:constructSecretProvider(240)) - Unable to initialize FileSignerSecretProvider, falling back to use random secrets.
2021-11-02 20:13:14,755 [omNode-2@group-523986131536-LeaderElection25] INFO  server.RaftServerConfigKeys (ConfUtils.java:logGet(44)) - raft.server.watch.timeout = 10s (default)
2021-11-02 20:13:14,755 [omNode-2@group-523986131536-LeaderElection25] INFO  server.RaftServerConfigKeys (ConfUtils.java:logGet(44)) - raft.server.watch.timeout.denomination = 1s (default)
2021-11-02 20:13:14,755 [omNode-2@group-523986131536-LeaderElection25] INFO  server.RaftServerConfigKeys (ConfUtils.java:logGet(44)) - raft.server.watch.element-limit = 65536 (default)
2021-11-02 20:13:14,755 [omNode-2@group-523986131536-LeaderElection25] INFO  server.RaftServerConfigKeys (ConfUtils.java:logGet(44)) - raft.server.write.element-limit = 4096 (default)
2021-11-02 20:13:14,755 [omNode-2@group-523986131536-LeaderElection25] INFO  server.RaftServerConfigKeys (ConfUtils.java:logGet(44)) - raft.server.write.follower.gap.ratio.max = -1.0 (default)
2021-11-02 20:13:14,755 [Listener at localhost/10620] WARN  http.HttpRequestLog (HttpRequestLog.java:getRequestLog(103)) - Jetty request log can only be enabled using Log4j
2021-11-02 20:13:14,755 [omNode-2@group-523986131536-LeaderElection25] INFO  server.RaftServerConfigKeys (ConfUtils.java:logGet(44)) - raft.server.log.appender.snapshot.chunk.size.max = 16MB (=16777216) (default)
2021-11-02 20:13:14,755 [omNode-2@group-523986131536-LeaderElection25] INFO  server.RaftServerConfigKeys (ConfUtils.java:logGet(44)) - raft.server.log.appender.buffer.byte-limit = 33554432 (custom)
2021-11-02 20:13:14,755 [omNode-2@group-523986131536-LeaderElection25] INFO  server.RaftServerConfigKeys (ConfUtils.java:logGet(44)) - raft.server.log.appender.buffer.element-limit = 1024 (custom)
2021-11-02 20:13:14,755 [omNode-2@group-523986131536-LeaderElection25] INFO  grpc.GrpcConfigKeys (ConfUtils.java:logGet(44)) - raft.grpc.server.leader.outstanding.appends.max = 128 (default)
2021-11-02 20:13:14,756 [omNode-2@group-523986131536-LeaderElection25] INFO  server.RaftServerConfigKeys (ConfUtils.java:logGet(44)) - raft.server.rpc.request.timeout = 3000ms (default)
2021-11-02 20:13:14,756 [omNode-2@group-523986131536-LeaderElection25] INFO  server.RaftServerConfigKeys (ConfUtils.java:logGet(44)) - raft.server.log.appender.install.snapshot.enabled = false (custom)
2021-11-02 20:13:14,756 [omNode-2@group-523986131536-LeaderElection25] INFO  server.RaftServerConfigKeys (ConfUtils.java:logGet(44)) - raft.server.log.appender.snapshot.chunk.size.max = 16MB (=16777216) (default)
2021-11-02 20:13:14,757 [omNode-2@group-523986131536-LeaderElection25] INFO  server.RaftServerConfigKeys (ConfUtils.java:logGet(44)) - raft.server.log.appender.buffer.byte-limit = 33554432 (custom)
2021-11-02 20:13:14,757 [omNode-2@group-523986131536-LeaderElection25] INFO  server.RaftServerConfigKeys (ConfUtils.java:logGet(44)) - raft.server.log.appender.buffer.element-limit = 1024 (custom)
2021-11-02 20:13:14,757 [omNode-2@group-523986131536-LeaderElection25] INFO  grpc.GrpcConfigKeys (ConfUtils.java:logGet(44)) - raft.grpc.server.leader.outstanding.appends.max = 128 (default)
2021-11-02 20:13:14,757 [omNode-2@group-523986131536-LeaderElection25] INFO  server.RaftServerConfigKeys (ConfUtils.java:logGet(44)) - raft.server.rpc.request.timeout = 3000ms (default)
2021-11-02 20:13:14,757 [omNode-2@group-523986131536-LeaderElection25] INFO  server.RaftServerConfigKeys (ConfUtils.java:logGet(44)) - raft.server.log.appender.install.snapshot.enabled = false (custom)
2021-11-02 20:13:14,758 [Listener at localhost/10620] INFO  http.HttpServer2 (HttpServer2.java:addGlobalFilter(1030)) - Added global filter 'safety' (class=org.apache.hadoop.hdds.server.http.HttpServer2$QuotingInputFilter)
2021-11-02 20:13:14,759 [Listener at localhost/10620] INFO  http.HttpServer2 (HttpServer2.java:addFilter(1006)) - Added filter static_user_filter (class=org.apache.hadoop.http.lib.StaticUserWebFilter$StaticUserFilter) to context ozoneManager
2021-11-02 20:13:14,759 [Listener at localhost/10620] INFO  http.HttpServer2 (HttpServer2.java:addFilter(1014)) - Added filter static_user_filter (class=org.apache.hadoop.http.lib.StaticUserWebFilter$StaticUserFilter) to context logs
2021-11-02 20:13:14,759 [Listener at localhost/10620] INFO  http.HttpServer2 (HttpServer2.java:addFilter(1014)) - Added filter static_user_filter (class=org.apache.hadoop.http.lib.StaticUserWebFilter$StaticUserFilter) to context static
2021-11-02 20:13:14,760 [Listener at localhost/10620] INFO  http.HttpServer2 (HttpServer2.java:bindListener(1249)) - Jetty bound to port 10622
2021-11-02 20:13:14,760 [Listener at localhost/10620] INFO  server.Server (Server.java:doStart(375)) - jetty-9.4.43.v20210629; built: 2021-06-30T11:07:22.254Z; git: 526006ecfa3af7f1a27ef3a288e2bef7ea9dd7e8; jvm 1.8.0_292-b10
2021-11-02 20:13:14,760 [omNode-2@group-523986131536-LeaderElection25] INFO  impl.RoleInfo (RoleInfo.java:updateAndGet(130)) - omNode-2: start omNode-2@group-523986131536-LeaderStateImpl
2021-11-02 20:13:14,760 [omNode-2@group-523986131536-LeaderElection25] INFO  segmented.SegmentedRaftLogWorker (SegmentedRaftLogWorker.java:rollLogSegment(399)) - omNode-2@group-523986131536-SegmentedRaftLogWorker: Rolling segment log-17_20 to index:20
2021-11-02 20:13:14,761 [omNode-2@group-523986131536-SegmentedRaftLogWorker] INFO  segmented.SegmentedRaftLogWorker (SegmentedRaftLogWorker.java:execute(558)) - omNode-2@group-523986131536-SegmentedRaftLogWorker: Rolled log segment from /home/runner/work/ozone/ozone/hadoop-ozone/integration-test/target/test-dir/MiniOzoneClusterImpl-76263e8f-62ab-412a-8766-4a189fbce95f/omNode-2/ratis/c9bc4cf4-3bc3-3c60-a66b-523986131536/current/log_inprogress_17 to /home/runner/work/ozone/ozone/hadoop-ozone/integration-test/target/test-dir/MiniOzoneClusterImpl-76263e8f-62ab-412a-8766-4a189fbce95f/omNode-2/ratis/c9bc4cf4-3bc3-3c60-a66b-523986131536/current/log_17-20
2021-11-02 20:13:14,763 [Listener at localhost/10620] INFO  server.session (DefaultSessionIdManager.java:doStart(334)) - DefaultSessionIdManager workerName=node0
2021-11-02 20:13:14,764 [Listener at localhost/10620] INFO  server.session (DefaultSessionIdManager.java:doStart(339)) - No SessionScavenger set, using defaults
2021-11-02 20:13:14,764 [Listener at localhost/10620] INFO  server.session (HouseKeeper.java:startScavenging(132)) - node0 Scavenging every 660000ms
2021-11-02 20:13:14,766 [Listener at localhost/10620] INFO  handler.ContextHandler (ContextHandler.java:doStart(915)) - Started o.e.j.s.ServletContextHandler@50c5f6fc{logs,/logs,file:///home/runner/work/ozone/ozone/hadoop-ozone/integration-test/target/log,AVAILABLE}
2021-11-02 20:13:14,766 [Listener at localhost/10620] INFO  handler.ContextHandler (ContextHandler.java:doStart(915)) - Started o.e.j.s.ServletContextHandler@454ddb70{static,/static,file:///home/runner/work/ozone/ozone/hadoop-ozone/integration-test/target/test-classes/webapps/static,AVAILABLE}
2021-11-02 20:13:14,770 [Listener at localhost/10620] INFO  handler.ContextHandler (ContextHandler.java:doStart(915)) - Started o.e.j.w.WebAppContext@13e71721{ozoneManager,/,file:///home/runner/work/ozone/ozone/hadoop-ozone/integration-test/target/test-classes/webapps/ozoneManager/,AVAILABLE}{file:/home/runner/work/ozone/ozone/hadoop-ozone/integration-test/target/test-classes/webapps/ozoneManager}
2021-11-02 20:13:14,772 [omNode-2@group-523986131536-SegmentedRaftLogWorker] INFO  segmented.SegmentedRaftLogWorker (SegmentedRaftLogWorker.java:execute(601)) - omNode-2@group-523986131536-SegmentedRaftLogWorker: created new log segment /home/runner/work/ozone/ozone/hadoop-ozone/integration-test/target/test-dir/MiniOzoneClusterImpl-76263e8f-62ab-412a-8766-4a189fbce95f/omNode-2/ratis/c9bc4cf4-3bc3-3c60-a66b-523986131536/current/log_inprogress_21
2021-11-02 20:13:14,778 [grpc-default-executor-6] INFO  server.RaftServer$Division (ServerState.java:setLeader(285)) - omNode-1@group-523986131536: change Leader from null to omNode-2 at term 8 for appendEntries, leader elected after 2252ms
2021-11-02 20:13:14,779 [grpc-default-executor-6] INFO  server.RaftServer$Division (RaftServerImpl.java:checkInconsistentAppendEntries(1322)) - omNode-1@group-523986131536: Failed appendEntries as previous log entry ((t:5, i:20)) is not found
2021-11-02 20:13:14,779 [grpc-default-executor-6] INFO  server.RaftServer$Division (RaftServerImpl.java:checkInconsistentAppendEntries(1288)) - omNode-1@group-523986131536: inconsistency entries. Reply:omNode-2<-omNode-1#0:FAIL-t8,INCONSISTENCY,nextIndex=11,followerCommit=10
2021-11-02 20:13:14,779 [grpc-default-executor-8] INFO  leader.FollowerInfo (FollowerInfoImpl.java:lambda$new$0(47)) - omNode-2@group-523986131536->omNode-1: nextIndex: updateUnconditionally 22 -> 11
2021-11-02 20:13:14,780 [grpc-default-executor-6] INFO  server.RaftServer$Division (RaftServerImpl.java:checkInconsistentAppendEntries(1322)) - omNode-1@group-523986131536: Failed appendEntries as previous log entry ((t:5, i:20)) is not found
2021-11-02 20:13:14,780 [grpc-default-executor-6] INFO  server.RaftServer$Division (RaftServerImpl.java:checkInconsistentAppendEntries(1288)) - omNode-1@group-523986131536: inconsistency entries. Reply:omNode-2<-omNode-1#1:FAIL-t8,INCONSISTENCY,nextIndex=11,followerCommit=10
2021-11-02 20:13:14,781 [omNode-2@group-523986131536->omNode-1-GrpcLogAppender-LogAppenderDaemon] ERROR leader.LogAppenderDaemon (LogAppenderDaemon.java:run(86)) - omNode-2@group-523986131536->omNode-1-GrpcLogAppender-LogAppenderDaemon failed
java.lang.NullPointerException: omNode-2@group-523986131536->omNode-1: Previous TermIndex not found for firstIndex = 11
	at java.util.Objects.requireNonNull(Objects.java:290)
	at org.apache.ratis.server.leader.LogAppenderBase.assertProtos(LogAppenderBase.java:169)
	at org.apache.ratis.server.leader.LogAppenderBase.newAppendEntriesRequest(LogAppenderBase.java:154)
	at org.apache.ratis.grpc.server.GrpcLogAppender.appendLog(GrpcLogAppender.java:213)
	at org.apache.ratis.grpc.server.GrpcLogAppender.run(GrpcLogAppender.java:147)
	at org.apache.ratis.server.leader.LogAppenderDaemon.run(LogAppenderDaemon.java:77)
	at java.lang.Thread.run(Thread.java:748)
2021-11-02 20:13:14,781 [grpc-default-executor-6] INFO  leader.FollowerInfo (FollowerInfoImpl.java:lambda$new$0(47)) - omNode-2@group-523986131536->omNode-1: nextIndex: updateUnconditionally 11 -> 11
2021-11-02 20:13:14,781 [omNode-2@group-523986131536->omNode-1-GrpcLogAppender-LogAppenderDaemon] INFO  server.RaftServer$Division (LeaderStateImpl.java:restart(514)) - omNode-2@group-523986131536-LeaderStateImpl: Restarting GrpcLogAppender for omNode-2@group-523986131536->omNode-1
2021-11-02 20:13:14,791 [omNode-2@group-523986131536-LeaderElection25] INFO  server.RaftServer$Division (ServerState.java:setRaftConf(387)) - omNode-2@group-523986131536: set configuration 21: [omNode-3|rpc:localhost:10624|admin:|client:|dataStream:|priority:0, omNode-1|rpc:localhost:10612|admin:|client:|dataStream:|priority:0, omNode-2|rpc:localhost:10618|admin:|client:|dataStream:|priority:0], old=null
2021-11-02 20:13:14,792 [Listener at localhost/10620] INFO  server.AbstractConnector (AbstractConnector.java:doStart(331)) - Started ServerConnector@51a3fbf4{HTTP/1.1, (http/1.1)}{0.0.0.0:10622}
2021-11-02 20:13:14,792 [Listener at localhost/10620] INFO  server.Server (Server.java:doStart(415)) - Started @282271ms
2021-11-02 20:13:14,792 [Listener at localhost/10620] WARN  impl.MetricsSystemImpl (MetricsSystemImpl.java:register(279)) - Sink prometheus already exists!
2021-11-02 20:13:14,793 [Listener at localhost/10620] INFO  http.BaseHttpServer (BaseHttpServer.java:updateConnectorAddress(329)) - HTTP server of ozoneManager listening at http://0.0.0.0:10622
2021-11-02 20:13:14,793 [IPC Server Responder] INFO  ipc.Server (Server.java:run(1507)) - IPC Server Responder: starting
2021-11-02 20:13:14,794 [IPC Server listener on 10620] INFO  ipc.Server (Server.java:run(1344)) - IPC Server listener on 10620: starting
2021-11-02 20:13:14,793 [grpc-default-executor-6] WARN  server.GrpcLogAppender (LogUtils.java:warn(122)) - omNode-2@group-523986131536->omNode-3-AppendLogResponseHandler: Failed appendEntries: org.apache.ratis.thirdparty.io.grpc.StatusRuntimeException: UNAVAILABLE: io exception
2021-11-02 20:13:14,795 [grpc-default-executor-6] WARN  server.GrpcLogAppender (GrpcLogAppender.java:resetClient(110)) - omNode-2@group-523986131536->omNode-3-GrpcLogAppender: Leader has not got in touch with Follower omNode-2@group-523986131536->omNode-3(c-1,m0,n22, attendVote=true, lastRpcSendTime=2, lastRpcResponseTime=1240) yet, just keep nextIndex unchanged and retry.
2021-11-02 20:13:14,798 [omNode-2@group-523986131536->omNode-1-GrpcLogAppender-LogAppenderDaemon] INFO  server.RaftServerConfigKeys (ConfUtils.java:logGet(44)) - raft.server.log.appender.snapshot.chunk.size.max = 16MB (=16777216) (default)
2021-11-02 20:13:14,798 [omNode-2@group-523986131536->omNode-1-GrpcLogAppender-LogAppenderDaemon] INFO  server.RaftServerConfigKeys (ConfUtils.java:logGet(44)) - raft.server.log.appender.buffer.byte-limit = 33554432 (custom)
2021-11-02 20:13:14,798 [omNode-2@group-523986131536->omNode-1-GrpcLogAppender-LogAppenderDaemon] INFO  server.RaftServerConfigKeys (ConfUtils.java:logGet(44)) - raft.server.log.appender.buffer.element-limit = 1024 (custom)
2021-11-02 20:13:14,810 [Listener at localhost/10620] INFO  om.OzoneManager (OzoneManager.java:startTrashEmptier(1596)) - Trash Interval set to 0. Files deleted will not move to trash
2021-11-02 20:13:14,811 [Listener at localhost/10620] INFO  om.OzoneManager (OzoneManager.java:stop(1697)) - Stopping Ozone Manager
2021-11-02 20:13:14,811 [Listener at localhost/10620] INFO  ipc.Server (Server.java:stop(3414)) - Stopping server on 10608
2021-11-02 20:13:14,813 [omNode-2@group-523986131536->omNode-1-GrpcLogAppender-LogAppenderDaemon] INFO  grpc.GrpcConfigKeys (ConfUtils.java:logGet(44)) - raft.grpc.server.leader.outstanding.appends.max = 128 (default)
2021-11-02 20:13:14,813 [omNode-2@group-523986131536->omNode-1-GrpcLogAppender-LogAppenderDaemon] INFO  server.RaftServerConfigKeys (ConfUtils.java:logGet(44)) - raft.server.rpc.request.timeout = 3000ms (default)
2021-11-02 20:13:14,813 [omNode-2@group-523986131536->omNode-1-GrpcLogAppender-LogAppenderDaemon] INFO  server.RaftServerConfigKeys (ConfUtils.java:logGet(44)) - raft.server.log.appender.install.snapshot.enabled = false (custom)
2021-11-02 20:13:14,814 [org.apache.hadoop.util.JvmPauseMonitor$Monitor@4efccf21] INFO  util.JvmPauseMonitor (JvmPauseMonitor.java:run(188)) - Starting JVM pause monitor
2021-11-02 20:13:14,827 [omNode-2@group-523986131536->omNode-1-GrpcLogAppender-LogAppenderDaemon] INFO  server.GrpcLogAppender (GrpcLogAppender.java:installSnapshot(550)) - omNode-2@group-523986131536->omNode-1-GrpcLogAppender: followerNextIndex = 0 but logStartIndex = 11, notify follower to install snapshot-(t:3, i:11)
2021-11-02 20:13:14,827 [omNode-2@group-523986131536->omNode-1-GrpcLogAppender-LogAppenderDaemon] INFO  server.GrpcLogAppender (GrpcLogAppender.java:installSnapshot(558)) - omNode-2@group-523986131536->omNode-1-GrpcLogAppender: send omNode-2->omNode-1#0-t8,notify:(t:3, i:11)
2021-11-02 20:13:14,829 [IPC Server listener on 10608] INFO  ipc.Server (Server.java:run(1376)) - Stopping IPC Server listener on 10608
2021-11-02 20:13:14,830 [Listener at localhost/10620] INFO  server.RaftServer (RaftServerProxy.java:lambda$close$6(391)) - omNode-1: close
2021-11-02 20:13:14,830 [Listener at localhost/10620] INFO  server.RaftServer$Division (RaftServerImpl.java:lambda$close$4(412)) - omNode-1@group-523986131536: shutdown
2021-11-02 20:13:14,830 [grpc-default-executor-6] INFO  server.RaftServer$Division (RaftServerImpl.java:installSnapshot(1332)) - omNode-1@group-523986131536: receive installSnapshot: omNode-2->omNode-1#0-t8,notify:(t:3, i:11)
2021-11-02 20:13:14,830 [grpc-default-executor-6] ERROR server.RaftServer$Division (RaftServerImpl.java:installSnapshot(1339)) - omNode-1@group-523986131536: installSnapshot failed
org.apache.ratis.protocol.exceptions.ServerNotReadyException: omNode-1@group-523986131536 is not in [STARTING, RUNNING]: current state is CLOSING
	at org.apache.ratis.server.impl.RaftServerImpl.lambda$assertLifeCycleState$9(RaftServerImpl.java:672)
	at org.apache.ratis.util.LifeCycle.assertCurrentState(LifeCycle.java:253)
	at org.apache.ratis.server.impl.RaftServerImpl.assertLifeCycleState(RaftServerImpl.java:671)
	at org.apache.ratis.server.impl.RaftServerImpl.installSnapshotImpl(RaftServerImpl.java:1440)
	at org.apache.ratis.server.impl.RaftServerImpl.installSnapshot(RaftServerImpl.java:1337)
	at org.apache.ratis.server.impl.RaftServerProxy.installSnapshot(RaftServerProxy.java:569)
	at org.apache.ratis.grpc.server.GrpcServerProtocolService$2.process(GrpcServerProtocolService.java:239)
	at org.apache.ratis.grpc.server.GrpcServerProtocolService$2.process(GrpcServerProtocolService.java:236)
	at org.apache.ratis.grpc.server.GrpcServerProtocolService$ServerRequestStreamObserver.onNext(GrpcServerProtocolService.java:126)
	at org.apache.ratis.thirdparty.io.grpc.stub.ServerCalls$StreamingServerCallHandler$StreamingServerCallListener.onMessage(ServerCalls.java:255)
	at org.apache.ratis.thirdparty.io.grpc.ForwardingServerCallListener.onMessage(ForwardingServerCallListener.java:33)
	at org.apache.ratis.thirdparty.io.grpc.internal.ServerCallImpl$ServerStreamListenerImpl.messagesAvailableInternal(ServerCallImpl.java:309)
	at org.apache.ratis.thirdparty.io.grpc.internal.ServerCallImpl$ServerStreamListenerImpl.messagesAvailable(ServerCallImpl.java:292)
	at org.apache.ratis.thirdparty.io.grpc.internal.ServerImpl$JumpToApplicationThreadServerStreamListener$1MessagesAvailable.runInContext(ServerImpl.java:782)
	at org.apache.ratis.thirdparty.io.grpc.internal.ContextRunnable.run(ContextRunnable.java:37)
	at org.apache.ratis.thirdparty.io.grpc.internal.SerializingExecutor.run(SerializingExecutor.java:123)
	at java.util.concurrent.ThreadPoolExecutor.runWorker(ThreadPoolExecutor.java:1149)
	at java.util.concurrent.ThreadPoolExecutor$Worker.run(ThreadPoolExecutor.java:624)
	at java.lang.Thread.run(Thread.java:748)
2021-11-02 20:13:14,831 [grpc-default-executor-6] WARN  server.GrpcServerProtocolService (LogUtils.java:warn(122)) - omNode-1: Failed INSTALL_SNAPSHOT request omNode-2->omNode-1#0-t8,notify:(t:3, i:11): org.apache.ratis.protocol.exceptions.ServerNotReadyException: omNode-1@group-523986131536 is not in [STARTING, RUNNING]: current state is CLOSING
2021-11-02 20:13:14,830 [IPC Server Responder] INFO  ipc.Server (Server.java:run(1512)) - Stopping IPC Server Responder
2021-11-02 20:13:14,830 [Listener at localhost/10620] INFO  util.JmxRegister (JmxRegister.java:unregister(73)) - Successfully un-registered JMX Bean with object name Ratis:service=RaftServer,group=group-523986131536,id=omNode-1
2021-11-02 20:13:14,832 [Listener at localhost/10620] INFO  impl.RoleInfo (RoleInfo.java:shutdownFollowerState(108)) - omNode-1: shutdown omNode-1@group-523986131536-FollowerState
2021-11-02 20:13:14,832 [Listener at localhost/10620] INFO  impl.StateMachineUpdater (StateMachineUpdater.java:stopAndJoin(149)) - omNode-1@group-523986131536-StateMachineUpdater: set stopIndex = 10
2021-11-02 20:13:14,833 [omNode-1@group-523986131536-FollowerState] INFO  impl.FollowerState (FollowerState.java:run(143)) - omNode-1@group-523986131536-FollowerState was interrupted: {}
java.lang.InterruptedException: sleep interrupted
	at java.lang.Thread.sleep(Native Method)
	at java.lang.Thread.sleep(Thread.java:340)
	at java.util.concurrent.TimeUnit.sleep(TimeUnit.java:386)
	at org.apache.ratis.util.TimeDuration.sleep(TimeDuration.java:324)
	at org.apache.ratis.util.TimeDuration.sleep(TimeDuration.java:309)
	at org.apache.ratis.server.impl.FollowerState.run(FollowerState.java:118)
2021-11-02 20:13:14,833 [omNode-1@group-523986131536-StateMachineUpdater] INFO  ratis.OzoneManagerStateMachine (OzoneManagerStateMachine.java:close(471)) - StateMachine has shutdown. Shutdown OzoneManager if not already shutdown.
2021-11-02 20:13:14,833 [Listener at localhost/10620] INFO  server.RaftServer$Division (ServerState.java:close(419)) - omNode-1@group-523986131536: closes. applyIndex: 10
2021-11-02 20:13:14,833 [omNode-1@group-523986131536-SegmentedRaftLogWorker] INFO  segmented.SegmentedRaftLogWorker (SegmentedRaftLogWorker.java:run(327)) - omNode-1@group-523986131536-SegmentedRaftLogWorker was interrupted, exiting. There are 0 tasks remaining in the queue.
2021-11-02 20:13:14,833 [Listener at localhost/10620] INFO  segmented.SegmentedRaftLogWorker (SegmentedRaftLogWorker.java:close(237)) - omNode-1@group-523986131536-SegmentedRaftLogWorker close()
2021-11-02 20:13:14,846 [Listener at localhost/10620] INFO  server.GrpcService (GrpcService.java:closeImpl(262)) - omNode-1: shutdown server with port 10612 now
2021-11-02 20:13:14,848 [grpc-default-executor-3] WARN  server.GrpcServerProtocolService (LogUtils.java:warn(122)) - omNode-1: installSnapshot onError, lastRequest: omNode-2->omNode-1#1-t8,previous=(t:5, i:20),leaderCommit=20,initializing? true,entries: size=1, first=(t:8, i:21), CONFIGURATIONENTRY: org.apache.ratis.thirdparty.io.grpc.StatusRuntimeException: CANCELLED: client cancelled
2021-11-02 20:13:14,850 [grpc-default-executor-6] INFO  server.GrpcServerProtocolService (GrpcServerProtocolService.java:onCompleted(140)) - omNode-1: Completed INSTALL_SNAPSHOT, lastRequest: omNode-2->omNode-1#0-t8,notify:(t:3, i:11)
2021-11-02 20:13:14,860 [grpc-default-executor-9] WARN  server.GrpcLogAppender (LogUtils.java:warn(122)) - omNode-2@group-523986131536->omNode-1-InstallSnapshotResponseHandler: Failed InstallSnapshot: org.apache.ratis.thirdparty.io.grpc.StatusRuntimeException: CANCELLED: HTTP/2 error code: CANCEL
Received Rst Stream
2021-11-02 20:13:14,860 [grpc-default-executor-9] WARN  server.GrpcLogAppender (GrpcLogAppender.java:resetClient(110)) - omNode-2@group-523986131536->omNode-1-GrpcLogAppender: Leader has not got in touch with Follower omNode-2@group-523986131536->omNode-1(c-1,m0,n0, attendVote=false, lastRpcSendTime=32, lastRpcResponseTime=1262) yet, just keep nextIndex unchanged and retry.
2021-11-02 20:13:14,862 [omNode-2@group-523986131536->omNode-1-GrpcLogAppender-LogAppenderDaemon] INFO  server.GrpcLogAppender (GrpcLogAppender.java:installSnapshot(550)) - omNode-2@group-523986131536->omNode-1-GrpcLogAppender: followerNextIndex = 0 but logStartIndex = 11, notify follower to install snapshot-(t:3, i:11)
2021-11-02 20:13:14,863 [omNode-2@group-523986131536->omNode-1-GrpcLogAppender-LogAppenderDaemon] INFO  server.GrpcLogAppender (GrpcLogAppender.java:installSnapshot(558)) - omNode-2@group-523986131536->omNode-1-GrpcLogAppender: send omNode-2->omNode-1#0-t8,notify:(t:3, i:11)
2021-11-02 20:13:14,867 [grpc-default-executor-12] WARN  server.GrpcLogAppender (LogUtils.java:warn(122)) - omNode-2@group-523986131536->omNode-1-AppendLogResponseHandler: Failed appendEntries: org.apache.ratis.thirdparty.io.grpc.StatusRuntimeException: UNAVAILABLE: io exception
2021-11-02 20:13:14,867 [grpc-default-executor-10] INFO  server.GrpcLogAppender (GrpcLogAppender.java:onError(335)) - omNode-2@group-523986131536->omNode-1-GrpcLogAppender is stopped
2021-11-02 20:13:14,876 [grpc-default-executor-12] WARN  server.GrpcLogAppender (GrpcLogAppender.java:resetClient(110)) - omNode-2@group-523986131536->omNode-1-GrpcLogAppender: Leader has not got in touch with Follower omNode-2@group-523986131536->omNode-1(c-1,m0,n0, attendVote=false, lastRpcSendTime=13, lastRpcResponseTime=1278) yet, just keep nextIndex unchanged and retry.
2021-11-02 20:13:14,878 [Listener at localhost/10620] INFO  server.GrpcService (GrpcService.java:closeImpl(271)) - omNode-1: shutdown server with port 10612 successfully
2021-11-02 20:13:14,879 [org.apache.ratis.util.JvmPauseMonitor$$Lambda$523/614850410@7ce6a9a4] INFO  util.JvmPauseMonitor (JvmPauseMonitor.java:run(109)) - JvmPauseMonitor-omNode-1: Stopped
2021-11-02 20:13:14,879 [Listener at localhost/10620] INFO  ratis.OzoneManagerDoubleBuffer (OzoneManagerDoubleBuffer.java:stop(437)) - Stopping OMDoubleBuffer flush thread
2021-11-02 20:13:14,879 [OMDoubleBufferFlushThread] INFO  ratis.OzoneManagerDoubleBuffer (OzoneManagerDoubleBuffer.java:flushTransactions(356)) - OMDoubleBuffer flush thread OMDoubleBufferFlushThread is interrupted and will exit. OMDoubleBufferFlushThread
2021-11-02 20:13:14,880 [Listener at localhost/10620] INFO  handler.ContextHandler (ContextHandler.java:doStop(1153)) - Stopped o.e.j.w.WebAppContext@83839b0{ozoneManager,/,null,STOPPED}{file:/home/runner/work/ozone/ozone/hadoop-ozone/integration-test/target/test-classes/webapps/ozoneManager}
2021-11-02 20:13:14,880 [grpc-default-executor-13] WARN  server.GrpcLogAppender (LogUtils.java:warn(122)) - omNode-2@group-523986131536->omNode-1-InstallSnapshotResponseHandler: Failed InstallSnapshot: org.apache.ratis.thirdparty.io.grpc.StatusRuntimeException: UNAVAILABLE: io exception
2021-11-02 20:13:14,880 [Listener at localhost/10620] INFO  server.AbstractConnector (AbstractConnector.java:doStop(381)) - Stopped ServerConnector@61dc1433{HTTP/1.1, (http/1.1)}{0.0.0.0:10610}
2021-11-02 20:13:14,881 [Listener at localhost/10620] INFO  server.session (HouseKeeper.java:stopScavenging(149)) - node0 Stopped scavenging
2021-11-02 20:13:14,881 [Listener at localhost/10620] INFO  handler.ContextHandler (ContextHandler.java:doStop(1153)) - Stopped o.e.j.s.ServletContextHandler@5fdbd950{static,/static,file:///home/runner/work/ozone/ozone/hadoop-ozone/integration-test/target/test-classes/webapps/static,STOPPED}
2021-11-02 20:13:14,881 [Listener at localhost/10620] INFO  handler.ContextHandler (ContextHandler.java:doStop(1153)) - Stopped o.e.j.s.ServletContextHandler@77705ac{logs,/logs,file:///home/runner/work/ozone/ozone/hadoop-ozone/integration-test/target/log,STOPPED}
2021-11-02 20:13:14,883 [Listener at localhost/10620] INFO  om.OzoneManager (OzoneManager.java:initFSOLayout(3662)) - Configured ozone.om.metadata.layout=SIMPLE and disabled optimized OM FS operations
2021-11-02 20:13:14,883 [Listener at localhost/10620] INFO  om.OzoneManager (OzoneManager.java:restart(1412)) - OzoneManager RPC server is listening at localhost/127.0.0.1:10608
2021-11-02 20:13:14,884 [Listener at localhost/10620] INFO  impl.MetricsSystemImpl (MetricsSystemImpl.java:init(158)) - OzoneManager metrics system started (again)
2021-11-02 20:13:14,887 [grpc-default-executor-13] WARN  server.GrpcLogAppender (GrpcLogAppender.java:resetClient(110)) - omNode-2@group-523986131536->omNode-1-GrpcLogAppender: Leader has not got in touch with Follower omNode-2@group-523986131536->omNode-1(c-1,m0,n0, attendVote=false, lastRpcSendTime=24, lastRpcResponseTime=1289) yet, just keep nextIndex unchanged and retry.
2021-11-02 20:13:14,887 [omNode-2@group-523986131536->omNode-1-GrpcLogAppender-LogAppenderDaemon] INFO  server.GrpcLogAppender (GrpcLogAppender.java:installSnapshot(550)) - omNode-2@group-523986131536->omNode-1-GrpcLogAppender: followerNextIndex = 0 but logStartIndex = 11, notify follower to install snapshot-(t:3, i:11)
2021-11-02 20:13:14,887 [omNode-2@group-523986131536->omNode-1-GrpcLogAppender-LogAppenderDaemon] INFO  server.GrpcLogAppender (GrpcLogAppender.java:installSnapshot(558)) - omNode-2@group-523986131536->omNode-1-GrpcLogAppender: send omNode-2->omNode-1#0-t8,notify:(t:3, i:11)
2021-11-02 20:13:14,888 [grpc-default-executor-6] WARN  server.GrpcLogAppender (LogUtils.java:warn(122)) - omNode-2@group-523986131536->omNode-1-AppendLogResponseHandler: Failed appendEntries: org.apache.ratis.thirdparty.io.grpc.StatusRuntimeException: UNAVAILABLE: io exception
2021-11-02 20:13:14,888 [grpc-default-executor-6] WARN  server.GrpcLogAppender (GrpcLogAppender.java:resetClient(110)) - omNode-2@group-523986131536->omNode-1-GrpcLogAppender: Leader has not got in touch with Follower omNode-2@group-523986131536->omNode-1(c-1,m0,n0, attendVote=false, lastRpcSendTime=0, lastRpcResponseTime=1290) yet, just keep nextIndex unchanged and retry.
2021-11-02 20:13:14,888 [grpc-default-executor-11] WARN  server.GrpcLogAppender (LogUtils.java:warn(122)) - omNode-2@group-523986131536->omNode-1-InstallSnapshotResponseHandler: Failed InstallSnapshot: org.apache.ratis.thirdparty.io.grpc.StatusRuntimeException: UNAVAILABLE: io exception
2021-11-02 20:13:14,888 [grpc-default-executor-11] WARN  server.GrpcLogAppender (GrpcLogAppender.java:resetClient(110)) - omNode-2@group-523986131536->omNode-1-GrpcLogAppender: Leader has not got in touch with Follower omNode-2@group-523986131536->omNode-1(c-1,m0,n0, attendVote=false, lastRpcSendTime=0, lastRpcResponseTime=1290) yet, just keep nextIndex unchanged and retry.
2021-11-02 20:13:14,889 [omNode-2@group-523986131536->omNode-1-GrpcLogAppender-LogAppenderDaemon] INFO  server.GrpcLogAppender (GrpcLogAppender.java:installSnapshot(550)) - omNode-2@group-523986131536->omNode-1-GrpcLogAppender: followerNextIndex = 0 but logStartIndex = 11, notify follower to install snapshot-(t:3, i:11)
2021-11-02 20:13:14,889 [omNode-2@group-523986131536->omNode-1-GrpcLogAppender-LogAppenderDaemon] INFO  server.GrpcLogAppender (GrpcLogAppender.java:installSnapshot(558)) - omNode-2@group-523986131536->omNode-1-GrpcLogAppender: send omNode-2->omNode-1#0-t8,notify:(t:3, i:11)
2021-11-02 20:13:14,889 [grpc-default-executor-11] WARN  server.GrpcLogAppender (LogUtils.java:warn(122)) - omNode-2@group-523986131536->omNode-1-AppendLogResponseHandler: Failed appendEntries: org.apache.ratis.thirdparty.io.grpc.StatusRuntimeException: UNAVAILABLE: io exception
2021-11-02 20:13:14,890 [grpc-default-executor-11] WARN  server.GrpcLogAppender (GrpcLogAppender.java:resetClient(110)) - omNode-2@group-523986131536->omNode-1-GrpcLogAppender: Leader has not got in touch with Follower omNode-2@group-523986131536->omNode-1(c-1,m0,n0, attendVote=false, lastRpcSendTime=0, lastRpcResponseTime=1291) yet, just keep nextIndex unchanged and retry.
2021-11-02 20:13:14,891 [grpc-default-executor-6] WARN  server.GrpcLogAppender (LogUtils.java:warn(122)) - omNode-2@group-523986131536->omNode-1-InstallSnapshotResponseHandler: Failed InstallSnapshot: org.apache.ratis.thirdparty.io.grpc.StatusRuntimeException: UNAVAILABLE: io exception
2021-11-02 20:13:14,891 [grpc-default-executor-6] WARN  server.GrpcLogAppender (GrpcLogAppender.java:resetClient(110)) - omNode-2@group-523986131536->omNode-1-GrpcLogAppender: Leader has not got in touch with Follower omNode-2@group-523986131536->omNode-1(c-1,m0,n0, attendVote=false, lastRpcSendTime=1, lastRpcResponseTime=1293) yet, just keep nextIndex unchanged and retry.
2021-11-02 20:13:14,892 [omNode-2@group-523986131536->omNode-1-GrpcLogAppender-LogAppenderDaemon] INFO  server.GrpcLogAppender (GrpcLogAppender.java:installSnapshot(550)) - omNode-2@group-523986131536->omNode-1-GrpcLogAppender: followerNextIndex = 0 but logStartIndex = 11, notify follower to install snapshot-(t:3, i:11)
2021-11-02 20:13:14,892 [omNode-2@group-523986131536->omNode-1-GrpcLogAppender-LogAppenderDaemon] INFO  server.GrpcLogAppender (GrpcLogAppender.java:installSnapshot(558)) - omNode-2@group-523986131536->omNode-1-GrpcLogAppender: send omNode-2->omNode-1#0-t8,notify:(t:3, i:11)
2021-11-02 20:13:14,892 [grpc-default-executor-11] WARN  server.GrpcLogAppender (LogUtils.java:warn(122)) - omNode-2@group-523986131536->omNode-1-InstallSnapshotResponseHandler: Failed InstallSnapshot: org.apache.ratis.thirdparty.io.grpc.StatusRuntimeException: UNAVAILABLE: io exception
2021-11-02 20:13:14,892 [grpc-default-executor-11] WARN  server.GrpcLogAppender (GrpcLogAppender.java:resetClient(110)) - omNode-2@group-523986131536->omNode-1-GrpcLogAppender: Leader has not got in touch with Follower omNode-2@group-523986131536->omNode-1(c-1,m0,n0, attendVote=false, lastRpcSendTime=0, lastRpcResponseTime=1294) yet, just keep nextIndex unchanged and retry.
2021-11-02 20:13:14,893 [grpc-default-executor-6] WARN  server.GrpcLogAppender (LogUtils.java:warn(122)) - omNode-2@group-523986131536->omNode-1-AppendLogResponseHandler: Failed appendEntries: org.apache.ratis.thirdparty.io.grpc.StatusRuntimeException: UNAVAILABLE: io exception
2021-11-02 20:13:14,893 [grpc-default-executor-6] WARN  server.GrpcLogAppender (GrpcLogAppender.java:resetClient(110)) - omNode-2@group-523986131536->omNode-1-GrpcLogAppender: Leader has not got in touch with Follower omNode-2@group-523986131536->omNode-1(c-1,m0,n0, attendVote=false, lastRpcSendTime=0, lastRpcResponseTime=1294) yet, just keep nextIndex unchanged and retry.
2021-11-02 20:13:14,893 [omNode-2@group-523986131536->omNode-1-GrpcLogAppender-LogAppenderDaemon] INFO  server.GrpcLogAppender (GrpcLogAppender.java:installSnapshot(550)) - omNode-2@group-523986131536->omNode-1-GrpcLogAppender: followerNextIndex = 0 but logStartIndex = 11, notify follower to install snapshot-(t:3, i:11)
2021-11-02 20:13:14,894 [omNode-2@group-523986131536->omNode-1-GrpcLogAppender-LogAppenderDaemon] INFO  server.GrpcLogAppender (GrpcLogAppender.java:installSnapshot(558)) - omNode-2@group-523986131536->omNode-1-GrpcLogAppender: send omNode-2->omNode-1#0-t8,notify:(t:3, i:11)
2021-11-02 20:13:14,894 [grpc-default-executor-6] WARN  server.GrpcLogAppender (LogUtils.java:warn(122)) - omNode-2@group-523986131536->omNode-1-AppendLogResponseHandler: Failed appendEntries: org.apache.ratis.thirdparty.io.grpc.StatusRuntimeException: UNAVAILABLE: io exception
2021-11-02 20:13:14,894 [grpc-default-executor-6] WARN  server.GrpcLogAppender (GrpcLogAppender.java:resetClient(110)) - omNode-2@group-523986131536->omNode-1-GrpcLogAppender: Leader has not got in touch with Follower omNode-2@group-523986131536->omNode-1(c-1,m0,n0, attendVote=false, lastRpcSendTime=0, lastRpcResponseTime=1296) yet, just keep nextIndex unchanged and retry.
2021-11-02 20:13:14,894 [grpc-default-executor-11] WARN  server.GrpcLogAppender (LogUtils.java:warn(122)) - omNode-2@group-523986131536->omNode-1-InstallSnapshotResponseHandler: Failed InstallSnapshot: org.apache.ratis.thirdparty.io.grpc.StatusRuntimeException: UNAVAILABLE: io exception
2021-11-02 20:13:14,894 [grpc-default-executor-11] WARN  server.GrpcLogAppender (GrpcLogAppender.java:resetClient(110)) - omNode-2@group-523986131536->omNode-1-GrpcLogAppender: Leader has not got in touch with Follower omNode-2@group-523986131536->omNode-1(c-1,m0,n0, attendVote=false, lastRpcSendTime=0, lastRpcResponseTime=1296) yet, just keep nextIndex unchanged and retry.
2021-11-02 20:13:14,895 [omNode-2@group-523986131536->omNode-1-GrpcLogAppender-LogAppenderDaemon] INFO  server.GrpcLogAppender (GrpcLogAppender.java:installSnapshot(550)) - omNode-2@group-523986131536->omNode-1-GrpcLogAppender: followerNextIndex = 0 but logStartIndex = 11, notify follower to install snapshot-(t:3, i:11)
2021-11-02 20:13:14,895 [omNode-2@group-523986131536->omNode-1-GrpcLogAppender-LogAppenderDaemon] INFO  server.GrpcLogAppender (GrpcLogAppender.java:installSnapshot(558)) - omNode-2@group-523986131536->omNode-1-GrpcLogAppender: send omNode-2->omNode-1#0-t8,notify:(t:3, i:11)
2021-11-02 20:13:14,895 [grpc-default-executor-11] WARN  server.GrpcLogAppender (LogUtils.java:warn(122)) - omNode-2@group-523986131536->omNode-1-AppendLogResponseHandler: Failed appendEntries: org.apache.ratis.thirdparty.io.grpc.StatusRuntimeException: UNAVAILABLE: io exception
2021-11-02 20:13:14,896 [grpc-default-executor-11] WARN  server.GrpcLogAppender (GrpcLogAppender.java:resetClient(110)) - omNode-2@group-523986131536->omNode-1-GrpcLogAppender: Leader has not got in touch with Follower omNode-2@group-523986131536->omNode-1(c-1,m0,n0, attendVote=false, lastRpcSendTime=0, lastRpcResponseTime=1297) yet, just keep nextIndex unchanged and retry.
2021-11-02 20:13:14,896 [grpc-default-executor-6] WARN  server.GrpcLogAppender (LogUtils.java:warn(122)) - omNode-2@group-523986131536->omNode-1-InstallSnapshotResponseHandler: Failed InstallSnapshot: org.apache.ratis.thirdparty.io.grpc.StatusRuntimeException: UNAVAILABLE: io exception
2021-11-02 20:13:14,897 [grpc-default-executor-6] WARN  server.GrpcLogAppender (GrpcLogAppender.java:resetClient(110)) - omNode-2@group-523986131536->omNode-1-GrpcLogAppender: Leader has not got in touch with Follower omNode-2@group-523986131536->omNode-1(c-1,m0,n0, attendVote=false, lastRpcSendTime=0, lastRpcResponseTime=1298) yet, just keep nextIndex unchanged and retry.
2021-11-02 20:13:14,897 [omNode-2@group-523986131536->omNode-1-GrpcLogAppender-LogAppenderDaemon] INFO  server.GrpcLogAppender (GrpcLogAppender.java:installSnapshot(550)) - omNode-2@group-523986131536->omNode-1-GrpcLogAppender: followerNextIndex = 0 but logStartIndex = 11, notify follower to install snapshot-(t:3, i:11)
2021-11-02 20:13:14,897 [omNode-2@group-523986131536->omNode-1-GrpcLogAppender-LogAppenderDaemon] INFO  server.GrpcLogAppender (GrpcLogAppender.java:installSnapshot(558)) - omNode-2@group-523986131536->omNode-1-GrpcLogAppender: send omNode-2->omNode-1#0-t8,notify:(t:3, i:11)
2021-11-02 20:13:14,898 [grpc-default-executor-12] WARN  server.GrpcLogAppender (LogUtils.java:warn(122)) - omNode-2@group-523986131536->omNode-1-InstallSnapshotResponseHandler: Failed InstallSnapshot: org.apache.ratis.thirdparty.io.grpc.StatusRuntimeException: UNAVAILABLE: io exception
2021-11-02 20:13:14,898 [grpc-default-executor-12] WARN  server.GrpcLogAppender (GrpcLogAppender.java:resetClient(110)) - omNode-2@group-523986131536->omNode-1-GrpcLogAppender: Leader has not got in touch with Follower omNode-2@group-523986131536->omNode-1(c-1,m0,n0, attendVote=false, lastRpcSendTime=1, lastRpcResponseTime=1300) yet, just keep nextIndex unchanged and retry.
2021-11-02 20:13:14,899 [grpc-default-executor-12] WARN  server.GrpcLogAppender (LogUtils.java:warn(122)) - omNode-2@group-523986131536->omNode-1-AppendLogResponseHandler: Failed appendEntries: org.apache.ratis.thirdparty.io.grpc.StatusRuntimeException: UNAVAILABLE: io exception
2021-11-02 20:13:14,899 [grpc-default-executor-12] WARN  server.GrpcLogAppender (GrpcLogAppender.java:resetClient(110)) - omNode-2@group-523986131536->omNode-1-GrpcLogAppender: Leader has not got in touch with Follower omNode-2@group-523986131536->omNode-1(c-1,m0,n0, attendVote=false, lastRpcSendTime=1, lastRpcResponseTime=1300) yet, just keep nextIndex unchanged and retry.
2021-11-02 20:13:14,899 [omNode-2@group-523986131536->omNode-1-GrpcLogAppender-LogAppenderDaemon] INFO  server.GrpcLogAppender (GrpcLogAppender.java:installSnapshot(550)) - omNode-2@group-523986131536->omNode-1-GrpcLogAppender: followerNextIndex = 0 but logStartIndex = 11, notify follower to install snapshot-(t:3, i:11)
2021-11-02 20:13:14,899 [omNode-2@group-523986131536->omNode-1-GrpcLogAppender-LogAppenderDaemon] INFO  server.GrpcLogAppender (GrpcLogAppender.java:installSnapshot(558)) - omNode-2@group-523986131536->omNode-1-GrpcLogAppender: send omNode-2->omNode-1#0-t8,notify:(t:3, i:11)
2021-11-02 20:13:14,900 [grpc-default-executor-11] WARN  server.GrpcLogAppender (LogUtils.java:warn(122)) - omNode-2@group-523986131536->omNode-1-InstallSnapshotResponseHandler: Failed InstallSnapshot: org.apache.ratis.thirdparty.io.grpc.StatusRuntimeException: UNAVAILABLE: io exception
2021-11-02 20:13:14,900 [grpc-default-executor-11] WARN  server.GrpcLogAppender (GrpcLogAppender.java:resetClient(110)) - omNode-2@group-523986131536->omNode-1-GrpcLogAppender: Leader has not got in touch with Follower omNode-2@group-523986131536->omNode-1(c-1,m0,n0, attendVote=false, lastRpcSendTime=1, lastRpcResponseTime=1302) yet, just keep nextIndex unchanged and retry.
2021-11-02 20:13:14,900 [grpc-default-executor-11] WARN  server.GrpcLogAppender (LogUtils.java:warn(122)) - omNode-2@group-523986131536->omNode-1-AppendLogResponseHandler: Failed appendEntries: org.apache.ratis.thirdparty.io.grpc.StatusRuntimeException: UNAVAILABLE: io exception
2021-11-02 20:13:14,900 [grpc-default-executor-11] WARN  server.GrpcLogAppender (GrpcLogAppender.java:resetClient(110)) - omNode-2@group-523986131536->omNode-1-GrpcLogAppender: Leader has not got in touch with Follower omNode-2@group-523986131536->omNode-1(c-1,m0,n0, attendVote=false, lastRpcSendTime=1, lastRpcResponseTime=1302) yet, just keep nextIndex unchanged and retry.
2021-11-02 20:13:14,901 [omNode-2@group-523986131536->omNode-1-GrpcLogAppender-LogAppenderDaemon] INFO  server.GrpcLogAppender (GrpcLogAppender.java:installSnapshot(550)) - omNode-2@group-523986131536->omNode-1-GrpcLogAppender: followerNextIndex = 0 but logStartIndex = 11, notify follower to install snapshot-(t:3, i:11)
2021-11-02 20:13:14,901 [omNode-2@group-523986131536->omNode-1-GrpcLogAppender-LogAppenderDaemon] INFO  server.GrpcLogAppender (GrpcLogAppender.java:installSnapshot(558)) - omNode-2@group-523986131536->omNode-1-GrpcLogAppender: send omNode-2->omNode-1#0-t8,notify:(t:3, i:11)
2021-11-02 20:13:14,902 [grpc-default-executor-12] WARN  server.GrpcLogAppender (LogUtils.java:warn(122)) - omNode-2@group-523986131536->omNode-1-AppendLogResponseHandler: Failed appendEntries: org.apache.ratis.thirdparty.io.grpc.StatusRuntimeException: UNAVAILABLE: io exception
2021-11-02 20:13:14,902 [grpc-default-executor-12] WARN  server.GrpcLogAppender (GrpcLogAppender.java:resetClient(110)) - omNode-2@group-523986131536->omNode-1-GrpcLogAppender: Leader has not got in touch with Follower omNode-2@group-523986131536->omNode-1(c-1,m0,n0, attendVote=false, lastRpcSendTime=0, lastRpcResponseTime=1303) yet, just keep nextIndex unchanged and retry.
2021-11-02 20:13:14,902 [grpc-default-executor-11] WARN  server.GrpcLogAppender (LogUtils.java:warn(122)) - omNode-2@group-523986131536->omNode-1-InstallSnapshotResponseHandler: Failed InstallSnapshot: org.apache.ratis.thirdparty.io.grpc.StatusRuntimeException: UNAVAILABLE: io exception
2021-11-02 20:13:14,903 [grpc-default-executor-11] WARN  server.GrpcLogAppender (GrpcLogAppender.java:resetClient(110)) - omNode-2@group-523986131536->omNode-1-GrpcLogAppender: Leader has not got in touch with Follower omNode-2@group-523986131536->omNode-1(c-1,m0,n0, attendVote=false, lastRpcSendTime=1, lastRpcResponseTime=1304) yet, just keep nextIndex unchanged and retry.
2021-11-02 20:13:14,903 [omNode-2@group-523986131536->omNode-1-GrpcLogAppender-LogAppenderDaemon] INFO  server.GrpcLogAppender (GrpcLogAppender.java:installSnapshot(550)) - omNode-2@group-523986131536->omNode-1-GrpcLogAppender: followerNextIndex = 0 but logStartIndex = 11, notify follower to install snapshot-(t:3, i:11)
2021-11-02 20:13:14,903 [omNode-2@group-523986131536->omNode-1-GrpcLogAppender-LogAppenderDaemon] INFO  server.GrpcLogAppender (GrpcLogAppender.java:installSnapshot(558)) - omNode-2@group-523986131536->omNode-1-GrpcLogAppender: send omNode-2->omNode-1#0-t8,notify:(t:3, i:11)
2021-11-02 20:13:14,907 [grpc-default-executor-12] WARN  server.GrpcLogAppender (LogUtils.java:warn(122)) - omNode-2@group-523986131536->omNode-1-AppendLogResponseHandler: Failed appendEntries: org.apache.ratis.thirdparty.io.grpc.StatusRuntimeException: UNAVAILABLE: io exception
2021-11-02 20:13:14,907 [grpc-default-executor-12] WARN  server.GrpcLogAppender (GrpcLogAppender.java:resetClient(110)) - omNode-2@group-523986131536->omNode-1-GrpcLogAppender: Leader has not got in touch with Follower omNode-2@group-523986131536->omNode-1(c-1,m0,n0, attendVote=false, lastRpcSendTime=3, lastRpcResponseTime=1308) yet, just keep nextIndex unchanged and retry.
2021-11-02 20:13:14,907 [grpc-default-executor-11] WARN  server.GrpcLogAppender (LogUtils.java:warn(122)) - omNode-2@group-523986131536->omNode-1-InstallSnapshotResponseHandler: Failed InstallSnapshot: org.apache.ratis.thirdparty.io.grpc.StatusRuntimeException: UNAVAILABLE: io exception
2021-11-02 20:13:14,907 [grpc-default-executor-11] WARN  server.GrpcLogAppender (GrpcLogAppender.java:resetClient(110)) - omNode-2@group-523986131536->omNode-1-GrpcLogAppender: Leader has not got in touch with Follower omNode-2@group-523986131536->omNode-1(c-1,m0,n0, attendVote=false, lastRpcSendTime=4, lastRpcResponseTime=1309) yet, just keep nextIndex unchanged and retry.
2021-11-02 20:13:14,907 [omNode-2@group-523986131536->omNode-1-GrpcLogAppender-LogAppenderDaemon] INFO  server.GrpcLogAppender (GrpcLogAppender.java:installSnapshot(550)) - omNode-2@group-523986131536->omNode-1-GrpcLogAppender: followerNextIndex = 0 but logStartIndex = 11, notify follower to install snapshot-(t:3, i:11)
2021-11-02 20:13:14,907 [grpc-default-executor-11] WARN  server.GrpcLogAppender (LogUtils.java:warn(122)) - omNode-2@group-523986131536->omNode-1-AppendLogResponseHandler: Failed appendEntries: org.apache.ratis.thirdparty.io.grpc.StatusRuntimeException: UNAVAILABLE: io exception
2021-11-02 20:13:14,907 [grpc-default-executor-11] WARN  server.GrpcLogAppender (GrpcLogAppender.java:resetClient(110)) - omNode-2@group-523986131536->omNode-1-GrpcLogAppender: Leader has not got in touch with Follower omNode-2@group-523986131536->omNode-1(c-1,m0,n0, attendVote=false, lastRpcSendTime=0, lastRpcResponseTime=1309) yet, just keep nextIndex unchanged and retry.
2021-11-02 20:13:14,907 [omNode-2@group-523986131536->omNode-1-GrpcLogAppender-LogAppenderDaemon] INFO  server.GrpcLogAppender (GrpcLogAppender.java:installSnapshot(558)) - omNode-2@group-523986131536->omNode-1-GrpcLogAppender: send omNode-2->omNode-1#0-t8,notify:(t:3, i:11)
2021-11-02 20:13:14,907 [grpc-default-executor-11] WARN  server.GrpcLogAppender (LogUtils.java:warn(122)) - omNode-2@group-523986131536->omNode-1-InstallSnapshotResponseHandler: Failed InstallSnapshot: org.apache.ratis.thirdparty.io.grpc.StatusRuntimeException: UNAVAILABLE: io exception
2021-11-02 20:13:14,908 [grpc-default-executor-11] WARN  server.GrpcLogAppender (GrpcLogAppender.java:resetClient(110)) - omNode-2@group-523986131536->omNode-1-GrpcLogAppender: Leader has not got in touch with Follower omNode-2@group-523986131536->omNode-1(c-1,m0,n0, attendVote=false, lastRpcSendTime=0, lastRpcResponseTime=1309) yet, just keep nextIndex unchanged and retry.
2021-11-02 20:13:14,908 [omNode-2@group-523986131536->omNode-1-GrpcLogAppender-LogAppenderDaemon] INFO  server.GrpcLogAppender (GrpcLogAppender.java:installSnapshot(550)) - omNode-2@group-523986131536->omNode-1-GrpcLogAppender: followerNextIndex = 0 but logStartIndex = 11, notify follower to install snapshot-(t:3, i:11)
2021-11-02 20:13:14,908 [omNode-2@group-523986131536->omNode-1-GrpcLogAppender-LogAppenderDaemon] INFO  server.GrpcLogAppender (GrpcLogAppender.java:installSnapshot(558)) - omNode-2@group-523986131536->omNode-1-GrpcLogAppender: send omNode-2->omNode-1#0-t8,notify:(t:3, i:11)
2021-11-02 20:13:14,908 [grpc-default-executor-12] WARN  server.GrpcLogAppender (LogUtils.java:warn(122)) - omNode-2@group-523986131536->omNode-1-InstallSnapshotResponseHandler: Failed InstallSnapshot: org.apache.ratis.thirdparty.io.grpc.StatusRuntimeException: UNAVAILABLE: io exception
2021-11-02 20:13:14,908 [grpc-default-executor-12] WARN  server.GrpcLogAppender (GrpcLogAppender.java:resetClient(110)) - omNode-2@group-523986131536->omNode-1-GrpcLogAppender: Leader has not got in touch with Follower omNode-2@group-523986131536->omNode-1(c-1,m0,n0, attendVote=false, lastRpcSendTime=0, lastRpcResponseTime=1310) yet, just keep nextIndex unchanged and retry.
2021-11-02 20:13:14,908 [grpc-default-executor-11] WARN  server.GrpcLogAppender (LogUtils.java:warn(122)) - omNode-2@group-523986131536->omNode-1-AppendLogResponseHandler: Failed appendEntries: org.apache.ratis.thirdparty.io.grpc.StatusRuntimeException: UNAVAILABLE: io exception
2021-11-02 20:13:14,908 [grpc-default-executor-11] WARN  server.GrpcLogAppender (GrpcLogAppender.java:resetClient(110)) - omNode-2@group-523986131536->omNode-1-GrpcLogAppender: Leader has not got in touch with Follower omNode-2@group-523986131536->omNode-1(c-1,m0,n0, attendVote=false, lastRpcSendTime=0, lastRpcResponseTime=1310) yet, just keep nextIndex unchanged and retry.
2021-11-02 20:13:14,908 [omNode-2@group-523986131536->omNode-1-GrpcLogAppender-LogAppenderDaemon] INFO  server.GrpcLogAppender (GrpcLogAppender.java:installSnapshot(550)) - omNode-2@group-523986131536->omNode-1-GrpcLogAppender: followerNextIndex = 0 but logStartIndex = 11, notify follower to install snapshot-(t:3, i:11)
2021-11-02 20:13:14,908 [omNode-2@group-523986131536->omNode-1-GrpcLogAppender-LogAppenderDaemon] INFO  server.GrpcLogAppender (GrpcLogAppender.java:installSnapshot(558)) - omNode-2@group-523986131536->omNode-1-GrpcLogAppender: send omNode-2->omNode-1#0-t8,notify:(t:3, i:11)
2021-11-02 20:13:14,908 [grpc-default-executor-12] WARN  server.GrpcLogAppender (LogUtils.java:warn(122)) - omNode-2@group-523986131536->omNode-1-InstallSnapshotResponseHandler: Failed InstallSnapshot: org.apache.ratis.thirdparty.io.grpc.StatusRuntimeException: UNAVAILABLE: io exception
2021-11-02 20:13:14,908 [grpc-default-executor-12] WARN  server.GrpcLogAppender (GrpcLogAppender.java:resetClient(110)) - omNode-2@group-523986131536->omNode-1-GrpcLogAppender: Leader has not got in touch with Follower omNode-2@group-523986131536->omNode-1(c-1,m0,n0, attendVote=false, lastRpcSendTime=0, lastRpcResponseTime=1310) yet, just keep nextIndex unchanged and retry.
2021-11-02 20:13:14,909 [grpc-default-executor-11] WARN  server.GrpcLogAppender (LogUtils.java:warn(122)) - omNode-2@group-523986131536->omNode-1-AppendLogResponseHandler: Failed appendEntries: org.apache.ratis.thirdparty.io.grpc.StatusRuntimeException: UNAVAILABLE: io exception
2021-11-02 20:13:14,909 [grpc-default-executor-11] WARN  server.GrpcLogAppender (GrpcLogAppender.java:resetClient(110)) - omNode-2@group-523986131536->omNode-1-GrpcLogAppender: Leader has not got in touch with Follower omNode-2@group-523986131536->omNode-1(c-1,m0,n0, attendVote=false, lastRpcSendTime=0, lastRpcResponseTime=1310) yet, just keep nextIndex unchanged and retry.
2021-11-02 20:13:14,909 [omNode-2@group-523986131536->omNode-1-GrpcLogAppender-LogAppenderDaemon] INFO  server.GrpcLogAppender (GrpcLogAppender.java:installSnapshot(550)) - omNode-2@group-523986131536->omNode-1-GrpcLogAppender: followerNextIndex = 0 but logStartIndex = 11, notify follower to install snapshot-(t:3, i:11)
2021-11-02 20:13:14,909 [omNode-2@group-523986131536->omNode-1-GrpcLogAppender-LogAppenderDaemon] INFO  server.GrpcLogAppender (GrpcLogAppender.java:installSnapshot(558)) - omNode-2@group-523986131536->omNode-1-GrpcLogAppender: send omNode-2->omNode-1#0-t8,notify:(t:3, i:11)
2021-11-02 20:13:14,909 [grpc-default-executor-12] WARN  server.GrpcLogAppender (LogUtils.java:warn(122)) - omNode-2@group-523986131536->omNode-1-InstallSnapshotResponseHandler: Failed InstallSnapshot: org.apache.ratis.thirdparty.io.grpc.StatusRuntimeException: UNAVAILABLE: io exception
2021-11-02 20:13:14,909 [grpc-default-executor-12] WARN  server.GrpcLogAppender (GrpcLogAppender.java:resetClient(110)) - omNode-2@group-523986131536->omNode-1-GrpcLogAppender: Leader has not got in touch with Follower omNode-2@group-523986131536->omNode-1(c-1,m0,n0, attendVote=false, lastRpcSendTime=0, lastRpcResponseTime=1311) yet, just keep nextIndex unchanged and retry.
2021-11-02 20:13:14,909 [grpc-default-executor-11] WARN  server.GrpcLogAppender (LogUtils.java:warn(122)) - omNode-2@group-523986131536->omNode-1-AppendLogResponseHandler: Failed appendEntries: org.apache.ratis.thirdparty.io.grpc.StatusRuntimeException: UNAVAILABLE: io exception
2021-11-02 20:13:14,909 [grpc-default-executor-11] WARN  server.GrpcLogAppender (GrpcLogAppender.java:resetClient(110)) - omNode-2@group-523986131536->omNode-1-GrpcLogAppender: Leader has not got in touch with Follower omNode-2@group-523986131536->omNode-1(c-1,m0,n0, attendVote=false, lastRpcSendTime=0, lastRpcResponseTime=1311) yet, just keep nextIndex unchanged and retry.
2021-11-02 20:13:14,909 [omNode-2@group-523986131536->omNode-1-GrpcLogAppender-LogAppenderDaemon] INFO  server.GrpcLogAppender (GrpcLogAppender.java:installSnapshot(550)) - omNode-2@group-523986131536->omNode-1-GrpcLogAppender: followerNextIndex = 0 but logStartIndex = 11, notify follower to install snapshot-(t:3, i:11)
2021-11-02 20:13:14,909 [omNode-2@group-523986131536->omNode-1-GrpcLogAppender-LogAppenderDaemon] INFO  server.GrpcLogAppender (GrpcLogAppender.java:installSnapshot(558)) - omNode-2@group-523986131536->omNode-1-GrpcLogAppender: send omNode-2->omNode-1#0-t8,notify:(t:3, i:11)
2021-11-02 20:13:14,909 [grpc-default-executor-12] WARN  server.GrpcLogAppender (LogUtils.java:warn(122)) - omNode-2@group-523986131536->omNode-1-InstallSnapshotResponseHandler: Failed InstallSnapshot: org.apache.ratis.thirdparty.io.grpc.StatusRuntimeException: UNAVAILABLE: io exception
2021-11-02 20:13:14,909 [grpc-default-executor-12] WARN  server.GrpcLogAppender (GrpcLogAppender.java:resetClient(110)) - omNode-2@group-523986131536->omNode-1-GrpcLogAppender: Leader has not got in touch with Follower omNode-2@group-523986131536->omNode-1(c-1,m0,n0, attendVote=false, lastRpcSendTime=0, lastRpcResponseTime=1311) yet, just keep nextIndex unchanged and retry.
2021-11-02 20:13:14,910 [grpc-default-executor-11] WARN  server.GrpcLogAppender (LogUtils.java:warn(122)) - omNode-2@group-523986131536->omNode-1-AppendLogResponseHandler: Failed appendEntries: org.apache.ratis.thirdparty.io.grpc.StatusRuntimeException: UNAVAILABLE: io exception
2021-11-02 20:13:14,910 [grpc-default-executor-11] WARN  server.GrpcLogAppender (GrpcLogAppender.java:resetClient(110)) - omNode-2@group-523986131536->omNode-1-GrpcLogAppender: Leader has not got in touch with Follower omNode-2@group-523986131536->omNode-1(c-1,m0,n0, attendVote=false, lastRpcSendTime=0, lastRpcResponseTime=1311) yet, just keep nextIndex unchanged and retry.
2021-11-02 20:13:14,910 [omNode-2@group-523986131536->omNode-1-GrpcLogAppender-LogAppenderDaemon] INFO  server.GrpcLogAppender (GrpcLogAppender.java:installSnapshot(550)) - omNode-2@group-523986131536->omNode-1-GrpcLogAppender: followerNextIndex = 0 but logStartIndex = 11, notify follower to install snapshot-(t:3, i:11)
2021-11-02 20:13:14,910 [omNode-2@group-523986131536->omNode-1-GrpcLogAppender-LogAppenderDaemon] INFO  server.GrpcLogAppender (GrpcLogAppender.java:installSnapshot(558)) - omNode-2@group-523986131536->omNode-1-GrpcLogAppender: send omNode-2->omNode-1#0-t8,notify:(t:3, i:11)
2021-11-02 20:13:14,910 [grpc-default-executor-12] WARN  server.GrpcLogAppender (LogUtils.java:warn(122)) - omNode-2@group-523986131536->omNode-1-InstallSnapshotResponseHandler: Failed InstallSnapshot: org.apache.ratis.thirdparty.io.grpc.StatusRuntimeException: UNAVAILABLE: io exception
2021-11-02 20:13:14,910 [grpc-default-executor-12] WARN  server.GrpcLogAppender (GrpcLogAppender.java:resetClient(110)) - omNode-2@group-523986131536->omNode-1-GrpcLogAppender: Leader has not got in touch with Follower omNode-2@group-523986131536->omNode-1(c-1,m0,n0, attendVote=false, lastRpcSendTime=0, lastRpcResponseTime=1312) yet, just keep nextIndex unchanged and retry.
2021-11-02 20:13:14,910 [grpc-default-executor-11] WARN  server.GrpcLogAppender (LogUtils.java:warn(122)) - omNode-2@group-523986131536->omNode-1-AppendLogResponseHandler: Failed appendEntries: org.apache.ratis.thirdparty.io.grpc.StatusRuntimeException: UNAVAILABLE: io exception
2021-11-02 20:13:14,910 [grpc-default-executor-11] WARN  server.GrpcLogAppender (GrpcLogAppender.java:resetClient(110)) - omNode-2@group-523986131536->omNode-1-GrpcLogAppender: Leader has not got in touch with Follower omNode-2@group-523986131536->omNode-1(c-1,m0,n0, attendVote=false, lastRpcSendTime=0, lastRpcResponseTime=1312) yet, just keep nextIndex unchanged and retry.
2021-11-02 20:13:14,910 [omNode-2@group-523986131536->omNode-1-GrpcLogAppender-LogAppenderDaemon] INFO  server.GrpcLogAppender (GrpcLogAppender.java:installSnapshot(550)) - omNode-2@group-523986131536->omNode-1-GrpcLogAppender: followerNextIndex = 0 but logStartIndex = 11, notify follower to install snapshot-(t:3, i:11)
2021-11-02 20:13:14,910 [omNode-2@group-523986131536->omNode-1-GrpcLogAppender-LogAppenderDaemon] INFO  server.GrpcLogAppender (GrpcLogAppender.java:installSnapshot(558)) - omNode-2@group-523986131536->omNode-1-GrpcLogAppender: send omNode-2->omNode-1#0-t8,notify:(t:3, i:11)
2021-11-02 20:13:14,910 [grpc-default-executor-12] WARN  server.GrpcLogAppender (LogUtils.java:warn(122)) - omNode-2@group-523986131536->omNode-1-InstallSnapshotResponseHandler: Failed InstallSnapshot: org.apache.ratis.thirdparty.io.grpc.StatusRuntimeException: UNAVAILABLE: io exception
2021-11-02 20:13:14,910 [grpc-default-executor-12] WARN  server.GrpcLogAppender (GrpcLogAppender.java:resetClient(110)) - omNode-2@group-523986131536->omNode-1-GrpcLogAppender: Leader has not got in touch with Follower omNode-2@group-523986131536->omNode-1(c-1,m0,n0, attendVote=false, lastRpcSendTime=0, lastRpcResponseTime=1312) yet, just keep nextIndex unchanged and retry.
2021-11-02 20:13:14,911 [grpc-default-executor-11] WARN  server.GrpcLogAppender (LogUtils.java:warn(122)) - omNode-2@group-523986131536->omNode-1-AppendLogResponseHandler: Failed appendEntries: org.apache.ratis.thirdparty.io.grpc.StatusRuntimeException: UNAVAILABLE: io exception
2021-11-02 20:13:14,911 [grpc-default-executor-11] WARN  server.GrpcLogAppender (GrpcLogAppender.java:resetClient(110)) - omNode-2@group-523986131536->omNode-1-GrpcLogAppender: Leader has not got in touch with Follower omNode-2@group-523986131536->omNode-1(c-1,m0,n0, attendVote=false, lastRpcSendTime=0, lastRpcResponseTime=1312) yet, just keep nextIndex unchanged and retry.
2021-11-02 20:13:14,911 [omNode-2@group-523986131536->omNode-1-GrpcLogAppender-LogAppenderDaemon] INFO  server.GrpcLogAppender (GrpcLogAppender.java:installSnapshot(550)) - omNode-2@group-523986131536->omNode-1-GrpcLogAppender: followerNextIndex = 0 but logStartIndex = 11, notify follower to install snapshot-(t:3, i:11)
2021-11-02 20:13:14,911 [omNode-2@group-523986131536->omNode-1-GrpcLogAppender-LogAppenderDaemon] INFO  server.GrpcLogAppender (GrpcLogAppender.java:installSnapshot(558)) - omNode-2@group-523986131536->omNode-1-GrpcLogAppender: send omNode-2->omNode-1#0-t8,notify:(t:3, i:11)
2021-11-02 20:13:14,911 [grpc-default-executor-12] WARN  server.GrpcLogAppender (LogUtils.java:warn(122)) - omNode-2@group-523986131536->omNode-1-InstallSnapshotResponseHandler: Failed InstallSnapshot: org.apache.ratis.thirdparty.io.grpc.StatusRuntimeException: UNAVAILABLE: io exception
2021-11-02 20:13:14,911 [grpc-default-executor-12] WARN  server.GrpcLogAppender (GrpcLogAppender.java:resetClient(110)) - omNode-2@group-523986131536->omNode-1-GrpcLogAppender: Leader has not got in touch with Follower omNode-2@group-523986131536->omNode-1(c-1,m0,n0, attendVote=false, lastRpcSendTime=0, lastRpcResponseTime=1313) yet, just keep nextIndex unchanged and retry.
2021-11-02 20:13:14,911 [grpc-default-executor-11] WARN  server.GrpcLogAppender (LogUtils.java:warn(122)) - omNode-2@group-523986131536->omNode-1-AppendLogResponseHandler: Failed appendEntries: org.apache.ratis.thirdparty.io.grpc.StatusRuntimeException: UNAVAILABLE: io exception
2021-11-02 20:13:14,911 [grpc-default-executor-11] WARN  server.GrpcLogAppender (GrpcLogAppender.java:resetClient(110)) - omNode-2@group-523986131536->omNode-1-GrpcLogAppender: Leader has not got in touch with Follower omNode-2@group-523986131536->omNode-1(c-1,m0,n0, attendVote=false, lastRpcSendTime=0, lastRpcResponseTime=1313) yet, just keep nextIndex unchanged and retry.
2021-11-02 20:13:14,911 [omNode-2@group-523986131536->omNode-1-GrpcLogAppender-LogAppenderDaemon] INFO  server.GrpcLogAppender (GrpcLogAppender.java:installSnapshot(550)) - omNode-2@group-523986131536->omNode-1-GrpcLogAppender: followerNextIndex = 0 but logStartIndex = 11, notify follower to install snapshot-(t:3, i:11)
2021-11-02 20:13:14,911 [omNode-2@group-523986131536->omNode-1-GrpcLogAppender-LogAppenderDaemon] INFO  server.GrpcLogAppender (GrpcLogAppender.java:installSnapshot(558)) - omNode-2@group-523986131536->omNode-1-GrpcLogAppender: send omNode-2->omNode-1#0-t8,notify:(t:3, i:11)
2021-11-02 20:13:14,912 [grpc-default-executor-12] WARN  server.GrpcLogAppender (LogUtils.java:warn(122)) - omNode-2@group-523986131536->omNode-1-InstallSnapshotResponseHandler: Failed InstallSnapshot: org.apache.ratis.thirdparty.io.grpc.StatusRuntimeException: UNAVAILABLE: io exception
2021-11-02 20:13:14,912 [grpc-default-executor-12] WARN  server.GrpcLogAppender (GrpcLogAppender.java:resetClient(110)) - omNode-2@group-523986131536->omNode-1-GrpcLogAppender: Leader has not got in touch with Follower omNode-2@group-523986131536->omNode-1(c-1,m0,n0, attendVote=false, lastRpcSendTime=0, lastRpcResponseTime=1313) yet, just keep nextIndex unchanged and retry.
2021-11-02 20:13:14,912 [grpc-default-executor-11] WARN  server.GrpcLogAppender (LogUtils.java:warn(122)) - omNode-2@group-523986131536->omNode-1-AppendLogResponseHandler: Failed appendEntries: org.apache.ratis.thirdparty.io.grpc.StatusRuntimeException: UNAVAILABLE: io exception
2021-11-02 20:13:14,912 [grpc-default-executor-11] WARN  server.GrpcLogAppender (GrpcLogAppender.java:resetClient(110)) - omNode-2@group-523986131536->omNode-1-GrpcLogAppender: Leader has not got in touch with Follower omNode-2@group-523986131536->omNode-1(c-1,m0,n0, attendVote=false, lastRpcSendTime=0, lastRpcResponseTime=1313) yet, just keep nextIndex unchanged and retry.
2021-11-02 20:13:14,913 [omNode-2@group-523986131536->omNode-1-GrpcLogAppender-LogAppenderDaemon] INFO  server.GrpcLogAppender (GrpcLogAppender.java:installSnapshot(550)) - omNode-2@group-523986131536->omNode-1-GrpcLogAppender: followerNextIndex = 0 but logStartIndex = 11, notify follower to install snapshot-(t:3, i:11)
2021-11-02 20:13:14,913 [omNode-2@group-523986131536->omNode-1-GrpcLogAppender-LogAppenderDaemon] INFO  server.GrpcLogAppender (GrpcLogAppender.java:installSnapshot(558)) - omNode-2@group-523986131536->omNode-1-GrpcLogAppender: send omNode-2->omNode-1#0-t8,notify:(t:3, i:11)
2021-11-02 20:13:14,913 [grpc-default-executor-12] WARN  server.GrpcLogAppender (LogUtils.java:warn(122)) - omNode-2@group-523986131536->omNode-1-AppendLogResponseHandler: Failed appendEntries: org.apache.ratis.thirdparty.io.grpc.StatusRuntimeException: UNAVAILABLE: io exception
2021-11-02 20:13:14,913 [grpc-default-executor-12] WARN  server.GrpcLogAppender (GrpcLogAppender.java:resetClient(110)) - omNode-2@group-523986131536->omNode-1-GrpcLogAppender: Leader has not got in touch with Follower omNode-2@group-523986131536->omNode-1(c-1,m0,n0, attendVote=false, lastRpcSendTime=0, lastRpcResponseTime=1315) yet, just keep nextIndex unchanged and retry.
2021-11-02 20:13:14,913 [grpc-default-executor-13] WARN  server.GrpcLogAppender (LogUtils.java:warn(122)) - omNode-2@group-523986131536->omNode-1-InstallSnapshotResponseHandler: Failed InstallSnapshot: org.apache.ratis.thirdparty.io.grpc.StatusRuntimeException: UNAVAILABLE: io exception
2021-11-02 20:13:14,913 [grpc-default-executor-13] WARN  server.GrpcLogAppender (GrpcLogAppender.java:resetClient(110)) - omNode-2@group-523986131536->omNode-1-GrpcLogAppender: Leader has not got in touch with Follower omNode-2@group-523986131536->omNode-1(c-1,m0,n0, attendVote=false, lastRpcSendTime=0, lastRpcResponseTime=1315) yet, just keep nextIndex unchanged and retry.
2021-11-02 20:13:14,913 [omNode-2@group-523986131536->omNode-1-GrpcLogAppender-LogAppenderDaemon] INFO  server.GrpcLogAppender (GrpcLogAppender.java:installSnapshot(550)) - omNode-2@group-523986131536->omNode-1-GrpcLogAppender: followerNextIndex = 0 but logStartIndex = 11, notify follower to install snapshot-(t:3, i:11)
2021-11-02 20:13:14,913 [omNode-2@group-523986131536->omNode-1-GrpcLogAppender-LogAppenderDaemon] INFO  server.GrpcLogAppender (GrpcLogAppender.java:installSnapshot(558)) - omNode-2@group-523986131536->omNode-1-GrpcLogAppender: send omNode-2->omNode-1#0-t8,notify:(t:3, i:11)
2021-11-02 20:13:14,914 [grpc-default-executor-11] WARN  server.GrpcLogAppender (LogUtils.java:warn(122)) - omNode-2@group-523986131536->omNode-1-InstallSnapshotResponseHandler: Failed InstallSnapshot: org.apache.ratis.thirdparty.io.grpc.StatusRuntimeException: UNAVAILABLE: io exception
2021-11-02 20:13:14,914 [grpc-default-executor-11] WARN  server.GrpcLogAppender (GrpcLogAppender.java:resetClient(110)) - omNode-2@group-523986131536->omNode-1-GrpcLogAppender: Leader has not got in touch with Follower omNode-2@group-523986131536->omNode-1(c-1,m0,n0, attendVote=false, lastRpcSendTime=0, lastRpcResponseTime=1315) yet, just keep nextIndex unchanged and retry.
2021-11-02 20:13:14,914 [grpc-default-executor-13] WARN  server.GrpcLogAppender (LogUtils.java:warn(122)) - omNode-2@group-523986131536->omNode-1-AppendLogResponseHandler: Failed appendEntries: org.apache.ratis.thirdparty.io.grpc.StatusRuntimeException: UNAVAILABLE: io exception
2021-11-02 20:13:14,914 [grpc-default-executor-11] WARN  server.GrpcLogAppender (LogUtils.java:warn(122)) - omNode-2@group-523986131536->omNode-1-AppendLogResponseHandler: Failed appendEntries: org.apache.ratis.thirdparty.io.grpc.StatusRuntimeException: UNAVAILABLE: io exception
2021-11-02 20:13:14,914 [omNode-2@group-523986131536->omNode-1-GrpcLogAppender-LogAppenderDaemon] INFO  server.GrpcLogAppender (GrpcLogAppender.java:installSnapshot(550)) - omNode-2@group-523986131536->omNode-1-GrpcLogAppender: followerNextIndex = 0 but logStartIndex = 11, notify follower to install snapshot-(t:3, i:11)
2021-11-02 20:13:14,914 [omNode-2@group-523986131536->omNode-1-GrpcLogAppender-LogAppenderDaemon] INFO  server.GrpcLogAppender (GrpcLogAppender.java:installSnapshot(558)) - omNode-2@group-523986131536->omNode-1-GrpcLogAppender: send omNode-2->omNode-1#0-t8,notify:(t:3, i:11)
2021-11-02 20:13:14,914 [grpc-default-executor-13] WARN  server.GrpcLogAppender (GrpcLogAppender.java:resetClient(110)) - omNode-2@group-523986131536->omNode-1-GrpcLogAppender: Leader has not got in touch with Follower omNode-2@group-523986131536->omNode-1(c-1,m0,n0, attendVote=false, lastRpcSendTime=0, lastRpcResponseTime=1316) yet, just keep nextIndex unchanged and retry.
2021-11-02 20:13:14,915 [grpc-default-executor-11] WARN  server.GrpcLogAppender (GrpcLogAppender.java:resetClient(110)) - omNode-2@group-523986131536->omNode-1-GrpcLogAppender: Leader has not got in touch with Follower omNode-2@group-523986131536->omNode-1(c-1,m0,n0, attendVote=false, lastRpcSendTime=0, lastRpcResponseTime=1317) yet, just keep nextIndex unchanged and retry.
2021-11-02 20:13:14,915 [grpc-default-executor-12] WARN  server.GrpcLogAppender (LogUtils.java:warn(122)) - omNode-2@group-523986131536->omNode-1-InstallSnapshotResponseHandler: Failed InstallSnapshot: org.apache.ratis.thirdparty.io.grpc.StatusRuntimeException: UNAVAILABLE: io exception
2021-11-02 20:13:14,915 [grpc-default-executor-12] WARN  server.GrpcLogAppender (GrpcLogAppender.java:resetClient(110)) - omNode-2@group-523986131536->omNode-1-GrpcLogAppender: Leader has not got in touch with Follower omNode-2@group-523986131536->omNode-1(c-1,m0,n0, attendVote=false, lastRpcSendTime=1, lastRpcResponseTime=1317) yet, just keep nextIndex unchanged and retry.
2021-11-02 20:13:14,915 [omNode-2@group-523986131536->omNode-1-GrpcLogAppender-LogAppenderDaemon] INFO  server.GrpcLogAppender (GrpcLogAppender.java:installSnapshot(550)) - omNode-2@group-523986131536->omNode-1-GrpcLogAppender: followerNextIndex = 0 but logStartIndex = 11, notify follower to install snapshot-(t:3, i:11)
2021-11-02 20:13:14,915 [omNode-2@group-523986131536->omNode-1-GrpcLogAppender-LogAppenderDaemon] INFO  server.GrpcLogAppender (GrpcLogAppender.java:installSnapshot(558)) - omNode-2@group-523986131536->omNode-1-GrpcLogAppender: send omNode-2->omNode-1#0-t8,notify:(t:3, i:11)
2021-11-02 20:13:14,916 [Listener at localhost/10620] WARN  server.ServerUtils (ServerUtils.java:getDBPath(225)) - ozone.om.db.dirs is not configured. We recommend adding this setting. Falling back to ozone.metadata.dirs instead.
2021-11-02 20:13:14,916 [grpc-default-executor-11] WARN  server.GrpcLogAppender (LogUtils.java:warn(122)) - omNode-2@group-523986131536->omNode-1-InstallSnapshotResponseHandler: Failed InstallSnapshot: org.apache.ratis.thirdparty.io.grpc.StatusRuntimeException: UNAVAILABLE: io exception
2021-11-02 20:13:14,922 [grpc-default-executor-11] WARN  server.GrpcLogAppender (GrpcLogAppender.java:resetClient(110)) - omNode-2@group-523986131536->omNode-1-GrpcLogAppender: Leader has not got in touch with Follower omNode-2@group-523986131536->omNode-1(c-1,m0,n0, attendVote=false, lastRpcSendTime=6, lastRpcResponseTime=1323) yet, just keep nextIndex unchanged and retry.
2021-11-02 20:13:14,916 [grpc-default-executor-13] WARN  server.GrpcLogAppender (LogUtils.java:warn(122)) - omNode-2@group-523986131536->omNode-1-AppendLogResponseHandler: Failed appendEntries: org.apache.ratis.thirdparty.io.grpc.StatusRuntimeException: UNAVAILABLE: io exception
2021-11-02 20:13:14,922 [grpc-default-executor-13] WARN  server.GrpcLogAppender (GrpcLogAppender.java:resetClient(110)) - omNode-2@group-523986131536->omNode-1-GrpcLogAppender: Leader has not got in touch with Follower omNode-2@group-523986131536->omNode-1(c-1,m0,n0, attendVote=false, lastRpcSendTime=6, lastRpcResponseTime=1324) yet, just keep nextIndex unchanged and retry.
2021-11-02 20:13:14,922 [omNode-2@group-523986131536->omNode-1-GrpcLogAppender-LogAppenderDaemon] INFO  server.GrpcLogAppender (GrpcLogAppender.java:installSnapshot(550)) - omNode-2@group-523986131536->omNode-1-GrpcLogAppender: followerNextIndex = 0 but logStartIndex = 11, notify follower to install snapshot-(t:3, i:11)
2021-11-02 20:13:14,922 [omNode-2@group-523986131536->omNode-1-GrpcLogAppender-LogAppenderDaemon] INFO  server.GrpcLogAppender (GrpcLogAppender.java:installSnapshot(558)) - omNode-2@group-523986131536->omNode-1-GrpcLogAppender: send omNode-2->omNode-1#0-t8,notify:(t:3, i:11)
2021-11-02 20:13:14,923 [Listener at localhost/10620] INFO  codec.OmKeyInfoCodec (OmKeyInfoCodec.java:<init>(51)) - OmKeyInfoCodec ignorePipeline = true
2021-11-02 20:13:14,923 [Listener at localhost/10620] INFO  codec.RepeatedOmKeyInfoCodec (RepeatedOmKeyInfoCodec.java:<init>(42)) - RepeatedOmKeyInfoCodec ignorePipeline = true
2021-11-02 20:13:14,923 [grpc-default-executor-11] WARN  server.GrpcLogAppender (LogUtils.java:warn(122)) - omNode-2@group-523986131536->omNode-1-AppendLogResponseHandler: Failed appendEntries: org.apache.ratis.thirdparty.io.grpc.StatusRuntimeException: UNAVAILABLE: io exception
2021-11-02 20:13:14,923 [grpc-default-executor-11] WARN  server.GrpcLogAppender (GrpcLogAppender.java:resetClient(110)) - omNode-2@group-523986131536->omNode-1-GrpcLogAppender: Leader has not got in touch with Follower omNode-2@group-523986131536->omNode-1(c-1,m0,n0, attendVote=false, lastRpcSendTime=0, lastRpcResponseTime=1325) yet, just keep nextIndex unchanged and retry.
2021-11-02 20:13:14,924 [grpc-default-executor-13] WARN  server.GrpcLogAppender (LogUtils.java:warn(122)) - omNode-2@group-523986131536->omNode-1-InstallSnapshotResponseHandler: Failed InstallSnapshot: org.apache.ratis.thirdparty.io.grpc.StatusRuntimeException: UNAVAILABLE: io exception
2021-11-02 20:13:14,924 [grpc-default-executor-13] WARN  server.GrpcLogAppender (GrpcLogAppender.java:resetClient(110)) - omNode-2@group-523986131536->omNode-1-GrpcLogAppender: Leader has not got in touch with Follower omNode-2@group-523986131536->omNode-1(c-1,m0,n0, attendVote=false, lastRpcSendTime=1, lastRpcResponseTime=1325) yet, just keep nextIndex unchanged and retry.
2021-11-02 20:13:14,924 [omNode-2@group-523986131536->omNode-1-GrpcLogAppender-LogAppenderDaemon] INFO  server.GrpcLogAppender (GrpcLogAppender.java:installSnapshot(550)) - omNode-2@group-523986131536->omNode-1-GrpcLogAppender: followerNextIndex = 0 but logStartIndex = 11, notify follower to install snapshot-(t:3, i:11)
2021-11-02 20:13:14,924 [omNode-2@group-523986131536->omNode-1-GrpcLogAppender-LogAppenderDaemon] INFO  server.GrpcLogAppender (GrpcLogAppender.java:installSnapshot(558)) - omNode-2@group-523986131536->omNode-1-GrpcLogAppender: send omNode-2->omNode-1#0-t8,notify:(t:3, i:11)
2021-11-02 20:13:14,924 [grpc-default-executor-11] WARN  server.GrpcLogAppender (LogUtils.java:warn(122)) - omNode-2@group-523986131536->omNode-1-InstallSnapshotResponseHandler: Failed InstallSnapshot: org.apache.ratis.thirdparty.io.grpc.StatusRuntimeException: UNAVAILABLE: io exception
2021-11-02 20:13:14,924 [grpc-default-executor-11] WARN  server.GrpcLogAppender (GrpcLogAppender.java:resetClient(110)) - omNode-2@group-523986131536->omNode-1-GrpcLogAppender: Leader has not got in touch with Follower omNode-2@group-523986131536->omNode-1(c-1,m0,n0, attendVote=false, lastRpcSendTime=0, lastRpcResponseTime=1326) yet, just keep nextIndex unchanged and retry.
2021-11-02 20:13:14,924 [grpc-default-executor-13] WARN  server.GrpcLogAppender (LogUtils.java:warn(122)) - omNode-2@group-523986131536->omNode-1-AppendLogResponseHandler: Failed appendEntries: org.apache.ratis.thirdparty.io.grpc.StatusRuntimeException: UNAVAILABLE: io exception
2021-11-02 20:13:14,924 [grpc-default-executor-13] WARN  server.GrpcLogAppender (GrpcLogAppender.java:resetClient(110)) - omNode-2@group-523986131536->omNode-1-GrpcLogAppender: Leader has not got in touch with Follower omNode-2@group-523986131536->omNode-1(c-1,m0,n0, attendVote=false, lastRpcSendTime=0, lastRpcResponseTime=1326) yet, just keep nextIndex unchanged and retry.
2021-11-02 20:13:14,924 [omNode-2@group-523986131536->omNode-1-GrpcLogAppender-LogAppenderDaemon] INFO  server.GrpcLogAppender (GrpcLogAppender.java:installSnapshot(550)) - omNode-2@group-523986131536->omNode-1-GrpcLogAppender: followerNextIndex = 0 but logStartIndex = 11, notify follower to install snapshot-(t:3, i:11)
2021-11-02 20:13:14,924 [omNode-2@group-523986131536->omNode-1-GrpcLogAppender-LogAppenderDaemon] INFO  server.GrpcLogAppender (GrpcLogAppender.java:installSnapshot(558)) - omNode-2@group-523986131536->omNode-1-GrpcLogAppender: send omNode-2->omNode-1#0-t8,notify:(t:3, i:11)
2021-11-02 20:13:14,924 [grpc-default-executor-11] WARN  server.GrpcLogAppender (LogUtils.java:warn(122)) - omNode-2@group-523986131536->omNode-1-InstallSnapshotResponseHandler: Failed InstallSnapshot: org.apache.ratis.thirdparty.io.grpc.StatusRuntimeException: UNAVAILABLE: io exception
2021-11-02 20:13:14,924 [grpc-default-executor-11] WARN  server.GrpcLogAppender (GrpcLogAppender.java:resetClient(110)) - omNode-2@group-523986131536->omNode-1-GrpcLogAppender: Leader has not got in touch with Follower omNode-2@group-523986131536->omNode-1(c-1,m0,n0, attendVote=false, lastRpcSendTime=0, lastRpcResponseTime=1326) yet, just keep nextIndex unchanged and retry.
2021-11-02 20:13:14,925 [grpc-default-executor-13] WARN  server.GrpcLogAppender (LogUtils.java:warn(122)) - omNode-2@group-523986131536->omNode-1-AppendLogResponseHandler: Failed appendEntries: org.apache.ratis.thirdparty.io.grpc.StatusRuntimeException: UNAVAILABLE: io exception
2021-11-02 20:13:14,925 [grpc-default-executor-13] WARN  server.GrpcLogAppender (GrpcLogAppender.java:resetClient(110)) - omNode-2@group-523986131536->omNode-1-GrpcLogAppender: Leader has not got in touch with Follower omNode-2@group-523986131536->omNode-1(c-1,m0,n0, attendVote=false, lastRpcSendTime=0, lastRpcResponseTime=1326) yet, just keep nextIndex unchanged and retry.
2021-11-02 20:13:14,925 [omNode-2@group-523986131536->omNode-1-GrpcLogAppender-LogAppenderDaemon] INFO  server.GrpcLogAppender (GrpcLogAppender.java:installSnapshot(550)) - omNode-2@group-523986131536->omNode-1-GrpcLogAppender: followerNextIndex = 0 but logStartIndex = 11, notify follower to install snapshot-(t:3, i:11)
2021-11-02 20:13:14,925 [omNode-2@group-523986131536->omNode-1-GrpcLogAppender-LogAppenderDaemon] INFO  server.GrpcLogAppender (GrpcLogAppender.java:installSnapshot(558)) - omNode-2@group-523986131536->omNode-1-GrpcLogAppender: send omNode-2->omNode-1#0-t8,notify:(t:3, i:11)
2021-11-02 20:13:14,925 [grpc-default-executor-11] WARN  server.GrpcLogAppender (LogUtils.java:warn(122)) - omNode-2@group-523986131536->omNode-1-InstallSnapshotResponseHandler: Failed InstallSnapshot: org.apache.ratis.thirdparty.io.grpc.StatusRuntimeException: UNAVAILABLE: io exception
2021-11-02 20:13:14,925 [grpc-default-executor-11] WARN  server.GrpcLogAppender (GrpcLogAppender.java:resetClient(110)) - omNode-2@group-523986131536->omNode-1-GrpcLogAppender: Leader has not got in touch with Follower omNode-2@group-523986131536->omNode-1(c-1,m0,n0, attendVote=false, lastRpcSendTime=0, lastRpcResponseTime=1327) yet, just keep nextIndex unchanged and retry.
2021-11-02 20:13:14,925 [grpc-default-executor-13] WARN  server.GrpcLogAppender (LogUtils.java:warn(122)) - omNode-2@group-523986131536->omNode-1-AppendLogResponseHandler: Failed appendEntries: org.apache.ratis.thirdparty.io.grpc.StatusRuntimeException: UNAVAILABLE: io exception
2021-11-02 20:13:14,925 [grpc-default-executor-13] WARN  server.GrpcLogAppender (GrpcLogAppender.java:resetClient(110)) - omNode-2@group-523986131536->omNode-1-GrpcLogAppender: Leader has not got in touch with Follower omNode-2@group-523986131536->omNode-1(c-1,m0,n0, attendVote=false, lastRpcSendTime=0, lastRpcResponseTime=1327) yet, just keep nextIndex unchanged and retry.
2021-11-02 20:13:14,925 [omNode-2@group-523986131536->omNode-1-GrpcLogAppender-LogAppenderDaemon] INFO  server.GrpcLogAppender (GrpcLogAppender.java:installSnapshot(550)) - omNode-2@group-523986131536->omNode-1-GrpcLogAppender: followerNextIndex = 0 but logStartIndex = 11, notify follower to install snapshot-(t:3, i:11)
2021-11-02 20:13:14,925 [omNode-2@group-523986131536->omNode-1-GrpcLogAppender-LogAppenderDaemon] INFO  server.GrpcLogAppender (GrpcLogAppender.java:installSnapshot(558)) - omNode-2@group-523986131536->omNode-1-GrpcLogAppender: send omNode-2->omNode-1#0-t8,notify:(t:3, i:11)
2021-11-02 20:13:14,926 [grpc-default-executor-11] WARN  server.GrpcLogAppender (LogUtils.java:warn(122)) - omNode-2@group-523986131536->omNode-1-InstallSnapshotResponseHandler: Failed InstallSnapshot: org.apache.ratis.thirdparty.io.grpc.StatusRuntimeException: UNAVAILABLE: io exception
2021-11-02 20:13:14,926 [grpc-default-executor-11] WARN  server.GrpcLogAppender (GrpcLogAppender.java:resetClient(110)) - omNode-2@group-523986131536->omNode-1-GrpcLogAppender: Leader has not got in touch with Follower omNode-2@group-523986131536->omNode-1(c-1,m0,n0, attendVote=false, lastRpcSendTime=0, lastRpcResponseTime=1327) yet, just keep nextIndex unchanged and retry.
2021-11-02 20:13:14,926 [grpc-default-executor-13] WARN  server.GrpcLogAppender (LogUtils.java:warn(122)) - omNode-2@group-523986131536->omNode-1-AppendLogResponseHandler: Failed appendEntries: org.apache.ratis.thirdparty.io.grpc.StatusRuntimeException: UNAVAILABLE: io exception
2021-11-02 20:13:14,926 [grpc-default-executor-13] WARN  server.GrpcLogAppender (GrpcLogAppender.java:resetClient(110)) - omNode-2@group-523986131536->omNode-1-GrpcLogAppender: Leader has not got in touch with Follower omNode-2@group-523986131536->omNode-1(c-1,m0,n0, attendVote=false, lastRpcSendTime=0, lastRpcResponseTime=1327) yet, just keep nextIndex unchanged and retry.
2021-11-02 20:13:14,926 [omNode-2@group-523986131536->omNode-1-GrpcLogAppender-LogAppenderDaemon] INFO  server.GrpcLogAppender (GrpcLogAppender.java:installSnapshot(550)) - omNode-2@group-523986131536->omNode-1-GrpcLogAppender: followerNextIndex = 0 but logStartIndex = 11, notify follower to install snapshot-(t:3, i:11)
2021-11-02 20:13:14,926 [omNode-2@group-523986131536->omNode-1-GrpcLogAppender-LogAppenderDaemon] INFO  server.GrpcLogAppender (GrpcLogAppender.java:installSnapshot(558)) - omNode-2@group-523986131536->omNode-1-GrpcLogAppender: send omNode-2->omNode-1#0-t8,notify:(t:3, i:11)
2021-11-02 20:13:14,926 [grpc-default-executor-11] WARN  server.GrpcLogAppender (LogUtils.java:warn(122)) - omNode-2@group-523986131536->omNode-1-InstallSnapshotResponseHandler: Failed InstallSnapshot: org.apache.ratis.thirdparty.io.grpc.StatusRuntimeException: UNAVAILABLE: io exception
2021-11-02 20:13:14,926 [grpc-default-executor-11] WARN  server.GrpcLogAppender (GrpcLogAppender.java:resetClient(110)) - omNode-2@group-523986131536->omNode-1-GrpcLogAppender: Leader has not got in touch with Follower omNode-2@group-523986131536->omNode-1(c-1,m0,n0, attendVote=false, lastRpcSendTime=0, lastRpcResponseTime=1328) yet, just keep nextIndex unchanged and retry.
2021-11-02 20:13:14,926 [grpc-default-executor-13] WARN  server.GrpcLogAppender (LogUtils.java:warn(122)) - omNode-2@group-523986131536->omNode-1-AppendLogResponseHandler: Failed appendEntries: org.apache.ratis.thirdparty.io.grpc.StatusRuntimeException: UNAVAILABLE: io exception
2021-11-02 20:13:14,926 [grpc-default-executor-13] WARN  server.GrpcLogAppender (GrpcLogAppender.java:resetClient(110)) - omNode-2@group-523986131536->omNode-1-GrpcLogAppender: Leader has not got in touch with Follower omNode-2@group-523986131536->omNode-1(c-1,m0,n0, attendVote=false, lastRpcSendTime=0, lastRpcResponseTime=1328) yet, just keep nextIndex unchanged and retry.
2021-11-02 20:13:14,926 [omNode-2@group-523986131536->omNode-1-GrpcLogAppender-LogAppenderDaemon] INFO  server.GrpcLogAppender (GrpcLogAppender.java:installSnapshot(550)) - omNode-2@group-523986131536->omNode-1-GrpcLogAppender: followerNextIndex = 0 but logStartIndex = 11, notify follower to install snapshot-(t:3, i:11)
2021-11-02 20:13:14,926 [omNode-2@group-523986131536->omNode-1-GrpcLogAppender-LogAppenderDaemon] INFO  server.GrpcLogAppender (GrpcLogAppender.java:installSnapshot(558)) - omNode-2@group-523986131536->omNode-1-GrpcLogAppender: send omNode-2->omNode-1#0-t8,notify:(t:3, i:11)
2021-11-02 20:13:14,927 [grpc-default-executor-11] WARN  server.GrpcLogAppender (LogUtils.java:warn(122)) - omNode-2@group-523986131536->omNode-1-InstallSnapshotResponseHandler: Failed InstallSnapshot: org.apache.ratis.thirdparty.io.grpc.StatusRuntimeException: UNAVAILABLE: io exception
2021-11-02 20:13:14,927 [grpc-default-executor-11] WARN  server.GrpcLogAppender (GrpcLogAppender.java:resetClient(110)) - omNode-2@group-523986131536->omNode-1-GrpcLogAppender: Leader has not got in touch with Follower omNode-2@group-523986131536->omNode-1(c-1,m0,n0, attendVote=false, lastRpcSendTime=0, lastRpcResponseTime=1328) yet, just keep nextIndex unchanged and retry.
2021-11-02 20:13:14,927 [grpc-default-executor-13] WARN  server.GrpcLogAppender (LogUtils.java:warn(122)) - omNode-2@group-523986131536->omNode-1-AppendLogResponseHandler: Failed appendEntries: org.apache.ratis.thirdparty.io.grpc.StatusRuntimeException: UNAVAILABLE: io exception
2021-11-02 20:13:14,927 [grpc-default-executor-13] WARN  server.GrpcLogAppender (GrpcLogAppender.java:resetClient(110)) - omNode-2@group-523986131536->omNode-1-GrpcLogAppender: Leader has not got in touch with Follower omNode-2@group-523986131536->omNode-1(c-1,m0,n0, attendVote=false, lastRpcSendTime=0, lastRpcResponseTime=1328) yet, just keep nextIndex unchanged and retry.
2021-11-02 20:13:14,927 [omNode-2@group-523986131536->omNode-1-GrpcLogAppender-LogAppenderDaemon] INFO  server.GrpcLogAppender (GrpcLogAppender.java:installSnapshot(550)) - omNode-2@group-523986131536->omNode-1-GrpcLogAppender: followerNextIndex = 0 but logStartIndex = 11, notify follower to install snapshot-(t:3, i:11)
2021-11-02 20:13:14,927 [omNode-2@group-523986131536->omNode-1-GrpcLogAppender-LogAppenderDaemon] INFO  server.GrpcLogAppender (GrpcLogAppender.java:installSnapshot(558)) - omNode-2@group-523986131536->omNode-1-GrpcLogAppender: send omNode-2->omNode-1#0-t8,notify:(t:3, i:11)
2021-11-02 20:13:14,927 [grpc-default-executor-13] WARN  server.GrpcLogAppender (LogUtils.java:warn(122)) - omNode-2@group-523986131536->omNode-1-AppendLogResponseHandler: Failed appendEntries: org.apache.ratis.thirdparty.io.grpc.StatusRuntimeException: UNAVAILABLE: io exception
2021-11-02 20:13:14,927 [grpc-default-executor-13] WARN  server.GrpcLogAppender (GrpcLogAppender.java:resetClient(110)) - omNode-2@group-523986131536->omNode-1-GrpcLogAppender: Leader has not got in touch with Follower omNode-2@group-523986131536->omNode-1(c-1,m0,n0, attendVote=false, lastRpcSendTime=0, lastRpcResponseTime=1329) yet, just keep nextIndex unchanged and retry.
2021-11-02 20:13:14,928 [grpc-default-executor-11] WARN  server.GrpcLogAppender (LogUtils.java:warn(122)) - omNode-2@group-523986131536->omNode-1-InstallSnapshotResponseHandler: Failed InstallSnapshot: org.apache.ratis.thirdparty.io.grpc.StatusRuntimeException: UNAVAILABLE: io exception
2021-11-02 20:13:14,928 [grpc-default-executor-11] WARN  server.GrpcLogAppender (GrpcLogAppender.java:resetClient(110)) - omNode-2@group-523986131536->omNode-1-GrpcLogAppender: Leader has not got in touch with Follower omNode-2@group-523986131536->omNode-1(c-1,m0,n0, attendVote=false, lastRpcSendTime=1, lastRpcResponseTime=1330) yet, just keep nextIndex unchanged and retry.
2021-11-02 20:13:14,928 [omNode-2@group-523986131536->omNode-1-GrpcLogAppender-LogAppenderDaemon] INFO  server.GrpcLogAppender (GrpcLogAppender.java:installSnapshot(550)) - omNode-2@group-523986131536->omNode-1-GrpcLogAppender: followerNextIndex = 0 but logStartIndex = 11, notify follower to install snapshot-(t:3, i:11)
2021-11-02 20:13:14,928 [omNode-2@group-523986131536->omNode-1-GrpcLogAppender-LogAppenderDaemon] INFO  server.GrpcLogAppender (GrpcLogAppender.java:installSnapshot(558)) - omNode-2@group-523986131536->omNode-1-GrpcLogAppender: send omNode-2->omNode-1#0-t8,notify:(t:3, i:11)
2021-11-02 20:13:14,929 [grpc-default-executor-13] WARN  server.GrpcLogAppender (LogUtils.java:warn(122)) - omNode-2@group-523986131536->omNode-1-AppendLogResponseHandler: Failed appendEntries: org.apache.ratis.thirdparty.io.grpc.StatusRuntimeException: UNAVAILABLE: io exception
2021-11-02 20:13:14,929 [grpc-default-executor-13] WARN  server.GrpcLogAppender (GrpcLogAppender.java:resetClient(110)) - omNode-2@group-523986131536->omNode-1-GrpcLogAppender: Leader has not got in touch with Follower omNode-2@group-523986131536->omNode-1(c-1,m0,n0, attendVote=false, lastRpcSendTime=0, lastRpcResponseTime=1331) yet, just keep nextIndex unchanged and retry.
2021-11-02 20:13:14,930 [grpc-default-executor-11] WARN  server.GrpcLogAppender (LogUtils.java:warn(122)) - omNode-2@group-523986131536->omNode-1-InstallSnapshotResponseHandler: Failed InstallSnapshot: org.apache.ratis.thirdparty.io.grpc.StatusRuntimeException: UNAVAILABLE: io exception
2021-11-02 20:13:14,930 [grpc-default-executor-11] WARN  server.GrpcLogAppender (GrpcLogAppender.java:resetClient(110)) - omNode-2@group-523986131536->omNode-1-GrpcLogAppender: Leader has not got in touch with Follower omNode-2@group-523986131536->omNode-1(c-1,m0,n0, attendVote=false, lastRpcSendTime=1, lastRpcResponseTime=1332) yet, just keep nextIndex unchanged and retry.
2021-11-02 20:13:14,931 [omNode-2@group-523986131536->omNode-1-GrpcLogAppender-LogAppenderDaemon] INFO  server.GrpcLogAppender (GrpcLogAppender.java:installSnapshot(550)) - omNode-2@group-523986131536->omNode-1-GrpcLogAppender: followerNextIndex = 0 but logStartIndex = 11, notify follower to install snapshot-(t:3, i:11)
2021-11-02 20:13:14,931 [grpc-default-executor-11] WARN  server.GrpcLogAppender (LogUtils.java:warn(122)) - omNode-2@group-523986131536->omNode-1-AppendLogResponseHandler: Failed appendEntries: org.apache.ratis.thirdparty.io.grpc.StatusRuntimeException: UNAVAILABLE: io exception
2021-11-02 20:13:14,932 [grpc-default-executor-11] WARN  server.GrpcLogAppender (GrpcLogAppender.java:resetClient(110)) - omNode-2@group-523986131536->omNode-1-GrpcLogAppender: Leader has not got in touch with Follower omNode-2@group-523986131536->omNode-1(c-1,m0,n0, attendVote=false, lastRpcSendTime=0, lastRpcResponseTime=1333) yet, just keep nextIndex unchanged and retry.
2021-11-02 20:13:14,932 [omNode-2@group-523986131536->omNode-1-GrpcLogAppender-LogAppenderDaemon] INFO  server.GrpcLogAppender (GrpcLogAppender.java:installSnapshot(558)) - omNode-2@group-523986131536->omNode-1-GrpcLogAppender: send omNode-2->omNode-1#0-t8,notify:(t:3, i:11)
2021-11-02 20:13:14,936 [grpc-default-executor-13] WARN  server.GrpcLogAppender (LogUtils.java:warn(122)) - omNode-2@group-523986131536->omNode-1-InstallSnapshotResponseHandler: Failed InstallSnapshot: org.apache.ratis.thirdparty.io.grpc.StatusRuntimeException: UNAVAILABLE: io exception
2021-11-02 20:13:14,936 [grpc-default-executor-13] WARN  server.GrpcLogAppender (GrpcLogAppender.java:resetClient(110)) - omNode-2@group-523986131536->omNode-1-GrpcLogAppender: Leader has not got in touch with Follower omNode-2@group-523986131536->omNode-1(c-1,m0,n0, attendVote=false, lastRpcSendTime=3, lastRpcResponseTime=1337) yet, just keep nextIndex unchanged and retry.
2021-11-02 20:13:14,936 [omNode-2@group-523986131536->omNode-1-GrpcLogAppender-LogAppenderDaemon] INFO  server.GrpcLogAppender (GrpcLogAppender.java:installSnapshot(550)) - omNode-2@group-523986131536->omNode-1-GrpcLogAppender: followerNextIndex = 0 but logStartIndex = 11, notify follower to install snapshot-(t:3, i:11)
2021-11-02 20:13:14,936 [omNode-2@group-523986131536->omNode-1-GrpcLogAppender-LogAppenderDaemon] INFO  server.GrpcLogAppender (GrpcLogAppender.java:installSnapshot(558)) - omNode-2@group-523986131536->omNode-1-GrpcLogAppender: send omNode-2->omNode-1#0-t8,notify:(t:3, i:11)
2021-11-02 20:13:14,936 [grpc-default-executor-11] WARN  server.GrpcLogAppender (LogUtils.java:warn(122)) - omNode-2@group-523986131536->omNode-1-InstallSnapshotResponseHandler: Failed InstallSnapshot: org.apache.ratis.thirdparty.io.grpc.StatusRuntimeException: UNAVAILABLE: io exception
2021-11-02 20:13:14,936 [grpc-default-executor-11] WARN  server.GrpcLogAppender (GrpcLogAppender.java:resetClient(110)) - omNode-2@group-523986131536->omNode-1-GrpcLogAppender: Leader has not got in touch with Follower omNode-2@group-523986131536->omNode-1(c-1,m0,n0, attendVote=false, lastRpcSendTime=0, lastRpcResponseTime=1338) yet, just keep nextIndex unchanged and retry.
2021-11-02 20:13:14,936 [omNode-2@group-523986131536->omNode-1-GrpcLogAppender-LogAppenderDaemon] INFO  server.GrpcLogAppender (GrpcLogAppender.java:installSnapshot(550)) - omNode-2@group-523986131536->omNode-1-GrpcLogAppender: followerNextIndex = 0 but logStartIndex = 11, notify follower to install snapshot-(t:3, i:11)
2021-11-02 20:13:14,936 [omNode-2@group-523986131536->omNode-1-GrpcLogAppender-LogAppenderDaemon] INFO  server.GrpcLogAppender (GrpcLogAppender.java:installSnapshot(558)) - omNode-2@group-523986131536->omNode-1-GrpcLogAppender: send omNode-2->omNode-1#0-t8,notify:(t:3, i:11)
2021-11-02 20:13:14,936 [grpc-default-executor-11] WARN  server.GrpcLogAppender (LogUtils.java:warn(122)) - omNode-2@group-523986131536->omNode-1-AppendLogResponseHandler: Failed appendEntries: org.apache.ratis.thirdparty.io.grpc.StatusRuntimeException: UNAVAILABLE: io exception
2021-11-02 20:13:14,936 [grpc-default-executor-11] WARN  server.GrpcLogAppender (GrpcLogAppender.java:resetClient(110)) - omNode-2@group-523986131536->omNode-1-GrpcLogAppender: Leader has not got in touch with Follower omNode-2@group-523986131536->omNode-1(c-1,m0,n0, attendVote=false, lastRpcSendTime=0, lastRpcResponseTime=1338) yet, just keep nextIndex unchanged and retry.
2021-11-02 20:13:14,937 [grpc-default-executor-12] WARN  server.GrpcLogAppender (LogUtils.java:warn(122)) - omNode-2@group-523986131536->omNode-1-InstallSnapshotResponseHandler: Failed InstallSnapshot: org.apache.ratis.thirdparty.io.grpc.StatusRuntimeException: UNAVAILABLE: io exception
2021-11-02 20:13:14,937 [grpc-default-executor-12] WARN  server.GrpcLogAppender (GrpcLogAppender.java:resetClient(110)) - omNode-2@group-523986131536->omNode-1-GrpcLogAppender: Leader has not got in touch with Follower omNode-2@group-523986131536->omNode-1(c-1,m0,n0, attendVote=false, lastRpcSendTime=0, lastRpcResponseTime=1338) yet, just keep nextIndex unchanged and retry.
2021-11-02 20:13:14,937 [grpc-default-executor-12] WARN  server.GrpcLogAppender (LogUtils.java:warn(122)) - omNode-2@group-523986131536->omNode-1-AppendLogResponseHandler: Failed appendEntries: org.apache.ratis.thirdparty.io.grpc.StatusRuntimeException: UNAVAILABLE: io exception
2021-11-02 20:13:14,937 [grpc-default-executor-13] WARN  server.GrpcLogAppender (LogUtils.java:warn(122)) - omNode-2@group-523986131536->omNode-1-AppendLogResponseHandler: Failed appendEntries: org.apache.ratis.thirdparty.io.grpc.StatusRuntimeException: UNAVAILABLE: io exception
2021-11-02 20:13:14,937 [grpc-default-executor-12] WARN  server.GrpcLogAppender (GrpcLogAppender.java:resetClient(110)) - omNode-2@group-523986131536->omNode-1-GrpcLogAppender: Leader has not got in touch with Follower omNode-2@group-523986131536->omNode-1(c-1,m0,n0, attendVote=false, lastRpcSendTime=0, lastRpcResponseTime=1338) yet, just keep nextIndex unchanged and retry.
2021-11-02 20:13:14,937 [omNode-2@group-523986131536->omNode-1-GrpcLogAppender-LogAppenderDaemon] INFO  server.GrpcLogAppender (GrpcLogAppender.java:installSnapshot(550)) - omNode-2@group-523986131536->omNode-1-GrpcLogAppender: followerNextIndex = 0 but logStartIndex = 11, notify follower to install snapshot-(t:3, i:11)
2021-11-02 20:13:14,937 [omNode-2@group-523986131536->omNode-1-GrpcLogAppender-LogAppenderDaemon] INFO  server.GrpcLogAppender (GrpcLogAppender.java:installSnapshot(558)) - omNode-2@group-523986131536->omNode-1-GrpcLogAppender: send omNode-2->omNode-1#0-t8,notify:(t:3, i:11)
2021-11-02 20:13:14,937 [grpc-default-executor-13] WARN  server.GrpcLogAppender (GrpcLogAppender.java:resetClient(110)) - omNode-2@group-523986131536->omNode-1-GrpcLogAppender: Leader has not got in touch with Follower omNode-2@group-523986131536->omNode-1(c-1,m0,n0, attendVote=false, lastRpcSendTime=0, lastRpcResponseTime=1339) yet, just keep nextIndex unchanged and retry.
2021-11-02 20:13:14,937 [grpc-default-executor-12] WARN  server.GrpcLogAppender (LogUtils.java:warn(122)) - omNode-2@group-523986131536->omNode-1-InstallSnapshotResponseHandler: Failed InstallSnapshot: org.apache.ratis.thirdparty.io.grpc.StatusRuntimeException: UNAVAILABLE: io exception
2021-11-02 20:13:14,937 [grpc-default-executor-12] WARN  server.GrpcLogAppender (GrpcLogAppender.java:resetClient(110)) - omNode-2@group-523986131536->omNode-1-GrpcLogAppender: Leader has not got in touch with Follower omNode-2@group-523986131536->omNode-1(c-1,m0,n0, attendVote=false, lastRpcSendTime=0, lastRpcResponseTime=1339) yet, just keep nextIndex unchanged and retry.
2021-11-02 20:13:14,937 [grpc-default-executor-12] WARN  server.GrpcLogAppender (LogUtils.java:warn(122)) - omNode-2@group-523986131536->omNode-1-AppendLogResponseHandler: Failed appendEntries: org.apache.ratis.thirdparty.io.grpc.StatusRuntimeException: UNAVAILABLE: io exception
2021-11-02 20:13:14,937 [grpc-default-executor-12] WARN  server.GrpcLogAppender (GrpcLogAppender.java:resetClient(110)) - omNode-2@group-523986131536->omNode-1-GrpcLogAppender: Leader has not got in touch with Follower omNode-2@group-523986131536->omNode-1(c-1,m0,n0, attendVote=false, lastRpcSendTime=0, lastRpcResponseTime=1339) yet, just keep nextIndex unchanged and retry.
2021-11-02 20:13:14,937 [omNode-2@group-523986131536->omNode-1-GrpcLogAppender-LogAppenderDaemon] INFO  server.GrpcLogAppender (GrpcLogAppender.java:installSnapshot(550)) - omNode-2@group-523986131536->omNode-1-GrpcLogAppender: followerNextIndex = 0 but logStartIndex = 11, notify follower to install snapshot-(t:3, i:11)
2021-11-02 20:13:14,938 [omNode-2@group-523986131536->omNode-1-GrpcLogAppender-LogAppenderDaemon] INFO  server.GrpcLogAppender (GrpcLogAppender.java:installSnapshot(558)) - omNode-2@group-523986131536->omNode-1-GrpcLogAppender: send omNode-2->omNode-1#0-t8,notify:(t:3, i:11)
2021-11-02 20:13:14,938 [grpc-default-executor-12] WARN  server.GrpcLogAppender (LogUtils.java:warn(122)) - omNode-2@group-523986131536->omNode-1-InstallSnapshotResponseHandler: Failed InstallSnapshot: org.apache.ratis.thirdparty.io.grpc.StatusRuntimeException: UNAVAILABLE: io exception
2021-11-02 20:13:14,938 [grpc-default-executor-12] WARN  server.GrpcLogAppender (GrpcLogAppender.java:resetClient(110)) - omNode-2@group-523986131536->omNode-1-GrpcLogAppender: Leader has not got in touch with Follower omNode-2@group-523986131536->omNode-1(c-1,m0,n0, attendVote=false, lastRpcSendTime=0, lastRpcResponseTime=1339) yet, just keep nextIndex unchanged and retry.
2021-11-02 20:13:14,938 [grpc-default-executor-12] WARN  server.GrpcLogAppender (LogUtils.java:warn(122)) - omNode-2@group-523986131536->omNode-1-AppendLogResponseHandler: Failed appendEntries: org.apache.ratis.thirdparty.io.grpc.StatusRuntimeException: UNAVAILABLE: io exception
2021-11-02 20:13:14,938 [grpc-default-executor-12] WARN  server.GrpcLogAppender (GrpcLogAppender.java:resetClient(110)) - omNode-2@group-523986131536->omNode-1-GrpcLogAppender: Leader has not got in touch with Follower omNode-2@group-523986131536->omNode-1(c-1,m0,n0, attendVote=false, lastRpcSendTime=0, lastRpcResponseTime=1340) yet, just keep nextIndex unchanged and retry.
2021-11-02 20:13:14,938 [omNode-2@group-523986131536->omNode-1-GrpcLogAppender-LogAppenderDaemon] INFO  server.GrpcLogAppender (GrpcLogAppender.java:installSnapshot(550)) - omNode-2@group-523986131536->omNode-1-GrpcLogAppender: followerNextIndex = 0 but logStartIndex = 11, notify follower to install snapshot-(t:3, i:11)
2021-11-02 20:13:14,938 [omNode-2@group-523986131536->omNode-1-GrpcLogAppender-LogAppenderDaemon] INFO  server.GrpcLogAppender (GrpcLogAppender.java:installSnapshot(558)) - omNode-2@group-523986131536->omNode-1-GrpcLogAppender: send omNode-2->omNode-1#0-t8,notify:(t:3, i:11)
2021-11-02 20:13:14,938 [grpc-default-executor-12] WARN  server.GrpcLogAppender (LogUtils.java:warn(122)) - omNode-2@group-523986131536->omNode-1-InstallSnapshotResponseHandler: Failed InstallSnapshot: org.apache.ratis.thirdparty.io.grpc.StatusRuntimeException: UNAVAILABLE: io exception
2021-11-02 20:13:14,938 [grpc-default-executor-12] WARN  server.GrpcLogAppender (GrpcLogAppender.java:resetClient(110)) - omNode-2@group-523986131536->omNode-1-GrpcLogAppender: Leader has not got in touch with Follower omNode-2@group-523986131536->omNode-1(c-1,m0,n0, attendVote=false, lastRpcSendTime=0, lastRpcResponseTime=1340) yet, just keep nextIndex unchanged and retry.
2021-11-02 20:13:14,938 [grpc-default-executor-12] WARN  server.GrpcLogAppender (LogUtils.java:warn(122)) - omNode-2@group-523986131536->omNode-1-AppendLogResponseHandler: Failed appendEntries: org.apache.ratis.thirdparty.io.grpc.StatusRuntimeException: UNAVAILABLE: io exception
2021-11-02 20:13:14,938 [grpc-default-executor-12] WARN  server.GrpcLogAppender (GrpcLogAppender.java:resetClient(110)) - omNode-2@group-523986131536->omNode-1-GrpcLogAppender: Leader has not got in touch with Follower omNode-2@group-523986131536->omNode-1(c-1,m0,n0, attendVote=false, lastRpcSendTime=0, lastRpcResponseTime=1340) yet, just keep nextIndex unchanged and retry.
2021-11-02 20:13:14,938 [omNode-2@group-523986131536->omNode-1-GrpcLogAppender-LogAppenderDaemon] INFO  server.GrpcLogAppender (GrpcLogAppender.java:installSnapshot(550)) - omNode-2@group-523986131536->omNode-1-GrpcLogAppender: followerNextIndex = 0 but logStartIndex = 11, notify follower to install snapshot-(t:3, i:11)
2021-11-02 20:13:14,938 [omNode-2@group-523986131536->omNode-1-GrpcLogAppender-LogAppenderDaemon] INFO  server.GrpcLogAppender (GrpcLogAppender.java:installSnapshot(558)) - omNode-2@group-523986131536->omNode-1-GrpcLogAppender: send omNode-2->omNode-1#0-t8,notify:(t:3, i:11)
2021-11-02 20:13:14,939 [grpc-default-executor-12] WARN  server.GrpcLogAppender (LogUtils.java:warn(122)) - omNode-2@group-523986131536->omNode-1-InstallSnapshotResponseHandler: Failed InstallSnapshot: org.apache.ratis.thirdparty.io.grpc.StatusRuntimeException: UNAVAILABLE: io exception
2021-11-02 20:13:14,939 [grpc-default-executor-12] WARN  server.GrpcLogAppender (GrpcLogAppender.java:resetClient(110)) - omNode-2@group-523986131536->omNode-1-GrpcLogAppender: Leader has not got in touch with Follower omNode-2@group-523986131536->omNode-1(c-1,m0,n0, attendVote=false, lastRpcSendTime=0, lastRpcResponseTime=1340) yet, just keep nextIndex unchanged and retry.
2021-11-02 20:13:14,939 [grpc-default-executor-12] WARN  server.GrpcLogAppender (LogUtils.java:warn(122)) - omNode-2@group-523986131536->omNode-1-AppendLogResponseHandler: Failed appendEntries: org.apache.ratis.thirdparty.io.grpc.StatusRuntimeException: UNAVAILABLE: io exception
2021-11-02 20:13:14,939 [grpc-default-executor-12] WARN  server.GrpcLogAppender (GrpcLogAppender.java:resetClient(110)) - omNode-2@group-523986131536->omNode-1-GrpcLogAppender: Leader has not got in touch with Follower omNode-2@group-523986131536->omNode-1(c-1,m0,n0, attendVote=false, lastRpcSendTime=0, lastRpcResponseTime=1340) yet, just keep nextIndex unchanged and retry.
2021-11-02 20:13:14,939 [omNode-2@group-523986131536->omNode-1-GrpcLogAppender-LogAppenderDaemon] INFO  server.GrpcLogAppender (GrpcLogAppender.java:installSnapshot(550)) - omNode-2@group-523986131536->omNode-1-GrpcLogAppender: followerNextIndex = 0 but logStartIndex = 11, notify follower to install snapshot-(t:3, i:11)
2021-11-02 20:13:14,939 [omNode-2@group-523986131536->omNode-1-GrpcLogAppender-LogAppenderDaemon] INFO  server.GrpcLogAppender (GrpcLogAppender.java:installSnapshot(558)) - omNode-2@group-523986131536->omNode-1-GrpcLogAppender: send omNode-2->omNode-1#0-t8,notify:(t:3, i:11)
2021-11-02 20:13:14,939 [grpc-default-executor-12] WARN  server.GrpcLogAppender (LogUtils.java:warn(122)) - omNode-2@group-523986131536->omNode-1-InstallSnapshotResponseHandler: Failed InstallSnapshot: org.apache.ratis.thirdparty.io.grpc.StatusRuntimeException: UNAVAILABLE: io exception
2021-11-02 20:13:14,939 [grpc-default-executor-12] WARN  server.GrpcLogAppender (GrpcLogAppender.java:resetClient(110)) - omNode-2@group-523986131536->omNode-1-GrpcLogAppender: Leader has not got in touch with Follower omNode-2@group-523986131536->omNode-1(c-1,m0,n0, attendVote=false, lastRpcSendTime=0, lastRpcResponseTime=1341) yet, just keep nextIndex unchanged and retry.
2021-11-02 20:13:14,939 [grpc-default-executor-12] WARN  server.GrpcLogAppender (LogUtils.java:warn(122)) - omNode-2@group-523986131536->omNode-1-AppendLogResponseHandler: Failed appendEntries: org.apache.ratis.thirdparty.io.grpc.StatusRuntimeException: UNAVAILABLE: io exception
2021-11-02 20:13:14,939 [grpc-default-executor-12] WARN  server.GrpcLogAppender (GrpcLogAppender.java:resetClient(110)) - omNode-2@group-523986131536->omNode-1-GrpcLogAppender: Leader has not got in touch with Follower omNode-2@group-523986131536->omNode-1(c-1,m0,n0, attendVote=false, lastRpcSendTime=0, lastRpcResponseTime=1341) yet, just keep nextIndex unchanged and retry.
2021-11-02 20:13:14,939 [omNode-2@group-523986131536->omNode-1-GrpcLogAppender-LogAppenderDaemon] INFO  server.GrpcLogAppender (GrpcLogAppender.java:installSnapshot(550)) - omNode-2@group-523986131536->omNode-1-GrpcLogAppender: followerNextIndex = 0 but logStartIndex = 11, notify follower to install snapshot-(t:3, i:11)
2021-11-02 20:13:14,939 [omNode-2@group-523986131536->omNode-1-GrpcLogAppender-LogAppenderDaemon] INFO  server.GrpcLogAppender (GrpcLogAppender.java:installSnapshot(558)) - omNode-2@group-523986131536->omNode-1-GrpcLogAppender: send omNode-2->omNode-1#0-t8,notify:(t:3, i:11)
2021-11-02 20:13:14,940 [grpc-default-executor-12] WARN  server.GrpcLogAppender (LogUtils.java:warn(122)) - omNode-2@group-523986131536->omNode-1-InstallSnapshotResponseHandler: Failed InstallSnapshot: org.apache.ratis.thirdparty.io.grpc.StatusRuntimeException: UNAVAILABLE: io exception
2021-11-02 20:13:14,940 [grpc-default-executor-12] WARN  server.GrpcLogAppender (GrpcLogAppender.java:resetClient(110)) - omNode-2@group-523986131536->omNode-1-GrpcLogAppender: Leader has not got in touch with Follower omNode-2@group-523986131536->omNode-1(c-1,m0,n0, attendVote=false, lastRpcSendTime=0, lastRpcResponseTime=1341) yet, just keep nextIndex unchanged and retry.
2021-11-02 20:13:14,940 [grpc-default-executor-12] WARN  server.GrpcLogAppender (LogUtils.java:warn(122)) - omNode-2@group-523986131536->omNode-1-AppendLogResponseHandler: Failed appendEntries: org.apache.ratis.thirdparty.io.grpc.StatusRuntimeException: UNAVAILABLE: io exception
2021-11-02 20:13:14,940 [grpc-default-executor-12] WARN  server.GrpcLogAppender (GrpcLogAppender.java:resetClient(110)) - omNode-2@group-523986131536->omNode-1-GrpcLogAppender: Leader has not got in touch with Follower omNode-2@group-523986131536->omNode-1(c-1,m0,n0, attendVote=false, lastRpcSendTime=0, lastRpcResponseTime=1341) yet, just keep nextIndex unchanged and retry.
2021-11-02 20:13:14,940 [omNode-2@group-523986131536->omNode-1-GrpcLogAppender-LogAppenderDaemon] INFO  server.GrpcLogAppender (GrpcLogAppender.java:installSnapshot(550)) - omNode-2@group-523986131536->omNode-1-GrpcLogAppender: followerNextIndex = 0 but logStartIndex = 11, notify follower to install snapshot-(t:3, i:11)
2021-11-02 20:13:14,940 [omNode-2@group-523986131536->omNode-1-GrpcLogAppender-LogAppenderDaemon] INFO  server.GrpcLogAppender (GrpcLogAppender.java:installSnapshot(558)) - omNode-2@group-523986131536->omNode-1-GrpcLogAppender: send omNode-2->omNode-1#0-t8,notify:(t:3, i:11)
2021-11-02 20:13:14,940 [grpc-default-executor-12] WARN  server.GrpcLogAppender (LogUtils.java:warn(122)) - omNode-2@group-523986131536->omNode-1-InstallSnapshotResponseHandler: Failed InstallSnapshot: org.apache.ratis.thirdparty.io.grpc.StatusRuntimeException: UNAVAILABLE: io exception
2021-11-02 20:13:14,940 [grpc-default-executor-12] WARN  server.GrpcLogAppender (GrpcLogAppender.java:resetClient(110)) - omNode-2@group-523986131536->omNode-1-GrpcLogAppender: Leader has not got in touch with Follower omNode-2@group-523986131536->omNode-1(c-1,m0,n0, attendVote=false, lastRpcSendTime=0, lastRpcResponseTime=1342) yet, just keep nextIndex unchanged and retry.
2021-11-02 20:13:14,940 [grpc-default-executor-12] WARN  server.GrpcLogAppender (LogUtils.java:warn(122)) - omNode-2@group-523986131536->omNode-1-AppendLogResponseHandler: Failed appendEntries: org.apache.ratis.thirdparty.io.grpc.StatusRuntimeException: UNAVAILABLE: io exception
2021-11-02 20:13:14,940 [grpc-default-executor-12] WARN  server.GrpcLogAppender (GrpcLogAppender.java:resetClient(110)) - omNode-2@group-523986131536->omNode-1-GrpcLogAppender: Leader has not got in touch with Follower omNode-2@group-523986131536->omNode-1(c-1,m0,n0, attendVote=false, lastRpcSendTime=0, lastRpcResponseTime=1342) yet, just keep nextIndex unchanged and retry.
2021-11-02 20:13:14,940 [omNode-2@group-523986131536->omNode-1-GrpcLogAppender-LogAppenderDaemon] INFO  server.GrpcLogAppender (GrpcLogAppender.java:installSnapshot(550)) - omNode-2@group-523986131536->omNode-1-GrpcLogAppender: followerNextIndex = 0 but logStartIndex = 11, notify follower to install snapshot-(t:3, i:11)
2021-11-02 20:13:14,941 [omNode-2@group-523986131536->omNode-1-GrpcLogAppender-LogAppenderDaemon] INFO  server.GrpcLogAppender (GrpcLogAppender.java:installSnapshot(558)) - omNode-2@group-523986131536->omNode-1-GrpcLogAppender: send omNode-2->omNode-1#0-t8,notify:(t:3, i:11)
2021-11-02 20:13:14,941 [grpc-default-executor-12] WARN  server.GrpcLogAppender (LogUtils.java:warn(122)) - omNode-2@group-523986131536->omNode-1-InstallSnapshotResponseHandler: Failed InstallSnapshot: org.apache.ratis.thirdparty.io.grpc.StatusRuntimeException: UNAVAILABLE: io exception
2021-11-02 20:13:14,941 [grpc-default-executor-12] WARN  server.GrpcLogAppender (GrpcLogAppender.java:resetClient(110)) - omNode-2@group-523986131536->omNode-1-GrpcLogAppender: Leader has not got in touch with Follower omNode-2@group-523986131536->omNode-1(c-1,m0,n0, attendVote=false, lastRpcSendTime=0, lastRpcResponseTime=1342) yet, just keep nextIndex unchanged and retry.
2021-11-02 20:13:14,941 [grpc-default-executor-12] WARN  server.GrpcLogAppender (LogUtils.java:warn(122)) - omNode-2@group-523986131536->omNode-1-AppendLogResponseHandler: Failed appendEntries: org.apache.ratis.thirdparty.io.grpc.StatusRuntimeException: UNAVAILABLE: io exception
2021-11-02 20:13:14,941 [grpc-default-executor-12] WARN  server.GrpcLogAppender (GrpcLogAppender.java:resetClient(110)) - omNode-2@group-523986131536->omNode-1-GrpcLogAppender: Leader has not got in touch with Follower omNode-2@group-523986131536->omNode-1(c-1,m0,n0, attendVote=false, lastRpcSendTime=0, lastRpcResponseTime=1343) yet, just keep nextIndex unchanged and retry.
2021-11-02 20:13:14,941 [omNode-2@group-523986131536->omNode-1-GrpcLogAppender-LogAppenderDaemon] INFO  server.GrpcLogAppender (GrpcLogAppender.java:installSnapshot(550)) - omNode-2@group-523986131536->omNode-1-GrpcLogAppender: followerNextIndex = 0 but logStartIndex = 11, notify follower to install snapshot-(t:3, i:11)
2021-11-02 20:13:14,941 [omNode-2@group-523986131536->omNode-1-GrpcLogAppender-LogAppenderDaemon] INFO  server.GrpcLogAppender (GrpcLogAppender.java:installSnapshot(558)) - omNode-2@group-523986131536->omNode-1-GrpcLogAppender: send omNode-2->omNode-1#0-t8,notify:(t:3, i:11)
2021-11-02 20:13:14,941 [grpc-default-executor-12] WARN  server.GrpcLogAppender (LogUtils.java:warn(122)) - omNode-2@group-523986131536->omNode-1-InstallSnapshotResponseHandler: Failed InstallSnapshot: org.apache.ratis.thirdparty.io.grpc.StatusRuntimeException: UNAVAILABLE: io exception
2021-11-02 20:13:14,941 [grpc-default-executor-12] WARN  server.GrpcLogAppender (GrpcLogAppender.java:resetClient(110)) - omNode-2@group-523986131536->omNode-1-GrpcLogAppender: Leader has not got in touch with Follower omNode-2@group-523986131536->omNode-1(c-1,m0,n0, attendVote=false, lastRpcSendTime=0, lastRpcResponseTime=1343) yet, just keep nextIndex unchanged and retry.
2021-11-02 20:13:14,941 [grpc-default-executor-12] WARN  server.GrpcLogAppender (LogUtils.java:warn(122)) - omNode-2@group-523986131536->omNode-1-AppendLogResponseHandler: Failed appendEntries: org.apache.ratis.thirdparty.io.grpc.StatusRuntimeException: UNAVAILABLE: io exception
2021-11-02 20:13:14,941 [grpc-default-executor-12] WARN  server.GrpcLogAppender (GrpcLogAppender.java:resetClient(110)) - omNode-2@group-523986131536->omNode-1-GrpcLogAppender: Leader has not got in touch with Follower omNode-2@group-523986131536->omNode-1(c-1,m0,n0, attendVote=false, lastRpcSendTime=0, lastRpcResponseTime=1343) yet, just keep nextIndex unchanged and retry.
2021-11-02 20:13:14,943 [omNode-2@group-523986131536->omNode-1-GrpcLogAppender-LogAppenderDaemon] INFO  server.GrpcLogAppender (GrpcLogAppender.java:installSnapshot(550)) - omNode-2@group-523986131536->omNode-1-GrpcLogAppender: followerNextIndex = 0 but logStartIndex = 11, notify follower to install snapshot-(t:3, i:11)
2021-11-02 20:13:14,943 [omNode-2@group-523986131536->omNode-1-GrpcLogAppender-LogAppenderDaemon] INFO  server.GrpcLogAppender (GrpcLogAppender.java:installSnapshot(558)) - omNode-2@group-523986131536->omNode-1-GrpcLogAppender: send omNode-2->omNode-1#0-t8,notify:(t:3, i:11)
2021-11-02 20:13:14,943 [grpc-default-executor-12] WARN  server.GrpcLogAppender (LogUtils.java:warn(122)) - omNode-2@group-523986131536->omNode-1-InstallSnapshotResponseHandler: Failed InstallSnapshot: org.apache.ratis.thirdparty.io.grpc.StatusRuntimeException: UNAVAILABLE: io exception
2021-11-02 20:13:14,943 [grpc-default-executor-12] WARN  server.GrpcLogAppender (GrpcLogAppender.java:resetClient(110)) - omNode-2@group-523986131536->omNode-1-GrpcLogAppender: Leader has not got in touch with Follower omNode-2@group-523986131536->omNode-1(c-1,m0,n0, attendVote=false, lastRpcSendTime=0, lastRpcResponseTime=1345) yet, just keep nextIndex unchanged and retry.
2021-11-02 20:13:14,944 [omNode-2@group-523986131536->omNode-1-GrpcLogAppender-LogAppenderDaemon] INFO  server.GrpcLogAppender (GrpcLogAppender.java:installSnapshot(550)) - omNode-2@group-523986131536->omNode-1-GrpcLogAppender: followerNextIndex = 0 but logStartIndex = 11, notify follower to install snapshot-(t:3, i:11)
2021-11-02 20:13:14,944 [omNode-2@group-523986131536->omNode-1-GrpcLogAppender-LogAppenderDaemon] INFO  server.GrpcLogAppender (GrpcLogAppender.java:installSnapshot(558)) - omNode-2@group-523986131536->omNode-1-GrpcLogAppender: send omNode-2->omNode-1#0-t8,notify:(t:3, i:11)
2021-11-02 20:13:14,944 [grpc-default-executor-13] WARN  server.GrpcLogAppender (LogUtils.java:warn(122)) - omNode-2@group-523986131536->omNode-1-AppendLogResponseHandler: Failed appendEntries: org.apache.ratis.thirdparty.io.grpc.StatusRuntimeException: UNAVAILABLE: io exception
2021-11-02 20:13:14,944 [grpc-default-executor-13] WARN  server.GrpcLogAppender (GrpcLogAppender.java:resetClient(110)) - omNode-2@group-523986131536->omNode-1-GrpcLogAppender: Leader has not got in touch with Follower omNode-2@group-523986131536->omNode-1(c-1,m0,n0, attendVote=false, lastRpcSendTime=0, lastRpcResponseTime=1346) yet, just keep nextIndex unchanged and retry.
2021-11-02 20:13:14,945 [grpc-default-executor-12] WARN  server.GrpcLogAppender (LogUtils.java:warn(122)) - omNode-2@group-523986131536->omNode-1-InstallSnapshotResponseHandler: Failed InstallSnapshot: org.apache.ratis.thirdparty.io.grpc.StatusRuntimeException: UNAVAILABLE: io exception
2021-11-02 20:13:14,945 [grpc-default-executor-12] WARN  server.GrpcLogAppender (GrpcLogAppender.java:resetClient(110)) - omNode-2@group-523986131536->omNode-1-GrpcLogAppender: Leader has not got in touch with Follower omNode-2@group-523986131536->omNode-1(c-1,m0,n0, attendVote=false, lastRpcSendTime=0, lastRpcResponseTime=1346) yet, just keep nextIndex unchanged and retry.
2021-11-02 20:13:14,946 [grpc-default-executor-12] WARN  server.GrpcLogAppender (LogUtils.java:warn(122)) - omNode-2@group-523986131536->omNode-1-AppendLogResponseHandler: Failed appendEntries: org.apache.ratis.thirdparty.io.grpc.StatusRuntimeException: UNAVAILABLE: io exception
2021-11-02 20:13:14,946 [grpc-default-executor-12] WARN  server.GrpcLogAppender (GrpcLogAppender.java:resetClient(110)) - omNode-2@group-523986131536->omNode-1-GrpcLogAppender: Leader has not got in touch with Follower omNode-2@group-523986131536->omNode-1(c-1,m0,n0, attendVote=false, lastRpcSendTime=2, lastRpcResponseTime=1348) yet, just keep nextIndex unchanged and retry.
2021-11-02 20:13:14,947 [omNode-2@group-523986131536->omNode-1-GrpcLogAppender-LogAppenderDaemon] INFO  server.GrpcLogAppender (GrpcLogAppender.java:installSnapshot(550)) - omNode-2@group-523986131536->omNode-1-GrpcLogAppender: followerNextIndex = 0 but logStartIndex = 11, notify follower to install snapshot-(t:3, i:11)
2021-11-02 20:13:14,947 [omNode-2@group-523986131536->omNode-1-GrpcLogAppender-LogAppenderDaemon] INFO  server.GrpcLogAppender (GrpcLogAppender.java:installSnapshot(558)) - omNode-2@group-523986131536->omNode-1-GrpcLogAppender: send omNode-2->omNode-1#0-t8,notify:(t:3, i:11)
2021-11-02 20:13:14,947 [grpc-default-executor-13] WARN  server.GrpcLogAppender (LogUtils.java:warn(122)) - omNode-2@group-523986131536->omNode-1-InstallSnapshotResponseHandler: Failed InstallSnapshot: org.apache.ratis.thirdparty.io.grpc.StatusRuntimeException: UNAVAILABLE: io exception
2021-11-02 20:13:14,948 [grpc-default-executor-13] WARN  server.GrpcLogAppender (GrpcLogAppender.java:resetClient(110)) - omNode-2@group-523986131536->omNode-1-GrpcLogAppender: Leader has not got in touch with Follower omNode-2@group-523986131536->omNode-1(c-1,m0,n0, attendVote=false, lastRpcSendTime=0, lastRpcResponseTime=1349) yet, just keep nextIndex unchanged and retry.
2021-11-02 20:13:14,948 [grpc-default-executor-13] WARN  server.GrpcLogAppender (LogUtils.java:warn(122)) - omNode-2@group-523986131536->omNode-1-AppendLogResponseHandler: Failed appendEntries: org.apache.ratis.thirdparty.io.grpc.StatusRuntimeException: UNAVAILABLE: io exception
2021-11-02 20:13:14,948 [grpc-default-executor-13] WARN  server.GrpcLogAppender (GrpcLogAppender.java:resetClient(110)) - omNode-2@group-523986131536->omNode-1-GrpcLogAppender: Leader has not got in touch with Follower omNode-2@group-523986131536->omNode-1(c-1,m0,n0, attendVote=false, lastRpcSendTime=0, lastRpcResponseTime=1349) yet, just keep nextIndex unchanged and retry.
2021-11-02 20:13:14,948 [omNode-2@group-523986131536->omNode-1-GrpcLogAppender-LogAppenderDaemon] INFO  server.GrpcLogAppender (GrpcLogAppender.java:installSnapshot(550)) - omNode-2@group-523986131536->omNode-1-GrpcLogAppender: followerNextIndex = 0 but logStartIndex = 11, notify follower to install snapshot-(t:3, i:11)
2021-11-02 20:13:14,948 [omNode-2@group-523986131536->omNode-1-GrpcLogAppender-LogAppenderDaemon] INFO  server.GrpcLogAppender (GrpcLogAppender.java:installSnapshot(558)) - omNode-2@group-523986131536->omNode-1-GrpcLogAppender: send omNode-2->omNode-1#0-t8,notify:(t:3, i:11)
2021-11-02 20:13:14,948 [grpc-default-executor-13] WARN  server.GrpcLogAppender (LogUtils.java:warn(122)) - omNode-2@group-523986131536->omNode-1-InstallSnapshotResponseHandler: Failed InstallSnapshot: org.apache.ratis.thirdparty.io.grpc.StatusRuntimeException: UNAVAILABLE: io exception
2021-11-02 20:13:14,948 [grpc-default-executor-13] WARN  server.GrpcLogAppender (GrpcLogAppender.java:resetClient(110)) - omNode-2@group-523986131536->omNode-1-GrpcLogAppender: Leader has not got in touch with Follower omNode-2@group-523986131536->omNode-1(c-1,m0,n0, attendVote=false, lastRpcSendTime=0, lastRpcResponseTime=1350) yet, just keep nextIndex unchanged and retry.
2021-11-02 20:13:14,948 [grpc-default-executor-13] WARN  server.GrpcLogAppender (LogUtils.java:warn(122)) - omNode-2@group-523986131536->omNode-1-AppendLogResponseHandler: Failed appendEntries: org.apache.ratis.thirdparty.io.grpc.StatusRuntimeException: UNAVAILABLE: io exception
2021-11-02 20:13:14,948 [grpc-default-executor-13] WARN  server.GrpcLogAppender (GrpcLogAppender.java:resetClient(110)) - omNode-2@group-523986131536->omNode-1-GrpcLogAppender: Leader has not got in touch with Follower omNode-2@group-523986131536->omNode-1(c-1,m0,n0, attendVote=false, lastRpcSendTime=0, lastRpcResponseTime=1350) yet, just keep nextIndex unchanged and retry.
2021-11-02 20:13:14,948 [omNode-2@group-523986131536->omNode-1-GrpcLogAppender-LogAppenderDaemon] INFO  server.GrpcLogAppender (GrpcLogAppender.java:installSnapshot(550)) - omNode-2@group-523986131536->omNode-1-GrpcLogAppender: followerNextIndex = 0 but logStartIndex = 11, notify follower to install snapshot-(t:3, i:11)
2021-11-02 20:13:14,948 [omNode-2@group-523986131536->omNode-1-GrpcLogAppender-LogAppenderDaemon] INFO  server.GrpcLogAppender (GrpcLogAppender.java:installSnapshot(558)) - omNode-2@group-523986131536->omNode-1-GrpcLogAppender: send omNode-2->omNode-1#0-t8,notify:(t:3, i:11)
2021-11-02 20:13:14,949 [grpc-default-executor-13] WARN  server.GrpcLogAppender (LogUtils.java:warn(122)) - omNode-2@group-523986131536->omNode-1-InstallSnapshotResponseHandler: Failed InstallSnapshot: org.apache.ratis.thirdparty.io.grpc.StatusRuntimeException: UNAVAILABLE: io exception
2021-11-02 20:13:14,949 [grpc-default-executor-13] WARN  server.GrpcLogAppender (GrpcLogAppender.java:resetClient(110)) - omNode-2@group-523986131536->omNode-1-GrpcLogAppender: Leader has not got in touch with Follower omNode-2@group-523986131536->omNode-1(c-1,m0,n0, attendVote=false, lastRpcSendTime=0, lastRpcResponseTime=1350) yet, just keep nextIndex unchanged and retry.
2021-11-02 20:13:14,949 [grpc-default-executor-13] WARN  server.GrpcLogAppender (LogUtils.java:warn(122)) - omNode-2@group-523986131536->omNode-1-AppendLogResponseHandler: Failed appendEntries: org.apache.ratis.thirdparty.io.grpc.StatusRuntimeException: UNAVAILABLE: io exception
2021-11-02 20:13:14,949 [grpc-default-executor-13] WARN  server.GrpcLogAppender (GrpcLogAppender.java:resetClient(110)) - omNode-2@group-523986131536->omNode-1-GrpcLogAppender: Leader has not got in touch with Follower omNode-2@group-523986131536->omNode-1(c-1,m0,n0, attendVote=false, lastRpcSendTime=0, lastRpcResponseTime=1350) yet, just keep nextIndex unchanged and retry.
2021-11-02 20:13:14,949 [omNode-2@group-523986131536->omNode-1-GrpcLogAppender-LogAppenderDaemon] INFO  server.GrpcLogAppender (GrpcLogAppender.java:installSnapshot(550)) - omNode-2@group-523986131536->omNode-1-GrpcLogAppender: followerNextIndex = 0 but logStartIndex = 11, notify follower to install snapshot-(t:3, i:11)
2021-11-02 20:13:14,949 [omNode-2@group-523986131536->omNode-1-GrpcLogAppender-LogAppenderDaemon] INFO  server.GrpcLogAppender (GrpcLogAppender.java:installSnapshot(558)) - omNode-2@group-523986131536->omNode-1-GrpcLogAppender: send omNode-2->omNode-1#0-t8,notify:(t:3, i:11)
2021-11-02 20:13:14,949 [grpc-default-executor-13] WARN  server.GrpcLogAppender (LogUtils.java:warn(122)) - omNode-2@group-523986131536->omNode-1-InstallSnapshotResponseHandler: Failed InstallSnapshot: org.apache.ratis.thirdparty.io.grpc.StatusRuntimeException: UNAVAILABLE: io exception
2021-11-02 20:13:14,949 [grpc-default-executor-13] WARN  server.GrpcLogAppender (GrpcLogAppender.java:resetClient(110)) - omNode-2@group-523986131536->omNode-1-GrpcLogAppender: Leader has not got in touch with Follower omNode-2@group-523986131536->omNode-1(c-1,m0,n0, attendVote=false, lastRpcSendTime=0, lastRpcResponseTime=1351) yet, just keep nextIndex unchanged and retry.
2021-11-02 20:13:14,949 [grpc-default-executor-13] WARN  server.GrpcLogAppender (LogUtils.java:warn(122)) - omNode-2@group-523986131536->omNode-1-AppendLogResponseHandler: Failed appendEntries: org.apache.ratis.thirdparty.io.grpc.StatusRuntimeException: UNAVAILABLE: io exception
2021-11-02 20:13:14,949 [grpc-default-executor-13] WARN  server.GrpcLogAppender (GrpcLogAppender.java:resetClient(110)) - omNode-2@group-523986131536->omNode-1-GrpcLogAppender: Leader has not got in touch with Follower omNode-2@group-523986131536->omNode-1(c-1,m0,n0, attendVote=false, lastRpcSendTime=0, lastRpcResponseTime=1351) yet, just keep nextIndex unchanged and retry.
2021-11-02 20:13:14,949 [omNode-2@group-523986131536->omNode-1-GrpcLogAppender-LogAppenderDaemon] INFO  server.GrpcLogAppender (GrpcLogAppender.java:installSnapshot(550)) - omNode-2@group-523986131536->omNode-1-GrpcLogAppender: followerNextIndex = 0 but logStartIndex = 11, notify follower to install snapshot-(t:3, i:11)
2021-11-02 20:13:14,949 [omNode-2@group-523986131536->omNode-1-GrpcLogAppender-LogAppenderDaemon] INFO  server.GrpcLogAppender (GrpcLogAppender.java:installSnapshot(558)) - omNode-2@group-523986131536->omNode-1-GrpcLogAppender: send omNode-2->omNode-1#0-t8,notify:(t:3, i:11)
2021-11-02 20:13:14,949 [grpc-default-executor-13] WARN  server.GrpcLogAppender (LogUtils.java:warn(122)) - omNode-2@group-523986131536->omNode-1-InstallSnapshotResponseHandler: Failed InstallSnapshot: org.apache.ratis.thirdparty.io.grpc.StatusRuntimeException: UNAVAILABLE: io exception
2021-11-02 20:13:14,950 [grpc-default-executor-13] WARN  server.GrpcLogAppender (GrpcLogAppender.java:resetClient(110)) - omNode-2@group-523986131536->omNode-1-GrpcLogAppender: Leader has not got in touch with Follower omNode-2@group-523986131536->omNode-1(c-1,m0,n0, attendVote=false, lastRpcSendTime=0, lastRpcResponseTime=1351) yet, just keep nextIndex unchanged and retry.
2021-11-02 20:13:14,950 [grpc-default-executor-13] WARN  server.GrpcLogAppender (LogUtils.java:warn(122)) - omNode-2@group-523986131536->omNode-1-AppendLogResponseHandler: Failed appendEntries: org.apache.ratis.thirdparty.io.grpc.StatusRuntimeException: UNAVAILABLE: io exception
2021-11-02 20:13:14,950 [grpc-default-executor-13] WARN  server.GrpcLogAppender (GrpcLogAppender.java:resetClient(110)) - omNode-2@group-523986131536->omNode-1-GrpcLogAppender: Leader has not got in touch with Follower omNode-2@group-523986131536->omNode-1(c-1,m0,n0, attendVote=false, lastRpcSendTime=0, lastRpcResponseTime=1351) yet, just keep nextIndex unchanged and retry.
2021-11-02 20:13:14,950 [omNode-2@group-523986131536->omNode-1-GrpcLogAppender-LogAppenderDaemon] INFO  server.GrpcLogAppender (GrpcLogAppender.java:installSnapshot(550)) - omNode-2@group-523986131536->omNode-1-GrpcLogAppender: followerNextIndex = 0 but logStartIndex = 11, notify follower to install snapshot-(t:3, i:11)
2021-11-02 20:13:14,950 [omNode-2@group-523986131536->omNode-1-GrpcLogAppender-LogAppenderDaemon] INFO  server.GrpcLogAppender (GrpcLogAppender.java:installSnapshot(558)) - omNode-2@group-523986131536->omNode-1-GrpcLogAppender: send omNode-2->omNode-1#0-t8,notify:(t:3, i:11)
2021-11-02 20:13:14,950 [grpc-default-executor-13] WARN  server.GrpcLogAppender (LogUtils.java:warn(122)) - omNode-2@group-523986131536->omNode-1-InstallSnapshotResponseHandler: Failed InstallSnapshot: org.apache.ratis.thirdparty.io.grpc.StatusRuntimeException: UNAVAILABLE: io exception
2021-11-02 20:13:14,950 [grpc-default-executor-13] WARN  server.GrpcLogAppender (GrpcLogAppender.java:resetClient(110)) - omNode-2@group-523986131536->omNode-1-GrpcLogAppender: Leader has not got in touch with Follower omNode-2@group-523986131536->omNode-1(c-1,m0,n0, attendVote=false, lastRpcSendTime=0, lastRpcResponseTime=1352) yet, just keep nextIndex unchanged and retry.
2021-11-02 20:13:14,950 [grpc-default-executor-13] WARN  server.GrpcLogAppender (LogUtils.java:warn(122)) - omNode-2@group-523986131536->omNode-1-AppendLogResponseHandler: Failed appendEntries: org.apache.ratis.thirdparty.io.grpc.StatusRuntimeException: UNAVAILABLE: io exception
2021-11-02 20:13:14,950 [grpc-default-executor-13] WARN  server.GrpcLogAppender (GrpcLogAppender.java:resetClient(110)) - omNode-2@group-523986131536->omNode-1-GrpcLogAppender: Leader has not got in touch with Follower omNode-2@group-523986131536->omNode-1(c-1,m0,n0, attendVote=false, lastRpcSendTime=0, lastRpcResponseTime=1352) yet, just keep nextIndex unchanged and retry.
2021-11-02 20:13:14,950 [omNode-2@group-523986131536->omNode-1-GrpcLogAppender-LogAppenderDaemon] INFO  server.GrpcLogAppender (GrpcLogAppender.java:installSnapshot(550)) - omNode-2@group-523986131536->omNode-1-GrpcLogAppender: followerNextIndex = 0 but logStartIndex = 11, notify follower to install snapshot-(t:3, i:11)
2021-11-02 20:13:14,950 [omNode-2@group-523986131536->omNode-1-GrpcLogAppender-LogAppenderDaemon] INFO  server.GrpcLogAppender (GrpcLogAppender.java:installSnapshot(558)) - omNode-2@group-523986131536->omNode-1-GrpcLogAppender: send omNode-2->omNode-1#0-t8,notify:(t:3, i:11)
2021-11-02 20:13:14,950 [grpc-default-executor-13] WARN  server.GrpcLogAppender (LogUtils.java:warn(122)) - omNode-2@group-523986131536->omNode-1-InstallSnapshotResponseHandler: Failed InstallSnapshot: org.apache.ratis.thirdparty.io.grpc.StatusRuntimeException: UNAVAILABLE: io exception
2021-11-02 20:13:14,951 [grpc-default-executor-13] WARN  server.GrpcLogAppender (GrpcLogAppender.java:resetClient(110)) - omNode-2@group-523986131536->omNode-1-GrpcLogAppender: Leader has not got in touch with Follower omNode-2@group-523986131536->omNode-1(c-1,m0,n0, attendVote=false, lastRpcSendTime=0, lastRpcResponseTime=1352) yet, just keep nextIndex unchanged and retry.
2021-11-02 20:13:14,956 [grpc-default-executor-13] WARN  server.GrpcLogAppender (LogUtils.java:warn(122)) - omNode-2@group-523986131536->omNode-1-AppendLogResponseHandler: Failed appendEntries: org.apache.ratis.thirdparty.io.grpc.StatusRuntimeException: UNAVAILABLE: io exception
2021-11-02 20:13:14,956 [grpc-default-executor-13] WARN  server.GrpcLogAppender (GrpcLogAppender.java:resetClient(110)) - omNode-2@group-523986131536->omNode-1-GrpcLogAppender: Leader has not got in touch with Follower omNode-2@group-523986131536->omNode-1(c-1,m0,n0, attendVote=false, lastRpcSendTime=0, lastRpcResponseTime=1358) yet, just keep nextIndex unchanged and retry.
2021-11-02 20:13:14,957 [omNode-2@group-523986131536->omNode-1-GrpcLogAppender-LogAppenderDaemon] INFO  server.GrpcLogAppender (GrpcLogAppender.java:installSnapshot(550)) - omNode-2@group-523986131536->omNode-1-GrpcLogAppender: followerNextIndex = 0 but logStartIndex = 11, notify follower to install snapshot-(t:3, i:11)
2021-11-02 20:13:14,957 [omNode-2@group-523986131536->omNode-1-GrpcLogAppender-LogAppenderDaemon] INFO  server.GrpcLogAppender (GrpcLogAppender.java:installSnapshot(558)) - omNode-2@group-523986131536->omNode-1-GrpcLogAppender: send omNode-2->omNode-1#0-t8,notify:(t:3, i:11)
2021-11-02 20:13:14,958 [grpc-default-executor-12] WARN  server.GrpcLogAppender (LogUtils.java:warn(122)) - omNode-2@group-523986131536->omNode-1-InstallSnapshotResponseHandler: Failed InstallSnapshot: org.apache.ratis.thirdparty.io.grpc.StatusRuntimeException: UNAVAILABLE: io exception
2021-11-02 20:13:14,958 [grpc-default-executor-12] WARN  server.GrpcLogAppender (GrpcLogAppender.java:resetClient(110)) - omNode-2@group-523986131536->omNode-1-GrpcLogAppender: Leader has not got in touch with Follower omNode-2@group-523986131536->omNode-1(c-1,m0,n0, attendVote=false, lastRpcSendTime=0, lastRpcResponseTime=1359) yet, just keep nextIndex unchanged and retry.
2021-11-02 20:13:14,959 [grpc-default-executor-12] WARN  server.GrpcLogAppender (LogUtils.java:warn(122)) - omNode-2@group-523986131536->omNode-1-AppendLogResponseHandler: Failed appendEntries: org.apache.ratis.thirdparty.io.grpc.StatusRuntimeException: UNAVAILABLE: io exception
2021-11-02 20:13:14,959 [grpc-default-executor-12] WARN  server.GrpcLogAppender (GrpcLogAppender.java:resetClient(110)) - omNode-2@group-523986131536->omNode-1-GrpcLogAppender: Leader has not got in touch with Follower omNode-2@group-523986131536->omNode-1(c-1,m0,n0, attendVote=false, lastRpcSendTime=2, lastRpcResponseTime=1361) yet, just keep nextIndex unchanged and retry.
2021-11-02 20:13:14,960 [omNode-2@group-523986131536->omNode-1-GrpcLogAppender-LogAppenderDaemon] INFO  server.GrpcLogAppender (GrpcLogAppender.java:installSnapshot(550)) - omNode-2@group-523986131536->omNode-1-GrpcLogAppender: followerNextIndex = 0 but logStartIndex = 11, notify follower to install snapshot-(t:3, i:11)
2021-11-02 20:13:14,960 [omNode-2@group-523986131536->omNode-1-GrpcLogAppender-LogAppenderDaemon] INFO  server.GrpcLogAppender (GrpcLogAppender.java:installSnapshot(558)) - omNode-2@group-523986131536->omNode-1-GrpcLogAppender: send omNode-2->omNode-1#0-t8,notify:(t:3, i:11)
2021-11-02 20:13:14,961 [grpc-default-executor-13] WARN  server.GrpcLogAppender (LogUtils.java:warn(122)) - omNode-2@group-523986131536->omNode-1-InstallSnapshotResponseHandler: Failed InstallSnapshot: org.apache.ratis.thirdparty.io.grpc.StatusRuntimeException: UNAVAILABLE: io exception
2021-11-02 20:13:14,961 [grpc-default-executor-13] WARN  server.GrpcLogAppender (GrpcLogAppender.java:resetClient(110)) - omNode-2@group-523986131536->omNode-1-GrpcLogAppender: Leader has not got in touch with Follower omNode-2@group-523986131536->omNode-1(c-1,m0,n0, attendVote=false, lastRpcSendTime=0, lastRpcResponseTime=1362) yet, just keep nextIndex unchanged and retry.
2021-11-02 20:13:14,961 [grpc-default-executor-13] WARN  server.GrpcLogAppender (LogUtils.java:warn(122)) - omNode-2@group-523986131536->omNode-1-AppendLogResponseHandler: Failed appendEntries: org.apache.ratis.thirdparty.io.grpc.StatusRuntimeException: UNAVAILABLE: io exception
2021-11-02 20:13:14,961 [grpc-default-executor-13] WARN  server.GrpcLogAppender (GrpcLogAppender.java:resetClient(110)) - omNode-2@group-523986131536->omNode-1-GrpcLogAppender: Leader has not got in touch with Follower omNode-2@group-523986131536->omNode-1(c-1,m0,n0, attendVote=false, lastRpcSendTime=0, lastRpcResponseTime=1363) yet, just keep nextIndex unchanged and retry.
2021-11-02 20:13:14,961 [omNode-2@group-523986131536->omNode-1-GrpcLogAppender-LogAppenderDaemon] INFO  server.GrpcLogAppender (GrpcLogAppender.java:installSnapshot(550)) - omNode-2@group-523986131536->omNode-1-GrpcLogAppender: followerNextIndex = 0 but logStartIndex = 11, notify follower to install snapshot-(t:3, i:11)
2021-11-02 20:13:14,961 [omNode-2@group-523986131536->omNode-1-GrpcLogAppender-LogAppenderDaemon] INFO  server.GrpcLogAppender (GrpcLogAppender.java:installSnapshot(558)) - omNode-2@group-523986131536->omNode-1-GrpcLogAppender: send omNode-2->omNode-1#0-t8,notify:(t:3, i:11)
2021-11-02 20:13:14,961 [grpc-default-executor-13] WARN  server.GrpcLogAppender (LogUtils.java:warn(122)) - omNode-2@group-523986131536->omNode-1-InstallSnapshotResponseHandler: Failed InstallSnapshot: org.apache.ratis.thirdparty.io.grpc.StatusRuntimeException: UNAVAILABLE: io exception
2021-11-02 20:13:14,961 [grpc-default-executor-13] WARN  server.GrpcLogAppender (GrpcLogAppender.java:resetClient(110)) - omNode-2@group-523986131536->omNode-1-GrpcLogAppender: Leader has not got in touch with Follower omNode-2@group-523986131536->omNode-1(c-1,m0,n0, attendVote=false, lastRpcSendTime=0, lastRpcResponseTime=1363) yet, just keep nextIndex unchanged and retry.
2021-11-02 20:13:14,961 [grpc-default-executor-13] WARN  server.GrpcLogAppender (LogUtils.java:warn(122)) - omNode-2@group-523986131536->omNode-1-AppendLogResponseHandler: Failed appendEntries: org.apache.ratis.thirdparty.io.grpc.StatusRuntimeException: UNAVAILABLE: io exception
2021-11-02 20:13:14,961 [grpc-default-executor-13] WARN  server.GrpcLogAppender (GrpcLogAppender.java:resetClient(110)) - omNode-2@group-523986131536->omNode-1-GrpcLogAppender: Leader has not got in touch with Follower omNode-2@group-523986131536->omNode-1(c-1,m0,n0, attendVote=false, lastRpcSendTime=0, lastRpcResponseTime=1363) yet, just keep nextIndex unchanged and retry.
2021-11-02 20:13:14,962 [omNode-2@group-523986131536->omNode-1-GrpcLogAppender-LogAppenderDaemon] INFO  server.GrpcLogAppender (GrpcLogAppender.java:installSnapshot(550)) - omNode-2@group-523986131536->omNode-1-GrpcLogAppender: followerNextIndex = 0 but logStartIndex = 11, notify follower to install snapshot-(t:3, i:11)
2021-11-02 20:13:14,962 [omNode-2@group-523986131536->omNode-1-GrpcLogAppender-LogAppenderDaemon] INFO  server.GrpcLogAppender (GrpcLogAppender.java:installSnapshot(558)) - omNode-2@group-523986131536->omNode-1-GrpcLogAppender: send omNode-2->omNode-1#0-t8,notify:(t:3, i:11)
2021-11-02 20:13:14,962 [grpc-default-executor-13] WARN  server.GrpcLogAppender (LogUtils.java:warn(122)) - omNode-2@group-523986131536->omNode-1-InstallSnapshotResponseHandler: Failed InstallSnapshot: org.apache.ratis.thirdparty.io.grpc.StatusRuntimeException: UNAVAILABLE: io exception
2021-11-02 20:13:14,962 [grpc-default-executor-13] WARN  server.GrpcLogAppender (GrpcLogAppender.java:resetClient(110)) - omNode-2@group-523986131536->omNode-1-GrpcLogAppender: Leader has not got in touch with Follower omNode-2@group-523986131536->omNode-1(c-1,m0,n0, attendVote=false, lastRpcSendTime=0, lastRpcResponseTime=1363) yet, just keep nextIndex unchanged and retry.
2021-11-02 20:13:14,962 [grpc-default-executor-13] WARN  server.GrpcLogAppender (LogUtils.java:warn(122)) - omNode-2@group-523986131536->omNode-1-AppendLogResponseHandler: Failed appendEntries: org.apache.ratis.thirdparty.io.grpc.StatusRuntimeException: UNAVAILABLE: io exception
2021-11-02 20:13:14,962 [grpc-default-executor-13] WARN  server.GrpcLogAppender (GrpcLogAppender.java:resetClient(110)) - omNode-2@group-523986131536->omNode-1-GrpcLogAppender: Leader has not got in touch with Follower omNode-2@group-523986131536->omNode-1(c-1,m0,n0, attendVote=false, lastRpcSendTime=0, lastRpcResponseTime=1364) yet, just keep nextIndex unchanged and retry.
2021-11-02 20:13:14,962 [omNode-2@group-523986131536->omNode-1-GrpcLogAppender-LogAppenderDaemon] INFO  server.GrpcLogAppender (GrpcLogAppender.java:installSnapshot(550)) - omNode-2@group-523986131536->omNode-1-GrpcLogAppender: followerNextIndex = 0 but logStartIndex = 11, notify follower to install snapshot-(t:3, i:11)
2021-11-02 20:13:14,962 [omNode-2@group-523986131536->omNode-1-GrpcLogAppender-LogAppenderDaemon] INFO  server.GrpcLogAppender (GrpcLogAppender.java:installSnapshot(558)) - omNode-2@group-523986131536->omNode-1-GrpcLogAppender: send omNode-2->omNode-1#0-t8,notify:(t:3, i:11)
2021-11-02 20:13:14,962 [grpc-default-executor-13] WARN  server.GrpcLogAppender (LogUtils.java:warn(122)) - omNode-2@group-523986131536->omNode-1-InstallSnapshotResponseHandler: Failed InstallSnapshot: org.apache.ratis.thirdparty.io.grpc.StatusRuntimeException: UNAVAILABLE: io exception
2021-11-02 20:13:14,962 [grpc-default-executor-13] WARN  server.GrpcLogAppender (GrpcLogAppender.java:resetClient(110)) - omNode-2@group-523986131536->omNode-1-GrpcLogAppender: Leader has not got in touch with Follower omNode-2@group-523986131536->omNode-1(c-1,m0,n0, attendVote=false, lastRpcSendTime=0, lastRpcResponseTime=1364) yet, just keep nextIndex unchanged and retry.
2021-11-02 20:13:14,962 [grpc-default-executor-13] WARN  server.GrpcLogAppender (LogUtils.java:warn(122)) - omNode-2@group-523986131536->omNode-1-AppendLogResponseHandler: Failed appendEntries: org.apache.ratis.thirdparty.io.grpc.StatusRuntimeException: UNAVAILABLE: io exception
2021-11-02 20:13:14,962 [grpc-default-executor-13] WARN  server.GrpcLogAppender (GrpcLogAppender.java:resetClient(110)) - omNode-2@group-523986131536->omNode-1-GrpcLogAppender: Leader has not got in touch with Follower omNode-2@group-523986131536->omNode-1(c-1,m0,n0, attendVote=false, lastRpcSendTime=0, lastRpcResponseTime=1364) yet, just keep nextIndex unchanged and retry.
2021-11-02 20:13:14,963 [omNode-2@group-523986131536->omNode-1-GrpcLogAppender-LogAppenderDaemon] INFO  server.GrpcLogAppender (GrpcLogAppender.java:installSnapshot(550)) - omNode-2@group-523986131536->omNode-1-GrpcLogAppender: followerNextIndex = 0 but logStartIndex = 11, notify follower to install snapshot-(t:3, i:11)
2021-11-02 20:13:14,963 [omNode-2@group-523986131536->omNode-1-GrpcLogAppender-LogAppenderDaemon] INFO  server.GrpcLogAppender (GrpcLogAppender.java:installSnapshot(558)) - omNode-2@group-523986131536->omNode-1-GrpcLogAppender: send omNode-2->omNode-1#0-t8,notify:(t:3, i:11)
2021-11-02 20:13:14,963 [grpc-default-executor-13] WARN  server.GrpcLogAppender (LogUtils.java:warn(122)) - omNode-2@group-523986131536->omNode-1-InstallSnapshotResponseHandler: Failed InstallSnapshot: org.apache.ratis.thirdparty.io.grpc.StatusRuntimeException: UNAVAILABLE: io exception
2021-11-02 20:13:14,963 [grpc-default-executor-13] WARN  server.GrpcLogAppender (GrpcLogAppender.java:resetClient(110)) - omNode-2@group-523986131536->omNode-1-GrpcLogAppender: Leader has not got in touch with Follower omNode-2@group-523986131536->omNode-1(c-1,m0,n0, attendVote=false, lastRpcSendTime=0, lastRpcResponseTime=1364) yet, just keep nextIndex unchanged and retry.
2021-11-02 20:13:14,963 [grpc-default-executor-13] WARN  server.GrpcLogAppender (LogUtils.java:warn(122)) - omNode-2@group-523986131536->omNode-1-AppendLogResponseHandler: Failed appendEntries: org.apache.ratis.thirdparty.io.grpc.StatusRuntimeException: UNAVAILABLE: io exception
2021-11-02 20:13:14,963 [grpc-default-executor-13] WARN  server.GrpcLogAppender (GrpcLogAppender.java:resetClient(110)) - omNode-2@group-523986131536->omNode-1-GrpcLogAppender: Leader has not got in touch with Follower omNode-2@group-523986131536->omNode-1(c-1,m0,n0, attendVote=false, lastRpcSendTime=0, lastRpcResponseTime=1365) yet, just keep nextIndex unchanged and retry.
2021-11-02 20:13:14,963 [omNode-2@group-523986131536->omNode-1-GrpcLogAppender-LogAppenderDaemon] INFO  server.GrpcLogAppender (GrpcLogAppender.java:installSnapshot(550)) - omNode-2@group-523986131536->omNode-1-GrpcLogAppender: followerNextIndex = 0 but logStartIndex = 11, notify follower to install snapshot-(t:3, i:11)
2021-11-02 20:13:14,963 [omNode-2@group-523986131536->omNode-1-GrpcLogAppender-LogAppenderDaemon] INFO  server.GrpcLogAppender (GrpcLogAppender.java:installSnapshot(558)) - omNode-2@group-523986131536->omNode-1-GrpcLogAppender: send omNode-2->omNode-1#0-t8,notify:(t:3, i:11)
2021-11-02 20:13:14,963 [grpc-default-executor-13] WARN  server.GrpcLogAppender (LogUtils.java:warn(122)) - omNode-2@group-523986131536->omNode-1-InstallSnapshotResponseHandler: Failed InstallSnapshot: org.apache.ratis.thirdparty.io.grpc.StatusRuntimeException: UNAVAILABLE: io exception
2021-11-02 20:13:14,963 [grpc-default-executor-13] WARN  server.GrpcLogAppender (GrpcLogAppender.java:resetClient(110)) - omNode-2@group-523986131536->omNode-1-GrpcLogAppender: Leader has not got in touch with Follower omNode-2@group-523986131536->omNode-1(c-1,m0,n0, attendVote=false, lastRpcSendTime=0, lastRpcResponseTime=1365) yet, just keep nextIndex unchanged and retry.
2021-11-02 20:13:14,963 [grpc-default-executor-13] WARN  server.GrpcLogAppender (LogUtils.java:warn(122)) - omNode-2@group-523986131536->omNode-1-AppendLogResponseHandler: Failed appendEntries: org.apache.ratis.thirdparty.io.grpc.StatusRuntimeException: UNAVAILABLE: io exception
2021-11-02 20:13:14,964 [grpc-default-executor-13] WARN  server.GrpcLogAppender (GrpcLogAppender.java:resetClient(110)) - omNode-2@group-523986131536->omNode-1-GrpcLogAppender: Leader has not got in touch with Follower omNode-2@group-523986131536->omNode-1(c-1,m0,n0, attendVote=false, lastRpcSendTime=0, lastRpcResponseTime=1365) yet, just keep nextIndex unchanged and retry.
2021-11-02 20:13:14,964 [omNode-2@group-523986131536->omNode-1-GrpcLogAppender-LogAppenderDaemon] INFO  server.GrpcLogAppender (GrpcLogAppender.java:installSnapshot(550)) - omNode-2@group-523986131536->omNode-1-GrpcLogAppender: followerNextIndex = 0 but logStartIndex = 11, notify follower to install snapshot-(t:3, i:11)
2021-11-02 20:13:14,964 [omNode-2@group-523986131536->omNode-1-GrpcLogAppender-LogAppenderDaemon] INFO  server.GrpcLogAppender (GrpcLogAppender.java:installSnapshot(558)) - omNode-2@group-523986131536->omNode-1-GrpcLogAppender: send omNode-2->omNode-1#0-t8,notify:(t:3, i:11)
2021-11-02 20:13:14,964 [grpc-default-executor-13] WARN  server.GrpcLogAppender (LogUtils.java:warn(122)) - omNode-2@group-523986131536->omNode-1-InstallSnapshotResponseHandler: Failed InstallSnapshot: org.apache.ratis.thirdparty.io.grpc.StatusRuntimeException: UNAVAILABLE: io exception
2021-11-02 20:13:14,964 [grpc-default-executor-13] WARN  server.GrpcLogAppender (GrpcLogAppender.java:resetClient(110)) - omNode-2@group-523986131536->omNode-1-GrpcLogAppender: Leader has not got in touch with Follower omNode-2@group-523986131536->omNode-1(c-1,m0,n0, attendVote=false, lastRpcSendTime=0, lastRpcResponseTime=1366) yet, just keep nextIndex unchanged and retry.
2021-11-02 20:13:14,965 [omNode-2@group-523986131536->omNode-1-GrpcLogAppender-LogAppenderDaemon] INFO  server.GrpcLogAppender (GrpcLogAppender.java:installSnapshot(550)) - omNode-2@group-523986131536->omNode-1-GrpcLogAppender: followerNextIndex = 0 but logStartIndex = 11, notify follower to install snapshot-(t:3, i:11)
2021-11-02 20:13:14,965 [omNode-2@group-523986131536->omNode-1-GrpcLogAppender-LogAppenderDaemon] INFO  server.GrpcLogAppender (GrpcLogAppender.java:installSnapshot(558)) - omNode-2@group-523986131536->omNode-1-GrpcLogAppender: send omNode-2->omNode-1#0-t8,notify:(t:3, i:11)
2021-11-02 20:13:14,966 [grpc-default-executor-12] WARN  server.GrpcLogAppender (LogUtils.java:warn(122)) - omNode-2@group-523986131536->omNode-1-AppendLogResponseHandler: Failed appendEntries: org.apache.ratis.thirdparty.io.grpc.StatusRuntimeException: UNAVAILABLE: io exception
2021-11-02 20:13:14,966 [grpc-default-executor-12] WARN  server.GrpcLogAppender (GrpcLogAppender.java:resetClient(110)) - omNode-2@group-523986131536->omNode-1-GrpcLogAppender: Leader has not got in touch with Follower omNode-2@group-523986131536->omNode-1(c-1,m0,n0, attendVote=false, lastRpcSendTime=0, lastRpcResponseTime=1367) yet, just keep nextIndex unchanged and retry.
2021-11-02 20:13:14,966 [grpc-default-executor-13] WARN  server.GrpcLogAppender (LogUtils.java:warn(122)) - omNode-2@group-523986131536->omNode-1-InstallSnapshotResponseHandler: Failed InstallSnapshot: org.apache.ratis.thirdparty.io.grpc.StatusRuntimeException: UNAVAILABLE: io exception
2021-11-02 20:13:14,966 [grpc-default-executor-13] WARN  server.GrpcLogAppender (GrpcLogAppender.java:resetClient(110)) - omNode-2@group-523986131536->omNode-1-GrpcLogAppender: Leader has not got in touch with Follower omNode-2@group-523986131536->omNode-1(c-1,m0,n0, attendVote=false, lastRpcSendTime=1, lastRpcResponseTime=1368) yet, just keep nextIndex unchanged and retry.
2021-11-02 20:13:14,966 [grpc-default-executor-13] WARN  server.GrpcLogAppender (LogUtils.java:warn(122)) - omNode-2@group-523986131536->omNode-1-AppendLogResponseHandler: Failed appendEntries: org.apache.ratis.thirdparty.io.grpc.StatusRuntimeException: UNAVAILABLE: io exception
2021-11-02 20:13:14,966 [grpc-default-executor-13] WARN  server.GrpcLogAppender (GrpcLogAppender.java:resetClient(110)) - omNode-2@group-523986131536->omNode-1-GrpcLogAppender: Leader has not got in touch with Follower omNode-2@group-523986131536->omNode-1(c-1,m0,n0, attendVote=false, lastRpcSendTime=1, lastRpcResponseTime=1368) yet, just keep nextIndex unchanged and retry.
2021-11-02 20:13:14,966 [omNode-2@group-523986131536->omNode-1-GrpcLogAppender-LogAppenderDaemon] INFO  server.GrpcLogAppender (GrpcLogAppender.java:installSnapshot(550)) - omNode-2@group-523986131536->omNode-1-GrpcLogAppender: followerNextIndex = 0 but logStartIndex = 11, notify follower to install snapshot-(t:3, i:11)
2021-11-02 20:13:14,966 [omNode-2@group-523986131536->omNode-1-GrpcLogAppender-LogAppenderDaemon] INFO  server.GrpcLogAppender (GrpcLogAppender.java:installSnapshot(558)) - omNode-2@group-523986131536->omNode-1-GrpcLogAppender: send omNode-2->omNode-1#0-t8,notify:(t:3, i:11)
2021-11-02 20:13:14,966 [grpc-default-executor-13] WARN  server.GrpcLogAppender (LogUtils.java:warn(122)) - omNode-2@group-523986131536->omNode-1-InstallSnapshotResponseHandler: Failed InstallSnapshot: org.apache.ratis.thirdparty.io.grpc.StatusRuntimeException: UNAVAILABLE: io exception
2021-11-02 20:13:14,967 [grpc-default-executor-13] WARN  server.GrpcLogAppender (GrpcLogAppender.java:resetClient(110)) - omNode-2@group-523986131536->omNode-1-GrpcLogAppender: Leader has not got in touch with Follower omNode-2@group-523986131536->omNode-1(c-1,m0,n0, attendVote=false, lastRpcSendTime=0, lastRpcResponseTime=1368) yet, just keep nextIndex unchanged and retry.
2021-11-02 20:13:14,967 [grpc-default-executor-13] WARN  server.GrpcLogAppender (LogUtils.java:warn(122)) - omNode-2@group-523986131536->omNode-1-AppendLogResponseHandler: Failed appendEntries: org.apache.ratis.thirdparty.io.grpc.StatusRuntimeException: UNAVAILABLE: io exception
2021-11-02 20:13:14,967 [grpc-default-executor-13] WARN  server.GrpcLogAppender (GrpcLogAppender.java:resetClient(110)) - omNode-2@group-523986131536->omNode-1-GrpcLogAppender: Leader has not got in touch with Follower omNode-2@group-523986131536->omNode-1(c-1,m0,n0, attendVote=false, lastRpcSendTime=0, lastRpcResponseTime=1368) yet, just keep nextIndex unchanged and retry.
2021-11-02 20:13:14,967 [omNode-2@group-523986131536->omNode-1-GrpcLogAppender-LogAppenderDaemon] INFO  server.GrpcLogAppender (GrpcLogAppender.java:installSnapshot(550)) - omNode-2@group-523986131536->omNode-1-GrpcLogAppender: followerNextIndex = 0 but logStartIndex = 11, notify follower to install snapshot-(t:3, i:11)
2021-11-02 20:13:14,967 [omNode-2@group-523986131536->omNode-1-GrpcLogAppender-LogAppenderDaemon] INFO  server.GrpcLogAppender (GrpcLogAppender.java:installSnapshot(558)) - omNode-2@group-523986131536->omNode-1-GrpcLogAppender: send omNode-2->omNode-1#0-t8,notify:(t:3, i:11)
2021-11-02 20:13:14,967 [grpc-default-executor-13] WARN  server.GrpcLogAppender (LogUtils.java:warn(122)) - omNode-2@group-523986131536->omNode-1-InstallSnapshotResponseHandler: Failed InstallSnapshot: org.apache.ratis.thirdparty.io.grpc.StatusRuntimeException: UNAVAILABLE: io exception
2021-11-02 20:13:14,967 [grpc-default-executor-13] WARN  server.GrpcLogAppender (GrpcLogAppender.java:resetClient(110)) - omNode-2@group-523986131536->omNode-1-GrpcLogAppender: Leader has not got in touch with Follower omNode-2@group-523986131536->omNode-1(c-1,m0,n0, attendVote=false, lastRpcSendTime=0, lastRpcResponseTime=1369) yet, just keep nextIndex unchanged and retry.
2021-11-02 20:13:14,967 [grpc-default-executor-13] WARN  server.GrpcLogAppender (LogUtils.java:warn(122)) - omNode-2@group-523986131536->omNode-1-AppendLogResponseHandler: Failed appendEntries: org.apache.ratis.thirdparty.io.grpc.StatusRuntimeException: UNAVAILABLE: io exception
2021-11-02 20:13:14,967 [grpc-default-executor-13] WARN  server.GrpcLogAppender (GrpcLogAppender.java:resetClient(110)) - omNode-2@group-523986131536->omNode-1-GrpcLogAppender: Leader has not got in touch with Follower omNode-2@group-523986131536->omNode-1(c-1,m0,n0, attendVote=false, lastRpcSendTime=0, lastRpcResponseTime=1369) yet, just keep nextIndex unchanged and retry.
2021-11-02 20:13:14,967 [omNode-2@group-523986131536->omNode-1-GrpcLogAppender-LogAppenderDaemon] INFO  server.GrpcLogAppender (GrpcLogAppender.java:installSnapshot(550)) - omNode-2@group-523986131536->omNode-1-GrpcLogAppender: followerNextIndex = 0 but logStartIndex = 11, notify follower to install snapshot-(t:3, i:11)
2021-11-02 20:13:14,967 [omNode-2@group-523986131536->omNode-1-GrpcLogAppender-LogAppenderDaemon] INFO  server.GrpcLogAppender (GrpcLogAppender.java:installSnapshot(558)) - omNode-2@group-523986131536->omNode-1-GrpcLogAppender: send omNode-2->omNode-1#0-t8,notify:(t:3, i:11)
2021-11-02 20:13:14,968 [grpc-default-executor-13] WARN  server.GrpcLogAppender (LogUtils.java:warn(122)) - omNode-2@group-523986131536->omNode-1-InstallSnapshotResponseHandler: Failed InstallSnapshot: org.apache.ratis.thirdparty.io.grpc.StatusRuntimeException: UNAVAILABLE: io exception
2021-11-02 20:13:14,968 [grpc-default-executor-13] WARN  server.GrpcLogAppender (GrpcLogAppender.java:resetClient(110)) - omNode-2@group-523986131536->omNode-1-GrpcLogAppender: Leader has not got in touch with Follower omNode-2@group-523986131536->omNode-1(c-1,m0,n0, attendVote=false, lastRpcSendTime=0, lastRpcResponseTime=1370) yet, just keep nextIndex unchanged and retry.
2021-11-02 20:13:14,968 [omNode-2@group-523986131536->omNode-1-GrpcLogAppender-LogAppenderDaemon] INFO  server.GrpcLogAppender (GrpcLogAppender.java:installSnapshot(550)) - omNode-2@group-523986131536->omNode-1-GrpcLogAppender: followerNextIndex = 0 but logStartIndex = 11, notify follower to install snapshot-(t:3, i:11)
2021-11-02 20:13:14,968 [omNode-2@group-523986131536->omNode-1-GrpcLogAppender-LogAppenderDaemon] INFO  server.GrpcLogAppender (GrpcLogAppender.java:installSnapshot(558)) - omNode-2@group-523986131536->omNode-1-GrpcLogAppender: send omNode-2->omNode-1#0-t8,notify:(t:3, i:11)
2021-11-02 20:13:14,971 [grpc-default-executor-12] WARN  server.GrpcLogAppender (LogUtils.java:warn(122)) - omNode-2@group-523986131536->omNode-1-AppendLogResponseHandler: Failed appendEntries: org.apache.ratis.thirdparty.io.grpc.StatusRuntimeException: UNAVAILABLE: io exception
2021-11-02 20:13:14,971 [grpc-default-executor-12] WARN  server.GrpcLogAppender (GrpcLogAppender.java:resetClient(110)) - omNode-2@group-523986131536->omNode-1-GrpcLogAppender: Leader has not got in touch with Follower omNode-2@group-523986131536->omNode-1(c-1,m0,n0, attendVote=false, lastRpcSendTime=2, lastRpcResponseTime=1372) yet, just keep nextIndex unchanged and retry.
2021-11-02 20:13:14,971 [grpc-default-executor-13] WARN  server.GrpcLogAppender (LogUtils.java:warn(122)) - omNode-2@group-523986131536->omNode-1-InstallSnapshotResponseHandler: Failed InstallSnapshot: org.apache.ratis.thirdparty.io.grpc.StatusRuntimeException: UNAVAILABLE: io exception
2021-11-02 20:13:14,971 [grpc-default-executor-13] WARN  server.GrpcLogAppender (GrpcLogAppender.java:resetClient(110)) - omNode-2@group-523986131536->omNode-1-GrpcLogAppender: Leader has not got in touch with Follower omNode-2@group-523986131536->omNode-1(c-1,m0,n0, attendVote=false, lastRpcSendTime=2, lastRpcResponseTime=1373) yet, just keep nextIndex unchanged and retry.
2021-11-02 20:13:14,972 [grpc-default-executor-13] WARN  server.GrpcLogAppender (LogUtils.java:warn(122)) - omNode-2@group-523986131536->omNode-1-AppendLogResponseHandler: Failed appendEntries: org.apache.ratis.thirdparty.io.grpc.StatusRuntimeException: UNAVAILABLE: io exception
2021-11-02 20:13:14,972 [grpc-default-executor-13] WARN  server.GrpcLogAppender (GrpcLogAppender.java:resetClient(110)) - omNode-2@group-523986131536->omNode-1-GrpcLogAppender: Leader has not got in touch with Follower omNode-2@group-523986131536->omNode-1(c-1,m0,n0, attendVote=false, lastRpcSendTime=3, lastRpcResponseTime=1374) yet, just keep nextIndex unchanged and retry.
2021-11-02 20:13:14,973 [omNode-2@group-523986131536->omNode-1-GrpcLogAppender-LogAppenderDaemon] INFO  server.GrpcLogAppender (GrpcLogAppender.java:installSnapshot(550)) - omNode-2@group-523986131536->omNode-1-GrpcLogAppender: followerNextIndex = 0 but logStartIndex = 11, notify follower to install snapshot-(t:3, i:11)
2021-11-02 20:13:14,973 [omNode-2@group-523986131536->omNode-1-GrpcLogAppender-LogAppenderDaemon] INFO  server.GrpcLogAppender (GrpcLogAppender.java:installSnapshot(558)) - omNode-2@group-523986131536->omNode-1-GrpcLogAppender: send omNode-2->omNode-1#0-t8,notify:(t:3, i:11)
2021-11-02 20:13:14,973 [grpc-default-executor-12] WARN  server.GrpcLogAppender (LogUtils.java:warn(122)) - omNode-2@group-523986131536->omNode-1-InstallSnapshotResponseHandler: Failed InstallSnapshot: org.apache.ratis.thirdparty.io.grpc.StatusRuntimeException: UNAVAILABLE: io exception
2021-11-02 20:13:14,974 [grpc-default-executor-12] WARN  server.GrpcLogAppender (GrpcLogAppender.java:resetClient(110)) - omNode-2@group-523986131536->omNode-1-GrpcLogAppender: Leader has not got in touch with Follower omNode-2@group-523986131536->omNode-1(c-1,m0,n0, attendVote=false, lastRpcSendTime=0, lastRpcResponseTime=1375) yet, just keep nextIndex unchanged and retry.
2021-11-02 20:13:14,975 [grpc-default-executor-12] WARN  server.GrpcLogAppender (LogUtils.java:warn(122)) - omNode-2@group-523986131536->omNode-1-AppendLogResponseHandler: Failed appendEntries: org.apache.ratis.thirdparty.io.grpc.StatusRuntimeException: UNAVAILABLE: io exception
2021-11-02 20:13:14,975 [grpc-default-executor-12] WARN  server.GrpcLogAppender (GrpcLogAppender.java:resetClient(110)) - omNode-2@group-523986131536->omNode-1-GrpcLogAppender: Leader has not got in touch with Follower omNode-2@group-523986131536->omNode-1(c-1,m0,n0, attendVote=false, lastRpcSendTime=1, lastRpcResponseTime=1377) yet, just keep nextIndex unchanged and retry.
2021-11-02 20:13:14,975 [omNode-2@group-523986131536->omNode-1-GrpcLogAppender-LogAppenderDaemon] INFO  server.GrpcLogAppender (GrpcLogAppender.java:installSnapshot(550)) - omNode-2@group-523986131536->omNode-1-GrpcLogAppender: followerNextIndex = 0 but logStartIndex = 11, notify follower to install snapshot-(t:3, i:11)
2021-11-02 20:13:14,975 [omNode-2@group-523986131536->omNode-1-GrpcLogAppender-LogAppenderDaemon] INFO  server.GrpcLogAppender (GrpcLogAppender.java:installSnapshot(558)) - omNode-2@group-523986131536->omNode-1-GrpcLogAppender: send omNode-2->omNode-1#0-t8,notify:(t:3, i:11)
2021-11-02 20:13:14,980 [grpc-default-executor-13] WARN  server.GrpcLogAppender (LogUtils.java:warn(122)) - omNode-2@group-523986131536->omNode-1-InstallSnapshotResponseHandler: Failed InstallSnapshot: org.apache.ratis.thirdparty.io.grpc.StatusRuntimeException: UNAVAILABLE: io exception
2021-11-02 20:13:14,980 [grpc-default-executor-13] WARN  server.GrpcLogAppender (GrpcLogAppender.java:resetClient(110)) - omNode-2@group-523986131536->omNode-1-GrpcLogAppender: Leader has not got in touch with Follower omNode-2@group-523986131536->omNode-1(c-1,m0,n0, attendVote=false, lastRpcSendTime=4, lastRpcResponseTime=1382) yet, just keep nextIndex unchanged and retry.
2021-11-02 20:13:14,980 [grpc-default-executor-13] WARN  server.GrpcLogAppender (LogUtils.java:warn(122)) - omNode-2@group-523986131536->omNode-1-AppendLogResponseHandler: Failed appendEntries: org.apache.ratis.thirdparty.io.grpc.StatusRuntimeException: UNAVAILABLE: io exception
2021-11-02 20:13:14,981 [grpc-default-executor-13] WARN  server.GrpcLogAppender (GrpcLogAppender.java:resetClient(110)) - omNode-2@group-523986131536->omNode-1-GrpcLogAppender: Leader has not got in touch with Follower omNode-2@group-523986131536->omNode-1(c-1,m0,n0, attendVote=false, lastRpcSendTime=5, lastRpcResponseTime=1382) yet, just keep nextIndex unchanged and retry.
2021-11-02 20:13:14,981 [omNode-2@group-523986131536->omNode-1-GrpcLogAppender-LogAppenderDaemon] INFO  server.GrpcLogAppender (GrpcLogAppender.java:installSnapshot(550)) - omNode-2@group-523986131536->omNode-1-GrpcLogAppender: followerNextIndex = 0 but logStartIndex = 11, notify follower to install snapshot-(t:3, i:11)
2021-11-02 20:13:14,981 [omNode-2@group-523986131536->omNode-1-GrpcLogAppender-LogAppenderDaemon] INFO  server.GrpcLogAppender (GrpcLogAppender.java:installSnapshot(558)) - omNode-2@group-523986131536->omNode-1-GrpcLogAppender: send omNode-2->omNode-1#0-t8,notify:(t:3, i:11)
2021-11-02 20:13:14,981 [grpc-default-executor-13] WARN  server.GrpcLogAppender (LogUtils.java:warn(122)) - omNode-2@group-523986131536->omNode-1-InstallSnapshotResponseHandler: Failed InstallSnapshot: org.apache.ratis.thirdparty.io.grpc.StatusRuntimeException: UNAVAILABLE: io exception
2021-11-02 20:13:14,981 [grpc-default-executor-13] WARN  server.GrpcLogAppender (GrpcLogAppender.java:resetClient(110)) - omNode-2@group-523986131536->omNode-1-GrpcLogAppender: Leader has not got in touch with Follower omNode-2@group-523986131536->omNode-1(c-1,m0,n0, attendVote=false, lastRpcSendTime=0, lastRpcResponseTime=1382) yet, just keep nextIndex unchanged and retry.
2021-11-02 20:13:14,981 [grpc-default-executor-13] WARN  server.GrpcLogAppender (LogUtils.java:warn(122)) - omNode-2@group-523986131536->omNode-1-AppendLogResponseHandler: Failed appendEntries: org.apache.ratis.thirdparty.io.grpc.StatusRuntimeException: UNAVAILABLE: io exception
2021-11-02 20:13:14,981 [grpc-default-executor-13] WARN  server.GrpcLogAppender (GrpcLogAppender.java:resetClient(110)) - omNode-2@group-523986131536->omNode-1-GrpcLogAppender: Leader has not got in touch with Follower omNode-2@group-523986131536->omNode-1(c-1,m0,n0, attendVote=false, lastRpcSendTime=0, lastRpcResponseTime=1383) yet, just keep nextIndex unchanged and retry.
2021-11-02 20:13:14,981 [omNode-2@group-523986131536->omNode-1-GrpcLogAppender-LogAppenderDaemon] INFO  server.GrpcLogAppender (GrpcLogAppender.java:installSnapshot(550)) - omNode-2@group-523986131536->omNode-1-GrpcLogAppender: followerNextIndex = 0 but logStartIndex = 11, notify follower to install snapshot-(t:3, i:11)
2021-11-02 20:13:14,981 [omNode-2@group-523986131536->omNode-1-GrpcLogAppender-LogAppenderDaemon] INFO  server.GrpcLogAppender (GrpcLogAppender.java:installSnapshot(558)) - omNode-2@group-523986131536->omNode-1-GrpcLogAppender: send omNode-2->omNode-1#0-t8,notify:(t:3, i:11)
2021-11-02 20:13:14,982 [grpc-default-executor-13] WARN  server.GrpcLogAppender (LogUtils.java:warn(122)) - omNode-2@group-523986131536->omNode-1-InstallSnapshotResponseHandler: Failed InstallSnapshot: org.apache.ratis.thirdparty.io.grpc.StatusRuntimeException: UNAVAILABLE: io exception
2021-11-02 20:13:14,982 [grpc-default-executor-13] WARN  server.GrpcLogAppender (GrpcLogAppender.java:resetClient(110)) - omNode-2@group-523986131536->omNode-1-GrpcLogAppender: Leader has not got in touch with Follower omNode-2@group-523986131536->omNode-1(c-1,m0,n0, attendVote=false, lastRpcSendTime=0, lastRpcResponseTime=1383) yet, just keep nextIndex unchanged and retry.
2021-11-02 20:13:14,982 [grpc-default-executor-13] WARN  server.GrpcLogAppender (LogUtils.java:warn(122)) - omNode-2@group-523986131536->omNode-1-AppendLogResponseHandler: Failed appendEntries: org.apache.ratis.thirdparty.io.grpc.StatusRuntimeException: UNAVAILABLE: io exception
2021-11-02 20:13:14,982 [grpc-default-executor-13] WARN  server.GrpcLogAppender (GrpcLogAppender.java:resetClient(110)) - omNode-2@group-523986131536->omNode-1-GrpcLogAppender: Leader has not got in touch with Follower omNode-2@group-523986131536->omNode-1(c-1,m0,n0, attendVote=false, lastRpcSendTime=0, lastRpcResponseTime=1383) yet, just keep nextIndex unchanged and retry.
2021-11-02 20:13:14,982 [omNode-2@group-523986131536->omNode-1-GrpcLogAppender-LogAppenderDaemon] INFO  server.GrpcLogAppender (GrpcLogAppender.java:installSnapshot(550)) - omNode-2@group-523986131536->omNode-1-GrpcLogAppender: followerNextIndex = 0 but logStartIndex = 11, notify follower to install snapshot-(t:3, i:11)
2021-11-02 20:13:14,982 [omNode-2@group-523986131536->omNode-1-GrpcLogAppender-LogAppenderDaemon] INFO  server.GrpcLogAppender (GrpcLogAppender.java:installSnapshot(558)) - omNode-2@group-523986131536->omNode-1-GrpcLogAppender: send omNode-2->omNode-1#0-t8,notify:(t:3, i:11)
2021-11-02 20:13:14,982 [grpc-default-executor-13] WARN  server.GrpcLogAppender (LogUtils.java:warn(122)) - omNode-2@group-523986131536->omNode-1-InstallSnapshotResponseHandler: Failed InstallSnapshot: org.apache.ratis.thirdparty.io.grpc.StatusRuntimeException: UNAVAILABLE: io exception
2021-11-02 20:13:14,982 [grpc-default-executor-13] WARN  server.GrpcLogAppender (GrpcLogAppender.java:resetClient(110)) - omNode-2@group-523986131536->omNode-1-GrpcLogAppender: Leader has not got in touch with Follower omNode-2@group-523986131536->omNode-1(c-1,m0,n0, attendVote=false, lastRpcSendTime=0, lastRpcResponseTime=1384) yet, just keep nextIndex unchanged and retry.
2021-11-02 20:13:14,982 [grpc-default-executor-13] WARN  server.GrpcLogAppender (LogUtils.java:warn(122)) - omNode-2@group-523986131536->omNode-1-AppendLogResponseHandler: Failed appendEntries: org.apache.ratis.thirdparty.io.grpc.StatusRuntimeException: UNAVAILABLE: io exception
2021-11-02 20:13:14,982 [grpc-default-executor-13] WARN  server.GrpcLogAppender (GrpcLogAppender.java:resetClient(110)) - omNode-2@group-523986131536->omNode-1-GrpcLogAppender: Leader has not got in touch with Follower omNode-2@group-523986131536->omNode-1(c-1,m0,n0, attendVote=false, lastRpcSendTime=0, lastRpcResponseTime=1384) yet, just keep nextIndex unchanged and retry.
2021-11-02 20:13:14,982 [omNode-2@group-523986131536->omNode-1-GrpcLogAppender-LogAppenderDaemon] INFO  server.GrpcLogAppender (GrpcLogAppender.java:installSnapshot(550)) - omNode-2@group-523986131536->omNode-1-GrpcLogAppender: followerNextIndex = 0 but logStartIndex = 11, notify follower to install snapshot-(t:3, i:11)
2021-11-02 20:13:14,983 [omNode-2@group-523986131536->omNode-1-GrpcLogAppender-LogAppenderDaemon] INFO  server.GrpcLogAppender (GrpcLogAppender.java:installSnapshot(558)) - omNode-2@group-523986131536->omNode-1-GrpcLogAppender: send omNode-2->omNode-1#0-t8,notify:(t:3, i:11)
2021-11-02 20:13:14,983 [grpc-default-executor-13] WARN  server.GrpcLogAppender (LogUtils.java:warn(122)) - omNode-2@group-523986131536->omNode-1-InstallSnapshotResponseHandler: Failed InstallSnapshot: org.apache.ratis.thirdparty.io.grpc.StatusRuntimeException: UNAVAILABLE: io exception
2021-11-02 20:13:14,983 [grpc-default-executor-13] WARN  server.GrpcLogAppender (GrpcLogAppender.java:resetClient(110)) - omNode-2@group-523986131536->omNode-1-GrpcLogAppender: Leader has not got in touch with Follower omNode-2@group-523986131536->omNode-1(c-1,m0,n0, attendVote=false, lastRpcSendTime=0, lastRpcResponseTime=1384) yet, just keep nextIndex unchanged and retry.
2021-11-02 20:13:14,983 [grpc-default-executor-13] WARN  server.GrpcLogAppender (LogUtils.java:warn(122)) - omNode-2@group-523986131536->omNode-1-AppendLogResponseHandler: Failed appendEntries: org.apache.ratis.thirdparty.io.grpc.StatusRuntimeException: UNAVAILABLE: io exception
2021-11-02 20:13:14,983 [grpc-default-executor-13] WARN  server.GrpcLogAppender (GrpcLogAppender.java:resetClient(110)) - omNode-2@group-523986131536->omNode-1-GrpcLogAppender: Leader has not got in touch with Follower omNode-2@group-523986131536->omNode-1(c-1,m0,n0, attendVote=false, lastRpcSendTime=0, lastRpcResponseTime=1385) yet, just keep nextIndex unchanged and retry.
2021-11-02 20:13:14,983 [omNode-2@group-523986131536->omNode-1-GrpcLogAppender-LogAppenderDaemon] INFO  server.GrpcLogAppender (GrpcLogAppender.java:installSnapshot(550)) - omNode-2@group-523986131536->omNode-1-GrpcLogAppender: followerNextIndex = 0 but logStartIndex = 11, notify follower to install snapshot-(t:3, i:11)
2021-11-02 20:13:14,983 [omNode-2@group-523986131536->omNode-1-GrpcLogAppender-LogAppenderDaemon] INFO  server.GrpcLogAppender (GrpcLogAppender.java:installSnapshot(558)) - omNode-2@group-523986131536->omNode-1-GrpcLogAppender: send omNode-2->omNode-1#0-t8,notify:(t:3, i:11)
2021-11-02 20:13:14,983 [grpc-default-executor-13] WARN  server.GrpcLogAppender (LogUtils.java:warn(122)) - omNode-2@group-523986131536->omNode-1-InstallSnapshotResponseHandler: Failed InstallSnapshot: org.apache.ratis.thirdparty.io.grpc.StatusRuntimeException: UNAVAILABLE: io exception
2021-11-02 20:13:14,983 [grpc-default-executor-13] WARN  server.GrpcLogAppender (GrpcLogAppender.java:resetClient(110)) - omNode-2@group-523986131536->omNode-1-GrpcLogAppender: Leader has not got in touch with Follower omNode-2@group-523986131536->omNode-1(c-1,m0,n0, attendVote=false, lastRpcSendTime=0, lastRpcResponseTime=1385) yet, just keep nextIndex unchanged and retry.
2021-11-02 20:13:14,983 [grpc-default-executor-13] WARN  server.GrpcLogAppender (LogUtils.java:warn(122)) - omNode-2@group-523986131536->omNode-1-AppendLogResponseHandler: Failed appendEntries: org.apache.ratis.thirdparty.io.grpc.StatusRuntimeException: UNAVAILABLE: io exception
2021-11-02 20:13:14,983 [grpc-default-executor-13] WARN  server.GrpcLogAppender (GrpcLogAppender.java:resetClient(110)) - omNode-2@group-523986131536->omNode-1-GrpcLogAppender: Leader has not got in touch with Follower omNode-2@group-523986131536->omNode-1(c-1,m0,n0, attendVote=false, lastRpcSendTime=0, lastRpcResponseTime=1385) yet, just keep nextIndex unchanged and retry.
2021-11-02 20:13:14,984 [omNode-2@group-523986131536->omNode-1-GrpcLogAppender-LogAppenderDaemon] INFO  server.GrpcLogAppender (GrpcLogAppender.java:installSnapshot(550)) - omNode-2@group-523986131536->omNode-1-GrpcLogAppender: followerNextIndex = 0 but logStartIndex = 11, notify follower to install snapshot-(t:3, i:11)
2021-11-02 20:13:14,984 [omNode-2@group-523986131536->omNode-1-GrpcLogAppender-LogAppenderDaemon] INFO  server.GrpcLogAppender (GrpcLogAppender.java:installSnapshot(558)) - omNode-2@group-523986131536->omNode-1-GrpcLogAppender: send omNode-2->omNode-1#0-t8,notify:(t:3, i:11)
2021-11-02 20:13:14,984 [grpc-default-executor-13] WARN  server.GrpcLogAppender (LogUtils.java:warn(122)) - omNode-2@group-523986131536->omNode-1-InstallSnapshotResponseHandler: Failed InstallSnapshot: org.apache.ratis.thirdparty.io.grpc.StatusRuntimeException: UNAVAILABLE: io exception
2021-11-02 20:13:14,984 [grpc-default-executor-13] WARN  server.GrpcLogAppender (GrpcLogAppender.java:resetClient(110)) - omNode-2@group-523986131536->omNode-1-GrpcLogAppender: Leader has not got in touch with Follower omNode-2@group-523986131536->omNode-1(c-1,m0,n0, attendVote=false, lastRpcSendTime=0, lastRpcResponseTime=1385) yet, just keep nextIndex unchanged and retry.
2021-11-02 20:13:14,984 [grpc-default-executor-13] WARN  server.GrpcLogAppender (LogUtils.java:warn(122)) - omNode-2@group-523986131536->omNode-1-AppendLogResponseHandler: Failed appendEntries: org.apache.ratis.thirdparty.io.grpc.StatusRuntimeException: UNAVAILABLE: io exception
2021-11-02 20:13:14,984 [grpc-default-executor-13] WARN  server.GrpcLogAppender (GrpcLogAppender.java:resetClient(110)) - omNode-2@group-523986131536->omNode-1-GrpcLogAppender: Leader has not got in touch with Follower omNode-2@group-523986131536->omNode-1(c-1,m0,n0, attendVote=false, lastRpcSendTime=0, lastRpcResponseTime=1386) yet, just keep nextIndex unchanged and retry.
2021-11-02 20:13:14,984 [omNode-2@group-523986131536->omNode-1-GrpcLogAppender-LogAppenderDaemon] INFO  server.GrpcLogAppender (GrpcLogAppender.java:installSnapshot(550)) - omNode-2@group-523986131536->omNode-1-GrpcLogAppender: followerNextIndex = 0 but logStartIndex = 11, notify follower to install snapshot-(t:3, i:11)
2021-11-02 20:13:14,984 [omNode-2@group-523986131536->omNode-1-GrpcLogAppender-LogAppenderDaemon] INFO  server.GrpcLogAppender (GrpcLogAppender.java:installSnapshot(558)) - omNode-2@group-523986131536->omNode-1-GrpcLogAppender: send omNode-2->omNode-1#0-t8,notify:(t:3, i:11)
2021-11-02 20:13:14,984 [grpc-default-executor-13] WARN  server.GrpcLogAppender (LogUtils.java:warn(122)) - omNode-2@group-523986131536->omNode-1-InstallSnapshotResponseHandler: Failed InstallSnapshot: org.apache.ratis.thirdparty.io.grpc.StatusRuntimeException: UNAVAILABLE: io exception
2021-11-02 20:13:14,984 [grpc-default-executor-13] WARN  server.GrpcLogAppender (GrpcLogAppender.java:resetClient(110)) - omNode-2@group-523986131536->omNode-1-GrpcLogAppender: Leader has not got in touch with Follower omNode-2@group-523986131536->omNode-1(c-1,m0,n0, attendVote=false, lastRpcSendTime=0, lastRpcResponseTime=1386) yet, just keep nextIndex unchanged and retry.
2021-11-02 20:13:14,984 [grpc-default-executor-13] WARN  server.GrpcLogAppender (LogUtils.java:warn(122)) - omNode-2@group-523986131536->omNode-1-AppendLogResponseHandler: Failed appendEntries: org.apache.ratis.thirdparty.io.grpc.StatusRuntimeException: UNAVAILABLE: io exception
2021-11-02 20:13:14,984 [grpc-default-executor-13] WARN  server.GrpcLogAppender (GrpcLogAppender.java:resetClient(110)) - omNode-2@group-523986131536->omNode-1-GrpcLogAppender: Leader has not got in touch with Follower omNode-2@group-523986131536->omNode-1(c-1,m0,n0, attendVote=false, lastRpcSendTime=0, lastRpcResponseTime=1386) yet, just keep nextIndex unchanged and retry.
2021-11-02 20:13:14,985 [omNode-2@group-523986131536->omNode-1-GrpcLogAppender-LogAppenderDaemon] INFO  server.GrpcLogAppender (GrpcLogAppender.java:installSnapshot(550)) - omNode-2@group-523986131536->omNode-1-GrpcLogAppender: followerNextIndex = 0 but logStartIndex = 11, notify follower to install snapshot-(t:3, i:11)
2021-11-02 20:13:14,985 [omNode-2@group-523986131536->omNode-1-GrpcLogAppender-LogAppenderDaemon] INFO  server.GrpcLogAppender (GrpcLogAppender.java:installSnapshot(558)) - omNode-2@group-523986131536->omNode-1-GrpcLogAppender: send omNode-2->omNode-1#0-t8,notify:(t:3, i:11)
2021-11-02 20:13:14,985 [grpc-default-executor-13] WARN  server.GrpcLogAppender (LogUtils.java:warn(122)) - omNode-2@group-523986131536->omNode-1-InstallSnapshotResponseHandler: Failed InstallSnapshot: org.apache.ratis.thirdparty.io.grpc.StatusRuntimeException: UNAVAILABLE: io exception
2021-11-02 20:13:14,985 [grpc-default-executor-13] WARN  server.GrpcLogAppender (GrpcLogAppender.java:resetClient(110)) - omNode-2@group-523986131536->omNode-1-GrpcLogAppender: Leader has not got in touch with Follower omNode-2@group-523986131536->omNode-1(c-1,m0,n0, attendVote=false, lastRpcSendTime=0, lastRpcResponseTime=1386) yet, just keep nextIndex unchanged and retry.
2021-11-02 20:13:14,985 [grpc-default-executor-13] WARN  server.GrpcLogAppender (LogUtils.java:warn(122)) - omNode-2@group-523986131536->omNode-1-AppendLogResponseHandler: Failed appendEntries: org.apache.ratis.thirdparty.io.grpc.StatusRuntimeException: UNAVAILABLE: io exception
2021-11-02 20:13:14,985 [grpc-default-executor-13] WARN  server.GrpcLogAppender (GrpcLogAppender.java:resetClient(110)) - omNode-2@group-523986131536->omNode-1-GrpcLogAppender: Leader has not got in touch with Follower omNode-2@group-523986131536->omNode-1(c-1,m0,n0, attendVote=false, lastRpcSendTime=0, lastRpcResponseTime=1387) yet, just keep nextIndex unchanged and retry.
2021-11-02 20:13:14,985 [omNode-2@group-523986131536->omNode-1-GrpcLogAppender-LogAppenderDaemon] INFO  server.GrpcLogAppender (GrpcLogAppender.java:installSnapshot(550)) - omNode-2@group-523986131536->omNode-1-GrpcLogAppender: followerNextIndex = 0 but logStartIndex = 11, notify follower to install snapshot-(t:3, i:11)
2021-11-02 20:13:14,985 [omNode-2@group-523986131536->omNode-1-GrpcLogAppender-LogAppenderDaemon] INFO  server.GrpcLogAppender (GrpcLogAppender.java:installSnapshot(558)) - omNode-2@group-523986131536->omNode-1-GrpcLogAppender: send omNode-2->omNode-1#0-t8,notify:(t:3, i:11)
2021-11-02 20:13:14,985 [grpc-default-executor-13] WARN  server.GrpcLogAppender (LogUtils.java:warn(122)) - omNode-2@group-523986131536->omNode-1-InstallSnapshotResponseHandler: Failed InstallSnapshot: org.apache.ratis.thirdparty.io.grpc.StatusRuntimeException: UNAVAILABLE: io exception
2021-11-02 20:13:14,985 [grpc-default-executor-13] WARN  server.GrpcLogAppender (GrpcLogAppender.java:resetClient(110)) - omNode-2@group-523986131536->omNode-1-GrpcLogAppender: Leader has not got in touch with Follower omNode-2@group-523986131536->omNode-1(c-1,m0,n0, attendVote=false, lastRpcSendTime=0, lastRpcResponseTime=1387) yet, just keep nextIndex unchanged and retry.
2021-11-02 20:13:14,985 [grpc-default-executor-13] WARN  server.GrpcLogAppender (LogUtils.java:warn(122)) - omNode-2@group-523986131536->omNode-1-AppendLogResponseHandler: Failed appendEntries: org.apache.ratis.thirdparty.io.grpc.StatusRuntimeException: UNAVAILABLE: io exception
2021-11-02 20:13:14,985 [grpc-default-executor-13] WARN  server.GrpcLogAppender (GrpcLogAppender.java:resetClient(110)) - omNode-2@group-523986131536->omNode-1-GrpcLogAppender: Leader has not got in touch with Follower omNode-2@group-523986131536->omNode-1(c-1,m0,n0, attendVote=false, lastRpcSendTime=0, lastRpcResponseTime=1387) yet, just keep nextIndex unchanged and retry.
2021-11-02 20:13:14,985 [omNode-2@group-523986131536->omNode-1-GrpcLogAppender-LogAppenderDaemon] INFO  server.GrpcLogAppender (GrpcLogAppender.java:installSnapshot(550)) - omNode-2@group-523986131536->omNode-1-GrpcLogAppender: followerNextIndex = 0 but logStartIndex = 11, notify follower to install snapshot-(t:3, i:11)
2021-11-02 20:13:14,986 [omNode-2@group-523986131536->omNode-1-GrpcLogAppender-LogAppenderDaemon] INFO  server.GrpcLogAppender (GrpcLogAppender.java:installSnapshot(558)) - omNode-2@group-523986131536->omNode-1-GrpcLogAppender: send omNode-2->omNode-1#0-t8,notify:(t:3, i:11)
2021-11-02 20:13:14,986 [grpc-default-executor-13] WARN  server.GrpcLogAppender (LogUtils.java:warn(122)) - omNode-2@group-523986131536->omNode-1-InstallSnapshotResponseHandler: Failed InstallSnapshot: org.apache.ratis.thirdparty.io.grpc.StatusRuntimeException: UNAVAILABLE: io exception
2021-11-02 20:13:14,986 [grpc-default-executor-13] WARN  server.GrpcLogAppender (GrpcLogAppender.java:resetClient(110)) - omNode-2@group-523986131536->omNode-1-GrpcLogAppender: Leader has not got in touch with Follower omNode-2@group-523986131536->omNode-1(c-1,m0,n0, attendVote=false, lastRpcSendTime=0, lastRpcResponseTime=1387) yet, just keep nextIndex unchanged and retry.
2021-11-02 20:13:14,986 [grpc-default-executor-13] WARN  server.GrpcLogAppender (LogUtils.java:warn(122)) - omNode-2@group-523986131536->omNode-1-AppendLogResponseHandler: Failed appendEntries: org.apache.ratis.thirdparty.io.grpc.StatusRuntimeException: UNAVAILABLE: io exception
2021-11-02 20:13:14,986 [grpc-default-executor-13] WARN  server.GrpcLogAppender (GrpcLogAppender.java:resetClient(110)) - omNode-2@group-523986131536->omNode-1-GrpcLogAppender: Leader has not got in touch with Follower omNode-2@group-523986131536->omNode-1(c-1,m0,n0, attendVote=false, lastRpcSendTime=0, lastRpcResponseTime=1388) yet, just keep nextIndex unchanged and retry.
2021-11-02 20:13:14,986 [omNode-2@group-523986131536->omNode-1-GrpcLogAppender-LogAppenderDaemon] INFO  server.GrpcLogAppender (GrpcLogAppender.java:installSnapshot(550)) - omNode-2@group-523986131536->omNode-1-GrpcLogAppender: followerNextIndex = 0 but logStartIndex = 11, notify follower to install snapshot-(t:3, i:11)
2021-11-02 20:13:14,986 [omNode-2@group-523986131536->omNode-1-GrpcLogAppender-LogAppenderDaemon] INFO  server.GrpcLogAppender (GrpcLogAppender.java:installSnapshot(558)) - omNode-2@group-523986131536->omNode-1-GrpcLogAppender: send omNode-2->omNode-1#0-t8,notify:(t:3, i:11)
2021-11-02 20:13:14,986 [grpc-default-executor-13] WARN  server.GrpcLogAppender (LogUtils.java:warn(122)) - omNode-2@group-523986131536->omNode-1-InstallSnapshotResponseHandler: Failed InstallSnapshot: org.apache.ratis.thirdparty.io.grpc.StatusRuntimeException: UNAVAILABLE: io exception
2021-11-02 20:13:14,986 [grpc-default-executor-13] WARN  server.GrpcLogAppender (GrpcLogAppender.java:resetClient(110)) - omNode-2@group-523986131536->omNode-1-GrpcLogAppender: Leader has not got in touch with Follower omNode-2@group-523986131536->omNode-1(c-1,m0,n0, attendVote=false, lastRpcSendTime=0, lastRpcResponseTime=1388) yet, just keep nextIndex unchanged and retry.
2021-11-02 20:13:14,986 [grpc-default-executor-13] WARN  server.GrpcLogAppender (LogUtils.java:warn(122)) - omNode-2@group-523986131536->omNode-1-AppendLogResponseHandler: Failed appendEntries: org.apache.ratis.thirdparty.io.grpc.StatusRuntimeException: UNAVAILABLE: io exception
2021-11-02 20:13:14,986 [grpc-default-executor-13] WARN  server.GrpcLogAppender (GrpcLogAppender.java:resetClient(110)) - omNode-2@group-523986131536->omNode-1-GrpcLogAppender: Leader has not got in touch with Follower omNode-2@group-523986131536->omNode-1(c-1,m0,n0, attendVote=false, lastRpcSendTime=0, lastRpcResponseTime=1388) yet, just keep nextIndex unchanged and retry.
2021-11-02 20:13:14,987 [omNode-2@group-523986131536->omNode-1-GrpcLogAppender-LogAppenderDaemon] INFO  server.GrpcLogAppender (GrpcLogAppender.java:installSnapshot(550)) - omNode-2@group-523986131536->omNode-1-GrpcLogAppender: followerNextIndex = 0 but logStartIndex = 11, notify follower to install snapshot-(t:3, i:11)
2021-11-02 20:13:14,987 [omNode-2@group-523986131536->omNode-1-GrpcLogAppender-LogAppenderDaemon] INFO  server.GrpcLogAppender (GrpcLogAppender.java:installSnapshot(558)) - omNode-2@group-523986131536->omNode-1-GrpcLogAppender: send omNode-2->omNode-1#0-t8,notify:(t:3, i:11)
2021-11-02 20:13:14,987 [grpc-default-executor-13] WARN  server.GrpcLogAppender (LogUtils.java:warn(122)) - omNode-2@group-523986131536->omNode-1-InstallSnapshotResponseHandler: Failed InstallSnapshot: org.apache.ratis.thirdparty.io.grpc.StatusRuntimeException: UNAVAILABLE: io exception
2021-11-02 20:13:14,987 [grpc-default-executor-13] WARN  server.GrpcLogAppender (GrpcLogAppender.java:resetClient(110)) - omNode-2@group-523986131536->omNode-1-GrpcLogAppender: Leader has not got in touch with Follower omNode-2@group-523986131536->omNode-1(c-1,m0,n0, attendVote=false, lastRpcSendTime=0, lastRpcResponseTime=1388) yet, just keep nextIndex unchanged and retry.
2021-11-02 20:13:14,987 [grpc-default-executor-13] WARN  server.GrpcLogAppender (LogUtils.java:warn(122)) - omNode-2@group-523986131536->omNode-1-AppendLogResponseHandler: Failed appendEntries: org.apache.ratis.thirdparty.io.grpc.StatusRuntimeException: UNAVAILABLE: io exception
2021-11-02 20:13:14,987 [grpc-default-executor-13] WARN  server.GrpcLogAppender (GrpcLogAppender.java:resetClient(110)) - omNode-2@group-523986131536->omNode-1-GrpcLogAppender: Leader has not got in touch with Follower omNode-2@group-523986131536->omNode-1(c-1,m0,n0, attendVote=false, lastRpcSendTime=0, lastRpcResponseTime=1389) yet, just keep nextIndex unchanged and retry.
2021-11-02 20:13:14,987 [omNode-2@group-523986131536->omNode-1-GrpcLogAppender-LogAppenderDaemon] INFO  server.GrpcLogAppender (GrpcLogAppender.java:installSnapshot(550)) - omNode-2@group-523986131536->omNode-1-GrpcLogAppender: followerNextIndex = 0 but logStartIndex = 11, notify follower to install snapshot-(t:3, i:11)
2021-11-02 20:13:14,987 [omNode-2@group-523986131536->omNode-1-GrpcLogAppender-LogAppenderDaemon] INFO  server.GrpcLogAppender (GrpcLogAppender.java:installSnapshot(558)) - omNode-2@group-523986131536->omNode-1-GrpcLogAppender: send omNode-2->omNode-1#0-t8,notify:(t:3, i:11)
2021-11-02 20:13:14,987 [grpc-default-executor-13] WARN  server.GrpcLogAppender (LogUtils.java:warn(122)) - omNode-2@group-523986131536->omNode-1-InstallSnapshotResponseHandler: Failed InstallSnapshot: org.apache.ratis.thirdparty.io.grpc.StatusRuntimeException: UNAVAILABLE: io exception
2021-11-02 20:13:14,987 [grpc-default-executor-13] WARN  server.GrpcLogAppender (GrpcLogAppender.java:resetClient(110)) - omNode-2@group-523986131536->omNode-1-GrpcLogAppender: Leader has not got in touch with Follower omNode-2@group-523986131536->omNode-1(c-1,m0,n0, attendVote=false, lastRpcSendTime=0, lastRpcResponseTime=1389) yet, just keep nextIndex unchanged and retry.
2021-11-02 20:13:14,987 [grpc-default-executor-13] WARN  server.GrpcLogAppender (LogUtils.java:warn(122)) - omNode-2@group-523986131536->omNode-1-AppendLogResponseHandler: Failed appendEntries: org.apache.ratis.thirdparty.io.grpc.StatusRuntimeException: UNAVAILABLE: io exception
2021-11-02 20:13:14,987 [grpc-default-executor-13] WARN  server.GrpcLogAppender (GrpcLogAppender.java:resetClient(110)) - omNode-2@group-523986131536->omNode-1-GrpcLogAppender: Leader has not got in touch with Follower omNode-2@group-523986131536->omNode-1(c-1,m0,n0, attendVote=false, lastRpcSendTime=0, lastRpcResponseTime=1389) yet, just keep nextIndex unchanged and retry.
2021-11-02 20:13:14,988 [omNode-2@group-523986131536->omNode-1-GrpcLogAppender-LogAppenderDaemon] INFO  server.GrpcLogAppender (GrpcLogAppender.java:installSnapshot(550)) - omNode-2@group-523986131536->omNode-1-GrpcLogAppender: followerNextIndex = 0 but logStartIndex = 11, notify follower to install snapshot-(t:3, i:11)
2021-11-02 20:13:14,988 [omNode-2@group-523986131536->omNode-1-GrpcLogAppender-LogAppenderDaemon] INFO  server.GrpcLogAppender (GrpcLogAppender.java:installSnapshot(558)) - omNode-2@group-523986131536->omNode-1-GrpcLogAppender: send omNode-2->omNode-1#0-t8,notify:(t:3, i:11)
2021-11-02 20:13:14,988 [grpc-default-executor-13] WARN  server.GrpcLogAppender (LogUtils.java:warn(122)) - omNode-2@group-523986131536->omNode-1-InstallSnapshotResponseHandler: Failed InstallSnapshot: org.apache.ratis.thirdparty.io.grpc.StatusRuntimeException: UNAVAILABLE: io exception
2021-11-02 20:13:14,988 [grpc-default-executor-13] WARN  server.GrpcLogAppender (GrpcLogAppender.java:resetClient(110)) - omNode-2@group-523986131536->omNode-1-GrpcLogAppender: Leader has not got in touch with Follower omNode-2@group-523986131536->omNode-1(c-1,m0,n0, attendVote=false, lastRpcSendTime=0, lastRpcResponseTime=1389) yet, just keep nextIndex unchanged and retry.
2021-11-02 20:13:14,988 [grpc-default-executor-13] WARN  server.GrpcLogAppender (LogUtils.java:warn(122)) - omNode-2@group-523986131536->omNode-1-AppendLogResponseHandler: Failed appendEntries: org.apache.ratis.thirdparty.io.grpc.StatusRuntimeException: UNAVAILABLE: io exception
2021-11-02 20:13:14,988 [grpc-default-executor-13] WARN  server.GrpcLogAppender (GrpcLogAppender.java:resetClient(110)) - omNode-2@group-523986131536->omNode-1-GrpcLogAppender: Leader has not got in touch with Follower omNode-2@group-523986131536->omNode-1(c-1,m0,n0, attendVote=false, lastRpcSendTime=0, lastRpcResponseTime=1390) yet, just keep nextIndex unchanged and retry.
2021-11-02 20:13:14,988 [omNode-2@group-523986131536->omNode-1-GrpcLogAppender-LogAppenderDaemon] INFO  server.GrpcLogAppender (GrpcLogAppender.java:installSnapshot(550)) - omNode-2@group-523986131536->omNode-1-GrpcLogAppender: followerNextIndex = 0 but logStartIndex = 11, notify follower to install snapshot-(t:3, i:11)
2021-11-02 20:13:14,988 [omNode-2@group-523986131536->omNode-1-GrpcLogAppender-LogAppenderDaemon] INFO  server.GrpcLogAppender (GrpcLogAppender.java:installSnapshot(558)) - omNode-2@group-523986131536->omNode-1-GrpcLogAppender: send omNode-2->omNode-1#0-t8,notify:(t:3, i:11)
2021-11-02 20:13:14,988 [grpc-default-executor-13] WARN  server.GrpcLogAppender (LogUtils.java:warn(122)) - omNode-2@group-523986131536->omNode-1-InstallSnapshotResponseHandler: Failed InstallSnapshot: org.apache.ratis.thirdparty.io.grpc.StatusRuntimeException: UNAVAILABLE: io exception
2021-11-02 20:13:14,988 [grpc-default-executor-13] WARN  server.GrpcLogAppender (GrpcLogAppender.java:resetClient(110)) - omNode-2@group-523986131536->omNode-1-GrpcLogAppender: Leader has not got in touch with Follower omNode-2@group-523986131536->omNode-1(c-1,m0,n0, attendVote=false, lastRpcSendTime=0, lastRpcResponseTime=1390) yet, just keep nextIndex unchanged and retry.
2021-11-02 20:13:14,988 [grpc-default-executor-13] WARN  server.GrpcLogAppender (LogUtils.java:warn(122)) - omNode-2@group-523986131536->omNode-1-AppendLogResponseHandler: Failed appendEntries: org.apache.ratis.thirdparty.io.grpc.StatusRuntimeException: UNAVAILABLE: io exception
2021-11-02 20:13:14,988 [grpc-default-executor-13] WARN  server.GrpcLogAppender (GrpcLogAppender.java:resetClient(110)) - omNode-2@group-523986131536->omNode-1-GrpcLogAppender: Leader has not got in touch with Follower omNode-2@group-523986131536->omNode-1(c-1,m0,n0, attendVote=false, lastRpcSendTime=0, lastRpcResponseTime=1390) yet, just keep nextIndex unchanged and retry.
2021-11-02 20:13:14,989 [omNode-2@group-523986131536->omNode-1-GrpcLogAppender-LogAppenderDaemon] INFO  server.GrpcLogAppender (GrpcLogAppender.java:installSnapshot(550)) - omNode-2@group-523986131536->omNode-1-GrpcLogAppender: followerNextIndex = 0 but logStartIndex = 11, notify follower to install snapshot-(t:3, i:11)
2021-11-02 20:13:14,989 [omNode-2@group-523986131536->omNode-1-GrpcLogAppender-LogAppenderDaemon] INFO  server.GrpcLogAppender (GrpcLogAppender.java:installSnapshot(558)) - omNode-2@group-523986131536->omNode-1-GrpcLogAppender: send omNode-2->omNode-1#0-t8,notify:(t:3, i:11)
2021-11-02 20:13:14,989 [grpc-default-executor-13] WARN  server.GrpcLogAppender (LogUtils.java:warn(122)) - omNode-2@group-523986131536->omNode-1-InstallSnapshotResponseHandler: Failed InstallSnapshot: org.apache.ratis.thirdparty.io.grpc.StatusRuntimeException: UNAVAILABLE: io exception
2021-11-02 20:13:14,989 [grpc-default-executor-13] WARN  server.GrpcLogAppender (GrpcLogAppender.java:resetClient(110)) - omNode-2@group-523986131536->omNode-1-GrpcLogAppender: Leader has not got in touch with Follower omNode-2@group-523986131536->omNode-1(c-1,m0,n0, attendVote=false, lastRpcSendTime=0, lastRpcResponseTime=1390) yet, just keep nextIndex unchanged and retry.
2021-11-02 20:13:14,989 [grpc-default-executor-13] WARN  server.GrpcLogAppender (LogUtils.java:warn(122)) - omNode-2@group-523986131536->omNode-1-AppendLogResponseHandler: Failed appendEntries: org.apache.ratis.thirdparty.io.grpc.StatusRuntimeException: UNAVAILABLE: io exception
2021-11-02 20:13:14,989 [grpc-default-executor-13] WARN  server.GrpcLogAppender (GrpcLogAppender.java:resetClient(110)) - omNode-2@group-523986131536->omNode-1-GrpcLogAppender: Leader has not got in touch with Follower omNode-2@group-523986131536->omNode-1(c-1,m0,n0, attendVote=false, lastRpcSendTime=0, lastRpcResponseTime=1391) yet, just keep nextIndex unchanged and retry.
2021-11-02 20:13:14,989 [omNode-2@group-523986131536->omNode-1-GrpcLogAppender-LogAppenderDaemon] INFO  server.GrpcLogAppender (GrpcLogAppender.java:installSnapshot(550)) - omNode-2@group-523986131536->omNode-1-GrpcLogAppender: followerNextIndex = 0 but logStartIndex = 11, notify follower to install snapshot-(t:3, i:11)
2021-11-02 20:13:14,989 [omNode-2@group-523986131536->omNode-1-GrpcLogAppender-LogAppenderDaemon] INFO  server.GrpcLogAppender (GrpcLogAppender.java:installSnapshot(558)) - omNode-2@group-523986131536->omNode-1-GrpcLogAppender: send omNode-2->omNode-1#0-t8,notify:(t:3, i:11)
2021-11-02 20:13:14,989 [grpc-default-executor-13] WARN  server.GrpcLogAppender (LogUtils.java:warn(122)) - omNode-2@group-523986131536->omNode-1-InstallSnapshotResponseHandler: Failed InstallSnapshot: org.apache.ratis.thirdparty.io.grpc.StatusRuntimeException: UNAVAILABLE: io exception
2021-11-02 20:13:14,989 [grpc-default-executor-13] WARN  server.GrpcLogAppender (GrpcLogAppender.java:resetClient(110)) - omNode-2@group-523986131536->omNode-1-GrpcLogAppender: Leader has not got in touch with Follower omNode-2@group-523986131536->omNode-1(c-1,m0,n0, attendVote=false, lastRpcSendTime=0, lastRpcResponseTime=1391) yet, just keep nextIndex unchanged and retry.
2021-11-02 20:13:14,991 [grpc-default-executor-13] WARN  server.GrpcLogAppender (LogUtils.java:warn(122)) - omNode-2@group-523986131536->omNode-1-AppendLogResponseHandler: Failed appendEntries: org.apache.ratis.thirdparty.io.grpc.StatusRuntimeException: UNAVAILABLE: io exception
2021-11-02 20:13:14,991 [grpc-default-executor-13] WARN  server.GrpcLogAppender (GrpcLogAppender.java:resetClient(110)) - omNode-2@group-523986131536->omNode-1-GrpcLogAppender: Leader has not got in touch with Follower omNode-2@group-523986131536->omNode-1(c-1,m0,n0, attendVote=false, lastRpcSendTime=2, lastRpcResponseTime=1393) yet, just keep nextIndex unchanged and retry.
2021-11-02 20:13:14,992 [omNode-2@group-523986131536->omNode-1-GrpcLogAppender-LogAppenderDaemon] INFO  server.GrpcLogAppender (GrpcLogAppender.java:installSnapshot(550)) - omNode-2@group-523986131536->omNode-1-GrpcLogAppender: followerNextIndex = 0 but logStartIndex = 11, notify follower to install snapshot-(t:3, i:11)
2021-11-02 20:13:14,992 [omNode-2@group-523986131536->omNode-1-GrpcLogAppender-LogAppenderDaemon] INFO  server.GrpcLogAppender (GrpcLogAppender.java:installSnapshot(558)) - omNode-2@group-523986131536->omNode-1-GrpcLogAppender: send omNode-2->omNode-1#0-t8,notify:(t:3, i:11)
2021-11-02 20:13:14,994 [grpc-default-executor-13] WARN  server.GrpcLogAppender (LogUtils.java:warn(122)) - omNode-2@group-523986131536->omNode-1-InstallSnapshotResponseHandler: Failed InstallSnapshot: org.apache.ratis.thirdparty.io.grpc.StatusRuntimeException: UNAVAILABLE: io exception
2021-11-02 20:13:14,995 [grpc-default-executor-13] WARN  server.GrpcLogAppender (GrpcLogAppender.java:resetClient(110)) - omNode-2@group-523986131536->omNode-1-GrpcLogAppender: Leader has not got in touch with Follower omNode-2@group-523986131536->omNode-1(c-1,m0,n0, attendVote=false, lastRpcSendTime=2, lastRpcResponseTime=1396) yet, just keep nextIndex unchanged and retry.
2021-11-02 20:13:14,995 [grpc-default-executor-13] WARN  server.GrpcLogAppender (LogUtils.java:warn(122)) - omNode-2@group-523986131536->omNode-1-AppendLogResponseHandler: Failed appendEntries: org.apache.ratis.thirdparty.io.grpc.StatusRuntimeException: UNAVAILABLE: io exception
2021-11-02 20:13:14,996 [grpc-default-executor-13] WARN  server.GrpcLogAppender (GrpcLogAppender.java:resetClient(110)) - omNode-2@group-523986131536->omNode-1-GrpcLogAppender: Leader has not got in touch with Follower omNode-2@group-523986131536->omNode-1(c-1,m0,n0, attendVote=false, lastRpcSendTime=0, lastRpcResponseTime=1398) yet, just keep nextIndex unchanged and retry.
2021-11-02 20:13:14,997 [omNode-2@group-523986131536->omNode-1-GrpcLogAppender-LogAppenderDaemon] INFO  server.GrpcLogAppender (GrpcLogAppender.java:installSnapshot(550)) - omNode-2@group-523986131536->omNode-1-GrpcLogAppender: followerNextIndex = 0 but logStartIndex = 11, notify follower to install snapshot-(t:3, i:11)
2021-11-02 20:13:14,997 [omNode-2@group-523986131536->omNode-1-GrpcLogAppender-LogAppenderDaemon] INFO  server.GrpcLogAppender (GrpcLogAppender.java:installSnapshot(558)) - omNode-2@group-523986131536->omNode-1-GrpcLogAppender: send omNode-2->omNode-1#0-t8,notify:(t:3, i:11)
2021-11-02 20:13:14,997 [grpc-default-executor-13] WARN  server.GrpcLogAppender (LogUtils.java:warn(122)) - omNode-2@group-523986131536->omNode-1-InstallSnapshotResponseHandler: Failed InstallSnapshot: org.apache.ratis.thirdparty.io.grpc.StatusRuntimeException: UNAVAILABLE: io exception
2021-11-02 20:13:14,997 [grpc-default-executor-13] WARN  server.GrpcLogAppender (GrpcLogAppender.java:resetClient(110)) - omNode-2@group-523986131536->omNode-1-GrpcLogAppender: Leader has not got in touch with Follower omNode-2@group-523986131536->omNode-1(c-1,m0,n0, attendVote=false, lastRpcSendTime=0, lastRpcResponseTime=1399) yet, just keep nextIndex unchanged and retry.
2021-11-02 20:13:14,997 [omNode-2@group-523986131536->omNode-1-GrpcLogAppender-LogAppenderDaemon] INFO  server.GrpcLogAppender (GrpcLogAppender.java:installSnapshot(550)) - omNode-2@group-523986131536->omNode-1-GrpcLogAppender: followerNextIndex = 0 but logStartIndex = 11, notify follower to install snapshot-(t:3, i:11)
2021-11-02 20:13:14,997 [omNode-2@group-523986131536->omNode-1-GrpcLogAppender-LogAppenderDaemon] INFO  server.GrpcLogAppender (GrpcLogAppender.java:installSnapshot(558)) - omNode-2@group-523986131536->omNode-1-GrpcLogAppender: send omNode-2->omNode-1#0-t8,notify:(t:3, i:11)
2021-11-02 20:13:14,998 [grpc-default-executor-11] WARN  server.GrpcLogAppender (LogUtils.java:warn(122)) - omNode-2@group-523986131536->omNode-1-AppendLogResponseHandler: Failed appendEntries: org.apache.ratis.thirdparty.io.grpc.StatusRuntimeException: UNAVAILABLE: io exception
2021-11-02 20:13:14,998 [grpc-default-executor-11] WARN  server.GrpcLogAppender (GrpcLogAppender.java:resetClient(110)) - omNode-2@group-523986131536->omNode-1-GrpcLogAppender: Leader has not got in touch with Follower omNode-2@group-523986131536->omNode-1(c-1,m0,n0, attendVote=false, lastRpcSendTime=0, lastRpcResponseTime=1400) yet, just keep nextIndex unchanged and retry.
2021-11-02 20:13:14,998 [grpc-default-executor-13] WARN  server.GrpcLogAppender (LogUtils.java:warn(122)) - omNode-2@group-523986131536->omNode-1-InstallSnapshotResponseHandler: Failed InstallSnapshot: org.apache.ratis.thirdparty.io.grpc.StatusRuntimeException: UNAVAILABLE: io exception
2021-11-02 20:13:14,998 [grpc-default-executor-13] WARN  server.GrpcLogAppender (GrpcLogAppender.java:resetClient(110)) - omNode-2@group-523986131536->omNode-1-GrpcLogAppender: Leader has not got in touch with Follower omNode-2@group-523986131536->omNode-1(c-1,m0,n0, attendVote=false, lastRpcSendTime=0, lastRpcResponseTime=1400) yet, just keep nextIndex unchanged and retry.
2021-11-02 20:13:15,000 [omNode-2@group-523986131536->omNode-1-GrpcLogAppender-LogAppenderDaemon] INFO  server.GrpcLogAppender (GrpcLogAppender.java:installSnapshot(550)) - omNode-2@group-523986131536->omNode-1-GrpcLogAppender: followerNextIndex = 0 but logStartIndex = 11, notify follower to install snapshot-(t:3, i:11)
2021-11-02 20:13:15,000 [omNode-2@group-523986131536->omNode-1-GrpcLogAppender-LogAppenderDaemon] INFO  server.GrpcLogAppender (GrpcLogAppender.java:installSnapshot(558)) - omNode-2@group-523986131536->omNode-1-GrpcLogAppender: send omNode-2->omNode-1#0-t8,notify:(t:3, i:11)
2021-11-02 20:13:15,000 [grpc-default-executor-12] WARN  server.GrpcLogAppender (LogUtils.java:warn(122)) - omNode-2@group-523986131536->omNode-1-AppendLogResponseHandler: Failed appendEntries: org.apache.ratis.thirdparty.io.grpc.StatusRuntimeException: UNAVAILABLE: io exception
2021-11-02 20:13:15,000 [grpc-default-executor-12] WARN  server.GrpcLogAppender (GrpcLogAppender.java:resetClient(110)) - omNode-2@group-523986131536->omNode-1-GrpcLogAppender: Leader has not got in touch with Follower omNode-2@group-523986131536->omNode-1(c-1,m0,n0, attendVote=false, lastRpcSendTime=0, lastRpcResponseTime=1402) yet, just keep nextIndex unchanged and retry.
2021-11-02 20:13:15,000 [grpc-default-executor-12] WARN  server.GrpcLogAppender (LogUtils.java:warn(122)) - omNode-2@group-523986131536->omNode-1-InstallSnapshotResponseHandler: Failed InstallSnapshot: org.apache.ratis.thirdparty.io.grpc.StatusRuntimeException: UNAVAILABLE: io exception
2021-11-02 20:13:15,000 [grpc-default-executor-12] WARN  server.GrpcLogAppender (GrpcLogAppender.java:resetClient(110)) - omNode-2@group-523986131536->omNode-1-GrpcLogAppender: Leader has not got in touch with Follower omNode-2@group-523986131536->omNode-1(c-1,m0,n0, attendVote=false, lastRpcSendTime=0, lastRpcResponseTime=1402) yet, just keep nextIndex unchanged and retry.
2021-11-02 20:13:15,001 [grpc-default-executor-13] WARN  server.GrpcLogAppender (LogUtils.java:warn(122)) - omNode-2@group-523986131536->omNode-1-AppendLogResponseHandler: Failed appendEntries: org.apache.ratis.thirdparty.io.grpc.StatusRuntimeException: UNAVAILABLE: io exception
2021-11-02 20:13:15,001 [omNode-2@group-523986131536->omNode-1-GrpcLogAppender-LogAppenderDaemon] INFO  server.GrpcLogAppender (GrpcLogAppender.java:installSnapshot(550)) - omNode-2@group-523986131536->omNode-1-GrpcLogAppender: followerNextIndex = 0 but logStartIndex = 11, notify follower to install snapshot-(t:3, i:11)
2021-11-02 20:13:15,001 [omNode-2@group-523986131536->omNode-1-GrpcLogAppender-LogAppenderDaemon] INFO  server.GrpcLogAppender (GrpcLogAppender.java:installSnapshot(558)) - omNode-2@group-523986131536->omNode-1-GrpcLogAppender: send omNode-2->omNode-1#0-t8,notify:(t:3, i:11)
2021-11-02 20:13:15,001 [grpc-default-executor-13] WARN  server.GrpcLogAppender (GrpcLogAppender.java:resetClient(110)) - omNode-2@group-523986131536->omNode-1-GrpcLogAppender: Leader has not got in touch with Follower omNode-2@group-523986131536->omNode-1(c-1,m0,n0, attendVote=false, lastRpcSendTime=0, lastRpcResponseTime=1402) yet, just keep nextIndex unchanged and retry.
2021-11-02 20:13:15,001 [grpc-default-executor-12] WARN  server.GrpcLogAppender (LogUtils.java:warn(122)) - omNode-2@group-523986131536->omNode-1-InstallSnapshotResponseHandler: Failed InstallSnapshot: org.apache.ratis.thirdparty.io.grpc.StatusRuntimeException: UNAVAILABLE: io exception
2021-11-02 20:13:15,001 [grpc-default-executor-12] WARN  server.GrpcLogAppender (GrpcLogAppender.java:resetClient(110)) - omNode-2@group-523986131536->omNode-1-GrpcLogAppender: Leader has not got in touch with Follower omNode-2@group-523986131536->omNode-1(c-1,m0,n0, attendVote=false, lastRpcSendTime=0, lastRpcResponseTime=1403) yet, just keep nextIndex unchanged and retry.
2021-11-02 20:13:15,002 [omNode-2@group-523986131536->omNode-1-GrpcLogAppender-LogAppenderDaemon] INFO  server.GrpcLogAppender (GrpcLogAppender.java:installSnapshot(550)) - omNode-2@group-523986131536->omNode-1-GrpcLogAppender: followerNextIndex = 0 but logStartIndex = 11, notify follower to install snapshot-(t:3, i:11)
2021-11-02 20:13:15,002 [omNode-2@group-523986131536->omNode-1-GrpcLogAppender-LogAppenderDaemon] INFO  server.GrpcLogAppender (GrpcLogAppender.java:installSnapshot(558)) - omNode-2@group-523986131536->omNode-1-GrpcLogAppender: send omNode-2->omNode-1#0-t8,notify:(t:3, i:11)
2021-11-02 20:13:15,002 [grpc-default-executor-13] WARN  server.GrpcLogAppender (LogUtils.java:warn(122)) - omNode-2@group-523986131536->omNode-1-AppendLogResponseHandler: Failed appendEntries: org.apache.ratis.thirdparty.io.grpc.StatusRuntimeException: UNAVAILABLE: io exception
2021-11-02 20:13:15,002 [grpc-default-executor-13] WARN  server.GrpcLogAppender (GrpcLogAppender.java:resetClient(110)) - omNode-2@group-523986131536->omNode-1-GrpcLogAppender: Leader has not got in touch with Follower omNode-2@group-523986131536->omNode-1(c-1,m0,n0, attendVote=false, lastRpcSendTime=0, lastRpcResponseTime=1404) yet, just keep nextIndex unchanged and retry.
2021-11-02 20:13:15,003 [grpc-default-executor-12] WARN  server.GrpcLogAppender (LogUtils.java:warn(122)) - omNode-2@group-523986131536->omNode-1-InstallSnapshotResponseHandler: Failed InstallSnapshot: org.apache.ratis.thirdparty.io.grpc.StatusRuntimeException: UNAVAILABLE: io exception
2021-11-02 20:13:15,003 [grpc-default-executor-12] WARN  server.GrpcLogAppender (GrpcLogAppender.java:resetClient(110)) - omNode-2@group-523986131536->omNode-1-GrpcLogAppender: Leader has not got in touch with Follower omNode-2@group-523986131536->omNode-1(c-1,m0,n0, attendVote=false, lastRpcSendTime=0, lastRpcResponseTime=1404) yet, just keep nextIndex unchanged and retry.
2021-11-02 20:13:15,004 [grpc-default-executor-13] WARN  server.GrpcLogAppender (LogUtils.java:warn(122)) - omNode-2@group-523986131536->omNode-1-AppendLogResponseHandler: Failed appendEntries: org.apache.ratis.thirdparty.io.grpc.StatusRuntimeException: UNAVAILABLE: io exception
2021-11-02 20:13:15,005 [grpc-default-executor-13] WARN  server.GrpcLogAppender (GrpcLogAppender.java:resetClient(110)) - omNode-2@group-523986131536->omNode-1-GrpcLogAppender: Leader has not got in touch with Follower omNode-2@group-523986131536->omNode-1(c-1,m0,n0, attendVote=false, lastRpcSendTime=2, lastRpcResponseTime=1406) yet, just keep nextIndex unchanged and retry.
2021-11-02 20:13:15,005 [omNode-2@group-523986131536->omNode-1-GrpcLogAppender-LogAppenderDaemon] INFO  server.GrpcLogAppender (GrpcLogAppender.java:installSnapshot(550)) - omNode-2@group-523986131536->omNode-1-GrpcLogAppender: followerNextIndex = 0 but logStartIndex = 11, notify follower to install snapshot-(t:3, i:11)
2021-11-02 20:13:15,005 [omNode-2@group-523986131536->omNode-1-GrpcLogAppender-LogAppenderDaemon] INFO  server.GrpcLogAppender (GrpcLogAppender.java:installSnapshot(558)) - omNode-2@group-523986131536->omNode-1-GrpcLogAppender: send omNode-2->omNode-1#0-t8,notify:(t:3, i:11)
2021-11-02 20:13:15,005 [grpc-default-executor-12] WARN  server.GrpcLogAppender (LogUtils.java:warn(122)) - omNode-2@group-523986131536->omNode-1-InstallSnapshotResponseHandler: Failed InstallSnapshot: org.apache.ratis.thirdparty.io.grpc.StatusRuntimeException: UNAVAILABLE: io exception
2021-11-02 20:13:15,006 [grpc-default-executor-12] WARN  server.GrpcLogAppender (GrpcLogAppender.java:resetClient(110)) - omNode-2@group-523986131536->omNode-1-GrpcLogAppender: Leader has not got in touch with Follower omNode-2@group-523986131536->omNode-1(c-1,m0,n0, attendVote=false, lastRpcSendTime=0, lastRpcResponseTime=1407) yet, just keep nextIndex unchanged and retry.
2021-11-02 20:13:15,006 [grpc-default-executor-13] WARN  server.GrpcLogAppender (LogUtils.java:warn(122)) - omNode-2@group-523986131536->omNode-1-AppendLogResponseHandler: Failed appendEntries: org.apache.ratis.thirdparty.io.grpc.StatusRuntimeException: UNAVAILABLE: io exception
2021-11-02 20:13:15,006 [omNode-2@group-523986131536->omNode-1-GrpcLogAppender-LogAppenderDaemon] INFO  server.GrpcLogAppender (GrpcLogAppender.java:installSnapshot(550)) - omNode-2@group-523986131536->omNode-1-GrpcLogAppender: followerNextIndex = 0 but logStartIndex = 11, notify follower to install snapshot-(t:3, i:11)
2021-11-02 20:13:15,006 [omNode-2@group-523986131536->omNode-1-GrpcLogAppender-LogAppenderDaemon] INFO  server.GrpcLogAppender (GrpcLogAppender.java:installSnapshot(558)) - omNode-2@group-523986131536->omNode-1-GrpcLogAppender: send omNode-2->omNode-1#0-t8,notify:(t:3, i:11)
2021-11-02 20:13:15,006 [grpc-default-executor-13] WARN  server.GrpcLogAppender (GrpcLogAppender.java:resetClient(110)) - omNode-2@group-523986131536->omNode-1-GrpcLogAppender: Leader has not got in touch with Follower omNode-2@group-523986131536->omNode-1(c-1,m0,n0, attendVote=false, lastRpcSendTime=0, lastRpcResponseTime=1408) yet, just keep nextIndex unchanged and retry.
2021-11-02 20:13:15,006 [grpc-default-executor-12] WARN  server.GrpcLogAppender (LogUtils.java:warn(122)) - omNode-2@group-523986131536->omNode-1-InstallSnapshotResponseHandler: Failed InstallSnapshot: org.apache.ratis.thirdparty.io.grpc.StatusRuntimeException: UNAVAILABLE: io exception
2021-11-02 20:13:15,006 [grpc-default-executor-12] WARN  server.GrpcLogAppender (GrpcLogAppender.java:resetClient(110)) - omNode-2@group-523986131536->omNode-1-GrpcLogAppender: Leader has not got in touch with Follower omNode-2@group-523986131536->omNode-1(c-1,m0,n0, attendVote=false, lastRpcSendTime=0, lastRpcResponseTime=1408) yet, just keep nextIndex unchanged and retry.
2021-11-02 20:13:15,006 [grpc-default-executor-12] WARN  server.GrpcLogAppender (LogUtils.java:warn(122)) - omNode-2@group-523986131536->omNode-1-AppendLogResponseHandler: Failed appendEntries: org.apache.ratis.thirdparty.io.grpc.StatusRuntimeException: UNAVAILABLE: io exception
2021-11-02 20:13:15,006 [grpc-default-executor-12] WARN  server.GrpcLogAppender (GrpcLogAppender.java:resetClient(110)) - omNode-2@group-523986131536->omNode-1-GrpcLogAppender: Leader has not got in touch with Follower omNode-2@group-523986131536->omNode-1(c-1,m0,n0, attendVote=false, lastRpcSendTime=0, lastRpcResponseTime=1408) yet, just keep nextIndex unchanged and retry.
2021-11-02 20:13:15,006 [omNode-2@group-523986131536->omNode-1-GrpcLogAppender-LogAppenderDaemon] INFO  server.GrpcLogAppender (GrpcLogAppender.java:installSnapshot(550)) - omNode-2@group-523986131536->omNode-1-GrpcLogAppender: followerNextIndex = 0 but logStartIndex = 11, notify follower to install snapshot-(t:3, i:11)
2021-11-02 20:13:15,006 [omNode-2@group-523986131536->omNode-1-GrpcLogAppender-LogAppenderDaemon] INFO  server.GrpcLogAppender (GrpcLogAppender.java:installSnapshot(558)) - omNode-2@group-523986131536->omNode-1-GrpcLogAppender: send omNode-2->omNode-1#0-t8,notify:(t:3, i:11)
2021-11-02 20:13:15,007 [grpc-default-executor-12] WARN  server.GrpcLogAppender (LogUtils.java:warn(122)) - omNode-2@group-523986131536->omNode-1-InstallSnapshotResponseHandler: Failed InstallSnapshot: org.apache.ratis.thirdparty.io.grpc.StatusRuntimeException: UNAVAILABLE: io exception
2021-11-02 20:13:15,007 [grpc-default-executor-12] WARN  server.GrpcLogAppender (GrpcLogAppender.java:resetClient(110)) - omNode-2@group-523986131536->omNode-1-GrpcLogAppender: Leader has not got in touch with Follower omNode-2@group-523986131536->omNode-1(c-1,m0,n0, attendVote=false, lastRpcSendTime=0, lastRpcResponseTime=1408) yet, just keep nextIndex unchanged and retry.
2021-11-02 20:13:15,007 [grpc-default-executor-12] WARN  server.GrpcLogAppender (LogUtils.java:warn(122)) - omNode-2@group-523986131536->omNode-1-AppendLogResponseHandler: Failed appendEntries: org.apache.ratis.thirdparty.io.grpc.StatusRuntimeException: UNAVAILABLE: io exception
2021-11-02 20:13:15,007 [grpc-default-executor-12] WARN  server.GrpcLogAppender (GrpcLogAppender.java:resetClient(110)) - omNode-2@group-523986131536->omNode-1-GrpcLogAppender: Leader has not got in touch with Follower omNode-2@group-523986131536->omNode-1(c-1,m0,n0, attendVote=false, lastRpcSendTime=0, lastRpcResponseTime=1408) yet, just keep nextIndex unchanged and retry.
2021-11-02 20:13:15,007 [omNode-2@group-523986131536->omNode-1-GrpcLogAppender-LogAppenderDaemon] INFO  server.GrpcLogAppender (GrpcLogAppender.java:installSnapshot(550)) - omNode-2@group-523986131536->omNode-1-GrpcLogAppender: followerNextIndex = 0 but logStartIndex = 11, notify follower to install snapshot-(t:3, i:11)
2021-11-02 20:13:15,007 [omNode-2@group-523986131536->omNode-1-GrpcLogAppender-LogAppenderDaemon] INFO  server.GrpcLogAppender (GrpcLogAppender.java:installSnapshot(558)) - omNode-2@group-523986131536->omNode-1-GrpcLogAppender: send omNode-2->omNode-1#0-t8,notify:(t:3, i:11)
2021-11-02 20:13:15,007 [grpc-default-executor-12] WARN  server.GrpcLogAppender (LogUtils.java:warn(122)) - omNode-2@group-523986131536->omNode-1-InstallSnapshotResponseHandler: Failed InstallSnapshot: org.apache.ratis.thirdparty.io.grpc.StatusRuntimeException: UNAVAILABLE: io exception
2021-11-02 20:13:15,007 [grpc-default-executor-12] WARN  server.GrpcLogAppender (GrpcLogAppender.java:resetClient(110)) - omNode-2@group-523986131536->omNode-1-GrpcLogAppender: Leader has not got in touch with Follower omNode-2@group-523986131536->omNode-1(c-1,m0,n0, attendVote=false, lastRpcSendTime=0, lastRpcResponseTime=1409) yet, just keep nextIndex unchanged and retry.
2021-11-02 20:13:15,007 [grpc-default-executor-12] WARN  server.GrpcLogAppender (LogUtils.java:warn(122)) - omNode-2@group-523986131536->omNode-1-AppendLogResponseHandler: Failed appendEntries: org.apache.ratis.thirdparty.io.grpc.StatusRuntimeException: UNAVAILABLE: io exception
2021-11-02 20:13:15,007 [grpc-default-executor-12] WARN  server.GrpcLogAppender (GrpcLogAppender.java:resetClient(110)) - omNode-2@group-523986131536->omNode-1-GrpcLogAppender: Leader has not got in touch with Follower omNode-2@group-523986131536->omNode-1(c-1,m0,n0, attendVote=false, lastRpcSendTime=0, lastRpcResponseTime=1409) yet, just keep nextIndex unchanged and retry.
2021-11-02 20:13:15,007 [omNode-2@group-523986131536->omNode-1-GrpcLogAppender-LogAppenderDaemon] INFO  server.GrpcLogAppender (GrpcLogAppender.java:installSnapshot(550)) - omNode-2@group-523986131536->omNode-1-GrpcLogAppender: followerNextIndex = 0 but logStartIndex = 11, notify follower to install snapshot-(t:3, i:11)
2021-11-02 20:13:15,008 [omNode-2@group-523986131536->omNode-1-GrpcLogAppender-LogAppenderDaemon] INFO  server.GrpcLogAppender (GrpcLogAppender.java:installSnapshot(558)) - omNode-2@group-523986131536->omNode-1-GrpcLogAppender: send omNode-2->omNode-1#0-t8,notify:(t:3, i:11)
2021-11-02 20:13:15,008 [grpc-default-executor-12] WARN  server.GrpcLogAppender (LogUtils.java:warn(122)) - omNode-2@group-523986131536->omNode-1-InstallSnapshotResponseHandler: Failed InstallSnapshot: org.apache.ratis.thirdparty.io.grpc.StatusRuntimeException: UNAVAILABLE: io exception
2021-11-02 20:13:15,008 [grpc-default-executor-12] WARN  server.GrpcLogAppender (GrpcLogAppender.java:resetClient(110)) - omNode-2@group-523986131536->omNode-1-GrpcLogAppender: Leader has not got in touch with Follower omNode-2@group-523986131536->omNode-1(c-1,m0,n0, attendVote=false, lastRpcSendTime=0, lastRpcResponseTime=1409) yet, just keep nextIndex unchanged and retry.
2021-11-02 20:13:15,008 [grpc-default-executor-12] WARN  server.GrpcLogAppender (LogUtils.java:warn(122)) - omNode-2@group-523986131536->omNode-1-AppendLogResponseHandler: Failed appendEntries: org.apache.ratis.thirdparty.io.grpc.StatusRuntimeException: UNAVAILABLE: io exception
2021-11-02 20:13:15,008 [grpc-default-executor-12] WARN  server.GrpcLogAppender (GrpcLogAppender.java:resetClient(110)) - omNode-2@group-523986131536->omNode-1-GrpcLogAppender: Leader has not got in touch with Follower omNode-2@group-523986131536->omNode-1(c-1,m0,n0, attendVote=false, lastRpcSendTime=0, lastRpcResponseTime=1409) yet, just keep nextIndex unchanged and retry.
2021-11-02 20:13:15,008 [omNode-2@group-523986131536->omNode-1-GrpcLogAppender-LogAppenderDaemon] INFO  server.GrpcLogAppender (GrpcLogAppender.java:installSnapshot(550)) - omNode-2@group-523986131536->omNode-1-GrpcLogAppender: followerNextIndex = 0 but logStartIndex = 11, notify follower to install snapshot-(t:3, i:11)
2021-11-02 20:13:15,008 [omNode-2@group-523986131536->omNode-1-GrpcLogAppender-LogAppenderDaemon] INFO  server.GrpcLogAppender (GrpcLogAppender.java:installSnapshot(558)) - omNode-2@group-523986131536->omNode-1-GrpcLogAppender: send omNode-2->omNode-1#0-t8,notify:(t:3, i:11)
2021-11-02 20:13:15,008 [grpc-default-executor-12] WARN  server.GrpcLogAppender (LogUtils.java:warn(122)) - omNode-2@group-523986131536->omNode-1-InstallSnapshotResponseHandler: Failed InstallSnapshot: org.apache.ratis.thirdparty.io.grpc.StatusRuntimeException: UNAVAILABLE: io exception
2021-11-02 20:13:15,008 [grpc-default-executor-12] WARN  server.GrpcLogAppender (GrpcLogAppender.java:resetClient(110)) - omNode-2@group-523986131536->omNode-1-GrpcLogAppender: Leader has not got in touch with Follower omNode-2@group-523986131536->omNode-1(c-1,m0,n0, attendVote=false, lastRpcSendTime=0, lastRpcResponseTime=1410) yet, just keep nextIndex unchanged and retry.
2021-11-02 20:13:15,008 [grpc-default-executor-12] WARN  server.GrpcLogAppender (LogUtils.java:warn(122)) - omNode-2@group-523986131536->omNode-1-AppendLogResponseHandler: Failed appendEntries: org.apache.ratis.thirdparty.io.grpc.StatusRuntimeException: UNAVAILABLE: io exception
2021-11-02 20:13:15,008 [grpc-default-executor-12] WARN  server.GrpcLogAppender (GrpcLogAppender.java:resetClient(110)) - omNode-2@group-523986131536->omNode-1-GrpcLogAppender: Leader has not got in touch with Follower omNode-2@group-523986131536->omNode-1(c-1,m0,n0, attendVote=false, lastRpcSendTime=0, lastRpcResponseTime=1410) yet, just keep nextIndex unchanged and retry.
2021-11-02 20:13:15,008 [omNode-2@group-523986131536->omNode-1-GrpcLogAppender-LogAppenderDaemon] INFO  server.GrpcLogAppender (GrpcLogAppender.java:installSnapshot(550)) - omNode-2@group-523986131536->omNode-1-GrpcLogAppender: followerNextIndex = 0 but logStartIndex = 11, notify follower to install snapshot-(t:3, i:11)
2021-11-02 20:13:15,009 [omNode-2@group-523986131536->omNode-1-GrpcLogAppender-LogAppenderDaemon] INFO  server.GrpcLogAppender (GrpcLogAppender.java:installSnapshot(558)) - omNode-2@group-523986131536->omNode-1-GrpcLogAppender: send omNode-2->omNode-1#0-t8,notify:(t:3, i:11)
2021-11-02 20:13:15,009 [grpc-default-executor-12] WARN  server.GrpcLogAppender (LogUtils.java:warn(122)) - omNode-2@group-523986131536->omNode-1-InstallSnapshotResponseHandler: Failed InstallSnapshot: org.apache.ratis.thirdparty.io.grpc.StatusRuntimeException: UNAVAILABLE: io exception
2021-11-02 20:13:15,009 [grpc-default-executor-12] WARN  server.GrpcLogAppender (GrpcLogAppender.java:resetClient(110)) - omNode-2@group-523986131536->omNode-1-GrpcLogAppender: Leader has not got in touch with Follower omNode-2@group-523986131536->omNode-1(c-1,m0,n0, attendVote=false, lastRpcSendTime=0, lastRpcResponseTime=1410) yet, just keep nextIndex unchanged and retry.
2021-11-02 20:13:15,009 [grpc-default-executor-12] WARN  server.GrpcLogAppender (LogUtils.java:warn(122)) - omNode-2@group-523986131536->omNode-1-AppendLogResponseHandler: Failed appendEntries: org.apache.ratis.thirdparty.io.grpc.StatusRuntimeException: UNAVAILABLE: io exception
2021-11-02 20:13:15,009 [grpc-default-executor-12] WARN  server.GrpcLogAppender (GrpcLogAppender.java:resetClient(110)) - omNode-2@group-523986131536->omNode-1-GrpcLogAppender: Leader has not got in touch with Follower omNode-2@group-523986131536->omNode-1(c-1,m0,n0, attendVote=false, lastRpcSendTime=0, lastRpcResponseTime=1411) yet, just keep nextIndex unchanged and retry.
2021-11-02 20:13:15,009 [omNode-2@group-523986131536->omNode-1-GrpcLogAppender-LogAppenderDaemon] INFO  server.GrpcLogAppender (GrpcLogAppender.java:installSnapshot(550)) - omNode-2@group-523986131536->omNode-1-GrpcLogAppender: followerNextIndex = 0 but logStartIndex = 11, notify follower to install snapshot-(t:3, i:11)
2021-11-02 20:13:15,009 [omNode-2@group-523986131536->omNode-1-GrpcLogAppender-LogAppenderDaemon] INFO  server.GrpcLogAppender (GrpcLogAppender.java:installSnapshot(558)) - omNode-2@group-523986131536->omNode-1-GrpcLogAppender: send omNode-2->omNode-1#0-t8,notify:(t:3, i:11)
2021-11-02 20:13:15,009 [grpc-default-executor-12] WARN  server.GrpcLogAppender (LogUtils.java:warn(122)) - omNode-2@group-523986131536->omNode-1-InstallSnapshotResponseHandler: Failed InstallSnapshot: org.apache.ratis.thirdparty.io.grpc.StatusRuntimeException: UNAVAILABLE: io exception
2021-11-02 20:13:15,009 [grpc-default-executor-12] WARN  server.GrpcLogAppender (GrpcLogAppender.java:resetClient(110)) - omNode-2@group-523986131536->omNode-1-GrpcLogAppender: Leader has not got in touch with Follower omNode-2@group-523986131536->omNode-1(c-1,m0,n0, attendVote=false, lastRpcSendTime=0, lastRpcResponseTime=1411) yet, just keep nextIndex unchanged and retry.
2021-11-02 20:13:15,009 [grpc-default-executor-12] WARN  server.GrpcLogAppender (LogUtils.java:warn(122)) - omNode-2@group-523986131536->omNode-1-AppendLogResponseHandler: Failed appendEntries: org.apache.ratis.thirdparty.io.grpc.StatusRuntimeException: UNAVAILABLE: io exception
2021-11-02 20:13:15,009 [grpc-default-executor-12] WARN  server.GrpcLogAppender (GrpcLogAppender.java:resetClient(110)) - omNode-2@group-523986131536->omNode-1-GrpcLogAppender: Leader has not got in touch with Follower omNode-2@group-523986131536->omNode-1(c-1,m0,n0, attendVote=false, lastRpcSendTime=0, lastRpcResponseTime=1411) yet, just keep nextIndex unchanged and retry.
2021-11-02 20:13:15,010 [omNode-2@group-523986131536->omNode-1-GrpcLogAppender-LogAppenderDaemon] INFO  server.GrpcLogAppender (GrpcLogAppender.java:installSnapshot(550)) - omNode-2@group-523986131536->omNode-1-GrpcLogAppender: followerNextIndex = 0 but logStartIndex = 11, notify follower to install snapshot-(t:3, i:11)
2021-11-02 20:13:15,010 [omNode-2@group-523986131536->omNode-1-GrpcLogAppender-LogAppenderDaemon] INFO  server.GrpcLogAppender (GrpcLogAppender.java:installSnapshot(558)) - omNode-2@group-523986131536->omNode-1-GrpcLogAppender: send omNode-2->omNode-1#0-t8,notify:(t:3, i:11)
2021-11-02 20:13:15,010 [grpc-default-executor-12] WARN  server.GrpcLogAppender (LogUtils.java:warn(122)) - omNode-2@group-523986131536->omNode-1-InstallSnapshotResponseHandler: Failed InstallSnapshot: org.apache.ratis.thirdparty.io.grpc.StatusRuntimeException: UNAVAILABLE: io exception
2021-11-02 20:13:15,010 [grpc-default-executor-12] WARN  server.GrpcLogAppender (GrpcLogAppender.java:resetClient(110)) - omNode-2@group-523986131536->omNode-1-GrpcLogAppender: Leader has not got in touch with Follower omNode-2@group-523986131536->omNode-1(c-1,m0,n0, attendVote=false, lastRpcSendTime=0, lastRpcResponseTime=1411) yet, just keep nextIndex unchanged and retry.
2021-11-02 20:13:15,010 [grpc-default-executor-12] WARN  server.GrpcLogAppender (LogUtils.java:warn(122)) - omNode-2@group-523986131536->omNode-1-AppendLogResponseHandler: Failed appendEntries: org.apache.ratis.thirdparty.io.grpc.StatusRuntimeException: UNAVAILABLE: io exception
2021-11-02 20:13:15,010 [grpc-default-executor-12] WARN  server.GrpcLogAppender (GrpcLogAppender.java:resetClient(110)) - omNode-2@group-523986131536->omNode-1-GrpcLogAppender: Leader has not got in touch with Follower omNode-2@group-523986131536->omNode-1(c-1,m0,n0, attendVote=false, lastRpcSendTime=0, lastRpcResponseTime=1412) yet, just keep nextIndex unchanged and retry.
2021-11-02 20:13:15,010 [omNode-2@group-523986131536->omNode-1-GrpcLogAppender-LogAppenderDaemon] INFO  server.GrpcLogAppender (GrpcLogAppender.java:installSnapshot(550)) - omNode-2@group-523986131536->omNode-1-GrpcLogAppender: followerNextIndex = 0 but logStartIndex = 11, notify follower to install snapshot-(t:3, i:11)
2021-11-02 20:13:15,010 [omNode-2@group-523986131536->omNode-1-GrpcLogAppender-LogAppenderDaemon] INFO  server.GrpcLogAppender (GrpcLogAppender.java:installSnapshot(558)) - omNode-2@group-523986131536->omNode-1-GrpcLogAppender: send omNode-2->omNode-1#0-t8,notify:(t:3, i:11)
2021-11-02 20:13:15,010 [grpc-default-executor-12] WARN  server.GrpcLogAppender (LogUtils.java:warn(122)) - omNode-2@group-523986131536->omNode-1-InstallSnapshotResponseHandler: Failed InstallSnapshot: org.apache.ratis.thirdparty.io.grpc.StatusRuntimeException: UNAVAILABLE: io exception
2021-11-02 20:13:15,010 [grpc-default-executor-12] WARN  server.GrpcLogAppender (GrpcLogAppender.java:resetClient(110)) - omNode-2@group-523986131536->omNode-1-GrpcLogAppender: Leader has not got in touch with Follower omNode-2@group-523986131536->omNode-1(c-1,m0,n0, attendVote=false, lastRpcSendTime=0, lastRpcResponseTime=1412) yet, just keep nextIndex unchanged and retry.
2021-11-02 20:13:15,010 [grpc-default-executor-12] WARN  server.GrpcLogAppender (LogUtils.java:warn(122)) - omNode-2@group-523986131536->omNode-1-AppendLogResponseHandler: Failed appendEntries: org.apache.ratis.thirdparty.io.grpc.StatusRuntimeException: UNAVAILABLE: io exception
2021-11-02 20:13:15,010 [grpc-default-executor-12] WARN  server.GrpcLogAppender (GrpcLogAppender.java:resetClient(110)) - omNode-2@group-523986131536->omNode-1-GrpcLogAppender: Leader has not got in touch with Follower omNode-2@group-523986131536->omNode-1(c-1,m0,n0, attendVote=false, lastRpcSendTime=0, lastRpcResponseTime=1412) yet, just keep nextIndex unchanged and retry.
2021-11-02 20:13:15,011 [omNode-2@group-523986131536->omNode-1-GrpcLogAppender-LogAppenderDaemon] INFO  server.GrpcLogAppender (GrpcLogAppender.java:installSnapshot(550)) - omNode-2@group-523986131536->omNode-1-GrpcLogAppender: followerNextIndex = 0 but logStartIndex = 11, notify follower to install snapshot-(t:3, i:11)
2021-11-02 20:13:15,011 [omNode-2@group-523986131536->omNode-1-GrpcLogAppender-LogAppenderDaemon] INFO  server.GrpcLogAppender (GrpcLogAppender.java:installSnapshot(558)) - omNode-2@group-523986131536->omNode-1-GrpcLogAppender: send omNode-2->omNode-1#0-t8,notify:(t:3, i:11)
2021-11-02 20:13:15,011 [grpc-default-executor-12] WARN  server.GrpcLogAppender (LogUtils.java:warn(122)) - omNode-2@group-523986131536->omNode-1-InstallSnapshotResponseHandler: Failed InstallSnapshot: org.apache.ratis.thirdparty.io.grpc.StatusRuntimeException: UNAVAILABLE: io exception
2021-11-02 20:13:15,011 [grpc-default-executor-12] WARN  server.GrpcLogAppender (GrpcLogAppender.java:resetClient(110)) - omNode-2@group-523986131536->omNode-1-GrpcLogAppender: Leader has not got in touch with Follower omNode-2@group-523986131536->omNode-1(c-1,m0,n0, attendVote=false, lastRpcSendTime=0, lastRpcResponseTime=1412) yet, just keep nextIndex unchanged and retry.
2021-11-02 20:13:15,011 [grpc-default-executor-12] WARN  server.GrpcLogAppender (LogUtils.java:warn(122)) - omNode-2@group-523986131536->omNode-1-AppendLogResponseHandler: Failed appendEntries: org.apache.ratis.thirdparty.io.grpc.StatusRuntimeException: UNAVAILABLE: io exception
2021-11-02 20:13:15,011 [grpc-default-executor-12] WARN  server.GrpcLogAppender (GrpcLogAppender.java:resetClient(110)) - omNode-2@group-523986131536->omNode-1-GrpcLogAppender: Leader has not got in touch with Follower omNode-2@group-523986131536->omNode-1(c-1,m0,n0, attendVote=false, lastRpcSendTime=0, lastRpcResponseTime=1413) yet, just keep nextIndex unchanged and retry.
2021-11-02 20:13:15,011 [omNode-2@group-523986131536->omNode-1-GrpcLogAppender-LogAppenderDaemon] INFO  server.GrpcLogAppender (GrpcLogAppender.java:installSnapshot(550)) - omNode-2@group-523986131536->omNode-1-GrpcLogAppender: followerNextIndex = 0 but logStartIndex = 11, notify follower to install snapshot-(t:3, i:11)
2021-11-02 20:13:15,011 [omNode-2@group-523986131536->omNode-1-GrpcLogAppender-LogAppenderDaemon] INFO  server.GrpcLogAppender (GrpcLogAppender.java:installSnapshot(558)) - omNode-2@group-523986131536->omNode-1-GrpcLogAppender: send omNode-2->omNode-1#0-t8,notify:(t:3, i:11)
2021-11-02 20:13:15,011 [grpc-default-executor-12] WARN  server.GrpcLogAppender (LogUtils.java:warn(122)) - omNode-2@group-523986131536->omNode-1-InstallSnapshotResponseHandler: Failed InstallSnapshot: org.apache.ratis.thirdparty.io.grpc.StatusRuntimeException: UNAVAILABLE: io exception
2021-11-02 20:13:15,011 [grpc-default-executor-12] WARN  server.GrpcLogAppender (GrpcLogAppender.java:resetClient(110)) - omNode-2@group-523986131536->omNode-1-GrpcLogAppender: Leader has not got in touch with Follower omNode-2@group-523986131536->omNode-1(c-1,m0,n0, attendVote=false, lastRpcSendTime=0, lastRpcResponseTime=1413) yet, just keep nextIndex unchanged and retry.
2021-11-02 20:13:15,011 [grpc-default-executor-12] WARN  server.GrpcLogAppender (LogUtils.java:warn(122)) - omNode-2@group-523986131536->omNode-1-AppendLogResponseHandler: Failed appendEntries: org.apache.ratis.thirdparty.io.grpc.StatusRuntimeException: UNAVAILABLE: io exception
2021-11-02 20:13:15,012 [grpc-default-executor-12] WARN  server.GrpcLogAppender (GrpcLogAppender.java:resetClient(110)) - omNode-2@group-523986131536->omNode-1-GrpcLogAppender: Leader has not got in touch with Follower omNode-2@group-523986131536->omNode-1(c-1,m0,n0, attendVote=false, lastRpcSendTime=0, lastRpcResponseTime=1413) yet, just keep nextIndex unchanged and retry.
2021-11-02 20:13:15,012 [omNode-2@group-523986131536->omNode-1-GrpcLogAppender-LogAppenderDaemon] INFO  server.GrpcLogAppender (GrpcLogAppender.java:installSnapshot(550)) - omNode-2@group-523986131536->omNode-1-GrpcLogAppender: followerNextIndex = 0 but logStartIndex = 11, notify follower to install snapshot-(t:3, i:11)
2021-11-02 20:13:15,012 [omNode-2@group-523986131536->omNode-1-GrpcLogAppender-LogAppenderDaemon] INFO  server.GrpcLogAppender (GrpcLogAppender.java:installSnapshot(558)) - omNode-2@group-523986131536->omNode-1-GrpcLogAppender: send omNode-2->omNode-1#0-t8,notify:(t:3, i:11)
2021-11-02 20:13:15,013 [grpc-default-executor-12] WARN  server.GrpcLogAppender (LogUtils.java:warn(122)) - omNode-2@group-523986131536->omNode-1-InstallSnapshotResponseHandler: Failed InstallSnapshot: org.apache.ratis.thirdparty.io.grpc.StatusRuntimeException: UNAVAILABLE: io exception
2021-11-02 20:13:15,013 [grpc-default-executor-12] WARN  server.GrpcLogAppender (GrpcLogAppender.java:resetClient(110)) - omNode-2@group-523986131536->omNode-1-GrpcLogAppender: Leader has not got in touch with Follower omNode-2@group-523986131536->omNode-1(c-1,m0,n0, attendVote=false, lastRpcSendTime=1, lastRpcResponseTime=1415) yet, just keep nextIndex unchanged and retry.
2021-11-02 20:13:15,013 [omNode-2@group-523986131536->omNode-1-GrpcLogAppender-LogAppenderDaemon] INFO  server.GrpcLogAppender (GrpcLogAppender.java:installSnapshot(550)) - omNode-2@group-523986131536->omNode-1-GrpcLogAppender: followerNextIndex = 0 but logStartIndex = 11, notify follower to install snapshot-(t:3, i:11)
2021-11-02 20:13:15,013 [omNode-2@group-523986131536->omNode-1-GrpcLogAppender-LogAppenderDaemon] INFO  server.GrpcLogAppender (GrpcLogAppender.java:installSnapshot(558)) - omNode-2@group-523986131536->omNode-1-GrpcLogAppender: send omNode-2->omNode-1#0-t8,notify:(t:3, i:11)
2021-11-02 20:13:15,014 [grpc-default-executor-11] WARN  server.GrpcLogAppender (LogUtils.java:warn(122)) - omNode-2@group-523986131536->omNode-1-InstallSnapshotResponseHandler: Failed InstallSnapshot: org.apache.ratis.thirdparty.io.grpc.StatusRuntimeException: UNAVAILABLE: io exception
2021-11-02 20:13:15,015 [grpc-default-executor-11] WARN  server.GrpcLogAppender (GrpcLogAppender.java:resetClient(110)) - omNode-2@group-523986131536->omNode-1-GrpcLogAppender: Leader has not got in touch with Follower omNode-2@group-523986131536->omNode-1(c-1,m0,n0, attendVote=false, lastRpcSendTime=0, lastRpcResponseTime=1416) yet, just keep nextIndex unchanged and retry.
2021-11-02 20:13:15,015 [grpc-default-executor-11] WARN  server.GrpcLogAppender (LogUtils.java:warn(122)) - omNode-2@group-523986131536->omNode-1-AppendLogResponseHandler: Failed appendEntries: org.apache.ratis.thirdparty.io.grpc.StatusRuntimeException: UNAVAILABLE: io exception
2021-11-02 20:13:15,015 [grpc-default-executor-11] WARN  server.GrpcLogAppender (GrpcLogAppender.java:resetClient(110)) - omNode-2@group-523986131536->omNode-1-GrpcLogAppender: Leader has not got in touch with Follower omNode-2@group-523986131536->omNode-1(c-1,m0,n0, attendVote=false, lastRpcSendTime=1, lastRpcResponseTime=1417) yet, just keep nextIndex unchanged and retry.
2021-11-02 20:13:15,015 [omNode-2@group-523986131536->omNode-1-GrpcLogAppender-LogAppenderDaemon] INFO  server.GrpcLogAppender (GrpcLogAppender.java:installSnapshot(550)) - omNode-2@group-523986131536->omNode-1-GrpcLogAppender: followerNextIndex = 0 but logStartIndex = 11, notify follower to install snapshot-(t:3, i:11)
2021-11-02 20:13:15,015 [omNode-2@group-523986131536->omNode-1-GrpcLogAppender-LogAppenderDaemon] INFO  server.GrpcLogAppender (GrpcLogAppender.java:installSnapshot(558)) - omNode-2@group-523986131536->omNode-1-GrpcLogAppender: send omNode-2->omNode-1#0-t8,notify:(t:3, i:11)
2021-11-02 20:13:15,020 [grpc-default-executor-13] WARN  server.GrpcLogAppender (LogUtils.java:warn(122)) - omNode-2@group-523986131536->omNode-1-AppendLogResponseHandler: Failed appendEntries: org.apache.ratis.thirdparty.io.grpc.StatusRuntimeException: UNAVAILABLE: io exception
2021-11-02 20:13:15,020 [grpc-default-executor-13] WARN  server.GrpcLogAppender (GrpcLogAppender.java:resetClient(110)) - omNode-2@group-523986131536->omNode-1-GrpcLogAppender: Leader has not got in touch with Follower omNode-2@group-523986131536->omNode-1(c-1,m0,n0, attendVote=false, lastRpcSendTime=4, lastRpcResponseTime=1422) yet, just keep nextIndex unchanged and retry.
2021-11-02 20:13:15,020 [grpc-default-executor-11] WARN  server.GrpcLogAppender (LogUtils.java:warn(122)) - omNode-2@group-523986131536->omNode-1-InstallSnapshotResponseHandler: Failed InstallSnapshot: org.apache.ratis.thirdparty.io.grpc.StatusRuntimeException: UNAVAILABLE: io exception
2021-11-02 20:13:15,021 [grpc-default-executor-11] WARN  server.GrpcLogAppender (GrpcLogAppender.java:resetClient(110)) - omNode-2@group-523986131536->omNode-1-GrpcLogAppender: Leader has not got in touch with Follower omNode-2@group-523986131536->omNode-1(c-1,m0,n0, attendVote=false, lastRpcSendTime=4, lastRpcResponseTime=1422) yet, just keep nextIndex unchanged and retry.
2021-11-02 20:13:15,021 [omNode-2@group-523986131536->omNode-1-GrpcLogAppender-LogAppenderDaemon] INFO  server.GrpcLogAppender (GrpcLogAppender.java:installSnapshot(550)) - omNode-2@group-523986131536->omNode-1-GrpcLogAppender: followerNextIndex = 0 but logStartIndex = 11, notify follower to install snapshot-(t:3, i:11)
2021-11-02 20:13:15,021 [grpc-default-executor-13] WARN  server.GrpcLogAppender (LogUtils.java:warn(122)) - omNode-2@group-523986131536->omNode-1-AppendLogResponseHandler: Failed appendEntries: org.apache.ratis.thirdparty.io.grpc.StatusRuntimeException: UNAVAILABLE: io exception
2021-11-02 20:13:15,021 [grpc-default-executor-13] WARN  server.GrpcLogAppender (GrpcLogAppender.java:resetClient(110)) - omNode-2@group-523986131536->omNode-1-GrpcLogAppender: Leader has not got in touch with Follower omNode-2@group-523986131536->omNode-1(c-1,m0,n0, attendVote=false, lastRpcSendTime=0, lastRpcResponseTime=1423) yet, just keep nextIndex unchanged and retry.
2021-11-02 20:13:15,021 [omNode-2@group-523986131536->omNode-1-GrpcLogAppender-LogAppenderDaemon] INFO  server.GrpcLogAppender (GrpcLogAppender.java:installSnapshot(558)) - omNode-2@group-523986131536->omNode-1-GrpcLogAppender: send omNode-2->omNode-1#0-t8,notify:(t:3, i:11)
2021-11-02 20:13:15,021 [grpc-default-executor-13] WARN  server.GrpcLogAppender (LogUtils.java:warn(122)) - omNode-2@group-523986131536->omNode-1-InstallSnapshotResponseHandler: Failed InstallSnapshot: org.apache.ratis.thirdparty.io.grpc.StatusRuntimeException: UNAVAILABLE: io exception
2021-11-02 20:13:15,021 [grpc-default-executor-13] WARN  server.GrpcLogAppender (GrpcLogAppender.java:resetClient(110)) - omNode-2@group-523986131536->omNode-1-GrpcLogAppender: Leader has not got in touch with Follower omNode-2@group-523986131536->omNode-1(c-1,m0,n0, attendVote=false, lastRpcSendTime=0, lastRpcResponseTime=1423) yet, just keep nextIndex unchanged and retry.
2021-11-02 20:13:15,021 [grpc-default-executor-13] WARN  server.GrpcLogAppender (LogUtils.java:warn(122)) - omNode-2@group-523986131536->omNode-1-AppendLogResponseHandler: Failed appendEntries: org.apache.ratis.thirdparty.io.grpc.StatusRuntimeException: UNAVAILABLE: io exception
2021-11-02 20:13:15,021 [grpc-default-executor-13] WARN  server.GrpcLogAppender (GrpcLogAppender.java:resetClient(110)) - omNode-2@group-523986131536->omNode-1-GrpcLogAppender: Leader has not got in touch with Follower omNode-2@group-523986131536->omNode-1(c-1,m0,n0, attendVote=false, lastRpcSendTime=0, lastRpcResponseTime=1423) yet, just keep nextIndex unchanged and retry.
2021-11-02 20:13:15,021 [omNode-2@group-523986131536->omNode-1-GrpcLogAppender-LogAppenderDaemon] INFO  server.GrpcLogAppender (GrpcLogAppender.java:installSnapshot(550)) - omNode-2@group-523986131536->omNode-1-GrpcLogAppender: followerNextIndex = 0 but logStartIndex = 11, notify follower to install snapshot-(t:3, i:11)
2021-11-02 20:13:15,022 [omNode-2@group-523986131536->omNode-1-GrpcLogAppender-LogAppenderDaemon] INFO  server.GrpcLogAppender (GrpcLogAppender.java:installSnapshot(558)) - omNode-2@group-523986131536->omNode-1-GrpcLogAppender: send omNode-2->omNode-1#0-t8,notify:(t:3, i:11)
2021-11-02 20:13:15,023 [grpc-default-executor-11] WARN  server.GrpcLogAppender (LogUtils.java:warn(122)) - omNode-2@group-523986131536->omNode-1-InstallSnapshotResponseHandler: Failed InstallSnapshot: org.apache.ratis.thirdparty.io.grpc.StatusRuntimeException: UNAVAILABLE: io exception
2021-11-02 20:13:15,023 [grpc-default-executor-11] WARN  server.GrpcLogAppender (GrpcLogAppender.java:resetClient(110)) - omNode-2@group-523986131536->omNode-1-GrpcLogAppender: Leader has not got in touch with Follower omNode-2@group-523986131536->omNode-1(c-1,m0,n0, attendVote=false, lastRpcSendTime=1, lastRpcResponseTime=1424) yet, just keep nextIndex unchanged and retry.
2021-11-02 20:13:15,023 [omNode-2@group-523986131536->omNode-1-GrpcLogAppender-LogAppenderDaemon] INFO  server.GrpcLogAppender (GrpcLogAppender.java:installSnapshot(550)) - omNode-2@group-523986131536->omNode-1-GrpcLogAppender: followerNextIndex = 0 but logStartIndex = 11, notify follower to install snapshot-(t:3, i:11)
2021-11-02 20:13:15,023 [omNode-2@group-523986131536->omNode-1-GrpcLogAppender-LogAppenderDaemon] INFO  server.GrpcLogAppender (GrpcLogAppender.java:installSnapshot(558)) - omNode-2@group-523986131536->omNode-1-GrpcLogAppender: send omNode-2->omNode-1#0-t8,notify:(t:3, i:11)
2021-11-02 20:13:15,024 [grpc-default-executor-12] WARN  server.GrpcLogAppender (LogUtils.java:warn(122)) - omNode-2@group-523986131536->omNode-1-AppendLogResponseHandler: Failed appendEntries: org.apache.ratis.thirdparty.io.grpc.StatusRuntimeException: UNAVAILABLE: io exception
2021-11-02 20:13:15,024 [grpc-default-executor-12] WARN  server.GrpcLogAppender (GrpcLogAppender.java:resetClient(110)) - omNode-2@group-523986131536->omNode-1-GrpcLogAppender: Leader has not got in touch with Follower omNode-2@group-523986131536->omNode-1(c-1,m0,n0, attendVote=false, lastRpcSendTime=0, lastRpcResponseTime=1426) yet, just keep nextIndex unchanged and retry.
2021-11-02 20:13:15,024 [grpc-default-executor-6] WARN  server.GrpcLogAppender (LogUtils.java:warn(122)) - omNode-2@group-523986131536->omNode-1-InstallSnapshotResponseHandler: Failed InstallSnapshot: org.apache.ratis.thirdparty.io.grpc.StatusRuntimeException: UNAVAILABLE: io exception
2021-11-02 20:13:15,024 [grpc-default-executor-6] WARN  server.GrpcLogAppender (GrpcLogAppender.java:resetClient(110)) - omNode-2@group-523986131536->omNode-1-GrpcLogAppender: Leader has not got in touch with Follower omNode-2@group-523986131536->omNode-1(c-1,m0,n0, attendVote=false, lastRpcSendTime=1, lastRpcResponseTime=1426) yet, just keep nextIndex unchanged and retry.
2021-11-02 20:13:15,024 [omNode-2@group-523986131536->omNode-1-GrpcLogAppender-LogAppenderDaemon] INFO  server.GrpcLogAppender (GrpcLogAppender.java:installSnapshot(550)) - omNode-2@group-523986131536->omNode-1-GrpcLogAppender: followerNextIndex = 0 but logStartIndex = 11, notify follower to install snapshot-(t:3, i:11)
2021-11-02 20:13:15,024 [omNode-2@group-523986131536->omNode-1-GrpcLogAppender-LogAppenderDaemon] INFO  server.GrpcLogAppender (GrpcLogAppender.java:installSnapshot(558)) - omNode-2@group-523986131536->omNode-1-GrpcLogAppender: send omNode-2->omNode-1#0-t8,notify:(t:3, i:11)
2021-11-02 20:13:15,025 [grpc-default-executor-13] WARN  server.GrpcLogAppender (LogUtils.java:warn(122)) - omNode-2@group-523986131536->omNode-1-InstallSnapshotResponseHandler: Failed InstallSnapshot: org.apache.ratis.thirdparty.io.grpc.StatusRuntimeException: UNAVAILABLE: io exception
2021-11-02 20:13:15,025 [grpc-default-executor-11] WARN  server.GrpcLogAppender (LogUtils.java:warn(122)) - omNode-2@group-523986131536->omNode-1-AppendLogResponseHandler: Failed appendEntries: org.apache.ratis.thirdparty.io.grpc.StatusRuntimeException: UNAVAILABLE: io exception
2021-11-02 20:13:15,025 [grpc-default-executor-13] WARN  server.GrpcLogAppender (GrpcLogAppender.java:resetClient(110)) - omNode-2@group-523986131536->omNode-1-GrpcLogAppender: Leader has not got in touch with Follower omNode-2@group-523986131536->omNode-1(c-1,m0,n0, attendVote=false, lastRpcSendTime=0, lastRpcResponseTime=1427) yet, just keep nextIndex unchanged and retry.
2021-11-02 20:13:15,025 [grpc-default-executor-11] WARN  server.GrpcLogAppender (GrpcLogAppender.java:resetClient(110)) - omNode-2@group-523986131536->omNode-1-GrpcLogAppender: Leader has not got in touch with Follower omNode-2@group-523986131536->omNode-1(c-1,m0,n0, attendVote=false, lastRpcSendTime=1, lastRpcResponseTime=1427) yet, just keep nextIndex unchanged and retry.
2021-11-02 20:13:15,026 [omNode-2@group-523986131536->omNode-1-GrpcLogAppender-LogAppenderDaemon] INFO  server.GrpcLogAppender (GrpcLogAppender.java:installSnapshot(550)) - omNode-2@group-523986131536->omNode-1-GrpcLogAppender: followerNextIndex = 0 but logStartIndex = 11, notify follower to install snapshot-(t:3, i:11)
2021-11-02 20:13:15,026 [omNode-2@group-523986131536->omNode-1-GrpcLogAppender-LogAppenderDaemon] INFO  server.GrpcLogAppender (GrpcLogAppender.java:installSnapshot(558)) - omNode-2@group-523986131536->omNode-1-GrpcLogAppender: send omNode-2->omNode-1#0-t8,notify:(t:3, i:11)
2021-11-02 20:13:15,027 [grpc-default-executor-13] WARN  server.GrpcLogAppender (LogUtils.java:warn(122)) - omNode-2@group-523986131536->omNode-1-AppendLogResponseHandler: Failed appendEntries: org.apache.ratis.thirdparty.io.grpc.StatusRuntimeException: UNAVAILABLE: io exception
2021-11-02 20:13:15,027 [grpc-default-executor-13] WARN  server.GrpcLogAppender (GrpcLogAppender.java:resetClient(110)) - omNode-2@group-523986131536->omNode-1-GrpcLogAppender: Leader has not got in touch with Follower omNode-2@group-523986131536->omNode-1(c-1,m0,n0, attendVote=false, lastRpcSendTime=0, lastRpcResponseTime=1428) yet, just keep nextIndex unchanged and retry.
2021-11-02 20:13:15,027 [grpc-default-executor-11] WARN  server.GrpcLogAppender (LogUtils.java:warn(122)) - omNode-2@group-523986131536->omNode-1-InstallSnapshotResponseHandler: Failed InstallSnapshot: org.apache.ratis.thirdparty.io.grpc.StatusRuntimeException: UNAVAILABLE: io exception
2021-11-02 20:13:15,027 [grpc-default-executor-11] WARN  server.GrpcLogAppender (GrpcLogAppender.java:resetClient(110)) - omNode-2@group-523986131536->omNode-1-GrpcLogAppender: Leader has not got in touch with Follower omNode-2@group-523986131536->omNode-1(c-1,m0,n0, attendVote=false, lastRpcSendTime=1, lastRpcResponseTime=1429) yet, just keep nextIndex unchanged and retry.
2021-11-02 20:13:15,027 [omNode-2@group-523986131536->omNode-1-GrpcLogAppender-LogAppenderDaemon] INFO  server.GrpcLogAppender (GrpcLogAppender.java:installSnapshot(550)) - omNode-2@group-523986131536->omNode-1-GrpcLogAppender: followerNextIndex = 0 but logStartIndex = 11, notify follower to install snapshot-(t:3, i:11)
2021-11-02 20:13:15,027 [omNode-2@group-523986131536->omNode-1-GrpcLogAppender-LogAppenderDaemon] INFO  server.GrpcLogAppender (GrpcLogAppender.java:installSnapshot(558)) - omNode-2@group-523986131536->omNode-1-GrpcLogAppender: send omNode-2->omNode-1#0-t8,notify:(t:3, i:11)
2021-11-02 20:13:15,028 [grpc-default-executor-13] WARN  server.GrpcLogAppender (LogUtils.java:warn(122)) - omNode-2@group-523986131536->omNode-1-AppendLogResponseHandler: Failed appendEntries: org.apache.ratis.thirdparty.io.grpc.StatusRuntimeException: UNAVAILABLE: io exception
2021-11-02 20:13:15,028 [grpc-default-executor-13] WARN  server.GrpcLogAppender (GrpcLogAppender.java:resetClient(110)) - omNode-2@group-523986131536->omNode-1-GrpcLogAppender: Leader has not got in touch with Follower omNode-2@group-523986131536->omNode-1(c-1,m0,n0, attendVote=false, lastRpcSendTime=0, lastRpcResponseTime=1430) yet, just keep nextIndex unchanged and retry.
2021-11-02 20:13:15,031 [grpc-default-executor-11] WARN  server.GrpcLogAppender (LogUtils.java:warn(122)) - omNode-2@group-523986131536->omNode-1-InstallSnapshotResponseHandler: Failed InstallSnapshot: org.apache.ratis.thirdparty.io.grpc.StatusRuntimeException: UNAVAILABLE: io exception
2021-11-02 20:13:15,031 [grpc-default-executor-11] WARN  server.GrpcLogAppender (GrpcLogAppender.java:resetClient(110)) - omNode-2@group-523986131536->omNode-1-GrpcLogAppender: Leader has not got in touch with Follower omNode-2@group-523986131536->omNode-1(c-1,m0,n0, attendVote=false, lastRpcSendTime=3, lastRpcResponseTime=1433) yet, just keep nextIndex unchanged and retry.
2021-11-02 20:13:15,031 [omNode-2@group-523986131536->omNode-1-GrpcLogAppender-LogAppenderDaemon] INFO  server.GrpcLogAppender (GrpcLogAppender.java:installSnapshot(550)) - omNode-2@group-523986131536->omNode-1-GrpcLogAppender: followerNextIndex = 0 but logStartIndex = 11, notify follower to install snapshot-(t:3, i:11)
2021-11-02 20:13:15,031 [omNode-2@group-523986131536->omNode-1-GrpcLogAppender-LogAppenderDaemon] INFO  server.GrpcLogAppender (GrpcLogAppender.java:installSnapshot(558)) - omNode-2@group-523986131536->omNode-1-GrpcLogAppender: send omNode-2->omNode-1#0-t8,notify:(t:3, i:11)
2021-11-02 20:13:15,031 [grpc-default-executor-13] WARN  server.GrpcLogAppender (LogUtils.java:warn(122)) - omNode-2@group-523986131536->omNode-1-InstallSnapshotResponseHandler: Failed InstallSnapshot: org.apache.ratis.thirdparty.io.grpc.StatusRuntimeException: UNAVAILABLE: io exception
2021-11-02 20:13:15,031 [grpc-default-executor-13] WARN  server.GrpcLogAppender (GrpcLogAppender.java:resetClient(110)) - omNode-2@group-523986131536->omNode-1-GrpcLogAppender: Leader has not got in touch with Follower omNode-2@group-523986131536->omNode-1(c-1,m0,n0, attendVote=false, lastRpcSendTime=0, lastRpcResponseTime=1433) yet, just keep nextIndex unchanged and retry.
2021-11-02 20:13:15,031 [grpc-default-executor-11] WARN  server.GrpcLogAppender (LogUtils.java:warn(122)) - omNode-2@group-523986131536->omNode-1-AppendLogResponseHandler: Failed appendEntries: org.apache.ratis.thirdparty.io.grpc.StatusRuntimeException: UNAVAILABLE: io exception
2021-11-02 20:13:15,032 [grpc-default-executor-11] WARN  server.GrpcLogAppender (GrpcLogAppender.java:resetClient(110)) - omNode-2@group-523986131536->omNode-1-GrpcLogAppender: Leader has not got in touch with Follower omNode-2@group-523986131536->omNode-1(c-1,m0,n0, attendVote=false, lastRpcSendTime=0, lastRpcResponseTime=1433) yet, just keep nextIndex unchanged and retry.
2021-11-02 20:13:15,032 [omNode-2@group-523986131536->omNode-1-GrpcLogAppender-LogAppenderDaemon] INFO  server.GrpcLogAppender (GrpcLogAppender.java:installSnapshot(550)) - omNode-2@group-523986131536->omNode-1-GrpcLogAppender: followerNextIndex = 0 but logStartIndex = 11, notify follower to install snapshot-(t:3, i:11)
2021-11-02 20:13:15,032 [omNode-2@group-523986131536->omNode-1-GrpcLogAppender-LogAppenderDaemon] INFO  server.GrpcLogAppender (GrpcLogAppender.java:installSnapshot(558)) - omNode-2@group-523986131536->omNode-1-GrpcLogAppender: send omNode-2->omNode-1#0-t8,notify:(t:3, i:11)
2021-11-02 20:13:15,032 [grpc-default-executor-13] WARN  server.GrpcLogAppender (LogUtils.java:warn(122)) - omNode-2@group-523986131536->omNode-1-InstallSnapshotResponseHandler: Failed InstallSnapshot: org.apache.ratis.thirdparty.io.grpc.StatusRuntimeException: UNAVAILABLE: io exception
2021-11-02 20:13:15,032 [grpc-default-executor-13] WARN  server.GrpcLogAppender (GrpcLogAppender.java:resetClient(110)) - omNode-2@group-523986131536->omNode-1-GrpcLogAppender: Leader has not got in touch with Follower omNode-2@group-523986131536->omNode-1(c-1,m0,n0, attendVote=false, lastRpcSendTime=0, lastRpcResponseTime=1434) yet, just keep nextIndex unchanged and retry.
2021-11-02 20:13:15,032 [grpc-default-executor-11] WARN  server.GrpcLogAppender (LogUtils.java:warn(122)) - omNode-2@group-523986131536->omNode-1-AppendLogResponseHandler: Failed appendEntries: org.apache.ratis.thirdparty.io.grpc.StatusRuntimeException: UNAVAILABLE: io exception
2021-11-02 20:13:15,032 [grpc-default-executor-11] WARN  server.GrpcLogAppender (GrpcLogAppender.java:resetClient(110)) - omNode-2@group-523986131536->omNode-1-GrpcLogAppender: Leader has not got in touch with Follower omNode-2@group-523986131536->omNode-1(c-1,m0,n0, attendVote=false, lastRpcSendTime=0, lastRpcResponseTime=1434) yet, just keep nextIndex unchanged and retry.
2021-11-02 20:13:15,032 [omNode-2@group-523986131536->omNode-1-GrpcLogAppender-LogAppenderDaemon] INFO  server.GrpcLogAppender (GrpcLogAppender.java:installSnapshot(550)) - omNode-2@group-523986131536->omNode-1-GrpcLogAppender: followerNextIndex = 0 but logStartIndex = 11, notify follower to install snapshot-(t:3, i:11)
2021-11-02 20:13:15,032 [omNode-2@group-523986131536->omNode-1-GrpcLogAppender-LogAppenderDaemon] INFO  server.GrpcLogAppender (GrpcLogAppender.java:installSnapshot(558)) - omNode-2@group-523986131536->omNode-1-GrpcLogAppender: send omNode-2->omNode-1#0-t8,notify:(t:3, i:11)
2021-11-02 20:13:15,032 [grpc-default-executor-13] WARN  server.GrpcLogAppender (LogUtils.java:warn(122)) - omNode-2@group-523986131536->omNode-1-InstallSnapshotResponseHandler: Failed InstallSnapshot: org.apache.ratis.thirdparty.io.grpc.StatusRuntimeException: UNAVAILABLE: io exception
2021-11-02 20:13:15,032 [grpc-default-executor-13] WARN  server.GrpcLogAppender (GrpcLogAppender.java:resetClient(110)) - omNode-2@group-523986131536->omNode-1-GrpcLogAppender: Leader has not got in touch with Follower omNode-2@group-523986131536->omNode-1(c-1,m0,n0, attendVote=false, lastRpcSendTime=0, lastRpcResponseTime=1434) yet, just keep nextIndex unchanged and retry.
2021-11-02 20:13:15,033 [grpc-default-executor-11] WARN  server.GrpcLogAppender (LogUtils.java:warn(122)) - omNode-2@group-523986131536->omNode-1-AppendLogResponseHandler: Failed appendEntries: org.apache.ratis.thirdparty.io.grpc.StatusRuntimeException: UNAVAILABLE: io exception
2021-11-02 20:13:15,033 [grpc-default-executor-11] WARN  server.GrpcLogAppender (GrpcLogAppender.java:resetClient(110)) - omNode-2@group-523986131536->omNode-1-GrpcLogAppender: Leader has not got in touch with Follower omNode-2@group-523986131536->omNode-1(c-1,m0,n0, attendVote=false, lastRpcSendTime=0, lastRpcResponseTime=1434) yet, just keep nextIndex unchanged and retry.
2021-11-02 20:13:15,033 [omNode-2@group-523986131536->omNode-1-GrpcLogAppender-LogAppenderDaemon] INFO  server.GrpcLogAppender (GrpcLogAppender.java:installSnapshot(550)) - omNode-2@group-523986131536->omNode-1-GrpcLogAppender: followerNextIndex = 0 but logStartIndex = 11, notify follower to install snapshot-(t:3, i:11)
2021-11-02 20:13:15,033 [omNode-2@group-523986131536->omNode-1-GrpcLogAppender-LogAppenderDaemon] INFO  server.GrpcLogAppender (GrpcLogAppender.java:installSnapshot(558)) - omNode-2@group-523986131536->omNode-1-GrpcLogAppender: send omNode-2->omNode-1#0-t8,notify:(t:3, i:11)
2021-11-02 20:13:15,033 [grpc-default-executor-13] WARN  server.GrpcLogAppender (LogUtils.java:warn(122)) - omNode-2@group-523986131536->omNode-1-InstallSnapshotResponseHandler: Failed InstallSnapshot: org.apache.ratis.thirdparty.io.grpc.StatusRuntimeException: UNAVAILABLE: io exception
2021-11-02 20:13:15,033 [grpc-default-executor-13] WARN  server.GrpcLogAppender (GrpcLogAppender.java:resetClient(110)) - omNode-2@group-523986131536->omNode-1-GrpcLogAppender: Leader has not got in touch with Follower omNode-2@group-523986131536->omNode-1(c-1,m0,n0, attendVote=false, lastRpcSendTime=0, lastRpcResponseTime=1435) yet, just keep nextIndex unchanged and retry.
2021-11-02 20:13:15,033 [grpc-default-executor-11] WARN  server.GrpcLogAppender (LogUtils.java:warn(122)) - omNode-2@group-523986131536->omNode-1-AppendLogResponseHandler: Failed appendEntries: org.apache.ratis.thirdparty.io.grpc.StatusRuntimeException: UNAVAILABLE: io exception
2021-11-02 20:13:15,033 [grpc-default-executor-11] WARN  server.GrpcLogAppender (GrpcLogAppender.java:resetClient(110)) - omNode-2@group-523986131536->omNode-1-GrpcLogAppender: Leader has not got in touch with Follower omNode-2@group-523986131536->omNode-1(c-1,m0,n0, attendVote=false, lastRpcSendTime=0, lastRpcResponseTime=1435) yet, just keep nextIndex unchanged and retry.
2021-11-02 20:13:15,033 [omNode-2@group-523986131536->omNode-1-GrpcLogAppender-LogAppenderDaemon] INFO  server.GrpcLogAppender (GrpcLogAppender.java:installSnapshot(550)) - omNode-2@group-523986131536->omNode-1-GrpcLogAppender: followerNextIndex = 0 but logStartIndex = 11, notify follower to install snapshot-(t:3, i:11)
2021-11-02 20:13:15,033 [omNode-2@group-523986131536->omNode-1-GrpcLogAppender-LogAppenderDaemon] INFO  server.GrpcLogAppender (GrpcLogAppender.java:installSnapshot(558)) - omNode-2@group-523986131536->omNode-1-GrpcLogAppender: send omNode-2->omNode-1#0-t8,notify:(t:3, i:11)
2021-11-02 20:13:15,033 [grpc-default-executor-13] WARN  server.GrpcLogAppender (LogUtils.java:warn(122)) - omNode-2@group-523986131536->omNode-1-InstallSnapshotResponseHandler: Failed InstallSnapshot: org.apache.ratis.thirdparty.io.grpc.StatusRuntimeException: UNAVAILABLE: io exception
2021-11-02 20:13:15,033 [grpc-default-executor-13] WARN  server.GrpcLogAppender (GrpcLogAppender.java:resetClient(110)) - omNode-2@group-523986131536->omNode-1-GrpcLogAppender: Leader has not got in touch with Follower omNode-2@group-523986131536->omNode-1(c-1,m0,n0, attendVote=false, lastRpcSendTime=0, lastRpcResponseTime=1435) yet, just keep nextIndex unchanged and retry.
2021-11-02 20:13:15,033 [grpc-default-executor-11] WARN  server.GrpcLogAppender (LogUtils.java:warn(122)) - omNode-2@group-523986131536->omNode-1-AppendLogResponseHandler: Failed appendEntries: org.apache.ratis.thirdparty.io.grpc.StatusRuntimeException: UNAVAILABLE: io exception
2021-11-02 20:13:15,033 [grpc-default-executor-11] WARN  server.GrpcLogAppender (GrpcLogAppender.java:resetClient(110)) - omNode-2@group-523986131536->omNode-1-GrpcLogAppender: Leader has not got in touch with Follower omNode-2@group-523986131536->omNode-1(c-1,m0,n0, attendVote=false, lastRpcSendTime=0, lastRpcResponseTime=1435) yet, just keep nextIndex unchanged and retry.
2021-11-02 20:13:15,034 [omNode-2@group-523986131536->omNode-1-GrpcLogAppender-LogAppenderDaemon] INFO  server.GrpcLogAppender (GrpcLogAppender.java:installSnapshot(550)) - omNode-2@group-523986131536->omNode-1-GrpcLogAppender: followerNextIndex = 0 but logStartIndex = 11, notify follower to install snapshot-(t:3, i:11)
2021-11-02 20:13:15,034 [omNode-2@group-523986131536->omNode-1-GrpcLogAppender-LogAppenderDaemon] INFO  server.GrpcLogAppender (GrpcLogAppender.java:installSnapshot(558)) - omNode-2@group-523986131536->omNode-1-GrpcLogAppender: send omNode-2->omNode-1#0-t8,notify:(t:3, i:11)
2021-11-02 20:13:15,034 [grpc-default-executor-11] WARN  server.GrpcLogAppender (LogUtils.java:warn(122)) - omNode-2@group-523986131536->omNode-1-AppendLogResponseHandler: Failed appendEntries: org.apache.ratis.thirdparty.io.grpc.StatusRuntimeException: UNAVAILABLE: io exception
2021-11-02 20:13:15,034 [grpc-default-executor-11] WARN  server.GrpcLogAppender (GrpcLogAppender.java:resetClient(110)) - omNode-2@group-523986131536->omNode-1-GrpcLogAppender: Leader has not got in touch with Follower omNode-2@group-523986131536->omNode-1(c-1,m0,n0, attendVote=false, lastRpcSendTime=0, lastRpcResponseTime=1435) yet, just keep nextIndex unchanged and retry.
2021-11-02 20:13:15,034 [grpc-default-executor-13] WARN  server.GrpcLogAppender (LogUtils.java:warn(122)) - omNode-2@group-523986131536->omNode-1-InstallSnapshotResponseHandler: Failed InstallSnapshot: org.apache.ratis.thirdparty.io.grpc.StatusRuntimeException: UNAVAILABLE: io exception
2021-11-02 20:13:15,034 [grpc-default-executor-13] WARN  server.GrpcLogAppender (GrpcLogAppender.java:resetClient(110)) - omNode-2@group-523986131536->omNode-1-GrpcLogAppender: Leader has not got in touch with Follower omNode-2@group-523986131536->omNode-1(c-1,m0,n0, attendVote=false, lastRpcSendTime=0, lastRpcResponseTime=1436) yet, just keep nextIndex unchanged and retry.
2021-11-02 20:13:15,034 [omNode-2@group-523986131536->omNode-1-GrpcLogAppender-LogAppenderDaemon] INFO  server.GrpcLogAppender (GrpcLogAppender.java:installSnapshot(550)) - omNode-2@group-523986131536->omNode-1-GrpcLogAppender: followerNextIndex = 0 but logStartIndex = 11, notify follower to install snapshot-(t:3, i:11)
2021-11-02 20:13:15,034 [omNode-2@group-523986131536->omNode-1-GrpcLogAppender-LogAppenderDaemon] INFO  server.GrpcLogAppender (GrpcLogAppender.java:installSnapshot(558)) - omNode-2@group-523986131536->omNode-1-GrpcLogAppender: send omNode-2->omNode-1#0-t8,notify:(t:3, i:11)
2021-11-02 20:13:15,034 [grpc-default-executor-11] WARN  server.GrpcLogAppender (LogUtils.java:warn(122)) - omNode-2@group-523986131536->omNode-1-InstallSnapshotResponseHandler: Failed InstallSnapshot: org.apache.ratis.thirdparty.io.grpc.StatusRuntimeException: UNAVAILABLE: io exception
2021-11-02 20:13:15,034 [grpc-default-executor-11] WARN  server.GrpcLogAppender (GrpcLogAppender.java:resetClient(110)) - omNode-2@group-523986131536->omNode-1-GrpcLogAppender: Leader has not got in touch with Follower omNode-2@group-523986131536->omNode-1(c-1,m0,n0, attendVote=false, lastRpcSendTime=0, lastRpcResponseTime=1436) yet, just keep nextIndex unchanged and retry.
2021-11-02 20:13:15,034 [grpc-default-executor-13] WARN  server.GrpcLogAppender (LogUtils.java:warn(122)) - omNode-2@group-523986131536->omNode-1-AppendLogResponseHandler: Failed appendEntries: org.apache.ratis.thirdparty.io.grpc.StatusRuntimeException: UNAVAILABLE: io exception
2021-11-02 20:13:15,034 [grpc-default-executor-13] WARN  server.GrpcLogAppender (GrpcLogAppender.java:resetClient(110)) - omNode-2@group-523986131536->omNode-1-GrpcLogAppender: Leader has not got in touch with Follower omNode-2@group-523986131536->omNode-1(c-1,m0,n0, attendVote=false, lastRpcSendTime=0, lastRpcResponseTime=1436) yet, just keep nextIndex unchanged and retry.
2021-11-02 20:13:15,035 [omNode-2@group-523986131536->omNode-1-GrpcLogAppender-LogAppenderDaemon] INFO  server.GrpcLogAppender (GrpcLogAppender.java:installSnapshot(550)) - omNode-2@group-523986131536->omNode-1-GrpcLogAppender: followerNextIndex = 0 but logStartIndex = 11, notify follower to install snapshot-(t:3, i:11)
2021-11-02 20:13:15,035 [omNode-2@group-523986131536->omNode-1-GrpcLogAppender-LogAppenderDaemon] INFO  server.GrpcLogAppender (GrpcLogAppender.java:installSnapshot(558)) - omNode-2@group-523986131536->omNode-1-GrpcLogAppender: send omNode-2->omNode-1#0-t8,notify:(t:3, i:11)
2021-11-02 20:13:15,035 [grpc-default-executor-13] WARN  server.GrpcLogAppender (LogUtils.java:warn(122)) - omNode-2@group-523986131536->omNode-1-AppendLogResponseHandler: Failed appendEntries: org.apache.ratis.thirdparty.io.grpc.StatusRuntimeException: UNAVAILABLE: io exception
2021-11-02 20:13:15,035 [grpc-default-executor-13] WARN  server.GrpcLogAppender (GrpcLogAppender.java:resetClient(110)) - omNode-2@group-523986131536->omNode-1-GrpcLogAppender: Leader has not got in touch with Follower omNode-2@group-523986131536->omNode-1(c-1,m0,n0, attendVote=false, lastRpcSendTime=0, lastRpcResponseTime=1436) yet, just keep nextIndex unchanged and retry.
2021-11-02 20:13:15,035 [grpc-default-executor-11] WARN  server.GrpcLogAppender (LogUtils.java:warn(122)) - omNode-2@group-523986131536->omNode-1-InstallSnapshotResponseHandler: Failed InstallSnapshot: org.apache.ratis.thirdparty.io.grpc.StatusRuntimeException: UNAVAILABLE: io exception
2021-11-02 20:13:15,035 [grpc-default-executor-11] WARN  server.GrpcLogAppender (GrpcLogAppender.java:resetClient(110)) - omNode-2@group-523986131536->omNode-1-GrpcLogAppender: Leader has not got in touch with Follower omNode-2@group-523986131536->omNode-1(c-1,m0,n0, attendVote=false, lastRpcSendTime=0, lastRpcResponseTime=1436) yet, just keep nextIndex unchanged and retry.
2021-11-02 20:13:15,035 [omNode-2@group-523986131536->omNode-1-GrpcLogAppender-LogAppenderDaemon] INFO  server.GrpcLogAppender (GrpcLogAppender.java:installSnapshot(550)) - omNode-2@group-523986131536->omNode-1-GrpcLogAppender: followerNextIndex = 0 but logStartIndex = 11, notify follower to install snapshot-(t:3, i:11)
2021-11-02 20:13:15,035 [omNode-2@group-523986131536->omNode-1-GrpcLogAppender-LogAppenderDaemon] INFO  server.GrpcLogAppender (GrpcLogAppender.java:installSnapshot(558)) - omNode-2@group-523986131536->omNode-1-GrpcLogAppender: send omNode-2->omNode-1#0-t8,notify:(t:3, i:11)
2021-11-02 20:13:15,035 [grpc-default-executor-13] WARN  server.GrpcLogAppender (LogUtils.java:warn(122)) - omNode-2@group-523986131536->omNode-1-InstallSnapshotResponseHandler: Failed InstallSnapshot: org.apache.ratis.thirdparty.io.grpc.StatusRuntimeException: UNAVAILABLE: io exception
2021-11-02 20:13:15,035 [grpc-default-executor-13] WARN  server.GrpcLogAppender (GrpcLogAppender.java:resetClient(110)) - omNode-2@group-523986131536->omNode-1-GrpcLogAppender: Leader has not got in touch with Follower omNode-2@group-523986131536->omNode-1(c-1,m0,n0, attendVote=false, lastRpcSendTime=0, lastRpcResponseTime=1437) yet, just keep nextIndex unchanged and retry.
2021-11-02 20:13:15,035 [grpc-default-executor-11] WARN  server.GrpcLogAppender (LogUtils.java:warn(122)) - omNode-2@group-523986131536->omNode-1-AppendLogResponseHandler: Failed appendEntries: org.apache.ratis.thirdparty.io.grpc.StatusRuntimeException: UNAVAILABLE: io exception
2021-11-02 20:13:15,035 [grpc-default-executor-11] WARN  server.GrpcLogAppender (GrpcLogAppender.java:resetClient(110)) - omNode-2@group-523986131536->omNode-1-GrpcLogAppender: Leader has not got in touch with Follower omNode-2@group-523986131536->omNode-1(c-1,m0,n0, attendVote=false, lastRpcSendTime=0, lastRpcResponseTime=1437) yet, just keep nextIndex unchanged and retry.
2021-11-02 20:13:15,035 [omNode-2@group-523986131536->omNode-1-GrpcLogAppender-LogAppenderDaemon] INFO  server.GrpcLogAppender (GrpcLogAppender.java:installSnapshot(550)) - omNode-2@group-523986131536->omNode-1-GrpcLogAppender: followerNextIndex = 0 but logStartIndex = 11, notify follower to install snapshot-(t:3, i:11)
2021-11-02 20:13:15,036 [omNode-2@group-523986131536->omNode-1-GrpcLogAppender-LogAppenderDaemon] INFO  server.GrpcLogAppender (GrpcLogAppender.java:installSnapshot(558)) - omNode-2@group-523986131536->omNode-1-GrpcLogAppender: send omNode-2->omNode-1#0-t8,notify:(t:3, i:11)
2021-11-02 20:13:15,036 [grpc-default-executor-11] WARN  server.GrpcLogAppender (LogUtils.java:warn(122)) - omNode-2@group-523986131536->omNode-1-AppendLogResponseHandler: Failed appendEntries: org.apache.ratis.thirdparty.io.grpc.StatusRuntimeException: UNAVAILABLE: io exception
2021-11-02 20:13:15,036 [grpc-default-executor-11] WARN  server.GrpcLogAppender (GrpcLogAppender.java:resetClient(110)) - omNode-2@group-523986131536->omNode-1-GrpcLogAppender: Leader has not got in touch with Follower omNode-2@group-523986131536->omNode-1(c-1,m0,n0, attendVote=false, lastRpcSendTime=0, lastRpcResponseTime=1437) yet, just keep nextIndex unchanged and retry.
2021-11-02 20:13:15,036 [grpc-default-executor-13] WARN  server.GrpcLogAppender (LogUtils.java:warn(122)) - omNode-2@group-523986131536->omNode-1-InstallSnapshotResponseHandler: Failed InstallSnapshot: org.apache.ratis.thirdparty.io.grpc.StatusRuntimeException: UNAVAILABLE: io exception
2021-11-02 20:13:15,036 [grpc-default-executor-13] WARN  server.GrpcLogAppender (GrpcLogAppender.java:resetClient(110)) - omNode-2@group-523986131536->omNode-1-GrpcLogAppender: Leader has not got in touch with Follower omNode-2@group-523986131536->omNode-1(c-1,m0,n0, attendVote=false, lastRpcSendTime=0, lastRpcResponseTime=1437) yet, just keep nextIndex unchanged and retry.
2021-11-02 20:13:15,036 [omNode-2@group-523986131536->omNode-1-GrpcLogAppender-LogAppenderDaemon] INFO  server.GrpcLogAppender (GrpcLogAppender.java:installSnapshot(550)) - omNode-2@group-523986131536->omNode-1-GrpcLogAppender: followerNextIndex = 0 but logStartIndex = 11, notify follower to install snapshot-(t:3, i:11)
2021-11-02 20:13:15,036 [omNode-2@group-523986131536->omNode-1-GrpcLogAppender-LogAppenderDaemon] INFO  server.GrpcLogAppender (GrpcLogAppender.java:installSnapshot(558)) - omNode-2@group-523986131536->omNode-1-GrpcLogAppender: send omNode-2->omNode-1#0-t8,notify:(t:3, i:11)
2021-11-02 20:13:15,036 [grpc-default-executor-11] WARN  server.GrpcLogAppender (LogUtils.java:warn(122)) - omNode-2@group-523986131536->omNode-1-InstallSnapshotResponseHandler: Failed InstallSnapshot: org.apache.ratis.thirdparty.io.grpc.StatusRuntimeException: UNAVAILABLE: io exception
2021-11-02 20:13:15,036 [grpc-default-executor-11] WARN  server.GrpcLogAppender (GrpcLogAppender.java:resetClient(110)) - omNode-2@group-523986131536->omNode-1-GrpcLogAppender: Leader has not got in touch with Follower omNode-2@group-523986131536->omNode-1(c-1,m0,n0, attendVote=false, lastRpcSendTime=0, lastRpcResponseTime=1438) yet, just keep nextIndex unchanged and retry.
2021-11-02 20:13:15,036 [grpc-default-executor-13] WARN  server.GrpcLogAppender (LogUtils.java:warn(122)) - omNode-2@group-523986131536->omNode-1-AppendLogResponseHandler: Failed appendEntries: org.apache.ratis.thirdparty.io.grpc.StatusRuntimeException: UNAVAILABLE: io exception
2021-11-02 20:13:15,036 [grpc-default-executor-13] WARN  server.GrpcLogAppender (GrpcLogAppender.java:resetClient(110)) - omNode-2@group-523986131536->omNode-1-GrpcLogAppender: Leader has not got in touch with Follower omNode-2@group-523986131536->omNode-1(c-1,m0,n0, attendVote=false, lastRpcSendTime=0, lastRpcResponseTime=1438) yet, just keep nextIndex unchanged and retry.
2021-11-02 20:13:15,036 [omNode-2@group-523986131536->omNode-1-GrpcLogAppender-LogAppenderDaemon] INFO  server.GrpcLogAppender (GrpcLogAppender.java:installSnapshot(550)) - omNode-2@group-523986131536->omNode-1-GrpcLogAppender: followerNextIndex = 0 but logStartIndex = 11, notify follower to install snapshot-(t:3, i:11)
2021-11-02 20:13:15,036 [omNode-2@group-523986131536->omNode-1-GrpcLogAppender-LogAppenderDaemon] INFO  server.GrpcLogAppender (GrpcLogAppender.java:installSnapshot(558)) - omNode-2@group-523986131536->omNode-1-GrpcLogAppender: send omNode-2->omNode-1#0-t8,notify:(t:3, i:11)
2021-11-02 20:13:15,037 [grpc-default-executor-13] WARN  server.GrpcLogAppender (LogUtils.java:warn(122)) - omNode-2@group-523986131536->omNode-1-AppendLogResponseHandler: Failed appendEntries: org.apache.ratis.thirdparty.io.grpc.StatusRuntimeException: UNAVAILABLE: io exception
2021-11-02 20:13:15,037 [grpc-default-executor-13] WARN  server.GrpcLogAppender (GrpcLogAppender.java:resetClient(110)) - omNode-2@group-523986131536->omNode-1-GrpcLogAppender: Leader has not got in touch with Follower omNode-2@group-523986131536->omNode-1(c-1,m0,n0, attendVote=false, lastRpcSendTime=0, lastRpcResponseTime=1438) yet, just keep nextIndex unchanged and retry.
2021-11-02 20:13:15,037 [grpc-default-executor-11] WARN  server.GrpcLogAppender (LogUtils.java:warn(122)) - omNode-2@group-523986131536->omNode-1-InstallSnapshotResponseHandler: Failed InstallSnapshot: org.apache.ratis.thirdparty.io.grpc.StatusRuntimeException: UNAVAILABLE: io exception
2021-11-02 20:13:15,037 [grpc-default-executor-11] WARN  server.GrpcLogAppender (GrpcLogAppender.java:resetClient(110)) - omNode-2@group-523986131536->omNode-1-GrpcLogAppender: Leader has not got in touch with Follower omNode-2@group-523986131536->omNode-1(c-1,m0,n0, attendVote=false, lastRpcSendTime=0, lastRpcResponseTime=1438) yet, just keep nextIndex unchanged and retry.
2021-11-02 20:13:15,037 [omNode-2@group-523986131536->omNode-1-GrpcLogAppender-LogAppenderDaemon] INFO  server.GrpcLogAppender (GrpcLogAppender.java:installSnapshot(550)) - omNode-2@group-523986131536->omNode-1-GrpcLogAppender: followerNextIndex = 0 but logStartIndex = 11, notify follower to install snapshot-(t:3, i:11)
2021-11-02 20:13:15,037 [omNode-2@group-523986131536->omNode-1-GrpcLogAppender-LogAppenderDaemon] INFO  server.GrpcLogAppender (GrpcLogAppender.java:installSnapshot(558)) - omNode-2@group-523986131536->omNode-1-GrpcLogAppender: send omNode-2->omNode-1#0-t8,notify:(t:3, i:11)
2021-11-02 20:13:15,037 [grpc-default-executor-13] WARN  server.GrpcLogAppender (LogUtils.java:warn(122)) - omNode-2@group-523986131536->omNode-1-InstallSnapshotResponseHandler: Failed InstallSnapshot: org.apache.ratis.thirdparty.io.grpc.StatusRuntimeException: UNAVAILABLE: io exception
2021-11-02 20:13:15,037 [grpc-default-executor-13] WARN  server.GrpcLogAppender (GrpcLogAppender.java:resetClient(110)) - omNode-2@group-523986131536->omNode-1-GrpcLogAppender: Leader has not got in touch with Follower omNode-2@group-523986131536->omNode-1(c-1,m0,n0, attendVote=false, lastRpcSendTime=0, lastRpcResponseTime=1439) yet, just keep nextIndex unchanged and retry.
2021-11-02 20:13:15,037 [grpc-default-executor-11] WARN  server.GrpcLogAppender (LogUtils.java:warn(122)) - omNode-2@group-523986131536->omNode-1-AppendLogResponseHandler: Failed appendEntries: org.apache.ratis.thirdparty.io.grpc.StatusRuntimeException: UNAVAILABLE: io exception
2021-11-02 20:13:15,037 [grpc-default-executor-11] WARN  server.GrpcLogAppender (GrpcLogAppender.java:resetClient(110)) - omNode-2@group-523986131536->omNode-1-GrpcLogAppender: Leader has not got in touch with Follower omNode-2@group-523986131536->omNode-1(c-1,m0,n0, attendVote=false, lastRpcSendTime=0, lastRpcResponseTime=1439) yet, just keep nextIndex unchanged and retry.
2021-11-02 20:13:15,037 [omNode-2@group-523986131536->omNode-1-GrpcLogAppender-LogAppenderDaemon] INFO  server.GrpcLogAppender (GrpcLogAppender.java:installSnapshot(550)) - omNode-2@group-523986131536->omNode-1-GrpcLogAppender: followerNextIndex = 0 but logStartIndex = 11, notify follower to install snapshot-(t:3, i:11)
2021-11-02 20:13:15,037 [omNode-2@group-523986131536->omNode-1-GrpcLogAppender-LogAppenderDaemon] INFO  server.GrpcLogAppender (GrpcLogAppender.java:installSnapshot(558)) - omNode-2@group-523986131536->omNode-1-GrpcLogAppender: send omNode-2->omNode-1#0-t8,notify:(t:3, i:11)
2021-11-02 20:13:15,037 [grpc-default-executor-11] WARN  server.GrpcLogAppender (LogUtils.java:warn(122)) - omNode-2@group-523986131536->omNode-1-AppendLogResponseHandler: Failed appendEntries: org.apache.ratis.thirdparty.io.grpc.StatusRuntimeException: UNAVAILABLE: io exception
2021-11-02 20:13:15,037 [grpc-default-executor-11] WARN  server.GrpcLogAppender (GrpcLogAppender.java:resetClient(110)) - omNode-2@group-523986131536->omNode-1-GrpcLogAppender: Leader has not got in touch with Follower omNode-2@group-523986131536->omNode-1(c-1,m0,n0, attendVote=false, lastRpcSendTime=0, lastRpcResponseTime=1439) yet, just keep nextIndex unchanged and retry.
2021-11-02 20:13:15,038 [grpc-default-executor-13] WARN  server.GrpcLogAppender (LogUtils.java:warn(122)) - omNode-2@group-523986131536->omNode-1-InstallSnapshotResponseHandler: Failed InstallSnapshot: org.apache.ratis.thirdparty.io.grpc.StatusRuntimeException: UNAVAILABLE: io exception
2021-11-02 20:13:15,038 [grpc-default-executor-13] WARN  server.GrpcLogAppender (GrpcLogAppender.java:resetClient(110)) - omNode-2@group-523986131536->omNode-1-GrpcLogAppender: Leader has not got in touch with Follower omNode-2@group-523986131536->omNode-1(c-1,m0,n0, attendVote=false, lastRpcSendTime=0, lastRpcResponseTime=1439) yet, just keep nextIndex unchanged and retry.
2021-11-02 20:13:15,041 [omNode-2@group-523986131536->omNode-1-GrpcLogAppender-LogAppenderDaemon] INFO  server.GrpcLogAppender (GrpcLogAppender.java:installSnapshot(550)) - omNode-2@group-523986131536->omNode-1-GrpcLogAppender: followerNextIndex = 0 but logStartIndex = 11, notify follower to install snapshot-(t:3, i:11)
2021-11-02 20:13:15,041 [omNode-2@group-523986131536->omNode-1-GrpcLogAppender-LogAppenderDaemon] INFO  server.GrpcLogAppender (GrpcLogAppender.java:installSnapshot(558)) - omNode-2@group-523986131536->omNode-1-GrpcLogAppender: send omNode-2->omNode-1#0-t8,notify:(t:3, i:11)
2021-11-02 20:13:15,041 [grpc-default-executor-13] WARN  server.GrpcLogAppender (LogUtils.java:warn(122)) - omNode-2@group-523986131536->omNode-1-AppendLogResponseHandler: Failed appendEntries: org.apache.ratis.thirdparty.io.grpc.StatusRuntimeException: UNAVAILABLE: io exception
2021-11-02 20:13:15,041 [grpc-default-executor-13] WARN  server.GrpcLogAppender (GrpcLogAppender.java:resetClient(110)) - omNode-2@group-523986131536->omNode-1-GrpcLogAppender: Leader has not got in touch with Follower omNode-2@group-523986131536->omNode-1(c-1,m0,n0, attendVote=false, lastRpcSendTime=0, lastRpcResponseTime=1443) yet, just keep nextIndex unchanged and retry.
2021-11-02 20:13:15,041 [grpc-default-executor-11] WARN  server.GrpcLogAppender (LogUtils.java:warn(122)) - omNode-2@group-523986131536->omNode-1-InstallSnapshotResponseHandler: Failed InstallSnapshot: org.apache.ratis.thirdparty.io.grpc.StatusRuntimeException: UNAVAILABLE: io exception
2021-11-02 20:13:15,041 [grpc-default-executor-11] WARN  server.GrpcLogAppender (GrpcLogAppender.java:resetClient(110)) - omNode-2@group-523986131536->omNode-1-GrpcLogAppender: Leader has not got in touch with Follower omNode-2@group-523986131536->omNode-1(c-1,m0,n0, attendVote=false, lastRpcSendTime=0, lastRpcResponseTime=1443) yet, just keep nextIndex unchanged and retry.
2021-11-02 20:13:15,041 [omNode-2@group-523986131536->omNode-1-GrpcLogAppender-LogAppenderDaemon] INFO  server.GrpcLogAppender (GrpcLogAppender.java:installSnapshot(550)) - omNode-2@group-523986131536->omNode-1-GrpcLogAppender: followerNextIndex = 0 but logStartIndex = 11, notify follower to install snapshot-(t:3, i:11)
2021-11-02 20:13:15,041 [omNode-2@group-523986131536->omNode-1-GrpcLogAppender-LogAppenderDaemon] INFO  server.GrpcLogAppender (GrpcLogAppender.java:installSnapshot(558)) - omNode-2@group-523986131536->omNode-1-GrpcLogAppender: send omNode-2->omNode-1#0-t8,notify:(t:3, i:11)
2021-11-02 20:13:15,042 [grpc-default-executor-13] WARN  server.GrpcLogAppender (LogUtils.java:warn(122)) - omNode-2@group-523986131536->omNode-1-InstallSnapshotResponseHandler: Failed InstallSnapshot: org.apache.ratis.thirdparty.io.grpc.StatusRuntimeException: UNAVAILABLE: io exception
2021-11-02 20:13:15,042 [grpc-default-executor-13] WARN  server.GrpcLogAppender (GrpcLogAppender.java:resetClient(110)) - omNode-2@group-523986131536->omNode-1-GrpcLogAppender: Leader has not got in touch with Follower omNode-2@group-523986131536->omNode-1(c-1,m0,n0, attendVote=false, lastRpcSendTime=0, lastRpcResponseTime=1443) yet, just keep nextIndex unchanged and retry.
2021-11-02 20:13:15,042 [grpc-default-executor-11] WARN  server.GrpcLogAppender (LogUtils.java:warn(122)) - omNode-2@group-523986131536->omNode-1-AppendLogResponseHandler: Failed appendEntries: org.apache.ratis.thirdparty.io.grpc.StatusRuntimeException: UNAVAILABLE: io exception
2021-11-02 20:13:15,042 [grpc-default-executor-11] WARN  server.GrpcLogAppender (GrpcLogAppender.java:resetClient(110)) - omNode-2@group-523986131536->omNode-1-GrpcLogAppender: Leader has not got in touch with Follower omNode-2@group-523986131536->omNode-1(c-1,m0,n0, attendVote=false, lastRpcSendTime=0, lastRpcResponseTime=1444) yet, just keep nextIndex unchanged and retry.
2021-11-02 20:13:15,042 [omNode-2@group-523986131536->omNode-1-GrpcLogAppender-LogAppenderDaemon] INFO  server.GrpcLogAppender (GrpcLogAppender.java:installSnapshot(550)) - omNode-2@group-523986131536->omNode-1-GrpcLogAppender: followerNextIndex = 0 but logStartIndex = 11, notify follower to install snapshot-(t:3, i:11)
2021-11-02 20:13:15,042 [omNode-2@group-523986131536->omNode-1-GrpcLogAppender-LogAppenderDaemon] INFO  server.GrpcLogAppender (GrpcLogAppender.java:installSnapshot(558)) - omNode-2@group-523986131536->omNode-1-GrpcLogAppender: send omNode-2->omNode-1#0-t8,notify:(t:3, i:11)
2021-11-02 20:13:15,042 [grpc-default-executor-11] WARN  server.GrpcLogAppender (LogUtils.java:warn(122)) - omNode-2@group-523986131536->omNode-1-AppendLogResponseHandler: Failed appendEntries: org.apache.ratis.thirdparty.io.grpc.StatusRuntimeException: UNAVAILABLE: io exception
2021-11-02 20:13:15,042 [grpc-default-executor-11] WARN  server.GrpcLogAppender (GrpcLogAppender.java:resetClient(110)) - omNode-2@group-523986131536->omNode-1-GrpcLogAppender: Leader has not got in touch with Follower omNode-2@group-523986131536->omNode-1(c-1,m0,n0, attendVote=false, lastRpcSendTime=0, lastRpcResponseTime=1444) yet, just keep nextIndex unchanged and retry.
2021-11-02 20:13:15,042 [grpc-default-executor-13] WARN  server.GrpcLogAppender (LogUtils.java:warn(122)) - omNode-2@group-523986131536->omNode-1-InstallSnapshotResponseHandler: Failed InstallSnapshot: org.apache.ratis.thirdparty.io.grpc.StatusRuntimeException: UNAVAILABLE: io exception
2021-11-02 20:13:15,042 [grpc-default-executor-13] WARN  server.GrpcLogAppender (GrpcLogAppender.java:resetClient(110)) - omNode-2@group-523986131536->omNode-1-GrpcLogAppender: Leader has not got in touch with Follower omNode-2@group-523986131536->omNode-1(c-1,m0,n0, attendVote=false, lastRpcSendTime=0, lastRpcResponseTime=1444) yet, just keep nextIndex unchanged and retry.
2021-11-02 20:13:15,042 [omNode-2@group-523986131536->omNode-1-GrpcLogAppender-LogAppenderDaemon] INFO  server.GrpcLogAppender (GrpcLogAppender.java:installSnapshot(550)) - omNode-2@group-523986131536->omNode-1-GrpcLogAppender: followerNextIndex = 0 but logStartIndex = 11, notify follower to install snapshot-(t:3, i:11)
2021-11-02 20:13:15,043 [omNode-2@group-523986131536->omNode-1-GrpcLogAppender-LogAppenderDaemon] INFO  server.GrpcLogAppender (GrpcLogAppender.java:installSnapshot(558)) - omNode-2@group-523986131536->omNode-1-GrpcLogAppender: send omNode-2->omNode-1#0-t8,notify:(t:3, i:11)
2021-11-02 20:13:15,043 [grpc-default-executor-13] WARN  server.GrpcLogAppender (LogUtils.java:warn(122)) - omNode-2@group-523986131536->omNode-1-AppendLogResponseHandler: Failed appendEntries: org.apache.ratis.thirdparty.io.grpc.StatusRuntimeException: UNAVAILABLE: io exception
2021-11-02 20:13:15,043 [grpc-default-executor-13] WARN  server.GrpcLogAppender (GrpcLogAppender.java:resetClient(110)) - omNode-2@group-523986131536->omNode-1-GrpcLogAppender: Leader has not got in touch with Follower omNode-2@group-523986131536->omNode-1(c-1,m0,n0, attendVote=false, lastRpcSendTime=0, lastRpcResponseTime=1444) yet, just keep nextIndex unchanged and retry.
2021-11-02 20:13:15,043 [grpc-default-executor-11] WARN  server.GrpcLogAppender (LogUtils.java:warn(122)) - omNode-2@group-523986131536->omNode-1-InstallSnapshotResponseHandler: Failed InstallSnapshot: org.apache.ratis.thirdparty.io.grpc.StatusRuntimeException: UNAVAILABLE: io exception
2021-11-02 20:13:15,043 [grpc-default-executor-11] WARN  server.GrpcLogAppender (GrpcLogAppender.java:resetClient(110)) - omNode-2@group-523986131536->omNode-1-GrpcLogAppender: Leader has not got in touch with Follower omNode-2@group-523986131536->omNode-1(c-1,m0,n0, attendVote=false, lastRpcSendTime=0, lastRpcResponseTime=1444) yet, just keep nextIndex unchanged and retry.
2021-11-02 20:13:15,043 [grpc-default-executor-11] WARN  server.GrpcLogAppender (LogUtils.java:warn(122)) - omNode-2@group-523986131536->omNode-1-AppendLogResponseHandler: Failed appendEntries: org.apache.ratis.thirdparty.io.grpc.StatusRuntimeException: UNAVAILABLE: io exception
2021-11-02 20:13:15,043 [omNode-2@group-523986131536->omNode-1-GrpcLogAppender-LogAppenderDaemon] INFO  server.GrpcLogAppender (GrpcLogAppender.java:installSnapshot(550)) - omNode-2@group-523986131536->omNode-1-GrpcLogAppender: followerNextIndex = 0 but logStartIndex = 11, notify follower to install snapshot-(t:3, i:11)
2021-11-02 20:13:15,043 [omNode-2@group-523986131536->omNode-1-GrpcLogAppender-LogAppenderDaemon] INFO  server.GrpcLogAppender (GrpcLogAppender.java:installSnapshot(558)) - omNode-2@group-523986131536->omNode-1-GrpcLogAppender: send omNode-2->omNode-1#0-t8,notify:(t:3, i:11)
2021-11-02 20:13:15,043 [grpc-default-executor-11] WARN  server.GrpcLogAppender (GrpcLogAppender.java:resetClient(110)) - omNode-2@group-523986131536->omNode-1-GrpcLogAppender: Leader has not got in touch with Follower omNode-2@group-523986131536->omNode-1(c-1,m0,n0, attendVote=false, lastRpcSendTime=0, lastRpcResponseTime=1445) yet, just keep nextIndex unchanged and retry.
2021-11-02 20:13:15,043 [grpc-default-executor-11] WARN  server.GrpcLogAppender (LogUtils.java:warn(122)) - omNode-2@group-523986131536->omNode-1-InstallSnapshotResponseHandler: Failed InstallSnapshot: org.apache.ratis.thirdparty.io.grpc.StatusRuntimeException: UNAVAILABLE: io exception
2021-11-02 20:13:15,043 [grpc-default-executor-11] WARN  server.GrpcLogAppender (GrpcLogAppender.java:resetClient(110)) - omNode-2@group-523986131536->omNode-1-GrpcLogAppender: Leader has not got in touch with Follower omNode-2@group-523986131536->omNode-1(c-1,m0,n0, attendVote=false, lastRpcSendTime=0, lastRpcResponseTime=1445) yet, just keep nextIndex unchanged and retry.
2021-11-02 20:13:15,043 [grpc-default-executor-11] WARN  server.GrpcLogAppender (LogUtils.java:warn(122)) - omNode-2@group-523986131536->omNode-1-AppendLogResponseHandler: Failed appendEntries: org.apache.ratis.thirdparty.io.grpc.StatusRuntimeException: UNAVAILABLE: io exception
2021-11-02 20:13:15,044 [omNode-2@group-523986131536->omNode-1-GrpcLogAppender-LogAppenderDaemon] INFO  server.GrpcLogAppender (GrpcLogAppender.java:installSnapshot(550)) - omNode-2@group-523986131536->omNode-1-GrpcLogAppender: followerNextIndex = 0 but logStartIndex = 11, notify follower to install snapshot-(t:3, i:11)
2021-11-02 20:13:15,044 [omNode-2@group-523986131536->omNode-1-GrpcLogAppender-LogAppenderDaemon] INFO  server.GrpcLogAppender (GrpcLogAppender.java:installSnapshot(558)) - omNode-2@group-523986131536->omNode-1-GrpcLogAppender: send omNode-2->omNode-1#0-t8,notify:(t:3, i:11)
2021-11-02 20:13:15,044 [grpc-default-executor-11] WARN  server.GrpcLogAppender (GrpcLogAppender.java:resetClient(110)) - omNode-2@group-523986131536->omNode-1-GrpcLogAppender: Leader has not got in touch with Follower omNode-2@group-523986131536->omNode-1(c-1,m0,n0, attendVote=false, lastRpcSendTime=0, lastRpcResponseTime=1445) yet, just keep nextIndex unchanged and retry.
2021-11-02 20:13:15,044 [grpc-default-executor-13] WARN  server.GrpcLogAppender (LogUtils.java:warn(122)) - omNode-2@group-523986131536->omNode-1-InstallSnapshotResponseHandler: Failed InstallSnapshot: org.apache.ratis.thirdparty.io.grpc.StatusRuntimeException: UNAVAILABLE: io exception
2021-11-02 20:13:15,044 [grpc-default-executor-13] WARN  server.GrpcLogAppender (GrpcLogAppender.java:resetClient(110)) - omNode-2@group-523986131536->omNode-1-GrpcLogAppender: Leader has not got in touch with Follower omNode-2@group-523986131536->omNode-1(c-1,m0,n0, attendVote=false, lastRpcSendTime=0, lastRpcResponseTime=1445) yet, just keep nextIndex unchanged and retry.
2021-11-02 20:13:15,044 [grpc-default-executor-13] WARN  server.GrpcLogAppender (LogUtils.java:warn(122)) - omNode-2@group-523986131536->omNode-1-AppendLogResponseHandler: Failed appendEntries: org.apache.ratis.thirdparty.io.grpc.StatusRuntimeException: UNAVAILABLE: io exception
2021-11-02 20:13:15,044 [grpc-default-executor-13] WARN  server.GrpcLogAppender (GrpcLogAppender.java:resetClient(110)) - omNode-2@group-523986131536->omNode-1-GrpcLogAppender: Leader has not got in touch with Follower omNode-2@group-523986131536->omNode-1(c-1,m0,n0, attendVote=false, lastRpcSendTime=0, lastRpcResponseTime=1446) yet, just keep nextIndex unchanged and retry.
2021-11-02 20:13:15,044 [omNode-2@group-523986131536->omNode-1-GrpcLogAppender-LogAppenderDaemon] INFO  server.GrpcLogAppender (GrpcLogAppender.java:installSnapshot(550)) - omNode-2@group-523986131536->omNode-1-GrpcLogAppender: followerNextIndex = 0 but logStartIndex = 11, notify follower to install snapshot-(t:3, i:11)
2021-11-02 20:13:15,044 [omNode-2@group-523986131536->omNode-1-GrpcLogAppender-LogAppenderDaemon] INFO  server.GrpcLogAppender (GrpcLogAppender.java:installSnapshot(558)) - omNode-2@group-523986131536->omNode-1-GrpcLogAppender: send omNode-2->omNode-1#0-t8,notify:(t:3, i:11)
2021-11-02 20:13:15,044 [grpc-default-executor-13] WARN  server.GrpcLogAppender (LogUtils.java:warn(122)) - omNode-2@group-523986131536->omNode-1-InstallSnapshotResponseHandler: Failed InstallSnapshot: org.apache.ratis.thirdparty.io.grpc.StatusRuntimeException: UNAVAILABLE: io exception
2021-11-02 20:13:15,044 [grpc-default-executor-13] WARN  server.GrpcLogAppender (GrpcLogAppender.java:resetClient(110)) - omNode-2@group-523986131536->omNode-1-GrpcLogAppender: Leader has not got in touch with Follower omNode-2@group-523986131536->omNode-1(c-1,m0,n0, attendVote=false, lastRpcSendTime=0, lastRpcResponseTime=1446) yet, just keep nextIndex unchanged and retry.
2021-11-02 20:13:15,044 [grpc-default-executor-13] WARN  server.GrpcLogAppender (LogUtils.java:warn(122)) - omNode-2@group-523986131536->omNode-1-AppendLogResponseHandler: Failed appendEntries: org.apache.ratis.thirdparty.io.grpc.StatusRuntimeException: UNAVAILABLE: io exception
2021-11-02 20:13:15,044 [grpc-default-executor-13] WARN  server.GrpcLogAppender (GrpcLogAppender.java:resetClient(110)) - omNode-2@group-523986131536->omNode-1-GrpcLogAppender: Leader has not got in touch with Follower omNode-2@group-523986131536->omNode-1(c-1,m0,n0, attendVote=false, lastRpcSendTime=0, lastRpcResponseTime=1446) yet, just keep nextIndex unchanged and retry.
2021-11-02 20:13:15,045 [omNode-2@group-523986131536->omNode-1-GrpcLogAppender-LogAppenderDaemon] INFO  server.GrpcLogAppender (GrpcLogAppender.java:installSnapshot(550)) - omNode-2@group-523986131536->omNode-1-GrpcLogAppender: followerNextIndex = 0 but logStartIndex = 11, notify follower to install snapshot-(t:3, i:11)
2021-11-02 20:13:15,045 [omNode-2@group-523986131536->omNode-1-GrpcLogAppender-LogAppenderDaemon] INFO  server.GrpcLogAppender (GrpcLogAppender.java:installSnapshot(558)) - omNode-2@group-523986131536->omNode-1-GrpcLogAppender: send omNode-2->omNode-1#0-t8,notify:(t:3, i:11)
2021-11-02 20:13:15,045 [grpc-default-executor-13] WARN  server.GrpcLogAppender (LogUtils.java:warn(122)) - omNode-2@group-523986131536->omNode-1-InstallSnapshotResponseHandler: Failed InstallSnapshot: org.apache.ratis.thirdparty.io.grpc.StatusRuntimeException: UNAVAILABLE: io exception
2021-11-02 20:13:15,045 [grpc-default-executor-13] WARN  server.GrpcLogAppender (GrpcLogAppender.java:resetClient(110)) - omNode-2@group-523986131536->omNode-1-GrpcLogAppender: Leader has not got in touch with Follower omNode-2@group-523986131536->omNode-1(c-1,m0,n0, attendVote=false, lastRpcSendTime=0, lastRpcResponseTime=1446) yet, just keep nextIndex unchanged and retry.
2021-11-02 20:13:15,045 [grpc-default-executor-13] WARN  server.GrpcLogAppender (LogUtils.java:warn(122)) - omNode-2@group-523986131536->omNode-1-AppendLogResponseHandler: Failed appendEntries: org.apache.ratis.thirdparty.io.grpc.StatusRuntimeException: UNAVAILABLE: io exception
2021-11-02 20:13:15,045 [grpc-default-executor-13] WARN  server.GrpcLogAppender (GrpcLogAppender.java:resetClient(110)) - omNode-2@group-523986131536->omNode-1-GrpcLogAppender: Leader has not got in touch with Follower omNode-2@group-523986131536->omNode-1(c-1,m0,n0, attendVote=false, lastRpcSendTime=0, lastRpcResponseTime=1447) yet, just keep nextIndex unchanged and retry.
2021-11-02 20:13:15,045 [omNode-2@group-523986131536->omNode-1-GrpcLogAppender-LogAppenderDaemon] INFO  server.GrpcLogAppender (GrpcLogAppender.java:installSnapshot(550)) - omNode-2@group-523986131536->omNode-1-GrpcLogAppender: followerNextIndex = 0 but logStartIndex = 11, notify follower to install snapshot-(t:3, i:11)
2021-11-02 20:13:15,045 [omNode-2@group-523986131536->omNode-1-GrpcLogAppender-LogAppenderDaemon] INFO  server.GrpcLogAppender (GrpcLogAppender.java:installSnapshot(558)) - omNode-2@group-523986131536->omNode-1-GrpcLogAppender: send omNode-2->omNode-1#0-t8,notify:(t:3, i:11)
2021-11-02 20:13:15,045 [grpc-default-executor-13] WARN  server.GrpcLogAppender (LogUtils.java:warn(122)) - omNode-2@group-523986131536->omNode-1-InstallSnapshotResponseHandler: Failed InstallSnapshot: org.apache.ratis.thirdparty.io.grpc.StatusRuntimeException: UNAVAILABLE: io exception
2021-11-02 20:13:15,045 [grpc-default-executor-13] WARN  server.GrpcLogAppender (GrpcLogAppender.java:resetClient(110)) - omNode-2@group-523986131536->omNode-1-GrpcLogAppender: Leader has not got in touch with Follower omNode-2@group-523986131536->omNode-1(c-1,m0,n0, attendVote=false, lastRpcSendTime=0, lastRpcResponseTime=1447) yet, just keep nextIndex unchanged and retry.
2021-11-02 20:13:15,045 [grpc-default-executor-13] WARN  server.GrpcLogAppender (LogUtils.java:warn(122)) - omNode-2@group-523986131536->omNode-1-AppendLogResponseHandler: Failed appendEntries: org.apache.ratis.thirdparty.io.grpc.StatusRuntimeException: UNAVAILABLE: io exception
2021-11-02 20:13:15,045 [grpc-default-executor-13] WARN  server.GrpcLogAppender (GrpcLogAppender.java:resetClient(110)) - omNode-2@group-523986131536->omNode-1-GrpcLogAppender: Leader has not got in touch with Follower omNode-2@group-523986131536->omNode-1(c-1,m0,n0, attendVote=false, lastRpcSendTime=0, lastRpcResponseTime=1447) yet, just keep nextIndex unchanged and retry.
2021-11-02 20:13:15,046 [omNode-2@group-523986131536->omNode-1-GrpcLogAppender-LogAppenderDaemon] INFO  server.GrpcLogAppender (GrpcLogAppender.java:installSnapshot(550)) - omNode-2@group-523986131536->omNode-1-GrpcLogAppender: followerNextIndex = 0 but logStartIndex = 11, notify follower to install snapshot-(t:3, i:11)
2021-11-02 20:13:15,046 [omNode-2@group-523986131536->omNode-1-GrpcLogAppender-LogAppenderDaemon] INFO  server.GrpcLogAppender (GrpcLogAppender.java:installSnapshot(558)) - omNode-2@group-523986131536->omNode-1-GrpcLogAppender: send omNode-2->omNode-1#0-t8,notify:(t:3, i:11)
2021-11-02 20:13:15,046 [grpc-default-executor-13] WARN  server.GrpcLogAppender (LogUtils.java:warn(122)) - omNode-2@group-523986131536->omNode-1-InstallSnapshotResponseHandler: Failed InstallSnapshot: org.apache.ratis.thirdparty.io.grpc.StatusRuntimeException: UNAVAILABLE: io exception
2021-11-02 20:13:15,046 [grpc-default-executor-13] WARN  server.GrpcLogAppender (GrpcLogAppender.java:resetClient(110)) - omNode-2@group-523986131536->omNode-1-GrpcLogAppender: Leader has not got in touch with Follower omNode-2@group-523986131536->omNode-1(c-1,m0,n0, attendVote=false, lastRpcSendTime=0, lastRpcResponseTime=1447) yet, just keep nextIndex unchanged and retry.
2021-11-02 20:13:15,046 [grpc-default-executor-13] WARN  server.GrpcLogAppender (LogUtils.java:warn(122)) - omNode-2@group-523986131536->omNode-1-AppendLogResponseHandler: Failed appendEntries: org.apache.ratis.thirdparty.io.grpc.StatusRuntimeException: UNAVAILABLE: io exception
2021-11-02 20:13:15,046 [grpc-default-executor-13] WARN  server.GrpcLogAppender (GrpcLogAppender.java:resetClient(110)) - omNode-2@group-523986131536->omNode-1-GrpcLogAppender: Leader has not got in touch with Follower omNode-2@group-523986131536->omNode-1(c-1,m0,n0, attendVote=false, lastRpcSendTime=0, lastRpcResponseTime=1448) yet, just keep nextIndex unchanged and retry.
2021-11-02 20:13:15,046 [omNode-2@group-523986131536->omNode-1-GrpcLogAppender-LogAppenderDaemon] INFO  server.GrpcLogAppender (GrpcLogAppender.java:installSnapshot(550)) - omNode-2@group-523986131536->omNode-1-GrpcLogAppender: followerNextIndex = 0 but logStartIndex = 11, notify follower to install snapshot-(t:3, i:11)
2021-11-02 20:13:15,046 [omNode-2@group-523986131536->omNode-1-GrpcLogAppender-LogAppenderDaemon] INFO  server.GrpcLogAppender (GrpcLogAppender.java:installSnapshot(558)) - omNode-2@group-523986131536->omNode-1-GrpcLogAppender: send omNode-2->omNode-1#0-t8,notify:(t:3, i:11)
2021-11-02 20:13:15,046 [grpc-default-executor-13] WARN  server.GrpcLogAppender (LogUtils.java:warn(122)) - omNode-2@group-523986131536->omNode-1-InstallSnapshotResponseHandler: Failed InstallSnapshot: org.apache.ratis.thirdparty.io.grpc.StatusRuntimeException: UNAVAILABLE: io exception
2021-11-02 20:13:15,046 [grpc-default-executor-13] WARN  server.GrpcLogAppender (GrpcLogAppender.java:resetClient(110)) - omNode-2@group-523986131536->omNode-1-GrpcLogAppender: Leader has not got in touch with Follower omNode-2@group-523986131536->omNode-1(c-1,m0,n0, attendVote=false, lastRpcSendTime=0, lastRpcResponseTime=1448) yet, just keep nextIndex unchanged and retry.
2021-11-02 20:13:15,046 [grpc-default-executor-13] WARN  server.GrpcLogAppender (LogUtils.java:warn(122)) - omNode-2@group-523986131536->omNode-1-AppendLogResponseHandler: Failed appendEntries: org.apache.ratis.thirdparty.io.grpc.StatusRuntimeException: UNAVAILABLE: io exception
2021-11-02 20:13:15,046 [grpc-default-executor-13] WARN  server.GrpcLogAppender (GrpcLogAppender.java:resetClient(110)) - omNode-2@group-523986131536->omNode-1-GrpcLogAppender: Leader has not got in touch with Follower omNode-2@group-523986131536->omNode-1(c-1,m0,n0, attendVote=false, lastRpcSendTime=0, lastRpcResponseTime=1448) yet, just keep nextIndex unchanged and retry.
2021-11-02 20:13:15,046 [omNode-2@group-523986131536->omNode-1-GrpcLogAppender-LogAppenderDaemon] INFO  server.GrpcLogAppender (GrpcLogAppender.java:installSnapshot(550)) - omNode-2@group-523986131536->omNode-1-GrpcLogAppender: followerNextIndex = 0 but logStartIndex = 11, notify follower to install snapshot-(t:3, i:11)
2021-11-02 20:13:15,046 [omNode-2@group-523986131536->omNode-1-GrpcLogAppender-LogAppenderDaemon] INFO  server.GrpcLogAppender (GrpcLogAppender.java:installSnapshot(558)) - omNode-2@group-523986131536->omNode-1-GrpcLogAppender: send omNode-2->omNode-1#0-t8,notify:(t:3, i:11)
2021-11-02 20:13:15,047 [grpc-default-executor-13] WARN  server.GrpcLogAppender (LogUtils.java:warn(122)) - omNode-2@group-523986131536->omNode-1-InstallSnapshotResponseHandler: Failed InstallSnapshot: org.apache.ratis.thirdparty.io.grpc.StatusRuntimeException: UNAVAILABLE: io exception
2021-11-02 20:13:15,047 [grpc-default-executor-13] WARN  server.GrpcLogAppender (GrpcLogAppender.java:resetClient(110)) - omNode-2@group-523986131536->omNode-1-GrpcLogAppender: Leader has not got in touch with Follower omNode-2@group-523986131536->omNode-1(c-1,m0,n0, attendVote=false, lastRpcSendTime=0, lastRpcResponseTime=1449) yet, just keep nextIndex unchanged and retry.
2021-11-02 20:13:15,048 [grpc-default-executor-13] WARN  server.GrpcLogAppender (LogUtils.java:warn(122)) - omNode-2@group-523986131536->omNode-1-AppendLogResponseHandler: Failed appendEntries: org.apache.ratis.thirdparty.io.grpc.StatusRuntimeException: UNAVAILABLE: io exception
2021-11-02 20:13:15,048 [grpc-default-executor-13] WARN  server.GrpcLogAppender (GrpcLogAppender.java:resetClient(110)) - omNode-2@group-523986131536->omNode-1-GrpcLogAppender: Leader has not got in touch with Follower omNode-2@group-523986131536->omNode-1(c-1,m0,n0, attendVote=false, lastRpcSendTime=0, lastRpcResponseTime=1450) yet, just keep nextIndex unchanged and retry.
2021-11-02 20:13:15,048 [omNode-2@group-523986131536->omNode-1-GrpcLogAppender-LogAppenderDaemon] INFO  server.GrpcLogAppender (GrpcLogAppender.java:installSnapshot(550)) - omNode-2@group-523986131536->omNode-1-GrpcLogAppender: followerNextIndex = 0 but logStartIndex = 11, notify follower to install snapshot-(t:3, i:11)
2021-11-02 20:13:15,048 [omNode-2@group-523986131536->omNode-1-GrpcLogAppender-LogAppenderDaemon] INFO  server.GrpcLogAppender (GrpcLogAppender.java:installSnapshot(558)) - omNode-2@group-523986131536->omNode-1-GrpcLogAppender: send omNode-2->omNode-1#0-t8,notify:(t:3, i:11)
2021-11-02 20:13:15,053 [grpc-default-executor-11] WARN  server.GrpcLogAppender (LogUtils.java:warn(122)) - omNode-2@group-523986131536->omNode-1-InstallSnapshotResponseHandler: Failed InstallSnapshot: org.apache.ratis.thirdparty.io.grpc.StatusRuntimeException: UNAVAILABLE: io exception
2021-11-02 20:13:15,053 [grpc-default-executor-11] WARN  server.GrpcLogAppender (GrpcLogAppender.java:resetClient(110)) - omNode-2@group-523986131536->omNode-1-GrpcLogAppender: Leader has not got in touch with Follower omNode-2@group-523986131536->omNode-1(c-1,m0,n0, attendVote=false, lastRpcSendTime=4, lastRpcResponseTime=1455) yet, just keep nextIndex unchanged and retry.
2021-11-02 20:13:15,054 [omNode-2@group-523986131536->omNode-1-GrpcLogAppender-LogAppenderDaemon] INFO  server.GrpcLogAppender (GrpcLogAppender.java:installSnapshot(550)) - omNode-2@group-523986131536->omNode-1-GrpcLogAppender: followerNextIndex = 0 but logStartIndex = 11, notify follower to install snapshot-(t:3, i:11)
2021-11-02 20:13:15,054 [grpc-default-executor-13] WARN  server.GrpcLogAppender (LogUtils.java:warn(122)) - omNode-2@group-523986131536->omNode-1-AppendLogResponseHandler: Failed appendEntries: org.apache.ratis.thirdparty.io.grpc.StatusRuntimeException: UNAVAILABLE: io exception
2021-11-02 20:13:15,054 [grpc-default-executor-13] WARN  server.GrpcLogAppender (GrpcLogAppender.java:resetClient(110)) - omNode-2@group-523986131536->omNode-1-GrpcLogAppender: Leader has not got in touch with Follower omNode-2@group-523986131536->omNode-1(c-1,m0,n0, attendVote=false, lastRpcSendTime=0, lastRpcResponseTime=1456) yet, just keep nextIndex unchanged and retry.
2021-11-02 20:13:15,054 [omNode-2@group-523986131536->omNode-1-GrpcLogAppender-LogAppenderDaemon] INFO  server.GrpcLogAppender (GrpcLogAppender.java:installSnapshot(558)) - omNode-2@group-523986131536->omNode-1-GrpcLogAppender: send omNode-2->omNode-1#0-t8,notify:(t:3, i:11)
2021-11-02 20:13:15,055 [grpc-default-executor-11] WARN  server.GrpcLogAppender (LogUtils.java:warn(122)) - omNode-2@group-523986131536->omNode-1-InstallSnapshotResponseHandler: Failed InstallSnapshot: org.apache.ratis.thirdparty.io.grpc.StatusRuntimeException: UNAVAILABLE: io exception
2021-11-02 20:13:15,055 [grpc-default-executor-11] WARN  server.GrpcLogAppender (GrpcLogAppender.java:resetClient(110)) - omNode-2@group-523986131536->omNode-1-GrpcLogAppender: Leader has not got in touch with Follower omNode-2@group-523986131536->omNode-1(c-1,m0,n0, attendVote=false, lastRpcSendTime=0, lastRpcResponseTime=1457) yet, just keep nextIndex unchanged and retry.
2021-11-02 20:13:15,055 [grpc-default-executor-11] WARN  server.GrpcLogAppender (LogUtils.java:warn(122)) - omNode-2@group-523986131536->omNode-1-AppendLogResponseHandler: Failed appendEntries: org.apache.ratis.thirdparty.io.grpc.StatusRuntimeException: UNAVAILABLE: io exception
2021-11-02 20:13:15,055 [grpc-default-executor-11] WARN  server.GrpcLogAppender (GrpcLogAppender.java:resetClient(110)) - omNode-2@group-523986131536->omNode-1-GrpcLogAppender: Leader has not got in touch with Follower omNode-2@group-523986131536->omNode-1(c-1,m0,n0, attendVote=false, lastRpcSendTime=0, lastRpcResponseTime=1457) yet, just keep nextIndex unchanged and retry.
2021-11-02 20:13:15,056 [omNode-2@group-523986131536->omNode-1-GrpcLogAppender-LogAppenderDaemon] INFO  server.GrpcLogAppender (GrpcLogAppender.java:installSnapshot(550)) - omNode-2@group-523986131536->omNode-1-GrpcLogAppender: followerNextIndex = 0 but logStartIndex = 11, notify follower to install snapshot-(t:3, i:11)
2021-11-02 20:13:15,056 [omNode-2@group-523986131536->omNode-1-GrpcLogAppender-LogAppenderDaemon] INFO  server.GrpcLogAppender (GrpcLogAppender.java:installSnapshot(558)) - omNode-2@group-523986131536->omNode-1-GrpcLogAppender: send omNode-2->omNode-1#0-t8,notify:(t:3, i:11)
2021-11-02 20:13:15,056 [grpc-default-executor-11] WARN  server.GrpcLogAppender (LogUtils.java:warn(122)) - omNode-2@group-523986131536->omNode-1-InstallSnapshotResponseHandler: Failed InstallSnapshot: org.apache.ratis.thirdparty.io.grpc.StatusRuntimeException: UNAVAILABLE: io exception
2021-11-02 20:13:15,056 [grpc-default-executor-11] WARN  server.GrpcLogAppender (GrpcLogAppender.java:resetClient(110)) - omNode-2@group-523986131536->omNode-1-GrpcLogAppender: Leader has not got in touch with Follower omNode-2@group-523986131536->omNode-1(c-1,m0,n0, attendVote=false, lastRpcSendTime=0, lastRpcResponseTime=1457) yet, just keep nextIndex unchanged and retry.
2021-11-02 20:13:15,056 [grpc-default-executor-11] WARN  server.GrpcLogAppender (LogUtils.java:warn(122)) - omNode-2@group-523986131536->omNode-1-AppendLogResponseHandler: Failed appendEntries: org.apache.ratis.thirdparty.io.grpc.StatusRuntimeException: UNAVAILABLE: io exception
2021-11-02 20:13:15,056 [grpc-default-executor-11] WARN  server.GrpcLogAppender (GrpcLogAppender.java:resetClient(110)) - omNode-2@group-523986131536->omNode-1-GrpcLogAppender: Leader has not got in touch with Follower omNode-2@group-523986131536->omNode-1(c-1,m0,n0, attendVote=false, lastRpcSendTime=0, lastRpcResponseTime=1458) yet, just keep nextIndex unchanged and retry.
2021-11-02 20:13:15,056 [omNode-2@group-523986131536->omNode-1-GrpcLogAppender-LogAppenderDaemon] INFO  server.GrpcLogAppender (GrpcLogAppender.java:installSnapshot(550)) - omNode-2@group-523986131536->omNode-1-GrpcLogAppender: followerNextIndex = 0 but logStartIndex = 11, notify follower to install snapshot-(t:3, i:11)
2021-11-02 20:13:15,056 [omNode-2@group-523986131536->omNode-1-GrpcLogAppender-LogAppenderDaemon] INFO  server.GrpcLogAppender (GrpcLogAppender.java:installSnapshot(558)) - omNode-2@group-523986131536->omNode-1-GrpcLogAppender: send omNode-2->omNode-1#0-t8,notify:(t:3, i:11)
2021-11-02 20:13:15,056 [grpc-default-executor-11] WARN  server.GrpcLogAppender (LogUtils.java:warn(122)) - omNode-2@group-523986131536->omNode-1-InstallSnapshotResponseHandler: Failed InstallSnapshot: org.apache.ratis.thirdparty.io.grpc.StatusRuntimeException: UNAVAILABLE: io exception
2021-11-02 20:13:15,056 [grpc-default-executor-11] WARN  server.GrpcLogAppender (GrpcLogAppender.java:resetClient(110)) - omNode-2@group-523986131536->omNode-1-GrpcLogAppender: Leader has not got in touch with Follower omNode-2@group-523986131536->omNode-1(c-1,m0,n0, attendVote=false, lastRpcSendTime=0, lastRpcResponseTime=1458) yet, just keep nextIndex unchanged and retry.
2021-11-02 20:13:15,056 [grpc-default-executor-11] WARN  server.GrpcLogAppender (LogUtils.java:warn(122)) - omNode-2@group-523986131536->omNode-1-AppendLogResponseHandler: Failed appendEntries: org.apache.ratis.thirdparty.io.grpc.StatusRuntimeException: UNAVAILABLE: io exception
2021-11-02 20:13:15,056 [grpc-default-executor-11] WARN  server.GrpcLogAppender (GrpcLogAppender.java:resetClient(110)) - omNode-2@group-523986131536->omNode-1-GrpcLogAppender: Leader has not got in touch with Follower omNode-2@group-523986131536->omNode-1(c-1,m0,n0, attendVote=false, lastRpcSendTime=0, lastRpcResponseTime=1458) yet, just keep nextIndex unchanged and retry.
2021-11-02 20:13:15,056 [omNode-2@group-523986131536->omNode-1-GrpcLogAppender-LogAppenderDaemon] INFO  server.GrpcLogAppender (GrpcLogAppender.java:installSnapshot(550)) - omNode-2@group-523986131536->omNode-1-GrpcLogAppender: followerNextIndex = 0 but logStartIndex = 11, notify follower to install snapshot-(t:3, i:11)
2021-11-02 20:13:15,057 [omNode-2@group-523986131536->omNode-1-GrpcLogAppender-LogAppenderDaemon] INFO  server.GrpcLogAppender (GrpcLogAppender.java:installSnapshot(558)) - omNode-2@group-523986131536->omNode-1-GrpcLogAppender: send omNode-2->omNode-1#0-t8,notify:(t:3, i:11)
2021-11-02 20:13:15,057 [grpc-default-executor-11] WARN  server.GrpcLogAppender (LogUtils.java:warn(122)) - omNode-2@group-523986131536->omNode-1-InstallSnapshotResponseHandler: Failed InstallSnapshot: org.apache.ratis.thirdparty.io.grpc.StatusRuntimeException: UNAVAILABLE: io exception
2021-11-02 20:13:15,057 [grpc-default-executor-11] WARN  server.GrpcLogAppender (GrpcLogAppender.java:resetClient(110)) - omNode-2@group-523986131536->omNode-1-GrpcLogAppender: Leader has not got in touch with Follower omNode-2@group-523986131536->omNode-1(c-1,m0,n0, attendVote=false, lastRpcSendTime=0, lastRpcResponseTime=1458) yet, just keep nextIndex unchanged and retry.
2021-11-02 20:13:15,057 [grpc-default-executor-11] WARN  server.GrpcLogAppender (LogUtils.java:warn(122)) - omNode-2@group-523986131536->omNode-1-AppendLogResponseHandler: Failed appendEntries: org.apache.ratis.thirdparty.io.grpc.StatusRuntimeException: UNAVAILABLE: io exception
2021-11-02 20:13:15,057 [grpc-default-executor-11] WARN  server.GrpcLogAppender (GrpcLogAppender.java:resetClient(110)) - omNode-2@group-523986131536->omNode-1-GrpcLogAppender: Leader has not got in touch with Follower omNode-2@group-523986131536->omNode-1(c-1,m0,n0, attendVote=false, lastRpcSendTime=0, lastRpcResponseTime=1459) yet, just keep nextIndex unchanged and retry.
2021-11-02 20:13:15,057 [omNode-2@group-523986131536->omNode-1-GrpcLogAppender-LogAppenderDaemon] INFO  server.GrpcLogAppender (GrpcLogAppender.java:installSnapshot(550)) - omNode-2@group-523986131536->omNode-1-GrpcLogAppender: followerNextIndex = 0 but logStartIndex = 11, notify follower to install snapshot-(t:3, i:11)
2021-11-02 20:13:15,057 [omNode-2@group-523986131536->omNode-1-GrpcLogAppender-LogAppenderDaemon] INFO  server.GrpcLogAppender (GrpcLogAppender.java:installSnapshot(558)) - omNode-2@group-523986131536->omNode-1-GrpcLogAppender: send omNode-2->omNode-1#0-t8,notify:(t:3, i:11)
2021-11-02 20:13:15,057 [grpc-default-executor-11] WARN  server.GrpcLogAppender (LogUtils.java:warn(122)) - omNode-2@group-523986131536->omNode-1-InstallSnapshotResponseHandler: Failed InstallSnapshot: org.apache.ratis.thirdparty.io.grpc.StatusRuntimeException: UNAVAILABLE: io exception
2021-11-02 20:13:15,057 [grpc-default-executor-11] WARN  server.GrpcLogAppender (GrpcLogAppender.java:resetClient(110)) - omNode-2@group-523986131536->omNode-1-GrpcLogAppender: Leader has not got in touch with Follower omNode-2@group-523986131536->omNode-1(c-1,m0,n0, attendVote=false, lastRpcSendTime=0, lastRpcResponseTime=1459) yet, just keep nextIndex unchanged and retry.
2021-11-02 20:13:15,057 [grpc-default-executor-11] WARN  server.GrpcLogAppender (LogUtils.java:warn(122)) - omNode-2@group-523986131536->omNode-1-AppendLogResponseHandler: Failed appendEntries: org.apache.ratis.thirdparty.io.grpc.StatusRuntimeException: UNAVAILABLE: io exception
2021-11-02 20:13:15,057 [grpc-default-executor-11] WARN  server.GrpcLogAppender (GrpcLogAppender.java:resetClient(110)) - omNode-2@group-523986131536->omNode-1-GrpcLogAppender: Leader has not got in touch with Follower omNode-2@group-523986131536->omNode-1(c-1,m0,n0, attendVote=false, lastRpcSendTime=0, lastRpcResponseTime=1459) yet, just keep nextIndex unchanged and retry.
2021-11-02 20:13:15,057 [omNode-2@group-523986131536->omNode-1-GrpcLogAppender-LogAppenderDaemon] INFO  server.GrpcLogAppender (GrpcLogAppender.java:installSnapshot(550)) - omNode-2@group-523986131536->omNode-1-GrpcLogAppender: followerNextIndex = 0 but logStartIndex = 11, notify follower to install snapshot-(t:3, i:11)
2021-11-02 20:13:15,058 [omNode-2@group-523986131536->omNode-1-GrpcLogAppender-LogAppenderDaemon] INFO  server.GrpcLogAppender (GrpcLogAppender.java:installSnapshot(558)) - omNode-2@group-523986131536->omNode-1-GrpcLogAppender: send omNode-2->omNode-1#0-t8,notify:(t:3, i:11)
2021-11-02 20:13:15,058 [grpc-default-executor-11] WARN  server.GrpcLogAppender (LogUtils.java:warn(122)) - omNode-2@group-523986131536->omNode-1-InstallSnapshotResponseHandler: Failed InstallSnapshot: org.apache.ratis.thirdparty.io.grpc.StatusRuntimeException: UNAVAILABLE: io exception
2021-11-02 20:13:15,058 [grpc-default-executor-11] WARN  server.GrpcLogAppender (GrpcLogAppender.java:resetClient(110)) - omNode-2@group-523986131536->omNode-1-GrpcLogAppender: Leader has not got in touch with Follower omNode-2@group-523986131536->omNode-1(c-1,m0,n0, attendVote=false, lastRpcSendTime=0, lastRpcResponseTime=1459) yet, just keep nextIndex unchanged and retry.
2021-11-02 20:13:15,058 [grpc-default-executor-11] WARN  server.GrpcLogAppender (LogUtils.java:warn(122)) - omNode-2@group-523986131536->omNode-1-AppendLogResponseHandler: Failed appendEntries: org.apache.ratis.thirdparty.io.grpc.StatusRuntimeException: UNAVAILABLE: io exception
2021-11-02 20:13:15,058 [grpc-default-executor-11] WARN  server.GrpcLogAppender (GrpcLogAppender.java:resetClient(110)) - omNode-2@group-523986131536->omNode-1-GrpcLogAppender: Leader has not got in touch with Follower omNode-2@group-523986131536->omNode-1(c-1,m0,n0, attendVote=false, lastRpcSendTime=0, lastRpcResponseTime=1460) yet, just keep nextIndex unchanged and retry.
2021-11-02 20:13:15,058 [omNode-2@group-523986131536->omNode-1-GrpcLogAppender-LogAppenderDaemon] INFO  server.GrpcLogAppender (GrpcLogAppender.java:installSnapshot(550)) - omNode-2@group-523986131536->omNode-1-GrpcLogAppender: followerNextIndex = 0 but logStartIndex = 11, notify follower to install snapshot-(t:3, i:11)
2021-11-02 20:13:15,058 [omNode-2@group-523986131536->omNode-1-GrpcLogAppender-LogAppenderDaemon] INFO  server.GrpcLogAppender (GrpcLogAppender.java:installSnapshot(558)) - omNode-2@group-523986131536->omNode-1-GrpcLogAppender: send omNode-2->omNode-1#0-t8,notify:(t:3, i:11)
2021-11-02 20:13:15,058 [grpc-default-executor-11] WARN  server.GrpcLogAppender (LogUtils.java:warn(122)) - omNode-2@group-523986131536->omNode-1-InstallSnapshotResponseHandler: Failed InstallSnapshot: org.apache.ratis.thirdparty.io.grpc.StatusRuntimeException: UNAVAILABLE: io exception
2021-11-02 20:13:15,058 [grpc-default-executor-11] WARN  server.GrpcLogAppender (GrpcLogAppender.java:resetClient(110)) - omNode-2@group-523986131536->omNode-1-GrpcLogAppender: Leader has not got in touch with Follower omNode-2@group-523986131536->omNode-1(c-1,m0,n0, attendVote=false, lastRpcSendTime=0, lastRpcResponseTime=1460) yet, just keep nextIndex unchanged and retry.
2021-11-02 20:13:15,058 [grpc-default-executor-11] WARN  server.GrpcLogAppender (LogUtils.java:warn(122)) - omNode-2@group-523986131536->omNode-1-AppendLogResponseHandler: Failed appendEntries: org.apache.ratis.thirdparty.io.grpc.StatusRuntimeException: UNAVAILABLE: io exception
2021-11-02 20:13:15,058 [grpc-default-executor-11] WARN  server.GrpcLogAppender (GrpcLogAppender.java:resetClient(110)) - omNode-2@group-523986131536->omNode-1-GrpcLogAppender: Leader has not got in touch with Follower omNode-2@group-523986131536->omNode-1(c-1,m0,n0, attendVote=false, lastRpcSendTime=0, lastRpcResponseTime=1460) yet, just keep nextIndex unchanged and retry.
2021-11-02 20:13:15,058 [omNode-2@group-523986131536->omNode-1-GrpcLogAppender-LogAppenderDaemon] INFO  server.GrpcLogAppender (GrpcLogAppender.java:installSnapshot(550)) - omNode-2@group-523986131536->omNode-1-GrpcLogAppender: followerNextIndex = 0 but logStartIndex = 11, notify follower to install snapshot-(t:3, i:11)
2021-11-02 20:13:15,058 [omNode-2@group-523986131536->omNode-1-GrpcLogAppender-LogAppenderDaemon] INFO  server.GrpcLogAppender (GrpcLogAppender.java:installSnapshot(558)) - omNode-2@group-523986131536->omNode-1-GrpcLogAppender: send omNode-2->omNode-1#0-t8,notify:(t:3, i:11)
2021-11-02 20:13:15,059 [grpc-default-executor-11] WARN  server.GrpcLogAppender (LogUtils.java:warn(122)) - omNode-2@group-523986131536->omNode-1-InstallSnapshotResponseHandler: Failed InstallSnapshot: org.apache.ratis.thirdparty.io.grpc.StatusRuntimeException: UNAVAILABLE: io exception
2021-11-02 20:13:15,059 [grpc-default-executor-11] WARN  server.GrpcLogAppender (GrpcLogAppender.java:resetClient(110)) - omNode-2@group-523986131536->omNode-1-GrpcLogAppender: Leader has not got in touch with Follower omNode-2@group-523986131536->omNode-1(c-1,m0,n0, attendVote=false, lastRpcSendTime=0, lastRpcResponseTime=1460) yet, just keep nextIndex unchanged and retry.
2021-11-02 20:13:15,059 [grpc-default-executor-11] WARN  server.GrpcLogAppender (LogUtils.java:warn(122)) - omNode-2@group-523986131536->omNode-1-AppendLogResponseHandler: Failed appendEntries: org.apache.ratis.thirdparty.io.grpc.StatusRuntimeException: UNAVAILABLE: io exception
2021-11-02 20:13:15,059 [grpc-default-executor-11] WARN  server.GrpcLogAppender (GrpcLogAppender.java:resetClient(110)) - omNode-2@group-523986131536->omNode-1-GrpcLogAppender: Leader has not got in touch with Follower omNode-2@group-523986131536->omNode-1(c-1,m0,n0, attendVote=false, lastRpcSendTime=0, lastRpcResponseTime=1460) yet, just keep nextIndex unchanged and retry.
2021-11-02 20:13:15,059 [omNode-2@group-523986131536->omNode-1-GrpcLogAppender-LogAppenderDaemon] INFO  server.GrpcLogAppender (GrpcLogAppender.java:installSnapshot(550)) - omNode-2@group-523986131536->omNode-1-GrpcLogAppender: followerNextIndex = 0 but logStartIndex = 11, notify follower to install snapshot-(t:3, i:11)
2021-11-02 20:13:15,059 [omNode-2@group-523986131536->omNode-1-GrpcLogAppender-LogAppenderDaemon] INFO  server.GrpcLogAppender (GrpcLogAppender.java:installSnapshot(558)) - omNode-2@group-523986131536->omNode-1-GrpcLogAppender: send omNode-2->omNode-1#0-t8,notify:(t:3, i:11)
2021-11-02 20:13:15,059 [grpc-default-executor-11] WARN  server.GrpcLogAppender (LogUtils.java:warn(122)) - omNode-2@group-523986131536->omNode-1-InstallSnapshotResponseHandler: Failed InstallSnapshot: org.apache.ratis.thirdparty.io.grpc.StatusRuntimeException: UNAVAILABLE: io exception
2021-11-02 20:13:15,059 [grpc-default-executor-11] WARN  server.GrpcLogAppender (GrpcLogAppender.java:resetClient(110)) - omNode-2@group-523986131536->omNode-1-GrpcLogAppender: Leader has not got in touch with Follower omNode-2@group-523986131536->omNode-1(c-1,m0,n0, attendVote=false, lastRpcSendTime=0, lastRpcResponseTime=1461) yet, just keep nextIndex unchanged and retry.
2021-11-02 20:13:15,059 [grpc-default-executor-11] WARN  server.GrpcLogAppender (LogUtils.java:warn(122)) - omNode-2@group-523986131536->omNode-1-AppendLogResponseHandler: Failed appendEntries: org.apache.ratis.thirdparty.io.grpc.StatusRuntimeException: UNAVAILABLE: io exception
2021-11-02 20:13:15,060 [grpc-default-executor-11] WARN  server.GrpcLogAppender (GrpcLogAppender.java:resetClient(110)) - omNode-2@group-523986131536->omNode-1-GrpcLogAppender: Leader has not got in touch with Follower omNode-2@group-523986131536->omNode-1(c-1,m0,n0, attendVote=false, lastRpcSendTime=0, lastRpcResponseTime=1461) yet, just keep nextIndex unchanged and retry.
2021-11-02 20:13:15,060 [omNode-2@group-523986131536->omNode-1-GrpcLogAppender-LogAppenderDaemon] INFO  server.GrpcLogAppender (GrpcLogAppender.java:installSnapshot(550)) - omNode-2@group-523986131536->omNode-1-GrpcLogAppender: followerNextIndex = 0 but logStartIndex = 11, notify follower to install snapshot-(t:3, i:11)
2021-11-02 20:13:15,060 [omNode-2@group-523986131536->omNode-1-GrpcLogAppender-LogAppenderDaemon] INFO  server.GrpcLogAppender (GrpcLogAppender.java:installSnapshot(558)) - omNode-2@group-523986131536->omNode-1-GrpcLogAppender: send omNode-2->omNode-1#0-t8,notify:(t:3, i:11)
2021-11-02 20:13:15,061 [grpc-default-executor-11] WARN  server.GrpcLogAppender (LogUtils.java:warn(122)) - omNode-2@group-523986131536->omNode-1-InstallSnapshotResponseHandler: Failed InstallSnapshot: org.apache.ratis.thirdparty.io.grpc.StatusRuntimeException: UNAVAILABLE: io exception
2021-11-02 20:13:15,061 [grpc-default-executor-11] WARN  server.GrpcLogAppender (GrpcLogAppender.java:resetClient(110)) - omNode-2@group-523986131536->omNode-1-GrpcLogAppender: Leader has not got in touch with Follower omNode-2@group-523986131536->omNode-1(c-1,m0,n0, attendVote=false, lastRpcSendTime=1, lastRpcResponseTime=1463) yet, just keep nextIndex unchanged and retry.
2021-11-02 20:13:15,061 [omNode-2@group-523986131536->omNode-1-GrpcLogAppender-LogAppenderDaemon] INFO  server.GrpcLogAppender (GrpcLogAppender.java:installSnapshot(550)) - omNode-2@group-523986131536->omNode-1-GrpcLogAppender: followerNextIndex = 0 but logStartIndex = 11, notify follower to install snapshot-(t:3, i:11)
2021-11-02 20:13:15,061 [omNode-2@group-523986131536->omNode-1-GrpcLogAppender-LogAppenderDaemon] INFO  server.GrpcLogAppender (GrpcLogAppender.java:installSnapshot(558)) - omNode-2@group-523986131536->omNode-1-GrpcLogAppender: send omNode-2->omNode-1#0-t8,notify:(t:3, i:11)
2021-11-02 20:13:15,063 [grpc-default-executor-6] WARN  server.GrpcLogAppender (LogUtils.java:warn(122)) - omNode-2@group-523986131536->omNode-1-AppendLogResponseHandler: Failed appendEntries: org.apache.ratis.thirdparty.io.grpc.StatusRuntimeException: UNAVAILABLE: io exception
2021-11-02 20:13:15,063 [grpc-default-executor-6] WARN  server.GrpcLogAppender (GrpcLogAppender.java:resetClient(110)) - omNode-2@group-523986131536->omNode-1-GrpcLogAppender: Leader has not got in touch with Follower omNode-2@group-523986131536->omNode-1(c-1,m0,n0, attendVote=false, lastRpcSendTime=1, lastRpcResponseTime=1465) yet, just keep nextIndex unchanged and retry.
2021-11-02 20:13:15,064 [grpc-default-executor-6] WARN  server.GrpcLogAppender (LogUtils.java:warn(122)) - omNode-2@group-523986131536->omNode-1-InstallSnapshotResponseHandler: Failed InstallSnapshot: org.apache.ratis.thirdparty.io.grpc.StatusRuntimeException: UNAVAILABLE: io exception
2021-11-02 20:13:15,064 [grpc-default-executor-6] WARN  server.GrpcLogAppender (GrpcLogAppender.java:resetClient(110)) - omNode-2@group-523986131536->omNode-1-GrpcLogAppender: Leader has not got in touch with Follower omNode-2@group-523986131536->omNode-1(c-1,m0,n0, attendVote=false, lastRpcSendTime=2, lastRpcResponseTime=1465) yet, just keep nextIndex unchanged and retry.
2021-11-02 20:13:15,064 [omNode-2@group-523986131536->omNode-1-GrpcLogAppender-LogAppenderDaemon] INFO  server.GrpcLogAppender (GrpcLogAppender.java:installSnapshot(550)) - omNode-2@group-523986131536->omNode-1-GrpcLogAppender: followerNextIndex = 0 but logStartIndex = 11, notify follower to install snapshot-(t:3, i:11)
2021-11-02 20:13:15,064 [omNode-2@group-523986131536->omNode-1-GrpcLogAppender-LogAppenderDaemon] INFO  server.GrpcLogAppender (GrpcLogAppender.java:installSnapshot(558)) - omNode-2@group-523986131536->omNode-1-GrpcLogAppender: send omNode-2->omNode-1#0-t8,notify:(t:3, i:11)
2021-11-02 20:13:15,068 [grpc-default-executor-13] WARN  server.GrpcLogAppender (LogUtils.java:warn(122)) - omNode-2@group-523986131536->omNode-1-AppendLogResponseHandler: Failed appendEntries: org.apache.ratis.thirdparty.io.grpc.StatusRuntimeException: UNAVAILABLE: io exception
2021-11-02 20:13:15,068 [grpc-default-executor-13] WARN  server.GrpcLogAppender (GrpcLogAppender.java:resetClient(110)) - omNode-2@group-523986131536->omNode-1-GrpcLogAppender: Leader has not got in touch with Follower omNode-2@group-523986131536->omNode-1(c-1,m0,n0, attendVote=false, lastRpcSendTime=3, lastRpcResponseTime=1469) yet, just keep nextIndex unchanged and retry.
2021-11-02 20:13:15,068 [grpc-default-executor-6] WARN  server.GrpcLogAppender (LogUtils.java:warn(122)) - omNode-2@group-523986131536->omNode-1-InstallSnapshotResponseHandler: Failed InstallSnapshot: org.apache.ratis.thirdparty.io.grpc.StatusRuntimeException: UNAVAILABLE: io exception
2021-11-02 20:13:15,068 [grpc-default-executor-6] WARN  server.GrpcLogAppender (GrpcLogAppender.java:resetClient(110)) - omNode-2@group-523986131536->omNode-1-GrpcLogAppender: Leader has not got in touch with Follower omNode-2@group-523986131536->omNode-1(c-1,m0,n0, attendVote=false, lastRpcSendTime=3, lastRpcResponseTime=1470) yet, just keep nextIndex unchanged and retry.
2021-11-02 20:13:15,069 [grpc-default-executor-6] WARN  server.GrpcLogAppender (LogUtils.java:warn(122)) - omNode-2@group-523986131536->omNode-1-AppendLogResponseHandler: Failed appendEntries: org.apache.ratis.thirdparty.io.grpc.StatusRuntimeException: UNAVAILABLE: io exception
2021-11-02 20:13:15,070 [grpc-default-executor-6] WARN  server.GrpcLogAppender (GrpcLogAppender.java:resetClient(110)) - omNode-2@group-523986131536->omNode-1-GrpcLogAppender: Leader has not got in touch with Follower omNode-2@group-523986131536->omNode-1(c-1,m0,n0, attendVote=false, lastRpcSendTime=5, lastRpcResponseTime=1471) yet, just keep nextIndex unchanged and retry.
2021-11-02 20:13:15,070 [omNode-2@group-523986131536->omNode-1-GrpcLogAppender-LogAppenderDaemon] INFO  server.GrpcLogAppender (GrpcLogAppender.java:installSnapshot(550)) - omNode-2@group-523986131536->omNode-1-GrpcLogAppender: followerNextIndex = 0 but logStartIndex = 11, notify follower to install snapshot-(t:3, i:11)
2021-11-02 20:13:15,070 [omNode-2@group-523986131536->omNode-1-GrpcLogAppender-LogAppenderDaemon] INFO  server.GrpcLogAppender (GrpcLogAppender.java:installSnapshot(558)) - omNode-2@group-523986131536->omNode-1-GrpcLogAppender: send omNode-2->omNode-1#0-t8,notify:(t:3, i:11)
2021-11-02 20:13:15,071 [grpc-default-executor-13] WARN  server.GrpcLogAppender (LogUtils.java:warn(122)) - omNode-2@group-523986131536->omNode-1-InstallSnapshotResponseHandler: Failed InstallSnapshot: org.apache.ratis.thirdparty.io.grpc.StatusRuntimeException: UNAVAILABLE: io exception
2021-11-02 20:13:15,071 [grpc-default-executor-13] WARN  server.GrpcLogAppender (GrpcLogAppender.java:resetClient(110)) - omNode-2@group-523986131536->omNode-1-GrpcLogAppender: Leader has not got in touch with Follower omNode-2@group-523986131536->omNode-1(c-1,m0,n0, attendVote=false, lastRpcSendTime=0, lastRpcResponseTime=1472) yet, just keep nextIndex unchanged and retry.
2021-11-02 20:13:15,071 [grpc-default-executor-13] WARN  server.GrpcLogAppender (LogUtils.java:warn(122)) - omNode-2@group-523986131536->omNode-1-AppendLogResponseHandler: Failed appendEntries: org.apache.ratis.thirdparty.io.grpc.StatusRuntimeException: UNAVAILABLE: io exception
2021-11-02 20:13:15,071 [grpc-default-executor-13] WARN  server.GrpcLogAppender (GrpcLogAppender.java:resetClient(110)) - omNode-2@group-523986131536->omNode-1-GrpcLogAppender: Leader has not got in touch with Follower omNode-2@group-523986131536->omNode-1(c-1,m0,n0, attendVote=false, lastRpcSendTime=1, lastRpcResponseTime=1473) yet, just keep nextIndex unchanged and retry.
2021-11-02 20:13:15,071 [omNode-2@group-523986131536->omNode-1-GrpcLogAppender-LogAppenderDaemon] INFO  server.GrpcLogAppender (GrpcLogAppender.java:installSnapshot(550)) - omNode-2@group-523986131536->omNode-1-GrpcLogAppender: followerNextIndex = 0 but logStartIndex = 11, notify follower to install snapshot-(t:3, i:11)
2021-11-02 20:13:15,071 [omNode-2@group-523986131536->omNode-1-GrpcLogAppender-LogAppenderDaemon] INFO  server.GrpcLogAppender (GrpcLogAppender.java:installSnapshot(558)) - omNode-2@group-523986131536->omNode-1-GrpcLogAppender: send omNode-2->omNode-1#0-t8,notify:(t:3, i:11)
2021-11-02 20:13:15,071 [grpc-default-executor-13] WARN  server.GrpcLogAppender (LogUtils.java:warn(122)) - omNode-2@group-523986131536->omNode-1-InstallSnapshotResponseHandler: Failed InstallSnapshot: org.apache.ratis.thirdparty.io.grpc.StatusRuntimeException: UNAVAILABLE: io exception
2021-11-02 20:13:15,071 [grpc-default-executor-13] WARN  server.GrpcLogAppender (GrpcLogAppender.java:resetClient(110)) - omNode-2@group-523986131536->omNode-1-GrpcLogAppender: Leader has not got in touch with Follower omNode-2@group-523986131536->omNode-1(c-1,m0,n0, attendVote=false, lastRpcSendTime=0, lastRpcResponseTime=1473) yet, just keep nextIndex unchanged and retry.
2021-11-02 20:13:15,072 [grpc-default-executor-13] WARN  server.GrpcLogAppender (LogUtils.java:warn(122)) - omNode-2@group-523986131536->omNode-1-AppendLogResponseHandler: Failed appendEntries: org.apache.ratis.thirdparty.io.grpc.StatusRuntimeException: UNAVAILABLE: io exception
2021-11-02 20:13:15,072 [grpc-default-executor-13] WARN  server.GrpcLogAppender (GrpcLogAppender.java:resetClient(110)) - omNode-2@group-523986131536->omNode-1-GrpcLogAppender: Leader has not got in touch with Follower omNode-2@group-523986131536->omNode-1(c-1,m0,n0, attendVote=false, lastRpcSendTime=0, lastRpcResponseTime=1473) yet, just keep nextIndex unchanged and retry.
2021-11-02 20:13:15,072 [omNode-2@group-523986131536->omNode-1-GrpcLogAppender-LogAppenderDaemon] INFO  server.GrpcLogAppender (GrpcLogAppender.java:installSnapshot(550)) - omNode-2@group-523986131536->omNode-1-GrpcLogAppender: followerNextIndex = 0 but logStartIndex = 11, notify follower to install snapshot-(t:3, i:11)
2021-11-02 20:13:15,072 [omNode-2@group-523986131536->omNode-1-GrpcLogAppender-LogAppenderDaemon] INFO  server.GrpcLogAppender (GrpcLogAppender.java:installSnapshot(558)) - omNode-2@group-523986131536->omNode-1-GrpcLogAppender: send omNode-2->omNode-1#0-t8,notify:(t:3, i:11)
2021-11-02 20:13:15,072 [grpc-default-executor-13] WARN  server.GrpcLogAppender (LogUtils.java:warn(122)) - omNode-2@group-523986131536->omNode-1-InstallSnapshotResponseHandler: Failed InstallSnapshot: org.apache.ratis.thirdparty.io.grpc.StatusRuntimeException: UNAVAILABLE: io exception
2021-11-02 20:13:15,072 [grpc-default-executor-13] WARN  server.GrpcLogAppender (GrpcLogAppender.java:resetClient(110)) - omNode-2@group-523986131536->omNode-1-GrpcLogAppender: Leader has not got in touch with Follower omNode-2@group-523986131536->omNode-1(c-1,m0,n0, attendVote=false, lastRpcSendTime=0, lastRpcResponseTime=1474) yet, just keep nextIndex unchanged and retry.
2021-11-02 20:13:15,072 [grpc-default-executor-13] WARN  server.GrpcLogAppender (LogUtils.java:warn(122)) - omNode-2@group-523986131536->omNode-1-AppendLogResponseHandler: Failed appendEntries: org.apache.ratis.thirdparty.io.grpc.StatusRuntimeException: UNAVAILABLE: io exception
2021-11-02 20:13:15,072 [grpc-default-executor-13] WARN  server.GrpcLogAppender (GrpcLogAppender.java:resetClient(110)) - omNode-2@group-523986131536->omNode-1-GrpcLogAppender: Leader has not got in touch with Follower omNode-2@group-523986131536->omNode-1(c-1,m0,n0, attendVote=false, lastRpcSendTime=0, lastRpcResponseTime=1474) yet, just keep nextIndex unchanged and retry.
2021-11-02 20:13:15,072 [omNode-2@group-523986131536->omNode-1-GrpcLogAppender-LogAppenderDaemon] INFO  server.GrpcLogAppender (GrpcLogAppender.java:installSnapshot(550)) - omNode-2@group-523986131536->omNode-1-GrpcLogAppender: followerNextIndex = 0 but logStartIndex = 11, notify follower to install snapshot-(t:3, i:11)
2021-11-02 20:13:15,072 [omNode-2@group-523986131536->omNode-1-GrpcLogAppender-LogAppenderDaemon] INFO  server.GrpcLogAppender (GrpcLogAppender.java:installSnapshot(558)) - omNode-2@group-523986131536->omNode-1-GrpcLogAppender: send omNode-2->omNode-1#0-t8,notify:(t:3, i:11)
2021-11-02 20:13:15,072 [grpc-default-executor-13] WARN  server.GrpcLogAppender (LogUtils.java:warn(122)) - omNode-2@group-523986131536->omNode-1-InstallSnapshotResponseHandler: Failed InstallSnapshot: org.apache.ratis.thirdparty.io.grpc.StatusRuntimeException: UNAVAILABLE: io exception
2021-11-02 20:13:15,072 [grpc-default-executor-13] WARN  server.GrpcLogAppender (GrpcLogAppender.java:resetClient(110)) - omNode-2@group-523986131536->omNode-1-GrpcLogAppender: Leader has not got in touch with Follower omNode-2@group-523986131536->omNode-1(c-1,m0,n0, attendVote=false, lastRpcSendTime=0, lastRpcResponseTime=1474) yet, just keep nextIndex unchanged and retry.
2021-11-02 20:13:15,073 [grpc-default-executor-13] WARN  server.GrpcLogAppender (LogUtils.java:warn(122)) - omNode-2@group-523986131536->omNode-1-AppendLogResponseHandler: Failed appendEntries: org.apache.ratis.thirdparty.io.grpc.StatusRuntimeException: UNAVAILABLE: io exception
2021-11-02 20:13:15,073 [grpc-default-executor-13] WARN  server.GrpcLogAppender (GrpcLogAppender.java:resetClient(110)) - omNode-2@group-523986131536->omNode-1-GrpcLogAppender: Leader has not got in touch with Follower omNode-2@group-523986131536->omNode-1(c-1,m0,n0, attendVote=false, lastRpcSendTime=0, lastRpcResponseTime=1474) yet, just keep nextIndex unchanged and retry.
2021-11-02 20:13:15,073 [omNode-2@group-523986131536->omNode-1-GrpcLogAppender-LogAppenderDaemon] INFO  server.GrpcLogAppender (GrpcLogAppender.java:installSnapshot(550)) - omNode-2@group-523986131536->omNode-1-GrpcLogAppender: followerNextIndex = 0 but logStartIndex = 11, notify follower to install snapshot-(t:3, i:11)
2021-11-02 20:13:15,073 [omNode-2@group-523986131536->omNode-1-GrpcLogAppender-LogAppenderDaemon] INFO  server.GrpcLogAppender (GrpcLogAppender.java:installSnapshot(558)) - omNode-2@group-523986131536->omNode-1-GrpcLogAppender: send omNode-2->omNode-1#0-t8,notify:(t:3, i:11)
2021-11-02 20:13:15,073 [grpc-default-executor-13] WARN  server.GrpcLogAppender (LogUtils.java:warn(122)) - omNode-2@group-523986131536->omNode-1-InstallSnapshotResponseHandler: Failed InstallSnapshot: org.apache.ratis.thirdparty.io.grpc.StatusRuntimeException: UNAVAILABLE: io exception
2021-11-02 20:13:15,073 [grpc-default-executor-13] WARN  server.GrpcLogAppender (GrpcLogAppender.java:resetClient(110)) - omNode-2@group-523986131536->omNode-1-GrpcLogAppender: Leader has not got in touch with Follower omNode-2@group-523986131536->omNode-1(c-1,m0,n0, attendVote=false, lastRpcSendTime=0, lastRpcResponseTime=1475) yet, just keep nextIndex unchanged and retry.
2021-11-02 20:13:15,073 [grpc-default-executor-13] WARN  server.GrpcLogAppender (LogUtils.java:warn(122)) - omNode-2@group-523986131536->omNode-1-AppendLogResponseHandler: Failed appendEntries: org.apache.ratis.thirdparty.io.grpc.StatusRuntimeException: UNAVAILABLE: io exception
2021-11-02 20:13:15,073 [grpc-default-executor-13] WARN  server.GrpcLogAppender (GrpcLogAppender.java:resetClient(110)) - omNode-2@group-523986131536->omNode-1-GrpcLogAppender: Leader has not got in touch with Follower omNode-2@group-523986131536->omNode-1(c-1,m0,n0, attendVote=false, lastRpcSendTime=0, lastRpcResponseTime=1475) yet, just keep nextIndex unchanged and retry.
2021-11-02 20:13:15,073 [omNode-2@group-523986131536->omNode-1-GrpcLogAppender-LogAppenderDaemon] INFO  server.GrpcLogAppender (GrpcLogAppender.java:installSnapshot(550)) - omNode-2@group-523986131536->omNode-1-GrpcLogAppender: followerNextIndex = 0 but logStartIndex = 11, notify follower to install snapshot-(t:3, i:11)
2021-11-02 20:13:15,073 [omNode-2@group-523986131536->omNode-1-GrpcLogAppender-LogAppenderDaemon] INFO  server.GrpcLogAppender (GrpcLogAppender.java:installSnapshot(558)) - omNode-2@group-523986131536->omNode-1-GrpcLogAppender: send omNode-2->omNode-1#0-t8,notify:(t:3, i:11)
2021-11-02 20:13:15,073 [grpc-default-executor-13] WARN  server.GrpcLogAppender (LogUtils.java:warn(122)) - omNode-2@group-523986131536->omNode-1-InstallSnapshotResponseHandler: Failed InstallSnapshot: org.apache.ratis.thirdparty.io.grpc.StatusRuntimeException: UNAVAILABLE: io exception
2021-11-02 20:13:15,073 [grpc-default-executor-13] WARN  server.GrpcLogAppender (GrpcLogAppender.java:resetClient(110)) - omNode-2@group-523986131536->omNode-1-GrpcLogAppender: Leader has not got in touch with Follower omNode-2@group-523986131536->omNode-1(c-1,m0,n0, attendVote=false, lastRpcSendTime=0, lastRpcResponseTime=1475) yet, just keep nextIndex unchanged and retry.
2021-11-02 20:13:15,074 [grpc-default-executor-13] WARN  server.GrpcLogAppender (LogUtils.java:warn(122)) - omNode-2@group-523986131536->omNode-1-AppendLogResponseHandler: Failed appendEntries: org.apache.ratis.thirdparty.io.grpc.StatusRuntimeException: UNAVAILABLE: io exception
2021-11-02 20:13:15,074 [grpc-default-executor-13] WARN  server.GrpcLogAppender (GrpcLogAppender.java:resetClient(110)) - omNode-2@group-523986131536->omNode-1-GrpcLogAppender: Leader has not got in touch with Follower omNode-2@group-523986131536->omNode-1(c-1,m0,n0, attendVote=false, lastRpcSendTime=0, lastRpcResponseTime=1475) yet, just keep nextIndex unchanged and retry.
2021-11-02 20:13:15,074 [omNode-2@group-523986131536->omNode-1-GrpcLogAppender-LogAppenderDaemon] INFO  server.GrpcLogAppender (GrpcLogAppender.java:installSnapshot(550)) - omNode-2@group-523986131536->omNode-1-GrpcLogAppender: followerNextIndex = 0 but logStartIndex = 11, notify follower to install snapshot-(t:3, i:11)
2021-11-02 20:13:15,074 [omNode-2@group-523986131536->omNode-1-GrpcLogAppender-LogAppenderDaemon] INFO  server.GrpcLogAppender (GrpcLogAppender.java:installSnapshot(558)) - omNode-2@group-523986131536->omNode-1-GrpcLogAppender: send omNode-2->omNode-1#0-t8,notify:(t:3, i:11)
2021-11-02 20:13:15,074 [grpc-default-executor-13] WARN  server.GrpcLogAppender (LogUtils.java:warn(122)) - omNode-2@group-523986131536->omNode-1-InstallSnapshotResponseHandler: Failed InstallSnapshot: org.apache.ratis.thirdparty.io.grpc.StatusRuntimeException: UNAVAILABLE: io exception
2021-11-02 20:13:15,074 [grpc-default-executor-13] WARN  server.GrpcLogAppender (GrpcLogAppender.java:resetClient(110)) - omNode-2@group-523986131536->omNode-1-GrpcLogAppender: Leader has not got in touch with Follower omNode-2@group-523986131536->omNode-1(c-1,m0,n0, attendVote=false, lastRpcSendTime=0, lastRpcResponseTime=1476) yet, just keep nextIndex unchanged and retry.
2021-11-02 20:13:15,074 [grpc-default-executor-13] WARN  server.GrpcLogAppender (LogUtils.java:warn(122)) - omNode-2@group-523986131536->omNode-1-AppendLogResponseHandler: Failed appendEntries: org.apache.ratis.thirdparty.io.grpc.StatusRuntimeException: UNAVAILABLE: io exception
2021-11-02 20:13:15,074 [grpc-default-executor-13] WARN  server.GrpcLogAppender (GrpcLogAppender.java:resetClient(110)) - omNode-2@group-523986131536->omNode-1-GrpcLogAppender: Leader has not got in touch with Follower omNode-2@group-523986131536->omNode-1(c-1,m0,n0, attendVote=false, lastRpcSendTime=0, lastRpcResponseTime=1476) yet, just keep nextIndex unchanged and retry.
2021-11-02 20:13:15,074 [omNode-2@group-523986131536->omNode-1-GrpcLogAppender-LogAppenderDaemon] INFO  server.GrpcLogAppender (GrpcLogAppender.java:installSnapshot(550)) - omNode-2@group-523986131536->omNode-1-GrpcLogAppender: followerNextIndex = 0 but logStartIndex = 11, notify follower to install snapshot-(t:3, i:11)
2021-11-02 20:13:15,074 [omNode-2@group-523986131536->omNode-1-GrpcLogAppender-LogAppenderDaemon] INFO  server.GrpcLogAppender (GrpcLogAppender.java:installSnapshot(558)) - omNode-2@group-523986131536->omNode-1-GrpcLogAppender: send omNode-2->omNode-1#0-t8,notify:(t:3, i:11)
2021-11-02 20:13:15,074 [grpc-default-executor-13] WARN  server.GrpcLogAppender (LogUtils.java:warn(122)) - omNode-2@group-523986131536->omNode-1-InstallSnapshotResponseHandler: Failed InstallSnapshot: org.apache.ratis.thirdparty.io.grpc.StatusRuntimeException: UNAVAILABLE: io exception
2021-11-02 20:13:15,074 [grpc-default-executor-13] WARN  server.GrpcLogAppender (GrpcLogAppender.java:resetClient(110)) - omNode-2@group-523986131536->omNode-1-GrpcLogAppender: Leader has not got in touch with Follower omNode-2@group-523986131536->omNode-1(c-1,m0,n0, attendVote=false, lastRpcSendTime=0, lastRpcResponseTime=1476) yet, just keep nextIndex unchanged and retry.
2021-11-02 20:13:15,075 [grpc-default-executor-13] WARN  server.GrpcLogAppender (LogUtils.java:warn(122)) - omNode-2@group-523986131536->omNode-1-AppendLogResponseHandler: Failed appendEntries: org.apache.ratis.thirdparty.io.grpc.StatusRuntimeException: UNAVAILABLE: io exception
2021-11-02 20:13:15,075 [grpc-default-executor-13] WARN  server.GrpcLogAppender (GrpcLogAppender.java:resetClient(110)) - omNode-2@group-523986131536->omNode-1-GrpcLogAppender: Leader has not got in touch with Follower omNode-2@group-523986131536->omNode-1(c-1,m0,n0, attendVote=false, lastRpcSendTime=0, lastRpcResponseTime=1476) yet, just keep nextIndex unchanged and retry.
2021-11-02 20:13:15,075 [omNode-2@group-523986131536->omNode-1-GrpcLogAppender-LogAppenderDaemon] INFO  server.GrpcLogAppender (GrpcLogAppender.java:installSnapshot(550)) - omNode-2@group-523986131536->omNode-1-GrpcLogAppender: followerNextIndex = 0 but logStartIndex = 11, notify follower to install snapshot-(t:3, i:11)
2021-11-02 20:13:15,075 [omNode-2@group-523986131536->omNode-1-GrpcLogAppender-LogAppenderDaemon] INFO  server.GrpcLogAppender (GrpcLogAppender.java:installSnapshot(558)) - omNode-2@group-523986131536->omNode-1-GrpcLogAppender: send omNode-2->omNode-1#0-t8,notify:(t:3, i:11)
2021-11-02 20:13:15,075 [grpc-default-executor-13] WARN  server.GrpcLogAppender (LogUtils.java:warn(122)) - omNode-2@group-523986131536->omNode-1-InstallSnapshotResponseHandler: Failed InstallSnapshot: org.apache.ratis.thirdparty.io.grpc.StatusRuntimeException: UNAVAILABLE: io exception
2021-11-02 20:13:15,075 [grpc-default-executor-13] WARN  server.GrpcLogAppender (GrpcLogAppender.java:resetClient(110)) - omNode-2@group-523986131536->omNode-1-GrpcLogAppender: Leader has not got in touch with Follower omNode-2@group-523986131536->omNode-1(c-1,m0,n0, attendVote=false, lastRpcSendTime=0, lastRpcResponseTime=1476) yet, just keep nextIndex unchanged and retry.
2021-11-02 20:13:15,075 [grpc-default-executor-13] WARN  server.GrpcLogAppender (LogUtils.java:warn(122)) - omNode-2@group-523986131536->omNode-1-AppendLogResponseHandler: Failed appendEntries: org.apache.ratis.thirdparty.io.grpc.StatusRuntimeException: UNAVAILABLE: io exception
2021-11-02 20:13:15,075 [grpc-default-executor-13] WARN  server.GrpcLogAppender (GrpcLogAppender.java:resetClient(110)) - omNode-2@group-523986131536->omNode-1-GrpcLogAppender: Leader has not got in touch with Follower omNode-2@group-523986131536->omNode-1(c-1,m0,n0, attendVote=false, lastRpcSendTime=0, lastRpcResponseTime=1477) yet, just keep nextIndex unchanged and retry.
2021-11-02 20:13:15,075 [omNode-2@group-523986131536->omNode-1-GrpcLogAppender-LogAppenderDaemon] INFO  server.GrpcLogAppender (GrpcLogAppender.java:installSnapshot(550)) - omNode-2@group-523986131536->omNode-1-GrpcLogAppender: followerNextIndex = 0 but logStartIndex = 11, notify follower to install snapshot-(t:3, i:11)
2021-11-02 20:13:15,075 [omNode-2@group-523986131536->omNode-1-GrpcLogAppender-LogAppenderDaemon] INFO  server.GrpcLogAppender (GrpcLogAppender.java:installSnapshot(558)) - omNode-2@group-523986131536->omNode-1-GrpcLogAppender: send omNode-2->omNode-1#0-t8,notify:(t:3, i:11)
2021-11-02 20:13:15,075 [grpc-default-executor-13] WARN  server.GrpcLogAppender (LogUtils.java:warn(122)) - omNode-2@group-523986131536->omNode-1-InstallSnapshotResponseHandler: Failed InstallSnapshot: org.apache.ratis.thirdparty.io.grpc.StatusRuntimeException: UNAVAILABLE: io exception
2021-11-02 20:13:15,075 [grpc-default-executor-13] WARN  server.GrpcLogAppender (GrpcLogAppender.java:resetClient(110)) - omNode-2@group-523986131536->omNode-1-GrpcLogAppender: Leader has not got in touch with Follower omNode-2@group-523986131536->omNode-1(c-1,m0,n0, attendVote=false, lastRpcSendTime=0, lastRpcResponseTime=1477) yet, just keep nextIndex unchanged and retry.
2021-11-02 20:13:15,075 [grpc-default-executor-13] WARN  server.GrpcLogAppender (LogUtils.java:warn(122)) - omNode-2@group-523986131536->omNode-1-AppendLogResponseHandler: Failed appendEntries: org.apache.ratis.thirdparty.io.grpc.StatusRuntimeException: UNAVAILABLE: io exception
2021-11-02 20:13:15,075 [grpc-default-executor-13] WARN  server.GrpcLogAppender (GrpcLogAppender.java:resetClient(110)) - omNode-2@group-523986131536->omNode-1-GrpcLogAppender: Leader has not got in touch with Follower omNode-2@group-523986131536->omNode-1(c-1,m0,n0, attendVote=false, lastRpcSendTime=0, lastRpcResponseTime=1477) yet, just keep nextIndex unchanged and retry.
2021-11-02 20:13:15,076 [omNode-2@group-523986131536->omNode-1-GrpcLogAppender-LogAppenderDaemon] INFO  server.GrpcLogAppender (GrpcLogAppender.java:installSnapshot(550)) - omNode-2@group-523986131536->omNode-1-GrpcLogAppender: followerNextIndex = 0 but logStartIndex = 11, notify follower to install snapshot-(t:3, i:11)
2021-11-02 20:13:15,076 [omNode-2@group-523986131536->omNode-1-GrpcLogAppender-LogAppenderDaemon] INFO  server.GrpcLogAppender (GrpcLogAppender.java:installSnapshot(558)) - omNode-2@group-523986131536->omNode-1-GrpcLogAppender: send omNode-2->omNode-1#0-t8,notify:(t:3, i:11)
2021-11-02 20:13:15,076 [grpc-default-executor-13] WARN  server.GrpcLogAppender (LogUtils.java:warn(122)) - omNode-2@group-523986131536->omNode-1-InstallSnapshotResponseHandler: Failed InstallSnapshot: org.apache.ratis.thirdparty.io.grpc.StatusRuntimeException: UNAVAILABLE: io exception
2021-11-02 20:13:15,076 [grpc-default-executor-13] WARN  server.GrpcLogAppender (GrpcLogAppender.java:resetClient(110)) - omNode-2@group-523986131536->omNode-1-GrpcLogAppender: Leader has not got in touch with Follower omNode-2@group-523986131536->omNode-1(c-1,m0,n0, attendVote=false, lastRpcSendTime=0, lastRpcResponseTime=1477) yet, just keep nextIndex unchanged and retry.
2021-11-02 20:13:15,076 [grpc-default-executor-13] WARN  server.GrpcLogAppender (LogUtils.java:warn(122)) - omNode-2@group-523986131536->omNode-1-AppendLogResponseHandler: Failed appendEntries: org.apache.ratis.thirdparty.io.grpc.StatusRuntimeException: UNAVAILABLE: io exception
2021-11-02 20:13:15,076 [grpc-default-executor-13] WARN  server.GrpcLogAppender (GrpcLogAppender.java:resetClient(110)) - omNode-2@group-523986131536->omNode-1-GrpcLogAppender: Leader has not got in touch with Follower omNode-2@group-523986131536->omNode-1(c-1,m0,n0, attendVote=false, lastRpcSendTime=0, lastRpcResponseTime=1478) yet, just keep nextIndex unchanged and retry.
2021-11-02 20:13:15,076 [omNode-2@group-523986131536->omNode-1-GrpcLogAppender-LogAppenderDaemon] INFO  server.GrpcLogAppender (GrpcLogAppender.java:installSnapshot(550)) - omNode-2@group-523986131536->omNode-1-GrpcLogAppender: followerNextIndex = 0 but logStartIndex = 11, notify follower to install snapshot-(t:3, i:11)
2021-11-02 20:13:15,076 [omNode-2@group-523986131536->omNode-1-GrpcLogAppender-LogAppenderDaemon] INFO  server.GrpcLogAppender (GrpcLogAppender.java:installSnapshot(558)) - omNode-2@group-523986131536->omNode-1-GrpcLogAppender: send omNode-2->omNode-1#0-t8,notify:(t:3, i:11)
2021-11-02 20:13:15,076 [grpc-default-executor-13] WARN  server.GrpcLogAppender (LogUtils.java:warn(122)) - omNode-2@group-523986131536->omNode-1-InstallSnapshotResponseHandler: Failed InstallSnapshot: org.apache.ratis.thirdparty.io.grpc.StatusRuntimeException: UNAVAILABLE: io exception
2021-11-02 20:13:15,076 [grpc-default-executor-13] WARN  server.GrpcLogAppender (GrpcLogAppender.java:resetClient(110)) - omNode-2@group-523986131536->omNode-1-GrpcLogAppender: Leader has not got in touch with Follower omNode-2@group-523986131536->omNode-1(c-1,m0,n0, attendVote=false, lastRpcSendTime=0, lastRpcResponseTime=1478) yet, just keep nextIndex unchanged and retry.
2021-11-02 20:13:15,076 [grpc-default-executor-13] WARN  server.GrpcLogAppender (LogUtils.java:warn(122)) - omNode-2@group-523986131536->omNode-1-AppendLogResponseHandler: Failed appendEntries: org.apache.ratis.thirdparty.io.grpc.StatusRuntimeException: UNAVAILABLE: io exception
2021-11-02 20:13:15,076 [grpc-default-executor-13] WARN  server.GrpcLogAppender (GrpcLogAppender.java:resetClient(110)) - omNode-2@group-523986131536->omNode-1-GrpcLogAppender: Leader has not got in touch with Follower omNode-2@group-523986131536->omNode-1(c-1,m0,n0, attendVote=false, lastRpcSendTime=0, lastRpcResponseTime=1478) yet, just keep nextIndex unchanged and retry.
2021-11-02 20:13:15,077 [omNode-2@group-523986131536->omNode-1-GrpcLogAppender-LogAppenderDaemon] INFO  server.GrpcLogAppender (GrpcLogAppender.java:installSnapshot(550)) - omNode-2@group-523986131536->omNode-1-GrpcLogAppender: followerNextIndex = 0 but logStartIndex = 11, notify follower to install snapshot-(t:3, i:11)
2021-11-02 20:13:15,077 [omNode-2@group-523986131536->omNode-1-GrpcLogAppender-LogAppenderDaemon] INFO  server.GrpcLogAppender (GrpcLogAppender.java:installSnapshot(558)) - omNode-2@group-523986131536->omNode-1-GrpcLogAppender: send omNode-2->omNode-1#0-t8,notify:(t:3, i:11)
2021-11-02 20:13:15,077 [grpc-default-executor-13] WARN  server.GrpcLogAppender (LogUtils.java:warn(122)) - omNode-2@group-523986131536->omNode-1-InstallSnapshotResponseHandler: Failed InstallSnapshot: org.apache.ratis.thirdparty.io.grpc.StatusRuntimeException: UNAVAILABLE: io exception
2021-11-02 20:13:15,077 [grpc-default-executor-13] WARN  server.GrpcLogAppender (GrpcLogAppender.java:resetClient(110)) - omNode-2@group-523986131536->omNode-1-GrpcLogAppender: Leader has not got in touch with Follower omNode-2@group-523986131536->omNode-1(c-1,m0,n0, attendVote=false, lastRpcSendTime=0, lastRpcResponseTime=1478) yet, just keep nextIndex unchanged and retry.
2021-11-02 20:13:15,077 [grpc-default-executor-13] WARN  server.GrpcLogAppender (LogUtils.java:warn(122)) - omNode-2@group-523986131536->omNode-1-AppendLogResponseHandler: Failed appendEntries: org.apache.ratis.thirdparty.io.grpc.StatusRuntimeException: UNAVAILABLE: io exception
2021-11-02 20:13:15,077 [omNode-2@group-523986131536->omNode-1-GrpcLogAppender-LogAppenderDaemon] INFO  server.GrpcLogAppender (GrpcLogAppender.java:installSnapshot(550)) - omNode-2@group-523986131536->omNode-1-GrpcLogAppender: followerNextIndex = 0 but logStartIndex = 11, notify follower to install snapshot-(t:3, i:11)
2021-11-02 20:13:15,077 [omNode-2@group-523986131536->omNode-1-GrpcLogAppender-LogAppenderDaemon] INFO  server.GrpcLogAppender (GrpcLogAppender.java:installSnapshot(558)) - omNode-2@group-523986131536->omNode-1-GrpcLogAppender: send omNode-2->omNode-1#0-t8,notify:(t:3, i:11)
2021-11-02 20:13:15,077 [grpc-default-executor-13] WARN  server.GrpcLogAppender (GrpcLogAppender.java:resetClient(110)) - omNode-2@group-523986131536->omNode-1-GrpcLogAppender: Leader has not got in touch with Follower omNode-2@group-523986131536->omNode-1(c-1,m0,n0, attendVote=false, lastRpcSendTime=0, lastRpcResponseTime=1479) yet, just keep nextIndex unchanged and retry.
2021-11-02 20:13:15,077 [grpc-default-executor-6] WARN  server.GrpcLogAppender (LogUtils.java:warn(122)) - omNode-2@group-523986131536->omNode-1-InstallSnapshotResponseHandler: Failed InstallSnapshot: org.apache.ratis.thirdparty.io.grpc.StatusRuntimeException: UNAVAILABLE: io exception
2021-11-02 20:13:15,077 [grpc-default-executor-6] WARN  server.GrpcLogAppender (GrpcLogAppender.java:resetClient(110)) - omNode-2@group-523986131536->omNode-1-GrpcLogAppender: Leader has not got in touch with Follower omNode-2@group-523986131536->omNode-1(c-1,m0,n0, attendVote=false, lastRpcSendTime=0, lastRpcResponseTime=1479) yet, just keep nextIndex unchanged and retry.
2021-11-02 20:13:15,077 [grpc-default-executor-6] WARN  server.GrpcLogAppender (LogUtils.java:warn(122)) - omNode-2@group-523986131536->omNode-1-AppendLogResponseHandler: Failed appendEntries: org.apache.ratis.thirdparty.io.grpc.StatusRuntimeException: UNAVAILABLE: io exception
2021-11-02 20:13:15,077 [grpc-default-executor-6] WARN  server.GrpcLogAppender (GrpcLogAppender.java:resetClient(110)) - omNode-2@group-523986131536->omNode-1-GrpcLogAppender: Leader has not got in touch with Follower omNode-2@group-523986131536->omNode-1(c-1,m0,n0, attendVote=false, lastRpcSendTime=0, lastRpcResponseTime=1479) yet, just keep nextIndex unchanged and retry.
2021-11-02 20:13:15,077 [omNode-2@group-523986131536->omNode-1-GrpcLogAppender-LogAppenderDaemon] INFO  server.GrpcLogAppender (GrpcLogAppender.java:installSnapshot(550)) - omNode-2@group-523986131536->omNode-1-GrpcLogAppender: followerNextIndex = 0 but logStartIndex = 11, notify follower to install snapshot-(t:3, i:11)
2021-11-02 20:13:15,078 [omNode-2@group-523986131536->omNode-1-GrpcLogAppender-LogAppenderDaemon] INFO  server.GrpcLogAppender (GrpcLogAppender.java:installSnapshot(558)) - omNode-2@group-523986131536->omNode-1-GrpcLogAppender: send omNode-2->omNode-1#0-t8,notify:(t:3, i:11)
2021-11-02 20:13:15,078 [grpc-default-executor-6] WARN  server.GrpcLogAppender (LogUtils.java:warn(122)) - omNode-2@group-523986131536->omNode-1-InstallSnapshotResponseHandler: Failed InstallSnapshot: org.apache.ratis.thirdparty.io.grpc.StatusRuntimeException: UNAVAILABLE: io exception
2021-11-02 20:13:15,078 [grpc-default-executor-6] WARN  server.GrpcLogAppender (GrpcLogAppender.java:resetClient(110)) - omNode-2@group-523986131536->omNode-1-GrpcLogAppender: Leader has not got in touch with Follower omNode-2@group-523986131536->omNode-1(c-1,m0,n0, attendVote=false, lastRpcSendTime=0, lastRpcResponseTime=1479) yet, just keep nextIndex unchanged and retry.
2021-11-02 20:13:15,078 [grpc-default-executor-6] WARN  server.GrpcLogAppender (LogUtils.java:warn(122)) - omNode-2@group-523986131536->omNode-1-AppendLogResponseHandler: Failed appendEntries: org.apache.ratis.thirdparty.io.grpc.StatusRuntimeException: UNAVAILABLE: io exception
2021-11-02 20:13:15,078 [grpc-default-executor-6] WARN  server.GrpcLogAppender (GrpcLogAppender.java:resetClient(110)) - omNode-2@group-523986131536->omNode-1-GrpcLogAppender: Leader has not got in touch with Follower omNode-2@group-523986131536->omNode-1(c-1,m0,n0, attendVote=false, lastRpcSendTime=0, lastRpcResponseTime=1480) yet, just keep nextIndex unchanged and retry.
2021-11-02 20:13:15,078 [omNode-2@group-523986131536->omNode-1-GrpcLogAppender-LogAppenderDaemon] INFO  server.GrpcLogAppender (GrpcLogAppender.java:installSnapshot(550)) - omNode-2@group-523986131536->omNode-1-GrpcLogAppender: followerNextIndex = 0 but logStartIndex = 11, notify follower to install snapshot-(t:3, i:11)
2021-11-02 20:13:15,078 [omNode-2@group-523986131536->omNode-1-GrpcLogAppender-LogAppenderDaemon] INFO  server.GrpcLogAppender (GrpcLogAppender.java:installSnapshot(558)) - omNode-2@group-523986131536->omNode-1-GrpcLogAppender: send omNode-2->omNode-1#0-t8,notify:(t:3, i:11)
2021-11-02 20:13:15,078 [grpc-default-executor-6] WARN  server.GrpcLogAppender (LogUtils.java:warn(122)) - omNode-2@group-523986131536->omNode-1-InstallSnapshotResponseHandler: Failed InstallSnapshot: org.apache.ratis.thirdparty.io.grpc.StatusRuntimeException: UNAVAILABLE: io exception
2021-11-02 20:13:15,078 [grpc-default-executor-6] WARN  server.GrpcLogAppender (GrpcLogAppender.java:resetClient(110)) - omNode-2@group-523986131536->omNode-1-GrpcLogAppender: Leader has not got in touch with Follower omNode-2@group-523986131536->omNode-1(c-1,m0,n0, attendVote=false, lastRpcSendTime=0, lastRpcResponseTime=1480) yet, just keep nextIndex unchanged and retry.
2021-11-02 20:13:15,078 [grpc-default-executor-6] WARN  server.GrpcLogAppender (LogUtils.java:warn(122)) - omNode-2@group-523986131536->omNode-1-AppendLogResponseHandler: Failed appendEntries: org.apache.ratis.thirdparty.io.grpc.StatusRuntimeException: UNAVAILABLE: io exception
2021-11-02 20:13:15,078 [grpc-default-executor-6] WARN  server.GrpcLogAppender (GrpcLogAppender.java:resetClient(110)) - omNode-2@group-523986131536->omNode-1-GrpcLogAppender: Leader has not got in touch with Follower omNode-2@group-523986131536->omNode-1(c-1,m0,n0, attendVote=false, lastRpcSendTime=0, lastRpcResponseTime=1480) yet, just keep nextIndex unchanged and retry.
2021-11-02 20:13:15,078 [omNode-2@group-523986131536->omNode-1-GrpcLogAppender-LogAppenderDaemon] INFO  server.GrpcLogAppender (GrpcLogAppender.java:installSnapshot(550)) - omNode-2@group-523986131536->omNode-1-GrpcLogAppender: followerNextIndex = 0 but logStartIndex = 11, notify follower to install snapshot-(t:3, i:11)
2021-11-02 20:13:15,079 [omNode-2@group-523986131536->omNode-1-GrpcLogAppender-LogAppenderDaemon] INFO  server.GrpcLogAppender (GrpcLogAppender.java:installSnapshot(558)) - omNode-2@group-523986131536->omNode-1-GrpcLogAppender: send omNode-2->omNode-1#0-t8,notify:(t:3, i:11)
2021-11-02 20:13:15,079 [grpc-default-executor-6] WARN  server.GrpcLogAppender (LogUtils.java:warn(122)) - omNode-2@group-523986131536->omNode-1-InstallSnapshotResponseHandler: Failed InstallSnapshot: org.apache.ratis.thirdparty.io.grpc.StatusRuntimeException: UNAVAILABLE: io exception
2021-11-02 20:13:15,079 [grpc-default-executor-6] WARN  server.GrpcLogAppender (GrpcLogAppender.java:resetClient(110)) - omNode-2@group-523986131536->omNode-1-GrpcLogAppender: Leader has not got in touch with Follower omNode-2@group-523986131536->omNode-1(c-1,m0,n0, attendVote=false, lastRpcSendTime=0, lastRpcResponseTime=1480) yet, just keep nextIndex unchanged and retry.
2021-11-02 20:13:15,079 [grpc-default-executor-6] WARN  server.GrpcLogAppender (LogUtils.java:warn(122)) - omNode-2@group-523986131536->omNode-1-AppendLogResponseHandler: Failed appendEntries: org.apache.ratis.thirdparty.io.grpc.StatusRuntimeException: UNAVAILABLE: io exception
2021-11-02 20:13:15,079 [grpc-default-executor-6] WARN  server.GrpcLogAppender (GrpcLogAppender.java:resetClient(110)) - omNode-2@group-523986131536->omNode-1-GrpcLogAppender: Leader has not got in touch with Follower omNode-2@group-523986131536->omNode-1(c-1,m0,n0, attendVote=false, lastRpcSendTime=0, lastRpcResponseTime=1480) yet, just keep nextIndex unchanged and retry.
2021-11-02 20:13:15,079 [omNode-2@group-523986131536->omNode-1-GrpcLogAppender-LogAppenderDaemon] INFO  server.GrpcLogAppender (GrpcLogAppender.java:installSnapshot(550)) - omNode-2@group-523986131536->omNode-1-GrpcLogAppender: followerNextIndex = 0 but logStartIndex = 11, notify follower to install snapshot-(t:3, i:11)
2021-11-02 20:13:15,079 [omNode-2@group-523986131536->omNode-1-GrpcLogAppender-LogAppenderDaemon] INFO  server.GrpcLogAppender (GrpcLogAppender.java:installSnapshot(558)) - omNode-2@group-523986131536->omNode-1-GrpcLogAppender: send omNode-2->omNode-1#0-t8,notify:(t:3, i:11)
2021-11-02 20:13:15,079 [grpc-default-executor-6] WARN  server.GrpcLogAppender (LogUtils.java:warn(122)) - omNode-2@group-523986131536->omNode-1-InstallSnapshotResponseHandler: Failed InstallSnapshot: org.apache.ratis.thirdparty.io.grpc.StatusRuntimeException: UNAVAILABLE: io exception
2021-11-02 20:13:15,079 [grpc-default-executor-6] WARN  server.GrpcLogAppender (GrpcLogAppender.java:resetClient(110)) - omNode-2@group-523986131536->omNode-1-GrpcLogAppender: Leader has not got in touch with Follower omNode-2@group-523986131536->omNode-1(c-1,m0,n0, attendVote=false, lastRpcSendTime=0, lastRpcResponseTime=1481) yet, just keep nextIndex unchanged and retry.
2021-11-02 20:13:15,079 [grpc-default-executor-6] WARN  server.GrpcLogAppender (LogUtils.java:warn(122)) - omNode-2@group-523986131536->omNode-1-AppendLogResponseHandler: Failed appendEntries: org.apache.ratis.thirdparty.io.grpc.StatusRuntimeException: UNAVAILABLE: io exception
2021-11-02 20:13:15,079 [grpc-default-executor-6] WARN  server.GrpcLogAppender (GrpcLogAppender.java:resetClient(110)) - omNode-2@group-523986131536->omNode-1-GrpcLogAppender: Leader has not got in touch with Follower omNode-2@group-523986131536->omNode-1(c-1,m0,n0, attendVote=false, lastRpcSendTime=0, lastRpcResponseTime=1481) yet, just keep nextIndex unchanged and retry.
2021-11-02 20:13:15,079 [omNode-2@group-523986131536->omNode-1-GrpcLogAppender-LogAppenderDaemon] INFO  server.GrpcLogAppender (GrpcLogAppender.java:installSnapshot(550)) - omNode-2@group-523986131536->omNode-1-GrpcLogAppender: followerNextIndex = 0 but logStartIndex = 11, notify follower to install snapshot-(t:3, i:11)
2021-11-02 20:13:15,079 [omNode-2@group-523986131536->omNode-1-GrpcLogAppender-LogAppenderDaemon] INFO  server.GrpcLogAppender (GrpcLogAppender.java:installSnapshot(558)) - omNode-2@group-523986131536->omNode-1-GrpcLogAppender: send omNode-2->omNode-1#0-t8,notify:(t:3, i:11)
2021-11-02 20:13:15,080 [grpc-default-executor-6] WARN  server.GrpcLogAppender (LogUtils.java:warn(122)) - omNode-2@group-523986131536->omNode-1-InstallSnapshotResponseHandler: Failed InstallSnapshot: org.apache.ratis.thirdparty.io.grpc.StatusRuntimeException: UNAVAILABLE: io exception
2021-11-02 20:13:15,080 [grpc-default-executor-6] WARN  server.GrpcLogAppender (GrpcLogAppender.java:resetClient(110)) - omNode-2@group-523986131536->omNode-1-GrpcLogAppender: Leader has not got in touch with Follower omNode-2@group-523986131536->omNode-1(c-1,m0,n0, attendVote=false, lastRpcSendTime=0, lastRpcResponseTime=1481) yet, just keep nextIndex unchanged and retry.
2021-11-02 20:13:15,085 [grpc-default-executor-6] WARN  server.GrpcLogAppender (LogUtils.java:warn(122)) - omNode-2@group-523986131536->omNode-1-AppendLogResponseHandler: Failed appendEntries: org.apache.ratis.thirdparty.io.grpc.StatusRuntimeException: UNAVAILABLE: io exception
2021-11-02 20:13:15,085 [grpc-default-executor-6] WARN  server.GrpcLogAppender (GrpcLogAppender.java:resetClient(110)) - omNode-2@group-523986131536->omNode-1-GrpcLogAppender: Leader has not got in touch with Follower omNode-2@group-523986131536->omNode-1(c-1,m0,n0, attendVote=false, lastRpcSendTime=5, lastRpcResponseTime=1487) yet, just keep nextIndex unchanged and retry.
2021-11-02 20:13:15,086 [omNode-2@group-523986131536->omNode-1-GrpcLogAppender-LogAppenderDaemon] INFO  server.GrpcLogAppender (GrpcLogAppender.java:installSnapshot(550)) - omNode-2@group-523986131536->omNode-1-GrpcLogAppender: followerNextIndex = 0 but logStartIndex = 11, notify follower to install snapshot-(t:3, i:11)
2021-11-02 20:13:15,086 [omNode-2@group-523986131536->omNode-1-GrpcLogAppender-LogAppenderDaemon] INFO  server.GrpcLogAppender (GrpcLogAppender.java:installSnapshot(558)) - omNode-2@group-523986131536->omNode-1-GrpcLogAppender: send omNode-2->omNode-1#0-t8,notify:(t:3, i:11)
2021-11-02 20:13:15,087 [grpc-default-executor-13] WARN  server.GrpcLogAppender (LogUtils.java:warn(122)) - omNode-2@group-523986131536->omNode-1-InstallSnapshotResponseHandler: Failed InstallSnapshot: org.apache.ratis.thirdparty.io.grpc.StatusRuntimeException: UNAVAILABLE: io exception
2021-11-02 20:13:15,087 [grpc-default-executor-13] WARN  server.GrpcLogAppender (GrpcLogAppender.java:resetClient(110)) - omNode-2@group-523986131536->omNode-1-GrpcLogAppender: Leader has not got in touch with Follower omNode-2@group-523986131536->omNode-1(c-1,m0,n0, attendVote=false, lastRpcSendTime=0, lastRpcResponseTime=1488) yet, just keep nextIndex unchanged and retry.
2021-11-02 20:13:15,088 [grpc-default-executor-13] WARN  server.GrpcLogAppender (LogUtils.java:warn(122)) - omNode-2@group-523986131536->omNode-1-AppendLogResponseHandler: Failed appendEntries: org.apache.ratis.thirdparty.io.grpc.StatusRuntimeException: UNAVAILABLE: io exception
2021-11-02 20:13:15,088 [grpc-default-executor-13] WARN  server.GrpcLogAppender (GrpcLogAppender.java:resetClient(110)) - omNode-2@group-523986131536->omNode-1-GrpcLogAppender: Leader has not got in touch with Follower omNode-2@group-523986131536->omNode-1(c-1,m0,n0, attendVote=false, lastRpcSendTime=1, lastRpcResponseTime=1490) yet, just keep nextIndex unchanged and retry.
2021-11-02 20:13:15,088 [omNode-2@group-523986131536->omNode-1-GrpcLogAppender-LogAppenderDaemon] INFO  server.GrpcLogAppender (GrpcLogAppender.java:installSnapshot(550)) - omNode-2@group-523986131536->omNode-1-GrpcLogAppender: followerNextIndex = 0 but logStartIndex = 11, notify follower to install snapshot-(t:3, i:11)
2021-11-02 20:13:15,088 [omNode-2@group-523986131536->omNode-1-GrpcLogAppender-LogAppenderDaemon] INFO  server.GrpcLogAppender (GrpcLogAppender.java:installSnapshot(558)) - omNode-2@group-523986131536->omNode-1-GrpcLogAppender: send omNode-2->omNode-1#0-t8,notify:(t:3, i:11)
2021-11-02 20:13:15,089 [grpc-default-executor-6] WARN  server.GrpcLogAppender (LogUtils.java:warn(122)) - omNode-2@group-523986131536->omNode-1-InstallSnapshotResponseHandler: Failed InstallSnapshot: org.apache.ratis.thirdparty.io.grpc.StatusRuntimeException: UNAVAILABLE: io exception
2021-11-02 20:13:15,089 [grpc-default-executor-6] WARN  server.GrpcLogAppender (GrpcLogAppender.java:resetClient(110)) - omNode-2@group-523986131536->omNode-1-GrpcLogAppender: Leader has not got in touch with Follower omNode-2@group-523986131536->omNode-1(c-1,m0,n0, attendVote=false, lastRpcSendTime=0, lastRpcResponseTime=1491) yet, just keep nextIndex unchanged and retry.
2021-11-02 20:13:15,090 [grpc-default-executor-6] WARN  server.GrpcLogAppender (LogUtils.java:warn(122)) - omNode-2@group-523986131536->omNode-1-AppendLogResponseHandler: Failed appendEntries: org.apache.ratis.thirdparty.io.grpc.StatusRuntimeException: UNAVAILABLE: io exception
2021-11-02 20:13:15,091 [grpc-default-executor-6] WARN  server.GrpcLogAppender (GrpcLogAppender.java:resetClient(110)) - omNode-2@group-523986131536->omNode-1-GrpcLogAppender: Leader has not got in touch with Follower omNode-2@group-523986131536->omNode-1(c-1,m0,n0, attendVote=false, lastRpcSendTime=2, lastRpcResponseTime=1492) yet, just keep nextIndex unchanged and retry.
2021-11-02 20:13:15,091 [omNode-2@group-523986131536->omNode-1-GrpcLogAppender-LogAppenderDaemon] INFO  server.GrpcLogAppender (GrpcLogAppender.java:installSnapshot(550)) - omNode-2@group-523986131536->omNode-1-GrpcLogAppender: followerNextIndex = 0 but logStartIndex = 11, notify follower to install snapshot-(t:3, i:11)
2021-11-02 20:13:15,091 [omNode-2@group-523986131536->omNode-1-GrpcLogAppender-LogAppenderDaemon] INFO  server.GrpcLogAppender (GrpcLogAppender.java:installSnapshot(558)) - omNode-2@group-523986131536->omNode-1-GrpcLogAppender: send omNode-2->omNode-1#0-t8,notify:(t:3, i:11)
2021-11-02 20:13:15,092 [grpc-default-executor-13] WARN  server.GrpcLogAppender (LogUtils.java:warn(122)) - omNode-2@group-523986131536->omNode-1-InstallSnapshotResponseHandler: Failed InstallSnapshot: org.apache.ratis.thirdparty.io.grpc.StatusRuntimeException: UNAVAILABLE: io exception
2021-11-02 20:13:15,092 [grpc-default-executor-13] WARN  server.GrpcLogAppender (GrpcLogAppender.java:resetClient(110)) - omNode-2@group-523986131536->omNode-1-GrpcLogAppender: Leader has not got in touch with Follower omNode-2@group-523986131536->omNode-1(c-1,m0,n0, attendVote=false, lastRpcSendTime=0, lastRpcResponseTime=1494) yet, just keep nextIndex unchanged and retry.
2021-11-02 20:13:15,093 [grpc-default-executor-13] WARN  server.GrpcLogAppender (LogUtils.java:warn(122)) - omNode-2@group-523986131536->omNode-1-AppendLogResponseHandler: Failed appendEntries: org.apache.ratis.thirdparty.io.grpc.StatusRuntimeException: UNAVAILABLE: io exception
2021-11-02 20:13:15,094 [grpc-default-executor-13] WARN  server.GrpcLogAppender (GrpcLogAppender.java:resetClient(110)) - omNode-2@group-523986131536->omNode-1-GrpcLogAppender: Leader has not got in touch with Follower omNode-2@group-523986131536->omNode-1(c-1,m0,n0, attendVote=false, lastRpcSendTime=1, lastRpcResponseTime=1495) yet, just keep nextIndex unchanged and retry.
2021-11-02 20:13:15,094 [omNode-2@group-523986131536->omNode-1-GrpcLogAppender-LogAppenderDaemon] INFO  server.GrpcLogAppender (GrpcLogAppender.java:installSnapshot(550)) - omNode-2@group-523986131536->omNode-1-GrpcLogAppender: followerNextIndex = 0 but logStartIndex = 11, notify follower to install snapshot-(t:3, i:11)
2021-11-02 20:13:15,094 [omNode-2@group-523986131536->omNode-1-GrpcLogAppender-LogAppenderDaemon] INFO  server.GrpcLogAppender (GrpcLogAppender.java:installSnapshot(558)) - omNode-2@group-523986131536->omNode-1-GrpcLogAppender: send omNode-2->omNode-1#0-t8,notify:(t:3, i:11)
2021-11-02 20:13:15,095 [grpc-default-executor-6] WARN  server.GrpcLogAppender (LogUtils.java:warn(122)) - omNode-2@group-523986131536->omNode-1-InstallSnapshotResponseHandler: Failed InstallSnapshot: org.apache.ratis.thirdparty.io.grpc.StatusRuntimeException: UNAVAILABLE: io exception
2021-11-02 20:13:15,095 [grpc-default-executor-6] WARN  server.GrpcLogAppender (GrpcLogAppender.java:resetClient(110)) - omNode-2@group-523986131536->omNode-1-GrpcLogAppender: Leader has not got in touch with Follower omNode-2@group-523986131536->omNode-1(c-1,m0,n0, attendVote=false, lastRpcSendTime=1, lastRpcResponseTime=1497) yet, just keep nextIndex unchanged and retry.
2021-11-02 20:13:15,095 [grpc-default-executor-6] WARN  server.GrpcLogAppender (LogUtils.java:warn(122)) - omNode-2@group-523986131536->omNode-1-AppendLogResponseHandler: Failed appendEntries: org.apache.ratis.thirdparty.io.grpc.StatusRuntimeException: UNAVAILABLE: io exception
2021-11-02 20:13:15,095 [grpc-default-executor-6] WARN  server.GrpcLogAppender (GrpcLogAppender.java:resetClient(110)) - omNode-2@group-523986131536->omNode-1-GrpcLogAppender: Leader has not got in touch with Follower omNode-2@group-523986131536->omNode-1(c-1,m0,n0, attendVote=false, lastRpcSendTime=1, lastRpcResponseTime=1497) yet, just keep nextIndex unchanged and retry.
2021-11-02 20:13:15,095 [omNode-2@group-523986131536->omNode-1-GrpcLogAppender-LogAppenderDaemon] INFO  server.GrpcLogAppender (GrpcLogAppender.java:installSnapshot(550)) - omNode-2@group-523986131536->omNode-1-GrpcLogAppender: followerNextIndex = 0 but logStartIndex = 11, notify follower to install snapshot-(t:3, i:11)
2021-11-02 20:13:15,095 [omNode-2@group-523986131536->omNode-1-GrpcLogAppender-LogAppenderDaemon] INFO  server.GrpcLogAppender (GrpcLogAppender.java:installSnapshot(558)) - omNode-2@group-523986131536->omNode-1-GrpcLogAppender: send omNode-2->omNode-1#0-t8,notify:(t:3, i:11)
2021-11-02 20:13:15,095 [grpc-default-executor-6] WARN  server.GrpcLogAppender (LogUtils.java:warn(122)) - omNode-2@group-523986131536->omNode-1-InstallSnapshotResponseHandler: Failed InstallSnapshot: org.apache.ratis.thirdparty.io.grpc.StatusRuntimeException: UNAVAILABLE: io exception
2021-11-02 20:13:15,095 [grpc-default-executor-6] WARN  server.GrpcLogAppender (GrpcLogAppender.java:resetClient(110)) - omNode-2@group-523986131536->omNode-1-GrpcLogAppender: Leader has not got in touch with Follower omNode-2@group-523986131536->omNode-1(c-1,m0,n0, attendVote=false, lastRpcSendTime=0, lastRpcResponseTime=1497) yet, just keep nextIndex unchanged and retry.
2021-11-02 20:13:15,096 [grpc-default-executor-6] WARN  server.GrpcLogAppender (LogUtils.java:warn(122)) - omNode-2@group-523986131536->omNode-1-AppendLogResponseHandler: Failed appendEntries: org.apache.ratis.thirdparty.io.grpc.StatusRuntimeException: UNAVAILABLE: io exception
2021-11-02 20:13:15,096 [grpc-default-executor-6] WARN  server.GrpcLogAppender (GrpcLogAppender.java:resetClient(110)) - omNode-2@group-523986131536->omNode-1-GrpcLogAppender: Leader has not got in touch with Follower omNode-2@group-523986131536->omNode-1(c-1,m0,n0, attendVote=false, lastRpcSendTime=0, lastRpcResponseTime=1497) yet, just keep nextIndex unchanged and retry.
2021-11-02 20:13:15,096 [omNode-2@group-523986131536->omNode-1-GrpcLogAppender-LogAppenderDaemon] INFO  server.GrpcLogAppender (GrpcLogAppender.java:installSnapshot(550)) - omNode-2@group-523986131536->omNode-1-GrpcLogAppender: followerNextIndex = 0 but logStartIndex = 11, notify follower to install snapshot-(t:3, i:11)
2021-11-02 20:13:15,096 [omNode-2@group-523986131536->omNode-1-GrpcLogAppender-LogAppenderDaemon] INFO  server.GrpcLogAppender (GrpcLogAppender.java:installSnapshot(558)) - omNode-2@group-523986131536->omNode-1-GrpcLogAppender: send omNode-2->omNode-1#0-t8,notify:(t:3, i:11)
2021-11-02 20:13:15,096 [grpc-default-executor-6] WARN  server.GrpcLogAppender (LogUtils.java:warn(122)) - omNode-2@group-523986131536->omNode-1-InstallSnapshotResponseHandler: Failed InstallSnapshot: org.apache.ratis.thirdparty.io.grpc.StatusRuntimeException: UNAVAILABLE: io exception
2021-11-02 20:13:15,096 [grpc-default-executor-6] WARN  server.GrpcLogAppender (GrpcLogAppender.java:resetClient(110)) - omNode-2@group-523986131536->omNode-1-GrpcLogAppender: Leader has not got in touch with Follower omNode-2@group-523986131536->omNode-1(c-1,m0,n0, attendVote=false, lastRpcSendTime=0, lastRpcResponseTime=1498) yet, just keep nextIndex unchanged and retry.
2021-11-02 20:13:15,096 [grpc-default-executor-6] WARN  server.GrpcLogAppender (LogUtils.java:warn(122)) - omNode-2@group-523986131536->omNode-1-AppendLogResponseHandler: Failed appendEntries: org.apache.ratis.thirdparty.io.grpc.StatusRuntimeException: UNAVAILABLE: io exception
2021-11-02 20:13:15,096 [grpc-default-executor-6] WARN  server.GrpcLogAppender (GrpcLogAppender.java:resetClient(110)) - omNode-2@group-523986131536->omNode-1-GrpcLogAppender: Leader has not got in touch with Follower omNode-2@group-523986131536->omNode-1(c-1,m0,n0, attendVote=false, lastRpcSendTime=0, lastRpcResponseTime=1498) yet, just keep nextIndex unchanged and retry.
2021-11-02 20:13:15,096 [omNode-2@group-523986131536->omNode-1-GrpcLogAppender-LogAppenderDaemon] INFO  server.GrpcLogAppender (GrpcLogAppender.java:installSnapshot(550)) - omNode-2@group-523986131536->omNode-1-GrpcLogAppender: followerNextIndex = 0 but logStartIndex = 11, notify follower to install snapshot-(t:3, i:11)
2021-11-02 20:13:15,096 [omNode-2@group-523986131536->omNode-1-GrpcLogAppender-LogAppenderDaemon] INFO  server.GrpcLogAppender (GrpcLogAppender.java:installSnapshot(558)) - omNode-2@group-523986131536->omNode-1-GrpcLogAppender: send omNode-2->omNode-1#0-t8,notify:(t:3, i:11)
2021-11-02 20:13:15,096 [grpc-default-executor-6] WARN  server.GrpcLogAppender (LogUtils.java:warn(122)) - omNode-2@group-523986131536->omNode-1-InstallSnapshotResponseHandler: Failed InstallSnapshot: org.apache.ratis.thirdparty.io.grpc.StatusRuntimeException: UNAVAILABLE: io exception
2021-11-02 20:13:15,096 [grpc-default-executor-6] WARN  server.GrpcLogAppender (GrpcLogAppender.java:resetClient(110)) - omNode-2@group-523986131536->omNode-1-GrpcLogAppender: Leader has not got in touch with Follower omNode-2@group-523986131536->omNode-1(c-1,m0,n0, attendVote=false, lastRpcSendTime=0, lastRpcResponseTime=1498) yet, just keep nextIndex unchanged and retry.
2021-11-02 20:13:15,096 [grpc-default-executor-6] WARN  server.GrpcLogAppender (LogUtils.java:warn(122)) - omNode-2@group-523986131536->omNode-1-AppendLogResponseHandler: Failed appendEntries: org.apache.ratis.thirdparty.io.grpc.StatusRuntimeException: UNAVAILABLE: io exception
2021-11-02 20:13:15,097 [grpc-default-executor-6] WARN  server.GrpcLogAppender (GrpcLogAppender.java:resetClient(110)) - omNode-2@group-523986131536->omNode-1-GrpcLogAppender: Leader has not got in touch with Follower omNode-2@group-523986131536->omNode-1(c-1,m0,n0, attendVote=false, lastRpcSendTime=0, lastRpcResponseTime=1498) yet, just keep nextIndex unchanged and retry.
2021-11-02 20:13:15,097 [omNode-2@group-523986131536->omNode-1-GrpcLogAppender-LogAppenderDaemon] INFO  server.GrpcLogAppender (GrpcLogAppender.java:installSnapshot(550)) - omNode-2@group-523986131536->omNode-1-GrpcLogAppender: followerNextIndex = 0 but logStartIndex = 11, notify follower to install snapshot-(t:3, i:11)
2021-11-02 20:13:15,097 [omNode-2@group-523986131536->omNode-1-GrpcLogAppender-LogAppenderDaemon] INFO  server.GrpcLogAppender (GrpcLogAppender.java:installSnapshot(558)) - omNode-2@group-523986131536->omNode-1-GrpcLogAppender: send omNode-2->omNode-1#0-t8,notify:(t:3, i:11)
2021-11-02 20:13:15,097 [grpc-default-executor-6] WARN  server.GrpcLogAppender (LogUtils.java:warn(122)) - omNode-2@group-523986131536->omNode-1-InstallSnapshotResponseHandler: Failed InstallSnapshot: org.apache.ratis.thirdparty.io.grpc.StatusRuntimeException: UNAVAILABLE: io exception
2021-11-02 20:13:15,097 [grpc-default-executor-6] WARN  server.GrpcLogAppender (GrpcLogAppender.java:resetClient(110)) - omNode-2@group-523986131536->omNode-1-GrpcLogAppender: Leader has not got in touch with Follower omNode-2@group-523986131536->omNode-1(c-1,m0,n0, attendVote=false, lastRpcSendTime=0, lastRpcResponseTime=1498) yet, just keep nextIndex unchanged and retry.
2021-11-02 20:13:15,097 [grpc-default-executor-6] WARN  server.GrpcLogAppender (LogUtils.java:warn(122)) - omNode-2@group-523986131536->omNode-1-AppendLogResponseHandler: Failed appendEntries: org.apache.ratis.thirdparty.io.grpc.StatusRuntimeException: UNAVAILABLE: io exception
2021-11-02 20:13:15,097 [grpc-default-executor-6] WARN  server.GrpcLogAppender (GrpcLogAppender.java:resetClient(110)) - omNode-2@group-523986131536->omNode-1-GrpcLogAppender: Leader has not got in touch with Follower omNode-2@group-523986131536->omNode-1(c-1,m0,n0, attendVote=false, lastRpcSendTime=0, lastRpcResponseTime=1499) yet, just keep nextIndex unchanged and retry.
2021-11-02 20:13:15,097 [omNode-2@group-523986131536->omNode-1-GrpcLogAppender-LogAppenderDaemon] INFO  server.GrpcLogAppender (GrpcLogAppender.java:installSnapshot(550)) - omNode-2@group-523986131536->omNode-1-GrpcLogAppender: followerNextIndex = 0 but logStartIndex = 11, notify follower to install snapshot-(t:3, i:11)
2021-11-02 20:13:15,097 [omNode-2@group-523986131536->omNode-1-GrpcLogAppender-LogAppenderDaemon] INFO  server.GrpcLogAppender (GrpcLogAppender.java:installSnapshot(558)) - omNode-2@group-523986131536->omNode-1-GrpcLogAppender: send omNode-2->omNode-1#0-t8,notify:(t:3, i:11)
2021-11-02 20:13:15,097 [grpc-default-executor-6] WARN  server.GrpcLogAppender (LogUtils.java:warn(122)) - omNode-2@group-523986131536->omNode-1-InstallSnapshotResponseHandler: Failed InstallSnapshot: org.apache.ratis.thirdparty.io.grpc.StatusRuntimeException: UNAVAILABLE: io exception
2021-11-02 20:13:15,097 [grpc-default-executor-6] WARN  server.GrpcLogAppender (GrpcLogAppender.java:resetClient(110)) - omNode-2@group-523986131536->omNode-1-GrpcLogAppender: Leader has not got in touch with Follower omNode-2@group-523986131536->omNode-1(c-1,m0,n0, attendVote=false, lastRpcSendTime=0, lastRpcResponseTime=1499) yet, just keep nextIndex unchanged and retry.
2021-11-02 20:13:15,097 [grpc-default-executor-6] WARN  server.GrpcLogAppender (LogUtils.java:warn(122)) - omNode-2@group-523986131536->omNode-1-AppendLogResponseHandler: Failed appendEntries: org.apache.ratis.thirdparty.io.grpc.StatusRuntimeException: UNAVAILABLE: io exception
2021-11-02 20:13:15,098 [grpc-default-executor-6] WARN  server.GrpcLogAppender (GrpcLogAppender.java:resetClient(110)) - omNode-2@group-523986131536->omNode-1-GrpcLogAppender: Leader has not got in touch with Follower omNode-2@group-523986131536->omNode-1(c-1,m0,n0, attendVote=false, lastRpcSendTime=0, lastRpcResponseTime=1499) yet, just keep nextIndex unchanged and retry.
2021-11-02 20:13:15,098 [omNode-2@group-523986131536->omNode-1-GrpcLogAppender-LogAppenderDaemon] INFO  server.GrpcLogAppender (GrpcLogAppender.java:installSnapshot(550)) - omNode-2@group-523986131536->omNode-1-GrpcLogAppender: followerNextIndex = 0 but logStartIndex = 11, notify follower to install snapshot-(t:3, i:11)
2021-11-02 20:13:15,098 [omNode-2@group-523986131536->omNode-1-GrpcLogAppender-LogAppenderDaemon] INFO  server.GrpcLogAppender (GrpcLogAppender.java:installSnapshot(558)) - omNode-2@group-523986131536->omNode-1-GrpcLogAppender: send omNode-2->omNode-1#0-t8,notify:(t:3, i:11)
2021-11-02 20:13:15,098 [grpc-default-executor-6] WARN  server.GrpcLogAppender (LogUtils.java:warn(122)) - omNode-2@group-523986131536->omNode-1-InstallSnapshotResponseHandler: Failed InstallSnapshot: org.apache.ratis.thirdparty.io.grpc.StatusRuntimeException: UNAVAILABLE: io exception
2021-11-02 20:13:15,098 [grpc-default-executor-6] WARN  server.GrpcLogAppender (GrpcLogAppender.java:resetClient(110)) - omNode-2@group-523986131536->omNode-1-GrpcLogAppender: Leader has not got in touch with Follower omNode-2@group-523986131536->omNode-1(c-1,m0,n0, attendVote=false, lastRpcSendTime=0, lastRpcResponseTime=1499) yet, just keep nextIndex unchanged and retry.
2021-11-02 20:13:15,098 [grpc-default-executor-6] WARN  server.GrpcLogAppender (LogUtils.java:warn(122)) - omNode-2@group-523986131536->omNode-1-AppendLogResponseHandler: Failed appendEntries: org.apache.ratis.thirdparty.io.grpc.StatusRuntimeException: UNAVAILABLE: io exception
2021-11-02 20:13:15,098 [grpc-default-executor-6] WARN  server.GrpcLogAppender (GrpcLogAppender.java:resetClient(110)) - omNode-2@group-523986131536->omNode-1-GrpcLogAppender: Leader has not got in touch with Follower omNode-2@group-523986131536->omNode-1(c-1,m0,n0, attendVote=false, lastRpcSendTime=0, lastRpcResponseTime=1500) yet, just keep nextIndex unchanged and retry.
2021-11-02 20:13:15,098 [omNode-2@group-523986131536->omNode-1-GrpcLogAppender-LogAppenderDaemon] INFO  server.GrpcLogAppender (GrpcLogAppender.java:installSnapshot(550)) - omNode-2@group-523986131536->omNode-1-GrpcLogAppender: followerNextIndex = 0 but logStartIndex = 11, notify follower to install snapshot-(t:3, i:11)
2021-11-02 20:13:15,098 [omNode-2@group-523986131536->omNode-1-GrpcLogAppender-LogAppenderDaemon] INFO  server.GrpcLogAppender (GrpcLogAppender.java:installSnapshot(558)) - omNode-2@group-523986131536->omNode-1-GrpcLogAppender: send omNode-2->omNode-1#0-t8,notify:(t:3, i:11)
2021-11-02 20:13:15,098 [grpc-default-executor-6] WARN  server.GrpcLogAppender (LogUtils.java:warn(122)) - omNode-2@group-523986131536->omNode-1-InstallSnapshotResponseHandler: Failed InstallSnapshot: org.apache.ratis.thirdparty.io.grpc.StatusRuntimeException: UNAVAILABLE: io exception
2021-11-02 20:13:15,098 [grpc-default-executor-6] WARN  server.GrpcLogAppender (GrpcLogAppender.java:resetClient(110)) - omNode-2@group-523986131536->omNode-1-GrpcLogAppender: Leader has not got in touch with Follower omNode-2@group-523986131536->omNode-1(c-1,m0,n0, attendVote=false, lastRpcSendTime=0, lastRpcResponseTime=1500) yet, just keep nextIndex unchanged and retry.
2021-11-02 20:13:15,098 [grpc-default-executor-6] WARN  server.GrpcLogAppender (LogUtils.java:warn(122)) - omNode-2@group-523986131536->omNode-1-AppendLogResponseHandler: Failed appendEntries: org.apache.ratis.thirdparty.io.grpc.StatusRuntimeException: UNAVAILABLE: io exception
2021-11-02 20:13:15,098 [grpc-default-executor-6] WARN  server.GrpcLogAppender (GrpcLogAppender.java:resetClient(110)) - omNode-2@group-523986131536->omNode-1-GrpcLogAppender: Leader has not got in touch with Follower omNode-2@group-523986131536->omNode-1(c-1,m0,n0, attendVote=false, lastRpcSendTime=0, lastRpcResponseTime=1500) yet, just keep nextIndex unchanged and retry.
2021-11-02 20:13:15,099 [omNode-2@group-523986131536->omNode-1-GrpcLogAppender-LogAppenderDaemon] INFO  server.GrpcLogAppender (GrpcLogAppender.java:installSnapshot(550)) - omNode-2@group-523986131536->omNode-1-GrpcLogAppender: followerNextIndex = 0 but logStartIndex = 11, notify follower to install snapshot-(t:3, i:11)
2021-11-02 20:13:15,099 [omNode-2@group-523986131536->omNode-1-GrpcLogAppender-LogAppenderDaemon] INFO  server.GrpcLogAppender (GrpcLogAppender.java:installSnapshot(558)) - omNode-2@group-523986131536->omNode-1-GrpcLogAppender: send omNode-2->omNode-1#0-t8,notify:(t:3, i:11)
2021-11-02 20:13:15,099 [grpc-default-executor-6] WARN  server.GrpcLogAppender (LogUtils.java:warn(122)) - omNode-2@group-523986131536->omNode-1-InstallSnapshotResponseHandler: Failed InstallSnapshot: org.apache.ratis.thirdparty.io.grpc.StatusRuntimeException: UNAVAILABLE: io exception
2021-11-02 20:13:15,099 [grpc-default-executor-6] WARN  server.GrpcLogAppender (GrpcLogAppender.java:resetClient(110)) - omNode-2@group-523986131536->omNode-1-GrpcLogAppender: Leader has not got in touch with Follower omNode-2@group-523986131536->omNode-1(c-1,m0,n0, attendVote=false, lastRpcSendTime=0, lastRpcResponseTime=1500) yet, just keep nextIndex unchanged and retry.
2021-11-02 20:13:15,099 [grpc-default-executor-6] WARN  server.GrpcLogAppender (LogUtils.java:warn(122)) - omNode-2@group-523986131536->omNode-1-AppendLogResponseHandler: Failed appendEntries: org.apache.ratis.thirdparty.io.grpc.StatusRuntimeException: UNAVAILABLE: io exception
2021-11-02 20:13:15,099 [grpc-default-executor-6] WARN  server.GrpcLogAppender (GrpcLogAppender.java:resetClient(110)) - omNode-2@group-523986131536->omNode-1-GrpcLogAppender: Leader has not got in touch with Follower omNode-2@group-523986131536->omNode-1(c-1,m0,n0, attendVote=false, lastRpcSendTime=0, lastRpcResponseTime=1501) yet, just keep nextIndex unchanged and retry.
2021-11-02 20:13:15,099 [omNode-2@group-523986131536->omNode-1-GrpcLogAppender-LogAppenderDaemon] INFO  server.GrpcLogAppender (GrpcLogAppender.java:installSnapshot(550)) - omNode-2@group-523986131536->omNode-1-GrpcLogAppender: followerNextIndex = 0 but logStartIndex = 11, notify follower to install snapshot-(t:3, i:11)
2021-11-02 20:13:15,099 [omNode-2@group-523986131536->omNode-1-GrpcLogAppender-LogAppenderDaemon] INFO  server.GrpcLogAppender (GrpcLogAppender.java:installSnapshot(558)) - omNode-2@group-523986131536->omNode-1-GrpcLogAppender: send omNode-2->omNode-1#0-t8,notify:(t:3, i:11)
2021-11-02 20:13:15,100 [grpc-default-executor-6] WARN  server.GrpcLogAppender (LogUtils.java:warn(122)) - omNode-2@group-523986131536->omNode-1-InstallSnapshotResponseHandler: Failed InstallSnapshot: org.apache.ratis.thirdparty.io.grpc.StatusRuntimeException: UNAVAILABLE: io exception
2021-11-02 20:13:15,100 [grpc-default-executor-6] WARN  server.GrpcLogAppender (GrpcLogAppender.java:resetClient(110)) - omNode-2@group-523986131536->omNode-1-GrpcLogAppender: Leader has not got in touch with Follower omNode-2@group-523986131536->omNode-1(c-1,m0,n0, attendVote=false, lastRpcSendTime=0, lastRpcResponseTime=1502) yet, just keep nextIndex unchanged and retry.
2021-11-02 20:13:15,100 [omNode-2@group-523986131536->omNode-1-GrpcLogAppender-LogAppenderDaemon] INFO  server.GrpcLogAppender (GrpcLogAppender.java:installSnapshot(550)) - omNode-2@group-523986131536->omNode-1-GrpcLogAppender: followerNextIndex = 0 but logStartIndex = 11, notify follower to install snapshot-(t:3, i:11)
2021-11-02 20:13:15,100 [omNode-2@group-523986131536->omNode-1-GrpcLogAppender-LogAppenderDaemon] INFO  server.GrpcLogAppender (GrpcLogAppender.java:installSnapshot(558)) - omNode-2@group-523986131536->omNode-1-GrpcLogAppender: send omNode-2->omNode-1#0-t8,notify:(t:3, i:11)
2021-11-02 20:13:15,103 [grpc-default-executor-13] WARN  server.GrpcLogAppender (LogUtils.java:warn(122)) - omNode-2@group-523986131536->omNode-1-AppendLogResponseHandler: Failed appendEntries: org.apache.ratis.thirdparty.io.grpc.StatusRuntimeException: UNAVAILABLE: io exception
2021-11-02 20:13:15,103 [grpc-default-executor-13] WARN  server.GrpcLogAppender (GrpcLogAppender.java:resetClient(110)) - omNode-2@group-523986131536->omNode-1-GrpcLogAppender: Leader has not got in touch with Follower omNode-2@group-523986131536->omNode-1(c-1,m0,n0, attendVote=false, lastRpcSendTime=1, lastRpcResponseTime=1505) yet, just keep nextIndex unchanged and retry.
2021-11-02 20:13:15,103 [grpc-default-executor-6] WARN  server.GrpcLogAppender (LogUtils.java:warn(122)) - omNode-2@group-523986131536->omNode-1-InstallSnapshotResponseHandler: Failed InstallSnapshot: org.apache.ratis.thirdparty.io.grpc.StatusRuntimeException: UNAVAILABLE: io exception
2021-11-02 20:13:15,103 [grpc-default-executor-6] WARN  server.GrpcLogAppender (GrpcLogAppender.java:resetClient(110)) - omNode-2@group-523986131536->omNode-1-GrpcLogAppender: Leader has not got in touch with Follower omNode-2@group-523986131536->omNode-1(c-1,m0,n0, attendVote=false, lastRpcSendTime=1, lastRpcResponseTime=1505) yet, just keep nextIndex unchanged and retry.
2021-11-02 20:13:15,105 [grpc-default-executor-6] WARN  server.GrpcLogAppender (LogUtils.java:warn(122)) - omNode-2@group-523986131536->omNode-1-AppendLogResponseHandler: Failed appendEntries: org.apache.ratis.thirdparty.io.grpc.StatusRuntimeException: UNAVAILABLE: io exception
2021-11-02 20:13:15,105 [grpc-default-executor-6] WARN  server.GrpcLogAppender (GrpcLogAppender.java:resetClient(110)) - omNode-2@group-523986131536->omNode-1-GrpcLogAppender: Leader has not got in touch with Follower omNode-2@group-523986131536->omNode-1(c-1,m0,n0, attendVote=false, lastRpcSendTime=3, lastRpcResponseTime=1507) yet, just keep nextIndex unchanged and retry.
2021-11-02 20:13:15,106 [omNode-2@group-523986131536->omNode-1-GrpcLogAppender-LogAppenderDaemon] INFO  server.GrpcLogAppender (GrpcLogAppender.java:installSnapshot(550)) - omNode-2@group-523986131536->omNode-1-GrpcLogAppender: followerNextIndex = 0 but logStartIndex = 11, notify follower to install snapshot-(t:3, i:11)
2021-11-02 20:13:15,106 [omNode-2@group-523986131536->omNode-1-GrpcLogAppender-LogAppenderDaemon] INFO  server.GrpcLogAppender (GrpcLogAppender.java:installSnapshot(558)) - omNode-2@group-523986131536->omNode-1-GrpcLogAppender: send omNode-2->omNode-1#0-t8,notify:(t:3, i:11)
2021-11-02 20:13:15,108 [grpc-default-executor-13] WARN  server.GrpcLogAppender (LogUtils.java:warn(122)) - omNode-2@group-523986131536->omNode-1-InstallSnapshotResponseHandler: Failed InstallSnapshot: org.apache.ratis.thirdparty.io.grpc.StatusRuntimeException: UNAVAILABLE: io exception
2021-11-02 20:13:15,108 [grpc-default-executor-13] WARN  server.GrpcLogAppender (GrpcLogAppender.java:resetClient(110)) - omNode-2@group-523986131536->omNode-1-GrpcLogAppender: Leader has not got in touch with Follower omNode-2@group-523986131536->omNode-1(c-1,m0,n0, attendVote=false, lastRpcSendTime=2, lastRpcResponseTime=1510) yet, just keep nextIndex unchanged and retry.
2021-11-02 20:13:15,108 [grpc-default-executor-13] WARN  server.GrpcLogAppender (LogUtils.java:warn(122)) - omNode-2@group-523986131536->omNode-1-AppendLogResponseHandler: Failed appendEntries: org.apache.ratis.thirdparty.io.grpc.StatusRuntimeException: UNAVAILABLE: io exception
2021-11-02 20:13:15,108 [grpc-default-executor-13] WARN  server.GrpcLogAppender (GrpcLogAppender.java:resetClient(110)) - omNode-2@group-523986131536->omNode-1-GrpcLogAppender: Leader has not got in touch with Follower omNode-2@group-523986131536->omNode-1(c-1,m0,n0, attendVote=false, lastRpcSendTime=2, lastRpcResponseTime=1510) yet, just keep nextIndex unchanged and retry.
2021-11-02 20:13:15,108 [omNode-2@group-523986131536->omNode-1-GrpcLogAppender-LogAppenderDaemon] INFO  server.GrpcLogAppender (GrpcLogAppender.java:installSnapshot(550)) - omNode-2@group-523986131536->omNode-1-GrpcLogAppender: followerNextIndex = 0 but logStartIndex = 11, notify follower to install snapshot-(t:3, i:11)
2021-11-02 20:13:15,108 [omNode-2@group-523986131536->omNode-1-GrpcLogAppender-LogAppenderDaemon] INFO  server.GrpcLogAppender (GrpcLogAppender.java:installSnapshot(558)) - omNode-2@group-523986131536->omNode-1-GrpcLogAppender: send omNode-2->omNode-1#0-t8,notify:(t:3, i:11)
2021-11-02 20:13:15,108 [grpc-default-executor-13] WARN  server.GrpcLogAppender (LogUtils.java:warn(122)) - omNode-2@group-523986131536->omNode-1-InstallSnapshotResponseHandler: Failed InstallSnapshot: org.apache.ratis.thirdparty.io.grpc.StatusRuntimeException: UNAVAILABLE: io exception
2021-11-02 20:13:15,108 [grpc-default-executor-13] WARN  server.GrpcLogAppender (GrpcLogAppender.java:resetClient(110)) - omNode-2@group-523986131536->omNode-1-GrpcLogAppender: Leader has not got in touch with Follower omNode-2@group-523986131536->omNode-1(c-1,m0,n0, attendVote=false, lastRpcSendTime=0, lastRpcResponseTime=1510) yet, just keep nextIndex unchanged and retry.
2021-11-02 20:13:15,109 [grpc-default-executor-13] WARN  server.GrpcLogAppender (LogUtils.java:warn(122)) - omNode-2@group-523986131536->omNode-1-AppendLogResponseHandler: Failed appendEntries: org.apache.ratis.thirdparty.io.grpc.StatusRuntimeException: UNAVAILABLE: io exception
2021-11-02 20:13:15,109 [grpc-default-executor-13] WARN  server.GrpcLogAppender (GrpcLogAppender.java:resetClient(110)) - omNode-2@group-523986131536->omNode-1-GrpcLogAppender: Leader has not got in touch with Follower omNode-2@group-523986131536->omNode-1(c-1,m0,n0, attendVote=false, lastRpcSendTime=0, lastRpcResponseTime=1510) yet, just keep nextIndex unchanged and retry.
2021-11-02 20:13:15,109 [omNode-2@group-523986131536->omNode-1-GrpcLogAppender-LogAppenderDaemon] INFO  server.GrpcLogAppender (GrpcLogAppender.java:installSnapshot(550)) - omNode-2@group-523986131536->omNode-1-GrpcLogAppender: followerNextIndex = 0 but logStartIndex = 11, notify follower to install snapshot-(t:3, i:11)
2021-11-02 20:13:15,109 [omNode-2@group-523986131536->omNode-1-GrpcLogAppender-LogAppenderDaemon] INFO  server.GrpcLogAppender (GrpcLogAppender.java:installSnapshot(558)) - omNode-2@group-523986131536->omNode-1-GrpcLogAppender: send omNode-2->omNode-1#0-t8,notify:(t:3, i:11)
2021-11-02 20:13:15,109 [grpc-default-executor-13] WARN  server.GrpcLogAppender (LogUtils.java:warn(122)) - omNode-2@group-523986131536->omNode-1-InstallSnapshotResponseHandler: Failed InstallSnapshot: org.apache.ratis.thirdparty.io.grpc.StatusRuntimeException: UNAVAILABLE: io exception
2021-11-02 20:13:15,109 [grpc-default-executor-13] WARN  server.GrpcLogAppender (GrpcLogAppender.java:resetClient(110)) - omNode-2@group-523986131536->omNode-1-GrpcLogAppender: Leader has not got in touch with Follower omNode-2@group-523986131536->omNode-1(c-1,m0,n0, attendVote=false, lastRpcSendTime=0, lastRpcResponseTime=1511) yet, just keep nextIndex unchanged and retry.
2021-11-02 20:13:15,109 [grpc-default-executor-13] WARN  server.GrpcLogAppender (LogUtils.java:warn(122)) - omNode-2@group-523986131536->omNode-1-AppendLogResponseHandler: Failed appendEntries: org.apache.ratis.thirdparty.io.grpc.StatusRuntimeException: UNAVAILABLE: io exception
2021-11-02 20:13:15,109 [grpc-default-executor-13] WARN  server.GrpcLogAppender (GrpcLogAppender.java:resetClient(110)) - omNode-2@group-523986131536->omNode-1-GrpcLogAppender: Leader has not got in touch with Follower omNode-2@group-523986131536->omNode-1(c-1,m0,n0, attendVote=false, lastRpcSendTime=0, lastRpcResponseTime=1511) yet, just keep nextIndex unchanged and retry.
2021-11-02 20:13:15,109 [omNode-2@group-523986131536->omNode-1-GrpcLogAppender-LogAppenderDaemon] INFO  server.GrpcLogAppender (GrpcLogAppender.java:installSnapshot(550)) - omNode-2@group-523986131536->omNode-1-GrpcLogAppender: followerNextIndex = 0 but logStartIndex = 11, notify follower to install snapshot-(t:3, i:11)
2021-11-02 20:13:15,109 [omNode-2@group-523986131536->omNode-1-GrpcLogAppender-LogAppenderDaemon] INFO  server.GrpcLogAppender (GrpcLogAppender.java:installSnapshot(558)) - omNode-2@group-523986131536->omNode-1-GrpcLogAppender: send omNode-2->omNode-1#0-t8,notify:(t:3, i:11)
2021-11-02 20:13:15,109 [grpc-default-executor-13] WARN  server.GrpcLogAppender (LogUtils.java:warn(122)) - omNode-2@group-523986131536->omNode-1-InstallSnapshotResponseHandler: Failed InstallSnapshot: org.apache.ratis.thirdparty.io.grpc.StatusRuntimeException: UNAVAILABLE: io exception
2021-11-02 20:13:15,109 [grpc-default-executor-13] WARN  server.GrpcLogAppender (GrpcLogAppender.java:resetClient(110)) - omNode-2@group-523986131536->omNode-1-GrpcLogAppender: Leader has not got in touch with Follower omNode-2@group-523986131536->omNode-1(c-1,m0,n0, attendVote=false, lastRpcSendTime=0, lastRpcResponseTime=1511) yet, just keep nextIndex unchanged and retry.
2021-11-02 20:13:15,109 [grpc-default-executor-13] WARN  server.GrpcLogAppender (LogUtils.java:warn(122)) - omNode-2@group-523986131536->omNode-1-AppendLogResponseHandler: Failed appendEntries: org.apache.ratis.thirdparty.io.grpc.StatusRuntimeException: UNAVAILABLE: io exception
2021-11-02 20:13:15,110 [grpc-default-executor-13] WARN  server.GrpcLogAppender (GrpcLogAppender.java:resetClient(110)) - omNode-2@group-523986131536->omNode-1-GrpcLogAppender: Leader has not got in touch with Follower omNode-2@group-523986131536->omNode-1(c-1,m0,n0, attendVote=false, lastRpcSendTime=0, lastRpcResponseTime=1511) yet, just keep nextIndex unchanged and retry.
2021-11-02 20:13:15,110 [omNode-2@group-523986131536->omNode-1-GrpcLogAppender-LogAppenderDaemon] INFO  server.GrpcLogAppender (GrpcLogAppender.java:installSnapshot(550)) - omNode-2@group-523986131536->omNode-1-GrpcLogAppender: followerNextIndex = 0 but logStartIndex = 11, notify follower to install snapshot-(t:3, i:11)
2021-11-02 20:13:15,110 [omNode-2@group-523986131536->omNode-1-GrpcLogAppender-LogAppenderDaemon] INFO  server.GrpcLogAppender (GrpcLogAppender.java:installSnapshot(558)) - omNode-2@group-523986131536->omNode-1-GrpcLogAppender: send omNode-2->omNode-1#0-t8,notify:(t:3, i:11)
2021-11-02 20:13:15,110 [grpc-default-executor-13] WARN  server.GrpcLogAppender (LogUtils.java:warn(122)) - omNode-2@group-523986131536->omNode-1-InstallSnapshotResponseHandler: Failed InstallSnapshot: org.apache.ratis.thirdparty.io.grpc.StatusRuntimeException: UNAVAILABLE: io exception
2021-11-02 20:13:15,110 [grpc-default-executor-13] WARN  server.GrpcLogAppender (GrpcLogAppender.java:resetClient(110)) - omNode-2@group-523986131536->omNode-1-GrpcLogAppender: Leader has not got in touch with Follower omNode-2@group-523986131536->omNode-1(c-1,m0,n0, attendVote=false, lastRpcSendTime=0, lastRpcResponseTime=1511) yet, just keep nextIndex unchanged and retry.
2021-11-02 20:13:15,110 [grpc-default-executor-13] WARN  server.GrpcLogAppender (LogUtils.java:warn(122)) - omNode-2@group-523986131536->omNode-1-AppendLogResponseHandler: Failed appendEntries: org.apache.ratis.thirdparty.io.grpc.StatusRuntimeException: UNAVAILABLE: io exception
2021-11-02 20:13:15,110 [grpc-default-executor-13] WARN  server.GrpcLogAppender (GrpcLogAppender.java:resetClient(110)) - omNode-2@group-523986131536->omNode-1-GrpcLogAppender: Leader has not got in touch with Follower omNode-2@group-523986131536->omNode-1(c-1,m0,n0, attendVote=false, lastRpcSendTime=0, lastRpcResponseTime=1512) yet, just keep nextIndex unchanged and retry.
2021-11-02 20:13:15,110 [omNode-2@group-523986131536->omNode-1-GrpcLogAppender-LogAppenderDaemon] INFO  server.GrpcLogAppender (GrpcLogAppender.java:installSnapshot(550)) - omNode-2@group-523986131536->omNode-1-GrpcLogAppender: followerNextIndex = 0 but logStartIndex = 11, notify follower to install snapshot-(t:3, i:11)
2021-11-02 20:13:15,110 [omNode-2@group-523986131536->omNode-1-GrpcLogAppender-LogAppenderDaemon] INFO  server.GrpcLogAppender (GrpcLogAppender.java:installSnapshot(558)) - omNode-2@group-523986131536->omNode-1-GrpcLogAppender: send omNode-2->omNode-1#0-t8,notify:(t:3, i:11)
2021-11-02 20:13:15,110 [grpc-default-executor-13] WARN  server.GrpcLogAppender (LogUtils.java:warn(122)) - omNode-2@group-523986131536->omNode-1-InstallSnapshotResponseHandler: Failed InstallSnapshot: org.apache.ratis.thirdparty.io.grpc.StatusRuntimeException: UNAVAILABLE: io exception
2021-11-02 20:13:15,110 [grpc-default-executor-13] WARN  server.GrpcLogAppender (GrpcLogAppender.java:resetClient(110)) - omNode-2@group-523986131536->omNode-1-GrpcLogAppender: Leader has not got in touch with Follower omNode-2@group-523986131536->omNode-1(c-1,m0,n0, attendVote=false, lastRpcSendTime=0, lastRpcResponseTime=1512) yet, just keep nextIndex unchanged and retry.
2021-11-02 20:13:15,110 [grpc-default-executor-13] WARN  server.GrpcLogAppender (LogUtils.java:warn(122)) - omNode-2@group-523986131536->omNode-1-AppendLogResponseHandler: Failed appendEntries: org.apache.ratis.thirdparty.io.grpc.StatusRuntimeException: UNAVAILABLE: io exception
2021-11-02 20:13:15,110 [grpc-default-executor-13] WARN  server.GrpcLogAppender (GrpcLogAppender.java:resetClient(110)) - omNode-2@group-523986131536->omNode-1-GrpcLogAppender: Leader has not got in touch with Follower omNode-2@group-523986131536->omNode-1(c-1,m0,n0, attendVote=false, lastRpcSendTime=0, lastRpcResponseTime=1512) yet, just keep nextIndex unchanged and retry.
2021-11-02 20:13:15,111 [omNode-2@group-523986131536->omNode-1-GrpcLogAppender-LogAppenderDaemon] INFO  server.GrpcLogAppender (GrpcLogAppender.java:installSnapshot(550)) - omNode-2@group-523986131536->omNode-1-GrpcLogAppender: followerNextIndex = 0 but logStartIndex = 11, notify follower to install snapshot-(t:3, i:11)
2021-11-02 20:13:15,111 [omNode-2@group-523986131536->omNode-1-GrpcLogAppender-LogAppenderDaemon] INFO  server.GrpcLogAppender (GrpcLogAppender.java:installSnapshot(558)) - omNode-2@group-523986131536->omNode-1-GrpcLogAppender: send omNode-2->omNode-1#0-t8,notify:(t:3, i:11)
2021-11-02 20:13:15,111 [grpc-default-executor-13] WARN  server.GrpcLogAppender (LogUtils.java:warn(122)) - omNode-2@group-523986131536->omNode-1-InstallSnapshotResponseHandler: Failed InstallSnapshot: org.apache.ratis.thirdparty.io.grpc.StatusRuntimeException: UNAVAILABLE: io exception
2021-11-02 20:13:15,111 [grpc-default-executor-13] WARN  server.GrpcLogAppender (GrpcLogAppender.java:resetClient(110)) - omNode-2@group-523986131536->omNode-1-GrpcLogAppender: Leader has not got in touch with Follower omNode-2@group-523986131536->omNode-1(c-1,m0,n0, attendVote=false, lastRpcSendTime=0, lastRpcResponseTime=1512) yet, just keep nextIndex unchanged and retry.
2021-11-02 20:13:15,111 [grpc-default-executor-13] WARN  server.GrpcLogAppender (LogUtils.java:warn(122)) - omNode-2@group-523986131536->omNode-1-AppendLogResponseHandler: Failed appendEntries: org.apache.ratis.thirdparty.io.grpc.StatusRuntimeException: UNAVAILABLE: io exception
2021-11-02 20:13:15,111 [grpc-default-executor-13] WARN  server.GrpcLogAppender (GrpcLogAppender.java:resetClient(110)) - omNode-2@group-523986131536->omNode-1-GrpcLogAppender: Leader has not got in touch with Follower omNode-2@group-523986131536->omNode-1(c-1,m0,n0, attendVote=false, lastRpcSendTime=0, lastRpcResponseTime=1513) yet, just keep nextIndex unchanged and retry.
2021-11-02 20:13:15,111 [omNode-2@group-523986131536->omNode-1-GrpcLogAppender-LogAppenderDaemon] INFO  server.GrpcLogAppender (GrpcLogAppender.java:installSnapshot(550)) - omNode-2@group-523986131536->omNode-1-GrpcLogAppender: followerNextIndex = 0 but logStartIndex = 11, notify follower to install snapshot-(t:3, i:11)
2021-11-02 20:13:15,111 [omNode-2@group-523986131536->omNode-1-GrpcLogAppender-LogAppenderDaemon] INFO  server.GrpcLogAppender (GrpcLogAppender.java:installSnapshot(558)) - omNode-2@group-523986131536->omNode-1-GrpcLogAppender: send omNode-2->omNode-1#0-t8,notify:(t:3, i:11)
2021-11-02 20:13:15,111 [grpc-default-executor-13] WARN  server.GrpcLogAppender (LogUtils.java:warn(122)) - omNode-2@group-523986131536->omNode-1-InstallSnapshotResponseHandler: Failed InstallSnapshot: org.apache.ratis.thirdparty.io.grpc.StatusRuntimeException: UNAVAILABLE: io exception
2021-11-02 20:13:15,111 [grpc-default-executor-13] WARN  server.GrpcLogAppender (GrpcLogAppender.java:resetClient(110)) - omNode-2@group-523986131536->omNode-1-GrpcLogAppender: Leader has not got in touch with Follower omNode-2@group-523986131536->omNode-1(c-1,m0,n0, attendVote=false, lastRpcSendTime=0, lastRpcResponseTime=1513) yet, just keep nextIndex unchanged and retry.
2021-11-02 20:13:15,111 [grpc-default-executor-13] WARN  server.GrpcLogAppender (LogUtils.java:warn(122)) - omNode-2@group-523986131536->omNode-1-AppendLogResponseHandler: Failed appendEntries: org.apache.ratis.thirdparty.io.grpc.StatusRuntimeException: UNAVAILABLE: io exception
2021-11-02 20:13:15,111 [grpc-default-executor-13] WARN  server.GrpcLogAppender (GrpcLogAppender.java:resetClient(110)) - omNode-2@group-523986131536->omNode-1-GrpcLogAppender: Leader has not got in touch with Follower omNode-2@group-523986131536->omNode-1(c-1,m0,n0, attendVote=false, lastRpcSendTime=0, lastRpcResponseTime=1513) yet, just keep nextIndex unchanged and retry.
2021-11-02 20:13:15,111 [omNode-2@group-523986131536->omNode-1-GrpcLogAppender-LogAppenderDaemon] INFO  server.GrpcLogAppender (GrpcLogAppender.java:installSnapshot(550)) - omNode-2@group-523986131536->omNode-1-GrpcLogAppender: followerNextIndex = 0 but logStartIndex = 11, notify follower to install snapshot-(t:3, i:11)
2021-11-02 20:13:15,112 [omNode-2@group-523986131536->omNode-1-GrpcLogAppender-LogAppenderDaemon] INFO  server.GrpcLogAppender (GrpcLogAppender.java:installSnapshot(558)) - omNode-2@group-523986131536->omNode-1-GrpcLogAppender: send omNode-2->omNode-1#0-t8,notify:(t:3, i:11)
2021-11-02 20:13:15,112 [grpc-default-executor-13] WARN  server.GrpcLogAppender (LogUtils.java:warn(122)) - omNode-2@group-523986131536->omNode-1-InstallSnapshotResponseHandler: Failed InstallSnapshot: org.apache.ratis.thirdparty.io.grpc.StatusRuntimeException: UNAVAILABLE: io exception
2021-11-02 20:13:15,112 [grpc-default-executor-13] WARN  server.GrpcLogAppender (GrpcLogAppender.java:resetClient(110)) - omNode-2@group-523986131536->omNode-1-GrpcLogAppender: Leader has not got in touch with Follower omNode-2@group-523986131536->omNode-1(c-1,m0,n0, attendVote=false, lastRpcSendTime=0, lastRpcResponseTime=1513) yet, just keep nextIndex unchanged and retry.
2021-11-02 20:13:15,112 [grpc-default-executor-13] WARN  server.GrpcLogAppender (LogUtils.java:warn(122)) - omNode-2@group-523986131536->omNode-1-AppendLogResponseHandler: Failed appendEntries: org.apache.ratis.thirdparty.io.grpc.StatusRuntimeException: UNAVAILABLE: io exception
2021-11-02 20:13:15,112 [grpc-default-executor-13] WARN  server.GrpcLogAppender (GrpcLogAppender.java:resetClient(110)) - omNode-2@group-523986131536->omNode-1-GrpcLogAppender: Leader has not got in touch with Follower omNode-2@group-523986131536->omNode-1(c-1,m0,n0, attendVote=false, lastRpcSendTime=0, lastRpcResponseTime=1514) yet, just keep nextIndex unchanged and retry.
2021-11-02 20:13:15,112 [omNode-2@group-523986131536->omNode-1-GrpcLogAppender-LogAppenderDaemon] INFO  server.GrpcLogAppender (GrpcLogAppender.java:installSnapshot(550)) - omNode-2@group-523986131536->omNode-1-GrpcLogAppender: followerNextIndex = 0 but logStartIndex = 11, notify follower to install snapshot-(t:3, i:11)
2021-11-02 20:13:15,112 [omNode-2@group-523986131536->omNode-1-GrpcLogAppender-LogAppenderDaemon] INFO  server.GrpcLogAppender (GrpcLogAppender.java:installSnapshot(558)) - omNode-2@group-523986131536->omNode-1-GrpcLogAppender: send omNode-2->omNode-1#0-t8,notify:(t:3, i:11)
2021-11-02 20:13:15,112 [grpc-default-executor-13] WARN  server.GrpcLogAppender (LogUtils.java:warn(122)) - omNode-2@group-523986131536->omNode-1-InstallSnapshotResponseHandler: Failed InstallSnapshot: org.apache.ratis.thirdparty.io.grpc.StatusRuntimeException: UNAVAILABLE: io exception
2021-11-02 20:13:15,112 [grpc-default-executor-13] WARN  server.GrpcLogAppender (GrpcLogAppender.java:resetClient(110)) - omNode-2@group-523986131536->omNode-1-GrpcLogAppender: Leader has not got in touch with Follower omNode-2@group-523986131536->omNode-1(c-1,m0,n0, attendVote=false, lastRpcSendTime=0, lastRpcResponseTime=1514) yet, just keep nextIndex unchanged and retry.
2021-11-02 20:13:15,112 [grpc-default-executor-13] WARN  server.GrpcLogAppender (LogUtils.java:warn(122)) - omNode-2@group-523986131536->omNode-1-AppendLogResponseHandler: Failed appendEntries: org.apache.ratis.thirdparty.io.grpc.StatusRuntimeException: UNAVAILABLE: io exception
2021-11-02 20:13:15,112 [grpc-default-executor-13] WARN  server.GrpcLogAppender (GrpcLogAppender.java:resetClient(110)) - omNode-2@group-523986131536->omNode-1-GrpcLogAppender: Leader has not got in touch with Follower omNode-2@group-523986131536->omNode-1(c-1,m0,n0, attendVote=false, lastRpcSendTime=0, lastRpcResponseTime=1514) yet, just keep nextIndex unchanged and retry.
2021-11-02 20:13:15,112 [omNode-2@group-523986131536->omNode-1-GrpcLogAppender-LogAppenderDaemon] INFO  server.GrpcLogAppender (GrpcLogAppender.java:installSnapshot(550)) - omNode-2@group-523986131536->omNode-1-GrpcLogAppender: followerNextIndex = 0 but logStartIndex = 11, notify follower to install snapshot-(t:3, i:11)
2021-11-02 20:13:15,113 [omNode-2@group-523986131536->omNode-1-GrpcLogAppender-LogAppenderDaemon] INFO  server.GrpcLogAppender (GrpcLogAppender.java:installSnapshot(558)) - omNode-2@group-523986131536->omNode-1-GrpcLogAppender: send omNode-2->omNode-1#0-t8,notify:(t:3, i:11)
2021-11-02 20:13:15,113 [grpc-default-executor-13] WARN  server.GrpcLogAppender (LogUtils.java:warn(122)) - omNode-2@group-523986131536->omNode-1-InstallSnapshotResponseHandler: Failed InstallSnapshot: org.apache.ratis.thirdparty.io.grpc.StatusRuntimeException: UNAVAILABLE: io exception
2021-11-02 20:13:15,113 [grpc-default-executor-13] WARN  server.GrpcLogAppender (GrpcLogAppender.java:resetClient(110)) - omNode-2@group-523986131536->omNode-1-GrpcLogAppender: Leader has not got in touch with Follower omNode-2@group-523986131536->omNode-1(c-1,m0,n0, attendVote=false, lastRpcSendTime=0, lastRpcResponseTime=1514) yet, just keep nextIndex unchanged and retry.
2021-11-02 20:13:15,114 [grpc-default-executor-13] WARN  server.GrpcLogAppender (LogUtils.java:warn(122)) - omNode-2@group-523986131536->omNode-1-AppendLogResponseHandler: Failed appendEntries: org.apache.ratis.thirdparty.io.grpc.StatusRuntimeException: UNAVAILABLE: io exception
2021-11-02 20:13:15,114 [grpc-default-executor-13] WARN  server.GrpcLogAppender (GrpcLogAppender.java:resetClient(110)) - omNode-2@group-523986131536->omNode-1-GrpcLogAppender: Leader has not got in touch with Follower omNode-2@group-523986131536->omNode-1(c-1,m0,n0, attendVote=false, lastRpcSendTime=0, lastRpcResponseTime=1516) yet, just keep nextIndex unchanged and retry.
2021-11-02 20:13:15,114 [omNode-2@group-523986131536->omNode-1-GrpcLogAppender-LogAppenderDaemon] INFO  server.GrpcLogAppender (GrpcLogAppender.java:installSnapshot(550)) - omNode-2@group-523986131536->omNode-1-GrpcLogAppender: followerNextIndex = 0 but logStartIndex = 11, notify follower to install snapshot-(t:3, i:11)
2021-11-02 20:13:15,114 [omNode-2@group-523986131536->omNode-1-GrpcLogAppender-LogAppenderDaemon] INFO  server.GrpcLogAppender (GrpcLogAppender.java:installSnapshot(558)) - omNode-2@group-523986131536->omNode-1-GrpcLogAppender: send omNode-2->omNode-1#0-t8,notify:(t:3, i:11)
2021-11-02 20:13:15,118 [grpc-default-executor-6] WARN  server.GrpcLogAppender (LogUtils.java:warn(122)) - omNode-2@group-523986131536->omNode-1-InstallSnapshotResponseHandler: Failed InstallSnapshot: org.apache.ratis.thirdparty.io.grpc.StatusRuntimeException: UNAVAILABLE: io exception
2021-11-02 20:13:15,118 [grpc-default-executor-6] WARN  server.GrpcLogAppender (GrpcLogAppender.java:resetClient(110)) - omNode-2@group-523986131536->omNode-1-GrpcLogAppender: Leader has not got in touch with Follower omNode-2@group-523986131536->omNode-1(c-1,m0,n0, attendVote=false, lastRpcSendTime=3, lastRpcResponseTime=1520) yet, just keep nextIndex unchanged and retry.
2021-11-02 20:13:15,118 [grpc-default-executor-6] WARN  server.GrpcLogAppender (LogUtils.java:warn(122)) - omNode-2@group-523986131536->omNode-1-AppendLogResponseHandler: Failed appendEntries: org.apache.ratis.thirdparty.io.grpc.StatusRuntimeException: UNAVAILABLE: io exception
2021-11-02 20:13:15,118 [grpc-default-executor-6] WARN  server.GrpcLogAppender (GrpcLogAppender.java:resetClient(110)) - omNode-2@group-523986131536->omNode-1-GrpcLogAppender: Leader has not got in touch with Follower omNode-2@group-523986131536->omNode-1(c-1,m0,n0, attendVote=false, lastRpcSendTime=3, lastRpcResponseTime=1520) yet, just keep nextIndex unchanged and retry.
2021-11-02 20:13:15,118 [omNode-2@group-523986131536->omNode-1-GrpcLogAppender-LogAppenderDaemon] INFO  server.GrpcLogAppender (GrpcLogAppender.java:installSnapshot(550)) - omNode-2@group-523986131536->omNode-1-GrpcLogAppender: followerNextIndex = 0 but logStartIndex = 11, notify follower to install snapshot-(t:3, i:11)
2021-11-02 20:13:15,118 [omNode-2@group-523986131536->omNode-1-GrpcLogAppender-LogAppenderDaemon] INFO  server.GrpcLogAppender (GrpcLogAppender.java:installSnapshot(558)) - omNode-2@group-523986131536->omNode-1-GrpcLogAppender: send omNode-2->omNode-1#0-t8,notify:(t:3, i:11)
2021-11-02 20:13:15,118 [grpc-default-executor-6] WARN  server.GrpcLogAppender (LogUtils.java:warn(122)) - omNode-2@group-523986131536->omNode-1-InstallSnapshotResponseHandler: Failed InstallSnapshot: org.apache.ratis.thirdparty.io.grpc.StatusRuntimeException: UNAVAILABLE: io exception
2021-11-02 20:13:15,119 [grpc-default-executor-6] WARN  server.GrpcLogAppender (GrpcLogAppender.java:resetClient(110)) - omNode-2@group-523986131536->omNode-1-GrpcLogAppender: Leader has not got in touch with Follower omNode-2@group-523986131536->omNode-1(c-1,m0,n0, attendVote=false, lastRpcSendTime=0, lastRpcResponseTime=1520) yet, just keep nextIndex unchanged and retry.
2021-11-02 20:13:15,119 [grpc-default-executor-6] WARN  server.GrpcLogAppender (LogUtils.java:warn(122)) - omNode-2@group-523986131536->omNode-1-AppendLogResponseHandler: Failed appendEntries: org.apache.ratis.thirdparty.io.grpc.StatusRuntimeException: UNAVAILABLE: io exception
2021-11-02 20:13:15,119 [grpc-default-executor-6] WARN  server.GrpcLogAppender (GrpcLogAppender.java:resetClient(110)) - omNode-2@group-523986131536->omNode-1-GrpcLogAppender: Leader has not got in touch with Follower omNode-2@group-523986131536->omNode-1(c-1,m0,n0, attendVote=false, lastRpcSendTime=0, lastRpcResponseTime=1520) yet, just keep nextIndex unchanged and retry.
2021-11-02 20:13:15,119 [omNode-2@group-523986131536->omNode-1-GrpcLogAppender-LogAppenderDaemon] INFO  server.GrpcLogAppender (GrpcLogAppender.java:installSnapshot(550)) - omNode-2@group-523986131536->omNode-1-GrpcLogAppender: followerNextIndex = 0 but logStartIndex = 11, notify follower to install snapshot-(t:3, i:11)
2021-11-02 20:13:15,119 [omNode-2@group-523986131536->omNode-1-GrpcLogAppender-LogAppenderDaemon] INFO  server.GrpcLogAppender (GrpcLogAppender.java:installSnapshot(558)) - omNode-2@group-523986131536->omNode-1-GrpcLogAppender: send omNode-2->omNode-1#0-t8,notify:(t:3, i:11)
2021-11-02 20:13:15,119 [grpc-default-executor-6] WARN  server.GrpcLogAppender (LogUtils.java:warn(122)) - omNode-2@group-523986131536->omNode-1-InstallSnapshotResponseHandler: Failed InstallSnapshot: org.apache.ratis.thirdparty.io.grpc.StatusRuntimeException: UNAVAILABLE: io exception
2021-11-02 20:13:15,119 [grpc-default-executor-6] WARN  server.GrpcLogAppender (GrpcLogAppender.java:resetClient(110)) - omNode-2@group-523986131536->omNode-1-GrpcLogAppender: Leader has not got in touch with Follower omNode-2@group-523986131536->omNode-1(c-1,m0,n0, attendVote=false, lastRpcSendTime=0, lastRpcResponseTime=1521) yet, just keep nextIndex unchanged and retry.
2021-11-02 20:13:15,119 [grpc-default-executor-6] WARN  server.GrpcLogAppender (LogUtils.java:warn(122)) - omNode-2@group-523986131536->omNode-1-AppendLogResponseHandler: Failed appendEntries: org.apache.ratis.thirdparty.io.grpc.StatusRuntimeException: UNAVAILABLE: io exception
2021-11-02 20:13:15,119 [grpc-default-executor-6] WARN  server.GrpcLogAppender (GrpcLogAppender.java:resetClient(110)) - omNode-2@group-523986131536->omNode-1-GrpcLogAppender: Leader has not got in touch with Follower omNode-2@group-523986131536->omNode-1(c-1,m0,n0, attendVote=false, lastRpcSendTime=0, lastRpcResponseTime=1521) yet, just keep nextIndex unchanged and retry.
2021-11-02 20:13:15,119 [omNode-2@group-523986131536->omNode-1-GrpcLogAppender-LogAppenderDaemon] INFO  server.GrpcLogAppender (GrpcLogAppender.java:installSnapshot(550)) - omNode-2@group-523986131536->omNode-1-GrpcLogAppender: followerNextIndex = 0 but logStartIndex = 11, notify follower to install snapshot-(t:3, i:11)
2021-11-02 20:13:15,119 [omNode-2@group-523986131536->omNode-1-GrpcLogAppender-LogAppenderDaemon] INFO  server.GrpcLogAppender (GrpcLogAppender.java:installSnapshot(558)) - omNode-2@group-523986131536->omNode-1-GrpcLogAppender: send omNode-2->omNode-1#0-t8,notify:(t:3, i:11)
2021-11-02 20:13:15,119 [grpc-default-executor-6] WARN  server.GrpcLogAppender (LogUtils.java:warn(122)) - omNode-2@group-523986131536->omNode-1-InstallSnapshotResponseHandler: Failed InstallSnapshot: org.apache.ratis.thirdparty.io.grpc.StatusRuntimeException: UNAVAILABLE: io exception
2021-11-02 20:13:15,120 [grpc-default-executor-6] WARN  server.GrpcLogAppender (GrpcLogAppender.java:resetClient(110)) - omNode-2@group-523986131536->omNode-1-GrpcLogAppender: Leader has not got in touch with Follower omNode-2@group-523986131536->omNode-1(c-1,m0,n0, attendVote=false, lastRpcSendTime=0, lastRpcResponseTime=1521) yet, just keep nextIndex unchanged and retry.
2021-11-02 20:13:15,120 [grpc-default-executor-6] WARN  server.GrpcLogAppender (LogUtils.java:warn(122)) - omNode-2@group-523986131536->omNode-1-AppendLogResponseHandler: Failed appendEntries: org.apache.ratis.thirdparty.io.grpc.StatusRuntimeException: UNAVAILABLE: io exception
2021-11-02 20:13:15,120 [grpc-default-executor-6] WARN  server.GrpcLogAppender (GrpcLogAppender.java:resetClient(110)) - omNode-2@group-523986131536->omNode-1-GrpcLogAppender: Leader has not got in touch with Follower omNode-2@group-523986131536->omNode-1(c-1,m0,n0, attendVote=false, lastRpcSendTime=0, lastRpcResponseTime=1521) yet, just keep nextIndex unchanged and retry.
2021-11-02 20:13:15,120 [omNode-2@group-523986131536->omNode-1-GrpcLogAppender-LogAppenderDaemon] INFO  server.GrpcLogAppender (GrpcLogAppender.java:installSnapshot(550)) - omNode-2@group-523986131536->omNode-1-GrpcLogAppender: followerNextIndex = 0 but logStartIndex = 11, notify follower to install snapshot-(t:3, i:11)
2021-11-02 20:13:15,120 [omNode-2@group-523986131536->omNode-1-GrpcLogAppender-LogAppenderDaemon] INFO  server.GrpcLogAppender (GrpcLogAppender.java:installSnapshot(558)) - omNode-2@group-523986131536->omNode-1-GrpcLogAppender: send omNode-2->omNode-1#0-t8,notify:(t:3, i:11)
2021-11-02 20:13:15,120 [grpc-default-executor-6] WARN  server.GrpcLogAppender (LogUtils.java:warn(122)) - omNode-2@group-523986131536->omNode-1-InstallSnapshotResponseHandler: Failed InstallSnapshot: org.apache.ratis.thirdparty.io.grpc.StatusRuntimeException: UNAVAILABLE: io exception
2021-11-02 20:13:15,120 [grpc-default-executor-6] WARN  server.GrpcLogAppender (GrpcLogAppender.java:resetClient(110)) - omNode-2@group-523986131536->omNode-1-GrpcLogAppender: Leader has not got in touch with Follower omNode-2@group-523986131536->omNode-1(c-1,m0,n0, attendVote=false, lastRpcSendTime=0, lastRpcResponseTime=1522) yet, just keep nextIndex unchanged and retry.
2021-11-02 20:13:15,120 [grpc-default-executor-6] WARN  server.GrpcLogAppender (LogUtils.java:warn(122)) - omNode-2@group-523986131536->omNode-1-AppendLogResponseHandler: Failed appendEntries: org.apache.ratis.thirdparty.io.grpc.StatusRuntimeException: UNAVAILABLE: io exception
2021-11-02 20:13:15,120 [grpc-default-executor-6] WARN  server.GrpcLogAppender (GrpcLogAppender.java:resetClient(110)) - omNode-2@group-523986131536->omNode-1-GrpcLogAppender: Leader has not got in touch with Follower omNode-2@group-523986131536->omNode-1(c-1,m0,n0, attendVote=false, lastRpcSendTime=0, lastRpcResponseTime=1522) yet, just keep nextIndex unchanged and retry.
2021-11-02 20:13:15,120 [omNode-2@group-523986131536->omNode-1-GrpcLogAppender-LogAppenderDaemon] INFO  server.GrpcLogAppender (GrpcLogAppender.java:installSnapshot(550)) - omNode-2@group-523986131536->omNode-1-GrpcLogAppender: followerNextIndex = 0 but logStartIndex = 11, notify follower to install snapshot-(t:3, i:11)
2021-11-02 20:13:15,120 [omNode-2@group-523986131536->omNode-1-GrpcLogAppender-LogAppenderDaemon] INFO  server.GrpcLogAppender (GrpcLogAppender.java:installSnapshot(558)) - omNode-2@group-523986131536->omNode-1-GrpcLogAppender: send omNode-2->omNode-1#0-t8,notify:(t:3, i:11)
2021-11-02 20:13:15,121 [grpc-default-executor-6] WARN  server.GrpcLogAppender (LogUtils.java:warn(122)) - omNode-2@group-523986131536->omNode-1-InstallSnapshotResponseHandler: Failed InstallSnapshot: org.apache.ratis.thirdparty.io.grpc.StatusRuntimeException: UNAVAILABLE: io exception
2021-11-02 20:13:15,121 [grpc-default-executor-6] WARN  server.GrpcLogAppender (GrpcLogAppender.java:resetClient(110)) - omNode-2@group-523986131536->omNode-1-GrpcLogAppender: Leader has not got in touch with Follower omNode-2@group-523986131536->omNode-1(c-1,m0,n0, attendVote=false, lastRpcSendTime=0, lastRpcResponseTime=1522) yet, just keep nextIndex unchanged and retry.
2021-11-02 20:13:15,122 [grpc-default-executor-6] WARN  server.GrpcLogAppender (LogUtils.java:warn(122)) - omNode-2@group-523986131536->omNode-1-AppendLogResponseHandler: Failed appendEntries: org.apache.ratis.thirdparty.io.grpc.StatusRuntimeException: UNAVAILABLE: io exception
2021-11-02 20:13:15,122 [grpc-default-executor-6] WARN  server.GrpcLogAppender (GrpcLogAppender.java:resetClient(110)) - omNode-2@group-523986131536->omNode-1-GrpcLogAppender: Leader has not got in touch with Follower omNode-2@group-523986131536->omNode-1(c-1,m0,n0, attendVote=false, lastRpcSendTime=1, lastRpcResponseTime=1523) yet, just keep nextIndex unchanged and retry.
2021-11-02 20:13:15,122 [omNode-2@group-523986131536->omNode-1-GrpcLogAppender-LogAppenderDaemon] INFO  server.GrpcLogAppender (GrpcLogAppender.java:installSnapshot(550)) - omNode-2@group-523986131536->omNode-1-GrpcLogAppender: followerNextIndex = 0 but logStartIndex = 11, notify follower to install snapshot-(t:3, i:11)
2021-11-02 20:13:15,122 [omNode-2@group-523986131536->omNode-1-GrpcLogAppender-LogAppenderDaemon] INFO  server.GrpcLogAppender (GrpcLogAppender.java:installSnapshot(558)) - omNode-2@group-523986131536->omNode-1-GrpcLogAppender: send omNode-2->omNode-1#0-t8,notify:(t:3, i:11)
2021-11-02 20:13:15,122 [grpc-default-executor-13] WARN  server.GrpcLogAppender (LogUtils.java:warn(122)) - omNode-2@group-523986131536->omNode-1-InstallSnapshotResponseHandler: Failed InstallSnapshot: org.apache.ratis.thirdparty.io.grpc.StatusRuntimeException: UNAVAILABLE: io exception
2021-11-02 20:13:15,122 [grpc-default-executor-13] WARN  server.GrpcLogAppender (GrpcLogAppender.java:resetClient(110)) - omNode-2@group-523986131536->omNode-1-GrpcLogAppender: Leader has not got in touch with Follower omNode-2@group-523986131536->omNode-1(c-1,m0,n0, attendVote=false, lastRpcSendTime=0, lastRpcResponseTime=1524) yet, just keep nextIndex unchanged and retry.
2021-11-02 20:13:15,122 [grpc-default-executor-13] WARN  server.GrpcLogAppender (LogUtils.java:warn(122)) - omNode-2@group-523986131536->omNode-1-AppendLogResponseHandler: Failed appendEntries: org.apache.ratis.thirdparty.io.grpc.StatusRuntimeException: UNAVAILABLE: io exception
2021-11-02 20:13:15,122 [grpc-default-executor-13] WARN  server.GrpcLogAppender (GrpcLogAppender.java:resetClient(110)) - omNode-2@group-523986131536->omNode-1-GrpcLogAppender: Leader has not got in touch with Follower omNode-2@group-523986131536->omNode-1(c-1,m0,n0, attendVote=false, lastRpcSendTime=0, lastRpcResponseTime=1524) yet, just keep nextIndex unchanged and retry.
2021-11-02 20:13:15,123 [omNode-2@group-523986131536->omNode-1-GrpcLogAppender-LogAppenderDaemon] INFO  server.GrpcLogAppender (GrpcLogAppender.java:installSnapshot(550)) - omNode-2@group-523986131536->omNode-1-GrpcLogAppender: followerNextIndex = 0 but logStartIndex = 11, notify follower to install snapshot-(t:3, i:11)
2021-11-02 20:13:15,123 [omNode-2@group-523986131536->omNode-1-GrpcLogAppender-LogAppenderDaemon] INFO  server.GrpcLogAppender (GrpcLogAppender.java:installSnapshot(558)) - omNode-2@group-523986131536->omNode-1-GrpcLogAppender: send omNode-2->omNode-1#0-t8,notify:(t:3, i:11)
2021-11-02 20:13:15,123 [grpc-default-executor-13] WARN  server.GrpcLogAppender (LogUtils.java:warn(122)) - omNode-2@group-523986131536->omNode-1-InstallSnapshotResponseHandler: Failed InstallSnapshot: org.apache.ratis.thirdparty.io.grpc.StatusRuntimeException: UNAVAILABLE: io exception
2021-11-02 20:13:15,123 [grpc-default-executor-13] WARN  server.GrpcLogAppender (GrpcLogAppender.java:resetClient(110)) - omNode-2@group-523986131536->omNode-1-GrpcLogAppender: Leader has not got in touch with Follower omNode-2@group-523986131536->omNode-1(c-1,m0,n0, attendVote=false, lastRpcSendTime=0, lastRpcResponseTime=1524) yet, just keep nextIndex unchanged and retry.
2021-11-02 20:13:15,123 [grpc-default-executor-13] WARN  server.GrpcLogAppender (LogUtils.java:warn(122)) - omNode-2@group-523986131536->omNode-1-AppendLogResponseHandler: Failed appendEntries: org.apache.ratis.thirdparty.io.grpc.StatusRuntimeException: UNAVAILABLE: io exception
2021-11-02 20:13:15,123 [grpc-default-executor-13] WARN  server.GrpcLogAppender (GrpcLogAppender.java:resetClient(110)) - omNode-2@group-523986131536->omNode-1-GrpcLogAppender: Leader has not got in touch with Follower omNode-2@group-523986131536->omNode-1(c-1,m0,n0, attendVote=false, lastRpcSendTime=0, lastRpcResponseTime=1525) yet, just keep nextIndex unchanged and retry.
2021-11-02 20:13:15,123 [omNode-2@group-523986131536->omNode-1-GrpcLogAppender-LogAppenderDaemon] INFO  server.GrpcLogAppender (GrpcLogAppender.java:installSnapshot(550)) - omNode-2@group-523986131536->omNode-1-GrpcLogAppender: followerNextIndex = 0 but logStartIndex = 11, notify follower to install snapshot-(t:3, i:11)
2021-11-02 20:13:15,123 [omNode-2@group-523986131536->omNode-1-GrpcLogAppender-LogAppenderDaemon] INFO  server.GrpcLogAppender (GrpcLogAppender.java:installSnapshot(558)) - omNode-2@group-523986131536->omNode-1-GrpcLogAppender: send omNode-2->omNode-1#0-t8,notify:(t:3, i:11)
2021-11-02 20:13:15,123 [grpc-default-executor-13] WARN  server.GrpcLogAppender (LogUtils.java:warn(122)) - omNode-2@group-523986131536->omNode-1-InstallSnapshotResponseHandler: Failed InstallSnapshot: org.apache.ratis.thirdparty.io.grpc.StatusRuntimeException: UNAVAILABLE: io exception
2021-11-02 20:13:15,123 [grpc-default-executor-13] WARN  server.GrpcLogAppender (GrpcLogAppender.java:resetClient(110)) - omNode-2@group-523986131536->omNode-1-GrpcLogAppender: Leader has not got in touch with Follower omNode-2@group-523986131536->omNode-1(c-1,m0,n0, attendVote=false, lastRpcSendTime=0, lastRpcResponseTime=1525) yet, just keep nextIndex unchanged and retry.
2021-11-02 20:13:15,123 [grpc-default-executor-13] WARN  server.GrpcLogAppender (LogUtils.java:warn(122)) - omNode-2@group-523986131536->omNode-1-AppendLogResponseHandler: Failed appendEntries: org.apache.ratis.thirdparty.io.grpc.StatusRuntimeException: UNAVAILABLE: io exception
2021-11-02 20:13:15,123 [grpc-default-executor-13] WARN  server.GrpcLogAppender (GrpcLogAppender.java:resetClient(110)) - omNode-2@group-523986131536->omNode-1-GrpcLogAppender: Leader has not got in touch with Follower omNode-2@group-523986131536->omNode-1(c-1,m0,n0, attendVote=false, lastRpcSendTime=0, lastRpcResponseTime=1525) yet, just keep nextIndex unchanged and retry.
2021-11-02 20:13:15,124 [omNode-2@group-523986131536->omNode-1-GrpcLogAppender-LogAppenderDaemon] INFO  server.GrpcLogAppender (GrpcLogAppender.java:installSnapshot(550)) - omNode-2@group-523986131536->omNode-1-GrpcLogAppender: followerNextIndex = 0 but logStartIndex = 11, notify follower to install snapshot-(t:3, i:11)
2021-11-02 20:13:15,124 [omNode-2@group-523986131536->omNode-1-GrpcLogAppender-LogAppenderDaemon] INFO  server.GrpcLogAppender (GrpcLogAppender.java:installSnapshot(558)) - omNode-2@group-523986131536->omNode-1-GrpcLogAppender: send omNode-2->omNode-1#0-t8,notify:(t:3, i:11)
2021-11-02 20:13:15,124 [grpc-default-executor-13] WARN  server.GrpcLogAppender (LogUtils.java:warn(122)) - omNode-2@group-523986131536->omNode-1-InstallSnapshotResponseHandler: Failed InstallSnapshot: org.apache.ratis.thirdparty.io.grpc.StatusRuntimeException: UNAVAILABLE: io exception
2021-11-02 20:13:15,124 [grpc-default-executor-13] WARN  server.GrpcLogAppender (GrpcLogAppender.java:resetClient(110)) - omNode-2@group-523986131536->omNode-1-GrpcLogAppender: Leader has not got in touch with Follower omNode-2@group-523986131536->omNode-1(c-1,m0,n0, attendVote=false, lastRpcSendTime=0, lastRpcResponseTime=1526) yet, just keep nextIndex unchanged and retry.
2021-11-02 20:13:15,125 [grpc-default-executor-13] WARN  server.GrpcLogAppender (LogUtils.java:warn(122)) - omNode-2@group-523986131536->omNode-1-AppendLogResponseHandler: Failed appendEntries: org.apache.ratis.thirdparty.io.grpc.StatusRuntimeException: UNAVAILABLE: io exception
2021-11-02 20:13:15,125 [grpc-default-executor-13] WARN  server.GrpcLogAppender (GrpcLogAppender.java:resetClient(110)) - omNode-2@group-523986131536->omNode-1-GrpcLogAppender: Leader has not got in touch with Follower omNode-2@group-523986131536->omNode-1(c-1,m0,n0, attendVote=false, lastRpcSendTime=0, lastRpcResponseTime=1526) yet, just keep nextIndex unchanged and retry.
2021-11-02 20:13:15,125 [omNode-2@group-523986131536->omNode-1-GrpcLogAppender-LogAppenderDaemon] INFO  server.GrpcLogAppender (GrpcLogAppender.java:installSnapshot(550)) - omNode-2@group-523986131536->omNode-1-GrpcLogAppender: followerNextIndex = 0 but logStartIndex = 11, notify follower to install snapshot-(t:3, i:11)
2021-11-02 20:13:15,125 [omNode-2@group-523986131536->omNode-1-GrpcLogAppender-LogAppenderDaemon] INFO  server.GrpcLogAppender (GrpcLogAppender.java:installSnapshot(558)) - omNode-2@group-523986131536->omNode-1-GrpcLogAppender: send omNode-2->omNode-1#0-t8,notify:(t:3, i:11)
2021-11-02 20:13:15,126 [grpc-default-executor-13] WARN  server.GrpcLogAppender (LogUtils.java:warn(122)) - omNode-2@group-523986131536->omNode-1-InstallSnapshotResponseHandler: Failed InstallSnapshot: org.apache.ratis.thirdparty.io.grpc.StatusRuntimeException: UNAVAILABLE: io exception
2021-11-02 20:13:15,126 [grpc-default-executor-13] WARN  server.GrpcLogAppender (GrpcLogAppender.java:resetClient(110)) - omNode-2@group-523986131536->omNode-1-GrpcLogAppender: Leader has not got in touch with Follower omNode-2@group-523986131536->omNode-1(c-1,m0,n0, attendVote=false, lastRpcSendTime=0, lastRpcResponseTime=1527) yet, just keep nextIndex unchanged and retry.
2021-11-02 20:13:15,126 [omNode-2@group-523986131536->omNode-1-GrpcLogAppender-LogAppenderDaemon] INFO  server.GrpcLogAppender (GrpcLogAppender.java:installSnapshot(550)) - omNode-2@group-523986131536->omNode-1-GrpcLogAppender: followerNextIndex = 0 but logStartIndex = 11, notify follower to install snapshot-(t:3, i:11)
2021-11-02 20:13:15,126 [omNode-2@group-523986131536->omNode-1-GrpcLogAppender-LogAppenderDaemon] INFO  server.GrpcLogAppender (GrpcLogAppender.java:installSnapshot(558)) - omNode-2@group-523986131536->omNode-1-GrpcLogAppender: send omNode-2->omNode-1#0-t8,notify:(t:3, i:11)
2021-11-02 20:13:15,128 [grpc-default-executor-6] WARN  server.GrpcLogAppender (LogUtils.java:warn(122)) - omNode-2@group-523986131536->omNode-1-AppendLogResponseHandler: Failed appendEntries: org.apache.ratis.thirdparty.io.grpc.StatusRuntimeException: UNAVAILABLE: io exception
2021-11-02 20:13:15,128 [grpc-default-executor-6] WARN  server.GrpcLogAppender (GrpcLogAppender.java:resetClient(110)) - omNode-2@group-523986131536->omNode-1-GrpcLogAppender: Leader has not got in touch with Follower omNode-2@group-523986131536->omNode-1(c-1,m0,n0, attendVote=false, lastRpcSendTime=0, lastRpcResponseTime=1529) yet, just keep nextIndex unchanged and retry.
2021-11-02 20:13:15,128 [grpc-default-executor-13] WARN  server.GrpcLogAppender (LogUtils.java:warn(122)) - omNode-2@group-523986131536->omNode-1-InstallSnapshotResponseHandler: Failed InstallSnapshot: org.apache.ratis.thirdparty.io.grpc.StatusRuntimeException: UNAVAILABLE: io exception
2021-11-02 20:13:15,128 [grpc-default-executor-13] WARN  server.GrpcLogAppender (GrpcLogAppender.java:resetClient(110)) - omNode-2@group-523986131536->omNode-1-GrpcLogAppender: Leader has not got in touch with Follower omNode-2@group-523986131536->omNode-1(c-1,m0,n0, attendVote=false, lastRpcSendTime=1, lastRpcResponseTime=1530) yet, just keep nextIndex unchanged and retry.
2021-11-02 20:13:15,128 [grpc-default-executor-13] WARN  server.GrpcLogAppender (LogUtils.java:warn(122)) - omNode-2@group-523986131536->omNode-1-AppendLogResponseHandler: Failed appendEntries: org.apache.ratis.thirdparty.io.grpc.StatusRuntimeException: UNAVAILABLE: io exception
2021-11-02 20:13:15,128 [grpc-default-executor-13] WARN  server.GrpcLogAppender (GrpcLogAppender.java:resetClient(110)) - omNode-2@group-523986131536->omNode-1-GrpcLogAppender: Leader has not got in touch with Follower omNode-2@group-523986131536->omNode-1(c-1,m0,n0, attendVote=false, lastRpcSendTime=1, lastRpcResponseTime=1530) yet, just keep nextIndex unchanged and retry.
2021-11-02 20:13:15,128 [omNode-2@group-523986131536->omNode-1-GrpcLogAppender-LogAppenderDaemon] INFO  server.GrpcLogAppender (GrpcLogAppender.java:installSnapshot(550)) - omNode-2@group-523986131536->omNode-1-GrpcLogAppender: followerNextIndex = 0 but logStartIndex = 11, notify follower to install snapshot-(t:3, i:11)
2021-11-02 20:13:15,128 [omNode-2@group-523986131536->omNode-1-GrpcLogAppender-LogAppenderDaemon] INFO  server.GrpcLogAppender (GrpcLogAppender.java:installSnapshot(558)) - omNode-2@group-523986131536->omNode-1-GrpcLogAppender: send omNode-2->omNode-1#0-t8,notify:(t:3, i:11)
2021-11-02 20:13:15,128 [grpc-default-executor-13] WARN  server.GrpcLogAppender (LogUtils.java:warn(122)) - omNode-2@group-523986131536->omNode-1-InstallSnapshotResponseHandler: Failed InstallSnapshot: org.apache.ratis.thirdparty.io.grpc.StatusRuntimeException: UNAVAILABLE: io exception
2021-11-02 20:13:15,128 [grpc-default-executor-13] WARN  server.GrpcLogAppender (GrpcLogAppender.java:resetClient(110)) - omNode-2@group-523986131536->omNode-1-GrpcLogAppender: Leader has not got in touch with Follower omNode-2@group-523986131536->omNode-1(c-1,m0,n0, attendVote=false, lastRpcSendTime=0, lastRpcResponseTime=1530) yet, just keep nextIndex unchanged and retry.
2021-11-02 20:13:15,129 [grpc-default-executor-13] WARN  server.GrpcLogAppender (LogUtils.java:warn(122)) - omNode-2@group-523986131536->omNode-1-AppendLogResponseHandler: Failed appendEntries: org.apache.ratis.thirdparty.io.grpc.StatusRuntimeException: UNAVAILABLE: io exception
2021-11-02 20:13:15,129 [grpc-default-executor-13] WARN  server.GrpcLogAppender (GrpcLogAppender.java:resetClient(110)) - omNode-2@group-523986131536->omNode-1-GrpcLogAppender: Leader has not got in touch with Follower omNode-2@group-523986131536->omNode-1(c-1,m0,n0, attendVote=false, lastRpcSendTime=0, lastRpcResponseTime=1530) yet, just keep nextIndex unchanged and retry.
2021-11-02 20:13:15,129 [omNode-2@group-523986131536->omNode-1-GrpcLogAppender-LogAppenderDaemon] INFO  server.GrpcLogAppender (GrpcLogAppender.java:installSnapshot(550)) - omNode-2@group-523986131536->omNode-1-GrpcLogAppender: followerNextIndex = 0 but logStartIndex = 11, notify follower to install snapshot-(t:3, i:11)
2021-11-02 20:13:15,129 [omNode-2@group-523986131536->omNode-1-GrpcLogAppender-LogAppenderDaemon] INFO  server.GrpcLogAppender (GrpcLogAppender.java:installSnapshot(558)) - omNode-2@group-523986131536->omNode-1-GrpcLogAppender: send omNode-2->omNode-1#0-t8,notify:(t:3, i:11)
2021-11-02 20:13:15,131 [grpc-default-executor-6] WARN  server.GrpcLogAppender (LogUtils.java:warn(122)) - omNode-2@group-523986131536->omNode-1-InstallSnapshotResponseHandler: Failed InstallSnapshot: org.apache.ratis.thirdparty.io.grpc.StatusRuntimeException: UNAVAILABLE: io exception
2021-11-02 20:13:15,131 [grpc-default-executor-6] WARN  server.GrpcLogAppender (GrpcLogAppender.java:resetClient(110)) - omNode-2@group-523986131536->omNode-1-GrpcLogAppender: Leader has not got in touch with Follower omNode-2@group-523986131536->omNode-1(c-1,m0,n0, attendVote=false, lastRpcSendTime=1, lastRpcResponseTime=1533) yet, just keep nextIndex unchanged and retry.
2021-11-02 20:13:15,132 [grpc-default-executor-6] WARN  server.GrpcLogAppender (LogUtils.java:warn(122)) - omNode-2@group-523986131536->omNode-1-AppendLogResponseHandler: Failed appendEntries: org.apache.ratis.thirdparty.io.grpc.StatusRuntimeException: UNAVAILABLE: io exception
2021-11-02 20:13:15,132 [grpc-default-executor-6] WARN  server.GrpcLogAppender (GrpcLogAppender.java:resetClient(110)) - omNode-2@group-523986131536->omNode-1-GrpcLogAppender: Leader has not got in touch with Follower omNode-2@group-523986131536->omNode-1(c-1,m0,n0, attendVote=false, lastRpcSendTime=2, lastRpcResponseTime=1533) yet, just keep nextIndex unchanged and retry.
2021-11-02 20:13:15,132 [omNode-2@group-523986131536->omNode-1-GrpcLogAppender-LogAppenderDaemon] INFO  server.GrpcLogAppender (GrpcLogAppender.java:installSnapshot(550)) - omNode-2@group-523986131536->omNode-1-GrpcLogAppender: followerNextIndex = 0 but logStartIndex = 11, notify follower to install snapshot-(t:3, i:11)
2021-11-02 20:13:15,132 [omNode-2@group-523986131536->omNode-1-GrpcLogAppender-LogAppenderDaemon] INFO  server.GrpcLogAppender (GrpcLogAppender.java:installSnapshot(558)) - omNode-2@group-523986131536->omNode-1-GrpcLogAppender: send omNode-2->omNode-1#0-t8,notify:(t:3, i:11)
2021-11-02 20:13:15,132 [grpc-default-executor-6] WARN  server.GrpcLogAppender (LogUtils.java:warn(122)) - omNode-2@group-523986131536->omNode-1-InstallSnapshotResponseHandler: Failed InstallSnapshot: org.apache.ratis.thirdparty.io.grpc.StatusRuntimeException: UNAVAILABLE: io exception
2021-11-02 20:13:15,132 [grpc-default-executor-6] WARN  server.GrpcLogAppender (GrpcLogAppender.java:resetClient(110)) - omNode-2@group-523986131536->omNode-1-GrpcLogAppender: Leader has not got in touch with Follower omNode-2@group-523986131536->omNode-1(c-1,m0,n0, attendVote=false, lastRpcSendTime=0, lastRpcResponseTime=1533) yet, just keep nextIndex unchanged and retry.
2021-11-02 20:13:15,132 [grpc-default-executor-6] WARN  server.GrpcLogAppender (LogUtils.java:warn(122)) - omNode-2@group-523986131536->omNode-1-AppendLogResponseHandler: Failed appendEntries: org.apache.ratis.thirdparty.io.grpc.StatusRuntimeException: UNAVAILABLE: io exception
2021-11-02 20:13:15,132 [grpc-default-executor-6] WARN  server.GrpcLogAppender (GrpcLogAppender.java:resetClient(110)) - omNode-2@group-523986131536->omNode-1-GrpcLogAppender: Leader has not got in touch with Follower omNode-2@group-523986131536->omNode-1(c-1,m0,n0, attendVote=false, lastRpcSendTime=0, lastRpcResponseTime=1534) yet, just keep nextIndex unchanged and retry.
2021-11-02 20:13:15,132 [omNode-2@group-523986131536->omNode-1-GrpcLogAppender-LogAppenderDaemon] INFO  server.GrpcLogAppender (GrpcLogAppender.java:installSnapshot(550)) - omNode-2@group-523986131536->omNode-1-GrpcLogAppender: followerNextIndex = 0 but logStartIndex = 11, notify follower to install snapshot-(t:3, i:11)
2021-11-02 20:13:15,132 [omNode-2@group-523986131536->omNode-1-GrpcLogAppender-LogAppenderDaemon] INFO  server.GrpcLogAppender (GrpcLogAppender.java:installSnapshot(558)) - omNode-2@group-523986131536->omNode-1-GrpcLogAppender: send omNode-2->omNode-1#0-t8,notify:(t:3, i:11)
2021-11-02 20:13:15,132 [grpc-default-executor-6] WARN  server.GrpcLogAppender (LogUtils.java:warn(122)) - omNode-2@group-523986131536->omNode-1-InstallSnapshotResponseHandler: Failed InstallSnapshot: org.apache.ratis.thirdparty.io.grpc.StatusRuntimeException: UNAVAILABLE: io exception
2021-11-02 20:13:15,132 [grpc-default-executor-6] WARN  server.GrpcLogAppender (GrpcLogAppender.java:resetClient(110)) - omNode-2@group-523986131536->omNode-1-GrpcLogAppender: Leader has not got in touch with Follower omNode-2@group-523986131536->omNode-1(c-1,m0,n0, attendVote=false, lastRpcSendTime=0, lastRpcResponseTime=1534) yet, just keep nextIndex unchanged and retry.
2021-11-02 20:13:15,132 [grpc-default-executor-6] WARN  server.GrpcLogAppender (LogUtils.java:warn(122)) - omNode-2@group-523986131536->omNode-1-AppendLogResponseHandler: Failed appendEntries: org.apache.ratis.thirdparty.io.grpc.StatusRuntimeException: UNAVAILABLE: io exception
2021-11-02 20:13:15,132 [grpc-default-executor-6] WARN  server.GrpcLogAppender (GrpcLogAppender.java:resetClient(110)) - omNode-2@group-523986131536->omNode-1-GrpcLogAppender: Leader has not got in touch with Follower omNode-2@group-523986131536->omNode-1(c-1,m0,n0, attendVote=false, lastRpcSendTime=0, lastRpcResponseTime=1534) yet, just keep nextIndex unchanged and retry.
2021-11-02 20:13:15,133 [omNode-2@group-523986131536->omNode-1-GrpcLogAppender-LogAppenderDaemon] INFO  server.GrpcLogAppender (GrpcLogAppender.java:installSnapshot(550)) - omNode-2@group-523986131536->omNode-1-GrpcLogAppender: followerNextIndex = 0 but logStartIndex = 11, notify follower to install snapshot-(t:3, i:11)
2021-11-02 20:13:15,133 [omNode-2@group-523986131536->omNode-1-GrpcLogAppender-LogAppenderDaemon] INFO  server.GrpcLogAppender (GrpcLogAppender.java:installSnapshot(558)) - omNode-2@group-523986131536->omNode-1-GrpcLogAppender: send omNode-2->omNode-1#0-t8,notify:(t:3, i:11)
2021-11-02 20:13:15,133 [grpc-default-executor-6] WARN  server.GrpcLogAppender (LogUtils.java:warn(122)) - omNode-2@group-523986131536->omNode-1-InstallSnapshotResponseHandler: Failed InstallSnapshot: org.apache.ratis.thirdparty.io.grpc.StatusRuntimeException: UNAVAILABLE: io exception
2021-11-02 20:13:15,133 [grpc-default-executor-6] WARN  server.GrpcLogAppender (GrpcLogAppender.java:resetClient(110)) - omNode-2@group-523986131536->omNode-1-GrpcLogAppender: Leader has not got in touch with Follower omNode-2@group-523986131536->omNode-1(c-1,m0,n0, attendVote=false, lastRpcSendTime=0, lastRpcResponseTime=1535) yet, just keep nextIndex unchanged and retry.
2021-11-02 20:13:15,133 [omNode-2@group-523986131536->omNode-1-GrpcLogAppender-LogAppenderDaemon] INFO  server.GrpcLogAppender (GrpcLogAppender.java:installSnapshot(550)) - omNode-2@group-523986131536->omNode-1-GrpcLogAppender: followerNextIndex = 0 but logStartIndex = 11, notify follower to install snapshot-(t:3, i:11)
2021-11-02 20:13:15,133 [omNode-2@group-523986131536->omNode-1-GrpcLogAppender-LogAppenderDaemon] INFO  server.GrpcLogAppender (GrpcLogAppender.java:installSnapshot(558)) - omNode-2@group-523986131536->omNode-1-GrpcLogAppender: send omNode-2->omNode-1#0-t8,notify:(t:3, i:11)
2021-11-02 20:13:15,138 [grpc-default-executor-13] WARN  server.GrpcLogAppender (LogUtils.java:warn(122)) - omNode-2@group-523986131536->omNode-1-AppendLogResponseHandler: Failed appendEntries: org.apache.ratis.thirdparty.io.grpc.StatusRuntimeException: UNAVAILABLE: io exception
2021-11-02 20:13:15,138 [grpc-default-executor-13] WARN  server.GrpcLogAppender (GrpcLogAppender.java:resetClient(110)) - omNode-2@group-523986131536->omNode-1-GrpcLogAppender: Leader has not got in touch with Follower omNode-2@group-523986131536->omNode-1(c-1,m0,n0, attendVote=false, lastRpcSendTime=5, lastRpcResponseTime=1540) yet, just keep nextIndex unchanged and retry.
2021-11-02 20:13:15,138 [grpc-default-executor-6] WARN  server.GrpcLogAppender (LogUtils.java:warn(122)) - omNode-2@group-523986131536->omNode-1-InstallSnapshotResponseHandler: Failed InstallSnapshot: org.apache.ratis.thirdparty.io.grpc.StatusRuntimeException: UNAVAILABLE: io exception
2021-11-02 20:13:15,138 [grpc-default-executor-6] WARN  server.GrpcLogAppender (GrpcLogAppender.java:resetClient(110)) - omNode-2@group-523986131536->omNode-1-GrpcLogAppender: Leader has not got in touch with Follower omNode-2@group-523986131536->omNode-1(c-1,m0,n0, attendVote=false, lastRpcSendTime=5, lastRpcResponseTime=1540) yet, just keep nextIndex unchanged and retry.
2021-11-02 20:13:15,139 [grpc-default-executor-6] WARN  server.GrpcLogAppender (LogUtils.java:warn(122)) - omNode-2@group-523986131536->omNode-1-AppendLogResponseHandler: Failed appendEntries: org.apache.ratis.thirdparty.io.grpc.StatusRuntimeException: UNAVAILABLE: io exception
2021-11-02 20:13:15,139 [grpc-default-executor-6] WARN  server.GrpcLogAppender (GrpcLogAppender.java:resetClient(110)) - omNode-2@group-523986131536->omNode-1-GrpcLogAppender: Leader has not got in touch with Follower omNode-2@group-523986131536->omNode-1(c-1,m0,n0, attendVote=false, lastRpcSendTime=5, lastRpcResponseTime=1540) yet, just keep nextIndex unchanged and retry.
2021-11-02 20:13:15,139 [omNode-2@group-523986131536->omNode-1-GrpcLogAppender-LogAppenderDaemon] INFO  server.GrpcLogAppender (GrpcLogAppender.java:installSnapshot(550)) - omNode-2@group-523986131536->omNode-1-GrpcLogAppender: followerNextIndex = 0 but logStartIndex = 11, notify follower to install snapshot-(t:3, i:11)
2021-11-02 20:13:15,139 [omNode-2@group-523986131536->omNode-1-GrpcLogAppender-LogAppenderDaemon] INFO  server.GrpcLogAppender (GrpcLogAppender.java:installSnapshot(558)) - omNode-2@group-523986131536->omNode-1-GrpcLogAppender: send omNode-2->omNode-1#0-t8,notify:(t:3, i:11)
2021-11-02 20:13:15,139 [grpc-default-executor-6] WARN  server.GrpcLogAppender (LogUtils.java:warn(122)) - omNode-2@group-523986131536->omNode-1-InstallSnapshotResponseHandler: Failed InstallSnapshot: org.apache.ratis.thirdparty.io.grpc.StatusRuntimeException: UNAVAILABLE: io exception
2021-11-02 20:13:15,139 [grpc-default-executor-6] WARN  server.GrpcLogAppender (GrpcLogAppender.java:resetClient(110)) - omNode-2@group-523986131536->omNode-1-GrpcLogAppender: Leader has not got in touch with Follower omNode-2@group-523986131536->omNode-1(c-1,m0,n0, attendVote=false, lastRpcSendTime=0, lastRpcResponseTime=1541) yet, just keep nextIndex unchanged and retry.
2021-11-02 20:13:15,139 [grpc-default-executor-6] WARN  server.GrpcLogAppender (LogUtils.java:warn(122)) - omNode-2@group-523986131536->omNode-1-AppendLogResponseHandler: Failed appendEntries: org.apache.ratis.thirdparty.io.grpc.StatusRuntimeException: UNAVAILABLE: io exception
2021-11-02 20:13:15,139 [grpc-default-executor-6] WARN  server.GrpcLogAppender (GrpcLogAppender.java:resetClient(110)) - omNode-2@group-523986131536->omNode-1-GrpcLogAppender: Leader has not got in touch with Follower omNode-2@group-523986131536->omNode-1(c-1,m0,n0, attendVote=false, lastRpcSendTime=0, lastRpcResponseTime=1541) yet, just keep nextIndex unchanged and retry.
2021-11-02 20:13:15,139 [omNode-2@group-523986131536->omNode-1-GrpcLogAppender-LogAppenderDaemon] INFO  server.GrpcLogAppender (GrpcLogAppender.java:installSnapshot(550)) - omNode-2@group-523986131536->omNode-1-GrpcLogAppender: followerNextIndex = 0 but logStartIndex = 11, notify follower to install snapshot-(t:3, i:11)
2021-11-02 20:13:15,139 [omNode-2@group-523986131536->omNode-1-GrpcLogAppender-LogAppenderDaemon] INFO  server.GrpcLogAppender (GrpcLogAppender.java:installSnapshot(558)) - omNode-2@group-523986131536->omNode-1-GrpcLogAppender: send omNode-2->omNode-1#0-t8,notify:(t:3, i:11)
2021-11-02 20:13:15,140 [grpc-default-executor-6] WARN  server.GrpcLogAppender (LogUtils.java:warn(122)) - omNode-2@group-523986131536->omNode-1-InstallSnapshotResponseHandler: Failed InstallSnapshot: org.apache.ratis.thirdparty.io.grpc.StatusRuntimeException: UNAVAILABLE: io exception
2021-11-02 20:13:15,140 [grpc-default-executor-6] WARN  server.GrpcLogAppender (GrpcLogAppender.java:resetClient(110)) - omNode-2@group-523986131536->omNode-1-GrpcLogAppender: Leader has not got in touch with Follower omNode-2@group-523986131536->omNode-1(c-1,m0,n0, attendVote=false, lastRpcSendTime=0, lastRpcResponseTime=1541) yet, just keep nextIndex unchanged and retry.
2021-11-02 20:13:15,140 [omNode-2@group-523986131536->omNode-1-GrpcLogAppender-LogAppenderDaemon] INFO  server.GrpcLogAppender (GrpcLogAppender.java:installSnapshot(550)) - omNode-2@group-523986131536->omNode-1-GrpcLogAppender: followerNextIndex = 0 but logStartIndex = 11, notify follower to install snapshot-(t:3, i:11)
2021-11-02 20:13:15,140 [omNode-2@group-523986131536->omNode-1-GrpcLogAppender-LogAppenderDaemon] INFO  server.GrpcLogAppender (GrpcLogAppender.java:installSnapshot(558)) - omNode-2@group-523986131536->omNode-1-GrpcLogAppender: send omNode-2->omNode-1#0-t8,notify:(t:3, i:11)
2021-11-02 20:13:15,141 [grpc-default-executor-13] WARN  server.GrpcLogAppender (LogUtils.java:warn(122)) - omNode-2@group-523986131536->omNode-1-AppendLogResponseHandler: Failed appendEntries: org.apache.ratis.thirdparty.io.grpc.StatusRuntimeException: UNAVAILABLE: io exception
2021-11-02 20:13:15,141 [grpc-default-executor-13] WARN  server.GrpcLogAppender (GrpcLogAppender.java:resetClient(110)) - omNode-2@group-523986131536->omNode-1-GrpcLogAppender: Leader has not got in touch with Follower omNode-2@group-523986131536->omNode-1(c-1,m0,n0, attendVote=false, lastRpcSendTime=0, lastRpcResponseTime=1543) yet, just keep nextIndex unchanged and retry.
2021-11-02 20:13:15,141 [grpc-default-executor-6] WARN  server.GrpcLogAppender (LogUtils.java:warn(122)) - omNode-2@group-523986131536->omNode-1-InstallSnapshotResponseHandler: Failed InstallSnapshot: org.apache.ratis.thirdparty.io.grpc.StatusRuntimeException: UNAVAILABLE: io exception
2021-11-02 20:13:15,141 [grpc-default-executor-6] WARN  server.GrpcLogAppender (GrpcLogAppender.java:resetClient(110)) - omNode-2@group-523986131536->omNode-1-GrpcLogAppender: Leader has not got in touch with Follower omNode-2@group-523986131536->omNode-1(c-1,m0,n0, attendVote=false, lastRpcSendTime=0, lastRpcResponseTime=1543) yet, just keep nextIndex unchanged and retry.
2021-11-02 20:13:15,141 [grpc-default-executor-6] WARN  server.GrpcLogAppender (LogUtils.java:warn(122)) - omNode-2@group-523986131536->omNode-1-AppendLogResponseHandler: Failed appendEntries: org.apache.ratis.thirdparty.io.grpc.StatusRuntimeException: UNAVAILABLE: io exception
2021-11-02 20:13:15,141 [grpc-default-executor-6] WARN  server.GrpcLogAppender (GrpcLogAppender.java:resetClient(110)) - omNode-2@group-523986131536->omNode-1-GrpcLogAppender: Leader has not got in touch with Follower omNode-2@group-523986131536->omNode-1(c-1,m0,n0, attendVote=false, lastRpcSendTime=0, lastRpcResponseTime=1543) yet, just keep nextIndex unchanged and retry.
2021-11-02 20:13:15,141 [omNode-2@group-523986131536->omNode-1-GrpcLogAppender-LogAppenderDaemon] INFO  server.GrpcLogAppender (GrpcLogAppender.java:installSnapshot(550)) - omNode-2@group-523986131536->omNode-1-GrpcLogAppender: followerNextIndex = 0 but logStartIndex = 11, notify follower to install snapshot-(t:3, i:11)
2021-11-02 20:13:15,141 [omNode-2@group-523986131536->omNode-1-GrpcLogAppender-LogAppenderDaemon] INFO  server.GrpcLogAppender (GrpcLogAppender.java:installSnapshot(558)) - omNode-2@group-523986131536->omNode-1-GrpcLogAppender: send omNode-2->omNode-1#0-t8,notify:(t:3, i:11)
2021-11-02 20:13:15,141 [grpc-default-executor-6] WARN  server.GrpcLogAppender (LogUtils.java:warn(122)) - omNode-2@group-523986131536->omNode-1-InstallSnapshotResponseHandler: Failed InstallSnapshot: org.apache.ratis.thirdparty.io.grpc.StatusRuntimeException: UNAVAILABLE: io exception
2021-11-02 20:13:15,142 [grpc-default-executor-6] WARN  server.GrpcLogAppender (GrpcLogAppender.java:resetClient(110)) - omNode-2@group-523986131536->omNode-1-GrpcLogAppender: Leader has not got in touch with Follower omNode-2@group-523986131536->omNode-1(c-1,m0,n0, attendVote=false, lastRpcSendTime=0, lastRpcResponseTime=1543) yet, just keep nextIndex unchanged and retry.
2021-11-02 20:13:15,142 [grpc-default-executor-6] WARN  server.GrpcLogAppender (LogUtils.java:warn(122)) - omNode-2@group-523986131536->omNode-1-AppendLogResponseHandler: Failed appendEntries: org.apache.ratis.thirdparty.io.grpc.StatusRuntimeException: UNAVAILABLE: io exception
2021-11-02 20:13:15,142 [grpc-default-executor-6] WARN  server.GrpcLogAppender (GrpcLogAppender.java:resetClient(110)) - omNode-2@group-523986131536->omNode-1-GrpcLogAppender: Leader has not got in touch with Follower omNode-2@group-523986131536->omNode-1(c-1,m0,n0, attendVote=false, lastRpcSendTime=0, lastRpcResponseTime=1543) yet, just keep nextIndex unchanged and retry.
2021-11-02 20:13:15,142 [omNode-2@group-523986131536->omNode-1-GrpcLogAppender-LogAppenderDaemon] INFO  server.GrpcLogAppender (GrpcLogAppender.java:installSnapshot(550)) - omNode-2@group-523986131536->omNode-1-GrpcLogAppender: followerNextIndex = 0 but logStartIndex = 11, notify follower to install snapshot-(t:3, i:11)
2021-11-02 20:13:15,142 [omNode-2@group-523986131536->omNode-1-GrpcLogAppender-LogAppenderDaemon] INFO  server.GrpcLogAppender (GrpcLogAppender.java:installSnapshot(558)) - omNode-2@group-523986131536->omNode-1-GrpcLogAppender: send omNode-2->omNode-1#0-t8,notify:(t:3, i:11)
2021-11-02 20:13:15,142 [grpc-default-executor-6] WARN  server.GrpcLogAppender (LogUtils.java:warn(122)) - omNode-2@group-523986131536->omNode-1-InstallSnapshotResponseHandler: Failed InstallSnapshot: org.apache.ratis.thirdparty.io.grpc.StatusRuntimeException: UNAVAILABLE: io exception
2021-11-02 20:13:15,142 [grpc-default-executor-6] WARN  server.GrpcLogAppender (GrpcLogAppender.java:resetClient(110)) - omNode-2@group-523986131536->omNode-1-GrpcLogAppender: Leader has not got in touch with Follower omNode-2@group-523986131536->omNode-1(c-1,m0,n0, attendVote=false, lastRpcSendTime=0, lastRpcResponseTime=1544) yet, just keep nextIndex unchanged and retry.
2021-11-02 20:13:15,142 [omNode-2@group-523986131536->omNode-1-GrpcLogAppender-LogAppenderDaemon] INFO  server.GrpcLogAppender (GrpcLogAppender.java:installSnapshot(550)) - omNode-2@group-523986131536->omNode-1-GrpcLogAppender: followerNextIndex = 0 but logStartIndex = 11, notify follower to install snapshot-(t:3, i:11)
2021-11-02 20:13:15,142 [omNode-2@group-523986131536->omNode-1-GrpcLogAppender-LogAppenderDaemon] INFO  server.GrpcLogAppender (GrpcLogAppender.java:installSnapshot(558)) - omNode-2@group-523986131536->omNode-1-GrpcLogAppender: send omNode-2->omNode-1#0-t8,notify:(t:3, i:11)
2021-11-02 20:13:15,143 [grpc-default-executor-13] WARN  server.GrpcLogAppender (LogUtils.java:warn(122)) - omNode-2@group-523986131536->omNode-1-AppendLogResponseHandler: Failed appendEntries: org.apache.ratis.thirdparty.io.grpc.StatusRuntimeException: UNAVAILABLE: io exception
2021-11-02 20:13:15,143 [grpc-default-executor-13] WARN  server.GrpcLogAppender (GrpcLogAppender.java:resetClient(110)) - omNode-2@group-523986131536->omNode-1-GrpcLogAppender: Leader has not got in touch with Follower omNode-2@group-523986131536->omNode-1(c-1,m0,n0, attendVote=false, lastRpcSendTime=0, lastRpcResponseTime=1545) yet, just keep nextIndex unchanged and retry.
2021-11-02 20:13:15,144 [grpc-default-executor-6] WARN  server.GrpcLogAppender (LogUtils.java:warn(122)) - omNode-2@group-523986131536->omNode-1-InstallSnapshotResponseHandler: Failed InstallSnapshot: org.apache.ratis.thirdparty.io.grpc.StatusRuntimeException: UNAVAILABLE: io exception
2021-11-02 20:13:15,144 [grpc-default-executor-6] WARN  server.GrpcLogAppender (GrpcLogAppender.java:resetClient(110)) - omNode-2@group-523986131536->omNode-1-GrpcLogAppender: Leader has not got in touch with Follower omNode-2@group-523986131536->omNode-1(c-1,m0,n0, attendVote=false, lastRpcSendTime=0, lastRpcResponseTime=1545) yet, just keep nextIndex unchanged and retry.
2021-11-02 20:13:15,144 [grpc-default-executor-6] WARN  server.GrpcLogAppender (LogUtils.java:warn(122)) - omNode-2@group-523986131536->omNode-1-AppendLogResponseHandler: Failed appendEntries: org.apache.ratis.thirdparty.io.grpc.StatusRuntimeException: UNAVAILABLE: io exception
2021-11-02 20:13:15,144 [grpc-default-executor-6] WARN  server.GrpcLogAppender (GrpcLogAppender.java:resetClient(110)) - omNode-2@group-523986131536->omNode-1-GrpcLogAppender: Leader has not got in touch with Follower omNode-2@group-523986131536->omNode-1(c-1,m0,n0, attendVote=false, lastRpcSendTime=0, lastRpcResponseTime=1545) yet, just keep nextIndex unchanged and retry.
2021-11-02 20:13:15,144 [omNode-2@group-523986131536->omNode-1-GrpcLogAppender-LogAppenderDaemon] INFO  server.GrpcLogAppender (GrpcLogAppender.java:installSnapshot(550)) - omNode-2@group-523986131536->omNode-1-GrpcLogAppender: followerNextIndex = 0 but logStartIndex = 11, notify follower to install snapshot-(t:3, i:11)
2021-11-02 20:13:15,144 [omNode-2@group-523986131536->omNode-1-GrpcLogAppender-LogAppenderDaemon] INFO  server.GrpcLogAppender (GrpcLogAppender.java:installSnapshot(558)) - omNode-2@group-523986131536->omNode-1-GrpcLogAppender: send omNode-2->omNode-1#0-t8,notify:(t:3, i:11)
2021-11-02 20:13:15,144 [Listener at localhost/10620] WARN  om.OzoneManager (OzoneManager.java:instantiatePrepareStateOnStartup(3541)) - Prepare marker file index 10 does not match DB prepare index 8. Writing DB index to prepare file and maintaining prepared state.
2021-11-02 20:13:15,144 [Listener at localhost/10620] INFO  om.OzoneManagerPrepareState (OzoneManagerPrepareState.java:writePrepareMarkerFile(262)) - Prepare marker file written with log index 8 to file /home/runner/work/ozone/ozone/hadoop-ozone/integration-test/target/test-dir/MiniOzoneClusterImpl-76263e8f-62ab-412a-8766-4a189fbce95f/omNode-1/current/prepareMarker
2021-11-02 20:13:15,145 [grpc-default-executor-6] WARN  server.GrpcLogAppender (LogUtils.java:warn(122)) - omNode-2@group-523986131536->omNode-1-InstallSnapshotResponseHandler: Failed InstallSnapshot: org.apache.ratis.thirdparty.io.grpc.StatusRuntimeException: UNAVAILABLE: io exception
2021-11-02 20:13:15,145 [grpc-default-executor-6] WARN  server.GrpcLogAppender (GrpcLogAppender.java:resetClient(110)) - omNode-2@group-523986131536->omNode-1-GrpcLogAppender: Leader has not got in touch with Follower omNode-2@group-523986131536->omNode-1(c-1,m0,n0, attendVote=false, lastRpcSendTime=0, lastRpcResponseTime=1546) yet, just keep nextIndex unchanged and retry.
2021-11-02 20:13:15,145 [omNode-2@group-523986131536->omNode-1-GrpcLogAppender-LogAppenderDaemon] INFO  server.GrpcLogAppender (GrpcLogAppender.java:installSnapshot(550)) - omNode-2@group-523986131536->omNode-1-GrpcLogAppender: followerNextIndex = 0 but logStartIndex = 11, notify follower to install snapshot-(t:3, i:11)
2021-11-02 20:13:15,145 [omNode-2@group-523986131536->omNode-1-GrpcLogAppender-LogAppenderDaemon] INFO  server.GrpcLogAppender (GrpcLogAppender.java:installSnapshot(558)) - omNode-2@group-523986131536->omNode-1-GrpcLogAppender: send omNode-2->omNode-1#0-t8,notify:(t:3, i:11)
2021-11-02 20:13:15,145 [grpc-default-executor-13] WARN  server.GrpcLogAppender (LogUtils.java:warn(122)) - omNode-2@group-523986131536->omNode-1-AppendLogResponseHandler: Failed appendEntries: org.apache.ratis.thirdparty.io.grpc.StatusRuntimeException: UNAVAILABLE: io exception
2021-11-02 20:13:15,145 [grpc-default-executor-13] WARN  server.GrpcLogAppender (GrpcLogAppender.java:resetClient(110)) - omNode-2@group-523986131536->omNode-1-GrpcLogAppender: Leader has not got in touch with Follower omNode-2@group-523986131536->omNode-1(c-1,m0,n0, attendVote=false, lastRpcSendTime=0, lastRpcResponseTime=1547) yet, just keep nextIndex unchanged and retry.
2021-11-02 20:13:15,146 [grpc-default-executor-6] WARN  server.GrpcLogAppender (LogUtils.java:warn(122)) - omNode-2@group-523986131536->omNode-1-InstallSnapshotResponseHandler: Failed InstallSnapshot: org.apache.ratis.thirdparty.io.grpc.StatusRuntimeException: UNAVAILABLE: io exception
2021-11-02 20:13:15,146 [grpc-default-executor-6] WARN  server.GrpcLogAppender (GrpcLogAppender.java:resetClient(110)) - omNode-2@group-523986131536->omNode-1-GrpcLogAppender: Leader has not got in touch with Follower omNode-2@group-523986131536->omNode-1(c-1,m0,n0, attendVote=false, lastRpcSendTime=0, lastRpcResponseTime=1547) yet, just keep nextIndex unchanged and retry.
2021-11-02 20:13:15,146 [grpc-default-executor-6] WARN  server.GrpcLogAppender (LogUtils.java:warn(122)) - omNode-2@group-523986131536->omNode-1-AppendLogResponseHandler: Failed appendEntries: org.apache.ratis.thirdparty.io.grpc.StatusRuntimeException: UNAVAILABLE: io exception
2021-11-02 20:13:15,146 [grpc-default-executor-6] WARN  server.GrpcLogAppender (GrpcLogAppender.java:resetClient(110)) - omNode-2@group-523986131536->omNode-1-GrpcLogAppender: Leader has not got in touch with Follower omNode-2@group-523986131536->omNode-1(c-1,m0,n0, attendVote=false, lastRpcSendTime=0, lastRpcResponseTime=1547) yet, just keep nextIndex unchanged and retry.
2021-11-02 20:13:15,146 [omNode-2@group-523986131536->omNode-1-GrpcLogAppender-LogAppenderDaemon] INFO  server.GrpcLogAppender (GrpcLogAppender.java:installSnapshot(550)) - omNode-2@group-523986131536->omNode-1-GrpcLogAppender: followerNextIndex = 0 but logStartIndex = 11, notify follower to install snapshot-(t:3, i:11)
2021-11-02 20:13:15,146 [omNode-2@group-523986131536->omNode-1-GrpcLogAppender-LogAppenderDaemon] INFO  server.GrpcLogAppender (GrpcLogAppender.java:installSnapshot(558)) - omNode-2@group-523986131536->omNode-1-GrpcLogAppender: send omNode-2->omNode-1#0-t8,notify:(t:3, i:11)
2021-11-02 20:13:15,146 [grpc-default-executor-6] WARN  server.GrpcLogAppender (LogUtils.java:warn(122)) - omNode-2@group-523986131536->omNode-1-InstallSnapshotResponseHandler: Failed InstallSnapshot: org.apache.ratis.thirdparty.io.grpc.StatusRuntimeException: UNAVAILABLE: io exception
2021-11-02 20:13:15,146 [grpc-default-executor-6] WARN  server.GrpcLogAppender (GrpcLogAppender.java:resetClient(110)) - omNode-2@group-523986131536->omNode-1-GrpcLogAppender: Leader has not got in touch with Follower omNode-2@group-523986131536->omNode-1(c-1,m0,n0, attendVote=false, lastRpcSendTime=0, lastRpcResponseTime=1548) yet, just keep nextIndex unchanged and retry.
2021-11-02 20:13:15,146 [grpc-default-executor-6] WARN  server.GrpcLogAppender (LogUtils.java:warn(122)) - omNode-2@group-523986131536->omNode-1-AppendLogResponseHandler: Failed appendEntries: org.apache.ratis.thirdparty.io.grpc.StatusRuntimeException: UNAVAILABLE: io exception
2021-11-02 20:13:15,146 [grpc-default-executor-6] WARN  server.GrpcLogAppender (GrpcLogAppender.java:resetClient(110)) - omNode-2@group-523986131536->omNode-1-GrpcLogAppender: Leader has not got in touch with Follower omNode-2@group-523986131536->omNode-1(c-1,m0,n0, attendVote=false, lastRpcSendTime=0, lastRpcResponseTime=1548) yet, just keep nextIndex unchanged and retry.
2021-11-02 20:13:15,146 [omNode-2@group-523986131536->omNode-1-GrpcLogAppender-LogAppenderDaemon] INFO  server.GrpcLogAppender (GrpcLogAppender.java:installSnapshot(550)) - omNode-2@group-523986131536->omNode-1-GrpcLogAppender: followerNextIndex = 0 but logStartIndex = 11, notify follower to install snapshot-(t:3, i:11)
2021-11-02 20:13:15,146 [omNode-2@group-523986131536->omNode-1-GrpcLogAppender-LogAppenderDaemon] INFO  server.GrpcLogAppender (GrpcLogAppender.java:installSnapshot(558)) - omNode-2@group-523986131536->omNode-1-GrpcLogAppender: send omNode-2->omNode-1#0-t8,notify:(t:3, i:11)
2021-11-02 20:13:15,146 [grpc-default-executor-6] WARN  server.GrpcLogAppender (LogUtils.java:warn(122)) - omNode-2@group-523986131536->omNode-1-InstallSnapshotResponseHandler: Failed InstallSnapshot: org.apache.ratis.thirdparty.io.grpc.StatusRuntimeException: UNAVAILABLE: io exception
2021-11-02 20:13:15,147 [grpc-default-executor-6] WARN  server.GrpcLogAppender (GrpcLogAppender.java:resetClient(110)) - omNode-2@group-523986131536->omNode-1-GrpcLogAppender: Leader has not got in touch with Follower omNode-2@group-523986131536->omNode-1(c-1,m0,n0, attendVote=false, lastRpcSendTime=0, lastRpcResponseTime=1548) yet, just keep nextIndex unchanged and retry.
2021-11-02 20:13:15,147 [grpc-default-executor-6] WARN  server.GrpcLogAppender (LogUtils.java:warn(122)) - omNode-2@group-523986131536->omNode-1-AppendLogResponseHandler: Failed appendEntries: org.apache.ratis.thirdparty.io.grpc.StatusRuntimeException: UNAVAILABLE: io exception
2021-11-02 20:13:15,147 [grpc-default-executor-6] WARN  server.GrpcLogAppender (GrpcLogAppender.java:resetClient(110)) - omNode-2@group-523986131536->omNode-1-GrpcLogAppender: Leader has not got in touch with Follower omNode-2@group-523986131536->omNode-1(c-1,m0,n0, attendVote=false, lastRpcSendTime=0, lastRpcResponseTime=1548) yet, just keep nextIndex unchanged and retry.
2021-11-02 20:13:15,147 [omNode-2@group-523986131536->omNode-1-GrpcLogAppender-LogAppenderDaemon] INFO  server.GrpcLogAppender (GrpcLogAppender.java:installSnapshot(550)) - omNode-2@group-523986131536->omNode-1-GrpcLogAppender: followerNextIndex = 0 but logStartIndex = 11, notify follower to install snapshot-(t:3, i:11)
2021-11-02 20:13:15,147 [omNode-2@group-523986131536->omNode-1-GrpcLogAppender-LogAppenderDaemon] INFO  server.GrpcLogAppender (GrpcLogAppender.java:installSnapshot(558)) - omNode-2@group-523986131536->omNode-1-GrpcLogAppender: send omNode-2->omNode-1#0-t8,notify:(t:3, i:11)
2021-11-02 20:13:15,147 [grpc-default-executor-6] WARN  server.GrpcLogAppender (LogUtils.java:warn(122)) - omNode-2@group-523986131536->omNode-1-InstallSnapshotResponseHandler: Failed InstallSnapshot: org.apache.ratis.thirdparty.io.grpc.StatusRuntimeException: UNAVAILABLE: io exception
2021-11-02 20:13:15,147 [grpc-default-executor-6] WARN  server.GrpcLogAppender (GrpcLogAppender.java:resetClient(110)) - omNode-2@group-523986131536->omNode-1-GrpcLogAppender: Leader has not got in touch with Follower omNode-2@group-523986131536->omNode-1(c-1,m0,n0, attendVote=false, lastRpcSendTime=0, lastRpcResponseTime=1549) yet, just keep nextIndex unchanged and retry.
2021-11-02 20:13:15,147 [omNode-2@group-523986131536->omNode-1-GrpcLogAppender-LogAppenderDaemon] INFO  server.GrpcLogAppender (GrpcLogAppender.java:installSnapshot(550)) - omNode-2@group-523986131536->omNode-1-GrpcLogAppender: followerNextIndex = 0 but logStartIndex = 11, notify follower to install snapshot-(t:3, i:11)
2021-11-02 20:13:15,148 [omNode-2@group-523986131536->omNode-1-GrpcLogAppender-LogAppenderDaemon] INFO  server.GrpcLogAppender (GrpcLogAppender.java:installSnapshot(558)) - omNode-2@group-523986131536->omNode-1-GrpcLogAppender: send omNode-2->omNode-1#0-t8,notify:(t:3, i:11)
2021-11-02 20:13:15,148 [grpc-default-executor-13] WARN  server.GrpcLogAppender (LogUtils.java:warn(122)) - omNode-2@group-523986131536->omNode-1-AppendLogResponseHandler: Failed appendEntries: org.apache.ratis.thirdparty.io.grpc.StatusRuntimeException: UNAVAILABLE: io exception
2021-11-02 20:13:15,148 [grpc-default-executor-13] WARN  server.GrpcLogAppender (GrpcLogAppender.java:resetClient(110)) - omNode-2@group-523986131536->omNode-1-GrpcLogAppender: Leader has not got in touch with Follower omNode-2@group-523986131536->omNode-1(c-1,m0,n0, attendVote=false, lastRpcSendTime=0, lastRpcResponseTime=1550) yet, just keep nextIndex unchanged and retry.
2021-11-02 20:13:15,149 [grpc-default-executor-6] WARN  server.GrpcLogAppender (LogUtils.java:warn(122)) - omNode-2@group-523986131536->omNode-1-InstallSnapshotResponseHandler: Failed InstallSnapshot: org.apache.ratis.thirdparty.io.grpc.StatusRuntimeException: UNAVAILABLE: io exception
2021-11-02 20:13:15,149 [grpc-default-executor-6] WARN  server.GrpcLogAppender (GrpcLogAppender.java:resetClient(110)) - omNode-2@group-523986131536->omNode-1-GrpcLogAppender: Leader has not got in touch with Follower omNode-2@group-523986131536->omNode-1(c-1,m0,n0, attendVote=false, lastRpcSendTime=0, lastRpcResponseTime=1550) yet, just keep nextIndex unchanged and retry.
2021-11-02 20:13:15,149 [grpc-default-executor-6] WARN  server.GrpcLogAppender (LogUtils.java:warn(122)) - omNode-2@group-523986131536->omNode-1-AppendLogResponseHandler: Failed appendEntries: org.apache.ratis.thirdparty.io.grpc.StatusRuntimeException: UNAVAILABLE: io exception
2021-11-02 20:13:15,149 [grpc-default-executor-6] WARN  server.GrpcLogAppender (GrpcLogAppender.java:resetClient(110)) - omNode-2@group-523986131536->omNode-1-GrpcLogAppender: Leader has not got in touch with Follower omNode-2@group-523986131536->omNode-1(c-1,m0,n0, attendVote=false, lastRpcSendTime=1, lastRpcResponseTime=1550) yet, just keep nextIndex unchanged and retry.
2021-11-02 20:13:15,149 [omNode-2@group-523986131536->omNode-1-GrpcLogAppender-LogAppenderDaemon] INFO  server.GrpcLogAppender (GrpcLogAppender.java:installSnapshot(550)) - omNode-2@group-523986131536->omNode-1-GrpcLogAppender: followerNextIndex = 0 but logStartIndex = 11, notify follower to install snapshot-(t:3, i:11)
2021-11-02 20:13:15,149 [omNode-2@group-523986131536->omNode-1-GrpcLogAppender-LogAppenderDaemon] INFO  server.GrpcLogAppender (GrpcLogAppender.java:installSnapshot(558)) - omNode-2@group-523986131536->omNode-1-GrpcLogAppender: send omNode-2->omNode-1#0-t8,notify:(t:3, i:11)
2021-11-02 20:13:15,149 [grpc-default-executor-6] WARN  server.GrpcLogAppender (LogUtils.java:warn(122)) - omNode-2@group-523986131536->omNode-1-InstallSnapshotResponseHandler: Failed InstallSnapshot: org.apache.ratis.thirdparty.io.grpc.StatusRuntimeException: UNAVAILABLE: io exception
2021-11-02 20:13:15,149 [grpc-default-executor-6] WARN  server.GrpcLogAppender (GrpcLogAppender.java:resetClient(110)) - omNode-2@group-523986131536->omNode-1-GrpcLogAppender: Leader has not got in touch with Follower omNode-2@group-523986131536->omNode-1(c-1,m0,n0, attendVote=false, lastRpcSendTime=0, lastRpcResponseTime=1551) yet, just keep nextIndex unchanged and retry.
2021-11-02 20:13:15,149 [grpc-default-executor-6] WARN  server.GrpcLogAppender (LogUtils.java:warn(122)) - omNode-2@group-523986131536->omNode-1-AppendLogResponseHandler: Failed appendEntries: org.apache.ratis.thirdparty.io.grpc.StatusRuntimeException: UNAVAILABLE: io exception
2021-11-02 20:13:15,149 [grpc-default-executor-6] WARN  server.GrpcLogAppender (GrpcLogAppender.java:resetClient(110)) - omNode-2@group-523986131536->omNode-1-GrpcLogAppender: Leader has not got in touch with Follower omNode-2@group-523986131536->omNode-1(c-1,m0,n0, attendVote=false, lastRpcSendTime=0, lastRpcResponseTime=1551) yet, just keep nextIndex unchanged and retry.
2021-11-02 20:13:15,149 [omNode-2@group-523986131536->omNode-1-GrpcLogAppender-LogAppenderDaemon] INFO  server.GrpcLogAppender (GrpcLogAppender.java:installSnapshot(550)) - omNode-2@group-523986131536->omNode-1-GrpcLogAppender: followerNextIndex = 0 but logStartIndex = 11, notify follower to install snapshot-(t:3, i:11)
2021-11-02 20:13:15,149 [omNode-2@group-523986131536->omNode-1-GrpcLogAppender-LogAppenderDaemon] INFO  server.GrpcLogAppender (GrpcLogAppender.java:installSnapshot(558)) - omNode-2@group-523986131536->omNode-1-GrpcLogAppender: send omNode-2->omNode-1#0-t8,notify:(t:3, i:11)
2021-11-02 20:13:15,150 [grpc-default-executor-6] WARN  server.GrpcLogAppender (LogUtils.java:warn(122)) - omNode-2@group-523986131536->omNode-1-InstallSnapshotResponseHandler: Failed InstallSnapshot: org.apache.ratis.thirdparty.io.grpc.StatusRuntimeException: UNAVAILABLE: io exception
2021-11-02 20:13:15,150 [grpc-default-executor-6] WARN  server.GrpcLogAppender (GrpcLogAppender.java:resetClient(110)) - omNode-2@group-523986131536->omNode-1-GrpcLogAppender: Leader has not got in touch with Follower omNode-2@group-523986131536->omNode-1(c-1,m0,n0, attendVote=false, lastRpcSendTime=0, lastRpcResponseTime=1551) yet, just keep nextIndex unchanged and retry.
2021-11-02 20:13:15,150 [omNode-2@group-523986131536->omNode-1-GrpcLogAppender-LogAppenderDaemon] INFO  server.GrpcLogAppender (GrpcLogAppender.java:installSnapshot(550)) - omNode-2@group-523986131536->omNode-1-GrpcLogAppender: followerNextIndex = 0 but logStartIndex = 11, notify follower to install snapshot-(t:3, i:11)
2021-11-02 20:13:15,150 [omNode-2@group-523986131536->omNode-1-GrpcLogAppender-LogAppenderDaemon] INFO  server.GrpcLogAppender (GrpcLogAppender.java:installSnapshot(558)) - omNode-2@group-523986131536->omNode-1-GrpcLogAppender: send omNode-2->omNode-1#0-t8,notify:(t:3, i:11)
2021-11-02 20:13:15,151 [grpc-default-executor-13] WARN  server.GrpcLogAppender (LogUtils.java:warn(122)) - omNode-2@group-523986131536->omNode-1-AppendLogResponseHandler: Failed appendEntries: org.apache.ratis.thirdparty.io.grpc.StatusRuntimeException: UNAVAILABLE: io exception
2021-11-02 20:13:15,151 [grpc-default-executor-13] WARN  server.GrpcLogAppender (GrpcLogAppender.java:resetClient(110)) - omNode-2@group-523986131536->omNode-1-GrpcLogAppender: Leader has not got in touch with Follower omNode-2@group-523986131536->omNode-1(c-1,m0,n0, attendVote=false, lastRpcSendTime=0, lastRpcResponseTime=1553) yet, just keep nextIndex unchanged and retry.
2021-11-02 20:13:15,151 [Listener at localhost/10620] WARN  impl.MetricRegistriesImpl (MetricRegistriesImpl.java:addReporterRegistration(111)) - New reporters are added after registries were created. Some metrics will be missing from the reporter. Please add reporter before adding any new registry.
2021-11-02 20:13:15,151 [Listener at localhost/10620] WARN  impl.MetricRegistriesImpl (MetricRegistriesImpl.java:addReporterRegistration(111)) - New reporters are added after registries were created. Some metrics will be missing from the reporter. Please add reporter before adding any new registry.
2021-11-02 20:13:15,151 [grpc-default-executor-6] WARN  server.GrpcLogAppender (LogUtils.java:warn(122)) - omNode-2@group-523986131536->omNode-1-InstallSnapshotResponseHandler: Failed InstallSnapshot: org.apache.ratis.thirdparty.io.grpc.StatusRuntimeException: UNAVAILABLE: io exception
2021-11-02 20:13:15,151 [grpc-default-executor-6] WARN  server.GrpcLogAppender (GrpcLogAppender.java:resetClient(110)) - omNode-2@group-523986131536->omNode-1-GrpcLogAppender: Leader has not got in touch with Follower omNode-2@group-523986131536->omNode-1(c-1,m0,n0, attendVote=false, lastRpcSendTime=0, lastRpcResponseTime=1553) yet, just keep nextIndex unchanged and retry.
2021-11-02 20:13:15,151 [Listener at localhost/10620] WARN  server.ServerUtils (ServerUtils.java:getDefaultRatisDirectory(237)) - Storage directory for Ratis is not configured. It is a good idea to map this to an SSD disk. Falling back to ozone.metadata.dirs
2021-11-02 20:13:15,152 [omNode-2@group-523986131536->omNode-1-GrpcLogAppender-LogAppenderDaemon] INFO  server.GrpcLogAppender (GrpcLogAppender.java:installSnapshot(550)) - omNode-2@group-523986131536->omNode-1-GrpcLogAppender: followerNextIndex = 0 but logStartIndex = 11, notify follower to install snapshot-(t:3, i:11)
2021-11-02 20:13:15,152 [omNode-2@group-523986131536->omNode-1-GrpcLogAppender-LogAppenderDaemon] INFO  server.GrpcLogAppender (GrpcLogAppender.java:installSnapshot(558)) - omNode-2@group-523986131536->omNode-1-GrpcLogAppender: send omNode-2->omNode-1#0-t8,notify:(t:3, i:11)
2021-11-02 20:13:15,152 [Listener at localhost/10620] INFO  ratis.OzoneManagerRatisServer (OzoneManagerRatisServer.java:<init>(159)) - Instantiating OM Ratis server with groupID: om-service-test1 and peers: localhost:10612, localhost:10624, localhost:10618
2021-11-02 20:13:15,153 [Listener at localhost/10620] INFO  ratis.OzoneManagerStateMachine (OzoneManagerStateMachine.java:loadSnapshotInfoFromDB(605)) - LastAppliedIndex is set from TransactionInfo from OM DB as (t:2, i:10)
2021-11-02 20:13:15,153 [grpc-default-executor-13] WARN  server.GrpcLogAppender (LogUtils.java:warn(122)) - omNode-2@group-523986131536->omNode-1-AppendLogResponseHandler: Failed appendEntries: org.apache.ratis.thirdparty.io.grpc.StatusRuntimeException: UNAVAILABLE: io exception
2021-11-02 20:13:15,154 [grpc-default-executor-13] WARN  server.GrpcLogAppender (GrpcLogAppender.java:resetClient(110)) - omNode-2@group-523986131536->omNode-1-GrpcLogAppender: Leader has not got in touch with Follower omNode-2@group-523986131536->omNode-1(c-1,m0,n0, attendVote=false, lastRpcSendTime=1, lastRpcResponseTime=1555) yet, just keep nextIndex unchanged and retry.
2021-11-02 20:13:15,154 [grpc-default-executor-6] WARN  server.GrpcLogAppender (LogUtils.java:warn(122)) - omNode-2@group-523986131536->omNode-1-InstallSnapshotResponseHandler: Failed InstallSnapshot: org.apache.ratis.thirdparty.io.grpc.StatusRuntimeException: UNAVAILABLE: io exception
2021-11-02 20:13:15,154 [grpc-default-executor-6] WARN  server.GrpcLogAppender (GrpcLogAppender.java:resetClient(110)) - omNode-2@group-523986131536->omNode-1-GrpcLogAppender: Leader has not got in touch with Follower omNode-2@group-523986131536->omNode-1(c-1,m0,n0, attendVote=false, lastRpcSendTime=1, lastRpcResponseTime=1555) yet, just keep nextIndex unchanged and retry.
2021-11-02 20:13:15,154 [grpc-default-executor-6] WARN  server.GrpcLogAppender (LogUtils.java:warn(122)) - omNode-2@group-523986131536->omNode-1-AppendLogResponseHandler: Failed appendEntries: org.apache.ratis.thirdparty.io.grpc.StatusRuntimeException: UNAVAILABLE: io exception
2021-11-02 20:13:15,154 [grpc-default-executor-6] WARN  server.GrpcLogAppender (GrpcLogAppender.java:resetClient(110)) - omNode-2@group-523986131536->omNode-1-GrpcLogAppender: Leader has not got in touch with Follower omNode-2@group-523986131536->omNode-1(c-1,m0,n0, attendVote=false, lastRpcSendTime=1, lastRpcResponseTime=1556) yet, just keep nextIndex unchanged and retry.
2021-11-02 20:13:15,154 [omNode-2@group-523986131536->omNode-1-GrpcLogAppender-LogAppenderDaemon] INFO  server.GrpcLogAppender (GrpcLogAppender.java:installSnapshot(550)) - omNode-2@group-523986131536->omNode-1-GrpcLogAppender: followerNextIndex = 0 but logStartIndex = 11, notify follower to install snapshot-(t:3, i:11)
2021-11-02 20:13:15,154 [omNode-2@group-523986131536->omNode-1-GrpcLogAppender-LogAppenderDaemon] INFO  server.GrpcLogAppender (GrpcLogAppender.java:installSnapshot(558)) - omNode-2@group-523986131536->omNode-1-GrpcLogAppender: send omNode-2->omNode-1#0-t8,notify:(t:3, i:11)
2021-11-02 20:13:15,154 [grpc-default-executor-6] WARN  server.GrpcLogAppender (LogUtils.java:warn(122)) - omNode-2@group-523986131536->omNode-1-InstallSnapshotResponseHandler: Failed InstallSnapshot: org.apache.ratis.thirdparty.io.grpc.StatusRuntimeException: UNAVAILABLE: io exception
2021-11-02 20:13:15,154 [grpc-default-executor-6] WARN  server.GrpcLogAppender (GrpcLogAppender.java:resetClient(110)) - omNode-2@group-523986131536->omNode-1-GrpcLogAppender: Leader has not got in touch with Follower omNode-2@group-523986131536->omNode-1(c-1,m0,n0, attendVote=false, lastRpcSendTime=0, lastRpcResponseTime=1556) yet, just keep nextIndex unchanged and retry.
2021-11-02 20:13:15,154 [grpc-default-executor-6] WARN  server.GrpcLogAppender (LogUtils.java:warn(122)) - omNode-2@group-523986131536->omNode-1-AppendLogResponseHandler: Failed appendEntries: org.apache.ratis.thirdparty.io.grpc.StatusRuntimeException: UNAVAILABLE: io exception
2021-11-02 20:13:15,154 [grpc-default-executor-6] WARN  server.GrpcLogAppender (GrpcLogAppender.java:resetClient(110)) - omNode-2@group-523986131536->omNode-1-GrpcLogAppender: Leader has not got in touch with Follower omNode-2@group-523986131536->omNode-1(c-1,m0,n0, attendVote=false, lastRpcSendTime=0, lastRpcResponseTime=1556) yet, just keep nextIndex unchanged and retry.
2021-11-02 20:13:15,155 [omNode-2@group-523986131536->omNode-1-GrpcLogAppender-LogAppenderDaemon] INFO  server.GrpcLogAppender (GrpcLogAppender.java:installSnapshot(550)) - omNode-2@group-523986131536->omNode-1-GrpcLogAppender: followerNextIndex = 0 but logStartIndex = 11, notify follower to install snapshot-(t:3, i:11)
2021-11-02 20:13:15,155 [omNode-2@group-523986131536->omNode-1-GrpcLogAppender-LogAppenderDaemon] INFO  server.GrpcLogAppender (GrpcLogAppender.java:installSnapshot(558)) - omNode-2@group-523986131536->omNode-1-GrpcLogAppender: send omNode-2->omNode-1#0-t8,notify:(t:3, i:11)
2021-11-02 20:13:15,155 [grpc-default-executor-6] WARN  server.GrpcLogAppender (LogUtils.java:warn(122)) - omNode-2@group-523986131536->omNode-1-InstallSnapshotResponseHandler: Failed InstallSnapshot: org.apache.ratis.thirdparty.io.grpc.StatusRuntimeException: UNAVAILABLE: io exception
2021-11-02 20:13:15,155 [grpc-default-executor-6] WARN  server.GrpcLogAppender (GrpcLogAppender.java:resetClient(110)) - omNode-2@group-523986131536->omNode-1-GrpcLogAppender: Leader has not got in touch with Follower omNode-2@group-523986131536->omNode-1(c-1,m0,n0, attendVote=false, lastRpcSendTime=0, lastRpcResponseTime=1556) yet, just keep nextIndex unchanged and retry.
2021-11-02 20:13:15,155 [grpc-default-executor-6] WARN  server.GrpcLogAppender (LogUtils.java:warn(122)) - omNode-2@group-523986131536->omNode-1-AppendLogResponseHandler: Failed appendEntries: org.apache.ratis.thirdparty.io.grpc.StatusRuntimeException: UNAVAILABLE: io exception
2021-11-02 20:13:15,155 [grpc-default-executor-6] WARN  server.GrpcLogAppender (GrpcLogAppender.java:resetClient(110)) - omNode-2@group-523986131536->omNode-1-GrpcLogAppender: Leader has not got in touch with Follower omNode-2@group-523986131536->omNode-1(c-1,m0,n0, attendVote=false, lastRpcSendTime=0, lastRpcResponseTime=1557) yet, just keep nextIndex unchanged and retry.
2021-11-02 20:13:15,155 [omNode-2@group-523986131536->omNode-1-GrpcLogAppender-LogAppenderDaemon] INFO  server.GrpcLogAppender (GrpcLogAppender.java:installSnapshot(550)) - omNode-2@group-523986131536->omNode-1-GrpcLogAppender: followerNextIndex = 0 but logStartIndex = 11, notify follower to install snapshot-(t:3, i:11)
2021-11-02 20:13:15,155 [omNode-2@group-523986131536->omNode-1-GrpcLogAppender-LogAppenderDaemon] INFO  server.GrpcLogAppender (GrpcLogAppender.java:installSnapshot(558)) - omNode-2@group-523986131536->omNode-1-GrpcLogAppender: send omNode-2->omNode-1#0-t8,notify:(t:3, i:11)
2021-11-02 20:13:15,155 [grpc-default-executor-6] WARN  server.GrpcLogAppender (LogUtils.java:warn(122)) - omNode-2@group-523986131536->omNode-1-InstallSnapshotResponseHandler: Failed InstallSnapshot: org.apache.ratis.thirdparty.io.grpc.StatusRuntimeException: UNAVAILABLE: io exception
2021-11-02 20:13:15,155 [grpc-default-executor-6] WARN  server.GrpcLogAppender (GrpcLogAppender.java:resetClient(110)) - omNode-2@group-523986131536->omNode-1-GrpcLogAppender: Leader has not got in touch with Follower omNode-2@group-523986131536->omNode-1(c-1,m0,n0, attendVote=false, lastRpcSendTime=0, lastRpcResponseTime=1557) yet, just keep nextIndex unchanged and retry.
2021-11-02 20:13:15,155 [grpc-default-executor-6] WARN  server.GrpcLogAppender (LogUtils.java:warn(122)) - omNode-2@group-523986131536->omNode-1-AppendLogResponseHandler: Failed appendEntries: org.apache.ratis.thirdparty.io.grpc.StatusRuntimeException: UNAVAILABLE: io exception
2021-11-02 20:13:15,155 [grpc-default-executor-6] WARN  server.GrpcLogAppender (GrpcLogAppender.java:resetClient(110)) - omNode-2@group-523986131536->omNode-1-GrpcLogAppender: Leader has not got in touch with Follower omNode-2@group-523986131536->omNode-1(c-1,m0,n0, attendVote=false, lastRpcSendTime=0, lastRpcResponseTime=1557) yet, just keep nextIndex unchanged and retry.
2021-11-02 20:13:15,155 [omNode-2@group-523986131536->omNode-1-GrpcLogAppender-LogAppenderDaemon] INFO  server.GrpcLogAppender (GrpcLogAppender.java:installSnapshot(550)) - omNode-2@group-523986131536->omNode-1-GrpcLogAppender: followerNextIndex = 0 but logStartIndex = 11, notify follower to install snapshot-(t:3, i:11)
2021-11-02 20:13:15,156 [omNode-2@group-523986131536->omNode-1-GrpcLogAppender-LogAppenderDaemon] INFO  server.GrpcLogAppender (GrpcLogAppender.java:installSnapshot(558)) - omNode-2@group-523986131536->omNode-1-GrpcLogAppender: send omNode-2->omNode-1#0-t8,notify:(t:3, i:11)
2021-11-02 20:13:15,156 [grpc-default-executor-6] WARN  server.GrpcLogAppender (LogUtils.java:warn(122)) - omNode-2@group-523986131536->omNode-1-InstallSnapshotResponseHandler: Failed InstallSnapshot: org.apache.ratis.thirdparty.io.grpc.StatusRuntimeException: UNAVAILABLE: io exception
2021-11-02 20:13:15,156 [grpc-default-executor-6] WARN  server.GrpcLogAppender (GrpcLogAppender.java:resetClient(110)) - omNode-2@group-523986131536->omNode-1-GrpcLogAppender: Leader has not got in touch with Follower omNode-2@group-523986131536->omNode-1(c-1,m0,n0, attendVote=false, lastRpcSendTime=0, lastRpcResponseTime=1558) yet, just keep nextIndex unchanged and retry.
2021-11-02 20:13:15,156 [omNode-2@group-523986131536->omNode-1-GrpcLogAppender-LogAppenderDaemon] INFO  server.GrpcLogAppender (GrpcLogAppender.java:installSnapshot(550)) - omNode-2@group-523986131536->omNode-1-GrpcLogAppender: followerNextIndex = 0 but logStartIndex = 11, notify follower to install snapshot-(t:3, i:11)
2021-11-02 20:13:15,156 [omNode-2@group-523986131536->omNode-1-GrpcLogAppender-LogAppenderDaemon] INFO  server.GrpcLogAppender (GrpcLogAppender.java:installSnapshot(558)) - omNode-2@group-523986131536->omNode-1-GrpcLogAppender: send omNode-2->omNode-1#0-t8,notify:(t:3, i:11)
2021-11-02 20:13:15,157 [Listener at localhost/10620] INFO  server.RaftServer (ConfUtils.java:logGet(44)) - raft.rpc.type = GRPC (default)
2021-11-02 20:13:15,157 [Listener at localhost/10620] INFO  grpc.GrpcFactory (GrpcFactory.java:checkPooledByteBufAllocatorUseCacheForAllThreads(48)) - PERFORMANCE WARNING: useCacheForAllThreads is true that may cause Netty to create a lot garbage objects and, as a result, trigger GC.
	It is recommended to disable useCacheForAllThreads by setting -Dorg.apache.ratis.thirdparty.io.netty.allocator.useCacheForAllThreads=false in command line.
2021-11-02 20:13:15,157 [Listener at localhost/10620] INFO  grpc.GrpcConfigKeys (ConfUtils.java:logGet(44)) - raft.grpc.admin.port = -1 (default)
2021-11-02 20:13:15,157 [Listener at localhost/10620] INFO  grpc.GrpcConfigKeys (ConfUtils.java:logGet(44)) - raft.grpc.server.port = 10612 (custom)
2021-11-02 20:13:15,157 [Listener at localhost/10620] INFO  grpc.GrpcConfigKeys (ConfUtils.java:logGet(44)) - raft.grpc.client.port = -1 (default)
2021-11-02 20:13:15,158 [Listener at localhost/10620] INFO  grpc.GrpcConfigKeys (ConfUtils.java:logGet(44)) - raft.grpc.server.port = 10612 (custom)
2021-11-02 20:13:15,158 [Listener at localhost/10620] INFO  grpc.GrpcConfigKeys (ConfUtils.java:logGet(44)) - raft.grpc.server.port = 10612 (custom)
2021-11-02 20:13:15,158 [Listener at localhost/10620] INFO  server.GrpcService (ConfUtils.java:logGet(44)) - raft.grpc.message.size.max = 33554432 (custom)
2021-11-02 20:13:15,158 [Listener at localhost/10620] INFO  server.RaftServerConfigKeys (ConfUtils.java:logGet(44)) - raft.server.log.appender.buffer.byte-limit = 33554432 (custom)
2021-11-02 20:13:15,158 [Listener at localhost/10620] INFO  server.GrpcService (ConfUtils.java:logGet(44)) - raft.grpc.flow.control.window = 1MB (=1048576) (default)
2021-11-02 20:13:15,158 [Listener at localhost/10620] INFO  server.RaftServerConfigKeys (ConfUtils.java:logGet(44)) - raft.server.rpc.request.timeout = 3000ms (default)
2021-11-02 20:13:15,159 [Listener at localhost/10620] INFO  impl.DataStreamServerImpl (ConfUtils.java:logGet(44)) - raft.datastream.type = DISABLED (default)
2021-11-02 20:13:15,159 [Listener at localhost/10620] INFO  server.RaftServerConfigKeys (ConfUtils.java:logGet(44)) - raft.server.rpc.slowness.timeout = 2s (custom)
2021-11-02 20:13:15,159 [Listener at localhost/10620] INFO  server.RaftServerConfigKeys (ConfUtils.java:logGet(44)) - raft.server.leaderelection.leader.step-down.wait-time = 10s (default)
2021-11-02 20:13:15,159 [Listener at localhost/10620] INFO  server.RaftServerConfigKeys (ConfUtils.java:logGet(44)) - raft.server.storage.dir = [/home/runner/work/ozone/ozone/hadoop-ozone/integration-test/target/test-dir/MiniOzoneClusterImpl-76263e8f-62ab-412a-8766-4a189fbce95f/omNode-1/ratis] (custom)
2021-11-02 20:13:15,160 [Listener at localhost/10620] INFO  server.RaftServer (RaftServerProxy.java:lambda$null$1(235)) - omNode-1: found a subdirectory /home/runner/work/ozone/ozone/hadoop-ozone/integration-test/target/test-dir/MiniOzoneClusterImpl-76263e8f-62ab-412a-8766-4a189fbce95f/omNode-1/ratis/c9bc4cf4-3bc3-3c60-a66b-523986131536
2021-11-02 20:13:15,160 [grpc-default-executor-13] WARN  server.GrpcLogAppender (LogUtils.java:warn(122)) - omNode-2@group-523986131536->omNode-1-AppendLogResponseHandler: Failed appendEntries: org.apache.ratis.thirdparty.io.grpc.StatusRuntimeException: UNAVAILABLE: io exception
2021-11-02 20:13:15,160 [grpc-default-executor-13] WARN  server.GrpcLogAppender (GrpcLogAppender.java:resetClient(110)) - omNode-2@group-523986131536->omNode-1-GrpcLogAppender: Leader has not got in touch with Follower omNode-2@group-523986131536->omNode-1(c-1,m0,n0, attendVote=false, lastRpcSendTime=0, lastRpcResponseTime=1562) yet, just keep nextIndex unchanged and retry.
2021-11-02 20:13:15,160 [grpc-default-executor-6] WARN  server.GrpcLogAppender (LogUtils.java:warn(122)) - omNode-2@group-523986131536->omNode-1-InstallSnapshotResponseHandler: Failed InstallSnapshot: org.apache.ratis.thirdparty.io.grpc.StatusRuntimeException: UNAVAILABLE: io exception
2021-11-02 20:13:15,160 [grpc-default-executor-6] WARN  server.GrpcLogAppender (GrpcLogAppender.java:resetClient(110)) - omNode-2@group-523986131536->omNode-1-GrpcLogAppender: Leader has not got in touch with Follower omNode-2@group-523986131536->omNode-1(c-1,m0,n0, attendVote=false, lastRpcSendTime=0, lastRpcResponseTime=1562) yet, just keep nextIndex unchanged and retry.
2021-11-02 20:13:15,160 [grpc-default-executor-6] WARN  server.GrpcLogAppender (LogUtils.java:warn(122)) - omNode-2@group-523986131536->omNode-1-AppendLogResponseHandler: Failed appendEntries: org.apache.ratis.thirdparty.io.grpc.StatusRuntimeException: UNAVAILABLE: io exception
2021-11-02 20:13:15,160 [grpc-default-executor-6] WARN  server.GrpcLogAppender (GrpcLogAppender.java:resetClient(110)) - omNode-2@group-523986131536->omNode-1-GrpcLogAppender: Leader has not got in touch with Follower omNode-2@group-523986131536->omNode-1(c-1,m0,n0, attendVote=false, lastRpcSendTime=0, lastRpcResponseTime=1562) yet, just keep nextIndex unchanged and retry.
2021-11-02 20:13:15,160 [omNode-2@group-523986131536->omNode-1-GrpcLogAppender-LogAppenderDaemon] INFO  server.GrpcLogAppender (GrpcLogAppender.java:installSnapshot(550)) - omNode-2@group-523986131536->omNode-1-GrpcLogAppender: followerNextIndex = 0 but logStartIndex = 11, notify follower to install snapshot-(t:3, i:11)
2021-11-02 20:13:15,161 [omNode-2@group-523986131536->omNode-1-GrpcLogAppender-LogAppenderDaemon] INFO  server.GrpcLogAppender (GrpcLogAppender.java:installSnapshot(558)) - omNode-2@group-523986131536->omNode-1-GrpcLogAppender: send omNode-2->omNode-1#0-t8,notify:(t:3, i:11)
2021-11-02 20:13:15,161 [grpc-default-executor-6] WARN  server.GrpcLogAppender (LogUtils.java:warn(122)) - omNode-2@group-523986131536->omNode-1-InstallSnapshotResponseHandler: Failed InstallSnapshot: org.apache.ratis.thirdparty.io.grpc.StatusRuntimeException: UNAVAILABLE: io exception
2021-11-02 20:13:15,161 [grpc-default-executor-6] WARN  server.GrpcLogAppender (GrpcLogAppender.java:resetClient(110)) - omNode-2@group-523986131536->omNode-1-GrpcLogAppender: Leader has not got in touch with Follower omNode-2@group-523986131536->omNode-1(c-1,m0,n0, attendVote=false, lastRpcSendTime=0, lastRpcResponseTime=1562) yet, just keep nextIndex unchanged and retry.
2021-11-02 20:13:15,161 [grpc-default-executor-6] WARN  server.GrpcLogAppender (LogUtils.java:warn(122)) - omNode-2@group-523986131536->omNode-1-AppendLogResponseHandler: Failed appendEntries: org.apache.ratis.thirdparty.io.grpc.StatusRuntimeException: UNAVAILABLE: io exception
2021-11-02 20:13:15,161 [grpc-default-executor-6] WARN  server.GrpcLogAppender (GrpcLogAppender.java:resetClient(110)) - omNode-2@group-523986131536->omNode-1-GrpcLogAppender: Leader has not got in touch with Follower omNode-2@group-523986131536->omNode-1(c-1,m0,n0, attendVote=false, lastRpcSendTime=0, lastRpcResponseTime=1562) yet, just keep nextIndex unchanged and retry.
2021-11-02 20:13:15,161 [omNode-2@group-523986131536->omNode-1-GrpcLogAppender-LogAppenderDaemon] INFO  server.GrpcLogAppender (GrpcLogAppender.java:installSnapshot(550)) - omNode-2@group-523986131536->omNode-1-GrpcLogAppender: followerNextIndex = 0 but logStartIndex = 11, notify follower to install snapshot-(t:3, i:11)
2021-11-02 20:13:15,161 [omNode-2@group-523986131536->omNode-1-GrpcLogAppender-LogAppenderDaemon] INFO  server.GrpcLogAppender (GrpcLogAppender.java:installSnapshot(558)) - omNode-2@group-523986131536->omNode-1-GrpcLogAppender: send omNode-2->omNode-1#0-t8,notify:(t:3, i:11)
2021-11-02 20:13:15,161 [grpc-default-executor-6] WARN  server.GrpcLogAppender (LogUtils.java:warn(122)) - omNode-2@group-523986131536->omNode-1-InstallSnapshotResponseHandler: Failed InstallSnapshot: org.apache.ratis.thirdparty.io.grpc.StatusRuntimeException: UNAVAILABLE: io exception
2021-11-02 20:13:15,161 [grpc-default-executor-6] WARN  server.GrpcLogAppender (GrpcLogAppender.java:resetClient(110)) - omNode-2@group-523986131536->omNode-1-GrpcLogAppender: Leader has not got in touch with Follower omNode-2@group-523986131536->omNode-1(c-1,m0,n0, attendVote=false, lastRpcSendTime=0, lastRpcResponseTime=1563) yet, just keep nextIndex unchanged and retry.
2021-11-02 20:13:15,162 [omNode-2@group-523986131536->omNode-1-GrpcLogAppender-LogAppenderDaemon] INFO  server.GrpcLogAppender (GrpcLogAppender.java:installSnapshot(550)) - omNode-2@group-523986131536->omNode-1-GrpcLogAppender: followerNextIndex = 0 but logStartIndex = 11, notify follower to install snapshot-(t:3, i:11)
2021-11-02 20:13:15,162 [omNode-2@group-523986131536->omNode-1-GrpcLogAppender-LogAppenderDaemon] INFO  server.GrpcLogAppender (GrpcLogAppender.java:installSnapshot(558)) - omNode-2@group-523986131536->omNode-1-GrpcLogAppender: send omNode-2->omNode-1#0-t8,notify:(t:3, i:11)
2021-11-02 20:13:15,162 [grpc-default-executor-13] WARN  server.GrpcLogAppender (LogUtils.java:warn(122)) - omNode-2@group-523986131536->omNode-1-AppendLogResponseHandler: Failed appendEntries: org.apache.ratis.thirdparty.io.grpc.StatusRuntimeException: UNAVAILABLE: io exception
2021-11-02 20:13:15,163 [grpc-default-executor-13] WARN  server.GrpcLogAppender (GrpcLogAppender.java:resetClient(110)) - omNode-2@group-523986131536->omNode-1-GrpcLogAppender: Leader has not got in touch with Follower omNode-2@group-523986131536->omNode-1(c-1,m0,n0, attendVote=false, lastRpcSendTime=0, lastRpcResponseTime=1564) yet, just keep nextIndex unchanged and retry.
2021-11-02 20:13:15,163 [grpc-default-executor-6] WARN  server.GrpcLogAppender (LogUtils.java:warn(122)) - omNode-2@group-523986131536->omNode-1-InstallSnapshotResponseHandler: Failed InstallSnapshot: org.apache.ratis.thirdparty.io.grpc.StatusRuntimeException: UNAVAILABLE: io exception
2021-11-02 20:13:15,163 [grpc-default-executor-6] WARN  server.GrpcLogAppender (GrpcLogAppender.java:resetClient(110)) - omNode-2@group-523986131536->omNode-1-GrpcLogAppender: Leader has not got in touch with Follower omNode-2@group-523986131536->omNode-1(c-1,m0,n0, attendVote=false, lastRpcSendTime=0, lastRpcResponseTime=1564) yet, just keep nextIndex unchanged and retry.
2021-11-02 20:13:15,163 [grpc-default-executor-6] WARN  server.GrpcLogAppender (LogUtils.java:warn(122)) - omNode-2@group-523986131536->omNode-1-AppendLogResponseHandler: Failed appendEntries: org.apache.ratis.thirdparty.io.grpc.StatusRuntimeException: UNAVAILABLE: io exception
2021-11-02 20:13:15,163 [grpc-default-executor-6] WARN  server.GrpcLogAppender (GrpcLogAppender.java:resetClient(110)) - omNode-2@group-523986131536->omNode-1-GrpcLogAppender: Leader has not got in touch with Follower omNode-2@group-523986131536->omNode-1(c-1,m0,n0, attendVote=false, lastRpcSendTime=0, lastRpcResponseTime=1565) yet, just keep nextIndex unchanged and retry.
2021-11-02 20:13:15,163 [omNode-2@group-523986131536->omNode-1-GrpcLogAppender-LogAppenderDaemon] INFO  server.GrpcLogAppender (GrpcLogAppender.java:installSnapshot(550)) - omNode-2@group-523986131536->omNode-1-GrpcLogAppender: followerNextIndex = 0 but logStartIndex = 11, notify follower to install snapshot-(t:3, i:11)
2021-11-02 20:13:15,163 [omNode-2@group-523986131536->omNode-1-GrpcLogAppender-LogAppenderDaemon] INFO  server.GrpcLogAppender (GrpcLogAppender.java:installSnapshot(558)) - omNode-2@group-523986131536->omNode-1-GrpcLogAppender: send omNode-2->omNode-1#0-t8,notify:(t:3, i:11)
2021-11-02 20:13:15,163 [grpc-default-executor-6] WARN  server.GrpcLogAppender (LogUtils.java:warn(122)) - omNode-2@group-523986131536->omNode-1-InstallSnapshotResponseHandler: Failed InstallSnapshot: org.apache.ratis.thirdparty.io.grpc.StatusRuntimeException: UNAVAILABLE: io exception
2021-11-02 20:13:15,164 [grpc-default-executor-6] WARN  server.GrpcLogAppender (GrpcLogAppender.java:resetClient(110)) - omNode-2@group-523986131536->omNode-1-GrpcLogAppender: Leader has not got in touch with Follower omNode-2@group-523986131536->omNode-1(c-1,m0,n0, attendVote=false, lastRpcSendTime=0, lastRpcResponseTime=1565) yet, just keep nextIndex unchanged and retry.
2021-11-02 20:13:15,164 [Listener at localhost/10620] INFO  server.RaftServer (RaftServerProxy.java:addNew(95)) - omNode-1: addNew group-523986131536:[omNode-3|rpc:localhost:10624|priority:0, omNode-1|rpc:localhost:10612|priority:0, omNode-2|rpc:localhost:10618|priority:0] returns group-523986131536:java.util.concurrent.CompletableFuture@2f9fdd50[Not completed]
2021-11-02 20:13:15,164 [Listener at localhost/10620] INFO  om.OzoneManager (OzoneManager.java:initializeRatisServer(1638)) - OzoneManager Ratis server initialized at port 10612
2021-11-02 20:13:15,164 [Listener at localhost/10620] INFO  ratis.OzoneManagerRatisServer (OzoneManagerRatisServer.java:start(522)) - Starting OzoneManagerRatisServer omNode-1 at port 10612
2021-11-02 20:13:15,164 [pool-311-thread-1] INFO  server.RaftServer$Division (RaftServerImpl.java:<init>(184)) - omNode-1: new RaftServerImpl for group-523986131536:[omNode-3|rpc:localhost:10624|priority:0, omNode-1|rpc:localhost:10612|priority:0, omNode-2|rpc:localhost:10618|priority:0] with OzoneManagerStateMachine:uninitialized
2021-11-02 20:13:15,164 [omNode-2@group-523986131536->omNode-1-GrpcLogAppender-LogAppenderDaemon] INFO  server.GrpcLogAppender (GrpcLogAppender.java:installSnapshot(550)) - omNode-2@group-523986131536->omNode-1-GrpcLogAppender: followerNextIndex = 0 but logStartIndex = 11, notify follower to install snapshot-(t:3, i:11)
2021-11-02 20:13:15,170 [pool-311-thread-1] INFO  server.RaftServerConfigKeys (ConfUtils.java:logGet(44)) - raft.server.rpc.timeout.min = 1s (custom)
2021-11-02 20:13:15,165 [grpc-default-executor-13] WARN  server.GrpcLogAppender (LogUtils.java:warn(122)) - omNode-2@group-523986131536->omNode-1-AppendLogResponseHandler: Failed appendEntries: org.apache.ratis.thirdparty.io.grpc.StatusRuntimeException: UNAVAILABLE: io exception
2021-11-02 20:13:15,170 [pool-311-thread-1] INFO  server.RaftServerConfigKeys (ConfUtils.java:logGet(44)) - raft.server.rpc.timeout.max = 1200ms (custom)
2021-11-02 20:13:15,170 [pool-311-thread-1] INFO  server.RaftServerConfigKeys (ConfUtils.java:logGet(44)) - raft.server.rpc.sleep.time = 25ms (default)
2021-11-02 20:13:15,170 [pool-311-thread-1] INFO  server.RaftServerConfigKeys (ConfUtils.java:logGet(44)) - raft.server.rpc.slowness.timeout = 2s (custom)
2021-11-02 20:13:15,170 [pool-311-thread-1] INFO  server.RaftServerConfigKeys (ConfUtils.java:logGet(44)) - raft.server.leaderelection.leader.step-down.wait-time = 10s (default)
2021-11-02 20:13:15,170 [pool-311-thread-1] INFO  server.RaftServerConfigKeys (ConfUtils.java:logGet(44)) - raft.server.sleep.deviation.threshold = 300ms (default)
2021-11-02 20:13:15,170 [pool-311-thread-1] INFO  server.RaftServerConfigKeys (ConfUtils.java:logGet(44)) - raft.server.log.appender.install.snapshot.enabled = false (custom)
2021-11-02 20:13:15,170 [grpc-default-executor-13] WARN  server.GrpcLogAppender (GrpcLogAppender.java:resetClient(110)) - omNode-2@group-523986131536->omNode-1-GrpcLogAppender: Leader has not got in touch with Follower omNode-2@group-523986131536->omNode-1(c-1,m0,n0, attendVote=false, lastRpcSendTime=6, lastRpcResponseTime=1572) yet, just keep nextIndex unchanged and retry.
2021-11-02 20:13:15,170 [omNode-2@group-523986131536->omNode-1-GrpcLogAppender-LogAppenderDaemon] INFO  server.GrpcLogAppender (GrpcLogAppender.java:installSnapshot(558)) - omNode-2@group-523986131536->omNode-1-GrpcLogAppender: send omNode-2->omNode-1#0-t8,notify:(t:3, i:11)
2021-11-02 20:13:15,170 [pool-311-thread-1] INFO  server.RaftServer$Division (ServerState.java:<init>(105)) - omNode-1@group-523986131536: ConfigurationManager, init=-1: [omNode-3|rpc:localhost:10624|priority:0, omNode-1|rpc:localhost:10612|priority:0, omNode-2|rpc:localhost:10618|priority:0], old=null, confs=<EMPTY_MAP>
2021-11-02 20:13:15,170 [pool-311-thread-1] INFO  server.RaftServerConfigKeys (ConfUtils.java:logGet(44)) - raft.server.storage.dir = [/home/runner/work/ozone/ozone/hadoop-ozone/integration-test/target/test-dir/MiniOzoneClusterImpl-76263e8f-62ab-412a-8766-4a189fbce95f/omNode-1/ratis] (custom)
2021-11-02 20:13:15,171 [pool-311-thread-1] INFO  server.RaftServerConfigKeys (ConfUtils.java:logGet(44)) - raft.server.log.corruption.policy = EXCEPTION (default)
2021-11-02 20:13:15,171 [pool-311-thread-1] INFO  server.RaftServerConfigKeys (ConfUtils.java:logGet(44)) - raft.server.storage.free-space.min = 0MB (=0) (default)
2021-11-02 20:13:15,171 [grpc-default-executor-6] WARN  server.GrpcLogAppender (LogUtils.java:warn(122)) - omNode-2@group-523986131536->omNode-1-InstallSnapshotResponseHandler: Failed InstallSnapshot: org.apache.ratis.thirdparty.io.grpc.StatusRuntimeException: UNAVAILABLE: io exception
2021-11-02 20:13:15,171 [grpc-default-executor-6] WARN  server.GrpcLogAppender (GrpcLogAppender.java:resetClient(110)) - omNode-2@group-523986131536->omNode-1-GrpcLogAppender: Leader has not got in touch with Follower omNode-2@group-523986131536->omNode-1(c-1,m0,n0, attendVote=false, lastRpcSendTime=1, lastRpcResponseTime=1573) yet, just keep nextIndex unchanged and retry.
2021-11-02 20:13:15,172 [omNode-2@group-523986131536->omNode-1-GrpcLogAppender-LogAppenderDaemon] INFO  server.GrpcLogAppender (GrpcLogAppender.java:installSnapshot(550)) - omNode-2@group-523986131536->omNode-1-GrpcLogAppender: followerNextIndex = 0 but logStartIndex = 11, notify follower to install snapshot-(t:3, i:11)
2021-11-02 20:13:15,172 [grpc-default-executor-6] WARN  server.GrpcLogAppender (LogUtils.java:warn(122)) - omNode-2@group-523986131536->omNode-1-AppendLogResponseHandler: Failed appendEntries: org.apache.ratis.thirdparty.io.grpc.StatusRuntimeException: UNAVAILABLE: io exception
2021-11-02 20:13:15,172 [grpc-default-executor-6] WARN  server.GrpcLogAppender (GrpcLogAppender.java:resetClient(110)) - omNode-2@group-523986131536->omNode-1-GrpcLogAppender: Leader has not got in touch with Follower omNode-2@group-523986131536->omNode-1(c-1,m0,n0, attendVote=false, lastRpcSendTime=0, lastRpcResponseTime=1573) yet, just keep nextIndex unchanged and retry.
2021-11-02 20:13:15,172 [omNode-2@group-523986131536->omNode-1-GrpcLogAppender-LogAppenderDaemon] INFO  server.GrpcLogAppender (GrpcLogAppender.java:installSnapshot(558)) - omNode-2@group-523986131536->omNode-1-GrpcLogAppender: send omNode-2->omNode-1#0-t8,notify:(t:3, i:11)
2021-11-02 20:13:15,172 [pool-311-thread-1] INFO  storage.RaftStorageDirectory (RaftStorageDirectoryImpl.java:tryLock(230)) - Lock on /home/runner/work/ozone/ozone/hadoop-ozone/integration-test/target/test-dir/MiniOzoneClusterImpl-76263e8f-62ab-412a-8766-4a189fbce95f/omNode-1/ratis/c9bc4cf4-3bc3-3c60-a66b-523986131536/in_use.lock acquired by nodename 14135@fv-az270-10
2021-11-02 20:13:15,172 [grpc-default-executor-6] WARN  server.GrpcLogAppender (LogUtils.java:warn(122)) - omNode-2@group-523986131536->omNode-1-InstallSnapshotResponseHandler: Failed InstallSnapshot: org.apache.ratis.thirdparty.io.grpc.StatusRuntimeException: UNAVAILABLE: io exception
2021-11-02 20:13:15,172 [grpc-default-executor-6] WARN  server.GrpcLogAppender (GrpcLogAppender.java:resetClient(110)) - omNode-2@group-523986131536->omNode-1-GrpcLogAppender: Leader has not got in touch with Follower omNode-2@group-523986131536->omNode-1(c-1,m0,n0, attendVote=false, lastRpcSendTime=0, lastRpcResponseTime=1574) yet, just keep nextIndex unchanged and retry.
2021-11-02 20:13:15,172 [omNode-2@group-523986131536->omNode-1-GrpcLogAppender-LogAppenderDaemon] INFO  server.GrpcLogAppender (GrpcLogAppender.java:installSnapshot(550)) - omNode-2@group-523986131536->omNode-1-GrpcLogAppender: followerNextIndex = 0 but logStartIndex = 11, notify follower to install snapshot-(t:3, i:11)
2021-11-02 20:13:15,172 [omNode-2@group-523986131536->omNode-1-GrpcLogAppender-LogAppenderDaemon] INFO  server.GrpcLogAppender (GrpcLogAppender.java:installSnapshot(558)) - omNode-2@group-523986131536->omNode-1-GrpcLogAppender: send omNode-2->omNode-1#0-t8,notify:(t:3, i:11)
2021-11-02 20:13:15,172 [pool-311-thread-1] INFO  storage.RaftStorage (RaftStorageImpl.java:analyzeAndRecoverStorage(110)) - Read RaftStorageMetadata{term=8, votedFor=omNode-2} from /home/runner/work/ozone/ozone/hadoop-ozone/integration-test/target/test-dir/MiniOzoneClusterImpl-76263e8f-62ab-412a-8766-4a189fbce95f/omNode-1/ratis/c9bc4cf4-3bc3-3c60-a66b-523986131536/current/raft-meta
2021-11-02 20:13:15,172 [grpc-default-executor-6] WARN  server.GrpcLogAppender (LogUtils.java:warn(122)) - omNode-2@group-523986131536->omNode-1-AppendLogResponseHandler: Failed appendEntries: org.apache.ratis.thirdparty.io.grpc.StatusRuntimeException: UNAVAILABLE: io exception
2021-11-02 20:13:15,173 [grpc-default-executor-6] WARN  server.GrpcLogAppender (GrpcLogAppender.java:resetClient(110)) - omNode-2@group-523986131536->omNode-1-GrpcLogAppender: Leader has not got in touch with Follower omNode-2@group-523986131536->omNode-1(c-1,m0,n0, attendVote=false, lastRpcSendTime=0, lastRpcResponseTime=1574) yet, just keep nextIndex unchanged and retry.
2021-11-02 20:13:15,172 [grpc-default-executor-13] WARN  server.GrpcLogAppender (LogUtils.java:warn(122)) - omNode-2@group-523986131536->omNode-1-InstallSnapshotResponseHandler: Failed InstallSnapshot: org.apache.ratis.thirdparty.io.grpc.StatusRuntimeException: UNAVAILABLE: io exception
2021-11-02 20:13:15,173 [grpc-default-executor-13] WARN  server.GrpcLogAppender (GrpcLogAppender.java:resetClient(110)) - omNode-2@group-523986131536->omNode-1-GrpcLogAppender: Leader has not got in touch with Follower omNode-2@group-523986131536->omNode-1(c-1,m0,n0, attendVote=false, lastRpcSendTime=0, lastRpcResponseTime=1574) yet, just keep nextIndex unchanged and retry.
2021-11-02 20:13:15,173 [omNode-2@group-523986131536->omNode-1-GrpcLogAppender-LogAppenderDaemon] INFO  server.GrpcLogAppender (GrpcLogAppender.java:installSnapshot(550)) - omNode-2@group-523986131536->omNode-1-GrpcLogAppender: followerNextIndex = 0 but logStartIndex = 11, notify follower to install snapshot-(t:3, i:11)
2021-11-02 20:13:15,173 [omNode-2@group-523986131536->omNode-1-GrpcLogAppender-LogAppenderDaemon] INFO  server.GrpcLogAppender (GrpcLogAppender.java:installSnapshot(558)) - omNode-2@group-523986131536->omNode-1-GrpcLogAppender: send omNode-2->omNode-1#0-t8,notify:(t:3, i:11)
2021-11-02 20:13:15,173 [pool-311-thread-1] INFO  server.RaftServer$Division (ServerState.java:setRaftConf(387)) - omNode-1@group-523986131536: set configuration 17: [omNode-3|rpc:localhost:10624|admin:|client:|dataStream:|priority:0, omNode-1|rpc:localhost:10612|admin:|client:|dataStream:|priority:0, omNode-2|rpc:localhost:10618|admin:|client:|dataStream:|priority:0], old=null
2021-11-02 20:13:15,173 [grpc-default-executor-6] WARN  server.GrpcLogAppender (LogUtils.java:warn(122)) - omNode-2@group-523986131536->omNode-1-InstallSnapshotResponseHandler: Failed InstallSnapshot: org.apache.ratis.thirdparty.io.grpc.StatusRuntimeException: UNAVAILABLE: io exception
2021-11-02 20:13:15,173 [grpc-default-executor-6] WARN  server.GrpcLogAppender (GrpcLogAppender.java:resetClient(110)) - omNode-2@group-523986131536->omNode-1-GrpcLogAppender: Leader has not got in touch with Follower omNode-2@group-523986131536->omNode-1(c-1,m0,n0, attendVote=false, lastRpcSendTime=0, lastRpcResponseTime=1575) yet, just keep nextIndex unchanged and retry.
2021-11-02 20:13:15,173 [grpc-default-executor-13] WARN  server.GrpcLogAppender (LogUtils.java:warn(122)) - omNode-2@group-523986131536->omNode-1-AppendLogResponseHandler: Failed appendEntries: org.apache.ratis.thirdparty.io.grpc.StatusRuntimeException: UNAVAILABLE: io exception
2021-11-02 20:13:15,173 [grpc-default-executor-13] WARN  server.GrpcLogAppender (GrpcLogAppender.java:resetClient(110)) - omNode-2@group-523986131536->omNode-1-GrpcLogAppender: Leader has not got in touch with Follower omNode-2@group-523986131536->omNode-1(c-1,m0,n0, attendVote=false, lastRpcSendTime=0, lastRpcResponseTime=1575) yet, just keep nextIndex unchanged and retry.
2021-11-02 20:13:15,173 [pool-311-thread-1] INFO  server.RaftServerConfigKeys (ConfUtils.java:logGet(44)) - raft.server.notification.no-leader.timeout = 2s (custom)
2021-11-02 20:13:15,173 [grpc-default-executor-13] WARN  server.GrpcLogAppender (LogUtils.java:warn(122)) - omNode-2@group-523986131536->omNode-1-AppendLogResponseHandler: Failed appendEntries: org.apache.ratis.thirdparty.io.grpc.StatusRuntimeException: UNAVAILABLE: io exception
2021-11-02 20:13:15,173 [grpc-default-executor-13] WARN  server.GrpcLogAppender (GrpcLogAppender.java:resetClient(110)) - omNode-2@group-523986131536->omNode-1-GrpcLogAppender: Leader has not got in touch with Follower omNode-2@group-523986131536->omNode-1(c-1,m0,n0, attendVote=false, lastRpcSendTime=0, lastRpcResponseTime=1575) yet, just keep nextIndex unchanged and retry.
2021-11-02 20:13:15,173 [omNode-2@group-523986131536->omNode-1-GrpcLogAppender-LogAppenderDaemon] INFO  server.GrpcLogAppender (GrpcLogAppender.java:installSnapshot(550)) - omNode-2@group-523986131536->omNode-1-GrpcLogAppender: followerNextIndex = 0 but logStartIndex = 11, notify follower to install snapshot-(t:3, i:11)
2021-11-02 20:13:15,173 [pool-311-thread-1] INFO  server.RaftServerConfigKeys (ConfUtils.java:logGet(44)) - raft.server.log.use.memory = false (default)
2021-11-02 20:13:15,174 [pool-311-thread-1] INFO  server.RaftServerConfigKeys (ConfUtils.java:logGet(44)) - raft.server.log.purge.gap = 50 (custom)
2021-11-02 20:13:15,174 [omNode-2@group-523986131536->omNode-1-GrpcLogAppender-LogAppenderDaemon] INFO  server.GrpcLogAppender (GrpcLogAppender.java:installSnapshot(558)) - omNode-2@group-523986131536->omNode-1-GrpcLogAppender: send omNode-2->omNode-1#0-t8,notify:(t:3, i:11)
2021-11-02 20:13:15,174 [pool-311-thread-1] INFO  server.RaftServerConfigKeys (ConfUtils.java:logGet(44)) - raft.server.log.appender.buffer.byte-limit = 33554432 (custom)
2021-11-02 20:13:15,174 [grpc-default-executor-13] WARN  server.GrpcLogAppender (LogUtils.java:warn(122)) - omNode-2@group-523986131536->omNode-1-InstallSnapshotResponseHandler: Failed InstallSnapshot: org.apache.ratis.thirdparty.io.grpc.StatusRuntimeException: UNAVAILABLE: io exception
2021-11-02 20:13:15,174 [grpc-default-executor-13] WARN  server.GrpcLogAppender (GrpcLogAppender.java:resetClient(110)) - omNode-2@group-523986131536->omNode-1-GrpcLogAppender: Leader has not got in touch with Follower omNode-2@group-523986131536->omNode-1(c-1,m0,n0, attendVote=false, lastRpcSendTime=0, lastRpcResponseTime=1576) yet, just keep nextIndex unchanged and retry.
2021-11-02 20:13:15,174 [grpc-default-executor-13] WARN  server.GrpcLogAppender (LogUtils.java:warn(122)) - omNode-2@group-523986131536->omNode-1-AppendLogResponseHandler: Failed appendEntries: org.apache.ratis.thirdparty.io.grpc.StatusRuntimeException: UNAVAILABLE: io exception
2021-11-02 20:13:15,174 [grpc-default-executor-13] WARN  server.GrpcLogAppender (GrpcLogAppender.java:resetClient(110)) - omNode-2@group-523986131536->omNode-1-GrpcLogAppender: Leader has not got in touch with Follower omNode-2@group-523986131536->omNode-1(c-1,m0,n0, attendVote=false, lastRpcSendTime=0, lastRpcResponseTime=1576) yet, just keep nextIndex unchanged and retry.
2021-11-02 20:13:15,174 [omNode-2@group-523986131536->omNode-1-GrpcLogAppender-LogAppenderDaemon] INFO  server.GrpcLogAppender (GrpcLogAppender.java:installSnapshot(550)) - omNode-2@group-523986131536->omNode-1-GrpcLogAppender: followerNextIndex = 0 but logStartIndex = 11, notify follower to install snapshot-(t:3, i:11)
2021-11-02 20:13:15,174 [pool-311-thread-1] INFO  server.RaftServerConfigKeys (ConfUtils.java:logGet(44)) - raft.server.log.segment.size.max = 4194304 (custom)
2021-11-02 20:13:15,175 [omNode-2@group-523986131536->omNode-1-GrpcLogAppender-LogAppenderDaemon] INFO  server.GrpcLogAppender (GrpcLogAppender.java:installSnapshot(558)) - omNode-2@group-523986131536->omNode-1-GrpcLogAppender: send omNode-2->omNode-1#0-t8,notify:(t:3, i:11)
2021-11-02 20:13:15,175 [pool-311-thread-1] INFO  server.RaftServerConfigKeys (ConfUtils.java:logGet(44)) - raft.server.log.segment.cache.num.max = 2 (custom)
2021-11-02 20:13:15,175 [pool-311-thread-1] INFO  server.RaftServerConfigKeys (ConfUtils.java:logGet(44)) - raft.server.log.segment.cache.size.max = 200MB (=209715200) (default)
2021-11-02 20:13:15,175 [grpc-default-executor-6] WARN  server.GrpcLogAppender (LogUtils.java:warn(122)) - omNode-2@group-523986131536->omNode-1-InstallSnapshotResponseHandler: Failed InstallSnapshot: org.apache.ratis.thirdparty.io.grpc.StatusRuntimeException: UNAVAILABLE: io exception
2021-11-02 20:13:15,175 [grpc-default-executor-6] WARN  server.GrpcLogAppender (GrpcLogAppender.java:resetClient(110)) - omNode-2@group-523986131536->omNode-1-GrpcLogAppender: Leader has not got in touch with Follower omNode-2@group-523986131536->omNode-1(c-1,m0,n0, attendVote=false, lastRpcSendTime=0, lastRpcResponseTime=1577) yet, just keep nextIndex unchanged and retry.
2021-11-02 20:13:15,175 [pool-311-thread-1] INFO  segmented.SegmentedRaftLogWorker (SegmentedRaftLogWorker.java:<init>(182)) - new omNode-1@group-523986131536-SegmentedRaftLogWorker for RaftStorageImpl:Storage Directory /home/runner/work/ozone/ozone/hadoop-ozone/integration-test/target/test-dir/MiniOzoneClusterImpl-76263e8f-62ab-412a-8766-4a189fbce95f/omNode-1/ratis/c9bc4cf4-3bc3-3c60-a66b-523986131536
2021-11-02 20:13:15,176 [omNode-2@group-523986131536->omNode-1-GrpcLogAppender-LogAppenderDaemon] INFO  server.GrpcLogAppender (GrpcLogAppender.java:installSnapshot(550)) - omNode-2@group-523986131536->omNode-1-GrpcLogAppender: followerNextIndex = 0 but logStartIndex = 11, notify follower to install snapshot-(t:3, i:11)
2021-11-02 20:13:15,176 [pool-311-thread-1] INFO  server.RaftServerConfigKeys (ConfUtils.java:logGet(44)) - raft.server.log.queue.byte-limit = 64MB (=67108864) (default)
2021-11-02 20:13:15,176 [grpc-default-executor-6] WARN  server.GrpcLogAppender (LogUtils.java:warn(122)) - omNode-2@group-523986131536->omNode-1-AppendLogResponseHandler: Failed appendEntries: org.apache.ratis.thirdparty.io.grpc.StatusRuntimeException: UNAVAILABLE: io exception
2021-11-02 20:13:15,176 [grpc-default-executor-6] WARN  server.GrpcLogAppender (GrpcLogAppender.java:resetClient(110)) - omNode-2@group-523986131536->omNode-1-GrpcLogAppender: Leader has not got in touch with Follower omNode-2@group-523986131536->omNode-1(c-1,m0,n0, attendVote=false, lastRpcSendTime=0, lastRpcResponseTime=1577) yet, just keep nextIndex unchanged and retry.
2021-11-02 20:13:15,176 [omNode-2@group-523986131536->omNode-1-GrpcLogAppender-LogAppenderDaemon] INFO  server.GrpcLogAppender (GrpcLogAppender.java:installSnapshot(558)) - omNode-2@group-523986131536->omNode-1-GrpcLogAppender: send omNode-2->omNode-1#0-t8,notify:(t:3, i:11)
2021-11-02 20:13:15,176 [pool-311-thread-1] INFO  server.RaftServerConfigKeys (ConfUtils.java:logGet(44)) - raft.server.log.queue.element-limit = 4096 (default)
2021-11-02 20:13:15,176 [pool-311-thread-1] INFO  server.RaftServerConfigKeys (ConfUtils.java:logGet(44)) - raft.server.log.segment.size.max = 4194304 (custom)
2021-11-02 20:13:15,176 [pool-311-thread-1] INFO  server.RaftServerConfigKeys (ConfUtils.java:logGet(44)) - raft.server.log.preallocated.size = 4194304 (custom)
2021-11-02 20:13:15,176 [pool-311-thread-1] INFO  server.RaftServerConfigKeys (ConfUtils.java:logGet(44)) - raft.server.log.force.sync.num = 128 (default)
2021-11-02 20:13:15,176 [pool-311-thread-1] INFO  server.RaftServerConfigKeys (ConfUtils.java:logGet(44)) - raft.server.log.statemachine.data.sync = true (default)
2021-11-02 20:13:15,176 [pool-311-thread-1] INFO  server.RaftServerConfigKeys (ConfUtils.java:logGet(44)) - raft.server.log.statemachine.data.sync.timeout = 10s (default)
2021-11-02 20:13:15,176 [pool-311-thread-1] INFO  server.RaftServerConfigKeys (ConfUtils.java:logGet(44)) - raft.server.log.statemachine.data.sync.timeout.retry = -1 (default)
2021-11-02 20:13:15,177 [grpc-default-executor-13] WARN  server.GrpcLogAppender (LogUtils.java:warn(122)) - omNode-2@group-523986131536->omNode-1-InstallSnapshotResponseHandler: Failed InstallSnapshot: org.apache.ratis.thirdparty.io.grpc.StatusRuntimeException: UNAVAILABLE: io exception
2021-11-02 20:13:15,177 [grpc-default-executor-13] WARN  server.GrpcLogAppender (GrpcLogAppender.java:resetClient(110)) - omNode-2@group-523986131536->omNode-1-GrpcLogAppender: Leader has not got in touch with Follower omNode-2@group-523986131536->omNode-1(c-1,m0,n0, attendVote=false, lastRpcSendTime=0, lastRpcResponseTime=1578) yet, just keep nextIndex unchanged and retry.
2021-11-02 20:13:15,177 [omNode-2@group-523986131536->omNode-1-GrpcLogAppender-LogAppenderDaemon] INFO  server.GrpcLogAppender (GrpcLogAppender.java:installSnapshot(550)) - omNode-2@group-523986131536->omNode-1-GrpcLogAppender: followerNextIndex = 0 but logStartIndex = 11, notify follower to install snapshot-(t:3, i:11)
2021-11-02 20:13:15,177 [omNode-2@group-523986131536->omNode-1-GrpcLogAppender-LogAppenderDaemon] INFO  server.GrpcLogAppender (GrpcLogAppender.java:installSnapshot(558)) - omNode-2@group-523986131536->omNode-1-GrpcLogAppender: send omNode-2->omNode-1#0-t8,notify:(t:3, i:11)
2021-11-02 20:13:15,177 [grpc-default-executor-6] WARN  server.GrpcLogAppender (LogUtils.java:warn(122)) - omNode-2@group-523986131536->omNode-1-InstallSnapshotResponseHandler: Failed InstallSnapshot: org.apache.ratis.thirdparty.io.grpc.StatusRuntimeException: UNAVAILABLE: io exception
2021-11-02 20:13:15,177 [grpc-default-executor-6] WARN  server.GrpcLogAppender (GrpcLogAppender.java:resetClient(110)) - omNode-2@group-523986131536->omNode-1-GrpcLogAppender: Leader has not got in touch with Follower omNode-2@group-523986131536->omNode-1(c-1,m0,n0, attendVote=false, lastRpcSendTime=0, lastRpcResponseTime=1579) yet, just keep nextIndex unchanged and retry.
2021-11-02 20:13:15,177 [grpc-default-executor-13] WARN  server.GrpcLogAppender (LogUtils.java:warn(122)) - omNode-2@group-523986131536->omNode-1-AppendLogResponseHandler: Failed appendEntries: org.apache.ratis.thirdparty.io.grpc.StatusRuntimeException: UNAVAILABLE: io exception
2021-11-02 20:13:15,177 [grpc-default-executor-13] WARN  server.GrpcLogAppender (GrpcLogAppender.java:resetClient(110)) - omNode-2@group-523986131536->omNode-1-GrpcLogAppender: Leader has not got in touch with Follower omNode-2@group-523986131536->omNode-1(c-1,m0,n0, attendVote=false, lastRpcSendTime=0, lastRpcResponseTime=1579) yet, just keep nextIndex unchanged and retry.
2021-11-02 20:13:15,177 [omNode-2@group-523986131536->omNode-1-GrpcLogAppender-LogAppenderDaemon] INFO  server.GrpcLogAppender (GrpcLogAppender.java:installSnapshot(550)) - omNode-2@group-523986131536->omNode-1-GrpcLogAppender: followerNextIndex = 0 but logStartIndex = 11, notify follower to install snapshot-(t:3, i:11)
2021-11-02 20:13:15,177 [omNode-2@group-523986131536->omNode-1-GrpcLogAppender-LogAppenderDaemon] INFO  server.GrpcLogAppender (GrpcLogAppender.java:installSnapshot(558)) - omNode-2@group-523986131536->omNode-1-GrpcLogAppender: send omNode-2->omNode-1#0-t8,notify:(t:3, i:11)
2021-11-02 20:13:15,177 [grpc-default-executor-6] WARN  server.GrpcLogAppender (LogUtils.java:warn(122)) - omNode-2@group-523986131536->omNode-1-InstallSnapshotResponseHandler: Failed InstallSnapshot: org.apache.ratis.thirdparty.io.grpc.StatusRuntimeException: UNAVAILABLE: io exception
2021-11-02 20:13:15,177 [grpc-default-executor-6] WARN  server.GrpcLogAppender (GrpcLogAppender.java:resetClient(110)) - omNode-2@group-523986131536->omNode-1-GrpcLogAppender: Leader has not got in touch with Follower omNode-2@group-523986131536->omNode-1(c-1,m0,n0, attendVote=false, lastRpcSendTime=0, lastRpcResponseTime=1579) yet, just keep nextIndex unchanged and retry.
2021-11-02 20:13:15,178 [grpc-default-executor-13] WARN  server.GrpcLogAppender (LogUtils.java:warn(122)) - omNode-2@group-523986131536->omNode-1-AppendLogResponseHandler: Failed appendEntries: org.apache.ratis.thirdparty.io.grpc.StatusRuntimeException: UNAVAILABLE: io exception
2021-11-02 20:13:15,178 [grpc-default-executor-13] WARN  server.GrpcLogAppender (GrpcLogAppender.java:resetClient(110)) - omNode-2@group-523986131536->omNode-1-GrpcLogAppender: Leader has not got in touch with Follower omNode-2@group-523986131536->omNode-1(c-1,m0,n0, attendVote=false, lastRpcSendTime=0, lastRpcResponseTime=1579) yet, just keep nextIndex unchanged and retry.
2021-11-02 20:13:15,178 [omNode-2@group-523986131536->omNode-1-GrpcLogAppender-LogAppenderDaemon] INFO  server.GrpcLogAppender (GrpcLogAppender.java:installSnapshot(550)) - omNode-2@group-523986131536->omNode-1-GrpcLogAppender: followerNextIndex = 0 but logStartIndex = 11, notify follower to install snapshot-(t:3, i:11)
2021-11-02 20:13:15,178 [pool-311-thread-1] INFO  server.RaftServerConfigKeys (ConfUtils.java:logGet(44)) - raft.server.log.write.buffer.size = 64KB (=65536) (default)
2021-11-02 20:13:15,178 [grpc-default-executor-13] WARN  server.GrpcLogAppender (LogUtils.java:warn(122)) - omNode-2@group-523986131536->omNode-1-AppendLogResponseHandler: Failed appendEntries: org.apache.ratis.thirdparty.io.grpc.StatusRuntimeException: UNAVAILABLE: io exception
2021-11-02 20:13:15,178 [grpc-default-executor-13] WARN  server.GrpcLogAppender (GrpcLogAppender.java:resetClient(110)) - omNode-2@group-523986131536->omNode-1-GrpcLogAppender: Leader has not got in touch with Follower omNode-2@group-523986131536->omNode-1(c-1,m0,n0, attendVote=false, lastRpcSendTime=0, lastRpcResponseTime=1580) yet, just keep nextIndex unchanged and retry.
2021-11-02 20:13:15,178 [omNode-2@group-523986131536->omNode-1-GrpcLogAppender-LogAppenderDaemon] INFO  server.GrpcLogAppender (GrpcLogAppender.java:installSnapshot(558)) - omNode-2@group-523986131536->omNode-1-GrpcLogAppender: send omNode-2->omNode-1#0-t8,notify:(t:3, i:11)
2021-11-02 20:13:15,178 [pool-311-thread-1] INFO  server.RaftServerConfigKeys (ConfUtils.java:logGet(44)) - raft.server.log.statemachine.data.caching.enabled = false (default)
2021-11-02 20:13:15,178 [grpc-default-executor-13] WARN  server.GrpcLogAppender (LogUtils.java:warn(122)) - omNode-2@group-523986131536->omNode-1-InstallSnapshotResponseHandler: Failed InstallSnapshot: org.apache.ratis.thirdparty.io.grpc.StatusRuntimeException: UNAVAILABLE: io exception
2021-11-02 20:13:15,178 [grpc-default-executor-13] WARN  server.GrpcLogAppender (GrpcLogAppender.java:resetClient(110)) - omNode-2@group-523986131536->omNode-1-GrpcLogAppender: Leader has not got in touch with Follower omNode-2@group-523986131536->omNode-1(c-1,m0,n0, attendVote=false, lastRpcSendTime=0, lastRpcResponseTime=1580) yet, just keep nextIndex unchanged and retry.
2021-11-02 20:13:15,178 [omNode-2@group-523986131536->omNode-1-GrpcLogAppender-LogAppenderDaemon] INFO  server.GrpcLogAppender (GrpcLogAppender.java:installSnapshot(550)) - omNode-2@group-523986131536->omNode-1-GrpcLogAppender: followerNextIndex = 0 but logStartIndex = 11, notify follower to install snapshot-(t:3, i:11)
2021-11-02 20:13:15,178 [pool-311-thread-1] INFO  segmented.SegmentedRaftLogWorker (SegmentedRaftLogWorker.java:lambda$new$0(133)) - omNode-1@group-523986131536-SegmentedRaftLogWorker: flushIndex: setUnconditionally 0 -> 10
2021-11-02 20:13:15,178 [grpc-default-executor-13] WARN  server.GrpcLogAppender (LogUtils.java:warn(122)) - omNode-2@group-523986131536->omNode-1-AppendLogResponseHandler: Failed appendEntries: org.apache.ratis.thirdparty.io.grpc.StatusRuntimeException: UNAVAILABLE: io exception
2021-11-02 20:13:15,179 [grpc-default-executor-13] WARN  server.GrpcLogAppender (GrpcLogAppender.java:resetClient(110)) - omNode-2@group-523986131536->omNode-1-GrpcLogAppender: Leader has not got in touch with Follower omNode-2@group-523986131536->omNode-1(c-1,m0,n0, attendVote=false, lastRpcSendTime=0, lastRpcResponseTime=1580) yet, just keep nextIndex unchanged and retry.
2021-11-02 20:13:15,178 [omNode-2@group-523986131536->omNode-1-GrpcLogAppender-LogAppenderDaemon] INFO  server.GrpcLogAppender (GrpcLogAppender.java:installSnapshot(558)) - omNode-2@group-523986131536->omNode-1-GrpcLogAppender: send omNode-2->omNode-1#0-t8,notify:(t:3, i:11)
2021-11-02 20:13:15,178 [pool-311-thread-1] INFO  segmented.SegmentedRaftLogWorker (SegmentedRaftLogWorker.java:lambda$new$0(133)) - omNode-1@group-523986131536-SegmentedRaftLogWorker: safeCacheEvictIndex: setUnconditionally 0 -> -1
2021-11-02 20:13:15,179 [grpc-default-executor-13] WARN  server.GrpcLogAppender (LogUtils.java:warn(122)) - omNode-2@group-523986131536->omNode-1-InstallSnapshotResponseHandler: Failed InstallSnapshot: org.apache.ratis.thirdparty.io.grpc.StatusRuntimeException: UNAVAILABLE: io exception
2021-11-02 20:13:15,179 [grpc-default-executor-13] WARN  server.GrpcLogAppender (GrpcLogAppender.java:resetClient(110)) - omNode-2@group-523986131536->omNode-1-GrpcLogAppender: Leader has not got in touch with Follower omNode-2@group-523986131536->omNode-1(c-1,m0,n0, attendVote=false, lastRpcSendTime=0, lastRpcResponseTime=1580) yet, just keep nextIndex unchanged and retry.
2021-11-02 20:13:15,179 [omNode-2@group-523986131536->omNode-1-GrpcLogAppender-LogAppenderDaemon] INFO  server.GrpcLogAppender (GrpcLogAppender.java:installSnapshot(550)) - omNode-2@group-523986131536->omNode-1-GrpcLogAppender: followerNextIndex = 0 but logStartIndex = 11, notify follower to install snapshot-(t:3, i:11)
2021-11-02 20:13:15,179 [omNode-2@group-523986131536->omNode-1-GrpcLogAppender-LogAppenderDaemon] INFO  server.GrpcLogAppender (GrpcLogAppender.java:installSnapshot(558)) - omNode-2@group-523986131536->omNode-1-GrpcLogAppender: send omNode-2->omNode-1#0-t8,notify:(t:3, i:11)
2021-11-02 20:13:15,179 [grpc-default-executor-13] WARN  server.GrpcLogAppender (LogUtils.java:warn(122)) - omNode-2@group-523986131536->omNode-1-AppendLogResponseHandler: Failed appendEntries: org.apache.ratis.thirdparty.io.grpc.StatusRuntimeException: UNAVAILABLE: io exception
2021-11-02 20:13:15,179 [grpc-default-executor-13] WARN  server.GrpcLogAppender (GrpcLogAppender.java:resetClient(110)) - omNode-2@group-523986131536->omNode-1-GrpcLogAppender: Leader has not got in touch with Follower omNode-2@group-523986131536->omNode-1(c-1,m0,n0, attendVote=false, lastRpcSendTime=0, lastRpcResponseTime=1581) yet, just keep nextIndex unchanged and retry.
2021-11-02 20:13:15,179 [grpc-default-executor-6] WARN  server.GrpcLogAppender (LogUtils.java:warn(122)) - omNode-2@group-523986131536->omNode-1-InstallSnapshotResponseHandler: Failed InstallSnapshot: org.apache.ratis.thirdparty.io.grpc.StatusRuntimeException: UNAVAILABLE: io exception
2021-11-02 20:13:15,179 [grpc-default-executor-6] WARN  server.GrpcLogAppender (GrpcLogAppender.java:resetClient(110)) - omNode-2@group-523986131536->omNode-1-GrpcLogAppender: Leader has not got in touch with Follower omNode-2@group-523986131536->omNode-1(c-1,m0,n0, attendVote=false, lastRpcSendTime=0, lastRpcResponseTime=1581) yet, just keep nextIndex unchanged and retry.
2021-11-02 20:13:15,179 [grpc-default-executor-6] WARN  server.GrpcLogAppender (LogUtils.java:warn(122)) - omNode-2@group-523986131536->omNode-1-AppendLogResponseHandler: Failed appendEntries: org.apache.ratis.thirdparty.io.grpc.StatusRuntimeException: UNAVAILABLE: io exception
2021-11-02 20:13:15,179 [grpc-default-executor-6] WARN  server.GrpcLogAppender (GrpcLogAppender.java:resetClient(110)) - omNode-2@group-523986131536->omNode-1-GrpcLogAppender: Leader has not got in touch with Follower omNode-2@group-523986131536->omNode-1(c-1,m0,n0, attendVote=false, lastRpcSendTime=0, lastRpcResponseTime=1581) yet, just keep nextIndex unchanged and retry.
2021-11-02 20:13:15,179 [omNode-2@group-523986131536->omNode-1-GrpcLogAppender-LogAppenderDaemon] INFO  server.GrpcLogAppender (GrpcLogAppender.java:installSnapshot(550)) - omNode-2@group-523986131536->omNode-1-GrpcLogAppender: followerNextIndex = 0 but logStartIndex = 11, notify follower to install snapshot-(t:3, i:11)
2021-11-02 20:13:15,180 [omNode-2@group-523986131536->omNode-1-GrpcLogAppender-LogAppenderDaemon] INFO  server.GrpcLogAppender (GrpcLogAppender.java:installSnapshot(558)) - omNode-2@group-523986131536->omNode-1-GrpcLogAppender: send omNode-2->omNode-1#0-t8,notify:(t:3, i:11)
2021-11-02 20:13:15,180 [grpc-default-executor-6] WARN  server.GrpcLogAppender (LogUtils.java:warn(122)) - omNode-2@group-523986131536->omNode-1-InstallSnapshotResponseHandler: Failed InstallSnapshot: org.apache.ratis.thirdparty.io.grpc.StatusRuntimeException: UNAVAILABLE: io exception
2021-11-02 20:13:15,180 [grpc-default-executor-6] WARN  server.GrpcLogAppender (GrpcLogAppender.java:resetClient(110)) - omNode-2@group-523986131536->omNode-1-GrpcLogAppender: Leader has not got in touch with Follower omNode-2@group-523986131536->omNode-1(c-1,m0,n0, attendVote=false, lastRpcSendTime=0, lastRpcResponseTime=1581) yet, just keep nextIndex unchanged and retry.
2021-11-02 20:13:15,180 [grpc-default-executor-6] WARN  server.GrpcLogAppender (LogUtils.java:warn(122)) - omNode-2@group-523986131536->omNode-1-AppendLogResponseHandler: Failed appendEntries: org.apache.ratis.thirdparty.io.grpc.StatusRuntimeException: UNAVAILABLE: io exception
2021-11-02 20:13:15,180 [grpc-default-executor-6] WARN  server.GrpcLogAppender (GrpcLogAppender.java:resetClient(110)) - omNode-2@group-523986131536->omNode-1-GrpcLogAppender: Leader has not got in touch with Follower omNode-2@group-523986131536->omNode-1(c-1,m0,n0, attendVote=false, lastRpcSendTime=0, lastRpcResponseTime=1582) yet, just keep nextIndex unchanged and retry.
2021-11-02 20:13:15,180 [omNode-2@group-523986131536->omNode-1-GrpcLogAppender-LogAppenderDaemon] INFO  server.GrpcLogAppender (GrpcLogAppender.java:installSnapshot(550)) - omNode-2@group-523986131536->omNode-1-GrpcLogAppender: followerNextIndex = 0 but logStartIndex = 11, notify follower to install snapshot-(t:3, i:11)
2021-11-02 20:13:15,180 [omNode-2@group-523986131536->omNode-1-GrpcLogAppender-LogAppenderDaemon] INFO  server.GrpcLogAppender (GrpcLogAppender.java:installSnapshot(558)) - omNode-2@group-523986131536->omNode-1-GrpcLogAppender: send omNode-2->omNode-1#0-t8,notify:(t:3, i:11)
2021-11-02 20:13:15,180 [grpc-default-executor-6] WARN  server.GrpcLogAppender (LogUtils.java:warn(122)) - omNode-2@group-523986131536->omNode-1-InstallSnapshotResponseHandler: Failed InstallSnapshot: org.apache.ratis.thirdparty.io.grpc.StatusRuntimeException: UNAVAILABLE: io exception
2021-11-02 20:13:15,180 [grpc-default-executor-6] WARN  server.GrpcLogAppender (GrpcLogAppender.java:resetClient(110)) - omNode-2@group-523986131536->omNode-1-GrpcLogAppender: Leader has not got in touch with Follower omNode-2@group-523986131536->omNode-1(c-1,m0,n0, attendVote=false, lastRpcSendTime=0, lastRpcResponseTime=1582) yet, just keep nextIndex unchanged and retry.
2021-11-02 20:13:15,180 [grpc-default-executor-6] WARN  server.GrpcLogAppender (LogUtils.java:warn(122)) - omNode-2@group-523986131536->omNode-1-AppendLogResponseHandler: Failed appendEntries: org.apache.ratis.thirdparty.io.grpc.StatusRuntimeException: UNAVAILABLE: io exception
2021-11-02 20:13:15,180 [omNode-2@group-523986131536->omNode-1-GrpcLogAppender-LogAppenderDaemon] INFO  server.GrpcLogAppender (GrpcLogAppender.java:installSnapshot(550)) - omNode-2@group-523986131536->omNode-1-GrpcLogAppender: followerNextIndex = 0 but logStartIndex = 11, notify follower to install snapshot-(t:3, i:11)
2021-11-02 20:13:15,180 [omNode-2@group-523986131536->omNode-1-GrpcLogAppender-LogAppenderDaemon] INFO  server.GrpcLogAppender (GrpcLogAppender.java:installSnapshot(558)) - omNode-2@group-523986131536->omNode-1-GrpcLogAppender: send omNode-2->omNode-1#0-t8,notify:(t:3, i:11)
2021-11-02 20:13:15,181 [grpc-default-executor-6] WARN  server.GrpcLogAppender (GrpcLogAppender.java:resetClient(110)) - omNode-2@group-523986131536->omNode-1-GrpcLogAppender: Leader has not got in touch with Follower omNode-2@group-523986131536->omNode-1(c-1,m0,n0, attendVote=false, lastRpcSendTime=0, lastRpcResponseTime=1582) yet, just keep nextIndex unchanged and retry.
2021-11-02 20:13:15,181 [grpc-default-executor-13] WARN  server.GrpcLogAppender (LogUtils.java:warn(122)) - omNode-2@group-523986131536->omNode-1-InstallSnapshotResponseHandler: Failed InstallSnapshot: org.apache.ratis.thirdparty.io.grpc.StatusRuntimeException: UNAVAILABLE: io exception
2021-11-02 20:13:15,185 [pool-311-thread-1] INFO  server.RaftServerConfigKeys (ConfUtils.java:logGet(44)) - raft.server.snapshot.auto.trigger.enabled = true (custom)
2021-11-02 20:13:15,185 [pool-311-thread-1] INFO  server.RaftServerConfigKeys (ConfUtils.java:logGet(44)) - raft.server.snapshot.auto.trigger.threshold = 50 (custom)
2021-11-02 20:13:15,185 [pool-311-thread-1] INFO  server.RaftServerConfigKeys (ConfUtils.java:logGet(44)) - raft.server.snapshot.retention.file.num = -1 (default)
2021-11-02 20:13:15,185 [pool-311-thread-1] INFO  server.RaftServerConfigKeys (ConfUtils.java:logGet(44)) - raft.server.log.purge.upto.snapshot.index = true (custom)
2021-11-02 20:13:15,185 [pool-311-thread-1] INFO  server.RaftServerConfigKeys (ConfUtils.java:logGet(44)) - raft.server.retrycache.expirytime = 30000ms (custom)
2021-11-02 20:13:15,185 [pool-311-thread-1] INFO  server.RaftServerConfigKeys (ConfUtils.java:logGet(44)) - raft.server.retrycache.statistics.expirytime = 100μs (default)
2021-11-02 20:13:15,185 [grpc-default-executor-13] WARN  server.GrpcLogAppender (GrpcLogAppender.java:resetClient(110)) - omNode-2@group-523986131536->omNode-1-GrpcLogAppender: Leader has not got in touch with Follower omNode-2@group-523986131536->omNode-1(c-1,m0,n0, attendVote=false, lastRpcSendTime=4, lastRpcResponseTime=1587) yet, just keep nextIndex unchanged and retry.
2021-11-02 20:13:15,186 [omNode-2@group-523986131536->omNode-1-GrpcLogAppender-LogAppenderDaemon] INFO  server.GrpcLogAppender (GrpcLogAppender.java:installSnapshot(550)) - omNode-2@group-523986131536->omNode-1-GrpcLogAppender: followerNextIndex = 0 but logStartIndex = 11, notify follower to install snapshot-(t:3, i:11)
2021-11-02 20:13:15,186 [omNode-2@group-523986131536->omNode-1-GrpcLogAppender-LogAppenderDaemon] INFO  server.GrpcLogAppender (GrpcLogAppender.java:installSnapshot(558)) - omNode-2@group-523986131536->omNode-1-GrpcLogAppender: send omNode-2->omNode-1#0-t8,notify:(t:3, i:11)
2021-11-02 20:13:15,187 [grpc-default-executor-11] WARN  server.GrpcLogAppender (LogUtils.java:warn(122)) - omNode-2@group-523986131536->omNode-1-InstallSnapshotResponseHandler: Failed InstallSnapshot: org.apache.ratis.thirdparty.io.grpc.StatusRuntimeException: UNAVAILABLE: io exception
2021-11-02 20:13:15,187 [Listener at localhost/10620] INFO  server.RaftServer$Division (RaftServerImpl.java:start(301)) - omNode-1@group-523986131536: start as a follower, conf=17: [omNode-3|rpc:localhost:10624|admin:|client:|dataStream:|priority:0, omNode-1|rpc:localhost:10612|admin:|client:|dataStream:|priority:0, omNode-2|rpc:localhost:10618|admin:|client:|dataStream:|priority:0], old=null
2021-11-02 20:13:15,187 [Listener at localhost/10620] INFO  server.RaftServer$Division (RaftServerImpl.java:setRole(290)) - omNode-1@group-523986131536: changes role from      null to FOLLOWER at term 8 for startAsFollower
2021-11-02 20:13:15,187 [Listener at localhost/10620] INFO  impl.RoleInfo (RoleInfo.java:updateAndGet(130)) - omNode-1: start omNode-1@group-523986131536-FollowerState
2021-11-02 20:13:15,187 [grpc-default-executor-11] WARN  server.GrpcLogAppender (GrpcLogAppender.java:resetClient(110)) - omNode-2@group-523986131536->omNode-1-GrpcLogAppender: Leader has not got in touch with Follower omNode-2@group-523986131536->omNode-1(c-1,m0,n0, attendVote=false, lastRpcSendTime=0, lastRpcResponseTime=1588) yet, just keep nextIndex unchanged and retry.
2021-11-02 20:13:15,187 [grpc-default-executor-6] WARN  server.GrpcLogAppender (LogUtils.java:warn(122)) - omNode-2@group-523986131536->omNode-1-AppendLogResponseHandler: Failed appendEntries: org.apache.ratis.thirdparty.io.grpc.StatusRuntimeException: UNAVAILABLE: io exception
2021-11-02 20:13:15,187 [grpc-default-executor-6] WARN  server.GrpcLogAppender (GrpcLogAppender.java:resetClient(110)) - omNode-2@group-523986131536->omNode-1-GrpcLogAppender: Leader has not got in touch with Follower omNode-2@group-523986131536->omNode-1(c-1,m0,n0, attendVote=false, lastRpcSendTime=1, lastRpcResponseTime=1589) yet, just keep nextIndex unchanged and retry.
2021-11-02 20:13:15,188 [omNode-2@group-523986131536->omNode-1-GrpcLogAppender-LogAppenderDaemon] INFO  server.GrpcLogAppender (GrpcLogAppender.java:installSnapshot(550)) - omNode-2@group-523986131536->omNode-1-GrpcLogAppender: followerNextIndex = 0 but logStartIndex = 11, notify follower to install snapshot-(t:3, i:11)
2021-11-02 20:13:15,188 [omNode-2@group-523986131536->omNode-1-GrpcLogAppender-LogAppenderDaemon] INFO  server.GrpcLogAppender (GrpcLogAppender.java:installSnapshot(558)) - omNode-2@group-523986131536->omNode-1-GrpcLogAppender: send omNode-2->omNode-1#0-t8,notify:(t:3, i:11)
2021-11-02 20:13:15,188 [grpc-default-executor-13] WARN  server.GrpcLogAppender (LogUtils.java:warn(122)) - omNode-2@group-523986131536->omNode-1-InstallSnapshotResponseHandler: Failed InstallSnapshot: org.apache.ratis.thirdparty.io.grpc.StatusRuntimeException: UNAVAILABLE: io exception
2021-11-02 20:13:15,188 [grpc-default-executor-11] WARN  server.GrpcLogAppender (LogUtils.java:warn(122)) - omNode-2@group-523986131536->omNode-1-AppendLogResponseHandler: Failed appendEntries: org.apache.ratis.thirdparty.io.grpc.StatusRuntimeException: UNAVAILABLE: io exception
2021-11-02 20:13:15,188 [grpc-default-executor-13] WARN  server.GrpcLogAppender (GrpcLogAppender.java:resetClient(110)) - omNode-2@group-523986131536->omNode-1-GrpcLogAppender: Leader has not got in touch with Follower omNode-2@group-523986131536->omNode-1(c-1,m0,n0, attendVote=false, lastRpcSendTime=0, lastRpcResponseTime=1590) yet, just keep nextIndex unchanged and retry.
2021-11-02 20:13:15,189 [grpc-default-executor-11] WARN  server.GrpcLogAppender (GrpcLogAppender.java:resetClient(110)) - omNode-2@group-523986131536->omNode-1-GrpcLogAppender: Leader has not got in touch with Follower omNode-2@group-523986131536->omNode-1(c-1,m0,n0, attendVote=false, lastRpcSendTime=1, lastRpcResponseTime=1590) yet, just keep nextIndex unchanged and retry.
2021-11-02 20:13:15,189 [omNode-2@group-523986131536->omNode-1-GrpcLogAppender-LogAppenderDaemon] INFO  server.GrpcLogAppender (GrpcLogAppender.java:installSnapshot(550)) - omNode-2@group-523986131536->omNode-1-GrpcLogAppender: followerNextIndex = 0 but logStartIndex = 11, notify follower to install snapshot-(t:3, i:11)
2021-11-02 20:13:15,189 [omNode-2@group-523986131536->omNode-1-GrpcLogAppender-LogAppenderDaemon] INFO  server.GrpcLogAppender (GrpcLogAppender.java:installSnapshot(558)) - omNode-2@group-523986131536->omNode-1-GrpcLogAppender: send omNode-2->omNode-1#0-t8,notify:(t:3, i:11)
2021-11-02 20:13:15,190 [grpc-default-executor-6] WARN  server.GrpcLogAppender (LogUtils.java:warn(122)) - omNode-2@group-523986131536->omNode-1-InstallSnapshotResponseHandler: Failed InstallSnapshot: org.apache.ratis.thirdparty.io.grpc.StatusRuntimeException: UNAVAILABLE: io exception
2021-11-02 20:13:15,190 [grpc-default-executor-13] WARN  server.GrpcLogAppender (LogUtils.java:warn(122)) - omNode-2@group-523986131536->omNode-1-AppendLogResponseHandler: Failed appendEntries: org.apache.ratis.thirdparty.io.grpc.StatusRuntimeException: UNAVAILABLE: io exception
2021-11-02 20:13:15,190 [grpc-default-executor-6] WARN  server.GrpcLogAppender (GrpcLogAppender.java:resetClient(110)) - omNode-2@group-523986131536->omNode-1-GrpcLogAppender: Leader has not got in touch with Follower omNode-2@group-523986131536->omNode-1(c-1,m0,n0, attendVote=false, lastRpcSendTime=0, lastRpcResponseTime=1592) yet, just keep nextIndex unchanged and retry.
2021-11-02 20:13:15,190 [grpc-default-executor-13] WARN  server.GrpcLogAppender (GrpcLogAppender.java:resetClient(110)) - omNode-2@group-523986131536->omNode-1-GrpcLogAppender: Leader has not got in touch with Follower omNode-2@group-523986131536->omNode-1(c-1,m0,n0, attendVote=false, lastRpcSendTime=1, lastRpcResponseTime=1592) yet, just keep nextIndex unchanged and retry.
2021-11-02 20:13:15,190 [omNode-2@group-523986131536->omNode-1-GrpcLogAppender-LogAppenderDaemon] INFO  server.GrpcLogAppender (GrpcLogAppender.java:installSnapshot(550)) - omNode-2@group-523986131536->omNode-1-GrpcLogAppender: followerNextIndex = 0 but logStartIndex = 11, notify follower to install snapshot-(t:3, i:11)
2021-11-02 20:13:15,191 [omNode-2@group-523986131536->omNode-1-GrpcLogAppender-LogAppenderDaemon] INFO  server.GrpcLogAppender (GrpcLogAppender.java:installSnapshot(558)) - omNode-2@group-523986131536->omNode-1-GrpcLogAppender: send omNode-2->omNode-1#0-t8,notify:(t:3, i:11)
2021-11-02 20:13:15,201 [Listener at localhost/10620] INFO  util.JmxRegister (JmxRegister.java:tryRegister(44)) - Successfully registered JMX Bean with object name Ratis:service=RaftServer,group=group-523986131536,id=omNode-1
2021-11-02 20:13:15,202 [Listener at localhost/10620] INFO  server.RaftServer (RaftServerProxy.java:lambda$start$5(374)) - omNode-1: start RPC server
2021-11-02 20:13:15,202 [Listener at localhost/10620] INFO  server.GrpcService (GrpcService.java:startImpl(253)) - omNode-1: GrpcService started, listening on 10612
2021-11-02 20:13:15,203 [Listener at localhost/10620] INFO  ipc.CallQueueManager (CallQueueManager.java:<init>(90)) - Using callQueue: class java.util.concurrent.LinkedBlockingQueue, queueCapacity: 2000, scheduler: class org.apache.hadoop.ipc.DefaultRpcScheduler, ipcBackoff: false.
2021-11-02 20:13:15,204 [org.apache.ratis.util.JvmPauseMonitor$$Lambda$523/614850410@47a435f2] INFO  util.JvmPauseMonitor (JvmPauseMonitor.java:run(103)) - JvmPauseMonitor-omNode-1: Started
2021-11-02 20:13:15,204 [Socket Reader #1 for port 10608] INFO  ipc.Server (Server.java:run(1265)) - Starting Socket Reader #1 for port 10608
2021-11-02 20:13:15,207 [Listener at localhost/10608] INFO  http.BaseHttpServer (BaseHttpServer.java:newHttpServer2BuilderForOzone(209)) - Starting Web-server for ozoneManager at: http://0.0.0.0:10610
2021-11-02 20:13:15,208 [Listener at localhost/10608] INFO  http.BaseHttpServer (BaseHttpServer.java:<init>(107)) - Hadoop Security Enabled: false Ozone Security Enabled: false Ozone HTTP Security Enabled: false 
2021-11-02 20:13:15,209 [Listener at localhost/10608] INFO  server.AuthenticationFilter (AuthenticationFilter.java:constructSecretProvider(240)) - Unable to initialize FileSignerSecretProvider, falling back to use random secrets.
2021-11-02 20:13:15,209 [Listener at localhost/10608] WARN  http.HttpRequestLog (HttpRequestLog.java:getRequestLog(103)) - Jetty request log can only be enabled using Log4j
2021-11-02 20:13:15,210 [Listener at localhost/10608] INFO  http.HttpServer2 (HttpServer2.java:addGlobalFilter(1030)) - Added global filter 'safety' (class=org.apache.hadoop.hdds.server.http.HttpServer2$QuotingInputFilter)
2021-11-02 20:13:15,210 [Listener at localhost/10608] INFO  http.HttpServer2 (HttpServer2.java:addFilter(1006)) - Added filter static_user_filter (class=org.apache.hadoop.http.lib.StaticUserWebFilter$StaticUserFilter) to context ozoneManager
2021-11-02 20:13:15,210 [Listener at localhost/10608] INFO  http.HttpServer2 (HttpServer2.java:addFilter(1014)) - Added filter static_user_filter (class=org.apache.hadoop.http.lib.StaticUserWebFilter$StaticUserFilter) to context logs
2021-11-02 20:13:15,211 [Listener at localhost/10608] INFO  http.HttpServer2 (HttpServer2.java:addFilter(1014)) - Added filter static_user_filter (class=org.apache.hadoop.http.lib.StaticUserWebFilter$StaticUserFilter) to context static
2021-11-02 20:13:15,211 [Listener at localhost/10608] INFO  http.HttpServer2 (HttpServer2.java:bindListener(1249)) - Jetty bound to port 10610
2021-11-02 20:13:15,211 [grpc-default-executor-11] WARN  server.GrpcLogAppender (LogUtils.java:warn(122)) - omNode-2@group-523986131536->omNode-1-AppendLogResponseHandler: Failed appendEntries: org.apache.ratis.thirdparty.io.grpc.StatusRuntimeException: UNAVAILABLE: io exception
2021-11-02 20:13:15,211 [grpc-default-executor-11] WARN  server.GrpcLogAppender (GrpcLogAppender.java:resetClient(110)) - omNode-2@group-523986131536->omNode-1-GrpcLogAppender: Leader has not got in touch with Follower omNode-2@group-523986131536->omNode-1(c-1,m0,n0, attendVote=false, lastRpcSendTime=20, lastRpcResponseTime=1613) yet, just keep nextIndex unchanged and retry.
2021-11-02 20:13:15,212 [grpc-default-executor-11] WARN  server.GrpcLogAppender (LogUtils.java:warn(122)) - omNode-2@group-523986131536->omNode-1-InstallSnapshotResponseHandler: Failed InstallSnapshot: org.apache.ratis.thirdparty.io.grpc.StatusRuntimeException: UNAVAILABLE: io exception
2021-11-02 20:13:15,212 [grpc-default-executor-11] WARN  server.GrpcLogAppender (GrpcLogAppender.java:resetClient(110)) - omNode-2@group-523986131536->omNode-1-GrpcLogAppender: Leader has not got in touch with Follower omNode-2@group-523986131536->omNode-1(c-1,m0,n0, attendVote=false, lastRpcSendTime=21, lastRpcResponseTime=1614) yet, just keep nextIndex unchanged and retry.
2021-11-02 20:13:15,212 [omNode-2@group-523986131536->omNode-1-GrpcLogAppender-LogAppenderDaemon] INFO  server.GrpcLogAppender (GrpcLogAppender.java:installSnapshot(550)) - omNode-2@group-523986131536->omNode-1-GrpcLogAppender: followerNextIndex = 0 but logStartIndex = 11, notify follower to install snapshot-(t:3, i:11)
2021-11-02 20:13:15,213 [omNode-2@group-523986131536->omNode-1-GrpcLogAppender-LogAppenderDaemon] INFO  server.GrpcLogAppender (GrpcLogAppender.java:installSnapshot(558)) - omNode-2@group-523986131536->omNode-1-GrpcLogAppender: send omNode-2->omNode-1#0-t8,notify:(t:3, i:11)
2021-11-02 20:13:15,215 [Listener at localhost/10608] INFO  server.Server (Server.java:doStart(375)) - jetty-9.4.43.v20210629; built: 2021-06-30T11:07:22.254Z; git: 526006ecfa3af7f1a27ef3a288e2bef7ea9dd7e8; jvm 1.8.0_292-b10
2021-11-02 20:13:15,217 [grpc-default-executor-6] INFO  server.RaftServer$Division (ServerState.java:setLeader(285)) - omNode-1@group-523986131536: change Leader from null to omNode-2 at term 8 for appendEntries, leader elected after 43ms
2021-11-02 20:13:15,218 [Listener at localhost/10608] INFO  server.session (DefaultSessionIdManager.java:doStart(334)) - DefaultSessionIdManager workerName=node0
2021-11-02 20:13:15,218 [Listener at localhost/10608] INFO  server.session (DefaultSessionIdManager.java:doStart(339)) - No SessionScavenger set, using defaults
2021-11-02 20:13:15,218 [Listener at localhost/10608] INFO  server.session (HouseKeeper.java:startScavenging(132)) - node0 Scavenging every 660000ms
2021-11-02 20:13:15,219 [Listener at localhost/10608] INFO  handler.ContextHandler (ContextHandler.java:doStart(915)) - Started o.e.j.s.ServletContextHandler@44e65d73{logs,/logs,file:///home/runner/work/ozone/ozone/hadoop-ozone/integration-test/target/log,AVAILABLE}
2021-11-02 20:13:15,219 [Listener at localhost/10608] INFO  handler.ContextHandler (ContextHandler.java:doStart(915)) - Started o.e.j.s.ServletContextHandler@4ffe1a45{static,/static,file:///home/runner/work/ozone/ozone/hadoop-ozone/integration-test/target/test-classes/webapps/static,AVAILABLE}
2021-11-02 20:13:15,221 [grpc-default-executor-11] INFO  server.RaftServer$Division (RaftServerImpl.java:installSnapshot(1332)) - omNode-1@group-523986131536: receive installSnapshot: omNode-2->omNode-1#0-t8,notify:(t:3, i:11)
2021-11-02 20:13:15,223 [grpc-default-executor-11] INFO  server.RaftServer$Division (RaftServerImpl.java:notifyStateMachineToInstallSnapshot(1551)) - omNode-1@group-523986131536: Received notification to install snapshot at index 11
2021-11-02 20:13:15,223 [grpc-default-executor-11] INFO  server.RaftServer$Division (RaftServerImpl.java:notifyStateMachineToInstallSnapshot(1559)) - omNode-1@group-523986131536: InstallSnapshot notification result: ALREADY_INSTALLED, current snapshot index: 10
2021-11-02 20:13:15,224 [grpc-default-executor-11] INFO  server.RaftServer$Division (RaftServerImpl.java:installSnapshotImpl(1462)) - omNode-1@group-523986131536: set new configuration index: 21
configurationEntry {
  peers {
    id: "omNode-3"
    address: "localhost:10624"
  }
  peers {
    id: "omNode-1"
    address: "localhost:10612"
  }
  peers {
    id: "omNode-2"
    address: "localhost:10618"
  }
}
 from snapshot
2021-11-02 20:13:15,224 [grpc-default-executor-11] INFO  server.RaftServer$Division (ServerState.java:setRaftConf(387)) - omNode-1@group-523986131536: set configuration 21: [omNode-3|rpc:localhost:10624|admin:|client:|dataStream:|priority:0, omNode-1|rpc:localhost:10612|admin:|client:|dataStream:|priority:0, omNode-2|rpc:localhost:10618|admin:|client:|dataStream:|priority:0], old=null
2021-11-02 20:13:15,225 [grpc-default-executor-11] INFO  ratis.OzoneManagerStateMachine (OzoneManagerStateMachine.java:notifyConfigurationChanged(188)) - Received Configuration change notification from Ratis. New Peer list:
[id: "omNode-3"
address: "localhost:10624"
, id: "omNode-1"
address: "localhost:10612"
, id: "omNode-2"
address: "localhost:10618"
]
2021-11-02 20:13:15,225 [grpc-default-executor-11] INFO  server.RaftServer$Division (RaftServerImpl.java:installSnapshot(1343)) - omNode-1@group-523986131536: reply installSnapshot: omNode-2<-omNode-1#0:FAIL-t8,ALREADY_INSTALLED,snapshotIndex=10
2021-11-02 20:13:15,225 [grpc-default-executor-11] INFO  server.GrpcServerProtocolService (GrpcServerProtocolService.java:onCompleted(140)) - omNode-1: Completed INSTALL_SNAPSHOT, lastRequest: omNode-2->omNode-1#0-t8,notify:(t:3, i:11)
2021-11-02 20:13:15,226 [grpc-default-executor-11] INFO  server.GrpcLogAppender (GrpcLogAppender.java:onNext(410)) - omNode-2@group-523986131536->omNode-1-InstallSnapshotResponseHandler: received the first reply omNode-2<-omNode-1#0:FAIL-t8,ALREADY_INSTALLED,snapshotIndex=10
2021-11-02 20:13:15,226 [grpc-default-executor-11] INFO  server.GrpcLogAppender (GrpcLogAppender.java:onNext(433)) - omNode-2@group-523986131536->omNode-1-InstallSnapshotResponseHandler: Follower snapshot is already at index 10.
2021-11-02 20:13:15,226 [grpc-default-executor-11] INFO  leader.FollowerInfo (FollowerInfoImpl.java:lambda$new$0(47)) - omNode-2@group-523986131536->omNode-1: snapshotIndex: setUnconditionally 0 -> 10
2021-11-02 20:13:15,226 [grpc-default-executor-11] INFO  leader.FollowerInfo (FollowerInfoImpl.java:lambda$new$0(47)) - omNode-2@group-523986131536->omNode-1: matchIndex: setUnconditionally 0 -> 10
2021-11-02 20:13:15,226 [grpc-default-executor-11] INFO  leader.FollowerInfo (FollowerInfoImpl.java:lambda$new$0(47)) - omNode-2@group-523986131536->omNode-1: nextIndex: setUnconditionally 0 -> 11
2021-11-02 20:13:15,227 [grpc-default-executor-11] INFO  leader.FollowerInfo (FollowerInfoImpl.java:setAttemptedToInstallSnapshot(116)) - Follower omNode-2@group-523986131536->omNode-1 acknowledged installing snapshot
2021-11-02 20:13:15,227 [grpc-default-executor-11] INFO  leader.FollowerInfo (FollowerInfoImpl.java:lambda$new$0(47)) - omNode-2@group-523986131536->omNode-1: nextIndex: updateToMax old=11, new=11, updated? false
2021-11-02 20:13:15,236 [Listener at localhost/10608] INFO  handler.ContextHandler (ContextHandler.java:doStart(915)) - Started o.e.j.w.WebAppContext@78f702e2{ozoneManager,/,file:///home/runner/work/ozone/ozone/hadoop-ozone/integration-test/target/test-classes/webapps/ozoneManager/,AVAILABLE}{file:/home/runner/work/ozone/ozone/hadoop-ozone/integration-test/target/test-classes/webapps/ozoneManager}
2021-11-02 20:13:15,244 [Listener at localhost/10608] INFO  server.AbstractConnector (AbstractConnector.java:doStart(331)) - Started ServerConnector@2b3ffe42{HTTP/1.1, (http/1.1)}{0.0.0.0:10610}
2021-11-02 20:13:15,245 [Listener at localhost/10608] INFO  server.Server (Server.java:doStart(415)) - Started @282724ms
2021-11-02 20:13:15,245 [Listener at localhost/10608] WARN  impl.MetricsSystemImpl (MetricsSystemImpl.java:register(279)) - Sink prometheus already exists!
2021-11-02 20:13:15,246 [Listener at localhost/10608] INFO  http.BaseHttpServer (BaseHttpServer.java:updateConnectorAddress(329)) - HTTP server of ozoneManager listening at http://0.0.0.0:10610
2021-11-02 20:13:15,251 [IPC Server Responder] INFO  ipc.Server (Server.java:run(1507)) - IPC Server Responder: starting
2021-11-02 20:13:15,252 [IPC Server listener on 10608] INFO  ipc.Server (Server.java:run(1344)) - IPC Server listener on 10608: starting
2021-11-02 20:13:15,260 [Listener at localhost/10608] INFO  om.OzoneManager (OzoneManager.java:startTrashEmptier(1596)) - Trash Interval set to 0. Files deleted will not move to trash
2021-11-02 20:13:15,260 [Listener at localhost/10608] INFO  om.OzoneManager (OzoneManager.java:stop(1697)) - Stopping Ozone Manager
2021-11-02 20:13:15,260 [Listener at localhost/10608] INFO  ipc.Server (Server.java:stop(3414)) - Stopping server on 10614
2021-11-02 20:13:15,264 [org.apache.hadoop.util.JvmPauseMonitor$Monitor@61fe3e6b] INFO  util.JvmPauseMonitor (JvmPauseMonitor.java:run(188)) - Starting JVM pause monitor
2021-11-02 20:13:15,265 [IPC Server listener on 10614] INFO  ipc.Server (Server.java:run(1376)) - Stopping IPC Server listener on 10614
2021-11-02 20:13:15,265 [IPC Server Responder] INFO  ipc.Server (Server.java:run(1512)) - Stopping IPC Server Responder
2021-11-02 20:13:15,265 [Listener at localhost/10608] INFO  server.RaftServer (RaftServerProxy.java:lambda$close$6(391)) - omNode-2: close
2021-11-02 20:13:15,265 [Listener at localhost/10608] INFO  server.RaftServer$Division (RaftServerImpl.java:lambda$close$4(412)) - omNode-2@group-523986131536: shutdown
2021-11-02 20:13:15,265 [Listener at localhost/10608] INFO  util.JmxRegister (JmxRegister.java:unregister(73)) - Successfully un-registered JMX Bean with object name Ratis:service=RaftServer,group=group-523986131536,id=omNode-2
2021-11-02 20:13:15,266 [Listener at localhost/10608] INFO  impl.RoleInfo (RoleInfo.java:shutdownLeaderState(91)) - omNode-2: shutdown omNode-2@group-523986131536-LeaderStateImpl
2021-11-02 20:13:15,266 [Listener at localhost/10608] INFO  impl.PendingRequests (PendingRequests.java:sendNotLeaderResponses(282)) - omNode-2@group-523986131536-PendingRequests: sendNotLeaderResponses
2021-11-02 20:13:15,266 [omNode-2@group-523986131536->omNode-1-GrpcLogAppender-LogAppenderDaemon] WARN  server.GrpcLogAppender (GrpcLogAppender.java:mayWait(177)) - omNode-2@group-523986131536->omNode-1-GrpcLogAppender: Wait interrupted by java.lang.InterruptedException
2021-11-02 20:13:15,268 [grpc-default-executor-6] INFO  server.GrpcServerProtocolService (GrpcServerProtocolService.java:onCompleted(140)) - omNode-1: Completed APPEND_ENTRIES, lastRequest: omNode-2->omNode-1#259-t8,previous=(t:0, i:0),leaderCommit=11,initializing? false,entries: size=11, first=(t:3, i:11), CONFIGURATIONENTRY
2021-11-02 20:13:15,269 [Listener at localhost/10608] INFO  impl.StateMachineUpdater (StateMachineUpdater.java:stopAndJoin(149)) - omNode-2@group-523986131536-StateMachineUpdater: set stopIndex = 20
2021-11-02 20:13:15,269 [grpc-default-executor-11] INFO  server.GrpcLogAppender (GrpcLogAppender.java:onCompleted(346)) - omNode-2@group-523986131536->omNode-1-AppendLogResponseHandler: follower responses appendEntries COMPLETED
2021-11-02 20:13:15,269 [grpc-default-executor-11] INFO  leader.FollowerInfo (FollowerInfoImpl.java:lambda$new$0(47)) - omNode-2@group-523986131536->omNode-1: nextIndex: updateUnconditionally 22 -> 11
2021-11-02 20:13:15,269 [omNode-2@group-523986131536-StateMachineUpdater] INFO  ratis.OzoneManagerStateMachine (OzoneManagerStateMachine.java:takeSnapshot(417)) - Current Snapshot Index (t:5, i:20)
2021-11-02 20:13:15,269 [omNode-2@group-523986131536-StateMachineUpdater] INFO  impl.StateMachineUpdater (StateMachineUpdater.java:takeSnapshot(281)) - omNode-2@group-523986131536-StateMachineUpdater: Took a snapshot at index 20
2021-11-02 20:13:15,269 [omNode-2@group-523986131536-StateMachineUpdater] INFO  impl.StateMachineUpdater (StateMachineUpdater.java:lambda$new$0(89)) - omNode-2@group-523986131536-StateMachineUpdater: snapshotIndex: updateIncreasingly 16 -> 20
2021-11-02 20:13:15,270 [omNode-2@group-523986131536-StateMachineUpdater] INFO  ratis.OzoneManagerStateMachine (OzoneManagerStateMachine.java:close(471)) - StateMachine has shutdown. Shutdown OzoneManager if not already shutdown.
2021-11-02 20:13:15,270 [Listener at localhost/10608] INFO  server.RaftServer$Division (ServerState.java:close(419)) - omNode-2@group-523986131536: closes. applyIndex: 20
2021-11-02 20:13:15,272 [omNode-2@group-523986131536-SegmentedRaftLogWorker] INFO  segmented.SegmentedRaftLogWorker (SegmentedRaftLogWorker.java:run(327)) - omNode-2@group-523986131536-SegmentedRaftLogWorker was interrupted, exiting. There are 0 tasks remaining in the queue.
2021-11-02 20:13:15,273 [Listener at localhost/10608] INFO  segmented.SegmentedRaftLogWorker (SegmentedRaftLogWorker.java:close(237)) - omNode-2@group-523986131536-SegmentedRaftLogWorker close()
2021-11-02 20:13:15,275 [Listener at localhost/10608] INFO  server.GrpcService (GrpcService.java:closeImpl(262)) - omNode-2: shutdown server with port 10618 now
2021-11-02 20:13:15,280 [Listener at localhost/10608] INFO  server.GrpcService (GrpcService.java:closeImpl(271)) - omNode-2: shutdown server with port 10618 successfully
2021-11-02 20:13:15,280 [org.apache.ratis.util.JvmPauseMonitor$$Lambda$523/614850410@67a4e178] INFO  util.JvmPauseMonitor (JvmPauseMonitor.java:run(109)) - JvmPauseMonitor-omNode-2: Stopped
2021-11-02 20:13:15,283 [Listener at localhost/10608] INFO  ratis.OzoneManagerDoubleBuffer (OzoneManagerDoubleBuffer.java:stop(437)) - Stopping OMDoubleBuffer flush thread
2021-11-02 20:13:15,283 [OMDoubleBufferFlushThread] INFO  ratis.OzoneManagerDoubleBuffer (OzoneManagerDoubleBuffer.java:flushTransactions(356)) - OMDoubleBuffer flush thread OMDoubleBufferFlushThread is interrupted and will exit. OMDoubleBufferFlushThread
2021-11-02 20:13:15,284 [Listener at localhost/10608] INFO  handler.ContextHandler (ContextHandler.java:doStop(1153)) - Stopped o.e.j.w.WebAppContext@429ddee{ozoneManager,/,null,STOPPED}{file:/home/runner/work/ozone/ozone/hadoop-ozone/integration-test/target/test-classes/webapps/ozoneManager}
2021-11-02 20:13:15,284 [Listener at localhost/10608] INFO  server.AbstractConnector (AbstractConnector.java:doStop(381)) - Stopped ServerConnector@6f456ab5{HTTP/1.1, (http/1.1)}{0.0.0.0:10616}
2021-11-02 20:13:15,284 [Listener at localhost/10608] INFO  server.session (HouseKeeper.java:stopScavenging(149)) - node0 Stopped scavenging
2021-11-02 20:13:15,285 [Listener at localhost/10608] INFO  handler.ContextHandler (ContextHandler.java:doStop(1153)) - Stopped o.e.j.s.ServletContextHandler@212231fb{static,/static,file:///home/runner/work/ozone/ozone/hadoop-ozone/integration-test/target/test-classes/webapps/static,STOPPED}
2021-11-02 20:13:15,285 [Listener at localhost/10608] INFO  handler.ContextHandler (ContextHandler.java:doStop(1153)) - Stopped o.e.j.s.ServletContextHandler@1dbad38c{logs,/logs,file:///home/runner/work/ozone/ozone/hadoop-ozone/integration-test/target/log,STOPPED}
2021-11-02 20:13:15,289 [Listener at localhost/10608] INFO  om.OzoneManager (OzoneManager.java:initFSOLayout(3662)) - Configured ozone.om.metadata.layout=SIMPLE and disabled optimized OM FS operations
2021-11-02 20:13:15,289 [Listener at localhost/10608] INFO  om.OzoneManager (OzoneManager.java:restart(1412)) - OzoneManager RPC server is listening at localhost/127.0.0.1:10614
2021-11-02 20:13:15,289 [Listener at localhost/10608] INFO  impl.MetricsSystemImpl (MetricsSystemImpl.java:init(158)) - OzoneManager metrics system started (again)
2021-11-02 20:13:15,308 [Listener at localhost/10608] WARN  server.ServerUtils (ServerUtils.java:getDBPath(225)) - ozone.om.db.dirs is not configured. We recommend adding this setting. Falling back to ozone.metadata.dirs instead.
2021-11-02 20:13:15,309 [Listener at localhost/10608] INFO  codec.OmKeyInfoCodec (OmKeyInfoCodec.java:<init>(51)) - OmKeyInfoCodec ignorePipeline = true
2021-11-02 20:13:15,310 [Listener at localhost/10608] INFO  codec.RepeatedOmKeyInfoCodec (RepeatedOmKeyInfoCodec.java:<init>(42)) - RepeatedOmKeyInfoCodec ignorePipeline = true
2021-11-02 20:13:15,344 [Listener at localhost/10608] WARN  impl.MetricRegistriesImpl (MetricRegistriesImpl.java:addReporterRegistration(111)) - New reporters are added after registries were created. Some metrics will be missing from the reporter. Please add reporter before adding any new registry.
2021-11-02 20:13:15,344 [Listener at localhost/10608] WARN  impl.MetricRegistriesImpl (MetricRegistriesImpl.java:addReporterRegistration(111)) - New reporters are added after registries were created. Some metrics will be missing from the reporter. Please add reporter before adding any new registry.
2021-11-02 20:13:15,345 [Listener at localhost/10608] WARN  server.ServerUtils (ServerUtils.java:getDefaultRatisDirectory(237)) - Storage directory for Ratis is not configured. It is a good idea to map this to an SSD disk. Falling back to ozone.metadata.dirs
2021-11-02 20:13:15,346 [Listener at localhost/10608] INFO  ratis.OzoneManagerRatisServer (OzoneManagerRatisServer.java:<init>(159)) - Instantiating OM Ratis server with groupID: om-service-test1 and peers: localhost:10618, localhost:10624, localhost:10612
2021-11-02 20:13:15,346 [Listener at localhost/10608] INFO  ratis.OzoneManagerStateMachine (OzoneManagerStateMachine.java:loadSnapshotInfoFromDB(605)) - LastAppliedIndex is set from TransactionInfo from OM DB as (t:5, i:20)
2021-11-02 20:13:15,347 [Listener at localhost/10608] INFO  server.RaftServer (ConfUtils.java:logGet(44)) - raft.rpc.type = GRPC (default)
2021-11-02 20:13:15,347 [Listener at localhost/10608] INFO  grpc.GrpcFactory (GrpcFactory.java:checkPooledByteBufAllocatorUseCacheForAllThreads(48)) - PERFORMANCE WARNING: useCacheForAllThreads is true that may cause Netty to create a lot garbage objects and, as a result, trigger GC.
	It is recommended to disable useCacheForAllThreads by setting -Dorg.apache.ratis.thirdparty.io.netty.allocator.useCacheForAllThreads=false in command line.
2021-11-02 20:13:15,348 [Listener at localhost/10608] INFO  grpc.GrpcConfigKeys (ConfUtils.java:logGet(44)) - raft.grpc.admin.port = -1 (default)
2021-11-02 20:13:15,348 [Listener at localhost/10608] INFO  grpc.GrpcConfigKeys (ConfUtils.java:logGet(44)) - raft.grpc.server.port = 10618 (custom)
2021-11-02 20:13:15,348 [Listener at localhost/10608] INFO  grpc.GrpcConfigKeys (ConfUtils.java:logGet(44)) - raft.grpc.client.port = -1 (default)
2021-11-02 20:13:15,348 [Listener at localhost/10608] INFO  grpc.GrpcConfigKeys (ConfUtils.java:logGet(44)) - raft.grpc.server.port = 10618 (custom)
2021-11-02 20:13:15,348 [Listener at localhost/10608] INFO  grpc.GrpcConfigKeys (ConfUtils.java:logGet(44)) - raft.grpc.server.port = 10618 (custom)
2021-11-02 20:13:15,348 [Listener at localhost/10608] INFO  server.GrpcService (ConfUtils.java:logGet(44)) - raft.grpc.message.size.max = 33554432 (custom)
2021-11-02 20:13:15,348 [Listener at localhost/10608] INFO  server.RaftServerConfigKeys (ConfUtils.java:logGet(44)) - raft.server.log.appender.buffer.byte-limit = 33554432 (custom)
2021-11-02 20:13:15,348 [Listener at localhost/10608] INFO  server.GrpcService (ConfUtils.java:logGet(44)) - raft.grpc.flow.control.window = 1MB (=1048576) (default)
2021-11-02 20:13:15,348 [Listener at localhost/10608] INFO  server.RaftServerConfigKeys (ConfUtils.java:logGet(44)) - raft.server.rpc.request.timeout = 3000ms (default)
2021-11-02 20:13:15,349 [Listener at localhost/10608] INFO  impl.DataStreamServerImpl (ConfUtils.java:logGet(44)) - raft.datastream.type = DISABLED (default)
2021-11-02 20:13:15,349 [Listener at localhost/10608] INFO  server.RaftServerConfigKeys (ConfUtils.java:logGet(44)) - raft.server.rpc.slowness.timeout = 2s (custom)
2021-11-02 20:13:15,349 [Listener at localhost/10608] INFO  server.RaftServerConfigKeys (ConfUtils.java:logGet(44)) - raft.server.leaderelection.leader.step-down.wait-time = 10s (default)
2021-11-02 20:13:15,350 [Listener at localhost/10608] INFO  server.RaftServerConfigKeys (ConfUtils.java:logGet(44)) - raft.server.storage.dir = [/home/runner/work/ozone/ozone/hadoop-ozone/integration-test/target/test-dir/MiniOzoneClusterImpl-76263e8f-62ab-412a-8766-4a189fbce95f/omNode-2/ratis] (custom)
2021-11-02 20:13:15,350 [Listener at localhost/10608] INFO  server.RaftServer (RaftServerProxy.java:lambda$null$1(235)) - omNode-2: found a subdirectory /home/runner/work/ozone/ozone/hadoop-ozone/integration-test/target/test-dir/MiniOzoneClusterImpl-76263e8f-62ab-412a-8766-4a189fbce95f/omNode-2/ratis/c9bc4cf4-3bc3-3c60-a66b-523986131536
2021-11-02 20:13:15,350 [Listener at localhost/10608] INFO  server.RaftServer (RaftServerProxy.java:addNew(95)) - omNode-2: addNew group-523986131536:[omNode-3|rpc:localhost:10624|priority:0, omNode-1|rpc:localhost:10612|priority:0, omNode-2|rpc:localhost:10618|priority:0] returns group-523986131536:java.util.concurrent.CompletableFuture@60e23906[Not completed]
2021-11-02 20:13:15,350 [Listener at localhost/10608] INFO  om.OzoneManager (OzoneManager.java:initializeRatisServer(1638)) - OzoneManager Ratis server initialized at port 10618
2021-11-02 20:13:15,350 [Listener at localhost/10608] INFO  ratis.OzoneManagerRatisServer (OzoneManagerRatisServer.java:start(522)) - Starting OzoneManagerRatisServer omNode-2 at port 10618
2021-11-02 20:13:15,350 [pool-331-thread-1] INFO  server.RaftServer$Division (RaftServerImpl.java:<init>(184)) - omNode-2: new RaftServerImpl for group-523986131536:[omNode-3|rpc:localhost:10624|priority:0, omNode-1|rpc:localhost:10612|priority:0, omNode-2|rpc:localhost:10618|priority:0] with OzoneManagerStateMachine:uninitialized
2021-11-02 20:13:15,351 [pool-331-thread-1] INFO  server.RaftServerConfigKeys (ConfUtils.java:logGet(44)) - raft.server.rpc.timeout.min = 1s (custom)
2021-11-02 20:13:15,351 [pool-331-thread-1] INFO  server.RaftServerConfigKeys (ConfUtils.java:logGet(44)) - raft.server.rpc.timeout.max = 1200ms (custom)
2021-11-02 20:13:15,351 [pool-331-thread-1] INFO  server.RaftServerConfigKeys (ConfUtils.java:logGet(44)) - raft.server.rpc.sleep.time = 25ms (default)
2021-11-02 20:13:15,351 [pool-331-thread-1] INFO  server.RaftServerConfigKeys (ConfUtils.java:logGet(44)) - raft.server.rpc.slowness.timeout = 2s (custom)
2021-11-02 20:13:15,351 [pool-331-thread-1] INFO  server.RaftServerConfigKeys (ConfUtils.java:logGet(44)) - raft.server.leaderelection.leader.step-down.wait-time = 10s (default)
2021-11-02 20:13:15,351 [pool-331-thread-1] INFO  server.RaftServerConfigKeys (ConfUtils.java:logGet(44)) - raft.server.sleep.deviation.threshold = 300ms (default)
2021-11-02 20:13:15,352 [pool-331-thread-1] INFO  server.RaftServerConfigKeys (ConfUtils.java:logGet(44)) - raft.server.log.appender.install.snapshot.enabled = false (custom)
2021-11-02 20:13:15,352 [pool-331-thread-1] INFO  server.RaftServer$Division (ServerState.java:<init>(105)) - omNode-2@group-523986131536: ConfigurationManager, init=-1: [omNode-3|rpc:localhost:10624|priority:0, omNode-1|rpc:localhost:10612|priority:0, omNode-2|rpc:localhost:10618|priority:0], old=null, confs=<EMPTY_MAP>
2021-11-02 20:13:15,352 [pool-331-thread-1] INFO  server.RaftServerConfigKeys (ConfUtils.java:logGet(44)) - raft.server.storage.dir = [/home/runner/work/ozone/ozone/hadoop-ozone/integration-test/target/test-dir/MiniOzoneClusterImpl-76263e8f-62ab-412a-8766-4a189fbce95f/omNode-2/ratis] (custom)
2021-11-02 20:13:15,355 [pool-331-thread-1] INFO  server.RaftServerConfigKeys (ConfUtils.java:logGet(44)) - raft.server.log.corruption.policy = EXCEPTION (default)
2021-11-02 20:13:15,355 [pool-331-thread-1] INFO  server.RaftServerConfigKeys (ConfUtils.java:logGet(44)) - raft.server.storage.free-space.min = 0MB (=0) (default)
2021-11-02 20:13:15,356 [pool-331-thread-1] INFO  storage.RaftStorageDirectory (RaftStorageDirectoryImpl.java:tryLock(230)) - Lock on /home/runner/work/ozone/ozone/hadoop-ozone/integration-test/target/test-dir/MiniOzoneClusterImpl-76263e8f-62ab-412a-8766-4a189fbce95f/omNode-2/ratis/c9bc4cf4-3bc3-3c60-a66b-523986131536/in_use.lock acquired by nodename 14135@fv-az270-10
2021-11-02 20:13:15,357 [pool-331-thread-1] INFO  storage.RaftStorage (RaftStorageImpl.java:analyzeAndRecoverStorage(110)) - Read RaftStorageMetadata{term=8, votedFor=omNode-2} from /home/runner/work/ozone/ozone/hadoop-ozone/integration-test/target/test-dir/MiniOzoneClusterImpl-76263e8f-62ab-412a-8766-4a189fbce95f/omNode-2/ratis/c9bc4cf4-3bc3-3c60-a66b-523986131536/current/raft-meta
2021-11-02 20:13:15,357 [pool-331-thread-1] INFO  server.RaftServer$Division (ServerState.java:setRaftConf(387)) - omNode-2@group-523986131536: set configuration 17: [omNode-3|rpc:localhost:10624|admin:|client:|dataStream:|priority:0, omNode-1|rpc:localhost:10612|admin:|client:|dataStream:|priority:0, omNode-2|rpc:localhost:10618|admin:|client:|dataStream:|priority:0], old=null
2021-11-02 20:13:15,357 [pool-331-thread-1] INFO  server.RaftServerConfigKeys (ConfUtils.java:logGet(44)) - raft.server.notification.no-leader.timeout = 2s (custom)
2021-11-02 20:13:15,357 [pool-331-thread-1] INFO  server.RaftServerConfigKeys (ConfUtils.java:logGet(44)) - raft.server.log.use.memory = false (default)
2021-11-02 20:13:15,357 [pool-331-thread-1] INFO  server.RaftServerConfigKeys (ConfUtils.java:logGet(44)) - raft.server.log.purge.gap = 50 (custom)
2021-11-02 20:13:15,358 [pool-331-thread-1] INFO  server.RaftServerConfigKeys (ConfUtils.java:logGet(44)) - raft.server.log.appender.buffer.byte-limit = 33554432 (custom)
2021-11-02 20:13:15,358 [pool-331-thread-1] INFO  server.RaftServerConfigKeys (ConfUtils.java:logGet(44)) - raft.server.log.segment.size.max = 4194304 (custom)
2021-11-02 20:13:15,358 [pool-331-thread-1] INFO  server.RaftServerConfigKeys (ConfUtils.java:logGet(44)) - raft.server.log.segment.cache.num.max = 2 (custom)
2021-11-02 20:13:15,358 [pool-331-thread-1] INFO  server.RaftServerConfigKeys (ConfUtils.java:logGet(44)) - raft.server.log.segment.cache.size.max = 200MB (=209715200) (default)
2021-11-02 20:13:15,358 [pool-331-thread-1] INFO  segmented.SegmentedRaftLogWorker (SegmentedRaftLogWorker.java:<init>(182)) - new omNode-2@group-523986131536-SegmentedRaftLogWorker for RaftStorageImpl:Storage Directory /home/runner/work/ozone/ozone/hadoop-ozone/integration-test/target/test-dir/MiniOzoneClusterImpl-76263e8f-62ab-412a-8766-4a189fbce95f/omNode-2/ratis/c9bc4cf4-3bc3-3c60-a66b-523986131536
2021-11-02 20:13:15,359 [pool-331-thread-1] INFO  server.RaftServerConfigKeys (ConfUtils.java:logGet(44)) - raft.server.log.queue.byte-limit = 64MB (=67108864) (default)
2021-11-02 20:13:15,359 [pool-331-thread-1] INFO  server.RaftServerConfigKeys (ConfUtils.java:logGet(44)) - raft.server.log.queue.element-limit = 4096 (default)
2021-11-02 20:13:15,359 [pool-331-thread-1] INFO  server.RaftServerConfigKeys (ConfUtils.java:logGet(44)) - raft.server.log.segment.size.max = 4194304 (custom)
2021-11-02 20:13:15,359 [pool-331-thread-1] INFO  server.RaftServerConfigKeys (ConfUtils.java:logGet(44)) - raft.server.log.preallocated.size = 4194304 (custom)
2021-11-02 20:13:15,359 [pool-331-thread-1] INFO  server.RaftServerConfigKeys (ConfUtils.java:logGet(44)) - raft.server.log.force.sync.num = 128 (default)
2021-11-02 20:13:15,359 [pool-331-thread-1] INFO  server.RaftServerConfigKeys (ConfUtils.java:logGet(44)) - raft.server.log.statemachine.data.sync = true (default)
2021-11-02 20:13:15,359 [pool-331-thread-1] INFO  server.RaftServerConfigKeys (ConfUtils.java:logGet(44)) - raft.server.log.statemachine.data.sync.timeout = 10s (default)
2021-11-02 20:13:15,359 [pool-331-thread-1] INFO  server.RaftServerConfigKeys (ConfUtils.java:logGet(44)) - raft.server.log.statemachine.data.sync.timeout.retry = -1 (default)
2021-11-02 20:13:15,360 [pool-331-thread-1] INFO  server.RaftServerConfigKeys (ConfUtils.java:logGet(44)) - raft.server.log.write.buffer.size = 64KB (=65536) (default)
2021-11-02 20:13:15,360 [pool-331-thread-1] INFO  server.RaftServerConfigKeys (ConfUtils.java:logGet(44)) - raft.server.log.statemachine.data.caching.enabled = false (default)
2021-11-02 20:13:15,361 [pool-331-thread-1] INFO  server.RaftServer$Division (ServerState.java:setRaftConf(387)) - omNode-2@group-523986131536: set configuration 11: [omNode-3|rpc:localhost:10624|admin:|client:|dataStream:|priority:0, omNode-1|rpc:localhost:10612|admin:|client:|dataStream:|priority:0, omNode-2|rpc:localhost:10618|admin:|client:|dataStream:|priority:0], old=null
2021-11-02 20:13:15,361 [pool-331-thread-1] INFO  segmented.LogSegment (LogSegment.java:loadSegment(173)) - Successfully read 2 entries from segment file /home/runner/work/ozone/ozone/hadoop-ozone/integration-test/target/test-dir/MiniOzoneClusterImpl-76263e8f-62ab-412a-8766-4a189fbce95f/omNode-2/ratis/c9bc4cf4-3bc3-3c60-a66b-523986131536/current/log_11-12
2021-11-02 20:13:15,361 [pool-331-thread-1] INFO  server.RaftServer$Division (ServerState.java:setRaftConf(387)) - omNode-2@group-523986131536: set configuration 13: [omNode-3|rpc:localhost:10624|admin:|client:|dataStream:|priority:0, omNode-1|rpc:localhost:10612|admin:|client:|dataStream:|priority:0, omNode-2|rpc:localhost:10618|admin:|client:|dataStream:|priority:0], old=null
2021-11-02 20:13:15,362 [pool-331-thread-1] INFO  segmented.LogSegment (LogSegment.java:loadSegment(173)) - Successfully read 4 entries from segment file /home/runner/work/ozone/ozone/hadoop-ozone/integration-test/target/test-dir/MiniOzoneClusterImpl-76263e8f-62ab-412a-8766-4a189fbce95f/omNode-2/ratis/c9bc4cf4-3bc3-3c60-a66b-523986131536/current/log_13-16
2021-11-02 20:13:15,362 [pool-331-thread-1] INFO  server.RaftServer$Division (ServerState.java:setRaftConf(387)) - omNode-2@group-523986131536: set configuration 17: [omNode-3|rpc:localhost:10624|admin:|client:|dataStream:|priority:0, omNode-1|rpc:localhost:10612|admin:|client:|dataStream:|priority:0, omNode-2|rpc:localhost:10618|admin:|client:|dataStream:|priority:0], old=null
2021-11-02 20:13:15,363 [pool-331-thread-1] INFO  segmented.LogSegment (LogSegment.java:loadSegment(173)) - Successfully read 4 entries from segment file /home/runner/work/ozone/ozone/hadoop-ozone/integration-test/target/test-dir/MiniOzoneClusterImpl-76263e8f-62ab-412a-8766-4a189fbce95f/omNode-2/ratis/c9bc4cf4-3bc3-3c60-a66b-523986131536/current/log_17-20
2021-11-02 20:13:15,363 [pool-331-thread-1] INFO  server.RaftServer$Division (ServerState.java:setRaftConf(387)) - omNode-2@group-523986131536: set configuration 21: [omNode-3|rpc:localhost:10624|admin:|client:|dataStream:|priority:0, omNode-1|rpc:localhost:10612|admin:|client:|dataStream:|priority:0, omNode-2|rpc:localhost:10618|admin:|client:|dataStream:|priority:0], old=null
2021-11-02 20:13:15,363 [pool-331-thread-1] INFO  segmented.LogSegment (LogSegment.java:loadSegment(173)) - Successfully read 1 entries from segment file /home/runner/work/ozone/ozone/hadoop-ozone/integration-test/target/test-dir/MiniOzoneClusterImpl-76263e8f-62ab-412a-8766-4a189fbce95f/omNode-2/ratis/c9bc4cf4-3bc3-3c60-a66b-523986131536/current/log_inprogress_21
2021-11-02 20:13:15,363 [pool-331-thread-1] INFO  segmented.SegmentedRaftLogWorker (SegmentedRaftLogWorker.java:lambda$new$0(133)) - omNode-2@group-523986131536-SegmentedRaftLogWorker: flushIndex: setUnconditionally 0 -> 21
2021-11-02 20:13:15,363 [pool-331-thread-1] INFO  segmented.SegmentedRaftLogWorker (SegmentedRaftLogWorker.java:lambda$new$0(133)) - omNode-2@group-523986131536-SegmentedRaftLogWorker: safeCacheEvictIndex: setUnconditionally 0 -> 20
2021-11-02 20:13:15,367 [pool-331-thread-1] INFO  raftlog.RaftLog (RaftLogBase.java:lambda$new$0(53)) - omNode-2@group-523986131536-SegmentedRaftLog: commitIndex: updateToMax old=20, new=19, updated? false
2021-11-02 20:13:15,367 [pool-331-thread-1] INFO  raftlog.RaftLog (RaftLogBase.java:lambda$new$0(53)) - omNode-2@group-523986131536-SegmentedRaftLog: purgeIndex: updateIncreasingly -1 -> 10
2021-11-02 20:13:15,367 [pool-331-thread-1] INFO  server.RaftServerConfigKeys (ConfUtils.java:logGet(44)) - raft.server.snapshot.auto.trigger.enabled = true (custom)
2021-11-02 20:13:15,367 [pool-331-thread-1] INFO  server.RaftServerConfigKeys (ConfUtils.java:logGet(44)) - raft.server.snapshot.auto.trigger.threshold = 50 (custom)
2021-11-02 20:13:15,367 [pool-331-thread-1] INFO  server.RaftServerConfigKeys (ConfUtils.java:logGet(44)) - raft.server.snapshot.retention.file.num = -1 (default)
2021-11-02 20:13:15,367 [pool-331-thread-1] INFO  server.RaftServerConfigKeys (ConfUtils.java:logGet(44)) - raft.server.log.purge.upto.snapshot.index = true (custom)
2021-11-02 20:13:15,367 [pool-331-thread-1] INFO  server.RaftServerConfigKeys (ConfUtils.java:logGet(44)) - raft.server.retrycache.expirytime = 30000ms (custom)
2021-11-02 20:13:15,368 [pool-331-thread-1] INFO  server.RaftServerConfigKeys (ConfUtils.java:logGet(44)) - raft.server.retrycache.statistics.expirytime = 100μs (default)
2021-11-02 20:13:15,369 [Listener at localhost/10608] INFO  server.RaftServer$Division (RaftServerImpl.java:start(301)) - omNode-2@group-523986131536: start as a follower, conf=21: [omNode-3|rpc:localhost:10624|admin:|client:|dataStream:|priority:0, omNode-1|rpc:localhost:10612|admin:|client:|dataStream:|priority:0, omNode-2|rpc:localhost:10618|admin:|client:|dataStream:|priority:0], old=null
2021-11-02 20:13:15,369 [Listener at localhost/10608] INFO  server.RaftServer$Division (RaftServerImpl.java:setRole(290)) - omNode-2@group-523986131536: changes role from      null to FOLLOWER at term 8 for startAsFollower
2021-11-02 20:13:15,369 [Listener at localhost/10608] INFO  impl.RoleInfo (RoleInfo.java:updateAndGet(130)) - omNode-2: start omNode-2@group-523986131536-FollowerState
2021-11-02 20:13:15,370 [Listener at localhost/10608] INFO  util.JmxRegister (JmxRegister.java:tryRegister(44)) - Successfully registered JMX Bean with object name Ratis:service=RaftServer,group=group-523986131536,id=omNode-2
2021-11-02 20:13:15,370 [Listener at localhost/10608] INFO  server.RaftServer (RaftServerProxy.java:lambda$start$5(374)) - omNode-2: start RPC server
2021-11-02 20:13:15,371 [Listener at localhost/10608] INFO  server.GrpcService (GrpcService.java:startImpl(253)) - omNode-2: GrpcService started, listening on 10618
2021-11-02 20:13:15,371 [Listener at localhost/10608] INFO  ipc.CallQueueManager (CallQueueManager.java:<init>(90)) - Using callQueue: class java.util.concurrent.LinkedBlockingQueue, queueCapacity: 2000, scheduler: class org.apache.hadoop.ipc.DefaultRpcScheduler, ipcBackoff: false.
2021-11-02 20:13:15,372 [org.apache.ratis.util.JvmPauseMonitor$$Lambda$523/614850410@469b183f] INFO  util.JvmPauseMonitor (JvmPauseMonitor.java:run(103)) - JvmPauseMonitor-omNode-2: Started
2021-11-02 20:13:15,372 [Socket Reader #1 for port 10614] INFO  ipc.Server (Server.java:run(1265)) - Starting Socket Reader #1 for port 10614
2021-11-02 20:13:15,384 [Listener at localhost/10614] INFO  http.BaseHttpServer (BaseHttpServer.java:newHttpServer2BuilderForOzone(209)) - Starting Web-server for ozoneManager at: http://0.0.0.0:10616
2021-11-02 20:13:15,384 [Listener at localhost/10614] INFO  http.BaseHttpServer (BaseHttpServer.java:<init>(107)) - Hadoop Security Enabled: false Ozone Security Enabled: false Ozone HTTP Security Enabled: false 
2021-11-02 20:13:15,387 [Listener at localhost/10614] INFO  server.AuthenticationFilter (AuthenticationFilter.java:constructSecretProvider(240)) - Unable to initialize FileSignerSecretProvider, falling back to use random secrets.
2021-11-02 20:13:15,388 [Listener at localhost/10614] WARN  http.HttpRequestLog (HttpRequestLog.java:getRequestLog(103)) - Jetty request log can only be enabled using Log4j
2021-11-02 20:13:15,389 [Listener at localhost/10614] INFO  http.HttpServer2 (HttpServer2.java:addGlobalFilter(1030)) - Added global filter 'safety' (class=org.apache.hadoop.hdds.server.http.HttpServer2$QuotingInputFilter)
2021-11-02 20:13:15,390 [Listener at localhost/10614] INFO  http.HttpServer2 (HttpServer2.java:addFilter(1006)) - Added filter static_user_filter (class=org.apache.hadoop.http.lib.StaticUserWebFilter$StaticUserFilter) to context ozoneManager
2021-11-02 20:13:15,390 [Listener at localhost/10614] INFO  http.HttpServer2 (HttpServer2.java:addFilter(1014)) - Added filter static_user_filter (class=org.apache.hadoop.http.lib.StaticUserWebFilter$StaticUserFilter) to context static
2021-11-02 20:13:15,390 [Listener at localhost/10614] INFO  http.HttpServer2 (HttpServer2.java:addFilter(1014)) - Added filter static_user_filter (class=org.apache.hadoop.http.lib.StaticUserWebFilter$StaticUserFilter) to context logs
2021-11-02 20:13:15,391 [Listener at localhost/10614] INFO  http.HttpServer2 (HttpServer2.java:bindListener(1249)) - Jetty bound to port 10616
2021-11-02 20:13:15,391 [Listener at localhost/10614] INFO  server.Server (Server.java:doStart(375)) - jetty-9.4.43.v20210629; built: 2021-06-30T11:07:22.254Z; git: 526006ecfa3af7f1a27ef3a288e2bef7ea9dd7e8; jvm 1.8.0_292-b10
2021-11-02 20:13:15,394 [Listener at localhost/10614] INFO  server.session (DefaultSessionIdManager.java:doStart(334)) - DefaultSessionIdManager workerName=node0
2021-11-02 20:13:15,394 [Listener at localhost/10614] INFO  server.session (DefaultSessionIdManager.java:doStart(339)) - No SessionScavenger set, using defaults
2021-11-02 20:13:15,394 [Listener at localhost/10614] INFO  server.session (HouseKeeper.java:startScavenging(132)) - node0 Scavenging every 660000ms
2021-11-02 20:13:15,395 [Listener at localhost/10614] INFO  handler.ContextHandler (ContextHandler.java:doStart(915)) - Started o.e.j.s.ServletContextHandler@665f99c1{logs,/logs,file:///home/runner/work/ozone/ozone/hadoop-ozone/integration-test/target/log,AVAILABLE}
2021-11-02 20:13:15,395 [Listener at localhost/10614] INFO  handler.ContextHandler (ContextHandler.java:doStart(915)) - Started o.e.j.s.ServletContextHandler@39b0442c{static,/static,file:///home/runner/work/ozone/ozone/hadoop-ozone/integration-test/target/test-classes/webapps/static,AVAILABLE}
2021-11-02 20:13:15,402 [Listener at localhost/10614] INFO  handler.ContextHandler (ContextHandler.java:doStart(915)) - Started o.e.j.w.WebAppContext@620580ff{ozoneManager,/,file:///home/runner/work/ozone/ozone/hadoop-ozone/integration-test/target/test-classes/webapps/ozoneManager/,AVAILABLE}{file:/home/runner/work/ozone/ozone/hadoop-ozone/integration-test/target/test-classes/webapps/ozoneManager}
2021-11-02 20:13:15,405 [Listener at localhost/10614] INFO  server.AbstractConnector (AbstractConnector.java:doStart(331)) - Started ServerConnector@6b97b725{HTTP/1.1, (http/1.1)}{0.0.0.0:10616}
2021-11-02 20:13:15,405 [Listener at localhost/10614] INFO  server.Server (Server.java:doStart(415)) - Started @282884ms
2021-11-02 20:13:15,405 [Listener at localhost/10614] WARN  impl.MetricsSystemImpl (MetricsSystemImpl.java:register(279)) - Sink prometheus already exists!
2021-11-02 20:13:15,406 [Listener at localhost/10614] INFO  http.BaseHttpServer (BaseHttpServer.java:updateConnectorAddress(329)) - HTTP server of ozoneManager listening at http://0.0.0.0:10616
2021-11-02 20:13:15,407 [IPC Server Responder] INFO  ipc.Server (Server.java:run(1507)) - IPC Server Responder: starting
2021-11-02 20:13:15,408 [IPC Server listener on 10614] INFO  ipc.Server (Server.java:run(1344)) - IPC Server listener on 10614: starting
2021-11-02 20:13:15,412 [Listener at localhost/10614] INFO  om.OzoneManager (OzoneManager.java:startTrashEmptier(1596)) - Trash Interval set to 0. Files deleted will not move to trash
2021-11-02 20:13:15,424 [org.apache.hadoop.util.JvmPauseMonitor$Monitor@3f5c5d56] INFO  util.JvmPauseMonitor (JvmPauseMonitor.java:run(188)) - Starting JVM pause monitor
]]></system-out>
    <system-err><![CDATA[Nov 02, 2021 8:13:14 PM org.apache.ratis.thirdparty.io.grpc.internal.SerializingExecutor run
SEVERE: Exception while executing runnable org.apache.ratis.thirdparty.io.grpc.internal.ServerImpl$JumpToApplicationThreadServerStreamListener$1HalfClosed@4fa0b33
java.lang.IllegalStateException: call already closed
	at org.apache.ratis.thirdparty.com.google.common.base.Preconditions.checkState(Preconditions.java:508)
	at org.apache.ratis.thirdparty.io.grpc.internal.ServerCallImpl.closeInternal(ServerCallImpl.java:209)
	at org.apache.ratis.thirdparty.io.grpc.internal.ServerCallImpl.close(ServerCallImpl.java:202)
	at org.apache.ratis.thirdparty.io.grpc.PartialForwardingServerCall.close(PartialForwardingServerCall.java:48)
	at org.apache.ratis.thirdparty.io.grpc.ForwardingServerCall.close(ForwardingServerCall.java:22)
	at org.apache.ratis.thirdparty.io.grpc.ForwardingServerCall$SimpleForwardingServerCall.close(ForwardingServerCall.java:39)
	at org.apache.ratis.grpc.metrics.intercept.server.MetricServerCall.close(MetricServerCall.java:46)
	at org.apache.ratis.thirdparty.io.grpc.stub.ServerCalls$ServerCallStreamObserverImpl.onCompleted(ServerCalls.java:380)
	at org.apache.ratis.grpc.server.GrpcServerProtocolService$ServerRequestStreamObserver.onCompleted(GrpcServerProtocolService.java:141)
	at org.apache.ratis.thirdparty.io.grpc.stub.ServerCalls$StreamingServerCallHandler$StreamingServerCallListener.onHalfClose(ServerCalls.java:266)
	at org.apache.ratis.thirdparty.io.grpc.PartialForwardingServerCallListener.onHalfClose(PartialForwardingServerCallListener.java:35)
	at org.apache.ratis.thirdparty.io.grpc.ForwardingServerCallListener.onHalfClose(ForwardingServerCallListener.java:23)
	at org.apache.ratis.thirdparty.io.grpc.internal.ServerCallImpl$ServerStreamListenerImpl.halfClosed(ServerCallImpl.java:331)
	at org.apache.ratis.thirdparty.io.grpc.internal.ServerImpl$JumpToApplicationThreadServerStreamListener$1HalfClosed.runInContext(ServerImpl.java:814)
	at org.apache.ratis.thirdparty.io.grpc.internal.ContextRunnable.run(ContextRunnable.java:37)
	at org.apache.ratis.thirdparty.io.grpc.internal.SerializingExecutor.run(SerializingExecutor.java:123)
	at java.util.concurrent.ThreadPoolExecutor.runWorker(ThreadPoolExecutor.java:1149)
	at java.util.concurrent.ThreadPoolExecutor$Worker.run(ThreadPoolExecutor.java:624)
	at java.lang.Thread.run(Thread.java:748)

]]></system-err>
  </testcase>
  <testcase name="testPrepareDownedOM" classname="org.apache.hadoop.ozone.om.TestOzoneManagerPrepare" time="122.511">
    <error message="timeout: after 120000 millis" type="java.util.concurrent.TimeoutException">java.util.concurrent.TimeoutException: timeout: after 120000 millis
	at org.apache.ozone.test.LambdaTestUtils$GenerateTimeout.evaluate(LambdaTestUtils.java:677)
	at org.apache.ozone.test.LambdaTestUtils.await(LambdaTestUtils.java:154)
	at org.apache.ozone.test.LambdaTestUtils.await(LambdaTestUtils.java:192)
	at org.apache.hadoop.ozone.om.TestOzoneManagerPrepare.assertClusterNotPrepared(TestOzoneManagerPrepare.java:484)
	at org.apache.hadoop.ozone.om.TestOzoneManagerPrepare.assertClusterNotPrepared(TestOzoneManagerPrepare.java:478)
	at org.apache.hadoop.ozone.om.TestOzoneManagerPrepare.initOM(TestOzoneManagerPrepare.java:91)
	at sun.reflect.NativeMethodAccessorImpl.invoke0(Native Method)
	at sun.reflect.NativeMethodAccessorImpl.invoke(NativeMethodAccessorImpl.java:62)
	at sun.reflect.DelegatingMethodAccessorImpl.invoke(DelegatingMethodAccessorImpl.java:43)
	at java.lang.reflect.Method.invoke(Method.java:498)
	at org.junit.runners.model.FrameworkMethod$1.runReflectiveCall(FrameworkMethod.java:59)
	at org.junit.internal.runners.model.ReflectiveCallable.run(ReflectiveCallable.java:12)
	at org.junit.runners.model.FrameworkMethod.invokeExplosively(FrameworkMethod.java:56)
	at org.junit.internal.runners.statements.RunBefores.invokeMethod(RunBefores.java:33)
	at org.junit.internal.runners.statements.RunBefores.evaluate(RunBefores.java:24)
	at org.junit.internal.runners.statements.RunAfters.evaluate(RunAfters.java:27)
	at org.junit.rules.ExpectedException$ExpectedExceptionStatement.evaluate(ExpectedException.java:258)
	at org.junit.internal.runners.statements.FailOnTimeout$CallableStatement.call(FailOnTimeout.java:288)
	at org.junit.internal.runners.statements.FailOnTimeout$CallableStatement.call(FailOnTimeout.java:282)
	at java.util.concurrent.FutureTask.run(FutureTask.java:266)
	at java.lang.Thread.run(Thread.java:748)
</error>
    <system-out><![CDATA[2021-11-02 20:13:15,436 [Time-limited test] INFO  retry.RetryInvocationHandler (RetryInvocationHandler.java:log(411)) - com.google.protobuf.ServiceException: org.apache.hadoop.ipc.RemoteException(org.apache.hadoop.ozone.om.exceptions.OMNotLeaderException): OM:omNode-3 is not the leader. Could not determine the leader node.
	at org.apache.hadoop.ozone.om.ratis.utils.OzoneManagerRatisUtils.createNotLeaderException(OzoneManagerRatisUtils.java:465)
	at org.apache.hadoop.ozone.om.ratis.utils.OzoneManagerRatisUtils.checkLeaderStatus(OzoneManagerRatisUtils.java:451)
	at org.apache.hadoop.ozone.protocolPB.OzoneManagerProtocolServerSideTranslatorPB.checkLeaderStatus(OzoneManagerProtocolServerSideTranslatorPB.java:279)
	at org.apache.hadoop.ozone.protocolPB.OzoneManagerProtocolServerSideTranslatorPB.processRequest(OzoneManagerProtocolServerSideTranslatorPB.java:158)
	at org.apache.hadoop.hdds.server.OzoneProtocolMessageDispatcher.processRequest(OzoneProtocolMessageDispatcher.java:87)
	at org.apache.hadoop.ozone.protocolPB.OzoneManagerProtocolServerSideTranslatorPB.submitRequest(OzoneManagerProtocolServerSideTranslatorPB.java:124)
	at org.apache.hadoop.ozone.protocol.proto.OzoneManagerProtocolProtos$OzoneManagerService$2.callBlockingMethod(OzoneManagerProtocolProtos.java)
	at org.apache.hadoop.ipc.ProtobufRpcEngine$Server.processCall(ProtobufRpcEngine.java:466)
	at org.apache.hadoop.ipc.ProtobufRpcEngine2$Server$ProtoBufRpcInvoker.call(ProtobufRpcEngine2.java:574)
	at org.apache.hadoop.ipc.ProtobufRpcEngine2$Server$ProtoBufRpcInvoker.call(ProtobufRpcEngine2.java:552)
	at org.apache.hadoop.ipc.RPC$Server.call(RPC.java:1093)
	at org.apache.hadoop.ipc.Server$RpcCall.run(Server.java:1035)
	at org.apache.hadoop.ipc.Server$RpcCall.run(Server.java:963)
	at java.security.AccessController.doPrivileged(Native Method)
	at javax.security.auth.Subject.doAs(Subject.java:422)
	at org.apache.hadoop.security.UserGroupInformation.doAs(UserGroupInformation.java:1878)
	at org.apache.hadoop.ipc.Server$Handler.run(Server.java:2966)
, while invoking $Proxy52.submitRequest over nodeId=omNode-3,nodeAddress=127.0.0.1:10620. Trying to failover after sleeping for 2000ms.
2021-11-02 20:13:15,795 [omNode-3@group-523986131536-FollowerState] INFO  impl.FollowerState (FollowerState.java:run(134)) - omNode-3@group-523986131536-FollowerState: change to CANDIDATE, lastRpcElapsedTime:1068421446ns, electionTimeout:1067ms
2021-11-02 20:13:15,796 [omNode-3@group-523986131536-FollowerState] INFO  impl.RoleInfo (RoleInfo.java:shutdownFollowerState(108)) - omNode-3: shutdown omNode-3@group-523986131536-FollowerState
2021-11-02 20:13:15,796 [omNode-3@group-523986131536-FollowerState] INFO  server.RaftServer$Division (RaftServerImpl.java:setRole(290)) - omNode-3@group-523986131536: changes role from  FOLLOWER to CANDIDATE at term 5 for changeToCandidate
2021-11-02 20:13:15,796 [omNode-3@group-523986131536-FollowerState] INFO  server.RaftServerConfigKeys (ConfUtils.java:logGet(44)) - raft.server.leaderelection.pre-vote = false (custom)
2021-11-02 20:13:15,796 [omNode-3@group-523986131536-FollowerState] INFO  impl.RoleInfo (RoleInfo.java:updateAndGet(130)) - omNode-3: start omNode-3@group-523986131536-LeaderElection26
2021-11-02 20:13:15,800 [omNode-3@group-523986131536-LeaderElection26] INFO  impl.LeaderElection (LeaderElection.java:askForVotes(306)) - omNode-3@group-523986131536-LeaderElection26 ELECTION round 0: submit vote requests at term 6 for 17: [omNode-3|rpc:localhost:10624|admin:|client:|dataStream:|priority:0, omNode-1|rpc:localhost:10612|admin:|client:|dataStream:|priority:0, omNode-2|rpc:localhost:10618|admin:|client:|dataStream:|priority:0], old=null
2021-11-02 20:13:15,810 [grpc-default-executor-11] INFO  server.RaftServer$Division (RaftServerImpl.java:requestVote(1046)) - omNode-2@group-523986131536: receive requestVote(ELECTION, omNode-3, group-523986131536, 6, (t:5, i:20))
2021-11-02 20:13:15,811 [grpc-default-executor-11] INFO  impl.VoteContext (VoteContext.java:log(48)) - omNode-2@group-523986131536-FOLLOWER: reject ELECTION from omNode-3: current term 8 > candidate's term 6
2021-11-02 20:13:15,811 [grpc-default-executor-11] INFO  server.RaftServer$Division (RaftServerImpl.java:requestVote(1078)) - omNode-2@group-523986131536 replies to ELECTION vote request: omNode-3<-omNode-2#0:FAIL-t8. Peer's state: omNode-2@group-523986131536:t8, leader=null, voted=omNode-2, raftlog=omNode-2@group-523986131536-SegmentedRaftLog:OPENED:c20, conf=21: [omNode-3|rpc:localhost:10624|admin:|client:|dataStream:|priority:0, omNode-1|rpc:localhost:10612|admin:|client:|dataStream:|priority:0, omNode-2|rpc:localhost:10618|admin:|client:|dataStream:|priority:0], old=null
2021-11-02 20:13:15,817 [omNode-3@group-523986131536-LeaderElection26] INFO  impl.LeaderElection (LeaderElection.java:logAndReturn(89)) - omNode-3@group-523986131536-LeaderElection26: ELECTION DISCOVERED_A_NEW_TERM (term=8) received 1 response(s) and 0 exception(s):
2021-11-02 20:13:15,817 [omNode-3@group-523986131536-LeaderElection26] INFO  impl.LeaderElection (LeaderElection.java:logAndReturn(93)) -   Response 0: omNode-3<-omNode-2#0:FAIL-t8
2021-11-02 20:13:15,817 [omNode-3@group-523986131536-LeaderElection26] INFO  impl.LeaderElection (LeaderElection.java:askForVotes(308)) - omNode-3@group-523986131536-LeaderElection26 ELECTION round 0: result DISCOVERED_A_NEW_TERM (term=8)
2021-11-02 20:13:15,817 [omNode-3@group-523986131536-LeaderElection26] INFO  server.RaftServer$Division (RaftServerImpl.java:setRole(290)) - omNode-3@group-523986131536: changes role from CANDIDATE to FOLLOWER at term 8 for DISCOVERED_A_NEW_TERM (term=8)
2021-11-02 20:13:15,817 [omNode-3@group-523986131536-LeaderElection26] INFO  impl.RoleInfo (RoleInfo.java:shutdownLeaderElection(121)) - omNode-3: shutdown omNode-3@group-523986131536-LeaderElection26
2021-11-02 20:13:15,817 [omNode-3@group-523986131536-LeaderElection26] INFO  impl.RoleInfo (RoleInfo.java:updateAndGet(130)) - omNode-3: start omNode-3@group-523986131536-FollowerState
2021-11-02 20:13:15,822 [grpc-default-executor-11] INFO  server.RaftServer$Division (RaftServerImpl.java:requestVote(1046)) - omNode-1@group-523986131536: receive requestVote(ELECTION, omNode-3, group-523986131536, 6, (t:5, i:20))
2021-11-02 20:13:15,822 [grpc-default-executor-11] INFO  impl.VoteContext (VoteContext.java:log(48)) - omNode-1@group-523986131536-FOLLOWER: reject ELECTION from omNode-3: current term 8 > candidate's term 6
2021-11-02 20:13:15,822 [grpc-default-executor-11] INFO  server.RaftServer$Division (RaftServerImpl.java:requestVote(1078)) - omNode-1@group-523986131536 replies to ELECTION vote request: omNode-3<-omNode-1#0:FAIL-t8. Peer's state: omNode-1@group-523986131536:t8, leader=omNode-2, voted=omNode-2, raftlog=omNode-1@group-523986131536-SegmentedRaftLog:OPENED:c10, conf=21: [omNode-3|rpc:localhost:10624|admin:|client:|dataStream:|priority:0, omNode-1|rpc:localhost:10612|admin:|client:|dataStream:|priority:0, omNode-2|rpc:localhost:10618|admin:|client:|dataStream:|priority:0], old=null
2021-11-02 20:13:16,374 [omNode-2@group-523986131536-FollowerState] INFO  impl.FollowerState (FollowerState.java:run(134)) - omNode-2@group-523986131536-FollowerState: change to CANDIDATE, lastRpcElapsedTime:1004430994ns, electionTimeout:1002ms
2021-11-02 20:13:16,374 [omNode-2@group-523986131536-FollowerState] INFO  impl.RoleInfo (RoleInfo.java:shutdownFollowerState(108)) - omNode-2: shutdown omNode-2@group-523986131536-FollowerState
2021-11-02 20:13:16,374 [omNode-2@group-523986131536-FollowerState] INFO  server.RaftServer$Division (RaftServerImpl.java:setRole(290)) - omNode-2@group-523986131536: changes role from  FOLLOWER to CANDIDATE at term 8 for changeToCandidate
2021-11-02 20:13:16,374 [omNode-2@group-523986131536-FollowerState] INFO  server.RaftServerConfigKeys (ConfUtils.java:logGet(44)) - raft.server.leaderelection.pre-vote = false (custom)
2021-11-02 20:13:16,374 [omNode-2@group-523986131536-FollowerState] INFO  impl.RoleInfo (RoleInfo.java:updateAndGet(130)) - omNode-2: start omNode-2@group-523986131536-LeaderElection27
2021-11-02 20:13:16,378 [omNode-2@group-523986131536-LeaderElection27] INFO  impl.LeaderElection (LeaderElection.java:askForVotes(306)) - omNode-2@group-523986131536-LeaderElection27 ELECTION round 0: submit vote requests at term 9 for 21: [omNode-3|rpc:localhost:10624|admin:|client:|dataStream:|priority:0, omNode-1|rpc:localhost:10612|admin:|client:|dataStream:|priority:0, omNode-2|rpc:localhost:10618|admin:|client:|dataStream:|priority:0], old=null
2021-11-02 20:13:16,386 [grpc-default-executor-11] INFO  server.RaftServer$Division (RaftServerImpl.java:requestVote(1046)) - omNode-1@group-523986131536: receive requestVote(ELECTION, omNode-2, group-523986131536, 9, (t:8, i:21))
2021-11-02 20:13:16,387 [grpc-default-executor-11] INFO  impl.VoteContext (VoteContext.java:log(48)) - omNode-1@group-523986131536-FOLLOWER: accept ELECTION from omNode-2: our last entry (t:2, i:10) < candidate's last entry (t:8, i:21)
2021-11-02 20:13:16,387 [grpc-default-executor-11] INFO  server.RaftServer$Division (ServerState.java:setLeader(285)) - omNode-1@group-523986131536: change Leader from omNode-2 to null at term 9 for updateCurrentTerm
2021-11-02 20:13:16,387 [grpc-default-executor-11] INFO  server.RaftServer$Division (RaftServerImpl.java:setRole(290)) - omNode-1@group-523986131536: changes role from  FOLLOWER to FOLLOWER at term 9 for candidate:omNode-2
2021-11-02 20:13:16,387 [grpc-default-executor-11] INFO  impl.RoleInfo (RoleInfo.java:shutdownFollowerState(108)) - omNode-1: shutdown omNode-1@group-523986131536-FollowerState
2021-11-02 20:13:16,387 [grpc-default-executor-11] INFO  impl.RoleInfo (RoleInfo.java:updateAndGet(130)) - omNode-1: start omNode-1@group-523986131536-FollowerState
2021-11-02 20:13:16,387 [omNode-1@group-523986131536-FollowerState] INFO  impl.FollowerState (FollowerState.java:run(143)) - omNode-1@group-523986131536-FollowerState was interrupted: {}
java.lang.InterruptedException: sleep interrupted
	at java.lang.Thread.sleep(Native Method)
	at java.lang.Thread.sleep(Thread.java:340)
	at java.util.concurrent.TimeUnit.sleep(TimeUnit.java:386)
	at org.apache.ratis.util.TimeDuration.sleep(TimeDuration.java:324)
	at org.apache.ratis.util.TimeDuration.sleep(TimeDuration.java:309)
	at org.apache.ratis.server.impl.FollowerState.run(FollowerState.java:118)
2021-11-02 20:13:16,394 [grpc-default-executor-6] INFO  server.RaftServer$Division (RaftServerImpl.java:requestVote(1046)) - omNode-3@group-523986131536: receive requestVote(ELECTION, omNode-2, group-523986131536, 9, (t:8, i:21))
2021-11-02 20:13:16,394 [grpc-default-executor-6] INFO  impl.VoteContext (VoteContext.java:log(48)) - omNode-3@group-523986131536-FOLLOWER: accept ELECTION from omNode-2: our last entry (t:5, i:20) < candidate's last entry (t:8, i:21)
2021-11-02 20:13:16,394 [grpc-default-executor-6] INFO  server.RaftServer$Division (RaftServerImpl.java:setRole(290)) - omNode-3@group-523986131536: changes role from  FOLLOWER to FOLLOWER at term 9 for candidate:omNode-2
2021-11-02 20:13:16,394 [grpc-default-executor-6] INFO  impl.RoleInfo (RoleInfo.java:shutdownFollowerState(108)) - omNode-3: shutdown omNode-3@group-523986131536-FollowerState
2021-11-02 20:13:16,394 [grpc-default-executor-6] INFO  impl.RoleInfo (RoleInfo.java:updateAndGet(130)) - omNode-3: start omNode-3@group-523986131536-FollowerState
2021-11-02 20:13:16,394 [grpc-default-executor-11] INFO  server.RaftServer$Division (RaftServerImpl.java:requestVote(1078)) - omNode-1@group-523986131536 replies to ELECTION vote request: omNode-2<-omNode-1#0:OK-t9. Peer's state: omNode-1@group-523986131536:t9, leader=null, voted=omNode-2, raftlog=omNode-1@group-523986131536-SegmentedRaftLog:OPENED:c10, conf=21: [omNode-3|rpc:localhost:10624|admin:|client:|dataStream:|priority:0, omNode-1|rpc:localhost:10612|admin:|client:|dataStream:|priority:0, omNode-2|rpc:localhost:10618|admin:|client:|dataStream:|priority:0], old=null
2021-11-02 20:13:16,394 [omNode-3@group-523986131536-FollowerState] INFO  impl.FollowerState (FollowerState.java:run(143)) - omNode-3@group-523986131536-FollowerState was interrupted: {}
java.lang.InterruptedException: sleep interrupted
	at java.lang.Thread.sleep(Native Method)
	at java.lang.Thread.sleep(Thread.java:340)
	at java.util.concurrent.TimeUnit.sleep(TimeUnit.java:386)
	at org.apache.ratis.util.TimeDuration.sleep(TimeDuration.java:324)
	at org.apache.ratis.util.TimeDuration.sleep(TimeDuration.java:309)
	at org.apache.ratis.server.impl.FollowerState.run(FollowerState.java:118)
2021-11-02 20:13:16,403 [omNode-2@group-523986131536-LeaderElection27] INFO  impl.LeaderElection (LeaderElection.java:logAndReturn(89)) - omNode-2@group-523986131536-LeaderElection27: ELECTION PASSED received 1 response(s) and 0 exception(s):
2021-11-02 20:13:16,403 [grpc-default-executor-6] INFO  server.RaftServer$Division (RaftServerImpl.java:requestVote(1078)) - omNode-3@group-523986131536 replies to ELECTION vote request: omNode-2<-omNode-3#0:OK-t9. Peer's state: omNode-3@group-523986131536:t9, leader=null, voted=omNode-2, raftlog=omNode-3@group-523986131536-SegmentedRaftLog:OPENED:c20, conf=17: [omNode-3|rpc:localhost:10624|admin:|client:|dataStream:|priority:0, omNode-1|rpc:localhost:10612|admin:|client:|dataStream:|priority:0, omNode-2|rpc:localhost:10618|admin:|client:|dataStream:|priority:0], old=null
2021-11-02 20:13:16,403 [omNode-2@group-523986131536-LeaderElection27] INFO  impl.LeaderElection (LeaderElection.java:logAndReturn(93)) -   Response 0: omNode-2<-omNode-1#0:OK-t9
2021-11-02 20:13:16,404 [omNode-2@group-523986131536-LeaderElection27] INFO  impl.LeaderElection (LeaderElection.java:askForVotes(308)) - omNode-2@group-523986131536-LeaderElection27 ELECTION round 0: result PASSED
2021-11-02 20:13:16,404 [omNode-2@group-523986131536-LeaderElection27] INFO  impl.RoleInfo (RoleInfo.java:shutdownLeaderElection(121)) - omNode-2: shutdown omNode-2@group-523986131536-LeaderElection27
2021-11-02 20:13:16,404 [omNode-2@group-523986131536-LeaderElection27] INFO  server.RaftServer$Division (RaftServerImpl.java:setRole(290)) - omNode-2@group-523986131536: changes role from CANDIDATE to LEADER at term 9 for changeToLeader
2021-11-02 20:13:16,404 [omNode-2@group-523986131536-LeaderElection27] INFO  server.RaftServer$Division (ServerState.java:setLeader(285)) - omNode-2@group-523986131536: change Leader from null to omNode-2 at term 9 for becomeLeader, leader elected after 1046ms
2021-11-02 20:13:16,404 [omNode-2@group-523986131536-LeaderElection27] INFO  server.RaftServerConfigKeys (ConfUtils.java:logGet(44)) - raft.server.staging.catchup.gap = 1000 (default)
2021-11-02 20:13:16,404 [omNode-2@group-523986131536-LeaderElection27] INFO  server.RaftServerConfigKeys (ConfUtils.java:logGet(44)) - raft.server.write.element-limit = 4096 (default)
2021-11-02 20:13:16,404 [omNode-2@group-523986131536-LeaderElection27] INFO  server.RaftServerConfigKeys (ConfUtils.java:logGet(44)) - raft.server.write.byte-limit = 64MB (=67108864) (default)
2021-11-02 20:13:16,404 [omNode-2@group-523986131536-LeaderElection27] INFO  server.RaftServerConfigKeys (ConfUtils.java:logGet(44)) - raft.server.watch.timeout = 10s (default)
2021-11-02 20:13:16,404 [omNode-2@group-523986131536-LeaderElection27] INFO  server.RaftServerConfigKeys (ConfUtils.java:logGet(44)) - raft.server.watch.timeout.denomination = 1s (default)
2021-11-02 20:13:16,404 [omNode-2@group-523986131536-LeaderElection27] INFO  server.RaftServerConfigKeys (ConfUtils.java:logGet(44)) - raft.server.watch.element-limit = 65536 (default)
2021-11-02 20:13:16,405 [omNode-2@group-523986131536-LeaderElection27] INFO  server.RaftServerConfigKeys (ConfUtils.java:logGet(44)) - raft.server.write.element-limit = 4096 (default)
2021-11-02 20:13:16,405 [omNode-2@group-523986131536-LeaderElection27] INFO  server.RaftServerConfigKeys (ConfUtils.java:logGet(44)) - raft.server.write.follower.gap.ratio.max = -1.0 (default)
2021-11-02 20:13:16,405 [omNode-2@group-523986131536-LeaderElection27] INFO  server.RaftServerConfigKeys (ConfUtils.java:logGet(44)) - raft.server.log.appender.snapshot.chunk.size.max = 16MB (=16777216) (default)
2021-11-02 20:13:16,405 [omNode-2@group-523986131536-LeaderElection27] INFO  server.RaftServerConfigKeys (ConfUtils.java:logGet(44)) - raft.server.log.appender.buffer.byte-limit = 33554432 (custom)
2021-11-02 20:13:16,405 [omNode-2@group-523986131536-LeaderElection27] INFO  server.RaftServerConfigKeys (ConfUtils.java:logGet(44)) - raft.server.log.appender.buffer.element-limit = 1024 (custom)
2021-11-02 20:13:16,405 [omNode-2@group-523986131536-LeaderElection27] INFO  grpc.GrpcConfigKeys (ConfUtils.java:logGet(44)) - raft.grpc.server.leader.outstanding.appends.max = 128 (default)
2021-11-02 20:13:16,405 [omNode-2@group-523986131536-LeaderElection27] INFO  server.RaftServerConfigKeys (ConfUtils.java:logGet(44)) - raft.server.rpc.request.timeout = 3000ms (default)
2021-11-02 20:13:16,405 [omNode-2@group-523986131536-LeaderElection27] INFO  server.RaftServerConfigKeys (ConfUtils.java:logGet(44)) - raft.server.log.appender.install.snapshot.enabled = false (custom)
2021-11-02 20:13:16,406 [omNode-2@group-523986131536-LeaderElection27] INFO  server.RaftServerConfigKeys (ConfUtils.java:logGet(44)) - raft.server.log.appender.snapshot.chunk.size.max = 16MB (=16777216) (default)
2021-11-02 20:13:16,406 [omNode-2@group-523986131536-LeaderElection27] INFO  server.RaftServerConfigKeys (ConfUtils.java:logGet(44)) - raft.server.log.appender.buffer.byte-limit = 33554432 (custom)
2021-11-02 20:13:16,406 [omNode-2@group-523986131536-LeaderElection27] INFO  server.RaftServerConfigKeys (ConfUtils.java:logGet(44)) - raft.server.log.appender.buffer.element-limit = 1024 (custom)
2021-11-02 20:13:16,406 [omNode-2@group-523986131536-LeaderElection27] INFO  grpc.GrpcConfigKeys (ConfUtils.java:logGet(44)) - raft.grpc.server.leader.outstanding.appends.max = 128 (default)
2021-11-02 20:13:16,406 [omNode-2@group-523986131536-LeaderElection27] INFO  server.RaftServerConfigKeys (ConfUtils.java:logGet(44)) - raft.server.rpc.request.timeout = 3000ms (default)
2021-11-02 20:13:16,406 [omNode-2@group-523986131536-LeaderElection27] INFO  server.RaftServerConfigKeys (ConfUtils.java:logGet(44)) - raft.server.log.appender.install.snapshot.enabled = false (custom)
2021-11-02 20:13:16,407 [omNode-2@group-523986131536-LeaderElection27] INFO  impl.RoleInfo (RoleInfo.java:updateAndGet(130)) - omNode-2: start omNode-2@group-523986131536-LeaderStateImpl
2021-11-02 20:13:16,408 [omNode-2@group-523986131536-LeaderElection27] INFO  segmented.SegmentedRaftLogWorker (SegmentedRaftLogWorker.java:rollLogSegment(399)) - omNode-2@group-523986131536-SegmentedRaftLogWorker: Rolling segment log-21_21 to index:21
2021-11-02 20:13:16,418 [omNode-2@group-523986131536-SegmentedRaftLogWorker] INFO  segmented.SegmentedRaftLogWorker (SegmentedRaftLogWorker.java:execute(558)) - omNode-2@group-523986131536-SegmentedRaftLogWorker: Rolled log segment from /home/runner/work/ozone/ozone/hadoop-ozone/integration-test/target/test-dir/MiniOzoneClusterImpl-76263e8f-62ab-412a-8766-4a189fbce95f/omNode-2/ratis/c9bc4cf4-3bc3-3c60-a66b-523986131536/current/log_inprogress_21 to /home/runner/work/ozone/ozone/hadoop-ozone/integration-test/target/test-dir/MiniOzoneClusterImpl-76263e8f-62ab-412a-8766-4a189fbce95f/omNode-2/ratis/c9bc4cf4-3bc3-3c60-a66b-523986131536/current/log_21-21
2021-11-02 20:13:16,425 [omNode-2@group-523986131536-SegmentedRaftLogWorker] INFO  segmented.SegmentedRaftLogWorker (SegmentedRaftLogWorker.java:execute(601)) - omNode-2@group-523986131536-SegmentedRaftLogWorker: created new log segment /home/runner/work/ozone/ozone/hadoop-ozone/integration-test/target/test-dir/MiniOzoneClusterImpl-76263e8f-62ab-412a-8766-4a189fbce95f/omNode-2/ratis/c9bc4cf4-3bc3-3c60-a66b-523986131536/current/log_inprogress_22
2021-11-02 20:13:16,427 [omNode-2@group-523986131536-LeaderElection27] INFO  server.RaftServer$Division (ServerState.java:setRaftConf(387)) - omNode-2@group-523986131536: set configuration 22: [omNode-3|rpc:localhost:10624|admin:|client:|dataStream:|priority:0, omNode-1|rpc:localhost:10612|admin:|client:|dataStream:|priority:0, omNode-2|rpc:localhost:10618|admin:|client:|dataStream:|priority:0], old=null
2021-11-02 20:13:16,430 [grpc-default-executor-13] INFO  server.RaftServer$Division (ServerState.java:setLeader(285)) - omNode-1@group-523986131536: change Leader from null to omNode-2 at term 9 for appendEntries, leader elected after 43ms
2021-11-02 20:13:16,431 [grpc-default-executor-13] INFO  server.RaftServer$Division (RaftServerImpl.java:checkInconsistentAppendEntries(1322)) - omNode-1@group-523986131536: Failed appendEntries as previous log entry ((t:8, i:21)) is not found
2021-11-02 20:13:16,431 [grpc-default-executor-13] INFO  server.RaftServer$Division (RaftServerImpl.java:checkInconsistentAppendEntries(1288)) - omNode-1@group-523986131536: inconsistency entries. Reply:omNode-2<-omNode-1#0:FAIL-t9,INCONSISTENCY,nextIndex=11,followerCommit=10
2021-11-02 20:13:16,432 [grpc-default-executor-13] INFO  leader.FollowerInfo (FollowerInfoImpl.java:lambda$new$0(47)) - omNode-2@group-523986131536->omNode-1: nextIndex: updateUnconditionally 23 -> 11
2021-11-02 20:13:16,432 [grpc-default-executor-6] INFO  server.RaftServer$Division (ServerState.java:setLeader(285)) - omNode-3@group-523986131536: change Leader from null to omNode-2 at term 9 for appendEntries, leader elected after 1718ms
2021-11-02 20:13:16,432 [grpc-default-executor-6] INFO  server.RaftServer$Division (RaftServerImpl.java:checkInconsistentAppendEntries(1322)) - omNode-3@group-523986131536: Failed appendEntries as previous log entry ((t:8, i:21)) is not found
2021-11-02 20:13:16,433 [grpc-default-executor-6] INFO  server.RaftServer$Division (RaftServerImpl.java:checkInconsistentAppendEntries(1288)) - omNode-3@group-523986131536: inconsistency entries. Reply:omNode-2<-omNode-3#0:FAIL-t9,INCONSISTENCY,nextIndex=21,followerCommit=20
2021-11-02 20:13:16,433 [grpc-default-executor-13] INFO  server.RaftServer$Division (RaftServerImpl.java:checkInconsistentAppendEntries(1322)) - omNode-1@group-523986131536: Failed appendEntries as previous log entry ((t:8, i:21)) is not found
2021-11-02 20:13:16,433 [grpc-default-executor-13] INFO  server.RaftServer$Division (RaftServerImpl.java:checkInconsistentAppendEntries(1288)) - omNode-1@group-523986131536: inconsistency entries. Reply:omNode-2<-omNode-1#1:FAIL-t9,INCONSISTENCY,nextIndex=11,followerCommit=10
2021-11-02 20:13:16,433 [grpc-default-executor-11] INFO  leader.FollowerInfo (FollowerInfoImpl.java:lambda$new$0(47)) - omNode-2@group-523986131536->omNode-3: nextIndex: updateUnconditionally 23 -> 21
2021-11-02 20:13:16,434 [grpc-default-executor-6] INFO  server.RaftServer$Division (RaftServerImpl.java:checkInconsistentAppendEntries(1322)) - omNode-3@group-523986131536: Failed appendEntries as previous log entry ((t:8, i:21)) is not found
2021-11-02 20:13:16,434 [grpc-default-executor-6] INFO  server.RaftServer$Division (RaftServerImpl.java:checkInconsistentAppendEntries(1288)) - omNode-3@group-523986131536: inconsistency entries. Reply:omNode-2<-omNode-3#1:FAIL-t9,INCONSISTENCY,nextIndex=21,followerCommit=20
2021-11-02 20:13:16,435 [grpc-default-executor-11] INFO  leader.FollowerInfo (FollowerInfoImpl.java:lambda$new$0(47)) - omNode-2@group-523986131536->omNode-3: nextIndex: updateUnconditionally 23 -> 21
2021-11-02 20:13:16,435 [grpc-default-executor-6] INFO  server.RaftServer$Division (ServerState.java:setRaftConf(387)) - omNode-3@group-523986131536: set configuration 21: [omNode-3|rpc:localhost:10624|admin:|client:|dataStream:|priority:0, omNode-1|rpc:localhost:10612|admin:|client:|dataStream:|priority:0, omNode-2|rpc:localhost:10618|admin:|client:|dataStream:|priority:0], old=null
2021-11-02 20:13:16,435 [grpc-default-executor-6] INFO  server.RaftServer$Division (ServerState.java:setRaftConf(387)) - omNode-3@group-523986131536: set configuration 22: [omNode-3|rpc:localhost:10624|admin:|client:|dataStream:|priority:0, omNode-1|rpc:localhost:10612|admin:|client:|dataStream:|priority:0, omNode-2|rpc:localhost:10618|admin:|client:|dataStream:|priority:0], old=null
2021-11-02 20:13:16,435 [grpc-default-executor-6] INFO  segmented.SegmentedRaftLogWorker (SegmentedRaftLogWorker.java:rollLogSegment(399)) - omNode-3@group-523986131536-SegmentedRaftLogWorker: Rolling segment log-17_20 to index:20
2021-11-02 20:13:16,435 [grpc-default-executor-6] INFO  segmented.SegmentedRaftLogWorker (SegmentedRaftLogWorker.java:rollLogSegment(399)) - omNode-3@group-523986131536-SegmentedRaftLogWorker: Rolling segment log-21_21 to index:21
2021-11-02 20:13:16,436 [grpc-default-executor-6] INFO  server.RaftServer$Division (ServerState.java:setRaftConf(387)) - omNode-3@group-523986131536: set configuration 21: [omNode-3|rpc:localhost:10624|admin:|client:|dataStream:|priority:0, omNode-1|rpc:localhost:10612|admin:|client:|dataStream:|priority:0, omNode-2|rpc:localhost:10618|admin:|client:|dataStream:|priority:0], old=null
2021-11-02 20:13:16,437 [grpc-default-executor-6] INFO  server.RaftServer$Division (ServerState.java:setRaftConf(387)) - omNode-3@group-523986131536: set configuration 22: [omNode-3|rpc:localhost:10624|admin:|client:|dataStream:|priority:0, omNode-1|rpc:localhost:10612|admin:|client:|dataStream:|priority:0, omNode-2|rpc:localhost:10618|admin:|client:|dataStream:|priority:0], old=null
2021-11-02 20:13:16,437 [omNode-3@group-523986131536-SegmentedRaftLogWorker] INFO  segmented.SegmentedRaftLogWorker (SegmentedRaftLogWorker.java:execute(558)) - omNode-3@group-523986131536-SegmentedRaftLogWorker: Rolled log segment from /home/runner/work/ozone/ozone/hadoop-ozone/integration-test/target/test-dir/MiniOzoneClusterImpl-76263e8f-62ab-412a-8766-4a189fbce95f/omNode-3/ratis/c9bc4cf4-3bc3-3c60-a66b-523986131536/current/log_inprogress_17 to /home/runner/work/ozone/ozone/hadoop-ozone/integration-test/target/test-dir/MiniOzoneClusterImpl-76263e8f-62ab-412a-8766-4a189fbce95f/omNode-3/ratis/c9bc4cf4-3bc3-3c60-a66b-523986131536/current/log_17-20
2021-11-02 20:13:16,440 [grpc-default-executor-13] INFO  leader.FollowerInfo (FollowerInfoImpl.java:lambda$new$0(47)) - omNode-2@group-523986131536->omNode-1: nextIndex: updateUnconditionally 11 -> 11
2021-11-02 20:13:16,441 [omNode-2@group-523986131536->omNode-1-GrpcLogAppender-LogAppenderDaemon] ERROR leader.LogAppenderDaemon (LogAppenderDaemon.java:run(86)) - omNode-2@group-523986131536->omNode-1-GrpcLogAppender-LogAppenderDaemon failed
java.lang.NullPointerException: omNode-2@group-523986131536->omNode-1: Previous TermIndex not found for firstIndex = 11
	at java.util.Objects.requireNonNull(Objects.java:290)
	at org.apache.ratis.server.leader.LogAppenderBase.assertProtos(LogAppenderBase.java:169)
	at org.apache.ratis.server.leader.LogAppenderBase.newAppendEntriesRequest(LogAppenderBase.java:154)
	at org.apache.ratis.grpc.server.GrpcLogAppender.appendLog(GrpcLogAppender.java:213)
	at org.apache.ratis.grpc.server.GrpcLogAppender.run(GrpcLogAppender.java:147)
	at org.apache.ratis.server.leader.LogAppenderDaemon.run(LogAppenderDaemon.java:77)
	at java.lang.Thread.run(Thread.java:748)
2021-11-02 20:13:16,441 [omNode-2@group-523986131536->omNode-1-GrpcLogAppender-LogAppenderDaemon] INFO  server.RaftServer$Division (LeaderStateImpl.java:restart(514)) - omNode-2@group-523986131536-LeaderStateImpl: Restarting GrpcLogAppender for omNode-2@group-523986131536->omNode-1
2021-11-02 20:13:16,442 [omNode-2@group-523986131536->omNode-1-GrpcLogAppender-LogAppenderDaemon] INFO  server.RaftServerConfigKeys (ConfUtils.java:logGet(44)) - raft.server.log.appender.snapshot.chunk.size.max = 16MB (=16777216) (default)
2021-11-02 20:13:16,442 [omNode-2@group-523986131536->omNode-1-GrpcLogAppender-LogAppenderDaemon] INFO  server.RaftServerConfigKeys (ConfUtils.java:logGet(44)) - raft.server.log.appender.buffer.byte-limit = 33554432 (custom)
2021-11-02 20:13:16,442 [omNode-2@group-523986131536->omNode-1-GrpcLogAppender-LogAppenderDaemon] INFO  server.RaftServerConfigKeys (ConfUtils.java:logGet(44)) - raft.server.log.appender.buffer.element-limit = 1024 (custom)
2021-11-02 20:13:16,442 [omNode-2@group-523986131536->omNode-1-GrpcLogAppender-LogAppenderDaemon] INFO  grpc.GrpcConfigKeys (ConfUtils.java:logGet(44)) - raft.grpc.server.leader.outstanding.appends.max = 128 (default)
2021-11-02 20:13:16,442 [omNode-2@group-523986131536->omNode-1-GrpcLogAppender-LogAppenderDaemon] INFO  server.RaftServerConfigKeys (ConfUtils.java:logGet(44)) - raft.server.rpc.request.timeout = 3000ms (default)
2021-11-02 20:13:16,442 [omNode-2@group-523986131536->omNode-1-GrpcLogAppender-LogAppenderDaemon] INFO  server.RaftServerConfigKeys (ConfUtils.java:logGet(44)) - raft.server.log.appender.install.snapshot.enabled = false (custom)
2021-11-02 20:13:16,443 [omNode-2@group-523986131536->omNode-1-GrpcLogAppender-LogAppenderDaemon] INFO  server.GrpcLogAppender (GrpcLogAppender.java:installSnapshot(550)) - omNode-2@group-523986131536->omNode-1-GrpcLogAppender: followerNextIndex = 0 but logStartIndex = 11, notify follower to install snapshot-(t:3, i:11)
2021-11-02 20:13:16,444 [omNode-2@group-523986131536->omNode-1-GrpcLogAppender-LogAppenderDaemon] INFO  server.GrpcLogAppender (GrpcLogAppender.java:installSnapshot(558)) - omNode-2@group-523986131536->omNode-1-GrpcLogAppender: send omNode-2->omNode-1#0-t9,notify:(t:3, i:11)
2021-11-02 20:13:16,444 [omNode-3@group-523986131536-SegmentedRaftLogWorker] INFO  segmented.SegmentedRaftLogWorker (SegmentedRaftLogWorker.java:execute(601)) - omNode-3@group-523986131536-SegmentedRaftLogWorker: created new log segment /home/runner/work/ozone/ozone/hadoop-ozone/integration-test/target/test-dir/MiniOzoneClusterImpl-76263e8f-62ab-412a-8766-4a189fbce95f/omNode-3/ratis/c9bc4cf4-3bc3-3c60-a66b-523986131536/current/log_inprogress_21
2021-11-02 20:13:16,446 [omNode-3@group-523986131536-SegmentedRaftLogWorker] INFO  segmented.SegmentedRaftLogWorker (SegmentedRaftLogWorker.java:execute(558)) - omNode-3@group-523986131536-SegmentedRaftLogWorker: Rolled log segment from /home/runner/work/ozone/ozone/hadoop-ozone/integration-test/target/test-dir/MiniOzoneClusterImpl-76263e8f-62ab-412a-8766-4a189fbce95f/omNode-3/ratis/c9bc4cf4-3bc3-3c60-a66b-523986131536/current/log_inprogress_21 to /home/runner/work/ozone/ozone/hadoop-ozone/integration-test/target/test-dir/MiniOzoneClusterImpl-76263e8f-62ab-412a-8766-4a189fbce95f/omNode-3/ratis/c9bc4cf4-3bc3-3c60-a66b-523986131536/current/log_21-21
2021-11-02 20:13:16,452 [grpc-default-executor-6] INFO  server.RaftServer$Division (RaftServerImpl.java:installSnapshot(1332)) - omNode-1@group-523986131536: receive installSnapshot: omNode-2->omNode-1#0-t9,notify:(t:3, i:11)
2021-11-02 20:13:16,452 [grpc-default-executor-6] INFO  server.RaftServer$Division (RaftServerImpl.java:notifyStateMachineToInstallSnapshot(1551)) - omNode-1@group-523986131536: Received notification to install snapshot at index 11
2021-11-02 20:13:16,452 [grpc-default-executor-6] INFO  server.RaftServer$Division (RaftServerImpl.java:notifyStateMachineToInstallSnapshot(1559)) - omNode-1@group-523986131536: InstallSnapshot notification result: ALREADY_INSTALLED, current snapshot index: 10
2021-11-02 20:13:16,453 [grpc-default-executor-6] INFO  server.RaftServer$Division (RaftServerImpl.java:installSnapshotImpl(1462)) - omNode-1@group-523986131536: set new configuration index: 22
configurationEntry {
  peers {
    id: "omNode-3"
    address: "localhost:10624"
  }
  peers {
    id: "omNode-1"
    address: "localhost:10612"
  }
  peers {
    id: "omNode-2"
    address: "localhost:10618"
  }
}
 from snapshot
2021-11-02 20:13:16,453 [grpc-default-executor-6] INFO  server.RaftServer$Division (ServerState.java:setRaftConf(387)) - omNode-1@group-523986131536: set configuration 22: [omNode-3|rpc:localhost:10624|admin:|client:|dataStream:|priority:0, omNode-1|rpc:localhost:10612|admin:|client:|dataStream:|priority:0, omNode-2|rpc:localhost:10618|admin:|client:|dataStream:|priority:0], old=null
2021-11-02 20:13:16,453 [grpc-default-executor-6] INFO  ratis.OzoneManagerStateMachine (OzoneManagerStateMachine.java:notifyConfigurationChanged(188)) - Received Configuration change notification from Ratis. New Peer list:
[id: "omNode-3"
address: "localhost:10624"
, id: "omNode-1"
address: "localhost:10612"
, id: "omNode-2"
address: "localhost:10618"
]
2021-11-02 20:13:16,453 [grpc-default-executor-6] INFO  server.RaftServer$Division (RaftServerImpl.java:installSnapshot(1343)) - omNode-1@group-523986131536: reply installSnapshot: omNode-2<-omNode-1#0:FAIL-t9,ALREADY_INSTALLED,snapshotIndex=10
2021-11-02 20:13:16,453 [grpc-default-executor-6] INFO  server.GrpcServerProtocolService (GrpcServerProtocolService.java:onCompleted(140)) - omNode-1: Completed INSTALL_SNAPSHOT, lastRequest: omNode-2->omNode-1#0-t9,notify:(t:3, i:11)
2021-11-02 20:13:16,454 [grpc-default-executor-13] INFO  server.GrpcLogAppender (GrpcLogAppender.java:onNext(410)) - omNode-2@group-523986131536->omNode-1-InstallSnapshotResponseHandler: received the first reply omNode-2<-omNode-1#0:FAIL-t9,ALREADY_INSTALLED,snapshotIndex=10
2021-11-02 20:13:16,454 [grpc-default-executor-13] INFO  server.GrpcLogAppender (GrpcLogAppender.java:onNext(433)) - omNode-2@group-523986131536->omNode-1-InstallSnapshotResponseHandler: Follower snapshot is already at index 10.
2021-11-02 20:13:16,454 [grpc-default-executor-13] INFO  leader.FollowerInfo (FollowerInfoImpl.java:lambda$new$0(47)) - omNode-2@group-523986131536->omNode-1: snapshotIndex: setUnconditionally 0 -> 10
2021-11-02 20:13:16,454 [grpc-default-executor-13] INFO  leader.FollowerInfo (FollowerInfoImpl.java:lambda$new$0(47)) - omNode-2@group-523986131536->omNode-1: matchIndex: setUnconditionally 0 -> 10
2021-11-02 20:13:16,454 [grpc-default-executor-13] INFO  leader.FollowerInfo (FollowerInfoImpl.java:lambda$new$0(47)) - omNode-2@group-523986131536->omNode-1: nextIndex: setUnconditionally 0 -> 11
2021-11-02 20:13:16,454 [grpc-default-executor-13] INFO  leader.FollowerInfo (FollowerInfoImpl.java:setAttemptedToInstallSnapshot(116)) - Follower omNode-2@group-523986131536->omNode-1 acknowledged installing snapshot
2021-11-02 20:13:16,454 [grpc-default-executor-13] INFO  leader.FollowerInfo (FollowerInfoImpl.java:lambda$new$0(47)) - omNode-2@group-523986131536->omNode-1: nextIndex: updateToMax old=11, new=11, updated? false
2021-11-02 20:13:16,457 [omNode-3@group-523986131536-SegmentedRaftLogWorker] INFO  segmented.SegmentedRaftLogWorker (SegmentedRaftLogWorker.java:execute(601)) - omNode-3@group-523986131536-SegmentedRaftLogWorker: created new log segment /home/runner/work/ozone/ozone/hadoop-ozone/integration-test/target/test-dir/MiniOzoneClusterImpl-76263e8f-62ab-412a-8766-4a189fbce95f/omNode-3/ratis/c9bc4cf4-3bc3-3c60-a66b-523986131536/current/log_inprogress_22
2021-11-02 20:13:16,463 [omNode-2@group-523986131536-StateMachineUpdater] INFO  ratis.OzoneManagerStateMachine (OzoneManagerStateMachine.java:notifyConfigurationChanged(188)) - Received Configuration change notification from Ratis. New Peer list:
[id: "omNode-3"
address: "localhost:10624"
, id: "omNode-1"
address: "localhost:10612"
, id: "omNode-2"
address: "localhost:10618"
]
2021-11-02 20:13:16,464 [omNode-2@group-523986131536-StateMachineUpdater] INFO  ratis.OzoneManagerStateMachine (OzoneManagerStateMachine.java:notifyConfigurationChanged(188)) - Received Configuration change notification from Ratis. New Peer list:
[id: "omNode-3"
address: "localhost:10624"
, id: "omNode-1"
address: "localhost:10612"
, id: "omNode-2"
address: "localhost:10618"
]
2021-11-02 20:13:16,464 [grpc-default-executor-6] INFO  server.RaftServer$Division (RaftServerImpl.java:checkInconsistentAppendEntries(1322)) - omNode-1@group-523986131536: Failed appendEntries as previous log entry ((t:9, i:22)) is not found
2021-11-02 20:13:16,464 [grpc-default-executor-6] INFO  server.RaftServer$Division (RaftServerImpl.java:checkInconsistentAppendEntries(1288)) - omNode-1@group-523986131536: inconsistency entries. Reply:omNode-2<-omNode-1#3:FAIL-t9,INCONSISTENCY,nextIndex=11,followerCommit=10
2021-11-02 20:13:16,465 [omNode-3@group-523986131536-StateMachineUpdater] INFO  ratis.OzoneManagerStateMachine (OzoneManagerStateMachine.java:notifyConfigurationChanged(188)) - Received Configuration change notification from Ratis. New Peer list:
[id: "omNode-3"
address: "localhost:10624"
, id: "omNode-1"
address: "localhost:10612"
, id: "omNode-2"
address: "localhost:10618"
]
2021-11-02 20:13:16,467 [omNode-3@group-523986131536-StateMachineUpdater] INFO  ratis.OzoneManagerStateMachine (OzoneManagerStateMachine.java:notifyConfigurationChanged(188)) - Received Configuration change notification from Ratis. New Peer list:
[id: "omNode-3"
address: "localhost:10624"
, id: "omNode-1"
address: "localhost:10612"
, id: "omNode-2"
address: "localhost:10618"
]
2021-11-02 20:13:16,965 [grpc-default-executor-13] INFO  server.RaftServer$Division (RaftServerImpl.java:checkInconsistentAppendEntries(1322)) - omNode-1@group-523986131536: Failed appendEntries as previous log entry ((t:9, i:23)) is not found
2021-11-02 20:13:16,965 [grpc-default-executor-13] INFO  server.RaftServer$Division (RaftServerImpl.java:checkInconsistentAppendEntries(1288)) - omNode-1@group-523986131536: inconsistency entries. Reply:omNode-2<-omNode-1#55:FAIL-t9,INCONSISTENCY,nextIndex=11,followerCommit=10
2021-11-02 20:13:16,967 [grpc-default-executor-13] INFO  leader.FollowerInfo (FollowerInfoImpl.java:lambda$new$0(47)) - omNode-2@group-523986131536->omNode-1: nextIndex: updateUnconditionally 24 -> 11
2021-11-02 20:13:17,450 [Time-limited test] INFO  retry.RetryInvocationHandler (RetryInvocationHandler.java:log(411)) - com.google.protobuf.ServiceException: org.apache.hadoop.ipc.RemoteException(org.apache.hadoop.ozone.om.exceptions.OMNotLeaderException): OM:omNode-1 is not the leader. Could not determine the leader node.
	at org.apache.hadoop.ozone.om.ratis.utils.OzoneManagerRatisUtils.createNotLeaderException(OzoneManagerRatisUtils.java:465)
	at org.apache.hadoop.ozone.om.ratis.utils.OzoneManagerRatisUtils.checkLeaderStatus(OzoneManagerRatisUtils.java:451)
	at org.apache.hadoop.ozone.protocolPB.OzoneManagerProtocolServerSideTranslatorPB.checkLeaderStatus(OzoneManagerProtocolServerSideTranslatorPB.java:279)
	at org.apache.hadoop.ozone.protocolPB.OzoneManagerProtocolServerSideTranslatorPB.processRequest(OzoneManagerProtocolServerSideTranslatorPB.java:158)
	at org.apache.hadoop.hdds.server.OzoneProtocolMessageDispatcher.processRequest(OzoneProtocolMessageDispatcher.java:87)
	at org.apache.hadoop.ozone.protocolPB.OzoneManagerProtocolServerSideTranslatorPB.submitRequest(OzoneManagerProtocolServerSideTranslatorPB.java:124)
	at org.apache.hadoop.ozone.protocol.proto.OzoneManagerProtocolProtos$OzoneManagerService$2.callBlockingMethod(OzoneManagerProtocolProtos.java)
	at org.apache.hadoop.ipc.ProtobufRpcEngine$Server.processCall(ProtobufRpcEngine.java:466)
	at org.apache.hadoop.ipc.ProtobufRpcEngine2$Server$ProtoBufRpcInvoker.call(ProtobufRpcEngine2.java:574)
	at org.apache.hadoop.ipc.ProtobufRpcEngine2$Server$ProtoBufRpcInvoker.call(ProtobufRpcEngine2.java:552)
	at org.apache.hadoop.ipc.RPC$Server.call(RPC.java:1093)
	at org.apache.hadoop.ipc.Server$RpcCall.run(Server.java:1035)
	at org.apache.hadoop.ipc.Server$RpcCall.run(Server.java:963)
	at java.security.AccessController.doPrivileged(Native Method)
	at javax.security.auth.Subject.doAs(Subject.java:422)
	at org.apache.hadoop.security.UserGroupInformation.doAs(UserGroupInformation.java:1878)
	at org.apache.hadoop.ipc.Server$Handler.run(Server.java:2966)
, while invoking $Proxy52.submitRequest over nodeId=omNode-1,nodeAddress=127.0.0.1:10608 after 1 failover attempts. Trying to failover immediately.
2021-11-02 20:13:17,454 [grpc-default-executor-13] INFO  server.RaftServer$Division (RaftServerImpl.java:checkInconsistentAppendEntries(1322)) - omNode-1@group-523986131536: Failed appendEntries as previous log entry ((t:9, i:23)) is not found
2021-11-02 20:13:17,454 [grpc-default-executor-13] INFO  server.RaftServer$Division (RaftServerImpl.java:checkInconsistentAppendEntries(1288)) - omNode-1@group-523986131536: inconsistency entries. Reply:omNode-2<-omNode-1#105:FAIL-t9,INCONSISTENCY,nextIndex=11,followerCommit=10
2021-11-02 20:13:17,456 [grpc-default-executor-13] INFO  server.RaftServer$Division (RaftServerImpl.java:checkInconsistentAppendEntries(1322)) - omNode-1@group-523986131536: Failed appendEntries as previous log entry ((t:9, i:24)) is not found
2021-11-02 20:13:17,456 [grpc-default-executor-13] INFO  server.RaftServer$Division (RaftServerImpl.java:checkInconsistentAppendEntries(1288)) - omNode-1@group-523986131536: inconsistency entries. Reply:omNode-2<-omNode-1#106:FAIL-t9,INCONSISTENCY,nextIndex=11,followerCommit=10
2021-11-02 20:13:17,456 [OM StateMachine ApplyTransaction Thread - 0] INFO  upgrade.OMCancelPrepareRequest (OMCancelPrepareRequest.java:validateAndUpdateCache(55)) - OM omNode-2 Received cancel prepare request with log index 24
2021-11-02 20:13:17,456 [OM StateMachine ApplyTransaction Thread - 0] INFO  upgrade.OMCancelPrepareRequest (OMCancelPrepareRequest.java:validateAndUpdateCache(84)) - OM omNode-2 prepare state cancelled at log index 24. Returning response 
2021-11-02 20:13:17,461 [OM StateMachine ApplyTransaction Thread - 0] INFO  upgrade.OMCancelPrepareRequest (OMCancelPrepareRequest.java:validateAndUpdateCache(55)) - OM omNode-3 Received cancel prepare request with log index 24
2021-11-02 20:13:17,462 [OM StateMachine ApplyTransaction Thread - 0] INFO  upgrade.OMCancelPrepareRequest (OMCancelPrepareRequest.java:validateAndUpdateCache(84)) - OM omNode-3 prepare state cancelled at log index 24. Returning response 
2021-11-02 20:13:17,957 [grpc-default-executor-6] INFO  server.RaftServer$Division (RaftServerImpl.java:checkInconsistentAppendEntries(1322)) - omNode-1@group-523986131536: Failed appendEntries as previous log entry ((t:9, i:25)) is not found
2021-11-02 20:13:17,957 [grpc-default-executor-6] INFO  server.RaftServer$Division (RaftServerImpl.java:checkInconsistentAppendEntries(1288)) - omNode-1@group-523986131536: inconsistency entries. Reply:omNode-2<-omNode-1#157:FAIL-t9,INCONSISTENCY,nextIndex=11,followerCommit=10
2021-11-02 20:13:17,957 [grpc-default-executor-6] INFO  leader.FollowerInfo (FollowerInfoImpl.java:lambda$new$0(47)) - omNode-2@group-523986131536->omNode-1: nextIndex: updateUnconditionally 26 -> 11
2021-11-02 20:13:18,460 [grpc-default-executor-6] INFO  server.RaftServer$Division (RaftServerImpl.java:checkInconsistentAppendEntries(1322)) - omNode-1@group-523986131536: Failed appendEntries as previous log entry ((t:9, i:25)) is not found
2021-11-02 20:13:18,460 [grpc-default-executor-6] INFO  server.RaftServer$Division (RaftServerImpl.java:checkInconsistentAppendEntries(1288)) - omNode-1@group-523986131536: inconsistency entries. Reply:omNode-2<-omNode-1#208:FAIL-t9,INCONSISTENCY,nextIndex=11,followerCommit=10
2021-11-02 20:13:18,460 [grpc-default-executor-6] INFO  leader.FollowerInfo (FollowerInfoImpl.java:lambda$new$0(47)) - omNode-2@group-523986131536->omNode-1: nextIndex: updateUnconditionally 26 -> 11
2021-11-02 20:13:18,964 [grpc-default-executor-6] INFO  server.RaftServer$Division (RaftServerImpl.java:checkInconsistentAppendEntries(1322)) - omNode-1@group-523986131536: Failed appendEntries as previous log entry ((t:9, i:25)) is not found
2021-11-02 20:13:18,964 [grpc-default-executor-6] INFO  server.RaftServer$Division (RaftServerImpl.java:checkInconsistentAppendEntries(1288)) - omNode-1@group-523986131536: inconsistency entries. Reply:omNode-2<-omNode-1#259:FAIL-t9,INCONSISTENCY,nextIndex=11,followerCommit=10
2021-11-02 20:13:18,965 [grpc-default-executor-6] INFO  leader.FollowerInfo (FollowerInfoImpl.java:lambda$new$0(47)) - omNode-2@group-523986131536->omNode-1: nextIndex: updateUnconditionally 26 -> 11
2021-11-02 20:13:19,467 [grpc-default-executor-6] INFO  server.RaftServer$Division (RaftServerImpl.java:checkInconsistentAppendEntries(1322)) - omNode-1@group-523986131536: Failed appendEntries as previous log entry ((t:9, i:25)) is not found
2021-11-02 20:13:19,467 [grpc-default-executor-6] INFO  server.RaftServer$Division (RaftServerImpl.java:checkInconsistentAppendEntries(1288)) - omNode-1@group-523986131536: inconsistency entries. Reply:omNode-2<-omNode-1#310:FAIL-t9,INCONSISTENCY,nextIndex=11,followerCommit=10
2021-11-02 20:13:19,468 [grpc-default-executor-6] INFO  leader.FollowerInfo (FollowerInfoImpl.java:lambda$new$0(47)) - omNode-2@group-523986131536->omNode-1: nextIndex: updateUnconditionally 26 -> 11
2021-11-02 20:13:19,970 [grpc-default-executor-13] INFO  server.RaftServer$Division (RaftServerImpl.java:checkInconsistentAppendEntries(1322)) - omNode-1@group-523986131536: Failed appendEntries as previous log entry ((t:9, i:25)) is not found
2021-11-02 20:13:19,970 [grpc-default-executor-13] INFO  server.RaftServer$Division (RaftServerImpl.java:checkInconsistentAppendEntries(1288)) - omNode-1@group-523986131536: inconsistency entries. Reply:omNode-2<-omNode-1#361:FAIL-t9,INCONSISTENCY,nextIndex=11,followerCommit=10
2021-11-02 20:13:19,970 [grpc-default-executor-13] INFO  leader.FollowerInfo (FollowerInfoImpl.java:lambda$new$0(47)) - omNode-2@group-523986131536->omNode-1: nextIndex: updateUnconditionally 26 -> 11
2021-11-02 20:13:20,473 [grpc-default-executor-13] INFO  server.RaftServer$Division (RaftServerImpl.java:checkInconsistentAppendEntries(1322)) - omNode-1@group-523986131536: Failed appendEntries as previous log entry ((t:9, i:25)) is not found
2021-11-02 20:13:20,473 [grpc-default-executor-13] INFO  server.RaftServer$Division (RaftServerImpl.java:checkInconsistentAppendEntries(1288)) - omNode-1@group-523986131536: inconsistency entries. Reply:omNode-2<-omNode-1#412:FAIL-t9,INCONSISTENCY,nextIndex=11,followerCommit=10
2021-11-02 20:13:20,476 [grpc-default-executor-13] INFO  leader.FollowerInfo (FollowerInfoImpl.java:lambda$new$0(47)) - omNode-2@group-523986131536->omNode-1: nextIndex: updateUnconditionally 26 -> 11
2021-11-02 20:13:20,979 [grpc-default-executor-13] INFO  server.RaftServer$Division (RaftServerImpl.java:checkInconsistentAppendEntries(1322)) - omNode-1@group-523986131536: Failed appendEntries as previous log entry ((t:9, i:25)) is not found
2021-11-02 20:13:20,979 [grpc-default-executor-13] INFO  server.RaftServer$Division (RaftServerImpl.java:checkInconsistentAppendEntries(1288)) - omNode-1@group-523986131536: inconsistency entries. Reply:omNode-2<-omNode-1#463:FAIL-t9,INCONSISTENCY,nextIndex=11,followerCommit=10
2021-11-02 20:13:20,979 [grpc-default-executor-13] INFO  leader.FollowerInfo (FollowerInfoImpl.java:lambda$new$0(47)) - omNode-2@group-523986131536->omNode-1: nextIndex: updateUnconditionally 26 -> 11
2021-11-02 20:13:21,481 [grpc-default-executor-6] INFO  server.RaftServer$Division (RaftServerImpl.java:checkInconsistentAppendEntries(1322)) - omNode-1@group-523986131536: Failed appendEntries as previous log entry ((t:9, i:25)) is not found
2021-11-02 20:13:21,481 [grpc-default-executor-6] INFO  server.RaftServer$Division (RaftServerImpl.java:checkInconsistentAppendEntries(1288)) - omNode-1@group-523986131536: inconsistency entries. Reply:omNode-2<-omNode-1#514:FAIL-t9,INCONSISTENCY,nextIndex=11,followerCommit=10
2021-11-02 20:13:21,481 [grpc-default-executor-6] INFO  leader.FollowerInfo (FollowerInfoImpl.java:lambda$new$0(47)) - omNode-2@group-523986131536->omNode-1: nextIndex: updateUnconditionally 26 -> 11
2021-11-02 20:13:21,984 [grpc-default-executor-13] INFO  server.RaftServer$Division (RaftServerImpl.java:checkInconsistentAppendEntries(1322)) - omNode-1@group-523986131536: Failed appendEntries as previous log entry ((t:9, i:25)) is not found
2021-11-02 20:13:21,984 [grpc-default-executor-13] INFO  server.RaftServer$Division (RaftServerImpl.java:checkInconsistentAppendEntries(1288)) - omNode-1@group-523986131536: inconsistency entries. Reply:omNode-2<-omNode-1#565:FAIL-t9,INCONSISTENCY,nextIndex=11,followerCommit=10
2021-11-02 20:13:21,984 [grpc-default-executor-13] INFO  leader.FollowerInfo (FollowerInfoImpl.java:lambda$new$0(47)) - omNode-2@group-523986131536->omNode-1: nextIndex: updateUnconditionally 26 -> 11
2021-11-02 20:13:22,487 [grpc-default-executor-13] INFO  server.RaftServer$Division (RaftServerImpl.java:checkInconsistentAppendEntries(1322)) - omNode-1@group-523986131536: Failed appendEntries as previous log entry ((t:9, i:25)) is not found
2021-11-02 20:13:22,487 [grpc-default-executor-13] INFO  server.RaftServer$Division (RaftServerImpl.java:checkInconsistentAppendEntries(1288)) - omNode-1@group-523986131536: inconsistency entries. Reply:omNode-2<-omNode-1#616:FAIL-t9,INCONSISTENCY,nextIndex=11,followerCommit=10
2021-11-02 20:13:22,487 [grpc-default-executor-13] INFO  leader.FollowerInfo (FollowerInfoImpl.java:lambda$new$0(47)) - omNode-2@group-523986131536->omNode-1: nextIndex: updateUnconditionally 26 -> 11
2021-11-02 20:13:22,990 [grpc-default-executor-13] INFO  server.RaftServer$Division (RaftServerImpl.java:checkInconsistentAppendEntries(1322)) - omNode-1@group-523986131536: Failed appendEntries as previous log entry ((t:9, i:25)) is not found
2021-11-02 20:13:22,990 [grpc-default-executor-13] INFO  server.RaftServer$Division (RaftServerImpl.java:checkInconsistentAppendEntries(1288)) - omNode-1@group-523986131536: inconsistency entries. Reply:omNode-2<-omNode-1#667:FAIL-t9,INCONSISTENCY,nextIndex=11,followerCommit=10
2021-11-02 20:13:22,990 [grpc-default-executor-13] INFO  leader.FollowerInfo (FollowerInfoImpl.java:lambda$new$0(47)) - omNode-2@group-523986131536->omNode-1: nextIndex: updateUnconditionally 26 -> 11
2021-11-02 20:13:23,492 [grpc-default-executor-13] INFO  server.RaftServer$Division (RaftServerImpl.java:checkInconsistentAppendEntries(1322)) - omNode-1@group-523986131536: Failed appendEntries as previous log entry ((t:9, i:25)) is not found
2021-11-02 20:13:23,492 [grpc-default-executor-13] INFO  server.RaftServer$Division (RaftServerImpl.java:checkInconsistentAppendEntries(1288)) - omNode-1@group-523986131536: inconsistency entries. Reply:omNode-2<-omNode-1#718:FAIL-t9,INCONSISTENCY,nextIndex=11,followerCommit=10
2021-11-02 20:13:23,493 [grpc-default-executor-13] INFO  leader.FollowerInfo (FollowerInfoImpl.java:lambda$new$0(47)) - omNode-2@group-523986131536->omNode-1: nextIndex: updateUnconditionally 26 -> 11
2021-11-02 20:13:23,995 [grpc-default-executor-13] INFO  server.RaftServer$Division (RaftServerImpl.java:checkInconsistentAppendEntries(1322)) - omNode-1@group-523986131536: Failed appendEntries as previous log entry ((t:9, i:25)) is not found
2021-11-02 20:13:23,995 [grpc-default-executor-13] INFO  server.RaftServer$Division (RaftServerImpl.java:checkInconsistentAppendEntries(1288)) - omNode-1@group-523986131536: inconsistency entries. Reply:omNode-2<-omNode-1#769:FAIL-t9,INCONSISTENCY,nextIndex=11,followerCommit=10
2021-11-02 20:13:23,995 [grpc-default-executor-13] INFO  leader.FollowerInfo (FollowerInfoImpl.java:lambda$new$0(47)) - omNode-2@group-523986131536->omNode-1: nextIndex: updateUnconditionally 26 -> 11
2021-11-02 20:13:24,497 [grpc-default-executor-13] INFO  server.RaftServer$Division (RaftServerImpl.java:checkInconsistentAppendEntries(1322)) - omNode-1@group-523986131536: Failed appendEntries as previous log entry ((t:9, i:25)) is not found
2021-11-02 20:13:24,497 [grpc-default-executor-13] INFO  server.RaftServer$Division (RaftServerImpl.java:checkInconsistentAppendEntries(1288)) - omNode-1@group-523986131536: inconsistency entries. Reply:omNode-2<-omNode-1#820:FAIL-t9,INCONSISTENCY,nextIndex=11,followerCommit=10
2021-11-02 20:13:24,498 [grpc-default-executor-13] INFO  leader.FollowerInfo (FollowerInfoImpl.java:lambda$new$0(47)) - omNode-2@group-523986131536->omNode-1: nextIndex: updateUnconditionally 26 -> 11
2021-11-02 20:13:25,000 [grpc-default-executor-13] INFO  server.RaftServer$Division (RaftServerImpl.java:checkInconsistentAppendEntries(1322)) - omNode-1@group-523986131536: Failed appendEntries as previous log entry ((t:9, i:25)) is not found
2021-11-02 20:13:25,000 [grpc-default-executor-13] INFO  server.RaftServer$Division (RaftServerImpl.java:checkInconsistentAppendEntries(1288)) - omNode-1@group-523986131536: inconsistency entries. Reply:omNode-2<-omNode-1#871:FAIL-t9,INCONSISTENCY,nextIndex=11,followerCommit=10
2021-11-02 20:13:25,000 [grpc-default-executor-13] INFO  leader.FollowerInfo (FollowerInfoImpl.java:lambda$new$0(47)) - omNode-2@group-523986131536->omNode-1: nextIndex: updateUnconditionally 26 -> 11
2021-11-02 20:13:25,502 [grpc-default-executor-13] INFO  server.RaftServer$Division (RaftServerImpl.java:checkInconsistentAppendEntries(1322)) - omNode-1@group-523986131536: Failed appendEntries as previous log entry ((t:9, i:25)) is not found
2021-11-02 20:13:25,502 [grpc-default-executor-13] INFO  server.RaftServer$Division (RaftServerImpl.java:checkInconsistentAppendEntries(1288)) - omNode-1@group-523986131536: inconsistency entries. Reply:omNode-2<-omNode-1#922:FAIL-t9,INCONSISTENCY,nextIndex=11,followerCommit=10
2021-11-02 20:13:25,502 [grpc-default-executor-13] INFO  leader.FollowerInfo (FollowerInfoImpl.java:lambda$new$0(47)) - omNode-2@group-523986131536->omNode-1: nextIndex: updateUnconditionally 26 -> 11
2021-11-02 20:13:26,004 [grpc-default-executor-13] INFO  server.RaftServer$Division (RaftServerImpl.java:checkInconsistentAppendEntries(1322)) - omNode-1@group-523986131536: Failed appendEntries as previous log entry ((t:9, i:25)) is not found
2021-11-02 20:13:26,005 [grpc-default-executor-13] INFO  server.RaftServer$Division (RaftServerImpl.java:checkInconsistentAppendEntries(1288)) - omNode-1@group-523986131536: inconsistency entries. Reply:omNode-2<-omNode-1#973:FAIL-t9,INCONSISTENCY,nextIndex=11,followerCommit=10
2021-11-02 20:13:26,005 [grpc-default-executor-13] INFO  leader.FollowerInfo (FollowerInfoImpl.java:lambda$new$0(47)) - omNode-2@group-523986131536->omNode-1: nextIndex: updateUnconditionally 26 -> 11
2021-11-02 20:13:26,507 [grpc-default-executor-6] INFO  server.RaftServer$Division (RaftServerImpl.java:checkInconsistentAppendEntries(1322)) - omNode-1@group-523986131536: Failed appendEntries as previous log entry ((t:9, i:25)) is not found
2021-11-02 20:13:26,508 [grpc-default-executor-6] INFO  server.RaftServer$Division (RaftServerImpl.java:checkInconsistentAppendEntries(1288)) - omNode-1@group-523986131536: inconsistency entries. Reply:omNode-2<-omNode-1#1024:FAIL-t9,INCONSISTENCY,nextIndex=11,followerCommit=10
2021-11-02 20:13:26,508 [grpc-default-executor-6] INFO  leader.FollowerInfo (FollowerInfoImpl.java:lambda$new$0(47)) - omNode-2@group-523986131536->omNode-1: nextIndex: updateUnconditionally 26 -> 11
2021-11-02 20:13:27,009 [grpc-default-executor-13] INFO  server.RaftServer$Division (RaftServerImpl.java:checkInconsistentAppendEntries(1322)) - omNode-1@group-523986131536: Failed appendEntries as previous log entry ((t:9, i:25)) is not found
2021-11-02 20:13:27,010 [grpc-default-executor-13] INFO  server.RaftServer$Division (RaftServerImpl.java:checkInconsistentAppendEntries(1288)) - omNode-1@group-523986131536: inconsistency entries. Reply:omNode-2<-omNode-1#1075:FAIL-t9,INCONSISTENCY,nextIndex=11,followerCommit=10
2021-11-02 20:13:27,010 [grpc-default-executor-13] INFO  leader.FollowerInfo (FollowerInfoImpl.java:lambda$new$0(47)) - omNode-2@group-523986131536->omNode-1: nextIndex: updateUnconditionally 26 -> 11
2021-11-02 20:13:27,511 [grpc-default-executor-13] INFO  server.RaftServer$Division (RaftServerImpl.java:checkInconsistentAppendEntries(1322)) - omNode-1@group-523986131536: Failed appendEntries as previous log entry ((t:9, i:25)) is not found
2021-11-02 20:13:27,512 [grpc-default-executor-13] INFO  server.RaftServer$Division (RaftServerImpl.java:checkInconsistentAppendEntries(1288)) - omNode-1@group-523986131536: inconsistency entries. Reply:omNode-2<-omNode-1#1126:FAIL-t9,INCONSISTENCY,nextIndex=11,followerCommit=10
2021-11-02 20:13:27,512 [grpc-default-executor-13] INFO  leader.FollowerInfo (FollowerInfoImpl.java:lambda$new$0(47)) - omNode-2@group-523986131536->omNode-1: nextIndex: updateUnconditionally 26 -> 11
2021-11-02 20:13:28,013 [grpc-default-executor-13] INFO  server.RaftServer$Division (RaftServerImpl.java:checkInconsistentAppendEntries(1322)) - omNode-1@group-523986131536: Failed appendEntries as previous log entry ((t:9, i:25)) is not found
2021-11-02 20:13:28,013 [grpc-default-executor-13] INFO  server.RaftServer$Division (RaftServerImpl.java:checkInconsistentAppendEntries(1288)) - omNode-1@group-523986131536: inconsistency entries. Reply:omNode-2<-omNode-1#1177:FAIL-t9,INCONSISTENCY,nextIndex=11,followerCommit=10
2021-11-02 20:13:28,014 [grpc-default-executor-13] INFO  leader.FollowerInfo (FollowerInfoImpl.java:lambda$new$0(47)) - omNode-2@group-523986131536->omNode-1: nextIndex: updateUnconditionally 26 -> 11
2021-11-02 20:13:28,515 [grpc-default-executor-13] INFO  server.RaftServer$Division (RaftServerImpl.java:checkInconsistentAppendEntries(1322)) - omNode-1@group-523986131536: Failed appendEntries as previous log entry ((t:9, i:25)) is not found
2021-11-02 20:13:28,515 [grpc-default-executor-13] INFO  server.RaftServer$Division (RaftServerImpl.java:checkInconsistentAppendEntries(1288)) - omNode-1@group-523986131536: inconsistency entries. Reply:omNode-2<-omNode-1#1228:FAIL-t9,INCONSISTENCY,nextIndex=11,followerCommit=10
2021-11-02 20:13:28,516 [grpc-default-executor-13] INFO  leader.FollowerInfo (FollowerInfoImpl.java:lambda$new$0(47)) - omNode-2@group-523986131536->omNode-1: nextIndex: updateUnconditionally 26 -> 11
2021-11-02 20:13:29,017 [grpc-default-executor-13] INFO  server.RaftServer$Division (RaftServerImpl.java:checkInconsistentAppendEntries(1322)) - omNode-1@group-523986131536: Failed appendEntries as previous log entry ((t:9, i:25)) is not found
2021-11-02 20:13:29,017 [grpc-default-executor-13] INFO  server.RaftServer$Division (RaftServerImpl.java:checkInconsistentAppendEntries(1288)) - omNode-1@group-523986131536: inconsistency entries. Reply:omNode-2<-omNode-1#1279:FAIL-t9,INCONSISTENCY,nextIndex=11,followerCommit=10
2021-11-02 20:13:29,018 [grpc-default-executor-13] INFO  leader.FollowerInfo (FollowerInfoImpl.java:lambda$new$0(47)) - omNode-2@group-523986131536->omNode-1: nextIndex: updateUnconditionally 26 -> 11
2021-11-02 20:13:29,520 [grpc-default-executor-6] INFO  server.RaftServer$Division (RaftServerImpl.java:checkInconsistentAppendEntries(1322)) - omNode-1@group-523986131536: Failed appendEntries as previous log entry ((t:9, i:25)) is not found
2021-11-02 20:13:29,520 [grpc-default-executor-6] INFO  server.RaftServer$Division (RaftServerImpl.java:checkInconsistentAppendEntries(1288)) - omNode-1@group-523986131536: inconsistency entries. Reply:omNode-2<-omNode-1#1330:FAIL-t9,INCONSISTENCY,nextIndex=11,followerCommit=10
2021-11-02 20:13:29,521 [grpc-default-executor-6] INFO  leader.FollowerInfo (FollowerInfoImpl.java:lambda$new$0(47)) - omNode-2@group-523986131536->omNode-1: nextIndex: updateUnconditionally 26 -> 11
2021-11-02 20:13:30,023 [grpc-default-executor-6] INFO  server.RaftServer$Division (RaftServerImpl.java:checkInconsistentAppendEntries(1322)) - omNode-1@group-523986131536: Failed appendEntries as previous log entry ((t:9, i:25)) is not found
2021-11-02 20:13:30,023 [grpc-default-executor-6] INFO  server.RaftServer$Division (RaftServerImpl.java:checkInconsistentAppendEntries(1288)) - omNode-1@group-523986131536: inconsistency entries. Reply:omNode-2<-omNode-1#1381:FAIL-t9,INCONSISTENCY,nextIndex=11,followerCommit=10
2021-11-02 20:13:30,023 [grpc-default-executor-6] INFO  leader.FollowerInfo (FollowerInfoImpl.java:lambda$new$0(47)) - omNode-2@group-523986131536->omNode-1: nextIndex: updateUnconditionally 26 -> 11
2021-11-02 20:13:30,525 [grpc-default-executor-6] INFO  server.RaftServer$Division (RaftServerImpl.java:checkInconsistentAppendEntries(1322)) - omNode-1@group-523986131536: Failed appendEntries as previous log entry ((t:9, i:25)) is not found
2021-11-02 20:13:30,525 [grpc-default-executor-6] INFO  server.RaftServer$Division (RaftServerImpl.java:checkInconsistentAppendEntries(1288)) - omNode-1@group-523986131536: inconsistency entries. Reply:omNode-2<-omNode-1#1432:FAIL-t9,INCONSISTENCY,nextIndex=11,followerCommit=10
2021-11-02 20:13:30,525 [grpc-default-executor-6] INFO  leader.FollowerInfo (FollowerInfoImpl.java:lambda$new$0(47)) - omNode-2@group-523986131536->omNode-1: nextIndex: updateUnconditionally 26 -> 11
2021-11-02 20:13:31,027 [grpc-default-executor-6] INFO  server.RaftServer$Division (RaftServerImpl.java:checkInconsistentAppendEntries(1322)) - omNode-1@group-523986131536: Failed appendEntries as previous log entry ((t:9, i:25)) is not found
2021-11-02 20:13:31,027 [grpc-default-executor-6] INFO  server.RaftServer$Division (RaftServerImpl.java:checkInconsistentAppendEntries(1288)) - omNode-1@group-523986131536: inconsistency entries. Reply:omNode-2<-omNode-1#1483:FAIL-t9,INCONSISTENCY,nextIndex=11,followerCommit=10
2021-11-02 20:13:31,028 [grpc-default-executor-6] INFO  leader.FollowerInfo (FollowerInfoImpl.java:lambda$new$0(47)) - omNode-2@group-523986131536->omNode-1: nextIndex: updateUnconditionally 26 -> 11
2021-11-02 20:13:31,530 [grpc-default-executor-13] INFO  server.RaftServer$Division (RaftServerImpl.java:checkInconsistentAppendEntries(1322)) - omNode-1@group-523986131536: Failed appendEntries as previous log entry ((t:9, i:25)) is not found
2021-11-02 20:13:31,530 [grpc-default-executor-13] INFO  server.RaftServer$Division (RaftServerImpl.java:checkInconsistentAppendEntries(1288)) - omNode-1@group-523986131536: inconsistency entries. Reply:omNode-2<-omNode-1#1534:FAIL-t9,INCONSISTENCY,nextIndex=11,followerCommit=10
2021-11-02 20:13:31,530 [grpc-default-executor-13] INFO  leader.FollowerInfo (FollowerInfoImpl.java:lambda$new$0(47)) - omNode-2@group-523986131536->omNode-1: nextIndex: updateUnconditionally 26 -> 11
2021-11-02 20:13:32,033 [grpc-default-executor-13] INFO  server.RaftServer$Division (RaftServerImpl.java:checkInconsistentAppendEntries(1322)) - omNode-1@group-523986131536: Failed appendEntries as previous log entry ((t:9, i:25)) is not found
2021-11-02 20:13:32,033 [grpc-default-executor-13] INFO  server.RaftServer$Division (RaftServerImpl.java:checkInconsistentAppendEntries(1288)) - omNode-1@group-523986131536: inconsistency entries. Reply:omNode-2<-omNode-1#1585:FAIL-t9,INCONSISTENCY,nextIndex=11,followerCommit=10
2021-11-02 20:13:32,033 [grpc-default-executor-13] INFO  leader.FollowerInfo (FollowerInfoImpl.java:lambda$new$0(47)) - omNode-2@group-523986131536->omNode-1: nextIndex: updateUnconditionally 26 -> 11
2021-11-02 20:13:32,535 [grpc-default-executor-13] INFO  server.RaftServer$Division (RaftServerImpl.java:checkInconsistentAppendEntries(1322)) - omNode-1@group-523986131536: Failed appendEntries as previous log entry ((t:9, i:25)) is not found
2021-11-02 20:13:32,536 [grpc-default-executor-13] INFO  server.RaftServer$Division (RaftServerImpl.java:checkInconsistentAppendEntries(1288)) - omNode-1@group-523986131536: inconsistency entries. Reply:omNode-2<-omNode-1#1636:FAIL-t9,INCONSISTENCY,nextIndex=11,followerCommit=10
2021-11-02 20:13:32,536 [grpc-default-executor-13] INFO  leader.FollowerInfo (FollowerInfoImpl.java:lambda$new$0(47)) - omNode-2@group-523986131536->omNode-1: nextIndex: updateUnconditionally 26 -> 11
2021-11-02 20:13:33,038 [grpc-default-executor-13] INFO  server.RaftServer$Division (RaftServerImpl.java:checkInconsistentAppendEntries(1322)) - omNode-1@group-523986131536: Failed appendEntries as previous log entry ((t:9, i:25)) is not found
2021-11-02 20:13:33,038 [grpc-default-executor-13] INFO  server.RaftServer$Division (RaftServerImpl.java:checkInconsistentAppendEntries(1288)) - omNode-1@group-523986131536: inconsistency entries. Reply:omNode-2<-omNode-1#1687:FAIL-t9,INCONSISTENCY,nextIndex=11,followerCommit=10
2021-11-02 20:13:33,039 [grpc-default-executor-13] INFO  leader.FollowerInfo (FollowerInfoImpl.java:lambda$new$0(47)) - omNode-2@group-523986131536->omNode-1: nextIndex: updateUnconditionally 26 -> 11
2021-11-02 20:13:33,541 [grpc-default-executor-13] INFO  server.RaftServer$Division (RaftServerImpl.java:checkInconsistentAppendEntries(1322)) - omNode-1@group-523986131536: Failed appendEntries as previous log entry ((t:9, i:25)) is not found
2021-11-02 20:13:33,541 [grpc-default-executor-13] INFO  server.RaftServer$Division (RaftServerImpl.java:checkInconsistentAppendEntries(1288)) - omNode-1@group-523986131536: inconsistency entries. Reply:omNode-2<-omNode-1#1738:FAIL-t9,INCONSISTENCY,nextIndex=11,followerCommit=10
2021-11-02 20:13:33,542 [grpc-default-executor-13] INFO  leader.FollowerInfo (FollowerInfoImpl.java:lambda$new$0(47)) - omNode-2@group-523986131536->omNode-1: nextIndex: updateUnconditionally 26 -> 11
2021-11-02 20:13:34,044 [grpc-default-executor-6] INFO  server.RaftServer$Division (RaftServerImpl.java:checkInconsistentAppendEntries(1322)) - omNode-1@group-523986131536: Failed appendEntries as previous log entry ((t:9, i:25)) is not found
2021-11-02 20:13:34,044 [grpc-default-executor-6] INFO  server.RaftServer$Division (RaftServerImpl.java:checkInconsistentAppendEntries(1288)) - omNode-1@group-523986131536: inconsistency entries. Reply:omNode-2<-omNode-1#1789:FAIL-t9,INCONSISTENCY,nextIndex=11,followerCommit=10
2021-11-02 20:13:34,044 [grpc-default-executor-6] INFO  leader.FollowerInfo (FollowerInfoImpl.java:lambda$new$0(47)) - omNode-2@group-523986131536->omNode-1: nextIndex: updateUnconditionally 26 -> 11
2021-11-02 20:13:34,547 [grpc-default-executor-13] INFO  server.RaftServer$Division (RaftServerImpl.java:checkInconsistentAppendEntries(1322)) - omNode-1@group-523986131536: Failed appendEntries as previous log entry ((t:9, i:25)) is not found
2021-11-02 20:13:34,547 [grpc-default-executor-13] INFO  server.RaftServer$Division (RaftServerImpl.java:checkInconsistentAppendEntries(1288)) - omNode-1@group-523986131536: inconsistency entries. Reply:omNode-2<-omNode-1#1840:FAIL-t9,INCONSISTENCY,nextIndex=11,followerCommit=10
2021-11-02 20:13:34,547 [grpc-default-executor-13] INFO  leader.FollowerInfo (FollowerInfoImpl.java:lambda$new$0(47)) - omNode-2@group-523986131536->omNode-1: nextIndex: updateUnconditionally 26 -> 11
2021-11-02 20:13:35,050 [grpc-default-executor-13] INFO  server.RaftServer$Division (RaftServerImpl.java:checkInconsistentAppendEntries(1322)) - omNode-1@group-523986131536: Failed appendEntries as previous log entry ((t:9, i:25)) is not found
2021-11-02 20:13:35,050 [grpc-default-executor-13] INFO  server.RaftServer$Division (RaftServerImpl.java:checkInconsistentAppendEntries(1288)) - omNode-1@group-523986131536: inconsistency entries. Reply:omNode-2<-omNode-1#1891:FAIL-t9,INCONSISTENCY,nextIndex=11,followerCommit=10
2021-11-02 20:13:35,050 [grpc-default-executor-13] INFO  leader.FollowerInfo (FollowerInfoImpl.java:lambda$new$0(47)) - omNode-2@group-523986131536->omNode-1: nextIndex: updateUnconditionally 26 -> 11
2021-11-02 20:13:35,552 [grpc-default-executor-13] INFO  server.RaftServer$Division (RaftServerImpl.java:checkInconsistentAppendEntries(1322)) - omNode-1@group-523986131536: Failed appendEntries as previous log entry ((t:9, i:25)) is not found
2021-11-02 20:13:35,552 [grpc-default-executor-13] INFO  server.RaftServer$Division (RaftServerImpl.java:checkInconsistentAppendEntries(1288)) - omNode-1@group-523986131536: inconsistency entries. Reply:omNode-2<-omNode-1#1942:FAIL-t9,INCONSISTENCY,nextIndex=11,followerCommit=10
2021-11-02 20:13:35,552 [grpc-default-executor-13] INFO  leader.FollowerInfo (FollowerInfoImpl.java:lambda$new$0(47)) - omNode-2@group-523986131536->omNode-1: nextIndex: updateUnconditionally 26 -> 11
2021-11-02 20:13:35,614 [ReplicationMonitor] INFO  container.ReplicationManager (ReplicationManager.java:processAll(371)) - Replication Monitor Thread took 0 milliseconds for processing 0 containers.
2021-11-02 20:13:36,054 [grpc-default-executor-13] INFO  server.RaftServer$Division (RaftServerImpl.java:checkInconsistentAppendEntries(1322)) - omNode-1@group-523986131536: Failed appendEntries as previous log entry ((t:9, i:25)) is not found
2021-11-02 20:13:36,054 [grpc-default-executor-13] INFO  server.RaftServer$Division (RaftServerImpl.java:checkInconsistentAppendEntries(1288)) - omNode-1@group-523986131536: inconsistency entries. Reply:omNode-2<-omNode-1#1993:FAIL-t9,INCONSISTENCY,nextIndex=11,followerCommit=10
2021-11-02 20:13:36,055 [grpc-default-executor-13] INFO  leader.FollowerInfo (FollowerInfoImpl.java:lambda$new$0(47)) - omNode-2@group-523986131536->omNode-1: nextIndex: updateUnconditionally 26 -> 11
2021-11-02 20:13:36,557 [grpc-default-executor-6] INFO  server.RaftServer$Division (RaftServerImpl.java:checkInconsistentAppendEntries(1322)) - omNode-1@group-523986131536: Failed appendEntries as previous log entry ((t:9, i:25)) is not found
2021-11-02 20:13:36,557 [grpc-default-executor-6] INFO  server.RaftServer$Division (RaftServerImpl.java:checkInconsistentAppendEntries(1288)) - omNode-1@group-523986131536: inconsistency entries. Reply:omNode-2<-omNode-1#2044:FAIL-t9,INCONSISTENCY,nextIndex=11,followerCommit=10
2021-11-02 20:13:36,557 [grpc-default-executor-6] INFO  leader.FollowerInfo (FollowerInfoImpl.java:lambda$new$0(47)) - omNode-2@group-523986131536->omNode-1: nextIndex: updateUnconditionally 26 -> 11
2021-11-02 20:13:37,060 [grpc-default-executor-13] INFO  server.RaftServer$Division (RaftServerImpl.java:checkInconsistentAppendEntries(1322)) - omNode-1@group-523986131536: Failed appendEntries as previous log entry ((t:9, i:25)) is not found
2021-11-02 20:13:37,060 [grpc-default-executor-13] INFO  server.RaftServer$Division (RaftServerImpl.java:checkInconsistentAppendEntries(1288)) - omNode-1@group-523986131536: inconsistency entries. Reply:omNode-2<-omNode-1#2095:FAIL-t9,INCONSISTENCY,nextIndex=11,followerCommit=10
2021-11-02 20:13:37,060 [grpc-default-executor-13] INFO  leader.FollowerInfo (FollowerInfoImpl.java:lambda$new$0(47)) - omNode-2@group-523986131536->omNode-1: nextIndex: updateUnconditionally 26 -> 11
2021-11-02 20:13:37,563 [grpc-default-executor-13] INFO  server.RaftServer$Division (RaftServerImpl.java:checkInconsistentAppendEntries(1322)) - omNode-1@group-523986131536: Failed appendEntries as previous log entry ((t:9, i:25)) is not found
2021-11-02 20:13:37,563 [grpc-default-executor-13] INFO  server.RaftServer$Division (RaftServerImpl.java:checkInconsistentAppendEntries(1288)) - omNode-1@group-523986131536: inconsistency entries. Reply:omNode-2<-omNode-1#2146:FAIL-t9,INCONSISTENCY,nextIndex=11,followerCommit=10
2021-11-02 20:13:37,563 [grpc-default-executor-13] INFO  leader.FollowerInfo (FollowerInfoImpl.java:lambda$new$0(47)) - omNode-2@group-523986131536->omNode-1: nextIndex: updateUnconditionally 26 -> 11
2021-11-02 20:13:38,065 [grpc-default-executor-13] INFO  server.RaftServer$Division (RaftServerImpl.java:checkInconsistentAppendEntries(1322)) - omNode-1@group-523986131536: Failed appendEntries as previous log entry ((t:9, i:25)) is not found
2021-11-02 20:13:38,065 [grpc-default-executor-13] INFO  server.RaftServer$Division (RaftServerImpl.java:checkInconsistentAppendEntries(1288)) - omNode-1@group-523986131536: inconsistency entries. Reply:omNode-2<-omNode-1#2197:FAIL-t9,INCONSISTENCY,nextIndex=11,followerCommit=10
2021-11-02 20:13:38,066 [grpc-default-executor-13] INFO  leader.FollowerInfo (FollowerInfoImpl.java:lambda$new$0(47)) - omNode-2@group-523986131536->omNode-1: nextIndex: updateUnconditionally 26 -> 11
2021-11-02 20:13:38,569 [grpc-default-executor-13] INFO  server.RaftServer$Division (RaftServerImpl.java:checkInconsistentAppendEntries(1322)) - omNode-1@group-523986131536: Failed appendEntries as previous log entry ((t:9, i:25)) is not found
2021-11-02 20:13:38,569 [grpc-default-executor-13] INFO  server.RaftServer$Division (RaftServerImpl.java:checkInconsistentAppendEntries(1288)) - omNode-1@group-523986131536: inconsistency entries. Reply:omNode-2<-omNode-1#2248:FAIL-t9,INCONSISTENCY,nextIndex=11,followerCommit=10
2021-11-02 20:13:38,569 [grpc-default-executor-13] INFO  leader.FollowerInfo (FollowerInfoImpl.java:lambda$new$0(47)) - omNode-2@group-523986131536->omNode-1: nextIndex: updateUnconditionally 26 -> 11
2021-11-02 20:13:39,071 [grpc-default-executor-6] INFO  server.RaftServer$Division (RaftServerImpl.java:checkInconsistentAppendEntries(1322)) - omNode-1@group-523986131536: Failed appendEntries as previous log entry ((t:9, i:25)) is not found
2021-11-02 20:13:39,072 [grpc-default-executor-6] INFO  server.RaftServer$Division (RaftServerImpl.java:checkInconsistentAppendEntries(1288)) - omNode-1@group-523986131536: inconsistency entries. Reply:omNode-2<-omNode-1#2299:FAIL-t9,INCONSISTENCY,nextIndex=11,followerCommit=10
2021-11-02 20:13:39,072 [grpc-default-executor-6] INFO  leader.FollowerInfo (FollowerInfoImpl.java:lambda$new$0(47)) - omNode-2@group-523986131536->omNode-1: nextIndex: updateUnconditionally 26 -> 11
2021-11-02 20:13:39,574 [grpc-default-executor-6] INFO  server.RaftServer$Division (RaftServerImpl.java:checkInconsistentAppendEntries(1322)) - omNode-1@group-523986131536: Failed appendEntries as previous log entry ((t:9, i:25)) is not found
2021-11-02 20:13:39,574 [grpc-default-executor-6] INFO  server.RaftServer$Division (RaftServerImpl.java:checkInconsistentAppendEntries(1288)) - omNode-1@group-523986131536: inconsistency entries. Reply:omNode-2<-omNode-1#2350:FAIL-t9,INCONSISTENCY,nextIndex=11,followerCommit=10
2021-11-02 20:13:39,574 [grpc-default-executor-6] INFO  leader.FollowerInfo (FollowerInfoImpl.java:lambda$new$0(47)) - omNode-2@group-523986131536->omNode-1: nextIndex: updateUnconditionally 26 -> 11
2021-11-02 20:13:40,076 [grpc-default-executor-6] INFO  server.RaftServer$Division (RaftServerImpl.java:checkInconsistentAppendEntries(1322)) - omNode-1@group-523986131536: Failed appendEntries as previous log entry ((t:9, i:25)) is not found
2021-11-02 20:13:40,076 [grpc-default-executor-6] INFO  server.RaftServer$Division (RaftServerImpl.java:checkInconsistentAppendEntries(1288)) - omNode-1@group-523986131536: inconsistency entries. Reply:omNode-2<-omNode-1#2401:FAIL-t9,INCONSISTENCY,nextIndex=11,followerCommit=10
2021-11-02 20:13:40,077 [grpc-default-executor-6] INFO  leader.FollowerInfo (FollowerInfoImpl.java:lambda$new$0(47)) - omNode-2@group-523986131536->omNode-1: nextIndex: updateUnconditionally 26 -> 11
2021-11-02 20:13:40,579 [grpc-default-executor-6] INFO  server.RaftServer$Division (RaftServerImpl.java:checkInconsistentAppendEntries(1322)) - omNode-1@group-523986131536: Failed appendEntries as previous log entry ((t:9, i:25)) is not found
2021-11-02 20:13:40,579 [grpc-default-executor-6] INFO  server.RaftServer$Division (RaftServerImpl.java:checkInconsistentAppendEntries(1288)) - omNode-1@group-523986131536: inconsistency entries. Reply:omNode-2<-omNode-1#2452:FAIL-t9,INCONSISTENCY,nextIndex=11,followerCommit=10
2021-11-02 20:13:40,580 [grpc-default-executor-6] INFO  leader.FollowerInfo (FollowerInfoImpl.java:lambda$new$0(47)) - omNode-2@group-523986131536->omNode-1: nextIndex: updateUnconditionally 26 -> 11
2021-11-02 20:13:41,082 [grpc-default-executor-6] INFO  server.RaftServer$Division (RaftServerImpl.java:checkInconsistentAppendEntries(1322)) - omNode-1@group-523986131536: Failed appendEntries as previous log entry ((t:9, i:25)) is not found
2021-11-02 20:13:41,083 [grpc-default-executor-6] INFO  server.RaftServer$Division (RaftServerImpl.java:checkInconsistentAppendEntries(1288)) - omNode-1@group-523986131536: inconsistency entries. Reply:omNode-2<-omNode-1#2503:FAIL-t9,INCONSISTENCY,nextIndex=11,followerCommit=10
2021-11-02 20:13:41,083 [grpc-default-executor-6] INFO  leader.FollowerInfo (FollowerInfoImpl.java:lambda$new$0(47)) - omNode-2@group-523986131536->omNode-1: nextIndex: updateUnconditionally 26 -> 11
2021-11-02 20:13:41,585 [grpc-default-executor-6] INFO  server.RaftServer$Division (RaftServerImpl.java:checkInconsistentAppendEntries(1322)) - omNode-1@group-523986131536: Failed appendEntries as previous log entry ((t:9, i:25)) is not found
2021-11-02 20:13:41,585 [grpc-default-executor-6] INFO  server.RaftServer$Division (RaftServerImpl.java:checkInconsistentAppendEntries(1288)) - omNode-1@group-523986131536: inconsistency entries. Reply:omNode-2<-omNode-1#2554:FAIL-t9,INCONSISTENCY,nextIndex=11,followerCommit=10
2021-11-02 20:13:41,586 [grpc-default-executor-6] INFO  leader.FollowerInfo (FollowerInfoImpl.java:lambda$new$0(47)) - omNode-2@group-523986131536->omNode-1: nextIndex: updateUnconditionally 26 -> 11
2021-11-02 20:13:42,088 [grpc-default-executor-13] INFO  server.RaftServer$Division (RaftServerImpl.java:checkInconsistentAppendEntries(1322)) - omNode-1@group-523986131536: Failed appendEntries as previous log entry ((t:9, i:25)) is not found
2021-11-02 20:13:42,088 [grpc-default-executor-13] INFO  server.RaftServer$Division (RaftServerImpl.java:checkInconsistentAppendEntries(1288)) - omNode-1@group-523986131536: inconsistency entries. Reply:omNode-2<-omNode-1#2605:FAIL-t9,INCONSISTENCY,nextIndex=11,followerCommit=10
2021-11-02 20:13:42,089 [grpc-default-executor-13] INFO  leader.FollowerInfo (FollowerInfoImpl.java:lambda$new$0(47)) - omNode-2@group-523986131536->omNode-1: nextIndex: updateUnconditionally 26 -> 11
2021-11-02 20:13:42,591 [grpc-default-executor-13] INFO  server.RaftServer$Division (RaftServerImpl.java:checkInconsistentAppendEntries(1322)) - omNode-1@group-523986131536: Failed appendEntries as previous log entry ((t:9, i:25)) is not found
2021-11-02 20:13:42,592 [grpc-default-executor-13] INFO  server.RaftServer$Division (RaftServerImpl.java:checkInconsistentAppendEntries(1288)) - omNode-1@group-523986131536: inconsistency entries. Reply:omNode-2<-omNode-1#2656:FAIL-t9,INCONSISTENCY,nextIndex=11,followerCommit=10
2021-11-02 20:13:42,592 [grpc-default-executor-13] INFO  leader.FollowerInfo (FollowerInfoImpl.java:lambda$new$0(47)) - omNode-2@group-523986131536->omNode-1: nextIndex: updateUnconditionally 26 -> 11
2021-11-02 20:13:43,095 [grpc-default-executor-13] INFO  server.RaftServer$Division (RaftServerImpl.java:checkInconsistentAppendEntries(1322)) - omNode-1@group-523986131536: Failed appendEntries as previous log entry ((t:9, i:25)) is not found
2021-11-02 20:13:43,095 [grpc-default-executor-13] INFO  server.RaftServer$Division (RaftServerImpl.java:checkInconsistentAppendEntries(1288)) - omNode-1@group-523986131536: inconsistency entries. Reply:omNode-2<-omNode-1#2707:FAIL-t9,INCONSISTENCY,nextIndex=11,followerCommit=10
2021-11-02 20:13:43,095 [grpc-default-executor-13] INFO  leader.FollowerInfo (FollowerInfoImpl.java:lambda$new$0(47)) - omNode-2@group-523986131536->omNode-1: nextIndex: updateUnconditionally 26 -> 11
2021-11-02 20:13:43,597 [grpc-default-executor-13] INFO  server.RaftServer$Division (RaftServerImpl.java:checkInconsistentAppendEntries(1322)) - omNode-1@group-523986131536: Failed appendEntries as previous log entry ((t:9, i:25)) is not found
2021-11-02 20:13:43,598 [grpc-default-executor-13] INFO  server.RaftServer$Division (RaftServerImpl.java:checkInconsistentAppendEntries(1288)) - omNode-1@group-523986131536: inconsistency entries. Reply:omNode-2<-omNode-1#2758:FAIL-t9,INCONSISTENCY,nextIndex=11,followerCommit=10
2021-11-02 20:13:43,598 [grpc-default-executor-13] INFO  leader.FollowerInfo (FollowerInfoImpl.java:lambda$new$0(47)) - omNode-2@group-523986131536->omNode-1: nextIndex: updateUnconditionally 26 -> 11
2021-11-02 20:13:44,100 [grpc-default-executor-13] INFO  server.RaftServer$Division (RaftServerImpl.java:checkInconsistentAppendEntries(1322)) - omNode-1@group-523986131536: Failed appendEntries as previous log entry ((t:9, i:25)) is not found
2021-11-02 20:13:44,100 [grpc-default-executor-13] INFO  server.RaftServer$Division (RaftServerImpl.java:checkInconsistentAppendEntries(1288)) - omNode-1@group-523986131536: inconsistency entries. Reply:omNode-2<-omNode-1#2809:FAIL-t9,INCONSISTENCY,nextIndex=11,followerCommit=10
2021-11-02 20:13:44,101 [grpc-default-executor-13] INFO  leader.FollowerInfo (FollowerInfoImpl.java:lambda$new$0(47)) - omNode-2@group-523986131536->omNode-1: nextIndex: updateUnconditionally 26 -> 11
2021-11-02 20:13:44,602 [grpc-default-executor-13] INFO  server.RaftServer$Division (RaftServerImpl.java:checkInconsistentAppendEntries(1322)) - omNode-1@group-523986131536: Failed appendEntries as previous log entry ((t:9, i:25)) is not found
2021-11-02 20:13:44,602 [grpc-default-executor-13] INFO  server.RaftServer$Division (RaftServerImpl.java:checkInconsistentAppendEntries(1288)) - omNode-1@group-523986131536: inconsistency entries. Reply:omNode-2<-omNode-1#2860:FAIL-t9,INCONSISTENCY,nextIndex=11,followerCommit=10
2021-11-02 20:13:44,603 [grpc-default-executor-13] INFO  leader.FollowerInfo (FollowerInfoImpl.java:lambda$new$0(47)) - omNode-2@group-523986131536->omNode-1: nextIndex: updateUnconditionally 26 -> 11
2021-11-02 20:13:45,105 [grpc-default-executor-13] INFO  server.RaftServer$Division (RaftServerImpl.java:checkInconsistentAppendEntries(1322)) - omNode-1@group-523986131536: Failed appendEntries as previous log entry ((t:9, i:25)) is not found
2021-11-02 20:13:45,105 [grpc-default-executor-13] INFO  server.RaftServer$Division (RaftServerImpl.java:checkInconsistentAppendEntries(1288)) - omNode-1@group-523986131536: inconsistency entries. Reply:omNode-2<-omNode-1#2911:FAIL-t9,INCONSISTENCY,nextIndex=11,followerCommit=10
2021-11-02 20:13:45,105 [grpc-default-executor-13] INFO  leader.FollowerInfo (FollowerInfoImpl.java:lambda$new$0(47)) - omNode-2@group-523986131536->omNode-1: nextIndex: updateUnconditionally 26 -> 11
2021-11-02 20:13:45,607 [grpc-default-executor-13] INFO  server.RaftServer$Division (RaftServerImpl.java:checkInconsistentAppendEntries(1322)) - omNode-1@group-523986131536: Failed appendEntries as previous log entry ((t:9, i:25)) is not found
2021-11-02 20:13:45,607 [grpc-default-executor-13] INFO  server.RaftServer$Division (RaftServerImpl.java:checkInconsistentAppendEntries(1288)) - omNode-1@group-523986131536: inconsistency entries. Reply:omNode-2<-omNode-1#2962:FAIL-t9,INCONSISTENCY,nextIndex=11,followerCommit=10
2021-11-02 20:13:45,608 [grpc-default-executor-13] INFO  leader.FollowerInfo (FollowerInfoImpl.java:lambda$new$0(47)) - omNode-2@group-523986131536->omNode-1: nextIndex: updateUnconditionally 26 -> 11
2021-11-02 20:13:46,110 [grpc-default-executor-13] INFO  server.RaftServer$Division (RaftServerImpl.java:checkInconsistentAppendEntries(1322)) - omNode-1@group-523986131536: Failed appendEntries as previous log entry ((t:9, i:25)) is not found
2021-11-02 20:13:46,110 [grpc-default-executor-13] INFO  server.RaftServer$Division (RaftServerImpl.java:checkInconsistentAppendEntries(1288)) - omNode-1@group-523986131536: inconsistency entries. Reply:omNode-2<-omNode-1#3013:FAIL-t9,INCONSISTENCY,nextIndex=11,followerCommit=10
2021-11-02 20:13:46,111 [grpc-default-executor-13] INFO  leader.FollowerInfo (FollowerInfoImpl.java:lambda$new$0(47)) - omNode-2@group-523986131536->omNode-1: nextIndex: updateUnconditionally 26 -> 11
2021-11-02 20:13:46,613 [grpc-default-executor-6] INFO  server.RaftServer$Division (RaftServerImpl.java:checkInconsistentAppendEntries(1322)) - omNode-1@group-523986131536: Failed appendEntries as previous log entry ((t:9, i:25)) is not found
2021-11-02 20:13:46,613 [grpc-default-executor-6] INFO  server.RaftServer$Division (RaftServerImpl.java:checkInconsistentAppendEntries(1288)) - omNode-1@group-523986131536: inconsistency entries. Reply:omNode-2<-omNode-1#3064:FAIL-t9,INCONSISTENCY,nextIndex=11,followerCommit=10
2021-11-02 20:13:46,613 [grpc-default-executor-6] INFO  leader.FollowerInfo (FollowerInfoImpl.java:lambda$new$0(47)) - omNode-2@group-523986131536->omNode-1: nextIndex: updateUnconditionally 26 -> 11
2021-11-02 20:13:47,116 [grpc-default-executor-6] INFO  server.RaftServer$Division (RaftServerImpl.java:checkInconsistentAppendEntries(1322)) - omNode-1@group-523986131536: Failed appendEntries as previous log entry ((t:9, i:25)) is not found
2021-11-02 20:13:47,116 [grpc-default-executor-6] INFO  server.RaftServer$Division (RaftServerImpl.java:checkInconsistentAppendEntries(1288)) - omNode-1@group-523986131536: inconsistency entries. Reply:omNode-2<-omNode-1#3115:FAIL-t9,INCONSISTENCY,nextIndex=11,followerCommit=10
2021-11-02 20:13:47,116 [grpc-default-executor-6] INFO  leader.FollowerInfo (FollowerInfoImpl.java:lambda$new$0(47)) - omNode-2@group-523986131536->omNode-1: nextIndex: updateUnconditionally 26 -> 11
2021-11-02 20:13:47,619 [grpc-default-executor-6] INFO  server.RaftServer$Division (RaftServerImpl.java:checkInconsistentAppendEntries(1322)) - omNode-1@group-523986131536: Failed appendEntries as previous log entry ((t:9, i:25)) is not found
2021-11-02 20:13:47,619 [grpc-default-executor-6] INFO  server.RaftServer$Division (RaftServerImpl.java:checkInconsistentAppendEntries(1288)) - omNode-1@group-523986131536: inconsistency entries. Reply:omNode-2<-omNode-1#3166:FAIL-t9,INCONSISTENCY,nextIndex=11,followerCommit=10
2021-11-02 20:13:47,619 [grpc-default-executor-6] INFO  leader.FollowerInfo (FollowerInfoImpl.java:lambda$new$0(47)) - omNode-2@group-523986131536->omNode-1: nextIndex: updateUnconditionally 26 -> 11
2021-11-02 20:13:48,121 [grpc-default-executor-6] INFO  server.RaftServer$Division (RaftServerImpl.java:checkInconsistentAppendEntries(1322)) - omNode-1@group-523986131536: Failed appendEntries as previous log entry ((t:9, i:25)) is not found
2021-11-02 20:13:48,121 [grpc-default-executor-6] INFO  server.RaftServer$Division (RaftServerImpl.java:checkInconsistentAppendEntries(1288)) - omNode-1@group-523986131536: inconsistency entries. Reply:omNode-2<-omNode-1#3217:FAIL-t9,INCONSISTENCY,nextIndex=11,followerCommit=10
2021-11-02 20:13:48,121 [grpc-default-executor-6] INFO  leader.FollowerInfo (FollowerInfoImpl.java:lambda$new$0(47)) - omNode-2@group-523986131536->omNode-1: nextIndex: updateUnconditionally 26 -> 11
2021-11-02 20:13:48,624 [grpc-default-executor-6] INFO  server.RaftServer$Division (RaftServerImpl.java:checkInconsistentAppendEntries(1322)) - omNode-1@group-523986131536: Failed appendEntries as previous log entry ((t:9, i:25)) is not found
2021-11-02 20:13:48,624 [grpc-default-executor-6] INFO  server.RaftServer$Division (RaftServerImpl.java:checkInconsistentAppendEntries(1288)) - omNode-1@group-523986131536: inconsistency entries. Reply:omNode-2<-omNode-1#3268:FAIL-t9,INCONSISTENCY,nextIndex=11,followerCommit=10
2021-11-02 20:13:48,624 [grpc-default-executor-6] INFO  leader.FollowerInfo (FollowerInfoImpl.java:lambda$new$0(47)) - omNode-2@group-523986131536->omNode-1: nextIndex: updateUnconditionally 26 -> 11
2021-11-02 20:13:49,127 [grpc-default-executor-13] INFO  server.RaftServer$Division (RaftServerImpl.java:checkInconsistentAppendEntries(1322)) - omNode-1@group-523986131536: Failed appendEntries as previous log entry ((t:9, i:25)) is not found
2021-11-02 20:13:49,127 [grpc-default-executor-13] INFO  server.RaftServer$Division (RaftServerImpl.java:checkInconsistentAppendEntries(1288)) - omNode-1@group-523986131536: inconsistency entries. Reply:omNode-2<-omNode-1#3319:FAIL-t9,INCONSISTENCY,nextIndex=11,followerCommit=10
2021-11-02 20:13:49,128 [grpc-default-executor-13] INFO  leader.FollowerInfo (FollowerInfoImpl.java:lambda$new$0(47)) - omNode-2@group-523986131536->omNode-1: nextIndex: updateUnconditionally 26 -> 11
2021-11-02 20:13:49,630 [grpc-default-executor-6] INFO  server.RaftServer$Division (RaftServerImpl.java:checkInconsistentAppendEntries(1322)) - omNode-1@group-523986131536: Failed appendEntries as previous log entry ((t:9, i:25)) is not found
2021-11-02 20:13:49,630 [grpc-default-executor-6] INFO  server.RaftServer$Division (RaftServerImpl.java:checkInconsistentAppendEntries(1288)) - omNode-1@group-523986131536: inconsistency entries. Reply:omNode-2<-omNode-1#3370:FAIL-t9,INCONSISTENCY,nextIndex=11,followerCommit=10
2021-11-02 20:13:49,630 [grpc-default-executor-6] INFO  leader.FollowerInfo (FollowerInfoImpl.java:lambda$new$0(47)) - omNode-2@group-523986131536->omNode-1: nextIndex: updateUnconditionally 26 -> 11
2021-11-02 20:13:50,133 [grpc-default-executor-6] INFO  server.RaftServer$Division (RaftServerImpl.java:checkInconsistentAppendEntries(1322)) - omNode-1@group-523986131536: Failed appendEntries as previous log entry ((t:9, i:25)) is not found
2021-11-02 20:13:50,133 [grpc-default-executor-6] INFO  server.RaftServer$Division (RaftServerImpl.java:checkInconsistentAppendEntries(1288)) - omNode-1@group-523986131536: inconsistency entries. Reply:omNode-2<-omNode-1#3421:FAIL-t9,INCONSISTENCY,nextIndex=11,followerCommit=10
2021-11-02 20:13:50,133 [grpc-default-executor-6] INFO  leader.FollowerInfo (FollowerInfoImpl.java:lambda$new$0(47)) - omNode-2@group-523986131536->omNode-1: nextIndex: updateUnconditionally 26 -> 11
2021-11-02 20:13:50,635 [grpc-default-executor-6] INFO  server.RaftServer$Division (RaftServerImpl.java:checkInconsistentAppendEntries(1322)) - omNode-1@group-523986131536: Failed appendEntries as previous log entry ((t:9, i:25)) is not found
2021-11-02 20:13:50,635 [grpc-default-executor-6] INFO  server.RaftServer$Division (RaftServerImpl.java:checkInconsistentAppendEntries(1288)) - omNode-1@group-523986131536: inconsistency entries. Reply:omNode-2<-omNode-1#3472:FAIL-t9,INCONSISTENCY,nextIndex=11,followerCommit=10
2021-11-02 20:13:50,636 [grpc-default-executor-6] INFO  leader.FollowerInfo (FollowerInfoImpl.java:lambda$new$0(47)) - omNode-2@group-523986131536->omNode-1: nextIndex: updateUnconditionally 26 -> 11
2021-11-02 20:13:51,138 [grpc-default-executor-6] INFO  server.RaftServer$Division (RaftServerImpl.java:checkInconsistentAppendEntries(1322)) - omNode-1@group-523986131536: Failed appendEntries as previous log entry ((t:9, i:25)) is not found
2021-11-02 20:13:51,138 [grpc-default-executor-6] INFO  server.RaftServer$Division (RaftServerImpl.java:checkInconsistentAppendEntries(1288)) - omNode-1@group-523986131536: inconsistency entries. Reply:omNode-2<-omNode-1#3523:FAIL-t9,INCONSISTENCY,nextIndex=11,followerCommit=10
2021-11-02 20:13:51,139 [grpc-default-executor-6] INFO  leader.FollowerInfo (FollowerInfoImpl.java:lambda$new$0(47)) - omNode-2@group-523986131536->omNode-1: nextIndex: updateUnconditionally 26 -> 11
2021-11-02 20:13:51,641 [grpc-default-executor-6] INFO  server.RaftServer$Division (RaftServerImpl.java:checkInconsistentAppendEntries(1322)) - omNode-1@group-523986131536: Failed appendEntries as previous log entry ((t:9, i:25)) is not found
2021-11-02 20:13:51,641 [grpc-default-executor-6] INFO  server.RaftServer$Division (RaftServerImpl.java:checkInconsistentAppendEntries(1288)) - omNode-1@group-523986131536: inconsistency entries. Reply:omNode-2<-omNode-1#3574:FAIL-t9,INCONSISTENCY,nextIndex=11,followerCommit=10
2021-11-02 20:13:51,641 [grpc-default-executor-6] INFO  leader.FollowerInfo (FollowerInfoImpl.java:lambda$new$0(47)) - omNode-2@group-523986131536->omNode-1: nextIndex: updateUnconditionally 26 -> 11
2021-11-02 20:13:52,144 [grpc-default-executor-6] INFO  server.RaftServer$Division (RaftServerImpl.java:checkInconsistentAppendEntries(1322)) - omNode-1@group-523986131536: Failed appendEntries as previous log entry ((t:9, i:25)) is not found
2021-11-02 20:13:52,144 [grpc-default-executor-6] INFO  server.RaftServer$Division (RaftServerImpl.java:checkInconsistentAppendEntries(1288)) - omNode-1@group-523986131536: inconsistency entries. Reply:omNode-2<-omNode-1#3625:FAIL-t9,INCONSISTENCY,nextIndex=11,followerCommit=10
2021-11-02 20:13:52,144 [grpc-default-executor-6] INFO  leader.FollowerInfo (FollowerInfoImpl.java:lambda$new$0(47)) - omNode-2@group-523986131536->omNode-1: nextIndex: updateUnconditionally 26 -> 11
2021-11-02 20:13:52,646 [grpc-default-executor-6] INFO  server.RaftServer$Division (RaftServerImpl.java:checkInconsistentAppendEntries(1322)) - omNode-1@group-523986131536: Failed appendEntries as previous log entry ((t:9, i:25)) is not found
2021-11-02 20:13:52,646 [grpc-default-executor-6] INFO  server.RaftServer$Division (RaftServerImpl.java:checkInconsistentAppendEntries(1288)) - omNode-1@group-523986131536: inconsistency entries. Reply:omNode-2<-omNode-1#3676:FAIL-t9,INCONSISTENCY,nextIndex=11,followerCommit=10
2021-11-02 20:13:52,647 [grpc-default-executor-6] INFO  leader.FollowerInfo (FollowerInfoImpl.java:lambda$new$0(47)) - omNode-2@group-523986131536->omNode-1: nextIndex: updateUnconditionally 26 -> 11
2021-11-02 20:13:53,149 [grpc-default-executor-6] INFO  server.RaftServer$Division (RaftServerImpl.java:checkInconsistentAppendEntries(1322)) - omNode-1@group-523986131536: Failed appendEntries as previous log entry ((t:9, i:25)) is not found
2021-11-02 20:13:53,149 [grpc-default-executor-6] INFO  server.RaftServer$Division (RaftServerImpl.java:checkInconsistentAppendEntries(1288)) - omNode-1@group-523986131536: inconsistency entries. Reply:omNode-2<-omNode-1#3727:FAIL-t9,INCONSISTENCY,nextIndex=11,followerCommit=10
2021-11-02 20:13:53,150 [grpc-default-executor-6] INFO  leader.FollowerInfo (FollowerInfoImpl.java:lambda$new$0(47)) - omNode-2@group-523986131536->omNode-1: nextIndex: updateUnconditionally 26 -> 11
2021-11-02 20:13:53,652 [grpc-default-executor-6] INFO  server.RaftServer$Division (RaftServerImpl.java:checkInconsistentAppendEntries(1322)) - omNode-1@group-523986131536: Failed appendEntries as previous log entry ((t:9, i:25)) is not found
2021-11-02 20:13:53,652 [grpc-default-executor-6] INFO  server.RaftServer$Division (RaftServerImpl.java:checkInconsistentAppendEntries(1288)) - omNode-1@group-523986131536: inconsistency entries. Reply:omNode-2<-omNode-1#3778:FAIL-t9,INCONSISTENCY,nextIndex=11,followerCommit=10
2021-11-02 20:13:53,652 [grpc-default-executor-6] INFO  leader.FollowerInfo (FollowerInfoImpl.java:lambda$new$0(47)) - omNode-2@group-523986131536->omNode-1: nextIndex: updateUnconditionally 26 -> 11
2021-11-02 20:13:54,154 [grpc-default-executor-6] INFO  server.RaftServer$Division (RaftServerImpl.java:checkInconsistentAppendEntries(1322)) - omNode-1@group-523986131536: Failed appendEntries as previous log entry ((t:9, i:25)) is not found
2021-11-02 20:13:54,155 [grpc-default-executor-6] INFO  server.RaftServer$Division (RaftServerImpl.java:checkInconsistentAppendEntries(1288)) - omNode-1@group-523986131536: inconsistency entries. Reply:omNode-2<-omNode-1#3829:FAIL-t9,INCONSISTENCY,nextIndex=11,followerCommit=10
2021-11-02 20:13:54,155 [grpc-default-executor-6] INFO  leader.FollowerInfo (FollowerInfoImpl.java:lambda$new$0(47)) - omNode-2@group-523986131536->omNode-1: nextIndex: updateUnconditionally 26 -> 11
2021-11-02 20:13:54,657 [grpc-default-executor-13] INFO  server.RaftServer$Division (RaftServerImpl.java:checkInconsistentAppendEntries(1322)) - omNode-1@group-523986131536: Failed appendEntries as previous log entry ((t:9, i:25)) is not found
2021-11-02 20:13:54,657 [grpc-default-executor-13] INFO  server.RaftServer$Division (RaftServerImpl.java:checkInconsistentAppendEntries(1288)) - omNode-1@group-523986131536: inconsistency entries. Reply:omNode-2<-omNode-1#3880:FAIL-t9,INCONSISTENCY,nextIndex=11,followerCommit=10
2021-11-02 20:13:54,658 [grpc-default-executor-13] INFO  leader.FollowerInfo (FollowerInfoImpl.java:lambda$new$0(47)) - omNode-2@group-523986131536->omNode-1: nextIndex: updateUnconditionally 26 -> 11
2021-11-02 20:13:55,160 [grpc-default-executor-13] INFO  server.RaftServer$Division (RaftServerImpl.java:checkInconsistentAppendEntries(1322)) - omNode-1@group-523986131536: Failed appendEntries as previous log entry ((t:9, i:25)) is not found
2021-11-02 20:13:55,160 [grpc-default-executor-13] INFO  server.RaftServer$Division (RaftServerImpl.java:checkInconsistentAppendEntries(1288)) - omNode-1@group-523986131536: inconsistency entries. Reply:omNode-2<-omNode-1#3931:FAIL-t9,INCONSISTENCY,nextIndex=11,followerCommit=10
2021-11-02 20:13:55,161 [grpc-default-executor-13] INFO  leader.FollowerInfo (FollowerInfoImpl.java:lambda$new$0(47)) - omNode-2@group-523986131536->omNode-1: nextIndex: updateUnconditionally 26 -> 11
2021-11-02 20:13:55,664 [grpc-default-executor-13] INFO  server.RaftServer$Division (RaftServerImpl.java:checkInconsistentAppendEntries(1322)) - omNode-1@group-523986131536: Failed appendEntries as previous log entry ((t:9, i:25)) is not found
2021-11-02 20:13:55,664 [grpc-default-executor-13] INFO  server.RaftServer$Division (RaftServerImpl.java:checkInconsistentAppendEntries(1288)) - omNode-1@group-523986131536: inconsistency entries. Reply:omNode-2<-omNode-1#3982:FAIL-t9,INCONSISTENCY,nextIndex=11,followerCommit=10
2021-11-02 20:13:55,664 [grpc-default-executor-13] INFO  leader.FollowerInfo (FollowerInfoImpl.java:lambda$new$0(47)) - omNode-2@group-523986131536->omNode-1: nextIndex: updateUnconditionally 26 -> 11
2021-11-02 20:13:56,166 [grpc-default-executor-13] INFO  server.RaftServer$Division (RaftServerImpl.java:checkInconsistentAppendEntries(1322)) - omNode-1@group-523986131536: Failed appendEntries as previous log entry ((t:9, i:25)) is not found
2021-11-02 20:13:56,166 [grpc-default-executor-13] INFO  server.RaftServer$Division (RaftServerImpl.java:checkInconsistentAppendEntries(1288)) - omNode-1@group-523986131536: inconsistency entries. Reply:omNode-2<-omNode-1#4033:FAIL-t9,INCONSISTENCY,nextIndex=11,followerCommit=10
2021-11-02 20:13:56,167 [grpc-default-executor-13] INFO  leader.FollowerInfo (FollowerInfoImpl.java:lambda$new$0(47)) - omNode-2@group-523986131536->omNode-1: nextIndex: updateUnconditionally 26 -> 11
2021-11-02 20:13:56,670 [grpc-default-executor-13] INFO  server.RaftServer$Division (RaftServerImpl.java:checkInconsistentAppendEntries(1322)) - omNode-1@group-523986131536: Failed appendEntries as previous log entry ((t:9, i:25)) is not found
2021-11-02 20:13:56,670 [grpc-default-executor-13] INFO  server.RaftServer$Division (RaftServerImpl.java:checkInconsistentAppendEntries(1288)) - omNode-1@group-523986131536: inconsistency entries. Reply:omNode-2<-omNode-1#4084:FAIL-t9,INCONSISTENCY,nextIndex=11,followerCommit=10
2021-11-02 20:13:56,670 [grpc-default-executor-13] INFO  leader.FollowerInfo (FollowerInfoImpl.java:lambda$new$0(47)) - omNode-2@group-523986131536->omNode-1: nextIndex: updateUnconditionally 26 -> 11
2021-11-02 20:13:57,172 [grpc-default-executor-13] INFO  server.RaftServer$Division (RaftServerImpl.java:checkInconsistentAppendEntries(1322)) - omNode-1@group-523986131536: Failed appendEntries as previous log entry ((t:9, i:25)) is not found
2021-11-02 20:13:57,172 [grpc-default-executor-13] INFO  server.RaftServer$Division (RaftServerImpl.java:checkInconsistentAppendEntries(1288)) - omNode-1@group-523986131536: inconsistency entries. Reply:omNode-2<-omNode-1#4135:FAIL-t9,INCONSISTENCY,nextIndex=11,followerCommit=10
2021-11-02 20:13:57,172 [grpc-default-executor-13] INFO  leader.FollowerInfo (FollowerInfoImpl.java:lambda$new$0(47)) - omNode-2@group-523986131536->omNode-1: nextIndex: updateUnconditionally 26 -> 11
2021-11-02 20:13:57,674 [grpc-default-executor-13] INFO  server.RaftServer$Division (RaftServerImpl.java:checkInconsistentAppendEntries(1322)) - omNode-1@group-523986131536: Failed appendEntries as previous log entry ((t:9, i:25)) is not found
2021-11-02 20:13:57,674 [grpc-default-executor-13] INFO  server.RaftServer$Division (RaftServerImpl.java:checkInconsistentAppendEntries(1288)) - omNode-1@group-523986131536: inconsistency entries. Reply:omNode-2<-omNode-1#4186:FAIL-t9,INCONSISTENCY,nextIndex=11,followerCommit=10
2021-11-02 20:13:57,674 [grpc-default-executor-13] INFO  leader.FollowerInfo (FollowerInfoImpl.java:lambda$new$0(47)) - omNode-2@group-523986131536->omNode-1: nextIndex: updateUnconditionally 26 -> 11
2021-11-02 20:13:58,176 [grpc-default-executor-13] INFO  server.RaftServer$Division (RaftServerImpl.java:checkInconsistentAppendEntries(1322)) - omNode-1@group-523986131536: Failed appendEntries as previous log entry ((t:9, i:25)) is not found
2021-11-02 20:13:58,177 [grpc-default-executor-13] INFO  server.RaftServer$Division (RaftServerImpl.java:checkInconsistentAppendEntries(1288)) - omNode-1@group-523986131536: inconsistency entries. Reply:omNode-2<-omNode-1#4237:FAIL-t9,INCONSISTENCY,nextIndex=11,followerCommit=10
2021-11-02 20:13:58,177 [grpc-default-executor-13] INFO  leader.FollowerInfo (FollowerInfoImpl.java:lambda$new$0(47)) - omNode-2@group-523986131536->omNode-1: nextIndex: updateUnconditionally 26 -> 11
2021-11-02 20:13:58,679 [grpc-default-executor-13] INFO  server.RaftServer$Division (RaftServerImpl.java:checkInconsistentAppendEntries(1322)) - omNode-1@group-523986131536: Failed appendEntries as previous log entry ((t:9, i:25)) is not found
2021-11-02 20:13:58,680 [grpc-default-executor-13] INFO  server.RaftServer$Division (RaftServerImpl.java:checkInconsistentAppendEntries(1288)) - omNode-1@group-523986131536: inconsistency entries. Reply:omNode-2<-omNode-1#4288:FAIL-t9,INCONSISTENCY,nextIndex=11,followerCommit=10
2021-11-02 20:13:58,680 [grpc-default-executor-13] INFO  leader.FollowerInfo (FollowerInfoImpl.java:lambda$new$0(47)) - omNode-2@group-523986131536->omNode-1: nextIndex: updateUnconditionally 26 -> 11
2021-11-02 20:13:59,182 [grpc-default-executor-6] INFO  server.RaftServer$Division (RaftServerImpl.java:checkInconsistentAppendEntries(1322)) - omNode-1@group-523986131536: Failed appendEntries as previous log entry ((t:9, i:25)) is not found
2021-11-02 20:13:59,182 [grpc-default-executor-6] INFO  server.RaftServer$Division (RaftServerImpl.java:checkInconsistentAppendEntries(1288)) - omNode-1@group-523986131536: inconsistency entries. Reply:omNode-2<-omNode-1#4339:FAIL-t9,INCONSISTENCY,nextIndex=11,followerCommit=10
2021-11-02 20:13:59,182 [grpc-default-executor-6] INFO  leader.FollowerInfo (FollowerInfoImpl.java:lambda$new$0(47)) - omNode-2@group-523986131536->omNode-1: nextIndex: updateUnconditionally 26 -> 11
2021-11-02 20:13:59,684 [grpc-default-executor-6] INFO  server.RaftServer$Division (RaftServerImpl.java:checkInconsistentAppendEntries(1322)) - omNode-1@group-523986131536: Failed appendEntries as previous log entry ((t:9, i:25)) is not found
2021-11-02 20:13:59,684 [grpc-default-executor-6] INFO  server.RaftServer$Division (RaftServerImpl.java:checkInconsistentAppendEntries(1288)) - omNode-1@group-523986131536: inconsistency entries. Reply:omNode-2<-omNode-1#4390:FAIL-t9,INCONSISTENCY,nextIndex=11,followerCommit=10
2021-11-02 20:13:59,685 [grpc-default-executor-6] INFO  leader.FollowerInfo (FollowerInfoImpl.java:lambda$new$0(47)) - omNode-2@group-523986131536->omNode-1: nextIndex: updateUnconditionally 26 -> 11
2021-11-02 20:14:00,186 [grpc-default-executor-6] INFO  server.RaftServer$Division (RaftServerImpl.java:checkInconsistentAppendEntries(1322)) - omNode-1@group-523986131536: Failed appendEntries as previous log entry ((t:9, i:25)) is not found
2021-11-02 20:14:00,187 [grpc-default-executor-6] INFO  server.RaftServer$Division (RaftServerImpl.java:checkInconsistentAppendEntries(1288)) - omNode-1@group-523986131536: inconsistency entries. Reply:omNode-2<-omNode-1#4441:FAIL-t9,INCONSISTENCY,nextIndex=11,followerCommit=10
2021-11-02 20:14:00,187 [grpc-default-executor-6] INFO  leader.FollowerInfo (FollowerInfoImpl.java:lambda$new$0(47)) - omNode-2@group-523986131536->omNode-1: nextIndex: updateUnconditionally 26 -> 11
2021-11-02 20:14:00,689 [grpc-default-executor-6] INFO  server.RaftServer$Division (RaftServerImpl.java:checkInconsistentAppendEntries(1322)) - omNode-1@group-523986131536: Failed appendEntries as previous log entry ((t:9, i:25)) is not found
2021-11-02 20:14:00,689 [grpc-default-executor-6] INFO  server.RaftServer$Division (RaftServerImpl.java:checkInconsistentAppendEntries(1288)) - omNode-1@group-523986131536: inconsistency entries. Reply:omNode-2<-omNode-1#4492:FAIL-t9,INCONSISTENCY,nextIndex=11,followerCommit=10
2021-11-02 20:14:00,690 [grpc-default-executor-6] INFO  leader.FollowerInfo (FollowerInfoImpl.java:lambda$new$0(47)) - omNode-2@group-523986131536->omNode-1: nextIndex: updateUnconditionally 26 -> 11
2021-11-02 20:14:01,191 [grpc-default-executor-6] INFO  server.RaftServer$Division (RaftServerImpl.java:checkInconsistentAppendEntries(1322)) - omNode-1@group-523986131536: Failed appendEntries as previous log entry ((t:9, i:25)) is not found
2021-11-02 20:14:01,191 [grpc-default-executor-6] INFO  server.RaftServer$Division (RaftServerImpl.java:checkInconsistentAppendEntries(1288)) - omNode-1@group-523986131536: inconsistency entries. Reply:omNode-2<-omNode-1#4543:FAIL-t9,INCONSISTENCY,nextIndex=11,followerCommit=10
2021-11-02 20:14:01,192 [grpc-default-executor-6] INFO  leader.FollowerInfo (FollowerInfoImpl.java:lambda$new$0(47)) - omNode-2@group-523986131536->omNode-1: nextIndex: updateUnconditionally 26 -> 11
2021-11-02 20:14:01,694 [grpc-default-executor-13] INFO  server.RaftServer$Division (RaftServerImpl.java:checkInconsistentAppendEntries(1322)) - omNode-1@group-523986131536: Failed appendEntries as previous log entry ((t:9, i:25)) is not found
2021-11-02 20:14:01,694 [grpc-default-executor-13] INFO  server.RaftServer$Division (RaftServerImpl.java:checkInconsistentAppendEntries(1288)) - omNode-1@group-523986131536: inconsistency entries. Reply:omNode-2<-omNode-1#4594:FAIL-t9,INCONSISTENCY,nextIndex=11,followerCommit=10
2021-11-02 20:14:01,694 [grpc-default-executor-13] INFO  leader.FollowerInfo (FollowerInfoImpl.java:lambda$new$0(47)) - omNode-2@group-523986131536->omNode-1: nextIndex: updateUnconditionally 26 -> 11
2021-11-02 20:14:02,196 [grpc-default-executor-6] INFO  server.RaftServer$Division (RaftServerImpl.java:checkInconsistentAppendEntries(1322)) - omNode-1@group-523986131536: Failed appendEntries as previous log entry ((t:9, i:25)) is not found
2021-11-02 20:14:02,197 [grpc-default-executor-6] INFO  server.RaftServer$Division (RaftServerImpl.java:checkInconsistentAppendEntries(1288)) - omNode-1@group-523986131536: inconsistency entries. Reply:omNode-2<-omNode-1#4645:FAIL-t9,INCONSISTENCY,nextIndex=11,followerCommit=10
2021-11-02 20:14:02,197 [grpc-default-executor-6] INFO  leader.FollowerInfo (FollowerInfoImpl.java:lambda$new$0(47)) - omNode-2@group-523986131536->omNode-1: nextIndex: updateUnconditionally 26 -> 11
2021-11-02 20:14:02,699 [grpc-default-executor-6] INFO  server.RaftServer$Division (RaftServerImpl.java:checkInconsistentAppendEntries(1322)) - omNode-1@group-523986131536: Failed appendEntries as previous log entry ((t:9, i:25)) is not found
2021-11-02 20:14:02,699 [grpc-default-executor-6] INFO  server.RaftServer$Division (RaftServerImpl.java:checkInconsistentAppendEntries(1288)) - omNode-1@group-523986131536: inconsistency entries. Reply:omNode-2<-omNode-1#4696:FAIL-t9,INCONSISTENCY,nextIndex=11,followerCommit=10
2021-11-02 20:14:02,699 [grpc-default-executor-6] INFO  leader.FollowerInfo (FollowerInfoImpl.java:lambda$new$0(47)) - omNode-2@group-523986131536->omNode-1: nextIndex: updateUnconditionally 26 -> 11
2021-11-02 20:14:03,201 [grpc-default-executor-6] INFO  server.RaftServer$Division (RaftServerImpl.java:checkInconsistentAppendEntries(1322)) - omNode-1@group-523986131536: Failed appendEntries as previous log entry ((t:9, i:25)) is not found
2021-11-02 20:14:03,201 [grpc-default-executor-6] INFO  server.RaftServer$Division (RaftServerImpl.java:checkInconsistentAppendEntries(1288)) - omNode-1@group-523986131536: inconsistency entries. Reply:omNode-2<-omNode-1#4747:FAIL-t9,INCONSISTENCY,nextIndex=11,followerCommit=10
2021-11-02 20:14:03,202 [grpc-default-executor-6] INFO  leader.FollowerInfo (FollowerInfoImpl.java:lambda$new$0(47)) - omNode-2@group-523986131536->omNode-1: nextIndex: updateUnconditionally 26 -> 11
2021-11-02 20:14:03,704 [grpc-default-executor-6] INFO  server.RaftServer$Division (RaftServerImpl.java:checkInconsistentAppendEntries(1322)) - omNode-1@group-523986131536: Failed appendEntries as previous log entry ((t:9, i:25)) is not found
2021-11-02 20:14:03,704 [grpc-default-executor-6] INFO  server.RaftServer$Division (RaftServerImpl.java:checkInconsistentAppendEntries(1288)) - omNode-1@group-523986131536: inconsistency entries. Reply:omNode-2<-omNode-1#4798:FAIL-t9,INCONSISTENCY,nextIndex=11,followerCommit=10
2021-11-02 20:14:03,704 [grpc-default-executor-6] INFO  leader.FollowerInfo (FollowerInfoImpl.java:lambda$new$0(47)) - omNode-2@group-523986131536->omNode-1: nextIndex: updateUnconditionally 26 -> 11
2021-11-02 20:14:04,206 [grpc-default-executor-13] INFO  server.RaftServer$Division (RaftServerImpl.java:checkInconsistentAppendEntries(1322)) - omNode-1@group-523986131536: Failed appendEntries as previous log entry ((t:9, i:25)) is not found
2021-11-02 20:14:04,207 [grpc-default-executor-13] INFO  server.RaftServer$Division (RaftServerImpl.java:checkInconsistentAppendEntries(1288)) - omNode-1@group-523986131536: inconsistency entries. Reply:omNode-2<-omNode-1#4849:FAIL-t9,INCONSISTENCY,nextIndex=11,followerCommit=10
2021-11-02 20:14:04,207 [grpc-default-executor-13] INFO  leader.FollowerInfo (FollowerInfoImpl.java:lambda$new$0(47)) - omNode-2@group-523986131536->omNode-1: nextIndex: updateUnconditionally 26 -> 11
2021-11-02 20:14:04,709 [grpc-default-executor-6] INFO  server.RaftServer$Division (RaftServerImpl.java:checkInconsistentAppendEntries(1322)) - omNode-1@group-523986131536: Failed appendEntries as previous log entry ((t:9, i:25)) is not found
2021-11-02 20:14:04,709 [grpc-default-executor-6] INFO  server.RaftServer$Division (RaftServerImpl.java:checkInconsistentAppendEntries(1288)) - omNode-1@group-523986131536: inconsistency entries. Reply:omNode-2<-omNode-1#4900:FAIL-t9,INCONSISTENCY,nextIndex=11,followerCommit=10
2021-11-02 20:14:04,710 [grpc-default-executor-6] INFO  leader.FollowerInfo (FollowerInfoImpl.java:lambda$new$0(47)) - omNode-2@group-523986131536->omNode-1: nextIndex: updateUnconditionally 26 -> 11
2021-11-02 20:14:05,212 [grpc-default-executor-6] INFO  server.RaftServer$Division (RaftServerImpl.java:checkInconsistentAppendEntries(1322)) - omNode-1@group-523986131536: Failed appendEntries as previous log entry ((t:9, i:25)) is not found
2021-11-02 20:14:05,212 [grpc-default-executor-6] INFO  server.RaftServer$Division (RaftServerImpl.java:checkInconsistentAppendEntries(1288)) - omNode-1@group-523986131536: inconsistency entries. Reply:omNode-2<-omNode-1#4951:FAIL-t9,INCONSISTENCY,nextIndex=11,followerCommit=10
2021-11-02 20:14:05,213 [grpc-default-executor-6] INFO  leader.FollowerInfo (FollowerInfoImpl.java:lambda$new$0(47)) - omNode-2@group-523986131536->omNode-1: nextIndex: updateUnconditionally 26 -> 11
2021-11-02 20:14:05,719 [grpc-default-executor-6] INFO  server.RaftServer$Division (RaftServerImpl.java:checkInconsistentAppendEntries(1322)) - omNode-1@group-523986131536: Failed appendEntries as previous log entry ((t:9, i:25)) is not found
2021-11-02 20:14:05,719 [grpc-default-executor-6] INFO  server.RaftServer$Division (RaftServerImpl.java:checkInconsistentAppendEntries(1288)) - omNode-1@group-523986131536: inconsistency entries. Reply:omNode-2<-omNode-1#5002:FAIL-t9,INCONSISTENCY,nextIndex=11,followerCommit=10
2021-11-02 20:14:05,720 [grpc-default-executor-6] INFO  leader.FollowerInfo (FollowerInfoImpl.java:lambda$new$0(47)) - omNode-2@group-523986131536->omNode-1: nextIndex: updateUnconditionally 26 -> 11
2021-11-02 20:14:06,222 [grpc-default-executor-6] INFO  server.RaftServer$Division (RaftServerImpl.java:checkInconsistentAppendEntries(1322)) - omNode-1@group-523986131536: Failed appendEntries as previous log entry ((t:9, i:25)) is not found
2021-11-02 20:14:06,222 [grpc-default-executor-6] INFO  server.RaftServer$Division (RaftServerImpl.java:checkInconsistentAppendEntries(1288)) - omNode-1@group-523986131536: inconsistency entries. Reply:omNode-2<-omNode-1#5053:FAIL-t9,INCONSISTENCY,nextIndex=11,followerCommit=10
2021-11-02 20:14:06,222 [grpc-default-executor-6] INFO  leader.FollowerInfo (FollowerInfoImpl.java:lambda$new$0(47)) - omNode-2@group-523986131536->omNode-1: nextIndex: updateUnconditionally 26 -> 11
2021-11-02 20:14:06,724 [grpc-default-executor-13] INFO  server.RaftServer$Division (RaftServerImpl.java:checkInconsistentAppendEntries(1322)) - omNode-1@group-523986131536: Failed appendEntries as previous log entry ((t:9, i:25)) is not found
2021-11-02 20:14:06,725 [grpc-default-executor-13] INFO  server.RaftServer$Division (RaftServerImpl.java:checkInconsistentAppendEntries(1288)) - omNode-1@group-523986131536: inconsistency entries. Reply:omNode-2<-omNode-1#5104:FAIL-t9,INCONSISTENCY,nextIndex=11,followerCommit=10
2021-11-02 20:14:06,726 [grpc-default-executor-13] INFO  leader.FollowerInfo (FollowerInfoImpl.java:lambda$new$0(47)) - omNode-2@group-523986131536->omNode-1: nextIndex: updateUnconditionally 26 -> 11
2021-11-02 20:14:07,228 [grpc-default-executor-6] INFO  server.RaftServer$Division (RaftServerImpl.java:checkInconsistentAppendEntries(1322)) - omNode-1@group-523986131536: Failed appendEntries as previous log entry ((t:9, i:25)) is not found
2021-11-02 20:14:07,228 [grpc-default-executor-6] INFO  server.RaftServer$Division (RaftServerImpl.java:checkInconsistentAppendEntries(1288)) - omNode-1@group-523986131536: inconsistency entries. Reply:omNode-2<-omNode-1#5155:FAIL-t9,INCONSISTENCY,nextIndex=11,followerCommit=10
2021-11-02 20:14:07,228 [grpc-default-executor-6] INFO  leader.FollowerInfo (FollowerInfoImpl.java:lambda$new$0(47)) - omNode-2@group-523986131536->omNode-1: nextIndex: updateUnconditionally 26 -> 11
2021-11-02 20:14:07,731 [grpc-default-executor-6] INFO  server.RaftServer$Division (RaftServerImpl.java:checkInconsistentAppendEntries(1322)) - omNode-1@group-523986131536: Failed appendEntries as previous log entry ((t:9, i:25)) is not found
2021-11-02 20:14:07,731 [grpc-default-executor-6] INFO  server.RaftServer$Division (RaftServerImpl.java:checkInconsistentAppendEntries(1288)) - omNode-1@group-523986131536: inconsistency entries. Reply:omNode-2<-omNode-1#5206:FAIL-t9,INCONSISTENCY,nextIndex=11,followerCommit=10
2021-11-02 20:14:07,732 [grpc-default-executor-6] INFO  leader.FollowerInfo (FollowerInfoImpl.java:lambda$new$0(47)) - omNode-2@group-523986131536->omNode-1: nextIndex: updateUnconditionally 26 -> 11
2021-11-02 20:14:08,234 [grpc-default-executor-6] INFO  server.RaftServer$Division (RaftServerImpl.java:checkInconsistentAppendEntries(1322)) - omNode-1@group-523986131536: Failed appendEntries as previous log entry ((t:9, i:25)) is not found
2021-11-02 20:14:08,234 [grpc-default-executor-6] INFO  server.RaftServer$Division (RaftServerImpl.java:checkInconsistentAppendEntries(1288)) - omNode-1@group-523986131536: inconsistency entries. Reply:omNode-2<-omNode-1#5257:FAIL-t9,INCONSISTENCY,nextIndex=11,followerCommit=10
2021-11-02 20:14:08,235 [grpc-default-executor-6] INFO  leader.FollowerInfo (FollowerInfoImpl.java:lambda$new$0(47)) - omNode-2@group-523986131536->omNode-1: nextIndex: updateUnconditionally 26 -> 11
2021-11-02 20:14:08,738 [grpc-default-executor-6] INFO  server.RaftServer$Division (RaftServerImpl.java:checkInconsistentAppendEntries(1322)) - omNode-1@group-523986131536: Failed appendEntries as previous log entry ((t:9, i:25)) is not found
2021-11-02 20:14:08,738 [grpc-default-executor-6] INFO  server.RaftServer$Division (RaftServerImpl.java:checkInconsistentAppendEntries(1288)) - omNode-1@group-523986131536: inconsistency entries. Reply:omNode-2<-omNode-1#5308:FAIL-t9,INCONSISTENCY,nextIndex=11,followerCommit=10
2021-11-02 20:14:08,738 [grpc-default-executor-6] INFO  leader.FollowerInfo (FollowerInfoImpl.java:lambda$new$0(47)) - omNode-2@group-523986131536->omNode-1: nextIndex: updateUnconditionally 26 -> 11
2021-11-02 20:14:09,241 [grpc-default-executor-13] INFO  server.RaftServer$Division (RaftServerImpl.java:checkInconsistentAppendEntries(1322)) - omNode-1@group-523986131536: Failed appendEntries as previous log entry ((t:9, i:25)) is not found
2021-11-02 20:14:09,242 [grpc-default-executor-13] INFO  server.RaftServer$Division (RaftServerImpl.java:checkInconsistentAppendEntries(1288)) - omNode-1@group-523986131536: inconsistency entries. Reply:omNode-2<-omNode-1#5359:FAIL-t9,INCONSISTENCY,nextIndex=11,followerCommit=10
2021-11-02 20:14:09,242 [grpc-default-executor-13] INFO  leader.FollowerInfo (FollowerInfoImpl.java:lambda$new$0(47)) - omNode-2@group-523986131536->omNode-1: nextIndex: updateUnconditionally 26 -> 11
2021-11-02 20:14:09,744 [grpc-default-executor-13] INFO  server.RaftServer$Division (RaftServerImpl.java:checkInconsistentAppendEntries(1322)) - omNode-1@group-523986131536: Failed appendEntries as previous log entry ((t:9, i:25)) is not found
2021-11-02 20:14:09,744 [grpc-default-executor-13] INFO  server.RaftServer$Division (RaftServerImpl.java:checkInconsistentAppendEntries(1288)) - omNode-1@group-523986131536: inconsistency entries. Reply:omNode-2<-omNode-1#5410:FAIL-t9,INCONSISTENCY,nextIndex=11,followerCommit=10
2021-11-02 20:14:09,745 [grpc-default-executor-13] INFO  leader.FollowerInfo (FollowerInfoImpl.java:lambda$new$0(47)) - omNode-2@group-523986131536->omNode-1: nextIndex: updateUnconditionally 26 -> 11
2021-11-02 20:14:10,247 [grpc-default-executor-13] INFO  server.RaftServer$Division (RaftServerImpl.java:checkInconsistentAppendEntries(1322)) - omNode-1@group-523986131536: Failed appendEntries as previous log entry ((t:9, i:25)) is not found
2021-11-02 20:14:10,248 [grpc-default-executor-13] INFO  server.RaftServer$Division (RaftServerImpl.java:checkInconsistentAppendEntries(1288)) - omNode-1@group-523986131536: inconsistency entries. Reply:omNode-2<-omNode-1#5461:FAIL-t9,INCONSISTENCY,nextIndex=11,followerCommit=10
2021-11-02 20:14:10,248 [grpc-default-executor-13] INFO  leader.FollowerInfo (FollowerInfoImpl.java:lambda$new$0(47)) - omNode-2@group-523986131536->omNode-1: nextIndex: updateUnconditionally 26 -> 11
2021-11-02 20:14:10,750 [grpc-default-executor-13] INFO  server.RaftServer$Division (RaftServerImpl.java:checkInconsistentAppendEntries(1322)) - omNode-1@group-523986131536: Failed appendEntries as previous log entry ((t:9, i:25)) is not found
2021-11-02 20:14:10,750 [grpc-default-executor-13] INFO  server.RaftServer$Division (RaftServerImpl.java:checkInconsistentAppendEntries(1288)) - omNode-1@group-523986131536: inconsistency entries. Reply:omNode-2<-omNode-1#5512:FAIL-t9,INCONSISTENCY,nextIndex=11,followerCommit=10
2021-11-02 20:14:10,751 [grpc-default-executor-13] INFO  leader.FollowerInfo (FollowerInfoImpl.java:lambda$new$0(47)) - omNode-2@group-523986131536->omNode-1: nextIndex: updateUnconditionally 26 -> 11
2021-11-02 20:14:11,253 [grpc-default-executor-13] INFO  server.RaftServer$Division (RaftServerImpl.java:checkInconsistentAppendEntries(1322)) - omNode-1@group-523986131536: Failed appendEntries as previous log entry ((t:9, i:25)) is not found
2021-11-02 20:14:11,253 [grpc-default-executor-13] INFO  server.RaftServer$Division (RaftServerImpl.java:checkInconsistentAppendEntries(1288)) - omNode-1@group-523986131536: inconsistency entries. Reply:omNode-2<-omNode-1#5563:FAIL-t9,INCONSISTENCY,nextIndex=11,followerCommit=10
2021-11-02 20:14:11,253 [grpc-default-executor-13] INFO  leader.FollowerInfo (FollowerInfoImpl.java:lambda$new$0(47)) - omNode-2@group-523986131536->omNode-1: nextIndex: updateUnconditionally 26 -> 11
2021-11-02 20:14:11,755 [grpc-default-executor-6] INFO  server.RaftServer$Division (RaftServerImpl.java:checkInconsistentAppendEntries(1322)) - omNode-1@group-523986131536: Failed appendEntries as previous log entry ((t:9, i:25)) is not found
2021-11-02 20:14:11,756 [grpc-default-executor-6] INFO  server.RaftServer$Division (RaftServerImpl.java:checkInconsistentAppendEntries(1288)) - omNode-1@group-523986131536: inconsistency entries. Reply:omNode-2<-omNode-1#5614:FAIL-t9,INCONSISTENCY,nextIndex=11,followerCommit=10
2021-11-02 20:14:11,756 [grpc-default-executor-6] INFO  leader.FollowerInfo (FollowerInfoImpl.java:lambda$new$0(47)) - omNode-2@group-523986131536->omNode-1: nextIndex: updateUnconditionally 26 -> 11
2021-11-02 20:14:12,257 [grpc-default-executor-6] INFO  server.RaftServer$Division (RaftServerImpl.java:checkInconsistentAppendEntries(1322)) - omNode-1@group-523986131536: Failed appendEntries as previous log entry ((t:9, i:25)) is not found
2021-11-02 20:14:12,258 [grpc-default-executor-6] INFO  server.RaftServer$Division (RaftServerImpl.java:checkInconsistentAppendEntries(1288)) - omNode-1@group-523986131536: inconsistency entries. Reply:omNode-2<-omNode-1#5665:FAIL-t9,INCONSISTENCY,nextIndex=11,followerCommit=10
2021-11-02 20:14:12,258 [grpc-default-executor-6] INFO  leader.FollowerInfo (FollowerInfoImpl.java:lambda$new$0(47)) - omNode-2@group-523986131536->omNode-1: nextIndex: updateUnconditionally 26 -> 11
2021-11-02 20:14:12,760 [grpc-default-executor-6] INFO  server.RaftServer$Division (RaftServerImpl.java:checkInconsistentAppendEntries(1322)) - omNode-1@group-523986131536: Failed appendEntries as previous log entry ((t:9, i:25)) is not found
2021-11-02 20:14:12,760 [grpc-default-executor-6] INFO  server.RaftServer$Division (RaftServerImpl.java:checkInconsistentAppendEntries(1288)) - omNode-1@group-523986131536: inconsistency entries. Reply:omNode-2<-omNode-1#5716:FAIL-t9,INCONSISTENCY,nextIndex=11,followerCommit=10
2021-11-02 20:14:12,761 [grpc-default-executor-6] INFO  leader.FollowerInfo (FollowerInfoImpl.java:lambda$new$0(47)) - omNode-2@group-523986131536->omNode-1: nextIndex: updateUnconditionally 26 -> 11
2021-11-02 20:14:13,263 [grpc-default-executor-6] INFO  server.RaftServer$Division (RaftServerImpl.java:checkInconsistentAppendEntries(1322)) - omNode-1@group-523986131536: Failed appendEntries as previous log entry ((t:9, i:25)) is not found
2021-11-02 20:14:13,263 [grpc-default-executor-6] INFO  server.RaftServer$Division (RaftServerImpl.java:checkInconsistentAppendEntries(1288)) - omNode-1@group-523986131536: inconsistency entries. Reply:omNode-2<-omNode-1#5767:FAIL-t9,INCONSISTENCY,nextIndex=11,followerCommit=10
2021-11-02 20:14:13,263 [grpc-default-executor-6] INFO  leader.FollowerInfo (FollowerInfoImpl.java:lambda$new$0(47)) - omNode-2@group-523986131536->omNode-1: nextIndex: updateUnconditionally 26 -> 11
2021-11-02 20:14:13,765 [grpc-default-executor-6] INFO  server.RaftServer$Division (RaftServerImpl.java:checkInconsistentAppendEntries(1322)) - omNode-1@group-523986131536: Failed appendEntries as previous log entry ((t:9, i:25)) is not found
2021-11-02 20:14:13,765 [grpc-default-executor-6] INFO  server.RaftServer$Division (RaftServerImpl.java:checkInconsistentAppendEntries(1288)) - omNode-1@group-523986131536: inconsistency entries. Reply:omNode-2<-omNode-1#5818:FAIL-t9,INCONSISTENCY,nextIndex=11,followerCommit=10
2021-11-02 20:14:13,766 [grpc-default-executor-6] INFO  leader.FollowerInfo (FollowerInfoImpl.java:lambda$new$0(47)) - omNode-2@group-523986131536->omNode-1: nextIndex: updateUnconditionally 26 -> 11
2021-11-02 20:14:14,268 [grpc-default-executor-6] INFO  server.RaftServer$Division (RaftServerImpl.java:checkInconsistentAppendEntries(1322)) - omNode-1@group-523986131536: Failed appendEntries as previous log entry ((t:9, i:25)) is not found
2021-11-02 20:14:14,268 [grpc-default-executor-6] INFO  server.RaftServer$Division (RaftServerImpl.java:checkInconsistentAppendEntries(1288)) - omNode-1@group-523986131536: inconsistency entries. Reply:omNode-2<-omNode-1#5869:FAIL-t9,INCONSISTENCY,nextIndex=11,followerCommit=10
2021-11-02 20:14:14,268 [grpc-default-executor-6] INFO  leader.FollowerInfo (FollowerInfoImpl.java:lambda$new$0(47)) - omNode-2@group-523986131536->omNode-1: nextIndex: updateUnconditionally 26 -> 11
2021-11-02 20:14:14,770 [grpc-default-executor-6] INFO  server.RaftServer$Division (RaftServerImpl.java:checkInconsistentAppendEntries(1322)) - omNode-1@group-523986131536: Failed appendEntries as previous log entry ((t:9, i:25)) is not found
2021-11-02 20:14:14,770 [grpc-default-executor-6] INFO  server.RaftServer$Division (RaftServerImpl.java:checkInconsistentAppendEntries(1288)) - omNode-1@group-523986131536: inconsistency entries. Reply:omNode-2<-omNode-1#5920:FAIL-t9,INCONSISTENCY,nextIndex=11,followerCommit=10
2021-11-02 20:14:14,771 [grpc-default-executor-6] INFO  leader.FollowerInfo (FollowerInfoImpl.java:lambda$new$0(47)) - omNode-2@group-523986131536->omNode-1: nextIndex: updateUnconditionally 26 -> 11
2021-11-02 20:14:15,274 [grpc-default-executor-6] INFO  server.RaftServer$Division (RaftServerImpl.java:checkInconsistentAppendEntries(1322)) - omNode-1@group-523986131536: Failed appendEntries as previous log entry ((t:9, i:25)) is not found
2021-11-02 20:14:15,274 [grpc-default-executor-6] INFO  server.RaftServer$Division (RaftServerImpl.java:checkInconsistentAppendEntries(1288)) - omNode-1@group-523986131536: inconsistency entries. Reply:omNode-2<-omNode-1#5971:FAIL-t9,INCONSISTENCY,nextIndex=11,followerCommit=10
2021-11-02 20:14:15,274 [grpc-default-executor-6] INFO  leader.FollowerInfo (FollowerInfoImpl.java:lambda$new$0(47)) - omNode-2@group-523986131536->omNode-1: nextIndex: updateUnconditionally 26 -> 11
2021-11-02 20:14:15,777 [grpc-default-executor-6] INFO  server.RaftServer$Division (RaftServerImpl.java:checkInconsistentAppendEntries(1322)) - omNode-1@group-523986131536: Failed appendEntries as previous log entry ((t:9, i:25)) is not found
2021-11-02 20:14:15,777 [grpc-default-executor-6] INFO  server.RaftServer$Division (RaftServerImpl.java:checkInconsistentAppendEntries(1288)) - omNode-1@group-523986131536: inconsistency entries. Reply:omNode-2<-omNode-1#6022:FAIL-t9,INCONSISTENCY,nextIndex=11,followerCommit=10
2021-11-02 20:14:15,777 [grpc-default-executor-6] INFO  leader.FollowerInfo (FollowerInfoImpl.java:lambda$new$0(47)) - omNode-2@group-523986131536->omNode-1: nextIndex: updateUnconditionally 26 -> 11
2021-11-02 20:14:16,279 [grpc-default-executor-6] INFO  server.RaftServer$Division (RaftServerImpl.java:checkInconsistentAppendEntries(1322)) - omNode-1@group-523986131536: Failed appendEntries as previous log entry ((t:9, i:25)) is not found
2021-11-02 20:14:16,280 [grpc-default-executor-6] INFO  server.RaftServer$Division (RaftServerImpl.java:checkInconsistentAppendEntries(1288)) - omNode-1@group-523986131536: inconsistency entries. Reply:omNode-2<-omNode-1#6073:FAIL-t9,INCONSISTENCY,nextIndex=11,followerCommit=10
2021-11-02 20:14:16,280 [grpc-default-executor-6] INFO  leader.FollowerInfo (FollowerInfoImpl.java:lambda$new$0(47)) - omNode-2@group-523986131536->omNode-1: nextIndex: updateUnconditionally 26 -> 11
2021-11-02 20:14:16,782 [grpc-default-executor-13] INFO  server.RaftServer$Division (RaftServerImpl.java:checkInconsistentAppendEntries(1322)) - omNode-1@group-523986131536: Failed appendEntries as previous log entry ((t:9, i:25)) is not found
2021-11-02 20:14:16,783 [grpc-default-executor-13] INFO  server.RaftServer$Division (RaftServerImpl.java:checkInconsistentAppendEntries(1288)) - omNode-1@group-523986131536: inconsistency entries. Reply:omNode-2<-omNode-1#6124:FAIL-t9,INCONSISTENCY,nextIndex=11,followerCommit=10
2021-11-02 20:14:16,783 [grpc-default-executor-13] INFO  leader.FollowerInfo (FollowerInfoImpl.java:lambda$new$0(47)) - omNode-2@group-523986131536->omNode-1: nextIndex: updateUnconditionally 26 -> 11
2021-11-02 20:14:17,286 [grpc-default-executor-13] INFO  server.RaftServer$Division (RaftServerImpl.java:checkInconsistentAppendEntries(1322)) - omNode-1@group-523986131536: Failed appendEntries as previous log entry ((t:9, i:25)) is not found
2021-11-02 20:14:17,286 [grpc-default-executor-13] INFO  server.RaftServer$Division (RaftServerImpl.java:checkInconsistentAppendEntries(1288)) - omNode-1@group-523986131536: inconsistency entries. Reply:omNode-2<-omNode-1#6175:FAIL-t9,INCONSISTENCY,nextIndex=11,followerCommit=10
2021-11-02 20:14:17,286 [grpc-default-executor-13] INFO  leader.FollowerInfo (FollowerInfoImpl.java:lambda$new$0(47)) - omNode-2@group-523986131536->omNode-1: nextIndex: updateUnconditionally 26 -> 11
2021-11-02 20:14:17,789 [grpc-default-executor-13] INFO  server.RaftServer$Division (RaftServerImpl.java:checkInconsistentAppendEntries(1322)) - omNode-1@group-523986131536: Failed appendEntries as previous log entry ((t:9, i:25)) is not found
2021-11-02 20:14:17,790 [grpc-default-executor-13] INFO  server.RaftServer$Division (RaftServerImpl.java:checkInconsistentAppendEntries(1288)) - omNode-1@group-523986131536: inconsistency entries. Reply:omNode-2<-omNode-1#6226:FAIL-t9,INCONSISTENCY,nextIndex=11,followerCommit=10
2021-11-02 20:14:17,790 [grpc-default-executor-13] INFO  leader.FollowerInfo (FollowerInfoImpl.java:lambda$new$0(47)) - omNode-2@group-523986131536->omNode-1: nextIndex: updateUnconditionally 26 -> 11
2021-11-02 20:14:18,292 [grpc-default-executor-13] INFO  server.RaftServer$Division (RaftServerImpl.java:checkInconsistentAppendEntries(1322)) - omNode-1@group-523986131536: Failed appendEntries as previous log entry ((t:9, i:25)) is not found
2021-11-02 20:14:18,292 [grpc-default-executor-13] INFO  server.RaftServer$Division (RaftServerImpl.java:checkInconsistentAppendEntries(1288)) - omNode-1@group-523986131536: inconsistency entries. Reply:omNode-2<-omNode-1#6277:FAIL-t9,INCONSISTENCY,nextIndex=11,followerCommit=10
2021-11-02 20:14:18,293 [grpc-default-executor-13] INFO  leader.FollowerInfo (FollowerInfoImpl.java:lambda$new$0(47)) - omNode-2@group-523986131536->omNode-1: nextIndex: updateUnconditionally 26 -> 11
2021-11-02 20:14:18,794 [grpc-default-executor-13] INFO  server.RaftServer$Division (RaftServerImpl.java:checkInconsistentAppendEntries(1322)) - omNode-1@group-523986131536: Failed appendEntries as previous log entry ((t:9, i:25)) is not found
2021-11-02 20:14:18,795 [grpc-default-executor-13] INFO  server.RaftServer$Division (RaftServerImpl.java:checkInconsistentAppendEntries(1288)) - omNode-1@group-523986131536: inconsistency entries. Reply:omNode-2<-omNode-1#6328:FAIL-t9,INCONSISTENCY,nextIndex=11,followerCommit=10
2021-11-02 20:14:18,795 [grpc-default-executor-13] INFO  leader.FollowerInfo (FollowerInfoImpl.java:lambda$new$0(47)) - omNode-2@group-523986131536->omNode-1: nextIndex: updateUnconditionally 26 -> 11
2021-11-02 20:14:19,297 [grpc-default-executor-6] INFO  server.RaftServer$Division (RaftServerImpl.java:checkInconsistentAppendEntries(1322)) - omNode-1@group-523986131536: Failed appendEntries as previous log entry ((t:9, i:25)) is not found
2021-11-02 20:14:19,297 [grpc-default-executor-6] INFO  server.RaftServer$Division (RaftServerImpl.java:checkInconsistentAppendEntries(1288)) - omNode-1@group-523986131536: inconsistency entries. Reply:omNode-2<-omNode-1#6379:FAIL-t9,INCONSISTENCY,nextIndex=11,followerCommit=10
2021-11-02 20:14:19,297 [grpc-default-executor-6] INFO  leader.FollowerInfo (FollowerInfoImpl.java:lambda$new$0(47)) - omNode-2@group-523986131536->omNode-1: nextIndex: updateUnconditionally 26 -> 11
2021-11-02 20:14:19,800 [grpc-default-executor-6] INFO  server.RaftServer$Division (RaftServerImpl.java:checkInconsistentAppendEntries(1322)) - omNode-1@group-523986131536: Failed appendEntries as previous log entry ((t:9, i:25)) is not found
2021-11-02 20:14:19,800 [grpc-default-executor-6] INFO  server.RaftServer$Division (RaftServerImpl.java:checkInconsistentAppendEntries(1288)) - omNode-1@group-523986131536: inconsistency entries. Reply:omNode-2<-omNode-1#6430:FAIL-t9,INCONSISTENCY,nextIndex=11,followerCommit=10
2021-11-02 20:14:19,800 [grpc-default-executor-6] INFO  leader.FollowerInfo (FollowerInfoImpl.java:lambda$new$0(47)) - omNode-2@group-523986131536->omNode-1: nextIndex: updateUnconditionally 26 -> 11
2021-11-02 20:14:20,303 [grpc-default-executor-6] INFO  server.RaftServer$Division (RaftServerImpl.java:checkInconsistentAppendEntries(1322)) - omNode-1@group-523986131536: Failed appendEntries as previous log entry ((t:9, i:25)) is not found
2021-11-02 20:14:20,303 [grpc-default-executor-6] INFO  server.RaftServer$Division (RaftServerImpl.java:checkInconsistentAppendEntries(1288)) - omNode-1@group-523986131536: inconsistency entries. Reply:omNode-2<-omNode-1#6481:FAIL-t9,INCONSISTENCY,nextIndex=11,followerCommit=10
2021-11-02 20:14:20,303 [grpc-default-executor-6] INFO  leader.FollowerInfo (FollowerInfoImpl.java:lambda$new$0(47)) - omNode-2@group-523986131536->omNode-1: nextIndex: updateUnconditionally 26 -> 11
2021-11-02 20:14:20,806 [grpc-default-executor-6] INFO  server.RaftServer$Division (RaftServerImpl.java:checkInconsistentAppendEntries(1322)) - omNode-1@group-523986131536: Failed appendEntries as previous log entry ((t:9, i:25)) is not found
2021-11-02 20:14:20,806 [grpc-default-executor-6] INFO  server.RaftServer$Division (RaftServerImpl.java:checkInconsistentAppendEntries(1288)) - omNode-1@group-523986131536: inconsistency entries. Reply:omNode-2<-omNode-1#6532:FAIL-t9,INCONSISTENCY,nextIndex=11,followerCommit=10
2021-11-02 20:14:20,807 [grpc-default-executor-6] INFO  leader.FollowerInfo (FollowerInfoImpl.java:lambda$new$0(47)) - omNode-2@group-523986131536->omNode-1: nextIndex: updateUnconditionally 26 -> 11
2021-11-02 20:14:21,309 [grpc-default-executor-6] INFO  server.RaftServer$Division (RaftServerImpl.java:checkInconsistentAppendEntries(1322)) - omNode-1@group-523986131536: Failed appendEntries as previous log entry ((t:9, i:25)) is not found
2021-11-02 20:14:21,309 [grpc-default-executor-6] INFO  server.RaftServer$Division (RaftServerImpl.java:checkInconsistentAppendEntries(1288)) - omNode-1@group-523986131536: inconsistency entries. Reply:omNode-2<-omNode-1#6583:FAIL-t9,INCONSISTENCY,nextIndex=11,followerCommit=10
2021-11-02 20:14:21,309 [grpc-default-executor-6] INFO  leader.FollowerInfo (FollowerInfoImpl.java:lambda$new$0(47)) - omNode-2@group-523986131536->omNode-1: nextIndex: updateUnconditionally 26 -> 11
2021-11-02 20:14:21,812 [grpc-default-executor-13] INFO  server.RaftServer$Division (RaftServerImpl.java:checkInconsistentAppendEntries(1322)) - omNode-1@group-523986131536: Failed appendEntries as previous log entry ((t:9, i:25)) is not found
2021-11-02 20:14:21,812 [grpc-default-executor-13] INFO  server.RaftServer$Division (RaftServerImpl.java:checkInconsistentAppendEntries(1288)) - omNode-1@group-523986131536: inconsistency entries. Reply:omNode-2<-omNode-1#6634:FAIL-t9,INCONSISTENCY,nextIndex=11,followerCommit=10
2021-11-02 20:14:21,813 [grpc-default-executor-13] INFO  leader.FollowerInfo (FollowerInfoImpl.java:lambda$new$0(47)) - omNode-2@group-523986131536->omNode-1: nextIndex: updateUnconditionally 26 -> 11
2021-11-02 20:14:22,315 [grpc-default-executor-13] INFO  server.RaftServer$Division (RaftServerImpl.java:checkInconsistentAppendEntries(1322)) - omNode-1@group-523986131536: Failed appendEntries as previous log entry ((t:9, i:25)) is not found
2021-11-02 20:14:22,316 [grpc-default-executor-13] INFO  server.RaftServer$Division (RaftServerImpl.java:checkInconsistentAppendEntries(1288)) - omNode-1@group-523986131536: inconsistency entries. Reply:omNode-2<-omNode-1#6685:FAIL-t9,INCONSISTENCY,nextIndex=11,followerCommit=10
2021-11-02 20:14:22,316 [grpc-default-executor-13] INFO  leader.FollowerInfo (FollowerInfoImpl.java:lambda$new$0(47)) - omNode-2@group-523986131536->omNode-1: nextIndex: updateUnconditionally 26 -> 11
2021-11-02 20:14:22,818 [grpc-default-executor-13] INFO  server.RaftServer$Division (RaftServerImpl.java:checkInconsistentAppendEntries(1322)) - omNode-1@group-523986131536: Failed appendEntries as previous log entry ((t:9, i:25)) is not found
2021-11-02 20:14:22,818 [grpc-default-executor-13] INFO  server.RaftServer$Division (RaftServerImpl.java:checkInconsistentAppendEntries(1288)) - omNode-1@group-523986131536: inconsistency entries. Reply:omNode-2<-omNode-1#6736:FAIL-t9,INCONSISTENCY,nextIndex=11,followerCommit=10
2021-11-02 20:14:22,819 [grpc-default-executor-13] INFO  leader.FollowerInfo (FollowerInfoImpl.java:lambda$new$0(47)) - omNode-2@group-523986131536->omNode-1: nextIndex: updateUnconditionally 26 -> 11
2021-11-02 20:14:23,321 [grpc-default-executor-13] INFO  server.RaftServer$Division (RaftServerImpl.java:checkInconsistentAppendEntries(1322)) - omNode-1@group-523986131536: Failed appendEntries as previous log entry ((t:9, i:25)) is not found
2021-11-02 20:14:23,321 [grpc-default-executor-13] INFO  server.RaftServer$Division (RaftServerImpl.java:checkInconsistentAppendEntries(1288)) - omNode-1@group-523986131536: inconsistency entries. Reply:omNode-2<-omNode-1#6787:FAIL-t9,INCONSISTENCY,nextIndex=11,followerCommit=10
2021-11-02 20:14:23,322 [grpc-default-executor-13] INFO  leader.FollowerInfo (FollowerInfoImpl.java:lambda$new$0(47)) - omNode-2@group-523986131536->omNode-1: nextIndex: updateUnconditionally 26 -> 11
2021-11-02 20:14:23,824 [grpc-default-executor-13] INFO  server.RaftServer$Division (RaftServerImpl.java:checkInconsistentAppendEntries(1322)) - omNode-1@group-523986131536: Failed appendEntries as previous log entry ((t:9, i:25)) is not found
2021-11-02 20:14:23,824 [grpc-default-executor-13] INFO  server.RaftServer$Division (RaftServerImpl.java:checkInconsistentAppendEntries(1288)) - omNode-1@group-523986131536: inconsistency entries. Reply:omNode-2<-omNode-1#6838:FAIL-t9,INCONSISTENCY,nextIndex=11,followerCommit=10
2021-11-02 20:14:23,824 [grpc-default-executor-13] INFO  leader.FollowerInfo (FollowerInfoImpl.java:lambda$new$0(47)) - omNode-2@group-523986131536->omNode-1: nextIndex: updateUnconditionally 26 -> 11
2021-11-02 20:14:24,326 [grpc-default-executor-13] INFO  server.RaftServer$Division (RaftServerImpl.java:checkInconsistentAppendEntries(1322)) - omNode-1@group-523986131536: Failed appendEntries as previous log entry ((t:9, i:25)) is not found
2021-11-02 20:14:24,326 [grpc-default-executor-13] INFO  server.RaftServer$Division (RaftServerImpl.java:checkInconsistentAppendEntries(1288)) - omNode-1@group-523986131536: inconsistency entries. Reply:omNode-2<-omNode-1#6889:FAIL-t9,INCONSISTENCY,nextIndex=11,followerCommit=10
2021-11-02 20:14:24,327 [grpc-default-executor-13] INFO  leader.FollowerInfo (FollowerInfoImpl.java:lambda$new$0(47)) - omNode-2@group-523986131536->omNode-1: nextIndex: updateUnconditionally 26 -> 11
2021-11-02 20:14:24,828 [grpc-default-executor-13] INFO  server.RaftServer$Division (RaftServerImpl.java:checkInconsistentAppendEntries(1322)) - omNode-1@group-523986131536: Failed appendEntries as previous log entry ((t:9, i:25)) is not found
2021-11-02 20:14:24,829 [grpc-default-executor-13] INFO  server.RaftServer$Division (RaftServerImpl.java:checkInconsistentAppendEntries(1288)) - omNode-1@group-523986131536: inconsistency entries. Reply:omNode-2<-omNode-1#6940:FAIL-t9,INCONSISTENCY,nextIndex=11,followerCommit=10
2021-11-02 20:14:24,829 [grpc-default-executor-13] INFO  leader.FollowerInfo (FollowerInfoImpl.java:lambda$new$0(47)) - omNode-2@group-523986131536->omNode-1: nextIndex: updateUnconditionally 26 -> 11
2021-11-02 20:14:25,331 [grpc-default-executor-13] INFO  server.RaftServer$Division (RaftServerImpl.java:checkInconsistentAppendEntries(1322)) - omNode-1@group-523986131536: Failed appendEntries as previous log entry ((t:9, i:25)) is not found
2021-11-02 20:14:25,331 [grpc-default-executor-13] INFO  server.RaftServer$Division (RaftServerImpl.java:checkInconsistentAppendEntries(1288)) - omNode-1@group-523986131536: inconsistency entries. Reply:omNode-2<-omNode-1#6991:FAIL-t9,INCONSISTENCY,nextIndex=11,followerCommit=10
2021-11-02 20:14:25,331 [grpc-default-executor-13] INFO  leader.FollowerInfo (FollowerInfoImpl.java:lambda$new$0(47)) - omNode-2@group-523986131536->omNode-1: nextIndex: updateUnconditionally 26 -> 11
2021-11-02 20:14:25,834 [grpc-default-executor-13] INFO  server.RaftServer$Division (RaftServerImpl.java:checkInconsistentAppendEntries(1322)) - omNode-1@group-523986131536: Failed appendEntries as previous log entry ((t:9, i:25)) is not found
2021-11-02 20:14:25,834 [grpc-default-executor-13] INFO  server.RaftServer$Division (RaftServerImpl.java:checkInconsistentAppendEntries(1288)) - omNode-1@group-523986131536: inconsistency entries. Reply:omNode-2<-omNode-1#7041:FAIL-t9,INCONSISTENCY,nextIndex=11,followerCommit=10
2021-11-02 20:14:25,834 [grpc-default-executor-13] INFO  leader.FollowerInfo (FollowerInfoImpl.java:lambda$new$0(47)) - omNode-2@group-523986131536->omNode-1: nextIndex: updateUnconditionally 26 -> 11
2021-11-02 20:14:26,336 [grpc-default-executor-13] INFO  server.RaftServer$Division (RaftServerImpl.java:checkInconsistentAppendEntries(1322)) - omNode-1@group-523986131536: Failed appendEntries as previous log entry ((t:9, i:25)) is not found
2021-11-02 20:14:26,336 [grpc-default-executor-13] INFO  server.RaftServer$Division (RaftServerImpl.java:checkInconsistentAppendEntries(1288)) - omNode-1@group-523986131536: inconsistency entries. Reply:omNode-2<-omNode-1#7092:FAIL-t9,INCONSISTENCY,nextIndex=11,followerCommit=10
2021-11-02 20:14:26,336 [grpc-default-executor-13] INFO  leader.FollowerInfo (FollowerInfoImpl.java:lambda$new$0(47)) - omNode-2@group-523986131536->omNode-1: nextIndex: updateUnconditionally 26 -> 11
2021-11-02 20:14:26,838 [grpc-default-executor-13] INFO  server.RaftServer$Division (RaftServerImpl.java:checkInconsistentAppendEntries(1322)) - omNode-1@group-523986131536: Failed appendEntries as previous log entry ((t:9, i:25)) is not found
2021-11-02 20:14:26,838 [grpc-default-executor-13] INFO  server.RaftServer$Division (RaftServerImpl.java:checkInconsistentAppendEntries(1288)) - omNode-1@group-523986131536: inconsistency entries. Reply:omNode-2<-omNode-1#7143:FAIL-t9,INCONSISTENCY,nextIndex=11,followerCommit=10
2021-11-02 20:14:26,839 [grpc-default-executor-13] INFO  leader.FollowerInfo (FollowerInfoImpl.java:lambda$new$0(47)) - omNode-2@group-523986131536->omNode-1: nextIndex: updateUnconditionally 26 -> 11
2021-11-02 20:14:27,340 [grpc-default-executor-13] INFO  server.RaftServer$Division (RaftServerImpl.java:checkInconsistentAppendEntries(1322)) - omNode-1@group-523986131536: Failed appendEntries as previous log entry ((t:9, i:25)) is not found
2021-11-02 20:14:27,341 [grpc-default-executor-13] INFO  server.RaftServer$Division (RaftServerImpl.java:checkInconsistentAppendEntries(1288)) - omNode-1@group-523986131536: inconsistency entries. Reply:omNode-2<-omNode-1#7194:FAIL-t9,INCONSISTENCY,nextIndex=11,followerCommit=10
2021-11-02 20:14:27,344 [grpc-default-executor-13] INFO  leader.FollowerInfo (FollowerInfoImpl.java:lambda$new$0(47)) - omNode-2@group-523986131536->omNode-1: nextIndex: updateUnconditionally 26 -> 11
2021-11-02 20:14:27,847 [grpc-default-executor-13] INFO  server.RaftServer$Division (RaftServerImpl.java:checkInconsistentAppendEntries(1322)) - omNode-1@group-523986131536: Failed appendEntries as previous log entry ((t:9, i:25)) is not found
2021-11-02 20:14:27,847 [grpc-default-executor-13] INFO  server.RaftServer$Division (RaftServerImpl.java:checkInconsistentAppendEntries(1288)) - omNode-1@group-523986131536: inconsistency entries. Reply:omNode-2<-omNode-1#7245:FAIL-t9,INCONSISTENCY,nextIndex=11,followerCommit=10
2021-11-02 20:14:27,847 [grpc-default-executor-13] INFO  leader.FollowerInfo (FollowerInfoImpl.java:lambda$new$0(47)) - omNode-2@group-523986131536->omNode-1: nextIndex: updateUnconditionally 26 -> 11
2021-11-02 20:14:28,349 [grpc-default-executor-13] INFO  server.RaftServer$Division (RaftServerImpl.java:checkInconsistentAppendEntries(1322)) - omNode-1@group-523986131536: Failed appendEntries as previous log entry ((t:9, i:25)) is not found
2021-11-02 20:14:28,349 [grpc-default-executor-13] INFO  server.RaftServer$Division (RaftServerImpl.java:checkInconsistentAppendEntries(1288)) - omNode-1@group-523986131536: inconsistency entries. Reply:omNode-2<-omNode-1#7296:FAIL-t9,INCONSISTENCY,nextIndex=11,followerCommit=10
2021-11-02 20:14:28,350 [grpc-default-executor-13] INFO  leader.FollowerInfo (FollowerInfoImpl.java:lambda$new$0(47)) - omNode-2@group-523986131536->omNode-1: nextIndex: updateUnconditionally 26 -> 11
2021-11-02 20:14:28,851 [grpc-default-executor-13] INFO  server.RaftServer$Division (RaftServerImpl.java:checkInconsistentAppendEntries(1322)) - omNode-1@group-523986131536: Failed appendEntries as previous log entry ((t:9, i:25)) is not found
2021-11-02 20:14:28,852 [grpc-default-executor-13] INFO  server.RaftServer$Division (RaftServerImpl.java:checkInconsistentAppendEntries(1288)) - omNode-1@group-523986131536: inconsistency entries. Reply:omNode-2<-omNode-1#7347:FAIL-t9,INCONSISTENCY,nextIndex=11,followerCommit=10
2021-11-02 20:14:28,852 [grpc-default-executor-13] INFO  leader.FollowerInfo (FollowerInfoImpl.java:lambda$new$0(47)) - omNode-2@group-523986131536->omNode-1: nextIndex: updateUnconditionally 26 -> 11
2021-11-02 20:14:29,354 [grpc-default-executor-13] INFO  server.RaftServer$Division (RaftServerImpl.java:checkInconsistentAppendEntries(1322)) - omNode-1@group-523986131536: Failed appendEntries as previous log entry ((t:9, i:25)) is not found
2021-11-02 20:14:29,354 [grpc-default-executor-13] INFO  server.RaftServer$Division (RaftServerImpl.java:checkInconsistentAppendEntries(1288)) - omNode-1@group-523986131536: inconsistency entries. Reply:omNode-2<-omNode-1#7398:FAIL-t9,INCONSISTENCY,nextIndex=11,followerCommit=10
2021-11-02 20:14:29,354 [grpc-default-executor-13] INFO  leader.FollowerInfo (FollowerInfoImpl.java:lambda$new$0(47)) - omNode-2@group-523986131536->omNode-1: nextIndex: updateUnconditionally 26 -> 11
2021-11-02 20:14:29,857 [grpc-default-executor-13] INFO  server.RaftServer$Division (RaftServerImpl.java:checkInconsistentAppendEntries(1322)) - omNode-1@group-523986131536: Failed appendEntries as previous log entry ((t:9, i:25)) is not found
2021-11-02 20:14:29,857 [grpc-default-executor-13] INFO  server.RaftServer$Division (RaftServerImpl.java:checkInconsistentAppendEntries(1288)) - omNode-1@group-523986131536: inconsistency entries. Reply:omNode-2<-omNode-1#7449:FAIL-t9,INCONSISTENCY,nextIndex=11,followerCommit=10
2021-11-02 20:14:29,857 [grpc-default-executor-13] INFO  leader.FollowerInfo (FollowerInfoImpl.java:lambda$new$0(47)) - omNode-2@group-523986131536->omNode-1: nextIndex: updateUnconditionally 26 -> 11
2021-11-02 20:14:30,359 [grpc-default-executor-13] INFO  server.RaftServer$Division (RaftServerImpl.java:checkInconsistentAppendEntries(1322)) - omNode-1@group-523986131536: Failed appendEntries as previous log entry ((t:9, i:25)) is not found
2021-11-02 20:14:30,360 [grpc-default-executor-13] INFO  server.RaftServer$Division (RaftServerImpl.java:checkInconsistentAppendEntries(1288)) - omNode-1@group-523986131536: inconsistency entries. Reply:omNode-2<-omNode-1#7500:FAIL-t9,INCONSISTENCY,nextIndex=11,followerCommit=10
2021-11-02 20:14:30,360 [grpc-default-executor-13] INFO  leader.FollowerInfo (FollowerInfoImpl.java:lambda$new$0(47)) - omNode-2@group-523986131536->omNode-1: nextIndex: updateUnconditionally 26 -> 11
2021-11-02 20:14:30,862 [grpc-default-executor-13] INFO  server.RaftServer$Division (RaftServerImpl.java:checkInconsistentAppendEntries(1322)) - omNode-1@group-523986131536: Failed appendEntries as previous log entry ((t:9, i:25)) is not found
2021-11-02 20:14:30,862 [grpc-default-executor-13] INFO  server.RaftServer$Division (RaftServerImpl.java:checkInconsistentAppendEntries(1288)) - omNode-1@group-523986131536: inconsistency entries. Reply:omNode-2<-omNode-1#7551:FAIL-t9,INCONSISTENCY,nextIndex=11,followerCommit=10
2021-11-02 20:14:30,862 [grpc-default-executor-13] INFO  leader.FollowerInfo (FollowerInfoImpl.java:lambda$new$0(47)) - omNode-2@group-523986131536->omNode-1: nextIndex: updateUnconditionally 26 -> 11
2021-11-02 20:14:31,365 [grpc-default-executor-13] INFO  server.RaftServer$Division (RaftServerImpl.java:checkInconsistentAppendEntries(1322)) - omNode-1@group-523986131536: Failed appendEntries as previous log entry ((t:9, i:25)) is not found
2021-11-02 20:14:31,365 [grpc-default-executor-13] INFO  server.RaftServer$Division (RaftServerImpl.java:checkInconsistentAppendEntries(1288)) - omNode-1@group-523986131536: inconsistency entries. Reply:omNode-2<-omNode-1#7602:FAIL-t9,INCONSISTENCY,nextIndex=11,followerCommit=10
2021-11-02 20:14:31,365 [grpc-default-executor-13] INFO  leader.FollowerInfo (FollowerInfoImpl.java:lambda$new$0(47)) - omNode-2@group-523986131536->omNode-1: nextIndex: updateUnconditionally 26 -> 11
2021-11-02 20:14:31,867 [grpc-default-executor-13] INFO  server.RaftServer$Division (RaftServerImpl.java:checkInconsistentAppendEntries(1322)) - omNode-1@group-523986131536: Failed appendEntries as previous log entry ((t:9, i:25)) is not found
2021-11-02 20:14:31,867 [grpc-default-executor-13] INFO  server.RaftServer$Division (RaftServerImpl.java:checkInconsistentAppendEntries(1288)) - omNode-1@group-523986131536: inconsistency entries. Reply:omNode-2<-omNode-1#7653:FAIL-t9,INCONSISTENCY,nextIndex=11,followerCommit=10
2021-11-02 20:14:31,868 [grpc-default-executor-13] INFO  leader.FollowerInfo (FollowerInfoImpl.java:lambda$new$0(47)) - omNode-2@group-523986131536->omNode-1: nextIndex: updateUnconditionally 26 -> 11
2021-11-02 20:14:32,370 [grpc-default-executor-13] INFO  server.RaftServer$Division (RaftServerImpl.java:checkInconsistentAppendEntries(1322)) - omNode-1@group-523986131536: Failed appendEntries as previous log entry ((t:9, i:25)) is not found
2021-11-02 20:14:32,370 [grpc-default-executor-13] INFO  server.RaftServer$Division (RaftServerImpl.java:checkInconsistentAppendEntries(1288)) - omNode-1@group-523986131536: inconsistency entries. Reply:omNode-2<-omNode-1#7704:FAIL-t9,INCONSISTENCY,nextIndex=11,followerCommit=10
2021-11-02 20:14:32,370 [grpc-default-executor-13] INFO  leader.FollowerInfo (FollowerInfoImpl.java:lambda$new$0(47)) - omNode-2@group-523986131536->omNode-1: nextIndex: updateUnconditionally 26 -> 11
2021-11-02 20:14:32,873 [grpc-default-executor-13] INFO  server.RaftServer$Division (RaftServerImpl.java:checkInconsistentAppendEntries(1322)) - omNode-1@group-523986131536: Failed appendEntries as previous log entry ((t:9, i:25)) is not found
2021-11-02 20:14:32,873 [grpc-default-executor-13] INFO  server.RaftServer$Division (RaftServerImpl.java:checkInconsistentAppendEntries(1288)) - omNode-1@group-523986131536: inconsistency entries. Reply:omNode-2<-omNode-1#7755:FAIL-t9,INCONSISTENCY,nextIndex=11,followerCommit=10
2021-11-02 20:14:32,873 [grpc-default-executor-13] INFO  leader.FollowerInfo (FollowerInfoImpl.java:lambda$new$0(47)) - omNode-2@group-523986131536->omNode-1: nextIndex: updateUnconditionally 26 -> 11
2021-11-02 20:14:33,375 [grpc-default-executor-13] INFO  server.RaftServer$Division (RaftServerImpl.java:checkInconsistentAppendEntries(1322)) - omNode-1@group-523986131536: Failed appendEntries as previous log entry ((t:9, i:25)) is not found
2021-11-02 20:14:33,375 [grpc-default-executor-13] INFO  server.RaftServer$Division (RaftServerImpl.java:checkInconsistentAppendEntries(1288)) - omNode-1@group-523986131536: inconsistency entries. Reply:omNode-2<-omNode-1#7806:FAIL-t9,INCONSISTENCY,nextIndex=11,followerCommit=10
2021-11-02 20:14:33,376 [grpc-default-executor-13] INFO  leader.FollowerInfo (FollowerInfoImpl.java:lambda$new$0(47)) - omNode-2@group-523986131536->omNode-1: nextIndex: updateUnconditionally 26 -> 11
2021-11-02 20:14:33,878 [grpc-default-executor-13] INFO  server.RaftServer$Division (RaftServerImpl.java:checkInconsistentAppendEntries(1322)) - omNode-1@group-523986131536: Failed appendEntries as previous log entry ((t:9, i:25)) is not found
2021-11-02 20:14:33,878 [grpc-default-executor-13] INFO  server.RaftServer$Division (RaftServerImpl.java:checkInconsistentAppendEntries(1288)) - omNode-1@group-523986131536: inconsistency entries. Reply:omNode-2<-omNode-1#7857:FAIL-t9,INCONSISTENCY,nextIndex=11,followerCommit=10
2021-11-02 20:14:33,878 [grpc-default-executor-13] INFO  leader.FollowerInfo (FollowerInfoImpl.java:lambda$new$0(47)) - omNode-2@group-523986131536->omNode-1: nextIndex: updateUnconditionally 26 -> 11
2021-11-02 20:14:34,380 [grpc-default-executor-6] INFO  server.RaftServer$Division (RaftServerImpl.java:checkInconsistentAppendEntries(1322)) - omNode-1@group-523986131536: Failed appendEntries as previous log entry ((t:9, i:25)) is not found
2021-11-02 20:14:34,380 [grpc-default-executor-6] INFO  server.RaftServer$Division (RaftServerImpl.java:checkInconsistentAppendEntries(1288)) - omNode-1@group-523986131536: inconsistency entries. Reply:omNode-2<-omNode-1#7908:FAIL-t9,INCONSISTENCY,nextIndex=11,followerCommit=10
2021-11-02 20:14:34,381 [grpc-default-executor-6] INFO  leader.FollowerInfo (FollowerInfoImpl.java:lambda$new$0(47)) - omNode-2@group-523986131536->omNode-1: nextIndex: updateUnconditionally 26 -> 11
2021-11-02 20:14:34,883 [grpc-default-executor-6] INFO  server.RaftServer$Division (RaftServerImpl.java:checkInconsistentAppendEntries(1322)) - omNode-1@group-523986131536: Failed appendEntries as previous log entry ((t:9, i:25)) is not found
2021-11-02 20:14:34,883 [grpc-default-executor-6] INFO  server.RaftServer$Division (RaftServerImpl.java:checkInconsistentAppendEntries(1288)) - omNode-1@group-523986131536: inconsistency entries. Reply:omNode-2<-omNode-1#7959:FAIL-t9,INCONSISTENCY,nextIndex=11,followerCommit=10
2021-11-02 20:14:34,883 [grpc-default-executor-6] INFO  leader.FollowerInfo (FollowerInfoImpl.java:lambda$new$0(47)) - omNode-2@group-523986131536->omNode-1: nextIndex: updateUnconditionally 26 -> 11
2021-11-02 20:14:35,385 [grpc-default-executor-6] INFO  server.RaftServer$Division (RaftServerImpl.java:checkInconsistentAppendEntries(1322)) - omNode-1@group-523986131536: Failed appendEntries as previous log entry ((t:9, i:25)) is not found
2021-11-02 20:14:35,386 [grpc-default-executor-6] INFO  server.RaftServer$Division (RaftServerImpl.java:checkInconsistentAppendEntries(1288)) - omNode-1@group-523986131536: inconsistency entries. Reply:omNode-2<-omNode-1#8010:FAIL-t9,INCONSISTENCY,nextIndex=11,followerCommit=10
2021-11-02 20:14:35,386 [grpc-default-executor-6] INFO  leader.FollowerInfo (FollowerInfoImpl.java:lambda$new$0(47)) - omNode-2@group-523986131536->omNode-1: nextIndex: updateUnconditionally 26 -> 11
2021-11-02 20:14:35,889 [grpc-default-executor-6] INFO  server.RaftServer$Division (RaftServerImpl.java:checkInconsistentAppendEntries(1322)) - omNode-1@group-523986131536: Failed appendEntries as previous log entry ((t:9, i:25)) is not found
2021-11-02 20:14:35,889 [grpc-default-executor-6] INFO  server.RaftServer$Division (RaftServerImpl.java:checkInconsistentAppendEntries(1288)) - omNode-1@group-523986131536: inconsistency entries. Reply:omNode-2<-omNode-1#8061:FAIL-t9,INCONSISTENCY,nextIndex=11,followerCommit=10
2021-11-02 20:14:35,889 [grpc-default-executor-6] INFO  leader.FollowerInfo (FollowerInfoImpl.java:lambda$new$0(47)) - omNode-2@group-523986131536->omNode-1: nextIndex: updateUnconditionally 26 -> 11
2021-11-02 20:14:36,392 [grpc-default-executor-6] INFO  server.RaftServer$Division (RaftServerImpl.java:checkInconsistentAppendEntries(1322)) - omNode-1@group-523986131536: Failed appendEntries as previous log entry ((t:9, i:25)) is not found
2021-11-02 20:14:36,392 [grpc-default-executor-6] INFO  server.RaftServer$Division (RaftServerImpl.java:checkInconsistentAppendEntries(1288)) - omNode-1@group-523986131536: inconsistency entries. Reply:omNode-2<-omNode-1#8112:FAIL-t9,INCONSISTENCY,nextIndex=11,followerCommit=10
2021-11-02 20:14:36,393 [grpc-default-executor-6] INFO  leader.FollowerInfo (FollowerInfoImpl.java:lambda$new$0(47)) - omNode-2@group-523986131536->omNode-1: nextIndex: updateUnconditionally 26 -> 11
2021-11-02 20:14:36,895 [grpc-default-executor-6] INFO  server.RaftServer$Division (RaftServerImpl.java:checkInconsistentAppendEntries(1322)) - omNode-1@group-523986131536: Failed appendEntries as previous log entry ((t:9, i:25)) is not found
2021-11-02 20:14:36,895 [grpc-default-executor-6] INFO  server.RaftServer$Division (RaftServerImpl.java:checkInconsistentAppendEntries(1288)) - omNode-1@group-523986131536: inconsistency entries. Reply:omNode-2<-omNode-1#8163:FAIL-t9,INCONSISTENCY,nextIndex=11,followerCommit=10
2021-11-02 20:14:36,896 [grpc-default-executor-6] INFO  leader.FollowerInfo (FollowerInfoImpl.java:lambda$new$0(47)) - omNode-2@group-523986131536->omNode-1: nextIndex: updateUnconditionally 26 -> 11
2021-11-02 20:14:37,398 [grpc-default-executor-6] INFO  server.RaftServer$Division (RaftServerImpl.java:checkInconsistentAppendEntries(1322)) - omNode-1@group-523986131536: Failed appendEntries as previous log entry ((t:9, i:25)) is not found
2021-11-02 20:14:37,398 [grpc-default-executor-6] INFO  server.RaftServer$Division (RaftServerImpl.java:checkInconsistentAppendEntries(1288)) - omNode-1@group-523986131536: inconsistency entries. Reply:omNode-2<-omNode-1#8214:FAIL-t9,INCONSISTENCY,nextIndex=11,followerCommit=10
2021-11-02 20:14:37,399 [grpc-default-executor-6] INFO  leader.FollowerInfo (FollowerInfoImpl.java:lambda$new$0(47)) - omNode-2@group-523986131536->omNode-1: nextIndex: updateUnconditionally 26 -> 11
2021-11-02 20:14:37,901 [grpc-default-executor-6] INFO  server.RaftServer$Division (RaftServerImpl.java:checkInconsistentAppendEntries(1322)) - omNode-1@group-523986131536: Failed appendEntries as previous log entry ((t:9, i:25)) is not found
2021-11-02 20:14:37,901 [grpc-default-executor-6] INFO  server.RaftServer$Division (RaftServerImpl.java:checkInconsistentAppendEntries(1288)) - omNode-1@group-523986131536: inconsistency entries. Reply:omNode-2<-omNode-1#8265:FAIL-t9,INCONSISTENCY,nextIndex=11,followerCommit=10
2021-11-02 20:14:37,901 [grpc-default-executor-6] INFO  leader.FollowerInfo (FollowerInfoImpl.java:lambda$new$0(47)) - omNode-2@group-523986131536->omNode-1: nextIndex: updateUnconditionally 26 -> 11
2021-11-02 20:14:38,403 [grpc-default-executor-6] INFO  server.RaftServer$Division (RaftServerImpl.java:checkInconsistentAppendEntries(1322)) - omNode-1@group-523986131536: Failed appendEntries as previous log entry ((t:9, i:25)) is not found
2021-11-02 20:14:38,404 [grpc-default-executor-6] INFO  server.RaftServer$Division (RaftServerImpl.java:checkInconsistentAppendEntries(1288)) - omNode-1@group-523986131536: inconsistency entries. Reply:omNode-2<-omNode-1#8316:FAIL-t9,INCONSISTENCY,nextIndex=11,followerCommit=10
2021-11-02 20:14:38,404 [grpc-default-executor-6] INFO  leader.FollowerInfo (FollowerInfoImpl.java:lambda$new$0(47)) - omNode-2@group-523986131536->omNode-1: nextIndex: updateUnconditionally 26 -> 11
2021-11-02 20:14:38,906 [grpc-default-executor-13] INFO  server.RaftServer$Division (RaftServerImpl.java:checkInconsistentAppendEntries(1322)) - omNode-1@group-523986131536: Failed appendEntries as previous log entry ((t:9, i:25)) is not found
2021-11-02 20:14:38,906 [grpc-default-executor-13] INFO  server.RaftServer$Division (RaftServerImpl.java:checkInconsistentAppendEntries(1288)) - omNode-1@group-523986131536: inconsistency entries. Reply:omNode-2<-omNode-1#8367:FAIL-t9,INCONSISTENCY,nextIndex=11,followerCommit=10
2021-11-02 20:14:38,907 [grpc-default-executor-13] INFO  leader.FollowerInfo (FollowerInfoImpl.java:lambda$new$0(47)) - omNode-2@group-523986131536->omNode-1: nextIndex: updateUnconditionally 26 -> 11
2021-11-02 20:14:39,409 [grpc-default-executor-13] INFO  server.RaftServer$Division (RaftServerImpl.java:checkInconsistentAppendEntries(1322)) - omNode-1@group-523986131536: Failed appendEntries as previous log entry ((t:9, i:25)) is not found
2021-11-02 20:14:39,409 [grpc-default-executor-13] INFO  server.RaftServer$Division (RaftServerImpl.java:checkInconsistentAppendEntries(1288)) - omNode-1@group-523986131536: inconsistency entries. Reply:omNode-2<-omNode-1#8418:FAIL-t9,INCONSISTENCY,nextIndex=11,followerCommit=10
2021-11-02 20:14:39,409 [grpc-default-executor-13] INFO  leader.FollowerInfo (FollowerInfoImpl.java:lambda$new$0(47)) - omNode-2@group-523986131536->omNode-1: nextIndex: updateUnconditionally 26 -> 11
2021-11-02 20:14:39,911 [grpc-default-executor-13] INFO  server.RaftServer$Division (RaftServerImpl.java:checkInconsistentAppendEntries(1322)) - omNode-1@group-523986131536: Failed appendEntries as previous log entry ((t:9, i:25)) is not found
2021-11-02 20:14:39,911 [grpc-default-executor-13] INFO  server.RaftServer$Division (RaftServerImpl.java:checkInconsistentAppendEntries(1288)) - omNode-1@group-523986131536: inconsistency entries. Reply:omNode-2<-omNode-1#8469:FAIL-t9,INCONSISTENCY,nextIndex=11,followerCommit=10
2021-11-02 20:14:39,912 [grpc-default-executor-13] INFO  leader.FollowerInfo (FollowerInfoImpl.java:lambda$new$0(47)) - omNode-2@group-523986131536->omNode-1: nextIndex: updateUnconditionally 26 -> 11
2021-11-02 20:14:40,413 [grpc-default-executor-13] INFO  server.RaftServer$Division (RaftServerImpl.java:checkInconsistentAppendEntries(1322)) - omNode-1@group-523986131536: Failed appendEntries as previous log entry ((t:9, i:25)) is not found
2021-11-02 20:14:40,413 [grpc-default-executor-13] INFO  server.RaftServer$Division (RaftServerImpl.java:checkInconsistentAppendEntries(1288)) - omNode-1@group-523986131536: inconsistency entries. Reply:omNode-2<-omNode-1#8520:FAIL-t9,INCONSISTENCY,nextIndex=11,followerCommit=10
2021-11-02 20:14:40,414 [grpc-default-executor-13] INFO  leader.FollowerInfo (FollowerInfoImpl.java:lambda$new$0(47)) - omNode-2@group-523986131536->omNode-1: nextIndex: updateUnconditionally 26 -> 11
2021-11-02 20:14:40,916 [grpc-default-executor-13] INFO  server.RaftServer$Division (RaftServerImpl.java:checkInconsistentAppendEntries(1322)) - omNode-1@group-523986131536: Failed appendEntries as previous log entry ((t:9, i:25)) is not found
2021-11-02 20:14:40,917 [grpc-default-executor-13] INFO  server.RaftServer$Division (RaftServerImpl.java:checkInconsistentAppendEntries(1288)) - omNode-1@group-523986131536: inconsistency entries. Reply:omNode-2<-omNode-1#8571:FAIL-t9,INCONSISTENCY,nextIndex=11,followerCommit=10
2021-11-02 20:14:40,917 [grpc-default-executor-13] INFO  leader.FollowerInfo (FollowerInfoImpl.java:lambda$new$0(47)) - omNode-2@group-523986131536->omNode-1: nextIndex: updateUnconditionally 26 -> 11
2021-11-02 20:14:41,419 [grpc-default-executor-6] INFO  server.RaftServer$Division (RaftServerImpl.java:checkInconsistentAppendEntries(1322)) - omNode-1@group-523986131536: Failed appendEntries as previous log entry ((t:9, i:25)) is not found
2021-11-02 20:14:41,419 [grpc-default-executor-6] INFO  server.RaftServer$Division (RaftServerImpl.java:checkInconsistentAppendEntries(1288)) - omNode-1@group-523986131536: inconsistency entries. Reply:omNode-2<-omNode-1#8622:FAIL-t9,INCONSISTENCY,nextIndex=11,followerCommit=10
2021-11-02 20:14:41,420 [grpc-default-executor-6] INFO  leader.FollowerInfo (FollowerInfoImpl.java:lambda$new$0(47)) - omNode-2@group-523986131536->omNode-1: nextIndex: updateUnconditionally 26 -> 11
2021-11-02 20:14:41,921 [grpc-default-executor-6] INFO  server.RaftServer$Division (RaftServerImpl.java:checkInconsistentAppendEntries(1322)) - omNode-1@group-523986131536: Failed appendEntries as previous log entry ((t:9, i:25)) is not found
2021-11-02 20:14:41,922 [grpc-default-executor-6] INFO  server.RaftServer$Division (RaftServerImpl.java:checkInconsistentAppendEntries(1288)) - omNode-1@group-523986131536: inconsistency entries. Reply:omNode-2<-omNode-1#8673:FAIL-t9,INCONSISTENCY,nextIndex=11,followerCommit=10
2021-11-02 20:14:41,922 [grpc-default-executor-6] INFO  leader.FollowerInfo (FollowerInfoImpl.java:lambda$new$0(47)) - omNode-2@group-523986131536->omNode-1: nextIndex: updateUnconditionally 26 -> 11
2021-11-02 20:14:42,424 [grpc-default-executor-6] INFO  server.RaftServer$Division (RaftServerImpl.java:checkInconsistentAppendEntries(1322)) - omNode-1@group-523986131536: Failed appendEntries as previous log entry ((t:9, i:25)) is not found
2021-11-02 20:14:42,424 [grpc-default-executor-6] INFO  server.RaftServer$Division (RaftServerImpl.java:checkInconsistentAppendEntries(1288)) - omNode-1@group-523986131536: inconsistency entries. Reply:omNode-2<-omNode-1#8724:FAIL-t9,INCONSISTENCY,nextIndex=11,followerCommit=10
2021-11-02 20:14:42,425 [grpc-default-executor-6] INFO  leader.FollowerInfo (FollowerInfoImpl.java:lambda$new$0(47)) - omNode-2@group-523986131536->omNode-1: nextIndex: updateUnconditionally 26 -> 11
2021-11-02 20:14:42,927 [grpc-default-executor-6] INFO  server.RaftServer$Division (RaftServerImpl.java:checkInconsistentAppendEntries(1322)) - omNode-1@group-523986131536: Failed appendEntries as previous log entry ((t:9, i:25)) is not found
2021-11-02 20:14:42,927 [grpc-default-executor-6] INFO  server.RaftServer$Division (RaftServerImpl.java:checkInconsistentAppendEntries(1288)) - omNode-1@group-523986131536: inconsistency entries. Reply:omNode-2<-omNode-1#8775:FAIL-t9,INCONSISTENCY,nextIndex=11,followerCommit=10
2021-11-02 20:14:42,928 [grpc-default-executor-6] INFO  leader.FollowerInfo (FollowerInfoImpl.java:lambda$new$0(47)) - omNode-2@group-523986131536->omNode-1: nextIndex: updateUnconditionally 26 -> 11
2021-11-02 20:14:43,430 [grpc-default-executor-6] INFO  server.RaftServer$Division (RaftServerImpl.java:checkInconsistentAppendEntries(1322)) - omNode-1@group-523986131536: Failed appendEntries as previous log entry ((t:9, i:25)) is not found
2021-11-02 20:14:43,430 [grpc-default-executor-6] INFO  server.RaftServer$Division (RaftServerImpl.java:checkInconsistentAppendEntries(1288)) - omNode-1@group-523986131536: inconsistency entries. Reply:omNode-2<-omNode-1#8826:FAIL-t9,INCONSISTENCY,nextIndex=11,followerCommit=10
2021-11-02 20:14:43,430 [grpc-default-executor-6] INFO  leader.FollowerInfo (FollowerInfoImpl.java:lambda$new$0(47)) - omNode-2@group-523986131536->omNode-1: nextIndex: updateUnconditionally 26 -> 11
2021-11-02 20:14:43,932 [grpc-default-executor-6] INFO  server.RaftServer$Division (RaftServerImpl.java:checkInconsistentAppendEntries(1322)) - omNode-1@group-523986131536: Failed appendEntries as previous log entry ((t:9, i:25)) is not found
2021-11-02 20:14:43,932 [grpc-default-executor-6] INFO  server.RaftServer$Division (RaftServerImpl.java:checkInconsistentAppendEntries(1288)) - omNode-1@group-523986131536: inconsistency entries. Reply:omNode-2<-omNode-1#8877:FAIL-t9,INCONSISTENCY,nextIndex=11,followerCommit=10
2021-11-02 20:14:43,933 [grpc-default-executor-6] INFO  leader.FollowerInfo (FollowerInfoImpl.java:lambda$new$0(47)) - omNode-2@group-523986131536->omNode-1: nextIndex: updateUnconditionally 26 -> 11
2021-11-02 20:14:44,435 [grpc-default-executor-6] INFO  server.RaftServer$Division (RaftServerImpl.java:checkInconsistentAppendEntries(1322)) - omNode-1@group-523986131536: Failed appendEntries as previous log entry ((t:9, i:25)) is not found
2021-11-02 20:14:44,435 [grpc-default-executor-6] INFO  server.RaftServer$Division (RaftServerImpl.java:checkInconsistentAppendEntries(1288)) - omNode-1@group-523986131536: inconsistency entries. Reply:omNode-2<-omNode-1#8928:FAIL-t9,INCONSISTENCY,nextIndex=11,followerCommit=10
2021-11-02 20:14:44,435 [grpc-default-executor-6] INFO  leader.FollowerInfo (FollowerInfoImpl.java:lambda$new$0(47)) - omNode-2@group-523986131536->omNode-1: nextIndex: updateUnconditionally 26 -> 11
2021-11-02 20:14:44,937 [grpc-default-executor-6] INFO  server.RaftServer$Division (RaftServerImpl.java:checkInconsistentAppendEntries(1322)) - omNode-1@group-523986131536: Failed appendEntries as previous log entry ((t:9, i:25)) is not found
2021-11-02 20:14:44,938 [grpc-default-executor-6] INFO  server.RaftServer$Division (RaftServerImpl.java:checkInconsistentAppendEntries(1288)) - omNode-1@group-523986131536: inconsistency entries. Reply:omNode-2<-omNode-1#8979:FAIL-t9,INCONSISTENCY,nextIndex=11,followerCommit=10
2021-11-02 20:14:44,938 [grpc-default-executor-6] INFO  leader.FollowerInfo (FollowerInfoImpl.java:lambda$new$0(47)) - omNode-2@group-523986131536->omNode-1: nextIndex: updateUnconditionally 26 -> 11
2021-11-02 20:14:45,440 [grpc-default-executor-6] INFO  server.RaftServer$Division (RaftServerImpl.java:checkInconsistentAppendEntries(1322)) - omNode-1@group-523986131536: Failed appendEntries as previous log entry ((t:9, i:25)) is not found
2021-11-02 20:14:45,440 [grpc-default-executor-6] INFO  server.RaftServer$Division (RaftServerImpl.java:checkInconsistentAppendEntries(1288)) - omNode-1@group-523986131536: inconsistency entries. Reply:omNode-2<-omNode-1#9030:FAIL-t9,INCONSISTENCY,nextIndex=11,followerCommit=10
2021-11-02 20:14:45,441 [grpc-default-executor-6] INFO  leader.FollowerInfo (FollowerInfoImpl.java:lambda$new$0(47)) - omNode-2@group-523986131536->omNode-1: nextIndex: updateUnconditionally 26 -> 11
2021-11-02 20:14:45,943 [grpc-default-executor-6] INFO  server.RaftServer$Division (RaftServerImpl.java:checkInconsistentAppendEntries(1322)) - omNode-1@group-523986131536: Failed appendEntries as previous log entry ((t:9, i:25)) is not found
2021-11-02 20:14:45,943 [grpc-default-executor-6] INFO  server.RaftServer$Division (RaftServerImpl.java:checkInconsistentAppendEntries(1288)) - omNode-1@group-523986131536: inconsistency entries. Reply:omNode-2<-omNode-1#9081:FAIL-t9,INCONSISTENCY,nextIndex=11,followerCommit=10
2021-11-02 20:14:45,943 [grpc-default-executor-6] INFO  leader.FollowerInfo (FollowerInfoImpl.java:lambda$new$0(47)) - omNode-2@group-523986131536->omNode-1: nextIndex: updateUnconditionally 26 -> 11
2021-11-02 20:14:46,445 [grpc-default-executor-13] INFO  server.RaftServer$Division (RaftServerImpl.java:checkInconsistentAppendEntries(1322)) - omNode-1@group-523986131536: Failed appendEntries as previous log entry ((t:9, i:25)) is not found
2021-11-02 20:14:46,445 [grpc-default-executor-13] INFO  server.RaftServer$Division (RaftServerImpl.java:checkInconsistentAppendEntries(1288)) - omNode-1@group-523986131536: inconsistency entries. Reply:omNode-2<-omNode-1#9132:FAIL-t9,INCONSISTENCY,nextIndex=11,followerCommit=10
2021-11-02 20:14:46,445 [grpc-default-executor-13] INFO  leader.FollowerInfo (FollowerInfoImpl.java:lambda$new$0(47)) - omNode-2@group-523986131536->omNode-1: nextIndex: updateUnconditionally 26 -> 11
2021-11-02 20:14:46,947 [grpc-default-executor-6] INFO  server.RaftServer$Division (RaftServerImpl.java:checkInconsistentAppendEntries(1322)) - omNode-1@group-523986131536: Failed appendEntries as previous log entry ((t:9, i:25)) is not found
2021-11-02 20:14:46,947 [grpc-default-executor-6] INFO  server.RaftServer$Division (RaftServerImpl.java:checkInconsistentAppendEntries(1288)) - omNode-1@group-523986131536: inconsistency entries. Reply:omNode-2<-omNode-1#9183:FAIL-t9,INCONSISTENCY,nextIndex=11,followerCommit=10
2021-11-02 20:14:46,948 [grpc-default-executor-6] INFO  leader.FollowerInfo (FollowerInfoImpl.java:lambda$new$0(47)) - omNode-2@group-523986131536->omNode-1: nextIndex: updateUnconditionally 26 -> 11
2021-11-02 20:14:47,450 [grpc-default-executor-6] INFO  server.RaftServer$Division (RaftServerImpl.java:checkInconsistentAppendEntries(1322)) - omNode-1@group-523986131536: Failed appendEntries as previous log entry ((t:9, i:25)) is not found
2021-11-02 20:14:47,450 [grpc-default-executor-6] INFO  server.RaftServer$Division (RaftServerImpl.java:checkInconsistentAppendEntries(1288)) - omNode-1@group-523986131536: inconsistency entries. Reply:omNode-2<-omNode-1#9234:FAIL-t9,INCONSISTENCY,nextIndex=11,followerCommit=10
2021-11-02 20:14:47,451 [grpc-default-executor-6] INFO  leader.FollowerInfo (FollowerInfoImpl.java:lambda$new$0(47)) - omNode-2@group-523986131536->omNode-1: nextIndex: updateUnconditionally 26 -> 11
2021-11-02 20:14:47,952 [grpc-default-executor-6] INFO  server.RaftServer$Division (RaftServerImpl.java:checkInconsistentAppendEntries(1322)) - omNode-1@group-523986131536: Failed appendEntries as previous log entry ((t:9, i:25)) is not found
2021-11-02 20:14:47,952 [grpc-default-executor-6] INFO  server.RaftServer$Division (RaftServerImpl.java:checkInconsistentAppendEntries(1288)) - omNode-1@group-523986131536: inconsistency entries. Reply:omNode-2<-omNode-1#9285:FAIL-t9,INCONSISTENCY,nextIndex=11,followerCommit=10
2021-11-02 20:14:47,953 [grpc-default-executor-6] INFO  leader.FollowerInfo (FollowerInfoImpl.java:lambda$new$0(47)) - omNode-2@group-523986131536->omNode-1: nextIndex: updateUnconditionally 26 -> 11
2021-11-02 20:14:48,455 [grpc-default-executor-6] INFO  server.RaftServer$Division (RaftServerImpl.java:checkInconsistentAppendEntries(1322)) - omNode-1@group-523986131536: Failed appendEntries as previous log entry ((t:9, i:25)) is not found
2021-11-02 20:14:48,455 [grpc-default-executor-6] INFO  server.RaftServer$Division (RaftServerImpl.java:checkInconsistentAppendEntries(1288)) - omNode-1@group-523986131536: inconsistency entries. Reply:omNode-2<-omNode-1#9336:FAIL-t9,INCONSISTENCY,nextIndex=11,followerCommit=10
2021-11-02 20:14:48,456 [grpc-default-executor-6] INFO  leader.FollowerInfo (FollowerInfoImpl.java:lambda$new$0(47)) - omNode-2@group-523986131536->omNode-1: nextIndex: updateUnconditionally 26 -> 11
2021-11-02 20:14:48,957 [grpc-default-executor-13] INFO  server.RaftServer$Division (RaftServerImpl.java:checkInconsistentAppendEntries(1322)) - omNode-1@group-523986131536: Failed appendEntries as previous log entry ((t:9, i:25)) is not found
2021-11-02 20:14:48,958 [grpc-default-executor-13] INFO  server.RaftServer$Division (RaftServerImpl.java:checkInconsistentAppendEntries(1288)) - omNode-1@group-523986131536: inconsistency entries. Reply:omNode-2<-omNode-1#9387:FAIL-t9,INCONSISTENCY,nextIndex=11,followerCommit=10
2021-11-02 20:14:48,958 [grpc-default-executor-13] INFO  leader.FollowerInfo (FollowerInfoImpl.java:lambda$new$0(47)) - omNode-2@group-523986131536->omNode-1: nextIndex: updateUnconditionally 26 -> 11
2021-11-02 20:14:49,460 [grpc-default-executor-6] INFO  server.RaftServer$Division (RaftServerImpl.java:checkInconsistentAppendEntries(1322)) - omNode-1@group-523986131536: Failed appendEntries as previous log entry ((t:9, i:25)) is not found
2021-11-02 20:14:49,461 [grpc-default-executor-6] INFO  server.RaftServer$Division (RaftServerImpl.java:checkInconsistentAppendEntries(1288)) - omNode-1@group-523986131536: inconsistency entries. Reply:omNode-2<-omNode-1#9438:FAIL-t9,INCONSISTENCY,nextIndex=11,followerCommit=10
2021-11-02 20:14:49,461 [grpc-default-executor-6] INFO  leader.FollowerInfo (FollowerInfoImpl.java:lambda$new$0(47)) - omNode-2@group-523986131536->omNode-1: nextIndex: updateUnconditionally 26 -> 11
2021-11-02 20:14:49,963 [grpc-default-executor-6] INFO  server.RaftServer$Division (RaftServerImpl.java:checkInconsistentAppendEntries(1322)) - omNode-1@group-523986131536: Failed appendEntries as previous log entry ((t:9, i:25)) is not found
2021-11-02 20:14:49,963 [grpc-default-executor-6] INFO  server.RaftServer$Division (RaftServerImpl.java:checkInconsistentAppendEntries(1288)) - omNode-1@group-523986131536: inconsistency entries. Reply:omNode-2<-omNode-1#9489:FAIL-t9,INCONSISTENCY,nextIndex=11,followerCommit=10
2021-11-02 20:14:49,963 [grpc-default-executor-6] INFO  leader.FollowerInfo (FollowerInfoImpl.java:lambda$new$0(47)) - omNode-2@group-523986131536->omNode-1: nextIndex: updateUnconditionally 26 -> 11
2021-11-02 20:14:50,465 [grpc-default-executor-6] INFO  server.RaftServer$Division (RaftServerImpl.java:checkInconsistentAppendEntries(1322)) - omNode-1@group-523986131536: Failed appendEntries as previous log entry ((t:9, i:25)) is not found
2021-11-02 20:14:50,465 [grpc-default-executor-6] INFO  server.RaftServer$Division (RaftServerImpl.java:checkInconsistentAppendEntries(1288)) - omNode-1@group-523986131536: inconsistency entries. Reply:omNode-2<-omNode-1#9540:FAIL-t9,INCONSISTENCY,nextIndex=11,followerCommit=10
2021-11-02 20:14:50,465 [grpc-default-executor-6] INFO  leader.FollowerInfo (FollowerInfoImpl.java:lambda$new$0(47)) - omNode-2@group-523986131536->omNode-1: nextIndex: updateUnconditionally 26 -> 11
2021-11-02 20:14:50,967 [grpc-default-executor-6] INFO  server.RaftServer$Division (RaftServerImpl.java:checkInconsistentAppendEntries(1322)) - omNode-1@group-523986131536: Failed appendEntries as previous log entry ((t:9, i:25)) is not found
2021-11-02 20:14:50,967 [grpc-default-executor-6] INFO  server.RaftServer$Division (RaftServerImpl.java:checkInconsistentAppendEntries(1288)) - omNode-1@group-523986131536: inconsistency entries. Reply:omNode-2<-omNode-1#9591:FAIL-t9,INCONSISTENCY,nextIndex=11,followerCommit=10
2021-11-02 20:14:50,968 [grpc-default-executor-6] INFO  leader.FollowerInfo (FollowerInfoImpl.java:lambda$new$0(47)) - omNode-2@group-523986131536->omNode-1: nextIndex: updateUnconditionally 26 -> 11
2021-11-02 20:14:51,470 [grpc-default-executor-13] INFO  server.RaftServer$Division (RaftServerImpl.java:checkInconsistentAppendEntries(1322)) - omNode-1@group-523986131536: Failed appendEntries as previous log entry ((t:9, i:25)) is not found
2021-11-02 20:14:51,470 [grpc-default-executor-13] INFO  server.RaftServer$Division (RaftServerImpl.java:checkInconsistentAppendEntries(1288)) - omNode-1@group-523986131536: inconsistency entries. Reply:omNode-2<-omNode-1#9642:FAIL-t9,INCONSISTENCY,nextIndex=11,followerCommit=10
2021-11-02 20:14:51,471 [grpc-default-executor-13] INFO  leader.FollowerInfo (FollowerInfoImpl.java:lambda$new$0(47)) - omNode-2@group-523986131536->omNode-1: nextIndex: updateUnconditionally 26 -> 11
2021-11-02 20:14:51,973 [grpc-default-executor-13] INFO  server.RaftServer$Division (RaftServerImpl.java:checkInconsistentAppendEntries(1322)) - omNode-1@group-523986131536: Failed appendEntries as previous log entry ((t:9, i:25)) is not found
2021-11-02 20:14:51,973 [grpc-default-executor-13] INFO  server.RaftServer$Division (RaftServerImpl.java:checkInconsistentAppendEntries(1288)) - omNode-1@group-523986131536: inconsistency entries. Reply:omNode-2<-omNode-1#9693:FAIL-t9,INCONSISTENCY,nextIndex=11,followerCommit=10
2021-11-02 20:14:51,973 [grpc-default-executor-13] INFO  leader.FollowerInfo (FollowerInfoImpl.java:lambda$new$0(47)) - omNode-2@group-523986131536->omNode-1: nextIndex: updateUnconditionally 26 -> 11
2021-11-02 20:14:52,476 [grpc-default-executor-13] INFO  server.RaftServer$Division (RaftServerImpl.java:checkInconsistentAppendEntries(1322)) - omNode-1@group-523986131536: Failed appendEntries as previous log entry ((t:9, i:25)) is not found
2021-11-02 20:14:52,476 [grpc-default-executor-13] INFO  server.RaftServer$Division (RaftServerImpl.java:checkInconsistentAppendEntries(1288)) - omNode-1@group-523986131536: inconsistency entries. Reply:omNode-2<-omNode-1#9744:FAIL-t9,INCONSISTENCY,nextIndex=11,followerCommit=10
2021-11-02 20:14:52,476 [grpc-default-executor-13] INFO  leader.FollowerInfo (FollowerInfoImpl.java:lambda$new$0(47)) - omNode-2@group-523986131536->omNode-1: nextIndex: updateUnconditionally 26 -> 11
2021-11-02 20:14:52,979 [grpc-default-executor-13] INFO  server.RaftServer$Division (RaftServerImpl.java:checkInconsistentAppendEntries(1322)) - omNode-1@group-523986131536: Failed appendEntries as previous log entry ((t:9, i:25)) is not found
2021-11-02 20:14:52,979 [grpc-default-executor-13] INFO  server.RaftServer$Division (RaftServerImpl.java:checkInconsistentAppendEntries(1288)) - omNode-1@group-523986131536: inconsistency entries. Reply:omNode-2<-omNode-1#9795:FAIL-t9,INCONSISTENCY,nextIndex=11,followerCommit=10
2021-11-02 20:14:52,980 [grpc-default-executor-13] INFO  leader.FollowerInfo (FollowerInfoImpl.java:lambda$new$0(47)) - omNode-2@group-523986131536->omNode-1: nextIndex: updateUnconditionally 26 -> 11
2021-11-02 20:14:53,483 [grpc-default-executor-13] INFO  server.RaftServer$Division (RaftServerImpl.java:checkInconsistentAppendEntries(1322)) - omNode-1@group-523986131536: Failed appendEntries as previous log entry ((t:9, i:25)) is not found
2021-11-02 20:14:53,483 [grpc-default-executor-13] INFO  server.RaftServer$Division (RaftServerImpl.java:checkInconsistentAppendEntries(1288)) - omNode-1@group-523986131536: inconsistency entries. Reply:omNode-2<-omNode-1#9846:FAIL-t9,INCONSISTENCY,nextIndex=11,followerCommit=10
2021-11-02 20:14:53,483 [grpc-default-executor-13] INFO  leader.FollowerInfo (FollowerInfoImpl.java:lambda$new$0(47)) - omNode-2@group-523986131536->omNode-1: nextIndex: updateUnconditionally 26 -> 11
2021-11-02 20:14:53,986 [grpc-default-executor-6] INFO  server.RaftServer$Division (RaftServerImpl.java:checkInconsistentAppendEntries(1322)) - omNode-1@group-523986131536: Failed appendEntries as previous log entry ((t:9, i:25)) is not found
2021-11-02 20:14:53,986 [grpc-default-executor-6] INFO  server.RaftServer$Division (RaftServerImpl.java:checkInconsistentAppendEntries(1288)) - omNode-1@group-523986131536: inconsistency entries. Reply:omNode-2<-omNode-1#9897:FAIL-t9,INCONSISTENCY,nextIndex=11,followerCommit=10
2021-11-02 20:14:53,987 [grpc-default-executor-6] INFO  leader.FollowerInfo (FollowerInfoImpl.java:lambda$new$0(47)) - omNode-2@group-523986131536->omNode-1: nextIndex: updateUnconditionally 26 -> 11
2021-11-02 20:14:54,489 [grpc-default-executor-13] INFO  server.RaftServer$Division (RaftServerImpl.java:checkInconsistentAppendEntries(1322)) - omNode-1@group-523986131536: Failed appendEntries as previous log entry ((t:9, i:25)) is not found
2021-11-02 20:14:54,489 [grpc-default-executor-13] INFO  server.RaftServer$Division (RaftServerImpl.java:checkInconsistentAppendEntries(1288)) - omNode-1@group-523986131536: inconsistency entries. Reply:omNode-2<-omNode-1#9948:FAIL-t9,INCONSISTENCY,nextIndex=11,followerCommit=10
2021-11-02 20:14:54,489 [grpc-default-executor-13] INFO  leader.FollowerInfo (FollowerInfoImpl.java:lambda$new$0(47)) - omNode-2@group-523986131536->omNode-1: nextIndex: updateUnconditionally 26 -> 11
2021-11-02 20:14:54,991 [grpc-default-executor-13] INFO  server.RaftServer$Division (RaftServerImpl.java:checkInconsistentAppendEntries(1322)) - omNode-1@group-523986131536: Failed appendEntries as previous log entry ((t:9, i:25)) is not found
2021-11-02 20:14:54,991 [grpc-default-executor-13] INFO  server.RaftServer$Division (RaftServerImpl.java:checkInconsistentAppendEntries(1288)) - omNode-1@group-523986131536: inconsistency entries. Reply:omNode-2<-omNode-1#9999:FAIL-t9,INCONSISTENCY,nextIndex=11,followerCommit=10
2021-11-02 20:14:54,992 [grpc-default-executor-13] INFO  leader.FollowerInfo (FollowerInfoImpl.java:lambda$new$0(47)) - omNode-2@group-523986131536->omNode-1: nextIndex: updateUnconditionally 26 -> 11
2021-11-02 20:14:55,495 [grpc-default-executor-13] INFO  server.RaftServer$Division (RaftServerImpl.java:checkInconsistentAppendEntries(1322)) - omNode-1@group-523986131536: Failed appendEntries as previous log entry ((t:9, i:25)) is not found
2021-11-02 20:14:55,496 [grpc-default-executor-13] INFO  server.RaftServer$Division (RaftServerImpl.java:checkInconsistentAppendEntries(1288)) - omNode-1@group-523986131536: inconsistency entries. Reply:omNode-2<-omNode-1#10050:FAIL-t9,INCONSISTENCY,nextIndex=11,followerCommit=10
2021-11-02 20:14:55,496 [grpc-default-executor-13] INFO  leader.FollowerInfo (FollowerInfoImpl.java:lambda$new$0(47)) - omNode-2@group-523986131536->omNode-1: nextIndex: updateUnconditionally 26 -> 11
2021-11-02 20:14:55,998 [grpc-default-executor-13] INFO  server.RaftServer$Division (RaftServerImpl.java:checkInconsistentAppendEntries(1322)) - omNode-1@group-523986131536: Failed appendEntries as previous log entry ((t:9, i:25)) is not found
2021-11-02 20:14:55,999 [grpc-default-executor-13] INFO  server.RaftServer$Division (RaftServerImpl.java:checkInconsistentAppendEntries(1288)) - omNode-1@group-523986131536: inconsistency entries. Reply:omNode-2<-omNode-1#10101:FAIL-t9,INCONSISTENCY,nextIndex=11,followerCommit=10
2021-11-02 20:14:55,999 [grpc-default-executor-13] INFO  leader.FollowerInfo (FollowerInfoImpl.java:lambda$new$0(47)) - omNode-2@group-523986131536->omNode-1: nextIndex: updateUnconditionally 26 -> 11
2021-11-02 20:14:56,501 [grpc-default-executor-14] INFO  server.RaftServer$Division (RaftServerImpl.java:checkInconsistentAppendEntries(1322)) - omNode-1@group-523986131536: Failed appendEntries as previous log entry ((t:9, i:25)) is not found
2021-11-02 20:14:56,502 [grpc-default-executor-14] INFO  server.RaftServer$Division (RaftServerImpl.java:checkInconsistentAppendEntries(1288)) - omNode-1@group-523986131536: inconsistency entries. Reply:omNode-2<-omNode-1#10152:FAIL-t9,INCONSISTENCY,nextIndex=11,followerCommit=10
2021-11-02 20:14:56,502 [grpc-default-executor-14] INFO  leader.FollowerInfo (FollowerInfoImpl.java:lambda$new$0(47)) - omNode-2@group-523986131536->omNode-1: nextIndex: updateUnconditionally 26 -> 11
2021-11-02 20:14:57,004 [grpc-default-executor-6] INFO  server.RaftServer$Division (RaftServerImpl.java:checkInconsistentAppendEntries(1322)) - omNode-1@group-523986131536: Failed appendEntries as previous log entry ((t:9, i:25)) is not found
2021-11-02 20:14:57,004 [grpc-default-executor-6] INFO  server.RaftServer$Division (RaftServerImpl.java:checkInconsistentAppendEntries(1288)) - omNode-1@group-523986131536: inconsistency entries. Reply:omNode-2<-omNode-1#10203:FAIL-t9,INCONSISTENCY,nextIndex=11,followerCommit=10
2021-11-02 20:14:57,005 [grpc-default-executor-6] INFO  leader.FollowerInfo (FollowerInfoImpl.java:lambda$new$0(47)) - omNode-2@group-523986131536->omNode-1: nextIndex: updateUnconditionally 26 -> 11
2021-11-02 20:14:57,507 [grpc-default-executor-6] INFO  server.RaftServer$Division (RaftServerImpl.java:checkInconsistentAppendEntries(1322)) - omNode-1@group-523986131536: Failed appendEntries as previous log entry ((t:9, i:25)) is not found
2021-11-02 20:14:57,507 [grpc-default-executor-6] INFO  server.RaftServer$Division (RaftServerImpl.java:checkInconsistentAppendEntries(1288)) - omNode-1@group-523986131536: inconsistency entries. Reply:omNode-2<-omNode-1#10254:FAIL-t9,INCONSISTENCY,nextIndex=11,followerCommit=10
2021-11-02 20:14:57,508 [grpc-default-executor-6] INFO  leader.FollowerInfo (FollowerInfoImpl.java:lambda$new$0(47)) - omNode-2@group-523986131536->omNode-1: nextIndex: updateUnconditionally 26 -> 11
2021-11-02 20:14:58,009 [grpc-default-executor-6] INFO  server.RaftServer$Division (RaftServerImpl.java:checkInconsistentAppendEntries(1322)) - omNode-1@group-523986131536: Failed appendEntries as previous log entry ((t:9, i:25)) is not found
2021-11-02 20:14:58,009 [grpc-default-executor-6] INFO  server.RaftServer$Division (RaftServerImpl.java:checkInconsistentAppendEntries(1288)) - omNode-1@group-523986131536: inconsistency entries. Reply:omNode-2<-omNode-1#10305:FAIL-t9,INCONSISTENCY,nextIndex=11,followerCommit=10
2021-11-02 20:14:58,010 [grpc-default-executor-6] INFO  leader.FollowerInfo (FollowerInfoImpl.java:lambda$new$0(47)) - omNode-2@group-523986131536->omNode-1: nextIndex: updateUnconditionally 26 -> 11
2021-11-02 20:14:58,512 [grpc-default-executor-6] INFO  server.RaftServer$Division (RaftServerImpl.java:checkInconsistentAppendEntries(1322)) - omNode-1@group-523986131536: Failed appendEntries as previous log entry ((t:9, i:25)) is not found
2021-11-02 20:14:58,512 [grpc-default-executor-6] INFO  server.RaftServer$Division (RaftServerImpl.java:checkInconsistentAppendEntries(1288)) - omNode-1@group-523986131536: inconsistency entries. Reply:omNode-2<-omNode-1#10356:FAIL-t9,INCONSISTENCY,nextIndex=11,followerCommit=10
2021-11-02 20:14:58,512 [grpc-default-executor-6] INFO  leader.FollowerInfo (FollowerInfoImpl.java:lambda$new$0(47)) - omNode-2@group-523986131536->omNode-1: nextIndex: updateUnconditionally 26 -> 11
2021-11-02 20:14:59,015 [grpc-default-executor-6] INFO  server.RaftServer$Division (RaftServerImpl.java:checkInconsistentAppendEntries(1322)) - omNode-1@group-523986131536: Failed appendEntries as previous log entry ((t:9, i:25)) is not found
2021-11-02 20:14:59,015 [grpc-default-executor-6] INFO  server.RaftServer$Division (RaftServerImpl.java:checkInconsistentAppendEntries(1288)) - omNode-1@group-523986131536: inconsistency entries. Reply:omNode-2<-omNode-1#10407:FAIL-t9,INCONSISTENCY,nextIndex=11,followerCommit=10
2021-11-02 20:14:59,016 [grpc-default-executor-6] INFO  leader.FollowerInfo (FollowerInfoImpl.java:lambda$new$0(47)) - omNode-2@group-523986131536->omNode-1: nextIndex: updateUnconditionally 26 -> 11
2021-11-02 20:14:59,518 [grpc-default-executor-6] INFO  server.RaftServer$Division (RaftServerImpl.java:checkInconsistentAppendEntries(1322)) - omNode-1@group-523986131536: Failed appendEntries as previous log entry ((t:9, i:25)) is not found
2021-11-02 20:14:59,518 [grpc-default-executor-6] INFO  server.RaftServer$Division (RaftServerImpl.java:checkInconsistentAppendEntries(1288)) - omNode-1@group-523986131536: inconsistency entries. Reply:omNode-2<-omNode-1#10458:FAIL-t9,INCONSISTENCY,nextIndex=11,followerCommit=10
2021-11-02 20:14:59,518 [grpc-default-executor-6] INFO  leader.FollowerInfo (FollowerInfoImpl.java:lambda$new$0(47)) - omNode-2@group-523986131536->omNode-1: nextIndex: updateUnconditionally 26 -> 11
2021-11-02 20:15:00,020 [grpc-default-executor-6] INFO  server.RaftServer$Division (RaftServerImpl.java:checkInconsistentAppendEntries(1322)) - omNode-1@group-523986131536: Failed appendEntries as previous log entry ((t:9, i:25)) is not found
2021-11-02 20:15:00,020 [grpc-default-executor-6] INFO  server.RaftServer$Division (RaftServerImpl.java:checkInconsistentAppendEntries(1288)) - omNode-1@group-523986131536: inconsistency entries. Reply:omNode-2<-omNode-1#10509:FAIL-t9,INCONSISTENCY,nextIndex=11,followerCommit=10
2021-11-02 20:15:00,021 [grpc-default-executor-6] INFO  leader.FollowerInfo (FollowerInfoImpl.java:lambda$new$0(47)) - omNode-2@group-523986131536->omNode-1: nextIndex: updateUnconditionally 26 -> 11
2021-11-02 20:15:00,523 [grpc-default-executor-6] INFO  server.RaftServer$Division (RaftServerImpl.java:checkInconsistentAppendEntries(1322)) - omNode-1@group-523986131536: Failed appendEntries as previous log entry ((t:9, i:25)) is not found
2021-11-02 20:15:00,523 [grpc-default-executor-6] INFO  server.RaftServer$Division (RaftServerImpl.java:checkInconsistentAppendEntries(1288)) - omNode-1@group-523986131536: inconsistency entries. Reply:omNode-2<-omNode-1#10560:FAIL-t9,INCONSISTENCY,nextIndex=11,followerCommit=10
2021-11-02 20:15:00,524 [grpc-default-executor-6] INFO  leader.FollowerInfo (FollowerInfoImpl.java:lambda$new$0(47)) - omNode-2@group-523986131536->omNode-1: nextIndex: updateUnconditionally 26 -> 11
2021-11-02 20:15:01,025 [grpc-default-executor-6] INFO  server.RaftServer$Division (RaftServerImpl.java:checkInconsistentAppendEntries(1322)) - omNode-1@group-523986131536: Failed appendEntries as previous log entry ((t:9, i:25)) is not found
2021-11-02 20:15:01,025 [grpc-default-executor-6] INFO  server.RaftServer$Division (RaftServerImpl.java:checkInconsistentAppendEntries(1288)) - omNode-1@group-523986131536: inconsistency entries. Reply:omNode-2<-omNode-1#10611:FAIL-t9,INCONSISTENCY,nextIndex=11,followerCommit=10
2021-11-02 20:15:01,026 [grpc-default-executor-6] INFO  leader.FollowerInfo (FollowerInfoImpl.java:lambda$new$0(47)) - omNode-2@group-523986131536->omNode-1: nextIndex: updateUnconditionally 26 -> 11
2021-11-02 20:15:01,527 [grpc-default-executor-14] INFO  server.RaftServer$Division (RaftServerImpl.java:checkInconsistentAppendEntries(1322)) - omNode-1@group-523986131536: Failed appendEntries as previous log entry ((t:9, i:25)) is not found
2021-11-02 20:15:01,528 [grpc-default-executor-14] INFO  server.RaftServer$Division (RaftServerImpl.java:checkInconsistentAppendEntries(1288)) - omNode-1@group-523986131536: inconsistency entries. Reply:omNode-2<-omNode-1#10662:FAIL-t9,INCONSISTENCY,nextIndex=11,followerCommit=10
2021-11-02 20:15:01,528 [grpc-default-executor-14] INFO  leader.FollowerInfo (FollowerInfoImpl.java:lambda$new$0(47)) - omNode-2@group-523986131536->omNode-1: nextIndex: updateUnconditionally 26 -> 11
2021-11-02 20:15:02,030 [grpc-default-executor-14] INFO  server.RaftServer$Division (RaftServerImpl.java:checkInconsistentAppendEntries(1322)) - omNode-1@group-523986131536: Failed appendEntries as previous log entry ((t:9, i:25)) is not found
2021-11-02 20:15:02,030 [grpc-default-executor-14] INFO  server.RaftServer$Division (RaftServerImpl.java:checkInconsistentAppendEntries(1288)) - omNode-1@group-523986131536: inconsistency entries. Reply:omNode-2<-omNode-1#10713:FAIL-t9,INCONSISTENCY,nextIndex=11,followerCommit=10
2021-11-02 20:15:02,030 [grpc-default-executor-14] INFO  leader.FollowerInfo (FollowerInfoImpl.java:lambda$new$0(47)) - omNode-2@group-523986131536->omNode-1: nextIndex: updateUnconditionally 26 -> 11
2021-11-02 20:15:02,532 [grpc-default-executor-14] INFO  server.RaftServer$Division (RaftServerImpl.java:checkInconsistentAppendEntries(1322)) - omNode-1@group-523986131536: Failed appendEntries as previous log entry ((t:9, i:25)) is not found
2021-11-02 20:15:02,532 [grpc-default-executor-14] INFO  server.RaftServer$Division (RaftServerImpl.java:checkInconsistentAppendEntries(1288)) - omNode-1@group-523986131536: inconsistency entries. Reply:omNode-2<-omNode-1#10764:FAIL-t9,INCONSISTENCY,nextIndex=11,followerCommit=10
2021-11-02 20:15:02,533 [grpc-default-executor-14] INFO  leader.FollowerInfo (FollowerInfoImpl.java:lambda$new$0(47)) - omNode-2@group-523986131536->omNode-1: nextIndex: updateUnconditionally 26 -> 11
2021-11-02 20:15:03,035 [grpc-default-executor-14] INFO  server.RaftServer$Division (RaftServerImpl.java:checkInconsistentAppendEntries(1322)) - omNode-1@group-523986131536: Failed appendEntries as previous log entry ((t:9, i:25)) is not found
2021-11-02 20:15:03,035 [grpc-default-executor-14] INFO  server.RaftServer$Division (RaftServerImpl.java:checkInconsistentAppendEntries(1288)) - omNode-1@group-523986131536: inconsistency entries. Reply:omNode-2<-omNode-1#10815:FAIL-t9,INCONSISTENCY,nextIndex=11,followerCommit=10
2021-11-02 20:15:03,036 [grpc-default-executor-14] INFO  leader.FollowerInfo (FollowerInfoImpl.java:lambda$new$0(47)) - omNode-2@group-523986131536->omNode-1: nextIndex: updateUnconditionally 26 -> 11
2021-11-02 20:15:03,538 [grpc-default-executor-14] INFO  server.RaftServer$Division (RaftServerImpl.java:checkInconsistentAppendEntries(1322)) - omNode-1@group-523986131536: Failed appendEntries as previous log entry ((t:9, i:25)) is not found
2021-11-02 20:15:03,539 [grpc-default-executor-14] INFO  server.RaftServer$Division (RaftServerImpl.java:checkInconsistentAppendEntries(1288)) - omNode-1@group-523986131536: inconsistency entries. Reply:omNode-2<-omNode-1#10866:FAIL-t9,INCONSISTENCY,nextIndex=11,followerCommit=10
2021-11-02 20:15:03,539 [grpc-default-executor-14] INFO  leader.FollowerInfo (FollowerInfoImpl.java:lambda$new$0(47)) - omNode-2@group-523986131536->omNode-1: nextIndex: updateUnconditionally 26 -> 11
2021-11-02 20:15:04,041 [grpc-default-executor-14] INFO  server.RaftServer$Division (RaftServerImpl.java:checkInconsistentAppendEntries(1322)) - omNode-1@group-523986131536: Failed appendEntries as previous log entry ((t:9, i:25)) is not found
2021-11-02 20:15:04,041 [grpc-default-executor-14] INFO  server.RaftServer$Division (RaftServerImpl.java:checkInconsistentAppendEntries(1288)) - omNode-1@group-523986131536: inconsistency entries. Reply:omNode-2<-omNode-1#10917:FAIL-t9,INCONSISTENCY,nextIndex=11,followerCommit=10
2021-11-02 20:15:04,041 [grpc-default-executor-14] INFO  leader.FollowerInfo (FollowerInfoImpl.java:lambda$new$0(47)) - omNode-2@group-523986131536->omNode-1: nextIndex: updateUnconditionally 26 -> 11
2021-11-02 20:15:04,543 [grpc-default-executor-6] INFO  server.RaftServer$Division (RaftServerImpl.java:checkInconsistentAppendEntries(1322)) - omNode-1@group-523986131536: Failed appendEntries as previous log entry ((t:9, i:25)) is not found
2021-11-02 20:15:04,544 [grpc-default-executor-6] INFO  server.RaftServer$Division (RaftServerImpl.java:checkInconsistentAppendEntries(1288)) - omNode-1@group-523986131536: inconsistency entries. Reply:omNode-2<-omNode-1#10968:FAIL-t9,INCONSISTENCY,nextIndex=11,followerCommit=10
2021-11-02 20:15:04,544 [grpc-default-executor-6] INFO  leader.FollowerInfo (FollowerInfoImpl.java:lambda$new$0(47)) - omNode-2@group-523986131536->omNode-1: nextIndex: updateUnconditionally 26 -> 11
2021-11-02 20:15:05,046 [grpc-default-executor-6] INFO  server.RaftServer$Division (RaftServerImpl.java:checkInconsistentAppendEntries(1322)) - omNode-1@group-523986131536: Failed appendEntries as previous log entry ((t:9, i:25)) is not found
2021-11-02 20:15:05,046 [grpc-default-executor-6] INFO  server.RaftServer$Division (RaftServerImpl.java:checkInconsistentAppendEntries(1288)) - omNode-1@group-523986131536: inconsistency entries. Reply:omNode-2<-omNode-1#11019:FAIL-t9,INCONSISTENCY,nextIndex=11,followerCommit=10
2021-11-02 20:15:05,046 [grpc-default-executor-6] INFO  leader.FollowerInfo (FollowerInfoImpl.java:lambda$new$0(47)) - omNode-2@group-523986131536->omNode-1: nextIndex: updateUnconditionally 26 -> 11
2021-11-02 20:15:05,548 [grpc-default-executor-6] INFO  server.RaftServer$Division (RaftServerImpl.java:checkInconsistentAppendEntries(1322)) - omNode-1@group-523986131536: Failed appendEntries as previous log entry ((t:9, i:25)) is not found
2021-11-02 20:15:05,548 [grpc-default-executor-6] INFO  server.RaftServer$Division (RaftServerImpl.java:checkInconsistentAppendEntries(1288)) - omNode-1@group-523986131536: inconsistency entries. Reply:omNode-2<-omNode-1#11070:FAIL-t9,INCONSISTENCY,nextIndex=11,followerCommit=10
2021-11-02 20:15:05,549 [grpc-default-executor-14] INFO  leader.FollowerInfo (FollowerInfoImpl.java:lambda$new$0(47)) - omNode-2@group-523986131536->omNode-1: nextIndex: updateUnconditionally 26 -> 11
2021-11-02 20:15:06,051 [grpc-default-executor-6] INFO  server.RaftServer$Division (RaftServerImpl.java:checkInconsistentAppendEntries(1322)) - omNode-1@group-523986131536: Failed appendEntries as previous log entry ((t:9, i:25)) is not found
2021-11-02 20:15:06,052 [grpc-default-executor-6] INFO  server.RaftServer$Division (RaftServerImpl.java:checkInconsistentAppendEntries(1288)) - omNode-1@group-523986131536: inconsistency entries. Reply:omNode-2<-omNode-1#11121:FAIL-t9,INCONSISTENCY,nextIndex=11,followerCommit=10
2021-11-02 20:15:06,052 [grpc-default-executor-6] INFO  leader.FollowerInfo (FollowerInfoImpl.java:lambda$new$0(47)) - omNode-2@group-523986131536->omNode-1: nextIndex: updateUnconditionally 26 -> 11
2021-11-02 20:15:06,555 [grpc-default-executor-14] INFO  server.RaftServer$Division (RaftServerImpl.java:checkInconsistentAppendEntries(1322)) - omNode-1@group-523986131536: Failed appendEntries as previous log entry ((t:9, i:25)) is not found
2021-11-02 20:15:06,555 [grpc-default-executor-14] INFO  server.RaftServer$Division (RaftServerImpl.java:checkInconsistentAppendEntries(1288)) - omNode-1@group-523986131536: inconsistency entries. Reply:omNode-2<-omNode-1#11172:FAIL-t9,INCONSISTENCY,nextIndex=11,followerCommit=10
2021-11-02 20:15:06,555 [grpc-default-executor-14] INFO  leader.FollowerInfo (FollowerInfoImpl.java:lambda$new$0(47)) - omNode-2@group-523986131536->omNode-1: nextIndex: updateUnconditionally 26 -> 11
2021-11-02 20:15:07,057 [grpc-default-executor-14] INFO  server.RaftServer$Division (RaftServerImpl.java:checkInconsistentAppendEntries(1322)) - omNode-1@group-523986131536: Failed appendEntries as previous log entry ((t:9, i:25)) is not found
2021-11-02 20:15:07,057 [grpc-default-executor-14] INFO  server.RaftServer$Division (RaftServerImpl.java:checkInconsistentAppendEntries(1288)) - omNode-1@group-523986131536: inconsistency entries. Reply:omNode-2<-omNode-1#11223:FAIL-t9,INCONSISTENCY,nextIndex=11,followerCommit=10
2021-11-02 20:15:07,058 [grpc-default-executor-14] INFO  leader.FollowerInfo (FollowerInfoImpl.java:lambda$new$0(47)) - omNode-2@group-523986131536->omNode-1: nextIndex: updateUnconditionally 26 -> 11
2021-11-02 20:15:07,560 [grpc-default-executor-14] INFO  server.RaftServer$Division (RaftServerImpl.java:checkInconsistentAppendEntries(1322)) - omNode-1@group-523986131536: Failed appendEntries as previous log entry ((t:9, i:25)) is not found
2021-11-02 20:15:07,560 [grpc-default-executor-14] INFO  server.RaftServer$Division (RaftServerImpl.java:checkInconsistentAppendEntries(1288)) - omNode-1@group-523986131536: inconsistency entries. Reply:omNode-2<-omNode-1#11274:FAIL-t9,INCONSISTENCY,nextIndex=11,followerCommit=10
2021-11-02 20:15:07,561 [grpc-default-executor-14] INFO  leader.FollowerInfo (FollowerInfoImpl.java:lambda$new$0(47)) - omNode-2@group-523986131536->omNode-1: nextIndex: updateUnconditionally 26 -> 11
2021-11-02 20:15:08,063 [grpc-default-executor-14] INFO  server.RaftServer$Division (RaftServerImpl.java:checkInconsistentAppendEntries(1322)) - omNode-1@group-523986131536: Failed appendEntries as previous log entry ((t:9, i:25)) is not found
2021-11-02 20:15:08,063 [grpc-default-executor-14] INFO  server.RaftServer$Division (RaftServerImpl.java:checkInconsistentAppendEntries(1288)) - omNode-1@group-523986131536: inconsistency entries. Reply:omNode-2<-omNode-1#11325:FAIL-t9,INCONSISTENCY,nextIndex=11,followerCommit=10
2021-11-02 20:15:08,063 [grpc-default-executor-14] INFO  leader.FollowerInfo (FollowerInfoImpl.java:lambda$new$0(47)) - omNode-2@group-523986131536->omNode-1: nextIndex: updateUnconditionally 26 -> 11
2021-11-02 20:15:08,565 [grpc-default-executor-14] INFO  server.RaftServer$Division (RaftServerImpl.java:checkInconsistentAppendEntries(1322)) - omNode-1@group-523986131536: Failed appendEntries as previous log entry ((t:9, i:25)) is not found
2021-11-02 20:15:08,566 [grpc-default-executor-14] INFO  server.RaftServer$Division (RaftServerImpl.java:checkInconsistentAppendEntries(1288)) - omNode-1@group-523986131536: inconsistency entries. Reply:omNode-2<-omNode-1#11376:FAIL-t9,INCONSISTENCY,nextIndex=11,followerCommit=10
2021-11-02 20:15:08,566 [grpc-default-executor-14] INFO  leader.FollowerInfo (FollowerInfoImpl.java:lambda$new$0(47)) - omNode-2@group-523986131536->omNode-1: nextIndex: updateUnconditionally 26 -> 11
2021-11-02 20:15:09,068 [grpc-default-executor-6] INFO  server.RaftServer$Division (RaftServerImpl.java:checkInconsistentAppendEntries(1322)) - omNode-1@group-523986131536: Failed appendEntries as previous log entry ((t:9, i:25)) is not found
2021-11-02 20:15:09,068 [grpc-default-executor-6] INFO  server.RaftServer$Division (RaftServerImpl.java:checkInconsistentAppendEntries(1288)) - omNode-1@group-523986131536: inconsistency entries. Reply:omNode-2<-omNode-1#11427:FAIL-t9,INCONSISTENCY,nextIndex=11,followerCommit=10
2021-11-02 20:15:09,068 [grpc-default-executor-6] INFO  leader.FollowerInfo (FollowerInfoImpl.java:lambda$new$0(47)) - omNode-2@group-523986131536->omNode-1: nextIndex: updateUnconditionally 26 -> 11
2021-11-02 20:15:09,570 [grpc-default-executor-14] INFO  server.RaftServer$Division (RaftServerImpl.java:checkInconsistentAppendEntries(1322)) - omNode-1@group-523986131536: Failed appendEntries as previous log entry ((t:9, i:25)) is not found
2021-11-02 20:15:09,571 [grpc-default-executor-14] INFO  server.RaftServer$Division (RaftServerImpl.java:checkInconsistentAppendEntries(1288)) - omNode-1@group-523986131536: inconsistency entries. Reply:omNode-2<-omNode-1#11478:FAIL-t9,INCONSISTENCY,nextIndex=11,followerCommit=10
2021-11-02 20:15:09,571 [grpc-default-executor-14] INFO  leader.FollowerInfo (FollowerInfoImpl.java:lambda$new$0(47)) - omNode-2@group-523986131536->omNode-1: nextIndex: updateUnconditionally 26 -> 11
2021-11-02 20:15:10,073 [grpc-default-executor-14] INFO  server.RaftServer$Division (RaftServerImpl.java:checkInconsistentAppendEntries(1322)) - omNode-1@group-523986131536: Failed appendEntries as previous log entry ((t:9, i:25)) is not found
2021-11-02 20:15:10,073 [grpc-default-executor-14] INFO  server.RaftServer$Division (RaftServerImpl.java:checkInconsistentAppendEntries(1288)) - omNode-1@group-523986131536: inconsistency entries. Reply:omNode-2<-omNode-1#11529:FAIL-t9,INCONSISTENCY,nextIndex=11,followerCommit=10
2021-11-02 20:15:10,074 [grpc-default-executor-14] INFO  leader.FollowerInfo (FollowerInfoImpl.java:lambda$new$0(47)) - omNode-2@group-523986131536->omNode-1: nextIndex: updateUnconditionally 26 -> 11
2021-11-02 20:15:10,576 [grpc-default-executor-14] INFO  server.RaftServer$Division (RaftServerImpl.java:checkInconsistentAppendEntries(1322)) - omNode-1@group-523986131536: Failed appendEntries as previous log entry ((t:9, i:25)) is not found
2021-11-02 20:15:10,576 [grpc-default-executor-14] INFO  server.RaftServer$Division (RaftServerImpl.java:checkInconsistentAppendEntries(1288)) - omNode-1@group-523986131536: inconsistency entries. Reply:omNode-2<-omNode-1#11580:FAIL-t9,INCONSISTENCY,nextIndex=11,followerCommit=10
2021-11-02 20:15:10,577 [grpc-default-executor-14] INFO  leader.FollowerInfo (FollowerInfoImpl.java:lambda$new$0(47)) - omNode-2@group-523986131536->omNode-1: nextIndex: updateUnconditionally 26 -> 11
2021-11-02 20:15:11,078 [grpc-default-executor-14] INFO  server.RaftServer$Division (RaftServerImpl.java:checkInconsistentAppendEntries(1322)) - omNode-1@group-523986131536: Failed appendEntries as previous log entry ((t:9, i:25)) is not found
2021-11-02 20:15:11,078 [grpc-default-executor-14] INFO  server.RaftServer$Division (RaftServerImpl.java:checkInconsistentAppendEntries(1288)) - omNode-1@group-523986131536: inconsistency entries. Reply:omNode-2<-omNode-1#11631:FAIL-t9,INCONSISTENCY,nextIndex=11,followerCommit=10
2021-11-02 20:15:11,079 [grpc-default-executor-14] INFO  leader.FollowerInfo (FollowerInfoImpl.java:lambda$new$0(47)) - omNode-2@group-523986131536->omNode-1: nextIndex: updateUnconditionally 26 -> 11
2021-11-02 20:15:11,581 [grpc-default-executor-6] INFO  server.RaftServer$Division (RaftServerImpl.java:checkInconsistentAppendEntries(1322)) - omNode-1@group-523986131536: Failed appendEntries as previous log entry ((t:9, i:25)) is not found
2021-11-02 20:15:11,581 [grpc-default-executor-6] INFO  server.RaftServer$Division (RaftServerImpl.java:checkInconsistentAppendEntries(1288)) - omNode-1@group-523986131536: inconsistency entries. Reply:omNode-2<-omNode-1#11682:FAIL-t9,INCONSISTENCY,nextIndex=11,followerCommit=10
2021-11-02 20:15:11,581 [grpc-default-executor-6] INFO  leader.FollowerInfo (FollowerInfoImpl.java:lambda$new$0(47)) - omNode-2@group-523986131536->omNode-1: nextIndex: updateUnconditionally 26 -> 11
2021-11-02 20:15:12,083 [grpc-default-executor-14] INFO  server.RaftServer$Division (RaftServerImpl.java:checkInconsistentAppendEntries(1322)) - omNode-1@group-523986131536: Failed appendEntries as previous log entry ((t:9, i:25)) is not found
2021-11-02 20:15:12,083 [grpc-default-executor-14] INFO  server.RaftServer$Division (RaftServerImpl.java:checkInconsistentAppendEntries(1288)) - omNode-1@group-523986131536: inconsistency entries. Reply:omNode-2<-omNode-1#11733:FAIL-t9,INCONSISTENCY,nextIndex=11,followerCommit=10
2021-11-02 20:15:12,084 [grpc-default-executor-14] INFO  leader.FollowerInfo (FollowerInfoImpl.java:lambda$new$0(47)) - omNode-2@group-523986131536->omNode-1: nextIndex: updateUnconditionally 26 -> 11
2021-11-02 20:15:12,586 [grpc-default-executor-14] INFO  server.RaftServer$Division (RaftServerImpl.java:checkInconsistentAppendEntries(1322)) - omNode-1@group-523986131536: Failed appendEntries as previous log entry ((t:9, i:25)) is not found
2021-11-02 20:15:12,586 [grpc-default-executor-14] INFO  server.RaftServer$Division (RaftServerImpl.java:checkInconsistentAppendEntries(1288)) - omNode-1@group-523986131536: inconsistency entries. Reply:omNode-2<-omNode-1#11784:FAIL-t9,INCONSISTENCY,nextIndex=11,followerCommit=10
2021-11-02 20:15:12,587 [grpc-default-executor-14] INFO  leader.FollowerInfo (FollowerInfoImpl.java:lambda$new$0(47)) - omNode-2@group-523986131536->omNode-1: nextIndex: updateUnconditionally 26 -> 11
2021-11-02 20:15:13,088 [grpc-default-executor-14] INFO  server.RaftServer$Division (RaftServerImpl.java:checkInconsistentAppendEntries(1322)) - omNode-1@group-523986131536: Failed appendEntries as previous log entry ((t:9, i:25)) is not found
2021-11-02 20:15:13,089 [grpc-default-executor-14] INFO  server.RaftServer$Division (RaftServerImpl.java:checkInconsistentAppendEntries(1288)) - omNode-1@group-523986131536: inconsistency entries. Reply:omNode-2<-omNode-1#11835:FAIL-t9,INCONSISTENCY,nextIndex=11,followerCommit=10
2021-11-02 20:15:13,089 [grpc-default-executor-14] INFO  leader.FollowerInfo (FollowerInfoImpl.java:lambda$new$0(47)) - omNode-2@group-523986131536->omNode-1: nextIndex: updateUnconditionally 26 -> 11
2021-11-02 20:15:13,591 [grpc-default-executor-14] INFO  server.RaftServer$Division (RaftServerImpl.java:checkInconsistentAppendEntries(1322)) - omNode-1@group-523986131536: Failed appendEntries as previous log entry ((t:9, i:25)) is not found
2021-11-02 20:15:13,592 [grpc-default-executor-14] INFO  server.RaftServer$Division (RaftServerImpl.java:checkInconsistentAppendEntries(1288)) - omNode-1@group-523986131536: inconsistency entries. Reply:omNode-2<-omNode-1#11886:FAIL-t9,INCONSISTENCY,nextIndex=11,followerCommit=10
2021-11-02 20:15:13,592 [grpc-default-executor-14] INFO  leader.FollowerInfo (FollowerInfoImpl.java:lambda$new$0(47)) - omNode-2@group-523986131536->omNode-1: nextIndex: updateUnconditionally 26 -> 11
2021-11-02 20:15:14,094 [grpc-default-executor-6] INFO  server.RaftServer$Division (RaftServerImpl.java:checkInconsistentAppendEntries(1322)) - omNode-1@group-523986131536: Failed appendEntries as previous log entry ((t:9, i:25)) is not found
2021-11-02 20:15:14,094 [grpc-default-executor-6] INFO  server.RaftServer$Division (RaftServerImpl.java:checkInconsistentAppendEntries(1288)) - omNode-1@group-523986131536: inconsistency entries. Reply:omNode-2<-omNode-1#11937:FAIL-t9,INCONSISTENCY,nextIndex=11,followerCommit=10
2021-11-02 20:15:14,095 [grpc-default-executor-6] INFO  leader.FollowerInfo (FollowerInfoImpl.java:lambda$new$0(47)) - omNode-2@group-523986131536->omNode-1: nextIndex: updateUnconditionally 26 -> 11
2021-11-02 20:15:14,596 [grpc-default-executor-6] INFO  server.RaftServer$Division (RaftServerImpl.java:checkInconsistentAppendEntries(1322)) - omNode-1@group-523986131536: Failed appendEntries as previous log entry ((t:9, i:25)) is not found
2021-11-02 20:15:14,596 [grpc-default-executor-6] INFO  server.RaftServer$Division (RaftServerImpl.java:checkInconsistentAppendEntries(1288)) - omNode-1@group-523986131536: inconsistency entries. Reply:omNode-2<-omNode-1#11988:FAIL-t9,INCONSISTENCY,nextIndex=11,followerCommit=10
2021-11-02 20:15:14,597 [grpc-default-executor-6] INFO  leader.FollowerInfo (FollowerInfoImpl.java:lambda$new$0(47)) - omNode-2@group-523986131536->omNode-1: nextIndex: updateUnconditionally 26 -> 11
2021-11-02 20:15:15,098 [grpc-default-executor-6] INFO  server.RaftServer$Division (RaftServerImpl.java:checkInconsistentAppendEntries(1322)) - omNode-1@group-523986131536: Failed appendEntries as previous log entry ((t:9, i:25)) is not found
2021-11-02 20:15:15,099 [grpc-default-executor-6] INFO  server.RaftServer$Division (RaftServerImpl.java:checkInconsistentAppendEntries(1288)) - omNode-1@group-523986131536: inconsistency entries. Reply:omNode-2<-omNode-1#12039:FAIL-t9,INCONSISTENCY,nextIndex=11,followerCommit=10
2021-11-02 20:15:15,099 [grpc-default-executor-6] INFO  leader.FollowerInfo (FollowerInfoImpl.java:lambda$new$0(47)) - omNode-2@group-523986131536->omNode-1: nextIndex: updateUnconditionally 26 -> 11
2021-11-02 20:15:15,601 [grpc-default-executor-6] INFO  server.RaftServer$Division (RaftServerImpl.java:checkInconsistentAppendEntries(1322)) - omNode-1@group-523986131536: Failed appendEntries as previous log entry ((t:9, i:25)) is not found
2021-11-02 20:15:15,601 [grpc-default-executor-6] INFO  server.RaftServer$Division (RaftServerImpl.java:checkInconsistentAppendEntries(1288)) - omNode-1@group-523986131536: inconsistency entries. Reply:omNode-2<-omNode-1#12090:FAIL-t9,INCONSISTENCY,nextIndex=11,followerCommit=10
2021-11-02 20:15:15,603 [grpc-default-executor-6] INFO  leader.FollowerInfo (FollowerInfoImpl.java:lambda$new$0(47)) - omNode-2@group-523986131536->omNode-1: nextIndex: updateUnconditionally 26 -> 11
2021-11-02 20:15:16,105 [grpc-default-executor-6] INFO  server.RaftServer$Division (RaftServerImpl.java:checkInconsistentAppendEntries(1322)) - omNode-1@group-523986131536: Failed appendEntries as previous log entry ((t:9, i:25)) is not found
2021-11-02 20:15:16,105 [grpc-default-executor-6] INFO  server.RaftServer$Division (RaftServerImpl.java:checkInconsistentAppendEntries(1288)) - omNode-1@group-523986131536: inconsistency entries. Reply:omNode-2<-omNode-1#12141:FAIL-t9,INCONSISTENCY,nextIndex=11,followerCommit=10
2021-11-02 20:15:16,106 [grpc-default-executor-6] INFO  leader.FollowerInfo (FollowerInfoImpl.java:lambda$new$0(47)) - omNode-2@group-523986131536->omNode-1: nextIndex: updateUnconditionally 26 -> 11
2021-11-02 20:15:16,608 [grpc-default-executor-14] INFO  server.RaftServer$Division (RaftServerImpl.java:checkInconsistentAppendEntries(1322)) - omNode-1@group-523986131536: Failed appendEntries as previous log entry ((t:9, i:25)) is not found
2021-11-02 20:15:16,608 [grpc-default-executor-14] INFO  server.RaftServer$Division (RaftServerImpl.java:checkInconsistentAppendEntries(1288)) - omNode-1@group-523986131536: inconsistency entries. Reply:omNode-2<-omNode-1#12192:FAIL-t9,INCONSISTENCY,nextIndex=11,followerCommit=10
2021-11-02 20:15:16,609 [grpc-default-executor-14] INFO  leader.FollowerInfo (FollowerInfoImpl.java:lambda$new$0(47)) - omNode-2@group-523986131536->omNode-1: nextIndex: updateUnconditionally 26 -> 11
2021-11-02 20:15:17,111 [grpc-default-executor-14] INFO  server.RaftServer$Division (RaftServerImpl.java:checkInconsistentAppendEntries(1322)) - omNode-1@group-523986131536: Failed appendEntries as previous log entry ((t:9, i:25)) is not found
2021-11-02 20:15:17,111 [grpc-default-executor-14] INFO  server.RaftServer$Division (RaftServerImpl.java:checkInconsistentAppendEntries(1288)) - omNode-1@group-523986131536: inconsistency entries. Reply:omNode-2<-omNode-1#12243:FAIL-t9,INCONSISTENCY,nextIndex=11,followerCommit=10
2021-11-02 20:15:17,111 [grpc-default-executor-14] INFO  leader.FollowerInfo (FollowerInfoImpl.java:lambda$new$0(47)) - omNode-2@group-523986131536->omNode-1: nextIndex: updateUnconditionally 26 -> 11
2021-11-02 20:15:17,477 [Time-limited test] INFO  om.OzoneManager (OzoneManager.java:stop(1697)) - Stopping Ozone Manager
2021-11-02 20:15:17,477 [Time-limited test] INFO  ipc.Server (Server.java:stop(3414)) - Stopping server on 10620
2021-11-02 20:15:17,482 [IPC Server Responder] INFO  ipc.Server (Server.java:run(1512)) - Stopping IPC Server Responder
2021-11-02 20:15:17,483 [IPC Server listener on 10620] INFO  ipc.Server (Server.java:run(1376)) - Stopping IPC Server listener on 10620
2021-11-02 20:15:17,486 [Time-limited test] INFO  server.RaftServer (RaftServerProxy.java:lambda$close$6(391)) - omNode-3: close
2021-11-02 20:15:17,486 [Time-limited test] INFO  server.RaftServer$Division (RaftServerImpl.java:lambda$close$4(412)) - omNode-3@group-523986131536: shutdown
2021-11-02 20:15:17,486 [Time-limited test] INFO  util.JmxRegister (JmxRegister.java:unregister(73)) - Successfully un-registered JMX Bean with object name Ratis:service=RaftServer,group=group-523986131536,id=omNode-3
2021-11-02 20:15:17,486 [Time-limited test] INFO  impl.RoleInfo (RoleInfo.java:shutdownFollowerState(108)) - omNode-3: shutdown omNode-3@group-523986131536-FollowerState
2021-11-02 20:15:17,486 [Time-limited test] INFO  impl.StateMachineUpdater (StateMachineUpdater.java:stopAndJoin(149)) - omNode-3@group-523986131536-StateMachineUpdater: set stopIndex = 25
2021-11-02 20:15:17,486 [omNode-3@group-523986131536-FollowerState] INFO  impl.FollowerState (FollowerState.java:run(143)) - omNode-3@group-523986131536-FollowerState was interrupted: {}
java.lang.InterruptedException: sleep interrupted
	at java.lang.Thread.sleep(Native Method)
	at java.lang.Thread.sleep(Thread.java:340)
	at java.util.concurrent.TimeUnit.sleep(TimeUnit.java:386)
	at org.apache.ratis.util.TimeDuration.sleep(TimeDuration.java:324)
	at org.apache.ratis.util.TimeDuration.sleep(TimeDuration.java:309)
	at org.apache.ratis.server.impl.FollowerState.run(FollowerState.java:118)
2021-11-02 20:15:17,486 [omNode-3@group-523986131536-StateMachineUpdater] INFO  ratis.OzoneManagerStateMachine (OzoneManagerStateMachine.java:takeSnapshot(417)) - Current Snapshot Index (t:9, i:25)
2021-11-02 20:15:17,487 [omNode-3@group-523986131536-StateMachineUpdater] INFO  impl.StateMachineUpdater (StateMachineUpdater.java:takeSnapshot(281)) - omNode-3@group-523986131536-StateMachineUpdater: Took a snapshot at index 25
2021-11-02 20:15:17,487 [omNode-3@group-523986131536-StateMachineUpdater] INFO  impl.StateMachineUpdater (StateMachineUpdater.java:lambda$new$0(89)) - omNode-3@group-523986131536-StateMachineUpdater: snapshotIndex: updateIncreasingly 20 -> 25
2021-11-02 20:15:17,487 [omNode-3@group-523986131536-StateMachineUpdater] INFO  ratis.OzoneManagerStateMachine (OzoneManagerStateMachine.java:close(471)) - StateMachine has shutdown. Shutdown OzoneManager if not already shutdown.
2021-11-02 20:15:17,487 [Time-limited test] INFO  server.RaftServer$Division (ServerState.java:close(419)) - omNode-3@group-523986131536: closes. applyIndex: 25
2021-11-02 20:15:17,488 [omNode-3@group-523986131536-SegmentedRaftLogWorker] INFO  segmented.SegmentedRaftLogWorker (SegmentedRaftLogWorker.java:run(327)) - omNode-3@group-523986131536-SegmentedRaftLogWorker was interrupted, exiting. There are 0 tasks remaining in the queue.
2021-11-02 20:15:17,490 [Time-limited test] INFO  segmented.SegmentedRaftLogWorker (SegmentedRaftLogWorker.java:close(237)) - omNode-3@group-523986131536-SegmentedRaftLogWorker close()
2021-11-02 20:15:17,492 [Time-limited test] INFO  server.GrpcService (GrpcService.java:closeImpl(262)) - omNode-3: shutdown server with port 10624 now
2021-11-02 20:15:17,492 [grpc-default-executor-6] WARN  server.GrpcServerProtocolService (LogUtils.java:warn(122)) - omNode-3: installSnapshot onError, lastRequest: omNode-2->omNode-3#60-t9,previous=(t:9, i:24),leaderCommit=24,initializing? true,entries: size=1, first=(t:9, i:25), METADATAENTRY(c:24): org.apache.ratis.thirdparty.io.grpc.StatusRuntimeException: CANCELLED: client cancelled
2021-11-02 20:15:17,494 [grpc-default-executor-14] WARN  server.GrpcLogAppender (LogUtils.java:warn(122)) - omNode-2@group-523986131536->omNode-3-AppendLogResponseHandler: Failed appendEntries: org.apache.ratis.thirdparty.io.grpc.StatusRuntimeException: CANCELLED: HTTP/2 error code: CANCEL
Received Rst Stream
2021-11-02 20:15:17,494 [grpc-default-executor-14] INFO  leader.FollowerInfo (FollowerInfoImpl.java:lambda$new$0(47)) - omNode-2@group-523986131536->omNode-3: nextIndex: updateUnconditionally 26 -> 25
2021-11-02 20:15:17,500 [Time-limited test] INFO  server.GrpcService (GrpcService.java:closeImpl(271)) - omNode-3: shutdown server with port 10624 successfully
2021-11-02 20:15:17,500 [org.apache.ratis.util.JvmPauseMonitor$$Lambda$523/614850410@44b9e839] INFO  util.JvmPauseMonitor (JvmPauseMonitor.java:run(109)) - JvmPauseMonitor-omNode-3: Stopped
2021-11-02 20:15:17,500 [Time-limited test] INFO  ratis.OzoneManagerDoubleBuffer (OzoneManagerDoubleBuffer.java:stop(437)) - Stopping OMDoubleBuffer flush thread
2021-11-02 20:15:17,500 [OMDoubleBufferFlushThread] INFO  ratis.OzoneManagerDoubleBuffer (OzoneManagerDoubleBuffer.java:flushTransactions(356)) - OMDoubleBuffer flush thread OMDoubleBufferFlushThread is interrupted and will exit. OMDoubleBufferFlushThread
2021-11-02 20:15:17,501 [Time-limited test] INFO  handler.ContextHandler (ContextHandler.java:doStop(1153)) - Stopped o.e.j.w.WebAppContext@13e71721{ozoneManager,/,null,STOPPED}{file:/home/runner/work/ozone/ozone/hadoop-ozone/integration-test/target/test-classes/webapps/ozoneManager}
2021-11-02 20:15:17,502 [Time-limited test] INFO  server.AbstractConnector (AbstractConnector.java:doStop(381)) - Stopped ServerConnector@51a3fbf4{HTTP/1.1, (http/1.1)}{0.0.0.0:10622}
2021-11-02 20:15:17,502 [Time-limited test] INFO  server.session (HouseKeeper.java:stopScavenging(149)) - node0 Stopped scavenging
2021-11-02 20:15:17,502 [Time-limited test] INFO  handler.ContextHandler (ContextHandler.java:doStop(1153)) - Stopped o.e.j.s.ServletContextHandler@454ddb70{static,/static,file:///home/runner/work/ozone/ozone/hadoop-ozone/integration-test/target/test-classes/webapps/static,STOPPED}
2021-11-02 20:15:17,502 [Time-limited test] INFO  handler.ContextHandler (ContextHandler.java:doStop(1153)) - Stopped o.e.j.s.ServletContextHandler@50c5f6fc{logs,/logs,file:///home/runner/work/ozone/ozone/hadoop-ozone/integration-test/target/log,STOPPED}
2021-11-02 20:15:17,505 [grpc-default-executor-14] WARN  server.GrpcLogAppender (LogUtils.java:warn(122)) - omNode-2@group-523986131536->omNode-3-AppendLogResponseHandler: Failed appendEntries: org.apache.ratis.thirdparty.io.grpc.StatusRuntimeException: UNAVAILABLE: io exception
2021-11-02 20:15:17,505 [grpc-default-executor-14] INFO  leader.FollowerInfo (FollowerInfoImpl.java:lambda$new$0(47)) - omNode-2@group-523986131536->omNode-3: nextIndex: updateUnconditionally 26 -> 25
2021-11-02 20:15:17,508 [Time-limited test] INFO  om.OzoneManager (OzoneManager.java:initFSOLayout(3662)) - Configured ozone.om.metadata.layout=SIMPLE and disabled optimized OM FS operations
2021-11-02 20:15:17,508 [Time-limited test] INFO  om.OzoneManager (OzoneManager.java:restart(1412)) - OzoneManager RPC server is listening at localhost/127.0.0.1:10620
2021-11-02 20:15:17,509 [Time-limited test] INFO  impl.MetricsSystemImpl (MetricsSystemImpl.java:init(158)) - OzoneManager metrics system started (again)
2021-11-02 20:15:17,532 [Time-limited test] WARN  server.ServerUtils (ServerUtils.java:getDBPath(225)) - ozone.om.db.dirs is not configured. We recommend adding this setting. Falling back to ozone.metadata.dirs instead.
2021-11-02 20:15:17,534 [Time-limited test] INFO  codec.OmKeyInfoCodec (OmKeyInfoCodec.java:<init>(51)) - OmKeyInfoCodec ignorePipeline = true
2021-11-02 20:15:17,534 [Time-limited test] INFO  codec.RepeatedOmKeyInfoCodec (RepeatedOmKeyInfoCodec.java:<init>(42)) - RepeatedOmKeyInfoCodec ignorePipeline = true
2021-11-02 20:15:17,580 [Time-limited test] WARN  impl.MetricRegistriesImpl (MetricRegistriesImpl.java:addReporterRegistration(111)) - New reporters are added after registries were created. Some metrics will be missing from the reporter. Please add reporter before adding any new registry.
2021-11-02 20:15:17,580 [Time-limited test] WARN  impl.MetricRegistriesImpl (MetricRegistriesImpl.java:addReporterRegistration(111)) - New reporters are added after registries were created. Some metrics will be missing from the reporter. Please add reporter before adding any new registry.
2021-11-02 20:15:17,580 [Time-limited test] WARN  server.ServerUtils (ServerUtils.java:getDefaultRatisDirectory(237)) - Storage directory for Ratis is not configured. It is a good idea to map this to an SSD disk. Falling back to ozone.metadata.dirs
2021-11-02 20:15:17,581 [Time-limited test] INFO  ratis.OzoneManagerRatisServer (OzoneManagerRatisServer.java:<init>(159)) - Instantiating OM Ratis server with groupID: om-service-test1 and peers: localhost:10624, localhost:10612, localhost:10618
2021-11-02 20:15:17,581 [Time-limited test] INFO  ratis.OzoneManagerStateMachine (OzoneManagerStateMachine.java:loadSnapshotInfoFromDB(605)) - LastAppliedIndex is set from TransactionInfo from OM DB as (t:9, i:25)
2021-11-02 20:15:17,584 [Time-limited test] INFO  server.RaftServer (ConfUtils.java:logGet(44)) - raft.rpc.type = GRPC (default)
2021-11-02 20:15:17,585 [Time-limited test] INFO  grpc.GrpcFactory (GrpcFactory.java:checkPooledByteBufAllocatorUseCacheForAllThreads(48)) - PERFORMANCE WARNING: useCacheForAllThreads is true that may cause Netty to create a lot garbage objects and, as a result, trigger GC.
	It is recommended to disable useCacheForAllThreads by setting -Dorg.apache.ratis.thirdparty.io.netty.allocator.useCacheForAllThreads=false in command line.
2021-11-02 20:15:17,585 [Time-limited test] INFO  grpc.GrpcConfigKeys (ConfUtils.java:logGet(44)) - raft.grpc.admin.port = -1 (default)
2021-11-02 20:15:17,585 [Time-limited test] INFO  grpc.GrpcConfigKeys (ConfUtils.java:logGet(44)) - raft.grpc.server.port = 10624 (custom)
2021-11-02 20:15:17,585 [Time-limited test] INFO  grpc.GrpcConfigKeys (ConfUtils.java:logGet(44)) - raft.grpc.client.port = -1 (default)
2021-11-02 20:15:17,585 [Time-limited test] INFO  grpc.GrpcConfigKeys (ConfUtils.java:logGet(44)) - raft.grpc.server.port = 10624 (custom)
2021-11-02 20:15:17,585 [Time-limited test] INFO  grpc.GrpcConfigKeys (ConfUtils.java:logGet(44)) - raft.grpc.server.port = 10624 (custom)
2021-11-02 20:15:17,585 [Time-limited test] INFO  server.GrpcService (ConfUtils.java:logGet(44)) - raft.grpc.message.size.max = 33554432 (custom)
2021-11-02 20:15:17,585 [Time-limited test] INFO  server.RaftServerConfigKeys (ConfUtils.java:logGet(44)) - raft.server.log.appender.buffer.byte-limit = 33554432 (custom)
2021-11-02 20:15:17,585 [Time-limited test] INFO  server.GrpcService (ConfUtils.java:logGet(44)) - raft.grpc.flow.control.window = 1MB (=1048576) (default)
2021-11-02 20:15:17,585 [Time-limited test] INFO  server.RaftServerConfigKeys (ConfUtils.java:logGet(44)) - raft.server.rpc.request.timeout = 3000ms (default)
2021-11-02 20:15:17,586 [Time-limited test] INFO  impl.DataStreamServerImpl (ConfUtils.java:logGet(44)) - raft.datastream.type = DISABLED (default)
2021-11-02 20:15:17,587 [Time-limited test] INFO  server.RaftServerConfigKeys (ConfUtils.java:logGet(44)) - raft.server.rpc.slowness.timeout = 2s (custom)
2021-11-02 20:15:17,587 [Time-limited test] INFO  server.RaftServerConfigKeys (ConfUtils.java:logGet(44)) - raft.server.leaderelection.leader.step-down.wait-time = 10s (default)
2021-11-02 20:15:17,587 [Time-limited test] INFO  server.RaftServerConfigKeys (ConfUtils.java:logGet(44)) - raft.server.storage.dir = [/home/runner/work/ozone/ozone/hadoop-ozone/integration-test/target/test-dir/MiniOzoneClusterImpl-76263e8f-62ab-412a-8766-4a189fbce95f/omNode-3/ratis] (custom)
2021-11-02 20:15:17,589 [Time-limited test] INFO  server.RaftServer (RaftServerProxy.java:lambda$null$1(235)) - omNode-3: found a subdirectory /home/runner/work/ozone/ozone/hadoop-ozone/integration-test/target/test-dir/MiniOzoneClusterImpl-76263e8f-62ab-412a-8766-4a189fbce95f/omNode-3/ratis/c9bc4cf4-3bc3-3c60-a66b-523986131536
2021-11-02 20:15:17,589 [Time-limited test] INFO  server.RaftServer (RaftServerProxy.java:addNew(95)) - omNode-3: addNew group-523986131536:[omNode-3|rpc:localhost:10624|priority:0, omNode-1|rpc:localhost:10612|priority:0, omNode-2|rpc:localhost:10618|priority:0] returns group-523986131536:java.util.concurrent.CompletableFuture@70973d86[Not completed]
2021-11-02 20:15:17,589 [Time-limited test] INFO  om.OzoneManager (OzoneManager.java:initializeRatisServer(1638)) - OzoneManager Ratis server initialized at port 10624
2021-11-02 20:15:17,589 [pool-351-thread-1] INFO  server.RaftServer$Division (RaftServerImpl.java:<init>(184)) - omNode-3: new RaftServerImpl for group-523986131536:[omNode-3|rpc:localhost:10624|priority:0, omNode-1|rpc:localhost:10612|priority:0, omNode-2|rpc:localhost:10618|priority:0] with OzoneManagerStateMachine:uninitialized
2021-11-02 20:15:17,590 [Time-limited test] INFO  ratis.OzoneManagerRatisServer (OzoneManagerRatisServer.java:start(522)) - Starting OzoneManagerRatisServer omNode-3 at port 10624
2021-11-02 20:15:17,591 [pool-351-thread-1] INFO  server.RaftServerConfigKeys (ConfUtils.java:logGet(44)) - raft.server.rpc.timeout.min = 1s (custom)
2021-11-02 20:15:17,591 [pool-351-thread-1] INFO  server.RaftServerConfigKeys (ConfUtils.java:logGet(44)) - raft.server.rpc.timeout.max = 1200ms (custom)
2021-11-02 20:15:17,591 [pool-351-thread-1] INFO  server.RaftServerConfigKeys (ConfUtils.java:logGet(44)) - raft.server.rpc.sleep.time = 25ms (default)
2021-11-02 20:15:17,591 [pool-351-thread-1] INFO  server.RaftServerConfigKeys (ConfUtils.java:logGet(44)) - raft.server.rpc.slowness.timeout = 2s (custom)
2021-11-02 20:15:17,591 [pool-351-thread-1] INFO  server.RaftServerConfigKeys (ConfUtils.java:logGet(44)) - raft.server.leaderelection.leader.step-down.wait-time = 10s (default)
2021-11-02 20:15:17,591 [pool-351-thread-1] INFO  server.RaftServerConfigKeys (ConfUtils.java:logGet(44)) - raft.server.sleep.deviation.threshold = 300ms (default)
2021-11-02 20:15:17,591 [pool-351-thread-1] INFO  server.RaftServerConfigKeys (ConfUtils.java:logGet(44)) - raft.server.log.appender.install.snapshot.enabled = false (custom)
2021-11-02 20:15:17,591 [pool-351-thread-1] INFO  server.RaftServer$Division (ServerState.java:<init>(105)) - omNode-3@group-523986131536: ConfigurationManager, init=-1: [omNode-3|rpc:localhost:10624|priority:0, omNode-1|rpc:localhost:10612|priority:0, omNode-2|rpc:localhost:10618|priority:0], old=null, confs=<EMPTY_MAP>
2021-11-02 20:15:17,591 [pool-351-thread-1] INFO  server.RaftServerConfigKeys (ConfUtils.java:logGet(44)) - raft.server.storage.dir = [/home/runner/work/ozone/ozone/hadoop-ozone/integration-test/target/test-dir/MiniOzoneClusterImpl-76263e8f-62ab-412a-8766-4a189fbce95f/omNode-3/ratis] (custom)
2021-11-02 20:15:17,591 [pool-351-thread-1] INFO  server.RaftServerConfigKeys (ConfUtils.java:logGet(44)) - raft.server.log.corruption.policy = EXCEPTION (default)
2021-11-02 20:15:17,591 [pool-351-thread-1] INFO  server.RaftServerConfigKeys (ConfUtils.java:logGet(44)) - raft.server.storage.free-space.min = 0MB (=0) (default)
2021-11-02 20:15:17,592 [pool-351-thread-1] INFO  storage.RaftStorageDirectory (RaftStorageDirectoryImpl.java:tryLock(230)) - Lock on /home/runner/work/ozone/ozone/hadoop-ozone/integration-test/target/test-dir/MiniOzoneClusterImpl-76263e8f-62ab-412a-8766-4a189fbce95f/omNode-3/ratis/c9bc4cf4-3bc3-3c60-a66b-523986131536/in_use.lock acquired by nodename 14135@fv-az270-10
2021-11-02 20:15:17,593 [pool-351-thread-1] INFO  storage.RaftStorage (RaftStorageImpl.java:analyzeAndRecoverStorage(110)) - Read RaftStorageMetadata{term=9, votedFor=omNode-2} from /home/runner/work/ozone/ozone/hadoop-ozone/integration-test/target/test-dir/MiniOzoneClusterImpl-76263e8f-62ab-412a-8766-4a189fbce95f/omNode-3/ratis/c9bc4cf4-3bc3-3c60-a66b-523986131536/current/raft-meta
2021-11-02 20:15:17,593 [pool-351-thread-1] INFO  server.RaftServer$Division (ServerState.java:setRaftConf(387)) - omNode-3@group-523986131536: set configuration 22: [omNode-3|rpc:localhost:10624|admin:|client:|dataStream:|priority:0, omNode-1|rpc:localhost:10612|admin:|client:|dataStream:|priority:0, omNode-2|rpc:localhost:10618|admin:|client:|dataStream:|priority:0], old=null
2021-11-02 20:15:17,593 [pool-351-thread-1] INFO  server.RaftServerConfigKeys (ConfUtils.java:logGet(44)) - raft.server.notification.no-leader.timeout = 2s (custom)
2021-11-02 20:15:17,593 [pool-351-thread-1] INFO  server.RaftServerConfigKeys (ConfUtils.java:logGet(44)) - raft.server.log.use.memory = false (default)
2021-11-02 20:15:17,593 [pool-351-thread-1] INFO  server.RaftServerConfigKeys (ConfUtils.java:logGet(44)) - raft.server.log.purge.gap = 50 (custom)
2021-11-02 20:15:17,593 [pool-351-thread-1] INFO  server.RaftServerConfigKeys (ConfUtils.java:logGet(44)) - raft.server.log.appender.buffer.byte-limit = 33554432 (custom)
2021-11-02 20:15:17,594 [pool-351-thread-1] INFO  server.RaftServerConfigKeys (ConfUtils.java:logGet(44)) - raft.server.log.segment.size.max = 4194304 (custom)
2021-11-02 20:15:17,594 [pool-351-thread-1] INFO  server.RaftServerConfigKeys (ConfUtils.java:logGet(44)) - raft.server.log.segment.cache.num.max = 2 (custom)
2021-11-02 20:15:17,594 [pool-351-thread-1] INFO  server.RaftServerConfigKeys (ConfUtils.java:logGet(44)) - raft.server.log.segment.cache.size.max = 200MB (=209715200) (default)
2021-11-02 20:15:17,594 [pool-351-thread-1] INFO  segmented.SegmentedRaftLogWorker (SegmentedRaftLogWorker.java:<init>(182)) - new omNode-3@group-523986131536-SegmentedRaftLogWorker for RaftStorageImpl:Storage Directory /home/runner/work/ozone/ozone/hadoop-ozone/integration-test/target/test-dir/MiniOzoneClusterImpl-76263e8f-62ab-412a-8766-4a189fbce95f/omNode-3/ratis/c9bc4cf4-3bc3-3c60-a66b-523986131536
2021-11-02 20:15:17,594 [pool-351-thread-1] INFO  server.RaftServerConfigKeys (ConfUtils.java:logGet(44)) - raft.server.log.queue.byte-limit = 64MB (=67108864) (default)
2021-11-02 20:15:17,594 [pool-351-thread-1] INFO  server.RaftServerConfigKeys (ConfUtils.java:logGet(44)) - raft.server.log.queue.element-limit = 4096 (default)
2021-11-02 20:15:17,594 [pool-351-thread-1] INFO  server.RaftServerConfigKeys (ConfUtils.java:logGet(44)) - raft.server.log.segment.size.max = 4194304 (custom)
2021-11-02 20:15:17,594 [pool-351-thread-1] INFO  server.RaftServerConfigKeys (ConfUtils.java:logGet(44)) - raft.server.log.preallocated.size = 4194304 (custom)
2021-11-02 20:15:17,594 [pool-351-thread-1] INFO  server.RaftServerConfigKeys (ConfUtils.java:logGet(44)) - raft.server.log.force.sync.num = 128 (default)
2021-11-02 20:15:17,594 [pool-351-thread-1] INFO  server.RaftServerConfigKeys (ConfUtils.java:logGet(44)) - raft.server.log.statemachine.data.sync = true (default)
2021-11-02 20:15:17,594 [pool-351-thread-1] INFO  server.RaftServerConfigKeys (ConfUtils.java:logGet(44)) - raft.server.log.statemachine.data.sync.timeout = 10s (default)
2021-11-02 20:15:17,595 [pool-351-thread-1] INFO  server.RaftServerConfigKeys (ConfUtils.java:logGet(44)) - raft.server.log.statemachine.data.sync.timeout.retry = -1 (default)
2021-11-02 20:15:17,595 [pool-351-thread-1] INFO  server.RaftServerConfigKeys (ConfUtils.java:logGet(44)) - raft.server.log.write.buffer.size = 64KB (=65536) (default)
2021-11-02 20:15:17,595 [pool-351-thread-1] INFO  server.RaftServerConfigKeys (ConfUtils.java:logGet(44)) - raft.server.log.statemachine.data.caching.enabled = false (default)
2021-11-02 20:15:17,596 [pool-351-thread-1] INFO  server.RaftServer$Division (ServerState.java:setRaftConf(387)) - omNode-3@group-523986131536: set configuration 11: [omNode-3|rpc:localhost:10624|admin:|client:|dataStream:|priority:0, omNode-1|rpc:localhost:10612|admin:|client:|dataStream:|priority:0, omNode-2|rpc:localhost:10618|admin:|client:|dataStream:|priority:0], old=null
2021-11-02 20:15:17,596 [pool-351-thread-1] INFO  segmented.LogSegment (LogSegment.java:loadSegment(173)) - Successfully read 2 entries from segment file /home/runner/work/ozone/ozone/hadoop-ozone/integration-test/target/test-dir/MiniOzoneClusterImpl-76263e8f-62ab-412a-8766-4a189fbce95f/omNode-3/ratis/c9bc4cf4-3bc3-3c60-a66b-523986131536/current/log_11-12
2021-11-02 20:15:17,597 [pool-351-thread-1] INFO  server.RaftServer$Division (ServerState.java:setRaftConf(387)) - omNode-3@group-523986131536: set configuration 13: [omNode-3|rpc:localhost:10624|admin:|client:|dataStream:|priority:0, omNode-1|rpc:localhost:10612|admin:|client:|dataStream:|priority:0, omNode-2|rpc:localhost:10618|admin:|client:|dataStream:|priority:0], old=null
2021-11-02 20:15:17,597 [pool-351-thread-1] INFO  segmented.LogSegment (LogSegment.java:loadSegment(173)) - Successfully read 4 entries from segment file /home/runner/work/ozone/ozone/hadoop-ozone/integration-test/target/test-dir/MiniOzoneClusterImpl-76263e8f-62ab-412a-8766-4a189fbce95f/omNode-3/ratis/c9bc4cf4-3bc3-3c60-a66b-523986131536/current/log_13-16
2021-11-02 20:15:17,597 [pool-351-thread-1] INFO  server.RaftServer$Division (ServerState.java:setRaftConf(387)) - omNode-3@group-523986131536: set configuration 17: [omNode-3|rpc:localhost:10624|admin:|client:|dataStream:|priority:0, omNode-1|rpc:localhost:10612|admin:|client:|dataStream:|priority:0, omNode-2|rpc:localhost:10618|admin:|client:|dataStream:|priority:0], old=null
2021-11-02 20:15:17,597 [pool-351-thread-1] INFO  segmented.LogSegment (LogSegment.java:loadSegment(173)) - Successfully read 4 entries from segment file /home/runner/work/ozone/ozone/hadoop-ozone/integration-test/target/test-dir/MiniOzoneClusterImpl-76263e8f-62ab-412a-8766-4a189fbce95f/omNode-3/ratis/c9bc4cf4-3bc3-3c60-a66b-523986131536/current/log_17-20
2021-11-02 20:15:17,597 [pool-351-thread-1] INFO  server.RaftServer$Division (ServerState.java:setRaftConf(387)) - omNode-3@group-523986131536: set configuration 21: [omNode-3|rpc:localhost:10624|admin:|client:|dataStream:|priority:0, omNode-1|rpc:localhost:10612|admin:|client:|dataStream:|priority:0, omNode-2|rpc:localhost:10618|admin:|client:|dataStream:|priority:0], old=null
2021-11-02 20:15:17,597 [pool-351-thread-1] INFO  segmented.LogSegment (LogSegment.java:loadSegment(173)) - Successfully read 1 entries from segment file /home/runner/work/ozone/ozone/hadoop-ozone/integration-test/target/test-dir/MiniOzoneClusterImpl-76263e8f-62ab-412a-8766-4a189fbce95f/omNode-3/ratis/c9bc4cf4-3bc3-3c60-a66b-523986131536/current/log_21-21
2021-11-02 20:15:17,597 [pool-351-thread-1] INFO  server.RaftServer$Division (ServerState.java:setRaftConf(387)) - omNode-3@group-523986131536: set configuration 22: [omNode-3|rpc:localhost:10624|admin:|client:|dataStream:|priority:0, omNode-1|rpc:localhost:10612|admin:|client:|dataStream:|priority:0, omNode-2|rpc:localhost:10618|admin:|client:|dataStream:|priority:0], old=null
2021-11-02 20:15:17,598 [pool-351-thread-1] INFO  segmented.LogSegment (LogSegment.java:loadSegment(173)) - Successfully read 4 entries from segment file /home/runner/work/ozone/ozone/hadoop-ozone/integration-test/target/test-dir/MiniOzoneClusterImpl-76263e8f-62ab-412a-8766-4a189fbce95f/omNode-3/ratis/c9bc4cf4-3bc3-3c60-a66b-523986131536/current/log_inprogress_22
2021-11-02 20:15:17,598 [pool-351-thread-1] INFO  segmented.SegmentedRaftLogWorker (SegmentedRaftLogWorker.java:lambda$new$0(133)) - omNode-3@group-523986131536-SegmentedRaftLogWorker: flushIndex: setUnconditionally 0 -> 25
2021-11-02 20:15:17,598 [pool-351-thread-1] INFO  segmented.SegmentedRaftLogWorker (SegmentedRaftLogWorker.java:lambda$new$0(133)) - omNode-3@group-523986131536-SegmentedRaftLogWorker: safeCacheEvictIndex: setUnconditionally 0 -> 21
2021-11-02 20:15:17,599 [pool-351-thread-1] INFO  raftlog.RaftLog (RaftLogBase.java:lambda$new$0(53)) - omNode-3@group-523986131536-SegmentedRaftLog: commitIndex: updateToMax old=25, new=24, updated? false
2021-11-02 20:15:17,599 [pool-351-thread-1] INFO  raftlog.RaftLog (RaftLogBase.java:lambda$new$0(53)) - omNode-3@group-523986131536-SegmentedRaftLog: purgeIndex: updateIncreasingly -1 -> 10
2021-11-02 20:15:17,599 [pool-351-thread-1] INFO  server.RaftServerConfigKeys (ConfUtils.java:logGet(44)) - raft.server.snapshot.auto.trigger.enabled = true (custom)
2021-11-02 20:15:17,599 [pool-351-thread-1] INFO  server.RaftServerConfigKeys (ConfUtils.java:logGet(44)) - raft.server.snapshot.auto.trigger.threshold = 50 (custom)
2021-11-02 20:15:17,599 [pool-351-thread-1] INFO  server.RaftServerConfigKeys (ConfUtils.java:logGet(44)) - raft.server.snapshot.retention.file.num = -1 (default)
2021-11-02 20:15:17,599 [pool-351-thread-1] INFO  server.RaftServerConfigKeys (ConfUtils.java:logGet(44)) - raft.server.log.purge.upto.snapshot.index = true (custom)
2021-11-02 20:15:17,599 [pool-351-thread-1] INFO  server.RaftServerConfigKeys (ConfUtils.java:logGet(44)) - raft.server.retrycache.expirytime = 30000ms (custom)
2021-11-02 20:15:17,599 [pool-351-thread-1] INFO  server.RaftServerConfigKeys (ConfUtils.java:logGet(44)) - raft.server.retrycache.statistics.expirytime = 100μs (default)
2021-11-02 20:15:17,600 [Time-limited test] INFO  server.RaftServer$Division (RaftServerImpl.java:start(301)) - omNode-3@group-523986131536: start as a follower, conf=22: [omNode-3|rpc:localhost:10624|admin:|client:|dataStream:|priority:0, omNode-1|rpc:localhost:10612|admin:|client:|dataStream:|priority:0, omNode-2|rpc:localhost:10618|admin:|client:|dataStream:|priority:0], old=null
2021-11-02 20:15:17,600 [Time-limited test] INFO  server.RaftServer$Division (RaftServerImpl.java:setRole(290)) - omNode-3@group-523986131536: changes role from      null to FOLLOWER at term 9 for startAsFollower
2021-11-02 20:15:17,601 [Time-limited test] INFO  impl.RoleInfo (RoleInfo.java:updateAndGet(130)) - omNode-3: start omNode-3@group-523986131536-FollowerState
2021-11-02 20:15:17,601 [Time-limited test] INFO  util.JmxRegister (JmxRegister.java:tryRegister(44)) - Successfully registered JMX Bean with object name Ratis:service=RaftServer,group=group-523986131536,id=omNode-3
2021-11-02 20:15:17,601 [Time-limited test] INFO  server.RaftServer (RaftServerProxy.java:lambda$start$5(374)) - omNode-3: start RPC server
2021-11-02 20:15:17,604 [Time-limited test] INFO  server.GrpcService (GrpcService.java:startImpl(253)) - omNode-3: GrpcService started, listening on 10624
2021-11-02 20:15:17,605 [org.apache.ratis.util.JvmPauseMonitor$$Lambda$523/614850410@7b345766] INFO  util.JvmPauseMonitor (JvmPauseMonitor.java:run(103)) - JvmPauseMonitor-omNode-3: Started
2021-11-02 20:15:17,606 [Time-limited test] INFO  ipc.CallQueueManager (CallQueueManager.java:<init>(90)) - Using callQueue: class java.util.concurrent.LinkedBlockingQueue, queueCapacity: 2000, scheduler: class org.apache.hadoop.ipc.DefaultRpcScheduler, ipcBackoff: false.
2021-11-02 20:15:17,606 [Socket Reader #1 for port 10620] INFO  ipc.Server (Server.java:run(1265)) - Starting Socket Reader #1 for port 10620
2021-11-02 20:15:17,609 [Listener at localhost/10620] INFO  http.BaseHttpServer (BaseHttpServer.java:newHttpServer2BuilderForOzone(209)) - Starting Web-server for ozoneManager at: http://0.0.0.0:10622
2021-11-02 20:15:17,609 [Listener at localhost/10620] INFO  http.BaseHttpServer (BaseHttpServer.java:<init>(107)) - Hadoop Security Enabled: false Ozone Security Enabled: false Ozone HTTP Security Enabled: false 
2021-11-02 20:15:17,612 [Listener at localhost/10620] INFO  server.AuthenticationFilter (AuthenticationFilter.java:constructSecretProvider(240)) - Unable to initialize FileSignerSecretProvider, falling back to use random secrets.
2021-11-02 20:15:17,613 [Listener at localhost/10620] WARN  http.HttpRequestLog (HttpRequestLog.java:getRequestLog(103)) - Jetty request log can only be enabled using Log4j
2021-11-02 20:15:17,613 [grpc-default-executor-14] INFO  server.RaftServer$Division (RaftServerImpl.java:checkInconsistentAppendEntries(1322)) - omNode-1@group-523986131536: Failed appendEntries as previous log entry ((t:9, i:25)) is not found
2021-11-02 20:15:17,614 [grpc-default-executor-14] INFO  server.RaftServer$Division (RaftServerImpl.java:checkInconsistentAppendEntries(1288)) - omNode-1@group-523986131536: inconsistency entries. Reply:omNode-2<-omNode-1#12293:FAIL-t9,INCONSISTENCY,nextIndex=11,followerCommit=10
2021-11-02 20:15:17,614 [Listener at localhost/10620] INFO  http.HttpServer2 (HttpServer2.java:addGlobalFilter(1030)) - Added global filter 'safety' (class=org.apache.hadoop.hdds.server.http.HttpServer2$QuotingInputFilter)
2021-11-02 20:15:17,614 [grpc-default-executor-14] INFO  leader.FollowerInfo (FollowerInfoImpl.java:lambda$new$0(47)) - omNode-2@group-523986131536->omNode-1: nextIndex: updateUnconditionally 26 -> 11
2021-11-02 20:15:17,615 [Listener at localhost/10620] INFO  http.HttpServer2 (HttpServer2.java:addFilter(1006)) - Added filter static_user_filter (class=org.apache.hadoop.http.lib.StaticUserWebFilter$StaticUserFilter) to context ozoneManager
2021-11-02 20:15:17,615 [Listener at localhost/10620] INFO  http.HttpServer2 (HttpServer2.java:addFilter(1014)) - Added filter static_user_filter (class=org.apache.hadoop.http.lib.StaticUserWebFilter$StaticUserFilter) to context logs
2021-11-02 20:15:17,615 [Listener at localhost/10620] INFO  http.HttpServer2 (HttpServer2.java:addFilter(1014)) - Added filter static_user_filter (class=org.apache.hadoop.http.lib.StaticUserWebFilter$StaticUserFilter) to context static
2021-11-02 20:15:17,616 [Listener at localhost/10620] INFO  http.HttpServer2 (HttpServer2.java:bindListener(1249)) - Jetty bound to port 10622
2021-11-02 20:15:17,616 [Listener at localhost/10620] INFO  server.Server (Server.java:doStart(375)) - jetty-9.4.43.v20210629; built: 2021-06-30T11:07:22.254Z; git: 526006ecfa3af7f1a27ef3a288e2bef7ea9dd7e8; jvm 1.8.0_292-b10
2021-11-02 20:15:17,617 [Listener at localhost/10620] INFO  server.session (DefaultSessionIdManager.java:doStart(334)) - DefaultSessionIdManager workerName=node0
2021-11-02 20:15:17,617 [Listener at localhost/10620] INFO  server.session (DefaultSessionIdManager.java:doStart(339)) - No SessionScavenger set, using defaults
2021-11-02 20:15:17,617 [Listener at localhost/10620] INFO  server.session (HouseKeeper.java:startScavenging(132)) - node0 Scavenging every 600000ms
2021-11-02 20:15:17,618 [Listener at localhost/10620] INFO  handler.ContextHandler (ContextHandler.java:doStart(915)) - Started o.e.j.s.ServletContextHandler@66bf3ebf{logs,/logs,file:///home/runner/work/ozone/ozone/hadoop-ozone/integration-test/target/log,AVAILABLE}
2021-11-02 20:15:17,618 [Listener at localhost/10620] INFO  handler.ContextHandler (ContextHandler.java:doStart(915)) - Started o.e.j.s.ServletContextHandler@ec52336{static,/static,file:///home/runner/work/ozone/ozone/hadoop-ozone/integration-test/target/test-classes/webapps/static,AVAILABLE}
2021-11-02 20:15:17,621 [Listener at localhost/10620] INFO  handler.ContextHandler (ContextHandler.java:doStart(915)) - Started o.e.j.w.WebAppContext@22c31c4f{ozoneManager,/,file:///home/runner/work/ozone/ozone/hadoop-ozone/integration-test/target/test-classes/webapps/ozoneManager/,AVAILABLE}{file:/home/runner/work/ozone/ozone/hadoop-ozone/integration-test/target/test-classes/webapps/ozoneManager}
2021-11-02 20:15:17,623 [Listener at localhost/10620] INFO  server.AbstractConnector (AbstractConnector.java:doStart(331)) - Started ServerConnector@c4ea076{HTTP/1.1, (http/1.1)}{0.0.0.0:10622}
2021-11-02 20:15:17,623 [Listener at localhost/10620] INFO  server.Server (Server.java:doStart(415)) - Started @405102ms
2021-11-02 20:15:17,623 [Listener at localhost/10620] WARN  impl.MetricsSystemImpl (MetricsSystemImpl.java:register(279)) - Sink prometheus already exists!
2021-11-02 20:15:17,624 [Listener at localhost/10620] INFO  http.BaseHttpServer (BaseHttpServer.java:updateConnectorAddress(329)) - HTTP server of ozoneManager listening at http://0.0.0.0:10622
2021-11-02 20:15:17,624 [IPC Server Responder] INFO  ipc.Server (Server.java:run(1507)) - IPC Server Responder: starting
2021-11-02 20:15:17,624 [IPC Server listener on 10620] INFO  ipc.Server (Server.java:run(1344)) - IPC Server listener on 10620: starting
2021-11-02 20:15:17,630 [Listener at localhost/10620] INFO  om.OzoneManager (OzoneManager.java:startTrashEmptier(1596)) - Trash Interval set to 0. Files deleted will not move to trash
2021-11-02 20:15:17,630 [Listener at localhost/10620] INFO  om.OzoneManager (OzoneManager.java:stop(1697)) - Stopping Ozone Manager
2021-11-02 20:15:17,630 [Listener at localhost/10620] INFO  ipc.Server (Server.java:stop(3414)) - Stopping server on 10608
2021-11-02 20:15:17,631 [org.apache.hadoop.util.JvmPauseMonitor$Monitor@17cdccf9] INFO  util.JvmPauseMonitor (JvmPauseMonitor.java:run(188)) - Starting JVM pause monitor
2021-11-02 20:15:17,632 [IPC Server Responder] INFO  ipc.Server (Server.java:run(1512)) - Stopping IPC Server Responder
2021-11-02 20:15:17,633 [IPC Server listener on 10608] INFO  ipc.Server (Server.java:run(1376)) - Stopping IPC Server listener on 10608
2021-11-02 20:15:17,633 [Listener at localhost/10620] INFO  server.RaftServer (RaftServerProxy.java:lambda$close$6(391)) - omNode-1: close
2021-11-02 20:15:17,633 [Listener at localhost/10620] INFO  server.RaftServer$Division (RaftServerImpl.java:lambda$close$4(412)) - omNode-1@group-523986131536: shutdown
2021-11-02 20:15:17,633 [Listener at localhost/10620] INFO  util.JmxRegister (JmxRegister.java:unregister(73)) - Successfully un-registered JMX Bean with object name Ratis:service=RaftServer,group=group-523986131536,id=omNode-1
2021-11-02 20:15:17,633 [Listener at localhost/10620] INFO  impl.RoleInfo (RoleInfo.java:shutdownFollowerState(108)) - omNode-1: shutdown omNode-1@group-523986131536-FollowerState
2021-11-02 20:15:17,633 [Listener at localhost/10620] INFO  impl.StateMachineUpdater (StateMachineUpdater.java:stopAndJoin(149)) - omNode-1@group-523986131536-StateMachineUpdater: set stopIndex = 10
2021-11-02 20:15:17,633 [omNode-1@group-523986131536-StateMachineUpdater] INFO  ratis.OzoneManagerStateMachine (OzoneManagerStateMachine.java:close(471)) - StateMachine has shutdown. Shutdown OzoneManager if not already shutdown.
2021-11-02 20:15:17,634 [Listener at localhost/10620] INFO  server.RaftServer$Division (ServerState.java:close(419)) - omNode-1@group-523986131536: closes. applyIndex: 10
2021-11-02 20:15:17,633 [omNode-1@group-523986131536-FollowerState] INFO  impl.FollowerState (FollowerState.java:run(143)) - omNode-1@group-523986131536-FollowerState was interrupted: {}
java.lang.InterruptedException: sleep interrupted
	at java.lang.Thread.sleep(Native Method)
	at java.lang.Thread.sleep(Thread.java:340)
	at java.util.concurrent.TimeUnit.sleep(TimeUnit.java:386)
	at org.apache.ratis.util.TimeDuration.sleep(TimeDuration.java:324)
	at org.apache.ratis.util.TimeDuration.sleep(TimeDuration.java:309)
	at org.apache.ratis.server.impl.FollowerState.run(FollowerState.java:118)
2021-11-02 20:15:17,634 [omNode-1@group-523986131536-SegmentedRaftLogWorker] INFO  segmented.SegmentedRaftLogWorker (SegmentedRaftLogWorker.java:run(327)) - omNode-1@group-523986131536-SegmentedRaftLogWorker was interrupted, exiting. There are 0 tasks remaining in the queue.
2021-11-02 20:15:17,634 [Listener at localhost/10620] INFO  segmented.SegmentedRaftLogWorker (SegmentedRaftLogWorker.java:close(237)) - omNode-1@group-523986131536-SegmentedRaftLogWorker close()
2021-11-02 20:15:17,635 [Listener at localhost/10620] INFO  server.GrpcService (GrpcService.java:closeImpl(262)) - omNode-1: shutdown server with port 10612 now
2021-11-02 20:15:17,636 [grpc-default-executor-6] WARN  server.GrpcServerProtocolService (LogUtils.java:warn(122)) - omNode-1: installSnapshot onError, lastRequest: omNode-2->omNode-1#1-t9,previous=(t:8, i:21),leaderCommit=20,initializing? true,entries: size=1, first=(t:9, i:22), CONFIGURATIONENTRY: org.apache.ratis.thirdparty.io.grpc.StatusRuntimeException: CANCELLED: client cancelled
2021-11-02 20:15:17,637 [grpc-default-executor-14] INFO  server.GrpcLogAppender (GrpcLogAppender.java:onError(335)) - omNode-2@group-523986131536->omNode-1-GrpcLogAppender is stopped
2021-11-02 20:15:17,637 [grpc-default-executor-13] WARN  server.GrpcLogAppender (LogUtils.java:warn(122)) - omNode-2@group-523986131536->omNode-1-AppendLogResponseHandler: Failed appendEntries: org.apache.ratis.thirdparty.io.grpc.StatusRuntimeException: CANCELLED: HTTP/2 error code: CANCEL
Received Rst Stream
2021-11-02 20:15:17,638 [grpc-default-executor-13] INFO  leader.FollowerInfo (FollowerInfoImpl.java:lambda$new$0(47)) - omNode-2@group-523986131536->omNode-1: nextIndex: updateUnconditionally 26 -> 11
2021-11-02 20:15:17,638 [Listener at localhost/10620] INFO  server.GrpcService (GrpcService.java:closeImpl(271)) - omNode-1: shutdown server with port 10612 successfully
2021-11-02 20:15:17,638 [org.apache.ratis.util.JvmPauseMonitor$$Lambda$523/614850410@47a435f2] INFO  util.JvmPauseMonitor (JvmPauseMonitor.java:run(109)) - JvmPauseMonitor-omNode-1: Stopped
2021-11-02 20:15:17,638 [Listener at localhost/10620] INFO  ratis.OzoneManagerDoubleBuffer (OzoneManagerDoubleBuffer.java:stop(437)) - Stopping OMDoubleBuffer flush thread
2021-11-02 20:15:17,638 [OMDoubleBufferFlushThread] INFO  ratis.OzoneManagerDoubleBuffer (OzoneManagerDoubleBuffer.java:flushTransactions(356)) - OMDoubleBuffer flush thread OMDoubleBufferFlushThread is interrupted and will exit. OMDoubleBufferFlushThread
2021-11-02 20:15:17,639 [Listener at localhost/10620] INFO  handler.ContextHandler (ContextHandler.java:doStop(1153)) - Stopped o.e.j.w.WebAppContext@78f702e2{ozoneManager,/,null,STOPPED}{file:/home/runner/work/ozone/ozone/hadoop-ozone/integration-test/target/test-classes/webapps/ozoneManager}
2021-11-02 20:15:17,640 [grpc-default-executor-15] WARN  server.GrpcServerProtocolService (LogUtils.java:warn(122)) - omNode-1: installSnapshot onError, lastRequest: omNode-2->omNode-1#12294-t9,previous=(t:0, i:0),leaderCommit=15,initializing? false,entries: size=15, first=(t:3, i:11), CONFIGURATIONENTRY: org.apache.ratis.thirdparty.io.grpc.StatusRuntimeException: CANCELLED: client cancelled
2021-11-02 20:15:17,641 [grpc-default-executor-14] WARN  server.GrpcLogAppender (LogUtils.java:warn(122)) - omNode-2@group-523986131536->omNode-1-AppendLogResponseHandler: Failed appendEntries: org.apache.ratis.thirdparty.io.grpc.StatusRuntimeException: UNAVAILABLE: io exception
2021-11-02 20:15:17,641 [Listener at localhost/10620] INFO  server.AbstractConnector (AbstractConnector.java:doStop(381)) - Stopped ServerConnector@2b3ffe42{HTTP/1.1, (http/1.1)}{0.0.0.0:10610}
2021-11-02 20:15:17,641 [grpc-default-executor-14] INFO  leader.FollowerInfo (FollowerInfoImpl.java:lambda$new$0(47)) - omNode-2@group-523986131536->omNode-1: nextIndex: updateUnconditionally 26 -> 11
2021-11-02 20:15:17,641 [Listener at localhost/10620] INFO  server.session (HouseKeeper.java:stopScavenging(149)) - node0 Stopped scavenging
2021-11-02 20:15:17,642 [Listener at localhost/10620] INFO  handler.ContextHandler (ContextHandler.java:doStop(1153)) - Stopped o.e.j.s.ServletContextHandler@4ffe1a45{static,/static,file:///home/runner/work/ozone/ozone/hadoop-ozone/integration-test/target/test-classes/webapps/static,STOPPED}
2021-11-02 20:15:17,642 [Listener at localhost/10620] INFO  handler.ContextHandler (ContextHandler.java:doStop(1153)) - Stopped o.e.j.s.ServletContextHandler@44e65d73{logs,/logs,file:///home/runner/work/ozone/ozone/hadoop-ozone/integration-test/target/log,STOPPED}
2021-11-02 20:15:17,644 [Listener at localhost/10620] INFO  om.OzoneManager (OzoneManager.java:initFSOLayout(3662)) - Configured ozone.om.metadata.layout=SIMPLE and disabled optimized OM FS operations
2021-11-02 20:15:17,644 [Listener at localhost/10620] INFO  om.OzoneManager (OzoneManager.java:restart(1412)) - OzoneManager RPC server is listening at localhost/127.0.0.1:10608
2021-11-02 20:15:17,644 [Listener at localhost/10620] INFO  impl.MetricsSystemImpl (MetricsSystemImpl.java:init(158)) - OzoneManager metrics system started (again)
2021-11-02 20:15:17,659 [Listener at localhost/10620] WARN  server.ServerUtils (ServerUtils.java:getDBPath(225)) - ozone.om.db.dirs is not configured. We recommend adding this setting. Falling back to ozone.metadata.dirs instead.
2021-11-02 20:15:17,660 [Listener at localhost/10620] INFO  codec.OmKeyInfoCodec (OmKeyInfoCodec.java:<init>(51)) - OmKeyInfoCodec ignorePipeline = true
2021-11-02 20:15:17,660 [Listener at localhost/10620] INFO  codec.RepeatedOmKeyInfoCodec (RepeatedOmKeyInfoCodec.java:<init>(42)) - RepeatedOmKeyInfoCodec ignorePipeline = true
2021-11-02 20:15:17,690 [Listener at localhost/10620] WARN  om.OzoneManager (OzoneManager.java:instantiatePrepareStateOnStartup(3541)) - Prepare marker file index 10 does not match DB prepare index 8. Writing DB index to prepare file and maintaining prepared state.
2021-11-02 20:15:17,690 [Listener at localhost/10620] INFO  om.OzoneManagerPrepareState (OzoneManagerPrepareState.java:writePrepareMarkerFile(262)) - Prepare marker file written with log index 8 to file /home/runner/work/ozone/ozone/hadoop-ozone/integration-test/target/test-dir/MiniOzoneClusterImpl-76263e8f-62ab-412a-8766-4a189fbce95f/omNode-1/current/prepareMarker
2021-11-02 20:15:17,690 [Listener at localhost/10620] WARN  impl.MetricRegistriesImpl (MetricRegistriesImpl.java:addReporterRegistration(111)) - New reporters are added after registries were created. Some metrics will be missing from the reporter. Please add reporter before adding any new registry.
2021-11-02 20:15:17,691 [Listener at localhost/10620] WARN  impl.MetricRegistriesImpl (MetricRegistriesImpl.java:addReporterRegistration(111)) - New reporters are added after registries were created. Some metrics will be missing from the reporter. Please add reporter before adding any new registry.
2021-11-02 20:15:17,691 [Listener at localhost/10620] WARN  server.ServerUtils (ServerUtils.java:getDefaultRatisDirectory(237)) - Storage directory for Ratis is not configured. It is a good idea to map this to an SSD disk. Falling back to ozone.metadata.dirs
2021-11-02 20:15:17,692 [Listener at localhost/10620] INFO  ratis.OzoneManagerRatisServer (OzoneManagerRatisServer.java:<init>(159)) - Instantiating OM Ratis server with groupID: om-service-test1 and peers: localhost:10612, localhost:10624, localhost:10618
2021-11-02 20:15:17,692 [Listener at localhost/10620] INFO  ratis.OzoneManagerStateMachine (OzoneManagerStateMachine.java:loadSnapshotInfoFromDB(605)) - LastAppliedIndex is set from TransactionInfo from OM DB as (t:2, i:10)
2021-11-02 20:15:17,692 [Listener at localhost/10620] INFO  server.RaftServer (ConfUtils.java:logGet(44)) - raft.rpc.type = GRPC (default)
2021-11-02 20:15:17,693 [Listener at localhost/10620] INFO  grpc.GrpcFactory (GrpcFactory.java:checkPooledByteBufAllocatorUseCacheForAllThreads(48)) - PERFORMANCE WARNING: useCacheForAllThreads is true that may cause Netty to create a lot garbage objects and, as a result, trigger GC.
	It is recommended to disable useCacheForAllThreads by setting -Dorg.apache.ratis.thirdparty.io.netty.allocator.useCacheForAllThreads=false in command line.
2021-11-02 20:15:17,693 [Listener at localhost/10620] INFO  grpc.GrpcConfigKeys (ConfUtils.java:logGet(44)) - raft.grpc.admin.port = -1 (default)
2021-11-02 20:15:17,693 [Listener at localhost/10620] INFO  grpc.GrpcConfigKeys (ConfUtils.java:logGet(44)) - raft.grpc.server.port = 10612 (custom)
2021-11-02 20:15:17,693 [Listener at localhost/10620] INFO  grpc.GrpcConfigKeys (ConfUtils.java:logGet(44)) - raft.grpc.client.port = -1 (default)
2021-11-02 20:15:17,693 [Listener at localhost/10620] INFO  grpc.GrpcConfigKeys (ConfUtils.java:logGet(44)) - raft.grpc.server.port = 10612 (custom)
2021-11-02 20:15:17,693 [Listener at localhost/10620] INFO  grpc.GrpcConfigKeys (ConfUtils.java:logGet(44)) - raft.grpc.server.port = 10612 (custom)
2021-11-02 20:15:17,693 [Listener at localhost/10620] INFO  server.GrpcService (ConfUtils.java:logGet(44)) - raft.grpc.message.size.max = 33554432 (custom)
2021-11-02 20:15:17,693 [Listener at localhost/10620] INFO  server.RaftServerConfigKeys (ConfUtils.java:logGet(44)) - raft.server.log.appender.buffer.byte-limit = 33554432 (custom)
2021-11-02 20:15:17,693 [Listener at localhost/10620] INFO  server.GrpcService (ConfUtils.java:logGet(44)) - raft.grpc.flow.control.window = 1MB (=1048576) (default)
2021-11-02 20:15:17,693 [Listener at localhost/10620] INFO  server.RaftServerConfigKeys (ConfUtils.java:logGet(44)) - raft.server.rpc.request.timeout = 3000ms (default)
2021-11-02 20:15:17,694 [Listener at localhost/10620] INFO  impl.DataStreamServerImpl (ConfUtils.java:logGet(44)) - raft.datastream.type = DISABLED (default)
2021-11-02 20:15:17,694 [Listener at localhost/10620] INFO  server.RaftServerConfigKeys (ConfUtils.java:logGet(44)) - raft.server.rpc.slowness.timeout = 2s (custom)
2021-11-02 20:15:17,695 [Listener at localhost/10620] INFO  server.RaftServerConfigKeys (ConfUtils.java:logGet(44)) - raft.server.leaderelection.leader.step-down.wait-time = 10s (default)
2021-11-02 20:15:17,695 [Listener at localhost/10620] INFO  server.RaftServerConfigKeys (ConfUtils.java:logGet(44)) - raft.server.storage.dir = [/home/runner/work/ozone/ozone/hadoop-ozone/integration-test/target/test-dir/MiniOzoneClusterImpl-76263e8f-62ab-412a-8766-4a189fbce95f/omNode-1/ratis] (custom)
2021-11-02 20:15:17,695 [Listener at localhost/10620] INFO  server.RaftServer (RaftServerProxy.java:lambda$null$1(235)) - omNode-1: found a subdirectory /home/runner/work/ozone/ozone/hadoop-ozone/integration-test/target/test-dir/MiniOzoneClusterImpl-76263e8f-62ab-412a-8766-4a189fbce95f/omNode-1/ratis/c9bc4cf4-3bc3-3c60-a66b-523986131536
2021-11-02 20:15:17,695 [Listener at localhost/10620] INFO  server.RaftServer (RaftServerProxy.java:addNew(95)) - omNode-1: addNew group-523986131536:[omNode-3|rpc:localhost:10624|priority:0, omNode-1|rpc:localhost:10612|priority:0, omNode-2|rpc:localhost:10618|priority:0] returns group-523986131536:java.util.concurrent.CompletableFuture@7b641404[Not completed]
2021-11-02 20:15:17,695 [Listener at localhost/10620] INFO  om.OzoneManager (OzoneManager.java:initializeRatisServer(1638)) - OzoneManager Ratis server initialized at port 10612
2021-11-02 20:15:17,695 [Listener at localhost/10620] INFO  ratis.OzoneManagerRatisServer (OzoneManagerRatisServer.java:start(522)) - Starting OzoneManagerRatisServer omNode-1 at port 10612
2021-11-02 20:15:17,696 [pool-371-thread-1] INFO  server.RaftServer$Division (RaftServerImpl.java:<init>(184)) - omNode-1: new RaftServerImpl for group-523986131536:[omNode-3|rpc:localhost:10624|priority:0, omNode-1|rpc:localhost:10612|priority:0, omNode-2|rpc:localhost:10618|priority:0] with OzoneManagerStateMachine:uninitialized
2021-11-02 20:15:17,696 [pool-371-thread-1] INFO  server.RaftServerConfigKeys (ConfUtils.java:logGet(44)) - raft.server.rpc.timeout.min = 1s (custom)
2021-11-02 20:15:17,697 [pool-371-thread-1] INFO  server.RaftServerConfigKeys (ConfUtils.java:logGet(44)) - raft.server.rpc.timeout.max = 1200ms (custom)
2021-11-02 20:15:17,697 [pool-371-thread-1] INFO  server.RaftServerConfigKeys (ConfUtils.java:logGet(44)) - raft.server.rpc.sleep.time = 25ms (default)
2021-11-02 20:15:17,697 [pool-371-thread-1] INFO  server.RaftServerConfigKeys (ConfUtils.java:logGet(44)) - raft.server.rpc.slowness.timeout = 2s (custom)
2021-11-02 20:15:17,697 [pool-371-thread-1] INFO  server.RaftServerConfigKeys (ConfUtils.java:logGet(44)) - raft.server.leaderelection.leader.step-down.wait-time = 10s (default)
2021-11-02 20:15:17,697 [pool-371-thread-1] INFO  server.RaftServerConfigKeys (ConfUtils.java:logGet(44)) - raft.server.sleep.deviation.threshold = 300ms (default)
2021-11-02 20:15:17,697 [pool-371-thread-1] INFO  server.RaftServerConfigKeys (ConfUtils.java:logGet(44)) - raft.server.log.appender.install.snapshot.enabled = false (custom)
2021-11-02 20:15:17,697 [pool-371-thread-1] INFO  server.RaftServer$Division (ServerState.java:<init>(105)) - omNode-1@group-523986131536: ConfigurationManager, init=-1: [omNode-3|rpc:localhost:10624|priority:0, omNode-1|rpc:localhost:10612|priority:0, omNode-2|rpc:localhost:10618|priority:0], old=null, confs=<EMPTY_MAP>
2021-11-02 20:15:17,697 [pool-371-thread-1] INFO  server.RaftServerConfigKeys (ConfUtils.java:logGet(44)) - raft.server.storage.dir = [/home/runner/work/ozone/ozone/hadoop-ozone/integration-test/target/test-dir/MiniOzoneClusterImpl-76263e8f-62ab-412a-8766-4a189fbce95f/omNode-1/ratis] (custom)
2021-11-02 20:15:17,697 [pool-371-thread-1] INFO  server.RaftServerConfigKeys (ConfUtils.java:logGet(44)) - raft.server.log.corruption.policy = EXCEPTION (default)
2021-11-02 20:15:17,697 [pool-371-thread-1] INFO  server.RaftServerConfigKeys (ConfUtils.java:logGet(44)) - raft.server.storage.free-space.min = 0MB (=0) (default)
2021-11-02 20:15:17,698 [pool-371-thread-1] INFO  storage.RaftStorageDirectory (RaftStorageDirectoryImpl.java:tryLock(230)) - Lock on /home/runner/work/ozone/ozone/hadoop-ozone/integration-test/target/test-dir/MiniOzoneClusterImpl-76263e8f-62ab-412a-8766-4a189fbce95f/omNode-1/ratis/c9bc4cf4-3bc3-3c60-a66b-523986131536/in_use.lock acquired by nodename 14135@fv-az270-10
2021-11-02 20:15:17,698 [pool-371-thread-1] INFO  storage.RaftStorage (RaftStorageImpl.java:analyzeAndRecoverStorage(110)) - Read RaftStorageMetadata{term=9, votedFor=omNode-2} from /home/runner/work/ozone/ozone/hadoop-ozone/integration-test/target/test-dir/MiniOzoneClusterImpl-76263e8f-62ab-412a-8766-4a189fbce95f/omNode-1/ratis/c9bc4cf4-3bc3-3c60-a66b-523986131536/current/raft-meta
2021-11-02 20:15:17,698 [pool-371-thread-1] INFO  server.RaftServer$Division (ServerState.java:setRaftConf(387)) - omNode-1@group-523986131536: set configuration 22: [omNode-3|rpc:localhost:10624|admin:|client:|dataStream:|priority:0, omNode-1|rpc:localhost:10612|admin:|client:|dataStream:|priority:0, omNode-2|rpc:localhost:10618|admin:|client:|dataStream:|priority:0], old=null
2021-11-02 20:15:17,699 [pool-371-thread-1] INFO  server.RaftServerConfigKeys (ConfUtils.java:logGet(44)) - raft.server.notification.no-leader.timeout = 2s (custom)
2021-11-02 20:15:17,699 [pool-371-thread-1] INFO  server.RaftServerConfigKeys (ConfUtils.java:logGet(44)) - raft.server.log.use.memory = false (default)
2021-11-02 20:15:17,699 [pool-371-thread-1] INFO  server.RaftServerConfigKeys (ConfUtils.java:logGet(44)) - raft.server.log.purge.gap = 50 (custom)
2021-11-02 20:15:17,699 [pool-371-thread-1] INFO  server.RaftServerConfigKeys (ConfUtils.java:logGet(44)) - raft.server.log.appender.buffer.byte-limit = 33554432 (custom)
2021-11-02 20:15:17,699 [pool-371-thread-1] INFO  server.RaftServerConfigKeys (ConfUtils.java:logGet(44)) - raft.server.log.segment.size.max = 4194304 (custom)
2021-11-02 20:15:17,699 [pool-371-thread-1] INFO  server.RaftServerConfigKeys (ConfUtils.java:logGet(44)) - raft.server.log.segment.cache.num.max = 2 (custom)
2021-11-02 20:15:17,699 [pool-371-thread-1] INFO  server.RaftServerConfigKeys (ConfUtils.java:logGet(44)) - raft.server.log.segment.cache.size.max = 200MB (=209715200) (default)
2021-11-02 20:15:17,699 [pool-371-thread-1] INFO  segmented.SegmentedRaftLogWorker (SegmentedRaftLogWorker.java:<init>(182)) - new omNode-1@group-523986131536-SegmentedRaftLogWorker for RaftStorageImpl:Storage Directory /home/runner/work/ozone/ozone/hadoop-ozone/integration-test/target/test-dir/MiniOzoneClusterImpl-76263e8f-62ab-412a-8766-4a189fbce95f/omNode-1/ratis/c9bc4cf4-3bc3-3c60-a66b-523986131536
2021-11-02 20:15:17,699 [pool-371-thread-1] INFO  server.RaftServerConfigKeys (ConfUtils.java:logGet(44)) - raft.server.log.queue.byte-limit = 64MB (=67108864) (default)
2021-11-02 20:15:17,699 [pool-371-thread-1] INFO  server.RaftServerConfigKeys (ConfUtils.java:logGet(44)) - raft.server.log.queue.element-limit = 4096 (default)
2021-11-02 20:15:17,700 [pool-371-thread-1] INFO  server.RaftServerConfigKeys (ConfUtils.java:logGet(44)) - raft.server.log.segment.size.max = 4194304 (custom)
2021-11-02 20:15:17,700 [pool-371-thread-1] INFO  server.RaftServerConfigKeys (ConfUtils.java:logGet(44)) - raft.server.log.preallocated.size = 4194304 (custom)
2021-11-02 20:15:17,700 [pool-371-thread-1] INFO  server.RaftServerConfigKeys (ConfUtils.java:logGet(44)) - raft.server.log.force.sync.num = 128 (default)
2021-11-02 20:15:17,700 [pool-371-thread-1] INFO  server.RaftServerConfigKeys (ConfUtils.java:logGet(44)) - raft.server.log.statemachine.data.sync = true (default)
2021-11-02 20:15:17,700 [pool-371-thread-1] INFO  server.RaftServerConfigKeys (ConfUtils.java:logGet(44)) - raft.server.log.statemachine.data.sync.timeout = 10s (default)
2021-11-02 20:15:17,700 [pool-371-thread-1] INFO  server.RaftServerConfigKeys (ConfUtils.java:logGet(44)) - raft.server.log.statemachine.data.sync.timeout.retry = -1 (default)
2021-11-02 20:15:17,701 [pool-371-thread-1] INFO  server.RaftServerConfigKeys (ConfUtils.java:logGet(44)) - raft.server.log.write.buffer.size = 64KB (=65536) (default)
2021-11-02 20:15:17,701 [pool-371-thread-1] INFO  server.RaftServerConfigKeys (ConfUtils.java:logGet(44)) - raft.server.log.statemachine.data.caching.enabled = false (default)
2021-11-02 20:15:17,701 [pool-371-thread-1] INFO  segmented.SegmentedRaftLogWorker (SegmentedRaftLogWorker.java:lambda$new$0(133)) - omNode-1@group-523986131536-SegmentedRaftLogWorker: flushIndex: setUnconditionally 0 -> 10
2021-11-02 20:15:17,701 [pool-371-thread-1] INFO  segmented.SegmentedRaftLogWorker (SegmentedRaftLogWorker.java:lambda$new$0(133)) - omNode-1@group-523986131536-SegmentedRaftLogWorker: safeCacheEvictIndex: setUnconditionally 0 -> -1
2021-11-02 20:15:17,703 [pool-371-thread-1] INFO  server.RaftServerConfigKeys (ConfUtils.java:logGet(44)) - raft.server.snapshot.auto.trigger.enabled = true (custom)
2021-11-02 20:15:17,703 [pool-371-thread-1] INFO  server.RaftServerConfigKeys (ConfUtils.java:logGet(44)) - raft.server.snapshot.auto.trigger.threshold = 50 (custom)
2021-11-02 20:15:17,703 [pool-371-thread-1] INFO  server.RaftServerConfigKeys (ConfUtils.java:logGet(44)) - raft.server.snapshot.retention.file.num = -1 (default)
2021-11-02 20:15:17,703 [pool-371-thread-1] INFO  server.RaftServerConfigKeys (ConfUtils.java:logGet(44)) - raft.server.log.purge.upto.snapshot.index = true (custom)
2021-11-02 20:15:17,703 [pool-371-thread-1] INFO  server.RaftServerConfigKeys (ConfUtils.java:logGet(44)) - raft.server.retrycache.expirytime = 30000ms (custom)
2021-11-02 20:15:17,704 [pool-371-thread-1] INFO  server.RaftServerConfigKeys (ConfUtils.java:logGet(44)) - raft.server.retrycache.statistics.expirytime = 100μs (default)
2021-11-02 20:15:17,705 [Listener at localhost/10620] INFO  server.RaftServer$Division (RaftServerImpl.java:start(301)) - omNode-1@group-523986131536: start as a follower, conf=22: [omNode-3|rpc:localhost:10624|admin:|client:|dataStream:|priority:0, omNode-1|rpc:localhost:10612|admin:|client:|dataStream:|priority:0, omNode-2|rpc:localhost:10618|admin:|client:|dataStream:|priority:0], old=null
2021-11-02 20:15:17,705 [Listener at localhost/10620] INFO  server.RaftServer$Division (RaftServerImpl.java:setRole(290)) - omNode-1@group-523986131536: changes role from      null to FOLLOWER at term 9 for startAsFollower
2021-11-02 20:15:17,705 [Listener at localhost/10620] INFO  impl.RoleInfo (RoleInfo.java:updateAndGet(130)) - omNode-1: start omNode-1@group-523986131536-FollowerState
2021-11-02 20:15:17,705 [Listener at localhost/10620] INFO  util.JmxRegister (JmxRegister.java:tryRegister(44)) - Successfully registered JMX Bean with object name Ratis:service=RaftServer,group=group-523986131536,id=omNode-1
2021-11-02 20:15:17,706 [Listener at localhost/10620] INFO  server.RaftServer (RaftServerProxy.java:lambda$start$5(374)) - omNode-1: start RPC server
2021-11-02 20:15:17,707 [Listener at localhost/10620] INFO  server.GrpcService (GrpcService.java:startImpl(253)) - omNode-1: GrpcService started, listening on 10612
2021-11-02 20:15:17,711 [Listener at localhost/10620] INFO  ipc.CallQueueManager (CallQueueManager.java:<init>(90)) - Using callQueue: class java.util.concurrent.LinkedBlockingQueue, queueCapacity: 2000, scheduler: class org.apache.hadoop.ipc.DefaultRpcScheduler, ipcBackoff: false.
2021-11-02 20:15:17,711 [org.apache.ratis.util.JvmPauseMonitor$$Lambda$523/614850410@63346ee1] INFO  util.JvmPauseMonitor (JvmPauseMonitor.java:run(103)) - JvmPauseMonitor-omNode-1: Started
2021-11-02 20:15:17,712 [Socket Reader #1 for port 10608] INFO  ipc.Server (Server.java:run(1265)) - Starting Socket Reader #1 for port 10608
2021-11-02 20:15:17,720 [Listener at localhost/10608] INFO  http.BaseHttpServer (BaseHttpServer.java:newHttpServer2BuilderForOzone(209)) - Starting Web-server for ozoneManager at: http://0.0.0.0:10610
2021-11-02 20:15:17,720 [Listener at localhost/10608] INFO  http.BaseHttpServer (BaseHttpServer.java:<init>(107)) - Hadoop Security Enabled: false Ozone Security Enabled: false Ozone HTTP Security Enabled: false 
2021-11-02 20:15:17,722 [Listener at localhost/10608] INFO  server.AuthenticationFilter (AuthenticationFilter.java:constructSecretProvider(240)) - Unable to initialize FileSignerSecretProvider, falling back to use random secrets.
2021-11-02 20:15:17,723 [Listener at localhost/10608] WARN  http.HttpRequestLog (HttpRequestLog.java:getRequestLog(103)) - Jetty request log can only be enabled using Log4j
2021-11-02 20:15:17,724 [Listener at localhost/10608] INFO  http.HttpServer2 (HttpServer2.java:addGlobalFilter(1030)) - Added global filter 'safety' (class=org.apache.hadoop.hdds.server.http.HttpServer2$QuotingInputFilter)
2021-11-02 20:15:17,725 [Listener at localhost/10608] INFO  http.HttpServer2 (HttpServer2.java:addFilter(1006)) - Added filter static_user_filter (class=org.apache.hadoop.http.lib.StaticUserWebFilter$StaticUserFilter) to context ozoneManager
2021-11-02 20:15:17,725 [Listener at localhost/10608] INFO  http.HttpServer2 (HttpServer2.java:addFilter(1014)) - Added filter static_user_filter (class=org.apache.hadoop.http.lib.StaticUserWebFilter$StaticUserFilter) to context logs
2021-11-02 20:15:17,725 [Listener at localhost/10608] INFO  http.HttpServer2 (HttpServer2.java:addFilter(1014)) - Added filter static_user_filter (class=org.apache.hadoop.http.lib.StaticUserWebFilter$StaticUserFilter) to context static
2021-11-02 20:15:17,725 [Listener at localhost/10608] INFO  http.HttpServer2 (HttpServer2.java:bindListener(1249)) - Jetty bound to port 10610
2021-11-02 20:15:17,725 [Listener at localhost/10608] INFO  server.Server (Server.java:doStart(375)) - jetty-9.4.43.v20210629; built: 2021-06-30T11:07:22.254Z; git: 526006ecfa3af7f1a27ef3a288e2bef7ea9dd7e8; jvm 1.8.0_292-b10
2021-11-02 20:15:17,733 [Listener at localhost/10608] INFO  server.session (DefaultSessionIdManager.java:doStart(334)) - DefaultSessionIdManager workerName=node0
2021-11-02 20:15:17,733 [Listener at localhost/10608] INFO  server.session (DefaultSessionIdManager.java:doStart(339)) - No SessionScavenger set, using defaults
2021-11-02 20:15:17,733 [Listener at localhost/10608] INFO  server.session (HouseKeeper.java:startScavenging(132)) - node0 Scavenging every 600000ms
2021-11-02 20:15:17,737 [Listener at localhost/10608] INFO  handler.ContextHandler (ContextHandler.java:doStart(915)) - Started o.e.j.s.ServletContextHandler@62bda48{logs,/logs,file:///home/runner/work/ozone/ozone/hadoop-ozone/integration-test/target/log,AVAILABLE}
2021-11-02 20:15:17,737 [Listener at localhost/10608] INFO  handler.ContextHandler (ContextHandler.java:doStart(915)) - Started o.e.j.s.ServletContextHandler@5fc0b7d3{static,/static,file:///home/runner/work/ozone/ozone/hadoop-ozone/integration-test/target/test-classes/webapps/static,AVAILABLE}
2021-11-02 20:15:17,744 [Listener at localhost/10608] INFO  handler.ContextHandler (ContextHandler.java:doStart(915)) - Started o.e.j.w.WebAppContext@76a7e8c8{ozoneManager,/,file:///home/runner/work/ozone/ozone/hadoop-ozone/integration-test/target/test-classes/webapps/ozoneManager/,AVAILABLE}{file:/home/runner/work/ozone/ozone/hadoop-ozone/integration-test/target/test-classes/webapps/ozoneManager}
2021-11-02 20:15:17,747 [Listener at localhost/10608] INFO  server.AbstractConnector (AbstractConnector.java:doStart(331)) - Started ServerConnector@76f85bd5{HTTP/1.1, (http/1.1)}{0.0.0.0:10610}
2021-11-02 20:15:17,747 [Listener at localhost/10608] INFO  server.Server (Server.java:doStart(415)) - Started @405226ms
2021-11-02 20:15:17,747 [Listener at localhost/10608] WARN  impl.MetricsSystemImpl (MetricsSystemImpl.java:register(279)) - Sink prometheus already exists!
2021-11-02 20:15:17,749 [Listener at localhost/10608] INFO  http.BaseHttpServer (BaseHttpServer.java:updateConnectorAddress(329)) - HTTP server of ozoneManager listening at http://0.0.0.0:10610
2021-11-02 20:15:17,753 [IPC Server listener on 10608] INFO  ipc.Server (Server.java:run(1344)) - IPC Server listener on 10608: starting
2021-11-02 20:15:17,753 [IPC Server Responder] INFO  ipc.Server (Server.java:run(1507)) - IPC Server Responder: starting
2021-11-02 20:15:17,759 [Listener at localhost/10608] INFO  om.OzoneManager (OzoneManager.java:startTrashEmptier(1596)) - Trash Interval set to 0. Files deleted will not move to trash
2021-11-02 20:15:17,760 [Listener at localhost/10608] INFO  om.OzoneManager (OzoneManager.java:stop(1697)) - Stopping Ozone Manager
2021-11-02 20:15:17,760 [Listener at localhost/10608] INFO  ipc.Server (Server.java:stop(3414)) - Stopping server on 10614
2021-11-02 20:15:17,763 [org.apache.hadoop.util.JvmPauseMonitor$Monitor@d917d86] INFO  util.JvmPauseMonitor (JvmPauseMonitor.java:run(188)) - Starting JVM pause monitor
2021-11-02 20:15:17,763 [IPC Server Responder] INFO  ipc.Server (Server.java:run(1512)) - Stopping IPC Server Responder
2021-11-02 20:15:17,763 [IPC Server listener on 10614] INFO  ipc.Server (Server.java:run(1376)) - Stopping IPC Server listener on 10614
2021-11-02 20:15:17,763 [Listener at localhost/10608] INFO  server.RaftServer (RaftServerProxy.java:lambda$close$6(391)) - omNode-2: close
2021-11-02 20:15:17,764 [Listener at localhost/10608] INFO  server.RaftServer$Division (RaftServerImpl.java:lambda$close$4(412)) - omNode-2@group-523986131536: shutdown
2021-11-02 20:15:17,764 [Listener at localhost/10608] INFO  util.JmxRegister (JmxRegister.java:unregister(73)) - Successfully un-registered JMX Bean with object name Ratis:service=RaftServer,group=group-523986131536,id=omNode-2
2021-11-02 20:15:17,764 [Listener at localhost/10608] INFO  impl.RoleInfo (RoleInfo.java:shutdownLeaderState(91)) - omNode-2: shutdown omNode-2@group-523986131536-LeaderStateImpl
2021-11-02 20:15:17,765 [omNode-2@group-523986131536->omNode-3-GrpcLogAppender-LogAppenderDaemon] WARN  server.GrpcLogAppender (GrpcLogAppender.java:mayWait(177)) - omNode-2@group-523986131536->omNode-3-GrpcLogAppender: Wait interrupted by java.lang.InterruptedException
2021-11-02 20:15:17,765 [omNode-2@group-523986131536->omNode-1-GrpcLogAppender-LogAppenderDaemon] WARN  server.GrpcLogAppender (GrpcLogAppender.java:mayWait(177)) - omNode-2@group-523986131536->omNode-1-GrpcLogAppender: Wait interrupted by java.lang.InterruptedException
2021-11-02 20:15:17,765 [Listener at localhost/10608] INFO  impl.PendingRequests (PendingRequests.java:sendNotLeaderResponses(282)) - omNode-2@group-523986131536-PendingRequests: sendNotLeaderResponses
2021-11-02 20:15:17,768 [Listener at localhost/10608] INFO  impl.StateMachineUpdater (StateMachineUpdater.java:stopAndJoin(149)) - omNode-2@group-523986131536-StateMachineUpdater: set stopIndex = 25
2021-11-02 20:15:17,769 [omNode-2@group-523986131536-StateMachineUpdater] INFO  ratis.OzoneManagerStateMachine (OzoneManagerStateMachine.java:takeSnapshot(417)) - Current Snapshot Index (t:9, i:25)
2021-11-02 20:15:17,769 [omNode-2@group-523986131536-StateMachineUpdater] INFO  impl.StateMachineUpdater (StateMachineUpdater.java:takeSnapshot(281)) - omNode-2@group-523986131536-StateMachineUpdater: Took a snapshot at index 25
2021-11-02 20:15:17,769 [omNode-2@group-523986131536-StateMachineUpdater] INFO  impl.StateMachineUpdater (StateMachineUpdater.java:lambda$new$0(89)) - omNode-2@group-523986131536-StateMachineUpdater: snapshotIndex: updateIncreasingly 20 -> 25
2021-11-02 20:15:17,769 [omNode-2@group-523986131536-StateMachineUpdater] INFO  ratis.OzoneManagerStateMachine (OzoneManagerStateMachine.java:close(471)) - StateMachine has shutdown. Shutdown OzoneManager if not already shutdown.
2021-11-02 20:15:17,769 [Listener at localhost/10608] INFO  server.RaftServer$Division (ServerState.java:close(419)) - omNode-2@group-523986131536: closes. applyIndex: 25
2021-11-02 20:15:17,770 [omNode-2@group-523986131536-SegmentedRaftLogWorker] INFO  segmented.SegmentedRaftLogWorker (SegmentedRaftLogWorker.java:run(327)) - omNode-2@group-523986131536-SegmentedRaftLogWorker was interrupted, exiting. There are 0 tasks remaining in the queue.
2021-11-02 20:15:17,771 [Listener at localhost/10608] INFO  segmented.SegmentedRaftLogWorker (SegmentedRaftLogWorker.java:close(237)) - omNode-2@group-523986131536-SegmentedRaftLogWorker close()
2021-11-02 20:15:17,772 [Listener at localhost/10608] INFO  server.GrpcService (GrpcService.java:closeImpl(262)) - omNode-2: shutdown server with port 10618 now
2021-11-02 20:15:17,772 [Listener at localhost/10608] INFO  server.GrpcService (GrpcService.java:closeImpl(271)) - omNode-2: shutdown server with port 10618 successfully
2021-11-02 20:15:17,773 [org.apache.ratis.util.JvmPauseMonitor$$Lambda$523/614850410@469b183f] INFO  util.JvmPauseMonitor (JvmPauseMonitor.java:run(109)) - JvmPauseMonitor-omNode-2: Stopped
2021-11-02 20:15:17,773 [Listener at localhost/10608] INFO  ratis.OzoneManagerDoubleBuffer (OzoneManagerDoubleBuffer.java:stop(437)) - Stopping OMDoubleBuffer flush thread
2021-11-02 20:15:17,773 [OMDoubleBufferFlushThread] INFO  ratis.OzoneManagerDoubleBuffer (OzoneManagerDoubleBuffer.java:flushTransactions(356)) - OMDoubleBuffer flush thread OMDoubleBufferFlushThread is interrupted and will exit. OMDoubleBufferFlushThread
2021-11-02 20:15:17,775 [Listener at localhost/10608] INFO  handler.ContextHandler (ContextHandler.java:doStop(1153)) - Stopped o.e.j.w.WebAppContext@620580ff{ozoneManager,/,null,STOPPED}{file:/home/runner/work/ozone/ozone/hadoop-ozone/integration-test/target/test-classes/webapps/ozoneManager}
2021-11-02 20:15:17,775 [Listener at localhost/10608] INFO  server.AbstractConnector (AbstractConnector.java:doStop(381)) - Stopped ServerConnector@6b97b725{HTTP/1.1, (http/1.1)}{0.0.0.0:10616}
2021-11-02 20:15:17,775 [Listener at localhost/10608] INFO  server.session (HouseKeeper.java:stopScavenging(149)) - node0 Stopped scavenging
2021-11-02 20:15:17,776 [Listener at localhost/10608] INFO  handler.ContextHandler (ContextHandler.java:doStop(1153)) - Stopped o.e.j.s.ServletContextHandler@39b0442c{static,/static,file:///home/runner/work/ozone/ozone/hadoop-ozone/integration-test/target/test-classes/webapps/static,STOPPED}
2021-11-02 20:15:17,776 [Listener at localhost/10608] INFO  handler.ContextHandler (ContextHandler.java:doStop(1153)) - Stopped o.e.j.s.ServletContextHandler@665f99c1{logs,/logs,file:///home/runner/work/ozone/ozone/hadoop-ozone/integration-test/target/log,STOPPED}
2021-11-02 20:15:17,778 [Listener at localhost/10608] INFO  om.OzoneManager (OzoneManager.java:initFSOLayout(3662)) - Configured ozone.om.metadata.layout=SIMPLE and disabled optimized OM FS operations
2021-11-02 20:15:17,778 [Listener at localhost/10608] INFO  om.OzoneManager (OzoneManager.java:restart(1412)) - OzoneManager RPC server is listening at localhost/127.0.0.1:10614
2021-11-02 20:15:17,778 [Listener at localhost/10608] INFO  impl.MetricsSystemImpl (MetricsSystemImpl.java:init(158)) - OzoneManager metrics system started (again)
2021-11-02 20:15:17,794 [Listener at localhost/10608] WARN  server.ServerUtils (ServerUtils.java:getDBPath(225)) - ozone.om.db.dirs is not configured. We recommend adding this setting. Falling back to ozone.metadata.dirs instead.
2021-11-02 20:15:17,795 [Listener at localhost/10608] INFO  codec.OmKeyInfoCodec (OmKeyInfoCodec.java:<init>(51)) - OmKeyInfoCodec ignorePipeline = true
2021-11-02 20:15:17,795 [Listener at localhost/10608] INFO  codec.RepeatedOmKeyInfoCodec (RepeatedOmKeyInfoCodec.java:<init>(42)) - RepeatedOmKeyInfoCodec ignorePipeline = true
2021-11-02 20:15:17,837 [Listener at localhost/10608] WARN  impl.MetricRegistriesImpl (MetricRegistriesImpl.java:addReporterRegistration(111)) - New reporters are added after registries were created. Some metrics will be missing from the reporter. Please add reporter before adding any new registry.
2021-11-02 20:15:17,838 [Listener at localhost/10608] WARN  impl.MetricRegistriesImpl (MetricRegistriesImpl.java:addReporterRegistration(111)) - New reporters are added after registries were created. Some metrics will be missing from the reporter. Please add reporter before adding any new registry.
2021-11-02 20:15:17,838 [Listener at localhost/10608] WARN  server.ServerUtils (ServerUtils.java:getDefaultRatisDirectory(237)) - Storage directory for Ratis is not configured. It is a good idea to map this to an SSD disk. Falling back to ozone.metadata.dirs
2021-11-02 20:15:17,839 [Listener at localhost/10608] INFO  ratis.OzoneManagerRatisServer (OzoneManagerRatisServer.java:<init>(159)) - Instantiating OM Ratis server with groupID: om-service-test1 and peers: localhost:10618, localhost:10624, localhost:10612
2021-11-02 20:15:17,839 [Listener at localhost/10608] INFO  ratis.OzoneManagerStateMachine (OzoneManagerStateMachine.java:loadSnapshotInfoFromDB(605)) - LastAppliedIndex is set from TransactionInfo from OM DB as (t:9, i:25)
2021-11-02 20:15:17,839 [Listener at localhost/10608] INFO  server.RaftServer (ConfUtils.java:logGet(44)) - raft.rpc.type = GRPC (default)
2021-11-02 20:15:17,839 [Listener at localhost/10608] INFO  grpc.GrpcFactory (GrpcFactory.java:checkPooledByteBufAllocatorUseCacheForAllThreads(48)) - PERFORMANCE WARNING: useCacheForAllThreads is true that may cause Netty to create a lot garbage objects and, as a result, trigger GC.
	It is recommended to disable useCacheForAllThreads by setting -Dorg.apache.ratis.thirdparty.io.netty.allocator.useCacheForAllThreads=false in command line.
2021-11-02 20:15:17,839 [Listener at localhost/10608] INFO  grpc.GrpcConfigKeys (ConfUtils.java:logGet(44)) - raft.grpc.admin.port = -1 (default)
2021-11-02 20:15:17,840 [Listener at localhost/10608] INFO  grpc.GrpcConfigKeys (ConfUtils.java:logGet(44)) - raft.grpc.server.port = 10618 (custom)
2021-11-02 20:15:17,840 [Listener at localhost/10608] INFO  grpc.GrpcConfigKeys (ConfUtils.java:logGet(44)) - raft.grpc.client.port = -1 (default)
2021-11-02 20:15:17,840 [Listener at localhost/10608] INFO  grpc.GrpcConfigKeys (ConfUtils.java:logGet(44)) - raft.grpc.server.port = 10618 (custom)
2021-11-02 20:15:17,840 [Listener at localhost/10608] INFO  grpc.GrpcConfigKeys (ConfUtils.java:logGet(44)) - raft.grpc.server.port = 10618 (custom)
2021-11-02 20:15:17,840 [Listener at localhost/10608] INFO  server.GrpcService (ConfUtils.java:logGet(44)) - raft.grpc.message.size.max = 33554432 (custom)
2021-11-02 20:15:17,840 [Listener at localhost/10608] INFO  server.RaftServerConfigKeys (ConfUtils.java:logGet(44)) - raft.server.log.appender.buffer.byte-limit = 33554432 (custom)
2021-11-02 20:15:17,840 [Listener at localhost/10608] INFO  server.GrpcService (ConfUtils.java:logGet(44)) - raft.grpc.flow.control.window = 1MB (=1048576) (default)
2021-11-02 20:15:17,840 [Listener at localhost/10608] INFO  server.RaftServerConfigKeys (ConfUtils.java:logGet(44)) - raft.server.rpc.request.timeout = 3000ms (default)
2021-11-02 20:15:17,841 [Listener at localhost/10608] INFO  impl.DataStreamServerImpl (ConfUtils.java:logGet(44)) - raft.datastream.type = DISABLED (default)
2021-11-02 20:15:17,841 [Listener at localhost/10608] INFO  server.RaftServerConfigKeys (ConfUtils.java:logGet(44)) - raft.server.rpc.slowness.timeout = 2s (custom)
2021-11-02 20:15:17,841 [Listener at localhost/10608] INFO  server.RaftServerConfigKeys (ConfUtils.java:logGet(44)) - raft.server.leaderelection.leader.step-down.wait-time = 10s (default)
2021-11-02 20:15:17,842 [Listener at localhost/10608] INFO  server.RaftServerConfigKeys (ConfUtils.java:logGet(44)) - raft.server.storage.dir = [/home/runner/work/ozone/ozone/hadoop-ozone/integration-test/target/test-dir/MiniOzoneClusterImpl-76263e8f-62ab-412a-8766-4a189fbce95f/omNode-2/ratis] (custom)
2021-11-02 20:15:17,842 [Listener at localhost/10608] INFO  server.RaftServer (RaftServerProxy.java:lambda$null$1(235)) - omNode-2: found a subdirectory /home/runner/work/ozone/ozone/hadoop-ozone/integration-test/target/test-dir/MiniOzoneClusterImpl-76263e8f-62ab-412a-8766-4a189fbce95f/omNode-2/ratis/c9bc4cf4-3bc3-3c60-a66b-523986131536
2021-11-02 20:15:17,842 [Listener at localhost/10608] INFO  server.RaftServer (RaftServerProxy.java:addNew(95)) - omNode-2: addNew group-523986131536:[omNode-3|rpc:localhost:10624|priority:0, omNode-1|rpc:localhost:10612|priority:0, omNode-2|rpc:localhost:10618|priority:0] returns group-523986131536:java.util.concurrent.CompletableFuture@41248efa[Not completed]
2021-11-02 20:15:17,842 [Listener at localhost/10608] INFO  om.OzoneManager (OzoneManager.java:initializeRatisServer(1638)) - OzoneManager Ratis server initialized at port 10618
2021-11-02 20:15:17,842 [Listener at localhost/10608] INFO  ratis.OzoneManagerRatisServer (OzoneManagerRatisServer.java:start(522)) - Starting OzoneManagerRatisServer omNode-2 at port 10618
2021-11-02 20:15:17,842 [pool-391-thread-1] INFO  server.RaftServer$Division (RaftServerImpl.java:<init>(184)) - omNode-2: new RaftServerImpl for group-523986131536:[omNode-3|rpc:localhost:10624|priority:0, omNode-1|rpc:localhost:10612|priority:0, omNode-2|rpc:localhost:10618|priority:0] with OzoneManagerStateMachine:uninitialized
2021-11-02 20:15:17,844 [pool-391-thread-1] INFO  server.RaftServerConfigKeys (ConfUtils.java:logGet(44)) - raft.server.rpc.timeout.min = 1s (custom)
2021-11-02 20:15:17,844 [pool-391-thread-1] INFO  server.RaftServerConfigKeys (ConfUtils.java:logGet(44)) - raft.server.rpc.timeout.max = 1200ms (custom)
2021-11-02 20:15:17,844 [pool-391-thread-1] INFO  server.RaftServerConfigKeys (ConfUtils.java:logGet(44)) - raft.server.rpc.sleep.time = 25ms (default)
2021-11-02 20:15:17,844 [pool-391-thread-1] INFO  server.RaftServerConfigKeys (ConfUtils.java:logGet(44)) - raft.server.rpc.slowness.timeout = 2s (custom)
2021-11-02 20:15:17,844 [pool-391-thread-1] INFO  server.RaftServerConfigKeys (ConfUtils.java:logGet(44)) - raft.server.leaderelection.leader.step-down.wait-time = 10s (default)
2021-11-02 20:15:17,844 [pool-391-thread-1] INFO  server.RaftServerConfigKeys (ConfUtils.java:logGet(44)) - raft.server.sleep.deviation.threshold = 300ms (default)
2021-11-02 20:15:17,844 [pool-391-thread-1] INFO  server.RaftServerConfigKeys (ConfUtils.java:logGet(44)) - raft.server.log.appender.install.snapshot.enabled = false (custom)
2021-11-02 20:15:17,844 [pool-391-thread-1] INFO  server.RaftServer$Division (ServerState.java:<init>(105)) - omNode-2@group-523986131536: ConfigurationManager, init=-1: [omNode-3|rpc:localhost:10624|priority:0, omNode-1|rpc:localhost:10612|priority:0, omNode-2|rpc:localhost:10618|priority:0], old=null, confs=<EMPTY_MAP>
2021-11-02 20:15:17,845 [pool-391-thread-1] INFO  server.RaftServerConfigKeys (ConfUtils.java:logGet(44)) - raft.server.storage.dir = [/home/runner/work/ozone/ozone/hadoop-ozone/integration-test/target/test-dir/MiniOzoneClusterImpl-76263e8f-62ab-412a-8766-4a189fbce95f/omNode-2/ratis] (custom)
2021-11-02 20:15:17,845 [pool-391-thread-1] INFO  server.RaftServerConfigKeys (ConfUtils.java:logGet(44)) - raft.server.log.corruption.policy = EXCEPTION (default)
2021-11-02 20:15:17,845 [pool-391-thread-1] INFO  server.RaftServerConfigKeys (ConfUtils.java:logGet(44)) - raft.server.storage.free-space.min = 0MB (=0) (default)
2021-11-02 20:15:17,853 [pool-391-thread-1] INFO  storage.RaftStorageDirectory (RaftStorageDirectoryImpl.java:tryLock(230)) - Lock on /home/runner/work/ozone/ozone/hadoop-ozone/integration-test/target/test-dir/MiniOzoneClusterImpl-76263e8f-62ab-412a-8766-4a189fbce95f/omNode-2/ratis/c9bc4cf4-3bc3-3c60-a66b-523986131536/in_use.lock acquired by nodename 14135@fv-az270-10
2021-11-02 20:15:17,854 [pool-391-thread-1] INFO  storage.RaftStorage (RaftStorageImpl.java:analyzeAndRecoverStorage(110)) - Read RaftStorageMetadata{term=9, votedFor=omNode-2} from /home/runner/work/ozone/ozone/hadoop-ozone/integration-test/target/test-dir/MiniOzoneClusterImpl-76263e8f-62ab-412a-8766-4a189fbce95f/omNode-2/ratis/c9bc4cf4-3bc3-3c60-a66b-523986131536/current/raft-meta
2021-11-02 20:15:17,854 [pool-391-thread-1] INFO  server.RaftServer$Division (ServerState.java:setRaftConf(387)) - omNode-2@group-523986131536: set configuration 22: [omNode-3|rpc:localhost:10624|admin:|client:|dataStream:|priority:0, omNode-1|rpc:localhost:10612|admin:|client:|dataStream:|priority:0, omNode-2|rpc:localhost:10618|admin:|client:|dataStream:|priority:0], old=null
2021-11-02 20:15:17,854 [pool-391-thread-1] INFO  server.RaftServerConfigKeys (ConfUtils.java:logGet(44)) - raft.server.notification.no-leader.timeout = 2s (custom)
2021-11-02 20:15:17,854 [pool-391-thread-1] INFO  server.RaftServerConfigKeys (ConfUtils.java:logGet(44)) - raft.server.log.use.memory = false (default)
2021-11-02 20:15:17,854 [pool-391-thread-1] INFO  server.RaftServerConfigKeys (ConfUtils.java:logGet(44)) - raft.server.log.purge.gap = 50 (custom)
2021-11-02 20:15:17,854 [pool-391-thread-1] INFO  server.RaftServerConfigKeys (ConfUtils.java:logGet(44)) - raft.server.log.appender.buffer.byte-limit = 33554432 (custom)
2021-11-02 20:15:17,855 [pool-391-thread-1] INFO  server.RaftServerConfigKeys (ConfUtils.java:logGet(44)) - raft.server.log.segment.size.max = 4194304 (custom)
2021-11-02 20:15:17,856 [pool-391-thread-1] INFO  server.RaftServerConfigKeys (ConfUtils.java:logGet(44)) - raft.server.log.segment.cache.num.max = 2 (custom)
2021-11-02 20:15:17,856 [pool-391-thread-1] INFO  server.RaftServerConfigKeys (ConfUtils.java:logGet(44)) - raft.server.log.segment.cache.size.max = 200MB (=209715200) (default)
2021-11-02 20:15:17,856 [pool-391-thread-1] INFO  segmented.SegmentedRaftLogWorker (SegmentedRaftLogWorker.java:<init>(182)) - new omNode-2@group-523986131536-SegmentedRaftLogWorker for RaftStorageImpl:Storage Directory /home/runner/work/ozone/ozone/hadoop-ozone/integration-test/target/test-dir/MiniOzoneClusterImpl-76263e8f-62ab-412a-8766-4a189fbce95f/omNode-2/ratis/c9bc4cf4-3bc3-3c60-a66b-523986131536
2021-11-02 20:15:17,856 [pool-391-thread-1] INFO  server.RaftServerConfigKeys (ConfUtils.java:logGet(44)) - raft.server.log.queue.byte-limit = 64MB (=67108864) (default)
2021-11-02 20:15:17,856 [pool-391-thread-1] INFO  server.RaftServerConfigKeys (ConfUtils.java:logGet(44)) - raft.server.log.queue.element-limit = 4096 (default)
2021-11-02 20:15:17,856 [pool-391-thread-1] INFO  server.RaftServerConfigKeys (ConfUtils.java:logGet(44)) - raft.server.log.segment.size.max = 4194304 (custom)
2021-11-02 20:15:17,856 [pool-391-thread-1] INFO  server.RaftServerConfigKeys (ConfUtils.java:logGet(44)) - raft.server.log.preallocated.size = 4194304 (custom)
2021-11-02 20:15:17,856 [pool-391-thread-1] INFO  server.RaftServerConfigKeys (ConfUtils.java:logGet(44)) - raft.server.log.force.sync.num = 128 (default)
2021-11-02 20:15:17,856 [pool-391-thread-1] INFO  server.RaftServerConfigKeys (ConfUtils.java:logGet(44)) - raft.server.log.statemachine.data.sync = true (default)
2021-11-02 20:15:17,856 [pool-391-thread-1] INFO  server.RaftServerConfigKeys (ConfUtils.java:logGet(44)) - raft.server.log.statemachine.data.sync.timeout = 10s (default)
2021-11-02 20:15:17,856 [pool-391-thread-1] INFO  server.RaftServerConfigKeys (ConfUtils.java:logGet(44)) - raft.server.log.statemachine.data.sync.timeout.retry = -1 (default)
2021-11-02 20:15:17,857 [pool-391-thread-1] INFO  server.RaftServerConfigKeys (ConfUtils.java:logGet(44)) - raft.server.log.write.buffer.size = 64KB (=65536) (default)
2021-11-02 20:15:17,857 [pool-391-thread-1] INFO  server.RaftServerConfigKeys (ConfUtils.java:logGet(44)) - raft.server.log.statemachine.data.caching.enabled = false (default)
2021-11-02 20:15:17,858 [pool-391-thread-1] INFO  server.RaftServer$Division (ServerState.java:setRaftConf(387)) - omNode-2@group-523986131536: set configuration 11: [omNode-3|rpc:localhost:10624|admin:|client:|dataStream:|priority:0, omNode-1|rpc:localhost:10612|admin:|client:|dataStream:|priority:0, omNode-2|rpc:localhost:10618|admin:|client:|dataStream:|priority:0], old=null
2021-11-02 20:15:17,858 [pool-391-thread-1] INFO  segmented.LogSegment (LogSegment.java:loadSegment(173)) - Successfully read 2 entries from segment file /home/runner/work/ozone/ozone/hadoop-ozone/integration-test/target/test-dir/MiniOzoneClusterImpl-76263e8f-62ab-412a-8766-4a189fbce95f/omNode-2/ratis/c9bc4cf4-3bc3-3c60-a66b-523986131536/current/log_11-12
2021-11-02 20:15:17,858 [pool-391-thread-1] INFO  server.RaftServer$Division (ServerState.java:setRaftConf(387)) - omNode-2@group-523986131536: set configuration 13: [omNode-3|rpc:localhost:10624|admin:|client:|dataStream:|priority:0, omNode-1|rpc:localhost:10612|admin:|client:|dataStream:|priority:0, omNode-2|rpc:localhost:10618|admin:|client:|dataStream:|priority:0], old=null
2021-11-02 20:15:17,858 [pool-391-thread-1] INFO  segmented.LogSegment (LogSegment.java:loadSegment(173)) - Successfully read 4 entries from segment file /home/runner/work/ozone/ozone/hadoop-ozone/integration-test/target/test-dir/MiniOzoneClusterImpl-76263e8f-62ab-412a-8766-4a189fbce95f/omNode-2/ratis/c9bc4cf4-3bc3-3c60-a66b-523986131536/current/log_13-16
2021-11-02 20:15:17,859 [pool-391-thread-1] INFO  server.RaftServer$Division (ServerState.java:setRaftConf(387)) - omNode-2@group-523986131536: set configuration 17: [omNode-3|rpc:localhost:10624|admin:|client:|dataStream:|priority:0, omNode-1|rpc:localhost:10612|admin:|client:|dataStream:|priority:0, omNode-2|rpc:localhost:10618|admin:|client:|dataStream:|priority:0], old=null
2021-11-02 20:15:17,859 [pool-391-thread-1] INFO  segmented.LogSegment (LogSegment.java:loadSegment(173)) - Successfully read 4 entries from segment file /home/runner/work/ozone/ozone/hadoop-ozone/integration-test/target/test-dir/MiniOzoneClusterImpl-76263e8f-62ab-412a-8766-4a189fbce95f/omNode-2/ratis/c9bc4cf4-3bc3-3c60-a66b-523986131536/current/log_17-20
2021-11-02 20:15:17,859 [pool-391-thread-1] INFO  server.RaftServer$Division (ServerState.java:setRaftConf(387)) - omNode-2@group-523986131536: set configuration 21: [omNode-3|rpc:localhost:10624|admin:|client:|dataStream:|priority:0, omNode-1|rpc:localhost:10612|admin:|client:|dataStream:|priority:0, omNode-2|rpc:localhost:10618|admin:|client:|dataStream:|priority:0], old=null
2021-11-02 20:15:17,859 [pool-391-thread-1] INFO  segmented.LogSegment (LogSegment.java:loadSegment(173)) - Successfully read 1 entries from segment file /home/runner/work/ozone/ozone/hadoop-ozone/integration-test/target/test-dir/MiniOzoneClusterImpl-76263e8f-62ab-412a-8766-4a189fbce95f/omNode-2/ratis/c9bc4cf4-3bc3-3c60-a66b-523986131536/current/log_21-21
2021-11-02 20:15:17,859 [pool-391-thread-1] INFO  server.RaftServer$Division (ServerState.java:setRaftConf(387)) - omNode-2@group-523986131536: set configuration 22: [omNode-3|rpc:localhost:10624|admin:|client:|dataStream:|priority:0, omNode-1|rpc:localhost:10612|admin:|client:|dataStream:|priority:0, omNode-2|rpc:localhost:10618|admin:|client:|dataStream:|priority:0], old=null
2021-11-02 20:15:17,859 [pool-391-thread-1] INFO  segmented.LogSegment (LogSegment.java:loadSegment(173)) - Successfully read 4 entries from segment file /home/runner/work/ozone/ozone/hadoop-ozone/integration-test/target/test-dir/MiniOzoneClusterImpl-76263e8f-62ab-412a-8766-4a189fbce95f/omNode-2/ratis/c9bc4cf4-3bc3-3c60-a66b-523986131536/current/log_inprogress_22
2021-11-02 20:15:17,859 [pool-391-thread-1] INFO  segmented.SegmentedRaftLogWorker (SegmentedRaftLogWorker.java:lambda$new$0(133)) - omNode-2@group-523986131536-SegmentedRaftLogWorker: flushIndex: setUnconditionally 0 -> 25
2021-11-02 20:15:17,860 [pool-391-thread-1] INFO  segmented.SegmentedRaftLogWorker (SegmentedRaftLogWorker.java:lambda$new$0(133)) - omNode-2@group-523986131536-SegmentedRaftLogWorker: safeCacheEvictIndex: setUnconditionally 0 -> 21
2021-11-02 20:15:17,863 [pool-391-thread-1] INFO  raftlog.RaftLog (RaftLogBase.java:lambda$new$0(53)) - omNode-2@group-523986131536-SegmentedRaftLog: commitIndex: updateToMax old=25, new=24, updated? false
2021-11-02 20:15:17,863 [pool-391-thread-1] INFO  raftlog.RaftLog (RaftLogBase.java:lambda$new$0(53)) - omNode-2@group-523986131536-SegmentedRaftLog: purgeIndex: updateIncreasingly -1 -> 10
2021-11-02 20:15:17,864 [pool-391-thread-1] INFO  server.RaftServerConfigKeys (ConfUtils.java:logGet(44)) - raft.server.snapshot.auto.trigger.enabled = true (custom)
2021-11-02 20:15:17,864 [pool-391-thread-1] INFO  server.RaftServerConfigKeys (ConfUtils.java:logGet(44)) - raft.server.snapshot.auto.trigger.threshold = 50 (custom)
2021-11-02 20:15:17,864 [pool-391-thread-1] INFO  server.RaftServerConfigKeys (ConfUtils.java:logGet(44)) - raft.server.snapshot.retention.file.num = -1 (default)
2021-11-02 20:15:17,864 [pool-391-thread-1] INFO  server.RaftServerConfigKeys (ConfUtils.java:logGet(44)) - raft.server.log.purge.upto.snapshot.index = true (custom)
2021-11-02 20:15:17,864 [pool-391-thread-1] INFO  server.RaftServerConfigKeys (ConfUtils.java:logGet(44)) - raft.server.retrycache.expirytime = 30000ms (custom)
2021-11-02 20:15:17,864 [pool-391-thread-1] INFO  server.RaftServerConfigKeys (ConfUtils.java:logGet(44)) - raft.server.retrycache.statistics.expirytime = 100μs (default)
2021-11-02 20:15:17,865 [Listener at localhost/10608] INFO  server.RaftServer$Division (RaftServerImpl.java:start(301)) - omNode-2@group-523986131536: start as a follower, conf=22: [omNode-3|rpc:localhost:10624|admin:|client:|dataStream:|priority:0, omNode-1|rpc:localhost:10612|admin:|client:|dataStream:|priority:0, omNode-2|rpc:localhost:10618|admin:|client:|dataStream:|priority:0], old=null
2021-11-02 20:15:17,865 [Listener at localhost/10608] INFO  server.RaftServer$Division (RaftServerImpl.java:setRole(290)) - omNode-2@group-523986131536: changes role from      null to FOLLOWER at term 9 for startAsFollower
2021-11-02 20:15:17,865 [Listener at localhost/10608] INFO  impl.RoleInfo (RoleInfo.java:updateAndGet(130)) - omNode-2: start omNode-2@group-523986131536-FollowerState
2021-11-02 20:15:17,866 [Listener at localhost/10608] INFO  util.JmxRegister (JmxRegister.java:tryRegister(44)) - Successfully registered JMX Bean with object name Ratis:service=RaftServer,group=group-523986131536,id=omNode-2
2021-11-02 20:15:17,866 [Listener at localhost/10608] INFO  server.RaftServer (RaftServerProxy.java:lambda$start$5(374)) - omNode-2: start RPC server
2021-11-02 20:15:17,867 [Listener at localhost/10608] INFO  server.GrpcService (GrpcService.java:startImpl(253)) - omNode-2: GrpcService started, listening on 10618
2021-11-02 20:15:17,868 [org.apache.ratis.util.JvmPauseMonitor$$Lambda$523/614850410@793515a6] INFO  util.JvmPauseMonitor (JvmPauseMonitor.java:run(103)) - JvmPauseMonitor-omNode-2: Started
2021-11-02 20:15:17,868 [Listener at localhost/10608] INFO  ipc.CallQueueManager (CallQueueManager.java:<init>(90)) - Using callQueue: class java.util.concurrent.LinkedBlockingQueue, queueCapacity: 2000, scheduler: class org.apache.hadoop.ipc.DefaultRpcScheduler, ipcBackoff: false.
2021-11-02 20:15:17,868 [Socket Reader #1 for port 10614] INFO  ipc.Server (Server.java:run(1265)) - Starting Socket Reader #1 for port 10614
2021-11-02 20:15:17,882 [Listener at localhost/10614] INFO  http.BaseHttpServer (BaseHttpServer.java:newHttpServer2BuilderForOzone(209)) - Starting Web-server for ozoneManager at: http://0.0.0.0:10616
2021-11-02 20:15:17,882 [Listener at localhost/10614] INFO  http.BaseHttpServer (BaseHttpServer.java:<init>(107)) - Hadoop Security Enabled: false Ozone Security Enabled: false Ozone HTTP Security Enabled: false 
2021-11-02 20:15:17,883 [Listener at localhost/10614] INFO  server.AuthenticationFilter (AuthenticationFilter.java:constructSecretProvider(240)) - Unable to initialize FileSignerSecretProvider, falling back to use random secrets.
2021-11-02 20:15:17,883 [Listener at localhost/10614] WARN  http.HttpRequestLog (HttpRequestLog.java:getRequestLog(103)) - Jetty request log can only be enabled using Log4j
2021-11-02 20:15:17,884 [Listener at localhost/10614] INFO  http.HttpServer2 (HttpServer2.java:addGlobalFilter(1030)) - Added global filter 'safety' (class=org.apache.hadoop.hdds.server.http.HttpServer2$QuotingInputFilter)
2021-11-02 20:15:17,885 [Listener at localhost/10614] INFO  http.HttpServer2 (HttpServer2.java:addFilter(1006)) - Added filter static_user_filter (class=org.apache.hadoop.http.lib.StaticUserWebFilter$StaticUserFilter) to context ozoneManager
2021-11-02 20:15:17,885 [Listener at localhost/10614] INFO  http.HttpServer2 (HttpServer2.java:addFilter(1014)) - Added filter static_user_filter (class=org.apache.hadoop.http.lib.StaticUserWebFilter$StaticUserFilter) to context logs
2021-11-02 20:15:17,885 [Listener at localhost/10614] INFO  http.HttpServer2 (HttpServer2.java:addFilter(1014)) - Added filter static_user_filter (class=org.apache.hadoop.http.lib.StaticUserWebFilter$StaticUserFilter) to context static
2021-11-02 20:15:17,890 [Listener at localhost/10614] INFO  http.HttpServer2 (HttpServer2.java:bindListener(1249)) - Jetty bound to port 10616
2021-11-02 20:15:17,890 [Listener at localhost/10614] INFO  server.Server (Server.java:doStart(375)) - jetty-9.4.43.v20210629; built: 2021-06-30T11:07:22.254Z; git: 526006ecfa3af7f1a27ef3a288e2bef7ea9dd7e8; jvm 1.8.0_292-b10
2021-11-02 20:15:17,904 [Listener at localhost/10614] INFO  server.session (DefaultSessionIdManager.java:doStart(334)) - DefaultSessionIdManager workerName=node0
2021-11-02 20:15:17,904 [Listener at localhost/10614] INFO  server.session (DefaultSessionIdManager.java:doStart(339)) - No SessionScavenger set, using defaults
2021-11-02 20:15:17,905 [Listener at localhost/10614] INFO  server.session (HouseKeeper.java:startScavenging(132)) - node0 Scavenging every 660000ms
2021-11-02 20:15:17,906 [Listener at localhost/10614] INFO  handler.ContextHandler (ContextHandler.java:doStart(915)) - Started o.e.j.s.ServletContextHandler@1c6f1968{logs,/logs,file:///home/runner/work/ozone/ozone/hadoop-ozone/integration-test/target/log,AVAILABLE}
2021-11-02 20:15:17,906 [Listener at localhost/10614] INFO  handler.ContextHandler (ContextHandler.java:doStart(915)) - Started o.e.j.s.ServletContextHandler@e2519{static,/static,file:///home/runner/work/ozone/ozone/hadoop-ozone/integration-test/target/test-classes/webapps/static,AVAILABLE}
2021-11-02 20:15:17,909 [Listener at localhost/10614] INFO  handler.ContextHandler (ContextHandler.java:doStart(915)) - Started o.e.j.w.WebAppContext@ed58287{ozoneManager,/,file:///home/runner/work/ozone/ozone/hadoop-ozone/integration-test/target/test-classes/webapps/ozoneManager/,AVAILABLE}{file:/home/runner/work/ozone/ozone/hadoop-ozone/integration-test/target/test-classes/webapps/ozoneManager}
2021-11-02 20:15:17,917 [Listener at localhost/10614] INFO  server.AbstractConnector (AbstractConnector.java:doStart(331)) - Started ServerConnector@17288ad{HTTP/1.1, (http/1.1)}{0.0.0.0:10616}
2021-11-02 20:15:17,917 [Listener at localhost/10614] INFO  server.Server (Server.java:doStart(415)) - Started @405396ms
2021-11-02 20:15:17,917 [Listener at localhost/10614] WARN  impl.MetricsSystemImpl (MetricsSystemImpl.java:register(279)) - Sink prometheus already exists!
2021-11-02 20:15:17,920 [Listener at localhost/10614] INFO  http.BaseHttpServer (BaseHttpServer.java:updateConnectorAddress(329)) - HTTP server of ozoneManager listening at http://0.0.0.0:10616
2021-11-02 20:15:17,920 [IPC Server Responder] INFO  ipc.Server (Server.java:run(1507)) - IPC Server Responder: starting
2021-11-02 20:15:17,920 [IPC Server listener on 10614] INFO  ipc.Server (Server.java:run(1344)) - IPC Server listener on 10614: starting
2021-11-02 20:15:17,924 [Listener at localhost/10614] INFO  om.OzoneManager (OzoneManager.java:startTrashEmptier(1596)) - Trash Interval set to 0. Files deleted will not move to trash
2021-11-02 20:15:17,935 [org.apache.hadoop.util.JvmPauseMonitor$Monitor@cdede52] INFO  util.JvmPauseMonitor (JvmPauseMonitor.java:run(188)) - Starting JVM pause monitor
]]></system-out>
  </testcase>
  <testcase name="testPrepareWithRestart" classname="org.apache.hadoop.ozone.om.TestOzoneManagerPrepare" time="125.498">
    <error message="timeout: after 120000 millis" type="java.util.concurrent.TimeoutException">java.util.concurrent.TimeoutException: timeout: after 120000 millis
	at org.apache.ozone.test.LambdaTestUtils$GenerateTimeout.evaluate(LambdaTestUtils.java:677)
	at org.apache.ozone.test.LambdaTestUtils.await(LambdaTestUtils.java:154)
	at org.apache.ozone.test.LambdaTestUtils.await(LambdaTestUtils.java:192)
	at org.apache.hadoop.ozone.om.TestOzoneManagerPrepare.assertClusterNotPrepared(TestOzoneManagerPrepare.java:484)
	at org.apache.hadoop.ozone.om.TestOzoneManagerPrepare.assertClusterNotPrepared(TestOzoneManagerPrepare.java:478)
	at org.apache.hadoop.ozone.om.TestOzoneManagerPrepare.initOM(TestOzoneManagerPrepare.java:91)
	at sun.reflect.NativeMethodAccessorImpl.invoke0(Native Method)
	at sun.reflect.NativeMethodAccessorImpl.invoke(NativeMethodAccessorImpl.java:62)
	at sun.reflect.DelegatingMethodAccessorImpl.invoke(DelegatingMethodAccessorImpl.java:43)
	at java.lang.reflect.Method.invoke(Method.java:498)
	at org.junit.runners.model.FrameworkMethod$1.runReflectiveCall(FrameworkMethod.java:59)
	at org.junit.internal.runners.model.ReflectiveCallable.run(ReflectiveCallable.java:12)
	at org.junit.runners.model.FrameworkMethod.invokeExplosively(FrameworkMethod.java:56)
	at org.junit.internal.runners.statements.RunBefores.invokeMethod(RunBefores.java:33)
	at org.junit.internal.runners.statements.RunBefores.evaluate(RunBefores.java:24)
	at org.junit.internal.runners.statements.RunAfters.evaluate(RunAfters.java:27)
	at org.junit.rules.ExpectedException$ExpectedExceptionStatement.evaluate(ExpectedException.java:258)
	at org.junit.internal.runners.statements.FailOnTimeout$CallableStatement.call(FailOnTimeout.java:288)
	at org.junit.internal.runners.statements.FailOnTimeout$CallableStatement.call(FailOnTimeout.java:282)
	at java.util.concurrent.FutureTask.run(FutureTask.java:266)
	at java.lang.Thread.run(Thread.java:748)
</error>
    <system-out><![CDATA[2021-11-02 20:15:17,951 [Time-limited test] INFO  retry.RetryInvocationHandler (RetryInvocationHandler.java:log(411)) - com.google.protobuf.ServiceException: org.apache.hadoop.ipc.RemoteException(org.apache.hadoop.ozone.om.exceptions.OMNotLeaderException): OM:omNode-2 is not the leader. Could not determine the leader node.
	at org.apache.hadoop.ozone.om.ratis.utils.OzoneManagerRatisUtils.createNotLeaderException(OzoneManagerRatisUtils.java:465)
	at org.apache.hadoop.ozone.om.ratis.utils.OzoneManagerRatisUtils.checkLeaderStatus(OzoneManagerRatisUtils.java:451)
	at org.apache.hadoop.ozone.protocolPB.OzoneManagerProtocolServerSideTranslatorPB.checkLeaderStatus(OzoneManagerProtocolServerSideTranslatorPB.java:279)
	at org.apache.hadoop.ozone.protocolPB.OzoneManagerProtocolServerSideTranslatorPB.processRequest(OzoneManagerProtocolServerSideTranslatorPB.java:158)
	at org.apache.hadoop.hdds.server.OzoneProtocolMessageDispatcher.processRequest(OzoneProtocolMessageDispatcher.java:87)
	at org.apache.hadoop.ozone.protocolPB.OzoneManagerProtocolServerSideTranslatorPB.submitRequest(OzoneManagerProtocolServerSideTranslatorPB.java:124)
	at org.apache.hadoop.ozone.protocol.proto.OzoneManagerProtocolProtos$OzoneManagerService$2.callBlockingMethod(OzoneManagerProtocolProtos.java)
	at org.apache.hadoop.ipc.ProtobufRpcEngine$Server.processCall(ProtobufRpcEngine.java:466)
	at org.apache.hadoop.ipc.ProtobufRpcEngine2$Server$ProtoBufRpcInvoker.call(ProtobufRpcEngine2.java:574)
	at org.apache.hadoop.ipc.ProtobufRpcEngine2$Server$ProtoBufRpcInvoker.call(ProtobufRpcEngine2.java:552)
	at org.apache.hadoop.ipc.RPC$Server.call(RPC.java:1093)
	at org.apache.hadoop.ipc.Server$RpcCall.run(Server.java:1035)
	at org.apache.hadoop.ipc.Server$RpcCall.run(Server.java:963)
	at java.security.AccessController.doPrivileged(Native Method)
	at javax.security.auth.Subject.doAs(Subject.java:422)
	at org.apache.hadoop.security.UserGroupInformation.doAs(UserGroupInformation.java:1878)
	at org.apache.hadoop.ipc.Server$Handler.run(Server.java:2966)
, while invoking $Proxy52.submitRequest over nodeId=omNode-2,nodeAddress=127.0.0.1:10614. Trying to failover immediately.
2021-11-02 20:15:17,963 [Time-limited test] INFO  retry.RetryInvocationHandler (RetryInvocationHandler.java:log(411)) - com.google.protobuf.ServiceException: org.apache.hadoop.ipc.RemoteException(org.apache.hadoop.ozone.om.exceptions.OMNotLeaderException): OM:omNode-3 is not the leader. Could not determine the leader node.
	at org.apache.hadoop.ozone.om.ratis.utils.OzoneManagerRatisUtils.createNotLeaderException(OzoneManagerRatisUtils.java:465)
	at org.apache.hadoop.ozone.om.ratis.utils.OzoneManagerRatisUtils.checkLeaderStatus(OzoneManagerRatisUtils.java:451)
	at org.apache.hadoop.ozone.protocolPB.OzoneManagerProtocolServerSideTranslatorPB.checkLeaderStatus(OzoneManagerProtocolServerSideTranslatorPB.java:279)
	at org.apache.hadoop.ozone.protocolPB.OzoneManagerProtocolServerSideTranslatorPB.processRequest(OzoneManagerProtocolServerSideTranslatorPB.java:158)
	at org.apache.hadoop.hdds.server.OzoneProtocolMessageDispatcher.processRequest(OzoneProtocolMessageDispatcher.java:87)
	at org.apache.hadoop.ozone.protocolPB.OzoneManagerProtocolServerSideTranslatorPB.submitRequest(OzoneManagerProtocolServerSideTranslatorPB.java:124)
	at org.apache.hadoop.ozone.protocol.proto.OzoneManagerProtocolProtos$OzoneManagerService$2.callBlockingMethod(OzoneManagerProtocolProtos.java)
	at org.apache.hadoop.ipc.ProtobufRpcEngine$Server.processCall(ProtobufRpcEngine.java:466)
	at org.apache.hadoop.ipc.ProtobufRpcEngine2$Server$ProtoBufRpcInvoker.call(ProtobufRpcEngine2.java:574)
	at org.apache.hadoop.ipc.ProtobufRpcEngine2$Server$ProtoBufRpcInvoker.call(ProtobufRpcEngine2.java:552)
	at org.apache.hadoop.ipc.RPC$Server.call(RPC.java:1093)
	at org.apache.hadoop.ipc.Server$RpcCall.run(Server.java:1035)
	at org.apache.hadoop.ipc.Server$RpcCall.run(Server.java:963)
	at java.security.AccessController.doPrivileged(Native Method)
	at javax.security.auth.Subject.doAs(Subject.java:422)
	at org.apache.hadoop.security.UserGroupInformation.doAs(UserGroupInformation.java:1878)
	at org.apache.hadoop.ipc.Server$Handler.run(Server.java:2966)
, while invoking $Proxy52.submitRequest over nodeId=omNode-3,nodeAddress=127.0.0.1:10620 after 1 failover attempts. Trying to failover after sleeping for 2000ms.
2021-11-02 20:15:18,792 [omNode-3@group-523986131536-FollowerState] INFO  impl.FollowerState (FollowerState.java:run(134)) - omNode-3@group-523986131536-FollowerState: change to CANDIDATE, lastRpcElapsedTime:1191351639ns, electionTimeout:1191ms
2021-11-02 20:15:18,792 [omNode-3@group-523986131536-FollowerState] INFO  impl.RoleInfo (RoleInfo.java:shutdownFollowerState(108)) - omNode-3: shutdown omNode-3@group-523986131536-FollowerState
2021-11-02 20:15:18,792 [omNode-3@group-523986131536-FollowerState] INFO  server.RaftServer$Division (RaftServerImpl.java:setRole(290)) - omNode-3@group-523986131536: changes role from  FOLLOWER to CANDIDATE at term 9 for changeToCandidate
2021-11-02 20:15:18,793 [omNode-3@group-523986131536-FollowerState] INFO  server.RaftServerConfigKeys (ConfUtils.java:logGet(44)) - raft.server.leaderelection.pre-vote = false (custom)
2021-11-02 20:15:18,793 [omNode-3@group-523986131536-FollowerState] INFO  impl.RoleInfo (RoleInfo.java:updateAndGet(130)) - omNode-3: start omNode-3@group-523986131536-LeaderElection28
2021-11-02 20:15:18,796 [omNode-3@group-523986131536-LeaderElection28] INFO  impl.LeaderElection (LeaderElection.java:askForVotes(306)) - omNode-3@group-523986131536-LeaderElection28 ELECTION round 0: submit vote requests at term 10 for 22: [omNode-3|rpc:localhost:10624|admin:|client:|dataStream:|priority:0, omNode-1|rpc:localhost:10612|admin:|client:|dataStream:|priority:0, omNode-2|rpc:localhost:10618|admin:|client:|dataStream:|priority:0], old=null
2021-11-02 20:15:18,808 [grpc-default-executor-15] INFO  server.RaftServer$Division (RaftServerImpl.java:requestVote(1046)) - omNode-2@group-523986131536: receive requestVote(ELECTION, omNode-3, group-523986131536, 10, (t:9, i:25))
2021-11-02 20:15:18,808 [grpc-default-executor-15] INFO  impl.VoteContext (VoteContext.java:log(48)) - omNode-2@group-523986131536-FOLLOWER: accept ELECTION from omNode-3: our priority 0 <= candidate's priority 0
2021-11-02 20:15:18,808 [grpc-default-executor-15] INFO  server.RaftServer$Division (RaftServerImpl.java:setRole(290)) - omNode-2@group-523986131536: changes role from  FOLLOWER to FOLLOWER at term 10 for candidate:omNode-3
2021-11-02 20:15:18,808 [grpc-default-executor-15] INFO  impl.RoleInfo (RoleInfo.java:shutdownFollowerState(108)) - omNode-2: shutdown omNode-2@group-523986131536-FollowerState
2021-11-02 20:15:18,808 [grpc-default-executor-15] INFO  impl.RoleInfo (RoleInfo.java:updateAndGet(130)) - omNode-2: start omNode-2@group-523986131536-FollowerState
2021-11-02 20:15:18,809 [omNode-2@group-523986131536-FollowerState] INFO  impl.FollowerState (FollowerState.java:run(143)) - omNode-2@group-523986131536-FollowerState was interrupted: {}
java.lang.InterruptedException: sleep interrupted
	at java.lang.Thread.sleep(Native Method)
	at java.lang.Thread.sleep(Thread.java:340)
	at java.util.concurrent.TimeUnit.sleep(TimeUnit.java:386)
	at org.apache.ratis.util.TimeDuration.sleep(TimeDuration.java:324)
	at org.apache.ratis.util.TimeDuration.sleep(TimeDuration.java:309)
	at org.apache.ratis.server.impl.FollowerState.run(FollowerState.java:118)
2021-11-02 20:15:18,817 [grpc-default-executor-14] INFO  server.RaftServer$Division (RaftServerImpl.java:requestVote(1046)) - omNode-1@group-523986131536: receive requestVote(ELECTION, omNode-3, group-523986131536, 10, (t:9, i:25))
2021-11-02 20:15:18,817 [grpc-default-executor-14] INFO  impl.VoteContext (VoteContext.java:log(48)) - omNode-1@group-523986131536-FOLLOWER: accept ELECTION from omNode-3: our last entry (t:2, i:10) < candidate's last entry (t:9, i:25)
2021-11-02 20:15:18,818 [grpc-default-executor-14] INFO  server.RaftServer$Division (RaftServerImpl.java:setRole(290)) - omNode-1@group-523986131536: changes role from  FOLLOWER to FOLLOWER at term 10 for candidate:omNode-3
2021-11-02 20:15:18,818 [grpc-default-executor-14] INFO  impl.RoleInfo (RoleInfo.java:shutdownFollowerState(108)) - omNode-1: shutdown omNode-1@group-523986131536-FollowerState
2021-11-02 20:15:18,818 [grpc-default-executor-14] INFO  impl.RoleInfo (RoleInfo.java:updateAndGet(130)) - omNode-1: start omNode-1@group-523986131536-FollowerState
2021-11-02 20:15:18,818 [omNode-1@group-523986131536-FollowerState] INFO  impl.FollowerState (FollowerState.java:run(143)) - omNode-1@group-523986131536-FollowerState was interrupted: {}
java.lang.InterruptedException: sleep interrupted
	at java.lang.Thread.sleep(Native Method)
	at java.lang.Thread.sleep(Thread.java:340)
	at java.util.concurrent.TimeUnit.sleep(TimeUnit.java:386)
	at org.apache.ratis.util.TimeDuration.sleep(TimeDuration.java:324)
	at org.apache.ratis.util.TimeDuration.sleep(TimeDuration.java:309)
	at org.apache.ratis.server.impl.FollowerState.run(FollowerState.java:118)
2021-11-02 20:15:18,818 [grpc-default-executor-15] INFO  server.RaftServer$Division (RaftServerImpl.java:requestVote(1078)) - omNode-2@group-523986131536 replies to ELECTION vote request: omNode-3<-omNode-2#0:OK-t10. Peer's state: omNode-2@group-523986131536:t10, leader=null, voted=omNode-3, raftlog=omNode-2@group-523986131536-SegmentedRaftLog:OPENED:c25, conf=22: [omNode-3|rpc:localhost:10624|admin:|client:|dataStream:|priority:0, omNode-1|rpc:localhost:10612|admin:|client:|dataStream:|priority:0, omNode-2|rpc:localhost:10618|admin:|client:|dataStream:|priority:0], old=null
2021-11-02 20:15:18,820 [grpc-default-executor-14] INFO  server.RaftServer$Division (RaftServerImpl.java:requestVote(1078)) - omNode-1@group-523986131536 replies to ELECTION vote request: omNode-3<-omNode-1#0:OK-t10. Peer's state: omNode-1@group-523986131536:t10, leader=null, voted=omNode-3, raftlog=omNode-1@group-523986131536-SegmentedRaftLog:OPENED:c10, conf=22: [omNode-3|rpc:localhost:10624|admin:|client:|dataStream:|priority:0, omNode-1|rpc:localhost:10612|admin:|client:|dataStream:|priority:0, omNode-2|rpc:localhost:10618|admin:|client:|dataStream:|priority:0], old=null
2021-11-02 20:15:18,823 [omNode-3@group-523986131536-LeaderElection28] INFO  impl.LeaderElection (LeaderElection.java:logAndReturn(89)) - omNode-3@group-523986131536-LeaderElection28: ELECTION PASSED received 1 response(s) and 0 exception(s):
2021-11-02 20:15:18,823 [omNode-3@group-523986131536-LeaderElection28] INFO  impl.LeaderElection (LeaderElection.java:logAndReturn(93)) -   Response 0: omNode-3<-omNode-2#0:OK-t10
2021-11-02 20:15:18,823 [omNode-3@group-523986131536-LeaderElection28] INFO  impl.LeaderElection (LeaderElection.java:askForVotes(308)) - omNode-3@group-523986131536-LeaderElection28 ELECTION round 0: result PASSED
2021-11-02 20:15:18,824 [omNode-3@group-523986131536-LeaderElection28] INFO  impl.RoleInfo (RoleInfo.java:shutdownLeaderElection(121)) - omNode-3: shutdown omNode-3@group-523986131536-LeaderElection28
2021-11-02 20:15:18,824 [omNode-3@group-523986131536-LeaderElection28] INFO  server.RaftServer$Division (RaftServerImpl.java:setRole(290)) - omNode-3@group-523986131536: changes role from CANDIDATE to LEADER at term 10 for changeToLeader
2021-11-02 20:15:18,824 [omNode-3@group-523986131536-LeaderElection28] INFO  server.RaftServer$Division (ServerState.java:setLeader(285)) - omNode-3@group-523986131536: change Leader from null to omNode-3 at term 10 for becomeLeader, leader elected after 1230ms
2021-11-02 20:15:18,824 [omNode-3@group-523986131536-LeaderElection28] INFO  server.RaftServerConfigKeys (ConfUtils.java:logGet(44)) - raft.server.staging.catchup.gap = 1000 (default)
2021-11-02 20:15:18,824 [omNode-3@group-523986131536-LeaderElection28] INFO  server.RaftServerConfigKeys (ConfUtils.java:logGet(44)) - raft.server.write.element-limit = 4096 (default)
2021-11-02 20:15:18,824 [omNode-3@group-523986131536-LeaderElection28] INFO  server.RaftServerConfigKeys (ConfUtils.java:logGet(44)) - raft.server.write.byte-limit = 64MB (=67108864) (default)
2021-11-02 20:15:18,824 [omNode-3@group-523986131536-LeaderElection28] INFO  server.RaftServerConfigKeys (ConfUtils.java:logGet(44)) - raft.server.watch.timeout = 10s (default)
2021-11-02 20:15:18,824 [omNode-3@group-523986131536-LeaderElection28] INFO  server.RaftServerConfigKeys (ConfUtils.java:logGet(44)) - raft.server.watch.timeout.denomination = 1s (default)
2021-11-02 20:15:18,824 [omNode-3@group-523986131536-LeaderElection28] INFO  server.RaftServerConfigKeys (ConfUtils.java:logGet(44)) - raft.server.watch.element-limit = 65536 (default)
2021-11-02 20:15:18,824 [omNode-3@group-523986131536-LeaderElection28] INFO  server.RaftServerConfigKeys (ConfUtils.java:logGet(44)) - raft.server.write.element-limit = 4096 (default)
2021-11-02 20:15:18,824 [omNode-3@group-523986131536-LeaderElection28] INFO  server.RaftServerConfigKeys (ConfUtils.java:logGet(44)) - raft.server.write.follower.gap.ratio.max = -1.0 (default)
2021-11-02 20:15:18,824 [omNode-3@group-523986131536-LeaderElection28] INFO  server.RaftServerConfigKeys (ConfUtils.java:logGet(44)) - raft.server.log.appender.snapshot.chunk.size.max = 16MB (=16777216) (default)
2021-11-02 20:15:18,825 [omNode-3@group-523986131536-LeaderElection28] INFO  server.RaftServerConfigKeys (ConfUtils.java:logGet(44)) - raft.server.log.appender.buffer.byte-limit = 33554432 (custom)
2021-11-02 20:15:18,825 [omNode-3@group-523986131536-LeaderElection28] INFO  server.RaftServerConfigKeys (ConfUtils.java:logGet(44)) - raft.server.log.appender.buffer.element-limit = 1024 (custom)
2021-11-02 20:15:18,825 [omNode-3@group-523986131536-LeaderElection28] INFO  grpc.GrpcConfigKeys (ConfUtils.java:logGet(44)) - raft.grpc.server.leader.outstanding.appends.max = 128 (default)
2021-11-02 20:15:18,825 [omNode-3@group-523986131536-LeaderElection28] INFO  server.RaftServerConfigKeys (ConfUtils.java:logGet(44)) - raft.server.rpc.request.timeout = 3000ms (default)
2021-11-02 20:15:18,825 [omNode-3@group-523986131536-LeaderElection28] INFO  server.RaftServerConfigKeys (ConfUtils.java:logGet(44)) - raft.server.log.appender.install.snapshot.enabled = false (custom)
2021-11-02 20:15:18,826 [omNode-3@group-523986131536-LeaderElection28] INFO  server.RaftServerConfigKeys (ConfUtils.java:logGet(44)) - raft.server.log.appender.snapshot.chunk.size.max = 16MB (=16777216) (default)
2021-11-02 20:15:18,826 [omNode-3@group-523986131536-LeaderElection28] INFO  server.RaftServerConfigKeys (ConfUtils.java:logGet(44)) - raft.server.log.appender.buffer.byte-limit = 33554432 (custom)
2021-11-02 20:15:18,826 [omNode-3@group-523986131536-LeaderElection28] INFO  server.RaftServerConfigKeys (ConfUtils.java:logGet(44)) - raft.server.log.appender.buffer.element-limit = 1024 (custom)
2021-11-02 20:15:18,826 [omNode-3@group-523986131536-LeaderElection28] INFO  grpc.GrpcConfigKeys (ConfUtils.java:logGet(44)) - raft.grpc.server.leader.outstanding.appends.max = 128 (default)
2021-11-02 20:15:18,826 [omNode-3@group-523986131536-LeaderElection28] INFO  server.RaftServerConfigKeys (ConfUtils.java:logGet(44)) - raft.server.rpc.request.timeout = 3000ms (default)
2021-11-02 20:15:18,827 [omNode-3@group-523986131536-LeaderElection28] INFO  server.RaftServerConfigKeys (ConfUtils.java:logGet(44)) - raft.server.log.appender.install.snapshot.enabled = false (custom)
2021-11-02 20:15:18,828 [omNode-3@group-523986131536-LeaderElection28] INFO  impl.RoleInfo (RoleInfo.java:updateAndGet(130)) - omNode-3: start omNode-3@group-523986131536-LeaderStateImpl
2021-11-02 20:15:18,828 [omNode-3@group-523986131536-LeaderElection28] INFO  segmented.SegmentedRaftLogWorker (SegmentedRaftLogWorker.java:rollLogSegment(399)) - omNode-3@group-523986131536-SegmentedRaftLogWorker: Rolling segment log-22_25 to index:25
2021-11-02 20:15:18,832 [omNode-3@group-523986131536-SegmentedRaftLogWorker] INFO  segmented.SegmentedRaftLogWorker (SegmentedRaftLogWorker.java:execute(558)) - omNode-3@group-523986131536-SegmentedRaftLogWorker: Rolled log segment from /home/runner/work/ozone/ozone/hadoop-ozone/integration-test/target/test-dir/MiniOzoneClusterImpl-76263e8f-62ab-412a-8766-4a189fbce95f/omNode-3/ratis/c9bc4cf4-3bc3-3c60-a66b-523986131536/current/log_inprogress_22 to /home/runner/work/ozone/ozone/hadoop-ozone/integration-test/target/test-dir/MiniOzoneClusterImpl-76263e8f-62ab-412a-8766-4a189fbce95f/omNode-3/ratis/c9bc4cf4-3bc3-3c60-a66b-523986131536/current/log_22-25
2021-11-02 20:15:18,848 [omNode-3@group-523986131536-SegmentedRaftLogWorker] INFO  segmented.SegmentedRaftLogWorker (SegmentedRaftLogWorker.java:execute(601)) - omNode-3@group-523986131536-SegmentedRaftLogWorker: created new log segment /home/runner/work/ozone/ozone/hadoop-ozone/integration-test/target/test-dir/MiniOzoneClusterImpl-76263e8f-62ab-412a-8766-4a189fbce95f/omNode-3/ratis/c9bc4cf4-3bc3-3c60-a66b-523986131536/current/log_inprogress_26
2021-11-02 20:15:18,850 [grpc-default-executor-14] INFO  server.RaftServer$Division (ServerState.java:setLeader(285)) - omNode-1@group-523986131536: change Leader from null to omNode-3 at term 10 for appendEntries, leader elected after 1151ms
2021-11-02 20:15:18,850 [grpc-default-executor-14] INFO  server.RaftServer$Division (RaftServerImpl.java:checkInconsistentAppendEntries(1322)) - omNode-1@group-523986131536: Failed appendEntries as previous log entry ((t:9, i:25)) is not found
2021-11-02 20:15:18,850 [grpc-default-executor-14] INFO  server.RaftServer$Division (RaftServerImpl.java:checkInconsistentAppendEntries(1288)) - omNode-1@group-523986131536: inconsistency entries. Reply:omNode-3<-omNode-1#0:FAIL-t10,INCONSISTENCY,nextIndex=11,followerCommit=10
2021-11-02 20:15:18,851 [omNode-3@group-523986131536-LeaderElection28] INFO  server.RaftServer$Division (ServerState.java:setRaftConf(387)) - omNode-3@group-523986131536: set configuration 26: [omNode-3|rpc:localhost:10624|admin:|client:|dataStream:|priority:0, omNode-1|rpc:localhost:10612|admin:|client:|dataStream:|priority:0, omNode-2|rpc:localhost:10618|admin:|client:|dataStream:|priority:0], old=null
2021-11-02 20:15:18,852 [grpc-default-executor-13] INFO  server.RaftServer$Division (RaftServerImpl.java:checkInconsistentAppendEntries(1322)) - omNode-1@group-523986131536: Failed appendEntries as previous log entry ((t:9, i:25)) is not found
2021-11-02 20:15:18,852 [grpc-default-executor-13] INFO  server.RaftServer$Division (RaftServerImpl.java:checkInconsistentAppendEntries(1288)) - omNode-1@group-523986131536: inconsistency entries. Reply:omNode-3<-omNode-1#1:FAIL-t10,INCONSISTENCY,nextIndex=11,followerCommit=10
2021-11-02 20:15:18,853 [grpc-default-executor-6] INFO  leader.FollowerInfo (FollowerInfoImpl.java:lambda$new$0(47)) - omNode-3@group-523986131536->omNode-1: nextIndex: updateUnconditionally 27 -> 11
2021-11-02 20:15:18,854 [grpc-default-executor-15] INFO  server.RaftServer$Division (ServerState.java:setLeader(285)) - omNode-2@group-523986131536: change Leader from null to omNode-3 at term 10 for appendEntries, leader elected after 999ms
2021-11-02 20:15:18,855 [omNode-3@group-523986131536->omNode-1-GrpcLogAppender-LogAppenderDaemon] ERROR leader.LogAppenderDaemon (LogAppenderDaemon.java:run(86)) - omNode-3@group-523986131536->omNode-1-GrpcLogAppender-LogAppenderDaemon failed
java.lang.NullPointerException: omNode-3@group-523986131536->omNode-1: Previous TermIndex not found for firstIndex = 11
	at java.util.Objects.requireNonNull(Objects.java:290)
	at org.apache.ratis.server.leader.LogAppenderBase.assertProtos(LogAppenderBase.java:169)
	at org.apache.ratis.server.leader.LogAppenderBase.newAppendEntriesRequest(LogAppenderBase.java:154)
	at org.apache.ratis.grpc.server.GrpcLogAppender.appendLog(GrpcLogAppender.java:213)
	at org.apache.ratis.grpc.server.GrpcLogAppender.run(GrpcLogAppender.java:147)
	at org.apache.ratis.server.leader.LogAppenderDaemon.run(LogAppenderDaemon.java:77)
	at java.lang.Thread.run(Thread.java:748)
2021-11-02 20:15:18,855 [omNode-3@group-523986131536->omNode-1-GrpcLogAppender-LogAppenderDaemon] INFO  server.RaftServer$Division (LeaderStateImpl.java:restart(514)) - omNode-3@group-523986131536-LeaderStateImpl: Restarting GrpcLogAppender for omNode-3@group-523986131536->omNode-1
2021-11-02 20:15:18,857 [grpc-default-executor-6] INFO  leader.FollowerInfo (FollowerInfoImpl.java:lambda$new$0(47)) - omNode-3@group-523986131536->omNode-1: nextIndex: updateUnconditionally 11 -> 11
2021-11-02 20:15:18,858 [omNode-3@group-523986131536->omNode-1-GrpcLogAppender-LogAppenderDaemon] INFO  server.RaftServerConfigKeys (ConfUtils.java:logGet(44)) - raft.server.log.appender.snapshot.chunk.size.max = 16MB (=16777216) (default)
2021-11-02 20:15:18,858 [omNode-3@group-523986131536->omNode-1-GrpcLogAppender-LogAppenderDaemon] INFO  server.RaftServerConfigKeys (ConfUtils.java:logGet(44)) - raft.server.log.appender.buffer.byte-limit = 33554432 (custom)
2021-11-02 20:15:18,858 [omNode-3@group-523986131536->omNode-1-GrpcLogAppender-LogAppenderDaemon] INFO  server.RaftServerConfigKeys (ConfUtils.java:logGet(44)) - raft.server.log.appender.buffer.element-limit = 1024 (custom)
2021-11-02 20:15:18,858 [omNode-3@group-523986131536->omNode-1-GrpcLogAppender-LogAppenderDaemon] INFO  grpc.GrpcConfigKeys (ConfUtils.java:logGet(44)) - raft.grpc.server.leader.outstanding.appends.max = 128 (default)
2021-11-02 20:15:18,858 [omNode-3@group-523986131536->omNode-1-GrpcLogAppender-LogAppenderDaemon] INFO  server.RaftServerConfigKeys (ConfUtils.java:logGet(44)) - raft.server.rpc.request.timeout = 3000ms (default)
2021-11-02 20:15:18,858 [omNode-3@group-523986131536->omNode-1-GrpcLogAppender-LogAppenderDaemon] INFO  server.RaftServerConfigKeys (ConfUtils.java:logGet(44)) - raft.server.log.appender.install.snapshot.enabled = false (custom)
2021-11-02 20:15:18,864 [grpc-default-executor-15] INFO  server.RaftServer$Division (ServerState.java:setRaftConf(387)) - omNode-2@group-523986131536: set configuration 26: [omNode-3|rpc:localhost:10624|admin:|client:|dataStream:|priority:0, omNode-1|rpc:localhost:10612|admin:|client:|dataStream:|priority:0, omNode-2|rpc:localhost:10618|admin:|client:|dataStream:|priority:0], old=null
2021-11-02 20:15:18,864 [grpc-default-executor-15] INFO  segmented.SegmentedRaftLogWorker (SegmentedRaftLogWorker.java:rollLogSegment(399)) - omNode-2@group-523986131536-SegmentedRaftLogWorker: Rolling segment log-22_25 to index:25
2021-11-02 20:15:18,865 [omNode-3@group-523986131536->omNode-1-GrpcLogAppender-LogAppenderDaemon] INFO  server.GrpcLogAppender (GrpcLogAppender.java:installSnapshot(550)) - omNode-3@group-523986131536->omNode-1-GrpcLogAppender: followerNextIndex = 0 but logStartIndex = 11, notify follower to install snapshot-(t:3, i:11)
2021-11-02 20:15:18,866 [omNode-2@group-523986131536-SegmentedRaftLogWorker] INFO  segmented.SegmentedRaftLogWorker (SegmentedRaftLogWorker.java:execute(558)) - omNode-2@group-523986131536-SegmentedRaftLogWorker: Rolled log segment from /home/runner/work/ozone/ozone/hadoop-ozone/integration-test/target/test-dir/MiniOzoneClusterImpl-76263e8f-62ab-412a-8766-4a189fbce95f/omNode-2/ratis/c9bc4cf4-3bc3-3c60-a66b-523986131536/current/log_inprogress_22 to /home/runner/work/ozone/ozone/hadoop-ozone/integration-test/target/test-dir/MiniOzoneClusterImpl-76263e8f-62ab-412a-8766-4a189fbce95f/omNode-2/ratis/c9bc4cf4-3bc3-3c60-a66b-523986131536/current/log_22-25
2021-11-02 20:15:18,866 [omNode-3@group-523986131536->omNode-1-GrpcLogAppender-LogAppenderDaemon] INFO  server.GrpcLogAppender (GrpcLogAppender.java:installSnapshot(558)) - omNode-3@group-523986131536->omNode-1-GrpcLogAppender: send omNode-3->omNode-1#0-t10,notify:(t:3, i:11)
2021-11-02 20:15:18,869 [grpc-default-executor-6] INFO  server.RaftServer$Division (RaftServerImpl.java:installSnapshot(1332)) - omNode-1@group-523986131536: receive installSnapshot: omNode-3->omNode-1#0-t10,notify:(t:3, i:11)
2021-11-02 20:15:18,869 [grpc-default-executor-6] INFO  server.RaftServer$Division (RaftServerImpl.java:notifyStateMachineToInstallSnapshot(1551)) - omNode-1@group-523986131536: Received notification to install snapshot at index 11
2021-11-02 20:15:18,869 [grpc-default-executor-6] INFO  server.RaftServer$Division (RaftServerImpl.java:notifyStateMachineToInstallSnapshot(1559)) - omNode-1@group-523986131536: InstallSnapshot notification result: ALREADY_INSTALLED, current snapshot index: 10
2021-11-02 20:15:18,869 [grpc-default-executor-6] INFO  server.RaftServer$Division (RaftServerImpl.java:installSnapshotImpl(1462)) - omNode-1@group-523986131536: set new configuration index: 26
configurationEntry {
  peers {
    id: "omNode-3"
    address: "localhost:10624"
  }
  peers {
    id: "omNode-1"
    address: "localhost:10612"
  }
  peers {
    id: "omNode-2"
    address: "localhost:10618"
  }
}
 from snapshot
2021-11-02 20:15:18,870 [grpc-default-executor-6] INFO  server.RaftServer$Division (ServerState.java:setRaftConf(387)) - omNode-1@group-523986131536: set configuration 26: [omNode-3|rpc:localhost:10624|admin:|client:|dataStream:|priority:0, omNode-1|rpc:localhost:10612|admin:|client:|dataStream:|priority:0, omNode-2|rpc:localhost:10618|admin:|client:|dataStream:|priority:0], old=null
2021-11-02 20:15:18,873 [grpc-default-executor-6] INFO  ratis.OzoneManagerStateMachine (OzoneManagerStateMachine.java:notifyConfigurationChanged(188)) - Received Configuration change notification from Ratis. New Peer list:
[id: "omNode-3"
address: "localhost:10624"
, id: "omNode-1"
address: "localhost:10612"
, id: "omNode-2"
address: "localhost:10618"
]
2021-11-02 20:15:18,873 [grpc-default-executor-6] INFO  server.RaftServer$Division (RaftServerImpl.java:installSnapshot(1343)) - omNode-1@group-523986131536: reply installSnapshot: omNode-3<-omNode-1#0:FAIL-t10,ALREADY_INSTALLED,snapshotIndex=10
2021-11-02 20:15:18,874 [grpc-default-executor-6] INFO  server.GrpcServerProtocolService (GrpcServerProtocolService.java:onCompleted(140)) - omNode-1: Completed INSTALL_SNAPSHOT, lastRequest: omNode-3->omNode-1#0-t10,notify:(t:3, i:11)
2021-11-02 20:15:18,874 [grpc-default-executor-15] INFO  server.GrpcLogAppender (GrpcLogAppender.java:onNext(410)) - omNode-3@group-523986131536->omNode-1-InstallSnapshotResponseHandler: received the first reply omNode-3<-omNode-1#0:FAIL-t10,ALREADY_INSTALLED,snapshotIndex=10
2021-11-02 20:15:18,874 [grpc-default-executor-15] INFO  server.GrpcLogAppender (GrpcLogAppender.java:onNext(433)) - omNode-3@group-523986131536->omNode-1-InstallSnapshotResponseHandler: Follower snapshot is already at index 10.
2021-11-02 20:15:18,875 [grpc-default-executor-15] INFO  leader.FollowerInfo (FollowerInfoImpl.java:lambda$new$0(47)) - omNode-3@group-523986131536->omNode-1: snapshotIndex: setUnconditionally 0 -> 10
2021-11-02 20:15:18,875 [grpc-default-executor-15] INFO  leader.FollowerInfo (FollowerInfoImpl.java:lambda$new$0(47)) - omNode-3@group-523986131536->omNode-1: matchIndex: setUnconditionally 0 -> 10
2021-11-02 20:15:18,875 [grpc-default-executor-15] INFO  leader.FollowerInfo (FollowerInfoImpl.java:lambda$new$0(47)) - omNode-3@group-523986131536->omNode-1: nextIndex: setUnconditionally 0 -> 11
2021-11-02 20:15:18,875 [grpc-default-executor-15] INFO  leader.FollowerInfo (FollowerInfoImpl.java:setAttemptedToInstallSnapshot(116)) - Follower omNode-3@group-523986131536->omNode-1 acknowledged installing snapshot
2021-11-02 20:15:18,875 [grpc-default-executor-15] INFO  leader.FollowerInfo (FollowerInfoImpl.java:lambda$new$0(47)) - omNode-3@group-523986131536->omNode-1: nextIndex: updateToMax old=11, new=11, updated? false
2021-11-02 20:15:18,878 [omNode-2@group-523986131536-SegmentedRaftLogWorker] INFO  segmented.SegmentedRaftLogWorker (SegmentedRaftLogWorker.java:execute(601)) - omNode-2@group-523986131536-SegmentedRaftLogWorker: created new log segment /home/runner/work/ozone/ozone/hadoop-ozone/integration-test/target/test-dir/MiniOzoneClusterImpl-76263e8f-62ab-412a-8766-4a189fbce95f/omNode-2/ratis/c9bc4cf4-3bc3-3c60-a66b-523986131536/current/log_inprogress_26
2021-11-02 20:15:18,885 [omNode-3@group-523986131536-StateMachineUpdater] INFO  ratis.OzoneManagerStateMachine (OzoneManagerStateMachine.java:notifyConfigurationChanged(188)) - Received Configuration change notification from Ratis. New Peer list:
[id: "omNode-3"
address: "localhost:10624"
, id: "omNode-1"
address: "localhost:10612"
, id: "omNode-2"
address: "localhost:10618"
]
2021-11-02 20:15:18,887 [grpc-default-executor-14] INFO  server.RaftServer$Division (RaftServerImpl.java:checkInconsistentAppendEntries(1322)) - omNode-1@group-523986131536: Failed appendEntries as previous log entry ((t:10, i:26)) is not found
2021-11-02 20:15:18,887 [grpc-default-executor-14] INFO  server.RaftServer$Division (RaftServerImpl.java:checkInconsistentAppendEntries(1288)) - omNode-1@group-523986131536: inconsistency entries. Reply:omNode-3<-omNode-1#3:FAIL-t10,INCONSISTENCY,nextIndex=11,followerCommit=10
2021-11-02 20:15:18,888 [omNode-2@group-523986131536-StateMachineUpdater] INFO  ratis.OzoneManagerStateMachine (OzoneManagerStateMachine.java:notifyConfigurationChanged(188)) - Received Configuration change notification from Ratis. New Peer list:
[id: "omNode-3"
address: "localhost:10624"
, id: "omNode-1"
address: "localhost:10612"
, id: "omNode-2"
address: "localhost:10618"
]
2021-11-02 20:15:19,387 [grpc-default-executor-14] INFO  server.RaftServer$Division (RaftServerImpl.java:checkInconsistentAppendEntries(1322)) - omNode-1@group-523986131536: Failed appendEntries as previous log entry ((t:10, i:27)) is not found
2021-11-02 20:15:19,388 [grpc-default-executor-14] INFO  server.RaftServer$Division (RaftServerImpl.java:checkInconsistentAppendEntries(1288)) - omNode-1@group-523986131536: inconsistency entries. Reply:omNode-3<-omNode-1#55:FAIL-t10,INCONSISTENCY,nextIndex=11,followerCommit=10
2021-11-02 20:15:19,390 [grpc-default-executor-14] INFO  leader.FollowerInfo (FollowerInfoImpl.java:lambda$new$0(47)) - omNode-3@group-523986131536->omNode-1: nextIndex: updateUnconditionally 28 -> 11
2021-11-02 20:15:19,893 [grpc-default-executor-13] INFO  server.RaftServer$Division (RaftServerImpl.java:checkInconsistentAppendEntries(1322)) - omNode-1@group-523986131536: Failed appendEntries as previous log entry ((t:10, i:27)) is not found
2021-11-02 20:15:19,893 [grpc-default-executor-13] INFO  server.RaftServer$Division (RaftServerImpl.java:checkInconsistentAppendEntries(1288)) - omNode-1@group-523986131536: inconsistency entries. Reply:omNode-3<-omNode-1#106:FAIL-t10,INCONSISTENCY,nextIndex=11,followerCommit=10
2021-11-02 20:15:19,893 [grpc-default-executor-13] INFO  leader.FollowerInfo (FollowerInfoImpl.java:lambda$new$0(47)) - omNode-3@group-523986131536->omNode-1: nextIndex: updateUnconditionally 28 -> 11
2021-11-02 20:15:19,975 [Time-limited test] INFO  retry.RetryInvocationHandler (RetryInvocationHandler.java:log(411)) - com.google.protobuf.ServiceException: org.apache.hadoop.ipc.RemoteException(org.apache.hadoop.ozone.om.exceptions.OMNotLeaderException): OM:omNode-1 is not the leader. Could not determine the leader node.
	at org.apache.hadoop.ozone.om.ratis.utils.OzoneManagerRatisUtils.createNotLeaderException(OzoneManagerRatisUtils.java:465)
	at org.apache.hadoop.ozone.om.ratis.utils.OzoneManagerRatisUtils.checkLeaderStatus(OzoneManagerRatisUtils.java:451)
	at org.apache.hadoop.ozone.protocolPB.OzoneManagerProtocolServerSideTranslatorPB.checkLeaderStatus(OzoneManagerProtocolServerSideTranslatorPB.java:279)
	at org.apache.hadoop.ozone.protocolPB.OzoneManagerProtocolServerSideTranslatorPB.processRequest(OzoneManagerProtocolServerSideTranslatorPB.java:158)
	at org.apache.hadoop.hdds.server.OzoneProtocolMessageDispatcher.processRequest(OzoneProtocolMessageDispatcher.java:87)
	at org.apache.hadoop.ozone.protocolPB.OzoneManagerProtocolServerSideTranslatorPB.submitRequest(OzoneManagerProtocolServerSideTranslatorPB.java:124)
	at org.apache.hadoop.ozone.protocol.proto.OzoneManagerProtocolProtos$OzoneManagerService$2.callBlockingMethod(OzoneManagerProtocolProtos.java)
	at org.apache.hadoop.ipc.ProtobufRpcEngine$Server.processCall(ProtobufRpcEngine.java:466)
	at org.apache.hadoop.ipc.ProtobufRpcEngine2$Server$ProtoBufRpcInvoker.call(ProtobufRpcEngine2.java:574)
	at org.apache.hadoop.ipc.ProtobufRpcEngine2$Server$ProtoBufRpcInvoker.call(ProtobufRpcEngine2.java:552)
	at org.apache.hadoop.ipc.RPC$Server.call(RPC.java:1093)
	at org.apache.hadoop.ipc.Server$RpcCall.run(Server.java:1035)
	at org.apache.hadoop.ipc.Server$RpcCall.run(Server.java:963)
	at java.security.AccessController.doPrivileged(Native Method)
	at javax.security.auth.Subject.doAs(Subject.java:422)
	at org.apache.hadoop.security.UserGroupInformation.doAs(UserGroupInformation.java:1878)
	at org.apache.hadoop.ipc.Server$Handler.run(Server.java:2966)
, while invoking $Proxy52.submitRequest over nodeId=omNode-1,nodeAddress=127.0.0.1:10608 after 2 failover attempts. Trying to failover immediately.
2021-11-02 20:15:19,977 [Time-limited test] INFO  retry.RetryInvocationHandler (RetryInvocationHandler.java:log(411)) - com.google.protobuf.ServiceException: org.apache.hadoop.ipc.RemoteException(org.apache.hadoop.ozone.om.exceptions.OMNotLeaderException): OM:omNode-2 is not the leader. Could not determine the leader node.
	at org.apache.hadoop.ozone.om.ratis.utils.OzoneManagerRatisUtils.createNotLeaderException(OzoneManagerRatisUtils.java:465)
	at org.apache.hadoop.ozone.om.ratis.utils.OzoneManagerRatisUtils.checkLeaderStatus(OzoneManagerRatisUtils.java:451)
	at org.apache.hadoop.ozone.protocolPB.OzoneManagerProtocolServerSideTranslatorPB.checkLeaderStatus(OzoneManagerProtocolServerSideTranslatorPB.java:279)
	at org.apache.hadoop.ozone.protocolPB.OzoneManagerProtocolServerSideTranslatorPB.processRequest(OzoneManagerProtocolServerSideTranslatorPB.java:158)
	at org.apache.hadoop.hdds.server.OzoneProtocolMessageDispatcher.processRequest(OzoneProtocolMessageDispatcher.java:87)
	at org.apache.hadoop.ozone.protocolPB.OzoneManagerProtocolServerSideTranslatorPB.submitRequest(OzoneManagerProtocolServerSideTranslatorPB.java:124)
	at org.apache.hadoop.ozone.protocol.proto.OzoneManagerProtocolProtos$OzoneManagerService$2.callBlockingMethod(OzoneManagerProtocolProtos.java)
	at org.apache.hadoop.ipc.ProtobufRpcEngine$Server.processCall(ProtobufRpcEngine.java:466)
	at org.apache.hadoop.ipc.ProtobufRpcEngine2$Server$ProtoBufRpcInvoker.call(ProtobufRpcEngine2.java:574)
	at org.apache.hadoop.ipc.ProtobufRpcEngine2$Server$ProtoBufRpcInvoker.call(ProtobufRpcEngine2.java:552)
	at org.apache.hadoop.ipc.RPC$Server.call(RPC.java:1093)
	at org.apache.hadoop.ipc.Server$RpcCall.run(Server.java:1035)
	at org.apache.hadoop.ipc.Server$RpcCall.run(Server.java:963)
	at java.security.AccessController.doPrivileged(Native Method)
	at javax.security.auth.Subject.doAs(Subject.java:422)
	at org.apache.hadoop.security.UserGroupInformation.doAs(UserGroupInformation.java:1878)
	at org.apache.hadoop.ipc.Server$Handler.run(Server.java:2966)
, while invoking $Proxy52.submitRequest over nodeId=omNode-2,nodeAddress=127.0.0.1:10614 after 3 failover attempts. Trying to failover immediately.
2021-11-02 20:15:19,981 [grpc-default-executor-14] INFO  server.RaftServer$Division (RaftServerImpl.java:checkInconsistentAppendEntries(1322)) - omNode-1@group-523986131536: Failed appendEntries as previous log entry ((t:10, i:27)) is not found
2021-11-02 20:15:19,982 [grpc-default-executor-14] INFO  server.RaftServer$Division (RaftServerImpl.java:checkInconsistentAppendEntries(1288)) - omNode-1@group-523986131536: inconsistency entries. Reply:omNode-3<-omNode-1#116:FAIL-t10,INCONSISTENCY,nextIndex=11,followerCommit=10
2021-11-02 20:15:19,985 [grpc-default-executor-14] INFO  server.RaftServer$Division (RaftServerImpl.java:checkInconsistentAppendEntries(1322)) - omNode-1@group-523986131536: Failed appendEntries as previous log entry ((t:10, i:28)) is not found
2021-11-02 20:15:19,985 [grpc-default-executor-14] INFO  server.RaftServer$Division (RaftServerImpl.java:checkInconsistentAppendEntries(1288)) - omNode-1@group-523986131536: inconsistency entries. Reply:omNode-3<-omNode-1#117:FAIL-t10,INCONSISTENCY,nextIndex=11,followerCommit=10
2021-11-02 20:15:19,986 [OM StateMachine ApplyTransaction Thread - 0] INFO  upgrade.OMCancelPrepareRequest (OMCancelPrepareRequest.java:validateAndUpdateCache(55)) - OM omNode-3 Received cancel prepare request with log index 28
2021-11-02 20:15:19,986 [OM StateMachine ApplyTransaction Thread - 0] INFO  upgrade.OMCancelPrepareRequest (OMCancelPrepareRequest.java:validateAndUpdateCache(84)) - OM omNode-3 prepare state cancelled at log index 28. Returning response 
2021-11-02 20:15:19,996 [OM StateMachine ApplyTransaction Thread - 0] INFO  upgrade.OMCancelPrepareRequest (OMCancelPrepareRequest.java:validateAndUpdateCache(55)) - OM omNode-2 Received cancel prepare request with log index 28
2021-11-02 20:15:19,997 [OM StateMachine ApplyTransaction Thread - 0] INFO  upgrade.OMCancelPrepareRequest (OMCancelPrepareRequest.java:validateAndUpdateCache(84)) - OM omNode-2 prepare state cancelled at log index 28. Returning response 
2021-11-02 20:15:20,486 [grpc-default-executor-14] INFO  server.RaftServer$Division (RaftServerImpl.java:checkInconsistentAppendEntries(1322)) - omNode-1@group-523986131536: Failed appendEntries as previous log entry ((t:10, i:29)) is not found
2021-11-02 20:15:20,486 [grpc-default-executor-14] INFO  server.RaftServer$Division (RaftServerImpl.java:checkInconsistentAppendEntries(1288)) - omNode-1@group-523986131536: inconsistency entries. Reply:omNode-3<-omNode-1#169:FAIL-t10,INCONSISTENCY,nextIndex=11,followerCommit=10
2021-11-02 20:15:20,487 [grpc-default-executor-14] INFO  leader.FollowerInfo (FollowerInfoImpl.java:lambda$new$0(47)) - omNode-3@group-523986131536->omNode-1: nextIndex: updateUnconditionally 30 -> 11
2021-11-02 20:15:20,989 [grpc-default-executor-14] INFO  server.RaftServer$Division (RaftServerImpl.java:checkInconsistentAppendEntries(1322)) - omNode-1@group-523986131536: Failed appendEntries as previous log entry ((t:10, i:29)) is not found
2021-11-02 20:15:20,990 [grpc-default-executor-14] INFO  server.RaftServer$Division (RaftServerImpl.java:checkInconsistentAppendEntries(1288)) - omNode-1@group-523986131536: inconsistency entries. Reply:omNode-3<-omNode-1#220:FAIL-t10,INCONSISTENCY,nextIndex=11,followerCommit=10
2021-11-02 20:15:20,990 [grpc-default-executor-14] INFO  leader.FollowerInfo (FollowerInfoImpl.java:lambda$new$0(47)) - omNode-3@group-523986131536->omNode-1: nextIndex: updateUnconditionally 30 -> 11
2021-11-02 20:15:21,492 [grpc-default-executor-14] INFO  server.RaftServer$Division (RaftServerImpl.java:checkInconsistentAppendEntries(1322)) - omNode-1@group-523986131536: Failed appendEntries as previous log entry ((t:10, i:29)) is not found
2021-11-02 20:15:21,492 [grpc-default-executor-14] INFO  server.RaftServer$Division (RaftServerImpl.java:checkInconsistentAppendEntries(1288)) - omNode-1@group-523986131536: inconsistency entries. Reply:omNode-3<-omNode-1#271:FAIL-t10,INCONSISTENCY,nextIndex=11,followerCommit=10
2021-11-02 20:15:21,493 [grpc-default-executor-14] INFO  leader.FollowerInfo (FollowerInfoImpl.java:lambda$new$0(47)) - omNode-3@group-523986131536->omNode-1: nextIndex: updateUnconditionally 30 -> 11
2021-11-02 20:15:21,994 [grpc-default-executor-14] INFO  server.RaftServer$Division (RaftServerImpl.java:checkInconsistentAppendEntries(1322)) - omNode-1@group-523986131536: Failed appendEntries as previous log entry ((t:10, i:29)) is not found
2021-11-02 20:15:21,995 [grpc-default-executor-14] INFO  server.RaftServer$Division (RaftServerImpl.java:checkInconsistentAppendEntries(1288)) - omNode-1@group-523986131536: inconsistency entries. Reply:omNode-3<-omNode-1#322:FAIL-t10,INCONSISTENCY,nextIndex=11,followerCommit=10
2021-11-02 20:15:21,995 [grpc-default-executor-14] INFO  leader.FollowerInfo (FollowerInfoImpl.java:lambda$new$0(47)) - omNode-3@group-523986131536->omNode-1: nextIndex: updateUnconditionally 30 -> 11
2021-11-02 20:15:22,497 [grpc-default-executor-14] INFO  server.RaftServer$Division (RaftServerImpl.java:checkInconsistentAppendEntries(1322)) - omNode-1@group-523986131536: Failed appendEntries as previous log entry ((t:10, i:29)) is not found
2021-11-02 20:15:22,498 [grpc-default-executor-14] INFO  server.RaftServer$Division (RaftServerImpl.java:checkInconsistentAppendEntries(1288)) - omNode-1@group-523986131536: inconsistency entries. Reply:omNode-3<-omNode-1#373:FAIL-t10,INCONSISTENCY,nextIndex=11,followerCommit=10
2021-11-02 20:15:22,499 [grpc-default-executor-14] INFO  leader.FollowerInfo (FollowerInfoImpl.java:lambda$new$0(47)) - omNode-3@group-523986131536->omNode-1: nextIndex: updateUnconditionally 30 -> 11
2021-11-02 20:15:23,002 [grpc-default-executor-14] INFO  server.RaftServer$Division (RaftServerImpl.java:checkInconsistentAppendEntries(1322)) - omNode-1@group-523986131536: Failed appendEntries as previous log entry ((t:10, i:29)) is not found
2021-11-02 20:15:23,002 [grpc-default-executor-14] INFO  server.RaftServer$Division (RaftServerImpl.java:checkInconsistentAppendEntries(1288)) - omNode-1@group-523986131536: inconsistency entries. Reply:omNode-3<-omNode-1#424:FAIL-t10,INCONSISTENCY,nextIndex=11,followerCommit=10
2021-11-02 20:15:23,003 [grpc-default-executor-14] INFO  leader.FollowerInfo (FollowerInfoImpl.java:lambda$new$0(47)) - omNode-3@group-523986131536->omNode-1: nextIndex: updateUnconditionally 30 -> 11
2021-11-02 20:15:23,506 [grpc-default-executor-14] INFO  server.RaftServer$Division (RaftServerImpl.java:checkInconsistentAppendEntries(1322)) - omNode-1@group-523986131536: Failed appendEntries as previous log entry ((t:10, i:29)) is not found
2021-11-02 20:15:23,506 [grpc-default-executor-14] INFO  server.RaftServer$Division (RaftServerImpl.java:checkInconsistentAppendEntries(1288)) - omNode-1@group-523986131536: inconsistency entries. Reply:omNode-3<-omNode-1#475:FAIL-t10,INCONSISTENCY,nextIndex=11,followerCommit=10
2021-11-02 20:15:23,507 [grpc-default-executor-13] INFO  leader.FollowerInfo (FollowerInfoImpl.java:lambda$new$0(47)) - omNode-3@group-523986131536->omNode-1: nextIndex: updateUnconditionally 30 -> 11
2021-11-02 20:15:24,008 [grpc-default-executor-14] INFO  server.RaftServer$Division (RaftServerImpl.java:checkInconsistentAppendEntries(1322)) - omNode-1@group-523986131536: Failed appendEntries as previous log entry ((t:10, i:29)) is not found
2021-11-02 20:15:24,008 [grpc-default-executor-14] INFO  server.RaftServer$Division (RaftServerImpl.java:checkInconsistentAppendEntries(1288)) - omNode-1@group-523986131536: inconsistency entries. Reply:omNode-3<-omNode-1#526:FAIL-t10,INCONSISTENCY,nextIndex=11,followerCommit=10
2021-11-02 20:15:24,009 [grpc-default-executor-13] INFO  leader.FollowerInfo (FollowerInfoImpl.java:lambda$new$0(47)) - omNode-3@group-523986131536->omNode-1: nextIndex: updateUnconditionally 30 -> 11
2021-11-02 20:15:24,512 [grpc-default-executor-14] INFO  server.RaftServer$Division (RaftServerImpl.java:checkInconsistentAppendEntries(1322)) - omNode-1@group-523986131536: Failed appendEntries as previous log entry ((t:10, i:29)) is not found
2021-11-02 20:15:24,512 [grpc-default-executor-14] INFO  server.RaftServer$Division (RaftServerImpl.java:checkInconsistentAppendEntries(1288)) - omNode-1@group-523986131536: inconsistency entries. Reply:omNode-3<-omNode-1#568:FAIL-t10,INCONSISTENCY,nextIndex=11,followerCommit=10
2021-11-02 20:15:24,513 [grpc-default-executor-14] INFO  leader.FollowerInfo (FollowerInfoImpl.java:lambda$new$0(47)) - omNode-3@group-523986131536->omNode-1: nextIndex: updateUnconditionally 30 -> 11
2021-11-02 20:15:25,014 [grpc-default-executor-14] INFO  server.RaftServer$Division (RaftServerImpl.java:checkInconsistentAppendEntries(1322)) - omNode-1@group-523986131536: Failed appendEntries as previous log entry ((t:10, i:29)) is not found
2021-11-02 20:15:25,014 [grpc-default-executor-14] INFO  server.RaftServer$Division (RaftServerImpl.java:checkInconsistentAppendEntries(1288)) - omNode-1@group-523986131536: inconsistency entries. Reply:omNode-3<-omNode-1#619:FAIL-t10,INCONSISTENCY,nextIndex=11,followerCommit=10
2021-11-02 20:15:25,015 [grpc-default-executor-14] INFO  leader.FollowerInfo (FollowerInfoImpl.java:lambda$new$0(47)) - omNode-3@group-523986131536->omNode-1: nextIndex: updateUnconditionally 30 -> 11
2021-11-02 20:15:25,516 [grpc-default-executor-14] INFO  server.RaftServer$Division (RaftServerImpl.java:checkInconsistentAppendEntries(1322)) - omNode-1@group-523986131536: Failed appendEntries as previous log entry ((t:10, i:29)) is not found
2021-11-02 20:15:25,516 [grpc-default-executor-14] INFO  server.RaftServer$Division (RaftServerImpl.java:checkInconsistentAppendEntries(1288)) - omNode-1@group-523986131536: inconsistency entries. Reply:omNode-3<-omNode-1#670:FAIL-t10,INCONSISTENCY,nextIndex=11,followerCommit=10
2021-11-02 20:15:25,517 [grpc-default-executor-14] INFO  leader.FollowerInfo (FollowerInfoImpl.java:lambda$new$0(47)) - omNode-3@group-523986131536->omNode-1: nextIndex: updateUnconditionally 30 -> 11
2021-11-02 20:15:26,019 [grpc-default-executor-14] INFO  server.RaftServer$Division (RaftServerImpl.java:checkInconsistentAppendEntries(1322)) - omNode-1@group-523986131536: Failed appendEntries as previous log entry ((t:10, i:29)) is not found
2021-11-02 20:15:26,019 [grpc-default-executor-14] INFO  server.RaftServer$Division (RaftServerImpl.java:checkInconsistentAppendEntries(1288)) - omNode-1@group-523986131536: inconsistency entries. Reply:omNode-3<-omNode-1#721:FAIL-t10,INCONSISTENCY,nextIndex=11,followerCommit=10
2021-11-02 20:15:26,020 [grpc-default-executor-14] INFO  leader.FollowerInfo (FollowerInfoImpl.java:lambda$new$0(47)) - omNode-3@group-523986131536->omNode-1: nextIndex: updateUnconditionally 30 -> 11
2021-11-02 20:15:26,522 [grpc-default-executor-13] INFO  server.RaftServer$Division (RaftServerImpl.java:checkInconsistentAppendEntries(1322)) - omNode-1@group-523986131536: Failed appendEntries as previous log entry ((t:10, i:29)) is not found
2021-11-02 20:15:26,522 [grpc-default-executor-13] INFO  server.RaftServer$Division (RaftServerImpl.java:checkInconsistentAppendEntries(1288)) - omNode-1@group-523986131536: inconsistency entries. Reply:omNode-3<-omNode-1#772:FAIL-t10,INCONSISTENCY,nextIndex=11,followerCommit=10
2021-11-02 20:15:26,523 [grpc-default-executor-13] INFO  leader.FollowerInfo (FollowerInfoImpl.java:lambda$new$0(47)) - omNode-3@group-523986131536->omNode-1: nextIndex: updateUnconditionally 30 -> 11
2021-11-02 20:15:27,025 [grpc-default-executor-13] INFO  server.RaftServer$Division (RaftServerImpl.java:checkInconsistentAppendEntries(1322)) - omNode-1@group-523986131536: Failed appendEntries as previous log entry ((t:10, i:29)) is not found
2021-11-02 20:15:27,025 [grpc-default-executor-13] INFO  server.RaftServer$Division (RaftServerImpl.java:checkInconsistentAppendEntries(1288)) - omNode-1@group-523986131536: inconsistency entries. Reply:omNode-3<-omNode-1#823:FAIL-t10,INCONSISTENCY,nextIndex=11,followerCommit=10
2021-11-02 20:15:27,025 [grpc-default-executor-13] INFO  leader.FollowerInfo (FollowerInfoImpl.java:lambda$new$0(47)) - omNode-3@group-523986131536->omNode-1: nextIndex: updateUnconditionally 30 -> 11
2021-11-02 20:15:27,527 [grpc-default-executor-13] INFO  server.RaftServer$Division (RaftServerImpl.java:checkInconsistentAppendEntries(1322)) - omNode-1@group-523986131536: Failed appendEntries as previous log entry ((t:10, i:29)) is not found
2021-11-02 20:15:27,527 [grpc-default-executor-13] INFO  server.RaftServer$Division (RaftServerImpl.java:checkInconsistentAppendEntries(1288)) - omNode-1@group-523986131536: inconsistency entries. Reply:omNode-3<-omNode-1#874:FAIL-t10,INCONSISTENCY,nextIndex=11,followerCommit=10
2021-11-02 20:15:27,528 [grpc-default-executor-13] INFO  leader.FollowerInfo (FollowerInfoImpl.java:lambda$new$0(47)) - omNode-3@group-523986131536->omNode-1: nextIndex: updateUnconditionally 30 -> 11
2021-11-02 20:15:28,030 [grpc-default-executor-13] INFO  server.RaftServer$Division (RaftServerImpl.java:checkInconsistentAppendEntries(1322)) - omNode-1@group-523986131536: Failed appendEntries as previous log entry ((t:10, i:29)) is not found
2021-11-02 20:15:28,030 [grpc-default-executor-13] INFO  server.RaftServer$Division (RaftServerImpl.java:checkInconsistentAppendEntries(1288)) - omNode-1@group-523986131536: inconsistency entries. Reply:omNode-3<-omNode-1#925:FAIL-t10,INCONSISTENCY,nextIndex=11,followerCommit=10
2021-11-02 20:15:28,030 [grpc-default-executor-13] INFO  leader.FollowerInfo (FollowerInfoImpl.java:lambda$new$0(47)) - omNode-3@group-523986131536->omNode-1: nextIndex: updateUnconditionally 30 -> 11
2021-11-02 20:15:28,532 [grpc-default-executor-13] INFO  server.RaftServer$Division (RaftServerImpl.java:checkInconsistentAppendEntries(1322)) - omNode-1@group-523986131536: Failed appendEntries as previous log entry ((t:10, i:29)) is not found
2021-11-02 20:15:28,532 [grpc-default-executor-13] INFO  server.RaftServer$Division (RaftServerImpl.java:checkInconsistentAppendEntries(1288)) - omNode-1@group-523986131536: inconsistency entries. Reply:omNode-3<-omNode-1#976:FAIL-t10,INCONSISTENCY,nextIndex=11,followerCommit=10
2021-11-02 20:15:28,533 [grpc-default-executor-13] INFO  leader.FollowerInfo (FollowerInfoImpl.java:lambda$new$0(47)) - omNode-3@group-523986131536->omNode-1: nextIndex: updateUnconditionally 30 -> 11
2021-11-02 20:15:29,034 [grpc-default-executor-14] INFO  server.RaftServer$Division (RaftServerImpl.java:checkInconsistentAppendEntries(1322)) - omNode-1@group-523986131536: Failed appendEntries as previous log entry ((t:10, i:29)) is not found
2021-11-02 20:15:29,034 [grpc-default-executor-14] INFO  server.RaftServer$Division (RaftServerImpl.java:checkInconsistentAppendEntries(1288)) - omNode-1@group-523986131536: inconsistency entries. Reply:omNode-3<-omNode-1#1027:FAIL-t10,INCONSISTENCY,nextIndex=11,followerCommit=10
2021-11-02 20:15:29,034 [grpc-default-executor-14] INFO  leader.FollowerInfo (FollowerInfoImpl.java:lambda$new$0(47)) - omNode-3@group-523986131536->omNode-1: nextIndex: updateUnconditionally 30 -> 11
2021-11-02 20:15:29,535 [grpc-default-executor-14] INFO  server.RaftServer$Division (RaftServerImpl.java:checkInconsistentAppendEntries(1322)) - omNode-1@group-523986131536: Failed appendEntries as previous log entry ((t:10, i:29)) is not found
2021-11-02 20:15:29,536 [grpc-default-executor-14] INFO  server.RaftServer$Division (RaftServerImpl.java:checkInconsistentAppendEntries(1288)) - omNode-1@group-523986131536: inconsistency entries. Reply:omNode-3<-omNode-1#1078:FAIL-t10,INCONSISTENCY,nextIndex=11,followerCommit=10
2021-11-02 20:15:29,536 [grpc-default-executor-14] INFO  leader.FollowerInfo (FollowerInfoImpl.java:lambda$new$0(47)) - omNode-3@group-523986131536->omNode-1: nextIndex: updateUnconditionally 30 -> 11
2021-11-02 20:15:30,038 [grpc-default-executor-14] INFO  server.RaftServer$Division (RaftServerImpl.java:checkInconsistentAppendEntries(1322)) - omNode-1@group-523986131536: Failed appendEntries as previous log entry ((t:10, i:29)) is not found
2021-11-02 20:15:30,038 [grpc-default-executor-14] INFO  server.RaftServer$Division (RaftServerImpl.java:checkInconsistentAppendEntries(1288)) - omNode-1@group-523986131536: inconsistency entries. Reply:omNode-3<-omNode-1#1129:FAIL-t10,INCONSISTENCY,nextIndex=11,followerCommit=10
2021-11-02 20:15:30,039 [grpc-default-executor-14] INFO  leader.FollowerInfo (FollowerInfoImpl.java:lambda$new$0(47)) - omNode-3@group-523986131536->omNode-1: nextIndex: updateUnconditionally 30 -> 11
2021-11-02 20:15:30,540 [grpc-default-executor-14] INFO  server.RaftServer$Division (RaftServerImpl.java:checkInconsistentAppendEntries(1322)) - omNode-1@group-523986131536: Failed appendEntries as previous log entry ((t:10, i:29)) is not found
2021-11-02 20:15:30,540 [grpc-default-executor-14] INFO  server.RaftServer$Division (RaftServerImpl.java:checkInconsistentAppendEntries(1288)) - omNode-1@group-523986131536: inconsistency entries. Reply:omNode-3<-omNode-1#1180:FAIL-t10,INCONSISTENCY,nextIndex=11,followerCommit=10
2021-11-02 20:15:30,541 [grpc-default-executor-14] INFO  leader.FollowerInfo (FollowerInfoImpl.java:lambda$new$0(47)) - omNode-3@group-523986131536->omNode-1: nextIndex: updateUnconditionally 30 -> 11
2021-11-02 20:15:31,042 [grpc-default-executor-14] INFO  server.RaftServer$Division (RaftServerImpl.java:checkInconsistentAppendEntries(1322)) - omNode-1@group-523986131536: Failed appendEntries as previous log entry ((t:10, i:29)) is not found
2021-11-02 20:15:31,042 [grpc-default-executor-14] INFO  server.RaftServer$Division (RaftServerImpl.java:checkInconsistentAppendEntries(1288)) - omNode-1@group-523986131536: inconsistency entries. Reply:omNode-3<-omNode-1#1231:FAIL-t10,INCONSISTENCY,nextIndex=11,followerCommit=10
2021-11-02 20:15:31,042 [grpc-default-executor-14] INFO  leader.FollowerInfo (FollowerInfoImpl.java:lambda$new$0(47)) - omNode-3@group-523986131536->omNode-1: nextIndex: updateUnconditionally 30 -> 11
2021-11-02 20:15:31,544 [grpc-default-executor-13] INFO  server.RaftServer$Division (RaftServerImpl.java:checkInconsistentAppendEntries(1322)) - omNode-1@group-523986131536: Failed appendEntries as previous log entry ((t:10, i:29)) is not found
2021-11-02 20:15:31,544 [grpc-default-executor-13] INFO  server.RaftServer$Division (RaftServerImpl.java:checkInconsistentAppendEntries(1288)) - omNode-1@group-523986131536: inconsistency entries. Reply:omNode-3<-omNode-1#1282:FAIL-t10,INCONSISTENCY,nextIndex=11,followerCommit=10
2021-11-02 20:15:31,544 [grpc-default-executor-13] INFO  leader.FollowerInfo (FollowerInfoImpl.java:lambda$new$0(47)) - omNode-3@group-523986131536->omNode-1: nextIndex: updateUnconditionally 30 -> 11
2021-11-02 20:15:32,046 [grpc-default-executor-13] INFO  server.RaftServer$Division (RaftServerImpl.java:checkInconsistentAppendEntries(1322)) - omNode-1@group-523986131536: Failed appendEntries as previous log entry ((t:10, i:29)) is not found
2021-11-02 20:15:32,046 [grpc-default-executor-13] INFO  server.RaftServer$Division (RaftServerImpl.java:checkInconsistentAppendEntries(1288)) - omNode-1@group-523986131536: inconsistency entries. Reply:omNode-3<-omNode-1#1333:FAIL-t10,INCONSISTENCY,nextIndex=11,followerCommit=10
2021-11-02 20:15:32,046 [grpc-default-executor-13] INFO  leader.FollowerInfo (FollowerInfoImpl.java:lambda$new$0(47)) - omNode-3@group-523986131536->omNode-1: nextIndex: updateUnconditionally 30 -> 11
2021-11-02 20:15:32,548 [grpc-default-executor-13] INFO  server.RaftServer$Division (RaftServerImpl.java:checkInconsistentAppendEntries(1322)) - omNode-1@group-523986131536: Failed appendEntries as previous log entry ((t:10, i:29)) is not found
2021-11-02 20:15:32,548 [grpc-default-executor-13] INFO  server.RaftServer$Division (RaftServerImpl.java:checkInconsistentAppendEntries(1288)) - omNode-1@group-523986131536: inconsistency entries. Reply:omNode-3<-omNode-1#1384:FAIL-t10,INCONSISTENCY,nextIndex=11,followerCommit=10
2021-11-02 20:15:32,548 [grpc-default-executor-13] INFO  leader.FollowerInfo (FollowerInfoImpl.java:lambda$new$0(47)) - omNode-3@group-523986131536->omNode-1: nextIndex: updateUnconditionally 30 -> 11
2021-11-02 20:15:33,050 [grpc-default-executor-13] INFO  server.RaftServer$Division (RaftServerImpl.java:checkInconsistentAppendEntries(1322)) - omNode-1@group-523986131536: Failed appendEntries as previous log entry ((t:10, i:29)) is not found
2021-11-02 20:15:33,050 [grpc-default-executor-13] INFO  server.RaftServer$Division (RaftServerImpl.java:checkInconsistentAppendEntries(1288)) - omNode-1@group-523986131536: inconsistency entries. Reply:omNode-3<-omNode-1#1435:FAIL-t10,INCONSISTENCY,nextIndex=11,followerCommit=10
2021-11-02 20:15:33,051 [grpc-default-executor-13] INFO  leader.FollowerInfo (FollowerInfoImpl.java:lambda$new$0(47)) - omNode-3@group-523986131536->omNode-1: nextIndex: updateUnconditionally 30 -> 11
2021-11-02 20:15:33,552 [grpc-default-executor-13] INFO  server.RaftServer$Division (RaftServerImpl.java:checkInconsistentAppendEntries(1322)) - omNode-1@group-523986131536: Failed appendEntries as previous log entry ((t:10, i:29)) is not found
2021-11-02 20:15:33,552 [grpc-default-executor-13] INFO  server.RaftServer$Division (RaftServerImpl.java:checkInconsistentAppendEntries(1288)) - omNode-1@group-523986131536: inconsistency entries. Reply:omNode-3<-omNode-1#1486:FAIL-t10,INCONSISTENCY,nextIndex=11,followerCommit=10
2021-11-02 20:15:33,552 [grpc-default-executor-13] INFO  leader.FollowerInfo (FollowerInfoImpl.java:lambda$new$0(47)) - omNode-3@group-523986131536->omNode-1: nextIndex: updateUnconditionally 30 -> 11
2021-11-02 20:15:34,054 [grpc-default-executor-14] INFO  server.RaftServer$Division (RaftServerImpl.java:checkInconsistentAppendEntries(1322)) - omNode-1@group-523986131536: Failed appendEntries as previous log entry ((t:10, i:29)) is not found
2021-11-02 20:15:34,054 [grpc-default-executor-14] INFO  server.RaftServer$Division (RaftServerImpl.java:checkInconsistentAppendEntries(1288)) - omNode-1@group-523986131536: inconsistency entries. Reply:omNode-3<-omNode-1#1537:FAIL-t10,INCONSISTENCY,nextIndex=11,followerCommit=10
2021-11-02 20:15:34,055 [grpc-default-executor-14] INFO  leader.FollowerInfo (FollowerInfoImpl.java:lambda$new$0(47)) - omNode-3@group-523986131536->omNode-1: nextIndex: updateUnconditionally 30 -> 11
2021-11-02 20:15:34,556 [grpc-default-executor-14] INFO  server.RaftServer$Division (RaftServerImpl.java:checkInconsistentAppendEntries(1322)) - omNode-1@group-523986131536: Failed appendEntries as previous log entry ((t:10, i:29)) is not found
2021-11-02 20:15:34,556 [grpc-default-executor-14] INFO  server.RaftServer$Division (RaftServerImpl.java:checkInconsistentAppendEntries(1288)) - omNode-1@group-523986131536: inconsistency entries. Reply:omNode-3<-omNode-1#1588:FAIL-t10,INCONSISTENCY,nextIndex=11,followerCommit=10
2021-11-02 20:15:34,556 [grpc-default-executor-14] INFO  leader.FollowerInfo (FollowerInfoImpl.java:lambda$new$0(47)) - omNode-3@group-523986131536->omNode-1: nextIndex: updateUnconditionally 30 -> 11
2021-11-02 20:15:35,058 [grpc-default-executor-14] INFO  server.RaftServer$Division (RaftServerImpl.java:checkInconsistentAppendEntries(1322)) - omNode-1@group-523986131536: Failed appendEntries as previous log entry ((t:10, i:29)) is not found
2021-11-02 20:15:35,058 [grpc-default-executor-14] INFO  server.RaftServer$Division (RaftServerImpl.java:checkInconsistentAppendEntries(1288)) - omNode-1@group-523986131536: inconsistency entries. Reply:omNode-3<-omNode-1#1639:FAIL-t10,INCONSISTENCY,nextIndex=11,followerCommit=10
2021-11-02 20:15:35,058 [grpc-default-executor-14] INFO  leader.FollowerInfo (FollowerInfoImpl.java:lambda$new$0(47)) - omNode-3@group-523986131536->omNode-1: nextIndex: updateUnconditionally 30 -> 11
2021-11-02 20:15:35,560 [grpc-default-executor-14] INFO  server.RaftServer$Division (RaftServerImpl.java:checkInconsistentAppendEntries(1322)) - omNode-1@group-523986131536: Failed appendEntries as previous log entry ((t:10, i:29)) is not found
2021-11-02 20:15:35,560 [grpc-default-executor-14] INFO  server.RaftServer$Division (RaftServerImpl.java:checkInconsistentAppendEntries(1288)) - omNode-1@group-523986131536: inconsistency entries. Reply:omNode-3<-omNode-1#1690:FAIL-t10,INCONSISTENCY,nextIndex=11,followerCommit=10
2021-11-02 20:15:35,560 [grpc-default-executor-14] INFO  leader.FollowerInfo (FollowerInfoImpl.java:lambda$new$0(47)) - omNode-3@group-523986131536->omNode-1: nextIndex: updateUnconditionally 30 -> 11
2021-11-02 20:15:36,062 [grpc-default-executor-14] INFO  server.RaftServer$Division (RaftServerImpl.java:checkInconsistentAppendEntries(1322)) - omNode-1@group-523986131536: Failed appendEntries as previous log entry ((t:10, i:29)) is not found
2021-11-02 20:15:36,063 [grpc-default-executor-14] INFO  server.RaftServer$Division (RaftServerImpl.java:checkInconsistentAppendEntries(1288)) - omNode-1@group-523986131536: inconsistency entries. Reply:omNode-3<-omNode-1#1741:FAIL-t10,INCONSISTENCY,nextIndex=11,followerCommit=10
2021-11-02 20:15:36,063 [grpc-default-executor-14] INFO  leader.FollowerInfo (FollowerInfoImpl.java:lambda$new$0(47)) - omNode-3@group-523986131536->omNode-1: nextIndex: updateUnconditionally 30 -> 11
2021-11-02 20:15:36,564 [grpc-default-executor-13] INFO  server.RaftServer$Division (RaftServerImpl.java:checkInconsistentAppendEntries(1322)) - omNode-1@group-523986131536: Failed appendEntries as previous log entry ((t:10, i:29)) is not found
2021-11-02 20:15:36,564 [grpc-default-executor-13] INFO  server.RaftServer$Division (RaftServerImpl.java:checkInconsistentAppendEntries(1288)) - omNode-1@group-523986131536: inconsistency entries. Reply:omNode-3<-omNode-1#1792:FAIL-t10,INCONSISTENCY,nextIndex=11,followerCommit=10
2021-11-02 20:15:36,564 [grpc-default-executor-13] INFO  leader.FollowerInfo (FollowerInfoImpl.java:lambda$new$0(47)) - omNode-3@group-523986131536->omNode-1: nextIndex: updateUnconditionally 30 -> 11
2021-11-02 20:15:37,066 [grpc-default-executor-13] INFO  server.RaftServer$Division (RaftServerImpl.java:checkInconsistentAppendEntries(1322)) - omNode-1@group-523986131536: Failed appendEntries as previous log entry ((t:10, i:29)) is not found
2021-11-02 20:15:37,066 [grpc-default-executor-13] INFO  server.RaftServer$Division (RaftServerImpl.java:checkInconsistentAppendEntries(1288)) - omNode-1@group-523986131536: inconsistency entries. Reply:omNode-3<-omNode-1#1843:FAIL-t10,INCONSISTENCY,nextIndex=11,followerCommit=10
2021-11-02 20:15:37,066 [grpc-default-executor-13] INFO  leader.FollowerInfo (FollowerInfoImpl.java:lambda$new$0(47)) - omNode-3@group-523986131536->omNode-1: nextIndex: updateUnconditionally 30 -> 11
2021-11-02 20:15:37,568 [grpc-default-executor-13] INFO  server.RaftServer$Division (RaftServerImpl.java:checkInconsistentAppendEntries(1322)) - omNode-1@group-523986131536: Failed appendEntries as previous log entry ((t:10, i:29)) is not found
2021-11-02 20:15:37,568 [grpc-default-executor-13] INFO  server.RaftServer$Division (RaftServerImpl.java:checkInconsistentAppendEntries(1288)) - omNode-1@group-523986131536: inconsistency entries. Reply:omNode-3<-omNode-1#1894:FAIL-t10,INCONSISTENCY,nextIndex=11,followerCommit=10
2021-11-02 20:15:37,568 [grpc-default-executor-13] INFO  leader.FollowerInfo (FollowerInfoImpl.java:lambda$new$0(47)) - omNode-3@group-523986131536->omNode-1: nextIndex: updateUnconditionally 30 -> 11
2021-11-02 20:15:38,070 [grpc-default-executor-13] INFO  server.RaftServer$Division (RaftServerImpl.java:checkInconsistentAppendEntries(1322)) - omNode-1@group-523986131536: Failed appendEntries as previous log entry ((t:10, i:29)) is not found
2021-11-02 20:15:38,070 [grpc-default-executor-13] INFO  server.RaftServer$Division (RaftServerImpl.java:checkInconsistentAppendEntries(1288)) - omNode-1@group-523986131536: inconsistency entries. Reply:omNode-3<-omNode-1#1945:FAIL-t10,INCONSISTENCY,nextIndex=11,followerCommit=10
2021-11-02 20:15:38,070 [grpc-default-executor-13] INFO  leader.FollowerInfo (FollowerInfoImpl.java:lambda$new$0(47)) - omNode-3@group-523986131536->omNode-1: nextIndex: updateUnconditionally 30 -> 11
2021-11-02 20:15:38,573 [grpc-default-executor-13] INFO  server.RaftServer$Division (RaftServerImpl.java:checkInconsistentAppendEntries(1322)) - omNode-1@group-523986131536: Failed appendEntries as previous log entry ((t:10, i:29)) is not found
2021-11-02 20:15:38,573 [grpc-default-executor-13] INFO  server.RaftServer$Division (RaftServerImpl.java:checkInconsistentAppendEntries(1288)) - omNode-1@group-523986131536: inconsistency entries. Reply:omNode-3<-omNode-1#1996:FAIL-t10,INCONSISTENCY,nextIndex=11,followerCommit=10
2021-11-02 20:15:38,573 [grpc-default-executor-13] INFO  leader.FollowerInfo (FollowerInfoImpl.java:lambda$new$0(47)) - omNode-3@group-523986131536->omNode-1: nextIndex: updateUnconditionally 30 -> 11
2021-11-02 20:15:39,075 [grpc-default-executor-14] INFO  server.RaftServer$Division (RaftServerImpl.java:checkInconsistentAppendEntries(1322)) - omNode-1@group-523986131536: Failed appendEntries as previous log entry ((t:10, i:29)) is not found
2021-11-02 20:15:39,075 [grpc-default-executor-14] INFO  server.RaftServer$Division (RaftServerImpl.java:checkInconsistentAppendEntries(1288)) - omNode-1@group-523986131536: inconsistency entries. Reply:omNode-3<-omNode-1#2047:FAIL-t10,INCONSISTENCY,nextIndex=11,followerCommit=10
2021-11-02 20:15:39,076 [grpc-default-executor-14] INFO  leader.FollowerInfo (FollowerInfoImpl.java:lambda$new$0(47)) - omNode-3@group-523986131536->omNode-1: nextIndex: updateUnconditionally 30 -> 11
2021-11-02 20:15:39,578 [grpc-default-executor-14] INFO  server.RaftServer$Division (RaftServerImpl.java:checkInconsistentAppendEntries(1322)) - omNode-1@group-523986131536: Failed appendEntries as previous log entry ((t:10, i:29)) is not found
2021-11-02 20:15:39,578 [grpc-default-executor-14] INFO  server.RaftServer$Division (RaftServerImpl.java:checkInconsistentAppendEntries(1288)) - omNode-1@group-523986131536: inconsistency entries. Reply:omNode-3<-omNode-1#2098:FAIL-t10,INCONSISTENCY,nextIndex=11,followerCommit=10
2021-11-02 20:15:39,578 [grpc-default-executor-14] INFO  leader.FollowerInfo (FollowerInfoImpl.java:lambda$new$0(47)) - omNode-3@group-523986131536->omNode-1: nextIndex: updateUnconditionally 30 -> 11
2021-11-02 20:15:40,079 [grpc-default-executor-14] INFO  server.RaftServer$Division (RaftServerImpl.java:checkInconsistentAppendEntries(1322)) - omNode-1@group-523986131536: Failed appendEntries as previous log entry ((t:10, i:29)) is not found
2021-11-02 20:15:40,080 [grpc-default-executor-14] INFO  server.RaftServer$Division (RaftServerImpl.java:checkInconsistentAppendEntries(1288)) - omNode-1@group-523986131536: inconsistency entries. Reply:omNode-3<-omNode-1#2149:FAIL-t10,INCONSISTENCY,nextIndex=11,followerCommit=10
2021-11-02 20:15:40,080 [grpc-default-executor-14] INFO  leader.FollowerInfo (FollowerInfoImpl.java:lambda$new$0(47)) - omNode-3@group-523986131536->omNode-1: nextIndex: updateUnconditionally 30 -> 11
2021-11-02 20:15:40,582 [grpc-default-executor-14] INFO  server.RaftServer$Division (RaftServerImpl.java:checkInconsistentAppendEntries(1322)) - omNode-1@group-523986131536: Failed appendEntries as previous log entry ((t:10, i:29)) is not found
2021-11-02 20:15:40,582 [grpc-default-executor-14] INFO  server.RaftServer$Division (RaftServerImpl.java:checkInconsistentAppendEntries(1288)) - omNode-1@group-523986131536: inconsistency entries. Reply:omNode-3<-omNode-1#2200:FAIL-t10,INCONSISTENCY,nextIndex=11,followerCommit=10
2021-11-02 20:15:40,582 [grpc-default-executor-14] INFO  leader.FollowerInfo (FollowerInfoImpl.java:lambda$new$0(47)) - omNode-3@group-523986131536->omNode-1: nextIndex: updateUnconditionally 30 -> 11
2021-11-02 20:15:41,083 [grpc-default-executor-14] INFO  server.RaftServer$Division (RaftServerImpl.java:checkInconsistentAppendEntries(1322)) - omNode-1@group-523986131536: Failed appendEntries as previous log entry ((t:10, i:29)) is not found
2021-11-02 20:15:41,083 [grpc-default-executor-14] INFO  server.RaftServer$Division (RaftServerImpl.java:checkInconsistentAppendEntries(1288)) - omNode-1@group-523986131536: inconsistency entries. Reply:omNode-3<-omNode-1#2251:FAIL-t10,INCONSISTENCY,nextIndex=11,followerCommit=10
2021-11-02 20:15:41,084 [grpc-default-executor-14] INFO  leader.FollowerInfo (FollowerInfoImpl.java:lambda$new$0(47)) - omNode-3@group-523986131536->omNode-1: nextIndex: updateUnconditionally 30 -> 11
2021-11-02 20:15:41,586 [grpc-default-executor-14] INFO  server.RaftServer$Division (RaftServerImpl.java:checkInconsistentAppendEntries(1322)) - omNode-1@group-523986131536: Failed appendEntries as previous log entry ((t:10, i:29)) is not found
2021-11-02 20:15:41,586 [grpc-default-executor-14] INFO  server.RaftServer$Division (RaftServerImpl.java:checkInconsistentAppendEntries(1288)) - omNode-1@group-523986131536: inconsistency entries. Reply:omNode-3<-omNode-1#2302:FAIL-t10,INCONSISTENCY,nextIndex=11,followerCommit=10
2021-11-02 20:15:41,586 [grpc-default-executor-14] INFO  leader.FollowerInfo (FollowerInfoImpl.java:lambda$new$0(47)) - omNode-3@group-523986131536->omNode-1: nextIndex: updateUnconditionally 30 -> 11
2021-11-02 20:15:42,088 [grpc-default-executor-13] INFO  server.RaftServer$Division (RaftServerImpl.java:checkInconsistentAppendEntries(1322)) - omNode-1@group-523986131536: Failed appendEntries as previous log entry ((t:10, i:29)) is not found
2021-11-02 20:15:42,088 [grpc-default-executor-13] INFO  server.RaftServer$Division (RaftServerImpl.java:checkInconsistentAppendEntries(1288)) - omNode-1@group-523986131536: inconsistency entries. Reply:omNode-3<-omNode-1#2353:FAIL-t10,INCONSISTENCY,nextIndex=11,followerCommit=10
2021-11-02 20:15:42,088 [grpc-default-executor-13] INFO  leader.FollowerInfo (FollowerInfoImpl.java:lambda$new$0(47)) - omNode-3@group-523986131536->omNode-1: nextIndex: updateUnconditionally 30 -> 11
2021-11-02 20:15:42,590 [grpc-default-executor-13] INFO  server.RaftServer$Division (RaftServerImpl.java:checkInconsistentAppendEntries(1322)) - omNode-1@group-523986131536: Failed appendEntries as previous log entry ((t:10, i:29)) is not found
2021-11-02 20:15:42,590 [grpc-default-executor-13] INFO  server.RaftServer$Division (RaftServerImpl.java:checkInconsistentAppendEntries(1288)) - omNode-1@group-523986131536: inconsistency entries. Reply:omNode-3<-omNode-1#2404:FAIL-t10,INCONSISTENCY,nextIndex=11,followerCommit=10
2021-11-02 20:15:42,590 [grpc-default-executor-13] INFO  leader.FollowerInfo (FollowerInfoImpl.java:lambda$new$0(47)) - omNode-3@group-523986131536->omNode-1: nextIndex: updateUnconditionally 30 -> 11
2021-11-02 20:15:43,092 [grpc-default-executor-13] INFO  server.RaftServer$Division (RaftServerImpl.java:checkInconsistentAppendEntries(1322)) - omNode-1@group-523986131536: Failed appendEntries as previous log entry ((t:10, i:29)) is not found
2021-11-02 20:15:43,092 [grpc-default-executor-13] INFO  server.RaftServer$Division (RaftServerImpl.java:checkInconsistentAppendEntries(1288)) - omNode-1@group-523986131536: inconsistency entries. Reply:omNode-3<-omNode-1#2455:FAIL-t10,INCONSISTENCY,nextIndex=11,followerCommit=10
2021-11-02 20:15:43,094 [grpc-default-executor-13] INFO  leader.FollowerInfo (FollowerInfoImpl.java:lambda$new$0(47)) - omNode-3@group-523986131536->omNode-1: nextIndex: updateUnconditionally 30 -> 11
2021-11-02 20:15:43,596 [grpc-default-executor-13] INFO  server.RaftServer$Division (RaftServerImpl.java:checkInconsistentAppendEntries(1322)) - omNode-1@group-523986131536: Failed appendEntries as previous log entry ((t:10, i:29)) is not found
2021-11-02 20:15:43,596 [grpc-default-executor-13] INFO  server.RaftServer$Division (RaftServerImpl.java:checkInconsistentAppendEntries(1288)) - omNode-1@group-523986131536: inconsistency entries. Reply:omNode-3<-omNode-1#2506:FAIL-t10,INCONSISTENCY,nextIndex=11,followerCommit=10
2021-11-02 20:15:43,597 [grpc-default-executor-13] INFO  leader.FollowerInfo (FollowerInfoImpl.java:lambda$new$0(47)) - omNode-3@group-523986131536->omNode-1: nextIndex: updateUnconditionally 30 -> 11
2021-11-02 20:15:44,098 [grpc-default-executor-13] INFO  server.RaftServer$Division (RaftServerImpl.java:checkInconsistentAppendEntries(1322)) - omNode-1@group-523986131536: Failed appendEntries as previous log entry ((t:10, i:29)) is not found
2021-11-02 20:15:44,099 [grpc-default-executor-13] INFO  server.RaftServer$Division (RaftServerImpl.java:checkInconsistentAppendEntries(1288)) - omNode-1@group-523986131536: inconsistency entries. Reply:omNode-3<-omNode-1#2557:FAIL-t10,INCONSISTENCY,nextIndex=11,followerCommit=10
2021-11-02 20:15:44,099 [grpc-default-executor-13] INFO  leader.FollowerInfo (FollowerInfoImpl.java:lambda$new$0(47)) - omNode-3@group-523986131536->omNode-1: nextIndex: updateUnconditionally 30 -> 11
2021-11-02 20:15:44,600 [grpc-default-executor-14] INFO  server.RaftServer$Division (RaftServerImpl.java:checkInconsistentAppendEntries(1322)) - omNode-1@group-523986131536: Failed appendEntries as previous log entry ((t:10, i:29)) is not found
2021-11-02 20:15:44,600 [grpc-default-executor-14] INFO  server.RaftServer$Division (RaftServerImpl.java:checkInconsistentAppendEntries(1288)) - omNode-1@group-523986131536: inconsistency entries. Reply:omNode-3<-omNode-1#2608:FAIL-t10,INCONSISTENCY,nextIndex=11,followerCommit=10
2021-11-02 20:15:44,601 [grpc-default-executor-14] INFO  leader.FollowerInfo (FollowerInfoImpl.java:lambda$new$0(47)) - omNode-3@group-523986131536->omNode-1: nextIndex: updateUnconditionally 30 -> 11
2021-11-02 20:15:45,102 [grpc-default-executor-14] INFO  server.RaftServer$Division (RaftServerImpl.java:checkInconsistentAppendEntries(1322)) - omNode-1@group-523986131536: Failed appendEntries as previous log entry ((t:10, i:29)) is not found
2021-11-02 20:15:45,102 [grpc-default-executor-14] INFO  server.RaftServer$Division (RaftServerImpl.java:checkInconsistentAppendEntries(1288)) - omNode-1@group-523986131536: inconsistency entries. Reply:omNode-3<-omNode-1#2659:FAIL-t10,INCONSISTENCY,nextIndex=11,followerCommit=10
2021-11-02 20:15:45,103 [grpc-default-executor-14] INFO  leader.FollowerInfo (FollowerInfoImpl.java:lambda$new$0(47)) - omNode-3@group-523986131536->omNode-1: nextIndex: updateUnconditionally 30 -> 11
2021-11-02 20:15:45,604 [grpc-default-executor-14] INFO  server.RaftServer$Division (RaftServerImpl.java:checkInconsistentAppendEntries(1322)) - omNode-1@group-523986131536: Failed appendEntries as previous log entry ((t:10, i:29)) is not found
2021-11-02 20:15:45,605 [grpc-default-executor-14] INFO  server.RaftServer$Division (RaftServerImpl.java:checkInconsistentAppendEntries(1288)) - omNode-1@group-523986131536: inconsistency entries. Reply:omNode-3<-omNode-1#2710:FAIL-t10,INCONSISTENCY,nextIndex=11,followerCommit=10
2021-11-02 20:15:45,605 [grpc-default-executor-14] INFO  leader.FollowerInfo (FollowerInfoImpl.java:lambda$new$0(47)) - omNode-3@group-523986131536->omNode-1: nextIndex: updateUnconditionally 30 -> 11
2021-11-02 20:15:46,107 [grpc-default-executor-14] INFO  server.RaftServer$Division (RaftServerImpl.java:checkInconsistentAppendEntries(1322)) - omNode-1@group-523986131536: Failed appendEntries as previous log entry ((t:10, i:29)) is not found
2021-11-02 20:15:46,107 [grpc-default-executor-14] INFO  server.RaftServer$Division (RaftServerImpl.java:checkInconsistentAppendEntries(1288)) - omNode-1@group-523986131536: inconsistency entries. Reply:omNode-3<-omNode-1#2761:FAIL-t10,INCONSISTENCY,nextIndex=11,followerCommit=10
2021-11-02 20:15:46,107 [grpc-default-executor-14] INFO  leader.FollowerInfo (FollowerInfoImpl.java:lambda$new$0(47)) - omNode-3@group-523986131536->omNode-1: nextIndex: updateUnconditionally 30 -> 11
2021-11-02 20:15:46,609 [grpc-default-executor-13] INFO  server.RaftServer$Division (RaftServerImpl.java:checkInconsistentAppendEntries(1322)) - omNode-1@group-523986131536: Failed appendEntries as previous log entry ((t:10, i:29)) is not found
2021-11-02 20:15:46,609 [grpc-default-executor-13] INFO  server.RaftServer$Division (RaftServerImpl.java:checkInconsistentAppendEntries(1288)) - omNode-1@group-523986131536: inconsistency entries. Reply:omNode-3<-omNode-1#2812:FAIL-t10,INCONSISTENCY,nextIndex=11,followerCommit=10
2021-11-02 20:15:46,609 [grpc-default-executor-13] INFO  leader.FollowerInfo (FollowerInfoImpl.java:lambda$new$0(47)) - omNode-3@group-523986131536->omNode-1: nextIndex: updateUnconditionally 30 -> 11
2021-11-02 20:15:47,110 [grpc-default-executor-13] INFO  server.RaftServer$Division (RaftServerImpl.java:checkInconsistentAppendEntries(1322)) - omNode-1@group-523986131536: Failed appendEntries as previous log entry ((t:10, i:29)) is not found
2021-11-02 20:15:47,110 [grpc-default-executor-13] INFO  server.RaftServer$Division (RaftServerImpl.java:checkInconsistentAppendEntries(1288)) - omNode-1@group-523986131536: inconsistency entries. Reply:omNode-3<-omNode-1#2863:FAIL-t10,INCONSISTENCY,nextIndex=11,followerCommit=10
2021-11-02 20:15:47,111 [grpc-default-executor-13] INFO  leader.FollowerInfo (FollowerInfoImpl.java:lambda$new$0(47)) - omNode-3@group-523986131536->omNode-1: nextIndex: updateUnconditionally 30 -> 11
2021-11-02 20:15:47,612 [grpc-default-executor-13] INFO  server.RaftServer$Division (RaftServerImpl.java:checkInconsistentAppendEntries(1322)) - omNode-1@group-523986131536: Failed appendEntries as previous log entry ((t:10, i:29)) is not found
2021-11-02 20:15:47,612 [grpc-default-executor-13] INFO  server.RaftServer$Division (RaftServerImpl.java:checkInconsistentAppendEntries(1288)) - omNode-1@group-523986131536: inconsistency entries. Reply:omNode-3<-omNode-1#2914:FAIL-t10,INCONSISTENCY,nextIndex=11,followerCommit=10
2021-11-02 20:15:47,612 [grpc-default-executor-13] INFO  leader.FollowerInfo (FollowerInfoImpl.java:lambda$new$0(47)) - omNode-3@group-523986131536->omNode-1: nextIndex: updateUnconditionally 30 -> 11
2021-11-02 20:15:48,114 [grpc-default-executor-13] INFO  server.RaftServer$Division (RaftServerImpl.java:checkInconsistentAppendEntries(1322)) - omNode-1@group-523986131536: Failed appendEntries as previous log entry ((t:10, i:29)) is not found
2021-11-02 20:15:48,114 [grpc-default-executor-13] INFO  server.RaftServer$Division (RaftServerImpl.java:checkInconsistentAppendEntries(1288)) - omNode-1@group-523986131536: inconsistency entries. Reply:omNode-3<-omNode-1#2965:FAIL-t10,INCONSISTENCY,nextIndex=11,followerCommit=10
2021-11-02 20:15:48,114 [grpc-default-executor-13] INFO  leader.FollowerInfo (FollowerInfoImpl.java:lambda$new$0(47)) - omNode-3@group-523986131536->omNode-1: nextIndex: updateUnconditionally 30 -> 11
2021-11-02 20:15:48,616 [grpc-default-executor-14] INFO  server.RaftServer$Division (RaftServerImpl.java:checkInconsistentAppendEntries(1322)) - omNode-1@group-523986131536: Failed appendEntries as previous log entry ((t:10, i:29)) is not found
2021-11-02 20:15:48,616 [grpc-default-executor-14] INFO  server.RaftServer$Division (RaftServerImpl.java:checkInconsistentAppendEntries(1288)) - omNode-1@group-523986131536: inconsistency entries. Reply:omNode-3<-omNode-1#3016:FAIL-t10,INCONSISTENCY,nextIndex=11,followerCommit=10
2021-11-02 20:15:48,616 [grpc-default-executor-14] INFO  leader.FollowerInfo (FollowerInfoImpl.java:lambda$new$0(47)) - omNode-3@group-523986131536->omNode-1: nextIndex: updateUnconditionally 30 -> 11
2021-11-02 20:15:49,118 [grpc-default-executor-13] INFO  server.RaftServer$Division (RaftServerImpl.java:checkInconsistentAppendEntries(1322)) - omNode-1@group-523986131536: Failed appendEntries as previous log entry ((t:10, i:29)) is not found
2021-11-02 20:15:49,118 [grpc-default-executor-13] INFO  server.RaftServer$Division (RaftServerImpl.java:checkInconsistentAppendEntries(1288)) - omNode-1@group-523986131536: inconsistency entries. Reply:omNode-3<-omNode-1#3067:FAIL-t10,INCONSISTENCY,nextIndex=11,followerCommit=10
2021-11-02 20:15:49,118 [grpc-default-executor-13] INFO  leader.FollowerInfo (FollowerInfoImpl.java:lambda$new$0(47)) - omNode-3@group-523986131536->omNode-1: nextIndex: updateUnconditionally 30 -> 11
2021-11-02 20:15:49,620 [grpc-default-executor-14] INFO  server.RaftServer$Division (RaftServerImpl.java:checkInconsistentAppendEntries(1322)) - omNode-1@group-523986131536: Failed appendEntries as previous log entry ((t:10, i:29)) is not found
2021-11-02 20:15:49,620 [grpc-default-executor-14] INFO  server.RaftServer$Division (RaftServerImpl.java:checkInconsistentAppendEntries(1288)) - omNode-1@group-523986131536: inconsistency entries. Reply:omNode-3<-omNode-1#3118:FAIL-t10,INCONSISTENCY,nextIndex=11,followerCommit=10
2021-11-02 20:15:49,620 [grpc-default-executor-14] INFO  leader.FollowerInfo (FollowerInfoImpl.java:lambda$new$0(47)) - omNode-3@group-523986131536->omNode-1: nextIndex: updateUnconditionally 30 -> 11
2021-11-02 20:15:50,122 [grpc-default-executor-14] INFO  server.RaftServer$Division (RaftServerImpl.java:checkInconsistentAppendEntries(1322)) - omNode-1@group-523986131536: Failed appendEntries as previous log entry ((t:10, i:29)) is not found
2021-11-02 20:15:50,122 [grpc-default-executor-14] INFO  server.RaftServer$Division (RaftServerImpl.java:checkInconsistentAppendEntries(1288)) - omNode-1@group-523986131536: inconsistency entries. Reply:omNode-3<-omNode-1#3169:FAIL-t10,INCONSISTENCY,nextIndex=11,followerCommit=10
2021-11-02 20:15:50,122 [grpc-default-executor-14] INFO  leader.FollowerInfo (FollowerInfoImpl.java:lambda$new$0(47)) - omNode-3@group-523986131536->omNode-1: nextIndex: updateUnconditionally 30 -> 11
2021-11-02 20:15:50,623 [grpc-default-executor-14] INFO  server.RaftServer$Division (RaftServerImpl.java:checkInconsistentAppendEntries(1322)) - omNode-1@group-523986131536: Failed appendEntries as previous log entry ((t:10, i:29)) is not found
2021-11-02 20:15:50,624 [grpc-default-executor-14] INFO  server.RaftServer$Division (RaftServerImpl.java:checkInconsistentAppendEntries(1288)) - omNode-1@group-523986131536: inconsistency entries. Reply:omNode-3<-omNode-1#3220:FAIL-t10,INCONSISTENCY,nextIndex=11,followerCommit=10
2021-11-02 20:15:50,624 [grpc-default-executor-14] INFO  leader.FollowerInfo (FollowerInfoImpl.java:lambda$new$0(47)) - omNode-3@group-523986131536->omNode-1: nextIndex: updateUnconditionally 30 -> 11
2021-11-02 20:15:51,125 [grpc-default-executor-14] INFO  server.RaftServer$Division (RaftServerImpl.java:checkInconsistentAppendEntries(1322)) - omNode-1@group-523986131536: Failed appendEntries as previous log entry ((t:10, i:29)) is not found
2021-11-02 20:15:51,125 [grpc-default-executor-14] INFO  server.RaftServer$Division (RaftServerImpl.java:checkInconsistentAppendEntries(1288)) - omNode-1@group-523986131536: inconsistency entries. Reply:omNode-3<-omNode-1#3271:FAIL-t10,INCONSISTENCY,nextIndex=11,followerCommit=10
2021-11-02 20:15:51,125 [grpc-default-executor-14] INFO  leader.FollowerInfo (FollowerInfoImpl.java:lambda$new$0(47)) - omNode-3@group-523986131536->omNode-1: nextIndex: updateUnconditionally 30 -> 11
2021-11-02 20:15:51,627 [grpc-default-executor-14] INFO  server.RaftServer$Division (RaftServerImpl.java:checkInconsistentAppendEntries(1322)) - omNode-1@group-523986131536: Failed appendEntries as previous log entry ((t:10, i:29)) is not found
2021-11-02 20:15:51,627 [grpc-default-executor-14] INFO  server.RaftServer$Division (RaftServerImpl.java:checkInconsistentAppendEntries(1288)) - omNode-1@group-523986131536: inconsistency entries. Reply:omNode-3<-omNode-1#3322:FAIL-t10,INCONSISTENCY,nextIndex=11,followerCommit=10
2021-11-02 20:15:51,627 [grpc-default-executor-14] INFO  leader.FollowerInfo (FollowerInfoImpl.java:lambda$new$0(47)) - omNode-3@group-523986131536->omNode-1: nextIndex: updateUnconditionally 30 -> 11
2021-11-02 20:15:52,129 [grpc-default-executor-13] INFO  server.RaftServer$Division (RaftServerImpl.java:checkInconsistentAppendEntries(1322)) - omNode-1@group-523986131536: Failed appendEntries as previous log entry ((t:10, i:29)) is not found
2021-11-02 20:15:52,130 [grpc-default-executor-13] INFO  server.RaftServer$Division (RaftServerImpl.java:checkInconsistentAppendEntries(1288)) - omNode-1@group-523986131536: inconsistency entries. Reply:omNode-3<-omNode-1#3373:FAIL-t10,INCONSISTENCY,nextIndex=11,followerCommit=10
2021-11-02 20:15:52,130 [grpc-default-executor-13] INFO  leader.FollowerInfo (FollowerInfoImpl.java:lambda$new$0(47)) - omNode-3@group-523986131536->omNode-1: nextIndex: updateUnconditionally 30 -> 11
2021-11-02 20:15:52,631 [grpc-default-executor-13] INFO  server.RaftServer$Division (RaftServerImpl.java:checkInconsistentAppendEntries(1322)) - omNode-1@group-523986131536: Failed appendEntries as previous log entry ((t:10, i:29)) is not found
2021-11-02 20:15:52,631 [grpc-default-executor-13] INFO  server.RaftServer$Division (RaftServerImpl.java:checkInconsistentAppendEntries(1288)) - omNode-1@group-523986131536: inconsistency entries. Reply:omNode-3<-omNode-1#3424:FAIL-t10,INCONSISTENCY,nextIndex=11,followerCommit=10
2021-11-02 20:15:52,631 [grpc-default-executor-13] INFO  leader.FollowerInfo (FollowerInfoImpl.java:lambda$new$0(47)) - omNode-3@group-523986131536->omNode-1: nextIndex: updateUnconditionally 30 -> 11
2021-11-02 20:15:53,132 [grpc-default-executor-13] INFO  server.RaftServer$Division (RaftServerImpl.java:checkInconsistentAppendEntries(1322)) - omNode-1@group-523986131536: Failed appendEntries as previous log entry ((t:10, i:29)) is not found
2021-11-02 20:15:53,133 [grpc-default-executor-13] INFO  server.RaftServer$Division (RaftServerImpl.java:checkInconsistentAppendEntries(1288)) - omNode-1@group-523986131536: inconsistency entries. Reply:omNode-3<-omNode-1#3475:FAIL-t10,INCONSISTENCY,nextIndex=11,followerCommit=10
2021-11-02 20:15:53,133 [grpc-default-executor-13] INFO  leader.FollowerInfo (FollowerInfoImpl.java:lambda$new$0(47)) - omNode-3@group-523986131536->omNode-1: nextIndex: updateUnconditionally 30 -> 11
2021-11-02 20:15:53,634 [grpc-default-executor-13] INFO  server.RaftServer$Division (RaftServerImpl.java:checkInconsistentAppendEntries(1322)) - omNode-1@group-523986131536: Failed appendEntries as previous log entry ((t:10, i:29)) is not found
2021-11-02 20:15:53,635 [grpc-default-executor-13] INFO  server.RaftServer$Division (RaftServerImpl.java:checkInconsistentAppendEntries(1288)) - omNode-1@group-523986131536: inconsistency entries. Reply:omNode-3<-omNode-1#3526:FAIL-t10,INCONSISTENCY,nextIndex=11,followerCommit=10
2021-11-02 20:15:53,635 [grpc-default-executor-13] INFO  leader.FollowerInfo (FollowerInfoImpl.java:lambda$new$0(47)) - omNode-3@group-523986131536->omNode-1: nextIndex: updateUnconditionally 30 -> 11
2021-11-02 20:15:54,137 [grpc-default-executor-13] INFO  server.RaftServer$Division (RaftServerImpl.java:checkInconsistentAppendEntries(1322)) - omNode-1@group-523986131536: Failed appendEntries as previous log entry ((t:10, i:29)) is not found
2021-11-02 20:15:54,137 [grpc-default-executor-13] INFO  server.RaftServer$Division (RaftServerImpl.java:checkInconsistentAppendEntries(1288)) - omNode-1@group-523986131536: inconsistency entries. Reply:omNode-3<-omNode-1#3577:FAIL-t10,INCONSISTENCY,nextIndex=11,followerCommit=10
2021-11-02 20:15:54,137 [grpc-default-executor-13] INFO  leader.FollowerInfo (FollowerInfoImpl.java:lambda$new$0(47)) - omNode-3@group-523986131536->omNode-1: nextIndex: updateUnconditionally 30 -> 11
2021-11-02 20:15:54,638 [grpc-default-executor-14] INFO  server.RaftServer$Division (RaftServerImpl.java:checkInconsistentAppendEntries(1322)) - omNode-1@group-523986131536: Failed appendEntries as previous log entry ((t:10, i:29)) is not found
2021-11-02 20:15:54,639 [grpc-default-executor-14] INFO  server.RaftServer$Division (RaftServerImpl.java:checkInconsistentAppendEntries(1288)) - omNode-1@group-523986131536: inconsistency entries. Reply:omNode-3<-omNode-1#3628:FAIL-t10,INCONSISTENCY,nextIndex=11,followerCommit=10
2021-11-02 20:15:54,639 [grpc-default-executor-14] INFO  leader.FollowerInfo (FollowerInfoImpl.java:lambda$new$0(47)) - omNode-3@group-523986131536->omNode-1: nextIndex: updateUnconditionally 30 -> 11
2021-11-02 20:15:55,141 [grpc-default-executor-14] INFO  server.RaftServer$Division (RaftServerImpl.java:checkInconsistentAppendEntries(1322)) - omNode-1@group-523986131536: Failed appendEntries as previous log entry ((t:10, i:29)) is not found
2021-11-02 20:15:55,141 [grpc-default-executor-14] INFO  server.RaftServer$Division (RaftServerImpl.java:checkInconsistentAppendEntries(1288)) - omNode-1@group-523986131536: inconsistency entries. Reply:omNode-3<-omNode-1#3679:FAIL-t10,INCONSISTENCY,nextIndex=11,followerCommit=10
2021-11-02 20:15:55,142 [grpc-default-executor-14] INFO  leader.FollowerInfo (FollowerInfoImpl.java:lambda$new$0(47)) - omNode-3@group-523986131536->omNode-1: nextIndex: updateUnconditionally 30 -> 11
2021-11-02 20:15:55,644 [grpc-default-executor-14] INFO  server.RaftServer$Division (RaftServerImpl.java:checkInconsistentAppendEntries(1322)) - omNode-1@group-523986131536: Failed appendEntries as previous log entry ((t:10, i:29)) is not found
2021-11-02 20:15:55,644 [grpc-default-executor-14] INFO  server.RaftServer$Division (RaftServerImpl.java:checkInconsistentAppendEntries(1288)) - omNode-1@group-523986131536: inconsistency entries. Reply:omNode-3<-omNode-1#3730:FAIL-t10,INCONSISTENCY,nextIndex=11,followerCommit=10
2021-11-02 20:15:55,644 [grpc-default-executor-14] INFO  leader.FollowerInfo (FollowerInfoImpl.java:lambda$new$0(47)) - omNode-3@group-523986131536->omNode-1: nextIndex: updateUnconditionally 30 -> 11
2021-11-02 20:15:56,146 [grpc-default-executor-14] INFO  server.RaftServer$Division (RaftServerImpl.java:checkInconsistentAppendEntries(1322)) - omNode-1@group-523986131536: Failed appendEntries as previous log entry ((t:10, i:29)) is not found
2021-11-02 20:15:56,146 [grpc-default-executor-14] INFO  server.RaftServer$Division (RaftServerImpl.java:checkInconsistentAppendEntries(1288)) - omNode-1@group-523986131536: inconsistency entries. Reply:omNode-3<-omNode-1#3781:FAIL-t10,INCONSISTENCY,nextIndex=11,followerCommit=10
2021-11-02 20:15:56,146 [grpc-default-executor-14] INFO  leader.FollowerInfo (FollowerInfoImpl.java:lambda$new$0(47)) - omNode-3@group-523986131536->omNode-1: nextIndex: updateUnconditionally 30 -> 11
2021-11-02 20:15:56,647 [grpc-default-executor-13] INFO  server.RaftServer$Division (RaftServerImpl.java:checkInconsistentAppendEntries(1322)) - omNode-1@group-523986131536: Failed appendEntries as previous log entry ((t:10, i:29)) is not found
2021-11-02 20:15:56,647 [grpc-default-executor-13] INFO  server.RaftServer$Division (RaftServerImpl.java:checkInconsistentAppendEntries(1288)) - omNode-1@group-523986131536: inconsistency entries. Reply:omNode-3<-omNode-1#3832:FAIL-t10,INCONSISTENCY,nextIndex=11,followerCommit=10
2021-11-02 20:15:56,648 [grpc-default-executor-13] INFO  leader.FollowerInfo (FollowerInfoImpl.java:lambda$new$0(47)) - omNode-3@group-523986131536->omNode-1: nextIndex: updateUnconditionally 30 -> 11
2021-11-02 20:15:57,150 [grpc-default-executor-13] INFO  server.RaftServer$Division (RaftServerImpl.java:checkInconsistentAppendEntries(1322)) - omNode-1@group-523986131536: Failed appendEntries as previous log entry ((t:10, i:29)) is not found
2021-11-02 20:15:57,150 [grpc-default-executor-13] INFO  server.RaftServer$Division (RaftServerImpl.java:checkInconsistentAppendEntries(1288)) - omNode-1@group-523986131536: inconsistency entries. Reply:omNode-3<-omNode-1#3883:FAIL-t10,INCONSISTENCY,nextIndex=11,followerCommit=10
2021-11-02 20:15:57,150 [grpc-default-executor-13] INFO  leader.FollowerInfo (FollowerInfoImpl.java:lambda$new$0(47)) - omNode-3@group-523986131536->omNode-1: nextIndex: updateUnconditionally 30 -> 11
2021-11-02 20:15:57,651 [grpc-default-executor-13] INFO  server.RaftServer$Division (RaftServerImpl.java:checkInconsistentAppendEntries(1322)) - omNode-1@group-523986131536: Failed appendEntries as previous log entry ((t:10, i:29)) is not found
2021-11-02 20:15:57,652 [grpc-default-executor-13] INFO  server.RaftServer$Division (RaftServerImpl.java:checkInconsistentAppendEntries(1288)) - omNode-1@group-523986131536: inconsistency entries. Reply:omNode-3<-omNode-1#3934:FAIL-t10,INCONSISTENCY,nextIndex=11,followerCommit=10
2021-11-02 20:15:57,652 [grpc-default-executor-13] INFO  leader.FollowerInfo (FollowerInfoImpl.java:lambda$new$0(47)) - omNode-3@group-523986131536->omNode-1: nextIndex: updateUnconditionally 30 -> 11
2021-11-02 20:15:58,154 [grpc-default-executor-13] INFO  server.RaftServer$Division (RaftServerImpl.java:checkInconsistentAppendEntries(1322)) - omNode-1@group-523986131536: Failed appendEntries as previous log entry ((t:10, i:29)) is not found
2021-11-02 20:15:58,154 [grpc-default-executor-13] INFO  server.RaftServer$Division (RaftServerImpl.java:checkInconsistentAppendEntries(1288)) - omNode-1@group-523986131536: inconsistency entries. Reply:omNode-3<-omNode-1#3985:FAIL-t10,INCONSISTENCY,nextIndex=11,followerCommit=10
2021-11-02 20:15:58,154 [grpc-default-executor-13] INFO  leader.FollowerInfo (FollowerInfoImpl.java:lambda$new$0(47)) - omNode-3@group-523986131536->omNode-1: nextIndex: updateUnconditionally 30 -> 11
2021-11-02 20:15:58,655 [grpc-default-executor-13] INFO  server.RaftServer$Division (RaftServerImpl.java:checkInconsistentAppendEntries(1322)) - omNode-1@group-523986131536: Failed appendEntries as previous log entry ((t:10, i:29)) is not found
2021-11-02 20:15:58,656 [grpc-default-executor-13] INFO  server.RaftServer$Division (RaftServerImpl.java:checkInconsistentAppendEntries(1288)) - omNode-1@group-523986131536: inconsistency entries. Reply:omNode-3<-omNode-1#4036:FAIL-t10,INCONSISTENCY,nextIndex=11,followerCommit=10
2021-11-02 20:15:58,656 [grpc-default-executor-13] INFO  leader.FollowerInfo (FollowerInfoImpl.java:lambda$new$0(47)) - omNode-3@group-523986131536->omNode-1: nextIndex: updateUnconditionally 30 -> 11
2021-11-02 20:15:59,158 [grpc-default-executor-14] INFO  server.RaftServer$Division (RaftServerImpl.java:checkInconsistentAppendEntries(1322)) - omNode-1@group-523986131536: Failed appendEntries as previous log entry ((t:10, i:29)) is not found
2021-11-02 20:15:59,158 [grpc-default-executor-14] INFO  server.RaftServer$Division (RaftServerImpl.java:checkInconsistentAppendEntries(1288)) - omNode-1@group-523986131536: inconsistency entries. Reply:omNode-3<-omNode-1#4087:FAIL-t10,INCONSISTENCY,nextIndex=11,followerCommit=10
2021-11-02 20:15:59,159 [grpc-default-executor-14] INFO  leader.FollowerInfo (FollowerInfoImpl.java:lambda$new$0(47)) - omNode-3@group-523986131536->omNode-1: nextIndex: updateUnconditionally 30 -> 11
2021-11-02 20:15:59,660 [grpc-default-executor-14] INFO  server.RaftServer$Division (RaftServerImpl.java:checkInconsistentAppendEntries(1322)) - omNode-1@group-523986131536: Failed appendEntries as previous log entry ((t:10, i:29)) is not found
2021-11-02 20:15:59,661 [grpc-default-executor-14] INFO  server.RaftServer$Division (RaftServerImpl.java:checkInconsistentAppendEntries(1288)) - omNode-1@group-523986131536: inconsistency entries. Reply:omNode-3<-omNode-1#4138:FAIL-t10,INCONSISTENCY,nextIndex=11,followerCommit=10
2021-11-02 20:15:59,661 [grpc-default-executor-14] INFO  leader.FollowerInfo (FollowerInfoImpl.java:lambda$new$0(47)) - omNode-3@group-523986131536->omNode-1: nextIndex: updateUnconditionally 30 -> 11
2021-11-02 20:16:00,163 [grpc-default-executor-14] INFO  server.RaftServer$Division (RaftServerImpl.java:checkInconsistentAppendEntries(1322)) - omNode-1@group-523986131536: Failed appendEntries as previous log entry ((t:10, i:29)) is not found
2021-11-02 20:16:00,163 [grpc-default-executor-14] INFO  server.RaftServer$Division (RaftServerImpl.java:checkInconsistentAppendEntries(1288)) - omNode-1@group-523986131536: inconsistency entries. Reply:omNode-3<-omNode-1#4189:FAIL-t10,INCONSISTENCY,nextIndex=11,followerCommit=10
2021-11-02 20:16:00,163 [grpc-default-executor-14] INFO  leader.FollowerInfo (FollowerInfoImpl.java:lambda$new$0(47)) - omNode-3@group-523986131536->omNode-1: nextIndex: updateUnconditionally 30 -> 11
2021-11-02 20:16:00,665 [grpc-default-executor-14] INFO  server.RaftServer$Division (RaftServerImpl.java:checkInconsistentAppendEntries(1322)) - omNode-1@group-523986131536: Failed appendEntries as previous log entry ((t:10, i:29)) is not found
2021-11-02 20:16:00,665 [grpc-default-executor-14] INFO  server.RaftServer$Division (RaftServerImpl.java:checkInconsistentAppendEntries(1288)) - omNode-1@group-523986131536: inconsistency entries. Reply:omNode-3<-omNode-1#4240:FAIL-t10,INCONSISTENCY,nextIndex=11,followerCommit=10
2021-11-02 20:16:00,665 [grpc-default-executor-14] INFO  leader.FollowerInfo (FollowerInfoImpl.java:lambda$new$0(47)) - omNode-3@group-523986131536->omNode-1: nextIndex: updateUnconditionally 30 -> 11
2021-11-02 20:16:01,167 [grpc-default-executor-14] INFO  server.RaftServer$Division (RaftServerImpl.java:checkInconsistentAppendEntries(1322)) - omNode-1@group-523986131536: Failed appendEntries as previous log entry ((t:10, i:29)) is not found
2021-11-02 20:16:01,167 [grpc-default-executor-14] INFO  server.RaftServer$Division (RaftServerImpl.java:checkInconsistentAppendEntries(1288)) - omNode-1@group-523986131536: inconsistency entries. Reply:omNode-3<-omNode-1#4291:FAIL-t10,INCONSISTENCY,nextIndex=11,followerCommit=10
2021-11-02 20:16:01,167 [grpc-default-executor-14] INFO  leader.FollowerInfo (FollowerInfoImpl.java:lambda$new$0(47)) - omNode-3@group-523986131536->omNode-1: nextIndex: updateUnconditionally 30 -> 11
2021-11-02 20:16:01,669 [grpc-default-executor-13] INFO  server.RaftServer$Division (RaftServerImpl.java:checkInconsistentAppendEntries(1322)) - omNode-1@group-523986131536: Failed appendEntries as previous log entry ((t:10, i:29)) is not found
2021-11-02 20:16:01,669 [grpc-default-executor-13] INFO  server.RaftServer$Division (RaftServerImpl.java:checkInconsistentAppendEntries(1288)) - omNode-1@group-523986131536: inconsistency entries. Reply:omNode-3<-omNode-1#4342:FAIL-t10,INCONSISTENCY,nextIndex=11,followerCommit=10
2021-11-02 20:16:01,669 [grpc-default-executor-13] INFO  leader.FollowerInfo (FollowerInfoImpl.java:lambda$new$0(47)) - omNode-3@group-523986131536->omNode-1: nextIndex: updateUnconditionally 30 -> 11
2021-11-02 20:16:02,171 [grpc-default-executor-14] INFO  server.RaftServer$Division (RaftServerImpl.java:checkInconsistentAppendEntries(1322)) - omNode-1@group-523986131536: Failed appendEntries as previous log entry ((t:10, i:29)) is not found
2021-11-02 20:16:02,171 [grpc-default-executor-14] INFO  server.RaftServer$Division (RaftServerImpl.java:checkInconsistentAppendEntries(1288)) - omNode-1@group-523986131536: inconsistency entries. Reply:omNode-3<-omNode-1#4393:FAIL-t10,INCONSISTENCY,nextIndex=11,followerCommit=10
2021-11-02 20:16:02,171 [grpc-default-executor-14] INFO  leader.FollowerInfo (FollowerInfoImpl.java:lambda$new$0(47)) - omNode-3@group-523986131536->omNode-1: nextIndex: updateUnconditionally 30 -> 11
2021-11-02 20:16:02,673 [grpc-default-executor-14] INFO  server.RaftServer$Division (RaftServerImpl.java:checkInconsistentAppendEntries(1322)) - omNode-1@group-523986131536: Failed appendEntries as previous log entry ((t:10, i:29)) is not found
2021-11-02 20:16:02,673 [grpc-default-executor-14] INFO  server.RaftServer$Division (RaftServerImpl.java:checkInconsistentAppendEntries(1288)) - omNode-1@group-523986131536: inconsistency entries. Reply:omNode-3<-omNode-1#4444:FAIL-t10,INCONSISTENCY,nextIndex=11,followerCommit=10
2021-11-02 20:16:02,673 [grpc-default-executor-14] INFO  leader.FollowerInfo (FollowerInfoImpl.java:lambda$new$0(47)) - omNode-3@group-523986131536->omNode-1: nextIndex: updateUnconditionally 30 -> 11
2021-11-02 20:16:03,175 [grpc-default-executor-14] INFO  server.RaftServer$Division (RaftServerImpl.java:checkInconsistentAppendEntries(1322)) - omNode-1@group-523986131536: Failed appendEntries as previous log entry ((t:10, i:29)) is not found
2021-11-02 20:16:03,175 [grpc-default-executor-14] INFO  server.RaftServer$Division (RaftServerImpl.java:checkInconsistentAppendEntries(1288)) - omNode-1@group-523986131536: inconsistency entries. Reply:omNode-3<-omNode-1#4495:FAIL-t10,INCONSISTENCY,nextIndex=11,followerCommit=10
2021-11-02 20:16:03,175 [grpc-default-executor-14] INFO  leader.FollowerInfo (FollowerInfoImpl.java:lambda$new$0(47)) - omNode-3@group-523986131536->omNode-1: nextIndex: updateUnconditionally 30 -> 11
2021-11-02 20:16:03,677 [grpc-default-executor-14] INFO  server.RaftServer$Division (RaftServerImpl.java:checkInconsistentAppendEntries(1322)) - omNode-1@group-523986131536: Failed appendEntries as previous log entry ((t:10, i:29)) is not found
2021-11-02 20:16:03,678 [grpc-default-executor-14] INFO  server.RaftServer$Division (RaftServerImpl.java:checkInconsistentAppendEntries(1288)) - omNode-1@group-523986131536: inconsistency entries. Reply:omNode-3<-omNode-1#4546:FAIL-t10,INCONSISTENCY,nextIndex=11,followerCommit=10
2021-11-02 20:16:03,678 [grpc-default-executor-14] INFO  leader.FollowerInfo (FollowerInfoImpl.java:lambda$new$0(47)) - omNode-3@group-523986131536->omNode-1: nextIndex: updateUnconditionally 30 -> 11
2021-11-02 20:16:04,179 [grpc-default-executor-13] INFO  server.RaftServer$Division (RaftServerImpl.java:checkInconsistentAppendEntries(1322)) - omNode-1@group-523986131536: Failed appendEntries as previous log entry ((t:10, i:29)) is not found
2021-11-02 20:16:04,180 [grpc-default-executor-13] INFO  server.RaftServer$Division (RaftServerImpl.java:checkInconsistentAppendEntries(1288)) - omNode-1@group-523986131536: inconsistency entries. Reply:omNode-3<-omNode-1#4597:FAIL-t10,INCONSISTENCY,nextIndex=11,followerCommit=10
2021-11-02 20:16:04,180 [grpc-default-executor-13] INFO  leader.FollowerInfo (FollowerInfoImpl.java:lambda$new$0(47)) - omNode-3@group-523986131536->omNode-1: nextIndex: updateUnconditionally 30 -> 11
2021-11-02 20:16:04,682 [grpc-default-executor-14] INFO  server.RaftServer$Division (RaftServerImpl.java:checkInconsistentAppendEntries(1322)) - omNode-1@group-523986131536: Failed appendEntries as previous log entry ((t:10, i:29)) is not found
2021-11-02 20:16:04,682 [grpc-default-executor-14] INFO  server.RaftServer$Division (RaftServerImpl.java:checkInconsistentAppendEntries(1288)) - omNode-1@group-523986131536: inconsistency entries. Reply:omNode-3<-omNode-1#4648:FAIL-t10,INCONSISTENCY,nextIndex=11,followerCommit=10
2021-11-02 20:16:04,683 [grpc-default-executor-14] INFO  leader.FollowerInfo (FollowerInfoImpl.java:lambda$new$0(47)) - omNode-3@group-523986131536->omNode-1: nextIndex: updateUnconditionally 30 -> 11
2021-11-02 20:16:05,184 [grpc-default-executor-14] INFO  server.RaftServer$Division (RaftServerImpl.java:checkInconsistentAppendEntries(1322)) - omNode-1@group-523986131536: Failed appendEntries as previous log entry ((t:10, i:29)) is not found
2021-11-02 20:16:05,184 [grpc-default-executor-14] INFO  server.RaftServer$Division (RaftServerImpl.java:checkInconsistentAppendEntries(1288)) - omNode-1@group-523986131536: inconsistency entries. Reply:omNode-3<-omNode-1#4699:FAIL-t10,INCONSISTENCY,nextIndex=11,followerCommit=10
2021-11-02 20:16:05,185 [grpc-default-executor-14] INFO  leader.FollowerInfo (FollowerInfoImpl.java:lambda$new$0(47)) - omNode-3@group-523986131536->omNode-1: nextIndex: updateUnconditionally 30 -> 11
2021-11-02 20:16:05,686 [grpc-default-executor-14] INFO  server.RaftServer$Division (RaftServerImpl.java:checkInconsistentAppendEntries(1322)) - omNode-1@group-523986131536: Failed appendEntries as previous log entry ((t:10, i:29)) is not found
2021-11-02 20:16:05,687 [grpc-default-executor-14] INFO  server.RaftServer$Division (RaftServerImpl.java:checkInconsistentAppendEntries(1288)) - omNode-1@group-523986131536: inconsistency entries. Reply:omNode-3<-omNode-1#4750:FAIL-t10,INCONSISTENCY,nextIndex=11,followerCommit=10
2021-11-02 20:16:05,687 [grpc-default-executor-14] INFO  leader.FollowerInfo (FollowerInfoImpl.java:lambda$new$0(47)) - omNode-3@group-523986131536->omNode-1: nextIndex: updateUnconditionally 30 -> 11
2021-11-02 20:16:06,188 [grpc-default-executor-14] INFO  server.RaftServer$Division (RaftServerImpl.java:checkInconsistentAppendEntries(1322)) - omNode-1@group-523986131536: Failed appendEntries as previous log entry ((t:10, i:29)) is not found
2021-11-02 20:16:06,189 [grpc-default-executor-14] INFO  server.RaftServer$Division (RaftServerImpl.java:checkInconsistentAppendEntries(1288)) - omNode-1@group-523986131536: inconsistency entries. Reply:omNode-3<-omNode-1#4801:FAIL-t10,INCONSISTENCY,nextIndex=11,followerCommit=10
2021-11-02 20:16:06,189 [grpc-default-executor-14] INFO  leader.FollowerInfo (FollowerInfoImpl.java:lambda$new$0(47)) - omNode-3@group-523986131536->omNode-1: nextIndex: updateUnconditionally 30 -> 11
2021-11-02 20:16:06,691 [grpc-default-executor-13] INFO  server.RaftServer$Division (RaftServerImpl.java:checkInconsistentAppendEntries(1322)) - omNode-1@group-523986131536: Failed appendEntries as previous log entry ((t:10, i:29)) is not found
2021-11-02 20:16:06,691 [grpc-default-executor-13] INFO  server.RaftServer$Division (RaftServerImpl.java:checkInconsistentAppendEntries(1288)) - omNode-1@group-523986131536: inconsistency entries. Reply:omNode-3<-omNode-1#4852:FAIL-t10,INCONSISTENCY,nextIndex=11,followerCommit=10
2021-11-02 20:16:06,691 [grpc-default-executor-13] INFO  leader.FollowerInfo (FollowerInfoImpl.java:lambda$new$0(47)) - omNode-3@group-523986131536->omNode-1: nextIndex: updateUnconditionally 30 -> 11
2021-11-02 20:16:07,193 [grpc-default-executor-14] INFO  server.RaftServer$Division (RaftServerImpl.java:checkInconsistentAppendEntries(1322)) - omNode-1@group-523986131536: Failed appendEntries as previous log entry ((t:10, i:29)) is not found
2021-11-02 20:16:07,193 [grpc-default-executor-14] INFO  server.RaftServer$Division (RaftServerImpl.java:checkInconsistentAppendEntries(1288)) - omNode-1@group-523986131536: inconsistency entries. Reply:omNode-3<-omNode-1#4903:FAIL-t10,INCONSISTENCY,nextIndex=11,followerCommit=10
2021-11-02 20:16:07,194 [grpc-default-executor-14] INFO  leader.FollowerInfo (FollowerInfoImpl.java:lambda$new$0(47)) - omNode-3@group-523986131536->omNode-1: nextIndex: updateUnconditionally 30 -> 11
2021-11-02 20:16:07,695 [grpc-default-executor-14] INFO  server.RaftServer$Division (RaftServerImpl.java:checkInconsistentAppendEntries(1322)) - omNode-1@group-523986131536: Failed appendEntries as previous log entry ((t:10, i:29)) is not found
2021-11-02 20:16:07,695 [grpc-default-executor-14] INFO  server.RaftServer$Division (RaftServerImpl.java:checkInconsistentAppendEntries(1288)) - omNode-1@group-523986131536: inconsistency entries. Reply:omNode-3<-omNode-1#4954:FAIL-t10,INCONSISTENCY,nextIndex=11,followerCommit=10
2021-11-02 20:16:07,695 [grpc-default-executor-14] INFO  leader.FollowerInfo (FollowerInfoImpl.java:lambda$new$0(47)) - omNode-3@group-523986131536->omNode-1: nextIndex: updateUnconditionally 30 -> 11
2021-11-02 20:16:08,197 [grpc-default-executor-14] INFO  server.RaftServer$Division (RaftServerImpl.java:checkInconsistentAppendEntries(1322)) - omNode-1@group-523986131536: Failed appendEntries as previous log entry ((t:10, i:29)) is not found
2021-11-02 20:16:08,197 [grpc-default-executor-14] INFO  server.RaftServer$Division (RaftServerImpl.java:checkInconsistentAppendEntries(1288)) - omNode-1@group-523986131536: inconsistency entries. Reply:omNode-3<-omNode-1#5005:FAIL-t10,INCONSISTENCY,nextIndex=11,followerCommit=10
2021-11-02 20:16:08,197 [grpc-default-executor-14] INFO  leader.FollowerInfo (FollowerInfoImpl.java:lambda$new$0(47)) - omNode-3@group-523986131536->omNode-1: nextIndex: updateUnconditionally 30 -> 11
2021-11-02 20:16:08,699 [grpc-default-executor-14] INFO  server.RaftServer$Division (RaftServerImpl.java:checkInconsistentAppendEntries(1322)) - omNode-1@group-523986131536: Failed appendEntries as previous log entry ((t:10, i:29)) is not found
2021-11-02 20:16:08,699 [grpc-default-executor-14] INFO  server.RaftServer$Division (RaftServerImpl.java:checkInconsistentAppendEntries(1288)) - omNode-1@group-523986131536: inconsistency entries. Reply:omNode-3<-omNode-1#5056:FAIL-t10,INCONSISTENCY,nextIndex=11,followerCommit=10
2021-11-02 20:16:08,699 [grpc-default-executor-14] INFO  leader.FollowerInfo (FollowerInfoImpl.java:lambda$new$0(47)) - omNode-3@group-523986131536->omNode-1: nextIndex: updateUnconditionally 30 -> 11
2021-11-02 20:16:09,201 [grpc-default-executor-13] INFO  server.RaftServer$Division (RaftServerImpl.java:checkInconsistentAppendEntries(1322)) - omNode-1@group-523986131536: Failed appendEntries as previous log entry ((t:10, i:29)) is not found
2021-11-02 20:16:09,201 [grpc-default-executor-13] INFO  server.RaftServer$Division (RaftServerImpl.java:checkInconsistentAppendEntries(1288)) - omNode-1@group-523986131536: inconsistency entries. Reply:omNode-3<-omNode-1#5107:FAIL-t10,INCONSISTENCY,nextIndex=11,followerCommit=10
2021-11-02 20:16:09,201 [grpc-default-executor-13] INFO  leader.FollowerInfo (FollowerInfoImpl.java:lambda$new$0(47)) - omNode-3@group-523986131536->omNode-1: nextIndex: updateUnconditionally 30 -> 11
2021-11-02 20:16:09,703 [grpc-default-executor-13] INFO  server.RaftServer$Division (RaftServerImpl.java:checkInconsistentAppendEntries(1322)) - omNode-1@group-523986131536: Failed appendEntries as previous log entry ((t:10, i:29)) is not found
2021-11-02 20:16:09,704 [grpc-default-executor-13] INFO  server.RaftServer$Division (RaftServerImpl.java:checkInconsistentAppendEntries(1288)) - omNode-1@group-523986131536: inconsistency entries. Reply:omNode-3<-omNode-1#5158:FAIL-t10,INCONSISTENCY,nextIndex=11,followerCommit=10
2021-11-02 20:16:09,704 [grpc-default-executor-13] INFO  leader.FollowerInfo (FollowerInfoImpl.java:lambda$new$0(47)) - omNode-3@group-523986131536->omNode-1: nextIndex: updateUnconditionally 30 -> 11
2021-11-02 20:16:10,206 [grpc-default-executor-13] INFO  server.RaftServer$Division (RaftServerImpl.java:checkInconsistentAppendEntries(1322)) - omNode-1@group-523986131536: Failed appendEntries as previous log entry ((t:10, i:29)) is not found
2021-11-02 20:16:10,206 [grpc-default-executor-13] INFO  server.RaftServer$Division (RaftServerImpl.java:checkInconsistentAppendEntries(1288)) - omNode-1@group-523986131536: inconsistency entries. Reply:omNode-3<-omNode-1#5209:FAIL-t10,INCONSISTENCY,nextIndex=11,followerCommit=10
2021-11-02 20:16:10,206 [grpc-default-executor-13] INFO  leader.FollowerInfo (FollowerInfoImpl.java:lambda$new$0(47)) - omNode-3@group-523986131536->omNode-1: nextIndex: updateUnconditionally 30 -> 11
2021-11-02 20:16:10,708 [grpc-default-executor-13] INFO  server.RaftServer$Division (RaftServerImpl.java:checkInconsistentAppendEntries(1322)) - omNode-1@group-523986131536: Failed appendEntries as previous log entry ((t:10, i:29)) is not found
2021-11-02 20:16:10,708 [grpc-default-executor-13] INFO  server.RaftServer$Division (RaftServerImpl.java:checkInconsistentAppendEntries(1288)) - omNode-1@group-523986131536: inconsistency entries. Reply:omNode-3<-omNode-1#5260:FAIL-t10,INCONSISTENCY,nextIndex=11,followerCommit=10
2021-11-02 20:16:10,708 [grpc-default-executor-13] INFO  leader.FollowerInfo (FollowerInfoImpl.java:lambda$new$0(47)) - omNode-3@group-523986131536->omNode-1: nextIndex: updateUnconditionally 30 -> 11
2021-11-02 20:16:11,210 [grpc-default-executor-13] INFO  server.RaftServer$Division (RaftServerImpl.java:checkInconsistentAppendEntries(1322)) - omNode-1@group-523986131536: Failed appendEntries as previous log entry ((t:10, i:29)) is not found
2021-11-02 20:16:11,210 [grpc-default-executor-13] INFO  server.RaftServer$Division (RaftServerImpl.java:checkInconsistentAppendEntries(1288)) - omNode-1@group-523986131536: inconsistency entries. Reply:omNode-3<-omNode-1#5311:FAIL-t10,INCONSISTENCY,nextIndex=11,followerCommit=10
2021-11-02 20:16:11,210 [grpc-default-executor-13] INFO  leader.FollowerInfo (FollowerInfoImpl.java:lambda$new$0(47)) - omNode-3@group-523986131536->omNode-1: nextIndex: updateUnconditionally 30 -> 11
2021-11-02 20:16:11,712 [grpc-default-executor-13] INFO  server.RaftServer$Division (RaftServerImpl.java:checkInconsistentAppendEntries(1322)) - omNode-1@group-523986131536: Failed appendEntries as previous log entry ((t:10, i:29)) is not found
2021-11-02 20:16:11,712 [grpc-default-executor-13] INFO  server.RaftServer$Division (RaftServerImpl.java:checkInconsistentAppendEntries(1288)) - omNode-1@group-523986131536: inconsistency entries. Reply:omNode-3<-omNode-1#5362:FAIL-t10,INCONSISTENCY,nextIndex=11,followerCommit=10
2021-11-02 20:16:11,713 [grpc-default-executor-13] INFO  leader.FollowerInfo (FollowerInfoImpl.java:lambda$new$0(47)) - omNode-3@group-523986131536->omNode-1: nextIndex: updateUnconditionally 30 -> 11
2021-11-02 20:16:12,214 [grpc-default-executor-14] INFO  server.RaftServer$Division (RaftServerImpl.java:checkInconsistentAppendEntries(1322)) - omNode-1@group-523986131536: Failed appendEntries as previous log entry ((t:10, i:29)) is not found
2021-11-02 20:16:12,215 [grpc-default-executor-14] INFO  server.RaftServer$Division (RaftServerImpl.java:checkInconsistentAppendEntries(1288)) - omNode-1@group-523986131536: inconsistency entries. Reply:omNode-3<-omNode-1#5413:FAIL-t10,INCONSISTENCY,nextIndex=11,followerCommit=10
2021-11-02 20:16:12,215 [grpc-default-executor-14] INFO  leader.FollowerInfo (FollowerInfoImpl.java:lambda$new$0(47)) - omNode-3@group-523986131536->omNode-1: nextIndex: updateUnconditionally 30 -> 11
2021-11-02 20:16:12,717 [grpc-default-executor-14] INFO  server.RaftServer$Division (RaftServerImpl.java:checkInconsistentAppendEntries(1322)) - omNode-1@group-523986131536: Failed appendEntries as previous log entry ((t:10, i:29)) is not found
2021-11-02 20:16:12,717 [grpc-default-executor-14] INFO  server.RaftServer$Division (RaftServerImpl.java:checkInconsistentAppendEntries(1288)) - omNode-1@group-523986131536: inconsistency entries. Reply:omNode-3<-omNode-1#5464:FAIL-t10,INCONSISTENCY,nextIndex=11,followerCommit=10
2021-11-02 20:16:12,717 [grpc-default-executor-14] INFO  leader.FollowerInfo (FollowerInfoImpl.java:lambda$new$0(47)) - omNode-3@group-523986131536->omNode-1: nextIndex: updateUnconditionally 30 -> 11
2021-11-02 20:16:13,219 [grpc-default-executor-14] INFO  server.RaftServer$Division (RaftServerImpl.java:checkInconsistentAppendEntries(1322)) - omNode-1@group-523986131536: Failed appendEntries as previous log entry ((t:10, i:29)) is not found
2021-11-02 20:16:13,219 [grpc-default-executor-14] INFO  server.RaftServer$Division (RaftServerImpl.java:checkInconsistentAppendEntries(1288)) - omNode-1@group-523986131536: inconsistency entries. Reply:omNode-3<-omNode-1#5515:FAIL-t10,INCONSISTENCY,nextIndex=11,followerCommit=10
2021-11-02 20:16:13,219 [grpc-default-executor-14] INFO  leader.FollowerInfo (FollowerInfoImpl.java:lambda$new$0(47)) - omNode-3@group-523986131536->omNode-1: nextIndex: updateUnconditionally 30 -> 11
2021-11-02 20:16:13,721 [grpc-default-executor-14] INFO  server.RaftServer$Division (RaftServerImpl.java:checkInconsistentAppendEntries(1322)) - omNode-1@group-523986131536: Failed appendEntries as previous log entry ((t:10, i:29)) is not found
2021-11-02 20:16:13,721 [grpc-default-executor-14] INFO  server.RaftServer$Division (RaftServerImpl.java:checkInconsistentAppendEntries(1288)) - omNode-1@group-523986131536: inconsistency entries. Reply:omNode-3<-omNode-1#5566:FAIL-t10,INCONSISTENCY,nextIndex=11,followerCommit=10
2021-11-02 20:16:13,721 [grpc-default-executor-14] INFO  leader.FollowerInfo (FollowerInfoImpl.java:lambda$new$0(47)) - omNode-3@group-523986131536->omNode-1: nextIndex: updateUnconditionally 30 -> 11
2021-11-02 20:16:14,223 [grpc-default-executor-13] INFO  server.RaftServer$Division (RaftServerImpl.java:checkInconsistentAppendEntries(1322)) - omNode-1@group-523986131536: Failed appendEntries as previous log entry ((t:10, i:29)) is not found
2021-11-02 20:16:14,224 [grpc-default-executor-13] INFO  server.RaftServer$Division (RaftServerImpl.java:checkInconsistentAppendEntries(1288)) - omNode-1@group-523986131536: inconsistency entries. Reply:omNode-3<-omNode-1#5617:FAIL-t10,INCONSISTENCY,nextIndex=11,followerCommit=10
2021-11-02 20:16:14,224 [grpc-default-executor-13] INFO  leader.FollowerInfo (FollowerInfoImpl.java:lambda$new$0(47)) - omNode-3@group-523986131536->omNode-1: nextIndex: updateUnconditionally 30 -> 11
2021-11-02 20:16:14,725 [grpc-default-executor-14] INFO  server.RaftServer$Division (RaftServerImpl.java:checkInconsistentAppendEntries(1322)) - omNode-1@group-523986131536: Failed appendEntries as previous log entry ((t:10, i:29)) is not found
2021-11-02 20:16:14,726 [grpc-default-executor-14] INFO  server.RaftServer$Division (RaftServerImpl.java:checkInconsistentAppendEntries(1288)) - omNode-1@group-523986131536: inconsistency entries. Reply:omNode-3<-omNode-1#5668:FAIL-t10,INCONSISTENCY,nextIndex=11,followerCommit=10
2021-11-02 20:16:14,726 [grpc-default-executor-14] INFO  leader.FollowerInfo (FollowerInfoImpl.java:lambda$new$0(47)) - omNode-3@group-523986131536->omNode-1: nextIndex: updateUnconditionally 30 -> 11
2021-11-02 20:16:15,228 [grpc-default-executor-14] INFO  server.RaftServer$Division (RaftServerImpl.java:checkInconsistentAppendEntries(1322)) - omNode-1@group-523986131536: Failed appendEntries as previous log entry ((t:10, i:29)) is not found
2021-11-02 20:16:15,228 [grpc-default-executor-14] INFO  server.RaftServer$Division (RaftServerImpl.java:checkInconsistentAppendEntries(1288)) - omNode-1@group-523986131536: inconsistency entries. Reply:omNode-3<-omNode-1#5719:FAIL-t10,INCONSISTENCY,nextIndex=11,followerCommit=10
2021-11-02 20:16:15,229 [grpc-default-executor-14] INFO  leader.FollowerInfo (FollowerInfoImpl.java:lambda$new$0(47)) - omNode-3@group-523986131536->omNode-1: nextIndex: updateUnconditionally 30 -> 11
2021-11-02 20:16:15,731 [grpc-default-executor-14] INFO  server.RaftServer$Division (RaftServerImpl.java:checkInconsistentAppendEntries(1322)) - omNode-1@group-523986131536: Failed appendEntries as previous log entry ((t:10, i:29)) is not found
2021-11-02 20:16:15,731 [grpc-default-executor-14] INFO  server.RaftServer$Division (RaftServerImpl.java:checkInconsistentAppendEntries(1288)) - omNode-1@group-523986131536: inconsistency entries. Reply:omNode-3<-omNode-1#5770:FAIL-t10,INCONSISTENCY,nextIndex=11,followerCommit=10
2021-11-02 20:16:15,731 [grpc-default-executor-14] INFO  leader.FollowerInfo (FollowerInfoImpl.java:lambda$new$0(47)) - omNode-3@group-523986131536->omNode-1: nextIndex: updateUnconditionally 30 -> 11
2021-11-02 20:16:16,235 [grpc-default-executor-14] INFO  server.RaftServer$Division (RaftServerImpl.java:checkInconsistentAppendEntries(1322)) - omNode-1@group-523986131536: Failed appendEntries as previous log entry ((t:10, i:29)) is not found
2021-11-02 20:16:16,235 [grpc-default-executor-14] INFO  server.RaftServer$Division (RaftServerImpl.java:checkInconsistentAppendEntries(1288)) - omNode-1@group-523986131536: inconsistency entries. Reply:omNode-3<-omNode-1#5821:FAIL-t10,INCONSISTENCY,nextIndex=11,followerCommit=10
2021-11-02 20:16:16,235 [grpc-default-executor-14] INFO  leader.FollowerInfo (FollowerInfoImpl.java:lambda$new$0(47)) - omNode-3@group-523986131536->omNode-1: nextIndex: updateUnconditionally 30 -> 11
2021-11-02 20:16:16,737 [grpc-default-executor-14] INFO  server.RaftServer$Division (RaftServerImpl.java:checkInconsistentAppendEntries(1322)) - omNode-1@group-523986131536: Failed appendEntries as previous log entry ((t:10, i:29)) is not found
2021-11-02 20:16:16,737 [grpc-default-executor-14] INFO  server.RaftServer$Division (RaftServerImpl.java:checkInconsistentAppendEntries(1288)) - omNode-1@group-523986131536: inconsistency entries. Reply:omNode-3<-omNode-1#5872:FAIL-t10,INCONSISTENCY,nextIndex=11,followerCommit=10
2021-11-02 20:16:16,738 [grpc-default-executor-14] INFO  leader.FollowerInfo (FollowerInfoImpl.java:lambda$new$0(47)) - omNode-3@group-523986131536->omNode-1: nextIndex: updateUnconditionally 30 -> 11
2021-11-02 20:16:17,240 [grpc-default-executor-13] INFO  server.RaftServer$Division (RaftServerImpl.java:checkInconsistentAppendEntries(1322)) - omNode-1@group-523986131536: Failed appendEntries as previous log entry ((t:10, i:29)) is not found
2021-11-02 20:16:17,240 [grpc-default-executor-13] INFO  server.RaftServer$Division (RaftServerImpl.java:checkInconsistentAppendEntries(1288)) - omNode-1@group-523986131536: inconsistency entries. Reply:omNode-3<-omNode-1#5923:FAIL-t10,INCONSISTENCY,nextIndex=11,followerCommit=10
2021-11-02 20:16:17,240 [grpc-default-executor-13] INFO  leader.FollowerInfo (FollowerInfoImpl.java:lambda$new$0(47)) - omNode-3@group-523986131536->omNode-1: nextIndex: updateUnconditionally 30 -> 11
2021-11-02 20:16:17,742 [grpc-default-executor-13] INFO  server.RaftServer$Division (RaftServerImpl.java:checkInconsistentAppendEntries(1322)) - omNode-1@group-523986131536: Failed appendEntries as previous log entry ((t:10, i:29)) is not found
2021-11-02 20:16:17,742 [grpc-default-executor-13] INFO  server.RaftServer$Division (RaftServerImpl.java:checkInconsistentAppendEntries(1288)) - omNode-1@group-523986131536: inconsistency entries. Reply:omNode-3<-omNode-1#5974:FAIL-t10,INCONSISTENCY,nextIndex=11,followerCommit=10
2021-11-02 20:16:17,743 [grpc-default-executor-13] INFO  leader.FollowerInfo (FollowerInfoImpl.java:lambda$new$0(47)) - omNode-3@group-523986131536->omNode-1: nextIndex: updateUnconditionally 30 -> 11
2021-11-02 20:16:18,245 [grpc-default-executor-13] INFO  server.RaftServer$Division (RaftServerImpl.java:checkInconsistentAppendEntries(1322)) - omNode-1@group-523986131536: Failed appendEntries as previous log entry ((t:10, i:29)) is not found
2021-11-02 20:16:18,245 [grpc-default-executor-13] INFO  server.RaftServer$Division (RaftServerImpl.java:checkInconsistentAppendEntries(1288)) - omNode-1@group-523986131536: inconsistency entries. Reply:omNode-3<-omNode-1#6025:FAIL-t10,INCONSISTENCY,nextIndex=11,followerCommit=10
2021-11-02 20:16:18,245 [grpc-default-executor-14] INFO  leader.FollowerInfo (FollowerInfoImpl.java:lambda$new$0(47)) - omNode-3@group-523986131536->omNode-1: nextIndex: updateUnconditionally 30 -> 11
2021-11-02 20:16:18,747 [grpc-default-executor-14] INFO  server.RaftServer$Division (RaftServerImpl.java:checkInconsistentAppendEntries(1322)) - omNode-1@group-523986131536: Failed appendEntries as previous log entry ((t:10, i:29)) is not found
2021-11-02 20:16:18,747 [grpc-default-executor-14] INFO  server.RaftServer$Division (RaftServerImpl.java:checkInconsistentAppendEntries(1288)) - omNode-1@group-523986131536: inconsistency entries. Reply:omNode-3<-omNode-1#6076:FAIL-t10,INCONSISTENCY,nextIndex=11,followerCommit=10
2021-11-02 20:16:18,748 [grpc-default-executor-14] INFO  leader.FollowerInfo (FollowerInfoImpl.java:lambda$new$0(47)) - omNode-3@group-523986131536->omNode-1: nextIndex: updateUnconditionally 30 -> 11
2021-11-02 20:16:19,250 [grpc-default-executor-13] INFO  server.RaftServer$Division (RaftServerImpl.java:checkInconsistentAppendEntries(1322)) - omNode-1@group-523986131536: Failed appendEntries as previous log entry ((t:10, i:29)) is not found
2021-11-02 20:16:19,250 [grpc-default-executor-13] INFO  server.RaftServer$Division (RaftServerImpl.java:checkInconsistentAppendEntries(1288)) - omNode-1@group-523986131536: inconsistency entries. Reply:omNode-3<-omNode-1#6127:FAIL-t10,INCONSISTENCY,nextIndex=11,followerCommit=10
2021-11-02 20:16:19,251 [grpc-default-executor-13] INFO  leader.FollowerInfo (FollowerInfoImpl.java:lambda$new$0(47)) - omNode-3@group-523986131536->omNode-1: nextIndex: updateUnconditionally 30 -> 11
2021-11-02 20:16:19,752 [grpc-default-executor-13] INFO  server.RaftServer$Division (RaftServerImpl.java:checkInconsistentAppendEntries(1322)) - omNode-1@group-523986131536: Failed appendEntries as previous log entry ((t:10, i:29)) is not found
2021-11-02 20:16:19,753 [grpc-default-executor-13] INFO  server.RaftServer$Division (RaftServerImpl.java:checkInconsistentAppendEntries(1288)) - omNode-1@group-523986131536: inconsistency entries. Reply:omNode-3<-omNode-1#6178:FAIL-t10,INCONSISTENCY,nextIndex=11,followerCommit=10
2021-11-02 20:16:19,753 [grpc-default-executor-13] INFO  leader.FollowerInfo (FollowerInfoImpl.java:lambda$new$0(47)) - omNode-3@group-523986131536->omNode-1: nextIndex: updateUnconditionally 30 -> 11
2021-11-02 20:16:20,258 [grpc-default-executor-13] INFO  server.RaftServer$Division (RaftServerImpl.java:checkInconsistentAppendEntries(1322)) - omNode-1@group-523986131536: Failed appendEntries as previous log entry ((t:10, i:29)) is not found
2021-11-02 20:16:20,258 [grpc-default-executor-13] INFO  server.RaftServer$Division (RaftServerImpl.java:checkInconsistentAppendEntries(1288)) - omNode-1@group-523986131536: inconsistency entries. Reply:omNode-3<-omNode-1#6229:FAIL-t10,INCONSISTENCY,nextIndex=11,followerCommit=10
2021-11-02 20:16:20,259 [grpc-default-executor-13] INFO  leader.FollowerInfo (FollowerInfoImpl.java:lambda$new$0(47)) - omNode-3@group-523986131536->omNode-1: nextIndex: updateUnconditionally 30 -> 11
2021-11-02 20:16:20,760 [grpc-default-executor-13] INFO  server.RaftServer$Division (RaftServerImpl.java:checkInconsistentAppendEntries(1322)) - omNode-1@group-523986131536: Failed appendEntries as previous log entry ((t:10, i:29)) is not found
2021-11-02 20:16:20,760 [grpc-default-executor-13] INFO  server.RaftServer$Division (RaftServerImpl.java:checkInconsistentAppendEntries(1288)) - omNode-1@group-523986131536: inconsistency entries. Reply:omNode-3<-omNode-1#6280:FAIL-t10,INCONSISTENCY,nextIndex=11,followerCommit=10
2021-11-02 20:16:20,761 [grpc-default-executor-13] INFO  leader.FollowerInfo (FollowerInfoImpl.java:lambda$new$0(47)) - omNode-3@group-523986131536->omNode-1: nextIndex: updateUnconditionally 30 -> 11
2021-11-02 20:16:21,263 [grpc-default-executor-13] INFO  server.RaftServer$Division (RaftServerImpl.java:checkInconsistentAppendEntries(1322)) - omNode-1@group-523986131536: Failed appendEntries as previous log entry ((t:10, i:29)) is not found
2021-11-02 20:16:21,263 [grpc-default-executor-13] INFO  server.RaftServer$Division (RaftServerImpl.java:checkInconsistentAppendEntries(1288)) - omNode-1@group-523986131536: inconsistency entries. Reply:omNode-3<-omNode-1#6331:FAIL-t10,INCONSISTENCY,nextIndex=11,followerCommit=10
2021-11-02 20:16:21,263 [grpc-default-executor-13] INFO  leader.FollowerInfo (FollowerInfoImpl.java:lambda$new$0(47)) - omNode-3@group-523986131536->omNode-1: nextIndex: updateUnconditionally 30 -> 11
2021-11-02 20:16:21,765 [grpc-default-executor-13] INFO  server.RaftServer$Division (RaftServerImpl.java:checkInconsistentAppendEntries(1322)) - omNode-1@group-523986131536: Failed appendEntries as previous log entry ((t:10, i:29)) is not found
2021-11-02 20:16:21,765 [grpc-default-executor-13] INFO  server.RaftServer$Division (RaftServerImpl.java:checkInconsistentAppendEntries(1288)) - omNode-1@group-523986131536: inconsistency entries. Reply:omNode-3<-omNode-1#6382:FAIL-t10,INCONSISTENCY,nextIndex=11,followerCommit=10
2021-11-02 20:16:21,766 [grpc-default-executor-13] INFO  leader.FollowerInfo (FollowerInfoImpl.java:lambda$new$0(47)) - omNode-3@group-523986131536->omNode-1: nextIndex: updateUnconditionally 30 -> 11
2021-11-02 20:16:22,267 [grpc-default-executor-14] INFO  server.RaftServer$Division (RaftServerImpl.java:checkInconsistentAppendEntries(1322)) - omNode-1@group-523986131536: Failed appendEntries as previous log entry ((t:10, i:29)) is not found
2021-11-02 20:16:22,267 [grpc-default-executor-14] INFO  server.RaftServer$Division (RaftServerImpl.java:checkInconsistentAppendEntries(1288)) - omNode-1@group-523986131536: inconsistency entries. Reply:omNode-3<-omNode-1#6433:FAIL-t10,INCONSISTENCY,nextIndex=11,followerCommit=10
2021-11-02 20:16:22,268 [grpc-default-executor-14] INFO  leader.FollowerInfo (FollowerInfoImpl.java:lambda$new$0(47)) - omNode-3@group-523986131536->omNode-1: nextIndex: updateUnconditionally 30 -> 11
2021-11-02 20:16:22,769 [grpc-default-executor-14] INFO  server.RaftServer$Division (RaftServerImpl.java:checkInconsistentAppendEntries(1322)) - omNode-1@group-523986131536: Failed appendEntries as previous log entry ((t:10, i:29)) is not found
2021-11-02 20:16:22,770 [grpc-default-executor-14] INFO  server.RaftServer$Division (RaftServerImpl.java:checkInconsistentAppendEntries(1288)) - omNode-1@group-523986131536: inconsistency entries. Reply:omNode-3<-omNode-1#6484:FAIL-t10,INCONSISTENCY,nextIndex=11,followerCommit=10
2021-11-02 20:16:22,770 [grpc-default-executor-14] INFO  leader.FollowerInfo (FollowerInfoImpl.java:lambda$new$0(47)) - omNode-3@group-523986131536->omNode-1: nextIndex: updateUnconditionally 30 -> 11
2021-11-02 20:16:23,272 [grpc-default-executor-14] INFO  server.RaftServer$Division (RaftServerImpl.java:checkInconsistentAppendEntries(1322)) - omNode-1@group-523986131536: Failed appendEntries as previous log entry ((t:10, i:29)) is not found
2021-11-02 20:16:23,273 [grpc-default-executor-14] INFO  server.RaftServer$Division (RaftServerImpl.java:checkInconsistentAppendEntries(1288)) - omNode-1@group-523986131536: inconsistency entries. Reply:omNode-3<-omNode-1#6535:FAIL-t10,INCONSISTENCY,nextIndex=11,followerCommit=10
2021-11-02 20:16:23,273 [grpc-default-executor-14] INFO  leader.FollowerInfo (FollowerInfoImpl.java:lambda$new$0(47)) - omNode-3@group-523986131536->omNode-1: nextIndex: updateUnconditionally 30 -> 11
2021-11-02 20:16:23,775 [grpc-default-executor-14] INFO  server.RaftServer$Division (RaftServerImpl.java:checkInconsistentAppendEntries(1322)) - omNode-1@group-523986131536: Failed appendEntries as previous log entry ((t:10, i:29)) is not found
2021-11-02 20:16:23,775 [grpc-default-executor-14] INFO  server.RaftServer$Division (RaftServerImpl.java:checkInconsistentAppendEntries(1288)) - omNode-1@group-523986131536: inconsistency entries. Reply:omNode-3<-omNode-1#6586:FAIL-t10,INCONSISTENCY,nextIndex=11,followerCommit=10
2021-11-02 20:16:23,775 [grpc-default-executor-14] INFO  leader.FollowerInfo (FollowerInfoImpl.java:lambda$new$0(47)) - omNode-3@group-523986131536->omNode-1: nextIndex: updateUnconditionally 30 -> 11
2021-11-02 20:16:24,277 [grpc-default-executor-13] INFO  server.RaftServer$Division (RaftServerImpl.java:checkInconsistentAppendEntries(1322)) - omNode-1@group-523986131536: Failed appendEntries as previous log entry ((t:10, i:29)) is not found
2021-11-02 20:16:24,278 [grpc-default-executor-13] INFO  server.RaftServer$Division (RaftServerImpl.java:checkInconsistentAppendEntries(1288)) - omNode-1@group-523986131536: inconsistency entries. Reply:omNode-3<-omNode-1#6637:FAIL-t10,INCONSISTENCY,nextIndex=11,followerCommit=10
2021-11-02 20:16:24,278 [grpc-default-executor-13] INFO  leader.FollowerInfo (FollowerInfoImpl.java:lambda$new$0(47)) - omNode-3@group-523986131536->omNode-1: nextIndex: updateUnconditionally 30 -> 11
2021-11-02 20:16:24,780 [grpc-default-executor-14] INFO  server.RaftServer$Division (RaftServerImpl.java:checkInconsistentAppendEntries(1322)) - omNode-1@group-523986131536: Failed appendEntries as previous log entry ((t:10, i:29)) is not found
2021-11-02 20:16:24,780 [grpc-default-executor-14] INFO  server.RaftServer$Division (RaftServerImpl.java:checkInconsistentAppendEntries(1288)) - omNode-1@group-523986131536: inconsistency entries. Reply:omNode-3<-omNode-1#6688:FAIL-t10,INCONSISTENCY,nextIndex=11,followerCommit=10
2021-11-02 20:16:24,780 [grpc-default-executor-14] INFO  leader.FollowerInfo (FollowerInfoImpl.java:lambda$new$0(47)) - omNode-3@group-523986131536->omNode-1: nextIndex: updateUnconditionally 30 -> 11
2021-11-02 20:16:25,283 [grpc-default-executor-14] INFO  server.RaftServer$Division (RaftServerImpl.java:checkInconsistentAppendEntries(1322)) - omNode-1@group-523986131536: Failed appendEntries as previous log entry ((t:10, i:29)) is not found
2021-11-02 20:16:25,283 [grpc-default-executor-14] INFO  server.RaftServer$Division (RaftServerImpl.java:checkInconsistentAppendEntries(1288)) - omNode-1@group-523986131536: inconsistency entries. Reply:omNode-3<-omNode-1#6739:FAIL-t10,INCONSISTENCY,nextIndex=11,followerCommit=10
2021-11-02 20:16:25,283 [grpc-default-executor-14] INFO  leader.FollowerInfo (FollowerInfoImpl.java:lambda$new$0(47)) - omNode-3@group-523986131536->omNode-1: nextIndex: updateUnconditionally 30 -> 11
2021-11-02 20:16:25,785 [grpc-default-executor-14] INFO  server.RaftServer$Division (RaftServerImpl.java:checkInconsistentAppendEntries(1322)) - omNode-1@group-523986131536: Failed appendEntries as previous log entry ((t:10, i:29)) is not found
2021-11-02 20:16:25,786 [grpc-default-executor-14] INFO  server.RaftServer$Division (RaftServerImpl.java:checkInconsistentAppendEntries(1288)) - omNode-1@group-523986131536: inconsistency entries. Reply:omNode-3<-omNode-1#6790:FAIL-t10,INCONSISTENCY,nextIndex=11,followerCommit=10
2021-11-02 20:16:25,786 [grpc-default-executor-14] INFO  leader.FollowerInfo (FollowerInfoImpl.java:lambda$new$0(47)) - omNode-3@group-523986131536->omNode-1: nextIndex: updateUnconditionally 30 -> 11
2021-11-02 20:16:26,288 [grpc-default-executor-14] INFO  server.RaftServer$Division (RaftServerImpl.java:checkInconsistentAppendEntries(1322)) - omNode-1@group-523986131536: Failed appendEntries as previous log entry ((t:10, i:29)) is not found
2021-11-02 20:16:26,288 [grpc-default-executor-14] INFO  server.RaftServer$Division (RaftServerImpl.java:checkInconsistentAppendEntries(1288)) - omNode-1@group-523986131536: inconsistency entries. Reply:omNode-3<-omNode-1#6841:FAIL-t10,INCONSISTENCY,nextIndex=11,followerCommit=10
2021-11-02 20:16:26,288 [grpc-default-executor-14] INFO  leader.FollowerInfo (FollowerInfoImpl.java:lambda$new$0(47)) - omNode-3@group-523986131536->omNode-1: nextIndex: updateUnconditionally 30 -> 11
2021-11-02 20:16:26,790 [grpc-default-executor-14] INFO  server.RaftServer$Division (RaftServerImpl.java:checkInconsistentAppendEntries(1322)) - omNode-1@group-523986131536: Failed appendEntries as previous log entry ((t:10, i:29)) is not found
2021-11-02 20:16:26,790 [grpc-default-executor-14] INFO  server.RaftServer$Division (RaftServerImpl.java:checkInconsistentAppendEntries(1288)) - omNode-1@group-523986131536: inconsistency entries. Reply:omNode-3<-omNode-1#6892:FAIL-t10,INCONSISTENCY,nextIndex=11,followerCommit=10
2021-11-02 20:16:26,791 [grpc-default-executor-14] INFO  leader.FollowerInfo (FollowerInfoImpl.java:lambda$new$0(47)) - omNode-3@group-523986131536->omNode-1: nextIndex: updateUnconditionally 30 -> 11
2021-11-02 20:16:27,292 [grpc-default-executor-14] INFO  server.RaftServer$Division (RaftServerImpl.java:checkInconsistentAppendEntries(1322)) - omNode-1@group-523986131536: Failed appendEntries as previous log entry ((t:10, i:29)) is not found
2021-11-02 20:16:27,292 [grpc-default-executor-14] INFO  server.RaftServer$Division (RaftServerImpl.java:checkInconsistentAppendEntries(1288)) - omNode-1@group-523986131536: inconsistency entries. Reply:omNode-3<-omNode-1#6943:FAIL-t10,INCONSISTENCY,nextIndex=11,followerCommit=10
2021-11-02 20:16:27,293 [grpc-default-executor-14] INFO  leader.FollowerInfo (FollowerInfoImpl.java:lambda$new$0(47)) - omNode-3@group-523986131536->omNode-1: nextIndex: updateUnconditionally 30 -> 11
2021-11-02 20:16:27,794 [grpc-default-executor-14] INFO  server.RaftServer$Division (RaftServerImpl.java:checkInconsistentAppendEntries(1322)) - omNode-1@group-523986131536: Failed appendEntries as previous log entry ((t:10, i:29)) is not found
2021-11-02 20:16:27,794 [grpc-default-executor-14] INFO  server.RaftServer$Division (RaftServerImpl.java:checkInconsistentAppendEntries(1288)) - omNode-1@group-523986131536: inconsistency entries. Reply:omNode-3<-omNode-1#6994:FAIL-t10,INCONSISTENCY,nextIndex=11,followerCommit=10
2021-11-02 20:16:27,795 [grpc-default-executor-14] INFO  leader.FollowerInfo (FollowerInfoImpl.java:lambda$new$0(47)) - omNode-3@group-523986131536->omNode-1: nextIndex: updateUnconditionally 30 -> 11
2021-11-02 20:16:28,296 [grpc-default-executor-14] INFO  server.RaftServer$Division (RaftServerImpl.java:checkInconsistentAppendEntries(1322)) - omNode-1@group-523986131536: Failed appendEntries as previous log entry ((t:10, i:29)) is not found
2021-11-02 20:16:28,297 [grpc-default-executor-14] INFO  server.RaftServer$Division (RaftServerImpl.java:checkInconsistentAppendEntries(1288)) - omNode-1@group-523986131536: inconsistency entries. Reply:omNode-3<-omNode-1#7045:FAIL-t10,INCONSISTENCY,nextIndex=11,followerCommit=10
2021-11-02 20:16:28,297 [grpc-default-executor-14] INFO  leader.FollowerInfo (FollowerInfoImpl.java:lambda$new$0(47)) - omNode-3@group-523986131536->omNode-1: nextIndex: updateUnconditionally 30 -> 11
2021-11-02 20:16:28,799 [grpc-default-executor-14] INFO  server.RaftServer$Division (RaftServerImpl.java:checkInconsistentAppendEntries(1322)) - omNode-1@group-523986131536: Failed appendEntries as previous log entry ((t:10, i:29)) is not found
2021-11-02 20:16:28,799 [grpc-default-executor-14] INFO  server.RaftServer$Division (RaftServerImpl.java:checkInconsistentAppendEntries(1288)) - omNode-1@group-523986131536: inconsistency entries. Reply:omNode-3<-omNode-1#7096:FAIL-t10,INCONSISTENCY,nextIndex=11,followerCommit=10
2021-11-02 20:16:28,799 [grpc-default-executor-14] INFO  leader.FollowerInfo (FollowerInfoImpl.java:lambda$new$0(47)) - omNode-3@group-523986131536->omNode-1: nextIndex: updateUnconditionally 30 -> 11
2021-11-02 20:16:29,302 [grpc-default-executor-14] INFO  server.RaftServer$Division (RaftServerImpl.java:checkInconsistentAppendEntries(1322)) - omNode-1@group-523986131536: Failed appendEntries as previous log entry ((t:10, i:29)) is not found
2021-11-02 20:16:29,302 [grpc-default-executor-14] INFO  server.RaftServer$Division (RaftServerImpl.java:checkInconsistentAppendEntries(1288)) - omNode-1@group-523986131536: inconsistency entries. Reply:omNode-3<-omNode-1#7147:FAIL-t10,INCONSISTENCY,nextIndex=11,followerCommit=10
2021-11-02 20:16:29,302 [grpc-default-executor-14] INFO  leader.FollowerInfo (FollowerInfoImpl.java:lambda$new$0(47)) - omNode-3@group-523986131536->omNode-1: nextIndex: updateUnconditionally 30 -> 11
2021-11-02 20:16:29,804 [grpc-default-executor-14] INFO  server.RaftServer$Division (RaftServerImpl.java:checkInconsistentAppendEntries(1322)) - omNode-1@group-523986131536: Failed appendEntries as previous log entry ((t:10, i:29)) is not found
2021-11-02 20:16:29,804 [grpc-default-executor-14] INFO  server.RaftServer$Division (RaftServerImpl.java:checkInconsistentAppendEntries(1288)) - omNode-1@group-523986131536: inconsistency entries. Reply:omNode-3<-omNode-1#7198:FAIL-t10,INCONSISTENCY,nextIndex=11,followerCommit=10
2021-11-02 20:16:29,805 [grpc-default-executor-14] INFO  leader.FollowerInfo (FollowerInfoImpl.java:lambda$new$0(47)) - omNode-3@group-523986131536->omNode-1: nextIndex: updateUnconditionally 30 -> 11
2021-11-02 20:16:30,306 [grpc-default-executor-14] INFO  server.RaftServer$Division (RaftServerImpl.java:checkInconsistentAppendEntries(1322)) - omNode-1@group-523986131536: Failed appendEntries as previous log entry ((t:10, i:29)) is not found
2021-11-02 20:16:30,307 [grpc-default-executor-14] INFO  server.RaftServer$Division (RaftServerImpl.java:checkInconsistentAppendEntries(1288)) - omNode-1@group-523986131536: inconsistency entries. Reply:omNode-3<-omNode-1#7249:FAIL-t10,INCONSISTENCY,nextIndex=11,followerCommit=10
2021-11-02 20:16:30,307 [grpc-default-executor-14] INFO  leader.FollowerInfo (FollowerInfoImpl.java:lambda$new$0(47)) - omNode-3@group-523986131536->omNode-1: nextIndex: updateUnconditionally 30 -> 11
2021-11-02 20:16:30,808 [grpc-default-executor-14] INFO  server.RaftServer$Division (RaftServerImpl.java:checkInconsistentAppendEntries(1322)) - omNode-1@group-523986131536: Failed appendEntries as previous log entry ((t:10, i:29)) is not found
2021-11-02 20:16:30,808 [grpc-default-executor-14] INFO  server.RaftServer$Division (RaftServerImpl.java:checkInconsistentAppendEntries(1288)) - omNode-1@group-523986131536: inconsistency entries. Reply:omNode-3<-omNode-1#7300:FAIL-t10,INCONSISTENCY,nextIndex=11,followerCommit=10
2021-11-02 20:16:30,809 [grpc-default-executor-14] INFO  leader.FollowerInfo (FollowerInfoImpl.java:lambda$new$0(47)) - omNode-3@group-523986131536->omNode-1: nextIndex: updateUnconditionally 30 -> 11
2021-11-02 20:16:31,311 [grpc-default-executor-14] INFO  server.RaftServer$Division (RaftServerImpl.java:checkInconsistentAppendEntries(1322)) - omNode-1@group-523986131536: Failed appendEntries as previous log entry ((t:10, i:29)) is not found
2021-11-02 20:16:31,311 [grpc-default-executor-14] INFO  server.RaftServer$Division (RaftServerImpl.java:checkInconsistentAppendEntries(1288)) - omNode-1@group-523986131536: inconsistency entries. Reply:omNode-3<-omNode-1#7351:FAIL-t10,INCONSISTENCY,nextIndex=11,followerCommit=10
2021-11-02 20:16:31,311 [grpc-default-executor-14] INFO  leader.FollowerInfo (FollowerInfoImpl.java:lambda$new$0(47)) - omNode-3@group-523986131536->omNode-1: nextIndex: updateUnconditionally 30 -> 11
2021-11-02 20:16:31,813 [grpc-default-executor-14] INFO  server.RaftServer$Division (RaftServerImpl.java:checkInconsistentAppendEntries(1322)) - omNode-1@group-523986131536: Failed appendEntries as previous log entry ((t:10, i:29)) is not found
2021-11-02 20:16:31,814 [grpc-default-executor-14] INFO  server.RaftServer$Division (RaftServerImpl.java:checkInconsistentAppendEntries(1288)) - omNode-1@group-523986131536: inconsistency entries. Reply:omNode-3<-omNode-1#7402:FAIL-t10,INCONSISTENCY,nextIndex=11,followerCommit=10
2021-11-02 20:16:31,814 [grpc-default-executor-14] INFO  leader.FollowerInfo (FollowerInfoImpl.java:lambda$new$0(47)) - omNode-3@group-523986131536->omNode-1: nextIndex: updateUnconditionally 30 -> 11
2021-11-02 20:16:32,315 [grpc-default-executor-14] INFO  server.RaftServer$Division (RaftServerImpl.java:checkInconsistentAppendEntries(1322)) - omNode-1@group-523986131536: Failed appendEntries as previous log entry ((t:10, i:29)) is not found
2021-11-02 20:16:32,316 [grpc-default-executor-14] INFO  server.RaftServer$Division (RaftServerImpl.java:checkInconsistentAppendEntries(1288)) - omNode-1@group-523986131536: inconsistency entries. Reply:omNode-3<-omNode-1#7453:FAIL-t10,INCONSISTENCY,nextIndex=11,followerCommit=10
2021-11-02 20:16:32,316 [grpc-default-executor-14] INFO  leader.FollowerInfo (FollowerInfoImpl.java:lambda$new$0(47)) - omNode-3@group-523986131536->omNode-1: nextIndex: updateUnconditionally 30 -> 11
2021-11-02 20:16:32,819 [grpc-default-executor-14] INFO  server.RaftServer$Division (RaftServerImpl.java:checkInconsistentAppendEntries(1322)) - omNode-1@group-523986131536: Failed appendEntries as previous log entry ((t:10, i:29)) is not found
2021-11-02 20:16:32,819 [grpc-default-executor-14] INFO  server.RaftServer$Division (RaftServerImpl.java:checkInconsistentAppendEntries(1288)) - omNode-1@group-523986131536: inconsistency entries. Reply:omNode-3<-omNode-1#7504:FAIL-t10,INCONSISTENCY,nextIndex=11,followerCommit=10
2021-11-02 20:16:32,819 [grpc-default-executor-14] INFO  leader.FollowerInfo (FollowerInfoImpl.java:lambda$new$0(47)) - omNode-3@group-523986131536->omNode-1: nextIndex: updateUnconditionally 30 -> 11
2021-11-02 20:16:33,321 [grpc-default-executor-14] INFO  server.RaftServer$Division (RaftServerImpl.java:checkInconsistentAppendEntries(1322)) - omNode-1@group-523986131536: Failed appendEntries as previous log entry ((t:10, i:29)) is not found
2021-11-02 20:16:33,321 [grpc-default-executor-14] INFO  server.RaftServer$Division (RaftServerImpl.java:checkInconsistentAppendEntries(1288)) - omNode-1@group-523986131536: inconsistency entries. Reply:omNode-3<-omNode-1#7555:FAIL-t10,INCONSISTENCY,nextIndex=11,followerCommit=10
2021-11-02 20:16:33,322 [grpc-default-executor-14] INFO  leader.FollowerInfo (FollowerInfoImpl.java:lambda$new$0(47)) - omNode-3@group-523986131536->omNode-1: nextIndex: updateUnconditionally 30 -> 11
2021-11-02 20:16:33,823 [grpc-default-executor-14] INFO  server.RaftServer$Division (RaftServerImpl.java:checkInconsistentAppendEntries(1322)) - omNode-1@group-523986131536: Failed appendEntries as previous log entry ((t:10, i:29)) is not found
2021-11-02 20:16:33,824 [grpc-default-executor-14] INFO  server.RaftServer$Division (RaftServerImpl.java:checkInconsistentAppendEntries(1288)) - omNode-1@group-523986131536: inconsistency entries. Reply:omNode-3<-omNode-1#7606:FAIL-t10,INCONSISTENCY,nextIndex=11,followerCommit=10
2021-11-02 20:16:33,824 [grpc-default-executor-14] INFO  leader.FollowerInfo (FollowerInfoImpl.java:lambda$new$0(47)) - omNode-3@group-523986131536->omNode-1: nextIndex: updateUnconditionally 30 -> 11
2021-11-02 20:16:34,325 [grpc-default-executor-13] INFO  server.RaftServer$Division (RaftServerImpl.java:checkInconsistentAppendEntries(1322)) - omNode-1@group-523986131536: Failed appendEntries as previous log entry ((t:10, i:29)) is not found
2021-11-02 20:16:34,326 [grpc-default-executor-13] INFO  server.RaftServer$Division (RaftServerImpl.java:checkInconsistentAppendEntries(1288)) - omNode-1@group-523986131536: inconsistency entries. Reply:omNode-3<-omNode-1#7657:FAIL-t10,INCONSISTENCY,nextIndex=11,followerCommit=10
2021-11-02 20:16:34,326 [grpc-default-executor-13] INFO  leader.FollowerInfo (FollowerInfoImpl.java:lambda$new$0(47)) - omNode-3@group-523986131536->omNode-1: nextIndex: updateUnconditionally 30 -> 11
2021-11-02 20:16:34,828 [grpc-default-executor-14] INFO  server.RaftServer$Division (RaftServerImpl.java:checkInconsistentAppendEntries(1322)) - omNode-1@group-523986131536: Failed appendEntries as previous log entry ((t:10, i:29)) is not found
2021-11-02 20:16:34,828 [grpc-default-executor-14] INFO  server.RaftServer$Division (RaftServerImpl.java:checkInconsistentAppendEntries(1288)) - omNode-1@group-523986131536: inconsistency entries. Reply:omNode-3<-omNode-1#7708:FAIL-t10,INCONSISTENCY,nextIndex=11,followerCommit=10
2021-11-02 20:16:34,828 [grpc-default-executor-14] INFO  leader.FollowerInfo (FollowerInfoImpl.java:lambda$new$0(47)) - omNode-3@group-523986131536->omNode-1: nextIndex: updateUnconditionally 30 -> 11
2021-11-02 20:16:35,330 [grpc-default-executor-14] INFO  server.RaftServer$Division (RaftServerImpl.java:checkInconsistentAppendEntries(1322)) - omNode-1@group-523986131536: Failed appendEntries as previous log entry ((t:10, i:29)) is not found
2021-11-02 20:16:35,330 [grpc-default-executor-14] INFO  server.RaftServer$Division (RaftServerImpl.java:checkInconsistentAppendEntries(1288)) - omNode-1@group-523986131536: inconsistency entries. Reply:omNode-3<-omNode-1#7759:FAIL-t10,INCONSISTENCY,nextIndex=11,followerCommit=10
2021-11-02 20:16:35,330 [grpc-default-executor-14] INFO  leader.FollowerInfo (FollowerInfoImpl.java:lambda$new$0(47)) - omNode-3@group-523986131536->omNode-1: nextIndex: updateUnconditionally 30 -> 11
2021-11-02 20:16:35,831 [grpc-default-executor-14] INFO  server.RaftServer$Division (RaftServerImpl.java:checkInconsistentAppendEntries(1322)) - omNode-1@group-523986131536: Failed appendEntries as previous log entry ((t:10, i:29)) is not found
2021-11-02 20:16:35,832 [grpc-default-executor-14] INFO  server.RaftServer$Division (RaftServerImpl.java:checkInconsistentAppendEntries(1288)) - omNode-1@group-523986131536: inconsistency entries. Reply:omNode-3<-omNode-1#7810:FAIL-t10,INCONSISTENCY,nextIndex=11,followerCommit=10
2021-11-02 20:16:35,832 [grpc-default-executor-14] INFO  leader.FollowerInfo (FollowerInfoImpl.java:lambda$new$0(47)) - omNode-3@group-523986131536->omNode-1: nextIndex: updateUnconditionally 30 -> 11
2021-11-02 20:16:36,334 [grpc-default-executor-14] INFO  server.RaftServer$Division (RaftServerImpl.java:checkInconsistentAppendEntries(1322)) - omNode-1@group-523986131536: Failed appendEntries as previous log entry ((t:10, i:29)) is not found
2021-11-02 20:16:36,334 [grpc-default-executor-14] INFO  server.RaftServer$Division (RaftServerImpl.java:checkInconsistentAppendEntries(1288)) - omNode-1@group-523986131536: inconsistency entries. Reply:omNode-3<-omNode-1#7861:FAIL-t10,INCONSISTENCY,nextIndex=11,followerCommit=10
2021-11-02 20:16:36,334 [grpc-default-executor-14] INFO  leader.FollowerInfo (FollowerInfoImpl.java:lambda$new$0(47)) - omNode-3@group-523986131536->omNode-1: nextIndex: updateUnconditionally 30 -> 11
2021-11-02 20:16:36,836 [grpc-default-executor-13] INFO  server.RaftServer$Division (RaftServerImpl.java:checkInconsistentAppendEntries(1322)) - omNode-1@group-523986131536: Failed appendEntries as previous log entry ((t:10, i:29)) is not found
2021-11-02 20:16:36,837 [grpc-default-executor-13] INFO  server.RaftServer$Division (RaftServerImpl.java:checkInconsistentAppendEntries(1288)) - omNode-1@group-523986131536: inconsistency entries. Reply:omNode-3<-omNode-1#7912:FAIL-t10,INCONSISTENCY,nextIndex=11,followerCommit=10
2021-11-02 20:16:36,837 [grpc-default-executor-13] INFO  leader.FollowerInfo (FollowerInfoImpl.java:lambda$new$0(47)) - omNode-3@group-523986131536->omNode-1: nextIndex: updateUnconditionally 30 -> 11
2021-11-02 20:16:37,339 [grpc-default-executor-14] INFO  server.RaftServer$Division (RaftServerImpl.java:checkInconsistentAppendEntries(1322)) - omNode-1@group-523986131536: Failed appendEntries as previous log entry ((t:10, i:29)) is not found
2021-11-02 20:16:37,340 [grpc-default-executor-14] INFO  server.RaftServer$Division (RaftServerImpl.java:checkInconsistentAppendEntries(1288)) - omNode-1@group-523986131536: inconsistency entries. Reply:omNode-3<-omNode-1#7963:FAIL-t10,INCONSISTENCY,nextIndex=11,followerCommit=10
2021-11-02 20:16:37,340 [grpc-default-executor-14] INFO  leader.FollowerInfo (FollowerInfoImpl.java:lambda$new$0(47)) - omNode-3@group-523986131536->omNode-1: nextIndex: updateUnconditionally 30 -> 11
2021-11-02 20:16:37,842 [grpc-default-executor-14] INFO  server.RaftServer$Division (RaftServerImpl.java:checkInconsistentAppendEntries(1322)) - omNode-1@group-523986131536: Failed appendEntries as previous log entry ((t:10, i:29)) is not found
2021-11-02 20:16:37,842 [grpc-default-executor-14] INFO  server.RaftServer$Division (RaftServerImpl.java:checkInconsistentAppendEntries(1288)) - omNode-1@group-523986131536: inconsistency entries. Reply:omNode-3<-omNode-1#8014:FAIL-t10,INCONSISTENCY,nextIndex=11,followerCommit=10
2021-11-02 20:16:37,843 [grpc-default-executor-14] INFO  leader.FollowerInfo (FollowerInfoImpl.java:lambda$new$0(47)) - omNode-3@group-523986131536->omNode-1: nextIndex: updateUnconditionally 30 -> 11
2021-11-02 20:16:38,344 [grpc-default-executor-14] INFO  server.RaftServer$Division (RaftServerImpl.java:checkInconsistentAppendEntries(1322)) - omNode-1@group-523986131536: Failed appendEntries as previous log entry ((t:10, i:29)) is not found
2021-11-02 20:16:38,345 [grpc-default-executor-14] INFO  server.RaftServer$Division (RaftServerImpl.java:checkInconsistentAppendEntries(1288)) - omNode-1@group-523986131536: inconsistency entries. Reply:omNode-3<-omNode-1#8065:FAIL-t10,INCONSISTENCY,nextIndex=11,followerCommit=10
2021-11-02 20:16:38,345 [grpc-default-executor-14] INFO  leader.FollowerInfo (FollowerInfoImpl.java:lambda$new$0(47)) - omNode-3@group-523986131536->omNode-1: nextIndex: updateUnconditionally 30 -> 11
2021-11-02 20:16:38,847 [grpc-default-executor-14] INFO  server.RaftServer$Division (RaftServerImpl.java:checkInconsistentAppendEntries(1322)) - omNode-1@group-523986131536: Failed appendEntries as previous log entry ((t:10, i:29)) is not found
2021-11-02 20:16:38,848 [grpc-default-executor-14] INFO  server.RaftServer$Division (RaftServerImpl.java:checkInconsistentAppendEntries(1288)) - omNode-1@group-523986131536: inconsistency entries. Reply:omNode-3<-omNode-1#8116:FAIL-t10,INCONSISTENCY,nextIndex=11,followerCommit=10
2021-11-02 20:16:38,848 [grpc-default-executor-14] INFO  leader.FollowerInfo (FollowerInfoImpl.java:lambda$new$0(47)) - omNode-3@group-523986131536->omNode-1: nextIndex: updateUnconditionally 30 -> 11
2021-11-02 20:16:39,350 [grpc-default-executor-13] INFO  server.RaftServer$Division (RaftServerImpl.java:checkInconsistentAppendEntries(1322)) - omNode-1@group-523986131536: Failed appendEntries as previous log entry ((t:10, i:29)) is not found
2021-11-02 20:16:39,350 [grpc-default-executor-13] INFO  server.RaftServer$Division (RaftServerImpl.java:checkInconsistentAppendEntries(1288)) - omNode-1@group-523986131536: inconsistency entries. Reply:omNode-3<-omNode-1#8167:FAIL-t10,INCONSISTENCY,nextIndex=11,followerCommit=10
2021-11-02 20:16:39,352 [grpc-default-executor-13] INFO  leader.FollowerInfo (FollowerInfoImpl.java:lambda$new$0(47)) - omNode-3@group-523986131536->omNode-1: nextIndex: updateUnconditionally 30 -> 11
2021-11-02 20:16:39,854 [grpc-default-executor-13] INFO  server.RaftServer$Division (RaftServerImpl.java:checkInconsistentAppendEntries(1322)) - omNode-1@group-523986131536: Failed appendEntries as previous log entry ((t:10, i:29)) is not found
2021-11-02 20:16:39,855 [grpc-default-executor-13] INFO  server.RaftServer$Division (RaftServerImpl.java:checkInconsistentAppendEntries(1288)) - omNode-1@group-523986131536: inconsistency entries. Reply:omNode-3<-omNode-1#8218:FAIL-t10,INCONSISTENCY,nextIndex=11,followerCommit=10
2021-11-02 20:16:39,855 [grpc-default-executor-13] INFO  leader.FollowerInfo (FollowerInfoImpl.java:lambda$new$0(47)) - omNode-3@group-523986131536->omNode-1: nextIndex: updateUnconditionally 30 -> 11
2021-11-02 20:16:40,357 [grpc-default-executor-13] INFO  server.RaftServer$Division (RaftServerImpl.java:checkInconsistentAppendEntries(1322)) - omNode-1@group-523986131536: Failed appendEntries as previous log entry ((t:10, i:29)) is not found
2021-11-02 20:16:40,357 [grpc-default-executor-13] INFO  server.RaftServer$Division (RaftServerImpl.java:checkInconsistentAppendEntries(1288)) - omNode-1@group-523986131536: inconsistency entries. Reply:omNode-3<-omNode-1#8269:FAIL-t10,INCONSISTENCY,nextIndex=11,followerCommit=10
2021-11-02 20:16:40,358 [grpc-default-executor-13] INFO  leader.FollowerInfo (FollowerInfoImpl.java:lambda$new$0(47)) - omNode-3@group-523986131536->omNode-1: nextIndex: updateUnconditionally 30 -> 11
2021-11-02 20:16:40,860 [grpc-default-executor-13] INFO  server.RaftServer$Division (RaftServerImpl.java:checkInconsistentAppendEntries(1322)) - omNode-1@group-523986131536: Failed appendEntries as previous log entry ((t:10, i:29)) is not found
2021-11-02 20:16:40,860 [grpc-default-executor-13] INFO  server.RaftServer$Division (RaftServerImpl.java:checkInconsistentAppendEntries(1288)) - omNode-1@group-523986131536: inconsistency entries. Reply:omNode-3<-omNode-1#8320:FAIL-t10,INCONSISTENCY,nextIndex=11,followerCommit=10
2021-11-02 20:16:40,860 [grpc-default-executor-13] INFO  leader.FollowerInfo (FollowerInfoImpl.java:lambda$new$0(47)) - omNode-3@group-523986131536->omNode-1: nextIndex: updateUnconditionally 30 -> 11
2021-11-02 20:16:41,362 [grpc-default-executor-13] INFO  server.RaftServer$Division (RaftServerImpl.java:checkInconsistentAppendEntries(1322)) - omNode-1@group-523986131536: Failed appendEntries as previous log entry ((t:10, i:29)) is not found
2021-11-02 20:16:41,362 [grpc-default-executor-13] INFO  server.RaftServer$Division (RaftServerImpl.java:checkInconsistentAppendEntries(1288)) - omNode-1@group-523986131536: inconsistency entries. Reply:omNode-3<-omNode-1#8371:FAIL-t10,INCONSISTENCY,nextIndex=11,followerCommit=10
2021-11-02 20:16:41,362 [grpc-default-executor-13] INFO  leader.FollowerInfo (FollowerInfoImpl.java:lambda$new$0(47)) - omNode-3@group-523986131536->omNode-1: nextIndex: updateUnconditionally 30 -> 11
2021-11-02 20:16:41,864 [grpc-default-executor-14] INFO  server.RaftServer$Division (RaftServerImpl.java:checkInconsistentAppendEntries(1322)) - omNode-1@group-523986131536: Failed appendEntries as previous log entry ((t:10, i:29)) is not found
2021-11-02 20:16:41,864 [grpc-default-executor-14] INFO  server.RaftServer$Division (RaftServerImpl.java:checkInconsistentAppendEntries(1288)) - omNode-1@group-523986131536: inconsistency entries. Reply:omNode-3<-omNode-1#8422:FAIL-t10,INCONSISTENCY,nextIndex=11,followerCommit=10
2021-11-02 20:16:41,865 [grpc-default-executor-14] INFO  leader.FollowerInfo (FollowerInfoImpl.java:lambda$new$0(47)) - omNode-3@group-523986131536->omNode-1: nextIndex: updateUnconditionally 30 -> 11
2021-11-02 20:16:42,366 [grpc-default-executor-14] INFO  server.RaftServer$Division (RaftServerImpl.java:checkInconsistentAppendEntries(1322)) - omNode-1@group-523986131536: Failed appendEntries as previous log entry ((t:10, i:29)) is not found
2021-11-02 20:16:42,367 [grpc-default-executor-14] INFO  server.RaftServer$Division (RaftServerImpl.java:checkInconsistentAppendEntries(1288)) - omNode-1@group-523986131536: inconsistency entries. Reply:omNode-3<-omNode-1#8473:FAIL-t10,INCONSISTENCY,nextIndex=11,followerCommit=10
2021-11-02 20:16:42,367 [grpc-default-executor-14] INFO  leader.FollowerInfo (FollowerInfoImpl.java:lambda$new$0(47)) - omNode-3@group-523986131536->omNode-1: nextIndex: updateUnconditionally 30 -> 11
2021-11-02 20:16:42,869 [grpc-default-executor-14] INFO  server.RaftServer$Division (RaftServerImpl.java:checkInconsistentAppendEntries(1322)) - omNode-1@group-523986131536: Failed appendEntries as previous log entry ((t:10, i:29)) is not found
2021-11-02 20:16:42,869 [grpc-default-executor-14] INFO  server.RaftServer$Division (RaftServerImpl.java:checkInconsistentAppendEntries(1288)) - omNode-1@group-523986131536: inconsistency entries. Reply:omNode-3<-omNode-1#8524:FAIL-t10,INCONSISTENCY,nextIndex=11,followerCommit=10
2021-11-02 20:16:42,869 [grpc-default-executor-14] INFO  leader.FollowerInfo (FollowerInfoImpl.java:lambda$new$0(47)) - omNode-3@group-523986131536->omNode-1: nextIndex: updateUnconditionally 30 -> 11
2021-11-02 20:16:43,370 [grpc-default-executor-14] INFO  server.RaftServer$Division (RaftServerImpl.java:checkInconsistentAppendEntries(1322)) - omNode-1@group-523986131536: Failed appendEntries as previous log entry ((t:10, i:29)) is not found
2021-11-02 20:16:43,371 [grpc-default-executor-14] INFO  server.RaftServer$Division (RaftServerImpl.java:checkInconsistentAppendEntries(1288)) - omNode-1@group-523986131536: inconsistency entries. Reply:omNode-3<-omNode-1#8575:FAIL-t10,INCONSISTENCY,nextIndex=11,followerCommit=10
2021-11-02 20:16:43,371 [grpc-default-executor-14] INFO  leader.FollowerInfo (FollowerInfoImpl.java:lambda$new$0(47)) - omNode-3@group-523986131536->omNode-1: nextIndex: updateUnconditionally 30 -> 11
2021-11-02 20:16:43,873 [grpc-default-executor-14] INFO  server.RaftServer$Division (RaftServerImpl.java:checkInconsistentAppendEntries(1322)) - omNode-1@group-523986131536: Failed appendEntries as previous log entry ((t:10, i:29)) is not found
2021-11-02 20:16:43,873 [grpc-default-executor-14] INFO  server.RaftServer$Division (RaftServerImpl.java:checkInconsistentAppendEntries(1288)) - omNode-1@group-523986131536: inconsistency entries. Reply:omNode-3<-omNode-1#8626:FAIL-t10,INCONSISTENCY,nextIndex=11,followerCommit=10
2021-11-02 20:16:43,873 [grpc-default-executor-14] INFO  leader.FollowerInfo (FollowerInfoImpl.java:lambda$new$0(47)) - omNode-3@group-523986131536->omNode-1: nextIndex: updateUnconditionally 30 -> 11
2021-11-02 20:16:44,374 [grpc-default-executor-13] INFO  server.RaftServer$Division (RaftServerImpl.java:checkInconsistentAppendEntries(1322)) - omNode-1@group-523986131536: Failed appendEntries as previous log entry ((t:10, i:29)) is not found
2021-11-02 20:16:44,375 [grpc-default-executor-13] INFO  server.RaftServer$Division (RaftServerImpl.java:checkInconsistentAppendEntries(1288)) - omNode-1@group-523986131536: inconsistency entries. Reply:omNode-3<-omNode-1#8677:FAIL-t10,INCONSISTENCY,nextIndex=11,followerCommit=10
2021-11-02 20:16:44,375 [grpc-default-executor-13] INFO  leader.FollowerInfo (FollowerInfoImpl.java:lambda$new$0(47)) - omNode-3@group-523986131536->omNode-1: nextIndex: updateUnconditionally 30 -> 11
2021-11-02 20:16:44,877 [grpc-default-executor-14] INFO  server.RaftServer$Division (RaftServerImpl.java:checkInconsistentAppendEntries(1322)) - omNode-1@group-523986131536: Failed appendEntries as previous log entry ((t:10, i:29)) is not found
2021-11-02 20:16:44,877 [grpc-default-executor-14] INFO  server.RaftServer$Division (RaftServerImpl.java:checkInconsistentAppendEntries(1288)) - omNode-1@group-523986131536: inconsistency entries. Reply:omNode-3<-omNode-1#8728:FAIL-t10,INCONSISTENCY,nextIndex=11,followerCommit=10
2021-11-02 20:16:44,877 [grpc-default-executor-14] INFO  leader.FollowerInfo (FollowerInfoImpl.java:lambda$new$0(47)) - omNode-3@group-523986131536->omNode-1: nextIndex: updateUnconditionally 30 -> 11
2021-11-02 20:16:45,379 [grpc-default-executor-14] INFO  server.RaftServer$Division (RaftServerImpl.java:checkInconsistentAppendEntries(1322)) - omNode-1@group-523986131536: Failed appendEntries as previous log entry ((t:10, i:29)) is not found
2021-11-02 20:16:45,379 [grpc-default-executor-14] INFO  server.RaftServer$Division (RaftServerImpl.java:checkInconsistentAppendEntries(1288)) - omNode-1@group-523986131536: inconsistency entries. Reply:omNode-3<-omNode-1#8779:FAIL-t10,INCONSISTENCY,nextIndex=11,followerCommit=10
2021-11-02 20:16:45,379 [grpc-default-executor-14] INFO  leader.FollowerInfo (FollowerInfoImpl.java:lambda$new$0(47)) - omNode-3@group-523986131536->omNode-1: nextIndex: updateUnconditionally 30 -> 11
2021-11-02 20:16:45,881 [grpc-default-executor-14] INFO  server.RaftServer$Division (RaftServerImpl.java:checkInconsistentAppendEntries(1322)) - omNode-1@group-523986131536: Failed appendEntries as previous log entry ((t:10, i:29)) is not found
2021-11-02 20:16:45,881 [grpc-default-executor-14] INFO  server.RaftServer$Division (RaftServerImpl.java:checkInconsistentAppendEntries(1288)) - omNode-1@group-523986131536: inconsistency entries. Reply:omNode-3<-omNode-1#8830:FAIL-t10,INCONSISTENCY,nextIndex=11,followerCommit=10
2021-11-02 20:16:45,881 [grpc-default-executor-14] INFO  leader.FollowerInfo (FollowerInfoImpl.java:lambda$new$0(47)) - omNode-3@group-523986131536->omNode-1: nextIndex: updateUnconditionally 30 -> 11
2021-11-02 20:16:46,384 [grpc-default-executor-14] INFO  server.RaftServer$Division (RaftServerImpl.java:checkInconsistentAppendEntries(1322)) - omNode-1@group-523986131536: Failed appendEntries as previous log entry ((t:10, i:29)) is not found
2021-11-02 20:16:46,384 [grpc-default-executor-14] INFO  server.RaftServer$Division (RaftServerImpl.java:checkInconsistentAppendEntries(1288)) - omNode-1@group-523986131536: inconsistency entries. Reply:omNode-3<-omNode-1#8881:FAIL-t10,INCONSISTENCY,nextIndex=11,followerCommit=10
2021-11-02 20:16:46,384 [grpc-default-executor-14] INFO  leader.FollowerInfo (FollowerInfoImpl.java:lambda$new$0(47)) - omNode-3@group-523986131536->omNode-1: nextIndex: updateUnconditionally 30 -> 11
2021-11-02 20:16:46,886 [grpc-default-executor-14] INFO  server.RaftServer$Division (RaftServerImpl.java:checkInconsistentAppendEntries(1322)) - omNode-1@group-523986131536: Failed appendEntries as previous log entry ((t:10, i:29)) is not found
2021-11-02 20:16:46,886 [grpc-default-executor-14] INFO  server.RaftServer$Division (RaftServerImpl.java:checkInconsistentAppendEntries(1288)) - omNode-1@group-523986131536: inconsistency entries. Reply:omNode-3<-omNode-1#8932:FAIL-t10,INCONSISTENCY,nextIndex=11,followerCommit=10
2021-11-02 20:16:46,887 [grpc-default-executor-14] INFO  leader.FollowerInfo (FollowerInfoImpl.java:lambda$new$0(47)) - omNode-3@group-523986131536->omNode-1: nextIndex: updateUnconditionally 30 -> 11
2021-11-02 20:16:47,388 [grpc-default-executor-14] INFO  server.RaftServer$Division (RaftServerImpl.java:checkInconsistentAppendEntries(1322)) - omNode-1@group-523986131536: Failed appendEntries as previous log entry ((t:10, i:29)) is not found
2021-11-02 20:16:47,388 [grpc-default-executor-14] INFO  server.RaftServer$Division (RaftServerImpl.java:checkInconsistentAppendEntries(1288)) - omNode-1@group-523986131536: inconsistency entries. Reply:omNode-3<-omNode-1#8983:FAIL-t10,INCONSISTENCY,nextIndex=11,followerCommit=10
2021-11-02 20:16:47,389 [grpc-default-executor-14] INFO  leader.FollowerInfo (FollowerInfoImpl.java:lambda$new$0(47)) - omNode-3@group-523986131536->omNode-1: nextIndex: updateUnconditionally 30 -> 11
2021-11-02 20:16:47,890 [grpc-default-executor-14] INFO  server.RaftServer$Division (RaftServerImpl.java:checkInconsistentAppendEntries(1322)) - omNode-1@group-523986131536: Failed appendEntries as previous log entry ((t:10, i:29)) is not found
2021-11-02 20:16:47,891 [grpc-default-executor-14] INFO  server.RaftServer$Division (RaftServerImpl.java:checkInconsistentAppendEntries(1288)) - omNode-1@group-523986131536: inconsistency entries. Reply:omNode-3<-omNode-1#9034:FAIL-t10,INCONSISTENCY,nextIndex=11,followerCommit=10
2021-11-02 20:16:47,891 [grpc-default-executor-14] INFO  leader.FollowerInfo (FollowerInfoImpl.java:lambda$new$0(47)) - omNode-3@group-523986131536->omNode-1: nextIndex: updateUnconditionally 30 -> 11
2021-11-02 20:16:48,393 [grpc-default-executor-14] INFO  server.RaftServer$Division (RaftServerImpl.java:checkInconsistentAppendEntries(1322)) - omNode-1@group-523986131536: Failed appendEntries as previous log entry ((t:10, i:29)) is not found
2021-11-02 20:16:48,393 [grpc-default-executor-14] INFO  server.RaftServer$Division (RaftServerImpl.java:checkInconsistentAppendEntries(1288)) - omNode-1@group-523986131536: inconsistency entries. Reply:omNode-3<-omNode-1#9085:FAIL-t10,INCONSISTENCY,nextIndex=11,followerCommit=10
2021-11-02 20:16:48,394 [grpc-default-executor-14] INFO  leader.FollowerInfo (FollowerInfoImpl.java:lambda$new$0(47)) - omNode-3@group-523986131536->omNode-1: nextIndex: updateUnconditionally 30 -> 11
2021-11-02 20:16:48,896 [grpc-default-executor-14] INFO  server.RaftServer$Division (RaftServerImpl.java:checkInconsistentAppendEntries(1322)) - omNode-1@group-523986131536: Failed appendEntries as previous log entry ((t:10, i:29)) is not found
2021-11-02 20:16:48,896 [grpc-default-executor-14] INFO  server.RaftServer$Division (RaftServerImpl.java:checkInconsistentAppendEntries(1288)) - omNode-1@group-523986131536: inconsistency entries. Reply:omNode-3<-omNode-1#9136:FAIL-t10,INCONSISTENCY,nextIndex=11,followerCommit=10
2021-11-02 20:16:48,896 [grpc-default-executor-14] INFO  leader.FollowerInfo (FollowerInfoImpl.java:lambda$new$0(47)) - omNode-3@group-523986131536->omNode-1: nextIndex: updateUnconditionally 30 -> 11
2021-11-02 20:16:49,398 [grpc-default-executor-13] INFO  server.RaftServer$Division (RaftServerImpl.java:checkInconsistentAppendEntries(1322)) - omNode-1@group-523986131536: Failed appendEntries as previous log entry ((t:10, i:29)) is not found
2021-11-02 20:16:49,398 [grpc-default-executor-13] INFO  server.RaftServer$Division (RaftServerImpl.java:checkInconsistentAppendEntries(1288)) - omNode-1@group-523986131536: inconsistency entries. Reply:omNode-3<-omNode-1#9187:FAIL-t10,INCONSISTENCY,nextIndex=11,followerCommit=10
2021-11-02 20:16:49,399 [grpc-default-executor-13] INFO  leader.FollowerInfo (FollowerInfoImpl.java:lambda$new$0(47)) - omNode-3@group-523986131536->omNode-1: nextIndex: updateUnconditionally 30 -> 11
2021-11-02 20:16:49,901 [grpc-default-executor-14] INFO  server.RaftServer$Division (RaftServerImpl.java:checkInconsistentAppendEntries(1322)) - omNode-1@group-523986131536: Failed appendEntries as previous log entry ((t:10, i:29)) is not found
2021-11-02 20:16:49,901 [grpc-default-executor-14] INFO  server.RaftServer$Division (RaftServerImpl.java:checkInconsistentAppendEntries(1288)) - omNode-1@group-523986131536: inconsistency entries. Reply:omNode-3<-omNode-1#9238:FAIL-t10,INCONSISTENCY,nextIndex=11,followerCommit=10
2021-11-02 20:16:49,901 [grpc-default-executor-14] INFO  leader.FollowerInfo (FollowerInfoImpl.java:lambda$new$0(47)) - omNode-3@group-523986131536->omNode-1: nextIndex: updateUnconditionally 30 -> 11
2021-11-02 20:16:50,403 [grpc-default-executor-14] INFO  server.RaftServer$Division (RaftServerImpl.java:checkInconsistentAppendEntries(1322)) - omNode-1@group-523986131536: Failed appendEntries as previous log entry ((t:10, i:29)) is not found
2021-11-02 20:16:50,403 [grpc-default-executor-14] INFO  server.RaftServer$Division (RaftServerImpl.java:checkInconsistentAppendEntries(1288)) - omNode-1@group-523986131536: inconsistency entries. Reply:omNode-3<-omNode-1#9289:FAIL-t10,INCONSISTENCY,nextIndex=11,followerCommit=10
2021-11-02 20:16:50,403 [grpc-default-executor-14] INFO  leader.FollowerInfo (FollowerInfoImpl.java:lambda$new$0(47)) - omNode-3@group-523986131536->omNode-1: nextIndex: updateUnconditionally 30 -> 11
2021-11-02 20:16:50,906 [grpc-default-executor-14] INFO  server.RaftServer$Division (RaftServerImpl.java:checkInconsistentAppendEntries(1322)) - omNode-1@group-523986131536: Failed appendEntries as previous log entry ((t:10, i:29)) is not found
2021-11-02 20:16:50,906 [grpc-default-executor-14] INFO  server.RaftServer$Division (RaftServerImpl.java:checkInconsistentAppendEntries(1288)) - omNode-1@group-523986131536: inconsistency entries. Reply:omNode-3<-omNode-1#9340:FAIL-t10,INCONSISTENCY,nextIndex=11,followerCommit=10
2021-11-02 20:16:50,906 [grpc-default-executor-14] INFO  leader.FollowerInfo (FollowerInfoImpl.java:lambda$new$0(47)) - omNode-3@group-523986131536->omNode-1: nextIndex: updateUnconditionally 30 -> 11
2021-11-02 20:16:51,408 [grpc-default-executor-14] INFO  server.RaftServer$Division (RaftServerImpl.java:checkInconsistentAppendEntries(1322)) - omNode-1@group-523986131536: Failed appendEntries as previous log entry ((t:10, i:29)) is not found
2021-11-02 20:16:51,408 [grpc-default-executor-14] INFO  server.RaftServer$Division (RaftServerImpl.java:checkInconsistentAppendEntries(1288)) - omNode-1@group-523986131536: inconsistency entries. Reply:omNode-3<-omNode-1#9391:FAIL-t10,INCONSISTENCY,nextIndex=11,followerCommit=10
2021-11-02 20:16:51,408 [grpc-default-executor-14] INFO  leader.FollowerInfo (FollowerInfoImpl.java:lambda$new$0(47)) - omNode-3@group-523986131536->omNode-1: nextIndex: updateUnconditionally 30 -> 11
2021-11-02 20:16:51,910 [grpc-default-executor-14] INFO  server.RaftServer$Division (RaftServerImpl.java:checkInconsistentAppendEntries(1322)) - omNode-1@group-523986131536: Failed appendEntries as previous log entry ((t:10, i:29)) is not found
2021-11-02 20:16:51,910 [grpc-default-executor-14] INFO  server.RaftServer$Division (RaftServerImpl.java:checkInconsistentAppendEntries(1288)) - omNode-1@group-523986131536: inconsistency entries. Reply:omNode-3<-omNode-1#9442:FAIL-t10,INCONSISTENCY,nextIndex=11,followerCommit=10
2021-11-02 20:16:51,911 [grpc-default-executor-14] INFO  leader.FollowerInfo (FollowerInfoImpl.java:lambda$new$0(47)) - omNode-3@group-523986131536->omNode-1: nextIndex: updateUnconditionally 30 -> 11
2021-11-02 20:16:52,413 [grpc-default-executor-14] INFO  server.RaftServer$Division (RaftServerImpl.java:checkInconsistentAppendEntries(1322)) - omNode-1@group-523986131536: Failed appendEntries as previous log entry ((t:10, i:29)) is not found
2021-11-02 20:16:52,413 [grpc-default-executor-14] INFO  server.RaftServer$Division (RaftServerImpl.java:checkInconsistentAppendEntries(1288)) - omNode-1@group-523986131536: inconsistency entries. Reply:omNode-3<-omNode-1#9492:FAIL-t10,INCONSISTENCY,nextIndex=11,followerCommit=10
2021-11-02 20:16:52,413 [grpc-default-executor-14] INFO  leader.FollowerInfo (FollowerInfoImpl.java:lambda$new$0(47)) - omNode-3@group-523986131536->omNode-1: nextIndex: updateUnconditionally 30 -> 11
2021-11-02 20:16:52,915 [grpc-default-executor-14] INFO  server.RaftServer$Division (RaftServerImpl.java:checkInconsistentAppendEntries(1322)) - omNode-1@group-523986131536: Failed appendEntries as previous log entry ((t:10, i:29)) is not found
2021-11-02 20:16:52,916 [grpc-default-executor-14] INFO  server.RaftServer$Division (RaftServerImpl.java:checkInconsistentAppendEntries(1288)) - omNode-1@group-523986131536: inconsistency entries. Reply:omNode-3<-omNode-1#9543:FAIL-t10,INCONSISTENCY,nextIndex=11,followerCommit=10
2021-11-02 20:16:52,916 [grpc-default-executor-14] INFO  leader.FollowerInfo (FollowerInfoImpl.java:lambda$new$0(47)) - omNode-3@group-523986131536->omNode-1: nextIndex: updateUnconditionally 30 -> 11
2021-11-02 20:16:53,418 [grpc-default-executor-14] INFO  server.RaftServer$Division (RaftServerImpl.java:checkInconsistentAppendEntries(1322)) - omNode-1@group-523986131536: Failed appendEntries as previous log entry ((t:10, i:29)) is not found
2021-11-02 20:16:53,418 [grpc-default-executor-14] INFO  server.RaftServer$Division (RaftServerImpl.java:checkInconsistentAppendEntries(1288)) - omNode-1@group-523986131536: inconsistency entries. Reply:omNode-3<-omNode-1#9594:FAIL-t10,INCONSISTENCY,nextIndex=11,followerCommit=10
2021-11-02 20:16:53,419 [grpc-default-executor-14] INFO  leader.FollowerInfo (FollowerInfoImpl.java:lambda$new$0(47)) - omNode-3@group-523986131536->omNode-1: nextIndex: updateUnconditionally 30 -> 11
2021-11-02 20:16:53,922 [grpc-default-executor-14] INFO  server.RaftServer$Division (RaftServerImpl.java:checkInconsistentAppendEntries(1322)) - omNode-1@group-523986131536: Failed appendEntries as previous log entry ((t:10, i:29)) is not found
2021-11-02 20:16:53,922 [grpc-default-executor-14] INFO  server.RaftServer$Division (RaftServerImpl.java:checkInconsistentAppendEntries(1288)) - omNode-1@group-523986131536: inconsistency entries. Reply:omNode-3<-omNode-1#9645:FAIL-t10,INCONSISTENCY,nextIndex=11,followerCommit=10
2021-11-02 20:16:53,922 [grpc-default-executor-14] INFO  leader.FollowerInfo (FollowerInfoImpl.java:lambda$new$0(47)) - omNode-3@group-523986131536->omNode-1: nextIndex: updateUnconditionally 30 -> 11
2021-11-02 20:16:54,424 [grpc-default-executor-13] INFO  server.RaftServer$Division (RaftServerImpl.java:checkInconsistentAppendEntries(1322)) - omNode-1@group-523986131536: Failed appendEntries as previous log entry ((t:10, i:29)) is not found
2021-11-02 20:16:54,424 [grpc-default-executor-13] INFO  server.RaftServer$Division (RaftServerImpl.java:checkInconsistentAppendEntries(1288)) - omNode-1@group-523986131536: inconsistency entries. Reply:omNode-3<-omNode-1#9696:FAIL-t10,INCONSISTENCY,nextIndex=11,followerCommit=10
2021-11-02 20:16:54,425 [grpc-default-executor-13] INFO  leader.FollowerInfo (FollowerInfoImpl.java:lambda$new$0(47)) - omNode-3@group-523986131536->omNode-1: nextIndex: updateUnconditionally 30 -> 11
2021-11-02 20:16:54,927 [grpc-default-executor-14] INFO  server.RaftServer$Division (RaftServerImpl.java:checkInconsistentAppendEntries(1322)) - omNode-1@group-523986131536: Failed appendEntries as previous log entry ((t:10, i:29)) is not found
2021-11-02 20:16:54,927 [grpc-default-executor-14] INFO  server.RaftServer$Division (RaftServerImpl.java:checkInconsistentAppendEntries(1288)) - omNode-1@group-523986131536: inconsistency entries. Reply:omNode-3<-omNode-1#9747:FAIL-t10,INCONSISTENCY,nextIndex=11,followerCommit=10
2021-11-02 20:16:54,927 [grpc-default-executor-14] INFO  leader.FollowerInfo (FollowerInfoImpl.java:lambda$new$0(47)) - omNode-3@group-523986131536->omNode-1: nextIndex: updateUnconditionally 30 -> 11
2021-11-02 20:16:55,429 [grpc-default-executor-14] INFO  server.RaftServer$Division (RaftServerImpl.java:checkInconsistentAppendEntries(1322)) - omNode-1@group-523986131536: Failed appendEntries as previous log entry ((t:10, i:29)) is not found
2021-11-02 20:16:55,430 [grpc-default-executor-14] INFO  server.RaftServer$Division (RaftServerImpl.java:checkInconsistentAppendEntries(1288)) - omNode-1@group-523986131536: inconsistency entries. Reply:omNode-3<-omNode-1#9798:FAIL-t10,INCONSISTENCY,nextIndex=11,followerCommit=10
2021-11-02 20:16:55,430 [grpc-default-executor-14] INFO  leader.FollowerInfo (FollowerInfoImpl.java:lambda$new$0(47)) - omNode-3@group-523986131536->omNode-1: nextIndex: updateUnconditionally 30 -> 11
2021-11-02 20:16:55,932 [grpc-default-executor-14] INFO  server.RaftServer$Division (RaftServerImpl.java:checkInconsistentAppendEntries(1322)) - omNode-1@group-523986131536: Failed appendEntries as previous log entry ((t:10, i:29)) is not found
2021-11-02 20:16:55,932 [grpc-default-executor-14] INFO  server.RaftServer$Division (RaftServerImpl.java:checkInconsistentAppendEntries(1288)) - omNode-1@group-523986131536: inconsistency entries. Reply:omNode-3<-omNode-1#9849:FAIL-t10,INCONSISTENCY,nextIndex=11,followerCommit=10
2021-11-02 20:16:55,933 [grpc-default-executor-14] INFO  leader.FollowerInfo (FollowerInfoImpl.java:lambda$new$0(47)) - omNode-3@group-523986131536->omNode-1: nextIndex: updateUnconditionally 30 -> 11
2021-11-02 20:16:56,434 [grpc-default-executor-14] INFO  server.RaftServer$Division (RaftServerImpl.java:checkInconsistentAppendEntries(1322)) - omNode-1@group-523986131536: Failed appendEntries as previous log entry ((t:10, i:29)) is not found
2021-11-02 20:16:56,435 [grpc-default-executor-14] INFO  server.RaftServer$Division (RaftServerImpl.java:checkInconsistentAppendEntries(1288)) - omNode-1@group-523986131536: inconsistency entries. Reply:omNode-3<-omNode-1#9900:FAIL-t10,INCONSISTENCY,nextIndex=11,followerCommit=10
2021-11-02 20:16:56,435 [grpc-default-executor-14] INFO  leader.FollowerInfo (FollowerInfoImpl.java:lambda$new$0(47)) - omNode-3@group-523986131536->omNode-1: nextIndex: updateUnconditionally 30 -> 11
2021-11-02 20:16:56,937 [grpc-default-executor-13] INFO  server.RaftServer$Division (RaftServerImpl.java:checkInconsistentAppendEntries(1322)) - omNode-1@group-523986131536: Failed appendEntries as previous log entry ((t:10, i:29)) is not found
2021-11-02 20:16:56,937 [grpc-default-executor-13] INFO  server.RaftServer$Division (RaftServerImpl.java:checkInconsistentAppendEntries(1288)) - omNode-1@group-523986131536: inconsistency entries. Reply:omNode-3<-omNode-1#9951:FAIL-t10,INCONSISTENCY,nextIndex=11,followerCommit=10
2021-11-02 20:16:56,937 [grpc-default-executor-13] INFO  leader.FollowerInfo (FollowerInfoImpl.java:lambda$new$0(47)) - omNode-3@group-523986131536->omNode-1: nextIndex: updateUnconditionally 30 -> 11
2021-11-02 20:16:57,439 [grpc-default-executor-14] INFO  server.RaftServer$Division (RaftServerImpl.java:checkInconsistentAppendEntries(1322)) - omNode-1@group-523986131536: Failed appendEntries as previous log entry ((t:10, i:29)) is not found
2021-11-02 20:16:57,439 [grpc-default-executor-14] INFO  server.RaftServer$Division (RaftServerImpl.java:checkInconsistentAppendEntries(1288)) - omNode-1@group-523986131536: inconsistency entries. Reply:omNode-3<-omNode-1#10002:FAIL-t10,INCONSISTENCY,nextIndex=11,followerCommit=10
2021-11-02 20:16:57,439 [grpc-default-executor-14] INFO  leader.FollowerInfo (FollowerInfoImpl.java:lambda$new$0(47)) - omNode-3@group-523986131536->omNode-1: nextIndex: updateUnconditionally 30 -> 11
2021-11-02 20:16:57,941 [grpc-default-executor-14] INFO  server.RaftServer$Division (RaftServerImpl.java:checkInconsistentAppendEntries(1322)) - omNode-1@group-523986131536: Failed appendEntries as previous log entry ((t:10, i:29)) is not found
2021-11-02 20:16:57,941 [grpc-default-executor-14] INFO  server.RaftServer$Division (RaftServerImpl.java:checkInconsistentAppendEntries(1288)) - omNode-1@group-523986131536: inconsistency entries. Reply:omNode-3<-omNode-1#10053:FAIL-t10,INCONSISTENCY,nextIndex=11,followerCommit=10
2021-11-02 20:16:57,942 [grpc-default-executor-14] INFO  leader.FollowerInfo (FollowerInfoImpl.java:lambda$new$0(47)) - omNode-3@group-523986131536->omNode-1: nextIndex: updateUnconditionally 30 -> 11
2021-11-02 20:16:58,445 [grpc-default-executor-14] INFO  server.RaftServer$Division (RaftServerImpl.java:checkInconsistentAppendEntries(1322)) - omNode-1@group-523986131536: Failed appendEntries as previous log entry ((t:10, i:29)) is not found
2021-11-02 20:16:58,445 [grpc-default-executor-14] INFO  server.RaftServer$Division (RaftServerImpl.java:checkInconsistentAppendEntries(1288)) - omNode-1@group-523986131536: inconsistency entries. Reply:omNode-3<-omNode-1#10104:FAIL-t10,INCONSISTENCY,nextIndex=11,followerCommit=10
2021-11-02 20:16:58,445 [grpc-default-executor-14] INFO  leader.FollowerInfo (FollowerInfoImpl.java:lambda$new$0(47)) - omNode-3@group-523986131536->omNode-1: nextIndex: updateUnconditionally 30 -> 11
2021-11-02 20:16:58,947 [grpc-default-executor-14] INFO  server.RaftServer$Division (RaftServerImpl.java:checkInconsistentAppendEntries(1322)) - omNode-1@group-523986131536: Failed appendEntries as previous log entry ((t:10, i:29)) is not found
2021-11-02 20:16:58,947 [grpc-default-executor-14] INFO  server.RaftServer$Division (RaftServerImpl.java:checkInconsistentAppendEntries(1288)) - omNode-1@group-523986131536: inconsistency entries. Reply:omNode-3<-omNode-1#10155:FAIL-t10,INCONSISTENCY,nextIndex=11,followerCommit=10
2021-11-02 20:16:58,947 [grpc-default-executor-14] INFO  leader.FollowerInfo (FollowerInfoImpl.java:lambda$new$0(47)) - omNode-3@group-523986131536->omNode-1: nextIndex: updateUnconditionally 30 -> 11
2021-11-02 20:16:59,449 [grpc-default-executor-13] INFO  server.RaftServer$Division (RaftServerImpl.java:checkInconsistentAppendEntries(1322)) - omNode-1@group-523986131536: Failed appendEntries as previous log entry ((t:10, i:29)) is not found
2021-11-02 20:16:59,449 [grpc-default-executor-13] INFO  server.RaftServer$Division (RaftServerImpl.java:checkInconsistentAppendEntries(1288)) - omNode-1@group-523986131536: inconsistency entries. Reply:omNode-3<-omNode-1#10206:FAIL-t10,INCONSISTENCY,nextIndex=11,followerCommit=10
2021-11-02 20:16:59,449 [grpc-default-executor-13] INFO  leader.FollowerInfo (FollowerInfoImpl.java:lambda$new$0(47)) - omNode-3@group-523986131536->omNode-1: nextIndex: updateUnconditionally 30 -> 11
2021-11-02 20:16:59,952 [grpc-default-executor-14] INFO  server.RaftServer$Division (RaftServerImpl.java:checkInconsistentAppendEntries(1322)) - omNode-1@group-523986131536: Failed appendEntries as previous log entry ((t:10, i:29)) is not found
2021-11-02 20:16:59,952 [grpc-default-executor-14] INFO  server.RaftServer$Division (RaftServerImpl.java:checkInconsistentAppendEntries(1288)) - omNode-1@group-523986131536: inconsistency entries. Reply:omNode-3<-omNode-1#10257:FAIL-t10,INCONSISTENCY,nextIndex=11,followerCommit=10
2021-11-02 20:16:59,952 [grpc-default-executor-14] INFO  leader.FollowerInfo (FollowerInfoImpl.java:lambda$new$0(47)) - omNode-3@group-523986131536->omNode-1: nextIndex: updateUnconditionally 30 -> 11
2021-11-02 20:17:00,454 [grpc-default-executor-14] INFO  server.RaftServer$Division (RaftServerImpl.java:checkInconsistentAppendEntries(1322)) - omNode-1@group-523986131536: Failed appendEntries as previous log entry ((t:10, i:29)) is not found
2021-11-02 20:17:00,454 [grpc-default-executor-14] INFO  server.RaftServer$Division (RaftServerImpl.java:checkInconsistentAppendEntries(1288)) - omNode-1@group-523986131536: inconsistency entries. Reply:omNode-3<-omNode-1#10308:FAIL-t10,INCONSISTENCY,nextIndex=11,followerCommit=10
2021-11-02 20:17:00,455 [grpc-default-executor-14] INFO  leader.FollowerInfo (FollowerInfoImpl.java:lambda$new$0(47)) - omNode-3@group-523986131536->omNode-1: nextIndex: updateUnconditionally 30 -> 11
2021-11-02 20:17:00,956 [grpc-default-executor-14] INFO  server.RaftServer$Division (RaftServerImpl.java:checkInconsistentAppendEntries(1322)) - omNode-1@group-523986131536: Failed appendEntries as previous log entry ((t:10, i:29)) is not found
2021-11-02 20:17:00,956 [grpc-default-executor-14] INFO  server.RaftServer$Division (RaftServerImpl.java:checkInconsistentAppendEntries(1288)) - omNode-1@group-523986131536: inconsistency entries. Reply:omNode-3<-omNode-1#10359:FAIL-t10,INCONSISTENCY,nextIndex=11,followerCommit=10
2021-11-02 20:17:00,957 [grpc-default-executor-14] INFO  leader.FollowerInfo (FollowerInfoImpl.java:lambda$new$0(47)) - omNode-3@group-523986131536->omNode-1: nextIndex: updateUnconditionally 30 -> 11
2021-11-02 20:17:01,458 [grpc-default-executor-14] INFO  server.RaftServer$Division (RaftServerImpl.java:checkInconsistentAppendEntries(1322)) - omNode-1@group-523986131536: Failed appendEntries as previous log entry ((t:10, i:29)) is not found
2021-11-02 20:17:01,459 [grpc-default-executor-14] INFO  server.RaftServer$Division (RaftServerImpl.java:checkInconsistentAppendEntries(1288)) - omNode-1@group-523986131536: inconsistency entries. Reply:omNode-3<-omNode-1#10410:FAIL-t10,INCONSISTENCY,nextIndex=11,followerCommit=10
2021-11-02 20:17:01,459 [grpc-default-executor-14] INFO  leader.FollowerInfo (FollowerInfoImpl.java:lambda$new$0(47)) - omNode-3@group-523986131536->omNode-1: nextIndex: updateUnconditionally 30 -> 11
2021-11-02 20:17:01,961 [grpc-default-executor-14] INFO  server.RaftServer$Division (RaftServerImpl.java:checkInconsistentAppendEntries(1322)) - omNode-1@group-523986131536: Failed appendEntries as previous log entry ((t:10, i:29)) is not found
2021-11-02 20:17:01,961 [grpc-default-executor-14] INFO  server.RaftServer$Division (RaftServerImpl.java:checkInconsistentAppendEntries(1288)) - omNode-1@group-523986131536: inconsistency entries. Reply:omNode-3<-omNode-1#10461:FAIL-t10,INCONSISTENCY,nextIndex=11,followerCommit=10
2021-11-02 20:17:01,961 [grpc-default-executor-14] INFO  leader.FollowerInfo (FollowerInfoImpl.java:lambda$new$0(47)) - omNode-3@group-523986131536->omNode-1: nextIndex: updateUnconditionally 30 -> 11
2021-11-02 20:17:02,462 [grpc-default-executor-14] INFO  server.RaftServer$Division (RaftServerImpl.java:checkInconsistentAppendEntries(1322)) - omNode-1@group-523986131536: Failed appendEntries as previous log entry ((t:10, i:29)) is not found
2021-11-02 20:17:02,463 [grpc-default-executor-14] INFO  server.RaftServer$Division (RaftServerImpl.java:checkInconsistentAppendEntries(1288)) - omNode-1@group-523986131536: inconsistency entries. Reply:omNode-3<-omNode-1#10512:FAIL-t10,INCONSISTENCY,nextIndex=11,followerCommit=10
2021-11-02 20:17:02,463 [grpc-default-executor-14] INFO  leader.FollowerInfo (FollowerInfoImpl.java:lambda$new$0(47)) - omNode-3@group-523986131536->omNode-1: nextIndex: updateUnconditionally 30 -> 11
2021-11-02 20:17:02,965 [grpc-default-executor-14] INFO  server.RaftServer$Division (RaftServerImpl.java:checkInconsistentAppendEntries(1322)) - omNode-1@group-523986131536: Failed appendEntries as previous log entry ((t:10, i:29)) is not found
2021-11-02 20:17:02,965 [grpc-default-executor-14] INFO  server.RaftServer$Division (RaftServerImpl.java:checkInconsistentAppendEntries(1288)) - omNode-1@group-523986131536: inconsistency entries. Reply:omNode-3<-omNode-1#10563:FAIL-t10,INCONSISTENCY,nextIndex=11,followerCommit=10
2021-11-02 20:17:02,965 [grpc-default-executor-14] INFO  leader.FollowerInfo (FollowerInfoImpl.java:lambda$new$0(47)) - omNode-3@group-523986131536->omNode-1: nextIndex: updateUnconditionally 30 -> 11
2021-11-02 20:17:03,467 [grpc-default-executor-14] INFO  server.RaftServer$Division (RaftServerImpl.java:checkInconsistentAppendEntries(1322)) - omNode-1@group-523986131536: Failed appendEntries as previous log entry ((t:10, i:29)) is not found
2021-11-02 20:17:03,467 [grpc-default-executor-14] INFO  server.RaftServer$Division (RaftServerImpl.java:checkInconsistentAppendEntries(1288)) - omNode-1@group-523986131536: inconsistency entries. Reply:omNode-3<-omNode-1#10614:FAIL-t10,INCONSISTENCY,nextIndex=11,followerCommit=10
2021-11-02 20:17:03,468 [grpc-default-executor-14] INFO  leader.FollowerInfo (FollowerInfoImpl.java:lambda$new$0(47)) - omNode-3@group-523986131536->omNode-1: nextIndex: updateUnconditionally 30 -> 11
2021-11-02 20:17:03,969 [grpc-default-executor-13] INFO  server.RaftServer$Division (RaftServerImpl.java:checkInconsistentAppendEntries(1322)) - omNode-1@group-523986131536: Failed appendEntries as previous log entry ((t:10, i:29)) is not found
2021-11-02 20:17:03,969 [grpc-default-executor-13] INFO  server.RaftServer$Division (RaftServerImpl.java:checkInconsistentAppendEntries(1288)) - omNode-1@group-523986131536: inconsistency entries. Reply:omNode-3<-omNode-1#10665:FAIL-t10,INCONSISTENCY,nextIndex=11,followerCommit=10
2021-11-02 20:17:03,969 [grpc-default-executor-13] INFO  leader.FollowerInfo (FollowerInfoImpl.java:lambda$new$0(47)) - omNode-3@group-523986131536->omNode-1: nextIndex: updateUnconditionally 30 -> 11
2021-11-02 20:17:04,471 [grpc-default-executor-13] INFO  server.RaftServer$Division (RaftServerImpl.java:checkInconsistentAppendEntries(1322)) - omNode-1@group-523986131536: Failed appendEntries as previous log entry ((t:10, i:29)) is not found
2021-11-02 20:17:04,471 [grpc-default-executor-13] INFO  server.RaftServer$Division (RaftServerImpl.java:checkInconsistentAppendEntries(1288)) - omNode-1@group-523986131536: inconsistency entries. Reply:omNode-3<-omNode-1#10716:FAIL-t10,INCONSISTENCY,nextIndex=11,followerCommit=10
2021-11-02 20:17:04,471 [grpc-default-executor-13] INFO  leader.FollowerInfo (FollowerInfoImpl.java:lambda$new$0(47)) - omNode-3@group-523986131536->omNode-1: nextIndex: updateUnconditionally 30 -> 11
2021-11-02 20:17:04,973 [grpc-default-executor-13] INFO  server.RaftServer$Division (RaftServerImpl.java:checkInconsistentAppendEntries(1322)) - omNode-1@group-523986131536: Failed appendEntries as previous log entry ((t:10, i:29)) is not found
2021-11-02 20:17:04,974 [grpc-default-executor-13] INFO  server.RaftServer$Division (RaftServerImpl.java:checkInconsistentAppendEntries(1288)) - omNode-1@group-523986131536: inconsistency entries. Reply:omNode-3<-omNode-1#10767:FAIL-t10,INCONSISTENCY,nextIndex=11,followerCommit=10
2021-11-02 20:17:04,974 [grpc-default-executor-13] INFO  leader.FollowerInfo (FollowerInfoImpl.java:lambda$new$0(47)) - omNode-3@group-523986131536->omNode-1: nextIndex: updateUnconditionally 30 -> 11
2021-11-02 20:17:05,476 [grpc-default-executor-13] INFO  server.RaftServer$Division (RaftServerImpl.java:checkInconsistentAppendEntries(1322)) - omNode-1@group-523986131536: Failed appendEntries as previous log entry ((t:10, i:29)) is not found
2021-11-02 20:17:05,476 [grpc-default-executor-13] INFO  server.RaftServer$Division (RaftServerImpl.java:checkInconsistentAppendEntries(1288)) - omNode-1@group-523986131536: inconsistency entries. Reply:omNode-3<-omNode-1#10818:FAIL-t10,INCONSISTENCY,nextIndex=11,followerCommit=10
2021-11-02 20:17:05,476 [grpc-default-executor-13] INFO  leader.FollowerInfo (FollowerInfoImpl.java:lambda$new$0(47)) - omNode-3@group-523986131536->omNode-1: nextIndex: updateUnconditionally 30 -> 11
2021-11-02 20:17:05,979 [grpc-default-executor-13] INFO  server.RaftServer$Division (RaftServerImpl.java:checkInconsistentAppendEntries(1322)) - omNode-1@group-523986131536: Failed appendEntries as previous log entry ((t:10, i:29)) is not found
2021-11-02 20:17:05,979 [grpc-default-executor-13] INFO  server.RaftServer$Division (RaftServerImpl.java:checkInconsistentAppendEntries(1288)) - omNode-1@group-523986131536: inconsistency entries. Reply:omNode-3<-omNode-1#10869:FAIL-t10,INCONSISTENCY,nextIndex=11,followerCommit=10
2021-11-02 20:17:05,979 [grpc-default-executor-13] INFO  leader.FollowerInfo (FollowerInfoImpl.java:lambda$new$0(47)) - omNode-3@group-523986131536->omNode-1: nextIndex: updateUnconditionally 30 -> 11
2021-11-02 20:17:06,481 [grpc-default-executor-14] INFO  server.RaftServer$Division (RaftServerImpl.java:checkInconsistentAppendEntries(1322)) - omNode-1@group-523986131536: Failed appendEntries as previous log entry ((t:10, i:29)) is not found
2021-11-02 20:17:06,482 [grpc-default-executor-14] INFO  server.RaftServer$Division (RaftServerImpl.java:checkInconsistentAppendEntries(1288)) - omNode-1@group-523986131536: inconsistency entries. Reply:omNode-3<-omNode-1#10920:FAIL-t10,INCONSISTENCY,nextIndex=11,followerCommit=10
2021-11-02 20:17:06,482 [grpc-default-executor-14] INFO  leader.FollowerInfo (FollowerInfoImpl.java:lambda$new$0(47)) - omNode-3@group-523986131536->omNode-1: nextIndex: updateUnconditionally 30 -> 11
2021-11-02 20:17:06,983 [grpc-default-executor-14] INFO  server.RaftServer$Division (RaftServerImpl.java:checkInconsistentAppendEntries(1322)) - omNode-1@group-523986131536: Failed appendEntries as previous log entry ((t:10, i:29)) is not found
2021-11-02 20:17:06,983 [grpc-default-executor-14] INFO  server.RaftServer$Division (RaftServerImpl.java:checkInconsistentAppendEntries(1288)) - omNode-1@group-523986131536: inconsistency entries. Reply:omNode-3<-omNode-1#10971:FAIL-t10,INCONSISTENCY,nextIndex=11,followerCommit=10
2021-11-02 20:17:06,984 [grpc-default-executor-14] INFO  leader.FollowerInfo (FollowerInfoImpl.java:lambda$new$0(47)) - omNode-3@group-523986131536->omNode-1: nextIndex: updateUnconditionally 30 -> 11
2021-11-02 20:17:07,486 [grpc-default-executor-14] INFO  server.RaftServer$Division (RaftServerImpl.java:checkInconsistentAppendEntries(1322)) - omNode-1@group-523986131536: Failed appendEntries as previous log entry ((t:10, i:29)) is not found
2021-11-02 20:17:07,486 [grpc-default-executor-14] INFO  server.RaftServer$Division (RaftServerImpl.java:checkInconsistentAppendEntries(1288)) - omNode-1@group-523986131536: inconsistency entries. Reply:omNode-3<-omNode-1#11022:FAIL-t10,INCONSISTENCY,nextIndex=11,followerCommit=10
2021-11-02 20:17:07,487 [grpc-default-executor-14] INFO  leader.FollowerInfo (FollowerInfoImpl.java:lambda$new$0(47)) - omNode-3@group-523986131536->omNode-1: nextIndex: updateUnconditionally 30 -> 11
2021-11-02 20:17:07,989 [grpc-default-executor-14] INFO  server.RaftServer$Division (RaftServerImpl.java:checkInconsistentAppendEntries(1322)) - omNode-1@group-523986131536: Failed appendEntries as previous log entry ((t:10, i:29)) is not found
2021-11-02 20:17:07,989 [grpc-default-executor-14] INFO  server.RaftServer$Division (RaftServerImpl.java:checkInconsistentAppendEntries(1288)) - omNode-1@group-523986131536: inconsistency entries. Reply:omNode-3<-omNode-1#11073:FAIL-t10,INCONSISTENCY,nextIndex=11,followerCommit=10
2021-11-02 20:17:07,989 [grpc-default-executor-14] INFO  leader.FollowerInfo (FollowerInfoImpl.java:lambda$new$0(47)) - omNode-3@group-523986131536->omNode-1: nextIndex: updateUnconditionally 30 -> 11
2021-11-02 20:17:08,491 [grpc-default-executor-14] INFO  server.RaftServer$Division (RaftServerImpl.java:checkInconsistentAppendEntries(1322)) - omNode-1@group-523986131536: Failed appendEntries as previous log entry ((t:10, i:29)) is not found
2021-11-02 20:17:08,491 [grpc-default-executor-14] INFO  server.RaftServer$Division (RaftServerImpl.java:checkInconsistentAppendEntries(1288)) - omNode-1@group-523986131536: inconsistency entries. Reply:omNode-3<-omNode-1#11124:FAIL-t10,INCONSISTENCY,nextIndex=11,followerCommit=10
2021-11-02 20:17:08,492 [grpc-default-executor-14] INFO  leader.FollowerInfo (FollowerInfoImpl.java:lambda$new$0(47)) - omNode-3@group-523986131536->omNode-1: nextIndex: updateUnconditionally 30 -> 11
2021-11-02 20:17:08,994 [grpc-default-executor-14] INFO  server.RaftServer$Division (RaftServerImpl.java:checkInconsistentAppendEntries(1322)) - omNode-1@group-523986131536: Failed appendEntries as previous log entry ((t:10, i:29)) is not found
2021-11-02 20:17:08,994 [grpc-default-executor-14] INFO  server.RaftServer$Division (RaftServerImpl.java:checkInconsistentAppendEntries(1288)) - omNode-1@group-523986131536: inconsistency entries. Reply:omNode-3<-omNode-1#11175:FAIL-t10,INCONSISTENCY,nextIndex=11,followerCommit=10
2021-11-02 20:17:08,994 [grpc-default-executor-14] INFO  leader.FollowerInfo (FollowerInfoImpl.java:lambda$new$0(47)) - omNode-3@group-523986131536->omNode-1: nextIndex: updateUnconditionally 30 -> 11
2021-11-02 20:17:09,496 [grpc-default-executor-14] INFO  server.RaftServer$Division (RaftServerImpl.java:checkInconsistentAppendEntries(1322)) - omNode-1@group-523986131536: Failed appendEntries as previous log entry ((t:10, i:29)) is not found
2021-11-02 20:17:09,496 [grpc-default-executor-14] INFO  server.RaftServer$Division (RaftServerImpl.java:checkInconsistentAppendEntries(1288)) - omNode-1@group-523986131536: inconsistency entries. Reply:omNode-3<-omNode-1#11226:FAIL-t10,INCONSISTENCY,nextIndex=11,followerCommit=10
2021-11-02 20:17:09,496 [grpc-default-executor-14] INFO  leader.FollowerInfo (FollowerInfoImpl.java:lambda$new$0(47)) - omNode-3@group-523986131536->omNode-1: nextIndex: updateUnconditionally 30 -> 11
2021-11-02 20:17:09,997 [grpc-default-executor-14] INFO  server.RaftServer$Division (RaftServerImpl.java:checkInconsistentAppendEntries(1322)) - omNode-1@group-523986131536: Failed appendEntries as previous log entry ((t:10, i:29)) is not found
2021-11-02 20:17:09,998 [grpc-default-executor-14] INFO  server.RaftServer$Division (RaftServerImpl.java:checkInconsistentAppendEntries(1288)) - omNode-1@group-523986131536: inconsistency entries. Reply:omNode-3<-omNode-1#11277:FAIL-t10,INCONSISTENCY,nextIndex=11,followerCommit=10
2021-11-02 20:17:09,998 [grpc-default-executor-14] INFO  leader.FollowerInfo (FollowerInfoImpl.java:lambda$new$0(47)) - omNode-3@group-523986131536->omNode-1: nextIndex: updateUnconditionally 30 -> 11
2021-11-02 20:17:10,500 [grpc-default-executor-14] INFO  server.RaftServer$Division (RaftServerImpl.java:checkInconsistentAppendEntries(1322)) - omNode-1@group-523986131536: Failed appendEntries as previous log entry ((t:10, i:29)) is not found
2021-11-02 20:17:10,500 [grpc-default-executor-14] INFO  server.RaftServer$Division (RaftServerImpl.java:checkInconsistentAppendEntries(1288)) - omNode-1@group-523986131536: inconsistency entries. Reply:omNode-3<-omNode-1#11328:FAIL-t10,INCONSISTENCY,nextIndex=11,followerCommit=10
2021-11-02 20:17:10,500 [grpc-default-executor-14] INFO  leader.FollowerInfo (FollowerInfoImpl.java:lambda$new$0(47)) - omNode-3@group-523986131536->omNode-1: nextIndex: updateUnconditionally 30 -> 11
2021-11-02 20:17:11,003 [grpc-default-executor-14] INFO  server.RaftServer$Division (RaftServerImpl.java:checkInconsistentAppendEntries(1322)) - omNode-1@group-523986131536: Failed appendEntries as previous log entry ((t:10, i:29)) is not found
2021-11-02 20:17:11,003 [grpc-default-executor-14] INFO  server.RaftServer$Division (RaftServerImpl.java:checkInconsistentAppendEntries(1288)) - omNode-1@group-523986131536: inconsistency entries. Reply:omNode-3<-omNode-1#11379:FAIL-t10,INCONSISTENCY,nextIndex=11,followerCommit=10
2021-11-02 20:17:11,003 [grpc-default-executor-14] INFO  leader.FollowerInfo (FollowerInfoImpl.java:lambda$new$0(47)) - omNode-3@group-523986131536->omNode-1: nextIndex: updateUnconditionally 30 -> 11
2021-11-02 20:17:11,505 [grpc-default-executor-14] INFO  server.RaftServer$Division (RaftServerImpl.java:checkInconsistentAppendEntries(1322)) - omNode-1@group-523986131536: Failed appendEntries as previous log entry ((t:10, i:29)) is not found
2021-11-02 20:17:11,505 [grpc-default-executor-14] INFO  server.RaftServer$Division (RaftServerImpl.java:checkInconsistentAppendEntries(1288)) - omNode-1@group-523986131536: inconsistency entries. Reply:omNode-3<-omNode-1#11430:FAIL-t10,INCONSISTENCY,nextIndex=11,followerCommit=10
2021-11-02 20:17:11,505 [grpc-default-executor-14] INFO  leader.FollowerInfo (FollowerInfoImpl.java:lambda$new$0(47)) - omNode-3@group-523986131536->omNode-1: nextIndex: updateUnconditionally 30 -> 11
2021-11-02 20:17:12,007 [grpc-default-executor-13] INFO  server.RaftServer$Division (RaftServerImpl.java:checkInconsistentAppendEntries(1322)) - omNode-1@group-523986131536: Failed appendEntries as previous log entry ((t:10, i:29)) is not found
2021-11-02 20:17:12,008 [grpc-default-executor-13] INFO  server.RaftServer$Division (RaftServerImpl.java:checkInconsistentAppendEntries(1288)) - omNode-1@group-523986131536: inconsistency entries. Reply:omNode-3<-omNode-1#11481:FAIL-t10,INCONSISTENCY,nextIndex=11,followerCommit=10
2021-11-02 20:17:12,008 [grpc-default-executor-13] INFO  leader.FollowerInfo (FollowerInfoImpl.java:lambda$new$0(47)) - omNode-3@group-523986131536->omNode-1: nextIndex: updateUnconditionally 30 -> 11
2021-11-02 20:17:12,510 [grpc-default-executor-13] INFO  server.RaftServer$Division (RaftServerImpl.java:checkInconsistentAppendEntries(1322)) - omNode-1@group-523986131536: Failed appendEntries as previous log entry ((t:10, i:29)) is not found
2021-11-02 20:17:12,511 [grpc-default-executor-13] INFO  server.RaftServer$Division (RaftServerImpl.java:checkInconsistentAppendEntries(1288)) - omNode-1@group-523986131536: inconsistency entries. Reply:omNode-3<-omNode-1#11532:FAIL-t10,INCONSISTENCY,nextIndex=11,followerCommit=10
2021-11-02 20:17:12,511 [grpc-default-executor-13] INFO  leader.FollowerInfo (FollowerInfoImpl.java:lambda$new$0(47)) - omNode-3@group-523986131536->omNode-1: nextIndex: updateUnconditionally 30 -> 11
2021-11-02 20:17:13,013 [grpc-default-executor-13] INFO  server.RaftServer$Division (RaftServerImpl.java:checkInconsistentAppendEntries(1322)) - omNode-1@group-523986131536: Failed appendEntries as previous log entry ((t:10, i:29)) is not found
2021-11-02 20:17:13,014 [grpc-default-executor-13] INFO  server.RaftServer$Division (RaftServerImpl.java:checkInconsistentAppendEntries(1288)) - omNode-1@group-523986131536: inconsistency entries. Reply:omNode-3<-omNode-1#11583:FAIL-t10,INCONSISTENCY,nextIndex=11,followerCommit=10
2021-11-02 20:17:13,014 [grpc-default-executor-13] INFO  leader.FollowerInfo (FollowerInfoImpl.java:lambda$new$0(47)) - omNode-3@group-523986131536->omNode-1: nextIndex: updateUnconditionally 30 -> 11
2021-11-02 20:17:13,516 [grpc-default-executor-13] INFO  server.RaftServer$Division (RaftServerImpl.java:checkInconsistentAppendEntries(1322)) - omNode-1@group-523986131536: Failed appendEntries as previous log entry ((t:10, i:29)) is not found
2021-11-02 20:17:13,516 [grpc-default-executor-13] INFO  server.RaftServer$Division (RaftServerImpl.java:checkInconsistentAppendEntries(1288)) - omNode-1@group-523986131536: inconsistency entries. Reply:omNode-3<-omNode-1#11634:FAIL-t10,INCONSISTENCY,nextIndex=11,followerCommit=10
2021-11-02 20:17:13,517 [grpc-default-executor-13] INFO  leader.FollowerInfo (FollowerInfoImpl.java:lambda$new$0(47)) - omNode-3@group-523986131536->omNode-1: nextIndex: updateUnconditionally 30 -> 11
2021-11-02 20:17:14,018 [grpc-default-executor-13] INFO  server.RaftServer$Division (RaftServerImpl.java:checkInconsistentAppendEntries(1322)) - omNode-1@group-523986131536: Failed appendEntries as previous log entry ((t:10, i:29)) is not found
2021-11-02 20:17:14,019 [grpc-default-executor-13] INFO  server.RaftServer$Division (RaftServerImpl.java:checkInconsistentAppendEntries(1288)) - omNode-1@group-523986131536: inconsistency entries. Reply:omNode-3<-omNode-1#11685:FAIL-t10,INCONSISTENCY,nextIndex=11,followerCommit=10
2021-11-02 20:17:14,019 [grpc-default-executor-13] INFO  leader.FollowerInfo (FollowerInfoImpl.java:lambda$new$0(47)) - omNode-3@group-523986131536->omNode-1: nextIndex: updateUnconditionally 30 -> 11
2021-11-02 20:17:14,521 [grpc-default-executor-13] INFO  server.RaftServer$Division (RaftServerImpl.java:checkInconsistentAppendEntries(1322)) - omNode-1@group-523986131536: Failed appendEntries as previous log entry ((t:10, i:29)) is not found
2021-11-02 20:17:14,522 [grpc-default-executor-13] INFO  server.RaftServer$Division (RaftServerImpl.java:checkInconsistentAppendEntries(1288)) - omNode-1@group-523986131536: inconsistency entries. Reply:omNode-3<-omNode-1#11736:FAIL-t10,INCONSISTENCY,nextIndex=11,followerCommit=10
2021-11-02 20:17:14,522 [grpc-default-executor-13] INFO  leader.FollowerInfo (FollowerInfoImpl.java:lambda$new$0(47)) - omNode-3@group-523986131536->omNode-1: nextIndex: updateUnconditionally 30 -> 11
2021-11-02 20:17:15,024 [grpc-default-executor-13] INFO  server.RaftServer$Division (RaftServerImpl.java:checkInconsistentAppendEntries(1322)) - omNode-1@group-523986131536: Failed appendEntries as previous log entry ((t:10, i:29)) is not found
2021-11-02 20:17:15,025 [grpc-default-executor-13] INFO  server.RaftServer$Division (RaftServerImpl.java:checkInconsistentAppendEntries(1288)) - omNode-1@group-523986131536: inconsistency entries. Reply:omNode-3<-omNode-1#11787:FAIL-t10,INCONSISTENCY,nextIndex=11,followerCommit=10
2021-11-02 20:17:15,025 [grpc-default-executor-13] INFO  leader.FollowerInfo (FollowerInfoImpl.java:lambda$new$0(47)) - omNode-3@group-523986131536->omNode-1: nextIndex: updateUnconditionally 30 -> 11
2021-11-02 20:17:15,527 [grpc-default-executor-13] INFO  server.RaftServer$Division (RaftServerImpl.java:checkInconsistentAppendEntries(1322)) - omNode-1@group-523986131536: Failed appendEntries as previous log entry ((t:10, i:29)) is not found
2021-11-02 20:17:15,527 [grpc-default-executor-13] INFO  server.RaftServer$Division (RaftServerImpl.java:checkInconsistentAppendEntries(1288)) - omNode-1@group-523986131536: inconsistency entries. Reply:omNode-3<-omNode-1#11838:FAIL-t10,INCONSISTENCY,nextIndex=11,followerCommit=10
2021-11-02 20:17:15,527 [grpc-default-executor-13] INFO  leader.FollowerInfo (FollowerInfoImpl.java:lambda$new$0(47)) - omNode-3@group-523986131536->omNode-1: nextIndex: updateUnconditionally 30 -> 11
2021-11-02 20:17:16,029 [grpc-default-executor-13] INFO  server.RaftServer$Division (RaftServerImpl.java:checkInconsistentAppendEntries(1322)) - omNode-1@group-523986131536: Failed appendEntries as previous log entry ((t:10, i:29)) is not found
2021-11-02 20:17:16,029 [grpc-default-executor-13] INFO  server.RaftServer$Division (RaftServerImpl.java:checkInconsistentAppendEntries(1288)) - omNode-1@group-523986131536: inconsistency entries. Reply:omNode-3<-omNode-1#11889:FAIL-t10,INCONSISTENCY,nextIndex=11,followerCommit=10
2021-11-02 20:17:16,030 [grpc-default-executor-13] INFO  leader.FollowerInfo (FollowerInfoImpl.java:lambda$new$0(47)) - omNode-3@group-523986131536->omNode-1: nextIndex: updateUnconditionally 30 -> 11
2021-11-02 20:17:16,532 [grpc-default-executor-14] INFO  server.RaftServer$Division (RaftServerImpl.java:checkInconsistentAppendEntries(1322)) - omNode-1@group-523986131536: Failed appendEntries as previous log entry ((t:10, i:29)) is not found
2021-11-02 20:17:16,532 [grpc-default-executor-14] INFO  server.RaftServer$Division (RaftServerImpl.java:checkInconsistentAppendEntries(1288)) - omNode-1@group-523986131536: inconsistency entries. Reply:omNode-3<-omNode-1#11940:FAIL-t10,INCONSISTENCY,nextIndex=11,followerCommit=10
2021-11-02 20:17:16,532 [grpc-default-executor-14] INFO  leader.FollowerInfo (FollowerInfoImpl.java:lambda$new$0(47)) - omNode-3@group-523986131536->omNode-1: nextIndex: updateUnconditionally 30 -> 11
2021-11-02 20:17:17,034 [grpc-default-executor-13] INFO  server.RaftServer$Division (RaftServerImpl.java:checkInconsistentAppendEntries(1322)) - omNode-1@group-523986131536: Failed appendEntries as previous log entry ((t:10, i:29)) is not found
2021-11-02 20:17:17,034 [grpc-default-executor-13] INFO  server.RaftServer$Division (RaftServerImpl.java:checkInconsistentAppendEntries(1288)) - omNode-1@group-523986131536: inconsistency entries. Reply:omNode-3<-omNode-1#11991:FAIL-t10,INCONSISTENCY,nextIndex=11,followerCommit=10
2021-11-02 20:17:17,034 [grpc-default-executor-13] INFO  leader.FollowerInfo (FollowerInfoImpl.java:lambda$new$0(47)) - omNode-3@group-523986131536->omNode-1: nextIndex: updateUnconditionally 30 -> 11
2021-11-02 20:17:17,536 [grpc-default-executor-13] INFO  server.RaftServer$Division (RaftServerImpl.java:checkInconsistentAppendEntries(1322)) - omNode-1@group-523986131536: Failed appendEntries as previous log entry ((t:10, i:29)) is not found
2021-11-02 20:17:17,536 [grpc-default-executor-13] INFO  server.RaftServer$Division (RaftServerImpl.java:checkInconsistentAppendEntries(1288)) - omNode-1@group-523986131536: inconsistency entries. Reply:omNode-3<-omNode-1#12042:FAIL-t10,INCONSISTENCY,nextIndex=11,followerCommit=10
2021-11-02 20:17:17,536 [grpc-default-executor-13] INFO  leader.FollowerInfo (FollowerInfoImpl.java:lambda$new$0(47)) - omNode-3@group-523986131536->omNode-1: nextIndex: updateUnconditionally 30 -> 11
2021-11-02 20:17:18,038 [grpc-default-executor-13] INFO  server.RaftServer$Division (RaftServerImpl.java:checkInconsistentAppendEntries(1322)) - omNode-1@group-523986131536: Failed appendEntries as previous log entry ((t:10, i:29)) is not found
2021-11-02 20:17:18,038 [grpc-default-executor-13] INFO  server.RaftServer$Division (RaftServerImpl.java:checkInconsistentAppendEntries(1288)) - omNode-1@group-523986131536: inconsistency entries. Reply:omNode-3<-omNode-1#12093:FAIL-t10,INCONSISTENCY,nextIndex=11,followerCommit=10
2021-11-02 20:17:18,038 [grpc-default-executor-13] INFO  leader.FollowerInfo (FollowerInfoImpl.java:lambda$new$0(47)) - omNode-3@group-523986131536->omNode-1: nextIndex: updateUnconditionally 30 -> 11
2021-11-02 20:17:18,540 [grpc-default-executor-13] INFO  server.RaftServer$Division (RaftServerImpl.java:checkInconsistentAppendEntries(1322)) - omNode-1@group-523986131536: Failed appendEntries as previous log entry ((t:10, i:29)) is not found
2021-11-02 20:17:18,540 [grpc-default-executor-13] INFO  server.RaftServer$Division (RaftServerImpl.java:checkInconsistentAppendEntries(1288)) - omNode-1@group-523986131536: inconsistency entries. Reply:omNode-3<-omNode-1#12144:FAIL-t10,INCONSISTENCY,nextIndex=11,followerCommit=10
2021-11-02 20:17:18,540 [grpc-default-executor-13] INFO  leader.FollowerInfo (FollowerInfoImpl.java:lambda$new$0(47)) - omNode-3@group-523986131536->omNode-1: nextIndex: updateUnconditionally 30 -> 11
2021-11-02 20:17:19,042 [grpc-default-executor-13] INFO  server.RaftServer$Division (RaftServerImpl.java:checkInconsistentAppendEntries(1322)) - omNode-1@group-523986131536: Failed appendEntries as previous log entry ((t:10, i:29)) is not found
2021-11-02 20:17:19,042 [grpc-default-executor-13] INFO  server.RaftServer$Division (RaftServerImpl.java:checkInconsistentAppendEntries(1288)) - omNode-1@group-523986131536: inconsistency entries. Reply:omNode-3<-omNode-1#12195:FAIL-t10,INCONSISTENCY,nextIndex=11,followerCommit=10
2021-11-02 20:17:19,042 [grpc-default-executor-13] INFO  leader.FollowerInfo (FollowerInfoImpl.java:lambda$new$0(47)) - omNode-3@group-523986131536->omNode-1: nextIndex: updateUnconditionally 30 -> 11
2021-11-02 20:17:19,544 [grpc-default-executor-13] INFO  server.RaftServer$Division (RaftServerImpl.java:checkInconsistentAppendEntries(1322)) - omNode-1@group-523986131536: Failed appendEntries as previous log entry ((t:10, i:29)) is not found
2021-11-02 20:17:19,544 [grpc-default-executor-13] INFO  server.RaftServer$Division (RaftServerImpl.java:checkInconsistentAppendEntries(1288)) - omNode-1@group-523986131536: inconsistency entries. Reply:omNode-3<-omNode-1#12246:FAIL-t10,INCONSISTENCY,nextIndex=11,followerCommit=10
2021-11-02 20:17:19,544 [grpc-default-executor-13] INFO  leader.FollowerInfo (FollowerInfoImpl.java:lambda$new$0(47)) - omNode-3@group-523986131536->omNode-1: nextIndex: updateUnconditionally 30 -> 11
2021-11-02 20:17:20,013 [Time-limited test] INFO  om.OzoneManager (OzoneManager.java:stop(1697)) - Stopping Ozone Manager
2021-11-02 20:17:20,014 [Time-limited test] INFO  ipc.Server (Server.java:stop(3414)) - Stopping server on 10620
2021-11-02 20:17:20,018 [IPC Server listener on 10620] INFO  ipc.Server (Server.java:run(1376)) - Stopping IPC Server listener on 10620
2021-11-02 20:17:20,018 [IPC Server Responder] INFO  ipc.Server (Server.java:run(1512)) - Stopping IPC Server Responder
2021-11-02 20:17:20,020 [Time-limited test] INFO  server.RaftServer (RaftServerProxy.java:lambda$close$6(391)) - omNode-3: close
2021-11-02 20:17:20,021 [Time-limited test] INFO  server.RaftServer$Division (RaftServerImpl.java:lambda$close$4(412)) - omNode-3@group-523986131536: shutdown
2021-11-02 20:17:20,021 [Time-limited test] INFO  util.JmxRegister (JmxRegister.java:unregister(73)) - Successfully un-registered JMX Bean with object name Ratis:service=RaftServer,group=group-523986131536,id=omNode-3
2021-11-02 20:17:20,021 [Time-limited test] INFO  impl.RoleInfo (RoleInfo.java:shutdownLeaderState(91)) - omNode-3: shutdown omNode-3@group-523986131536-LeaderStateImpl
2021-11-02 20:17:20,021 [omNode-3@group-523986131536->omNode-2-GrpcLogAppender-LogAppenderDaemon] WARN  server.GrpcLogAppender (GrpcLogAppender.java:mayWait(177)) - omNode-3@group-523986131536->omNode-2-GrpcLogAppender: Wait interrupted by java.lang.InterruptedException
2021-11-02 20:17:20,022 [grpc-default-executor-13] INFO  server.GrpcServerProtocolService (GrpcServerProtocolService.java:onCompleted(140)) - omNode-2: Completed APPEND_ENTRIES, lastRequest: omNode-3->omNode-2#57-t10,previous=(t:10, i:28),leaderCommit=28,initializing? true,entries: size=1, first=(t:10, i:29), METADATAENTRY(c:28)
2021-11-02 20:17:20,022 [Time-limited test] INFO  impl.PendingRequests (PendingRequests.java:sendNotLeaderResponses(282)) - omNode-3@group-523986131536-PendingRequests: sendNotLeaderResponses
2021-11-02 20:17:20,022 [omNode-3@group-523986131536->omNode-1-GrpcLogAppender-LogAppenderDaemon] WARN  server.GrpcLogAppender (GrpcLogAppender.java:mayWait(177)) - omNode-3@group-523986131536->omNode-1-GrpcLogAppender: Wait interrupted by java.lang.InterruptedException
2021-11-02 20:17:20,023 [grpc-default-executor-13] INFO  server.GrpcServerProtocolService (GrpcServerProtocolService.java:onCompleted(140)) - omNode-1: Completed APPEND_ENTRIES, lastRequest: omNode-3->omNode-1#12247-t10,previous=(t:0, i:0),leaderCommit=19,initializing? false,entries: size=19, first=(t:3, i:11), CONFIGURATIONENTRY
2021-11-02 20:17:20,023 [grpc-default-executor-16] INFO  server.GrpcLogAppender (GrpcLogAppender.java:onCompleted(346)) - omNode-3@group-523986131536->omNode-2-AppendLogResponseHandler: follower responses appendEntries COMPLETED
2021-11-02 20:17:20,023 [grpc-default-executor-16] INFO  leader.FollowerInfo (FollowerInfoImpl.java:lambda$new$0(47)) - omNode-3@group-523986131536->omNode-2: nextIndex: updateUnconditionally 30 -> 29
2021-11-02 20:17:20,026 [omNode-3@group-523986131536-StateMachineUpdater] INFO  ratis.OzoneManagerStateMachine (OzoneManagerStateMachine.java:takeSnapshot(417)) - Current Snapshot Index (t:10, i:29)
2021-11-02 20:17:20,025 [Time-limited test] INFO  impl.StateMachineUpdater (StateMachineUpdater.java:stopAndJoin(149)) - omNode-3@group-523986131536-StateMachineUpdater: set stopIndex = 29
2021-11-02 20:17:20,036 [omNode-3@group-523986131536-StateMachineUpdater] INFO  impl.StateMachineUpdater (StateMachineUpdater.java:takeSnapshot(281)) - omNode-3@group-523986131536-StateMachineUpdater: Took a snapshot at index 29
2021-11-02 20:17:20,036 [omNode-3@group-523986131536-StateMachineUpdater] INFO  impl.StateMachineUpdater (StateMachineUpdater.java:lambda$new$0(89)) - omNode-3@group-523986131536-StateMachineUpdater: snapshotIndex: updateIncreasingly 25 -> 29
2021-11-02 20:17:20,036 [omNode-3@group-523986131536-StateMachineUpdater] INFO  ratis.OzoneManagerStateMachine (OzoneManagerStateMachine.java:close(471)) - StateMachine has shutdown. Shutdown OzoneManager if not already shutdown.
2021-11-02 20:17:20,025 [grpc-default-executor-13] INFO  server.GrpcLogAppender (GrpcLogAppender.java:onCompleted(346)) - omNode-3@group-523986131536->omNode-1-AppendLogResponseHandler: follower responses appendEntries COMPLETED
2021-11-02 20:17:20,036 [grpc-default-executor-13] INFO  leader.FollowerInfo (FollowerInfoImpl.java:lambda$new$0(47)) - omNode-3@group-523986131536->omNode-1: nextIndex: updateUnconditionally 30 -> 11
2021-11-02 20:17:20,038 [Time-limited test] INFO  server.RaftServer$Division (ServerState.java:close(419)) - omNode-3@group-523986131536: closes. applyIndex: 29
2021-11-02 20:17:20,039 [omNode-3@group-523986131536-SegmentedRaftLogWorker] INFO  segmented.SegmentedRaftLogWorker (SegmentedRaftLogWorker.java:run(327)) - omNode-3@group-523986131536-SegmentedRaftLogWorker was interrupted, exiting. There are 0 tasks remaining in the queue.
2021-11-02 20:17:20,040 [Time-limited test] INFO  segmented.SegmentedRaftLogWorker (SegmentedRaftLogWorker.java:close(237)) - omNode-3@group-523986131536-SegmentedRaftLogWorker close()
2021-11-02 20:17:20,041 [Time-limited test] INFO  server.GrpcService (GrpcService.java:closeImpl(262)) - omNode-3: shutdown server with port 10624 now
2021-11-02 20:17:20,807 [omNode-1@group-523986131536-FollowerState] INFO  impl.FollowerState (FollowerState.java:run(134)) - omNode-1@group-523986131536-FollowerState: change to CANDIDATE, lastRpcElapsedTime:1263025010ns, electionTimeout:1192ms
2021-11-02 20:17:20,808 [omNode-1@group-523986131536-FollowerState] INFO  impl.RoleInfo (RoleInfo.java:shutdownFollowerState(108)) - omNode-1: shutdown omNode-1@group-523986131536-FollowerState
2021-11-02 20:17:20,808 [omNode-1@group-523986131536-FollowerState] INFO  server.RaftServer$Division (RaftServerImpl.java:setRole(290)) - omNode-1@group-523986131536: changes role from  FOLLOWER to CANDIDATE at term 10 for changeToCandidate
2021-11-02 20:17:20,808 [omNode-1@group-523986131536-FollowerState] INFO  server.RaftServerConfigKeys (ConfUtils.java:logGet(44)) - raft.server.leaderelection.pre-vote = false (custom)
2021-11-02 20:17:20,808 [omNode-1@group-523986131536-FollowerState] INFO  impl.RoleInfo (RoleInfo.java:updateAndGet(130)) - omNode-1: start omNode-1@group-523986131536-LeaderElection29
2021-11-02 20:17:20,810 [omNode-1@group-523986131536-LeaderElection29] INFO  server.RaftServer$Division (ServerState.java:setLeader(285)) - omNode-1@group-523986131536: change Leader from omNode-3 to null at term 10 for ELECTION
2021-11-02 20:17:20,812 [omNode-1@group-523986131536-LeaderElection29] INFO  impl.LeaderElection (LeaderElection.java:askForVotes(306)) - omNode-1@group-523986131536-LeaderElection29 ELECTION round 0: submit vote requests at term 11 for 26: [omNode-3|rpc:localhost:10624|admin:|client:|dataStream:|priority:0, omNode-1|rpc:localhost:10612|admin:|client:|dataStream:|priority:0, omNode-2|rpc:localhost:10618|admin:|client:|dataStream:|priority:0], old=null
2021-11-02 20:17:20,824 [omNode-1@group-523986131536-LeaderElection29] INFO  impl.LeaderElection (LogUtils.java:infoOrTrace(137)) - omNode-1@group-523986131536-LeaderElection29 got exception when requesting votes: java.util.concurrent.ExecutionException: org.apache.ratis.thirdparty.io.grpc.StatusRuntimeException: UNAVAILABLE: io exception
2021-11-02 20:17:20,825 [grpc-default-executor-16] INFO  server.RaftServer$Division (RaftServerImpl.java:requestVote(1046)) - omNode-2@group-523986131536: receive requestVote(ELECTION, omNode-1, group-523986131536, 11, (t:2, i:10))
2021-11-02 20:17:20,825 [grpc-default-executor-16] INFO  impl.VoteContext (VoteContext.java:log(48)) - omNode-2@group-523986131536-FOLLOWER: reject ELECTION from omNode-1: our last entry (t:10, i:29) > candidate's last entry (t:2, i:10)
2021-11-02 20:17:20,825 [grpc-default-executor-16] INFO  server.RaftServer$Division (ServerState.java:setLeader(285)) - omNode-2@group-523986131536: change Leader from omNode-3 to null at term 11 for updateCurrentTerm
2021-11-02 20:17:20,825 [grpc-default-executor-16] INFO  server.RaftServer$Division (RaftServerImpl.java:setRole(290)) - omNode-2@group-523986131536: changes role from  FOLLOWER to FOLLOWER at term 11 for candidate:omNode-1
2021-11-02 20:17:20,825 [grpc-default-executor-16] INFO  impl.RoleInfo (RoleInfo.java:shutdownFollowerState(108)) - omNode-2: shutdown omNode-2@group-523986131536-FollowerState
2021-11-02 20:17:20,825 [grpc-default-executor-16] INFO  impl.RoleInfo (RoleInfo.java:updateAndGet(130)) - omNode-2: start omNode-2@group-523986131536-FollowerState
2021-11-02 20:17:20,825 [omNode-2@group-523986131536-FollowerState] INFO  impl.FollowerState (FollowerState.java:run(143)) - omNode-2@group-523986131536-FollowerState was interrupted: {}
java.lang.InterruptedException: sleep interrupted
	at java.lang.Thread.sleep(Native Method)
	at java.lang.Thread.sleep(Thread.java:340)
	at java.util.concurrent.TimeUnit.sleep(TimeUnit.java:386)
	at org.apache.ratis.util.TimeDuration.sleep(TimeDuration.java:324)
	at org.apache.ratis.util.TimeDuration.sleep(TimeDuration.java:309)
	at org.apache.ratis.server.impl.FollowerState.run(FollowerState.java:118)
2021-11-02 20:17:20,829 [grpc-default-executor-16] INFO  server.RaftServer$Division (RaftServerImpl.java:requestVote(1078)) - omNode-2@group-523986131536 replies to ELECTION vote request: omNode-1<-omNode-2#0:FAIL-t11. Peer's state: omNode-2@group-523986131536:t11, leader=null, voted=null, raftlog=omNode-2@group-523986131536-SegmentedRaftLog:OPENED:c29, conf=26: [omNode-3|rpc:localhost:10624|admin:|client:|dataStream:|priority:0, omNode-1|rpc:localhost:10612|admin:|client:|dataStream:|priority:0, omNode-2|rpc:localhost:10618|admin:|client:|dataStream:|priority:0], old=null
2021-11-02 20:17:20,830 [omNode-1@group-523986131536-LeaderElection29] INFO  impl.LeaderElection (LeaderElection.java:logAndReturn(89)) - omNode-1@group-523986131536-LeaderElection29: ELECTION REJECTED received 1 response(s) and 1 exception(s):
2021-11-02 20:17:20,830 [omNode-1@group-523986131536-LeaderElection29] INFO  impl.LeaderElection (LeaderElection.java:logAndReturn(93)) -   Response 0: omNode-1<-omNode-2#0:FAIL-t11
2021-11-02 20:17:20,830 [omNode-1@group-523986131536-LeaderElection29] INFO  impl.LeaderElection (LogUtils.java:infoOrTrace(137)) -   Exception 1: java.util.concurrent.ExecutionException: org.apache.ratis.thirdparty.io.grpc.StatusRuntimeException: UNAVAILABLE: io exception
2021-11-02 20:17:20,830 [omNode-1@group-523986131536-LeaderElection29] INFO  impl.LeaderElection (LeaderElection.java:askForVotes(308)) - omNode-1@group-523986131536-LeaderElection29 ELECTION round 0: result REJECTED
2021-11-02 20:17:20,830 [omNode-1@group-523986131536-LeaderElection29] INFO  server.RaftServer$Division (RaftServerImpl.java:setRole(290)) - omNode-1@group-523986131536: changes role from CANDIDATE to FOLLOWER at term 11 for REJECTED
2021-11-02 20:17:20,830 [omNode-1@group-523986131536-LeaderElection29] INFO  impl.RoleInfo (RoleInfo.java:shutdownLeaderElection(121)) - omNode-1: shutdown omNode-1@group-523986131536-LeaderElection29
2021-11-02 20:17:20,830 [omNode-1@group-523986131536-LeaderElection29] INFO  impl.RoleInfo (RoleInfo.java:updateAndGet(130)) - omNode-1: start omNode-1@group-523986131536-FollowerState
2021-11-02 20:17:21,967 [omNode-1@group-523986131536-FollowerState] INFO  impl.FollowerState (FollowerState.java:run(134)) - omNode-1@group-523986131536-FollowerState: change to CANDIDATE, lastRpcElapsedTime:1136415009ns, electionTimeout:1134ms
2021-11-02 20:17:21,967 [omNode-1@group-523986131536-FollowerState] INFO  impl.RoleInfo (RoleInfo.java:shutdownFollowerState(108)) - omNode-1: shutdown omNode-1@group-523986131536-FollowerState
2021-11-02 20:17:21,967 [omNode-1@group-523986131536-FollowerState] INFO  server.RaftServer$Division (RaftServerImpl.java:setRole(290)) - omNode-1@group-523986131536: changes role from  FOLLOWER to CANDIDATE at term 11 for changeToCandidate
2021-11-02 20:17:21,967 [omNode-1@group-523986131536-FollowerState] INFO  server.RaftServerConfigKeys (ConfUtils.java:logGet(44)) - raft.server.leaderelection.pre-vote = false (custom)
2021-11-02 20:17:21,967 [omNode-1@group-523986131536-FollowerState] INFO  impl.RoleInfo (RoleInfo.java:updateAndGet(130)) - omNode-1: start omNode-1@group-523986131536-LeaderElection30
2021-11-02 20:17:21,970 [omNode-1@group-523986131536-LeaderElection30] INFO  impl.LeaderElection (LeaderElection.java:askForVotes(306)) - omNode-1@group-523986131536-LeaderElection30 ELECTION round 0: submit vote requests at term 12 for 26: [omNode-3|rpc:localhost:10624|admin:|client:|dataStream:|priority:0, omNode-1|rpc:localhost:10612|admin:|client:|dataStream:|priority:0, omNode-2|rpc:localhost:10618|admin:|client:|dataStream:|priority:0], old=null
2021-11-02 20:17:21,971 [omNode-1@group-523986131536-LeaderElection30] INFO  impl.LeaderElection (LogUtils.java:infoOrTrace(137)) - omNode-1@group-523986131536-LeaderElection30 got exception when requesting votes: java.util.concurrent.ExecutionException: org.apache.ratis.thirdparty.io.grpc.StatusRuntimeException: UNAVAILABLE: io exception
2021-11-02 20:17:21,978 [grpc-default-executor-13] INFO  server.RaftServer$Division (RaftServerImpl.java:requestVote(1046)) - omNode-2@group-523986131536: receive requestVote(ELECTION, omNode-1, group-523986131536, 12, (t:2, i:10))
2021-11-02 20:17:21,978 [grpc-default-executor-13] INFO  impl.VoteContext (VoteContext.java:log(48)) - omNode-2@group-523986131536-FOLLOWER: reject ELECTION from omNode-1: our last entry (t:10, i:29) > candidate's last entry (t:2, i:10)
2021-11-02 20:17:21,978 [grpc-default-executor-13] INFO  server.RaftServer$Division (RaftServerImpl.java:setRole(290)) - omNode-2@group-523986131536: changes role from  FOLLOWER to FOLLOWER at term 12 for candidate:omNode-1
2021-11-02 20:17:21,978 [grpc-default-executor-13] INFO  impl.RoleInfo (RoleInfo.java:shutdownFollowerState(108)) - omNode-2: shutdown omNode-2@group-523986131536-FollowerState
2021-11-02 20:17:21,978 [grpc-default-executor-13] INFO  impl.RoleInfo (RoleInfo.java:updateAndGet(130)) - omNode-2: start omNode-2@group-523986131536-FollowerState
2021-11-02 20:17:21,978 [omNode-2@group-523986131536-FollowerState] INFO  impl.FollowerState (FollowerState.java:run(143)) - omNode-2@group-523986131536-FollowerState was interrupted: {}
java.lang.InterruptedException: sleep interrupted
	at java.lang.Thread.sleep(Native Method)
	at java.lang.Thread.sleep(Thread.java:340)
	at java.util.concurrent.TimeUnit.sleep(TimeUnit.java:386)
	at org.apache.ratis.util.TimeDuration.sleep(TimeDuration.java:324)
	at org.apache.ratis.util.TimeDuration.sleep(TimeDuration.java:309)
	at org.apache.ratis.server.impl.FollowerState.run(FollowerState.java:118)
2021-11-02 20:17:21,989 [grpc-default-executor-13] INFO  server.RaftServer$Division (RaftServerImpl.java:requestVote(1078)) - omNode-2@group-523986131536 replies to ELECTION vote request: omNode-1<-omNode-2#0:FAIL-t12. Peer's state: omNode-2@group-523986131536:t12, leader=null, voted=null, raftlog=omNode-2@group-523986131536-SegmentedRaftLog:OPENED:c29, conf=26: [omNode-3|rpc:localhost:10624|admin:|client:|dataStream:|priority:0, omNode-1|rpc:localhost:10612|admin:|client:|dataStream:|priority:0, omNode-2|rpc:localhost:10618|admin:|client:|dataStream:|priority:0], old=null
2021-11-02 20:17:21,990 [omNode-1@group-523986131536-LeaderElection30] INFO  impl.LeaderElection (LeaderElection.java:logAndReturn(89)) - omNode-1@group-523986131536-LeaderElection30: ELECTION REJECTED received 1 response(s) and 1 exception(s):
2021-11-02 20:17:21,990 [omNode-1@group-523986131536-LeaderElection30] INFO  impl.LeaderElection (LeaderElection.java:logAndReturn(93)) -   Response 0: omNode-1<-omNode-2#0:FAIL-t12
2021-11-02 20:17:21,991 [omNode-1@group-523986131536-LeaderElection30] INFO  impl.LeaderElection (LogUtils.java:infoOrTrace(137)) -   Exception 1: java.util.concurrent.ExecutionException: org.apache.ratis.thirdparty.io.grpc.StatusRuntimeException: UNAVAILABLE: io exception
2021-11-02 20:17:21,991 [omNode-1@group-523986131536-LeaderElection30] INFO  impl.LeaderElection (LeaderElection.java:askForVotes(308)) - omNode-1@group-523986131536-LeaderElection30 ELECTION round 0: result REJECTED
2021-11-02 20:17:21,991 [omNode-1@group-523986131536-LeaderElection30] INFO  server.RaftServer$Division (RaftServerImpl.java:setRole(290)) - omNode-1@group-523986131536: changes role from CANDIDATE to FOLLOWER at term 12 for REJECTED
2021-11-02 20:17:21,991 [omNode-1@group-523986131536-LeaderElection30] INFO  impl.RoleInfo (RoleInfo.java:shutdownLeaderElection(121)) - omNode-1: shutdown omNode-1@group-523986131536-LeaderElection30
2021-11-02 20:17:21,991 [omNode-1@group-523986131536-LeaderElection30] INFO  impl.RoleInfo (RoleInfo.java:updateAndGet(130)) - omNode-1: start omNode-1@group-523986131536-FollowerState
2021-11-02 20:17:23,043 [Time-limited test] WARN  grpc.GrpcUtil (GrpcUtil.java:shutdownManagedChannel(216)) - Timed out gracefully shutting down connection: ManagedChannelOrphanWrapper{delegate=ManagedChannelImpl{logId=627, target=localhost:10612}}. 
2021-11-02 20:17:23,043 [grpc-default-executor-16] INFO  server.GrpcLogAppender (GrpcLogAppender.java:onError(335)) - omNode-3@group-523986131536->omNode-1-GrpcLogAppender is stopped
2021-11-02 20:17:23,046 [grpc-default-executor-13] WARN  server.GrpcServerProtocolService (LogUtils.java:warn(122)) - omNode-1: installSnapshot onError, lastRequest: omNode-3->omNode-1#1-t10,previous=(t:9, i:25),leaderCommit=25,initializing? true,entries: size=1, first=(t:10, i:26), CONFIGURATIONENTRY: org.apache.ratis.thirdparty.io.grpc.StatusRuntimeException: CANCELLED: client cancelled
2021-11-02 20:17:23,047 [Time-limited test] INFO  server.GrpcService (GrpcService.java:closeImpl(271)) - omNode-3: shutdown server with port 10624 successfully
2021-11-02 20:17:23,048 [org.apache.ratis.util.JvmPauseMonitor$$Lambda$523/614850410@7b345766] INFO  util.JvmPauseMonitor (JvmPauseMonitor.java:run(109)) - JvmPauseMonitor-omNode-3: Stopped
2021-11-02 20:17:23,048 [Time-limited test] INFO  ratis.OzoneManagerDoubleBuffer (OzoneManagerDoubleBuffer.java:stop(437)) - Stopping OMDoubleBuffer flush thread
2021-11-02 20:17:23,048 [OMDoubleBufferFlushThread] INFO  ratis.OzoneManagerDoubleBuffer (OzoneManagerDoubleBuffer.java:flushTransactions(356)) - OMDoubleBuffer flush thread OMDoubleBufferFlushThread is interrupted and will exit. OMDoubleBufferFlushThread
2021-11-02 20:17:23,051 [Time-limited test] INFO  handler.ContextHandler (ContextHandler.java:doStop(1153)) - Stopped o.e.j.w.WebAppContext@22c31c4f{ozoneManager,/,null,STOPPED}{file:/home/runner/work/ozone/ozone/hadoop-ozone/integration-test/target/test-classes/webapps/ozoneManager}
2021-11-02 20:17:23,052 [Time-limited test] INFO  server.AbstractConnector (AbstractConnector.java:doStop(381)) - Stopped ServerConnector@c4ea076{HTTP/1.1, (http/1.1)}{0.0.0.0:10622}
2021-11-02 20:17:23,052 [Time-limited test] INFO  server.session (HouseKeeper.java:stopScavenging(149)) - node0 Stopped scavenging
2021-11-02 20:17:23,054 [Time-limited test] INFO  handler.ContextHandler (ContextHandler.java:doStop(1153)) - Stopped o.e.j.s.ServletContextHandler@ec52336{static,/static,file:///home/runner/work/ozone/ozone/hadoop-ozone/integration-test/target/test-classes/webapps/static,STOPPED}
2021-11-02 20:17:23,054 [Time-limited test] INFO  handler.ContextHandler (ContextHandler.java:doStop(1153)) - Stopped o.e.j.s.ServletContextHandler@66bf3ebf{logs,/logs,file:///home/runner/work/ozone/ozone/hadoop-ozone/integration-test/target/log,STOPPED}
2021-11-02 20:17:23,058 [Time-limited test] INFO  om.OzoneManager (OzoneManager.java:initFSOLayout(3662)) - Configured ozone.om.metadata.layout=SIMPLE and disabled optimized OM FS operations
2021-11-02 20:17:23,059 [Time-limited test] INFO  om.OzoneManager (OzoneManager.java:restart(1412)) - OzoneManager RPC server is listening at localhost/127.0.0.1:10620
2021-11-02 20:17:23,059 [Time-limited test] INFO  impl.MetricsSystemImpl (MetricsSystemImpl.java:init(158)) - OzoneManager metrics system started (again)
2021-11-02 20:17:23,074 [Time-limited test] WARN  server.ServerUtils (ServerUtils.java:getDBPath(225)) - ozone.om.db.dirs is not configured. We recommend adding this setting. Falling back to ozone.metadata.dirs instead.
2021-11-02 20:17:23,075 [Time-limited test] INFO  codec.OmKeyInfoCodec (OmKeyInfoCodec.java:<init>(51)) - OmKeyInfoCodec ignorePipeline = true
2021-11-02 20:17:23,075 [Time-limited test] INFO  codec.RepeatedOmKeyInfoCodec (RepeatedOmKeyInfoCodec.java:<init>(42)) - RepeatedOmKeyInfoCodec ignorePipeline = true
2021-11-02 20:17:23,082 [omNode-1@group-523986131536-FollowerState] INFO  impl.FollowerState (FollowerState.java:run(134)) - omNode-1@group-523986131536-FollowerState: change to CANDIDATE, lastRpcElapsedTime:1091385401ns, electionTimeout:1091ms
2021-11-02 20:17:23,082 [omNode-1@group-523986131536-FollowerState] INFO  impl.RoleInfo (RoleInfo.java:shutdownFollowerState(108)) - omNode-1: shutdown omNode-1@group-523986131536-FollowerState
2021-11-02 20:17:23,082 [omNode-1@group-523986131536-FollowerState] INFO  server.RaftServer$Division (RaftServerImpl.java:setRole(290)) - omNode-1@group-523986131536: changes role from  FOLLOWER to CANDIDATE at term 12 for changeToCandidate
2021-11-02 20:17:23,082 [omNode-1@group-523986131536-FollowerState] INFO  server.RaftServerConfigKeys (ConfUtils.java:logGet(44)) - raft.server.leaderelection.pre-vote = false (custom)
2021-11-02 20:17:23,083 [omNode-1@group-523986131536-FollowerState] INFO  impl.RoleInfo (RoleInfo.java:updateAndGet(130)) - omNode-1: start omNode-1@group-523986131536-LeaderElection31
2021-11-02 20:17:23,091 [omNode-1@group-523986131536-LeaderElection31] INFO  impl.LeaderElection (LeaderElection.java:askForVotes(306)) - omNode-1@group-523986131536-LeaderElection31 ELECTION round 0: submit vote requests at term 13 for 26: [omNode-3|rpc:localhost:10624|admin:|client:|dataStream:|priority:0, omNode-1|rpc:localhost:10612|admin:|client:|dataStream:|priority:0, omNode-2|rpc:localhost:10618|admin:|client:|dataStream:|priority:0], old=null
2021-11-02 20:17:23,094 [omNode-1@group-523986131536-LeaderElection31] INFO  impl.LeaderElection (LogUtils.java:infoOrTrace(137)) - omNode-1@group-523986131536-LeaderElection31 got exception when requesting votes: java.util.concurrent.ExecutionException: org.apache.ratis.thirdparty.io.grpc.StatusRuntimeException: UNAVAILABLE: io exception
2021-11-02 20:17:23,097 [grpc-default-executor-16] INFO  server.RaftServer$Division (RaftServerImpl.java:requestVote(1046)) - omNode-2@group-523986131536: receive requestVote(ELECTION, omNode-1, group-523986131536, 13, (t:2, i:10))
2021-11-02 20:17:23,097 [grpc-default-executor-16] INFO  impl.VoteContext (VoteContext.java:log(48)) - omNode-2@group-523986131536-FOLLOWER: reject ELECTION from omNode-1: our last entry (t:10, i:29) > candidate's last entry (t:2, i:10)
2021-11-02 20:17:23,098 [grpc-default-executor-16] INFO  server.RaftServer$Division (RaftServerImpl.java:setRole(290)) - omNode-2@group-523986131536: changes role from  FOLLOWER to FOLLOWER at term 13 for candidate:omNode-1
2021-11-02 20:17:23,098 [grpc-default-executor-16] INFO  impl.RoleInfo (RoleInfo.java:shutdownFollowerState(108)) - omNode-2: shutdown omNode-2@group-523986131536-FollowerState
2021-11-02 20:17:23,098 [grpc-default-executor-16] INFO  impl.RoleInfo (RoleInfo.java:updateAndGet(130)) - omNode-2: start omNode-2@group-523986131536-FollowerState
2021-11-02 20:17:23,099 [omNode-2@group-523986131536-FollowerState] INFO  impl.FollowerState (FollowerState.java:run(143)) - omNode-2@group-523986131536-FollowerState was interrupted: {}
java.lang.InterruptedException: sleep interrupted
	at java.lang.Thread.sleep(Native Method)
	at java.lang.Thread.sleep(Thread.java:340)
	at java.util.concurrent.TimeUnit.sleep(TimeUnit.java:386)
	at org.apache.ratis.util.TimeDuration.sleep(TimeDuration.java:324)
	at org.apache.ratis.util.TimeDuration.sleep(TimeDuration.java:309)
	at org.apache.ratis.server.impl.FollowerState.run(FollowerState.java:118)
2021-11-02 20:17:23,101 [grpc-default-executor-16] INFO  server.RaftServer$Division (RaftServerImpl.java:requestVote(1078)) - omNode-2@group-523986131536 replies to ELECTION vote request: omNode-1<-omNode-2#0:FAIL-t13. Peer's state: omNode-2@group-523986131536:t13, leader=null, voted=null, raftlog=omNode-2@group-523986131536-SegmentedRaftLog:OPENED:c29, conf=26: [omNode-3|rpc:localhost:10624|admin:|client:|dataStream:|priority:0, omNode-1|rpc:localhost:10612|admin:|client:|dataStream:|priority:0, omNode-2|rpc:localhost:10618|admin:|client:|dataStream:|priority:0], old=null
2021-11-02 20:17:23,101 [omNode-1@group-523986131536-LeaderElection31] INFO  impl.LeaderElection (LeaderElection.java:logAndReturn(89)) - omNode-1@group-523986131536-LeaderElection31: ELECTION REJECTED received 1 response(s) and 1 exception(s):
2021-11-02 20:17:23,102 [omNode-1@group-523986131536-LeaderElection31] INFO  impl.LeaderElection (LeaderElection.java:logAndReturn(93)) -   Response 0: omNode-1<-omNode-2#0:FAIL-t13
2021-11-02 20:17:23,102 [omNode-1@group-523986131536-LeaderElection31] INFO  impl.LeaderElection (LogUtils.java:infoOrTrace(137)) -   Exception 1: java.util.concurrent.ExecutionException: org.apache.ratis.thirdparty.io.grpc.StatusRuntimeException: UNAVAILABLE: io exception
2021-11-02 20:17:23,102 [omNode-1@group-523986131536-LeaderElection31] INFO  impl.LeaderElection (LeaderElection.java:askForVotes(308)) - omNode-1@group-523986131536-LeaderElection31 ELECTION round 0: result REJECTED
2021-11-02 20:17:23,102 [omNode-1@group-523986131536-LeaderElection31] INFO  server.RaftServer$Division (RaftServerImpl.java:setRole(290)) - omNode-1@group-523986131536: changes role from CANDIDATE to FOLLOWER at term 13 for REJECTED
2021-11-02 20:17:23,102 [omNode-1@group-523986131536-LeaderElection31] INFO  impl.RoleInfo (RoleInfo.java:shutdownLeaderElection(121)) - omNode-1: shutdown omNode-1@group-523986131536-LeaderElection31
2021-11-02 20:17:23,102 [omNode-1@group-523986131536-LeaderElection31] INFO  impl.RoleInfo (RoleInfo.java:updateAndGet(130)) - omNode-1: start omNode-1@group-523986131536-FollowerState
2021-11-02 20:17:23,114 [Time-limited test] WARN  impl.MetricRegistriesImpl (MetricRegistriesImpl.java:addReporterRegistration(111)) - New reporters are added after registries were created. Some metrics will be missing from the reporter. Please add reporter before adding any new registry.
2021-11-02 20:17:23,114 [Time-limited test] WARN  impl.MetricRegistriesImpl (MetricRegistriesImpl.java:addReporterRegistration(111)) - New reporters are added after registries were created. Some metrics will be missing from the reporter. Please add reporter before adding any new registry.
2021-11-02 20:17:23,114 [Time-limited test] WARN  server.ServerUtils (ServerUtils.java:getDefaultRatisDirectory(237)) - Storage directory for Ratis is not configured. It is a good idea to map this to an SSD disk. Falling back to ozone.metadata.dirs
2021-11-02 20:17:23,115 [Time-limited test] INFO  ratis.OzoneManagerRatisServer (OzoneManagerRatisServer.java:<init>(159)) - Instantiating OM Ratis server with groupID: om-service-test1 and peers: localhost:10624, localhost:10612, localhost:10618
2021-11-02 20:17:23,115 [Time-limited test] INFO  ratis.OzoneManagerStateMachine (OzoneManagerStateMachine.java:loadSnapshotInfoFromDB(605)) - LastAppliedIndex is set from TransactionInfo from OM DB as (t:10, i:29)
2021-11-02 20:17:23,119 [Time-limited test] INFO  server.RaftServer (ConfUtils.java:logGet(44)) - raft.rpc.type = GRPC (default)
2021-11-02 20:17:23,119 [Time-limited test] INFO  grpc.GrpcFactory (GrpcFactory.java:checkPooledByteBufAllocatorUseCacheForAllThreads(48)) - PERFORMANCE WARNING: useCacheForAllThreads is true that may cause Netty to create a lot garbage objects and, as a result, trigger GC.
	It is recommended to disable useCacheForAllThreads by setting -Dorg.apache.ratis.thirdparty.io.netty.allocator.useCacheForAllThreads=false in command line.
2021-11-02 20:17:23,120 [Time-limited test] INFO  grpc.GrpcConfigKeys (ConfUtils.java:logGet(44)) - raft.grpc.admin.port = -1 (default)
2021-11-02 20:17:23,120 [Time-limited test] INFO  grpc.GrpcConfigKeys (ConfUtils.java:logGet(44)) - raft.grpc.server.port = 10624 (custom)
2021-11-02 20:17:23,120 [Time-limited test] INFO  grpc.GrpcConfigKeys (ConfUtils.java:logGet(44)) - raft.grpc.client.port = -1 (default)
2021-11-02 20:17:23,120 [Time-limited test] INFO  grpc.GrpcConfigKeys (ConfUtils.java:logGet(44)) - raft.grpc.server.port = 10624 (custom)
2021-11-02 20:17:23,120 [Time-limited test] INFO  grpc.GrpcConfigKeys (ConfUtils.java:logGet(44)) - raft.grpc.server.port = 10624 (custom)
2021-11-02 20:17:23,120 [Time-limited test] INFO  server.GrpcService (ConfUtils.java:logGet(44)) - raft.grpc.message.size.max = 33554432 (custom)
2021-11-02 20:17:23,120 [Time-limited test] INFO  server.RaftServerConfigKeys (ConfUtils.java:logGet(44)) - raft.server.log.appender.buffer.byte-limit = 33554432 (custom)
2021-11-02 20:17:23,120 [Time-limited test] INFO  server.GrpcService (ConfUtils.java:logGet(44)) - raft.grpc.flow.control.window = 1MB (=1048576) (default)
2021-11-02 20:17:23,120 [Time-limited test] INFO  server.RaftServerConfigKeys (ConfUtils.java:logGet(44)) - raft.server.rpc.request.timeout = 3000ms (default)
2021-11-02 20:17:23,121 [Time-limited test] INFO  impl.DataStreamServerImpl (ConfUtils.java:logGet(44)) - raft.datastream.type = DISABLED (default)
2021-11-02 20:17:23,121 [Time-limited test] INFO  server.RaftServerConfigKeys (ConfUtils.java:logGet(44)) - raft.server.rpc.slowness.timeout = 2s (custom)
2021-11-02 20:17:23,121 [Time-limited test] INFO  server.RaftServerConfigKeys (ConfUtils.java:logGet(44)) - raft.server.leaderelection.leader.step-down.wait-time = 10s (default)
2021-11-02 20:17:23,121 [Time-limited test] INFO  server.RaftServerConfigKeys (ConfUtils.java:logGet(44)) - raft.server.storage.dir = [/home/runner/work/ozone/ozone/hadoop-ozone/integration-test/target/test-dir/MiniOzoneClusterImpl-76263e8f-62ab-412a-8766-4a189fbce95f/omNode-3/ratis] (custom)
2021-11-02 20:17:23,122 [Time-limited test] INFO  server.RaftServer (RaftServerProxy.java:lambda$null$1(235)) - omNode-3: found a subdirectory /home/runner/work/ozone/ozone/hadoop-ozone/integration-test/target/test-dir/MiniOzoneClusterImpl-76263e8f-62ab-412a-8766-4a189fbce95f/omNode-3/ratis/c9bc4cf4-3bc3-3c60-a66b-523986131536
2021-11-02 20:17:23,124 [Time-limited test] INFO  server.RaftServer (RaftServerProxy.java:addNew(95)) - omNode-3: addNew group-523986131536:[omNode-3|rpc:localhost:10624|priority:0, omNode-1|rpc:localhost:10612|priority:0, omNode-2|rpc:localhost:10618|priority:0] returns group-523986131536:java.util.concurrent.CompletableFuture@260c0d76[Not completed]
2021-11-02 20:17:23,124 [Time-limited test] INFO  om.OzoneManager (OzoneManager.java:initializeRatisServer(1638)) - OzoneManager Ratis server initialized at port 10624
2021-11-02 20:17:23,124 [Time-limited test] INFO  ratis.OzoneManagerRatisServer (OzoneManagerRatisServer.java:start(522)) - Starting OzoneManagerRatisServer omNode-3 at port 10624
2021-11-02 20:17:23,124 [pool-411-thread-1] INFO  server.RaftServer$Division (RaftServerImpl.java:<init>(184)) - omNode-3: new RaftServerImpl for group-523986131536:[omNode-3|rpc:localhost:10624|priority:0, omNode-1|rpc:localhost:10612|priority:0, omNode-2|rpc:localhost:10618|priority:0] with OzoneManagerStateMachine:uninitialized
2021-11-02 20:17:23,125 [pool-411-thread-1] INFO  server.RaftServerConfigKeys (ConfUtils.java:logGet(44)) - raft.server.rpc.timeout.min = 1s (custom)
2021-11-02 20:17:23,125 [pool-411-thread-1] INFO  server.RaftServerConfigKeys (ConfUtils.java:logGet(44)) - raft.server.rpc.timeout.max = 1200ms (custom)
2021-11-02 20:17:23,125 [pool-411-thread-1] INFO  server.RaftServerConfigKeys (ConfUtils.java:logGet(44)) - raft.server.rpc.sleep.time = 25ms (default)
2021-11-02 20:17:23,125 [pool-411-thread-1] INFO  server.RaftServerConfigKeys (ConfUtils.java:logGet(44)) - raft.server.rpc.slowness.timeout = 2s (custom)
2021-11-02 20:17:23,125 [pool-411-thread-1] INFO  server.RaftServerConfigKeys (ConfUtils.java:logGet(44)) - raft.server.leaderelection.leader.step-down.wait-time = 10s (default)
2021-11-02 20:17:23,125 [pool-411-thread-1] INFO  server.RaftServerConfigKeys (ConfUtils.java:logGet(44)) - raft.server.sleep.deviation.threshold = 300ms (default)
2021-11-02 20:17:23,126 [pool-411-thread-1] INFO  server.RaftServerConfigKeys (ConfUtils.java:logGet(44)) - raft.server.log.appender.install.snapshot.enabled = false (custom)
2021-11-02 20:17:23,126 [pool-411-thread-1] INFO  server.RaftServer$Division (ServerState.java:<init>(105)) - omNode-3@group-523986131536: ConfigurationManager, init=-1: [omNode-3|rpc:localhost:10624|priority:0, omNode-1|rpc:localhost:10612|priority:0, omNode-2|rpc:localhost:10618|priority:0], old=null, confs=<EMPTY_MAP>
2021-11-02 20:17:23,126 [pool-411-thread-1] INFO  server.RaftServerConfigKeys (ConfUtils.java:logGet(44)) - raft.server.storage.dir = [/home/runner/work/ozone/ozone/hadoop-ozone/integration-test/target/test-dir/MiniOzoneClusterImpl-76263e8f-62ab-412a-8766-4a189fbce95f/omNode-3/ratis] (custom)
2021-11-02 20:17:23,126 [pool-411-thread-1] INFO  server.RaftServerConfigKeys (ConfUtils.java:logGet(44)) - raft.server.log.corruption.policy = EXCEPTION (default)
2021-11-02 20:17:23,126 [pool-411-thread-1] INFO  server.RaftServerConfigKeys (ConfUtils.java:logGet(44)) - raft.server.storage.free-space.min = 0MB (=0) (default)
2021-11-02 20:17:23,127 [pool-411-thread-1] INFO  storage.RaftStorageDirectory (RaftStorageDirectoryImpl.java:tryLock(230)) - Lock on /home/runner/work/ozone/ozone/hadoop-ozone/integration-test/target/test-dir/MiniOzoneClusterImpl-76263e8f-62ab-412a-8766-4a189fbce95f/omNode-3/ratis/c9bc4cf4-3bc3-3c60-a66b-523986131536/in_use.lock acquired by nodename 14135@fv-az270-10
2021-11-02 20:17:23,127 [pool-411-thread-1] INFO  storage.RaftStorage (RaftStorageImpl.java:analyzeAndRecoverStorage(110)) - Read RaftStorageMetadata{term=10, votedFor=omNode-3} from /home/runner/work/ozone/ozone/hadoop-ozone/integration-test/target/test-dir/MiniOzoneClusterImpl-76263e8f-62ab-412a-8766-4a189fbce95f/omNode-3/ratis/c9bc4cf4-3bc3-3c60-a66b-523986131536/current/raft-meta
2021-11-02 20:17:23,129 [pool-411-thread-1] INFO  server.RaftServer$Division (ServerState.java:setRaftConf(387)) - omNode-3@group-523986131536: set configuration 26: [omNode-3|rpc:localhost:10624|admin:|client:|dataStream:|priority:0, omNode-1|rpc:localhost:10612|admin:|client:|dataStream:|priority:0, omNode-2|rpc:localhost:10618|admin:|client:|dataStream:|priority:0], old=null
2021-11-02 20:17:23,129 [pool-411-thread-1] INFO  server.RaftServerConfigKeys (ConfUtils.java:logGet(44)) - raft.server.notification.no-leader.timeout = 2s (custom)
2021-11-02 20:17:23,129 [pool-411-thread-1] INFO  server.RaftServerConfigKeys (ConfUtils.java:logGet(44)) - raft.server.log.use.memory = false (default)
2021-11-02 20:17:23,129 [pool-411-thread-1] INFO  server.RaftServerConfigKeys (ConfUtils.java:logGet(44)) - raft.server.log.purge.gap = 50 (custom)
2021-11-02 20:17:23,129 [pool-411-thread-1] INFO  server.RaftServerConfigKeys (ConfUtils.java:logGet(44)) - raft.server.log.appender.buffer.byte-limit = 33554432 (custom)
2021-11-02 20:17:23,129 [pool-411-thread-1] INFO  server.RaftServerConfigKeys (ConfUtils.java:logGet(44)) - raft.server.log.segment.size.max = 4194304 (custom)
2021-11-02 20:17:23,130 [pool-411-thread-1] INFO  server.RaftServerConfigKeys (ConfUtils.java:logGet(44)) - raft.server.log.segment.cache.num.max = 2 (custom)
2021-11-02 20:17:23,130 [pool-411-thread-1] INFO  server.RaftServerConfigKeys (ConfUtils.java:logGet(44)) - raft.server.log.segment.cache.size.max = 200MB (=209715200) (default)
2021-11-02 20:17:23,130 [pool-411-thread-1] INFO  segmented.SegmentedRaftLogWorker (SegmentedRaftLogWorker.java:<init>(182)) - new omNode-3@group-523986131536-SegmentedRaftLogWorker for RaftStorageImpl:Storage Directory /home/runner/work/ozone/ozone/hadoop-ozone/integration-test/target/test-dir/MiniOzoneClusterImpl-76263e8f-62ab-412a-8766-4a189fbce95f/omNode-3/ratis/c9bc4cf4-3bc3-3c60-a66b-523986131536
2021-11-02 20:17:23,130 [pool-411-thread-1] INFO  server.RaftServerConfigKeys (ConfUtils.java:logGet(44)) - raft.server.log.queue.byte-limit = 64MB (=67108864) (default)
2021-11-02 20:17:23,130 [pool-411-thread-1] INFO  server.RaftServerConfigKeys (ConfUtils.java:logGet(44)) - raft.server.log.queue.element-limit = 4096 (default)
2021-11-02 20:17:23,130 [pool-411-thread-1] INFO  server.RaftServerConfigKeys (ConfUtils.java:logGet(44)) - raft.server.log.segment.size.max = 4194304 (custom)
2021-11-02 20:17:23,130 [pool-411-thread-1] INFO  server.RaftServerConfigKeys (ConfUtils.java:logGet(44)) - raft.server.log.preallocated.size = 4194304 (custom)
2021-11-02 20:17:23,130 [pool-411-thread-1] INFO  server.RaftServerConfigKeys (ConfUtils.java:logGet(44)) - raft.server.log.force.sync.num = 128 (default)
2021-11-02 20:17:23,130 [pool-411-thread-1] INFO  server.RaftServerConfigKeys (ConfUtils.java:logGet(44)) - raft.server.log.statemachine.data.sync = true (default)
2021-11-02 20:17:23,130 [pool-411-thread-1] INFO  server.RaftServerConfigKeys (ConfUtils.java:logGet(44)) - raft.server.log.statemachine.data.sync.timeout = 10s (default)
2021-11-02 20:17:23,130 [pool-411-thread-1] INFO  server.RaftServerConfigKeys (ConfUtils.java:logGet(44)) - raft.server.log.statemachine.data.sync.timeout.retry = -1 (default)
2021-11-02 20:17:23,131 [pool-411-thread-1] INFO  server.RaftServerConfigKeys (ConfUtils.java:logGet(44)) - raft.server.log.write.buffer.size = 64KB (=65536) (default)
2021-11-02 20:17:23,131 [pool-411-thread-1] INFO  server.RaftServerConfigKeys (ConfUtils.java:logGet(44)) - raft.server.log.statemachine.data.caching.enabled = false (default)
2021-11-02 20:17:23,132 [pool-411-thread-1] INFO  server.RaftServer$Division (ServerState.java:setRaftConf(387)) - omNode-3@group-523986131536: set configuration 11: [omNode-3|rpc:localhost:10624|admin:|client:|dataStream:|priority:0, omNode-1|rpc:localhost:10612|admin:|client:|dataStream:|priority:0, omNode-2|rpc:localhost:10618|admin:|client:|dataStream:|priority:0], old=null
2021-11-02 20:17:23,132 [pool-411-thread-1] INFO  segmented.LogSegment (LogSegment.java:loadSegment(173)) - Successfully read 2 entries from segment file /home/runner/work/ozone/ozone/hadoop-ozone/integration-test/target/test-dir/MiniOzoneClusterImpl-76263e8f-62ab-412a-8766-4a189fbce95f/omNode-3/ratis/c9bc4cf4-3bc3-3c60-a66b-523986131536/current/log_11-12
2021-11-02 20:17:23,132 [pool-411-thread-1] INFO  server.RaftServer$Division (ServerState.java:setRaftConf(387)) - omNode-3@group-523986131536: set configuration 13: [omNode-3|rpc:localhost:10624|admin:|client:|dataStream:|priority:0, omNode-1|rpc:localhost:10612|admin:|client:|dataStream:|priority:0, omNode-2|rpc:localhost:10618|admin:|client:|dataStream:|priority:0], old=null
2021-11-02 20:17:23,133 [pool-411-thread-1] INFO  segmented.LogSegment (LogSegment.java:loadSegment(173)) - Successfully read 4 entries from segment file /home/runner/work/ozone/ozone/hadoop-ozone/integration-test/target/test-dir/MiniOzoneClusterImpl-76263e8f-62ab-412a-8766-4a189fbce95f/omNode-3/ratis/c9bc4cf4-3bc3-3c60-a66b-523986131536/current/log_13-16
2021-11-02 20:17:23,133 [pool-411-thread-1] INFO  server.RaftServer$Division (ServerState.java:setRaftConf(387)) - omNode-3@group-523986131536: set configuration 17: [omNode-3|rpc:localhost:10624|admin:|client:|dataStream:|priority:0, omNode-1|rpc:localhost:10612|admin:|client:|dataStream:|priority:0, omNode-2|rpc:localhost:10618|admin:|client:|dataStream:|priority:0], old=null
2021-11-02 20:17:23,133 [pool-411-thread-1] INFO  segmented.LogSegment (LogSegment.java:loadSegment(173)) - Successfully read 4 entries from segment file /home/runner/work/ozone/ozone/hadoop-ozone/integration-test/target/test-dir/MiniOzoneClusterImpl-76263e8f-62ab-412a-8766-4a189fbce95f/omNode-3/ratis/c9bc4cf4-3bc3-3c60-a66b-523986131536/current/log_17-20
2021-11-02 20:17:23,133 [pool-411-thread-1] INFO  server.RaftServer$Division (ServerState.java:setRaftConf(387)) - omNode-3@group-523986131536: set configuration 21: [omNode-3|rpc:localhost:10624|admin:|client:|dataStream:|priority:0, omNode-1|rpc:localhost:10612|admin:|client:|dataStream:|priority:0, omNode-2|rpc:localhost:10618|admin:|client:|dataStream:|priority:0], old=null
2021-11-02 20:17:23,133 [pool-411-thread-1] INFO  segmented.LogSegment (LogSegment.java:loadSegment(173)) - Successfully read 1 entries from segment file /home/runner/work/ozone/ozone/hadoop-ozone/integration-test/target/test-dir/MiniOzoneClusterImpl-76263e8f-62ab-412a-8766-4a189fbce95f/omNode-3/ratis/c9bc4cf4-3bc3-3c60-a66b-523986131536/current/log_21-21
2021-11-02 20:17:23,133 [pool-411-thread-1] INFO  server.RaftServer$Division (ServerState.java:setRaftConf(387)) - omNode-3@group-523986131536: set configuration 22: [omNode-3|rpc:localhost:10624|admin:|client:|dataStream:|priority:0, omNode-1|rpc:localhost:10612|admin:|client:|dataStream:|priority:0, omNode-2|rpc:localhost:10618|admin:|client:|dataStream:|priority:0], old=null
2021-11-02 20:17:23,133 [pool-411-thread-1] INFO  segmented.LogSegment (LogSegment.java:loadSegment(173)) - Successfully read 4 entries from segment file /home/runner/work/ozone/ozone/hadoop-ozone/integration-test/target/test-dir/MiniOzoneClusterImpl-76263e8f-62ab-412a-8766-4a189fbce95f/omNode-3/ratis/c9bc4cf4-3bc3-3c60-a66b-523986131536/current/log_22-25
2021-11-02 20:17:23,134 [pool-411-thread-1] INFO  server.RaftServer$Division (ServerState.java:setRaftConf(387)) - omNode-3@group-523986131536: set configuration 26: [omNode-3|rpc:localhost:10624|admin:|client:|dataStream:|priority:0, omNode-1|rpc:localhost:10612|admin:|client:|dataStream:|priority:0, omNode-2|rpc:localhost:10618|admin:|client:|dataStream:|priority:0], old=null
2021-11-02 20:17:23,134 [pool-411-thread-1] INFO  segmented.LogSegment (LogSegment.java:loadSegment(173)) - Successfully read 4 entries from segment file /home/runner/work/ozone/ozone/hadoop-ozone/integration-test/target/test-dir/MiniOzoneClusterImpl-76263e8f-62ab-412a-8766-4a189fbce95f/omNode-3/ratis/c9bc4cf4-3bc3-3c60-a66b-523986131536/current/log_inprogress_26
2021-11-02 20:17:23,134 [pool-411-thread-1] INFO  segmented.SegmentedRaftLogWorker (SegmentedRaftLogWorker.java:lambda$new$0(133)) - omNode-3@group-523986131536-SegmentedRaftLogWorker: flushIndex: setUnconditionally 0 -> 29
2021-11-02 20:17:23,134 [pool-411-thread-1] INFO  segmented.SegmentedRaftLogWorker (SegmentedRaftLogWorker.java:lambda$new$0(133)) - omNode-3@group-523986131536-SegmentedRaftLogWorker: safeCacheEvictIndex: setUnconditionally 0 -> 25
2021-11-02 20:17:23,135 [pool-411-thread-1] INFO  raftlog.RaftLog (RaftLogBase.java:lambda$new$0(53)) - omNode-3@group-523986131536-SegmentedRaftLog: commitIndex: updateToMax old=29, new=28, updated? false
2021-11-02 20:17:23,135 [pool-411-thread-1] INFO  raftlog.RaftLog (RaftLogBase.java:lambda$new$0(53)) - omNode-3@group-523986131536-SegmentedRaftLog: purgeIndex: updateIncreasingly -1 -> 10
2021-11-02 20:17:23,135 [pool-411-thread-1] INFO  server.RaftServerConfigKeys (ConfUtils.java:logGet(44)) - raft.server.snapshot.auto.trigger.enabled = true (custom)
2021-11-02 20:17:23,135 [pool-411-thread-1] INFO  server.RaftServerConfigKeys (ConfUtils.java:logGet(44)) - raft.server.snapshot.auto.trigger.threshold = 50 (custom)
2021-11-02 20:17:23,135 [pool-411-thread-1] INFO  server.RaftServerConfigKeys (ConfUtils.java:logGet(44)) - raft.server.snapshot.retention.file.num = -1 (default)
2021-11-02 20:17:23,135 [pool-411-thread-1] INFO  server.RaftServerConfigKeys (ConfUtils.java:logGet(44)) - raft.server.log.purge.upto.snapshot.index = true (custom)
2021-11-02 20:17:23,136 [pool-411-thread-1] INFO  server.RaftServerConfigKeys (ConfUtils.java:logGet(44)) - raft.server.retrycache.expirytime = 30000ms (custom)
2021-11-02 20:17:23,136 [pool-411-thread-1] INFO  server.RaftServerConfigKeys (ConfUtils.java:logGet(44)) - raft.server.retrycache.statistics.expirytime = 100μs (default)
2021-11-02 20:17:23,137 [Time-limited test] INFO  server.RaftServer$Division (RaftServerImpl.java:start(301)) - omNode-3@group-523986131536: start as a follower, conf=26: [omNode-3|rpc:localhost:10624|admin:|client:|dataStream:|priority:0, omNode-1|rpc:localhost:10612|admin:|client:|dataStream:|priority:0, omNode-2|rpc:localhost:10618|admin:|client:|dataStream:|priority:0], old=null
2021-11-02 20:17:23,137 [Time-limited test] INFO  server.RaftServer$Division (RaftServerImpl.java:setRole(290)) - omNode-3@group-523986131536: changes role from      null to FOLLOWER at term 10 for startAsFollower
2021-11-02 20:17:23,137 [Time-limited test] INFO  impl.RoleInfo (RoleInfo.java:updateAndGet(130)) - omNode-3: start omNode-3@group-523986131536-FollowerState
2021-11-02 20:17:23,139 [Time-limited test] INFO  util.JmxRegister (JmxRegister.java:tryRegister(44)) - Successfully registered JMX Bean with object name Ratis:service=RaftServer,group=group-523986131536,id=omNode-3
2021-11-02 20:17:23,140 [Time-limited test] INFO  server.RaftServer (RaftServerProxy.java:lambda$start$5(374)) - omNode-3: start RPC server
2021-11-02 20:17:23,140 [Time-limited test] INFO  server.GrpcService (GrpcService.java:startImpl(253)) - omNode-3: GrpcService started, listening on 10624
2021-11-02 20:17:23,141 [org.apache.ratis.util.JvmPauseMonitor$$Lambda$523/614850410@74330fd5] INFO  util.JvmPauseMonitor (JvmPauseMonitor.java:run(103)) - JvmPauseMonitor-omNode-3: Started
2021-11-02 20:17:23,141 [Time-limited test] INFO  ipc.CallQueueManager (CallQueueManager.java:<init>(90)) - Using callQueue: class java.util.concurrent.LinkedBlockingQueue, queueCapacity: 2000, scheduler: class org.apache.hadoop.ipc.DefaultRpcScheduler, ipcBackoff: false.
2021-11-02 20:17:23,141 [Socket Reader #1 for port 10620] INFO  ipc.Server (Server.java:run(1265)) - Starting Socket Reader #1 for port 10620
2021-11-02 20:17:23,148 [Listener at localhost/10620] INFO  http.BaseHttpServer (BaseHttpServer.java:newHttpServer2BuilderForOzone(209)) - Starting Web-server for ozoneManager at: http://0.0.0.0:10622
2021-11-02 20:17:23,148 [Listener at localhost/10620] INFO  http.BaseHttpServer (BaseHttpServer.java:<init>(107)) - Hadoop Security Enabled: false Ozone Security Enabled: false Ozone HTTP Security Enabled: false 
2021-11-02 20:17:23,149 [Listener at localhost/10620] INFO  server.AuthenticationFilter (AuthenticationFilter.java:constructSecretProvider(240)) - Unable to initialize FileSignerSecretProvider, falling back to use random secrets.
2021-11-02 20:17:23,151 [Listener at localhost/10620] WARN  http.HttpRequestLog (HttpRequestLog.java:getRequestLog(103)) - Jetty request log can only be enabled using Log4j
2021-11-02 20:17:23,152 [Listener at localhost/10620] INFO  http.HttpServer2 (HttpServer2.java:addGlobalFilter(1030)) - Added global filter 'safety' (class=org.apache.hadoop.hdds.server.http.HttpServer2$QuotingInputFilter)
2021-11-02 20:17:23,154 [Listener at localhost/10620] INFO  http.HttpServer2 (HttpServer2.java:addFilter(1006)) - Added filter static_user_filter (class=org.apache.hadoop.http.lib.StaticUserWebFilter$StaticUserFilter) to context ozoneManager
2021-11-02 20:17:23,154 [Listener at localhost/10620] INFO  http.HttpServer2 (HttpServer2.java:addFilter(1014)) - Added filter static_user_filter (class=org.apache.hadoop.http.lib.StaticUserWebFilter$StaticUserFilter) to context static
2021-11-02 20:17:23,154 [Listener at localhost/10620] INFO  http.HttpServer2 (HttpServer2.java:addFilter(1014)) - Added filter static_user_filter (class=org.apache.hadoop.http.lib.StaticUserWebFilter$StaticUserFilter) to context logs
2021-11-02 20:17:23,155 [Listener at localhost/10620] INFO  http.HttpServer2 (HttpServer2.java:bindListener(1249)) - Jetty bound to port 10622
2021-11-02 20:17:23,155 [Listener at localhost/10620] INFO  server.Server (Server.java:doStart(375)) - jetty-9.4.43.v20210629; built: 2021-06-30T11:07:22.254Z; git: 526006ecfa3af7f1a27ef3a288e2bef7ea9dd7e8; jvm 1.8.0_292-b10
2021-11-02 20:17:23,156 [Listener at localhost/10620] INFO  server.session (DefaultSessionIdManager.java:doStart(334)) - DefaultSessionIdManager workerName=node0
2021-11-02 20:17:23,156 [Listener at localhost/10620] INFO  server.session (DefaultSessionIdManager.java:doStart(339)) - No SessionScavenger set, using defaults
2021-11-02 20:17:23,156 [Listener at localhost/10620] INFO  server.session (HouseKeeper.java:startScavenging(132)) - node0 Scavenging every 660000ms
2021-11-02 20:17:23,160 [Listener at localhost/10620] INFO  handler.ContextHandler (ContextHandler.java:doStart(915)) - Started o.e.j.s.ServletContextHandler@565d2150{logs,/logs,file:///home/runner/work/ozone/ozone/hadoop-ozone/integration-test/target/log,AVAILABLE}
2021-11-02 20:17:23,160 [Listener at localhost/10620] INFO  handler.ContextHandler (ContextHandler.java:doStart(915)) - Started o.e.j.s.ServletContextHandler@359c7fe0{static,/static,file:///home/runner/work/ozone/ozone/hadoop-ozone/integration-test/target/test-classes/webapps/static,AVAILABLE}
2021-11-02 20:17:23,164 [Listener at localhost/10620] INFO  handler.ContextHandler (ContextHandler.java:doStart(915)) - Started o.e.j.w.WebAppContext@3da17e32{ozoneManager,/,file:///home/runner/work/ozone/ozone/hadoop-ozone/integration-test/target/test-classes/webapps/ozoneManager/,AVAILABLE}{file:/home/runner/work/ozone/ozone/hadoop-ozone/integration-test/target/test-classes/webapps/ozoneManager}
2021-11-02 20:17:23,167 [Listener at localhost/10620] INFO  server.AbstractConnector (AbstractConnector.java:doStart(331)) - Started ServerConnector@45309f5f{HTTP/1.1, (http/1.1)}{0.0.0.0:10622}
2021-11-02 20:17:23,167 [Listener at localhost/10620] INFO  server.Server (Server.java:doStart(415)) - Started @530646ms
2021-11-02 20:17:23,167 [Listener at localhost/10620] WARN  impl.MetricsSystemImpl (MetricsSystemImpl.java:register(279)) - Sink prometheus already exists!
2021-11-02 20:17:23,168 [Listener at localhost/10620] INFO  http.BaseHttpServer (BaseHttpServer.java:updateConnectorAddress(329)) - HTTP server of ozoneManager listening at http://0.0.0.0:10622
2021-11-02 20:17:23,168 [IPC Server Responder] INFO  ipc.Server (Server.java:run(1507)) - IPC Server Responder: starting
2021-11-02 20:17:23,169 [IPC Server listener on 10620] INFO  ipc.Server (Server.java:run(1344)) - IPC Server listener on 10620: starting
2021-11-02 20:17:23,172 [Listener at localhost/10620] INFO  om.OzoneManager (OzoneManager.java:startTrashEmptier(1596)) - Trash Interval set to 0. Files deleted will not move to trash
2021-11-02 20:17:23,173 [Listener at localhost/10620] INFO  om.OzoneManager (OzoneManager.java:stop(1697)) - Stopping Ozone Manager
2021-11-02 20:17:23,174 [Listener at localhost/10620] INFO  ipc.Server (Server.java:stop(3414)) - Stopping server on 10608
2021-11-02 20:17:23,177 [IPC Server listener on 10608] INFO  ipc.Server (Server.java:run(1376)) - Stopping IPC Server listener on 10608
2021-11-02 20:17:23,177 [IPC Server Responder] INFO  ipc.Server (Server.java:run(1512)) - Stopping IPC Server Responder
2021-11-02 20:17:23,179 [org.apache.hadoop.util.JvmPauseMonitor$Monitor@75f8761a] INFO  util.JvmPauseMonitor (JvmPauseMonitor.java:run(188)) - Starting JVM pause monitor
2021-11-02 20:17:23,179 [Listener at localhost/10620] INFO  server.RaftServer (RaftServerProxy.java:lambda$close$6(391)) - omNode-1: close
2021-11-02 20:17:23,179 [Listener at localhost/10620] INFO  server.RaftServer$Division (RaftServerImpl.java:lambda$close$4(412)) - omNode-1@group-523986131536: shutdown
2021-11-02 20:17:23,179 [Listener at localhost/10620] INFO  util.JmxRegister (JmxRegister.java:unregister(73)) - Successfully un-registered JMX Bean with object name Ratis:service=RaftServer,group=group-523986131536,id=omNode-1
2021-11-02 20:17:23,180 [Listener at localhost/10620] INFO  impl.RoleInfo (RoleInfo.java:shutdownFollowerState(108)) - omNode-1: shutdown omNode-1@group-523986131536-FollowerState
2021-11-02 20:17:23,180 [Listener at localhost/10620] INFO  impl.StateMachineUpdater (StateMachineUpdater.java:stopAndJoin(149)) - omNode-1@group-523986131536-StateMachineUpdater: set stopIndex = 10
2021-11-02 20:17:23,180 [omNode-1@group-523986131536-FollowerState] INFO  impl.FollowerState (FollowerState.java:run(143)) - omNode-1@group-523986131536-FollowerState was interrupted: {}
java.lang.InterruptedException: sleep interrupted
	at java.lang.Thread.sleep(Native Method)
	at java.lang.Thread.sleep(Thread.java:340)
	at java.util.concurrent.TimeUnit.sleep(TimeUnit.java:386)
	at org.apache.ratis.util.TimeDuration.sleep(TimeDuration.java:324)
	at org.apache.ratis.util.TimeDuration.sleep(TimeDuration.java:309)
	at org.apache.ratis.server.impl.FollowerState.run(FollowerState.java:118)
2021-11-02 20:17:23,180 [omNode-1@group-523986131536-StateMachineUpdater] INFO  ratis.OzoneManagerStateMachine (OzoneManagerStateMachine.java:close(471)) - StateMachine has shutdown. Shutdown OzoneManager if not already shutdown.
2021-11-02 20:17:23,180 [Listener at localhost/10620] INFO  server.RaftServer$Division (ServerState.java:close(419)) - omNode-1@group-523986131536: closes. applyIndex: 10
2021-11-02 20:17:23,181 [omNode-1@group-523986131536-SegmentedRaftLogWorker] INFO  segmented.SegmentedRaftLogWorker (SegmentedRaftLogWorker.java:run(327)) - omNode-1@group-523986131536-SegmentedRaftLogWorker was interrupted, exiting. There are 0 tasks remaining in the queue.
2021-11-02 20:17:23,181 [Listener at localhost/10620] INFO  segmented.SegmentedRaftLogWorker (SegmentedRaftLogWorker.java:close(237)) - omNode-1@group-523986131536-SegmentedRaftLogWorker close()
2021-11-02 20:17:23,182 [Listener at localhost/10620] INFO  server.GrpcService (GrpcService.java:closeImpl(262)) - omNode-1: shutdown server with port 10612 now
2021-11-02 20:17:23,186 [Listener at localhost/10620] INFO  server.GrpcService (GrpcService.java:closeImpl(271)) - omNode-1: shutdown server with port 10612 successfully
2021-11-02 20:17:23,186 [org.apache.ratis.util.JvmPauseMonitor$$Lambda$523/614850410@63346ee1] INFO  util.JvmPauseMonitor (JvmPauseMonitor.java:run(109)) - JvmPauseMonitor-omNode-1: Stopped
2021-11-02 20:17:23,186 [Listener at localhost/10620] INFO  ratis.OzoneManagerDoubleBuffer (OzoneManagerDoubleBuffer.java:stop(437)) - Stopping OMDoubleBuffer flush thread
2021-11-02 20:17:23,186 [OMDoubleBufferFlushThread] INFO  ratis.OzoneManagerDoubleBuffer (OzoneManagerDoubleBuffer.java:flushTransactions(356)) - OMDoubleBuffer flush thread OMDoubleBufferFlushThread is interrupted and will exit. OMDoubleBufferFlushThread
2021-11-02 20:17:23,188 [Listener at localhost/10620] INFO  handler.ContextHandler (ContextHandler.java:doStop(1153)) - Stopped o.e.j.w.WebAppContext@76a7e8c8{ozoneManager,/,null,STOPPED}{file:/home/runner/work/ozone/ozone/hadoop-ozone/integration-test/target/test-classes/webapps/ozoneManager}
2021-11-02 20:17:23,189 [Listener at localhost/10620] INFO  server.AbstractConnector (AbstractConnector.java:doStop(381)) - Stopped ServerConnector@76f85bd5{HTTP/1.1, (http/1.1)}{0.0.0.0:10610}
2021-11-02 20:17:23,189 [Listener at localhost/10620] INFO  server.session (HouseKeeper.java:stopScavenging(149)) - node0 Stopped scavenging
2021-11-02 20:17:23,189 [Listener at localhost/10620] INFO  handler.ContextHandler (ContextHandler.java:doStop(1153)) - Stopped o.e.j.s.ServletContextHandler@5fc0b7d3{static,/static,file:///home/runner/work/ozone/ozone/hadoop-ozone/integration-test/target/test-classes/webapps/static,STOPPED}
2021-11-02 20:17:23,190 [Listener at localhost/10620] INFO  handler.ContextHandler (ContextHandler.java:doStop(1153)) - Stopped o.e.j.s.ServletContextHandler@62bda48{logs,/logs,file:///home/runner/work/ozone/ozone/hadoop-ozone/integration-test/target/log,STOPPED}
2021-11-02 20:17:23,193 [Listener at localhost/10620] INFO  om.OzoneManager (OzoneManager.java:initFSOLayout(3662)) - Configured ozone.om.metadata.layout=SIMPLE and disabled optimized OM FS operations
2021-11-02 20:17:23,193 [Listener at localhost/10620] INFO  om.OzoneManager (OzoneManager.java:restart(1412)) - OzoneManager RPC server is listening at localhost/127.0.0.1:10608
2021-11-02 20:17:23,193 [Listener at localhost/10620] INFO  impl.MetricsSystemImpl (MetricsSystemImpl.java:init(158)) - OzoneManager metrics system started (again)
2021-11-02 20:17:23,208 [Listener at localhost/10620] WARN  server.ServerUtils (ServerUtils.java:getDBPath(225)) - ozone.om.db.dirs is not configured. We recommend adding this setting. Falling back to ozone.metadata.dirs instead.
2021-11-02 20:17:23,210 [Listener at localhost/10620] INFO  codec.OmKeyInfoCodec (OmKeyInfoCodec.java:<init>(51)) - OmKeyInfoCodec ignorePipeline = true
2021-11-02 20:17:23,210 [Listener at localhost/10620] INFO  codec.RepeatedOmKeyInfoCodec (RepeatedOmKeyInfoCodec.java:<init>(42)) - RepeatedOmKeyInfoCodec ignorePipeline = true
2021-11-02 20:17:23,246 [Listener at localhost/10620] WARN  om.OzoneManager (OzoneManager.java:instantiatePrepareStateOnStartup(3541)) - Prepare marker file index 10 does not match DB prepare index 8. Writing DB index to prepare file and maintaining prepared state.
2021-11-02 20:17:23,246 [Listener at localhost/10620] INFO  om.OzoneManagerPrepareState (OzoneManagerPrepareState.java:writePrepareMarkerFile(262)) - Prepare marker file written with log index 8 to file /home/runner/work/ozone/ozone/hadoop-ozone/integration-test/target/test-dir/MiniOzoneClusterImpl-76263e8f-62ab-412a-8766-4a189fbce95f/omNode-1/current/prepareMarker
2021-11-02 20:17:23,247 [Listener at localhost/10620] WARN  impl.MetricRegistriesImpl (MetricRegistriesImpl.java:addReporterRegistration(111)) - New reporters are added after registries were created. Some metrics will be missing from the reporter. Please add reporter before adding any new registry.
2021-11-02 20:17:23,247 [Listener at localhost/10620] WARN  impl.MetricRegistriesImpl (MetricRegistriesImpl.java:addReporterRegistration(111)) - New reporters are added after registries were created. Some metrics will be missing from the reporter. Please add reporter before adding any new registry.
2021-11-02 20:17:23,247 [Listener at localhost/10620] WARN  server.ServerUtils (ServerUtils.java:getDefaultRatisDirectory(237)) - Storage directory for Ratis is not configured. It is a good idea to map this to an SSD disk. Falling back to ozone.metadata.dirs
2021-11-02 20:17:23,248 [Listener at localhost/10620] INFO  ratis.OzoneManagerRatisServer (OzoneManagerRatisServer.java:<init>(159)) - Instantiating OM Ratis server with groupID: om-service-test1 and peers: localhost:10612, localhost:10624, localhost:10618
2021-11-02 20:17:23,248 [Listener at localhost/10620] INFO  ratis.OzoneManagerStateMachine (OzoneManagerStateMachine.java:loadSnapshotInfoFromDB(605)) - LastAppliedIndex is set from TransactionInfo from OM DB as (t:2, i:10)
2021-11-02 20:17:23,249 [Listener at localhost/10620] INFO  server.RaftServer (ConfUtils.java:logGet(44)) - raft.rpc.type = GRPC (default)
2021-11-02 20:17:23,249 [Listener at localhost/10620] INFO  grpc.GrpcFactory (GrpcFactory.java:checkPooledByteBufAllocatorUseCacheForAllThreads(48)) - PERFORMANCE WARNING: useCacheForAllThreads is true that may cause Netty to create a lot garbage objects and, as a result, trigger GC.
	It is recommended to disable useCacheForAllThreads by setting -Dorg.apache.ratis.thirdparty.io.netty.allocator.useCacheForAllThreads=false in command line.
2021-11-02 20:17:23,249 [Listener at localhost/10620] INFO  grpc.GrpcConfigKeys (ConfUtils.java:logGet(44)) - raft.grpc.admin.port = -1 (default)
2021-11-02 20:17:23,249 [Listener at localhost/10620] INFO  grpc.GrpcConfigKeys (ConfUtils.java:logGet(44)) - raft.grpc.server.port = 10612 (custom)
2021-11-02 20:17:23,249 [Listener at localhost/10620] INFO  grpc.GrpcConfigKeys (ConfUtils.java:logGet(44)) - raft.grpc.client.port = -1 (default)
2021-11-02 20:17:23,249 [Listener at localhost/10620] INFO  grpc.GrpcConfigKeys (ConfUtils.java:logGet(44)) - raft.grpc.server.port = 10612 (custom)
2021-11-02 20:17:23,249 [Listener at localhost/10620] INFO  grpc.GrpcConfigKeys (ConfUtils.java:logGet(44)) - raft.grpc.server.port = 10612 (custom)
2021-11-02 20:17:23,249 [Listener at localhost/10620] INFO  server.GrpcService (ConfUtils.java:logGet(44)) - raft.grpc.message.size.max = 33554432 (custom)
2021-11-02 20:17:23,249 [Listener at localhost/10620] INFO  server.RaftServerConfigKeys (ConfUtils.java:logGet(44)) - raft.server.log.appender.buffer.byte-limit = 33554432 (custom)
2021-11-02 20:17:23,249 [Listener at localhost/10620] INFO  server.GrpcService (ConfUtils.java:logGet(44)) - raft.grpc.flow.control.window = 1MB (=1048576) (default)
2021-11-02 20:17:23,249 [Listener at localhost/10620] INFO  server.RaftServerConfigKeys (ConfUtils.java:logGet(44)) - raft.server.rpc.request.timeout = 3000ms (default)
2021-11-02 20:17:23,250 [Listener at localhost/10620] INFO  impl.DataStreamServerImpl (ConfUtils.java:logGet(44)) - raft.datastream.type = DISABLED (default)
2021-11-02 20:17:23,251 [Listener at localhost/10620] INFO  server.RaftServerConfigKeys (ConfUtils.java:logGet(44)) - raft.server.rpc.slowness.timeout = 2s (custom)
2021-11-02 20:17:23,251 [Listener at localhost/10620] INFO  server.RaftServerConfigKeys (ConfUtils.java:logGet(44)) - raft.server.leaderelection.leader.step-down.wait-time = 10s (default)
2021-11-02 20:17:23,251 [Listener at localhost/10620] INFO  server.RaftServerConfigKeys (ConfUtils.java:logGet(44)) - raft.server.storage.dir = [/home/runner/work/ozone/ozone/hadoop-ozone/integration-test/target/test-dir/MiniOzoneClusterImpl-76263e8f-62ab-412a-8766-4a189fbce95f/omNode-1/ratis] (custom)
2021-11-02 20:17:23,251 [Listener at localhost/10620] INFO  server.RaftServer (RaftServerProxy.java:lambda$null$1(235)) - omNode-1: found a subdirectory /home/runner/work/ozone/ozone/hadoop-ozone/integration-test/target/test-dir/MiniOzoneClusterImpl-76263e8f-62ab-412a-8766-4a189fbce95f/omNode-1/ratis/c9bc4cf4-3bc3-3c60-a66b-523986131536
2021-11-02 20:17:23,252 [Listener at localhost/10620] INFO  server.RaftServer (RaftServerProxy.java:addNew(95)) - omNode-1: addNew group-523986131536:[omNode-3|rpc:localhost:10624|priority:0, omNode-1|rpc:localhost:10612|priority:0, omNode-2|rpc:localhost:10618|priority:0] returns group-523986131536:java.util.concurrent.CompletableFuture@2e64ff71[Not completed]
2021-11-02 20:17:23,252 [pool-431-thread-1] INFO  server.RaftServer$Division (RaftServerImpl.java:<init>(184)) - omNode-1: new RaftServerImpl for group-523986131536:[omNode-3|rpc:localhost:10624|priority:0, omNode-1|rpc:localhost:10612|priority:0, omNode-2|rpc:localhost:10618|priority:0] with OzoneManagerStateMachine:uninitialized
2021-11-02 20:17:23,252 [Listener at localhost/10620] INFO  om.OzoneManager (OzoneManager.java:initializeRatisServer(1638)) - OzoneManager Ratis server initialized at port 10612
2021-11-02 20:17:23,252 [Listener at localhost/10620] INFO  ratis.OzoneManagerRatisServer (OzoneManagerRatisServer.java:start(522)) - Starting OzoneManagerRatisServer omNode-1 at port 10612
2021-11-02 20:17:23,253 [pool-431-thread-1] INFO  server.RaftServerConfigKeys (ConfUtils.java:logGet(44)) - raft.server.rpc.timeout.min = 1s (custom)
2021-11-02 20:17:23,253 [pool-431-thread-1] INFO  server.RaftServerConfigKeys (ConfUtils.java:logGet(44)) - raft.server.rpc.timeout.max = 1200ms (custom)
2021-11-02 20:17:23,253 [pool-431-thread-1] INFO  server.RaftServerConfigKeys (ConfUtils.java:logGet(44)) - raft.server.rpc.sleep.time = 25ms (default)
2021-11-02 20:17:23,253 [pool-431-thread-1] INFO  server.RaftServerConfigKeys (ConfUtils.java:logGet(44)) - raft.server.rpc.slowness.timeout = 2s (custom)
2021-11-02 20:17:23,253 [pool-431-thread-1] INFO  server.RaftServerConfigKeys (ConfUtils.java:logGet(44)) - raft.server.leaderelection.leader.step-down.wait-time = 10s (default)
2021-11-02 20:17:23,253 [pool-431-thread-1] INFO  server.RaftServerConfigKeys (ConfUtils.java:logGet(44)) - raft.server.sleep.deviation.threshold = 300ms (default)
2021-11-02 20:17:23,253 [pool-431-thread-1] INFO  server.RaftServerConfigKeys (ConfUtils.java:logGet(44)) - raft.server.log.appender.install.snapshot.enabled = false (custom)
2021-11-02 20:17:23,253 [pool-431-thread-1] INFO  server.RaftServer$Division (ServerState.java:<init>(105)) - omNode-1@group-523986131536: ConfigurationManager, init=-1: [omNode-3|rpc:localhost:10624|priority:0, omNode-1|rpc:localhost:10612|priority:0, omNode-2|rpc:localhost:10618|priority:0], old=null, confs=<EMPTY_MAP>
2021-11-02 20:17:23,253 [pool-431-thread-1] INFO  server.RaftServerConfigKeys (ConfUtils.java:logGet(44)) - raft.server.storage.dir = [/home/runner/work/ozone/ozone/hadoop-ozone/integration-test/target/test-dir/MiniOzoneClusterImpl-76263e8f-62ab-412a-8766-4a189fbce95f/omNode-1/ratis] (custom)
2021-11-02 20:17:23,254 [pool-431-thread-1] INFO  server.RaftServerConfigKeys (ConfUtils.java:logGet(44)) - raft.server.log.corruption.policy = EXCEPTION (default)
2021-11-02 20:17:23,254 [pool-431-thread-1] INFO  server.RaftServerConfigKeys (ConfUtils.java:logGet(44)) - raft.server.storage.free-space.min = 0MB (=0) (default)
2021-11-02 20:17:23,256 [pool-431-thread-1] INFO  storage.RaftStorageDirectory (RaftStorageDirectoryImpl.java:tryLock(230)) - Lock on /home/runner/work/ozone/ozone/hadoop-ozone/integration-test/target/test-dir/MiniOzoneClusterImpl-76263e8f-62ab-412a-8766-4a189fbce95f/omNode-1/ratis/c9bc4cf4-3bc3-3c60-a66b-523986131536/in_use.lock acquired by nodename 14135@fv-az270-10
2021-11-02 20:17:23,256 [pool-431-thread-1] INFO  storage.RaftStorage (RaftStorageImpl.java:analyzeAndRecoverStorage(110)) - Read RaftStorageMetadata{term=13, votedFor=omNode-1} from /home/runner/work/ozone/ozone/hadoop-ozone/integration-test/target/test-dir/MiniOzoneClusterImpl-76263e8f-62ab-412a-8766-4a189fbce95f/omNode-1/ratis/c9bc4cf4-3bc3-3c60-a66b-523986131536/current/raft-meta
2021-11-02 20:17:23,256 [pool-431-thread-1] INFO  server.RaftServer$Division (ServerState.java:setRaftConf(387)) - omNode-1@group-523986131536: set configuration 26: [omNode-3|rpc:localhost:10624|admin:|client:|dataStream:|priority:0, omNode-1|rpc:localhost:10612|admin:|client:|dataStream:|priority:0, omNode-2|rpc:localhost:10618|admin:|client:|dataStream:|priority:0], old=null
2021-11-02 20:17:23,256 [pool-431-thread-1] INFO  server.RaftServerConfigKeys (ConfUtils.java:logGet(44)) - raft.server.notification.no-leader.timeout = 2s (custom)
2021-11-02 20:17:23,256 [pool-431-thread-1] INFO  server.RaftServerConfigKeys (ConfUtils.java:logGet(44)) - raft.server.log.use.memory = false (default)
2021-11-02 20:17:23,256 [pool-431-thread-1] INFO  server.RaftServerConfigKeys (ConfUtils.java:logGet(44)) - raft.server.log.purge.gap = 50 (custom)
2021-11-02 20:17:23,256 [pool-431-thread-1] INFO  server.RaftServerConfigKeys (ConfUtils.java:logGet(44)) - raft.server.log.appender.buffer.byte-limit = 33554432 (custom)
2021-11-02 20:17:23,257 [pool-431-thread-1] INFO  server.RaftServerConfigKeys (ConfUtils.java:logGet(44)) - raft.server.log.segment.size.max = 4194304 (custom)
2021-11-02 20:17:23,257 [pool-431-thread-1] INFO  server.RaftServerConfigKeys (ConfUtils.java:logGet(44)) - raft.server.log.segment.cache.num.max = 2 (custom)
2021-11-02 20:17:23,257 [pool-431-thread-1] INFO  server.RaftServerConfigKeys (ConfUtils.java:logGet(44)) - raft.server.log.segment.cache.size.max = 200MB (=209715200) (default)
2021-11-02 20:17:23,257 [pool-431-thread-1] INFO  segmented.SegmentedRaftLogWorker (SegmentedRaftLogWorker.java:<init>(182)) - new omNode-1@group-523986131536-SegmentedRaftLogWorker for RaftStorageImpl:Storage Directory /home/runner/work/ozone/ozone/hadoop-ozone/integration-test/target/test-dir/MiniOzoneClusterImpl-76263e8f-62ab-412a-8766-4a189fbce95f/omNode-1/ratis/c9bc4cf4-3bc3-3c60-a66b-523986131536
2021-11-02 20:17:23,257 [pool-431-thread-1] INFO  server.RaftServerConfigKeys (ConfUtils.java:logGet(44)) - raft.server.log.queue.byte-limit = 64MB (=67108864) (default)
2021-11-02 20:17:23,258 [pool-431-thread-1] INFO  server.RaftServerConfigKeys (ConfUtils.java:logGet(44)) - raft.server.log.queue.element-limit = 4096 (default)
2021-11-02 20:17:23,258 [pool-431-thread-1] INFO  server.RaftServerConfigKeys (ConfUtils.java:logGet(44)) - raft.server.log.segment.size.max = 4194304 (custom)
2021-11-02 20:17:23,258 [pool-431-thread-1] INFO  server.RaftServerConfigKeys (ConfUtils.java:logGet(44)) - raft.server.log.preallocated.size = 4194304 (custom)
2021-11-02 20:17:23,258 [pool-431-thread-1] INFO  server.RaftServerConfigKeys (ConfUtils.java:logGet(44)) - raft.server.log.force.sync.num = 128 (default)
2021-11-02 20:17:23,258 [pool-431-thread-1] INFO  server.RaftServerConfigKeys (ConfUtils.java:logGet(44)) - raft.server.log.statemachine.data.sync = true (default)
2021-11-02 20:17:23,258 [pool-431-thread-1] INFO  server.RaftServerConfigKeys (ConfUtils.java:logGet(44)) - raft.server.log.statemachine.data.sync.timeout = 10s (default)
2021-11-02 20:17:23,258 [pool-431-thread-1] INFO  server.RaftServerConfigKeys (ConfUtils.java:logGet(44)) - raft.server.log.statemachine.data.sync.timeout.retry = -1 (default)
2021-11-02 20:17:23,259 [pool-431-thread-1] INFO  server.RaftServerConfigKeys (ConfUtils.java:logGet(44)) - raft.server.log.write.buffer.size = 64KB (=65536) (default)
2021-11-02 20:17:23,259 [pool-431-thread-1] INFO  server.RaftServerConfigKeys (ConfUtils.java:logGet(44)) - raft.server.log.statemachine.data.caching.enabled = false (default)
2021-11-02 20:17:23,260 [pool-431-thread-1] INFO  segmented.SegmentedRaftLogWorker (SegmentedRaftLogWorker.java:lambda$new$0(133)) - omNode-1@group-523986131536-SegmentedRaftLogWorker: flushIndex: setUnconditionally 0 -> 10
2021-11-02 20:17:23,260 [pool-431-thread-1] INFO  segmented.SegmentedRaftLogWorker (SegmentedRaftLogWorker.java:lambda$new$0(133)) - omNode-1@group-523986131536-SegmentedRaftLogWorker: safeCacheEvictIndex: setUnconditionally 0 -> -1
2021-11-02 20:17:23,260 [pool-431-thread-1] INFO  server.RaftServerConfigKeys (ConfUtils.java:logGet(44)) - raft.server.snapshot.auto.trigger.enabled = true (custom)
2021-11-02 20:17:23,260 [pool-431-thread-1] INFO  server.RaftServerConfigKeys (ConfUtils.java:logGet(44)) - raft.server.snapshot.auto.trigger.threshold = 50 (custom)
2021-11-02 20:17:23,260 [pool-431-thread-1] INFO  server.RaftServerConfigKeys (ConfUtils.java:logGet(44)) - raft.server.snapshot.retention.file.num = -1 (default)
2021-11-02 20:17:23,260 [pool-431-thread-1] INFO  server.RaftServerConfigKeys (ConfUtils.java:logGet(44)) - raft.server.log.purge.upto.snapshot.index = true (custom)
2021-11-02 20:17:23,260 [pool-431-thread-1] INFO  server.RaftServerConfigKeys (ConfUtils.java:logGet(44)) - raft.server.retrycache.expirytime = 30000ms (custom)
2021-11-02 20:17:23,260 [pool-431-thread-1] INFO  server.RaftServerConfigKeys (ConfUtils.java:logGet(44)) - raft.server.retrycache.statistics.expirytime = 100μs (default)
2021-11-02 20:17:23,261 [Listener at localhost/10620] INFO  server.RaftServer$Division (RaftServerImpl.java:start(301)) - omNode-1@group-523986131536: start as a follower, conf=26: [omNode-3|rpc:localhost:10624|admin:|client:|dataStream:|priority:0, omNode-1|rpc:localhost:10612|admin:|client:|dataStream:|priority:0, omNode-2|rpc:localhost:10618|admin:|client:|dataStream:|priority:0], old=null
2021-11-02 20:17:23,262 [Listener at localhost/10620] INFO  server.RaftServer$Division (RaftServerImpl.java:setRole(290)) - omNode-1@group-523986131536: changes role from      null to FOLLOWER at term 13 for startAsFollower
2021-11-02 20:17:23,262 [Listener at localhost/10620] INFO  impl.RoleInfo (RoleInfo.java:updateAndGet(130)) - omNode-1: start omNode-1@group-523986131536-FollowerState
2021-11-02 20:17:23,262 [Listener at localhost/10620] INFO  util.JmxRegister (JmxRegister.java:tryRegister(44)) - Successfully registered JMX Bean with object name Ratis:service=RaftServer,group=group-523986131536,id=omNode-1
2021-11-02 20:17:23,263 [Listener at localhost/10620] INFO  server.RaftServer (RaftServerProxy.java:lambda$start$5(374)) - omNode-1: start RPC server
2021-11-02 20:17:23,263 [Listener at localhost/10620] INFO  server.GrpcService (GrpcService.java:startImpl(253)) - omNode-1: GrpcService started, listening on 10612
2021-11-02 20:17:23,263 [org.apache.ratis.util.JvmPauseMonitor$$Lambda$523/614850410@5c1706e7] INFO  util.JvmPauseMonitor (JvmPauseMonitor.java:run(103)) - JvmPauseMonitor-omNode-1: Started
2021-11-02 20:17:23,264 [Listener at localhost/10620] INFO  ipc.CallQueueManager (CallQueueManager.java:<init>(90)) - Using callQueue: class java.util.concurrent.LinkedBlockingQueue, queueCapacity: 2000, scheduler: class org.apache.hadoop.ipc.DefaultRpcScheduler, ipcBackoff: false.
2021-11-02 20:17:23,264 [Socket Reader #1 for port 10608] INFO  ipc.Server (Server.java:run(1265)) - Starting Socket Reader #1 for port 10608
2021-11-02 20:17:23,267 [Listener at localhost/10608] INFO  http.BaseHttpServer (BaseHttpServer.java:newHttpServer2BuilderForOzone(209)) - Starting Web-server for ozoneManager at: http://0.0.0.0:10610
2021-11-02 20:17:23,267 [Listener at localhost/10608] INFO  http.BaseHttpServer (BaseHttpServer.java:<init>(107)) - Hadoop Security Enabled: false Ozone Security Enabled: false Ozone HTTP Security Enabled: false 
2021-11-02 20:17:23,270 [Listener at localhost/10608] INFO  server.AuthenticationFilter (AuthenticationFilter.java:constructSecretProvider(240)) - Unable to initialize FileSignerSecretProvider, falling back to use random secrets.
2021-11-02 20:17:23,270 [Listener at localhost/10608] WARN  http.HttpRequestLog (HttpRequestLog.java:getRequestLog(103)) - Jetty request log can only be enabled using Log4j
2021-11-02 20:17:23,271 [Listener at localhost/10608] INFO  http.HttpServer2 (HttpServer2.java:addGlobalFilter(1030)) - Added global filter 'safety' (class=org.apache.hadoop.hdds.server.http.HttpServer2$QuotingInputFilter)
2021-11-02 20:17:23,272 [Listener at localhost/10608] INFO  http.HttpServer2 (HttpServer2.java:addFilter(1006)) - Added filter static_user_filter (class=org.apache.hadoop.http.lib.StaticUserWebFilter$StaticUserFilter) to context ozoneManager
2021-11-02 20:17:23,272 [Listener at localhost/10608] INFO  http.HttpServer2 (HttpServer2.java:addFilter(1014)) - Added filter static_user_filter (class=org.apache.hadoop.http.lib.StaticUserWebFilter$StaticUserFilter) to context logs
2021-11-02 20:17:23,272 [Listener at localhost/10608] INFO  http.HttpServer2 (HttpServer2.java:addFilter(1014)) - Added filter static_user_filter (class=org.apache.hadoop.http.lib.StaticUserWebFilter$StaticUserFilter) to context static
2021-11-02 20:17:23,272 [Listener at localhost/10608] INFO  http.HttpServer2 (HttpServer2.java:bindListener(1249)) - Jetty bound to port 10610
2021-11-02 20:17:23,273 [Listener at localhost/10608] INFO  server.Server (Server.java:doStart(375)) - jetty-9.4.43.v20210629; built: 2021-06-30T11:07:22.254Z; git: 526006ecfa3af7f1a27ef3a288e2bef7ea9dd7e8; jvm 1.8.0_292-b10
2021-11-02 20:17:23,274 [Listener at localhost/10608] INFO  server.session (DefaultSessionIdManager.java:doStart(334)) - DefaultSessionIdManager workerName=node0
2021-11-02 20:17:23,274 [Listener at localhost/10608] INFO  server.session (DefaultSessionIdManager.java:doStart(339)) - No SessionScavenger set, using defaults
2021-11-02 20:17:23,276 [Listener at localhost/10608] INFO  server.session (HouseKeeper.java:startScavenging(132)) - node0 Scavenging every 660000ms
2021-11-02 20:17:23,276 [Listener at localhost/10608] INFO  handler.ContextHandler (ContextHandler.java:doStart(915)) - Started o.e.j.s.ServletContextHandler@5cde5048{logs,/logs,file:///home/runner/work/ozone/ozone/hadoop-ozone/integration-test/target/log,AVAILABLE}
2021-11-02 20:17:23,277 [Listener at localhost/10608] INFO  handler.ContextHandler (ContextHandler.java:doStart(915)) - Started o.e.j.s.ServletContextHandler@18c11bad{static,/static,file:///home/runner/work/ozone/ozone/hadoop-ozone/integration-test/target/test-classes/webapps/static,AVAILABLE}
2021-11-02 20:17:23,280 [Listener at localhost/10608] INFO  handler.ContextHandler (ContextHandler.java:doStart(915)) - Started o.e.j.w.WebAppContext@14b6594b{ozoneManager,/,file:///home/runner/work/ozone/ozone/hadoop-ozone/integration-test/target/test-classes/webapps/ozoneManager/,AVAILABLE}{file:/home/runner/work/ozone/ozone/hadoop-ozone/integration-test/target/test-classes/webapps/ozoneManager}
2021-11-02 20:17:23,282 [Listener at localhost/10608] INFO  server.AbstractConnector (AbstractConnector.java:doStart(331)) - Started ServerConnector@5c99574b{HTTP/1.1, (http/1.1)}{0.0.0.0:10610}
2021-11-02 20:17:23,283 [Listener at localhost/10608] INFO  server.Server (Server.java:doStart(415)) - Started @530762ms
2021-11-02 20:17:23,283 [Listener at localhost/10608] WARN  impl.MetricsSystemImpl (MetricsSystemImpl.java:register(279)) - Sink prometheus already exists!
2021-11-02 20:17:23,283 [Listener at localhost/10608] INFO  http.BaseHttpServer (BaseHttpServer.java:updateConnectorAddress(329)) - HTTP server of ozoneManager listening at http://0.0.0.0:10610
2021-11-02 20:17:23,287 [IPC Server Responder] INFO  ipc.Server (Server.java:run(1507)) - IPC Server Responder: starting
2021-11-02 20:17:23,288 [IPC Server listener on 10608] INFO  ipc.Server (Server.java:run(1344)) - IPC Server listener on 10608: starting
2021-11-02 20:17:23,292 [Listener at localhost/10608] INFO  om.OzoneManager (OzoneManager.java:startTrashEmptier(1596)) - Trash Interval set to 0. Files deleted will not move to trash
2021-11-02 20:17:23,292 [Listener at localhost/10608] INFO  om.OzoneManager (OzoneManager.java:stop(1697)) - Stopping Ozone Manager
2021-11-02 20:17:23,300 [Listener at localhost/10608] INFO  ipc.Server (Server.java:stop(3414)) - Stopping server on 10614
2021-11-02 20:17:23,302 [org.apache.hadoop.util.JvmPauseMonitor$Monitor@46147140] INFO  util.JvmPauseMonitor (JvmPauseMonitor.java:run(188)) - Starting JVM pause monitor
2021-11-02 20:17:23,303 [Listener at localhost/10608] INFO  server.RaftServer (RaftServerProxy.java:lambda$close$6(391)) - omNode-2: close
2021-11-02 20:17:23,303 [IPC Server Responder] INFO  ipc.Server (Server.java:run(1512)) - Stopping IPC Server Responder
2021-11-02 20:17:23,302 [IPC Server listener on 10614] INFO  ipc.Server (Server.java:run(1376)) - Stopping IPC Server listener on 10614
2021-11-02 20:17:23,304 [Listener at localhost/10608] INFO  server.RaftServer$Division (RaftServerImpl.java:lambda$close$4(412)) - omNode-2@group-523986131536: shutdown
2021-11-02 20:17:23,304 [Listener at localhost/10608] INFO  util.JmxRegister (JmxRegister.java:unregister(73)) - Successfully un-registered JMX Bean with object name Ratis:service=RaftServer,group=group-523986131536,id=omNode-2
2021-11-02 20:17:23,304 [Listener at localhost/10608] INFO  impl.RoleInfo (RoleInfo.java:shutdownFollowerState(108)) - omNode-2: shutdown omNode-2@group-523986131536-FollowerState
2021-11-02 20:17:23,304 [Listener at localhost/10608] INFO  impl.StateMachineUpdater (StateMachineUpdater.java:stopAndJoin(149)) - omNode-2@group-523986131536-StateMachineUpdater: set stopIndex = 29
2021-11-02 20:17:23,304 [omNode-2@group-523986131536-FollowerState] INFO  impl.FollowerState (FollowerState.java:run(143)) - omNode-2@group-523986131536-FollowerState was interrupted: {}
java.lang.InterruptedException: sleep interrupted
	at java.lang.Thread.sleep(Native Method)
	at java.lang.Thread.sleep(Thread.java:340)
	at java.util.concurrent.TimeUnit.sleep(TimeUnit.java:386)
	at org.apache.ratis.util.TimeDuration.sleep(TimeDuration.java:324)
	at org.apache.ratis.util.TimeDuration.sleep(TimeDuration.java:309)
	at org.apache.ratis.server.impl.FollowerState.run(FollowerState.java:118)
2021-11-02 20:17:23,304 [omNode-2@group-523986131536-StateMachineUpdater] INFO  ratis.OzoneManagerStateMachine (OzoneManagerStateMachine.java:takeSnapshot(417)) - Current Snapshot Index (t:10, i:29)
2021-11-02 20:17:23,305 [omNode-2@group-523986131536-StateMachineUpdater] INFO  impl.StateMachineUpdater (StateMachineUpdater.java:takeSnapshot(281)) - omNode-2@group-523986131536-StateMachineUpdater: Took a snapshot at index 29
2021-11-02 20:17:23,305 [omNode-2@group-523986131536-StateMachineUpdater] INFO  impl.StateMachineUpdater (StateMachineUpdater.java:lambda$new$0(89)) - omNode-2@group-523986131536-StateMachineUpdater: snapshotIndex: updateIncreasingly 25 -> 29
2021-11-02 20:17:23,305 [omNode-2@group-523986131536-StateMachineUpdater] INFO  ratis.OzoneManagerStateMachine (OzoneManagerStateMachine.java:close(471)) - StateMachine has shutdown. Shutdown OzoneManager if not already shutdown.
2021-11-02 20:17:23,305 [Listener at localhost/10608] INFO  server.RaftServer$Division (ServerState.java:close(419)) - omNode-2@group-523986131536: closes. applyIndex: 29
2021-11-02 20:17:23,306 [omNode-2@group-523986131536-SegmentedRaftLogWorker] INFO  segmented.SegmentedRaftLogWorker (SegmentedRaftLogWorker.java:run(327)) - omNode-2@group-523986131536-SegmentedRaftLogWorker was interrupted, exiting. There are 0 tasks remaining in the queue.
2021-11-02 20:17:23,308 [Listener at localhost/10608] INFO  segmented.SegmentedRaftLogWorker (SegmentedRaftLogWorker.java:close(237)) - omNode-2@group-523986131536-SegmentedRaftLogWorker close()
2021-11-02 20:17:23,311 [Listener at localhost/10608] INFO  server.GrpcService (GrpcService.java:closeImpl(262)) - omNode-2: shutdown server with port 10618 now
2021-11-02 20:17:23,311 [Listener at localhost/10608] INFO  server.GrpcService (GrpcService.java:closeImpl(271)) - omNode-2: shutdown server with port 10618 successfully
2021-11-02 20:17:23,311 [org.apache.ratis.util.JvmPauseMonitor$$Lambda$523/614850410@793515a6] INFO  util.JvmPauseMonitor (JvmPauseMonitor.java:run(109)) - JvmPauseMonitor-omNode-2: Stopped
2021-11-02 20:17:23,312 [Listener at localhost/10608] INFO  ratis.OzoneManagerDoubleBuffer (OzoneManagerDoubleBuffer.java:stop(437)) - Stopping OMDoubleBuffer flush thread
2021-11-02 20:17:23,312 [OMDoubleBufferFlushThread] INFO  ratis.OzoneManagerDoubleBuffer (OzoneManagerDoubleBuffer.java:flushTransactions(356)) - OMDoubleBuffer flush thread OMDoubleBufferFlushThread is interrupted and will exit. OMDoubleBufferFlushThread
2021-11-02 20:17:23,316 [Listener at localhost/10608] INFO  handler.ContextHandler (ContextHandler.java:doStop(1153)) - Stopped o.e.j.w.WebAppContext@ed58287{ozoneManager,/,null,STOPPED}{file:/home/runner/work/ozone/ozone/hadoop-ozone/integration-test/target/test-classes/webapps/ozoneManager}
2021-11-02 20:17:23,317 [Listener at localhost/10608] INFO  server.AbstractConnector (AbstractConnector.java:doStop(381)) - Stopped ServerConnector@17288ad{HTTP/1.1, (http/1.1)}{0.0.0.0:10616}
2021-11-02 20:17:23,317 [Listener at localhost/10608] INFO  server.session (HouseKeeper.java:stopScavenging(149)) - node0 Stopped scavenging
2021-11-02 20:17:23,317 [Listener at localhost/10608] INFO  handler.ContextHandler (ContextHandler.java:doStop(1153)) - Stopped o.e.j.s.ServletContextHandler@e2519{static,/static,file:///home/runner/work/ozone/ozone/hadoop-ozone/integration-test/target/test-classes/webapps/static,STOPPED}
2021-11-02 20:17:23,317 [Listener at localhost/10608] INFO  handler.ContextHandler (ContextHandler.java:doStop(1153)) - Stopped o.e.j.s.ServletContextHandler@1c6f1968{logs,/logs,file:///home/runner/work/ozone/ozone/hadoop-ozone/integration-test/target/log,STOPPED}
2021-11-02 20:17:23,321 [Listener at localhost/10608] INFO  om.OzoneManager (OzoneManager.java:initFSOLayout(3662)) - Configured ozone.om.metadata.layout=SIMPLE and disabled optimized OM FS operations
2021-11-02 20:17:23,321 [Listener at localhost/10608] INFO  om.OzoneManager (OzoneManager.java:restart(1412)) - OzoneManager RPC server is listening at localhost/127.0.0.1:10614
2021-11-02 20:17:23,321 [Listener at localhost/10608] INFO  impl.MetricsSystemImpl (MetricsSystemImpl.java:init(158)) - OzoneManager metrics system started (again)
2021-11-02 20:17:23,341 [Listener at localhost/10608] WARN  server.ServerUtils (ServerUtils.java:getDBPath(225)) - ozone.om.db.dirs is not configured. We recommend adding this setting. Falling back to ozone.metadata.dirs instead.
2021-11-02 20:17:23,345 [Listener at localhost/10608] INFO  codec.OmKeyInfoCodec (OmKeyInfoCodec.java:<init>(51)) - OmKeyInfoCodec ignorePipeline = true
2021-11-02 20:17:23,345 [Listener at localhost/10608] INFO  codec.RepeatedOmKeyInfoCodec (RepeatedOmKeyInfoCodec.java:<init>(42)) - RepeatedOmKeyInfoCodec ignorePipeline = true
2021-11-02 20:17:23,380 [Listener at localhost/10608] WARN  impl.MetricRegistriesImpl (MetricRegistriesImpl.java:addReporterRegistration(111)) - New reporters are added after registries were created. Some metrics will be missing from the reporter. Please add reporter before adding any new registry.
2021-11-02 20:17:23,380 [Listener at localhost/10608] WARN  impl.MetricRegistriesImpl (MetricRegistriesImpl.java:addReporterRegistration(111)) - New reporters are added after registries were created. Some metrics will be missing from the reporter. Please add reporter before adding any new registry.
2021-11-02 20:17:23,380 [Listener at localhost/10608] WARN  server.ServerUtils (ServerUtils.java:getDefaultRatisDirectory(237)) - Storage directory for Ratis is not configured. It is a good idea to map this to an SSD disk. Falling back to ozone.metadata.dirs
2021-11-02 20:17:23,381 [Listener at localhost/10608] INFO  ratis.OzoneManagerRatisServer (OzoneManagerRatisServer.java:<init>(159)) - Instantiating OM Ratis server with groupID: om-service-test1 and peers: localhost:10618, localhost:10624, localhost:10612
2021-11-02 20:17:23,381 [Listener at localhost/10608] INFO  ratis.OzoneManagerStateMachine (OzoneManagerStateMachine.java:loadSnapshotInfoFromDB(605)) - LastAppliedIndex is set from TransactionInfo from OM DB as (t:10, i:29)
2021-11-02 20:17:23,383 [Listener at localhost/10608] INFO  server.RaftServer (ConfUtils.java:logGet(44)) - raft.rpc.type = GRPC (default)
2021-11-02 20:17:23,383 [Listener at localhost/10608] INFO  grpc.GrpcFactory (GrpcFactory.java:checkPooledByteBufAllocatorUseCacheForAllThreads(48)) - PERFORMANCE WARNING: useCacheForAllThreads is true that may cause Netty to create a lot garbage objects and, as a result, trigger GC.
	It is recommended to disable useCacheForAllThreads by setting -Dorg.apache.ratis.thirdparty.io.netty.allocator.useCacheForAllThreads=false in command line.
2021-11-02 20:17:23,383 [Listener at localhost/10608] INFO  grpc.GrpcConfigKeys (ConfUtils.java:logGet(44)) - raft.grpc.admin.port = -1 (default)
2021-11-02 20:17:23,383 [Listener at localhost/10608] INFO  grpc.GrpcConfigKeys (ConfUtils.java:logGet(44)) - raft.grpc.server.port = 10618 (custom)
2021-11-02 20:17:23,384 [Listener at localhost/10608] INFO  grpc.GrpcConfigKeys (ConfUtils.java:logGet(44)) - raft.grpc.client.port = -1 (default)
2021-11-02 20:17:23,384 [Listener at localhost/10608] INFO  grpc.GrpcConfigKeys (ConfUtils.java:logGet(44)) - raft.grpc.server.port = 10618 (custom)
2021-11-02 20:17:23,384 [Listener at localhost/10608] INFO  grpc.GrpcConfigKeys (ConfUtils.java:logGet(44)) - raft.grpc.server.port = 10618 (custom)
2021-11-02 20:17:23,384 [Listener at localhost/10608] INFO  server.GrpcService (ConfUtils.java:logGet(44)) - raft.grpc.message.size.max = 33554432 (custom)
2021-11-02 20:17:23,384 [Listener at localhost/10608] INFO  server.RaftServerConfigKeys (ConfUtils.java:logGet(44)) - raft.server.log.appender.buffer.byte-limit = 33554432 (custom)
2021-11-02 20:17:23,384 [Listener at localhost/10608] INFO  server.GrpcService (ConfUtils.java:logGet(44)) - raft.grpc.flow.control.window = 1MB (=1048576) (default)
2021-11-02 20:17:23,384 [Listener at localhost/10608] INFO  server.RaftServerConfigKeys (ConfUtils.java:logGet(44)) - raft.server.rpc.request.timeout = 3000ms (default)
2021-11-02 20:17:23,385 [Listener at localhost/10608] INFO  impl.DataStreamServerImpl (ConfUtils.java:logGet(44)) - raft.datastream.type = DISABLED (default)
2021-11-02 20:17:23,385 [Listener at localhost/10608] INFO  server.RaftServerConfigKeys (ConfUtils.java:logGet(44)) - raft.server.rpc.slowness.timeout = 2s (custom)
2021-11-02 20:17:23,385 [Listener at localhost/10608] INFO  server.RaftServerConfigKeys (ConfUtils.java:logGet(44)) - raft.server.leaderelection.leader.step-down.wait-time = 10s (default)
2021-11-02 20:17:23,385 [Listener at localhost/10608] INFO  server.RaftServerConfigKeys (ConfUtils.java:logGet(44)) - raft.server.storage.dir = [/home/runner/work/ozone/ozone/hadoop-ozone/integration-test/target/test-dir/MiniOzoneClusterImpl-76263e8f-62ab-412a-8766-4a189fbce95f/omNode-2/ratis] (custom)
2021-11-02 20:17:23,385 [Listener at localhost/10608] INFO  server.RaftServer (RaftServerProxy.java:lambda$null$1(235)) - omNode-2: found a subdirectory /home/runner/work/ozone/ozone/hadoop-ozone/integration-test/target/test-dir/MiniOzoneClusterImpl-76263e8f-62ab-412a-8766-4a189fbce95f/omNode-2/ratis/c9bc4cf4-3bc3-3c60-a66b-523986131536
2021-11-02 20:17:23,386 [Listener at localhost/10608] INFO  server.RaftServer (RaftServerProxy.java:addNew(95)) - omNode-2: addNew group-523986131536:[omNode-3|rpc:localhost:10624|priority:0, omNode-1|rpc:localhost:10612|priority:0, omNode-2|rpc:localhost:10618|priority:0] returns group-523986131536:java.util.concurrent.CompletableFuture@19c3656[Not completed]
2021-11-02 20:17:23,386 [pool-451-thread-1] INFO  server.RaftServer$Division (RaftServerImpl.java:<init>(184)) - omNode-2: new RaftServerImpl for group-523986131536:[omNode-3|rpc:localhost:10624|priority:0, omNode-1|rpc:localhost:10612|priority:0, omNode-2|rpc:localhost:10618|priority:0] with OzoneManagerStateMachine:uninitialized
2021-11-02 20:17:23,386 [Listener at localhost/10608] INFO  om.OzoneManager (OzoneManager.java:initializeRatisServer(1638)) - OzoneManager Ratis server initialized at port 10618
2021-11-02 20:17:23,386 [Listener at localhost/10608] INFO  ratis.OzoneManagerRatisServer (OzoneManagerRatisServer.java:start(522)) - Starting OzoneManagerRatisServer omNode-2 at port 10618
2021-11-02 20:17:23,387 [pool-451-thread-1] INFO  server.RaftServerConfigKeys (ConfUtils.java:logGet(44)) - raft.server.rpc.timeout.min = 1s (custom)
2021-11-02 20:17:23,387 [pool-451-thread-1] INFO  server.RaftServerConfigKeys (ConfUtils.java:logGet(44)) - raft.server.rpc.timeout.max = 1200ms (custom)
2021-11-02 20:17:23,387 [pool-451-thread-1] INFO  server.RaftServerConfigKeys (ConfUtils.java:logGet(44)) - raft.server.rpc.sleep.time = 25ms (default)
2021-11-02 20:17:23,387 [pool-451-thread-1] INFO  server.RaftServerConfigKeys (ConfUtils.java:logGet(44)) - raft.server.rpc.slowness.timeout = 2s (custom)
2021-11-02 20:17:23,387 [pool-451-thread-1] INFO  server.RaftServerConfigKeys (ConfUtils.java:logGet(44)) - raft.server.leaderelection.leader.step-down.wait-time = 10s (default)
2021-11-02 20:17:23,387 [pool-451-thread-1] INFO  server.RaftServerConfigKeys (ConfUtils.java:logGet(44)) - raft.server.sleep.deviation.threshold = 300ms (default)
2021-11-02 20:17:23,387 [pool-451-thread-1] INFO  server.RaftServerConfigKeys (ConfUtils.java:logGet(44)) - raft.server.log.appender.install.snapshot.enabled = false (custom)
2021-11-02 20:17:23,387 [pool-451-thread-1] INFO  server.RaftServer$Division (ServerState.java:<init>(105)) - omNode-2@group-523986131536: ConfigurationManager, init=-1: [omNode-3|rpc:localhost:10624|priority:0, omNode-1|rpc:localhost:10612|priority:0, omNode-2|rpc:localhost:10618|priority:0], old=null, confs=<EMPTY_MAP>
2021-11-02 20:17:23,387 [pool-451-thread-1] INFO  server.RaftServerConfigKeys (ConfUtils.java:logGet(44)) - raft.server.storage.dir = [/home/runner/work/ozone/ozone/hadoop-ozone/integration-test/target/test-dir/MiniOzoneClusterImpl-76263e8f-62ab-412a-8766-4a189fbce95f/omNode-2/ratis] (custom)
2021-11-02 20:17:23,388 [pool-451-thread-1] INFO  server.RaftServerConfigKeys (ConfUtils.java:logGet(44)) - raft.server.log.corruption.policy = EXCEPTION (default)
2021-11-02 20:17:23,388 [pool-451-thread-1] INFO  server.RaftServerConfigKeys (ConfUtils.java:logGet(44)) - raft.server.storage.free-space.min = 0MB (=0) (default)
2021-11-02 20:17:23,389 [pool-451-thread-1] INFO  storage.RaftStorageDirectory (RaftStorageDirectoryImpl.java:tryLock(230)) - Lock on /home/runner/work/ozone/ozone/hadoop-ozone/integration-test/target/test-dir/MiniOzoneClusterImpl-76263e8f-62ab-412a-8766-4a189fbce95f/omNode-2/ratis/c9bc4cf4-3bc3-3c60-a66b-523986131536/in_use.lock acquired by nodename 14135@fv-az270-10
2021-11-02 20:17:23,389 [pool-451-thread-1] INFO  storage.RaftStorage (RaftStorageImpl.java:analyzeAndRecoverStorage(110)) - Read RaftStorageMetadata{term=13, votedFor=} from /home/runner/work/ozone/ozone/hadoop-ozone/integration-test/target/test-dir/MiniOzoneClusterImpl-76263e8f-62ab-412a-8766-4a189fbce95f/omNode-2/ratis/c9bc4cf4-3bc3-3c60-a66b-523986131536/current/raft-meta
2021-11-02 20:17:23,389 [pool-451-thread-1] INFO  server.RaftServer$Division (ServerState.java:setRaftConf(387)) - omNode-2@group-523986131536: set configuration 26: [omNode-3|rpc:localhost:10624|admin:|client:|dataStream:|priority:0, omNode-1|rpc:localhost:10612|admin:|client:|dataStream:|priority:0, omNode-2|rpc:localhost:10618|admin:|client:|dataStream:|priority:0], old=null
2021-11-02 20:17:23,389 [pool-451-thread-1] INFO  server.RaftServerConfigKeys (ConfUtils.java:logGet(44)) - raft.server.notification.no-leader.timeout = 2s (custom)
2021-11-02 20:17:23,389 [pool-451-thread-1] INFO  server.RaftServerConfigKeys (ConfUtils.java:logGet(44)) - raft.server.log.use.memory = false (default)
2021-11-02 20:17:23,389 [pool-451-thread-1] INFO  server.RaftServerConfigKeys (ConfUtils.java:logGet(44)) - raft.server.log.purge.gap = 50 (custom)
2021-11-02 20:17:23,390 [pool-451-thread-1] INFO  server.RaftServerConfigKeys (ConfUtils.java:logGet(44)) - raft.server.log.appender.buffer.byte-limit = 33554432 (custom)
2021-11-02 20:17:23,390 [pool-451-thread-1] INFO  server.RaftServerConfigKeys (ConfUtils.java:logGet(44)) - raft.server.log.segment.size.max = 4194304 (custom)
2021-11-02 20:17:23,390 [pool-451-thread-1] INFO  server.RaftServerConfigKeys (ConfUtils.java:logGet(44)) - raft.server.log.segment.cache.num.max = 2 (custom)
2021-11-02 20:17:23,390 [pool-451-thread-1] INFO  server.RaftServerConfigKeys (ConfUtils.java:logGet(44)) - raft.server.log.segment.cache.size.max = 200MB (=209715200) (default)
2021-11-02 20:17:23,390 [pool-451-thread-1] INFO  segmented.SegmentedRaftLogWorker (SegmentedRaftLogWorker.java:<init>(182)) - new omNode-2@group-523986131536-SegmentedRaftLogWorker for RaftStorageImpl:Storage Directory /home/runner/work/ozone/ozone/hadoop-ozone/integration-test/target/test-dir/MiniOzoneClusterImpl-76263e8f-62ab-412a-8766-4a189fbce95f/omNode-2/ratis/c9bc4cf4-3bc3-3c60-a66b-523986131536
2021-11-02 20:17:23,390 [pool-451-thread-1] INFO  server.RaftServerConfigKeys (ConfUtils.java:logGet(44)) - raft.server.log.queue.byte-limit = 64MB (=67108864) (default)
2021-11-02 20:17:23,390 [pool-451-thread-1] INFO  server.RaftServerConfigKeys (ConfUtils.java:logGet(44)) - raft.server.log.queue.element-limit = 4096 (default)
2021-11-02 20:17:23,391 [pool-451-thread-1] INFO  server.RaftServerConfigKeys (ConfUtils.java:logGet(44)) - raft.server.log.segment.size.max = 4194304 (custom)
2021-11-02 20:17:23,391 [pool-451-thread-1] INFO  server.RaftServerConfigKeys (ConfUtils.java:logGet(44)) - raft.server.log.preallocated.size = 4194304 (custom)
2021-11-02 20:17:23,391 [pool-451-thread-1] INFO  server.RaftServerConfigKeys (ConfUtils.java:logGet(44)) - raft.server.log.force.sync.num = 128 (default)
2021-11-02 20:17:23,391 [pool-451-thread-1] INFO  server.RaftServerConfigKeys (ConfUtils.java:logGet(44)) - raft.server.log.statemachine.data.sync = true (default)
2021-11-02 20:17:23,391 [pool-451-thread-1] INFO  server.RaftServerConfigKeys (ConfUtils.java:logGet(44)) - raft.server.log.statemachine.data.sync.timeout = 10s (default)
2021-11-02 20:17:23,391 [pool-451-thread-1] INFO  server.RaftServerConfigKeys (ConfUtils.java:logGet(44)) - raft.server.log.statemachine.data.sync.timeout.retry = -1 (default)
2021-11-02 20:17:23,392 [pool-451-thread-1] INFO  server.RaftServerConfigKeys (ConfUtils.java:logGet(44)) - raft.server.log.write.buffer.size = 64KB (=65536) (default)
2021-11-02 20:17:23,392 [pool-451-thread-1] INFO  server.RaftServerConfigKeys (ConfUtils.java:logGet(44)) - raft.server.log.statemachine.data.caching.enabled = false (default)
2021-11-02 20:17:23,393 [pool-451-thread-1] INFO  server.RaftServer$Division (ServerState.java:setRaftConf(387)) - omNode-2@group-523986131536: set configuration 11: [omNode-3|rpc:localhost:10624|admin:|client:|dataStream:|priority:0, omNode-1|rpc:localhost:10612|admin:|client:|dataStream:|priority:0, omNode-2|rpc:localhost:10618|admin:|client:|dataStream:|priority:0], old=null
2021-11-02 20:17:23,393 [pool-451-thread-1] INFO  segmented.LogSegment (LogSegment.java:loadSegment(173)) - Successfully read 2 entries from segment file /home/runner/work/ozone/ozone/hadoop-ozone/integration-test/target/test-dir/MiniOzoneClusterImpl-76263e8f-62ab-412a-8766-4a189fbce95f/omNode-2/ratis/c9bc4cf4-3bc3-3c60-a66b-523986131536/current/log_11-12
2021-11-02 20:17:23,393 [pool-451-thread-1] INFO  server.RaftServer$Division (ServerState.java:setRaftConf(387)) - omNode-2@group-523986131536: set configuration 13: [omNode-3|rpc:localhost:10624|admin:|client:|dataStream:|priority:0, omNode-1|rpc:localhost:10612|admin:|client:|dataStream:|priority:0, omNode-2|rpc:localhost:10618|admin:|client:|dataStream:|priority:0], old=null
2021-11-02 20:17:23,393 [pool-451-thread-1] INFO  segmented.LogSegment (LogSegment.java:loadSegment(173)) - Successfully read 4 entries from segment file /home/runner/work/ozone/ozone/hadoop-ozone/integration-test/target/test-dir/MiniOzoneClusterImpl-76263e8f-62ab-412a-8766-4a189fbce95f/omNode-2/ratis/c9bc4cf4-3bc3-3c60-a66b-523986131536/current/log_13-16
2021-11-02 20:17:23,393 [pool-451-thread-1] INFO  server.RaftServer$Division (ServerState.java:setRaftConf(387)) - omNode-2@group-523986131536: set configuration 17: [omNode-3|rpc:localhost:10624|admin:|client:|dataStream:|priority:0, omNode-1|rpc:localhost:10612|admin:|client:|dataStream:|priority:0, omNode-2|rpc:localhost:10618|admin:|client:|dataStream:|priority:0], old=null
2021-11-02 20:17:23,393 [pool-451-thread-1] INFO  segmented.LogSegment (LogSegment.java:loadSegment(173)) - Successfully read 4 entries from segment file /home/runner/work/ozone/ozone/hadoop-ozone/integration-test/target/test-dir/MiniOzoneClusterImpl-76263e8f-62ab-412a-8766-4a189fbce95f/omNode-2/ratis/c9bc4cf4-3bc3-3c60-a66b-523986131536/current/log_17-20
2021-11-02 20:17:23,394 [pool-451-thread-1] INFO  server.RaftServer$Division (ServerState.java:setRaftConf(387)) - omNode-2@group-523986131536: set configuration 21: [omNode-3|rpc:localhost:10624|admin:|client:|dataStream:|priority:0, omNode-1|rpc:localhost:10612|admin:|client:|dataStream:|priority:0, omNode-2|rpc:localhost:10618|admin:|client:|dataStream:|priority:0], old=null
2021-11-02 20:17:23,394 [pool-451-thread-1] INFO  segmented.LogSegment (LogSegment.java:loadSegment(173)) - Successfully read 1 entries from segment file /home/runner/work/ozone/ozone/hadoop-ozone/integration-test/target/test-dir/MiniOzoneClusterImpl-76263e8f-62ab-412a-8766-4a189fbce95f/omNode-2/ratis/c9bc4cf4-3bc3-3c60-a66b-523986131536/current/log_21-21
2021-11-02 20:17:23,394 [pool-451-thread-1] INFO  server.RaftServer$Division (ServerState.java:setRaftConf(387)) - omNode-2@group-523986131536: set configuration 22: [omNode-3|rpc:localhost:10624|admin:|client:|dataStream:|priority:0, omNode-1|rpc:localhost:10612|admin:|client:|dataStream:|priority:0, omNode-2|rpc:localhost:10618|admin:|client:|dataStream:|priority:0], old=null
2021-11-02 20:17:23,394 [pool-451-thread-1] INFO  segmented.LogSegment (LogSegment.java:loadSegment(173)) - Successfully read 4 entries from segment file /home/runner/work/ozone/ozone/hadoop-ozone/integration-test/target/test-dir/MiniOzoneClusterImpl-76263e8f-62ab-412a-8766-4a189fbce95f/omNode-2/ratis/c9bc4cf4-3bc3-3c60-a66b-523986131536/current/log_22-25
2021-11-02 20:17:23,394 [pool-451-thread-1] INFO  server.RaftServer$Division (ServerState.java:setRaftConf(387)) - omNode-2@group-523986131536: set configuration 26: [omNode-3|rpc:localhost:10624|admin:|client:|dataStream:|priority:0, omNode-1|rpc:localhost:10612|admin:|client:|dataStream:|priority:0, omNode-2|rpc:localhost:10618|admin:|client:|dataStream:|priority:0], old=null
2021-11-02 20:17:23,394 [pool-451-thread-1] INFO  segmented.LogSegment (LogSegment.java:loadSegment(173)) - Successfully read 4 entries from segment file /home/runner/work/ozone/ozone/hadoop-ozone/integration-test/target/test-dir/MiniOzoneClusterImpl-76263e8f-62ab-412a-8766-4a189fbce95f/omNode-2/ratis/c9bc4cf4-3bc3-3c60-a66b-523986131536/current/log_inprogress_26
2021-11-02 20:17:23,394 [pool-451-thread-1] INFO  segmented.SegmentedRaftLogWorker (SegmentedRaftLogWorker.java:lambda$new$0(133)) - omNode-2@group-523986131536-SegmentedRaftLogWorker: flushIndex: setUnconditionally 0 -> 29
2021-11-02 20:17:23,394 [pool-451-thread-1] INFO  segmented.SegmentedRaftLogWorker (SegmentedRaftLogWorker.java:lambda$new$0(133)) - omNode-2@group-523986131536-SegmentedRaftLogWorker: safeCacheEvictIndex: setUnconditionally 0 -> 25
2021-11-02 20:17:23,394 [pool-451-thread-1] INFO  raftlog.RaftLog (RaftLogBase.java:lambda$new$0(53)) - omNode-2@group-523986131536-SegmentedRaftLog: commitIndex: updateToMax old=29, new=28, updated? false
2021-11-02 20:17:23,394 [pool-451-thread-1] INFO  raftlog.RaftLog (RaftLogBase.java:lambda$new$0(53)) - omNode-2@group-523986131536-SegmentedRaftLog: purgeIndex: updateIncreasingly -1 -> 10
2021-11-02 20:17:23,394 [pool-451-thread-1] INFO  server.RaftServerConfigKeys (ConfUtils.java:logGet(44)) - raft.server.snapshot.auto.trigger.enabled = true (custom)
2021-11-02 20:17:23,395 [pool-451-thread-1] INFO  server.RaftServerConfigKeys (ConfUtils.java:logGet(44)) - raft.server.snapshot.auto.trigger.threshold = 50 (custom)
2021-11-02 20:17:23,395 [pool-451-thread-1] INFO  server.RaftServerConfigKeys (ConfUtils.java:logGet(44)) - raft.server.snapshot.retention.file.num = -1 (default)
2021-11-02 20:17:23,395 [pool-451-thread-1] INFO  server.RaftServerConfigKeys (ConfUtils.java:logGet(44)) - raft.server.log.purge.upto.snapshot.index = true (custom)
2021-11-02 20:17:23,395 [pool-451-thread-1] INFO  server.RaftServerConfigKeys (ConfUtils.java:logGet(44)) - raft.server.retrycache.expirytime = 30000ms (custom)
2021-11-02 20:17:23,396 [pool-451-thread-1] INFO  server.RaftServerConfigKeys (ConfUtils.java:logGet(44)) - raft.server.retrycache.statistics.expirytime = 100μs (default)
2021-11-02 20:17:23,397 [Listener at localhost/10608] INFO  server.RaftServer$Division (RaftServerImpl.java:start(301)) - omNode-2@group-523986131536: start as a follower, conf=26: [omNode-3|rpc:localhost:10624|admin:|client:|dataStream:|priority:0, omNode-1|rpc:localhost:10612|admin:|client:|dataStream:|priority:0, omNode-2|rpc:localhost:10618|admin:|client:|dataStream:|priority:0], old=null
2021-11-02 20:17:23,397 [Listener at localhost/10608] INFO  server.RaftServer$Division (RaftServerImpl.java:setRole(290)) - omNode-2@group-523986131536: changes role from      null to FOLLOWER at term 13 for startAsFollower
2021-11-02 20:17:23,397 [Listener at localhost/10608] INFO  impl.RoleInfo (RoleInfo.java:updateAndGet(130)) - omNode-2: start omNode-2@group-523986131536-FollowerState
2021-11-02 20:17:23,401 [Listener at localhost/10608] INFO  util.JmxRegister (JmxRegister.java:tryRegister(44)) - Successfully registered JMX Bean with object name Ratis:service=RaftServer,group=group-523986131536,id=omNode-2
2021-11-02 20:17:23,402 [Listener at localhost/10608] INFO  server.RaftServer (RaftServerProxy.java:lambda$start$5(374)) - omNode-2: start RPC server
2021-11-02 20:17:23,402 [Listener at localhost/10608] INFO  server.GrpcService (GrpcService.java:startImpl(253)) - omNode-2: GrpcService started, listening on 10618
2021-11-02 20:17:23,403 [org.apache.ratis.util.JvmPauseMonitor$$Lambda$523/614850410@580d00fb] INFO  util.JvmPauseMonitor (JvmPauseMonitor.java:run(103)) - JvmPauseMonitor-omNode-2: Started
2021-11-02 20:17:23,403 [Listener at localhost/10608] INFO  ipc.CallQueueManager (CallQueueManager.java:<init>(90)) - Using callQueue: class java.util.concurrent.LinkedBlockingQueue, queueCapacity: 2000, scheduler: class org.apache.hadoop.ipc.DefaultRpcScheduler, ipcBackoff: false.
2021-11-02 20:17:23,403 [Socket Reader #1 for port 10614] INFO  ipc.Server (Server.java:run(1265)) - Starting Socket Reader #1 for port 10614
2021-11-02 20:17:23,407 [Listener at localhost/10614] INFO  http.BaseHttpServer (BaseHttpServer.java:newHttpServer2BuilderForOzone(209)) - Starting Web-server for ozoneManager at: http://0.0.0.0:10616
2021-11-02 20:17:23,407 [Listener at localhost/10614] INFO  http.BaseHttpServer (BaseHttpServer.java:<init>(107)) - Hadoop Security Enabled: false Ozone Security Enabled: false Ozone HTTP Security Enabled: false 
2021-11-02 20:17:23,410 [Listener at localhost/10614] INFO  server.AuthenticationFilter (AuthenticationFilter.java:constructSecretProvider(240)) - Unable to initialize FileSignerSecretProvider, falling back to use random secrets.
2021-11-02 20:17:23,410 [Listener at localhost/10614] WARN  http.HttpRequestLog (HttpRequestLog.java:getRequestLog(103)) - Jetty request log can only be enabled using Log4j
2021-11-02 20:17:23,412 [Listener at localhost/10614] INFO  http.HttpServer2 (HttpServer2.java:addGlobalFilter(1030)) - Added global filter 'safety' (class=org.apache.hadoop.hdds.server.http.HttpServer2$QuotingInputFilter)
2021-11-02 20:17:23,412 [Listener at localhost/10614] INFO  http.HttpServer2 (HttpServer2.java:addFilter(1006)) - Added filter static_user_filter (class=org.apache.hadoop.http.lib.StaticUserWebFilter$StaticUserFilter) to context ozoneManager
2021-11-02 20:17:23,413 [Listener at localhost/10614] INFO  http.HttpServer2 (HttpServer2.java:addFilter(1014)) - Added filter static_user_filter (class=org.apache.hadoop.http.lib.StaticUserWebFilter$StaticUserFilter) to context logs
2021-11-02 20:17:23,413 [Listener at localhost/10614] INFO  http.HttpServer2 (HttpServer2.java:addFilter(1014)) - Added filter static_user_filter (class=org.apache.hadoop.http.lib.StaticUserWebFilter$StaticUserFilter) to context static
2021-11-02 20:17:23,415 [Listener at localhost/10614] INFO  http.HttpServer2 (HttpServer2.java:bindListener(1249)) - Jetty bound to port 10616
2021-11-02 20:17:23,415 [Listener at localhost/10614] INFO  server.Server (Server.java:doStart(375)) - jetty-9.4.43.v20210629; built: 2021-06-30T11:07:22.254Z; git: 526006ecfa3af7f1a27ef3a288e2bef7ea9dd7e8; jvm 1.8.0_292-b10
2021-11-02 20:17:23,418 [Listener at localhost/10614] INFO  server.session (DefaultSessionIdManager.java:doStart(334)) - DefaultSessionIdManager workerName=node0
2021-11-02 20:17:23,418 [Listener at localhost/10614] INFO  server.session (DefaultSessionIdManager.java:doStart(339)) - No SessionScavenger set, using defaults
2021-11-02 20:17:23,419 [Listener at localhost/10614] INFO  server.session (HouseKeeper.java:startScavenging(132)) - node0 Scavenging every 660000ms
2021-11-02 20:17:23,419 [Listener at localhost/10614] INFO  handler.ContextHandler (ContextHandler.java:doStart(915)) - Started o.e.j.s.ServletContextHandler@32d625b4{logs,/logs,file:///home/runner/work/ozone/ozone/hadoop-ozone/integration-test/target/log,AVAILABLE}
2021-11-02 20:17:23,419 [Listener at localhost/10614] INFO  handler.ContextHandler (ContextHandler.java:doStart(915)) - Started o.e.j.s.ServletContextHandler@54861e5b{static,/static,file:///home/runner/work/ozone/ozone/hadoop-ozone/integration-test/target/test-classes/webapps/static,AVAILABLE}
2021-11-02 20:17:23,422 [Listener at localhost/10614] INFO  handler.ContextHandler (ContextHandler.java:doStart(915)) - Started o.e.j.w.WebAppContext@1aea67{ozoneManager,/,file:///home/runner/work/ozone/ozone/hadoop-ozone/integration-test/target/test-classes/webapps/ozoneManager/,AVAILABLE}{file:/home/runner/work/ozone/ozone/hadoop-ozone/integration-test/target/test-classes/webapps/ozoneManager}
2021-11-02 20:17:23,427 [Listener at localhost/10614] INFO  server.AbstractConnector (AbstractConnector.java:doStart(331)) - Started ServerConnector@7958f802{HTTP/1.1, (http/1.1)}{0.0.0.0:10616}
2021-11-02 20:17:23,428 [Listener at localhost/10614] INFO  server.Server (Server.java:doStart(415)) - Started @530907ms
2021-11-02 20:17:23,428 [Listener at localhost/10614] WARN  impl.MetricsSystemImpl (MetricsSystemImpl.java:register(279)) - Sink prometheus already exists!
2021-11-02 20:17:23,428 [Listener at localhost/10614] INFO  http.BaseHttpServer (BaseHttpServer.java:updateConnectorAddress(329)) - HTTP server of ozoneManager listening at http://0.0.0.0:10616
2021-11-02 20:17:23,429 [IPC Server Responder] INFO  ipc.Server (Server.java:run(1507)) - IPC Server Responder: starting
2021-11-02 20:17:23,430 [IPC Server listener on 10614] INFO  ipc.Server (Server.java:run(1344)) - IPC Server listener on 10614: starting
2021-11-02 20:17:23,433 [Listener at localhost/10614] INFO  om.OzoneManager (OzoneManager.java:startTrashEmptier(1596)) - Trash Interval set to 0. Files deleted will not move to trash
2021-11-02 20:17:23,434 [org.apache.hadoop.util.JvmPauseMonitor$Monitor@189e68c1] INFO  util.JvmPauseMonitor (JvmPauseMonitor.java:run(188)) - Starting JVM pause monitor
]]></system-out>
  </testcase>
</testsuite>